<?xml version="1.0" encoding="UTF-8"?>
<testsuite xmlns:xsi="http://www.w3.org/2001/XMLSchema-instance" xsi:noNamespaceSchemaLocation="https://maven.apache.org/surefire/maven-surefire-plugin/xsd/surefire-test-report-3.0.xsd" version="3.0" name="org.apache.hadoop.fs.ozone.TestOzoneFileSystem" time="397.36" tests="172" errors="0" skipped="0" failures="3">
  <properties>
    <property name="awt.toolkit" value="sun.awt.X11.XToolkit"/>
    <property name="file.encoding.pkg" value="sun.io"/>
    <property name="java.specification.version" value="1.8"/>
    <property name="sun.cpu.isalist" value=""/>
    <property name="sun.jnu.encoding" value="UTF-8"/>
    <property name="java.class.path" value="/home/runner/work/ozone/ozone/hadoop-ozone/integration-test/target/test-classes:/home/runner/work/ozone/ozone/hadoop-ozone/integration-test/target/classes:/home/runner/.m2/repository/org/apache/ozone/ozone-common/1.4.0-SNAPSHOT/ozone-common-1.4.0-SNAPSHOT.jar:/home/runner/.m2/repository/io/grpc/grpc-netty/1.51.1/grpc-netty-1.51.1.jar:/home/runner/.m2/repository/io/grpc/grpc-core/1.51.1/grpc-core-1.51.1.jar:/home/runner/.m2/repository/com/google/android/annotations/4.1.1.4/annotations-4.1.1.4.jar:/home/runner/.m2/repository/org/codehaus/mojo/animal-sniffer-annotations/1.21/animal-sniffer-annotations-1.21.jar:/home/runner/.m2/repository/com/google/errorprone/error_prone_annotations/2.2.0/error_prone_annotations-2.2.0.jar:/home/runner/.m2/repository/io/perfmark/perfmark-api/0.25.0/perfmark-api-0.25.0.jar:/home/runner/.m2/repository/io/netty/netty-codec-http2/4.1.94.Final/netty-codec-http2-4.1.94.Final.jar:/home/runner/.m2/repository/io/netty/netty-common/4.1.94.Final/netty-common-4.1.94.Final.jar:/home/runner/.m2/repository/io/netty/netty-buffer/4.1.94.Final/netty-buffer-4.1.94.Final.jar:/home/runner/.m2/repository/io/netty/netty-codec-http/4.1.94.Final/netty-codec-http-4.1.94.Final.jar:/home/runner/.m2/repository/io/netty/netty-handler-proxy/4.1.94.Final/netty-handler-proxy-4.1.94.Final.jar:/home/runner/.m2/repository/io/netty/netty-codec-socks/4.1.94.Final/netty-codec-socks-4.1.94.Final.jar:/home/runner/.m2/repository/io/netty/netty-tcnative-boringssl-static/2.0.61.Final/netty-tcnative-boringssl-static-2.0.61.Final.jar:/home/runner/.m2/repository/io/netty/netty-tcnative-classes/2.0.61.Final/netty-tcnative-classes-2.0.61.Final.jar:/home/runner/.m2/repository/io/netty/netty-tcnative-boringssl-static/2.0.61.Final/netty-tcnative-boringssl-static-2.0.61.Final-linux-x86_64.jar:/home/runner/.m2/repository/io/netty/netty-tcnative-boringssl-static/2.0.61.Final/netty-tcnative-boringssl-static-2.0.61.Final-linux-aarch_64.jar:/home/runner/.m2/repository/io/netty/netty-tcnative-boringssl-static/2.0.61.Final/netty-tcnative-boringssl-static-2.0.61.Final-osx-x86_64.jar:/home/runner/.m2/repository/io/netty/netty-tcnative-boringssl-static/2.0.61.Final/netty-tcnative-boringssl-static-2.0.61.Final-osx-aarch_64.jar:/home/runner/.m2/repository/io/netty/netty-tcnative-boringssl-static/2.0.61.Final/netty-tcnative-boringssl-static-2.0.61.Final-windows-x86_64.jar:/home/runner/.m2/repository/org/apache/commons/commons-compress/1.21/commons-compress-1.21.jar:/home/runner/.m2/repository/org/apache/ozone/hdds-common/1.4.0-SNAPSHOT/hdds-common-1.4.0-SNAPSHOT.jar:/home/runner/.m2/repository/org/apache/ozone/hdds-client/1.4.0-SNAPSHOT/hdds-client-1.4.0-SNAPSHOT.jar:/home/runner/.m2/repository/org/apache/ozone/ozone-interface-client/1.4.0-SNAPSHOT/ozone-interface-client-1.4.0-SNAPSHOT.jar:/home/runner/.m2/repository/org/apache/hadoop/hadoop-hdfs-client/3.3.6/hadoop-hdfs-client-3.3.6.jar:/home/runner/.m2/repository/com/squareup/okhttp3/okhttp/4.9.3/okhttp-4.9.3.jar:/home/runner/.m2/repository/com/squareup/okio/okio/3.4.0/okio-3.4.0.jar:/home/runner/.m2/repository/com/squareup/okio/okio-jvm/3.4.0/okio-jvm-3.4.0.jar:/home/runner/.m2/repository/org/jetbrains/kotlin/kotlin-stdlib-jdk8/1.8.0/kotlin-stdlib-jdk8-1.8.0.jar:/home/runner/.m2/repository/org/jetbrains/kotlin/kotlin-stdlib-jdk7/1.8.0/kotlin-stdlib-jdk7-1.8.0.jar:/home/runner/.m2/repository/org/jetbrains/kotlin/kotlin-stdlib-common/1.6.21/kotlin-stdlib-common-1.6.21.jar:/home/runner/.m2/repository/org/apache/ozone/hdds-test-utils/1.4.0-SNAPSHOT/hdds-test-utils-1.4.0-SNAPSHOT.jar:/home/runner/.m2/repository/com/google/guava/guava/32.0.0-jre/guava-32.0.0-jre.jar:/home/runner/.m2/repository/com/google/guava/failureaccess/1.0.1/failureaccess-1.0.1.jar:/home/runner/.m2/repository/com/google/guava/listenablefuture/9999.0-empty-to-avoid-conflict-with-guava/listenablefuture-9999.0-empty-to-avoid-conflict-with-guava.jar:/home/runner/.m2/repository/com/google/code/findbugs/jsr305/3.0.0/jsr305-3.0.0.jar:/home/runner/.m2/repository/org/checkerframework/checker-qual/3.33.0/checker-qual-3.33.0.jar:/home/runner/.m2/repository/com/google/j2objc/j2objc-annotations/2.8/j2objc-annotations-2.8.jar:/home/runner/.m2/repository/commons-io/commons-io/2.11.0/commons-io-2.11.0.jar:/home/runner/.m2/repository/commons-logging/commons-logging/1.2/commons-logging-1.2.jar:/home/runner/.m2/repository/ch/qos/reload4j/reload4j/1.2.22/reload4j-1.2.22.jar:/home/runner/.m2/repository/org/slf4j/slf4j-api/1.7.36/slf4j-api-1.7.36.jar:/home/runner/.m2/repository/org/apache/logging/log4j/log4j-api/2.17.1/log4j-api-2.17.1.jar:/home/runner/.m2/repository/org/apache/ozone/hdds-server-scm/1.4.0-SNAPSHOT/hdds-server-scm-1.4.0-SNAPSHOT.jar:/home/runner/.m2/repository/org/apache/ozone/hdds-container-service/1.4.0-SNAPSHOT/hdds-container-service-1.4.0-SNAPSHOT.jar:/home/runner/.m2/repository/org/apache/ozone/hdds-hadoop-dependency-server/1.4.0-SNAPSHOT/hdds-hadoop-dependency-server-1.4.0-SNAPSHOT.jar:/home/runner/.m2/repository/org/apache/hadoop/hadoop-hdfs/3.3.6/hadoop-hdfs-3.3.6.jar:/home/runner/.m2/repository/commons-daemon/commons-daemon/1.0.13/commons-daemon-1.0.13.jar:/home/runner/.m2/repository/org/apache/ozone/hdds-server-framework/1.4.0-SNAPSHOT/hdds-server-framework-1.4.0-SNAPSHOT.jar:/home/runner/.m2/repository/io/dropwizard/metrics/metrics-core/3.2.4/metrics-core-3.2.4.jar:/home/runner/.m2/repository/org/apache/commons/commons-text/1.10.0/commons-text-1.10.0.jar:/home/runner/.m2/repository/org/bouncycastle/bcprov-jdk15on/1.67/bcprov-jdk15on-1.67.jar:/home/runner/.m2/repository/com/google/protobuf/protobuf-java/2.5.0/protobuf-java-2.5.0.jar:/home/runner/.m2/repository/org/apache/ozone/hdds-server-framework/1.4.0-SNAPSHOT/hdds-server-framework-1.4.0-SNAPSHOT-tests.jar:/home/runner/.m2/repository/org/apache/ozone/hdds-interface-server/1.4.0-SNAPSHOT/hdds-interface-server-1.4.0-SNAPSHOT.jar:/home/runner/.m2/repository/org/apache/ozone/hdds-interface-admin/1.4.0-SNAPSHOT/hdds-interface-admin-1.4.0-SNAPSHOT.jar:/home/runner/.m2/repository/org/apache/ozone/hdds-managed-rocksdb/1.4.0-SNAPSHOT/hdds-managed-rocksdb-1.4.0-SNAPSHOT.jar:/home/runner/.m2/repository/org/rocksdb/rocksdbjni/7.7.3/rocksdbjni-7.7.3.jar:/home/runner/.m2/repository/org/slf4j/slf4j-reload4j/1.7.36/slf4j-reload4j-1.7.36.jar:/home/runner/.m2/repository/org/apache/commons/commons-configuration2/2.1.1/commons-configuration2-2.1.1.jar:/home/runner/.m2/repository/commons-fileupload/commons-fileupload/1.5/commons-fileupload-1.5.jar:/home/runner/.m2/repository/org/apache/logging/log4j/log4j-core/2.17.1/log4j-core-2.17.1.jar:/home/runner/.m2/repository/com/lmax/disruptor/3.4.2/disruptor-3.4.2.jar:/home/runner/.m2/repository/org/eclipse/jetty/jetty-util/9.4.51.v20230217/jetty-util-9.4.51.v20230217.jar:/home/runner/.m2/repository/org/eclipse/jetty/jetty-server/9.4.51.v20230217/jetty-server-9.4.51.v20230217.jar:/home/runner/.m2/repository/org/eclipse/jetty/jetty-http/9.4.51.v20230217/jetty-http-9.4.51.v20230217.jar:/home/runner/.m2/repository/org/eclipse/jetty/jetty-io/9.4.51.v20230217/jetty-io-9.4.51.v20230217.jar:/home/runner/.m2/repository/org/eclipse/jetty/jetty-servlet/9.4.51.v20230217/jetty-servlet-9.4.51.v20230217.jar:/home/runner/.m2/repository/org/eclipse/jetty/jetty-security/9.4.51.v20230217/jetty-security-9.4.51.v20230217.jar:/home/runner/.m2/repository/org/eclipse/jetty/jetty-util-ajax/9.4.51.v20230217/jetty-util-ajax-9.4.51.v20230217.jar:/home/runner/.m2/repository/org/eclipse/jetty/jetty-webapp/9.4.51.v20230217/jetty-webapp-9.4.51.v20230217.jar:/home/runner/.m2/repository/org/eclipse/jetty/jetty-xml/9.4.51.v20230217/jetty-xml-9.4.51.v20230217.jar:/home/runner/.m2/repository/org/apache/ratis/ratis-server/2.5.1/ratis-server-2.5.1.jar:/home/runner/.m2/repository/org/apache/ratis/ratis-thirdparty-misc/1.0.4/ratis-thirdparty-misc-1.0.4.jar:/home/runner/.m2/repository/org/apache/ratis/ratis-proto/2.5.1/ratis-proto-2.5.1.jar:/home/runner/.m2/repository/org/apache/ratis/ratis-common/2.5.1/ratis-common-2.5.1.jar:/home/runner/.m2/repository/org/apache/ratis/ratis-client/2.5.1/ratis-client-2.5.1.jar:/home/runner/.m2/repository/org/apache/ratis/ratis-server-api/2.5.1/ratis-server-api-2.5.1.jar:/home/runner/.m2/repository/org/apache/ratis/ratis-metrics/2.5.1/ratis-metrics-2.5.1.jar:/home/runner/.m2/repository/io/prometheus/simpleclient_dropwizard/0.7.0/simpleclient_dropwizard-0.7.0.jar:/home/runner/.m2/repository/io/prometheus/simpleclient/0.7.0/simpleclient-0.7.0.jar:/home/runner/.m2/repository/io/prometheus/simpleclient_common/0.7.0/simpleclient_common-0.7.0.jar:/home/runner/.m2/repository/com/fasterxml/jackson/datatype/jackson-datatype-jsr310/2.13.4/jackson-datatype-jsr310-2.13.4.jar:/home/runner/.m2/repository/com/fasterxml/jackson/core/jackson-core/2.13.4/jackson-core-2.13.4.jar:/home/runner/.m2/repository/com/github/spotbugs/spotbugs-annotations/3.1.12/spotbugs-annotations-3.1.12.jar:/home/runner/.m2/repository/org/apache/ozone/rocksdb-checkpoint-differ/1.4.0-SNAPSHOT/rocksdb-checkpoint-differ-1.4.0-SNAPSHOT.jar:/home/runner/.m2/repository/org/jgrapht/jgrapht-core/1.0.1/jgrapht-core-1.0.1.jar:/home/runner/.m2/repository/org/jgrapht/jgrapht-ext/1.0.1/jgrapht-ext-1.0.1.jar:/home/runner/.m2/repository/org/tinyjee/jgraphx/jgraphx/2.0.0.1/jgraphx-2.0.0.1.jar:/home/runner/.m2/repository/jgraph/jgraph/5.13.0.0/jgraph-5.13.0.0.jar:/home/runner/.m2/repository/org/antlr/antlr4-runtime/4.5.3/antlr4-runtime-4.5.3.jar:/home/runner/.m2/repository/org/awaitility/awaitility/4.2.0/awaitility-4.2.0.jar:/home/runner/.m2/repository/org/hamcrest/hamcrest/2.1/hamcrest-2.1.jar:/home/runner/.m2/repository/org/apache/ozone/ozone-manager/1.4.0-SNAPSHOT/ozone-manager-1.4.0-SNAPSHOT.jar:/home/runner/.m2/repository/org/aspectj/aspectjrt/1.9.7/aspectjrt-1.9.7.jar:/home/runner/.m2/repository/org/aspectj/aspectjweaver/1.9.7/aspectjweaver-1.9.7.jar:/home/runner/.m2/repository/org/apache/ozone/hdds-interface-client/1.4.0-SNAPSHOT/hdds-interface-client-1.4.0-SNAPSHOT.jar:/home/runner/.m2/repository/org/apache/hadoop/thirdparty/hadoop-shaded-protobuf_3_7/1.1.1/hadoop-shaded-protobuf_3_7-1.1.1.jar:/home/runner/.m2/repository/org/apache/ozone/ozone-interface-storage/1.4.0-SNAPSHOT/ozone-interface-storage-1.4.0-SNAPSHOT.jar:/home/runner/.m2/repository/org/reflections/reflections/0.9.11/reflections-0.9.11.jar:/home/runner/.m2/repository/com/sun/jersey/jersey-client/1.19/jersey-client-1.19.jar:/home/runner/.m2/repository/org/codehaus/jackson/jackson-core-asl/1.9.13/jackson-core-asl-1.9.13.jar:/home/runner/.m2/repository/org/codehaus/jackson/jackson-mapper-asl/1.9.13/jackson-mapper-asl-1.9.13.jar:/home/runner/.m2/repository/org/codehaus/jackson/jackson-jaxrs/1.9.13/jackson-jaxrs-1.9.13.jar:/home/runner/.m2/repository/org/apache/ranger/ranger-intg/2.3.0/ranger-intg-2.3.0.jar:/home/runner/.m2/repository/org/apache/ranger/ranger-plugins-common/2.3.0/ranger-plugins-common-2.3.0.jar:/home/runner/.m2/repository/commons-lang/commons-lang/2.6/commons-lang-2.6.jar:/home/runner/.m2/repository/org/apache/ranger/ranger-plugins-cred/2.3.0/ranger-plugins-cred-2.3.0.jar:/home/runner/.m2/repository/org/apache/ranger/ranger-plugins-audit/2.3.0/ranger-plugins-audit-2.3.0.jar:/home/runner/.m2/repository/org/eclipse/jetty/jetty-client/9.4.51.v20230217/jetty-client-9.4.51.v20230217.jar:/home/runner/.m2/repository/org/apache/httpcomponents/httpmime/4.5.6/httpmime-4.5.6.jar:/home/runner/.m2/repository/org/apache/httpcomponents/httpcore-nio/4.4.13/httpcore-nio-4.4.13.jar:/home/runner/.m2/repository/org/apache/httpcomponents/httpasyncclient/4.1.3/httpasyncclient-4.1.3.jar:/home/runner/.m2/repository/com/carrotsearch/hppc/0.8.0/hppc-0.8.0.jar:/home/runner/.m2/repository/org/apache/orc/orc-core/1.5.8/orc-core-1.5.8.jar:/home/runner/.m2/repository/net/java/dev/jna/jna/5.2.0/jna-5.2.0.jar:/home/runner/.m2/repository/net/java/dev/jna/jna-platform/5.2.0/jna-platform-5.2.0.jar:/home/runner/.m2/repository/com/kstruct/gethostname4j/0.0.2/gethostname4j-0.0.2.jar:/home/runner/.m2/repository/org/apache/ranger/ranger-plugin-classloader/2.3.0/ranger-plugin-classloader-2.3.0.jar:/home/runner/.m2/repository/org/apache/ozone/hdds-rocks-native/1.4.0-SNAPSHOT/hdds-rocks-native-1.4.0-SNAPSHOT.jar:/home/runner/.m2/repository/org/apache/hadoop/hadoop-minikdc/3.3.6/hadoop-minikdc-3.3.6.jar:/home/runner/.m2/repository/org/apache/kerby/kerb-simplekdc/1.0.1/kerb-simplekdc-1.0.1.jar:/home/runner/.m2/repository/org/apache/kerby/kerb-client/1.0.1/kerb-client-1.0.1.jar:/home/runner/.m2/repository/org/apache/kerby/kerby-config/1.0.1/kerby-config-1.0.1.jar:/home/runner/.m2/repository/org/apache/kerby/kerb-common/1.0.1/kerb-common-1.0.1.jar:/home/runner/.m2/repository/org/apache/kerby/kerb-crypto/1.0.1/kerb-crypto-1.0.1.jar:/home/runner/.m2/repository/org/apache/kerby/kerb-util/1.0.1/kerb-util-1.0.1.jar:/home/runner/.m2/repository/org/apache/kerby/token-provider/1.0.1/token-provider-1.0.1.jar:/home/runner/.m2/repository/org/apache/kerby/kerb-admin/1.0.1/kerb-admin-1.0.1.jar:/home/runner/.m2/repository/org/apache/kerby/kerb-server/1.0.1/kerb-server-1.0.1.jar:/home/runner/.m2/repository/org/apache/kerby/kerb-identity/1.0.1/kerb-identity-1.0.1.jar:/home/runner/.m2/repository/org/apache/kerby/kerby-xdr/1.0.1/kerby-xdr-1.0.1.jar:/home/runner/.m2/repository/org/apache/ozone/ozone-s3gateway/1.4.0-SNAPSHOT/ozone-s3gateway-1.4.0-SNAPSHOT.jar:/home/runner/.m2/repository/org/javassist/javassist/3.21.0-GA/javassist-3.21.0-GA.jar:/home/runner/.m2/repository/org/jboss/weld/servlet/weld-servlet-shaded/3.1.9.Final/weld-servlet-shaded-3.1.9.Final.jar:/home/runner/.m2/repository/org/glassfish/jersey/containers/jersey-container-servlet-core/2.34/jersey-container-servlet-core-2.34.jar:/home/runner/.m2/repository/org/glassfish/hk2/external/jakarta.inject/2.6.1/jakarta.inject-2.6.1.jar:/home/runner/.m2/repository/org/glassfish/jersey/core/jersey-common/2.34/jersey-common-2.34.jar:/home/runner/.m2/repository/jakarta/ws/rs/jakarta.ws.rs-api/2.1.6/jakarta.ws.rs-api-2.1.6.jar:/home/runner/.m2/repository/org/glassfish/jersey/ext/cdi/jersey-cdi1x/2.34/jersey-cdi1x-2.34.jar:/home/runner/.m2/repository/org/glassfish/jersey/inject/jersey-hk2/2.34/jersey-hk2-2.34.jar:/home/runner/.m2/repository/org/glassfish/hk2/hk2-locator/2.6.1/hk2-locator-2.6.1.jar:/home/runner/.m2/repository/org/glassfish/jersey/media/jersey-media-jaxb/2.34/jersey-media-jaxb-2.34.jar:/home/runner/.m2/repository/org/glassfish/hk2/osgi-resource-locator/1.0.3/osgi-resource-locator-1.0.3.jar:/home/runner/.m2/repository/org/glassfish/hk2/hk2-api/2.5.0/hk2-api-2.5.0.jar:/home/runner/.m2/repository/org/glassfish/hk2/hk2-utils/2.5.0/hk2-utils-2.5.0.jar:/home/runner/.m2/repository/org/glassfish/hk2/external/aopalliance-repackaged/2.5.0/aopalliance-repackaged-2.5.0.jar:/home/runner/.m2/repository/com/fasterxml/jackson/dataformat/jackson-dataformat-xml/2.13.4/jackson-dataformat-xml-2.13.4.jar:/home/runner/.m2/repository/org/codehaus/woodstox/stax2-api/4.2.1/stax2-api-4.2.1.jar:/home/runner/.m2/repository/com/fasterxml/woodstox/woodstox-core/5.4.0/woodstox-core-5.4.0.jar:/home/runner/.m2/repository/com/fasterxml/jackson/module/jackson-module-jaxb-annotations/2.13.4/jackson-module-jaxb-annotations-2.13.4.jar:/home/runner/.m2/repository/jakarta/xml/bind/jakarta.xml.bind-api/2.3.3/jakarta.xml.bind-api-2.3.3.jar:/home/runner/.m2/repository/jakarta/activation/jakarta.activation-api/1.2.2/jakarta.activation-api-1.2.2.jar:/home/runner/.m2/repository/javax/enterprise/cdi-api/2.0/cdi-api-2.0.jar:/home/runner/.m2/repository/javax/el/javax.el-api/3.0.0/javax.el-api-3.0.0.jar:/home/runner/.m2/repository/javax/interceptor/javax.interceptor-api/1.2/javax.interceptor-api-1.2.jar:/home/runner/.m2/repository/javax/inject/javax.inject/1/javax.inject-1.jar:/home/runner/.m2/repository/javax/xml/bind/jaxb-api/2.3.0/jaxb-api-2.3.0.jar:/home/runner/.m2/repository/org/glassfish/jaxb/jaxb-runtime/2.3.0.1/jaxb-runtime-2.3.0.1.jar:/home/runner/.m2/repository/org/glassfish/jaxb/jaxb-core/2.3.0.1/jaxb-core-2.3.0.1.jar:/home/runner/.m2/repository/org/glassfish/jaxb/txw2/2.3.0.1/txw2-2.3.0.1.jar:/home/runner/.m2/repository/com/sun/istack/istack-commons-runtime/3.0.5/istack-commons-runtime-3.0.5.jar:/home/runner/.m2/repository/org/jvnet/staxex/stax-ex/1.7.8/stax-ex-1.7.8.jar:/home/runner/.m2/repository/com/sun/xml/fastinfoset/FastInfoset/1.2.13/FastInfoset-1.2.13.jar:/home/runner/.m2/repository/javax/activation/activation/1.1.1/activation-1.1.1.jar:/home/runner/.m2/repository/io/grpc/grpc-protobuf/1.51.1/grpc-protobuf-1.51.1.jar:/home/runner/.m2/repository/com/google/api/grpc/proto-google-common-protos/2.9.0/proto-google-common-protos-2.9.0.jar:/home/runner/.m2/repository/io/grpc/grpc-protobuf-lite/1.51.1/grpc-protobuf-lite-1.51.1.jar:/home/runner/.m2/repository/io/grpc/grpc-stub/1.51.1/grpc-stub-1.51.1.jar:/home/runner/.m2/repository/io/netty/netty-transport/4.1.94.Final/netty-transport-4.1.94.Final.jar:/home/runner/.m2/repository/io/netty/netty-resolver/4.1.94.Final/netty-resolver-4.1.94.Final.jar:/home/runner/.m2/repository/org/apache/ozone/ozone-csi/1.4.0-SNAPSHOT/ozone-csi-1.4.0-SNAPSHOT.jar:/home/runner/.m2/repository/com/google/protobuf/protobuf-java-util/3.19.6/protobuf-java-util-3.19.6.jar:/home/runner/.m2/repository/com/google/code/gson/gson/2.9.0/gson-2.9.0.jar:/home/runner/.m2/repository/org/apache/ozone/hdds-config/1.4.0-SNAPSHOT/hdds-config-1.4.0-SNAPSHOT.jar:/home/runner/.m2/repository/io/netty/netty-transport-native-epoll/4.1.94.Final/netty-transport-native-epoll-4.1.94.Final-linux-x86_64.jar:/home/runner/.m2/repository/io/netty/netty-transport-classes-epoll/4.1.94.Final/netty-transport-classes-epoll-4.1.94.Final.jar:/home/runner/.m2/repository/io/netty/netty-transport-native-unix-common/4.1.94.Final/netty-transport-native-unix-common-4.1.94.Final.jar:/home/runner/.m2/repository/org/apache/ozone/ozone-recon/1.4.0-SNAPSHOT/ozone-recon-1.4.0-SNAPSHOT.jar:/home/runner/.m2/repository/org/apache/ozone/ozone-reconcodegen/1.4.0-SNAPSHOT/ozone-reconcodegen-1.4.0-SNAPSHOT.jar:/home/runner/.m2/repository/com/google/inject/guice/5.1.0/guice-5.1.0.jar:/home/runner/.m2/repository/aopalliance/aopalliance/1.0/aopalliance-1.0.jar:/home/runner/.m2/repository/com/google/inject/extensions/guice-assistedinject/5.1.0/guice-assistedinject-5.1.0.jar:/home/runner/.m2/repository/com/google/inject/extensions/guice-servlet/5.1.0/guice-servlet-5.1.0.jar:/home/runner/.m2/repository/org/glassfish/jersey/containers/jersey-container-servlet/2.34/jersey-container-servlet-2.34.jar:/home/runner/.m2/repository/org/glassfish/hk2/guice-bridge/2.5.0/guice-bridge-2.5.0.jar:/home/runner/.m2/repository/org/glassfish/jersey/core/jersey-server/2.34/jersey-server-2.34.jar:/home/runner/.m2/repository/org/glassfish/jersey/core/jersey-client/2.34/jersey-client-2.34.jar:/home/runner/.m2/repository/jakarta/annotation/jakarta.annotation-api/1.3.5/jakarta.annotation-api-1.3.5.jar:/home/runner/.m2/repository/jakarta/validation/jakarta.validation-api/2.0.2/jakarta.validation-api-2.0.2.jar:/home/runner/.m2/repository/org/glassfish/jersey/media/jersey-media-json-jackson/2.34/jersey-media-json-jackson-2.34.jar:/home/runner/.m2/repository/org/glassfish/jersey/ext/jersey-entity-filtering/2.34/jersey-entity-filtering-2.34.jar:/home/runner/.m2/repository/org/jooq/jooq/3.11.10/jooq-3.11.10.jar:/home/runner/.m2/repository/org/jooq/jooq-meta/3.11.10/jooq-meta-3.11.10.jar:/home/runner/.m2/repository/org/jooq/jooq-codegen/3.11.10/jooq-codegen-3.11.10.jar:/home/runner/.m2/repository/com/jolbox/bonecp/0.8.0.RELEASE/bonecp-0.8.0.RELEASE.jar:/home/runner/.m2/repository/org/apache/derby/derby/10.14.2.0/derby-10.14.2.0.jar:/home/runner/.m2/repository/org/xerial/sqlite-jdbc/3.41.2.2/sqlite-jdbc-3.41.2.2.jar:/home/runner/.m2/repository/org/springframework/spring-jdbc/5.3.27/spring-jdbc-5.3.27.jar:/home/runner/.m2/repository/org/springframework/spring-beans/5.3.27/spring-beans-5.3.27.jar:/home/runner/.m2/repository/org/springframework/spring-core/5.3.27/spring-core-5.3.27.jar:/home/runner/.m2/repository/org/springframework/spring-tx/5.3.27/spring-tx-5.3.27.jar:/home/runner/.m2/repository/org/apache/ozone/ozone-client/1.4.0-SNAPSHOT/ozone-client-1.4.0-SNAPSHOT.jar:/home/runner/.m2/repository/org/apache/ozone/hdds-erasurecode/1.4.0-SNAPSHOT/hdds-erasurecode-1.4.0-SNAPSHOT.jar:/home/runner/.m2/repository/org/apache/ozone/ozone-filesystem/1.4.0-SNAPSHOT/ozone-filesystem-1.4.0-SNAPSHOT.jar:/home/runner/.m2/repository/org/apache/ozone/ozone-filesystem-common/1.4.0-SNAPSHOT/ozone-filesystem-common-1.4.0-SNAPSHOT.jar:/home/runner/.m2/repository/org/apache/ozone/ozone-tools/1.4.0-SNAPSHOT/ozone-tools-1.4.0-SNAPSHOT.jar:/home/runner/.m2/repository/com/amazonaws/aws-java-sdk-core/1.12.261/aws-java-sdk-core-1.12.261.jar:/home/runner/.m2/repository/org/apache/httpcomponents/httpclient/4.5.13/httpclient-4.5.13.jar:/home/runner/.m2/repository/org/apache/httpcomponents/httpcore/4.4.13/httpcore-4.4.13.jar:/home/runner/.m2/repository/software/amazon/ion/ion-java/1.0.2/ion-java-1.0.2.jar:/home/runner/.m2/repository/com/fasterxml/jackson/dataformat/jackson-dataformat-cbor/2.13.4/jackson-dataformat-cbor-2.13.4.jar:/home/runner/.m2/repository/joda-time/joda-time/2.10.6/joda-time-2.10.6.jar:/home/runner/.m2/repository/com/amazonaws/aws-java-sdk-s3/1.12.261/aws-java-sdk-s3-1.12.261.jar:/home/runner/.m2/repository/com/amazonaws/aws-java-sdk-kms/1.12.261/aws-java-sdk-kms-1.12.261.jar:/home/runner/.m2/repository/com/amazonaws/jmespath-java/1.12.261/jmespath-java-1.12.261.jar:/home/runner/.m2/repository/org/kohsuke/metainf-services/metainf-services/1.8/metainf-services-1.8.jar:/home/runner/.m2/repository/org/apache/ozone/hdds-tools/1.4.0-SNAPSHOT/hdds-tools-1.4.0-SNAPSHOT.jar:/home/runner/.m2/repository/org/apache/ratis/ratis-tools/2.5.1/ratis-tools-2.5.1.jar:/home/runner/.m2/repository/commons-cli/commons-cli/1.2/commons-cli-1.2.jar:/home/runner/.m2/repository/org/apache/commons/commons-lang3/3.7/commons-lang3-3.7.jar:/home/runner/.m2/repository/org/apache/ozone/ozone-manager/1.4.0-SNAPSHOT/ozone-manager-1.4.0-SNAPSHOT-tests.jar:/home/runner/.m2/repository/org/apache/ozone/hdds-common/1.4.0-SNAPSHOT/hdds-common-1.4.0-SNAPSHOT-tests.jar:/home/runner/.m2/repository/org/apache/ozone/hdds-hadoop-dependency-client/1.4.0-SNAPSHOT/hdds-hadoop-dependency-client-1.4.0-SNAPSHOT.jar:/home/runner/.m2/repository/info/picocli/picocli/4.6.1/picocli-4.6.1.jar:/home/runner/.m2/repository/com/fasterxml/jackson/core/jackson-annotations/2.13.4/jackson-annotations-2.13.4.jar:/home/runner/.m2/repository/org/apache/ozone/hdds-annotation-processing/1.4.0-SNAPSHOT/hdds-annotation-processing-1.4.0-SNAPSHOT.jar:/home/runner/.m2/repository/javax/annotation/javax.annotation-api/1.2/javax.annotation-api-1.2.jar:/home/runner/.m2/repository/org/apache/ratis/ratis-netty/2.5.1/ratis-netty-2.5.1.jar:/home/runner/.m2/repository/org/apache/ratis/ratis-grpc/2.5.1/ratis-grpc-2.5.1.jar:/home/runner/.m2/repository/org/apache/commons/commons-pool2/2.6.0/commons-pool2-2.6.0.jar:/home/runner/.m2/repository/org/bouncycastle/bcpkix-jdk15on/1.67/bcpkix-jdk15on-1.67.jar:/home/runner/.m2/repository/commons-validator/commons-validator/1.6/commons-validator-1.6.jar:/home/runner/.m2/repository/commons-beanutils/commons-beanutils/1.9.4/commons-beanutils-1.9.4.jar:/home/runner/.m2/repository/commons-digester/commons-digester/1.8.1/commons-digester-1.8.1.jar:/home/runner/.m2/repository/commons-collections/commons-collections/3.2.2/commons-collections-3.2.2.jar:/home/runner/.m2/repository/io/jaegertracing/jaeger-client/1.6.0/jaeger-client-1.6.0.jar:/home/runner/.m2/repository/io/jaegertracing/jaeger-thrift/1.6.0/jaeger-thrift-1.6.0.jar:/home/runner/.m2/repository/org/apache/thrift/libthrift/0.14.1/libthrift-0.14.1.jar:/home/runner/.m2/repository/io/jaegertracing/jaeger-core/1.6.0/jaeger-core-1.6.0.jar:/home/runner/.m2/repository/io/jaegertracing/jaeger-tracerresolver/1.6.0/jaeger-tracerresolver-1.6.0.jar:/home/runner/.m2/repository/io/opentracing/contrib/opentracing-tracerresolver/0.1.8/opentracing-tracerresolver-0.1.8.jar:/home/runner/.m2/repository/org/jetbrains/kotlin/kotlin-stdlib/1.6.21/kotlin-stdlib-1.6.21.jar:/home/runner/.m2/repository/org/jetbrains/annotations/13.0/annotations-13.0.jar:/home/runner/.m2/repository/io/opentracing/opentracing-util/0.33.0/opentracing-util-0.33.0.jar:/home/runner/.m2/repository/io/opentracing/opentracing-api/0.33.0/opentracing-api-0.33.0.jar:/home/runner/.m2/repository/io/opentracing/opentracing-noop/0.33.0/opentracing-noop-0.33.0.jar:/home/runner/.m2/repository/org/yaml/snakeyaml/2.0/snakeyaml-2.0.jar:/home/runner/.m2/repository/io/grpc/grpc-api/1.51.1/grpc-api-1.51.1.jar:/home/runner/.m2/repository/io/grpc/grpc-context/1.51.1/grpc-context-1.51.1.jar:/home/runner/.m2/repository/junit/junit/4.13.1/junit-4.13.1.jar:/home/runner/.m2/repository/org/hamcrest/hamcrest-core/1.3/hamcrest-core-1.3.jar:/home/runner/.m2/repository/org/junit/jupiter/junit-jupiter-api/5.8.2/junit-jupiter-api-5.8.2.jar:/home/runner/.m2/repository/org/opentest4j/opentest4j/1.2.0/opentest4j-1.2.0.jar:/home/runner/.m2/repository/org/junit/platform/junit-platform-commons/1.8.2/junit-platform-commons-1.8.2.jar:/home/runner/.m2/repository/org/apiguardian/apiguardian-api/1.1.2/apiguardian-api-1.1.2.jar:/home/runner/.m2/repository/org/junit/jupiter/junit-jupiter-params/5.8.2/junit-jupiter-params-5.8.2.jar:/home/runner/.m2/repository/org/junit/jupiter/junit-jupiter-migrationsupport/5.8.2/junit-jupiter-migrationsupport-5.8.2.jar:/home/runner/.m2/repository/org/junit/jupiter/junit-jupiter-engine/5.8.2/junit-jupiter-engine-5.8.2.jar:/home/runner/.m2/repository/org/junit/platform/junit-platform-engine/1.8.2/junit-platform-engine-1.8.2.jar:/home/runner/.m2/repository/org/junit/vintage/junit-vintage-engine/5.8.2/junit-vintage-engine-5.8.2.jar:/home/runner/.m2/repository/org/junit/platform/junit-platform-launcher/1.8.2/junit-platform-launcher-1.8.2.jar:/home/runner/.m2/repository/org/mockito/mockito-core/3.5.9/mockito-core-3.5.9.jar:/home/runner/.m2/repository/net/bytebuddy/byte-buddy/1.10.13/byte-buddy-1.10.13.jar:/home/runner/.m2/repository/net/bytebuddy/byte-buddy-agent/1.10.13/byte-buddy-agent-1.10.13.jar:/home/runner/.m2/repository/org/objenesis/objenesis/1.0/objenesis-1.0.jar:/home/runner/.m2/repository/org/apache/hadoop/hadoop-kms/3.3.6/hadoop-kms-3.3.6.jar:/home/runner/.m2/repository/org/apache/hadoop/hadoop-auth/3.3.6/hadoop-auth-3.3.6.jar:/home/runner/.m2/repository/com/nimbusds/nimbus-jose-jwt/9.8.1/nimbus-jose-jwt-9.8.1.jar:/home/runner/.m2/repository/com/github/stephenc/jcip/jcip-annotations/1.0-1/jcip-annotations-1.0-1.jar:/home/runner/.m2/repository/org/apache/zookeeper/zookeeper/3.5.6/zookeeper-3.5.6.jar:/home/runner/.m2/repository/org/apache/zookeeper/zookeeper-jute/3.5.6/zookeeper-jute-3.5.6.jar:/home/runner/.m2/repository/org/apache/yetus/audience-annotations/0.5.0/audience-annotations-0.5.0.jar:/home/runner/.m2/repository/org/apache/curator/curator-framework/4.2.0/curator-framework-4.2.0.jar:/home/runner/.m2/repository/org/apache/hadoop/thirdparty/hadoop-shaded-guava/1.1.1/hadoop-shaded-guava-1.1.1.jar:/home/runner/.m2/repository/com/sun/jersey/jersey-core/1.19/jersey-core-1.19.jar:/home/runner/.m2/repository/javax/ws/rs/jsr311-api/1.1.1/jsr311-api-1.1.1.jar:/home/runner/.m2/repository/com/sun/jersey/jersey-server/1.19/jersey-server-1.19.jar:/home/runner/.m2/repository/javax/servlet/javax.servlet-api/3.1.0/javax.servlet-api-3.1.0.jar:/home/runner/.m2/repository/org/apache/hadoop/hadoop-common/3.3.6/hadoop-common-3.3.6.jar:/home/runner/.m2/repository/org/apache/commons/commons-math3/3.1.1/commons-math3-3.1.1.jar:/home/runner/.m2/repository/commons-net/commons-net/3.9.0/commons-net-3.9.0.jar:/home/runner/.m2/repository/com/sun/jersey/jersey-servlet/1.19/jersey-servlet-1.19.jar:/home/runner/.m2/repository/com/github/pjfanning/jersey-json/1.20/jersey-json-1.20.jar:/home/runner/.m2/repository/org/codehaus/jettison/jettison/1.1/jettison-1.1.jar:/home/runner/.m2/repository/com/sun/xml/bind/jaxb-impl/2.2.3-1/jaxb-impl-2.2.3-1.jar:/home/runner/.m2/repository/com/google/re2j/re2j/1.1/re2j-1.1.jar:/home/runner/.m2/repository/com/jcraft/jsch/0.1.54/jsch-0.1.54.jar:/home/runner/.m2/repository/org/apache/curator/curator-client/4.2.0/curator-client-4.2.0.jar:/home/runner/.m2/repository/org/apache/curator/curator-recipes/5.2.0/curator-recipes-5.2.0.jar:/home/runner/.m2/repository/org/apache/kerby/kerb-core/1.0.1/kerb-core-1.0.1.jar:/home/runner/.m2/repository/org/apache/kerby/kerby-pkix/1.0.1/kerby-pkix-1.0.1.jar:/home/runner/.m2/repository/org/apache/kerby/kerby-asn1/1.0.1/kerby-asn1-1.0.1.jar:/home/runner/.m2/repository/org/apache/kerby/kerby-util/1.0.1/kerby-util-1.0.1.jar:/home/runner/.m2/repository/dnsjava/dnsjava/2.1.7/dnsjava-2.1.7.jar:/home/runner/.m2/repository/org/xerial/snappy/snappy-java/1.1.8.2/snappy-java-1.1.8.2.jar:/home/runner/.m2/repository/com/fasterxml/jackson/core/jackson-databind/2.13.4.2/jackson-databind-2.13.4.2.jar:/home/runner/.m2/repository/org/apache/hadoop/hadoop-kms/3.3.6/hadoop-kms-3.3.6-tests.jar:/home/runner/.m2/repository/org/apache/ozone/hdds-server-scm/1.4.0-SNAPSHOT/hdds-server-scm-1.4.0-SNAPSHOT-tests.jar:/home/runner/.m2/repository/org/apache/ozone/hdds-container-service/1.4.0-SNAPSHOT/hdds-container-service-1.4.0-SNAPSHOT-tests.jar:/home/runner/.m2/repository/com/github/luben/zstd-jni/1.5.2-5/zstd-jni-1.5.2-5.jar:/home/runner/.m2/repository/commons-codec/commons-codec/1.15/commons-codec-1.15.jar:/home/runner/.m2/repository/io/netty/netty-codec/4.1.94.Final/netty-codec-4.1.94.Final.jar:/home/runner/.m2/repository/io/netty/netty-handler/4.1.94.Final/netty-handler-4.1.94.Final.jar:/home/runner/.m2/repository/org/apache/ozone/hdds-hadoop-dependency-test/1.4.0-SNAPSHOT/hdds-hadoop-dependency-test-1.4.0-SNAPSHOT.jar:/home/runner/.m2/repository/org/apache/hadoop/hadoop-common/3.3.6/hadoop-common-3.3.6-tests.jar:/home/runner/.m2/repository/org/apache/hadoop/hadoop-hdfs/3.3.6/hadoop-hdfs-3.3.6-tests.jar:/home/runner/.m2/repository/org/assertj/assertj-core/3.12.2/assertj-core-3.12.2.jar:/home/runner/.m2/repository/org/apache/hadoop/hadoop-distcp/3.3.6/hadoop-distcp-3.3.6.jar:/home/runner/.m2/repository/org/apache/hadoop/hadoop-mapreduce-client-jobclient/3.3.6/hadoop-mapreduce-client-jobclient-3.3.6.jar:/home/runner/.m2/repository/org/apache/hadoop/hadoop-mapreduce-client-common/3.3.6/hadoop-mapreduce-client-common-3.3.6.jar:/home/runner/.m2/repository/org/apache/hadoop/hadoop-yarn-common/3.3.6/hadoop-yarn-common-3.3.6.jar:/home/runner/.m2/repository/org/apache/hadoop/hadoop-yarn-api/3.3.6/hadoop-yarn-api-3.3.6.jar:/home/runner/.m2/repository/com/sun/jersey/contribs/jersey-guice/1.19/jersey-guice-1.19.jar:/home/runner/.m2/repository/com/fasterxml/jackson/jaxrs/jackson-jaxrs-json-provider/2.13.4/jackson-jaxrs-json-provider-2.13.4.jar:/home/runner/.m2/repository/com/fasterxml/jackson/jaxrs/jackson-jaxrs-base/2.13.4/jackson-jaxrs-base-2.13.4.jar:/home/runner/.m2/repository/org/apache/hadoop/hadoop-yarn-client/3.3.6/hadoop-yarn-client-3.3.6.jar:/home/runner/.m2/repository/org/eclipse/jetty/websocket/websocket-client/9.4.51.v20230217/websocket-client-9.4.51.v20230217.jar:/home/runner/.m2/repository/org/eclipse/jetty/websocket/websocket-common/9.4.51.v20230217/websocket-common-9.4.51.v20230217.jar:/home/runner/.m2/repository/org/eclipse/jetty/websocket/websocket-api/9.4.51.v20230217/websocket-api-9.4.51.v20230217.jar:/home/runner/.m2/repository/org/jline/jline/3.9.0/jline-3.9.0.jar:/home/runner/.m2/repository/org/apache/hadoop/hadoop-mapreduce-client-core/3.3.6/hadoop-mapreduce-client-core-3.3.6.jar:/home/runner/.m2/repository/org/apache/avro/avro/1.7.7/avro-1.7.7.jar:/home/runner/.m2/repository/com/thoughtworks/paranamer/paranamer/2.3/paranamer-2.3.jar:/home/runner/.m2/repository/org/apache/hadoop/hadoop-annotations/3.3.6/hadoop-annotations-3.3.6.jar:/usr/lib/jvm/temurin-8-jdk-amd64/jre/../lib/tools.jar:/home/runner/.m2/repository/io/netty/netty/3.10.6.Final/netty-3.10.6.Final.jar:/home/runner/.m2/repository/org/apache/hadoop/hadoop-distcp/3.3.6/hadoop-distcp-3.3.6-tests.jar:/home/runner/.m2/repository/org/slf4j/jul-to-slf4j/1.7.36/jul-to-slf4j-1.7.36.jar:"/>
    <property name="java.vm.vendor" value="Temurin"/>
    <property name="sun.arch.data.model" value="64"/>
    <property name="test.build.dir" value="/home/runner/work/ozone/ozone/hadoop-ozone/integration-test/target/test-dir"/>
    <property name="test.cache.data" value=""/>
    <property name="java.vendor.url" value="https://adoptium.net/"/>
    <property name="user.timezone" value="Etc/UTC"/>
    <property name="java.vm.specification.version" value="1.8"/>
    <property name="os.name" value="Linux"/>
    <property name="test.build.data" value="/home/runner/work/ozone/ozone/hadoop-ozone/integration-test/target/test-dir"/>
    <property name="sun.java.launcher" value="SUN_STANDARD"/>
    <property name="sun.boot.library.path" value="/usr/lib/jvm/temurin-8-jdk-amd64/jre/lib/amd64"/>
    <property name="sun.java.command" value="/home/runner/work/ozone/ozone/hadoop-ozone/integration-test/target/surefire/surefirebooter986418261086856900.jar /home/runner/work/ozone/ozone/hadoop-ozone/integration-test/target/surefire 2023-09-07T04-45-04_811-jvmRun1 surefire7923437838897962514tmp surefire_43084828926100586549tmp"/>
    <property name="native.lib.tmp.dir" value="/tmp"/>
    <property name="surefire.test.class.path" value="/home/runner/work/ozone/ozone/hadoop-ozone/integration-test/target/test-classes:/home/runner/work/ozone/ozone/hadoop-ozone/integration-test/target/classes:/home/runner/.m2/repository/org/apache/ozone/ozone-common/1.4.0-SNAPSHOT/ozone-common-1.4.0-SNAPSHOT.jar:/home/runner/.m2/repository/io/grpc/grpc-netty/1.51.1/grpc-netty-1.51.1.jar:/home/runner/.m2/repository/io/grpc/grpc-core/1.51.1/grpc-core-1.51.1.jar:/home/runner/.m2/repository/com/google/android/annotations/4.1.1.4/annotations-4.1.1.4.jar:/home/runner/.m2/repository/org/codehaus/mojo/animal-sniffer-annotations/1.21/animal-sniffer-annotations-1.21.jar:/home/runner/.m2/repository/com/google/errorprone/error_prone_annotations/2.2.0/error_prone_annotations-2.2.0.jar:/home/runner/.m2/repository/io/perfmark/perfmark-api/0.25.0/perfmark-api-0.25.0.jar:/home/runner/.m2/repository/io/netty/netty-codec-http2/4.1.94.Final/netty-codec-http2-4.1.94.Final.jar:/home/runner/.m2/repository/io/netty/netty-common/4.1.94.Final/netty-common-4.1.94.Final.jar:/home/runner/.m2/repository/io/netty/netty-buffer/4.1.94.Final/netty-buffer-4.1.94.Final.jar:/home/runner/.m2/repository/io/netty/netty-codec-http/4.1.94.Final/netty-codec-http-4.1.94.Final.jar:/home/runner/.m2/repository/io/netty/netty-handler-proxy/4.1.94.Final/netty-handler-proxy-4.1.94.Final.jar:/home/runner/.m2/repository/io/netty/netty-codec-socks/4.1.94.Final/netty-codec-socks-4.1.94.Final.jar:/home/runner/.m2/repository/io/netty/netty-tcnative-boringssl-static/2.0.61.Final/netty-tcnative-boringssl-static-2.0.61.Final.jar:/home/runner/.m2/repository/io/netty/netty-tcnative-classes/2.0.61.Final/netty-tcnative-classes-2.0.61.Final.jar:/home/runner/.m2/repository/io/netty/netty-tcnative-boringssl-static/2.0.61.Final/netty-tcnative-boringssl-static-2.0.61.Final-linux-x86_64.jar:/home/runner/.m2/repository/io/netty/netty-tcnative-boringssl-static/2.0.61.Final/netty-tcnative-boringssl-static-2.0.61.Final-linux-aarch_64.jar:/home/runner/.m2/repository/io/netty/netty-tcnative-boringssl-static/2.0.61.Final/netty-tcnative-boringssl-static-2.0.61.Final-osx-x86_64.jar:/home/runner/.m2/repository/io/netty/netty-tcnative-boringssl-static/2.0.61.Final/netty-tcnative-boringssl-static-2.0.61.Final-osx-aarch_64.jar:/home/runner/.m2/repository/io/netty/netty-tcnative-boringssl-static/2.0.61.Final/netty-tcnative-boringssl-static-2.0.61.Final-windows-x86_64.jar:/home/runner/.m2/repository/org/apache/commons/commons-compress/1.21/commons-compress-1.21.jar:/home/runner/.m2/repository/org/apache/ozone/hdds-common/1.4.0-SNAPSHOT/hdds-common-1.4.0-SNAPSHOT.jar:/home/runner/.m2/repository/org/apache/ozone/hdds-client/1.4.0-SNAPSHOT/hdds-client-1.4.0-SNAPSHOT.jar:/home/runner/.m2/repository/org/apache/ozone/ozone-interface-client/1.4.0-SNAPSHOT/ozone-interface-client-1.4.0-SNAPSHOT.jar:/home/runner/.m2/repository/org/apache/hadoop/hadoop-hdfs-client/3.3.6/hadoop-hdfs-client-3.3.6.jar:/home/runner/.m2/repository/com/squareup/okhttp3/okhttp/4.9.3/okhttp-4.9.3.jar:/home/runner/.m2/repository/com/squareup/okio/okio/3.4.0/okio-3.4.0.jar:/home/runner/.m2/repository/com/squareup/okio/okio-jvm/3.4.0/okio-jvm-3.4.0.jar:/home/runner/.m2/repository/org/jetbrains/kotlin/kotlin-stdlib-jdk8/1.8.0/kotlin-stdlib-jdk8-1.8.0.jar:/home/runner/.m2/repository/org/jetbrains/kotlin/kotlin-stdlib-jdk7/1.8.0/kotlin-stdlib-jdk7-1.8.0.jar:/home/runner/.m2/repository/org/jetbrains/kotlin/kotlin-stdlib-common/1.6.21/kotlin-stdlib-common-1.6.21.jar:/home/runner/.m2/repository/org/apache/ozone/hdds-test-utils/1.4.0-SNAPSHOT/hdds-test-utils-1.4.0-SNAPSHOT.jar:/home/runner/.m2/repository/com/google/guava/guava/32.0.0-jre/guava-32.0.0-jre.jar:/home/runner/.m2/repository/com/google/guava/failureaccess/1.0.1/failureaccess-1.0.1.jar:/home/runner/.m2/repository/com/google/guava/listenablefuture/9999.0-empty-to-avoid-conflict-with-guava/listenablefuture-9999.0-empty-to-avoid-conflict-with-guava.jar:/home/runner/.m2/repository/com/google/code/findbugs/jsr305/3.0.0/jsr305-3.0.0.jar:/home/runner/.m2/repository/org/checkerframework/checker-qual/3.33.0/checker-qual-3.33.0.jar:/home/runner/.m2/repository/com/google/j2objc/j2objc-annotations/2.8/j2objc-annotations-2.8.jar:/home/runner/.m2/repository/commons-io/commons-io/2.11.0/commons-io-2.11.0.jar:/home/runner/.m2/repository/commons-logging/commons-logging/1.2/commons-logging-1.2.jar:/home/runner/.m2/repository/ch/qos/reload4j/reload4j/1.2.22/reload4j-1.2.22.jar:/home/runner/.m2/repository/org/slf4j/slf4j-api/1.7.36/slf4j-api-1.7.36.jar:/home/runner/.m2/repository/org/apache/logging/log4j/log4j-api/2.17.1/log4j-api-2.17.1.jar:/home/runner/.m2/repository/org/apache/ozone/hdds-server-scm/1.4.0-SNAPSHOT/hdds-server-scm-1.4.0-SNAPSHOT.jar:/home/runner/.m2/repository/org/apache/ozone/hdds-container-service/1.4.0-SNAPSHOT/hdds-container-service-1.4.0-SNAPSHOT.jar:/home/runner/.m2/repository/org/apache/ozone/hdds-hadoop-dependency-server/1.4.0-SNAPSHOT/hdds-hadoop-dependency-server-1.4.0-SNAPSHOT.jar:/home/runner/.m2/repository/org/apache/hadoop/hadoop-hdfs/3.3.6/hadoop-hdfs-3.3.6.jar:/home/runner/.m2/repository/commons-daemon/commons-daemon/1.0.13/commons-daemon-1.0.13.jar:/home/runner/.m2/repository/org/apache/ozone/hdds-server-framework/1.4.0-SNAPSHOT/hdds-server-framework-1.4.0-SNAPSHOT.jar:/home/runner/.m2/repository/io/dropwizard/metrics/metrics-core/3.2.4/metrics-core-3.2.4.jar:/home/runner/.m2/repository/org/apache/commons/commons-text/1.10.0/commons-text-1.10.0.jar:/home/runner/.m2/repository/org/bouncycastle/bcprov-jdk15on/1.67/bcprov-jdk15on-1.67.jar:/home/runner/.m2/repository/com/google/protobuf/protobuf-java/2.5.0/protobuf-java-2.5.0.jar:/home/runner/.m2/repository/org/apache/ozone/hdds-server-framework/1.4.0-SNAPSHOT/hdds-server-framework-1.4.0-SNAPSHOT-tests.jar:/home/runner/.m2/repository/org/apache/ozone/hdds-interface-server/1.4.0-SNAPSHOT/hdds-interface-server-1.4.0-SNAPSHOT.jar:/home/runner/.m2/repository/org/apache/ozone/hdds-interface-admin/1.4.0-SNAPSHOT/hdds-interface-admin-1.4.0-SNAPSHOT.jar:/home/runner/.m2/repository/org/apache/ozone/hdds-managed-rocksdb/1.4.0-SNAPSHOT/hdds-managed-rocksdb-1.4.0-SNAPSHOT.jar:/home/runner/.m2/repository/org/rocksdb/rocksdbjni/7.7.3/rocksdbjni-7.7.3.jar:/home/runner/.m2/repository/org/slf4j/slf4j-reload4j/1.7.36/slf4j-reload4j-1.7.36.jar:/home/runner/.m2/repository/org/apache/commons/commons-configuration2/2.1.1/commons-configuration2-2.1.1.jar:/home/runner/.m2/repository/commons-fileupload/commons-fileupload/1.5/commons-fileupload-1.5.jar:/home/runner/.m2/repository/org/apache/logging/log4j/log4j-core/2.17.1/log4j-core-2.17.1.jar:/home/runner/.m2/repository/com/lmax/disruptor/3.4.2/disruptor-3.4.2.jar:/home/runner/.m2/repository/org/eclipse/jetty/jetty-util/9.4.51.v20230217/jetty-util-9.4.51.v20230217.jar:/home/runner/.m2/repository/org/eclipse/jetty/jetty-server/9.4.51.v20230217/jetty-server-9.4.51.v20230217.jar:/home/runner/.m2/repository/org/eclipse/jetty/jetty-http/9.4.51.v20230217/jetty-http-9.4.51.v20230217.jar:/home/runner/.m2/repository/org/eclipse/jetty/jetty-io/9.4.51.v20230217/jetty-io-9.4.51.v20230217.jar:/home/runner/.m2/repository/org/eclipse/jetty/jetty-servlet/9.4.51.v20230217/jetty-servlet-9.4.51.v20230217.jar:/home/runner/.m2/repository/org/eclipse/jetty/jetty-security/9.4.51.v20230217/jetty-security-9.4.51.v20230217.jar:/home/runner/.m2/repository/org/eclipse/jetty/jetty-util-ajax/9.4.51.v20230217/jetty-util-ajax-9.4.51.v20230217.jar:/home/runner/.m2/repository/org/eclipse/jetty/jetty-webapp/9.4.51.v20230217/jetty-webapp-9.4.51.v20230217.jar:/home/runner/.m2/repository/org/eclipse/jetty/jetty-xml/9.4.51.v20230217/jetty-xml-9.4.51.v20230217.jar:/home/runner/.m2/repository/org/apache/ratis/ratis-server/2.5.1/ratis-server-2.5.1.jar:/home/runner/.m2/repository/org/apache/ratis/ratis-thirdparty-misc/1.0.4/ratis-thirdparty-misc-1.0.4.jar:/home/runner/.m2/repository/org/apache/ratis/ratis-proto/2.5.1/ratis-proto-2.5.1.jar:/home/runner/.m2/repository/org/apache/ratis/ratis-common/2.5.1/ratis-common-2.5.1.jar:/home/runner/.m2/repository/org/apache/ratis/ratis-client/2.5.1/ratis-client-2.5.1.jar:/home/runner/.m2/repository/org/apache/ratis/ratis-server-api/2.5.1/ratis-server-api-2.5.1.jar:/home/runner/.m2/repository/org/apache/ratis/ratis-metrics/2.5.1/ratis-metrics-2.5.1.jar:/home/runner/.m2/repository/io/prometheus/simpleclient_dropwizard/0.7.0/simpleclient_dropwizard-0.7.0.jar:/home/runner/.m2/repository/io/prometheus/simpleclient/0.7.0/simpleclient-0.7.0.jar:/home/runner/.m2/repository/io/prometheus/simpleclient_common/0.7.0/simpleclient_common-0.7.0.jar:/home/runner/.m2/repository/com/fasterxml/jackson/datatype/jackson-datatype-jsr310/2.13.4/jackson-datatype-jsr310-2.13.4.jar:/home/runner/.m2/repository/com/fasterxml/jackson/core/jackson-core/2.13.4/jackson-core-2.13.4.jar:/home/runner/.m2/repository/com/github/spotbugs/spotbugs-annotations/3.1.12/spotbugs-annotations-3.1.12.jar:/home/runner/.m2/repository/org/apache/ozone/rocksdb-checkpoint-differ/1.4.0-SNAPSHOT/rocksdb-checkpoint-differ-1.4.0-SNAPSHOT.jar:/home/runner/.m2/repository/org/jgrapht/jgrapht-core/1.0.1/jgrapht-core-1.0.1.jar:/home/runner/.m2/repository/org/jgrapht/jgrapht-ext/1.0.1/jgrapht-ext-1.0.1.jar:/home/runner/.m2/repository/org/tinyjee/jgraphx/jgraphx/2.0.0.1/jgraphx-2.0.0.1.jar:/home/runner/.m2/repository/jgraph/jgraph/5.13.0.0/jgraph-5.13.0.0.jar:/home/runner/.m2/repository/org/antlr/antlr4-runtime/4.5.3/antlr4-runtime-4.5.3.jar:/home/runner/.m2/repository/org/awaitility/awaitility/4.2.0/awaitility-4.2.0.jar:/home/runner/.m2/repository/org/hamcrest/hamcrest/2.1/hamcrest-2.1.jar:/home/runner/.m2/repository/org/apache/ozone/ozone-manager/1.4.0-SNAPSHOT/ozone-manager-1.4.0-SNAPSHOT.jar:/home/runner/.m2/repository/org/aspectj/aspectjrt/1.9.7/aspectjrt-1.9.7.jar:/home/runner/.m2/repository/org/aspectj/aspectjweaver/1.9.7/aspectjweaver-1.9.7.jar:/home/runner/.m2/repository/org/apache/ozone/hdds-interface-client/1.4.0-SNAPSHOT/hdds-interface-client-1.4.0-SNAPSHOT.jar:/home/runner/.m2/repository/org/apache/hadoop/thirdparty/hadoop-shaded-protobuf_3_7/1.1.1/hadoop-shaded-protobuf_3_7-1.1.1.jar:/home/runner/.m2/repository/org/apache/ozone/ozone-interface-storage/1.4.0-SNAPSHOT/ozone-interface-storage-1.4.0-SNAPSHOT.jar:/home/runner/.m2/repository/org/reflections/reflections/0.9.11/reflections-0.9.11.jar:/home/runner/.m2/repository/com/sun/jersey/jersey-client/1.19/jersey-client-1.19.jar:/home/runner/.m2/repository/org/codehaus/jackson/jackson-core-asl/1.9.13/jackson-core-asl-1.9.13.jar:/home/runner/.m2/repository/org/codehaus/jackson/jackson-mapper-asl/1.9.13/jackson-mapper-asl-1.9.13.jar:/home/runner/.m2/repository/org/codehaus/jackson/jackson-jaxrs/1.9.13/jackson-jaxrs-1.9.13.jar:/home/runner/.m2/repository/org/apache/ranger/ranger-intg/2.3.0/ranger-intg-2.3.0.jar:/home/runner/.m2/repository/org/apache/ranger/ranger-plugins-common/2.3.0/ranger-plugins-common-2.3.0.jar:/home/runner/.m2/repository/commons-lang/commons-lang/2.6/commons-lang-2.6.jar:/home/runner/.m2/repository/org/apache/ranger/ranger-plugins-cred/2.3.0/ranger-plugins-cred-2.3.0.jar:/home/runner/.m2/repository/org/apache/ranger/ranger-plugins-audit/2.3.0/ranger-plugins-audit-2.3.0.jar:/home/runner/.m2/repository/org/eclipse/jetty/jetty-client/9.4.51.v20230217/jetty-client-9.4.51.v20230217.jar:/home/runner/.m2/repository/org/apache/httpcomponents/httpmime/4.5.6/httpmime-4.5.6.jar:/home/runner/.m2/repository/org/apache/httpcomponents/httpcore-nio/4.4.13/httpcore-nio-4.4.13.jar:/home/runner/.m2/repository/org/apache/httpcomponents/httpasyncclient/4.1.3/httpasyncclient-4.1.3.jar:/home/runner/.m2/repository/com/carrotsearch/hppc/0.8.0/hppc-0.8.0.jar:/home/runner/.m2/repository/org/apache/orc/orc-core/1.5.8/orc-core-1.5.8.jar:/home/runner/.m2/repository/net/java/dev/jna/jna/5.2.0/jna-5.2.0.jar:/home/runner/.m2/repository/net/java/dev/jna/jna-platform/5.2.0/jna-platform-5.2.0.jar:/home/runner/.m2/repository/com/kstruct/gethostname4j/0.0.2/gethostname4j-0.0.2.jar:/home/runner/.m2/repository/org/apache/ranger/ranger-plugin-classloader/2.3.0/ranger-plugin-classloader-2.3.0.jar:/home/runner/.m2/repository/org/apache/ozone/hdds-rocks-native/1.4.0-SNAPSHOT/hdds-rocks-native-1.4.0-SNAPSHOT.jar:/home/runner/.m2/repository/org/apache/hadoop/hadoop-minikdc/3.3.6/hadoop-minikdc-3.3.6.jar:/home/runner/.m2/repository/org/apache/kerby/kerb-simplekdc/1.0.1/kerb-simplekdc-1.0.1.jar:/home/runner/.m2/repository/org/apache/kerby/kerb-client/1.0.1/kerb-client-1.0.1.jar:/home/runner/.m2/repository/org/apache/kerby/kerby-config/1.0.1/kerby-config-1.0.1.jar:/home/runner/.m2/repository/org/apache/kerby/kerb-common/1.0.1/kerb-common-1.0.1.jar:/home/runner/.m2/repository/org/apache/kerby/kerb-crypto/1.0.1/kerb-crypto-1.0.1.jar:/home/runner/.m2/repository/org/apache/kerby/kerb-util/1.0.1/kerb-util-1.0.1.jar:/home/runner/.m2/repository/org/apache/kerby/token-provider/1.0.1/token-provider-1.0.1.jar:/home/runner/.m2/repository/org/apache/kerby/kerb-admin/1.0.1/kerb-admin-1.0.1.jar:/home/runner/.m2/repository/org/apache/kerby/kerb-server/1.0.1/kerb-server-1.0.1.jar:/home/runner/.m2/repository/org/apache/kerby/kerb-identity/1.0.1/kerb-identity-1.0.1.jar:/home/runner/.m2/repository/org/apache/kerby/kerby-xdr/1.0.1/kerby-xdr-1.0.1.jar:/home/runner/.m2/repository/org/apache/ozone/ozone-s3gateway/1.4.0-SNAPSHOT/ozone-s3gateway-1.4.0-SNAPSHOT.jar:/home/runner/.m2/repository/org/javassist/javassist/3.21.0-GA/javassist-3.21.0-GA.jar:/home/runner/.m2/repository/org/jboss/weld/servlet/weld-servlet-shaded/3.1.9.Final/weld-servlet-shaded-3.1.9.Final.jar:/home/runner/.m2/repository/org/glassfish/jersey/containers/jersey-container-servlet-core/2.34/jersey-container-servlet-core-2.34.jar:/home/runner/.m2/repository/org/glassfish/hk2/external/jakarta.inject/2.6.1/jakarta.inject-2.6.1.jar:/home/runner/.m2/repository/org/glassfish/jersey/core/jersey-common/2.34/jersey-common-2.34.jar:/home/runner/.m2/repository/jakarta/ws/rs/jakarta.ws.rs-api/2.1.6/jakarta.ws.rs-api-2.1.6.jar:/home/runner/.m2/repository/org/glassfish/jersey/ext/cdi/jersey-cdi1x/2.34/jersey-cdi1x-2.34.jar:/home/runner/.m2/repository/org/glassfish/jersey/inject/jersey-hk2/2.34/jersey-hk2-2.34.jar:/home/runner/.m2/repository/org/glassfish/hk2/hk2-locator/2.6.1/hk2-locator-2.6.1.jar:/home/runner/.m2/repository/org/glassfish/jersey/media/jersey-media-jaxb/2.34/jersey-media-jaxb-2.34.jar:/home/runner/.m2/repository/org/glassfish/hk2/osgi-resource-locator/1.0.3/osgi-resource-locator-1.0.3.jar:/home/runner/.m2/repository/org/glassfish/hk2/hk2-api/2.5.0/hk2-api-2.5.0.jar:/home/runner/.m2/repository/org/glassfish/hk2/hk2-utils/2.5.0/hk2-utils-2.5.0.jar:/home/runner/.m2/repository/org/glassfish/hk2/external/aopalliance-repackaged/2.5.0/aopalliance-repackaged-2.5.0.jar:/home/runner/.m2/repository/com/fasterxml/jackson/dataformat/jackson-dataformat-xml/2.13.4/jackson-dataformat-xml-2.13.4.jar:/home/runner/.m2/repository/org/codehaus/woodstox/stax2-api/4.2.1/stax2-api-4.2.1.jar:/home/runner/.m2/repository/com/fasterxml/woodstox/woodstox-core/5.4.0/woodstox-core-5.4.0.jar:/home/runner/.m2/repository/com/fasterxml/jackson/module/jackson-module-jaxb-annotations/2.13.4/jackson-module-jaxb-annotations-2.13.4.jar:/home/runner/.m2/repository/jakarta/xml/bind/jakarta.xml.bind-api/2.3.3/jakarta.xml.bind-api-2.3.3.jar:/home/runner/.m2/repository/jakarta/activation/jakarta.activation-api/1.2.2/jakarta.activation-api-1.2.2.jar:/home/runner/.m2/repository/javax/enterprise/cdi-api/2.0/cdi-api-2.0.jar:/home/runner/.m2/repository/javax/el/javax.el-api/3.0.0/javax.el-api-3.0.0.jar:/home/runner/.m2/repository/javax/interceptor/javax.interceptor-api/1.2/javax.interceptor-api-1.2.jar:/home/runner/.m2/repository/javax/inject/javax.inject/1/javax.inject-1.jar:/home/runner/.m2/repository/javax/xml/bind/jaxb-api/2.3.0/jaxb-api-2.3.0.jar:/home/runner/.m2/repository/org/glassfish/jaxb/jaxb-runtime/2.3.0.1/jaxb-runtime-2.3.0.1.jar:/home/runner/.m2/repository/org/glassfish/jaxb/jaxb-core/2.3.0.1/jaxb-core-2.3.0.1.jar:/home/runner/.m2/repository/org/glassfish/jaxb/txw2/2.3.0.1/txw2-2.3.0.1.jar:/home/runner/.m2/repository/com/sun/istack/istack-commons-runtime/3.0.5/istack-commons-runtime-3.0.5.jar:/home/runner/.m2/repository/org/jvnet/staxex/stax-ex/1.7.8/stax-ex-1.7.8.jar:/home/runner/.m2/repository/com/sun/xml/fastinfoset/FastInfoset/1.2.13/FastInfoset-1.2.13.jar:/home/runner/.m2/repository/javax/activation/activation/1.1.1/activation-1.1.1.jar:/home/runner/.m2/repository/io/grpc/grpc-protobuf/1.51.1/grpc-protobuf-1.51.1.jar:/home/runner/.m2/repository/com/google/api/grpc/proto-google-common-protos/2.9.0/proto-google-common-protos-2.9.0.jar:/home/runner/.m2/repository/io/grpc/grpc-protobuf-lite/1.51.1/grpc-protobuf-lite-1.51.1.jar:/home/runner/.m2/repository/io/grpc/grpc-stub/1.51.1/grpc-stub-1.51.1.jar:/home/runner/.m2/repository/io/netty/netty-transport/4.1.94.Final/netty-transport-4.1.94.Final.jar:/home/runner/.m2/repository/io/netty/netty-resolver/4.1.94.Final/netty-resolver-4.1.94.Final.jar:/home/runner/.m2/repository/org/apache/ozone/ozone-csi/1.4.0-SNAPSHOT/ozone-csi-1.4.0-SNAPSHOT.jar:/home/runner/.m2/repository/com/google/protobuf/protobuf-java-util/3.19.6/protobuf-java-util-3.19.6.jar:/home/runner/.m2/repository/com/google/code/gson/gson/2.9.0/gson-2.9.0.jar:/home/runner/.m2/repository/org/apache/ozone/hdds-config/1.4.0-SNAPSHOT/hdds-config-1.4.0-SNAPSHOT.jar:/home/runner/.m2/repository/io/netty/netty-transport-native-epoll/4.1.94.Final/netty-transport-native-epoll-4.1.94.Final-linux-x86_64.jar:/home/runner/.m2/repository/io/netty/netty-transport-classes-epoll/4.1.94.Final/netty-transport-classes-epoll-4.1.94.Final.jar:/home/runner/.m2/repository/io/netty/netty-transport-native-unix-common/4.1.94.Final/netty-transport-native-unix-common-4.1.94.Final.jar:/home/runner/.m2/repository/org/apache/ozone/ozone-recon/1.4.0-SNAPSHOT/ozone-recon-1.4.0-SNAPSHOT.jar:/home/runner/.m2/repository/org/apache/ozone/ozone-reconcodegen/1.4.0-SNAPSHOT/ozone-reconcodegen-1.4.0-SNAPSHOT.jar:/home/runner/.m2/repository/com/google/inject/guice/5.1.0/guice-5.1.0.jar:/home/runner/.m2/repository/aopalliance/aopalliance/1.0/aopalliance-1.0.jar:/home/runner/.m2/repository/com/google/inject/extensions/guice-assistedinject/5.1.0/guice-assistedinject-5.1.0.jar:/home/runner/.m2/repository/com/google/inject/extensions/guice-servlet/5.1.0/guice-servlet-5.1.0.jar:/home/runner/.m2/repository/org/glassfish/jersey/containers/jersey-container-servlet/2.34/jersey-container-servlet-2.34.jar:/home/runner/.m2/repository/org/glassfish/hk2/guice-bridge/2.5.0/guice-bridge-2.5.0.jar:/home/runner/.m2/repository/org/glassfish/jersey/core/jersey-server/2.34/jersey-server-2.34.jar:/home/runner/.m2/repository/org/glassfish/jersey/core/jersey-client/2.34/jersey-client-2.34.jar:/home/runner/.m2/repository/jakarta/annotation/jakarta.annotation-api/1.3.5/jakarta.annotation-api-1.3.5.jar:/home/runner/.m2/repository/jakarta/validation/jakarta.validation-api/2.0.2/jakarta.validation-api-2.0.2.jar:/home/runner/.m2/repository/org/glassfish/jersey/media/jersey-media-json-jackson/2.34/jersey-media-json-jackson-2.34.jar:/home/runner/.m2/repository/org/glassfish/jersey/ext/jersey-entity-filtering/2.34/jersey-entity-filtering-2.34.jar:/home/runner/.m2/repository/org/jooq/jooq/3.11.10/jooq-3.11.10.jar:/home/runner/.m2/repository/org/jooq/jooq-meta/3.11.10/jooq-meta-3.11.10.jar:/home/runner/.m2/repository/org/jooq/jooq-codegen/3.11.10/jooq-codegen-3.11.10.jar:/home/runner/.m2/repository/com/jolbox/bonecp/0.8.0.RELEASE/bonecp-0.8.0.RELEASE.jar:/home/runner/.m2/repository/org/apache/derby/derby/10.14.2.0/derby-10.14.2.0.jar:/home/runner/.m2/repository/org/xerial/sqlite-jdbc/3.41.2.2/sqlite-jdbc-3.41.2.2.jar:/home/runner/.m2/repository/org/springframework/spring-jdbc/5.3.27/spring-jdbc-5.3.27.jar:/home/runner/.m2/repository/org/springframework/spring-beans/5.3.27/spring-beans-5.3.27.jar:/home/runner/.m2/repository/org/springframework/spring-core/5.3.27/spring-core-5.3.27.jar:/home/runner/.m2/repository/org/springframework/spring-tx/5.3.27/spring-tx-5.3.27.jar:/home/runner/.m2/repository/org/apache/ozone/ozone-client/1.4.0-SNAPSHOT/ozone-client-1.4.0-SNAPSHOT.jar:/home/runner/.m2/repository/org/apache/ozone/hdds-erasurecode/1.4.0-SNAPSHOT/hdds-erasurecode-1.4.0-SNAPSHOT.jar:/home/runner/.m2/repository/org/apache/ozone/ozone-filesystem/1.4.0-SNAPSHOT/ozone-filesystem-1.4.0-SNAPSHOT.jar:/home/runner/.m2/repository/org/apache/ozone/ozone-filesystem-common/1.4.0-SNAPSHOT/ozone-filesystem-common-1.4.0-SNAPSHOT.jar:/home/runner/.m2/repository/org/apache/ozone/ozone-tools/1.4.0-SNAPSHOT/ozone-tools-1.4.0-SNAPSHOT.jar:/home/runner/.m2/repository/com/amazonaws/aws-java-sdk-core/1.12.261/aws-java-sdk-core-1.12.261.jar:/home/runner/.m2/repository/org/apache/httpcomponents/httpclient/4.5.13/httpclient-4.5.13.jar:/home/runner/.m2/repository/org/apache/httpcomponents/httpcore/4.4.13/httpcore-4.4.13.jar:/home/runner/.m2/repository/software/amazon/ion/ion-java/1.0.2/ion-java-1.0.2.jar:/home/runner/.m2/repository/com/fasterxml/jackson/dataformat/jackson-dataformat-cbor/2.13.4/jackson-dataformat-cbor-2.13.4.jar:/home/runner/.m2/repository/joda-time/joda-time/2.10.6/joda-time-2.10.6.jar:/home/runner/.m2/repository/com/amazonaws/aws-java-sdk-s3/1.12.261/aws-java-sdk-s3-1.12.261.jar:/home/runner/.m2/repository/com/amazonaws/aws-java-sdk-kms/1.12.261/aws-java-sdk-kms-1.12.261.jar:/home/runner/.m2/repository/com/amazonaws/jmespath-java/1.12.261/jmespath-java-1.12.261.jar:/home/runner/.m2/repository/org/kohsuke/metainf-services/metainf-services/1.8/metainf-services-1.8.jar:/home/runner/.m2/repository/org/apache/ozone/hdds-tools/1.4.0-SNAPSHOT/hdds-tools-1.4.0-SNAPSHOT.jar:/home/runner/.m2/repository/org/apache/ratis/ratis-tools/2.5.1/ratis-tools-2.5.1.jar:/home/runner/.m2/repository/commons-cli/commons-cli/1.2/commons-cli-1.2.jar:/home/runner/.m2/repository/org/apache/commons/commons-lang3/3.7/commons-lang3-3.7.jar:/home/runner/.m2/repository/org/apache/ozone/ozone-manager/1.4.0-SNAPSHOT/ozone-manager-1.4.0-SNAPSHOT-tests.jar:/home/runner/.m2/repository/org/apache/ozone/hdds-common/1.4.0-SNAPSHOT/hdds-common-1.4.0-SNAPSHOT-tests.jar:/home/runner/.m2/repository/org/apache/ozone/hdds-hadoop-dependency-client/1.4.0-SNAPSHOT/hdds-hadoop-dependency-client-1.4.0-SNAPSHOT.jar:/home/runner/.m2/repository/info/picocli/picocli/4.6.1/picocli-4.6.1.jar:/home/runner/.m2/repository/com/fasterxml/jackson/core/jackson-annotations/2.13.4/jackson-annotations-2.13.4.jar:/home/runner/.m2/repository/org/apache/ozone/hdds-annotation-processing/1.4.0-SNAPSHOT/hdds-annotation-processing-1.4.0-SNAPSHOT.jar:/home/runner/.m2/repository/javax/annotation/javax.annotation-api/1.2/javax.annotation-api-1.2.jar:/home/runner/.m2/repository/org/apache/ratis/ratis-netty/2.5.1/ratis-netty-2.5.1.jar:/home/runner/.m2/repository/org/apache/ratis/ratis-grpc/2.5.1/ratis-grpc-2.5.1.jar:/home/runner/.m2/repository/org/apache/commons/commons-pool2/2.6.0/commons-pool2-2.6.0.jar:/home/runner/.m2/repository/org/bouncycastle/bcpkix-jdk15on/1.67/bcpkix-jdk15on-1.67.jar:/home/runner/.m2/repository/commons-validator/commons-validator/1.6/commons-validator-1.6.jar:/home/runner/.m2/repository/commons-beanutils/commons-beanutils/1.9.4/commons-beanutils-1.9.4.jar:/home/runner/.m2/repository/commons-digester/commons-digester/1.8.1/commons-digester-1.8.1.jar:/home/runner/.m2/repository/commons-collections/commons-collections/3.2.2/commons-collections-3.2.2.jar:/home/runner/.m2/repository/io/jaegertracing/jaeger-client/1.6.0/jaeger-client-1.6.0.jar:/home/runner/.m2/repository/io/jaegertracing/jaeger-thrift/1.6.0/jaeger-thrift-1.6.0.jar:/home/runner/.m2/repository/org/apache/thrift/libthrift/0.14.1/libthrift-0.14.1.jar:/home/runner/.m2/repository/io/jaegertracing/jaeger-core/1.6.0/jaeger-core-1.6.0.jar:/home/runner/.m2/repository/io/jaegertracing/jaeger-tracerresolver/1.6.0/jaeger-tracerresolver-1.6.0.jar:/home/runner/.m2/repository/io/opentracing/contrib/opentracing-tracerresolver/0.1.8/opentracing-tracerresolver-0.1.8.jar:/home/runner/.m2/repository/org/jetbrains/kotlin/kotlin-stdlib/1.6.21/kotlin-stdlib-1.6.21.jar:/home/runner/.m2/repository/org/jetbrains/annotations/13.0/annotations-13.0.jar:/home/runner/.m2/repository/io/opentracing/opentracing-util/0.33.0/opentracing-util-0.33.0.jar:/home/runner/.m2/repository/io/opentracing/opentracing-api/0.33.0/opentracing-api-0.33.0.jar:/home/runner/.m2/repository/io/opentracing/opentracing-noop/0.33.0/opentracing-noop-0.33.0.jar:/home/runner/.m2/repository/org/yaml/snakeyaml/2.0/snakeyaml-2.0.jar:/home/runner/.m2/repository/io/grpc/grpc-api/1.51.1/grpc-api-1.51.1.jar:/home/runner/.m2/repository/io/grpc/grpc-context/1.51.1/grpc-context-1.51.1.jar:/home/runner/.m2/repository/junit/junit/4.13.1/junit-4.13.1.jar:/home/runner/.m2/repository/org/hamcrest/hamcrest-core/1.3/hamcrest-core-1.3.jar:/home/runner/.m2/repository/org/junit/jupiter/junit-jupiter-api/5.8.2/junit-jupiter-api-5.8.2.jar:/home/runner/.m2/repository/org/opentest4j/opentest4j/1.2.0/opentest4j-1.2.0.jar:/home/runner/.m2/repository/org/junit/platform/junit-platform-commons/1.8.2/junit-platform-commons-1.8.2.jar:/home/runner/.m2/repository/org/apiguardian/apiguardian-api/1.1.2/apiguardian-api-1.1.2.jar:/home/runner/.m2/repository/org/junit/jupiter/junit-jupiter-params/5.8.2/junit-jupiter-params-5.8.2.jar:/home/runner/.m2/repository/org/junit/jupiter/junit-jupiter-migrationsupport/5.8.2/junit-jupiter-migrationsupport-5.8.2.jar:/home/runner/.m2/repository/org/junit/jupiter/junit-jupiter-engine/5.8.2/junit-jupiter-engine-5.8.2.jar:/home/runner/.m2/repository/org/junit/platform/junit-platform-engine/1.8.2/junit-platform-engine-1.8.2.jar:/home/runner/.m2/repository/org/junit/vintage/junit-vintage-engine/5.8.2/junit-vintage-engine-5.8.2.jar:/home/runner/.m2/repository/org/junit/platform/junit-platform-launcher/1.8.2/junit-platform-launcher-1.8.2.jar:/home/runner/.m2/repository/org/mockito/mockito-core/3.5.9/mockito-core-3.5.9.jar:/home/runner/.m2/repository/net/bytebuddy/byte-buddy/1.10.13/byte-buddy-1.10.13.jar:/home/runner/.m2/repository/net/bytebuddy/byte-buddy-agent/1.10.13/byte-buddy-agent-1.10.13.jar:/home/runner/.m2/repository/org/objenesis/objenesis/1.0/objenesis-1.0.jar:/home/runner/.m2/repository/org/apache/hadoop/hadoop-kms/3.3.6/hadoop-kms-3.3.6.jar:/home/runner/.m2/repository/org/apache/hadoop/hadoop-auth/3.3.6/hadoop-auth-3.3.6.jar:/home/runner/.m2/repository/com/nimbusds/nimbus-jose-jwt/9.8.1/nimbus-jose-jwt-9.8.1.jar:/home/runner/.m2/repository/com/github/stephenc/jcip/jcip-annotations/1.0-1/jcip-annotations-1.0-1.jar:/home/runner/.m2/repository/org/apache/zookeeper/zookeeper/3.5.6/zookeeper-3.5.6.jar:/home/runner/.m2/repository/org/apache/zookeeper/zookeeper-jute/3.5.6/zookeeper-jute-3.5.6.jar:/home/runner/.m2/repository/org/apache/yetus/audience-annotations/0.5.0/audience-annotations-0.5.0.jar:/home/runner/.m2/repository/org/apache/curator/curator-framework/4.2.0/curator-framework-4.2.0.jar:/home/runner/.m2/repository/org/apache/hadoop/thirdparty/hadoop-shaded-guava/1.1.1/hadoop-shaded-guava-1.1.1.jar:/home/runner/.m2/repository/com/sun/jersey/jersey-core/1.19/jersey-core-1.19.jar:/home/runner/.m2/repository/javax/ws/rs/jsr311-api/1.1.1/jsr311-api-1.1.1.jar:/home/runner/.m2/repository/com/sun/jersey/jersey-server/1.19/jersey-server-1.19.jar:/home/runner/.m2/repository/javax/servlet/javax.servlet-api/3.1.0/javax.servlet-api-3.1.0.jar:/home/runner/.m2/repository/org/apache/hadoop/hadoop-common/3.3.6/hadoop-common-3.3.6.jar:/home/runner/.m2/repository/org/apache/commons/commons-math3/3.1.1/commons-math3-3.1.1.jar:/home/runner/.m2/repository/commons-net/commons-net/3.9.0/commons-net-3.9.0.jar:/home/runner/.m2/repository/com/sun/jersey/jersey-servlet/1.19/jersey-servlet-1.19.jar:/home/runner/.m2/repository/com/github/pjfanning/jersey-json/1.20/jersey-json-1.20.jar:/home/runner/.m2/repository/org/codehaus/jettison/jettison/1.1/jettison-1.1.jar:/home/runner/.m2/repository/com/sun/xml/bind/jaxb-impl/2.2.3-1/jaxb-impl-2.2.3-1.jar:/home/runner/.m2/repository/com/google/re2j/re2j/1.1/re2j-1.1.jar:/home/runner/.m2/repository/com/jcraft/jsch/0.1.54/jsch-0.1.54.jar:/home/runner/.m2/repository/org/apache/curator/curator-client/4.2.0/curator-client-4.2.0.jar:/home/runner/.m2/repository/org/apache/curator/curator-recipes/5.2.0/curator-recipes-5.2.0.jar:/home/runner/.m2/repository/org/apache/kerby/kerb-core/1.0.1/kerb-core-1.0.1.jar:/home/runner/.m2/repository/org/apache/kerby/kerby-pkix/1.0.1/kerby-pkix-1.0.1.jar:/home/runner/.m2/repository/org/apache/kerby/kerby-asn1/1.0.1/kerby-asn1-1.0.1.jar:/home/runner/.m2/repository/org/apache/kerby/kerby-util/1.0.1/kerby-util-1.0.1.jar:/home/runner/.m2/repository/dnsjava/dnsjava/2.1.7/dnsjava-2.1.7.jar:/home/runner/.m2/repository/org/xerial/snappy/snappy-java/1.1.8.2/snappy-java-1.1.8.2.jar:/home/runner/.m2/repository/com/fasterxml/jackson/core/jackson-databind/2.13.4.2/jackson-databind-2.13.4.2.jar:/home/runner/.m2/repository/org/apache/hadoop/hadoop-kms/3.3.6/hadoop-kms-3.3.6-tests.jar:/home/runner/.m2/repository/org/apache/ozone/hdds-server-scm/1.4.0-SNAPSHOT/hdds-server-scm-1.4.0-SNAPSHOT-tests.jar:/home/runner/.m2/repository/org/apache/ozone/hdds-container-service/1.4.0-SNAPSHOT/hdds-container-service-1.4.0-SNAPSHOT-tests.jar:/home/runner/.m2/repository/com/github/luben/zstd-jni/1.5.2-5/zstd-jni-1.5.2-5.jar:/home/runner/.m2/repository/commons-codec/commons-codec/1.15/commons-codec-1.15.jar:/home/runner/.m2/repository/io/netty/netty-codec/4.1.94.Final/netty-codec-4.1.94.Final.jar:/home/runner/.m2/repository/io/netty/netty-handler/4.1.94.Final/netty-handler-4.1.94.Final.jar:/home/runner/.m2/repository/org/apache/ozone/hdds-hadoop-dependency-test/1.4.0-SNAPSHOT/hdds-hadoop-dependency-test-1.4.0-SNAPSHOT.jar:/home/runner/.m2/repository/org/apache/hadoop/hadoop-common/3.3.6/hadoop-common-3.3.6-tests.jar:/home/runner/.m2/repository/org/apache/hadoop/hadoop-hdfs/3.3.6/hadoop-hdfs-3.3.6-tests.jar:/home/runner/.m2/repository/org/assertj/assertj-core/3.12.2/assertj-core-3.12.2.jar:/home/runner/.m2/repository/org/apache/hadoop/hadoop-distcp/3.3.6/hadoop-distcp-3.3.6.jar:/home/runner/.m2/repository/org/apache/hadoop/hadoop-mapreduce-client-jobclient/3.3.6/hadoop-mapreduce-client-jobclient-3.3.6.jar:/home/runner/.m2/repository/org/apache/hadoop/hadoop-mapreduce-client-common/3.3.6/hadoop-mapreduce-client-common-3.3.6.jar:/home/runner/.m2/repository/org/apache/hadoop/hadoop-yarn-common/3.3.6/hadoop-yarn-common-3.3.6.jar:/home/runner/.m2/repository/org/apache/hadoop/hadoop-yarn-api/3.3.6/hadoop-yarn-api-3.3.6.jar:/home/runner/.m2/repository/com/sun/jersey/contribs/jersey-guice/1.19/jersey-guice-1.19.jar:/home/runner/.m2/repository/com/fasterxml/jackson/jaxrs/jackson-jaxrs-json-provider/2.13.4/jackson-jaxrs-json-provider-2.13.4.jar:/home/runner/.m2/repository/com/fasterxml/jackson/jaxrs/jackson-jaxrs-base/2.13.4/jackson-jaxrs-base-2.13.4.jar:/home/runner/.m2/repository/org/apache/hadoop/hadoop-yarn-client/3.3.6/hadoop-yarn-client-3.3.6.jar:/home/runner/.m2/repository/org/eclipse/jetty/websocket/websocket-client/9.4.51.v20230217/websocket-client-9.4.51.v20230217.jar:/home/runner/.m2/repository/org/eclipse/jetty/websocket/websocket-common/9.4.51.v20230217/websocket-common-9.4.51.v20230217.jar:/home/runner/.m2/repository/org/eclipse/jetty/websocket/websocket-api/9.4.51.v20230217/websocket-api-9.4.51.v20230217.jar:/home/runner/.m2/repository/org/jline/jline/3.9.0/jline-3.9.0.jar:/home/runner/.m2/repository/org/apache/hadoop/hadoop-mapreduce-client-core/3.3.6/hadoop-mapreduce-client-core-3.3.6.jar:/home/runner/.m2/repository/org/apache/avro/avro/1.7.7/avro-1.7.7.jar:/home/runner/.m2/repository/com/thoughtworks/paranamer/paranamer/2.3/paranamer-2.3.jar:/home/runner/.m2/repository/org/apache/hadoop/hadoop-annotations/3.3.6/hadoop-annotations-3.3.6.jar:/usr/lib/jvm/temurin-8-jdk-amd64/jre/../lib/tools.jar:/home/runner/.m2/repository/io/netty/netty/3.10.6.Final/netty-3.10.6.Final.jar:/home/runner/.m2/repository/org/apache/hadoop/hadoop-distcp/3.3.6/hadoop-distcp-3.3.6-tests.jar:/home/runner/.m2/repository/org/slf4j/jul-to-slf4j/1.7.36/jul-to-slf4j-1.7.36.jar:"/>
    <property name="sun.cpu.endian" value="little"/>
    <property name="user.home" value="/home/runner"/>
    <property name="user.language" value="en"/>
    <property name="java.specification.vendor" value="Oracle Corporation"/>
    <property name="java.home" value="/usr/lib/jvm/temurin-8-jdk-amd64/jre"/>
    <property name="java.security.krb5.conf" value="/home/runner/work/ozone/ozone/hadoop-ozone/integration-test/target/test-classes/krb5.conf"/>
    <property name="basedir" value="/home/runner/work/ozone/ozone/hadoop-ozone/integration-test"/>
    <property name="file.separator" value="/"/>
    <property name="line.separator" value="&#10;"/>
    <property name="java.vm.specification.vendor" value="Oracle Corporation"/>
    <property name="java.specification.name" value="Java Platform API Specification"/>
    <property name="java.awt.graphicsenv" value="sun.awt.X11GraphicsEnvironment"/>
    <property name="skip.installnpx" value="true"/>
    <property name="surefire.real.class.path" value="/home/runner/work/ozone/ozone/hadoop-ozone/integration-test/target/surefire/surefirebooter986418261086856900.jar:/home/runner/.m2/repository/org/jacoco/org.jacoco.agent/0.8.5/org.jacoco.agent-0.8.5-runtime.jar"/>
    <property name="hadoop.log.dir" value="/home/runner/work/ozone/ozone/hadoop-ozone/integration-test/target/log"/>
    <property name="sun.boot.class.path" value="/usr/lib/jvm/temurin-8-jdk-amd64/jre/lib/resources.jar:/usr/lib/jvm/temurin-8-jdk-amd64/jre/lib/rt.jar:/usr/lib/jvm/temurin-8-jdk-amd64/jre/lib/sunrsasign.jar:/usr/lib/jvm/temurin-8-jdk-amd64/jre/lib/jsse.jar:/usr/lib/jvm/temurin-8-jdk-amd64/jre/lib/jce.jar:/usr/lib/jvm/temurin-8-jdk-amd64/jre/lib/charsets.jar:/usr/lib/jvm/temurin-8-jdk-amd64/jre/lib/jfr.jar:/usr/lib/jvm/temurin-8-jdk-amd64/jre/classes"/>
    <property name="sun.management.compiler" value="HotSpot 64-Bit Tiered Compilers"/>
    <property name="skip.npx" value="true"/>
    <property name="java.runtime.version" value="1.8.0_382-b05"/>
    <property name="java.net.preferIPv4Stack" value="true"/>
    <property name="user.name" value="runner"/>
    <property name="path.separator" value=":"/>
    <property name="java.security.egd" value="file:///dev/urandom"/>
    <property name="os.version" value="5.15.0-1045-azure"/>
    <property name="java.endorsed.dirs" value="/usr/lib/jvm/temurin-8-jdk-amd64/jre/lib/endorsed"/>
    <property name="java.runtime.name" value="OpenJDK Runtime Environment"/>
    <property name="file.encoding" value="UTF-8"/>
    <property name="java.vm.name" value="OpenJDK 64-Bit Server VM"/>
    <property name="test.build.webapps" value=""/>
    <property name="localRepository" value="/home/runner/.m2/repository"/>
    <property name="jetty.git.hash" value="b45c405e4544384de066f814ed42ae3dceacdd49"/>
    <property name="java.vendor.url.bug" value="https://github.com/adoptium/adoptium-support/issues"/>
    <property name="java.io.tmpdir" value="/tmp"/>
    <property name="require.test.libhadoop" value=""/>
    <property name="java.version" value="1.8.0_382"/>
    <property name="user.dir" value="/home/runner/work/ozone/ozone/hadoop-ozone/integration-test"/>
    <property name="os.arch" value="amd64"/>
    <property name="java.vm.specification.name" value="Java Virtual Machine Specification"/>
    <property name="test.build.classes" value="/home/runner/work/ozone/ozone/hadoop-ozone/integration-test/target/test-classes"/>
    <property name="java.awt.printerjob" value="sun.print.PSPrinterJob"/>
    <property name="sun.os.patch.level" value="unknown"/>
    <property name="org.apache.ratis.thirdparty.io.netty.allocator.useCacheForAllThreads" value="false"/>
    <property name="hadoop.tmp.dir" value="/home/runner/work/ozone/ozone/hadoop-ozone/integration-test/target/tmp"/>
    <property name="java.library.path" value="/usr/java/packages/lib/amd64:/usr/lib64:/lib64:/lib:/usr/lib"/>
    <property name="java.vm.info" value="mixed mode"/>
    <property name="java.vendor" value="Temurin"/>
    <property name="java.vm.version" value="25.382-b05"/>
    <property name="java.specification.maintenance.version" value="5"/>
    <property name="java.ext.dirs" value="/usr/lib/jvm/temurin-8-jdk-amd64/jre/lib/ext:/usr/java/packages/lib/ext"/>
    <property name="sun.io.unicode.encoding" value="UnicodeLittle"/>
    <property name="java.class.version" value="52.0"/>
  </properties>
  <testcase name="testGetTrashRoot" classname="TestOzoneFileSystem" time="25.698">
    <system-out><![CDATA[2023-09-07 04:48:06,004 [main] WARN  server.ServerUtils (ServerUtils.java:getScmDbDir(155)) - ozone.scm.db.dirs is not configured. We recommend adding this setting. Falling back to ozone.metadata.dirs instead.
2023-09-07 04:48:06,397 [main] INFO  reflections.Reflections (Reflections.java:scan(232)) - Reflections took 321 ms to scan 7 urls, producing 161 keys and 379 values 
2023-09-07 04:48:06,569 [main] WARN  server.ServerUtils (ServerUtils.java:getScmDbDir(155)) - ozone.scm.db.dirs is not configured. We recommend adding this setting. Falling back to ozone.metadata.dirs instead.
2023-09-07 04:48:06,573 [main] INFO  ha.SCMHANodeDetails (SCMHANodeDetails.java:loadSCMHAConfig(210)) - ServiceID for StorageContainerManager is null
2023-09-07 04:48:06,582 [main] WARN  ha.SCMHANodeDetails (SCMHANodeDetails.java:validateSCMHAConfig(183)) - Invalid config ozone.scm.ratis.enable. The config was not specified, but the default value true conflicts with the expected config value false. Falling back to the expected value. Current State of SCM: SCM is running in Non-HA without Ratis Ratis SCM -> Non Ratis SCM or Non HA SCM -> HA SCM is not supported
2023-09-07 04:48:06,583 [main] INFO  ha.SCMHANodeDetails (SCMHANodeDetails.java:loadSCMHAConfig(215)) - ozone.scm.default.service.id is not defined, falling back to ozone.scm.service.ids to find serviceID for StorageContainerManager if it is HA enabled cluster
2023-09-07 04:48:07,471 [main] WARN  utils.HAUtils (HAUtils.java:getMetaDir(339)) - ozone.scm.db.dirs is not configured. We recommend adding this setting. Falling back to ozone.metadata.dirs instead.
2023-09-07 04:48:07,655 [main] WARN  db.DBStoreBuilder (DBStoreBuilder.java:applyDBDefinition(166)) - ozone.scm.db.dirs is not configured. We recommend adding this setting. Falling back to ozone.metadata.dirs instead.
2023-09-07 04:48:07,972 [main] INFO  net.NodeSchemaLoader (NodeSchemaLoader.java:loadSchemaFromFile(129)) - Loading schema from [jar:file:/home/runner/.m2/repository/org/apache/ozone/hdds-common/1.4.0-SNAPSHOT/hdds-common-1.4.0-SNAPSHOT.jar!/network-topology-default.xml]
2023-09-07 04:48:07,974 [main] INFO  net.NodeSchemaLoader (NodeSchemaLoader.java:loadSchema(176)) - Loading network topology layer schema file
2023-09-07 04:48:08,028 [main] INFO  metrics.MetricRegistries (MetricRegistriesLoader.java:load(64)) - Loaded MetricRegistries class org.apache.ratis.metrics.impl.MetricRegistriesImpl
2023-09-07 04:48:08,049 [main] INFO  upgrade.AbstractLayoutVersionManager (AbstractLayoutVersionManager.java:init(83)) - Initializing Layout version manager with metadata layout = HADOOP_PRC_PORTS_IN_DATANODEDETAILS (version = 7), software layout = HADOOP_PRC_PORTS_IN_DATANODEDETAILS (version = 7)
2023-09-07 04:48:08,293 [main] INFO  ha.SequenceIdGenerator (SequenceIdGenerator.java:upgradeToSequenceId(365)) - upgrade localId to 111677748019200000
2023-09-07 04:48:08,295 [main] INFO  ha.SequenceIdGenerator (SequenceIdGenerator.java:upgradeToSequenceId(375)) - upgrade delTxnId to 0
2023-09-07 04:48:08,302 [main] INFO  ha.SequenceIdGenerator (SequenceIdGenerator.java:upgradeToSequenceId(392)) - upgrade containerId to 0
2023-09-07 04:48:08,307 [main] INFO  ha.SequenceIdGenerator (SequenceIdGenerator.java:upgradeToSequenceId(428)) - upgrade rootCertificateId to 1
2023-09-07 04:48:08,309 [main] INFO  ha.SequenceIdGenerator (SequenceIdGenerator.java:<init>(236)) - Init the HA SequenceIdGenerator.
2023-09-07 04:48:08,377 [main] WARN  server.ServerUtils (ServerUtils.java:sanitizeUserArgs(80)) - ozone.scm.stale.node.interval value = 300000 is larger than max = 100000 based on the key value of ozone.scm.heartbeat.thread.interval, reset to the max value 100000.
2023-09-07 04:48:08,378 [main] WARN  server.ServerUtils (ServerUtils.java:sanitizeUserArgs(80)) - ozone.scm.stale.node.interval value = 300000 is larger than max = 100000 based on the key value of ozone.scm.heartbeat.thread.interval, reset to the max value 100000.
2023-09-07 04:48:08,391 [main] INFO  node.SCMNodeManager (SCMNodeManager.java:<init>(157)) - Entering startup safe mode.
2023-09-07 04:48:08,418 [main] INFO  algorithms.ContainerPlacementPolicyFactory (ContainerPlacementPolicyFactory.java:getPolicyInternal(86)) - Create container placement policy of type org.apache.hadoop.hdds.scm.container.placement.algorithms.SCMContainerPlacementRackAware
2023-09-07 04:48:08,423 [main] INFO  algorithms.ContainerPlacementPolicyFactory (ContainerPlacementPolicyFactory.java:getPolicyInternal(86)) - Create container placement policy of type org.apache.hadoop.hdds.scm.container.placement.algorithms.SCMContainerPlacementRackScatter
2023-09-07 04:48:08,435 [main] INFO  pipeline.PipelineStateManagerImpl (PipelineStateManagerImpl.java:initialize(78)) - No pipeline exists in current db
2023-09-07 04:48:08,452 [main] INFO  algorithms.LeaderChoosePolicyFactory (LeaderChoosePolicyFactory.java:getPolicy(57)) - Create leader choose policy of type org.apache.hadoop.hdds.scm.pipeline.leader.choose.algorithms.MinLeaderCountChoosePolicy
2023-09-07 04:48:08,453 [main] INFO  algorithms.ContainerPlacementPolicyFactory (ContainerPlacementPolicyFactory.java:getPolicyInternal(86)) - Create container placement policy of type org.apache.hadoop.hdds.scm.container.placement.algorithms.SCMContainerPlacementRackScatter
2023-09-07 04:48:08,462 [main] INFO  ha.SCMServiceManager (SCMServiceManager.java:register(42)) - Registering service BackgroundPipelineCreator.
2023-09-07 04:48:08,463 [main] INFO  pipeline.BackgroundPipelineCreator (BackgroundPipelineCreator.java:start(124)) - Starting RatisPipelineUtilsThread.
2023-09-07 04:48:08,468 [main] INFO  BackgroundPipelineScrubber (BackgroundSCMService.java:start(68)) - Starting BackgroundPipelineScrubber Service.
2023-09-07 04:48:08,473 [main] INFO  ha.SCMServiceManager (SCMServiceManager.java:register(42)) - Registering service BackgroundPipelineScrubber.
2023-09-07 04:48:08,492 [main] INFO  ExpiredContainerReplicaOpScrubber (BackgroundSCMService.java:start(68)) - Starting ExpiredContainerReplicaOpScrubber Service.
2023-09-07 04:48:08,493 [main] INFO  ha.SCMServiceManager (SCMServiceManager.java:register(42)) - Registering service ExpiredContainerReplicaOpScrubber.
2023-09-07 04:48:08,540 [main] INFO  algorithms.PipelineChoosePolicyFactory (PipelineChoosePolicyFactory.java:createPipelineChoosePolicyFromClass(78)) - Create pipeline choose policy of type org.apache.hadoop.hdds.scm.pipeline.choose.algorithms.RandomPipelineChoosePolicy
2023-09-07 04:48:08,541 [main] INFO  algorithms.PipelineChoosePolicyFactory (PipelineChoosePolicyFactory.java:createPipelineChoosePolicyFromClass(78)) - Create pipeline choose policy of type org.apache.hadoop.hdds.scm.pipeline.choose.algorithms.RandomPipelineChoosePolicy
2023-09-07 04:48:08,581 [main] INFO  ha.SCMServiceManager (SCMServiceManager.java:register(42)) - Registering service SCMBlockDeletingService.
2023-09-07 04:48:08,687 [main] INFO  replication.ReplicationManager (ReplicationManager.java:start(291)) - Starting Replication Monitor Thread.
2023-09-07 04:48:08,689 [main] INFO  ha.SCMServiceManager (SCMServiceManager.java:register(42)) - Registering service ReplicationManager.
2023-09-07 04:48:08,693 [ReplicationMonitor] INFO  replication.ReplicationManager (ReplicationManager.java:processAll(365)) - Replication Manager is not ready to run until 3000ms after safemode exit
2023-09-07 04:48:08,708 [main] INFO  safemode.ContainerSafeModeRule (ContainerSafeModeRule.java:<init>(90)) - containers with one replica threshold count 0
2023-09-07 04:48:08,713 [main] INFO  safemode.HealthyPipelineSafeModeRule (HealthyPipelineSafeModeRule.java:initializeRule(169)) - Total pipeline count is 0, healthy pipeline threshold count is 1
2023-09-07 04:48:08,716 [main] INFO  safemode.OneReplicaPipelineSafeModeRule (OneReplicaPipelineSafeModeRule.java:initializeRule(180)) - Total pipeline count is 0, pipeline's with at least one datanode reported threshold count is 0
2023-09-07 04:48:08,784 [main] INFO  server.StorageContainerManager (StorageContainerManager.java:<init>(425)) - SCM start with adminUsers: [runner]
2023-09-07 04:48:09,285 [main] INFO  audit.AuditLogger (AuditLogger.java:refreshDebugCmdSet(126)) - Refresh DebugCmdSet for SCMAudit to [].
2023-09-07 04:48:09,331 [main] INFO  ipc.CallQueueManager (CallQueueManager.java:<init>(90)) - Using callQueue: class java.util.concurrent.LinkedBlockingQueue, queueCapacity: 2000, scheduler: class org.apache.hadoop.ipc.DefaultRpcScheduler, ipcBackoff: false.
2023-09-07 04:48:09,387 [main] INFO  ipc.Server (Server.java:<init>(1287)) - Listener at 0.0.0.0:15002
2023-09-07 04:48:09,391 [Socket Reader #1 for port 15002] INFO  ipc.Server (Server.java:run(1323)) - Starting Socket Reader #1 for port 15002
2023-09-07 04:48:09,462 [main] INFO  audit.AuditLogger (AuditLogger.java:refreshDebugCmdSet(126)) - Refresh DebugCmdSet for SCMAudit to [].
2023-09-07 04:48:09,469 [main] INFO  ipc.CallQueueManager (CallQueueManager.java:<init>(90)) - Using callQueue: class java.util.concurrent.LinkedBlockingQueue, queueCapacity: 2000, scheduler: class org.apache.hadoop.ipc.DefaultRpcScheduler, ipcBackoff: false.
2023-09-07 04:48:09,469 [main] INFO  ipc.Server (Server.java:<init>(1287)) - Listener at 0.0.0.0:15001
2023-09-07 04:48:09,470 [Socket Reader #1 for port 15001] INFO  ipc.Server (Server.java:run(1323)) - Starting Socket Reader #1 for port 15001
2023-09-07 04:48:09,524 [main] INFO  audit.AuditLogger (AuditLogger.java:refreshDebugCmdSet(126)) - Refresh DebugCmdSet for SCMAudit to [].
2023-09-07 04:48:09,559 [main] INFO  ipc.CallQueueManager (CallQueueManager.java:<init>(90)) - Using callQueue: class java.util.concurrent.LinkedBlockingQueue, queueCapacity: 2000, scheduler: class org.apache.hadoop.ipc.DefaultRpcScheduler, ipcBackoff: false.
2023-09-07 04:48:09,560 [main] INFO  ipc.Server (Server.java:<init>(1287)) - Listener at 0.0.0.0:15000
2023-09-07 04:48:09,561 [Socket Reader #1 for port 15000] INFO  ipc.Server (Server.java:run(1323)) - Starting Socket Reader #1 for port 15000
2023-09-07 04:48:09,654 [main] INFO  ha.SCMServiceManager (SCMServiceManager.java:register(42)) - Registering service ContainerBalancer.
2023-09-07 04:48:09,654 [main] INFO  server.StorageContainerManager (StorageContainerManager.java:<init>(438)) - 
Container Balancer status:
Key                            Value
Running                        false
Container Balancer Configuration values:
Key                                                Value
Threshold                                          10
Max Datanodes to Involve per Iteration(percent)    20
Max Size to Move per Iteration                     500GB
Max Size Entering Target per Iteration             26GB
Max Size Leaving Source per Iteration              26GB

2023-09-07 04:48:09,655 [main] INFO  ha.SCMContext (SCMContext.java:updateSafeModeStatus(228)) - Update SafeModeStatus from SafeModeStatus{safeModeStatus=true, preCheckPassed=false} to SafeModeStatus{safeModeStatus=true, preCheckPassed=false}.
2023-09-07 04:48:09,659 [main] INFO  server.StorageContainerManager (StorageContainerManager.java:start(1483)) - StorageContainerLocationProtocol RPC server is listening at /0.0.0.0:15000
2023-09-07 04:48:09,804 [main] WARN  impl.MetricsConfig (MetricsConfig.java:loadFirst(136)) - Cannot locate configuration: tried hadoop-metrics2-storagecontainermanager.properties,hadoop-metrics2.properties
2023-09-07 04:48:09,833 [main] INFO  impl.MetricsSystemImpl (MetricsSystemImpl.java:startTimer(378)) - Scheduled Metric snapshot period at 10 second(s).
2023-09-07 04:48:09,834 [main] INFO  impl.MetricsSystemImpl (MetricsSystemImpl.java:start(191)) - StorageContainerManager metrics system started
2023-09-07 04:48:10,247 [main] INFO  server.SCMClientProtocolServer (SCMClientProtocolServer.java:start(201)) - RPC server for Client  is listening at /0.0.0.0:15000
2023-09-07 04:48:10,248 [IPC Server Responder] INFO  ipc.Server (Server.java:run(1562)) - IPC Server Responder: starting
2023-09-07 04:48:10,251 [IPC Server listener on 15000] INFO  ipc.Server (Server.java:run(1402)) - IPC Server listener on 15000: starting
2023-09-07 04:48:10,271 [main] INFO  server.StorageContainerManager (StorageContainerManager.java:start(1496)) - ScmBlockLocationProtocol RPC server is listening at /0.0.0.0:15001
2023-09-07 04:48:10,272 [main] INFO  server.SCMBlockProtocolServer (SCMBlockProtocolServer.java:start(152)) - RPC server for Block Protocol is listening at /0.0.0.0:15001
2023-09-07 04:48:10,288 [IPC Server Responder] INFO  ipc.Server (Server.java:run(1562)) - IPC Server Responder: starting
2023-09-07 04:48:10,288 [IPC Server listener on 15001] INFO  ipc.Server (Server.java:run(1402)) - IPC Server listener on 15001: starting
2023-09-07 04:48:10,315 [main] INFO  server.SCMDatanodeProtocolServer (SCMDatanodeProtocolServer.java:start(193)) - ScmDatanodeProtocol RPC server for DataNodes is listening at /0.0.0.0:15002
2023-09-07 04:48:10,316 [IPC Server Responder] INFO  ipc.Server (Server.java:run(1562)) - IPC Server Responder: starting
2023-09-07 04:48:10,316 [IPC Server listener on 15002] INFO  ipc.Server (Server.java:run(1402)) - IPC Server listener on 15002: starting
2023-09-07 04:48:10,346 [JvmPauseMonitor0] INFO  util.JvmPauseMonitor (JvmPauseMonitor.java:run(103)) - JvmPauseMonitor-cf34871c-a3cd-4b6c-bcb6-169af604bff3: Started
2023-09-07 04:48:10,362 [main] INFO  http.BaseHttpServer (BaseHttpServer.java:newHttpServer2BuilderForOzone(223)) - Starting Web-server for scm at: http://0.0.0.0:15003
2023-09-07 04:48:10,363 [main] INFO  http.BaseHttpServer (BaseHttpServer.java:<init>(110)) - Hadoop Security Enabled: false Ozone Security Enabled: false Ozone HTTP Security Enabled: false 
2023-09-07 04:48:10,400 [main] INFO  util.log (Log.java:initialized(170)) - Logging initialized @6463ms to org.eclipse.jetty.util.log.Slf4jLog
2023-09-07 04:48:10,522 [main] WARN  server.AuthenticationFilter (AuthenticationFilter.java:constructSecretProvider(240)) - Unable to initialize FileSignerSecretProvider, falling back to use random secrets. Reason: Could not read signature secret file: /home/runner/hadoop-http-auth-signature-secret
2023-09-07 04:48:10,530 [main] INFO  http.HttpRequestLog (HttpRequestLog.java:getRequestLog(86)) - Http request log for http.requests.scm is not defined
2023-09-07 04:48:10,538 [main] INFO  http.HttpServer2 (HttpServer2.java:addGlobalFilter(1031)) - Added global filter 'safety' (class=org.apache.hadoop.hdds.server.http.HttpServer2$QuotingInputFilter)
2023-09-07 04:48:10,541 [main] INFO  http.HttpServer2 (HttpServer2.java:addFilter(1007)) - Added filter static_user_filter (class=org.apache.hadoop.http.lib.StaticUserWebFilter$StaticUserFilter) to context scm
2023-09-07 04:48:10,541 [main] INFO  http.HttpServer2 (HttpServer2.java:addFilter(1015)) - Added filter static_user_filter (class=org.apache.hadoop.http.lib.StaticUserWebFilter$StaticUserFilter) to context logs
2023-09-07 04:48:10,541 [main] INFO  http.HttpServer2 (HttpServer2.java:addFilter(1015)) - Added filter static_user_filter (class=org.apache.hadoop.http.lib.StaticUserWebFilter$StaticUserFilter) to context static
2023-09-07 04:48:10,591 [main] INFO  http.BaseHttpServer (BaseHttpServer.java:<init>(189)) - HTTP server of scm uses base directory /home/runner/work/ozone/ozone/hadoop-ozone/integration-test/target/test-dir/MiniOzoneClusterImpl-34c981b6-280a-47ca-b885-362eca6d2b46/ozone-meta/webserver
2023-09-07 04:48:10,592 [main] INFO  http.HttpServer2 (HttpServer2.java:bindListener(1231)) - Jetty bound to port 15003
2023-09-07 04:48:10,594 [main] INFO  server.Server (Server.java:doStart(375)) - jetty-9.4.51.v20230217; built: 2023-02-17T08:19:37.309Z; git: b45c405e4544384de066f814ed42ae3dceacdd49; jvm 1.8.0_382-b05
2023-09-07 04:48:10,644 [main] INFO  server.session (DefaultSessionIdManager.java:doStart(334)) - DefaultSessionIdManager workerName=node0
2023-09-07 04:48:10,644 [main] INFO  server.session (DefaultSessionIdManager.java:doStart(339)) - No SessionScavenger set, using defaults
2023-09-07 04:48:10,647 [main] INFO  server.session (HouseKeeper.java:startScavenging(132)) - node0 Scavenging every 600000ms
2023-09-07 04:48:10,666 [main] INFO  handler.ContextHandler (ContextHandler.java:doStart(921)) - Started o.e.j.s.ServletContextHandler@3f213e97{logs,/logs,file:///home/runner/work/ozone/ozone/hadoop-ozone/integration-test/target/log,AVAILABLE}
2023-09-07 04:48:10,668 [main] INFO  handler.ContextHandler (ContextHandler.java:doStart(921)) - Started o.e.j.s.ServletContextHandler@c1d9c40{static,/static,file:///home/runner/work/ozone/ozone/hadoop-ozone/integration-test/target/test-classes/webapps/static,AVAILABLE}
2023-09-07 04:48:10,731 [main] INFO  handler.ContextHandler (ContextHandler.java:doStart(921)) - Started o.e.j.w.WebAppContext@38a6ca39{scm,/,file:///home/runner/work/ozone/ozone/hadoop-ozone/integration-test/target/test-classes/webapps/scm/,AVAILABLE}{file:/home/runner/work/ozone/ozone/hadoop-ozone/integration-test/target/test-classes/webapps/scm}
2023-09-07 04:48:10,745 [main] INFO  server.AbstractConnector (AbstractConnector.java:doStart(333)) - Started ServerConnector@638b05fb{HTTP/1.1, (http/1.1)}{0.0.0.0:15003}
2023-09-07 04:48:10,745 [main] INFO  server.Server (Server.java:doStart(415)) - Started @6808ms
2023-09-07 04:48:10,750 [main] INFO  impl.MetricsSinkAdapter (MetricsSinkAdapter.java:start(204)) - Sink prometheus started
2023-09-07 04:48:10,750 [main] INFO  impl.MetricsSystemImpl (MetricsSystemImpl.java:registerSink(305)) - Registered sink prometheus
2023-09-07 04:48:10,752 [main] INFO  http.BaseHttpServer (BaseHttpServer.java:updateConnectorAddress(354)) - HTTP server of scm listening at http://0.0.0.0:15003
2023-09-07 04:48:10,757 [main] WARN  server.ServerUtils (ServerUtils.java:getDBPath(311)) - ozone.om.db.dirs is not configured. We recommend adding this setting. Falling back to ozone.metadata.dirs instead.
2023-09-07 04:48:10,871 [main] INFO  audit.AuditLogger (AuditLogger.java:refreshDebugCmdSet(126)) - Refresh DebugCmdSet for OMAudit to [].
2023-09-07 04:48:10,976 [main] INFO  ha.OMHANodeDetails (OMHANodeDetails.java:loadOMHAConfig(115)) - ozone.om.internal.service.id is not defined, falling back to ozone.om.service.ids to find serviceID for OzoneManager if it is HA enabled cluster
2023-09-07 04:48:10,981 [main] INFO  ha.OMHANodeDetails (OMHANodeDetails.java:loadOMHAConfig(226)) - Configuration does not have ozone.om.address set. Falling back to the default OM address /127.0.0.1:15004
2023-09-07 04:48:10,981 [main] INFO  ha.OMHANodeDetails (OMHANodeDetails.java:getOMNodeDetailsForNonHA(254)) - OM Service ID is not set. Setting it to the default ID: omServiceIdDefault
2023-09-07 04:48:10,981 [main] INFO  ha.OMHANodeDetails (OMHANodeDetails.java:getOMNodeDetailsForNonHA(261)) - OM Node ID is not set. Setting it to the default ID: om1
2023-09-07 04:48:10,987 [main] WARN  server.ServerUtils (ServerUtils.java:getDBPath(311)) - ozone.om.db.dirs is not configured. We recommend adding this setting. Falling back to ozone.metadata.dirs instead.
2023-09-07 04:48:10,992 [main] INFO  upgrade.AbstractLayoutVersionManager (AbstractLayoutVersionManager.java:init(83)) - Initializing Layout version manager with metadata layout = QUOTA (version = 6), software layout = QUOTA (version = 6)
2023-09-07 04:48:11,125 [main] INFO  reflections.Reflections (Reflections.java:scan(232)) - Reflections took 129 ms to scan 2 urls, producing 187 keys and 514 values [using 2 cores]
2023-09-07 04:48:11,145 [main] INFO  upgrade.OMLayoutVersionManager (OMLayoutVersionManager.java:lambda$0(115)) - Skipping Upgrade Action MockOmUpgradeAction since it has been finalized.
2023-09-07 04:48:11,146 [main] INFO  upgrade.OMLayoutVersionManager (OMLayoutVersionManager.java:lambda$0(115)) - Skipping Upgrade Action QuotaRepairUpgradeAction since it has been finalized.
2023-09-07 04:48:11,148 [main] WARN  server.ServerUtils (ServerUtils.java:getDBPath(311)) - ozone.om.db.dirs is not configured. We recommend adding this setting. Falling back to ozone.metadata.dirs instead.
2023-09-07 04:48:11,403 [main] INFO  proxy.SCMBlockLocationFailoverProxyProvider (SCMBlockLocationFailoverProxyProvider.java:<init>(114)) - Created block location fail-over proxy with 1 nodes: [nodeId=scmNodeId,nodeAddress=/0.0.0.0:15001]
2023-09-07 04:48:11,448 [main] INFO  proxy.SCMBlockLocationFailoverProxyProvider (SCMBlockLocationFailoverProxyProvider.java:<init>(114)) - Created block location fail-over proxy with 1 nodes: [nodeId=scmNodeId,nodeAddress=/0.0.0.0:15001]
2023-09-07 04:48:11,787 [main] INFO  om.OzoneManager (OzoneManager.java:<init>(665)) - OM start with adminUsers: [runner]
2023-09-07 04:48:11,831 [main] WARN  server.ServerUtils (ServerUtils.java:getDBPath(311)) - ozone.om.db.dirs is not configured. We recommend adding this setting. Falling back to ozone.metadata.dirs instead.
2023-09-07 04:48:11,870 [main] INFO  helpers.OmKeyInfo (OmKeyInfo.java:getCodec(71)) - OmKeyInfo.getCodec ignorePipeline = true
2023-09-07 04:48:12,283 [main] INFO  om.OzoneManager (OzoneManager.java:instantiateServices(794)) - S3 Multi-Tenancy is disabled
2023-09-07 04:48:12,326 [main] INFO  om.OmSnapshotManager (OmSnapshotManager.java:<init>(174)) - Ozone filesystem snapshot feature is enabled.
2023-09-07 04:48:12,338 [main] WARN  server.ServerUtils (ServerUtils.java:getDBPath(311)) - ozone.om.snapshot.diff.db.dir is not configured. We recommend adding this setting. Falling back to ozone.metadata.dirs instead.
2023-09-07 04:48:12,403 [main] INFO  utils.NativeLibraryLoader (NativeLibraryLoader.java:loadLibrary(108)) - Loading Library: ozone_rocksdb_tools
2023-09-07 04:48:12,405 [main] INFO  snapshot.SnapshotDiffManager (SnapshotDiffManager.java:closeExecutorService(1697)) - Shutting down executorService: 'SstDumpToolExecutor'
2023-09-07 04:48:12,500 [main] INFO  om.OzoneManager (OzoneManager.java:addS3GVolumeToDB(4301)) - Created Volume s3v With Owner runner required for S3Gateway operations.
2023-09-07 04:48:12,582 [main] WARN  server.ServerUtils (ServerUtils.java:getDefaultRatisDirectory(323)) - Storage directory for Ratis is not configured. It is a good idea to map this to an SSD disk. Falling back to ozone.metadata.dirs
2023-09-07 04:48:12,583 [main] WARN  utils.OzoneManagerRatisUtils (OzoneManagerRatisUtils.java:getOMRatisSnapshotDirectory(464)) - ozone.om.ratis.snapshot.dir is not configured. Falling back to ozone.metadata.dirs config
2023-09-07 04:48:12,607 [main] WARN  server.ServerUtils (ServerUtils.java:getDefaultRatisDirectory(323)) - Storage directory for Ratis is not configured. It is a good idea to map this to an SSD disk. Falling back to ozone.metadata.dirs
2023-09-07 04:48:12,677 [main] INFO  ratis.OzoneManagerRatisServer (OzoneManagerRatisServer.java:<init>(163)) - Instantiating OM Ratis server with groupID: omServiceIdDefault and peers: localhost:15007
2023-09-07 04:48:12,695 [main] INFO  ratis.OzoneManagerStateMachine (OzoneManagerStateMachine.java:loadSnapshotInfoFromDB(687)) - LastAppliedIndex is set from TransactionInfo from OM DB as (t:0, i:~)
2023-09-07 04:48:12,793 [main] INFO  server.RaftServer (ConfUtils.java:logGet(46)) - raft.rpc.type = GRPC (default)
2023-09-07 04:48:12,811 [main] INFO  grpc.GrpcConfigKeys (ConfUtils.java:logFallback(53)) - raft.grpc.admin.host = null (fallback to raft.grpc.server.host)
2023-09-07 04:48:12,815 [main] INFO  grpc.GrpcConfigKeys (ConfUtils.java:logFallback(53)) - raft.grpc.admin.port = 15007 (fallback to raft.grpc.server.port)
2023-09-07 04:48:12,816 [main] INFO  grpc.GrpcConfigKeys (ConfUtils.java:logFallback(53)) - raft.grpc.client.host = null (fallback to raft.grpc.server.host)
2023-09-07 04:48:12,817 [main] INFO  grpc.GrpcConfigKeys (ConfUtils.java:logFallback(53)) - raft.grpc.client.port = 15007 (fallback to raft.grpc.server.port)
2023-09-07 04:48:12,817 [main] INFO  grpc.GrpcConfigKeys (ConfUtils.java:logGet(46)) - raft.grpc.server.host = null (default)
2023-09-07 04:48:12,818 [main] INFO  grpc.GrpcConfigKeys (ConfUtils.java:logGet(46)) - raft.grpc.server.port = 15007 (custom)
2023-09-07 04:48:12,819 [main] INFO  server.GrpcService (ConfUtils.java:logGet(46)) - raft.grpc.message.size.max = 33554432 (custom)
2023-09-07 04:48:12,821 [main] INFO  server.RaftServerConfigKeys (ConfUtils.java:logGet(46)) - raft.server.log.appender.buffer.byte-limit = 33554432 (custom)
2023-09-07 04:48:12,823 [main] INFO  server.GrpcService (ConfUtils.java:logGet(46)) - raft.grpc.flow.control.window = 1MB (=1048576) (default)
2023-09-07 04:48:12,824 [main] INFO  server.RaftServerConfigKeys (ConfUtils.java:logGet(46)) - raft.server.rpc.request.timeout = 3000ms (default)
2023-09-07 04:48:12,839 [main] INFO  grpc.GrpcConfigKeys (ConfUtils.java:logGet(46)) - raft.grpc.server.heartbeat.channel = true (default)
2023-09-07 04:48:12,844 [main] INFO  grpc.GrpcConfigKeys (ConfUtils.java:logGet(46)) - raft.grpc.server.async.request.thread.pool.cached = true (default)
2023-09-07 04:48:12,845 [main] INFO  grpc.GrpcConfigKeys (ConfUtils.java:logGet(46)) - raft.grpc.server.async.request.thread.pool.size = 32 (default)
2023-09-07 04:48:13,188 [main] INFO  impl.DataStreamServerImpl (ConfUtils.java:logGet(46)) - raft.datastream.type = DISABLED (default)
2023-09-07 04:48:13,191 [main] INFO  server.RaftServerConfigKeys (ConfUtils.java:logGet(46)) - raft.server.threadpool.proxy.cached = true (default)
2023-09-07 04:48:13,192 [main] INFO  server.RaftServerConfigKeys (ConfUtils.java:logGet(46)) - raft.server.threadpool.proxy.size = 0 (default)
2023-09-07 04:48:13,192 [main] INFO  server.RaftServerConfigKeys (ConfUtils.java:logGet(46)) - raft.server.rpc.slowness.timeout = 120s (custom)
2023-09-07 04:48:13,192 [main] INFO  server.RaftServerConfigKeys (ConfUtils.java:logGet(46)) - raft.server.leaderelection.leader.step-down.wait-time = 10s (default)
2023-09-07 04:48:13,196 [main] INFO  server.RaftServerConfigKeys (ConfUtils.java:logGet(46)) - raft.server.storage.dir = [/home/runner/work/ozone/ozone/hadoop-ozone/integration-test/target/test-dir/MiniOzoneClusterImpl-34c981b6-280a-47ca-b885-362eca6d2b46/ozone-meta/ratis] (custom)
2023-09-07 04:48:13,377 [main] INFO  server.RaftServer (RaftServerProxy.java:addNew(98)) - om1: addNew group-C5BA1605619E:[om1|rpc:localhost:15007|priority:0|startupRole:FOLLOWER] returns group-C5BA1605619E:java.util.concurrent.CompletableFuture@72083fdd[Not completed]
2023-09-07 04:48:13,377 [main] INFO  om.OzoneManager (OzoneManager.java:initializeRatisServer(2145)) - OzoneManager Ratis server initialized at port 15007
2023-09-07 04:48:13,381 [main] INFO  om.OzoneManager (OzoneManager.java:getRpcServer(1196)) - Creating RPC Server
2023-09-07 04:48:13,421 [om1-groupManagement] INFO  server.RaftServer$Division (RaftServerImpl.java:<init>(198)) - om1: new RaftServerImpl for group-C5BA1605619E:[om1|rpc:localhost:15007|priority:0|startupRole:FOLLOWER] with OzoneManagerStateMachine:uninitialized
2023-09-07 04:48:13,425 [om1-groupManagement] INFO  server.RaftServerConfigKeys (ConfUtils.java:logGet(46)) - raft.server.rpc.timeout.min = 1s (custom)
2023-09-07 04:48:13,428 [om1-groupManagement] INFO  server.RaftServerConfigKeys (ConfUtils.java:logGet(46)) - raft.server.rpc.timeout.max = 1200ms (custom)
2023-09-07 04:48:13,428 [om1-groupManagement] INFO  server.RaftServerConfigKeys (ConfUtils.java:logGet(46)) - raft.server.rpc.sleep.time = 25ms (default)
2023-09-07 04:48:13,429 [om1-groupManagement] INFO  server.RaftServerConfigKeys (ConfUtils.java:logGet(46)) - raft.server.rpc.slowness.timeout = 120s (custom)
2023-09-07 04:48:13,429 [om1-groupManagement] INFO  server.RaftServerConfigKeys (ConfUtils.java:logGet(46)) - raft.server.leaderelection.leader.step-down.wait-time = 10s (default)
2023-09-07 04:48:13,430 [om1-groupManagement] INFO  server.RaftServerConfigKeys (ConfUtils.java:logGet(46)) - raft.server.sleep.deviation.threshold = 300ms (default)
2023-09-07 04:48:13,447 [om1-groupManagement] INFO  server.RaftServer$Division (ServerState.java:<init>(120)) - om1@group-C5BA1605619E: ConfigurationManager, init=-1: peers:[om1|rpc:localhost:15007|priority:0|startupRole:FOLLOWER]|listeners:[], old=null, confs=<EMPTY_MAP>
2023-09-07 04:48:13,459 [om1-groupManagement] INFO  server.RaftServerConfigKeys (ConfUtils.java:logGet(46)) - raft.server.storage.dir = [/home/runner/work/ozone/ozone/hadoop-ozone/integration-test/target/test-dir/MiniOzoneClusterImpl-34c981b6-280a-47ca-b885-362eca6d2b46/ozone-meta/ratis] (custom)
2023-09-07 04:48:13,475 [om1-groupManagement] INFO  server.RaftServerConfigKeys (ConfUtils.java:logGet(46)) - raft.server.log.corruption.policy = EXCEPTION (default)
2023-09-07 04:48:13,475 [om1-groupManagement] INFO  server.RaftServerConfigKeys (ConfUtils.java:logGet(46)) - raft.server.storage.free-space.min = 0MB (=0) (default)
2023-09-07 04:48:13,498 [om1-groupManagement] INFO  server.RaftServerConfigKeys (ConfUtils.java:logGet(46)) - raft.server.notification.no-leader.timeout = 120s (custom)
2023-09-07 04:48:13,506 [om1-groupManagement] INFO  server.RaftServerConfigKeys (ConfUtils.java:logGet(46)) - raft.server.read.timeout = 10s (default)
2023-09-07 04:48:13,511 [om1-groupManagement] INFO  server.RaftServerConfigKeys (ConfUtils.java:logGet(46)) - raft.server.retrycache.expirytime = 300s (custom)
2023-09-07 04:48:13,511 [om1-groupManagement] INFO  server.RaftServerConfigKeys (ConfUtils.java:logGet(46)) - raft.server.retrycache.statistics.expirytime = 100μs (default)
2023-09-07 04:48:13,610 [om1-groupManagement] INFO  server.RaftServerConfigKeys (ConfUtils.java:logGet(46)) - raft.server.read.option = DEFAULT (default)
2023-09-07 04:48:13,693 [om1-groupManagement] INFO  server.RaftServerConfigKeys (ConfUtils.java:logGet(46)) - raft.server.rpc.request.timeout = 3000ms (default)
2023-09-07 04:48:13,701 [om1-groupManagement] INFO  server.RaftServerConfigKeys (ConfUtils.java:logGet(46)) - raft.server.log.appender.install.snapshot.enabled = false (custom)
2023-09-07 04:48:13,701 [om1-groupManagement] INFO  server.RaftServerConfigKeys (ConfUtils.java:logGet(46)) - raft.server.threadpool.server.cached = true (default)
2023-09-07 04:48:13,703 [om1-groupManagement] INFO  server.RaftServerConfigKeys (ConfUtils.java:logGet(46)) - raft.server.threadpool.server.size = 0 (default)
2023-09-07 04:48:13,703 [om1-groupManagement] INFO  server.RaftServerConfigKeys (ConfUtils.java:logGet(46)) - raft.server.threadpool.client.cached = true (default)
2023-09-07 04:48:13,704 [om1-groupManagement] INFO  server.RaftServerConfigKeys (ConfUtils.java:logGet(46)) - raft.server.threadpool.client.size = 0 (default)
2023-09-07 04:48:14,528 [main] INFO  reflections.Reflections (Reflections.java:scan(232)) - Reflections took 1024 ms to scan 19 urls, producing 70 keys and 5687 values [using 2 cores]
2023-09-07 04:48:14,789 [main] INFO  ipc.CallQueueManager (CallQueueManager.java:<init>(90)) - Using callQueue: class java.util.concurrent.LinkedBlockingQueue, queueCapacity: 2000, scheduler: class org.apache.hadoop.ipc.DefaultRpcScheduler, ipcBackoff: false.
2023-09-07 04:48:14,789 [main] INFO  ipc.Server (Server.java:<init>(1287)) - Listener at 127.0.0.1:15004
2023-09-07 04:48:14,794 [Socket Reader #1 for port 15004] INFO  ipc.Server (Server.java:run(1323)) - Starting Socket Reader #1 for port 15004
2023-09-07 04:48:14,847 [main] INFO  impl.MetricsSystemImpl (MetricsSystemImpl.java:init(158)) - OzoneManager metrics system started (again)
2023-09-07 04:48:14,863 [main] INFO  om.OzoneManager (OzoneManager.java:start(1630)) - OzoneManager RPC server is listening at localhost/127.0.0.1:15004
2023-09-07 04:48:14,864 [main] INFO  ratis.OzoneManagerRatisServer (OzoneManagerRatisServer.java:start(558)) - Starting OzoneManagerRatisServer om1 at port 15007
2023-09-07 04:48:14,867 [om1-impl-thread1] INFO  storage.RaftStorageDirectory (RaftStorageDirectoryImpl.java:analyzeStorage(137)) - The storage directory /home/runner/work/ozone/ozone/hadoop-ozone/integration-test/target/test-dir/MiniOzoneClusterImpl-34c981b6-280a-47ca-b885-362eca6d2b46/ozone-meta/ratis/bf265839-605b-3f16-9796-c5ba1605619e does not exist. Creating ...
2023-09-07 04:48:14,872 [om1-impl-thread1] INFO  storage.RaftStorageDirectory (RaftStorageDirectoryImpl.java:tryLock(231)) - Lock on /home/runner/work/ozone/ozone/hadoop-ozone/integration-test/target/test-dir/MiniOzoneClusterImpl-34c981b6-280a-47ca-b885-362eca6d2b46/ozone-meta/ratis/bf265839-605b-3f16-9796-c5ba1605619e/in_use.lock acquired by nodename 7593@fv-az163-854
2023-09-07 04:48:14,881 [om1-impl-thread1] INFO  storage.RaftStorage (RaftStorageImpl.java:format(96)) - Storage directory /home/runner/work/ozone/ozone/hadoop-ozone/integration-test/target/test-dir/MiniOzoneClusterImpl-34c981b6-280a-47ca-b885-362eca6d2b46/ozone-meta/ratis/bf265839-605b-3f16-9796-c5ba1605619e has been successfully formatted.
2023-09-07 04:48:14,884 [om1-impl-thread1] INFO  server.RaftServerConfigKeys (ConfUtils.java:logGet(46)) - raft.server.log.use.memory = false (default)
2023-09-07 04:48:14,892 [om1-impl-thread1] INFO  server.RaftServerConfigKeys (ConfUtils.java:logGet(46)) - raft.server.log.purge.gap = 1000000 (custom)
2023-09-07 04:48:14,892 [om1-impl-thread1] INFO  server.RaftServerConfigKeys (ConfUtils.java:logGet(46)) - raft.server.log.appender.buffer.byte-limit = 33554432 (custom)
2023-09-07 04:48:14,895 [om1-impl-thread1] INFO  server.RaftServerConfigKeys (ConfUtils.java:logGet(46)) - raft.server.log.statemachine.data.read.timeout = 1000ms (default)
2023-09-07 04:48:14,897 [om1-impl-thread1] INFO  server.RaftServerConfigKeys (ConfUtils.java:logGet(46)) - raft.server.log.purge.preservation.log.num = 0 (default)
2023-09-07 04:48:14,900 [om1-impl-thread1] INFO  server.RaftServerConfigKeys (ConfUtils.java:logGet(46)) - raft.server.log.segment.size.max = 4194304 (custom)
2023-09-07 04:48:14,906 [om1-impl-thread1] INFO  server.RaftServerConfigKeys (ConfUtils.java:logGet(46)) - raft.server.log.segment.cache.num.max = 2 (custom)
2023-09-07 04:48:14,907 [om1-impl-thread1] INFO  server.RaftServerConfigKeys (ConfUtils.java:logGet(46)) - raft.server.log.segment.cache.size.max = 200MB (=209715200) (default)
2023-09-07 04:48:14,907 [om1-impl-thread1] INFO  server.RaftServerConfigKeys (ConfUtils.java:logGet(46)) - raft.server.log.appender.buffer.byte-limit = 33554432 (custom)
2023-09-07 04:48:14,913 [om1-impl-thread1] INFO  segmented.SegmentedRaftLogWorker (SegmentedRaftLogWorker.java:<init>(188)) - new om1@group-C5BA1605619E-SegmentedRaftLogWorker for RaftStorageImpl:Storage Directory /home/runner/work/ozone/ozone/hadoop-ozone/integration-test/target/test-dir/MiniOzoneClusterImpl-34c981b6-280a-47ca-b885-362eca6d2b46/ozone-meta/ratis/bf265839-605b-3f16-9796-c5ba1605619e
2023-09-07 04:48:14,914 [om1-impl-thread1] INFO  server.RaftServerConfigKeys (ConfUtils.java:logGet(46)) - raft.server.log.queue.byte-limit = 64MB (=67108864) (default)
2023-09-07 04:48:14,914 [om1-impl-thread1] INFO  server.RaftServerConfigKeys (ConfUtils.java:logGet(46)) - raft.server.log.queue.element-limit = 4096 (default)
2023-09-07 04:48:14,915 [om1-impl-thread1] INFO  server.RaftServerConfigKeys (ConfUtils.java:logGet(46)) - raft.server.log.segment.size.max = 4194304 (custom)
2023-09-07 04:48:14,916 [om1-impl-thread1] INFO  server.RaftServerConfigKeys (ConfUtils.java:logGet(46)) - raft.server.log.preallocated.size = 4194304 (custom)
2023-09-07 04:48:14,916 [om1-impl-thread1] INFO  server.RaftServerConfigKeys (ConfUtils.java:logGet(46)) - raft.server.log.force.sync.num = 128 (default)
2023-09-07 04:48:14,917 [om1-impl-thread1] INFO  server.RaftServerConfigKeys (ConfUtils.java:logGet(46)) - raft.server.log.statemachine.data.sync = true (default)
2023-09-07 04:48:14,917 [om1-impl-thread1] INFO  server.RaftServerConfigKeys (ConfUtils.java:logGet(46)) - raft.server.log.statemachine.data.sync.timeout = 10s (default)
2023-09-07 04:48:14,919 [om1-impl-thread1] INFO  server.RaftServerConfigKeys (ConfUtils.java:logGet(46)) - raft.server.log.statemachine.data.sync.timeout.retry = -1 (default)
2023-09-07 04:48:14,937 [om1-impl-thread1] INFO  server.RaftServerConfigKeys (ConfUtils.java:logGet(46)) - raft.server.log.write.buffer.size = 64KB (=65536) (default)
2023-09-07 04:48:14,937 [om1-impl-thread1] INFO  server.RaftServerConfigKeys (ConfUtils.java:logGet(46)) - raft.server.log.appender.buffer.byte-limit = 33554432 (custom)
2023-09-07 04:48:14,974 [om1-impl-thread1] INFO  server.RaftServerConfigKeys (ConfUtils.java:logGet(46)) - raft.server.log.unsafe-flush.enabled = false (default)
2023-09-07 04:48:14,975 [om1-impl-thread1] INFO  server.RaftServerConfigKeys (ConfUtils.java:logGet(46)) - raft.server.log.async-flush.enabled = false (default)
2023-09-07 04:48:14,975 [om1-impl-thread1] INFO  server.RaftServerConfigKeys (ConfUtils.java:logGet(46)) - raft.server.log.statemachine.data.caching.enabled = false (default)
2023-09-07 04:48:14,982 [om1-impl-thread1] INFO  segmented.SegmentedRaftLogWorker (SegmentedRaftLogWorker.java:lambda$new$0(135)) - om1@group-C5BA1605619E-SegmentedRaftLogWorker: flushIndex: setUnconditionally 0 -> -1
2023-09-07 04:48:14,982 [om1-impl-thread1] INFO  segmented.SegmentedRaftLogWorker (SegmentedRaftLogWorker.java:lambda$new$0(135)) - om1@group-C5BA1605619E-SegmentedRaftLogWorker: safeCacheEvictIndex: setUnconditionally 0 -> -1
2023-09-07 04:48:14,984 [om1-impl-thread1] INFO  server.RaftServer$Division (RaftServerImpl.java:start(342)) - om1@group-C5BA1605619E: start as a follower, conf=-1: peers:[om1|rpc:localhost:15007|priority:0|startupRole:FOLLOWER]|listeners:[], old=null
2023-09-07 04:48:14,985 [om1-impl-thread1] INFO  server.RaftServer$Division (RaftServerImpl.java:setRole(329)) - om1@group-C5BA1605619E: changes role from      null to FOLLOWER at term 0 for startAsFollower
2023-09-07 04:48:14,987 [om1-impl-thread1] INFO  impl.RoleInfo (RoleInfo.java:updateAndGet(139)) - om1: start om1@group-C5BA1605619E-FollowerState
2023-09-07 04:48:14,991 [om1-impl-thread1] INFO  util.JmxRegister (JmxRegister.java:tryRegister(44)) - Successfully registered JMX Bean with object name Ratis:service=RaftServer,group=group-C5BA1605619E,id=om1
2023-09-07 04:48:14,994 [om1-impl-thread1] INFO  server.RaftServerConfigKeys (ConfUtils.java:logGet(46)) - raft.server.snapshot.auto.trigger.enabled = true (custom)
2023-09-07 04:48:14,995 [om1-impl-thread1] INFO  server.RaftServerConfigKeys (ConfUtils.java:logGet(46)) - raft.server.snapshot.auto.trigger.threshold = 400000 (default)
2023-09-07 04:48:14,995 [om1-impl-thread1] INFO  server.RaftServerConfigKeys (ConfUtils.java:logGet(46)) - raft.server.snapshot.retention.file.num = -1 (default)
2023-09-07 04:48:14,996 [om1-impl-thread1] INFO  server.RaftServerConfigKeys (ConfUtils.java:logGet(46)) - raft.server.log.purge.upto.snapshot.index = true (custom)
2023-09-07 04:48:14,994 [om1@group-C5BA1605619E-FollowerState] INFO  server.RaftServerConfigKeys (ConfUtils.java:logFallback(53)) - raft.server.rpc.first-election.timeout.min = 1s (fallback to raft.server.rpc.timeout.min)
2023-09-07 04:48:14,997 [om1@group-C5BA1605619E-FollowerState] INFO  server.RaftServerConfigKeys (ConfUtils.java:logFallback(53)) - raft.server.rpc.first-election.timeout.max = 1200ms (fallback to raft.server.rpc.timeout.max)
2023-09-07 04:48:15,002 [main] INFO  server.RaftServer (RaftServerProxy.java:startImpl(400)) - om1: start RPC server
2023-09-07 04:48:15,067 [main] INFO  server.GrpcService (GrpcService.java:startImpl(302)) - om1: GrpcService started, listening on 15007
2023-09-07 04:48:15,070 [main] INFO  om.OzoneManager (OzoneManager.java:start(1646)) - Version File has different layout version (6) than OM DB (null). That is expected if this OM has never been finalized to a newer layout version.
2023-09-07 04:48:15,078 [JvmPauseMonitor1] INFO  util.JvmPauseMonitor (JvmPauseMonitor.java:run(103)) - JvmPauseMonitor-om1: Started
2023-09-07 04:48:15,112 [main] INFO  http.BaseHttpServer (BaseHttpServer.java:newHttpServer2BuilderForOzone(223)) - Starting Web-server for ozoneManager at: http://0.0.0.0:15005
2023-09-07 04:48:15,113 [main] INFO  http.BaseHttpServer (BaseHttpServer.java:<init>(110)) - Hadoop Security Enabled: false Ozone Security Enabled: false Ozone HTTP Security Enabled: false 
2023-09-07 04:48:15,115 [main] WARN  server.AuthenticationFilter (AuthenticationFilter.java:constructSecretProvider(240)) - Unable to initialize FileSignerSecretProvider, falling back to use random secrets. Reason: Could not read signature secret file: /home/runner/hadoop-http-auth-signature-secret
2023-09-07 04:48:15,121 [main] INFO  http.HttpRequestLog (HttpRequestLog.java:getRequestLog(86)) - Http request log for http.requests.ozoneManager is not defined
2023-09-07 04:48:15,125 [main] INFO  http.HttpServer2 (HttpServer2.java:addGlobalFilter(1031)) - Added global filter 'safety' (class=org.apache.hadoop.hdds.server.http.HttpServer2$QuotingInputFilter)
2023-09-07 04:48:15,127 [main] INFO  http.HttpServer2 (HttpServer2.java:addFilter(1007)) - Added filter static_user_filter (class=org.apache.hadoop.http.lib.StaticUserWebFilter$StaticUserFilter) to context ozoneManager
2023-09-07 04:48:15,128 [main] INFO  http.HttpServer2 (HttpServer2.java:addFilter(1015)) - Added filter static_user_filter (class=org.apache.hadoop.http.lib.StaticUserWebFilter$StaticUserFilter) to context logs
2023-09-07 04:48:15,128 [main] INFO  http.HttpServer2 (HttpServer2.java:addFilter(1015)) - Added filter static_user_filter (class=org.apache.hadoop.http.lib.StaticUserWebFilter$StaticUserFilter) to context static
2023-09-07 04:48:15,130 [main] INFO  http.BaseHttpServer (BaseHttpServer.java:<init>(189)) - HTTP server of ozoneManager uses base directory /home/runner/work/ozone/ozone/hadoop-ozone/integration-test/target/test-dir/MiniOzoneClusterImpl-34c981b6-280a-47ca-b885-362eca6d2b46/ozone-meta/webserver
2023-09-07 04:48:15,137 [main] INFO  http.HttpServer2 (HttpServer2.java:bindListener(1231)) - Jetty bound to port 15005
2023-09-07 04:48:15,137 [main] INFO  server.Server (Server.java:doStart(375)) - jetty-9.4.51.v20230217; built: 2023-02-17T08:19:37.309Z; git: b45c405e4544384de066f814ed42ae3dceacdd49; jvm 1.8.0_382-b05
2023-09-07 04:48:15,158 [main] INFO  server.session (DefaultSessionIdManager.java:doStart(334)) - DefaultSessionIdManager workerName=node0
2023-09-07 04:48:15,158 [main] INFO  server.session (DefaultSessionIdManager.java:doStart(339)) - No SessionScavenger set, using defaults
2023-09-07 04:48:15,158 [main] INFO  server.session (HouseKeeper.java:startScavenging(132)) - node0 Scavenging every 660000ms
2023-09-07 04:48:15,166 [main] INFO  handler.ContextHandler (ContextHandler.java:doStart(921)) - Started o.e.j.s.ServletContextHandler@7b09acd9{logs,/logs,file:///home/runner/work/ozone/ozone/hadoop-ozone/integration-test/target/log,AVAILABLE}
2023-09-07 04:48:15,167 [main] INFO  handler.ContextHandler (ContextHandler.java:doStart(921)) - Started o.e.j.s.ServletContextHandler@35d0a6b1{static,/static,file:///home/runner/work/ozone/ozone/hadoop-ozone/integration-test/target/test-classes/webapps/static,AVAILABLE}
2023-09-07 04:48:15,175 [main] INFO  handler.ContextHandler (ContextHandler.java:doStart(921)) - Started o.e.j.w.WebAppContext@70b16f37{ozoneManager,/,file:///home/runner/work/ozone/ozone/hadoop-ozone/integration-test/target/test-classes/webapps/ozoneManager/,AVAILABLE}{file:/home/runner/work/ozone/ozone/hadoop-ozone/integration-test/target/test-classes/webapps/ozoneManager}
2023-09-07 04:48:15,178 [main] INFO  server.AbstractConnector (AbstractConnector.java:doStart(333)) - Started ServerConnector@21cd9e84{HTTP/1.1, (http/1.1)}{0.0.0.0:15005}
2023-09-07 04:48:15,178 [main] INFO  server.Server (Server.java:doStart(415)) - Started @11241ms
2023-09-07 04:48:15,179 [main] WARN  impl.MetricsSystemImpl (MetricsSystemImpl.java:register(279)) - Sink prometheus already exists!
2023-09-07 04:48:15,179 [main] INFO  http.BaseHttpServer (BaseHttpServer.java:updateConnectorAddress(354)) - HTTP server of ozoneManager listening at http://0.0.0.0:15005
2023-09-07 04:48:15,180 [IPC Server Responder] INFO  ipc.Server (Server.java:run(1562)) - IPC Server Responder: starting
2023-09-07 04:48:15,182 [IPC Server listener on 15004] INFO  ipc.Server (Server.java:run(1402)) - IPC Server listener on 15004: starting
2023-09-07 04:48:15,268 [main] INFO  om.TrashPolicyOzone (TrashPolicyOzone.java:<init>(277)) - Ozone Manager trash configuration: Deletion interval = 0 minutes, Emptier interval = 0 minutes.
2023-09-07 04:48:15,452 [main] WARN  impl.MetricRegistriesImpl (MetricRegistriesImpl.java:addReporterRegistration(111)) - New reporters are added after registries were created. Some metrics will be missing from the reporter. Please add reporter before adding any new registry.
2023-09-07 04:48:15,452 [main] WARN  impl.MetricRegistriesImpl (MetricRegistriesImpl.java:addReporterRegistration(111)) - New reporters are added after registries were created. Some metrics will be missing from the reporter. Please add reporter before adding any new registry.
2023-09-07 04:48:15,452 [main] INFO  impl.MetricsSystemImpl (MetricsSystemImpl.java:init(158)) - HddsDatanode metrics system started (again)
2023-09-07 04:48:15,478 [main] INFO  ozone.HddsDatanodeService (HddsDatanodeService.java:start(237)) - HddsDatanodeService host:fv-az163-854.ksqkok1cighebdh5ckq0wc3qdf.dx.internal.cloudapp.net ip:10.1.0.9
2023-09-07 04:48:15,524 [main] INFO  upgrade.AbstractLayoutVersionManager (AbstractLayoutVersionManager.java:init(83)) - Initializing Layout version manager with metadata layout = HADOOP_PRC_PORTS_IN_DATANODEDETAILS (version = 7), software layout = HADOOP_PRC_PORTS_IN_DATANODEDETAILS (version = 7)
2023-09-07 04:48:15,527 [main] INFO  statemachine.DatanodeStateMachine (DatanodeStateMachine.java:getEndPointTaskThreadPoolSize(282)) - Datanode State Machine Task Thread Pool size 2
2023-09-07 04:48:15,610 [main] INFO  volume.HddsVolume (HddsVolume.java:<init>(126)) - Creating HddsVolume: /home/runner/work/ozone/ozone/hadoop-ozone/integration-test/target/test-dir/MiniOzoneClusterImpl-34c981b6-280a-47ca-b885-362eca6d2b46/datanode-0/data-0/containers/hdds of storage type : DISK capacity : 9223372036854775807
2023-09-07 04:48:15,614 [main] INFO  volume.MutableVolumeSet (MutableVolumeSet.java:initializeVolumeSet(173)) - Added Volume : /home/runner/work/ozone/ozone/hadoop-ozone/integration-test/target/test-dir/MiniOzoneClusterImpl-34c981b6-280a-47ca-b885-362eca6d2b46/datanode-0/data-0/containers/hdds to VolumeSet
2023-09-07 04:48:15,620 [main] INFO  volume.MutableVolumeSet (MutableVolumeSet.java:initializeVolumeSet(173)) - Added Volume : /home/runner/work/ozone/ozone/hadoop-ozone/integration-test/target/test-dir/MiniOzoneClusterImpl-34c981b6-280a-47ca-b885-362eca6d2b46/datanode-0/data/ratis to VolumeSet
2023-09-07 04:48:15,644 [Thread-140] INFO  ozoneimpl.ContainerReader (ContainerReader.java:readVolume(177)) - Finish verifying containers on volume /home/runner/work/ozone/ozone/hadoop-ozone/integration-test/target/test-dir/MiniOzoneClusterImpl-34c981b6-280a-47ca-b885-362eca6d2b46/datanode-0/data-0/containers/hdds
2023-09-07 04:48:15,645 [main] INFO  ozoneimpl.OzoneContainer (OzoneContainer.java:buildContainerSet(314)) - Build ContainerSet costs 0s
2023-09-07 04:48:15,718 [main] INFO  audit.AuditLogger (AuditLogger.java:refreshDebugCmdSet(126)) - Refresh DebugCmdSet for DNAudit to [].
2023-09-07 04:48:15,758 [main] INFO  server.RaftServer (ConfUtils.java:logGet(46)) - raft.rpc.type = GRPC (default)
2023-09-07 04:48:15,759 [main] INFO  grpc.GrpcConfigKeys (ConfUtils.java:logFallback(53)) - raft.grpc.admin.host = null (fallback to raft.grpc.server.host)
2023-09-07 04:48:15,760 [main] INFO  grpc.GrpcConfigKeys (ConfUtils.java:logGet(46)) - raft.grpc.admin.port = 15013 (custom)
2023-09-07 04:48:15,760 [main] INFO  grpc.GrpcConfigKeys (ConfUtils.java:logFallback(53)) - raft.grpc.client.host = null (fallback to raft.grpc.server.host)
2023-09-07 04:48:15,760 [main] INFO  grpc.GrpcConfigKeys (ConfUtils.java:logGet(46)) - raft.grpc.client.port = 15012 (custom)
2023-09-07 04:48:15,760 [main] INFO  grpc.GrpcConfigKeys (ConfUtils.java:logGet(46)) - raft.grpc.server.host = null (default)
2023-09-07 04:48:15,761 [main] INFO  grpc.GrpcConfigKeys (ConfUtils.java:logGet(46)) - raft.grpc.server.port = 15014 (custom)
2023-09-07 04:48:15,761 [main] INFO  server.GrpcService (ConfUtils.java:logGet(46)) - raft.grpc.message.size.max = 32MB (=33554432) (custom)
2023-09-07 04:48:15,761 [main] INFO  server.RaftServerConfigKeys (ConfUtils.java:logGet(46)) - raft.server.log.appender.buffer.byte-limit = 33554432 (custom)
2023-09-07 04:48:15,761 [main] INFO  server.GrpcService (ConfUtils.java:logGet(46)) - raft.grpc.flow.control.window = 5MB (=5242880) (custom)
2023-09-07 04:48:15,762 [main] INFO  server.RaftServerConfigKeys (ConfUtils.java:logGet(46)) - raft.server.rpc.request.timeout = 60s (custom)
2023-09-07 04:48:15,762 [main] INFO  grpc.GrpcConfigKeys (ConfUtils.java:logGet(46)) - raft.grpc.server.heartbeat.channel = true (default)
2023-09-07 04:48:15,762 [main] INFO  grpc.GrpcConfigKeys (ConfUtils.java:logGet(46)) - raft.grpc.server.async.request.thread.pool.cached = true (default)
2023-09-07 04:48:15,762 [main] INFO  grpc.GrpcConfigKeys (ConfUtils.java:logGet(46)) - raft.grpc.server.async.request.thread.pool.size = 32 (default)
2023-09-07 04:48:15,766 [main] INFO  impl.DataStreamServerImpl (ConfUtils.java:logGet(46)) - raft.datastream.type = NETTY (custom)
2023-09-07 04:48:15,777 [main] INFO  server.RaftServerConfigKeys (ConfUtils.java:logGet(46)) - raft.server.data-stream.async.request.thread.pool.cached = false (default)
2023-09-07 04:48:15,778 [main] INFO  server.RaftServerConfigKeys (ConfUtils.java:logGet(46)) - raft.server.data-stream.async.request.thread.pool.size = 20 (custom)
2023-09-07 04:48:15,779 [main] INFO  server.RaftServerConfigKeys (ConfUtils.java:logGet(46)) - raft.server.data-stream.async.write.thread.pool.size = 16 (default)
2023-09-07 04:48:15,780 [main] INFO  server.RaftServerConfigKeys (ConfUtils.java:logGet(46)) - raft.server.data-stream.client.pool.size = 10 (default)
2023-09-07 04:48:15,785 [main] INFO  netty.NettyConfigKeys$DataStream (ConfUtils.java:logGet(46)) - raft.netty.dataStream.server.use-epoll = false (default)
2023-09-07 04:48:15,785 [main] INFO  netty.NettyConfigKeys$DataStream (ConfUtils.java:logGet(46)) - raft.netty.dataStream.server.boss-group.size = 0 (default)
2023-09-07 04:48:15,794 [main] INFO  netty.NettyConfigKeys$DataStream (ConfUtils.java:logGet(46)) - raft.netty.dataStream.server.worker-group.size = 0 (default)
2023-09-07 04:48:15,812 [main] INFO  netty.NettyConfigKeys$DataStream (ConfUtils.java:logGet(46)) - raft.netty.dataStream.server.tls.conf = null (default)
2023-09-07 04:48:15,814 [main] INFO  netty.NettyConfigKeys$DataStream (ConfUtils.java:logGet(46)) - raft.netty.dataStream.host = null (default)
2023-09-07 04:48:15,815 [main] INFO  netty.NettyConfigKeys$DataStream (ConfUtils.java:logGet(46)) - raft.netty.dataStream.port = 15015 (custom)
2023-09-07 04:48:15,831 [main] INFO  server.RaftServerConfigKeys (ConfUtils.java:logGet(46)) - raft.server.threadpool.proxy.cached = true (default)
2023-09-07 04:48:15,832 [main] INFO  server.RaftServerConfigKeys (ConfUtils.java:logGet(46)) - raft.server.threadpool.proxy.size = 0 (default)
2023-09-07 04:48:15,834 [main] INFO  server.RaftServerConfigKeys (ConfUtils.java:logGet(46)) - raft.server.rpc.slowness.timeout = 300s (custom)
2023-09-07 04:48:15,838 [main] INFO  server.RaftServerConfigKeys (ConfUtils.java:logGet(46)) - raft.server.leaderelection.leader.step-down.wait-time = 10s (default)
2023-09-07 04:48:15,848 [main] INFO  server.RaftServerConfigKeys (ConfUtils.java:logGet(46)) - raft.server.storage.dir = [/home/runner/work/ozone/ozone/hadoop-ozone/integration-test/target/test-dir/MiniOzoneClusterImpl-34c981b6-280a-47ca-b885-362eca6d2b46/datanode-0/data/ratis] (custom)
2023-09-07 04:48:15,855 [8c6092c3-8da2-4ae2-b503-635dac77af5e-impl-thread1] INFO  server.RaftServer (RaftServerProxy.java:initGroupDir(258)) - 8c6092c3-8da2-4ae2-b503-635dac77af5e: found a subdirectory /home/runner/work/ozone/ozone/hadoop-ozone/integration-test/target/test-dir/MiniOzoneClusterImpl-34c981b6-280a-47ca-b885-362eca6d2b46/datanode-0/data/ratis/tmp
2023-09-07 04:48:15,863 [8c6092c3-8da2-4ae2-b503-635dac77af5e-impl-thread1] INFO  server.RaftServer (RaftServerProxy.java:initGroupDir(263)) - 8c6092c3-8da2-4ae2-b503-635dac77af5e: The directory /home/runner/work/ozone/ozone/hadoop-ozone/integration-test/target/test-dir/MiniOzoneClusterImpl-34c981b6-280a-47ca-b885-362eca6d2b46/datanode-0/data/ratis/tmp is not a group directory; ignoring it. 
2023-09-07 04:48:15,868 [main] INFO  replication.ReplicationServer (ReplicationServer.java:<init>(81)) - Initializing replication server with thread count = 10
2023-09-07 04:48:15,872 [8c6092c3-8da2-4ae2-b503-635dac77af5e-NettyServerStreamRpc-bossGroup--thread1] INFO  logging.LoggingHandler (AbstractInternalLogger.java:log(148)) - [id: 0x54edceb5] REGISTERED
2023-09-07 04:48:15,872 [8c6092c3-8da2-4ae2-b503-635dac77af5e-NettyServerStreamRpc-bossGroup--thread1] INFO  logging.LoggingHandler (AbstractInternalLogger.java:log(148)) - [id: 0x54edceb5] BIND: 0.0.0.0/0.0.0.0:15015
2023-09-07 04:48:15,873 [8c6092c3-8da2-4ae2-b503-635dac77af5e-NettyServerStreamRpc-bossGroup--thread1] INFO  logging.LoggingHandler (AbstractInternalLogger.java:log(148)) - [id: 0x54edceb5, L:/0:0:0:0:0:0:0:0:15015] ACTIVE
2023-09-07 04:48:15,899 [main] INFO  server.XceiverServerGrpc (XceiverServerGrpc.java:<init>(132)) - GrpcServer channel type EpollServerSocketChannel
2023-09-07 04:48:15,950 [main] INFO  replication.ReplicationSupervisor (ReplicationSupervisor.java:build(155)) - Initializing replication supervisor with thread count = 10
2023-09-07 04:48:15,951 [main] INFO  replication.ReplicationSupervisor (ReplicationSupervisor.java:nodeStateUpdated(307)) - Node state updated to IN_SERVICE, scaling executor pool size to 10
2023-09-07 04:48:16,017 [main] INFO  http.BaseHttpServer (BaseHttpServer.java:newHttpServer2BuilderForOzone(223)) - Starting Web-server for hddsDatanode at: http://0.0.0.0:15009
2023-09-07 04:48:16,017 [main] INFO  http.BaseHttpServer (BaseHttpServer.java:<init>(110)) - Hadoop Security Enabled: false Ozone Security Enabled: false Ozone HTTP Security Enabled: false 
2023-09-07 04:48:16,019 [main] WARN  server.AuthenticationFilter (AuthenticationFilter.java:constructSecretProvider(240)) - Unable to initialize FileSignerSecretProvider, falling back to use random secrets. Reason: Could not read signature secret file: /home/runner/hadoop-http-auth-signature-secret
2023-09-07 04:48:16,022 [main] INFO  http.HttpRequestLog (HttpRequestLog.java:getRequestLog(86)) - Http request log for http.requests.hddsDatanode is not defined
2023-09-07 04:48:16,024 [main] INFO  http.HttpServer2 (HttpServer2.java:addGlobalFilter(1031)) - Added global filter 'safety' (class=org.apache.hadoop.hdds.server.http.HttpServer2$QuotingInputFilter)
2023-09-07 04:48:16,025 [main] INFO  http.HttpServer2 (HttpServer2.java:addFilter(1007)) - Added filter static_user_filter (class=org.apache.hadoop.http.lib.StaticUserWebFilter$StaticUserFilter) to context hddsDatanode
2023-09-07 04:48:16,025 [main] INFO  http.HttpServer2 (HttpServer2.java:addFilter(1015)) - Added filter static_user_filter (class=org.apache.hadoop.http.lib.StaticUserWebFilter$StaticUserFilter) to context logs
2023-09-07 04:48:16,025 [main] INFO  http.HttpServer2 (HttpServer2.java:addFilter(1015)) - Added filter static_user_filter (class=org.apache.hadoop.http.lib.StaticUserWebFilter$StaticUserFilter) to context static
2023-09-07 04:48:16,027 [main] INFO  http.BaseHttpServer (BaseHttpServer.java:<init>(189)) - HTTP server of hddsDatanode uses base directory /home/runner/work/ozone/ozone/hadoop-ozone/integration-test/target/test-dir/MiniOzoneClusterImpl-34c981b6-280a-47ca-b885-362eca6d2b46/datanode-0/meta/webserver
2023-09-07 04:48:16,027 [main] INFO  http.HttpServer2 (HttpServer2.java:bindListener(1231)) - Jetty bound to port 15009
2023-09-07 04:48:16,027 [main] INFO  server.Server (Server.java:doStart(375)) - jetty-9.4.51.v20230217; built: 2023-02-17T08:19:37.309Z; git: b45c405e4544384de066f814ed42ae3dceacdd49; jvm 1.8.0_382-b05
2023-09-07 04:48:16,052 [main] INFO  server.session (DefaultSessionIdManager.java:doStart(334)) - DefaultSessionIdManager workerName=node0
2023-09-07 04:48:16,052 [main] INFO  server.session (DefaultSessionIdManager.java:doStart(339)) - No SessionScavenger set, using defaults
2023-09-07 04:48:16,053 [main] INFO  server.session (HouseKeeper.java:startScavenging(132)) - node0 Scavenging every 600000ms
2023-09-07 04:48:16,061 [main] INFO  handler.ContextHandler (ContextHandler.java:doStart(921)) - Started o.e.j.s.ServletContextHandler@780bc48d{logs,/logs,file:///home/runner/work/ozone/ozone/hadoop-ozone/integration-test/target/log,AVAILABLE}
2023-09-07 04:48:16,062 [main] INFO  handler.ContextHandler (ContextHandler.java:doStart(921)) - Started o.e.j.s.ServletContextHandler@3b1e96c2{static,/static,jar:file:/home/runner/.m2/repository/org/apache/ozone/hdds-container-service/1.4.0-SNAPSHOT/hdds-container-service-1.4.0-SNAPSHOT.jar!/webapps/static,AVAILABLE}
2023-09-07 04:48:16,089 [om1@group-C5BA1605619E-FollowerState] INFO  impl.FollowerState (FollowerState.java:run(143)) - om1@group-C5BA1605619E-FollowerState: change to CANDIDATE, lastRpcElapsedTime:1102149471ns, electionTimeout:1090ms
2023-09-07 04:48:16,091 [om1@group-C5BA1605619E-FollowerState] INFO  impl.RoleInfo (RoleInfo.java:shutdownFollowerState(110)) - om1: shutdown om1@group-C5BA1605619E-FollowerState
2023-09-07 04:48:16,091 [om1@group-C5BA1605619E-FollowerState] INFO  server.RaftServer$Division (RaftServerImpl.java:setRole(329)) - om1@group-C5BA1605619E: changes role from  FOLLOWER to CANDIDATE at term 0 for changeToCandidate
2023-09-07 04:48:16,096 [om1@group-C5BA1605619E-FollowerState] INFO  server.RaftServerConfigKeys (ConfUtils.java:logGet(46)) - raft.server.leaderelection.pre-vote = true (default)
2023-09-07 04:48:16,096 [om1@group-C5BA1605619E-FollowerState] INFO  impl.RoleInfo (RoleInfo.java:updateAndGet(139)) - om1: start om1@group-C5BA1605619E-LeaderElection1
2023-09-07 04:48:16,114 [om1@group-C5BA1605619E-LeaderElection1] INFO  impl.LeaderElection (LeaderElection.java:askForVotes(321)) - om1@group-C5BA1605619E-LeaderElection1 PRE_VOTE round 0: submit vote requests at term 0 for -1: peers:[om1|rpc:localhost:15007|priority:0|startupRole:FOLLOWER]|listeners:[], old=null
2023-09-07 04:48:16,116 [om1@group-C5BA1605619E-LeaderElection1] INFO  impl.LeaderElection (LeaderElection.java:askForVotes(323)) - om1@group-C5BA1605619E-LeaderElection1 PRE_VOTE round 0: result PASSED (term=0)
2023-09-07 04:48:16,126 [om1@group-C5BA1605619E-LeaderElection1] INFO  impl.LeaderElection (LeaderElection.java:askForVotes(321)) - om1@group-C5BA1605619E-LeaderElection1 ELECTION round 0: submit vote requests at term 1 for -1: peers:[om1|rpc:localhost:15007|priority:0|startupRole:FOLLOWER]|listeners:[], old=null
2023-09-07 04:48:16,127 [om1@group-C5BA1605619E-LeaderElection1] INFO  impl.LeaderElection (LeaderElection.java:askForVotes(323)) - om1@group-C5BA1605619E-LeaderElection1 ELECTION round 0: result PASSED (term=1)
2023-09-07 04:48:16,127 [om1@group-C5BA1605619E-LeaderElection1] INFO  impl.RoleInfo (RoleInfo.java:shutdownLeaderElection(130)) - om1: shutdown om1@group-C5BA1605619E-LeaderElection1
2023-09-07 04:48:16,128 [om1@group-C5BA1605619E-LeaderElection1] INFO  server.RaftServer$Division (RaftServerImpl.java:setRole(329)) - om1@group-C5BA1605619E: changes role from CANDIDATE to LEADER at term 1 for changeToLeader
2023-09-07 04:48:16,132 [om1@group-C5BA1605619E-LeaderElection1] INFO  server.RaftServer$Division (ServerState.java:setLeader(317)) - om1@group-C5BA1605619E: change Leader from null to om1 at term 1 for becomeLeader, leader elected after 2630ms
2023-09-07 04:48:16,151 [om1@group-C5BA1605619E-LeaderElection1] INFO  server.RaftServerConfigKeys (ConfUtils.java:logGet(46)) - raft.server.staging.catchup.gap = 1000 (default)
2023-09-07 04:48:16,164 [om1@group-C5BA1605619E-LeaderElection1] INFO  server.RaftServerConfigKeys (ConfUtils.java:logGet(46)) - raft.server.write.element-limit = 4096 (default)
2023-09-07 04:48:16,166 [om1@group-C5BA1605619E-LeaderElection1] INFO  server.RaftServerConfigKeys (ConfUtils.java:logGet(46)) - raft.server.write.byte-limit = 64MB (=67108864) (default)
2023-09-07 04:48:16,180 [om1@group-C5BA1605619E-LeaderElection1] INFO  server.RaftServerConfigKeys (ConfUtils.java:logGet(46)) - raft.server.watch.timeout = 10s (default)
2023-09-07 04:48:16,180 [om1@group-C5BA1605619E-LeaderElection1] INFO  server.RaftServerConfigKeys (ConfUtils.java:logGet(46)) - raft.server.watch.timeout.denomination = 1s (default)
2023-09-07 04:48:16,181 [om1@group-C5BA1605619E-LeaderElection1] INFO  server.RaftServerConfigKeys (ConfUtils.java:logGet(46)) - raft.server.watch.element-limit = 65536 (default)
2023-09-07 04:48:16,194 [om1@group-C5BA1605619E-LeaderElection1] INFO  server.RaftServerConfigKeys (ConfUtils.java:logGet(46)) - raft.server.write.element-limit = 4096 (default)
2023-09-07 04:48:16,200 [om1@group-C5BA1605619E-LeaderElection1] INFO  server.RaftServerConfigKeys (ConfUtils.java:logGet(46)) - raft.server.write.follower.gap.ratio.max = -1.0 (default)
2023-09-07 04:48:16,204 [om1@group-C5BA1605619E-LeaderElection1] INFO  impl.RoleInfo (RoleInfo.java:updateAndGet(139)) - om1: start om1@group-C5BA1605619E-LeaderStateImpl
2023-09-07 04:48:16,267 [om1@group-C5BA1605619E-LeaderElection1] INFO  segmented.SegmentedRaftLogWorker (SegmentedRaftLogWorker.java:startLogSegment(447)) - om1@group-C5BA1605619E-SegmentedRaftLogWorker: Starting segment from index:0
2023-09-07 04:48:16,378 [om1@group-C5BA1605619E-LeaderElection1] INFO  server.RaftServer$Division (ServerState.java:setRaftConf(434)) - om1@group-C5BA1605619E: set configuration 0: peers:[om1|rpc:localhost:15007|admin:|client:|dataStream:|priority:0|startupRole:FOLLOWER]|listeners:[], old=null
2023-09-07 04:48:16,481 [om1@group-C5BA1605619E-SegmentedRaftLogWorker] INFO  segmented.SegmentedRaftLogWorker (SegmentedRaftLogWorker.java:execute(651)) - om1@group-C5BA1605619E-SegmentedRaftLogWorker: created new log segment /home/runner/work/ozone/ozone/hadoop-ozone/integration-test/target/test-dir/MiniOzoneClusterImpl-34c981b6-280a-47ca-b885-362eca6d2b46/ozone-meta/ratis/bf265839-605b-3f16-9796-c5ba1605619e/current/log_inprogress_0
2023-09-07 04:48:16,631 [main] INFO  handler.ContextHandler (ContextHandler.java:doStart(921)) - Started o.e.j.w.WebAppContext@68cd34a{hddsDatanode,/,file:///home/runner/work/ozone/ozone/hadoop-ozone/integration-test/target/test-dir/MiniOzoneClusterImpl-34c981b6-280a-47ca-b885-362eca6d2b46/datanode-0/meta/webserver/jetty-0_0_0_0-15009-hdds-container-service-1_4_0-SNAPSHOT_jar-_-any-4511815975032303564/webapp/,AVAILABLE}{jar:file:/home/runner/.m2/repository/org/apache/ozone/hdds-container-service/1.4.0-SNAPSHOT/hdds-container-service-1.4.0-SNAPSHOT.jar!/webapps/hddsDatanode}
2023-09-07 04:48:16,634 [main] INFO  server.AbstractConnector (AbstractConnector.java:doStart(333)) - Started ServerConnector@481a6c9d{HTTP/1.1, (http/1.1)}{0.0.0.0:15009}
2023-09-07 04:48:16,635 [main] INFO  server.Server (Server.java:doStart(415)) - Started @12697ms
2023-09-07 04:48:16,635 [main] WARN  impl.MetricsSystemImpl (MetricsSystemImpl.java:register(279)) - Sink prometheus already exists!
2023-09-07 04:48:16,638 [main] INFO  http.BaseHttpServer (BaseHttpServer.java:updateConnectorAddress(354)) - HTTP server of hddsDatanode listening at http://0.0.0.0:15009
2023-09-07 04:48:16,645 [main] INFO  ipc.CallQueueManager (CallQueueManager.java:<init>(90)) - Using callQueue: class java.util.concurrent.LinkedBlockingQueue, queueCapacity: 100, scheduler: class org.apache.hadoop.ipc.DefaultRpcScheduler, ipcBackoff: false.
2023-09-07 04:48:16,646 [main] INFO  ipc.Server (Server.java:<init>(1287)) - Listener at 0.0.0.0:15010
2023-09-07 04:48:16,654 [Socket Reader #1 for port 15010] INFO  ipc.Server (Server.java:run(1323)) - Starting Socket Reader #1 for port 15010
2023-09-07 04:48:16,653 [om1@group-C5BA1605619E-StateMachineUpdater] INFO  ratis.OzoneManagerStateMachine (OzoneManagerStateMachine.java:notifyConfigurationChanged(202)) - Received Configuration change notification from Ratis. New Peer list:
[id: "om1"
address: "localhost:15007"
startupRole: FOLLOWER
]
2023-09-07 04:48:16,658 [main] INFO  ozone.HddsDatanodeService (HddsDatanodeService.java:start(315)) - Datanode start with admins: [runner]
2023-09-07 04:48:16,663 [main] INFO  ozone.HddsDatanodeClientProtocolServer (HddsDatanodeClientProtocolServer.java:start(72)) - RPC server for Client /0.0.0.0:15010
2023-09-07 04:48:16,669 [IPC Server Responder] INFO  ipc.Server (Server.java:run(1562)) - IPC Server Responder: starting
2023-09-07 04:48:16,670 [IPC Server listener on 15010] INFO  ipc.Server (Server.java:run(1402)) - IPC Server listener on 15010: starting
2023-09-07 04:48:16,676 [main] WARN  impl.MetricRegistriesImpl (MetricRegistriesImpl.java:addReporterRegistration(111)) - New reporters are added after registries were created. Some metrics will be missing from the reporter. Please add reporter before adding any new registry.
2023-09-07 04:48:16,677 [main] WARN  impl.MetricRegistriesImpl (MetricRegistriesImpl.java:addReporterRegistration(111)) - New reporters are added after registries were created. Some metrics will be missing from the reporter. Please add reporter before adding any new registry.
2023-09-07 04:48:16,677 [main] INFO  impl.MetricsSystemImpl (MetricsSystemImpl.java:init(158)) - HddsDatanode metrics system started (again)
2023-09-07 04:48:16,681 [Datanode State Machine Daemon Thread] INFO  statemachine.DatanodeStateMachine (DatanodeStateMachine.java:lambda$startDaemon$0(538)) - Ozone container server started.
2023-09-07 04:48:16,719 [main] INFO  ozone.HddsDatanodeService (HddsDatanodeService.java:start(237)) - HddsDatanodeService host:fv-az163-854.ksqkok1cighebdh5ckq0wc3qdf.dx.internal.cloudapp.net ip:10.1.0.9
2023-09-07 04:48:16,770 [main] INFO  upgrade.AbstractLayoutVersionManager (AbstractLayoutVersionManager.java:init(83)) - Initializing Layout version manager with metadata layout = HADOOP_PRC_PORTS_IN_DATANODEDETAILS (version = 7), software layout = HADOOP_PRC_PORTS_IN_DATANODEDETAILS (version = 7)
2023-09-07 04:48:16,772 [main] INFO  statemachine.DatanodeStateMachine (DatanodeStateMachine.java:getEndPointTaskThreadPoolSize(282)) - Datanode State Machine Task Thread Pool size 2
2023-09-07 04:48:16,787 [main] INFO  volume.HddsVolume (HddsVolume.java:<init>(126)) - Creating HddsVolume: /home/runner/work/ozone/ozone/hadoop-ozone/integration-test/target/test-dir/MiniOzoneClusterImpl-34c981b6-280a-47ca-b885-362eca6d2b46/datanode-1/data-0/containers/hdds of storage type : DISK capacity : 9223372036854775807
2023-09-07 04:48:16,788 [main] INFO  volume.MutableVolumeSet (MutableVolumeSet.java:initializeVolumeSet(173)) - Added Volume : /home/runner/work/ozone/ozone/hadoop-ozone/integration-test/target/test-dir/MiniOzoneClusterImpl-34c981b6-280a-47ca-b885-362eca6d2b46/datanode-1/data-0/containers/hdds to VolumeSet
2023-09-07 04:48:16,793 [main] INFO  volume.MutableVolumeSet (MutableVolumeSet.java:initializeVolumeSet(173)) - Added Volume : /home/runner/work/ozone/ozone/hadoop-ozone/integration-test/target/test-dir/MiniOzoneClusterImpl-34c981b6-280a-47ca-b885-362eca6d2b46/datanode-1/data/ratis to VolumeSet
2023-09-07 04:48:16,802 [Thread-159] INFO  ozoneimpl.ContainerReader (ContainerReader.java:readVolume(177)) - Finish verifying containers on volume /home/runner/work/ozone/ozone/hadoop-ozone/integration-test/target/test-dir/MiniOzoneClusterImpl-34c981b6-280a-47ca-b885-362eca6d2b46/datanode-1/data-0/containers/hdds
2023-09-07 04:48:16,803 [main] INFO  ozoneimpl.OzoneContainer (OzoneContainer.java:buildContainerSet(314)) - Build ContainerSet costs 0s
2023-09-07 04:48:16,814 [main] INFO  server.RaftServer (ConfUtils.java:logGet(46)) - raft.rpc.type = GRPC (default)
2023-09-07 04:48:16,815 [main] INFO  grpc.GrpcConfigKeys (ConfUtils.java:logFallback(53)) - raft.grpc.admin.host = null (fallback to raft.grpc.server.host)
2023-09-07 04:48:16,815 [main] INFO  grpc.GrpcConfigKeys (ConfUtils.java:logGet(46)) - raft.grpc.admin.port = 15022 (custom)
2023-09-07 04:48:16,815 [main] INFO  grpc.GrpcConfigKeys (ConfUtils.java:logFallback(53)) - raft.grpc.client.host = null (fallback to raft.grpc.server.host)
2023-09-07 04:48:16,830 [main] INFO  grpc.GrpcConfigKeys (ConfUtils.java:logGet(46)) - raft.grpc.client.port = 15021 (custom)
2023-09-07 04:48:16,830 [main] INFO  grpc.GrpcConfigKeys (ConfUtils.java:logGet(46)) - raft.grpc.server.host = null (default)
2023-09-07 04:48:16,830 [main] INFO  grpc.GrpcConfigKeys (ConfUtils.java:logGet(46)) - raft.grpc.server.port = 15023 (custom)
2023-09-07 04:48:16,831 [main] INFO  server.GrpcService (ConfUtils.java:logGet(46)) - raft.grpc.message.size.max = 32MB (=33554432) (custom)
2023-09-07 04:48:16,831 [main] INFO  server.RaftServerConfigKeys (ConfUtils.java:logGet(46)) - raft.server.log.appender.buffer.byte-limit = 33554432 (custom)
2023-09-07 04:48:16,831 [main] INFO  server.GrpcService (ConfUtils.java:logGet(46)) - raft.grpc.flow.control.window = 5MB (=5242880) (custom)
2023-09-07 04:48:16,831 [main] INFO  server.RaftServerConfigKeys (ConfUtils.java:logGet(46)) - raft.server.rpc.request.timeout = 60s (custom)
2023-09-07 04:48:16,831 [main] INFO  grpc.GrpcConfigKeys (ConfUtils.java:logGet(46)) - raft.grpc.server.heartbeat.channel = true (default)
2023-09-07 04:48:16,832 [main] INFO  grpc.GrpcConfigKeys (ConfUtils.java:logGet(46)) - raft.grpc.server.async.request.thread.pool.cached = true (default)
2023-09-07 04:48:16,832 [main] INFO  grpc.GrpcConfigKeys (ConfUtils.java:logGet(46)) - raft.grpc.server.async.request.thread.pool.size = 32 (default)
2023-09-07 04:48:16,843 [main] INFO  impl.DataStreamServerImpl (ConfUtils.java:logGet(46)) - raft.datastream.type = NETTY (custom)
2023-09-07 04:48:16,844 [main] INFO  server.RaftServerConfigKeys (ConfUtils.java:logGet(46)) - raft.server.data-stream.async.request.thread.pool.cached = false (default)
2023-09-07 04:48:16,844 [main] INFO  server.RaftServerConfigKeys (ConfUtils.java:logGet(46)) - raft.server.data-stream.async.request.thread.pool.size = 20 (custom)
2023-09-07 04:48:16,844 [main] INFO  server.RaftServerConfigKeys (ConfUtils.java:logGet(46)) - raft.server.data-stream.async.write.thread.pool.size = 16 (default)
2023-09-07 04:48:16,844 [main] INFO  server.RaftServerConfigKeys (ConfUtils.java:logGet(46)) - raft.server.data-stream.client.pool.size = 10 (default)
2023-09-07 04:48:16,845 [main] INFO  netty.NettyConfigKeys$DataStream (ConfUtils.java:logGet(46)) - raft.netty.dataStream.server.use-epoll = false (default)
2023-09-07 04:48:16,845 [main] INFO  netty.NettyConfigKeys$DataStream (ConfUtils.java:logGet(46)) - raft.netty.dataStream.server.boss-group.size = 0 (default)
2023-09-07 04:48:16,846 [main] INFO  netty.NettyConfigKeys$DataStream (ConfUtils.java:logGet(46)) - raft.netty.dataStream.server.worker-group.size = 0 (default)
2023-09-07 04:48:16,846 [main] INFO  netty.NettyConfigKeys$DataStream (ConfUtils.java:logGet(46)) - raft.netty.dataStream.server.tls.conf = null (default)
2023-09-07 04:48:16,846 [main] INFO  netty.NettyConfigKeys$DataStream (ConfUtils.java:logGet(46)) - raft.netty.dataStream.host = null (default)
2023-09-07 04:48:16,847 [main] INFO  netty.NettyConfigKeys$DataStream (ConfUtils.java:logGet(46)) - raft.netty.dataStream.port = 15024 (custom)
2023-09-07 04:48:16,853 [main] INFO  server.RaftServerConfigKeys (ConfUtils.java:logGet(46)) - raft.server.threadpool.proxy.cached = true (default)
2023-09-07 04:48:16,853 [main] INFO  server.RaftServerConfigKeys (ConfUtils.java:logGet(46)) - raft.server.threadpool.proxy.size = 0 (default)
2023-09-07 04:48:16,854 [main] INFO  server.RaftServerConfigKeys (ConfUtils.java:logGet(46)) - raft.server.rpc.slowness.timeout = 300s (custom)
2023-09-07 04:48:16,854 [main] INFO  server.RaftServerConfigKeys (ConfUtils.java:logGet(46)) - raft.server.leaderelection.leader.step-down.wait-time = 10s (default)
2023-09-07 04:48:16,854 [main] INFO  server.RaftServerConfigKeys (ConfUtils.java:logGet(46)) - raft.server.storage.dir = [/home/runner/work/ozone/ozone/hadoop-ozone/integration-test/target/test-dir/MiniOzoneClusterImpl-34c981b6-280a-47ca-b885-362eca6d2b46/datanode-1/data/ratis] (custom)
2023-09-07 04:48:16,858 [b1275f2d-39ad-471b-b40b-6b5e810ed750-NettyServerStreamRpc-bossGroup--thread1] INFO  logging.LoggingHandler (AbstractInternalLogger.java:log(148)) - [id: 0x24e2ce93] REGISTERED
2023-09-07 04:48:16,858 [b1275f2d-39ad-471b-b40b-6b5e810ed750-NettyServerStreamRpc-bossGroup--thread1] INFO  logging.LoggingHandler (AbstractInternalLogger.java:log(148)) - [id: 0x24e2ce93] BIND: 0.0.0.0/0.0.0.0:15024
2023-09-07 04:48:16,858 [b1275f2d-39ad-471b-b40b-6b5e810ed750-NettyServerStreamRpc-bossGroup--thread1] INFO  logging.LoggingHandler (AbstractInternalLogger.java:log(148)) - [id: 0x24e2ce93, L:/0:0:0:0:0:0:0:0:15024] ACTIVE
2023-09-07 04:48:16,863 [b1275f2d-39ad-471b-b40b-6b5e810ed750-impl-thread1] INFO  server.RaftServer (RaftServerProxy.java:initGroupDir(258)) - b1275f2d-39ad-471b-b40b-6b5e810ed750: found a subdirectory /home/runner/work/ozone/ozone/hadoop-ozone/integration-test/target/test-dir/MiniOzoneClusterImpl-34c981b6-280a-47ca-b885-362eca6d2b46/datanode-1/data/ratis/tmp
2023-09-07 04:48:16,863 [b1275f2d-39ad-471b-b40b-6b5e810ed750-impl-thread1] INFO  server.RaftServer (RaftServerProxy.java:initGroupDir(263)) - b1275f2d-39ad-471b-b40b-6b5e810ed750: The directory /home/runner/work/ozone/ozone/hadoop-ozone/integration-test/target/test-dir/MiniOzoneClusterImpl-34c981b6-280a-47ca-b885-362eca6d2b46/datanode-1/data/ratis/tmp is not a group directory; ignoring it. 
2023-09-07 04:48:16,864 [main] INFO  replication.ReplicationServer (ReplicationServer.java:<init>(81)) - Initializing replication server with thread count = 10
2023-09-07 04:48:16,866 [main] INFO  server.XceiverServerGrpc (XceiverServerGrpc.java:<init>(132)) - GrpcServer channel type EpollServerSocketChannel
2023-09-07 04:48:16,869 [main] INFO  replication.ReplicationSupervisor (ReplicationSupervisor.java:build(155)) - Initializing replication supervisor with thread count = 10
2023-09-07 04:48:16,870 [main] INFO  replication.ReplicationSupervisor (ReplicationSupervisor.java:nodeStateUpdated(307)) - Node state updated to IN_SERVICE, scaling executor pool size to 10
2023-09-07 04:48:16,894 [main] INFO  http.BaseHttpServer (BaseHttpServer.java:newHttpServer2BuilderForOzone(223)) - Starting Web-server for hddsDatanode at: http://0.0.0.0:15018
2023-09-07 04:48:16,895 [main] INFO  http.BaseHttpServer (BaseHttpServer.java:<init>(110)) - Hadoop Security Enabled: false Ozone Security Enabled: false Ozone HTTP Security Enabled: false 
2023-09-07 04:48:16,898 [main] WARN  server.AuthenticationFilter (AuthenticationFilter.java:constructSecretProvider(240)) - Unable to initialize FileSignerSecretProvider, falling back to use random secrets. Reason: Could not read signature secret file: /home/runner/hadoop-http-auth-signature-secret
2023-09-07 04:48:16,907 [main] INFO  http.HttpRequestLog (HttpRequestLog.java:getRequestLog(86)) - Http request log for http.requests.hddsDatanode is not defined
2023-09-07 04:48:16,910 [main] INFO  http.HttpServer2 (HttpServer2.java:addGlobalFilter(1031)) - Added global filter 'safety' (class=org.apache.hadoop.hdds.server.http.HttpServer2$QuotingInputFilter)
2023-09-07 04:48:16,911 [Datanode State Machine Task Thread - 0] INFO  datanode.InitDatanodeState (InitDatanodeState.java:persistContainerDatanodeDetails(138)) - DatanodeDetails is persisted to /home/runner/work/ozone/ozone/hadoop-ozone/integration-test/target/test-dir/MiniOzoneClusterImpl-34c981b6-280a-47ca-b885-362eca6d2b46/datanode-0/meta/datanode.id
2023-09-07 04:48:16,912 [main] INFO  http.HttpServer2 (HttpServer2.java:addFilter(1007)) - Added filter static_user_filter (class=org.apache.hadoop.http.lib.StaticUserWebFilter$StaticUserFilter) to context hddsDatanode
2023-09-07 04:48:16,912 [main] INFO  http.HttpServer2 (HttpServer2.java:addFilter(1015)) - Added filter static_user_filter (class=org.apache.hadoop.http.lib.StaticUserWebFilter$StaticUserFilter) to context logs
2023-09-07 04:48:16,912 [main] INFO  http.HttpServer2 (HttpServer2.java:addFilter(1015)) - Added filter static_user_filter (class=org.apache.hadoop.http.lib.StaticUserWebFilter$StaticUserFilter) to context static
2023-09-07 04:48:16,913 [main] INFO  http.BaseHttpServer (BaseHttpServer.java:<init>(189)) - HTTP server of hddsDatanode uses base directory /home/runner/work/ozone/ozone/hadoop-ozone/integration-test/target/test-dir/MiniOzoneClusterImpl-34c981b6-280a-47ca-b885-362eca6d2b46/datanode-1/meta/webserver
2023-09-07 04:48:16,914 [main] INFO  http.HttpServer2 (HttpServer2.java:bindListener(1231)) - Jetty bound to port 15018
2023-09-07 04:48:16,914 [main] INFO  server.Server (Server.java:doStart(375)) - jetty-9.4.51.v20230217; built: 2023-02-17T08:19:37.309Z; git: b45c405e4544384de066f814ed42ae3dceacdd49; jvm 1.8.0_382-b05
2023-09-07 04:48:16,918 [main] INFO  server.session (DefaultSessionIdManager.java:doStart(334)) - DefaultSessionIdManager workerName=node0
2023-09-07 04:48:16,918 [main] INFO  server.session (DefaultSessionIdManager.java:doStart(339)) - No SessionScavenger set, using defaults
2023-09-07 04:48:16,918 [main] INFO  server.session (HouseKeeper.java:startScavenging(132)) - node0 Scavenging every 660000ms
2023-09-07 04:48:16,919 [main] INFO  handler.ContextHandler (ContextHandler.java:doStart(921)) - Started o.e.j.s.ServletContextHandler@112dbb6c{logs,/logs,file:///home/runner/work/ozone/ozone/hadoop-ozone/integration-test/target/log,AVAILABLE}
2023-09-07 04:48:16,920 [main] INFO  handler.ContextHandler (ContextHandler.java:doStart(921)) - Started o.e.j.s.ServletContextHandler@72e9940f{static,/static,jar:file:/home/runner/.m2/repository/org/apache/ozone/hdds-container-service/1.4.0-SNAPSHOT/hdds-container-service-1.4.0-SNAPSHOT.jar!/webapps/static,AVAILABLE}
2023-09-07 04:48:17,195 [main] INFO  handler.ContextHandler (ContextHandler.java:doStart(921)) - Started o.e.j.w.WebAppContext@1e3215f7{hddsDatanode,/,file:///home/runner/work/ozone/ozone/hadoop-ozone/integration-test/target/test-dir/MiniOzoneClusterImpl-34c981b6-280a-47ca-b885-362eca6d2b46/datanode-1/meta/webserver/jetty-0_0_0_0-15018-hdds-container-service-1_4_0-SNAPSHOT_jar-_-any-706187650553903852/webapp/,AVAILABLE}{jar:file:/home/runner/.m2/repository/org/apache/ozone/hdds-container-service/1.4.0-SNAPSHOT/hdds-container-service-1.4.0-SNAPSHOT.jar!/webapps/hddsDatanode}
2023-09-07 04:48:17,200 [main] INFO  server.AbstractConnector (AbstractConnector.java:doStart(333)) - Started ServerConnector@4397f201{HTTP/1.1, (http/1.1)}{0.0.0.0:15018}
2023-09-07 04:48:17,200 [main] INFO  server.Server (Server.java:doStart(415)) - Started @13263ms
2023-09-07 04:48:17,201 [main] WARN  impl.MetricsSystemImpl (MetricsSystemImpl.java:register(279)) - Sink prometheus already exists!
2023-09-07 04:48:17,203 [main] INFO  http.BaseHttpServer (BaseHttpServer.java:updateConnectorAddress(354)) - HTTP server of hddsDatanode listening at http://0.0.0.0:15018
2023-09-07 04:48:17,204 [main] INFO  ipc.CallQueueManager (CallQueueManager.java:<init>(90)) - Using callQueue: class java.util.concurrent.LinkedBlockingQueue, queueCapacity: 100, scheduler: class org.apache.hadoop.ipc.DefaultRpcScheduler, ipcBackoff: false.
2023-09-07 04:48:17,204 [main] INFO  ipc.Server (Server.java:<init>(1287)) - Listener at 0.0.0.0:15019
2023-09-07 04:48:17,212 [Socket Reader #1 for port 15019] INFO  ipc.Server (Server.java:run(1323)) - Starting Socket Reader #1 for port 15019
2023-09-07 04:48:17,219 [main] INFO  ozone.HddsDatanodeService (HddsDatanodeService.java:start(315)) - Datanode start with admins: [runner]
2023-09-07 04:48:17,219 [main] INFO  ozone.HddsDatanodeClientProtocolServer (HddsDatanodeClientProtocolServer.java:start(72)) - RPC server for Client /0.0.0.0:15019
2023-09-07 04:48:17,222 [IPC Server Responder] INFO  ipc.Server (Server.java:run(1562)) - IPC Server Responder: starting
2023-09-07 04:48:17,226 [IPC Server listener on 15019] INFO  ipc.Server (Server.java:run(1402)) - IPC Server listener on 15019: starting
2023-09-07 04:48:17,228 [main] WARN  impl.MetricRegistriesImpl (MetricRegistriesImpl.java:addReporterRegistration(111)) - New reporters are added after registries were created. Some metrics will be missing from the reporter. Please add reporter before adding any new registry.
2023-09-07 04:48:17,228 [main] WARN  impl.MetricRegistriesImpl (MetricRegistriesImpl.java:addReporterRegistration(111)) - New reporters are added after registries were created. Some metrics will be missing from the reporter. Please add reporter before adding any new registry.
2023-09-07 04:48:17,228 [main] INFO  impl.MetricsSystemImpl (MetricsSystemImpl.java:init(158)) - HddsDatanode metrics system started (again)
2023-09-07 04:48:17,234 [Datanode State Machine Daemon Thread] INFO  statemachine.DatanodeStateMachine (DatanodeStateMachine.java:lambda$startDaemon$0(538)) - Ozone container server started.
2023-09-07 04:48:17,266 [main] INFO  ozone.HddsDatanodeService (HddsDatanodeService.java:start(237)) - HddsDatanodeService host:fv-az163-854.ksqkok1cighebdh5ckq0wc3qdf.dx.internal.cloudapp.net ip:10.1.0.9
2023-09-07 04:48:17,280 [Datanode State Machine Task Thread - 0] INFO  datanode.InitDatanodeState (InitDatanodeState.java:persistContainerDatanodeDetails(138)) - DatanodeDetails is persisted to /home/runner/work/ozone/ozone/hadoop-ozone/integration-test/target/test-dir/MiniOzoneClusterImpl-34c981b6-280a-47ca-b885-362eca6d2b46/datanode-1/meta/datanode.id
2023-09-07 04:48:17,325 [main] INFO  upgrade.AbstractLayoutVersionManager (AbstractLayoutVersionManager.java:init(83)) - Initializing Layout version manager with metadata layout = HADOOP_PRC_PORTS_IN_DATANODEDETAILS (version = 7), software layout = HADOOP_PRC_PORTS_IN_DATANODEDETAILS (version = 7)
2023-09-07 04:48:17,331 [main] INFO  statemachine.DatanodeStateMachine (DatanodeStateMachine.java:getEndPointTaskThreadPoolSize(282)) - Datanode State Machine Task Thread Pool size 2
2023-09-07 04:48:17,341 [main] INFO  volume.HddsVolume (HddsVolume.java:<init>(126)) - Creating HddsVolume: /home/runner/work/ozone/ozone/hadoop-ozone/integration-test/target/test-dir/MiniOzoneClusterImpl-34c981b6-280a-47ca-b885-362eca6d2b46/datanode-2/data-0/containers/hdds of storage type : DISK capacity : 9223372036854775807
2023-09-07 04:48:17,345 [main] INFO  volume.MutableVolumeSet (MutableVolumeSet.java:initializeVolumeSet(173)) - Added Volume : /home/runner/work/ozone/ozone/hadoop-ozone/integration-test/target/test-dir/MiniOzoneClusterImpl-34c981b6-280a-47ca-b885-362eca6d2b46/datanode-2/data-0/containers/hdds to VolumeSet
2023-09-07 04:48:17,347 [main] INFO  volume.MutableVolumeSet (MutableVolumeSet.java:initializeVolumeSet(173)) - Added Volume : /home/runner/work/ozone/ozone/hadoop-ozone/integration-test/target/test-dir/MiniOzoneClusterImpl-34c981b6-280a-47ca-b885-362eca6d2b46/datanode-2/data/ratis to VolumeSet
2023-09-07 04:48:17,350 [Thread-176] INFO  ozoneimpl.ContainerReader (ContainerReader.java:readVolume(177)) - Finish verifying containers on volume /home/runner/work/ozone/ozone/hadoop-ozone/integration-test/target/test-dir/MiniOzoneClusterImpl-34c981b6-280a-47ca-b885-362eca6d2b46/datanode-2/data-0/containers/hdds
2023-09-07 04:48:17,351 [main] INFO  ozoneimpl.OzoneContainer (OzoneContainer.java:buildContainerSet(314)) - Build ContainerSet costs 0s
2023-09-07 04:48:17,361 [main] INFO  server.RaftServer (ConfUtils.java:logGet(46)) - raft.rpc.type = GRPC (default)
2023-09-07 04:48:17,363 [main] INFO  grpc.GrpcConfigKeys (ConfUtils.java:logFallback(53)) - raft.grpc.admin.host = null (fallback to raft.grpc.server.host)
2023-09-07 04:48:17,363 [main] INFO  grpc.GrpcConfigKeys (ConfUtils.java:logGet(46)) - raft.grpc.admin.port = 15031 (custom)
2023-09-07 04:48:17,363 [main] INFO  grpc.GrpcConfigKeys (ConfUtils.java:logFallback(53)) - raft.grpc.client.host = null (fallback to raft.grpc.server.host)
2023-09-07 04:48:17,363 [main] INFO  grpc.GrpcConfigKeys (ConfUtils.java:logGet(46)) - raft.grpc.client.port = 15030 (custom)
2023-09-07 04:48:17,364 [main] INFO  grpc.GrpcConfigKeys (ConfUtils.java:logGet(46)) - raft.grpc.server.host = null (default)
2023-09-07 04:48:17,364 [main] INFO  grpc.GrpcConfigKeys (ConfUtils.java:logGet(46)) - raft.grpc.server.port = 15032 (custom)
2023-09-07 04:48:17,365 [main] INFO  server.GrpcService (ConfUtils.java:logGet(46)) - raft.grpc.message.size.max = 32MB (=33554432) (custom)
2023-09-07 04:48:17,365 [main] INFO  server.RaftServerConfigKeys (ConfUtils.java:logGet(46)) - raft.server.log.appender.buffer.byte-limit = 33554432 (custom)
2023-09-07 04:48:17,365 [main] INFO  server.GrpcService (ConfUtils.java:logGet(46)) - raft.grpc.flow.control.window = 5MB (=5242880) (custom)
2023-09-07 04:48:17,365 [main] INFO  server.RaftServerConfigKeys (ConfUtils.java:logGet(46)) - raft.server.rpc.request.timeout = 60s (custom)
2023-09-07 04:48:17,366 [main] INFO  grpc.GrpcConfigKeys (ConfUtils.java:logGet(46)) - raft.grpc.server.heartbeat.channel = true (default)
2023-09-07 04:48:17,366 [main] INFO  grpc.GrpcConfigKeys (ConfUtils.java:logGet(46)) - raft.grpc.server.async.request.thread.pool.cached = true (default)
2023-09-07 04:48:17,366 [main] INFO  grpc.GrpcConfigKeys (ConfUtils.java:logGet(46)) - raft.grpc.server.async.request.thread.pool.size = 32 (default)
2023-09-07 04:48:17,369 [main] INFO  impl.DataStreamServerImpl (ConfUtils.java:logGet(46)) - raft.datastream.type = NETTY (custom)
2023-09-07 04:48:17,370 [main] INFO  server.RaftServerConfigKeys (ConfUtils.java:logGet(46)) - raft.server.data-stream.async.request.thread.pool.cached = false (default)
2023-09-07 04:48:17,370 [main] INFO  server.RaftServerConfigKeys (ConfUtils.java:logGet(46)) - raft.server.data-stream.async.request.thread.pool.size = 20 (custom)
2023-09-07 04:48:17,371 [main] INFO  server.RaftServerConfigKeys (ConfUtils.java:logGet(46)) - raft.server.data-stream.async.write.thread.pool.size = 16 (default)
2023-09-07 04:48:17,371 [main] INFO  server.RaftServerConfigKeys (ConfUtils.java:logGet(46)) - raft.server.data-stream.client.pool.size = 10 (default)
2023-09-07 04:48:17,371 [main] INFO  netty.NettyConfigKeys$DataStream (ConfUtils.java:logGet(46)) - raft.netty.dataStream.server.use-epoll = false (default)
2023-09-07 04:48:17,371 [main] INFO  netty.NettyConfigKeys$DataStream (ConfUtils.java:logGet(46)) - raft.netty.dataStream.server.boss-group.size = 0 (default)
2023-09-07 04:48:17,372 [main] INFO  netty.NettyConfigKeys$DataStream (ConfUtils.java:logGet(46)) - raft.netty.dataStream.server.worker-group.size = 0 (default)
2023-09-07 04:48:17,372 [main] INFO  netty.NettyConfigKeys$DataStream (ConfUtils.java:logGet(46)) - raft.netty.dataStream.server.tls.conf = null (default)
2023-09-07 04:48:17,373 [main] INFO  netty.NettyConfigKeys$DataStream (ConfUtils.java:logGet(46)) - raft.netty.dataStream.host = null (default)
2023-09-07 04:48:17,373 [main] INFO  netty.NettyConfigKeys$DataStream (ConfUtils.java:logGet(46)) - raft.netty.dataStream.port = 15033 (custom)
2023-09-07 04:48:17,377 [main] INFO  server.RaftServerConfigKeys (ConfUtils.java:logGet(46)) - raft.server.threadpool.proxy.cached = true (default)
2023-09-07 04:48:17,378 [main] INFO  server.RaftServerConfigKeys (ConfUtils.java:logGet(46)) - raft.server.threadpool.proxy.size = 0 (default)
2023-09-07 04:48:17,378 [main] INFO  server.RaftServerConfigKeys (ConfUtils.java:logGet(46)) - raft.server.rpc.slowness.timeout = 300s (custom)
2023-09-07 04:48:17,379 [main] INFO  server.RaftServerConfigKeys (ConfUtils.java:logGet(46)) - raft.server.leaderelection.leader.step-down.wait-time = 10s (default)
2023-09-07 04:48:17,379 [main] INFO  server.RaftServerConfigKeys (ConfUtils.java:logGet(46)) - raft.server.storage.dir = [/home/runner/work/ozone/ozone/hadoop-ozone/integration-test/target/test-dir/MiniOzoneClusterImpl-34c981b6-280a-47ca-b885-362eca6d2b46/datanode-2/data/ratis] (custom)
2023-09-07 04:48:17,390 [0eb6895c-dd30-4da0-bb92-00e2e7e9df9f-impl-thread1] INFO  server.RaftServer (RaftServerProxy.java:initGroupDir(258)) - 0eb6895c-dd30-4da0-bb92-00e2e7e9df9f: found a subdirectory /home/runner/work/ozone/ozone/hadoop-ozone/integration-test/target/test-dir/MiniOzoneClusterImpl-34c981b6-280a-47ca-b885-362eca6d2b46/datanode-2/data/ratis/tmp
2023-09-07 04:48:17,391 [0eb6895c-dd30-4da0-bb92-00e2e7e9df9f-impl-thread1] INFO  server.RaftServer (RaftServerProxy.java:initGroupDir(263)) - 0eb6895c-dd30-4da0-bb92-00e2e7e9df9f: The directory /home/runner/work/ozone/ozone/hadoop-ozone/integration-test/target/test-dir/MiniOzoneClusterImpl-34c981b6-280a-47ca-b885-362eca6d2b46/datanode-2/data/ratis/tmp is not a group directory; ignoring it. 
2023-09-07 04:48:17,391 [0eb6895c-dd30-4da0-bb92-00e2e7e9df9f-NettyServerStreamRpc-bossGroup--thread1] INFO  logging.LoggingHandler (AbstractInternalLogger.java:log(148)) - [id: 0xc2cf229f] REGISTERED
2023-09-07 04:48:17,392 [0eb6895c-dd30-4da0-bb92-00e2e7e9df9f-NettyServerStreamRpc-bossGroup--thread1] INFO  logging.LoggingHandler (AbstractInternalLogger.java:log(148)) - [id: 0xc2cf229f] BIND: 0.0.0.0/0.0.0.0:15033
2023-09-07 04:48:17,392 [0eb6895c-dd30-4da0-bb92-00e2e7e9df9f-NettyServerStreamRpc-bossGroup--thread1] INFO  logging.LoggingHandler (AbstractInternalLogger.java:log(148)) - [id: 0xc2cf229f, L:/0:0:0:0:0:0:0:0:15033] ACTIVE
2023-09-07 04:48:17,392 [main] INFO  replication.ReplicationServer (ReplicationServer.java:<init>(81)) - Initializing replication server with thread count = 10
2023-09-07 04:48:17,395 [main] INFO  server.XceiverServerGrpc (XceiverServerGrpc.java:<init>(132)) - GrpcServer channel type EpollServerSocketChannel
2023-09-07 04:48:17,400 [main] INFO  replication.ReplicationSupervisor (ReplicationSupervisor.java:build(155)) - Initializing replication supervisor with thread count = 10
2023-09-07 04:48:17,401 [main] INFO  replication.ReplicationSupervisor (ReplicationSupervisor.java:nodeStateUpdated(307)) - Node state updated to IN_SERVICE, scaling executor pool size to 10
2023-09-07 04:48:17,410 [main] INFO  http.BaseHttpServer (BaseHttpServer.java:newHttpServer2BuilderForOzone(223)) - Starting Web-server for hddsDatanode at: http://0.0.0.0:15027
2023-09-07 04:48:17,410 [main] INFO  http.BaseHttpServer (BaseHttpServer.java:<init>(110)) - Hadoop Security Enabled: false Ozone Security Enabled: false Ozone HTTP Security Enabled: false 
2023-09-07 04:48:17,412 [main] WARN  server.AuthenticationFilter (AuthenticationFilter.java:constructSecretProvider(240)) - Unable to initialize FileSignerSecretProvider, falling back to use random secrets. Reason: Could not read signature secret file: /home/runner/hadoop-http-auth-signature-secret
2023-09-07 04:48:17,413 [main] INFO  http.HttpRequestLog (HttpRequestLog.java:getRequestLog(86)) - Http request log for http.requests.hddsDatanode is not defined
2023-09-07 04:48:17,415 [main] INFO  http.HttpServer2 (HttpServer2.java:addGlobalFilter(1031)) - Added global filter 'safety' (class=org.apache.hadoop.hdds.server.http.HttpServer2$QuotingInputFilter)
2023-09-07 04:48:17,449 [main] INFO  http.HttpServer2 (HttpServer2.java:addFilter(1007)) - Added filter static_user_filter (class=org.apache.hadoop.http.lib.StaticUserWebFilter$StaticUserFilter) to context hddsDatanode
2023-09-07 04:48:17,450 [main] INFO  http.HttpServer2 (HttpServer2.java:addFilter(1015)) - Added filter static_user_filter (class=org.apache.hadoop.http.lib.StaticUserWebFilter$StaticUserFilter) to context logs
2023-09-07 04:48:17,450 [main] INFO  http.HttpServer2 (HttpServer2.java:addFilter(1015)) - Added filter static_user_filter (class=org.apache.hadoop.http.lib.StaticUserWebFilter$StaticUserFilter) to context static
2023-09-07 04:48:17,451 [main] INFO  http.BaseHttpServer (BaseHttpServer.java:<init>(189)) - HTTP server of hddsDatanode uses base directory /home/runner/work/ozone/ozone/hadoop-ozone/integration-test/target/test-dir/MiniOzoneClusterImpl-34c981b6-280a-47ca-b885-362eca6d2b46/datanode-2/meta/webserver
2023-09-07 04:48:17,451 [main] INFO  http.HttpServer2 (HttpServer2.java:bindListener(1231)) - Jetty bound to port 15027
2023-09-07 04:48:17,451 [main] INFO  server.Server (Server.java:doStart(375)) - jetty-9.4.51.v20230217; built: 2023-02-17T08:19:37.309Z; git: b45c405e4544384de066f814ed42ae3dceacdd49; jvm 1.8.0_382-b05
2023-09-07 04:48:17,461 [main] INFO  server.session (DefaultSessionIdManager.java:doStart(334)) - DefaultSessionIdManager workerName=node0
2023-09-07 04:48:17,461 [main] INFO  server.session (DefaultSessionIdManager.java:doStart(339)) - No SessionScavenger set, using defaults
2023-09-07 04:48:17,462 [main] INFO  server.session (HouseKeeper.java:startScavenging(132)) - node0 Scavenging every 660000ms
2023-09-07 04:48:17,463 [main] INFO  handler.ContextHandler (ContextHandler.java:doStart(921)) - Started o.e.j.s.ServletContextHandler@14af08ac{logs,/logs,file:///home/runner/work/ozone/ozone/hadoop-ozone/integration-test/target/log,AVAILABLE}
2023-09-07 04:48:17,464 [main] INFO  handler.ContextHandler (ContextHandler.java:doStart(921)) - Started o.e.j.s.ServletContextHandler@6ef4d437{static,/static,jar:file:/home/runner/.m2/repository/org/apache/ozone/hdds-container-service/1.4.0-SNAPSHOT/hdds-container-service-1.4.0-SNAPSHOT.jar!/webapps/static,AVAILABLE}
2023-09-07 04:48:17,721 [main] INFO  handler.ContextHandler (ContextHandler.java:doStart(921)) - Started o.e.j.w.WebAppContext@3cf3616c{hddsDatanode,/,file:///home/runner/work/ozone/ozone/hadoop-ozone/integration-test/target/test-dir/MiniOzoneClusterImpl-34c981b6-280a-47ca-b885-362eca6d2b46/datanode-2/meta/webserver/jetty-0_0_0_0-15027-hdds-container-service-1_4_0-SNAPSHOT_jar-_-any-2530014206790058249/webapp/,AVAILABLE}{jar:file:/home/runner/.m2/repository/org/apache/ozone/hdds-container-service/1.4.0-SNAPSHOT/hdds-container-service-1.4.0-SNAPSHOT.jar!/webapps/hddsDatanode}
2023-09-07 04:48:17,723 [main] INFO  server.AbstractConnector (AbstractConnector.java:doStart(333)) - Started ServerConnector@60344d8f{HTTP/1.1, (http/1.1)}{0.0.0.0:15027}
2023-09-07 04:48:17,723 [main] INFO  server.Server (Server.java:doStart(415)) - Started @13786ms
2023-09-07 04:48:17,723 [main] WARN  impl.MetricsSystemImpl (MetricsSystemImpl.java:register(279)) - Sink prometheus already exists!
2023-09-07 04:48:17,724 [main] INFO  http.BaseHttpServer (BaseHttpServer.java:updateConnectorAddress(354)) - HTTP server of hddsDatanode listening at http://0.0.0.0:15027
2023-09-07 04:48:17,724 [main] INFO  ipc.CallQueueManager (CallQueueManager.java:<init>(90)) - Using callQueue: class java.util.concurrent.LinkedBlockingQueue, queueCapacity: 100, scheduler: class org.apache.hadoop.ipc.DefaultRpcScheduler, ipcBackoff: false.
2023-09-07 04:48:17,725 [main] INFO  ipc.Server (Server.java:<init>(1287)) - Listener at 0.0.0.0:15028
2023-09-07 04:48:17,725 [Socket Reader #1 for port 15028] INFO  ipc.Server (Server.java:run(1323)) - Starting Socket Reader #1 for port 15028
2023-09-07 04:48:17,730 [main] INFO  ozone.HddsDatanodeService (HddsDatanodeService.java:start(315)) - Datanode start with admins: [runner]
2023-09-07 04:48:17,730 [main] INFO  ozone.HddsDatanodeClientProtocolServer (HddsDatanodeClientProtocolServer.java:start(72)) - RPC server for Client /0.0.0.0:15028
2023-09-07 04:48:17,730 [IPC Server Responder] INFO  ipc.Server (Server.java:run(1562)) - IPC Server Responder: starting
2023-09-07 04:48:17,730 [IPC Server listener on 15028] INFO  ipc.Server (Server.java:run(1402)) - IPC Server listener on 15028: starting
2023-09-07 04:48:17,734 [Datanode State Machine Daemon Thread] INFO  statemachine.DatanodeStateMachine (DatanodeStateMachine.java:lambda$startDaemon$0(538)) - Ozone container server started.
2023-09-07 04:48:17,734 [main] WARN  impl.MetricRegistriesImpl (MetricRegistriesImpl.java:addReporterRegistration(111)) - New reporters are added after registries were created. Some metrics will be missing from the reporter. Please add reporter before adding any new registry.
2023-09-07 04:48:17,736 [main] WARN  impl.MetricRegistriesImpl (MetricRegistriesImpl.java:addReporterRegistration(111)) - New reporters are added after registries were created. Some metrics will be missing from the reporter. Please add reporter before adding any new registry.
2023-09-07 04:48:17,737 [main] INFO  impl.MetricsSystemImpl (MetricsSystemImpl.java:init(158)) - HddsDatanode metrics system started (again)
2023-09-07 04:48:17,752 [main] INFO  ozone.HddsDatanodeService (HddsDatanodeService.java:start(237)) - HddsDatanodeService host:fv-az163-854.ksqkok1cighebdh5ckq0wc3qdf.dx.internal.cloudapp.net ip:10.1.0.9
2023-09-07 04:48:17,780 [Datanode State Machine Task Thread - 0] INFO  datanode.InitDatanodeState (InitDatanodeState.java:persistContainerDatanodeDetails(138)) - DatanodeDetails is persisted to /home/runner/work/ozone/ozone/hadoop-ozone/integration-test/target/test-dir/MiniOzoneClusterImpl-34c981b6-280a-47ca-b885-362eca6d2b46/datanode-2/meta/datanode.id
2023-09-07 04:48:17,786 [main] INFO  upgrade.AbstractLayoutVersionManager (AbstractLayoutVersionManager.java:init(83)) - Initializing Layout version manager with metadata layout = HADOOP_PRC_PORTS_IN_DATANODEDETAILS (version = 7), software layout = HADOOP_PRC_PORTS_IN_DATANODEDETAILS (version = 7)
2023-09-07 04:48:17,787 [main] INFO  statemachine.DatanodeStateMachine (DatanodeStateMachine.java:getEndPointTaskThreadPoolSize(282)) - Datanode State Machine Task Thread Pool size 2
2023-09-07 04:48:17,793 [main] INFO  volume.HddsVolume (HddsVolume.java:<init>(126)) - Creating HddsVolume: /home/runner/work/ozone/ozone/hadoop-ozone/integration-test/target/test-dir/MiniOzoneClusterImpl-34c981b6-280a-47ca-b885-362eca6d2b46/datanode-3/data-0/containers/hdds of storage type : DISK capacity : 9223372036854775807
2023-09-07 04:48:17,794 [main] INFO  volume.MutableVolumeSet (MutableVolumeSet.java:initializeVolumeSet(173)) - Added Volume : /home/runner/work/ozone/ozone/hadoop-ozone/integration-test/target/test-dir/MiniOzoneClusterImpl-34c981b6-280a-47ca-b885-362eca6d2b46/datanode-3/data-0/containers/hdds to VolumeSet
2023-09-07 04:48:17,797 [main] INFO  volume.MutableVolumeSet (MutableVolumeSet.java:initializeVolumeSet(173)) - Added Volume : /home/runner/work/ozone/ozone/hadoop-ozone/integration-test/target/test-dir/MiniOzoneClusterImpl-34c981b6-280a-47ca-b885-362eca6d2b46/datanode-3/data/ratis to VolumeSet
2023-09-07 04:48:17,798 [Thread-193] INFO  ozoneimpl.ContainerReader (ContainerReader.java:readVolume(177)) - Finish verifying containers on volume /home/runner/work/ozone/ozone/hadoop-ozone/integration-test/target/test-dir/MiniOzoneClusterImpl-34c981b6-280a-47ca-b885-362eca6d2b46/datanode-3/data-0/containers/hdds
2023-09-07 04:48:17,798 [main] INFO  ozoneimpl.OzoneContainer (OzoneContainer.java:buildContainerSet(314)) - Build ContainerSet costs 0s
2023-09-07 04:48:17,807 [main] INFO  server.RaftServer (ConfUtils.java:logGet(46)) - raft.rpc.type = GRPC (default)
2023-09-07 04:48:17,807 [main] INFO  grpc.GrpcConfigKeys (ConfUtils.java:logFallback(53)) - raft.grpc.admin.host = null (fallback to raft.grpc.server.host)
2023-09-07 04:48:17,807 [main] INFO  grpc.GrpcConfigKeys (ConfUtils.java:logGet(46)) - raft.grpc.admin.port = 15040 (custom)
2023-09-07 04:48:17,809 [main] INFO  grpc.GrpcConfigKeys (ConfUtils.java:logFallback(53)) - raft.grpc.client.host = null (fallback to raft.grpc.server.host)
2023-09-07 04:48:17,809 [main] INFO  grpc.GrpcConfigKeys (ConfUtils.java:logGet(46)) - raft.grpc.client.port = 15039 (custom)
2023-09-07 04:48:17,809 [main] INFO  grpc.GrpcConfigKeys (ConfUtils.java:logGet(46)) - raft.grpc.server.host = null (default)
2023-09-07 04:48:17,809 [main] INFO  grpc.GrpcConfigKeys (ConfUtils.java:logGet(46)) - raft.grpc.server.port = 15041 (custom)
2023-09-07 04:48:17,810 [main] INFO  server.GrpcService (ConfUtils.java:logGet(46)) - raft.grpc.message.size.max = 32MB (=33554432) (custom)
2023-09-07 04:48:17,811 [main] INFO  server.RaftServerConfigKeys (ConfUtils.java:logGet(46)) - raft.server.log.appender.buffer.byte-limit = 33554432 (custom)
2023-09-07 04:48:17,811 [main] INFO  server.GrpcService (ConfUtils.java:logGet(46)) - raft.grpc.flow.control.window = 5MB (=5242880) (custom)
2023-09-07 04:48:17,811 [main] INFO  server.RaftServerConfigKeys (ConfUtils.java:logGet(46)) - raft.server.rpc.request.timeout = 60s (custom)
2023-09-07 04:48:17,811 [main] INFO  grpc.GrpcConfigKeys (ConfUtils.java:logGet(46)) - raft.grpc.server.heartbeat.channel = true (default)
2023-09-07 04:48:17,812 [main] INFO  grpc.GrpcConfigKeys (ConfUtils.java:logGet(46)) - raft.grpc.server.async.request.thread.pool.cached = true (default)
2023-09-07 04:48:17,813 [main] INFO  grpc.GrpcConfigKeys (ConfUtils.java:logGet(46)) - raft.grpc.server.async.request.thread.pool.size = 32 (default)
2023-09-07 04:48:17,818 [main] INFO  impl.DataStreamServerImpl (ConfUtils.java:logGet(46)) - raft.datastream.type = NETTY (custom)
2023-09-07 04:48:17,819 [main] INFO  server.RaftServerConfigKeys (ConfUtils.java:logGet(46)) - raft.server.data-stream.async.request.thread.pool.cached = false (default)
2023-09-07 04:48:17,819 [main] INFO  server.RaftServerConfigKeys (ConfUtils.java:logGet(46)) - raft.server.data-stream.async.request.thread.pool.size = 20 (custom)
2023-09-07 04:48:17,820 [main] INFO  server.RaftServerConfigKeys (ConfUtils.java:logGet(46)) - raft.server.data-stream.async.write.thread.pool.size = 16 (default)
2023-09-07 04:48:17,820 [main] INFO  server.RaftServerConfigKeys (ConfUtils.java:logGet(46)) - raft.server.data-stream.client.pool.size = 10 (default)
2023-09-07 04:48:17,820 [main] INFO  netty.NettyConfigKeys$DataStream (ConfUtils.java:logGet(46)) - raft.netty.dataStream.server.use-epoll = false (default)
2023-09-07 04:48:17,820 [main] INFO  netty.NettyConfigKeys$DataStream (ConfUtils.java:logGet(46)) - raft.netty.dataStream.server.boss-group.size = 0 (default)
2023-09-07 04:48:17,821 [main] INFO  netty.NettyConfigKeys$DataStream (ConfUtils.java:logGet(46)) - raft.netty.dataStream.server.worker-group.size = 0 (default)
2023-09-07 04:48:17,822 [main] INFO  netty.NettyConfigKeys$DataStream (ConfUtils.java:logGet(46)) - raft.netty.dataStream.server.tls.conf = null (default)
2023-09-07 04:48:17,822 [main] INFO  netty.NettyConfigKeys$DataStream (ConfUtils.java:logGet(46)) - raft.netty.dataStream.host = null (default)
2023-09-07 04:48:17,822 [main] INFO  netty.NettyConfigKeys$DataStream (ConfUtils.java:logGet(46)) - raft.netty.dataStream.port = 15042 (custom)
2023-09-07 04:48:17,825 [main] INFO  server.RaftServerConfigKeys (ConfUtils.java:logGet(46)) - raft.server.threadpool.proxy.cached = true (default)
2023-09-07 04:48:17,826 [main] INFO  server.RaftServerConfigKeys (ConfUtils.java:logGet(46)) - raft.server.threadpool.proxy.size = 0 (default)
2023-09-07 04:48:17,829 [main] INFO  server.RaftServerConfigKeys (ConfUtils.java:logGet(46)) - raft.server.rpc.slowness.timeout = 300s (custom)
2023-09-07 04:48:17,830 [main] INFO  server.RaftServerConfigKeys (ConfUtils.java:logGet(46)) - raft.server.leaderelection.leader.step-down.wait-time = 10s (default)
2023-09-07 04:48:17,831 [9a8052bd-f999-4b9a-a28f-6b7dccc3d848-NettyServerStreamRpc-bossGroup--thread1] INFO  logging.LoggingHandler (AbstractInternalLogger.java:log(148)) - [id: 0xc4b8b26e] REGISTERED
2023-09-07 04:48:17,831 [9a8052bd-f999-4b9a-a28f-6b7dccc3d848-NettyServerStreamRpc-bossGroup--thread1] INFO  logging.LoggingHandler (AbstractInternalLogger.java:log(148)) - [id: 0xc4b8b26e] BIND: 0.0.0.0/0.0.0.0:15042
2023-09-07 04:48:17,831 [9a8052bd-f999-4b9a-a28f-6b7dccc3d848-NettyServerStreamRpc-bossGroup--thread1] INFO  logging.LoggingHandler (AbstractInternalLogger.java:log(148)) - [id: 0xc4b8b26e, L:/0:0:0:0:0:0:0:0:15042] ACTIVE
2023-09-07 04:48:17,832 [main] INFO  server.RaftServerConfigKeys (ConfUtils.java:logGet(46)) - raft.server.storage.dir = [/home/runner/work/ozone/ozone/hadoop-ozone/integration-test/target/test-dir/MiniOzoneClusterImpl-34c981b6-280a-47ca-b885-362eca6d2b46/datanode-3/data/ratis] (custom)
2023-09-07 04:48:17,834 [9a8052bd-f999-4b9a-a28f-6b7dccc3d848-impl-thread1] INFO  server.RaftServer (RaftServerProxy.java:initGroupDir(258)) - 9a8052bd-f999-4b9a-a28f-6b7dccc3d848: found a subdirectory /home/runner/work/ozone/ozone/hadoop-ozone/integration-test/target/test-dir/MiniOzoneClusterImpl-34c981b6-280a-47ca-b885-362eca6d2b46/datanode-3/data/ratis/tmp
2023-09-07 04:48:17,834 [9a8052bd-f999-4b9a-a28f-6b7dccc3d848-impl-thread1] INFO  server.RaftServer (RaftServerProxy.java:initGroupDir(263)) - 9a8052bd-f999-4b9a-a28f-6b7dccc3d848: The directory /home/runner/work/ozone/ozone/hadoop-ozone/integration-test/target/test-dir/MiniOzoneClusterImpl-34c981b6-280a-47ca-b885-362eca6d2b46/datanode-3/data/ratis/tmp is not a group directory; ignoring it. 
2023-09-07 04:48:17,834 [main] INFO  replication.ReplicationServer (ReplicationServer.java:<init>(81)) - Initializing replication server with thread count = 10
2023-09-07 04:48:17,836 [main] INFO  server.XceiverServerGrpc (XceiverServerGrpc.java:<init>(132)) - GrpcServer channel type EpollServerSocketChannel
2023-09-07 04:48:17,843 [main] INFO  replication.ReplicationSupervisor (ReplicationSupervisor.java:build(155)) - Initializing replication supervisor with thread count = 10
2023-09-07 04:48:17,843 [main] INFO  replication.ReplicationSupervisor (ReplicationSupervisor.java:nodeStateUpdated(307)) - Node state updated to IN_SERVICE, scaling executor pool size to 10
2023-09-07 04:48:17,850 [main] INFO  http.BaseHttpServer (BaseHttpServer.java:newHttpServer2BuilderForOzone(223)) - Starting Web-server for hddsDatanode at: http://0.0.0.0:15036
2023-09-07 04:48:17,850 [main] INFO  http.BaseHttpServer (BaseHttpServer.java:<init>(110)) - Hadoop Security Enabled: false Ozone Security Enabled: false Ozone HTTP Security Enabled: false 
2023-09-07 04:48:17,852 [main] WARN  server.AuthenticationFilter (AuthenticationFilter.java:constructSecretProvider(240)) - Unable to initialize FileSignerSecretProvider, falling back to use random secrets. Reason: Could not read signature secret file: /home/runner/hadoop-http-auth-signature-secret
2023-09-07 04:48:17,853 [main] INFO  http.HttpRequestLog (HttpRequestLog.java:getRequestLog(86)) - Http request log for http.requests.hddsDatanode is not defined
2023-09-07 04:48:17,854 [main] INFO  http.HttpServer2 (HttpServer2.java:addGlobalFilter(1031)) - Added global filter 'safety' (class=org.apache.hadoop.hdds.server.http.HttpServer2$QuotingInputFilter)
2023-09-07 04:48:17,856 [main] INFO  http.HttpServer2 (HttpServer2.java:addFilter(1007)) - Added filter static_user_filter (class=org.apache.hadoop.http.lib.StaticUserWebFilter$StaticUserFilter) to context hddsDatanode
2023-09-07 04:48:17,856 [main] INFO  http.HttpServer2 (HttpServer2.java:addFilter(1015)) - Added filter static_user_filter (class=org.apache.hadoop.http.lib.StaticUserWebFilter$StaticUserFilter) to context static
2023-09-07 04:48:17,856 [main] INFO  http.HttpServer2 (HttpServer2.java:addFilter(1015)) - Added filter static_user_filter (class=org.apache.hadoop.http.lib.StaticUserWebFilter$StaticUserFilter) to context logs
2023-09-07 04:48:17,858 [main] INFO  http.BaseHttpServer (BaseHttpServer.java:<init>(189)) - HTTP server of hddsDatanode uses base directory /home/runner/work/ozone/ozone/hadoop-ozone/integration-test/target/test-dir/MiniOzoneClusterImpl-34c981b6-280a-47ca-b885-362eca6d2b46/datanode-3/meta/webserver
2023-09-07 04:48:17,859 [main] INFO  http.HttpServer2 (HttpServer2.java:bindListener(1231)) - Jetty bound to port 15036
2023-09-07 04:48:17,859 [main] INFO  server.Server (Server.java:doStart(375)) - jetty-9.4.51.v20230217; built: 2023-02-17T08:19:37.309Z; git: b45c405e4544384de066f814ed42ae3dceacdd49; jvm 1.8.0_382-b05
2023-09-07 04:48:17,861 [main] INFO  server.session (DefaultSessionIdManager.java:doStart(334)) - DefaultSessionIdManager workerName=node0
2023-09-07 04:48:17,862 [main] INFO  server.session (DefaultSessionIdManager.java:doStart(339)) - No SessionScavenger set, using defaults
2023-09-07 04:48:17,862 [main] INFO  server.session (HouseKeeper.java:startScavenging(132)) - node0 Scavenging every 660000ms
2023-09-07 04:48:17,865 [main] INFO  handler.ContextHandler (ContextHandler.java:doStart(921)) - Started o.e.j.s.ServletContextHandler@728a9b59{logs,/logs,file:///home/runner/work/ozone/ozone/hadoop-ozone/integration-test/target/log,AVAILABLE}
2023-09-07 04:48:17,866 [main] INFO  handler.ContextHandler (ContextHandler.java:doStart(921)) - Started o.e.j.s.ServletContextHandler@7b1473a6{static,/static,jar:file:/home/runner/.m2/repository/org/apache/ozone/hdds-container-service/1.4.0-SNAPSHOT/hdds-container-service-1.4.0-SNAPSHOT.jar!/webapps/static,AVAILABLE}
2023-09-07 04:48:18,154 [main] INFO  handler.ContextHandler (ContextHandler.java:doStart(921)) - Started o.e.j.w.WebAppContext@7fd9b3b0{hddsDatanode,/,file:///home/runner/work/ozone/ozone/hadoop-ozone/integration-test/target/test-dir/MiniOzoneClusterImpl-34c981b6-280a-47ca-b885-362eca6d2b46/datanode-3/meta/webserver/jetty-0_0_0_0-15036-hdds-container-service-1_4_0-SNAPSHOT_jar-_-any-7489177958251279533/webapp/,AVAILABLE}{jar:file:/home/runner/.m2/repository/org/apache/ozone/hdds-container-service/1.4.0-SNAPSHOT/hdds-container-service-1.4.0-SNAPSHOT.jar!/webapps/hddsDatanode}
2023-09-07 04:48:18,156 [main] INFO  server.AbstractConnector (AbstractConnector.java:doStart(333)) - Started ServerConnector@2d8d3b6f{HTTP/1.1, (http/1.1)}{0.0.0.0:15036}
2023-09-07 04:48:18,156 [main] INFO  server.Server (Server.java:doStart(415)) - Started @14219ms
2023-09-07 04:48:18,156 [main] WARN  impl.MetricsSystemImpl (MetricsSystemImpl.java:register(279)) - Sink prometheus already exists!
2023-09-07 04:48:18,157 [main] INFO  http.BaseHttpServer (BaseHttpServer.java:updateConnectorAddress(354)) - HTTP server of hddsDatanode listening at http://0.0.0.0:15036
2023-09-07 04:48:18,157 [main] INFO  ipc.CallQueueManager (CallQueueManager.java:<init>(90)) - Using callQueue: class java.util.concurrent.LinkedBlockingQueue, queueCapacity: 100, scheduler: class org.apache.hadoop.ipc.DefaultRpcScheduler, ipcBackoff: false.
2023-09-07 04:48:18,158 [main] INFO  ipc.Server (Server.java:<init>(1287)) - Listener at 0.0.0.0:15037
2023-09-07 04:48:18,162 [Socket Reader #1 for port 15037] INFO  ipc.Server (Server.java:run(1323)) - Starting Socket Reader #1 for port 15037
2023-09-07 04:48:18,167 [main] INFO  ozone.HddsDatanodeService (HddsDatanodeService.java:start(315)) - Datanode start with admins: [runner]
2023-09-07 04:48:18,170 [main] INFO  ozone.HddsDatanodeClientProtocolServer (HddsDatanodeClientProtocolServer.java:start(72)) - RPC server for Client /0.0.0.0:15037
2023-09-07 04:48:18,174 [IPC Server Responder] INFO  ipc.Server (Server.java:run(1562)) - IPC Server Responder: starting
2023-09-07 04:48:18,175 [IPC Server listener on 15037] INFO  ipc.Server (Server.java:run(1402)) - IPC Server listener on 15037: starting
2023-09-07 04:48:18,176 [main] WARN  impl.MetricRegistriesImpl (MetricRegistriesImpl.java:addReporterRegistration(111)) - New reporters are added after registries were created. Some metrics will be missing from the reporter. Please add reporter before adding any new registry.
2023-09-07 04:48:18,177 [main] WARN  impl.MetricRegistriesImpl (MetricRegistriesImpl.java:addReporterRegistration(111)) - New reporters are added after registries were created. Some metrics will be missing from the reporter. Please add reporter before adding any new registry.
2023-09-07 04:48:18,177 [main] INFO  impl.MetricsSystemImpl (MetricsSystemImpl.java:init(158)) - HddsDatanode metrics system started (again)
2023-09-07 04:48:18,179 [Datanode State Machine Daemon Thread] INFO  statemachine.DatanodeStateMachine (DatanodeStateMachine.java:lambda$startDaemon$0(538)) - Ozone container server started.
2023-09-07 04:48:18,200 [Datanode State Machine Task Thread - 0] INFO  datanode.InitDatanodeState (InitDatanodeState.java:persistContainerDatanodeDetails(138)) - DatanodeDetails is persisted to /home/runner/work/ozone/ozone/hadoop-ozone/integration-test/target/test-dir/MiniOzoneClusterImpl-34c981b6-280a-47ca-b885-362eca6d2b46/datanode-3/meta/datanode.id
2023-09-07 04:48:18,200 [main] INFO  ozone.HddsDatanodeService (HddsDatanodeService.java:start(237)) - HddsDatanodeService host:fv-az163-854.ksqkok1cighebdh5ckq0wc3qdf.dx.internal.cloudapp.net ip:10.1.0.9
2023-09-07 04:48:18,235 [main] INFO  upgrade.AbstractLayoutVersionManager (AbstractLayoutVersionManager.java:init(83)) - Initializing Layout version manager with metadata layout = HADOOP_PRC_PORTS_IN_DATANODEDETAILS (version = 7), software layout = HADOOP_PRC_PORTS_IN_DATANODEDETAILS (version = 7)
2023-09-07 04:48:18,237 [main] INFO  statemachine.DatanodeStateMachine (DatanodeStateMachine.java:getEndPointTaskThreadPoolSize(282)) - Datanode State Machine Task Thread Pool size 2
2023-09-07 04:48:18,240 [main] INFO  volume.HddsVolume (HddsVolume.java:<init>(126)) - Creating HddsVolume: /home/runner/work/ozone/ozone/hadoop-ozone/integration-test/target/test-dir/MiniOzoneClusterImpl-34c981b6-280a-47ca-b885-362eca6d2b46/datanode-4/data-0/containers/hdds of storage type : DISK capacity : 9223372036854775807
2023-09-07 04:48:18,240 [main] INFO  volume.MutableVolumeSet (MutableVolumeSet.java:initializeVolumeSet(173)) - Added Volume : /home/runner/work/ozone/ozone/hadoop-ozone/integration-test/target/test-dir/MiniOzoneClusterImpl-34c981b6-280a-47ca-b885-362eca6d2b46/datanode-4/data-0/containers/hdds to VolumeSet
2023-09-07 04:48:18,242 [main] INFO  volume.MutableVolumeSet (MutableVolumeSet.java:initializeVolumeSet(173)) - Added Volume : /home/runner/work/ozone/ozone/hadoop-ozone/integration-test/target/test-dir/MiniOzoneClusterImpl-34c981b6-280a-47ca-b885-362eca6d2b46/datanode-4/data/ratis to VolumeSet
2023-09-07 04:48:18,250 [Thread-210] INFO  ozoneimpl.ContainerReader (ContainerReader.java:readVolume(177)) - Finish verifying containers on volume /home/runner/work/ozone/ozone/hadoop-ozone/integration-test/target/test-dir/MiniOzoneClusterImpl-34c981b6-280a-47ca-b885-362eca6d2b46/datanode-4/data-0/containers/hdds
2023-09-07 04:48:18,250 [main] INFO  ozoneimpl.OzoneContainer (OzoneContainer.java:buildContainerSet(314)) - Build ContainerSet costs 0s
2023-09-07 04:48:18,255 [main] INFO  server.RaftServer (ConfUtils.java:logGet(46)) - raft.rpc.type = GRPC (default)
2023-09-07 04:48:18,255 [main] INFO  grpc.GrpcConfigKeys (ConfUtils.java:logFallback(53)) - raft.grpc.admin.host = null (fallback to raft.grpc.server.host)
2023-09-07 04:48:18,255 [main] INFO  grpc.GrpcConfigKeys (ConfUtils.java:logGet(46)) - raft.grpc.admin.port = 15049 (custom)
2023-09-07 04:48:18,255 [main] INFO  grpc.GrpcConfigKeys (ConfUtils.java:logFallback(53)) - raft.grpc.client.host = null (fallback to raft.grpc.server.host)
2023-09-07 04:48:18,256 [main] INFO  grpc.GrpcConfigKeys (ConfUtils.java:logGet(46)) - raft.grpc.client.port = 15048 (custom)
2023-09-07 04:48:18,256 [main] INFO  grpc.GrpcConfigKeys (ConfUtils.java:logGet(46)) - raft.grpc.server.host = null (default)
2023-09-07 04:48:18,256 [main] INFO  grpc.GrpcConfigKeys (ConfUtils.java:logGet(46)) - raft.grpc.server.port = 15050 (custom)
2023-09-07 04:48:18,257 [main] INFO  server.GrpcService (ConfUtils.java:logGet(46)) - raft.grpc.message.size.max = 32MB (=33554432) (custom)
2023-09-07 04:48:18,257 [main] INFO  server.RaftServerConfigKeys (ConfUtils.java:logGet(46)) - raft.server.log.appender.buffer.byte-limit = 33554432 (custom)
2023-09-07 04:48:18,257 [main] INFO  server.GrpcService (ConfUtils.java:logGet(46)) - raft.grpc.flow.control.window = 5MB (=5242880) (custom)
2023-09-07 04:48:18,258 [main] INFO  server.RaftServerConfigKeys (ConfUtils.java:logGet(46)) - raft.server.rpc.request.timeout = 60s (custom)
2023-09-07 04:48:18,259 [main] INFO  grpc.GrpcConfigKeys (ConfUtils.java:logGet(46)) - raft.grpc.server.heartbeat.channel = true (default)
2023-09-07 04:48:18,259 [main] INFO  grpc.GrpcConfigKeys (ConfUtils.java:logGet(46)) - raft.grpc.server.async.request.thread.pool.cached = true (default)
2023-09-07 04:48:18,259 [main] INFO  grpc.GrpcConfigKeys (ConfUtils.java:logGet(46)) - raft.grpc.server.async.request.thread.pool.size = 32 (default)
2023-09-07 04:48:18,263 [main] INFO  impl.DataStreamServerImpl (ConfUtils.java:logGet(46)) - raft.datastream.type = NETTY (custom)
2023-09-07 04:48:18,263 [main] INFO  server.RaftServerConfigKeys (ConfUtils.java:logGet(46)) - raft.server.data-stream.async.request.thread.pool.cached = false (default)
2023-09-07 04:48:18,264 [main] INFO  server.RaftServerConfigKeys (ConfUtils.java:logGet(46)) - raft.server.data-stream.async.request.thread.pool.size = 20 (custom)
2023-09-07 04:48:18,264 [main] INFO  server.RaftServerConfigKeys (ConfUtils.java:logGet(46)) - raft.server.data-stream.async.write.thread.pool.size = 16 (default)
2023-09-07 04:48:18,264 [main] INFO  server.RaftServerConfigKeys (ConfUtils.java:logGet(46)) - raft.server.data-stream.client.pool.size = 10 (default)
2023-09-07 04:48:18,264 [main] INFO  netty.NettyConfigKeys$DataStream (ConfUtils.java:logGet(46)) - raft.netty.dataStream.server.use-epoll = false (default)
2023-09-07 04:48:18,264 [main] INFO  netty.NettyConfigKeys$DataStream (ConfUtils.java:logGet(46)) - raft.netty.dataStream.server.boss-group.size = 0 (default)
2023-09-07 04:48:18,265 [main] INFO  netty.NettyConfigKeys$DataStream (ConfUtils.java:logGet(46)) - raft.netty.dataStream.server.worker-group.size = 0 (default)
2023-09-07 04:48:18,267 [main] INFO  netty.NettyConfigKeys$DataStream (ConfUtils.java:logGet(46)) - raft.netty.dataStream.server.tls.conf = null (default)
2023-09-07 04:48:18,267 [main] INFO  netty.NettyConfigKeys$DataStream (ConfUtils.java:logGet(46)) - raft.netty.dataStream.host = null (default)
2023-09-07 04:48:18,267 [main] INFO  netty.NettyConfigKeys$DataStream (ConfUtils.java:logGet(46)) - raft.netty.dataStream.port = 15051 (custom)
2023-09-07 04:48:18,268 [main] INFO  server.RaftServerConfigKeys (ConfUtils.java:logGet(46)) - raft.server.threadpool.proxy.cached = true (default)
2023-09-07 04:48:18,268 [main] INFO  server.RaftServerConfigKeys (ConfUtils.java:logGet(46)) - raft.server.threadpool.proxy.size = 0 (default)
2023-09-07 04:48:18,268 [main] INFO  server.RaftServerConfigKeys (ConfUtils.java:logGet(46)) - raft.server.rpc.slowness.timeout = 300s (custom)
2023-09-07 04:48:18,269 [main] INFO  server.RaftServerConfigKeys (ConfUtils.java:logGet(46)) - raft.server.leaderelection.leader.step-down.wait-time = 10s (default)
2023-09-07 04:48:18,269 [main] INFO  server.RaftServerConfigKeys (ConfUtils.java:logGet(46)) - raft.server.storage.dir = [/home/runner/work/ozone/ozone/hadoop-ozone/integration-test/target/test-dir/MiniOzoneClusterImpl-34c981b6-280a-47ca-b885-362eca6d2b46/datanode-4/data/ratis] (custom)
2023-09-07 04:48:18,273 [9de77b90-302e-4d3a-8e07-68c62a7150b7-impl-thread1] INFO  server.RaftServer (RaftServerProxy.java:initGroupDir(258)) - 9de77b90-302e-4d3a-8e07-68c62a7150b7: found a subdirectory /home/runner/work/ozone/ozone/hadoop-ozone/integration-test/target/test-dir/MiniOzoneClusterImpl-34c981b6-280a-47ca-b885-362eca6d2b46/datanode-4/data/ratis/tmp
2023-09-07 04:48:18,273 [9de77b90-302e-4d3a-8e07-68c62a7150b7-impl-thread1] INFO  server.RaftServer (RaftServerProxy.java:initGroupDir(263)) - 9de77b90-302e-4d3a-8e07-68c62a7150b7: The directory /home/runner/work/ozone/ozone/hadoop-ozone/integration-test/target/test-dir/MiniOzoneClusterImpl-34c981b6-280a-47ca-b885-362eca6d2b46/datanode-4/data/ratis/tmp is not a group directory; ignoring it. 
2023-09-07 04:48:18,273 [main] INFO  replication.ReplicationServer (ReplicationServer.java:<init>(81)) - Initializing replication server with thread count = 10
2023-09-07 04:48:18,275 [main] INFO  server.XceiverServerGrpc (XceiverServerGrpc.java:<init>(132)) - GrpcServer channel type EpollServerSocketChannel
2023-09-07 04:48:18,288 [main] INFO  replication.ReplicationSupervisor (ReplicationSupervisor.java:build(155)) - Initializing replication supervisor with thread count = 10
2023-09-07 04:48:18,289 [main] INFO  replication.ReplicationSupervisor (ReplicationSupervisor.java:nodeStateUpdated(307)) - Node state updated to IN_SERVICE, scaling executor pool size to 10
2023-09-07 04:48:18,289 [9de77b90-302e-4d3a-8e07-68c62a7150b7-NettyServerStreamRpc-bossGroup--thread1] INFO  logging.LoggingHandler (AbstractInternalLogger.java:log(148)) - [id: 0x846ecb8e] REGISTERED
2023-09-07 04:48:18,290 [9de77b90-302e-4d3a-8e07-68c62a7150b7-NettyServerStreamRpc-bossGroup--thread1] INFO  logging.LoggingHandler (AbstractInternalLogger.java:log(148)) - [id: 0x846ecb8e] BIND: 0.0.0.0/0.0.0.0:15051
2023-09-07 04:48:18,290 [9de77b90-302e-4d3a-8e07-68c62a7150b7-NettyServerStreamRpc-bossGroup--thread1] INFO  logging.LoggingHandler (AbstractInternalLogger.java:log(148)) - [id: 0x846ecb8e, L:/0:0:0:0:0:0:0:0:15051] ACTIVE
2023-09-07 04:48:18,294 [main] INFO  http.BaseHttpServer (BaseHttpServer.java:newHttpServer2BuilderForOzone(223)) - Starting Web-server for hddsDatanode at: http://0.0.0.0:15045
2023-09-07 04:48:18,294 [main] INFO  http.BaseHttpServer (BaseHttpServer.java:<init>(110)) - Hadoop Security Enabled: false Ozone Security Enabled: false Ozone HTTP Security Enabled: false 
2023-09-07 04:48:18,296 [main] WARN  server.AuthenticationFilter (AuthenticationFilter.java:constructSecretProvider(240)) - Unable to initialize FileSignerSecretProvider, falling back to use random secrets. Reason: Could not read signature secret file: /home/runner/hadoop-http-auth-signature-secret
2023-09-07 04:48:18,297 [main] INFO  http.HttpRequestLog (HttpRequestLog.java:getRequestLog(86)) - Http request log for http.requests.hddsDatanode is not defined
2023-09-07 04:48:18,299 [main] INFO  http.HttpServer2 (HttpServer2.java:addGlobalFilter(1031)) - Added global filter 'safety' (class=org.apache.hadoop.hdds.server.http.HttpServer2$QuotingInputFilter)
2023-09-07 04:48:18,300 [main] INFO  http.HttpServer2 (HttpServer2.java:addFilter(1007)) - Added filter static_user_filter (class=org.apache.hadoop.http.lib.StaticUserWebFilter$StaticUserFilter) to context hddsDatanode
2023-09-07 04:48:18,301 [main] INFO  http.HttpServer2 (HttpServer2.java:addFilter(1015)) - Added filter static_user_filter (class=org.apache.hadoop.http.lib.StaticUserWebFilter$StaticUserFilter) to context static
2023-09-07 04:48:18,301 [main] INFO  http.HttpServer2 (HttpServer2.java:addFilter(1015)) - Added filter static_user_filter (class=org.apache.hadoop.http.lib.StaticUserWebFilter$StaticUserFilter) to context logs
2023-09-07 04:48:18,302 [main] INFO  http.BaseHttpServer (BaseHttpServer.java:<init>(189)) - HTTP server of hddsDatanode uses base directory /home/runner/work/ozone/ozone/hadoop-ozone/integration-test/target/test-dir/MiniOzoneClusterImpl-34c981b6-280a-47ca-b885-362eca6d2b46/datanode-4/meta/webserver
2023-09-07 04:48:18,303 [main] INFO  http.HttpServer2 (HttpServer2.java:bindListener(1231)) - Jetty bound to port 15045
2023-09-07 04:48:18,303 [main] INFO  server.Server (Server.java:doStart(375)) - jetty-9.4.51.v20230217; built: 2023-02-17T08:19:37.309Z; git: b45c405e4544384de066f814ed42ae3dceacdd49; jvm 1.8.0_382-b05
2023-09-07 04:48:18,313 [main] INFO  server.session (DefaultSessionIdManager.java:doStart(334)) - DefaultSessionIdManager workerName=node0
2023-09-07 04:48:18,313 [main] INFO  server.session (DefaultSessionIdManager.java:doStart(339)) - No SessionScavenger set, using defaults
2023-09-07 04:48:18,313 [main] INFO  server.session (HouseKeeper.java:startScavenging(132)) - node0 Scavenging every 600000ms
2023-09-07 04:48:18,314 [main] INFO  handler.ContextHandler (ContextHandler.java:doStart(921)) - Started o.e.j.s.ServletContextHandler@9f2ac78{logs,/logs,file:///home/runner/work/ozone/ozone/hadoop-ozone/integration-test/target/log,AVAILABLE}
2023-09-07 04:48:18,315 [main] INFO  handler.ContextHandler (ContextHandler.java:doStart(921)) - Started o.e.j.s.ServletContextHandler@36f5468d{static,/static,jar:file:/home/runner/.m2/repository/org/apache/ozone/hdds-container-service/1.4.0-SNAPSHOT/hdds-container-service-1.4.0-SNAPSHOT.jar!/webapps/static,AVAILABLE}
2023-09-07 04:48:18,599 [main] INFO  handler.ContextHandler (ContextHandler.java:doStart(921)) - Started o.e.j.w.WebAppContext@4467b5dd{hddsDatanode,/,file:///home/runner/work/ozone/ozone/hadoop-ozone/integration-test/target/test-dir/MiniOzoneClusterImpl-34c981b6-280a-47ca-b885-362eca6d2b46/datanode-4/meta/webserver/jetty-0_0_0_0-15045-hdds-container-service-1_4_0-SNAPSHOT_jar-_-any-7510547233893521010/webapp/,AVAILABLE}{jar:file:/home/runner/.m2/repository/org/apache/ozone/hdds-container-service/1.4.0-SNAPSHOT/hdds-container-service-1.4.0-SNAPSHOT.jar!/webapps/hddsDatanode}
2023-09-07 04:48:18,601 [main] INFO  server.AbstractConnector (AbstractConnector.java:doStart(333)) - Started ServerConnector@44dce520{HTTP/1.1, (http/1.1)}{0.0.0.0:15045}
2023-09-07 04:48:18,601 [main] INFO  server.Server (Server.java:doStart(415)) - Started @14664ms
2023-09-07 04:48:18,601 [main] WARN  impl.MetricsSystemImpl (MetricsSystemImpl.java:register(279)) - Sink prometheus already exists!
2023-09-07 04:48:18,602 [main] INFO  http.BaseHttpServer (BaseHttpServer.java:updateConnectorAddress(354)) - HTTP server of hddsDatanode listening at http://0.0.0.0:15045
2023-09-07 04:48:18,603 [main] INFO  ipc.CallQueueManager (CallQueueManager.java:<init>(90)) - Using callQueue: class java.util.concurrent.LinkedBlockingQueue, queueCapacity: 100, scheduler: class org.apache.hadoop.ipc.DefaultRpcScheduler, ipcBackoff: false.
2023-09-07 04:48:18,603 [main] INFO  ipc.Server (Server.java:<init>(1287)) - Listener at 0.0.0.0:15046
2023-09-07 04:48:18,607 [Socket Reader #1 for port 15046] INFO  ipc.Server (Server.java:run(1323)) - Starting Socket Reader #1 for port 15046
2023-09-07 04:48:18,610 [main] INFO  ozone.HddsDatanodeService (HddsDatanodeService.java:start(315)) - Datanode start with admins: [runner]
2023-09-07 04:48:18,612 [main] INFO  ozone.HddsDatanodeClientProtocolServer (HddsDatanodeClientProtocolServer.java:start(72)) - RPC server for Client /0.0.0.0:15046
2023-09-07 04:48:18,612 [IPC Server Responder] INFO  ipc.Server (Server.java:run(1562)) - IPC Server Responder: starting
2023-09-07 04:48:18,614 [Datanode State Machine Daemon Thread] INFO  statemachine.DatanodeStateMachine (DatanodeStateMachine.java:lambda$startDaemon$0(538)) - Ozone container server started.
2023-09-07 04:48:18,615 [IPC Server listener on 15046] INFO  ipc.Server (Server.java:run(1402)) - IPC Server listener on 15046: starting
2023-09-07 04:48:18,616 [main] INFO  ozone.MiniOzoneClusterImpl (MiniOzoneClusterImpl.java:lambda$waitForClusterToBeReady$0(224)) - Waiting for nodes to be ready. Got 0 of 5 DN Heartbeats.
2023-09-07 04:48:18,617 [main] INFO  ozone.MiniOzoneClusterImpl (MiniOzoneClusterImpl.java:lambda$waitForClusterToBeReady$0(227)) - Waiting for cluster to exit safe mode
2023-09-07 04:48:18,617 [main] INFO  ozone.MiniOzoneClusterImpl (MiniOzoneClusterImpl.java:lambda$waitForClusterToBeReady$0(229)) - SCM became leader
2023-09-07 04:48:18,635 [Datanode State Machine Task Thread - 0] INFO  datanode.InitDatanodeState (InitDatanodeState.java:persistContainerDatanodeDetails(138)) - DatanodeDetails is persisted to /home/runner/work/ozone/ozone/hadoop-ozone/integration-test/target/test-dir/MiniOzoneClusterImpl-34c981b6-280a-47ca-b885-362eca6d2b46/datanode-4/meta/datanode.id
2023-09-07 04:48:18,867 [EndpointStateMachine task thread for /0.0.0.0:15002 - 0 ] INFO  utils.DatanodeStoreCache (DatanodeStoreCache.java:addDB(66)) - Added db /home/runner/work/ozone/ozone/hadoop-ozone/integration-test/target/test-dir/MiniOzoneClusterImpl-34c981b6-280a-47ca-b885-362eca6d2b46/datanode-0/data-0/containers/hdds/34c981b6-280a-47ca-b885-362eca6d2b46/DS-c05e87b4-c50b-4b3d-8ec3-38d6ad3da886/container.db to cache
2023-09-07 04:48:18,867 [EndpointStateMachine task thread for /0.0.0.0:15002 - 0 ] INFO  volume.HddsVolume (HddsVolume.java:createDbStore(422)) - SchemaV3 db is created and loaded at /home/runner/work/ozone/ozone/hadoop-ozone/integration-test/target/test-dir/MiniOzoneClusterImpl-34c981b6-280a-47ca-b885-362eca6d2b46/datanode-0/data-0/containers/hdds/34c981b6-280a-47ca-b885-362eca6d2b46/DS-c05e87b4-c50b-4b3d-8ec3-38d6ad3da886/container.db for volume DS-c05e87b4-c50b-4b3d-8ec3-38d6ad3da886
2023-09-07 04:48:18,874 [EndpointStateMachine task thread for /0.0.0.0:15002 - 0 ] INFO  volume.ThrottledAsyncChecker (ThrottledAsyncChecker.java:schedule(141)) - Scheduling a check for /home/runner/work/ozone/ozone/hadoop-ozone/integration-test/target/test-dir/MiniOzoneClusterImpl-34c981b6-280a-47ca-b885-362eca6d2b46/datanode-0/data-0/containers/hdds
2023-09-07 04:48:18,910 [EndpointStateMachine task thread for /0.0.0.0:15002 - 0 ] INFO  volume.StorageVolumeChecker (StorageVolumeChecker.java:checkAllVolumes(213)) - Scheduled health check for volume /home/runner/work/ozone/ozone/hadoop-ozone/integration-test/target/test-dir/MiniOzoneClusterImpl-34c981b6-280a-47ca-b885-362eca6d2b46/datanode-0/data-0/containers/hdds
2023-09-07 04:48:18,914 [EndpointStateMachine task thread for /0.0.0.0:15002 - 0 ] INFO  volume.ThrottledAsyncChecker (ThrottledAsyncChecker.java:schedule(141)) - Scheduling a check for /home/runner/work/ozone/ozone/hadoop-ozone/integration-test/target/test-dir/MiniOzoneClusterImpl-34c981b6-280a-47ca-b885-362eca6d2b46/datanode-0/data/ratis
2023-09-07 04:48:18,915 [EndpointStateMachine task thread for /0.0.0.0:15002 - 0 ] INFO  volume.StorageVolumeChecker (StorageVolumeChecker.java:checkAllVolumes(213)) - Scheduled health check for volume /home/runner/work/ozone/ozone/hadoop-ozone/integration-test/target/test-dir/MiniOzoneClusterImpl-34c981b6-280a-47ca-b885-362eca6d2b46/datanode-0/data/ratis
2023-09-07 04:48:18,917 [EndpointStateMachine task thread for /0.0.0.0:15002 - 0 ] INFO  ozoneimpl.OzoneContainer (OzoneContainer.java:start(429)) - Attempting to start container services.
2023-09-07 04:48:18,920 [EndpointStateMachine task thread for /0.0.0.0:15002 - 0 ] INFO  ozoneimpl.OzoneContainer (OzoneContainer.java:startContainerScrub(325)) - Scheduled background container scanners and the on-demand container scanner have been disabled.
2023-09-07 04:48:18,922 [EndpointStateMachine task thread for /0.0.0.0:15002 - 0 ] INFO  replication.ReplicationServer (ReplicationServer.java:start(130)) - ReplicationServer is started using port 15016
2023-09-07 04:48:18,922 [EndpointStateMachine task thread for /0.0.0.0:15002 - 0 ] INFO  ratis.XceiverServerRatis (XceiverServerRatis.java:start(517)) - Starting XceiverServerRatis 8c6092c3-8da2-4ae2-b503-635dac77af5e
2023-09-07 04:48:18,945 [EndpointStateMachine task thread for /0.0.0.0:15002 - 0 ] INFO  server.RaftServer (RaftServerProxy.java:startImpl(400)) - 8c6092c3-8da2-4ae2-b503-635dac77af5e: start RPC server
2023-09-07 04:48:18,952 [EndpointStateMachine task thread for /0.0.0.0:15002 - 0 ] INFO  server.GrpcService (GrpcService.java:startImpl(302)) - 8c6092c3-8da2-4ae2-b503-635dac77af5e: GrpcService started, listening on 15012
2023-09-07 04:48:18,954 [EndpointStateMachine task thread for /0.0.0.0:15002 - 0 ] INFO  server.GrpcService (GrpcService.java:startImpl(302)) - 8c6092c3-8da2-4ae2-b503-635dac77af5e: GrpcService started, listening on 15014
2023-09-07 04:48:18,957 [EndpointStateMachine task thread for /0.0.0.0:15002 - 0 ] INFO  server.GrpcService (GrpcService.java:startImpl(302)) - 8c6092c3-8da2-4ae2-b503-635dac77af5e: GrpcService started, listening on 15013
2023-09-07 04:48:18,963 [EndpointStateMachine task thread for /0.0.0.0:15002 - 0 ] INFO  ratis.XceiverServerRatis (XceiverServerRatis.java:getRealPort(543)) - XceiverServerRatis 8c6092c3-8da2-4ae2-b503-635dac77af5e is started using port 15012 for RATIS
2023-09-07 04:48:18,963 [EndpointStateMachine task thread for /0.0.0.0:15002 - 0 ] INFO  ratis.XceiverServerRatis (XceiverServerRatis.java:getRealPort(543)) - XceiverServerRatis 8c6092c3-8da2-4ae2-b503-635dac77af5e is started using port 15013 for RATIS_ADMIN
2023-09-07 04:48:18,963 [EndpointStateMachine task thread for /0.0.0.0:15002 - 0 ] INFO  ratis.XceiverServerRatis (XceiverServerRatis.java:getRealPort(543)) - XceiverServerRatis 8c6092c3-8da2-4ae2-b503-635dac77af5e is started using port 15014 for RATIS_SERVER
2023-09-07 04:48:18,964 [EndpointStateMachine task thread for /0.0.0.0:15002 - 0 ] INFO  ratis.XceiverServerRatis (XceiverServerRatis.java:getRealPort(543)) - XceiverServerRatis 8c6092c3-8da2-4ae2-b503-635dac77af5e is started using port 15015 for RATIS_DATASTREAM
2023-09-07 04:48:18,966 [JvmPauseMonitor2] INFO  util.JvmPauseMonitor (JvmPauseMonitor.java:run(103)) - JvmPauseMonitor-8c6092c3-8da2-4ae2-b503-635dac77af5e: Started
2023-09-07 04:48:18,982 [BlockDeletingService#0] INFO  interfaces.ContainerDeletionChoosingPolicyTemplate (ContainerDeletionChoosingPolicyTemplate.java:chooseContainerForBlockDeletion(85)) - Chosen 0/5000 blocks from 0 candidate containers.
2023-09-07 04:48:19,319 [EndpointStateMachine task thread for /0.0.0.0:15002 - 0 ] INFO  utils.DatanodeStoreCache (DatanodeStoreCache.java:addDB(66)) - Added db /home/runner/work/ozone/ozone/hadoop-ozone/integration-test/target/test-dir/MiniOzoneClusterImpl-34c981b6-280a-47ca-b885-362eca6d2b46/datanode-1/data-0/containers/hdds/34c981b6-280a-47ca-b885-362eca6d2b46/DS-2cd0e314-dd97-4c9f-9458-eb5017d145bc/container.db to cache
2023-09-07 04:48:19,319 [EndpointStateMachine task thread for /0.0.0.0:15002 - 0 ] INFO  volume.HddsVolume (HddsVolume.java:createDbStore(422)) - SchemaV3 db is created and loaded at /home/runner/work/ozone/ozone/hadoop-ozone/integration-test/target/test-dir/MiniOzoneClusterImpl-34c981b6-280a-47ca-b885-362eca6d2b46/datanode-1/data-0/containers/hdds/34c981b6-280a-47ca-b885-362eca6d2b46/DS-2cd0e314-dd97-4c9f-9458-eb5017d145bc/container.db for volume DS-2cd0e314-dd97-4c9f-9458-eb5017d145bc
2023-09-07 04:48:19,321 [EndpointStateMachine task thread for /0.0.0.0:15002 - 0 ] INFO  volume.ThrottledAsyncChecker (ThrottledAsyncChecker.java:schedule(141)) - Scheduling a check for /home/runner/work/ozone/ozone/hadoop-ozone/integration-test/target/test-dir/MiniOzoneClusterImpl-34c981b6-280a-47ca-b885-362eca6d2b46/datanode-1/data-0/containers/hdds
2023-09-07 04:48:19,338 [EndpointStateMachine task thread for /0.0.0.0:15002 - 0 ] INFO  volume.StorageVolumeChecker (StorageVolumeChecker.java:checkAllVolumes(213)) - Scheduled health check for volume /home/runner/work/ozone/ozone/hadoop-ozone/integration-test/target/test-dir/MiniOzoneClusterImpl-34c981b6-280a-47ca-b885-362eca6d2b46/datanode-1/data-0/containers/hdds
2023-09-07 04:48:19,352 [EndpointStateMachine task thread for /0.0.0.0:15002 - 0 ] INFO  volume.ThrottledAsyncChecker (ThrottledAsyncChecker.java:schedule(141)) - Scheduling a check for /home/runner/work/ozone/ozone/hadoop-ozone/integration-test/target/test-dir/MiniOzoneClusterImpl-34c981b6-280a-47ca-b885-362eca6d2b46/datanode-1/data/ratis
2023-09-07 04:48:19,352 [EndpointStateMachine task thread for /0.0.0.0:15002 - 0 ] INFO  volume.StorageVolumeChecker (StorageVolumeChecker.java:checkAllVolumes(213)) - Scheduled health check for volume /home/runner/work/ozone/ozone/hadoop-ozone/integration-test/target/test-dir/MiniOzoneClusterImpl-34c981b6-280a-47ca-b885-362eca6d2b46/datanode-1/data/ratis
2023-09-07 04:48:19,353 [EndpointStateMachine task thread for /0.0.0.0:15002 - 0 ] INFO  ozoneimpl.OzoneContainer (OzoneContainer.java:start(429)) - Attempting to start container services.
2023-09-07 04:48:19,354 [EndpointStateMachine task thread for /0.0.0.0:15002 - 0 ] INFO  ozoneimpl.OzoneContainer (OzoneContainer.java:startContainerScrub(325)) - Scheduled background container scanners and the on-demand container scanner have been disabled.
2023-09-07 04:48:19,360 [EndpointStateMachine task thread for /0.0.0.0:15002 - 0 ] INFO  replication.ReplicationServer (ReplicationServer.java:start(130)) - ReplicationServer is started using port 15025
2023-09-07 04:48:19,360 [EndpointStateMachine task thread for /0.0.0.0:15002 - 0 ] INFO  ratis.XceiverServerRatis (XceiverServerRatis.java:start(517)) - Starting XceiverServerRatis b1275f2d-39ad-471b-b40b-6b5e810ed750
2023-09-07 04:48:19,374 [EndpointStateMachine task thread for /0.0.0.0:15002 - 0 ] INFO  server.RaftServer (RaftServerProxy.java:startImpl(400)) - b1275f2d-39ad-471b-b40b-6b5e810ed750: start RPC server
2023-09-07 04:48:19,388 [EndpointStateMachine task thread for /0.0.0.0:15002 - 0 ] INFO  server.GrpcService (GrpcService.java:startImpl(302)) - b1275f2d-39ad-471b-b40b-6b5e810ed750: GrpcService started, listening on 15021
2023-09-07 04:48:19,389 [EndpointStateMachine task thread for /0.0.0.0:15002 - 0 ] INFO  server.GrpcService (GrpcService.java:startImpl(302)) - b1275f2d-39ad-471b-b40b-6b5e810ed750: GrpcService started, listening on 15023
2023-09-07 04:48:19,393 [EndpointStateMachine task thread for /0.0.0.0:15002 - 0 ] INFO  server.GrpcService (GrpcService.java:startImpl(302)) - b1275f2d-39ad-471b-b40b-6b5e810ed750: GrpcService started, listening on 15022
2023-09-07 04:48:19,394 [EndpointStateMachine task thread for /0.0.0.0:15002 - 0 ] INFO  ratis.XceiverServerRatis (XceiverServerRatis.java:getRealPort(543)) - XceiverServerRatis b1275f2d-39ad-471b-b40b-6b5e810ed750 is started using port 15021 for RATIS
2023-09-07 04:48:19,394 [EndpointStateMachine task thread for /0.0.0.0:15002 - 0 ] INFO  ratis.XceiverServerRatis (XceiverServerRatis.java:getRealPort(543)) - XceiverServerRatis b1275f2d-39ad-471b-b40b-6b5e810ed750 is started using port 15022 for RATIS_ADMIN
2023-09-07 04:48:19,394 [EndpointStateMachine task thread for /0.0.0.0:15002 - 0 ] INFO  ratis.XceiverServerRatis (XceiverServerRatis.java:getRealPort(543)) - XceiverServerRatis b1275f2d-39ad-471b-b40b-6b5e810ed750 is started using port 15023 for RATIS_SERVER
2023-09-07 04:48:19,394 [EndpointStateMachine task thread for /0.0.0.0:15002 - 0 ] INFO  ratis.XceiverServerRatis (XceiverServerRatis.java:getRealPort(543)) - XceiverServerRatis b1275f2d-39ad-471b-b40b-6b5e810ed750 is started using port 15024 for RATIS_DATASTREAM
2023-09-07 04:48:19,394 [JvmPauseMonitor3] INFO  util.JvmPauseMonitor (JvmPauseMonitor.java:run(103)) - JvmPauseMonitor-b1275f2d-39ad-471b-b40b-6b5e810ed750: Started
2023-09-07 04:48:19,418 [BlockDeletingService#0] INFO  interfaces.ContainerDeletionChoosingPolicyTemplate (ContainerDeletionChoosingPolicyTemplate.java:chooseContainerForBlockDeletion(85)) - Chosen 0/5000 blocks from 0 candidate containers.
2023-09-07 04:48:19,618 [main] INFO  ozone.MiniOzoneClusterImpl (MiniOzoneClusterImpl.java:lambda$waitForClusterToBeReady$0(224)) - Waiting for nodes to be ready. Got 0 of 5 DN Heartbeats.
2023-09-07 04:48:19,618 [main] INFO  ozone.MiniOzoneClusterImpl (MiniOzoneClusterImpl.java:lambda$waitForClusterToBeReady$0(227)) - Waiting for cluster to exit safe mode
2023-09-07 04:48:19,618 [main] INFO  ozone.MiniOzoneClusterImpl (MiniOzoneClusterImpl.java:lambda$waitForClusterToBeReady$0(229)) - SCM became leader
2023-09-07 04:48:19,817 [EndpointStateMachine task thread for /0.0.0.0:15002 - 0 ] INFO  utils.DatanodeStoreCache (DatanodeStoreCache.java:addDB(66)) - Added db /home/runner/work/ozone/ozone/hadoop-ozone/integration-test/target/test-dir/MiniOzoneClusterImpl-34c981b6-280a-47ca-b885-362eca6d2b46/datanode-2/data-0/containers/hdds/34c981b6-280a-47ca-b885-362eca6d2b46/DS-558deed5-c132-4b1b-9dc5-1f27b7980817/container.db to cache
2023-09-07 04:48:19,817 [EndpointStateMachine task thread for /0.0.0.0:15002 - 0 ] INFO  volume.HddsVolume (HddsVolume.java:createDbStore(422)) - SchemaV3 db is created and loaded at /home/runner/work/ozone/ozone/hadoop-ozone/integration-test/target/test-dir/MiniOzoneClusterImpl-34c981b6-280a-47ca-b885-362eca6d2b46/datanode-2/data-0/containers/hdds/34c981b6-280a-47ca-b885-362eca6d2b46/DS-558deed5-c132-4b1b-9dc5-1f27b7980817/container.db for volume DS-558deed5-c132-4b1b-9dc5-1f27b7980817
2023-09-07 04:48:19,822 [EndpointStateMachine task thread for /0.0.0.0:15002 - 0 ] INFO  volume.ThrottledAsyncChecker (ThrottledAsyncChecker.java:schedule(141)) - Scheduling a check for /home/runner/work/ozone/ozone/hadoop-ozone/integration-test/target/test-dir/MiniOzoneClusterImpl-34c981b6-280a-47ca-b885-362eca6d2b46/datanode-2/data-0/containers/hdds
2023-09-07 04:48:19,822 [EndpointStateMachine task thread for /0.0.0.0:15002 - 0 ] INFO  volume.StorageVolumeChecker (StorageVolumeChecker.java:checkAllVolumes(213)) - Scheduled health check for volume /home/runner/work/ozone/ozone/hadoop-ozone/integration-test/target/test-dir/MiniOzoneClusterImpl-34c981b6-280a-47ca-b885-362eca6d2b46/datanode-2/data-0/containers/hdds
2023-09-07 04:48:19,833 [EndpointStateMachine task thread for /0.0.0.0:15002 - 0 ] INFO  volume.ThrottledAsyncChecker (ThrottledAsyncChecker.java:schedule(141)) - Scheduling a check for /home/runner/work/ozone/ozone/hadoop-ozone/integration-test/target/test-dir/MiniOzoneClusterImpl-34c981b6-280a-47ca-b885-362eca6d2b46/datanode-2/data/ratis
2023-09-07 04:48:19,833 [EndpointStateMachine task thread for /0.0.0.0:15002 - 0 ] INFO  volume.StorageVolumeChecker (StorageVolumeChecker.java:checkAllVolumes(213)) - Scheduled health check for volume /home/runner/work/ozone/ozone/hadoop-ozone/integration-test/target/test-dir/MiniOzoneClusterImpl-34c981b6-280a-47ca-b885-362eca6d2b46/datanode-2/data/ratis
2023-09-07 04:48:19,843 [EndpointStateMachine task thread for /0.0.0.0:15002 - 0 ] INFO  ozoneimpl.OzoneContainer (OzoneContainer.java:start(429)) - Attempting to start container services.
2023-09-07 04:48:19,843 [EndpointStateMachine task thread for /0.0.0.0:15002 - 0 ] INFO  ozoneimpl.OzoneContainer (OzoneContainer.java:startContainerScrub(325)) - Scheduled background container scanners and the on-demand container scanner have been disabled.
2023-09-07 04:48:19,855 [EndpointStateMachine task thread for /0.0.0.0:15002 - 0 ] INFO  replication.ReplicationServer (ReplicationServer.java:start(130)) - ReplicationServer is started using port 15034
2023-09-07 04:48:19,855 [EndpointStateMachine task thread for /0.0.0.0:15002 - 0 ] INFO  ratis.XceiverServerRatis (XceiverServerRatis.java:start(517)) - Starting XceiverServerRatis 0eb6895c-dd30-4da0-bb92-00e2e7e9df9f
2023-09-07 04:48:19,864 [EndpointStateMachine task thread for /0.0.0.0:15002 - 0 ] INFO  server.RaftServer (RaftServerProxy.java:startImpl(400)) - 0eb6895c-dd30-4da0-bb92-00e2e7e9df9f: start RPC server
2023-09-07 04:48:19,896 [EndpointStateMachine task thread for /0.0.0.0:15002 - 0 ] INFO  server.GrpcService (GrpcService.java:startImpl(302)) - 0eb6895c-dd30-4da0-bb92-00e2e7e9df9f: GrpcService started, listening on 15030
2023-09-07 04:48:19,902 [EndpointStateMachine task thread for /0.0.0.0:15002 - 0 ] INFO  server.GrpcService (GrpcService.java:startImpl(302)) - 0eb6895c-dd30-4da0-bb92-00e2e7e9df9f: GrpcService started, listening on 15032
2023-09-07 04:48:19,904 [EndpointStateMachine task thread for /0.0.0.0:15002 - 0 ] INFO  server.GrpcService (GrpcService.java:startImpl(302)) - 0eb6895c-dd30-4da0-bb92-00e2e7e9df9f: GrpcService started, listening on 15031
2023-09-07 04:48:19,909 [EndpointStateMachine task thread for /0.0.0.0:15002 - 0 ] INFO  ratis.XceiverServerRatis (XceiverServerRatis.java:getRealPort(543)) - XceiverServerRatis 0eb6895c-dd30-4da0-bb92-00e2e7e9df9f is started using port 15030 for RATIS
2023-09-07 04:48:19,909 [JvmPauseMonitor4] INFO  util.JvmPauseMonitor (JvmPauseMonitor.java:run(103)) - JvmPauseMonitor-0eb6895c-dd30-4da0-bb92-00e2e7e9df9f: Started
2023-09-07 04:48:19,909 [EndpointStateMachine task thread for /0.0.0.0:15002 - 0 ] INFO  ratis.XceiverServerRatis (XceiverServerRatis.java:getRealPort(543)) - XceiverServerRatis 0eb6895c-dd30-4da0-bb92-00e2e7e9df9f is started using port 15031 for RATIS_ADMIN
2023-09-07 04:48:19,909 [EndpointStateMachine task thread for /0.0.0.0:15002 - 0 ] INFO  ratis.XceiverServerRatis (XceiverServerRatis.java:getRealPort(543)) - XceiverServerRatis 0eb6895c-dd30-4da0-bb92-00e2e7e9df9f is started using port 15032 for RATIS_SERVER
2023-09-07 04:48:19,909 [EndpointStateMachine task thread for /0.0.0.0:15002 - 0 ] INFO  ratis.XceiverServerRatis (XceiverServerRatis.java:getRealPort(543)) - XceiverServerRatis 0eb6895c-dd30-4da0-bb92-00e2e7e9df9f is started using port 15033 for RATIS_DATASTREAM
2023-09-07 04:48:19,943 [BlockDeletingService#0] INFO  interfaces.ContainerDeletionChoosingPolicyTemplate (ContainerDeletionChoosingPolicyTemplate.java:chooseContainerForBlockDeletion(85)) - Chosen 0/5000 blocks from 0 candidate containers.
2023-09-07 04:48:20,255 [EndpointStateMachine task thread for /0.0.0.0:15002 - 0 ] INFO  utils.DatanodeStoreCache (DatanodeStoreCache.java:addDB(66)) - Added db /home/runner/work/ozone/ozone/hadoop-ozone/integration-test/target/test-dir/MiniOzoneClusterImpl-34c981b6-280a-47ca-b885-362eca6d2b46/datanode-3/data-0/containers/hdds/34c981b6-280a-47ca-b885-362eca6d2b46/DS-ca660cd9-506c-4803-a95e-d3942c18aba0/container.db to cache
2023-09-07 04:48:20,255 [EndpointStateMachine task thread for /0.0.0.0:15002 - 0 ] INFO  volume.HddsVolume (HddsVolume.java:createDbStore(422)) - SchemaV3 db is created and loaded at /home/runner/work/ozone/ozone/hadoop-ozone/integration-test/target/test-dir/MiniOzoneClusterImpl-34c981b6-280a-47ca-b885-362eca6d2b46/datanode-3/data-0/containers/hdds/34c981b6-280a-47ca-b885-362eca6d2b46/DS-ca660cd9-506c-4803-a95e-d3942c18aba0/container.db for volume DS-ca660cd9-506c-4803-a95e-d3942c18aba0
2023-09-07 04:48:20,258 [EndpointStateMachine task thread for /0.0.0.0:15002 - 0 ] INFO  volume.ThrottledAsyncChecker (ThrottledAsyncChecker.java:schedule(141)) - Scheduling a check for /home/runner/work/ozone/ozone/hadoop-ozone/integration-test/target/test-dir/MiniOzoneClusterImpl-34c981b6-280a-47ca-b885-362eca6d2b46/datanode-3/data-0/containers/hdds
2023-09-07 04:48:20,259 [EndpointStateMachine task thread for /0.0.0.0:15002 - 0 ] INFO  volume.StorageVolumeChecker (StorageVolumeChecker.java:checkAllVolumes(213)) - Scheduled health check for volume /home/runner/work/ozone/ozone/hadoop-ozone/integration-test/target/test-dir/MiniOzoneClusterImpl-34c981b6-280a-47ca-b885-362eca6d2b46/datanode-3/data-0/containers/hdds
2023-09-07 04:48:20,262 [EndpointStateMachine task thread for /0.0.0.0:15002 - 0 ] INFO  volume.ThrottledAsyncChecker (ThrottledAsyncChecker.java:schedule(141)) - Scheduling a check for /home/runner/work/ozone/ozone/hadoop-ozone/integration-test/target/test-dir/MiniOzoneClusterImpl-34c981b6-280a-47ca-b885-362eca6d2b46/datanode-3/data/ratis
2023-09-07 04:48:20,262 [EndpointStateMachine task thread for /0.0.0.0:15002 - 0 ] INFO  volume.StorageVolumeChecker (StorageVolumeChecker.java:checkAllVolumes(213)) - Scheduled health check for volume /home/runner/work/ozone/ozone/hadoop-ozone/integration-test/target/test-dir/MiniOzoneClusterImpl-34c981b6-280a-47ca-b885-362eca6d2b46/datanode-3/data/ratis
2023-09-07 04:48:20,263 [EndpointStateMachine task thread for /0.0.0.0:15002 - 0 ] INFO  ozoneimpl.OzoneContainer (OzoneContainer.java:start(429)) - Attempting to start container services.
2023-09-07 04:48:20,264 [EndpointStateMachine task thread for /0.0.0.0:15002 - 0 ] INFO  ozoneimpl.OzoneContainer (OzoneContainer.java:startContainerScrub(325)) - Scheduled background container scanners and the on-demand container scanner have been disabled.
2023-09-07 04:48:20,266 [EndpointStateMachine task thread for /0.0.0.0:15002 - 0 ] INFO  replication.ReplicationServer (ReplicationServer.java:start(130)) - ReplicationServer is started using port 15043
2023-09-07 04:48:20,266 [EndpointStateMachine task thread for /0.0.0.0:15002 - 0 ] INFO  ratis.XceiverServerRatis (XceiverServerRatis.java:start(517)) - Starting XceiverServerRatis 9a8052bd-f999-4b9a-a28f-6b7dccc3d848
2023-09-07 04:48:20,268 [EndpointStateMachine task thread for /0.0.0.0:15002 - 0 ] INFO  server.RaftServer (RaftServerProxy.java:startImpl(400)) - 9a8052bd-f999-4b9a-a28f-6b7dccc3d848: start RPC server
2023-09-07 04:48:20,271 [EndpointStateMachine task thread for /0.0.0.0:15002 - 0 ] INFO  server.GrpcService (GrpcService.java:startImpl(302)) - 9a8052bd-f999-4b9a-a28f-6b7dccc3d848: GrpcService started, listening on 15039
2023-09-07 04:48:20,273 [EndpointStateMachine task thread for /0.0.0.0:15002 - 0 ] INFO  server.GrpcService (GrpcService.java:startImpl(302)) - 9a8052bd-f999-4b9a-a28f-6b7dccc3d848: GrpcService started, listening on 15041
2023-09-07 04:48:20,278 [EndpointStateMachine task thread for /0.0.0.0:15002 - 0 ] INFO  server.GrpcService (GrpcService.java:startImpl(302)) - 9a8052bd-f999-4b9a-a28f-6b7dccc3d848: GrpcService started, listening on 15040
2023-09-07 04:48:20,278 [EndpointStateMachine task thread for /0.0.0.0:15002 - 0 ] INFO  ratis.XceiverServerRatis (XceiverServerRatis.java:getRealPort(543)) - XceiverServerRatis 9a8052bd-f999-4b9a-a28f-6b7dccc3d848 is started using port 15039 for RATIS
2023-09-07 04:48:20,278 [JvmPauseMonitor5] INFO  util.JvmPauseMonitor (JvmPauseMonitor.java:run(103)) - JvmPauseMonitor-9a8052bd-f999-4b9a-a28f-6b7dccc3d848: Started
2023-09-07 04:48:20,278 [EndpointStateMachine task thread for /0.0.0.0:15002 - 0 ] INFO  ratis.XceiverServerRatis (XceiverServerRatis.java:getRealPort(543)) - XceiverServerRatis 9a8052bd-f999-4b9a-a28f-6b7dccc3d848 is started using port 15040 for RATIS_ADMIN
2023-09-07 04:48:20,279 [EndpointStateMachine task thread for /0.0.0.0:15002 - 0 ] INFO  ratis.XceiverServerRatis (XceiverServerRatis.java:getRealPort(543)) - XceiverServerRatis 9a8052bd-f999-4b9a-a28f-6b7dccc3d848 is started using port 15041 for RATIS_SERVER
2023-09-07 04:48:20,279 [EndpointStateMachine task thread for /0.0.0.0:15002 - 0 ] INFO  ratis.XceiverServerRatis (XceiverServerRatis.java:getRealPort(543)) - XceiverServerRatis 9a8052bd-f999-4b9a-a28f-6b7dccc3d848 is started using port 15042 for RATIS_DATASTREAM
2023-09-07 04:48:20,295 [BlockDeletingService#0] INFO  interfaces.ContainerDeletionChoosingPolicyTemplate (ContainerDeletionChoosingPolicyTemplate.java:chooseContainerForBlockDeletion(85)) - Chosen 0/5000 blocks from 0 candidate containers.
2023-09-07 04:48:20,618 [main] INFO  ozone.MiniOzoneClusterImpl (MiniOzoneClusterImpl.java:lambda$waitForClusterToBeReady$0(224)) - Waiting for nodes to be ready. Got 0 of 5 DN Heartbeats.
2023-09-07 04:48:20,619 [main] INFO  ozone.MiniOzoneClusterImpl (MiniOzoneClusterImpl.java:lambda$waitForClusterToBeReady$0(227)) - Waiting for cluster to exit safe mode
2023-09-07 04:48:20,619 [main] INFO  ozone.MiniOzoneClusterImpl (MiniOzoneClusterImpl.java:lambda$waitForClusterToBeReady$0(229)) - SCM became leader
2023-09-07 04:48:20,695 [EndpointStateMachine task thread for /0.0.0.0:15002 - 0 ] INFO  utils.DatanodeStoreCache (DatanodeStoreCache.java:addDB(66)) - Added db /home/runner/work/ozone/ozone/hadoop-ozone/integration-test/target/test-dir/MiniOzoneClusterImpl-34c981b6-280a-47ca-b885-362eca6d2b46/datanode-4/data-0/containers/hdds/34c981b6-280a-47ca-b885-362eca6d2b46/DS-2ea0bcc2-d461-4da0-8054-b2b8d72da124/container.db to cache
2023-09-07 04:48:20,695 [EndpointStateMachine task thread for /0.0.0.0:15002 - 0 ] INFO  volume.HddsVolume (HddsVolume.java:createDbStore(422)) - SchemaV3 db is created and loaded at /home/runner/work/ozone/ozone/hadoop-ozone/integration-test/target/test-dir/MiniOzoneClusterImpl-34c981b6-280a-47ca-b885-362eca6d2b46/datanode-4/data-0/containers/hdds/34c981b6-280a-47ca-b885-362eca6d2b46/DS-2ea0bcc2-d461-4da0-8054-b2b8d72da124/container.db for volume DS-2ea0bcc2-d461-4da0-8054-b2b8d72da124
2023-09-07 04:48:20,697 [EndpointStateMachine task thread for /0.0.0.0:15002 - 0 ] INFO  volume.ThrottledAsyncChecker (ThrottledAsyncChecker.java:schedule(141)) - Scheduling a check for /home/runner/work/ozone/ozone/hadoop-ozone/integration-test/target/test-dir/MiniOzoneClusterImpl-34c981b6-280a-47ca-b885-362eca6d2b46/datanode-4/data-0/containers/hdds
2023-09-07 04:48:20,699 [EndpointStateMachine task thread for /0.0.0.0:15002 - 0 ] INFO  volume.StorageVolumeChecker (StorageVolumeChecker.java:checkAllVolumes(213)) - Scheduled health check for volume /home/runner/work/ozone/ozone/hadoop-ozone/integration-test/target/test-dir/MiniOzoneClusterImpl-34c981b6-280a-47ca-b885-362eca6d2b46/datanode-4/data-0/containers/hdds
2023-09-07 04:48:20,701 [EndpointStateMachine task thread for /0.0.0.0:15002 - 0 ] INFO  volume.ThrottledAsyncChecker (ThrottledAsyncChecker.java:schedule(141)) - Scheduling a check for /home/runner/work/ozone/ozone/hadoop-ozone/integration-test/target/test-dir/MiniOzoneClusterImpl-34c981b6-280a-47ca-b885-362eca6d2b46/datanode-4/data/ratis
2023-09-07 04:48:20,701 [EndpointStateMachine task thread for /0.0.0.0:15002 - 0 ] INFO  volume.StorageVolumeChecker (StorageVolumeChecker.java:checkAllVolumes(213)) - Scheduled health check for volume /home/runner/work/ozone/ozone/hadoop-ozone/integration-test/target/test-dir/MiniOzoneClusterImpl-34c981b6-280a-47ca-b885-362eca6d2b46/datanode-4/data/ratis
2023-09-07 04:48:20,703 [EndpointStateMachine task thread for /0.0.0.0:15002 - 0 ] INFO  ozoneimpl.OzoneContainer (OzoneContainer.java:start(429)) - Attempting to start container services.
2023-09-07 04:48:20,703 [EndpointStateMachine task thread for /0.0.0.0:15002 - 0 ] INFO  ozoneimpl.OzoneContainer (OzoneContainer.java:startContainerScrub(325)) - Scheduled background container scanners and the on-demand container scanner have been disabled.
2023-09-07 04:48:20,706 [EndpointStateMachine task thread for /0.0.0.0:15002 - 0 ] INFO  replication.ReplicationServer (ReplicationServer.java:start(130)) - ReplicationServer is started using port 15052
2023-09-07 04:48:20,706 [EndpointStateMachine task thread for /0.0.0.0:15002 - 0 ] INFO  ratis.XceiverServerRatis (XceiverServerRatis.java:start(517)) - Starting XceiverServerRatis 9de77b90-302e-4d3a-8e07-68c62a7150b7
2023-09-07 04:48:20,727 [EndpointStateMachine task thread for /0.0.0.0:15002 - 0 ] INFO  server.RaftServer (RaftServerProxy.java:startImpl(400)) - 9de77b90-302e-4d3a-8e07-68c62a7150b7: start RPC server
2023-09-07 04:48:20,736 [EndpointStateMachine task thread for /0.0.0.0:15002 - 0 ] INFO  server.GrpcService (GrpcService.java:startImpl(302)) - 9de77b90-302e-4d3a-8e07-68c62a7150b7: GrpcService started, listening on 15048
2023-09-07 04:48:20,737 [EndpointStateMachine task thread for /0.0.0.0:15002 - 0 ] INFO  server.GrpcService (GrpcService.java:startImpl(302)) - 9de77b90-302e-4d3a-8e07-68c62a7150b7: GrpcService started, listening on 15050
2023-09-07 04:48:20,738 [EndpointStateMachine task thread for /0.0.0.0:15002 - 0 ] INFO  server.GrpcService (GrpcService.java:startImpl(302)) - 9de77b90-302e-4d3a-8e07-68c62a7150b7: GrpcService started, listening on 15049
2023-09-07 04:48:20,738 [EndpointStateMachine task thread for /0.0.0.0:15002 - 0 ] INFO  ratis.XceiverServerRatis (XceiverServerRatis.java:getRealPort(543)) - XceiverServerRatis 9de77b90-302e-4d3a-8e07-68c62a7150b7 is started using port 15048 for RATIS
2023-09-07 04:48:20,738 [EndpointStateMachine task thread for /0.0.0.0:15002 - 0 ] INFO  ratis.XceiverServerRatis (XceiverServerRatis.java:getRealPort(543)) - XceiverServerRatis 9de77b90-302e-4d3a-8e07-68c62a7150b7 is started using port 15049 for RATIS_ADMIN
2023-09-07 04:48:20,738 [EndpointStateMachine task thread for /0.0.0.0:15002 - 0 ] INFO  ratis.XceiverServerRatis (XceiverServerRatis.java:getRealPort(543)) - XceiverServerRatis 9de77b90-302e-4d3a-8e07-68c62a7150b7 is started using port 15050 for RATIS_SERVER
2023-09-07 04:48:20,738 [EndpointStateMachine task thread for /0.0.0.0:15002 - 0 ] INFO  ratis.XceiverServerRatis (XceiverServerRatis.java:getRealPort(543)) - XceiverServerRatis 9de77b90-302e-4d3a-8e07-68c62a7150b7 is started using port 15051 for RATIS_DATASTREAM
2023-09-07 04:48:20,739 [JvmPauseMonitor6] INFO  util.JvmPauseMonitor (JvmPauseMonitor.java:run(103)) - JvmPauseMonitor-9de77b90-302e-4d3a-8e07-68c62a7150b7: Started
2023-09-07 04:48:20,764 [BlockDeletingService#0] INFO  interfaces.ContainerDeletionChoosingPolicyTemplate (ContainerDeletionChoosingPolicyTemplate.java:chooseContainerForBlockDeletion(85)) - Chosen 0/5000 blocks from 0 candidate containers.
2023-09-07 04:48:20,782 [IPC Server handler 13 on default port 15002] INFO  net.NetworkTopologyImpl (NetworkTopologyImpl.java:add(112)) - Added a new node: /default-rack/8c6092c3-8da2-4ae2-b503-635dac77af5e
2023-09-07 04:48:20,788 [IPC Server handler 13 on default port 15002] INFO  node.SCMNodeManager (SCMNodeManager.java:register(405)) - Registered Data node : 8c6092c3-8da2-4ae2-b503-635dac77af5e{ip: 10.1.0.9, host: fv-az163-854.ksqkok1cighebdh5ckq0wc3qdf.dx.internal.cloudapp.net, ports: [HTTP=15009, CLIENT_RPC=15010, REPLICATION=15016, RATIS=15012, RATIS_ADMIN=15013, RATIS_SERVER=15014, RATIS_DATASTREAM=15015, STANDALONE=15011], networkLocation: /default-rack, certSerialId: null, persistedOpState: null, persistedOpStateExpiryEpochSec: 0}
2023-09-07 04:48:20,793 [EventQueue-NewNodeForNewNodeHandler] INFO  pipeline.BackgroundPipelineCreator (BackgroundPipelineCreator.java:notifyEventTriggered(277)) - trigger a one-shot run on RatisPipelineUtilsThread.
2023-09-07 04:48:20,810 [RatisPipelineUtilsThread - 0] INFO  pipeline.RatisPipelineProvider (RatisPipelineProvider.java:lambda$create$0(206)) - Sending CreatePipelineCommand for pipeline:PipelineID=bf3e4409-818b-49af-9ad5-5a106abf4fbb to datanode:8c6092c3-8da2-4ae2-b503-635dac77af5e
2023-09-07 04:48:20,810 [EventQueue-NodeRegistrationContainerReportForContainerSafeModeRule] INFO  safemode.SCMSafeModeManager (SCMSafeModeManager.java:validateSafeModeExitRules(200)) - ContainerSafeModeRule rule is successfully validated
2023-09-07 04:48:20,811 [EventQueue-NodeRegistrationContainerReportForDataNodeSafeModeRule] INFO  safemode.SCMSafeModeManager (DataNodeSafeModeRule.java:process(71)) - SCM in safe mode. 1 DataNodes registered, 3 required.
2023-09-07 04:48:20,819 [EventQueue-PipelineReportForOneReplicaPipelineSafeModeRule] INFO  safemode.SCMSafeModeManager (SCMSafeModeManager.java:validateSafeModeExitRules(200)) - AtleastOneDatanodeReportedRule rule is successfully validated
2023-09-07 04:48:20,840 [RatisPipelineUtilsThread - 0] INFO  pipeline.BackgroundPipelineCreator (BackgroundPipelineCreator.java:createPipelines(233)) - Created new pipeline Pipeline[ Id: bf3e4409-818b-49af-9ad5-5a106abf4fbb, Nodes: 8c6092c3-8da2-4ae2-b503-635dac77af5e(fv-az163-854.ksqkok1cighebdh5ckq0wc3qdf.dx.internal.cloudapp.net/10.1.0.9), ReplicationConfig: RATIS/ONE, State:ALLOCATED, leaderId:, CreationTimestamp2023-09-07T04:48:20.808Z[Etc/UTC]]
2023-09-07 04:48:21,261 [IPC Server handler 14 on default port 15002] INFO  net.NetworkTopologyImpl (NetworkTopologyImpl.java:add(112)) - Added a new node: /default-rack/b1275f2d-39ad-471b-b40b-6b5e810ed750
2023-09-07 04:48:21,261 [IPC Server handler 14 on default port 15002] INFO  node.SCMNodeManager (SCMNodeManager.java:register(405)) - Registered Data node : b1275f2d-39ad-471b-b40b-6b5e810ed750{ip: 10.1.0.9, host: fv-az163-854.ksqkok1cighebdh5ckq0wc3qdf.dx.internal.cloudapp.net, ports: [HTTP=15018, CLIENT_RPC=15019, REPLICATION=15025, RATIS=15021, RATIS_ADMIN=15022, RATIS_SERVER=15023, RATIS_DATASTREAM=15024, STANDALONE=15020], networkLocation: /default-rack, certSerialId: null, persistedOpState: null, persistedOpStateExpiryEpochSec: 0}
2023-09-07 04:48:21,262 [EventQueue-NewNodeForNewNodeHandler] INFO  pipeline.BackgroundPipelineCreator (BackgroundPipelineCreator.java:notifyEventTriggered(277)) - trigger a one-shot run on RatisPipelineUtilsThread.
2023-09-07 04:48:21,264 [EventQueue-NodeRegistrationContainerReportForDataNodeSafeModeRule] INFO  safemode.SCMSafeModeManager (DataNodeSafeModeRule.java:process(71)) - SCM in safe mode. 2 DataNodes registered, 3 required.
2023-09-07 04:48:21,264 [RatisPipelineUtilsThread - 0] INFO  pipeline.RatisPipelineProvider (RatisPipelineProvider.java:lambda$create$0(206)) - Sending CreatePipelineCommand for pipeline:PipelineID=025be21e-9425-498f-9c4c-178e19979cdd to datanode:b1275f2d-39ad-471b-b40b-6b5e810ed750
2023-09-07 04:48:21,266 [RatisPipelineUtilsThread - 0] INFO  pipeline.BackgroundPipelineCreator (BackgroundPipelineCreator.java:createPipelines(233)) - Created new pipeline Pipeline[ Id: 025be21e-9425-498f-9c4c-178e19979cdd, Nodes: b1275f2d-39ad-471b-b40b-6b5e810ed750(fv-az163-854.ksqkok1cighebdh5ckq0wc3qdf.dx.internal.cloudapp.net/10.1.0.9), ReplicationConfig: RATIS/ONE, State:ALLOCATED, leaderId:, CreationTimestamp2023-09-07T04:48:21.264Z[Etc/UTC]]
2023-09-07 04:48:21,619 [main] INFO  ozone.MiniOzoneClusterImpl (MiniOzoneClusterImpl.java:lambda$waitForClusterToBeReady$0(224)) - Waiting for nodes to be ready. Got 2 of 5 DN Heartbeats.
2023-09-07 04:48:21,620 [main] INFO  ozone.MiniOzoneClusterImpl (MiniOzoneClusterImpl.java:lambda$waitForClusterToBeReady$0(227)) - Waiting for cluster to exit safe mode
2023-09-07 04:48:21,620 [main] INFO  ozone.MiniOzoneClusterImpl (MiniOzoneClusterImpl.java:lambda$waitForClusterToBeReady$0(229)) - SCM became leader
2023-09-07 04:48:21,773 [IPC Server handler 13 on default port 15002] INFO  net.NetworkTopologyImpl (NetworkTopologyImpl.java:add(112)) - Added a new node: /default-rack/0eb6895c-dd30-4da0-bb92-00e2e7e9df9f
2023-09-07 04:48:21,773 [IPC Server handler 13 on default port 15002] INFO  node.SCMNodeManager (SCMNodeManager.java:register(405)) - Registered Data node : 0eb6895c-dd30-4da0-bb92-00e2e7e9df9f{ip: 10.1.0.9, host: fv-az163-854.ksqkok1cighebdh5ckq0wc3qdf.dx.internal.cloudapp.net, ports: [HTTP=15027, CLIENT_RPC=15028, REPLICATION=15034, RATIS=15030, RATIS_ADMIN=15031, RATIS_SERVER=15032, RATIS_DATASTREAM=15033, STANDALONE=15029], networkLocation: /default-rack, certSerialId: null, persistedOpState: null, persistedOpStateExpiryEpochSec: 0}
2023-09-07 04:48:21,774 [EventQueue-NewNodeForNewNodeHandler] INFO  pipeline.BackgroundPipelineCreator (BackgroundPipelineCreator.java:notifyEventTriggered(277)) - trigger a one-shot run on RatisPipelineUtilsThread.
2023-09-07 04:48:21,778 [EventQueue-NodeRegistrationContainerReportForDataNodeSafeModeRule] INFO  safemode.SCMSafeModeManager (DataNodeSafeModeRule.java:process(71)) - SCM in safe mode. 3 DataNodes registered, 3 required.
2023-09-07 04:48:21,779 [EventQueue-NodeRegistrationContainerReportForDataNodeSafeModeRule] INFO  safemode.SCMSafeModeManager (SCMSafeModeManager.java:validateSafeModeExitRules(200)) - DataNodeSafeModeRule rule is successfully validated
2023-09-07 04:48:21,779 [EventQueue-NodeRegistrationContainerReportForDataNodeSafeModeRule] INFO  safemode.SCMSafeModeManager (SCMSafeModeManager.java:completePreCheck(229)) - All SCM safe mode pre check rules have passed
2023-09-07 04:48:21,779 [EventQueue-NodeRegistrationContainerReportForDataNodeSafeModeRule] INFO  ha.SCMContext (SCMContext.java:updateSafeModeStatus(228)) - Update SafeModeStatus from SafeModeStatus{safeModeStatus=true, preCheckPassed=false} to SafeModeStatus{safeModeStatus=true, preCheckPassed=true}.
2023-09-07 04:48:21,779 [EventQueue-NodeRegistrationContainerReportForDataNodeSafeModeRule] INFO  pipeline.BackgroundPipelineCreator (BackgroundPipelineCreator.java:notifyEventTriggered(277)) - trigger a one-shot run on RatisPipelineUtilsThread.
2023-09-07 04:48:21,779 [RatisPipelineUtilsThread - 0] INFO  pipeline.RatisPipelineProvider (RatisPipelineProvider.java:lambda$create$0(206)) - Sending CreatePipelineCommand for pipeline:PipelineID=d5a7257d-5ac0-43ef-96dc-584f76359502 to datanode:0eb6895c-dd30-4da0-bb92-00e2e7e9df9f
2023-09-07 04:48:21,781 [RatisPipelineUtilsThread - 0] INFO  pipeline.BackgroundPipelineCreator (BackgroundPipelineCreator.java:createPipelines(233)) - Created new pipeline Pipeline[ Id: d5a7257d-5ac0-43ef-96dc-584f76359502, Nodes: 0eb6895c-dd30-4da0-bb92-00e2e7e9df9f(fv-az163-854.ksqkok1cighebdh5ckq0wc3qdf.dx.internal.cloudapp.net/10.1.0.9), ReplicationConfig: RATIS/ONE, State:ALLOCATED, leaderId:, CreationTimestamp2023-09-07T04:48:21.779Z[Etc/UTC]]
2023-09-07 04:48:21,791 [RatisPipelineUtilsThread - 0] INFO  pipeline.RatisPipelineProvider (RatisPipelineProvider.java:lambda$create$0(206)) - Sending CreatePipelineCommand for pipeline:PipelineID=f40bc65f-aff4-4ed1-a5ea-27e939994e1f to datanode:0eb6895c-dd30-4da0-bb92-00e2e7e9df9f
2023-09-07 04:48:21,791 [RatisPipelineUtilsThread - 0] INFO  pipeline.RatisPipelineProvider (RatisPipelineProvider.java:lambda$create$0(206)) - Sending CreatePipelineCommand for pipeline:PipelineID=f40bc65f-aff4-4ed1-a5ea-27e939994e1f to datanode:8c6092c3-8da2-4ae2-b503-635dac77af5e
2023-09-07 04:48:21,791 [RatisPipelineUtilsThread - 0] INFO  pipeline.RatisPipelineProvider (RatisPipelineProvider.java:lambda$create$0(206)) - Sending CreatePipelineCommand for pipeline:PipelineID=f40bc65f-aff4-4ed1-a5ea-27e939994e1f to datanode:b1275f2d-39ad-471b-b40b-6b5e810ed750
2023-09-07 04:48:21,792 [RatisPipelineUtilsThread - 0] INFO  pipeline.BackgroundPipelineCreator (BackgroundPipelineCreator.java:createPipelines(233)) - Created new pipeline Pipeline[ Id: f40bc65f-aff4-4ed1-a5ea-27e939994e1f, Nodes: 0eb6895c-dd30-4da0-bb92-00e2e7e9df9f(fv-az163-854.ksqkok1cighebdh5ckq0wc3qdf.dx.internal.cloudapp.net/10.1.0.9)8c6092c3-8da2-4ae2-b503-635dac77af5e(fv-az163-854.ksqkok1cighebdh5ckq0wc3qdf.dx.internal.cloudapp.net/10.1.0.9)b1275f2d-39ad-471b-b40b-6b5e810ed750(fv-az163-854.ksqkok1cighebdh5ckq0wc3qdf.dx.internal.cloudapp.net/10.1.0.9), ReplicationConfig: RATIS/THREE, State:ALLOCATED, leaderId:, CreationTimestamp2023-09-07T04:48:21.791Z[Etc/UTC]]
2023-09-07 04:48:21,794 [RatisPipelineUtilsThread - 0] INFO  pipeline.RatisPipelineProvider (RatisPipelineProvider.java:lambda$create$0(206)) - Sending CreatePipelineCommand for pipeline:PipelineID=6ed50375-2729-40d1-b063-3a85f9a1a5ba to datanode:0eb6895c-dd30-4da0-bb92-00e2e7e9df9f
2023-09-07 04:48:21,794 [RatisPipelineUtilsThread - 0] INFO  pipeline.RatisPipelineProvider (RatisPipelineProvider.java:lambda$create$0(206)) - Sending CreatePipelineCommand for pipeline:PipelineID=6ed50375-2729-40d1-b063-3a85f9a1a5ba to datanode:b1275f2d-39ad-471b-b40b-6b5e810ed750
2023-09-07 04:48:21,794 [RatisPipelineUtilsThread - 0] INFO  pipeline.RatisPipelineProvider (RatisPipelineProvider.java:lambda$create$0(206)) - Sending CreatePipelineCommand for pipeline:PipelineID=6ed50375-2729-40d1-b063-3a85f9a1a5ba to datanode:8c6092c3-8da2-4ae2-b503-635dac77af5e
2023-09-07 04:48:21,795 [RatisPipelineUtilsThread - 0] INFO  pipeline.PipelineManagerImpl (PipelineManagerImpl.java:recordMetricsForPipeline(914)) - Pipeline: PipelineID=6ed50375-2729-40d1-b063-3a85f9a1a5ba contains same datanodes as previous pipelines: PipelineID=f40bc65f-aff4-4ed1-a5ea-27e939994e1f nodeIds: 0eb6895c-dd30-4da0-bb92-00e2e7e9df9f, b1275f2d-39ad-471b-b40b-6b5e810ed750, 8c6092c3-8da2-4ae2-b503-635dac77af5e
2023-09-07 04:48:21,796 [RatisPipelineUtilsThread - 0] INFO  pipeline.BackgroundPipelineCreator (BackgroundPipelineCreator.java:createPipelines(233)) - Created new pipeline Pipeline[ Id: 6ed50375-2729-40d1-b063-3a85f9a1a5ba, Nodes: 0eb6895c-dd30-4da0-bb92-00e2e7e9df9f(fv-az163-854.ksqkok1cighebdh5ckq0wc3qdf.dx.internal.cloudapp.net/10.1.0.9)b1275f2d-39ad-471b-b40b-6b5e810ed750(fv-az163-854.ksqkok1cighebdh5ckq0wc3qdf.dx.internal.cloudapp.net/10.1.0.9)8c6092c3-8da2-4ae2-b503-635dac77af5e(fv-az163-854.ksqkok1cighebdh5ckq0wc3qdf.dx.internal.cloudapp.net/10.1.0.9), ReplicationConfig: RATIS/THREE, State:ALLOCATED, leaderId:, CreationTimestamp2023-09-07T04:48:21.794Z[Etc/UTC]]
2023-09-07 04:48:22,196 [IPC Server handler 14 on default port 15002] INFO  net.NetworkTopologyImpl (NetworkTopologyImpl.java:add(112)) - Added a new node: /default-rack/9a8052bd-f999-4b9a-a28f-6b7dccc3d848
2023-09-07 04:48:22,197 [IPC Server handler 14 on default port 15002] INFO  node.SCMNodeManager (SCMNodeManager.java:register(405)) - Registered Data node : 9a8052bd-f999-4b9a-a28f-6b7dccc3d848{ip: 10.1.0.9, host: fv-az163-854.ksqkok1cighebdh5ckq0wc3qdf.dx.internal.cloudapp.net, ports: [HTTP=15036, CLIENT_RPC=15037, REPLICATION=15043, RATIS=15039, RATIS_ADMIN=15040, RATIS_SERVER=15041, RATIS_DATASTREAM=15042, STANDALONE=15038], networkLocation: /default-rack, certSerialId: null, persistedOpState: null, persistedOpStateExpiryEpochSec: 0}
2023-09-07 04:48:22,198 [EventQueue-NewNodeForNewNodeHandler] INFO  pipeline.BackgroundPipelineCreator (BackgroundPipelineCreator.java:notifyEventTriggered(277)) - trigger a one-shot run on RatisPipelineUtilsThread.
2023-09-07 04:48:22,199 [RatisPipelineUtilsThread - 0] INFO  pipeline.RatisPipelineProvider (RatisPipelineProvider.java:lambda$create$0(206)) - Sending CreatePipelineCommand for pipeline:PipelineID=59aa4d8d-0b9d-40dc-9f6d-2cd1a74f930c to datanode:9a8052bd-f999-4b9a-a28f-6b7dccc3d848
2023-09-07 04:48:22,201 [RatisPipelineUtilsThread - 0] INFO  pipeline.BackgroundPipelineCreator (BackgroundPipelineCreator.java:createPipelines(233)) - Created new pipeline Pipeline[ Id: 59aa4d8d-0b9d-40dc-9f6d-2cd1a74f930c, Nodes: 9a8052bd-f999-4b9a-a28f-6b7dccc3d848(fv-az163-854.ksqkok1cighebdh5ckq0wc3qdf.dx.internal.cloudapp.net/10.1.0.9), ReplicationConfig: RATIS/ONE, State:ALLOCATED, leaderId:, CreationTimestamp2023-09-07T04:48:22.199Z[Etc/UTC]]
2023-09-07 04:48:22,620 [main] INFO  ozone.MiniOzoneClusterImpl (MiniOzoneClusterImpl.java:lambda$waitForClusterToBeReady$0(224)) - Waiting for nodes to be ready. Got 4 of 5 DN Heartbeats.
2023-09-07 04:48:22,620 [main] INFO  ozone.MiniOzoneClusterImpl (MiniOzoneClusterImpl.java:lambda$waitForClusterToBeReady$0(227)) - Waiting for cluster to exit safe mode
2023-09-07 04:48:22,620 [main] INFO  ozone.MiniOzoneClusterImpl (MiniOzoneClusterImpl.java:lambda$waitForClusterToBeReady$0(229)) - SCM became leader
2023-09-07 04:48:22,634 [IPC Server handler 12 on default port 15002] INFO  net.NetworkTopologyImpl (NetworkTopologyImpl.java:add(112)) - Added a new node: /default-rack/9de77b90-302e-4d3a-8e07-68c62a7150b7
2023-09-07 04:48:22,635 [IPC Server handler 12 on default port 15002] INFO  node.SCMNodeManager (SCMNodeManager.java:register(405)) - Registered Data node : 9de77b90-302e-4d3a-8e07-68c62a7150b7{ip: 10.1.0.9, host: fv-az163-854.ksqkok1cighebdh5ckq0wc3qdf.dx.internal.cloudapp.net, ports: [HTTP=15045, CLIENT_RPC=15046, REPLICATION=15052, RATIS=15048, RATIS_ADMIN=15049, RATIS_SERVER=15050, RATIS_DATASTREAM=15051, STANDALONE=15047], networkLocation: /default-rack, certSerialId: null, persistedOpState: null, persistedOpStateExpiryEpochSec: 0}
2023-09-07 04:48:22,635 [EventQueue-NewNodeForNewNodeHandler] INFO  pipeline.BackgroundPipelineCreator (BackgroundPipelineCreator.java:notifyEventTriggered(277)) - trigger a one-shot run on RatisPipelineUtilsThread.
2023-09-07 04:48:22,636 [RatisPipelineUtilsThread - 0] INFO  pipeline.RatisPipelineProvider (RatisPipelineProvider.java:lambda$create$0(206)) - Sending CreatePipelineCommand for pipeline:PipelineID=3dbd1f6f-6c72-42fe-b0d9-449b431a6970 to datanode:9de77b90-302e-4d3a-8e07-68c62a7150b7
2023-09-07 04:48:22,647 [RatisPipelineUtilsThread - 0] INFO  pipeline.BackgroundPipelineCreator (BackgroundPipelineCreator.java:createPipelines(233)) - Created new pipeline Pipeline[ Id: 3dbd1f6f-6c72-42fe-b0d9-449b431a6970, Nodes: 9de77b90-302e-4d3a-8e07-68c62a7150b7(fv-az163-854.ksqkok1cighebdh5ckq0wc3qdf.dx.internal.cloudapp.net/10.1.0.9), ReplicationConfig: RATIS/ONE, State:ALLOCATED, leaderId:, CreationTimestamp2023-09-07T04:48:22.636Z[Etc/UTC]]
2023-09-07 04:48:23,621 [main] INFO  ozone.MiniOzoneClusterImpl (MiniOzoneClusterImpl.java:lambda$waitForClusterToBeReady$0(224)) - Nodes are ready. Got 5 of 5 DN Heartbeats.
2023-09-07 04:48:23,621 [main] INFO  ozone.MiniOzoneClusterImpl (MiniOzoneClusterImpl.java:lambda$waitForClusterToBeReady$0(227)) - Waiting for cluster to exit safe mode
2023-09-07 04:48:23,622 [main] INFO  ozone.MiniOzoneClusterImpl (MiniOzoneClusterImpl.java:lambda$waitForClusterToBeReady$0(229)) - SCM became leader
2023-09-07 04:48:23,747 [PipelineCommandHandlerThread-0] INFO  server.RaftServer (RaftServerProxy.java:addNew(98)) - 8c6092c3-8da2-4ae2-b503-635dac77af5e: addNew group-5A106ABF4FBB:[8c6092c3-8da2-4ae2-b503-635dac77af5e|rpc:10.1.0.9:15014|admin:10.1.0.9:15013|client:10.1.0.9:15012|dataStream:10.1.0.9:15015|priority:1|startupRole:FOLLOWER] returns group-5A106ABF4FBB:java.util.concurrent.CompletableFuture@17f138ab[Not completed]
2023-09-07 04:48:23,767 [8c6092c3-8da2-4ae2-b503-635dac77af5e-groupManagement] INFO  server.RaftServer$Division (RaftServerImpl.java:<init>(198)) - 8c6092c3-8da2-4ae2-b503-635dac77af5e: new RaftServerImpl for group-5A106ABF4FBB:[8c6092c3-8da2-4ae2-b503-635dac77af5e|rpc:10.1.0.9:15014|admin:10.1.0.9:15013|client:10.1.0.9:15012|dataStream:10.1.0.9:15015|priority:1|startupRole:FOLLOWER] with ContainerStateMachine:uninitialized
2023-09-07 04:48:23,768 [8c6092c3-8da2-4ae2-b503-635dac77af5e-groupManagement] INFO  server.RaftServerConfigKeys (ConfUtils.java:logGet(46)) - raft.server.rpc.timeout.min = 5s (custom)
2023-09-07 04:48:23,768 [8c6092c3-8da2-4ae2-b503-635dac77af5e-groupManagement] INFO  server.RaftServerConfigKeys (ConfUtils.java:logGet(46)) - raft.server.rpc.timeout.max = 5200ms (custom)
2023-09-07 04:48:23,786 [8c6092c3-8da2-4ae2-b503-635dac77af5e-groupManagement] INFO  server.RaftServerConfigKeys (ConfUtils.java:logGet(46)) - raft.server.rpc.sleep.time = 25ms (default)
2023-09-07 04:48:23,786 [8c6092c3-8da2-4ae2-b503-635dac77af5e-groupManagement] INFO  server.RaftServerConfigKeys (ConfUtils.java:logGet(46)) - raft.server.rpc.slowness.timeout = 300s (custom)
2023-09-07 04:48:23,786 [8c6092c3-8da2-4ae2-b503-635dac77af5e-groupManagement] INFO  server.RaftServerConfigKeys (ConfUtils.java:logGet(46)) - raft.server.leaderelection.leader.step-down.wait-time = 10s (default)
2023-09-07 04:48:23,788 [8c6092c3-8da2-4ae2-b503-635dac77af5e-groupManagement] INFO  server.RaftServerConfigKeys (ConfUtils.java:logGet(46)) - raft.server.sleep.deviation.threshold = 300ms (default)
2023-09-07 04:48:23,788 [8c6092c3-8da2-4ae2-b503-635dac77af5e-groupManagement] INFO  server.RaftServer$Division (ServerState.java:<init>(120)) - 8c6092c3-8da2-4ae2-b503-635dac77af5e@group-5A106ABF4FBB: ConfigurationManager, init=-1: peers:[8c6092c3-8da2-4ae2-b503-635dac77af5e|rpc:10.1.0.9:15014|admin:10.1.0.9:15013|client:10.1.0.9:15012|dataStream:10.1.0.9:15015|priority:1|startupRole:FOLLOWER]|listeners:[], old=null, confs=<EMPTY_MAP>
2023-09-07 04:48:23,794 [8c6092c3-8da2-4ae2-b503-635dac77af5e-groupManagement] INFO  server.RaftServerConfigKeys (ConfUtils.java:logGet(46)) - raft.server.storage.dir = [/home/runner/work/ozone/ozone/hadoop-ozone/integration-test/target/test-dir/MiniOzoneClusterImpl-34c981b6-280a-47ca-b885-362eca6d2b46/datanode-0/data/ratis] (custom)
2023-09-07 04:48:23,794 [8c6092c3-8da2-4ae2-b503-635dac77af5e-groupManagement] INFO  server.RaftServerConfigKeys (ConfUtils.java:logGet(46)) - raft.server.log.corruption.policy = EXCEPTION (default)
2023-09-07 04:48:23,795 [8c6092c3-8da2-4ae2-b503-635dac77af5e-groupManagement] INFO  server.RaftServerConfigKeys (ConfUtils.java:logGet(46)) - raft.server.storage.free-space.min = 0MB (=0) (default)
2023-09-07 04:48:23,795 [8c6092c3-8da2-4ae2-b503-635dac77af5e-groupManagement] INFO  server.RaftServerConfigKeys (ConfUtils.java:logGet(46)) - raft.server.notification.no-leader.timeout = 300s (custom)
2023-09-07 04:48:23,795 [8c6092c3-8da2-4ae2-b503-635dac77af5e-groupManagement] INFO  server.RaftServerConfigKeys (ConfUtils.java:logGet(46)) - raft.server.read.timeout = 10s (default)
2023-09-07 04:48:23,796 [8c6092c3-8da2-4ae2-b503-635dac77af5e-groupManagement] INFO  server.RaftServerConfigKeys (ConfUtils.java:logGet(46)) - raft.server.retrycache.expirytime = 600000ms (custom)
2023-09-07 04:48:23,796 [8c6092c3-8da2-4ae2-b503-635dac77af5e-groupManagement] INFO  server.RaftServerConfigKeys (ConfUtils.java:logGet(46)) - raft.server.retrycache.statistics.expirytime = 100μs (default)
2023-09-07 04:48:23,796 [8c6092c3-8da2-4ae2-b503-635dac77af5e-groupManagement] INFO  server.RaftServerConfigKeys (ConfUtils.java:logGet(46)) - raft.server.read.option = DEFAULT (default)
2023-09-07 04:48:23,800 [8c6092c3-8da2-4ae2-b503-635dac77af5e-groupManagement] INFO  server.RaftServerConfigKeys (ConfUtils.java:logGet(46)) - raft.server.rpc.request.timeout = 60s (custom)
2023-09-07 04:48:23,800 [8c6092c3-8da2-4ae2-b503-635dac77af5e-groupManagement] INFO  server.RaftServerConfigKeys (ConfUtils.java:logGet(46)) - raft.server.log.appender.install.snapshot.enabled = false (custom)
2023-09-07 04:48:23,801 [8c6092c3-8da2-4ae2-b503-635dac77af5e-groupManagement] INFO  server.RaftServerConfigKeys (ConfUtils.java:logGet(46)) - raft.server.threadpool.server.cached = true (default)
2023-09-07 04:48:23,801 [8c6092c3-8da2-4ae2-b503-635dac77af5e-groupManagement] INFO  server.RaftServerConfigKeys (ConfUtils.java:logGet(46)) - raft.server.threadpool.server.size = 0 (default)
2023-09-07 04:48:23,801 [8c6092c3-8da2-4ae2-b503-635dac77af5e-groupManagement] INFO  server.RaftServerConfigKeys (ConfUtils.java:logGet(46)) - raft.server.threadpool.client.cached = true (default)
2023-09-07 04:48:23,801 [8c6092c3-8da2-4ae2-b503-635dac77af5e-groupManagement] INFO  server.RaftServerConfigKeys (ConfUtils.java:logGet(46)) - raft.server.threadpool.client.size = 0 (default)
2023-09-07 04:48:23,801 [8c6092c3-8da2-4ae2-b503-635dac77af5e-groupManagement] INFO  storage.RaftStorageDirectory (RaftStorageDirectoryImpl.java:analyzeStorage(137)) - The storage directory /home/runner/work/ozone/ozone/hadoop-ozone/integration-test/target/test-dir/MiniOzoneClusterImpl-34c981b6-280a-47ca-b885-362eca6d2b46/datanode-0/data/ratis/bf3e4409-818b-49af-9ad5-5a106abf4fbb does not exist. Creating ...
2023-09-07 04:48:23,803 [8c6092c3-8da2-4ae2-b503-635dac77af5e-groupManagement] INFO  storage.RaftStorageDirectory (RaftStorageDirectoryImpl.java:tryLock(231)) - Lock on /home/runner/work/ozone/ozone/hadoop-ozone/integration-test/target/test-dir/MiniOzoneClusterImpl-34c981b6-280a-47ca-b885-362eca6d2b46/datanode-0/data/ratis/bf3e4409-818b-49af-9ad5-5a106abf4fbb/in_use.lock acquired by nodename 7593@fv-az163-854
2023-09-07 04:48:23,806 [8c6092c3-8da2-4ae2-b503-635dac77af5e-groupManagement] INFO  storage.RaftStorage (RaftStorageImpl.java:format(96)) - Storage directory /home/runner/work/ozone/ozone/hadoop-ozone/integration-test/target/test-dir/MiniOzoneClusterImpl-34c981b6-280a-47ca-b885-362eca6d2b46/datanode-0/data/ratis/bf3e4409-818b-49af-9ad5-5a106abf4fbb has been successfully formatted.
2023-09-07 04:48:23,813 [8c6092c3-8da2-4ae2-b503-635dac77af5e-groupManagement] INFO  ratis.ContainerStateMachine (ContainerStateMachine.java:loadSnapshot(262)) - group-5A106ABF4FBB: The snapshot info is null. Setting the last applied indexto:(t:0, i:~)
2023-09-07 04:48:23,813 [8c6092c3-8da2-4ae2-b503-635dac77af5e-groupManagement] INFO  server.RaftServerConfigKeys (ConfUtils.java:logGet(46)) - raft.server.log.use.memory = false (default)
2023-09-07 04:48:23,813 [8c6092c3-8da2-4ae2-b503-635dac77af5e-groupManagement] INFO  server.RaftServerConfigKeys (ConfUtils.java:logGet(46)) - raft.server.log.purge.gap = 1000000 (custom)
2023-09-07 04:48:23,813 [8c6092c3-8da2-4ae2-b503-635dac77af5e-groupManagement] INFO  server.RaftServerConfigKeys (ConfUtils.java:logGet(46)) - raft.server.log.appender.buffer.byte-limit = 33554432 (custom)
2023-09-07 04:48:23,813 [8c6092c3-8da2-4ae2-b503-635dac77af5e-groupManagement] INFO  server.RaftServerConfigKeys (ConfUtils.java:logGet(46)) - raft.server.log.statemachine.data.read.timeout = 1000ms (default)
2023-09-07 04:48:23,813 [8c6092c3-8da2-4ae2-b503-635dac77af5e-groupManagement] INFO  server.RaftServerConfigKeys (ConfUtils.java:logGet(46)) - raft.server.log.purge.preservation.log.num = 0 (default)
2023-09-07 04:48:23,814 [8c6092c3-8da2-4ae2-b503-635dac77af5e-groupManagement] INFO  server.RaftServerConfigKeys (ConfUtils.java:logGet(46)) - raft.server.log.segment.size.max = 1048576 (custom)
2023-09-07 04:48:23,815 [8c6092c3-8da2-4ae2-b503-635dac77af5e-groupManagement] INFO  server.RaftServerConfigKeys (ConfUtils.java:logGet(46)) - raft.server.log.segment.cache.num.max = 2 (custom)
2023-09-07 04:48:23,815 [8c6092c3-8da2-4ae2-b503-635dac77af5e-groupManagement] INFO  server.RaftServerConfigKeys (ConfUtils.java:logGet(46)) - raft.server.log.segment.cache.size.max = 200MB (=209715200) (default)
2023-09-07 04:48:23,815 [8c6092c3-8da2-4ae2-b503-635dac77af5e-groupManagement] INFO  server.RaftServerConfigKeys (ConfUtils.java:logGet(46)) - raft.server.log.appender.buffer.byte-limit = 33554432 (custom)
2023-09-07 04:48:23,815 [8c6092c3-8da2-4ae2-b503-635dac77af5e-groupManagement] INFO  segmented.SegmentedRaftLogWorker (SegmentedRaftLogWorker.java:<init>(188)) - new 8c6092c3-8da2-4ae2-b503-635dac77af5e@group-5A106ABF4FBB-SegmentedRaftLogWorker for RaftStorageImpl:Storage Directory /home/runner/work/ozone/ozone/hadoop-ozone/integration-test/target/test-dir/MiniOzoneClusterImpl-34c981b6-280a-47ca-b885-362eca6d2b46/datanode-0/data/ratis/bf3e4409-818b-49af-9ad5-5a106abf4fbb
2023-09-07 04:48:23,815 [8c6092c3-8da2-4ae2-b503-635dac77af5e-groupManagement] INFO  server.RaftServerConfigKeys (ConfUtils.java:logGet(46)) - raft.server.log.queue.byte-limit = 4294967296 (custom)
2023-09-07 04:48:23,815 [8c6092c3-8da2-4ae2-b503-635dac77af5e-groupManagement] INFO  server.RaftServerConfigKeys (ConfUtils.java:logGet(46)) - raft.server.log.queue.element-limit = 1024 (custom)
2023-09-07 04:48:23,815 [8c6092c3-8da2-4ae2-b503-635dac77af5e-groupManagement] INFO  server.RaftServerConfigKeys (ConfUtils.java:logGet(46)) - raft.server.log.segment.size.max = 1048576 (custom)
2023-09-07 04:48:23,816 [8c6092c3-8da2-4ae2-b503-635dac77af5e-groupManagement] INFO  server.RaftServerConfigKeys (ConfUtils.java:logGet(46)) - raft.server.log.preallocated.size = 16384 (custom)
2023-09-07 04:48:23,816 [8c6092c3-8da2-4ae2-b503-635dac77af5e-groupManagement] INFO  server.RaftServerConfigKeys (ConfUtils.java:logGet(46)) - raft.server.log.force.sync.num = 128 (default)
2023-09-07 04:48:23,816 [8c6092c3-8da2-4ae2-b503-635dac77af5e-groupManagement] INFO  server.RaftServerConfigKeys (ConfUtils.java:logGet(46)) - raft.server.log.statemachine.data.sync = true (default)
2023-09-07 04:48:23,816 [8c6092c3-8da2-4ae2-b503-635dac77af5e-groupManagement] INFO  server.RaftServerConfigKeys (ConfUtils.java:logGet(46)) - raft.server.log.statemachine.data.sync.timeout = 10s (default)
2023-09-07 04:48:23,816 [8c6092c3-8da2-4ae2-b503-635dac77af5e-groupManagement] INFO  server.RaftServerConfigKeys (ConfUtils.java:logGet(46)) - raft.server.log.statemachine.data.sync.timeout.retry = -1 (default)
2023-09-07 04:48:23,826 [8c6092c3-8da2-4ae2-b503-635dac77af5e-groupManagement] INFO  server.RaftServerConfigKeys (ConfUtils.java:logGet(46)) - raft.server.log.write.buffer.size = 1048576 (custom)
2023-09-07 04:48:23,828 [8c6092c3-8da2-4ae2-b503-635dac77af5e-groupManagement] INFO  server.RaftServerConfigKeys (ConfUtils.java:logGet(46)) - raft.server.log.appender.buffer.byte-limit = 33554432 (custom)
2023-09-07 04:48:23,835 [8c6092c3-8da2-4ae2-b503-635dac77af5e-groupManagement] INFO  server.RaftServerConfigKeys (ConfUtils.java:logGet(46)) - raft.server.log.unsafe-flush.enabled = false (default)
2023-09-07 04:48:23,835 [8c6092c3-8da2-4ae2-b503-635dac77af5e-groupManagement] INFO  server.RaftServerConfigKeys (ConfUtils.java:logGet(46)) - raft.server.log.async-flush.enabled = false (default)
2023-09-07 04:48:23,835 [8c6092c3-8da2-4ae2-b503-635dac77af5e-groupManagement] INFO  server.RaftServerConfigKeys (ConfUtils.java:logGet(46)) - raft.server.log.statemachine.data.caching.enabled = true (custom)
2023-09-07 04:48:23,836 [8c6092c3-8da2-4ae2-b503-635dac77af5e-groupManagement] INFO  segmented.SegmentedRaftLogWorker (SegmentedRaftLogWorker.java:lambda$new$0(135)) - 8c6092c3-8da2-4ae2-b503-635dac77af5e@group-5A106ABF4FBB-SegmentedRaftLogWorker: flushIndex: setUnconditionally 0 -> -1
2023-09-07 04:48:23,836 [8c6092c3-8da2-4ae2-b503-635dac77af5e-groupManagement] INFO  segmented.SegmentedRaftLogWorker (SegmentedRaftLogWorker.java:lambda$new$0(135)) - 8c6092c3-8da2-4ae2-b503-635dac77af5e@group-5A106ABF4FBB-SegmentedRaftLogWorker: safeCacheEvictIndex: setUnconditionally 0 -> -1
2023-09-07 04:48:23,836 [8c6092c3-8da2-4ae2-b503-635dac77af5e-groupManagement] INFO  server.RaftServer$Division (RaftServerImpl.java:start(342)) - 8c6092c3-8da2-4ae2-b503-635dac77af5e@group-5A106ABF4FBB: start as a follower, conf=-1: peers:[8c6092c3-8da2-4ae2-b503-635dac77af5e|rpc:10.1.0.9:15014|admin:10.1.0.9:15013|client:10.1.0.9:15012|dataStream:10.1.0.9:15015|priority:1|startupRole:FOLLOWER]|listeners:[], old=null
2023-09-07 04:48:23,836 [8c6092c3-8da2-4ae2-b503-635dac77af5e-groupManagement] INFO  server.RaftServer$Division (RaftServerImpl.java:setRole(329)) - 8c6092c3-8da2-4ae2-b503-635dac77af5e@group-5A106ABF4FBB: changes role from      null to FOLLOWER at term 0 for startAsFollower
2023-09-07 04:48:23,836 [8c6092c3-8da2-4ae2-b503-635dac77af5e-groupManagement] INFO  impl.RoleInfo (RoleInfo.java:updateAndGet(139)) - 8c6092c3-8da2-4ae2-b503-635dac77af5e: start 8c6092c3-8da2-4ae2-b503-635dac77af5e@group-5A106ABF4FBB-FollowerState
2023-09-07 04:48:23,838 [8c6092c3-8da2-4ae2-b503-635dac77af5e-groupManagement] INFO  util.JmxRegister (JmxRegister.java:tryRegister(44)) - Successfully registered JMX Bean with object name Ratis:service=RaftServer,group=group-5A106ABF4FBB,id=8c6092c3-8da2-4ae2-b503-635dac77af5e
2023-09-07 04:48:23,838 [8c6092c3-8da2-4ae2-b503-635dac77af5e-groupManagement] INFO  server.RaftServerConfigKeys (ConfUtils.java:logGet(46)) - raft.server.snapshot.auto.trigger.enabled = true (custom)
2023-09-07 04:48:23,838 [8c6092c3-8da2-4ae2-b503-635dac77af5e-groupManagement] INFO  server.RaftServerConfigKeys (ConfUtils.java:logGet(46)) - raft.server.snapshot.auto.trigger.threshold = 10000 (custom)
2023-09-07 04:48:23,838 [8c6092c3-8da2-4ae2-b503-635dac77af5e-groupManagement] INFO  server.RaftServerConfigKeys (ConfUtils.java:logGet(46)) - raft.server.snapshot.retention.file.num = 5 (custom)
2023-09-07 04:48:23,838 [8c6092c3-8da2-4ae2-b503-635dac77af5e-groupManagement] INFO  server.RaftServerConfigKeys (ConfUtils.java:logGet(46)) - raft.server.log.purge.upto.snapshot.index = false (default)
2023-09-07 04:48:23,841 [8c6092c3-8da2-4ae2-b503-635dac77af5e@group-5A106ABF4FBB-FollowerState] INFO  server.RaftServerConfigKeys (ConfUtils.java:logFallback(53)) - raft.server.rpc.first-election.timeout.min = 5s (fallback to raft.server.rpc.timeout.min)
2023-09-07 04:48:23,841 [8c6092c3-8da2-4ae2-b503-635dac77af5e@group-5A106ABF4FBB-FollowerState] INFO  server.RaftServerConfigKeys (ConfUtils.java:logFallback(53)) - raft.server.rpc.first-election.timeout.max = 5200ms (fallback to raft.server.rpc.timeout.max)
2023-09-07 04:48:23,853 [PipelineCommandHandlerThread-0] INFO  ratis.XceiverServerRatis (XceiverServerRatis.java:addGroup(804)) - Created group PipelineID=bf3e4409-818b-49af-9ad5-5a106abf4fbb
2023-09-07 04:48:23,854 [PipelineCommandHandlerThread-0] INFO  commandhandler.CreatePipelineCommandHandler (CreatePipelineCommandHandler.java:lambda$handle$2(124)) - Created Pipeline RATIS ONE PipelineID=bf3e4409-818b-49af-9ad5-5a106abf4fbb.
2023-09-07 04:48:23,854 [EventQueue-PipelineReportForPipelineReportHandler] INFO  pipeline.PipelineReportHandler (PipelineReportHandler.java:processPipelineReport(136)) - Opened pipeline PipelineID=bf3e4409-818b-49af-9ad5-5a106abf4fbb
2023-09-07 04:48:23,854 [PipelineCommandHandlerThread-0] INFO  server.RaftServer (RaftServerProxy.java:addNew(98)) - 8c6092c3-8da2-4ae2-b503-635dac77af5e: addNew group-27E939994E1F:[0eb6895c-dd30-4da0-bb92-00e2e7e9df9f|rpc:10.1.0.9:15032|admin:10.1.0.9:15031|client:10.1.0.9:15030|dataStream:10.1.0.9:15033|priority:0|startupRole:FOLLOWER, 8c6092c3-8da2-4ae2-b503-635dac77af5e|rpc:10.1.0.9:15014|admin:10.1.0.9:15013|client:10.1.0.9:15012|dataStream:10.1.0.9:15015|priority:1|startupRole:FOLLOWER, b1275f2d-39ad-471b-b40b-6b5e810ed750|rpc:10.1.0.9:15023|admin:10.1.0.9:15022|client:10.1.0.9:15021|dataStream:10.1.0.9:15024|priority:0|startupRole:FOLLOWER] returns group-27E939994E1F:java.util.concurrent.CompletableFuture@44df1303[Not completed]
2023-09-07 04:48:23,858 [8c6092c3-8da2-4ae2-b503-635dac77af5e-groupManagement] INFO  server.RaftServer$Division (RaftServerImpl.java:<init>(198)) - 8c6092c3-8da2-4ae2-b503-635dac77af5e: new RaftServerImpl for group-27E939994E1F:[0eb6895c-dd30-4da0-bb92-00e2e7e9df9f|rpc:10.1.0.9:15032|admin:10.1.0.9:15031|client:10.1.0.9:15030|dataStream:10.1.0.9:15033|priority:0|startupRole:FOLLOWER, 8c6092c3-8da2-4ae2-b503-635dac77af5e|rpc:10.1.0.9:15014|admin:10.1.0.9:15013|client:10.1.0.9:15012|dataStream:10.1.0.9:15015|priority:1|startupRole:FOLLOWER, b1275f2d-39ad-471b-b40b-6b5e810ed750|rpc:10.1.0.9:15023|admin:10.1.0.9:15022|client:10.1.0.9:15021|dataStream:10.1.0.9:15024|priority:0|startupRole:FOLLOWER] with ContainerStateMachine:uninitialized
2023-09-07 04:48:23,858 [8c6092c3-8da2-4ae2-b503-635dac77af5e-groupManagement] INFO  server.RaftServerConfigKeys (ConfUtils.java:logGet(46)) - raft.server.rpc.timeout.min = 5s (custom)
2023-09-07 04:48:23,858 [8c6092c3-8da2-4ae2-b503-635dac77af5e-groupManagement] INFO  server.RaftServerConfigKeys (ConfUtils.java:logGet(46)) - raft.server.rpc.timeout.max = 5200ms (custom)
2023-09-07 04:48:23,858 [8c6092c3-8da2-4ae2-b503-635dac77af5e-groupManagement] INFO  server.RaftServerConfigKeys (ConfUtils.java:logGet(46)) - raft.server.rpc.sleep.time = 25ms (default)
2023-09-07 04:48:23,858 [8c6092c3-8da2-4ae2-b503-635dac77af5e-groupManagement] INFO  server.RaftServerConfigKeys (ConfUtils.java:logGet(46)) - raft.server.rpc.slowness.timeout = 300s (custom)
2023-09-07 04:48:23,859 [8c6092c3-8da2-4ae2-b503-635dac77af5e-groupManagement] INFO  server.RaftServerConfigKeys (ConfUtils.java:logGet(46)) - raft.server.leaderelection.leader.step-down.wait-time = 10s (default)
2023-09-07 04:48:23,859 [8c6092c3-8da2-4ae2-b503-635dac77af5e-groupManagement] INFO  server.RaftServerConfigKeys (ConfUtils.java:logGet(46)) - raft.server.sleep.deviation.threshold = 300ms (default)
2023-09-07 04:48:23,859 [8c6092c3-8da2-4ae2-b503-635dac77af5e-groupManagement] INFO  server.RaftServer$Division (ServerState.java:<init>(120)) - 8c6092c3-8da2-4ae2-b503-635dac77af5e@group-27E939994E1F: ConfigurationManager, init=-1: peers:[0eb6895c-dd30-4da0-bb92-00e2e7e9df9f|rpc:10.1.0.9:15032|admin:10.1.0.9:15031|client:10.1.0.9:15030|dataStream:10.1.0.9:15033|priority:0|startupRole:FOLLOWER, 8c6092c3-8da2-4ae2-b503-635dac77af5e|rpc:10.1.0.9:15014|admin:10.1.0.9:15013|client:10.1.0.9:15012|dataStream:10.1.0.9:15015|priority:1|startupRole:FOLLOWER, b1275f2d-39ad-471b-b40b-6b5e810ed750|rpc:10.1.0.9:15023|admin:10.1.0.9:15022|client:10.1.0.9:15021|dataStream:10.1.0.9:15024|priority:0|startupRole:FOLLOWER]|listeners:[], old=null, confs=<EMPTY_MAP>
2023-09-07 04:48:23,859 [8c6092c3-8da2-4ae2-b503-635dac77af5e-groupManagement] INFO  server.RaftServerConfigKeys (ConfUtils.java:logGet(46)) - raft.server.storage.dir = [/home/runner/work/ozone/ozone/hadoop-ozone/integration-test/target/test-dir/MiniOzoneClusterImpl-34c981b6-280a-47ca-b885-362eca6d2b46/datanode-0/data/ratis] (custom)
2023-09-07 04:48:23,859 [8c6092c3-8da2-4ae2-b503-635dac77af5e-groupManagement] INFO  server.RaftServerConfigKeys (ConfUtils.java:logGet(46)) - raft.server.log.corruption.policy = EXCEPTION (default)
2023-09-07 04:48:23,860 [8c6092c3-8da2-4ae2-b503-635dac77af5e-groupManagement] INFO  server.RaftServerConfigKeys (ConfUtils.java:logGet(46)) - raft.server.storage.free-space.min = 0MB (=0) (default)
2023-09-07 04:48:23,860 [8c6092c3-8da2-4ae2-b503-635dac77af5e-groupManagement] INFO  server.RaftServerConfigKeys (ConfUtils.java:logGet(46)) - raft.server.notification.no-leader.timeout = 300s (custom)
2023-09-07 04:48:23,860 [8c6092c3-8da2-4ae2-b503-635dac77af5e-groupManagement] INFO  server.RaftServerConfigKeys (ConfUtils.java:logGet(46)) - raft.server.read.timeout = 10s (default)
2023-09-07 04:48:23,860 [8c6092c3-8da2-4ae2-b503-635dac77af5e-groupManagement] INFO  server.RaftServerConfigKeys (ConfUtils.java:logGet(46)) - raft.server.retrycache.expirytime = 600000ms (custom)
2023-09-07 04:48:23,860 [8c6092c3-8da2-4ae2-b503-635dac77af5e-groupManagement] INFO  server.RaftServerConfigKeys (ConfUtils.java:logGet(46)) - raft.server.retrycache.statistics.expirytime = 100μs (default)
2023-09-07 04:48:23,861 [8c6092c3-8da2-4ae2-b503-635dac77af5e-groupManagement] INFO  server.RaftServerConfigKeys (ConfUtils.java:logGet(46)) - raft.server.read.option = DEFAULT (default)
2023-09-07 04:48:23,870 [EventQueue-OpenPipelineForHealthyPipelineSafeModeRule] INFO  safemode.SCMSafeModeManager (HealthyPipelineSafeModeRule.java:process(137)) - SCM in safe mode. Healthy pipelines reported count is 0, required healthy pipeline reported count is 1
2023-09-07 04:48:23,877 [8c6092c3-8da2-4ae2-b503-635dac77af5e-groupManagement] INFO  server.RaftServerConfigKeys (ConfUtils.java:logGet(46)) - raft.server.rpc.request.timeout = 60s (custom)
2023-09-07 04:48:23,877 [8c6092c3-8da2-4ae2-b503-635dac77af5e-groupManagement] INFO  server.RaftServerConfigKeys (ConfUtils.java:logGet(46)) - raft.server.log.appender.install.snapshot.enabled = false (custom)
2023-09-07 04:48:23,877 [8c6092c3-8da2-4ae2-b503-635dac77af5e-groupManagement] INFO  server.RaftServerConfigKeys (ConfUtils.java:logGet(46)) - raft.server.threadpool.server.cached = true (default)
2023-09-07 04:48:23,877 [8c6092c3-8da2-4ae2-b503-635dac77af5e-groupManagement] INFO  server.RaftServerConfigKeys (ConfUtils.java:logGet(46)) - raft.server.threadpool.server.size = 0 (default)
2023-09-07 04:48:23,877 [8c6092c3-8da2-4ae2-b503-635dac77af5e-groupManagement] INFO  server.RaftServerConfigKeys (ConfUtils.java:logGet(46)) - raft.server.threadpool.client.cached = true (default)
2023-09-07 04:48:23,877 [8c6092c3-8da2-4ae2-b503-635dac77af5e-groupManagement] INFO  server.RaftServerConfigKeys (ConfUtils.java:logGet(46)) - raft.server.threadpool.client.size = 0 (default)
2023-09-07 04:48:23,878 [8c6092c3-8da2-4ae2-b503-635dac77af5e-groupManagement] INFO  storage.RaftStorageDirectory (RaftStorageDirectoryImpl.java:analyzeStorage(137)) - The storage directory /home/runner/work/ozone/ozone/hadoop-ozone/integration-test/target/test-dir/MiniOzoneClusterImpl-34c981b6-280a-47ca-b885-362eca6d2b46/datanode-0/data/ratis/f40bc65f-aff4-4ed1-a5ea-27e939994e1f does not exist. Creating ...
2023-09-07 04:48:23,883 [8c6092c3-8da2-4ae2-b503-635dac77af5e-groupManagement] INFO  storage.RaftStorageDirectory (RaftStorageDirectoryImpl.java:tryLock(231)) - Lock on /home/runner/work/ozone/ozone/hadoop-ozone/integration-test/target/test-dir/MiniOzoneClusterImpl-34c981b6-280a-47ca-b885-362eca6d2b46/datanode-0/data/ratis/f40bc65f-aff4-4ed1-a5ea-27e939994e1f/in_use.lock acquired by nodename 7593@fv-az163-854
2023-09-07 04:48:23,885 [8c6092c3-8da2-4ae2-b503-635dac77af5e-groupManagement] INFO  storage.RaftStorage (RaftStorageImpl.java:format(96)) - Storage directory /home/runner/work/ozone/ozone/hadoop-ozone/integration-test/target/test-dir/MiniOzoneClusterImpl-34c981b6-280a-47ca-b885-362eca6d2b46/datanode-0/data/ratis/f40bc65f-aff4-4ed1-a5ea-27e939994e1f has been successfully formatted.
2023-09-07 04:48:23,894 [8c6092c3-8da2-4ae2-b503-635dac77af5e-groupManagement] INFO  ratis.ContainerStateMachine (ContainerStateMachine.java:loadSnapshot(262)) - group-27E939994E1F: The snapshot info is null. Setting the last applied indexto:(t:0, i:~)
2023-09-07 04:48:23,894 [8c6092c3-8da2-4ae2-b503-635dac77af5e-groupManagement] INFO  server.RaftServerConfigKeys (ConfUtils.java:logGet(46)) - raft.server.log.use.memory = false (default)
2023-09-07 04:48:23,896 [EventQueue-OpenPipelineForHealthyPipelineSafeModeRule] INFO  safemode.SCMSafeModeManager (HealthyPipelineSafeModeRule.java:process(137)) - SCM in safe mode. Healthy pipelines reported count is 0, required healthy pipeline reported count is 1
2023-09-07 04:48:23,896 [8c6092c3-8da2-4ae2-b503-635dac77af5e-groupManagement] INFO  server.RaftServerConfigKeys (ConfUtils.java:logGet(46)) - raft.server.log.purge.gap = 1000000 (custom)
2023-09-07 04:48:23,897 [8c6092c3-8da2-4ae2-b503-635dac77af5e-groupManagement] INFO  server.RaftServerConfigKeys (ConfUtils.java:logGet(46)) - raft.server.log.appender.buffer.byte-limit = 33554432 (custom)
2023-09-07 04:48:23,897 [8c6092c3-8da2-4ae2-b503-635dac77af5e-groupManagement] INFO  server.RaftServerConfigKeys (ConfUtils.java:logGet(46)) - raft.server.log.statemachine.data.read.timeout = 1000ms (default)
2023-09-07 04:48:23,897 [8c6092c3-8da2-4ae2-b503-635dac77af5e-groupManagement] INFO  server.RaftServerConfigKeys (ConfUtils.java:logGet(46)) - raft.server.log.purge.preservation.log.num = 0 (default)
2023-09-07 04:48:23,897 [8c6092c3-8da2-4ae2-b503-635dac77af5e-groupManagement] INFO  server.RaftServerConfigKeys (ConfUtils.java:logGet(46)) - raft.server.log.segment.size.max = 1048576 (custom)
2023-09-07 04:48:23,898 [8c6092c3-8da2-4ae2-b503-635dac77af5e-groupManagement] INFO  server.RaftServerConfigKeys (ConfUtils.java:logGet(46)) - raft.server.log.segment.cache.num.max = 2 (custom)
2023-09-07 04:48:23,898 [8c6092c3-8da2-4ae2-b503-635dac77af5e-groupManagement] INFO  server.RaftServerConfigKeys (ConfUtils.java:logGet(46)) - raft.server.log.segment.cache.size.max = 200MB (=209715200) (default)
2023-09-07 04:48:23,898 [8c6092c3-8da2-4ae2-b503-635dac77af5e-groupManagement] INFO  server.RaftServerConfigKeys (ConfUtils.java:logGet(46)) - raft.server.log.appender.buffer.byte-limit = 33554432 (custom)
2023-09-07 04:48:23,898 [8c6092c3-8da2-4ae2-b503-635dac77af5e-groupManagement] INFO  segmented.SegmentedRaftLogWorker (SegmentedRaftLogWorker.java:<init>(188)) - new 8c6092c3-8da2-4ae2-b503-635dac77af5e@group-27E939994E1F-SegmentedRaftLogWorker for RaftStorageImpl:Storage Directory /home/runner/work/ozone/ozone/hadoop-ozone/integration-test/target/test-dir/MiniOzoneClusterImpl-34c981b6-280a-47ca-b885-362eca6d2b46/datanode-0/data/ratis/f40bc65f-aff4-4ed1-a5ea-27e939994e1f
2023-09-07 04:48:23,898 [8c6092c3-8da2-4ae2-b503-635dac77af5e-groupManagement] INFO  server.RaftServerConfigKeys (ConfUtils.java:logGet(46)) - raft.server.log.queue.byte-limit = 4294967296 (custom)
2023-09-07 04:48:23,898 [8c6092c3-8da2-4ae2-b503-635dac77af5e-groupManagement] INFO  server.RaftServerConfigKeys (ConfUtils.java:logGet(46)) - raft.server.log.queue.element-limit = 1024 (custom)
2023-09-07 04:48:23,898 [8c6092c3-8da2-4ae2-b503-635dac77af5e-groupManagement] INFO  server.RaftServerConfigKeys (ConfUtils.java:logGet(46)) - raft.server.log.segment.size.max = 1048576 (custom)
2023-09-07 04:48:23,899 [8c6092c3-8da2-4ae2-b503-635dac77af5e-groupManagement] INFO  server.RaftServerConfigKeys (ConfUtils.java:logGet(46)) - raft.server.log.preallocated.size = 16384 (custom)
2023-09-07 04:48:23,899 [8c6092c3-8da2-4ae2-b503-635dac77af5e-groupManagement] INFO  server.RaftServerConfigKeys (ConfUtils.java:logGet(46)) - raft.server.log.force.sync.num = 128 (default)
2023-09-07 04:48:23,899 [8c6092c3-8da2-4ae2-b503-635dac77af5e-groupManagement] INFO  server.RaftServerConfigKeys (ConfUtils.java:logGet(46)) - raft.server.log.statemachine.data.sync = true (default)
2023-09-07 04:48:23,899 [8c6092c3-8da2-4ae2-b503-635dac77af5e-groupManagement] INFO  server.RaftServerConfigKeys (ConfUtils.java:logGet(46)) - raft.server.log.statemachine.data.sync.timeout = 10s (default)
2023-09-07 04:48:23,899 [8c6092c3-8da2-4ae2-b503-635dac77af5e-groupManagement] INFO  server.RaftServerConfigKeys (ConfUtils.java:logGet(46)) - raft.server.log.statemachine.data.sync.timeout.retry = -1 (default)
2023-09-07 04:48:23,901 [8c6092c3-8da2-4ae2-b503-635dac77af5e-groupManagement] INFO  server.RaftServerConfigKeys (ConfUtils.java:logGet(46)) - raft.server.log.write.buffer.size = 1048576 (custom)
2023-09-07 04:48:23,910 [8c6092c3-8da2-4ae2-b503-635dac77af5e-groupManagement] INFO  server.RaftServerConfigKeys (ConfUtils.java:logGet(46)) - raft.server.log.appender.buffer.byte-limit = 33554432 (custom)
2023-09-07 04:48:23,916 [8c6092c3-8da2-4ae2-b503-635dac77af5e-groupManagement] INFO  server.RaftServerConfigKeys (ConfUtils.java:logGet(46)) - raft.server.log.unsafe-flush.enabled = false (default)
2023-09-07 04:48:23,916 [8c6092c3-8da2-4ae2-b503-635dac77af5e-groupManagement] INFO  server.RaftServerConfigKeys (ConfUtils.java:logGet(46)) - raft.server.log.async-flush.enabled = false (default)
2023-09-07 04:48:23,916 [8c6092c3-8da2-4ae2-b503-635dac77af5e-groupManagement] INFO  server.RaftServerConfigKeys (ConfUtils.java:logGet(46)) - raft.server.log.statemachine.data.caching.enabled = true (custom)
2023-09-07 04:48:23,917 [8c6092c3-8da2-4ae2-b503-635dac77af5e-groupManagement] INFO  segmented.SegmentedRaftLogWorker (SegmentedRaftLogWorker.java:lambda$new$0(135)) - 8c6092c3-8da2-4ae2-b503-635dac77af5e@group-27E939994E1F-SegmentedRaftLogWorker: flushIndex: setUnconditionally 0 -> -1
2023-09-07 04:48:23,917 [8c6092c3-8da2-4ae2-b503-635dac77af5e-groupManagement] INFO  segmented.SegmentedRaftLogWorker (SegmentedRaftLogWorker.java:lambda$new$0(135)) - 8c6092c3-8da2-4ae2-b503-635dac77af5e@group-27E939994E1F-SegmentedRaftLogWorker: safeCacheEvictIndex: setUnconditionally 0 -> -1
2023-09-07 04:48:23,917 [8c6092c3-8da2-4ae2-b503-635dac77af5e-groupManagement] INFO  server.RaftServer$Division (RaftServerImpl.java:start(342)) - 8c6092c3-8da2-4ae2-b503-635dac77af5e@group-27E939994E1F: start as a follower, conf=-1: peers:[0eb6895c-dd30-4da0-bb92-00e2e7e9df9f|rpc:10.1.0.9:15032|admin:10.1.0.9:15031|client:10.1.0.9:15030|dataStream:10.1.0.9:15033|priority:0|startupRole:FOLLOWER, 8c6092c3-8da2-4ae2-b503-635dac77af5e|rpc:10.1.0.9:15014|admin:10.1.0.9:15013|client:10.1.0.9:15012|dataStream:10.1.0.9:15015|priority:1|startupRole:FOLLOWER, b1275f2d-39ad-471b-b40b-6b5e810ed750|rpc:10.1.0.9:15023|admin:10.1.0.9:15022|client:10.1.0.9:15021|dataStream:10.1.0.9:15024|priority:0|startupRole:FOLLOWER]|listeners:[], old=null
2023-09-07 04:48:23,917 [8c6092c3-8da2-4ae2-b503-635dac77af5e-groupManagement] INFO  server.RaftServer$Division (RaftServerImpl.java:setRole(329)) - 8c6092c3-8da2-4ae2-b503-635dac77af5e@group-27E939994E1F: changes role from      null to FOLLOWER at term 0 for startAsFollower
2023-09-07 04:48:23,917 [8c6092c3-8da2-4ae2-b503-635dac77af5e-groupManagement] INFO  impl.RoleInfo (RoleInfo.java:updateAndGet(139)) - 8c6092c3-8da2-4ae2-b503-635dac77af5e: start 8c6092c3-8da2-4ae2-b503-635dac77af5e@group-27E939994E1F-FollowerState
2023-09-07 04:48:23,918 [8c6092c3-8da2-4ae2-b503-635dac77af5e-groupManagement] INFO  util.JmxRegister (JmxRegister.java:tryRegister(44)) - Successfully registered JMX Bean with object name Ratis:service=RaftServer,group=group-27E939994E1F,id=8c6092c3-8da2-4ae2-b503-635dac77af5e
2023-09-07 04:48:23,918 [8c6092c3-8da2-4ae2-b503-635dac77af5e-groupManagement] INFO  server.RaftServerConfigKeys (ConfUtils.java:logGet(46)) - raft.server.snapshot.auto.trigger.enabled = true (custom)
2023-09-07 04:48:23,918 [8c6092c3-8da2-4ae2-b503-635dac77af5e-groupManagement] INFO  server.RaftServerConfigKeys (ConfUtils.java:logGet(46)) - raft.server.snapshot.auto.trigger.threshold = 10000 (custom)
2023-09-07 04:48:23,918 [8c6092c3-8da2-4ae2-b503-635dac77af5e-groupManagement] INFO  server.RaftServerConfigKeys (ConfUtils.java:logGet(46)) - raft.server.snapshot.retention.file.num = 5 (custom)
2023-09-07 04:48:23,918 [8c6092c3-8da2-4ae2-b503-635dac77af5e-groupManagement] INFO  server.RaftServerConfigKeys (ConfUtils.java:logGet(46)) - raft.server.log.purge.upto.snapshot.index = false (default)
2023-09-07 04:48:23,920 [8c6092c3-8da2-4ae2-b503-635dac77af5e@group-27E939994E1F-FollowerState] INFO  server.RaftServerConfigKeys (ConfUtils.java:logFallback(53)) - raft.server.rpc.first-election.timeout.min = 5s (fallback to raft.server.rpc.timeout.min)
2023-09-07 04:48:23,921 [8c6092c3-8da2-4ae2-b503-635dac77af5e@group-27E939994E1F-FollowerState] INFO  server.RaftServerConfigKeys (ConfUtils.java:logFallback(53)) - raft.server.rpc.first-election.timeout.max = 5200ms (fallback to raft.server.rpc.timeout.max)
2023-09-07 04:48:23,924 [PipelineCommandHandlerThread-0] INFO  ratis.XceiverServerRatis (XceiverServerRatis.java:addGroup(804)) - Created group PipelineID=f40bc65f-aff4-4ed1-a5ea-27e939994e1f
2023-09-07 04:48:24,278 [PipelineCommandHandlerThread-0] INFO  server.RaftServer (RaftServerProxy.java:addNew(98)) - b1275f2d-39ad-471b-b40b-6b5e810ed750: addNew group-178E19979CDD:[b1275f2d-39ad-471b-b40b-6b5e810ed750|rpc:10.1.0.9:15023|admin:10.1.0.9:15022|client:10.1.0.9:15021|dataStream:10.1.0.9:15024|priority:1|startupRole:FOLLOWER] returns group-178E19979CDD:java.util.concurrent.CompletableFuture@14d887af[Not completed]
2023-09-07 04:48:24,280 [b1275f2d-39ad-471b-b40b-6b5e810ed750-groupManagement] INFO  server.RaftServer$Division (RaftServerImpl.java:<init>(198)) - b1275f2d-39ad-471b-b40b-6b5e810ed750: new RaftServerImpl for group-178E19979CDD:[b1275f2d-39ad-471b-b40b-6b5e810ed750|rpc:10.1.0.9:15023|admin:10.1.0.9:15022|client:10.1.0.9:15021|dataStream:10.1.0.9:15024|priority:1|startupRole:FOLLOWER] with ContainerStateMachine:uninitialized
2023-09-07 04:48:24,280 [b1275f2d-39ad-471b-b40b-6b5e810ed750-groupManagement] INFO  server.RaftServerConfigKeys (ConfUtils.java:logGet(46)) - raft.server.rpc.timeout.min = 5s (custom)
2023-09-07 04:48:24,280 [b1275f2d-39ad-471b-b40b-6b5e810ed750-groupManagement] INFO  server.RaftServerConfigKeys (ConfUtils.java:logGet(46)) - raft.server.rpc.timeout.max = 5200ms (custom)
2023-09-07 04:48:24,280 [b1275f2d-39ad-471b-b40b-6b5e810ed750-groupManagement] INFO  server.RaftServerConfigKeys (ConfUtils.java:logGet(46)) - raft.server.rpc.sleep.time = 25ms (default)
2023-09-07 04:48:24,282 [b1275f2d-39ad-471b-b40b-6b5e810ed750-groupManagement] INFO  server.RaftServerConfigKeys (ConfUtils.java:logGet(46)) - raft.server.rpc.slowness.timeout = 300s (custom)
2023-09-07 04:48:24,288 [b1275f2d-39ad-471b-b40b-6b5e810ed750-groupManagement] INFO  server.RaftServerConfigKeys (ConfUtils.java:logGet(46)) - raft.server.leaderelection.leader.step-down.wait-time = 10s (default)
2023-09-07 04:48:24,288 [b1275f2d-39ad-471b-b40b-6b5e810ed750-groupManagement] INFO  server.RaftServerConfigKeys (ConfUtils.java:logGet(46)) - raft.server.sleep.deviation.threshold = 300ms (default)
2023-09-07 04:48:24,288 [b1275f2d-39ad-471b-b40b-6b5e810ed750-groupManagement] INFO  server.RaftServer$Division (ServerState.java:<init>(120)) - b1275f2d-39ad-471b-b40b-6b5e810ed750@group-178E19979CDD: ConfigurationManager, init=-1: peers:[b1275f2d-39ad-471b-b40b-6b5e810ed750|rpc:10.1.0.9:15023|admin:10.1.0.9:15022|client:10.1.0.9:15021|dataStream:10.1.0.9:15024|priority:1|startupRole:FOLLOWER]|listeners:[], old=null, confs=<EMPTY_MAP>
2023-09-07 04:48:24,288 [b1275f2d-39ad-471b-b40b-6b5e810ed750-groupManagement] INFO  server.RaftServerConfigKeys (ConfUtils.java:logGet(46)) - raft.server.storage.dir = [/home/runner/work/ozone/ozone/hadoop-ozone/integration-test/target/test-dir/MiniOzoneClusterImpl-34c981b6-280a-47ca-b885-362eca6d2b46/datanode-1/data/ratis] (custom)
2023-09-07 04:48:24,288 [b1275f2d-39ad-471b-b40b-6b5e810ed750-groupManagement] INFO  server.RaftServerConfigKeys (ConfUtils.java:logGet(46)) - raft.server.log.corruption.policy = EXCEPTION (default)
2023-09-07 04:48:24,290 [b1275f2d-39ad-471b-b40b-6b5e810ed750-groupManagement] INFO  server.RaftServerConfigKeys (ConfUtils.java:logGet(46)) - raft.server.storage.free-space.min = 0MB (=0) (default)
2023-09-07 04:48:24,291 [b1275f2d-39ad-471b-b40b-6b5e810ed750-groupManagement] INFO  server.RaftServerConfigKeys (ConfUtils.java:logGet(46)) - raft.server.notification.no-leader.timeout = 300s (custom)
2023-09-07 04:48:24,291 [b1275f2d-39ad-471b-b40b-6b5e810ed750-groupManagement] INFO  server.RaftServerConfigKeys (ConfUtils.java:logGet(46)) - raft.server.read.timeout = 10s (default)
2023-09-07 04:48:24,291 [b1275f2d-39ad-471b-b40b-6b5e810ed750-groupManagement] INFO  server.RaftServerConfigKeys (ConfUtils.java:logGet(46)) - raft.server.retrycache.expirytime = 600000ms (custom)
2023-09-07 04:48:24,291 [b1275f2d-39ad-471b-b40b-6b5e810ed750-groupManagement] INFO  server.RaftServerConfigKeys (ConfUtils.java:logGet(46)) - raft.server.retrycache.statistics.expirytime = 100μs (default)
2023-09-07 04:48:24,292 [b1275f2d-39ad-471b-b40b-6b5e810ed750-groupManagement] INFO  server.RaftServerConfigKeys (ConfUtils.java:logGet(46)) - raft.server.read.option = DEFAULT (default)
2023-09-07 04:48:24,297 [b1275f2d-39ad-471b-b40b-6b5e810ed750-groupManagement] INFO  server.RaftServerConfigKeys (ConfUtils.java:logGet(46)) - raft.server.rpc.request.timeout = 60s (custom)
2023-09-07 04:48:24,297 [b1275f2d-39ad-471b-b40b-6b5e810ed750-groupManagement] INFO  server.RaftServerConfigKeys (ConfUtils.java:logGet(46)) - raft.server.log.appender.install.snapshot.enabled = false (custom)
2023-09-07 04:48:24,297 [b1275f2d-39ad-471b-b40b-6b5e810ed750-groupManagement] INFO  server.RaftServerConfigKeys (ConfUtils.java:logGet(46)) - raft.server.threadpool.server.cached = true (default)
2023-09-07 04:48:24,297 [b1275f2d-39ad-471b-b40b-6b5e810ed750-groupManagement] INFO  server.RaftServerConfigKeys (ConfUtils.java:logGet(46)) - raft.server.threadpool.server.size = 0 (default)
2023-09-07 04:48:24,297 [b1275f2d-39ad-471b-b40b-6b5e810ed750-groupManagement] INFO  server.RaftServerConfigKeys (ConfUtils.java:logGet(46)) - raft.server.threadpool.client.cached = true (default)
2023-09-07 04:48:24,297 [b1275f2d-39ad-471b-b40b-6b5e810ed750-groupManagement] INFO  server.RaftServerConfigKeys (ConfUtils.java:logGet(46)) - raft.server.threadpool.client.size = 0 (default)
2023-09-07 04:48:24,299 [b1275f2d-39ad-471b-b40b-6b5e810ed750-groupManagement] INFO  storage.RaftStorageDirectory (RaftStorageDirectoryImpl.java:analyzeStorage(137)) - The storage directory /home/runner/work/ozone/ozone/hadoop-ozone/integration-test/target/test-dir/MiniOzoneClusterImpl-34c981b6-280a-47ca-b885-362eca6d2b46/datanode-1/data/ratis/025be21e-9425-498f-9c4c-178e19979cdd does not exist. Creating ...
2023-09-07 04:48:24,303 [b1275f2d-39ad-471b-b40b-6b5e810ed750-groupManagement] INFO  storage.RaftStorageDirectory (RaftStorageDirectoryImpl.java:tryLock(231)) - Lock on /home/runner/work/ozone/ozone/hadoop-ozone/integration-test/target/test-dir/MiniOzoneClusterImpl-34c981b6-280a-47ca-b885-362eca6d2b46/datanode-1/data/ratis/025be21e-9425-498f-9c4c-178e19979cdd/in_use.lock acquired by nodename 7593@fv-az163-854
2023-09-07 04:48:24,305 [b1275f2d-39ad-471b-b40b-6b5e810ed750-groupManagement] INFO  storage.RaftStorage (RaftStorageImpl.java:format(96)) - Storage directory /home/runner/work/ozone/ozone/hadoop-ozone/integration-test/target/test-dir/MiniOzoneClusterImpl-34c981b6-280a-47ca-b885-362eca6d2b46/datanode-1/data/ratis/025be21e-9425-498f-9c4c-178e19979cdd has been successfully formatted.
2023-09-07 04:48:24,307 [b1275f2d-39ad-471b-b40b-6b5e810ed750-groupManagement] INFO  ratis.ContainerStateMachine (ContainerStateMachine.java:loadSnapshot(262)) - group-178E19979CDD: The snapshot info is null. Setting the last applied indexto:(t:0, i:~)
2023-09-07 04:48:24,307 [b1275f2d-39ad-471b-b40b-6b5e810ed750-groupManagement] INFO  server.RaftServerConfigKeys (ConfUtils.java:logGet(46)) - raft.server.log.use.memory = false (default)
2023-09-07 04:48:24,307 [b1275f2d-39ad-471b-b40b-6b5e810ed750-groupManagement] INFO  server.RaftServerConfigKeys (ConfUtils.java:logGet(46)) - raft.server.log.purge.gap = 1000000 (custom)
2023-09-07 04:48:24,308 [b1275f2d-39ad-471b-b40b-6b5e810ed750-groupManagement] INFO  server.RaftServerConfigKeys (ConfUtils.java:logGet(46)) - raft.server.log.appender.buffer.byte-limit = 33554432 (custom)
2023-09-07 04:48:24,308 [b1275f2d-39ad-471b-b40b-6b5e810ed750-groupManagement] INFO  server.RaftServerConfigKeys (ConfUtils.java:logGet(46)) - raft.server.log.statemachine.data.read.timeout = 1000ms (default)
2023-09-07 04:48:24,308 [b1275f2d-39ad-471b-b40b-6b5e810ed750-groupManagement] INFO  server.RaftServerConfigKeys (ConfUtils.java:logGet(46)) - raft.server.log.purge.preservation.log.num = 0 (default)
2023-09-07 04:48:24,322 [b1275f2d-39ad-471b-b40b-6b5e810ed750-groupManagement] INFO  server.RaftServerConfigKeys (ConfUtils.java:logGet(46)) - raft.server.log.segment.size.max = 1048576 (custom)
2023-09-07 04:48:24,323 [b1275f2d-39ad-471b-b40b-6b5e810ed750-groupManagement] INFO  server.RaftServerConfigKeys (ConfUtils.java:logGet(46)) - raft.server.log.segment.cache.num.max = 2 (custom)
2023-09-07 04:48:24,323 [b1275f2d-39ad-471b-b40b-6b5e810ed750-groupManagement] INFO  server.RaftServerConfigKeys (ConfUtils.java:logGet(46)) - raft.server.log.segment.cache.size.max = 200MB (=209715200) (default)
2023-09-07 04:48:24,323 [b1275f2d-39ad-471b-b40b-6b5e810ed750-groupManagement] INFO  server.RaftServerConfigKeys (ConfUtils.java:logGet(46)) - raft.server.log.appender.buffer.byte-limit = 33554432 (custom)
2023-09-07 04:48:24,323 [b1275f2d-39ad-471b-b40b-6b5e810ed750-groupManagement] INFO  segmented.SegmentedRaftLogWorker (SegmentedRaftLogWorker.java:<init>(188)) - new b1275f2d-39ad-471b-b40b-6b5e810ed750@group-178E19979CDD-SegmentedRaftLogWorker for RaftStorageImpl:Storage Directory /home/runner/work/ozone/ozone/hadoop-ozone/integration-test/target/test-dir/MiniOzoneClusterImpl-34c981b6-280a-47ca-b885-362eca6d2b46/datanode-1/data/ratis/025be21e-9425-498f-9c4c-178e19979cdd
2023-09-07 04:48:24,323 [b1275f2d-39ad-471b-b40b-6b5e810ed750-groupManagement] INFO  server.RaftServerConfigKeys (ConfUtils.java:logGet(46)) - raft.server.log.queue.byte-limit = 4294967296 (custom)
2023-09-07 04:48:24,323 [b1275f2d-39ad-471b-b40b-6b5e810ed750-groupManagement] INFO  server.RaftServerConfigKeys (ConfUtils.java:logGet(46)) - raft.server.log.queue.element-limit = 1024 (custom)
2023-09-07 04:48:24,324 [b1275f2d-39ad-471b-b40b-6b5e810ed750-groupManagement] INFO  server.RaftServerConfigKeys (ConfUtils.java:logGet(46)) - raft.server.log.segment.size.max = 1048576 (custom)
2023-09-07 04:48:24,324 [b1275f2d-39ad-471b-b40b-6b5e810ed750-groupManagement] INFO  server.RaftServerConfigKeys (ConfUtils.java:logGet(46)) - raft.server.log.preallocated.size = 16384 (custom)
2023-09-07 04:48:24,324 [b1275f2d-39ad-471b-b40b-6b5e810ed750-groupManagement] INFO  server.RaftServerConfigKeys (ConfUtils.java:logGet(46)) - raft.server.log.force.sync.num = 128 (default)
2023-09-07 04:48:24,324 [b1275f2d-39ad-471b-b40b-6b5e810ed750-groupManagement] INFO  server.RaftServerConfigKeys (ConfUtils.java:logGet(46)) - raft.server.log.statemachine.data.sync = true (default)
2023-09-07 04:48:24,324 [b1275f2d-39ad-471b-b40b-6b5e810ed750-groupManagement] INFO  server.RaftServerConfigKeys (ConfUtils.java:logGet(46)) - raft.server.log.statemachine.data.sync.timeout = 10s (default)
2023-09-07 04:48:24,324 [b1275f2d-39ad-471b-b40b-6b5e810ed750-groupManagement] INFO  server.RaftServerConfigKeys (ConfUtils.java:logGet(46)) - raft.server.log.statemachine.data.sync.timeout.retry = -1 (default)
2023-09-07 04:48:24,325 [EventQueue-PipelineReportForPipelineReportHandler] INFO  pipeline.PipelineReportHandler (PipelineReportHandler.java:processPipelineReport(136)) - Opened pipeline PipelineID=025be21e-9425-498f-9c4c-178e19979cdd
2023-09-07 04:48:24,326 [EventQueue-OpenPipelineForHealthyPipelineSafeModeRule] INFO  safemode.SCMSafeModeManager (HealthyPipelineSafeModeRule.java:process(137)) - SCM in safe mode. Healthy pipelines reported count is 0, required healthy pipeline reported count is 1
2023-09-07 04:48:24,327 [b1275f2d-39ad-471b-b40b-6b5e810ed750-groupManagement] INFO  server.RaftServerConfigKeys (ConfUtils.java:logGet(46)) - raft.server.log.write.buffer.size = 1048576 (custom)
2023-09-07 04:48:24,328 [b1275f2d-39ad-471b-b40b-6b5e810ed750-groupManagement] INFO  server.RaftServerConfigKeys (ConfUtils.java:logGet(46)) - raft.server.log.appender.buffer.byte-limit = 33554432 (custom)
2023-09-07 04:48:24,570 [JvmPauseMonitor2] WARN  util.JvmPauseMonitor (JvmPauseMonitor.java:detectPause(124)) - JvmPauseMonitor-8c6092c3-8da2-4ae2-b503-635dac77af5e: Detected pause in JVM or host machine approximately 0.100s with 0.234s GC time.
GC pool 'PS MarkSweep' had collection(s): count=1 time=183ms
GC pool 'PS Scavenge' had collection(s): count=1 time=51ms
2023-09-07 04:48:24,578 [JvmPauseMonitor3] WARN  util.JvmPauseMonitor (JvmPauseMonitor.java:detectPause(124)) - JvmPauseMonitor-b1275f2d-39ad-471b-b40b-6b5e810ed750: Detected pause in JVM or host machine approximately 0.177s with 0.234s GC time.
GC pool 'PS MarkSweep' had collection(s): count=1 time=183ms
GC pool 'PS Scavenge' had collection(s): count=1 time=51ms
2023-09-07 04:48:24,578 [JvmPauseMonitor4] WARN  util.JvmPauseMonitor (JvmPauseMonitor.java:detectPause(124)) - JvmPauseMonitor-0eb6895c-dd30-4da0-bb92-00e2e7e9df9f: Detected pause in JVM or host machine approximately 0.167s with 0.234s GC time.
GC pool 'PS MarkSweep' had collection(s): count=1 time=183ms
GC pool 'PS Scavenge' had collection(s): count=1 time=51ms
2023-09-07 04:48:24,578 [JvmPauseMonitor0] WARN  util.JvmPauseMonitor (JvmPauseMonitor.java:detectPause(124)) - JvmPauseMonitor-cf34871c-a3cd-4b6c-bcb6-169af604bff3: Detected pause in JVM or host machine approximately 0.184s with 0.234s GC time.
GC pool 'PS MarkSweep' had collection(s): count=1 time=183ms
GC pool 'PS Scavenge' had collection(s): count=1 time=51ms
2023-09-07 04:48:24,588 [b1275f2d-39ad-471b-b40b-6b5e810ed750-groupManagement] INFO  server.RaftServerConfigKeys (ConfUtils.java:logGet(46)) - raft.server.log.unsafe-flush.enabled = false (default)
2023-09-07 04:48:24,588 [b1275f2d-39ad-471b-b40b-6b5e810ed750-groupManagement] INFO  server.RaftServerConfigKeys (ConfUtils.java:logGet(46)) - raft.server.log.async-flush.enabled = false (default)
2023-09-07 04:48:24,588 [b1275f2d-39ad-471b-b40b-6b5e810ed750-groupManagement] INFO  server.RaftServerConfigKeys (ConfUtils.java:logGet(46)) - raft.server.log.statemachine.data.caching.enabled = true (custom)
2023-09-07 04:48:24,588 [b1275f2d-39ad-471b-b40b-6b5e810ed750-groupManagement] INFO  segmented.SegmentedRaftLogWorker (SegmentedRaftLogWorker.java:lambda$new$0(135)) - b1275f2d-39ad-471b-b40b-6b5e810ed750@group-178E19979CDD-SegmentedRaftLogWorker: flushIndex: setUnconditionally 0 -> -1
2023-09-07 04:48:24,588 [b1275f2d-39ad-471b-b40b-6b5e810ed750-groupManagement] INFO  segmented.SegmentedRaftLogWorker (SegmentedRaftLogWorker.java:lambda$new$0(135)) - b1275f2d-39ad-471b-b40b-6b5e810ed750@group-178E19979CDD-SegmentedRaftLogWorker: safeCacheEvictIndex: setUnconditionally 0 -> -1
2023-09-07 04:48:24,590 [b1275f2d-39ad-471b-b40b-6b5e810ed750-groupManagement] INFO  server.RaftServer$Division (RaftServerImpl.java:start(342)) - b1275f2d-39ad-471b-b40b-6b5e810ed750@group-178E19979CDD: start as a follower, conf=-1: peers:[b1275f2d-39ad-471b-b40b-6b5e810ed750|rpc:10.1.0.9:15023|admin:10.1.0.9:15022|client:10.1.0.9:15021|dataStream:10.1.0.9:15024|priority:1|startupRole:FOLLOWER]|listeners:[], old=null
2023-09-07 04:48:24,590 [b1275f2d-39ad-471b-b40b-6b5e810ed750-groupManagement] INFO  server.RaftServer$Division (RaftServerImpl.java:setRole(329)) - b1275f2d-39ad-471b-b40b-6b5e810ed750@group-178E19979CDD: changes role from      null to FOLLOWER at term 0 for startAsFollower
2023-09-07 04:48:24,590 [b1275f2d-39ad-471b-b40b-6b5e810ed750-groupManagement] INFO  impl.RoleInfo (RoleInfo.java:updateAndGet(139)) - b1275f2d-39ad-471b-b40b-6b5e810ed750: start b1275f2d-39ad-471b-b40b-6b5e810ed750@group-178E19979CDD-FollowerState
2023-09-07 04:48:24,595 [b1275f2d-39ad-471b-b40b-6b5e810ed750-groupManagement] INFO  util.JmxRegister (JmxRegister.java:tryRegister(44)) - Successfully registered JMX Bean with object name Ratis:service=RaftServer,group=group-178E19979CDD,id=b1275f2d-39ad-471b-b40b-6b5e810ed750
2023-09-07 04:48:24,597 [b1275f2d-39ad-471b-b40b-6b5e810ed750-groupManagement] INFO  server.RaftServerConfigKeys (ConfUtils.java:logGet(46)) - raft.server.snapshot.auto.trigger.enabled = true (custom)
2023-09-07 04:48:24,597 [b1275f2d-39ad-471b-b40b-6b5e810ed750-groupManagement] INFO  server.RaftServerConfigKeys (ConfUtils.java:logGet(46)) - raft.server.snapshot.auto.trigger.threshold = 10000 (custom)
2023-09-07 04:48:24,597 [b1275f2d-39ad-471b-b40b-6b5e810ed750-groupManagement] INFO  server.RaftServerConfigKeys (ConfUtils.java:logGet(46)) - raft.server.snapshot.retention.file.num = 5 (custom)
2023-09-07 04:48:24,597 [b1275f2d-39ad-471b-b40b-6b5e810ed750-groupManagement] INFO  server.RaftServerConfigKeys (ConfUtils.java:logGet(46)) - raft.server.log.purge.upto.snapshot.index = false (default)
2023-09-07 04:48:24,603 [PipelineCommandHandlerThread-0] INFO  ratis.XceiverServerRatis (XceiverServerRatis.java:addGroup(804)) - Created group PipelineID=025be21e-9425-498f-9c4c-178e19979cdd
2023-09-07 04:48:24,604 [b1275f2d-39ad-471b-b40b-6b5e810ed750@group-178E19979CDD-FollowerState] INFO  server.RaftServerConfigKeys (ConfUtils.java:logFallback(53)) - raft.server.rpc.first-election.timeout.min = 5s (fallback to raft.server.rpc.timeout.min)
2023-09-07 04:48:24,604 [b1275f2d-39ad-471b-b40b-6b5e810ed750@group-178E19979CDD-FollowerState] INFO  server.RaftServerConfigKeys (ConfUtils.java:logFallback(53)) - raft.server.rpc.first-election.timeout.max = 5200ms (fallback to raft.server.rpc.timeout.max)
2023-09-07 04:48:24,603 [PipelineCommandHandlerThread-0] INFO  commandhandler.CreatePipelineCommandHandler (CreatePipelineCommandHandler.java:lambda$handle$2(124)) - Created Pipeline RATIS ONE PipelineID=025be21e-9425-498f-9c4c-178e19979cdd.
2023-09-07 04:48:24,605 [PipelineCommandHandlerThread-0] INFO  server.RaftServer (RaftServerProxy.java:addNew(98)) - b1275f2d-39ad-471b-b40b-6b5e810ed750: addNew group-27E939994E1F:[0eb6895c-dd30-4da0-bb92-00e2e7e9df9f|rpc:10.1.0.9:15032|admin:10.1.0.9:15031|client:10.1.0.9:15030|dataStream:10.1.0.9:15033|priority:0|startupRole:FOLLOWER, 8c6092c3-8da2-4ae2-b503-635dac77af5e|rpc:10.1.0.9:15014|admin:10.1.0.9:15013|client:10.1.0.9:15012|dataStream:10.1.0.9:15015|priority:1|startupRole:FOLLOWER, b1275f2d-39ad-471b-b40b-6b5e810ed750|rpc:10.1.0.9:15023|admin:10.1.0.9:15022|client:10.1.0.9:15021|dataStream:10.1.0.9:15024|priority:0|startupRole:FOLLOWER] returns group-27E939994E1F:java.util.concurrent.CompletableFuture@10e711ec[Not completed]
2023-09-07 04:48:24,608 [b1275f2d-39ad-471b-b40b-6b5e810ed750-groupManagement] INFO  server.RaftServer$Division (RaftServerImpl.java:<init>(198)) - b1275f2d-39ad-471b-b40b-6b5e810ed750: new RaftServerImpl for group-27E939994E1F:[0eb6895c-dd30-4da0-bb92-00e2e7e9df9f|rpc:10.1.0.9:15032|admin:10.1.0.9:15031|client:10.1.0.9:15030|dataStream:10.1.0.9:15033|priority:0|startupRole:FOLLOWER, 8c6092c3-8da2-4ae2-b503-635dac77af5e|rpc:10.1.0.9:15014|admin:10.1.0.9:15013|client:10.1.0.9:15012|dataStream:10.1.0.9:15015|priority:1|startupRole:FOLLOWER, b1275f2d-39ad-471b-b40b-6b5e810ed750|rpc:10.1.0.9:15023|admin:10.1.0.9:15022|client:10.1.0.9:15021|dataStream:10.1.0.9:15024|priority:0|startupRole:FOLLOWER] with ContainerStateMachine:uninitialized
2023-09-07 04:48:24,608 [b1275f2d-39ad-471b-b40b-6b5e810ed750-groupManagement] INFO  server.RaftServerConfigKeys (ConfUtils.java:logGet(46)) - raft.server.rpc.timeout.min = 5s (custom)
2023-09-07 04:48:24,608 [b1275f2d-39ad-471b-b40b-6b5e810ed750-groupManagement] INFO  server.RaftServerConfigKeys (ConfUtils.java:logGet(46)) - raft.server.rpc.timeout.max = 5200ms (custom)
2023-09-07 04:48:24,608 [b1275f2d-39ad-471b-b40b-6b5e810ed750-groupManagement] INFO  server.RaftServerConfigKeys (ConfUtils.java:logGet(46)) - raft.server.rpc.sleep.time = 25ms (default)
2023-09-07 04:48:24,608 [b1275f2d-39ad-471b-b40b-6b5e810ed750-groupManagement] INFO  server.RaftServerConfigKeys (ConfUtils.java:logGet(46)) - raft.server.rpc.slowness.timeout = 300s (custom)
2023-09-07 04:48:24,608 [b1275f2d-39ad-471b-b40b-6b5e810ed750-groupManagement] INFO  server.RaftServerConfigKeys (ConfUtils.java:logGet(46)) - raft.server.leaderelection.leader.step-down.wait-time = 10s (default)
2023-09-07 04:48:24,608 [b1275f2d-39ad-471b-b40b-6b5e810ed750-groupManagement] INFO  server.RaftServerConfigKeys (ConfUtils.java:logGet(46)) - raft.server.sleep.deviation.threshold = 300ms (default)
2023-09-07 04:48:24,609 [b1275f2d-39ad-471b-b40b-6b5e810ed750-groupManagement] INFO  server.RaftServer$Division (ServerState.java:<init>(120)) - b1275f2d-39ad-471b-b40b-6b5e810ed750@group-27E939994E1F: ConfigurationManager, init=-1: peers:[0eb6895c-dd30-4da0-bb92-00e2e7e9df9f|rpc:10.1.0.9:15032|admin:10.1.0.9:15031|client:10.1.0.9:15030|dataStream:10.1.0.9:15033|priority:0|startupRole:FOLLOWER, 8c6092c3-8da2-4ae2-b503-635dac77af5e|rpc:10.1.0.9:15014|admin:10.1.0.9:15013|client:10.1.0.9:15012|dataStream:10.1.0.9:15015|priority:1|startupRole:FOLLOWER, b1275f2d-39ad-471b-b40b-6b5e810ed750|rpc:10.1.0.9:15023|admin:10.1.0.9:15022|client:10.1.0.9:15021|dataStream:10.1.0.9:15024|priority:0|startupRole:FOLLOWER]|listeners:[], old=null, confs=<EMPTY_MAP>
2023-09-07 04:48:24,609 [b1275f2d-39ad-471b-b40b-6b5e810ed750-groupManagement] INFO  server.RaftServerConfigKeys (ConfUtils.java:logGet(46)) - raft.server.storage.dir = [/home/runner/work/ozone/ozone/hadoop-ozone/integration-test/target/test-dir/MiniOzoneClusterImpl-34c981b6-280a-47ca-b885-362eca6d2b46/datanode-1/data/ratis] (custom)
2023-09-07 04:48:24,609 [b1275f2d-39ad-471b-b40b-6b5e810ed750-groupManagement] INFO  server.RaftServerConfigKeys (ConfUtils.java:logGet(46)) - raft.server.log.corruption.policy = EXCEPTION (default)
2023-09-07 04:48:24,609 [b1275f2d-39ad-471b-b40b-6b5e810ed750-groupManagement] INFO  server.RaftServerConfigKeys (ConfUtils.java:logGet(46)) - raft.server.storage.free-space.min = 0MB (=0) (default)
2023-09-07 04:48:24,610 [b1275f2d-39ad-471b-b40b-6b5e810ed750-groupManagement] INFO  server.RaftServerConfigKeys (ConfUtils.java:logGet(46)) - raft.server.notification.no-leader.timeout = 300s (custom)
2023-09-07 04:48:24,610 [b1275f2d-39ad-471b-b40b-6b5e810ed750-groupManagement] INFO  server.RaftServerConfigKeys (ConfUtils.java:logGet(46)) - raft.server.read.timeout = 10s (default)
2023-09-07 04:48:24,610 [b1275f2d-39ad-471b-b40b-6b5e810ed750-groupManagement] INFO  server.RaftServerConfigKeys (ConfUtils.java:logGet(46)) - raft.server.retrycache.expirytime = 600000ms (custom)
2023-09-07 04:48:24,610 [b1275f2d-39ad-471b-b40b-6b5e810ed750-groupManagement] INFO  server.RaftServerConfigKeys (ConfUtils.java:logGet(46)) - raft.server.retrycache.statistics.expirytime = 100μs (default)
2023-09-07 04:48:24,610 [b1275f2d-39ad-471b-b40b-6b5e810ed750-groupManagement] INFO  server.RaftServerConfigKeys (ConfUtils.java:logGet(46)) - raft.server.read.option = DEFAULT (default)
2023-09-07 04:48:24,612 [b1275f2d-39ad-471b-b40b-6b5e810ed750-groupManagement] INFO  server.RaftServerConfigKeys (ConfUtils.java:logGet(46)) - raft.server.rpc.request.timeout = 60s (custom)
2023-09-07 04:48:24,612 [b1275f2d-39ad-471b-b40b-6b5e810ed750-groupManagement] INFO  server.RaftServerConfigKeys (ConfUtils.java:logGet(46)) - raft.server.log.appender.install.snapshot.enabled = false (custom)
2023-09-07 04:48:24,612 [b1275f2d-39ad-471b-b40b-6b5e810ed750-groupManagement] INFO  server.RaftServerConfigKeys (ConfUtils.java:logGet(46)) - raft.server.threadpool.server.cached = true (default)
2023-09-07 04:48:24,612 [b1275f2d-39ad-471b-b40b-6b5e810ed750-groupManagement] INFO  server.RaftServerConfigKeys (ConfUtils.java:logGet(46)) - raft.server.threadpool.server.size = 0 (default)
2023-09-07 04:48:24,612 [b1275f2d-39ad-471b-b40b-6b5e810ed750-groupManagement] INFO  server.RaftServerConfigKeys (ConfUtils.java:logGet(46)) - raft.server.threadpool.client.cached = true (default)
2023-09-07 04:48:24,612 [b1275f2d-39ad-471b-b40b-6b5e810ed750-groupManagement] INFO  server.RaftServerConfigKeys (ConfUtils.java:logGet(46)) - raft.server.threadpool.client.size = 0 (default)
2023-09-07 04:48:24,613 [b1275f2d-39ad-471b-b40b-6b5e810ed750-groupManagement] INFO  storage.RaftStorageDirectory (RaftStorageDirectoryImpl.java:analyzeStorage(137)) - The storage directory /home/runner/work/ozone/ozone/hadoop-ozone/integration-test/target/test-dir/MiniOzoneClusterImpl-34c981b6-280a-47ca-b885-362eca6d2b46/datanode-1/data/ratis/f40bc65f-aff4-4ed1-a5ea-27e939994e1f does not exist. Creating ...
2023-09-07 04:48:24,614 [b1275f2d-39ad-471b-b40b-6b5e810ed750-groupManagement] INFO  storage.RaftStorageDirectory (RaftStorageDirectoryImpl.java:tryLock(231)) - Lock on /home/runner/work/ozone/ozone/hadoop-ozone/integration-test/target/test-dir/MiniOzoneClusterImpl-34c981b6-280a-47ca-b885-362eca6d2b46/datanode-1/data/ratis/f40bc65f-aff4-4ed1-a5ea-27e939994e1f/in_use.lock acquired by nodename 7593@fv-az163-854
2023-09-07 04:48:24,617 [b1275f2d-39ad-471b-b40b-6b5e810ed750-groupManagement] INFO  storage.RaftStorage (RaftStorageImpl.java:format(96)) - Storage directory /home/runner/work/ozone/ozone/hadoop-ozone/integration-test/target/test-dir/MiniOzoneClusterImpl-34c981b6-280a-47ca-b885-362eca6d2b46/datanode-1/data/ratis/f40bc65f-aff4-4ed1-a5ea-27e939994e1f has been successfully formatted.
2023-09-07 04:48:24,620 [b1275f2d-39ad-471b-b40b-6b5e810ed750-groupManagement] INFO  ratis.ContainerStateMachine (ContainerStateMachine.java:loadSnapshot(262)) - group-27E939994E1F: The snapshot info is null. Setting the last applied indexto:(t:0, i:~)
2023-09-07 04:48:24,620 [b1275f2d-39ad-471b-b40b-6b5e810ed750-groupManagement] INFO  server.RaftServerConfigKeys (ConfUtils.java:logGet(46)) - raft.server.log.use.memory = false (default)
2023-09-07 04:48:24,620 [b1275f2d-39ad-471b-b40b-6b5e810ed750-groupManagement] INFO  server.RaftServerConfigKeys (ConfUtils.java:logGet(46)) - raft.server.log.purge.gap = 1000000 (custom)
2023-09-07 04:48:24,620 [b1275f2d-39ad-471b-b40b-6b5e810ed750-groupManagement] INFO  server.RaftServerConfigKeys (ConfUtils.java:logGet(46)) - raft.server.log.appender.buffer.byte-limit = 33554432 (custom)
2023-09-07 04:48:24,620 [b1275f2d-39ad-471b-b40b-6b5e810ed750-groupManagement] INFO  server.RaftServerConfigKeys (ConfUtils.java:logGet(46)) - raft.server.log.statemachine.data.read.timeout = 1000ms (default)
2023-09-07 04:48:24,620 [b1275f2d-39ad-471b-b40b-6b5e810ed750-groupManagement] INFO  server.RaftServerConfigKeys (ConfUtils.java:logGet(46)) - raft.server.log.purge.preservation.log.num = 0 (default)
2023-09-07 04:48:24,620 [EventQueue-OpenPipelineForHealthyPipelineSafeModeRule] INFO  safemode.SCMSafeModeManager (HealthyPipelineSafeModeRule.java:process(137)) - SCM in safe mode. Healthy pipelines reported count is 0, required healthy pipeline reported count is 1
2023-09-07 04:48:24,622 [main] INFO  ozone.MiniOzoneClusterImpl (MiniOzoneClusterImpl.java:lambda$waitForClusterToBeReady$0(224)) - Nodes are ready. Got 5 of 5 DN Heartbeats.
2023-09-07 04:48:24,622 [main] INFO  ozone.MiniOzoneClusterImpl (MiniOzoneClusterImpl.java:lambda$waitForClusterToBeReady$0(227)) - Waiting for cluster to exit safe mode
2023-09-07 04:48:24,622 [main] INFO  ozone.MiniOzoneClusterImpl (MiniOzoneClusterImpl.java:lambda$waitForClusterToBeReady$0(229)) - SCM became leader
2023-09-07 04:48:24,623 [b1275f2d-39ad-471b-b40b-6b5e810ed750-groupManagement] INFO  server.RaftServerConfigKeys (ConfUtils.java:logGet(46)) - raft.server.log.segment.size.max = 1048576 (custom)
2023-09-07 04:48:24,628 [b1275f2d-39ad-471b-b40b-6b5e810ed750-groupManagement] INFO  server.RaftServerConfigKeys (ConfUtils.java:logGet(46)) - raft.server.log.segment.cache.num.max = 2 (custom)
2023-09-07 04:48:24,628 [b1275f2d-39ad-471b-b40b-6b5e810ed750-groupManagement] INFO  server.RaftServerConfigKeys (ConfUtils.java:logGet(46)) - raft.server.log.segment.cache.size.max = 200MB (=209715200) (default)
2023-09-07 04:48:24,630 [b1275f2d-39ad-471b-b40b-6b5e810ed750-groupManagement] INFO  server.RaftServerConfigKeys (ConfUtils.java:logGet(46)) - raft.server.log.appender.buffer.byte-limit = 33554432 (custom)
2023-09-07 04:48:24,630 [b1275f2d-39ad-471b-b40b-6b5e810ed750-groupManagement] INFO  segmented.SegmentedRaftLogWorker (SegmentedRaftLogWorker.java:<init>(188)) - new b1275f2d-39ad-471b-b40b-6b5e810ed750@group-27E939994E1F-SegmentedRaftLogWorker for RaftStorageImpl:Storage Directory /home/runner/work/ozone/ozone/hadoop-ozone/integration-test/target/test-dir/MiniOzoneClusterImpl-34c981b6-280a-47ca-b885-362eca6d2b46/datanode-1/data/ratis/f40bc65f-aff4-4ed1-a5ea-27e939994e1f
2023-09-07 04:48:24,634 [b1275f2d-39ad-471b-b40b-6b5e810ed750-groupManagement] INFO  server.RaftServerConfigKeys (ConfUtils.java:logGet(46)) - raft.server.log.queue.byte-limit = 4294967296 (custom)
2023-09-07 04:48:24,634 [b1275f2d-39ad-471b-b40b-6b5e810ed750-groupManagement] INFO  server.RaftServerConfigKeys (ConfUtils.java:logGet(46)) - raft.server.log.queue.element-limit = 1024 (custom)
2023-09-07 04:48:24,634 [b1275f2d-39ad-471b-b40b-6b5e810ed750-groupManagement] INFO  server.RaftServerConfigKeys (ConfUtils.java:logGet(46)) - raft.server.log.segment.size.max = 1048576 (custom)
2023-09-07 04:48:24,634 [b1275f2d-39ad-471b-b40b-6b5e810ed750-groupManagement] INFO  server.RaftServerConfigKeys (ConfUtils.java:logGet(46)) - raft.server.log.preallocated.size = 16384 (custom)
2023-09-07 04:48:24,641 [b1275f2d-39ad-471b-b40b-6b5e810ed750-groupManagement] INFO  server.RaftServerConfigKeys (ConfUtils.java:logGet(46)) - raft.server.log.force.sync.num = 128 (default)
2023-09-07 04:48:24,646 [b1275f2d-39ad-471b-b40b-6b5e810ed750-groupManagement] INFO  server.RaftServerConfigKeys (ConfUtils.java:logGet(46)) - raft.server.log.statemachine.data.sync = true (default)
2023-09-07 04:48:24,647 [b1275f2d-39ad-471b-b40b-6b5e810ed750-groupManagement] INFO  server.RaftServerConfigKeys (ConfUtils.java:logGet(46)) - raft.server.log.statemachine.data.sync.timeout = 10s (default)
2023-09-07 04:48:24,647 [b1275f2d-39ad-471b-b40b-6b5e810ed750-groupManagement] INFO  server.RaftServerConfigKeys (ConfUtils.java:logGet(46)) - raft.server.log.statemachine.data.sync.timeout.retry = -1 (default)
2023-09-07 04:48:24,651 [b1275f2d-39ad-471b-b40b-6b5e810ed750-groupManagement] INFO  server.RaftServerConfigKeys (ConfUtils.java:logGet(46)) - raft.server.log.write.buffer.size = 1048576 (custom)
2023-09-07 04:48:24,652 [b1275f2d-39ad-471b-b40b-6b5e810ed750-groupManagement] INFO  server.RaftServerConfigKeys (ConfUtils.java:logGet(46)) - raft.server.log.appender.buffer.byte-limit = 33554432 (custom)
2023-09-07 04:48:24,660 [b1275f2d-39ad-471b-b40b-6b5e810ed750-groupManagement] INFO  server.RaftServerConfigKeys (ConfUtils.java:logGet(46)) - raft.server.log.unsafe-flush.enabled = false (default)
2023-09-07 04:48:24,661 [b1275f2d-39ad-471b-b40b-6b5e810ed750-groupManagement] INFO  server.RaftServerConfigKeys (ConfUtils.java:logGet(46)) - raft.server.log.async-flush.enabled = false (default)
2023-09-07 04:48:24,661 [b1275f2d-39ad-471b-b40b-6b5e810ed750-groupManagement] INFO  server.RaftServerConfigKeys (ConfUtils.java:logGet(46)) - raft.server.log.statemachine.data.caching.enabled = true (custom)
2023-09-07 04:48:24,661 [b1275f2d-39ad-471b-b40b-6b5e810ed750-groupManagement] INFO  segmented.SegmentedRaftLogWorker (SegmentedRaftLogWorker.java:lambda$new$0(135)) - b1275f2d-39ad-471b-b40b-6b5e810ed750@group-27E939994E1F-SegmentedRaftLogWorker: flushIndex: setUnconditionally 0 -> -1
2023-09-07 04:48:24,661 [b1275f2d-39ad-471b-b40b-6b5e810ed750-groupManagement] INFO  segmented.SegmentedRaftLogWorker (SegmentedRaftLogWorker.java:lambda$new$0(135)) - b1275f2d-39ad-471b-b40b-6b5e810ed750@group-27E939994E1F-SegmentedRaftLogWorker: safeCacheEvictIndex: setUnconditionally 0 -> -1
2023-09-07 04:48:24,661 [b1275f2d-39ad-471b-b40b-6b5e810ed750-groupManagement] INFO  server.RaftServer$Division (RaftServerImpl.java:start(342)) - b1275f2d-39ad-471b-b40b-6b5e810ed750@group-27E939994E1F: start as a follower, conf=-1: peers:[0eb6895c-dd30-4da0-bb92-00e2e7e9df9f|rpc:10.1.0.9:15032|admin:10.1.0.9:15031|client:10.1.0.9:15030|dataStream:10.1.0.9:15033|priority:0|startupRole:FOLLOWER, 8c6092c3-8da2-4ae2-b503-635dac77af5e|rpc:10.1.0.9:15014|admin:10.1.0.9:15013|client:10.1.0.9:15012|dataStream:10.1.0.9:15015|priority:1|startupRole:FOLLOWER, b1275f2d-39ad-471b-b40b-6b5e810ed750|rpc:10.1.0.9:15023|admin:10.1.0.9:15022|client:10.1.0.9:15021|dataStream:10.1.0.9:15024|priority:0|startupRole:FOLLOWER]|listeners:[], old=null
2023-09-07 04:48:24,662 [b1275f2d-39ad-471b-b40b-6b5e810ed750-groupManagement] INFO  server.RaftServer$Division (RaftServerImpl.java:setRole(329)) - b1275f2d-39ad-471b-b40b-6b5e810ed750@group-27E939994E1F: changes role from      null to FOLLOWER at term 0 for startAsFollower
2023-09-07 04:48:24,662 [b1275f2d-39ad-471b-b40b-6b5e810ed750-groupManagement] INFO  impl.RoleInfo (RoleInfo.java:updateAndGet(139)) - b1275f2d-39ad-471b-b40b-6b5e810ed750: start b1275f2d-39ad-471b-b40b-6b5e810ed750@group-27E939994E1F-FollowerState
2023-09-07 04:48:24,662 [b1275f2d-39ad-471b-b40b-6b5e810ed750-groupManagement] INFO  util.JmxRegister (JmxRegister.java:tryRegister(44)) - Successfully registered JMX Bean with object name Ratis:service=RaftServer,group=group-27E939994E1F,id=b1275f2d-39ad-471b-b40b-6b5e810ed750
2023-09-07 04:48:24,662 [b1275f2d-39ad-471b-b40b-6b5e810ed750-groupManagement] INFO  server.RaftServerConfigKeys (ConfUtils.java:logGet(46)) - raft.server.snapshot.auto.trigger.enabled = true (custom)
2023-09-07 04:48:24,662 [b1275f2d-39ad-471b-b40b-6b5e810ed750-groupManagement] INFO  server.RaftServerConfigKeys (ConfUtils.java:logGet(46)) - raft.server.snapshot.auto.trigger.threshold = 10000 (custom)
2023-09-07 04:48:24,662 [b1275f2d-39ad-471b-b40b-6b5e810ed750-groupManagement] INFO  server.RaftServerConfigKeys (ConfUtils.java:logGet(46)) - raft.server.snapshot.retention.file.num = 5 (custom)
2023-09-07 04:48:24,663 [b1275f2d-39ad-471b-b40b-6b5e810ed750-groupManagement] INFO  server.RaftServerConfigKeys (ConfUtils.java:logGet(46)) - raft.server.log.purge.upto.snapshot.index = false (default)
2023-09-07 04:48:24,678 [b1275f2d-39ad-471b-b40b-6b5e810ed750@group-27E939994E1F-FollowerState] INFO  server.RaftServerConfigKeys (ConfUtils.java:logFallback(53)) - raft.server.rpc.first-election.timeout.min = 5s (fallback to raft.server.rpc.timeout.min)
2023-09-07 04:48:24,678 [PipelineCommandHandlerThread-0] INFO  ratis.XceiverServerRatis (XceiverServerRatis.java:addGroup(804)) - Created group PipelineID=f40bc65f-aff4-4ed1-a5ea-27e939994e1f
2023-09-07 04:48:24,679 [b1275f2d-39ad-471b-b40b-6b5e810ed750@group-27E939994E1F-FollowerState] INFO  server.RaftServerConfigKeys (ConfUtils.java:logFallback(53)) - raft.server.rpc.first-election.timeout.max = 5200ms (fallback to raft.server.rpc.timeout.max)
2023-09-07 04:48:24,773 [PipelineCommandHandlerThread-0] INFO  server.RaftServer (RaftServerProxy.java:addNew(98)) - 0eb6895c-dd30-4da0-bb92-00e2e7e9df9f: addNew group-584F76359502:[0eb6895c-dd30-4da0-bb92-00e2e7e9df9f|rpc:10.1.0.9:15032|admin:10.1.0.9:15031|client:10.1.0.9:15030|dataStream:10.1.0.9:15033|priority:1|startupRole:FOLLOWER] returns group-584F76359502:java.util.concurrent.CompletableFuture@77154baf[Not completed]
2023-09-07 04:48:24,787 [0eb6895c-dd30-4da0-bb92-00e2e7e9df9f-groupManagement] INFO  server.RaftServer$Division (RaftServerImpl.java:<init>(198)) - 0eb6895c-dd30-4da0-bb92-00e2e7e9df9f: new RaftServerImpl for group-584F76359502:[0eb6895c-dd30-4da0-bb92-00e2e7e9df9f|rpc:10.1.0.9:15032|admin:10.1.0.9:15031|client:10.1.0.9:15030|dataStream:10.1.0.9:15033|priority:1|startupRole:FOLLOWER] with ContainerStateMachine:uninitialized
2023-09-07 04:48:24,787 [0eb6895c-dd30-4da0-bb92-00e2e7e9df9f-groupManagement] INFO  server.RaftServerConfigKeys (ConfUtils.java:logGet(46)) - raft.server.rpc.timeout.min = 5s (custom)
2023-09-07 04:48:24,787 [0eb6895c-dd30-4da0-bb92-00e2e7e9df9f-groupManagement] INFO  server.RaftServerConfigKeys (ConfUtils.java:logGet(46)) - raft.server.rpc.timeout.max = 5200ms (custom)
2023-09-07 04:48:24,787 [0eb6895c-dd30-4da0-bb92-00e2e7e9df9f-groupManagement] INFO  server.RaftServerConfigKeys (ConfUtils.java:logGet(46)) - raft.server.rpc.sleep.time = 25ms (default)
2023-09-07 04:48:24,794 [0eb6895c-dd30-4da0-bb92-00e2e7e9df9f-groupManagement] INFO  server.RaftServerConfigKeys (ConfUtils.java:logGet(46)) - raft.server.rpc.slowness.timeout = 300s (custom)
2023-09-07 04:48:24,794 [0eb6895c-dd30-4da0-bb92-00e2e7e9df9f-groupManagement] INFO  server.RaftServerConfigKeys (ConfUtils.java:logGet(46)) - raft.server.leaderelection.leader.step-down.wait-time = 10s (default)
2023-09-07 04:48:24,794 [0eb6895c-dd30-4da0-bb92-00e2e7e9df9f-groupManagement] INFO  server.RaftServerConfigKeys (ConfUtils.java:logGet(46)) - raft.server.sleep.deviation.threshold = 300ms (default)
2023-09-07 04:48:24,794 [0eb6895c-dd30-4da0-bb92-00e2e7e9df9f-groupManagement] INFO  server.RaftServer$Division (ServerState.java:<init>(120)) - 0eb6895c-dd30-4da0-bb92-00e2e7e9df9f@group-584F76359502: ConfigurationManager, init=-1: peers:[0eb6895c-dd30-4da0-bb92-00e2e7e9df9f|rpc:10.1.0.9:15032|admin:10.1.0.9:15031|client:10.1.0.9:15030|dataStream:10.1.0.9:15033|priority:1|startupRole:FOLLOWER]|listeners:[], old=null, confs=<EMPTY_MAP>
2023-09-07 04:48:24,794 [0eb6895c-dd30-4da0-bb92-00e2e7e9df9f-groupManagement] INFO  server.RaftServerConfigKeys (ConfUtils.java:logGet(46)) - raft.server.storage.dir = [/home/runner/work/ozone/ozone/hadoop-ozone/integration-test/target/test-dir/MiniOzoneClusterImpl-34c981b6-280a-47ca-b885-362eca6d2b46/datanode-2/data/ratis] (custom)
2023-09-07 04:48:24,794 [0eb6895c-dd30-4da0-bb92-00e2e7e9df9f-groupManagement] INFO  server.RaftServerConfigKeys (ConfUtils.java:logGet(46)) - raft.server.log.corruption.policy = EXCEPTION (default)
2023-09-07 04:48:24,794 [0eb6895c-dd30-4da0-bb92-00e2e7e9df9f-groupManagement] INFO  server.RaftServerConfigKeys (ConfUtils.java:logGet(46)) - raft.server.storage.free-space.min = 0MB (=0) (default)
2023-09-07 04:48:24,795 [0eb6895c-dd30-4da0-bb92-00e2e7e9df9f-groupManagement] INFO  server.RaftServerConfigKeys (ConfUtils.java:logGet(46)) - raft.server.notification.no-leader.timeout = 300s (custom)
2023-09-07 04:48:24,795 [0eb6895c-dd30-4da0-bb92-00e2e7e9df9f-groupManagement] INFO  server.RaftServerConfigKeys (ConfUtils.java:logGet(46)) - raft.server.read.timeout = 10s (default)
2023-09-07 04:48:24,795 [0eb6895c-dd30-4da0-bb92-00e2e7e9df9f-groupManagement] INFO  server.RaftServerConfigKeys (ConfUtils.java:logGet(46)) - raft.server.retrycache.expirytime = 600000ms (custom)
2023-09-07 04:48:24,795 [0eb6895c-dd30-4da0-bb92-00e2e7e9df9f-groupManagement] INFO  server.RaftServerConfigKeys (ConfUtils.java:logGet(46)) - raft.server.retrycache.statistics.expirytime = 100μs (default)
2023-09-07 04:48:24,795 [0eb6895c-dd30-4da0-bb92-00e2e7e9df9f-groupManagement] INFO  server.RaftServerConfigKeys (ConfUtils.java:logGet(46)) - raft.server.read.option = DEFAULT (default)
2023-09-07 04:48:24,798 [0eb6895c-dd30-4da0-bb92-00e2e7e9df9f-groupManagement] INFO  server.RaftServerConfigKeys (ConfUtils.java:logGet(46)) - raft.server.rpc.request.timeout = 60s (custom)
2023-09-07 04:48:24,799 [0eb6895c-dd30-4da0-bb92-00e2e7e9df9f-groupManagement] INFO  server.RaftServerConfigKeys (ConfUtils.java:logGet(46)) - raft.server.log.appender.install.snapshot.enabled = false (custom)
2023-09-07 04:48:24,799 [0eb6895c-dd30-4da0-bb92-00e2e7e9df9f-groupManagement] INFO  server.RaftServerConfigKeys (ConfUtils.java:logGet(46)) - raft.server.threadpool.server.cached = true (default)
2023-09-07 04:48:24,799 [0eb6895c-dd30-4da0-bb92-00e2e7e9df9f-groupManagement] INFO  server.RaftServerConfigKeys (ConfUtils.java:logGet(46)) - raft.server.threadpool.server.size = 0 (default)
2023-09-07 04:48:24,799 [0eb6895c-dd30-4da0-bb92-00e2e7e9df9f-groupManagement] INFO  server.RaftServerConfigKeys (ConfUtils.java:logGet(46)) - raft.server.threadpool.client.cached = true (default)
2023-09-07 04:48:24,799 [0eb6895c-dd30-4da0-bb92-00e2e7e9df9f-groupManagement] INFO  server.RaftServerConfigKeys (ConfUtils.java:logGet(46)) - raft.server.threadpool.client.size = 0 (default)
2023-09-07 04:48:24,799 [0eb6895c-dd30-4da0-bb92-00e2e7e9df9f-groupManagement] INFO  storage.RaftStorageDirectory (RaftStorageDirectoryImpl.java:analyzeStorage(137)) - The storage directory /home/runner/work/ozone/ozone/hadoop-ozone/integration-test/target/test-dir/MiniOzoneClusterImpl-34c981b6-280a-47ca-b885-362eca6d2b46/datanode-2/data/ratis/d5a7257d-5ac0-43ef-96dc-584f76359502 does not exist. Creating ...
2023-09-07 04:48:24,806 [0eb6895c-dd30-4da0-bb92-00e2e7e9df9f-groupManagement] INFO  storage.RaftStorageDirectory (RaftStorageDirectoryImpl.java:tryLock(231)) - Lock on /home/runner/work/ozone/ozone/hadoop-ozone/integration-test/target/test-dir/MiniOzoneClusterImpl-34c981b6-280a-47ca-b885-362eca6d2b46/datanode-2/data/ratis/d5a7257d-5ac0-43ef-96dc-584f76359502/in_use.lock acquired by nodename 7593@fv-az163-854
2023-09-07 04:48:24,808 [0eb6895c-dd30-4da0-bb92-00e2e7e9df9f-groupManagement] INFO  storage.RaftStorage (RaftStorageImpl.java:format(96)) - Storage directory /home/runner/work/ozone/ozone/hadoop-ozone/integration-test/target/test-dir/MiniOzoneClusterImpl-34c981b6-280a-47ca-b885-362eca6d2b46/datanode-2/data/ratis/d5a7257d-5ac0-43ef-96dc-584f76359502 has been successfully formatted.
2023-09-07 04:48:24,810 [0eb6895c-dd30-4da0-bb92-00e2e7e9df9f-groupManagement] INFO  ratis.ContainerStateMachine (ContainerStateMachine.java:loadSnapshot(262)) - group-584F76359502: The snapshot info is null. Setting the last applied indexto:(t:0, i:~)
2023-09-07 04:48:24,810 [0eb6895c-dd30-4da0-bb92-00e2e7e9df9f-groupManagement] INFO  server.RaftServerConfigKeys (ConfUtils.java:logGet(46)) - raft.server.log.use.memory = false (default)
2023-09-07 04:48:24,810 [0eb6895c-dd30-4da0-bb92-00e2e7e9df9f-groupManagement] INFO  server.RaftServerConfigKeys (ConfUtils.java:logGet(46)) - raft.server.log.purge.gap = 1000000 (custom)
2023-09-07 04:48:24,810 [0eb6895c-dd30-4da0-bb92-00e2e7e9df9f-groupManagement] INFO  server.RaftServerConfigKeys (ConfUtils.java:logGet(46)) - raft.server.log.appender.buffer.byte-limit = 33554432 (custom)
2023-09-07 04:48:24,811 [0eb6895c-dd30-4da0-bb92-00e2e7e9df9f-groupManagement] INFO  server.RaftServerConfigKeys (ConfUtils.java:logGet(46)) - raft.server.log.statemachine.data.read.timeout = 1000ms (default)
2023-09-07 04:48:24,811 [0eb6895c-dd30-4da0-bb92-00e2e7e9df9f-groupManagement] INFO  server.RaftServerConfigKeys (ConfUtils.java:logGet(46)) - raft.server.log.purge.preservation.log.num = 0 (default)
2023-09-07 04:48:24,811 [0eb6895c-dd30-4da0-bb92-00e2e7e9df9f-groupManagement] INFO  server.RaftServerConfigKeys (ConfUtils.java:logGet(46)) - raft.server.log.segment.size.max = 1048576 (custom)
2023-09-07 04:48:24,812 [0eb6895c-dd30-4da0-bb92-00e2e7e9df9f-groupManagement] INFO  server.RaftServerConfigKeys (ConfUtils.java:logGet(46)) - raft.server.log.segment.cache.num.max = 2 (custom)
2023-09-07 04:48:24,812 [0eb6895c-dd30-4da0-bb92-00e2e7e9df9f-groupManagement] INFO  server.RaftServerConfigKeys (ConfUtils.java:logGet(46)) - raft.server.log.segment.cache.size.max = 200MB (=209715200) (default)
2023-09-07 04:48:24,812 [0eb6895c-dd30-4da0-bb92-00e2e7e9df9f-groupManagement] INFO  server.RaftServerConfigKeys (ConfUtils.java:logGet(46)) - raft.server.log.appender.buffer.byte-limit = 33554432 (custom)
2023-09-07 04:48:24,812 [0eb6895c-dd30-4da0-bb92-00e2e7e9df9f-groupManagement] INFO  segmented.SegmentedRaftLogWorker (SegmentedRaftLogWorker.java:<init>(188)) - new 0eb6895c-dd30-4da0-bb92-00e2e7e9df9f@group-584F76359502-SegmentedRaftLogWorker for RaftStorageImpl:Storage Directory /home/runner/work/ozone/ozone/hadoop-ozone/integration-test/target/test-dir/MiniOzoneClusterImpl-34c981b6-280a-47ca-b885-362eca6d2b46/datanode-2/data/ratis/d5a7257d-5ac0-43ef-96dc-584f76359502
2023-09-07 04:48:24,812 [0eb6895c-dd30-4da0-bb92-00e2e7e9df9f-groupManagement] INFO  server.RaftServerConfigKeys (ConfUtils.java:logGet(46)) - raft.server.log.queue.byte-limit = 4294967296 (custom)
2023-09-07 04:48:24,812 [0eb6895c-dd30-4da0-bb92-00e2e7e9df9f-groupManagement] INFO  server.RaftServerConfigKeys (ConfUtils.java:logGet(46)) - raft.server.log.queue.element-limit = 1024 (custom)
2023-09-07 04:48:24,812 [0eb6895c-dd30-4da0-bb92-00e2e7e9df9f-groupManagement] INFO  server.RaftServerConfigKeys (ConfUtils.java:logGet(46)) - raft.server.log.segment.size.max = 1048576 (custom)
2023-09-07 04:48:24,812 [0eb6895c-dd30-4da0-bb92-00e2e7e9df9f-groupManagement] INFO  server.RaftServerConfigKeys (ConfUtils.java:logGet(46)) - raft.server.log.preallocated.size = 16384 (custom)
2023-09-07 04:48:24,812 [0eb6895c-dd30-4da0-bb92-00e2e7e9df9f-groupManagement] INFO  server.RaftServerConfigKeys (ConfUtils.java:logGet(46)) - raft.server.log.force.sync.num = 128 (default)
2023-09-07 04:48:24,812 [0eb6895c-dd30-4da0-bb92-00e2e7e9df9f-groupManagement] INFO  server.RaftServerConfigKeys (ConfUtils.java:logGet(46)) - raft.server.log.statemachine.data.sync = true (default)
2023-09-07 04:48:24,813 [0eb6895c-dd30-4da0-bb92-00e2e7e9df9f-groupManagement] INFO  server.RaftServerConfigKeys (ConfUtils.java:logGet(46)) - raft.server.log.statemachine.data.sync.timeout = 10s (default)
2023-09-07 04:48:24,813 [0eb6895c-dd30-4da0-bb92-00e2e7e9df9f-groupManagement] INFO  server.RaftServerConfigKeys (ConfUtils.java:logGet(46)) - raft.server.log.statemachine.data.sync.timeout.retry = -1 (default)
2023-09-07 04:48:24,825 [EventQueue-PipelineReportForPipelineReportHandler] INFO  pipeline.PipelineReportHandler (PipelineReportHandler.java:processPipelineReport(136)) - Opened pipeline PipelineID=d5a7257d-5ac0-43ef-96dc-584f76359502
2023-09-07 04:48:24,825 [EventQueue-OpenPipelineForHealthyPipelineSafeModeRule] INFO  safemode.SCMSafeModeManager (HealthyPipelineSafeModeRule.java:process(137)) - SCM in safe mode. Healthy pipelines reported count is 0, required healthy pipeline reported count is 1
2023-09-07 04:48:24,846 [0eb6895c-dd30-4da0-bb92-00e2e7e9df9f-groupManagement] INFO  server.RaftServerConfigKeys (ConfUtils.java:logGet(46)) - raft.server.log.write.buffer.size = 1048576 (custom)
2023-09-07 04:48:24,847 [0eb6895c-dd30-4da0-bb92-00e2e7e9df9f-groupManagement] INFO  server.RaftServerConfigKeys (ConfUtils.java:logGet(46)) - raft.server.log.appender.buffer.byte-limit = 33554432 (custom)
2023-09-07 04:48:24,866 [0eb6895c-dd30-4da0-bb92-00e2e7e9df9f-groupManagement] INFO  server.RaftServerConfigKeys (ConfUtils.java:logGet(46)) - raft.server.log.unsafe-flush.enabled = false (default)
2023-09-07 04:48:24,866 [0eb6895c-dd30-4da0-bb92-00e2e7e9df9f-groupManagement] INFO  server.RaftServerConfigKeys (ConfUtils.java:logGet(46)) - raft.server.log.async-flush.enabled = false (default)
2023-09-07 04:48:24,866 [0eb6895c-dd30-4da0-bb92-00e2e7e9df9f-groupManagement] INFO  server.RaftServerConfigKeys (ConfUtils.java:logGet(46)) - raft.server.log.statemachine.data.caching.enabled = true (custom)
2023-09-07 04:48:24,867 [0eb6895c-dd30-4da0-bb92-00e2e7e9df9f-groupManagement] INFO  segmented.SegmentedRaftLogWorker (SegmentedRaftLogWorker.java:lambda$new$0(135)) - 0eb6895c-dd30-4da0-bb92-00e2e7e9df9f@group-584F76359502-SegmentedRaftLogWorker: flushIndex: setUnconditionally 0 -> -1
2023-09-07 04:48:24,867 [0eb6895c-dd30-4da0-bb92-00e2e7e9df9f-groupManagement] INFO  segmented.SegmentedRaftLogWorker (SegmentedRaftLogWorker.java:lambda$new$0(135)) - 0eb6895c-dd30-4da0-bb92-00e2e7e9df9f@group-584F76359502-SegmentedRaftLogWorker: safeCacheEvictIndex: setUnconditionally 0 -> -1
2023-09-07 04:48:24,867 [0eb6895c-dd30-4da0-bb92-00e2e7e9df9f-groupManagement] INFO  server.RaftServer$Division (RaftServerImpl.java:start(342)) - 0eb6895c-dd30-4da0-bb92-00e2e7e9df9f@group-584F76359502: start as a follower, conf=-1: peers:[0eb6895c-dd30-4da0-bb92-00e2e7e9df9f|rpc:10.1.0.9:15032|admin:10.1.0.9:15031|client:10.1.0.9:15030|dataStream:10.1.0.9:15033|priority:1|startupRole:FOLLOWER]|listeners:[], old=null
2023-09-07 04:48:24,867 [0eb6895c-dd30-4da0-bb92-00e2e7e9df9f-groupManagement] INFO  server.RaftServer$Division (RaftServerImpl.java:setRole(329)) - 0eb6895c-dd30-4da0-bb92-00e2e7e9df9f@group-584F76359502: changes role from      null to FOLLOWER at term 0 for startAsFollower
2023-09-07 04:48:24,868 [0eb6895c-dd30-4da0-bb92-00e2e7e9df9f-groupManagement] INFO  impl.RoleInfo (RoleInfo.java:updateAndGet(139)) - 0eb6895c-dd30-4da0-bb92-00e2e7e9df9f: start 0eb6895c-dd30-4da0-bb92-00e2e7e9df9f@group-584F76359502-FollowerState
2023-09-07 04:48:24,868 [0eb6895c-dd30-4da0-bb92-00e2e7e9df9f-groupManagement] INFO  util.JmxRegister (JmxRegister.java:tryRegister(44)) - Successfully registered JMX Bean with object name Ratis:service=RaftServer,group=group-584F76359502,id=0eb6895c-dd30-4da0-bb92-00e2e7e9df9f
2023-09-07 04:48:24,868 [0eb6895c-dd30-4da0-bb92-00e2e7e9df9f-groupManagement] INFO  server.RaftServerConfigKeys (ConfUtils.java:logGet(46)) - raft.server.snapshot.auto.trigger.enabled = true (custom)
2023-09-07 04:48:24,868 [0eb6895c-dd30-4da0-bb92-00e2e7e9df9f-groupManagement] INFO  server.RaftServerConfigKeys (ConfUtils.java:logGet(46)) - raft.server.snapshot.auto.trigger.threshold = 10000 (custom)
2023-09-07 04:48:24,868 [0eb6895c-dd30-4da0-bb92-00e2e7e9df9f-groupManagement] INFO  server.RaftServerConfigKeys (ConfUtils.java:logGet(46)) - raft.server.snapshot.retention.file.num = 5 (custom)
2023-09-07 04:48:24,868 [0eb6895c-dd30-4da0-bb92-00e2e7e9df9f-groupManagement] INFO  server.RaftServerConfigKeys (ConfUtils.java:logGet(46)) - raft.server.log.purge.upto.snapshot.index = false (default)
2023-09-07 04:48:24,869 [0eb6895c-dd30-4da0-bb92-00e2e7e9df9f@group-584F76359502-FollowerState] INFO  server.RaftServerConfigKeys (ConfUtils.java:logFallback(53)) - raft.server.rpc.first-election.timeout.min = 5s (fallback to raft.server.rpc.timeout.min)
2023-09-07 04:48:24,870 [0eb6895c-dd30-4da0-bb92-00e2e7e9df9f@group-584F76359502-FollowerState] INFO  server.RaftServerConfigKeys (ConfUtils.java:logFallback(53)) - raft.server.rpc.first-election.timeout.max = 5200ms (fallback to raft.server.rpc.timeout.max)
2023-09-07 04:48:24,877 [grpc-default-executor-1] INFO  server.RaftServer (RaftServerProxy.java:addNew(98)) - 0eb6895c-dd30-4da0-bb92-00e2e7e9df9f: addNew group-27E939994E1F:[0eb6895c-dd30-4da0-bb92-00e2e7e9df9f|rpc:10.1.0.9:15032|admin:10.1.0.9:15031|client:10.1.0.9:15030|dataStream:10.1.0.9:15033|priority:0|startupRole:FOLLOWER, 8c6092c3-8da2-4ae2-b503-635dac77af5e|rpc:10.1.0.9:15014|admin:10.1.0.9:15013|client:10.1.0.9:15012|dataStream:10.1.0.9:15015|priority:1|startupRole:FOLLOWER, b1275f2d-39ad-471b-b40b-6b5e810ed750|rpc:10.1.0.9:15023|admin:10.1.0.9:15022|client:10.1.0.9:15021|dataStream:10.1.0.9:15024|priority:0|startupRole:FOLLOWER] returns group-27E939994E1F:java.util.concurrent.CompletableFuture@2b83b0fa[Not completed]
2023-09-07 04:48:24,880 [0eb6895c-dd30-4da0-bb92-00e2e7e9df9f-groupManagement] INFO  server.RaftServer$Division (RaftServerImpl.java:<init>(198)) - 0eb6895c-dd30-4da0-bb92-00e2e7e9df9f: new RaftServerImpl for group-27E939994E1F:[0eb6895c-dd30-4da0-bb92-00e2e7e9df9f|rpc:10.1.0.9:15032|admin:10.1.0.9:15031|client:10.1.0.9:15030|dataStream:10.1.0.9:15033|priority:0|startupRole:FOLLOWER, 8c6092c3-8da2-4ae2-b503-635dac77af5e|rpc:10.1.0.9:15014|admin:10.1.0.9:15013|client:10.1.0.9:15012|dataStream:10.1.0.9:15015|priority:1|startupRole:FOLLOWER, b1275f2d-39ad-471b-b40b-6b5e810ed750|rpc:10.1.0.9:15023|admin:10.1.0.9:15022|client:10.1.0.9:15021|dataStream:10.1.0.9:15024|priority:0|startupRole:FOLLOWER] with ContainerStateMachine:uninitialized
2023-09-07 04:48:24,880 [0eb6895c-dd30-4da0-bb92-00e2e7e9df9f-groupManagement] INFO  server.RaftServerConfigKeys (ConfUtils.java:logGet(46)) - raft.server.rpc.timeout.min = 5s (custom)
2023-09-07 04:48:24,880 [0eb6895c-dd30-4da0-bb92-00e2e7e9df9f-groupManagement] INFO  server.RaftServerConfigKeys (ConfUtils.java:logGet(46)) - raft.server.rpc.timeout.max = 5200ms (custom)
2023-09-07 04:48:24,880 [0eb6895c-dd30-4da0-bb92-00e2e7e9df9f-groupManagement] INFO  server.RaftServerConfigKeys (ConfUtils.java:logGet(46)) - raft.server.rpc.sleep.time = 25ms (default)
2023-09-07 04:48:24,880 [0eb6895c-dd30-4da0-bb92-00e2e7e9df9f-groupManagement] INFO  server.RaftServerConfigKeys (ConfUtils.java:logGet(46)) - raft.server.rpc.slowness.timeout = 300s (custom)
2023-09-07 04:48:24,880 [0eb6895c-dd30-4da0-bb92-00e2e7e9df9f-groupManagement] INFO  server.RaftServerConfigKeys (ConfUtils.java:logGet(46)) - raft.server.leaderelection.leader.step-down.wait-time = 10s (default)
2023-09-07 04:48:24,880 [0eb6895c-dd30-4da0-bb92-00e2e7e9df9f-groupManagement] INFO  server.RaftServerConfigKeys (ConfUtils.java:logGet(46)) - raft.server.sleep.deviation.threshold = 300ms (default)
2023-09-07 04:48:24,880 [0eb6895c-dd30-4da0-bb92-00e2e7e9df9f-groupManagement] INFO  server.RaftServer$Division (ServerState.java:<init>(120)) - 0eb6895c-dd30-4da0-bb92-00e2e7e9df9f@group-27E939994E1F: ConfigurationManager, init=-1: peers:[0eb6895c-dd30-4da0-bb92-00e2e7e9df9f|rpc:10.1.0.9:15032|admin:10.1.0.9:15031|client:10.1.0.9:15030|dataStream:10.1.0.9:15033|priority:0|startupRole:FOLLOWER, 8c6092c3-8da2-4ae2-b503-635dac77af5e|rpc:10.1.0.9:15014|admin:10.1.0.9:15013|client:10.1.0.9:15012|dataStream:10.1.0.9:15015|priority:1|startupRole:FOLLOWER, b1275f2d-39ad-471b-b40b-6b5e810ed750|rpc:10.1.0.9:15023|admin:10.1.0.9:15022|client:10.1.0.9:15021|dataStream:10.1.0.9:15024|priority:0|startupRole:FOLLOWER]|listeners:[], old=null, confs=<EMPTY_MAP>
2023-09-07 04:48:24,881 [0eb6895c-dd30-4da0-bb92-00e2e7e9df9f-groupManagement] INFO  server.RaftServerConfigKeys (ConfUtils.java:logGet(46)) - raft.server.storage.dir = [/home/runner/work/ozone/ozone/hadoop-ozone/integration-test/target/test-dir/MiniOzoneClusterImpl-34c981b6-280a-47ca-b885-362eca6d2b46/datanode-2/data/ratis] (custom)
2023-09-07 04:48:24,881 [0eb6895c-dd30-4da0-bb92-00e2e7e9df9f-groupManagement] INFO  server.RaftServerConfigKeys (ConfUtils.java:logGet(46)) - raft.server.log.corruption.policy = EXCEPTION (default)
2023-09-07 04:48:24,881 [PipelineCommandHandlerThread-0] INFO  ratis.XceiverServerRatis (XceiverServerRatis.java:addGroup(804)) - Created group PipelineID=d5a7257d-5ac0-43ef-96dc-584f76359502
2023-09-07 04:48:24,882 [PipelineCommandHandlerThread-0] INFO  commandhandler.CreatePipelineCommandHandler (CreatePipelineCommandHandler.java:lambda$handle$2(124)) - Created Pipeline RATIS ONE PipelineID=d5a7257d-5ac0-43ef-96dc-584f76359502.
2023-09-07 04:48:24,883 [PipelineCommandHandlerThread-0] INFO  server.RaftServer (RaftServerProxy.java:addNew(98)) - 0eb6895c-dd30-4da0-bb92-00e2e7e9df9f: addNew group-3A85F9A1A5BA:[0eb6895c-dd30-4da0-bb92-00e2e7e9df9f|rpc:10.1.0.9:15032|admin:10.1.0.9:15031|client:10.1.0.9:15030|dataStream:10.1.0.9:15033|priority:0|startupRole:FOLLOWER, 8c6092c3-8da2-4ae2-b503-635dac77af5e|rpc:10.1.0.9:15014|admin:10.1.0.9:15013|client:10.1.0.9:15012|dataStream:10.1.0.9:15015|priority:0|startupRole:FOLLOWER, b1275f2d-39ad-471b-b40b-6b5e810ed750|rpc:10.1.0.9:15023|admin:10.1.0.9:15022|client:10.1.0.9:15021|dataStream:10.1.0.9:15024|priority:1|startupRole:FOLLOWER] returns group-3A85F9A1A5BA:java.util.concurrent.CompletableFuture@732ac195[Not completed]
2023-09-07 04:48:24,885 [0eb6895c-dd30-4da0-bb92-00e2e7e9df9f-groupManagement] INFO  server.RaftServerConfigKeys (ConfUtils.java:logGet(46)) - raft.server.storage.free-space.min = 0MB (=0) (default)
2023-09-07 04:48:24,886 [0eb6895c-dd30-4da0-bb92-00e2e7e9df9f-groupManagement] INFO  server.RaftServerConfigKeys (ConfUtils.java:logGet(46)) - raft.server.notification.no-leader.timeout = 300s (custom)
2023-09-07 04:48:24,886 [0eb6895c-dd30-4da0-bb92-00e2e7e9df9f-groupManagement] INFO  server.RaftServerConfigKeys (ConfUtils.java:logGet(46)) - raft.server.read.timeout = 10s (default)
2023-09-07 04:48:24,886 [0eb6895c-dd30-4da0-bb92-00e2e7e9df9f-groupManagement] INFO  server.RaftServerConfigKeys (ConfUtils.java:logGet(46)) - raft.server.retrycache.expirytime = 600000ms (custom)
2023-09-07 04:48:24,886 [0eb6895c-dd30-4da0-bb92-00e2e7e9df9f-groupManagement] INFO  server.RaftServerConfigKeys (ConfUtils.java:logGet(46)) - raft.server.retrycache.statistics.expirytime = 100μs (default)
2023-09-07 04:48:24,886 [0eb6895c-dd30-4da0-bb92-00e2e7e9df9f-groupManagement] INFO  server.RaftServerConfigKeys (ConfUtils.java:logGet(46)) - raft.server.read.option = DEFAULT (default)
2023-09-07 04:48:24,893 [0eb6895c-dd30-4da0-bb92-00e2e7e9df9f-groupManagement] INFO  server.RaftServerConfigKeys (ConfUtils.java:logGet(46)) - raft.server.rpc.request.timeout = 60s (custom)
2023-09-07 04:48:24,893 [0eb6895c-dd30-4da0-bb92-00e2e7e9df9f-groupManagement] INFO  server.RaftServerConfigKeys (ConfUtils.java:logGet(46)) - raft.server.log.appender.install.snapshot.enabled = false (custom)
2023-09-07 04:48:24,893 [0eb6895c-dd30-4da0-bb92-00e2e7e9df9f-groupManagement] INFO  server.RaftServerConfigKeys (ConfUtils.java:logGet(46)) - raft.server.threadpool.server.cached = true (default)
2023-09-07 04:48:24,893 [0eb6895c-dd30-4da0-bb92-00e2e7e9df9f-groupManagement] INFO  server.RaftServerConfigKeys (ConfUtils.java:logGet(46)) - raft.server.threadpool.server.size = 0 (default)
2023-09-07 04:48:24,893 [0eb6895c-dd30-4da0-bb92-00e2e7e9df9f-groupManagement] INFO  server.RaftServerConfigKeys (ConfUtils.java:logGet(46)) - raft.server.threadpool.client.cached = true (default)
2023-09-07 04:48:24,893 [0eb6895c-dd30-4da0-bb92-00e2e7e9df9f-groupManagement] INFO  server.RaftServerConfigKeys (ConfUtils.java:logGet(46)) - raft.server.threadpool.client.size = 0 (default)
2023-09-07 04:48:24,894 [0eb6895c-dd30-4da0-bb92-00e2e7e9df9f-groupManagement] INFO  server.RaftServer$Division (RaftServerImpl.java:<init>(198)) - 0eb6895c-dd30-4da0-bb92-00e2e7e9df9f: new RaftServerImpl for group-3A85F9A1A5BA:[0eb6895c-dd30-4da0-bb92-00e2e7e9df9f|rpc:10.1.0.9:15032|admin:10.1.0.9:15031|client:10.1.0.9:15030|dataStream:10.1.0.9:15033|priority:0|startupRole:FOLLOWER, 8c6092c3-8da2-4ae2-b503-635dac77af5e|rpc:10.1.0.9:15014|admin:10.1.0.9:15013|client:10.1.0.9:15012|dataStream:10.1.0.9:15015|priority:0|startupRole:FOLLOWER, b1275f2d-39ad-471b-b40b-6b5e810ed750|rpc:10.1.0.9:15023|admin:10.1.0.9:15022|client:10.1.0.9:15021|dataStream:10.1.0.9:15024|priority:1|startupRole:FOLLOWER] with ContainerStateMachine:uninitialized
2023-09-07 04:48:24,894 [0eb6895c-dd30-4da0-bb92-00e2e7e9df9f-groupManagement] INFO  server.RaftServerConfigKeys (ConfUtils.java:logGet(46)) - raft.server.rpc.timeout.min = 5s (custom)
2023-09-07 04:48:24,894 [0eb6895c-dd30-4da0-bb92-00e2e7e9df9f-groupManagement] INFO  server.RaftServerConfigKeys (ConfUtils.java:logGet(46)) - raft.server.rpc.timeout.max = 5200ms (custom)
2023-09-07 04:48:24,895 [0eb6895c-dd30-4da0-bb92-00e2e7e9df9f-groupManagement] INFO  server.RaftServerConfigKeys (ConfUtils.java:logGet(46)) - raft.server.rpc.sleep.time = 25ms (default)
2023-09-07 04:48:24,895 [0eb6895c-dd30-4da0-bb92-00e2e7e9df9f-groupManagement] INFO  server.RaftServerConfigKeys (ConfUtils.java:logGet(46)) - raft.server.rpc.slowness.timeout = 300s (custom)
2023-09-07 04:48:24,895 [0eb6895c-dd30-4da0-bb92-00e2e7e9df9f-groupManagement] INFO  server.RaftServerConfigKeys (ConfUtils.java:logGet(46)) - raft.server.leaderelection.leader.step-down.wait-time = 10s (default)
2023-09-07 04:48:24,895 [0eb6895c-dd30-4da0-bb92-00e2e7e9df9f-groupManagement] INFO  server.RaftServerConfigKeys (ConfUtils.java:logGet(46)) - raft.server.sleep.deviation.threshold = 300ms (default)
2023-09-07 04:48:24,895 [0eb6895c-dd30-4da0-bb92-00e2e7e9df9f-groupManagement] INFO  server.RaftServer$Division (ServerState.java:<init>(120)) - 0eb6895c-dd30-4da0-bb92-00e2e7e9df9f@group-3A85F9A1A5BA: ConfigurationManager, init=-1: peers:[0eb6895c-dd30-4da0-bb92-00e2e7e9df9f|rpc:10.1.0.9:15032|admin:10.1.0.9:15031|client:10.1.0.9:15030|dataStream:10.1.0.9:15033|priority:0|startupRole:FOLLOWER, 8c6092c3-8da2-4ae2-b503-635dac77af5e|rpc:10.1.0.9:15014|admin:10.1.0.9:15013|client:10.1.0.9:15012|dataStream:10.1.0.9:15015|priority:0|startupRole:FOLLOWER, b1275f2d-39ad-471b-b40b-6b5e810ed750|rpc:10.1.0.9:15023|admin:10.1.0.9:15022|client:10.1.0.9:15021|dataStream:10.1.0.9:15024|priority:1|startupRole:FOLLOWER]|listeners:[], old=null, confs=<EMPTY_MAP>
2023-09-07 04:48:24,895 [0eb6895c-dd30-4da0-bb92-00e2e7e9df9f-groupManagement] INFO  server.RaftServerConfigKeys (ConfUtils.java:logGet(46)) - raft.server.storage.dir = [/home/runner/work/ozone/ozone/hadoop-ozone/integration-test/target/test-dir/MiniOzoneClusterImpl-34c981b6-280a-47ca-b885-362eca6d2b46/datanode-2/data/ratis] (custom)
2023-09-07 04:48:24,895 [0eb6895c-dd30-4da0-bb92-00e2e7e9df9f-groupManagement] INFO  server.RaftServerConfigKeys (ConfUtils.java:logGet(46)) - raft.server.log.corruption.policy = EXCEPTION (default)
2023-09-07 04:48:24,895 [0eb6895c-dd30-4da0-bb92-00e2e7e9df9f-groupManagement] INFO  server.RaftServerConfigKeys (ConfUtils.java:logGet(46)) - raft.server.storage.free-space.min = 0MB (=0) (default)
2023-09-07 04:48:24,895 [0eb6895c-dd30-4da0-bb92-00e2e7e9df9f-groupManagement] INFO  server.RaftServerConfigKeys (ConfUtils.java:logGet(46)) - raft.server.notification.no-leader.timeout = 300s (custom)
2023-09-07 04:48:24,895 [0eb6895c-dd30-4da0-bb92-00e2e7e9df9f-groupManagement] INFO  server.RaftServerConfigKeys (ConfUtils.java:logGet(46)) - raft.server.read.timeout = 10s (default)
2023-09-07 04:48:24,896 [0eb6895c-dd30-4da0-bb92-00e2e7e9df9f-groupManagement] INFO  server.RaftServerConfigKeys (ConfUtils.java:logGet(46)) - raft.server.retrycache.expirytime = 600000ms (custom)
2023-09-07 04:48:24,896 [0eb6895c-dd30-4da0-bb92-00e2e7e9df9f-groupManagement] INFO  server.RaftServerConfigKeys (ConfUtils.java:logGet(46)) - raft.server.retrycache.statistics.expirytime = 100μs (default)
2023-09-07 04:48:24,896 [0eb6895c-dd30-4da0-bb92-00e2e7e9df9f-groupManagement] INFO  server.RaftServerConfigKeys (ConfUtils.java:logGet(46)) - raft.server.read.option = DEFAULT (default)
2023-09-07 04:48:24,897 [0eb6895c-dd30-4da0-bb92-00e2e7e9df9f-groupManagement] INFO  server.RaftServerConfigKeys (ConfUtils.java:logGet(46)) - raft.server.rpc.request.timeout = 60s (custom)
2023-09-07 04:48:24,897 [0eb6895c-dd30-4da0-bb92-00e2e7e9df9f-groupManagement] INFO  server.RaftServerConfigKeys (ConfUtils.java:logGet(46)) - raft.server.log.appender.install.snapshot.enabled = false (custom)
2023-09-07 04:48:24,897 [0eb6895c-dd30-4da0-bb92-00e2e7e9df9f-groupManagement] INFO  server.RaftServerConfigKeys (ConfUtils.java:logGet(46)) - raft.server.threadpool.server.cached = true (default)
2023-09-07 04:48:24,897 [0eb6895c-dd30-4da0-bb92-00e2e7e9df9f-groupManagement] INFO  server.RaftServerConfigKeys (ConfUtils.java:logGet(46)) - raft.server.threadpool.server.size = 0 (default)
2023-09-07 04:48:24,897 [0eb6895c-dd30-4da0-bb92-00e2e7e9df9f-groupManagement] INFO  server.RaftServerConfigKeys (ConfUtils.java:logGet(46)) - raft.server.threadpool.client.cached = true (default)
2023-09-07 04:48:24,897 [0eb6895c-dd30-4da0-bb92-00e2e7e9df9f-groupManagement] INFO  server.RaftServerConfigKeys (ConfUtils.java:logGet(46)) - raft.server.threadpool.client.size = 0 (default)
2023-09-07 04:48:24,903 [0eb6895c-dd30-4da0-bb92-00e2e7e9df9f-groupManagement] INFO  storage.RaftStorageDirectory (RaftStorageDirectoryImpl.java:analyzeStorage(137)) - The storage directory /home/runner/work/ozone/ozone/hadoop-ozone/integration-test/target/test-dir/MiniOzoneClusterImpl-34c981b6-280a-47ca-b885-362eca6d2b46/datanode-2/data/ratis/f40bc65f-aff4-4ed1-a5ea-27e939994e1f does not exist. Creating ...
2023-09-07 04:48:24,905 [0eb6895c-dd30-4da0-bb92-00e2e7e9df9f-groupManagement] INFO  storage.RaftStorageDirectory (RaftStorageDirectoryImpl.java:tryLock(231)) - Lock on /home/runner/work/ozone/ozone/hadoop-ozone/integration-test/target/test-dir/MiniOzoneClusterImpl-34c981b6-280a-47ca-b885-362eca6d2b46/datanode-2/data/ratis/f40bc65f-aff4-4ed1-a5ea-27e939994e1f/in_use.lock acquired by nodename 7593@fv-az163-854
2023-09-07 04:48:24,907 [0eb6895c-dd30-4da0-bb92-00e2e7e9df9f-groupManagement] INFO  storage.RaftStorage (RaftStorageImpl.java:format(96)) - Storage directory /home/runner/work/ozone/ozone/hadoop-ozone/integration-test/target/test-dir/MiniOzoneClusterImpl-34c981b6-280a-47ca-b885-362eca6d2b46/datanode-2/data/ratis/f40bc65f-aff4-4ed1-a5ea-27e939994e1f has been successfully formatted.
2023-09-07 04:48:24,908 [0eb6895c-dd30-4da0-bb92-00e2e7e9df9f-groupManagement] INFO  ratis.ContainerStateMachine (ContainerStateMachine.java:loadSnapshot(262)) - group-27E939994E1F: The snapshot info is null. Setting the last applied indexto:(t:0, i:~)
2023-09-07 04:48:24,908 [0eb6895c-dd30-4da0-bb92-00e2e7e9df9f-groupManagement] INFO  server.RaftServerConfigKeys (ConfUtils.java:logGet(46)) - raft.server.log.use.memory = false (default)
2023-09-07 04:48:24,911 [EventQueue-OpenPipelineForHealthyPipelineSafeModeRule] INFO  safemode.SCMSafeModeManager (HealthyPipelineSafeModeRule.java:process(137)) - SCM in safe mode. Healthy pipelines reported count is 0, required healthy pipeline reported count is 1
2023-09-07 04:48:24,913 [0eb6895c-dd30-4da0-bb92-00e2e7e9df9f-groupManagement] INFO  server.RaftServerConfigKeys (ConfUtils.java:logGet(46)) - raft.server.log.purge.gap = 1000000 (custom)
2023-09-07 04:48:24,913 [0eb6895c-dd30-4da0-bb92-00e2e7e9df9f-groupManagement] INFO  server.RaftServerConfigKeys (ConfUtils.java:logGet(46)) - raft.server.log.appender.buffer.byte-limit = 33554432 (custom)
2023-09-07 04:48:24,913 [0eb6895c-dd30-4da0-bb92-00e2e7e9df9f-groupManagement] INFO  server.RaftServerConfigKeys (ConfUtils.java:logGet(46)) - raft.server.log.statemachine.data.read.timeout = 1000ms (default)
2023-09-07 04:48:24,913 [0eb6895c-dd30-4da0-bb92-00e2e7e9df9f-groupManagement] INFO  server.RaftServerConfigKeys (ConfUtils.java:logGet(46)) - raft.server.log.purge.preservation.log.num = 0 (default)
2023-09-07 04:48:24,913 [0eb6895c-dd30-4da0-bb92-00e2e7e9df9f-groupManagement] INFO  server.RaftServerConfigKeys (ConfUtils.java:logGet(46)) - raft.server.log.segment.size.max = 1048576 (custom)
2023-09-07 04:48:24,914 [0eb6895c-dd30-4da0-bb92-00e2e7e9df9f-groupManagement] INFO  server.RaftServerConfigKeys (ConfUtils.java:logGet(46)) - raft.server.log.segment.cache.num.max = 2 (custom)
2023-09-07 04:48:24,914 [0eb6895c-dd30-4da0-bb92-00e2e7e9df9f-groupManagement] INFO  server.RaftServerConfigKeys (ConfUtils.java:logGet(46)) - raft.server.log.segment.cache.size.max = 200MB (=209715200) (default)
2023-09-07 04:48:24,914 [0eb6895c-dd30-4da0-bb92-00e2e7e9df9f-groupManagement] INFO  server.RaftServerConfigKeys (ConfUtils.java:logGet(46)) - raft.server.log.appender.buffer.byte-limit = 33554432 (custom)
2023-09-07 04:48:24,914 [0eb6895c-dd30-4da0-bb92-00e2e7e9df9f-groupManagement] INFO  segmented.SegmentedRaftLogWorker (SegmentedRaftLogWorker.java:<init>(188)) - new 0eb6895c-dd30-4da0-bb92-00e2e7e9df9f@group-27E939994E1F-SegmentedRaftLogWorker for RaftStorageImpl:Storage Directory /home/runner/work/ozone/ozone/hadoop-ozone/integration-test/target/test-dir/MiniOzoneClusterImpl-34c981b6-280a-47ca-b885-362eca6d2b46/datanode-2/data/ratis/f40bc65f-aff4-4ed1-a5ea-27e939994e1f
2023-09-07 04:48:24,914 [0eb6895c-dd30-4da0-bb92-00e2e7e9df9f-groupManagement] INFO  server.RaftServerConfigKeys (ConfUtils.java:logGet(46)) - raft.server.log.queue.byte-limit = 4294967296 (custom)
2023-09-07 04:48:24,914 [0eb6895c-dd30-4da0-bb92-00e2e7e9df9f-groupManagement] INFO  server.RaftServerConfigKeys (ConfUtils.java:logGet(46)) - raft.server.log.queue.element-limit = 1024 (custom)
2023-09-07 04:48:24,914 [0eb6895c-dd30-4da0-bb92-00e2e7e9df9f-groupManagement] INFO  server.RaftServerConfigKeys (ConfUtils.java:logGet(46)) - raft.server.log.segment.size.max = 1048576 (custom)
2023-09-07 04:48:24,914 [0eb6895c-dd30-4da0-bb92-00e2e7e9df9f-groupManagement] INFO  server.RaftServerConfigKeys (ConfUtils.java:logGet(46)) - raft.server.log.preallocated.size = 16384 (custom)
2023-09-07 04:48:24,914 [0eb6895c-dd30-4da0-bb92-00e2e7e9df9f-groupManagement] INFO  server.RaftServerConfigKeys (ConfUtils.java:logGet(46)) - raft.server.log.force.sync.num = 128 (default)
2023-09-07 04:48:24,914 [0eb6895c-dd30-4da0-bb92-00e2e7e9df9f-groupManagement] INFO  server.RaftServerConfigKeys (ConfUtils.java:logGet(46)) - raft.server.log.statemachine.data.sync = true (default)
2023-09-07 04:48:24,914 [0eb6895c-dd30-4da0-bb92-00e2e7e9df9f-groupManagement] INFO  server.RaftServerConfigKeys (ConfUtils.java:logGet(46)) - raft.server.log.statemachine.data.sync.timeout = 10s (default)
2023-09-07 04:48:24,914 [0eb6895c-dd30-4da0-bb92-00e2e7e9df9f-groupManagement] INFO  server.RaftServerConfigKeys (ConfUtils.java:logGet(46)) - raft.server.log.statemachine.data.sync.timeout.retry = -1 (default)
2023-09-07 04:48:24,916 [0eb6895c-dd30-4da0-bb92-00e2e7e9df9f-groupManagement] INFO  server.RaftServerConfigKeys (ConfUtils.java:logGet(46)) - raft.server.log.write.buffer.size = 1048576 (custom)
2023-09-07 04:48:24,916 [0eb6895c-dd30-4da0-bb92-00e2e7e9df9f-groupManagement] INFO  server.RaftServerConfigKeys (ConfUtils.java:logGet(46)) - raft.server.log.appender.buffer.byte-limit = 33554432 (custom)
2023-09-07 04:48:24,939 [0eb6895c-dd30-4da0-bb92-00e2e7e9df9f-groupManagement] INFO  server.RaftServerConfigKeys (ConfUtils.java:logGet(46)) - raft.server.log.unsafe-flush.enabled = false (default)
2023-09-07 04:48:24,939 [0eb6895c-dd30-4da0-bb92-00e2e7e9df9f-groupManagement] INFO  server.RaftServerConfigKeys (ConfUtils.java:logGet(46)) - raft.server.log.async-flush.enabled = false (default)
2023-09-07 04:48:24,939 [0eb6895c-dd30-4da0-bb92-00e2e7e9df9f-groupManagement] INFO  server.RaftServerConfigKeys (ConfUtils.java:logGet(46)) - raft.server.log.statemachine.data.caching.enabled = true (custom)
2023-09-07 04:48:24,940 [0eb6895c-dd30-4da0-bb92-00e2e7e9df9f-groupManagement] INFO  segmented.SegmentedRaftLogWorker (SegmentedRaftLogWorker.java:lambda$new$0(135)) - 0eb6895c-dd30-4da0-bb92-00e2e7e9df9f@group-27E939994E1F-SegmentedRaftLogWorker: flushIndex: setUnconditionally 0 -> -1
2023-09-07 04:48:24,941 [0eb6895c-dd30-4da0-bb92-00e2e7e9df9f-groupManagement] INFO  segmented.SegmentedRaftLogWorker (SegmentedRaftLogWorker.java:lambda$new$0(135)) - 0eb6895c-dd30-4da0-bb92-00e2e7e9df9f@group-27E939994E1F-SegmentedRaftLogWorker: safeCacheEvictIndex: setUnconditionally 0 -> -1
2023-09-07 04:48:24,941 [0eb6895c-dd30-4da0-bb92-00e2e7e9df9f-groupManagement] INFO  server.RaftServer$Division (RaftServerImpl.java:start(342)) - 0eb6895c-dd30-4da0-bb92-00e2e7e9df9f@group-27E939994E1F: start as a follower, conf=-1: peers:[0eb6895c-dd30-4da0-bb92-00e2e7e9df9f|rpc:10.1.0.9:15032|admin:10.1.0.9:15031|client:10.1.0.9:15030|dataStream:10.1.0.9:15033|priority:0|startupRole:FOLLOWER, 8c6092c3-8da2-4ae2-b503-635dac77af5e|rpc:10.1.0.9:15014|admin:10.1.0.9:15013|client:10.1.0.9:15012|dataStream:10.1.0.9:15015|priority:1|startupRole:FOLLOWER, b1275f2d-39ad-471b-b40b-6b5e810ed750|rpc:10.1.0.9:15023|admin:10.1.0.9:15022|client:10.1.0.9:15021|dataStream:10.1.0.9:15024|priority:0|startupRole:FOLLOWER]|listeners:[], old=null
2023-09-07 04:48:24,941 [0eb6895c-dd30-4da0-bb92-00e2e7e9df9f-groupManagement] INFO  server.RaftServer$Division (RaftServerImpl.java:setRole(329)) - 0eb6895c-dd30-4da0-bb92-00e2e7e9df9f@group-27E939994E1F: changes role from      null to FOLLOWER at term 0 for startAsFollower
2023-09-07 04:48:24,941 [0eb6895c-dd30-4da0-bb92-00e2e7e9df9f-groupManagement] INFO  impl.RoleInfo (RoleInfo.java:updateAndGet(139)) - 0eb6895c-dd30-4da0-bb92-00e2e7e9df9f: start 0eb6895c-dd30-4da0-bb92-00e2e7e9df9f@group-27E939994E1F-FollowerState
2023-09-07 04:48:24,954 [0eb6895c-dd30-4da0-bb92-00e2e7e9df9f-groupManagement] INFO  util.JmxRegister (JmxRegister.java:tryRegister(44)) - Successfully registered JMX Bean with object name Ratis:service=RaftServer,group=group-27E939994E1F,id=0eb6895c-dd30-4da0-bb92-00e2e7e9df9f
2023-09-07 04:48:24,954 [0eb6895c-dd30-4da0-bb92-00e2e7e9df9f-groupManagement] INFO  server.RaftServerConfigKeys (ConfUtils.java:logGet(46)) - raft.server.snapshot.auto.trigger.enabled = true (custom)
2023-09-07 04:48:24,954 [0eb6895c-dd30-4da0-bb92-00e2e7e9df9f-groupManagement] INFO  server.RaftServerConfigKeys (ConfUtils.java:logGet(46)) - raft.server.snapshot.auto.trigger.threshold = 10000 (custom)
2023-09-07 04:48:24,954 [0eb6895c-dd30-4da0-bb92-00e2e7e9df9f-groupManagement] INFO  server.RaftServerConfigKeys (ConfUtils.java:logGet(46)) - raft.server.snapshot.retention.file.num = 5 (custom)
2023-09-07 04:48:24,954 [0eb6895c-dd30-4da0-bb92-00e2e7e9df9f-groupManagement] INFO  server.RaftServerConfigKeys (ConfUtils.java:logGet(46)) - raft.server.log.purge.upto.snapshot.index = false (default)
2023-09-07 04:48:24,955 [0eb6895c-dd30-4da0-bb92-00e2e7e9df9f@group-27E939994E1F-FollowerState] INFO  server.RaftServerConfigKeys (ConfUtils.java:logFallback(53)) - raft.server.rpc.first-election.timeout.min = 5s (fallback to raft.server.rpc.timeout.min)
2023-09-07 04:48:24,960 [0eb6895c-dd30-4da0-bb92-00e2e7e9df9f@group-27E939994E1F-FollowerState] INFO  server.RaftServerConfigKeys (ConfUtils.java:logFallback(53)) - raft.server.rpc.first-election.timeout.max = 5200ms (fallback to raft.server.rpc.timeout.max)
2023-09-07 04:48:24,967 [0eb6895c-dd30-4da0-bb92-00e2e7e9df9f-groupManagement] INFO  storage.RaftStorageDirectory (RaftStorageDirectoryImpl.java:analyzeStorage(137)) - The storage directory /home/runner/work/ozone/ozone/hadoop-ozone/integration-test/target/test-dir/MiniOzoneClusterImpl-34c981b6-280a-47ca-b885-362eca6d2b46/datanode-2/data/ratis/6ed50375-2729-40d1-b063-3a85f9a1a5ba does not exist. Creating ...
2023-09-07 04:48:24,975 [0eb6895c-dd30-4da0-bb92-00e2e7e9df9f-groupManagement] INFO  storage.RaftStorageDirectory (RaftStorageDirectoryImpl.java:tryLock(231)) - Lock on /home/runner/work/ozone/ozone/hadoop-ozone/integration-test/target/test-dir/MiniOzoneClusterImpl-34c981b6-280a-47ca-b885-362eca6d2b46/datanode-2/data/ratis/6ed50375-2729-40d1-b063-3a85f9a1a5ba/in_use.lock acquired by nodename 7593@fv-az163-854
2023-09-07 04:48:24,977 [0eb6895c-dd30-4da0-bb92-00e2e7e9df9f-groupManagement] INFO  storage.RaftStorage (RaftStorageImpl.java:format(96)) - Storage directory /home/runner/work/ozone/ozone/hadoop-ozone/integration-test/target/test-dir/MiniOzoneClusterImpl-34c981b6-280a-47ca-b885-362eca6d2b46/datanode-2/data/ratis/6ed50375-2729-40d1-b063-3a85f9a1a5ba has been successfully formatted.
2023-09-07 04:48:24,978 [0eb6895c-dd30-4da0-bb92-00e2e7e9df9f-groupManagement] INFO  ratis.ContainerStateMachine (ContainerStateMachine.java:loadSnapshot(262)) - group-3A85F9A1A5BA: The snapshot info is null. Setting the last applied indexto:(t:0, i:~)
2023-09-07 04:48:24,978 [0eb6895c-dd30-4da0-bb92-00e2e7e9df9f-groupManagement] INFO  server.RaftServerConfigKeys (ConfUtils.java:logGet(46)) - raft.server.log.use.memory = false (default)
2023-09-07 04:48:24,978 [0eb6895c-dd30-4da0-bb92-00e2e7e9df9f-groupManagement] INFO  server.RaftServerConfigKeys (ConfUtils.java:logGet(46)) - raft.server.log.purge.gap = 1000000 (custom)
2023-09-07 04:48:24,978 [0eb6895c-dd30-4da0-bb92-00e2e7e9df9f-groupManagement] INFO  server.RaftServerConfigKeys (ConfUtils.java:logGet(46)) - raft.server.log.appender.buffer.byte-limit = 33554432 (custom)
2023-09-07 04:48:24,978 [0eb6895c-dd30-4da0-bb92-00e2e7e9df9f-groupManagement] INFO  server.RaftServerConfigKeys (ConfUtils.java:logGet(46)) - raft.server.log.statemachine.data.read.timeout = 1000ms (default)
2023-09-07 04:48:24,978 [0eb6895c-dd30-4da0-bb92-00e2e7e9df9f-groupManagement] INFO  server.RaftServerConfigKeys (ConfUtils.java:logGet(46)) - raft.server.log.purge.preservation.log.num = 0 (default)
2023-09-07 04:48:24,979 [0eb6895c-dd30-4da0-bb92-00e2e7e9df9f-groupManagement] INFO  server.RaftServerConfigKeys (ConfUtils.java:logGet(46)) - raft.server.log.segment.size.max = 1048576 (custom)
2023-09-07 04:48:24,979 [0eb6895c-dd30-4da0-bb92-00e2e7e9df9f-groupManagement] INFO  server.RaftServerConfigKeys (ConfUtils.java:logGet(46)) - raft.server.log.segment.cache.num.max = 2 (custom)
2023-09-07 04:48:24,979 [0eb6895c-dd30-4da0-bb92-00e2e7e9df9f-groupManagement] INFO  server.RaftServerConfigKeys (ConfUtils.java:logGet(46)) - raft.server.log.segment.cache.size.max = 200MB (=209715200) (default)
2023-09-07 04:48:24,979 [0eb6895c-dd30-4da0-bb92-00e2e7e9df9f-groupManagement] INFO  server.RaftServerConfigKeys (ConfUtils.java:logGet(46)) - raft.server.log.appender.buffer.byte-limit = 33554432 (custom)
2023-09-07 04:48:24,979 [0eb6895c-dd30-4da0-bb92-00e2e7e9df9f-groupManagement] INFO  segmented.SegmentedRaftLogWorker (SegmentedRaftLogWorker.java:<init>(188)) - new 0eb6895c-dd30-4da0-bb92-00e2e7e9df9f@group-3A85F9A1A5BA-SegmentedRaftLogWorker for RaftStorageImpl:Storage Directory /home/runner/work/ozone/ozone/hadoop-ozone/integration-test/target/test-dir/MiniOzoneClusterImpl-34c981b6-280a-47ca-b885-362eca6d2b46/datanode-2/data/ratis/6ed50375-2729-40d1-b063-3a85f9a1a5ba
2023-09-07 04:48:24,979 [0eb6895c-dd30-4da0-bb92-00e2e7e9df9f-groupManagement] INFO  server.RaftServerConfigKeys (ConfUtils.java:logGet(46)) - raft.server.log.queue.byte-limit = 4294967296 (custom)
2023-09-07 04:48:24,979 [0eb6895c-dd30-4da0-bb92-00e2e7e9df9f-groupManagement] INFO  server.RaftServerConfigKeys (ConfUtils.java:logGet(46)) - raft.server.log.queue.element-limit = 1024 (custom)
2023-09-07 04:48:24,980 [0eb6895c-dd30-4da0-bb92-00e2e7e9df9f-groupManagement] INFO  server.RaftServerConfigKeys (ConfUtils.java:logGet(46)) - raft.server.log.segment.size.max = 1048576 (custom)
2023-09-07 04:48:24,980 [0eb6895c-dd30-4da0-bb92-00e2e7e9df9f-groupManagement] INFO  server.RaftServerConfigKeys (ConfUtils.java:logGet(46)) - raft.server.log.preallocated.size = 16384 (custom)
2023-09-07 04:48:24,980 [0eb6895c-dd30-4da0-bb92-00e2e7e9df9f-groupManagement] INFO  server.RaftServerConfigKeys (ConfUtils.java:logGet(46)) - raft.server.log.force.sync.num = 128 (default)
2023-09-07 04:48:24,980 [0eb6895c-dd30-4da0-bb92-00e2e7e9df9f-groupManagement] INFO  server.RaftServerConfigKeys (ConfUtils.java:logGet(46)) - raft.server.log.statemachine.data.sync = true (default)
2023-09-07 04:48:24,980 [0eb6895c-dd30-4da0-bb92-00e2e7e9df9f-groupManagement] INFO  server.RaftServerConfigKeys (ConfUtils.java:logGet(46)) - raft.server.log.statemachine.data.sync.timeout = 10s (default)
2023-09-07 04:48:24,980 [0eb6895c-dd30-4da0-bb92-00e2e7e9df9f-groupManagement] INFO  server.RaftServerConfigKeys (ConfUtils.java:logGet(46)) - raft.server.log.statemachine.data.sync.timeout.retry = -1 (default)
2023-09-07 04:48:24,992 [EventQueue-OpenPipelineForHealthyPipelineSafeModeRule] INFO  safemode.SCMSafeModeManager (HealthyPipelineSafeModeRule.java:process(137)) - SCM in safe mode. Healthy pipelines reported count is 0, required healthy pipeline reported count is 1
2023-09-07 04:48:24,994 [0eb6895c-dd30-4da0-bb92-00e2e7e9df9f-groupManagement] INFO  server.RaftServerConfigKeys (ConfUtils.java:logGet(46)) - raft.server.log.write.buffer.size = 1048576 (custom)
2023-09-07 04:48:24,995 [0eb6895c-dd30-4da0-bb92-00e2e7e9df9f-groupManagement] INFO  server.RaftServerConfigKeys (ConfUtils.java:logGet(46)) - raft.server.log.appender.buffer.byte-limit = 33554432 (custom)
2023-09-07 04:48:25,019 [0eb6895c-dd30-4da0-bb92-00e2e7e9df9f-groupManagement] INFO  server.RaftServerConfigKeys (ConfUtils.java:logGet(46)) - raft.server.log.unsafe-flush.enabled = false (default)
2023-09-07 04:48:25,020 [0eb6895c-dd30-4da0-bb92-00e2e7e9df9f-groupManagement] INFO  server.RaftServerConfigKeys (ConfUtils.java:logGet(46)) - raft.server.log.async-flush.enabled = false (default)
2023-09-07 04:48:25,020 [0eb6895c-dd30-4da0-bb92-00e2e7e9df9f-groupManagement] INFO  server.RaftServerConfigKeys (ConfUtils.java:logGet(46)) - raft.server.log.statemachine.data.caching.enabled = true (custom)
2023-09-07 04:48:25,020 [0eb6895c-dd30-4da0-bb92-00e2e7e9df9f-groupManagement] INFO  segmented.SegmentedRaftLogWorker (SegmentedRaftLogWorker.java:lambda$new$0(135)) - 0eb6895c-dd30-4da0-bb92-00e2e7e9df9f@group-3A85F9A1A5BA-SegmentedRaftLogWorker: flushIndex: setUnconditionally 0 -> -1
2023-09-07 04:48:25,020 [0eb6895c-dd30-4da0-bb92-00e2e7e9df9f-groupManagement] INFO  segmented.SegmentedRaftLogWorker (SegmentedRaftLogWorker.java:lambda$new$0(135)) - 0eb6895c-dd30-4da0-bb92-00e2e7e9df9f@group-3A85F9A1A5BA-SegmentedRaftLogWorker: safeCacheEvictIndex: setUnconditionally 0 -> -1
2023-09-07 04:48:25,021 [0eb6895c-dd30-4da0-bb92-00e2e7e9df9f-groupManagement] INFO  server.RaftServer$Division (RaftServerImpl.java:start(342)) - 0eb6895c-dd30-4da0-bb92-00e2e7e9df9f@group-3A85F9A1A5BA: start as a follower, conf=-1: peers:[0eb6895c-dd30-4da0-bb92-00e2e7e9df9f|rpc:10.1.0.9:15032|admin:10.1.0.9:15031|client:10.1.0.9:15030|dataStream:10.1.0.9:15033|priority:0|startupRole:FOLLOWER, 8c6092c3-8da2-4ae2-b503-635dac77af5e|rpc:10.1.0.9:15014|admin:10.1.0.9:15013|client:10.1.0.9:15012|dataStream:10.1.0.9:15015|priority:0|startupRole:FOLLOWER, b1275f2d-39ad-471b-b40b-6b5e810ed750|rpc:10.1.0.9:15023|admin:10.1.0.9:15022|client:10.1.0.9:15021|dataStream:10.1.0.9:15024|priority:1|startupRole:FOLLOWER]|listeners:[], old=null
2023-09-07 04:48:25,022 [0eb6895c-dd30-4da0-bb92-00e2e7e9df9f-groupManagement] INFO  server.RaftServer$Division (RaftServerImpl.java:setRole(329)) - 0eb6895c-dd30-4da0-bb92-00e2e7e9df9f@group-3A85F9A1A5BA: changes role from      null to FOLLOWER at term 0 for startAsFollower
2023-09-07 04:48:25,022 [0eb6895c-dd30-4da0-bb92-00e2e7e9df9f-groupManagement] INFO  impl.RoleInfo (RoleInfo.java:updateAndGet(139)) - 0eb6895c-dd30-4da0-bb92-00e2e7e9df9f: start 0eb6895c-dd30-4da0-bb92-00e2e7e9df9f@group-3A85F9A1A5BA-FollowerState
2023-09-07 04:48:25,031 [0eb6895c-dd30-4da0-bb92-00e2e7e9df9f-groupManagement] INFO  util.JmxRegister (JmxRegister.java:tryRegister(44)) - Successfully registered JMX Bean with object name Ratis:service=RaftServer,group=group-3A85F9A1A5BA,id=0eb6895c-dd30-4da0-bb92-00e2e7e9df9f
2023-09-07 04:48:25,031 [0eb6895c-dd30-4da0-bb92-00e2e7e9df9f-groupManagement] INFO  server.RaftServerConfigKeys (ConfUtils.java:logGet(46)) - raft.server.snapshot.auto.trigger.enabled = true (custom)
2023-09-07 04:48:25,031 [0eb6895c-dd30-4da0-bb92-00e2e7e9df9f-groupManagement] INFO  server.RaftServerConfigKeys (ConfUtils.java:logGet(46)) - raft.server.snapshot.auto.trigger.threshold = 10000 (custom)
2023-09-07 04:48:25,031 [0eb6895c-dd30-4da0-bb92-00e2e7e9df9f-groupManagement] INFO  server.RaftServerConfigKeys (ConfUtils.java:logGet(46)) - raft.server.snapshot.retention.file.num = 5 (custom)
2023-09-07 04:48:25,032 [0eb6895c-dd30-4da0-bb92-00e2e7e9df9f-groupManagement] INFO  server.RaftServerConfigKeys (ConfUtils.java:logGet(46)) - raft.server.log.purge.upto.snapshot.index = false (default)
2023-09-07 04:48:25,035 [0eb6895c-dd30-4da0-bb92-00e2e7e9df9f@group-3A85F9A1A5BA-FollowerState] INFO  server.RaftServerConfigKeys (ConfUtils.java:logFallback(53)) - raft.server.rpc.first-election.timeout.min = 5s (fallback to raft.server.rpc.timeout.min)
2023-09-07 04:48:25,041 [0eb6895c-dd30-4da0-bb92-00e2e7e9df9f@group-3A85F9A1A5BA-FollowerState] INFO  server.RaftServerConfigKeys (ConfUtils.java:logFallback(53)) - raft.server.rpc.first-election.timeout.max = 5200ms (fallback to raft.server.rpc.timeout.max)
2023-09-07 04:48:25,039 [PipelineCommandHandlerThread-0] INFO  ratis.XceiverServerRatis (XceiverServerRatis.java:addGroup(804)) - Created group PipelineID=6ed50375-2729-40d1-b063-3a85f9a1a5ba
2023-09-07 04:48:25,123 [grpc-default-executor-0] INFO  server.RaftServer (RaftServerProxy.java:addNew(98)) - b1275f2d-39ad-471b-b40b-6b5e810ed750: addNew group-3A85F9A1A5BA:[0eb6895c-dd30-4da0-bb92-00e2e7e9df9f|rpc:10.1.0.9:15032|admin:10.1.0.9:15031|client:10.1.0.9:15030|dataStream:10.1.0.9:15033|priority:0|startupRole:FOLLOWER, 8c6092c3-8da2-4ae2-b503-635dac77af5e|rpc:10.1.0.9:15014|admin:10.1.0.9:15013|client:10.1.0.9:15012|dataStream:10.1.0.9:15015|priority:0|startupRole:FOLLOWER, b1275f2d-39ad-471b-b40b-6b5e810ed750|rpc:10.1.0.9:15023|admin:10.1.0.9:15022|client:10.1.0.9:15021|dataStream:10.1.0.9:15024|priority:1|startupRole:FOLLOWER] returns group-3A85F9A1A5BA:java.util.concurrent.CompletableFuture@d6a5416[Not completed]
2023-09-07 04:48:25,124 [b1275f2d-39ad-471b-b40b-6b5e810ed750-groupManagement] INFO  server.RaftServer$Division (RaftServerImpl.java:<init>(198)) - b1275f2d-39ad-471b-b40b-6b5e810ed750: new RaftServerImpl for group-3A85F9A1A5BA:[0eb6895c-dd30-4da0-bb92-00e2e7e9df9f|rpc:10.1.0.9:15032|admin:10.1.0.9:15031|client:10.1.0.9:15030|dataStream:10.1.0.9:15033|priority:0|startupRole:FOLLOWER, 8c6092c3-8da2-4ae2-b503-635dac77af5e|rpc:10.1.0.9:15014|admin:10.1.0.9:15013|client:10.1.0.9:15012|dataStream:10.1.0.9:15015|priority:0|startupRole:FOLLOWER, b1275f2d-39ad-471b-b40b-6b5e810ed750|rpc:10.1.0.9:15023|admin:10.1.0.9:15022|client:10.1.0.9:15021|dataStream:10.1.0.9:15024|priority:1|startupRole:FOLLOWER] with ContainerStateMachine:uninitialized
2023-09-07 04:48:25,124 [b1275f2d-39ad-471b-b40b-6b5e810ed750-groupManagement] INFO  server.RaftServerConfigKeys (ConfUtils.java:logGet(46)) - raft.server.rpc.timeout.min = 5s (custom)
2023-09-07 04:48:25,125 [b1275f2d-39ad-471b-b40b-6b5e810ed750-groupManagement] INFO  server.RaftServerConfigKeys (ConfUtils.java:logGet(46)) - raft.server.rpc.timeout.max = 5200ms (custom)
2023-09-07 04:48:25,125 [b1275f2d-39ad-471b-b40b-6b5e810ed750-groupManagement] INFO  server.RaftServerConfigKeys (ConfUtils.java:logGet(46)) - raft.server.rpc.sleep.time = 25ms (default)
2023-09-07 04:48:25,125 [b1275f2d-39ad-471b-b40b-6b5e810ed750-groupManagement] INFO  server.RaftServerConfigKeys (ConfUtils.java:logGet(46)) - raft.server.rpc.slowness.timeout = 300s (custom)
2023-09-07 04:48:25,125 [b1275f2d-39ad-471b-b40b-6b5e810ed750-groupManagement] INFO  server.RaftServerConfigKeys (ConfUtils.java:logGet(46)) - raft.server.leaderelection.leader.step-down.wait-time = 10s (default)
2023-09-07 04:48:25,125 [b1275f2d-39ad-471b-b40b-6b5e810ed750-groupManagement] INFO  server.RaftServerConfigKeys (ConfUtils.java:logGet(46)) - raft.server.sleep.deviation.threshold = 300ms (default)
2023-09-07 04:48:25,125 [b1275f2d-39ad-471b-b40b-6b5e810ed750-groupManagement] INFO  server.RaftServer$Division (ServerState.java:<init>(120)) - b1275f2d-39ad-471b-b40b-6b5e810ed750@group-3A85F9A1A5BA: ConfigurationManager, init=-1: peers:[0eb6895c-dd30-4da0-bb92-00e2e7e9df9f|rpc:10.1.0.9:15032|admin:10.1.0.9:15031|client:10.1.0.9:15030|dataStream:10.1.0.9:15033|priority:0|startupRole:FOLLOWER, 8c6092c3-8da2-4ae2-b503-635dac77af5e|rpc:10.1.0.9:15014|admin:10.1.0.9:15013|client:10.1.0.9:15012|dataStream:10.1.0.9:15015|priority:0|startupRole:FOLLOWER, b1275f2d-39ad-471b-b40b-6b5e810ed750|rpc:10.1.0.9:15023|admin:10.1.0.9:15022|client:10.1.0.9:15021|dataStream:10.1.0.9:15024|priority:1|startupRole:FOLLOWER]|listeners:[], old=null, confs=<EMPTY_MAP>
2023-09-07 04:48:25,125 [b1275f2d-39ad-471b-b40b-6b5e810ed750-groupManagement] INFO  server.RaftServerConfigKeys (ConfUtils.java:logGet(46)) - raft.server.storage.dir = [/home/runner/work/ozone/ozone/hadoop-ozone/integration-test/target/test-dir/MiniOzoneClusterImpl-34c981b6-280a-47ca-b885-362eca6d2b46/datanode-1/data/ratis] (custom)
2023-09-07 04:48:25,131 [b1275f2d-39ad-471b-b40b-6b5e810ed750-groupManagement] INFO  server.RaftServerConfigKeys (ConfUtils.java:logGet(46)) - raft.server.log.corruption.policy = EXCEPTION (default)
2023-09-07 04:48:25,131 [b1275f2d-39ad-471b-b40b-6b5e810ed750-groupManagement] INFO  server.RaftServerConfigKeys (ConfUtils.java:logGet(46)) - raft.server.storage.free-space.min = 0MB (=0) (default)
2023-09-07 04:48:25,131 [b1275f2d-39ad-471b-b40b-6b5e810ed750-groupManagement] INFO  server.RaftServerConfigKeys (ConfUtils.java:logGet(46)) - raft.server.notification.no-leader.timeout = 300s (custom)
2023-09-07 04:48:25,131 [b1275f2d-39ad-471b-b40b-6b5e810ed750-groupManagement] INFO  server.RaftServerConfigKeys (ConfUtils.java:logGet(46)) - raft.server.read.timeout = 10s (default)
2023-09-07 04:48:25,131 [b1275f2d-39ad-471b-b40b-6b5e810ed750-groupManagement] INFO  server.RaftServerConfigKeys (ConfUtils.java:logGet(46)) - raft.server.retrycache.expirytime = 600000ms (custom)
2023-09-07 04:48:25,131 [b1275f2d-39ad-471b-b40b-6b5e810ed750-groupManagement] INFO  server.RaftServerConfigKeys (ConfUtils.java:logGet(46)) - raft.server.retrycache.statistics.expirytime = 100μs (default)
2023-09-07 04:48:25,131 [b1275f2d-39ad-471b-b40b-6b5e810ed750-groupManagement] INFO  server.RaftServerConfigKeys (ConfUtils.java:logGet(46)) - raft.server.read.option = DEFAULT (default)
2023-09-07 04:48:25,136 [b1275f2d-39ad-471b-b40b-6b5e810ed750-groupManagement] INFO  server.RaftServerConfigKeys (ConfUtils.java:logGet(46)) - raft.server.rpc.request.timeout = 60s (custom)
2023-09-07 04:48:25,136 [b1275f2d-39ad-471b-b40b-6b5e810ed750-groupManagement] INFO  server.RaftServerConfigKeys (ConfUtils.java:logGet(46)) - raft.server.log.appender.install.snapshot.enabled = false (custom)
2023-09-07 04:48:25,136 [b1275f2d-39ad-471b-b40b-6b5e810ed750-groupManagement] INFO  server.RaftServerConfigKeys (ConfUtils.java:logGet(46)) - raft.server.threadpool.server.cached = true (default)
2023-09-07 04:48:25,137 [b1275f2d-39ad-471b-b40b-6b5e810ed750-groupManagement] INFO  server.RaftServerConfigKeys (ConfUtils.java:logGet(46)) - raft.server.threadpool.server.size = 0 (default)
2023-09-07 04:48:25,137 [b1275f2d-39ad-471b-b40b-6b5e810ed750-groupManagement] INFO  server.RaftServerConfigKeys (ConfUtils.java:logGet(46)) - raft.server.threadpool.client.cached = true (default)
2023-09-07 04:48:25,137 [b1275f2d-39ad-471b-b40b-6b5e810ed750-groupManagement] INFO  server.RaftServerConfigKeys (ConfUtils.java:logGet(46)) - raft.server.threadpool.client.size = 0 (default)
2023-09-07 04:48:25,137 [b1275f2d-39ad-471b-b40b-6b5e810ed750-groupManagement] INFO  storage.RaftStorageDirectory (RaftStorageDirectoryImpl.java:analyzeStorage(137)) - The storage directory /home/runner/work/ozone/ozone/hadoop-ozone/integration-test/target/test-dir/MiniOzoneClusterImpl-34c981b6-280a-47ca-b885-362eca6d2b46/datanode-1/data/ratis/6ed50375-2729-40d1-b063-3a85f9a1a5ba does not exist. Creating ...
2023-09-07 04:48:25,140 [b1275f2d-39ad-471b-b40b-6b5e810ed750-groupManagement] INFO  storage.RaftStorageDirectory (RaftStorageDirectoryImpl.java:tryLock(231)) - Lock on /home/runner/work/ozone/ozone/hadoop-ozone/integration-test/target/test-dir/MiniOzoneClusterImpl-34c981b6-280a-47ca-b885-362eca6d2b46/datanode-1/data/ratis/6ed50375-2729-40d1-b063-3a85f9a1a5ba/in_use.lock acquired by nodename 7593@fv-az163-854
2023-09-07 04:48:25,147 [b1275f2d-39ad-471b-b40b-6b5e810ed750-groupManagement] INFO  storage.RaftStorage (RaftStorageImpl.java:format(96)) - Storage directory /home/runner/work/ozone/ozone/hadoop-ozone/integration-test/target/test-dir/MiniOzoneClusterImpl-34c981b6-280a-47ca-b885-362eca6d2b46/datanode-1/data/ratis/6ed50375-2729-40d1-b063-3a85f9a1a5ba has been successfully formatted.
2023-09-07 04:48:25,159 [b1275f2d-39ad-471b-b40b-6b5e810ed750-groupManagement] INFO  ratis.ContainerStateMachine (ContainerStateMachine.java:loadSnapshot(262)) - group-3A85F9A1A5BA: The snapshot info is null. Setting the last applied indexto:(t:0, i:~)
2023-09-07 04:48:25,159 [b1275f2d-39ad-471b-b40b-6b5e810ed750-groupManagement] INFO  server.RaftServerConfigKeys (ConfUtils.java:logGet(46)) - raft.server.log.use.memory = false (default)
2023-09-07 04:48:25,159 [b1275f2d-39ad-471b-b40b-6b5e810ed750-groupManagement] INFO  server.RaftServerConfigKeys (ConfUtils.java:logGet(46)) - raft.server.log.purge.gap = 1000000 (custom)
2023-09-07 04:48:25,159 [b1275f2d-39ad-471b-b40b-6b5e810ed750-groupManagement] INFO  server.RaftServerConfigKeys (ConfUtils.java:logGet(46)) - raft.server.log.appender.buffer.byte-limit = 33554432 (custom)
2023-09-07 04:48:25,159 [b1275f2d-39ad-471b-b40b-6b5e810ed750-groupManagement] INFO  server.RaftServerConfigKeys (ConfUtils.java:logGet(46)) - raft.server.log.statemachine.data.read.timeout = 1000ms (default)
2023-09-07 04:48:25,160 [b1275f2d-39ad-471b-b40b-6b5e810ed750-groupManagement] INFO  server.RaftServerConfigKeys (ConfUtils.java:logGet(46)) - raft.server.log.purge.preservation.log.num = 0 (default)
2023-09-07 04:48:25,160 [b1275f2d-39ad-471b-b40b-6b5e810ed750-groupManagement] INFO  server.RaftServerConfigKeys (ConfUtils.java:logGet(46)) - raft.server.log.segment.size.max = 1048576 (custom)
2023-09-07 04:48:25,160 [b1275f2d-39ad-471b-b40b-6b5e810ed750-groupManagement] INFO  server.RaftServerConfigKeys (ConfUtils.java:logGet(46)) - raft.server.log.segment.cache.num.max = 2 (custom)
2023-09-07 04:48:25,160 [b1275f2d-39ad-471b-b40b-6b5e810ed750-groupManagement] INFO  server.RaftServerConfigKeys (ConfUtils.java:logGet(46)) - raft.server.log.segment.cache.size.max = 200MB (=209715200) (default)
2023-09-07 04:48:25,160 [b1275f2d-39ad-471b-b40b-6b5e810ed750-groupManagement] INFO  server.RaftServerConfigKeys (ConfUtils.java:logGet(46)) - raft.server.log.appender.buffer.byte-limit = 33554432 (custom)
2023-09-07 04:48:25,161 [b1275f2d-39ad-471b-b40b-6b5e810ed750-groupManagement] INFO  segmented.SegmentedRaftLogWorker (SegmentedRaftLogWorker.java:<init>(188)) - new b1275f2d-39ad-471b-b40b-6b5e810ed750@group-3A85F9A1A5BA-SegmentedRaftLogWorker for RaftStorageImpl:Storage Directory /home/runner/work/ozone/ozone/hadoop-ozone/integration-test/target/test-dir/MiniOzoneClusterImpl-34c981b6-280a-47ca-b885-362eca6d2b46/datanode-1/data/ratis/6ed50375-2729-40d1-b063-3a85f9a1a5ba
2023-09-07 04:48:25,161 [b1275f2d-39ad-471b-b40b-6b5e810ed750-groupManagement] INFO  server.RaftServerConfigKeys (ConfUtils.java:logGet(46)) - raft.server.log.queue.byte-limit = 4294967296 (custom)
2023-09-07 04:48:25,161 [b1275f2d-39ad-471b-b40b-6b5e810ed750-groupManagement] INFO  server.RaftServerConfigKeys (ConfUtils.java:logGet(46)) - raft.server.log.queue.element-limit = 1024 (custom)
2023-09-07 04:48:25,161 [b1275f2d-39ad-471b-b40b-6b5e810ed750-groupManagement] INFO  server.RaftServerConfigKeys (ConfUtils.java:logGet(46)) - raft.server.log.segment.size.max = 1048576 (custom)
2023-09-07 04:48:25,161 [b1275f2d-39ad-471b-b40b-6b5e810ed750-groupManagement] INFO  server.RaftServerConfigKeys (ConfUtils.java:logGet(46)) - raft.server.log.preallocated.size = 16384 (custom)
2023-09-07 04:48:25,161 [b1275f2d-39ad-471b-b40b-6b5e810ed750-groupManagement] INFO  server.RaftServerConfigKeys (ConfUtils.java:logGet(46)) - raft.server.log.force.sync.num = 128 (default)
2023-09-07 04:48:25,161 [b1275f2d-39ad-471b-b40b-6b5e810ed750-groupManagement] INFO  server.RaftServerConfigKeys (ConfUtils.java:logGet(46)) - raft.server.log.statemachine.data.sync = true (default)
2023-09-07 04:48:25,161 [b1275f2d-39ad-471b-b40b-6b5e810ed750-groupManagement] INFO  server.RaftServerConfigKeys (ConfUtils.java:logGet(46)) - raft.server.log.statemachine.data.sync.timeout = 10s (default)
2023-09-07 04:48:25,161 [b1275f2d-39ad-471b-b40b-6b5e810ed750-groupManagement] INFO  server.RaftServerConfigKeys (ConfUtils.java:logGet(46)) - raft.server.log.statemachine.data.sync.timeout.retry = -1 (default)
2023-09-07 04:48:25,162 [b1275f2d-39ad-471b-b40b-6b5e810ed750-groupManagement] INFO  server.RaftServerConfigKeys (ConfUtils.java:logGet(46)) - raft.server.log.write.buffer.size = 1048576 (custom)
2023-09-07 04:48:25,163 [b1275f2d-39ad-471b-b40b-6b5e810ed750-groupManagement] INFO  server.RaftServerConfigKeys (ConfUtils.java:logGet(46)) - raft.server.log.appender.buffer.byte-limit = 33554432 (custom)
2023-09-07 04:48:25,170 [b1275f2d-39ad-471b-b40b-6b5e810ed750-groupManagement] INFO  server.RaftServerConfigKeys (ConfUtils.java:logGet(46)) - raft.server.log.unsafe-flush.enabled = false (default)
2023-09-07 04:48:25,170 [b1275f2d-39ad-471b-b40b-6b5e810ed750-groupManagement] INFO  server.RaftServerConfigKeys (ConfUtils.java:logGet(46)) - raft.server.log.async-flush.enabled = false (default)
2023-09-07 04:48:25,170 [b1275f2d-39ad-471b-b40b-6b5e810ed750-groupManagement] INFO  server.RaftServerConfigKeys (ConfUtils.java:logGet(46)) - raft.server.log.statemachine.data.caching.enabled = true (custom)
2023-09-07 04:48:25,171 [EventQueue-OpenPipelineForHealthyPipelineSafeModeRule] INFO  safemode.SCMSafeModeManager (HealthyPipelineSafeModeRule.java:process(137)) - SCM in safe mode. Healthy pipelines reported count is 0, required healthy pipeline reported count is 1
2023-09-07 04:48:25,173 [b1275f2d-39ad-471b-b40b-6b5e810ed750-groupManagement] INFO  segmented.SegmentedRaftLogWorker (SegmentedRaftLogWorker.java:lambda$new$0(135)) - b1275f2d-39ad-471b-b40b-6b5e810ed750@group-3A85F9A1A5BA-SegmentedRaftLogWorker: flushIndex: setUnconditionally 0 -> -1
2023-09-07 04:48:25,173 [b1275f2d-39ad-471b-b40b-6b5e810ed750-groupManagement] INFO  segmented.SegmentedRaftLogWorker (SegmentedRaftLogWorker.java:lambda$new$0(135)) - b1275f2d-39ad-471b-b40b-6b5e810ed750@group-3A85F9A1A5BA-SegmentedRaftLogWorker: safeCacheEvictIndex: setUnconditionally 0 -> -1
2023-09-07 04:48:25,173 [b1275f2d-39ad-471b-b40b-6b5e810ed750-groupManagement] INFO  server.RaftServer$Division (RaftServerImpl.java:start(342)) - b1275f2d-39ad-471b-b40b-6b5e810ed750@group-3A85F9A1A5BA: start as a follower, conf=-1: peers:[0eb6895c-dd30-4da0-bb92-00e2e7e9df9f|rpc:10.1.0.9:15032|admin:10.1.0.9:15031|client:10.1.0.9:15030|dataStream:10.1.0.9:15033|priority:0|startupRole:FOLLOWER, 8c6092c3-8da2-4ae2-b503-635dac77af5e|rpc:10.1.0.9:15014|admin:10.1.0.9:15013|client:10.1.0.9:15012|dataStream:10.1.0.9:15015|priority:0|startupRole:FOLLOWER, b1275f2d-39ad-471b-b40b-6b5e810ed750|rpc:10.1.0.9:15023|admin:10.1.0.9:15022|client:10.1.0.9:15021|dataStream:10.1.0.9:15024|priority:1|startupRole:FOLLOWER]|listeners:[], old=null
2023-09-07 04:48:25,173 [b1275f2d-39ad-471b-b40b-6b5e810ed750-groupManagement] INFO  server.RaftServer$Division (RaftServerImpl.java:setRole(329)) - b1275f2d-39ad-471b-b40b-6b5e810ed750@group-3A85F9A1A5BA: changes role from      null to FOLLOWER at term 0 for startAsFollower
2023-09-07 04:48:25,173 [b1275f2d-39ad-471b-b40b-6b5e810ed750-groupManagement] INFO  impl.RoleInfo (RoleInfo.java:updateAndGet(139)) - b1275f2d-39ad-471b-b40b-6b5e810ed750: start b1275f2d-39ad-471b-b40b-6b5e810ed750@group-3A85F9A1A5BA-FollowerState
2023-09-07 04:48:25,174 [b1275f2d-39ad-471b-b40b-6b5e810ed750-groupManagement] INFO  util.JmxRegister (JmxRegister.java:tryRegister(44)) - Successfully registered JMX Bean with object name Ratis:service=RaftServer,group=group-3A85F9A1A5BA,id=b1275f2d-39ad-471b-b40b-6b5e810ed750
2023-09-07 04:48:25,174 [b1275f2d-39ad-471b-b40b-6b5e810ed750-groupManagement] INFO  server.RaftServerConfigKeys (ConfUtils.java:logGet(46)) - raft.server.snapshot.auto.trigger.enabled = true (custom)
2023-09-07 04:48:25,174 [b1275f2d-39ad-471b-b40b-6b5e810ed750-groupManagement] INFO  server.RaftServerConfigKeys (ConfUtils.java:logGet(46)) - raft.server.snapshot.auto.trigger.threshold = 10000 (custom)
2023-09-07 04:48:25,174 [b1275f2d-39ad-471b-b40b-6b5e810ed750-groupManagement] INFO  server.RaftServerConfigKeys (ConfUtils.java:logGet(46)) - raft.server.snapshot.retention.file.num = 5 (custom)
2023-09-07 04:48:25,174 [b1275f2d-39ad-471b-b40b-6b5e810ed750-groupManagement] INFO  server.RaftServerConfigKeys (ConfUtils.java:logGet(46)) - raft.server.log.purge.upto.snapshot.index = false (default)
2023-09-07 04:48:25,175 [b1275f2d-39ad-471b-b40b-6b5e810ed750@group-3A85F9A1A5BA-FollowerState] INFO  server.RaftServerConfigKeys (ConfUtils.java:logFallback(53)) - raft.server.rpc.first-election.timeout.min = 5s (fallback to raft.server.rpc.timeout.min)
2023-09-07 04:48:25,191 [b1275f2d-39ad-471b-b40b-6b5e810ed750@group-3A85F9A1A5BA-FollowerState] INFO  server.RaftServerConfigKeys (ConfUtils.java:logFallback(53)) - raft.server.rpc.first-election.timeout.max = 5200ms (fallback to raft.server.rpc.timeout.max)
2023-09-07 04:48:25,195 [PipelineCommandHandlerThread-0] INFO  commandhandler.CreatePipelineCommandHandler (CreatePipelineCommandHandler.java:lambda$handle$2(124)) - Created Pipeline RATIS THREE PipelineID=f40bc65f-aff4-4ed1-a5ea-27e939994e1f.
2023-09-07 04:48:25,212 [PipelineCommandHandlerThread-0] INFO  server.RaftServer (RaftServerProxy.java:addNew(98)) - 9a8052bd-f999-4b9a-a28f-6b7dccc3d848: addNew group-2CD1A74F930C:[9a8052bd-f999-4b9a-a28f-6b7dccc3d848|rpc:10.1.0.9:15041|admin:10.1.0.9:15040|client:10.1.0.9:15039|dataStream:10.1.0.9:15042|priority:1|startupRole:FOLLOWER] returns group-2CD1A74F930C:java.util.concurrent.CompletableFuture@13d13977[Not completed]
2023-09-07 04:48:25,218 [9a8052bd-f999-4b9a-a28f-6b7dccc3d848-groupManagement] INFO  server.RaftServer$Division (RaftServerImpl.java:<init>(198)) - 9a8052bd-f999-4b9a-a28f-6b7dccc3d848: new RaftServerImpl for group-2CD1A74F930C:[9a8052bd-f999-4b9a-a28f-6b7dccc3d848|rpc:10.1.0.9:15041|admin:10.1.0.9:15040|client:10.1.0.9:15039|dataStream:10.1.0.9:15042|priority:1|startupRole:FOLLOWER] with ContainerStateMachine:uninitialized
2023-09-07 04:48:25,219 [9a8052bd-f999-4b9a-a28f-6b7dccc3d848-groupManagement] INFO  server.RaftServerConfigKeys (ConfUtils.java:logGet(46)) - raft.server.rpc.timeout.min = 5s (custom)
2023-09-07 04:48:25,219 [9a8052bd-f999-4b9a-a28f-6b7dccc3d848-groupManagement] INFO  server.RaftServerConfigKeys (ConfUtils.java:logGet(46)) - raft.server.rpc.timeout.max = 5200ms (custom)
2023-09-07 04:48:25,219 [9a8052bd-f999-4b9a-a28f-6b7dccc3d848-groupManagement] INFO  server.RaftServerConfigKeys (ConfUtils.java:logGet(46)) - raft.server.rpc.sleep.time = 25ms (default)
2023-09-07 04:48:25,219 [9a8052bd-f999-4b9a-a28f-6b7dccc3d848-groupManagement] INFO  server.RaftServerConfigKeys (ConfUtils.java:logGet(46)) - raft.server.rpc.slowness.timeout = 300s (custom)
2023-09-07 04:48:25,219 [9a8052bd-f999-4b9a-a28f-6b7dccc3d848-groupManagement] INFO  server.RaftServerConfigKeys (ConfUtils.java:logGet(46)) - raft.server.leaderelection.leader.step-down.wait-time = 10s (default)
2023-09-07 04:48:25,219 [9a8052bd-f999-4b9a-a28f-6b7dccc3d848-groupManagement] INFO  server.RaftServerConfigKeys (ConfUtils.java:logGet(46)) - raft.server.sleep.deviation.threshold = 300ms (default)
2023-09-07 04:48:25,219 [9a8052bd-f999-4b9a-a28f-6b7dccc3d848-groupManagement] INFO  server.RaftServer$Division (ServerState.java:<init>(120)) - 9a8052bd-f999-4b9a-a28f-6b7dccc3d848@group-2CD1A74F930C: ConfigurationManager, init=-1: peers:[9a8052bd-f999-4b9a-a28f-6b7dccc3d848|rpc:10.1.0.9:15041|admin:10.1.0.9:15040|client:10.1.0.9:15039|dataStream:10.1.0.9:15042|priority:1|startupRole:FOLLOWER]|listeners:[], old=null, confs=<EMPTY_MAP>
2023-09-07 04:48:25,219 [9a8052bd-f999-4b9a-a28f-6b7dccc3d848-groupManagement] INFO  server.RaftServerConfigKeys (ConfUtils.java:logGet(46)) - raft.server.storage.dir = [/home/runner/work/ozone/ozone/hadoop-ozone/integration-test/target/test-dir/MiniOzoneClusterImpl-34c981b6-280a-47ca-b885-362eca6d2b46/datanode-3/data/ratis] (custom)
2023-09-07 04:48:25,219 [9a8052bd-f999-4b9a-a28f-6b7dccc3d848-groupManagement] INFO  server.RaftServerConfigKeys (ConfUtils.java:logGet(46)) - raft.server.log.corruption.policy = EXCEPTION (default)
2023-09-07 04:48:25,220 [9a8052bd-f999-4b9a-a28f-6b7dccc3d848-groupManagement] INFO  server.RaftServerConfigKeys (ConfUtils.java:logGet(46)) - raft.server.storage.free-space.min = 0MB (=0) (default)
2023-09-07 04:48:25,220 [9a8052bd-f999-4b9a-a28f-6b7dccc3d848-groupManagement] INFO  server.RaftServerConfigKeys (ConfUtils.java:logGet(46)) - raft.server.notification.no-leader.timeout = 300s (custom)
2023-09-07 04:48:25,220 [9a8052bd-f999-4b9a-a28f-6b7dccc3d848-groupManagement] INFO  server.RaftServerConfigKeys (ConfUtils.java:logGet(46)) - raft.server.read.timeout = 10s (default)
2023-09-07 04:48:25,220 [9a8052bd-f999-4b9a-a28f-6b7dccc3d848-groupManagement] INFO  server.RaftServerConfigKeys (ConfUtils.java:logGet(46)) - raft.server.retrycache.expirytime = 600000ms (custom)
2023-09-07 04:48:25,220 [9a8052bd-f999-4b9a-a28f-6b7dccc3d848-groupManagement] INFO  server.RaftServerConfigKeys (ConfUtils.java:logGet(46)) - raft.server.retrycache.statistics.expirytime = 100μs (default)
2023-09-07 04:48:25,220 [9a8052bd-f999-4b9a-a28f-6b7dccc3d848-groupManagement] INFO  server.RaftServerConfigKeys (ConfUtils.java:logGet(46)) - raft.server.read.option = DEFAULT (default)
2023-09-07 04:48:25,222 [9a8052bd-f999-4b9a-a28f-6b7dccc3d848-groupManagement] INFO  server.RaftServerConfigKeys (ConfUtils.java:logGet(46)) - raft.server.rpc.request.timeout = 60s (custom)
2023-09-07 04:48:25,222 [9a8052bd-f999-4b9a-a28f-6b7dccc3d848-groupManagement] INFO  server.RaftServerConfigKeys (ConfUtils.java:logGet(46)) - raft.server.log.appender.install.snapshot.enabled = false (custom)
2023-09-07 04:48:25,222 [9a8052bd-f999-4b9a-a28f-6b7dccc3d848-groupManagement] INFO  server.RaftServerConfigKeys (ConfUtils.java:logGet(46)) - raft.server.threadpool.server.cached = true (default)
2023-09-07 04:48:25,222 [9a8052bd-f999-4b9a-a28f-6b7dccc3d848-groupManagement] INFO  server.RaftServerConfigKeys (ConfUtils.java:logGet(46)) - raft.server.threadpool.server.size = 0 (default)
2023-09-07 04:48:25,222 [9a8052bd-f999-4b9a-a28f-6b7dccc3d848-groupManagement] INFO  server.RaftServerConfigKeys (ConfUtils.java:logGet(46)) - raft.server.threadpool.client.cached = true (default)
2023-09-07 04:48:25,222 [9a8052bd-f999-4b9a-a28f-6b7dccc3d848-groupManagement] INFO  server.RaftServerConfigKeys (ConfUtils.java:logGet(46)) - raft.server.threadpool.client.size = 0 (default)
2023-09-07 04:48:25,222 [9a8052bd-f999-4b9a-a28f-6b7dccc3d848-groupManagement] INFO  storage.RaftStorageDirectory (RaftStorageDirectoryImpl.java:analyzeStorage(137)) - The storage directory /home/runner/work/ozone/ozone/hadoop-ozone/integration-test/target/test-dir/MiniOzoneClusterImpl-34c981b6-280a-47ca-b885-362eca6d2b46/datanode-3/data/ratis/59aa4d8d-0b9d-40dc-9f6d-2cd1a74f930c does not exist. Creating ...
2023-09-07 04:48:25,224 [9a8052bd-f999-4b9a-a28f-6b7dccc3d848-groupManagement] INFO  storage.RaftStorageDirectory (RaftStorageDirectoryImpl.java:tryLock(231)) - Lock on /home/runner/work/ozone/ozone/hadoop-ozone/integration-test/target/test-dir/MiniOzoneClusterImpl-34c981b6-280a-47ca-b885-362eca6d2b46/datanode-3/data/ratis/59aa4d8d-0b9d-40dc-9f6d-2cd1a74f930c/in_use.lock acquired by nodename 7593@fv-az163-854
2023-09-07 04:48:25,238 [9a8052bd-f999-4b9a-a28f-6b7dccc3d848-groupManagement] INFO  storage.RaftStorage (RaftStorageImpl.java:format(96)) - Storage directory /home/runner/work/ozone/ozone/hadoop-ozone/integration-test/target/test-dir/MiniOzoneClusterImpl-34c981b6-280a-47ca-b885-362eca6d2b46/datanode-3/data/ratis/59aa4d8d-0b9d-40dc-9f6d-2cd1a74f930c has been successfully formatted.
2023-09-07 04:48:25,241 [9a8052bd-f999-4b9a-a28f-6b7dccc3d848-groupManagement] INFO  ratis.ContainerStateMachine (ContainerStateMachine.java:loadSnapshot(262)) - group-2CD1A74F930C: The snapshot info is null. Setting the last applied indexto:(t:0, i:~)
2023-09-07 04:48:25,241 [9a8052bd-f999-4b9a-a28f-6b7dccc3d848-groupManagement] INFO  server.RaftServerConfigKeys (ConfUtils.java:logGet(46)) - raft.server.log.use.memory = false (default)
2023-09-07 04:48:25,242 [9a8052bd-f999-4b9a-a28f-6b7dccc3d848-groupManagement] INFO  server.RaftServerConfigKeys (ConfUtils.java:logGet(46)) - raft.server.log.purge.gap = 1000000 (custom)
2023-09-07 04:48:25,242 [9a8052bd-f999-4b9a-a28f-6b7dccc3d848-groupManagement] INFO  server.RaftServerConfigKeys (ConfUtils.java:logGet(46)) - raft.server.log.appender.buffer.byte-limit = 33554432 (custom)
2023-09-07 04:48:25,248 [EventQueue-PipelineReportForPipelineReportHandler] INFO  pipeline.PipelineReportHandler (PipelineReportHandler.java:processPipelineReport(136)) - Opened pipeline PipelineID=59aa4d8d-0b9d-40dc-9f6d-2cd1a74f930c
2023-09-07 04:48:25,248 [EventQueue-OpenPipelineForHealthyPipelineSafeModeRule] INFO  safemode.SCMSafeModeManager (HealthyPipelineSafeModeRule.java:process(137)) - SCM in safe mode. Healthy pipelines reported count is 0, required healthy pipeline reported count is 1
2023-09-07 04:48:25,257 [9a8052bd-f999-4b9a-a28f-6b7dccc3d848-groupManagement] INFO  server.RaftServerConfigKeys (ConfUtils.java:logGet(46)) - raft.server.log.statemachine.data.read.timeout = 1000ms (default)
2023-09-07 04:48:25,257 [9a8052bd-f999-4b9a-a28f-6b7dccc3d848-groupManagement] INFO  server.RaftServerConfigKeys (ConfUtils.java:logGet(46)) - raft.server.log.purge.preservation.log.num = 0 (default)
2023-09-07 04:48:25,257 [9a8052bd-f999-4b9a-a28f-6b7dccc3d848-groupManagement] INFO  server.RaftServerConfigKeys (ConfUtils.java:logGet(46)) - raft.server.log.segment.size.max = 1048576 (custom)
2023-09-07 04:48:25,258 [9a8052bd-f999-4b9a-a28f-6b7dccc3d848-groupManagement] INFO  server.RaftServerConfigKeys (ConfUtils.java:logGet(46)) - raft.server.log.segment.cache.num.max = 2 (custom)
2023-09-07 04:48:25,258 [9a8052bd-f999-4b9a-a28f-6b7dccc3d848-groupManagement] INFO  server.RaftServerConfigKeys (ConfUtils.java:logGet(46)) - raft.server.log.segment.cache.size.max = 200MB (=209715200) (default)
2023-09-07 04:48:25,258 [9a8052bd-f999-4b9a-a28f-6b7dccc3d848-groupManagement] INFO  server.RaftServerConfigKeys (ConfUtils.java:logGet(46)) - raft.server.log.appender.buffer.byte-limit = 33554432 (custom)
2023-09-07 04:48:25,258 [9a8052bd-f999-4b9a-a28f-6b7dccc3d848-groupManagement] INFO  segmented.SegmentedRaftLogWorker (SegmentedRaftLogWorker.java:<init>(188)) - new 9a8052bd-f999-4b9a-a28f-6b7dccc3d848@group-2CD1A74F930C-SegmentedRaftLogWorker for RaftStorageImpl:Storage Directory /home/runner/work/ozone/ozone/hadoop-ozone/integration-test/target/test-dir/MiniOzoneClusterImpl-34c981b6-280a-47ca-b885-362eca6d2b46/datanode-3/data/ratis/59aa4d8d-0b9d-40dc-9f6d-2cd1a74f930c
2023-09-07 04:48:25,258 [9a8052bd-f999-4b9a-a28f-6b7dccc3d848-groupManagement] INFO  server.RaftServerConfigKeys (ConfUtils.java:logGet(46)) - raft.server.log.queue.byte-limit = 4294967296 (custom)
2023-09-07 04:48:25,258 [9a8052bd-f999-4b9a-a28f-6b7dccc3d848-groupManagement] INFO  server.RaftServerConfigKeys (ConfUtils.java:logGet(46)) - raft.server.log.queue.element-limit = 1024 (custom)
2023-09-07 04:48:25,258 [9a8052bd-f999-4b9a-a28f-6b7dccc3d848-groupManagement] INFO  server.RaftServerConfigKeys (ConfUtils.java:logGet(46)) - raft.server.log.segment.size.max = 1048576 (custom)
2023-09-07 04:48:25,258 [9a8052bd-f999-4b9a-a28f-6b7dccc3d848-groupManagement] INFO  server.RaftServerConfigKeys (ConfUtils.java:logGet(46)) - raft.server.log.preallocated.size = 16384 (custom)
2023-09-07 04:48:25,258 [9a8052bd-f999-4b9a-a28f-6b7dccc3d848-groupManagement] INFO  server.RaftServerConfigKeys (ConfUtils.java:logGet(46)) - raft.server.log.force.sync.num = 128 (default)
2023-09-07 04:48:25,258 [9a8052bd-f999-4b9a-a28f-6b7dccc3d848-groupManagement] INFO  server.RaftServerConfigKeys (ConfUtils.java:logGet(46)) - raft.server.log.statemachine.data.sync = true (default)
2023-09-07 04:48:25,258 [9a8052bd-f999-4b9a-a28f-6b7dccc3d848-groupManagement] INFO  server.RaftServerConfigKeys (ConfUtils.java:logGet(46)) - raft.server.log.statemachine.data.sync.timeout = 10s (default)
2023-09-07 04:48:25,259 [9a8052bd-f999-4b9a-a28f-6b7dccc3d848-groupManagement] INFO  server.RaftServerConfigKeys (ConfUtils.java:logGet(46)) - raft.server.log.statemachine.data.sync.timeout.retry = -1 (default)
2023-09-07 04:48:25,259 [9a8052bd-f999-4b9a-a28f-6b7dccc3d848-groupManagement] INFO  server.RaftServerConfigKeys (ConfUtils.java:logGet(46)) - raft.server.log.write.buffer.size = 1048576 (custom)
2023-09-07 04:48:25,260 [9a8052bd-f999-4b9a-a28f-6b7dccc3d848-groupManagement] INFO  server.RaftServerConfigKeys (ConfUtils.java:logGet(46)) - raft.server.log.appender.buffer.byte-limit = 33554432 (custom)
2023-09-07 04:48:25,267 [9a8052bd-f999-4b9a-a28f-6b7dccc3d848-groupManagement] INFO  server.RaftServerConfigKeys (ConfUtils.java:logGet(46)) - raft.server.log.unsafe-flush.enabled = false (default)
2023-09-07 04:48:25,267 [9a8052bd-f999-4b9a-a28f-6b7dccc3d848-groupManagement] INFO  server.RaftServerConfigKeys (ConfUtils.java:logGet(46)) - raft.server.log.async-flush.enabled = false (default)
2023-09-07 04:48:25,267 [9a8052bd-f999-4b9a-a28f-6b7dccc3d848-groupManagement] INFO  server.RaftServerConfigKeys (ConfUtils.java:logGet(46)) - raft.server.log.statemachine.data.caching.enabled = true (custom)
2023-09-07 04:48:25,267 [9a8052bd-f999-4b9a-a28f-6b7dccc3d848-groupManagement] INFO  segmented.SegmentedRaftLogWorker (SegmentedRaftLogWorker.java:lambda$new$0(135)) - 9a8052bd-f999-4b9a-a28f-6b7dccc3d848@group-2CD1A74F930C-SegmentedRaftLogWorker: flushIndex: setUnconditionally 0 -> -1
2023-09-07 04:48:25,267 [9a8052bd-f999-4b9a-a28f-6b7dccc3d848-groupManagement] INFO  segmented.SegmentedRaftLogWorker (SegmentedRaftLogWorker.java:lambda$new$0(135)) - 9a8052bd-f999-4b9a-a28f-6b7dccc3d848@group-2CD1A74F930C-SegmentedRaftLogWorker: safeCacheEvictIndex: setUnconditionally 0 -> -1
2023-09-07 04:48:25,268 [9a8052bd-f999-4b9a-a28f-6b7dccc3d848-groupManagement] INFO  server.RaftServer$Division (RaftServerImpl.java:start(342)) - 9a8052bd-f999-4b9a-a28f-6b7dccc3d848@group-2CD1A74F930C: start as a follower, conf=-1: peers:[9a8052bd-f999-4b9a-a28f-6b7dccc3d848|rpc:10.1.0.9:15041|admin:10.1.0.9:15040|client:10.1.0.9:15039|dataStream:10.1.0.9:15042|priority:1|startupRole:FOLLOWER]|listeners:[], old=null
2023-09-07 04:48:25,271 [9a8052bd-f999-4b9a-a28f-6b7dccc3d848-groupManagement] INFO  server.RaftServer$Division (RaftServerImpl.java:setRole(329)) - 9a8052bd-f999-4b9a-a28f-6b7dccc3d848@group-2CD1A74F930C: changes role from      null to FOLLOWER at term 0 for startAsFollower
2023-09-07 04:48:25,271 [9a8052bd-f999-4b9a-a28f-6b7dccc3d848-groupManagement] INFO  impl.RoleInfo (RoleInfo.java:updateAndGet(139)) - 9a8052bd-f999-4b9a-a28f-6b7dccc3d848: start 9a8052bd-f999-4b9a-a28f-6b7dccc3d848@group-2CD1A74F930C-FollowerState
2023-09-07 04:48:25,273 [9a8052bd-f999-4b9a-a28f-6b7dccc3d848-groupManagement] INFO  util.JmxRegister (JmxRegister.java:tryRegister(44)) - Successfully registered JMX Bean with object name Ratis:service=RaftServer,group=group-2CD1A74F930C,id=9a8052bd-f999-4b9a-a28f-6b7dccc3d848
2023-09-07 04:48:25,274 [9a8052bd-f999-4b9a-a28f-6b7dccc3d848-groupManagement] INFO  server.RaftServerConfigKeys (ConfUtils.java:logGet(46)) - raft.server.snapshot.auto.trigger.enabled = true (custom)
2023-09-07 04:48:25,274 [9a8052bd-f999-4b9a-a28f-6b7dccc3d848-groupManagement] INFO  server.RaftServerConfigKeys (ConfUtils.java:logGet(46)) - raft.server.snapshot.auto.trigger.threshold = 10000 (custom)
2023-09-07 04:48:25,274 [9a8052bd-f999-4b9a-a28f-6b7dccc3d848-groupManagement] INFO  server.RaftServerConfigKeys (ConfUtils.java:logGet(46)) - raft.server.snapshot.retention.file.num = 5 (custom)
2023-09-07 04:48:25,274 [9a8052bd-f999-4b9a-a28f-6b7dccc3d848-groupManagement] INFO  server.RaftServerConfigKeys (ConfUtils.java:logGet(46)) - raft.server.log.purge.upto.snapshot.index = false (default)
2023-09-07 04:48:25,275 [9a8052bd-f999-4b9a-a28f-6b7dccc3d848@group-2CD1A74F930C-FollowerState] INFO  server.RaftServerConfigKeys (ConfUtils.java:logFallback(53)) - raft.server.rpc.first-election.timeout.min = 5s (fallback to raft.server.rpc.timeout.min)
2023-09-07 04:48:25,275 [9a8052bd-f999-4b9a-a28f-6b7dccc3d848@group-2CD1A74F930C-FollowerState] INFO  server.RaftServerConfigKeys (ConfUtils.java:logFallback(53)) - raft.server.rpc.first-election.timeout.max = 5200ms (fallback to raft.server.rpc.timeout.max)
2023-09-07 04:48:25,281 [PipelineCommandHandlerThread-0] INFO  ratis.XceiverServerRatis (XceiverServerRatis.java:addGroup(804)) - Created group PipelineID=59aa4d8d-0b9d-40dc-9f6d-2cd1a74f930c
2023-09-07 04:48:25,281 [PipelineCommandHandlerThread-0] INFO  commandhandler.CreatePipelineCommandHandler (CreatePipelineCommandHandler.java:lambda$handle$2(124)) - Created Pipeline RATIS ONE PipelineID=59aa4d8d-0b9d-40dc-9f6d-2cd1a74f930c.
2023-09-07 04:48:25,282 [grpc-default-executor-0] INFO  server.RaftServer (RaftServerProxy.java:addNew(98)) - 8c6092c3-8da2-4ae2-b503-635dac77af5e: addNew group-3A85F9A1A5BA:[0eb6895c-dd30-4da0-bb92-00e2e7e9df9f|rpc:10.1.0.9:15032|admin:10.1.0.9:15031|client:10.1.0.9:15030|dataStream:10.1.0.9:15033|priority:0|startupRole:FOLLOWER, 8c6092c3-8da2-4ae2-b503-635dac77af5e|rpc:10.1.0.9:15014|admin:10.1.0.9:15013|client:10.1.0.9:15012|dataStream:10.1.0.9:15015|priority:0|startupRole:FOLLOWER, b1275f2d-39ad-471b-b40b-6b5e810ed750|rpc:10.1.0.9:15023|admin:10.1.0.9:15022|client:10.1.0.9:15021|dataStream:10.1.0.9:15024|priority:1|startupRole:FOLLOWER] returns group-3A85F9A1A5BA:java.util.concurrent.CompletableFuture@3aef20a[Not completed]
2023-09-07 04:48:25,283 [PipelineCommandHandlerThread-0] INFO  commandhandler.CreatePipelineCommandHandler (CreatePipelineCommandHandler.java:lambda$handle$2(124)) - Created Pipeline RATIS THREE PipelineID=f40bc65f-aff4-4ed1-a5ea-27e939994e1f.
2023-09-07 04:48:25,284 [8c6092c3-8da2-4ae2-b503-635dac77af5e-groupManagement] INFO  server.RaftServer$Division (RaftServerImpl.java:<init>(198)) - 8c6092c3-8da2-4ae2-b503-635dac77af5e: new RaftServerImpl for group-3A85F9A1A5BA:[0eb6895c-dd30-4da0-bb92-00e2e7e9df9f|rpc:10.1.0.9:15032|admin:10.1.0.9:15031|client:10.1.0.9:15030|dataStream:10.1.0.9:15033|priority:0|startupRole:FOLLOWER, 8c6092c3-8da2-4ae2-b503-635dac77af5e|rpc:10.1.0.9:15014|admin:10.1.0.9:15013|client:10.1.0.9:15012|dataStream:10.1.0.9:15015|priority:0|startupRole:FOLLOWER, b1275f2d-39ad-471b-b40b-6b5e810ed750|rpc:10.1.0.9:15023|admin:10.1.0.9:15022|client:10.1.0.9:15021|dataStream:10.1.0.9:15024|priority:1|startupRole:FOLLOWER] with ContainerStateMachine:uninitialized
2023-09-07 04:48:25,286 [8c6092c3-8da2-4ae2-b503-635dac77af5e-groupManagement] INFO  server.RaftServerConfigKeys (ConfUtils.java:logGet(46)) - raft.server.rpc.timeout.min = 5s (custom)
2023-09-07 04:48:25,286 [8c6092c3-8da2-4ae2-b503-635dac77af5e-groupManagement] INFO  server.RaftServerConfigKeys (ConfUtils.java:logGet(46)) - raft.server.rpc.timeout.max = 5200ms (custom)
2023-09-07 04:48:25,286 [8c6092c3-8da2-4ae2-b503-635dac77af5e-groupManagement] INFO  server.RaftServerConfigKeys (ConfUtils.java:logGet(46)) - raft.server.rpc.sleep.time = 25ms (default)
2023-09-07 04:48:25,286 [8c6092c3-8da2-4ae2-b503-635dac77af5e-groupManagement] INFO  server.RaftServerConfigKeys (ConfUtils.java:logGet(46)) - raft.server.rpc.slowness.timeout = 300s (custom)
2023-09-07 04:48:25,286 [8c6092c3-8da2-4ae2-b503-635dac77af5e-groupManagement] INFO  server.RaftServerConfigKeys (ConfUtils.java:logGet(46)) - raft.server.leaderelection.leader.step-down.wait-time = 10s (default)
2023-09-07 04:48:25,286 [8c6092c3-8da2-4ae2-b503-635dac77af5e-groupManagement] INFO  server.RaftServerConfigKeys (ConfUtils.java:logGet(46)) - raft.server.sleep.deviation.threshold = 300ms (default)
2023-09-07 04:48:25,286 [8c6092c3-8da2-4ae2-b503-635dac77af5e-groupManagement] INFO  server.RaftServer$Division (ServerState.java:<init>(120)) - 8c6092c3-8da2-4ae2-b503-635dac77af5e@group-3A85F9A1A5BA: ConfigurationManager, init=-1: peers:[0eb6895c-dd30-4da0-bb92-00e2e7e9df9f|rpc:10.1.0.9:15032|admin:10.1.0.9:15031|client:10.1.0.9:15030|dataStream:10.1.0.9:15033|priority:0|startupRole:FOLLOWER, 8c6092c3-8da2-4ae2-b503-635dac77af5e|rpc:10.1.0.9:15014|admin:10.1.0.9:15013|client:10.1.0.9:15012|dataStream:10.1.0.9:15015|priority:0|startupRole:FOLLOWER, b1275f2d-39ad-471b-b40b-6b5e810ed750|rpc:10.1.0.9:15023|admin:10.1.0.9:15022|client:10.1.0.9:15021|dataStream:10.1.0.9:15024|priority:1|startupRole:FOLLOWER]|listeners:[], old=null, confs=<EMPTY_MAP>
2023-09-07 04:48:25,286 [8c6092c3-8da2-4ae2-b503-635dac77af5e-groupManagement] INFO  server.RaftServerConfigKeys (ConfUtils.java:logGet(46)) - raft.server.storage.dir = [/home/runner/work/ozone/ozone/hadoop-ozone/integration-test/target/test-dir/MiniOzoneClusterImpl-34c981b6-280a-47ca-b885-362eca6d2b46/datanode-0/data/ratis] (custom)
2023-09-07 04:48:25,287 [8c6092c3-8da2-4ae2-b503-635dac77af5e-groupManagement] INFO  server.RaftServerConfigKeys (ConfUtils.java:logGet(46)) - raft.server.log.corruption.policy = EXCEPTION (default)
2023-09-07 04:48:25,287 [8c6092c3-8da2-4ae2-b503-635dac77af5e-groupManagement] INFO  server.RaftServerConfigKeys (ConfUtils.java:logGet(46)) - raft.server.storage.free-space.min = 0MB (=0) (default)
2023-09-07 04:48:25,287 [8c6092c3-8da2-4ae2-b503-635dac77af5e-groupManagement] INFO  server.RaftServerConfigKeys (ConfUtils.java:logGet(46)) - raft.server.notification.no-leader.timeout = 300s (custom)
2023-09-07 04:48:25,287 [8c6092c3-8da2-4ae2-b503-635dac77af5e-groupManagement] INFO  server.RaftServerConfigKeys (ConfUtils.java:logGet(46)) - raft.server.read.timeout = 10s (default)
2023-09-07 04:48:25,287 [8c6092c3-8da2-4ae2-b503-635dac77af5e-groupManagement] INFO  server.RaftServerConfigKeys (ConfUtils.java:logGet(46)) - raft.server.retrycache.expirytime = 600000ms (custom)
2023-09-07 04:48:25,287 [8c6092c3-8da2-4ae2-b503-635dac77af5e-groupManagement] INFO  server.RaftServerConfigKeys (ConfUtils.java:logGet(46)) - raft.server.retrycache.statistics.expirytime = 100μs (default)
2023-09-07 04:48:25,287 [8c6092c3-8da2-4ae2-b503-635dac77af5e-groupManagement] INFO  server.RaftServerConfigKeys (ConfUtils.java:logGet(46)) - raft.server.read.option = DEFAULT (default)
2023-09-07 04:48:25,289 [8c6092c3-8da2-4ae2-b503-635dac77af5e-groupManagement] INFO  server.RaftServerConfigKeys (ConfUtils.java:logGet(46)) - raft.server.rpc.request.timeout = 60s (custom)
2023-09-07 04:48:25,289 [8c6092c3-8da2-4ae2-b503-635dac77af5e-groupManagement] INFO  server.RaftServerConfigKeys (ConfUtils.java:logGet(46)) - raft.server.log.appender.install.snapshot.enabled = false (custom)
2023-09-07 04:48:25,289 [8c6092c3-8da2-4ae2-b503-635dac77af5e-groupManagement] INFO  server.RaftServerConfigKeys (ConfUtils.java:logGet(46)) - raft.server.threadpool.server.cached = true (default)
2023-09-07 04:48:25,289 [8c6092c3-8da2-4ae2-b503-635dac77af5e-groupManagement] INFO  server.RaftServerConfigKeys (ConfUtils.java:logGet(46)) - raft.server.threadpool.server.size = 0 (default)
2023-09-07 04:48:25,289 [8c6092c3-8da2-4ae2-b503-635dac77af5e-groupManagement] INFO  server.RaftServerConfigKeys (ConfUtils.java:logGet(46)) - raft.server.threadpool.client.cached = true (default)
2023-09-07 04:48:25,289 [8c6092c3-8da2-4ae2-b503-635dac77af5e-groupManagement] INFO  server.RaftServerConfigKeys (ConfUtils.java:logGet(46)) - raft.server.threadpool.client.size = 0 (default)
2023-09-07 04:48:25,290 [8c6092c3-8da2-4ae2-b503-635dac77af5e-groupManagement] INFO  storage.RaftStorageDirectory (RaftStorageDirectoryImpl.java:analyzeStorage(137)) - The storage directory /home/runner/work/ozone/ozone/hadoop-ozone/integration-test/target/test-dir/MiniOzoneClusterImpl-34c981b6-280a-47ca-b885-362eca6d2b46/datanode-0/data/ratis/6ed50375-2729-40d1-b063-3a85f9a1a5ba does not exist. Creating ...
2023-09-07 04:48:25,292 [8c6092c3-8da2-4ae2-b503-635dac77af5e-groupManagement] INFO  storage.RaftStorageDirectory (RaftStorageDirectoryImpl.java:tryLock(231)) - Lock on /home/runner/work/ozone/ozone/hadoop-ozone/integration-test/target/test-dir/MiniOzoneClusterImpl-34c981b6-280a-47ca-b885-362eca6d2b46/datanode-0/data/ratis/6ed50375-2729-40d1-b063-3a85f9a1a5ba/in_use.lock acquired by nodename 7593@fv-az163-854
2023-09-07 04:48:25,293 [8c6092c3-8da2-4ae2-b503-635dac77af5e-groupManagement] INFO  storage.RaftStorage (RaftStorageImpl.java:format(96)) - Storage directory /home/runner/work/ozone/ozone/hadoop-ozone/integration-test/target/test-dir/MiniOzoneClusterImpl-34c981b6-280a-47ca-b885-362eca6d2b46/datanode-0/data/ratis/6ed50375-2729-40d1-b063-3a85f9a1a5ba has been successfully formatted.
2023-09-07 04:48:25,294 [8c6092c3-8da2-4ae2-b503-635dac77af5e-groupManagement] INFO  ratis.ContainerStateMachine (ContainerStateMachine.java:loadSnapshot(262)) - group-3A85F9A1A5BA: The snapshot info is null. Setting the last applied indexto:(t:0, i:~)
2023-09-07 04:48:25,294 [8c6092c3-8da2-4ae2-b503-635dac77af5e-groupManagement] INFO  server.RaftServerConfigKeys (ConfUtils.java:logGet(46)) - raft.server.log.use.memory = false (default)
2023-09-07 04:48:25,294 [8c6092c3-8da2-4ae2-b503-635dac77af5e-groupManagement] INFO  server.RaftServerConfigKeys (ConfUtils.java:logGet(46)) - raft.server.log.purge.gap = 1000000 (custom)
2023-09-07 04:48:25,294 [8c6092c3-8da2-4ae2-b503-635dac77af5e-groupManagement] INFO  server.RaftServerConfigKeys (ConfUtils.java:logGet(46)) - raft.server.log.appender.buffer.byte-limit = 33554432 (custom)
2023-09-07 04:48:25,294 [8c6092c3-8da2-4ae2-b503-635dac77af5e-groupManagement] INFO  server.RaftServerConfigKeys (ConfUtils.java:logGet(46)) - raft.server.log.statemachine.data.read.timeout = 1000ms (default)
2023-09-07 04:48:25,295 [8c6092c3-8da2-4ae2-b503-635dac77af5e-groupManagement] INFO  server.RaftServerConfigKeys (ConfUtils.java:logGet(46)) - raft.server.log.purge.preservation.log.num = 0 (default)
2023-09-07 04:48:25,301 [EventQueue-OpenPipelineForHealthyPipelineSafeModeRule] INFO  safemode.SCMSafeModeManager (HealthyPipelineSafeModeRule.java:process(137)) - SCM in safe mode. Healthy pipelines reported count is 0, required healthy pipeline reported count is 1
2023-09-07 04:48:25,306 [8c6092c3-8da2-4ae2-b503-635dac77af5e-groupManagement] INFO  server.RaftServerConfigKeys (ConfUtils.java:logGet(46)) - raft.server.log.segment.size.max = 1048576 (custom)
2023-09-07 04:48:25,307 [8c6092c3-8da2-4ae2-b503-635dac77af5e-groupManagement] INFO  server.RaftServerConfigKeys (ConfUtils.java:logGet(46)) - raft.server.log.segment.cache.num.max = 2 (custom)
2023-09-07 04:48:25,307 [8c6092c3-8da2-4ae2-b503-635dac77af5e-groupManagement] INFO  server.RaftServerConfigKeys (ConfUtils.java:logGet(46)) - raft.server.log.segment.cache.size.max = 200MB (=209715200) (default)
2023-09-07 04:48:25,307 [8c6092c3-8da2-4ae2-b503-635dac77af5e-groupManagement] INFO  server.RaftServerConfigKeys (ConfUtils.java:logGet(46)) - raft.server.log.appender.buffer.byte-limit = 33554432 (custom)
2023-09-07 04:48:25,307 [8c6092c3-8da2-4ae2-b503-635dac77af5e-groupManagement] INFO  segmented.SegmentedRaftLogWorker (SegmentedRaftLogWorker.java:<init>(188)) - new 8c6092c3-8da2-4ae2-b503-635dac77af5e@group-3A85F9A1A5BA-SegmentedRaftLogWorker for RaftStorageImpl:Storage Directory /home/runner/work/ozone/ozone/hadoop-ozone/integration-test/target/test-dir/MiniOzoneClusterImpl-34c981b6-280a-47ca-b885-362eca6d2b46/datanode-0/data/ratis/6ed50375-2729-40d1-b063-3a85f9a1a5ba
2023-09-07 04:48:25,310 [8c6092c3-8da2-4ae2-b503-635dac77af5e-groupManagement] INFO  server.RaftServerConfigKeys (ConfUtils.java:logGet(46)) - raft.server.log.queue.byte-limit = 4294967296 (custom)
2023-09-07 04:48:25,310 [8c6092c3-8da2-4ae2-b503-635dac77af5e-groupManagement] INFO  server.RaftServerConfigKeys (ConfUtils.java:logGet(46)) - raft.server.log.queue.element-limit = 1024 (custom)
2023-09-07 04:48:25,310 [8c6092c3-8da2-4ae2-b503-635dac77af5e-groupManagement] INFO  server.RaftServerConfigKeys (ConfUtils.java:logGet(46)) - raft.server.log.segment.size.max = 1048576 (custom)
2023-09-07 04:48:25,310 [8c6092c3-8da2-4ae2-b503-635dac77af5e-groupManagement] INFO  server.RaftServerConfigKeys (ConfUtils.java:logGet(46)) - raft.server.log.preallocated.size = 16384 (custom)
2023-09-07 04:48:25,310 [8c6092c3-8da2-4ae2-b503-635dac77af5e-groupManagement] INFO  server.RaftServerConfigKeys (ConfUtils.java:logGet(46)) - raft.server.log.force.sync.num = 128 (default)
2023-09-07 04:48:25,310 [8c6092c3-8da2-4ae2-b503-635dac77af5e-groupManagement] INFO  server.RaftServerConfigKeys (ConfUtils.java:logGet(46)) - raft.server.log.statemachine.data.sync = true (default)
2023-09-07 04:48:25,310 [8c6092c3-8da2-4ae2-b503-635dac77af5e-groupManagement] INFO  server.RaftServerConfigKeys (ConfUtils.java:logGet(46)) - raft.server.log.statemachine.data.sync.timeout = 10s (default)
2023-09-07 04:48:25,310 [8c6092c3-8da2-4ae2-b503-635dac77af5e-groupManagement] INFO  server.RaftServerConfigKeys (ConfUtils.java:logGet(46)) - raft.server.log.statemachine.data.sync.timeout.retry = -1 (default)
2023-09-07 04:48:25,313 [8c6092c3-8da2-4ae2-b503-635dac77af5e-groupManagement] INFO  server.RaftServerConfigKeys (ConfUtils.java:logGet(46)) - raft.server.log.write.buffer.size = 1048576 (custom)
2023-09-07 04:48:25,314 [8c6092c3-8da2-4ae2-b503-635dac77af5e-groupManagement] INFO  server.RaftServerConfigKeys (ConfUtils.java:logGet(46)) - raft.server.log.appender.buffer.byte-limit = 33554432 (custom)
2023-09-07 04:48:25,321 [8c6092c3-8da2-4ae2-b503-635dac77af5e-groupManagement] INFO  server.RaftServerConfigKeys (ConfUtils.java:logGet(46)) - raft.server.log.unsafe-flush.enabled = false (default)
2023-09-07 04:48:25,322 [8c6092c3-8da2-4ae2-b503-635dac77af5e-groupManagement] INFO  server.RaftServerConfigKeys (ConfUtils.java:logGet(46)) - raft.server.log.async-flush.enabled = false (default)
2023-09-07 04:48:25,322 [8c6092c3-8da2-4ae2-b503-635dac77af5e-groupManagement] INFO  server.RaftServerConfigKeys (ConfUtils.java:logGet(46)) - raft.server.log.statemachine.data.caching.enabled = true (custom)
2023-09-07 04:48:25,323 [8c6092c3-8da2-4ae2-b503-635dac77af5e-groupManagement] INFO  segmented.SegmentedRaftLogWorker (SegmentedRaftLogWorker.java:lambda$new$0(135)) - 8c6092c3-8da2-4ae2-b503-635dac77af5e@group-3A85F9A1A5BA-SegmentedRaftLogWorker: flushIndex: setUnconditionally 0 -> -1
2023-09-07 04:48:25,323 [8c6092c3-8da2-4ae2-b503-635dac77af5e-groupManagement] INFO  segmented.SegmentedRaftLogWorker (SegmentedRaftLogWorker.java:lambda$new$0(135)) - 8c6092c3-8da2-4ae2-b503-635dac77af5e@group-3A85F9A1A5BA-SegmentedRaftLogWorker: safeCacheEvictIndex: setUnconditionally 0 -> -1
2023-09-07 04:48:25,323 [8c6092c3-8da2-4ae2-b503-635dac77af5e-groupManagement] INFO  server.RaftServer$Division (RaftServerImpl.java:start(342)) - 8c6092c3-8da2-4ae2-b503-635dac77af5e@group-3A85F9A1A5BA: start as a follower, conf=-1: peers:[0eb6895c-dd30-4da0-bb92-00e2e7e9df9f|rpc:10.1.0.9:15032|admin:10.1.0.9:15031|client:10.1.0.9:15030|dataStream:10.1.0.9:15033|priority:0|startupRole:FOLLOWER, 8c6092c3-8da2-4ae2-b503-635dac77af5e|rpc:10.1.0.9:15014|admin:10.1.0.9:15013|client:10.1.0.9:15012|dataStream:10.1.0.9:15015|priority:0|startupRole:FOLLOWER, b1275f2d-39ad-471b-b40b-6b5e810ed750|rpc:10.1.0.9:15023|admin:10.1.0.9:15022|client:10.1.0.9:15021|dataStream:10.1.0.9:15024|priority:1|startupRole:FOLLOWER]|listeners:[], old=null
2023-09-07 04:48:25,323 [8c6092c3-8da2-4ae2-b503-635dac77af5e-groupManagement] INFO  server.RaftServer$Division (RaftServerImpl.java:setRole(329)) - 8c6092c3-8da2-4ae2-b503-635dac77af5e@group-3A85F9A1A5BA: changes role from      null to FOLLOWER at term 0 for startAsFollower
2023-09-07 04:48:25,323 [8c6092c3-8da2-4ae2-b503-635dac77af5e-groupManagement] INFO  impl.RoleInfo (RoleInfo.java:updateAndGet(139)) - 8c6092c3-8da2-4ae2-b503-635dac77af5e: start 8c6092c3-8da2-4ae2-b503-635dac77af5e@group-3A85F9A1A5BA-FollowerState
2023-09-07 04:48:25,326 [8c6092c3-8da2-4ae2-b503-635dac77af5e-groupManagement] INFO  util.JmxRegister (JmxRegister.java:tryRegister(44)) - Successfully registered JMX Bean with object name Ratis:service=RaftServer,group=group-3A85F9A1A5BA,id=8c6092c3-8da2-4ae2-b503-635dac77af5e
2023-09-07 04:48:25,326 [8c6092c3-8da2-4ae2-b503-635dac77af5e-groupManagement] INFO  server.RaftServerConfigKeys (ConfUtils.java:logGet(46)) - raft.server.snapshot.auto.trigger.enabled = true (custom)
2023-09-07 04:48:25,326 [8c6092c3-8da2-4ae2-b503-635dac77af5e-groupManagement] INFO  server.RaftServerConfigKeys (ConfUtils.java:logGet(46)) - raft.server.snapshot.auto.trigger.threshold = 10000 (custom)
2023-09-07 04:48:25,326 [8c6092c3-8da2-4ae2-b503-635dac77af5e-groupManagement] INFO  server.RaftServerConfigKeys (ConfUtils.java:logGet(46)) - raft.server.snapshot.retention.file.num = 5 (custom)
2023-09-07 04:48:25,326 [8c6092c3-8da2-4ae2-b503-635dac77af5e-groupManagement] INFO  server.RaftServerConfigKeys (ConfUtils.java:logGet(46)) - raft.server.log.purge.upto.snapshot.index = false (default)
2023-09-07 04:48:25,327 [8c6092c3-8da2-4ae2-b503-635dac77af5e@group-3A85F9A1A5BA-FollowerState] INFO  server.RaftServerConfigKeys (ConfUtils.java:logFallback(53)) - raft.server.rpc.first-election.timeout.min = 5s (fallback to raft.server.rpc.timeout.min)
2023-09-07 04:48:25,348 [8c6092c3-8da2-4ae2-b503-635dac77af5e@group-3A85F9A1A5BA-FollowerState] INFO  server.RaftServerConfigKeys (ConfUtils.java:logFallback(53)) - raft.server.rpc.first-election.timeout.max = 5200ms (fallback to raft.server.rpc.timeout.max)
2023-09-07 04:48:25,361 [PipelineCommandHandlerThread-0] INFO  commandhandler.CreatePipelineCommandHandler (CreatePipelineCommandHandler.java:lambda$handle$2(124)) - Created Pipeline RATIS THREE PipelineID=6ed50375-2729-40d1-b063-3a85f9a1a5ba.
2023-09-07 04:48:25,623 [main] INFO  ozone.MiniOzoneClusterImpl (MiniOzoneClusterImpl.java:lambda$waitForClusterToBeReady$0(224)) - Nodes are ready. Got 5 of 5 DN Heartbeats.
2023-09-07 04:48:25,623 [main] INFO  ozone.MiniOzoneClusterImpl (MiniOzoneClusterImpl.java:lambda$waitForClusterToBeReady$0(227)) - Waiting for cluster to exit safe mode
2023-09-07 04:48:25,623 [main] INFO  ozone.MiniOzoneClusterImpl (MiniOzoneClusterImpl.java:lambda$waitForClusterToBeReady$0(229)) - SCM became leader
2023-09-07 04:48:25,633 [PipelineCommandHandlerThread-0] INFO  server.RaftServer (RaftServerProxy.java:addNew(98)) - 9de77b90-302e-4d3a-8e07-68c62a7150b7: addNew group-449B431A6970:[9de77b90-302e-4d3a-8e07-68c62a7150b7|rpc:10.1.0.9:15050|admin:10.1.0.9:15049|client:10.1.0.9:15048|dataStream:10.1.0.9:15051|priority:1|startupRole:FOLLOWER] returns group-449B431A6970:java.util.concurrent.CompletableFuture@7b68be2b[Not completed]
2023-09-07 04:48:25,646 [9de77b90-302e-4d3a-8e07-68c62a7150b7-groupManagement] INFO  server.RaftServer$Division (RaftServerImpl.java:<init>(198)) - 9de77b90-302e-4d3a-8e07-68c62a7150b7: new RaftServerImpl for group-449B431A6970:[9de77b90-302e-4d3a-8e07-68c62a7150b7|rpc:10.1.0.9:15050|admin:10.1.0.9:15049|client:10.1.0.9:15048|dataStream:10.1.0.9:15051|priority:1|startupRole:FOLLOWER] with ContainerStateMachine:uninitialized
2023-09-07 04:48:25,646 [9de77b90-302e-4d3a-8e07-68c62a7150b7-groupManagement] INFO  server.RaftServerConfigKeys (ConfUtils.java:logGet(46)) - raft.server.rpc.timeout.min = 5s (custom)
2023-09-07 04:48:25,646 [9de77b90-302e-4d3a-8e07-68c62a7150b7-groupManagement] INFO  server.RaftServerConfigKeys (ConfUtils.java:logGet(46)) - raft.server.rpc.timeout.max = 5200ms (custom)
2023-09-07 04:48:25,646 [9de77b90-302e-4d3a-8e07-68c62a7150b7-groupManagement] INFO  server.RaftServerConfigKeys (ConfUtils.java:logGet(46)) - raft.server.rpc.sleep.time = 25ms (default)
2023-09-07 04:48:25,646 [9de77b90-302e-4d3a-8e07-68c62a7150b7-groupManagement] INFO  server.RaftServerConfigKeys (ConfUtils.java:logGet(46)) - raft.server.rpc.slowness.timeout = 300s (custom)
2023-09-07 04:48:25,646 [9de77b90-302e-4d3a-8e07-68c62a7150b7-groupManagement] INFO  server.RaftServerConfigKeys (ConfUtils.java:logGet(46)) - raft.server.leaderelection.leader.step-down.wait-time = 10s (default)
2023-09-07 04:48:25,646 [9de77b90-302e-4d3a-8e07-68c62a7150b7-groupManagement] INFO  server.RaftServerConfigKeys (ConfUtils.java:logGet(46)) - raft.server.sleep.deviation.threshold = 300ms (default)
2023-09-07 04:48:25,646 [9de77b90-302e-4d3a-8e07-68c62a7150b7-groupManagement] INFO  server.RaftServer$Division (ServerState.java:<init>(120)) - 9de77b90-302e-4d3a-8e07-68c62a7150b7@group-449B431A6970: ConfigurationManager, init=-1: peers:[9de77b90-302e-4d3a-8e07-68c62a7150b7|rpc:10.1.0.9:15050|admin:10.1.0.9:15049|client:10.1.0.9:15048|dataStream:10.1.0.9:15051|priority:1|startupRole:FOLLOWER]|listeners:[], old=null, confs=<EMPTY_MAP>
2023-09-07 04:48:25,647 [9de77b90-302e-4d3a-8e07-68c62a7150b7-groupManagement] INFO  server.RaftServerConfigKeys (ConfUtils.java:logGet(46)) - raft.server.storage.dir = [/home/runner/work/ozone/ozone/hadoop-ozone/integration-test/target/test-dir/MiniOzoneClusterImpl-34c981b6-280a-47ca-b885-362eca6d2b46/datanode-4/data/ratis] (custom)
2023-09-07 04:48:25,648 [9de77b90-302e-4d3a-8e07-68c62a7150b7-groupManagement] INFO  server.RaftServerConfigKeys (ConfUtils.java:logGet(46)) - raft.server.log.corruption.policy = EXCEPTION (default)
2023-09-07 04:48:25,648 [9de77b90-302e-4d3a-8e07-68c62a7150b7-groupManagement] INFO  server.RaftServerConfigKeys (ConfUtils.java:logGet(46)) - raft.server.storage.free-space.min = 0MB (=0) (default)
2023-09-07 04:48:25,648 [9de77b90-302e-4d3a-8e07-68c62a7150b7-groupManagement] INFO  server.RaftServerConfigKeys (ConfUtils.java:logGet(46)) - raft.server.notification.no-leader.timeout = 300s (custom)
2023-09-07 04:48:25,648 [9de77b90-302e-4d3a-8e07-68c62a7150b7-groupManagement] INFO  server.RaftServerConfigKeys (ConfUtils.java:logGet(46)) - raft.server.read.timeout = 10s (default)
2023-09-07 04:48:25,648 [9de77b90-302e-4d3a-8e07-68c62a7150b7-groupManagement] INFO  server.RaftServerConfigKeys (ConfUtils.java:logGet(46)) - raft.server.retrycache.expirytime = 600000ms (custom)
2023-09-07 04:48:25,648 [9de77b90-302e-4d3a-8e07-68c62a7150b7-groupManagement] INFO  server.RaftServerConfigKeys (ConfUtils.java:logGet(46)) - raft.server.retrycache.statistics.expirytime = 100μs (default)
2023-09-07 04:48:25,649 [9de77b90-302e-4d3a-8e07-68c62a7150b7-groupManagement] INFO  server.RaftServerConfigKeys (ConfUtils.java:logGet(46)) - raft.server.read.option = DEFAULT (default)
2023-09-07 04:48:25,655 [9de77b90-302e-4d3a-8e07-68c62a7150b7-groupManagement] INFO  server.RaftServerConfigKeys (ConfUtils.java:logGet(46)) - raft.server.rpc.request.timeout = 60s (custom)
2023-09-07 04:48:25,655 [9de77b90-302e-4d3a-8e07-68c62a7150b7-groupManagement] INFO  server.RaftServerConfigKeys (ConfUtils.java:logGet(46)) - raft.server.log.appender.install.snapshot.enabled = false (custom)
2023-09-07 04:48:25,655 [9de77b90-302e-4d3a-8e07-68c62a7150b7-groupManagement] INFO  server.RaftServerConfigKeys (ConfUtils.java:logGet(46)) - raft.server.threadpool.server.cached = true (default)
2023-09-07 04:48:25,655 [9de77b90-302e-4d3a-8e07-68c62a7150b7-groupManagement] INFO  server.RaftServerConfigKeys (ConfUtils.java:logGet(46)) - raft.server.threadpool.server.size = 0 (default)
2023-09-07 04:48:25,655 [9de77b90-302e-4d3a-8e07-68c62a7150b7-groupManagement] INFO  server.RaftServerConfigKeys (ConfUtils.java:logGet(46)) - raft.server.threadpool.client.cached = true (default)
2023-09-07 04:48:25,655 [9de77b90-302e-4d3a-8e07-68c62a7150b7-groupManagement] INFO  server.RaftServerConfigKeys (ConfUtils.java:logGet(46)) - raft.server.threadpool.client.size = 0 (default)
2023-09-07 04:48:25,655 [9de77b90-302e-4d3a-8e07-68c62a7150b7-groupManagement] INFO  storage.RaftStorageDirectory (RaftStorageDirectoryImpl.java:analyzeStorage(137)) - The storage directory /home/runner/work/ozone/ozone/hadoop-ozone/integration-test/target/test-dir/MiniOzoneClusterImpl-34c981b6-280a-47ca-b885-362eca6d2b46/datanode-4/data/ratis/3dbd1f6f-6c72-42fe-b0d9-449b431a6970 does not exist. Creating ...
2023-09-07 04:48:25,657 [9de77b90-302e-4d3a-8e07-68c62a7150b7-groupManagement] INFO  storage.RaftStorageDirectory (RaftStorageDirectoryImpl.java:tryLock(231)) - Lock on /home/runner/work/ozone/ozone/hadoop-ozone/integration-test/target/test-dir/MiniOzoneClusterImpl-34c981b6-280a-47ca-b885-362eca6d2b46/datanode-4/data/ratis/3dbd1f6f-6c72-42fe-b0d9-449b431a6970/in_use.lock acquired by nodename 7593@fv-az163-854
2023-09-07 04:48:25,659 [9de77b90-302e-4d3a-8e07-68c62a7150b7-groupManagement] INFO  storage.RaftStorage (RaftStorageImpl.java:format(96)) - Storage directory /home/runner/work/ozone/ozone/hadoop-ozone/integration-test/target/test-dir/MiniOzoneClusterImpl-34c981b6-280a-47ca-b885-362eca6d2b46/datanode-4/data/ratis/3dbd1f6f-6c72-42fe-b0d9-449b431a6970 has been successfully formatted.
2023-09-07 04:48:25,661 [9de77b90-302e-4d3a-8e07-68c62a7150b7-groupManagement] INFO  ratis.ContainerStateMachine (ContainerStateMachine.java:loadSnapshot(262)) - group-449B431A6970: The snapshot info is null. Setting the last applied indexto:(t:0, i:~)
2023-09-07 04:48:25,661 [9de77b90-302e-4d3a-8e07-68c62a7150b7-groupManagement] INFO  server.RaftServerConfigKeys (ConfUtils.java:logGet(46)) - raft.server.log.use.memory = false (default)
2023-09-07 04:48:25,665 [EventQueue-PipelineReportForPipelineReportHandler] INFO  pipeline.PipelineReportHandler (PipelineReportHandler.java:processPipelineReport(136)) - Opened pipeline PipelineID=3dbd1f6f-6c72-42fe-b0d9-449b431a6970
2023-09-07 04:48:25,666 [EventQueue-OpenPipelineForHealthyPipelineSafeModeRule] INFO  safemode.SCMSafeModeManager (HealthyPipelineSafeModeRule.java:process(137)) - SCM in safe mode. Healthy pipelines reported count is 0, required healthy pipeline reported count is 1
2023-09-07 04:48:25,667 [9de77b90-302e-4d3a-8e07-68c62a7150b7-groupManagement] INFO  server.RaftServerConfigKeys (ConfUtils.java:logGet(46)) - raft.server.log.purge.gap = 1000000 (custom)
2023-09-07 04:48:25,667 [9de77b90-302e-4d3a-8e07-68c62a7150b7-groupManagement] INFO  server.RaftServerConfigKeys (ConfUtils.java:logGet(46)) - raft.server.log.appender.buffer.byte-limit = 33554432 (custom)
2023-09-07 04:48:25,667 [9de77b90-302e-4d3a-8e07-68c62a7150b7-groupManagement] INFO  server.RaftServerConfigKeys (ConfUtils.java:logGet(46)) - raft.server.log.statemachine.data.read.timeout = 1000ms (default)
2023-09-07 04:48:25,668 [9de77b90-302e-4d3a-8e07-68c62a7150b7-groupManagement] INFO  server.RaftServerConfigKeys (ConfUtils.java:logGet(46)) - raft.server.log.purge.preservation.log.num = 0 (default)
2023-09-07 04:48:25,668 [9de77b90-302e-4d3a-8e07-68c62a7150b7-groupManagement] INFO  server.RaftServerConfigKeys (ConfUtils.java:logGet(46)) - raft.server.log.segment.size.max = 1048576 (custom)
2023-09-07 04:48:25,669 [9de77b90-302e-4d3a-8e07-68c62a7150b7-groupManagement] INFO  server.RaftServerConfigKeys (ConfUtils.java:logGet(46)) - raft.server.log.segment.cache.num.max = 2 (custom)
2023-09-07 04:48:25,669 [9de77b90-302e-4d3a-8e07-68c62a7150b7-groupManagement] INFO  server.RaftServerConfigKeys (ConfUtils.java:logGet(46)) - raft.server.log.segment.cache.size.max = 200MB (=209715200) (default)
2023-09-07 04:48:25,669 [9de77b90-302e-4d3a-8e07-68c62a7150b7-groupManagement] INFO  server.RaftServerConfigKeys (ConfUtils.java:logGet(46)) - raft.server.log.appender.buffer.byte-limit = 33554432 (custom)
2023-09-07 04:48:25,669 [9de77b90-302e-4d3a-8e07-68c62a7150b7-groupManagement] INFO  segmented.SegmentedRaftLogWorker (SegmentedRaftLogWorker.java:<init>(188)) - new 9de77b90-302e-4d3a-8e07-68c62a7150b7@group-449B431A6970-SegmentedRaftLogWorker for RaftStorageImpl:Storage Directory /home/runner/work/ozone/ozone/hadoop-ozone/integration-test/target/test-dir/MiniOzoneClusterImpl-34c981b6-280a-47ca-b885-362eca6d2b46/datanode-4/data/ratis/3dbd1f6f-6c72-42fe-b0d9-449b431a6970
2023-09-07 04:48:25,669 [9de77b90-302e-4d3a-8e07-68c62a7150b7-groupManagement] INFO  server.RaftServerConfigKeys (ConfUtils.java:logGet(46)) - raft.server.log.queue.byte-limit = 4294967296 (custom)
2023-09-07 04:48:25,669 [9de77b90-302e-4d3a-8e07-68c62a7150b7-groupManagement] INFO  server.RaftServerConfigKeys (ConfUtils.java:logGet(46)) - raft.server.log.queue.element-limit = 1024 (custom)
2023-09-07 04:48:25,669 [9de77b90-302e-4d3a-8e07-68c62a7150b7-groupManagement] INFO  server.RaftServerConfigKeys (ConfUtils.java:logGet(46)) - raft.server.log.segment.size.max = 1048576 (custom)
2023-09-07 04:48:25,669 [9de77b90-302e-4d3a-8e07-68c62a7150b7-groupManagement] INFO  server.RaftServerConfigKeys (ConfUtils.java:logGet(46)) - raft.server.log.preallocated.size = 16384 (custom)
2023-09-07 04:48:25,669 [9de77b90-302e-4d3a-8e07-68c62a7150b7-groupManagement] INFO  server.RaftServerConfigKeys (ConfUtils.java:logGet(46)) - raft.server.log.force.sync.num = 128 (default)
2023-09-07 04:48:25,669 [9de77b90-302e-4d3a-8e07-68c62a7150b7-groupManagement] INFO  server.RaftServerConfigKeys (ConfUtils.java:logGet(46)) - raft.server.log.statemachine.data.sync = true (default)
2023-09-07 04:48:25,670 [9de77b90-302e-4d3a-8e07-68c62a7150b7-groupManagement] INFO  server.RaftServerConfigKeys (ConfUtils.java:logGet(46)) - raft.server.log.statemachine.data.sync.timeout = 10s (default)
2023-09-07 04:48:25,670 [9de77b90-302e-4d3a-8e07-68c62a7150b7-groupManagement] INFO  server.RaftServerConfigKeys (ConfUtils.java:logGet(46)) - raft.server.log.statemachine.data.sync.timeout.retry = -1 (default)
2023-09-07 04:48:25,672 [9de77b90-302e-4d3a-8e07-68c62a7150b7-groupManagement] INFO  server.RaftServerConfigKeys (ConfUtils.java:logGet(46)) - raft.server.log.write.buffer.size = 1048576 (custom)
2023-09-07 04:48:25,673 [9de77b90-302e-4d3a-8e07-68c62a7150b7-groupManagement] INFO  server.RaftServerConfigKeys (ConfUtils.java:logGet(46)) - raft.server.log.appender.buffer.byte-limit = 33554432 (custom)
2023-09-07 04:48:25,681 [9de77b90-302e-4d3a-8e07-68c62a7150b7-groupManagement] INFO  server.RaftServerConfigKeys (ConfUtils.java:logGet(46)) - raft.server.log.unsafe-flush.enabled = false (default)
2023-09-07 04:48:25,681 [9de77b90-302e-4d3a-8e07-68c62a7150b7-groupManagement] INFO  server.RaftServerConfigKeys (ConfUtils.java:logGet(46)) - raft.server.log.async-flush.enabled = false (default)
2023-09-07 04:48:25,682 [9de77b90-302e-4d3a-8e07-68c62a7150b7-groupManagement] INFO  server.RaftServerConfigKeys (ConfUtils.java:logGet(46)) - raft.server.log.statemachine.data.caching.enabled = true (custom)
2023-09-07 04:48:25,682 [9de77b90-302e-4d3a-8e07-68c62a7150b7-groupManagement] INFO  segmented.SegmentedRaftLogWorker (SegmentedRaftLogWorker.java:lambda$new$0(135)) - 9de77b90-302e-4d3a-8e07-68c62a7150b7@group-449B431A6970-SegmentedRaftLogWorker: flushIndex: setUnconditionally 0 -> -1
2023-09-07 04:48:25,682 [9de77b90-302e-4d3a-8e07-68c62a7150b7-groupManagement] INFO  segmented.SegmentedRaftLogWorker (SegmentedRaftLogWorker.java:lambda$new$0(135)) - 9de77b90-302e-4d3a-8e07-68c62a7150b7@group-449B431A6970-SegmentedRaftLogWorker: safeCacheEvictIndex: setUnconditionally 0 -> -1
2023-09-07 04:48:25,682 [9de77b90-302e-4d3a-8e07-68c62a7150b7-groupManagement] INFO  server.RaftServer$Division (RaftServerImpl.java:start(342)) - 9de77b90-302e-4d3a-8e07-68c62a7150b7@group-449B431A6970: start as a follower, conf=-1: peers:[9de77b90-302e-4d3a-8e07-68c62a7150b7|rpc:10.1.0.9:15050|admin:10.1.0.9:15049|client:10.1.0.9:15048|dataStream:10.1.0.9:15051|priority:1|startupRole:FOLLOWER]|listeners:[], old=null
2023-09-07 04:48:25,682 [9de77b90-302e-4d3a-8e07-68c62a7150b7-groupManagement] INFO  server.RaftServer$Division (RaftServerImpl.java:setRole(329)) - 9de77b90-302e-4d3a-8e07-68c62a7150b7@group-449B431A6970: changes role from      null to FOLLOWER at term 0 for startAsFollower
2023-09-07 04:48:25,682 [9de77b90-302e-4d3a-8e07-68c62a7150b7-groupManagement] INFO  impl.RoleInfo (RoleInfo.java:updateAndGet(139)) - 9de77b90-302e-4d3a-8e07-68c62a7150b7: start 9de77b90-302e-4d3a-8e07-68c62a7150b7@group-449B431A6970-FollowerState
2023-09-07 04:48:25,686 [9de77b90-302e-4d3a-8e07-68c62a7150b7-groupManagement] INFO  util.JmxRegister (JmxRegister.java:tryRegister(44)) - Successfully registered JMX Bean with object name Ratis:service=RaftServer,group=group-449B431A6970,id=9de77b90-302e-4d3a-8e07-68c62a7150b7
2023-09-07 04:48:25,686 [9de77b90-302e-4d3a-8e07-68c62a7150b7-groupManagement] INFO  server.RaftServerConfigKeys (ConfUtils.java:logGet(46)) - raft.server.snapshot.auto.trigger.enabled = true (custom)
2023-09-07 04:48:25,686 [9de77b90-302e-4d3a-8e07-68c62a7150b7-groupManagement] INFO  server.RaftServerConfigKeys (ConfUtils.java:logGet(46)) - raft.server.snapshot.auto.trigger.threshold = 10000 (custom)
2023-09-07 04:48:25,686 [9de77b90-302e-4d3a-8e07-68c62a7150b7-groupManagement] INFO  server.RaftServerConfigKeys (ConfUtils.java:logGet(46)) - raft.server.snapshot.retention.file.num = 5 (custom)
2023-09-07 04:48:25,686 [9de77b90-302e-4d3a-8e07-68c62a7150b7-groupManagement] INFO  server.RaftServerConfigKeys (ConfUtils.java:logGet(46)) - raft.server.log.purge.upto.snapshot.index = false (default)
2023-09-07 04:48:25,687 [9de77b90-302e-4d3a-8e07-68c62a7150b7@group-449B431A6970-FollowerState] INFO  server.RaftServerConfigKeys (ConfUtils.java:logFallback(53)) - raft.server.rpc.first-election.timeout.min = 5s (fallback to raft.server.rpc.timeout.min)
2023-09-07 04:48:25,687 [9de77b90-302e-4d3a-8e07-68c62a7150b7@group-449B431A6970-FollowerState] INFO  server.RaftServerConfigKeys (ConfUtils.java:logFallback(53)) - raft.server.rpc.first-election.timeout.max = 5200ms (fallback to raft.server.rpc.timeout.max)
2023-09-07 04:48:25,689 [PipelineCommandHandlerThread-0] INFO  ratis.XceiverServerRatis (XceiverServerRatis.java:addGroup(804)) - Created group PipelineID=3dbd1f6f-6c72-42fe-b0d9-449b431a6970
2023-09-07 04:48:25,689 [PipelineCommandHandlerThread-0] INFO  commandhandler.CreatePipelineCommandHandler (CreatePipelineCommandHandler.java:lambda$handle$2(124)) - Created Pipeline RATIS ONE PipelineID=3dbd1f6f-6c72-42fe-b0d9-449b431a6970.
2023-09-07 04:48:26,623 [main] INFO  ozone.MiniOzoneClusterImpl (MiniOzoneClusterImpl.java:lambda$waitForClusterToBeReady$0(224)) - Nodes are ready. Got 5 of 5 DN Heartbeats.
2023-09-07 04:48:26,624 [main] INFO  ozone.MiniOzoneClusterImpl (MiniOzoneClusterImpl.java:lambda$waitForClusterToBeReady$0(227)) - Waiting for cluster to exit safe mode
2023-09-07 04:48:26,624 [main] INFO  ozone.MiniOzoneClusterImpl (MiniOzoneClusterImpl.java:lambda$waitForClusterToBeReady$0(229)) - SCM became leader
2023-09-07 04:48:27,624 [main] INFO  ozone.MiniOzoneClusterImpl (MiniOzoneClusterImpl.java:lambda$waitForClusterToBeReady$0(224)) - Nodes are ready. Got 5 of 5 DN Heartbeats.
2023-09-07 04:48:27,624 [main] INFO  ozone.MiniOzoneClusterImpl (MiniOzoneClusterImpl.java:lambda$waitForClusterToBeReady$0(227)) - Waiting for cluster to exit safe mode
2023-09-07 04:48:27,625 [main] INFO  ozone.MiniOzoneClusterImpl (MiniOzoneClusterImpl.java:lambda$waitForClusterToBeReady$0(229)) - SCM became leader
2023-09-07 04:48:28,780 [main] INFO  ozone.MiniOzoneClusterImpl (MiniOzoneClusterImpl.java:lambda$waitForClusterToBeReady$0(224)) - Nodes are ready. Got 5 of 5 DN Heartbeats.
2023-09-07 04:48:28,781 [main] INFO  ozone.MiniOzoneClusterImpl (MiniOzoneClusterImpl.java:lambda$waitForClusterToBeReady$0(227)) - Waiting for cluster to exit safe mode
2023-09-07 04:48:28,781 [main] INFO  ozone.MiniOzoneClusterImpl (MiniOzoneClusterImpl.java:lambda$waitForClusterToBeReady$0(229)) - SCM became leader
2023-09-07 04:48:28,782 [JvmPauseMonitor1] WARN  util.JvmPauseMonitor (JvmPauseMonitor.java:detectPause(124)) - JvmPauseMonitor-om1: Detected pause in JVM or host machine approximately 0.196s with 0.377s GC time.
GC pool 'PS MarkSweep' had collection(s): count=1 time=284ms
GC pool 'PS Scavenge' had collection(s): count=1 time=93ms
2023-09-07 04:48:28,783 [JvmPauseMonitor3] WARN  util.JvmPauseMonitor (JvmPauseMonitor.java:detectPause(124)) - JvmPauseMonitor-b1275f2d-39ad-471b-b40b-6b5e810ed750: Detected pause in JVM or host machine approximately 0.198s with 0.377s GC time.
GC pool 'PS MarkSweep' had collection(s): count=1 time=284ms
GC pool 'PS Scavenge' had collection(s): count=1 time=93ms
2023-09-07 04:48:28,783 [JvmPauseMonitor0] WARN  util.JvmPauseMonitor (JvmPauseMonitor.java:detectPause(124)) - JvmPauseMonitor-cf34871c-a3cd-4b6c-bcb6-169af604bff3: Detected pause in JVM or host machine approximately 0.200s with 0.377s GC time.
GC pool 'PS MarkSweep' had collection(s): count=1 time=284ms
GC pool 'PS Scavenge' had collection(s): count=1 time=93ms
2023-09-07 04:48:28,787 [JvmPauseMonitor2] WARN  util.JvmPauseMonitor (JvmPauseMonitor.java:detectPause(124)) - JvmPauseMonitor-8c6092c3-8da2-4ae2-b503-635dac77af5e: Detected pause in JVM or host machine approximately 0.213s with 0.377s GC time.
GC pool 'PS MarkSweep' had collection(s): count=1 time=284ms
GC pool 'PS Scavenge' had collection(s): count=1 time=93ms
2023-09-07 04:48:28,789 [JvmPauseMonitor4] WARN  util.JvmPauseMonitor (JvmPauseMonitor.java:detectPause(124)) - JvmPauseMonitor-0eb6895c-dd30-4da0-bb92-00e2e7e9df9f: Detected pause in JVM or host machine approximately 0.203s with 0.377s GC time.
GC pool 'PS MarkSweep' had collection(s): count=1 time=284ms
GC pool 'PS Scavenge' had collection(s): count=1 time=93ms
2023-09-07 04:48:28,905 [8c6092c3-8da2-4ae2-b503-635dac77af5e@group-5A106ABF4FBB-FollowerState] INFO  impl.FollowerState (FollowerState.java:run(143)) - 8c6092c3-8da2-4ae2-b503-635dac77af5e@group-5A106ABF4FBB-FollowerState: change to CANDIDATE, lastRpcElapsedTime:5068787960ns, electionTimeout:5064ms
2023-09-07 04:48:28,906 [8c6092c3-8da2-4ae2-b503-635dac77af5e@group-5A106ABF4FBB-FollowerState] INFO  impl.RoleInfo (RoleInfo.java:shutdownFollowerState(110)) - 8c6092c3-8da2-4ae2-b503-635dac77af5e: shutdown 8c6092c3-8da2-4ae2-b503-635dac77af5e@group-5A106ABF4FBB-FollowerState
2023-09-07 04:48:28,906 [8c6092c3-8da2-4ae2-b503-635dac77af5e@group-5A106ABF4FBB-FollowerState] INFO  server.RaftServer$Division (RaftServerImpl.java:setRole(329)) - 8c6092c3-8da2-4ae2-b503-635dac77af5e@group-5A106ABF4FBB: changes role from  FOLLOWER to CANDIDATE at term 0 for changeToCandidate
2023-09-07 04:48:28,907 [8c6092c3-8da2-4ae2-b503-635dac77af5e@group-5A106ABF4FBB-FollowerState] INFO  server.RaftServerConfigKeys (ConfUtils.java:logGet(46)) - raft.server.leaderelection.pre-vote = true (default)
2023-09-07 04:48:28,907 [8c6092c3-8da2-4ae2-b503-635dac77af5e@group-5A106ABF4FBB-FollowerState] INFO  impl.RoleInfo (RoleInfo.java:updateAndGet(139)) - 8c6092c3-8da2-4ae2-b503-635dac77af5e: start 8c6092c3-8da2-4ae2-b503-635dac77af5e@group-5A106ABF4FBB-LeaderElection2
2023-09-07 04:48:28,911 [8c6092c3-8da2-4ae2-b503-635dac77af5e@group-5A106ABF4FBB-LeaderElection2] INFO  impl.LeaderElection (LeaderElection.java:askForVotes(321)) - 8c6092c3-8da2-4ae2-b503-635dac77af5e@group-5A106ABF4FBB-LeaderElection2 PRE_VOTE round 0: submit vote requests at term 0 for -1: peers:[8c6092c3-8da2-4ae2-b503-635dac77af5e|rpc:10.1.0.9:15014|admin:10.1.0.9:15013|client:10.1.0.9:15012|dataStream:10.1.0.9:15015|priority:1|startupRole:FOLLOWER]|listeners:[], old=null
2023-09-07 04:48:28,913 [8c6092c3-8da2-4ae2-b503-635dac77af5e@group-5A106ABF4FBB-LeaderElection2] INFO  impl.LeaderElection (LeaderElection.java:askForVotes(323)) - 8c6092c3-8da2-4ae2-b503-635dac77af5e@group-5A106ABF4FBB-LeaderElection2 PRE_VOTE round 0: result PASSED (term=0)
2023-09-07 04:48:28,916 [8c6092c3-8da2-4ae2-b503-635dac77af5e@group-5A106ABF4FBB-LeaderElection2] INFO  impl.LeaderElection (LeaderElection.java:askForVotes(321)) - 8c6092c3-8da2-4ae2-b503-635dac77af5e@group-5A106ABF4FBB-LeaderElection2 ELECTION round 0: submit vote requests at term 1 for -1: peers:[8c6092c3-8da2-4ae2-b503-635dac77af5e|rpc:10.1.0.9:15014|admin:10.1.0.9:15013|client:10.1.0.9:15012|dataStream:10.1.0.9:15015|priority:1|startupRole:FOLLOWER]|listeners:[], old=null
2023-09-07 04:48:28,916 [8c6092c3-8da2-4ae2-b503-635dac77af5e@group-5A106ABF4FBB-LeaderElection2] INFO  impl.LeaderElection (LeaderElection.java:askForVotes(323)) - 8c6092c3-8da2-4ae2-b503-635dac77af5e@group-5A106ABF4FBB-LeaderElection2 ELECTION round 0: result PASSED (term=1)
2023-09-07 04:48:28,916 [8c6092c3-8da2-4ae2-b503-635dac77af5e@group-5A106ABF4FBB-LeaderElection2] INFO  impl.RoleInfo (RoleInfo.java:shutdownLeaderElection(130)) - 8c6092c3-8da2-4ae2-b503-635dac77af5e: shutdown 8c6092c3-8da2-4ae2-b503-635dac77af5e@group-5A106ABF4FBB-LeaderElection2
2023-09-07 04:48:28,917 [8c6092c3-8da2-4ae2-b503-635dac77af5e@group-5A106ABF4FBB-LeaderElection2] INFO  server.RaftServer$Division (RaftServerImpl.java:setRole(329)) - 8c6092c3-8da2-4ae2-b503-635dac77af5e@group-5A106ABF4FBB: changes role from CANDIDATE to LEADER at term 1 for changeToLeader
2023-09-07 04:48:28,917 [8c6092c3-8da2-4ae2-b503-635dac77af5e@group-5A106ABF4FBB-LeaderElection2] INFO  ratis.XceiverServerRatis (XceiverServerRatis.java:handleLeaderChangedNotification(902)) - Leader change notification received for group: group-5A106ABF4FBB with new leaderId: 8c6092c3-8da2-4ae2-b503-635dac77af5e
2023-09-07 04:48:28,917 [8c6092c3-8da2-4ae2-b503-635dac77af5e@group-5A106ABF4FBB-LeaderElection2] INFO  server.RaftServer$Division (ServerState.java:setLeader(317)) - 8c6092c3-8da2-4ae2-b503-635dac77af5e@group-5A106ABF4FBB: change Leader from null to 8c6092c3-8da2-4ae2-b503-635dac77af5e at term 1 for becomeLeader, leader elected after 5121ms
2023-09-07 04:48:28,917 [8c6092c3-8da2-4ae2-b503-635dac77af5e@group-5A106ABF4FBB-LeaderElection2] INFO  server.RaftServerConfigKeys (ConfUtils.java:logGet(46)) - raft.server.staging.catchup.gap = 1000 (default)
2023-09-07 04:48:28,918 [8c6092c3-8da2-4ae2-b503-635dac77af5e@group-5A106ABF4FBB-LeaderElection2] INFO  server.RaftServerConfigKeys (ConfUtils.java:logGet(46)) - raft.server.write.element-limit = 1024 (custom)
2023-09-07 04:48:28,918 [8c6092c3-8da2-4ae2-b503-635dac77af5e@group-5A106ABF4FBB-LeaderElection2] INFO  server.RaftServerConfigKeys (ConfUtils.java:logGet(46)) - raft.server.write.byte-limit = 1024 M (=1073741824) (custom)
2023-09-07 04:48:28,919 [8c6092c3-8da2-4ae2-b503-635dac77af5e@group-5A106ABF4FBB-LeaderElection2] INFO  server.RaftServerConfigKeys (ConfUtils.java:logGet(46)) - raft.server.watch.timeout = 180s (custom)
2023-09-07 04:48:28,919 [8c6092c3-8da2-4ae2-b503-635dac77af5e@group-5A106ABF4FBB-LeaderElection2] INFO  server.RaftServerConfigKeys (ConfUtils.java:logGet(46)) - raft.server.watch.timeout.denomination = 1s (default)
2023-09-07 04:48:28,919 [8c6092c3-8da2-4ae2-b503-635dac77af5e@group-5A106ABF4FBB-LeaderElection2] INFO  server.RaftServerConfigKeys (ConfUtils.java:logGet(46)) - raft.server.watch.element-limit = 65536 (default)
2023-09-07 04:48:28,919 [8c6092c3-8da2-4ae2-b503-635dac77af5e@group-5A106ABF4FBB-LeaderElection2] INFO  server.RaftServerConfigKeys (ConfUtils.java:logGet(46)) - raft.server.write.element-limit = 1024 (custom)
2023-09-07 04:48:28,919 [8c6092c3-8da2-4ae2-b503-635dac77af5e@group-5A106ABF4FBB-LeaderElection2] INFO  server.RaftServerConfigKeys (ConfUtils.java:logGet(46)) - raft.server.write.follower.gap.ratio.max = -1.0 (default)
2023-09-07 04:48:28,919 [8c6092c3-8da2-4ae2-b503-635dac77af5e@group-5A106ABF4FBB-LeaderElection2] INFO  impl.RoleInfo (RoleInfo.java:updateAndGet(139)) - 8c6092c3-8da2-4ae2-b503-635dac77af5e: start 8c6092c3-8da2-4ae2-b503-635dac77af5e@group-5A106ABF4FBB-LeaderStateImpl
2023-09-07 04:48:28,920 [8c6092c3-8da2-4ae2-b503-635dac77af5e@group-5A106ABF4FBB-LeaderElection2] INFO  segmented.SegmentedRaftLogWorker (SegmentedRaftLogWorker.java:startLogSegment(447)) - 8c6092c3-8da2-4ae2-b503-635dac77af5e@group-5A106ABF4FBB-SegmentedRaftLogWorker: Starting segment from index:0
2023-09-07 04:48:28,921 [EventQueue-OpenPipelineForHealthyPipelineSafeModeRule] INFO  safemode.SCMSafeModeManager (HealthyPipelineSafeModeRule.java:process(137)) - SCM in safe mode. Healthy pipelines reported count is 0, required healthy pipeline reported count is 1
2023-09-07 04:48:28,921 [8c6092c3-8da2-4ae2-b503-635dac77af5e@group-5A106ABF4FBB-SegmentedRaftLogWorker] INFO  segmented.SegmentedRaftLogWorker (SegmentedRaftLogWorker.java:execute(651)) - 8c6092c3-8da2-4ae2-b503-635dac77af5e@group-5A106ABF4FBB-SegmentedRaftLogWorker: created new log segment /home/runner/work/ozone/ozone/hadoop-ozone/integration-test/target/test-dir/MiniOzoneClusterImpl-34c981b6-280a-47ca-b885-362eca6d2b46/datanode-0/data/ratis/bf3e4409-818b-49af-9ad5-5a106abf4fbb/current/log_inprogress_0
2023-09-07 04:48:28,928 [8c6092c3-8da2-4ae2-b503-635dac77af5e@group-5A106ABF4FBB-LeaderElection2] INFO  server.RaftServer$Division (ServerState.java:setRaftConf(434)) - 8c6092c3-8da2-4ae2-b503-635dac77af5e@group-5A106ABF4FBB: set configuration 0: peers:[8c6092c3-8da2-4ae2-b503-635dac77af5e|rpc:10.1.0.9:15014|admin:10.1.0.9:15013|client:10.1.0.9:15012|dataStream:10.1.0.9:15015|priority:1|startupRole:FOLLOWER]|listeners:[], old=null
2023-09-07 04:48:29,047 [8c6092c3-8da2-4ae2-b503-635dac77af5e@group-27E939994E1F-FollowerState] INFO  impl.FollowerState (FollowerState.java:run(143)) - 8c6092c3-8da2-4ae2-b503-635dac77af5e@group-27E939994E1F-FollowerState: change to CANDIDATE, lastRpcElapsedTime:5129715756ns, electionTimeout:5126ms
2023-09-07 04:48:29,049 [8c6092c3-8da2-4ae2-b503-635dac77af5e@group-27E939994E1F-FollowerState] INFO  impl.RoleInfo (RoleInfo.java:shutdownFollowerState(110)) - 8c6092c3-8da2-4ae2-b503-635dac77af5e: shutdown 8c6092c3-8da2-4ae2-b503-635dac77af5e@group-27E939994E1F-FollowerState
2023-09-07 04:48:29,049 [8c6092c3-8da2-4ae2-b503-635dac77af5e@group-27E939994E1F-FollowerState] INFO  server.RaftServer$Division (RaftServerImpl.java:setRole(329)) - 8c6092c3-8da2-4ae2-b503-635dac77af5e@group-27E939994E1F: changes role from  FOLLOWER to CANDIDATE at term 0 for changeToCandidate
2023-09-07 04:48:29,050 [8c6092c3-8da2-4ae2-b503-635dac77af5e@group-27E939994E1F-FollowerState] INFO  server.RaftServerConfigKeys (ConfUtils.java:logGet(46)) - raft.server.leaderelection.pre-vote = true (default)
2023-09-07 04:48:29,050 [8c6092c3-8da2-4ae2-b503-635dac77af5e@group-27E939994E1F-FollowerState] INFO  impl.RoleInfo (RoleInfo.java:updateAndGet(139)) - 8c6092c3-8da2-4ae2-b503-635dac77af5e: start 8c6092c3-8da2-4ae2-b503-635dac77af5e@group-27E939994E1F-LeaderElection3
2023-09-07 04:48:29,058 [8c6092c3-8da2-4ae2-b503-635dac77af5e@group-27E939994E1F-LeaderElection3] INFO  impl.LeaderElection (LeaderElection.java:askForVotes(321)) - 8c6092c3-8da2-4ae2-b503-635dac77af5e@group-27E939994E1F-LeaderElection3 PRE_VOTE round 0: submit vote requests at term 0 for -1: peers:[0eb6895c-dd30-4da0-bb92-00e2e7e9df9f|rpc:10.1.0.9:15032|admin:10.1.0.9:15031|client:10.1.0.9:15030|dataStream:10.1.0.9:15033|priority:0|startupRole:FOLLOWER, 8c6092c3-8da2-4ae2-b503-635dac77af5e|rpc:10.1.0.9:15014|admin:10.1.0.9:15013|client:10.1.0.9:15012|dataStream:10.1.0.9:15015|priority:1|startupRole:FOLLOWER, b1275f2d-39ad-471b-b40b-6b5e810ed750|rpc:10.1.0.9:15023|admin:10.1.0.9:15022|client:10.1.0.9:15021|dataStream:10.1.0.9:15024|priority:0|startupRole:FOLLOWER]|listeners:[], old=null
2023-09-07 04:48:29,077 [8c6092c3-8da2-4ae2-b503-635dac77af5e@group-27E939994E1F-LeaderElection3] INFO  server.RaftServerConfigKeys (ConfUtils.java:logFallback(53)) - raft.server.rpc.first-election.timeout.min = 5s (fallback to raft.server.rpc.timeout.min)
2023-09-07 04:48:29,077 [8c6092c3-8da2-4ae2-b503-635dac77af5e@group-27E939994E1F-LeaderElection3-2] INFO  server.GrpcServerProtocolClient (GrpcServerProtocolClient.java:<init>(65)) - Build channel for b1275f2d-39ad-471b-b40b-6b5e810ed750
2023-09-07 04:48:29,081 [8c6092c3-8da2-4ae2-b503-635dac77af5e@group-27E939994E1F-LeaderElection3] INFO  server.RaftServerConfigKeys (ConfUtils.java:logFallback(53)) - raft.server.rpc.first-election.timeout.max = 5200ms (fallback to raft.server.rpc.timeout.max)
2023-09-07 04:48:29,079 [8c6092c3-8da2-4ae2-b503-635dac77af5e@group-27E939994E1F-LeaderElection3-1] INFO  server.GrpcServerProtocolClient (GrpcServerProtocolClient.java:<init>(65)) - Build channel for 0eb6895c-dd30-4da0-bb92-00e2e7e9df9f
2023-09-07 04:48:29,128 [grpc-default-executor-0] INFO  server.RaftServer$Division (RaftServerImpl.java:requestVote(1302)) - b1275f2d-39ad-471b-b40b-6b5e810ed750@group-27E939994E1F: receive requestVote(PRE_VOTE, 8c6092c3-8da2-4ae2-b503-635dac77af5e, group-27E939994E1F, 0, (t:0, i:0))
2023-09-07 04:48:29,131 [grpc-default-executor-1] INFO  server.RaftServer$Division (RaftServerImpl.java:requestVote(1302)) - 0eb6895c-dd30-4da0-bb92-00e2e7e9df9f@group-27E939994E1F: receive requestVote(PRE_VOTE, 8c6092c3-8da2-4ae2-b503-635dac77af5e, group-27E939994E1F, 0, (t:0, i:0))
2023-09-07 04:48:29,132 [grpc-default-executor-1] INFO  impl.VoteContext (VoteContext.java:log(49)) - 0eb6895c-dd30-4da0-bb92-00e2e7e9df9f@group-27E939994E1F-FOLLOWER: accept PRE_VOTE from 8c6092c3-8da2-4ae2-b503-635dac77af5e: our priority 0 <= candidate's priority 1
2023-09-07 04:48:29,136 [grpc-default-executor-0] INFO  impl.VoteContext (VoteContext.java:log(49)) - b1275f2d-39ad-471b-b40b-6b5e810ed750@group-27E939994E1F-FOLLOWER: accept PRE_VOTE from 8c6092c3-8da2-4ae2-b503-635dac77af5e: our priority 0 <= candidate's priority 1
2023-09-07 04:48:29,142 [grpc-default-executor-1] INFO  server.RaftServer$Division (RaftServerImpl.java:requestVote(1335)) - 0eb6895c-dd30-4da0-bb92-00e2e7e9df9f@group-27E939994E1F replies to PRE_VOTE vote request: 8c6092c3-8da2-4ae2-b503-635dac77af5e<-0eb6895c-dd30-4da0-bb92-00e2e7e9df9f#0:OK-t0. Peer's state: 0eb6895c-dd30-4da0-bb92-00e2e7e9df9f@group-27E939994E1F:t0, leader=null, voted=, raftlog=Memoized:0eb6895c-dd30-4da0-bb92-00e2e7e9df9f@group-27E939994E1F-SegmentedRaftLog:OPENED:c-1, conf=-1: peers:[0eb6895c-dd30-4da0-bb92-00e2e7e9df9f|rpc:10.1.0.9:15032|admin:10.1.0.9:15031|client:10.1.0.9:15030|dataStream:10.1.0.9:15033|priority:0|startupRole:FOLLOWER, 8c6092c3-8da2-4ae2-b503-635dac77af5e|rpc:10.1.0.9:15014|admin:10.1.0.9:15013|client:10.1.0.9:15012|dataStream:10.1.0.9:15015|priority:1|startupRole:FOLLOWER, b1275f2d-39ad-471b-b40b-6b5e810ed750|rpc:10.1.0.9:15023|admin:10.1.0.9:15022|client:10.1.0.9:15021|dataStream:10.1.0.9:15024|priority:0|startupRole:FOLLOWER]|listeners:[], old=null
2023-09-07 04:48:29,142 [grpc-default-executor-0] INFO  server.RaftServer$Division (RaftServerImpl.java:requestVote(1335)) - b1275f2d-39ad-471b-b40b-6b5e810ed750@group-27E939994E1F replies to PRE_VOTE vote request: 8c6092c3-8da2-4ae2-b503-635dac77af5e<-b1275f2d-39ad-471b-b40b-6b5e810ed750#0:OK-t0. Peer's state: b1275f2d-39ad-471b-b40b-6b5e810ed750@group-27E939994E1F:t0, leader=null, voted=, raftlog=Memoized:b1275f2d-39ad-471b-b40b-6b5e810ed750@group-27E939994E1F-SegmentedRaftLog:OPENED:c-1, conf=-1: peers:[0eb6895c-dd30-4da0-bb92-00e2e7e9df9f|rpc:10.1.0.9:15032|admin:10.1.0.9:15031|client:10.1.0.9:15030|dataStream:10.1.0.9:15033|priority:0|startupRole:FOLLOWER, 8c6092c3-8da2-4ae2-b503-635dac77af5e|rpc:10.1.0.9:15014|admin:10.1.0.9:15013|client:10.1.0.9:15012|dataStream:10.1.0.9:15015|priority:1|startupRole:FOLLOWER, b1275f2d-39ad-471b-b40b-6b5e810ed750|rpc:10.1.0.9:15023|admin:10.1.0.9:15022|client:10.1.0.9:15021|dataStream:10.1.0.9:15024|priority:0|startupRole:FOLLOWER]|listeners:[], old=null
2023-09-07 04:48:29,148 [8c6092c3-8da2-4ae2-b503-635dac77af5e@group-27E939994E1F-LeaderElection3] INFO  impl.LeaderElection (LeaderElection.java:logAndReturn(90)) - 8c6092c3-8da2-4ae2-b503-635dac77af5e@group-27E939994E1F-LeaderElection3: PRE_VOTE PASSED received 1 response(s) and 0 exception(s):
2023-09-07 04:48:29,150 [8c6092c3-8da2-4ae2-b503-635dac77af5e@group-27E939994E1F-LeaderElection3] INFO  impl.LeaderElection (LeaderElection.java:logAndReturn(94)) -   Response 0: 8c6092c3-8da2-4ae2-b503-635dac77af5e<-b1275f2d-39ad-471b-b40b-6b5e810ed750#0:OK-t0
2023-09-07 04:48:29,150 [8c6092c3-8da2-4ae2-b503-635dac77af5e@group-27E939994E1F-LeaderElection3] INFO  impl.LeaderElection (LeaderElection.java:askForVotes(323)) - 8c6092c3-8da2-4ae2-b503-635dac77af5e@group-27E939994E1F-LeaderElection3 PRE_VOTE round 0: result PASSED
2023-09-07 04:48:29,152 [8c6092c3-8da2-4ae2-b503-635dac77af5e@group-27E939994E1F-LeaderElection3] INFO  impl.LeaderElection (LeaderElection.java:askForVotes(321)) - 8c6092c3-8da2-4ae2-b503-635dac77af5e@group-27E939994E1F-LeaderElection3 ELECTION round 0: submit vote requests at term 1 for -1: peers:[0eb6895c-dd30-4da0-bb92-00e2e7e9df9f|rpc:10.1.0.9:15032|admin:10.1.0.9:15031|client:10.1.0.9:15030|dataStream:10.1.0.9:15033|priority:0|startupRole:FOLLOWER, 8c6092c3-8da2-4ae2-b503-635dac77af5e|rpc:10.1.0.9:15014|admin:10.1.0.9:15013|client:10.1.0.9:15012|dataStream:10.1.0.9:15015|priority:1|startupRole:FOLLOWER, b1275f2d-39ad-471b-b40b-6b5e810ed750|rpc:10.1.0.9:15023|admin:10.1.0.9:15022|client:10.1.0.9:15021|dataStream:10.1.0.9:15024|priority:0|startupRole:FOLLOWER]|listeners:[], old=null
2023-09-07 04:48:29,154 [8c6092c3-8da2-4ae2-b503-635dac77af5e@group-27E939994E1F-LeaderElection3] INFO  server.RaftServerConfigKeys (ConfUtils.java:logFallback(53)) - raft.server.rpc.first-election.timeout.min = 5s (fallback to raft.server.rpc.timeout.min)
2023-09-07 04:48:29,154 [8c6092c3-8da2-4ae2-b503-635dac77af5e@group-27E939994E1F-LeaderElection3] INFO  server.RaftServerConfigKeys (ConfUtils.java:logFallback(53)) - raft.server.rpc.first-election.timeout.max = 5200ms (fallback to raft.server.rpc.timeout.max)
2023-09-07 04:48:29,175 [grpc-default-executor-0] INFO  server.RaftServer$Division (RaftServerImpl.java:requestVote(1302)) - 0eb6895c-dd30-4da0-bb92-00e2e7e9df9f@group-27E939994E1F: receive requestVote(ELECTION, 8c6092c3-8da2-4ae2-b503-635dac77af5e, group-27E939994E1F, 1, (t:0, i:0))
2023-09-07 04:48:29,176 [grpc-default-executor-1] INFO  server.RaftServer$Division (RaftServerImpl.java:requestVote(1302)) - b1275f2d-39ad-471b-b40b-6b5e810ed750@group-27E939994E1F: receive requestVote(ELECTION, 8c6092c3-8da2-4ae2-b503-635dac77af5e, group-27E939994E1F, 1, (t:0, i:0))
2023-09-07 04:48:29,178 [grpc-default-executor-1] INFO  impl.VoteContext (VoteContext.java:log(49)) - b1275f2d-39ad-471b-b40b-6b5e810ed750@group-27E939994E1F-FOLLOWER: accept ELECTION from 8c6092c3-8da2-4ae2-b503-635dac77af5e: our priority 0 <= candidate's priority 1
2023-09-07 04:48:29,179 [grpc-default-executor-0] INFO  impl.VoteContext (VoteContext.java:log(49)) - 0eb6895c-dd30-4da0-bb92-00e2e7e9df9f@group-27E939994E1F-FOLLOWER: accept ELECTION from 8c6092c3-8da2-4ae2-b503-635dac77af5e: our priority 0 <= candidate's priority 1
2023-09-07 04:48:29,179 [grpc-default-executor-1] INFO  server.RaftServer$Division (RaftServerImpl.java:setRole(329)) - b1275f2d-39ad-471b-b40b-6b5e810ed750@group-27E939994E1F: changes role from  FOLLOWER to FOLLOWER at term 1 for candidate:8c6092c3-8da2-4ae2-b503-635dac77af5e
2023-09-07 04:48:29,179 [grpc-default-executor-1] INFO  impl.RoleInfo (RoleInfo.java:shutdownFollowerState(110)) - b1275f2d-39ad-471b-b40b-6b5e810ed750: shutdown b1275f2d-39ad-471b-b40b-6b5e810ed750@group-27E939994E1F-FollowerState
2023-09-07 04:48:29,179 [grpc-default-executor-0] INFO  server.RaftServer$Division (RaftServerImpl.java:setRole(329)) - 0eb6895c-dd30-4da0-bb92-00e2e7e9df9f@group-27E939994E1F: changes role from  FOLLOWER to FOLLOWER at term 1 for candidate:8c6092c3-8da2-4ae2-b503-635dac77af5e
2023-09-07 04:48:29,179 [grpc-default-executor-0] INFO  impl.RoleInfo (RoleInfo.java:shutdownFollowerState(110)) - 0eb6895c-dd30-4da0-bb92-00e2e7e9df9f: shutdown 0eb6895c-dd30-4da0-bb92-00e2e7e9df9f@group-27E939994E1F-FollowerState
2023-09-07 04:48:29,181 [0eb6895c-dd30-4da0-bb92-00e2e7e9df9f@group-27E939994E1F-FollowerState] INFO  impl.FollowerState (FollowerState.java:run(152)) - 0eb6895c-dd30-4da0-bb92-00e2e7e9df9f@group-27E939994E1F-FollowerState was interrupted
2023-09-07 04:48:29,181 [b1275f2d-39ad-471b-b40b-6b5e810ed750@group-27E939994E1F-FollowerState] INFO  impl.FollowerState (FollowerState.java:run(152)) - b1275f2d-39ad-471b-b40b-6b5e810ed750@group-27E939994E1F-FollowerState was interrupted
2023-09-07 04:48:29,187 [grpc-default-executor-0] INFO  impl.RoleInfo (RoleInfo.java:updateAndGet(139)) - 0eb6895c-dd30-4da0-bb92-00e2e7e9df9f: start 0eb6895c-dd30-4da0-bb92-00e2e7e9df9f@group-27E939994E1F-FollowerState
2023-09-07 04:48:29,196 [grpc-default-executor-1] INFO  impl.RoleInfo (RoleInfo.java:updateAndGet(139)) - b1275f2d-39ad-471b-b40b-6b5e810ed750: start b1275f2d-39ad-471b-b40b-6b5e810ed750@group-27E939994E1F-FollowerState
2023-09-07 04:48:29,197 [grpc-default-executor-0] INFO  server.RaftServer$Division (RaftServerImpl.java:requestVote(1335)) - 0eb6895c-dd30-4da0-bb92-00e2e7e9df9f@group-27E939994E1F replies to ELECTION vote request: 8c6092c3-8da2-4ae2-b503-635dac77af5e<-0eb6895c-dd30-4da0-bb92-00e2e7e9df9f#0:OK-t1. Peer's state: 0eb6895c-dd30-4da0-bb92-00e2e7e9df9f@group-27E939994E1F:t1, leader=null, voted=8c6092c3-8da2-4ae2-b503-635dac77af5e, raftlog=Memoized:0eb6895c-dd30-4da0-bb92-00e2e7e9df9f@group-27E939994E1F-SegmentedRaftLog:OPENED:c-1, conf=-1: peers:[0eb6895c-dd30-4da0-bb92-00e2e7e9df9f|rpc:10.1.0.9:15032|admin:10.1.0.9:15031|client:10.1.0.9:15030|dataStream:10.1.0.9:15033|priority:0|startupRole:FOLLOWER, 8c6092c3-8da2-4ae2-b503-635dac77af5e|rpc:10.1.0.9:15014|admin:10.1.0.9:15013|client:10.1.0.9:15012|dataStream:10.1.0.9:15015|priority:1|startupRole:FOLLOWER, b1275f2d-39ad-471b-b40b-6b5e810ed750|rpc:10.1.0.9:15023|admin:10.1.0.9:15022|client:10.1.0.9:15021|dataStream:10.1.0.9:15024|priority:0|startupRole:FOLLOWER]|listeners:[], old=null
2023-09-07 04:48:29,198 [grpc-default-executor-1] INFO  server.RaftServer$Division (RaftServerImpl.java:requestVote(1335)) - b1275f2d-39ad-471b-b40b-6b5e810ed750@group-27E939994E1F replies to ELECTION vote request: 8c6092c3-8da2-4ae2-b503-635dac77af5e<-b1275f2d-39ad-471b-b40b-6b5e810ed750#0:OK-t1. Peer's state: b1275f2d-39ad-471b-b40b-6b5e810ed750@group-27E939994E1F:t1, leader=null, voted=8c6092c3-8da2-4ae2-b503-635dac77af5e, raftlog=Memoized:b1275f2d-39ad-471b-b40b-6b5e810ed750@group-27E939994E1F-SegmentedRaftLog:OPENED:c-1, conf=-1: peers:[0eb6895c-dd30-4da0-bb92-00e2e7e9df9f|rpc:10.1.0.9:15032|admin:10.1.0.9:15031|client:10.1.0.9:15030|dataStream:10.1.0.9:15033|priority:0|startupRole:FOLLOWER, 8c6092c3-8da2-4ae2-b503-635dac77af5e|rpc:10.1.0.9:15014|admin:10.1.0.9:15013|client:10.1.0.9:15012|dataStream:10.1.0.9:15015|priority:1|startupRole:FOLLOWER, b1275f2d-39ad-471b-b40b-6b5e810ed750|rpc:10.1.0.9:15023|admin:10.1.0.9:15022|client:10.1.0.9:15021|dataStream:10.1.0.9:15024|priority:0|startupRole:FOLLOWER]|listeners:[], old=null
2023-09-07 04:48:29,203 [8c6092c3-8da2-4ae2-b503-635dac77af5e@group-27E939994E1F-LeaderElection3] INFO  impl.LeaderElection (LeaderElection.java:logAndReturn(90)) - 8c6092c3-8da2-4ae2-b503-635dac77af5e@group-27E939994E1F-LeaderElection3: ELECTION PASSED received 1 response(s) and 0 exception(s):
2023-09-07 04:48:29,204 [8c6092c3-8da2-4ae2-b503-635dac77af5e@group-27E939994E1F-LeaderElection3] INFO  impl.LeaderElection (LeaderElection.java:logAndReturn(94)) -   Response 0: 8c6092c3-8da2-4ae2-b503-635dac77af5e<-b1275f2d-39ad-471b-b40b-6b5e810ed750#0:OK-t1
2023-09-07 04:48:29,204 [8c6092c3-8da2-4ae2-b503-635dac77af5e@group-27E939994E1F-LeaderElection3] INFO  impl.LeaderElection (LeaderElection.java:askForVotes(323)) - 8c6092c3-8da2-4ae2-b503-635dac77af5e@group-27E939994E1F-LeaderElection3 ELECTION round 0: result PASSED
2023-09-07 04:48:29,204 [8c6092c3-8da2-4ae2-b503-635dac77af5e@group-27E939994E1F-LeaderElection3] INFO  impl.RoleInfo (RoleInfo.java:shutdownLeaderElection(130)) - 8c6092c3-8da2-4ae2-b503-635dac77af5e: shutdown 8c6092c3-8da2-4ae2-b503-635dac77af5e@group-27E939994E1F-LeaderElection3
2023-09-07 04:48:29,204 [8c6092c3-8da2-4ae2-b503-635dac77af5e@group-27E939994E1F-LeaderElection3] INFO  server.RaftServer$Division (RaftServerImpl.java:setRole(329)) - 8c6092c3-8da2-4ae2-b503-635dac77af5e@group-27E939994E1F: changes role from CANDIDATE to LEADER at term 1 for changeToLeader
2023-09-07 04:48:29,204 [8c6092c3-8da2-4ae2-b503-635dac77af5e@group-27E939994E1F-LeaderElection3] INFO  ratis.XceiverServerRatis (XceiverServerRatis.java:handleLeaderChangedNotification(902)) - Leader change notification received for group: group-27E939994E1F with new leaderId: 8c6092c3-8da2-4ae2-b503-635dac77af5e
2023-09-07 04:48:29,205 [8c6092c3-8da2-4ae2-b503-635dac77af5e@group-27E939994E1F-LeaderElection3] INFO  server.RaftServer$Division (ServerState.java:setLeader(317)) - 8c6092c3-8da2-4ae2-b503-635dac77af5e@group-27E939994E1F: change Leader from null to 8c6092c3-8da2-4ae2-b503-635dac77af5e at term 1 for becomeLeader, leader elected after 5344ms
2023-09-07 04:48:29,205 [8c6092c3-8da2-4ae2-b503-635dac77af5e@group-27E939994E1F-LeaderElection3] INFO  server.RaftServerConfigKeys (ConfUtils.java:logGet(46)) - raft.server.staging.catchup.gap = 1000 (default)
2023-09-07 04:48:29,209 [EventQueue-PipelineReportForPipelineReportHandler] INFO  pipeline.PipelineReportHandler (PipelineReportHandler.java:processPipelineReport(136)) - Opened pipeline PipelineID=f40bc65f-aff4-4ed1-a5ea-27e939994e1f
2023-09-07 04:48:29,209 [EventQueue-OpenPipelineForHealthyPipelineSafeModeRule] INFO  safemode.SCMSafeModeManager (HealthyPipelineSafeModeRule.java:process(137)) - SCM in safe mode. Healthy pipelines reported count is 0, required healthy pipeline reported count is 1
2023-09-07 04:48:29,210 [EventQueue-OpenPipelineForHealthyPipelineSafeModeRule] INFO  safemode.SCMSafeModeManager (HealthyPipelineSafeModeRule.java:process(137)) - SCM in safe mode. Healthy pipelines reported count is 1, required healthy pipeline reported count is 1
2023-09-07 04:48:29,210 [EventQueue-OpenPipelineForHealthyPipelineSafeModeRule] INFO  safemode.SCMSafeModeManager (SCMSafeModeManager.java:validateSafeModeExitRules(200)) - HealthyPipelineSafeModeRule rule is successfully validated
2023-09-07 04:48:29,211 [8c6092c3-8da2-4ae2-b503-635dac77af5e@group-27E939994E1F-LeaderElection3] INFO  server.RaftServerConfigKeys (ConfUtils.java:logGet(46)) - raft.server.write.element-limit = 1024 (custom)
2023-09-07 04:48:29,211 [EventQueue-OpenPipelineForHealthyPipelineSafeModeRule] INFO  safemode.SCMSafeModeManager (SCMSafeModeManager.java:validateSafeModeExitRules(215)) - ScmSafeModeManager, all rules are successfully validated
2023-09-07 04:48:29,211 [8c6092c3-8da2-4ae2-b503-635dac77af5e@group-27E939994E1F-LeaderElection3] INFO  server.RaftServerConfigKeys (ConfUtils.java:logGet(46)) - raft.server.write.byte-limit = 1024 M (=1073741824) (custom)
2023-09-07 04:48:29,211 [EventQueue-OpenPipelineForHealthyPipelineSafeModeRule] INFO  safemode.SCMSafeModeManager (SCMSafeModeManager.java:exitSafeMode(244)) - SCM exiting safe mode.
2023-09-07 04:48:29,211 [EventQueue-OpenPipelineForHealthyPipelineSafeModeRule] INFO  ha.SCMContext (SCMContext.java:updateSafeModeStatus(228)) - Update SafeModeStatus from SafeModeStatus{safeModeStatus=true, preCheckPassed=true} to SafeModeStatus{safeModeStatus=false, preCheckPassed=true}.
2023-09-07 04:48:29,211 [EventQueue-OpenPipelineForHealthyPipelineSafeModeRule] INFO  pipeline.BackgroundPipelineCreator (BackgroundPipelineCreator.java:notifyStatusChanged(255)) - Service BackgroundPipelineCreator transitions to RUNNING.
2023-09-07 04:48:29,211 [EventQueue-OpenPipelineForHealthyPipelineSafeModeRule] INFO  BackgroundPipelineScrubber (BackgroundSCMService.java:notifyStatusChanged(82)) - Service BackgroundPipelineScrubber transitions to RUNNING.
2023-09-07 04:48:29,211 [EventQueue-OpenPipelineForHealthyPipelineSafeModeRule] INFO  ExpiredContainerReplicaOpScrubber (BackgroundSCMService.java:notifyStatusChanged(82)) - Service ExpiredContainerReplicaOpScrubber transitions to RUNNING.
2023-09-07 04:48:29,212 [EventQueue-OpenPipelineForHealthyPipelineSafeModeRule] INFO  replication.ReplicationManager (ReplicationManager.java:notifyStatusChanged(1370)) - Service ReplicationManager transitions to RUNNING.
2023-09-07 04:48:29,219 [8c6092c3-8da2-4ae2-b503-635dac77af5e@group-27E939994E1F-LeaderElection3] INFO  server.RaftServerConfigKeys (ConfUtils.java:logGet(46)) - raft.server.watch.timeout = 180s (custom)
2023-09-07 04:48:29,219 [8c6092c3-8da2-4ae2-b503-635dac77af5e@group-27E939994E1F-LeaderElection3] INFO  server.RaftServerConfigKeys (ConfUtils.java:logGet(46)) - raft.server.watch.timeout.denomination = 1s (default)
2023-09-07 04:48:29,219 [8c6092c3-8da2-4ae2-b503-635dac77af5e@group-27E939994E1F-LeaderElection3] INFO  server.RaftServerConfigKeys (ConfUtils.java:logGet(46)) - raft.server.watch.element-limit = 65536 (default)
2023-09-07 04:48:29,219 [8c6092c3-8da2-4ae2-b503-635dac77af5e@group-27E939994E1F-LeaderElection3] INFO  server.RaftServerConfigKeys (ConfUtils.java:logGet(46)) - raft.server.write.element-limit = 1024 (custom)
2023-09-07 04:48:29,219 [8c6092c3-8da2-4ae2-b503-635dac77af5e@group-27E939994E1F-LeaderElection3] INFO  server.RaftServerConfigKeys (ConfUtils.java:logGet(46)) - raft.server.write.follower.gap.ratio.max = -1.0 (default)
2023-09-07 04:48:29,222 [EventQueue-OpenPipelineForHealthyPipelineSafeModeRule] WARN  balancer.ContainerBalancer (ContainerBalancer.java:shouldRun(134)) - Could not find persisted configuration for ContainerBalancer when checking if ContainerBalancer should run. ContainerBalancer should not run now.
2023-09-07 04:48:29,239 [8c6092c3-8da2-4ae2-b503-635dac77af5e@group-27E939994E1F-LeaderElection3] INFO  server.RaftServerConfigKeys (ConfUtils.java:logGet(46)) - raft.server.log.appender.snapshot.chunk.size.max = 16MB (=16777216) (default)
2023-09-07 04:48:29,239 [8c6092c3-8da2-4ae2-b503-635dac77af5e@group-27E939994E1F-LeaderElection3] INFO  server.RaftServerConfigKeys (ConfUtils.java:logGet(46)) - raft.server.log.appender.buffer.byte-limit = 33554432 (custom)
2023-09-07 04:48:29,239 [8c6092c3-8da2-4ae2-b503-635dac77af5e@group-27E939994E1F-LeaderElection3] INFO  server.RaftServerConfigKeys (ConfUtils.java:logGet(46)) - raft.server.log.appender.buffer.element-limit = 1 (custom)
2023-09-07 04:48:29,242 [8c6092c3-8da2-4ae2-b503-635dac77af5e@group-27E939994E1F-LeaderElection3] INFO  server.RaftServerConfigKeys (ConfUtils.java:logGet(46)) - raft.server.log.appender.wait-time.min = 10ms (default)
2023-09-07 04:48:29,243 [8c6092c3-8da2-4ae2-b503-635dac77af5e@group-27E939994E1F-LeaderElection3] INFO  grpc.GrpcConfigKeys (ConfUtils.java:logGet(46)) - raft.grpc.server.leader.outstanding.appends.max = 128 (default)
2023-09-07 04:48:29,243 [8c6092c3-8da2-4ae2-b503-635dac77af5e@group-27E939994E1F-LeaderElection3] INFO  server.RaftServerConfigKeys (ConfUtils.java:logGet(46)) - raft.server.rpc.request.timeout = 60s (custom)
2023-09-07 04:48:29,243 [8c6092c3-8da2-4ae2-b503-635dac77af5e@group-27E939994E1F-LeaderElection3] INFO  grpc.GrpcConfigKeys (ConfUtils.java:logGet(46)) - raft.grpc.server.install_snapshot.request.element-limit = 8 (default)
2023-09-07 04:48:29,243 [8c6092c3-8da2-4ae2-b503-635dac77af5e@group-27E939994E1F-LeaderElection3] INFO  grpc.GrpcConfigKeys (ConfUtils.java:logGet(46)) - raft.grpc.server.install_snapshot.request.timeout = 3000ms (default)
2023-09-07 04:48:29,244 [8c6092c3-8da2-4ae2-b503-635dac77af5e@group-27E939994E1F-LeaderElection3] INFO  server.RaftServerConfigKeys (ConfUtils.java:logGet(46)) - raft.server.log.appender.install.snapshot.enabled = false (custom)
2023-09-07 04:48:29,244 [8c6092c3-8da2-4ae2-b503-635dac77af5e@group-27E939994E1F-LeaderElection3] INFO  grpc.GrpcConfigKeys (ConfUtils.java:logGet(46)) - raft.grpc.server.heartbeat.channel = true (default)
2023-09-07 04:48:29,246 [8c6092c3-8da2-4ae2-b503-635dac77af5e@group-27E939994E1F-LeaderElection3] INFO  server.RaftServerConfigKeys (ConfUtils.java:logGet(46)) - raft.server.log.appender.snapshot.chunk.size.max = 16MB (=16777216) (default)
2023-09-07 04:48:29,246 [8c6092c3-8da2-4ae2-b503-635dac77af5e@group-27E939994E1F-LeaderElection3] INFO  server.RaftServerConfigKeys (ConfUtils.java:logGet(46)) - raft.server.log.appender.buffer.byte-limit = 33554432 (custom)
2023-09-07 04:48:29,246 [8c6092c3-8da2-4ae2-b503-635dac77af5e@group-27E939994E1F-LeaderElection3] INFO  server.RaftServerConfigKeys (ConfUtils.java:logGet(46)) - raft.server.log.appender.buffer.element-limit = 1 (custom)
2023-09-07 04:48:29,247 [8c6092c3-8da2-4ae2-b503-635dac77af5e@group-27E939994E1F-LeaderElection3] INFO  server.RaftServerConfigKeys (ConfUtils.java:logGet(46)) - raft.server.log.appender.wait-time.min = 10ms (default)
2023-09-07 04:48:29,247 [8c6092c3-8da2-4ae2-b503-635dac77af5e@group-27E939994E1F-LeaderElection3] INFO  grpc.GrpcConfigKeys (ConfUtils.java:logGet(46)) - raft.grpc.server.leader.outstanding.appends.max = 128 (default)
2023-09-07 04:48:29,247 [8c6092c3-8da2-4ae2-b503-635dac77af5e@group-27E939994E1F-LeaderElection3] INFO  server.RaftServerConfigKeys (ConfUtils.java:logGet(46)) - raft.server.rpc.request.timeout = 60s (custom)
2023-09-07 04:48:29,247 [8c6092c3-8da2-4ae2-b503-635dac77af5e@group-27E939994E1F-LeaderElection3] INFO  grpc.GrpcConfigKeys (ConfUtils.java:logGet(46)) - raft.grpc.server.install_snapshot.request.element-limit = 8 (default)
2023-09-07 04:48:29,247 [8c6092c3-8da2-4ae2-b503-635dac77af5e@group-27E939994E1F-LeaderElection3] INFO  grpc.GrpcConfigKeys (ConfUtils.java:logGet(46)) - raft.grpc.server.install_snapshot.request.timeout = 3000ms (default)
2023-09-07 04:48:29,247 [8c6092c3-8da2-4ae2-b503-635dac77af5e@group-27E939994E1F-LeaderElection3] INFO  server.RaftServerConfigKeys (ConfUtils.java:logGet(46)) - raft.server.log.appender.install.snapshot.enabled = false (custom)
2023-09-07 04:48:29,247 [8c6092c3-8da2-4ae2-b503-635dac77af5e@group-27E939994E1F-LeaderElection3] INFO  grpc.GrpcConfigKeys (ConfUtils.java:logGet(46)) - raft.grpc.server.heartbeat.channel = true (default)
2023-09-07 04:48:29,248 [8c6092c3-8da2-4ae2-b503-635dac77af5e@group-27E939994E1F-LeaderElection3] INFO  impl.RoleInfo (RoleInfo.java:updateAndGet(139)) - 8c6092c3-8da2-4ae2-b503-635dac77af5e: start 8c6092c3-8da2-4ae2-b503-635dac77af5e@group-27E939994E1F-LeaderStateImpl
2023-09-07 04:48:29,248 [8c6092c3-8da2-4ae2-b503-635dac77af5e@group-27E939994E1F-LeaderElection3] INFO  segmented.SegmentedRaftLogWorker (SegmentedRaftLogWorker.java:startLogSegment(447)) - 8c6092c3-8da2-4ae2-b503-635dac77af5e@group-27E939994E1F-SegmentedRaftLogWorker: Starting segment from index:0
2023-09-07 04:48:29,251 [8c6092c3-8da2-4ae2-b503-635dac77af5e@group-27E939994E1F-SegmentedRaftLogWorker] INFO  segmented.SegmentedRaftLogWorker (SegmentedRaftLogWorker.java:execute(651)) - 8c6092c3-8da2-4ae2-b503-635dac77af5e@group-27E939994E1F-SegmentedRaftLogWorker: created new log segment /home/runner/work/ozone/ozone/hadoop-ozone/integration-test/target/test-dir/MiniOzoneClusterImpl-34c981b6-280a-47ca-b885-362eca6d2b46/datanode-0/data/ratis/f40bc65f-aff4-4ed1-a5ea-27e939994e1f/current/log_inprogress_0
2023-09-07 04:48:29,258 [8c6092c3-8da2-4ae2-b503-635dac77af5e@group-27E939994E1F-LeaderElection3] INFO  server.RaftServer$Division (ServerState.java:setRaftConf(434)) - 8c6092c3-8da2-4ae2-b503-635dac77af5e@group-27E939994E1F: set configuration 0: peers:[0eb6895c-dd30-4da0-bb92-00e2e7e9df9f|rpc:10.1.0.9:15032|admin:10.1.0.9:15031|client:10.1.0.9:15030|dataStream:10.1.0.9:15033|priority:0|startupRole:FOLLOWER, 8c6092c3-8da2-4ae2-b503-635dac77af5e|rpc:10.1.0.9:15014|admin:10.1.0.9:15013|client:10.1.0.9:15012|dataStream:10.1.0.9:15015|priority:1|startupRole:FOLLOWER, b1275f2d-39ad-471b-b40b-6b5e810ed750|rpc:10.1.0.9:15023|admin:10.1.0.9:15022|client:10.1.0.9:15021|dataStream:10.1.0.9:15024|priority:0|startupRole:FOLLOWER]|listeners:[], old=null
2023-09-07 04:48:29,348 [b1275f2d-39ad-471b-b40b-6b5e810ed750-server-thread1] INFO  ratis.XceiverServerRatis (XceiverServerRatis.java:handleLeaderChangedNotification(902)) - Leader change notification received for group: group-27E939994E1F with new leaderId: 8c6092c3-8da2-4ae2-b503-635dac77af5e
2023-09-07 04:48:29,348 [b1275f2d-39ad-471b-b40b-6b5e810ed750-server-thread1] INFO  server.RaftServer$Division (ServerState.java:setLeader(317)) - b1275f2d-39ad-471b-b40b-6b5e810ed750@group-27E939994E1F: change Leader from null to 8c6092c3-8da2-4ae2-b503-635dac77af5e at term 1 for appendEntries, leader elected after 4738ms
2023-09-07 04:48:29,353 [0eb6895c-dd30-4da0-bb92-00e2e7e9df9f-server-thread1] INFO  ratis.XceiverServerRatis (XceiverServerRatis.java:handleLeaderChangedNotification(902)) - Leader change notification received for group: group-27E939994E1F with new leaderId: 8c6092c3-8da2-4ae2-b503-635dac77af5e
2023-09-07 04:48:29,362 [0eb6895c-dd30-4da0-bb92-00e2e7e9df9f-server-thread1] INFO  server.RaftServer$Division (ServerState.java:setLeader(317)) - 0eb6895c-dd30-4da0-bb92-00e2e7e9df9f@group-27E939994E1F: change Leader from null to 8c6092c3-8da2-4ae2-b503-635dac77af5e at term 1 for appendEntries, leader elected after 4467ms
2023-09-07 04:48:29,362 [b1275f2d-39ad-471b-b40b-6b5e810ed750-server-thread1] INFO  server.RaftServer$Division (ServerState.java:setRaftConf(434)) - b1275f2d-39ad-471b-b40b-6b5e810ed750@group-27E939994E1F: set configuration 0: peers:[0eb6895c-dd30-4da0-bb92-00e2e7e9df9f|rpc:10.1.0.9:15032|admin:10.1.0.9:15031|client:10.1.0.9:15030|dataStream:10.1.0.9:15033|priority:0|startupRole:FOLLOWER, 8c6092c3-8da2-4ae2-b503-635dac77af5e|rpc:10.1.0.9:15014|admin:10.1.0.9:15013|client:10.1.0.9:15012|dataStream:10.1.0.9:15015|priority:1|startupRole:FOLLOWER, b1275f2d-39ad-471b-b40b-6b5e810ed750|rpc:10.1.0.9:15023|admin:10.1.0.9:15022|client:10.1.0.9:15021|dataStream:10.1.0.9:15024|priority:0|startupRole:FOLLOWER]|listeners:[], old=null
2023-09-07 04:48:29,363 [b1275f2d-39ad-471b-b40b-6b5e810ed750-server-thread1] INFO  segmented.SegmentedRaftLogWorker (SegmentedRaftLogWorker.java:startLogSegment(447)) - b1275f2d-39ad-471b-b40b-6b5e810ed750@group-27E939994E1F-SegmentedRaftLogWorker: Starting segment from index:0
2023-09-07 04:48:29,365 [0eb6895c-dd30-4da0-bb92-00e2e7e9df9f-server-thread1] INFO  server.RaftServer$Division (ServerState.java:setRaftConf(434)) - 0eb6895c-dd30-4da0-bb92-00e2e7e9df9f@group-27E939994E1F: set configuration 0: peers:[0eb6895c-dd30-4da0-bb92-00e2e7e9df9f|rpc:10.1.0.9:15032|admin:10.1.0.9:15031|client:10.1.0.9:15030|dataStream:10.1.0.9:15033|priority:0|startupRole:FOLLOWER, 8c6092c3-8da2-4ae2-b503-635dac77af5e|rpc:10.1.0.9:15014|admin:10.1.0.9:15013|client:10.1.0.9:15012|dataStream:10.1.0.9:15015|priority:1|startupRole:FOLLOWER, b1275f2d-39ad-471b-b40b-6b5e810ed750|rpc:10.1.0.9:15023|admin:10.1.0.9:15022|client:10.1.0.9:15021|dataStream:10.1.0.9:15024|priority:0|startupRole:FOLLOWER]|listeners:[], old=null
2023-09-07 04:48:29,372 [b1275f2d-39ad-471b-b40b-6b5e810ed750@group-27E939994E1F-SegmentedRaftLogWorker] INFO  segmented.SegmentedRaftLogWorker (SegmentedRaftLogWorker.java:execute(651)) - b1275f2d-39ad-471b-b40b-6b5e810ed750@group-27E939994E1F-SegmentedRaftLogWorker: created new log segment /home/runner/work/ozone/ozone/hadoop-ozone/integration-test/target/test-dir/MiniOzoneClusterImpl-34c981b6-280a-47ca-b885-362eca6d2b46/datanode-1/data/ratis/f40bc65f-aff4-4ed1-a5ea-27e939994e1f/current/log_inprogress_0
2023-09-07 04:48:29,383 [0eb6895c-dd30-4da0-bb92-00e2e7e9df9f-server-thread1] INFO  segmented.SegmentedRaftLogWorker (SegmentedRaftLogWorker.java:startLogSegment(447)) - 0eb6895c-dd30-4da0-bb92-00e2e7e9df9f@group-27E939994E1F-SegmentedRaftLogWorker: Starting segment from index:0
2023-09-07 04:48:29,391 [0eb6895c-dd30-4da0-bb92-00e2e7e9df9f@group-27E939994E1F-SegmentedRaftLogWorker] INFO  segmented.SegmentedRaftLogWorker (SegmentedRaftLogWorker.java:execute(651)) - 0eb6895c-dd30-4da0-bb92-00e2e7e9df9f@group-27E939994E1F-SegmentedRaftLogWorker: created new log segment /home/runner/work/ozone/ozone/hadoop-ozone/integration-test/target/test-dir/MiniOzoneClusterImpl-34c981b6-280a-47ca-b885-362eca6d2b46/datanode-2/data/ratis/f40bc65f-aff4-4ed1-a5ea-27e939994e1f/current/log_inprogress_0
2023-09-07 04:48:29,772 [b1275f2d-39ad-471b-b40b-6b5e810ed750@group-178E19979CDD-FollowerState] INFO  impl.FollowerState (FollowerState.java:run(143)) - b1275f2d-39ad-471b-b40b-6b5e810ed750@group-178E19979CDD-FollowerState: change to CANDIDATE, lastRpcElapsedTime:5182099683ns, electionTimeout:5168ms
2023-09-07 04:48:29,773 [b1275f2d-39ad-471b-b40b-6b5e810ed750@group-178E19979CDD-FollowerState] INFO  impl.RoleInfo (RoleInfo.java:shutdownFollowerState(110)) - b1275f2d-39ad-471b-b40b-6b5e810ed750: shutdown b1275f2d-39ad-471b-b40b-6b5e810ed750@group-178E19979CDD-FollowerState
2023-09-07 04:48:29,773 [b1275f2d-39ad-471b-b40b-6b5e810ed750@group-178E19979CDD-FollowerState] INFO  server.RaftServer$Division (RaftServerImpl.java:setRole(329)) - b1275f2d-39ad-471b-b40b-6b5e810ed750@group-178E19979CDD: changes role from  FOLLOWER to CANDIDATE at term 0 for changeToCandidate
2023-09-07 04:48:29,774 [b1275f2d-39ad-471b-b40b-6b5e810ed750@group-178E19979CDD-FollowerState] INFO  server.RaftServerConfigKeys (ConfUtils.java:logGet(46)) - raft.server.leaderelection.pre-vote = true (default)
2023-09-07 04:48:29,774 [b1275f2d-39ad-471b-b40b-6b5e810ed750@group-178E19979CDD-FollowerState] INFO  impl.RoleInfo (RoleInfo.java:updateAndGet(139)) - b1275f2d-39ad-471b-b40b-6b5e810ed750: start b1275f2d-39ad-471b-b40b-6b5e810ed750@group-178E19979CDD-LeaderElection4
2023-09-07 04:48:29,776 [b1275f2d-39ad-471b-b40b-6b5e810ed750@group-178E19979CDD-LeaderElection4] INFO  impl.LeaderElection (LeaderElection.java:askForVotes(321)) - b1275f2d-39ad-471b-b40b-6b5e810ed750@group-178E19979CDD-LeaderElection4 PRE_VOTE round 0: submit vote requests at term 0 for -1: peers:[b1275f2d-39ad-471b-b40b-6b5e810ed750|rpc:10.1.0.9:15023|admin:10.1.0.9:15022|client:10.1.0.9:15021|dataStream:10.1.0.9:15024|priority:1|startupRole:FOLLOWER]|listeners:[], old=null
2023-09-07 04:48:29,776 [b1275f2d-39ad-471b-b40b-6b5e810ed750@group-178E19979CDD-LeaderElection4] INFO  impl.LeaderElection (LeaderElection.java:askForVotes(323)) - b1275f2d-39ad-471b-b40b-6b5e810ed750@group-178E19979CDD-LeaderElection4 PRE_VOTE round 0: result PASSED (term=0)
2023-09-07 04:48:29,778 [b1275f2d-39ad-471b-b40b-6b5e810ed750@group-178E19979CDD-LeaderElection4] INFO  impl.LeaderElection (LeaderElection.java:askForVotes(321)) - b1275f2d-39ad-471b-b40b-6b5e810ed750@group-178E19979CDD-LeaderElection4 ELECTION round 0: submit vote requests at term 1 for -1: peers:[b1275f2d-39ad-471b-b40b-6b5e810ed750|rpc:10.1.0.9:15023|admin:10.1.0.9:15022|client:10.1.0.9:15021|dataStream:10.1.0.9:15024|priority:1|startupRole:FOLLOWER]|listeners:[], old=null
2023-09-07 04:48:29,778 [b1275f2d-39ad-471b-b40b-6b5e810ed750@group-178E19979CDD-LeaderElection4] INFO  impl.LeaderElection (LeaderElection.java:askForVotes(323)) - b1275f2d-39ad-471b-b40b-6b5e810ed750@group-178E19979CDD-LeaderElection4 ELECTION round 0: result PASSED (term=1)
2023-09-07 04:48:29,778 [b1275f2d-39ad-471b-b40b-6b5e810ed750@group-178E19979CDD-LeaderElection4] INFO  impl.RoleInfo (RoleInfo.java:shutdownLeaderElection(130)) - b1275f2d-39ad-471b-b40b-6b5e810ed750: shutdown b1275f2d-39ad-471b-b40b-6b5e810ed750@group-178E19979CDD-LeaderElection4
2023-09-07 04:48:29,779 [b1275f2d-39ad-471b-b40b-6b5e810ed750@group-178E19979CDD-LeaderElection4] INFO  server.RaftServer$Division (RaftServerImpl.java:setRole(329)) - b1275f2d-39ad-471b-b40b-6b5e810ed750@group-178E19979CDD: changes role from CANDIDATE to LEADER at term 1 for changeToLeader
2023-09-07 04:48:29,779 [b1275f2d-39ad-471b-b40b-6b5e810ed750@group-178E19979CDD-LeaderElection4] INFO  ratis.XceiverServerRatis (XceiverServerRatis.java:handleLeaderChangedNotification(902)) - Leader change notification received for group: group-178E19979CDD with new leaderId: b1275f2d-39ad-471b-b40b-6b5e810ed750
2023-09-07 04:48:29,779 [b1275f2d-39ad-471b-b40b-6b5e810ed750@group-178E19979CDD-LeaderElection4] INFO  server.RaftServer$Division (ServerState.java:setLeader(317)) - b1275f2d-39ad-471b-b40b-6b5e810ed750@group-178E19979CDD: change Leader from null to b1275f2d-39ad-471b-b40b-6b5e810ed750 at term 1 for becomeLeader, leader elected after 5487ms
2023-09-07 04:48:29,779 [b1275f2d-39ad-471b-b40b-6b5e810ed750@group-178E19979CDD-LeaderElection4] INFO  server.RaftServerConfigKeys (ConfUtils.java:logGet(46)) - raft.server.staging.catchup.gap = 1000 (default)
2023-09-07 04:48:29,780 [b1275f2d-39ad-471b-b40b-6b5e810ed750@group-178E19979CDD-LeaderElection4] INFO  server.RaftServerConfigKeys (ConfUtils.java:logGet(46)) - raft.server.write.element-limit = 1024 (custom)
2023-09-07 04:48:29,780 [b1275f2d-39ad-471b-b40b-6b5e810ed750@group-178E19979CDD-LeaderElection4] INFO  server.RaftServerConfigKeys (ConfUtils.java:logGet(46)) - raft.server.write.byte-limit = 1024 M (=1073741824) (custom)
2023-09-07 04:48:29,781 [b1275f2d-39ad-471b-b40b-6b5e810ed750@group-178E19979CDD-LeaderElection4] INFO  server.RaftServerConfigKeys (ConfUtils.java:logGet(46)) - raft.server.watch.timeout = 180s (custom)
2023-09-07 04:48:29,781 [b1275f2d-39ad-471b-b40b-6b5e810ed750@group-178E19979CDD-LeaderElection4] INFO  server.RaftServerConfigKeys (ConfUtils.java:logGet(46)) - raft.server.watch.timeout.denomination = 1s (default)
2023-09-07 04:48:29,781 [b1275f2d-39ad-471b-b40b-6b5e810ed750@group-178E19979CDD-LeaderElection4] INFO  server.RaftServerConfigKeys (ConfUtils.java:logGet(46)) - raft.server.watch.element-limit = 65536 (default)
2023-09-07 04:48:29,781 [b1275f2d-39ad-471b-b40b-6b5e810ed750@group-178E19979CDD-LeaderElection4] INFO  server.RaftServerConfigKeys (ConfUtils.java:logGet(46)) - raft.server.write.element-limit = 1024 (custom)
2023-09-07 04:48:29,782 [main] INFO  ozone.MiniOzoneClusterImpl (MiniOzoneClusterImpl.java:lambda$waitForClusterToBeReady$0(224)) - Nodes are ready. Got 5 of 5 DN Heartbeats.
2023-09-07 04:48:29,782 [main] INFO  ozone.MiniOzoneClusterImpl (MiniOzoneClusterImpl.java:lambda$waitForClusterToBeReady$0(227)) - Cluster exits safe mode
2023-09-07 04:48:29,782 [main] INFO  ozone.MiniOzoneClusterImpl (MiniOzoneClusterImpl.java:lambda$waitForClusterToBeReady$0(229)) - SCM became leader
2023-09-07 04:48:29,782 [b1275f2d-39ad-471b-b40b-6b5e810ed750@group-178E19979CDD-LeaderElection4] INFO  server.RaftServerConfigKeys (ConfUtils.java:logGet(46)) - raft.server.write.follower.gap.ratio.max = -1.0 (default)
2023-09-07 04:48:29,782 [b1275f2d-39ad-471b-b40b-6b5e810ed750@group-178E19979CDD-LeaderElection4] INFO  impl.RoleInfo (RoleInfo.java:updateAndGet(139)) - b1275f2d-39ad-471b-b40b-6b5e810ed750: start b1275f2d-39ad-471b-b40b-6b5e810ed750@group-178E19979CDD-LeaderStateImpl
2023-09-07 04:48:29,782 [b1275f2d-39ad-471b-b40b-6b5e810ed750@group-178E19979CDD-LeaderElection4] INFO  segmented.SegmentedRaftLogWorker (SegmentedRaftLogWorker.java:startLogSegment(447)) - b1275f2d-39ad-471b-b40b-6b5e810ed750@group-178E19979CDD-SegmentedRaftLogWorker: Starting segment from index:0
2023-09-07 04:48:29,786 [b1275f2d-39ad-471b-b40b-6b5e810ed750@group-178E19979CDD-LeaderElection4] INFO  server.RaftServer$Division (ServerState.java:setRaftConf(434)) - b1275f2d-39ad-471b-b40b-6b5e810ed750@group-178E19979CDD: set configuration 0: peers:[b1275f2d-39ad-471b-b40b-6b5e810ed750|rpc:10.1.0.9:15023|admin:10.1.0.9:15022|client:10.1.0.9:15021|dataStream:10.1.0.9:15024|priority:1|startupRole:FOLLOWER]|listeners:[], old=null
2023-09-07 04:48:29,789 [b1275f2d-39ad-471b-b40b-6b5e810ed750@group-178E19979CDD-SegmentedRaftLogWorker] INFO  segmented.SegmentedRaftLogWorker (SegmentedRaftLogWorker.java:execute(651)) - b1275f2d-39ad-471b-b40b-6b5e810ed750@group-178E19979CDD-SegmentedRaftLogWorker: created new log segment /home/runner/work/ozone/ozone/hadoop-ozone/integration-test/target/test-dir/MiniOzoneClusterImpl-34c981b6-280a-47ca-b885-362eca6d2b46/datanode-1/data/ratis/025be21e-9425-498f-9c4c-178e19979cdd/current/log_inprogress_0
2023-09-07 04:48:29,997 [0eb6895c-dd30-4da0-bb92-00e2e7e9df9f@group-584F76359502-FollowerState] INFO  impl.FollowerState (FollowerState.java:run(143)) - 0eb6895c-dd30-4da0-bb92-00e2e7e9df9f@group-584F76359502-FollowerState: change to CANDIDATE, lastRpcElapsedTime:5128968152ns, electionTimeout:5126ms
2023-09-07 04:48:29,997 [0eb6895c-dd30-4da0-bb92-00e2e7e9df9f@group-584F76359502-FollowerState] INFO  impl.RoleInfo (RoleInfo.java:shutdownFollowerState(110)) - 0eb6895c-dd30-4da0-bb92-00e2e7e9df9f: shutdown 0eb6895c-dd30-4da0-bb92-00e2e7e9df9f@group-584F76359502-FollowerState
2023-09-07 04:48:29,997 [0eb6895c-dd30-4da0-bb92-00e2e7e9df9f@group-584F76359502-FollowerState] INFO  server.RaftServer$Division (RaftServerImpl.java:setRole(329)) - 0eb6895c-dd30-4da0-bb92-00e2e7e9df9f@group-584F76359502: changes role from  FOLLOWER to CANDIDATE at term 0 for changeToCandidate
2023-09-07 04:48:29,998 [0eb6895c-dd30-4da0-bb92-00e2e7e9df9f@group-584F76359502-FollowerState] INFO  server.RaftServerConfigKeys (ConfUtils.java:logGet(46)) - raft.server.leaderelection.pre-vote = true (default)
2023-09-07 04:48:29,998 [0eb6895c-dd30-4da0-bb92-00e2e7e9df9f@group-584F76359502-FollowerState] INFO  impl.RoleInfo (RoleInfo.java:updateAndGet(139)) - 0eb6895c-dd30-4da0-bb92-00e2e7e9df9f: start 0eb6895c-dd30-4da0-bb92-00e2e7e9df9f@group-584F76359502-LeaderElection5
2023-09-07 04:48:30,008 [0eb6895c-dd30-4da0-bb92-00e2e7e9df9f@group-584F76359502-LeaderElection5] INFO  impl.LeaderElection (LeaderElection.java:askForVotes(321)) - 0eb6895c-dd30-4da0-bb92-00e2e7e9df9f@group-584F76359502-LeaderElection5 PRE_VOTE round 0: submit vote requests at term 0 for -1: peers:[0eb6895c-dd30-4da0-bb92-00e2e7e9df9f|rpc:10.1.0.9:15032|admin:10.1.0.9:15031|client:10.1.0.9:15030|dataStream:10.1.0.9:15033|priority:1|startupRole:FOLLOWER]|listeners:[], old=null
2023-09-07 04:48:30,008 [0eb6895c-dd30-4da0-bb92-00e2e7e9df9f@group-584F76359502-LeaderElection5] INFO  impl.LeaderElection (LeaderElection.java:askForVotes(323)) - 0eb6895c-dd30-4da0-bb92-00e2e7e9df9f@group-584F76359502-LeaderElection5 PRE_VOTE round 0: result PASSED (term=0)
2023-09-07 04:48:30,010 [0eb6895c-dd30-4da0-bb92-00e2e7e9df9f@group-584F76359502-LeaderElection5] INFO  impl.LeaderElection (LeaderElection.java:askForVotes(321)) - 0eb6895c-dd30-4da0-bb92-00e2e7e9df9f@group-584F76359502-LeaderElection5 ELECTION round 0: submit vote requests at term 1 for -1: peers:[0eb6895c-dd30-4da0-bb92-00e2e7e9df9f|rpc:10.1.0.9:15032|admin:10.1.0.9:15031|client:10.1.0.9:15030|dataStream:10.1.0.9:15033|priority:1|startupRole:FOLLOWER]|listeners:[], old=null
2023-09-07 04:48:30,010 [0eb6895c-dd30-4da0-bb92-00e2e7e9df9f@group-584F76359502-LeaderElection5] INFO  impl.LeaderElection (LeaderElection.java:askForVotes(323)) - 0eb6895c-dd30-4da0-bb92-00e2e7e9df9f@group-584F76359502-LeaderElection5 ELECTION round 0: result PASSED (term=1)
2023-09-07 04:48:30,010 [0eb6895c-dd30-4da0-bb92-00e2e7e9df9f@group-584F76359502-LeaderElection5] INFO  impl.RoleInfo (RoleInfo.java:shutdownLeaderElection(130)) - 0eb6895c-dd30-4da0-bb92-00e2e7e9df9f: shutdown 0eb6895c-dd30-4da0-bb92-00e2e7e9df9f@group-584F76359502-LeaderElection5
2023-09-07 04:48:30,010 [0eb6895c-dd30-4da0-bb92-00e2e7e9df9f@group-584F76359502-LeaderElection5] INFO  server.RaftServer$Division (RaftServerImpl.java:setRole(329)) - 0eb6895c-dd30-4da0-bb92-00e2e7e9df9f@group-584F76359502: changes role from CANDIDATE to LEADER at term 1 for changeToLeader
2023-09-07 04:48:30,010 [0eb6895c-dd30-4da0-bb92-00e2e7e9df9f@group-584F76359502-LeaderElection5] INFO  ratis.XceiverServerRatis (XceiverServerRatis.java:handleLeaderChangedNotification(902)) - Leader change notification received for group: group-584F76359502 with new leaderId: 0eb6895c-dd30-4da0-bb92-00e2e7e9df9f
2023-09-07 04:48:30,011 [0eb6895c-dd30-4da0-bb92-00e2e7e9df9f@group-584F76359502-LeaderElection5] INFO  server.RaftServer$Division (ServerState.java:setLeader(317)) - 0eb6895c-dd30-4da0-bb92-00e2e7e9df9f@group-584F76359502: change Leader from null to 0eb6895c-dd30-4da0-bb92-00e2e7e9df9f at term 1 for becomeLeader, leader elected after 5215ms
2023-09-07 04:48:30,011 [0eb6895c-dd30-4da0-bb92-00e2e7e9df9f@group-584F76359502-LeaderElection5] INFO  server.RaftServerConfigKeys (ConfUtils.java:logGet(46)) - raft.server.staging.catchup.gap = 1000 (default)
2023-09-07 04:48:30,016 [0eb6895c-dd30-4da0-bb92-00e2e7e9df9f@group-584F76359502-LeaderElection5] INFO  server.RaftServerConfigKeys (ConfUtils.java:logGet(46)) - raft.server.write.element-limit = 1024 (custom)
2023-09-07 04:48:30,016 [0eb6895c-dd30-4da0-bb92-00e2e7e9df9f@group-584F76359502-LeaderElection5] INFO  server.RaftServerConfigKeys (ConfUtils.java:logGet(46)) - raft.server.write.byte-limit = 1024 M (=1073741824) (custom)
2023-09-07 04:48:30,016 [0eb6895c-dd30-4da0-bb92-00e2e7e9df9f@group-584F76359502-LeaderElection5] INFO  server.RaftServerConfigKeys (ConfUtils.java:logGet(46)) - raft.server.watch.timeout = 180s (custom)
2023-09-07 04:48:30,017 [0eb6895c-dd30-4da0-bb92-00e2e7e9df9f@group-584F76359502-LeaderElection5] INFO  server.RaftServerConfigKeys (ConfUtils.java:logGet(46)) - raft.server.watch.timeout.denomination = 1s (default)
2023-09-07 04:48:30,018 [0eb6895c-dd30-4da0-bb92-00e2e7e9df9f@group-584F76359502-LeaderElection5] INFO  server.RaftServerConfigKeys (ConfUtils.java:logGet(46)) - raft.server.watch.element-limit = 65536 (default)
2023-09-07 04:48:30,018 [0eb6895c-dd30-4da0-bb92-00e2e7e9df9f@group-584F76359502-LeaderElection5] INFO  server.RaftServerConfigKeys (ConfUtils.java:logGet(46)) - raft.server.write.element-limit = 1024 (custom)
2023-09-07 04:48:30,018 [0eb6895c-dd30-4da0-bb92-00e2e7e9df9f@group-584F76359502-LeaderElection5] INFO  server.RaftServerConfigKeys (ConfUtils.java:logGet(46)) - raft.server.write.follower.gap.ratio.max = -1.0 (default)
2023-09-07 04:48:30,019 [0eb6895c-dd30-4da0-bb92-00e2e7e9df9f@group-584F76359502-LeaderElection5] INFO  impl.RoleInfo (RoleInfo.java:updateAndGet(139)) - 0eb6895c-dd30-4da0-bb92-00e2e7e9df9f: start 0eb6895c-dd30-4da0-bb92-00e2e7e9df9f@group-584F76359502-LeaderStateImpl
2023-09-07 04:48:30,019 [0eb6895c-dd30-4da0-bb92-00e2e7e9df9f@group-584F76359502-LeaderElection5] INFO  segmented.SegmentedRaftLogWorker (SegmentedRaftLogWorker.java:startLogSegment(447)) - 0eb6895c-dd30-4da0-bb92-00e2e7e9df9f@group-584F76359502-SegmentedRaftLogWorker: Starting segment from index:0
2023-09-07 04:48:30,021 [0eb6895c-dd30-4da0-bb92-00e2e7e9df9f@group-584F76359502-SegmentedRaftLogWorker] INFO  segmented.SegmentedRaftLogWorker (SegmentedRaftLogWorker.java:execute(651)) - 0eb6895c-dd30-4da0-bb92-00e2e7e9df9f@group-584F76359502-SegmentedRaftLogWorker: created new log segment /home/runner/work/ozone/ozone/hadoop-ozone/integration-test/target/test-dir/MiniOzoneClusterImpl-34c981b6-280a-47ca-b885-362eca6d2b46/datanode-2/data/ratis/d5a7257d-5ac0-43ef-96dc-584f76359502/current/log_inprogress_0
2023-09-07 04:48:30,024 [0eb6895c-dd30-4da0-bb92-00e2e7e9df9f@group-584F76359502-LeaderElection5] INFO  server.RaftServer$Division (ServerState.java:setRaftConf(434)) - 0eb6895c-dd30-4da0-bb92-00e2e7e9df9f@group-584F76359502: set configuration 0: peers:[0eb6895c-dd30-4da0-bb92-00e2e7e9df9f|rpc:10.1.0.9:15032|admin:10.1.0.9:15031|client:10.1.0.9:15030|dataStream:10.1.0.9:15033|priority:1|startupRole:FOLLOWER]|listeners:[], old=null
2023-09-07 04:48:30,180 [0eb6895c-dd30-4da0-bb92-00e2e7e9df9f@group-3A85F9A1A5BA-FollowerState] INFO  impl.FollowerState (FollowerState.java:run(143)) - 0eb6895c-dd30-4da0-bb92-00e2e7e9df9f@group-3A85F9A1A5BA-FollowerState: change to CANDIDATE, lastRpcElapsedTime:5158020589ns, electionTimeout:5138ms
2023-09-07 04:48:30,180 [0eb6895c-dd30-4da0-bb92-00e2e7e9df9f@group-3A85F9A1A5BA-FollowerState] INFO  impl.RoleInfo (RoleInfo.java:shutdownFollowerState(110)) - 0eb6895c-dd30-4da0-bb92-00e2e7e9df9f: shutdown 0eb6895c-dd30-4da0-bb92-00e2e7e9df9f@group-3A85F9A1A5BA-FollowerState
2023-09-07 04:48:30,181 [0eb6895c-dd30-4da0-bb92-00e2e7e9df9f@group-3A85F9A1A5BA-FollowerState] INFO  server.RaftServer$Division (RaftServerImpl.java:setRole(329)) - 0eb6895c-dd30-4da0-bb92-00e2e7e9df9f@group-3A85F9A1A5BA: changes role from  FOLLOWER to CANDIDATE at term 0 for changeToCandidate
2023-09-07 04:48:30,181 [0eb6895c-dd30-4da0-bb92-00e2e7e9df9f@group-3A85F9A1A5BA-FollowerState] INFO  server.RaftServerConfigKeys (ConfUtils.java:logGet(46)) - raft.server.leaderelection.pre-vote = true (default)
2023-09-07 04:48:30,181 [0eb6895c-dd30-4da0-bb92-00e2e7e9df9f@group-3A85F9A1A5BA-FollowerState] INFO  impl.RoleInfo (RoleInfo.java:updateAndGet(139)) - 0eb6895c-dd30-4da0-bb92-00e2e7e9df9f: start 0eb6895c-dd30-4da0-bb92-00e2e7e9df9f@group-3A85F9A1A5BA-LeaderElection6
2023-09-07 04:48:30,185 [0eb6895c-dd30-4da0-bb92-00e2e7e9df9f@group-3A85F9A1A5BA-LeaderElection6] INFO  impl.LeaderElection (LeaderElection.java:askForVotes(321)) - 0eb6895c-dd30-4da0-bb92-00e2e7e9df9f@group-3A85F9A1A5BA-LeaderElection6 PRE_VOTE round 0: submit vote requests at term 0 for -1: peers:[0eb6895c-dd30-4da0-bb92-00e2e7e9df9f|rpc:10.1.0.9:15032|admin:10.1.0.9:15031|client:10.1.0.9:15030|dataStream:10.1.0.9:15033|priority:0|startupRole:FOLLOWER, 8c6092c3-8da2-4ae2-b503-635dac77af5e|rpc:10.1.0.9:15014|admin:10.1.0.9:15013|client:10.1.0.9:15012|dataStream:10.1.0.9:15015|priority:0|startupRole:FOLLOWER, b1275f2d-39ad-471b-b40b-6b5e810ed750|rpc:10.1.0.9:15023|admin:10.1.0.9:15022|client:10.1.0.9:15021|dataStream:10.1.0.9:15024|priority:1|startupRole:FOLLOWER]|listeners:[], old=null
2023-09-07 04:48:30,193 [0eb6895c-dd30-4da0-bb92-00e2e7e9df9f@group-3A85F9A1A5BA-LeaderElection6-1] INFO  server.GrpcServerProtocolClient (GrpcServerProtocolClient.java:<init>(65)) - Build channel for 8c6092c3-8da2-4ae2-b503-635dac77af5e
2023-09-07 04:48:30,198 [0eb6895c-dd30-4da0-bb92-00e2e7e9df9f@group-3A85F9A1A5BA-LeaderElection6] INFO  server.RaftServerConfigKeys (ConfUtils.java:logFallback(53)) - raft.server.rpc.first-election.timeout.min = 5s (fallback to raft.server.rpc.timeout.min)
2023-09-07 04:48:30,204 [0eb6895c-dd30-4da0-bb92-00e2e7e9df9f@group-3A85F9A1A5BA-LeaderElection6] INFO  server.RaftServerConfigKeys (ConfUtils.java:logFallback(53)) - raft.server.rpc.first-election.timeout.max = 5200ms (fallback to raft.server.rpc.timeout.max)
2023-09-07 04:48:30,206 [0eb6895c-dd30-4da0-bb92-00e2e7e9df9f@group-3A85F9A1A5BA-LeaderElection6-2] INFO  server.GrpcServerProtocolClient (GrpcServerProtocolClient.java:<init>(65)) - Build channel for b1275f2d-39ad-471b-b40b-6b5e810ed750
2023-09-07 04:48:30,231 [grpc-default-executor-5] INFO  server.RaftServer$Division (RaftServerImpl.java:requestVote(1302)) - 8c6092c3-8da2-4ae2-b503-635dac77af5e@group-3A85F9A1A5BA: receive requestVote(PRE_VOTE, 0eb6895c-dd30-4da0-bb92-00e2e7e9df9f, group-3A85F9A1A5BA, 0, (t:0, i:0))
2023-09-07 04:48:30,232 [grpc-default-executor-5] INFO  impl.VoteContext (VoteContext.java:log(49)) - 8c6092c3-8da2-4ae2-b503-635dac77af5e@group-3A85F9A1A5BA-FOLLOWER: accept PRE_VOTE from 0eb6895c-dd30-4da0-bb92-00e2e7e9df9f: our priority 0 <= candidate's priority 0
2023-09-07 04:48:30,232 [grpc-default-executor-5] INFO  server.RaftServer$Division (RaftServerImpl.java:requestVote(1335)) - 8c6092c3-8da2-4ae2-b503-635dac77af5e@group-3A85F9A1A5BA replies to PRE_VOTE vote request: 0eb6895c-dd30-4da0-bb92-00e2e7e9df9f<-8c6092c3-8da2-4ae2-b503-635dac77af5e#0:OK-t0. Peer's state: 8c6092c3-8da2-4ae2-b503-635dac77af5e@group-3A85F9A1A5BA:t0, leader=null, voted=, raftlog=Memoized:8c6092c3-8da2-4ae2-b503-635dac77af5e@group-3A85F9A1A5BA-SegmentedRaftLog:OPENED:c-1, conf=-1: peers:[0eb6895c-dd30-4da0-bb92-00e2e7e9df9f|rpc:10.1.0.9:15032|admin:10.1.0.9:15031|client:10.1.0.9:15030|dataStream:10.1.0.9:15033|priority:0|startupRole:FOLLOWER, 8c6092c3-8da2-4ae2-b503-635dac77af5e|rpc:10.1.0.9:15014|admin:10.1.0.9:15013|client:10.1.0.9:15012|dataStream:10.1.0.9:15015|priority:0|startupRole:FOLLOWER, b1275f2d-39ad-471b-b40b-6b5e810ed750|rpc:10.1.0.9:15023|admin:10.1.0.9:15022|client:10.1.0.9:15021|dataStream:10.1.0.9:15024|priority:1|startupRole:FOLLOWER]|listeners:[], old=null
2023-09-07 04:48:30,249 [b1275f2d-39ad-471b-b40b-6b5e810ed750@group-3A85F9A1A5BA-FollowerState] INFO  impl.FollowerState (FollowerState.java:run(143)) - b1275f2d-39ad-471b-b40b-6b5e810ed750@group-3A85F9A1A5BA-FollowerState: change to CANDIDATE, lastRpcElapsedTime:5076269224ns, electionTimeout:5048ms
2023-09-07 04:48:30,250 [b1275f2d-39ad-471b-b40b-6b5e810ed750@group-3A85F9A1A5BA-FollowerState] INFO  impl.RoleInfo (RoleInfo.java:shutdownFollowerState(110)) - b1275f2d-39ad-471b-b40b-6b5e810ed750: shutdown b1275f2d-39ad-471b-b40b-6b5e810ed750@group-3A85F9A1A5BA-FollowerState
2023-09-07 04:48:30,250 [b1275f2d-39ad-471b-b40b-6b5e810ed750@group-3A85F9A1A5BA-FollowerState] INFO  server.RaftServer$Division (RaftServerImpl.java:setRole(329)) - b1275f2d-39ad-471b-b40b-6b5e810ed750@group-3A85F9A1A5BA: changes role from  FOLLOWER to CANDIDATE at term 0 for changeToCandidate
2023-09-07 04:48:30,250 [b1275f2d-39ad-471b-b40b-6b5e810ed750@group-3A85F9A1A5BA-FollowerState] INFO  server.RaftServerConfigKeys (ConfUtils.java:logGet(46)) - raft.server.leaderelection.pre-vote = true (default)
2023-09-07 04:48:30,250 [b1275f2d-39ad-471b-b40b-6b5e810ed750@group-3A85F9A1A5BA-FollowerState] INFO  impl.RoleInfo (RoleInfo.java:updateAndGet(139)) - b1275f2d-39ad-471b-b40b-6b5e810ed750: start b1275f2d-39ad-471b-b40b-6b5e810ed750@group-3A85F9A1A5BA-LeaderElection7
2023-09-07 04:48:30,253 [grpc-default-executor-5] INFO  server.RaftServer$Division (RaftServerImpl.java:requestVote(1302)) - b1275f2d-39ad-471b-b40b-6b5e810ed750@group-3A85F9A1A5BA: receive requestVote(PRE_VOTE, 0eb6895c-dd30-4da0-bb92-00e2e7e9df9f, group-3A85F9A1A5BA, 0, (t:0, i:0))
2023-09-07 04:48:30,266 [grpc-default-executor-5] INFO  impl.VoteContext (VoteContext.java:log(49)) - b1275f2d-39ad-471b-b40b-6b5e810ed750@group-3A85F9A1A5BA-CANDIDATE: reject PRE_VOTE from 0eb6895c-dd30-4da0-bb92-00e2e7e9df9f: our priority 1 > candidate's priority 0
2023-09-07 04:48:30,266 [grpc-default-executor-5] INFO  server.RaftServer$Division (RaftServerImpl.java:requestVote(1335)) - b1275f2d-39ad-471b-b40b-6b5e810ed750@group-3A85F9A1A5BA replies to PRE_VOTE vote request: 0eb6895c-dd30-4da0-bb92-00e2e7e9df9f<-b1275f2d-39ad-471b-b40b-6b5e810ed750#0:FAIL-t0. Peer's state: b1275f2d-39ad-471b-b40b-6b5e810ed750@group-3A85F9A1A5BA:t0, leader=null, voted=, raftlog=Memoized:b1275f2d-39ad-471b-b40b-6b5e810ed750@group-3A85F9A1A5BA-SegmentedRaftLog:OPENED:c-1, conf=-1: peers:[0eb6895c-dd30-4da0-bb92-00e2e7e9df9f|rpc:10.1.0.9:15032|admin:10.1.0.9:15031|client:10.1.0.9:15030|dataStream:10.1.0.9:15033|priority:0|startupRole:FOLLOWER, 8c6092c3-8da2-4ae2-b503-635dac77af5e|rpc:10.1.0.9:15014|admin:10.1.0.9:15013|client:10.1.0.9:15012|dataStream:10.1.0.9:15015|priority:0|startupRole:FOLLOWER, b1275f2d-39ad-471b-b40b-6b5e810ed750|rpc:10.1.0.9:15023|admin:10.1.0.9:15022|client:10.1.0.9:15021|dataStream:10.1.0.9:15024|priority:1|startupRole:FOLLOWER]|listeners:[], old=null
2023-09-07 04:48:30,270 [0eb6895c-dd30-4da0-bb92-00e2e7e9df9f@group-3A85F9A1A5BA-LeaderElection6] INFO  impl.LeaderElection (LeaderElection.java:logAndReturn(90)) - 0eb6895c-dd30-4da0-bb92-00e2e7e9df9f@group-3A85F9A1A5BA-LeaderElection6: PRE_VOTE REJECTED received 2 response(s) and 0 exception(s):
2023-09-07 04:48:30,270 [0eb6895c-dd30-4da0-bb92-00e2e7e9df9f@group-3A85F9A1A5BA-LeaderElection6] INFO  impl.LeaderElection (LeaderElection.java:logAndReturn(94)) -   Response 0: 0eb6895c-dd30-4da0-bb92-00e2e7e9df9f<-8c6092c3-8da2-4ae2-b503-635dac77af5e#0:OK-t0
2023-09-07 04:48:30,270 [0eb6895c-dd30-4da0-bb92-00e2e7e9df9f@group-3A85F9A1A5BA-LeaderElection6] INFO  impl.LeaderElection (LeaderElection.java:logAndReturn(94)) -   Response 1: 0eb6895c-dd30-4da0-bb92-00e2e7e9df9f<-b1275f2d-39ad-471b-b40b-6b5e810ed750#0:FAIL-t0
2023-09-07 04:48:30,270 [0eb6895c-dd30-4da0-bb92-00e2e7e9df9f@group-3A85F9A1A5BA-LeaderElection6] INFO  impl.LeaderElection (LeaderElection.java:askForVotes(323)) - 0eb6895c-dd30-4da0-bb92-00e2e7e9df9f@group-3A85F9A1A5BA-LeaderElection6 PRE_VOTE round 0: result REJECTED
2023-09-07 04:48:30,270 [0eb6895c-dd30-4da0-bb92-00e2e7e9df9f@group-3A85F9A1A5BA-LeaderElection6] INFO  server.RaftServer$Division (RaftServerImpl.java:setRole(329)) - 0eb6895c-dd30-4da0-bb92-00e2e7e9df9f@group-3A85F9A1A5BA: changes role from CANDIDATE to FOLLOWER at term 0 for REJECTED
2023-09-07 04:48:30,270 [0eb6895c-dd30-4da0-bb92-00e2e7e9df9f@group-3A85F9A1A5BA-LeaderElection6] INFO  impl.RoleInfo (RoleInfo.java:shutdownLeaderElection(130)) - 0eb6895c-dd30-4da0-bb92-00e2e7e9df9f: shutdown 0eb6895c-dd30-4da0-bb92-00e2e7e9df9f@group-3A85F9A1A5BA-LeaderElection6
2023-09-07 04:48:30,270 [0eb6895c-dd30-4da0-bb92-00e2e7e9df9f@group-3A85F9A1A5BA-LeaderElection6] INFO  impl.RoleInfo (RoleInfo.java:updateAndGet(139)) - 0eb6895c-dd30-4da0-bb92-00e2e7e9df9f: start 0eb6895c-dd30-4da0-bb92-00e2e7e9df9f@group-3A85F9A1A5BA-FollowerState
2023-09-07 04:48:30,274 [b1275f2d-39ad-471b-b40b-6b5e810ed750@group-3A85F9A1A5BA-LeaderElection7] INFO  impl.LeaderElection (LeaderElection.java:askForVotes(321)) - b1275f2d-39ad-471b-b40b-6b5e810ed750@group-3A85F9A1A5BA-LeaderElection7 PRE_VOTE round 0: submit vote requests at term 0 for -1: peers:[0eb6895c-dd30-4da0-bb92-00e2e7e9df9f|rpc:10.1.0.9:15032|admin:10.1.0.9:15031|client:10.1.0.9:15030|dataStream:10.1.0.9:15033|priority:0|startupRole:FOLLOWER, 8c6092c3-8da2-4ae2-b503-635dac77af5e|rpc:10.1.0.9:15014|admin:10.1.0.9:15013|client:10.1.0.9:15012|dataStream:10.1.0.9:15015|priority:0|startupRole:FOLLOWER, b1275f2d-39ad-471b-b40b-6b5e810ed750|rpc:10.1.0.9:15023|admin:10.1.0.9:15022|client:10.1.0.9:15021|dataStream:10.1.0.9:15024|priority:1|startupRole:FOLLOWER]|listeners:[], old=null
2023-09-07 04:48:30,281 [b1275f2d-39ad-471b-b40b-6b5e810ed750@group-3A85F9A1A5BA-LeaderElection7] INFO  server.RaftServerConfigKeys (ConfUtils.java:logFallback(53)) - raft.server.rpc.first-election.timeout.min = 5s (fallback to raft.server.rpc.timeout.min)
2023-09-07 04:48:30,281 [b1275f2d-39ad-471b-b40b-6b5e810ed750@group-3A85F9A1A5BA-LeaderElection7] INFO  server.RaftServerConfigKeys (ConfUtils.java:logFallback(53)) - raft.server.rpc.first-election.timeout.max = 5200ms (fallback to raft.server.rpc.timeout.max)
2023-09-07 04:48:30,283 [b1275f2d-39ad-471b-b40b-6b5e810ed750@group-3A85F9A1A5BA-LeaderElection7-2] INFO  server.GrpcServerProtocolClient (GrpcServerProtocolClient.java:<init>(65)) - Build channel for 8c6092c3-8da2-4ae2-b503-635dac77af5e
2023-09-07 04:48:30,290 [b1275f2d-39ad-471b-b40b-6b5e810ed750@group-3A85F9A1A5BA-LeaderElection7-1] INFO  server.GrpcServerProtocolClient (GrpcServerProtocolClient.java:<init>(65)) - Build channel for 0eb6895c-dd30-4da0-bb92-00e2e7e9df9f
2023-09-07 04:48:30,326 [grpc-default-executor-5] INFO  server.RaftServer$Division (RaftServerImpl.java:requestVote(1302)) - 8c6092c3-8da2-4ae2-b503-635dac77af5e@group-3A85F9A1A5BA: receive requestVote(PRE_VOTE, b1275f2d-39ad-471b-b40b-6b5e810ed750, group-3A85F9A1A5BA, 0, (t:0, i:0))
2023-09-07 04:48:30,327 [grpc-default-executor-5] INFO  impl.VoteContext (VoteContext.java:log(49)) - 8c6092c3-8da2-4ae2-b503-635dac77af5e@group-3A85F9A1A5BA-FOLLOWER: accept PRE_VOTE from b1275f2d-39ad-471b-b40b-6b5e810ed750: our priority 0 <= candidate's priority 1
2023-09-07 04:48:30,327 [grpc-default-executor-5] INFO  server.RaftServer$Division (RaftServerImpl.java:requestVote(1335)) - 8c6092c3-8da2-4ae2-b503-635dac77af5e@group-3A85F9A1A5BA replies to PRE_VOTE vote request: b1275f2d-39ad-471b-b40b-6b5e810ed750<-8c6092c3-8da2-4ae2-b503-635dac77af5e#0:OK-t0. Peer's state: 8c6092c3-8da2-4ae2-b503-635dac77af5e@group-3A85F9A1A5BA:t0, leader=null, voted=, raftlog=Memoized:8c6092c3-8da2-4ae2-b503-635dac77af5e@group-3A85F9A1A5BA-SegmentedRaftLog:OPENED:c-1, conf=-1: peers:[0eb6895c-dd30-4da0-bb92-00e2e7e9df9f|rpc:10.1.0.9:15032|admin:10.1.0.9:15031|client:10.1.0.9:15030|dataStream:10.1.0.9:15033|priority:0|startupRole:FOLLOWER, 8c6092c3-8da2-4ae2-b503-635dac77af5e|rpc:10.1.0.9:15014|admin:10.1.0.9:15013|client:10.1.0.9:15012|dataStream:10.1.0.9:15015|priority:0|startupRole:FOLLOWER, b1275f2d-39ad-471b-b40b-6b5e810ed750|rpc:10.1.0.9:15023|admin:10.1.0.9:15022|client:10.1.0.9:15021|dataStream:10.1.0.9:15024|priority:1|startupRole:FOLLOWER]|listeners:[], old=null
2023-09-07 04:48:30,327 [grpc-default-executor-4] INFO  server.RaftServer$Division (RaftServerImpl.java:requestVote(1302)) - 0eb6895c-dd30-4da0-bb92-00e2e7e9df9f@group-3A85F9A1A5BA: receive requestVote(PRE_VOTE, b1275f2d-39ad-471b-b40b-6b5e810ed750, group-3A85F9A1A5BA, 0, (t:0, i:0))
2023-09-07 04:48:30,327 [grpc-default-executor-4] INFO  impl.VoteContext (VoteContext.java:log(49)) - 0eb6895c-dd30-4da0-bb92-00e2e7e9df9f@group-3A85F9A1A5BA-FOLLOWER: accept PRE_VOTE from b1275f2d-39ad-471b-b40b-6b5e810ed750: our priority 0 <= candidate's priority 1
2023-09-07 04:48:30,328 [grpc-default-executor-4] INFO  server.RaftServer$Division (RaftServerImpl.java:requestVote(1335)) - 0eb6895c-dd30-4da0-bb92-00e2e7e9df9f@group-3A85F9A1A5BA replies to PRE_VOTE vote request: b1275f2d-39ad-471b-b40b-6b5e810ed750<-0eb6895c-dd30-4da0-bb92-00e2e7e9df9f#0:OK-t0. Peer's state: 0eb6895c-dd30-4da0-bb92-00e2e7e9df9f@group-3A85F9A1A5BA:t0, leader=null, voted=, raftlog=Memoized:0eb6895c-dd30-4da0-bb92-00e2e7e9df9f@group-3A85F9A1A5BA-SegmentedRaftLog:OPENED:c-1, conf=-1: peers:[0eb6895c-dd30-4da0-bb92-00e2e7e9df9f|rpc:10.1.0.9:15032|admin:10.1.0.9:15031|client:10.1.0.9:15030|dataStream:10.1.0.9:15033|priority:0|startupRole:FOLLOWER, 8c6092c3-8da2-4ae2-b503-635dac77af5e|rpc:10.1.0.9:15014|admin:10.1.0.9:15013|client:10.1.0.9:15012|dataStream:10.1.0.9:15015|priority:0|startupRole:FOLLOWER, b1275f2d-39ad-471b-b40b-6b5e810ed750|rpc:10.1.0.9:15023|admin:10.1.0.9:15022|client:10.1.0.9:15021|dataStream:10.1.0.9:15024|priority:1|startupRole:FOLLOWER]|listeners:[], old=null
2023-09-07 04:48:30,337 [b1275f2d-39ad-471b-b40b-6b5e810ed750@group-3A85F9A1A5BA-LeaderElection7] INFO  impl.LeaderElection (LeaderElection.java:logAndReturn(90)) - b1275f2d-39ad-471b-b40b-6b5e810ed750@group-3A85F9A1A5BA-LeaderElection7: PRE_VOTE PASSED received 1 response(s) and 0 exception(s):
2023-09-07 04:48:30,355 [b1275f2d-39ad-471b-b40b-6b5e810ed750@group-3A85F9A1A5BA-LeaderElection7] INFO  impl.LeaderElection (LeaderElection.java:logAndReturn(94)) -   Response 0: b1275f2d-39ad-471b-b40b-6b5e810ed750<-0eb6895c-dd30-4da0-bb92-00e2e7e9df9f#0:OK-t0
2023-09-07 04:48:30,355 [b1275f2d-39ad-471b-b40b-6b5e810ed750@group-3A85F9A1A5BA-LeaderElection7] INFO  impl.LeaderElection (LeaderElection.java:askForVotes(323)) - b1275f2d-39ad-471b-b40b-6b5e810ed750@group-3A85F9A1A5BA-LeaderElection7 PRE_VOTE round 0: result PASSED
2023-09-07 04:48:30,358 [b1275f2d-39ad-471b-b40b-6b5e810ed750@group-3A85F9A1A5BA-LeaderElection7] INFO  impl.LeaderElection (LeaderElection.java:askForVotes(321)) - b1275f2d-39ad-471b-b40b-6b5e810ed750@group-3A85F9A1A5BA-LeaderElection7 ELECTION round 0: submit vote requests at term 1 for -1: peers:[0eb6895c-dd30-4da0-bb92-00e2e7e9df9f|rpc:10.1.0.9:15032|admin:10.1.0.9:15031|client:10.1.0.9:15030|dataStream:10.1.0.9:15033|priority:0|startupRole:FOLLOWER, 8c6092c3-8da2-4ae2-b503-635dac77af5e|rpc:10.1.0.9:15014|admin:10.1.0.9:15013|client:10.1.0.9:15012|dataStream:10.1.0.9:15015|priority:0|startupRole:FOLLOWER, b1275f2d-39ad-471b-b40b-6b5e810ed750|rpc:10.1.0.9:15023|admin:10.1.0.9:15022|client:10.1.0.9:15021|dataStream:10.1.0.9:15024|priority:1|startupRole:FOLLOWER]|listeners:[], old=null
2023-09-07 04:48:30,359 [b1275f2d-39ad-471b-b40b-6b5e810ed750@group-3A85F9A1A5BA-LeaderElection7] INFO  server.RaftServerConfigKeys (ConfUtils.java:logFallback(53)) - raft.server.rpc.first-election.timeout.min = 5s (fallback to raft.server.rpc.timeout.min)
2023-09-07 04:48:30,359 [b1275f2d-39ad-471b-b40b-6b5e810ed750@group-3A85F9A1A5BA-LeaderElection7] INFO  server.RaftServerConfigKeys (ConfUtils.java:logFallback(53)) - raft.server.rpc.first-election.timeout.max = 5200ms (fallback to raft.server.rpc.timeout.max)
2023-09-07 04:48:30,362 [grpc-default-executor-4] INFO  server.RaftServer$Division (RaftServerImpl.java:requestVote(1302)) - 0eb6895c-dd30-4da0-bb92-00e2e7e9df9f@group-3A85F9A1A5BA: receive requestVote(ELECTION, b1275f2d-39ad-471b-b40b-6b5e810ed750, group-3A85F9A1A5BA, 1, (t:0, i:0))
2023-09-07 04:48:30,363 [grpc-default-executor-4] INFO  impl.VoteContext (VoteContext.java:log(49)) - 0eb6895c-dd30-4da0-bb92-00e2e7e9df9f@group-3A85F9A1A5BA-FOLLOWER: accept ELECTION from b1275f2d-39ad-471b-b40b-6b5e810ed750: our priority 0 <= candidate's priority 1
2023-09-07 04:48:30,363 [grpc-default-executor-4] INFO  server.RaftServer$Division (RaftServerImpl.java:setRole(329)) - 0eb6895c-dd30-4da0-bb92-00e2e7e9df9f@group-3A85F9A1A5BA: changes role from  FOLLOWER to FOLLOWER at term 1 for candidate:b1275f2d-39ad-471b-b40b-6b5e810ed750
2023-09-07 04:48:30,363 [grpc-default-executor-4] INFO  impl.RoleInfo (RoleInfo.java:shutdownFollowerState(110)) - 0eb6895c-dd30-4da0-bb92-00e2e7e9df9f: shutdown 0eb6895c-dd30-4da0-bb92-00e2e7e9df9f@group-3A85F9A1A5BA-FollowerState
2023-09-07 04:48:30,363 [grpc-default-executor-4] INFO  impl.RoleInfo (RoleInfo.java:updateAndGet(139)) - 0eb6895c-dd30-4da0-bb92-00e2e7e9df9f: start 0eb6895c-dd30-4da0-bb92-00e2e7e9df9f@group-3A85F9A1A5BA-FollowerState
2023-09-07 04:48:30,363 [0eb6895c-dd30-4da0-bb92-00e2e7e9df9f@group-3A85F9A1A5BA-FollowerState] INFO  impl.FollowerState (FollowerState.java:run(152)) - 0eb6895c-dd30-4da0-bb92-00e2e7e9df9f@group-3A85F9A1A5BA-FollowerState was interrupted
2023-09-07 04:48:30,369 [grpc-default-executor-5] INFO  server.RaftServer$Division (RaftServerImpl.java:requestVote(1302)) - 8c6092c3-8da2-4ae2-b503-635dac77af5e@group-3A85F9A1A5BA: receive requestVote(ELECTION, b1275f2d-39ad-471b-b40b-6b5e810ed750, group-3A85F9A1A5BA, 1, (t:0, i:0))
2023-09-07 04:48:30,369 [grpc-default-executor-4] INFO  server.RaftServer$Division (RaftServerImpl.java:requestVote(1335)) - 0eb6895c-dd30-4da0-bb92-00e2e7e9df9f@group-3A85F9A1A5BA replies to ELECTION vote request: b1275f2d-39ad-471b-b40b-6b5e810ed750<-0eb6895c-dd30-4da0-bb92-00e2e7e9df9f#0:OK-t1. Peer's state: 0eb6895c-dd30-4da0-bb92-00e2e7e9df9f@group-3A85F9A1A5BA:t1, leader=null, voted=b1275f2d-39ad-471b-b40b-6b5e810ed750, raftlog=Memoized:0eb6895c-dd30-4da0-bb92-00e2e7e9df9f@group-3A85F9A1A5BA-SegmentedRaftLog:OPENED:c-1, conf=-1: peers:[0eb6895c-dd30-4da0-bb92-00e2e7e9df9f|rpc:10.1.0.9:15032|admin:10.1.0.9:15031|client:10.1.0.9:15030|dataStream:10.1.0.9:15033|priority:0|startupRole:FOLLOWER, 8c6092c3-8da2-4ae2-b503-635dac77af5e|rpc:10.1.0.9:15014|admin:10.1.0.9:15013|client:10.1.0.9:15012|dataStream:10.1.0.9:15015|priority:0|startupRole:FOLLOWER, b1275f2d-39ad-471b-b40b-6b5e810ed750|rpc:10.1.0.9:15023|admin:10.1.0.9:15022|client:10.1.0.9:15021|dataStream:10.1.0.9:15024|priority:1|startupRole:FOLLOWER]|listeners:[], old=null
2023-09-07 04:48:30,370 [grpc-default-executor-5] INFO  impl.VoteContext (VoteContext.java:log(49)) - 8c6092c3-8da2-4ae2-b503-635dac77af5e@group-3A85F9A1A5BA-FOLLOWER: accept ELECTION from b1275f2d-39ad-471b-b40b-6b5e810ed750: our priority 0 <= candidate's priority 1
2023-09-07 04:48:30,370 [grpc-default-executor-5] INFO  server.RaftServer$Division (RaftServerImpl.java:setRole(329)) - 8c6092c3-8da2-4ae2-b503-635dac77af5e@group-3A85F9A1A5BA: changes role from  FOLLOWER to FOLLOWER at term 1 for candidate:b1275f2d-39ad-471b-b40b-6b5e810ed750
2023-09-07 04:48:30,370 [grpc-default-executor-5] INFO  impl.RoleInfo (RoleInfo.java:shutdownFollowerState(110)) - 8c6092c3-8da2-4ae2-b503-635dac77af5e: shutdown 8c6092c3-8da2-4ae2-b503-635dac77af5e@group-3A85F9A1A5BA-FollowerState
2023-09-07 04:48:30,370 [grpc-default-executor-5] INFO  impl.RoleInfo (RoleInfo.java:updateAndGet(139)) - 8c6092c3-8da2-4ae2-b503-635dac77af5e: start 8c6092c3-8da2-4ae2-b503-635dac77af5e@group-3A85F9A1A5BA-FollowerState
2023-09-07 04:48:30,370 [8c6092c3-8da2-4ae2-b503-635dac77af5e@group-3A85F9A1A5BA-FollowerState] INFO  impl.FollowerState (FollowerState.java:run(152)) - 8c6092c3-8da2-4ae2-b503-635dac77af5e@group-3A85F9A1A5BA-FollowerState was interrupted
2023-09-07 04:48:30,372 [grpc-default-executor-5] INFO  server.RaftServer$Division (RaftServerImpl.java:requestVote(1335)) - 8c6092c3-8da2-4ae2-b503-635dac77af5e@group-3A85F9A1A5BA replies to ELECTION vote request: b1275f2d-39ad-471b-b40b-6b5e810ed750<-8c6092c3-8da2-4ae2-b503-635dac77af5e#0:OK-t1. Peer's state: 8c6092c3-8da2-4ae2-b503-635dac77af5e@group-3A85F9A1A5BA:t1, leader=null, voted=b1275f2d-39ad-471b-b40b-6b5e810ed750, raftlog=Memoized:8c6092c3-8da2-4ae2-b503-635dac77af5e@group-3A85F9A1A5BA-SegmentedRaftLog:OPENED:c-1, conf=-1: peers:[0eb6895c-dd30-4da0-bb92-00e2e7e9df9f|rpc:10.1.0.9:15032|admin:10.1.0.9:15031|client:10.1.0.9:15030|dataStream:10.1.0.9:15033|priority:0|startupRole:FOLLOWER, 8c6092c3-8da2-4ae2-b503-635dac77af5e|rpc:10.1.0.9:15014|admin:10.1.0.9:15013|client:10.1.0.9:15012|dataStream:10.1.0.9:15015|priority:0|startupRole:FOLLOWER, b1275f2d-39ad-471b-b40b-6b5e810ed750|rpc:10.1.0.9:15023|admin:10.1.0.9:15022|client:10.1.0.9:15021|dataStream:10.1.0.9:15024|priority:1|startupRole:FOLLOWER]|listeners:[], old=null
2023-09-07 04:48:30,374 [b1275f2d-39ad-471b-b40b-6b5e810ed750@group-3A85F9A1A5BA-LeaderElection7] INFO  impl.LeaderElection (LeaderElection.java:logAndReturn(90)) - b1275f2d-39ad-471b-b40b-6b5e810ed750@group-3A85F9A1A5BA-LeaderElection7: ELECTION PASSED received 1 response(s) and 0 exception(s):
2023-09-07 04:48:30,374 [b1275f2d-39ad-471b-b40b-6b5e810ed750@group-3A85F9A1A5BA-LeaderElection7] INFO  impl.LeaderElection (LeaderElection.java:logAndReturn(94)) -   Response 0: b1275f2d-39ad-471b-b40b-6b5e810ed750<-0eb6895c-dd30-4da0-bb92-00e2e7e9df9f#0:OK-t1
2023-09-07 04:48:30,374 [b1275f2d-39ad-471b-b40b-6b5e810ed750@group-3A85F9A1A5BA-LeaderElection7] INFO  impl.LeaderElection (LeaderElection.java:askForVotes(323)) - b1275f2d-39ad-471b-b40b-6b5e810ed750@group-3A85F9A1A5BA-LeaderElection7 ELECTION round 0: result PASSED
2023-09-07 04:48:30,374 [b1275f2d-39ad-471b-b40b-6b5e810ed750@group-3A85F9A1A5BA-LeaderElection7] INFO  impl.RoleInfo (RoleInfo.java:shutdownLeaderElection(130)) - b1275f2d-39ad-471b-b40b-6b5e810ed750: shutdown b1275f2d-39ad-471b-b40b-6b5e810ed750@group-3A85F9A1A5BA-LeaderElection7
2023-09-07 04:48:30,375 [b1275f2d-39ad-471b-b40b-6b5e810ed750@group-3A85F9A1A5BA-LeaderElection7] INFO  server.RaftServer$Division (RaftServerImpl.java:setRole(329)) - b1275f2d-39ad-471b-b40b-6b5e810ed750@group-3A85F9A1A5BA: changes role from CANDIDATE to LEADER at term 1 for changeToLeader
2023-09-07 04:48:30,375 [b1275f2d-39ad-471b-b40b-6b5e810ed750@group-3A85F9A1A5BA-LeaderElection7] INFO  ratis.XceiverServerRatis (XceiverServerRatis.java:handleLeaderChangedNotification(902)) - Leader change notification received for group: group-3A85F9A1A5BA with new leaderId: b1275f2d-39ad-471b-b40b-6b5e810ed750
2023-09-07 04:48:30,375 [b1275f2d-39ad-471b-b40b-6b5e810ed750@group-3A85F9A1A5BA-LeaderElection7] INFO  server.RaftServer$Division (ServerState.java:setLeader(317)) - b1275f2d-39ad-471b-b40b-6b5e810ed750@group-3A85F9A1A5BA: change Leader from null to b1275f2d-39ad-471b-b40b-6b5e810ed750 at term 1 for becomeLeader, leader elected after 5243ms
2023-09-07 04:48:30,375 [b1275f2d-39ad-471b-b40b-6b5e810ed750@group-3A85F9A1A5BA-LeaderElection7] INFO  server.RaftServerConfigKeys (ConfUtils.java:logGet(46)) - raft.server.staging.catchup.gap = 1000 (default)
2023-09-07 04:48:30,375 [b1275f2d-39ad-471b-b40b-6b5e810ed750@group-3A85F9A1A5BA-LeaderElection7] INFO  server.RaftServerConfigKeys (ConfUtils.java:logGet(46)) - raft.server.write.element-limit = 1024 (custom)
2023-09-07 04:48:30,375 [b1275f2d-39ad-471b-b40b-6b5e810ed750@group-3A85F9A1A5BA-LeaderElection7] INFO  server.RaftServerConfigKeys (ConfUtils.java:logGet(46)) - raft.server.write.byte-limit = 1024 M (=1073741824) (custom)
2023-09-07 04:48:30,377 [b1275f2d-39ad-471b-b40b-6b5e810ed750@group-3A85F9A1A5BA-LeaderElection7] INFO  server.RaftServerConfigKeys (ConfUtils.java:logGet(46)) - raft.server.watch.timeout = 180s (custom)
2023-09-07 04:48:30,377 [b1275f2d-39ad-471b-b40b-6b5e810ed750@group-3A85F9A1A5BA-LeaderElection7] INFO  server.RaftServerConfigKeys (ConfUtils.java:logGet(46)) - raft.server.watch.timeout.denomination = 1s (default)
2023-09-07 04:48:30,377 [b1275f2d-39ad-471b-b40b-6b5e810ed750@group-3A85F9A1A5BA-LeaderElection7] INFO  server.RaftServerConfigKeys (ConfUtils.java:logGet(46)) - raft.server.watch.element-limit = 65536 (default)
2023-09-07 04:48:30,377 [b1275f2d-39ad-471b-b40b-6b5e810ed750@group-3A85F9A1A5BA-LeaderElection7] INFO  server.RaftServerConfigKeys (ConfUtils.java:logGet(46)) - raft.server.write.element-limit = 1024 (custom)
2023-09-07 04:48:30,383 [b1275f2d-39ad-471b-b40b-6b5e810ed750@group-3A85F9A1A5BA-LeaderElection7] INFO  server.RaftServerConfigKeys (ConfUtils.java:logGet(46)) - raft.server.write.follower.gap.ratio.max = -1.0 (default)
2023-09-07 04:48:30,387 [EventQueue-PipelineReportForPipelineReportHandler] INFO  pipeline.PipelineReportHandler (PipelineReportHandler.java:processPipelineReport(136)) - Opened pipeline PipelineID=6ed50375-2729-40d1-b063-3a85f9a1a5ba
2023-09-07 04:48:30,388 [b1275f2d-39ad-471b-b40b-6b5e810ed750@group-3A85F9A1A5BA-LeaderElection7] INFO  server.RaftServerConfigKeys (ConfUtils.java:logGet(46)) - raft.server.log.appender.snapshot.chunk.size.max = 16MB (=16777216) (default)
2023-09-07 04:48:30,388 [b1275f2d-39ad-471b-b40b-6b5e810ed750@group-3A85F9A1A5BA-LeaderElection7] INFO  server.RaftServerConfigKeys (ConfUtils.java:logGet(46)) - raft.server.log.appender.buffer.byte-limit = 33554432 (custom)
2023-09-07 04:48:30,388 [b1275f2d-39ad-471b-b40b-6b5e810ed750@group-3A85F9A1A5BA-LeaderElection7] INFO  server.RaftServerConfigKeys (ConfUtils.java:logGet(46)) - raft.server.log.appender.buffer.element-limit = 1 (custom)
2023-09-07 04:48:30,388 [b1275f2d-39ad-471b-b40b-6b5e810ed750@group-3A85F9A1A5BA-LeaderElection7] INFO  server.RaftServerConfigKeys (ConfUtils.java:logGet(46)) - raft.server.log.appender.wait-time.min = 10ms (default)
2023-09-07 04:48:30,389 [b1275f2d-39ad-471b-b40b-6b5e810ed750@group-3A85F9A1A5BA-LeaderElection7] INFO  grpc.GrpcConfigKeys (ConfUtils.java:logGet(46)) - raft.grpc.server.leader.outstanding.appends.max = 128 (default)
2023-09-07 04:48:30,394 [b1275f2d-39ad-471b-b40b-6b5e810ed750@group-3A85F9A1A5BA-LeaderElection7] INFO  server.RaftServerConfigKeys (ConfUtils.java:logGet(46)) - raft.server.rpc.request.timeout = 60s (custom)
2023-09-07 04:48:30,394 [b1275f2d-39ad-471b-b40b-6b5e810ed750@group-3A85F9A1A5BA-LeaderElection7] INFO  grpc.GrpcConfigKeys (ConfUtils.java:logGet(46)) - raft.grpc.server.install_snapshot.request.element-limit = 8 (default)
2023-09-07 04:48:30,394 [b1275f2d-39ad-471b-b40b-6b5e810ed750@group-3A85F9A1A5BA-LeaderElection7] INFO  grpc.GrpcConfigKeys (ConfUtils.java:logGet(46)) - raft.grpc.server.install_snapshot.request.timeout = 3000ms (default)
2023-09-07 04:48:30,394 [b1275f2d-39ad-471b-b40b-6b5e810ed750@group-3A85F9A1A5BA-LeaderElection7] INFO  server.RaftServerConfigKeys (ConfUtils.java:logGet(46)) - raft.server.log.appender.install.snapshot.enabled = false (custom)
2023-09-07 04:48:30,395 [b1275f2d-39ad-471b-b40b-6b5e810ed750@group-3A85F9A1A5BA-LeaderElection7] INFO  grpc.GrpcConfigKeys (ConfUtils.java:logGet(46)) - raft.grpc.server.heartbeat.channel = true (default)
2023-09-07 04:48:30,396 [b1275f2d-39ad-471b-b40b-6b5e810ed750@group-3A85F9A1A5BA-LeaderElection7] INFO  server.RaftServerConfigKeys (ConfUtils.java:logGet(46)) - raft.server.log.appender.snapshot.chunk.size.max = 16MB (=16777216) (default)
2023-09-07 04:48:30,396 [b1275f2d-39ad-471b-b40b-6b5e810ed750@group-3A85F9A1A5BA-LeaderElection7] INFO  server.RaftServerConfigKeys (ConfUtils.java:logGet(46)) - raft.server.log.appender.buffer.byte-limit = 33554432 (custom)
2023-09-07 04:48:30,396 [b1275f2d-39ad-471b-b40b-6b5e810ed750@group-3A85F9A1A5BA-LeaderElection7] INFO  server.RaftServerConfigKeys (ConfUtils.java:logGet(46)) - raft.server.log.appender.buffer.element-limit = 1 (custom)
2023-09-07 04:48:30,396 [b1275f2d-39ad-471b-b40b-6b5e810ed750@group-3A85F9A1A5BA-LeaderElection7] INFO  server.RaftServerConfigKeys (ConfUtils.java:logGet(46)) - raft.server.log.appender.wait-time.min = 10ms (default)
2023-09-07 04:48:30,396 [b1275f2d-39ad-471b-b40b-6b5e810ed750@group-3A85F9A1A5BA-LeaderElection7] INFO  grpc.GrpcConfigKeys (ConfUtils.java:logGet(46)) - raft.grpc.server.leader.outstanding.appends.max = 128 (default)
2023-09-07 04:48:30,396 [b1275f2d-39ad-471b-b40b-6b5e810ed750@group-3A85F9A1A5BA-LeaderElection7] INFO  server.RaftServerConfigKeys (ConfUtils.java:logGet(46)) - raft.server.rpc.request.timeout = 60s (custom)
2023-09-07 04:48:30,397 [b1275f2d-39ad-471b-b40b-6b5e810ed750@group-3A85F9A1A5BA-LeaderElection7] INFO  grpc.GrpcConfigKeys (ConfUtils.java:logGet(46)) - raft.grpc.server.install_snapshot.request.element-limit = 8 (default)
2023-09-07 04:48:30,397 [b1275f2d-39ad-471b-b40b-6b5e810ed750@group-3A85F9A1A5BA-LeaderElection7] INFO  grpc.GrpcConfigKeys (ConfUtils.java:logGet(46)) - raft.grpc.server.install_snapshot.request.timeout = 3000ms (default)
2023-09-07 04:48:30,397 [b1275f2d-39ad-471b-b40b-6b5e810ed750@group-3A85F9A1A5BA-LeaderElection7] INFO  server.RaftServerConfigKeys (ConfUtils.java:logGet(46)) - raft.server.log.appender.install.snapshot.enabled = false (custom)
2023-09-07 04:48:30,397 [b1275f2d-39ad-471b-b40b-6b5e810ed750@group-3A85F9A1A5BA-LeaderElection7] INFO  grpc.GrpcConfigKeys (ConfUtils.java:logGet(46)) - raft.grpc.server.heartbeat.channel = true (default)
2023-09-07 04:48:30,397 [b1275f2d-39ad-471b-b40b-6b5e810ed750@group-3A85F9A1A5BA-LeaderElection7] INFO  impl.RoleInfo (RoleInfo.java:updateAndGet(139)) - b1275f2d-39ad-471b-b40b-6b5e810ed750: start b1275f2d-39ad-471b-b40b-6b5e810ed750@group-3A85F9A1A5BA-LeaderStateImpl
2023-09-07 04:48:30,398 [b1275f2d-39ad-471b-b40b-6b5e810ed750@group-3A85F9A1A5BA-LeaderElection7] INFO  segmented.SegmentedRaftLogWorker (SegmentedRaftLogWorker.java:startLogSegment(447)) - b1275f2d-39ad-471b-b40b-6b5e810ed750@group-3A85F9A1A5BA-SegmentedRaftLogWorker: Starting segment from index:0
2023-09-07 04:48:30,399 [b1275f2d-39ad-471b-b40b-6b5e810ed750@group-3A85F9A1A5BA-SegmentedRaftLogWorker] INFO  segmented.SegmentedRaftLogWorker (SegmentedRaftLogWorker.java:execute(651)) - b1275f2d-39ad-471b-b40b-6b5e810ed750@group-3A85F9A1A5BA-SegmentedRaftLogWorker: created new log segment /home/runner/work/ozone/ozone/hadoop-ozone/integration-test/target/test-dir/MiniOzoneClusterImpl-34c981b6-280a-47ca-b885-362eca6d2b46/datanode-1/data/ratis/6ed50375-2729-40d1-b063-3a85f9a1a5ba/current/log_inprogress_0
2023-09-07 04:48:30,406 [b1275f2d-39ad-471b-b40b-6b5e810ed750@group-3A85F9A1A5BA-LeaderElection7] INFO  server.RaftServer$Division (ServerState.java:setRaftConf(434)) - b1275f2d-39ad-471b-b40b-6b5e810ed750@group-3A85F9A1A5BA: set configuration 0: peers:[0eb6895c-dd30-4da0-bb92-00e2e7e9df9f|rpc:10.1.0.9:15032|admin:10.1.0.9:15031|client:10.1.0.9:15030|dataStream:10.1.0.9:15033|priority:0|startupRole:FOLLOWER, 8c6092c3-8da2-4ae2-b503-635dac77af5e|rpc:10.1.0.9:15014|admin:10.1.0.9:15013|client:10.1.0.9:15012|dataStream:10.1.0.9:15015|priority:0|startupRole:FOLLOWER, b1275f2d-39ad-471b-b40b-6b5e810ed750|rpc:10.1.0.9:15023|admin:10.1.0.9:15022|client:10.1.0.9:15021|dataStream:10.1.0.9:15024|priority:1|startupRole:FOLLOWER]|listeners:[], old=null
2023-09-07 04:48:30,447 [8c6092c3-8da2-4ae2-b503-635dac77af5e-server-thread2] INFO  ratis.XceiverServerRatis (XceiverServerRatis.java:handleLeaderChangedNotification(902)) - Leader change notification received for group: group-3A85F9A1A5BA with new leaderId: b1275f2d-39ad-471b-b40b-6b5e810ed750
2023-09-07 04:48:30,447 [8c6092c3-8da2-4ae2-b503-635dac77af5e-server-thread2] INFO  server.RaftServer$Division (ServerState.java:setLeader(317)) - 8c6092c3-8da2-4ae2-b503-635dac77af5e@group-3A85F9A1A5BA: change Leader from null to b1275f2d-39ad-471b-b40b-6b5e810ed750 at term 1 for appendEntries, leader elected after 5160ms
2023-09-07 04:48:30,462 [8c6092c3-8da2-4ae2-b503-635dac77af5e-server-thread1] INFO  server.RaftServer$Division (ServerState.java:setRaftConf(434)) - 8c6092c3-8da2-4ae2-b503-635dac77af5e@group-3A85F9A1A5BA: set configuration 0: peers:[0eb6895c-dd30-4da0-bb92-00e2e7e9df9f|rpc:10.1.0.9:15032|admin:10.1.0.9:15031|client:10.1.0.9:15030|dataStream:10.1.0.9:15033|priority:0|startupRole:FOLLOWER, 8c6092c3-8da2-4ae2-b503-635dac77af5e|rpc:10.1.0.9:15014|admin:10.1.0.9:15013|client:10.1.0.9:15012|dataStream:10.1.0.9:15015|priority:0|startupRole:FOLLOWER, b1275f2d-39ad-471b-b40b-6b5e810ed750|rpc:10.1.0.9:15023|admin:10.1.0.9:15022|client:10.1.0.9:15021|dataStream:10.1.0.9:15024|priority:1|startupRole:FOLLOWER]|listeners:[], old=null
2023-09-07 04:48:30,462 [8c6092c3-8da2-4ae2-b503-635dac77af5e-server-thread1] INFO  segmented.SegmentedRaftLogWorker (SegmentedRaftLogWorker.java:startLogSegment(447)) - 8c6092c3-8da2-4ae2-b503-635dac77af5e@group-3A85F9A1A5BA-SegmentedRaftLogWorker: Starting segment from index:0
2023-09-07 04:48:30,465 [9a8052bd-f999-4b9a-a28f-6b7dccc3d848@group-2CD1A74F930C-FollowerState] INFO  impl.FollowerState (FollowerState.java:run(143)) - 9a8052bd-f999-4b9a-a28f-6b7dccc3d848@group-2CD1A74F930C-FollowerState: change to CANDIDATE, lastRpcElapsedTime:5193547079ns, electionTimeout:5189ms
2023-09-07 04:48:30,465 [9a8052bd-f999-4b9a-a28f-6b7dccc3d848@group-2CD1A74F930C-FollowerState] INFO  impl.RoleInfo (RoleInfo.java:shutdownFollowerState(110)) - 9a8052bd-f999-4b9a-a28f-6b7dccc3d848: shutdown 9a8052bd-f999-4b9a-a28f-6b7dccc3d848@group-2CD1A74F930C-FollowerState
2023-09-07 04:48:30,465 [9a8052bd-f999-4b9a-a28f-6b7dccc3d848@group-2CD1A74F930C-FollowerState] INFO  server.RaftServer$Division (RaftServerImpl.java:setRole(329)) - 9a8052bd-f999-4b9a-a28f-6b7dccc3d848@group-2CD1A74F930C: changes role from  FOLLOWER to CANDIDATE at term 0 for changeToCandidate
2023-09-07 04:48:30,468 [8c6092c3-8da2-4ae2-b503-635dac77af5e@group-3A85F9A1A5BA-SegmentedRaftLogWorker] INFO  segmented.SegmentedRaftLogWorker (SegmentedRaftLogWorker.java:execute(651)) - 8c6092c3-8da2-4ae2-b503-635dac77af5e@group-3A85F9A1A5BA-SegmentedRaftLogWorker: created new log segment /home/runner/work/ozone/ozone/hadoop-ozone/integration-test/target/test-dir/MiniOzoneClusterImpl-34c981b6-280a-47ca-b885-362eca6d2b46/datanode-0/data/ratis/6ed50375-2729-40d1-b063-3a85f9a1a5ba/current/log_inprogress_0
2023-09-07 04:48:30,491 [9a8052bd-f999-4b9a-a28f-6b7dccc3d848@group-2CD1A74F930C-FollowerState] INFO  server.RaftServerConfigKeys (ConfUtils.java:logGet(46)) - raft.server.leaderelection.pre-vote = true (default)
2023-09-07 04:48:30,492 [9a8052bd-f999-4b9a-a28f-6b7dccc3d848@group-2CD1A74F930C-FollowerState] INFO  impl.RoleInfo (RoleInfo.java:updateAndGet(139)) - 9a8052bd-f999-4b9a-a28f-6b7dccc3d848: start 9a8052bd-f999-4b9a-a28f-6b7dccc3d848@group-2CD1A74F930C-LeaderElection8
2023-09-07 04:48:30,494 [0eb6895c-dd30-4da0-bb92-00e2e7e9df9f-server-thread1] INFO  ratis.XceiverServerRatis (XceiverServerRatis.java:handleLeaderChangedNotification(902)) - Leader change notification received for group: group-3A85F9A1A5BA with new leaderId: b1275f2d-39ad-471b-b40b-6b5e810ed750
2023-09-07 04:48:30,494 [0eb6895c-dd30-4da0-bb92-00e2e7e9df9f-server-thread1] INFO  server.RaftServer$Division (ServerState.java:setLeader(317)) - 0eb6895c-dd30-4da0-bb92-00e2e7e9df9f@group-3A85F9A1A5BA: change Leader from null to b1275f2d-39ad-471b-b40b-6b5e810ed750 at term 1 for appendEntries, leader elected after 5598ms
2023-09-07 04:48:30,498 [0eb6895c-dd30-4da0-bb92-00e2e7e9df9f-server-thread1] INFO  server.RaftServer$Division (ServerState.java:setRaftConf(434)) - 0eb6895c-dd30-4da0-bb92-00e2e7e9df9f@group-3A85F9A1A5BA: set configuration 0: peers:[0eb6895c-dd30-4da0-bb92-00e2e7e9df9f|rpc:10.1.0.9:15032|admin:10.1.0.9:15031|client:10.1.0.9:15030|dataStream:10.1.0.9:15033|priority:0|startupRole:FOLLOWER, 8c6092c3-8da2-4ae2-b503-635dac77af5e|rpc:10.1.0.9:15014|admin:10.1.0.9:15013|client:10.1.0.9:15012|dataStream:10.1.0.9:15015|priority:0|startupRole:FOLLOWER, b1275f2d-39ad-471b-b40b-6b5e810ed750|rpc:10.1.0.9:15023|admin:10.1.0.9:15022|client:10.1.0.9:15021|dataStream:10.1.0.9:15024|priority:1|startupRole:FOLLOWER]|listeners:[], old=null
2023-09-07 04:48:30,498 [0eb6895c-dd30-4da0-bb92-00e2e7e9df9f-server-thread1] INFO  segmented.SegmentedRaftLogWorker (SegmentedRaftLogWorker.java:startLogSegment(447)) - 0eb6895c-dd30-4da0-bb92-00e2e7e9df9f@group-3A85F9A1A5BA-SegmentedRaftLogWorker: Starting segment from index:0
2023-09-07 04:48:30,500 [0eb6895c-dd30-4da0-bb92-00e2e7e9df9f@group-3A85F9A1A5BA-SegmentedRaftLogWorker] INFO  segmented.SegmentedRaftLogWorker (SegmentedRaftLogWorker.java:execute(651)) - 0eb6895c-dd30-4da0-bb92-00e2e7e9df9f@group-3A85F9A1A5BA-SegmentedRaftLogWorker: created new log segment /home/runner/work/ozone/ozone/hadoop-ozone/integration-test/target/test-dir/MiniOzoneClusterImpl-34c981b6-280a-47ca-b885-362eca6d2b46/datanode-2/data/ratis/6ed50375-2729-40d1-b063-3a85f9a1a5ba/current/log_inprogress_0
2023-09-07 04:48:30,520 [9a8052bd-f999-4b9a-a28f-6b7dccc3d848@group-2CD1A74F930C-LeaderElection8] INFO  impl.LeaderElection (LeaderElection.java:askForVotes(321)) - 9a8052bd-f999-4b9a-a28f-6b7dccc3d848@group-2CD1A74F930C-LeaderElection8 PRE_VOTE round 0: submit vote requests at term 0 for -1: peers:[9a8052bd-f999-4b9a-a28f-6b7dccc3d848|rpc:10.1.0.9:15041|admin:10.1.0.9:15040|client:10.1.0.9:15039|dataStream:10.1.0.9:15042|priority:1|startupRole:FOLLOWER]|listeners:[], old=null
2023-09-07 04:48:30,520 [9a8052bd-f999-4b9a-a28f-6b7dccc3d848@group-2CD1A74F930C-LeaderElection8] INFO  impl.LeaderElection (LeaderElection.java:askForVotes(323)) - 9a8052bd-f999-4b9a-a28f-6b7dccc3d848@group-2CD1A74F930C-LeaderElection8 PRE_VOTE round 0: result PASSED (term=0)
2023-09-07 04:48:30,522 [9a8052bd-f999-4b9a-a28f-6b7dccc3d848@group-2CD1A74F930C-LeaderElection8] INFO  impl.LeaderElection (LeaderElection.java:askForVotes(321)) - 9a8052bd-f999-4b9a-a28f-6b7dccc3d848@group-2CD1A74F930C-LeaderElection8 ELECTION round 0: submit vote requests at term 1 for -1: peers:[9a8052bd-f999-4b9a-a28f-6b7dccc3d848|rpc:10.1.0.9:15041|admin:10.1.0.9:15040|client:10.1.0.9:15039|dataStream:10.1.0.9:15042|priority:1|startupRole:FOLLOWER]|listeners:[], old=null
2023-09-07 04:48:30,522 [9a8052bd-f999-4b9a-a28f-6b7dccc3d848@group-2CD1A74F930C-LeaderElection8] INFO  impl.LeaderElection (LeaderElection.java:askForVotes(323)) - 9a8052bd-f999-4b9a-a28f-6b7dccc3d848@group-2CD1A74F930C-LeaderElection8 ELECTION round 0: result PASSED (term=1)
2023-09-07 04:48:30,522 [9a8052bd-f999-4b9a-a28f-6b7dccc3d848@group-2CD1A74F930C-LeaderElection8] INFO  impl.RoleInfo (RoleInfo.java:shutdownLeaderElection(130)) - 9a8052bd-f999-4b9a-a28f-6b7dccc3d848: shutdown 9a8052bd-f999-4b9a-a28f-6b7dccc3d848@group-2CD1A74F930C-LeaderElection8
2023-09-07 04:48:30,522 [9a8052bd-f999-4b9a-a28f-6b7dccc3d848@group-2CD1A74F930C-LeaderElection8] INFO  server.RaftServer$Division (RaftServerImpl.java:setRole(329)) - 9a8052bd-f999-4b9a-a28f-6b7dccc3d848@group-2CD1A74F930C: changes role from CANDIDATE to LEADER at term 1 for changeToLeader
2023-09-07 04:48:30,522 [9a8052bd-f999-4b9a-a28f-6b7dccc3d848@group-2CD1A74F930C-LeaderElection8] INFO  ratis.XceiverServerRatis (XceiverServerRatis.java:handleLeaderChangedNotification(902)) - Leader change notification received for group: group-2CD1A74F930C with new leaderId: 9a8052bd-f999-4b9a-a28f-6b7dccc3d848
2023-09-07 04:48:30,522 [9a8052bd-f999-4b9a-a28f-6b7dccc3d848@group-2CD1A74F930C-LeaderElection8] INFO  server.RaftServer$Division (ServerState.java:setLeader(317)) - 9a8052bd-f999-4b9a-a28f-6b7dccc3d848@group-2CD1A74F930C: change Leader from null to 9a8052bd-f999-4b9a-a28f-6b7dccc3d848 at term 1 for becomeLeader, leader elected after 5302ms
2023-09-07 04:48:30,522 [9a8052bd-f999-4b9a-a28f-6b7dccc3d848@group-2CD1A74F930C-LeaderElection8] INFO  server.RaftServerConfigKeys (ConfUtils.java:logGet(46)) - raft.server.staging.catchup.gap = 1000 (default)
2023-09-07 04:48:30,526 [9a8052bd-f999-4b9a-a28f-6b7dccc3d848@group-2CD1A74F930C-LeaderElection8] INFO  server.RaftServerConfigKeys (ConfUtils.java:logGet(46)) - raft.server.write.element-limit = 1024 (custom)
2023-09-07 04:48:30,526 [9a8052bd-f999-4b9a-a28f-6b7dccc3d848@group-2CD1A74F930C-LeaderElection8] INFO  server.RaftServerConfigKeys (ConfUtils.java:logGet(46)) - raft.server.write.byte-limit = 1024 M (=1073741824) (custom)
2023-09-07 04:48:30,526 [9a8052bd-f999-4b9a-a28f-6b7dccc3d848@group-2CD1A74F930C-LeaderElection8] INFO  server.RaftServerConfigKeys (ConfUtils.java:logGet(46)) - raft.server.watch.timeout = 180s (custom)
2023-09-07 04:48:30,526 [9a8052bd-f999-4b9a-a28f-6b7dccc3d848@group-2CD1A74F930C-LeaderElection8] INFO  server.RaftServerConfigKeys (ConfUtils.java:logGet(46)) - raft.server.watch.timeout.denomination = 1s (default)
2023-09-07 04:48:30,526 [9a8052bd-f999-4b9a-a28f-6b7dccc3d848@group-2CD1A74F930C-LeaderElection8] INFO  server.RaftServerConfigKeys (ConfUtils.java:logGet(46)) - raft.server.watch.element-limit = 65536 (default)
2023-09-07 04:48:30,527 [9a8052bd-f999-4b9a-a28f-6b7dccc3d848@group-2CD1A74F930C-LeaderElection8] INFO  server.RaftServerConfigKeys (ConfUtils.java:logGet(46)) - raft.server.write.element-limit = 1024 (custom)
2023-09-07 04:48:30,527 [9a8052bd-f999-4b9a-a28f-6b7dccc3d848@group-2CD1A74F930C-LeaderElection8] INFO  server.RaftServerConfigKeys (ConfUtils.java:logGet(46)) - raft.server.write.follower.gap.ratio.max = -1.0 (default)
2023-09-07 04:48:30,527 [9a8052bd-f999-4b9a-a28f-6b7dccc3d848@group-2CD1A74F930C-LeaderElection8] INFO  impl.RoleInfo (RoleInfo.java:updateAndGet(139)) - 9a8052bd-f999-4b9a-a28f-6b7dccc3d848: start 9a8052bd-f999-4b9a-a28f-6b7dccc3d848@group-2CD1A74F930C-LeaderStateImpl
2023-09-07 04:48:30,527 [9a8052bd-f999-4b9a-a28f-6b7dccc3d848@group-2CD1A74F930C-LeaderElection8] INFO  segmented.SegmentedRaftLogWorker (SegmentedRaftLogWorker.java:startLogSegment(447)) - 9a8052bd-f999-4b9a-a28f-6b7dccc3d848@group-2CD1A74F930C-SegmentedRaftLogWorker: Starting segment from index:0
2023-09-07 04:48:30,530 [9a8052bd-f999-4b9a-a28f-6b7dccc3d848@group-2CD1A74F930C-SegmentedRaftLogWorker] INFO  segmented.SegmentedRaftLogWorker (SegmentedRaftLogWorker.java:execute(651)) - 9a8052bd-f999-4b9a-a28f-6b7dccc3d848@group-2CD1A74F930C-SegmentedRaftLogWorker: created new log segment /home/runner/work/ozone/ozone/hadoop-ozone/integration-test/target/test-dir/MiniOzoneClusterImpl-34c981b6-280a-47ca-b885-362eca6d2b46/datanode-3/data/ratis/59aa4d8d-0b9d-40dc-9f6d-2cd1a74f930c/current/log_inprogress_0
2023-09-07 04:48:30,533 [9a8052bd-f999-4b9a-a28f-6b7dccc3d848@group-2CD1A74F930C-LeaderElection8] INFO  server.RaftServer$Division (ServerState.java:setRaftConf(434)) - 9a8052bd-f999-4b9a-a28f-6b7dccc3d848@group-2CD1A74F930C: set configuration 0: peers:[9a8052bd-f999-4b9a-a28f-6b7dccc3d848|rpc:10.1.0.9:15041|admin:10.1.0.9:15040|client:10.1.0.9:15039|dataStream:10.1.0.9:15042|priority:1|startupRole:FOLLOWER]|listeners:[], old=null
2023-09-07 04:48:30,758 [9de77b90-302e-4d3a-8e07-68c62a7150b7@group-449B431A6970-FollowerState] INFO  impl.FollowerState (FollowerState.java:run(143)) - 9de77b90-302e-4d3a-8e07-68c62a7150b7@group-449B431A6970-FollowerState: change to CANDIDATE, lastRpcElapsedTime:5075620319ns, electionTimeout:5071ms
2023-09-07 04:48:30,758 [9de77b90-302e-4d3a-8e07-68c62a7150b7@group-449B431A6970-FollowerState] INFO  impl.RoleInfo (RoleInfo.java:shutdownFollowerState(110)) - 9de77b90-302e-4d3a-8e07-68c62a7150b7: shutdown 9de77b90-302e-4d3a-8e07-68c62a7150b7@group-449B431A6970-FollowerState
2023-09-07 04:48:30,759 [9de77b90-302e-4d3a-8e07-68c62a7150b7@group-449B431A6970-FollowerState] INFO  server.RaftServer$Division (RaftServerImpl.java:setRole(329)) - 9de77b90-302e-4d3a-8e07-68c62a7150b7@group-449B431A6970: changes role from  FOLLOWER to CANDIDATE at term 0 for changeToCandidate
2023-09-07 04:48:30,759 [9de77b90-302e-4d3a-8e07-68c62a7150b7@group-449B431A6970-FollowerState] INFO  server.RaftServerConfigKeys (ConfUtils.java:logGet(46)) - raft.server.leaderelection.pre-vote = true (default)
2023-09-07 04:48:30,759 [9de77b90-302e-4d3a-8e07-68c62a7150b7@group-449B431A6970-FollowerState] INFO  impl.RoleInfo (RoleInfo.java:updateAndGet(139)) - 9de77b90-302e-4d3a-8e07-68c62a7150b7: start 9de77b90-302e-4d3a-8e07-68c62a7150b7@group-449B431A6970-LeaderElection9
2023-09-07 04:48:30,776 [9de77b90-302e-4d3a-8e07-68c62a7150b7@group-449B431A6970-LeaderElection9] INFO  impl.LeaderElection (LeaderElection.java:askForVotes(321)) - 9de77b90-302e-4d3a-8e07-68c62a7150b7@group-449B431A6970-LeaderElection9 PRE_VOTE round 0: submit vote requests at term 0 for -1: peers:[9de77b90-302e-4d3a-8e07-68c62a7150b7|rpc:10.1.0.9:15050|admin:10.1.0.9:15049|client:10.1.0.9:15048|dataStream:10.1.0.9:15051|priority:1|startupRole:FOLLOWER]|listeners:[], old=null
2023-09-07 04:48:30,776 [9de77b90-302e-4d3a-8e07-68c62a7150b7@group-449B431A6970-LeaderElection9] INFO  impl.LeaderElection (LeaderElection.java:askForVotes(323)) - 9de77b90-302e-4d3a-8e07-68c62a7150b7@group-449B431A6970-LeaderElection9 PRE_VOTE round 0: result PASSED (term=0)
2023-09-07 04:48:30,778 [9de77b90-302e-4d3a-8e07-68c62a7150b7@group-449B431A6970-LeaderElection9] INFO  impl.LeaderElection (LeaderElection.java:askForVotes(321)) - 9de77b90-302e-4d3a-8e07-68c62a7150b7@group-449B431A6970-LeaderElection9 ELECTION round 0: submit vote requests at term 1 for -1: peers:[9de77b90-302e-4d3a-8e07-68c62a7150b7|rpc:10.1.0.9:15050|admin:10.1.0.9:15049|client:10.1.0.9:15048|dataStream:10.1.0.9:15051|priority:1|startupRole:FOLLOWER]|listeners:[], old=null
2023-09-07 04:48:30,778 [9de77b90-302e-4d3a-8e07-68c62a7150b7@group-449B431A6970-LeaderElection9] INFO  impl.LeaderElection (LeaderElection.java:askForVotes(323)) - 9de77b90-302e-4d3a-8e07-68c62a7150b7@group-449B431A6970-LeaderElection9 ELECTION round 0: result PASSED (term=1)
2023-09-07 04:48:30,778 [9de77b90-302e-4d3a-8e07-68c62a7150b7@group-449B431A6970-LeaderElection9] INFO  impl.RoleInfo (RoleInfo.java:shutdownLeaderElection(130)) - 9de77b90-302e-4d3a-8e07-68c62a7150b7: shutdown 9de77b90-302e-4d3a-8e07-68c62a7150b7@group-449B431A6970-LeaderElection9
2023-09-07 04:48:30,778 [9de77b90-302e-4d3a-8e07-68c62a7150b7@group-449B431A6970-LeaderElection9] INFO  server.RaftServer$Division (RaftServerImpl.java:setRole(329)) - 9de77b90-302e-4d3a-8e07-68c62a7150b7@group-449B431A6970: changes role from CANDIDATE to LEADER at term 1 for changeToLeader
2023-09-07 04:48:30,778 [9de77b90-302e-4d3a-8e07-68c62a7150b7@group-449B431A6970-LeaderElection9] INFO  ratis.XceiverServerRatis (XceiverServerRatis.java:handleLeaderChangedNotification(902)) - Leader change notification received for group: group-449B431A6970 with new leaderId: 9de77b90-302e-4d3a-8e07-68c62a7150b7
2023-09-07 04:48:30,778 [9de77b90-302e-4d3a-8e07-68c62a7150b7@group-449B431A6970-LeaderElection9] INFO  server.RaftServer$Division (ServerState.java:setLeader(317)) - 9de77b90-302e-4d3a-8e07-68c62a7150b7@group-449B431A6970: change Leader from null to 9de77b90-302e-4d3a-8e07-68c62a7150b7 at term 1 for becomeLeader, leader elected after 5129ms
2023-09-07 04:48:30,778 [9de77b90-302e-4d3a-8e07-68c62a7150b7@group-449B431A6970-LeaderElection9] INFO  server.RaftServerConfigKeys (ConfUtils.java:logGet(46)) - raft.server.staging.catchup.gap = 1000 (default)
2023-09-07 04:48:30,778 [9de77b90-302e-4d3a-8e07-68c62a7150b7@group-449B431A6970-LeaderElection9] INFO  server.RaftServerConfigKeys (ConfUtils.java:logGet(46)) - raft.server.write.element-limit = 1024 (custom)
2023-09-07 04:48:30,779 [9de77b90-302e-4d3a-8e07-68c62a7150b7@group-449B431A6970-LeaderElection9] INFO  server.RaftServerConfigKeys (ConfUtils.java:logGet(46)) - raft.server.write.byte-limit = 1024 M (=1073741824) (custom)
2023-09-07 04:48:30,779 [9de77b90-302e-4d3a-8e07-68c62a7150b7@group-449B431A6970-LeaderElection9] INFO  server.RaftServerConfigKeys (ConfUtils.java:logGet(46)) - raft.server.watch.timeout = 180s (custom)
2023-09-07 04:48:30,779 [9de77b90-302e-4d3a-8e07-68c62a7150b7@group-449B431A6970-LeaderElection9] INFO  server.RaftServerConfigKeys (ConfUtils.java:logGet(46)) - raft.server.watch.timeout.denomination = 1s (default)
2023-09-07 04:48:30,779 [9de77b90-302e-4d3a-8e07-68c62a7150b7@group-449B431A6970-LeaderElection9] INFO  server.RaftServerConfigKeys (ConfUtils.java:logGet(46)) - raft.server.watch.element-limit = 65536 (default)
2023-09-07 04:48:30,779 [9de77b90-302e-4d3a-8e07-68c62a7150b7@group-449B431A6970-LeaderElection9] INFO  server.RaftServerConfigKeys (ConfUtils.java:logGet(46)) - raft.server.write.element-limit = 1024 (custom)
2023-09-07 04:48:30,779 [9de77b90-302e-4d3a-8e07-68c62a7150b7@group-449B431A6970-LeaderElection9] INFO  server.RaftServerConfigKeys (ConfUtils.java:logGet(46)) - raft.server.write.follower.gap.ratio.max = -1.0 (default)
2023-09-07 04:48:30,779 [9de77b90-302e-4d3a-8e07-68c62a7150b7@group-449B431A6970-LeaderElection9] INFO  impl.RoleInfo (RoleInfo.java:updateAndGet(139)) - 9de77b90-302e-4d3a-8e07-68c62a7150b7: start 9de77b90-302e-4d3a-8e07-68c62a7150b7@group-449B431A6970-LeaderStateImpl
2023-09-07 04:48:30,780 [9de77b90-302e-4d3a-8e07-68c62a7150b7@group-449B431A6970-LeaderElection9] INFO  segmented.SegmentedRaftLogWorker (SegmentedRaftLogWorker.java:startLogSegment(447)) - 9de77b90-302e-4d3a-8e07-68c62a7150b7@group-449B431A6970-SegmentedRaftLogWorker: Starting segment from index:0
2023-09-07 04:48:30,783 [9de77b90-302e-4d3a-8e07-68c62a7150b7@group-449B431A6970-SegmentedRaftLogWorker] INFO  segmented.SegmentedRaftLogWorker (SegmentedRaftLogWorker.java:execute(651)) - 9de77b90-302e-4d3a-8e07-68c62a7150b7@group-449B431A6970-SegmentedRaftLogWorker: created new log segment /home/runner/work/ozone/ozone/hadoop-ozone/integration-test/target/test-dir/MiniOzoneClusterImpl-34c981b6-280a-47ca-b885-362eca6d2b46/datanode-4/data/ratis/3dbd1f6f-6c72-42fe-b0d9-449b431a6970/current/log_inprogress_0
2023-09-07 04:48:30,792 [9de77b90-302e-4d3a-8e07-68c62a7150b7@group-449B431A6970-LeaderElection9] INFO  server.RaftServer$Division (ServerState.java:setRaftConf(434)) - 9de77b90-302e-4d3a-8e07-68c62a7150b7@group-449B431A6970: set configuration 0: peers:[9de77b90-302e-4d3a-8e07-68c62a7150b7|rpc:10.1.0.9:15050|admin:10.1.0.9:15049|client:10.1.0.9:15048|dataStream:10.1.0.9:15051|priority:1|startupRole:FOLLOWER]|listeners:[], old=null
2023-09-07 04:48:30,846 [main] INFO  rpc.RpcClient (RpcClient.java:createVolume(461)) - Creating Volume: volume25901, with user21094 as owner and space quota set to -1 bytes, counts quota set to -1
2023-09-07 04:48:30,937 [OM StateMachine ApplyTransaction Thread - 0] INFO  volume.OMVolumeCreateRequest (OMVolumeCreateRequest.java:validateAndUpdateCache(196)) - created volume:volume25901 for user:user21094
2023-09-07 04:48:30,967 [main] INFO  rpc.RpcClient (RpcClient.java:createBucket(688)) - Creating Bucket: volume25901/bucket39570, with bucket layout LEGACY, runner as owner, Versioning false, Storage Type set to DISK and Encryption set to false, Replication Type set to server-side default replication type, Namespace Quota set to -1, Space Quota set to -1 
2023-09-07 04:48:30,989 [OM StateMachine ApplyTransaction Thread - 0] INFO  bucket.OMBucketCreateRequest (OMBucketCreateRequest.java:validateAndUpdateCache(270)) - created bucket: bucket39570 of layout LEGACY in volume: volume25901
]]></system-out>
  </testcase>
  <testcase name="testGetTrashRoot" classname="TestOzoneFileSystem" time="19.432">
    <system-out><![CDATA[2023-09-07 04:50:06,740 [main] INFO  ozone.MiniOzoneClusterImpl (MiniOzoneClusterImpl.java:shutdown(443)) - Shutting down the Mini Ozone Cluster
2023-09-07 04:50:06,741 [main] INFO  ozone.MiniOzoneClusterImpl (MiniOzoneClusterImpl.java:stop(460)) - Stopping the Mini Ozone Cluster
2023-09-07 04:50:06,741 [main] INFO  ozone.MiniOzoneClusterImpl (MiniOzoneClusterImpl.java:stopOM(551)) - Stopping the OzoneManager
2023-09-07 04:50:06,741 [main] INFO  om.OzoneManager (OzoneManager.java:stop(2204)) - om1[localhost:15004]: Stopping Ozone Manager
2023-09-07 04:50:06,742 [main] INFO  ipc.Server (Server.java:stop(3523)) - Stopping server on 15004
2023-09-07 04:50:06,752 [IPC Server listener on 15004] INFO  ipc.Server (Server.java:run(1434)) - Stopping IPC Server listener on 15004
2023-09-07 04:50:06,752 [IPC Server Responder] INFO  ipc.Server (Server.java:run(1567)) - Stopping IPC Server Responder
2023-09-07 04:50:06,757 [main] INFO  server.RaftServer (RaftServerProxy.java:lambda$close$6(416)) - om1: close
2023-09-07 04:50:06,763 [main] INFO  server.GrpcService (GrpcService.java:closeImpl(311)) - om1: shutdown server GrpcServerProtocolService now
2023-09-07 04:50:06,767 [om1-impl-thread2] INFO  server.RaftServer$Division (RaftServerImpl.java:lambda$close$4(466)) - om1@group-C5BA1605619E: shutdown
2023-09-07 04:50:06,767 [om1-impl-thread2] INFO  util.JmxRegister (JmxRegister.java:unregister(73)) - Successfully un-registered JMX Bean with object name Ratis:service=RaftServer,group=group-C5BA1605619E,id=om1
2023-09-07 04:50:06,767 [om1-impl-thread2] INFO  impl.RoleInfo (RoleInfo.java:shutdownLeaderState(93)) - om1: shutdown om1@group-C5BA1605619E-LeaderStateImpl
2023-09-07 04:50:06,769 [om1-impl-thread2] INFO  impl.PendingRequests (PendingRequests.java:sendNotLeaderResponses(289)) - om1@group-C5BA1605619E-PendingRequests: sendNotLeaderResponses
2023-09-07 04:50:06,784 [om1@group-C5BA1605619E-StateMachineUpdater] INFO  ratis.OzoneManagerStateMachine (OzoneManagerStateMachine.java:takeSnapshot(480)) - Current Snapshot Index (t:1, i:37012)
2023-09-07 04:50:06,785 [om1-impl-thread2] INFO  impl.StateMachineUpdater (StateMachineUpdater.java:stopAndJoin(155)) - om1@group-C5BA1605619E-StateMachineUpdater: set stopIndex = 37012
2023-09-07 04:50:06,792 [main] INFO  server.GrpcService (GrpcService.java:closeImpl(320)) - om1: shutdown server GrpcServerProtocolService successfully
2023-09-07 04:50:06,846 [om1@group-C5BA1605619E-StateMachineUpdater] INFO  impl.StateMachineUpdater (StateMachineUpdater.java:takeSnapshot(291)) - om1@group-C5BA1605619E-StateMachineUpdater: Took a snapshot at index 37012
2023-09-07 04:50:06,847 [om1@group-C5BA1605619E-StateMachineUpdater] INFO  impl.StateMachineUpdater (StateMachineUpdater.java:lambda$new$0(97)) - om1@group-C5BA1605619E-StateMachineUpdater: snapshotIndex: updateIncreasingly -1 -> 37012
2023-09-07 04:50:06,847 [om1@group-C5BA1605619E-StateMachineUpdater] INFO  ratis.OzoneManagerStateMachine (OzoneManagerStateMachine.java:close(534)) - StateMachine has shutdown. Shutdown OzoneManager if not already shutdown.
2023-09-07 04:50:06,847 [om1@group-C5BA1605619E-StateMachineUpdater] INFO  ratis.OzoneManagerDoubleBuffer (OzoneManagerDoubleBuffer.java:stopDaemon(551)) - Stopping OMDoubleBuffer flush thread
2023-09-07 04:50:06,848 [OMDoubleBufferFlushThread] INFO  ratis.OzoneManagerDoubleBuffer (OzoneManagerDoubleBuffer.java:canFlush(638)) - OMDoubleBuffer flush thread OMDoubleBufferFlushThread is interrupted and will exit.
2023-09-07 04:50:06,850 [om1-impl-thread2] INFO  server.RaftServer$Division (ServerState.java:close(472)) - om1@group-C5BA1605619E: closes. applyIndex: 37012
2023-09-07 04:50:07,735 [om1-impl-thread2] INFO  segmented.SegmentedRaftLogWorker (SegmentedRaftLogWorker.java:close(252)) - om1@group-C5BA1605619E-SegmentedRaftLogWorker close()
2023-09-07 04:50:07,737 [JvmPauseMonitor1] INFO  util.JvmPauseMonitor (JvmPauseMonitor.java:run(109)) - JvmPauseMonitor-om1: Stopped
2023-09-07 04:50:07,737 [main] INFO  ratis.OzoneManagerStateMachine (OzoneManagerStateMachine.java:close(534)) - StateMachine has shutdown. Shutdown OzoneManager if not already shutdown.
2023-09-07 04:50:07,738 [main] INFO  ratis.OzoneManagerDoubleBuffer (OzoneManagerDoubleBuffer.java:stopDaemon(560)) - OMDoubleBuffer flush thread is not running.
2023-09-07 04:50:07,739 [main] INFO  utils.BackgroundService (BackgroundService.java:shutdown(141)) - Shutting down service KeyDeletingService
2023-09-07 04:50:07,740 [main] INFO  utils.BackgroundService (BackgroundService.java:shutdown(141)) - Shutting down service KeyDeletingService
2023-09-07 04:50:07,740 [main] INFO  utils.BackgroundService (BackgroundService.java:shutdown(141)) - Shutting down service OpenKeyCleanupService
2023-09-07 04:50:07,741 [main] INFO  utils.BackgroundService (BackgroundService.java:shutdown(141)) - Shutting down service SstFilteringService
2023-09-07 04:50:07,741 [main] INFO  utils.BackgroundService (BackgroundService.java:shutdown(141)) - Shutting down service SnapshotDeletingService
2023-09-07 04:50:07,745 [main] INFO  handler.ContextHandler (ContextHandler.java:doStop(1159)) - Stopped o.e.j.w.WebAppContext@70b16f37{ozoneManager,/,null,STOPPED}{file:/home/runner/work/ozone/ozone/hadoop-ozone/integration-test/target/test-classes/webapps/ozoneManager}
2023-09-07 04:50:07,750 [main] INFO  server.AbstractConnector (AbstractConnector.java:doStop(383)) - Stopped ServerConnector@21cd9e84{HTTP/1.1, (http/1.1)}{0.0.0.0:15005}
2023-09-07 04:50:07,750 [main] INFO  server.session (HouseKeeper.java:stopScavenging(149)) - node0 Stopped scavenging
2023-09-07 04:50:07,750 [main] INFO  handler.ContextHandler (ContextHandler.java:doStop(1159)) - Stopped o.e.j.s.ServletContextHandler@35d0a6b1{static,/static,file:///home/runner/work/ozone/ozone/hadoop-ozone/integration-test/target/test-classes/webapps/static,STOPPED}
2023-09-07 04:50:07,751 [main] INFO  handler.ContextHandler (ContextHandler.java:doStop(1159)) - Stopped o.e.j.s.ServletContextHandler@7b09acd9{logs,/logs,file:///home/runner/work/ozone/ozone/hadoop-ozone/integration-test/target/log,STOPPED}
2023-09-07 04:50:07,754 [Trash Emptier] ERROR om.TrashPolicyOzone (TrashPolicyOzone.java:run(350)) - Error attempting to shutdown
java.lang.InterruptedException
	at java.util.concurrent.locks.AbstractQueuedSynchronizer$ConditionObject.awaitNanos(AbstractQueuedSynchronizer.java:2067)
	at java.util.concurrent.ThreadPoolExecutor.awaitTermination(ThreadPoolExecutor.java:1475)
	at org.apache.hadoop.ozone.om.TrashPolicyOzone$Emptier.run(TrashPolicyOzone.java:348)
	at java.lang.Thread.run(Thread.java:750)
2023-09-07 04:50:07,759 [main] INFO  rocksdiff.RocksDBCheckpointDiffer (RocksDBCheckpointDiffer.java:close(343)) - Shutting down CompactionDagPruningService.
2023-09-07 04:50:07,770 [main] INFO  snapshot.SnapshotDiffManager (SnapshotDiffManager.java:closeExecutorService(1697)) - Shutting down executorService: 'SnapDiffExecutor'
2023-09-07 04:50:07,771 [main] INFO  snapshot.SnapshotDiffManager (SnapshotDiffManager.java:closeExecutorService(1697)) - Shutting down executorService: 'SstDumpToolExecutor'
2023-09-07 04:50:07,771 [main] INFO  utils.BackgroundService (BackgroundService.java:shutdown(141)) - Shutting down service SnapshotDiffCleanupService
2023-09-07 04:50:07,774 [main] INFO  ozone.MiniOzoneClusterImpl (MiniOzoneClusterImpl.java:stopDatanodes(528)) - Stopping the HddsDatanodes
2023-09-07 04:50:07,782 [ForkJoinPool.commonPool-worker-0] INFO  ozoneimpl.OzoneContainer (OzoneContainer.java:stop(451)) - Attempting to stop container services.
2023-09-07 04:50:07,785 [ForkJoinPool.commonPool-worker-0] INFO  server.RaftServer (RaftServerProxy.java:lambda$close$6(416)) - b1275f2d-39ad-471b-b40b-6b5e810ed750: close
2023-09-07 04:50:07,790 [b1275f2d-39ad-471b-b40b-6b5e810ed750-impl-thread2] INFO  server.RaftServer$Division (RaftServerImpl.java:lambda$close$4(466)) - b1275f2d-39ad-471b-b40b-6b5e810ed750@group-27E939994E1F: shutdown
2023-09-07 04:50:07,790 [b1275f2d-39ad-471b-b40b-6b5e810ed750-impl-thread2] INFO  util.JmxRegister (JmxRegister.java:unregister(73)) - Successfully un-registered JMX Bean with object name Ratis:service=RaftServer,group=group-27E939994E1F,id=b1275f2d-39ad-471b-b40b-6b5e810ed750
2023-09-07 04:50:07,790 [b1275f2d-39ad-471b-b40b-6b5e810ed750-impl-thread2] INFO  impl.RoleInfo (RoleInfo.java:shutdownFollowerState(110)) - b1275f2d-39ad-471b-b40b-6b5e810ed750: shutdown b1275f2d-39ad-471b-b40b-6b5e810ed750@group-27E939994E1F-FollowerState
2023-09-07 04:50:07,794 [b1275f2d-39ad-471b-b40b-6b5e810ed750-impl-thread3] INFO  server.RaftServer$Division (RaftServerImpl.java:lambda$close$4(466)) - b1275f2d-39ad-471b-b40b-6b5e810ed750@group-3A85F9A1A5BA: shutdown
2023-09-07 04:50:07,794 [b1275f2d-39ad-471b-b40b-6b5e810ed750-impl-thread3] INFO  util.JmxRegister (JmxRegister.java:unregister(73)) - Successfully un-registered JMX Bean with object name Ratis:service=RaftServer,group=group-3A85F9A1A5BA,id=b1275f2d-39ad-471b-b40b-6b5e810ed750
2023-09-07 04:50:07,794 [b1275f2d-39ad-471b-b40b-6b5e810ed750-impl-thread3] INFO  impl.RoleInfo (RoleInfo.java:shutdownLeaderState(93)) - b1275f2d-39ad-471b-b40b-6b5e810ed750: shutdown b1275f2d-39ad-471b-b40b-6b5e810ed750@group-3A85F9A1A5BA-LeaderStateImpl
2023-09-07 04:50:07,798 [ForkJoinPool.commonPool-worker-0] INFO  server.GrpcService (GrpcService.java:closeImpl(311)) - b1275f2d-39ad-471b-b40b-6b5e810ed750: shutdown server org.apache.ratis.grpc.server.GrpcClientProtocolService now
2023-09-07 04:50:07,811 [b1275f2d-39ad-471b-b40b-6b5e810ed750-impl-thread4] INFO  server.RaftServer$Division (RaftServerImpl.java:lambda$close$4(466)) - b1275f2d-39ad-471b-b40b-6b5e810ed750@group-178E19979CDD: shutdown
2023-09-07 04:50:07,812 [b1275f2d-39ad-471b-b40b-6b5e810ed750-impl-thread4] INFO  util.JmxRegister (JmxRegister.java:unregister(73)) - Successfully un-registered JMX Bean with object name Ratis:service=RaftServer,group=group-178E19979CDD,id=b1275f2d-39ad-471b-b40b-6b5e810ed750
2023-09-07 04:50:07,812 [b1275f2d-39ad-471b-b40b-6b5e810ed750-impl-thread4] INFO  impl.RoleInfo (RoleInfo.java:shutdownLeaderState(93)) - b1275f2d-39ad-471b-b40b-6b5e810ed750: shutdown b1275f2d-39ad-471b-b40b-6b5e810ed750@group-178E19979CDD-LeaderStateImpl
2023-09-07 04:50:07,813 [main] INFO  ozoneimpl.OzoneContainer (OzoneContainer.java:stop(451)) - Attempting to stop container services.
2023-09-07 04:50:07,814 [b1275f2d-39ad-471b-b40b-6b5e810ed750@group-27E939994E1F-FollowerState] INFO  impl.FollowerState (FollowerState.java:run(152)) - b1275f2d-39ad-471b-b40b-6b5e810ed750@group-27E939994E1F-FollowerState was interrupted
2023-09-07 04:50:07,814 [b1275f2d-39ad-471b-b40b-6b5e810ed750@group-3A85F9A1A5BA->0eb6895c-dd30-4da0-bb92-00e2e7e9df9f-GrpcLogAppender-LogAppenderDaemon] WARN  server.GrpcLogAppender (GrpcLogAppender.java:mayWait(199)) - b1275f2d-39ad-471b-b40b-6b5e810ed750@group-3A85F9A1A5BA->0eb6895c-dd30-4da0-bb92-00e2e7e9df9f-GrpcLogAppender: Wait interrupted by java.lang.InterruptedException
2023-09-07 04:50:07,814 [b1275f2d-39ad-471b-b40b-6b5e810ed750-impl-thread2] INFO  impl.StateMachineUpdater (StateMachineUpdater.java:stopAndJoin(155)) - b1275f2d-39ad-471b-b40b-6b5e810ed750@group-27E939994E1F-StateMachineUpdater: set stopIndex = 2
2023-09-07 04:50:07,816 [grpc-default-executor-3] INFO  server.GrpcServerProtocolService (GrpcServerProtocolService.java:onCompleted(155)) - 0eb6895c-dd30-4da0-bb92-00e2e7e9df9f: Completed APPEND_ENTRIES, lastRequest: b1275f2d-39ad-471b-b40b-6b5e810ed750->0eb6895c-dd30-4da0-bb92-00e2e7e9df9f#54-t1,previous=(t:1, i:25),leaderCommit=25,initializing? true,entries: size=1, first=(t:1, i:26), METADATAENTRY(c:25)
2023-09-07 04:50:07,817 [grpc-default-executor-3] INFO  server.GrpcServerProtocolService (GrpcServerProtocolService.java:lambda$onCompleted$5(157)) - 0eb6895c-dd30-4da0-bb92-00e2e7e9df9f: Completed APPEND_ENTRIES, lastReply: null
2023-09-07 04:50:07,818 [b1275f2d-39ad-471b-b40b-6b5e810ed750@group-27E939994E1F-StateMachineUpdater] INFO  ratis.ContainerStateMachine (ContainerStateMachine.java:takeSnapshot(330)) - group-27E939994E1F: Taking a snapshot at:(t:1, i:2) file /home/runner/work/ozone/ozone/hadoop-ozone/integration-test/target/test-dir/MiniOzoneClusterImpl-34c981b6-280a-47ca-b885-362eca6d2b46/datanode-1/data/ratis/f40bc65f-aff4-4ed1-a5ea-27e939994e1f/sm/snapshot.1_2
2023-09-07 04:50:07,812 [b1275f2d-39ad-471b-b40b-6b5e810ed750-impl-thread4] INFO  impl.PendingRequests (PendingRequests.java:sendNotLeaderResponses(289)) - b1275f2d-39ad-471b-b40b-6b5e810ed750@group-178E19979CDD-PendingRequests: sendNotLeaderResponses
2023-09-07 04:50:07,817 [b1275f2d-39ad-471b-b40b-6b5e810ed750-impl-thread3] INFO  impl.PendingRequests (PendingRequests.java:sendNotLeaderResponses(289)) - b1275f2d-39ad-471b-b40b-6b5e810ed750@group-3A85F9A1A5BA-PendingRequests: sendNotLeaderResponses
2023-09-07 04:50:07,823 [main] INFO  server.RaftServer (RaftServerProxy.java:lambda$close$6(416)) - 0eb6895c-dd30-4da0-bb92-00e2e7e9df9f: close
2023-09-07 04:50:07,823 [Thread-499] INFO  server.GrpcServerProtocolClient (GrpcServerProtocolClient.java:close(103)) - 0eb6895c-dd30-4da0-bb92-00e2e7e9df9f Close channels
2023-09-07 04:50:07,819 [grpc-default-executor-0] INFO  server.GrpcLogAppender (GrpcLogAppender.java:onCompleted(428)) - b1275f2d-39ad-471b-b40b-6b5e810ed750@group-3A85F9A1A5BA->0eb6895c-dd30-4da0-bb92-00e2e7e9df9f-AppendLogResponseHandler: follower responses appendEntries COMPLETED
2023-09-07 04:50:07,824 [grpc-default-executor-0] WARN  server.GrpcLogAppender (GrpcLogAppender.java:resetClient(137)) - b1275f2d-39ad-471b-b40b-6b5e810ed750@group-3A85F9A1A5BA->0eb6895c-dd30-4da0-bb92-00e2e7e9df9f-GrpcLogAppender: Failed to getClient for 0eb6895c-dd30-4da0-bb92-00e2e7e9df9f
org.apache.ratis.protocol.exceptions.AlreadyClosedException: b1275f2d-39ad-471b-b40b-6b5e810ed750 is already CLOSED
	at org.apache.ratis.util.PeerProxyMap$PeerAndProxy.getProxy(PeerProxyMap.java:61)
	at org.apache.ratis.util.PeerProxyMap.getProxy(PeerProxyMap.java:115)
	at org.apache.ratis.grpc.server.GrpcLogAppender.getClient(GrpcLogAppender.java:112)
	at org.apache.ratis.grpc.server.GrpcLogAppender.resetClient(GrpcLogAppender.java:117)
	at org.apache.ratis.grpc.server.GrpcLogAppender.access$500(GrpcLogAppender.java:56)
	at org.apache.ratis.grpc.server.GrpcLogAppender$AppendLogResponseHandler.onCompleted(GrpcLogAppender.java:429)
	at org.apache.ratis.thirdparty.io.grpc.stub.ClientCalls$StreamObserverToCallListenerAdapter.onClose(ClientCalls.java:485)
	at org.apache.ratis.thirdparty.io.grpc.internal.ClientCallImpl.closeObserver(ClientCallImpl.java:563)
	at org.apache.ratis.thirdparty.io.grpc.internal.ClientCallImpl.access$300(ClientCallImpl.java:70)
	at org.apache.ratis.thirdparty.io.grpc.internal.ClientCallImpl$ClientStreamListenerImpl$1StreamClosed.runInternal(ClientCallImpl.java:744)
	at org.apache.ratis.thirdparty.io.grpc.internal.ClientCallImpl$ClientStreamListenerImpl$1StreamClosed.runInContext(ClientCallImpl.java:723)
	at org.apache.ratis.thirdparty.io.grpc.internal.ContextRunnable.run(ContextRunnable.java:37)
	at org.apache.ratis.thirdparty.io.grpc.internal.SerializingExecutor.run(SerializingExecutor.java:133)
	at java.util.concurrent.ThreadPoolExecutor.runWorker(ThreadPoolExecutor.java:1149)
	at java.util.concurrent.ThreadPoolExecutor$Worker.run(ThreadPoolExecutor.java:624)
	at java.lang.Thread.run(Thread.java:750)
2023-09-07 04:50:07,825 [0eb6895c-dd30-4da0-bb92-00e2e7e9df9f-impl-thread3] INFO  server.RaftServer$Division (RaftServerImpl.java:lambda$close$4(466)) - 0eb6895c-dd30-4da0-bb92-00e2e7e9df9f@group-27E939994E1F: shutdown
2023-09-07 04:50:07,817 [grpc-default-executor-7] INFO  server.GrpcServerProtocolService (GrpcServerProtocolService.java:onCompleted(155)) - 0eb6895c-dd30-4da0-bb92-00e2e7e9df9f: Completed APPEND_ENTRIES, lastRequest: null
2023-09-07 04:50:07,840 [0eb6895c-dd30-4da0-bb92-00e2e7e9df9f-impl-thread3] INFO  util.JmxRegister (JmxRegister.java:unregister(73)) - Successfully un-registered JMX Bean with object name Ratis:service=RaftServer,group=group-27E939994E1F,id=0eb6895c-dd30-4da0-bb92-00e2e7e9df9f
2023-09-07 04:50:07,840 [0eb6895c-dd30-4da0-bb92-00e2e7e9df9f-impl-thread3] INFO  impl.RoleInfo (RoleInfo.java:shutdownFollowerState(110)) - 0eb6895c-dd30-4da0-bb92-00e2e7e9df9f: shutdown 0eb6895c-dd30-4da0-bb92-00e2e7e9df9f@group-27E939994E1F-FollowerState
2023-09-07 04:50:07,841 [0eb6895c-dd30-4da0-bb92-00e2e7e9df9f@group-27E939994E1F-FollowerState] INFO  impl.FollowerState (FollowerState.java:run(152)) - 0eb6895c-dd30-4da0-bb92-00e2e7e9df9f@group-27E939994E1F-FollowerState was interrupted
2023-09-07 04:50:07,841 [0eb6895c-dd30-4da0-bb92-00e2e7e9df9f@group-27E939994E1F-StateMachineUpdater] INFO  ratis.ContainerStateMachine (ContainerStateMachine.java:takeSnapshot(330)) - group-27E939994E1F: Taking a snapshot at:(t:1, i:2) file /home/runner/work/ozone/ozone/hadoop-ozone/integration-test/target/test-dir/MiniOzoneClusterImpl-34c981b6-280a-47ca-b885-362eca6d2b46/datanode-2/data/ratis/f40bc65f-aff4-4ed1-a5ea-27e939994e1f/sm/snapshot.1_2
2023-09-07 04:50:07,841 [0eb6895c-dd30-4da0-bb92-00e2e7e9df9f-impl-thread3] INFO  impl.StateMachineUpdater (StateMachineUpdater.java:stopAndJoin(155)) - 0eb6895c-dd30-4da0-bb92-00e2e7e9df9f@group-27E939994E1F-StateMachineUpdater: set stopIndex = 2
2023-09-07 04:50:07,817 [b1275f2d-39ad-471b-b40b-6b5e810ed750@group-3A85F9A1A5BA->8c6092c3-8da2-4ae2-b503-635dac77af5e-GrpcLogAppender-LogAppenderDaemon] WARN  server.GrpcLogAppender (GrpcLogAppender.java:mayWait(199)) - b1275f2d-39ad-471b-b40b-6b5e810ed750@group-3A85F9A1A5BA->8c6092c3-8da2-4ae2-b503-635dac77af5e-GrpcLogAppender: Wait interrupted by java.lang.InterruptedException
2023-09-07 04:50:07,839 [0eb6895c-dd30-4da0-bb92-00e2e7e9df9f-impl-thread4] INFO  server.RaftServer$Division (RaftServerImpl.java:lambda$close$4(466)) - 0eb6895c-dd30-4da0-bb92-00e2e7e9df9f@group-3A85F9A1A5BA: shutdown
2023-09-07 04:50:07,835 [grpc-default-executor-3] WARN  server.GrpcClientProtocolService (LogUtils.java:warn(122)) - 0-OrderedRequestStreamObserver0: onError: org.apache.ratis.thirdparty.io.grpc.StatusRuntimeException: CANCELLED: client cancelled
2023-09-07 04:50:07,835 [b1275f2d-39ad-471b-b40b-6b5e810ed750@group-178E19979CDD-StateMachineUpdater] INFO  ratis.ContainerStateMachine (ContainerStateMachine.java:takeSnapshot(330)) - group-178E19979CDD: Taking a snapshot at:(t:1, i:0) file /home/runner/work/ozone/ozone/hadoop-ozone/integration-test/target/test-dir/MiniOzoneClusterImpl-34c981b6-280a-47ca-b885-362eca6d2b46/datanode-1/data/ratis/025be21e-9425-498f-9c4c-178e19979cdd/sm/snapshot.1_0
2023-09-07 04:50:07,843 [0eb6895c-dd30-4da0-bb92-00e2e7e9df9f-impl-thread4] INFO  util.JmxRegister (JmxRegister.java:unregister(73)) - Successfully un-registered JMX Bean with object name Ratis:service=RaftServer,group=group-3A85F9A1A5BA,id=0eb6895c-dd30-4da0-bb92-00e2e7e9df9f
2023-09-07 04:50:07,834 [b1275f2d-39ad-471b-b40b-6b5e810ed750@group-3A85F9A1A5BA-StateMachineUpdater] INFO  ratis.ContainerStateMachine (ContainerStateMachine.java:takeSnapshot(330)) - group-3A85F9A1A5BA: Taking a snapshot at:(t:1, i:26) file /home/runner/work/ozone/ozone/hadoop-ozone/integration-test/target/test-dir/MiniOzoneClusterImpl-34c981b6-280a-47ca-b885-362eca6d2b46/datanode-1/data/ratis/6ed50375-2729-40d1-b063-3a85f9a1a5ba/sm/snapshot.1_26
2023-09-07 04:50:07,833 [b1275f2d-39ad-471b-b40b-6b5e810ed750-impl-thread3] INFO  impl.StateMachineUpdater (StateMachineUpdater.java:stopAndJoin(155)) - b1275f2d-39ad-471b-b40b-6b5e810ed750@group-3A85F9A1A5BA-StateMachineUpdater: set stopIndex = 26
2023-09-07 04:50:07,825 [b1275f2d-39ad-471b-b40b-6b5e810ed750-impl-thread4] INFO  impl.StateMachineUpdater (StateMachineUpdater.java:stopAndJoin(155)) - b1275f2d-39ad-471b-b40b-6b5e810ed750@group-178E19979CDD-StateMachineUpdater: set stopIndex = 0
2023-09-07 04:50:07,825 [main] INFO  server.GrpcService (GrpcService.java:closeImpl(311)) - 0eb6895c-dd30-4da0-bb92-00e2e7e9df9f: shutdown server org.apache.ratis.grpc.server.GrpcClientProtocolService now
2023-09-07 04:50:07,824 [0eb6895c-dd30-4da0-bb92-00e2e7e9df9f-impl-thread2] INFO  server.RaftServer$Division (RaftServerImpl.java:lambda$close$4(466)) - 0eb6895c-dd30-4da0-bb92-00e2e7e9df9f@group-584F76359502: shutdown
2023-09-07 04:50:07,824 [Thread-500] INFO  server.GrpcServerProtocolClient (GrpcServerProtocolClient.java:close(103)) - 8c6092c3-8da2-4ae2-b503-635dac77af5e Close channels
2023-09-07 04:50:07,851 [grpc-default-executor-7] INFO  server.GrpcServerProtocolService (GrpcServerProtocolService.java:lambda$onCompleted$5(157)) - 0eb6895c-dd30-4da0-bb92-00e2e7e9df9f: Completed APPEND_ENTRIES, lastReply: serverReply {
  requestorId: "b1275f2d-39ad-471b-b40b-6b5e810ed750"
  replyId: "0eb6895c-dd30-4da0-bb92-00e2e7e9df9f"
  raftGroupId {
    id: "n\325\003u\')@\321\260c:\205\371\241\245\272"
  }
  callId: 95
  success: true
}
term: 1
nextIndex: 27
followerCommit: 26
matchIndex: 18446744073709551615
isHearbeat: true

2023-09-07 04:50:07,849 [0eb6895c-dd30-4da0-bb92-00e2e7e9df9f-impl-thread4] INFO  impl.RoleInfo (RoleInfo.java:shutdownFollowerState(110)) - 0eb6895c-dd30-4da0-bb92-00e2e7e9df9f: shutdown 0eb6895c-dd30-4da0-bb92-00e2e7e9df9f@group-3A85F9A1A5BA-FollowerState
2023-09-07 04:50:07,846 [0eb6895c-dd30-4da0-bb92-00e2e7e9df9f-impl-thread2] INFO  util.JmxRegister (JmxRegister.java:unregister(73)) - Successfully un-registered JMX Bean with object name Ratis:service=RaftServer,group=group-584F76359502,id=0eb6895c-dd30-4da0-bb92-00e2e7e9df9f
2023-09-07 04:50:07,855 [0eb6895c-dd30-4da0-bb92-00e2e7e9df9f-impl-thread2] INFO  impl.RoleInfo (RoleInfo.java:shutdownLeaderState(93)) - 0eb6895c-dd30-4da0-bb92-00e2e7e9df9f: shutdown 0eb6895c-dd30-4da0-bb92-00e2e7e9df9f@group-584F76359502-LeaderStateImpl
2023-09-07 04:50:07,855 [0eb6895c-dd30-4da0-bb92-00e2e7e9df9f-impl-thread2] INFO  impl.PendingRequests (PendingRequests.java:sendNotLeaderResponses(289)) - 0eb6895c-dd30-4da0-bb92-00e2e7e9df9f@group-584F76359502-PendingRequests: sendNotLeaderResponses
2023-09-07 04:50:07,856 [0eb6895c-dd30-4da0-bb92-00e2e7e9df9f-impl-thread2] INFO  impl.StateMachineUpdater (StateMachineUpdater.java:stopAndJoin(155)) - 0eb6895c-dd30-4da0-bb92-00e2e7e9df9f@group-584F76359502-StateMachineUpdater: set stopIndex = 0
2023-09-07 04:50:07,856 [0eb6895c-dd30-4da0-bb92-00e2e7e9df9f@group-584F76359502-StateMachineUpdater] INFO  ratis.ContainerStateMachine (ContainerStateMachine.java:takeSnapshot(330)) - group-584F76359502: Taking a snapshot at:(t:1, i:0) file /home/runner/work/ozone/ozone/hadoop-ozone/integration-test/target/test-dir/MiniOzoneClusterImpl-34c981b6-280a-47ca-b885-362eca6d2b46/datanode-2/data/ratis/d5a7257d-5ac0-43ef-96dc-584f76359502/sm/snapshot.1_0
2023-09-07 04:50:07,859 [grpc-default-executor-7] INFO  server.GrpcServerProtocolService (GrpcServerProtocolService.java:onCompleted(155)) - 8c6092c3-8da2-4ae2-b503-635dac77af5e: Completed APPEND_ENTRIES, lastRequest: b1275f2d-39ad-471b-b40b-6b5e810ed750->8c6092c3-8da2-4ae2-b503-635dac77af5e#58-t1,previous=(t:1, i:25),leaderCommit=25,initializing? true,entries: size=1, first=(t:1, i:26), METADATAENTRY(c:25)
2023-09-07 04:50:07,860 [grpc-default-executor-7] INFO  server.GrpcServerProtocolService (GrpcServerProtocolService.java:lambda$onCompleted$5(157)) - 8c6092c3-8da2-4ae2-b503-635dac77af5e: Completed APPEND_ENTRIES, lastReply: null
2023-09-07 04:50:07,862 [grpc-default-executor-3] INFO  server.GrpcLogAppender (GrpcLogAppender.java:onCompleted(428)) - b1275f2d-39ad-471b-b40b-6b5e810ed750@group-3A85F9A1A5BA->8c6092c3-8da2-4ae2-b503-635dac77af5e-AppendLogResponseHandler: follower responses appendEntries COMPLETED
2023-09-07 04:50:07,862 [grpc-default-executor-3] WARN  server.GrpcLogAppender (GrpcLogAppender.java:resetClient(137)) - b1275f2d-39ad-471b-b40b-6b5e810ed750@group-3A85F9A1A5BA->8c6092c3-8da2-4ae2-b503-635dac77af5e-GrpcLogAppender: Failed to getClient for 8c6092c3-8da2-4ae2-b503-635dac77af5e
org.apache.ratis.protocol.exceptions.AlreadyClosedException: b1275f2d-39ad-471b-b40b-6b5e810ed750 is already CLOSED
	at org.apache.ratis.util.PeerProxyMap$PeerAndProxy.getProxy(PeerProxyMap.java:61)
	at org.apache.ratis.util.PeerProxyMap.getProxy(PeerProxyMap.java:115)
	at org.apache.ratis.grpc.server.GrpcLogAppender.getClient(GrpcLogAppender.java:112)
	at org.apache.ratis.grpc.server.GrpcLogAppender.resetClient(GrpcLogAppender.java:117)
	at org.apache.ratis.grpc.server.GrpcLogAppender.access$500(GrpcLogAppender.java:56)
	at org.apache.ratis.grpc.server.GrpcLogAppender$AppendLogResponseHandler.onCompleted(GrpcLogAppender.java:429)
	at org.apache.ratis.thirdparty.io.grpc.stub.ClientCalls$StreamObserverToCallListenerAdapter.onClose(ClientCalls.java:485)
	at org.apache.ratis.thirdparty.io.grpc.internal.ClientCallImpl.closeObserver(ClientCallImpl.java:563)
	at org.apache.ratis.thirdparty.io.grpc.internal.ClientCallImpl.access$300(ClientCallImpl.java:70)
	at org.apache.ratis.thirdparty.io.grpc.internal.ClientCallImpl$ClientStreamListenerImpl$1StreamClosed.runInternal(ClientCallImpl.java:744)
	at org.apache.ratis.thirdparty.io.grpc.internal.ClientCallImpl$ClientStreamListenerImpl$1StreamClosed.runInContext(ClientCallImpl.java:723)
	at org.apache.ratis.thirdparty.io.grpc.internal.ContextRunnable.run(ContextRunnable.java:37)
	at org.apache.ratis.thirdparty.io.grpc.internal.SerializingExecutor.run(SerializingExecutor.java:133)
	at java.util.concurrent.ThreadPoolExecutor.runWorker(ThreadPoolExecutor.java:1149)
	at java.util.concurrent.ThreadPoolExecutor$Worker.run(ThreadPoolExecutor.java:624)
	at java.lang.Thread.run(Thread.java:750)
2023-09-07 04:50:07,872 [0eb6895c-dd30-4da0-bb92-00e2e7e9df9f-impl-thread4] INFO  impl.StateMachineUpdater (StateMachineUpdater.java:stopAndJoin(155)) - 0eb6895c-dd30-4da0-bb92-00e2e7e9df9f@group-3A85F9A1A5BA-StateMachineUpdater: set stopIndex = 26
2023-09-07 04:50:07,872 [0eb6895c-dd30-4da0-bb92-00e2e7e9df9f@group-3A85F9A1A5BA-FollowerState] INFO  impl.FollowerState (FollowerState.java:run(152)) - 0eb6895c-dd30-4da0-bb92-00e2e7e9df9f@group-3A85F9A1A5BA-FollowerState was interrupted
2023-09-07 04:50:07,872 [0eb6895c-dd30-4da0-bb92-00e2e7e9df9f@group-3A85F9A1A5BA-StateMachineUpdater] INFO  ratis.ContainerStateMachine (ContainerStateMachine.java:takeSnapshot(330)) - group-3A85F9A1A5BA: Taking a snapshot at:(t:1, i:26) file /home/runner/work/ozone/ozone/hadoop-ozone/integration-test/target/test-dir/MiniOzoneClusterImpl-34c981b6-280a-47ca-b885-362eca6d2b46/datanode-2/data/ratis/6ed50375-2729-40d1-b063-3a85f9a1a5ba/sm/snapshot.1_26
2023-09-07 04:50:07,873 [Thread-506] INFO  server.GrpcServerProtocolClient (GrpcServerProtocolClient.java:close(103)) - 8c6092c3-8da2-4ae2-b503-635dac77af5e Close channels
2023-09-07 04:50:07,881 [grpc-default-executor-3] INFO  server.GrpcLogAppender (GrpcLogAppender.java:onCompleted(428)) - b1275f2d-39ad-471b-b40b-6b5e810ed750@group-3A85F9A1A5BA->0eb6895c-dd30-4da0-bb92-00e2e7e9df9f-AppendLogResponseHandler: follower responses appendEntries COMPLETED
2023-09-07 04:50:07,885 [grpc-default-executor-3] WARN  server.GrpcLogAppender (GrpcLogAppender.java:resetClient(137)) - b1275f2d-39ad-471b-b40b-6b5e810ed750@group-3A85F9A1A5BA->0eb6895c-dd30-4da0-bb92-00e2e7e9df9f-GrpcLogAppender: Failed to getClient for 0eb6895c-dd30-4da0-bb92-00e2e7e9df9f
org.apache.ratis.protocol.exceptions.AlreadyClosedException: b1275f2d-39ad-471b-b40b-6b5e810ed750 is already CLOSED
	at org.apache.ratis.util.PeerProxyMap$PeerAndProxy.getProxy(PeerProxyMap.java:61)
	at org.apache.ratis.util.PeerProxyMap.getProxy(PeerProxyMap.java:115)
	at org.apache.ratis.grpc.server.GrpcLogAppender.getClient(GrpcLogAppender.java:112)
	at org.apache.ratis.grpc.server.GrpcLogAppender.resetClient(GrpcLogAppender.java:117)
	at org.apache.ratis.grpc.server.GrpcLogAppender.access$500(GrpcLogAppender.java:56)
	at org.apache.ratis.grpc.server.GrpcLogAppender$AppendLogResponseHandler.onCompleted(GrpcLogAppender.java:429)
	at org.apache.ratis.thirdparty.io.grpc.stub.ClientCalls$StreamObserverToCallListenerAdapter.onClose(ClientCalls.java:485)
	at org.apache.ratis.thirdparty.io.grpc.internal.ClientCallImpl.closeObserver(ClientCallImpl.java:563)
	at org.apache.ratis.thirdparty.io.grpc.internal.ClientCallImpl.access$300(ClientCallImpl.java:70)
	at org.apache.ratis.thirdparty.io.grpc.internal.ClientCallImpl$ClientStreamListenerImpl$1StreamClosed.runInternal(ClientCallImpl.java:744)
	at org.apache.ratis.thirdparty.io.grpc.internal.ClientCallImpl$ClientStreamListenerImpl$1StreamClosed.runInContext(ClientCallImpl.java:723)
	at org.apache.ratis.thirdparty.io.grpc.internal.ContextRunnable.run(ContextRunnable.java:37)
	at org.apache.ratis.thirdparty.io.grpc.internal.SerializingExecutor.run(SerializingExecutor.java:133)
	at java.util.concurrent.ThreadPoolExecutor.runWorker(ThreadPoolExecutor.java:1149)
	at java.util.concurrent.ThreadPoolExecutor$Worker.run(ThreadPoolExecutor.java:624)
	at java.lang.Thread.run(Thread.java:750)
2023-09-07 04:50:07,880 [grpc-default-executor-0] INFO  server.GrpcServerProtocolService (GrpcServerProtocolService.java:onCompleted(155)) - 8c6092c3-8da2-4ae2-b503-635dac77af5e: Completed APPEND_ENTRIES, lastRequest: null
2023-09-07 04:50:07,876 [ForkJoinPool.commonPool-worker-1] INFO  ozoneimpl.OzoneContainer (OzoneContainer.java:stop(451)) - Attempting to stop container services.
2023-09-07 04:50:07,886 [grpc-default-executor-0] INFO  server.GrpcServerProtocolService (GrpcServerProtocolService.java:lambda$onCompleted$5(157)) - 8c6092c3-8da2-4ae2-b503-635dac77af5e: Completed APPEND_ENTRIES, lastReply: serverReply {
  requestorId: "b1275f2d-39ad-471b-b40b-6b5e810ed750"
  replyId: "8c6092c3-8da2-4ae2-b503-635dac77af5e"
  raftGroupId {
    id: "n\325\003u\')@\321\260c:\205\371\241\245\272"
  }
  callId: 97
  success: true
}
term: 1
nextIndex: 27
followerCommit: 26
matchIndex: 18446744073709551615
isHearbeat: true

2023-09-07 04:50:07,886 [ForkJoinPool.commonPool-worker-1] INFO  server.RaftServer (RaftServerProxy.java:lambda$close$6(416)) - 8c6092c3-8da2-4ae2-b503-635dac77af5e: close
2023-09-07 04:50:07,887 [8c6092c3-8da2-4ae2-b503-635dac77af5e-impl-thread2] INFO  server.RaftServer$Division (RaftServerImpl.java:lambda$close$4(466)) - 8c6092c3-8da2-4ae2-b503-635dac77af5e@group-5A106ABF4FBB: shutdown
2023-09-07 04:50:07,890 [8c6092c3-8da2-4ae2-b503-635dac77af5e-impl-thread2] INFO  util.JmxRegister (JmxRegister.java:unregister(73)) - Successfully un-registered JMX Bean with object name Ratis:service=RaftServer,group=group-5A106ABF4FBB,id=8c6092c3-8da2-4ae2-b503-635dac77af5e
2023-09-07 04:50:07,890 [8c6092c3-8da2-4ae2-b503-635dac77af5e-impl-thread2] INFO  impl.RoleInfo (RoleInfo.java:shutdownLeaderState(93)) - 8c6092c3-8da2-4ae2-b503-635dac77af5e: shutdown 8c6092c3-8da2-4ae2-b503-635dac77af5e@group-5A106ABF4FBB-LeaderStateImpl
2023-09-07 04:50:07,890 [8c6092c3-8da2-4ae2-b503-635dac77af5e-impl-thread2] INFO  impl.PendingRequests (PendingRequests.java:sendNotLeaderResponses(289)) - 8c6092c3-8da2-4ae2-b503-635dac77af5e@group-5A106ABF4FBB-PendingRequests: sendNotLeaderResponses
2023-09-07 04:50:07,890 [8c6092c3-8da2-4ae2-b503-635dac77af5e-impl-thread2] INFO  impl.StateMachineUpdater (StateMachineUpdater.java:stopAndJoin(155)) - 8c6092c3-8da2-4ae2-b503-635dac77af5e@group-5A106ABF4FBB-StateMachineUpdater: set stopIndex = 0
2023-09-07 04:50:07,891 [8c6092c3-8da2-4ae2-b503-635dac77af5e@group-5A106ABF4FBB-StateMachineUpdater] INFO  ratis.ContainerStateMachine (ContainerStateMachine.java:takeSnapshot(330)) - group-5A106ABF4FBB: Taking a snapshot at:(t:1, i:0) file /home/runner/work/ozone/ozone/hadoop-ozone/integration-test/target/test-dir/MiniOzoneClusterImpl-34c981b6-280a-47ca-b885-362eca6d2b46/datanode-0/data/ratis/bf3e4409-818b-49af-9ad5-5a106abf4fbb/sm/snapshot.1_0
2023-09-07 04:50:07,901 [8c6092c3-8da2-4ae2-b503-635dac77af5e-impl-thread3] INFO  server.RaftServer$Division (RaftServerImpl.java:lambda$close$4(466)) - 8c6092c3-8da2-4ae2-b503-635dac77af5e@group-27E939994E1F: shutdown
2023-09-07 04:50:07,904 [8c6092c3-8da2-4ae2-b503-635dac77af5e-impl-thread3] INFO  util.JmxRegister (JmxRegister.java:unregister(73)) - Successfully un-registered JMX Bean with object name Ratis:service=RaftServer,group=group-27E939994E1F,id=8c6092c3-8da2-4ae2-b503-635dac77af5e
2023-09-07 04:50:07,904 [8c6092c3-8da2-4ae2-b503-635dac77af5e-impl-thread3] INFO  impl.RoleInfo (RoleInfo.java:shutdownLeaderState(93)) - 8c6092c3-8da2-4ae2-b503-635dac77af5e: shutdown 8c6092c3-8da2-4ae2-b503-635dac77af5e@group-27E939994E1F-LeaderStateImpl
2023-09-07 04:50:07,905 [8c6092c3-8da2-4ae2-b503-635dac77af5e@group-5A106ABF4FBB-StateMachineUpdater] INFO  ratis.ContainerStateMachine (ContainerStateMachine.java:takeSnapshot(341)) - group-5A106ABF4FBB: Finished taking a snapshot at:(t:1, i:0) file:/home/runner/work/ozone/ozone/hadoop-ozone/integration-test/target/test-dir/MiniOzoneClusterImpl-34c981b6-280a-47ca-b885-362eca6d2b46/datanode-0/data/ratis/bf3e4409-818b-49af-9ad5-5a106abf4fbb/sm/snapshot.1_0 took: 14 ms
2023-09-07 04:50:07,905 [b1275f2d-39ad-471b-b40b-6b5e810ed750@group-178E19979CDD-StateMachineUpdater] INFO  ratis.ContainerStateMachine (ContainerStateMachine.java:takeSnapshot(341)) - group-178E19979CDD: Finished taking a snapshot at:(t:1, i:0) file:/home/runner/work/ozone/ozone/hadoop-ozone/integration-test/target/test-dir/MiniOzoneClusterImpl-34c981b6-280a-47ca-b885-362eca6d2b46/datanode-1/data/ratis/025be21e-9425-498f-9c4c-178e19979cdd/sm/snapshot.1_0 took: 70 ms
2023-09-07 04:50:07,906 [8c6092c3-8da2-4ae2-b503-635dac77af5e@group-5A106ABF4FBB-StateMachineUpdater] INFO  impl.StateMachineUpdater (StateMachineUpdater.java:takeSnapshot(291)) - 8c6092c3-8da2-4ae2-b503-635dac77af5e@group-5A106ABF4FBB-StateMachineUpdater: Took a snapshot at index 0
2023-09-07 04:50:07,906 [8c6092c3-8da2-4ae2-b503-635dac77af5e@group-5A106ABF4FBB-StateMachineUpdater] INFO  impl.StateMachineUpdater (StateMachineUpdater.java:lambda$new$0(97)) - 8c6092c3-8da2-4ae2-b503-635dac77af5e@group-5A106ABF4FBB-StateMachineUpdater: snapshotIndex: updateIncreasingly -1 -> 0
2023-09-07 04:50:07,905 [0eb6895c-dd30-4da0-bb92-00e2e7e9df9f@group-584F76359502-StateMachineUpdater] INFO  ratis.ContainerStateMachine (ContainerStateMachine.java:takeSnapshot(341)) - group-584F76359502: Finished taking a snapshot at:(t:1, i:0) file:/home/runner/work/ozone/ozone/hadoop-ozone/integration-test/target/test-dir/MiniOzoneClusterImpl-34c981b6-280a-47ca-b885-362eca6d2b46/datanode-2/data/ratis/d5a7257d-5ac0-43ef-96dc-584f76359502/sm/snapshot.1_0 took: 49 ms
2023-09-07 04:50:07,907 [0eb6895c-dd30-4da0-bb92-00e2e7e9df9f@group-584F76359502-StateMachineUpdater] INFO  impl.StateMachineUpdater (StateMachineUpdater.java:takeSnapshot(291)) - 0eb6895c-dd30-4da0-bb92-00e2e7e9df9f@group-584F76359502-StateMachineUpdater: Took a snapshot at index 0
2023-09-07 04:50:07,907 [0eb6895c-dd30-4da0-bb92-00e2e7e9df9f@group-584F76359502-StateMachineUpdater] INFO  impl.StateMachineUpdater (StateMachineUpdater.java:lambda$new$0(97)) - 0eb6895c-dd30-4da0-bb92-00e2e7e9df9f@group-584F76359502-StateMachineUpdater: snapshotIndex: updateIncreasingly -1 -> 0
2023-09-07 04:50:07,908 [0eb6895c-dd30-4da0-bb92-00e2e7e9df9f@group-3A85F9A1A5BA-StateMachineUpdater] INFO  ratis.ContainerStateMachine (ContainerStateMachine.java:takeSnapshot(341)) - group-3A85F9A1A5BA: Finished taking a snapshot at:(t:1, i:26) file:/home/runner/work/ozone/ozone/hadoop-ozone/integration-test/target/test-dir/MiniOzoneClusterImpl-34c981b6-280a-47ca-b885-362eca6d2b46/datanode-2/data/ratis/6ed50375-2729-40d1-b063-3a85f9a1a5ba/sm/snapshot.1_26 took: 36 ms
2023-09-07 04:50:07,908 [0eb6895c-dd30-4da0-bb92-00e2e7e9df9f@group-3A85F9A1A5BA-StateMachineUpdater] INFO  impl.StateMachineUpdater (StateMachineUpdater.java:takeSnapshot(291)) - 0eb6895c-dd30-4da0-bb92-00e2e7e9df9f@group-3A85F9A1A5BA-StateMachineUpdater: Took a snapshot at index 26
2023-09-07 04:50:07,908 [0eb6895c-dd30-4da0-bb92-00e2e7e9df9f@group-3A85F9A1A5BA-StateMachineUpdater] INFO  impl.StateMachineUpdater (StateMachineUpdater.java:lambda$new$0(97)) - 0eb6895c-dd30-4da0-bb92-00e2e7e9df9f@group-3A85F9A1A5BA-StateMachineUpdater: snapshotIndex: updateIncreasingly -1 -> 26
2023-09-07 04:50:07,908 [b1275f2d-39ad-471b-b40b-6b5e810ed750@group-178E19979CDD-StateMachineUpdater] INFO  impl.StateMachineUpdater (StateMachineUpdater.java:takeSnapshot(291)) - b1275f2d-39ad-471b-b40b-6b5e810ed750@group-178E19979CDD-StateMachineUpdater: Took a snapshot at index 0
2023-09-07 04:50:07,908 [b1275f2d-39ad-471b-b40b-6b5e810ed750@group-178E19979CDD-StateMachineUpdater] INFO  impl.StateMachineUpdater (StateMachineUpdater.java:lambda$new$0(97)) - b1275f2d-39ad-471b-b40b-6b5e810ed750@group-178E19979CDD-StateMachineUpdater: snapshotIndex: updateIncreasingly -1 -> 0
2023-09-07 04:50:07,908 [b1275f2d-39ad-471b-b40b-6b5e810ed750@group-27E939994E1F-StateMachineUpdater] INFO  ratis.ContainerStateMachine (ContainerStateMachine.java:takeSnapshot(341)) - group-27E939994E1F: Finished taking a snapshot at:(t:1, i:2) file:/home/runner/work/ozone/ozone/hadoop-ozone/integration-test/target/test-dir/MiniOzoneClusterImpl-34c981b6-280a-47ca-b885-362eca6d2b46/datanode-1/data/ratis/f40bc65f-aff4-4ed1-a5ea-27e939994e1f/sm/snapshot.1_2 took: 91 ms
2023-09-07 04:50:07,909 [b1275f2d-39ad-471b-b40b-6b5e810ed750@group-27E939994E1F-StateMachineUpdater] INFO  impl.StateMachineUpdater (StateMachineUpdater.java:takeSnapshot(291)) - b1275f2d-39ad-471b-b40b-6b5e810ed750@group-27E939994E1F-StateMachineUpdater: Took a snapshot at index 2
2023-09-07 04:50:07,909 [b1275f2d-39ad-471b-b40b-6b5e810ed750@group-27E939994E1F-StateMachineUpdater] INFO  impl.StateMachineUpdater (StateMachineUpdater.java:lambda$new$0(97)) - b1275f2d-39ad-471b-b40b-6b5e810ed750@group-27E939994E1F-StateMachineUpdater: snapshotIndex: updateIncreasingly -1 -> 2
2023-09-07 04:50:07,909 [0eb6895c-dd30-4da0-bb92-00e2e7e9df9f@group-27E939994E1F-StateMachineUpdater] INFO  ratis.ContainerStateMachine (ContainerStateMachine.java:takeSnapshot(341)) - group-27E939994E1F: Finished taking a snapshot at:(t:1, i:2) file:/home/runner/work/ozone/ozone/hadoop-ozone/integration-test/target/test-dir/MiniOzoneClusterImpl-34c981b6-280a-47ca-b885-362eca6d2b46/datanode-2/data/ratis/f40bc65f-aff4-4ed1-a5ea-27e939994e1f/sm/snapshot.1_2 took: 68 ms
2023-09-07 04:50:07,909 [0eb6895c-dd30-4da0-bb92-00e2e7e9df9f@group-27E939994E1F-StateMachineUpdater] INFO  impl.StateMachineUpdater (StateMachineUpdater.java:takeSnapshot(291)) - 0eb6895c-dd30-4da0-bb92-00e2e7e9df9f@group-27E939994E1F-StateMachineUpdater: Took a snapshot at index 2
2023-09-07 04:50:07,909 [0eb6895c-dd30-4da0-bb92-00e2e7e9df9f@group-27E939994E1F-StateMachineUpdater] INFO  impl.StateMachineUpdater (StateMachineUpdater.java:lambda$new$0(97)) - 0eb6895c-dd30-4da0-bb92-00e2e7e9df9f@group-27E939994E1F-StateMachineUpdater: snapshotIndex: updateIncreasingly -1 -> 2
2023-09-07 04:50:07,910 [b1275f2d-39ad-471b-b40b-6b5e810ed750@group-3A85F9A1A5BA-StateMachineUpdater] INFO  ratis.ContainerStateMachine (ContainerStateMachine.java:takeSnapshot(341)) - group-3A85F9A1A5BA: Finished taking a snapshot at:(t:1, i:26) file:/home/runner/work/ozone/ozone/hadoop-ozone/integration-test/target/test-dir/MiniOzoneClusterImpl-34c981b6-280a-47ca-b885-362eca6d2b46/datanode-1/data/ratis/6ed50375-2729-40d1-b063-3a85f9a1a5ba/sm/snapshot.1_26 took: 76 ms
2023-09-07 04:50:07,910 [b1275f2d-39ad-471b-b40b-6b5e810ed750@group-3A85F9A1A5BA-StateMachineUpdater] INFO  impl.StateMachineUpdater (StateMachineUpdater.java:takeSnapshot(291)) - b1275f2d-39ad-471b-b40b-6b5e810ed750@group-3A85F9A1A5BA-StateMachineUpdater: Took a snapshot at index 26
2023-09-07 04:50:07,910 [b1275f2d-39ad-471b-b40b-6b5e810ed750@group-3A85F9A1A5BA-StateMachineUpdater] INFO  impl.StateMachineUpdater (StateMachineUpdater.java:lambda$new$0(97)) - b1275f2d-39ad-471b-b40b-6b5e810ed750@group-3A85F9A1A5BA-StateMachineUpdater: snapshotIndex: updateIncreasingly -1 -> 26
2023-09-07 04:50:07,910 [ForkJoinPool.commonPool-worker-1] INFO  server.GrpcService (GrpcService.java:closeImpl(311)) - 8c6092c3-8da2-4ae2-b503-635dac77af5e: shutdown server org.apache.ratis.grpc.server.GrpcClientProtocolService now
2023-09-07 04:50:07,916 [Thread-507] INFO  server.GrpcServerProtocolClient (GrpcServerProtocolClient.java:close(103)) - b1275f2d-39ad-471b-b40b-6b5e810ed750 Close channels
2023-09-07 04:50:07,916 [8c6092c3-8da2-4ae2-b503-635dac77af5e-impl-thread4] INFO  server.RaftServer$Division (RaftServerImpl.java:lambda$close$4(466)) - 8c6092c3-8da2-4ae2-b503-635dac77af5e@group-3A85F9A1A5BA: shutdown
2023-09-07 04:50:07,919 [8c6092c3-8da2-4ae2-b503-635dac77af5e-impl-thread4] INFO  util.JmxRegister (JmxRegister.java:unregister(73)) - Successfully un-registered JMX Bean with object name Ratis:service=RaftServer,group=group-3A85F9A1A5BA,id=8c6092c3-8da2-4ae2-b503-635dac77af5e
2023-09-07 04:50:07,929 [grpc-default-executor-3] INFO  server.GrpcLogAppender (GrpcLogAppender.java:onCompleted(428)) - b1275f2d-39ad-471b-b40b-6b5e810ed750@group-3A85F9A1A5BA->8c6092c3-8da2-4ae2-b503-635dac77af5e-AppendLogResponseHandler: follower responses appendEntries COMPLETED
2023-09-07 04:50:07,929 [grpc-default-executor-3] WARN  server.GrpcLogAppender (GrpcLogAppender.java:resetClient(137)) - b1275f2d-39ad-471b-b40b-6b5e810ed750@group-3A85F9A1A5BA->8c6092c3-8da2-4ae2-b503-635dac77af5e-GrpcLogAppender: Failed to getClient for 8c6092c3-8da2-4ae2-b503-635dac77af5e
org.apache.ratis.protocol.exceptions.AlreadyClosedException: b1275f2d-39ad-471b-b40b-6b5e810ed750 is already CLOSED
	at org.apache.ratis.util.PeerProxyMap$PeerAndProxy.getProxy(PeerProxyMap.java:61)
	at org.apache.ratis.util.PeerProxyMap.getProxy(PeerProxyMap.java:115)
	at org.apache.ratis.grpc.server.GrpcLogAppender.getClient(GrpcLogAppender.java:112)
	at org.apache.ratis.grpc.server.GrpcLogAppender.resetClient(GrpcLogAppender.java:117)
	at org.apache.ratis.grpc.server.GrpcLogAppender.access$500(GrpcLogAppender.java:56)
	at org.apache.ratis.grpc.server.GrpcLogAppender$AppendLogResponseHandler.onCompleted(GrpcLogAppender.java:429)
	at org.apache.ratis.thirdparty.io.grpc.stub.ClientCalls$StreamObserverToCallListenerAdapter.onClose(ClientCalls.java:485)
	at org.apache.ratis.thirdparty.io.grpc.internal.DelayedClientCall$DelayedListener$3.run(DelayedClientCall.java:471)
	at org.apache.ratis.thirdparty.io.grpc.internal.DelayedClientCall$DelayedListener.delayOrExecute(DelayedClientCall.java:435)
	at org.apache.ratis.thirdparty.io.grpc.internal.DelayedClientCall$DelayedListener.onClose(DelayedClientCall.java:468)
	at org.apache.ratis.thirdparty.io.grpc.internal.ClientCallImpl.closeObserver(ClientCallImpl.java:563)
	at org.apache.ratis.thirdparty.io.grpc.internal.ClientCallImpl.access$300(ClientCallImpl.java:70)
	at org.apache.ratis.thirdparty.io.grpc.internal.ClientCallImpl$ClientStreamListenerImpl$1StreamClosed.runInternal(ClientCallImpl.java:744)
	at org.apache.ratis.thirdparty.io.grpc.internal.ClientCallImpl$ClientStreamListenerImpl$1StreamClosed.runInContext(ClientCallImpl.java:723)
	at org.apache.ratis.thirdparty.io.grpc.internal.ContextRunnable.run(ContextRunnable.java:37)
	at org.apache.ratis.thirdparty.io.grpc.internal.SerializingExecutor.run(SerializingExecutor.java:133)
	at java.util.concurrent.ThreadPoolExecutor.runWorker(ThreadPoolExecutor.java:1149)
	at java.util.concurrent.ThreadPoolExecutor$Worker.run(ThreadPoolExecutor.java:624)
	at java.lang.Thread.run(Thread.java:750)
2023-09-07 04:50:07,923 [grpc-default-executor-0] WARN  server.GrpcClientProtocolService (LogUtils.java:warn(122)) - 0-OrderedRequestStreamObserver0: onError: org.apache.ratis.thirdparty.io.grpc.StatusRuntimeException: CANCELLED: client cancelled
2023-09-07 04:50:07,928 [Thread-513] INFO  server.GrpcServerProtocolClient (GrpcServerProtocolClient.java:close(103)) - b1275f2d-39ad-471b-b40b-6b5e810ed750 Close channels
2023-09-07 04:50:07,928 [b1275f2d-39ad-471b-b40b-6b5e810ed750-impl-thread3] INFO  server.RaftServer$Division (ServerState.java:close(472)) - b1275f2d-39ad-471b-b40b-6b5e810ed750@group-3A85F9A1A5BA: closes. applyIndex: 26
2023-09-07 04:50:07,941 [ForkJoinPool.commonPool-worker-0] INFO  server.GrpcService (GrpcService.java:closeImpl(320)) - b1275f2d-39ad-471b-b40b-6b5e810ed750: shutdown server org.apache.ratis.grpc.server.GrpcClientProtocolService successfully
2023-09-07 04:50:07,941 [ForkJoinPool.commonPool-worker-0] INFO  server.GrpcService (GrpcService.java:closeImpl(311)) - b1275f2d-39ad-471b-b40b-6b5e810ed750: shutdown server GrpcServerProtocolService now
2023-09-07 04:50:07,942 [8c6092c3-8da2-4ae2-b503-635dac77af5e-impl-thread4] INFO  impl.RoleInfo (RoleInfo.java:shutdownFollowerState(110)) - 8c6092c3-8da2-4ae2-b503-635dac77af5e: shutdown 8c6092c3-8da2-4ae2-b503-635dac77af5e@group-3A85F9A1A5BA-FollowerState
2023-09-07 04:50:07,944 [8c6092c3-8da2-4ae2-b503-635dac77af5e@group-3A85F9A1A5BA-FollowerState] INFO  impl.FollowerState (FollowerState.java:run(152)) - 8c6092c3-8da2-4ae2-b503-635dac77af5e@group-3A85F9A1A5BA-FollowerState was interrupted
2023-09-07 04:50:07,927 [b1275f2d-39ad-471b-b40b-6b5e810ed750-impl-thread2] INFO  server.RaftServer$Division (ServerState.java:close(472)) - b1275f2d-39ad-471b-b40b-6b5e810ed750@group-27E939994E1F: closes. applyIndex: 2
2023-09-07 04:50:07,927 [0eb6895c-dd30-4da0-bb92-00e2e7e9df9f-impl-thread3] INFO  server.RaftServer$Division (ServerState.java:close(472)) - 0eb6895c-dd30-4da0-bb92-00e2e7e9df9f@group-27E939994E1F: closes. applyIndex: 2
2023-09-07 04:50:07,927 [8c6092c3-8da2-4ae2-b503-635dac77af5e-impl-thread2] INFO  server.RaftServer$Division (ServerState.java:close(472)) - 8c6092c3-8da2-4ae2-b503-635dac77af5e@group-5A106ABF4FBB: closes. applyIndex: 0
2023-09-07 04:50:07,926 [0eb6895c-dd30-4da0-bb92-00e2e7e9df9f-impl-thread4] INFO  server.RaftServer$Division (ServerState.java:close(472)) - 0eb6895c-dd30-4da0-bb92-00e2e7e9df9f@group-3A85F9A1A5BA: closes. applyIndex: 26
2023-09-07 04:50:07,926 [b1275f2d-39ad-471b-b40b-6b5e810ed750-impl-thread4] INFO  server.RaftServer$Division (ServerState.java:close(472)) - b1275f2d-39ad-471b-b40b-6b5e810ed750@group-178E19979CDD: closes. applyIndex: 0
2023-09-07 04:50:07,945 [8c6092c3-8da2-4ae2-b503-635dac77af5e@group-3A85F9A1A5BA-StateMachineUpdater] INFO  ratis.ContainerStateMachine (ContainerStateMachine.java:takeSnapshot(330)) - group-3A85F9A1A5BA: Taking a snapshot at:(t:1, i:26) file /home/runner/work/ozone/ozone/hadoop-ozone/integration-test/target/test-dir/MiniOzoneClusterImpl-34c981b6-280a-47ca-b885-362eca6d2b46/datanode-0/data/ratis/6ed50375-2729-40d1-b063-3a85f9a1a5ba/sm/snapshot.1_26
2023-09-07 04:50:07,922 [main] INFO  server.GrpcService (GrpcService.java:closeImpl(320)) - 0eb6895c-dd30-4da0-bb92-00e2e7e9df9f: shutdown server org.apache.ratis.grpc.server.GrpcClientProtocolService successfully
2023-09-07 04:50:07,946 [main] INFO  server.GrpcService (GrpcService.java:closeImpl(311)) - 0eb6895c-dd30-4da0-bb92-00e2e7e9df9f: shutdown server GrpcServerProtocolService now
2023-09-07 04:50:07,922 [Thread-511] INFO  server.GrpcServerProtocolClient (GrpcServerProtocolClient.java:close(103)) - 0eb6895c-dd30-4da0-bb92-00e2e7e9df9f Close channels
2023-09-07 04:50:07,920 [8c6092c3-8da2-4ae2-b503-635dac77af5e-impl-thread3] INFO  impl.PendingRequests (PendingRequests.java:sendNotLeaderResponses(289)) - 8c6092c3-8da2-4ae2-b503-635dac77af5e@group-27E939994E1F-PendingRequests: sendNotLeaderResponses
2023-09-07 04:50:07,947 [8c6092c3-8da2-4ae2-b503-635dac77af5e@group-3A85F9A1A5BA-StateMachineUpdater] INFO  ratis.ContainerStateMachine (ContainerStateMachine.java:takeSnapshot(341)) - group-3A85F9A1A5BA: Finished taking a snapshot at:(t:1, i:26) file:/home/runner/work/ozone/ozone/hadoop-ozone/integration-test/target/test-dir/MiniOzoneClusterImpl-34c981b6-280a-47ca-b885-362eca6d2b46/datanode-0/data/ratis/6ed50375-2729-40d1-b063-3a85f9a1a5ba/sm/snapshot.1_26 took: 2 ms
2023-09-07 04:50:07,947 [grpc-default-executor-3] WARN  server.GrpcServerProtocolService (LogUtils.java:warn(122)) - b1275f2d-39ad-471b-b40b-6b5e810ed750: APPEND_ENTRIES onError, lastRequest: 8c6092c3-8da2-4ae2-b503-635dac77af5e->b1275f2d-39ad-471b-b40b-6b5e810ed750#45-t1,previous=(t:1, i:2),leaderCommit=2,initializing? true,entries: size=1, first=(t:1, i:3), METADATAENTRY(c:2): org.apache.ratis.thirdparty.io.grpc.StatusRuntimeException: CANCELLED: client cancelled
2023-09-07 04:50:07,919 [8c6092c3-8da2-4ae2-b503-635dac77af5e@group-27E939994E1F->0eb6895c-dd30-4da0-bb92-00e2e7e9df9f-GrpcLogAppender-LogAppenderDaemon] WARN  server.GrpcLogAppender (GrpcLogAppender.java:mayWait(199)) - 8c6092c3-8da2-4ae2-b503-635dac77af5e@group-27E939994E1F->0eb6895c-dd30-4da0-bb92-00e2e7e9df9f-GrpcLogAppender: Wait interrupted by java.lang.InterruptedException
2023-09-07 04:50:07,919 [8c6092c3-8da2-4ae2-b503-635dac77af5e@group-27E939994E1F->b1275f2d-39ad-471b-b40b-6b5e810ed750-GrpcLogAppender-LogAppenderDaemon] WARN  server.GrpcLogAppender (GrpcLogAppender.java:mayWait(199)) - 8c6092c3-8da2-4ae2-b503-635dac77af5e@group-27E939994E1F->b1275f2d-39ad-471b-b40b-6b5e810ed750-GrpcLogAppender: Wait interrupted by java.lang.InterruptedException
2023-09-07 04:50:07,919 [0eb6895c-dd30-4da0-bb92-00e2e7e9df9f-impl-thread2] INFO  server.RaftServer$Division (ServerState.java:close(472)) - 0eb6895c-dd30-4da0-bb92-00e2e7e9df9f@group-584F76359502: closes. applyIndex: 0
2023-09-07 04:50:07,947 [8c6092c3-8da2-4ae2-b503-635dac77af5e@group-3A85F9A1A5BA-StateMachineUpdater] INFO  impl.StateMachineUpdater (StateMachineUpdater.java:takeSnapshot(291)) - 8c6092c3-8da2-4ae2-b503-635dac77af5e@group-3A85F9A1A5BA-StateMachineUpdater: Took a snapshot at index 26
2023-09-07 04:50:07,947 [8c6092c3-8da2-4ae2-b503-635dac77af5e@group-3A85F9A1A5BA-StateMachineUpdater] INFO  impl.StateMachineUpdater (StateMachineUpdater.java:lambda$new$0(97)) - 8c6092c3-8da2-4ae2-b503-635dac77af5e@group-3A85F9A1A5BA-StateMachineUpdater: snapshotIndex: updateIncreasingly -1 -> 26
2023-09-07 04:50:07,946 [8c6092c3-8da2-4ae2-b503-635dac77af5e-impl-thread4] INFO  impl.StateMachineUpdater (StateMachineUpdater.java:stopAndJoin(155)) - 8c6092c3-8da2-4ae2-b503-635dac77af5e@group-3A85F9A1A5BA-StateMachineUpdater: set stopIndex = 26
2023-09-07 04:50:07,948 [grpc-default-executor-0] WARN  server.GrpcServerProtocolService (LogUtils.java:warn(122)) - b1275f2d-39ad-471b-b40b-6b5e810ed750: APPEND_ENTRIES onError, lastRequest: null: org.apache.ratis.thirdparty.io.grpc.StatusRuntimeException: CANCELLED: client cancelled
2023-09-07 04:50:07,953 [grpc-default-executor-7] INFO  server.GrpcLogAppender (GrpcLogAppender.java:onError(417)) - 8c6092c3-8da2-4ae2-b503-635dac77af5e@group-27E939994E1F->b1275f2d-39ad-471b-b40b-6b5e810ed750-GrpcLogAppender is already stopped
2023-09-07 04:50:07,954 [8c6092c3-8da2-4ae2-b503-635dac77af5e-impl-thread4] INFO  server.RaftServer$Division (ServerState.java:close(472)) - 8c6092c3-8da2-4ae2-b503-635dac77af5e@group-3A85F9A1A5BA: closes. applyIndex: 26
2023-09-07 04:50:07,956 [ForkJoinPool.commonPool-worker-0] INFO  server.GrpcService (GrpcService.java:closeImpl(320)) - b1275f2d-39ad-471b-b40b-6b5e810ed750: shutdown server GrpcServerProtocolService successfully
2023-09-07 04:50:07,956 [ForkJoinPool.commonPool-worker-0] INFO  server.GrpcService (GrpcService.java:closeImpl(311)) - b1275f2d-39ad-471b-b40b-6b5e810ed750: shutdown server org.apache.ratis.grpc.server.GrpcAdminProtocolService now
2023-09-07 04:50:07,957 [8c6092c3-8da2-4ae2-b503-635dac77af5e-impl-thread3] INFO  impl.StateMachineUpdater (StateMachineUpdater.java:stopAndJoin(155)) - 8c6092c3-8da2-4ae2-b503-635dac77af5e@group-27E939994E1F-StateMachineUpdater: set stopIndex = 3
2023-09-07 04:50:07,958 [grpc-default-executor-7] WARN  server.GrpcServerProtocolService (LogUtils.java:warn(122)) - 0eb6895c-dd30-4da0-bb92-00e2e7e9df9f: APPEND_ENTRIES onError, lastRequest: 8c6092c3-8da2-4ae2-b503-635dac77af5e->0eb6895c-dd30-4da0-bb92-00e2e7e9df9f#44-t1,previous=(t:1, i:2),leaderCommit=2,initializing? true,entries: size=1, first=(t:1, i:3), METADATAENTRY(c:2): org.apache.ratis.thirdparty.io.grpc.StatusRuntimeException: CANCELLED: client cancelled
2023-09-07 04:50:07,958 [grpc-default-executor-3] WARN  server.GrpcServerProtocolService (LogUtils.java:warn(122)) - 0eb6895c-dd30-4da0-bb92-00e2e7e9df9f: APPEND_ENTRIES onError, lastRequest: null: org.apache.ratis.thirdparty.io.grpc.StatusRuntimeException: CANCELLED: client cancelled
2023-09-07 04:50:07,958 [grpc-default-executor-3] INFO  server.GrpcLogAppender (GrpcLogAppender.java:onError(417)) - 8c6092c3-8da2-4ae2-b503-635dac77af5e@group-27E939994E1F->0eb6895c-dd30-4da0-bb92-00e2e7e9df9f-GrpcLogAppender is already stopped
2023-09-07 04:50:07,959 [8c6092c3-8da2-4ae2-b503-635dac77af5e@group-27E939994E1F-StateMachineUpdater] INFO  ratis.ContainerStateMachine (ContainerStateMachine.java:takeSnapshot(330)) - group-27E939994E1F: Taking a snapshot at:(t:1, i:3) file /home/runner/work/ozone/ozone/hadoop-ozone/integration-test/target/test-dir/MiniOzoneClusterImpl-34c981b6-280a-47ca-b885-362eca6d2b46/datanode-0/data/ratis/f40bc65f-aff4-4ed1-a5ea-27e939994e1f/sm/snapshot.1_3
2023-09-07 04:50:07,961 [grpc-default-executor-7] INFO  server.GrpcLogAppender (GrpcLogAppender.java:onError(417)) - 8c6092c3-8da2-4ae2-b503-635dac77af5e@group-27E939994E1F->0eb6895c-dd30-4da0-bb92-00e2e7e9df9f-GrpcLogAppender is already stopped
2023-09-07 04:50:07,961 [grpc-default-executor-8] INFO  server.GrpcLogAppender (GrpcLogAppender.java:onError(417)) - 8c6092c3-8da2-4ae2-b503-635dac77af5e@group-27E939994E1F->b1275f2d-39ad-471b-b40b-6b5e810ed750-GrpcLogAppender is already stopped
2023-09-07 04:50:07,961 [main] INFO  server.GrpcService (GrpcService.java:closeImpl(320)) - 0eb6895c-dd30-4da0-bb92-00e2e7e9df9f: shutdown server GrpcServerProtocolService successfully
2023-09-07 04:50:07,961 [main] INFO  server.GrpcService (GrpcService.java:closeImpl(311)) - 0eb6895c-dd30-4da0-bb92-00e2e7e9df9f: shutdown server org.apache.ratis.grpc.server.GrpcAdminProtocolService now
2023-09-07 04:50:07,962 [8c6092c3-8da2-4ae2-b503-635dac77af5e@group-27E939994E1F-StateMachineUpdater] INFO  ratis.ContainerStateMachine (ContainerStateMachine.java:takeSnapshot(341)) - group-27E939994E1F: Finished taking a snapshot at:(t:1, i:3) file:/home/runner/work/ozone/ozone/hadoop-ozone/integration-test/target/test-dir/MiniOzoneClusterImpl-34c981b6-280a-47ca-b885-362eca6d2b46/datanode-0/data/ratis/f40bc65f-aff4-4ed1-a5ea-27e939994e1f/sm/snapshot.1_3 took: 3 ms
2023-09-07 04:50:07,962 [8c6092c3-8da2-4ae2-b503-635dac77af5e@group-27E939994E1F-StateMachineUpdater] INFO  impl.StateMachineUpdater (StateMachineUpdater.java:takeSnapshot(291)) - 8c6092c3-8da2-4ae2-b503-635dac77af5e@group-27E939994E1F-StateMachineUpdater: Took a snapshot at index 3
2023-09-07 04:50:07,962 [8c6092c3-8da2-4ae2-b503-635dac77af5e@group-27E939994E1F-StateMachineUpdater] INFO  impl.StateMachineUpdater (StateMachineUpdater.java:lambda$new$0(97)) - 8c6092c3-8da2-4ae2-b503-635dac77af5e@group-27E939994E1F-StateMachineUpdater: snapshotIndex: updateIncreasingly -1 -> 3
2023-09-07 04:50:07,966 [ForkJoinPool.commonPool-worker-1] INFO  server.GrpcService (GrpcService.java:closeImpl(320)) - 8c6092c3-8da2-4ae2-b503-635dac77af5e: shutdown server org.apache.ratis.grpc.server.GrpcClientProtocolService successfully
2023-09-07 04:50:07,967 [ForkJoinPool.commonPool-worker-1] INFO  server.GrpcService (GrpcService.java:closeImpl(311)) - 8c6092c3-8da2-4ae2-b503-635dac77af5e: shutdown server GrpcServerProtocolService now
2023-09-07 04:50:07,967 [8c6092c3-8da2-4ae2-b503-635dac77af5e-impl-thread3] INFO  server.RaftServer$Division (ServerState.java:close(472)) - 8c6092c3-8da2-4ae2-b503-635dac77af5e@group-27E939994E1F: closes. applyIndex: 3
2023-09-07 04:50:07,972 [ForkJoinPool.commonPool-worker-0] INFO  server.GrpcService (GrpcService.java:closeImpl(320)) - b1275f2d-39ad-471b-b40b-6b5e810ed750: shutdown server org.apache.ratis.grpc.server.GrpcAdminProtocolService successfully
2023-09-07 04:50:07,973 [b1275f2d-39ad-471b-b40b-6b5e810ed750-NettyServerStreamRpc-bossGroup--thread1] INFO  logging.LoggingHandler (AbstractInternalLogger.java:log(148)) - [id: 0x24e2ce93, L:/0:0:0:0:0:0:0:0:15024] CLOSE
2023-09-07 04:50:07,974 [b1275f2d-39ad-471b-b40b-6b5e810ed750-NettyServerStreamRpc-bossGroup--thread1] INFO  logging.LoggingHandler (AbstractInternalLogger.java:log(148)) - [id: 0x24e2ce93, L:/0:0:0:0:0:0:0:0:15024] INACTIVE
2023-09-07 04:50:07,974 [b1275f2d-39ad-471b-b40b-6b5e810ed750-NettyServerStreamRpc-bossGroup--thread1] INFO  logging.LoggingHandler (AbstractInternalLogger.java:log(148)) - [id: 0x24e2ce93, L:/0:0:0:0:0:0:0:0:15024] UNREGISTERED
2023-09-07 04:50:07,974 [ForkJoinPool.commonPool-worker-2] INFO  ozoneimpl.OzoneContainer (OzoneContainer.java:stop(451)) - Attempting to stop container services.
2023-09-07 04:50:07,974 [main] INFO  server.GrpcService (GrpcService.java:closeImpl(320)) - 0eb6895c-dd30-4da0-bb92-00e2e7e9df9f: shutdown server org.apache.ratis.grpc.server.GrpcAdminProtocolService successfully
2023-09-07 04:50:07,976 [0eb6895c-dd30-4da0-bb92-00e2e7e9df9f-NettyServerStreamRpc-bossGroup--thread1] INFO  logging.LoggingHandler (AbstractInternalLogger.java:log(148)) - [id: 0xc2cf229f, L:/0:0:0:0:0:0:0:0:15033] CLOSE
2023-09-07 04:50:07,976 [0eb6895c-dd30-4da0-bb92-00e2e7e9df9f-NettyServerStreamRpc-bossGroup--thread1] INFO  logging.LoggingHandler (AbstractInternalLogger.java:log(148)) - [id: 0xc2cf229f, L:/0:0:0:0:0:0:0:0:15033] INACTIVE
2023-09-07 04:50:07,976 [0eb6895c-dd30-4da0-bb92-00e2e7e9df9f-NettyServerStreamRpc-bossGroup--thread1] INFO  logging.LoggingHandler (AbstractInternalLogger.java:log(148)) - [id: 0xc2cf229f, L:/0:0:0:0:0:0:0:0:15033] UNREGISTERED
2023-09-07 04:50:07,987 [ForkJoinPool.commonPool-worker-1] INFO  server.GrpcService (GrpcService.java:closeImpl(320)) - 8c6092c3-8da2-4ae2-b503-635dac77af5e: shutdown server GrpcServerProtocolService successfully
2023-09-07 04:50:07,987 [ForkJoinPool.commonPool-worker-1] INFO  server.GrpcService (GrpcService.java:closeImpl(311)) - 8c6092c3-8da2-4ae2-b503-635dac77af5e: shutdown server org.apache.ratis.grpc.server.GrpcAdminProtocolService now
2023-09-07 04:50:07,989 [ForkJoinPool.commonPool-worker-2] INFO  server.RaftServer (RaftServerProxy.java:lambda$close$6(416)) - 9de77b90-302e-4d3a-8e07-68c62a7150b7: close
2023-09-07 04:50:07,989 [ForkJoinPool.commonPool-worker-2] INFO  server.GrpcService (GrpcService.java:closeImpl(311)) - 9de77b90-302e-4d3a-8e07-68c62a7150b7: shutdown server org.apache.ratis.grpc.server.GrpcClientProtocolService now
2023-09-07 04:50:07,990 [9de77b90-302e-4d3a-8e07-68c62a7150b7-impl-thread2] INFO  server.RaftServer$Division (RaftServerImpl.java:lambda$close$4(466)) - 9de77b90-302e-4d3a-8e07-68c62a7150b7@group-449B431A6970: shutdown
2023-09-07 04:50:08,001 [ForkJoinPool.commonPool-worker-2] INFO  server.GrpcService (GrpcService.java:closeImpl(320)) - 9de77b90-302e-4d3a-8e07-68c62a7150b7: shutdown server org.apache.ratis.grpc.server.GrpcClientProtocolService successfully
2023-09-07 04:50:08,005 [ForkJoinPool.commonPool-worker-2] INFO  server.GrpcService (GrpcService.java:closeImpl(311)) - 9de77b90-302e-4d3a-8e07-68c62a7150b7: shutdown server GrpcServerProtocolService now
2023-09-07 04:50:07,992 [ForkJoinPool.commonPool-worker-1] INFO  server.GrpcService (GrpcService.java:closeImpl(320)) - 8c6092c3-8da2-4ae2-b503-635dac77af5e: shutdown server org.apache.ratis.grpc.server.GrpcAdminProtocolService successfully
2023-09-07 04:50:08,005 [9de77b90-302e-4d3a-8e07-68c62a7150b7-impl-thread2] INFO  util.JmxRegister (JmxRegister.java:unregister(73)) - Successfully un-registered JMX Bean with object name Ratis:service=RaftServer,group=group-449B431A6970,id=9de77b90-302e-4d3a-8e07-68c62a7150b7
2023-09-07 04:50:08,006 [9de77b90-302e-4d3a-8e07-68c62a7150b7-impl-thread2] INFO  impl.RoleInfo (RoleInfo.java:shutdownLeaderState(93)) - 9de77b90-302e-4d3a-8e07-68c62a7150b7: shutdown 9de77b90-302e-4d3a-8e07-68c62a7150b7@group-449B431A6970-LeaderStateImpl
2023-09-07 04:50:08,006 [9de77b90-302e-4d3a-8e07-68c62a7150b7-impl-thread2] INFO  impl.PendingRequests (PendingRequests.java:sendNotLeaderResponses(289)) - 9de77b90-302e-4d3a-8e07-68c62a7150b7@group-449B431A6970-PendingRequests: sendNotLeaderResponses
2023-09-07 04:50:08,006 [9de77b90-302e-4d3a-8e07-68c62a7150b7-impl-thread2] INFO  impl.StateMachineUpdater (StateMachineUpdater.java:stopAndJoin(155)) - 9de77b90-302e-4d3a-8e07-68c62a7150b7@group-449B431A6970-StateMachineUpdater: set stopIndex = 0
2023-09-07 04:50:08,007 [9de77b90-302e-4d3a-8e07-68c62a7150b7@group-449B431A6970-StateMachineUpdater] INFO  ratis.ContainerStateMachine (ContainerStateMachine.java:takeSnapshot(330)) - group-449B431A6970: Taking a snapshot at:(t:1, i:0) file /home/runner/work/ozone/ozone/hadoop-ozone/integration-test/target/test-dir/MiniOzoneClusterImpl-34c981b6-280a-47ca-b885-362eca6d2b46/datanode-4/data/ratis/3dbd1f6f-6c72-42fe-b0d9-449b431a6970/sm/snapshot.1_0
2023-09-07 04:50:08,008 [9de77b90-302e-4d3a-8e07-68c62a7150b7@group-449B431A6970-StateMachineUpdater] INFO  ratis.ContainerStateMachine (ContainerStateMachine.java:takeSnapshot(341)) - group-449B431A6970: Finished taking a snapshot at:(t:1, i:0) file:/home/runner/work/ozone/ozone/hadoop-ozone/integration-test/target/test-dir/MiniOzoneClusterImpl-34c981b6-280a-47ca-b885-362eca6d2b46/datanode-4/data/ratis/3dbd1f6f-6c72-42fe-b0d9-449b431a6970/sm/snapshot.1_0 took: 1 ms
2023-09-07 04:50:08,008 [9de77b90-302e-4d3a-8e07-68c62a7150b7@group-449B431A6970-StateMachineUpdater] INFO  impl.StateMachineUpdater (StateMachineUpdater.java:takeSnapshot(291)) - 9de77b90-302e-4d3a-8e07-68c62a7150b7@group-449B431A6970-StateMachineUpdater: Took a snapshot at index 0
2023-09-07 04:50:08,008 [9de77b90-302e-4d3a-8e07-68c62a7150b7@group-449B431A6970-StateMachineUpdater] INFO  impl.StateMachineUpdater (StateMachineUpdater.java:lambda$new$0(97)) - 9de77b90-302e-4d3a-8e07-68c62a7150b7@group-449B431A6970-StateMachineUpdater: snapshotIndex: updateIncreasingly -1 -> 0
2023-09-07 04:50:08,009 [ForkJoinPool.commonPool-worker-2] INFO  server.GrpcService (GrpcService.java:closeImpl(320)) - 9de77b90-302e-4d3a-8e07-68c62a7150b7: shutdown server GrpcServerProtocolService successfully
2023-09-07 04:50:08,009 [ForkJoinPool.commonPool-worker-2] INFO  server.GrpcService (GrpcService.java:closeImpl(311)) - 9de77b90-302e-4d3a-8e07-68c62a7150b7: shutdown server org.apache.ratis.grpc.server.GrpcAdminProtocolService now
2023-09-07 04:50:08,015 [9de77b90-302e-4d3a-8e07-68c62a7150b7-impl-thread2] INFO  server.RaftServer$Division (ServerState.java:close(472)) - 9de77b90-302e-4d3a-8e07-68c62a7150b7@group-449B431A6970: closes. applyIndex: 0
2023-09-07 04:50:08,022 [ForkJoinPool.commonPool-worker-2] INFO  server.GrpcService (GrpcService.java:closeImpl(320)) - 9de77b90-302e-4d3a-8e07-68c62a7150b7: shutdown server org.apache.ratis.grpc.server.GrpcAdminProtocolService successfully
2023-09-07 04:50:08,025 [ForkJoinPool.commonPool-worker-3] INFO  ozoneimpl.OzoneContainer (OzoneContainer.java:stop(451)) - Attempting to stop container services.
2023-09-07 04:50:08,029 [8c6092c3-8da2-4ae2-b503-635dac77af5e-NettyServerStreamRpc-bossGroup--thread1] INFO  logging.LoggingHandler (AbstractInternalLogger.java:log(148)) - [id: 0x54edceb5, L:/0:0:0:0:0:0:0:0:15015] CLOSE
2023-09-07 04:50:08,029 [8c6092c3-8da2-4ae2-b503-635dac77af5e-NettyServerStreamRpc-bossGroup--thread1] INFO  logging.LoggingHandler (AbstractInternalLogger.java:log(148)) - [id: 0x54edceb5, L:/0:0:0:0:0:0:0:0:15015] INACTIVE
2023-09-07 04:50:08,029 [8c6092c3-8da2-4ae2-b503-635dac77af5e-NettyServerStreamRpc-bossGroup--thread1] INFO  logging.LoggingHandler (AbstractInternalLogger.java:log(148)) - [id: 0x54edceb5, L:/0:0:0:0:0:0:0:0:15015] UNREGISTERED
2023-09-07 04:50:08,029 [9de77b90-302e-4d3a-8e07-68c62a7150b7-NettyServerStreamRpc-bossGroup--thread1] INFO  logging.LoggingHandler (AbstractInternalLogger.java:log(148)) - [id: 0x846ecb8e, L:/0:0:0:0:0:0:0:0:15051] CLOSE
2023-09-07 04:50:08,029 [9de77b90-302e-4d3a-8e07-68c62a7150b7-NettyServerStreamRpc-bossGroup--thread1] INFO  logging.LoggingHandler (AbstractInternalLogger.java:log(148)) - [id: 0x846ecb8e, L:/0:0:0:0:0:0:0:0:15051] INACTIVE
2023-09-07 04:50:08,029 [9de77b90-302e-4d3a-8e07-68c62a7150b7-NettyServerStreamRpc-bossGroup--thread1] INFO  logging.LoggingHandler (AbstractInternalLogger.java:log(148)) - [id: 0x846ecb8e, L:/0:0:0:0:0:0:0:0:15051] UNREGISTERED
2023-09-07 04:50:08,040 [ForkJoinPool.commonPool-worker-3] INFO  server.RaftServer (RaftServerProxy.java:lambda$close$6(416)) - 9a8052bd-f999-4b9a-a28f-6b7dccc3d848: close
2023-09-07 04:50:08,040 [ForkJoinPool.commonPool-worker-3] INFO  server.GrpcService (GrpcService.java:closeImpl(311)) - 9a8052bd-f999-4b9a-a28f-6b7dccc3d848: shutdown server org.apache.ratis.grpc.server.GrpcClientProtocolService now
2023-09-07 04:50:08,041 [9a8052bd-f999-4b9a-a28f-6b7dccc3d848-impl-thread2] INFO  server.RaftServer$Division (RaftServerImpl.java:lambda$close$4(466)) - 9a8052bd-f999-4b9a-a28f-6b7dccc3d848@group-2CD1A74F930C: shutdown
2023-09-07 04:50:08,046 [9a8052bd-f999-4b9a-a28f-6b7dccc3d848-impl-thread2] INFO  util.JmxRegister (JmxRegister.java:unregister(73)) - Successfully un-registered JMX Bean with object name Ratis:service=RaftServer,group=group-2CD1A74F930C,id=9a8052bd-f999-4b9a-a28f-6b7dccc3d848
2023-09-07 04:50:08,046 [9a8052bd-f999-4b9a-a28f-6b7dccc3d848-impl-thread2] INFO  impl.RoleInfo (RoleInfo.java:shutdownLeaderState(93)) - 9a8052bd-f999-4b9a-a28f-6b7dccc3d848: shutdown 9a8052bd-f999-4b9a-a28f-6b7dccc3d848@group-2CD1A74F930C-LeaderStateImpl
2023-09-07 04:50:08,046 [9a8052bd-f999-4b9a-a28f-6b7dccc3d848-impl-thread2] INFO  impl.PendingRequests (PendingRequests.java:sendNotLeaderResponses(289)) - 9a8052bd-f999-4b9a-a28f-6b7dccc3d848@group-2CD1A74F930C-PendingRequests: sendNotLeaderResponses
2023-09-07 04:50:08,046 [9a8052bd-f999-4b9a-a28f-6b7dccc3d848-impl-thread2] INFO  impl.StateMachineUpdater (StateMachineUpdater.java:stopAndJoin(155)) - 9a8052bd-f999-4b9a-a28f-6b7dccc3d848@group-2CD1A74F930C-StateMachineUpdater: set stopIndex = 0
2023-09-07 04:50:08,047 [9a8052bd-f999-4b9a-a28f-6b7dccc3d848@group-2CD1A74F930C-StateMachineUpdater] INFO  ratis.ContainerStateMachine (ContainerStateMachine.java:takeSnapshot(330)) - group-2CD1A74F930C: Taking a snapshot at:(t:1, i:0) file /home/runner/work/ozone/ozone/hadoop-ozone/integration-test/target/test-dir/MiniOzoneClusterImpl-34c981b6-280a-47ca-b885-362eca6d2b46/datanode-3/data/ratis/59aa4d8d-0b9d-40dc-9f6d-2cd1a74f930c/sm/snapshot.1_0
2023-09-07 04:50:08,048 [9a8052bd-f999-4b9a-a28f-6b7dccc3d848@group-2CD1A74F930C-StateMachineUpdater] INFO  ratis.ContainerStateMachine (ContainerStateMachine.java:takeSnapshot(341)) - group-2CD1A74F930C: Finished taking a snapshot at:(t:1, i:0) file:/home/runner/work/ozone/ozone/hadoop-ozone/integration-test/target/test-dir/MiniOzoneClusterImpl-34c981b6-280a-47ca-b885-362eca6d2b46/datanode-3/data/ratis/59aa4d8d-0b9d-40dc-9f6d-2cd1a74f930c/sm/snapshot.1_0 took: 1 ms
2023-09-07 04:50:08,048 [9a8052bd-f999-4b9a-a28f-6b7dccc3d848@group-2CD1A74F930C-StateMachineUpdater] INFO  impl.StateMachineUpdater (StateMachineUpdater.java:takeSnapshot(291)) - 9a8052bd-f999-4b9a-a28f-6b7dccc3d848@group-2CD1A74F930C-StateMachineUpdater: Took a snapshot at index 0
2023-09-07 04:50:08,048 [9a8052bd-f999-4b9a-a28f-6b7dccc3d848@group-2CD1A74F930C-StateMachineUpdater] INFO  impl.StateMachineUpdater (StateMachineUpdater.java:lambda$new$0(97)) - 9a8052bd-f999-4b9a-a28f-6b7dccc3d848@group-2CD1A74F930C-StateMachineUpdater: snapshotIndex: updateIncreasingly -1 -> 0
2023-09-07 04:50:08,048 [9a8052bd-f999-4b9a-a28f-6b7dccc3d848-impl-thread2] INFO  server.RaftServer$Division (ServerState.java:close(472)) - 9a8052bd-f999-4b9a-a28f-6b7dccc3d848@group-2CD1A74F930C: closes. applyIndex: 0
2023-09-07 04:50:08,065 [ForkJoinPool.commonPool-worker-3] INFO  server.GrpcService (GrpcService.java:closeImpl(320)) - 9a8052bd-f999-4b9a-a28f-6b7dccc3d848: shutdown server org.apache.ratis.grpc.server.GrpcClientProtocolService successfully
2023-09-07 04:50:08,065 [ForkJoinPool.commonPool-worker-3] INFO  server.GrpcService (GrpcService.java:closeImpl(311)) - 9a8052bd-f999-4b9a-a28f-6b7dccc3d848: shutdown server GrpcServerProtocolService now
2023-09-07 04:50:08,069 [ForkJoinPool.commonPool-worker-3] INFO  server.GrpcService (GrpcService.java:closeImpl(320)) - 9a8052bd-f999-4b9a-a28f-6b7dccc3d848: shutdown server GrpcServerProtocolService successfully
2023-09-07 04:50:08,069 [ForkJoinPool.commonPool-worker-3] INFO  server.GrpcService (GrpcService.java:closeImpl(311)) - 9a8052bd-f999-4b9a-a28f-6b7dccc3d848: shutdown server org.apache.ratis.grpc.server.GrpcAdminProtocolService now
2023-09-07 04:50:08,078 [ForkJoinPool.commonPool-worker-3] INFO  server.GrpcService (GrpcService.java:closeImpl(320)) - 9a8052bd-f999-4b9a-a28f-6b7dccc3d848: shutdown server org.apache.ratis.grpc.server.GrpcAdminProtocolService successfully
2023-09-07 04:50:08,079 [9a8052bd-f999-4b9a-a28f-6b7dccc3d848-NettyServerStreamRpc-bossGroup--thread1] INFO  logging.LoggingHandler (AbstractInternalLogger.java:log(148)) - [id: 0xc4b8b26e, L:/0:0:0:0:0:0:0:0:15042] CLOSE
2023-09-07 04:50:08,079 [9a8052bd-f999-4b9a-a28f-6b7dccc3d848-NettyServerStreamRpc-bossGroup--thread1] INFO  logging.LoggingHandler (AbstractInternalLogger.java:log(148)) - [id: 0xc4b8b26e, L:/0:0:0:0:0:0:0:0:15042] INACTIVE
2023-09-07 04:50:08,079 [9a8052bd-f999-4b9a-a28f-6b7dccc3d848-NettyServerStreamRpc-bossGroup--thread1] INFO  logging.LoggingHandler (AbstractInternalLogger.java:log(148)) - [id: 0xc4b8b26e, L:/0:0:0:0:0:0:0:0:15042] UNREGISTERED
2023-09-07 04:50:08,104 [9de77b90-302e-4d3a-8e07-68c62a7150b7-impl-thread2] INFO  segmented.SegmentedRaftLogWorker (SegmentedRaftLogWorker.java:close(252)) - 9de77b90-302e-4d3a-8e07-68c62a7150b7@group-449B431A6970-SegmentedRaftLogWorker close()
2023-09-07 04:50:08,104 [b1275f2d-39ad-471b-b40b-6b5e810ed750-impl-thread4] INFO  segmented.SegmentedRaftLogWorker (SegmentedRaftLogWorker.java:close(252)) - b1275f2d-39ad-471b-b40b-6b5e810ed750@group-178E19979CDD-SegmentedRaftLogWorker close()
2023-09-07 04:50:08,124 [8c6092c3-8da2-4ae2-b503-635dac77af5e-impl-thread2] INFO  segmented.SegmentedRaftLogWorker (SegmentedRaftLogWorker.java:close(252)) - 8c6092c3-8da2-4ae2-b503-635dac77af5e@group-5A106ABF4FBB-SegmentedRaftLogWorker close()
2023-09-07 04:50:08,148 [JvmPauseMonitor6] INFO  util.JvmPauseMonitor (JvmPauseMonitor.java:run(109)) - JvmPauseMonitor-9de77b90-302e-4d3a-8e07-68c62a7150b7: Stopped
2023-09-07 04:50:08,203 [0eb6895c-dd30-4da0-bb92-00e2e7e9df9f-impl-thread2] INFO  segmented.SegmentedRaftLogWorker (SegmentedRaftLogWorker.java:close(252)) - 0eb6895c-dd30-4da0-bb92-00e2e7e9df9f@group-584F76359502-SegmentedRaftLogWorker close()
2023-09-07 04:50:08,593 [9a8052bd-f999-4b9a-a28f-6b7dccc3d848-impl-thread2] INFO  segmented.SegmentedRaftLogWorker (SegmentedRaftLogWorker.java:close(252)) - 9a8052bd-f999-4b9a-a28f-6b7dccc3d848@group-2CD1A74F930C-SegmentedRaftLogWorker close()
2023-09-07 04:50:08,599 [JvmPauseMonitor5] INFO  util.JvmPauseMonitor (JvmPauseMonitor.java:run(109)) - JvmPauseMonitor-9a8052bd-f999-4b9a-a28f-6b7dccc3d848: Stopped
2023-09-07 04:50:08,607 [8c6092c3-8da2-4ae2-b503-635dac77af5e-impl-thread4] INFO  segmented.SegmentedRaftLogWorker (SegmentedRaftLogWorker.java:close(252)) - 8c6092c3-8da2-4ae2-b503-635dac77af5e@group-3A85F9A1A5BA-SegmentedRaftLogWorker close()
2023-09-07 04:50:08,609 [b1275f2d-39ad-471b-b40b-6b5e810ed750-impl-thread3] INFO  segmented.SegmentedRaftLogWorker (SegmentedRaftLogWorker.java:close(252)) - b1275f2d-39ad-471b-b40b-6b5e810ed750@group-3A85F9A1A5BA-SegmentedRaftLogWorker close()
2023-09-07 04:50:08,610 [0eb6895c-dd30-4da0-bb92-00e2e7e9df9f-impl-thread4] INFO  segmented.SegmentedRaftLogWorker (SegmentedRaftLogWorker.java:close(252)) - 0eb6895c-dd30-4da0-bb92-00e2e7e9df9f@group-3A85F9A1A5BA-SegmentedRaftLogWorker close()
2023-09-07 04:50:08,636 [0eb6895c-dd30-4da0-bb92-00e2e7e9df9f-impl-thread3] INFO  segmented.SegmentedRaftLogWorker (SegmentedRaftLogWorker.java:close(252)) - 0eb6895c-dd30-4da0-bb92-00e2e7e9df9f@group-27E939994E1F-SegmentedRaftLogWorker close()
2023-09-07 04:50:08,637 [b1275f2d-39ad-471b-b40b-6b5e810ed750-impl-thread2] INFO  segmented.SegmentedRaftLogWorker (SegmentedRaftLogWorker.java:close(252)) - b1275f2d-39ad-471b-b40b-6b5e810ed750@group-27E939994E1F-SegmentedRaftLogWorker close()
2023-09-07 04:50:08,639 [8c6092c3-8da2-4ae2-b503-635dac77af5e-impl-thread3] INFO  segmented.SegmentedRaftLogWorker (SegmentedRaftLogWorker.java:close(252)) - 8c6092c3-8da2-4ae2-b503-635dac77af5e@group-27E939994E1F-SegmentedRaftLogWorker close()
2023-09-07 04:50:08,640 [JvmPauseMonitor2] INFO  util.JvmPauseMonitor (JvmPauseMonitor.java:run(109)) - JvmPauseMonitor-8c6092c3-8da2-4ae2-b503-635dac77af5e: Stopped
2023-09-07 04:50:08,641 [JvmPauseMonitor4] INFO  util.JvmPauseMonitor (JvmPauseMonitor.java:run(109)) - JvmPauseMonitor-0eb6895c-dd30-4da0-bb92-00e2e7e9df9f: Stopped
2023-09-07 04:50:08,643 [JvmPauseMonitor3] INFO  util.JvmPauseMonitor (JvmPauseMonitor.java:run(109)) - JvmPauseMonitor-b1275f2d-39ad-471b-b40b-6b5e810ed750: Stopped
2023-09-07 04:50:10,181 [ForkJoinPool.commonPool-worker-2] INFO  utils.DatanodeStoreCache (DatanodeStoreCache.java:shutdownCache(110)) - Skip clearing cache in mini cluster mode. Entries left: [/home/runner/work/ozone/ozone/hadoop-ozone/integration-test/target/test-dir/MiniOzoneClusterImpl-34c981b6-280a-47ca-b885-362eca6d2b46/datanode-0/data-0/containers/hdds/34c981b6-280a-47ca-b885-362eca6d2b46/DS-c05e87b4-c50b-4b3d-8ec3-38d6ad3da886/container.db, /home/runner/work/ozone/ozone/hadoop-ozone/integration-test/target/test-dir/MiniOzoneClusterImpl-34c981b6-280a-47ca-b885-362eca6d2b46/datanode-1/data-0/containers/hdds/34c981b6-280a-47ca-b885-362eca6d2b46/DS-2cd0e314-dd97-4c9f-9458-eb5017d145bc/container.db, /home/runner/work/ozone/ozone/hadoop-ozone/integration-test/target/test-dir/MiniOzoneClusterImpl-34c981b6-280a-47ca-b885-362eca6d2b46/datanode-2/data-0/containers/hdds/34c981b6-280a-47ca-b885-362eca6d2b46/DS-558deed5-c132-4b1b-9dc5-1f27b7980817/container.db, /home/runner/work/ozone/ozone/hadoop-ozone/integration-test/target/test-dir/MiniOzoneClusterImpl-34c981b6-280a-47ca-b885-362eca6d2b46/datanode-3/data-0/containers/hdds/34c981b6-280a-47ca-b885-362eca6d2b46/DS-ca660cd9-506c-4803-a95e-d3942c18aba0/container.db, /home/runner/work/ozone/ozone/hadoop-ozone/integration-test/target/test-dir/MiniOzoneClusterImpl-34c981b6-280a-47ca-b885-362eca6d2b46/datanode-4/data-0/containers/hdds/34c981b6-280a-47ca-b885-362eca6d2b46/DS-2ea0bcc2-d461-4da0-8054-b2b8d72da124/container.db]
2023-09-07 04:50:10,190 [ForkJoinPool.commonPool-worker-2] INFO  utils.DatanodeStoreCache (DatanodeStoreCache.java:removeDB(104)) - Removed db /home/runner/work/ozone/ozone/hadoop-ozone/integration-test/target/test-dir/MiniOzoneClusterImpl-34c981b6-280a-47ca-b885-362eca6d2b46/datanode-4/data-0/containers/hdds/34c981b6-280a-47ca-b885-362eca6d2b46/DS-2ea0bcc2-d461-4da0-8054-b2b8d72da124/container.db from cache
2023-09-07 04:50:10,190 [ForkJoinPool.commonPool-worker-2] INFO  volume.HddsVolume (HddsVolume.java:closeDbStore(453)) - SchemaV3 db is stopped at /home/runner/work/ozone/ozone/hadoop-ozone/integration-test/target/test-dir/MiniOzoneClusterImpl-34c981b6-280a-47ca-b885-362eca6d2b46/datanode-4/data-0/containers/hdds/34c981b6-280a-47ca-b885-362eca6d2b46/DS-2ea0bcc2-d461-4da0-8054-b2b8d72da124/container.db for volume DS-2ea0bcc2-d461-4da0-8054-b2b8d72da124
2023-09-07 04:50:10,191 [ForkJoinPool.commonPool-worker-2] INFO  utils.BackgroundService (BackgroundService.java:shutdown(141)) - Shutting down service BlockDeletingService
2023-09-07 04:50:10,193 [ForkJoinPool.commonPool-worker-2] INFO  utils.BackgroundService (BackgroundService.java:shutdown(141)) - Shutting down service StaleRecoveringContainerScrubbingService
2023-09-07 04:50:10,198 [ForkJoinPool.commonPool-worker-2] INFO  statemachine.DatanodeStateMachine (DatanodeStateMachine.java:stopDaemon(620)) - Ozone container server stopped.
2023-09-07 04:50:10,214 [ForkJoinPool.commonPool-worker-2] INFO  handler.ContextHandler (ContextHandler.java:doStop(1159)) - Stopped o.e.j.w.WebAppContext@4467b5dd{hddsDatanode,/,null,STOPPED}{jar:file:/home/runner/.m2/repository/org/apache/ozone/hdds-container-service/1.4.0-SNAPSHOT/hdds-container-service-1.4.0-SNAPSHOT.jar!/webapps/hddsDatanode}
2023-09-07 04:50:10,215 [ForkJoinPool.commonPool-worker-2] INFO  server.AbstractConnector (AbstractConnector.java:doStop(383)) - Stopped ServerConnector@44dce520{HTTP/1.1, (http/1.1)}{0.0.0.0:15045}
2023-09-07 04:50:10,216 [ForkJoinPool.commonPool-worker-2] INFO  server.session (HouseKeeper.java:stopScavenging(149)) - node0 Stopped scavenging
2023-09-07 04:50:10,217 [ForkJoinPool.commonPool-worker-2] INFO  handler.ContextHandler (ContextHandler.java:doStop(1159)) - Stopped o.e.j.s.ServletContextHandler@36f5468d{static,/static,jar:file:/home/runner/.m2/repository/org/apache/ozone/hdds-container-service/1.4.0-SNAPSHOT/hdds-container-service-1.4.0-SNAPSHOT.jar!/webapps/static,STOPPED}
2023-09-07 04:50:10,218 [ForkJoinPool.commonPool-worker-2] INFO  handler.ContextHandler (ContextHandler.java:doStop(1159)) - Stopped o.e.j.s.ServletContextHandler@9f2ac78{logs,/logs,file:///home/runner/work/ozone/ozone/hadoop-ozone/integration-test/target/log,STOPPED}
2023-09-07 04:50:10,220 [ForkJoinPool.commonPool-worker-2] INFO  ozone.HddsDatanodeClientProtocolServer (HddsDatanodeClientProtocolServer.java:stop(78)) - Stopping the RPC server for Client Protocol
2023-09-07 04:50:10,220 [ForkJoinPool.commonPool-worker-2] INFO  ipc.Server (Server.java:stop(3523)) - Stopping server on 15046
2023-09-07 04:50:10,220 [IPC Server listener on 15046] INFO  ipc.Server (Server.java:run(1434)) - Stopping IPC Server listener on 15046
2023-09-07 04:50:10,221 [IPC Server Responder] INFO  ipc.Server (Server.java:run(1567)) - Stopping IPC Server Responder
2023-09-07 04:50:10,608 [ForkJoinPool.commonPool-worker-3] INFO  utils.DatanodeStoreCache (DatanodeStoreCache.java:shutdownCache(110)) - Skip clearing cache in mini cluster mode. Entries left: [/home/runner/work/ozone/ozone/hadoop-ozone/integration-test/target/test-dir/MiniOzoneClusterImpl-34c981b6-280a-47ca-b885-362eca6d2b46/datanode-0/data-0/containers/hdds/34c981b6-280a-47ca-b885-362eca6d2b46/DS-c05e87b4-c50b-4b3d-8ec3-38d6ad3da886/container.db, /home/runner/work/ozone/ozone/hadoop-ozone/integration-test/target/test-dir/MiniOzoneClusterImpl-34c981b6-280a-47ca-b885-362eca6d2b46/datanode-1/data-0/containers/hdds/34c981b6-280a-47ca-b885-362eca6d2b46/DS-2cd0e314-dd97-4c9f-9458-eb5017d145bc/container.db, /home/runner/work/ozone/ozone/hadoop-ozone/integration-test/target/test-dir/MiniOzoneClusterImpl-34c981b6-280a-47ca-b885-362eca6d2b46/datanode-2/data-0/containers/hdds/34c981b6-280a-47ca-b885-362eca6d2b46/DS-558deed5-c132-4b1b-9dc5-1f27b7980817/container.db, /home/runner/work/ozone/ozone/hadoop-ozone/integration-test/target/test-dir/MiniOzoneClusterImpl-34c981b6-280a-47ca-b885-362eca6d2b46/datanode-3/data-0/containers/hdds/34c981b6-280a-47ca-b885-362eca6d2b46/DS-ca660cd9-506c-4803-a95e-d3942c18aba0/container.db]
2023-09-07 04:50:10,610 [ForkJoinPool.commonPool-worker-3] INFO  utils.DatanodeStoreCache (DatanodeStoreCache.java:removeDB(104)) - Removed db /home/runner/work/ozone/ozone/hadoop-ozone/integration-test/target/test-dir/MiniOzoneClusterImpl-34c981b6-280a-47ca-b885-362eca6d2b46/datanode-3/data-0/containers/hdds/34c981b6-280a-47ca-b885-362eca6d2b46/DS-ca660cd9-506c-4803-a95e-d3942c18aba0/container.db from cache
2023-09-07 04:50:10,610 [ForkJoinPool.commonPool-worker-3] INFO  volume.HddsVolume (HddsVolume.java:closeDbStore(453)) - SchemaV3 db is stopped at /home/runner/work/ozone/ozone/hadoop-ozone/integration-test/target/test-dir/MiniOzoneClusterImpl-34c981b6-280a-47ca-b885-362eca6d2b46/datanode-3/data-0/containers/hdds/34c981b6-280a-47ca-b885-362eca6d2b46/DS-ca660cd9-506c-4803-a95e-d3942c18aba0/container.db for volume DS-ca660cd9-506c-4803-a95e-d3942c18aba0
2023-09-07 04:50:10,611 [ForkJoinPool.commonPool-worker-3] INFO  utils.BackgroundService (BackgroundService.java:shutdown(141)) - Shutting down service BlockDeletingService
2023-09-07 04:50:10,612 [ForkJoinPool.commonPool-worker-3] INFO  utils.BackgroundService (BackgroundService.java:shutdown(141)) - Shutting down service StaleRecoveringContainerScrubbingService
2023-09-07 04:50:10,613 [ForkJoinPool.commonPool-worker-3] INFO  statemachine.DatanodeStateMachine (DatanodeStateMachine.java:stopDaemon(620)) - Ozone container server stopped.
2023-09-07 04:50:10,629 [ForkJoinPool.commonPool-worker-3] INFO  handler.ContextHandler (ContextHandler.java:doStop(1159)) - Stopped o.e.j.w.WebAppContext@7fd9b3b0{hddsDatanode,/,null,STOPPED}{jar:file:/home/runner/.m2/repository/org/apache/ozone/hdds-container-service/1.4.0-SNAPSHOT/hdds-container-service-1.4.0-SNAPSHOT.jar!/webapps/hddsDatanode}
2023-09-07 04:50:10,631 [ForkJoinPool.commonPool-worker-3] INFO  server.AbstractConnector (AbstractConnector.java:doStop(383)) - Stopped ServerConnector@2d8d3b6f{HTTP/1.1, (http/1.1)}{0.0.0.0:15036}
2023-09-07 04:50:10,631 [ForkJoinPool.commonPool-worker-3] INFO  server.session (HouseKeeper.java:stopScavenging(149)) - node0 Stopped scavenging
2023-09-07 04:50:10,632 [ForkJoinPool.commonPool-worker-3] INFO  handler.ContextHandler (ContextHandler.java:doStop(1159)) - Stopped o.e.j.s.ServletContextHandler@7b1473a6{static,/static,jar:file:/home/runner/.m2/repository/org/apache/ozone/hdds-container-service/1.4.0-SNAPSHOT/hdds-container-service-1.4.0-SNAPSHOT.jar!/webapps/static,STOPPED}
2023-09-07 04:50:10,633 [ForkJoinPool.commonPool-worker-3] INFO  handler.ContextHandler (ContextHandler.java:doStop(1159)) - Stopped o.e.j.s.ServletContextHandler@728a9b59{logs,/logs,file:///home/runner/work/ozone/ozone/hadoop-ozone/integration-test/target/log,STOPPED}
2023-09-07 04:50:10,634 [ForkJoinPool.commonPool-worker-3] INFO  ozone.HddsDatanodeClientProtocolServer (HddsDatanodeClientProtocolServer.java:stop(78)) - Stopping the RPC server for Client Protocol
2023-09-07 04:50:10,635 [ForkJoinPool.commonPool-worker-3] INFO  ipc.Server (Server.java:stop(3523)) - Stopping server on 15037
2023-09-07 04:50:10,635 [IPC Server listener on 15037] INFO  ipc.Server (Server.java:run(1434)) - Stopping IPC Server listener on 15037
2023-09-07 04:50:10,636 [IPC Server Responder] INFO  ipc.Server (Server.java:run(1567)) - Stopping IPC Server Responder
2023-09-07 04:50:10,647 [ForkJoinPool.commonPool-worker-1] INFO  utils.DatanodeStoreCache (DatanodeStoreCache.java:shutdownCache(110)) - Skip clearing cache in mini cluster mode. Entries left: [/home/runner/work/ozone/ozone/hadoop-ozone/integration-test/target/test-dir/MiniOzoneClusterImpl-34c981b6-280a-47ca-b885-362eca6d2b46/datanode-0/data-0/containers/hdds/34c981b6-280a-47ca-b885-362eca6d2b46/DS-c05e87b4-c50b-4b3d-8ec3-38d6ad3da886/container.db, /home/runner/work/ozone/ozone/hadoop-ozone/integration-test/target/test-dir/MiniOzoneClusterImpl-34c981b6-280a-47ca-b885-362eca6d2b46/datanode-1/data-0/containers/hdds/34c981b6-280a-47ca-b885-362eca6d2b46/DS-2cd0e314-dd97-4c9f-9458-eb5017d145bc/container.db, /home/runner/work/ozone/ozone/hadoop-ozone/integration-test/target/test-dir/MiniOzoneClusterImpl-34c981b6-280a-47ca-b885-362eca6d2b46/datanode-2/data-0/containers/hdds/34c981b6-280a-47ca-b885-362eca6d2b46/DS-558deed5-c132-4b1b-9dc5-1f27b7980817/container.db]
2023-09-07 04:50:10,649 [ForkJoinPool.commonPool-worker-1] INFO  utils.DatanodeStoreCache (DatanodeStoreCache.java:removeDB(104)) - Removed db /home/runner/work/ozone/ozone/hadoop-ozone/integration-test/target/test-dir/MiniOzoneClusterImpl-34c981b6-280a-47ca-b885-362eca6d2b46/datanode-0/data-0/containers/hdds/34c981b6-280a-47ca-b885-362eca6d2b46/DS-c05e87b4-c50b-4b3d-8ec3-38d6ad3da886/container.db from cache
2023-09-07 04:50:10,649 [ForkJoinPool.commonPool-worker-1] INFO  volume.HddsVolume (HddsVolume.java:closeDbStore(453)) - SchemaV3 db is stopped at /home/runner/work/ozone/ozone/hadoop-ozone/integration-test/target/test-dir/MiniOzoneClusterImpl-34c981b6-280a-47ca-b885-362eca6d2b46/datanode-0/data-0/containers/hdds/34c981b6-280a-47ca-b885-362eca6d2b46/DS-c05e87b4-c50b-4b3d-8ec3-38d6ad3da886/container.db for volume DS-c05e87b4-c50b-4b3d-8ec3-38d6ad3da886
2023-09-07 04:50:10,649 [main] INFO  utils.DatanodeStoreCache (DatanodeStoreCache.java:shutdownCache(110)) - Skip clearing cache in mini cluster mode. Entries left: [/home/runner/work/ozone/ozone/hadoop-ozone/integration-test/target/test-dir/MiniOzoneClusterImpl-34c981b6-280a-47ca-b885-362eca6d2b46/datanode-1/data-0/containers/hdds/34c981b6-280a-47ca-b885-362eca6d2b46/DS-2cd0e314-dd97-4c9f-9458-eb5017d145bc/container.db, /home/runner/work/ozone/ozone/hadoop-ozone/integration-test/target/test-dir/MiniOzoneClusterImpl-34c981b6-280a-47ca-b885-362eca6d2b46/datanode-2/data-0/containers/hdds/34c981b6-280a-47ca-b885-362eca6d2b46/DS-558deed5-c132-4b1b-9dc5-1f27b7980817/container.db]
2023-09-07 04:50:10,651 [main] INFO  utils.DatanodeStoreCache (DatanodeStoreCache.java:removeDB(104)) - Removed db /home/runner/work/ozone/ozone/hadoop-ozone/integration-test/target/test-dir/MiniOzoneClusterImpl-34c981b6-280a-47ca-b885-362eca6d2b46/datanode-2/data-0/containers/hdds/34c981b6-280a-47ca-b885-362eca6d2b46/DS-558deed5-c132-4b1b-9dc5-1f27b7980817/container.db from cache
2023-09-07 04:50:10,651 [main] INFO  volume.HddsVolume (HddsVolume.java:closeDbStore(453)) - SchemaV3 db is stopped at /home/runner/work/ozone/ozone/hadoop-ozone/integration-test/target/test-dir/MiniOzoneClusterImpl-34c981b6-280a-47ca-b885-362eca6d2b46/datanode-2/data-0/containers/hdds/34c981b6-280a-47ca-b885-362eca6d2b46/DS-558deed5-c132-4b1b-9dc5-1f27b7980817/container.db for volume DS-558deed5-c132-4b1b-9dc5-1f27b7980817
2023-09-07 04:50:10,651 [main] INFO  utils.BackgroundService (BackgroundService.java:shutdown(141)) - Shutting down service BlockDeletingService
2023-09-07 04:50:10,652 [ForkJoinPool.commonPool-worker-1] INFO  utils.BackgroundService (BackgroundService.java:shutdown(141)) - Shutting down service BlockDeletingService
2023-09-07 04:50:10,653 [ForkJoinPool.commonPool-worker-0] INFO  utils.DatanodeStoreCache (DatanodeStoreCache.java:shutdownCache(110)) - Skip clearing cache in mini cluster mode. Entries left: [/home/runner/work/ozone/ozone/hadoop-ozone/integration-test/target/test-dir/MiniOzoneClusterImpl-34c981b6-280a-47ca-b885-362eca6d2b46/datanode-1/data-0/containers/hdds/34c981b6-280a-47ca-b885-362eca6d2b46/DS-2cd0e314-dd97-4c9f-9458-eb5017d145bc/container.db]
2023-09-07 04:50:10,653 [ForkJoinPool.commonPool-worker-1] INFO  utils.BackgroundService (BackgroundService.java:shutdown(141)) - Shutting down service StaleRecoveringContainerScrubbingService
2023-09-07 04:50:10,653 [main] INFO  utils.BackgroundService (BackgroundService.java:shutdown(141)) - Shutting down service StaleRecoveringContainerScrubbingService
2023-09-07 04:50:10,655 [ForkJoinPool.commonPool-worker-0] INFO  utils.DatanodeStoreCache (DatanodeStoreCache.java:removeDB(104)) - Removed db /home/runner/work/ozone/ozone/hadoop-ozone/integration-test/target/test-dir/MiniOzoneClusterImpl-34c981b6-280a-47ca-b885-362eca6d2b46/datanode-1/data-0/containers/hdds/34c981b6-280a-47ca-b885-362eca6d2b46/DS-2cd0e314-dd97-4c9f-9458-eb5017d145bc/container.db from cache
2023-09-07 04:50:10,655 [ForkJoinPool.commonPool-worker-0] INFO  volume.HddsVolume (HddsVolume.java:closeDbStore(453)) - SchemaV3 db is stopped at /home/runner/work/ozone/ozone/hadoop-ozone/integration-test/target/test-dir/MiniOzoneClusterImpl-34c981b6-280a-47ca-b885-362eca6d2b46/datanode-1/data-0/containers/hdds/34c981b6-280a-47ca-b885-362eca6d2b46/DS-2cd0e314-dd97-4c9f-9458-eb5017d145bc/container.db for volume DS-2cd0e314-dd97-4c9f-9458-eb5017d145bc
2023-09-07 04:50:10,657 [main] INFO  statemachine.DatanodeStateMachine (DatanodeStateMachine.java:stopDaemon(620)) - Ozone container server stopped.
2023-09-07 04:50:10,658 [ForkJoinPool.commonPool-worker-0] INFO  utils.BackgroundService (BackgroundService.java:shutdown(141)) - Shutting down service BlockDeletingService
2023-09-07 04:50:10,659 [ForkJoinPool.commonPool-worker-0] INFO  utils.BackgroundService (BackgroundService.java:shutdown(141)) - Shutting down service StaleRecoveringContainerScrubbingService
2023-09-07 04:50:10,661 [ForkJoinPool.commonPool-worker-1] INFO  statemachine.DatanodeStateMachine (DatanodeStateMachine.java:stopDaemon(620)) - Ozone container server stopped.
2023-09-07 04:50:10,661 [ForkJoinPool.commonPool-worker-0] INFO  statemachine.DatanodeStateMachine (DatanodeStateMachine.java:stopDaemon(620)) - Ozone container server stopped.
2023-09-07 04:50:10,684 [main] INFO  handler.ContextHandler (ContextHandler.java:doStop(1159)) - Stopped o.e.j.w.WebAppContext@3cf3616c{hddsDatanode,/,null,STOPPED}{jar:file:/home/runner/.m2/repository/org/apache/ozone/hdds-container-service/1.4.0-SNAPSHOT/hdds-container-service-1.4.0-SNAPSHOT.jar!/webapps/hddsDatanode}
2023-09-07 04:50:10,693 [main] INFO  server.AbstractConnector (AbstractConnector.java:doStop(383)) - Stopped ServerConnector@60344d8f{HTTP/1.1, (http/1.1)}{0.0.0.0:15027}
2023-09-07 04:50:10,693 [main] INFO  server.session (HouseKeeper.java:stopScavenging(149)) - node0 Stopped scavenging
2023-09-07 04:50:10,694 [main] INFO  handler.ContextHandler (ContextHandler.java:doStop(1159)) - Stopped o.e.j.s.ServletContextHandler@6ef4d437{static,/static,jar:file:/home/runner/.m2/repository/org/apache/ozone/hdds-container-service/1.4.0-SNAPSHOT/hdds-container-service-1.4.0-SNAPSHOT.jar!/webapps/static,STOPPED}
2023-09-07 04:50:10,694 [main] INFO  handler.ContextHandler (ContextHandler.java:doStop(1159)) - Stopped o.e.j.s.ServletContextHandler@14af08ac{logs,/logs,file:///home/runner/work/ozone/ozone/hadoop-ozone/integration-test/target/log,STOPPED}
2023-09-07 04:50:10,695 [main] INFO  ozone.HddsDatanodeClientProtocolServer (HddsDatanodeClientProtocolServer.java:stop(78)) - Stopping the RPC server for Client Protocol
2023-09-07 04:50:10,695 [main] INFO  ipc.Server (Server.java:stop(3523)) - Stopping server on 15028
2023-09-07 04:50:10,696 [IPC Server listener on 15028] INFO  ipc.Server (Server.java:run(1434)) - Stopping IPC Server listener on 15028
2023-09-07 04:50:10,703 [IPC Server Responder] INFO  ipc.Server (Server.java:run(1567)) - Stopping IPC Server Responder
2023-09-07 04:50:10,703 [ForkJoinPool.commonPool-worker-0] INFO  handler.ContextHandler (ContextHandler.java:doStop(1159)) - Stopped o.e.j.w.WebAppContext@1e3215f7{hddsDatanode,/,null,STOPPED}{jar:file:/home/runner/.m2/repository/org/apache/ozone/hdds-container-service/1.4.0-SNAPSHOT/hdds-container-service-1.4.0-SNAPSHOT.jar!/webapps/hddsDatanode}
2023-09-07 04:50:10,705 [ForkJoinPool.commonPool-worker-0] INFO  server.AbstractConnector (AbstractConnector.java:doStop(383)) - Stopped ServerConnector@4397f201{HTTP/1.1, (http/1.1)}{0.0.0.0:15018}
2023-09-07 04:50:10,706 [ForkJoinPool.commonPool-worker-0] INFO  server.session (HouseKeeper.java:stopScavenging(149)) - node0 Stopped scavenging
2023-09-07 04:50:10,708 [ForkJoinPool.commonPool-worker-0] INFO  handler.ContextHandler (ContextHandler.java:doStop(1159)) - Stopped o.e.j.s.ServletContextHandler@72e9940f{static,/static,jar:file:/home/runner/.m2/repository/org/apache/ozone/hdds-container-service/1.4.0-SNAPSHOT/hdds-container-service-1.4.0-SNAPSHOT.jar!/webapps/static,STOPPED}
2023-09-07 04:50:10,709 [ForkJoinPool.commonPool-worker-0] INFO  handler.ContextHandler (ContextHandler.java:doStop(1159)) - Stopped o.e.j.s.ServletContextHandler@112dbb6c{logs,/logs,file:///home/runner/work/ozone/ozone/hadoop-ozone/integration-test/target/log,STOPPED}
2023-09-07 04:50:10,709 [ForkJoinPool.commonPool-worker-1] INFO  handler.ContextHandler (ContextHandler.java:doStop(1159)) - Stopped o.e.j.w.WebAppContext@68cd34a{hddsDatanode,/,null,STOPPED}{jar:file:/home/runner/.m2/repository/org/apache/ozone/hdds-container-service/1.4.0-SNAPSHOT/hdds-container-service-1.4.0-SNAPSHOT.jar!/webapps/hddsDatanode}
2023-09-07 04:50:10,710 [ForkJoinPool.commonPool-worker-1] INFO  server.AbstractConnector (AbstractConnector.java:doStop(383)) - Stopped ServerConnector@481a6c9d{HTTP/1.1, (http/1.1)}{0.0.0.0:15009}
2023-09-07 04:50:10,711 [ForkJoinPool.commonPool-worker-1] INFO  server.session (HouseKeeper.java:stopScavenging(149)) - node0 Stopped scavenging
2023-09-07 04:50:10,711 [ForkJoinPool.commonPool-worker-0] INFO  ozone.HddsDatanodeClientProtocolServer (HddsDatanodeClientProtocolServer.java:stop(78)) - Stopping the RPC server for Client Protocol
2023-09-07 04:50:10,712 [ForkJoinPool.commonPool-worker-1] INFO  handler.ContextHandler (ContextHandler.java:doStop(1159)) - Stopped o.e.j.s.ServletContextHandler@3b1e96c2{static,/static,jar:file:/home/runner/.m2/repository/org/apache/ozone/hdds-container-service/1.4.0-SNAPSHOT/hdds-container-service-1.4.0-SNAPSHOT.jar!/webapps/static,STOPPED}
2023-09-07 04:50:10,712 [ForkJoinPool.commonPool-worker-0] INFO  ipc.Server (Server.java:stop(3523)) - Stopping server on 15019
2023-09-07 04:50:10,714 [ForkJoinPool.commonPool-worker-1] INFO  handler.ContextHandler (ContextHandler.java:doStop(1159)) - Stopped o.e.j.s.ServletContextHandler@780bc48d{logs,/logs,file:///home/runner/work/ozone/ozone/hadoop-ozone/integration-test/target/log,STOPPED}
2023-09-07 04:50:10,715 [IPC Server Responder] INFO  ipc.Server (Server.java:run(1567)) - Stopping IPC Server Responder
2023-09-07 04:50:10,715 [IPC Server listener on 15019] INFO  ipc.Server (Server.java:run(1434)) - Stopping IPC Server listener on 15019
2023-09-07 04:50:10,717 [ForkJoinPool.commonPool-worker-1] INFO  ozone.HddsDatanodeClientProtocolServer (HddsDatanodeClientProtocolServer.java:stop(78)) - Stopping the RPC server for Client Protocol
2023-09-07 04:50:10,718 [ForkJoinPool.commonPool-worker-1] INFO  ipc.Server (Server.java:stop(3523)) - Stopping server on 15010
2023-09-07 04:50:10,718 [IPC Server listener on 15010] INFO  ipc.Server (Server.java:run(1434)) - Stopping IPC Server listener on 15010
2023-09-07 04:50:10,719 [IPC Server Responder] INFO  ipc.Server (Server.java:run(1567)) - Stopping IPC Server Responder
2023-09-07 04:50:10,720 [main] INFO  ozone.MiniOzoneClusterImpl (MiniOzoneClusterImpl.java:stopSCM(543)) - Stopping the StorageContainerManager
2023-09-07 04:50:10,721 [main] INFO  server.StorageContainerManager (StorageContainerManager.java:stop(1591)) - Container Balancer is not running.
2023-09-07 04:50:10,721 [main] INFO  server.StorageContainerManager (StorageContainerManager.java:stopReplicationManager(1724)) - Stopping Replication Manager Service.
2023-09-07 04:50:10,721 [main] INFO  replication.ReplicationManager (ReplicationManager.java:stop(323)) - Stopping Replication Monitor Thread.
2023-09-07 04:50:10,722 [Under Replicated Processor] WARN  replication.UnhealthyReplicationProcessor (UnhealthyReplicationProcessor.java:run(180)) - Under Replicated Processor interrupted. Exiting...
2023-09-07 04:50:10,722 [main] INFO  server.StorageContainerManager (StorageContainerManager.java:stop(1600)) - Stopping the Datanode Admin Monitor.
2023-09-07 04:50:10,722 [Over Replicated Processor] WARN  replication.UnhealthyReplicationProcessor (UnhealthyReplicationProcessor.java:run(180)) - Over Replicated Processor interrupted. Exiting...
2023-09-07 04:50:10,723 [main] INFO  server.StorageContainerManager (StorageContainerManager.java:stop(1607)) - Stopping datanode service RPC server
2023-09-07 04:50:10,723 [main] INFO  server.SCMDatanodeProtocolServer (SCMDatanodeProtocolServer.java:stop(424)) - Stopping the RPC server for DataNodes
2023-09-07 04:50:10,722 [ReplicationMonitor] INFO  replication.ReplicationManager (ReplicationManager.java:run(921)) - Replication Monitor Thread is stopped
2023-09-07 04:50:10,723 [main] INFO  ipc.Server (Server.java:stop(3523)) - Stopping server on 15002
2023-09-07 04:50:10,725 [IPC Server listener on 15002] INFO  ipc.Server (Server.java:run(1434)) - Stopping IPC Server listener on 15002
2023-09-07 04:50:10,727 [IPC Server Responder] INFO  ipc.Server (Server.java:run(1567)) - Stopping IPC Server Responder
2023-09-07 04:50:10,808 [SCM Heartbeat Processing Thread - 0] WARN  node.NodeStateManager (NodeStateManager.java:scheduleNextHealthCheck(874)) - Current Thread is interrupted, shutting down HB processing thread for Node Manager.
2023-09-07 04:50:10,809 [main] INFO  server.StorageContainerManager (StorageContainerManager.java:stop(1615)) - Stopping block service RPC server
2023-09-07 04:50:10,810 [main] INFO  server.SCMBlockProtocolServer (SCMBlockProtocolServer.java:stop(161)) - Stopping the RPC server for Block Protocol
2023-09-07 04:50:10,810 [main] INFO  ipc.Server (Server.java:stop(3523)) - Stopping server on 15001
2023-09-07 04:50:10,812 [IPC Server listener on 15001] INFO  ipc.Server (Server.java:run(1434)) - Stopping IPC Server listener on 15001
2023-09-07 04:50:10,814 [IPC Server Responder] INFO  ipc.Server (Server.java:run(1567)) - Stopping IPC Server Responder
2023-09-07 04:50:10,815 [main] INFO  server.StorageContainerManager (StorageContainerManager.java:stop(1622)) - Stopping the StorageContainerLocationProtocol RPC server
2023-09-07 04:50:10,815 [main] INFO  server.SCMClientProtocolServer (SCMClientProtocolServer.java:stop(210)) - Stopping the RPC server for Client Protocol
2023-09-07 04:50:10,815 [main] INFO  ipc.Server (Server.java:stop(3523)) - Stopping server on 15000
2023-09-07 04:50:10,816 [IPC Server listener on 15000] INFO  ipc.Server (Server.java:run(1434)) - Stopping IPC Server listener on 15000
2023-09-07 04:50:10,818 [IPC Server Responder] INFO  ipc.Server (Server.java:run(1567)) - Stopping IPC Server Responder
2023-09-07 04:50:10,819 [main] INFO  server.StorageContainerManager (StorageContainerManager.java:stop(1629)) - Stopping Storage Container Manager HTTP server.
2023-09-07 04:50:10,820 [main] INFO  handler.ContextHandler (ContextHandler.java:doStop(1159)) - Stopped o.e.j.w.WebAppContext@38a6ca39{scm,/,null,STOPPED}{file:/home/runner/work/ozone/ozone/hadoop-ozone/integration-test/target/test-classes/webapps/scm}
2023-09-07 04:50:10,820 [main] INFO  server.AbstractConnector (AbstractConnector.java:doStop(383)) - Stopped ServerConnector@638b05fb{HTTP/1.1, (http/1.1)}{0.0.0.0:15003}
2023-09-07 04:50:10,821 [main] INFO  server.session (HouseKeeper.java:stopScavenging(149)) - node0 Stopped scavenging
2023-09-07 04:50:10,821 [main] INFO  handler.ContextHandler (ContextHandler.java:doStop(1159)) - Stopped o.e.j.s.ServletContextHandler@c1d9c40{static,/static,file:///home/runner/work/ozone/ozone/hadoop-ozone/integration-test/target/test-classes/webapps/static,STOPPED}
2023-09-07 04:50:10,821 [main] INFO  handler.ContextHandler (ContextHandler.java:doStop(1159)) - Stopped o.e.j.s.ServletContextHandler@3f213e97{logs,/logs,file:///home/runner/work/ozone/ozone/hadoop-ozone/integration-test/target/log,STOPPED}
2023-09-07 04:50:10,822 [main] INFO  server.StorageContainerManager (StorageContainerManager.java:stop(1637)) - Stopping SCM LayoutVersionManager Service.
2023-09-07 04:50:10,823 [main] INFO  server.StorageContainerManager (StorageContainerManager.java:stop(1649)) - Stopping Block Manager Service.
2023-09-07 04:50:10,823 [main] INFO  utils.BackgroundService (BackgroundService.java:shutdown(141)) - Shutting down service SCMBlockDeletingService
2023-09-07 04:50:10,823 [main] INFO  utils.BackgroundService (BackgroundService.java:shutdown(141)) - Shutting down service SCMBlockDeletingService
2023-09-07 04:50:10,823 [main] INFO  server.StorageContainerManager (StorageContainerManager.java:stop(1669)) - Stopping SCM Event Queue.
2023-09-07 04:50:10,829 [JvmPauseMonitor0] INFO  util.JvmPauseMonitor (JvmPauseMonitor.java:run(109)) - JvmPauseMonitor-cf34871c-a3cd-4b6c-bcb6-169af604bff3: Stopped
2023-09-07 04:50:10,830 [main] INFO  server.StorageContainerManager (StorageContainerManager.java:stop(1680)) - Stopping SCM HA services.
2023-09-07 04:50:10,830 [main] INFO  pipeline.BackgroundPipelineCreator (BackgroundPipelineCreator.java:stop(149)) - Stopping RatisPipelineUtilsThread.
2023-09-07 04:50:10,830 [RatisPipelineUtilsThread - 0] WARN  pipeline.BackgroundPipelineCreator (BackgroundPipelineCreator.java:run(180)) - RatisPipelineUtilsThread is interrupted.
2023-09-07 04:50:10,830 [BackgroundPipelineScrubberThread] WARN  BackgroundPipelineScrubber (BackgroundSCMService.java:run(115)) - BackgroundPipelineScrubber is interrupted, exit
2023-09-07 04:50:10,831 [main] INFO  BackgroundPipelineScrubber (BackgroundSCMService.java:stop(131)) - Stopping BackgroundPipelineScrubber Service.
2023-09-07 04:50:10,832 [main] INFO  impl.MetricsSystemImpl (MetricsSystemImpl.java:stop(210)) - Stopping XceiverClientMetrics metrics system...
2023-09-07 04:50:10,833 [prometheus] INFO  impl.MetricsSinkAdapter (MetricsSinkAdapter.java:publishMetricsFromQueue(141)) - prometheus thread interrupted.
2023-09-07 04:50:10,834 [main] INFO  impl.MetricsSystemImpl (MetricsSystemImpl.java:stop(216)) - XceiverClientMetrics metrics system stopped.
2023-09-07 04:50:10,835 [main] WARN  pipeline.BackgroundPipelineCreator (BackgroundPipelineCreator.java:stop(145)) - RatisPipelineUtilsThread is not running, just ignore.
2023-09-07 04:50:10,835 [main] INFO  BackgroundPipelineScrubber (BackgroundSCMService.java:stop(126)) - BackgroundPipelineScrubber Service is not running, skip stop.
2023-09-07 04:50:10,835 [main] INFO  ExpiredContainerReplicaOpScrubber (BackgroundSCMService.java:stop(131)) - Stopping ExpiredContainerReplicaOpScrubber Service.
2023-09-07 04:50:10,835 [ExpiredContainerReplicaOpScrubberThread] WARN  ExpiredContainerReplicaOpScrubber (BackgroundSCMService.java:run(115)) - ExpiredContainerReplicaOpScrubber is interrupted, exit
2023-09-07 04:50:10,835 [main] INFO  utils.BackgroundService (BackgroundService.java:shutdown(141)) - Shutting down service SCMBlockDeletingService
2023-09-07 04:50:10,835 [main] INFO  replication.ReplicationManager (ReplicationManager.java:stop(333)) - Replication Monitor Thread is not running.
2023-09-07 04:50:10,836 [main] WARN  balancer.ContainerBalancer (ContainerBalancer.java:stop(326)) - Cannot stop Container Balancer because it's not running or stopping
2023-09-07 04:50:10,837 [main] INFO  server.StorageContainerManager (StorageContainerManager.java:stop(1715)) - Stopping SCM MetadataStore.
2023-09-07 04:50:10,957 [main] WARN  server.ServerUtils (ServerUtils.java:getScmDbDir(155)) - ozone.scm.db.dirs is not configured. We recommend adding this setting. Falling back to ozone.metadata.dirs instead.
2023-09-07 04:50:10,962 [main] WARN  server.ServerUtils (ServerUtils.java:getScmDbDir(155)) - ozone.scm.db.dirs is not configured. We recommend adding this setting. Falling back to ozone.metadata.dirs instead.
2023-09-07 04:50:10,963 [main] INFO  ha.SCMHANodeDetails (SCMHANodeDetails.java:loadSCMHAConfig(210)) - ServiceID for StorageContainerManager is null
2023-09-07 04:50:10,963 [main] INFO  ha.SCMHANodeDetails (SCMHANodeDetails.java:loadSCMHAConfig(215)) - ozone.scm.default.service.id is not defined, falling back to ozone.scm.service.ids to find serviceID for StorageContainerManager if it is HA enabled cluster
2023-09-07 04:50:10,964 [main] WARN  utils.HAUtils (HAUtils.java:getMetaDir(339)) - ozone.scm.db.dirs is not configured. We recommend adding this setting. Falling back to ozone.metadata.dirs instead.
2023-09-07 04:50:10,964 [main] WARN  db.DBStoreBuilder (DBStoreBuilder.java:applyDBDefinition(166)) - ozone.scm.db.dirs is not configured. We recommend adding this setting. Falling back to ozone.metadata.dirs instead.
2023-09-07 04:50:11,129 [main] INFO  net.NodeSchemaLoader (NodeSchemaLoader.java:loadSchemaFromFile(129)) - Loading schema from [jar:file:/home/runner/.m2/repository/org/apache/ozone/hdds-common/1.4.0-SNAPSHOT/hdds-common-1.4.0-SNAPSHOT.jar!/network-topology-default.xml]
2023-09-07 04:50:11,129 [main] INFO  net.NodeSchemaLoader (NodeSchemaLoader.java:loadSchema(176)) - Loading network topology layer schema file
2023-09-07 04:50:11,133 [main] INFO  upgrade.AbstractLayoutVersionManager (AbstractLayoutVersionManager.java:init(83)) - Initializing Layout version manager with metadata layout = HADOOP_PRC_PORTS_IN_DATANODEDETAILS (version = 7), software layout = HADOOP_PRC_PORTS_IN_DATANODEDETAILS (version = 7)
2023-09-07 04:50:11,135 [main] INFO  ha.SequenceIdGenerator (SequenceIdGenerator.java:upgradeToSequenceId(365)) - upgrade localId to 111677748019200000
2023-09-07 04:50:11,136 [main] INFO  ha.SequenceIdGenerator (SequenceIdGenerator.java:upgradeToSequenceId(375)) - upgrade delTxnId to 0
2023-09-07 04:50:11,137 [main] INFO  ha.SequenceIdGenerator (SequenceIdGenerator.java:upgradeToSequenceId(392)) - upgrade containerId to 0
2023-09-07 04:50:11,138 [main] INFO  ha.SequenceIdGenerator (SequenceIdGenerator.java:upgradeToSequenceId(428)) - upgrade rootCertificateId to 1
2023-09-07 04:50:11,138 [main] INFO  ha.SequenceIdGenerator (SequenceIdGenerator.java:<init>(236)) - Init the HA SequenceIdGenerator.
2023-09-07 04:50:11,138 [main] WARN  server.ServerUtils (ServerUtils.java:sanitizeUserArgs(80)) - ozone.scm.stale.node.interval value = 300000 is larger than max = 100000 based on the key value of ozone.scm.heartbeat.thread.interval, reset to the max value 100000.
2023-09-07 04:50:11,138 [main] WARN  server.ServerUtils (ServerUtils.java:sanitizeUserArgs(80)) - ozone.scm.stale.node.interval value = 300000 is larger than max = 100000 based on the key value of ozone.scm.heartbeat.thread.interval, reset to the max value 100000.
2023-09-07 04:50:11,139 [main] INFO  node.SCMNodeManager (SCMNodeManager.java:<init>(157)) - Entering startup safe mode.
2023-09-07 04:50:11,139 [main] INFO  algorithms.ContainerPlacementPolicyFactory (ContainerPlacementPolicyFactory.java:getPolicyInternal(86)) - Create container placement policy of type org.apache.hadoop.hdds.scm.container.placement.algorithms.SCMContainerPlacementRackAware
2023-09-07 04:50:11,140 [main] INFO  algorithms.ContainerPlacementPolicyFactory (ContainerPlacementPolicyFactory.java:getPolicyInternal(86)) - Create container placement policy of type org.apache.hadoop.hdds.scm.container.placement.algorithms.SCMContainerPlacementRackScatter
2023-09-07 04:50:11,140 [main] INFO  pipeline.PipelineStateManagerImpl (PipelineStateManagerImpl.java:initialize(78)) - No pipeline exists in current db
2023-09-07 04:50:11,140 [main] INFO  algorithms.LeaderChoosePolicyFactory (LeaderChoosePolicyFactory.java:getPolicy(57)) - Create leader choose policy of type org.apache.hadoop.hdds.scm.pipeline.leader.choose.algorithms.MinLeaderCountChoosePolicy
2023-09-07 04:50:11,140 [main] INFO  algorithms.ContainerPlacementPolicyFactory (ContainerPlacementPolicyFactory.java:getPolicyInternal(86)) - Create container placement policy of type org.apache.hadoop.hdds.scm.container.placement.algorithms.SCMContainerPlacementRackScatter
2023-09-07 04:50:11,141 [main] INFO  ha.SCMServiceManager (SCMServiceManager.java:register(42)) - Registering service BackgroundPipelineCreator.
2023-09-07 04:50:11,141 [main] INFO  pipeline.BackgroundPipelineCreator (BackgroundPipelineCreator.java:start(124)) - Starting RatisPipelineUtilsThread.
2023-09-07 04:50:11,142 [main] INFO  BackgroundPipelineScrubber (BackgroundSCMService.java:start(68)) - Starting BackgroundPipelineScrubber Service.
2023-09-07 04:50:11,142 [main] INFO  ha.SCMServiceManager (SCMServiceManager.java:register(42)) - Registering service BackgroundPipelineScrubber.
2023-09-07 04:50:11,142 [main] INFO  ExpiredContainerReplicaOpScrubber (BackgroundSCMService.java:start(68)) - Starting ExpiredContainerReplicaOpScrubber Service.
2023-09-07 04:50:11,143 [main] INFO  ha.SCMServiceManager (SCMServiceManager.java:register(42)) - Registering service ExpiredContainerReplicaOpScrubber.
2023-09-07 04:50:11,146 [main] INFO  algorithms.PipelineChoosePolicyFactory (PipelineChoosePolicyFactory.java:createPipelineChoosePolicyFromClass(78)) - Create pipeline choose policy of type org.apache.hadoop.hdds.scm.pipeline.choose.algorithms.RandomPipelineChoosePolicy
2023-09-07 04:50:11,146 [main] INFO  algorithms.PipelineChoosePolicyFactory (PipelineChoosePolicyFactory.java:createPipelineChoosePolicyFromClass(78)) - Create pipeline choose policy of type org.apache.hadoop.hdds.scm.pipeline.choose.algorithms.RandomPipelineChoosePolicy
2023-09-07 04:50:11,147 [main] INFO  ha.SCMServiceManager (SCMServiceManager.java:register(42)) - Registering service SCMBlockDeletingService.
2023-09-07 04:50:11,148 [main] INFO  replication.ReplicationManager (ReplicationManager.java:start(291)) - Starting Replication Monitor Thread.
2023-09-07 04:50:11,153 [main] INFO  ha.SCMServiceManager (SCMServiceManager.java:register(42)) - Registering service ReplicationManager.
2023-09-07 04:50:11,153 [main] INFO  safemode.ContainerSafeModeRule (ContainerSafeModeRule.java:<init>(90)) - containers with one replica threshold count 0
2023-09-07 04:50:11,154 [main] INFO  safemode.HealthyPipelineSafeModeRule (HealthyPipelineSafeModeRule.java:initializeRule(169)) - Total pipeline count is 0, healthy pipeline threshold count is 1
2023-09-07 04:50:11,154 [main] INFO  safemode.OneReplicaPipelineSafeModeRule (OneReplicaPipelineSafeModeRule.java:initializeRule(180)) - Total pipeline count is 0, pipeline's with at least one datanode reported threshold count is 0
2023-09-07 04:50:11,154 [ReplicationMonitor] INFO  replication.ReplicationManager (ReplicationManager.java:processAll(365)) - Replication Manager is not ready to run until 3000ms after safemode exit
2023-09-07 04:50:11,155 [main] INFO  server.StorageContainerManager (StorageContainerManager.java:<init>(425)) - SCM start with adminUsers: [runner]
2023-09-07 04:50:11,155 [main] INFO  ipc.CallQueueManager (CallQueueManager.java:<init>(90)) - Using callQueue: class java.util.concurrent.LinkedBlockingQueue, queueCapacity: 2000, scheduler: class org.apache.hadoop.ipc.DefaultRpcScheduler, ipcBackoff: false.
2023-09-07 04:50:11,155 [main] INFO  ipc.Server (Server.java:<init>(1287)) - Listener at 0.0.0.0:15055
2023-09-07 04:50:11,156 [Socket Reader #1 for port 15055] INFO  ipc.Server (Server.java:run(1323)) - Starting Socket Reader #1 for port 15055
2023-09-07 04:50:11,157 [main] INFO  ipc.CallQueueManager (CallQueueManager.java:<init>(90)) - Using callQueue: class java.util.concurrent.LinkedBlockingQueue, queueCapacity: 2000, scheduler: class org.apache.hadoop.ipc.DefaultRpcScheduler, ipcBackoff: false.
2023-09-07 04:50:11,157 [main] INFO  ipc.Server (Server.java:<init>(1287)) - Listener at 0.0.0.0:15054
2023-09-07 04:50:11,158 [Socket Reader #1 for port 15054] INFO  ipc.Server (Server.java:run(1323)) - Starting Socket Reader #1 for port 15054
2023-09-07 04:50:11,159 [main] INFO  ipc.CallQueueManager (CallQueueManager.java:<init>(90)) - Using callQueue: class java.util.concurrent.LinkedBlockingQueue, queueCapacity: 2000, scheduler: class org.apache.hadoop.ipc.DefaultRpcScheduler, ipcBackoff: false.
2023-09-07 04:50:11,159 [main] INFO  ipc.Server (Server.java:<init>(1287)) - Listener at 0.0.0.0:15053
2023-09-07 04:50:11,160 [Socket Reader #1 for port 15053] INFO  ipc.Server (Server.java:run(1323)) - Starting Socket Reader #1 for port 15053
2023-09-07 04:50:11,168 [main] INFO  ha.SCMServiceManager (SCMServiceManager.java:register(42)) - Registering service ContainerBalancer.
2023-09-07 04:50:11,169 [main] INFO  server.StorageContainerManager (StorageContainerManager.java:<init>(438)) - 
Container Balancer status:
Key                            Value
Running                        false
Container Balancer Configuration values:
Key                                                Value
Threshold                                          10
Max Datanodes to Involve per Iteration(percent)    20
Max Size to Move per Iteration                     500GB
Max Size Entering Target per Iteration             26GB
Max Size Leaving Source per Iteration              26GB

2023-09-07 04:50:11,169 [main] INFO  ha.SCMContext (SCMContext.java:updateSafeModeStatus(228)) - Update SafeModeStatus from SafeModeStatus{safeModeStatus=true, preCheckPassed=false} to SafeModeStatus{safeModeStatus=true, preCheckPassed=false}.
2023-09-07 04:50:11,169 [main] INFO  server.StorageContainerManager (StorageContainerManager.java:start(1483)) - StorageContainerLocationProtocol RPC server is listening at /0.0.0.0:15053
2023-09-07 04:50:11,174 [main] WARN  impl.MetricsConfig (MetricsConfig.java:loadFirst(136)) - Cannot locate configuration: tried hadoop-metrics2-storagecontainermanager.properties,hadoop-metrics2.properties
2023-09-07 04:50:11,175 [main] INFO  impl.MetricsSystemImpl (MetricsSystemImpl.java:startTimer(378)) - Scheduled Metric snapshot period at 10 second(s).
2023-09-07 04:50:11,175 [main] INFO  impl.MetricsSystemImpl (MetricsSystemImpl.java:start(191)) - StorageContainerManager metrics system started
2023-09-07 04:50:11,220 [main] INFO  impl.MetricsSinkAdapter (MetricsSinkAdapter.java:start(204)) - Sink prometheus started
2023-09-07 04:50:11,223 [main] INFO  impl.MetricsSystemImpl (MetricsSystemImpl.java:registerSink(305)) - Registered sink prometheus
2023-09-07 04:50:11,245 [main] INFO  server.SCMClientProtocolServer (SCMClientProtocolServer.java:start(201)) - RPC server for Client  is listening at /0.0.0.0:15053
2023-09-07 04:50:11,246 [IPC Server Responder] INFO  ipc.Server (Server.java:run(1562)) - IPC Server Responder: starting
2023-09-07 04:50:11,246 [IPC Server listener on 15053] INFO  ipc.Server (Server.java:run(1402)) - IPC Server listener on 15053: starting
2023-09-07 04:50:11,253 [main] INFO  server.StorageContainerManager (StorageContainerManager.java:start(1496)) - ScmBlockLocationProtocol RPC server is listening at /0.0.0.0:15054
2023-09-07 04:50:11,253 [main] INFO  server.SCMBlockProtocolServer (SCMBlockProtocolServer.java:start(152)) - RPC server for Block Protocol is listening at /0.0.0.0:15054
2023-09-07 04:50:11,254 [IPC Server Responder] INFO  ipc.Server (Server.java:run(1562)) - IPC Server Responder: starting
2023-09-07 04:50:11,254 [IPC Server listener on 15054] INFO  ipc.Server (Server.java:run(1402)) - IPC Server listener on 15054: starting
2023-09-07 04:50:11,259 [main] INFO  server.SCMDatanodeProtocolServer (SCMDatanodeProtocolServer.java:start(193)) - ScmDatanodeProtocol RPC server for DataNodes is listening at /0.0.0.0:15055
2023-09-07 04:50:11,259 [IPC Server Responder] INFO  ipc.Server (Server.java:run(1562)) - IPC Server Responder: starting
2023-09-07 04:50:11,262 [IPC Server listener on 15055] INFO  ipc.Server (Server.java:run(1402)) - IPC Server listener on 15055: starting
2023-09-07 04:50:11,285 [JvmPauseMonitor7] INFO  util.JvmPauseMonitor (JvmPauseMonitor.java:run(103)) - JvmPauseMonitor-62aa9f2a-0273-4a62-94ef-8db553e52de2: Started
2023-09-07 04:50:11,286 [main] INFO  http.BaseHttpServer (BaseHttpServer.java:newHttpServer2BuilderForOzone(223)) - Starting Web-server for scm at: http://0.0.0.0:15056
2023-09-07 04:50:11,287 [main] INFO  http.BaseHttpServer (BaseHttpServer.java:<init>(110)) - Hadoop Security Enabled: false Ozone Security Enabled: false Ozone HTTP Security Enabled: false 
2023-09-07 04:50:11,289 [main] WARN  server.AuthenticationFilter (AuthenticationFilter.java:constructSecretProvider(240)) - Unable to initialize FileSignerSecretProvider, falling back to use random secrets. Reason: Could not read signature secret file: /home/runner/hadoop-http-auth-signature-secret
2023-09-07 04:50:11,290 [main] INFO  http.HttpRequestLog (HttpRequestLog.java:getRequestLog(86)) - Http request log for http.requests.scm is not defined
2023-09-07 04:50:11,292 [main] INFO  http.HttpServer2 (HttpServer2.java:addGlobalFilter(1031)) - Added global filter 'safety' (class=org.apache.hadoop.hdds.server.http.HttpServer2$QuotingInputFilter)
2023-09-07 04:50:11,293 [main] INFO  http.HttpServer2 (HttpServer2.java:addFilter(1007)) - Added filter static_user_filter (class=org.apache.hadoop.http.lib.StaticUserWebFilter$StaticUserFilter) to context scm
2023-09-07 04:50:11,294 [main] INFO  http.HttpServer2 (HttpServer2.java:addFilter(1015)) - Added filter static_user_filter (class=org.apache.hadoop.http.lib.StaticUserWebFilter$StaticUserFilter) to context logs
2023-09-07 04:50:11,294 [main] INFO  http.HttpServer2 (HttpServer2.java:addFilter(1015)) - Added filter static_user_filter (class=org.apache.hadoop.http.lib.StaticUserWebFilter$StaticUserFilter) to context static
2023-09-07 04:50:11,295 [main] INFO  http.BaseHttpServer (BaseHttpServer.java:<init>(189)) - HTTP server of scm uses base directory /home/runner/work/ozone/ozone/hadoop-ozone/integration-test/target/test-dir/MiniOzoneClusterImpl-d344a044-c2aa-46c6-8971-a5e8f3f75c9e/ozone-meta/webserver
2023-09-07 04:50:11,297 [main] INFO  http.HttpServer2 (HttpServer2.java:bindListener(1231)) - Jetty bound to port 15056
2023-09-07 04:50:11,297 [main] INFO  server.Server (Server.java:doStart(375)) - jetty-9.4.51.v20230217; built: 2023-02-17T08:19:37.309Z; git: b45c405e4544384de066f814ed42ae3dceacdd49; jvm 1.8.0_382-b05
2023-09-07 04:50:11,309 [main] INFO  server.session (DefaultSessionIdManager.java:doStart(334)) - DefaultSessionIdManager workerName=node0
2023-09-07 04:50:11,309 [main] INFO  server.session (DefaultSessionIdManager.java:doStart(339)) - No SessionScavenger set, using defaults
2023-09-07 04:50:11,309 [main] INFO  server.session (HouseKeeper.java:startScavenging(132)) - node0 Scavenging every 600000ms
2023-09-07 04:50:11,311 [main] INFO  handler.ContextHandler (ContextHandler.java:doStart(921)) - Started o.e.j.s.ServletContextHandler@4a05adf4{logs,/logs,file:///home/runner/work/ozone/ozone/hadoop-ozone/integration-test/target/log,AVAILABLE}
2023-09-07 04:50:11,312 [main] INFO  handler.ContextHandler (ContextHandler.java:doStart(921)) - Started o.e.j.s.ServletContextHandler@2d1ace67{static,/static,file:///home/runner/work/ozone/ozone/hadoop-ozone/integration-test/target/test-classes/webapps/static,AVAILABLE}
2023-09-07 04:50:11,319 [main] INFO  handler.ContextHandler (ContextHandler.java:doStart(921)) - Started o.e.j.w.WebAppContext@6c06e61a{scm,/,file:///home/runner/work/ozone/ozone/hadoop-ozone/integration-test/target/test-classes/webapps/scm/,AVAILABLE}{file:/home/runner/work/ozone/ozone/hadoop-ozone/integration-test/target/test-classes/webapps/scm}
2023-09-07 04:50:11,320 [main] INFO  server.AbstractConnector (AbstractConnector.java:doStart(333)) - Started ServerConnector@3d37c38d{HTTP/1.1, (http/1.1)}{0.0.0.0:15056}
2023-09-07 04:50:11,320 [main] INFO  server.Server (Server.java:doStart(415)) - Started @127383ms
2023-09-07 04:50:11,321 [main] WARN  impl.MetricsSystemImpl (MetricsSystemImpl.java:register(279)) - Sink prometheus already exists!
2023-09-07 04:50:11,322 [main] INFO  http.BaseHttpServer (BaseHttpServer.java:updateConnectorAddress(354)) - HTTP server of scm listening at http://0.0.0.0:15056
2023-09-07 04:50:11,322 [main] WARN  server.ServerUtils (ServerUtils.java:getDBPath(311)) - ozone.om.db.dirs is not configured. We recommend adding this setting. Falling back to ozone.metadata.dirs instead.
2023-09-07 04:50:11,324 [main] INFO  ha.OMHANodeDetails (OMHANodeDetails.java:loadOMHAConfig(115)) - ozone.om.internal.service.id is not defined, falling back to ozone.om.service.ids to find serviceID for OzoneManager if it is HA enabled cluster
2023-09-07 04:50:11,325 [main] INFO  ha.OMHANodeDetails (OMHANodeDetails.java:loadOMHAConfig(226)) - Configuration does not have ozone.om.address set. Falling back to the default OM address /127.0.0.1:15057
2023-09-07 04:50:11,325 [main] INFO  ha.OMHANodeDetails (OMHANodeDetails.java:getOMNodeDetailsForNonHA(254)) - OM Service ID is not set. Setting it to the default ID: omServiceIdDefault
2023-09-07 04:50:11,325 [main] INFO  ha.OMHANodeDetails (OMHANodeDetails.java:getOMNodeDetailsForNonHA(261)) - OM Node ID is not set. Setting it to the default ID: om1
2023-09-07 04:50:11,325 [main] WARN  server.ServerUtils (ServerUtils.java:getDBPath(311)) - ozone.om.db.dirs is not configured. We recommend adding this setting. Falling back to ozone.metadata.dirs instead.
2023-09-07 04:50:11,327 [main] INFO  upgrade.AbstractLayoutVersionManager (AbstractLayoutVersionManager.java:init(83)) - Initializing Layout version manager with metadata layout = QUOTA (version = 6), software layout = QUOTA (version = 6)
2023-09-07 04:50:11,452 [main] INFO  reflections.Reflections (Reflections.java:scan(232)) - Reflections took 122 ms to scan 2 urls, producing 187 keys and 514 values [using 2 cores]
2023-09-07 04:50:11,452 [main] INFO  upgrade.OMLayoutVersionManager (OMLayoutVersionManager.java:lambda$0(115)) - Skipping Upgrade Action MockOmUpgradeAction since it has been finalized.
2023-09-07 04:50:11,452 [main] INFO  upgrade.OMLayoutVersionManager (OMLayoutVersionManager.java:lambda$0(115)) - Skipping Upgrade Action QuotaRepairUpgradeAction since it has been finalized.
2023-09-07 04:50:11,453 [main] WARN  server.ServerUtils (ServerUtils.java:getDBPath(311)) - ozone.om.db.dirs is not configured. We recommend adding this setting. Falling back to ozone.metadata.dirs instead.
2023-09-07 04:50:11,454 [main] INFO  proxy.SCMBlockLocationFailoverProxyProvider (SCMBlockLocationFailoverProxyProvider.java:<init>(114)) - Created block location fail-over proxy with 1 nodes: [nodeId=scmNodeId,nodeAddress=/0.0.0.0:15054]
2023-09-07 04:50:11,455 [main] INFO  proxy.SCMBlockLocationFailoverProxyProvider (SCMBlockLocationFailoverProxyProvider.java:<init>(114)) - Created block location fail-over proxy with 1 nodes: [nodeId=scmNodeId,nodeAddress=/0.0.0.0:15054]
2023-09-07 04:50:11,469 [main] INFO  om.OzoneManager (OzoneManager.java:<init>(665)) - OM start with adminUsers: [runner]
2023-09-07 04:50:11,471 [main] WARN  server.ServerUtils (ServerUtils.java:getDBPath(311)) - ozone.om.db.dirs is not configured. We recommend adding this setting. Falling back to ozone.metadata.dirs instead.
2023-09-07 04:50:11,473 [main] INFO  helpers.OmKeyInfo (OmKeyInfo.java:getCodec(71)) - OmKeyInfo.getCodec ignorePipeline = true
2023-09-07 04:50:11,815 [main] INFO  om.OzoneManager (OzoneManager.java:instantiateServices(794)) - S3 Multi-Tenancy is disabled
2023-09-07 04:50:11,816 [main] INFO  om.OmSnapshotManager (OmSnapshotManager.java:<init>(174)) - Ozone filesystem snapshot feature is enabled.
2023-09-07 04:50:11,816 [main] WARN  server.ServerUtils (ServerUtils.java:getDBPath(311)) - ozone.om.snapshot.diff.db.dir is not configured. We recommend adding this setting. Falling back to ozone.metadata.dirs instead.
2023-09-07 04:50:11,847 [main] INFO  snapshot.SnapshotDiffManager (SnapshotDiffManager.java:closeExecutorService(1697)) - Shutting down executorService: 'SstDumpToolExecutor'
2023-09-07 04:50:11,850 [main] INFO  om.OzoneManager (OzoneManager.java:addS3GVolumeToDB(4301)) - Created Volume s3v With Owner runner required for S3Gateway operations.
2023-09-07 04:50:11,851 [main] INFO  om.OzoneManager (OzoneManager.java:getRpcServer(1196)) - Creating RPC Server
2023-09-07 04:50:12,821 [main] INFO  reflections.Reflections (Reflections.java:scan(232)) - Reflections took 964 ms to scan 19 urls, producing 70 keys and 5687 values [using 2 cores]
2023-09-07 04:50:12,823 [main] INFO  ipc.CallQueueManager (CallQueueManager.java:<init>(90)) - Using callQueue: class java.util.concurrent.LinkedBlockingQueue, queueCapacity: 2000, scheduler: class org.apache.hadoop.ipc.DefaultRpcScheduler, ipcBackoff: false.
2023-09-07 04:50:12,824 [main] INFO  ipc.Server (Server.java:<init>(1287)) - Listener at 127.0.0.1:15057
2023-09-07 04:50:12,824 [Socket Reader #1 for port 15057] INFO  ipc.Server (Server.java:run(1323)) - Starting Socket Reader #1 for port 15057
2023-09-07 04:50:12,862 [main] INFO  impl.MetricsSystemImpl (MetricsSystemImpl.java:init(158)) - OzoneManager metrics system started (again)
2023-09-07 04:50:12,879 [main] INFO  om.OzoneManager (OzoneManager.java:start(1630)) - OzoneManager RPC server is listening at localhost/127.0.0.1:15057
2023-09-07 04:50:12,880 [main] INFO  om.OzoneManager (OzoneManager.java:start(1646)) - Version File has different layout version (6) than OM DB (null). That is expected if this OM has never been finalized to a newer layout version.
2023-09-07 04:50:12,901 [main] INFO  http.BaseHttpServer (BaseHttpServer.java:newHttpServer2BuilderForOzone(223)) - Starting Web-server for ozoneManager at: http://0.0.0.0:15058
2023-09-07 04:50:12,901 [main] INFO  http.BaseHttpServer (BaseHttpServer.java:<init>(110)) - Hadoop Security Enabled: false Ozone Security Enabled: false Ozone HTTP Security Enabled: false 
2023-09-07 04:50:12,903 [main] WARN  server.AuthenticationFilter (AuthenticationFilter.java:constructSecretProvider(240)) - Unable to initialize FileSignerSecretProvider, falling back to use random secrets. Reason: Could not read signature secret file: /home/runner/hadoop-http-auth-signature-secret
2023-09-07 04:50:12,904 [main] INFO  http.HttpRequestLog (HttpRequestLog.java:getRequestLog(86)) - Http request log for http.requests.ozoneManager is not defined
2023-09-07 04:50:12,909 [main] INFO  http.HttpServer2 (HttpServer2.java:addGlobalFilter(1031)) - Added global filter 'safety' (class=org.apache.hadoop.hdds.server.http.HttpServer2$QuotingInputFilter)
2023-09-07 04:50:12,910 [main] INFO  http.HttpServer2 (HttpServer2.java:addFilter(1007)) - Added filter static_user_filter (class=org.apache.hadoop.http.lib.StaticUserWebFilter$StaticUserFilter) to context ozoneManager
2023-09-07 04:50:12,910 [main] INFO  http.HttpServer2 (HttpServer2.java:addFilter(1015)) - Added filter static_user_filter (class=org.apache.hadoop.http.lib.StaticUserWebFilter$StaticUserFilter) to context logs
2023-09-07 04:50:12,910 [main] INFO  http.HttpServer2 (HttpServer2.java:addFilter(1015)) - Added filter static_user_filter (class=org.apache.hadoop.http.lib.StaticUserWebFilter$StaticUserFilter) to context static
2023-09-07 04:50:12,911 [main] INFO  http.BaseHttpServer (BaseHttpServer.java:<init>(189)) - HTTP server of ozoneManager uses base directory /home/runner/work/ozone/ozone/hadoop-ozone/integration-test/target/test-dir/MiniOzoneClusterImpl-d344a044-c2aa-46c6-8971-a5e8f3f75c9e/ozone-meta/webserver
2023-09-07 04:50:12,911 [main] INFO  http.HttpServer2 (HttpServer2.java:bindListener(1231)) - Jetty bound to port 15058
2023-09-07 04:50:12,911 [main] INFO  server.Server (Server.java:doStart(375)) - jetty-9.4.51.v20230217; built: 2023-02-17T08:19:37.309Z; git: b45c405e4544384de066f814ed42ae3dceacdd49; jvm 1.8.0_382-b05
2023-09-07 04:50:12,915 [main] INFO  server.session (DefaultSessionIdManager.java:doStart(334)) - DefaultSessionIdManager workerName=node0
2023-09-07 04:50:12,915 [main] INFO  server.session (DefaultSessionIdManager.java:doStart(339)) - No SessionScavenger set, using defaults
2023-09-07 04:50:12,915 [main] INFO  server.session (HouseKeeper.java:startScavenging(132)) - node0 Scavenging every 600000ms
2023-09-07 04:50:12,916 [main] INFO  handler.ContextHandler (ContextHandler.java:doStart(921)) - Started o.e.j.s.ServletContextHandler@7b7e2ddc{logs,/logs,file:///home/runner/work/ozone/ozone/hadoop-ozone/integration-test/target/log,AVAILABLE}
2023-09-07 04:50:12,917 [main] INFO  handler.ContextHandler (ContextHandler.java:doStart(921)) - Started o.e.j.s.ServletContextHandler@31bba872{static,/static,file:///home/runner/work/ozone/ozone/hadoop-ozone/integration-test/target/test-classes/webapps/static,AVAILABLE}
2023-09-07 04:50:12,921 [main] INFO  handler.ContextHandler (ContextHandler.java:doStart(921)) - Started o.e.j.w.WebAppContext@18fccfab{ozoneManager,/,file:///home/runner/work/ozone/ozone/hadoop-ozone/integration-test/target/test-classes/webapps/ozoneManager/,AVAILABLE}{file:/home/runner/work/ozone/ozone/hadoop-ozone/integration-test/target/test-classes/webapps/ozoneManager}
2023-09-07 04:50:12,923 [main] INFO  server.AbstractConnector (AbstractConnector.java:doStart(333)) - Started ServerConnector@6114a526{HTTP/1.1, (http/1.1)}{0.0.0.0:15058}
2023-09-07 04:50:12,924 [main] INFO  server.Server (Server.java:doStart(415)) - Started @128986ms
2023-09-07 04:50:12,924 [main] WARN  impl.MetricsSystemImpl (MetricsSystemImpl.java:register(279)) - Sink prometheus already exists!
2023-09-07 04:50:12,925 [main] INFO  http.BaseHttpServer (BaseHttpServer.java:updateConnectorAddress(354)) - HTTP server of ozoneManager listening at http://0.0.0.0:15058
2023-09-07 04:50:12,925 [IPC Server Responder] INFO  ipc.Server (Server.java:run(1562)) - IPC Server Responder: starting
2023-09-07 04:50:12,925 [IPC Server listener on 15057] INFO  ipc.Server (Server.java:run(1402)) - IPC Server listener on 15057: starting
2023-09-07 04:50:12,929 [main] INFO  om.TrashPolicyOzone (TrashPolicyOzone.java:<init>(277)) - Ozone Manager trash configuration: Deletion interval = 0 minutes, Emptier interval = 0 minutes.
2023-09-07 04:50:12,937 [JvmPauseMonitor8] INFO  util.JvmPauseMonitor (JvmPauseMonitor.java:run(103)) - JvmPauseMonitor-e83b5ce6-860c-4f86-b38e-8a352140255e: Started
2023-09-07 04:50:12,972 [main] INFO  impl.MetricsSystemImpl (MetricsSystemImpl.java:init(158)) - HddsDatanode metrics system started (again)
2023-09-07 04:50:12,988 [main] INFO  ozone.HddsDatanodeService (HddsDatanodeService.java:start(237)) - HddsDatanodeService host:fv-az163-854.ksqkok1cighebdh5ckq0wc3qdf.dx.internal.cloudapp.net ip:10.1.0.9
2023-09-07 04:50:13,033 [main] INFO  upgrade.AbstractLayoutVersionManager (AbstractLayoutVersionManager.java:init(83)) - Initializing Layout version manager with metadata layout = HADOOP_PRC_PORTS_IN_DATANODEDETAILS (version = 7), software layout = HADOOP_PRC_PORTS_IN_DATANODEDETAILS (version = 7)
2023-09-07 04:50:13,034 [main] INFO  statemachine.DatanodeStateMachine (DatanodeStateMachine.java:getEndPointTaskThreadPoolSize(282)) - Datanode State Machine Task Thread Pool size 2
2023-09-07 04:50:13,040 [main] INFO  volume.HddsVolume (HddsVolume.java:<init>(126)) - Creating HddsVolume: /home/runner/work/ozone/ozone/hadoop-ozone/integration-test/target/test-dir/MiniOzoneClusterImpl-d344a044-c2aa-46c6-8971-a5e8f3f75c9e/datanode-0/data-0/containers/hdds of storage type : DISK capacity : 9223372036854775807
2023-09-07 04:50:13,041 [main] INFO  volume.MutableVolumeSet (MutableVolumeSet.java:initializeVolumeSet(173)) - Added Volume : /home/runner/work/ozone/ozone/hadoop-ozone/integration-test/target/test-dir/MiniOzoneClusterImpl-d344a044-c2aa-46c6-8971-a5e8f3f75c9e/datanode-0/data-0/containers/hdds to VolumeSet
2023-09-07 04:50:13,044 [main] INFO  volume.MutableVolumeSet (MutableVolumeSet.java:initializeVolumeSet(173)) - Added Volume : /home/runner/work/ozone/ozone/hadoop-ozone/integration-test/target/test-dir/MiniOzoneClusterImpl-d344a044-c2aa-46c6-8971-a5e8f3f75c9e/datanode-0/data/ratis to VolumeSet
2023-09-07 04:50:13,050 [Thread-770] INFO  ozoneimpl.ContainerReader (ContainerReader.java:readVolume(177)) - Finish verifying containers on volume /home/runner/work/ozone/ozone/hadoop-ozone/integration-test/target/test-dir/MiniOzoneClusterImpl-d344a044-c2aa-46c6-8971-a5e8f3f75c9e/datanode-0/data-0/containers/hdds
2023-09-07 04:50:13,050 [main] INFO  ozoneimpl.OzoneContainer (OzoneContainer.java:buildContainerSet(314)) - Build ContainerSet costs 0s
2023-09-07 04:50:13,054 [main] INFO  server.RaftServer (ConfUtils.java:logGet(46)) - raft.rpc.type = GRPC (default)
2023-09-07 04:50:13,054 [main] INFO  grpc.GrpcConfigKeys (ConfUtils.java:logFallback(53)) - raft.grpc.admin.host = null (fallback to raft.grpc.server.host)
2023-09-07 04:50:13,055 [main] INFO  grpc.GrpcConfigKeys (ConfUtils.java:logGet(46)) - raft.grpc.admin.port = 15066 (custom)
2023-09-07 04:50:13,055 [main] INFO  grpc.GrpcConfigKeys (ConfUtils.java:logFallback(53)) - raft.grpc.client.host = null (fallback to raft.grpc.server.host)
2023-09-07 04:50:13,055 [main] INFO  grpc.GrpcConfigKeys (ConfUtils.java:logGet(46)) - raft.grpc.client.port = 15065 (custom)
2023-09-07 04:50:13,055 [main] INFO  grpc.GrpcConfigKeys (ConfUtils.java:logGet(46)) - raft.grpc.server.host = null (default)
2023-09-07 04:50:13,055 [main] INFO  grpc.GrpcConfigKeys (ConfUtils.java:logGet(46)) - raft.grpc.server.port = 15067 (custom)
2023-09-07 04:50:13,055 [main] INFO  server.GrpcService (ConfUtils.java:logGet(46)) - raft.grpc.message.size.max = 32MB (=33554432) (custom)
2023-09-07 04:50:13,056 [main] INFO  server.RaftServerConfigKeys (ConfUtils.java:logGet(46)) - raft.server.log.appender.buffer.byte-limit = 33554432 (custom)
2023-09-07 04:50:13,056 [main] INFO  server.GrpcService (ConfUtils.java:logGet(46)) - raft.grpc.flow.control.window = 5MB (=5242880) (custom)
2023-09-07 04:50:13,056 [main] INFO  server.RaftServerConfigKeys (ConfUtils.java:logGet(46)) - raft.server.rpc.request.timeout = 60s (custom)
2023-09-07 04:50:13,056 [main] INFO  grpc.GrpcConfigKeys (ConfUtils.java:logGet(46)) - raft.grpc.server.heartbeat.channel = true (default)
2023-09-07 04:50:13,056 [main] INFO  grpc.GrpcConfigKeys (ConfUtils.java:logGet(46)) - raft.grpc.server.async.request.thread.pool.cached = true (default)
2023-09-07 04:50:13,056 [main] INFO  grpc.GrpcConfigKeys (ConfUtils.java:logGet(46)) - raft.grpc.server.async.request.thread.pool.size = 32 (default)
2023-09-07 04:50:13,064 [main] INFO  impl.DataStreamServerImpl (ConfUtils.java:logGet(46)) - raft.datastream.type = NETTY (custom)
2023-09-07 04:50:13,065 [main] INFO  server.RaftServerConfigKeys (ConfUtils.java:logGet(46)) - raft.server.data-stream.async.request.thread.pool.cached = false (default)
2023-09-07 04:50:13,065 [main] INFO  server.RaftServerConfigKeys (ConfUtils.java:logGet(46)) - raft.server.data-stream.async.request.thread.pool.size = 20 (custom)
2023-09-07 04:50:13,065 [main] INFO  server.RaftServerConfigKeys (ConfUtils.java:logGet(46)) - raft.server.data-stream.async.write.thread.pool.size = 16 (default)
2023-09-07 04:50:13,065 [main] INFO  server.RaftServerConfigKeys (ConfUtils.java:logGet(46)) - raft.server.data-stream.client.pool.size = 10 (default)
2023-09-07 04:50:13,065 [main] INFO  netty.NettyConfigKeys$DataStream (ConfUtils.java:logGet(46)) - raft.netty.dataStream.server.use-epoll = false (default)
2023-09-07 04:50:13,066 [main] INFO  netty.NettyConfigKeys$DataStream (ConfUtils.java:logGet(46)) - raft.netty.dataStream.server.boss-group.size = 0 (default)
2023-09-07 04:50:13,066 [main] INFO  netty.NettyConfigKeys$DataStream (ConfUtils.java:logGet(46)) - raft.netty.dataStream.server.worker-group.size = 0 (default)
2023-09-07 04:50:13,067 [main] INFO  netty.NettyConfigKeys$DataStream (ConfUtils.java:logGet(46)) - raft.netty.dataStream.server.tls.conf = null (default)
2023-09-07 04:50:13,067 [main] INFO  netty.NettyConfigKeys$DataStream (ConfUtils.java:logGet(46)) - raft.netty.dataStream.host = null (default)
2023-09-07 04:50:13,067 [main] INFO  netty.NettyConfigKeys$DataStream (ConfUtils.java:logGet(46)) - raft.netty.dataStream.port = 15068 (custom)
2023-09-07 04:50:13,068 [main] INFO  server.RaftServerConfigKeys (ConfUtils.java:logGet(46)) - raft.server.threadpool.proxy.cached = true (default)
2023-09-07 04:50:13,069 [main] INFO  server.RaftServerConfigKeys (ConfUtils.java:logGet(46)) - raft.server.threadpool.proxy.size = 0 (default)
2023-09-07 04:50:13,069 [main] INFO  server.RaftServerConfigKeys (ConfUtils.java:logGet(46)) - raft.server.rpc.slowness.timeout = 300s (custom)
2023-09-07 04:50:13,069 [main] INFO  server.RaftServerConfigKeys (ConfUtils.java:logGet(46)) - raft.server.leaderelection.leader.step-down.wait-time = 10s (default)
2023-09-07 04:50:13,070 [main] INFO  server.RaftServerConfigKeys (ConfUtils.java:logGet(46)) - raft.server.storage.dir = [/home/runner/work/ozone/ozone/hadoop-ozone/integration-test/target/test-dir/MiniOzoneClusterImpl-d344a044-c2aa-46c6-8971-a5e8f3f75c9e/datanode-0/data/ratis] (custom)
2023-09-07 04:50:13,070 [c689351a-c011-4280-903e-e1929abe1491-NettyServerStreamRpc-bossGroup--thread1] INFO  logging.LoggingHandler (AbstractInternalLogger.java:log(148)) - [id: 0xbbc44e37] REGISTERED
2023-09-07 04:50:13,070 [c689351a-c011-4280-903e-e1929abe1491-NettyServerStreamRpc-bossGroup--thread1] INFO  logging.LoggingHandler (AbstractInternalLogger.java:log(148)) - [id: 0xbbc44e37] BIND: 0.0.0.0/0.0.0.0:15068
2023-09-07 04:50:13,071 [c689351a-c011-4280-903e-e1929abe1491-impl-thread1] INFO  server.RaftServer (RaftServerProxy.java:initGroupDir(258)) - c689351a-c011-4280-903e-e1929abe1491: found a subdirectory /home/runner/work/ozone/ozone/hadoop-ozone/integration-test/target/test-dir/MiniOzoneClusterImpl-d344a044-c2aa-46c6-8971-a5e8f3f75c9e/datanode-0/data/ratis/tmp
2023-09-07 04:50:13,071 [c689351a-c011-4280-903e-e1929abe1491-impl-thread1] INFO  server.RaftServer (RaftServerProxy.java:initGroupDir(263)) - c689351a-c011-4280-903e-e1929abe1491: The directory /home/runner/work/ozone/ozone/hadoop-ozone/integration-test/target/test-dir/MiniOzoneClusterImpl-d344a044-c2aa-46c6-8971-a5e8f3f75c9e/datanode-0/data/ratis/tmp is not a group directory; ignoring it. 
2023-09-07 04:50:13,071 [c689351a-c011-4280-903e-e1929abe1491-NettyServerStreamRpc-bossGroup--thread1] INFO  logging.LoggingHandler (AbstractInternalLogger.java:log(148)) - [id: 0xbbc44e37, L:/0:0:0:0:0:0:0:0:15068] ACTIVE
2023-09-07 04:50:13,073 [main] INFO  replication.ReplicationServer (ReplicationServer.java:<init>(81)) - Initializing replication server with thread count = 10
2023-09-07 04:50:13,075 [main] INFO  server.XceiverServerGrpc (XceiverServerGrpc.java:<init>(132)) - GrpcServer channel type EpollServerSocketChannel
2023-09-07 04:50:13,079 [main] INFO  replication.ReplicationSupervisor (ReplicationSupervisor.java:build(155)) - Initializing replication supervisor with thread count = 10
2023-09-07 04:50:13,079 [main] INFO  replication.ReplicationSupervisor (ReplicationSupervisor.java:nodeStateUpdated(307)) - Node state updated to IN_SERVICE, scaling executor pool size to 10
2023-09-07 04:50:13,082 [main] INFO  http.BaseHttpServer (BaseHttpServer.java:newHttpServer2BuilderForOzone(223)) - Starting Web-server for hddsDatanode at: http://0.0.0.0:15062
2023-09-07 04:50:13,083 [main] INFO  http.BaseHttpServer (BaseHttpServer.java:<init>(110)) - Hadoop Security Enabled: false Ozone Security Enabled: false Ozone HTTP Security Enabled: false 
2023-09-07 04:50:13,084 [main] WARN  server.AuthenticationFilter (AuthenticationFilter.java:constructSecretProvider(240)) - Unable to initialize FileSignerSecretProvider, falling back to use random secrets. Reason: Could not read signature secret file: /home/runner/hadoop-http-auth-signature-secret
2023-09-07 04:50:13,086 [main] INFO  http.HttpRequestLog (HttpRequestLog.java:getRequestLog(86)) - Http request log for http.requests.hddsDatanode is not defined
2023-09-07 04:50:13,087 [main] INFO  http.HttpServer2 (HttpServer2.java:addGlobalFilter(1031)) - Added global filter 'safety' (class=org.apache.hadoop.hdds.server.http.HttpServer2$QuotingInputFilter)
2023-09-07 04:50:13,087 [main] INFO  http.HttpServer2 (HttpServer2.java:addFilter(1007)) - Added filter static_user_filter (class=org.apache.hadoop.http.lib.StaticUserWebFilter$StaticUserFilter) to context hddsDatanode
2023-09-07 04:50:13,088 [main] INFO  http.HttpServer2 (HttpServer2.java:addFilter(1015)) - Added filter static_user_filter (class=org.apache.hadoop.http.lib.StaticUserWebFilter$StaticUserFilter) to context logs
2023-09-07 04:50:13,088 [main] INFO  http.HttpServer2 (HttpServer2.java:addFilter(1015)) - Added filter static_user_filter (class=org.apache.hadoop.http.lib.StaticUserWebFilter$StaticUserFilter) to context static
2023-09-07 04:50:13,088 [main] INFO  http.BaseHttpServer (BaseHttpServer.java:<init>(189)) - HTTP server of hddsDatanode uses base directory /home/runner/work/ozone/ozone/hadoop-ozone/integration-test/target/test-dir/MiniOzoneClusterImpl-d344a044-c2aa-46c6-8971-a5e8f3f75c9e/datanode-0/meta/webserver
2023-09-07 04:50:13,089 [main] INFO  http.HttpServer2 (HttpServer2.java:bindListener(1231)) - Jetty bound to port 15062
2023-09-07 04:50:13,089 [main] INFO  server.Server (Server.java:doStart(375)) - jetty-9.4.51.v20230217; built: 2023-02-17T08:19:37.309Z; git: b45c405e4544384de066f814ed42ae3dceacdd49; jvm 1.8.0_382-b05
2023-09-07 04:50:13,090 [main] INFO  server.session (DefaultSessionIdManager.java:doStart(334)) - DefaultSessionIdManager workerName=node0
2023-09-07 04:50:13,090 [main] INFO  server.session (DefaultSessionIdManager.java:doStart(339)) - No SessionScavenger set, using defaults
2023-09-07 04:50:13,091 [main] INFO  server.session (HouseKeeper.java:startScavenging(132)) - node0 Scavenging every 600000ms
2023-09-07 04:50:13,091 [main] INFO  handler.ContextHandler (ContextHandler.java:doStart(921)) - Started o.e.j.s.ServletContextHandler@c335f37{logs,/logs,file:///home/runner/work/ozone/ozone/hadoop-ozone/integration-test/target/log,AVAILABLE}
2023-09-07 04:50:13,092 [main] INFO  handler.ContextHandler (ContextHandler.java:doStart(921)) - Started o.e.j.s.ServletContextHandler@9424a9e{static,/static,jar:file:/home/runner/.m2/repository/org/apache/ozone/hdds-container-service/1.4.0-SNAPSHOT/hdds-container-service-1.4.0-SNAPSHOT.jar!/webapps/static,AVAILABLE}
2023-09-07 04:50:13,355 [main] INFO  handler.ContextHandler (ContextHandler.java:doStart(921)) - Started o.e.j.w.WebAppContext@33518754{hddsDatanode,/,file:///home/runner/work/ozone/ozone/hadoop-ozone/integration-test/target/test-dir/MiniOzoneClusterImpl-d344a044-c2aa-46c6-8971-a5e8f3f75c9e/datanode-0/meta/webserver/jetty-0_0_0_0-15062-hdds-container-service-1_4_0-SNAPSHOT_jar-_-any-1795349881580834026/webapp/,AVAILABLE}{jar:file:/home/runner/.m2/repository/org/apache/ozone/hdds-container-service/1.4.0-SNAPSHOT/hdds-container-service-1.4.0-SNAPSHOT.jar!/webapps/hddsDatanode}
2023-09-07 04:50:13,357 [main] INFO  server.AbstractConnector (AbstractConnector.java:doStart(333)) - Started ServerConnector@55791543{HTTP/1.1, (http/1.1)}{0.0.0.0:15062}
2023-09-07 04:50:13,357 [main] INFO  server.Server (Server.java:doStart(415)) - Started @129420ms
2023-09-07 04:50:13,357 [main] WARN  impl.MetricsSystemImpl (MetricsSystemImpl.java:register(279)) - Sink prometheus already exists!
2023-09-07 04:50:13,359 [main] INFO  http.BaseHttpServer (BaseHttpServer.java:updateConnectorAddress(354)) - HTTP server of hddsDatanode listening at http://0.0.0.0:15062
2023-09-07 04:50:13,359 [main] INFO  ipc.CallQueueManager (CallQueueManager.java:<init>(90)) - Using callQueue: class java.util.concurrent.LinkedBlockingQueue, queueCapacity: 100, scheduler: class org.apache.hadoop.ipc.DefaultRpcScheduler, ipcBackoff: false.
2023-09-07 04:50:13,359 [main] INFO  ipc.Server (Server.java:<init>(1287)) - Listener at 0.0.0.0:15063
2023-09-07 04:50:13,360 [Socket Reader #1 for port 15063] INFO  ipc.Server (Server.java:run(1323)) - Starting Socket Reader #1 for port 15063
2023-09-07 04:50:13,362 [main] INFO  ozone.HddsDatanodeService (HddsDatanodeService.java:start(315)) - Datanode start with admins: [runner]
2023-09-07 04:50:13,362 [main] INFO  ozone.HddsDatanodeClientProtocolServer (HddsDatanodeClientProtocolServer.java:start(72)) - RPC server for Client /0.0.0.0:15063
2023-09-07 04:50:13,363 [IPC Server Responder] INFO  ipc.Server (Server.java:run(1562)) - IPC Server Responder: starting
2023-09-07 04:50:13,363 [IPC Server listener on 15063] INFO  ipc.Server (Server.java:run(1402)) - IPC Server listener on 15063: starting
2023-09-07 04:50:13,363 [main] WARN  impl.MetricRegistriesImpl (MetricRegistriesImpl.java:addReporterRegistration(111)) - New reporters are added after registries were created. Some metrics will be missing from the reporter. Please add reporter before adding any new registry.
2023-09-07 04:50:13,363 [main] WARN  impl.MetricRegistriesImpl (MetricRegistriesImpl.java:addReporterRegistration(111)) - New reporters are added after registries were created. Some metrics will be missing from the reporter. Please add reporter before adding any new registry.
2023-09-07 04:50:13,364 [main] INFO  impl.MetricsSystemImpl (MetricsSystemImpl.java:init(158)) - HddsDatanode metrics system started (again)
2023-09-07 04:50:13,370 [Datanode State Machine Daemon Thread] INFO  statemachine.DatanodeStateMachine (DatanodeStateMachine.java:lambda$startDaemon$0(538)) - Ozone container server started.
2023-09-07 04:50:13,388 [Datanode State Machine Task Thread - 0] INFO  datanode.InitDatanodeState (InitDatanodeState.java:persistContainerDatanodeDetails(138)) - DatanodeDetails is persisted to /home/runner/work/ozone/ozone/hadoop-ozone/integration-test/target/test-dir/MiniOzoneClusterImpl-d344a044-c2aa-46c6-8971-a5e8f3f75c9e/datanode-0/meta/datanode.id
2023-09-07 04:50:13,389 [main] INFO  ozone.HddsDatanodeService (HddsDatanodeService.java:start(237)) - HddsDatanodeService host:fv-az163-854.ksqkok1cighebdh5ckq0wc3qdf.dx.internal.cloudapp.net ip:10.1.0.9
2023-09-07 04:50:13,423 [main] INFO  upgrade.AbstractLayoutVersionManager (AbstractLayoutVersionManager.java:init(83)) - Initializing Layout version manager with metadata layout = HADOOP_PRC_PORTS_IN_DATANODEDETAILS (version = 7), software layout = HADOOP_PRC_PORTS_IN_DATANODEDETAILS (version = 7)
2023-09-07 04:50:13,424 [main] INFO  statemachine.DatanodeStateMachine (DatanodeStateMachine.java:getEndPointTaskThreadPoolSize(282)) - Datanode State Machine Task Thread Pool size 2
2023-09-07 04:50:13,428 [main] INFO  volume.HddsVolume (HddsVolume.java:<init>(126)) - Creating HddsVolume: /home/runner/work/ozone/ozone/hadoop-ozone/integration-test/target/test-dir/MiniOzoneClusterImpl-d344a044-c2aa-46c6-8971-a5e8f3f75c9e/datanode-1/data-0/containers/hdds of storage type : DISK capacity : 9223372036854775807
2023-09-07 04:50:13,428 [main] INFO  volume.MutableVolumeSet (MutableVolumeSet.java:initializeVolumeSet(173)) - Added Volume : /home/runner/work/ozone/ozone/hadoop-ozone/integration-test/target/test-dir/MiniOzoneClusterImpl-d344a044-c2aa-46c6-8971-a5e8f3f75c9e/datanode-1/data-0/containers/hdds to VolumeSet
2023-09-07 04:50:13,429 [main] INFO  volume.MutableVolumeSet (MutableVolumeSet.java:initializeVolumeSet(173)) - Added Volume : /home/runner/work/ozone/ozone/hadoop-ozone/integration-test/target/test-dir/MiniOzoneClusterImpl-d344a044-c2aa-46c6-8971-a5e8f3f75c9e/datanode-1/data/ratis to VolumeSet
2023-09-07 04:50:13,430 [Thread-787] INFO  ozoneimpl.ContainerReader (ContainerReader.java:readVolume(177)) - Finish verifying containers on volume /home/runner/work/ozone/ozone/hadoop-ozone/integration-test/target/test-dir/MiniOzoneClusterImpl-d344a044-c2aa-46c6-8971-a5e8f3f75c9e/datanode-1/data-0/containers/hdds
2023-09-07 04:50:13,430 [main] INFO  ozoneimpl.OzoneContainer (OzoneContainer.java:buildContainerSet(314)) - Build ContainerSet costs 0s
2023-09-07 04:50:13,435 [main] INFO  server.RaftServer (ConfUtils.java:logGet(46)) - raft.rpc.type = GRPC (default)
2023-09-07 04:50:13,435 [main] INFO  grpc.GrpcConfigKeys (ConfUtils.java:logFallback(53)) - raft.grpc.admin.host = null (fallback to raft.grpc.server.host)
2023-09-07 04:50:13,436 [main] INFO  grpc.GrpcConfigKeys (ConfUtils.java:logGet(46)) - raft.grpc.admin.port = 15075 (custom)
2023-09-07 04:50:13,436 [main] INFO  grpc.GrpcConfigKeys (ConfUtils.java:logFallback(53)) - raft.grpc.client.host = null (fallback to raft.grpc.server.host)
2023-09-07 04:50:13,436 [main] INFO  grpc.GrpcConfigKeys (ConfUtils.java:logGet(46)) - raft.grpc.client.port = 15074 (custom)
2023-09-07 04:50:13,436 [main] INFO  grpc.GrpcConfigKeys (ConfUtils.java:logGet(46)) - raft.grpc.server.host = null (default)
2023-09-07 04:50:13,436 [main] INFO  grpc.GrpcConfigKeys (ConfUtils.java:logGet(46)) - raft.grpc.server.port = 15076 (custom)
2023-09-07 04:50:13,436 [main] INFO  server.GrpcService (ConfUtils.java:logGet(46)) - raft.grpc.message.size.max = 32MB (=33554432) (custom)
2023-09-07 04:50:13,437 [main] INFO  server.RaftServerConfigKeys (ConfUtils.java:logGet(46)) - raft.server.log.appender.buffer.byte-limit = 33554432 (custom)
2023-09-07 04:50:13,437 [main] INFO  server.GrpcService (ConfUtils.java:logGet(46)) - raft.grpc.flow.control.window = 5MB (=5242880) (custom)
2023-09-07 04:50:13,437 [main] INFO  server.RaftServerConfigKeys (ConfUtils.java:logGet(46)) - raft.server.rpc.request.timeout = 60s (custom)
2023-09-07 04:50:13,437 [main] INFO  grpc.GrpcConfigKeys (ConfUtils.java:logGet(46)) - raft.grpc.server.heartbeat.channel = true (default)
2023-09-07 04:50:13,437 [main] INFO  grpc.GrpcConfigKeys (ConfUtils.java:logGet(46)) - raft.grpc.server.async.request.thread.pool.cached = true (default)
2023-09-07 04:50:13,437 [main] INFO  grpc.GrpcConfigKeys (ConfUtils.java:logGet(46)) - raft.grpc.server.async.request.thread.pool.size = 32 (default)
2023-09-07 04:50:13,440 [main] INFO  impl.DataStreamServerImpl (ConfUtils.java:logGet(46)) - raft.datastream.type = NETTY (custom)
2023-09-07 04:50:13,441 [main] INFO  server.RaftServerConfigKeys (ConfUtils.java:logGet(46)) - raft.server.data-stream.async.request.thread.pool.cached = false (default)
2023-09-07 04:50:13,441 [main] INFO  server.RaftServerConfigKeys (ConfUtils.java:logGet(46)) - raft.server.data-stream.async.request.thread.pool.size = 20 (custom)
2023-09-07 04:50:13,441 [main] INFO  server.RaftServerConfigKeys (ConfUtils.java:logGet(46)) - raft.server.data-stream.async.write.thread.pool.size = 16 (default)
2023-09-07 04:50:13,441 [main] INFO  server.RaftServerConfigKeys (ConfUtils.java:logGet(46)) - raft.server.data-stream.client.pool.size = 10 (default)
2023-09-07 04:50:13,441 [main] INFO  netty.NettyConfigKeys$DataStream (ConfUtils.java:logGet(46)) - raft.netty.dataStream.server.use-epoll = false (default)
2023-09-07 04:50:13,442 [main] INFO  netty.NettyConfigKeys$DataStream (ConfUtils.java:logGet(46)) - raft.netty.dataStream.server.boss-group.size = 0 (default)
2023-09-07 04:50:13,442 [main] INFO  netty.NettyConfigKeys$DataStream (ConfUtils.java:logGet(46)) - raft.netty.dataStream.server.worker-group.size = 0 (default)
2023-09-07 04:50:13,443 [main] INFO  netty.NettyConfigKeys$DataStream (ConfUtils.java:logGet(46)) - raft.netty.dataStream.server.tls.conf = null (default)
2023-09-07 04:50:13,443 [main] INFO  netty.NettyConfigKeys$DataStream (ConfUtils.java:logGet(46)) - raft.netty.dataStream.host = null (default)
2023-09-07 04:50:13,443 [main] INFO  netty.NettyConfigKeys$DataStream (ConfUtils.java:logGet(46)) - raft.netty.dataStream.port = 15077 (custom)
2023-09-07 04:50:13,444 [main] INFO  server.RaftServerConfigKeys (ConfUtils.java:logGet(46)) - raft.server.threadpool.proxy.cached = true (default)
2023-09-07 04:50:13,444 [main] INFO  server.RaftServerConfigKeys (ConfUtils.java:logGet(46)) - raft.server.threadpool.proxy.size = 0 (default)
2023-09-07 04:50:13,444 [main] INFO  server.RaftServerConfigKeys (ConfUtils.java:logGet(46)) - raft.server.rpc.slowness.timeout = 300s (custom)
2023-09-07 04:50:13,444 [main] INFO  server.RaftServerConfigKeys (ConfUtils.java:logGet(46)) - raft.server.leaderelection.leader.step-down.wait-time = 10s (default)
2023-09-07 04:50:13,444 [main] INFO  server.RaftServerConfigKeys (ConfUtils.java:logGet(46)) - raft.server.storage.dir = [/home/runner/work/ozone/ozone/hadoop-ozone/integration-test/target/test-dir/MiniOzoneClusterImpl-d344a044-c2aa-46c6-8971-a5e8f3f75c9e/datanode-1/data/ratis] (custom)
2023-09-07 04:50:13,448 [9f849854-0b93-4d35-a4d9-b273905b7e1f-NettyServerStreamRpc-bossGroup--thread1] INFO  logging.LoggingHandler (AbstractInternalLogger.java:log(148)) - [id: 0xdf0efa6a] REGISTERED
2023-09-07 04:50:13,448 [9f849854-0b93-4d35-a4d9-b273905b7e1f-NettyServerStreamRpc-bossGroup--thread1] INFO  logging.LoggingHandler (AbstractInternalLogger.java:log(148)) - [id: 0xdf0efa6a] BIND: 0.0.0.0/0.0.0.0:15077
2023-09-07 04:50:13,448 [9f849854-0b93-4d35-a4d9-b273905b7e1f-NettyServerStreamRpc-bossGroup--thread1] INFO  logging.LoggingHandler (AbstractInternalLogger.java:log(148)) - [id: 0xdf0efa6a, L:/0:0:0:0:0:0:0:0:15077] ACTIVE
2023-09-07 04:50:13,448 [9f849854-0b93-4d35-a4d9-b273905b7e1f-impl-thread1] INFO  server.RaftServer (RaftServerProxy.java:initGroupDir(258)) - 9f849854-0b93-4d35-a4d9-b273905b7e1f: found a subdirectory /home/runner/work/ozone/ozone/hadoop-ozone/integration-test/target/test-dir/MiniOzoneClusterImpl-d344a044-c2aa-46c6-8971-a5e8f3f75c9e/datanode-1/data/ratis/tmp
2023-09-07 04:50:13,448 [9f849854-0b93-4d35-a4d9-b273905b7e1f-impl-thread1] INFO  server.RaftServer (RaftServerProxy.java:initGroupDir(263)) - 9f849854-0b93-4d35-a4d9-b273905b7e1f: The directory /home/runner/work/ozone/ozone/hadoop-ozone/integration-test/target/test-dir/MiniOzoneClusterImpl-d344a044-c2aa-46c6-8971-a5e8f3f75c9e/datanode-1/data/ratis/tmp is not a group directory; ignoring it. 
2023-09-07 04:50:13,449 [main] INFO  replication.ReplicationServer (ReplicationServer.java:<init>(81)) - Initializing replication server with thread count = 10
2023-09-07 04:50:13,450 [main] INFO  server.XceiverServerGrpc (XceiverServerGrpc.java:<init>(132)) - GrpcServer channel type EpollServerSocketChannel
2023-09-07 04:50:13,453 [main] INFO  replication.ReplicationSupervisor (ReplicationSupervisor.java:build(155)) - Initializing replication supervisor with thread count = 10
2023-09-07 04:50:13,453 [main] INFO  replication.ReplicationSupervisor (ReplicationSupervisor.java:nodeStateUpdated(307)) - Node state updated to IN_SERVICE, scaling executor pool size to 10
2023-09-07 04:50:13,459 [main] INFO  http.BaseHttpServer (BaseHttpServer.java:newHttpServer2BuilderForOzone(223)) - Starting Web-server for hddsDatanode at: http://0.0.0.0:15071
2023-09-07 04:50:13,459 [main] INFO  http.BaseHttpServer (BaseHttpServer.java:<init>(110)) - Hadoop Security Enabled: false Ozone Security Enabled: false Ozone HTTP Security Enabled: false 
2023-09-07 04:50:13,461 [main] WARN  server.AuthenticationFilter (AuthenticationFilter.java:constructSecretProvider(240)) - Unable to initialize FileSignerSecretProvider, falling back to use random secrets. Reason: Could not read signature secret file: /home/runner/hadoop-http-auth-signature-secret
2023-09-07 04:50:13,462 [main] INFO  http.HttpRequestLog (HttpRequestLog.java:getRequestLog(86)) - Http request log for http.requests.hddsDatanode is not defined
2023-09-07 04:50:13,464 [main] INFO  http.HttpServer2 (HttpServer2.java:addGlobalFilter(1031)) - Added global filter 'safety' (class=org.apache.hadoop.hdds.server.http.HttpServer2$QuotingInputFilter)
2023-09-07 04:50:13,465 [main] INFO  http.HttpServer2 (HttpServer2.java:addFilter(1007)) - Added filter static_user_filter (class=org.apache.hadoop.http.lib.StaticUserWebFilter$StaticUserFilter) to context hddsDatanode
2023-09-07 04:50:13,465 [main] INFO  http.HttpServer2 (HttpServer2.java:addFilter(1015)) - Added filter static_user_filter (class=org.apache.hadoop.http.lib.StaticUserWebFilter$StaticUserFilter) to context logs
2023-09-07 04:50:13,465 [main] INFO  http.HttpServer2 (HttpServer2.java:addFilter(1015)) - Added filter static_user_filter (class=org.apache.hadoop.http.lib.StaticUserWebFilter$StaticUserFilter) to context static
2023-09-07 04:50:13,468 [main] INFO  http.BaseHttpServer (BaseHttpServer.java:<init>(189)) - HTTP server of hddsDatanode uses base directory /home/runner/work/ozone/ozone/hadoop-ozone/integration-test/target/test-dir/MiniOzoneClusterImpl-d344a044-c2aa-46c6-8971-a5e8f3f75c9e/datanode-1/meta/webserver
2023-09-07 04:50:13,468 [main] INFO  http.HttpServer2 (HttpServer2.java:bindListener(1231)) - Jetty bound to port 15071
2023-09-07 04:50:13,468 [main] INFO  server.Server (Server.java:doStart(375)) - jetty-9.4.51.v20230217; built: 2023-02-17T08:19:37.309Z; git: b45c405e4544384de066f814ed42ae3dceacdd49; jvm 1.8.0_382-b05
2023-09-07 04:50:13,472 [main] INFO  server.session (DefaultSessionIdManager.java:doStart(334)) - DefaultSessionIdManager workerName=node0
2023-09-07 04:50:13,472 [main] INFO  server.session (DefaultSessionIdManager.java:doStart(339)) - No SessionScavenger set, using defaults
2023-09-07 04:50:13,472 [main] INFO  server.session (HouseKeeper.java:startScavenging(132)) - node0 Scavenging every 660000ms
2023-09-07 04:50:13,473 [main] INFO  handler.ContextHandler (ContextHandler.java:doStart(921)) - Started o.e.j.s.ServletContextHandler@777777f2{logs,/logs,file:///home/runner/work/ozone/ozone/hadoop-ozone/integration-test/target/log,AVAILABLE}
2023-09-07 04:50:13,474 [main] INFO  handler.ContextHandler (ContextHandler.java:doStart(921)) - Started o.e.j.s.ServletContextHandler@7bec1342{static,/static,jar:file:/home/runner/.m2/repository/org/apache/ozone/hdds-container-service/1.4.0-SNAPSHOT/hdds-container-service-1.4.0-SNAPSHOT.jar!/webapps/static,AVAILABLE}
2023-09-07 04:50:13,735 [main] INFO  handler.ContextHandler (ContextHandler.java:doStart(921)) - Started o.e.j.w.WebAppContext@5737d839{hddsDatanode,/,file:///home/runner/work/ozone/ozone/hadoop-ozone/integration-test/target/test-dir/MiniOzoneClusterImpl-d344a044-c2aa-46c6-8971-a5e8f3f75c9e/datanode-1/meta/webserver/jetty-0_0_0_0-15071-hdds-container-service-1_4_0-SNAPSHOT_jar-_-any-3522298436107195320/webapp/,AVAILABLE}{jar:file:/home/runner/.m2/repository/org/apache/ozone/hdds-container-service/1.4.0-SNAPSHOT/hdds-container-service-1.4.0-SNAPSHOT.jar!/webapps/hddsDatanode}
2023-09-07 04:50:13,738 [main] INFO  server.AbstractConnector (AbstractConnector.java:doStart(333)) - Started ServerConnector@678e8bf2{HTTP/1.1, (http/1.1)}{0.0.0.0:15071}
2023-09-07 04:50:13,738 [main] INFO  server.Server (Server.java:doStart(415)) - Started @129800ms
2023-09-07 04:50:13,738 [main] WARN  impl.MetricsSystemImpl (MetricsSystemImpl.java:register(279)) - Sink prometheus already exists!
2023-09-07 04:50:13,739 [main] INFO  http.BaseHttpServer (BaseHttpServer.java:updateConnectorAddress(354)) - HTTP server of hddsDatanode listening at http://0.0.0.0:15071
2023-09-07 04:50:13,739 [main] INFO  ipc.CallQueueManager (CallQueueManager.java:<init>(90)) - Using callQueue: class java.util.concurrent.LinkedBlockingQueue, queueCapacity: 100, scheduler: class org.apache.hadoop.ipc.DefaultRpcScheduler, ipcBackoff: false.
2023-09-07 04:50:13,739 [main] INFO  ipc.Server (Server.java:<init>(1287)) - Listener at 0.0.0.0:15072
2023-09-07 04:50:13,741 [Socket Reader #1 for port 15072] INFO  ipc.Server (Server.java:run(1323)) - Starting Socket Reader #1 for port 15072
2023-09-07 04:50:13,743 [main] INFO  ozone.HddsDatanodeService (HddsDatanodeService.java:start(315)) - Datanode start with admins: [runner]
2023-09-07 04:50:13,744 [main] INFO  ozone.HddsDatanodeClientProtocolServer (HddsDatanodeClientProtocolServer.java:start(72)) - RPC server for Client /0.0.0.0:15072
2023-09-07 04:50:13,744 [IPC Server Responder] INFO  ipc.Server (Server.java:run(1562)) - IPC Server Responder: starting
2023-09-07 04:50:13,750 [main] WARN  impl.MetricRegistriesImpl (MetricRegistriesImpl.java:addReporterRegistration(111)) - New reporters are added after registries were created. Some metrics will be missing from the reporter. Please add reporter before adding any new registry.
2023-09-07 04:50:13,750 [main] WARN  impl.MetricRegistriesImpl (MetricRegistriesImpl.java:addReporterRegistration(111)) - New reporters are added after registries were created. Some metrics will be missing from the reporter. Please add reporter before adding any new registry.
2023-09-07 04:50:13,750 [main] INFO  impl.MetricsSystemImpl (MetricsSystemImpl.java:init(158)) - HddsDatanode metrics system started (again)
2023-09-07 04:50:13,753 [Datanode State Machine Daemon Thread] INFO  statemachine.DatanodeStateMachine (DatanodeStateMachine.java:lambda$startDaemon$0(538)) - Ozone container server started.
2023-09-07 04:50:13,756 [IPC Server listener on 15072] INFO  ipc.Server (Server.java:run(1402)) - IPC Server listener on 15072: starting
2023-09-07 04:50:13,773 [main] INFO  ozone.HddsDatanodeService (HddsDatanodeService.java:start(237)) - HddsDatanodeService host:fv-az163-854.ksqkok1cighebdh5ckq0wc3qdf.dx.internal.cloudapp.net ip:10.1.0.9
2023-09-07 04:50:13,781 [Datanode State Machine Task Thread - 0] INFO  datanode.InitDatanodeState (InitDatanodeState.java:persistContainerDatanodeDetails(138)) - DatanodeDetails is persisted to /home/runner/work/ozone/ozone/hadoop-ozone/integration-test/target/test-dir/MiniOzoneClusterImpl-d344a044-c2aa-46c6-8971-a5e8f3f75c9e/datanode-1/meta/datanode.id
2023-09-07 04:50:13,807 [main] INFO  upgrade.AbstractLayoutVersionManager (AbstractLayoutVersionManager.java:init(83)) - Initializing Layout version manager with metadata layout = HADOOP_PRC_PORTS_IN_DATANODEDETAILS (version = 7), software layout = HADOOP_PRC_PORTS_IN_DATANODEDETAILS (version = 7)
2023-09-07 04:50:13,810 [main] INFO  statemachine.DatanodeStateMachine (DatanodeStateMachine.java:getEndPointTaskThreadPoolSize(282)) - Datanode State Machine Task Thread Pool size 2
2023-09-07 04:50:13,815 [main] INFO  volume.HddsVolume (HddsVolume.java:<init>(126)) - Creating HddsVolume: /home/runner/work/ozone/ozone/hadoop-ozone/integration-test/target/test-dir/MiniOzoneClusterImpl-d344a044-c2aa-46c6-8971-a5e8f3f75c9e/datanode-2/data-0/containers/hdds of storage type : DISK capacity : 9223372036854775807
2023-09-07 04:50:13,817 [main] INFO  volume.MutableVolumeSet (MutableVolumeSet.java:initializeVolumeSet(173)) - Added Volume : /home/runner/work/ozone/ozone/hadoop-ozone/integration-test/target/test-dir/MiniOzoneClusterImpl-d344a044-c2aa-46c6-8971-a5e8f3f75c9e/datanode-2/data-0/containers/hdds to VolumeSet
2023-09-07 04:50:13,820 [main] INFO  volume.MutableVolumeSet (MutableVolumeSet.java:initializeVolumeSet(173)) - Added Volume : /home/runner/work/ozone/ozone/hadoop-ozone/integration-test/target/test-dir/MiniOzoneClusterImpl-d344a044-c2aa-46c6-8971-a5e8f3f75c9e/datanode-2/data/ratis to VolumeSet
2023-09-07 04:50:13,826 [Thread-804] INFO  ozoneimpl.ContainerReader (ContainerReader.java:readVolume(177)) - Finish verifying containers on volume /home/runner/work/ozone/ozone/hadoop-ozone/integration-test/target/test-dir/MiniOzoneClusterImpl-d344a044-c2aa-46c6-8971-a5e8f3f75c9e/datanode-2/data-0/containers/hdds
2023-09-07 04:50:13,826 [main] INFO  ozoneimpl.OzoneContainer (OzoneContainer.java:buildContainerSet(314)) - Build ContainerSet costs 0s
2023-09-07 04:50:13,831 [main] INFO  server.RaftServer (ConfUtils.java:logGet(46)) - raft.rpc.type = GRPC (default)
2023-09-07 04:50:13,831 [main] INFO  grpc.GrpcConfigKeys (ConfUtils.java:logFallback(53)) - raft.grpc.admin.host = null (fallback to raft.grpc.server.host)
2023-09-07 04:50:13,831 [main] INFO  grpc.GrpcConfigKeys (ConfUtils.java:logGet(46)) - raft.grpc.admin.port = 15084 (custom)
2023-09-07 04:50:13,832 [main] INFO  grpc.GrpcConfigKeys (ConfUtils.java:logFallback(53)) - raft.grpc.client.host = null (fallback to raft.grpc.server.host)
2023-09-07 04:50:13,832 [main] INFO  grpc.GrpcConfigKeys (ConfUtils.java:logGet(46)) - raft.grpc.client.port = 15083 (custom)
2023-09-07 04:50:13,832 [main] INFO  grpc.GrpcConfigKeys (ConfUtils.java:logGet(46)) - raft.grpc.server.host = null (default)
2023-09-07 04:50:13,832 [main] INFO  grpc.GrpcConfigKeys (ConfUtils.java:logGet(46)) - raft.grpc.server.port = 15085 (custom)
2023-09-07 04:50:13,832 [main] INFO  server.GrpcService (ConfUtils.java:logGet(46)) - raft.grpc.message.size.max = 32MB (=33554432) (custom)
2023-09-07 04:50:13,833 [main] INFO  server.RaftServerConfigKeys (ConfUtils.java:logGet(46)) - raft.server.log.appender.buffer.byte-limit = 33554432 (custom)
2023-09-07 04:50:13,833 [main] INFO  server.GrpcService (ConfUtils.java:logGet(46)) - raft.grpc.flow.control.window = 5MB (=5242880) (custom)
2023-09-07 04:50:13,833 [main] INFO  server.RaftServerConfigKeys (ConfUtils.java:logGet(46)) - raft.server.rpc.request.timeout = 60s (custom)
2023-09-07 04:50:13,833 [main] INFO  grpc.GrpcConfigKeys (ConfUtils.java:logGet(46)) - raft.grpc.server.heartbeat.channel = true (default)
2023-09-07 04:50:13,833 [main] INFO  grpc.GrpcConfigKeys (ConfUtils.java:logGet(46)) - raft.grpc.server.async.request.thread.pool.cached = true (default)
2023-09-07 04:50:13,834 [main] INFO  grpc.GrpcConfigKeys (ConfUtils.java:logGet(46)) - raft.grpc.server.async.request.thread.pool.size = 32 (default)
2023-09-07 04:50:13,838 [main] INFO  impl.DataStreamServerImpl (ConfUtils.java:logGet(46)) - raft.datastream.type = NETTY (custom)
2023-09-07 04:50:13,838 [main] INFO  server.RaftServerConfigKeys (ConfUtils.java:logGet(46)) - raft.server.data-stream.async.request.thread.pool.cached = false (default)
2023-09-07 04:50:13,838 [main] INFO  server.RaftServerConfigKeys (ConfUtils.java:logGet(46)) - raft.server.data-stream.async.request.thread.pool.size = 20 (custom)
2023-09-07 04:50:13,839 [main] INFO  server.RaftServerConfigKeys (ConfUtils.java:logGet(46)) - raft.server.data-stream.async.write.thread.pool.size = 16 (default)
2023-09-07 04:50:13,839 [main] INFO  server.RaftServerConfigKeys (ConfUtils.java:logGet(46)) - raft.server.data-stream.client.pool.size = 10 (default)
2023-09-07 04:50:13,839 [main] INFO  netty.NettyConfigKeys$DataStream (ConfUtils.java:logGet(46)) - raft.netty.dataStream.server.use-epoll = false (default)
2023-09-07 04:50:13,839 [main] INFO  netty.NettyConfigKeys$DataStream (ConfUtils.java:logGet(46)) - raft.netty.dataStream.server.boss-group.size = 0 (default)
2023-09-07 04:50:13,840 [main] INFO  netty.NettyConfigKeys$DataStream (ConfUtils.java:logGet(46)) - raft.netty.dataStream.server.worker-group.size = 0 (default)
2023-09-07 04:50:13,840 [main] INFO  netty.NettyConfigKeys$DataStream (ConfUtils.java:logGet(46)) - raft.netty.dataStream.server.tls.conf = null (default)
2023-09-07 04:50:13,840 [main] INFO  netty.NettyConfigKeys$DataStream (ConfUtils.java:logGet(46)) - raft.netty.dataStream.host = null (default)
2023-09-07 04:50:13,841 [main] INFO  netty.NettyConfigKeys$DataStream (ConfUtils.java:logGet(46)) - raft.netty.dataStream.port = 15086 (custom)
2023-09-07 04:50:13,845 [main] INFO  server.RaftServerConfigKeys (ConfUtils.java:logGet(46)) - raft.server.threadpool.proxy.cached = true (default)
2023-09-07 04:50:13,845 [main] INFO  server.RaftServerConfigKeys (ConfUtils.java:logGet(46)) - raft.server.threadpool.proxy.size = 0 (default)
2023-09-07 04:50:13,845 [main] INFO  server.RaftServerConfigKeys (ConfUtils.java:logGet(46)) - raft.server.rpc.slowness.timeout = 300s (custom)
2023-09-07 04:50:13,846 [main] INFO  server.RaftServerConfigKeys (ConfUtils.java:logGet(46)) - raft.server.leaderelection.leader.step-down.wait-time = 10s (default)
2023-09-07 04:50:13,846 [main] INFO  server.RaftServerConfigKeys (ConfUtils.java:logGet(46)) - raft.server.storage.dir = [/home/runner/work/ozone/ozone/hadoop-ozone/integration-test/target/test-dir/MiniOzoneClusterImpl-d344a044-c2aa-46c6-8971-a5e8f3f75c9e/datanode-2/data/ratis] (custom)
2023-09-07 04:50:13,848 [8fe090c8-98a3-4c2e-b58d-35f0bbae16bb-impl-thread1] INFO  server.RaftServer (RaftServerProxy.java:initGroupDir(258)) - 8fe090c8-98a3-4c2e-b58d-35f0bbae16bb: found a subdirectory /home/runner/work/ozone/ozone/hadoop-ozone/integration-test/target/test-dir/MiniOzoneClusterImpl-d344a044-c2aa-46c6-8971-a5e8f3f75c9e/datanode-2/data/ratis/tmp
2023-09-07 04:50:13,848 [8fe090c8-98a3-4c2e-b58d-35f0bbae16bb-NettyServerStreamRpc-bossGroup--thread1] INFO  logging.LoggingHandler (AbstractInternalLogger.java:log(148)) - [id: 0xbb9de33f] REGISTERED
2023-09-07 04:50:13,848 [8fe090c8-98a3-4c2e-b58d-35f0bbae16bb-impl-thread1] INFO  server.RaftServer (RaftServerProxy.java:initGroupDir(263)) - 8fe090c8-98a3-4c2e-b58d-35f0bbae16bb: The directory /home/runner/work/ozone/ozone/hadoop-ozone/integration-test/target/test-dir/MiniOzoneClusterImpl-d344a044-c2aa-46c6-8971-a5e8f3f75c9e/datanode-2/data/ratis/tmp is not a group directory; ignoring it. 
2023-09-07 04:50:13,848 [8fe090c8-98a3-4c2e-b58d-35f0bbae16bb-NettyServerStreamRpc-bossGroup--thread1] INFO  logging.LoggingHandler (AbstractInternalLogger.java:log(148)) - [id: 0xbb9de33f] BIND: 0.0.0.0/0.0.0.0:15086
2023-09-07 04:50:13,848 [8fe090c8-98a3-4c2e-b58d-35f0bbae16bb-NettyServerStreamRpc-bossGroup--thread1] INFO  logging.LoggingHandler (AbstractInternalLogger.java:log(148)) - [id: 0xbb9de33f, L:/0:0:0:0:0:0:0:0:15086] ACTIVE
2023-09-07 04:50:13,848 [main] INFO  replication.ReplicationServer (ReplicationServer.java:<init>(81)) - Initializing replication server with thread count = 10
2023-09-07 04:50:13,850 [main] INFO  server.XceiverServerGrpc (XceiverServerGrpc.java:<init>(132)) - GrpcServer channel type EpollServerSocketChannel
2023-09-07 04:50:13,857 [main] INFO  replication.ReplicationSupervisor (ReplicationSupervisor.java:build(155)) - Initializing replication supervisor with thread count = 10
2023-09-07 04:50:13,858 [main] INFO  replication.ReplicationSupervisor (ReplicationSupervisor.java:nodeStateUpdated(307)) - Node state updated to IN_SERVICE, scaling executor pool size to 10
2023-09-07 04:50:13,871 [main] INFO  http.BaseHttpServer (BaseHttpServer.java:newHttpServer2BuilderForOzone(223)) - Starting Web-server for hddsDatanode at: http://0.0.0.0:15080
2023-09-07 04:50:13,871 [main] INFO  http.BaseHttpServer (BaseHttpServer.java:<init>(110)) - Hadoop Security Enabled: false Ozone Security Enabled: false Ozone HTTP Security Enabled: false 
2023-09-07 04:50:13,873 [main] WARN  server.AuthenticationFilter (AuthenticationFilter.java:constructSecretProvider(240)) - Unable to initialize FileSignerSecretProvider, falling back to use random secrets. Reason: Could not read signature secret file: /home/runner/hadoop-http-auth-signature-secret
2023-09-07 04:50:13,874 [main] INFO  http.HttpRequestLog (HttpRequestLog.java:getRequestLog(86)) - Http request log for http.requests.hddsDatanode is not defined
2023-09-07 04:50:13,875 [main] INFO  http.HttpServer2 (HttpServer2.java:addGlobalFilter(1031)) - Added global filter 'safety' (class=org.apache.hadoop.hdds.server.http.HttpServer2$QuotingInputFilter)
2023-09-07 04:50:13,876 [main] INFO  http.HttpServer2 (HttpServer2.java:addFilter(1007)) - Added filter static_user_filter (class=org.apache.hadoop.http.lib.StaticUserWebFilter$StaticUserFilter) to context hddsDatanode
2023-09-07 04:50:13,876 [main] INFO  http.HttpServer2 (HttpServer2.java:addFilter(1015)) - Added filter static_user_filter (class=org.apache.hadoop.http.lib.StaticUserWebFilter$StaticUserFilter) to context static
2023-09-07 04:50:13,876 [main] INFO  http.HttpServer2 (HttpServer2.java:addFilter(1015)) - Added filter static_user_filter (class=org.apache.hadoop.http.lib.StaticUserWebFilter$StaticUserFilter) to context logs
2023-09-07 04:50:13,877 [main] INFO  http.BaseHttpServer (BaseHttpServer.java:<init>(189)) - HTTP server of hddsDatanode uses base directory /home/runner/work/ozone/ozone/hadoop-ozone/integration-test/target/test-dir/MiniOzoneClusterImpl-d344a044-c2aa-46c6-8971-a5e8f3f75c9e/datanode-2/meta/webserver
2023-09-07 04:50:13,877 [main] INFO  http.HttpServer2 (HttpServer2.java:bindListener(1231)) - Jetty bound to port 15080
2023-09-07 04:50:13,877 [main] INFO  server.Server (Server.java:doStart(375)) - jetty-9.4.51.v20230217; built: 2023-02-17T08:19:37.309Z; git: b45c405e4544384de066f814ed42ae3dceacdd49; jvm 1.8.0_382-b05
2023-09-07 04:50:13,879 [main] INFO  server.session (DefaultSessionIdManager.java:doStart(334)) - DefaultSessionIdManager workerName=node0
2023-09-07 04:50:13,879 [main] INFO  server.session (DefaultSessionIdManager.java:doStart(339)) - No SessionScavenger set, using defaults
2023-09-07 04:50:13,879 [main] INFO  server.session (HouseKeeper.java:startScavenging(132)) - node0 Scavenging every 600000ms
2023-09-07 04:50:13,880 [main] INFO  handler.ContextHandler (ContextHandler.java:doStart(921)) - Started o.e.j.s.ServletContextHandler@177b2e9c{logs,/logs,file:///home/runner/work/ozone/ozone/hadoop-ozone/integration-test/target/log,AVAILABLE}
2023-09-07 04:50:13,881 [main] INFO  handler.ContextHandler (ContextHandler.java:doStart(921)) - Started o.e.j.s.ServletContextHandler@6a9c08c9{static,/static,jar:file:/home/runner/.m2/repository/org/apache/ozone/hdds-container-service/1.4.0-SNAPSHOT/hdds-container-service-1.4.0-SNAPSHOT.jar!/webapps/static,AVAILABLE}
2023-09-07 04:50:14,156 [main] INFO  handler.ContextHandler (ContextHandler.java:doStart(921)) - Started o.e.j.w.WebAppContext@5ee16a6d{hddsDatanode,/,file:///home/runner/work/ozone/ozone/hadoop-ozone/integration-test/target/test-dir/MiniOzoneClusterImpl-d344a044-c2aa-46c6-8971-a5e8f3f75c9e/datanode-2/meta/webserver/jetty-0_0_0_0-15080-hdds-container-service-1_4_0-SNAPSHOT_jar-_-any-4200115188079986089/webapp/,AVAILABLE}{jar:file:/home/runner/.m2/repository/org/apache/ozone/hdds-container-service/1.4.0-SNAPSHOT/hdds-container-service-1.4.0-SNAPSHOT.jar!/webapps/hddsDatanode}
2023-09-07 04:50:14,160 [main] INFO  server.AbstractConnector (AbstractConnector.java:doStart(333)) - Started ServerConnector@769af58e{HTTP/1.1, (http/1.1)}{0.0.0.0:15080}
2023-09-07 04:50:14,160 [main] INFO  server.Server (Server.java:doStart(415)) - Started @130223ms
2023-09-07 04:50:14,160 [main] WARN  impl.MetricsSystemImpl (MetricsSystemImpl.java:register(279)) - Sink prometheus already exists!
2023-09-07 04:50:14,161 [main] INFO  http.BaseHttpServer (BaseHttpServer.java:updateConnectorAddress(354)) - HTTP server of hddsDatanode listening at http://0.0.0.0:15080
2023-09-07 04:50:14,163 [main] INFO  ipc.CallQueueManager (CallQueueManager.java:<init>(90)) - Using callQueue: class java.util.concurrent.LinkedBlockingQueue, queueCapacity: 100, scheduler: class org.apache.hadoop.ipc.DefaultRpcScheduler, ipcBackoff: false.
2023-09-07 04:50:14,163 [main] INFO  ipc.Server (Server.java:<init>(1287)) - Listener at 0.0.0.0:15081
2023-09-07 04:50:14,164 [Socket Reader #1 for port 15081] INFO  ipc.Server (Server.java:run(1323)) - Starting Socket Reader #1 for port 15081
2023-09-07 04:50:14,166 [main] INFO  ozone.HddsDatanodeService (HddsDatanodeService.java:start(315)) - Datanode start with admins: [runner]
2023-09-07 04:50:14,166 [main] INFO  ozone.HddsDatanodeClientProtocolServer (HddsDatanodeClientProtocolServer.java:start(72)) - RPC server for Client /0.0.0.0:15081
2023-09-07 04:50:14,166 [IPC Server Responder] INFO  ipc.Server (Server.java:run(1562)) - IPC Server Responder: starting
2023-09-07 04:50:14,167 [IPC Server listener on 15081] INFO  ipc.Server (Server.java:run(1402)) - IPC Server listener on 15081: starting
2023-09-07 04:50:14,168 [Datanode State Machine Daemon Thread] INFO  statemachine.DatanodeStateMachine (DatanodeStateMachine.java:lambda$startDaemon$0(538)) - Ozone container server started.
2023-09-07 04:50:14,168 [main] WARN  impl.MetricRegistriesImpl (MetricRegistriesImpl.java:addReporterRegistration(111)) - New reporters are added after registries were created. Some metrics will be missing from the reporter. Please add reporter before adding any new registry.
2023-09-07 04:50:14,168 [main] WARN  impl.MetricRegistriesImpl (MetricRegistriesImpl.java:addReporterRegistration(111)) - New reporters are added after registries were created. Some metrics will be missing from the reporter. Please add reporter before adding any new registry.
2023-09-07 04:50:14,169 [main] INFO  impl.MetricsSystemImpl (MetricsSystemImpl.java:init(158)) - HddsDatanode metrics system started (again)
2023-09-07 04:50:14,196 [main] INFO  ozone.HddsDatanodeService (HddsDatanodeService.java:start(237)) - HddsDatanodeService host:fv-az163-854.ksqkok1cighebdh5ckq0wc3qdf.dx.internal.cloudapp.net ip:10.1.0.9
2023-09-07 04:50:14,205 [Datanode State Machine Task Thread - 0] INFO  datanode.InitDatanodeState (InitDatanodeState.java:persistContainerDatanodeDetails(138)) - DatanodeDetails is persisted to /home/runner/work/ozone/ozone/hadoop-ozone/integration-test/target/test-dir/MiniOzoneClusterImpl-d344a044-c2aa-46c6-8971-a5e8f3f75c9e/datanode-2/meta/datanode.id
2023-09-07 04:50:14,233 [main] INFO  upgrade.AbstractLayoutVersionManager (AbstractLayoutVersionManager.java:init(83)) - Initializing Layout version manager with metadata layout = HADOOP_PRC_PORTS_IN_DATANODEDETAILS (version = 7), software layout = HADOOP_PRC_PORTS_IN_DATANODEDETAILS (version = 7)
2023-09-07 04:50:14,234 [main] INFO  statemachine.DatanodeStateMachine (DatanodeStateMachine.java:getEndPointTaskThreadPoolSize(282)) - Datanode State Machine Task Thread Pool size 2
2023-09-07 04:50:14,243 [main] INFO  volume.HddsVolume (HddsVolume.java:<init>(126)) - Creating HddsVolume: /home/runner/work/ozone/ozone/hadoop-ozone/integration-test/target/test-dir/MiniOzoneClusterImpl-d344a044-c2aa-46c6-8971-a5e8f3f75c9e/datanode-3/data-0/containers/hdds of storage type : DISK capacity : 9223372036854775807
2023-09-07 04:50:14,243 [main] INFO  volume.MutableVolumeSet (MutableVolumeSet.java:initializeVolumeSet(173)) - Added Volume : /home/runner/work/ozone/ozone/hadoop-ozone/integration-test/target/test-dir/MiniOzoneClusterImpl-d344a044-c2aa-46c6-8971-a5e8f3f75c9e/datanode-3/data-0/containers/hdds to VolumeSet
2023-09-07 04:50:14,244 [main] INFO  volume.MutableVolumeSet (MutableVolumeSet.java:initializeVolumeSet(173)) - Added Volume : /home/runner/work/ozone/ozone/hadoop-ozone/integration-test/target/test-dir/MiniOzoneClusterImpl-d344a044-c2aa-46c6-8971-a5e8f3f75c9e/datanode-3/data/ratis to VolumeSet
2023-09-07 04:50:14,245 [Thread-821] INFO  ozoneimpl.ContainerReader (ContainerReader.java:readVolume(177)) - Finish verifying containers on volume /home/runner/work/ozone/ozone/hadoop-ozone/integration-test/target/test-dir/MiniOzoneClusterImpl-d344a044-c2aa-46c6-8971-a5e8f3f75c9e/datanode-3/data-0/containers/hdds
2023-09-07 04:50:14,245 [main] INFO  ozoneimpl.OzoneContainer (OzoneContainer.java:buildContainerSet(314)) - Build ContainerSet costs 0s
2023-09-07 04:50:14,248 [main] INFO  server.RaftServer (ConfUtils.java:logGet(46)) - raft.rpc.type = GRPC (default)
2023-09-07 04:50:14,248 [main] INFO  grpc.GrpcConfigKeys (ConfUtils.java:logFallback(53)) - raft.grpc.admin.host = null (fallback to raft.grpc.server.host)
2023-09-07 04:50:14,248 [main] INFO  grpc.GrpcConfigKeys (ConfUtils.java:logGet(46)) - raft.grpc.admin.port = 15093 (custom)
2023-09-07 04:50:14,248 [main] INFO  grpc.GrpcConfigKeys (ConfUtils.java:logFallback(53)) - raft.grpc.client.host = null (fallback to raft.grpc.server.host)
2023-09-07 04:50:14,248 [main] INFO  grpc.GrpcConfigKeys (ConfUtils.java:logGet(46)) - raft.grpc.client.port = 15092 (custom)
2023-09-07 04:50:14,249 [main] INFO  grpc.GrpcConfigKeys (ConfUtils.java:logGet(46)) - raft.grpc.server.host = null (default)
2023-09-07 04:50:14,249 [main] INFO  grpc.GrpcConfigKeys (ConfUtils.java:logGet(46)) - raft.grpc.server.port = 15094 (custom)
2023-09-07 04:50:14,249 [main] INFO  server.GrpcService (ConfUtils.java:logGet(46)) - raft.grpc.message.size.max = 32MB (=33554432) (custom)
2023-09-07 04:50:14,249 [main] INFO  server.RaftServerConfigKeys (ConfUtils.java:logGet(46)) - raft.server.log.appender.buffer.byte-limit = 33554432 (custom)
2023-09-07 04:50:14,249 [main] INFO  server.GrpcService (ConfUtils.java:logGet(46)) - raft.grpc.flow.control.window = 5MB (=5242880) (custom)
2023-09-07 04:50:14,249 [main] INFO  server.RaftServerConfigKeys (ConfUtils.java:logGet(46)) - raft.server.rpc.request.timeout = 60s (custom)
2023-09-07 04:50:14,249 [main] INFO  grpc.GrpcConfigKeys (ConfUtils.java:logGet(46)) - raft.grpc.server.heartbeat.channel = true (default)
2023-09-07 04:50:14,250 [main] INFO  grpc.GrpcConfigKeys (ConfUtils.java:logGet(46)) - raft.grpc.server.async.request.thread.pool.cached = true (default)
2023-09-07 04:50:14,250 [main] INFO  grpc.GrpcConfigKeys (ConfUtils.java:logGet(46)) - raft.grpc.server.async.request.thread.pool.size = 32 (default)
2023-09-07 04:50:14,254 [main] INFO  impl.DataStreamServerImpl (ConfUtils.java:logGet(46)) - raft.datastream.type = NETTY (custom)
2023-09-07 04:50:14,254 [main] INFO  server.RaftServerConfigKeys (ConfUtils.java:logGet(46)) - raft.server.data-stream.async.request.thread.pool.cached = false (default)
2023-09-07 04:50:14,254 [main] INFO  server.RaftServerConfigKeys (ConfUtils.java:logGet(46)) - raft.server.data-stream.async.request.thread.pool.size = 20 (custom)
2023-09-07 04:50:14,254 [main] INFO  server.RaftServerConfigKeys (ConfUtils.java:logGet(46)) - raft.server.data-stream.async.write.thread.pool.size = 16 (default)
2023-09-07 04:50:14,255 [main] INFO  server.RaftServerConfigKeys (ConfUtils.java:logGet(46)) - raft.server.data-stream.client.pool.size = 10 (default)
2023-09-07 04:50:14,255 [main] INFO  netty.NettyConfigKeys$DataStream (ConfUtils.java:logGet(46)) - raft.netty.dataStream.server.use-epoll = false (default)
2023-09-07 04:50:14,255 [main] INFO  netty.NettyConfigKeys$DataStream (ConfUtils.java:logGet(46)) - raft.netty.dataStream.server.boss-group.size = 0 (default)
2023-09-07 04:50:14,256 [main] INFO  netty.NettyConfigKeys$DataStream (ConfUtils.java:logGet(46)) - raft.netty.dataStream.server.worker-group.size = 0 (default)
2023-09-07 04:50:14,256 [main] INFO  netty.NettyConfigKeys$DataStream (ConfUtils.java:logGet(46)) - raft.netty.dataStream.server.tls.conf = null (default)
2023-09-07 04:50:14,256 [main] INFO  netty.NettyConfigKeys$DataStream (ConfUtils.java:logGet(46)) - raft.netty.dataStream.host = null (default)
2023-09-07 04:50:14,257 [main] INFO  netty.NettyConfigKeys$DataStream (ConfUtils.java:logGet(46)) - raft.netty.dataStream.port = 15095 (custom)
2023-09-07 04:50:14,257 [main] INFO  server.RaftServerConfigKeys (ConfUtils.java:logGet(46)) - raft.server.threadpool.proxy.cached = true (default)
2023-09-07 04:50:14,259 [main] INFO  server.RaftServerConfigKeys (ConfUtils.java:logGet(46)) - raft.server.threadpool.proxy.size = 0 (default)
2023-09-07 04:50:14,259 [ae2613ee-de6d-4587-a078-710b5812316a-NettyServerStreamRpc-bossGroup--thread1] INFO  logging.LoggingHandler (AbstractInternalLogger.java:log(148)) - [id: 0x5d31976b] REGISTERED
2023-09-07 04:50:14,259 [main] INFO  server.RaftServerConfigKeys (ConfUtils.java:logGet(46)) - raft.server.rpc.slowness.timeout = 300s (custom)
2023-09-07 04:50:14,259 [main] INFO  server.RaftServerConfigKeys (ConfUtils.java:logGet(46)) - raft.server.leaderelection.leader.step-down.wait-time = 10s (default)
2023-09-07 04:50:14,260 [main] INFO  server.RaftServerConfigKeys (ConfUtils.java:logGet(46)) - raft.server.storage.dir = [/home/runner/work/ozone/ozone/hadoop-ozone/integration-test/target/test-dir/MiniOzoneClusterImpl-d344a044-c2aa-46c6-8971-a5e8f3f75c9e/datanode-3/data/ratis] (custom)
2023-09-07 04:50:14,259 [ae2613ee-de6d-4587-a078-710b5812316a-NettyServerStreamRpc-bossGroup--thread1] INFO  logging.LoggingHandler (AbstractInternalLogger.java:log(148)) - [id: 0x5d31976b] BIND: 0.0.0.0/0.0.0.0:15095
2023-09-07 04:50:14,260 [ae2613ee-de6d-4587-a078-710b5812316a-NettyServerStreamRpc-bossGroup--thread1] INFO  logging.LoggingHandler (AbstractInternalLogger.java:log(148)) - [id: 0x5d31976b, L:/0:0:0:0:0:0:0:0:15095] ACTIVE
2023-09-07 04:50:14,261 [ae2613ee-de6d-4587-a078-710b5812316a-impl-thread1] INFO  server.RaftServer (RaftServerProxy.java:initGroupDir(258)) - ae2613ee-de6d-4587-a078-710b5812316a: found a subdirectory /home/runner/work/ozone/ozone/hadoop-ozone/integration-test/target/test-dir/MiniOzoneClusterImpl-d344a044-c2aa-46c6-8971-a5e8f3f75c9e/datanode-3/data/ratis/tmp
2023-09-07 04:50:14,262 [ae2613ee-de6d-4587-a078-710b5812316a-impl-thread1] INFO  server.RaftServer (RaftServerProxy.java:initGroupDir(263)) - ae2613ee-de6d-4587-a078-710b5812316a: The directory /home/runner/work/ozone/ozone/hadoop-ozone/integration-test/target/test-dir/MiniOzoneClusterImpl-d344a044-c2aa-46c6-8971-a5e8f3f75c9e/datanode-3/data/ratis/tmp is not a group directory; ignoring it. 
2023-09-07 04:50:14,262 [main] INFO  replication.ReplicationServer (ReplicationServer.java:<init>(81)) - Initializing replication server with thread count = 10
2023-09-07 04:50:14,263 [main] INFO  server.XceiverServerGrpc (XceiverServerGrpc.java:<init>(132)) - GrpcServer channel type EpollServerSocketChannel
2023-09-07 04:50:14,265 [main] INFO  replication.ReplicationSupervisor (ReplicationSupervisor.java:build(155)) - Initializing replication supervisor with thread count = 10
2023-09-07 04:50:14,266 [main] INFO  replication.ReplicationSupervisor (ReplicationSupervisor.java:nodeStateUpdated(307)) - Node state updated to IN_SERVICE, scaling executor pool size to 10
2023-09-07 04:50:14,269 [main] INFO  http.BaseHttpServer (BaseHttpServer.java:newHttpServer2BuilderForOzone(223)) - Starting Web-server for hddsDatanode at: http://0.0.0.0:15089
2023-09-07 04:50:14,270 [main] INFO  http.BaseHttpServer (BaseHttpServer.java:<init>(110)) - Hadoop Security Enabled: false Ozone Security Enabled: false Ozone HTTP Security Enabled: false 
2023-09-07 04:50:14,271 [main] WARN  server.AuthenticationFilter (AuthenticationFilter.java:constructSecretProvider(240)) - Unable to initialize FileSignerSecretProvider, falling back to use random secrets. Reason: Could not read signature secret file: /home/runner/hadoop-http-auth-signature-secret
2023-09-07 04:50:14,272 [main] INFO  http.HttpRequestLog (HttpRequestLog.java:getRequestLog(86)) - Http request log for http.requests.hddsDatanode is not defined
2023-09-07 04:50:14,274 [main] INFO  http.HttpServer2 (HttpServer2.java:addGlobalFilter(1031)) - Added global filter 'safety' (class=org.apache.hadoop.hdds.server.http.HttpServer2$QuotingInputFilter)
2023-09-07 04:50:14,274 [main] INFO  http.HttpServer2 (HttpServer2.java:addFilter(1007)) - Added filter static_user_filter (class=org.apache.hadoop.http.lib.StaticUserWebFilter$StaticUserFilter) to context hddsDatanode
2023-09-07 04:50:14,275 [main] INFO  http.HttpServer2 (HttpServer2.java:addFilter(1015)) - Added filter static_user_filter (class=org.apache.hadoop.http.lib.StaticUserWebFilter$StaticUserFilter) to context static
2023-09-07 04:50:14,275 [main] INFO  http.HttpServer2 (HttpServer2.java:addFilter(1015)) - Added filter static_user_filter (class=org.apache.hadoop.http.lib.StaticUserWebFilter$StaticUserFilter) to context logs
2023-09-07 04:50:14,275 [main] INFO  http.BaseHttpServer (BaseHttpServer.java:<init>(189)) - HTTP server of hddsDatanode uses base directory /home/runner/work/ozone/ozone/hadoop-ozone/integration-test/target/test-dir/MiniOzoneClusterImpl-d344a044-c2aa-46c6-8971-a5e8f3f75c9e/datanode-3/meta/webserver
2023-09-07 04:50:14,276 [main] INFO  http.HttpServer2 (HttpServer2.java:bindListener(1231)) - Jetty bound to port 15089
2023-09-07 04:50:14,276 [main] INFO  server.Server (Server.java:doStart(375)) - jetty-9.4.51.v20230217; built: 2023-02-17T08:19:37.309Z; git: b45c405e4544384de066f814ed42ae3dceacdd49; jvm 1.8.0_382-b05
2023-09-07 04:50:14,277 [main] INFO  server.session (DefaultSessionIdManager.java:doStart(334)) - DefaultSessionIdManager workerName=node0
2023-09-07 04:50:14,278 [main] INFO  server.session (DefaultSessionIdManager.java:doStart(339)) - No SessionScavenger set, using defaults
2023-09-07 04:50:14,278 [main] INFO  server.session (HouseKeeper.java:startScavenging(132)) - node0 Scavenging every 660000ms
2023-09-07 04:50:14,279 [main] INFO  handler.ContextHandler (ContextHandler.java:doStart(921)) - Started o.e.j.s.ServletContextHandler@72afaee3{logs,/logs,file:///home/runner/work/ozone/ozone/hadoop-ozone/integration-test/target/log,AVAILABLE}
2023-09-07 04:50:14,279 [main] INFO  handler.ContextHandler (ContextHandler.java:doStart(921)) - Started o.e.j.s.ServletContextHandler@41671912{static,/static,jar:file:/home/runner/.m2/repository/org/apache/ozone/hdds-container-service/1.4.0-SNAPSHOT/hdds-container-service-1.4.0-SNAPSHOT.jar!/webapps/static,AVAILABLE}
2023-09-07 04:50:14,526 [main] INFO  handler.ContextHandler (ContextHandler.java:doStart(921)) - Started o.e.j.w.WebAppContext@67830628{hddsDatanode,/,file:///home/runner/work/ozone/ozone/hadoop-ozone/integration-test/target/test-dir/MiniOzoneClusterImpl-d344a044-c2aa-46c6-8971-a5e8f3f75c9e/datanode-3/meta/webserver/jetty-0_0_0_0-15089-hdds-container-service-1_4_0-SNAPSHOT_jar-_-any-3417109400509711653/webapp/,AVAILABLE}{jar:file:/home/runner/.m2/repository/org/apache/ozone/hdds-container-service/1.4.0-SNAPSHOT/hdds-container-service-1.4.0-SNAPSHOT.jar!/webapps/hddsDatanode}
2023-09-07 04:50:14,528 [main] INFO  server.AbstractConnector (AbstractConnector.java:doStart(333)) - Started ServerConnector@3a2743c9{HTTP/1.1, (http/1.1)}{0.0.0.0:15089}
2023-09-07 04:50:14,528 [main] INFO  server.Server (Server.java:doStart(415)) - Started @130591ms
2023-09-07 04:50:14,528 [main] WARN  impl.MetricsSystemImpl (MetricsSystemImpl.java:register(279)) - Sink prometheus already exists!
2023-09-07 04:50:14,529 [main] INFO  http.BaseHttpServer (BaseHttpServer.java:updateConnectorAddress(354)) - HTTP server of hddsDatanode listening at http://0.0.0.0:15089
2023-09-07 04:50:14,529 [main] INFO  ipc.CallQueueManager (CallQueueManager.java:<init>(90)) - Using callQueue: class java.util.concurrent.LinkedBlockingQueue, queueCapacity: 100, scheduler: class org.apache.hadoop.ipc.DefaultRpcScheduler, ipcBackoff: false.
2023-09-07 04:50:14,530 [main] INFO  ipc.Server (Server.java:<init>(1287)) - Listener at 0.0.0.0:15090
2023-09-07 04:50:14,535 [Socket Reader #1 for port 15090] INFO  ipc.Server (Server.java:run(1323)) - Starting Socket Reader #1 for port 15090
2023-09-07 04:50:14,540 [main] INFO  ozone.HddsDatanodeService (HddsDatanodeService.java:start(315)) - Datanode start with admins: [runner]
2023-09-07 04:50:14,540 [main] INFO  ozone.HddsDatanodeClientProtocolServer (HddsDatanodeClientProtocolServer.java:start(72)) - RPC server for Client /0.0.0.0:15090
2023-09-07 04:50:14,541 [IPC Server listener on 15090] INFO  ipc.Server (Server.java:run(1402)) - IPC Server listener on 15090: starting
2023-09-07 04:50:14,547 [Datanode State Machine Daemon Thread] INFO  statemachine.DatanodeStateMachine (DatanodeStateMachine.java:lambda$startDaemon$0(538)) - Ozone container server started.
2023-09-07 04:50:14,548 [main] WARN  impl.MetricRegistriesImpl (MetricRegistriesImpl.java:addReporterRegistration(111)) - New reporters are added after registries were created. Some metrics will be missing from the reporter. Please add reporter before adding any new registry.
2023-09-07 04:50:14,548 [main] WARN  impl.MetricRegistriesImpl (MetricRegistriesImpl.java:addReporterRegistration(111)) - New reporters are added after registries were created. Some metrics will be missing from the reporter. Please add reporter before adding any new registry.
2023-09-07 04:50:14,548 [main] INFO  impl.MetricsSystemImpl (MetricsSystemImpl.java:init(158)) - HddsDatanode metrics system started (again)
2023-09-07 04:50:14,553 [IPC Server Responder] INFO  ipc.Server (Server.java:run(1562)) - IPC Server Responder: starting
2023-09-07 04:50:14,555 [Datanode State Machine Task Thread - 0] INFO  datanode.InitDatanodeState (InitDatanodeState.java:persistContainerDatanodeDetails(138)) - DatanodeDetails is persisted to /home/runner/work/ozone/ozone/hadoop-ozone/integration-test/target/test-dir/MiniOzoneClusterImpl-d344a044-c2aa-46c6-8971-a5e8f3f75c9e/datanode-3/meta/datanode.id
2023-09-07 04:50:14,564 [main] INFO  ozone.HddsDatanodeService (HddsDatanodeService.java:start(237)) - HddsDatanodeService host:fv-az163-854.ksqkok1cighebdh5ckq0wc3qdf.dx.internal.cloudapp.net ip:10.1.0.9
2023-09-07 04:50:14,592 [main] INFO  upgrade.AbstractLayoutVersionManager (AbstractLayoutVersionManager.java:init(83)) - Initializing Layout version manager with metadata layout = HADOOP_PRC_PORTS_IN_DATANODEDETAILS (version = 7), software layout = HADOOP_PRC_PORTS_IN_DATANODEDETAILS (version = 7)
2023-09-07 04:50:14,593 [main] INFO  statemachine.DatanodeStateMachine (DatanodeStateMachine.java:getEndPointTaskThreadPoolSize(282)) - Datanode State Machine Task Thread Pool size 2
2023-09-07 04:50:14,595 [main] INFO  volume.HddsVolume (HddsVolume.java:<init>(126)) - Creating HddsVolume: /home/runner/work/ozone/ozone/hadoop-ozone/integration-test/target/test-dir/MiniOzoneClusterImpl-d344a044-c2aa-46c6-8971-a5e8f3f75c9e/datanode-4/data-0/containers/hdds of storage type : DISK capacity : 9223372036854775807
2023-09-07 04:50:14,596 [main] INFO  volume.MutableVolumeSet (MutableVolumeSet.java:initializeVolumeSet(173)) - Added Volume : /home/runner/work/ozone/ozone/hadoop-ozone/integration-test/target/test-dir/MiniOzoneClusterImpl-d344a044-c2aa-46c6-8971-a5e8f3f75c9e/datanode-4/data-0/containers/hdds to VolumeSet
2023-09-07 04:50:14,597 [main] INFO  volume.MutableVolumeSet (MutableVolumeSet.java:initializeVolumeSet(173)) - Added Volume : /home/runner/work/ozone/ozone/hadoop-ozone/integration-test/target/test-dir/MiniOzoneClusterImpl-d344a044-c2aa-46c6-8971-a5e8f3f75c9e/datanode-4/data/ratis to VolumeSet
2023-09-07 04:50:14,605 [Thread-838] INFO  ozoneimpl.ContainerReader (ContainerReader.java:readVolume(177)) - Finish verifying containers on volume /home/runner/work/ozone/ozone/hadoop-ozone/integration-test/target/test-dir/MiniOzoneClusterImpl-d344a044-c2aa-46c6-8971-a5e8f3f75c9e/datanode-4/data-0/containers/hdds
2023-09-07 04:50:14,605 [main] INFO  ozoneimpl.OzoneContainer (OzoneContainer.java:buildContainerSet(314)) - Build ContainerSet costs 0s
2023-09-07 04:50:14,609 [main] INFO  server.RaftServer (ConfUtils.java:logGet(46)) - raft.rpc.type = GRPC (default)
2023-09-07 04:50:14,609 [main] INFO  grpc.GrpcConfigKeys (ConfUtils.java:logFallback(53)) - raft.grpc.admin.host = null (fallback to raft.grpc.server.host)
2023-09-07 04:50:14,609 [main] INFO  grpc.GrpcConfigKeys (ConfUtils.java:logGet(46)) - raft.grpc.admin.port = 15102 (custom)
2023-09-07 04:50:14,609 [main] INFO  grpc.GrpcConfigKeys (ConfUtils.java:logFallback(53)) - raft.grpc.client.host = null (fallback to raft.grpc.server.host)
2023-09-07 04:50:14,610 [main] INFO  grpc.GrpcConfigKeys (ConfUtils.java:logGet(46)) - raft.grpc.client.port = 15101 (custom)
2023-09-07 04:50:14,610 [main] INFO  grpc.GrpcConfigKeys (ConfUtils.java:logGet(46)) - raft.grpc.server.host = null (default)
2023-09-07 04:50:14,610 [main] INFO  grpc.GrpcConfigKeys (ConfUtils.java:logGet(46)) - raft.grpc.server.port = 15103 (custom)
2023-09-07 04:50:14,610 [main] INFO  server.GrpcService (ConfUtils.java:logGet(46)) - raft.grpc.message.size.max = 32MB (=33554432) (custom)
2023-09-07 04:50:14,610 [main] INFO  server.RaftServerConfigKeys (ConfUtils.java:logGet(46)) - raft.server.log.appender.buffer.byte-limit = 33554432 (custom)
2023-09-07 04:50:14,610 [main] INFO  server.GrpcService (ConfUtils.java:logGet(46)) - raft.grpc.flow.control.window = 5MB (=5242880) (custom)
2023-09-07 04:50:14,611 [main] INFO  server.RaftServerConfigKeys (ConfUtils.java:logGet(46)) - raft.server.rpc.request.timeout = 60s (custom)
2023-09-07 04:50:14,611 [main] INFO  grpc.GrpcConfigKeys (ConfUtils.java:logGet(46)) - raft.grpc.server.heartbeat.channel = true (default)
2023-09-07 04:50:14,611 [main] INFO  grpc.GrpcConfigKeys (ConfUtils.java:logGet(46)) - raft.grpc.server.async.request.thread.pool.cached = true (default)
2023-09-07 04:50:14,611 [main] INFO  grpc.GrpcConfigKeys (ConfUtils.java:logGet(46)) - raft.grpc.server.async.request.thread.pool.size = 32 (default)
2023-09-07 04:50:14,619 [main] INFO  impl.DataStreamServerImpl (ConfUtils.java:logGet(46)) - raft.datastream.type = NETTY (custom)
2023-09-07 04:50:14,619 [main] INFO  server.RaftServerConfigKeys (ConfUtils.java:logGet(46)) - raft.server.data-stream.async.request.thread.pool.cached = false (default)
2023-09-07 04:50:14,620 [main] INFO  server.RaftServerConfigKeys (ConfUtils.java:logGet(46)) - raft.server.data-stream.async.request.thread.pool.size = 20 (custom)
2023-09-07 04:50:14,620 [main] INFO  server.RaftServerConfigKeys (ConfUtils.java:logGet(46)) - raft.server.data-stream.async.write.thread.pool.size = 16 (default)
2023-09-07 04:50:14,620 [main] INFO  server.RaftServerConfigKeys (ConfUtils.java:logGet(46)) - raft.server.data-stream.client.pool.size = 10 (default)
2023-09-07 04:50:14,620 [main] INFO  netty.NettyConfigKeys$DataStream (ConfUtils.java:logGet(46)) - raft.netty.dataStream.server.use-epoll = false (default)
2023-09-07 04:50:14,620 [main] INFO  netty.NettyConfigKeys$DataStream (ConfUtils.java:logGet(46)) - raft.netty.dataStream.server.boss-group.size = 0 (default)
2023-09-07 04:50:14,621 [main] INFO  netty.NettyConfigKeys$DataStream (ConfUtils.java:logGet(46)) - raft.netty.dataStream.server.worker-group.size = 0 (default)
2023-09-07 04:50:14,622 [main] INFO  netty.NettyConfigKeys$DataStream (ConfUtils.java:logGet(46)) - raft.netty.dataStream.server.tls.conf = null (default)
2023-09-07 04:50:14,622 [main] INFO  netty.NettyConfigKeys$DataStream (ConfUtils.java:logGet(46)) - raft.netty.dataStream.host = null (default)
2023-09-07 04:50:14,622 [main] INFO  netty.NettyConfigKeys$DataStream (ConfUtils.java:logGet(46)) - raft.netty.dataStream.port = 15104 (custom)
2023-09-07 04:50:14,625 [main] INFO  server.RaftServerConfigKeys (ConfUtils.java:logGet(46)) - raft.server.threadpool.proxy.cached = true (default)
2023-09-07 04:50:14,626 [main] INFO  server.RaftServerConfigKeys (ConfUtils.java:logGet(46)) - raft.server.threadpool.proxy.size = 0 (default)
2023-09-07 04:50:14,626 [main] INFO  server.RaftServerConfigKeys (ConfUtils.java:logGet(46)) - raft.server.rpc.slowness.timeout = 300s (custom)
2023-09-07 04:50:14,626 [main] INFO  server.RaftServerConfigKeys (ConfUtils.java:logGet(46)) - raft.server.leaderelection.leader.step-down.wait-time = 10s (default)
2023-09-07 04:50:14,631 [main] INFO  server.RaftServerConfigKeys (ConfUtils.java:logGet(46)) - raft.server.storage.dir = [/home/runner/work/ozone/ozone/hadoop-ozone/integration-test/target/test-dir/MiniOzoneClusterImpl-d344a044-c2aa-46c6-8971-a5e8f3f75c9e/datanode-4/data/ratis] (custom)
2023-09-07 04:50:14,643 [749eea05-78f7-4cc7-a6e4-2ed9a747c6c9-NettyServerStreamRpc-bossGroup--thread1] INFO  logging.LoggingHandler (AbstractInternalLogger.java:log(148)) - [id: 0x62681cf9] REGISTERED
2023-09-07 04:50:14,643 [749eea05-78f7-4cc7-a6e4-2ed9a747c6c9-impl-thread1] INFO  server.RaftServer (RaftServerProxy.java:initGroupDir(258)) - 749eea05-78f7-4cc7-a6e4-2ed9a747c6c9: found a subdirectory /home/runner/work/ozone/ozone/hadoop-ozone/integration-test/target/test-dir/MiniOzoneClusterImpl-d344a044-c2aa-46c6-8971-a5e8f3f75c9e/datanode-4/data/ratis/tmp
2023-09-07 04:50:14,643 [749eea05-78f7-4cc7-a6e4-2ed9a747c6c9-NettyServerStreamRpc-bossGroup--thread1] INFO  logging.LoggingHandler (AbstractInternalLogger.java:log(148)) - [id: 0x62681cf9] BIND: 0.0.0.0/0.0.0.0:15104
2023-09-07 04:50:14,643 [749eea05-78f7-4cc7-a6e4-2ed9a747c6c9-impl-thread1] INFO  server.RaftServer (RaftServerProxy.java:initGroupDir(263)) - 749eea05-78f7-4cc7-a6e4-2ed9a747c6c9: The directory /home/runner/work/ozone/ozone/hadoop-ozone/integration-test/target/test-dir/MiniOzoneClusterImpl-d344a044-c2aa-46c6-8971-a5e8f3f75c9e/datanode-4/data/ratis/tmp is not a group directory; ignoring it. 
2023-09-07 04:50:14,643 [749eea05-78f7-4cc7-a6e4-2ed9a747c6c9-NettyServerStreamRpc-bossGroup--thread1] INFO  logging.LoggingHandler (AbstractInternalLogger.java:log(148)) - [id: 0x62681cf9, L:/0:0:0:0:0:0:0:0:15104] ACTIVE
2023-09-07 04:50:14,643 [main] INFO  replication.ReplicationServer (ReplicationServer.java:<init>(81)) - Initializing replication server with thread count = 10
2023-09-07 04:50:14,646 [main] INFO  server.XceiverServerGrpc (XceiverServerGrpc.java:<init>(132)) - GrpcServer channel type EpollServerSocketChannel
2023-09-07 04:50:14,649 [main] INFO  replication.ReplicationSupervisor (ReplicationSupervisor.java:build(155)) - Initializing replication supervisor with thread count = 10
2023-09-07 04:50:14,649 [main] INFO  replication.ReplicationSupervisor (ReplicationSupervisor.java:nodeStateUpdated(307)) - Node state updated to IN_SERVICE, scaling executor pool size to 10
2023-09-07 04:50:14,652 [main] INFO  http.BaseHttpServer (BaseHttpServer.java:newHttpServer2BuilderForOzone(223)) - Starting Web-server for hddsDatanode at: http://0.0.0.0:15098
2023-09-07 04:50:14,653 [main] INFO  http.BaseHttpServer (BaseHttpServer.java:<init>(110)) - Hadoop Security Enabled: false Ozone Security Enabled: false Ozone HTTP Security Enabled: false 
2023-09-07 04:50:14,654 [main] WARN  server.AuthenticationFilter (AuthenticationFilter.java:constructSecretProvider(240)) - Unable to initialize FileSignerSecretProvider, falling back to use random secrets. Reason: Could not read signature secret file: /home/runner/hadoop-http-auth-signature-secret
2023-09-07 04:50:14,655 [main] INFO  http.HttpRequestLog (HttpRequestLog.java:getRequestLog(86)) - Http request log for http.requests.hddsDatanode is not defined
2023-09-07 04:50:14,657 [main] INFO  http.HttpServer2 (HttpServer2.java:addGlobalFilter(1031)) - Added global filter 'safety' (class=org.apache.hadoop.hdds.server.http.HttpServer2$QuotingInputFilter)
2023-09-07 04:50:14,658 [main] INFO  http.HttpServer2 (HttpServer2.java:addFilter(1007)) - Added filter static_user_filter (class=org.apache.hadoop.http.lib.StaticUserWebFilter$StaticUserFilter) to context hddsDatanode
2023-09-07 04:50:14,658 [main] INFO  http.HttpServer2 (HttpServer2.java:addFilter(1015)) - Added filter static_user_filter (class=org.apache.hadoop.http.lib.StaticUserWebFilter$StaticUserFilter) to context logs
2023-09-07 04:50:14,658 [main] INFO  http.HttpServer2 (HttpServer2.java:addFilter(1015)) - Added filter static_user_filter (class=org.apache.hadoop.http.lib.StaticUserWebFilter$StaticUserFilter) to context static
2023-09-07 04:50:14,659 [main] INFO  http.BaseHttpServer (BaseHttpServer.java:<init>(189)) - HTTP server of hddsDatanode uses base directory /home/runner/work/ozone/ozone/hadoop-ozone/integration-test/target/test-dir/MiniOzoneClusterImpl-d344a044-c2aa-46c6-8971-a5e8f3f75c9e/datanode-4/meta/webserver
2023-09-07 04:50:14,659 [main] INFO  http.HttpServer2 (HttpServer2.java:bindListener(1231)) - Jetty bound to port 15098
2023-09-07 04:50:14,659 [main] INFO  server.Server (Server.java:doStart(375)) - jetty-9.4.51.v20230217; built: 2023-02-17T08:19:37.309Z; git: b45c405e4544384de066f814ed42ae3dceacdd49; jvm 1.8.0_382-b05
2023-09-07 04:50:14,662 [main] INFO  server.session (DefaultSessionIdManager.java:doStart(334)) - DefaultSessionIdManager workerName=node0
2023-09-07 04:50:14,662 [main] INFO  server.session (DefaultSessionIdManager.java:doStart(339)) - No SessionScavenger set, using defaults
2023-09-07 04:50:14,662 [main] INFO  server.session (HouseKeeper.java:startScavenging(132)) - node0 Scavenging every 660000ms
2023-09-07 04:50:14,663 [main] INFO  handler.ContextHandler (ContextHandler.java:doStart(921)) - Started o.e.j.s.ServletContextHandler@735f264e{logs,/logs,file:///home/runner/work/ozone/ozone/hadoop-ozone/integration-test/target/log,AVAILABLE}
2023-09-07 04:50:14,664 [main] INFO  handler.ContextHandler (ContextHandler.java:doStart(921)) - Started o.e.j.s.ServletContextHandler@6cdbecd5{static,/static,jar:file:/home/runner/.m2/repository/org/apache/ozone/hdds-container-service/1.4.0-SNAPSHOT/hdds-container-service-1.4.0-SNAPSHOT.jar!/webapps/static,AVAILABLE}
2023-09-07 04:50:14,919 [main] INFO  handler.ContextHandler (ContextHandler.java:doStart(921)) - Started o.e.j.w.WebAppContext@704b2822{hddsDatanode,/,file:///home/runner/work/ozone/ozone/hadoop-ozone/integration-test/target/test-dir/MiniOzoneClusterImpl-d344a044-c2aa-46c6-8971-a5e8f3f75c9e/datanode-4/meta/webserver/jetty-0_0_0_0-15098-hdds-container-service-1_4_0-SNAPSHOT_jar-_-any-1625438784837891760/webapp/,AVAILABLE}{jar:file:/home/runner/.m2/repository/org/apache/ozone/hdds-container-service/1.4.0-SNAPSHOT/hdds-container-service-1.4.0-SNAPSHOT.jar!/webapps/hddsDatanode}
2023-09-07 04:50:14,921 [main] INFO  server.AbstractConnector (AbstractConnector.java:doStart(333)) - Started ServerConnector@11a309d4{HTTP/1.1, (http/1.1)}{0.0.0.0:15098}
2023-09-07 04:50:14,921 [main] INFO  server.Server (Server.java:doStart(415)) - Started @130984ms
2023-09-07 04:50:14,921 [main] WARN  impl.MetricsSystemImpl (MetricsSystemImpl.java:register(279)) - Sink prometheus already exists!
2023-09-07 04:50:14,922 [main] INFO  http.BaseHttpServer (BaseHttpServer.java:updateConnectorAddress(354)) - HTTP server of hddsDatanode listening at http://0.0.0.0:15098
2023-09-07 04:50:14,923 [main] INFO  ipc.CallQueueManager (CallQueueManager.java:<init>(90)) - Using callQueue: class java.util.concurrent.LinkedBlockingQueue, queueCapacity: 100, scheduler: class org.apache.hadoop.ipc.DefaultRpcScheduler, ipcBackoff: false.
2023-09-07 04:50:14,923 [main] INFO  ipc.Server (Server.java:<init>(1287)) - Listener at 0.0.0.0:15099
2023-09-07 04:50:14,927 [Socket Reader #1 for port 15099] INFO  ipc.Server (Server.java:run(1323)) - Starting Socket Reader #1 for port 15099
2023-09-07 04:50:14,930 [main] INFO  ozone.HddsDatanodeService (HddsDatanodeService.java:start(315)) - Datanode start with admins: [runner]
2023-09-07 04:50:14,930 [main] INFO  ozone.HddsDatanodeClientProtocolServer (HddsDatanodeClientProtocolServer.java:start(72)) - RPC server for Client /0.0.0.0:15099
2023-09-07 04:50:14,930 [IPC Server Responder] INFO  ipc.Server (Server.java:run(1562)) - IPC Server Responder: starting
2023-09-07 04:50:14,931 [IPC Server listener on 15099] INFO  ipc.Server (Server.java:run(1402)) - IPC Server listener on 15099: starting
2023-09-07 04:50:14,932 [main] INFO  ozone.MiniOzoneClusterImpl (MiniOzoneClusterImpl.java:lambda$waitForClusterToBeReady$0(224)) - Waiting for nodes to be ready. Got 0 of 5 DN Heartbeats.
2023-09-07 04:50:14,932 [main] INFO  ozone.MiniOzoneClusterImpl (MiniOzoneClusterImpl.java:lambda$waitForClusterToBeReady$0(227)) - Waiting for cluster to exit safe mode
2023-09-07 04:50:14,932 [main] INFO  ozone.MiniOzoneClusterImpl (MiniOzoneClusterImpl.java:lambda$waitForClusterToBeReady$0(229)) - SCM became leader
2023-09-07 04:50:14,938 [Datanode State Machine Daemon Thread] INFO  statemachine.DatanodeStateMachine (DatanodeStateMachine.java:lambda$startDaemon$0(538)) - Ozone container server started.
2023-09-07 04:50:14,957 [Datanode State Machine Task Thread - 0] INFO  datanode.InitDatanodeState (InitDatanodeState.java:persistContainerDatanodeDetails(138)) - DatanodeDetails is persisted to /home/runner/work/ozone/ozone/hadoop-ozone/integration-test/target/test-dir/MiniOzoneClusterImpl-d344a044-c2aa-46c6-8971-a5e8f3f75c9e/datanode-4/meta/datanode.id
2023-09-07 04:50:15,435 [EndpointStateMachine task thread for /0.0.0.0:15055 - 0 ] INFO  utils.DatanodeStoreCache (DatanodeStoreCache.java:addDB(66)) - Added db /home/runner/work/ozone/ozone/hadoop-ozone/integration-test/target/test-dir/MiniOzoneClusterImpl-d344a044-c2aa-46c6-8971-a5e8f3f75c9e/datanode-0/data-0/containers/hdds/d344a044-c2aa-46c6-8971-a5e8f3f75c9e/DS-98f07399-9097-4c72-8a02-1d4d227743f2/container.db to cache
2023-09-07 04:50:15,436 [EndpointStateMachine task thread for /0.0.0.0:15055 - 0 ] INFO  volume.HddsVolume (HddsVolume.java:createDbStore(422)) - SchemaV3 db is created and loaded at /home/runner/work/ozone/ozone/hadoop-ozone/integration-test/target/test-dir/MiniOzoneClusterImpl-d344a044-c2aa-46c6-8971-a5e8f3f75c9e/datanode-0/data-0/containers/hdds/d344a044-c2aa-46c6-8971-a5e8f3f75c9e/DS-98f07399-9097-4c72-8a02-1d4d227743f2/container.db for volume DS-98f07399-9097-4c72-8a02-1d4d227743f2
2023-09-07 04:50:15,440 [EndpointStateMachine task thread for /0.0.0.0:15055 - 0 ] INFO  volume.ThrottledAsyncChecker (ThrottledAsyncChecker.java:schedule(141)) - Scheduling a check for /home/runner/work/ozone/ozone/hadoop-ozone/integration-test/target/test-dir/MiniOzoneClusterImpl-d344a044-c2aa-46c6-8971-a5e8f3f75c9e/datanode-0/data-0/containers/hdds
2023-09-07 04:50:15,443 [EndpointStateMachine task thread for /0.0.0.0:15055 - 0 ] INFO  volume.StorageVolumeChecker (StorageVolumeChecker.java:checkAllVolumes(213)) - Scheduled health check for volume /home/runner/work/ozone/ozone/hadoop-ozone/integration-test/target/test-dir/MiniOzoneClusterImpl-d344a044-c2aa-46c6-8971-a5e8f3f75c9e/datanode-0/data-0/containers/hdds
2023-09-07 04:50:15,445 [EndpointStateMachine task thread for /0.0.0.0:15055 - 0 ] INFO  volume.ThrottledAsyncChecker (ThrottledAsyncChecker.java:schedule(141)) - Scheduling a check for /home/runner/work/ozone/ozone/hadoop-ozone/integration-test/target/test-dir/MiniOzoneClusterImpl-d344a044-c2aa-46c6-8971-a5e8f3f75c9e/datanode-0/data/ratis
2023-09-07 04:50:15,445 [EndpointStateMachine task thread for /0.0.0.0:15055 - 0 ] INFO  volume.StorageVolumeChecker (StorageVolumeChecker.java:checkAllVolumes(213)) - Scheduled health check for volume /home/runner/work/ozone/ozone/hadoop-ozone/integration-test/target/test-dir/MiniOzoneClusterImpl-d344a044-c2aa-46c6-8971-a5e8f3f75c9e/datanode-0/data/ratis
2023-09-07 04:50:15,448 [EndpointStateMachine task thread for /0.0.0.0:15055 - 0 ] INFO  ozoneimpl.OzoneContainer (OzoneContainer.java:start(429)) - Attempting to start container services.
2023-09-07 04:50:15,448 [EndpointStateMachine task thread for /0.0.0.0:15055 - 0 ] INFO  ozoneimpl.OzoneContainer (OzoneContainer.java:startContainerScrub(325)) - Scheduled background container scanners and the on-demand container scanner have been disabled.
2023-09-07 04:50:15,450 [EndpointStateMachine task thread for /0.0.0.0:15055 - 0 ] INFO  replication.ReplicationServer (ReplicationServer.java:start(130)) - ReplicationServer is started using port 15069
2023-09-07 04:50:15,450 [EndpointStateMachine task thread for /0.0.0.0:15055 - 0 ] INFO  ratis.XceiverServerRatis (XceiverServerRatis.java:start(517)) - Starting XceiverServerRatis c689351a-c011-4280-903e-e1929abe1491
2023-09-07 04:50:15,451 [EndpointStateMachine task thread for /0.0.0.0:15055 - 0 ] INFO  server.RaftServer (RaftServerProxy.java:startImpl(400)) - c689351a-c011-4280-903e-e1929abe1491: start RPC server
2023-09-07 04:50:15,459 [EndpointStateMachine task thread for /0.0.0.0:15055 - 0 ] INFO  server.GrpcService (GrpcService.java:startImpl(302)) - c689351a-c011-4280-903e-e1929abe1491: GrpcService started, listening on 15065
2023-09-07 04:50:15,468 [EndpointStateMachine task thread for /0.0.0.0:15055 - 0 ] INFO  server.GrpcService (GrpcService.java:startImpl(302)) - c689351a-c011-4280-903e-e1929abe1491: GrpcService started, listening on 15067
2023-09-07 04:50:15,470 [EndpointStateMachine task thread for /0.0.0.0:15055 - 0 ] INFO  server.GrpcService (GrpcService.java:startImpl(302)) - c689351a-c011-4280-903e-e1929abe1491: GrpcService started, listening on 15066
2023-09-07 04:50:15,471 [EndpointStateMachine task thread for /0.0.0.0:15055 - 0 ] INFO  ratis.XceiverServerRatis (XceiverServerRatis.java:getRealPort(543)) - XceiverServerRatis c689351a-c011-4280-903e-e1929abe1491 is started using port 15065 for RATIS
2023-09-07 04:50:15,471 [JvmPauseMonitor9] INFO  util.JvmPauseMonitor (JvmPauseMonitor.java:run(103)) - JvmPauseMonitor-c689351a-c011-4280-903e-e1929abe1491: Started
2023-09-07 04:50:15,471 [EndpointStateMachine task thread for /0.0.0.0:15055 - 0 ] INFO  ratis.XceiverServerRatis (XceiverServerRatis.java:getRealPort(543)) - XceiverServerRatis c689351a-c011-4280-903e-e1929abe1491 is started using port 15066 for RATIS_ADMIN
2023-09-07 04:50:15,471 [EndpointStateMachine task thread for /0.0.0.0:15055 - 0 ] INFO  ratis.XceiverServerRatis (XceiverServerRatis.java:getRealPort(543)) - XceiverServerRatis c689351a-c011-4280-903e-e1929abe1491 is started using port 15067 for RATIS_SERVER
2023-09-07 04:50:15,471 [EndpointStateMachine task thread for /0.0.0.0:15055 - 0 ] INFO  ratis.XceiverServerRatis (XceiverServerRatis.java:getRealPort(543)) - XceiverServerRatis c689351a-c011-4280-903e-e1929abe1491 is started using port 15068 for RATIS_DATASTREAM
2023-09-07 04:50:15,476 [BlockDeletingService#0] INFO  interfaces.ContainerDeletionChoosingPolicyTemplate (ContainerDeletionChoosingPolicyTemplate.java:chooseContainerForBlockDeletion(85)) - Chosen 0/5000 blocks from 0 candidate containers.
2023-09-07 04:50:15,813 [EndpointStateMachine task thread for /0.0.0.0:15055 - 0 ] INFO  utils.DatanodeStoreCache (DatanodeStoreCache.java:addDB(66)) - Added db /home/runner/work/ozone/ozone/hadoop-ozone/integration-test/target/test-dir/MiniOzoneClusterImpl-d344a044-c2aa-46c6-8971-a5e8f3f75c9e/datanode-1/data-0/containers/hdds/d344a044-c2aa-46c6-8971-a5e8f3f75c9e/DS-408bbe3f-841b-4250-9783-7b0c66d5dcfa/container.db to cache
2023-09-07 04:50:15,814 [EndpointStateMachine task thread for /0.0.0.0:15055 - 0 ] INFO  volume.HddsVolume (HddsVolume.java:createDbStore(422)) - SchemaV3 db is created and loaded at /home/runner/work/ozone/ozone/hadoop-ozone/integration-test/target/test-dir/MiniOzoneClusterImpl-d344a044-c2aa-46c6-8971-a5e8f3f75c9e/datanode-1/data-0/containers/hdds/d344a044-c2aa-46c6-8971-a5e8f3f75c9e/DS-408bbe3f-841b-4250-9783-7b0c66d5dcfa/container.db for volume DS-408bbe3f-841b-4250-9783-7b0c66d5dcfa
2023-09-07 04:50:15,814 [EndpointStateMachine task thread for /0.0.0.0:15055 - 0 ] INFO  volume.ThrottledAsyncChecker (ThrottledAsyncChecker.java:schedule(141)) - Scheduling a check for /home/runner/work/ozone/ozone/hadoop-ozone/integration-test/target/test-dir/MiniOzoneClusterImpl-d344a044-c2aa-46c6-8971-a5e8f3f75c9e/datanode-1/data-0/containers/hdds
2023-09-07 04:50:15,815 [EndpointStateMachine task thread for /0.0.0.0:15055 - 0 ] INFO  volume.StorageVolumeChecker (StorageVolumeChecker.java:checkAllVolumes(213)) - Scheduled health check for volume /home/runner/work/ozone/ozone/hadoop-ozone/integration-test/target/test-dir/MiniOzoneClusterImpl-d344a044-c2aa-46c6-8971-a5e8f3f75c9e/datanode-1/data-0/containers/hdds
2023-09-07 04:50:15,820 [EndpointStateMachine task thread for /0.0.0.0:15055 - 0 ] INFO  volume.ThrottledAsyncChecker (ThrottledAsyncChecker.java:schedule(141)) - Scheduling a check for /home/runner/work/ozone/ozone/hadoop-ozone/integration-test/target/test-dir/MiniOzoneClusterImpl-d344a044-c2aa-46c6-8971-a5e8f3f75c9e/datanode-1/data/ratis
2023-09-07 04:50:15,820 [EndpointStateMachine task thread for /0.0.0.0:15055 - 0 ] INFO  volume.StorageVolumeChecker (StorageVolumeChecker.java:checkAllVolumes(213)) - Scheduled health check for volume /home/runner/work/ozone/ozone/hadoop-ozone/integration-test/target/test-dir/MiniOzoneClusterImpl-d344a044-c2aa-46c6-8971-a5e8f3f75c9e/datanode-1/data/ratis
2023-09-07 04:50:15,828 [EndpointStateMachine task thread for /0.0.0.0:15055 - 0 ] INFO  ozoneimpl.OzoneContainer (OzoneContainer.java:start(429)) - Attempting to start container services.
2023-09-07 04:50:15,828 [EndpointStateMachine task thread for /0.0.0.0:15055 - 0 ] INFO  ozoneimpl.OzoneContainer (OzoneContainer.java:startContainerScrub(325)) - Scheduled background container scanners and the on-demand container scanner have been disabled.
2023-09-07 04:50:15,830 [EndpointStateMachine task thread for /0.0.0.0:15055 - 0 ] INFO  replication.ReplicationServer (ReplicationServer.java:start(130)) - ReplicationServer is started using port 15078
2023-09-07 04:50:15,831 [EndpointStateMachine task thread for /0.0.0.0:15055 - 0 ] INFO  ratis.XceiverServerRatis (XceiverServerRatis.java:start(517)) - Starting XceiverServerRatis 9f849854-0b93-4d35-a4d9-b273905b7e1f
2023-09-07 04:50:15,837 [EndpointStateMachine task thread for /0.0.0.0:15055 - 0 ] INFO  server.RaftServer (RaftServerProxy.java:startImpl(400)) - 9f849854-0b93-4d35-a4d9-b273905b7e1f: start RPC server
2023-09-07 04:50:15,838 [EndpointStateMachine task thread for /0.0.0.0:15055 - 0 ] INFO  server.GrpcService (GrpcService.java:startImpl(302)) - 9f849854-0b93-4d35-a4d9-b273905b7e1f: GrpcService started, listening on 15074
2023-09-07 04:50:15,842 [EndpointStateMachine task thread for /0.0.0.0:15055 - 0 ] INFO  server.GrpcService (GrpcService.java:startImpl(302)) - 9f849854-0b93-4d35-a4d9-b273905b7e1f: GrpcService started, listening on 15076
2023-09-07 04:50:15,843 [EndpointStateMachine task thread for /0.0.0.0:15055 - 0 ] INFO  server.GrpcService (GrpcService.java:startImpl(302)) - 9f849854-0b93-4d35-a4d9-b273905b7e1f: GrpcService started, listening on 15075
2023-09-07 04:50:15,844 [EndpointStateMachine task thread for /0.0.0.0:15055 - 0 ] INFO  ratis.XceiverServerRatis (XceiverServerRatis.java:getRealPort(543)) - XceiverServerRatis 9f849854-0b93-4d35-a4d9-b273905b7e1f is started using port 15074 for RATIS
2023-09-07 04:50:15,844 [JvmPauseMonitor10] INFO  util.JvmPauseMonitor (JvmPauseMonitor.java:run(103)) - JvmPauseMonitor-9f849854-0b93-4d35-a4d9-b273905b7e1f: Started
2023-09-07 04:50:15,844 [EndpointStateMachine task thread for /0.0.0.0:15055 - 0 ] INFO  ratis.XceiverServerRatis (XceiverServerRatis.java:getRealPort(543)) - XceiverServerRatis 9f849854-0b93-4d35-a4d9-b273905b7e1f is started using port 15075 for RATIS_ADMIN
2023-09-07 04:50:15,844 [EndpointStateMachine task thread for /0.0.0.0:15055 - 0 ] INFO  ratis.XceiverServerRatis (XceiverServerRatis.java:getRealPort(543)) - XceiverServerRatis 9f849854-0b93-4d35-a4d9-b273905b7e1f is started using port 15076 for RATIS_SERVER
2023-09-07 04:50:15,844 [EndpointStateMachine task thread for /0.0.0.0:15055 - 0 ] INFO  ratis.XceiverServerRatis (XceiverServerRatis.java:getRealPort(543)) - XceiverServerRatis 9f849854-0b93-4d35-a4d9-b273905b7e1f is started using port 15077 for RATIS_DATASTREAM
2023-09-07 04:50:15,846 [BlockDeletingService#0] INFO  interfaces.ContainerDeletionChoosingPolicyTemplate (ContainerDeletionChoosingPolicyTemplate.java:chooseContainerForBlockDeletion(85)) - Chosen 0/5000 blocks from 0 candidate containers.
2023-09-07 04:50:15,932 [main] INFO  ozone.MiniOzoneClusterImpl (MiniOzoneClusterImpl.java:lambda$waitForClusterToBeReady$0(224)) - Waiting for nodes to be ready. Got 0 of 5 DN Heartbeats.
2023-09-07 04:50:15,932 [main] INFO  ozone.MiniOzoneClusterImpl (MiniOzoneClusterImpl.java:lambda$waitForClusterToBeReady$0(227)) - Waiting for cluster to exit safe mode
2023-09-07 04:50:15,933 [main] INFO  ozone.MiniOzoneClusterImpl (MiniOzoneClusterImpl.java:lambda$waitForClusterToBeReady$0(229)) - SCM became leader
2023-09-07 04:50:16,235 [EndpointStateMachine task thread for /0.0.0.0:15055 - 0 ] INFO  utils.DatanodeStoreCache (DatanodeStoreCache.java:addDB(66)) - Added db /home/runner/work/ozone/ozone/hadoop-ozone/integration-test/target/test-dir/MiniOzoneClusterImpl-d344a044-c2aa-46c6-8971-a5e8f3f75c9e/datanode-2/data-0/containers/hdds/d344a044-c2aa-46c6-8971-a5e8f3f75c9e/DS-6bf22fd3-3e34-4539-a097-c206cc522871/container.db to cache
2023-09-07 04:50:16,235 [EndpointStateMachine task thread for /0.0.0.0:15055 - 0 ] INFO  volume.HddsVolume (HddsVolume.java:createDbStore(422)) - SchemaV3 db is created and loaded at /home/runner/work/ozone/ozone/hadoop-ozone/integration-test/target/test-dir/MiniOzoneClusterImpl-d344a044-c2aa-46c6-8971-a5e8f3f75c9e/datanode-2/data-0/containers/hdds/d344a044-c2aa-46c6-8971-a5e8f3f75c9e/DS-6bf22fd3-3e34-4539-a097-c206cc522871/container.db for volume DS-6bf22fd3-3e34-4539-a097-c206cc522871
2023-09-07 04:50:16,236 [EndpointStateMachine task thread for /0.0.0.0:15055 - 0 ] INFO  volume.ThrottledAsyncChecker (ThrottledAsyncChecker.java:schedule(141)) - Scheduling a check for /home/runner/work/ozone/ozone/hadoop-ozone/integration-test/target/test-dir/MiniOzoneClusterImpl-d344a044-c2aa-46c6-8971-a5e8f3f75c9e/datanode-2/data-0/containers/hdds
2023-09-07 04:50:16,236 [EndpointStateMachine task thread for /0.0.0.0:15055 - 0 ] INFO  volume.StorageVolumeChecker (StorageVolumeChecker.java:checkAllVolumes(213)) - Scheduled health check for volume /home/runner/work/ozone/ozone/hadoop-ozone/integration-test/target/test-dir/MiniOzoneClusterImpl-d344a044-c2aa-46c6-8971-a5e8f3f75c9e/datanode-2/data-0/containers/hdds
2023-09-07 04:50:16,239 [EndpointStateMachine task thread for /0.0.0.0:15055 - 0 ] INFO  volume.ThrottledAsyncChecker (ThrottledAsyncChecker.java:schedule(141)) - Scheduling a check for /home/runner/work/ozone/ozone/hadoop-ozone/integration-test/target/test-dir/MiniOzoneClusterImpl-d344a044-c2aa-46c6-8971-a5e8f3f75c9e/datanode-2/data/ratis
2023-09-07 04:50:16,239 [EndpointStateMachine task thread for /0.0.0.0:15055 - 0 ] INFO  volume.StorageVolumeChecker (StorageVolumeChecker.java:checkAllVolumes(213)) - Scheduled health check for volume /home/runner/work/ozone/ozone/hadoop-ozone/integration-test/target/test-dir/MiniOzoneClusterImpl-d344a044-c2aa-46c6-8971-a5e8f3f75c9e/datanode-2/data/ratis
2023-09-07 04:50:16,245 [EndpointStateMachine task thread for /0.0.0.0:15055 - 0 ] INFO  ozoneimpl.OzoneContainer (OzoneContainer.java:start(429)) - Attempting to start container services.
2023-09-07 04:50:16,246 [EndpointStateMachine task thread for /0.0.0.0:15055 - 0 ] INFO  ozoneimpl.OzoneContainer (OzoneContainer.java:startContainerScrub(325)) - Scheduled background container scanners and the on-demand container scanner have been disabled.
2023-09-07 04:50:16,247 [EndpointStateMachine task thread for /0.0.0.0:15055 - 0 ] INFO  replication.ReplicationServer (ReplicationServer.java:start(130)) - ReplicationServer is started using port 15087
2023-09-07 04:50:16,248 [EndpointStateMachine task thread for /0.0.0.0:15055 - 0 ] INFO  ratis.XceiverServerRatis (XceiverServerRatis.java:start(517)) - Starting XceiverServerRatis 8fe090c8-98a3-4c2e-b58d-35f0bbae16bb
2023-09-07 04:50:16,249 [EndpointStateMachine task thread for /0.0.0.0:15055 - 0 ] INFO  server.RaftServer (RaftServerProxy.java:startImpl(400)) - 8fe090c8-98a3-4c2e-b58d-35f0bbae16bb: start RPC server
2023-09-07 04:50:16,250 [EndpointStateMachine task thread for /0.0.0.0:15055 - 0 ] INFO  server.GrpcService (GrpcService.java:startImpl(302)) - 8fe090c8-98a3-4c2e-b58d-35f0bbae16bb: GrpcService started, listening on 15083
2023-09-07 04:50:16,251 [EndpointStateMachine task thread for /0.0.0.0:15055 - 0 ] INFO  server.GrpcService (GrpcService.java:startImpl(302)) - 8fe090c8-98a3-4c2e-b58d-35f0bbae16bb: GrpcService started, listening on 15085
2023-09-07 04:50:16,254 [EndpointStateMachine task thread for /0.0.0.0:15055 - 0 ] INFO  server.GrpcService (GrpcService.java:startImpl(302)) - 8fe090c8-98a3-4c2e-b58d-35f0bbae16bb: GrpcService started, listening on 15084
2023-09-07 04:50:16,254 [EndpointStateMachine task thread for /0.0.0.0:15055 - 0 ] INFO  ratis.XceiverServerRatis (XceiverServerRatis.java:getRealPort(543)) - XceiverServerRatis 8fe090c8-98a3-4c2e-b58d-35f0bbae16bb is started using port 15083 for RATIS
2023-09-07 04:50:16,254 [EndpointStateMachine task thread for /0.0.0.0:15055 - 0 ] INFO  ratis.XceiverServerRatis (XceiverServerRatis.java:getRealPort(543)) - XceiverServerRatis 8fe090c8-98a3-4c2e-b58d-35f0bbae16bb is started using port 15084 for RATIS_ADMIN
2023-09-07 04:50:16,254 [EndpointStateMachine task thread for /0.0.0.0:15055 - 0 ] INFO  ratis.XceiverServerRatis (XceiverServerRatis.java:getRealPort(543)) - XceiverServerRatis 8fe090c8-98a3-4c2e-b58d-35f0bbae16bb is started using port 15085 for RATIS_SERVER
2023-09-07 04:50:16,254 [EndpointStateMachine task thread for /0.0.0.0:15055 - 0 ] INFO  ratis.XceiverServerRatis (XceiverServerRatis.java:getRealPort(543)) - XceiverServerRatis 8fe090c8-98a3-4c2e-b58d-35f0bbae16bb is started using port 15086 for RATIS_DATASTREAM
2023-09-07 04:50:16,254 [JvmPauseMonitor11] INFO  util.JvmPauseMonitor (JvmPauseMonitor.java:run(103)) - JvmPauseMonitor-8fe090c8-98a3-4c2e-b58d-35f0bbae16bb: Started
2023-09-07 04:50:16,258 [BlockDeletingService#0] INFO  interfaces.ContainerDeletionChoosingPolicyTemplate (ContainerDeletionChoosingPolicyTemplate.java:chooseContainerForBlockDeletion(85)) - Chosen 0/5000 blocks from 0 candidate containers.
2023-09-07 04:50:16,601 [EndpointStateMachine task thread for /0.0.0.0:15055 - 0 ] INFO  utils.DatanodeStoreCache (DatanodeStoreCache.java:addDB(66)) - Added db /home/runner/work/ozone/ozone/hadoop-ozone/integration-test/target/test-dir/MiniOzoneClusterImpl-d344a044-c2aa-46c6-8971-a5e8f3f75c9e/datanode-3/data-0/containers/hdds/d344a044-c2aa-46c6-8971-a5e8f3f75c9e/DS-3b04e06c-2c3f-4276-86ff-6088a3ce4f6a/container.db to cache
2023-09-07 04:50:16,601 [EndpointStateMachine task thread for /0.0.0.0:15055 - 0 ] INFO  volume.HddsVolume (HddsVolume.java:createDbStore(422)) - SchemaV3 db is created and loaded at /home/runner/work/ozone/ozone/hadoop-ozone/integration-test/target/test-dir/MiniOzoneClusterImpl-d344a044-c2aa-46c6-8971-a5e8f3f75c9e/datanode-3/data-0/containers/hdds/d344a044-c2aa-46c6-8971-a5e8f3f75c9e/DS-3b04e06c-2c3f-4276-86ff-6088a3ce4f6a/container.db for volume DS-3b04e06c-2c3f-4276-86ff-6088a3ce4f6a
2023-09-07 04:50:16,602 [EndpointStateMachine task thread for /0.0.0.0:15055 - 0 ] INFO  volume.ThrottledAsyncChecker (ThrottledAsyncChecker.java:schedule(141)) - Scheduling a check for /home/runner/work/ozone/ozone/hadoop-ozone/integration-test/target/test-dir/MiniOzoneClusterImpl-d344a044-c2aa-46c6-8971-a5e8f3f75c9e/datanode-3/data-0/containers/hdds
2023-09-07 04:50:16,603 [EndpointStateMachine task thread for /0.0.0.0:15055 - 0 ] INFO  volume.StorageVolumeChecker (StorageVolumeChecker.java:checkAllVolumes(213)) - Scheduled health check for volume /home/runner/work/ozone/ozone/hadoop-ozone/integration-test/target/test-dir/MiniOzoneClusterImpl-d344a044-c2aa-46c6-8971-a5e8f3f75c9e/datanode-3/data-0/containers/hdds
2023-09-07 04:50:16,607 [EndpointStateMachine task thread for /0.0.0.0:15055 - 0 ] INFO  volume.ThrottledAsyncChecker (ThrottledAsyncChecker.java:schedule(141)) - Scheduling a check for /home/runner/work/ozone/ozone/hadoop-ozone/integration-test/target/test-dir/MiniOzoneClusterImpl-d344a044-c2aa-46c6-8971-a5e8f3f75c9e/datanode-3/data/ratis
2023-09-07 04:50:16,607 [EndpointStateMachine task thread for /0.0.0.0:15055 - 0 ] INFO  volume.StorageVolumeChecker (StorageVolumeChecker.java:checkAllVolumes(213)) - Scheduled health check for volume /home/runner/work/ozone/ozone/hadoop-ozone/integration-test/target/test-dir/MiniOzoneClusterImpl-d344a044-c2aa-46c6-8971-a5e8f3f75c9e/datanode-3/data/ratis
2023-09-07 04:50:16,608 [EndpointStateMachine task thread for /0.0.0.0:15055 - 0 ] INFO  ozoneimpl.OzoneContainer (OzoneContainer.java:start(429)) - Attempting to start container services.
2023-09-07 04:50:16,608 [EndpointStateMachine task thread for /0.0.0.0:15055 - 0 ] INFO  ozoneimpl.OzoneContainer (OzoneContainer.java:startContainerScrub(325)) - Scheduled background container scanners and the on-demand container scanner have been disabled.
2023-09-07 04:50:16,610 [EndpointStateMachine task thread for /0.0.0.0:15055 - 0 ] INFO  replication.ReplicationServer (ReplicationServer.java:start(130)) - ReplicationServer is started using port 15096
2023-09-07 04:50:16,610 [EndpointStateMachine task thread for /0.0.0.0:15055 - 0 ] INFO  ratis.XceiverServerRatis (XceiverServerRatis.java:start(517)) - Starting XceiverServerRatis ae2613ee-de6d-4587-a078-710b5812316a
2023-09-07 04:50:16,610 [EndpointStateMachine task thread for /0.0.0.0:15055 - 0 ] INFO  server.RaftServer (RaftServerProxy.java:startImpl(400)) - ae2613ee-de6d-4587-a078-710b5812316a: start RPC server
2023-09-07 04:50:16,611 [EndpointStateMachine task thread for /0.0.0.0:15055 - 0 ] INFO  server.GrpcService (GrpcService.java:startImpl(302)) - ae2613ee-de6d-4587-a078-710b5812316a: GrpcService started, listening on 15092
2023-09-07 04:50:16,613 [EndpointStateMachine task thread for /0.0.0.0:15055 - 0 ] INFO  server.GrpcService (GrpcService.java:startImpl(302)) - ae2613ee-de6d-4587-a078-710b5812316a: GrpcService started, listening on 15094
2023-09-07 04:50:16,617 [EndpointStateMachine task thread for /0.0.0.0:15055 - 0 ] INFO  server.GrpcService (GrpcService.java:startImpl(302)) - ae2613ee-de6d-4587-a078-710b5812316a: GrpcService started, listening on 15093
2023-09-07 04:50:16,618 [EndpointStateMachine task thread for /0.0.0.0:15055 - 0 ] INFO  ratis.XceiverServerRatis (XceiverServerRatis.java:getRealPort(543)) - XceiverServerRatis ae2613ee-de6d-4587-a078-710b5812316a is started using port 15092 for RATIS
2023-09-07 04:50:16,618 [EndpointStateMachine task thread for /0.0.0.0:15055 - 0 ] INFO  ratis.XceiverServerRatis (XceiverServerRatis.java:getRealPort(543)) - XceiverServerRatis ae2613ee-de6d-4587-a078-710b5812316a is started using port 15093 for RATIS_ADMIN
2023-09-07 04:50:16,618 [EndpointStateMachine task thread for /0.0.0.0:15055 - 0 ] INFO  ratis.XceiverServerRatis (XceiverServerRatis.java:getRealPort(543)) - XceiverServerRatis ae2613ee-de6d-4587-a078-710b5812316a is started using port 15094 for RATIS_SERVER
2023-09-07 04:50:16,618 [EndpointStateMachine task thread for /0.0.0.0:15055 - 0 ] INFO  ratis.XceiverServerRatis (XceiverServerRatis.java:getRealPort(543)) - XceiverServerRatis ae2613ee-de6d-4587-a078-710b5812316a is started using port 15095 for RATIS_DATASTREAM
2023-09-07 04:50:16,618 [JvmPauseMonitor12] INFO  util.JvmPauseMonitor (JvmPauseMonitor.java:run(103)) - JvmPauseMonitor-ae2613ee-de6d-4587-a078-710b5812316a: Started
2023-09-07 04:50:16,622 [BlockDeletingService#0] INFO  interfaces.ContainerDeletionChoosingPolicyTemplate (ContainerDeletionChoosingPolicyTemplate.java:chooseContainerForBlockDeletion(85)) - Chosen 0/5000 blocks from 0 candidate containers.
2023-09-07 04:50:16,933 [main] INFO  ozone.MiniOzoneClusterImpl (MiniOzoneClusterImpl.java:lambda$waitForClusterToBeReady$0(224)) - Waiting for nodes to be ready. Got 0 of 5 DN Heartbeats.
2023-09-07 04:50:16,933 [main] INFO  ozone.MiniOzoneClusterImpl (MiniOzoneClusterImpl.java:lambda$waitForClusterToBeReady$0(227)) - Waiting for cluster to exit safe mode
2023-09-07 04:50:16,933 [main] INFO  ozone.MiniOzoneClusterImpl (MiniOzoneClusterImpl.java:lambda$waitForClusterToBeReady$0(229)) - SCM became leader
2023-09-07 04:50:17,004 [EndpointStateMachine task thread for /0.0.0.0:15055 - 0 ] INFO  utils.DatanodeStoreCache (DatanodeStoreCache.java:addDB(66)) - Added db /home/runner/work/ozone/ozone/hadoop-ozone/integration-test/target/test-dir/MiniOzoneClusterImpl-d344a044-c2aa-46c6-8971-a5e8f3f75c9e/datanode-4/data-0/containers/hdds/d344a044-c2aa-46c6-8971-a5e8f3f75c9e/DS-9a1e0dae-ac78-4e27-858d-00b22174d8b5/container.db to cache
2023-09-07 04:50:17,004 [EndpointStateMachine task thread for /0.0.0.0:15055 - 0 ] INFO  volume.HddsVolume (HddsVolume.java:createDbStore(422)) - SchemaV3 db is created and loaded at /home/runner/work/ozone/ozone/hadoop-ozone/integration-test/target/test-dir/MiniOzoneClusterImpl-d344a044-c2aa-46c6-8971-a5e8f3f75c9e/datanode-4/data-0/containers/hdds/d344a044-c2aa-46c6-8971-a5e8f3f75c9e/DS-9a1e0dae-ac78-4e27-858d-00b22174d8b5/container.db for volume DS-9a1e0dae-ac78-4e27-858d-00b22174d8b5
2023-09-07 04:50:17,005 [EndpointStateMachine task thread for /0.0.0.0:15055 - 0 ] INFO  volume.ThrottledAsyncChecker (ThrottledAsyncChecker.java:schedule(141)) - Scheduling a check for /home/runner/work/ozone/ozone/hadoop-ozone/integration-test/target/test-dir/MiniOzoneClusterImpl-d344a044-c2aa-46c6-8971-a5e8f3f75c9e/datanode-4/data-0/containers/hdds
2023-09-07 04:50:17,006 [EndpointStateMachine task thread for /0.0.0.0:15055 - 0 ] INFO  volume.StorageVolumeChecker (StorageVolumeChecker.java:checkAllVolumes(213)) - Scheduled health check for volume /home/runner/work/ozone/ozone/hadoop-ozone/integration-test/target/test-dir/MiniOzoneClusterImpl-d344a044-c2aa-46c6-8971-a5e8f3f75c9e/datanode-4/data-0/containers/hdds
2023-09-07 04:50:17,010 [EndpointStateMachine task thread for /0.0.0.0:15055 - 0 ] INFO  volume.ThrottledAsyncChecker (ThrottledAsyncChecker.java:schedule(141)) - Scheduling a check for /home/runner/work/ozone/ozone/hadoop-ozone/integration-test/target/test-dir/MiniOzoneClusterImpl-d344a044-c2aa-46c6-8971-a5e8f3f75c9e/datanode-4/data/ratis
2023-09-07 04:50:17,010 [EndpointStateMachine task thread for /0.0.0.0:15055 - 0 ] INFO  volume.StorageVolumeChecker (StorageVolumeChecker.java:checkAllVolumes(213)) - Scheduled health check for volume /home/runner/work/ozone/ozone/hadoop-ozone/integration-test/target/test-dir/MiniOzoneClusterImpl-d344a044-c2aa-46c6-8971-a5e8f3f75c9e/datanode-4/data/ratis
2023-09-07 04:50:17,012 [EndpointStateMachine task thread for /0.0.0.0:15055 - 0 ] INFO  ozoneimpl.OzoneContainer (OzoneContainer.java:start(429)) - Attempting to start container services.
2023-09-07 04:50:17,012 [EndpointStateMachine task thread for /0.0.0.0:15055 - 0 ] INFO  ozoneimpl.OzoneContainer (OzoneContainer.java:startContainerScrub(325)) - Scheduled background container scanners and the on-demand container scanner have been disabled.
2023-09-07 04:50:17,014 [EndpointStateMachine task thread for /0.0.0.0:15055 - 0 ] INFO  replication.ReplicationServer (ReplicationServer.java:start(130)) - ReplicationServer is started using port 15105
2023-09-07 04:50:17,014 [EndpointStateMachine task thread for /0.0.0.0:15055 - 0 ] INFO  ratis.XceiverServerRatis (XceiverServerRatis.java:start(517)) - Starting XceiverServerRatis 749eea05-78f7-4cc7-a6e4-2ed9a747c6c9
2023-09-07 04:50:17,015 [EndpointStateMachine task thread for /0.0.0.0:15055 - 0 ] INFO  server.RaftServer (RaftServerProxy.java:startImpl(400)) - 749eea05-78f7-4cc7-a6e4-2ed9a747c6c9: start RPC server
2023-09-07 04:50:17,016 [EndpointStateMachine task thread for /0.0.0.0:15055 - 0 ] INFO  server.GrpcService (GrpcService.java:startImpl(302)) - 749eea05-78f7-4cc7-a6e4-2ed9a747c6c9: GrpcService started, listening on 15101
2023-09-07 04:50:17,022 [EndpointStateMachine task thread for /0.0.0.0:15055 - 0 ] INFO  server.GrpcService (GrpcService.java:startImpl(302)) - 749eea05-78f7-4cc7-a6e4-2ed9a747c6c9: GrpcService started, listening on 15103
2023-09-07 04:50:17,024 [EndpointStateMachine task thread for /0.0.0.0:15055 - 0 ] INFO  server.GrpcService (GrpcService.java:startImpl(302)) - 749eea05-78f7-4cc7-a6e4-2ed9a747c6c9: GrpcService started, listening on 15102
2023-09-07 04:50:17,024 [EndpointStateMachine task thread for /0.0.0.0:15055 - 0 ] INFO  ratis.XceiverServerRatis (XceiverServerRatis.java:getRealPort(543)) - XceiverServerRatis 749eea05-78f7-4cc7-a6e4-2ed9a747c6c9 is started using port 15101 for RATIS
2023-09-07 04:50:17,024 [EndpointStateMachine task thread for /0.0.0.0:15055 - 0 ] INFO  ratis.XceiverServerRatis (XceiverServerRatis.java:getRealPort(543)) - XceiverServerRatis 749eea05-78f7-4cc7-a6e4-2ed9a747c6c9 is started using port 15102 for RATIS_ADMIN
2023-09-07 04:50:17,024 [EndpointStateMachine task thread for /0.0.0.0:15055 - 0 ] INFO  ratis.XceiverServerRatis (XceiverServerRatis.java:getRealPort(543)) - XceiverServerRatis 749eea05-78f7-4cc7-a6e4-2ed9a747c6c9 is started using port 15103 for RATIS_SERVER
2023-09-07 04:50:17,024 [EndpointStateMachine task thread for /0.0.0.0:15055 - 0 ] INFO  ratis.XceiverServerRatis (XceiverServerRatis.java:getRealPort(543)) - XceiverServerRatis 749eea05-78f7-4cc7-a6e4-2ed9a747c6c9 is started using port 15104 for RATIS_DATASTREAM
2023-09-07 04:50:17,024 [JvmPauseMonitor13] INFO  util.JvmPauseMonitor (JvmPauseMonitor.java:run(103)) - JvmPauseMonitor-749eea05-78f7-4cc7-a6e4-2ed9a747c6c9: Started
2023-09-07 04:50:17,031 [BlockDeletingService#0] INFO  interfaces.ContainerDeletionChoosingPolicyTemplate (ContainerDeletionChoosingPolicyTemplate.java:chooseContainerForBlockDeletion(85)) - Chosen 0/5000 blocks from 0 candidate containers.
2023-09-07 04:50:17,384 [IPC Server handler 0 on default port 15055] INFO  net.NetworkTopologyImpl (NetworkTopologyImpl.java:add(112)) - Added a new node: /default-rack/c689351a-c011-4280-903e-e1929abe1491
2023-09-07 04:50:17,384 [IPC Server handler 0 on default port 15055] INFO  node.SCMNodeManager (SCMNodeManager.java:register(405)) - Registered Data node : c689351a-c011-4280-903e-e1929abe1491{ip: 10.1.0.9, host: fv-az163-854.ksqkok1cighebdh5ckq0wc3qdf.dx.internal.cloudapp.net, ports: [HTTP=15062, CLIENT_RPC=15063, REPLICATION=15069, RATIS=15065, RATIS_ADMIN=15066, RATIS_SERVER=15067, RATIS_DATASTREAM=15068, STANDALONE=15064], networkLocation: /default-rack, certSerialId: null, persistedOpState: null, persistedOpStateExpiryEpochSec: 0}
2023-09-07 04:50:17,387 [EventQueue-NodeRegistrationContainerReportForDataNodeSafeModeRule] INFO  safemode.SCMSafeModeManager (DataNodeSafeModeRule.java:process(71)) - SCM in safe mode. 1 DataNodes registered, 3 required.
2023-09-07 04:50:17,387 [EventQueue-NodeRegistrationContainerReportForContainerSafeModeRule] INFO  safemode.SCMSafeModeManager (SCMSafeModeManager.java:validateSafeModeExitRules(200)) - ContainerSafeModeRule rule is successfully validated
2023-09-07 04:50:17,397 [EventQueue-NewNodeForNewNodeHandler] INFO  pipeline.BackgroundPipelineCreator (BackgroundPipelineCreator.java:notifyEventTriggered(277)) - trigger a one-shot run on RatisPipelineUtilsThread.
2023-09-07 04:50:17,398 [RatisPipelineUtilsThread - 0] INFO  pipeline.RatisPipelineProvider (RatisPipelineProvider.java:lambda$create$0(206)) - Sending CreatePipelineCommand for pipeline:PipelineID=a701f6df-3d91-4dad-b346-b02aecf5c372 to datanode:c689351a-c011-4280-903e-e1929abe1491
2023-09-07 04:50:17,398 [EventQueue-PipelineReportForOneReplicaPipelineSafeModeRule] INFO  safemode.SCMSafeModeManager (SCMSafeModeManager.java:validateSafeModeExitRules(200)) - AtleastOneDatanodeReportedRule rule is successfully validated
2023-09-07 04:50:17,400 [RatisPipelineUtilsThread - 0] INFO  pipeline.BackgroundPipelineCreator (BackgroundPipelineCreator.java:createPipelines(233)) - Created new pipeline Pipeline[ Id: a701f6df-3d91-4dad-b346-b02aecf5c372, Nodes: c689351a-c011-4280-903e-e1929abe1491(fv-az163-854.ksqkok1cighebdh5ckq0wc3qdf.dx.internal.cloudapp.net/10.1.0.9), ReplicationConfig: RATIS/ONE, State:ALLOCATED, leaderId:, CreationTimestamp2023-09-07T04:50:17.398Z[Etc/UTC]]
2023-09-07 04:50:17,759 [IPC Server handler 2 on default port 15055] INFO  net.NetworkTopologyImpl (NetworkTopologyImpl.java:add(112)) - Added a new node: /default-rack/9f849854-0b93-4d35-a4d9-b273905b7e1f
2023-09-07 04:50:17,759 [IPC Server handler 2 on default port 15055] INFO  node.SCMNodeManager (SCMNodeManager.java:register(405)) - Registered Data node : 9f849854-0b93-4d35-a4d9-b273905b7e1f{ip: 10.1.0.9, host: fv-az163-854.ksqkok1cighebdh5ckq0wc3qdf.dx.internal.cloudapp.net, ports: [HTTP=15071, CLIENT_RPC=15072, REPLICATION=15078, RATIS=15074, RATIS_ADMIN=15075, RATIS_SERVER=15076, RATIS_DATASTREAM=15077, STANDALONE=15073], networkLocation: /default-rack, certSerialId: null, persistedOpState: null, persistedOpStateExpiryEpochSec: 0}
2023-09-07 04:50:17,760 [EventQueue-NewNodeForNewNodeHandler] INFO  pipeline.BackgroundPipelineCreator (BackgroundPipelineCreator.java:notifyEventTriggered(277)) - trigger a one-shot run on RatisPipelineUtilsThread.
2023-09-07 04:50:17,760 [EventQueue-NodeRegistrationContainerReportForDataNodeSafeModeRule] INFO  safemode.SCMSafeModeManager (DataNodeSafeModeRule.java:process(71)) - SCM in safe mode. 2 DataNodes registered, 3 required.
2023-09-07 04:50:17,760 [RatisPipelineUtilsThread - 0] INFO  pipeline.RatisPipelineProvider (RatisPipelineProvider.java:lambda$create$0(206)) - Sending CreatePipelineCommand for pipeline:PipelineID=ee85cd21-a7f1-4a16-a6d7-94c7cb4eff97 to datanode:9f849854-0b93-4d35-a4d9-b273905b7e1f
2023-09-07 04:50:17,761 [RatisPipelineUtilsThread - 0] INFO  pipeline.BackgroundPipelineCreator (BackgroundPipelineCreator.java:createPipelines(233)) - Created new pipeline Pipeline[ Id: ee85cd21-a7f1-4a16-a6d7-94c7cb4eff97, Nodes: 9f849854-0b93-4d35-a4d9-b273905b7e1f(fv-az163-854.ksqkok1cighebdh5ckq0wc3qdf.dx.internal.cloudapp.net/10.1.0.9), ReplicationConfig: RATIS/ONE, State:ALLOCATED, leaderId:, CreationTimestamp2023-09-07T04:50:17.760Z[Etc/UTC]]
2023-09-07 04:50:17,934 [main] INFO  ozone.MiniOzoneClusterImpl (MiniOzoneClusterImpl.java:lambda$waitForClusterToBeReady$0(224)) - Waiting for nodes to be ready. Got 2 of 5 DN Heartbeats.
2023-09-07 04:50:17,934 [main] INFO  ozone.MiniOzoneClusterImpl (MiniOzoneClusterImpl.java:lambda$waitForClusterToBeReady$0(227)) - Waiting for cluster to exit safe mode
2023-09-07 04:50:17,934 [main] INFO  ozone.MiniOzoneClusterImpl (MiniOzoneClusterImpl.java:lambda$waitForClusterToBeReady$0(229)) - SCM became leader
2023-09-07 04:50:18,187 [IPC Server handler 4 on default port 15055] INFO  net.NetworkTopologyImpl (NetworkTopologyImpl.java:add(112)) - Added a new node: /default-rack/8fe090c8-98a3-4c2e-b58d-35f0bbae16bb
2023-09-07 04:50:18,187 [IPC Server handler 4 on default port 15055] INFO  node.SCMNodeManager (SCMNodeManager.java:register(405)) - Registered Data node : 8fe090c8-98a3-4c2e-b58d-35f0bbae16bb{ip: 10.1.0.9, host: fv-az163-854.ksqkok1cighebdh5ckq0wc3qdf.dx.internal.cloudapp.net, ports: [HTTP=15080, CLIENT_RPC=15081, REPLICATION=15087, RATIS=15083, RATIS_ADMIN=15084, RATIS_SERVER=15085, RATIS_DATASTREAM=15086, STANDALONE=15082], networkLocation: /default-rack, certSerialId: null, persistedOpState: null, persistedOpStateExpiryEpochSec: 0}
2023-09-07 04:50:18,188 [EventQueue-NodeRegistrationContainerReportForDataNodeSafeModeRule] INFO  safemode.SCMSafeModeManager (DataNodeSafeModeRule.java:process(71)) - SCM in safe mode. 3 DataNodes registered, 3 required.
2023-09-07 04:50:18,188 [EventQueue-NodeRegistrationContainerReportForDataNodeSafeModeRule] INFO  safemode.SCMSafeModeManager (SCMSafeModeManager.java:validateSafeModeExitRules(200)) - DataNodeSafeModeRule rule is successfully validated
2023-09-07 04:50:18,188 [EventQueue-NodeRegistrationContainerReportForDataNodeSafeModeRule] INFO  safemode.SCMSafeModeManager (SCMSafeModeManager.java:completePreCheck(229)) - All SCM safe mode pre check rules have passed
2023-09-07 04:50:18,188 [EventQueue-NodeRegistrationContainerReportForDataNodeSafeModeRule] INFO  ha.SCMContext (SCMContext.java:updateSafeModeStatus(228)) - Update SafeModeStatus from SafeModeStatus{safeModeStatus=true, preCheckPassed=false} to SafeModeStatus{safeModeStatus=true, preCheckPassed=true}.
2023-09-07 04:50:18,188 [EventQueue-NewNodeForNewNodeHandler] INFO  pipeline.BackgroundPipelineCreator (BackgroundPipelineCreator.java:notifyEventTriggered(277)) - trigger a one-shot run on RatisPipelineUtilsThread.
2023-09-07 04:50:18,188 [EventQueue-NodeRegistrationContainerReportForDataNodeSafeModeRule] INFO  pipeline.BackgroundPipelineCreator (BackgroundPipelineCreator.java:notifyEventTriggered(277)) - trigger a one-shot run on RatisPipelineUtilsThread.
2023-09-07 04:50:18,193 [RatisPipelineUtilsThread - 0] INFO  pipeline.RatisPipelineProvider (RatisPipelineProvider.java:lambda$create$0(206)) - Sending CreatePipelineCommand for pipeline:PipelineID=412abba0-4e29-4648-a847-93f258c19032 to datanode:8fe090c8-98a3-4c2e-b58d-35f0bbae16bb
2023-09-07 04:50:18,194 [RatisPipelineUtilsThread - 0] INFO  pipeline.BackgroundPipelineCreator (BackgroundPipelineCreator.java:createPipelines(233)) - Created new pipeline Pipeline[ Id: 412abba0-4e29-4648-a847-93f258c19032, Nodes: 8fe090c8-98a3-4c2e-b58d-35f0bbae16bb(fv-az163-854.ksqkok1cighebdh5ckq0wc3qdf.dx.internal.cloudapp.net/10.1.0.9), ReplicationConfig: RATIS/ONE, State:ALLOCATED, leaderId:, CreationTimestamp2023-09-07T04:50:18.193Z[Etc/UTC]]
2023-09-07 04:50:18,194 [RatisPipelineUtilsThread - 0] INFO  pipeline.RatisPipelineProvider (RatisPipelineProvider.java:lambda$create$0(206)) - Sending CreatePipelineCommand for pipeline:PipelineID=b7b8b19f-bcc4-4b03-9e33-85ab1ce9058e to datanode:8fe090c8-98a3-4c2e-b58d-35f0bbae16bb
2023-09-07 04:50:18,194 [RatisPipelineUtilsThread - 0] INFO  pipeline.RatisPipelineProvider (RatisPipelineProvider.java:lambda$create$0(206)) - Sending CreatePipelineCommand for pipeline:PipelineID=b7b8b19f-bcc4-4b03-9e33-85ab1ce9058e to datanode:c689351a-c011-4280-903e-e1929abe1491
2023-09-07 04:50:18,195 [RatisPipelineUtilsThread - 0] INFO  pipeline.RatisPipelineProvider (RatisPipelineProvider.java:lambda$create$0(206)) - Sending CreatePipelineCommand for pipeline:PipelineID=b7b8b19f-bcc4-4b03-9e33-85ab1ce9058e to datanode:9f849854-0b93-4d35-a4d9-b273905b7e1f
2023-09-07 04:50:18,195 [RatisPipelineUtilsThread - 0] INFO  pipeline.BackgroundPipelineCreator (BackgroundPipelineCreator.java:createPipelines(233)) - Created new pipeline Pipeline[ Id: b7b8b19f-bcc4-4b03-9e33-85ab1ce9058e, Nodes: 8fe090c8-98a3-4c2e-b58d-35f0bbae16bb(fv-az163-854.ksqkok1cighebdh5ckq0wc3qdf.dx.internal.cloudapp.net/10.1.0.9)c689351a-c011-4280-903e-e1929abe1491(fv-az163-854.ksqkok1cighebdh5ckq0wc3qdf.dx.internal.cloudapp.net/10.1.0.9)9f849854-0b93-4d35-a4d9-b273905b7e1f(fv-az163-854.ksqkok1cighebdh5ckq0wc3qdf.dx.internal.cloudapp.net/10.1.0.9), ReplicationConfig: RATIS/THREE, State:ALLOCATED, leaderId:, CreationTimestamp2023-09-07T04:50:18.194Z[Etc/UTC]]
2023-09-07 04:50:18,196 [RatisPipelineUtilsThread - 0] INFO  pipeline.RatisPipelineProvider (RatisPipelineProvider.java:lambda$create$0(206)) - Sending CreatePipelineCommand for pipeline:PipelineID=bc074d86-acaf-4846-b5ee-c77b99c35e72 to datanode:c689351a-c011-4280-903e-e1929abe1491
2023-09-07 04:50:18,196 [RatisPipelineUtilsThread - 0] INFO  pipeline.RatisPipelineProvider (RatisPipelineProvider.java:lambda$create$0(206)) - Sending CreatePipelineCommand for pipeline:PipelineID=bc074d86-acaf-4846-b5ee-c77b99c35e72 to datanode:8fe090c8-98a3-4c2e-b58d-35f0bbae16bb
2023-09-07 04:50:18,196 [RatisPipelineUtilsThread - 0] INFO  pipeline.RatisPipelineProvider (RatisPipelineProvider.java:lambda$create$0(206)) - Sending CreatePipelineCommand for pipeline:PipelineID=bc074d86-acaf-4846-b5ee-c77b99c35e72 to datanode:9f849854-0b93-4d35-a4d9-b273905b7e1f
2023-09-07 04:50:18,197 [RatisPipelineUtilsThread - 0] INFO  pipeline.PipelineManagerImpl (PipelineManagerImpl.java:recordMetricsForPipeline(914)) - Pipeline: PipelineID=bc074d86-acaf-4846-b5ee-c77b99c35e72 contains same datanodes as previous pipelines: PipelineID=b7b8b19f-bcc4-4b03-9e33-85ab1ce9058e nodeIds: c689351a-c011-4280-903e-e1929abe1491, 8fe090c8-98a3-4c2e-b58d-35f0bbae16bb, 9f849854-0b93-4d35-a4d9-b273905b7e1f
2023-09-07 04:50:18,197 [RatisPipelineUtilsThread - 0] INFO  pipeline.BackgroundPipelineCreator (BackgroundPipelineCreator.java:createPipelines(233)) - Created new pipeline Pipeline[ Id: bc074d86-acaf-4846-b5ee-c77b99c35e72, Nodes: c689351a-c011-4280-903e-e1929abe1491(fv-az163-854.ksqkok1cighebdh5ckq0wc3qdf.dx.internal.cloudapp.net/10.1.0.9)8fe090c8-98a3-4c2e-b58d-35f0bbae16bb(fv-az163-854.ksqkok1cighebdh5ckq0wc3qdf.dx.internal.cloudapp.net/10.1.0.9)9f849854-0b93-4d35-a4d9-b273905b7e1f(fv-az163-854.ksqkok1cighebdh5ckq0wc3qdf.dx.internal.cloudapp.net/10.1.0.9), ReplicationConfig: RATIS/THREE, State:ALLOCATED, leaderId:, CreationTimestamp2023-09-07T04:50:18.196Z[Etc/UTC]]
2023-09-07 04:50:18,553 [IPC Server handler 1 on default port 15055] INFO  net.NetworkTopologyImpl (NetworkTopologyImpl.java:add(112)) - Added a new node: /default-rack/ae2613ee-de6d-4587-a078-710b5812316a
2023-09-07 04:50:18,554 [IPC Server handler 1 on default port 15055] INFO  node.SCMNodeManager (SCMNodeManager.java:register(405)) - Registered Data node : ae2613ee-de6d-4587-a078-710b5812316a{ip: 10.1.0.9, host: fv-az163-854.ksqkok1cighebdh5ckq0wc3qdf.dx.internal.cloudapp.net, ports: [HTTP=15089, CLIENT_RPC=15090, REPLICATION=15096, RATIS=15092, RATIS_ADMIN=15093, RATIS_SERVER=15094, RATIS_DATASTREAM=15095, STANDALONE=15091], networkLocation: /default-rack, certSerialId: null, persistedOpState: null, persistedOpStateExpiryEpochSec: 0}
2023-09-07 04:50:18,554 [EventQueue-NewNodeForNewNodeHandler] INFO  pipeline.BackgroundPipelineCreator (BackgroundPipelineCreator.java:notifyEventTriggered(277)) - trigger a one-shot run on RatisPipelineUtilsThread.
2023-09-07 04:50:18,557 [RatisPipelineUtilsThread - 0] INFO  pipeline.RatisPipelineProvider (RatisPipelineProvider.java:lambda$create$0(206)) - Sending CreatePipelineCommand for pipeline:PipelineID=e552724c-b61a-4989-ad52-77f33946d1ac to datanode:ae2613ee-de6d-4587-a078-710b5812316a
2023-09-07 04:50:18,559 [RatisPipelineUtilsThread - 0] INFO  pipeline.BackgroundPipelineCreator (BackgroundPipelineCreator.java:createPipelines(233)) - Created new pipeline Pipeline[ Id: e552724c-b61a-4989-ad52-77f33946d1ac, Nodes: ae2613ee-de6d-4587-a078-710b5812316a(fv-az163-854.ksqkok1cighebdh5ckq0wc3qdf.dx.internal.cloudapp.net/10.1.0.9), ReplicationConfig: RATIS/ONE, State:ALLOCATED, leaderId:, CreationTimestamp2023-09-07T04:50:18.557Z[Etc/UTC]]
2023-09-07 04:50:18,935 [main] INFO  ozone.MiniOzoneClusterImpl (MiniOzoneClusterImpl.java:lambda$waitForClusterToBeReady$0(224)) - Waiting for nodes to be ready. Got 4 of 5 DN Heartbeats.
2023-09-07 04:50:18,935 [main] INFO  ozone.MiniOzoneClusterImpl (MiniOzoneClusterImpl.java:lambda$waitForClusterToBeReady$0(227)) - Waiting for cluster to exit safe mode
2023-09-07 04:50:18,935 [main] INFO  ozone.MiniOzoneClusterImpl (MiniOzoneClusterImpl.java:lambda$waitForClusterToBeReady$0(229)) - SCM became leader
2023-09-07 04:50:18,948 [IPC Server handler 4 on default port 15055] INFO  net.NetworkTopologyImpl (NetworkTopologyImpl.java:add(112)) - Added a new node: /default-rack/749eea05-78f7-4cc7-a6e4-2ed9a747c6c9
2023-09-07 04:50:18,948 [IPC Server handler 4 on default port 15055] INFO  node.SCMNodeManager (SCMNodeManager.java:register(405)) - Registered Data node : 749eea05-78f7-4cc7-a6e4-2ed9a747c6c9{ip: 10.1.0.9, host: fv-az163-854.ksqkok1cighebdh5ckq0wc3qdf.dx.internal.cloudapp.net, ports: [HTTP=15098, CLIENT_RPC=15099, REPLICATION=15105, RATIS=15101, RATIS_ADMIN=15102, RATIS_SERVER=15103, RATIS_DATASTREAM=15104, STANDALONE=15100], networkLocation: /default-rack, certSerialId: null, persistedOpState: null, persistedOpStateExpiryEpochSec: 0}
2023-09-07 04:50:18,948 [EventQueue-NewNodeForNewNodeHandler] INFO  pipeline.BackgroundPipelineCreator (BackgroundPipelineCreator.java:notifyEventTriggered(277)) - trigger a one-shot run on RatisPipelineUtilsThread.
2023-09-07 04:50:18,951 [RatisPipelineUtilsThread - 0] INFO  pipeline.RatisPipelineProvider (RatisPipelineProvider.java:lambda$create$0(206)) - Sending CreatePipelineCommand for pipeline:PipelineID=ac797abc-1a6e-4177-b30d-7fd7eecf8bdf to datanode:749eea05-78f7-4cc7-a6e4-2ed9a747c6c9
2023-09-07 04:50:18,952 [RatisPipelineUtilsThread - 0] INFO  pipeline.BackgroundPipelineCreator (BackgroundPipelineCreator.java:createPipelines(233)) - Created new pipeline Pipeline[ Id: ac797abc-1a6e-4177-b30d-7fd7eecf8bdf, Nodes: 749eea05-78f7-4cc7-a6e4-2ed9a747c6c9(fv-az163-854.ksqkok1cighebdh5ckq0wc3qdf.dx.internal.cloudapp.net/10.1.0.9), ReplicationConfig: RATIS/ONE, State:ALLOCATED, leaderId:, CreationTimestamp2023-09-07T04:50:18.951Z[Etc/UTC]]
2023-09-07 04:50:19,936 [main] INFO  ozone.MiniOzoneClusterImpl (MiniOzoneClusterImpl.java:lambda$waitForClusterToBeReady$0(224)) - Nodes are ready. Got 5 of 5 DN Heartbeats.
2023-09-07 04:50:19,936 [main] INFO  ozone.MiniOzoneClusterImpl (MiniOzoneClusterImpl.java:lambda$waitForClusterToBeReady$0(227)) - Waiting for cluster to exit safe mode
2023-09-07 04:50:19,936 [main] INFO  ozone.MiniOzoneClusterImpl (MiniOzoneClusterImpl.java:lambda$waitForClusterToBeReady$0(229)) - SCM became leader
2023-09-07 04:50:20,385 [PipelineCommandHandlerThread-0] INFO  server.RaftServer (RaftServerProxy.java:addNew(98)) - c689351a-c011-4280-903e-e1929abe1491: addNew group-B02AECF5C372:[c689351a-c011-4280-903e-e1929abe1491|rpc:10.1.0.9:15067|admin:10.1.0.9:15066|client:10.1.0.9:15065|dataStream:10.1.0.9:15068|priority:1|startupRole:FOLLOWER] returns group-B02AECF5C372:java.util.concurrent.CompletableFuture@12afc07c[Not completed]
2023-09-07 04:50:20,387 [c689351a-c011-4280-903e-e1929abe1491-groupManagement] INFO  server.RaftServer$Division (RaftServerImpl.java:<init>(198)) - c689351a-c011-4280-903e-e1929abe1491: new RaftServerImpl for group-B02AECF5C372:[c689351a-c011-4280-903e-e1929abe1491|rpc:10.1.0.9:15067|admin:10.1.0.9:15066|client:10.1.0.9:15065|dataStream:10.1.0.9:15068|priority:1|startupRole:FOLLOWER] with ContainerStateMachine:uninitialized
2023-09-07 04:50:20,387 [c689351a-c011-4280-903e-e1929abe1491-groupManagement] INFO  server.RaftServerConfigKeys (ConfUtils.java:logGet(46)) - raft.server.rpc.timeout.min = 5s (custom)
2023-09-07 04:50:20,387 [c689351a-c011-4280-903e-e1929abe1491-groupManagement] INFO  server.RaftServerConfigKeys (ConfUtils.java:logGet(46)) - raft.server.rpc.timeout.max = 5200ms (custom)
2023-09-07 04:50:20,387 [c689351a-c011-4280-903e-e1929abe1491-groupManagement] INFO  server.RaftServerConfigKeys (ConfUtils.java:logGet(46)) - raft.server.rpc.sleep.time = 25ms (default)
2023-09-07 04:50:20,387 [c689351a-c011-4280-903e-e1929abe1491-groupManagement] INFO  server.RaftServerConfigKeys (ConfUtils.java:logGet(46)) - raft.server.rpc.slowness.timeout = 300s (custom)
2023-09-07 04:50:20,387 [c689351a-c011-4280-903e-e1929abe1491-groupManagement] INFO  server.RaftServerConfigKeys (ConfUtils.java:logGet(46)) - raft.server.leaderelection.leader.step-down.wait-time = 10s (default)
2023-09-07 04:50:20,387 [c689351a-c011-4280-903e-e1929abe1491-groupManagement] INFO  server.RaftServerConfigKeys (ConfUtils.java:logGet(46)) - raft.server.sleep.deviation.threshold = 300ms (default)
2023-09-07 04:50:20,388 [c689351a-c011-4280-903e-e1929abe1491-groupManagement] INFO  server.RaftServer$Division (ServerState.java:<init>(120)) - c689351a-c011-4280-903e-e1929abe1491@group-B02AECF5C372: ConfigurationManager, init=-1: peers:[c689351a-c011-4280-903e-e1929abe1491|rpc:10.1.0.9:15067|admin:10.1.0.9:15066|client:10.1.0.9:15065|dataStream:10.1.0.9:15068|priority:1|startupRole:FOLLOWER]|listeners:[], old=null, confs=<EMPTY_MAP>
2023-09-07 04:50:20,388 [c689351a-c011-4280-903e-e1929abe1491-groupManagement] INFO  server.RaftServerConfigKeys (ConfUtils.java:logGet(46)) - raft.server.storage.dir = [/home/runner/work/ozone/ozone/hadoop-ozone/integration-test/target/test-dir/MiniOzoneClusterImpl-d344a044-c2aa-46c6-8971-a5e8f3f75c9e/datanode-0/data/ratis] (custom)
2023-09-07 04:50:20,388 [c689351a-c011-4280-903e-e1929abe1491-groupManagement] INFO  server.RaftServerConfigKeys (ConfUtils.java:logGet(46)) - raft.server.log.corruption.policy = EXCEPTION (default)
2023-09-07 04:50:20,388 [c689351a-c011-4280-903e-e1929abe1491-groupManagement] INFO  server.RaftServerConfigKeys (ConfUtils.java:logGet(46)) - raft.server.storage.free-space.min = 0MB (=0) (default)
2023-09-07 04:50:20,388 [c689351a-c011-4280-903e-e1929abe1491-groupManagement] INFO  server.RaftServerConfigKeys (ConfUtils.java:logGet(46)) - raft.server.notification.no-leader.timeout = 300s (custom)
2023-09-07 04:50:20,388 [c689351a-c011-4280-903e-e1929abe1491-groupManagement] INFO  server.RaftServerConfigKeys (ConfUtils.java:logGet(46)) - raft.server.read.timeout = 10s (default)
2023-09-07 04:50:20,389 [c689351a-c011-4280-903e-e1929abe1491-groupManagement] INFO  server.RaftServerConfigKeys (ConfUtils.java:logGet(46)) - raft.server.retrycache.expirytime = 600000ms (custom)
2023-09-07 04:50:20,389 [c689351a-c011-4280-903e-e1929abe1491-groupManagement] INFO  server.RaftServerConfigKeys (ConfUtils.java:logGet(46)) - raft.server.retrycache.statistics.expirytime = 100μs (default)
2023-09-07 04:50:20,389 [c689351a-c011-4280-903e-e1929abe1491-groupManagement] INFO  server.RaftServerConfigKeys (ConfUtils.java:logGet(46)) - raft.server.read.option = DEFAULT (default)
2023-09-07 04:50:20,390 [c689351a-c011-4280-903e-e1929abe1491-groupManagement] INFO  server.RaftServerConfigKeys (ConfUtils.java:logGet(46)) - raft.server.rpc.request.timeout = 60s (custom)
2023-09-07 04:50:20,390 [c689351a-c011-4280-903e-e1929abe1491-groupManagement] INFO  server.RaftServerConfigKeys (ConfUtils.java:logGet(46)) - raft.server.log.appender.install.snapshot.enabled = false (custom)
2023-09-07 04:50:20,390 [c689351a-c011-4280-903e-e1929abe1491-groupManagement] INFO  server.RaftServerConfigKeys (ConfUtils.java:logGet(46)) - raft.server.threadpool.server.cached = true (default)
2023-09-07 04:50:20,390 [c689351a-c011-4280-903e-e1929abe1491-groupManagement] INFO  server.RaftServerConfigKeys (ConfUtils.java:logGet(46)) - raft.server.threadpool.server.size = 0 (default)
2023-09-07 04:50:20,390 [c689351a-c011-4280-903e-e1929abe1491-groupManagement] INFO  server.RaftServerConfigKeys (ConfUtils.java:logGet(46)) - raft.server.threadpool.client.cached = true (default)
2023-09-07 04:50:20,390 [c689351a-c011-4280-903e-e1929abe1491-groupManagement] INFO  server.RaftServerConfigKeys (ConfUtils.java:logGet(46)) - raft.server.threadpool.client.size = 0 (default)
2023-09-07 04:50:20,391 [c689351a-c011-4280-903e-e1929abe1491-groupManagement] INFO  storage.RaftStorageDirectory (RaftStorageDirectoryImpl.java:analyzeStorage(137)) - The storage directory /home/runner/work/ozone/ozone/hadoop-ozone/integration-test/target/test-dir/MiniOzoneClusterImpl-d344a044-c2aa-46c6-8971-a5e8f3f75c9e/datanode-0/data/ratis/a701f6df-3d91-4dad-b346-b02aecf5c372 does not exist. Creating ...
2023-09-07 04:50:20,392 [c689351a-c011-4280-903e-e1929abe1491-groupManagement] INFO  storage.RaftStorageDirectory (RaftStorageDirectoryImpl.java:tryLock(231)) - Lock on /home/runner/work/ozone/ozone/hadoop-ozone/integration-test/target/test-dir/MiniOzoneClusterImpl-d344a044-c2aa-46c6-8971-a5e8f3f75c9e/datanode-0/data/ratis/a701f6df-3d91-4dad-b346-b02aecf5c372/in_use.lock acquired by nodename 7593@fv-az163-854
2023-09-07 04:50:20,396 [c689351a-c011-4280-903e-e1929abe1491-groupManagement] INFO  storage.RaftStorage (RaftStorageImpl.java:format(96)) - Storage directory /home/runner/work/ozone/ozone/hadoop-ozone/integration-test/target/test-dir/MiniOzoneClusterImpl-d344a044-c2aa-46c6-8971-a5e8f3f75c9e/datanode-0/data/ratis/a701f6df-3d91-4dad-b346-b02aecf5c372 has been successfully formatted.
2023-09-07 04:50:20,397 [c689351a-c011-4280-903e-e1929abe1491-groupManagement] INFO  ratis.ContainerStateMachine (ContainerStateMachine.java:loadSnapshot(262)) - group-B02AECF5C372: The snapshot info is null. Setting the last applied indexto:(t:0, i:~)
2023-09-07 04:50:20,398 [c689351a-c011-4280-903e-e1929abe1491-groupManagement] INFO  server.RaftServerConfigKeys (ConfUtils.java:logGet(46)) - raft.server.log.use.memory = false (default)
2023-09-07 04:50:20,398 [c689351a-c011-4280-903e-e1929abe1491-groupManagement] INFO  server.RaftServerConfigKeys (ConfUtils.java:logGet(46)) - raft.server.log.purge.gap = 1000000 (custom)
2023-09-07 04:50:20,399 [EventQueue-PipelineReportForPipelineReportHandler] INFO  pipeline.PipelineReportHandler (PipelineReportHandler.java:processPipelineReport(136)) - Opened pipeline PipelineID=a701f6df-3d91-4dad-b346-b02aecf5c372
2023-09-07 04:50:20,400 [c689351a-c011-4280-903e-e1929abe1491-groupManagement] INFO  server.RaftServerConfigKeys (ConfUtils.java:logGet(46)) - raft.server.log.appender.buffer.byte-limit = 33554432 (custom)
2023-09-07 04:50:20,402 [EventQueue-OpenPipelineForHealthyPipelineSafeModeRule] INFO  safemode.SCMSafeModeManager (HealthyPipelineSafeModeRule.java:process(137)) - SCM in safe mode. Healthy pipelines reported count is 0, required healthy pipeline reported count is 1
2023-09-07 04:50:20,402 [c689351a-c011-4280-903e-e1929abe1491-groupManagement] INFO  server.RaftServerConfigKeys (ConfUtils.java:logGet(46)) - raft.server.log.statemachine.data.read.timeout = 1000ms (default)
2023-09-07 04:50:20,403 [c689351a-c011-4280-903e-e1929abe1491-groupManagement] INFO  server.RaftServerConfigKeys (ConfUtils.java:logGet(46)) - raft.server.log.purge.preservation.log.num = 0 (default)
2023-09-07 04:50:20,403 [c689351a-c011-4280-903e-e1929abe1491-groupManagement] INFO  server.RaftServerConfigKeys (ConfUtils.java:logGet(46)) - raft.server.log.segment.size.max = 1048576 (custom)
2023-09-07 04:50:20,404 [c689351a-c011-4280-903e-e1929abe1491-groupManagement] INFO  server.RaftServerConfigKeys (ConfUtils.java:logGet(46)) - raft.server.log.segment.cache.num.max = 2 (custom)
2023-09-07 04:50:20,404 [c689351a-c011-4280-903e-e1929abe1491-groupManagement] INFO  server.RaftServerConfigKeys (ConfUtils.java:logGet(46)) - raft.server.log.segment.cache.size.max = 200MB (=209715200) (default)
2023-09-07 04:50:20,404 [c689351a-c011-4280-903e-e1929abe1491-groupManagement] INFO  server.RaftServerConfigKeys (ConfUtils.java:logGet(46)) - raft.server.log.appender.buffer.byte-limit = 33554432 (custom)
2023-09-07 04:50:20,404 [c689351a-c011-4280-903e-e1929abe1491-groupManagement] INFO  segmented.SegmentedRaftLogWorker (SegmentedRaftLogWorker.java:<init>(188)) - new c689351a-c011-4280-903e-e1929abe1491@group-B02AECF5C372-SegmentedRaftLogWorker for RaftStorageImpl:Storage Directory /home/runner/work/ozone/ozone/hadoop-ozone/integration-test/target/test-dir/MiniOzoneClusterImpl-d344a044-c2aa-46c6-8971-a5e8f3f75c9e/datanode-0/data/ratis/a701f6df-3d91-4dad-b346-b02aecf5c372
2023-09-07 04:50:20,404 [c689351a-c011-4280-903e-e1929abe1491-groupManagement] INFO  server.RaftServerConfigKeys (ConfUtils.java:logGet(46)) - raft.server.log.queue.byte-limit = 4294967296 (custom)
2023-09-07 04:50:20,404 [c689351a-c011-4280-903e-e1929abe1491-groupManagement] INFO  server.RaftServerConfigKeys (ConfUtils.java:logGet(46)) - raft.server.log.queue.element-limit = 1024 (custom)
2023-09-07 04:50:20,404 [c689351a-c011-4280-903e-e1929abe1491-groupManagement] INFO  server.RaftServerConfigKeys (ConfUtils.java:logGet(46)) - raft.server.log.segment.size.max = 1048576 (custom)
2023-09-07 04:50:20,404 [c689351a-c011-4280-903e-e1929abe1491-groupManagement] INFO  server.RaftServerConfigKeys (ConfUtils.java:logGet(46)) - raft.server.log.preallocated.size = 16384 (custom)
2023-09-07 04:50:20,404 [c689351a-c011-4280-903e-e1929abe1491-groupManagement] INFO  server.RaftServerConfigKeys (ConfUtils.java:logGet(46)) - raft.server.log.force.sync.num = 128 (default)
2023-09-07 04:50:20,404 [c689351a-c011-4280-903e-e1929abe1491-groupManagement] INFO  server.RaftServerConfigKeys (ConfUtils.java:logGet(46)) - raft.server.log.statemachine.data.sync = true (default)
2023-09-07 04:50:20,404 [c689351a-c011-4280-903e-e1929abe1491-groupManagement] INFO  server.RaftServerConfigKeys (ConfUtils.java:logGet(46)) - raft.server.log.statemachine.data.sync.timeout = 10s (default)
2023-09-07 04:50:20,405 [c689351a-c011-4280-903e-e1929abe1491-groupManagement] INFO  server.RaftServerConfigKeys (ConfUtils.java:logGet(46)) - raft.server.log.statemachine.data.sync.timeout.retry = -1 (default)
2023-09-07 04:50:20,407 [c689351a-c011-4280-903e-e1929abe1491-groupManagement] INFO  server.RaftServerConfigKeys (ConfUtils.java:logGet(46)) - raft.server.log.write.buffer.size = 1048576 (custom)
2023-09-07 04:50:20,407 [c689351a-c011-4280-903e-e1929abe1491-groupManagement] INFO  server.RaftServerConfigKeys (ConfUtils.java:logGet(46)) - raft.server.log.appender.buffer.byte-limit = 33554432 (custom)
2023-09-07 04:50:20,414 [c689351a-c011-4280-903e-e1929abe1491-groupManagement] INFO  server.RaftServerConfigKeys (ConfUtils.java:logGet(46)) - raft.server.log.unsafe-flush.enabled = false (default)
2023-09-07 04:50:20,414 [c689351a-c011-4280-903e-e1929abe1491-groupManagement] INFO  server.RaftServerConfigKeys (ConfUtils.java:logGet(46)) - raft.server.log.async-flush.enabled = false (default)
2023-09-07 04:50:20,414 [c689351a-c011-4280-903e-e1929abe1491-groupManagement] INFO  server.RaftServerConfigKeys (ConfUtils.java:logGet(46)) - raft.server.log.statemachine.data.caching.enabled = true (custom)
2023-09-07 04:50:20,415 [c689351a-c011-4280-903e-e1929abe1491-groupManagement] INFO  segmented.SegmentedRaftLogWorker (SegmentedRaftLogWorker.java:lambda$new$0(135)) - c689351a-c011-4280-903e-e1929abe1491@group-B02AECF5C372-SegmentedRaftLogWorker: flushIndex: setUnconditionally 0 -> -1
2023-09-07 04:50:20,415 [c689351a-c011-4280-903e-e1929abe1491-groupManagement] INFO  segmented.SegmentedRaftLogWorker (SegmentedRaftLogWorker.java:lambda$new$0(135)) - c689351a-c011-4280-903e-e1929abe1491@group-B02AECF5C372-SegmentedRaftLogWorker: safeCacheEvictIndex: setUnconditionally 0 -> -1
2023-09-07 04:50:20,415 [c689351a-c011-4280-903e-e1929abe1491-groupManagement] INFO  server.RaftServer$Division (RaftServerImpl.java:start(342)) - c689351a-c011-4280-903e-e1929abe1491@group-B02AECF5C372: start as a follower, conf=-1: peers:[c689351a-c011-4280-903e-e1929abe1491|rpc:10.1.0.9:15067|admin:10.1.0.9:15066|client:10.1.0.9:15065|dataStream:10.1.0.9:15068|priority:1|startupRole:FOLLOWER]|listeners:[], old=null
2023-09-07 04:50:20,415 [c689351a-c011-4280-903e-e1929abe1491-groupManagement] INFO  server.RaftServer$Division (RaftServerImpl.java:setRole(329)) - c689351a-c011-4280-903e-e1929abe1491@group-B02AECF5C372: changes role from      null to FOLLOWER at term 0 for startAsFollower
2023-09-07 04:50:20,416 [c689351a-c011-4280-903e-e1929abe1491-groupManagement] INFO  impl.RoleInfo (RoleInfo.java:updateAndGet(139)) - c689351a-c011-4280-903e-e1929abe1491: start c689351a-c011-4280-903e-e1929abe1491@group-B02AECF5C372-FollowerState
2023-09-07 04:50:20,416 [c689351a-c011-4280-903e-e1929abe1491-groupManagement] INFO  util.JmxRegister (JmxRegister.java:tryRegister(44)) - Successfully registered JMX Bean with object name Ratis:service=RaftServer,group=group-B02AECF5C372,id=c689351a-c011-4280-903e-e1929abe1491
2023-09-07 04:50:20,416 [c689351a-c011-4280-903e-e1929abe1491-groupManagement] INFO  server.RaftServerConfigKeys (ConfUtils.java:logGet(46)) - raft.server.snapshot.auto.trigger.enabled = true (custom)
2023-09-07 04:50:20,416 [c689351a-c011-4280-903e-e1929abe1491-groupManagement] INFO  server.RaftServerConfigKeys (ConfUtils.java:logGet(46)) - raft.server.snapshot.auto.trigger.threshold = 10000 (custom)
2023-09-07 04:50:20,416 [c689351a-c011-4280-903e-e1929abe1491-groupManagement] INFO  server.RaftServerConfigKeys (ConfUtils.java:logGet(46)) - raft.server.snapshot.retention.file.num = 5 (custom)
2023-09-07 04:50:20,416 [c689351a-c011-4280-903e-e1929abe1491-groupManagement] INFO  server.RaftServerConfigKeys (ConfUtils.java:logGet(46)) - raft.server.log.purge.upto.snapshot.index = false (default)
2023-09-07 04:50:20,417 [c689351a-c011-4280-903e-e1929abe1491@group-B02AECF5C372-FollowerState] INFO  server.RaftServerConfigKeys (ConfUtils.java:logFallback(53)) - raft.server.rpc.first-election.timeout.min = 5s (fallback to raft.server.rpc.timeout.min)
2023-09-07 04:50:20,418 [c689351a-c011-4280-903e-e1929abe1491@group-B02AECF5C372-FollowerState] INFO  server.RaftServerConfigKeys (ConfUtils.java:logFallback(53)) - raft.server.rpc.first-election.timeout.max = 5200ms (fallback to raft.server.rpc.timeout.max)
2023-09-07 04:50:20,421 [PipelineCommandHandlerThread-0] INFO  ratis.XceiverServerRatis (XceiverServerRatis.java:addGroup(804)) - Created group PipelineID=a701f6df-3d91-4dad-b346-b02aecf5c372
2023-09-07 04:50:20,421 [PipelineCommandHandlerThread-0] INFO  commandhandler.CreatePipelineCommandHandler (CreatePipelineCommandHandler.java:lambda$handle$2(124)) - Created Pipeline RATIS ONE PipelineID=a701f6df-3d91-4dad-b346-b02aecf5c372.
2023-09-07 04:50:20,421 [PipelineCommandHandlerThread-0] INFO  server.RaftServer (RaftServerProxy.java:addNew(98)) - c689351a-c011-4280-903e-e1929abe1491: addNew group-85AB1CE9058E:[9f849854-0b93-4d35-a4d9-b273905b7e1f|rpc:10.1.0.9:15076|admin:10.1.0.9:15075|client:10.1.0.9:15074|dataStream:10.1.0.9:15077|priority:0|startupRole:FOLLOWER, 8fe090c8-98a3-4c2e-b58d-35f0bbae16bb|rpc:10.1.0.9:15085|admin:10.1.0.9:15084|client:10.1.0.9:15083|dataStream:10.1.0.9:15086|priority:0|startupRole:FOLLOWER, c689351a-c011-4280-903e-e1929abe1491|rpc:10.1.0.9:15067|admin:10.1.0.9:15066|client:10.1.0.9:15065|dataStream:10.1.0.9:15068|priority:1|startupRole:FOLLOWER] returns group-85AB1CE9058E:java.util.concurrent.CompletableFuture@169056f1[Not completed]
2023-09-07 04:50:20,422 [c689351a-c011-4280-903e-e1929abe1491-groupManagement] INFO  server.RaftServer$Division (RaftServerImpl.java:<init>(198)) - c689351a-c011-4280-903e-e1929abe1491: new RaftServerImpl for group-85AB1CE9058E:[9f849854-0b93-4d35-a4d9-b273905b7e1f|rpc:10.1.0.9:15076|admin:10.1.0.9:15075|client:10.1.0.9:15074|dataStream:10.1.0.9:15077|priority:0|startupRole:FOLLOWER, 8fe090c8-98a3-4c2e-b58d-35f0bbae16bb|rpc:10.1.0.9:15085|admin:10.1.0.9:15084|client:10.1.0.9:15083|dataStream:10.1.0.9:15086|priority:0|startupRole:FOLLOWER, c689351a-c011-4280-903e-e1929abe1491|rpc:10.1.0.9:15067|admin:10.1.0.9:15066|client:10.1.0.9:15065|dataStream:10.1.0.9:15068|priority:1|startupRole:FOLLOWER] with ContainerStateMachine:uninitialized
2023-09-07 04:50:20,422 [c689351a-c011-4280-903e-e1929abe1491-groupManagement] INFO  server.RaftServerConfigKeys (ConfUtils.java:logGet(46)) - raft.server.rpc.timeout.min = 5s (custom)
2023-09-07 04:50:20,423 [c689351a-c011-4280-903e-e1929abe1491-groupManagement] INFO  server.RaftServerConfigKeys (ConfUtils.java:logGet(46)) - raft.server.rpc.timeout.max = 5200ms (custom)
2023-09-07 04:50:20,423 [c689351a-c011-4280-903e-e1929abe1491-groupManagement] INFO  server.RaftServerConfigKeys (ConfUtils.java:logGet(46)) - raft.server.rpc.sleep.time = 25ms (default)
2023-09-07 04:50:20,423 [c689351a-c011-4280-903e-e1929abe1491-groupManagement] INFO  server.RaftServerConfigKeys (ConfUtils.java:logGet(46)) - raft.server.rpc.slowness.timeout = 300s (custom)
2023-09-07 04:50:20,423 [c689351a-c011-4280-903e-e1929abe1491-groupManagement] INFO  server.RaftServerConfigKeys (ConfUtils.java:logGet(46)) - raft.server.leaderelection.leader.step-down.wait-time = 10s (default)
2023-09-07 04:50:20,423 [c689351a-c011-4280-903e-e1929abe1491-groupManagement] INFO  server.RaftServerConfigKeys (ConfUtils.java:logGet(46)) - raft.server.sleep.deviation.threshold = 300ms (default)
2023-09-07 04:50:20,423 [c689351a-c011-4280-903e-e1929abe1491-groupManagement] INFO  server.RaftServer$Division (ServerState.java:<init>(120)) - c689351a-c011-4280-903e-e1929abe1491@group-85AB1CE9058E: ConfigurationManager, init=-1: peers:[9f849854-0b93-4d35-a4d9-b273905b7e1f|rpc:10.1.0.9:15076|admin:10.1.0.9:15075|client:10.1.0.9:15074|dataStream:10.1.0.9:15077|priority:0|startupRole:FOLLOWER, 8fe090c8-98a3-4c2e-b58d-35f0bbae16bb|rpc:10.1.0.9:15085|admin:10.1.0.9:15084|client:10.1.0.9:15083|dataStream:10.1.0.9:15086|priority:0|startupRole:FOLLOWER, c689351a-c011-4280-903e-e1929abe1491|rpc:10.1.0.9:15067|admin:10.1.0.9:15066|client:10.1.0.9:15065|dataStream:10.1.0.9:15068|priority:1|startupRole:FOLLOWER]|listeners:[], old=null, confs=<EMPTY_MAP>
2023-09-07 04:50:20,423 [c689351a-c011-4280-903e-e1929abe1491-groupManagement] INFO  server.RaftServerConfigKeys (ConfUtils.java:logGet(46)) - raft.server.storage.dir = [/home/runner/work/ozone/ozone/hadoop-ozone/integration-test/target/test-dir/MiniOzoneClusterImpl-d344a044-c2aa-46c6-8971-a5e8f3f75c9e/datanode-0/data/ratis] (custom)
2023-09-07 04:50:20,423 [c689351a-c011-4280-903e-e1929abe1491-groupManagement] INFO  server.RaftServerConfigKeys (ConfUtils.java:logGet(46)) - raft.server.log.corruption.policy = EXCEPTION (default)
2023-09-07 04:50:20,423 [c689351a-c011-4280-903e-e1929abe1491-groupManagement] INFO  server.RaftServerConfigKeys (ConfUtils.java:logGet(46)) - raft.server.storage.free-space.min = 0MB (=0) (default)
2023-09-07 04:50:20,423 [c689351a-c011-4280-903e-e1929abe1491-groupManagement] INFO  server.RaftServerConfigKeys (ConfUtils.java:logGet(46)) - raft.server.notification.no-leader.timeout = 300s (custom)
2023-09-07 04:50:20,423 [c689351a-c011-4280-903e-e1929abe1491-groupManagement] INFO  server.RaftServerConfigKeys (ConfUtils.java:logGet(46)) - raft.server.read.timeout = 10s (default)
2023-09-07 04:50:20,423 [c689351a-c011-4280-903e-e1929abe1491-groupManagement] INFO  server.RaftServerConfigKeys (ConfUtils.java:logGet(46)) - raft.server.retrycache.expirytime = 600000ms (custom)
2023-09-07 04:50:20,424 [c689351a-c011-4280-903e-e1929abe1491-groupManagement] INFO  server.RaftServerConfigKeys (ConfUtils.java:logGet(46)) - raft.server.retrycache.statistics.expirytime = 100μs (default)
2023-09-07 04:50:20,424 [c689351a-c011-4280-903e-e1929abe1491-groupManagement] INFO  server.RaftServerConfigKeys (ConfUtils.java:logGet(46)) - raft.server.read.option = DEFAULT (default)
2023-09-07 04:50:20,424 [c689351a-c011-4280-903e-e1929abe1491-groupManagement] INFO  server.RaftServerConfigKeys (ConfUtils.java:logGet(46)) - raft.server.rpc.request.timeout = 60s (custom)
2023-09-07 04:50:20,425 [c689351a-c011-4280-903e-e1929abe1491-groupManagement] INFO  server.RaftServerConfigKeys (ConfUtils.java:logGet(46)) - raft.server.log.appender.install.snapshot.enabled = false (custom)
2023-09-07 04:50:20,425 [c689351a-c011-4280-903e-e1929abe1491-groupManagement] INFO  server.RaftServerConfigKeys (ConfUtils.java:logGet(46)) - raft.server.threadpool.server.cached = true (default)
2023-09-07 04:50:20,425 [c689351a-c011-4280-903e-e1929abe1491-groupManagement] INFO  server.RaftServerConfigKeys (ConfUtils.java:logGet(46)) - raft.server.threadpool.server.size = 0 (default)
2023-09-07 04:50:20,425 [c689351a-c011-4280-903e-e1929abe1491-groupManagement] INFO  server.RaftServerConfigKeys (ConfUtils.java:logGet(46)) - raft.server.threadpool.client.cached = true (default)
2023-09-07 04:50:20,425 [c689351a-c011-4280-903e-e1929abe1491-groupManagement] INFO  server.RaftServerConfigKeys (ConfUtils.java:logGet(46)) - raft.server.threadpool.client.size = 0 (default)
2023-09-07 04:50:20,425 [c689351a-c011-4280-903e-e1929abe1491-groupManagement] INFO  storage.RaftStorageDirectory (RaftStorageDirectoryImpl.java:analyzeStorage(137)) - The storage directory /home/runner/work/ozone/ozone/hadoop-ozone/integration-test/target/test-dir/MiniOzoneClusterImpl-d344a044-c2aa-46c6-8971-a5e8f3f75c9e/datanode-0/data/ratis/b7b8b19f-bcc4-4b03-9e33-85ab1ce9058e does not exist. Creating ...
2023-09-07 04:50:20,427 [c689351a-c011-4280-903e-e1929abe1491-groupManagement] INFO  storage.RaftStorageDirectory (RaftStorageDirectoryImpl.java:tryLock(231)) - Lock on /home/runner/work/ozone/ozone/hadoop-ozone/integration-test/target/test-dir/MiniOzoneClusterImpl-d344a044-c2aa-46c6-8971-a5e8f3f75c9e/datanode-0/data/ratis/b7b8b19f-bcc4-4b03-9e33-85ab1ce9058e/in_use.lock acquired by nodename 7593@fv-az163-854
2023-09-07 04:50:20,428 [c689351a-c011-4280-903e-e1929abe1491-groupManagement] INFO  storage.RaftStorage (RaftStorageImpl.java:format(96)) - Storage directory /home/runner/work/ozone/ozone/hadoop-ozone/integration-test/target/test-dir/MiniOzoneClusterImpl-d344a044-c2aa-46c6-8971-a5e8f3f75c9e/datanode-0/data/ratis/b7b8b19f-bcc4-4b03-9e33-85ab1ce9058e has been successfully formatted.
2023-09-07 04:50:20,428 [c689351a-c011-4280-903e-e1929abe1491-groupManagement] INFO  ratis.ContainerStateMachine (ContainerStateMachine.java:loadSnapshot(262)) - group-85AB1CE9058E: The snapshot info is null. Setting the last applied indexto:(t:0, i:~)
2023-09-07 04:50:20,429 [c689351a-c011-4280-903e-e1929abe1491-groupManagement] INFO  server.RaftServerConfigKeys (ConfUtils.java:logGet(46)) - raft.server.log.use.memory = false (default)
2023-09-07 04:50:20,429 [c689351a-c011-4280-903e-e1929abe1491-groupManagement] INFO  server.RaftServerConfigKeys (ConfUtils.java:logGet(46)) - raft.server.log.purge.gap = 1000000 (custom)
2023-09-07 04:50:20,429 [c689351a-c011-4280-903e-e1929abe1491-groupManagement] INFO  server.RaftServerConfigKeys (ConfUtils.java:logGet(46)) - raft.server.log.appender.buffer.byte-limit = 33554432 (custom)
2023-09-07 04:50:20,429 [c689351a-c011-4280-903e-e1929abe1491-groupManagement] INFO  server.RaftServerConfigKeys (ConfUtils.java:logGet(46)) - raft.server.log.statemachine.data.read.timeout = 1000ms (default)
2023-09-07 04:50:20,429 [c689351a-c011-4280-903e-e1929abe1491-groupManagement] INFO  server.RaftServerConfigKeys (ConfUtils.java:logGet(46)) - raft.server.log.purge.preservation.log.num = 0 (default)
2023-09-07 04:50:20,430 [EventQueue-OpenPipelineForHealthyPipelineSafeModeRule] INFO  safemode.SCMSafeModeManager (HealthyPipelineSafeModeRule.java:process(137)) - SCM in safe mode. Healthy pipelines reported count is 0, required healthy pipeline reported count is 1
2023-09-07 04:50:20,430 [c689351a-c011-4280-903e-e1929abe1491-groupManagement] INFO  server.RaftServerConfigKeys (ConfUtils.java:logGet(46)) - raft.server.log.segment.size.max = 1048576 (custom)
2023-09-07 04:50:20,431 [c689351a-c011-4280-903e-e1929abe1491-groupManagement] INFO  server.RaftServerConfigKeys (ConfUtils.java:logGet(46)) - raft.server.log.segment.cache.num.max = 2 (custom)
2023-09-07 04:50:20,431 [c689351a-c011-4280-903e-e1929abe1491-groupManagement] INFO  server.RaftServerConfigKeys (ConfUtils.java:logGet(46)) - raft.server.log.segment.cache.size.max = 200MB (=209715200) (default)
2023-09-07 04:50:20,431 [c689351a-c011-4280-903e-e1929abe1491-groupManagement] INFO  server.RaftServerConfigKeys (ConfUtils.java:logGet(46)) - raft.server.log.appender.buffer.byte-limit = 33554432 (custom)
2023-09-07 04:50:20,431 [c689351a-c011-4280-903e-e1929abe1491-groupManagement] INFO  segmented.SegmentedRaftLogWorker (SegmentedRaftLogWorker.java:<init>(188)) - new c689351a-c011-4280-903e-e1929abe1491@group-85AB1CE9058E-SegmentedRaftLogWorker for RaftStorageImpl:Storage Directory /home/runner/work/ozone/ozone/hadoop-ozone/integration-test/target/test-dir/MiniOzoneClusterImpl-d344a044-c2aa-46c6-8971-a5e8f3f75c9e/datanode-0/data/ratis/b7b8b19f-bcc4-4b03-9e33-85ab1ce9058e
2023-09-07 04:50:20,431 [c689351a-c011-4280-903e-e1929abe1491-groupManagement] INFO  server.RaftServerConfigKeys (ConfUtils.java:logGet(46)) - raft.server.log.queue.byte-limit = 4294967296 (custom)
2023-09-07 04:50:20,431 [c689351a-c011-4280-903e-e1929abe1491-groupManagement] INFO  server.RaftServerConfigKeys (ConfUtils.java:logGet(46)) - raft.server.log.queue.element-limit = 1024 (custom)
2023-09-07 04:50:20,431 [c689351a-c011-4280-903e-e1929abe1491-groupManagement] INFO  server.RaftServerConfigKeys (ConfUtils.java:logGet(46)) - raft.server.log.segment.size.max = 1048576 (custom)
2023-09-07 04:50:20,431 [c689351a-c011-4280-903e-e1929abe1491-groupManagement] INFO  server.RaftServerConfigKeys (ConfUtils.java:logGet(46)) - raft.server.log.preallocated.size = 16384 (custom)
2023-09-07 04:50:20,431 [c689351a-c011-4280-903e-e1929abe1491-groupManagement] INFO  server.RaftServerConfigKeys (ConfUtils.java:logGet(46)) - raft.server.log.force.sync.num = 128 (default)
2023-09-07 04:50:20,431 [c689351a-c011-4280-903e-e1929abe1491-groupManagement] INFO  server.RaftServerConfigKeys (ConfUtils.java:logGet(46)) - raft.server.log.statemachine.data.sync = true (default)
2023-09-07 04:50:20,431 [c689351a-c011-4280-903e-e1929abe1491-groupManagement] INFO  server.RaftServerConfigKeys (ConfUtils.java:logGet(46)) - raft.server.log.statemachine.data.sync.timeout = 10s (default)
2023-09-07 04:50:20,432 [c689351a-c011-4280-903e-e1929abe1491-groupManagement] INFO  server.RaftServerConfigKeys (ConfUtils.java:logGet(46)) - raft.server.log.statemachine.data.sync.timeout.retry = -1 (default)
2023-09-07 04:50:20,432 [c689351a-c011-4280-903e-e1929abe1491-groupManagement] INFO  server.RaftServerConfigKeys (ConfUtils.java:logGet(46)) - raft.server.log.write.buffer.size = 1048576 (custom)
2023-09-07 04:50:20,433 [c689351a-c011-4280-903e-e1929abe1491-groupManagement] INFO  server.RaftServerConfigKeys (ConfUtils.java:logGet(46)) - raft.server.log.appender.buffer.byte-limit = 33554432 (custom)
2023-09-07 04:50:20,439 [c689351a-c011-4280-903e-e1929abe1491-groupManagement] INFO  server.RaftServerConfigKeys (ConfUtils.java:logGet(46)) - raft.server.log.unsafe-flush.enabled = false (default)
2023-09-07 04:50:20,440 [c689351a-c011-4280-903e-e1929abe1491-groupManagement] INFO  server.RaftServerConfigKeys (ConfUtils.java:logGet(46)) - raft.server.log.async-flush.enabled = false (default)
2023-09-07 04:50:20,440 [c689351a-c011-4280-903e-e1929abe1491-groupManagement] INFO  server.RaftServerConfigKeys (ConfUtils.java:logGet(46)) - raft.server.log.statemachine.data.caching.enabled = true (custom)
2023-09-07 04:50:20,440 [c689351a-c011-4280-903e-e1929abe1491-groupManagement] INFO  segmented.SegmentedRaftLogWorker (SegmentedRaftLogWorker.java:lambda$new$0(135)) - c689351a-c011-4280-903e-e1929abe1491@group-85AB1CE9058E-SegmentedRaftLogWorker: flushIndex: setUnconditionally 0 -> -1
2023-09-07 04:50:20,440 [c689351a-c011-4280-903e-e1929abe1491-groupManagement] INFO  segmented.SegmentedRaftLogWorker (SegmentedRaftLogWorker.java:lambda$new$0(135)) - c689351a-c011-4280-903e-e1929abe1491@group-85AB1CE9058E-SegmentedRaftLogWorker: safeCacheEvictIndex: setUnconditionally 0 -> -1
2023-09-07 04:50:20,441 [c689351a-c011-4280-903e-e1929abe1491-groupManagement] INFO  server.RaftServer$Division (RaftServerImpl.java:start(342)) - c689351a-c011-4280-903e-e1929abe1491@group-85AB1CE9058E: start as a follower, conf=-1: peers:[9f849854-0b93-4d35-a4d9-b273905b7e1f|rpc:10.1.0.9:15076|admin:10.1.0.9:15075|client:10.1.0.9:15074|dataStream:10.1.0.9:15077|priority:0|startupRole:FOLLOWER, 8fe090c8-98a3-4c2e-b58d-35f0bbae16bb|rpc:10.1.0.9:15085|admin:10.1.0.9:15084|client:10.1.0.9:15083|dataStream:10.1.0.9:15086|priority:0|startupRole:FOLLOWER, c689351a-c011-4280-903e-e1929abe1491|rpc:10.1.0.9:15067|admin:10.1.0.9:15066|client:10.1.0.9:15065|dataStream:10.1.0.9:15068|priority:1|startupRole:FOLLOWER]|listeners:[], old=null
2023-09-07 04:50:20,441 [c689351a-c011-4280-903e-e1929abe1491-groupManagement] INFO  server.RaftServer$Division (RaftServerImpl.java:setRole(329)) - c689351a-c011-4280-903e-e1929abe1491@group-85AB1CE9058E: changes role from      null to FOLLOWER at term 0 for startAsFollower
2023-09-07 04:50:20,441 [c689351a-c011-4280-903e-e1929abe1491-groupManagement] INFO  impl.RoleInfo (RoleInfo.java:updateAndGet(139)) - c689351a-c011-4280-903e-e1929abe1491: start c689351a-c011-4280-903e-e1929abe1491@group-85AB1CE9058E-FollowerState
2023-09-07 04:50:20,441 [c689351a-c011-4280-903e-e1929abe1491-groupManagement] INFO  util.JmxRegister (JmxRegister.java:tryRegister(44)) - Successfully registered JMX Bean with object name Ratis:service=RaftServer,group=group-85AB1CE9058E,id=c689351a-c011-4280-903e-e1929abe1491
2023-09-07 04:50:20,441 [c689351a-c011-4280-903e-e1929abe1491-groupManagement] INFO  server.RaftServerConfigKeys (ConfUtils.java:logGet(46)) - raft.server.snapshot.auto.trigger.enabled = true (custom)
2023-09-07 04:50:20,441 [c689351a-c011-4280-903e-e1929abe1491-groupManagement] INFO  server.RaftServerConfigKeys (ConfUtils.java:logGet(46)) - raft.server.snapshot.auto.trigger.threshold = 10000 (custom)
2023-09-07 04:50:20,441 [c689351a-c011-4280-903e-e1929abe1491-groupManagement] INFO  server.RaftServerConfigKeys (ConfUtils.java:logGet(46)) - raft.server.snapshot.retention.file.num = 5 (custom)
2023-09-07 04:50:20,441 [c689351a-c011-4280-903e-e1929abe1491-groupManagement] INFO  server.RaftServerConfigKeys (ConfUtils.java:logGet(46)) - raft.server.log.purge.upto.snapshot.index = false (default)
2023-09-07 04:50:20,442 [PipelineCommandHandlerThread-0] INFO  ratis.XceiverServerRatis (XceiverServerRatis.java:addGroup(804)) - Created group PipelineID=b7b8b19f-bcc4-4b03-9e33-85ab1ce9058e
2023-09-07 04:50:20,446 [c689351a-c011-4280-903e-e1929abe1491@group-85AB1CE9058E-FollowerState] INFO  server.RaftServerConfigKeys (ConfUtils.java:logFallback(53)) - raft.server.rpc.first-election.timeout.min = 5s (fallback to raft.server.rpc.timeout.min)
2023-09-07 04:50:20,446 [c689351a-c011-4280-903e-e1929abe1491@group-85AB1CE9058E-FollowerState] INFO  server.RaftServerConfigKeys (ConfUtils.java:logFallback(53)) - raft.server.rpc.first-election.timeout.max = 5200ms (fallback to raft.server.rpc.timeout.max)
2023-09-07 04:50:20,463 [grpc-default-executor-0] INFO  server.RaftServer (RaftServerProxy.java:addNew(98)) - 8fe090c8-98a3-4c2e-b58d-35f0bbae16bb: addNew group-85AB1CE9058E:[9f849854-0b93-4d35-a4d9-b273905b7e1f|rpc:10.1.0.9:15076|admin:10.1.0.9:15075|client:10.1.0.9:15074|dataStream:10.1.0.9:15077|priority:0|startupRole:FOLLOWER, 8fe090c8-98a3-4c2e-b58d-35f0bbae16bb|rpc:10.1.0.9:15085|admin:10.1.0.9:15084|client:10.1.0.9:15083|dataStream:10.1.0.9:15086|priority:0|startupRole:FOLLOWER, c689351a-c011-4280-903e-e1929abe1491|rpc:10.1.0.9:15067|admin:10.1.0.9:15066|client:10.1.0.9:15065|dataStream:10.1.0.9:15068|priority:1|startupRole:FOLLOWER] returns group-85AB1CE9058E:java.util.concurrent.CompletableFuture@23b77aec[Not completed]
2023-09-07 04:50:20,467 [8fe090c8-98a3-4c2e-b58d-35f0bbae16bb-groupManagement] INFO  server.RaftServer$Division (RaftServerImpl.java:<init>(198)) - 8fe090c8-98a3-4c2e-b58d-35f0bbae16bb: new RaftServerImpl for group-85AB1CE9058E:[9f849854-0b93-4d35-a4d9-b273905b7e1f|rpc:10.1.0.9:15076|admin:10.1.0.9:15075|client:10.1.0.9:15074|dataStream:10.1.0.9:15077|priority:0|startupRole:FOLLOWER, 8fe090c8-98a3-4c2e-b58d-35f0bbae16bb|rpc:10.1.0.9:15085|admin:10.1.0.9:15084|client:10.1.0.9:15083|dataStream:10.1.0.9:15086|priority:0|startupRole:FOLLOWER, c689351a-c011-4280-903e-e1929abe1491|rpc:10.1.0.9:15067|admin:10.1.0.9:15066|client:10.1.0.9:15065|dataStream:10.1.0.9:15068|priority:1|startupRole:FOLLOWER] with ContainerStateMachine:uninitialized
2023-09-07 04:50:20,467 [8fe090c8-98a3-4c2e-b58d-35f0bbae16bb-groupManagement] INFO  server.RaftServerConfigKeys (ConfUtils.java:logGet(46)) - raft.server.rpc.timeout.min = 5s (custom)
2023-09-07 04:50:20,467 [8fe090c8-98a3-4c2e-b58d-35f0bbae16bb-groupManagement] INFO  server.RaftServerConfigKeys (ConfUtils.java:logGet(46)) - raft.server.rpc.timeout.max = 5200ms (custom)
2023-09-07 04:50:20,467 [8fe090c8-98a3-4c2e-b58d-35f0bbae16bb-groupManagement] INFO  server.RaftServerConfigKeys (ConfUtils.java:logGet(46)) - raft.server.rpc.sleep.time = 25ms (default)
2023-09-07 04:50:20,467 [8fe090c8-98a3-4c2e-b58d-35f0bbae16bb-groupManagement] INFO  server.RaftServerConfigKeys (ConfUtils.java:logGet(46)) - raft.server.rpc.slowness.timeout = 300s (custom)
2023-09-07 04:50:20,467 [8fe090c8-98a3-4c2e-b58d-35f0bbae16bb-groupManagement] INFO  server.RaftServerConfigKeys (ConfUtils.java:logGet(46)) - raft.server.leaderelection.leader.step-down.wait-time = 10s (default)
2023-09-07 04:50:20,467 [8fe090c8-98a3-4c2e-b58d-35f0bbae16bb-groupManagement] INFO  server.RaftServerConfigKeys (ConfUtils.java:logGet(46)) - raft.server.sleep.deviation.threshold = 300ms (default)
2023-09-07 04:50:20,467 [8fe090c8-98a3-4c2e-b58d-35f0bbae16bb-groupManagement] INFO  server.RaftServer$Division (ServerState.java:<init>(120)) - 8fe090c8-98a3-4c2e-b58d-35f0bbae16bb@group-85AB1CE9058E: ConfigurationManager, init=-1: peers:[9f849854-0b93-4d35-a4d9-b273905b7e1f|rpc:10.1.0.9:15076|admin:10.1.0.9:15075|client:10.1.0.9:15074|dataStream:10.1.0.9:15077|priority:0|startupRole:FOLLOWER, 8fe090c8-98a3-4c2e-b58d-35f0bbae16bb|rpc:10.1.0.9:15085|admin:10.1.0.9:15084|client:10.1.0.9:15083|dataStream:10.1.0.9:15086|priority:0|startupRole:FOLLOWER, c689351a-c011-4280-903e-e1929abe1491|rpc:10.1.0.9:15067|admin:10.1.0.9:15066|client:10.1.0.9:15065|dataStream:10.1.0.9:15068|priority:1|startupRole:FOLLOWER]|listeners:[], old=null, confs=<EMPTY_MAP>
2023-09-07 04:50:20,467 [8fe090c8-98a3-4c2e-b58d-35f0bbae16bb-groupManagement] INFO  server.RaftServerConfigKeys (ConfUtils.java:logGet(46)) - raft.server.storage.dir = [/home/runner/work/ozone/ozone/hadoop-ozone/integration-test/target/test-dir/MiniOzoneClusterImpl-d344a044-c2aa-46c6-8971-a5e8f3f75c9e/datanode-2/data/ratis] (custom)
2023-09-07 04:50:20,467 [8fe090c8-98a3-4c2e-b58d-35f0bbae16bb-groupManagement] INFO  server.RaftServerConfigKeys (ConfUtils.java:logGet(46)) - raft.server.log.corruption.policy = EXCEPTION (default)
2023-09-07 04:50:20,467 [8fe090c8-98a3-4c2e-b58d-35f0bbae16bb-groupManagement] INFO  server.RaftServerConfigKeys (ConfUtils.java:logGet(46)) - raft.server.storage.free-space.min = 0MB (=0) (default)
2023-09-07 04:50:20,468 [8fe090c8-98a3-4c2e-b58d-35f0bbae16bb-groupManagement] INFO  server.RaftServerConfigKeys (ConfUtils.java:logGet(46)) - raft.server.notification.no-leader.timeout = 300s (custom)
2023-09-07 04:50:20,468 [8fe090c8-98a3-4c2e-b58d-35f0bbae16bb-groupManagement] INFO  server.RaftServerConfigKeys (ConfUtils.java:logGet(46)) - raft.server.read.timeout = 10s (default)
2023-09-07 04:50:20,468 [8fe090c8-98a3-4c2e-b58d-35f0bbae16bb-groupManagement] INFO  server.RaftServerConfigKeys (ConfUtils.java:logGet(46)) - raft.server.retrycache.expirytime = 600000ms (custom)
2023-09-07 04:50:20,468 [8fe090c8-98a3-4c2e-b58d-35f0bbae16bb-groupManagement] INFO  server.RaftServerConfigKeys (ConfUtils.java:logGet(46)) - raft.server.retrycache.statistics.expirytime = 100μs (default)
2023-09-07 04:50:20,468 [8fe090c8-98a3-4c2e-b58d-35f0bbae16bb-groupManagement] INFO  server.RaftServerConfigKeys (ConfUtils.java:logGet(46)) - raft.server.read.option = DEFAULT (default)
2023-09-07 04:50:20,469 [8fe090c8-98a3-4c2e-b58d-35f0bbae16bb-groupManagement] INFO  server.RaftServerConfigKeys (ConfUtils.java:logGet(46)) - raft.server.rpc.request.timeout = 60s (custom)
2023-09-07 04:50:20,469 [8fe090c8-98a3-4c2e-b58d-35f0bbae16bb-groupManagement] INFO  server.RaftServerConfigKeys (ConfUtils.java:logGet(46)) - raft.server.log.appender.install.snapshot.enabled = false (custom)
2023-09-07 04:50:20,469 [8fe090c8-98a3-4c2e-b58d-35f0bbae16bb-groupManagement] INFO  server.RaftServerConfigKeys (ConfUtils.java:logGet(46)) - raft.server.threadpool.server.cached = true (default)
2023-09-07 04:50:20,469 [8fe090c8-98a3-4c2e-b58d-35f0bbae16bb-groupManagement] INFO  server.RaftServerConfigKeys (ConfUtils.java:logGet(46)) - raft.server.threadpool.server.size = 0 (default)
2023-09-07 04:50:20,469 [8fe090c8-98a3-4c2e-b58d-35f0bbae16bb-groupManagement] INFO  server.RaftServerConfigKeys (ConfUtils.java:logGet(46)) - raft.server.threadpool.client.cached = true (default)
2023-09-07 04:50:20,470 [8fe090c8-98a3-4c2e-b58d-35f0bbae16bb-groupManagement] INFO  server.RaftServerConfigKeys (ConfUtils.java:logGet(46)) - raft.server.threadpool.client.size = 0 (default)
2023-09-07 04:50:20,471 [8fe090c8-98a3-4c2e-b58d-35f0bbae16bb-groupManagement] INFO  storage.RaftStorageDirectory (RaftStorageDirectoryImpl.java:analyzeStorage(137)) - The storage directory /home/runner/work/ozone/ozone/hadoop-ozone/integration-test/target/test-dir/MiniOzoneClusterImpl-d344a044-c2aa-46c6-8971-a5e8f3f75c9e/datanode-2/data/ratis/b7b8b19f-bcc4-4b03-9e33-85ab1ce9058e does not exist. Creating ...
2023-09-07 04:50:20,473 [8fe090c8-98a3-4c2e-b58d-35f0bbae16bb-groupManagement] INFO  storage.RaftStorageDirectory (RaftStorageDirectoryImpl.java:tryLock(231)) - Lock on /home/runner/work/ozone/ozone/hadoop-ozone/integration-test/target/test-dir/MiniOzoneClusterImpl-d344a044-c2aa-46c6-8971-a5e8f3f75c9e/datanode-2/data/ratis/b7b8b19f-bcc4-4b03-9e33-85ab1ce9058e/in_use.lock acquired by nodename 7593@fv-az163-854
2023-09-07 04:50:20,475 [8fe090c8-98a3-4c2e-b58d-35f0bbae16bb-groupManagement] INFO  storage.RaftStorage (RaftStorageImpl.java:format(96)) - Storage directory /home/runner/work/ozone/ozone/hadoop-ozone/integration-test/target/test-dir/MiniOzoneClusterImpl-d344a044-c2aa-46c6-8971-a5e8f3f75c9e/datanode-2/data/ratis/b7b8b19f-bcc4-4b03-9e33-85ab1ce9058e has been successfully formatted.
2023-09-07 04:50:20,478 [8fe090c8-98a3-4c2e-b58d-35f0bbae16bb-groupManagement] INFO  ratis.ContainerStateMachine (ContainerStateMachine.java:loadSnapshot(262)) - group-85AB1CE9058E: The snapshot info is null. Setting the last applied indexto:(t:0, i:~)
2023-09-07 04:50:20,478 [8fe090c8-98a3-4c2e-b58d-35f0bbae16bb-groupManagement] INFO  server.RaftServerConfigKeys (ConfUtils.java:logGet(46)) - raft.server.log.use.memory = false (default)
2023-09-07 04:50:20,478 [8fe090c8-98a3-4c2e-b58d-35f0bbae16bb-groupManagement] INFO  server.RaftServerConfigKeys (ConfUtils.java:logGet(46)) - raft.server.log.purge.gap = 1000000 (custom)
2023-09-07 04:50:20,478 [8fe090c8-98a3-4c2e-b58d-35f0bbae16bb-groupManagement] INFO  server.RaftServerConfigKeys (ConfUtils.java:logGet(46)) - raft.server.log.appender.buffer.byte-limit = 33554432 (custom)
2023-09-07 04:50:20,478 [8fe090c8-98a3-4c2e-b58d-35f0bbae16bb-groupManagement] INFO  server.RaftServerConfigKeys (ConfUtils.java:logGet(46)) - raft.server.log.statemachine.data.read.timeout = 1000ms (default)
2023-09-07 04:50:20,478 [8fe090c8-98a3-4c2e-b58d-35f0bbae16bb-groupManagement] INFO  server.RaftServerConfigKeys (ConfUtils.java:logGet(46)) - raft.server.log.purge.preservation.log.num = 0 (default)
2023-09-07 04:50:20,479 [8fe090c8-98a3-4c2e-b58d-35f0bbae16bb-groupManagement] INFO  server.RaftServerConfigKeys (ConfUtils.java:logGet(46)) - raft.server.log.segment.size.max = 1048576 (custom)
2023-09-07 04:50:20,479 [8fe090c8-98a3-4c2e-b58d-35f0bbae16bb-groupManagement] INFO  server.RaftServerConfigKeys (ConfUtils.java:logGet(46)) - raft.server.log.segment.cache.num.max = 2 (custom)
2023-09-07 04:50:20,479 [8fe090c8-98a3-4c2e-b58d-35f0bbae16bb-groupManagement] INFO  server.RaftServerConfigKeys (ConfUtils.java:logGet(46)) - raft.server.log.segment.cache.size.max = 200MB (=209715200) (default)
2023-09-07 04:50:20,479 [8fe090c8-98a3-4c2e-b58d-35f0bbae16bb-groupManagement] INFO  server.RaftServerConfigKeys (ConfUtils.java:logGet(46)) - raft.server.log.appender.buffer.byte-limit = 33554432 (custom)
2023-09-07 04:50:20,479 [8fe090c8-98a3-4c2e-b58d-35f0bbae16bb-groupManagement] INFO  segmented.SegmentedRaftLogWorker (SegmentedRaftLogWorker.java:<init>(188)) - new 8fe090c8-98a3-4c2e-b58d-35f0bbae16bb@group-85AB1CE9058E-SegmentedRaftLogWorker for RaftStorageImpl:Storage Directory /home/runner/work/ozone/ozone/hadoop-ozone/integration-test/target/test-dir/MiniOzoneClusterImpl-d344a044-c2aa-46c6-8971-a5e8f3f75c9e/datanode-2/data/ratis/b7b8b19f-bcc4-4b03-9e33-85ab1ce9058e
2023-09-07 04:50:20,479 [8fe090c8-98a3-4c2e-b58d-35f0bbae16bb-groupManagement] INFO  server.RaftServerConfigKeys (ConfUtils.java:logGet(46)) - raft.server.log.queue.byte-limit = 4294967296 (custom)
2023-09-07 04:50:20,479 [8fe090c8-98a3-4c2e-b58d-35f0bbae16bb-groupManagement] INFO  server.RaftServerConfigKeys (ConfUtils.java:logGet(46)) - raft.server.log.queue.element-limit = 1024 (custom)
2023-09-07 04:50:20,479 [8fe090c8-98a3-4c2e-b58d-35f0bbae16bb-groupManagement] INFO  server.RaftServerConfigKeys (ConfUtils.java:logGet(46)) - raft.server.log.segment.size.max = 1048576 (custom)
2023-09-07 04:50:20,479 [8fe090c8-98a3-4c2e-b58d-35f0bbae16bb-groupManagement] INFO  server.RaftServerConfigKeys (ConfUtils.java:logGet(46)) - raft.server.log.preallocated.size = 16384 (custom)
2023-09-07 04:50:20,480 [8fe090c8-98a3-4c2e-b58d-35f0bbae16bb-groupManagement] INFO  server.RaftServerConfigKeys (ConfUtils.java:logGet(46)) - raft.server.log.force.sync.num = 128 (default)
2023-09-07 04:50:20,480 [8fe090c8-98a3-4c2e-b58d-35f0bbae16bb-groupManagement] INFO  server.RaftServerConfigKeys (ConfUtils.java:logGet(46)) - raft.server.log.statemachine.data.sync = true (default)
2023-09-07 04:50:20,480 [8fe090c8-98a3-4c2e-b58d-35f0bbae16bb-groupManagement] INFO  server.RaftServerConfigKeys (ConfUtils.java:logGet(46)) - raft.server.log.statemachine.data.sync.timeout = 10s (default)
2023-09-07 04:50:20,480 [8fe090c8-98a3-4c2e-b58d-35f0bbae16bb-groupManagement] INFO  server.RaftServerConfigKeys (ConfUtils.java:logGet(46)) - raft.server.log.statemachine.data.sync.timeout.retry = -1 (default)
2023-09-07 04:50:20,481 [8fe090c8-98a3-4c2e-b58d-35f0bbae16bb-groupManagement] INFO  server.RaftServerConfigKeys (ConfUtils.java:logGet(46)) - raft.server.log.write.buffer.size = 1048576 (custom)
2023-09-07 04:50:20,481 [8fe090c8-98a3-4c2e-b58d-35f0bbae16bb-groupManagement] INFO  server.RaftServerConfigKeys (ConfUtils.java:logGet(46)) - raft.server.log.appender.buffer.byte-limit = 33554432 (custom)
2023-09-07 04:50:20,487 [8fe090c8-98a3-4c2e-b58d-35f0bbae16bb-groupManagement] INFO  server.RaftServerConfigKeys (ConfUtils.java:logGet(46)) - raft.server.log.unsafe-flush.enabled = false (default)
2023-09-07 04:50:20,487 [8fe090c8-98a3-4c2e-b58d-35f0bbae16bb-groupManagement] INFO  server.RaftServerConfigKeys (ConfUtils.java:logGet(46)) - raft.server.log.async-flush.enabled = false (default)
2023-09-07 04:50:20,487 [8fe090c8-98a3-4c2e-b58d-35f0bbae16bb-groupManagement] INFO  server.RaftServerConfigKeys (ConfUtils.java:logGet(46)) - raft.server.log.statemachine.data.caching.enabled = true (custom)
2023-09-07 04:50:20,488 [8fe090c8-98a3-4c2e-b58d-35f0bbae16bb-groupManagement] INFO  segmented.SegmentedRaftLogWorker (SegmentedRaftLogWorker.java:lambda$new$0(135)) - 8fe090c8-98a3-4c2e-b58d-35f0bbae16bb@group-85AB1CE9058E-SegmentedRaftLogWorker: flushIndex: setUnconditionally 0 -> -1
2023-09-07 04:50:20,488 [8fe090c8-98a3-4c2e-b58d-35f0bbae16bb-groupManagement] INFO  segmented.SegmentedRaftLogWorker (SegmentedRaftLogWorker.java:lambda$new$0(135)) - 8fe090c8-98a3-4c2e-b58d-35f0bbae16bb@group-85AB1CE9058E-SegmentedRaftLogWorker: safeCacheEvictIndex: setUnconditionally 0 -> -1
2023-09-07 04:50:20,488 [8fe090c8-98a3-4c2e-b58d-35f0bbae16bb-groupManagement] INFO  server.RaftServer$Division (RaftServerImpl.java:start(342)) - 8fe090c8-98a3-4c2e-b58d-35f0bbae16bb@group-85AB1CE9058E: start as a follower, conf=-1: peers:[9f849854-0b93-4d35-a4d9-b273905b7e1f|rpc:10.1.0.9:15076|admin:10.1.0.9:15075|client:10.1.0.9:15074|dataStream:10.1.0.9:15077|priority:0|startupRole:FOLLOWER, 8fe090c8-98a3-4c2e-b58d-35f0bbae16bb|rpc:10.1.0.9:15085|admin:10.1.0.9:15084|client:10.1.0.9:15083|dataStream:10.1.0.9:15086|priority:0|startupRole:FOLLOWER, c689351a-c011-4280-903e-e1929abe1491|rpc:10.1.0.9:15067|admin:10.1.0.9:15066|client:10.1.0.9:15065|dataStream:10.1.0.9:15068|priority:1|startupRole:FOLLOWER]|listeners:[], old=null
2023-09-07 04:50:20,488 [8fe090c8-98a3-4c2e-b58d-35f0bbae16bb-groupManagement] INFO  server.RaftServer$Division (RaftServerImpl.java:setRole(329)) - 8fe090c8-98a3-4c2e-b58d-35f0bbae16bb@group-85AB1CE9058E: changes role from      null to FOLLOWER at term 0 for startAsFollower
2023-09-07 04:50:20,488 [8fe090c8-98a3-4c2e-b58d-35f0bbae16bb-groupManagement] INFO  impl.RoleInfo (RoleInfo.java:updateAndGet(139)) - 8fe090c8-98a3-4c2e-b58d-35f0bbae16bb: start 8fe090c8-98a3-4c2e-b58d-35f0bbae16bb@group-85AB1CE9058E-FollowerState
2023-09-07 04:50:20,489 [8fe090c8-98a3-4c2e-b58d-35f0bbae16bb-groupManagement] INFO  util.JmxRegister (JmxRegister.java:tryRegister(44)) - Successfully registered JMX Bean with object name Ratis:service=RaftServer,group=group-85AB1CE9058E,id=8fe090c8-98a3-4c2e-b58d-35f0bbae16bb
2023-09-07 04:50:20,489 [8fe090c8-98a3-4c2e-b58d-35f0bbae16bb-groupManagement] INFO  server.RaftServerConfigKeys (ConfUtils.java:logGet(46)) - raft.server.snapshot.auto.trigger.enabled = true (custom)
2023-09-07 04:50:20,489 [8fe090c8-98a3-4c2e-b58d-35f0bbae16bb-groupManagement] INFO  server.RaftServerConfigKeys (ConfUtils.java:logGet(46)) - raft.server.snapshot.auto.trigger.threshold = 10000 (custom)
2023-09-07 04:50:20,489 [8fe090c8-98a3-4c2e-b58d-35f0bbae16bb-groupManagement] INFO  server.RaftServerConfigKeys (ConfUtils.java:logGet(46)) - raft.server.snapshot.retention.file.num = 5 (custom)
2023-09-07 04:50:20,489 [8fe090c8-98a3-4c2e-b58d-35f0bbae16bb-groupManagement] INFO  server.RaftServerConfigKeys (ConfUtils.java:logGet(46)) - raft.server.log.purge.upto.snapshot.index = false (default)
2023-09-07 04:50:20,490 [8fe090c8-98a3-4c2e-b58d-35f0bbae16bb@group-85AB1CE9058E-FollowerState] INFO  server.RaftServerConfigKeys (ConfUtils.java:logFallback(53)) - raft.server.rpc.first-election.timeout.min = 5s (fallback to raft.server.rpc.timeout.min)
2023-09-07 04:50:20,490 [8fe090c8-98a3-4c2e-b58d-35f0bbae16bb@group-85AB1CE9058E-FollowerState] INFO  server.RaftServerConfigKeys (ConfUtils.java:logFallback(53)) - raft.server.rpc.first-election.timeout.max = 5200ms (fallback to raft.server.rpc.timeout.max)
2023-09-07 04:50:20,529 [grpc-default-executor-0] INFO  server.RaftServer (RaftServerProxy.java:addNew(98)) - 9f849854-0b93-4d35-a4d9-b273905b7e1f: addNew group-85AB1CE9058E:[9f849854-0b93-4d35-a4d9-b273905b7e1f|rpc:10.1.0.9:15076|admin:10.1.0.9:15075|client:10.1.0.9:15074|dataStream:10.1.0.9:15077|priority:0|startupRole:FOLLOWER, 8fe090c8-98a3-4c2e-b58d-35f0bbae16bb|rpc:10.1.0.9:15085|admin:10.1.0.9:15084|client:10.1.0.9:15083|dataStream:10.1.0.9:15086|priority:0|startupRole:FOLLOWER, c689351a-c011-4280-903e-e1929abe1491|rpc:10.1.0.9:15067|admin:10.1.0.9:15066|client:10.1.0.9:15065|dataStream:10.1.0.9:15068|priority:1|startupRole:FOLLOWER] returns group-85AB1CE9058E:java.util.concurrent.CompletableFuture@27e9039a[Not completed]
2023-09-07 04:50:20,534 [9f849854-0b93-4d35-a4d9-b273905b7e1f-groupManagement] INFO  server.RaftServer$Division (RaftServerImpl.java:<init>(198)) - 9f849854-0b93-4d35-a4d9-b273905b7e1f: new RaftServerImpl for group-85AB1CE9058E:[9f849854-0b93-4d35-a4d9-b273905b7e1f|rpc:10.1.0.9:15076|admin:10.1.0.9:15075|client:10.1.0.9:15074|dataStream:10.1.0.9:15077|priority:0|startupRole:FOLLOWER, 8fe090c8-98a3-4c2e-b58d-35f0bbae16bb|rpc:10.1.0.9:15085|admin:10.1.0.9:15084|client:10.1.0.9:15083|dataStream:10.1.0.9:15086|priority:0|startupRole:FOLLOWER, c689351a-c011-4280-903e-e1929abe1491|rpc:10.1.0.9:15067|admin:10.1.0.9:15066|client:10.1.0.9:15065|dataStream:10.1.0.9:15068|priority:1|startupRole:FOLLOWER] with ContainerStateMachine:uninitialized
2023-09-07 04:50:20,534 [9f849854-0b93-4d35-a4d9-b273905b7e1f-groupManagement] INFO  server.RaftServerConfigKeys (ConfUtils.java:logGet(46)) - raft.server.rpc.timeout.min = 5s (custom)
2023-09-07 04:50:20,534 [9f849854-0b93-4d35-a4d9-b273905b7e1f-groupManagement] INFO  server.RaftServerConfigKeys (ConfUtils.java:logGet(46)) - raft.server.rpc.timeout.max = 5200ms (custom)
2023-09-07 04:50:20,534 [9f849854-0b93-4d35-a4d9-b273905b7e1f-groupManagement] INFO  server.RaftServerConfigKeys (ConfUtils.java:logGet(46)) - raft.server.rpc.sleep.time = 25ms (default)
2023-09-07 04:50:20,534 [9f849854-0b93-4d35-a4d9-b273905b7e1f-groupManagement] INFO  server.RaftServerConfigKeys (ConfUtils.java:logGet(46)) - raft.server.rpc.slowness.timeout = 300s (custom)
2023-09-07 04:50:20,534 [9f849854-0b93-4d35-a4d9-b273905b7e1f-groupManagement] INFO  server.RaftServerConfigKeys (ConfUtils.java:logGet(46)) - raft.server.leaderelection.leader.step-down.wait-time = 10s (default)
2023-09-07 04:50:20,534 [9f849854-0b93-4d35-a4d9-b273905b7e1f-groupManagement] INFO  server.RaftServerConfigKeys (ConfUtils.java:logGet(46)) - raft.server.sleep.deviation.threshold = 300ms (default)
2023-09-07 04:50:20,534 [9f849854-0b93-4d35-a4d9-b273905b7e1f-groupManagement] INFO  server.RaftServer$Division (ServerState.java:<init>(120)) - 9f849854-0b93-4d35-a4d9-b273905b7e1f@group-85AB1CE9058E: ConfigurationManager, init=-1: peers:[9f849854-0b93-4d35-a4d9-b273905b7e1f|rpc:10.1.0.9:15076|admin:10.1.0.9:15075|client:10.1.0.9:15074|dataStream:10.1.0.9:15077|priority:0|startupRole:FOLLOWER, 8fe090c8-98a3-4c2e-b58d-35f0bbae16bb|rpc:10.1.0.9:15085|admin:10.1.0.9:15084|client:10.1.0.9:15083|dataStream:10.1.0.9:15086|priority:0|startupRole:FOLLOWER, c689351a-c011-4280-903e-e1929abe1491|rpc:10.1.0.9:15067|admin:10.1.0.9:15066|client:10.1.0.9:15065|dataStream:10.1.0.9:15068|priority:1|startupRole:FOLLOWER]|listeners:[], old=null, confs=<EMPTY_MAP>
2023-09-07 04:50:20,534 [9f849854-0b93-4d35-a4d9-b273905b7e1f-groupManagement] INFO  server.RaftServerConfigKeys (ConfUtils.java:logGet(46)) - raft.server.storage.dir = [/home/runner/work/ozone/ozone/hadoop-ozone/integration-test/target/test-dir/MiniOzoneClusterImpl-d344a044-c2aa-46c6-8971-a5e8f3f75c9e/datanode-1/data/ratis] (custom)
2023-09-07 04:50:20,535 [9f849854-0b93-4d35-a4d9-b273905b7e1f-groupManagement] INFO  server.RaftServerConfigKeys (ConfUtils.java:logGet(46)) - raft.server.log.corruption.policy = EXCEPTION (default)
2023-09-07 04:50:20,535 [9f849854-0b93-4d35-a4d9-b273905b7e1f-groupManagement] INFO  server.RaftServerConfigKeys (ConfUtils.java:logGet(46)) - raft.server.storage.free-space.min = 0MB (=0) (default)
2023-09-07 04:50:20,535 [9f849854-0b93-4d35-a4d9-b273905b7e1f-groupManagement] INFO  server.RaftServerConfigKeys (ConfUtils.java:logGet(46)) - raft.server.notification.no-leader.timeout = 300s (custom)
2023-09-07 04:50:20,535 [9f849854-0b93-4d35-a4d9-b273905b7e1f-groupManagement] INFO  server.RaftServerConfigKeys (ConfUtils.java:logGet(46)) - raft.server.read.timeout = 10s (default)
2023-09-07 04:50:20,536 [9f849854-0b93-4d35-a4d9-b273905b7e1f-groupManagement] INFO  server.RaftServerConfigKeys (ConfUtils.java:logGet(46)) - raft.server.retrycache.expirytime = 600000ms (custom)
2023-09-07 04:50:20,536 [9f849854-0b93-4d35-a4d9-b273905b7e1f-groupManagement] INFO  server.RaftServerConfigKeys (ConfUtils.java:logGet(46)) - raft.server.retrycache.statistics.expirytime = 100μs (default)
2023-09-07 04:50:20,536 [9f849854-0b93-4d35-a4d9-b273905b7e1f-groupManagement] INFO  server.RaftServerConfigKeys (ConfUtils.java:logGet(46)) - raft.server.read.option = DEFAULT (default)
2023-09-07 04:50:20,538 [9f849854-0b93-4d35-a4d9-b273905b7e1f-groupManagement] INFO  server.RaftServerConfigKeys (ConfUtils.java:logGet(46)) - raft.server.rpc.request.timeout = 60s (custom)
2023-09-07 04:50:20,538 [9f849854-0b93-4d35-a4d9-b273905b7e1f-groupManagement] INFO  server.RaftServerConfigKeys (ConfUtils.java:logGet(46)) - raft.server.log.appender.install.snapshot.enabled = false (custom)
2023-09-07 04:50:20,538 [9f849854-0b93-4d35-a4d9-b273905b7e1f-groupManagement] INFO  server.RaftServerConfigKeys (ConfUtils.java:logGet(46)) - raft.server.threadpool.server.cached = true (default)
2023-09-07 04:50:20,538 [9f849854-0b93-4d35-a4d9-b273905b7e1f-groupManagement] INFO  server.RaftServerConfigKeys (ConfUtils.java:logGet(46)) - raft.server.threadpool.server.size = 0 (default)
2023-09-07 04:50:20,538 [9f849854-0b93-4d35-a4d9-b273905b7e1f-groupManagement] INFO  server.RaftServerConfigKeys (ConfUtils.java:logGet(46)) - raft.server.threadpool.client.cached = true (default)
2023-09-07 04:50:20,538 [9f849854-0b93-4d35-a4d9-b273905b7e1f-groupManagement] INFO  server.RaftServerConfigKeys (ConfUtils.java:logGet(46)) - raft.server.threadpool.client.size = 0 (default)
2023-09-07 04:50:20,538 [9f849854-0b93-4d35-a4d9-b273905b7e1f-groupManagement] INFO  storage.RaftStorageDirectory (RaftStorageDirectoryImpl.java:analyzeStorage(137)) - The storage directory /home/runner/work/ozone/ozone/hadoop-ozone/integration-test/target/test-dir/MiniOzoneClusterImpl-d344a044-c2aa-46c6-8971-a5e8f3f75c9e/datanode-1/data/ratis/b7b8b19f-bcc4-4b03-9e33-85ab1ce9058e does not exist. Creating ...
2023-09-07 04:50:20,540 [9f849854-0b93-4d35-a4d9-b273905b7e1f-groupManagement] INFO  storage.RaftStorageDirectory (RaftStorageDirectoryImpl.java:tryLock(231)) - Lock on /home/runner/work/ozone/ozone/hadoop-ozone/integration-test/target/test-dir/MiniOzoneClusterImpl-d344a044-c2aa-46c6-8971-a5e8f3f75c9e/datanode-1/data/ratis/b7b8b19f-bcc4-4b03-9e33-85ab1ce9058e/in_use.lock acquired by nodename 7593@fv-az163-854
2023-09-07 04:50:20,543 [9f849854-0b93-4d35-a4d9-b273905b7e1f-groupManagement] INFO  storage.RaftStorage (RaftStorageImpl.java:format(96)) - Storage directory /home/runner/work/ozone/ozone/hadoop-ozone/integration-test/target/test-dir/MiniOzoneClusterImpl-d344a044-c2aa-46c6-8971-a5e8f3f75c9e/datanode-1/data/ratis/b7b8b19f-bcc4-4b03-9e33-85ab1ce9058e has been successfully formatted.
2023-09-07 04:50:20,545 [9f849854-0b93-4d35-a4d9-b273905b7e1f-groupManagement] INFO  ratis.ContainerStateMachine (ContainerStateMachine.java:loadSnapshot(262)) - group-85AB1CE9058E: The snapshot info is null. Setting the last applied indexto:(t:0, i:~)
2023-09-07 04:50:20,545 [9f849854-0b93-4d35-a4d9-b273905b7e1f-groupManagement] INFO  server.RaftServerConfigKeys (ConfUtils.java:logGet(46)) - raft.server.log.use.memory = false (default)
2023-09-07 04:50:20,546 [9f849854-0b93-4d35-a4d9-b273905b7e1f-groupManagement] INFO  server.RaftServerConfigKeys (ConfUtils.java:logGet(46)) - raft.server.log.purge.gap = 1000000 (custom)
2023-09-07 04:50:20,546 [9f849854-0b93-4d35-a4d9-b273905b7e1f-groupManagement] INFO  server.RaftServerConfigKeys (ConfUtils.java:logGet(46)) - raft.server.log.appender.buffer.byte-limit = 33554432 (custom)
2023-09-07 04:50:20,546 [9f849854-0b93-4d35-a4d9-b273905b7e1f-groupManagement] INFO  server.RaftServerConfigKeys (ConfUtils.java:logGet(46)) - raft.server.log.statemachine.data.read.timeout = 1000ms (default)
2023-09-07 04:50:20,546 [9f849854-0b93-4d35-a4d9-b273905b7e1f-groupManagement] INFO  server.RaftServerConfigKeys (ConfUtils.java:logGet(46)) - raft.server.log.purge.preservation.log.num = 0 (default)
2023-09-07 04:50:20,546 [9f849854-0b93-4d35-a4d9-b273905b7e1f-groupManagement] INFO  server.RaftServerConfigKeys (ConfUtils.java:logGet(46)) - raft.server.log.segment.size.max = 1048576 (custom)
2023-09-07 04:50:20,546 [9f849854-0b93-4d35-a4d9-b273905b7e1f-groupManagement] INFO  server.RaftServerConfigKeys (ConfUtils.java:logGet(46)) - raft.server.log.segment.cache.num.max = 2 (custom)
2023-09-07 04:50:20,547 [9f849854-0b93-4d35-a4d9-b273905b7e1f-groupManagement] INFO  server.RaftServerConfigKeys (ConfUtils.java:logGet(46)) - raft.server.log.segment.cache.size.max = 200MB (=209715200) (default)
2023-09-07 04:50:20,547 [9f849854-0b93-4d35-a4d9-b273905b7e1f-groupManagement] INFO  server.RaftServerConfigKeys (ConfUtils.java:logGet(46)) - raft.server.log.appender.buffer.byte-limit = 33554432 (custom)
2023-09-07 04:50:20,547 [9f849854-0b93-4d35-a4d9-b273905b7e1f-groupManagement] INFO  segmented.SegmentedRaftLogWorker (SegmentedRaftLogWorker.java:<init>(188)) - new 9f849854-0b93-4d35-a4d9-b273905b7e1f@group-85AB1CE9058E-SegmentedRaftLogWorker for RaftStorageImpl:Storage Directory /home/runner/work/ozone/ozone/hadoop-ozone/integration-test/target/test-dir/MiniOzoneClusterImpl-d344a044-c2aa-46c6-8971-a5e8f3f75c9e/datanode-1/data/ratis/b7b8b19f-bcc4-4b03-9e33-85ab1ce9058e
2023-09-07 04:50:20,547 [9f849854-0b93-4d35-a4d9-b273905b7e1f-groupManagement] INFO  server.RaftServerConfigKeys (ConfUtils.java:logGet(46)) - raft.server.log.queue.byte-limit = 4294967296 (custom)
2023-09-07 04:50:20,547 [9f849854-0b93-4d35-a4d9-b273905b7e1f-groupManagement] INFO  server.RaftServerConfigKeys (ConfUtils.java:logGet(46)) - raft.server.log.queue.element-limit = 1024 (custom)
2023-09-07 04:50:20,547 [9f849854-0b93-4d35-a4d9-b273905b7e1f-groupManagement] INFO  server.RaftServerConfigKeys (ConfUtils.java:logGet(46)) - raft.server.log.segment.size.max = 1048576 (custom)
2023-09-07 04:50:20,547 [9f849854-0b93-4d35-a4d9-b273905b7e1f-groupManagement] INFO  server.RaftServerConfigKeys (ConfUtils.java:logGet(46)) - raft.server.log.preallocated.size = 16384 (custom)
2023-09-07 04:50:20,547 [9f849854-0b93-4d35-a4d9-b273905b7e1f-groupManagement] INFO  server.RaftServerConfigKeys (ConfUtils.java:logGet(46)) - raft.server.log.force.sync.num = 128 (default)
2023-09-07 04:50:20,547 [9f849854-0b93-4d35-a4d9-b273905b7e1f-groupManagement] INFO  server.RaftServerConfigKeys (ConfUtils.java:logGet(46)) - raft.server.log.statemachine.data.sync = true (default)
2023-09-07 04:50:20,547 [9f849854-0b93-4d35-a4d9-b273905b7e1f-groupManagement] INFO  server.RaftServerConfigKeys (ConfUtils.java:logGet(46)) - raft.server.log.statemachine.data.sync.timeout = 10s (default)
2023-09-07 04:50:20,549 [9f849854-0b93-4d35-a4d9-b273905b7e1f-groupManagement] INFO  server.RaftServerConfigKeys (ConfUtils.java:logGet(46)) - raft.server.log.statemachine.data.sync.timeout.retry = -1 (default)
2023-09-07 04:50:20,550 [9f849854-0b93-4d35-a4d9-b273905b7e1f-groupManagement] INFO  server.RaftServerConfigKeys (ConfUtils.java:logGet(46)) - raft.server.log.write.buffer.size = 1048576 (custom)
2023-09-07 04:50:20,550 [9f849854-0b93-4d35-a4d9-b273905b7e1f-groupManagement] INFO  server.RaftServerConfigKeys (ConfUtils.java:logGet(46)) - raft.server.log.appender.buffer.byte-limit = 33554432 (custom)
2023-09-07 04:50:20,557 [9f849854-0b93-4d35-a4d9-b273905b7e1f-groupManagement] INFO  server.RaftServerConfigKeys (ConfUtils.java:logGet(46)) - raft.server.log.unsafe-flush.enabled = false (default)
2023-09-07 04:50:20,557 [9f849854-0b93-4d35-a4d9-b273905b7e1f-groupManagement] INFO  server.RaftServerConfigKeys (ConfUtils.java:logGet(46)) - raft.server.log.async-flush.enabled = false (default)
2023-09-07 04:50:20,558 [9f849854-0b93-4d35-a4d9-b273905b7e1f-groupManagement] INFO  server.RaftServerConfigKeys (ConfUtils.java:logGet(46)) - raft.server.log.statemachine.data.caching.enabled = true (custom)
2023-09-07 04:50:20,558 [9f849854-0b93-4d35-a4d9-b273905b7e1f-groupManagement] INFO  segmented.SegmentedRaftLogWorker (SegmentedRaftLogWorker.java:lambda$new$0(135)) - 9f849854-0b93-4d35-a4d9-b273905b7e1f@group-85AB1CE9058E-SegmentedRaftLogWorker: flushIndex: setUnconditionally 0 -> -1
2023-09-07 04:50:20,558 [9f849854-0b93-4d35-a4d9-b273905b7e1f-groupManagement] INFO  segmented.SegmentedRaftLogWorker (SegmentedRaftLogWorker.java:lambda$new$0(135)) - 9f849854-0b93-4d35-a4d9-b273905b7e1f@group-85AB1CE9058E-SegmentedRaftLogWorker: safeCacheEvictIndex: setUnconditionally 0 -> -1
2023-09-07 04:50:20,558 [9f849854-0b93-4d35-a4d9-b273905b7e1f-groupManagement] INFO  server.RaftServer$Division (RaftServerImpl.java:start(342)) - 9f849854-0b93-4d35-a4d9-b273905b7e1f@group-85AB1CE9058E: start as a follower, conf=-1: peers:[9f849854-0b93-4d35-a4d9-b273905b7e1f|rpc:10.1.0.9:15076|admin:10.1.0.9:15075|client:10.1.0.9:15074|dataStream:10.1.0.9:15077|priority:0|startupRole:FOLLOWER, 8fe090c8-98a3-4c2e-b58d-35f0bbae16bb|rpc:10.1.0.9:15085|admin:10.1.0.9:15084|client:10.1.0.9:15083|dataStream:10.1.0.9:15086|priority:0|startupRole:FOLLOWER, c689351a-c011-4280-903e-e1929abe1491|rpc:10.1.0.9:15067|admin:10.1.0.9:15066|client:10.1.0.9:15065|dataStream:10.1.0.9:15068|priority:1|startupRole:FOLLOWER]|listeners:[], old=null
2023-09-07 04:50:20,558 [9f849854-0b93-4d35-a4d9-b273905b7e1f-groupManagement] INFO  server.RaftServer$Division (RaftServerImpl.java:setRole(329)) - 9f849854-0b93-4d35-a4d9-b273905b7e1f@group-85AB1CE9058E: changes role from      null to FOLLOWER at term 0 for startAsFollower
2023-09-07 04:50:20,558 [9f849854-0b93-4d35-a4d9-b273905b7e1f-groupManagement] INFO  impl.RoleInfo (RoleInfo.java:updateAndGet(139)) - 9f849854-0b93-4d35-a4d9-b273905b7e1f: start 9f849854-0b93-4d35-a4d9-b273905b7e1f@group-85AB1CE9058E-FollowerState
2023-09-07 04:50:20,559 [9f849854-0b93-4d35-a4d9-b273905b7e1f-groupManagement] INFO  util.JmxRegister (JmxRegister.java:tryRegister(44)) - Successfully registered JMX Bean with object name Ratis:service=RaftServer,group=group-85AB1CE9058E,id=9f849854-0b93-4d35-a4d9-b273905b7e1f
2023-09-07 04:50:20,559 [9f849854-0b93-4d35-a4d9-b273905b7e1f@group-85AB1CE9058E-FollowerState] INFO  server.RaftServerConfigKeys (ConfUtils.java:logFallback(53)) - raft.server.rpc.first-election.timeout.min = 5s (fallback to raft.server.rpc.timeout.min)
2023-09-07 04:50:20,559 [9f849854-0b93-4d35-a4d9-b273905b7e1f-groupManagement] INFO  server.RaftServerConfigKeys (ConfUtils.java:logGet(46)) - raft.server.snapshot.auto.trigger.enabled = true (custom)
2023-09-07 04:50:20,559 [9f849854-0b93-4d35-a4d9-b273905b7e1f-groupManagement] INFO  server.RaftServerConfigKeys (ConfUtils.java:logGet(46)) - raft.server.snapshot.auto.trigger.threshold = 10000 (custom)
2023-09-07 04:50:20,559 [9f849854-0b93-4d35-a4d9-b273905b7e1f@group-85AB1CE9058E-FollowerState] INFO  server.RaftServerConfigKeys (ConfUtils.java:logFallback(53)) - raft.server.rpc.first-election.timeout.max = 5200ms (fallback to raft.server.rpc.timeout.max)
2023-09-07 04:50:20,559 [9f849854-0b93-4d35-a4d9-b273905b7e1f-groupManagement] INFO  server.RaftServerConfigKeys (ConfUtils.java:logGet(46)) - raft.server.snapshot.retention.file.num = 5 (custom)
2023-09-07 04:50:20,559 [9f849854-0b93-4d35-a4d9-b273905b7e1f-groupManagement] INFO  server.RaftServerConfigKeys (ConfUtils.java:logGet(46)) - raft.server.log.purge.upto.snapshot.index = false (default)
2023-09-07 04:50:20,570 [PipelineCommandHandlerThread-0] INFO  commandhandler.CreatePipelineCommandHandler (CreatePipelineCommandHandler.java:lambda$handle$2(124)) - Created Pipeline RATIS THREE PipelineID=b7b8b19f-bcc4-4b03-9e33-85ab1ce9058e.
2023-09-07 04:50:20,570 [PipelineCommandHandlerThread-0] INFO  server.RaftServer (RaftServerProxy.java:addNew(98)) - c689351a-c011-4280-903e-e1929abe1491: addNew group-C77B99C35E72:[9f849854-0b93-4d35-a4d9-b273905b7e1f|rpc:10.1.0.9:15076|admin:10.1.0.9:15075|client:10.1.0.9:15074|dataStream:10.1.0.9:15077|priority:1|startupRole:FOLLOWER, 8fe090c8-98a3-4c2e-b58d-35f0bbae16bb|rpc:10.1.0.9:15085|admin:10.1.0.9:15084|client:10.1.0.9:15083|dataStream:10.1.0.9:15086|priority:0|startupRole:FOLLOWER, c689351a-c011-4280-903e-e1929abe1491|rpc:10.1.0.9:15067|admin:10.1.0.9:15066|client:10.1.0.9:15065|dataStream:10.1.0.9:15068|priority:0|startupRole:FOLLOWER] returns group-C77B99C35E72:java.util.concurrent.CompletableFuture@84520f8[Not completed]
2023-09-07 04:50:20,572 [c689351a-c011-4280-903e-e1929abe1491-groupManagement] INFO  server.RaftServer$Division (RaftServerImpl.java:<init>(198)) - c689351a-c011-4280-903e-e1929abe1491: new RaftServerImpl for group-C77B99C35E72:[9f849854-0b93-4d35-a4d9-b273905b7e1f|rpc:10.1.0.9:15076|admin:10.1.0.9:15075|client:10.1.0.9:15074|dataStream:10.1.0.9:15077|priority:1|startupRole:FOLLOWER, 8fe090c8-98a3-4c2e-b58d-35f0bbae16bb|rpc:10.1.0.9:15085|admin:10.1.0.9:15084|client:10.1.0.9:15083|dataStream:10.1.0.9:15086|priority:0|startupRole:FOLLOWER, c689351a-c011-4280-903e-e1929abe1491|rpc:10.1.0.9:15067|admin:10.1.0.9:15066|client:10.1.0.9:15065|dataStream:10.1.0.9:15068|priority:0|startupRole:FOLLOWER] with ContainerStateMachine:uninitialized
2023-09-07 04:50:20,572 [c689351a-c011-4280-903e-e1929abe1491-groupManagement] INFO  server.RaftServerConfigKeys (ConfUtils.java:logGet(46)) - raft.server.rpc.timeout.min = 5s (custom)
2023-09-07 04:50:20,572 [c689351a-c011-4280-903e-e1929abe1491-groupManagement] INFO  server.RaftServerConfigKeys (ConfUtils.java:logGet(46)) - raft.server.rpc.timeout.max = 5200ms (custom)
2023-09-07 04:50:20,572 [c689351a-c011-4280-903e-e1929abe1491-groupManagement] INFO  server.RaftServerConfigKeys (ConfUtils.java:logGet(46)) - raft.server.rpc.sleep.time = 25ms (default)
2023-09-07 04:50:20,572 [c689351a-c011-4280-903e-e1929abe1491-groupManagement] INFO  server.RaftServerConfigKeys (ConfUtils.java:logGet(46)) - raft.server.rpc.slowness.timeout = 300s (custom)
2023-09-07 04:50:20,572 [c689351a-c011-4280-903e-e1929abe1491-groupManagement] INFO  server.RaftServerConfigKeys (ConfUtils.java:logGet(46)) - raft.server.leaderelection.leader.step-down.wait-time = 10s (default)
2023-09-07 04:50:20,572 [c689351a-c011-4280-903e-e1929abe1491-groupManagement] INFO  server.RaftServerConfigKeys (ConfUtils.java:logGet(46)) - raft.server.sleep.deviation.threshold = 300ms (default)
2023-09-07 04:50:20,572 [c689351a-c011-4280-903e-e1929abe1491-groupManagement] INFO  server.RaftServer$Division (ServerState.java:<init>(120)) - c689351a-c011-4280-903e-e1929abe1491@group-C77B99C35E72: ConfigurationManager, init=-1: peers:[9f849854-0b93-4d35-a4d9-b273905b7e1f|rpc:10.1.0.9:15076|admin:10.1.0.9:15075|client:10.1.0.9:15074|dataStream:10.1.0.9:15077|priority:1|startupRole:FOLLOWER, 8fe090c8-98a3-4c2e-b58d-35f0bbae16bb|rpc:10.1.0.9:15085|admin:10.1.0.9:15084|client:10.1.0.9:15083|dataStream:10.1.0.9:15086|priority:0|startupRole:FOLLOWER, c689351a-c011-4280-903e-e1929abe1491|rpc:10.1.0.9:15067|admin:10.1.0.9:15066|client:10.1.0.9:15065|dataStream:10.1.0.9:15068|priority:0|startupRole:FOLLOWER]|listeners:[], old=null, confs=<EMPTY_MAP>
2023-09-07 04:50:20,572 [c689351a-c011-4280-903e-e1929abe1491-groupManagement] INFO  server.RaftServerConfigKeys (ConfUtils.java:logGet(46)) - raft.server.storage.dir = [/home/runner/work/ozone/ozone/hadoop-ozone/integration-test/target/test-dir/MiniOzoneClusterImpl-d344a044-c2aa-46c6-8971-a5e8f3f75c9e/datanode-0/data/ratis] (custom)
2023-09-07 04:50:20,572 [c689351a-c011-4280-903e-e1929abe1491-groupManagement] INFO  server.RaftServerConfigKeys (ConfUtils.java:logGet(46)) - raft.server.log.corruption.policy = EXCEPTION (default)
2023-09-07 04:50:20,572 [c689351a-c011-4280-903e-e1929abe1491-groupManagement] INFO  server.RaftServerConfigKeys (ConfUtils.java:logGet(46)) - raft.server.storage.free-space.min = 0MB (=0) (default)
2023-09-07 04:50:20,573 [c689351a-c011-4280-903e-e1929abe1491-groupManagement] INFO  server.RaftServerConfigKeys (ConfUtils.java:logGet(46)) - raft.server.notification.no-leader.timeout = 300s (custom)
2023-09-07 04:50:20,573 [c689351a-c011-4280-903e-e1929abe1491-groupManagement] INFO  server.RaftServerConfigKeys (ConfUtils.java:logGet(46)) - raft.server.read.timeout = 10s (default)
2023-09-07 04:50:20,573 [c689351a-c011-4280-903e-e1929abe1491-groupManagement] INFO  server.RaftServerConfigKeys (ConfUtils.java:logGet(46)) - raft.server.retrycache.expirytime = 600000ms (custom)
2023-09-07 04:50:20,573 [c689351a-c011-4280-903e-e1929abe1491-groupManagement] INFO  server.RaftServerConfigKeys (ConfUtils.java:logGet(46)) - raft.server.retrycache.statistics.expirytime = 100μs (default)
2023-09-07 04:50:20,573 [c689351a-c011-4280-903e-e1929abe1491-groupManagement] INFO  server.RaftServerConfigKeys (ConfUtils.java:logGet(46)) - raft.server.read.option = DEFAULT (default)
2023-09-07 04:50:20,574 [c689351a-c011-4280-903e-e1929abe1491-groupManagement] INFO  server.RaftServerConfigKeys (ConfUtils.java:logGet(46)) - raft.server.rpc.request.timeout = 60s (custom)
2023-09-07 04:50:20,574 [c689351a-c011-4280-903e-e1929abe1491-groupManagement] INFO  server.RaftServerConfigKeys (ConfUtils.java:logGet(46)) - raft.server.log.appender.install.snapshot.enabled = false (custom)
2023-09-07 04:50:20,574 [c689351a-c011-4280-903e-e1929abe1491-groupManagement] INFO  server.RaftServerConfigKeys (ConfUtils.java:logGet(46)) - raft.server.threadpool.server.cached = true (default)
2023-09-07 04:50:20,574 [c689351a-c011-4280-903e-e1929abe1491-groupManagement] INFO  server.RaftServerConfigKeys (ConfUtils.java:logGet(46)) - raft.server.threadpool.server.size = 0 (default)
2023-09-07 04:50:20,574 [c689351a-c011-4280-903e-e1929abe1491-groupManagement] INFO  server.RaftServerConfigKeys (ConfUtils.java:logGet(46)) - raft.server.threadpool.client.cached = true (default)
2023-09-07 04:50:20,574 [c689351a-c011-4280-903e-e1929abe1491-groupManagement] INFO  server.RaftServerConfigKeys (ConfUtils.java:logGet(46)) - raft.server.threadpool.client.size = 0 (default)
2023-09-07 04:50:20,574 [c689351a-c011-4280-903e-e1929abe1491-groupManagement] INFO  storage.RaftStorageDirectory (RaftStorageDirectoryImpl.java:analyzeStorage(137)) - The storage directory /home/runner/work/ozone/ozone/hadoop-ozone/integration-test/target/test-dir/MiniOzoneClusterImpl-d344a044-c2aa-46c6-8971-a5e8f3f75c9e/datanode-0/data/ratis/bc074d86-acaf-4846-b5ee-c77b99c35e72 does not exist. Creating ...
2023-09-07 04:50:20,578 [c689351a-c011-4280-903e-e1929abe1491-groupManagement] INFO  storage.RaftStorageDirectory (RaftStorageDirectoryImpl.java:tryLock(231)) - Lock on /home/runner/work/ozone/ozone/hadoop-ozone/integration-test/target/test-dir/MiniOzoneClusterImpl-d344a044-c2aa-46c6-8971-a5e8f3f75c9e/datanode-0/data/ratis/bc074d86-acaf-4846-b5ee-c77b99c35e72/in_use.lock acquired by nodename 7593@fv-az163-854
2023-09-07 04:50:20,580 [c689351a-c011-4280-903e-e1929abe1491-groupManagement] INFO  storage.RaftStorage (RaftStorageImpl.java:format(96)) - Storage directory /home/runner/work/ozone/ozone/hadoop-ozone/integration-test/target/test-dir/MiniOzoneClusterImpl-d344a044-c2aa-46c6-8971-a5e8f3f75c9e/datanode-0/data/ratis/bc074d86-acaf-4846-b5ee-c77b99c35e72 has been successfully formatted.
2023-09-07 04:50:20,581 [c689351a-c011-4280-903e-e1929abe1491-groupManagement] INFO  ratis.ContainerStateMachine (ContainerStateMachine.java:loadSnapshot(262)) - group-C77B99C35E72: The snapshot info is null. Setting the last applied indexto:(t:0, i:~)
2023-09-07 04:50:20,581 [c689351a-c011-4280-903e-e1929abe1491-groupManagement] INFO  server.RaftServerConfigKeys (ConfUtils.java:logGet(46)) - raft.server.log.use.memory = false (default)
2023-09-07 04:50:20,581 [c689351a-c011-4280-903e-e1929abe1491-groupManagement] INFO  server.RaftServerConfigKeys (ConfUtils.java:logGet(46)) - raft.server.log.purge.gap = 1000000 (custom)
2023-09-07 04:50:20,581 [EventQueue-OpenPipelineForHealthyPipelineSafeModeRule] INFO  safemode.SCMSafeModeManager (HealthyPipelineSafeModeRule.java:process(137)) - SCM in safe mode. Healthy pipelines reported count is 0, required healthy pipeline reported count is 1
2023-09-07 04:50:20,582 [c689351a-c011-4280-903e-e1929abe1491-groupManagement] INFO  server.RaftServerConfigKeys (ConfUtils.java:logGet(46)) - raft.server.log.appender.buffer.byte-limit = 33554432 (custom)
2023-09-07 04:50:20,582 [c689351a-c011-4280-903e-e1929abe1491-groupManagement] INFO  server.RaftServerConfigKeys (ConfUtils.java:logGet(46)) - raft.server.log.statemachine.data.read.timeout = 1000ms (default)
2023-09-07 04:50:20,582 [c689351a-c011-4280-903e-e1929abe1491-groupManagement] INFO  server.RaftServerConfigKeys (ConfUtils.java:logGet(46)) - raft.server.log.purge.preservation.log.num = 0 (default)
2023-09-07 04:50:20,585 [c689351a-c011-4280-903e-e1929abe1491-groupManagement] INFO  server.RaftServerConfigKeys (ConfUtils.java:logGet(46)) - raft.server.log.segment.size.max = 1048576 (custom)
2023-09-07 04:50:20,586 [c689351a-c011-4280-903e-e1929abe1491-groupManagement] INFO  server.RaftServerConfigKeys (ConfUtils.java:logGet(46)) - raft.server.log.segment.cache.num.max = 2 (custom)
2023-09-07 04:50:20,586 [c689351a-c011-4280-903e-e1929abe1491-groupManagement] INFO  server.RaftServerConfigKeys (ConfUtils.java:logGet(46)) - raft.server.log.segment.cache.size.max = 200MB (=209715200) (default)
2023-09-07 04:50:20,586 [c689351a-c011-4280-903e-e1929abe1491-groupManagement] INFO  server.RaftServerConfigKeys (ConfUtils.java:logGet(46)) - raft.server.log.appender.buffer.byte-limit = 33554432 (custom)
2023-09-07 04:50:20,586 [c689351a-c011-4280-903e-e1929abe1491-groupManagement] INFO  segmented.SegmentedRaftLogWorker (SegmentedRaftLogWorker.java:<init>(188)) - new c689351a-c011-4280-903e-e1929abe1491@group-C77B99C35E72-SegmentedRaftLogWorker for RaftStorageImpl:Storage Directory /home/runner/work/ozone/ozone/hadoop-ozone/integration-test/target/test-dir/MiniOzoneClusterImpl-d344a044-c2aa-46c6-8971-a5e8f3f75c9e/datanode-0/data/ratis/bc074d86-acaf-4846-b5ee-c77b99c35e72
2023-09-07 04:50:20,586 [c689351a-c011-4280-903e-e1929abe1491-groupManagement] INFO  server.RaftServerConfigKeys (ConfUtils.java:logGet(46)) - raft.server.log.queue.byte-limit = 4294967296 (custom)
2023-09-07 04:50:20,586 [c689351a-c011-4280-903e-e1929abe1491-groupManagement] INFO  server.RaftServerConfigKeys (ConfUtils.java:logGet(46)) - raft.server.log.queue.element-limit = 1024 (custom)
2023-09-07 04:50:20,586 [c689351a-c011-4280-903e-e1929abe1491-groupManagement] INFO  server.RaftServerConfigKeys (ConfUtils.java:logGet(46)) - raft.server.log.segment.size.max = 1048576 (custom)
2023-09-07 04:50:20,586 [c689351a-c011-4280-903e-e1929abe1491-groupManagement] INFO  server.RaftServerConfigKeys (ConfUtils.java:logGet(46)) - raft.server.log.preallocated.size = 16384 (custom)
2023-09-07 04:50:20,586 [c689351a-c011-4280-903e-e1929abe1491-groupManagement] INFO  server.RaftServerConfigKeys (ConfUtils.java:logGet(46)) - raft.server.log.force.sync.num = 128 (default)
2023-09-07 04:50:20,586 [c689351a-c011-4280-903e-e1929abe1491-groupManagement] INFO  server.RaftServerConfigKeys (ConfUtils.java:logGet(46)) - raft.server.log.statemachine.data.sync = true (default)
2023-09-07 04:50:20,586 [c689351a-c011-4280-903e-e1929abe1491-groupManagement] INFO  server.RaftServerConfigKeys (ConfUtils.java:logGet(46)) - raft.server.log.statemachine.data.sync.timeout = 10s (default)
2023-09-07 04:50:20,586 [c689351a-c011-4280-903e-e1929abe1491-groupManagement] INFO  server.RaftServerConfigKeys (ConfUtils.java:logGet(46)) - raft.server.log.statemachine.data.sync.timeout.retry = -1 (default)
2023-09-07 04:50:20,587 [c689351a-c011-4280-903e-e1929abe1491-groupManagement] INFO  server.RaftServerConfigKeys (ConfUtils.java:logGet(46)) - raft.server.log.write.buffer.size = 1048576 (custom)
2023-09-07 04:50:20,587 [c689351a-c011-4280-903e-e1929abe1491-groupManagement] INFO  server.RaftServerConfigKeys (ConfUtils.java:logGet(46)) - raft.server.log.appender.buffer.byte-limit = 33554432 (custom)
2023-09-07 04:50:20,705 [c689351a-c011-4280-903e-e1929abe1491-groupManagement] INFO  server.RaftServerConfigKeys (ConfUtils.java:logGet(46)) - raft.server.log.unsafe-flush.enabled = false (default)
2023-09-07 04:50:20,714 [c689351a-c011-4280-903e-e1929abe1491-groupManagement] INFO  server.RaftServerConfigKeys (ConfUtils.java:logGet(46)) - raft.server.log.async-flush.enabled = false (default)
2023-09-07 04:50:20,714 [c689351a-c011-4280-903e-e1929abe1491-groupManagement] INFO  server.RaftServerConfigKeys (ConfUtils.java:logGet(46)) - raft.server.log.statemachine.data.caching.enabled = true (custom)
2023-09-07 04:50:20,714 [c689351a-c011-4280-903e-e1929abe1491-groupManagement] INFO  segmented.SegmentedRaftLogWorker (SegmentedRaftLogWorker.java:lambda$new$0(135)) - c689351a-c011-4280-903e-e1929abe1491@group-C77B99C35E72-SegmentedRaftLogWorker: flushIndex: setUnconditionally 0 -> -1
2023-09-07 04:50:20,714 [c689351a-c011-4280-903e-e1929abe1491-groupManagement] INFO  segmented.SegmentedRaftLogWorker (SegmentedRaftLogWorker.java:lambda$new$0(135)) - c689351a-c011-4280-903e-e1929abe1491@group-C77B99C35E72-SegmentedRaftLogWorker: safeCacheEvictIndex: setUnconditionally 0 -> -1
2023-09-07 04:50:20,717 [c689351a-c011-4280-903e-e1929abe1491-groupManagement] INFO  server.RaftServer$Division (RaftServerImpl.java:start(342)) - c689351a-c011-4280-903e-e1929abe1491@group-C77B99C35E72: start as a follower, conf=-1: peers:[9f849854-0b93-4d35-a4d9-b273905b7e1f|rpc:10.1.0.9:15076|admin:10.1.0.9:15075|client:10.1.0.9:15074|dataStream:10.1.0.9:15077|priority:1|startupRole:FOLLOWER, 8fe090c8-98a3-4c2e-b58d-35f0bbae16bb|rpc:10.1.0.9:15085|admin:10.1.0.9:15084|client:10.1.0.9:15083|dataStream:10.1.0.9:15086|priority:0|startupRole:FOLLOWER, c689351a-c011-4280-903e-e1929abe1491|rpc:10.1.0.9:15067|admin:10.1.0.9:15066|client:10.1.0.9:15065|dataStream:10.1.0.9:15068|priority:0|startupRole:FOLLOWER]|listeners:[], old=null
2023-09-07 04:50:20,718 [c689351a-c011-4280-903e-e1929abe1491-groupManagement] INFO  server.RaftServer$Division (RaftServerImpl.java:setRole(329)) - c689351a-c011-4280-903e-e1929abe1491@group-C77B99C35E72: changes role from      null to FOLLOWER at term 0 for startAsFollower
2023-09-07 04:50:20,723 [c689351a-c011-4280-903e-e1929abe1491-groupManagement] INFO  impl.RoleInfo (RoleInfo.java:updateAndGet(139)) - c689351a-c011-4280-903e-e1929abe1491: start c689351a-c011-4280-903e-e1929abe1491@group-C77B99C35E72-FollowerState
2023-09-07 04:50:20,725 [c689351a-c011-4280-903e-e1929abe1491-groupManagement] INFO  util.JmxRegister (JmxRegister.java:tryRegister(44)) - Successfully registered JMX Bean with object name Ratis:service=RaftServer,group=group-C77B99C35E72,id=c689351a-c011-4280-903e-e1929abe1491
2023-09-07 04:50:20,725 [c689351a-c011-4280-903e-e1929abe1491-groupManagement] INFO  server.RaftServerConfigKeys (ConfUtils.java:logGet(46)) - raft.server.snapshot.auto.trigger.enabled = true (custom)
2023-09-07 04:50:20,725 [c689351a-c011-4280-903e-e1929abe1491-groupManagement] INFO  server.RaftServerConfigKeys (ConfUtils.java:logGet(46)) - raft.server.snapshot.auto.trigger.threshold = 10000 (custom)
2023-09-07 04:50:20,725 [c689351a-c011-4280-903e-e1929abe1491-groupManagement] INFO  server.RaftServerConfigKeys (ConfUtils.java:logGet(46)) - raft.server.snapshot.retention.file.num = 5 (custom)
2023-09-07 04:50:20,725 [c689351a-c011-4280-903e-e1929abe1491-groupManagement] INFO  server.RaftServerConfigKeys (ConfUtils.java:logGet(46)) - raft.server.log.purge.upto.snapshot.index = false (default)
2023-09-07 04:50:20,728 [c689351a-c011-4280-903e-e1929abe1491@group-C77B99C35E72-FollowerState] INFO  server.RaftServerConfigKeys (ConfUtils.java:logFallback(53)) - raft.server.rpc.first-election.timeout.min = 5s (fallback to raft.server.rpc.timeout.min)
2023-09-07 04:50:20,729 [c689351a-c011-4280-903e-e1929abe1491@group-C77B99C35E72-FollowerState] INFO  server.RaftServerConfigKeys (ConfUtils.java:logFallback(53)) - raft.server.rpc.first-election.timeout.max = 5200ms (fallback to raft.server.rpc.timeout.max)
2023-09-07 04:50:20,731 [PipelineCommandHandlerThread-0] INFO  ratis.XceiverServerRatis (XceiverServerRatis.java:addGroup(804)) - Created group PipelineID=bc074d86-acaf-4846-b5ee-c77b99c35e72
2023-09-07 04:50:20,754 [grpc-default-executor-0] INFO  server.RaftServer (RaftServerProxy.java:addNew(98)) - 8fe090c8-98a3-4c2e-b58d-35f0bbae16bb: addNew group-C77B99C35E72:[9f849854-0b93-4d35-a4d9-b273905b7e1f|rpc:10.1.0.9:15076|admin:10.1.0.9:15075|client:10.1.0.9:15074|dataStream:10.1.0.9:15077|priority:1|startupRole:FOLLOWER, 8fe090c8-98a3-4c2e-b58d-35f0bbae16bb|rpc:10.1.0.9:15085|admin:10.1.0.9:15084|client:10.1.0.9:15083|dataStream:10.1.0.9:15086|priority:0|startupRole:FOLLOWER, c689351a-c011-4280-903e-e1929abe1491|rpc:10.1.0.9:15067|admin:10.1.0.9:15066|client:10.1.0.9:15065|dataStream:10.1.0.9:15068|priority:0|startupRole:FOLLOWER] returns group-C77B99C35E72:java.util.concurrent.CompletableFuture@56256e60[Not completed]
2023-09-07 04:50:20,756 [8fe090c8-98a3-4c2e-b58d-35f0bbae16bb-groupManagement] INFO  server.RaftServer$Division (RaftServerImpl.java:<init>(198)) - 8fe090c8-98a3-4c2e-b58d-35f0bbae16bb: new RaftServerImpl for group-C77B99C35E72:[9f849854-0b93-4d35-a4d9-b273905b7e1f|rpc:10.1.0.9:15076|admin:10.1.0.9:15075|client:10.1.0.9:15074|dataStream:10.1.0.9:15077|priority:1|startupRole:FOLLOWER, 8fe090c8-98a3-4c2e-b58d-35f0bbae16bb|rpc:10.1.0.9:15085|admin:10.1.0.9:15084|client:10.1.0.9:15083|dataStream:10.1.0.9:15086|priority:0|startupRole:FOLLOWER, c689351a-c011-4280-903e-e1929abe1491|rpc:10.1.0.9:15067|admin:10.1.0.9:15066|client:10.1.0.9:15065|dataStream:10.1.0.9:15068|priority:0|startupRole:FOLLOWER] with ContainerStateMachine:uninitialized
2023-09-07 04:50:20,756 [8fe090c8-98a3-4c2e-b58d-35f0bbae16bb-groupManagement] INFO  server.RaftServerConfigKeys (ConfUtils.java:logGet(46)) - raft.server.rpc.timeout.min = 5s (custom)
2023-09-07 04:50:20,756 [8fe090c8-98a3-4c2e-b58d-35f0bbae16bb-groupManagement] INFO  server.RaftServerConfigKeys (ConfUtils.java:logGet(46)) - raft.server.rpc.timeout.max = 5200ms (custom)
2023-09-07 04:50:20,756 [8fe090c8-98a3-4c2e-b58d-35f0bbae16bb-groupManagement] INFO  server.RaftServerConfigKeys (ConfUtils.java:logGet(46)) - raft.server.rpc.sleep.time = 25ms (default)
2023-09-07 04:50:20,756 [8fe090c8-98a3-4c2e-b58d-35f0bbae16bb-groupManagement] INFO  server.RaftServerConfigKeys (ConfUtils.java:logGet(46)) - raft.server.rpc.slowness.timeout = 300s (custom)
2023-09-07 04:50:20,756 [8fe090c8-98a3-4c2e-b58d-35f0bbae16bb-groupManagement] INFO  server.RaftServerConfigKeys (ConfUtils.java:logGet(46)) - raft.server.leaderelection.leader.step-down.wait-time = 10s (default)
2023-09-07 04:50:20,756 [8fe090c8-98a3-4c2e-b58d-35f0bbae16bb-groupManagement] INFO  server.RaftServerConfigKeys (ConfUtils.java:logGet(46)) - raft.server.sleep.deviation.threshold = 300ms (default)
2023-09-07 04:50:20,756 [8fe090c8-98a3-4c2e-b58d-35f0bbae16bb-groupManagement] INFO  server.RaftServer$Division (ServerState.java:<init>(120)) - 8fe090c8-98a3-4c2e-b58d-35f0bbae16bb@group-C77B99C35E72: ConfigurationManager, init=-1: peers:[9f849854-0b93-4d35-a4d9-b273905b7e1f|rpc:10.1.0.9:15076|admin:10.1.0.9:15075|client:10.1.0.9:15074|dataStream:10.1.0.9:15077|priority:1|startupRole:FOLLOWER, 8fe090c8-98a3-4c2e-b58d-35f0bbae16bb|rpc:10.1.0.9:15085|admin:10.1.0.9:15084|client:10.1.0.9:15083|dataStream:10.1.0.9:15086|priority:0|startupRole:FOLLOWER, c689351a-c011-4280-903e-e1929abe1491|rpc:10.1.0.9:15067|admin:10.1.0.9:15066|client:10.1.0.9:15065|dataStream:10.1.0.9:15068|priority:0|startupRole:FOLLOWER]|listeners:[], old=null, confs=<EMPTY_MAP>
2023-09-07 04:50:20,756 [8fe090c8-98a3-4c2e-b58d-35f0bbae16bb-groupManagement] INFO  server.RaftServerConfigKeys (ConfUtils.java:logGet(46)) - raft.server.storage.dir = [/home/runner/work/ozone/ozone/hadoop-ozone/integration-test/target/test-dir/MiniOzoneClusterImpl-d344a044-c2aa-46c6-8971-a5e8f3f75c9e/datanode-2/data/ratis] (custom)
2023-09-07 04:50:20,756 [8fe090c8-98a3-4c2e-b58d-35f0bbae16bb-groupManagement] INFO  server.RaftServerConfigKeys (ConfUtils.java:logGet(46)) - raft.server.log.corruption.policy = EXCEPTION (default)
2023-09-07 04:50:20,757 [8fe090c8-98a3-4c2e-b58d-35f0bbae16bb-groupManagement] INFO  server.RaftServerConfigKeys (ConfUtils.java:logGet(46)) - raft.server.storage.free-space.min = 0MB (=0) (default)
2023-09-07 04:50:20,757 [8fe090c8-98a3-4c2e-b58d-35f0bbae16bb-groupManagement] INFO  server.RaftServerConfigKeys (ConfUtils.java:logGet(46)) - raft.server.notification.no-leader.timeout = 300s (custom)
2023-09-07 04:50:20,757 [8fe090c8-98a3-4c2e-b58d-35f0bbae16bb-groupManagement] INFO  server.RaftServerConfigKeys (ConfUtils.java:logGet(46)) - raft.server.read.timeout = 10s (default)
2023-09-07 04:50:20,757 [8fe090c8-98a3-4c2e-b58d-35f0bbae16bb-groupManagement] INFO  server.RaftServerConfigKeys (ConfUtils.java:logGet(46)) - raft.server.retrycache.expirytime = 600000ms (custom)
2023-09-07 04:50:20,757 [8fe090c8-98a3-4c2e-b58d-35f0bbae16bb-groupManagement] INFO  server.RaftServerConfigKeys (ConfUtils.java:logGet(46)) - raft.server.retrycache.statistics.expirytime = 100μs (default)
2023-09-07 04:50:20,757 [8fe090c8-98a3-4c2e-b58d-35f0bbae16bb-groupManagement] INFO  server.RaftServerConfigKeys (ConfUtils.java:logGet(46)) - raft.server.read.option = DEFAULT (default)
2023-09-07 04:50:20,758 [9f849854-0b93-4d35-a4d9-b273905b7e1f-groupManagement] INFO  server.RaftServer$Division (RaftServerImpl.java:<init>(198)) - 9f849854-0b93-4d35-a4d9-b273905b7e1f: new RaftServerImpl for group-94C7CB4EFF97:[9f849854-0b93-4d35-a4d9-b273905b7e1f|rpc:10.1.0.9:15076|admin:10.1.0.9:15075|client:10.1.0.9:15074|dataStream:10.1.0.9:15077|priority:1|startupRole:FOLLOWER] with ContainerStateMachine:uninitialized
2023-09-07 04:50:20,758 [9f849854-0b93-4d35-a4d9-b273905b7e1f-groupManagement] INFO  server.RaftServerConfigKeys (ConfUtils.java:logGet(46)) - raft.server.rpc.timeout.min = 5s (custom)
2023-09-07 04:50:20,758 [9f849854-0b93-4d35-a4d9-b273905b7e1f-groupManagement] INFO  server.RaftServerConfigKeys (ConfUtils.java:logGet(46)) - raft.server.rpc.timeout.max = 5200ms (custom)
2023-09-07 04:50:20,759 [9f849854-0b93-4d35-a4d9-b273905b7e1f-groupManagement] INFO  server.RaftServerConfigKeys (ConfUtils.java:logGet(46)) - raft.server.rpc.sleep.time = 25ms (default)
2023-09-07 04:50:20,759 [9f849854-0b93-4d35-a4d9-b273905b7e1f-groupManagement] INFO  server.RaftServerConfigKeys (ConfUtils.java:logGet(46)) - raft.server.rpc.slowness.timeout = 300s (custom)
2023-09-07 04:50:20,759 [9f849854-0b93-4d35-a4d9-b273905b7e1f-groupManagement] INFO  server.RaftServerConfigKeys (ConfUtils.java:logGet(46)) - raft.server.leaderelection.leader.step-down.wait-time = 10s (default)
2023-09-07 04:50:20,759 [9f849854-0b93-4d35-a4d9-b273905b7e1f-groupManagement] INFO  server.RaftServerConfigKeys (ConfUtils.java:logGet(46)) - raft.server.sleep.deviation.threshold = 300ms (default)
2023-09-07 04:50:20,759 [9f849854-0b93-4d35-a4d9-b273905b7e1f-groupManagement] INFO  server.RaftServer$Division (ServerState.java:<init>(120)) - 9f849854-0b93-4d35-a4d9-b273905b7e1f@group-94C7CB4EFF97: ConfigurationManager, init=-1: peers:[9f849854-0b93-4d35-a4d9-b273905b7e1f|rpc:10.1.0.9:15076|admin:10.1.0.9:15075|client:10.1.0.9:15074|dataStream:10.1.0.9:15077|priority:1|startupRole:FOLLOWER]|listeners:[], old=null, confs=<EMPTY_MAP>
2023-09-07 04:50:20,759 [9f849854-0b93-4d35-a4d9-b273905b7e1f-groupManagement] INFO  server.RaftServerConfigKeys (ConfUtils.java:logGet(46)) - raft.server.storage.dir = [/home/runner/work/ozone/ozone/hadoop-ozone/integration-test/target/test-dir/MiniOzoneClusterImpl-d344a044-c2aa-46c6-8971-a5e8f3f75c9e/datanode-1/data/ratis] (custom)
2023-09-07 04:50:20,759 [9f849854-0b93-4d35-a4d9-b273905b7e1f-groupManagement] INFO  server.RaftServerConfigKeys (ConfUtils.java:logGet(46)) - raft.server.log.corruption.policy = EXCEPTION (default)
2023-09-07 04:50:20,759 [9f849854-0b93-4d35-a4d9-b273905b7e1f-groupManagement] INFO  server.RaftServerConfigKeys (ConfUtils.java:logGet(46)) - raft.server.storage.free-space.min = 0MB (=0) (default)
2023-09-07 04:50:20,759 [9f849854-0b93-4d35-a4d9-b273905b7e1f-groupManagement] INFO  server.RaftServerConfigKeys (ConfUtils.java:logGet(46)) - raft.server.notification.no-leader.timeout = 300s (custom)
2023-09-07 04:50:20,759 [9f849854-0b93-4d35-a4d9-b273905b7e1f-groupManagement] INFO  server.RaftServerConfigKeys (ConfUtils.java:logGet(46)) - raft.server.read.timeout = 10s (default)
2023-09-07 04:50:20,759 [9f849854-0b93-4d35-a4d9-b273905b7e1f-groupManagement] INFO  server.RaftServerConfigKeys (ConfUtils.java:logGet(46)) - raft.server.retrycache.expirytime = 600000ms (custom)
2023-09-07 04:50:20,759 [9f849854-0b93-4d35-a4d9-b273905b7e1f-groupManagement] INFO  server.RaftServerConfigKeys (ConfUtils.java:logGet(46)) - raft.server.retrycache.statistics.expirytime = 100μs (default)
2023-09-07 04:50:20,759 [9f849854-0b93-4d35-a4d9-b273905b7e1f-groupManagement] INFO  server.RaftServerConfigKeys (ConfUtils.java:logGet(46)) - raft.server.read.option = DEFAULT (default)
2023-09-07 04:50:20,761 [8fe090c8-98a3-4c2e-b58d-35f0bbae16bb-groupManagement] INFO  server.RaftServerConfigKeys (ConfUtils.java:logGet(46)) - raft.server.rpc.request.timeout = 60s (custom)
2023-09-07 04:50:20,761 [8fe090c8-98a3-4c2e-b58d-35f0bbae16bb-groupManagement] INFO  server.RaftServerConfigKeys (ConfUtils.java:logGet(46)) - raft.server.log.appender.install.snapshot.enabled = false (custom)
2023-09-07 04:50:20,761 [8fe090c8-98a3-4c2e-b58d-35f0bbae16bb-groupManagement] INFO  server.RaftServerConfigKeys (ConfUtils.java:logGet(46)) - raft.server.threadpool.server.cached = true (default)
2023-09-07 04:50:20,761 [8fe090c8-98a3-4c2e-b58d-35f0bbae16bb-groupManagement] INFO  server.RaftServerConfigKeys (ConfUtils.java:logGet(46)) - raft.server.threadpool.server.size = 0 (default)
2023-09-07 04:50:20,761 [8fe090c8-98a3-4c2e-b58d-35f0bbae16bb-groupManagement] INFO  server.RaftServerConfigKeys (ConfUtils.java:logGet(46)) - raft.server.threadpool.client.cached = true (default)
2023-09-07 04:50:20,761 [8fe090c8-98a3-4c2e-b58d-35f0bbae16bb-groupManagement] INFO  server.RaftServerConfigKeys (ConfUtils.java:logGet(46)) - raft.server.threadpool.client.size = 0 (default)
2023-09-07 04:50:20,761 [8fe090c8-98a3-4c2e-b58d-35f0bbae16bb-groupManagement] INFO  storage.RaftStorageDirectory (RaftStorageDirectoryImpl.java:analyzeStorage(137)) - The storage directory /home/runner/work/ozone/ozone/hadoop-ozone/integration-test/target/test-dir/MiniOzoneClusterImpl-d344a044-c2aa-46c6-8971-a5e8f3f75c9e/datanode-2/data/ratis/bc074d86-acaf-4846-b5ee-c77b99c35e72 does not exist. Creating ...
2023-09-07 04:50:20,762 [9f849854-0b93-4d35-a4d9-b273905b7e1f-groupManagement] INFO  server.RaftServerConfigKeys (ConfUtils.java:logGet(46)) - raft.server.rpc.request.timeout = 60s (custom)
2023-09-07 04:50:20,762 [9f849854-0b93-4d35-a4d9-b273905b7e1f-groupManagement] INFO  server.RaftServerConfigKeys (ConfUtils.java:logGet(46)) - raft.server.log.appender.install.snapshot.enabled = false (custom)
2023-09-07 04:50:20,762 [9f849854-0b93-4d35-a4d9-b273905b7e1f-groupManagement] INFO  server.RaftServerConfigKeys (ConfUtils.java:logGet(46)) - raft.server.threadpool.server.cached = true (default)
2023-09-07 04:50:20,762 [9f849854-0b93-4d35-a4d9-b273905b7e1f-groupManagement] INFO  server.RaftServerConfigKeys (ConfUtils.java:logGet(46)) - raft.server.threadpool.server.size = 0 (default)
2023-09-07 04:50:20,762 [9f849854-0b93-4d35-a4d9-b273905b7e1f-groupManagement] INFO  server.RaftServerConfigKeys (ConfUtils.java:logGet(46)) - raft.server.threadpool.client.cached = true (default)
2023-09-07 04:50:20,762 [9f849854-0b93-4d35-a4d9-b273905b7e1f-groupManagement] INFO  server.RaftServerConfigKeys (ConfUtils.java:logGet(46)) - raft.server.threadpool.client.size = 0 (default)
2023-09-07 04:50:20,762 [PipelineCommandHandlerThread-0] INFO  server.RaftServer (RaftServerProxy.java:addNew(98)) - 9f849854-0b93-4d35-a4d9-b273905b7e1f: addNew group-94C7CB4EFF97:[9f849854-0b93-4d35-a4d9-b273905b7e1f|rpc:10.1.0.9:15076|admin:10.1.0.9:15075|client:10.1.0.9:15074|dataStream:10.1.0.9:15077|priority:1|startupRole:FOLLOWER] returns      null 9f849854-0b93-4d35-a4d9-b273905b7e1f@group-94C7CB4EFF97:t0, leader=null, voted=null, raftlog=UNINITIALIZED, conf=-1: peers:[9f849854-0b93-4d35-a4d9-b273905b7e1f|rpc:10.1.0.9:15076|admin:10.1.0.9:15075|client:10.1.0.9:15074|dataStream:10.1.0.9:15077|priority:1|startupRole:FOLLOWER]|listeners:[], old=null NEW
2023-09-07 04:50:20,763 [9f849854-0b93-4d35-a4d9-b273905b7e1f-groupManagement] INFO  storage.RaftStorageDirectory (RaftStorageDirectoryImpl.java:analyzeStorage(137)) - The storage directory /home/runner/work/ozone/ozone/hadoop-ozone/integration-test/target/test-dir/MiniOzoneClusterImpl-d344a044-c2aa-46c6-8971-a5e8f3f75c9e/datanode-1/data/ratis/ee85cd21-a7f1-4a16-a6d7-94c7cb4eff97 does not exist. Creating ...
2023-09-07 04:50:20,763 [8fe090c8-98a3-4c2e-b58d-35f0bbae16bb-groupManagement] INFO  storage.RaftStorageDirectory (RaftStorageDirectoryImpl.java:tryLock(231)) - Lock on /home/runner/work/ozone/ozone/hadoop-ozone/integration-test/target/test-dir/MiniOzoneClusterImpl-d344a044-c2aa-46c6-8971-a5e8f3f75c9e/datanode-2/data/ratis/bc074d86-acaf-4846-b5ee-c77b99c35e72/in_use.lock acquired by nodename 7593@fv-az163-854
2023-09-07 04:50:20,764 [9f849854-0b93-4d35-a4d9-b273905b7e1f-groupManagement] INFO  storage.RaftStorageDirectory (RaftStorageDirectoryImpl.java:tryLock(231)) - Lock on /home/runner/work/ozone/ozone/hadoop-ozone/integration-test/target/test-dir/MiniOzoneClusterImpl-d344a044-c2aa-46c6-8971-a5e8f3f75c9e/datanode-1/data/ratis/ee85cd21-a7f1-4a16-a6d7-94c7cb4eff97/in_use.lock acquired by nodename 7593@fv-az163-854
2023-09-07 04:50:20,765 [9f849854-0b93-4d35-a4d9-b273905b7e1f-groupManagement] INFO  storage.RaftStorage (RaftStorageImpl.java:format(96)) - Storage directory /home/runner/work/ozone/ozone/hadoop-ozone/integration-test/target/test-dir/MiniOzoneClusterImpl-d344a044-c2aa-46c6-8971-a5e8f3f75c9e/datanode-1/data/ratis/ee85cd21-a7f1-4a16-a6d7-94c7cb4eff97 has been successfully formatted.
2023-09-07 04:50:20,766 [9f849854-0b93-4d35-a4d9-b273905b7e1f-groupManagement] INFO  ratis.ContainerStateMachine (ContainerStateMachine.java:loadSnapshot(262)) - group-94C7CB4EFF97: The snapshot info is null. Setting the last applied indexto:(t:0, i:~)
2023-09-07 04:50:20,766 [9f849854-0b93-4d35-a4d9-b273905b7e1f-groupManagement] INFO  server.RaftServerConfigKeys (ConfUtils.java:logGet(46)) - raft.server.log.use.memory = false (default)
2023-09-07 04:50:20,766 [9f849854-0b93-4d35-a4d9-b273905b7e1f-groupManagement] INFO  server.RaftServerConfigKeys (ConfUtils.java:logGet(46)) - raft.server.log.purge.gap = 1000000 (custom)
2023-09-07 04:50:20,767 [9f849854-0b93-4d35-a4d9-b273905b7e1f-groupManagement] INFO  server.RaftServerConfigKeys (ConfUtils.java:logGet(46)) - raft.server.log.appender.buffer.byte-limit = 33554432 (custom)
2023-09-07 04:50:20,767 [9f849854-0b93-4d35-a4d9-b273905b7e1f-groupManagement] INFO  server.RaftServerConfigKeys (ConfUtils.java:logGet(46)) - raft.server.log.statemachine.data.read.timeout = 1000ms (default)
2023-09-07 04:50:20,767 [9f849854-0b93-4d35-a4d9-b273905b7e1f-groupManagement] INFO  server.RaftServerConfigKeys (ConfUtils.java:logGet(46)) - raft.server.log.purge.preservation.log.num = 0 (default)
2023-09-07 04:50:20,767 [8fe090c8-98a3-4c2e-b58d-35f0bbae16bb-groupManagement] INFO  storage.RaftStorage (RaftStorageImpl.java:format(96)) - Storage directory /home/runner/work/ozone/ozone/hadoop-ozone/integration-test/target/test-dir/MiniOzoneClusterImpl-d344a044-c2aa-46c6-8971-a5e8f3f75c9e/datanode-2/data/ratis/bc074d86-acaf-4846-b5ee-c77b99c35e72 has been successfully formatted.
2023-09-07 04:50:20,767 [EventQueue-PipelineReportForPipelineReportHandler] INFO  pipeline.PipelineReportHandler (PipelineReportHandler.java:processPipelineReport(136)) - Opened pipeline PipelineID=ee85cd21-a7f1-4a16-a6d7-94c7cb4eff97
2023-09-07 04:50:20,767 [8fe090c8-98a3-4c2e-b58d-35f0bbae16bb-groupManagement] INFO  ratis.ContainerStateMachine (ContainerStateMachine.java:loadSnapshot(262)) - group-C77B99C35E72: The snapshot info is null. Setting the last applied indexto:(t:0, i:~)
2023-09-07 04:50:20,767 [8fe090c8-98a3-4c2e-b58d-35f0bbae16bb-groupManagement] INFO  server.RaftServerConfigKeys (ConfUtils.java:logGet(46)) - raft.server.log.use.memory = false (default)
2023-09-07 04:50:20,771 [8fe090c8-98a3-4c2e-b58d-35f0bbae16bb-groupManagement] INFO  server.RaftServerConfigKeys (ConfUtils.java:logGet(46)) - raft.server.log.purge.gap = 1000000 (custom)
2023-09-07 04:50:20,771 [8fe090c8-98a3-4c2e-b58d-35f0bbae16bb-groupManagement] INFO  server.RaftServerConfigKeys (ConfUtils.java:logGet(46)) - raft.server.log.appender.buffer.byte-limit = 33554432 (custom)
2023-09-07 04:50:20,771 [8fe090c8-98a3-4c2e-b58d-35f0bbae16bb-groupManagement] INFO  server.RaftServerConfigKeys (ConfUtils.java:logGet(46)) - raft.server.log.statemachine.data.read.timeout = 1000ms (default)
2023-09-07 04:50:20,771 [8fe090c8-98a3-4c2e-b58d-35f0bbae16bb-groupManagement] INFO  server.RaftServerConfigKeys (ConfUtils.java:logGet(46)) - raft.server.log.purge.preservation.log.num = 0 (default)
2023-09-07 04:50:20,771 [8fe090c8-98a3-4c2e-b58d-35f0bbae16bb-groupManagement] INFO  server.RaftServerConfigKeys (ConfUtils.java:logGet(46)) - raft.server.log.segment.size.max = 1048576 (custom)
2023-09-07 04:50:20,770 [9f849854-0b93-4d35-a4d9-b273905b7e1f-groupManagement] INFO  server.RaftServerConfigKeys (ConfUtils.java:logGet(46)) - raft.server.log.segment.size.max = 1048576 (custom)
2023-09-07 04:50:20,771 [8fe090c8-98a3-4c2e-b58d-35f0bbae16bb-groupManagement] INFO  server.RaftServerConfigKeys (ConfUtils.java:logGet(46)) - raft.server.log.segment.cache.num.max = 2 (custom)
2023-09-07 04:50:20,772 [8fe090c8-98a3-4c2e-b58d-35f0bbae16bb-groupManagement] INFO  server.RaftServerConfigKeys (ConfUtils.java:logGet(46)) - raft.server.log.segment.cache.size.max = 200MB (=209715200) (default)
2023-09-07 04:50:20,772 [8fe090c8-98a3-4c2e-b58d-35f0bbae16bb-groupManagement] INFO  server.RaftServerConfigKeys (ConfUtils.java:logGet(46)) - raft.server.log.appender.buffer.byte-limit = 33554432 (custom)
2023-09-07 04:50:20,772 [8fe090c8-98a3-4c2e-b58d-35f0bbae16bb-groupManagement] INFO  segmented.SegmentedRaftLogWorker (SegmentedRaftLogWorker.java:<init>(188)) - new 8fe090c8-98a3-4c2e-b58d-35f0bbae16bb@group-C77B99C35E72-SegmentedRaftLogWorker for RaftStorageImpl:Storage Directory /home/runner/work/ozone/ozone/hadoop-ozone/integration-test/target/test-dir/MiniOzoneClusterImpl-d344a044-c2aa-46c6-8971-a5e8f3f75c9e/datanode-2/data/ratis/bc074d86-acaf-4846-b5ee-c77b99c35e72
2023-09-07 04:50:20,772 [8fe090c8-98a3-4c2e-b58d-35f0bbae16bb-groupManagement] INFO  server.RaftServerConfigKeys (ConfUtils.java:logGet(46)) - raft.server.log.queue.byte-limit = 4294967296 (custom)
2023-09-07 04:50:20,772 [8fe090c8-98a3-4c2e-b58d-35f0bbae16bb-groupManagement] INFO  server.RaftServerConfigKeys (ConfUtils.java:logGet(46)) - raft.server.log.queue.element-limit = 1024 (custom)
2023-09-07 04:50:20,772 [8fe090c8-98a3-4c2e-b58d-35f0bbae16bb-groupManagement] INFO  server.RaftServerConfigKeys (ConfUtils.java:logGet(46)) - raft.server.log.segment.size.max = 1048576 (custom)
2023-09-07 04:50:20,772 [8fe090c8-98a3-4c2e-b58d-35f0bbae16bb-groupManagement] INFO  server.RaftServerConfigKeys (ConfUtils.java:logGet(46)) - raft.server.log.preallocated.size = 16384 (custom)
2023-09-07 04:50:20,772 [8fe090c8-98a3-4c2e-b58d-35f0bbae16bb-groupManagement] INFO  server.RaftServerConfigKeys (ConfUtils.java:logGet(46)) - raft.server.log.force.sync.num = 128 (default)
2023-09-07 04:50:20,772 [8fe090c8-98a3-4c2e-b58d-35f0bbae16bb-groupManagement] INFO  server.RaftServerConfigKeys (ConfUtils.java:logGet(46)) - raft.server.log.statemachine.data.sync = true (default)
2023-09-07 04:50:20,772 [8fe090c8-98a3-4c2e-b58d-35f0bbae16bb-groupManagement] INFO  server.RaftServerConfigKeys (ConfUtils.java:logGet(46)) - raft.server.log.statemachine.data.sync.timeout = 10s (default)
2023-09-07 04:50:20,772 [8fe090c8-98a3-4c2e-b58d-35f0bbae16bb-groupManagement] INFO  server.RaftServerConfigKeys (ConfUtils.java:logGet(46)) - raft.server.log.statemachine.data.sync.timeout.retry = -1 (default)
2023-09-07 04:50:20,773 [8fe090c8-98a3-4c2e-b58d-35f0bbae16bb-groupManagement] INFO  server.RaftServerConfigKeys (ConfUtils.java:logGet(46)) - raft.server.log.write.buffer.size = 1048576 (custom)
2023-09-07 04:50:20,768 [EventQueue-OpenPipelineForHealthyPipelineSafeModeRule] INFO  safemode.SCMSafeModeManager (HealthyPipelineSafeModeRule.java:process(137)) - SCM in safe mode. Healthy pipelines reported count is 0, required healthy pipeline reported count is 1
2023-09-07 04:50:20,772 [9f849854-0b93-4d35-a4d9-b273905b7e1f-groupManagement] INFO  server.RaftServerConfigKeys (ConfUtils.java:logGet(46)) - raft.server.log.segment.cache.num.max = 2 (custom)
2023-09-07 04:50:20,773 [9f849854-0b93-4d35-a4d9-b273905b7e1f-groupManagement] INFO  server.RaftServerConfigKeys (ConfUtils.java:logGet(46)) - raft.server.log.segment.cache.size.max = 200MB (=209715200) (default)
2023-09-07 04:50:20,774 [9f849854-0b93-4d35-a4d9-b273905b7e1f-groupManagement] INFO  server.RaftServerConfigKeys (ConfUtils.java:logGet(46)) - raft.server.log.appender.buffer.byte-limit = 33554432 (custom)
2023-09-07 04:50:20,774 [9f849854-0b93-4d35-a4d9-b273905b7e1f-groupManagement] INFO  segmented.SegmentedRaftLogWorker (SegmentedRaftLogWorker.java:<init>(188)) - new 9f849854-0b93-4d35-a4d9-b273905b7e1f@group-94C7CB4EFF97-SegmentedRaftLogWorker for RaftStorageImpl:Storage Directory /home/runner/work/ozone/ozone/hadoop-ozone/integration-test/target/test-dir/MiniOzoneClusterImpl-d344a044-c2aa-46c6-8971-a5e8f3f75c9e/datanode-1/data/ratis/ee85cd21-a7f1-4a16-a6d7-94c7cb4eff97
2023-09-07 04:50:20,774 [9f849854-0b93-4d35-a4d9-b273905b7e1f-groupManagement] INFO  server.RaftServerConfigKeys (ConfUtils.java:logGet(46)) - raft.server.log.queue.byte-limit = 4294967296 (custom)
2023-09-07 04:50:20,774 [9f849854-0b93-4d35-a4d9-b273905b7e1f-groupManagement] INFO  server.RaftServerConfigKeys (ConfUtils.java:logGet(46)) - raft.server.log.queue.element-limit = 1024 (custom)
2023-09-07 04:50:20,774 [9f849854-0b93-4d35-a4d9-b273905b7e1f-groupManagement] INFO  server.RaftServerConfigKeys (ConfUtils.java:logGet(46)) - raft.server.log.segment.size.max = 1048576 (custom)
2023-09-07 04:50:20,774 [9f849854-0b93-4d35-a4d9-b273905b7e1f-groupManagement] INFO  server.RaftServerConfigKeys (ConfUtils.java:logGet(46)) - raft.server.log.preallocated.size = 16384 (custom)
2023-09-07 04:50:20,774 [9f849854-0b93-4d35-a4d9-b273905b7e1f-groupManagement] INFO  server.RaftServerConfigKeys (ConfUtils.java:logGet(46)) - raft.server.log.force.sync.num = 128 (default)
2023-09-07 04:50:20,774 [9f849854-0b93-4d35-a4d9-b273905b7e1f-groupManagement] INFO  server.RaftServerConfigKeys (ConfUtils.java:logGet(46)) - raft.server.log.statemachine.data.sync = true (default)
2023-09-07 04:50:20,774 [9f849854-0b93-4d35-a4d9-b273905b7e1f-groupManagement] INFO  server.RaftServerConfigKeys (ConfUtils.java:logGet(46)) - raft.server.log.statemachine.data.sync.timeout = 10s (default)
2023-09-07 04:50:20,774 [9f849854-0b93-4d35-a4d9-b273905b7e1f-groupManagement] INFO  server.RaftServerConfigKeys (ConfUtils.java:logGet(46)) - raft.server.log.statemachine.data.sync.timeout.retry = -1 (default)
2023-09-07 04:50:20,775 [9f849854-0b93-4d35-a4d9-b273905b7e1f-groupManagement] INFO  server.RaftServerConfigKeys (ConfUtils.java:logGet(46)) - raft.server.log.write.buffer.size = 1048576 (custom)
2023-09-07 04:50:20,775 [9f849854-0b93-4d35-a4d9-b273905b7e1f-groupManagement] INFO  server.RaftServerConfigKeys (ConfUtils.java:logGet(46)) - raft.server.log.appender.buffer.byte-limit = 33554432 (custom)
2023-09-07 04:50:20,778 [8fe090c8-98a3-4c2e-b58d-35f0bbae16bb-groupManagement] INFO  server.RaftServerConfigKeys (ConfUtils.java:logGet(46)) - raft.server.log.appender.buffer.byte-limit = 33554432 (custom)
2023-09-07 04:50:20,786 [9f849854-0b93-4d35-a4d9-b273905b7e1f-groupManagement] INFO  server.RaftServerConfigKeys (ConfUtils.java:logGet(46)) - raft.server.log.unsafe-flush.enabled = false (default)
2023-09-07 04:50:20,786 [9f849854-0b93-4d35-a4d9-b273905b7e1f-groupManagement] INFO  server.RaftServerConfigKeys (ConfUtils.java:logGet(46)) - raft.server.log.async-flush.enabled = false (default)
2023-09-07 04:50:20,786 [9f849854-0b93-4d35-a4d9-b273905b7e1f-groupManagement] INFO  server.RaftServerConfigKeys (ConfUtils.java:logGet(46)) - raft.server.log.statemachine.data.caching.enabled = true (custom)
2023-09-07 04:50:20,787 [9f849854-0b93-4d35-a4d9-b273905b7e1f-groupManagement] INFO  segmented.SegmentedRaftLogWorker (SegmentedRaftLogWorker.java:lambda$new$0(135)) - 9f849854-0b93-4d35-a4d9-b273905b7e1f@group-94C7CB4EFF97-SegmentedRaftLogWorker: flushIndex: setUnconditionally 0 -> -1
2023-09-07 04:50:20,787 [9f849854-0b93-4d35-a4d9-b273905b7e1f-groupManagement] INFO  segmented.SegmentedRaftLogWorker (SegmentedRaftLogWorker.java:lambda$new$0(135)) - 9f849854-0b93-4d35-a4d9-b273905b7e1f@group-94C7CB4EFF97-SegmentedRaftLogWorker: safeCacheEvictIndex: setUnconditionally 0 -> -1
2023-09-07 04:50:20,789 [8fe090c8-98a3-4c2e-b58d-35f0bbae16bb-groupManagement] INFO  server.RaftServerConfigKeys (ConfUtils.java:logGet(46)) - raft.server.log.unsafe-flush.enabled = false (default)
2023-09-07 04:50:20,789 [8fe090c8-98a3-4c2e-b58d-35f0bbae16bb-groupManagement] INFO  server.RaftServerConfigKeys (ConfUtils.java:logGet(46)) - raft.server.log.async-flush.enabled = false (default)
2023-09-07 04:50:20,789 [8fe090c8-98a3-4c2e-b58d-35f0bbae16bb-groupManagement] INFO  server.RaftServerConfigKeys (ConfUtils.java:logGet(46)) - raft.server.log.statemachine.data.caching.enabled = true (custom)
2023-09-07 04:50:20,789 [8fe090c8-98a3-4c2e-b58d-35f0bbae16bb-groupManagement] INFO  segmented.SegmentedRaftLogWorker (SegmentedRaftLogWorker.java:lambda$new$0(135)) - 8fe090c8-98a3-4c2e-b58d-35f0bbae16bb@group-C77B99C35E72-SegmentedRaftLogWorker: flushIndex: setUnconditionally 0 -> -1
2023-09-07 04:50:20,790 [8fe090c8-98a3-4c2e-b58d-35f0bbae16bb-groupManagement] INFO  segmented.SegmentedRaftLogWorker (SegmentedRaftLogWorker.java:lambda$new$0(135)) - 8fe090c8-98a3-4c2e-b58d-35f0bbae16bb@group-C77B99C35E72-SegmentedRaftLogWorker: safeCacheEvictIndex: setUnconditionally 0 -> -1
2023-09-07 04:50:20,794 [9f849854-0b93-4d35-a4d9-b273905b7e1f-groupManagement] INFO  server.RaftServer$Division (RaftServerImpl.java:start(342)) - 9f849854-0b93-4d35-a4d9-b273905b7e1f@group-94C7CB4EFF97: start as a follower, conf=-1: peers:[9f849854-0b93-4d35-a4d9-b273905b7e1f|rpc:10.1.0.9:15076|admin:10.1.0.9:15075|client:10.1.0.9:15074|dataStream:10.1.0.9:15077|priority:1|startupRole:FOLLOWER]|listeners:[], old=null
2023-09-07 04:50:20,794 [9f849854-0b93-4d35-a4d9-b273905b7e1f-groupManagement] INFO  server.RaftServer$Division (RaftServerImpl.java:setRole(329)) - 9f849854-0b93-4d35-a4d9-b273905b7e1f@group-94C7CB4EFF97: changes role from      null to FOLLOWER at term 0 for startAsFollower
2023-09-07 04:50:20,794 [9f849854-0b93-4d35-a4d9-b273905b7e1f-groupManagement] INFO  impl.RoleInfo (RoleInfo.java:updateAndGet(139)) - 9f849854-0b93-4d35-a4d9-b273905b7e1f: start 9f849854-0b93-4d35-a4d9-b273905b7e1f@group-94C7CB4EFF97-FollowerState
2023-09-07 04:50:20,795 [9f849854-0b93-4d35-a4d9-b273905b7e1f-groupManagement] INFO  util.JmxRegister (JmxRegister.java:tryRegister(44)) - Successfully registered JMX Bean with object name Ratis:service=RaftServer,group=group-94C7CB4EFF97,id=9f849854-0b93-4d35-a4d9-b273905b7e1f
2023-09-07 04:50:20,795 [9f849854-0b93-4d35-a4d9-b273905b7e1f-groupManagement] INFO  server.RaftServerConfigKeys (ConfUtils.java:logGet(46)) - raft.server.snapshot.auto.trigger.enabled = true (custom)
2023-09-07 04:50:20,795 [9f849854-0b93-4d35-a4d9-b273905b7e1f-groupManagement] INFO  server.RaftServerConfigKeys (ConfUtils.java:logGet(46)) - raft.server.snapshot.auto.trigger.threshold = 10000 (custom)
2023-09-07 04:50:20,795 [9f849854-0b93-4d35-a4d9-b273905b7e1f-groupManagement] INFO  server.RaftServerConfigKeys (ConfUtils.java:logGet(46)) - raft.server.snapshot.retention.file.num = 5 (custom)
2023-09-07 04:50:20,795 [9f849854-0b93-4d35-a4d9-b273905b7e1f-groupManagement] INFO  server.RaftServerConfigKeys (ConfUtils.java:logGet(46)) - raft.server.log.purge.upto.snapshot.index = false (default)
2023-09-07 04:50:20,796 [9f849854-0b93-4d35-a4d9-b273905b7e1f@group-94C7CB4EFF97-FollowerState] INFO  server.RaftServerConfigKeys (ConfUtils.java:logFallback(53)) - raft.server.rpc.first-election.timeout.min = 5s (fallback to raft.server.rpc.timeout.min)
2023-09-07 04:50:20,796 [9f849854-0b93-4d35-a4d9-b273905b7e1f@group-94C7CB4EFF97-FollowerState] INFO  server.RaftServerConfigKeys (ConfUtils.java:logFallback(53)) - raft.server.rpc.first-election.timeout.max = 5200ms (fallback to raft.server.rpc.timeout.max)
2023-09-07 04:50:20,796 [PipelineCommandHandlerThread-0] INFO  ratis.XceiverServerRatis (XceiverServerRatis.java:addGroup(804)) - Created group PipelineID=ee85cd21-a7f1-4a16-a6d7-94c7cb4eff97
2023-09-07 04:50:20,796 [PipelineCommandHandlerThread-0] INFO  commandhandler.CreatePipelineCommandHandler (CreatePipelineCommandHandler.java:lambda$handle$2(124)) - Created Pipeline RATIS ONE PipelineID=ee85cd21-a7f1-4a16-a6d7-94c7cb4eff97.
2023-09-07 04:50:20,796 [8fe090c8-98a3-4c2e-b58d-35f0bbae16bb-groupManagement] INFO  server.RaftServer$Division (RaftServerImpl.java:start(342)) - 8fe090c8-98a3-4c2e-b58d-35f0bbae16bb@group-C77B99C35E72: start as a follower, conf=-1: peers:[9f849854-0b93-4d35-a4d9-b273905b7e1f|rpc:10.1.0.9:15076|admin:10.1.0.9:15075|client:10.1.0.9:15074|dataStream:10.1.0.9:15077|priority:1|startupRole:FOLLOWER, 8fe090c8-98a3-4c2e-b58d-35f0bbae16bb|rpc:10.1.0.9:15085|admin:10.1.0.9:15084|client:10.1.0.9:15083|dataStream:10.1.0.9:15086|priority:0|startupRole:FOLLOWER, c689351a-c011-4280-903e-e1929abe1491|rpc:10.1.0.9:15067|admin:10.1.0.9:15066|client:10.1.0.9:15065|dataStream:10.1.0.9:15068|priority:0|startupRole:FOLLOWER]|listeners:[], old=null
2023-09-07 04:50:20,796 [8fe090c8-98a3-4c2e-b58d-35f0bbae16bb-groupManagement] INFO  server.RaftServer$Division (RaftServerImpl.java:setRole(329)) - 8fe090c8-98a3-4c2e-b58d-35f0bbae16bb@group-C77B99C35E72: changes role from      null to FOLLOWER at term 0 for startAsFollower
2023-09-07 04:50:20,796 [8fe090c8-98a3-4c2e-b58d-35f0bbae16bb-groupManagement] INFO  impl.RoleInfo (RoleInfo.java:updateAndGet(139)) - 8fe090c8-98a3-4c2e-b58d-35f0bbae16bb: start 8fe090c8-98a3-4c2e-b58d-35f0bbae16bb@group-C77B99C35E72-FollowerState
2023-09-07 04:50:20,796 [PipelineCommandHandlerThread-0] INFO  server.RaftServer (RaftServerProxy.java:addNew(98)) - 9f849854-0b93-4d35-a4d9-b273905b7e1f: addNew group-C77B99C35E72:[9f849854-0b93-4d35-a4d9-b273905b7e1f|rpc:10.1.0.9:15076|admin:10.1.0.9:15075|client:10.1.0.9:15074|dataStream:10.1.0.9:15077|priority:1|startupRole:FOLLOWER, 8fe090c8-98a3-4c2e-b58d-35f0bbae16bb|rpc:10.1.0.9:15085|admin:10.1.0.9:15084|client:10.1.0.9:15083|dataStream:10.1.0.9:15086|priority:0|startupRole:FOLLOWER, c689351a-c011-4280-903e-e1929abe1491|rpc:10.1.0.9:15067|admin:10.1.0.9:15066|client:10.1.0.9:15065|dataStream:10.1.0.9:15068|priority:0|startupRole:FOLLOWER] returns group-C77B99C35E72:java.util.concurrent.CompletableFuture@d4a65de[Not completed]
2023-09-07 04:50:20,798 [9f849854-0b93-4d35-a4d9-b273905b7e1f-groupManagement] INFO  server.RaftServer$Division (RaftServerImpl.java:<init>(198)) - 9f849854-0b93-4d35-a4d9-b273905b7e1f: new RaftServerImpl for group-C77B99C35E72:[9f849854-0b93-4d35-a4d9-b273905b7e1f|rpc:10.1.0.9:15076|admin:10.1.0.9:15075|client:10.1.0.9:15074|dataStream:10.1.0.9:15077|priority:1|startupRole:FOLLOWER, 8fe090c8-98a3-4c2e-b58d-35f0bbae16bb|rpc:10.1.0.9:15085|admin:10.1.0.9:15084|client:10.1.0.9:15083|dataStream:10.1.0.9:15086|priority:0|startupRole:FOLLOWER, c689351a-c011-4280-903e-e1929abe1491|rpc:10.1.0.9:15067|admin:10.1.0.9:15066|client:10.1.0.9:15065|dataStream:10.1.0.9:15068|priority:0|startupRole:FOLLOWER] with ContainerStateMachine:uninitialized
2023-09-07 04:50:20,798 [8fe090c8-98a3-4c2e-b58d-35f0bbae16bb-groupManagement] INFO  util.JmxRegister (JmxRegister.java:tryRegister(44)) - Successfully registered JMX Bean with object name Ratis:service=RaftServer,group=group-C77B99C35E72,id=8fe090c8-98a3-4c2e-b58d-35f0bbae16bb
2023-09-07 04:50:20,798 [9f849854-0b93-4d35-a4d9-b273905b7e1f-groupManagement] INFO  server.RaftServerConfigKeys (ConfUtils.java:logGet(46)) - raft.server.rpc.timeout.min = 5s (custom)
2023-09-07 04:50:20,798 [8fe090c8-98a3-4c2e-b58d-35f0bbae16bb@group-C77B99C35E72-FollowerState] INFO  server.RaftServerConfigKeys (ConfUtils.java:logFallback(53)) - raft.server.rpc.first-election.timeout.min = 5s (fallback to raft.server.rpc.timeout.min)
2023-09-07 04:50:20,798 [8fe090c8-98a3-4c2e-b58d-35f0bbae16bb-groupManagement] INFO  server.RaftServerConfigKeys (ConfUtils.java:logGet(46)) - raft.server.snapshot.auto.trigger.enabled = true (custom)
2023-09-07 04:50:20,798 [9f849854-0b93-4d35-a4d9-b273905b7e1f-groupManagement] INFO  server.RaftServerConfigKeys (ConfUtils.java:logGet(46)) - raft.server.rpc.timeout.max = 5200ms (custom)
2023-09-07 04:50:20,798 [9f849854-0b93-4d35-a4d9-b273905b7e1f-groupManagement] INFO  server.RaftServerConfigKeys (ConfUtils.java:logGet(46)) - raft.server.rpc.sleep.time = 25ms (default)
2023-09-07 04:50:20,798 [9f849854-0b93-4d35-a4d9-b273905b7e1f-groupManagement] INFO  server.RaftServerConfigKeys (ConfUtils.java:logGet(46)) - raft.server.rpc.slowness.timeout = 300s (custom)
2023-09-07 04:50:20,798 [8fe090c8-98a3-4c2e-b58d-35f0bbae16bb@group-C77B99C35E72-FollowerState] INFO  server.RaftServerConfigKeys (ConfUtils.java:logFallback(53)) - raft.server.rpc.first-election.timeout.max = 5200ms (fallback to raft.server.rpc.timeout.max)
2023-09-07 04:50:20,798 [8fe090c8-98a3-4c2e-b58d-35f0bbae16bb-groupManagement] INFO  server.RaftServerConfigKeys (ConfUtils.java:logGet(46)) - raft.server.snapshot.auto.trigger.threshold = 10000 (custom)
2023-09-07 04:50:20,798 [9f849854-0b93-4d35-a4d9-b273905b7e1f-groupManagement] INFO  server.RaftServerConfigKeys (ConfUtils.java:logGet(46)) - raft.server.leaderelection.leader.step-down.wait-time = 10s (default)
2023-09-07 04:50:20,799 [8fe090c8-98a3-4c2e-b58d-35f0bbae16bb-groupManagement] INFO  server.RaftServerConfigKeys (ConfUtils.java:logGet(46)) - raft.server.snapshot.retention.file.num = 5 (custom)
2023-09-07 04:50:20,799 [8fe090c8-98a3-4c2e-b58d-35f0bbae16bb-groupManagement] INFO  server.RaftServerConfigKeys (ConfUtils.java:logGet(46)) - raft.server.log.purge.upto.snapshot.index = false (default)
2023-09-07 04:50:20,799 [9f849854-0b93-4d35-a4d9-b273905b7e1f-groupManagement] INFO  server.RaftServerConfigKeys (ConfUtils.java:logGet(46)) - raft.server.sleep.deviation.threshold = 300ms (default)
2023-09-07 04:50:20,799 [9f849854-0b93-4d35-a4d9-b273905b7e1f-groupManagement] INFO  server.RaftServer$Division (ServerState.java:<init>(120)) - 9f849854-0b93-4d35-a4d9-b273905b7e1f@group-C77B99C35E72: ConfigurationManager, init=-1: peers:[9f849854-0b93-4d35-a4d9-b273905b7e1f|rpc:10.1.0.9:15076|admin:10.1.0.9:15075|client:10.1.0.9:15074|dataStream:10.1.0.9:15077|priority:1|startupRole:FOLLOWER, 8fe090c8-98a3-4c2e-b58d-35f0bbae16bb|rpc:10.1.0.9:15085|admin:10.1.0.9:15084|client:10.1.0.9:15083|dataStream:10.1.0.9:15086|priority:0|startupRole:FOLLOWER, c689351a-c011-4280-903e-e1929abe1491|rpc:10.1.0.9:15067|admin:10.1.0.9:15066|client:10.1.0.9:15065|dataStream:10.1.0.9:15068|priority:0|startupRole:FOLLOWER]|listeners:[], old=null, confs=<EMPTY_MAP>
2023-09-07 04:50:20,799 [9f849854-0b93-4d35-a4d9-b273905b7e1f-groupManagement] INFO  server.RaftServerConfigKeys (ConfUtils.java:logGet(46)) - raft.server.storage.dir = [/home/runner/work/ozone/ozone/hadoop-ozone/integration-test/target/test-dir/MiniOzoneClusterImpl-d344a044-c2aa-46c6-8971-a5e8f3f75c9e/datanode-1/data/ratis] (custom)
2023-09-07 04:50:20,800 [9f849854-0b93-4d35-a4d9-b273905b7e1f-groupManagement] INFO  server.RaftServerConfigKeys (ConfUtils.java:logGet(46)) - raft.server.log.corruption.policy = EXCEPTION (default)
2023-09-07 04:50:20,800 [9f849854-0b93-4d35-a4d9-b273905b7e1f-groupManagement] INFO  server.RaftServerConfigKeys (ConfUtils.java:logGet(46)) - raft.server.storage.free-space.min = 0MB (=0) (default)
2023-09-07 04:50:20,800 [9f849854-0b93-4d35-a4d9-b273905b7e1f-groupManagement] INFO  server.RaftServerConfigKeys (ConfUtils.java:logGet(46)) - raft.server.notification.no-leader.timeout = 300s (custom)
2023-09-07 04:50:20,800 [9f849854-0b93-4d35-a4d9-b273905b7e1f-groupManagement] INFO  server.RaftServerConfigKeys (ConfUtils.java:logGet(46)) - raft.server.read.timeout = 10s (default)
2023-09-07 04:50:20,800 [9f849854-0b93-4d35-a4d9-b273905b7e1f-groupManagement] INFO  server.RaftServerConfigKeys (ConfUtils.java:logGet(46)) - raft.server.retrycache.expirytime = 600000ms (custom)
2023-09-07 04:50:20,800 [9f849854-0b93-4d35-a4d9-b273905b7e1f-groupManagement] INFO  server.RaftServerConfigKeys (ConfUtils.java:logGet(46)) - raft.server.retrycache.statistics.expirytime = 100μs (default)
2023-09-07 04:50:20,800 [9f849854-0b93-4d35-a4d9-b273905b7e1f-groupManagement] INFO  server.RaftServerConfigKeys (ConfUtils.java:logGet(46)) - raft.server.read.option = DEFAULT (default)
2023-09-07 04:50:20,801 [9f849854-0b93-4d35-a4d9-b273905b7e1f-groupManagement] INFO  server.RaftServerConfigKeys (ConfUtils.java:logGet(46)) - raft.server.rpc.request.timeout = 60s (custom)
2023-09-07 04:50:20,801 [9f849854-0b93-4d35-a4d9-b273905b7e1f-groupManagement] INFO  server.RaftServerConfigKeys (ConfUtils.java:logGet(46)) - raft.server.log.appender.install.snapshot.enabled = false (custom)
2023-09-07 04:50:20,801 [9f849854-0b93-4d35-a4d9-b273905b7e1f-groupManagement] INFO  server.RaftServerConfigKeys (ConfUtils.java:logGet(46)) - raft.server.threadpool.server.cached = true (default)
2023-09-07 04:50:20,801 [9f849854-0b93-4d35-a4d9-b273905b7e1f-groupManagement] INFO  server.RaftServerConfigKeys (ConfUtils.java:logGet(46)) - raft.server.threadpool.server.size = 0 (default)
2023-09-07 04:50:20,801 [9f849854-0b93-4d35-a4d9-b273905b7e1f-groupManagement] INFO  server.RaftServerConfigKeys (ConfUtils.java:logGet(46)) - raft.server.threadpool.client.cached = true (default)
2023-09-07 04:50:20,801 [9f849854-0b93-4d35-a4d9-b273905b7e1f-groupManagement] INFO  server.RaftServerConfigKeys (ConfUtils.java:logGet(46)) - raft.server.threadpool.client.size = 0 (default)
2023-09-07 04:50:20,815 [9f849854-0b93-4d35-a4d9-b273905b7e1f-groupManagement] INFO  storage.RaftStorageDirectory (RaftStorageDirectoryImpl.java:analyzeStorage(137)) - The storage directory /home/runner/work/ozone/ozone/hadoop-ozone/integration-test/target/test-dir/MiniOzoneClusterImpl-d344a044-c2aa-46c6-8971-a5e8f3f75c9e/datanode-1/data/ratis/bc074d86-acaf-4846-b5ee-c77b99c35e72 does not exist. Creating ...
2023-09-07 04:50:20,819 [9f849854-0b93-4d35-a4d9-b273905b7e1f-groupManagement] INFO  storage.RaftStorageDirectory (RaftStorageDirectoryImpl.java:tryLock(231)) - Lock on /home/runner/work/ozone/ozone/hadoop-ozone/integration-test/target/test-dir/MiniOzoneClusterImpl-d344a044-c2aa-46c6-8971-a5e8f3f75c9e/datanode-1/data/ratis/bc074d86-acaf-4846-b5ee-c77b99c35e72/in_use.lock acquired by nodename 7593@fv-az163-854
2023-09-07 04:50:20,821 [9f849854-0b93-4d35-a4d9-b273905b7e1f-groupManagement] INFO  storage.RaftStorage (RaftStorageImpl.java:format(96)) - Storage directory /home/runner/work/ozone/ozone/hadoop-ozone/integration-test/target/test-dir/MiniOzoneClusterImpl-d344a044-c2aa-46c6-8971-a5e8f3f75c9e/datanode-1/data/ratis/bc074d86-acaf-4846-b5ee-c77b99c35e72 has been successfully formatted.
2023-09-07 04:50:20,822 [9f849854-0b93-4d35-a4d9-b273905b7e1f-groupManagement] INFO  ratis.ContainerStateMachine (ContainerStateMachine.java:loadSnapshot(262)) - group-C77B99C35E72: The snapshot info is null. Setting the last applied indexto:(t:0, i:~)
2023-09-07 04:50:20,822 [9f849854-0b93-4d35-a4d9-b273905b7e1f-groupManagement] INFO  server.RaftServerConfigKeys (ConfUtils.java:logGet(46)) - raft.server.log.use.memory = false (default)
2023-09-07 04:50:20,822 [9f849854-0b93-4d35-a4d9-b273905b7e1f-groupManagement] INFO  server.RaftServerConfigKeys (ConfUtils.java:logGet(46)) - raft.server.log.purge.gap = 1000000 (custom)
2023-09-07 04:50:20,822 [9f849854-0b93-4d35-a4d9-b273905b7e1f-groupManagement] INFO  server.RaftServerConfigKeys (ConfUtils.java:logGet(46)) - raft.server.log.appender.buffer.byte-limit = 33554432 (custom)
2023-09-07 04:50:20,822 [9f849854-0b93-4d35-a4d9-b273905b7e1f-groupManagement] INFO  server.RaftServerConfigKeys (ConfUtils.java:logGet(46)) - raft.server.log.statemachine.data.read.timeout = 1000ms (default)
2023-09-07 04:50:20,826 [9f849854-0b93-4d35-a4d9-b273905b7e1f-groupManagement] INFO  server.RaftServerConfigKeys (ConfUtils.java:logGet(46)) - raft.server.log.purge.preservation.log.num = 0 (default)
2023-09-07 04:50:20,826 [9f849854-0b93-4d35-a4d9-b273905b7e1f-groupManagement] INFO  server.RaftServerConfigKeys (ConfUtils.java:logGet(46)) - raft.server.log.segment.size.max = 1048576 (custom)
2023-09-07 04:50:20,826 [9f849854-0b93-4d35-a4d9-b273905b7e1f-groupManagement] INFO  server.RaftServerConfigKeys (ConfUtils.java:logGet(46)) - raft.server.log.segment.cache.num.max = 2 (custom)
2023-09-07 04:50:20,826 [9f849854-0b93-4d35-a4d9-b273905b7e1f-groupManagement] INFO  server.RaftServerConfigKeys (ConfUtils.java:logGet(46)) - raft.server.log.segment.cache.size.max = 200MB (=209715200) (default)
2023-09-07 04:50:20,827 [9f849854-0b93-4d35-a4d9-b273905b7e1f-groupManagement] INFO  server.RaftServerConfigKeys (ConfUtils.java:logGet(46)) - raft.server.log.appender.buffer.byte-limit = 33554432 (custom)
2023-09-07 04:50:20,827 [9f849854-0b93-4d35-a4d9-b273905b7e1f-groupManagement] INFO  segmented.SegmentedRaftLogWorker (SegmentedRaftLogWorker.java:<init>(188)) - new 9f849854-0b93-4d35-a4d9-b273905b7e1f@group-C77B99C35E72-SegmentedRaftLogWorker for RaftStorageImpl:Storage Directory /home/runner/work/ozone/ozone/hadoop-ozone/integration-test/target/test-dir/MiniOzoneClusterImpl-d344a044-c2aa-46c6-8971-a5e8f3f75c9e/datanode-1/data/ratis/bc074d86-acaf-4846-b5ee-c77b99c35e72
2023-09-07 04:50:20,827 [9f849854-0b93-4d35-a4d9-b273905b7e1f-groupManagement] INFO  server.RaftServerConfigKeys (ConfUtils.java:logGet(46)) - raft.server.log.queue.byte-limit = 4294967296 (custom)
2023-09-07 04:50:20,827 [9f849854-0b93-4d35-a4d9-b273905b7e1f-groupManagement] INFO  server.RaftServerConfigKeys (ConfUtils.java:logGet(46)) - raft.server.log.queue.element-limit = 1024 (custom)
2023-09-07 04:50:20,827 [9f849854-0b93-4d35-a4d9-b273905b7e1f-groupManagement] INFO  server.RaftServerConfigKeys (ConfUtils.java:logGet(46)) - raft.server.log.segment.size.max = 1048576 (custom)
2023-09-07 04:50:20,827 [9f849854-0b93-4d35-a4d9-b273905b7e1f-groupManagement] INFO  server.RaftServerConfigKeys (ConfUtils.java:logGet(46)) - raft.server.log.preallocated.size = 16384 (custom)
2023-09-07 04:50:20,827 [9f849854-0b93-4d35-a4d9-b273905b7e1f-groupManagement] INFO  server.RaftServerConfigKeys (ConfUtils.java:logGet(46)) - raft.server.log.force.sync.num = 128 (default)
2023-09-07 04:50:20,827 [9f849854-0b93-4d35-a4d9-b273905b7e1f-groupManagement] INFO  server.RaftServerConfigKeys (ConfUtils.java:logGet(46)) - raft.server.log.statemachine.data.sync = true (default)
2023-09-07 04:50:20,827 [9f849854-0b93-4d35-a4d9-b273905b7e1f-groupManagement] INFO  server.RaftServerConfigKeys (ConfUtils.java:logGet(46)) - raft.server.log.statemachine.data.sync.timeout = 10s (default)
2023-09-07 04:50:20,827 [9f849854-0b93-4d35-a4d9-b273905b7e1f-groupManagement] INFO  server.RaftServerConfigKeys (ConfUtils.java:logGet(46)) - raft.server.log.statemachine.data.sync.timeout.retry = -1 (default)
2023-09-07 04:50:20,828 [9f849854-0b93-4d35-a4d9-b273905b7e1f-groupManagement] INFO  server.RaftServerConfigKeys (ConfUtils.java:logGet(46)) - raft.server.log.write.buffer.size = 1048576 (custom)
2023-09-07 04:50:20,828 [EventQueue-OpenPipelineForHealthyPipelineSafeModeRule] INFO  safemode.SCMSafeModeManager (HealthyPipelineSafeModeRule.java:process(137)) - SCM in safe mode. Healthy pipelines reported count is 0, required healthy pipeline reported count is 1
2023-09-07 04:50:20,829 [9f849854-0b93-4d35-a4d9-b273905b7e1f-groupManagement] INFO  server.RaftServerConfigKeys (ConfUtils.java:logGet(46)) - raft.server.log.appender.buffer.byte-limit = 33554432 (custom)
2023-09-07 04:50:20,835 [9f849854-0b93-4d35-a4d9-b273905b7e1f-groupManagement] INFO  server.RaftServerConfigKeys (ConfUtils.java:logGet(46)) - raft.server.log.unsafe-flush.enabled = false (default)
2023-09-07 04:50:20,835 [9f849854-0b93-4d35-a4d9-b273905b7e1f-groupManagement] INFO  server.RaftServerConfigKeys (ConfUtils.java:logGet(46)) - raft.server.log.async-flush.enabled = false (default)
2023-09-07 04:50:20,836 [9f849854-0b93-4d35-a4d9-b273905b7e1f-groupManagement] INFO  server.RaftServerConfigKeys (ConfUtils.java:logGet(46)) - raft.server.log.statemachine.data.caching.enabled = true (custom)
2023-09-07 04:50:20,836 [9f849854-0b93-4d35-a4d9-b273905b7e1f-groupManagement] INFO  segmented.SegmentedRaftLogWorker (SegmentedRaftLogWorker.java:lambda$new$0(135)) - 9f849854-0b93-4d35-a4d9-b273905b7e1f@group-C77B99C35E72-SegmentedRaftLogWorker: flushIndex: setUnconditionally 0 -> -1
2023-09-07 04:50:20,836 [9f849854-0b93-4d35-a4d9-b273905b7e1f-groupManagement] INFO  segmented.SegmentedRaftLogWorker (SegmentedRaftLogWorker.java:lambda$new$0(135)) - 9f849854-0b93-4d35-a4d9-b273905b7e1f@group-C77B99C35E72-SegmentedRaftLogWorker: safeCacheEvictIndex: setUnconditionally 0 -> -1
2023-09-07 04:50:20,839 [9f849854-0b93-4d35-a4d9-b273905b7e1f-groupManagement] INFO  server.RaftServer$Division (RaftServerImpl.java:start(342)) - 9f849854-0b93-4d35-a4d9-b273905b7e1f@group-C77B99C35E72: start as a follower, conf=-1: peers:[9f849854-0b93-4d35-a4d9-b273905b7e1f|rpc:10.1.0.9:15076|admin:10.1.0.9:15075|client:10.1.0.9:15074|dataStream:10.1.0.9:15077|priority:1|startupRole:FOLLOWER, 8fe090c8-98a3-4c2e-b58d-35f0bbae16bb|rpc:10.1.0.9:15085|admin:10.1.0.9:15084|client:10.1.0.9:15083|dataStream:10.1.0.9:15086|priority:0|startupRole:FOLLOWER, c689351a-c011-4280-903e-e1929abe1491|rpc:10.1.0.9:15067|admin:10.1.0.9:15066|client:10.1.0.9:15065|dataStream:10.1.0.9:15068|priority:0|startupRole:FOLLOWER]|listeners:[], old=null
2023-09-07 04:50:20,839 [9f849854-0b93-4d35-a4d9-b273905b7e1f-groupManagement] INFO  server.RaftServer$Division (RaftServerImpl.java:setRole(329)) - 9f849854-0b93-4d35-a4d9-b273905b7e1f@group-C77B99C35E72: changes role from      null to FOLLOWER at term 0 for startAsFollower
2023-09-07 04:50:20,839 [9f849854-0b93-4d35-a4d9-b273905b7e1f-groupManagement] INFO  impl.RoleInfo (RoleInfo.java:updateAndGet(139)) - 9f849854-0b93-4d35-a4d9-b273905b7e1f: start 9f849854-0b93-4d35-a4d9-b273905b7e1f@group-C77B99C35E72-FollowerState
2023-09-07 04:50:20,844 [9f849854-0b93-4d35-a4d9-b273905b7e1f-groupManagement] INFO  util.JmxRegister (JmxRegister.java:tryRegister(44)) - Successfully registered JMX Bean with object name Ratis:service=RaftServer,group=group-C77B99C35E72,id=9f849854-0b93-4d35-a4d9-b273905b7e1f
2023-09-07 04:50:20,844 [9f849854-0b93-4d35-a4d9-b273905b7e1f-groupManagement] INFO  server.RaftServerConfigKeys (ConfUtils.java:logGet(46)) - raft.server.snapshot.auto.trigger.enabled = true (custom)
2023-09-07 04:50:20,844 [9f849854-0b93-4d35-a4d9-b273905b7e1f-groupManagement] INFO  server.RaftServerConfigKeys (ConfUtils.java:logGet(46)) - raft.server.snapshot.auto.trigger.threshold = 10000 (custom)
2023-09-07 04:50:20,844 [9f849854-0b93-4d35-a4d9-b273905b7e1f-groupManagement] INFO  server.RaftServerConfigKeys (ConfUtils.java:logGet(46)) - raft.server.snapshot.retention.file.num = 5 (custom)
2023-09-07 04:50:20,844 [9f849854-0b93-4d35-a4d9-b273905b7e1f-groupManagement] INFO  server.RaftServerConfigKeys (ConfUtils.java:logGet(46)) - raft.server.log.purge.upto.snapshot.index = false (default)
2023-09-07 04:50:20,845 [PipelineCommandHandlerThread-0] INFO  ratis.XceiverServerRatis (XceiverServerRatis.java:addGroup(804)) - Created group PipelineID=bc074d86-acaf-4846-b5ee-c77b99c35e72
2023-09-07 04:50:20,850 [9f849854-0b93-4d35-a4d9-b273905b7e1f@group-C77B99C35E72-FollowerState] INFO  server.RaftServerConfigKeys (ConfUtils.java:logFallback(53)) - raft.server.rpc.first-election.timeout.min = 5s (fallback to raft.server.rpc.timeout.min)
2023-09-07 04:50:20,850 [9f849854-0b93-4d35-a4d9-b273905b7e1f@group-C77B99C35E72-FollowerState] INFO  server.RaftServerConfigKeys (ConfUtils.java:logFallback(53)) - raft.server.rpc.first-election.timeout.max = 5200ms (fallback to raft.server.rpc.timeout.max)
2023-09-07 04:50:20,872 [PipelineCommandHandlerThread-0] INFO  commandhandler.CreatePipelineCommandHandler (CreatePipelineCommandHandler.java:lambda$handle$2(124)) - Created Pipeline RATIS THREE PipelineID=bc074d86-acaf-4846-b5ee-c77b99c35e72.
2023-09-07 04:50:20,932 [PipelineCommandHandlerThread-0] INFO  commandhandler.CreatePipelineCommandHandler (CreatePipelineCommandHandler.java:lambda$handle$2(124)) - Created Pipeline RATIS THREE PipelineID=bc074d86-acaf-4846-b5ee-c77b99c35e72.
2023-09-07 04:50:20,940 [main] INFO  ozone.MiniOzoneClusterImpl (MiniOzoneClusterImpl.java:lambda$waitForClusterToBeReady$0(224)) - Nodes are ready. Got 5 of 5 DN Heartbeats.
2023-09-07 04:50:20,941 [main] INFO  ozone.MiniOzoneClusterImpl (MiniOzoneClusterImpl.java:lambda$waitForClusterToBeReady$0(227)) - Waiting for cluster to exit safe mode
2023-09-07 04:50:20,941 [main] INFO  ozone.MiniOzoneClusterImpl (MiniOzoneClusterImpl.java:lambda$waitForClusterToBeReady$0(229)) - SCM became leader
2023-09-07 04:50:21,192 [PipelineCommandHandlerThread-0] INFO  server.RaftServer (RaftServerProxy.java:addNew(98)) - 8fe090c8-98a3-4c2e-b58d-35f0bbae16bb: addNew group-93F258C19032:[8fe090c8-98a3-4c2e-b58d-35f0bbae16bb|rpc:10.1.0.9:15085|admin:10.1.0.9:15084|client:10.1.0.9:15083|dataStream:10.1.0.9:15086|priority:1|startupRole:FOLLOWER] returns group-93F258C19032:java.util.concurrent.CompletableFuture@5959bbc7[Not completed]
2023-09-07 04:50:21,204 [8fe090c8-98a3-4c2e-b58d-35f0bbae16bb-groupManagement] INFO  server.RaftServer$Division (RaftServerImpl.java:<init>(198)) - 8fe090c8-98a3-4c2e-b58d-35f0bbae16bb: new RaftServerImpl for group-93F258C19032:[8fe090c8-98a3-4c2e-b58d-35f0bbae16bb|rpc:10.1.0.9:15085|admin:10.1.0.9:15084|client:10.1.0.9:15083|dataStream:10.1.0.9:15086|priority:1|startupRole:FOLLOWER] with ContainerStateMachine:uninitialized
2023-09-07 04:50:21,204 [8fe090c8-98a3-4c2e-b58d-35f0bbae16bb-groupManagement] INFO  server.RaftServerConfigKeys (ConfUtils.java:logGet(46)) - raft.server.rpc.timeout.min = 5s (custom)
2023-09-07 04:50:21,204 [8fe090c8-98a3-4c2e-b58d-35f0bbae16bb-groupManagement] INFO  server.RaftServerConfigKeys (ConfUtils.java:logGet(46)) - raft.server.rpc.timeout.max = 5200ms (custom)
2023-09-07 04:50:21,204 [8fe090c8-98a3-4c2e-b58d-35f0bbae16bb-groupManagement] INFO  server.RaftServerConfigKeys (ConfUtils.java:logGet(46)) - raft.server.rpc.sleep.time = 25ms (default)
2023-09-07 04:50:21,204 [8fe090c8-98a3-4c2e-b58d-35f0bbae16bb-groupManagement] INFO  server.RaftServerConfigKeys (ConfUtils.java:logGet(46)) - raft.server.rpc.slowness.timeout = 300s (custom)
2023-09-07 04:50:21,204 [8fe090c8-98a3-4c2e-b58d-35f0bbae16bb-groupManagement] INFO  server.RaftServerConfigKeys (ConfUtils.java:logGet(46)) - raft.server.leaderelection.leader.step-down.wait-time = 10s (default)
2023-09-07 04:50:21,204 [8fe090c8-98a3-4c2e-b58d-35f0bbae16bb-groupManagement] INFO  server.RaftServerConfigKeys (ConfUtils.java:logGet(46)) - raft.server.sleep.deviation.threshold = 300ms (default)
2023-09-07 04:50:21,204 [8fe090c8-98a3-4c2e-b58d-35f0bbae16bb-groupManagement] INFO  server.RaftServer$Division (ServerState.java:<init>(120)) - 8fe090c8-98a3-4c2e-b58d-35f0bbae16bb@group-93F258C19032: ConfigurationManager, init=-1: peers:[8fe090c8-98a3-4c2e-b58d-35f0bbae16bb|rpc:10.1.0.9:15085|admin:10.1.0.9:15084|client:10.1.0.9:15083|dataStream:10.1.0.9:15086|priority:1|startupRole:FOLLOWER]|listeners:[], old=null, confs=<EMPTY_MAP>
2023-09-07 04:50:21,204 [8fe090c8-98a3-4c2e-b58d-35f0bbae16bb-groupManagement] INFO  server.RaftServerConfigKeys (ConfUtils.java:logGet(46)) - raft.server.storage.dir = [/home/runner/work/ozone/ozone/hadoop-ozone/integration-test/target/test-dir/MiniOzoneClusterImpl-d344a044-c2aa-46c6-8971-a5e8f3f75c9e/datanode-2/data/ratis] (custom)
2023-09-07 04:50:21,204 [8fe090c8-98a3-4c2e-b58d-35f0bbae16bb-groupManagement] INFO  server.RaftServerConfigKeys (ConfUtils.java:logGet(46)) - raft.server.log.corruption.policy = EXCEPTION (default)
2023-09-07 04:50:21,204 [8fe090c8-98a3-4c2e-b58d-35f0bbae16bb-groupManagement] INFO  server.RaftServerConfigKeys (ConfUtils.java:logGet(46)) - raft.server.storage.free-space.min = 0MB (=0) (default)
2023-09-07 04:50:21,204 [8fe090c8-98a3-4c2e-b58d-35f0bbae16bb-groupManagement] INFO  server.RaftServerConfigKeys (ConfUtils.java:logGet(46)) - raft.server.notification.no-leader.timeout = 300s (custom)
2023-09-07 04:50:21,205 [8fe090c8-98a3-4c2e-b58d-35f0bbae16bb-groupManagement] INFO  server.RaftServerConfigKeys (ConfUtils.java:logGet(46)) - raft.server.read.timeout = 10s (default)
2023-09-07 04:50:21,205 [8fe090c8-98a3-4c2e-b58d-35f0bbae16bb-groupManagement] INFO  server.RaftServerConfigKeys (ConfUtils.java:logGet(46)) - raft.server.retrycache.expirytime = 600000ms (custom)
2023-09-07 04:50:21,205 [8fe090c8-98a3-4c2e-b58d-35f0bbae16bb-groupManagement] INFO  server.RaftServerConfigKeys (ConfUtils.java:logGet(46)) - raft.server.retrycache.statistics.expirytime = 100μs (default)
2023-09-07 04:50:21,205 [8fe090c8-98a3-4c2e-b58d-35f0bbae16bb-groupManagement] INFO  server.RaftServerConfigKeys (ConfUtils.java:logGet(46)) - raft.server.read.option = DEFAULT (default)
2023-09-07 04:50:21,206 [8fe090c8-98a3-4c2e-b58d-35f0bbae16bb-groupManagement] INFO  server.RaftServerConfigKeys (ConfUtils.java:logGet(46)) - raft.server.rpc.request.timeout = 60s (custom)
2023-09-07 04:50:21,206 [8fe090c8-98a3-4c2e-b58d-35f0bbae16bb-groupManagement] INFO  server.RaftServerConfigKeys (ConfUtils.java:logGet(46)) - raft.server.log.appender.install.snapshot.enabled = false (custom)
2023-09-07 04:50:21,206 [8fe090c8-98a3-4c2e-b58d-35f0bbae16bb-groupManagement] INFO  server.RaftServerConfigKeys (ConfUtils.java:logGet(46)) - raft.server.threadpool.server.cached = true (default)
2023-09-07 04:50:21,206 [8fe090c8-98a3-4c2e-b58d-35f0bbae16bb-groupManagement] INFO  server.RaftServerConfigKeys (ConfUtils.java:logGet(46)) - raft.server.threadpool.server.size = 0 (default)
2023-09-07 04:50:21,206 [8fe090c8-98a3-4c2e-b58d-35f0bbae16bb-groupManagement] INFO  server.RaftServerConfigKeys (ConfUtils.java:logGet(46)) - raft.server.threadpool.client.cached = true (default)
2023-09-07 04:50:21,206 [8fe090c8-98a3-4c2e-b58d-35f0bbae16bb-groupManagement] INFO  server.RaftServerConfigKeys (ConfUtils.java:logGet(46)) - raft.server.threadpool.client.size = 0 (default)
2023-09-07 04:50:21,206 [8fe090c8-98a3-4c2e-b58d-35f0bbae16bb-groupManagement] INFO  storage.RaftStorageDirectory (RaftStorageDirectoryImpl.java:analyzeStorage(137)) - The storage directory /home/runner/work/ozone/ozone/hadoop-ozone/integration-test/target/test-dir/MiniOzoneClusterImpl-d344a044-c2aa-46c6-8971-a5e8f3f75c9e/datanode-2/data/ratis/412abba0-4e29-4648-a847-93f258c19032 does not exist. Creating ...
2023-09-07 04:50:21,213 [8fe090c8-98a3-4c2e-b58d-35f0bbae16bb-groupManagement] INFO  storage.RaftStorageDirectory (RaftStorageDirectoryImpl.java:tryLock(231)) - Lock on /home/runner/work/ozone/ozone/hadoop-ozone/integration-test/target/test-dir/MiniOzoneClusterImpl-d344a044-c2aa-46c6-8971-a5e8f3f75c9e/datanode-2/data/ratis/412abba0-4e29-4648-a847-93f258c19032/in_use.lock acquired by nodename 7593@fv-az163-854
2023-09-07 04:50:21,214 [8fe090c8-98a3-4c2e-b58d-35f0bbae16bb-groupManagement] INFO  storage.RaftStorage (RaftStorageImpl.java:format(96)) - Storage directory /home/runner/work/ozone/ozone/hadoop-ozone/integration-test/target/test-dir/MiniOzoneClusterImpl-d344a044-c2aa-46c6-8971-a5e8f3f75c9e/datanode-2/data/ratis/412abba0-4e29-4648-a847-93f258c19032 has been successfully formatted.
2023-09-07 04:50:21,216 [8fe090c8-98a3-4c2e-b58d-35f0bbae16bb-groupManagement] INFO  ratis.ContainerStateMachine (ContainerStateMachine.java:loadSnapshot(262)) - group-93F258C19032: The snapshot info is null. Setting the last applied indexto:(t:0, i:~)
2023-09-07 04:50:21,216 [8fe090c8-98a3-4c2e-b58d-35f0bbae16bb-groupManagement] INFO  server.RaftServerConfigKeys (ConfUtils.java:logGet(46)) - raft.server.log.use.memory = false (default)
2023-09-07 04:50:21,216 [8fe090c8-98a3-4c2e-b58d-35f0bbae16bb-groupManagement] INFO  server.RaftServerConfigKeys (ConfUtils.java:logGet(46)) - raft.server.log.purge.gap = 1000000 (custom)
2023-09-07 04:50:21,216 [8fe090c8-98a3-4c2e-b58d-35f0bbae16bb-groupManagement] INFO  server.RaftServerConfigKeys (ConfUtils.java:logGet(46)) - raft.server.log.appender.buffer.byte-limit = 33554432 (custom)
2023-09-07 04:50:21,216 [8fe090c8-98a3-4c2e-b58d-35f0bbae16bb-groupManagement] INFO  server.RaftServerConfigKeys (ConfUtils.java:logGet(46)) - raft.server.log.statemachine.data.read.timeout = 1000ms (default)
2023-09-07 04:50:21,216 [EventQueue-PipelineReportForPipelineReportHandler] INFO  pipeline.PipelineReportHandler (PipelineReportHandler.java:processPipelineReport(136)) - Opened pipeline PipelineID=412abba0-4e29-4648-a847-93f258c19032
2023-09-07 04:50:21,216 [EventQueue-OpenPipelineForHealthyPipelineSafeModeRule] INFO  safemode.SCMSafeModeManager (HealthyPipelineSafeModeRule.java:process(137)) - SCM in safe mode. Healthy pipelines reported count is 0, required healthy pipeline reported count is 1
2023-09-07 04:50:21,216 [8fe090c8-98a3-4c2e-b58d-35f0bbae16bb-groupManagement] INFO  server.RaftServerConfigKeys (ConfUtils.java:logGet(46)) - raft.server.log.purge.preservation.log.num = 0 (default)
2023-09-07 04:50:21,217 [8fe090c8-98a3-4c2e-b58d-35f0bbae16bb-groupManagement] INFO  server.RaftServerConfigKeys (ConfUtils.java:logGet(46)) - raft.server.log.segment.size.max = 1048576 (custom)
2023-09-07 04:50:21,218 [8fe090c8-98a3-4c2e-b58d-35f0bbae16bb-groupManagement] INFO  server.RaftServerConfigKeys (ConfUtils.java:logGet(46)) - raft.server.log.segment.cache.num.max = 2 (custom)
2023-09-07 04:50:21,218 [8fe090c8-98a3-4c2e-b58d-35f0bbae16bb-groupManagement] INFO  server.RaftServerConfigKeys (ConfUtils.java:logGet(46)) - raft.server.log.segment.cache.size.max = 200MB (=209715200) (default)
2023-09-07 04:50:21,218 [8fe090c8-98a3-4c2e-b58d-35f0bbae16bb-groupManagement] INFO  server.RaftServerConfigKeys (ConfUtils.java:logGet(46)) - raft.server.log.appender.buffer.byte-limit = 33554432 (custom)
2023-09-07 04:50:21,218 [8fe090c8-98a3-4c2e-b58d-35f0bbae16bb-groupManagement] INFO  segmented.SegmentedRaftLogWorker (SegmentedRaftLogWorker.java:<init>(188)) - new 8fe090c8-98a3-4c2e-b58d-35f0bbae16bb@group-93F258C19032-SegmentedRaftLogWorker for RaftStorageImpl:Storage Directory /home/runner/work/ozone/ozone/hadoop-ozone/integration-test/target/test-dir/MiniOzoneClusterImpl-d344a044-c2aa-46c6-8971-a5e8f3f75c9e/datanode-2/data/ratis/412abba0-4e29-4648-a847-93f258c19032
2023-09-07 04:50:21,218 [8fe090c8-98a3-4c2e-b58d-35f0bbae16bb-groupManagement] INFO  server.RaftServerConfigKeys (ConfUtils.java:logGet(46)) - raft.server.log.queue.byte-limit = 4294967296 (custom)
2023-09-07 04:50:21,218 [8fe090c8-98a3-4c2e-b58d-35f0bbae16bb-groupManagement] INFO  server.RaftServerConfigKeys (ConfUtils.java:logGet(46)) - raft.server.log.queue.element-limit = 1024 (custom)
2023-09-07 04:50:21,218 [8fe090c8-98a3-4c2e-b58d-35f0bbae16bb-groupManagement] INFO  server.RaftServerConfigKeys (ConfUtils.java:logGet(46)) - raft.server.log.segment.size.max = 1048576 (custom)
2023-09-07 04:50:21,218 [8fe090c8-98a3-4c2e-b58d-35f0bbae16bb-groupManagement] INFO  server.RaftServerConfigKeys (ConfUtils.java:logGet(46)) - raft.server.log.preallocated.size = 16384 (custom)
2023-09-07 04:50:21,218 [8fe090c8-98a3-4c2e-b58d-35f0bbae16bb-groupManagement] INFO  server.RaftServerConfigKeys (ConfUtils.java:logGet(46)) - raft.server.log.force.sync.num = 128 (default)
2023-09-07 04:50:21,218 [8fe090c8-98a3-4c2e-b58d-35f0bbae16bb-groupManagement] INFO  server.RaftServerConfigKeys (ConfUtils.java:logGet(46)) - raft.server.log.statemachine.data.sync = true (default)
2023-09-07 04:50:21,218 [8fe090c8-98a3-4c2e-b58d-35f0bbae16bb-groupManagement] INFO  server.RaftServerConfigKeys (ConfUtils.java:logGet(46)) - raft.server.log.statemachine.data.sync.timeout = 10s (default)
2023-09-07 04:50:21,219 [8fe090c8-98a3-4c2e-b58d-35f0bbae16bb-groupManagement] INFO  server.RaftServerConfigKeys (ConfUtils.java:logGet(46)) - raft.server.log.statemachine.data.sync.timeout.retry = -1 (default)
2023-09-07 04:50:21,219 [8fe090c8-98a3-4c2e-b58d-35f0bbae16bb-groupManagement] INFO  server.RaftServerConfigKeys (ConfUtils.java:logGet(46)) - raft.server.log.write.buffer.size = 1048576 (custom)
2023-09-07 04:50:21,222 [8fe090c8-98a3-4c2e-b58d-35f0bbae16bb-groupManagement] INFO  server.RaftServerConfigKeys (ConfUtils.java:logGet(46)) - raft.server.log.appender.buffer.byte-limit = 33554432 (custom)
2023-09-07 04:50:21,236 [8fe090c8-98a3-4c2e-b58d-35f0bbae16bb-groupManagement] INFO  server.RaftServerConfigKeys (ConfUtils.java:logGet(46)) - raft.server.log.unsafe-flush.enabled = false (default)
2023-09-07 04:50:21,236 [8fe090c8-98a3-4c2e-b58d-35f0bbae16bb-groupManagement] INFO  server.RaftServerConfigKeys (ConfUtils.java:logGet(46)) - raft.server.log.async-flush.enabled = false (default)
2023-09-07 04:50:21,236 [8fe090c8-98a3-4c2e-b58d-35f0bbae16bb-groupManagement] INFO  server.RaftServerConfigKeys (ConfUtils.java:logGet(46)) - raft.server.log.statemachine.data.caching.enabled = true (custom)
2023-09-07 04:50:21,236 [8fe090c8-98a3-4c2e-b58d-35f0bbae16bb-groupManagement] INFO  segmented.SegmentedRaftLogWorker (SegmentedRaftLogWorker.java:lambda$new$0(135)) - 8fe090c8-98a3-4c2e-b58d-35f0bbae16bb@group-93F258C19032-SegmentedRaftLogWorker: flushIndex: setUnconditionally 0 -> -1
2023-09-07 04:50:21,236 [8fe090c8-98a3-4c2e-b58d-35f0bbae16bb-groupManagement] INFO  segmented.SegmentedRaftLogWorker (SegmentedRaftLogWorker.java:lambda$new$0(135)) - 8fe090c8-98a3-4c2e-b58d-35f0bbae16bb@group-93F258C19032-SegmentedRaftLogWorker: safeCacheEvictIndex: setUnconditionally 0 -> -1
2023-09-07 04:50:21,242 [8fe090c8-98a3-4c2e-b58d-35f0bbae16bb-groupManagement] INFO  server.RaftServer$Division (RaftServerImpl.java:start(342)) - 8fe090c8-98a3-4c2e-b58d-35f0bbae16bb@group-93F258C19032: start as a follower, conf=-1: peers:[8fe090c8-98a3-4c2e-b58d-35f0bbae16bb|rpc:10.1.0.9:15085|admin:10.1.0.9:15084|client:10.1.0.9:15083|dataStream:10.1.0.9:15086|priority:1|startupRole:FOLLOWER]|listeners:[], old=null
2023-09-07 04:50:21,242 [8fe090c8-98a3-4c2e-b58d-35f0bbae16bb-groupManagement] INFO  server.RaftServer$Division (RaftServerImpl.java:setRole(329)) - 8fe090c8-98a3-4c2e-b58d-35f0bbae16bb@group-93F258C19032: changes role from      null to FOLLOWER at term 0 for startAsFollower
2023-09-07 04:50:21,242 [8fe090c8-98a3-4c2e-b58d-35f0bbae16bb-groupManagement] INFO  impl.RoleInfo (RoleInfo.java:updateAndGet(139)) - 8fe090c8-98a3-4c2e-b58d-35f0bbae16bb: start 8fe090c8-98a3-4c2e-b58d-35f0bbae16bb@group-93F258C19032-FollowerState
2023-09-07 04:50:21,246 [8fe090c8-98a3-4c2e-b58d-35f0bbae16bb-groupManagement] INFO  util.JmxRegister (JmxRegister.java:tryRegister(44)) - Successfully registered JMX Bean with object name Ratis:service=RaftServer,group=group-93F258C19032,id=8fe090c8-98a3-4c2e-b58d-35f0bbae16bb
2023-09-07 04:50:21,246 [8fe090c8-98a3-4c2e-b58d-35f0bbae16bb-groupManagement] INFO  server.RaftServerConfigKeys (ConfUtils.java:logGet(46)) - raft.server.snapshot.auto.trigger.enabled = true (custom)
2023-09-07 04:50:21,247 [8fe090c8-98a3-4c2e-b58d-35f0bbae16bb-groupManagement] INFO  server.RaftServerConfigKeys (ConfUtils.java:logGet(46)) - raft.server.snapshot.auto.trigger.threshold = 10000 (custom)
2023-09-07 04:50:21,247 [8fe090c8-98a3-4c2e-b58d-35f0bbae16bb-groupManagement] INFO  server.RaftServerConfigKeys (ConfUtils.java:logGet(46)) - raft.server.snapshot.retention.file.num = 5 (custom)
2023-09-07 04:50:21,247 [8fe090c8-98a3-4c2e-b58d-35f0bbae16bb-groupManagement] INFO  server.RaftServerConfigKeys (ConfUtils.java:logGet(46)) - raft.server.log.purge.upto.snapshot.index = false (default)
2023-09-07 04:50:21,247 [8fe090c8-98a3-4c2e-b58d-35f0bbae16bb@group-93F258C19032-FollowerState] INFO  server.RaftServerConfigKeys (ConfUtils.java:logFallback(53)) - raft.server.rpc.first-election.timeout.min = 5s (fallback to raft.server.rpc.timeout.min)
2023-09-07 04:50:21,247 [8fe090c8-98a3-4c2e-b58d-35f0bbae16bb@group-93F258C19032-FollowerState] INFO  server.RaftServerConfigKeys (ConfUtils.java:logFallback(53)) - raft.server.rpc.first-election.timeout.max = 5200ms (fallback to raft.server.rpc.timeout.max)
2023-09-07 04:50:21,250 [PipelineCommandHandlerThread-0] INFO  ratis.XceiverServerRatis (XceiverServerRatis.java:addGroup(804)) - Created group PipelineID=412abba0-4e29-4648-a847-93f258c19032
2023-09-07 04:50:21,250 [PipelineCommandHandlerThread-0] INFO  commandhandler.CreatePipelineCommandHandler (CreatePipelineCommandHandler.java:lambda$handle$2(124)) - Created Pipeline RATIS ONE PipelineID=412abba0-4e29-4648-a847-93f258c19032.
2023-09-07 04:50:21,556 [PipelineCommandHandlerThread-0] INFO  server.RaftServer (RaftServerProxy.java:addNew(98)) - ae2613ee-de6d-4587-a078-710b5812316a: addNew group-77F33946D1AC:[ae2613ee-de6d-4587-a078-710b5812316a|rpc:10.1.0.9:15094|admin:10.1.0.9:15093|client:10.1.0.9:15092|dataStream:10.1.0.9:15095|priority:1|startupRole:FOLLOWER] returns group-77F33946D1AC:java.util.concurrent.CompletableFuture@300b6548[Not completed]
2023-09-07 04:50:21,558 [ae2613ee-de6d-4587-a078-710b5812316a-groupManagement] INFO  server.RaftServer$Division (RaftServerImpl.java:<init>(198)) - ae2613ee-de6d-4587-a078-710b5812316a: new RaftServerImpl for group-77F33946D1AC:[ae2613ee-de6d-4587-a078-710b5812316a|rpc:10.1.0.9:15094|admin:10.1.0.9:15093|client:10.1.0.9:15092|dataStream:10.1.0.9:15095|priority:1|startupRole:FOLLOWER] with ContainerStateMachine:uninitialized
2023-09-07 04:50:21,558 [ae2613ee-de6d-4587-a078-710b5812316a-groupManagement] INFO  server.RaftServerConfigKeys (ConfUtils.java:logGet(46)) - raft.server.rpc.timeout.min = 5s (custom)
2023-09-07 04:50:21,558 [ae2613ee-de6d-4587-a078-710b5812316a-groupManagement] INFO  server.RaftServerConfigKeys (ConfUtils.java:logGet(46)) - raft.server.rpc.timeout.max = 5200ms (custom)
2023-09-07 04:50:21,558 [ae2613ee-de6d-4587-a078-710b5812316a-groupManagement] INFO  server.RaftServerConfigKeys (ConfUtils.java:logGet(46)) - raft.server.rpc.sleep.time = 25ms (default)
2023-09-07 04:50:21,558 [ae2613ee-de6d-4587-a078-710b5812316a-groupManagement] INFO  server.RaftServerConfigKeys (ConfUtils.java:logGet(46)) - raft.server.rpc.slowness.timeout = 300s (custom)
2023-09-07 04:50:21,558 [ae2613ee-de6d-4587-a078-710b5812316a-groupManagement] INFO  server.RaftServerConfigKeys (ConfUtils.java:logGet(46)) - raft.server.leaderelection.leader.step-down.wait-time = 10s (default)
2023-09-07 04:50:21,558 [ae2613ee-de6d-4587-a078-710b5812316a-groupManagement] INFO  server.RaftServerConfigKeys (ConfUtils.java:logGet(46)) - raft.server.sleep.deviation.threshold = 300ms (default)
2023-09-07 04:50:21,558 [ae2613ee-de6d-4587-a078-710b5812316a-groupManagement] INFO  server.RaftServer$Division (ServerState.java:<init>(120)) - ae2613ee-de6d-4587-a078-710b5812316a@group-77F33946D1AC: ConfigurationManager, init=-1: peers:[ae2613ee-de6d-4587-a078-710b5812316a|rpc:10.1.0.9:15094|admin:10.1.0.9:15093|client:10.1.0.9:15092|dataStream:10.1.0.9:15095|priority:1|startupRole:FOLLOWER]|listeners:[], old=null, confs=<EMPTY_MAP>
2023-09-07 04:50:21,559 [ae2613ee-de6d-4587-a078-710b5812316a-groupManagement] INFO  server.RaftServerConfigKeys (ConfUtils.java:logGet(46)) - raft.server.storage.dir = [/home/runner/work/ozone/ozone/hadoop-ozone/integration-test/target/test-dir/MiniOzoneClusterImpl-d344a044-c2aa-46c6-8971-a5e8f3f75c9e/datanode-3/data/ratis] (custom)
2023-09-07 04:50:21,559 [ae2613ee-de6d-4587-a078-710b5812316a-groupManagement] INFO  server.RaftServerConfigKeys (ConfUtils.java:logGet(46)) - raft.server.log.corruption.policy = EXCEPTION (default)
2023-09-07 04:50:21,559 [ae2613ee-de6d-4587-a078-710b5812316a-groupManagement] INFO  server.RaftServerConfigKeys (ConfUtils.java:logGet(46)) - raft.server.storage.free-space.min = 0MB (=0) (default)
2023-09-07 04:50:21,559 [ae2613ee-de6d-4587-a078-710b5812316a-groupManagement] INFO  server.RaftServerConfigKeys (ConfUtils.java:logGet(46)) - raft.server.notification.no-leader.timeout = 300s (custom)
2023-09-07 04:50:21,559 [ae2613ee-de6d-4587-a078-710b5812316a-groupManagement] INFO  server.RaftServerConfigKeys (ConfUtils.java:logGet(46)) - raft.server.read.timeout = 10s (default)
2023-09-07 04:50:21,559 [ae2613ee-de6d-4587-a078-710b5812316a-groupManagement] INFO  server.RaftServerConfigKeys (ConfUtils.java:logGet(46)) - raft.server.retrycache.expirytime = 600000ms (custom)
2023-09-07 04:50:21,559 [ae2613ee-de6d-4587-a078-710b5812316a-groupManagement] INFO  server.RaftServerConfigKeys (ConfUtils.java:logGet(46)) - raft.server.retrycache.statistics.expirytime = 100μs (default)
2023-09-07 04:50:21,559 [ae2613ee-de6d-4587-a078-710b5812316a-groupManagement] INFO  server.RaftServerConfigKeys (ConfUtils.java:logGet(46)) - raft.server.read.option = DEFAULT (default)
2023-09-07 04:50:21,561 [ae2613ee-de6d-4587-a078-710b5812316a-groupManagement] INFO  server.RaftServerConfigKeys (ConfUtils.java:logGet(46)) - raft.server.rpc.request.timeout = 60s (custom)
2023-09-07 04:50:21,561 [ae2613ee-de6d-4587-a078-710b5812316a-groupManagement] INFO  server.RaftServerConfigKeys (ConfUtils.java:logGet(46)) - raft.server.log.appender.install.snapshot.enabled = false (custom)
2023-09-07 04:50:21,561 [ae2613ee-de6d-4587-a078-710b5812316a-groupManagement] INFO  server.RaftServerConfigKeys (ConfUtils.java:logGet(46)) - raft.server.threadpool.server.cached = true (default)
2023-09-07 04:50:21,561 [ae2613ee-de6d-4587-a078-710b5812316a-groupManagement] INFO  server.RaftServerConfigKeys (ConfUtils.java:logGet(46)) - raft.server.threadpool.server.size = 0 (default)
2023-09-07 04:50:21,561 [ae2613ee-de6d-4587-a078-710b5812316a-groupManagement] INFO  server.RaftServerConfigKeys (ConfUtils.java:logGet(46)) - raft.server.threadpool.client.cached = true (default)
2023-09-07 04:50:21,561 [ae2613ee-de6d-4587-a078-710b5812316a-groupManagement] INFO  server.RaftServerConfigKeys (ConfUtils.java:logGet(46)) - raft.server.threadpool.client.size = 0 (default)
2023-09-07 04:50:21,562 [ae2613ee-de6d-4587-a078-710b5812316a-groupManagement] INFO  storage.RaftStorageDirectory (RaftStorageDirectoryImpl.java:analyzeStorage(137)) - The storage directory /home/runner/work/ozone/ozone/hadoop-ozone/integration-test/target/test-dir/MiniOzoneClusterImpl-d344a044-c2aa-46c6-8971-a5e8f3f75c9e/datanode-3/data/ratis/e552724c-b61a-4989-ad52-77f33946d1ac does not exist. Creating ...
2023-09-07 04:50:21,564 [ae2613ee-de6d-4587-a078-710b5812316a-groupManagement] INFO  storage.RaftStorageDirectory (RaftStorageDirectoryImpl.java:tryLock(231)) - Lock on /home/runner/work/ozone/ozone/hadoop-ozone/integration-test/target/test-dir/MiniOzoneClusterImpl-d344a044-c2aa-46c6-8971-a5e8f3f75c9e/datanode-3/data/ratis/e552724c-b61a-4989-ad52-77f33946d1ac/in_use.lock acquired by nodename 7593@fv-az163-854
2023-09-07 04:50:21,565 [ae2613ee-de6d-4587-a078-710b5812316a-groupManagement] INFO  storage.RaftStorage (RaftStorageImpl.java:format(96)) - Storage directory /home/runner/work/ozone/ozone/hadoop-ozone/integration-test/target/test-dir/MiniOzoneClusterImpl-d344a044-c2aa-46c6-8971-a5e8f3f75c9e/datanode-3/data/ratis/e552724c-b61a-4989-ad52-77f33946d1ac has been successfully formatted.
2023-09-07 04:50:21,567 [ae2613ee-de6d-4587-a078-710b5812316a-groupManagement] INFO  ratis.ContainerStateMachine (ContainerStateMachine.java:loadSnapshot(262)) - group-77F33946D1AC: The snapshot info is null. Setting the last applied indexto:(t:0, i:~)
2023-09-07 04:50:21,568 [ae2613ee-de6d-4587-a078-710b5812316a-groupManagement] INFO  server.RaftServerConfigKeys (ConfUtils.java:logGet(46)) - raft.server.log.use.memory = false (default)
2023-09-07 04:50:21,568 [EventQueue-PipelineReportForPipelineReportHandler] INFO  pipeline.PipelineReportHandler (PipelineReportHandler.java:processPipelineReport(136)) - Opened pipeline PipelineID=e552724c-b61a-4989-ad52-77f33946d1ac
2023-09-07 04:50:21,569 [EventQueue-OpenPipelineForHealthyPipelineSafeModeRule] INFO  safemode.SCMSafeModeManager (HealthyPipelineSafeModeRule.java:process(137)) - SCM in safe mode. Healthy pipelines reported count is 0, required healthy pipeline reported count is 1
2023-09-07 04:50:21,569 [ae2613ee-de6d-4587-a078-710b5812316a-groupManagement] INFO  server.RaftServerConfigKeys (ConfUtils.java:logGet(46)) - raft.server.log.purge.gap = 1000000 (custom)
2023-09-07 04:50:21,569 [ae2613ee-de6d-4587-a078-710b5812316a-groupManagement] INFO  server.RaftServerConfigKeys (ConfUtils.java:logGet(46)) - raft.server.log.appender.buffer.byte-limit = 33554432 (custom)
2023-09-07 04:50:21,570 [ae2613ee-de6d-4587-a078-710b5812316a-groupManagement] INFO  server.RaftServerConfigKeys (ConfUtils.java:logGet(46)) - raft.server.log.statemachine.data.read.timeout = 1000ms (default)
2023-09-07 04:50:21,570 [ae2613ee-de6d-4587-a078-710b5812316a-groupManagement] INFO  server.RaftServerConfigKeys (ConfUtils.java:logGet(46)) - raft.server.log.purge.preservation.log.num = 0 (default)
2023-09-07 04:50:21,570 [ae2613ee-de6d-4587-a078-710b5812316a-groupManagement] INFO  server.RaftServerConfigKeys (ConfUtils.java:logGet(46)) - raft.server.log.segment.size.max = 1048576 (custom)
2023-09-07 04:50:21,571 [ae2613ee-de6d-4587-a078-710b5812316a-groupManagement] INFO  server.RaftServerConfigKeys (ConfUtils.java:logGet(46)) - raft.server.log.segment.cache.num.max = 2 (custom)
2023-09-07 04:50:21,572 [ae2613ee-de6d-4587-a078-710b5812316a-groupManagement] INFO  server.RaftServerConfigKeys (ConfUtils.java:logGet(46)) - raft.server.log.segment.cache.size.max = 200MB (=209715200) (default)
2023-09-07 04:50:21,572 [ae2613ee-de6d-4587-a078-710b5812316a-groupManagement] INFO  server.RaftServerConfigKeys (ConfUtils.java:logGet(46)) - raft.server.log.appender.buffer.byte-limit = 33554432 (custom)
2023-09-07 04:50:21,572 [ae2613ee-de6d-4587-a078-710b5812316a-groupManagement] INFO  segmented.SegmentedRaftLogWorker (SegmentedRaftLogWorker.java:<init>(188)) - new ae2613ee-de6d-4587-a078-710b5812316a@group-77F33946D1AC-SegmentedRaftLogWorker for RaftStorageImpl:Storage Directory /home/runner/work/ozone/ozone/hadoop-ozone/integration-test/target/test-dir/MiniOzoneClusterImpl-d344a044-c2aa-46c6-8971-a5e8f3f75c9e/datanode-3/data/ratis/e552724c-b61a-4989-ad52-77f33946d1ac
2023-09-07 04:50:21,572 [ae2613ee-de6d-4587-a078-710b5812316a-groupManagement] INFO  server.RaftServerConfigKeys (ConfUtils.java:logGet(46)) - raft.server.log.queue.byte-limit = 4294967296 (custom)
2023-09-07 04:50:21,572 [ae2613ee-de6d-4587-a078-710b5812316a-groupManagement] INFO  server.RaftServerConfigKeys (ConfUtils.java:logGet(46)) - raft.server.log.queue.element-limit = 1024 (custom)
2023-09-07 04:50:21,572 [ae2613ee-de6d-4587-a078-710b5812316a-groupManagement] INFO  server.RaftServerConfigKeys (ConfUtils.java:logGet(46)) - raft.server.log.segment.size.max = 1048576 (custom)
2023-09-07 04:50:21,572 [ae2613ee-de6d-4587-a078-710b5812316a-groupManagement] INFO  server.RaftServerConfigKeys (ConfUtils.java:logGet(46)) - raft.server.log.preallocated.size = 16384 (custom)
2023-09-07 04:50:21,572 [ae2613ee-de6d-4587-a078-710b5812316a-groupManagement] INFO  server.RaftServerConfigKeys (ConfUtils.java:logGet(46)) - raft.server.log.force.sync.num = 128 (default)
2023-09-07 04:50:21,572 [ae2613ee-de6d-4587-a078-710b5812316a-groupManagement] INFO  server.RaftServerConfigKeys (ConfUtils.java:logGet(46)) - raft.server.log.statemachine.data.sync = true (default)
2023-09-07 04:50:21,572 [ae2613ee-de6d-4587-a078-710b5812316a-groupManagement] INFO  server.RaftServerConfigKeys (ConfUtils.java:logGet(46)) - raft.server.log.statemachine.data.sync.timeout = 10s (default)
2023-09-07 04:50:21,572 [ae2613ee-de6d-4587-a078-710b5812316a-groupManagement] INFO  server.RaftServerConfigKeys (ConfUtils.java:logGet(46)) - raft.server.log.statemachine.data.sync.timeout.retry = -1 (default)
2023-09-07 04:50:21,573 [ae2613ee-de6d-4587-a078-710b5812316a-groupManagement] INFO  server.RaftServerConfigKeys (ConfUtils.java:logGet(46)) - raft.server.log.write.buffer.size = 1048576 (custom)
2023-09-07 04:50:21,574 [ae2613ee-de6d-4587-a078-710b5812316a-groupManagement] INFO  server.RaftServerConfigKeys (ConfUtils.java:logGet(46)) - raft.server.log.appender.buffer.byte-limit = 33554432 (custom)
2023-09-07 04:50:21,586 [ae2613ee-de6d-4587-a078-710b5812316a-groupManagement] INFO  server.RaftServerConfigKeys (ConfUtils.java:logGet(46)) - raft.server.log.unsafe-flush.enabled = false (default)
2023-09-07 04:50:21,586 [ae2613ee-de6d-4587-a078-710b5812316a-groupManagement] INFO  server.RaftServerConfigKeys (ConfUtils.java:logGet(46)) - raft.server.log.async-flush.enabled = false (default)
2023-09-07 04:50:21,587 [ae2613ee-de6d-4587-a078-710b5812316a-groupManagement] INFO  server.RaftServerConfigKeys (ConfUtils.java:logGet(46)) - raft.server.log.statemachine.data.caching.enabled = true (custom)
2023-09-07 04:50:21,587 [ae2613ee-de6d-4587-a078-710b5812316a-groupManagement] INFO  segmented.SegmentedRaftLogWorker (SegmentedRaftLogWorker.java:lambda$new$0(135)) - ae2613ee-de6d-4587-a078-710b5812316a@group-77F33946D1AC-SegmentedRaftLogWorker: flushIndex: setUnconditionally 0 -> -1
2023-09-07 04:50:21,587 [ae2613ee-de6d-4587-a078-710b5812316a-groupManagement] INFO  segmented.SegmentedRaftLogWorker (SegmentedRaftLogWorker.java:lambda$new$0(135)) - ae2613ee-de6d-4587-a078-710b5812316a@group-77F33946D1AC-SegmentedRaftLogWorker: safeCacheEvictIndex: setUnconditionally 0 -> -1
2023-09-07 04:50:21,587 [ae2613ee-de6d-4587-a078-710b5812316a-groupManagement] INFO  server.RaftServer$Division (RaftServerImpl.java:start(342)) - ae2613ee-de6d-4587-a078-710b5812316a@group-77F33946D1AC: start as a follower, conf=-1: peers:[ae2613ee-de6d-4587-a078-710b5812316a|rpc:10.1.0.9:15094|admin:10.1.0.9:15093|client:10.1.0.9:15092|dataStream:10.1.0.9:15095|priority:1|startupRole:FOLLOWER]|listeners:[], old=null
2023-09-07 04:50:21,587 [ae2613ee-de6d-4587-a078-710b5812316a-groupManagement] INFO  server.RaftServer$Division (RaftServerImpl.java:setRole(329)) - ae2613ee-de6d-4587-a078-710b5812316a@group-77F33946D1AC: changes role from      null to FOLLOWER at term 0 for startAsFollower
2023-09-07 04:50:21,587 [ae2613ee-de6d-4587-a078-710b5812316a-groupManagement] INFO  impl.RoleInfo (RoleInfo.java:updateAndGet(139)) - ae2613ee-de6d-4587-a078-710b5812316a: start ae2613ee-de6d-4587-a078-710b5812316a@group-77F33946D1AC-FollowerState
2023-09-07 04:50:21,588 [ae2613ee-de6d-4587-a078-710b5812316a@group-77F33946D1AC-FollowerState] INFO  server.RaftServerConfigKeys (ConfUtils.java:logFallback(53)) - raft.server.rpc.first-election.timeout.min = 5s (fallback to raft.server.rpc.timeout.min)
2023-09-07 04:50:21,588 [ae2613ee-de6d-4587-a078-710b5812316a@group-77F33946D1AC-FollowerState] INFO  server.RaftServerConfigKeys (ConfUtils.java:logFallback(53)) - raft.server.rpc.first-election.timeout.max = 5200ms (fallback to raft.server.rpc.timeout.max)
2023-09-07 04:50:21,588 [ae2613ee-de6d-4587-a078-710b5812316a-groupManagement] INFO  util.JmxRegister (JmxRegister.java:tryRegister(44)) - Successfully registered JMX Bean with object name Ratis:service=RaftServer,group=group-77F33946D1AC,id=ae2613ee-de6d-4587-a078-710b5812316a
2023-09-07 04:50:21,588 [ae2613ee-de6d-4587-a078-710b5812316a-groupManagement] INFO  server.RaftServerConfigKeys (ConfUtils.java:logGet(46)) - raft.server.snapshot.auto.trigger.enabled = true (custom)
2023-09-07 04:50:21,588 [ae2613ee-de6d-4587-a078-710b5812316a-groupManagement] INFO  server.RaftServerConfigKeys (ConfUtils.java:logGet(46)) - raft.server.snapshot.auto.trigger.threshold = 10000 (custom)
2023-09-07 04:50:21,589 [ae2613ee-de6d-4587-a078-710b5812316a-groupManagement] INFO  server.RaftServerConfigKeys (ConfUtils.java:logGet(46)) - raft.server.snapshot.retention.file.num = 5 (custom)
2023-09-07 04:50:21,589 [ae2613ee-de6d-4587-a078-710b5812316a-groupManagement] INFO  server.RaftServerConfigKeys (ConfUtils.java:logGet(46)) - raft.server.log.purge.upto.snapshot.index = false (default)
2023-09-07 04:50:21,590 [PipelineCommandHandlerThread-0] INFO  ratis.XceiverServerRatis (XceiverServerRatis.java:addGroup(804)) - Created group PipelineID=e552724c-b61a-4989-ad52-77f33946d1ac
2023-09-07 04:50:21,590 [PipelineCommandHandlerThread-0] INFO  commandhandler.CreatePipelineCommandHandler (CreatePipelineCommandHandler.java:lambda$handle$2(124)) - Created Pipeline RATIS ONE PipelineID=e552724c-b61a-4989-ad52-77f33946d1ac.
2023-09-07 04:50:21,941 [main] INFO  ozone.MiniOzoneClusterImpl (MiniOzoneClusterImpl.java:lambda$waitForClusterToBeReady$0(224)) - Nodes are ready. Got 5 of 5 DN Heartbeats.
2023-09-07 04:50:21,941 [main] INFO  ozone.MiniOzoneClusterImpl (MiniOzoneClusterImpl.java:lambda$waitForClusterToBeReady$0(227)) - Waiting for cluster to exit safe mode
2023-09-07 04:50:21,941 [main] INFO  ozone.MiniOzoneClusterImpl (MiniOzoneClusterImpl.java:lambda$waitForClusterToBeReady$0(229)) - SCM became leader
2023-09-07 04:50:21,949 [PipelineCommandHandlerThread-0] INFO  server.RaftServer (RaftServerProxy.java:addNew(98)) - 749eea05-78f7-4cc7-a6e4-2ed9a747c6c9: addNew group-7FD7EECF8BDF:[749eea05-78f7-4cc7-a6e4-2ed9a747c6c9|rpc:10.1.0.9:15103|admin:10.1.0.9:15102|client:10.1.0.9:15101|dataStream:10.1.0.9:15104|priority:1|startupRole:FOLLOWER] returns group-7FD7EECF8BDF:java.util.concurrent.CompletableFuture@439aead2[Not completed]
2023-09-07 04:50:21,950 [749eea05-78f7-4cc7-a6e4-2ed9a747c6c9-groupManagement] INFO  server.RaftServer$Division (RaftServerImpl.java:<init>(198)) - 749eea05-78f7-4cc7-a6e4-2ed9a747c6c9: new RaftServerImpl for group-7FD7EECF8BDF:[749eea05-78f7-4cc7-a6e4-2ed9a747c6c9|rpc:10.1.0.9:15103|admin:10.1.0.9:15102|client:10.1.0.9:15101|dataStream:10.1.0.9:15104|priority:1|startupRole:FOLLOWER] with ContainerStateMachine:uninitialized
2023-09-07 04:50:21,950 [749eea05-78f7-4cc7-a6e4-2ed9a747c6c9-groupManagement] INFO  server.RaftServerConfigKeys (ConfUtils.java:logGet(46)) - raft.server.rpc.timeout.min = 5s (custom)
2023-09-07 04:50:21,951 [749eea05-78f7-4cc7-a6e4-2ed9a747c6c9-groupManagement] INFO  server.RaftServerConfigKeys (ConfUtils.java:logGet(46)) - raft.server.rpc.timeout.max = 5200ms (custom)
2023-09-07 04:50:21,951 [749eea05-78f7-4cc7-a6e4-2ed9a747c6c9-groupManagement] INFO  server.RaftServerConfigKeys (ConfUtils.java:logGet(46)) - raft.server.rpc.sleep.time = 25ms (default)
2023-09-07 04:50:21,952 [749eea05-78f7-4cc7-a6e4-2ed9a747c6c9-groupManagement] INFO  server.RaftServerConfigKeys (ConfUtils.java:logGet(46)) - raft.server.rpc.slowness.timeout = 300s (custom)
2023-09-07 04:50:21,952 [749eea05-78f7-4cc7-a6e4-2ed9a747c6c9-groupManagement] INFO  server.RaftServerConfigKeys (ConfUtils.java:logGet(46)) - raft.server.leaderelection.leader.step-down.wait-time = 10s (default)
2023-09-07 04:50:21,952 [749eea05-78f7-4cc7-a6e4-2ed9a747c6c9-groupManagement] INFO  server.RaftServerConfigKeys (ConfUtils.java:logGet(46)) - raft.server.sleep.deviation.threshold = 300ms (default)
2023-09-07 04:50:21,953 [749eea05-78f7-4cc7-a6e4-2ed9a747c6c9-groupManagement] INFO  server.RaftServer$Division (ServerState.java:<init>(120)) - 749eea05-78f7-4cc7-a6e4-2ed9a747c6c9@group-7FD7EECF8BDF: ConfigurationManager, init=-1: peers:[749eea05-78f7-4cc7-a6e4-2ed9a747c6c9|rpc:10.1.0.9:15103|admin:10.1.0.9:15102|client:10.1.0.9:15101|dataStream:10.1.0.9:15104|priority:1|startupRole:FOLLOWER]|listeners:[], old=null, confs=<EMPTY_MAP>
2023-09-07 04:50:21,953 [749eea05-78f7-4cc7-a6e4-2ed9a747c6c9-groupManagement] INFO  server.RaftServerConfigKeys (ConfUtils.java:logGet(46)) - raft.server.storage.dir = [/home/runner/work/ozone/ozone/hadoop-ozone/integration-test/target/test-dir/MiniOzoneClusterImpl-d344a044-c2aa-46c6-8971-a5e8f3f75c9e/datanode-4/data/ratis] (custom)
2023-09-07 04:50:21,953 [749eea05-78f7-4cc7-a6e4-2ed9a747c6c9-groupManagement] INFO  server.RaftServerConfigKeys (ConfUtils.java:logGet(46)) - raft.server.log.corruption.policy = EXCEPTION (default)
2023-09-07 04:50:21,953 [749eea05-78f7-4cc7-a6e4-2ed9a747c6c9-groupManagement] INFO  server.RaftServerConfigKeys (ConfUtils.java:logGet(46)) - raft.server.storage.free-space.min = 0MB (=0) (default)
2023-09-07 04:50:21,953 [749eea05-78f7-4cc7-a6e4-2ed9a747c6c9-groupManagement] INFO  server.RaftServerConfigKeys (ConfUtils.java:logGet(46)) - raft.server.notification.no-leader.timeout = 300s (custom)
2023-09-07 04:50:21,953 [749eea05-78f7-4cc7-a6e4-2ed9a747c6c9-groupManagement] INFO  server.RaftServerConfigKeys (ConfUtils.java:logGet(46)) - raft.server.read.timeout = 10s (default)
2023-09-07 04:50:21,953 [749eea05-78f7-4cc7-a6e4-2ed9a747c6c9-groupManagement] INFO  server.RaftServerConfigKeys (ConfUtils.java:logGet(46)) - raft.server.retrycache.expirytime = 600000ms (custom)
2023-09-07 04:50:21,954 [749eea05-78f7-4cc7-a6e4-2ed9a747c6c9-groupManagement] INFO  server.RaftServerConfigKeys (ConfUtils.java:logGet(46)) - raft.server.retrycache.statistics.expirytime = 100μs (default)
2023-09-07 04:50:21,954 [749eea05-78f7-4cc7-a6e4-2ed9a747c6c9-groupManagement] INFO  server.RaftServerConfigKeys (ConfUtils.java:logGet(46)) - raft.server.read.option = DEFAULT (default)
2023-09-07 04:50:21,955 [749eea05-78f7-4cc7-a6e4-2ed9a747c6c9-groupManagement] INFO  server.RaftServerConfigKeys (ConfUtils.java:logGet(46)) - raft.server.rpc.request.timeout = 60s (custom)
2023-09-07 04:50:21,955 [749eea05-78f7-4cc7-a6e4-2ed9a747c6c9-groupManagement] INFO  server.RaftServerConfigKeys (ConfUtils.java:logGet(46)) - raft.server.log.appender.install.snapshot.enabled = false (custom)
2023-09-07 04:50:21,955 [749eea05-78f7-4cc7-a6e4-2ed9a747c6c9-groupManagement] INFO  server.RaftServerConfigKeys (ConfUtils.java:logGet(46)) - raft.server.threadpool.server.cached = true (default)
2023-09-07 04:50:21,955 [749eea05-78f7-4cc7-a6e4-2ed9a747c6c9-groupManagement] INFO  server.RaftServerConfigKeys (ConfUtils.java:logGet(46)) - raft.server.threadpool.server.size = 0 (default)
2023-09-07 04:50:21,955 [749eea05-78f7-4cc7-a6e4-2ed9a747c6c9-groupManagement] INFO  server.RaftServerConfigKeys (ConfUtils.java:logGet(46)) - raft.server.threadpool.client.cached = true (default)
2023-09-07 04:50:21,955 [749eea05-78f7-4cc7-a6e4-2ed9a747c6c9-groupManagement] INFO  server.RaftServerConfigKeys (ConfUtils.java:logGet(46)) - raft.server.threadpool.client.size = 0 (default)
2023-09-07 04:50:21,955 [749eea05-78f7-4cc7-a6e4-2ed9a747c6c9-groupManagement] INFO  storage.RaftStorageDirectory (RaftStorageDirectoryImpl.java:analyzeStorage(137)) - The storage directory /home/runner/work/ozone/ozone/hadoop-ozone/integration-test/target/test-dir/MiniOzoneClusterImpl-d344a044-c2aa-46c6-8971-a5e8f3f75c9e/datanode-4/data/ratis/ac797abc-1a6e-4177-b30d-7fd7eecf8bdf does not exist. Creating ...
2023-09-07 04:50:21,957 [749eea05-78f7-4cc7-a6e4-2ed9a747c6c9-groupManagement] INFO  storage.RaftStorageDirectory (RaftStorageDirectoryImpl.java:tryLock(231)) - Lock on /home/runner/work/ozone/ozone/hadoop-ozone/integration-test/target/test-dir/MiniOzoneClusterImpl-d344a044-c2aa-46c6-8971-a5e8f3f75c9e/datanode-4/data/ratis/ac797abc-1a6e-4177-b30d-7fd7eecf8bdf/in_use.lock acquired by nodename 7593@fv-az163-854
2023-09-07 04:50:21,958 [749eea05-78f7-4cc7-a6e4-2ed9a747c6c9-groupManagement] INFO  storage.RaftStorage (RaftStorageImpl.java:format(96)) - Storage directory /home/runner/work/ozone/ozone/hadoop-ozone/integration-test/target/test-dir/MiniOzoneClusterImpl-d344a044-c2aa-46c6-8971-a5e8f3f75c9e/datanode-4/data/ratis/ac797abc-1a6e-4177-b30d-7fd7eecf8bdf has been successfully formatted.
2023-09-07 04:50:21,960 [749eea05-78f7-4cc7-a6e4-2ed9a747c6c9-groupManagement] INFO  ratis.ContainerStateMachine (ContainerStateMachine.java:loadSnapshot(262)) - group-7FD7EECF8BDF: The snapshot info is null. Setting the last applied indexto:(t:0, i:~)
2023-09-07 04:50:21,960 [749eea05-78f7-4cc7-a6e4-2ed9a747c6c9-groupManagement] INFO  server.RaftServerConfigKeys (ConfUtils.java:logGet(46)) - raft.server.log.use.memory = false (default)
2023-09-07 04:50:21,961 [749eea05-78f7-4cc7-a6e4-2ed9a747c6c9-groupManagement] INFO  server.RaftServerConfigKeys (ConfUtils.java:logGet(46)) - raft.server.log.purge.gap = 1000000 (custom)
2023-09-07 04:50:21,961 [749eea05-78f7-4cc7-a6e4-2ed9a747c6c9-groupManagement] INFO  server.RaftServerConfigKeys (ConfUtils.java:logGet(46)) - raft.server.log.appender.buffer.byte-limit = 33554432 (custom)
2023-09-07 04:50:21,961 [749eea05-78f7-4cc7-a6e4-2ed9a747c6c9-groupManagement] INFO  server.RaftServerConfigKeys (ConfUtils.java:logGet(46)) - raft.server.log.statemachine.data.read.timeout = 1000ms (default)
2023-09-07 04:50:21,961 [749eea05-78f7-4cc7-a6e4-2ed9a747c6c9-groupManagement] INFO  server.RaftServerConfigKeys (ConfUtils.java:logGet(46)) - raft.server.log.purge.preservation.log.num = 0 (default)
2023-09-07 04:50:21,961 [749eea05-78f7-4cc7-a6e4-2ed9a747c6c9-groupManagement] INFO  server.RaftServerConfigKeys (ConfUtils.java:logGet(46)) - raft.server.log.segment.size.max = 1048576 (custom)
2023-09-07 04:50:21,964 [EventQueue-PipelineReportForPipelineReportHandler] INFO  pipeline.PipelineReportHandler (PipelineReportHandler.java:processPipelineReport(136)) - Opened pipeline PipelineID=ac797abc-1a6e-4177-b30d-7fd7eecf8bdf
2023-09-07 04:50:21,965 [EventQueue-OpenPipelineForHealthyPipelineSafeModeRule] INFO  safemode.SCMSafeModeManager (HealthyPipelineSafeModeRule.java:process(137)) - SCM in safe mode. Healthy pipelines reported count is 0, required healthy pipeline reported count is 1
2023-09-07 04:50:21,965 [749eea05-78f7-4cc7-a6e4-2ed9a747c6c9-groupManagement] INFO  server.RaftServerConfigKeys (ConfUtils.java:logGet(46)) - raft.server.log.segment.cache.num.max = 2 (custom)
2023-09-07 04:50:21,965 [749eea05-78f7-4cc7-a6e4-2ed9a747c6c9-groupManagement] INFO  server.RaftServerConfigKeys (ConfUtils.java:logGet(46)) - raft.server.log.segment.cache.size.max = 200MB (=209715200) (default)
2023-09-07 04:50:21,965 [749eea05-78f7-4cc7-a6e4-2ed9a747c6c9-groupManagement] INFO  server.RaftServerConfigKeys (ConfUtils.java:logGet(46)) - raft.server.log.appender.buffer.byte-limit = 33554432 (custom)
2023-09-07 04:50:21,965 [749eea05-78f7-4cc7-a6e4-2ed9a747c6c9-groupManagement] INFO  segmented.SegmentedRaftLogWorker (SegmentedRaftLogWorker.java:<init>(188)) - new 749eea05-78f7-4cc7-a6e4-2ed9a747c6c9@group-7FD7EECF8BDF-SegmentedRaftLogWorker for RaftStorageImpl:Storage Directory /home/runner/work/ozone/ozone/hadoop-ozone/integration-test/target/test-dir/MiniOzoneClusterImpl-d344a044-c2aa-46c6-8971-a5e8f3f75c9e/datanode-4/data/ratis/ac797abc-1a6e-4177-b30d-7fd7eecf8bdf
2023-09-07 04:50:21,965 [749eea05-78f7-4cc7-a6e4-2ed9a747c6c9-groupManagement] INFO  server.RaftServerConfigKeys (ConfUtils.java:logGet(46)) - raft.server.log.queue.byte-limit = 4294967296 (custom)
2023-09-07 04:50:21,965 [749eea05-78f7-4cc7-a6e4-2ed9a747c6c9-groupManagement] INFO  server.RaftServerConfigKeys (ConfUtils.java:logGet(46)) - raft.server.log.queue.element-limit = 1024 (custom)
2023-09-07 04:50:21,965 [749eea05-78f7-4cc7-a6e4-2ed9a747c6c9-groupManagement] INFO  server.RaftServerConfigKeys (ConfUtils.java:logGet(46)) - raft.server.log.segment.size.max = 1048576 (custom)
2023-09-07 04:50:21,966 [749eea05-78f7-4cc7-a6e4-2ed9a747c6c9-groupManagement] INFO  server.RaftServerConfigKeys (ConfUtils.java:logGet(46)) - raft.server.log.preallocated.size = 16384 (custom)
2023-09-07 04:50:21,966 [749eea05-78f7-4cc7-a6e4-2ed9a747c6c9-groupManagement] INFO  server.RaftServerConfigKeys (ConfUtils.java:logGet(46)) - raft.server.log.force.sync.num = 128 (default)
2023-09-07 04:50:21,967 [749eea05-78f7-4cc7-a6e4-2ed9a747c6c9-groupManagement] INFO  server.RaftServerConfigKeys (ConfUtils.java:logGet(46)) - raft.server.log.statemachine.data.sync = true (default)
2023-09-07 04:50:21,967 [749eea05-78f7-4cc7-a6e4-2ed9a747c6c9-groupManagement] INFO  server.RaftServerConfigKeys (ConfUtils.java:logGet(46)) - raft.server.log.statemachine.data.sync.timeout = 10s (default)
2023-09-07 04:50:21,967 [749eea05-78f7-4cc7-a6e4-2ed9a747c6c9-groupManagement] INFO  server.RaftServerConfigKeys (ConfUtils.java:logGet(46)) - raft.server.log.statemachine.data.sync.timeout.retry = -1 (default)
2023-09-07 04:50:21,968 [749eea05-78f7-4cc7-a6e4-2ed9a747c6c9-groupManagement] INFO  server.RaftServerConfigKeys (ConfUtils.java:logGet(46)) - raft.server.log.write.buffer.size = 1048576 (custom)
2023-09-07 04:50:21,968 [749eea05-78f7-4cc7-a6e4-2ed9a747c6c9-groupManagement] INFO  server.RaftServerConfigKeys (ConfUtils.java:logGet(46)) - raft.server.log.appender.buffer.byte-limit = 33554432 (custom)
2023-09-07 04:50:21,975 [749eea05-78f7-4cc7-a6e4-2ed9a747c6c9-groupManagement] INFO  server.RaftServerConfigKeys (ConfUtils.java:logGet(46)) - raft.server.log.unsafe-flush.enabled = false (default)
2023-09-07 04:50:21,975 [749eea05-78f7-4cc7-a6e4-2ed9a747c6c9-groupManagement] INFO  server.RaftServerConfigKeys (ConfUtils.java:logGet(46)) - raft.server.log.async-flush.enabled = false (default)
2023-09-07 04:50:21,975 [749eea05-78f7-4cc7-a6e4-2ed9a747c6c9-groupManagement] INFO  server.RaftServerConfigKeys (ConfUtils.java:logGet(46)) - raft.server.log.statemachine.data.caching.enabled = true (custom)
2023-09-07 04:50:21,975 [749eea05-78f7-4cc7-a6e4-2ed9a747c6c9-groupManagement] INFO  segmented.SegmentedRaftLogWorker (SegmentedRaftLogWorker.java:lambda$new$0(135)) - 749eea05-78f7-4cc7-a6e4-2ed9a747c6c9@group-7FD7EECF8BDF-SegmentedRaftLogWorker: flushIndex: setUnconditionally 0 -> -1
2023-09-07 04:50:21,975 [749eea05-78f7-4cc7-a6e4-2ed9a747c6c9-groupManagement] INFO  segmented.SegmentedRaftLogWorker (SegmentedRaftLogWorker.java:lambda$new$0(135)) - 749eea05-78f7-4cc7-a6e4-2ed9a747c6c9@group-7FD7EECF8BDF-SegmentedRaftLogWorker: safeCacheEvictIndex: setUnconditionally 0 -> -1
2023-09-07 04:50:21,976 [749eea05-78f7-4cc7-a6e4-2ed9a747c6c9-groupManagement] INFO  server.RaftServer$Division (RaftServerImpl.java:start(342)) - 749eea05-78f7-4cc7-a6e4-2ed9a747c6c9@group-7FD7EECF8BDF: start as a follower, conf=-1: peers:[749eea05-78f7-4cc7-a6e4-2ed9a747c6c9|rpc:10.1.0.9:15103|admin:10.1.0.9:15102|client:10.1.0.9:15101|dataStream:10.1.0.9:15104|priority:1|startupRole:FOLLOWER]|listeners:[], old=null
2023-09-07 04:50:21,976 [749eea05-78f7-4cc7-a6e4-2ed9a747c6c9-groupManagement] INFO  server.RaftServer$Division (RaftServerImpl.java:setRole(329)) - 749eea05-78f7-4cc7-a6e4-2ed9a747c6c9@group-7FD7EECF8BDF: changes role from      null to FOLLOWER at term 0 for startAsFollower
2023-09-07 04:50:21,976 [749eea05-78f7-4cc7-a6e4-2ed9a747c6c9-groupManagement] INFO  impl.RoleInfo (RoleInfo.java:updateAndGet(139)) - 749eea05-78f7-4cc7-a6e4-2ed9a747c6c9: start 749eea05-78f7-4cc7-a6e4-2ed9a747c6c9@group-7FD7EECF8BDF-FollowerState
2023-09-07 04:50:21,978 [749eea05-78f7-4cc7-a6e4-2ed9a747c6c9-groupManagement] INFO  util.JmxRegister (JmxRegister.java:tryRegister(44)) - Successfully registered JMX Bean with object name Ratis:service=RaftServer,group=group-7FD7EECF8BDF,id=749eea05-78f7-4cc7-a6e4-2ed9a747c6c9
2023-09-07 04:50:21,978 [749eea05-78f7-4cc7-a6e4-2ed9a747c6c9-groupManagement] INFO  server.RaftServerConfigKeys (ConfUtils.java:logGet(46)) - raft.server.snapshot.auto.trigger.enabled = true (custom)
2023-09-07 04:50:21,978 [749eea05-78f7-4cc7-a6e4-2ed9a747c6c9-groupManagement] INFO  server.RaftServerConfigKeys (ConfUtils.java:logGet(46)) - raft.server.snapshot.auto.trigger.threshold = 10000 (custom)
2023-09-07 04:50:21,978 [749eea05-78f7-4cc7-a6e4-2ed9a747c6c9-groupManagement] INFO  server.RaftServerConfigKeys (ConfUtils.java:logGet(46)) - raft.server.snapshot.retention.file.num = 5 (custom)
2023-09-07 04:50:21,978 [749eea05-78f7-4cc7-a6e4-2ed9a747c6c9-groupManagement] INFO  server.RaftServerConfigKeys (ConfUtils.java:logGet(46)) - raft.server.log.purge.upto.snapshot.index = false (default)
2023-09-07 04:50:21,978 [749eea05-78f7-4cc7-a6e4-2ed9a747c6c9@group-7FD7EECF8BDF-FollowerState] INFO  server.RaftServerConfigKeys (ConfUtils.java:logFallback(53)) - raft.server.rpc.first-election.timeout.min = 5s (fallback to raft.server.rpc.timeout.min)
2023-09-07 04:50:21,979 [749eea05-78f7-4cc7-a6e4-2ed9a747c6c9@group-7FD7EECF8BDF-FollowerState] INFO  server.RaftServerConfigKeys (ConfUtils.java:logFallback(53)) - raft.server.rpc.first-election.timeout.max = 5200ms (fallback to raft.server.rpc.timeout.max)
2023-09-07 04:50:21,981 [PipelineCommandHandlerThread-0] INFO  ratis.XceiverServerRatis (XceiverServerRatis.java:addGroup(804)) - Created group PipelineID=ac797abc-1a6e-4177-b30d-7fd7eecf8bdf
2023-09-07 04:50:21,981 [PipelineCommandHandlerThread-0] INFO  commandhandler.CreatePipelineCommandHandler (CreatePipelineCommandHandler.java:lambda$handle$2(124)) - Created Pipeline RATIS ONE PipelineID=ac797abc-1a6e-4177-b30d-7fd7eecf8bdf.
2023-09-07 04:50:22,942 [main] INFO  ozone.MiniOzoneClusterImpl (MiniOzoneClusterImpl.java:lambda$waitForClusterToBeReady$0(224)) - Nodes are ready. Got 5 of 5 DN Heartbeats.
2023-09-07 04:50:22,942 [main] INFO  ozone.MiniOzoneClusterImpl (MiniOzoneClusterImpl.java:lambda$waitForClusterToBeReady$0(227)) - Waiting for cluster to exit safe mode
2023-09-07 04:50:22,942 [main] INFO  ozone.MiniOzoneClusterImpl (MiniOzoneClusterImpl.java:lambda$waitForClusterToBeReady$0(229)) - SCM became leader
2023-09-07 04:50:23,943 [main] INFO  ozone.MiniOzoneClusterImpl (MiniOzoneClusterImpl.java:lambda$waitForClusterToBeReady$0(224)) - Nodes are ready. Got 5 of 5 DN Heartbeats.
2023-09-07 04:50:23,943 [main] INFO  ozone.MiniOzoneClusterImpl (MiniOzoneClusterImpl.java:lambda$waitForClusterToBeReady$0(227)) - Waiting for cluster to exit safe mode
2023-09-07 04:50:23,943 [main] INFO  ozone.MiniOzoneClusterImpl (MiniOzoneClusterImpl.java:lambda$waitForClusterToBeReady$0(229)) - SCM became leader
2023-09-07 04:50:24,944 [main] INFO  ozone.MiniOzoneClusterImpl (MiniOzoneClusterImpl.java:lambda$waitForClusterToBeReady$0(224)) - Nodes are ready. Got 5 of 5 DN Heartbeats.
2023-09-07 04:50:24,944 [main] INFO  ozone.MiniOzoneClusterImpl (MiniOzoneClusterImpl.java:lambda$waitForClusterToBeReady$0(227)) - Waiting for cluster to exit safe mode
2023-09-07 04:50:24,944 [main] INFO  ozone.MiniOzoneClusterImpl (MiniOzoneClusterImpl.java:lambda$waitForClusterToBeReady$0(229)) - SCM became leader
2023-09-07 04:50:25,441 [c689351a-c011-4280-903e-e1929abe1491@group-B02AECF5C372-FollowerState] INFO  impl.FollowerState (FollowerState.java:run(143)) - c689351a-c011-4280-903e-e1929abe1491@group-B02AECF5C372-FollowerState: change to CANDIDATE, lastRpcElapsedTime:5025399900ns, electionTimeout:5023ms
2023-09-07 04:50:25,441 [c689351a-c011-4280-903e-e1929abe1491@group-B02AECF5C372-FollowerState] INFO  impl.RoleInfo (RoleInfo.java:shutdownFollowerState(110)) - c689351a-c011-4280-903e-e1929abe1491: shutdown c689351a-c011-4280-903e-e1929abe1491@group-B02AECF5C372-FollowerState
2023-09-07 04:50:25,442 [c689351a-c011-4280-903e-e1929abe1491@group-B02AECF5C372-FollowerState] INFO  server.RaftServer$Division (RaftServerImpl.java:setRole(329)) - c689351a-c011-4280-903e-e1929abe1491@group-B02AECF5C372: changes role from  FOLLOWER to CANDIDATE at term 0 for changeToCandidate
2023-09-07 04:50:25,442 [c689351a-c011-4280-903e-e1929abe1491@group-B02AECF5C372-FollowerState] INFO  server.RaftServerConfigKeys (ConfUtils.java:logGet(46)) - raft.server.leaderelection.pre-vote = true (default)
2023-09-07 04:50:25,442 [c689351a-c011-4280-903e-e1929abe1491@group-B02AECF5C372-FollowerState] INFO  impl.RoleInfo (RoleInfo.java:updateAndGet(139)) - c689351a-c011-4280-903e-e1929abe1491: start c689351a-c011-4280-903e-e1929abe1491@group-B02AECF5C372-LeaderElection10
2023-09-07 04:50:25,448 [c689351a-c011-4280-903e-e1929abe1491@group-B02AECF5C372-LeaderElection10] INFO  impl.LeaderElection (LeaderElection.java:askForVotes(321)) - c689351a-c011-4280-903e-e1929abe1491@group-B02AECF5C372-LeaderElection10 PRE_VOTE round 0: submit vote requests at term 0 for -1: peers:[c689351a-c011-4280-903e-e1929abe1491|rpc:10.1.0.9:15067|admin:10.1.0.9:15066|client:10.1.0.9:15065|dataStream:10.1.0.9:15068|priority:1|startupRole:FOLLOWER]|listeners:[], old=null
2023-09-07 04:50:25,448 [c689351a-c011-4280-903e-e1929abe1491@group-B02AECF5C372-LeaderElection10] INFO  impl.LeaderElection (LeaderElection.java:askForVotes(323)) - c689351a-c011-4280-903e-e1929abe1491@group-B02AECF5C372-LeaderElection10 PRE_VOTE round 0: result PASSED (term=0)
2023-09-07 04:50:25,450 [c689351a-c011-4280-903e-e1929abe1491@group-B02AECF5C372-LeaderElection10] INFO  impl.LeaderElection (LeaderElection.java:askForVotes(321)) - c689351a-c011-4280-903e-e1929abe1491@group-B02AECF5C372-LeaderElection10 ELECTION round 0: submit vote requests at term 1 for -1: peers:[c689351a-c011-4280-903e-e1929abe1491|rpc:10.1.0.9:15067|admin:10.1.0.9:15066|client:10.1.0.9:15065|dataStream:10.1.0.9:15068|priority:1|startupRole:FOLLOWER]|listeners:[], old=null
2023-09-07 04:50:25,450 [c689351a-c011-4280-903e-e1929abe1491@group-B02AECF5C372-LeaderElection10] INFO  impl.LeaderElection (LeaderElection.java:askForVotes(323)) - c689351a-c011-4280-903e-e1929abe1491@group-B02AECF5C372-LeaderElection10 ELECTION round 0: result PASSED (term=1)
2023-09-07 04:50:25,450 [c689351a-c011-4280-903e-e1929abe1491@group-B02AECF5C372-LeaderElection10] INFO  impl.RoleInfo (RoleInfo.java:shutdownLeaderElection(130)) - c689351a-c011-4280-903e-e1929abe1491: shutdown c689351a-c011-4280-903e-e1929abe1491@group-B02AECF5C372-LeaderElection10
2023-09-07 04:50:25,450 [c689351a-c011-4280-903e-e1929abe1491@group-B02AECF5C372-LeaderElection10] INFO  server.RaftServer$Division (RaftServerImpl.java:setRole(329)) - c689351a-c011-4280-903e-e1929abe1491@group-B02AECF5C372: changes role from CANDIDATE to LEADER at term 1 for changeToLeader
2023-09-07 04:50:25,450 [c689351a-c011-4280-903e-e1929abe1491@group-B02AECF5C372-LeaderElection10] INFO  ratis.XceiverServerRatis (XceiverServerRatis.java:handleLeaderChangedNotification(902)) - Leader change notification received for group: group-B02AECF5C372 with new leaderId: c689351a-c011-4280-903e-e1929abe1491
2023-09-07 04:50:25,451 [c689351a-c011-4280-903e-e1929abe1491@group-B02AECF5C372-LeaderElection10] INFO  server.RaftServer$Division (ServerState.java:setLeader(317)) - c689351a-c011-4280-903e-e1929abe1491@group-B02AECF5C372: change Leader from null to c689351a-c011-4280-903e-e1929abe1491 at term 1 for becomeLeader, leader elected after 5062ms
2023-09-07 04:50:25,451 [c689351a-c011-4280-903e-e1929abe1491@group-B02AECF5C372-LeaderElection10] INFO  server.RaftServerConfigKeys (ConfUtils.java:logGet(46)) - raft.server.staging.catchup.gap = 1000 (default)
2023-09-07 04:50:25,451 [c689351a-c011-4280-903e-e1929abe1491@group-B02AECF5C372-LeaderElection10] INFO  server.RaftServerConfigKeys (ConfUtils.java:logGet(46)) - raft.server.write.element-limit = 1024 (custom)
2023-09-07 04:50:25,451 [c689351a-c011-4280-903e-e1929abe1491@group-B02AECF5C372-LeaderElection10] INFO  server.RaftServerConfigKeys (ConfUtils.java:logGet(46)) - raft.server.write.byte-limit = 1024 M (=1073741824) (custom)
2023-09-07 04:50:25,452 [c689351a-c011-4280-903e-e1929abe1491@group-B02AECF5C372-LeaderElection10] INFO  server.RaftServerConfigKeys (ConfUtils.java:logGet(46)) - raft.server.watch.timeout = 180s (custom)
2023-09-07 04:50:25,452 [c689351a-c011-4280-903e-e1929abe1491@group-B02AECF5C372-LeaderElection10] INFO  server.RaftServerConfigKeys (ConfUtils.java:logGet(46)) - raft.server.watch.timeout.denomination = 1s (default)
2023-09-07 04:50:25,452 [c689351a-c011-4280-903e-e1929abe1491@group-B02AECF5C372-LeaderElection10] INFO  server.RaftServerConfigKeys (ConfUtils.java:logGet(46)) - raft.server.watch.element-limit = 65536 (default)
2023-09-07 04:50:25,452 [c689351a-c011-4280-903e-e1929abe1491@group-B02AECF5C372-LeaderElection10] INFO  server.RaftServerConfigKeys (ConfUtils.java:logGet(46)) - raft.server.write.element-limit = 1024 (custom)
2023-09-07 04:50:25,452 [c689351a-c011-4280-903e-e1929abe1491@group-B02AECF5C372-LeaderElection10] INFO  server.RaftServerConfigKeys (ConfUtils.java:logGet(46)) - raft.server.write.follower.gap.ratio.max = -1.0 (default)
2023-09-07 04:50:25,452 [c689351a-c011-4280-903e-e1929abe1491@group-B02AECF5C372-LeaderElection10] INFO  impl.RoleInfo (RoleInfo.java:updateAndGet(139)) - c689351a-c011-4280-903e-e1929abe1491: start c689351a-c011-4280-903e-e1929abe1491@group-B02AECF5C372-LeaderStateImpl
2023-09-07 04:50:25,453 [c689351a-c011-4280-903e-e1929abe1491@group-B02AECF5C372-LeaderElection10] INFO  segmented.SegmentedRaftLogWorker (SegmentedRaftLogWorker.java:startLogSegment(447)) - c689351a-c011-4280-903e-e1929abe1491@group-B02AECF5C372-SegmentedRaftLogWorker: Starting segment from index:0
2023-09-07 04:50:25,458 [c689351a-c011-4280-903e-e1929abe1491@group-B02AECF5C372-LeaderElection10] INFO  server.RaftServer$Division (ServerState.java:setRaftConf(434)) - c689351a-c011-4280-903e-e1929abe1491@group-B02AECF5C372: set configuration 0: peers:[c689351a-c011-4280-903e-e1929abe1491|rpc:10.1.0.9:15067|admin:10.1.0.9:15066|client:10.1.0.9:15065|dataStream:10.1.0.9:15068|priority:1|startupRole:FOLLOWER]|listeners:[], old=null
2023-09-07 04:50:25,460 [EventQueue-OpenPipelineForHealthyPipelineSafeModeRule] INFO  safemode.SCMSafeModeManager (HealthyPipelineSafeModeRule.java:process(137)) - SCM in safe mode. Healthy pipelines reported count is 0, required healthy pipeline reported count is 1
2023-09-07 04:50:25,461 [c689351a-c011-4280-903e-e1929abe1491@group-B02AECF5C372-SegmentedRaftLogWorker] INFO  segmented.SegmentedRaftLogWorker (SegmentedRaftLogWorker.java:execute(651)) - c689351a-c011-4280-903e-e1929abe1491@group-B02AECF5C372-SegmentedRaftLogWorker: created new log segment /home/runner/work/ozone/ozone/hadoop-ozone/integration-test/target/test-dir/MiniOzoneClusterImpl-d344a044-c2aa-46c6-8971-a5e8f3f75c9e/datanode-0/data/ratis/a701f6df-3d91-4dad-b346-b02aecf5c372/current/log_inprogress_0
2023-09-07 04:50:25,587 [8fe090c8-98a3-4c2e-b58d-35f0bbae16bb@group-85AB1CE9058E-FollowerState] INFO  impl.FollowerState (FollowerState.java:run(143)) - 8fe090c8-98a3-4c2e-b58d-35f0bbae16bb@group-85AB1CE9058E-FollowerState: change to CANDIDATE, lastRpcElapsedTime:5098593106ns, electionTimeout:5097ms
2023-09-07 04:50:25,587 [8fe090c8-98a3-4c2e-b58d-35f0bbae16bb@group-85AB1CE9058E-FollowerState] INFO  impl.RoleInfo (RoleInfo.java:shutdownFollowerState(110)) - 8fe090c8-98a3-4c2e-b58d-35f0bbae16bb: shutdown 8fe090c8-98a3-4c2e-b58d-35f0bbae16bb@group-85AB1CE9058E-FollowerState
2023-09-07 04:50:25,587 [8fe090c8-98a3-4c2e-b58d-35f0bbae16bb@group-85AB1CE9058E-FollowerState] INFO  server.RaftServer$Division (RaftServerImpl.java:setRole(329)) - 8fe090c8-98a3-4c2e-b58d-35f0bbae16bb@group-85AB1CE9058E: changes role from  FOLLOWER to CANDIDATE at term 0 for changeToCandidate
2023-09-07 04:50:25,587 [8fe090c8-98a3-4c2e-b58d-35f0bbae16bb@group-85AB1CE9058E-FollowerState] INFO  server.RaftServerConfigKeys (ConfUtils.java:logGet(46)) - raft.server.leaderelection.pre-vote = true (default)
2023-09-07 04:50:25,587 [8fe090c8-98a3-4c2e-b58d-35f0bbae16bb@group-85AB1CE9058E-FollowerState] INFO  impl.RoleInfo (RoleInfo.java:updateAndGet(139)) - 8fe090c8-98a3-4c2e-b58d-35f0bbae16bb: start 8fe090c8-98a3-4c2e-b58d-35f0bbae16bb@group-85AB1CE9058E-LeaderElection11
2023-09-07 04:50:25,593 [8fe090c8-98a3-4c2e-b58d-35f0bbae16bb@group-85AB1CE9058E-LeaderElection11] INFO  impl.LeaderElection (LeaderElection.java:askForVotes(321)) - 8fe090c8-98a3-4c2e-b58d-35f0bbae16bb@group-85AB1CE9058E-LeaderElection11 PRE_VOTE round 0: submit vote requests at term 0 for -1: peers:[9f849854-0b93-4d35-a4d9-b273905b7e1f|rpc:10.1.0.9:15076|admin:10.1.0.9:15075|client:10.1.0.9:15074|dataStream:10.1.0.9:15077|priority:0|startupRole:FOLLOWER, 8fe090c8-98a3-4c2e-b58d-35f0bbae16bb|rpc:10.1.0.9:15085|admin:10.1.0.9:15084|client:10.1.0.9:15083|dataStream:10.1.0.9:15086|priority:0|startupRole:FOLLOWER, c689351a-c011-4280-903e-e1929abe1491|rpc:10.1.0.9:15067|admin:10.1.0.9:15066|client:10.1.0.9:15065|dataStream:10.1.0.9:15068|priority:1|startupRole:FOLLOWER]|listeners:[], old=null
2023-09-07 04:50:25,594 [8fe090c8-98a3-4c2e-b58d-35f0bbae16bb@group-85AB1CE9058E-LeaderElection11-1] INFO  server.GrpcServerProtocolClient (GrpcServerProtocolClient.java:<init>(65)) - Build channel for 9f849854-0b93-4d35-a4d9-b273905b7e1f
2023-09-07 04:50:25,598 [8fe090c8-98a3-4c2e-b58d-35f0bbae16bb@group-85AB1CE9058E-LeaderElection11] INFO  server.RaftServerConfigKeys (ConfUtils.java:logFallback(53)) - raft.server.rpc.first-election.timeout.min = 5s (fallback to raft.server.rpc.timeout.min)
2023-09-07 04:50:25,598 [8fe090c8-98a3-4c2e-b58d-35f0bbae16bb@group-85AB1CE9058E-LeaderElection11] INFO  server.RaftServerConfigKeys (ConfUtils.java:logFallback(53)) - raft.server.rpc.first-election.timeout.max = 5200ms (fallback to raft.server.rpc.timeout.max)
2023-09-07 04:50:25,598 [8fe090c8-98a3-4c2e-b58d-35f0bbae16bb@group-85AB1CE9058E-LeaderElection11-2] INFO  server.GrpcServerProtocolClient (GrpcServerProtocolClient.java:<init>(65)) - Build channel for c689351a-c011-4280-903e-e1929abe1491
2023-09-07 04:50:25,604 [c689351a-c011-4280-903e-e1929abe1491@group-85AB1CE9058E-FollowerState] INFO  impl.FollowerState (FollowerState.java:run(143)) - c689351a-c011-4280-903e-e1929abe1491@group-85AB1CE9058E-FollowerState: change to CANDIDATE, lastRpcElapsedTime:5163108424ns, electionTimeout:5155ms
2023-09-07 04:50:25,604 [c689351a-c011-4280-903e-e1929abe1491@group-85AB1CE9058E-FollowerState] INFO  impl.RoleInfo (RoleInfo.java:shutdownFollowerState(110)) - c689351a-c011-4280-903e-e1929abe1491: shutdown c689351a-c011-4280-903e-e1929abe1491@group-85AB1CE9058E-FollowerState
2023-09-07 04:50:25,604 [c689351a-c011-4280-903e-e1929abe1491@group-85AB1CE9058E-FollowerState] INFO  server.RaftServer$Division (RaftServerImpl.java:setRole(329)) - c689351a-c011-4280-903e-e1929abe1491@group-85AB1CE9058E: changes role from  FOLLOWER to CANDIDATE at term 0 for changeToCandidate
2023-09-07 04:50:25,604 [c689351a-c011-4280-903e-e1929abe1491@group-85AB1CE9058E-FollowerState] INFO  server.RaftServerConfigKeys (ConfUtils.java:logGet(46)) - raft.server.leaderelection.pre-vote = true (default)
2023-09-07 04:50:25,604 [c689351a-c011-4280-903e-e1929abe1491@group-85AB1CE9058E-FollowerState] INFO  impl.RoleInfo (RoleInfo.java:updateAndGet(139)) - c689351a-c011-4280-903e-e1929abe1491: start c689351a-c011-4280-903e-e1929abe1491@group-85AB1CE9058E-LeaderElection12
2023-09-07 04:50:25,610 [c689351a-c011-4280-903e-e1929abe1491@group-85AB1CE9058E-LeaderElection12] INFO  impl.LeaderElection (LeaderElection.java:askForVotes(321)) - c689351a-c011-4280-903e-e1929abe1491@group-85AB1CE9058E-LeaderElection12 PRE_VOTE round 0: submit vote requests at term 0 for -1: peers:[9f849854-0b93-4d35-a4d9-b273905b7e1f|rpc:10.1.0.9:15076|admin:10.1.0.9:15075|client:10.1.0.9:15074|dataStream:10.1.0.9:15077|priority:0|startupRole:FOLLOWER, 8fe090c8-98a3-4c2e-b58d-35f0bbae16bb|rpc:10.1.0.9:15085|admin:10.1.0.9:15084|client:10.1.0.9:15083|dataStream:10.1.0.9:15086|priority:0|startupRole:FOLLOWER, c689351a-c011-4280-903e-e1929abe1491|rpc:10.1.0.9:15067|admin:10.1.0.9:15066|client:10.1.0.9:15065|dataStream:10.1.0.9:15068|priority:1|startupRole:FOLLOWER]|listeners:[], old=null
2023-09-07 04:50:25,611 [c689351a-c011-4280-903e-e1929abe1491@group-85AB1CE9058E-LeaderElection12-1] INFO  server.GrpcServerProtocolClient (GrpcServerProtocolClient.java:<init>(65)) - Build channel for 9f849854-0b93-4d35-a4d9-b273905b7e1f
2023-09-07 04:50:25,611 [c689351a-c011-4280-903e-e1929abe1491@group-85AB1CE9058E-LeaderElection12] INFO  server.RaftServerConfigKeys (ConfUtils.java:logFallback(53)) - raft.server.rpc.first-election.timeout.min = 5s (fallback to raft.server.rpc.timeout.min)
2023-09-07 04:50:25,614 [c689351a-c011-4280-903e-e1929abe1491@group-85AB1CE9058E-LeaderElection12] INFO  server.RaftServerConfigKeys (ConfUtils.java:logFallback(53)) - raft.server.rpc.first-election.timeout.max = 5200ms (fallback to raft.server.rpc.timeout.max)
2023-09-07 04:50:25,621 [9f849854-0b93-4d35-a4d9-b273905b7e1f@group-85AB1CE9058E-FollowerState] INFO  impl.FollowerState (FollowerState.java:run(143)) - 9f849854-0b93-4d35-a4d9-b273905b7e1f@group-85AB1CE9058E-FollowerState: change to CANDIDATE, lastRpcElapsedTime:5063007806ns, electionTimeout:5062ms
2023-09-07 04:50:25,622 [9f849854-0b93-4d35-a4d9-b273905b7e1f@group-85AB1CE9058E-FollowerState] INFO  impl.RoleInfo (RoleInfo.java:shutdownFollowerState(110)) - 9f849854-0b93-4d35-a4d9-b273905b7e1f: shutdown 9f849854-0b93-4d35-a4d9-b273905b7e1f@group-85AB1CE9058E-FollowerState
2023-09-07 04:50:25,622 [9f849854-0b93-4d35-a4d9-b273905b7e1f@group-85AB1CE9058E-FollowerState] INFO  server.RaftServer$Division (RaftServerImpl.java:setRole(329)) - 9f849854-0b93-4d35-a4d9-b273905b7e1f@group-85AB1CE9058E: changes role from  FOLLOWER to CANDIDATE at term 0 for changeToCandidate
2023-09-07 04:50:25,622 [9f849854-0b93-4d35-a4d9-b273905b7e1f@group-85AB1CE9058E-FollowerState] INFO  server.RaftServerConfigKeys (ConfUtils.java:logGet(46)) - raft.server.leaderelection.pre-vote = true (default)
2023-09-07 04:50:25,622 [9f849854-0b93-4d35-a4d9-b273905b7e1f@group-85AB1CE9058E-FollowerState] INFO  impl.RoleInfo (RoleInfo.java:updateAndGet(139)) - 9f849854-0b93-4d35-a4d9-b273905b7e1f: start 9f849854-0b93-4d35-a4d9-b273905b7e1f@group-85AB1CE9058E-LeaderElection13
2023-09-07 04:50:25,627 [c689351a-c011-4280-903e-e1929abe1491@group-85AB1CE9058E-LeaderElection12-2] INFO  server.GrpcServerProtocolClient (GrpcServerProtocolClient.java:<init>(65)) - Build channel for 8fe090c8-98a3-4c2e-b58d-35f0bbae16bb
2023-09-07 04:50:25,633 [grpc-default-executor-0] INFO  server.RaftServer$Division (RaftServerImpl.java:requestVote(1302)) - 9f849854-0b93-4d35-a4d9-b273905b7e1f@group-85AB1CE9058E: receive requestVote(PRE_VOTE, 8fe090c8-98a3-4c2e-b58d-35f0bbae16bb, group-85AB1CE9058E, 0, (t:0, i:0))
2023-09-07 04:50:25,634 [grpc-default-executor-0] INFO  impl.VoteContext (VoteContext.java:log(49)) - 9f849854-0b93-4d35-a4d9-b273905b7e1f@group-85AB1CE9058E-CANDIDATE: accept PRE_VOTE from 8fe090c8-98a3-4c2e-b58d-35f0bbae16bb: our priority 0 <= candidate's priority 0
2023-09-07 04:50:25,634 [grpc-default-executor-0] INFO  server.RaftServer$Division (RaftServerImpl.java:requestVote(1335)) - 9f849854-0b93-4d35-a4d9-b273905b7e1f@group-85AB1CE9058E replies to PRE_VOTE vote request: 8fe090c8-98a3-4c2e-b58d-35f0bbae16bb<-9f849854-0b93-4d35-a4d9-b273905b7e1f#0:OK-t0. Peer's state: 9f849854-0b93-4d35-a4d9-b273905b7e1f@group-85AB1CE9058E:t0, leader=null, voted=, raftlog=Memoized:9f849854-0b93-4d35-a4d9-b273905b7e1f@group-85AB1CE9058E-SegmentedRaftLog:OPENED:c-1, conf=-1: peers:[9f849854-0b93-4d35-a4d9-b273905b7e1f|rpc:10.1.0.9:15076|admin:10.1.0.9:15075|client:10.1.0.9:15074|dataStream:10.1.0.9:15077|priority:0|startupRole:FOLLOWER, 8fe090c8-98a3-4c2e-b58d-35f0bbae16bb|rpc:10.1.0.9:15085|admin:10.1.0.9:15084|client:10.1.0.9:15083|dataStream:10.1.0.9:15086|priority:0|startupRole:FOLLOWER, c689351a-c011-4280-903e-e1929abe1491|rpc:10.1.0.9:15067|admin:10.1.0.9:15066|client:10.1.0.9:15065|dataStream:10.1.0.9:15068|priority:1|startupRole:FOLLOWER]|listeners:[], old=null
2023-09-07 04:50:25,636 [9f849854-0b93-4d35-a4d9-b273905b7e1f@group-85AB1CE9058E-LeaderElection13] INFO  impl.LeaderElection (LeaderElection.java:askForVotes(321)) - 9f849854-0b93-4d35-a4d9-b273905b7e1f@group-85AB1CE9058E-LeaderElection13 PRE_VOTE round 0: submit vote requests at term 0 for -1: peers:[9f849854-0b93-4d35-a4d9-b273905b7e1f|rpc:10.1.0.9:15076|admin:10.1.0.9:15075|client:10.1.0.9:15074|dataStream:10.1.0.9:15077|priority:0|startupRole:FOLLOWER, 8fe090c8-98a3-4c2e-b58d-35f0bbae16bb|rpc:10.1.0.9:15085|admin:10.1.0.9:15084|client:10.1.0.9:15083|dataStream:10.1.0.9:15086|priority:0|startupRole:FOLLOWER, c689351a-c011-4280-903e-e1929abe1491|rpc:10.1.0.9:15067|admin:10.1.0.9:15066|client:10.1.0.9:15065|dataStream:10.1.0.9:15068|priority:1|startupRole:FOLLOWER]|listeners:[], old=null
2023-09-07 04:50:25,636 [9f849854-0b93-4d35-a4d9-b273905b7e1f@group-85AB1CE9058E-LeaderElection13-1] INFO  server.GrpcServerProtocolClient (GrpcServerProtocolClient.java:<init>(65)) - Build channel for 8fe090c8-98a3-4c2e-b58d-35f0bbae16bb
2023-09-07 04:50:25,637 [9f849854-0b93-4d35-a4d9-b273905b7e1f@group-85AB1CE9058E-LeaderElection13] INFO  server.RaftServerConfigKeys (ConfUtils.java:logFallback(53)) - raft.server.rpc.first-election.timeout.min = 5s (fallback to raft.server.rpc.timeout.min)
2023-09-07 04:50:25,637 [9f849854-0b93-4d35-a4d9-b273905b7e1f@group-85AB1CE9058E-LeaderElection13] INFO  server.RaftServerConfigKeys (ConfUtils.java:logFallback(53)) - raft.server.rpc.first-election.timeout.max = 5200ms (fallback to raft.server.rpc.timeout.max)
2023-09-07 04:50:25,644 [9f849854-0b93-4d35-a4d9-b273905b7e1f@group-85AB1CE9058E-LeaderElection13-2] INFO  server.GrpcServerProtocolClient (GrpcServerProtocolClient.java:<init>(65)) - Build channel for c689351a-c011-4280-903e-e1929abe1491
2023-09-07 04:50:25,677 [grpc-default-executor-0] INFO  server.RaftServer$Division (RaftServerImpl.java:requestVote(1302)) - c689351a-c011-4280-903e-e1929abe1491@group-85AB1CE9058E: receive requestVote(PRE_VOTE, 8fe090c8-98a3-4c2e-b58d-35f0bbae16bb, group-85AB1CE9058E, 0, (t:0, i:0))
2023-09-07 04:50:25,678 [grpc-default-executor-0] INFO  impl.VoteContext (VoteContext.java:log(49)) - c689351a-c011-4280-903e-e1929abe1491@group-85AB1CE9058E-CANDIDATE: reject PRE_VOTE from 8fe090c8-98a3-4c2e-b58d-35f0bbae16bb: our priority 1 > candidate's priority 0
2023-09-07 04:50:25,678 [grpc-default-executor-0] INFO  server.RaftServer$Division (RaftServerImpl.java:requestVote(1335)) - c689351a-c011-4280-903e-e1929abe1491@group-85AB1CE9058E replies to PRE_VOTE vote request: 8fe090c8-98a3-4c2e-b58d-35f0bbae16bb<-c689351a-c011-4280-903e-e1929abe1491#0:FAIL-t0. Peer's state: c689351a-c011-4280-903e-e1929abe1491@group-85AB1CE9058E:t0, leader=null, voted=, raftlog=Memoized:c689351a-c011-4280-903e-e1929abe1491@group-85AB1CE9058E-SegmentedRaftLog:OPENED:c-1, conf=-1: peers:[9f849854-0b93-4d35-a4d9-b273905b7e1f|rpc:10.1.0.9:15076|admin:10.1.0.9:15075|client:10.1.0.9:15074|dataStream:10.1.0.9:15077|priority:0|startupRole:FOLLOWER, 8fe090c8-98a3-4c2e-b58d-35f0bbae16bb|rpc:10.1.0.9:15085|admin:10.1.0.9:15084|client:10.1.0.9:15083|dataStream:10.1.0.9:15086|priority:0|startupRole:FOLLOWER, c689351a-c011-4280-903e-e1929abe1491|rpc:10.1.0.9:15067|admin:10.1.0.9:15066|client:10.1.0.9:15065|dataStream:10.1.0.9:15068|priority:1|startupRole:FOLLOWER]|listeners:[], old=null
2023-09-07 04:50:25,685 [grpc-default-executor-0] INFO  server.RaftServer$Division (RaftServerImpl.java:requestVote(1302)) - 9f849854-0b93-4d35-a4d9-b273905b7e1f@group-85AB1CE9058E: receive requestVote(PRE_VOTE, c689351a-c011-4280-903e-e1929abe1491, group-85AB1CE9058E, 0, (t:0, i:0))
2023-09-07 04:50:25,685 [grpc-default-executor-0] INFO  impl.VoteContext (VoteContext.java:log(49)) - 9f849854-0b93-4d35-a4d9-b273905b7e1f@group-85AB1CE9058E-CANDIDATE: accept PRE_VOTE from c689351a-c011-4280-903e-e1929abe1491: our priority 0 <= candidate's priority 1
2023-09-07 04:50:25,685 [grpc-default-executor-0] INFO  server.RaftServer$Division (RaftServerImpl.java:requestVote(1335)) - 9f849854-0b93-4d35-a4d9-b273905b7e1f@group-85AB1CE9058E replies to PRE_VOTE vote request: c689351a-c011-4280-903e-e1929abe1491<-9f849854-0b93-4d35-a4d9-b273905b7e1f#0:OK-t0. Peer's state: 9f849854-0b93-4d35-a4d9-b273905b7e1f@group-85AB1CE9058E:t0, leader=null, voted=, raftlog=Memoized:9f849854-0b93-4d35-a4d9-b273905b7e1f@group-85AB1CE9058E-SegmentedRaftLog:OPENED:c-1, conf=-1: peers:[9f849854-0b93-4d35-a4d9-b273905b7e1f|rpc:10.1.0.9:15076|admin:10.1.0.9:15075|client:10.1.0.9:15074|dataStream:10.1.0.9:15077|priority:0|startupRole:FOLLOWER, 8fe090c8-98a3-4c2e-b58d-35f0bbae16bb|rpc:10.1.0.9:15085|admin:10.1.0.9:15084|client:10.1.0.9:15083|dataStream:10.1.0.9:15086|priority:0|startupRole:FOLLOWER, c689351a-c011-4280-903e-e1929abe1491|rpc:10.1.0.9:15067|admin:10.1.0.9:15066|client:10.1.0.9:15065|dataStream:10.1.0.9:15068|priority:1|startupRole:FOLLOWER]|listeners:[], old=null
2023-09-07 04:50:25,686 [grpc-default-executor-2] INFO  server.RaftServer$Division (RaftServerImpl.java:requestVote(1302)) - 8fe090c8-98a3-4c2e-b58d-35f0bbae16bb@group-85AB1CE9058E: receive requestVote(PRE_VOTE, c689351a-c011-4280-903e-e1929abe1491, group-85AB1CE9058E, 0, (t:0, i:0))
2023-09-07 04:50:25,686 [grpc-default-executor-2] INFO  impl.VoteContext (VoteContext.java:log(49)) - 8fe090c8-98a3-4c2e-b58d-35f0bbae16bb@group-85AB1CE9058E-CANDIDATE: accept PRE_VOTE from c689351a-c011-4280-903e-e1929abe1491: our priority 0 <= candidate's priority 1
2023-09-07 04:50:25,686 [grpc-default-executor-2] INFO  server.RaftServer$Division (RaftServerImpl.java:requestVote(1335)) - 8fe090c8-98a3-4c2e-b58d-35f0bbae16bb@group-85AB1CE9058E replies to PRE_VOTE vote request: c689351a-c011-4280-903e-e1929abe1491<-8fe090c8-98a3-4c2e-b58d-35f0bbae16bb#0:OK-t0. Peer's state: 8fe090c8-98a3-4c2e-b58d-35f0bbae16bb@group-85AB1CE9058E:t0, leader=null, voted=, raftlog=Memoized:8fe090c8-98a3-4c2e-b58d-35f0bbae16bb@group-85AB1CE9058E-SegmentedRaftLog:OPENED:c-1, conf=-1: peers:[9f849854-0b93-4d35-a4d9-b273905b7e1f|rpc:10.1.0.9:15076|admin:10.1.0.9:15075|client:10.1.0.9:15074|dataStream:10.1.0.9:15077|priority:0|startupRole:FOLLOWER, 8fe090c8-98a3-4c2e-b58d-35f0bbae16bb|rpc:10.1.0.9:15085|admin:10.1.0.9:15084|client:10.1.0.9:15083|dataStream:10.1.0.9:15086|priority:0|startupRole:FOLLOWER, c689351a-c011-4280-903e-e1929abe1491|rpc:10.1.0.9:15067|admin:10.1.0.9:15066|client:10.1.0.9:15065|dataStream:10.1.0.9:15068|priority:1|startupRole:FOLLOWER]|listeners:[], old=null
2023-09-07 04:50:25,688 [8fe090c8-98a3-4c2e-b58d-35f0bbae16bb@group-85AB1CE9058E-LeaderElection11] INFO  impl.LeaderElection (LeaderElection.java:logAndReturn(90)) - 8fe090c8-98a3-4c2e-b58d-35f0bbae16bb@group-85AB1CE9058E-LeaderElection11: PRE_VOTE REJECTED received 2 response(s) and 0 exception(s):
2023-09-07 04:50:25,688 [8fe090c8-98a3-4c2e-b58d-35f0bbae16bb@group-85AB1CE9058E-LeaderElection11] INFO  impl.LeaderElection (LeaderElection.java:logAndReturn(94)) -   Response 0: 8fe090c8-98a3-4c2e-b58d-35f0bbae16bb<-9f849854-0b93-4d35-a4d9-b273905b7e1f#0:OK-t0
2023-09-07 04:50:25,688 [8fe090c8-98a3-4c2e-b58d-35f0bbae16bb@group-85AB1CE9058E-LeaderElection11] INFO  impl.LeaderElection (LeaderElection.java:logAndReturn(94)) -   Response 1: 8fe090c8-98a3-4c2e-b58d-35f0bbae16bb<-c689351a-c011-4280-903e-e1929abe1491#0:FAIL-t0
2023-09-07 04:50:25,688 [8fe090c8-98a3-4c2e-b58d-35f0bbae16bb@group-85AB1CE9058E-LeaderElection11] INFO  impl.LeaderElection (LeaderElection.java:askForVotes(323)) - 8fe090c8-98a3-4c2e-b58d-35f0bbae16bb@group-85AB1CE9058E-LeaderElection11 PRE_VOTE round 0: result REJECTED
2023-09-07 04:50:25,688 [8fe090c8-98a3-4c2e-b58d-35f0bbae16bb@group-85AB1CE9058E-LeaderElection11] INFO  server.RaftServer$Division (RaftServerImpl.java:setRole(329)) - 8fe090c8-98a3-4c2e-b58d-35f0bbae16bb@group-85AB1CE9058E: changes role from CANDIDATE to FOLLOWER at term 0 for REJECTED
2023-09-07 04:50:25,688 [8fe090c8-98a3-4c2e-b58d-35f0bbae16bb@group-85AB1CE9058E-LeaderElection11] INFO  impl.RoleInfo (RoleInfo.java:shutdownLeaderElection(130)) - 8fe090c8-98a3-4c2e-b58d-35f0bbae16bb: shutdown 8fe090c8-98a3-4c2e-b58d-35f0bbae16bb@group-85AB1CE9058E-LeaderElection11
2023-09-07 04:50:25,688 [8fe090c8-98a3-4c2e-b58d-35f0bbae16bb@group-85AB1CE9058E-LeaderElection11] INFO  impl.RoleInfo (RoleInfo.java:updateAndGet(139)) - 8fe090c8-98a3-4c2e-b58d-35f0bbae16bb: start 8fe090c8-98a3-4c2e-b58d-35f0bbae16bb@group-85AB1CE9058E-FollowerState
2023-09-07 04:50:25,693 [grpc-default-executor-2] INFO  server.RaftServer$Division (RaftServerImpl.java:requestVote(1302)) - c689351a-c011-4280-903e-e1929abe1491@group-85AB1CE9058E: receive requestVote(PRE_VOTE, 9f849854-0b93-4d35-a4d9-b273905b7e1f, group-85AB1CE9058E, 0, (t:0, i:0))
2023-09-07 04:50:25,693 [grpc-default-executor-2] INFO  impl.VoteContext (VoteContext.java:log(49)) - c689351a-c011-4280-903e-e1929abe1491@group-85AB1CE9058E-CANDIDATE: reject PRE_VOTE from 9f849854-0b93-4d35-a4d9-b273905b7e1f: our priority 1 > candidate's priority 0
2023-09-07 04:50:25,694 [grpc-default-executor-2] INFO  server.RaftServer$Division (RaftServerImpl.java:requestVote(1335)) - c689351a-c011-4280-903e-e1929abe1491@group-85AB1CE9058E replies to PRE_VOTE vote request: 9f849854-0b93-4d35-a4d9-b273905b7e1f<-c689351a-c011-4280-903e-e1929abe1491#0:FAIL-t0. Peer's state: c689351a-c011-4280-903e-e1929abe1491@group-85AB1CE9058E:t0, leader=null, voted=, raftlog=Memoized:c689351a-c011-4280-903e-e1929abe1491@group-85AB1CE9058E-SegmentedRaftLog:OPENED:c-1, conf=-1: peers:[9f849854-0b93-4d35-a4d9-b273905b7e1f|rpc:10.1.0.9:15076|admin:10.1.0.9:15075|client:10.1.0.9:15074|dataStream:10.1.0.9:15077|priority:0|startupRole:FOLLOWER, 8fe090c8-98a3-4c2e-b58d-35f0bbae16bb|rpc:10.1.0.9:15085|admin:10.1.0.9:15084|client:10.1.0.9:15083|dataStream:10.1.0.9:15086|priority:0|startupRole:FOLLOWER, c689351a-c011-4280-903e-e1929abe1491|rpc:10.1.0.9:15067|admin:10.1.0.9:15066|client:10.1.0.9:15065|dataStream:10.1.0.9:15068|priority:1|startupRole:FOLLOWER]|listeners:[], old=null
2023-09-07 04:50:25,697 [c689351a-c011-4280-903e-e1929abe1491@group-85AB1CE9058E-LeaderElection12] INFO  impl.LeaderElection (LeaderElection.java:logAndReturn(90)) - c689351a-c011-4280-903e-e1929abe1491@group-85AB1CE9058E-LeaderElection12: PRE_VOTE PASSED received 1 response(s) and 0 exception(s):
2023-09-07 04:50:25,697 [c689351a-c011-4280-903e-e1929abe1491@group-85AB1CE9058E-LeaderElection12] INFO  impl.LeaderElection (LeaderElection.java:logAndReturn(94)) -   Response 0: c689351a-c011-4280-903e-e1929abe1491<-9f849854-0b93-4d35-a4d9-b273905b7e1f#0:OK-t0
2023-09-07 04:50:25,697 [c689351a-c011-4280-903e-e1929abe1491@group-85AB1CE9058E-LeaderElection12] INFO  impl.LeaderElection (LeaderElection.java:askForVotes(323)) - c689351a-c011-4280-903e-e1929abe1491@group-85AB1CE9058E-LeaderElection12 PRE_VOTE round 0: result PASSED
2023-09-07 04:50:25,700 [c689351a-c011-4280-903e-e1929abe1491@group-85AB1CE9058E-LeaderElection12] INFO  impl.LeaderElection (LeaderElection.java:askForVotes(321)) - c689351a-c011-4280-903e-e1929abe1491@group-85AB1CE9058E-LeaderElection12 ELECTION round 0: submit vote requests at term 1 for -1: peers:[9f849854-0b93-4d35-a4d9-b273905b7e1f|rpc:10.1.0.9:15076|admin:10.1.0.9:15075|client:10.1.0.9:15074|dataStream:10.1.0.9:15077|priority:0|startupRole:FOLLOWER, 8fe090c8-98a3-4c2e-b58d-35f0bbae16bb|rpc:10.1.0.9:15085|admin:10.1.0.9:15084|client:10.1.0.9:15083|dataStream:10.1.0.9:15086|priority:0|startupRole:FOLLOWER, c689351a-c011-4280-903e-e1929abe1491|rpc:10.1.0.9:15067|admin:10.1.0.9:15066|client:10.1.0.9:15065|dataStream:10.1.0.9:15068|priority:1|startupRole:FOLLOWER]|listeners:[], old=null
2023-09-07 04:50:25,703 [c689351a-c011-4280-903e-e1929abe1491@group-85AB1CE9058E-LeaderElection12] INFO  server.RaftServerConfigKeys (ConfUtils.java:logFallback(53)) - raft.server.rpc.first-election.timeout.min = 5s (fallback to raft.server.rpc.timeout.min)
2023-09-07 04:50:25,703 [c689351a-c011-4280-903e-e1929abe1491@group-85AB1CE9058E-LeaderElection12] INFO  server.RaftServerConfigKeys (ConfUtils.java:logFallback(53)) - raft.server.rpc.first-election.timeout.max = 5200ms (fallback to raft.server.rpc.timeout.max)
2023-09-07 04:50:25,704 [grpc-default-executor-2] INFO  server.RaftServer$Division (RaftServerImpl.java:requestVote(1302)) - 8fe090c8-98a3-4c2e-b58d-35f0bbae16bb@group-85AB1CE9058E: receive requestVote(PRE_VOTE, 9f849854-0b93-4d35-a4d9-b273905b7e1f, group-85AB1CE9058E, 0, (t:0, i:0))
2023-09-07 04:50:25,705 [grpc-default-executor-2] INFO  impl.VoteContext (VoteContext.java:log(49)) - 8fe090c8-98a3-4c2e-b58d-35f0bbae16bb@group-85AB1CE9058E-FOLLOWER: accept PRE_VOTE from 9f849854-0b93-4d35-a4d9-b273905b7e1f: our priority 0 <= candidate's priority 0
2023-09-07 04:50:25,705 [grpc-default-executor-2] INFO  server.RaftServer$Division (RaftServerImpl.java:requestVote(1335)) - 8fe090c8-98a3-4c2e-b58d-35f0bbae16bb@group-85AB1CE9058E replies to PRE_VOTE vote request: 9f849854-0b93-4d35-a4d9-b273905b7e1f<-8fe090c8-98a3-4c2e-b58d-35f0bbae16bb#0:OK-t0. Peer's state: 8fe090c8-98a3-4c2e-b58d-35f0bbae16bb@group-85AB1CE9058E:t0, leader=null, voted=, raftlog=Memoized:8fe090c8-98a3-4c2e-b58d-35f0bbae16bb@group-85AB1CE9058E-SegmentedRaftLog:OPENED:c-1, conf=-1: peers:[9f849854-0b93-4d35-a4d9-b273905b7e1f|rpc:10.1.0.9:15076|admin:10.1.0.9:15075|client:10.1.0.9:15074|dataStream:10.1.0.9:15077|priority:0|startupRole:FOLLOWER, 8fe090c8-98a3-4c2e-b58d-35f0bbae16bb|rpc:10.1.0.9:15085|admin:10.1.0.9:15084|client:10.1.0.9:15083|dataStream:10.1.0.9:15086|priority:0|startupRole:FOLLOWER, c689351a-c011-4280-903e-e1929abe1491|rpc:10.1.0.9:15067|admin:10.1.0.9:15066|client:10.1.0.9:15065|dataStream:10.1.0.9:15068|priority:1|startupRole:FOLLOWER]|listeners:[], old=null
2023-09-07 04:50:25,705 [grpc-default-executor-0] INFO  server.RaftServer$Division (RaftServerImpl.java:requestVote(1302)) - 9f849854-0b93-4d35-a4d9-b273905b7e1f@group-85AB1CE9058E: receive requestVote(ELECTION, c689351a-c011-4280-903e-e1929abe1491, group-85AB1CE9058E, 1, (t:0, i:0))
2023-09-07 04:50:25,705 [grpc-default-executor-0] INFO  impl.VoteContext (VoteContext.java:log(49)) - 9f849854-0b93-4d35-a4d9-b273905b7e1f@group-85AB1CE9058E-CANDIDATE: accept ELECTION from c689351a-c011-4280-903e-e1929abe1491: our priority 0 <= candidate's priority 1
2023-09-07 04:50:25,705 [grpc-default-executor-0] INFO  server.RaftServer$Division (RaftServerImpl.java:setRole(329)) - 9f849854-0b93-4d35-a4d9-b273905b7e1f@group-85AB1CE9058E: changes role from CANDIDATE to FOLLOWER at term 1 for candidate:c689351a-c011-4280-903e-e1929abe1491
2023-09-07 04:50:25,705 [grpc-default-executor-0] INFO  impl.RoleInfo (RoleInfo.java:shutdownLeaderElection(130)) - 9f849854-0b93-4d35-a4d9-b273905b7e1f: shutdown 9f849854-0b93-4d35-a4d9-b273905b7e1f@group-85AB1CE9058E-LeaderElection13
2023-09-07 04:50:25,705 [grpc-default-executor-0] INFO  impl.RoleInfo (RoleInfo.java:updateAndGet(139)) - 9f849854-0b93-4d35-a4d9-b273905b7e1f: start 9f849854-0b93-4d35-a4d9-b273905b7e1f@group-85AB1CE9058E-FollowerState
2023-09-07 04:50:25,714 [9f849854-0b93-4d35-a4d9-b273905b7e1f@group-85AB1CE9058E-LeaderElection13] INFO  impl.LeaderElection (LeaderElection.java:logAndReturn(90)) - 9f849854-0b93-4d35-a4d9-b273905b7e1f@group-85AB1CE9058E-LeaderElection13: PRE_VOTE REJECTED received 1 response(s) and 0 exception(s):
2023-09-07 04:50:25,714 [grpc-default-executor-2] INFO  server.RaftServer$Division (RaftServerImpl.java:requestVote(1302)) - 8fe090c8-98a3-4c2e-b58d-35f0bbae16bb@group-85AB1CE9058E: receive requestVote(ELECTION, c689351a-c011-4280-903e-e1929abe1491, group-85AB1CE9058E, 1, (t:0, i:0))
2023-09-07 04:50:25,714 [9f849854-0b93-4d35-a4d9-b273905b7e1f@group-85AB1CE9058E-LeaderElection13] INFO  impl.LeaderElection (LeaderElection.java:logAndReturn(94)) -   Response 0: 9f849854-0b93-4d35-a4d9-b273905b7e1f<-c689351a-c011-4280-903e-e1929abe1491#0:FAIL-t0
2023-09-07 04:50:25,714 [grpc-default-executor-2] INFO  impl.VoteContext (VoteContext.java:log(49)) - 8fe090c8-98a3-4c2e-b58d-35f0bbae16bb@group-85AB1CE9058E-FOLLOWER: accept ELECTION from c689351a-c011-4280-903e-e1929abe1491: our priority 0 <= candidate's priority 1
2023-09-07 04:50:25,715 [grpc-default-executor-2] INFO  server.RaftServer$Division (RaftServerImpl.java:setRole(329)) - 8fe090c8-98a3-4c2e-b58d-35f0bbae16bb@group-85AB1CE9058E: changes role from  FOLLOWER to FOLLOWER at term 1 for candidate:c689351a-c011-4280-903e-e1929abe1491
2023-09-07 04:50:25,715 [grpc-default-executor-2] INFO  impl.RoleInfo (RoleInfo.java:shutdownFollowerState(110)) - 8fe090c8-98a3-4c2e-b58d-35f0bbae16bb: shutdown 8fe090c8-98a3-4c2e-b58d-35f0bbae16bb@group-85AB1CE9058E-FollowerState
2023-09-07 04:50:25,715 [grpc-default-executor-2] INFO  impl.RoleInfo (RoleInfo.java:updateAndGet(139)) - 8fe090c8-98a3-4c2e-b58d-35f0bbae16bb: start 8fe090c8-98a3-4c2e-b58d-35f0bbae16bb@group-85AB1CE9058E-FollowerState
2023-09-07 04:50:25,714 [9f849854-0b93-4d35-a4d9-b273905b7e1f@group-85AB1CE9058E-LeaderElection13] INFO  impl.LeaderElection (LeaderElection.java:askForVotes(323)) - 9f849854-0b93-4d35-a4d9-b273905b7e1f@group-85AB1CE9058E-LeaderElection13 PRE_VOTE round 0: result REJECTED
2023-09-07 04:50:25,715 [8fe090c8-98a3-4c2e-b58d-35f0bbae16bb@group-85AB1CE9058E-FollowerState] INFO  impl.FollowerState (FollowerState.java:run(152)) - 8fe090c8-98a3-4c2e-b58d-35f0bbae16bb@group-85AB1CE9058E-FollowerState was interrupted
2023-09-07 04:50:25,718 [grpc-default-executor-0] INFO  server.RaftServer$Division (RaftServerImpl.java:requestVote(1335)) - 9f849854-0b93-4d35-a4d9-b273905b7e1f@group-85AB1CE9058E replies to ELECTION vote request: c689351a-c011-4280-903e-e1929abe1491<-9f849854-0b93-4d35-a4d9-b273905b7e1f#0:OK-t1. Peer's state: 9f849854-0b93-4d35-a4d9-b273905b7e1f@group-85AB1CE9058E:t1, leader=null, voted=c689351a-c011-4280-903e-e1929abe1491, raftlog=Memoized:9f849854-0b93-4d35-a4d9-b273905b7e1f@group-85AB1CE9058E-SegmentedRaftLog:OPENED:c-1, conf=-1: peers:[9f849854-0b93-4d35-a4d9-b273905b7e1f|rpc:10.1.0.9:15076|admin:10.1.0.9:15075|client:10.1.0.9:15074|dataStream:10.1.0.9:15077|priority:0|startupRole:FOLLOWER, 8fe090c8-98a3-4c2e-b58d-35f0bbae16bb|rpc:10.1.0.9:15085|admin:10.1.0.9:15084|client:10.1.0.9:15083|dataStream:10.1.0.9:15086|priority:0|startupRole:FOLLOWER, c689351a-c011-4280-903e-e1929abe1491|rpc:10.1.0.9:15067|admin:10.1.0.9:15066|client:10.1.0.9:15065|dataStream:10.1.0.9:15068|priority:1|startupRole:FOLLOWER]|listeners:[], old=null
2023-09-07 04:50:25,720 [grpc-default-executor-2] INFO  server.RaftServer$Division (RaftServerImpl.java:requestVote(1335)) - 8fe090c8-98a3-4c2e-b58d-35f0bbae16bb@group-85AB1CE9058E replies to ELECTION vote request: c689351a-c011-4280-903e-e1929abe1491<-8fe090c8-98a3-4c2e-b58d-35f0bbae16bb#0:OK-t1. Peer's state: 8fe090c8-98a3-4c2e-b58d-35f0bbae16bb@group-85AB1CE9058E:t1, leader=null, voted=c689351a-c011-4280-903e-e1929abe1491, raftlog=Memoized:8fe090c8-98a3-4c2e-b58d-35f0bbae16bb@group-85AB1CE9058E-SegmentedRaftLog:OPENED:c-1, conf=-1: peers:[9f849854-0b93-4d35-a4d9-b273905b7e1f|rpc:10.1.0.9:15076|admin:10.1.0.9:15075|client:10.1.0.9:15074|dataStream:10.1.0.9:15077|priority:0|startupRole:FOLLOWER, 8fe090c8-98a3-4c2e-b58d-35f0bbae16bb|rpc:10.1.0.9:15085|admin:10.1.0.9:15084|client:10.1.0.9:15083|dataStream:10.1.0.9:15086|priority:0|startupRole:FOLLOWER, c689351a-c011-4280-903e-e1929abe1491|rpc:10.1.0.9:15067|admin:10.1.0.9:15066|client:10.1.0.9:15065|dataStream:10.1.0.9:15068|priority:1|startupRole:FOLLOWER]|listeners:[], old=null
2023-09-07 04:50:25,720 [c689351a-c011-4280-903e-e1929abe1491@group-85AB1CE9058E-LeaderElection12] INFO  impl.LeaderElection (LeaderElection.java:logAndReturn(90)) - c689351a-c011-4280-903e-e1929abe1491@group-85AB1CE9058E-LeaderElection12: ELECTION PASSED received 1 response(s) and 0 exception(s):
2023-09-07 04:50:25,720 [c689351a-c011-4280-903e-e1929abe1491@group-85AB1CE9058E-LeaderElection12] INFO  impl.LeaderElection (LeaderElection.java:logAndReturn(94)) -   Response 0: c689351a-c011-4280-903e-e1929abe1491<-9f849854-0b93-4d35-a4d9-b273905b7e1f#0:OK-t1
2023-09-07 04:50:25,721 [c689351a-c011-4280-903e-e1929abe1491@group-85AB1CE9058E-LeaderElection12] INFO  impl.LeaderElection (LeaderElection.java:askForVotes(323)) - c689351a-c011-4280-903e-e1929abe1491@group-85AB1CE9058E-LeaderElection12 ELECTION round 0: result PASSED
2023-09-07 04:50:25,721 [c689351a-c011-4280-903e-e1929abe1491@group-85AB1CE9058E-LeaderElection12] INFO  impl.RoleInfo (RoleInfo.java:shutdownLeaderElection(130)) - c689351a-c011-4280-903e-e1929abe1491: shutdown c689351a-c011-4280-903e-e1929abe1491@group-85AB1CE9058E-LeaderElection12
2023-09-07 04:50:25,721 [c689351a-c011-4280-903e-e1929abe1491@group-85AB1CE9058E-LeaderElection12] INFO  server.RaftServer$Division (RaftServerImpl.java:setRole(329)) - c689351a-c011-4280-903e-e1929abe1491@group-85AB1CE9058E: changes role from CANDIDATE to LEADER at term 1 for changeToLeader
2023-09-07 04:50:25,721 [c689351a-c011-4280-903e-e1929abe1491@group-85AB1CE9058E-LeaderElection12] INFO  ratis.XceiverServerRatis (XceiverServerRatis.java:handleLeaderChangedNotification(902)) - Leader change notification received for group: group-85AB1CE9058E with new leaderId: c689351a-c011-4280-903e-e1929abe1491
2023-09-07 04:50:25,722 [c689351a-c011-4280-903e-e1929abe1491@group-85AB1CE9058E-LeaderElection12] INFO  server.RaftServer$Division (ServerState.java:setLeader(317)) - c689351a-c011-4280-903e-e1929abe1491@group-85AB1CE9058E: change Leader from null to c689351a-c011-4280-903e-e1929abe1491 at term 1 for becomeLeader, leader elected after 5297ms
2023-09-07 04:50:25,722 [c689351a-c011-4280-903e-e1929abe1491@group-85AB1CE9058E-LeaderElection12] INFO  server.RaftServerConfigKeys (ConfUtils.java:logGet(46)) - raft.server.staging.catchup.gap = 1000 (default)
2023-09-07 04:50:25,722 [EventQueue-OpenPipelineForHealthyPipelineSafeModeRule] INFO  safemode.SCMSafeModeManager (HealthyPipelineSafeModeRule.java:process(137)) - SCM in safe mode. Healthy pipelines reported count is 0, required healthy pipeline reported count is 1
2023-09-07 04:50:25,723 [c689351a-c011-4280-903e-e1929abe1491@group-85AB1CE9058E-LeaderElection12] INFO  server.RaftServerConfigKeys (ConfUtils.java:logGet(46)) - raft.server.write.element-limit = 1024 (custom)
2023-09-07 04:50:25,723 [c689351a-c011-4280-903e-e1929abe1491@group-85AB1CE9058E-LeaderElection12] INFO  server.RaftServerConfigKeys (ConfUtils.java:logGet(46)) - raft.server.write.byte-limit = 1024 M (=1073741824) (custom)
2023-09-07 04:50:25,723 [c689351a-c011-4280-903e-e1929abe1491@group-85AB1CE9058E-LeaderElection12] INFO  server.RaftServerConfigKeys (ConfUtils.java:logGet(46)) - raft.server.watch.timeout = 180s (custom)
2023-09-07 04:50:25,723 [c689351a-c011-4280-903e-e1929abe1491@group-85AB1CE9058E-LeaderElection12] INFO  server.RaftServerConfigKeys (ConfUtils.java:logGet(46)) - raft.server.watch.timeout.denomination = 1s (default)
2023-09-07 04:50:25,723 [c689351a-c011-4280-903e-e1929abe1491@group-85AB1CE9058E-LeaderElection12] INFO  server.RaftServerConfigKeys (ConfUtils.java:logGet(46)) - raft.server.watch.element-limit = 65536 (default)
2023-09-07 04:50:25,723 [EventQueue-PipelineReportForPipelineReportHandler] INFO  pipeline.PipelineReportHandler (PipelineReportHandler.java:processPipelineReport(136)) - Opened pipeline PipelineID=b7b8b19f-bcc4-4b03-9e33-85ab1ce9058e
2023-09-07 04:50:25,723 [c689351a-c011-4280-903e-e1929abe1491@group-85AB1CE9058E-LeaderElection12] INFO  server.RaftServerConfigKeys (ConfUtils.java:logGet(46)) - raft.server.write.element-limit = 1024 (custom)
2023-09-07 04:50:25,724 [EventQueue-OpenPipelineForHealthyPipelineSafeModeRule] INFO  safemode.SCMSafeModeManager (HealthyPipelineSafeModeRule.java:process(137)) - SCM in safe mode. Healthy pipelines reported count is 1, required healthy pipeline reported count is 1
2023-09-07 04:50:25,724 [EventQueue-OpenPipelineForHealthyPipelineSafeModeRule] INFO  safemode.SCMSafeModeManager (SCMSafeModeManager.java:validateSafeModeExitRules(200)) - HealthyPipelineSafeModeRule rule is successfully validated
2023-09-07 04:50:25,724 [EventQueue-OpenPipelineForHealthyPipelineSafeModeRule] INFO  safemode.SCMSafeModeManager (SCMSafeModeManager.java:validateSafeModeExitRules(215)) - ScmSafeModeManager, all rules are successfully validated
2023-09-07 04:50:25,724 [EventQueue-OpenPipelineForHealthyPipelineSafeModeRule] INFO  safemode.SCMSafeModeManager (SCMSafeModeManager.java:exitSafeMode(244)) - SCM exiting safe mode.
2023-09-07 04:50:25,724 [EventQueue-OpenPipelineForHealthyPipelineSafeModeRule] INFO  ha.SCMContext (SCMContext.java:updateSafeModeStatus(228)) - Update SafeModeStatus from SafeModeStatus{safeModeStatus=true, preCheckPassed=true} to SafeModeStatus{safeModeStatus=false, preCheckPassed=true}.
2023-09-07 04:50:25,724 [EventQueue-OpenPipelineForHealthyPipelineSafeModeRule] INFO  pipeline.BackgroundPipelineCreator (BackgroundPipelineCreator.java:notifyStatusChanged(255)) - Service BackgroundPipelineCreator transitions to RUNNING.
2023-09-07 04:50:25,724 [EventQueue-OpenPipelineForHealthyPipelineSafeModeRule] INFO  BackgroundPipelineScrubber (BackgroundSCMService.java:notifyStatusChanged(82)) - Service BackgroundPipelineScrubber transitions to RUNNING.
2023-09-07 04:50:25,724 [EventQueue-OpenPipelineForHealthyPipelineSafeModeRule] INFO  ExpiredContainerReplicaOpScrubber (BackgroundSCMService.java:notifyStatusChanged(82)) - Service ExpiredContainerReplicaOpScrubber transitions to RUNNING.
2023-09-07 04:50:25,724 [EventQueue-OpenPipelineForHealthyPipelineSafeModeRule] INFO  replication.ReplicationManager (ReplicationManager.java:notifyStatusChanged(1370)) - Service ReplicationManager transitions to RUNNING.
2023-09-07 04:50:25,724 [c689351a-c011-4280-903e-e1929abe1491@group-85AB1CE9058E-LeaderElection12] INFO  server.RaftServerConfigKeys (ConfUtils.java:logGet(46)) - raft.server.write.follower.gap.ratio.max = -1.0 (default)
2023-09-07 04:50:25,724 [EventQueue-OpenPipelineForHealthyPipelineSafeModeRule] WARN  balancer.ContainerBalancer (ContainerBalancer.java:shouldRun(134)) - Could not find persisted configuration for ContainerBalancer when checking if ContainerBalancer should run. ContainerBalancer should not run now.
2023-09-07 04:50:25,726 [c689351a-c011-4280-903e-e1929abe1491@group-85AB1CE9058E-LeaderElection12] INFO  server.RaftServerConfigKeys (ConfUtils.java:logGet(46)) - raft.server.log.appender.snapshot.chunk.size.max = 16MB (=16777216) (default)
2023-09-07 04:50:25,726 [c689351a-c011-4280-903e-e1929abe1491@group-85AB1CE9058E-LeaderElection12] INFO  server.RaftServerConfigKeys (ConfUtils.java:logGet(46)) - raft.server.log.appender.buffer.byte-limit = 33554432 (custom)
2023-09-07 04:50:25,726 [c689351a-c011-4280-903e-e1929abe1491@group-85AB1CE9058E-LeaderElection12] INFO  server.RaftServerConfigKeys (ConfUtils.java:logGet(46)) - raft.server.log.appender.buffer.element-limit = 1 (custom)
2023-09-07 04:50:25,726 [c689351a-c011-4280-903e-e1929abe1491@group-85AB1CE9058E-LeaderElection12] INFO  server.RaftServerConfigKeys (ConfUtils.java:logGet(46)) - raft.server.log.appender.wait-time.min = 10ms (default)
2023-09-07 04:50:25,726 [c689351a-c011-4280-903e-e1929abe1491@group-85AB1CE9058E-LeaderElection12] INFO  grpc.GrpcConfigKeys (ConfUtils.java:logGet(46)) - raft.grpc.server.leader.outstanding.appends.max = 128 (default)
2023-09-07 04:50:25,726 [c689351a-c011-4280-903e-e1929abe1491@group-85AB1CE9058E-LeaderElection12] INFO  server.RaftServerConfigKeys (ConfUtils.java:logGet(46)) - raft.server.rpc.request.timeout = 60s (custom)
2023-09-07 04:50:25,726 [c689351a-c011-4280-903e-e1929abe1491@group-85AB1CE9058E-LeaderElection12] INFO  grpc.GrpcConfigKeys (ConfUtils.java:logGet(46)) - raft.grpc.server.install_snapshot.request.element-limit = 8 (default)
2023-09-07 04:50:25,726 [c689351a-c011-4280-903e-e1929abe1491@group-85AB1CE9058E-LeaderElection12] INFO  grpc.GrpcConfigKeys (ConfUtils.java:logGet(46)) - raft.grpc.server.install_snapshot.request.timeout = 3000ms (default)
2023-09-07 04:50:25,727 [c689351a-c011-4280-903e-e1929abe1491@group-85AB1CE9058E-LeaderElection12] INFO  server.RaftServerConfigKeys (ConfUtils.java:logGet(46)) - raft.server.log.appender.install.snapshot.enabled = false (custom)
2023-09-07 04:50:25,727 [c689351a-c011-4280-903e-e1929abe1491@group-85AB1CE9058E-LeaderElection12] INFO  grpc.GrpcConfigKeys (ConfUtils.java:logGet(46)) - raft.grpc.server.heartbeat.channel = true (default)
2023-09-07 04:50:25,729 [c689351a-c011-4280-903e-e1929abe1491@group-85AB1CE9058E-LeaderElection12] INFO  server.RaftServerConfigKeys (ConfUtils.java:logGet(46)) - raft.server.log.appender.snapshot.chunk.size.max = 16MB (=16777216) (default)
2023-09-07 04:50:25,729 [c689351a-c011-4280-903e-e1929abe1491@group-85AB1CE9058E-LeaderElection12] INFO  server.RaftServerConfigKeys (ConfUtils.java:logGet(46)) - raft.server.log.appender.buffer.byte-limit = 33554432 (custom)
2023-09-07 04:50:25,729 [c689351a-c011-4280-903e-e1929abe1491@group-85AB1CE9058E-LeaderElection12] INFO  server.RaftServerConfigKeys (ConfUtils.java:logGet(46)) - raft.server.log.appender.buffer.element-limit = 1 (custom)
2023-09-07 04:50:25,729 [c689351a-c011-4280-903e-e1929abe1491@group-85AB1CE9058E-LeaderElection12] INFO  server.RaftServerConfigKeys (ConfUtils.java:logGet(46)) - raft.server.log.appender.wait-time.min = 10ms (default)
2023-09-07 04:50:25,729 [c689351a-c011-4280-903e-e1929abe1491@group-85AB1CE9058E-LeaderElection12] INFO  grpc.GrpcConfigKeys (ConfUtils.java:logGet(46)) - raft.grpc.server.leader.outstanding.appends.max = 128 (default)
2023-09-07 04:50:25,729 [c689351a-c011-4280-903e-e1929abe1491@group-85AB1CE9058E-LeaderElection12] INFO  server.RaftServerConfigKeys (ConfUtils.java:logGet(46)) - raft.server.rpc.request.timeout = 60s (custom)
2023-09-07 04:50:25,729 [c689351a-c011-4280-903e-e1929abe1491@group-85AB1CE9058E-LeaderElection12] INFO  grpc.GrpcConfigKeys (ConfUtils.java:logGet(46)) - raft.grpc.server.install_snapshot.request.element-limit = 8 (default)
2023-09-07 04:50:25,729 [c689351a-c011-4280-903e-e1929abe1491@group-85AB1CE9058E-LeaderElection12] INFO  grpc.GrpcConfigKeys (ConfUtils.java:logGet(46)) - raft.grpc.server.install_snapshot.request.timeout = 3000ms (default)
2023-09-07 04:50:25,729 [c689351a-c011-4280-903e-e1929abe1491@group-85AB1CE9058E-LeaderElection12] INFO  server.RaftServerConfigKeys (ConfUtils.java:logGet(46)) - raft.server.log.appender.install.snapshot.enabled = false (custom)
2023-09-07 04:50:25,729 [c689351a-c011-4280-903e-e1929abe1491@group-85AB1CE9058E-LeaderElection12] INFO  grpc.GrpcConfigKeys (ConfUtils.java:logGet(46)) - raft.grpc.server.heartbeat.channel = true (default)
2023-09-07 04:50:25,730 [c689351a-c011-4280-903e-e1929abe1491@group-85AB1CE9058E-LeaderElection12] INFO  impl.RoleInfo (RoleInfo.java:updateAndGet(139)) - c689351a-c011-4280-903e-e1929abe1491: start c689351a-c011-4280-903e-e1929abe1491@group-85AB1CE9058E-LeaderStateImpl
2023-09-07 04:50:25,731 [c689351a-c011-4280-903e-e1929abe1491@group-85AB1CE9058E-LeaderElection12] INFO  segmented.SegmentedRaftLogWorker (SegmentedRaftLogWorker.java:startLogSegment(447)) - c689351a-c011-4280-903e-e1929abe1491@group-85AB1CE9058E-SegmentedRaftLogWorker: Starting segment from index:0
2023-09-07 04:50:25,732 [c689351a-c011-4280-903e-e1929abe1491@group-85AB1CE9058E-SegmentedRaftLogWorker] INFO  segmented.SegmentedRaftLogWorker (SegmentedRaftLogWorker.java:execute(651)) - c689351a-c011-4280-903e-e1929abe1491@group-85AB1CE9058E-SegmentedRaftLogWorker: created new log segment /home/runner/work/ozone/ozone/hadoop-ozone/integration-test/target/test-dir/MiniOzoneClusterImpl-d344a044-c2aa-46c6-8971-a5e8f3f75c9e/datanode-0/data/ratis/b7b8b19f-bcc4-4b03-9e33-85ab1ce9058e/current/log_inprogress_0
2023-09-07 04:50:25,738 [c689351a-c011-4280-903e-e1929abe1491@group-85AB1CE9058E-LeaderElection12] INFO  server.RaftServer$Division (ServerState.java:setRaftConf(434)) - c689351a-c011-4280-903e-e1929abe1491@group-85AB1CE9058E: set configuration 0: peers:[9f849854-0b93-4d35-a4d9-b273905b7e1f|rpc:10.1.0.9:15076|admin:10.1.0.9:15075|client:10.1.0.9:15074|dataStream:10.1.0.9:15077|priority:0|startupRole:FOLLOWER, 8fe090c8-98a3-4c2e-b58d-35f0bbae16bb|rpc:10.1.0.9:15085|admin:10.1.0.9:15084|client:10.1.0.9:15083|dataStream:10.1.0.9:15086|priority:0|startupRole:FOLLOWER, c689351a-c011-4280-903e-e1929abe1491|rpc:10.1.0.9:15067|admin:10.1.0.9:15066|client:10.1.0.9:15065|dataStream:10.1.0.9:15068|priority:1|startupRole:FOLLOWER]|listeners:[], old=null
2023-09-07 04:50:25,754 [9f849854-0b93-4d35-a4d9-b273905b7e1f-server-thread1] INFO  ratis.XceiverServerRatis (XceiverServerRatis.java:handleLeaderChangedNotification(902)) - Leader change notification received for group: group-85AB1CE9058E with new leaderId: c689351a-c011-4280-903e-e1929abe1491
2023-09-07 04:50:25,755 [9f849854-0b93-4d35-a4d9-b273905b7e1f-server-thread1] INFO  server.RaftServer$Division (ServerState.java:setLeader(317)) - 9f849854-0b93-4d35-a4d9-b273905b7e1f@group-85AB1CE9058E: change Leader from null to c689351a-c011-4280-903e-e1929abe1491 at term 1 for appendEntries, leader elected after 5219ms
2023-09-07 04:50:25,755 [8fe090c8-98a3-4c2e-b58d-35f0bbae16bb-server-thread1] INFO  ratis.XceiverServerRatis (XceiverServerRatis.java:handleLeaderChangedNotification(902)) - Leader change notification received for group: group-85AB1CE9058E with new leaderId: c689351a-c011-4280-903e-e1929abe1491
2023-09-07 04:50:25,755 [8fe090c8-98a3-4c2e-b58d-35f0bbae16bb-server-thread1] INFO  server.RaftServer$Division (ServerState.java:setLeader(317)) - 8fe090c8-98a3-4c2e-b58d-35f0bbae16bb@group-85AB1CE9058E: change Leader from null to c689351a-c011-4280-903e-e1929abe1491 at term 1 for appendEntries, leader elected after 5287ms
2023-09-07 04:50:25,758 [9f849854-0b93-4d35-a4d9-b273905b7e1f-server-thread1] INFO  server.RaftServer$Division (ServerState.java:setRaftConf(434)) - 9f849854-0b93-4d35-a4d9-b273905b7e1f@group-85AB1CE9058E: set configuration 0: peers:[9f849854-0b93-4d35-a4d9-b273905b7e1f|rpc:10.1.0.9:15076|admin:10.1.0.9:15075|client:10.1.0.9:15074|dataStream:10.1.0.9:15077|priority:0|startupRole:FOLLOWER, 8fe090c8-98a3-4c2e-b58d-35f0bbae16bb|rpc:10.1.0.9:15085|admin:10.1.0.9:15084|client:10.1.0.9:15083|dataStream:10.1.0.9:15086|priority:0|startupRole:FOLLOWER, c689351a-c011-4280-903e-e1929abe1491|rpc:10.1.0.9:15067|admin:10.1.0.9:15066|client:10.1.0.9:15065|dataStream:10.1.0.9:15068|priority:1|startupRole:FOLLOWER]|listeners:[], old=null
2023-09-07 04:50:25,759 [9f849854-0b93-4d35-a4d9-b273905b7e1f-server-thread1] INFO  segmented.SegmentedRaftLogWorker (SegmentedRaftLogWorker.java:startLogSegment(447)) - 9f849854-0b93-4d35-a4d9-b273905b7e1f@group-85AB1CE9058E-SegmentedRaftLogWorker: Starting segment from index:0
2023-09-07 04:50:25,768 [9f849854-0b93-4d35-a4d9-b273905b7e1f@group-85AB1CE9058E-SegmentedRaftLogWorker] INFO  segmented.SegmentedRaftLogWorker (SegmentedRaftLogWorker.java:execute(651)) - 9f849854-0b93-4d35-a4d9-b273905b7e1f@group-85AB1CE9058E-SegmentedRaftLogWorker: created new log segment /home/runner/work/ozone/ozone/hadoop-ozone/integration-test/target/test-dir/MiniOzoneClusterImpl-d344a044-c2aa-46c6-8971-a5e8f3f75c9e/datanode-1/data/ratis/b7b8b19f-bcc4-4b03-9e33-85ab1ce9058e/current/log_inprogress_0
2023-09-07 04:50:25,773 [8fe090c8-98a3-4c2e-b58d-35f0bbae16bb-server-thread1] INFO  server.RaftServer$Division (ServerState.java:setRaftConf(434)) - 8fe090c8-98a3-4c2e-b58d-35f0bbae16bb@group-85AB1CE9058E: set configuration 0: peers:[9f849854-0b93-4d35-a4d9-b273905b7e1f|rpc:10.1.0.9:15076|admin:10.1.0.9:15075|client:10.1.0.9:15074|dataStream:10.1.0.9:15077|priority:0|startupRole:FOLLOWER, 8fe090c8-98a3-4c2e-b58d-35f0bbae16bb|rpc:10.1.0.9:15085|admin:10.1.0.9:15084|client:10.1.0.9:15083|dataStream:10.1.0.9:15086|priority:0|startupRole:FOLLOWER, c689351a-c011-4280-903e-e1929abe1491|rpc:10.1.0.9:15067|admin:10.1.0.9:15066|client:10.1.0.9:15065|dataStream:10.1.0.9:15068|priority:1|startupRole:FOLLOWER]|listeners:[], old=null
2023-09-07 04:50:25,773 [8fe090c8-98a3-4c2e-b58d-35f0bbae16bb-server-thread1] INFO  segmented.SegmentedRaftLogWorker (SegmentedRaftLogWorker.java:startLogSegment(447)) - 8fe090c8-98a3-4c2e-b58d-35f0bbae16bb@group-85AB1CE9058E-SegmentedRaftLogWorker: Starting segment from index:0
2023-09-07 04:50:25,775 [8fe090c8-98a3-4c2e-b58d-35f0bbae16bb@group-85AB1CE9058E-SegmentedRaftLogWorker] INFO  segmented.SegmentedRaftLogWorker (SegmentedRaftLogWorker.java:execute(651)) - 8fe090c8-98a3-4c2e-b58d-35f0bbae16bb@group-85AB1CE9058E-SegmentedRaftLogWorker: created new log segment /home/runner/work/ozone/ozone/hadoop-ozone/integration-test/target/test-dir/MiniOzoneClusterImpl-d344a044-c2aa-46c6-8971-a5e8f3f75c9e/datanode-2/data/ratis/b7b8b19f-bcc4-4b03-9e33-85ab1ce9058e/current/log_inprogress_0
2023-09-07 04:50:25,805 [8fe090c8-98a3-4c2e-b58d-35f0bbae16bb@group-C77B99C35E72-FollowerState] INFO  impl.FollowerState (FollowerState.java:run(143)) - 8fe090c8-98a3-4c2e-b58d-35f0bbae16bb@group-C77B99C35E72-FollowerState: change to CANDIDATE, lastRpcElapsedTime:5008311483ns, electionTimeout:5006ms
2023-09-07 04:50:25,805 [8fe090c8-98a3-4c2e-b58d-35f0bbae16bb@group-C77B99C35E72-FollowerState] INFO  impl.RoleInfo (RoleInfo.java:shutdownFollowerState(110)) - 8fe090c8-98a3-4c2e-b58d-35f0bbae16bb: shutdown 8fe090c8-98a3-4c2e-b58d-35f0bbae16bb@group-C77B99C35E72-FollowerState
2023-09-07 04:50:25,805 [8fe090c8-98a3-4c2e-b58d-35f0bbae16bb@group-C77B99C35E72-FollowerState] INFO  server.RaftServer$Division (RaftServerImpl.java:setRole(329)) - 8fe090c8-98a3-4c2e-b58d-35f0bbae16bb@group-C77B99C35E72: changes role from  FOLLOWER to CANDIDATE at term 0 for changeToCandidate
2023-09-07 04:50:25,805 [8fe090c8-98a3-4c2e-b58d-35f0bbae16bb@group-C77B99C35E72-FollowerState] INFO  server.RaftServerConfigKeys (ConfUtils.java:logGet(46)) - raft.server.leaderelection.pre-vote = true (default)
2023-09-07 04:50:25,805 [8fe090c8-98a3-4c2e-b58d-35f0bbae16bb@group-C77B99C35E72-FollowerState] INFO  impl.RoleInfo (RoleInfo.java:updateAndGet(139)) - 8fe090c8-98a3-4c2e-b58d-35f0bbae16bb: start 8fe090c8-98a3-4c2e-b58d-35f0bbae16bb@group-C77B99C35E72-LeaderElection14
2023-09-07 04:50:25,807 [8fe090c8-98a3-4c2e-b58d-35f0bbae16bb@group-C77B99C35E72-LeaderElection14] INFO  impl.LeaderElection (LeaderElection.java:askForVotes(321)) - 8fe090c8-98a3-4c2e-b58d-35f0bbae16bb@group-C77B99C35E72-LeaderElection14 PRE_VOTE round 0: submit vote requests at term 0 for -1: peers:[9f849854-0b93-4d35-a4d9-b273905b7e1f|rpc:10.1.0.9:15076|admin:10.1.0.9:15075|client:10.1.0.9:15074|dataStream:10.1.0.9:15077|priority:1|startupRole:FOLLOWER, 8fe090c8-98a3-4c2e-b58d-35f0bbae16bb|rpc:10.1.0.9:15085|admin:10.1.0.9:15084|client:10.1.0.9:15083|dataStream:10.1.0.9:15086|priority:0|startupRole:FOLLOWER, c689351a-c011-4280-903e-e1929abe1491|rpc:10.1.0.9:15067|admin:10.1.0.9:15066|client:10.1.0.9:15065|dataStream:10.1.0.9:15068|priority:0|startupRole:FOLLOWER]|listeners:[], old=null
2023-09-07 04:50:25,809 [8fe090c8-98a3-4c2e-b58d-35f0bbae16bb@group-C77B99C35E72-LeaderElection14] INFO  server.RaftServerConfigKeys (ConfUtils.java:logFallback(53)) - raft.server.rpc.first-election.timeout.min = 5s (fallback to raft.server.rpc.timeout.min)
2023-09-07 04:50:25,809 [8fe090c8-98a3-4c2e-b58d-35f0bbae16bb@group-C77B99C35E72-LeaderElection14] INFO  server.RaftServerConfigKeys (ConfUtils.java:logFallback(53)) - raft.server.rpc.first-election.timeout.max = 5200ms (fallback to raft.server.rpc.timeout.max)
2023-09-07 04:50:25,812 [grpc-default-executor-3] INFO  server.RaftServer$Division (RaftServerImpl.java:requestVote(1302)) - 9f849854-0b93-4d35-a4d9-b273905b7e1f@group-C77B99C35E72: receive requestVote(PRE_VOTE, 8fe090c8-98a3-4c2e-b58d-35f0bbae16bb, group-C77B99C35E72, 0, (t:0, i:0))
2023-09-07 04:50:25,812 [grpc-default-executor-3] INFO  impl.VoteContext (VoteContext.java:log(49)) - 9f849854-0b93-4d35-a4d9-b273905b7e1f@group-C77B99C35E72-FOLLOWER: reject PRE_VOTE from 8fe090c8-98a3-4c2e-b58d-35f0bbae16bb: our priority 1 > candidate's priority 0
2023-09-07 04:50:25,812 [grpc-default-executor-3] INFO  server.RaftServer$Division (RaftServerImpl.java:requestVote(1335)) - 9f849854-0b93-4d35-a4d9-b273905b7e1f@group-C77B99C35E72 replies to PRE_VOTE vote request: 8fe090c8-98a3-4c2e-b58d-35f0bbae16bb<-9f849854-0b93-4d35-a4d9-b273905b7e1f#0:FAIL-t0. Peer's state: 9f849854-0b93-4d35-a4d9-b273905b7e1f@group-C77B99C35E72:t0, leader=null, voted=, raftlog=Memoized:9f849854-0b93-4d35-a4d9-b273905b7e1f@group-C77B99C35E72-SegmentedRaftLog:OPENED:c-1, conf=-1: peers:[9f849854-0b93-4d35-a4d9-b273905b7e1f|rpc:10.1.0.9:15076|admin:10.1.0.9:15075|client:10.1.0.9:15074|dataStream:10.1.0.9:15077|priority:1|startupRole:FOLLOWER, 8fe090c8-98a3-4c2e-b58d-35f0bbae16bb|rpc:10.1.0.9:15085|admin:10.1.0.9:15084|client:10.1.0.9:15083|dataStream:10.1.0.9:15086|priority:0|startupRole:FOLLOWER, c689351a-c011-4280-903e-e1929abe1491|rpc:10.1.0.9:15067|admin:10.1.0.9:15066|client:10.1.0.9:15065|dataStream:10.1.0.9:15068|priority:0|startupRole:FOLLOWER]|listeners:[], old=null
2023-09-07 04:50:25,813 [8fe090c8-98a3-4c2e-b58d-35f0bbae16bb@group-C77B99C35E72-LeaderElection14] INFO  impl.LeaderElection (LeaderElection.java:logAndReturn(90)) - 8fe090c8-98a3-4c2e-b58d-35f0bbae16bb@group-C77B99C35E72-LeaderElection14: PRE_VOTE REJECTED received 1 response(s) and 0 exception(s):
2023-09-07 04:50:25,813 [8fe090c8-98a3-4c2e-b58d-35f0bbae16bb@group-C77B99C35E72-LeaderElection14] INFO  impl.LeaderElection (LeaderElection.java:logAndReturn(94)) -   Response 0: 8fe090c8-98a3-4c2e-b58d-35f0bbae16bb<-9f849854-0b93-4d35-a4d9-b273905b7e1f#0:FAIL-t0
2023-09-07 04:50:25,813 [8fe090c8-98a3-4c2e-b58d-35f0bbae16bb@group-C77B99C35E72-LeaderElection14] INFO  impl.LeaderElection (LeaderElection.java:askForVotes(323)) - 8fe090c8-98a3-4c2e-b58d-35f0bbae16bb@group-C77B99C35E72-LeaderElection14 PRE_VOTE round 0: result REJECTED
2023-09-07 04:50:25,814 [8fe090c8-98a3-4c2e-b58d-35f0bbae16bb@group-C77B99C35E72-LeaderElection14] INFO  server.RaftServer$Division (RaftServerImpl.java:setRole(329)) - 8fe090c8-98a3-4c2e-b58d-35f0bbae16bb@group-C77B99C35E72: changes role from CANDIDATE to FOLLOWER at term 0 for REJECTED
2023-09-07 04:50:25,814 [8fe090c8-98a3-4c2e-b58d-35f0bbae16bb@group-C77B99C35E72-LeaderElection14] INFO  impl.RoleInfo (RoleInfo.java:shutdownLeaderElection(130)) - 8fe090c8-98a3-4c2e-b58d-35f0bbae16bb: shutdown 8fe090c8-98a3-4c2e-b58d-35f0bbae16bb@group-C77B99C35E72-LeaderElection14
2023-09-07 04:50:25,814 [8fe090c8-98a3-4c2e-b58d-35f0bbae16bb@group-C77B99C35E72-LeaderElection14] INFO  impl.RoleInfo (RoleInfo.java:updateAndGet(139)) - 8fe090c8-98a3-4c2e-b58d-35f0bbae16bb: start 8fe090c8-98a3-4c2e-b58d-35f0bbae16bb@group-C77B99C35E72-FollowerState
2023-09-07 04:50:25,823 [grpc-default-executor-3] INFO  server.RaftServer$Division (RaftServerImpl.java:requestVote(1302)) - c689351a-c011-4280-903e-e1929abe1491@group-C77B99C35E72: receive requestVote(PRE_VOTE, 8fe090c8-98a3-4c2e-b58d-35f0bbae16bb, group-C77B99C35E72, 0, (t:0, i:0))
2023-09-07 04:50:25,824 [grpc-default-executor-3] INFO  impl.VoteContext (VoteContext.java:log(49)) - c689351a-c011-4280-903e-e1929abe1491@group-C77B99C35E72-FOLLOWER: accept PRE_VOTE from 8fe090c8-98a3-4c2e-b58d-35f0bbae16bb: our priority 0 <= candidate's priority 0
2023-09-07 04:50:25,824 [grpc-default-executor-3] INFO  server.RaftServer$Division (RaftServerImpl.java:requestVote(1335)) - c689351a-c011-4280-903e-e1929abe1491@group-C77B99C35E72 replies to PRE_VOTE vote request: 8fe090c8-98a3-4c2e-b58d-35f0bbae16bb<-c689351a-c011-4280-903e-e1929abe1491#0:OK-t0. Peer's state: c689351a-c011-4280-903e-e1929abe1491@group-C77B99C35E72:t0, leader=null, voted=, raftlog=Memoized:c689351a-c011-4280-903e-e1929abe1491@group-C77B99C35E72-SegmentedRaftLog:OPENED:c-1, conf=-1: peers:[9f849854-0b93-4d35-a4d9-b273905b7e1f|rpc:10.1.0.9:15076|admin:10.1.0.9:15075|client:10.1.0.9:15074|dataStream:10.1.0.9:15077|priority:1|startupRole:FOLLOWER, 8fe090c8-98a3-4c2e-b58d-35f0bbae16bb|rpc:10.1.0.9:15085|admin:10.1.0.9:15084|client:10.1.0.9:15083|dataStream:10.1.0.9:15086|priority:0|startupRole:FOLLOWER, c689351a-c011-4280-903e-e1929abe1491|rpc:10.1.0.9:15067|admin:10.1.0.9:15066|client:10.1.0.9:15065|dataStream:10.1.0.9:15068|priority:0|startupRole:FOLLOWER]|listeners:[], old=null
2023-09-07 04:50:25,915 [c689351a-c011-4280-903e-e1929abe1491@group-C77B99C35E72-FollowerState] INFO  server.RaftServerConfigKeys (ConfUtils.java:logFallback(53)) - raft.server.rpc.first-election.timeout.min = 5s (fallback to raft.server.rpc.timeout.min)
2023-09-07 04:50:25,916 [c689351a-c011-4280-903e-e1929abe1491@group-C77B99C35E72-FollowerState] INFO  server.RaftServerConfigKeys (ConfUtils.java:logFallback(53)) - raft.server.rpc.first-election.timeout.max = 5200ms (fallback to raft.server.rpc.timeout.max)
2023-09-07 04:50:25,945 [main] INFO  ozone.MiniOzoneClusterImpl (MiniOzoneClusterImpl.java:lambda$waitForClusterToBeReady$0(224)) - Nodes are ready. Got 5 of 5 DN Heartbeats.
2023-09-07 04:50:25,945 [main] INFO  ozone.MiniOzoneClusterImpl (MiniOzoneClusterImpl.java:lambda$waitForClusterToBeReady$0(227)) - Cluster exits safe mode
2023-09-07 04:50:25,945 [main] INFO  ozone.MiniOzoneClusterImpl (MiniOzoneClusterImpl.java:lambda$waitForClusterToBeReady$0(229)) - SCM became leader
2023-09-07 04:50:25,981 [9f849854-0b93-4d35-a4d9-b273905b7e1f@group-94C7CB4EFF97-FollowerState] INFO  impl.FollowerState (FollowerState.java:run(143)) - 9f849854-0b93-4d35-a4d9-b273905b7e1f@group-94C7CB4EFF97-FollowerState: change to CANDIDATE, lastRpcElapsedTime:5186749161ns, electionTimeout:5185ms
2023-09-07 04:50:25,982 [9f849854-0b93-4d35-a4d9-b273905b7e1f@group-94C7CB4EFF97-FollowerState] INFO  impl.RoleInfo (RoleInfo.java:shutdownFollowerState(110)) - 9f849854-0b93-4d35-a4d9-b273905b7e1f: shutdown 9f849854-0b93-4d35-a4d9-b273905b7e1f@group-94C7CB4EFF97-FollowerState
2023-09-07 04:50:25,982 [9f849854-0b93-4d35-a4d9-b273905b7e1f@group-94C7CB4EFF97-FollowerState] INFO  server.RaftServer$Division (RaftServerImpl.java:setRole(329)) - 9f849854-0b93-4d35-a4d9-b273905b7e1f@group-94C7CB4EFF97: changes role from  FOLLOWER to CANDIDATE at term 0 for changeToCandidate
2023-09-07 04:50:25,985 [9f849854-0b93-4d35-a4d9-b273905b7e1f@group-94C7CB4EFF97-FollowerState] INFO  server.RaftServerConfigKeys (ConfUtils.java:logGet(46)) - raft.server.leaderelection.pre-vote = true (default)
2023-09-07 04:50:25,985 [9f849854-0b93-4d35-a4d9-b273905b7e1f@group-94C7CB4EFF97-FollowerState] INFO  impl.RoleInfo (RoleInfo.java:updateAndGet(139)) - 9f849854-0b93-4d35-a4d9-b273905b7e1f: start 9f849854-0b93-4d35-a4d9-b273905b7e1f@group-94C7CB4EFF97-LeaderElection15
2023-09-07 04:50:25,991 [9f849854-0b93-4d35-a4d9-b273905b7e1f@group-C77B99C35E72-FollowerState] INFO  impl.FollowerState (FollowerState.java:run(143)) - 9f849854-0b93-4d35-a4d9-b273905b7e1f@group-C77B99C35E72-FollowerState: change to CANDIDATE, lastRpcElapsedTime:5151579668ns, electionTimeout:5138ms
2023-09-07 04:50:26,004 [9f849854-0b93-4d35-a4d9-b273905b7e1f@group-C77B99C35E72-FollowerState] INFO  impl.RoleInfo (RoleInfo.java:shutdownFollowerState(110)) - 9f849854-0b93-4d35-a4d9-b273905b7e1f: shutdown 9f849854-0b93-4d35-a4d9-b273905b7e1f@group-C77B99C35E72-FollowerState
2023-09-07 04:50:26,004 [9f849854-0b93-4d35-a4d9-b273905b7e1f@group-C77B99C35E72-FollowerState] INFO  server.RaftServer$Division (RaftServerImpl.java:setRole(329)) - 9f849854-0b93-4d35-a4d9-b273905b7e1f@group-C77B99C35E72: changes role from  FOLLOWER to CANDIDATE at term 0 for changeToCandidate
2023-09-07 04:50:26,004 [9f849854-0b93-4d35-a4d9-b273905b7e1f@group-C77B99C35E72-FollowerState] INFO  server.RaftServerConfigKeys (ConfUtils.java:logGet(46)) - raft.server.leaderelection.pre-vote = true (default)
2023-09-07 04:50:26,005 [9f849854-0b93-4d35-a4d9-b273905b7e1f@group-C77B99C35E72-FollowerState] INFO  impl.RoleInfo (RoleInfo.java:updateAndGet(139)) - 9f849854-0b93-4d35-a4d9-b273905b7e1f: start 9f849854-0b93-4d35-a4d9-b273905b7e1f@group-C77B99C35E72-LeaderElection16
2023-09-07 04:50:26,005 [9f849854-0b93-4d35-a4d9-b273905b7e1f@group-94C7CB4EFF97-LeaderElection15] INFO  impl.LeaderElection (LeaderElection.java:askForVotes(321)) - 9f849854-0b93-4d35-a4d9-b273905b7e1f@group-94C7CB4EFF97-LeaderElection15 PRE_VOTE round 0: submit vote requests at term 0 for -1: peers:[9f849854-0b93-4d35-a4d9-b273905b7e1f|rpc:10.1.0.9:15076|admin:10.1.0.9:15075|client:10.1.0.9:15074|dataStream:10.1.0.9:15077|priority:1|startupRole:FOLLOWER]|listeners:[], old=null
2023-09-07 04:50:26,005 [9f849854-0b93-4d35-a4d9-b273905b7e1f@group-C77B99C35E72-LeaderElection16] INFO  impl.LeaderElection (LeaderElection.java:askForVotes(321)) - 9f849854-0b93-4d35-a4d9-b273905b7e1f@group-C77B99C35E72-LeaderElection16 PRE_VOTE round 0: submit vote requests at term 0 for -1: peers:[9f849854-0b93-4d35-a4d9-b273905b7e1f|rpc:10.1.0.9:15076|admin:10.1.0.9:15075|client:10.1.0.9:15074|dataStream:10.1.0.9:15077|priority:1|startupRole:FOLLOWER, 8fe090c8-98a3-4c2e-b58d-35f0bbae16bb|rpc:10.1.0.9:15085|admin:10.1.0.9:15084|client:10.1.0.9:15083|dataStream:10.1.0.9:15086|priority:0|startupRole:FOLLOWER, c689351a-c011-4280-903e-e1929abe1491|rpc:10.1.0.9:15067|admin:10.1.0.9:15066|client:10.1.0.9:15065|dataStream:10.1.0.9:15068|priority:0|startupRole:FOLLOWER]|listeners:[], old=null
2023-09-07 04:50:26,005 [main] INFO  rpc.RpcClient (RpcClient.java:createVolume(461)) - Creating Volume: volume43692, with user60428 as owner and space quota set to -1 bytes, counts quota set to -1
2023-09-07 04:50:26,005 [9f849854-0b93-4d35-a4d9-b273905b7e1f@group-94C7CB4EFF97-LeaderElection15] INFO  impl.LeaderElection (LeaderElection.java:askForVotes(323)) - 9f849854-0b93-4d35-a4d9-b273905b7e1f@group-94C7CB4EFF97-LeaderElection15 PRE_VOTE round 0: result PASSED (term=0)
2023-09-07 04:50:26,008 [IPC Server handler 19 on default port 15057] INFO  volume.OMVolumeCreateRequest (OMVolumeCreateRequest.java:validateAndUpdateCache(196)) - created volume:volume43692 for user:user60428
2023-09-07 04:50:26,008 [9f849854-0b93-4d35-a4d9-b273905b7e1f@group-94C7CB4EFF97-LeaderElection15] INFO  impl.LeaderElection (LeaderElection.java:askForVotes(321)) - 9f849854-0b93-4d35-a4d9-b273905b7e1f@group-94C7CB4EFF97-LeaderElection15 ELECTION round 0: submit vote requests at term 1 for -1: peers:[9f849854-0b93-4d35-a4d9-b273905b7e1f|rpc:10.1.0.9:15076|admin:10.1.0.9:15075|client:10.1.0.9:15074|dataStream:10.1.0.9:15077|priority:1|startupRole:FOLLOWER]|listeners:[], old=null
2023-09-07 04:50:26,008 [9f849854-0b93-4d35-a4d9-b273905b7e1f@group-94C7CB4EFF97-LeaderElection15] INFO  impl.LeaderElection (LeaderElection.java:askForVotes(323)) - 9f849854-0b93-4d35-a4d9-b273905b7e1f@group-94C7CB4EFF97-LeaderElection15 ELECTION round 0: result PASSED (term=1)
2023-09-07 04:50:26,008 [9f849854-0b93-4d35-a4d9-b273905b7e1f@group-94C7CB4EFF97-LeaderElection15] INFO  impl.RoleInfo (RoleInfo.java:shutdownLeaderElection(130)) - 9f849854-0b93-4d35-a4d9-b273905b7e1f: shutdown 9f849854-0b93-4d35-a4d9-b273905b7e1f@group-94C7CB4EFF97-LeaderElection15
2023-09-07 04:50:26,008 [9f849854-0b93-4d35-a4d9-b273905b7e1f@group-94C7CB4EFF97-LeaderElection15] INFO  server.RaftServer$Division (RaftServerImpl.java:setRole(329)) - 9f849854-0b93-4d35-a4d9-b273905b7e1f@group-94C7CB4EFF97: changes role from CANDIDATE to LEADER at term 1 for changeToLeader
2023-09-07 04:50:26,008 [9f849854-0b93-4d35-a4d9-b273905b7e1f@group-94C7CB4EFF97-LeaderElection15] INFO  ratis.XceiverServerRatis (XceiverServerRatis.java:handleLeaderChangedNotification(902)) - Leader change notification received for group: group-94C7CB4EFF97 with new leaderId: 9f849854-0b93-4d35-a4d9-b273905b7e1f
2023-09-07 04:50:26,019 [9f849854-0b93-4d35-a4d9-b273905b7e1f@group-94C7CB4EFF97-LeaderElection15] INFO  server.RaftServer$Division (ServerState.java:setLeader(317)) - 9f849854-0b93-4d35-a4d9-b273905b7e1f@group-94C7CB4EFF97: change Leader from null to 9f849854-0b93-4d35-a4d9-b273905b7e1f at term 1 for becomeLeader, leader elected after 5249ms
2023-09-07 04:50:26,019 [9f849854-0b93-4d35-a4d9-b273905b7e1f@group-94C7CB4EFF97-LeaderElection15] INFO  server.RaftServerConfigKeys (ConfUtils.java:logGet(46)) - raft.server.staging.catchup.gap = 1000 (default)
2023-09-07 04:50:26,024 [9f849854-0b93-4d35-a4d9-b273905b7e1f@group-C77B99C35E72-LeaderElection16] INFO  server.RaftServerConfigKeys (ConfUtils.java:logFallback(53)) - raft.server.rpc.first-election.timeout.min = 5s (fallback to raft.server.rpc.timeout.min)
2023-09-07 04:50:26,024 [grpc-default-executor-3] INFO  server.RaftServer$Division (RaftServerImpl.java:requestVote(1302)) - 8fe090c8-98a3-4c2e-b58d-35f0bbae16bb@group-C77B99C35E72: receive requestVote(PRE_VOTE, 9f849854-0b93-4d35-a4d9-b273905b7e1f, group-C77B99C35E72, 0, (t:0, i:0))
2023-09-07 04:50:26,024 [grpc-default-executor-3] INFO  impl.VoteContext (VoteContext.java:log(49)) - 8fe090c8-98a3-4c2e-b58d-35f0bbae16bb@group-C77B99C35E72-FOLLOWER: accept PRE_VOTE from 9f849854-0b93-4d35-a4d9-b273905b7e1f: our priority 0 <= candidate's priority 1
2023-09-07 04:50:26,024 [grpc-default-executor-3] INFO  server.RaftServer$Division (RaftServerImpl.java:requestVote(1335)) - 8fe090c8-98a3-4c2e-b58d-35f0bbae16bb@group-C77B99C35E72 replies to PRE_VOTE vote request: 9f849854-0b93-4d35-a4d9-b273905b7e1f<-8fe090c8-98a3-4c2e-b58d-35f0bbae16bb#0:OK-t0. Peer's state: 8fe090c8-98a3-4c2e-b58d-35f0bbae16bb@group-C77B99C35E72:t0, leader=null, voted=, raftlog=Memoized:8fe090c8-98a3-4c2e-b58d-35f0bbae16bb@group-C77B99C35E72-SegmentedRaftLog:OPENED:c-1, conf=-1: peers:[9f849854-0b93-4d35-a4d9-b273905b7e1f|rpc:10.1.0.9:15076|admin:10.1.0.9:15075|client:10.1.0.9:15074|dataStream:10.1.0.9:15077|priority:1|startupRole:FOLLOWER, 8fe090c8-98a3-4c2e-b58d-35f0bbae16bb|rpc:10.1.0.9:15085|admin:10.1.0.9:15084|client:10.1.0.9:15083|dataStream:10.1.0.9:15086|priority:0|startupRole:FOLLOWER, c689351a-c011-4280-903e-e1929abe1491|rpc:10.1.0.9:15067|admin:10.1.0.9:15066|client:10.1.0.9:15065|dataStream:10.1.0.9:15068|priority:0|startupRole:FOLLOWER]|listeners:[], old=null
2023-09-07 04:50:26,024 [9f849854-0b93-4d35-a4d9-b273905b7e1f@group-C77B99C35E72-LeaderElection16] INFO  server.RaftServerConfigKeys (ConfUtils.java:logFallback(53)) - raft.server.rpc.first-election.timeout.max = 5200ms (fallback to raft.server.rpc.timeout.max)
2023-09-07 04:50:26,029 [9f849854-0b93-4d35-a4d9-b273905b7e1f@group-C77B99C35E72-LeaderElection16] INFO  impl.LeaderElection (LeaderElection.java:logAndReturn(90)) - 9f849854-0b93-4d35-a4d9-b273905b7e1f@group-C77B99C35E72-LeaderElection16: PRE_VOTE PASSED received 1 response(s) and 0 exception(s):
2023-09-07 04:50:26,029 [9f849854-0b93-4d35-a4d9-b273905b7e1f@group-C77B99C35E72-LeaderElection16] INFO  impl.LeaderElection (LeaderElection.java:logAndReturn(94)) -   Response 0: 9f849854-0b93-4d35-a4d9-b273905b7e1f<-8fe090c8-98a3-4c2e-b58d-35f0bbae16bb#0:OK-t0
2023-09-07 04:50:26,029 [9f849854-0b93-4d35-a4d9-b273905b7e1f@group-C77B99C35E72-LeaderElection16] INFO  impl.LeaderElection (LeaderElection.java:askForVotes(323)) - 9f849854-0b93-4d35-a4d9-b273905b7e1f@group-C77B99C35E72-LeaderElection16 PRE_VOTE round 0: result PASSED
2023-09-07 04:50:26,030 [9f849854-0b93-4d35-a4d9-b273905b7e1f@group-94C7CB4EFF97-LeaderElection15] INFO  server.RaftServerConfigKeys (ConfUtils.java:logGet(46)) - raft.server.write.element-limit = 1024 (custom)
2023-09-07 04:50:26,030 [9f849854-0b93-4d35-a4d9-b273905b7e1f@group-94C7CB4EFF97-LeaderElection15] INFO  server.RaftServerConfigKeys (ConfUtils.java:logGet(46)) - raft.server.write.byte-limit = 1024 M (=1073741824) (custom)
2023-09-07 04:50:26,030 [9f849854-0b93-4d35-a4d9-b273905b7e1f@group-94C7CB4EFF97-LeaderElection15] INFO  server.RaftServerConfigKeys (ConfUtils.java:logGet(46)) - raft.server.watch.timeout = 180s (custom)
2023-09-07 04:50:26,030 [grpc-default-executor-3] INFO  server.RaftServer$Division (RaftServerImpl.java:requestVote(1302)) - c689351a-c011-4280-903e-e1929abe1491@group-C77B99C35E72: receive requestVote(PRE_VOTE, 9f849854-0b93-4d35-a4d9-b273905b7e1f, group-C77B99C35E72, 0, (t:0, i:0))
2023-09-07 04:50:26,031 [grpc-default-executor-3] INFO  impl.VoteContext (VoteContext.java:log(49)) - c689351a-c011-4280-903e-e1929abe1491@group-C77B99C35E72-FOLLOWER: accept PRE_VOTE from 9f849854-0b93-4d35-a4d9-b273905b7e1f: our priority 0 <= candidate's priority 1
2023-09-07 04:50:26,031 [grpc-default-executor-3] INFO  server.RaftServer$Division (RaftServerImpl.java:requestVote(1335)) - c689351a-c011-4280-903e-e1929abe1491@group-C77B99C35E72 replies to PRE_VOTE vote request: 9f849854-0b93-4d35-a4d9-b273905b7e1f<-c689351a-c011-4280-903e-e1929abe1491#0:OK-t0. Peer's state: c689351a-c011-4280-903e-e1929abe1491@group-C77B99C35E72:t0, leader=null, voted=, raftlog=Memoized:c689351a-c011-4280-903e-e1929abe1491@group-C77B99C35E72-SegmentedRaftLog:OPENED:c-1, conf=-1: peers:[9f849854-0b93-4d35-a4d9-b273905b7e1f|rpc:10.1.0.9:15076|admin:10.1.0.9:15075|client:10.1.0.9:15074|dataStream:10.1.0.9:15077|priority:1|startupRole:FOLLOWER, 8fe090c8-98a3-4c2e-b58d-35f0bbae16bb|rpc:10.1.0.9:15085|admin:10.1.0.9:15084|client:10.1.0.9:15083|dataStream:10.1.0.9:15086|priority:0|startupRole:FOLLOWER, c689351a-c011-4280-903e-e1929abe1491|rpc:10.1.0.9:15067|admin:10.1.0.9:15066|client:10.1.0.9:15065|dataStream:10.1.0.9:15068|priority:0|startupRole:FOLLOWER]|listeners:[], old=null
2023-09-07 04:50:26,032 [9f849854-0b93-4d35-a4d9-b273905b7e1f@group-C77B99C35E72-LeaderElection16] INFO  impl.LeaderElection (LeaderElection.java:askForVotes(321)) - 9f849854-0b93-4d35-a4d9-b273905b7e1f@group-C77B99C35E72-LeaderElection16 ELECTION round 0: submit vote requests at term 1 for -1: peers:[9f849854-0b93-4d35-a4d9-b273905b7e1f|rpc:10.1.0.9:15076|admin:10.1.0.9:15075|client:10.1.0.9:15074|dataStream:10.1.0.9:15077|priority:1|startupRole:FOLLOWER, 8fe090c8-98a3-4c2e-b58d-35f0bbae16bb|rpc:10.1.0.9:15085|admin:10.1.0.9:15084|client:10.1.0.9:15083|dataStream:10.1.0.9:15086|priority:0|startupRole:FOLLOWER, c689351a-c011-4280-903e-e1929abe1491|rpc:10.1.0.9:15067|admin:10.1.0.9:15066|client:10.1.0.9:15065|dataStream:10.1.0.9:15068|priority:0|startupRole:FOLLOWER]|listeners:[], old=null
2023-09-07 04:50:26,030 [9f849854-0b93-4d35-a4d9-b273905b7e1f@group-94C7CB4EFF97-LeaderElection15] INFO  server.RaftServerConfigKeys (ConfUtils.java:logGet(46)) - raft.server.watch.timeout.denomination = 1s (default)
2023-09-07 04:50:26,034 [9f849854-0b93-4d35-a4d9-b273905b7e1f@group-94C7CB4EFF97-LeaderElection15] INFO  server.RaftServerConfigKeys (ConfUtils.java:logGet(46)) - raft.server.watch.element-limit = 65536 (default)
2023-09-07 04:50:26,035 [9f849854-0b93-4d35-a4d9-b273905b7e1f@group-94C7CB4EFF97-LeaderElection15] INFO  server.RaftServerConfigKeys (ConfUtils.java:logGet(46)) - raft.server.write.element-limit = 1024 (custom)
2023-09-07 04:50:26,035 [9f849854-0b93-4d35-a4d9-b273905b7e1f@group-94C7CB4EFF97-LeaderElection15] INFO  server.RaftServerConfigKeys (ConfUtils.java:logGet(46)) - raft.server.write.follower.gap.ratio.max = -1.0 (default)
2023-09-07 04:50:26,035 [9f849854-0b93-4d35-a4d9-b273905b7e1f@group-94C7CB4EFF97-LeaderElection15] INFO  impl.RoleInfo (RoleInfo.java:updateAndGet(139)) - 9f849854-0b93-4d35-a4d9-b273905b7e1f: start 9f849854-0b93-4d35-a4d9-b273905b7e1f@group-94C7CB4EFF97-LeaderStateImpl
2023-09-07 04:50:26,035 [9f849854-0b93-4d35-a4d9-b273905b7e1f@group-94C7CB4EFF97-LeaderElection15] INFO  segmented.SegmentedRaftLogWorker (SegmentedRaftLogWorker.java:startLogSegment(447)) - 9f849854-0b93-4d35-a4d9-b273905b7e1f@group-94C7CB4EFF97-SegmentedRaftLogWorker: Starting segment from index:0
2023-09-07 04:50:26,036 [9f849854-0b93-4d35-a4d9-b273905b7e1f@group-C77B99C35E72-LeaderElection16] INFO  server.RaftServerConfigKeys (ConfUtils.java:logFallback(53)) - raft.server.rpc.first-election.timeout.min = 5s (fallback to raft.server.rpc.timeout.min)
2023-09-07 04:50:26,036 [9f849854-0b93-4d35-a4d9-b273905b7e1f@group-C77B99C35E72-LeaderElection16] INFO  server.RaftServerConfigKeys (ConfUtils.java:logFallback(53)) - raft.server.rpc.first-election.timeout.max = 5200ms (fallback to raft.server.rpc.timeout.max)
2023-09-07 04:50:26,049 [grpc-default-executor-3] INFO  server.RaftServer$Division (RaftServerImpl.java:requestVote(1302)) - 8fe090c8-98a3-4c2e-b58d-35f0bbae16bb@group-C77B99C35E72: receive requestVote(ELECTION, 9f849854-0b93-4d35-a4d9-b273905b7e1f, group-C77B99C35E72, 1, (t:0, i:0))
2023-09-07 04:50:26,049 [grpc-default-executor-3] INFO  impl.VoteContext (VoteContext.java:log(49)) - 8fe090c8-98a3-4c2e-b58d-35f0bbae16bb@group-C77B99C35E72-FOLLOWER: accept ELECTION from 9f849854-0b93-4d35-a4d9-b273905b7e1f: our priority 0 <= candidate's priority 1
2023-09-07 04:50:26,049 [grpc-default-executor-3] INFO  server.RaftServer$Division (RaftServerImpl.java:setRole(329)) - 8fe090c8-98a3-4c2e-b58d-35f0bbae16bb@group-C77B99C35E72: changes role from  FOLLOWER to FOLLOWER at term 1 for candidate:9f849854-0b93-4d35-a4d9-b273905b7e1f
2023-09-07 04:50:26,049 [grpc-default-executor-3] INFO  impl.RoleInfo (RoleInfo.java:shutdownFollowerState(110)) - 8fe090c8-98a3-4c2e-b58d-35f0bbae16bb: shutdown 8fe090c8-98a3-4c2e-b58d-35f0bbae16bb@group-C77B99C35E72-FollowerState
2023-09-07 04:50:26,049 [grpc-default-executor-3] INFO  impl.RoleInfo (RoleInfo.java:updateAndGet(139)) - 8fe090c8-98a3-4c2e-b58d-35f0bbae16bb: start 8fe090c8-98a3-4c2e-b58d-35f0bbae16bb@group-C77B99C35E72-FollowerState
2023-09-07 04:50:26,050 [8fe090c8-98a3-4c2e-b58d-35f0bbae16bb@group-C77B99C35E72-FollowerState] INFO  impl.FollowerState (FollowerState.java:run(152)) - 8fe090c8-98a3-4c2e-b58d-35f0bbae16bb@group-C77B99C35E72-FollowerState was interrupted
2023-09-07 04:50:26,062 [9f849854-0b93-4d35-a4d9-b273905b7e1f@group-94C7CB4EFF97-LeaderElection15] INFO  server.RaftServer$Division (ServerState.java:setRaftConf(434)) - 9f849854-0b93-4d35-a4d9-b273905b7e1f@group-94C7CB4EFF97: set configuration 0: peers:[9f849854-0b93-4d35-a4d9-b273905b7e1f|rpc:10.1.0.9:15076|admin:10.1.0.9:15075|client:10.1.0.9:15074|dataStream:10.1.0.9:15077|priority:1|startupRole:FOLLOWER]|listeners:[], old=null
2023-09-07 04:50:26,066 [9f849854-0b93-4d35-a4d9-b273905b7e1f@group-94C7CB4EFF97-SegmentedRaftLogWorker] INFO  segmented.SegmentedRaftLogWorker (SegmentedRaftLogWorker.java:execute(651)) - 9f849854-0b93-4d35-a4d9-b273905b7e1f@group-94C7CB4EFF97-SegmentedRaftLogWorker: created new log segment /home/runner/work/ozone/ozone/hadoop-ozone/integration-test/target/test-dir/MiniOzoneClusterImpl-d344a044-c2aa-46c6-8971-a5e8f3f75c9e/datanode-1/data/ratis/ee85cd21-a7f1-4a16-a6d7-94c7cb4eff97/current/log_inprogress_0
2023-09-07 04:50:26,067 [grpc-default-executor-2] INFO  server.RaftServer$Division (RaftServerImpl.java:requestVote(1302)) - c689351a-c011-4280-903e-e1929abe1491@group-C77B99C35E72: receive requestVote(ELECTION, 9f849854-0b93-4d35-a4d9-b273905b7e1f, group-C77B99C35E72, 1, (t:0, i:0))
2023-09-07 04:50:26,068 [grpc-default-executor-2] INFO  impl.VoteContext (VoteContext.java:log(49)) - c689351a-c011-4280-903e-e1929abe1491@group-C77B99C35E72-FOLLOWER: accept ELECTION from 9f849854-0b93-4d35-a4d9-b273905b7e1f: our priority 0 <= candidate's priority 1
2023-09-07 04:50:26,068 [grpc-default-executor-2] INFO  server.RaftServer$Division (RaftServerImpl.java:setRole(329)) - c689351a-c011-4280-903e-e1929abe1491@group-C77B99C35E72: changes role from  FOLLOWER to FOLLOWER at term 1 for candidate:9f849854-0b93-4d35-a4d9-b273905b7e1f
2023-09-07 04:50:26,068 [grpc-default-executor-2] INFO  impl.RoleInfo (RoleInfo.java:shutdownFollowerState(110)) - c689351a-c011-4280-903e-e1929abe1491: shutdown c689351a-c011-4280-903e-e1929abe1491@group-C77B99C35E72-FollowerState
2023-09-07 04:50:26,068 [grpc-default-executor-2] INFO  impl.RoleInfo (RoleInfo.java:updateAndGet(139)) - c689351a-c011-4280-903e-e1929abe1491: start c689351a-c011-4280-903e-e1929abe1491@group-C77B99C35E72-FollowerState
2023-09-07 04:50:26,068 [c689351a-c011-4280-903e-e1929abe1491@group-C77B99C35E72-FollowerState] INFO  impl.FollowerState (FollowerState.java:run(152)) - c689351a-c011-4280-903e-e1929abe1491@group-C77B99C35E72-FollowerState was interrupted
2023-09-07 04:50:26,068 [grpc-default-executor-3] INFO  server.RaftServer$Division (RaftServerImpl.java:requestVote(1335)) - 8fe090c8-98a3-4c2e-b58d-35f0bbae16bb@group-C77B99C35E72 replies to ELECTION vote request: 9f849854-0b93-4d35-a4d9-b273905b7e1f<-8fe090c8-98a3-4c2e-b58d-35f0bbae16bb#0:OK-t1. Peer's state: 8fe090c8-98a3-4c2e-b58d-35f0bbae16bb@group-C77B99C35E72:t1, leader=null, voted=9f849854-0b93-4d35-a4d9-b273905b7e1f, raftlog=Memoized:8fe090c8-98a3-4c2e-b58d-35f0bbae16bb@group-C77B99C35E72-SegmentedRaftLog:OPENED:c-1, conf=-1: peers:[9f849854-0b93-4d35-a4d9-b273905b7e1f|rpc:10.1.0.9:15076|admin:10.1.0.9:15075|client:10.1.0.9:15074|dataStream:10.1.0.9:15077|priority:1|startupRole:FOLLOWER, 8fe090c8-98a3-4c2e-b58d-35f0bbae16bb|rpc:10.1.0.9:15085|admin:10.1.0.9:15084|client:10.1.0.9:15083|dataStream:10.1.0.9:15086|priority:0|startupRole:FOLLOWER, c689351a-c011-4280-903e-e1929abe1491|rpc:10.1.0.9:15067|admin:10.1.0.9:15066|client:10.1.0.9:15065|dataStream:10.1.0.9:15068|priority:0|startupRole:FOLLOWER]|listeners:[], old=null
2023-09-07 04:50:26,072 [9f849854-0b93-4d35-a4d9-b273905b7e1f@group-C77B99C35E72-LeaderElection16] INFO  impl.LeaderElection (LeaderElection.java:logAndReturn(90)) - 9f849854-0b93-4d35-a4d9-b273905b7e1f@group-C77B99C35E72-LeaderElection16: ELECTION PASSED received 1 response(s) and 0 exception(s):
2023-09-07 04:50:26,072 [9f849854-0b93-4d35-a4d9-b273905b7e1f@group-C77B99C35E72-LeaderElection16] INFO  impl.LeaderElection (LeaderElection.java:logAndReturn(94)) -   Response 0: 9f849854-0b93-4d35-a4d9-b273905b7e1f<-8fe090c8-98a3-4c2e-b58d-35f0bbae16bb#0:OK-t1
2023-09-07 04:50:26,079 [9f849854-0b93-4d35-a4d9-b273905b7e1f@group-C77B99C35E72-LeaderElection16] INFO  impl.LeaderElection (LeaderElection.java:askForVotes(323)) - 9f849854-0b93-4d35-a4d9-b273905b7e1f@group-C77B99C35E72-LeaderElection16 ELECTION round 0: result PASSED
2023-09-07 04:50:26,079 [9f849854-0b93-4d35-a4d9-b273905b7e1f@group-C77B99C35E72-LeaderElection16] INFO  impl.RoleInfo (RoleInfo.java:shutdownLeaderElection(130)) - 9f849854-0b93-4d35-a4d9-b273905b7e1f: shutdown 9f849854-0b93-4d35-a4d9-b273905b7e1f@group-C77B99C35E72-LeaderElection16
2023-09-07 04:50:26,079 [9f849854-0b93-4d35-a4d9-b273905b7e1f@group-C77B99C35E72-LeaderElection16] INFO  server.RaftServer$Division (RaftServerImpl.java:setRole(329)) - 9f849854-0b93-4d35-a4d9-b273905b7e1f@group-C77B99C35E72: changes role from CANDIDATE to LEADER at term 1 for changeToLeader
2023-09-07 04:50:26,079 [9f849854-0b93-4d35-a4d9-b273905b7e1f@group-C77B99C35E72-LeaderElection16] INFO  ratis.XceiverServerRatis (XceiverServerRatis.java:handleLeaderChangedNotification(902)) - Leader change notification received for group: group-C77B99C35E72 with new leaderId: 9f849854-0b93-4d35-a4d9-b273905b7e1f
2023-09-07 04:50:26,079 [9f849854-0b93-4d35-a4d9-b273905b7e1f@group-C77B99C35E72-LeaderElection16] INFO  server.RaftServer$Division (ServerState.java:setLeader(317)) - 9f849854-0b93-4d35-a4d9-b273905b7e1f@group-C77B99C35E72: change Leader from null to 9f849854-0b93-4d35-a4d9-b273905b7e1f at term 1 for becomeLeader, leader elected after 5279ms
2023-09-07 04:50:26,079 [9f849854-0b93-4d35-a4d9-b273905b7e1f@group-C77B99C35E72-LeaderElection16] INFO  server.RaftServerConfigKeys (ConfUtils.java:logGet(46)) - raft.server.staging.catchup.gap = 1000 (default)
2023-09-07 04:50:26,079 [9f849854-0b93-4d35-a4d9-b273905b7e1f@group-C77B99C35E72-LeaderElection16] INFO  server.RaftServerConfigKeys (ConfUtils.java:logGet(46)) - raft.server.write.element-limit = 1024 (custom)
2023-09-07 04:50:26,079 [9f849854-0b93-4d35-a4d9-b273905b7e1f@group-C77B99C35E72-LeaderElection16] INFO  server.RaftServerConfigKeys (ConfUtils.java:logGet(46)) - raft.server.write.byte-limit = 1024 M (=1073741824) (custom)
2023-09-07 04:50:26,080 [9f849854-0b93-4d35-a4d9-b273905b7e1f@group-C77B99C35E72-LeaderElection16] INFO  server.RaftServerConfigKeys (ConfUtils.java:logGet(46)) - raft.server.watch.timeout = 180s (custom)
2023-09-07 04:50:26,080 [9f849854-0b93-4d35-a4d9-b273905b7e1f@group-C77B99C35E72-LeaderElection16] INFO  server.RaftServerConfigKeys (ConfUtils.java:logGet(46)) - raft.server.watch.timeout.denomination = 1s (default)
2023-09-07 04:50:26,080 [9f849854-0b93-4d35-a4d9-b273905b7e1f@group-C77B99C35E72-LeaderElection16] INFO  server.RaftServerConfigKeys (ConfUtils.java:logGet(46)) - raft.server.watch.element-limit = 65536 (default)
2023-09-07 04:50:26,080 [9f849854-0b93-4d35-a4d9-b273905b7e1f@group-C77B99C35E72-LeaderElection16] INFO  server.RaftServerConfigKeys (ConfUtils.java:logGet(46)) - raft.server.write.element-limit = 1024 (custom)
2023-09-07 04:50:26,080 [9f849854-0b93-4d35-a4d9-b273905b7e1f@group-C77B99C35E72-LeaderElection16] INFO  server.RaftServerConfigKeys (ConfUtils.java:logGet(46)) - raft.server.write.follower.gap.ratio.max = -1.0 (default)
2023-09-07 04:50:26,080 [9f849854-0b93-4d35-a4d9-b273905b7e1f@group-C77B99C35E72-LeaderElection16] INFO  server.RaftServerConfigKeys (ConfUtils.java:logGet(46)) - raft.server.log.appender.snapshot.chunk.size.max = 16MB (=16777216) (default)
2023-09-07 04:50:26,081 [9f849854-0b93-4d35-a4d9-b273905b7e1f@group-C77B99C35E72-LeaderElection16] INFO  server.RaftServerConfigKeys (ConfUtils.java:logGet(46)) - raft.server.log.appender.buffer.byte-limit = 33554432 (custom)
2023-09-07 04:50:26,081 [9f849854-0b93-4d35-a4d9-b273905b7e1f@group-C77B99C35E72-LeaderElection16] INFO  server.RaftServerConfigKeys (ConfUtils.java:logGet(46)) - raft.server.log.appender.buffer.element-limit = 1 (custom)
2023-09-07 04:50:26,081 [9f849854-0b93-4d35-a4d9-b273905b7e1f@group-C77B99C35E72-LeaderElection16] INFO  server.RaftServerConfigKeys (ConfUtils.java:logGet(46)) - raft.server.log.appender.wait-time.min = 10ms (default)
2023-09-07 04:50:26,081 [9f849854-0b93-4d35-a4d9-b273905b7e1f@group-C77B99C35E72-LeaderElection16] INFO  grpc.GrpcConfigKeys (ConfUtils.java:logGet(46)) - raft.grpc.server.leader.outstanding.appends.max = 128 (default)
2023-09-07 04:50:26,081 [9f849854-0b93-4d35-a4d9-b273905b7e1f@group-C77B99C35E72-LeaderElection16] INFO  server.RaftServerConfigKeys (ConfUtils.java:logGet(46)) - raft.server.rpc.request.timeout = 60s (custom)
2023-09-07 04:50:26,081 [9f849854-0b93-4d35-a4d9-b273905b7e1f@group-C77B99C35E72-LeaderElection16] INFO  grpc.GrpcConfigKeys (ConfUtils.java:logGet(46)) - raft.grpc.server.install_snapshot.request.element-limit = 8 (default)
2023-09-07 04:50:26,081 [9f849854-0b93-4d35-a4d9-b273905b7e1f@group-C77B99C35E72-LeaderElection16] INFO  grpc.GrpcConfigKeys (ConfUtils.java:logGet(46)) - raft.grpc.server.install_snapshot.request.timeout = 3000ms (default)
2023-09-07 04:50:26,081 [9f849854-0b93-4d35-a4d9-b273905b7e1f@group-C77B99C35E72-LeaderElection16] INFO  server.RaftServerConfigKeys (ConfUtils.java:logGet(46)) - raft.server.log.appender.install.snapshot.enabled = false (custom)
2023-09-07 04:50:26,081 [9f849854-0b93-4d35-a4d9-b273905b7e1f@group-C77B99C35E72-LeaderElection16] INFO  grpc.GrpcConfigKeys (ConfUtils.java:logGet(46)) - raft.grpc.server.heartbeat.channel = true (default)
2023-09-07 04:50:26,082 [grpc-default-executor-2] INFO  server.RaftServer$Division (RaftServerImpl.java:requestVote(1335)) - c689351a-c011-4280-903e-e1929abe1491@group-C77B99C35E72 replies to ELECTION vote request: 9f849854-0b93-4d35-a4d9-b273905b7e1f<-c689351a-c011-4280-903e-e1929abe1491#0:OK-t1. Peer's state: c689351a-c011-4280-903e-e1929abe1491@group-C77B99C35E72:t1, leader=null, voted=9f849854-0b93-4d35-a4d9-b273905b7e1f, raftlog=Memoized:c689351a-c011-4280-903e-e1929abe1491@group-C77B99C35E72-SegmentedRaftLog:OPENED:c-1, conf=-1: peers:[9f849854-0b93-4d35-a4d9-b273905b7e1f|rpc:10.1.0.9:15076|admin:10.1.0.9:15075|client:10.1.0.9:15074|dataStream:10.1.0.9:15077|priority:1|startupRole:FOLLOWER, 8fe090c8-98a3-4c2e-b58d-35f0bbae16bb|rpc:10.1.0.9:15085|admin:10.1.0.9:15084|client:10.1.0.9:15083|dataStream:10.1.0.9:15086|priority:0|startupRole:FOLLOWER, c689351a-c011-4280-903e-e1929abe1491|rpc:10.1.0.9:15067|admin:10.1.0.9:15066|client:10.1.0.9:15065|dataStream:10.1.0.9:15068|priority:0|startupRole:FOLLOWER]|listeners:[], old=null
2023-09-07 04:50:26,083 [EventQueue-PipelineReportForPipelineReportHandler] INFO  pipeline.PipelineReportHandler (PipelineReportHandler.java:processPipelineReport(136)) - Opened pipeline PipelineID=bc074d86-acaf-4846-b5ee-c77b99c35e72
2023-09-07 04:50:26,084 [9f849854-0b93-4d35-a4d9-b273905b7e1f@group-C77B99C35E72-LeaderElection16] INFO  server.RaftServerConfigKeys (ConfUtils.java:logGet(46)) - raft.server.log.appender.snapshot.chunk.size.max = 16MB (=16777216) (default)
2023-09-07 04:50:26,084 [9f849854-0b93-4d35-a4d9-b273905b7e1f@group-C77B99C35E72-LeaderElection16] INFO  server.RaftServerConfigKeys (ConfUtils.java:logGet(46)) - raft.server.log.appender.buffer.byte-limit = 33554432 (custom)
2023-09-07 04:50:26,084 [9f849854-0b93-4d35-a4d9-b273905b7e1f@group-C77B99C35E72-LeaderElection16] INFO  server.RaftServerConfigKeys (ConfUtils.java:logGet(46)) - raft.server.log.appender.buffer.element-limit = 1 (custom)
2023-09-07 04:50:26,084 [9f849854-0b93-4d35-a4d9-b273905b7e1f@group-C77B99C35E72-LeaderElection16] INFO  server.RaftServerConfigKeys (ConfUtils.java:logGet(46)) - raft.server.log.appender.wait-time.min = 10ms (default)
2023-09-07 04:50:26,084 [9f849854-0b93-4d35-a4d9-b273905b7e1f@group-C77B99C35E72-LeaderElection16] INFO  grpc.GrpcConfigKeys (ConfUtils.java:logGet(46)) - raft.grpc.server.leader.outstanding.appends.max = 128 (default)
2023-09-07 04:50:26,084 [9f849854-0b93-4d35-a4d9-b273905b7e1f@group-C77B99C35E72-LeaderElection16] INFO  server.RaftServerConfigKeys (ConfUtils.java:logGet(46)) - raft.server.rpc.request.timeout = 60s (custom)
2023-09-07 04:50:26,084 [9f849854-0b93-4d35-a4d9-b273905b7e1f@group-C77B99C35E72-LeaderElection16] INFO  grpc.GrpcConfigKeys (ConfUtils.java:logGet(46)) - raft.grpc.server.install_snapshot.request.element-limit = 8 (default)
2023-09-07 04:50:26,087 [9f849854-0b93-4d35-a4d9-b273905b7e1f@group-C77B99C35E72-LeaderElection16] INFO  grpc.GrpcConfigKeys (ConfUtils.java:logGet(46)) - raft.grpc.server.install_snapshot.request.timeout = 3000ms (default)
2023-09-07 04:50:26,087 [9f849854-0b93-4d35-a4d9-b273905b7e1f@group-C77B99C35E72-LeaderElection16] INFO  server.RaftServerConfigKeys (ConfUtils.java:logGet(46)) - raft.server.log.appender.install.snapshot.enabled = false (custom)
2023-09-07 04:50:26,087 [9f849854-0b93-4d35-a4d9-b273905b7e1f@group-C77B99C35E72-LeaderElection16] INFO  grpc.GrpcConfigKeys (ConfUtils.java:logGet(46)) - raft.grpc.server.heartbeat.channel = true (default)
2023-09-07 04:50:26,089 [9f849854-0b93-4d35-a4d9-b273905b7e1f@group-C77B99C35E72-LeaderElection16] INFO  impl.RoleInfo (RoleInfo.java:updateAndGet(139)) - 9f849854-0b93-4d35-a4d9-b273905b7e1f: start 9f849854-0b93-4d35-a4d9-b273905b7e1f@group-C77B99C35E72-LeaderStateImpl
2023-09-07 04:50:26,089 [9f849854-0b93-4d35-a4d9-b273905b7e1f@group-C77B99C35E72-LeaderElection16] INFO  segmented.SegmentedRaftLogWorker (SegmentedRaftLogWorker.java:startLogSegment(447)) - 9f849854-0b93-4d35-a4d9-b273905b7e1f@group-C77B99C35E72-SegmentedRaftLogWorker: Starting segment from index:0
2023-09-07 04:50:26,095 [9f849854-0b93-4d35-a4d9-b273905b7e1f@group-C77B99C35E72-SegmentedRaftLogWorker] INFO  segmented.SegmentedRaftLogWorker (SegmentedRaftLogWorker.java:execute(651)) - 9f849854-0b93-4d35-a4d9-b273905b7e1f@group-C77B99C35E72-SegmentedRaftLogWorker: created new log segment /home/runner/work/ozone/ozone/hadoop-ozone/integration-test/target/test-dir/MiniOzoneClusterImpl-d344a044-c2aa-46c6-8971-a5e8f3f75c9e/datanode-1/data/ratis/bc074d86-acaf-4846-b5ee-c77b99c35e72/current/log_inprogress_0
2023-09-07 04:50:26,107 [9f849854-0b93-4d35-a4d9-b273905b7e1f@group-C77B99C35E72-LeaderElection16] INFO  server.RaftServer$Division (ServerState.java:setRaftConf(434)) - 9f849854-0b93-4d35-a4d9-b273905b7e1f@group-C77B99C35E72: set configuration 0: peers:[9f849854-0b93-4d35-a4d9-b273905b7e1f|rpc:10.1.0.9:15076|admin:10.1.0.9:15075|client:10.1.0.9:15074|dataStream:10.1.0.9:15077|priority:1|startupRole:FOLLOWER, 8fe090c8-98a3-4c2e-b58d-35f0bbae16bb|rpc:10.1.0.9:15085|admin:10.1.0.9:15084|client:10.1.0.9:15083|dataStream:10.1.0.9:15086|priority:0|startupRole:FOLLOWER, c689351a-c011-4280-903e-e1929abe1491|rpc:10.1.0.9:15067|admin:10.1.0.9:15066|client:10.1.0.9:15065|dataStream:10.1.0.9:15068|priority:0|startupRole:FOLLOWER]|listeners:[], old=null
2023-09-07 04:50:26,109 [main] INFO  rpc.RpcClient (RpcClient.java:createBucket(688)) - Creating Bucket: volume43692/bucket46966, with bucket layout LEGACY, runner as owner, Versioning false, Storage Type set to DISK and Encryption set to false, Replication Type set to server-side default replication type, Namespace Quota set to -1, Space Quota set to -1 
2023-09-07 04:50:26,111 [IPC Server handler 9 on default port 15057] INFO  bucket.OMBucketCreateRequest (OMBucketCreateRequest.java:validateAndUpdateCache(270)) - created bucket: bucket46966 of layout LEGACY in volume: volume43692
2023-09-07 04:50:26,129 [c689351a-c011-4280-903e-e1929abe1491-server-thread1] INFO  ratis.XceiverServerRatis (XceiverServerRatis.java:handleLeaderChangedNotification(902)) - Leader change notification received for group: group-C77B99C35E72 with new leaderId: 9f849854-0b93-4d35-a4d9-b273905b7e1f
2023-09-07 04:50:26,129 [c689351a-c011-4280-903e-e1929abe1491-server-thread1] INFO  server.RaftServer$Division (ServerState.java:setLeader(317)) - c689351a-c011-4280-903e-e1929abe1491@group-C77B99C35E72: change Leader from null to 9f849854-0b93-4d35-a4d9-b273905b7e1f at term 1 for appendEntries, leader elected after 5556ms
2023-09-07 04:50:26,134 [8fe090c8-98a3-4c2e-b58d-35f0bbae16bb-server-thread1] INFO  ratis.XceiverServerRatis (XceiverServerRatis.java:handleLeaderChangedNotification(902)) - Leader change notification received for group: group-C77B99C35E72 with new leaderId: 9f849854-0b93-4d35-a4d9-b273905b7e1f
2023-09-07 04:50:26,134 [8fe090c8-98a3-4c2e-b58d-35f0bbae16bb-server-thread1] INFO  server.RaftServer$Division (ServerState.java:setLeader(317)) - 8fe090c8-98a3-4c2e-b58d-35f0bbae16bb@group-C77B99C35E72: change Leader from null to 9f849854-0b93-4d35-a4d9-b273905b7e1f at term 1 for appendEntries, leader elected after 5377ms
2023-09-07 04:50:26,141 [8fe090c8-98a3-4c2e-b58d-35f0bbae16bb-server-thread1] INFO  server.RaftServer$Division (ServerState.java:setRaftConf(434)) - 8fe090c8-98a3-4c2e-b58d-35f0bbae16bb@group-C77B99C35E72: set configuration 0: peers:[9f849854-0b93-4d35-a4d9-b273905b7e1f|rpc:10.1.0.9:15076|admin:10.1.0.9:15075|client:10.1.0.9:15074|dataStream:10.1.0.9:15077|priority:1|startupRole:FOLLOWER, 8fe090c8-98a3-4c2e-b58d-35f0bbae16bb|rpc:10.1.0.9:15085|admin:10.1.0.9:15084|client:10.1.0.9:15083|dataStream:10.1.0.9:15086|priority:0|startupRole:FOLLOWER, c689351a-c011-4280-903e-e1929abe1491|rpc:10.1.0.9:15067|admin:10.1.0.9:15066|client:10.1.0.9:15065|dataStream:10.1.0.9:15068|priority:0|startupRole:FOLLOWER]|listeners:[], old=null
2023-09-07 04:50:26,141 [c689351a-c011-4280-903e-e1929abe1491-server-thread2] INFO  server.RaftServer$Division (ServerState.java:setRaftConf(434)) - c689351a-c011-4280-903e-e1929abe1491@group-C77B99C35E72: set configuration 0: peers:[9f849854-0b93-4d35-a4d9-b273905b7e1f|rpc:10.1.0.9:15076|admin:10.1.0.9:15075|client:10.1.0.9:15074|dataStream:10.1.0.9:15077|priority:1|startupRole:FOLLOWER, 8fe090c8-98a3-4c2e-b58d-35f0bbae16bb|rpc:10.1.0.9:15085|admin:10.1.0.9:15084|client:10.1.0.9:15083|dataStream:10.1.0.9:15086|priority:0|startupRole:FOLLOWER, c689351a-c011-4280-903e-e1929abe1491|rpc:10.1.0.9:15067|admin:10.1.0.9:15066|client:10.1.0.9:15065|dataStream:10.1.0.9:15068|priority:0|startupRole:FOLLOWER]|listeners:[], old=null
2023-09-07 04:50:26,142 [c689351a-c011-4280-903e-e1929abe1491-server-thread2] INFO  segmented.SegmentedRaftLogWorker (SegmentedRaftLogWorker.java:startLogSegment(447)) - c689351a-c011-4280-903e-e1929abe1491@group-C77B99C35E72-SegmentedRaftLogWorker: Starting segment from index:0
2023-09-07 04:50:26,143 [8fe090c8-98a3-4c2e-b58d-35f0bbae16bb-server-thread1] INFO  segmented.SegmentedRaftLogWorker (SegmentedRaftLogWorker.java:startLogSegment(447)) - 8fe090c8-98a3-4c2e-b58d-35f0bbae16bb@group-C77B99C35E72-SegmentedRaftLogWorker: Starting segment from index:0
2023-09-07 04:50:26,146 [c689351a-c011-4280-903e-e1929abe1491@group-C77B99C35E72-SegmentedRaftLogWorker] INFO  segmented.SegmentedRaftLogWorker (SegmentedRaftLogWorker.java:execute(651)) - c689351a-c011-4280-903e-e1929abe1491@group-C77B99C35E72-SegmentedRaftLogWorker: created new log segment /home/runner/work/ozone/ozone/hadoop-ozone/integration-test/target/test-dir/MiniOzoneClusterImpl-d344a044-c2aa-46c6-8971-a5e8f3f75c9e/datanode-0/data/ratis/bc074d86-acaf-4846-b5ee-c77b99c35e72/current/log_inprogress_0
2023-09-07 04:50:26,154 [8fe090c8-98a3-4c2e-b58d-35f0bbae16bb@group-C77B99C35E72-SegmentedRaftLogWorker] INFO  segmented.SegmentedRaftLogWorker (SegmentedRaftLogWorker.java:execute(651)) - 8fe090c8-98a3-4c2e-b58d-35f0bbae16bb@group-C77B99C35E72-SegmentedRaftLogWorker: created new log segment /home/runner/work/ozone/ozone/hadoop-ozone/integration-test/target/test-dir/MiniOzoneClusterImpl-d344a044-c2aa-46c6-8971-a5e8f3f75c9e/datanode-2/data/ratis/bc074d86-acaf-4846-b5ee-c77b99c35e72/current/log_inprogress_0
]]></system-out>
  </testcase>
  <testcase name="testGetTrashRoot" classname="TestOzoneFileSystem" time="18.25">
    <system-out><![CDATA[2023-09-07 04:51:35,118 [main] INFO  ozone.MiniOzoneClusterImpl (MiniOzoneClusterImpl.java:shutdown(443)) - Shutting down the Mini Ozone Cluster
2023-09-07 04:51:35,118 [main] INFO  ozone.MiniOzoneClusterImpl (MiniOzoneClusterImpl.java:stop(460)) - Stopping the Mini Ozone Cluster
2023-09-07 04:51:35,118 [main] INFO  ozone.MiniOzoneClusterImpl (MiniOzoneClusterImpl.java:stopOM(551)) - Stopping the OzoneManager
2023-09-07 04:51:35,118 [main] INFO  om.OzoneManager (OzoneManager.java:stop(2204)) - om1[localhost:15057]: Stopping Ozone Manager
2023-09-07 04:51:35,118 [main] INFO  ipc.Server (Server.java:stop(3523)) - Stopping server on 15057
2023-09-07 04:51:35,123 [IPC Server listener on 15057] INFO  ipc.Server (Server.java:run(1434)) - Stopping IPC Server listener on 15057
2023-09-07 04:51:35,123 [IPC Server Responder] INFO  ipc.Server (Server.java:run(1567)) - Stopping IPC Server Responder
2023-09-07 04:51:35,124 [main] INFO  ratis.OzoneManagerDoubleBuffer (OzoneManagerDoubleBuffer.java:stopDaemon(551)) - Stopping OMDoubleBuffer flush thread
2023-09-07 04:51:35,131 [OMDoubleBufferFlushThread] INFO  ratis.OzoneManagerDoubleBuffer (OzoneManagerDoubleBuffer.java:canFlush(638)) - OMDoubleBuffer flush thread OMDoubleBufferFlushThread is interrupted and will exit.
2023-09-07 04:51:35,133 [main] INFO  utils.BackgroundService (BackgroundService.java:shutdown(141)) - Shutting down service KeyDeletingService
2023-09-07 04:51:35,133 [main] INFO  utils.BackgroundService (BackgroundService.java:shutdown(141)) - Shutting down service KeyDeletingService
2023-09-07 04:51:35,134 [main] INFO  utils.BackgroundService (BackgroundService.java:shutdown(141)) - Shutting down service OpenKeyCleanupService
2023-09-07 04:51:35,134 [main] INFO  utils.BackgroundService (BackgroundService.java:shutdown(141)) - Shutting down service SstFilteringService
2023-09-07 04:51:35,134 [main] INFO  utils.BackgroundService (BackgroundService.java:shutdown(141)) - Shutting down service SnapshotDeletingService
2023-09-07 04:51:35,135 [main] INFO  handler.ContextHandler (ContextHandler.java:doStop(1159)) - Stopped o.e.j.w.WebAppContext@18fccfab{ozoneManager,/,null,STOPPED}{file:/home/runner/work/ozone/ozone/hadoop-ozone/integration-test/target/test-classes/webapps/ozoneManager}
2023-09-07 04:51:35,137 [main] INFO  server.AbstractConnector (AbstractConnector.java:doStop(383)) - Stopped ServerConnector@6114a526{HTTP/1.1, (http/1.1)}{0.0.0.0:15058}
2023-09-07 04:51:35,137 [main] INFO  server.session (HouseKeeper.java:stopScavenging(149)) - node0 Stopped scavenging
2023-09-07 04:51:35,137 [main] INFO  handler.ContextHandler (ContextHandler.java:doStop(1159)) - Stopped o.e.j.s.ServletContextHandler@31bba872{static,/static,file:///home/runner/work/ozone/ozone/hadoop-ozone/integration-test/target/test-classes/webapps/static,STOPPED}
2023-09-07 04:51:35,138 [main] INFO  handler.ContextHandler (ContextHandler.java:doStop(1159)) - Stopped o.e.j.s.ServletContextHandler@7b7e2ddc{logs,/logs,file:///home/runner/work/ozone/ozone/hadoop-ozone/integration-test/target/log,STOPPED}
2023-09-07 04:51:35,139 [Trash Emptier] ERROR om.TrashPolicyOzone (TrashPolicyOzone.java:run(350)) - Error attempting to shutdown
java.lang.InterruptedException
	at java.util.concurrent.locks.AbstractQueuedSynchronizer$ConditionObject.awaitNanos(AbstractQueuedSynchronizer.java:2067)
	at java.util.concurrent.ThreadPoolExecutor.awaitTermination(ThreadPoolExecutor.java:1475)
	at org.apache.hadoop.ozone.om.TrashPolicyOzone$Emptier.run(TrashPolicyOzone.java:348)
	at java.lang.Thread.run(Thread.java:750)
2023-09-07 04:51:35,140 [main] INFO  rocksdiff.RocksDBCheckpointDiffer (RocksDBCheckpointDiffer.java:close(343)) - Shutting down CompactionDagPruningService.
2023-09-07 04:51:35,143 [main] INFO  snapshot.SnapshotDiffManager (SnapshotDiffManager.java:closeExecutorService(1697)) - Shutting down executorService: 'SnapDiffExecutor'
2023-09-07 04:51:35,148 [main] INFO  snapshot.SnapshotDiffManager (SnapshotDiffManager.java:closeExecutorService(1697)) - Shutting down executorService: 'SstDumpToolExecutor'
2023-09-07 04:51:35,148 [main] INFO  utils.BackgroundService (BackgroundService.java:shutdown(141)) - Shutting down service SnapshotDiffCleanupService
2023-09-07 04:51:35,149 [JvmPauseMonitor8] INFO  util.JvmPauseMonitor (JvmPauseMonitor.java:run(109)) - JvmPauseMonitor-e83b5ce6-860c-4f86-b38e-8a352140255e: Stopped
2023-09-07 04:51:35,150 [main] INFO  ozone.MiniOzoneClusterImpl (MiniOzoneClusterImpl.java:stopDatanodes(528)) - Stopping the HddsDatanodes
2023-09-07 04:51:35,156 [ForkJoinPool.commonPool-worker-3] INFO  ozoneimpl.OzoneContainer (OzoneContainer.java:stop(451)) - Attempting to stop container services.
2023-09-07 04:51:35,157 [ForkJoinPool.commonPool-worker-3] INFO  server.RaftServer (RaftServerProxy.java:lambda$close$6(416)) - 9f849854-0b93-4d35-a4d9-b273905b7e1f: close
2023-09-07 04:51:35,157 [9f849854-0b93-4d35-a4d9-b273905b7e1f-impl-thread2] INFO  server.RaftServer$Division (RaftServerImpl.java:lambda$close$4(466)) - 9f849854-0b93-4d35-a4d9-b273905b7e1f@group-94C7CB4EFF97: shutdown
2023-09-07 04:51:35,157 [9f849854-0b93-4d35-a4d9-b273905b7e1f-impl-thread2] INFO  util.JmxRegister (JmxRegister.java:unregister(73)) - Successfully un-registered JMX Bean with object name Ratis:service=RaftServer,group=group-94C7CB4EFF97,id=9f849854-0b93-4d35-a4d9-b273905b7e1f
2023-09-07 04:51:35,157 [9f849854-0b93-4d35-a4d9-b273905b7e1f-impl-thread2] INFO  impl.RoleInfo (RoleInfo.java:shutdownLeaderState(93)) - 9f849854-0b93-4d35-a4d9-b273905b7e1f: shutdown 9f849854-0b93-4d35-a4d9-b273905b7e1f@group-94C7CB4EFF97-LeaderStateImpl
2023-09-07 04:51:35,157 [9f849854-0b93-4d35-a4d9-b273905b7e1f-impl-thread2] INFO  impl.PendingRequests (PendingRequests.java:sendNotLeaderResponses(289)) - 9f849854-0b93-4d35-a4d9-b273905b7e1f@group-94C7CB4EFF97-PendingRequests: sendNotLeaderResponses
2023-09-07 04:51:35,158 [9f849854-0b93-4d35-a4d9-b273905b7e1f@group-94C7CB4EFF97-StateMachineUpdater] INFO  ratis.ContainerStateMachine (ContainerStateMachine.java:takeSnapshot(330)) - group-94C7CB4EFF97: Taking a snapshot at:(t:1, i:0) file /home/runner/work/ozone/ozone/hadoop-ozone/integration-test/target/test-dir/MiniOzoneClusterImpl-d344a044-c2aa-46c6-8971-a5e8f3f75c9e/datanode-1/data/ratis/ee85cd21-a7f1-4a16-a6d7-94c7cb4eff97/sm/snapshot.1_0
2023-09-07 04:51:35,158 [9f849854-0b93-4d35-a4d9-b273905b7e1f-impl-thread2] INFO  impl.StateMachineUpdater (StateMachineUpdater.java:stopAndJoin(155)) - 9f849854-0b93-4d35-a4d9-b273905b7e1f@group-94C7CB4EFF97-StateMachineUpdater: set stopIndex = 0
2023-09-07 04:51:35,159 [9f849854-0b93-4d35-a4d9-b273905b7e1f@group-94C7CB4EFF97-StateMachineUpdater] INFO  ratis.ContainerStateMachine (ContainerStateMachine.java:takeSnapshot(341)) - group-94C7CB4EFF97: Finished taking a snapshot at:(t:1, i:0) file:/home/runner/work/ozone/ozone/hadoop-ozone/integration-test/target/test-dir/MiniOzoneClusterImpl-d344a044-c2aa-46c6-8971-a5e8f3f75c9e/datanode-1/data/ratis/ee85cd21-a7f1-4a16-a6d7-94c7cb4eff97/sm/snapshot.1_0 took: 2 ms
2023-09-07 04:51:35,160 [9f849854-0b93-4d35-a4d9-b273905b7e1f@group-94C7CB4EFF97-StateMachineUpdater] INFO  impl.StateMachineUpdater (StateMachineUpdater.java:takeSnapshot(291)) - 9f849854-0b93-4d35-a4d9-b273905b7e1f@group-94C7CB4EFF97-StateMachineUpdater: Took a snapshot at index 0
2023-09-07 04:51:35,160 [9f849854-0b93-4d35-a4d9-b273905b7e1f@group-94C7CB4EFF97-StateMachineUpdater] INFO  impl.StateMachineUpdater (StateMachineUpdater.java:lambda$new$0(97)) - 9f849854-0b93-4d35-a4d9-b273905b7e1f@group-94C7CB4EFF97-StateMachineUpdater: snapshotIndex: updateIncreasingly -1 -> 0
2023-09-07 04:51:35,160 [9f849854-0b93-4d35-a4d9-b273905b7e1f-impl-thread2] INFO  server.RaftServer$Division (ServerState.java:close(472)) - 9f849854-0b93-4d35-a4d9-b273905b7e1f@group-94C7CB4EFF97: closes. applyIndex: 0
2023-09-07 04:51:35,161 [9f849854-0b93-4d35-a4d9-b273905b7e1f-impl-thread3] INFO  server.RaftServer$Division (RaftServerImpl.java:lambda$close$4(466)) - 9f849854-0b93-4d35-a4d9-b273905b7e1f@group-C77B99C35E72: shutdown
2023-09-07 04:51:35,161 [ForkJoinPool.commonPool-worker-3] INFO  server.GrpcService (GrpcService.java:closeImpl(311)) - 9f849854-0b93-4d35-a4d9-b273905b7e1f: shutdown server org.apache.ratis.grpc.server.GrpcClientProtocolService now
2023-09-07 04:51:35,164 [grpc-default-executor-2] WARN  server.GrpcClientProtocolService (LogUtils.java:warn(122)) - 1-OrderedRequestStreamObserver1: onError: org.apache.ratis.thirdparty.io.grpc.StatusRuntimeException: CANCELLED: client cancelled
2023-09-07 04:51:35,164 [9f849854-0b93-4d35-a4d9-b273905b7e1f-impl-thread3] INFO  util.JmxRegister (JmxRegister.java:unregister(73)) - Successfully un-registered JMX Bean with object name Ratis:service=RaftServer,group=group-C77B99C35E72,id=9f849854-0b93-4d35-a4d9-b273905b7e1f
2023-09-07 04:51:35,164 [grpc-default-executor-1] WARN  server.GrpcClientProtocolService (LogUtils.java:warn(122)) - 2-UnorderedRequestStreamObserver2: onError: org.apache.ratis.thirdparty.io.grpc.StatusRuntimeException: CANCELLED: client cancelled
2023-09-07 04:51:35,164 [9f849854-0b93-4d35-a4d9-b273905b7e1f-impl-thread3] INFO  impl.RoleInfo (RoleInfo.java:shutdownLeaderState(93)) - 9f849854-0b93-4d35-a4d9-b273905b7e1f: shutdown 9f849854-0b93-4d35-a4d9-b273905b7e1f@group-C77B99C35E72-LeaderStateImpl
2023-09-07 04:51:35,165 [9f849854-0b93-4d35-a4d9-b273905b7e1f-impl-thread4] INFO  server.RaftServer$Division (RaftServerImpl.java:lambda$close$4(466)) - 9f849854-0b93-4d35-a4d9-b273905b7e1f@group-85AB1CE9058E: shutdown
2023-09-07 04:51:35,166 [9f849854-0b93-4d35-a4d9-b273905b7e1f-impl-thread4] INFO  util.JmxRegister (JmxRegister.java:unregister(73)) - Successfully un-registered JMX Bean with object name Ratis:service=RaftServer,group=group-85AB1CE9058E,id=9f849854-0b93-4d35-a4d9-b273905b7e1f
2023-09-07 04:51:35,166 [9f849854-0b93-4d35-a4d9-b273905b7e1f-impl-thread4] INFO  impl.RoleInfo (RoleInfo.java:shutdownFollowerState(110)) - 9f849854-0b93-4d35-a4d9-b273905b7e1f: shutdown 9f849854-0b93-4d35-a4d9-b273905b7e1f@group-85AB1CE9058E-FollowerState
2023-09-07 04:51:35,168 [9f849854-0b93-4d35-a4d9-b273905b7e1f@group-85AB1CE9058E-FollowerState] INFO  impl.FollowerState (FollowerState.java:run(152)) - 9f849854-0b93-4d35-a4d9-b273905b7e1f@group-85AB1CE9058E-FollowerState was interrupted
2023-09-07 04:51:35,168 [9f849854-0b93-4d35-a4d9-b273905b7e1f@group-C77B99C35E72->8fe090c8-98a3-4c2e-b58d-35f0bbae16bb-GrpcLogAppender-LogAppenderDaemon] WARN  server.GrpcLogAppender (GrpcLogAppender.java:mayWait(199)) - 9f849854-0b93-4d35-a4d9-b273905b7e1f@group-C77B99C35E72->8fe090c8-98a3-4c2e-b58d-35f0bbae16bb-GrpcLogAppender: Wait interrupted by java.lang.InterruptedException
2023-09-07 04:51:35,168 [9f849854-0b93-4d35-a4d9-b273905b7e1f@group-85AB1CE9058E-StateMachineUpdater] INFO  ratis.ContainerStateMachine (ContainerStateMachine.java:takeSnapshot(330)) - group-85AB1CE9058E: Taking a snapshot at:(t:1, i:6) file /home/runner/work/ozone/ozone/hadoop-ozone/integration-test/target/test-dir/MiniOzoneClusterImpl-d344a044-c2aa-46c6-8971-a5e8f3f75c9e/datanode-1/data/ratis/b7b8b19f-bcc4-4b03-9e33-85ab1ce9058e/sm/snapshot.1_6
2023-09-07 04:51:35,169 [9f849854-0b93-4d35-a4d9-b273905b7e1f@group-C77B99C35E72->c689351a-c011-4280-903e-e1929abe1491-GrpcLogAppender-LogAppenderDaemon] WARN  server.GrpcLogAppender (GrpcLogAppender.java:mayWait(199)) - 9f849854-0b93-4d35-a4d9-b273905b7e1f@group-C77B99C35E72->c689351a-c011-4280-903e-e1929abe1491-GrpcLogAppender: Wait interrupted by java.lang.InterruptedException
2023-09-07 04:51:35,169 [grpc-default-executor-1] INFO  server.GrpcServerProtocolService (GrpcServerProtocolService.java:onCompleted(155)) - 8fe090c8-98a3-4c2e-b58d-35f0bbae16bb: Completed APPEND_ENTRIES, lastRequest: 9f849854-0b93-4d35-a4d9-b273905b7e1f->8fe090c8-98a3-4c2e-b58d-35f0bbae16bb#63-t1,previous=(t:1, i:21),leaderCommit=21,initializing? true,entries: size=1, first=(t:1, i:22), METADATAENTRY(c:20)
2023-09-07 04:51:35,169 [grpc-default-executor-1] INFO  server.GrpcServerProtocolService (GrpcServerProtocolService.java:lambda$onCompleted$5(157)) - 8fe090c8-98a3-4c2e-b58d-35f0bbae16bb: Completed APPEND_ENTRIES, lastReply: null
2023-09-07 04:51:35,169 [grpc-default-executor-3] INFO  server.GrpcServerProtocolService (GrpcServerProtocolService.java:onCompleted(155)) - 8fe090c8-98a3-4c2e-b58d-35f0bbae16bb: Completed APPEND_ENTRIES, lastRequest: null
2023-09-07 04:51:35,170 [9f849854-0b93-4d35-a4d9-b273905b7e1f-impl-thread3] INFO  impl.PendingRequests (PendingRequests.java:sendNotLeaderResponses(289)) - 9f849854-0b93-4d35-a4d9-b273905b7e1f@group-C77B99C35E72-PendingRequests: sendNotLeaderResponses
2023-09-07 04:51:35,172 [9f849854-0b93-4d35-a4d9-b273905b7e1f@group-85AB1CE9058E-StateMachineUpdater] INFO  ratis.ContainerStateMachine (ContainerStateMachine.java:takeSnapshot(341)) - group-85AB1CE9058E: Finished taking a snapshot at:(t:1, i:6) file:/home/runner/work/ozone/ozone/hadoop-ozone/integration-test/target/test-dir/MiniOzoneClusterImpl-d344a044-c2aa-46c6-8971-a5e8f3f75c9e/datanode-1/data/ratis/b7b8b19f-bcc4-4b03-9e33-85ab1ce9058e/sm/snapshot.1_6 took: 4 ms
2023-09-07 04:51:35,173 [9f849854-0b93-4d35-a4d9-b273905b7e1f@group-85AB1CE9058E-StateMachineUpdater] INFO  impl.StateMachineUpdater (StateMachineUpdater.java:takeSnapshot(291)) - 9f849854-0b93-4d35-a4d9-b273905b7e1f@group-85AB1CE9058E-StateMachineUpdater: Took a snapshot at index 6
2023-09-07 04:51:35,173 [9f849854-0b93-4d35-a4d9-b273905b7e1f@group-85AB1CE9058E-StateMachineUpdater] INFO  impl.StateMachineUpdater (StateMachineUpdater.java:lambda$new$0(97)) - 9f849854-0b93-4d35-a4d9-b273905b7e1f@group-85AB1CE9058E-StateMachineUpdater: snapshotIndex: updateIncreasingly -1 -> 6
2023-09-07 04:51:35,173 [9f849854-0b93-4d35-a4d9-b273905b7e1f-impl-thread4] INFO  impl.StateMachineUpdater (StateMachineUpdater.java:stopAndJoin(155)) - 9f849854-0b93-4d35-a4d9-b273905b7e1f@group-85AB1CE9058E-StateMachineUpdater: set stopIndex = 6
2023-09-07 04:51:35,174 [grpc-default-executor-3] INFO  server.GrpcServerProtocolService (GrpcServerProtocolService.java:lambda$onCompleted$5(157)) - 8fe090c8-98a3-4c2e-b58d-35f0bbae16bb: Completed APPEND_ENTRIES, lastReply: serverReply {
  requestorId: "9f849854-0b93-4d35-a4d9-b273905b7e1f"
  replyId: "8fe090c8-98a3-4c2e-b58d-35f0bbae16bb"
  raftGroupId {
    id: "\274\aM\206\254\257HF\265\356\307{\231\303^r"
  }
  callId: 59
  success: true
}
term: 1
nextIndex: 19
followerCommit: 18
matchIndex: 18446744073709551615
isHearbeat: true

2023-09-07 04:51:35,175 [9f849854-0b93-4d35-a4d9-b273905b7e1f-impl-thread3] INFO  impl.StateMachineUpdater (StateMachineUpdater.java:stopAndJoin(155)) - 9f849854-0b93-4d35-a4d9-b273905b7e1f@group-C77B99C35E72-StateMachineUpdater: set stopIndex = 22
2023-09-07 04:51:35,175 [9f849854-0b93-4d35-a4d9-b273905b7e1f@group-C77B99C35E72-StateMachineUpdater] INFO  ratis.ContainerStateMachine (ContainerStateMachine.java:takeSnapshot(330)) - group-C77B99C35E72: Taking a snapshot at:(t:1, i:22) file /home/runner/work/ozone/ozone/hadoop-ozone/integration-test/target/test-dir/MiniOzoneClusterImpl-d344a044-c2aa-46c6-8971-a5e8f3f75c9e/datanode-1/data/ratis/bc074d86-acaf-4846-b5ee-c77b99c35e72/sm/snapshot.1_22
2023-09-07 04:51:35,175 [9f849854-0b93-4d35-a4d9-b273905b7e1f-impl-thread4] INFO  server.RaftServer$Division (ServerState.java:close(472)) - 9f849854-0b93-4d35-a4d9-b273905b7e1f@group-85AB1CE9058E: closes. applyIndex: 6
2023-09-07 04:51:35,176 [9f849854-0b93-4d35-a4d9-b273905b7e1f@group-C77B99C35E72-StateMachineUpdater] INFO  ratis.ContainerStateMachine (ContainerStateMachine.java:takeSnapshot(341)) - group-C77B99C35E72: Finished taking a snapshot at:(t:1, i:22) file:/home/runner/work/ozone/ozone/hadoop-ozone/integration-test/target/test-dir/MiniOzoneClusterImpl-d344a044-c2aa-46c6-8971-a5e8f3f75c9e/datanode-1/data/ratis/bc074d86-acaf-4846-b5ee-c77b99c35e72/sm/snapshot.1_22 took: 1 ms
2023-09-07 04:51:35,176 [9f849854-0b93-4d35-a4d9-b273905b7e1f@group-C77B99C35E72-StateMachineUpdater] INFO  impl.StateMachineUpdater (StateMachineUpdater.java:takeSnapshot(291)) - 9f849854-0b93-4d35-a4d9-b273905b7e1f@group-C77B99C35E72-StateMachineUpdater: Took a snapshot at index 22
2023-09-07 04:51:35,176 [9f849854-0b93-4d35-a4d9-b273905b7e1f@group-C77B99C35E72-StateMachineUpdater] INFO  impl.StateMachineUpdater (StateMachineUpdater.java:lambda$new$0(97)) - 9f849854-0b93-4d35-a4d9-b273905b7e1f@group-C77B99C35E72-StateMachineUpdater: snapshotIndex: updateIncreasingly -1 -> 22
2023-09-07 04:51:35,177 [grpc-default-executor-3] INFO  server.GrpcLogAppender (GrpcLogAppender.java:onCompleted(428)) - 9f849854-0b93-4d35-a4d9-b273905b7e1f@group-C77B99C35E72->8fe090c8-98a3-4c2e-b58d-35f0bbae16bb-AppendLogResponseHandler: follower responses appendEntries COMPLETED
2023-09-07 04:51:35,177 [grpc-default-executor-0] INFO  server.GrpcServerProtocolService (GrpcServerProtocolService.java:onCompleted(155)) - c689351a-c011-4280-903e-e1929abe1491: Completed APPEND_ENTRIES, lastRequest: 9f849854-0b93-4d35-a4d9-b273905b7e1f->c689351a-c011-4280-903e-e1929abe1491#59-t1,previous=(t:1, i:21),leaderCommit=21,initializing? true,entries: size=1, first=(t:1, i:22), METADATAENTRY(c:20)
2023-09-07 04:51:35,177 [grpc-default-executor-0] INFO  server.GrpcServerProtocolService (GrpcServerProtocolService.java:lambda$onCompleted$5(157)) - c689351a-c011-4280-903e-e1929abe1491: Completed APPEND_ENTRIES, lastReply: null
2023-09-07 04:51:35,178 [grpc-default-executor-0] INFO  server.GrpcLogAppender (GrpcLogAppender.java:onCompleted(428)) - 9f849854-0b93-4d35-a4d9-b273905b7e1f@group-C77B99C35E72->8fe090c8-98a3-4c2e-b58d-35f0bbae16bb-AppendLogResponseHandler: follower responses appendEntries COMPLETED
2023-09-07 04:51:35,178 [grpc-default-executor-1] INFO  server.GrpcLogAppender (GrpcLogAppender.java:onCompleted(428)) - 9f849854-0b93-4d35-a4d9-b273905b7e1f@group-C77B99C35E72->c689351a-c011-4280-903e-e1929abe1491-AppendLogResponseHandler: follower responses appendEntries COMPLETED
2023-09-07 04:51:35,180 [grpc-default-executor-3] INFO  leader.FollowerInfo (FollowerInfoImpl.java:lambda$new$0(52)) - 9f849854-0b93-4d35-a4d9-b273905b7e1f@group-C77B99C35E72->8fe090c8-98a3-4c2e-b58d-35f0bbae16bb: decreaseNextIndex nextIndex: updateUnconditionally 23 -> 22
2023-09-07 04:51:35,181 [grpc-default-executor-4] INFO  server.GrpcServerProtocolService (GrpcServerProtocolService.java:onCompleted(155)) - c689351a-c011-4280-903e-e1929abe1491: Completed APPEND_ENTRIES, lastRequest: null
2023-09-07 04:51:35,181 [grpc-default-executor-4] INFO  server.GrpcServerProtocolService (GrpcServerProtocolService.java:lambda$onCompleted$5(157)) - c689351a-c011-4280-903e-e1929abe1491: Completed APPEND_ENTRIES, lastReply: serverReply {
  requestorId: "9f849854-0b93-4d35-a4d9-b273905b7e1f"
  replyId: "c689351a-c011-4280-903e-e1929abe1491"
  raftGroupId {
    id: "\274\aM\206\254\257HF\265\356\307{\231\303^r"
  }
  callId: 55
  success: true
}
term: 1
nextIndex: 19
followerCommit: 18
matchIndex: 18446744073709551615
isHearbeat: true

2023-09-07 04:51:35,182 [grpc-default-executor-3] INFO  server.GrpcLogAppender (GrpcLogAppender.java:onCompleted(428)) - 9f849854-0b93-4d35-a4d9-b273905b7e1f@group-C77B99C35E72->c689351a-c011-4280-903e-e1929abe1491-AppendLogResponseHandler: follower responses appendEntries COMPLETED
2023-09-07 04:51:35,183 [9f849854-0b93-4d35-a4d9-b273905b7e1f-impl-thread3] INFO  server.RaftServer$Division (ServerState.java:close(472)) - 9f849854-0b93-4d35-a4d9-b273905b7e1f@group-C77B99C35E72: closes. applyIndex: 22
2023-09-07 04:51:35,180 [grpc-default-executor-0] INFO  leader.FollowerInfo (FollowerInfoImpl.java:lambda$new$0(52)) - 9f849854-0b93-4d35-a4d9-b273905b7e1f@group-C77B99C35E72->8fe090c8-98a3-4c2e-b58d-35f0bbae16bb: decreaseNextIndex nextIndex: updateUnconditionally 22 -> 21
2023-09-07 04:51:35,180 [grpc-default-executor-1] INFO  leader.FollowerInfo (FollowerInfoImpl.java:lambda$new$0(52)) - 9f849854-0b93-4d35-a4d9-b273905b7e1f@group-C77B99C35E72->c689351a-c011-4280-903e-e1929abe1491: decreaseNextIndex nextIndex: updateUnconditionally 23 -> 22
2023-09-07 04:51:35,187 [main] INFO  ozoneimpl.OzoneContainer (OzoneContainer.java:stop(451)) - Attempting to stop container services.
2023-09-07 04:51:35,187 [Thread-1039] INFO  server.GrpcServerProtocolClient (GrpcServerProtocolClient.java:close(103)) - 8fe090c8-98a3-4c2e-b58d-35f0bbae16bb Close channels
2023-09-07 04:51:35,188 [main] INFO  server.RaftServer (RaftServerProxy.java:lambda$close$6(416)) - 8fe090c8-98a3-4c2e-b58d-35f0bbae16bb: close
2023-09-07 04:51:35,189 [grpc-default-executor-3] WARN  server.GrpcLogAppender (GrpcLogAppender.java:resetClient(137)) - 9f849854-0b93-4d35-a4d9-b273905b7e1f@group-C77B99C35E72->c689351a-c011-4280-903e-e1929abe1491-GrpcLogAppender: Failed to getClient for c689351a-c011-4280-903e-e1929abe1491
org.apache.ratis.protocol.exceptions.AlreadyClosedException: 9f849854-0b93-4d35-a4d9-b273905b7e1f is already CLOSED
	at org.apache.ratis.util.PeerProxyMap$PeerAndProxy.getProxy(PeerProxyMap.java:61)
	at org.apache.ratis.util.PeerProxyMap.getProxy(PeerProxyMap.java:115)
	at org.apache.ratis.grpc.server.GrpcLogAppender.getClient(GrpcLogAppender.java:112)
	at org.apache.ratis.grpc.server.GrpcLogAppender.resetClient(GrpcLogAppender.java:117)
	at org.apache.ratis.grpc.server.GrpcLogAppender.access$500(GrpcLogAppender.java:56)
	at org.apache.ratis.grpc.server.GrpcLogAppender$AppendLogResponseHandler.onCompleted(GrpcLogAppender.java:429)
	at org.apache.ratis.thirdparty.io.grpc.stub.ClientCalls$StreamObserverToCallListenerAdapter.onClose(ClientCalls.java:485)
	at org.apache.ratis.thirdparty.io.grpc.internal.ClientCallImpl.closeObserver(ClientCallImpl.java:563)
	at org.apache.ratis.thirdparty.io.grpc.internal.ClientCallImpl.access$300(ClientCallImpl.java:70)
	at org.apache.ratis.thirdparty.io.grpc.internal.ClientCallImpl$ClientStreamListenerImpl$1StreamClosed.runInternal(ClientCallImpl.java:744)
	at org.apache.ratis.thirdparty.io.grpc.internal.ClientCallImpl$ClientStreamListenerImpl$1StreamClosed.runInContext(ClientCallImpl.java:723)
	at org.apache.ratis.thirdparty.io.grpc.internal.ContextRunnable.run(ContextRunnable.java:37)
	at org.apache.ratis.thirdparty.io.grpc.internal.SerializingExecutor.run(SerializingExecutor.java:133)
	at java.util.concurrent.ThreadPoolExecutor.runWorker(ThreadPoolExecutor.java:1149)
	at java.util.concurrent.ThreadPoolExecutor$Worker.run(ThreadPoolExecutor.java:624)
	at java.lang.Thread.run(Thread.java:750)
2023-09-07 04:51:35,188 [Thread-1040] INFO  server.GrpcServerProtocolClient (GrpcServerProtocolClient.java:close(103)) - c689351a-c011-4280-903e-e1929abe1491 Close channels
2023-09-07 04:51:35,192 [8fe090c8-98a3-4c2e-b58d-35f0bbae16bb-impl-thread2] INFO  server.RaftServer$Division (RaftServerImpl.java:lambda$close$4(466)) - 8fe090c8-98a3-4c2e-b58d-35f0bbae16bb@group-C77B99C35E72: shutdown
2023-09-07 04:51:35,192 [8fe090c8-98a3-4c2e-b58d-35f0bbae16bb-impl-thread2] INFO  util.JmxRegister (JmxRegister.java:unregister(73)) - Successfully un-registered JMX Bean with object name Ratis:service=RaftServer,group=group-C77B99C35E72,id=8fe090c8-98a3-4c2e-b58d-35f0bbae16bb
2023-09-07 04:51:35,192 [8fe090c8-98a3-4c2e-b58d-35f0bbae16bb-impl-thread2] INFO  impl.RoleInfo (RoleInfo.java:shutdownFollowerState(110)) - 8fe090c8-98a3-4c2e-b58d-35f0bbae16bb: shutdown 8fe090c8-98a3-4c2e-b58d-35f0bbae16bb@group-C77B99C35E72-FollowerState
2023-09-07 04:51:35,193 [8fe090c8-98a3-4c2e-b58d-35f0bbae16bb-impl-thread3] INFO  server.RaftServer$Division (RaftServerImpl.java:lambda$close$4(466)) - 8fe090c8-98a3-4c2e-b58d-35f0bbae16bb@group-93F258C19032: shutdown
2023-09-07 04:51:35,193 [8fe090c8-98a3-4c2e-b58d-35f0bbae16bb-impl-thread3] INFO  util.JmxRegister (JmxRegister.java:unregister(73)) - Successfully un-registered JMX Bean with object name Ratis:service=RaftServer,group=group-93F258C19032,id=8fe090c8-98a3-4c2e-b58d-35f0bbae16bb
2023-09-07 04:51:35,193 [8fe090c8-98a3-4c2e-b58d-35f0bbae16bb-impl-thread3] INFO  impl.RoleInfo (RoleInfo.java:shutdownLeaderState(93)) - 8fe090c8-98a3-4c2e-b58d-35f0bbae16bb: shutdown 8fe090c8-98a3-4c2e-b58d-35f0bbae16bb@group-93F258C19032-LeaderStateImpl
2023-09-07 04:51:35,193 [8fe090c8-98a3-4c2e-b58d-35f0bbae16bb-impl-thread3] INFO  impl.PendingRequests (PendingRequests.java:sendNotLeaderResponses(289)) - 8fe090c8-98a3-4c2e-b58d-35f0bbae16bb@group-93F258C19032-PendingRequests: sendNotLeaderResponses
2023-09-07 04:51:35,193 [8fe090c8-98a3-4c2e-b58d-35f0bbae16bb-impl-thread3] INFO  impl.StateMachineUpdater (StateMachineUpdater.java:stopAndJoin(155)) - 8fe090c8-98a3-4c2e-b58d-35f0bbae16bb@group-93F258C19032-StateMachineUpdater: set stopIndex = 0
2023-09-07 04:51:35,194 [main] INFO  server.GrpcService (GrpcService.java:closeImpl(311)) - 8fe090c8-98a3-4c2e-b58d-35f0bbae16bb: shutdown server org.apache.ratis.grpc.server.GrpcClientProtocolService now
2023-09-07 04:51:35,194 [8fe090c8-98a3-4c2e-b58d-35f0bbae16bb@group-93F258C19032-StateMachineUpdater] INFO  ratis.ContainerStateMachine (ContainerStateMachine.java:takeSnapshot(330)) - group-93F258C19032: Taking a snapshot at:(t:1, i:0) file /home/runner/work/ozone/ozone/hadoop-ozone/integration-test/target/test-dir/MiniOzoneClusterImpl-d344a044-c2aa-46c6-8971-a5e8f3f75c9e/datanode-2/data/ratis/412abba0-4e29-4648-a847-93f258c19032/sm/snapshot.1_0
2023-09-07 04:51:35,199 [8fe090c8-98a3-4c2e-b58d-35f0bbae16bb-impl-thread2] INFO  impl.StateMachineUpdater (StateMachineUpdater.java:stopAndJoin(155)) - 8fe090c8-98a3-4c2e-b58d-35f0bbae16bb@group-C77B99C35E72-StateMachineUpdater: set stopIndex = 21
2023-09-07 04:51:35,199 [8fe090c8-98a3-4c2e-b58d-35f0bbae16bb@group-C77B99C35E72-FollowerState] INFO  impl.FollowerState (FollowerState.java:run(152)) - 8fe090c8-98a3-4c2e-b58d-35f0bbae16bb@group-C77B99C35E72-FollowerState was interrupted
2023-09-07 04:51:35,200 [8fe090c8-98a3-4c2e-b58d-35f0bbae16bb@group-C77B99C35E72-StateMachineUpdater] INFO  ratis.ContainerStateMachine (ContainerStateMachine.java:takeSnapshot(330)) - group-C77B99C35E72: Taking a snapshot at:(t:1, i:21) file /home/runner/work/ozone/ozone/hadoop-ozone/integration-test/target/test-dir/MiniOzoneClusterImpl-d344a044-c2aa-46c6-8971-a5e8f3f75c9e/datanode-2/data/ratis/bc074d86-acaf-4846-b5ee-c77b99c35e72/sm/snapshot.1_21
2023-09-07 04:51:35,201 [8fe090c8-98a3-4c2e-b58d-35f0bbae16bb@group-93F258C19032-StateMachineUpdater] INFO  ratis.ContainerStateMachine (ContainerStateMachine.java:takeSnapshot(341)) - group-93F258C19032: Finished taking a snapshot at:(t:1, i:0) file:/home/runner/work/ozone/ozone/hadoop-ozone/integration-test/target/test-dir/MiniOzoneClusterImpl-d344a044-c2aa-46c6-8971-a5e8f3f75c9e/datanode-2/data/ratis/412abba0-4e29-4648-a847-93f258c19032/sm/snapshot.1_0 took: 7 ms
2023-09-07 04:51:35,201 [8fe090c8-98a3-4c2e-b58d-35f0bbae16bb@group-C77B99C35E72-StateMachineUpdater] INFO  ratis.ContainerStateMachine (ContainerStateMachine.java:takeSnapshot(341)) - group-C77B99C35E72: Finished taking a snapshot at:(t:1, i:21) file:/home/runner/work/ozone/ozone/hadoop-ozone/integration-test/target/test-dir/MiniOzoneClusterImpl-d344a044-c2aa-46c6-8971-a5e8f3f75c9e/datanode-2/data/ratis/bc074d86-acaf-4846-b5ee-c77b99c35e72/sm/snapshot.1_21 took: 2 ms
2023-09-07 04:51:35,202 [8fe090c8-98a3-4c2e-b58d-35f0bbae16bb@group-C77B99C35E72-StateMachineUpdater] INFO  impl.StateMachineUpdater (StateMachineUpdater.java:takeSnapshot(291)) - 8fe090c8-98a3-4c2e-b58d-35f0bbae16bb@group-C77B99C35E72-StateMachineUpdater: Took a snapshot at index 21
2023-09-07 04:51:35,202 [8fe090c8-98a3-4c2e-b58d-35f0bbae16bb@group-C77B99C35E72-StateMachineUpdater] INFO  impl.StateMachineUpdater (StateMachineUpdater.java:lambda$new$0(97)) - 8fe090c8-98a3-4c2e-b58d-35f0bbae16bb@group-C77B99C35E72-StateMachineUpdater: snapshotIndex: updateIncreasingly -1 -> 21
2023-09-07 04:51:35,202 [8fe090c8-98a3-4c2e-b58d-35f0bbae16bb@group-93F258C19032-StateMachineUpdater] INFO  impl.StateMachineUpdater (StateMachineUpdater.java:takeSnapshot(291)) - 8fe090c8-98a3-4c2e-b58d-35f0bbae16bb@group-93F258C19032-StateMachineUpdater: Took a snapshot at index 0
2023-09-07 04:51:35,202 [8fe090c8-98a3-4c2e-b58d-35f0bbae16bb@group-93F258C19032-StateMachineUpdater] INFO  impl.StateMachineUpdater (StateMachineUpdater.java:lambda$new$0(97)) - 8fe090c8-98a3-4c2e-b58d-35f0bbae16bb@group-93F258C19032-StateMachineUpdater: snapshotIndex: updateIncreasingly -1 -> 0
2023-09-07 04:51:35,203 [8fe090c8-98a3-4c2e-b58d-35f0bbae16bb-impl-thread3] INFO  server.RaftServer$Division (ServerState.java:close(472)) - 8fe090c8-98a3-4c2e-b58d-35f0bbae16bb@group-93F258C19032: closes. applyIndex: 0
2023-09-07 04:51:35,207 [ForkJoinPool.commonPool-worker-3] INFO  server.GrpcService (GrpcService.java:closeImpl(320)) - 9f849854-0b93-4d35-a4d9-b273905b7e1f: shutdown server org.apache.ratis.grpc.server.GrpcClientProtocolService successfully
2023-09-07 04:51:35,207 [ForkJoinPool.commonPool-worker-3] INFO  server.GrpcService (GrpcService.java:closeImpl(311)) - 9f849854-0b93-4d35-a4d9-b273905b7e1f: shutdown server GrpcServerProtocolService now
2023-09-07 04:51:35,208 [8fe090c8-98a3-4c2e-b58d-35f0bbae16bb-impl-thread2] INFO  server.RaftServer$Division (ServerState.java:close(472)) - 8fe090c8-98a3-4c2e-b58d-35f0bbae16bb@group-C77B99C35E72: closes. applyIndex: 21
2023-09-07 04:51:35,208 [ForkJoinPool.commonPool-worker-0] INFO  ozoneimpl.OzoneContainer (OzoneContainer.java:stop(451)) - Attempting to stop container services.
2023-09-07 04:51:35,208 [8fe090c8-98a3-4c2e-b58d-35f0bbae16bb-impl-thread4] INFO  server.RaftServer$Division (RaftServerImpl.java:lambda$close$4(466)) - 8fe090c8-98a3-4c2e-b58d-35f0bbae16bb@group-85AB1CE9058E: shutdown
2023-09-07 04:51:35,209 [8fe090c8-98a3-4c2e-b58d-35f0bbae16bb-impl-thread4] INFO  util.JmxRegister (JmxRegister.java:unregister(73)) - Successfully un-registered JMX Bean with object name Ratis:service=RaftServer,group=group-85AB1CE9058E,id=8fe090c8-98a3-4c2e-b58d-35f0bbae16bb
2023-09-07 04:51:35,209 [8fe090c8-98a3-4c2e-b58d-35f0bbae16bb-impl-thread4] INFO  impl.RoleInfo (RoleInfo.java:shutdownFollowerState(110)) - 8fe090c8-98a3-4c2e-b58d-35f0bbae16bb: shutdown 8fe090c8-98a3-4c2e-b58d-35f0bbae16bb@group-85AB1CE9058E-FollowerState
2023-09-07 04:51:35,209 [8fe090c8-98a3-4c2e-b58d-35f0bbae16bb-impl-thread4] INFO  impl.StateMachineUpdater (StateMachineUpdater.java:stopAndJoin(155)) - 8fe090c8-98a3-4c2e-b58d-35f0bbae16bb@group-85AB1CE9058E-StateMachineUpdater: set stopIndex = 6
2023-09-07 04:51:35,209 [8fe090c8-98a3-4c2e-b58d-35f0bbae16bb@group-85AB1CE9058E-FollowerState] INFO  impl.FollowerState (FollowerState.java:run(152)) - 8fe090c8-98a3-4c2e-b58d-35f0bbae16bb@group-85AB1CE9058E-FollowerState was interrupted
2023-09-07 04:51:35,209 [8fe090c8-98a3-4c2e-b58d-35f0bbae16bb@group-85AB1CE9058E-StateMachineUpdater] INFO  ratis.ContainerStateMachine (ContainerStateMachine.java:takeSnapshot(330)) - group-85AB1CE9058E: Taking a snapshot at:(t:1, i:6) file /home/runner/work/ozone/ozone/hadoop-ozone/integration-test/target/test-dir/MiniOzoneClusterImpl-d344a044-c2aa-46c6-8971-a5e8f3f75c9e/datanode-2/data/ratis/b7b8b19f-bcc4-4b03-9e33-85ab1ce9058e/sm/snapshot.1_6
2023-09-07 04:51:35,210 [Thread-1044] INFO  server.GrpcServerProtocolClient (GrpcServerProtocolClient.java:close(103)) - 9f849854-0b93-4d35-a4d9-b273905b7e1f Close channels
2023-09-07 04:51:35,211 [8fe090c8-98a3-4c2e-b58d-35f0bbae16bb@group-85AB1CE9058E-StateMachineUpdater] INFO  ratis.ContainerStateMachine (ContainerStateMachine.java:takeSnapshot(341)) - group-85AB1CE9058E: Finished taking a snapshot at:(t:1, i:6) file:/home/runner/work/ozone/ozone/hadoop-ozone/integration-test/target/test-dir/MiniOzoneClusterImpl-d344a044-c2aa-46c6-8971-a5e8f3f75c9e/datanode-2/data/ratis/b7b8b19f-bcc4-4b03-9e33-85ab1ce9058e/sm/snapshot.1_6 took: 1 ms
2023-09-07 04:51:35,211 [8fe090c8-98a3-4c2e-b58d-35f0bbae16bb@group-85AB1CE9058E-StateMachineUpdater] INFO  impl.StateMachineUpdater (StateMachineUpdater.java:takeSnapshot(291)) - 8fe090c8-98a3-4c2e-b58d-35f0bbae16bb@group-85AB1CE9058E-StateMachineUpdater: Took a snapshot at index 6
2023-09-07 04:51:35,211 [8fe090c8-98a3-4c2e-b58d-35f0bbae16bb@group-85AB1CE9058E-StateMachineUpdater] INFO  impl.StateMachineUpdater (StateMachineUpdater.java:lambda$new$0(97)) - 8fe090c8-98a3-4c2e-b58d-35f0bbae16bb@group-85AB1CE9058E-StateMachineUpdater: snapshotIndex: updateIncreasingly -1 -> 6
2023-09-07 04:51:35,218 [ForkJoinPool.commonPool-worker-0] INFO  server.RaftServer (RaftServerProxy.java:lambda$close$6(416)) - c689351a-c011-4280-903e-e1929abe1491: close
2023-09-07 04:51:35,219 [grpc-default-executor-0] WARN  server.GrpcServerProtocolService (LogUtils.java:warn(122)) - 9f849854-0b93-4d35-a4d9-b273905b7e1f: APPEND_ENTRIES onError, lastRequest: c689351a-c011-4280-903e-e1929abe1491->9f849854-0b93-4d35-a4d9-b273905b7e1f#14-t1,previous=(t:1, i:5),leaderCommit=5,initializing? true,entries: size=1, first=(t:1, i:6), METADATAENTRY(c:5): org.apache.ratis.thirdparty.io.grpc.StatusRuntimeException: CANCELLED: client cancelled
2023-09-07 04:51:35,219 [Thread-1046] INFO  server.GrpcServerProtocolClient (GrpcServerProtocolClient.java:close(103)) - c689351a-c011-4280-903e-e1929abe1491 Close channels
2023-09-07 04:51:35,220 [c689351a-c011-4280-903e-e1929abe1491-impl-thread2] INFO  server.RaftServer$Division (RaftServerImpl.java:lambda$close$4(466)) - c689351a-c011-4280-903e-e1929abe1491@group-B02AECF5C372: shutdown
2023-09-07 04:51:35,220 [c689351a-c011-4280-903e-e1929abe1491-impl-thread2] INFO  util.JmxRegister (JmxRegister.java:unregister(73)) - Successfully un-registered JMX Bean with object name Ratis:service=RaftServer,group=group-B02AECF5C372,id=c689351a-c011-4280-903e-e1929abe1491
2023-09-07 04:51:35,220 [c689351a-c011-4280-903e-e1929abe1491-impl-thread2] INFO  impl.RoleInfo (RoleInfo.java:shutdownLeaderState(93)) - c689351a-c011-4280-903e-e1929abe1491: shutdown c689351a-c011-4280-903e-e1929abe1491@group-B02AECF5C372-LeaderStateImpl
2023-09-07 04:51:35,220 [c689351a-c011-4280-903e-e1929abe1491-impl-thread2] INFO  impl.PendingRequests (PendingRequests.java:sendNotLeaderResponses(289)) - c689351a-c011-4280-903e-e1929abe1491@group-B02AECF5C372-PendingRequests: sendNotLeaderResponses
2023-09-07 04:51:35,221 [c689351a-c011-4280-903e-e1929abe1491@group-B02AECF5C372-StateMachineUpdater] INFO  ratis.ContainerStateMachine (ContainerStateMachine.java:takeSnapshot(330)) - group-B02AECF5C372: Taking a snapshot at:(t:1, i:0) file /home/runner/work/ozone/ozone/hadoop-ozone/integration-test/target/test-dir/MiniOzoneClusterImpl-d344a044-c2aa-46c6-8971-a5e8f3f75c9e/datanode-0/data/ratis/a701f6df-3d91-4dad-b346-b02aecf5c372/sm/snapshot.1_0
2023-09-07 04:51:35,221 [c689351a-c011-4280-903e-e1929abe1491-impl-thread2] INFO  impl.StateMachineUpdater (StateMachineUpdater.java:stopAndJoin(155)) - c689351a-c011-4280-903e-e1929abe1491@group-B02AECF5C372-StateMachineUpdater: set stopIndex = 0
2023-09-07 04:51:35,221 [ForkJoinPool.commonPool-worker-0] INFO  server.GrpcService (GrpcService.java:closeImpl(311)) - c689351a-c011-4280-903e-e1929abe1491: shutdown server org.apache.ratis.grpc.server.GrpcClientProtocolService now
2023-09-07 04:51:35,221 [c689351a-c011-4280-903e-e1929abe1491-impl-thread3] INFO  server.RaftServer$Division (RaftServerImpl.java:lambda$close$4(466)) - c689351a-c011-4280-903e-e1929abe1491@group-C77B99C35E72: shutdown
2023-09-07 04:51:35,221 [c689351a-c011-4280-903e-e1929abe1491-impl-thread3] INFO  util.JmxRegister (JmxRegister.java:unregister(73)) - Successfully un-registered JMX Bean with object name Ratis:service=RaftServer,group=group-C77B99C35E72,id=c689351a-c011-4280-903e-e1929abe1491
2023-09-07 04:51:35,235 [c689351a-c011-4280-903e-e1929abe1491-impl-thread4] INFO  server.RaftServer$Division (RaftServerImpl.java:lambda$close$4(466)) - c689351a-c011-4280-903e-e1929abe1491@group-85AB1CE9058E: shutdown
2023-09-07 04:51:35,235 [c689351a-c011-4280-903e-e1929abe1491-impl-thread4] INFO  util.JmxRegister (JmxRegister.java:unregister(73)) - Successfully un-registered JMX Bean with object name Ratis:service=RaftServer,group=group-85AB1CE9058E,id=c689351a-c011-4280-903e-e1929abe1491
2023-09-07 04:51:35,235 [c689351a-c011-4280-903e-e1929abe1491-impl-thread4] INFO  impl.RoleInfo (RoleInfo.java:shutdownLeaderState(93)) - c689351a-c011-4280-903e-e1929abe1491: shutdown c689351a-c011-4280-903e-e1929abe1491@group-85AB1CE9058E-LeaderStateImpl
2023-09-07 04:51:35,233 [grpc-default-executor-1] WARN  server.GrpcLogAppender (LogUtils.java:warn(122)) - c689351a-c011-4280-903e-e1929abe1491@group-85AB1CE9058E->9f849854-0b93-4d35-a4d9-b273905b7e1f-AppendLogResponseHandler: Failed appendEntries: org.apache.ratis.thirdparty.io.grpc.StatusRuntimeException: CANCELLED: RST_STREAM closed stream. HTTP/2 error code: CANCEL
2023-09-07 04:51:35,235 [main] INFO  server.GrpcService (GrpcService.java:closeImpl(320)) - 8fe090c8-98a3-4c2e-b58d-35f0bbae16bb: shutdown server org.apache.ratis.grpc.server.GrpcClientProtocolService successfully
2023-09-07 04:51:35,235 [c689351a-c011-4280-903e-e1929abe1491@group-85AB1CE9058E->9f849854-0b93-4d35-a4d9-b273905b7e1f-GrpcLogAppender-LogAppenderDaemon] WARN  server.GrpcLogAppender (GrpcLogAppender.java:mayWait(199)) - c689351a-c011-4280-903e-e1929abe1491@group-85AB1CE9058E->9f849854-0b93-4d35-a4d9-b273905b7e1f-GrpcLogAppender: Wait interrupted by java.lang.InterruptedException
2023-09-07 04:51:35,236 [c689351a-c011-4280-903e-e1929abe1491-impl-thread4] INFO  impl.PendingRequests (PendingRequests.java:sendNotLeaderResponses(289)) - c689351a-c011-4280-903e-e1929abe1491@group-85AB1CE9058E-PendingRequests: sendNotLeaderResponses
2023-09-07 04:51:35,236 [grpc-default-executor-2] WARN  server.GrpcClientProtocolService (LogUtils.java:warn(122)) - 0-OrderedRequestStreamObserver0: onError: org.apache.ratis.thirdparty.io.grpc.StatusRuntimeException: CANCELLED: client cancelled
2023-09-07 04:51:35,236 [c689351a-c011-4280-903e-e1929abe1491@group-85AB1CE9058E->8fe090c8-98a3-4c2e-b58d-35f0bbae16bb-GrpcLogAppender-LogAppenderDaemon] WARN  server.GrpcLogAppender (GrpcLogAppender.java:mayWait(199)) - c689351a-c011-4280-903e-e1929abe1491@group-85AB1CE9058E->8fe090c8-98a3-4c2e-b58d-35f0bbae16bb-GrpcLogAppender: Wait interrupted by java.lang.InterruptedException
2023-09-07 04:51:35,233 [grpc-default-executor-4] WARN  server.GrpcLogAppender (LogUtils.java:warn(122)) - c689351a-c011-4280-903e-e1929abe1491@group-85AB1CE9058E->9f849854-0b93-4d35-a4d9-b273905b7e1f-AppendLogResponseHandler: Failed appendEntries: org.apache.ratis.thirdparty.io.grpc.StatusRuntimeException: CANCELLED: RST_STREAM closed stream. HTTP/2 error code: CANCEL
2023-09-07 04:51:35,232 [8fe090c8-98a3-4c2e-b58d-35f0bbae16bb-impl-thread4] INFO  server.RaftServer$Division (ServerState.java:close(472)) - 8fe090c8-98a3-4c2e-b58d-35f0bbae16bb@group-85AB1CE9058E: closes. applyIndex: 6
2023-09-07 04:51:35,228 [ForkJoinPool.commonPool-worker-3] INFO  server.GrpcService (GrpcService.java:closeImpl(320)) - 9f849854-0b93-4d35-a4d9-b273905b7e1f: shutdown server GrpcServerProtocolService successfully
2023-09-07 04:51:35,237 [ForkJoinPool.commonPool-worker-3] INFO  server.GrpcService (GrpcService.java:closeImpl(311)) - 9f849854-0b93-4d35-a4d9-b273905b7e1f: shutdown server org.apache.ratis.grpc.server.GrpcAdminProtocolService now
2023-09-07 04:51:35,227 [grpc-default-executor-3] WARN  server.GrpcServerProtocolService (LogUtils.java:warn(122)) - 9f849854-0b93-4d35-a4d9-b273905b7e1f: APPEND_ENTRIES onError, lastRequest: null: org.apache.ratis.thirdparty.io.grpc.StatusRuntimeException: CANCELLED: client cancelled
2023-09-07 04:51:35,236 [c689351a-c011-4280-903e-e1929abe1491@group-B02AECF5C372-StateMachineUpdater] INFO  ratis.ContainerStateMachine (ContainerStateMachine.java:takeSnapshot(341)) - group-B02AECF5C372: Finished taking a snapshot at:(t:1, i:0) file:/home/runner/work/ozone/ozone/hadoop-ozone/integration-test/target/test-dir/MiniOzoneClusterImpl-d344a044-c2aa-46c6-8971-a5e8f3f75c9e/datanode-0/data/ratis/a701f6df-3d91-4dad-b346-b02aecf5c372/sm/snapshot.1_0 took: 1 ms
2023-09-07 04:51:35,235 [main] INFO  server.GrpcService (GrpcService.java:closeImpl(311)) - 8fe090c8-98a3-4c2e-b58d-35f0bbae16bb: shutdown server GrpcServerProtocolService now
2023-09-07 04:51:35,235 [c689351a-c011-4280-903e-e1929abe1491-impl-thread3] INFO  impl.RoleInfo (RoleInfo.java:shutdownFollowerState(110)) - c689351a-c011-4280-903e-e1929abe1491: shutdown c689351a-c011-4280-903e-e1929abe1491@group-C77B99C35E72-FollowerState
2023-09-07 04:51:35,235 [grpc-default-executor-1] INFO  leader.FollowerInfo (FollowerInfoImpl.java:lambda$new$0(52)) - c689351a-c011-4280-903e-e1929abe1491@group-85AB1CE9058E->9f849854-0b93-4d35-a4d9-b273905b7e1f: decreaseNextIndex nextIndex: updateUnconditionally 7 -> 6
2023-09-07 04:51:35,237 [c689351a-c011-4280-903e-e1929abe1491@group-B02AECF5C372-StateMachineUpdater] INFO  impl.StateMachineUpdater (StateMachineUpdater.java:takeSnapshot(291)) - c689351a-c011-4280-903e-e1929abe1491@group-B02AECF5C372-StateMachineUpdater: Took a snapshot at index 0
2023-09-07 04:51:35,238 [c689351a-c011-4280-903e-e1929abe1491@group-B02AECF5C372-StateMachineUpdater] INFO  impl.StateMachineUpdater (StateMachineUpdater.java:lambda$new$0(97)) - c689351a-c011-4280-903e-e1929abe1491@group-B02AECF5C372-StateMachineUpdater: snapshotIndex: updateIncreasingly -1 -> 0
2023-09-07 04:51:35,238 [grpc-default-executor-4] INFO  leader.FollowerInfo (FollowerInfoImpl.java:lambda$new$0(52)) - c689351a-c011-4280-903e-e1929abe1491@group-85AB1CE9058E->9f849854-0b93-4d35-a4d9-b273905b7e1f: decreaseNextIndex nextIndex: updateUnconditionally 6 -> 5
2023-09-07 04:51:35,238 [c689351a-c011-4280-903e-e1929abe1491-impl-thread2] INFO  server.RaftServer$Division (ServerState.java:close(472)) - c689351a-c011-4280-903e-e1929abe1491@group-B02AECF5C372: closes. applyIndex: 0
2023-09-07 04:51:35,238 [grpc-default-executor-1] INFO  server.GrpcServerProtocolService (GrpcServerProtocolService.java:onCompleted(155)) - 8fe090c8-98a3-4c2e-b58d-35f0bbae16bb: Completed APPEND_ENTRIES, lastRequest: c689351a-c011-4280-903e-e1929abe1491->8fe090c8-98a3-4c2e-b58d-35f0bbae16bb#14-t1,previous=(t:1, i:5),leaderCommit=5,initializing? true,entries: size=1, first=(t:1, i:6), METADATAENTRY(c:5)
2023-09-07 04:51:35,238 [grpc-default-executor-1] INFO  server.GrpcServerProtocolService (GrpcServerProtocolService.java:lambda$onCompleted$5(157)) - 8fe090c8-98a3-4c2e-b58d-35f0bbae16bb: Completed APPEND_ENTRIES, lastReply: null
2023-09-07 04:51:35,238 [grpc-default-executor-3] INFO  server.GrpcServerProtocolService (GrpcServerProtocolService.java:onCompleted(155)) - 8fe090c8-98a3-4c2e-b58d-35f0bbae16bb: Completed APPEND_ENTRIES, lastRequest: null
2023-09-07 04:51:35,239 [grpc-default-executor-3] INFO  server.GrpcServerProtocolService (GrpcServerProtocolService.java:lambda$onCompleted$5(157)) - 8fe090c8-98a3-4c2e-b58d-35f0bbae16bb: Completed APPEND_ENTRIES, lastReply: serverReply {
  requestorId: "c689351a-c011-4280-903e-e1929abe1491"
  replyId: "8fe090c8-98a3-4c2e-b58d-35f0bbae16bb"
  raftGroupId {
    id: "\267\270\261\237\274\304K\003\2363\205\253\034\351\005\216"
  }
  callId: 43
  success: true
}
term: 1
nextIndex: 7
followerCommit: 6
matchIndex: 18446744073709551615
isHearbeat: true

2023-09-07 04:51:35,241 [grpc-default-executor-1] INFO  server.GrpcLogAppender (GrpcLogAppender.java:onCompleted(428)) - c689351a-c011-4280-903e-e1929abe1491@group-85AB1CE9058E->8fe090c8-98a3-4c2e-b58d-35f0bbae16bb-AppendLogResponseHandler: follower responses appendEntries COMPLETED
2023-09-07 04:51:35,242 [grpc-default-executor-1] INFO  leader.FollowerInfo (FollowerInfoImpl.java:lambda$new$0(52)) - c689351a-c011-4280-903e-e1929abe1491@group-85AB1CE9058E->8fe090c8-98a3-4c2e-b58d-35f0bbae16bb: decreaseNextIndex nextIndex: updateUnconditionally 7 -> 6
2023-09-07 04:51:35,242 [grpc-default-executor-1] INFO  server.GrpcLogAppender (GrpcLogAppender.java:onCompleted(428)) - c689351a-c011-4280-903e-e1929abe1491@group-85AB1CE9058E->8fe090c8-98a3-4c2e-b58d-35f0bbae16bb-AppendLogResponseHandler: follower responses appendEntries COMPLETED
2023-09-07 04:51:35,242 [grpc-default-executor-1] INFO  leader.FollowerInfo (FollowerInfoImpl.java:lambda$new$0(52)) - c689351a-c011-4280-903e-e1929abe1491@group-85AB1CE9058E->8fe090c8-98a3-4c2e-b58d-35f0bbae16bb: decreaseNextIndex nextIndex: updateUnconditionally 6 -> 5
2023-09-07 04:51:35,251 [c689351a-c011-4280-903e-e1929abe1491-impl-thread3] INFO  impl.StateMachineUpdater (StateMachineUpdater.java:stopAndJoin(155)) - c689351a-c011-4280-903e-e1929abe1491@group-C77B99C35E72-StateMachineUpdater: set stopIndex = 21
2023-09-07 04:51:35,251 [c689351a-c011-4280-903e-e1929abe1491@group-C77B99C35E72-FollowerState] INFO  impl.FollowerState (FollowerState.java:run(152)) - c689351a-c011-4280-903e-e1929abe1491@group-C77B99C35E72-FollowerState was interrupted
2023-09-07 04:51:35,251 [ForkJoinPool.commonPool-worker-3] INFO  server.GrpcService (GrpcService.java:closeImpl(320)) - 9f849854-0b93-4d35-a4d9-b273905b7e1f: shutdown server org.apache.ratis.grpc.server.GrpcAdminProtocolService successfully
2023-09-07 04:51:35,253 [Thread-1053] INFO  server.GrpcServerProtocolClient (GrpcServerProtocolClient.java:close(103)) - 9f849854-0b93-4d35-a4d9-b273905b7e1f Close channels
2023-09-07 04:51:35,254 [c689351a-c011-4280-903e-e1929abe1491@group-C77B99C35E72-StateMachineUpdater] INFO  ratis.ContainerStateMachine (ContainerStateMachine.java:takeSnapshot(330)) - group-C77B99C35E72: Taking a snapshot at:(t:1, i:21) file /home/runner/work/ozone/ozone/hadoop-ozone/integration-test/target/test-dir/MiniOzoneClusterImpl-d344a044-c2aa-46c6-8971-a5e8f3f75c9e/datanode-0/data/ratis/bc074d86-acaf-4846-b5ee-c77b99c35e72/sm/snapshot.1_21
2023-09-07 04:51:35,256 [Thread-1057] INFO  server.GrpcServerProtocolClient (GrpcServerProtocolClient.java:close(103)) - 8fe090c8-98a3-4c2e-b58d-35f0bbae16bb Close channels
2023-09-07 04:51:35,256 [9f849854-0b93-4d35-a4d9-b273905b7e1f-NettyServerStreamRpc-bossGroup--thread1] INFO  logging.LoggingHandler (AbstractInternalLogger.java:log(148)) - [id: 0xdf0efa6a, L:/0:0:0:0:0:0:0:0:15077] CLOSE
2023-09-07 04:51:35,262 [c689351a-c011-4280-903e-e1929abe1491@group-C77B99C35E72-StateMachineUpdater] INFO  ratis.ContainerStateMachine (ContainerStateMachine.java:takeSnapshot(341)) - group-C77B99C35E72: Finished taking a snapshot at:(t:1, i:21) file:/home/runner/work/ozone/ozone/hadoop-ozone/integration-test/target/test-dir/MiniOzoneClusterImpl-d344a044-c2aa-46c6-8971-a5e8f3f75c9e/datanode-0/data/ratis/bc074d86-acaf-4846-b5ee-c77b99c35e72/sm/snapshot.1_21 took: 7 ms
2023-09-07 04:51:35,266 [c689351a-c011-4280-903e-e1929abe1491@group-C77B99C35E72-StateMachineUpdater] INFO  impl.StateMachineUpdater (StateMachineUpdater.java:takeSnapshot(291)) - c689351a-c011-4280-903e-e1929abe1491@group-C77B99C35E72-StateMachineUpdater: Took a snapshot at index 21
2023-09-07 04:51:35,266 [c689351a-c011-4280-903e-e1929abe1491@group-C77B99C35E72-StateMachineUpdater] INFO  impl.StateMachineUpdater (StateMachineUpdater.java:lambda$new$0(97)) - c689351a-c011-4280-903e-e1929abe1491@group-C77B99C35E72-StateMachineUpdater: snapshotIndex: updateIncreasingly -1 -> 21
2023-09-07 04:51:35,267 [9f849854-0b93-4d35-a4d9-b273905b7e1f-NettyServerStreamRpc-bossGroup--thread1] INFO  logging.LoggingHandler (AbstractInternalLogger.java:log(148)) - [id: 0xdf0efa6a, L:/0:0:0:0:0:0:0:0:15077] INACTIVE
2023-09-07 04:51:35,267 [9f849854-0b93-4d35-a4d9-b273905b7e1f-NettyServerStreamRpc-bossGroup--thread1] INFO  logging.LoggingHandler (AbstractInternalLogger.java:log(148)) - [id: 0xdf0efa6a, L:/0:0:0:0:0:0:0:0:15077] UNREGISTERED
2023-09-07 04:51:35,268 [main] INFO  server.GrpcService (GrpcService.java:closeImpl(320)) - 8fe090c8-98a3-4c2e-b58d-35f0bbae16bb: shutdown server GrpcServerProtocolService successfully
2023-09-07 04:51:35,268 [main] INFO  server.GrpcService (GrpcService.java:closeImpl(311)) - 8fe090c8-98a3-4c2e-b58d-35f0bbae16bb: shutdown server org.apache.ratis.grpc.server.GrpcAdminProtocolService now
2023-09-07 04:51:35,270 [ForkJoinPool.commonPool-worker-0] INFO  server.GrpcService (GrpcService.java:closeImpl(320)) - c689351a-c011-4280-903e-e1929abe1491: shutdown server org.apache.ratis.grpc.server.GrpcClientProtocolService successfully
2023-09-07 04:51:35,270 [ForkJoinPool.commonPool-worker-0] INFO  server.GrpcService (GrpcService.java:closeImpl(311)) - c689351a-c011-4280-903e-e1929abe1491: shutdown server GrpcServerProtocolService now
2023-09-07 04:51:35,279 [c689351a-c011-4280-903e-e1929abe1491-impl-thread4] INFO  impl.StateMachineUpdater (StateMachineUpdater.java:stopAndJoin(155)) - c689351a-c011-4280-903e-e1929abe1491@group-85AB1CE9058E-StateMachineUpdater: set stopIndex = 6
2023-09-07 04:51:35,279 [c689351a-c011-4280-903e-e1929abe1491@group-85AB1CE9058E-StateMachineUpdater] INFO  ratis.ContainerStateMachine (ContainerStateMachine.java:takeSnapshot(330)) - group-85AB1CE9058E: Taking a snapshot at:(t:1, i:6) file /home/runner/work/ozone/ozone/hadoop-ozone/integration-test/target/test-dir/MiniOzoneClusterImpl-d344a044-c2aa-46c6-8971-a5e8f3f75c9e/datanode-0/data/ratis/b7b8b19f-bcc4-4b03-9e33-85ab1ce9058e/sm/snapshot.1_6
2023-09-07 04:51:35,282 [c689351a-c011-4280-903e-e1929abe1491@group-85AB1CE9058E-StateMachineUpdater] INFO  ratis.ContainerStateMachine (ContainerStateMachine.java:takeSnapshot(341)) - group-85AB1CE9058E: Finished taking a snapshot at:(t:1, i:6) file:/home/runner/work/ozone/ozone/hadoop-ozone/integration-test/target/test-dir/MiniOzoneClusterImpl-d344a044-c2aa-46c6-8971-a5e8f3f75c9e/datanode-0/data/ratis/b7b8b19f-bcc4-4b03-9e33-85ab1ce9058e/sm/snapshot.1_6 took: 4 ms
2023-09-07 04:51:35,283 [c689351a-c011-4280-903e-e1929abe1491@group-85AB1CE9058E-StateMachineUpdater] INFO  impl.StateMachineUpdater (StateMachineUpdater.java:takeSnapshot(291)) - c689351a-c011-4280-903e-e1929abe1491@group-85AB1CE9058E-StateMachineUpdater: Took a snapshot at index 6
2023-09-07 04:51:35,283 [c689351a-c011-4280-903e-e1929abe1491@group-85AB1CE9058E-StateMachineUpdater] INFO  impl.StateMachineUpdater (StateMachineUpdater.java:lambda$new$0(97)) - c689351a-c011-4280-903e-e1929abe1491@group-85AB1CE9058E-StateMachineUpdater: snapshotIndex: updateIncreasingly -1 -> 6
2023-09-07 04:51:35,283 [c689351a-c011-4280-903e-e1929abe1491-impl-thread3] INFO  server.RaftServer$Division (ServerState.java:close(472)) - c689351a-c011-4280-903e-e1929abe1491@group-C77B99C35E72: closes. applyIndex: 21
2023-09-07 04:51:35,289 [ForkJoinPool.commonPool-worker-0] INFO  server.GrpcService (GrpcService.java:closeImpl(320)) - c689351a-c011-4280-903e-e1929abe1491: shutdown server GrpcServerProtocolService successfully
2023-09-07 04:51:35,289 [ForkJoinPool.commonPool-worker-0] INFO  server.GrpcService (GrpcService.java:closeImpl(311)) - c689351a-c011-4280-903e-e1929abe1491: shutdown server org.apache.ratis.grpc.server.GrpcAdminProtocolService now
2023-09-07 04:51:35,294 [main] INFO  server.GrpcService (GrpcService.java:closeImpl(320)) - 8fe090c8-98a3-4c2e-b58d-35f0bbae16bb: shutdown server org.apache.ratis.grpc.server.GrpcAdminProtocolService successfully
2023-09-07 04:51:35,294 [c689351a-c011-4280-903e-e1929abe1491-impl-thread4] INFO  server.RaftServer$Division (ServerState.java:close(472)) - c689351a-c011-4280-903e-e1929abe1491@group-85AB1CE9058E: closes. applyIndex: 6
2023-09-07 04:51:35,294 [8fe090c8-98a3-4c2e-b58d-35f0bbae16bb-NettyServerStreamRpc-bossGroup--thread1] INFO  logging.LoggingHandler (AbstractInternalLogger.java:log(148)) - [id: 0xbb9de33f, L:/0:0:0:0:0:0:0:0:15086] CLOSE
2023-09-07 04:51:35,295 [8fe090c8-98a3-4c2e-b58d-35f0bbae16bb-NettyServerStreamRpc-bossGroup--thread1] INFO  logging.LoggingHandler (AbstractInternalLogger.java:log(148)) - [id: 0xbb9de33f, L:/0:0:0:0:0:0:0:0:15086] INACTIVE
2023-09-07 04:51:35,295 [8fe090c8-98a3-4c2e-b58d-35f0bbae16bb-NettyServerStreamRpc-bossGroup--thread1] INFO  logging.LoggingHandler (AbstractInternalLogger.java:log(148)) - [id: 0xbb9de33f, L:/0:0:0:0:0:0:0:0:15086] UNREGISTERED
2023-09-07 04:51:35,301 [ForkJoinPool.commonPool-worker-0] INFO  server.GrpcService (GrpcService.java:closeImpl(320)) - c689351a-c011-4280-903e-e1929abe1491: shutdown server org.apache.ratis.grpc.server.GrpcAdminProtocolService successfully
2023-09-07 04:51:35,301 [c689351a-c011-4280-903e-e1929abe1491-NettyServerStreamRpc-bossGroup--thread1] INFO  logging.LoggingHandler (AbstractInternalLogger.java:log(148)) - [id: 0xbbc44e37, L:/0:0:0:0:0:0:0:0:15068] CLOSE
2023-09-07 04:51:35,302 [c689351a-c011-4280-903e-e1929abe1491-NettyServerStreamRpc-bossGroup--thread1] INFO  logging.LoggingHandler (AbstractInternalLogger.java:log(148)) - [id: 0xbbc44e37, L:/0:0:0:0:0:0:0:0:15068] INACTIVE
2023-09-07 04:51:35,302 [c689351a-c011-4280-903e-e1929abe1491-NettyServerStreamRpc-bossGroup--thread1] INFO  logging.LoggingHandler (AbstractInternalLogger.java:log(148)) - [id: 0xbbc44e37, L:/0:0:0:0:0:0:0:0:15068] UNREGISTERED
2023-09-07 04:51:35,334 [ForkJoinPool.commonPool-worker-1] INFO  ozoneimpl.OzoneContainer (OzoneContainer.java:stop(451)) - Attempting to stop container services.
2023-09-07 04:51:35,339 [8fe090c8-98a3-4c2e-b58d-35f0bbae16bb-impl-thread3] INFO  segmented.SegmentedRaftLogWorker (SegmentedRaftLogWorker.java:close(252)) - 8fe090c8-98a3-4c2e-b58d-35f0bbae16bb@group-93F258C19032-SegmentedRaftLogWorker close()
2023-09-07 04:51:35,346 [c689351a-c011-4280-903e-e1929abe1491-impl-thread2] INFO  segmented.SegmentedRaftLogWorker (SegmentedRaftLogWorker.java:close(252)) - c689351a-c011-4280-903e-e1929abe1491@group-B02AECF5C372-SegmentedRaftLogWorker close()
2023-09-07 04:51:35,348 [9f849854-0b93-4d35-a4d9-b273905b7e1f-impl-thread4] INFO  segmented.SegmentedRaftLogWorker (SegmentedRaftLogWorker.java:close(252)) - 9f849854-0b93-4d35-a4d9-b273905b7e1f@group-85AB1CE9058E-SegmentedRaftLogWorker close()
2023-09-07 04:51:35,354 [9f849854-0b93-4d35-a4d9-b273905b7e1f-impl-thread2] INFO  segmented.SegmentedRaftLogWorker (SegmentedRaftLogWorker.java:close(252)) - 9f849854-0b93-4d35-a4d9-b273905b7e1f@group-94C7CB4EFF97-SegmentedRaftLogWorker close()
2023-09-07 04:51:35,354 [8fe090c8-98a3-4c2e-b58d-35f0bbae16bb-impl-thread4] INFO  segmented.SegmentedRaftLogWorker (SegmentedRaftLogWorker.java:close(252)) - 8fe090c8-98a3-4c2e-b58d-35f0bbae16bb@group-85AB1CE9058E-SegmentedRaftLogWorker close()
2023-09-07 04:51:35,356 [ForkJoinPool.commonPool-worker-1] INFO  server.RaftServer (RaftServerProxy.java:lambda$close$6(416)) - 749eea05-78f7-4cc7-a6e4-2ed9a747c6c9: close
2023-09-07 04:51:35,359 [c689351a-c011-4280-903e-e1929abe1491-impl-thread4] INFO  segmented.SegmentedRaftLogWorker (SegmentedRaftLogWorker.java:close(252)) - c689351a-c011-4280-903e-e1929abe1491@group-85AB1CE9058E-SegmentedRaftLogWorker close()
2023-09-07 04:51:35,360 [ForkJoinPool.commonPool-worker-1] INFO  server.GrpcService (GrpcService.java:closeImpl(311)) - 749eea05-78f7-4cc7-a6e4-2ed9a747c6c9: shutdown server org.apache.ratis.grpc.server.GrpcClientProtocolService now
2023-09-07 04:51:35,361 [ForkJoinPool.commonPool-worker-1] INFO  server.GrpcService (GrpcService.java:closeImpl(320)) - 749eea05-78f7-4cc7-a6e4-2ed9a747c6c9: shutdown server org.apache.ratis.grpc.server.GrpcClientProtocolService successfully
2023-09-07 04:51:35,361 [ForkJoinPool.commonPool-worker-1] INFO  server.GrpcService (GrpcService.java:closeImpl(311)) - 749eea05-78f7-4cc7-a6e4-2ed9a747c6c9: shutdown server GrpcServerProtocolService now
2023-09-07 04:51:35,363 [ForkJoinPool.commonPool-worker-1] INFO  server.GrpcService (GrpcService.java:closeImpl(320)) - 749eea05-78f7-4cc7-a6e4-2ed9a747c6c9: shutdown server GrpcServerProtocolService successfully
2023-09-07 04:51:35,363 [ForkJoinPool.commonPool-worker-1] INFO  server.GrpcService (GrpcService.java:closeImpl(311)) - 749eea05-78f7-4cc7-a6e4-2ed9a747c6c9: shutdown server org.apache.ratis.grpc.server.GrpcAdminProtocolService now
2023-09-07 04:51:35,371 [ForkJoinPool.commonPool-worker-2] INFO  ozoneimpl.OzoneContainer (OzoneContainer.java:stop(451)) - Attempting to stop container services.
2023-09-07 04:51:35,372 [ForkJoinPool.commonPool-worker-2] INFO  server.RaftServer (RaftServerProxy.java:lambda$close$6(416)) - ae2613ee-de6d-4587-a078-710b5812316a: close
2023-09-07 04:51:35,372 [ForkJoinPool.commonPool-worker-2] INFO  server.GrpcService (GrpcService.java:closeImpl(311)) - ae2613ee-de6d-4587-a078-710b5812316a: shutdown server org.apache.ratis.grpc.server.GrpcClientProtocolService now
2023-09-07 04:51:35,372 [ae2613ee-de6d-4587-a078-710b5812316a-impl-thread2] INFO  server.RaftServer$Division (RaftServerImpl.java:lambda$close$4(466)) - ae2613ee-de6d-4587-a078-710b5812316a@group-77F33946D1AC: shutdown
2023-09-07 04:51:35,372 [ae2613ee-de6d-4587-a078-710b5812316a-impl-thread2] INFO  util.JmxRegister (JmxRegister.java:unregister(73)) - Successfully un-registered JMX Bean with object name Ratis:service=RaftServer,group=group-77F33946D1AC,id=ae2613ee-de6d-4587-a078-710b5812316a
2023-09-07 04:51:35,372 [ae2613ee-de6d-4587-a078-710b5812316a-impl-thread2] INFO  impl.RoleInfo (RoleInfo.java:shutdownLeaderState(93)) - ae2613ee-de6d-4587-a078-710b5812316a: shutdown ae2613ee-de6d-4587-a078-710b5812316a@group-77F33946D1AC-LeaderStateImpl
2023-09-07 04:51:35,372 [ae2613ee-de6d-4587-a078-710b5812316a-impl-thread2] INFO  impl.PendingRequests (PendingRequests.java:sendNotLeaderResponses(289)) - ae2613ee-de6d-4587-a078-710b5812316a@group-77F33946D1AC-PendingRequests: sendNotLeaderResponses
2023-09-07 04:51:35,373 [ae2613ee-de6d-4587-a078-710b5812316a-impl-thread2] INFO  impl.StateMachineUpdater (StateMachineUpdater.java:stopAndJoin(155)) - ae2613ee-de6d-4587-a078-710b5812316a@group-77F33946D1AC-StateMachineUpdater: set stopIndex = 0
2023-09-07 04:51:35,373 [ae2613ee-de6d-4587-a078-710b5812316a@group-77F33946D1AC-StateMachineUpdater] INFO  ratis.ContainerStateMachine (ContainerStateMachine.java:takeSnapshot(330)) - group-77F33946D1AC: Taking a snapshot at:(t:1, i:0) file /home/runner/work/ozone/ozone/hadoop-ozone/integration-test/target/test-dir/MiniOzoneClusterImpl-d344a044-c2aa-46c6-8971-a5e8f3f75c9e/datanode-3/data/ratis/e552724c-b61a-4989-ad52-77f33946d1ac/sm/snapshot.1_0
2023-09-07 04:51:35,373 [ForkJoinPool.commonPool-worker-2] INFO  server.GrpcService (GrpcService.java:closeImpl(320)) - ae2613ee-de6d-4587-a078-710b5812316a: shutdown server org.apache.ratis.grpc.server.GrpcClientProtocolService successfully
2023-09-07 04:51:35,373 [ForkJoinPool.commonPool-worker-2] INFO  server.GrpcService (GrpcService.java:closeImpl(311)) - ae2613ee-de6d-4587-a078-710b5812316a: shutdown server GrpcServerProtocolService now
2023-09-07 04:51:35,375 [749eea05-78f7-4cc7-a6e4-2ed9a747c6c9-impl-thread2] INFO  server.RaftServer$Division (RaftServerImpl.java:lambda$close$4(466)) - 749eea05-78f7-4cc7-a6e4-2ed9a747c6c9@group-7FD7EECF8BDF: shutdown
2023-09-07 04:51:35,375 [ae2613ee-de6d-4587-a078-710b5812316a@group-77F33946D1AC-StateMachineUpdater] INFO  ratis.ContainerStateMachine (ContainerStateMachine.java:takeSnapshot(341)) - group-77F33946D1AC: Finished taking a snapshot at:(t:1, i:0) file:/home/runner/work/ozone/ozone/hadoop-ozone/integration-test/target/test-dir/MiniOzoneClusterImpl-d344a044-c2aa-46c6-8971-a5e8f3f75c9e/datanode-3/data/ratis/e552724c-b61a-4989-ad52-77f33946d1ac/sm/snapshot.1_0 took: 2 ms
2023-09-07 04:51:35,375 [ae2613ee-de6d-4587-a078-710b5812316a@group-77F33946D1AC-StateMachineUpdater] INFO  impl.StateMachineUpdater (StateMachineUpdater.java:takeSnapshot(291)) - ae2613ee-de6d-4587-a078-710b5812316a@group-77F33946D1AC-StateMachineUpdater: Took a snapshot at index 0
2023-09-07 04:51:35,376 [ae2613ee-de6d-4587-a078-710b5812316a@group-77F33946D1AC-StateMachineUpdater] INFO  impl.StateMachineUpdater (StateMachineUpdater.java:lambda$new$0(97)) - ae2613ee-de6d-4587-a078-710b5812316a@group-77F33946D1AC-StateMachineUpdater: snapshotIndex: updateIncreasingly -1 -> 0
2023-09-07 04:51:35,376 [ae2613ee-de6d-4587-a078-710b5812316a-impl-thread2] INFO  server.RaftServer$Division (ServerState.java:close(472)) - ae2613ee-de6d-4587-a078-710b5812316a@group-77F33946D1AC: closes. applyIndex: 0
2023-09-07 04:51:35,377 [ForkJoinPool.commonPool-worker-1] INFO  server.GrpcService (GrpcService.java:closeImpl(320)) - 749eea05-78f7-4cc7-a6e4-2ed9a747c6c9: shutdown server org.apache.ratis.grpc.server.GrpcAdminProtocolService successfully
2023-09-07 04:51:35,378 [749eea05-78f7-4cc7-a6e4-2ed9a747c6c9-impl-thread2] INFO  util.JmxRegister (JmxRegister.java:unregister(73)) - Successfully un-registered JMX Bean with object name Ratis:service=RaftServer,group=group-7FD7EECF8BDF,id=749eea05-78f7-4cc7-a6e4-2ed9a747c6c9
2023-09-07 04:51:35,378 [749eea05-78f7-4cc7-a6e4-2ed9a747c6c9-impl-thread2] INFO  impl.RoleInfo (RoleInfo.java:shutdownLeaderState(93)) - 749eea05-78f7-4cc7-a6e4-2ed9a747c6c9: shutdown 749eea05-78f7-4cc7-a6e4-2ed9a747c6c9@group-7FD7EECF8BDF-LeaderStateImpl
2023-09-07 04:51:35,375 [ForkJoinPool.commonPool-worker-2] INFO  server.GrpcService (GrpcService.java:closeImpl(320)) - ae2613ee-de6d-4587-a078-710b5812316a: shutdown server GrpcServerProtocolService successfully
2023-09-07 04:51:35,378 [ForkJoinPool.commonPool-worker-2] INFO  server.GrpcService (GrpcService.java:closeImpl(311)) - ae2613ee-de6d-4587-a078-710b5812316a: shutdown server org.apache.ratis.grpc.server.GrpcAdminProtocolService now
2023-09-07 04:51:35,378 [749eea05-78f7-4cc7-a6e4-2ed9a747c6c9-impl-thread2] INFO  impl.PendingRequests (PendingRequests.java:sendNotLeaderResponses(289)) - 749eea05-78f7-4cc7-a6e4-2ed9a747c6c9@group-7FD7EECF8BDF-PendingRequests: sendNotLeaderResponses
2023-09-07 04:51:35,378 [749eea05-78f7-4cc7-a6e4-2ed9a747c6c9-NettyServerStreamRpc-bossGroup--thread1] INFO  logging.LoggingHandler (AbstractInternalLogger.java:log(148)) - [id: 0x62681cf9, L:/0:0:0:0:0:0:0:0:15104] CLOSE
2023-09-07 04:51:35,381 [749eea05-78f7-4cc7-a6e4-2ed9a747c6c9-NettyServerStreamRpc-bossGroup--thread1] INFO  logging.LoggingHandler (AbstractInternalLogger.java:log(148)) - [id: 0x62681cf9, L:/0:0:0:0:0:0:0:0:15104] INACTIVE
2023-09-07 04:51:35,381 [749eea05-78f7-4cc7-a6e4-2ed9a747c6c9-NettyServerStreamRpc-bossGroup--thread1] INFO  logging.LoggingHandler (AbstractInternalLogger.java:log(148)) - [id: 0x62681cf9, L:/0:0:0:0:0:0:0:0:15104] UNREGISTERED
2023-09-07 04:51:35,382 [749eea05-78f7-4cc7-a6e4-2ed9a747c6c9-impl-thread2] INFO  impl.StateMachineUpdater (StateMachineUpdater.java:stopAndJoin(155)) - 749eea05-78f7-4cc7-a6e4-2ed9a747c6c9@group-7FD7EECF8BDF-StateMachineUpdater: set stopIndex = 0
2023-09-07 04:51:35,382 [749eea05-78f7-4cc7-a6e4-2ed9a747c6c9@group-7FD7EECF8BDF-StateMachineUpdater] INFO  ratis.ContainerStateMachine (ContainerStateMachine.java:takeSnapshot(330)) - group-7FD7EECF8BDF: Taking a snapshot at:(t:1, i:0) file /home/runner/work/ozone/ozone/hadoop-ozone/integration-test/target/test-dir/MiniOzoneClusterImpl-d344a044-c2aa-46c6-8971-a5e8f3f75c9e/datanode-4/data/ratis/ac797abc-1a6e-4177-b30d-7fd7eecf8bdf/sm/snapshot.1_0
2023-09-07 04:51:35,383 [749eea05-78f7-4cc7-a6e4-2ed9a747c6c9@group-7FD7EECF8BDF-StateMachineUpdater] INFO  ratis.ContainerStateMachine (ContainerStateMachine.java:takeSnapshot(341)) - group-7FD7EECF8BDF: Finished taking a snapshot at:(t:1, i:0) file:/home/runner/work/ozone/ozone/hadoop-ozone/integration-test/target/test-dir/MiniOzoneClusterImpl-d344a044-c2aa-46c6-8971-a5e8f3f75c9e/datanode-4/data/ratis/ac797abc-1a6e-4177-b30d-7fd7eecf8bdf/sm/snapshot.1_0 took: 1 ms
2023-09-07 04:51:35,383 [749eea05-78f7-4cc7-a6e4-2ed9a747c6c9@group-7FD7EECF8BDF-StateMachineUpdater] INFO  impl.StateMachineUpdater (StateMachineUpdater.java:takeSnapshot(291)) - 749eea05-78f7-4cc7-a6e4-2ed9a747c6c9@group-7FD7EECF8BDF-StateMachineUpdater: Took a snapshot at index 0
2023-09-07 04:51:35,383 [749eea05-78f7-4cc7-a6e4-2ed9a747c6c9@group-7FD7EECF8BDF-StateMachineUpdater] INFO  impl.StateMachineUpdater (StateMachineUpdater.java:lambda$new$0(97)) - 749eea05-78f7-4cc7-a6e4-2ed9a747c6c9@group-7FD7EECF8BDF-StateMachineUpdater: snapshotIndex: updateIncreasingly -1 -> 0
2023-09-07 04:51:35,383 [749eea05-78f7-4cc7-a6e4-2ed9a747c6c9-impl-thread2] INFO  server.RaftServer$Division (ServerState.java:close(472)) - 749eea05-78f7-4cc7-a6e4-2ed9a747c6c9@group-7FD7EECF8BDF: closes. applyIndex: 0
2023-09-07 04:51:35,392 [ForkJoinPool.commonPool-worker-2] INFO  server.GrpcService (GrpcService.java:closeImpl(320)) - ae2613ee-de6d-4587-a078-710b5812316a: shutdown server org.apache.ratis.grpc.server.GrpcAdminProtocolService successfully
2023-09-07 04:51:35,392 [ae2613ee-de6d-4587-a078-710b5812316a-NettyServerStreamRpc-bossGroup--thread1] INFO  logging.LoggingHandler (AbstractInternalLogger.java:log(148)) - [id: 0x5d31976b, L:/0:0:0:0:0:0:0:0:15095] CLOSE
2023-09-07 04:51:35,392 [ae2613ee-de6d-4587-a078-710b5812316a-NettyServerStreamRpc-bossGroup--thread1] INFO  logging.LoggingHandler (AbstractInternalLogger.java:log(148)) - [id: 0x5d31976b, L:/0:0:0:0:0:0:0:0:15095] INACTIVE
2023-09-07 04:51:35,393 [ae2613ee-de6d-4587-a078-710b5812316a-NettyServerStreamRpc-bossGroup--thread1] INFO  logging.LoggingHandler (AbstractInternalLogger.java:log(148)) - [id: 0x5d31976b, L:/0:0:0:0:0:0:0:0:15095] UNREGISTERED
2023-09-07 04:51:36,015 [9f849854-0b93-4d35-a4d9-b273905b7e1f-impl-thread3] INFO  segmented.SegmentedRaftLogWorker (SegmentedRaftLogWorker.java:close(252)) - 9f849854-0b93-4d35-a4d9-b273905b7e1f@group-C77B99C35E72-SegmentedRaftLogWorker close()
2023-09-07 04:51:36,017 [JvmPauseMonitor10] INFO  util.JvmPauseMonitor (JvmPauseMonitor.java:run(109)) - JvmPauseMonitor-9f849854-0b93-4d35-a4d9-b273905b7e1f: Stopped
2023-09-07 04:51:36,045 [8fe090c8-98a3-4c2e-b58d-35f0bbae16bb-impl-thread2] INFO  segmented.SegmentedRaftLogWorker (SegmentedRaftLogWorker.java:close(252)) - 8fe090c8-98a3-4c2e-b58d-35f0bbae16bb@group-C77B99C35E72-SegmentedRaftLogWorker close()
2023-09-07 04:51:36,047 [c689351a-c011-4280-903e-e1929abe1491-impl-thread3] INFO  segmented.SegmentedRaftLogWorker (SegmentedRaftLogWorker.java:close(252)) - c689351a-c011-4280-903e-e1929abe1491@group-C77B99C35E72-SegmentedRaftLogWorker close()
2023-09-07 04:51:36,050 [JvmPauseMonitor9] INFO  util.JvmPauseMonitor (JvmPauseMonitor.java:run(109)) - JvmPauseMonitor-c689351a-c011-4280-903e-e1929abe1491: Stopped
2023-09-07 04:51:36,053 [JvmPauseMonitor11] INFO  util.JvmPauseMonitor (JvmPauseMonitor.java:run(109)) - JvmPauseMonitor-8fe090c8-98a3-4c2e-b58d-35f0bbae16bb: Stopped
2023-09-07 04:51:36,351 [749eea05-78f7-4cc7-a6e4-2ed9a747c6c9-impl-thread2] INFO  segmented.SegmentedRaftLogWorker (SegmentedRaftLogWorker.java:close(252)) - 749eea05-78f7-4cc7-a6e4-2ed9a747c6c9@group-7FD7EECF8BDF-SegmentedRaftLogWorker close()
2023-09-07 04:51:36,351 [JvmPauseMonitor13] INFO  util.JvmPauseMonitor (JvmPauseMonitor.java:run(109)) - JvmPauseMonitor-749eea05-78f7-4cc7-a6e4-2ed9a747c6c9: Stopped
2023-09-07 04:51:36,354 [ae2613ee-de6d-4587-a078-710b5812316a-impl-thread2] INFO  segmented.SegmentedRaftLogWorker (SegmentedRaftLogWorker.java:close(252)) - ae2613ee-de6d-4587-a078-710b5812316a@group-77F33946D1AC-SegmentedRaftLogWorker close()
2023-09-07 04:51:36,354 [JvmPauseMonitor12] INFO  util.JvmPauseMonitor (JvmPauseMonitor.java:run(109)) - JvmPauseMonitor-ae2613ee-de6d-4587-a078-710b5812316a: Stopped
2023-09-07 04:51:38,022 [ForkJoinPool.commonPool-worker-3] INFO  utils.DatanodeStoreCache (DatanodeStoreCache.java:shutdownCache(110)) - Skip clearing cache in mini cluster mode. Entries left: [/home/runner/work/ozone/ozone/hadoop-ozone/integration-test/target/test-dir/MiniOzoneClusterImpl-d344a044-c2aa-46c6-8971-a5e8f3f75c9e/datanode-0/data-0/containers/hdds/d344a044-c2aa-46c6-8971-a5e8f3f75c9e/DS-98f07399-9097-4c72-8a02-1d4d227743f2/container.db, /home/runner/work/ozone/ozone/hadoop-ozone/integration-test/target/test-dir/MiniOzoneClusterImpl-d344a044-c2aa-46c6-8971-a5e8f3f75c9e/datanode-1/data-0/containers/hdds/d344a044-c2aa-46c6-8971-a5e8f3f75c9e/DS-408bbe3f-841b-4250-9783-7b0c66d5dcfa/container.db, /home/runner/work/ozone/ozone/hadoop-ozone/integration-test/target/test-dir/MiniOzoneClusterImpl-d344a044-c2aa-46c6-8971-a5e8f3f75c9e/datanode-2/data-0/containers/hdds/d344a044-c2aa-46c6-8971-a5e8f3f75c9e/DS-6bf22fd3-3e34-4539-a097-c206cc522871/container.db, /home/runner/work/ozone/ozone/hadoop-ozone/integration-test/target/test-dir/MiniOzoneClusterImpl-d344a044-c2aa-46c6-8971-a5e8f3f75c9e/datanode-3/data-0/containers/hdds/d344a044-c2aa-46c6-8971-a5e8f3f75c9e/DS-3b04e06c-2c3f-4276-86ff-6088a3ce4f6a/container.db, /home/runner/work/ozone/ozone/hadoop-ozone/integration-test/target/test-dir/MiniOzoneClusterImpl-d344a044-c2aa-46c6-8971-a5e8f3f75c9e/datanode-4/data-0/containers/hdds/d344a044-c2aa-46c6-8971-a5e8f3f75c9e/DS-9a1e0dae-ac78-4e27-858d-00b22174d8b5/container.db]
2023-09-07 04:51:38,028 [ForkJoinPool.commonPool-worker-3] INFO  utils.DatanodeStoreCache (DatanodeStoreCache.java:removeDB(104)) - Removed db /home/runner/work/ozone/ozone/hadoop-ozone/integration-test/target/test-dir/MiniOzoneClusterImpl-d344a044-c2aa-46c6-8971-a5e8f3f75c9e/datanode-1/data-0/containers/hdds/d344a044-c2aa-46c6-8971-a5e8f3f75c9e/DS-408bbe3f-841b-4250-9783-7b0c66d5dcfa/container.db from cache
2023-09-07 04:51:38,028 [ForkJoinPool.commonPool-worker-3] INFO  volume.HddsVolume (HddsVolume.java:closeDbStore(453)) - SchemaV3 db is stopped at /home/runner/work/ozone/ozone/hadoop-ozone/integration-test/target/test-dir/MiniOzoneClusterImpl-d344a044-c2aa-46c6-8971-a5e8f3f75c9e/datanode-1/data-0/containers/hdds/d344a044-c2aa-46c6-8971-a5e8f3f75c9e/DS-408bbe3f-841b-4250-9783-7b0c66d5dcfa/container.db for volume DS-408bbe3f-841b-4250-9783-7b0c66d5dcfa
2023-09-07 04:51:38,029 [ForkJoinPool.commonPool-worker-3] INFO  utils.BackgroundService (BackgroundService.java:shutdown(141)) - Shutting down service BlockDeletingService
2023-09-07 04:51:38,030 [ForkJoinPool.commonPool-worker-3] INFO  utils.BackgroundService (BackgroundService.java:shutdown(141)) - Shutting down service StaleRecoveringContainerScrubbingService
2023-09-07 04:51:38,036 [ForkJoinPool.commonPool-worker-3] INFO  statemachine.DatanodeStateMachine (DatanodeStateMachine.java:stopDaemon(620)) - Ozone container server stopped.
2023-09-07 04:51:38,056 [ForkJoinPool.commonPool-worker-3] INFO  handler.ContextHandler (ContextHandler.java:doStop(1159)) - Stopped o.e.j.w.WebAppContext@5737d839{hddsDatanode,/,null,STOPPED}{jar:file:/home/runner/.m2/repository/org/apache/ozone/hdds-container-service/1.4.0-SNAPSHOT/hdds-container-service-1.4.0-SNAPSHOT.jar!/webapps/hddsDatanode}
2023-09-07 04:51:38,057 [main] INFO  utils.DatanodeStoreCache (DatanodeStoreCache.java:shutdownCache(110)) - Skip clearing cache in mini cluster mode. Entries left: [/home/runner/work/ozone/ozone/hadoop-ozone/integration-test/target/test-dir/MiniOzoneClusterImpl-d344a044-c2aa-46c6-8971-a5e8f3f75c9e/datanode-0/data-0/containers/hdds/d344a044-c2aa-46c6-8971-a5e8f3f75c9e/DS-98f07399-9097-4c72-8a02-1d4d227743f2/container.db, /home/runner/work/ozone/ozone/hadoop-ozone/integration-test/target/test-dir/MiniOzoneClusterImpl-d344a044-c2aa-46c6-8971-a5e8f3f75c9e/datanode-2/data-0/containers/hdds/d344a044-c2aa-46c6-8971-a5e8f3f75c9e/DS-6bf22fd3-3e34-4539-a097-c206cc522871/container.db, /home/runner/work/ozone/ozone/hadoop-ozone/integration-test/target/test-dir/MiniOzoneClusterImpl-d344a044-c2aa-46c6-8971-a5e8f3f75c9e/datanode-3/data-0/containers/hdds/d344a044-c2aa-46c6-8971-a5e8f3f75c9e/DS-3b04e06c-2c3f-4276-86ff-6088a3ce4f6a/container.db, /home/runner/work/ozone/ozone/hadoop-ozone/integration-test/target/test-dir/MiniOzoneClusterImpl-d344a044-c2aa-46c6-8971-a5e8f3f75c9e/datanode-4/data-0/containers/hdds/d344a044-c2aa-46c6-8971-a5e8f3f75c9e/DS-9a1e0dae-ac78-4e27-858d-00b22174d8b5/container.db]
2023-09-07 04:51:38,059 [ForkJoinPool.commonPool-worker-0] INFO  utils.DatanodeStoreCache (DatanodeStoreCache.java:shutdownCache(110)) - Skip clearing cache in mini cluster mode. Entries left: [/home/runner/work/ozone/ozone/hadoop-ozone/integration-test/target/test-dir/MiniOzoneClusterImpl-d344a044-c2aa-46c6-8971-a5e8f3f75c9e/datanode-0/data-0/containers/hdds/d344a044-c2aa-46c6-8971-a5e8f3f75c9e/DS-98f07399-9097-4c72-8a02-1d4d227743f2/container.db, /home/runner/work/ozone/ozone/hadoop-ozone/integration-test/target/test-dir/MiniOzoneClusterImpl-d344a044-c2aa-46c6-8971-a5e8f3f75c9e/datanode-3/data-0/containers/hdds/d344a044-c2aa-46c6-8971-a5e8f3f75c9e/DS-3b04e06c-2c3f-4276-86ff-6088a3ce4f6a/container.db, /home/runner/work/ozone/ozone/hadoop-ozone/integration-test/target/test-dir/MiniOzoneClusterImpl-d344a044-c2aa-46c6-8971-a5e8f3f75c9e/datanode-4/data-0/containers/hdds/d344a044-c2aa-46c6-8971-a5e8f3f75c9e/DS-9a1e0dae-ac78-4e27-858d-00b22174d8b5/container.db]
2023-09-07 04:51:38,059 [ForkJoinPool.commonPool-worker-3] INFO  server.AbstractConnector (AbstractConnector.java:doStop(383)) - Stopped ServerConnector@678e8bf2{HTTP/1.1, (http/1.1)}{0.0.0.0:15071}
2023-09-07 04:51:38,059 [ForkJoinPool.commonPool-worker-3] INFO  server.session (HouseKeeper.java:stopScavenging(149)) - node0 Stopped scavenging
2023-09-07 04:51:38,059 [ForkJoinPool.commonPool-worker-3] INFO  handler.ContextHandler (ContextHandler.java:doStop(1159)) - Stopped o.e.j.s.ServletContextHandler@7bec1342{static,/static,jar:file:/home/runner/.m2/repository/org/apache/ozone/hdds-container-service/1.4.0-SNAPSHOT/hdds-container-service-1.4.0-SNAPSHOT.jar!/webapps/static,STOPPED}
2023-09-07 04:51:38,060 [main] INFO  utils.DatanodeStoreCache (DatanodeStoreCache.java:removeDB(104)) - Removed db /home/runner/work/ozone/ozone/hadoop-ozone/integration-test/target/test-dir/MiniOzoneClusterImpl-d344a044-c2aa-46c6-8971-a5e8f3f75c9e/datanode-2/data-0/containers/hdds/d344a044-c2aa-46c6-8971-a5e8f3f75c9e/DS-6bf22fd3-3e34-4539-a097-c206cc522871/container.db from cache
2023-09-07 04:51:38,060 [ForkJoinPool.commonPool-worker-3] INFO  handler.ContextHandler (ContextHandler.java:doStop(1159)) - Stopped o.e.j.s.ServletContextHandler@777777f2{logs,/logs,file:///home/runner/work/ozone/ozone/hadoop-ozone/integration-test/target/log,STOPPED}
2023-09-07 04:51:38,061 [main] INFO  volume.HddsVolume (HddsVolume.java:closeDbStore(453)) - SchemaV3 db is stopped at /home/runner/work/ozone/ozone/hadoop-ozone/integration-test/target/test-dir/MiniOzoneClusterImpl-d344a044-c2aa-46c6-8971-a5e8f3f75c9e/datanode-2/data-0/containers/hdds/d344a044-c2aa-46c6-8971-a5e8f3f75c9e/DS-6bf22fd3-3e34-4539-a097-c206cc522871/container.db for volume DS-6bf22fd3-3e34-4539-a097-c206cc522871
2023-09-07 04:51:38,061 [main] INFO  utils.BackgroundService (BackgroundService.java:shutdown(141)) - Shutting down service BlockDeletingService
2023-09-07 04:51:38,067 [main] INFO  utils.BackgroundService (BackgroundService.java:shutdown(141)) - Shutting down service StaleRecoveringContainerScrubbingService
2023-09-07 04:51:38,067 [ForkJoinPool.commonPool-worker-3] INFO  ozone.HddsDatanodeClientProtocolServer (HddsDatanodeClientProtocolServer.java:stop(78)) - Stopping the RPC server for Client Protocol
2023-09-07 04:51:38,071 [ForkJoinPool.commonPool-worker-3] INFO  ipc.Server (Server.java:stop(3523)) - Stopping server on 15072
2023-09-07 04:51:38,076 [ForkJoinPool.commonPool-worker-0] INFO  utils.DatanodeStoreCache (DatanodeStoreCache.java:removeDB(104)) - Removed db /home/runner/work/ozone/ozone/hadoop-ozone/integration-test/target/test-dir/MiniOzoneClusterImpl-d344a044-c2aa-46c6-8971-a5e8f3f75c9e/datanode-0/data-0/containers/hdds/d344a044-c2aa-46c6-8971-a5e8f3f75c9e/DS-98f07399-9097-4c72-8a02-1d4d227743f2/container.db from cache
2023-09-07 04:51:38,076 [ForkJoinPool.commonPool-worker-0] INFO  volume.HddsVolume (HddsVolume.java:closeDbStore(453)) - SchemaV3 db is stopped at /home/runner/work/ozone/ozone/hadoop-ozone/integration-test/target/test-dir/MiniOzoneClusterImpl-d344a044-c2aa-46c6-8971-a5e8f3f75c9e/datanode-0/data-0/containers/hdds/d344a044-c2aa-46c6-8971-a5e8f3f75c9e/DS-98f07399-9097-4c72-8a02-1d4d227743f2/container.db for volume DS-98f07399-9097-4c72-8a02-1d4d227743f2
2023-09-07 04:51:38,077 [ForkJoinPool.commonPool-worker-0] INFO  utils.BackgroundService (BackgroundService.java:shutdown(141)) - Shutting down service BlockDeletingService
2023-09-07 04:51:38,078 [main] INFO  statemachine.DatanodeStateMachine (DatanodeStateMachine.java:stopDaemon(620)) - Ozone container server stopped.
2023-09-07 04:51:38,082 [ForkJoinPool.commonPool-worker-0] INFO  utils.BackgroundService (BackgroundService.java:shutdown(141)) - Shutting down service StaleRecoveringContainerScrubbingService
2023-09-07 04:51:38,095 [ForkJoinPool.commonPool-worker-0] INFO  statemachine.DatanodeStateMachine (DatanodeStateMachine.java:stopDaemon(620)) - Ozone container server stopped.
2023-09-07 04:51:38,096 [IPC Server listener on 15072] INFO  ipc.Server (Server.java:run(1434)) - Stopping IPC Server listener on 15072
2023-09-07 04:51:38,096 [IPC Server Responder] INFO  ipc.Server (Server.java:run(1567)) - Stopping IPC Server Responder
2023-09-07 04:51:38,107 [main] INFO  handler.ContextHandler (ContextHandler.java:doStop(1159)) - Stopped o.e.j.w.WebAppContext@5ee16a6d{hddsDatanode,/,null,STOPPED}{jar:file:/home/runner/.m2/repository/org/apache/ozone/hdds-container-service/1.4.0-SNAPSHOT/hdds-container-service-1.4.0-SNAPSHOT.jar!/webapps/hddsDatanode}
2023-09-07 04:51:38,109 [main] INFO  server.AbstractConnector (AbstractConnector.java:doStop(383)) - Stopped ServerConnector@769af58e{HTTP/1.1, (http/1.1)}{0.0.0.0:15080}
2023-09-07 04:51:38,109 [main] INFO  server.session (HouseKeeper.java:stopScavenging(149)) - node0 Stopped scavenging
2023-09-07 04:51:38,110 [main] INFO  handler.ContextHandler (ContextHandler.java:doStop(1159)) - Stopped o.e.j.s.ServletContextHandler@6a9c08c9{static,/static,jar:file:/home/runner/.m2/repository/org/apache/ozone/hdds-container-service/1.4.0-SNAPSHOT/hdds-container-service-1.4.0-SNAPSHOT.jar!/webapps/static,STOPPED}
2023-09-07 04:51:38,115 [ForkJoinPool.commonPool-worker-0] INFO  handler.ContextHandler (ContextHandler.java:doStop(1159)) - Stopped o.e.j.w.WebAppContext@33518754{hddsDatanode,/,null,STOPPED}{jar:file:/home/runner/.m2/repository/org/apache/ozone/hdds-container-service/1.4.0-SNAPSHOT/hdds-container-service-1.4.0-SNAPSHOT.jar!/webapps/hddsDatanode}
2023-09-07 04:51:38,116 [main] INFO  handler.ContextHandler (ContextHandler.java:doStop(1159)) - Stopped o.e.j.s.ServletContextHandler@177b2e9c{logs,/logs,file:///home/runner/work/ozone/ozone/hadoop-ozone/integration-test/target/log,STOPPED}
2023-09-07 04:51:38,116 [ForkJoinPool.commonPool-worker-0] INFO  server.AbstractConnector (AbstractConnector.java:doStop(383)) - Stopped ServerConnector@55791543{HTTP/1.1, (http/1.1)}{0.0.0.0:15062}
2023-09-07 04:51:38,118 [ForkJoinPool.commonPool-worker-0] INFO  server.session (HouseKeeper.java:stopScavenging(149)) - node0 Stopped scavenging
2023-09-07 04:51:38,119 [ForkJoinPool.commonPool-worker-0] INFO  handler.ContextHandler (ContextHandler.java:doStop(1159)) - Stopped o.e.j.s.ServletContextHandler@9424a9e{static,/static,jar:file:/home/runner/.m2/repository/org/apache/ozone/hdds-container-service/1.4.0-SNAPSHOT/hdds-container-service-1.4.0-SNAPSHOT.jar!/webapps/static,STOPPED}
2023-09-07 04:51:38,120 [ForkJoinPool.commonPool-worker-0] INFO  handler.ContextHandler (ContextHandler.java:doStop(1159)) - Stopped o.e.j.s.ServletContextHandler@c335f37{logs,/logs,file:///home/runner/work/ozone/ozone/hadoop-ozone/integration-test/target/log,STOPPED}
2023-09-07 04:51:38,120 [main] INFO  ozone.HddsDatanodeClientProtocolServer (HddsDatanodeClientProtocolServer.java:stop(78)) - Stopping the RPC server for Client Protocol
2023-09-07 04:51:38,120 [main] INFO  ipc.Server (Server.java:stop(3523)) - Stopping server on 15081
2023-09-07 04:51:38,121 [ForkJoinPool.commonPool-worker-0] INFO  ozone.HddsDatanodeClientProtocolServer (HddsDatanodeClientProtocolServer.java:stop(78)) - Stopping the RPC server for Client Protocol
2023-09-07 04:51:38,121 [IPC Server listener on 15081] INFO  ipc.Server (Server.java:run(1434)) - Stopping IPC Server listener on 15081
2023-09-07 04:51:38,123 [IPC Server Responder] INFO  ipc.Server (Server.java:run(1567)) - Stopping IPC Server Responder
2023-09-07 04:51:38,123 [ForkJoinPool.commonPool-worker-0] INFO  ipc.Server (Server.java:stop(3523)) - Stopping server on 15063
2023-09-07 04:51:38,125 [IPC Server listener on 15063] INFO  ipc.Server (Server.java:run(1434)) - Stopping IPC Server listener on 15063
2023-09-07 04:51:38,126 [IPC Server Responder] INFO  ipc.Server (Server.java:run(1567)) - Stopping IPC Server Responder
2023-09-07 04:51:38,358 [ForkJoinPool.commonPool-worker-2] INFO  utils.DatanodeStoreCache (DatanodeStoreCache.java:shutdownCache(110)) - Skip clearing cache in mini cluster mode. Entries left: [/home/runner/work/ozone/ozone/hadoop-ozone/integration-test/target/test-dir/MiniOzoneClusterImpl-d344a044-c2aa-46c6-8971-a5e8f3f75c9e/datanode-3/data-0/containers/hdds/d344a044-c2aa-46c6-8971-a5e8f3f75c9e/DS-3b04e06c-2c3f-4276-86ff-6088a3ce4f6a/container.db, /home/runner/work/ozone/ozone/hadoop-ozone/integration-test/target/test-dir/MiniOzoneClusterImpl-d344a044-c2aa-46c6-8971-a5e8f3f75c9e/datanode-4/data-0/containers/hdds/d344a044-c2aa-46c6-8971-a5e8f3f75c9e/DS-9a1e0dae-ac78-4e27-858d-00b22174d8b5/container.db]
2023-09-07 04:51:38,359 [ForkJoinPool.commonPool-worker-1] INFO  utils.DatanodeStoreCache (DatanodeStoreCache.java:shutdownCache(110)) - Skip clearing cache in mini cluster mode. Entries left: [/home/runner/work/ozone/ozone/hadoop-ozone/integration-test/target/test-dir/MiniOzoneClusterImpl-d344a044-c2aa-46c6-8971-a5e8f3f75c9e/datanode-3/data-0/containers/hdds/d344a044-c2aa-46c6-8971-a5e8f3f75c9e/DS-3b04e06c-2c3f-4276-86ff-6088a3ce4f6a/container.db, /home/runner/work/ozone/ozone/hadoop-ozone/integration-test/target/test-dir/MiniOzoneClusterImpl-d344a044-c2aa-46c6-8971-a5e8f3f75c9e/datanode-4/data-0/containers/hdds/d344a044-c2aa-46c6-8971-a5e8f3f75c9e/DS-9a1e0dae-ac78-4e27-858d-00b22174d8b5/container.db]
2023-09-07 04:51:38,362 [ForkJoinPool.commonPool-worker-2] INFO  utils.DatanodeStoreCache (DatanodeStoreCache.java:removeDB(104)) - Removed db /home/runner/work/ozone/ozone/hadoop-ozone/integration-test/target/test-dir/MiniOzoneClusterImpl-d344a044-c2aa-46c6-8971-a5e8f3f75c9e/datanode-3/data-0/containers/hdds/d344a044-c2aa-46c6-8971-a5e8f3f75c9e/DS-3b04e06c-2c3f-4276-86ff-6088a3ce4f6a/container.db from cache
2023-09-07 04:51:38,362 [ForkJoinPool.commonPool-worker-2] INFO  volume.HddsVolume (HddsVolume.java:closeDbStore(453)) - SchemaV3 db is stopped at /home/runner/work/ozone/ozone/hadoop-ozone/integration-test/target/test-dir/MiniOzoneClusterImpl-d344a044-c2aa-46c6-8971-a5e8f3f75c9e/datanode-3/data-0/containers/hdds/d344a044-c2aa-46c6-8971-a5e8f3f75c9e/DS-3b04e06c-2c3f-4276-86ff-6088a3ce4f6a/container.db for volume DS-3b04e06c-2c3f-4276-86ff-6088a3ce4f6a
2023-09-07 04:51:38,363 [ForkJoinPool.commonPool-worker-2] INFO  utils.BackgroundService (BackgroundService.java:shutdown(141)) - Shutting down service BlockDeletingService
2023-09-07 04:51:38,363 [ForkJoinPool.commonPool-worker-1] INFO  utils.DatanodeStoreCache (DatanodeStoreCache.java:removeDB(104)) - Removed db /home/runner/work/ozone/ozone/hadoop-ozone/integration-test/target/test-dir/MiniOzoneClusterImpl-d344a044-c2aa-46c6-8971-a5e8f3f75c9e/datanode-4/data-0/containers/hdds/d344a044-c2aa-46c6-8971-a5e8f3f75c9e/DS-9a1e0dae-ac78-4e27-858d-00b22174d8b5/container.db from cache
2023-09-07 04:51:38,364 [ForkJoinPool.commonPool-worker-1] INFO  volume.HddsVolume (HddsVolume.java:closeDbStore(453)) - SchemaV3 db is stopped at /home/runner/work/ozone/ozone/hadoop-ozone/integration-test/target/test-dir/MiniOzoneClusterImpl-d344a044-c2aa-46c6-8971-a5e8f3f75c9e/datanode-4/data-0/containers/hdds/d344a044-c2aa-46c6-8971-a5e8f3f75c9e/DS-9a1e0dae-ac78-4e27-858d-00b22174d8b5/container.db for volume DS-9a1e0dae-ac78-4e27-858d-00b22174d8b5
2023-09-07 04:51:38,364 [ForkJoinPool.commonPool-worker-2] INFO  utils.BackgroundService (BackgroundService.java:shutdown(141)) - Shutting down service StaleRecoveringContainerScrubbingService
2023-09-07 04:51:38,366 [ForkJoinPool.commonPool-worker-1] INFO  utils.BackgroundService (BackgroundService.java:shutdown(141)) - Shutting down service BlockDeletingService
2023-09-07 04:51:38,366 [ForkJoinPool.commonPool-worker-2] INFO  statemachine.DatanodeStateMachine (DatanodeStateMachine.java:stopDaemon(620)) - Ozone container server stopped.
2023-09-07 04:51:38,366 [ForkJoinPool.commonPool-worker-1] INFO  utils.BackgroundService (BackgroundService.java:shutdown(141)) - Shutting down service StaleRecoveringContainerScrubbingService
2023-09-07 04:51:38,369 [ForkJoinPool.commonPool-worker-1] INFO  statemachine.DatanodeStateMachine (DatanodeStateMachine.java:stopDaemon(620)) - Ozone container server stopped.
2023-09-07 04:51:38,399 [ForkJoinPool.commonPool-worker-2] INFO  handler.ContextHandler (ContextHandler.java:doStop(1159)) - Stopped o.e.j.w.WebAppContext@67830628{hddsDatanode,/,null,STOPPED}{jar:file:/home/runner/.m2/repository/org/apache/ozone/hdds-container-service/1.4.0-SNAPSHOT/hdds-container-service-1.4.0-SNAPSHOT.jar!/webapps/hddsDatanode}
2023-09-07 04:51:38,400 [ForkJoinPool.commonPool-worker-2] INFO  server.AbstractConnector (AbstractConnector.java:doStop(383)) - Stopped ServerConnector@3a2743c9{HTTP/1.1, (http/1.1)}{0.0.0.0:15089}
2023-09-07 04:51:38,400 [ForkJoinPool.commonPool-worker-2] INFO  server.session (HouseKeeper.java:stopScavenging(149)) - node0 Stopped scavenging
2023-09-07 04:51:38,400 [ForkJoinPool.commonPool-worker-2] INFO  handler.ContextHandler (ContextHandler.java:doStop(1159)) - Stopped o.e.j.s.ServletContextHandler@41671912{static,/static,jar:file:/home/runner/.m2/repository/org/apache/ozone/hdds-container-service/1.4.0-SNAPSHOT/hdds-container-service-1.4.0-SNAPSHOT.jar!/webapps/static,STOPPED}
2023-09-07 04:51:38,400 [ForkJoinPool.commonPool-worker-2] INFO  handler.ContextHandler (ContextHandler.java:doStop(1159)) - Stopped o.e.j.s.ServletContextHandler@72afaee3{logs,/logs,file:///home/runner/work/ozone/ozone/hadoop-ozone/integration-test/target/log,STOPPED}
2023-09-07 04:51:38,403 [ForkJoinPool.commonPool-worker-2] INFO  ozone.HddsDatanodeClientProtocolServer (HddsDatanodeClientProtocolServer.java:stop(78)) - Stopping the RPC server for Client Protocol
2023-09-07 04:51:38,404 [ForkJoinPool.commonPool-worker-2] INFO  ipc.Server (Server.java:stop(3523)) - Stopping server on 15090
2023-09-07 04:51:38,405 [IPC Server listener on 15090] INFO  ipc.Server (Server.java:run(1434)) - Stopping IPC Server listener on 15090
2023-09-07 04:51:38,405 [IPC Server Responder] INFO  ipc.Server (Server.java:run(1567)) - Stopping IPC Server Responder
2023-09-07 04:51:38,407 [ForkJoinPool.commonPool-worker-1] INFO  handler.ContextHandler (ContextHandler.java:doStop(1159)) - Stopped o.e.j.w.WebAppContext@704b2822{hddsDatanode,/,null,STOPPED}{jar:file:/home/runner/.m2/repository/org/apache/ozone/hdds-container-service/1.4.0-SNAPSHOT/hdds-container-service-1.4.0-SNAPSHOT.jar!/webapps/hddsDatanode}
2023-09-07 04:51:38,409 [ForkJoinPool.commonPool-worker-1] INFO  server.AbstractConnector (AbstractConnector.java:doStop(383)) - Stopped ServerConnector@11a309d4{HTTP/1.1, (http/1.1)}{0.0.0.0:15098}
2023-09-07 04:51:38,409 [ForkJoinPool.commonPool-worker-1] INFO  server.session (HouseKeeper.java:stopScavenging(149)) - node0 Stopped scavenging
2023-09-07 04:51:38,410 [ForkJoinPool.commonPool-worker-1] INFO  handler.ContextHandler (ContextHandler.java:doStop(1159)) - Stopped o.e.j.s.ServletContextHandler@6cdbecd5{static,/static,jar:file:/home/runner/.m2/repository/org/apache/ozone/hdds-container-service/1.4.0-SNAPSHOT/hdds-container-service-1.4.0-SNAPSHOT.jar!/webapps/static,STOPPED}
2023-09-07 04:51:38,410 [ForkJoinPool.commonPool-worker-1] INFO  handler.ContextHandler (ContextHandler.java:doStop(1159)) - Stopped o.e.j.s.ServletContextHandler@735f264e{logs,/logs,file:///home/runner/work/ozone/ozone/hadoop-ozone/integration-test/target/log,STOPPED}
2023-09-07 04:51:38,412 [ForkJoinPool.commonPool-worker-1] INFO  ozone.HddsDatanodeClientProtocolServer (HddsDatanodeClientProtocolServer.java:stop(78)) - Stopping the RPC server for Client Protocol
2023-09-07 04:51:38,414 [ForkJoinPool.commonPool-worker-1] INFO  ipc.Server (Server.java:stop(3523)) - Stopping server on 15099
2023-09-07 04:51:38,414 [IPC Server listener on 15099] INFO  ipc.Server (Server.java:run(1434)) - Stopping IPC Server listener on 15099
2023-09-07 04:51:38,415 [IPC Server Responder] INFO  ipc.Server (Server.java:run(1567)) - Stopping IPC Server Responder
2023-09-07 04:51:38,417 [main] INFO  ozone.MiniOzoneClusterImpl (MiniOzoneClusterImpl.java:stopSCM(543)) - Stopping the StorageContainerManager
2023-09-07 04:51:38,418 [main] INFO  server.StorageContainerManager (StorageContainerManager.java:stop(1591)) - Container Balancer is not running.
2023-09-07 04:51:38,418 [main] INFO  server.StorageContainerManager (StorageContainerManager.java:stopReplicationManager(1724)) - Stopping Replication Manager Service.
2023-09-07 04:51:38,418 [main] INFO  replication.ReplicationManager (ReplicationManager.java:stop(323)) - Stopping Replication Monitor Thread.
2023-09-07 04:51:38,420 [Under Replicated Processor] WARN  replication.UnhealthyReplicationProcessor (UnhealthyReplicationProcessor.java:run(180)) - Under Replicated Processor interrupted. Exiting...
2023-09-07 04:51:38,420 [main] INFO  server.StorageContainerManager (StorageContainerManager.java:stop(1600)) - Stopping the Datanode Admin Monitor.
2023-09-07 04:51:38,420 [ReplicationMonitor] INFO  replication.ReplicationManager (ReplicationManager.java:run(921)) - Replication Monitor Thread is stopped
2023-09-07 04:51:38,420 [Over Replicated Processor] WARN  replication.UnhealthyReplicationProcessor (UnhealthyReplicationProcessor.java:run(180)) - Over Replicated Processor interrupted. Exiting...
2023-09-07 04:51:38,421 [main] INFO  server.StorageContainerManager (StorageContainerManager.java:stop(1607)) - Stopping datanode service RPC server
2023-09-07 04:51:38,421 [main] INFO  server.SCMDatanodeProtocolServer (SCMDatanodeProtocolServer.java:stop(424)) - Stopping the RPC server for DataNodes
2023-09-07 04:51:38,421 [main] INFO  ipc.Server (Server.java:stop(3523)) - Stopping server on 15055
2023-09-07 04:51:38,425 [IPC Server Responder] INFO  ipc.Server (Server.java:run(1567)) - Stopping IPC Server Responder
2023-09-07 04:51:38,425 [IPC Server listener on 15055] INFO  ipc.Server (Server.java:run(1434)) - Stopping IPC Server listener on 15055
2023-09-07 04:51:38,520 [SCM Heartbeat Processing Thread - 0] WARN  node.NodeStateManager (NodeStateManager.java:scheduleNextHealthCheck(874)) - Current Thread is interrupted, shutting down HB processing thread for Node Manager.
2023-09-07 04:51:38,520 [main] INFO  server.StorageContainerManager (StorageContainerManager.java:stop(1615)) - Stopping block service RPC server
2023-09-07 04:51:38,521 [main] INFO  server.SCMBlockProtocolServer (SCMBlockProtocolServer.java:stop(161)) - Stopping the RPC server for Block Protocol
2023-09-07 04:51:38,521 [main] INFO  ipc.Server (Server.java:stop(3523)) - Stopping server on 15054
2023-09-07 04:51:38,523 [IPC Server listener on 15054] INFO  ipc.Server (Server.java:run(1434)) - Stopping IPC Server listener on 15054
2023-09-07 04:51:38,527 [IPC Server Responder] INFO  ipc.Server (Server.java:run(1567)) - Stopping IPC Server Responder
2023-09-07 04:51:38,527 [main] INFO  server.StorageContainerManager (StorageContainerManager.java:stop(1622)) - Stopping the StorageContainerLocationProtocol RPC server
2023-09-07 04:51:38,528 [main] INFO  server.SCMClientProtocolServer (SCMClientProtocolServer.java:stop(210)) - Stopping the RPC server for Client Protocol
2023-09-07 04:51:38,528 [main] INFO  ipc.Server (Server.java:stop(3523)) - Stopping server on 15053
2023-09-07 04:51:38,535 [IPC Server listener on 15053] INFO  ipc.Server (Server.java:run(1434)) - Stopping IPC Server listener on 15053
2023-09-07 04:51:38,535 [IPC Server Responder] INFO  ipc.Server (Server.java:run(1567)) - Stopping IPC Server Responder
2023-09-07 04:51:38,536 [main] INFO  server.StorageContainerManager (StorageContainerManager.java:stop(1629)) - Stopping Storage Container Manager HTTP server.
2023-09-07 04:51:38,537 [main] INFO  handler.ContextHandler (ContextHandler.java:doStop(1159)) - Stopped o.e.j.w.WebAppContext@6c06e61a{scm,/,null,STOPPED}{file:/home/runner/work/ozone/ozone/hadoop-ozone/integration-test/target/test-classes/webapps/scm}
2023-09-07 04:51:38,537 [main] INFO  server.AbstractConnector (AbstractConnector.java:doStop(383)) - Stopped ServerConnector@3d37c38d{HTTP/1.1, (http/1.1)}{0.0.0.0:15056}
2023-09-07 04:51:38,538 [main] INFO  server.session (HouseKeeper.java:stopScavenging(149)) - node0 Stopped scavenging
2023-09-07 04:51:38,539 [main] INFO  handler.ContextHandler (ContextHandler.java:doStop(1159)) - Stopped o.e.j.s.ServletContextHandler@2d1ace67{static,/static,file:///home/runner/work/ozone/ozone/hadoop-ozone/integration-test/target/test-classes/webapps/static,STOPPED}
2023-09-07 04:51:38,539 [main] INFO  handler.ContextHandler (ContextHandler.java:doStop(1159)) - Stopped o.e.j.s.ServletContextHandler@4a05adf4{logs,/logs,file:///home/runner/work/ozone/ozone/hadoop-ozone/integration-test/target/log,STOPPED}
2023-09-07 04:51:38,543 [main] INFO  server.StorageContainerManager (StorageContainerManager.java:stop(1637)) - Stopping SCM LayoutVersionManager Service.
2023-09-07 04:51:38,543 [main] INFO  server.StorageContainerManager (StorageContainerManager.java:stop(1649)) - Stopping Block Manager Service.
2023-09-07 04:51:38,543 [main] INFO  utils.BackgroundService (BackgroundService.java:shutdown(141)) - Shutting down service SCMBlockDeletingService
2023-09-07 04:51:38,543 [main] INFO  utils.BackgroundService (BackgroundService.java:shutdown(141)) - Shutting down service SCMBlockDeletingService
2023-09-07 04:51:38,544 [main] INFO  server.StorageContainerManager (StorageContainerManager.java:stop(1669)) - Stopping SCM Event Queue.
2023-09-07 04:51:38,545 [JvmPauseMonitor7] INFO  util.JvmPauseMonitor (JvmPauseMonitor.java:run(109)) - JvmPauseMonitor-62aa9f2a-0273-4a62-94ef-8db553e52de2: Stopped
2023-09-07 04:51:38,545 [main] INFO  server.StorageContainerManager (StorageContainerManager.java:stop(1680)) - Stopping SCM HA services.
2023-09-07 04:51:38,546 [main] INFO  pipeline.BackgroundPipelineCreator (BackgroundPipelineCreator.java:stop(149)) - Stopping RatisPipelineUtilsThread.
2023-09-07 04:51:38,546 [RatisPipelineUtilsThread - 0] WARN  pipeline.BackgroundPipelineCreator (BackgroundPipelineCreator.java:run(180)) - RatisPipelineUtilsThread is interrupted.
2023-09-07 04:51:38,546 [BackgroundPipelineScrubberThread] WARN  BackgroundPipelineScrubber (BackgroundSCMService.java:run(115)) - BackgroundPipelineScrubber is interrupted, exit
2023-09-07 04:51:38,546 [main] INFO  BackgroundPipelineScrubber (BackgroundSCMService.java:stop(131)) - Stopping BackgroundPipelineScrubber Service.
2023-09-07 04:51:38,547 [main] INFO  impl.MetricsSystemImpl (MetricsSystemImpl.java:stop(210)) - Stopping HddsDatanode metrics system...
2023-09-07 04:51:38,548 [prometheus] INFO  impl.MetricsSinkAdapter (MetricsSinkAdapter.java:publishMetricsFromQueue(141)) - prometheus thread interrupted.
2023-09-07 04:51:38,554 [main] INFO  impl.MetricsSystemImpl (MetricsSystemImpl.java:stop(216)) - HddsDatanode metrics system stopped.
2023-09-07 04:51:38,554 [main] WARN  pipeline.BackgroundPipelineCreator (BackgroundPipelineCreator.java:stop(145)) - RatisPipelineUtilsThread is not running, just ignore.
2023-09-07 04:51:38,554 [main] INFO  BackgroundPipelineScrubber (BackgroundSCMService.java:stop(126)) - BackgroundPipelineScrubber Service is not running, skip stop.
2023-09-07 04:51:38,555 [main] INFO  ExpiredContainerReplicaOpScrubber (BackgroundSCMService.java:stop(131)) - Stopping ExpiredContainerReplicaOpScrubber Service.
2023-09-07 04:51:38,555 [main] INFO  utils.BackgroundService (BackgroundService.java:shutdown(141)) - Shutting down service SCMBlockDeletingService
2023-09-07 04:51:38,555 [main] INFO  replication.ReplicationManager (ReplicationManager.java:stop(333)) - Replication Monitor Thread is not running.
2023-09-07 04:51:38,555 [main] WARN  balancer.ContainerBalancer (ContainerBalancer.java:stop(326)) - Cannot stop Container Balancer because it's not running or stopping
2023-09-07 04:51:38,555 [main] INFO  server.StorageContainerManager (StorageContainerManager.java:stop(1715)) - Stopping SCM MetadataStore.
2023-09-07 04:51:38,555 [Lease Manager-LeaseManager#LeaseMonitor] WARN  lease.LeaseManager (LeaseManager.java:run(272)) - Lease manager is interrupted. Shutting down...
java.lang.InterruptedException
	at java.util.concurrent.locks.AbstractQueuedSynchronizer.doAcquireSharedNanos(AbstractQueuedSynchronizer.java:1039)
	at java.util.concurrent.locks.AbstractQueuedSynchronizer.tryAcquireSharedNanos(AbstractQueuedSynchronizer.java:1328)
	at java.util.concurrent.Semaphore.tryAcquire(Semaphore.java:409)
	at org.apache.hadoop.ozone.lease.LeaseManager$LeaseMonitor.run(LeaseManager.java:270)
	at java.lang.Thread.run(Thread.java:750)
2023-09-07 04:51:38,555 [ExpiredContainerReplicaOpScrubberThread] WARN  ExpiredContainerReplicaOpScrubber (BackgroundSCMService.java:run(115)) - ExpiredContainerReplicaOpScrubber is interrupted, exit
2023-09-07 04:51:38,643 [main] WARN  server.ServerUtils (ServerUtils.java:getScmDbDir(155)) - ozone.scm.db.dirs is not configured. We recommend adding this setting. Falling back to ozone.metadata.dirs instead.
2023-09-07 04:51:38,648 [main] WARN  server.ServerUtils (ServerUtils.java:getScmDbDir(155)) - ozone.scm.db.dirs is not configured. We recommend adding this setting. Falling back to ozone.metadata.dirs instead.
2023-09-07 04:51:38,649 [main] INFO  ha.SCMHANodeDetails (SCMHANodeDetails.java:loadSCMHAConfig(210)) - ServiceID for StorageContainerManager is null
2023-09-07 04:51:38,649 [main] INFO  ha.SCMHANodeDetails (SCMHANodeDetails.java:loadSCMHAConfig(215)) - ozone.scm.default.service.id is not defined, falling back to ozone.scm.service.ids to find serviceID for StorageContainerManager if it is HA enabled cluster
2023-09-07 04:51:38,651 [main] WARN  utils.HAUtils (HAUtils.java:getMetaDir(339)) - ozone.scm.db.dirs is not configured. We recommend adding this setting. Falling back to ozone.metadata.dirs instead.
2023-09-07 04:51:38,652 [main] WARN  db.DBStoreBuilder (DBStoreBuilder.java:applyDBDefinition(166)) - ozone.scm.db.dirs is not configured. We recommend adding this setting. Falling back to ozone.metadata.dirs instead.
2023-09-07 04:51:38,812 [main] INFO  net.NodeSchemaLoader (NodeSchemaLoader.java:loadSchemaFromFile(129)) - Loading schema from [jar:file:/home/runner/.m2/repository/org/apache/ozone/hdds-common/1.4.0-SNAPSHOT/hdds-common-1.4.0-SNAPSHOT.jar!/network-topology-default.xml]
2023-09-07 04:51:38,813 [main] INFO  net.NodeSchemaLoader (NodeSchemaLoader.java:loadSchema(176)) - Loading network topology layer schema file
2023-09-07 04:51:38,817 [main] INFO  upgrade.AbstractLayoutVersionManager (AbstractLayoutVersionManager.java:init(83)) - Initializing Layout version manager with metadata layout = HADOOP_PRC_PORTS_IN_DATANODEDETAILS (version = 7), software layout = HADOOP_PRC_PORTS_IN_DATANODEDETAILS (version = 7)
2023-09-07 04:51:38,818 [main] INFO  ha.SequenceIdGenerator (SequenceIdGenerator.java:upgradeToSequenceId(365)) - upgrade localId to 111677748019200000
2023-09-07 04:51:38,819 [main] INFO  ha.SequenceIdGenerator (SequenceIdGenerator.java:upgradeToSequenceId(375)) - upgrade delTxnId to 0
2023-09-07 04:51:38,820 [main] INFO  ha.SequenceIdGenerator (SequenceIdGenerator.java:upgradeToSequenceId(392)) - upgrade containerId to 0
2023-09-07 04:51:38,821 [main] INFO  ha.SequenceIdGenerator (SequenceIdGenerator.java:upgradeToSequenceId(428)) - upgrade rootCertificateId to 1
2023-09-07 04:51:38,821 [main] INFO  ha.SequenceIdGenerator (SequenceIdGenerator.java:<init>(236)) - Init the HA SequenceIdGenerator.
2023-09-07 04:51:38,822 [main] WARN  server.ServerUtils (ServerUtils.java:sanitizeUserArgs(80)) - ozone.scm.stale.node.interval value = 300000 is larger than max = 100000 based on the key value of ozone.scm.heartbeat.thread.interval, reset to the max value 100000.
2023-09-07 04:51:38,822 [main] WARN  server.ServerUtils (ServerUtils.java:sanitizeUserArgs(80)) - ozone.scm.stale.node.interval value = 300000 is larger than max = 100000 based on the key value of ozone.scm.heartbeat.thread.interval, reset to the max value 100000.
2023-09-07 04:51:38,823 [main] INFO  node.SCMNodeManager (SCMNodeManager.java:<init>(157)) - Entering startup safe mode.
2023-09-07 04:51:38,823 [main] INFO  algorithms.ContainerPlacementPolicyFactory (ContainerPlacementPolicyFactory.java:getPolicyInternal(86)) - Create container placement policy of type org.apache.hadoop.hdds.scm.container.placement.algorithms.SCMContainerPlacementRackAware
2023-09-07 04:51:38,824 [main] INFO  algorithms.ContainerPlacementPolicyFactory (ContainerPlacementPolicyFactory.java:getPolicyInternal(86)) - Create container placement policy of type org.apache.hadoop.hdds.scm.container.placement.algorithms.SCMContainerPlacementRackScatter
2023-09-07 04:51:38,824 [main] INFO  pipeline.PipelineStateManagerImpl (PipelineStateManagerImpl.java:initialize(78)) - No pipeline exists in current db
2023-09-07 04:51:38,824 [main] INFO  algorithms.LeaderChoosePolicyFactory (LeaderChoosePolicyFactory.java:getPolicy(57)) - Create leader choose policy of type org.apache.hadoop.hdds.scm.pipeline.leader.choose.algorithms.MinLeaderCountChoosePolicy
2023-09-07 04:51:38,824 [main] INFO  algorithms.ContainerPlacementPolicyFactory (ContainerPlacementPolicyFactory.java:getPolicyInternal(86)) - Create container placement policy of type org.apache.hadoop.hdds.scm.container.placement.algorithms.SCMContainerPlacementRackScatter
2023-09-07 04:51:38,825 [main] INFO  ha.SCMServiceManager (SCMServiceManager.java:register(42)) - Registering service BackgroundPipelineCreator.
2023-09-07 04:51:38,825 [main] INFO  pipeline.BackgroundPipelineCreator (BackgroundPipelineCreator.java:start(124)) - Starting RatisPipelineUtilsThread.
2023-09-07 04:51:38,825 [main] INFO  BackgroundPipelineScrubber (BackgroundSCMService.java:start(68)) - Starting BackgroundPipelineScrubber Service.
2023-09-07 04:51:38,825 [main] INFO  ha.SCMServiceManager (SCMServiceManager.java:register(42)) - Registering service BackgroundPipelineScrubber.
2023-09-07 04:51:38,826 [main] INFO  ExpiredContainerReplicaOpScrubber (BackgroundSCMService.java:start(68)) - Starting ExpiredContainerReplicaOpScrubber Service.
2023-09-07 04:51:38,826 [main] INFO  ha.SCMServiceManager (SCMServiceManager.java:register(42)) - Registering service ExpiredContainerReplicaOpScrubber.
2023-09-07 04:51:38,827 [main] INFO  algorithms.PipelineChoosePolicyFactory (PipelineChoosePolicyFactory.java:createPipelineChoosePolicyFromClass(78)) - Create pipeline choose policy of type org.apache.hadoop.hdds.scm.pipeline.choose.algorithms.RandomPipelineChoosePolicy
2023-09-07 04:51:38,827 [main] INFO  algorithms.PipelineChoosePolicyFactory (PipelineChoosePolicyFactory.java:createPipelineChoosePolicyFromClass(78)) - Create pipeline choose policy of type org.apache.hadoop.hdds.scm.pipeline.choose.algorithms.RandomPipelineChoosePolicy
2023-09-07 04:51:38,828 [main] INFO  ha.SCMServiceManager (SCMServiceManager.java:register(42)) - Registering service SCMBlockDeletingService.
2023-09-07 04:51:38,829 [main] INFO  replication.ReplicationManager (ReplicationManager.java:start(291)) - Starting Replication Monitor Thread.
2023-09-07 04:51:38,830 [main] INFO  ha.SCMServiceManager (SCMServiceManager.java:register(42)) - Registering service ReplicationManager.
2023-09-07 04:51:38,830 [main] INFO  safemode.ContainerSafeModeRule (ContainerSafeModeRule.java:<init>(90)) - containers with one replica threshold count 0
2023-09-07 04:51:38,831 [main] INFO  safemode.HealthyPipelineSafeModeRule (HealthyPipelineSafeModeRule.java:initializeRule(169)) - Total pipeline count is 0, healthy pipeline threshold count is 1
2023-09-07 04:51:38,831 [main] INFO  safemode.OneReplicaPipelineSafeModeRule (OneReplicaPipelineSafeModeRule.java:initializeRule(180)) - Total pipeline count is 0, pipeline's with at least one datanode reported threshold count is 0
2023-09-07 04:51:38,832 [ReplicationMonitor] INFO  replication.ReplicationManager (ReplicationManager.java:processAll(365)) - Replication Manager is not ready to run until 3000ms after safemode exit
2023-09-07 04:51:38,832 [main] INFO  server.StorageContainerManager (StorageContainerManager.java:<init>(425)) - SCM start with adminUsers: [runner]
2023-09-07 04:51:38,833 [main] INFO  ipc.CallQueueManager (CallQueueManager.java:<init>(90)) - Using callQueue: class java.util.concurrent.LinkedBlockingQueue, queueCapacity: 2000, scheduler: class org.apache.hadoop.ipc.DefaultRpcScheduler, ipcBackoff: false.
2023-09-07 04:51:38,833 [main] INFO  ipc.Server (Server.java:<init>(1287)) - Listener at 0.0.0.0:15108
2023-09-07 04:51:38,834 [Socket Reader #1 for port 15108] INFO  ipc.Server (Server.java:run(1323)) - Starting Socket Reader #1 for port 15108
2023-09-07 04:51:38,836 [main] INFO  ipc.CallQueueManager (CallQueueManager.java:<init>(90)) - Using callQueue: class java.util.concurrent.LinkedBlockingQueue, queueCapacity: 2000, scheduler: class org.apache.hadoop.ipc.DefaultRpcScheduler, ipcBackoff: false.
2023-09-07 04:51:38,837 [main] INFO  ipc.Server (Server.java:<init>(1287)) - Listener at 0.0.0.0:15107
2023-09-07 04:51:38,838 [Socket Reader #1 for port 15107] INFO  ipc.Server (Server.java:run(1323)) - Starting Socket Reader #1 for port 15107
2023-09-07 04:51:38,841 [main] INFO  ipc.CallQueueManager (CallQueueManager.java:<init>(90)) - Using callQueue: class java.util.concurrent.LinkedBlockingQueue, queueCapacity: 2000, scheduler: class org.apache.hadoop.ipc.DefaultRpcScheduler, ipcBackoff: false.
2023-09-07 04:51:38,841 [main] INFO  ipc.Server (Server.java:<init>(1287)) - Listener at 0.0.0.0:15106
2023-09-07 04:51:38,842 [Socket Reader #1 for port 15106] INFO  ipc.Server (Server.java:run(1323)) - Starting Socket Reader #1 for port 15106
2023-09-07 04:51:38,852 [main] INFO  ha.SCMServiceManager (SCMServiceManager.java:register(42)) - Registering service ContainerBalancer.
2023-09-07 04:51:38,852 [main] INFO  server.StorageContainerManager (StorageContainerManager.java:<init>(438)) - 
Container Balancer status:
Key                            Value
Running                        false
Container Balancer Configuration values:
Key                                                Value
Threshold                                          10
Max Datanodes to Involve per Iteration(percent)    20
Max Size to Move per Iteration                     500GB
Max Size Entering Target per Iteration             26GB
Max Size Leaving Source per Iteration              26GB

2023-09-07 04:51:38,852 [main] INFO  ha.SCMContext (SCMContext.java:updateSafeModeStatus(228)) - Update SafeModeStatus from SafeModeStatus{safeModeStatus=true, preCheckPassed=false} to SafeModeStatus{safeModeStatus=true, preCheckPassed=false}.
2023-09-07 04:51:38,852 [main] INFO  server.StorageContainerManager (StorageContainerManager.java:start(1483)) - StorageContainerLocationProtocol RPC server is listening at /0.0.0.0:15106
2023-09-07 04:51:38,855 [main] WARN  impl.MetricsConfig (MetricsConfig.java:loadFirst(136)) - Cannot locate configuration: tried hadoop-metrics2-storagecontainermanager.properties,hadoop-metrics2.properties
2023-09-07 04:51:38,860 [main] INFO  impl.MetricsSystemImpl (MetricsSystemImpl.java:startTimer(378)) - Scheduled Metric snapshot period at 10 second(s).
2023-09-07 04:51:38,860 [main] INFO  impl.MetricsSystemImpl (MetricsSystemImpl.java:start(191)) - StorageContainerManager metrics system started
2023-09-07 04:51:38,875 [main] INFO  impl.MetricsSinkAdapter (MetricsSinkAdapter.java:start(204)) - Sink prometheus started
2023-09-07 04:51:38,875 [main] INFO  impl.MetricsSystemImpl (MetricsSystemImpl.java:registerSink(305)) - Registered sink prometheus
2023-09-07 04:51:38,920 [main] INFO  server.SCMClientProtocolServer (SCMClientProtocolServer.java:start(201)) - RPC server for Client  is listening at /0.0.0.0:15106
2023-09-07 04:51:38,921 [IPC Server Responder] INFO  ipc.Server (Server.java:run(1562)) - IPC Server Responder: starting
2023-09-07 04:51:38,926 [IPC Server listener on 15106] INFO  ipc.Server (Server.java:run(1402)) - IPC Server listener on 15106: starting
2023-09-07 04:51:38,938 [main] INFO  server.StorageContainerManager (StorageContainerManager.java:start(1496)) - ScmBlockLocationProtocol RPC server is listening at /0.0.0.0:15107
2023-09-07 04:51:38,938 [main] INFO  server.SCMBlockProtocolServer (SCMBlockProtocolServer.java:start(152)) - RPC server for Block Protocol is listening at /0.0.0.0:15107
2023-09-07 04:51:38,939 [IPC Server Responder] INFO  ipc.Server (Server.java:run(1562)) - IPC Server Responder: starting
2023-09-07 04:51:38,939 [IPC Server listener on 15107] INFO  ipc.Server (Server.java:run(1402)) - IPC Server listener on 15107: starting
2023-09-07 04:51:38,942 [main] INFO  server.SCMDatanodeProtocolServer (SCMDatanodeProtocolServer.java:start(193)) - ScmDatanodeProtocol RPC server for DataNodes is listening at /0.0.0.0:15108
2023-09-07 04:51:38,942 [IPC Server Responder] INFO  ipc.Server (Server.java:run(1562)) - IPC Server Responder: starting
2023-09-07 04:51:38,943 [IPC Server listener on 15108] INFO  ipc.Server (Server.java:run(1402)) - IPC Server listener on 15108: starting
2023-09-07 04:51:38,955 [main] INFO  http.BaseHttpServer (BaseHttpServer.java:newHttpServer2BuilderForOzone(223)) - Starting Web-server for scm at: http://0.0.0.0:15109
2023-09-07 04:51:38,955 [main] INFO  http.BaseHttpServer (BaseHttpServer.java:<init>(110)) - Hadoop Security Enabled: false Ozone Security Enabled: false Ozone HTTP Security Enabled: false 
2023-09-07 04:51:38,957 [main] WARN  server.AuthenticationFilter (AuthenticationFilter.java:constructSecretProvider(240)) - Unable to initialize FileSignerSecretProvider, falling back to use random secrets. Reason: Could not read signature secret file: /home/runner/hadoop-http-auth-signature-secret
2023-09-07 04:51:38,958 [JvmPauseMonitor14] INFO  util.JvmPauseMonitor (JvmPauseMonitor.java:run(103)) - JvmPauseMonitor-c34deceb-6ede-433a-a192-3443b02db3d6: Started
2023-09-07 04:51:38,958 [main] INFO  http.HttpRequestLog (HttpRequestLog.java:getRequestLog(86)) - Http request log for http.requests.scm is not defined
2023-09-07 04:51:38,960 [main] INFO  http.HttpServer2 (HttpServer2.java:addGlobalFilter(1031)) - Added global filter 'safety' (class=org.apache.hadoop.hdds.server.http.HttpServer2$QuotingInputFilter)
2023-09-07 04:51:38,961 [main] INFO  http.HttpServer2 (HttpServer2.java:addFilter(1007)) - Added filter static_user_filter (class=org.apache.hadoop.http.lib.StaticUserWebFilter$StaticUserFilter) to context scm
2023-09-07 04:51:38,963 [main] INFO  http.HttpServer2 (HttpServer2.java:addFilter(1015)) - Added filter static_user_filter (class=org.apache.hadoop.http.lib.StaticUserWebFilter$StaticUserFilter) to context static
2023-09-07 04:51:38,963 [main] INFO  http.HttpServer2 (HttpServer2.java:addFilter(1015)) - Added filter static_user_filter (class=org.apache.hadoop.http.lib.StaticUserWebFilter$StaticUserFilter) to context logs
2023-09-07 04:51:38,964 [main] INFO  http.BaseHttpServer (BaseHttpServer.java:<init>(189)) - HTTP server of scm uses base directory /home/runner/work/ozone/ozone/hadoop-ozone/integration-test/target/test-dir/MiniOzoneClusterImpl-a35962c9-a2fc-4df3-96cb-042236c47d51/ozone-meta/webserver
2023-09-07 04:51:38,964 [main] INFO  http.HttpServer2 (HttpServer2.java:bindListener(1231)) - Jetty bound to port 15109
2023-09-07 04:51:38,964 [main] INFO  server.Server (Server.java:doStart(375)) - jetty-9.4.51.v20230217; built: 2023-02-17T08:19:37.309Z; git: b45c405e4544384de066f814ed42ae3dceacdd49; jvm 1.8.0_382-b05
2023-09-07 04:51:38,975 [main] INFO  server.session (DefaultSessionIdManager.java:doStart(334)) - DefaultSessionIdManager workerName=node0
2023-09-07 04:51:38,977 [main] INFO  server.session (DefaultSessionIdManager.java:doStart(339)) - No SessionScavenger set, using defaults
2023-09-07 04:51:38,978 [main] INFO  server.session (HouseKeeper.java:startScavenging(132)) - node0 Scavenging every 660000ms
2023-09-07 04:51:38,979 [main] INFO  handler.ContextHandler (ContextHandler.java:doStart(921)) - Started o.e.j.s.ServletContextHandler@148ee7e0{logs,/logs,file:///home/runner/work/ozone/ozone/hadoop-ozone/integration-test/target/log,AVAILABLE}
2023-09-07 04:51:38,979 [main] INFO  handler.ContextHandler (ContextHandler.java:doStart(921)) - Started o.e.j.s.ServletContextHandler@6c442983{static,/static,file:///home/runner/work/ozone/ozone/hadoop-ozone/integration-test/target/test-classes/webapps/static,AVAILABLE}
2023-09-07 04:51:38,987 [main] INFO  handler.ContextHandler (ContextHandler.java:doStart(921)) - Started o.e.j.w.WebAppContext@41643fec{scm,/,file:///home/runner/work/ozone/ozone/hadoop-ozone/integration-test/target/test-classes/webapps/scm/,AVAILABLE}{file:/home/runner/work/ozone/ozone/hadoop-ozone/integration-test/target/test-classes/webapps/scm}
2023-09-07 04:51:38,991 [main] INFO  server.AbstractConnector (AbstractConnector.java:doStart(333)) - Started ServerConnector@436528c3{HTTP/1.1, (http/1.1)}{0.0.0.0:15109}
2023-09-07 04:51:38,991 [main] INFO  server.Server (Server.java:doStart(415)) - Started @215054ms
2023-09-07 04:51:38,991 [main] WARN  impl.MetricsSystemImpl (MetricsSystemImpl.java:register(279)) - Sink prometheus already exists!
2023-09-07 04:51:38,992 [main] INFO  http.BaseHttpServer (BaseHttpServer.java:updateConnectorAddress(354)) - HTTP server of scm listening at http://0.0.0.0:15109
2023-09-07 04:51:38,993 [main] WARN  server.ServerUtils (ServerUtils.java:getDBPath(311)) - ozone.om.db.dirs is not configured. We recommend adding this setting. Falling back to ozone.metadata.dirs instead.
2023-09-07 04:51:38,997 [main] INFO  ha.OMHANodeDetails (OMHANodeDetails.java:loadOMHAConfig(115)) - ozone.om.internal.service.id is not defined, falling back to ozone.om.service.ids to find serviceID for OzoneManager if it is HA enabled cluster
2023-09-07 04:51:38,997 [main] INFO  ha.OMHANodeDetails (OMHANodeDetails.java:loadOMHAConfig(226)) - Configuration does not have ozone.om.address set. Falling back to the default OM address /127.0.0.1:15110
2023-09-07 04:51:38,998 [main] INFO  ha.OMHANodeDetails (OMHANodeDetails.java:getOMNodeDetailsForNonHA(254)) - OM Service ID is not set. Setting it to the default ID: omServiceIdDefault
2023-09-07 04:51:38,998 [main] INFO  ha.OMHANodeDetails (OMHANodeDetails.java:getOMNodeDetailsForNonHA(261)) - OM Node ID is not set. Setting it to the default ID: om1
2023-09-07 04:51:38,998 [main] WARN  server.ServerUtils (ServerUtils.java:getDBPath(311)) - ozone.om.db.dirs is not configured. We recommend adding this setting. Falling back to ozone.metadata.dirs instead.
2023-09-07 04:51:38,999 [main] INFO  upgrade.AbstractLayoutVersionManager (AbstractLayoutVersionManager.java:init(83)) - Initializing Layout version manager with metadata layout = QUOTA (version = 6), software layout = QUOTA (version = 6)
2023-09-07 04:51:39,291 [main] INFO  reflections.Reflections (Reflections.java:scan(232)) - Reflections took 290 ms to scan 2 urls, producing 187 keys and 514 values [using 2 cores]
2023-09-07 04:51:39,292 [main] INFO  upgrade.OMLayoutVersionManager (OMLayoutVersionManager.java:lambda$0(115)) - Skipping Upgrade Action MockOmUpgradeAction since it has been finalized.
2023-09-07 04:51:39,292 [main] INFO  upgrade.OMLayoutVersionManager (OMLayoutVersionManager.java:lambda$0(115)) - Skipping Upgrade Action QuotaRepairUpgradeAction since it has been finalized.
2023-09-07 04:51:39,292 [main] WARN  server.ServerUtils (ServerUtils.java:getDBPath(311)) - ozone.om.db.dirs is not configured. We recommend adding this setting. Falling back to ozone.metadata.dirs instead.
2023-09-07 04:51:39,294 [main] INFO  proxy.SCMBlockLocationFailoverProxyProvider (SCMBlockLocationFailoverProxyProvider.java:<init>(114)) - Created block location fail-over proxy with 1 nodes: [nodeId=scmNodeId,nodeAddress=/0.0.0.0:15107]
2023-09-07 04:51:39,295 [main] INFO  proxy.SCMBlockLocationFailoverProxyProvider (SCMBlockLocationFailoverProxyProvider.java:<init>(114)) - Created block location fail-over proxy with 1 nodes: [nodeId=scmNodeId,nodeAddress=/0.0.0.0:15107]
2023-09-07 04:51:39,309 [main] INFO  om.OzoneManager (OzoneManager.java:<init>(665)) - OM start with adminUsers: [runner]
2023-09-07 04:51:39,311 [main] WARN  server.ServerUtils (ServerUtils.java:getDBPath(311)) - ozone.om.db.dirs is not configured. We recommend adding this setting. Falling back to ozone.metadata.dirs instead.
2023-09-07 04:51:39,311 [main] INFO  helpers.OmKeyInfo (OmKeyInfo.java:getCodec(71)) - OmKeyInfo.getCodec ignorePipeline = true
2023-09-07 04:51:39,591 [main] INFO  om.OzoneManager (OzoneManager.java:instantiateServices(794)) - S3 Multi-Tenancy is disabled
2023-09-07 04:51:39,591 [main] INFO  om.OmSnapshotManager (OmSnapshotManager.java:<init>(174)) - Ozone filesystem snapshot feature is enabled.
2023-09-07 04:51:39,591 [main] WARN  server.ServerUtils (ServerUtils.java:getDBPath(311)) - ozone.om.snapshot.diff.db.dir is not configured. We recommend adding this setting. Falling back to ozone.metadata.dirs instead.
2023-09-07 04:51:39,624 [main] INFO  snapshot.SnapshotDiffManager (SnapshotDiffManager.java:closeExecutorService(1697)) - Shutting down executorService: 'SstDumpToolExecutor'
2023-09-07 04:51:39,626 [main] INFO  om.OzoneManager (OzoneManager.java:addS3GVolumeToDB(4301)) - Created Volume s3v With Owner runner required for S3Gateway operations.
2023-09-07 04:51:39,626 [main] WARN  server.ServerUtils (ServerUtils.java:getDefaultRatisDirectory(323)) - Storage directory for Ratis is not configured. It is a good idea to map this to an SSD disk. Falling back to ozone.metadata.dirs
2023-09-07 04:51:39,626 [main] WARN  utils.OzoneManagerRatisUtils (OzoneManagerRatisUtils.java:getOMRatisSnapshotDirectory(464)) - ozone.om.ratis.snapshot.dir is not configured. Falling back to ozone.metadata.dirs config
2023-09-07 04:51:39,627 [main] WARN  server.ServerUtils (ServerUtils.java:getDefaultRatisDirectory(323)) - Storage directory for Ratis is not configured. It is a good idea to map this to an SSD disk. Falling back to ozone.metadata.dirs
2023-09-07 04:51:39,630 [main] INFO  ratis.OzoneManagerRatisServer (OzoneManagerRatisServer.java:<init>(163)) - Instantiating OM Ratis server with groupID: omServiceIdDefault and peers: localhost:15113
2023-09-07 04:51:39,630 [main] INFO  ratis.OzoneManagerStateMachine (OzoneManagerStateMachine.java:loadSnapshotInfoFromDB(687)) - LastAppliedIndex is set from TransactionInfo from OM DB as (t:0, i:~)
2023-09-07 04:51:39,631 [main] INFO  server.RaftServer (ConfUtils.java:logGet(46)) - raft.rpc.type = GRPC (default)
2023-09-07 04:51:39,631 [main] INFO  grpc.GrpcConfigKeys (ConfUtils.java:logFallback(53)) - raft.grpc.admin.host = null (fallback to raft.grpc.server.host)
2023-09-07 04:51:39,631 [main] INFO  grpc.GrpcConfigKeys (ConfUtils.java:logFallback(53)) - raft.grpc.admin.port = 15113 (fallback to raft.grpc.server.port)
2023-09-07 04:51:39,631 [main] INFO  grpc.GrpcConfigKeys (ConfUtils.java:logFallback(53)) - raft.grpc.client.host = null (fallback to raft.grpc.server.host)
2023-09-07 04:51:39,632 [main] INFO  grpc.GrpcConfigKeys (ConfUtils.java:logFallback(53)) - raft.grpc.client.port = 15113 (fallback to raft.grpc.server.port)
2023-09-07 04:51:39,632 [main] INFO  grpc.GrpcConfigKeys (ConfUtils.java:logGet(46)) - raft.grpc.server.host = null (default)
2023-09-07 04:51:39,632 [main] INFO  grpc.GrpcConfigKeys (ConfUtils.java:logGet(46)) - raft.grpc.server.port = 15113 (custom)
2023-09-07 04:51:39,632 [main] INFO  server.GrpcService (ConfUtils.java:logGet(46)) - raft.grpc.message.size.max = 33554432 (custom)
2023-09-07 04:51:39,632 [main] INFO  server.RaftServerConfigKeys (ConfUtils.java:logGet(46)) - raft.server.log.appender.buffer.byte-limit = 33554432 (custom)
2023-09-07 04:51:39,632 [main] INFO  server.GrpcService (ConfUtils.java:logGet(46)) - raft.grpc.flow.control.window = 1MB (=1048576) (default)
2023-09-07 04:51:39,632 [main] INFO  server.RaftServerConfigKeys (ConfUtils.java:logGet(46)) - raft.server.rpc.request.timeout = 3000ms (default)
2023-09-07 04:51:39,633 [main] INFO  grpc.GrpcConfigKeys (ConfUtils.java:logGet(46)) - raft.grpc.server.heartbeat.channel = true (default)
2023-09-07 04:51:39,633 [main] INFO  grpc.GrpcConfigKeys (ConfUtils.java:logGet(46)) - raft.grpc.server.async.request.thread.pool.cached = true (default)
2023-09-07 04:51:39,633 [main] INFO  grpc.GrpcConfigKeys (ConfUtils.java:logGet(46)) - raft.grpc.server.async.request.thread.pool.size = 32 (default)
2023-09-07 04:51:39,635 [main] INFO  impl.DataStreamServerImpl (ConfUtils.java:logGet(46)) - raft.datastream.type = DISABLED (default)
2023-09-07 04:51:39,635 [main] INFO  server.RaftServerConfigKeys (ConfUtils.java:logGet(46)) - raft.server.threadpool.proxy.cached = true (default)
2023-09-07 04:51:39,636 [main] INFO  server.RaftServerConfigKeys (ConfUtils.java:logGet(46)) - raft.server.threadpool.proxy.size = 0 (default)
2023-09-07 04:51:39,636 [main] INFO  server.RaftServerConfigKeys (ConfUtils.java:logGet(46)) - raft.server.rpc.slowness.timeout = 120s (custom)
2023-09-07 04:51:39,636 [main] INFO  server.RaftServerConfigKeys (ConfUtils.java:logGet(46)) - raft.server.leaderelection.leader.step-down.wait-time = 10s (default)
2023-09-07 04:51:39,636 [main] INFO  server.RaftServerConfigKeys (ConfUtils.java:logGet(46)) - raft.server.storage.dir = [/home/runner/work/ozone/ozone/hadoop-ozone/integration-test/target/test-dir/MiniOzoneClusterImpl-a35962c9-a2fc-4df3-96cb-042236c47d51/ozone-meta/ratis] (custom)
2023-09-07 04:51:39,641 [main] INFO  server.RaftServer (RaftServerProxy.java:addNew(98)) - om1: addNew group-C5BA1605619E:[om1|rpc:localhost:15113|priority:0|startupRole:FOLLOWER] returns group-C5BA1605619E:java.util.concurrent.CompletableFuture@54780d8c[Not completed]
2023-09-07 04:51:39,641 [main] INFO  om.OzoneManager (OzoneManager.java:initializeRatisServer(2145)) - OzoneManager Ratis server initialized at port 15113
2023-09-07 04:51:39,641 [om1-groupManagement] INFO  server.RaftServer$Division (RaftServerImpl.java:<init>(198)) - om1: new RaftServerImpl for group-C5BA1605619E:[om1|rpc:localhost:15113|priority:0|startupRole:FOLLOWER] with OzoneManagerStateMachine:uninitialized
2023-09-07 04:51:39,642 [main] INFO  om.OzoneManager (OzoneManager.java:getRpcServer(1196)) - Creating RPC Server
2023-09-07 04:51:39,642 [om1-groupManagement] INFO  server.RaftServerConfigKeys (ConfUtils.java:logGet(46)) - raft.server.rpc.timeout.min = 1s (custom)
2023-09-07 04:51:39,642 [om1-groupManagement] INFO  server.RaftServerConfigKeys (ConfUtils.java:logGet(46)) - raft.server.rpc.timeout.max = 1200ms (custom)
2023-09-07 04:51:39,642 [om1-groupManagement] INFO  server.RaftServerConfigKeys (ConfUtils.java:logGet(46)) - raft.server.rpc.sleep.time = 25ms (default)
2023-09-07 04:51:39,642 [om1-groupManagement] INFO  server.RaftServerConfigKeys (ConfUtils.java:logGet(46)) - raft.server.rpc.slowness.timeout = 120s (custom)
2023-09-07 04:51:39,642 [om1-groupManagement] INFO  server.RaftServerConfigKeys (ConfUtils.java:logGet(46)) - raft.server.leaderelection.leader.step-down.wait-time = 10s (default)
2023-09-07 04:51:39,642 [om1-groupManagement] INFO  server.RaftServerConfigKeys (ConfUtils.java:logGet(46)) - raft.server.sleep.deviation.threshold = 300ms (default)
2023-09-07 04:51:39,642 [om1-groupManagement] INFO  server.RaftServer$Division (ServerState.java:<init>(120)) - om1@group-C5BA1605619E: ConfigurationManager, init=-1: peers:[om1|rpc:localhost:15113|priority:0|startupRole:FOLLOWER]|listeners:[], old=null, confs=<EMPTY_MAP>
2023-09-07 04:51:39,642 [om1-groupManagement] INFO  server.RaftServerConfigKeys (ConfUtils.java:logGet(46)) - raft.server.storage.dir = [/home/runner/work/ozone/ozone/hadoop-ozone/integration-test/target/test-dir/MiniOzoneClusterImpl-a35962c9-a2fc-4df3-96cb-042236c47d51/ozone-meta/ratis] (custom)
2023-09-07 04:51:39,643 [om1-groupManagement] INFO  server.RaftServerConfigKeys (ConfUtils.java:logGet(46)) - raft.server.log.corruption.policy = EXCEPTION (default)
2023-09-07 04:51:39,643 [om1-groupManagement] INFO  server.RaftServerConfigKeys (ConfUtils.java:logGet(46)) - raft.server.storage.free-space.min = 0MB (=0) (default)
2023-09-07 04:51:39,648 [om1-groupManagement] INFO  server.RaftServerConfigKeys (ConfUtils.java:logGet(46)) - raft.server.notification.no-leader.timeout = 120s (custom)
2023-09-07 04:51:39,648 [om1-groupManagement] INFO  server.RaftServerConfigKeys (ConfUtils.java:logGet(46)) - raft.server.read.timeout = 10s (default)
2023-09-07 04:51:39,648 [om1-groupManagement] INFO  server.RaftServerConfigKeys (ConfUtils.java:logGet(46)) - raft.server.retrycache.expirytime = 300s (custom)
2023-09-07 04:51:39,648 [om1-groupManagement] INFO  server.RaftServerConfigKeys (ConfUtils.java:logGet(46)) - raft.server.retrycache.statistics.expirytime = 100μs (default)
2023-09-07 04:51:39,648 [om1-groupManagement] INFO  server.RaftServerConfigKeys (ConfUtils.java:logGet(46)) - raft.server.read.option = DEFAULT (default)
2023-09-07 04:51:39,649 [om1-groupManagement] INFO  server.RaftServerConfigKeys (ConfUtils.java:logGet(46)) - raft.server.rpc.request.timeout = 3000ms (default)
2023-09-07 04:51:39,649 [om1-groupManagement] INFO  server.RaftServerConfigKeys (ConfUtils.java:logGet(46)) - raft.server.log.appender.install.snapshot.enabled = false (custom)
2023-09-07 04:51:39,649 [om1-groupManagement] INFO  server.RaftServerConfigKeys (ConfUtils.java:logGet(46)) - raft.server.threadpool.server.cached = true (default)
2023-09-07 04:51:39,649 [om1-groupManagement] INFO  server.RaftServerConfigKeys (ConfUtils.java:logGet(46)) - raft.server.threadpool.server.size = 0 (default)
2023-09-07 04:51:39,649 [om1-groupManagement] INFO  server.RaftServerConfigKeys (ConfUtils.java:logGet(46)) - raft.server.threadpool.client.cached = true (default)
2023-09-07 04:51:39,649 [om1-groupManagement] INFO  server.RaftServerConfigKeys (ConfUtils.java:logGet(46)) - raft.server.threadpool.client.size = 0 (default)
2023-09-07 04:51:40,148 [main] INFO  reflections.Reflections (Reflections.java:scan(232)) - Reflections took 504 ms to scan 19 urls, producing 70 keys and 5687 values [using 2 cores]
2023-09-07 04:51:40,149 [main] INFO  ipc.CallQueueManager (CallQueueManager.java:<init>(90)) - Using callQueue: class java.util.concurrent.LinkedBlockingQueue, queueCapacity: 2000, scheduler: class org.apache.hadoop.ipc.DefaultRpcScheduler, ipcBackoff: false.
2023-09-07 04:51:40,150 [main] INFO  ipc.Server (Server.java:<init>(1287)) - Listener at 127.0.0.1:15110
2023-09-07 04:51:40,151 [Socket Reader #1 for port 15110] INFO  ipc.Server (Server.java:run(1323)) - Starting Socket Reader #1 for port 15110
2023-09-07 04:51:40,172 [main] INFO  impl.MetricsSystemImpl (MetricsSystemImpl.java:init(158)) - OzoneManager metrics system started (again)
2023-09-07 04:51:40,188 [main] INFO  om.OzoneManager (OzoneManager.java:start(1630)) - OzoneManager RPC server is listening at localhost/127.0.0.1:15110
2023-09-07 04:51:40,188 [main] INFO  ratis.OzoneManagerRatisServer (OzoneManagerRatisServer.java:start(558)) - Starting OzoneManagerRatisServer om1 at port 15113
2023-09-07 04:51:40,188 [om1-impl-thread1] INFO  storage.RaftStorageDirectory (RaftStorageDirectoryImpl.java:analyzeStorage(137)) - The storage directory /home/runner/work/ozone/ozone/hadoop-ozone/integration-test/target/test-dir/MiniOzoneClusterImpl-a35962c9-a2fc-4df3-96cb-042236c47d51/ozone-meta/ratis/bf265839-605b-3f16-9796-c5ba1605619e does not exist. Creating ...
2023-09-07 04:51:40,190 [om1-impl-thread1] INFO  storage.RaftStorageDirectory (RaftStorageDirectoryImpl.java:tryLock(231)) - Lock on /home/runner/work/ozone/ozone/hadoop-ozone/integration-test/target/test-dir/MiniOzoneClusterImpl-a35962c9-a2fc-4df3-96cb-042236c47d51/ozone-meta/ratis/bf265839-605b-3f16-9796-c5ba1605619e/in_use.lock acquired by nodename 7593@fv-az163-854
2023-09-07 04:51:40,192 [om1-impl-thread1] INFO  storage.RaftStorage (RaftStorageImpl.java:format(96)) - Storage directory /home/runner/work/ozone/ozone/hadoop-ozone/integration-test/target/test-dir/MiniOzoneClusterImpl-a35962c9-a2fc-4df3-96cb-042236c47d51/ozone-meta/ratis/bf265839-605b-3f16-9796-c5ba1605619e has been successfully formatted.
2023-09-07 04:51:40,192 [om1-impl-thread1] INFO  server.RaftServerConfigKeys (ConfUtils.java:logGet(46)) - raft.server.log.use.memory = false (default)
2023-09-07 04:51:40,192 [om1-impl-thread1] INFO  server.RaftServerConfigKeys (ConfUtils.java:logGet(46)) - raft.server.log.purge.gap = 1000000 (custom)
2023-09-07 04:51:40,192 [om1-impl-thread1] INFO  server.RaftServerConfigKeys (ConfUtils.java:logGet(46)) - raft.server.log.appender.buffer.byte-limit = 33554432 (custom)
2023-09-07 04:51:40,193 [om1-impl-thread1] INFO  server.RaftServerConfigKeys (ConfUtils.java:logGet(46)) - raft.server.log.statemachine.data.read.timeout = 1000ms (default)
2023-09-07 04:51:40,193 [om1-impl-thread1] INFO  server.RaftServerConfigKeys (ConfUtils.java:logGet(46)) - raft.server.log.purge.preservation.log.num = 0 (default)
2023-09-07 04:51:40,193 [om1-impl-thread1] INFO  server.RaftServerConfigKeys (ConfUtils.java:logGet(46)) - raft.server.log.segment.size.max = 4194304 (custom)
2023-09-07 04:51:40,194 [om1-impl-thread1] INFO  server.RaftServerConfigKeys (ConfUtils.java:logGet(46)) - raft.server.log.segment.cache.num.max = 2 (custom)
2023-09-07 04:51:40,194 [om1-impl-thread1] INFO  server.RaftServerConfigKeys (ConfUtils.java:logGet(46)) - raft.server.log.segment.cache.size.max = 200MB (=209715200) (default)
2023-09-07 04:51:40,194 [om1-impl-thread1] INFO  server.RaftServerConfigKeys (ConfUtils.java:logGet(46)) - raft.server.log.appender.buffer.byte-limit = 33554432 (custom)
2023-09-07 04:51:40,194 [om1-impl-thread1] INFO  segmented.SegmentedRaftLogWorker (SegmentedRaftLogWorker.java:<init>(188)) - new om1@group-C5BA1605619E-SegmentedRaftLogWorker for RaftStorageImpl:Storage Directory /home/runner/work/ozone/ozone/hadoop-ozone/integration-test/target/test-dir/MiniOzoneClusterImpl-a35962c9-a2fc-4df3-96cb-042236c47d51/ozone-meta/ratis/bf265839-605b-3f16-9796-c5ba1605619e
2023-09-07 04:51:40,194 [om1-impl-thread1] INFO  server.RaftServerConfigKeys (ConfUtils.java:logGet(46)) - raft.server.log.queue.byte-limit = 64MB (=67108864) (default)
2023-09-07 04:51:40,194 [om1-impl-thread1] INFO  server.RaftServerConfigKeys (ConfUtils.java:logGet(46)) - raft.server.log.queue.element-limit = 4096 (default)
2023-09-07 04:51:40,194 [om1-impl-thread1] INFO  server.RaftServerConfigKeys (ConfUtils.java:logGet(46)) - raft.server.log.segment.size.max = 4194304 (custom)
2023-09-07 04:51:40,194 [om1-impl-thread1] INFO  server.RaftServerConfigKeys (ConfUtils.java:logGet(46)) - raft.server.log.preallocated.size = 4194304 (custom)
2023-09-07 04:51:40,194 [om1-impl-thread1] INFO  server.RaftServerConfigKeys (ConfUtils.java:logGet(46)) - raft.server.log.force.sync.num = 128 (default)
2023-09-07 04:51:40,194 [om1-impl-thread1] INFO  server.RaftServerConfigKeys (ConfUtils.java:logGet(46)) - raft.server.log.statemachine.data.sync = true (default)
2023-09-07 04:51:40,194 [om1-impl-thread1] INFO  server.RaftServerConfigKeys (ConfUtils.java:logGet(46)) - raft.server.log.statemachine.data.sync.timeout = 10s (default)
2023-09-07 04:51:40,195 [om1-impl-thread1] INFO  server.RaftServerConfigKeys (ConfUtils.java:logGet(46)) - raft.server.log.statemachine.data.sync.timeout.retry = -1 (default)
2023-09-07 04:51:40,195 [om1-impl-thread1] INFO  server.RaftServerConfigKeys (ConfUtils.java:logGet(46)) - raft.server.log.write.buffer.size = 64KB (=65536) (default)
2023-09-07 04:51:40,195 [om1-impl-thread1] INFO  server.RaftServerConfigKeys (ConfUtils.java:logGet(46)) - raft.server.log.appender.buffer.byte-limit = 33554432 (custom)
2023-09-07 04:51:40,202 [om1-impl-thread1] INFO  server.RaftServerConfigKeys (ConfUtils.java:logGet(46)) - raft.server.log.unsafe-flush.enabled = false (default)
2023-09-07 04:51:40,202 [om1-impl-thread1] INFO  server.RaftServerConfigKeys (ConfUtils.java:logGet(46)) - raft.server.log.async-flush.enabled = false (default)
2023-09-07 04:51:40,202 [om1-impl-thread1] INFO  server.RaftServerConfigKeys (ConfUtils.java:logGet(46)) - raft.server.log.statemachine.data.caching.enabled = false (default)
2023-09-07 04:51:40,202 [om1-impl-thread1] INFO  segmented.SegmentedRaftLogWorker (SegmentedRaftLogWorker.java:lambda$new$0(135)) - om1@group-C5BA1605619E-SegmentedRaftLogWorker: flushIndex: setUnconditionally 0 -> -1
2023-09-07 04:51:40,203 [om1-impl-thread1] INFO  segmented.SegmentedRaftLogWorker (SegmentedRaftLogWorker.java:lambda$new$0(135)) - om1@group-C5BA1605619E-SegmentedRaftLogWorker: safeCacheEvictIndex: setUnconditionally 0 -> -1
2023-09-07 04:51:40,204 [om1-impl-thread1] INFO  server.RaftServer$Division (RaftServerImpl.java:start(342)) - om1@group-C5BA1605619E: start as a follower, conf=-1: peers:[om1|rpc:localhost:15113|priority:0|startupRole:FOLLOWER]|listeners:[], old=null
2023-09-07 04:51:40,204 [om1-impl-thread1] INFO  server.RaftServer$Division (RaftServerImpl.java:setRole(329)) - om1@group-C5BA1605619E: changes role from      null to FOLLOWER at term 0 for startAsFollower
2023-09-07 04:51:40,204 [om1-impl-thread1] INFO  impl.RoleInfo (RoleInfo.java:updateAndGet(139)) - om1: start om1@group-C5BA1605619E-FollowerState
2023-09-07 04:51:40,204 [om1-impl-thread1] INFO  util.JmxRegister (JmxRegister.java:tryRegister(44)) - Successfully registered JMX Bean with object name Ratis:service=RaftServer,group=group-C5BA1605619E,id=om1
2023-09-07 04:51:40,205 [om1-impl-thread1] INFO  server.RaftServerConfigKeys (ConfUtils.java:logGet(46)) - raft.server.snapshot.auto.trigger.enabled = true (custom)
2023-09-07 04:51:40,205 [om1-impl-thread1] INFO  server.RaftServerConfigKeys (ConfUtils.java:logGet(46)) - raft.server.snapshot.auto.trigger.threshold = 400000 (default)
2023-09-07 04:51:40,205 [om1-impl-thread1] INFO  server.RaftServerConfigKeys (ConfUtils.java:logGet(46)) - raft.server.snapshot.retention.file.num = -1 (default)
2023-09-07 04:51:40,205 [om1-impl-thread1] INFO  server.RaftServerConfigKeys (ConfUtils.java:logGet(46)) - raft.server.log.purge.upto.snapshot.index = true (custom)
2023-09-07 04:51:40,205 [om1@group-C5BA1605619E-FollowerState] INFO  server.RaftServerConfigKeys (ConfUtils.java:logFallback(53)) - raft.server.rpc.first-election.timeout.min = 1s (fallback to raft.server.rpc.timeout.min)
2023-09-07 04:51:40,205 [om1@group-C5BA1605619E-FollowerState] INFO  server.RaftServerConfigKeys (ConfUtils.java:logFallback(53)) - raft.server.rpc.first-election.timeout.max = 1200ms (fallback to raft.server.rpc.timeout.max)
2023-09-07 04:51:40,209 [main] INFO  server.RaftServer (RaftServerProxy.java:startImpl(400)) - om1: start RPC server
2023-09-07 04:51:40,212 [main] INFO  server.GrpcService (GrpcService.java:startImpl(302)) - om1: GrpcService started, listening on 15113
2023-09-07 04:51:40,213 [main] INFO  om.OzoneManager (OzoneManager.java:start(1646)) - Version File has different layout version (6) than OM DB (null). That is expected if this OM has never been finalized to a newer layout version.
2023-09-07 04:51:40,214 [JvmPauseMonitor15] INFO  util.JvmPauseMonitor (JvmPauseMonitor.java:run(103)) - JvmPauseMonitor-om1: Started
2023-09-07 04:51:40,219 [main] INFO  http.BaseHttpServer (BaseHttpServer.java:newHttpServer2BuilderForOzone(223)) - Starting Web-server for ozoneManager at: http://0.0.0.0:15111
2023-09-07 04:51:40,219 [main] INFO  http.BaseHttpServer (BaseHttpServer.java:<init>(110)) - Hadoop Security Enabled: false Ozone Security Enabled: false Ozone HTTP Security Enabled: false 
2023-09-07 04:51:40,223 [main] WARN  server.AuthenticationFilter (AuthenticationFilter.java:constructSecretProvider(240)) - Unable to initialize FileSignerSecretProvider, falling back to use random secrets. Reason: Could not read signature secret file: /home/runner/hadoop-http-auth-signature-secret
2023-09-07 04:51:40,225 [main] INFO  http.HttpRequestLog (HttpRequestLog.java:getRequestLog(86)) - Http request log for http.requests.ozoneManager is not defined
2023-09-07 04:51:40,226 [main] INFO  http.HttpServer2 (HttpServer2.java:addGlobalFilter(1031)) - Added global filter 'safety' (class=org.apache.hadoop.hdds.server.http.HttpServer2$QuotingInputFilter)
2023-09-07 04:51:40,227 [main] INFO  http.HttpServer2 (HttpServer2.java:addFilter(1007)) - Added filter static_user_filter (class=org.apache.hadoop.http.lib.StaticUserWebFilter$StaticUserFilter) to context ozoneManager
2023-09-07 04:51:40,227 [main] INFO  http.HttpServer2 (HttpServer2.java:addFilter(1015)) - Added filter static_user_filter (class=org.apache.hadoop.http.lib.StaticUserWebFilter$StaticUserFilter) to context static
2023-09-07 04:51:40,228 [main] INFO  http.HttpServer2 (HttpServer2.java:addFilter(1015)) - Added filter static_user_filter (class=org.apache.hadoop.http.lib.StaticUserWebFilter$StaticUserFilter) to context logs
2023-09-07 04:51:40,230 [main] INFO  http.BaseHttpServer (BaseHttpServer.java:<init>(189)) - HTTP server of ozoneManager uses base directory /home/runner/work/ozone/ozone/hadoop-ozone/integration-test/target/test-dir/MiniOzoneClusterImpl-a35962c9-a2fc-4df3-96cb-042236c47d51/ozone-meta/webserver
2023-09-07 04:51:40,230 [main] INFO  http.HttpServer2 (HttpServer2.java:bindListener(1231)) - Jetty bound to port 15111
2023-09-07 04:51:40,230 [main] INFO  server.Server (Server.java:doStart(375)) - jetty-9.4.51.v20230217; built: 2023-02-17T08:19:37.309Z; git: b45c405e4544384de066f814ed42ae3dceacdd49; jvm 1.8.0_382-b05
2023-09-07 04:51:40,232 [main] INFO  server.session (DefaultSessionIdManager.java:doStart(334)) - DefaultSessionIdManager workerName=node0
2023-09-07 04:51:40,232 [main] INFO  server.session (DefaultSessionIdManager.java:doStart(339)) - No SessionScavenger set, using defaults
2023-09-07 04:51:40,232 [main] INFO  server.session (HouseKeeper.java:startScavenging(132)) - node0 Scavenging every 660000ms
2023-09-07 04:51:40,234 [main] INFO  handler.ContextHandler (ContextHandler.java:doStart(921)) - Started o.e.j.s.ServletContextHandler@6f29716b{logs,/logs,file:///home/runner/work/ozone/ozone/hadoop-ozone/integration-test/target/log,AVAILABLE}
2023-09-07 04:51:40,234 [main] INFO  handler.ContextHandler (ContextHandler.java:doStart(921)) - Started o.e.j.s.ServletContextHandler@47b0aa30{static,/static,file:///home/runner/work/ozone/ozone/hadoop-ozone/integration-test/target/test-classes/webapps/static,AVAILABLE}
2023-09-07 04:51:40,240 [main] INFO  handler.ContextHandler (ContextHandler.java:doStart(921)) - Started o.e.j.w.WebAppContext@353a42ba{ozoneManager,/,file:///home/runner/work/ozone/ozone/hadoop-ozone/integration-test/target/test-classes/webapps/ozoneManager/,AVAILABLE}{file:/home/runner/work/ozone/ozone/hadoop-ozone/integration-test/target/test-classes/webapps/ozoneManager}
2023-09-07 04:51:40,241 [main] INFO  server.AbstractConnector (AbstractConnector.java:doStart(333)) - Started ServerConnector@55f63003{HTTP/1.1, (http/1.1)}{0.0.0.0:15111}
2023-09-07 04:51:40,241 [main] INFO  server.Server (Server.java:doStart(415)) - Started @216304ms
2023-09-07 04:51:40,242 [main] WARN  impl.MetricsSystemImpl (MetricsSystemImpl.java:register(279)) - Sink prometheus already exists!
2023-09-07 04:51:40,242 [main] INFO  http.BaseHttpServer (BaseHttpServer.java:updateConnectorAddress(354)) - HTTP server of ozoneManager listening at http://0.0.0.0:15111
2023-09-07 04:51:40,243 [IPC Server Responder] INFO  ipc.Server (Server.java:run(1562)) - IPC Server Responder: starting
2023-09-07 04:51:40,246 [IPC Server listener on 15110] INFO  ipc.Server (Server.java:run(1402)) - IPC Server listener on 15110: starting
2023-09-07 04:51:40,250 [main] INFO  om.TrashPolicyOzone (TrashPolicyOzone.java:<init>(277)) - Ozone Manager trash configuration: Deletion interval = 0 minutes, Emptier interval = 0 minutes.
2023-09-07 04:51:40,286 [main] WARN  impl.MetricRegistriesImpl (MetricRegistriesImpl.java:addReporterRegistration(111)) - New reporters are added after registries were created. Some metrics will be missing from the reporter. Please add reporter before adding any new registry.
2023-09-07 04:51:40,287 [main] WARN  impl.MetricRegistriesImpl (MetricRegistriesImpl.java:addReporterRegistration(111)) - New reporters are added after registries were created. Some metrics will be missing from the reporter. Please add reporter before adding any new registry.
2023-09-07 04:51:40,287 [main] INFO  impl.MetricsSystemImpl (MetricsSystemImpl.java:init(158)) - HddsDatanode metrics system started (again)
2023-09-07 04:51:40,303 [main] INFO  ozone.HddsDatanodeService (HddsDatanodeService.java:start(237)) - HddsDatanodeService host:fv-az163-854.ksqkok1cighebdh5ckq0wc3qdf.dx.internal.cloudapp.net ip:10.1.0.9
2023-09-07 04:51:40,332 [main] INFO  upgrade.AbstractLayoutVersionManager (AbstractLayoutVersionManager.java:init(83)) - Initializing Layout version manager with metadata layout = HADOOP_PRC_PORTS_IN_DATANODEDETAILS (version = 7), software layout = HADOOP_PRC_PORTS_IN_DATANODEDETAILS (version = 7)
2023-09-07 04:51:40,334 [main] INFO  statemachine.DatanodeStateMachine (DatanodeStateMachine.java:getEndPointTaskThreadPoolSize(282)) - Datanode State Machine Task Thread Pool size 2
2023-09-07 04:51:40,338 [main] INFO  volume.HddsVolume (HddsVolume.java:<init>(126)) - Creating HddsVolume: /home/runner/work/ozone/ozone/hadoop-ozone/integration-test/target/test-dir/MiniOzoneClusterImpl-a35962c9-a2fc-4df3-96cb-042236c47d51/datanode-0/data-0/containers/hdds of storage type : DISK capacity : 9223372036854775807
2023-09-07 04:51:40,338 [main] INFO  volume.MutableVolumeSet (MutableVolumeSet.java:initializeVolumeSet(173)) - Added Volume : /home/runner/work/ozone/ozone/hadoop-ozone/integration-test/target/test-dir/MiniOzoneClusterImpl-a35962c9-a2fc-4df3-96cb-042236c47d51/datanode-0/data-0/containers/hdds to VolumeSet
2023-09-07 04:51:40,339 [main] INFO  volume.MutableVolumeSet (MutableVolumeSet.java:initializeVolumeSet(173)) - Added Volume : /home/runner/work/ozone/ozone/hadoop-ozone/integration-test/target/test-dir/MiniOzoneClusterImpl-a35962c9-a2fc-4df3-96cb-042236c47d51/datanode-0/data/ratis to VolumeSet
2023-09-07 04:51:40,340 [Thread-1314] INFO  ozoneimpl.ContainerReader (ContainerReader.java:readVolume(177)) - Finish verifying containers on volume /home/runner/work/ozone/ozone/hadoop-ozone/integration-test/target/test-dir/MiniOzoneClusterImpl-a35962c9-a2fc-4df3-96cb-042236c47d51/datanode-0/data-0/containers/hdds
2023-09-07 04:51:40,340 [main] INFO  ozoneimpl.OzoneContainer (OzoneContainer.java:buildContainerSet(314)) - Build ContainerSet costs 0s
2023-09-07 04:51:40,349 [main] INFO  server.RaftServer (ConfUtils.java:logGet(46)) - raft.rpc.type = GRPC (default)
2023-09-07 04:51:40,350 [main] INFO  grpc.GrpcConfigKeys (ConfUtils.java:logFallback(53)) - raft.grpc.admin.host = null (fallback to raft.grpc.server.host)
2023-09-07 04:51:40,350 [main] INFO  grpc.GrpcConfigKeys (ConfUtils.java:logGet(46)) - raft.grpc.admin.port = 15119 (custom)
2023-09-07 04:51:40,350 [main] INFO  grpc.GrpcConfigKeys (ConfUtils.java:logFallback(53)) - raft.grpc.client.host = null (fallback to raft.grpc.server.host)
2023-09-07 04:51:40,350 [main] INFO  grpc.GrpcConfigKeys (ConfUtils.java:logGet(46)) - raft.grpc.client.port = 15118 (custom)
2023-09-07 04:51:40,350 [main] INFO  grpc.GrpcConfigKeys (ConfUtils.java:logGet(46)) - raft.grpc.server.host = null (default)
2023-09-07 04:51:40,350 [main] INFO  grpc.GrpcConfigKeys (ConfUtils.java:logGet(46)) - raft.grpc.server.port = 15120 (custom)
2023-09-07 04:51:40,351 [main] INFO  server.GrpcService (ConfUtils.java:logGet(46)) - raft.grpc.message.size.max = 32MB (=33554432) (custom)
2023-09-07 04:51:40,351 [main] INFO  server.RaftServerConfigKeys (ConfUtils.java:logGet(46)) - raft.server.log.appender.buffer.byte-limit = 33554432 (custom)
2023-09-07 04:51:40,351 [main] INFO  server.GrpcService (ConfUtils.java:logGet(46)) - raft.grpc.flow.control.window = 5MB (=5242880) (custom)
2023-09-07 04:51:40,351 [main] INFO  server.RaftServerConfigKeys (ConfUtils.java:logGet(46)) - raft.server.rpc.request.timeout = 60s (custom)
2023-09-07 04:51:40,351 [main] INFO  grpc.GrpcConfigKeys (ConfUtils.java:logGet(46)) - raft.grpc.server.heartbeat.channel = true (default)
2023-09-07 04:51:40,351 [main] INFO  grpc.GrpcConfigKeys (ConfUtils.java:logGet(46)) - raft.grpc.server.async.request.thread.pool.cached = true (default)
2023-09-07 04:51:40,352 [main] INFO  grpc.GrpcConfigKeys (ConfUtils.java:logGet(46)) - raft.grpc.server.async.request.thread.pool.size = 32 (default)
2023-09-07 04:51:40,355 [main] INFO  impl.DataStreamServerImpl (ConfUtils.java:logGet(46)) - raft.datastream.type = NETTY (custom)
2023-09-07 04:51:40,356 [main] INFO  server.RaftServerConfigKeys (ConfUtils.java:logGet(46)) - raft.server.data-stream.async.request.thread.pool.cached = false (default)
2023-09-07 04:51:40,356 [main] INFO  server.RaftServerConfigKeys (ConfUtils.java:logGet(46)) - raft.server.data-stream.async.request.thread.pool.size = 20 (custom)
2023-09-07 04:51:40,356 [main] INFO  server.RaftServerConfigKeys (ConfUtils.java:logGet(46)) - raft.server.data-stream.async.write.thread.pool.size = 16 (default)
2023-09-07 04:51:40,357 [main] INFO  server.RaftServerConfigKeys (ConfUtils.java:logGet(46)) - raft.server.data-stream.client.pool.size = 10 (default)
2023-09-07 04:51:40,357 [main] INFO  netty.NettyConfigKeys$DataStream (ConfUtils.java:logGet(46)) - raft.netty.dataStream.server.use-epoll = false (default)
2023-09-07 04:51:40,357 [main] INFO  netty.NettyConfigKeys$DataStream (ConfUtils.java:logGet(46)) - raft.netty.dataStream.server.boss-group.size = 0 (default)
2023-09-07 04:51:40,358 [main] INFO  netty.NettyConfigKeys$DataStream (ConfUtils.java:logGet(46)) - raft.netty.dataStream.server.worker-group.size = 0 (default)
2023-09-07 04:51:40,359 [main] INFO  netty.NettyConfigKeys$DataStream (ConfUtils.java:logGet(46)) - raft.netty.dataStream.server.tls.conf = null (default)
2023-09-07 04:51:40,359 [main] INFO  netty.NettyConfigKeys$DataStream (ConfUtils.java:logGet(46)) - raft.netty.dataStream.host = null (default)
2023-09-07 04:51:40,359 [main] INFO  netty.NettyConfigKeys$DataStream (ConfUtils.java:logGet(46)) - raft.netty.dataStream.port = 15121 (custom)
2023-09-07 04:51:40,360 [main] INFO  server.RaftServerConfigKeys (ConfUtils.java:logGet(46)) - raft.server.threadpool.proxy.cached = true (default)
2023-09-07 04:51:40,360 [main] INFO  server.RaftServerConfigKeys (ConfUtils.java:logGet(46)) - raft.server.threadpool.proxy.size = 0 (default)
2023-09-07 04:51:40,361 [main] INFO  server.RaftServerConfigKeys (ConfUtils.java:logGet(46)) - raft.server.rpc.slowness.timeout = 300s (custom)
2023-09-07 04:51:40,361 [main] INFO  server.RaftServerConfigKeys (ConfUtils.java:logGet(46)) - raft.server.leaderelection.leader.step-down.wait-time = 10s (default)
2023-09-07 04:51:40,362 [main] INFO  server.RaftServerConfigKeys (ConfUtils.java:logGet(46)) - raft.server.storage.dir = [/home/runner/work/ozone/ozone/hadoop-ozone/integration-test/target/test-dir/MiniOzoneClusterImpl-a35962c9-a2fc-4df3-96cb-042236c47d51/datanode-0/data/ratis] (custom)
2023-09-07 04:51:40,363 [7d658909-36a6-44f1-ac1a-09761b608691-NettyServerStreamRpc-bossGroup--thread1] INFO  logging.LoggingHandler (AbstractInternalLogger.java:log(148)) - [id: 0x131a95a5] REGISTERED
2023-09-07 04:51:40,363 [7d658909-36a6-44f1-ac1a-09761b608691-NettyServerStreamRpc-bossGroup--thread1] INFO  logging.LoggingHandler (AbstractInternalLogger.java:log(148)) - [id: 0x131a95a5] BIND: 0.0.0.0/0.0.0.0:15121
2023-09-07 04:51:40,364 [7d658909-36a6-44f1-ac1a-09761b608691-NettyServerStreamRpc-bossGroup--thread1] INFO  logging.LoggingHandler (AbstractInternalLogger.java:log(148)) - [id: 0x131a95a5, L:/0:0:0:0:0:0:0:0:15121] ACTIVE
2023-09-07 04:51:40,364 [7d658909-36a6-44f1-ac1a-09761b608691-impl-thread1] INFO  server.RaftServer (RaftServerProxy.java:initGroupDir(258)) - 7d658909-36a6-44f1-ac1a-09761b608691: found a subdirectory /home/runner/work/ozone/ozone/hadoop-ozone/integration-test/target/test-dir/MiniOzoneClusterImpl-a35962c9-a2fc-4df3-96cb-042236c47d51/datanode-0/data/ratis/tmp
2023-09-07 04:51:40,364 [7d658909-36a6-44f1-ac1a-09761b608691-impl-thread1] INFO  server.RaftServer (RaftServerProxy.java:initGroupDir(263)) - 7d658909-36a6-44f1-ac1a-09761b608691: The directory /home/runner/work/ozone/ozone/hadoop-ozone/integration-test/target/test-dir/MiniOzoneClusterImpl-a35962c9-a2fc-4df3-96cb-042236c47d51/datanode-0/data/ratis/tmp is not a group directory; ignoring it. 
2023-09-07 04:51:40,365 [main] INFO  replication.ReplicationServer (ReplicationServer.java:<init>(81)) - Initializing replication server with thread count = 10
2023-09-07 04:51:40,367 [main] INFO  server.XceiverServerGrpc (XceiverServerGrpc.java:<init>(132)) - GrpcServer channel type EpollServerSocketChannel
2023-09-07 04:51:40,369 [main] INFO  replication.ReplicationSupervisor (ReplicationSupervisor.java:build(155)) - Initializing replication supervisor with thread count = 10
2023-09-07 04:51:40,369 [main] INFO  replication.ReplicationSupervisor (ReplicationSupervisor.java:nodeStateUpdated(307)) - Node state updated to IN_SERVICE, scaling executor pool size to 10
2023-09-07 04:51:40,373 [main] INFO  http.BaseHttpServer (BaseHttpServer.java:newHttpServer2BuilderForOzone(223)) - Starting Web-server for hddsDatanode at: http://0.0.0.0:15115
2023-09-07 04:51:40,373 [main] INFO  http.BaseHttpServer (BaseHttpServer.java:<init>(110)) - Hadoop Security Enabled: false Ozone Security Enabled: false Ozone HTTP Security Enabled: false 
2023-09-07 04:51:40,375 [main] WARN  server.AuthenticationFilter (AuthenticationFilter.java:constructSecretProvider(240)) - Unable to initialize FileSignerSecretProvider, falling back to use random secrets. Reason: Could not read signature secret file: /home/runner/hadoop-http-auth-signature-secret
2023-09-07 04:51:40,376 [main] INFO  http.HttpRequestLog (HttpRequestLog.java:getRequestLog(86)) - Http request log for http.requests.hddsDatanode is not defined
2023-09-07 04:51:40,378 [main] INFO  http.HttpServer2 (HttpServer2.java:addGlobalFilter(1031)) - Added global filter 'safety' (class=org.apache.hadoop.hdds.server.http.HttpServer2$QuotingInputFilter)
2023-09-07 04:51:40,378 [main] INFO  http.HttpServer2 (HttpServer2.java:addFilter(1007)) - Added filter static_user_filter (class=org.apache.hadoop.http.lib.StaticUserWebFilter$StaticUserFilter) to context hddsDatanode
2023-09-07 04:51:40,380 [main] INFO  http.HttpServer2 (HttpServer2.java:addFilter(1015)) - Added filter static_user_filter (class=org.apache.hadoop.http.lib.StaticUserWebFilter$StaticUserFilter) to context static
2023-09-07 04:51:40,380 [main] INFO  http.HttpServer2 (HttpServer2.java:addFilter(1015)) - Added filter static_user_filter (class=org.apache.hadoop.http.lib.StaticUserWebFilter$StaticUserFilter) to context logs
2023-09-07 04:51:40,382 [main] INFO  http.BaseHttpServer (BaseHttpServer.java:<init>(189)) - HTTP server of hddsDatanode uses base directory /home/runner/work/ozone/ozone/hadoop-ozone/integration-test/target/test-dir/MiniOzoneClusterImpl-a35962c9-a2fc-4df3-96cb-042236c47d51/datanode-0/meta/webserver
2023-09-07 04:51:40,383 [main] INFO  http.HttpServer2 (HttpServer2.java:bindListener(1231)) - Jetty bound to port 15115
2023-09-07 04:51:40,383 [main] INFO  server.Server (Server.java:doStart(375)) - jetty-9.4.51.v20230217; built: 2023-02-17T08:19:37.309Z; git: b45c405e4544384de066f814ed42ae3dceacdd49; jvm 1.8.0_382-b05
2023-09-07 04:51:40,385 [main] INFO  server.session (DefaultSessionIdManager.java:doStart(334)) - DefaultSessionIdManager workerName=node0
2023-09-07 04:51:40,385 [main] INFO  server.session (DefaultSessionIdManager.java:doStart(339)) - No SessionScavenger set, using defaults
2023-09-07 04:51:40,385 [main] INFO  server.session (HouseKeeper.java:startScavenging(132)) - node0 Scavenging every 600000ms
2023-09-07 04:51:40,387 [main] INFO  handler.ContextHandler (ContextHandler.java:doStart(921)) - Started o.e.j.s.ServletContextHandler@3a7cffa5{logs,/logs,file:///home/runner/work/ozone/ozone/hadoop-ozone/integration-test/target/log,AVAILABLE}
2023-09-07 04:51:40,388 [main] INFO  handler.ContextHandler (ContextHandler.java:doStart(921)) - Started o.e.j.s.ServletContextHandler@3628eef9{static,/static,jar:file:/home/runner/.m2/repository/org/apache/ozone/hdds-container-service/1.4.0-SNAPSHOT/hdds-container-service-1.4.0-SNAPSHOT.jar!/webapps/static,AVAILABLE}
2023-09-07 04:51:40,657 [main] INFO  handler.ContextHandler (ContextHandler.java:doStart(921)) - Started o.e.j.w.WebAppContext@2bcc8ccd{hddsDatanode,/,file:///home/runner/work/ozone/ozone/hadoop-ozone/integration-test/target/test-dir/MiniOzoneClusterImpl-a35962c9-a2fc-4df3-96cb-042236c47d51/datanode-0/meta/webserver/jetty-0_0_0_0-15115-hdds-container-service-1_4_0-SNAPSHOT_jar-_-any-4132960239647338459/webapp/,AVAILABLE}{jar:file:/home/runner/.m2/repository/org/apache/ozone/hdds-container-service/1.4.0-SNAPSHOT/hdds-container-service-1.4.0-SNAPSHOT.jar!/webapps/hddsDatanode}
2023-09-07 04:51:40,659 [main] INFO  server.AbstractConnector (AbstractConnector.java:doStart(333)) - Started ServerConnector@210e8f91{HTTP/1.1, (http/1.1)}{0.0.0.0:15115}
2023-09-07 04:51:40,659 [main] INFO  server.Server (Server.java:doStart(415)) - Started @216722ms
2023-09-07 04:51:40,659 [main] WARN  impl.MetricsSystemImpl (MetricsSystemImpl.java:register(279)) - Sink prometheus already exists!
2023-09-07 04:51:40,660 [main] INFO  http.BaseHttpServer (BaseHttpServer.java:updateConnectorAddress(354)) - HTTP server of hddsDatanode listening at http://0.0.0.0:15115
2023-09-07 04:51:40,661 [main] INFO  ipc.CallQueueManager (CallQueueManager.java:<init>(90)) - Using callQueue: class java.util.concurrent.LinkedBlockingQueue, queueCapacity: 100, scheduler: class org.apache.hadoop.ipc.DefaultRpcScheduler, ipcBackoff: false.
2023-09-07 04:51:40,661 [main] INFO  ipc.Server (Server.java:<init>(1287)) - Listener at 0.0.0.0:15116
2023-09-07 04:51:40,662 [Socket Reader #1 for port 15116] INFO  ipc.Server (Server.java:run(1323)) - Starting Socket Reader #1 for port 15116
2023-09-07 04:51:40,664 [main] INFO  ozone.HddsDatanodeService (HddsDatanodeService.java:start(315)) - Datanode start with admins: [runner]
2023-09-07 04:51:40,664 [main] INFO  ozone.HddsDatanodeClientProtocolServer (HddsDatanodeClientProtocolServer.java:start(72)) - RPC server for Client /0.0.0.0:15116
2023-09-07 04:51:40,665 [IPC Server Responder] INFO  ipc.Server (Server.java:run(1562)) - IPC Server Responder: starting
2023-09-07 04:51:40,666 [Datanode State Machine Daemon Thread] INFO  statemachine.DatanodeStateMachine (DatanodeStateMachine.java:lambda$startDaemon$0(538)) - Ozone container server started.
2023-09-07 04:51:40,666 [main] WARN  impl.MetricRegistriesImpl (MetricRegistriesImpl.java:addReporterRegistration(111)) - New reporters are added after registries were created. Some metrics will be missing from the reporter. Please add reporter before adding any new registry.
2023-09-07 04:51:40,666 [main] WARN  impl.MetricRegistriesImpl (MetricRegistriesImpl.java:addReporterRegistration(111)) - New reporters are added after registries were created. Some metrics will be missing from the reporter. Please add reporter before adding any new registry.
2023-09-07 04:51:40,666 [main] INFO  impl.MetricsSystemImpl (MetricsSystemImpl.java:init(158)) - HddsDatanode metrics system started (again)
2023-09-07 04:51:40,678 [IPC Server listener on 15116] INFO  ipc.Server (Server.java:run(1402)) - IPC Server listener on 15116: starting
2023-09-07 04:51:40,711 [Datanode State Machine Task Thread - 0] INFO  datanode.InitDatanodeState (InitDatanodeState.java:persistContainerDatanodeDetails(138)) - DatanodeDetails is persisted to /home/runner/work/ozone/ozone/hadoop-ozone/integration-test/target/test-dir/MiniOzoneClusterImpl-a35962c9-a2fc-4df3-96cb-042236c47d51/datanode-0/meta/datanode.id
2023-09-07 04:51:40,712 [main] INFO  ozone.HddsDatanodeService (HddsDatanodeService.java:start(237)) - HddsDatanodeService host:fv-az163-854.ksqkok1cighebdh5ckq0wc3qdf.dx.internal.cloudapp.net ip:10.1.0.9
2023-09-07 04:51:40,744 [main] INFO  upgrade.AbstractLayoutVersionManager (AbstractLayoutVersionManager.java:init(83)) - Initializing Layout version manager with metadata layout = HADOOP_PRC_PORTS_IN_DATANODEDETAILS (version = 7), software layout = HADOOP_PRC_PORTS_IN_DATANODEDETAILS (version = 7)
2023-09-07 04:51:40,745 [main] INFO  statemachine.DatanodeStateMachine (DatanodeStateMachine.java:getEndPointTaskThreadPoolSize(282)) - Datanode State Machine Task Thread Pool size 2
2023-09-07 04:51:40,746 [main] INFO  volume.HddsVolume (HddsVolume.java:<init>(126)) - Creating HddsVolume: /home/runner/work/ozone/ozone/hadoop-ozone/integration-test/target/test-dir/MiniOzoneClusterImpl-a35962c9-a2fc-4df3-96cb-042236c47d51/datanode-1/data-0/containers/hdds of storage type : DISK capacity : 9223372036854775807
2023-09-07 04:51:40,747 [main] INFO  volume.MutableVolumeSet (MutableVolumeSet.java:initializeVolumeSet(173)) - Added Volume : /home/runner/work/ozone/ozone/hadoop-ozone/integration-test/target/test-dir/MiniOzoneClusterImpl-a35962c9-a2fc-4df3-96cb-042236c47d51/datanode-1/data-0/containers/hdds to VolumeSet
2023-09-07 04:51:40,747 [main] INFO  volume.MutableVolumeSet (MutableVolumeSet.java:initializeVolumeSet(173)) - Added Volume : /home/runner/work/ozone/ozone/hadoop-ozone/integration-test/target/test-dir/MiniOzoneClusterImpl-a35962c9-a2fc-4df3-96cb-042236c47d51/datanode-1/data/ratis to VolumeSet
2023-09-07 04:51:40,750 [Thread-1331] INFO  ozoneimpl.ContainerReader (ContainerReader.java:readVolume(177)) - Finish verifying containers on volume /home/runner/work/ozone/ozone/hadoop-ozone/integration-test/target/test-dir/MiniOzoneClusterImpl-a35962c9-a2fc-4df3-96cb-042236c47d51/datanode-1/data-0/containers/hdds
2023-09-07 04:51:40,750 [main] INFO  ozoneimpl.OzoneContainer (OzoneContainer.java:buildContainerSet(314)) - Build ContainerSet costs 0s
2023-09-07 04:51:40,754 [main] INFO  server.RaftServer (ConfUtils.java:logGet(46)) - raft.rpc.type = GRPC (default)
2023-09-07 04:51:40,754 [main] INFO  grpc.GrpcConfigKeys (ConfUtils.java:logFallback(53)) - raft.grpc.admin.host = null (fallback to raft.grpc.server.host)
2023-09-07 04:51:40,754 [main] INFO  grpc.GrpcConfigKeys (ConfUtils.java:logGet(46)) - raft.grpc.admin.port = 15128 (custom)
2023-09-07 04:51:40,755 [main] INFO  grpc.GrpcConfigKeys (ConfUtils.java:logFallback(53)) - raft.grpc.client.host = null (fallback to raft.grpc.server.host)
2023-09-07 04:51:40,755 [main] INFO  grpc.GrpcConfigKeys (ConfUtils.java:logGet(46)) - raft.grpc.client.port = 15127 (custom)
2023-09-07 04:51:40,755 [main] INFO  grpc.GrpcConfigKeys (ConfUtils.java:logGet(46)) - raft.grpc.server.host = null (default)
2023-09-07 04:51:40,755 [main] INFO  grpc.GrpcConfigKeys (ConfUtils.java:logGet(46)) - raft.grpc.server.port = 15129 (custom)
2023-09-07 04:51:40,755 [main] INFO  server.GrpcService (ConfUtils.java:logGet(46)) - raft.grpc.message.size.max = 32MB (=33554432) (custom)
2023-09-07 04:51:40,755 [main] INFO  server.RaftServerConfigKeys (ConfUtils.java:logGet(46)) - raft.server.log.appender.buffer.byte-limit = 33554432 (custom)
2023-09-07 04:51:40,755 [main] INFO  server.GrpcService (ConfUtils.java:logGet(46)) - raft.grpc.flow.control.window = 5MB (=5242880) (custom)
2023-09-07 04:51:40,756 [main] INFO  server.RaftServerConfigKeys (ConfUtils.java:logGet(46)) - raft.server.rpc.request.timeout = 60s (custom)
2023-09-07 04:51:40,756 [main] INFO  grpc.GrpcConfigKeys (ConfUtils.java:logGet(46)) - raft.grpc.server.heartbeat.channel = true (default)
2023-09-07 04:51:40,756 [main] INFO  grpc.GrpcConfigKeys (ConfUtils.java:logGet(46)) - raft.grpc.server.async.request.thread.pool.cached = true (default)
2023-09-07 04:51:40,756 [main] INFO  grpc.GrpcConfigKeys (ConfUtils.java:logGet(46)) - raft.grpc.server.async.request.thread.pool.size = 32 (default)
2023-09-07 04:51:40,759 [main] INFO  impl.DataStreamServerImpl (ConfUtils.java:logGet(46)) - raft.datastream.type = NETTY (custom)
2023-09-07 04:51:40,760 [main] INFO  server.RaftServerConfigKeys (ConfUtils.java:logGet(46)) - raft.server.data-stream.async.request.thread.pool.cached = false (default)
2023-09-07 04:51:40,760 [main] INFO  server.RaftServerConfigKeys (ConfUtils.java:logGet(46)) - raft.server.data-stream.async.request.thread.pool.size = 20 (custom)
2023-09-07 04:51:40,760 [main] INFO  server.RaftServerConfigKeys (ConfUtils.java:logGet(46)) - raft.server.data-stream.async.write.thread.pool.size = 16 (default)
2023-09-07 04:51:40,760 [main] INFO  server.RaftServerConfigKeys (ConfUtils.java:logGet(46)) - raft.server.data-stream.client.pool.size = 10 (default)
2023-09-07 04:51:40,760 [main] INFO  netty.NettyConfigKeys$DataStream (ConfUtils.java:logGet(46)) - raft.netty.dataStream.server.use-epoll = false (default)
2023-09-07 04:51:40,760 [main] INFO  netty.NettyConfigKeys$DataStream (ConfUtils.java:logGet(46)) - raft.netty.dataStream.server.boss-group.size = 0 (default)
2023-09-07 04:51:40,761 [main] INFO  netty.NettyConfigKeys$DataStream (ConfUtils.java:logGet(46)) - raft.netty.dataStream.server.worker-group.size = 0 (default)
2023-09-07 04:51:40,761 [main] INFO  netty.NettyConfigKeys$DataStream (ConfUtils.java:logGet(46)) - raft.netty.dataStream.server.tls.conf = null (default)
2023-09-07 04:51:40,761 [main] INFO  netty.NettyConfigKeys$DataStream (ConfUtils.java:logGet(46)) - raft.netty.dataStream.host = null (default)
2023-09-07 04:51:40,762 [main] INFO  netty.NettyConfigKeys$DataStream (ConfUtils.java:logGet(46)) - raft.netty.dataStream.port = 15130 (custom)
2023-09-07 04:51:40,767 [main] INFO  server.RaftServerConfigKeys (ConfUtils.java:logGet(46)) - raft.server.threadpool.proxy.cached = true (default)
2023-09-07 04:51:40,767 [main] INFO  server.RaftServerConfigKeys (ConfUtils.java:logGet(46)) - raft.server.threadpool.proxy.size = 0 (default)
2023-09-07 04:51:40,767 [9c9ba13f-6dd0-460e-ac54-999c1aa3e7ed-NettyServerStreamRpc-bossGroup--thread1] INFO  logging.LoggingHandler (AbstractInternalLogger.java:log(148)) - [id: 0xb3a30d4f] REGISTERED
2023-09-07 04:51:40,767 [main] INFO  server.RaftServerConfigKeys (ConfUtils.java:logGet(46)) - raft.server.rpc.slowness.timeout = 300s (custom)
2023-09-07 04:51:40,768 [main] INFO  server.RaftServerConfigKeys (ConfUtils.java:logGet(46)) - raft.server.leaderelection.leader.step-down.wait-time = 10s (default)
2023-09-07 04:51:40,768 [9c9ba13f-6dd0-460e-ac54-999c1aa3e7ed-NettyServerStreamRpc-bossGroup--thread1] INFO  logging.LoggingHandler (AbstractInternalLogger.java:log(148)) - [id: 0xb3a30d4f] BIND: 0.0.0.0/0.0.0.0:15130
2023-09-07 04:51:40,768 [main] INFO  server.RaftServerConfigKeys (ConfUtils.java:logGet(46)) - raft.server.storage.dir = [/home/runner/work/ozone/ozone/hadoop-ozone/integration-test/target/test-dir/MiniOzoneClusterImpl-a35962c9-a2fc-4df3-96cb-042236c47d51/datanode-1/data/ratis] (custom)
2023-09-07 04:51:40,768 [9c9ba13f-6dd0-460e-ac54-999c1aa3e7ed-impl-thread1] INFO  server.RaftServer (RaftServerProxy.java:initGroupDir(258)) - 9c9ba13f-6dd0-460e-ac54-999c1aa3e7ed: found a subdirectory /home/runner/work/ozone/ozone/hadoop-ozone/integration-test/target/test-dir/MiniOzoneClusterImpl-a35962c9-a2fc-4df3-96cb-042236c47d51/datanode-1/data/ratis/tmp
2023-09-07 04:51:40,768 [9c9ba13f-6dd0-460e-ac54-999c1aa3e7ed-impl-thread1] INFO  server.RaftServer (RaftServerProxy.java:initGroupDir(263)) - 9c9ba13f-6dd0-460e-ac54-999c1aa3e7ed: The directory /home/runner/work/ozone/ozone/hadoop-ozone/integration-test/target/test-dir/MiniOzoneClusterImpl-a35962c9-a2fc-4df3-96cb-042236c47d51/datanode-1/data/ratis/tmp is not a group directory; ignoring it. 
2023-09-07 04:51:40,769 [main] INFO  replication.ReplicationServer (ReplicationServer.java:<init>(81)) - Initializing replication server with thread count = 10
2023-09-07 04:51:40,770 [9c9ba13f-6dd0-460e-ac54-999c1aa3e7ed-NettyServerStreamRpc-bossGroup--thread1] INFO  logging.LoggingHandler (AbstractInternalLogger.java:log(148)) - [id: 0xb3a30d4f, L:/0:0:0:0:0:0:0:0:15130] ACTIVE
2023-09-07 04:51:40,770 [main] INFO  server.XceiverServerGrpc (XceiverServerGrpc.java:<init>(132)) - GrpcServer channel type EpollServerSocketChannel
2023-09-07 04:51:40,776 [main] INFO  replication.ReplicationSupervisor (ReplicationSupervisor.java:build(155)) - Initializing replication supervisor with thread count = 10
2023-09-07 04:51:40,776 [main] INFO  replication.ReplicationSupervisor (ReplicationSupervisor.java:nodeStateUpdated(307)) - Node state updated to IN_SERVICE, scaling executor pool size to 10
2023-09-07 04:51:40,780 [main] INFO  http.BaseHttpServer (BaseHttpServer.java:newHttpServer2BuilderForOzone(223)) - Starting Web-server for hddsDatanode at: http://0.0.0.0:15124
2023-09-07 04:51:40,780 [main] INFO  http.BaseHttpServer (BaseHttpServer.java:<init>(110)) - Hadoop Security Enabled: false Ozone Security Enabled: false Ozone HTTP Security Enabled: false 
2023-09-07 04:51:40,781 [main] WARN  server.AuthenticationFilter (AuthenticationFilter.java:constructSecretProvider(240)) - Unable to initialize FileSignerSecretProvider, falling back to use random secrets. Reason: Could not read signature secret file: /home/runner/hadoop-http-auth-signature-secret
2023-09-07 04:51:40,783 [main] INFO  http.HttpRequestLog (HttpRequestLog.java:getRequestLog(86)) - Http request log for http.requests.hddsDatanode is not defined
2023-09-07 04:51:40,785 [main] INFO  http.HttpServer2 (HttpServer2.java:addGlobalFilter(1031)) - Added global filter 'safety' (class=org.apache.hadoop.hdds.server.http.HttpServer2$QuotingInputFilter)
2023-09-07 04:51:40,792 [main] INFO  http.HttpServer2 (HttpServer2.java:addFilter(1007)) - Added filter static_user_filter (class=org.apache.hadoop.http.lib.StaticUserWebFilter$StaticUserFilter) to context hddsDatanode
2023-09-07 04:51:40,792 [main] INFO  http.HttpServer2 (HttpServer2.java:addFilter(1015)) - Added filter static_user_filter (class=org.apache.hadoop.http.lib.StaticUserWebFilter$StaticUserFilter) to context logs
2023-09-07 04:51:40,792 [main] INFO  http.HttpServer2 (HttpServer2.java:addFilter(1015)) - Added filter static_user_filter (class=org.apache.hadoop.http.lib.StaticUserWebFilter$StaticUserFilter) to context static
2023-09-07 04:51:40,794 [main] INFO  http.BaseHttpServer (BaseHttpServer.java:<init>(189)) - HTTP server of hddsDatanode uses base directory /home/runner/work/ozone/ozone/hadoop-ozone/integration-test/target/test-dir/MiniOzoneClusterImpl-a35962c9-a2fc-4df3-96cb-042236c47d51/datanode-1/meta/webserver
2023-09-07 04:51:40,794 [main] INFO  http.HttpServer2 (HttpServer2.java:bindListener(1231)) - Jetty bound to port 15124
2023-09-07 04:51:40,794 [main] INFO  server.Server (Server.java:doStart(375)) - jetty-9.4.51.v20230217; built: 2023-02-17T08:19:37.309Z; git: b45c405e4544384de066f814ed42ae3dceacdd49; jvm 1.8.0_382-b05
2023-09-07 04:51:40,799 [main] INFO  server.session (DefaultSessionIdManager.java:doStart(334)) - DefaultSessionIdManager workerName=node0
2023-09-07 04:51:40,799 [main] INFO  server.session (DefaultSessionIdManager.java:doStart(339)) - No SessionScavenger set, using defaults
2023-09-07 04:51:40,799 [main] INFO  server.session (HouseKeeper.java:startScavenging(132)) - node0 Scavenging every 600000ms
2023-09-07 04:51:40,800 [main] INFO  handler.ContextHandler (ContextHandler.java:doStart(921)) - Started o.e.j.s.ServletContextHandler@6f6e50ce{logs,/logs,file:///home/runner/work/ozone/ozone/hadoop-ozone/integration-test/target/log,AVAILABLE}
2023-09-07 04:51:40,801 [main] INFO  handler.ContextHandler (ContextHandler.java:doStart(921)) - Started o.e.j.s.ServletContextHandler@64c46da9{static,/static,jar:file:/home/runner/.m2/repository/org/apache/ozone/hdds-container-service/1.4.0-SNAPSHOT/hdds-container-service-1.4.0-SNAPSHOT.jar!/webapps/static,AVAILABLE}
2023-09-07 04:51:41,047 [main] INFO  handler.ContextHandler (ContextHandler.java:doStart(921)) - Started o.e.j.w.WebAppContext@19a6ffe1{hddsDatanode,/,file:///home/runner/work/ozone/ozone/hadoop-ozone/integration-test/target/test-dir/MiniOzoneClusterImpl-a35962c9-a2fc-4df3-96cb-042236c47d51/datanode-1/meta/webserver/jetty-0_0_0_0-15124-hdds-container-service-1_4_0-SNAPSHOT_jar-_-any-5756729261510332924/webapp/,AVAILABLE}{jar:file:/home/runner/.m2/repository/org/apache/ozone/hdds-container-service/1.4.0-SNAPSHOT/hdds-container-service-1.4.0-SNAPSHOT.jar!/webapps/hddsDatanode}
2023-09-07 04:51:41,055 [main] INFO  server.AbstractConnector (AbstractConnector.java:doStart(333)) - Started ServerConnector@40af423a{HTTP/1.1, (http/1.1)}{0.0.0.0:15124}
2023-09-07 04:51:41,055 [main] INFO  server.Server (Server.java:doStart(415)) - Started @217118ms
2023-09-07 04:51:41,055 [main] WARN  impl.MetricsSystemImpl (MetricsSystemImpl.java:register(279)) - Sink prometheus already exists!
2023-09-07 04:51:41,056 [main] INFO  http.BaseHttpServer (BaseHttpServer.java:updateConnectorAddress(354)) - HTTP server of hddsDatanode listening at http://0.0.0.0:15124
2023-09-07 04:51:41,056 [main] INFO  ipc.CallQueueManager (CallQueueManager.java:<init>(90)) - Using callQueue: class java.util.concurrent.LinkedBlockingQueue, queueCapacity: 100, scheduler: class org.apache.hadoop.ipc.DefaultRpcScheduler, ipcBackoff: false.
2023-09-07 04:51:41,057 [main] INFO  ipc.Server (Server.java:<init>(1287)) - Listener at 0.0.0.0:15125
2023-09-07 04:51:41,058 [Socket Reader #1 for port 15125] INFO  ipc.Server (Server.java:run(1323)) - Starting Socket Reader #1 for port 15125
2023-09-07 04:51:41,065 [main] INFO  ozone.HddsDatanodeService (HddsDatanodeService.java:start(315)) - Datanode start with admins: [runner]
2023-09-07 04:51:41,065 [main] INFO  ozone.HddsDatanodeClientProtocolServer (HddsDatanodeClientProtocolServer.java:start(72)) - RPC server for Client /0.0.0.0:15125
2023-09-07 04:51:41,066 [IPC Server Responder] INFO  ipc.Server (Server.java:run(1562)) - IPC Server Responder: starting
2023-09-07 04:51:41,066 [main] WARN  impl.MetricRegistriesImpl (MetricRegistriesImpl.java:addReporterRegistration(111)) - New reporters are added after registries were created. Some metrics will be missing from the reporter. Please add reporter before adding any new registry.
2023-09-07 04:51:41,066 [main] WARN  impl.MetricRegistriesImpl (MetricRegistriesImpl.java:addReporterRegistration(111)) - New reporters are added after registries were created. Some metrics will be missing from the reporter. Please add reporter before adding any new registry.
2023-09-07 04:51:41,066 [main] INFO  impl.MetricsSystemImpl (MetricsSystemImpl.java:init(158)) - HddsDatanode metrics system started (again)
2023-09-07 04:51:41,079 [IPC Server listener on 15125] INFO  ipc.Server (Server.java:run(1402)) - IPC Server listener on 15125: starting
2023-09-07 04:51:41,080 [Datanode State Machine Daemon Thread] INFO  statemachine.DatanodeStateMachine (DatanodeStateMachine.java:lambda$startDaemon$0(538)) - Ozone container server started.
2023-09-07 04:51:41,093 [main] INFO  ozone.HddsDatanodeService (HddsDatanodeService.java:start(237)) - HddsDatanodeService host:fv-az163-854.ksqkok1cighebdh5ckq0wc3qdf.dx.internal.cloudapp.net ip:10.1.0.9
2023-09-07 04:51:41,096 [Datanode State Machine Task Thread - 0] INFO  datanode.InitDatanodeState (InitDatanodeState.java:persistContainerDatanodeDetails(138)) - DatanodeDetails is persisted to /home/runner/work/ozone/ozone/hadoop-ozone/integration-test/target/test-dir/MiniOzoneClusterImpl-a35962c9-a2fc-4df3-96cb-042236c47d51/datanode-1/meta/datanode.id
2023-09-07 04:51:41,130 [main] INFO  upgrade.AbstractLayoutVersionManager (AbstractLayoutVersionManager.java:init(83)) - Initializing Layout version manager with metadata layout = HADOOP_PRC_PORTS_IN_DATANODEDETAILS (version = 7), software layout = HADOOP_PRC_PORTS_IN_DATANODEDETAILS (version = 7)
2023-09-07 04:51:41,133 [main] INFO  statemachine.DatanodeStateMachine (DatanodeStateMachine.java:getEndPointTaskThreadPoolSize(282)) - Datanode State Machine Task Thread Pool size 2
2023-09-07 04:51:41,134 [main] INFO  volume.HddsVolume (HddsVolume.java:<init>(126)) - Creating HddsVolume: /home/runner/work/ozone/ozone/hadoop-ozone/integration-test/target/test-dir/MiniOzoneClusterImpl-a35962c9-a2fc-4df3-96cb-042236c47d51/datanode-2/data-0/containers/hdds of storage type : DISK capacity : 9223372036854775807
2023-09-07 04:51:41,135 [main] INFO  volume.MutableVolumeSet (MutableVolumeSet.java:initializeVolumeSet(173)) - Added Volume : /home/runner/work/ozone/ozone/hadoop-ozone/integration-test/target/test-dir/MiniOzoneClusterImpl-a35962c9-a2fc-4df3-96cb-042236c47d51/datanode-2/data-0/containers/hdds to VolumeSet
2023-09-07 04:51:41,136 [main] INFO  volume.MutableVolumeSet (MutableVolumeSet.java:initializeVolumeSet(173)) - Added Volume : /home/runner/work/ozone/ozone/hadoop-ozone/integration-test/target/test-dir/MiniOzoneClusterImpl-a35962c9-a2fc-4df3-96cb-042236c47d51/datanode-2/data/ratis to VolumeSet
2023-09-07 04:51:41,136 [Thread-1348] INFO  ozoneimpl.ContainerReader (ContainerReader.java:readVolume(177)) - Finish verifying containers on volume /home/runner/work/ozone/ozone/hadoop-ozone/integration-test/target/test-dir/MiniOzoneClusterImpl-a35962c9-a2fc-4df3-96cb-042236c47d51/datanode-2/data-0/containers/hdds
2023-09-07 04:51:41,136 [main] INFO  ozoneimpl.OzoneContainer (OzoneContainer.java:buildContainerSet(314)) - Build ContainerSet costs 0s
2023-09-07 04:51:41,139 [main] INFO  server.RaftServer (ConfUtils.java:logGet(46)) - raft.rpc.type = GRPC (default)
2023-09-07 04:51:41,139 [main] INFO  grpc.GrpcConfigKeys (ConfUtils.java:logFallback(53)) - raft.grpc.admin.host = null (fallback to raft.grpc.server.host)
2023-09-07 04:51:41,140 [main] INFO  grpc.GrpcConfigKeys (ConfUtils.java:logGet(46)) - raft.grpc.admin.port = 15137 (custom)
2023-09-07 04:51:41,140 [main] INFO  grpc.GrpcConfigKeys (ConfUtils.java:logFallback(53)) - raft.grpc.client.host = null (fallback to raft.grpc.server.host)
2023-09-07 04:51:41,140 [main] INFO  grpc.GrpcConfigKeys (ConfUtils.java:logGet(46)) - raft.grpc.client.port = 15136 (custom)
2023-09-07 04:51:41,140 [main] INFO  grpc.GrpcConfigKeys (ConfUtils.java:logGet(46)) - raft.grpc.server.host = null (default)
2023-09-07 04:51:41,140 [main] INFO  grpc.GrpcConfigKeys (ConfUtils.java:logGet(46)) - raft.grpc.server.port = 15138 (custom)
2023-09-07 04:51:41,140 [main] INFO  server.GrpcService (ConfUtils.java:logGet(46)) - raft.grpc.message.size.max = 32MB (=33554432) (custom)
2023-09-07 04:51:41,141 [main] INFO  server.RaftServerConfigKeys (ConfUtils.java:logGet(46)) - raft.server.log.appender.buffer.byte-limit = 33554432 (custom)
2023-09-07 04:51:41,141 [main] INFO  server.GrpcService (ConfUtils.java:logGet(46)) - raft.grpc.flow.control.window = 5MB (=5242880) (custom)
2023-09-07 04:51:41,141 [main] INFO  server.RaftServerConfigKeys (ConfUtils.java:logGet(46)) - raft.server.rpc.request.timeout = 60s (custom)
2023-09-07 04:51:41,141 [main] INFO  grpc.GrpcConfigKeys (ConfUtils.java:logGet(46)) - raft.grpc.server.heartbeat.channel = true (default)
2023-09-07 04:51:41,142 [main] INFO  grpc.GrpcConfigKeys (ConfUtils.java:logGet(46)) - raft.grpc.server.async.request.thread.pool.cached = true (default)
2023-09-07 04:51:41,142 [main] INFO  grpc.GrpcConfigKeys (ConfUtils.java:logGet(46)) - raft.grpc.server.async.request.thread.pool.size = 32 (default)
2023-09-07 04:51:41,145 [main] INFO  impl.DataStreamServerImpl (ConfUtils.java:logGet(46)) - raft.datastream.type = NETTY (custom)
2023-09-07 04:51:41,145 [main] INFO  server.RaftServerConfigKeys (ConfUtils.java:logGet(46)) - raft.server.data-stream.async.request.thread.pool.cached = false (default)
2023-09-07 04:51:41,145 [main] INFO  server.RaftServerConfigKeys (ConfUtils.java:logGet(46)) - raft.server.data-stream.async.request.thread.pool.size = 20 (custom)
2023-09-07 04:51:41,145 [main] INFO  server.RaftServerConfigKeys (ConfUtils.java:logGet(46)) - raft.server.data-stream.async.write.thread.pool.size = 16 (default)
2023-09-07 04:51:41,146 [main] INFO  server.RaftServerConfigKeys (ConfUtils.java:logGet(46)) - raft.server.data-stream.client.pool.size = 10 (default)
2023-09-07 04:51:41,146 [main] INFO  netty.NettyConfigKeys$DataStream (ConfUtils.java:logGet(46)) - raft.netty.dataStream.server.use-epoll = false (default)
2023-09-07 04:51:41,146 [main] INFO  netty.NettyConfigKeys$DataStream (ConfUtils.java:logGet(46)) - raft.netty.dataStream.server.boss-group.size = 0 (default)
2023-09-07 04:51:41,147 [main] INFO  netty.NettyConfigKeys$DataStream (ConfUtils.java:logGet(46)) - raft.netty.dataStream.server.worker-group.size = 0 (default)
2023-09-07 04:51:41,147 [main] INFO  netty.NettyConfigKeys$DataStream (ConfUtils.java:logGet(46)) - raft.netty.dataStream.server.tls.conf = null (default)
2023-09-07 04:51:41,148 [main] INFO  netty.NettyConfigKeys$DataStream (ConfUtils.java:logGet(46)) - raft.netty.dataStream.host = null (default)
2023-09-07 04:51:41,148 [main] INFO  netty.NettyConfigKeys$DataStream (ConfUtils.java:logGet(46)) - raft.netty.dataStream.port = 15139 (custom)
2023-09-07 04:51:41,148 [main] INFO  server.RaftServerConfigKeys (ConfUtils.java:logGet(46)) - raft.server.threadpool.proxy.cached = true (default)
2023-09-07 04:51:41,149 [main] INFO  server.RaftServerConfigKeys (ConfUtils.java:logGet(46)) - raft.server.threadpool.proxy.size = 0 (default)
2023-09-07 04:51:41,149 [1ddc0cd2-9f64-4abc-9646-a27e7b7d0879-NettyServerStreamRpc-bossGroup--thread1] INFO  logging.LoggingHandler (AbstractInternalLogger.java:log(148)) - [id: 0x65c14fc8] REGISTERED
2023-09-07 04:51:41,149 [main] INFO  server.RaftServerConfigKeys (ConfUtils.java:logGet(46)) - raft.server.rpc.slowness.timeout = 300s (custom)
2023-09-07 04:51:41,153 [main] INFO  server.RaftServerConfigKeys (ConfUtils.java:logGet(46)) - raft.server.leaderelection.leader.step-down.wait-time = 10s (default)
2023-09-07 04:51:41,154 [main] INFO  server.RaftServerConfigKeys (ConfUtils.java:logGet(46)) - raft.server.storage.dir = [/home/runner/work/ozone/ozone/hadoop-ozone/integration-test/target/test-dir/MiniOzoneClusterImpl-a35962c9-a2fc-4df3-96cb-042236c47d51/datanode-2/data/ratis] (custom)
2023-09-07 04:51:41,149 [1ddc0cd2-9f64-4abc-9646-a27e7b7d0879-NettyServerStreamRpc-bossGroup--thread1] INFO  logging.LoggingHandler (AbstractInternalLogger.java:log(148)) - [id: 0x65c14fc8] BIND: 0.0.0.0/0.0.0.0:15139
2023-09-07 04:51:41,154 [1ddc0cd2-9f64-4abc-9646-a27e7b7d0879-NettyServerStreamRpc-bossGroup--thread1] INFO  logging.LoggingHandler (AbstractInternalLogger.java:log(148)) - [id: 0x65c14fc8, L:/0:0:0:0:0:0:0:0:15139] ACTIVE
2023-09-07 04:51:41,158 [1ddc0cd2-9f64-4abc-9646-a27e7b7d0879-impl-thread1] INFO  server.RaftServer (RaftServerProxy.java:initGroupDir(258)) - 1ddc0cd2-9f64-4abc-9646-a27e7b7d0879: found a subdirectory /home/runner/work/ozone/ozone/hadoop-ozone/integration-test/target/test-dir/MiniOzoneClusterImpl-a35962c9-a2fc-4df3-96cb-042236c47d51/datanode-2/data/ratis/tmp
2023-09-07 04:51:41,158 [1ddc0cd2-9f64-4abc-9646-a27e7b7d0879-impl-thread1] INFO  server.RaftServer (RaftServerProxy.java:initGroupDir(263)) - 1ddc0cd2-9f64-4abc-9646-a27e7b7d0879: The directory /home/runner/work/ozone/ozone/hadoop-ozone/integration-test/target/test-dir/MiniOzoneClusterImpl-a35962c9-a2fc-4df3-96cb-042236c47d51/datanode-2/data/ratis/tmp is not a group directory; ignoring it. 
2023-09-07 04:51:41,158 [main] INFO  replication.ReplicationServer (ReplicationServer.java:<init>(81)) - Initializing replication server with thread count = 10
2023-09-07 04:51:41,160 [main] INFO  server.XceiverServerGrpc (XceiverServerGrpc.java:<init>(132)) - GrpcServer channel type EpollServerSocketChannel
2023-09-07 04:51:41,165 [main] INFO  replication.ReplicationSupervisor (ReplicationSupervisor.java:build(155)) - Initializing replication supervisor with thread count = 10
2023-09-07 04:51:41,166 [main] INFO  replication.ReplicationSupervisor (ReplicationSupervisor.java:nodeStateUpdated(307)) - Node state updated to IN_SERVICE, scaling executor pool size to 10
2023-09-07 04:51:41,169 [main] INFO  http.BaseHttpServer (BaseHttpServer.java:newHttpServer2BuilderForOzone(223)) - Starting Web-server for hddsDatanode at: http://0.0.0.0:15133
2023-09-07 04:51:41,169 [main] INFO  http.BaseHttpServer (BaseHttpServer.java:<init>(110)) - Hadoop Security Enabled: false Ozone Security Enabled: false Ozone HTTP Security Enabled: false 
2023-09-07 04:51:41,171 [main] WARN  server.AuthenticationFilter (AuthenticationFilter.java:constructSecretProvider(240)) - Unable to initialize FileSignerSecretProvider, falling back to use random secrets. Reason: Could not read signature secret file: /home/runner/hadoop-http-auth-signature-secret
2023-09-07 04:51:41,171 [main] INFO  http.HttpRequestLog (HttpRequestLog.java:getRequestLog(86)) - Http request log for http.requests.hddsDatanode is not defined
2023-09-07 04:51:41,173 [main] INFO  http.HttpServer2 (HttpServer2.java:addGlobalFilter(1031)) - Added global filter 'safety' (class=org.apache.hadoop.hdds.server.http.HttpServer2$QuotingInputFilter)
2023-09-07 04:51:41,174 [main] INFO  http.HttpServer2 (HttpServer2.java:addFilter(1007)) - Added filter static_user_filter (class=org.apache.hadoop.http.lib.StaticUserWebFilter$StaticUserFilter) to context hddsDatanode
2023-09-07 04:51:41,174 [main] INFO  http.HttpServer2 (HttpServer2.java:addFilter(1015)) - Added filter static_user_filter (class=org.apache.hadoop.http.lib.StaticUserWebFilter$StaticUserFilter) to context logs
2023-09-07 04:51:41,174 [main] INFO  http.HttpServer2 (HttpServer2.java:addFilter(1015)) - Added filter static_user_filter (class=org.apache.hadoop.http.lib.StaticUserWebFilter$StaticUserFilter) to context static
2023-09-07 04:51:41,175 [main] INFO  http.BaseHttpServer (BaseHttpServer.java:<init>(189)) - HTTP server of hddsDatanode uses base directory /home/runner/work/ozone/ozone/hadoop-ozone/integration-test/target/test-dir/MiniOzoneClusterImpl-a35962c9-a2fc-4df3-96cb-042236c47d51/datanode-2/meta/webserver
2023-09-07 04:51:41,175 [main] INFO  http.HttpServer2 (HttpServer2.java:bindListener(1231)) - Jetty bound to port 15133
2023-09-07 04:51:41,175 [main] INFO  server.Server (Server.java:doStart(375)) - jetty-9.4.51.v20230217; built: 2023-02-17T08:19:37.309Z; git: b45c405e4544384de066f814ed42ae3dceacdd49; jvm 1.8.0_382-b05
2023-09-07 04:51:41,178 [main] INFO  server.session (DefaultSessionIdManager.java:doStart(334)) - DefaultSessionIdManager workerName=node0
2023-09-07 04:51:41,178 [main] INFO  server.session (DefaultSessionIdManager.java:doStart(339)) - No SessionScavenger set, using defaults
2023-09-07 04:51:41,178 [main] INFO  server.session (HouseKeeper.java:startScavenging(132)) - node0 Scavenging every 660000ms
2023-09-07 04:51:41,179 [main] INFO  handler.ContextHandler (ContextHandler.java:doStart(921)) - Started o.e.j.s.ServletContextHandler@1d3a324c{logs,/logs,file:///home/runner/work/ozone/ozone/hadoop-ozone/integration-test/target/log,AVAILABLE}
2023-09-07 04:51:41,179 [main] INFO  handler.ContextHandler (ContextHandler.java:doStart(921)) - Started o.e.j.s.ServletContextHandler@4bc502be{static,/static,jar:file:/home/runner/.m2/repository/org/apache/ozone/hdds-container-service/1.4.0-SNAPSHOT/hdds-container-service-1.4.0-SNAPSHOT.jar!/webapps/static,AVAILABLE}
2023-09-07 04:51:41,316 [om1@group-C5BA1605619E-FollowerState] INFO  impl.FollowerState (FollowerState.java:run(143)) - om1@group-C5BA1605619E-FollowerState: change to CANDIDATE, lastRpcElapsedTime:1112431785ns, electionTimeout:1111ms
2023-09-07 04:51:41,317 [om1@group-C5BA1605619E-FollowerState] INFO  impl.RoleInfo (RoleInfo.java:shutdownFollowerState(110)) - om1: shutdown om1@group-C5BA1605619E-FollowerState
2023-09-07 04:51:41,317 [om1@group-C5BA1605619E-FollowerState] INFO  server.RaftServer$Division (RaftServerImpl.java:setRole(329)) - om1@group-C5BA1605619E: changes role from  FOLLOWER to CANDIDATE at term 0 for changeToCandidate
2023-09-07 04:51:41,317 [om1@group-C5BA1605619E-FollowerState] INFO  server.RaftServerConfigKeys (ConfUtils.java:logGet(46)) - raft.server.leaderelection.pre-vote = true (default)
2023-09-07 04:51:41,317 [om1@group-C5BA1605619E-FollowerState] INFO  impl.RoleInfo (RoleInfo.java:updateAndGet(139)) - om1: start om1@group-C5BA1605619E-LeaderElection20
2023-09-07 04:51:41,321 [om1@group-C5BA1605619E-LeaderElection20] INFO  impl.LeaderElection (LeaderElection.java:askForVotes(321)) - om1@group-C5BA1605619E-LeaderElection20 PRE_VOTE round 0: submit vote requests at term 0 for -1: peers:[om1|rpc:localhost:15113|priority:0|startupRole:FOLLOWER]|listeners:[], old=null
2023-09-07 04:51:41,321 [om1@group-C5BA1605619E-LeaderElection20] INFO  impl.LeaderElection (LeaderElection.java:askForVotes(323)) - om1@group-C5BA1605619E-LeaderElection20 PRE_VOTE round 0: result PASSED (term=0)
2023-09-07 04:51:41,324 [om1@group-C5BA1605619E-LeaderElection20] INFO  impl.LeaderElection (LeaderElection.java:askForVotes(321)) - om1@group-C5BA1605619E-LeaderElection20 ELECTION round 0: submit vote requests at term 1 for -1: peers:[om1|rpc:localhost:15113|priority:0|startupRole:FOLLOWER]|listeners:[], old=null
2023-09-07 04:51:41,324 [om1@group-C5BA1605619E-LeaderElection20] INFO  impl.LeaderElection (LeaderElection.java:askForVotes(323)) - om1@group-C5BA1605619E-LeaderElection20 ELECTION round 0: result PASSED (term=1)
2023-09-07 04:51:41,324 [om1@group-C5BA1605619E-LeaderElection20] INFO  impl.RoleInfo (RoleInfo.java:shutdownLeaderElection(130)) - om1: shutdown om1@group-C5BA1605619E-LeaderElection20
2023-09-07 04:51:41,324 [om1@group-C5BA1605619E-LeaderElection20] INFO  server.RaftServer$Division (RaftServerImpl.java:setRole(329)) - om1@group-C5BA1605619E: changes role from CANDIDATE to LEADER at term 1 for changeToLeader
2023-09-07 04:51:41,324 [om1@group-C5BA1605619E-LeaderElection20] INFO  server.RaftServer$Division (ServerState.java:setLeader(317)) - om1@group-C5BA1605619E: change Leader from null to om1 at term 1 for becomeLeader, leader elected after 1676ms
2023-09-07 04:51:41,324 [om1@group-C5BA1605619E-LeaderElection20] INFO  server.RaftServerConfigKeys (ConfUtils.java:logGet(46)) - raft.server.staging.catchup.gap = 1000 (default)
2023-09-07 04:51:41,325 [om1@group-C5BA1605619E-LeaderElection20] INFO  server.RaftServerConfigKeys (ConfUtils.java:logGet(46)) - raft.server.write.element-limit = 4096 (default)
2023-09-07 04:51:41,325 [om1@group-C5BA1605619E-LeaderElection20] INFO  server.RaftServerConfigKeys (ConfUtils.java:logGet(46)) - raft.server.write.byte-limit = 64MB (=67108864) (default)
2023-09-07 04:51:41,325 [om1@group-C5BA1605619E-LeaderElection20] INFO  server.RaftServerConfigKeys (ConfUtils.java:logGet(46)) - raft.server.watch.timeout = 10s (default)
2023-09-07 04:51:41,325 [om1@group-C5BA1605619E-LeaderElection20] INFO  server.RaftServerConfigKeys (ConfUtils.java:logGet(46)) - raft.server.watch.timeout.denomination = 1s (default)
2023-09-07 04:51:41,325 [om1@group-C5BA1605619E-LeaderElection20] INFO  server.RaftServerConfigKeys (ConfUtils.java:logGet(46)) - raft.server.watch.element-limit = 65536 (default)
2023-09-07 04:51:41,325 [om1@group-C5BA1605619E-LeaderElection20] INFO  server.RaftServerConfigKeys (ConfUtils.java:logGet(46)) - raft.server.write.element-limit = 4096 (default)
2023-09-07 04:51:41,325 [om1@group-C5BA1605619E-LeaderElection20] INFO  server.RaftServerConfigKeys (ConfUtils.java:logGet(46)) - raft.server.write.follower.gap.ratio.max = -1.0 (default)
2023-09-07 04:51:41,325 [om1@group-C5BA1605619E-LeaderElection20] INFO  impl.RoleInfo (RoleInfo.java:updateAndGet(139)) - om1: start om1@group-C5BA1605619E-LeaderStateImpl
2023-09-07 04:51:41,326 [om1@group-C5BA1605619E-LeaderElection20] INFO  segmented.SegmentedRaftLogWorker (SegmentedRaftLogWorker.java:startLogSegment(447)) - om1@group-C5BA1605619E-SegmentedRaftLogWorker: Starting segment from index:0
2023-09-07 04:51:41,330 [om1@group-C5BA1605619E-LeaderElection20] INFO  server.RaftServer$Division (ServerState.java:setRaftConf(434)) - om1@group-C5BA1605619E: set configuration 0: peers:[om1|rpc:localhost:15113|admin:|client:|dataStream:|priority:0|startupRole:FOLLOWER]|listeners:[], old=null
2023-09-07 04:51:41,344 [om1@group-C5BA1605619E-SegmentedRaftLogWorker] INFO  segmented.SegmentedRaftLogWorker (SegmentedRaftLogWorker.java:execute(651)) - om1@group-C5BA1605619E-SegmentedRaftLogWorker: created new log segment /home/runner/work/ozone/ozone/hadoop-ozone/integration-test/target/test-dir/MiniOzoneClusterImpl-a35962c9-a2fc-4df3-96cb-042236c47d51/ozone-meta/ratis/bf265839-605b-3f16-9796-c5ba1605619e/current/log_inprogress_0
2023-09-07 04:51:41,349 [om1@group-C5BA1605619E-StateMachineUpdater] INFO  ratis.OzoneManagerStateMachine (OzoneManagerStateMachine.java:notifyConfigurationChanged(202)) - Received Configuration change notification from Ratis. New Peer list:
[id: "om1"
address: "localhost:15113"
startupRole: FOLLOWER
]
2023-09-07 04:51:41,453 [main] INFO  handler.ContextHandler (ContextHandler.java:doStart(921)) - Started o.e.j.w.WebAppContext@51743658{hddsDatanode,/,file:///home/runner/work/ozone/ozone/hadoop-ozone/integration-test/target/test-dir/MiniOzoneClusterImpl-a35962c9-a2fc-4df3-96cb-042236c47d51/datanode-2/meta/webserver/jetty-0_0_0_0-15133-hdds-container-service-1_4_0-SNAPSHOT_jar-_-any-853778447912577589/webapp/,AVAILABLE}{jar:file:/home/runner/.m2/repository/org/apache/ozone/hdds-container-service/1.4.0-SNAPSHOT/hdds-container-service-1.4.0-SNAPSHOT.jar!/webapps/hddsDatanode}
2023-09-07 04:51:41,455 [main] INFO  server.AbstractConnector (AbstractConnector.java:doStart(333)) - Started ServerConnector@5b6ac24b{HTTP/1.1, (http/1.1)}{0.0.0.0:15133}
2023-09-07 04:51:41,455 [main] INFO  server.Server (Server.java:doStart(415)) - Started @217518ms
2023-09-07 04:51:41,456 [main] WARN  impl.MetricsSystemImpl (MetricsSystemImpl.java:register(279)) - Sink prometheus already exists!
2023-09-07 04:51:41,456 [main] INFO  http.BaseHttpServer (BaseHttpServer.java:updateConnectorAddress(354)) - HTTP server of hddsDatanode listening at http://0.0.0.0:15133
2023-09-07 04:51:41,457 [main] INFO  ipc.CallQueueManager (CallQueueManager.java:<init>(90)) - Using callQueue: class java.util.concurrent.LinkedBlockingQueue, queueCapacity: 100, scheduler: class org.apache.hadoop.ipc.DefaultRpcScheduler, ipcBackoff: false.
2023-09-07 04:51:41,457 [main] INFO  ipc.Server (Server.java:<init>(1287)) - Listener at 0.0.0.0:15134
2023-09-07 04:51:41,458 [Socket Reader #1 for port 15134] INFO  ipc.Server (Server.java:run(1323)) - Starting Socket Reader #1 for port 15134
2023-09-07 04:51:41,464 [main] INFO  ozone.HddsDatanodeService (HddsDatanodeService.java:start(315)) - Datanode start with admins: [runner]
2023-09-07 04:51:41,464 [main] INFO  ozone.HddsDatanodeClientProtocolServer (HddsDatanodeClientProtocolServer.java:start(72)) - RPC server for Client /0.0.0.0:15134
2023-09-07 04:51:41,464 [IPC Server Responder] INFO  ipc.Server (Server.java:run(1562)) - IPC Server Responder: starting
2023-09-07 04:51:41,464 [IPC Server listener on 15134] INFO  ipc.Server (Server.java:run(1402)) - IPC Server listener on 15134: starting
2023-09-07 04:51:41,465 [main] WARN  impl.MetricRegistriesImpl (MetricRegistriesImpl.java:addReporterRegistration(111)) - New reporters are added after registries were created. Some metrics will be missing from the reporter. Please add reporter before adding any new registry.
2023-09-07 04:51:41,465 [main] WARN  impl.MetricRegistriesImpl (MetricRegistriesImpl.java:addReporterRegistration(111)) - New reporters are added after registries were created. Some metrics will be missing from the reporter. Please add reporter before adding any new registry.
2023-09-07 04:51:41,465 [main] INFO  impl.MetricsSystemImpl (MetricsSystemImpl.java:init(158)) - HddsDatanode metrics system started (again)
2023-09-07 04:51:41,475 [Datanode State Machine Daemon Thread] INFO  statemachine.DatanodeStateMachine (DatanodeStateMachine.java:lambda$startDaemon$0(538)) - Ozone container server started.
2023-09-07 04:51:41,481 [Datanode State Machine Task Thread - 0] INFO  datanode.InitDatanodeState (InitDatanodeState.java:persistContainerDatanodeDetails(138)) - DatanodeDetails is persisted to /home/runner/work/ozone/ozone/hadoop-ozone/integration-test/target/test-dir/MiniOzoneClusterImpl-a35962c9-a2fc-4df3-96cb-042236c47d51/datanode-2/meta/datanode.id
2023-09-07 04:51:41,486 [main] INFO  ozone.HddsDatanodeService (HddsDatanodeService.java:start(237)) - HddsDatanodeService host:fv-az163-854.ksqkok1cighebdh5ckq0wc3qdf.dx.internal.cloudapp.net ip:10.1.0.9
2023-09-07 04:51:41,516 [main] INFO  upgrade.AbstractLayoutVersionManager (AbstractLayoutVersionManager.java:init(83)) - Initializing Layout version manager with metadata layout = HADOOP_PRC_PORTS_IN_DATANODEDETAILS (version = 7), software layout = HADOOP_PRC_PORTS_IN_DATANODEDETAILS (version = 7)
2023-09-07 04:51:41,516 [main] INFO  statemachine.DatanodeStateMachine (DatanodeStateMachine.java:getEndPointTaskThreadPoolSize(282)) - Datanode State Machine Task Thread Pool size 2
2023-09-07 04:51:41,518 [main] INFO  volume.HddsVolume (HddsVolume.java:<init>(126)) - Creating HddsVolume: /home/runner/work/ozone/ozone/hadoop-ozone/integration-test/target/test-dir/MiniOzoneClusterImpl-a35962c9-a2fc-4df3-96cb-042236c47d51/datanode-3/data-0/containers/hdds of storage type : DISK capacity : 9223372036854775807
2023-09-07 04:51:41,519 [main] INFO  volume.MutableVolumeSet (MutableVolumeSet.java:initializeVolumeSet(173)) - Added Volume : /home/runner/work/ozone/ozone/hadoop-ozone/integration-test/target/test-dir/MiniOzoneClusterImpl-a35962c9-a2fc-4df3-96cb-042236c47d51/datanode-3/data-0/containers/hdds to VolumeSet
2023-09-07 04:51:41,521 [main] INFO  volume.MutableVolumeSet (MutableVolumeSet.java:initializeVolumeSet(173)) - Added Volume : /home/runner/work/ozone/ozone/hadoop-ozone/integration-test/target/test-dir/MiniOzoneClusterImpl-a35962c9-a2fc-4df3-96cb-042236c47d51/datanode-3/data/ratis to VolumeSet
2023-09-07 04:51:41,523 [Thread-1367] INFO  ozoneimpl.ContainerReader (ContainerReader.java:readVolume(177)) - Finish verifying containers on volume /home/runner/work/ozone/ozone/hadoop-ozone/integration-test/target/test-dir/MiniOzoneClusterImpl-a35962c9-a2fc-4df3-96cb-042236c47d51/datanode-3/data-0/containers/hdds
2023-09-07 04:51:41,523 [main] INFO  ozoneimpl.OzoneContainer (OzoneContainer.java:buildContainerSet(314)) - Build ContainerSet costs 0s
2023-09-07 04:51:41,527 [main] INFO  server.RaftServer (ConfUtils.java:logGet(46)) - raft.rpc.type = GRPC (default)
2023-09-07 04:51:41,527 [main] INFO  grpc.GrpcConfigKeys (ConfUtils.java:logFallback(53)) - raft.grpc.admin.host = null (fallback to raft.grpc.server.host)
2023-09-07 04:51:41,527 [main] INFO  grpc.GrpcConfigKeys (ConfUtils.java:logGet(46)) - raft.grpc.admin.port = 15146 (custom)
2023-09-07 04:51:41,528 [main] INFO  grpc.GrpcConfigKeys (ConfUtils.java:logFallback(53)) - raft.grpc.client.host = null (fallback to raft.grpc.server.host)
2023-09-07 04:51:41,528 [main] INFO  grpc.GrpcConfigKeys (ConfUtils.java:logGet(46)) - raft.grpc.client.port = 15145 (custom)
2023-09-07 04:51:41,528 [main] INFO  grpc.GrpcConfigKeys (ConfUtils.java:logGet(46)) - raft.grpc.server.host = null (default)
2023-09-07 04:51:41,528 [main] INFO  grpc.GrpcConfigKeys (ConfUtils.java:logGet(46)) - raft.grpc.server.port = 15147 (custom)
2023-09-07 04:51:41,528 [main] INFO  server.GrpcService (ConfUtils.java:logGet(46)) - raft.grpc.message.size.max = 32MB (=33554432) (custom)
2023-09-07 04:51:41,528 [main] INFO  server.RaftServerConfigKeys (ConfUtils.java:logGet(46)) - raft.server.log.appender.buffer.byte-limit = 33554432 (custom)
2023-09-07 04:51:41,528 [main] INFO  server.GrpcService (ConfUtils.java:logGet(46)) - raft.grpc.flow.control.window = 5MB (=5242880) (custom)
2023-09-07 04:51:41,529 [main] INFO  server.RaftServerConfigKeys (ConfUtils.java:logGet(46)) - raft.server.rpc.request.timeout = 60s (custom)
2023-09-07 04:51:41,529 [main] INFO  grpc.GrpcConfigKeys (ConfUtils.java:logGet(46)) - raft.grpc.server.heartbeat.channel = true (default)
2023-09-07 04:51:41,529 [main] INFO  grpc.GrpcConfigKeys (ConfUtils.java:logGet(46)) - raft.grpc.server.async.request.thread.pool.cached = true (default)
2023-09-07 04:51:41,529 [main] INFO  grpc.GrpcConfigKeys (ConfUtils.java:logGet(46)) - raft.grpc.server.async.request.thread.pool.size = 32 (default)
2023-09-07 04:51:41,533 [main] INFO  impl.DataStreamServerImpl (ConfUtils.java:logGet(46)) - raft.datastream.type = NETTY (custom)
2023-09-07 04:51:41,533 [main] INFO  server.RaftServerConfigKeys (ConfUtils.java:logGet(46)) - raft.server.data-stream.async.request.thread.pool.cached = false (default)
2023-09-07 04:51:41,533 [main] INFO  server.RaftServerConfigKeys (ConfUtils.java:logGet(46)) - raft.server.data-stream.async.request.thread.pool.size = 20 (custom)
2023-09-07 04:51:41,533 [main] INFO  server.RaftServerConfigKeys (ConfUtils.java:logGet(46)) - raft.server.data-stream.async.write.thread.pool.size = 16 (default)
2023-09-07 04:51:41,534 [main] INFO  server.RaftServerConfigKeys (ConfUtils.java:logGet(46)) - raft.server.data-stream.client.pool.size = 10 (default)
2023-09-07 04:51:41,534 [main] INFO  netty.NettyConfigKeys$DataStream (ConfUtils.java:logGet(46)) - raft.netty.dataStream.server.use-epoll = false (default)
2023-09-07 04:51:41,534 [main] INFO  netty.NettyConfigKeys$DataStream (ConfUtils.java:logGet(46)) - raft.netty.dataStream.server.boss-group.size = 0 (default)
2023-09-07 04:51:41,535 [main] INFO  netty.NettyConfigKeys$DataStream (ConfUtils.java:logGet(46)) - raft.netty.dataStream.server.worker-group.size = 0 (default)
2023-09-07 04:51:41,535 [main] INFO  netty.NettyConfigKeys$DataStream (ConfUtils.java:logGet(46)) - raft.netty.dataStream.server.tls.conf = null (default)
2023-09-07 04:51:41,536 [main] INFO  netty.NettyConfigKeys$DataStream (ConfUtils.java:logGet(46)) - raft.netty.dataStream.host = null (default)
2023-09-07 04:51:41,536 [main] INFO  netty.NettyConfigKeys$DataStream (ConfUtils.java:logGet(46)) - raft.netty.dataStream.port = 15148 (custom)
2023-09-07 04:51:41,536 [main] INFO  server.RaftServerConfigKeys (ConfUtils.java:logGet(46)) - raft.server.threadpool.proxy.cached = true (default)
2023-09-07 04:51:41,537 [main] INFO  server.RaftServerConfigKeys (ConfUtils.java:logGet(46)) - raft.server.threadpool.proxy.size = 0 (default)
2023-09-07 04:51:41,537 [main] INFO  server.RaftServerConfigKeys (ConfUtils.java:logGet(46)) - raft.server.rpc.slowness.timeout = 300s (custom)
2023-09-07 04:51:41,539 [main] INFO  server.RaftServerConfigKeys (ConfUtils.java:logGet(46)) - raft.server.leaderelection.leader.step-down.wait-time = 10s (default)
2023-09-07 04:51:41,539 [main] INFO  server.RaftServerConfigKeys (ConfUtils.java:logGet(46)) - raft.server.storage.dir = [/home/runner/work/ozone/ozone/hadoop-ozone/integration-test/target/test-dir/MiniOzoneClusterImpl-a35962c9-a2fc-4df3-96cb-042236c47d51/datanode-3/data/ratis] (custom)
2023-09-07 04:51:41,538 [cbeb8a2c-f8e2-4c14-b4f8-5d428d71e083-NettyServerStreamRpc-bossGroup--thread1] INFO  logging.LoggingHandler (AbstractInternalLogger.java:log(148)) - [id: 0x950fbf6a] REGISTERED
2023-09-07 04:51:41,539 [cbeb8a2c-f8e2-4c14-b4f8-5d428d71e083-NettyServerStreamRpc-bossGroup--thread1] INFO  logging.LoggingHandler (AbstractInternalLogger.java:log(148)) - [id: 0x950fbf6a] BIND: 0.0.0.0/0.0.0.0:15148
2023-09-07 04:51:41,540 [cbeb8a2c-f8e2-4c14-b4f8-5d428d71e083-NettyServerStreamRpc-bossGroup--thread1] INFO  logging.LoggingHandler (AbstractInternalLogger.java:log(148)) - [id: 0x950fbf6a, L:/0:0:0:0:0:0:0:0:15148] ACTIVE
2023-09-07 04:51:41,540 [cbeb8a2c-f8e2-4c14-b4f8-5d428d71e083-impl-thread1] INFO  server.RaftServer (RaftServerProxy.java:initGroupDir(258)) - cbeb8a2c-f8e2-4c14-b4f8-5d428d71e083: found a subdirectory /home/runner/work/ozone/ozone/hadoop-ozone/integration-test/target/test-dir/MiniOzoneClusterImpl-a35962c9-a2fc-4df3-96cb-042236c47d51/datanode-3/data/ratis/tmp
2023-09-07 04:51:41,540 [cbeb8a2c-f8e2-4c14-b4f8-5d428d71e083-impl-thread1] INFO  server.RaftServer (RaftServerProxy.java:initGroupDir(263)) - cbeb8a2c-f8e2-4c14-b4f8-5d428d71e083: The directory /home/runner/work/ozone/ozone/hadoop-ozone/integration-test/target/test-dir/MiniOzoneClusterImpl-a35962c9-a2fc-4df3-96cb-042236c47d51/datanode-3/data/ratis/tmp is not a group directory; ignoring it. 
2023-09-07 04:51:41,540 [main] INFO  replication.ReplicationServer (ReplicationServer.java:<init>(81)) - Initializing replication server with thread count = 10
2023-09-07 04:51:41,542 [main] INFO  server.XceiverServerGrpc (XceiverServerGrpc.java:<init>(132)) - GrpcServer channel type EpollServerSocketChannel
2023-09-07 04:51:41,545 [main] INFO  replication.ReplicationSupervisor (ReplicationSupervisor.java:build(155)) - Initializing replication supervisor with thread count = 10
2023-09-07 04:51:41,545 [main] INFO  replication.ReplicationSupervisor (ReplicationSupervisor.java:nodeStateUpdated(307)) - Node state updated to IN_SERVICE, scaling executor pool size to 10
2023-09-07 04:51:41,548 [main] INFO  http.BaseHttpServer (BaseHttpServer.java:newHttpServer2BuilderForOzone(223)) - Starting Web-server for hddsDatanode at: http://0.0.0.0:15142
2023-09-07 04:51:41,548 [main] INFO  http.BaseHttpServer (BaseHttpServer.java:<init>(110)) - Hadoop Security Enabled: false Ozone Security Enabled: false Ozone HTTP Security Enabled: false 
2023-09-07 04:51:41,561 [main] WARN  server.AuthenticationFilter (AuthenticationFilter.java:constructSecretProvider(240)) - Unable to initialize FileSignerSecretProvider, falling back to use random secrets. Reason: Could not read signature secret file: /home/runner/hadoop-http-auth-signature-secret
2023-09-07 04:51:41,563 [main] INFO  http.HttpRequestLog (HttpRequestLog.java:getRequestLog(86)) - Http request log for http.requests.hddsDatanode is not defined
2023-09-07 04:51:41,564 [main] INFO  http.HttpServer2 (HttpServer2.java:addGlobalFilter(1031)) - Added global filter 'safety' (class=org.apache.hadoop.hdds.server.http.HttpServer2$QuotingInputFilter)
2023-09-07 04:51:41,565 [main] INFO  http.HttpServer2 (HttpServer2.java:addFilter(1007)) - Added filter static_user_filter (class=org.apache.hadoop.http.lib.StaticUserWebFilter$StaticUserFilter) to context hddsDatanode
2023-09-07 04:51:41,565 [main] INFO  http.HttpServer2 (HttpServer2.java:addFilter(1015)) - Added filter static_user_filter (class=org.apache.hadoop.http.lib.StaticUserWebFilter$StaticUserFilter) to context static
2023-09-07 04:51:41,565 [main] INFO  http.HttpServer2 (HttpServer2.java:addFilter(1015)) - Added filter static_user_filter (class=org.apache.hadoop.http.lib.StaticUserWebFilter$StaticUserFilter) to context logs
2023-09-07 04:51:41,567 [main] INFO  http.BaseHttpServer (BaseHttpServer.java:<init>(189)) - HTTP server of hddsDatanode uses base directory /home/runner/work/ozone/ozone/hadoop-ozone/integration-test/target/test-dir/MiniOzoneClusterImpl-a35962c9-a2fc-4df3-96cb-042236c47d51/datanode-3/meta/webserver
2023-09-07 04:51:41,567 [main] INFO  http.HttpServer2 (HttpServer2.java:bindListener(1231)) - Jetty bound to port 15142
2023-09-07 04:51:41,569 [main] INFO  server.Server (Server.java:doStart(375)) - jetty-9.4.51.v20230217; built: 2023-02-17T08:19:37.309Z; git: b45c405e4544384de066f814ed42ae3dceacdd49; jvm 1.8.0_382-b05
2023-09-07 04:51:41,570 [main] INFO  server.session (DefaultSessionIdManager.java:doStart(334)) - DefaultSessionIdManager workerName=node0
2023-09-07 04:51:41,570 [main] INFO  server.session (DefaultSessionIdManager.java:doStart(339)) - No SessionScavenger set, using defaults
2023-09-07 04:51:41,580 [main] INFO  server.session (HouseKeeper.java:startScavenging(132)) - node0 Scavenging every 600000ms
2023-09-07 04:51:41,581 [main] INFO  handler.ContextHandler (ContextHandler.java:doStart(921)) - Started o.e.j.s.ServletContextHandler@1c4ec15f{logs,/logs,file:///home/runner/work/ozone/ozone/hadoop-ozone/integration-test/target/log,AVAILABLE}
2023-09-07 04:51:41,581 [main] INFO  handler.ContextHandler (ContextHandler.java:doStart(921)) - Started o.e.j.s.ServletContextHandler@4e1205b2{static,/static,jar:file:/home/runner/.m2/repository/org/apache/ozone/hdds-container-service/1.4.0-SNAPSHOT/hdds-container-service-1.4.0-SNAPSHOT.jar!/webapps/static,AVAILABLE}
2023-09-07 04:51:41,819 [main] INFO  handler.ContextHandler (ContextHandler.java:doStart(921)) - Started o.e.j.w.WebAppContext@23000845{hddsDatanode,/,file:///home/runner/work/ozone/ozone/hadoop-ozone/integration-test/target/test-dir/MiniOzoneClusterImpl-a35962c9-a2fc-4df3-96cb-042236c47d51/datanode-3/meta/webserver/jetty-0_0_0_0-15142-hdds-container-service-1_4_0-SNAPSHOT_jar-_-any-1046339904155820129/webapp/,AVAILABLE}{jar:file:/home/runner/.m2/repository/org/apache/ozone/hdds-container-service/1.4.0-SNAPSHOT/hdds-container-service-1.4.0-SNAPSHOT.jar!/webapps/hddsDatanode}
2023-09-07 04:51:41,822 [main] INFO  server.AbstractConnector (AbstractConnector.java:doStart(333)) - Started ServerConnector@27de2eda{HTTP/1.1, (http/1.1)}{0.0.0.0:15142}
2023-09-07 04:51:41,822 [main] INFO  server.Server (Server.java:doStart(415)) - Started @217885ms
2023-09-07 04:51:41,823 [main] WARN  impl.MetricsSystemImpl (MetricsSystemImpl.java:register(279)) - Sink prometheus already exists!
2023-09-07 04:51:41,824 [main] INFO  http.BaseHttpServer (BaseHttpServer.java:updateConnectorAddress(354)) - HTTP server of hddsDatanode listening at http://0.0.0.0:15142
2023-09-07 04:51:41,824 [main] INFO  ipc.CallQueueManager (CallQueueManager.java:<init>(90)) - Using callQueue: class java.util.concurrent.LinkedBlockingQueue, queueCapacity: 100, scheduler: class org.apache.hadoop.ipc.DefaultRpcScheduler, ipcBackoff: false.
2023-09-07 04:51:41,824 [main] INFO  ipc.Server (Server.java:<init>(1287)) - Listener at 0.0.0.0:15143
2023-09-07 04:51:41,825 [Socket Reader #1 for port 15143] INFO  ipc.Server (Server.java:run(1323)) - Starting Socket Reader #1 for port 15143
2023-09-07 04:51:41,832 [main] INFO  ozone.HddsDatanodeService (HddsDatanodeService.java:start(315)) - Datanode start with admins: [runner]
2023-09-07 04:51:41,832 [main] INFO  ozone.HddsDatanodeClientProtocolServer (HddsDatanodeClientProtocolServer.java:start(72)) - RPC server for Client /0.0.0.0:15143
2023-09-07 04:51:41,836 [IPC Server Responder] INFO  ipc.Server (Server.java:run(1562)) - IPC Server Responder: starting
2023-09-07 04:51:41,836 [IPC Server listener on 15143] INFO  ipc.Server (Server.java:run(1402)) - IPC Server listener on 15143: starting
2023-09-07 04:51:41,837 [main] WARN  impl.MetricRegistriesImpl (MetricRegistriesImpl.java:addReporterRegistration(111)) - New reporters are added after registries were created. Some metrics will be missing from the reporter. Please add reporter before adding any new registry.
2023-09-07 04:51:41,856 [Datanode State Machine Daemon Thread] INFO  statemachine.DatanodeStateMachine (DatanodeStateMachine.java:lambda$startDaemon$0(538)) - Ozone container server started.
2023-09-07 04:51:41,856 [main] WARN  impl.MetricRegistriesImpl (MetricRegistriesImpl.java:addReporterRegistration(111)) - New reporters are added after registries were created. Some metrics will be missing from the reporter. Please add reporter before adding any new registry.
2023-09-07 04:51:41,857 [main] INFO  impl.MetricsSystemImpl (MetricsSystemImpl.java:init(158)) - HddsDatanode metrics system started (again)
2023-09-07 04:51:41,869 [Datanode State Machine Task Thread - 0] INFO  datanode.InitDatanodeState (InitDatanodeState.java:persistContainerDatanodeDetails(138)) - DatanodeDetails is persisted to /home/runner/work/ozone/ozone/hadoop-ozone/integration-test/target/test-dir/MiniOzoneClusterImpl-a35962c9-a2fc-4df3-96cb-042236c47d51/datanode-3/meta/datanode.id
2023-09-07 04:51:41,872 [main] INFO  ozone.HddsDatanodeService (HddsDatanodeService.java:start(237)) - HddsDatanodeService host:fv-az163-854.ksqkok1cighebdh5ckq0wc3qdf.dx.internal.cloudapp.net ip:10.1.0.9
2023-09-07 04:51:41,905 [main] INFO  upgrade.AbstractLayoutVersionManager (AbstractLayoutVersionManager.java:init(83)) - Initializing Layout version manager with metadata layout = HADOOP_PRC_PORTS_IN_DATANODEDETAILS (version = 7), software layout = HADOOP_PRC_PORTS_IN_DATANODEDETAILS (version = 7)
2023-09-07 04:51:41,906 [main] INFO  statemachine.DatanodeStateMachine (DatanodeStateMachine.java:getEndPointTaskThreadPoolSize(282)) - Datanode State Machine Task Thread Pool size 2
2023-09-07 04:51:41,908 [main] INFO  volume.HddsVolume (HddsVolume.java:<init>(126)) - Creating HddsVolume: /home/runner/work/ozone/ozone/hadoop-ozone/integration-test/target/test-dir/MiniOzoneClusterImpl-a35962c9-a2fc-4df3-96cb-042236c47d51/datanode-4/data-0/containers/hdds of storage type : DISK capacity : 9223372036854775807
2023-09-07 04:51:41,908 [main] INFO  volume.MutableVolumeSet (MutableVolumeSet.java:initializeVolumeSet(173)) - Added Volume : /home/runner/work/ozone/ozone/hadoop-ozone/integration-test/target/test-dir/MiniOzoneClusterImpl-a35962c9-a2fc-4df3-96cb-042236c47d51/datanode-4/data-0/containers/hdds to VolumeSet
2023-09-07 04:51:41,909 [main] INFO  volume.MutableVolumeSet (MutableVolumeSet.java:initializeVolumeSet(173)) - Added Volume : /home/runner/work/ozone/ozone/hadoop-ozone/integration-test/target/test-dir/MiniOzoneClusterImpl-a35962c9-a2fc-4df3-96cb-042236c47d51/datanode-4/data/ratis to VolumeSet
2023-09-07 04:51:41,909 [Thread-1384] INFO  ozoneimpl.ContainerReader (ContainerReader.java:readVolume(177)) - Finish verifying containers on volume /home/runner/work/ozone/ozone/hadoop-ozone/integration-test/target/test-dir/MiniOzoneClusterImpl-a35962c9-a2fc-4df3-96cb-042236c47d51/datanode-4/data-0/containers/hdds
2023-09-07 04:51:41,909 [main] INFO  ozoneimpl.OzoneContainer (OzoneContainer.java:buildContainerSet(314)) - Build ContainerSet costs 0s
2023-09-07 04:51:41,912 [main] INFO  server.RaftServer (ConfUtils.java:logGet(46)) - raft.rpc.type = GRPC (default)
2023-09-07 04:51:41,912 [main] INFO  grpc.GrpcConfigKeys (ConfUtils.java:logFallback(53)) - raft.grpc.admin.host = null (fallback to raft.grpc.server.host)
2023-09-07 04:51:41,912 [main] INFO  grpc.GrpcConfigKeys (ConfUtils.java:logGet(46)) - raft.grpc.admin.port = 15155 (custom)
2023-09-07 04:51:41,912 [main] INFO  grpc.GrpcConfigKeys (ConfUtils.java:logFallback(53)) - raft.grpc.client.host = null (fallback to raft.grpc.server.host)
2023-09-07 04:51:41,912 [main] INFO  grpc.GrpcConfigKeys (ConfUtils.java:logGet(46)) - raft.grpc.client.port = 15154 (custom)
2023-09-07 04:51:41,913 [main] INFO  grpc.GrpcConfigKeys (ConfUtils.java:logGet(46)) - raft.grpc.server.host = null (default)
2023-09-07 04:51:41,913 [main] INFO  grpc.GrpcConfigKeys (ConfUtils.java:logGet(46)) - raft.grpc.server.port = 15156 (custom)
2023-09-07 04:51:41,913 [main] INFO  server.GrpcService (ConfUtils.java:logGet(46)) - raft.grpc.message.size.max = 32MB (=33554432) (custom)
2023-09-07 04:51:41,913 [main] INFO  server.RaftServerConfigKeys (ConfUtils.java:logGet(46)) - raft.server.log.appender.buffer.byte-limit = 33554432 (custom)
2023-09-07 04:51:41,913 [main] INFO  server.GrpcService (ConfUtils.java:logGet(46)) - raft.grpc.flow.control.window = 5MB (=5242880) (custom)
2023-09-07 04:51:41,913 [main] INFO  server.RaftServerConfigKeys (ConfUtils.java:logGet(46)) - raft.server.rpc.request.timeout = 60s (custom)
2023-09-07 04:51:41,913 [main] INFO  grpc.GrpcConfigKeys (ConfUtils.java:logGet(46)) - raft.grpc.server.heartbeat.channel = true (default)
2023-09-07 04:51:41,914 [main] INFO  grpc.GrpcConfigKeys (ConfUtils.java:logGet(46)) - raft.grpc.server.async.request.thread.pool.cached = true (default)
2023-09-07 04:51:41,914 [main] INFO  grpc.GrpcConfigKeys (ConfUtils.java:logGet(46)) - raft.grpc.server.async.request.thread.pool.size = 32 (default)
2023-09-07 04:51:41,917 [main] INFO  impl.DataStreamServerImpl (ConfUtils.java:logGet(46)) - raft.datastream.type = NETTY (custom)
2023-09-07 04:51:41,917 [main] INFO  server.RaftServerConfigKeys (ConfUtils.java:logGet(46)) - raft.server.data-stream.async.request.thread.pool.cached = false (default)
2023-09-07 04:51:41,917 [main] INFO  server.RaftServerConfigKeys (ConfUtils.java:logGet(46)) - raft.server.data-stream.async.request.thread.pool.size = 20 (custom)
2023-09-07 04:51:41,917 [main] INFO  server.RaftServerConfigKeys (ConfUtils.java:logGet(46)) - raft.server.data-stream.async.write.thread.pool.size = 16 (default)
2023-09-07 04:51:41,918 [main] INFO  server.RaftServerConfigKeys (ConfUtils.java:logGet(46)) - raft.server.data-stream.client.pool.size = 10 (default)
2023-09-07 04:51:41,918 [main] INFO  netty.NettyConfigKeys$DataStream (ConfUtils.java:logGet(46)) - raft.netty.dataStream.server.use-epoll = false (default)
2023-09-07 04:51:41,918 [main] INFO  netty.NettyConfigKeys$DataStream (ConfUtils.java:logGet(46)) - raft.netty.dataStream.server.boss-group.size = 0 (default)
2023-09-07 04:51:41,919 [main] INFO  netty.NettyConfigKeys$DataStream (ConfUtils.java:logGet(46)) - raft.netty.dataStream.server.worker-group.size = 0 (default)
2023-09-07 04:51:41,919 [main] INFO  netty.NettyConfigKeys$DataStream (ConfUtils.java:logGet(46)) - raft.netty.dataStream.server.tls.conf = null (default)
2023-09-07 04:51:41,919 [main] INFO  netty.NettyConfigKeys$DataStream (ConfUtils.java:logGet(46)) - raft.netty.dataStream.host = null (default)
2023-09-07 04:51:41,919 [main] INFO  netty.NettyConfigKeys$DataStream (ConfUtils.java:logGet(46)) - raft.netty.dataStream.port = 15157 (custom)
2023-09-07 04:51:41,920 [main] INFO  server.RaftServerConfigKeys (ConfUtils.java:logGet(46)) - raft.server.threadpool.proxy.cached = true (default)
2023-09-07 04:51:41,920 [main] INFO  server.RaftServerConfigKeys (ConfUtils.java:logGet(46)) - raft.server.threadpool.proxy.size = 0 (default)
2023-09-07 04:51:41,920 [main] INFO  server.RaftServerConfigKeys (ConfUtils.java:logGet(46)) - raft.server.rpc.slowness.timeout = 300s (custom)
2023-09-07 04:51:41,920 [main] INFO  server.RaftServerConfigKeys (ConfUtils.java:logGet(46)) - raft.server.leaderelection.leader.step-down.wait-time = 10s (default)
2023-09-07 04:51:41,921 [main] INFO  server.RaftServerConfigKeys (ConfUtils.java:logGet(46)) - raft.server.storage.dir = [/home/runner/work/ozone/ozone/hadoop-ozone/integration-test/target/test-dir/MiniOzoneClusterImpl-a35962c9-a2fc-4df3-96cb-042236c47d51/datanode-4/data/ratis] (custom)
2023-09-07 04:51:41,926 [eee81e81-0890-44e6-b9d4-b60ee3bd7f3c-impl-thread1] INFO  server.RaftServer (RaftServerProxy.java:initGroupDir(258)) - eee81e81-0890-44e6-b9d4-b60ee3bd7f3c: found a subdirectory /home/runner/work/ozone/ozone/hadoop-ozone/integration-test/target/test-dir/MiniOzoneClusterImpl-a35962c9-a2fc-4df3-96cb-042236c47d51/datanode-4/data/ratis/tmp
2023-09-07 04:51:41,926 [eee81e81-0890-44e6-b9d4-b60ee3bd7f3c-impl-thread1] INFO  server.RaftServer (RaftServerProxy.java:initGroupDir(263)) - eee81e81-0890-44e6-b9d4-b60ee3bd7f3c: The directory /home/runner/work/ozone/ozone/hadoop-ozone/integration-test/target/test-dir/MiniOzoneClusterImpl-a35962c9-a2fc-4df3-96cb-042236c47d51/datanode-4/data/ratis/tmp is not a group directory; ignoring it. 
2023-09-07 04:51:41,927 [main] INFO  replication.ReplicationServer (ReplicationServer.java:<init>(81)) - Initializing replication server with thread count = 10
2023-09-07 04:51:41,928 [main] INFO  server.XceiverServerGrpc (XceiverServerGrpc.java:<init>(132)) - GrpcServer channel type EpollServerSocketChannel
2023-09-07 04:51:41,929 [main] INFO  replication.ReplicationSupervisor (ReplicationSupervisor.java:build(155)) - Initializing replication supervisor with thread count = 10
2023-09-07 04:51:41,930 [main] INFO  replication.ReplicationSupervisor (ReplicationSupervisor.java:nodeStateUpdated(307)) - Node state updated to IN_SERVICE, scaling executor pool size to 10
2023-09-07 04:51:41,926 [eee81e81-0890-44e6-b9d4-b60ee3bd7f3c-NettyServerStreamRpc-bossGroup--thread1] INFO  logging.LoggingHandler (AbstractInternalLogger.java:log(148)) - [id: 0x3a6927de] REGISTERED
2023-09-07 04:51:41,931 [eee81e81-0890-44e6-b9d4-b60ee3bd7f3c-NettyServerStreamRpc-bossGroup--thread1] INFO  logging.LoggingHandler (AbstractInternalLogger.java:log(148)) - [id: 0x3a6927de] BIND: 0.0.0.0/0.0.0.0:15157
2023-09-07 04:51:41,931 [eee81e81-0890-44e6-b9d4-b60ee3bd7f3c-NettyServerStreamRpc-bossGroup--thread1] INFO  logging.LoggingHandler (AbstractInternalLogger.java:log(148)) - [id: 0x3a6927de, L:/0:0:0:0:0:0:0:0:15157] ACTIVE
2023-09-07 04:51:41,933 [main] INFO  http.BaseHttpServer (BaseHttpServer.java:newHttpServer2BuilderForOzone(223)) - Starting Web-server for hddsDatanode at: http://0.0.0.0:15151
2023-09-07 04:51:41,933 [main] INFO  http.BaseHttpServer (BaseHttpServer.java:<init>(110)) - Hadoop Security Enabled: false Ozone Security Enabled: false Ozone HTTP Security Enabled: false 
2023-09-07 04:51:41,935 [main] WARN  server.AuthenticationFilter (AuthenticationFilter.java:constructSecretProvider(240)) - Unable to initialize FileSignerSecretProvider, falling back to use random secrets. Reason: Could not read signature secret file: /home/runner/hadoop-http-auth-signature-secret
2023-09-07 04:51:41,935 [main] INFO  http.HttpRequestLog (HttpRequestLog.java:getRequestLog(86)) - Http request log for http.requests.hddsDatanode is not defined
2023-09-07 04:51:41,936 [main] INFO  http.HttpServer2 (HttpServer2.java:addGlobalFilter(1031)) - Added global filter 'safety' (class=org.apache.hadoop.hdds.server.http.HttpServer2$QuotingInputFilter)
2023-09-07 04:51:41,937 [main] INFO  http.HttpServer2 (HttpServer2.java:addFilter(1007)) - Added filter static_user_filter (class=org.apache.hadoop.http.lib.StaticUserWebFilter$StaticUserFilter) to context hddsDatanode
2023-09-07 04:51:41,937 [main] INFO  http.HttpServer2 (HttpServer2.java:addFilter(1015)) - Added filter static_user_filter (class=org.apache.hadoop.http.lib.StaticUserWebFilter$StaticUserFilter) to context logs
2023-09-07 04:51:41,937 [main] INFO  http.HttpServer2 (HttpServer2.java:addFilter(1015)) - Added filter static_user_filter (class=org.apache.hadoop.http.lib.StaticUserWebFilter$StaticUserFilter) to context static
2023-09-07 04:51:41,938 [main] INFO  http.BaseHttpServer (BaseHttpServer.java:<init>(189)) - HTTP server of hddsDatanode uses base directory /home/runner/work/ozone/ozone/hadoop-ozone/integration-test/target/test-dir/MiniOzoneClusterImpl-a35962c9-a2fc-4df3-96cb-042236c47d51/datanode-4/meta/webserver
2023-09-07 04:51:41,938 [main] INFO  http.HttpServer2 (HttpServer2.java:bindListener(1231)) - Jetty bound to port 15151
2023-09-07 04:51:41,938 [main] INFO  server.Server (Server.java:doStart(375)) - jetty-9.4.51.v20230217; built: 2023-02-17T08:19:37.309Z; git: b45c405e4544384de066f814ed42ae3dceacdd49; jvm 1.8.0_382-b05
2023-09-07 04:51:41,941 [main] INFO  server.session (DefaultSessionIdManager.java:doStart(334)) - DefaultSessionIdManager workerName=node0
2023-09-07 04:51:41,942 [main] INFO  server.session (DefaultSessionIdManager.java:doStart(339)) - No SessionScavenger set, using defaults
2023-09-07 04:51:41,942 [main] INFO  server.session (HouseKeeper.java:startScavenging(132)) - node0 Scavenging every 660000ms
2023-09-07 04:51:41,943 [main] INFO  handler.ContextHandler (ContextHandler.java:doStart(921)) - Started o.e.j.s.ServletContextHandler@513028e3{logs,/logs,file:///home/runner/work/ozone/ozone/hadoop-ozone/integration-test/target/log,AVAILABLE}
2023-09-07 04:51:41,943 [main] INFO  handler.ContextHandler (ContextHandler.java:doStart(921)) - Started o.e.j.s.ServletContextHandler@4468880e{static,/static,jar:file:/home/runner/.m2/repository/org/apache/ozone/hdds-container-service/1.4.0-SNAPSHOT/hdds-container-service-1.4.0-SNAPSHOT.jar!/webapps/static,AVAILABLE}
2023-09-07 04:51:42,191 [main] INFO  handler.ContextHandler (ContextHandler.java:doStart(921)) - Started o.e.j.w.WebAppContext@1f422c86{hddsDatanode,/,file:///home/runner/work/ozone/ozone/hadoop-ozone/integration-test/target/test-dir/MiniOzoneClusterImpl-a35962c9-a2fc-4df3-96cb-042236c47d51/datanode-4/meta/webserver/jetty-0_0_0_0-15151-hdds-container-service-1_4_0-SNAPSHOT_jar-_-any-3969635588012620821/webapp/,AVAILABLE}{jar:file:/home/runner/.m2/repository/org/apache/ozone/hdds-container-service/1.4.0-SNAPSHOT/hdds-container-service-1.4.0-SNAPSHOT.jar!/webapps/hddsDatanode}
2023-09-07 04:51:42,193 [main] INFO  server.AbstractConnector (AbstractConnector.java:doStart(333)) - Started ServerConnector@3fa5f43a{HTTP/1.1, (http/1.1)}{0.0.0.0:15151}
2023-09-07 04:51:42,193 [main] INFO  server.Server (Server.java:doStart(415)) - Started @218256ms
2023-09-07 04:51:42,194 [main] WARN  impl.MetricsSystemImpl (MetricsSystemImpl.java:register(279)) - Sink prometheus already exists!
2023-09-07 04:51:42,195 [main] INFO  http.BaseHttpServer (BaseHttpServer.java:updateConnectorAddress(354)) - HTTP server of hddsDatanode listening at http://0.0.0.0:15151
2023-09-07 04:51:42,195 [main] INFO  ipc.CallQueueManager (CallQueueManager.java:<init>(90)) - Using callQueue: class java.util.concurrent.LinkedBlockingQueue, queueCapacity: 100, scheduler: class org.apache.hadoop.ipc.DefaultRpcScheduler, ipcBackoff: false.
2023-09-07 04:51:42,195 [main] INFO  ipc.Server (Server.java:<init>(1287)) - Listener at 0.0.0.0:15152
2023-09-07 04:51:42,196 [Socket Reader #1 for port 15152] INFO  ipc.Server (Server.java:run(1323)) - Starting Socket Reader #1 for port 15152
2023-09-07 04:51:42,206 [main] INFO  ozone.HddsDatanodeService (HddsDatanodeService.java:start(315)) - Datanode start with admins: [runner]
2023-09-07 04:51:42,207 [main] INFO  ozone.HddsDatanodeClientProtocolServer (HddsDatanodeClientProtocolServer.java:start(72)) - RPC server for Client /0.0.0.0:15152
2023-09-07 04:51:42,207 [IPC Server Responder] INFO  ipc.Server (Server.java:run(1562)) - IPC Server Responder: starting
2023-09-07 04:51:42,210 [IPC Server listener on 15152] INFO  ipc.Server (Server.java:run(1402)) - IPC Server listener on 15152: starting
2023-09-07 04:51:42,210 [main] INFO  ozone.MiniOzoneClusterImpl (MiniOzoneClusterImpl.java:lambda$waitForClusterToBeReady$0(224)) - Waiting for nodes to be ready. Got 0 of 5 DN Heartbeats.
2023-09-07 04:51:42,211 [main] INFO  ozone.MiniOzoneClusterImpl (MiniOzoneClusterImpl.java:lambda$waitForClusterToBeReady$0(227)) - Waiting for cluster to exit safe mode
2023-09-07 04:51:42,211 [main] INFO  ozone.MiniOzoneClusterImpl (MiniOzoneClusterImpl.java:lambda$waitForClusterToBeReady$0(229)) - SCM became leader
2023-09-07 04:51:42,210 [Datanode State Machine Daemon Thread] INFO  statemachine.DatanodeStateMachine (DatanodeStateMachine.java:lambda$startDaemon$0(538)) - Ozone container server started.
2023-09-07 04:51:42,220 [Datanode State Machine Task Thread - 0] INFO  datanode.InitDatanodeState (InitDatanodeState.java:persistContainerDatanodeDetails(138)) - DatanodeDetails is persisted to /home/runner/work/ozone/ozone/hadoop-ozone/integration-test/target/test-dir/MiniOzoneClusterImpl-a35962c9-a2fc-4df3-96cb-042236c47d51/datanode-4/meta/datanode.id
2023-09-07 04:51:42,786 [EndpointStateMachine task thread for /0.0.0.0:15108 - 0 ] INFO  utils.DatanodeStoreCache (DatanodeStoreCache.java:addDB(66)) - Added db /home/runner/work/ozone/ozone/hadoop-ozone/integration-test/target/test-dir/MiniOzoneClusterImpl-a35962c9-a2fc-4df3-96cb-042236c47d51/datanode-0/data-0/containers/hdds/a35962c9-a2fc-4df3-96cb-042236c47d51/DS-e879192f-e4de-4cd7-a805-860a157cd56f/container.db to cache
2023-09-07 04:51:42,786 [EndpointStateMachine task thread for /0.0.0.0:15108 - 0 ] INFO  volume.HddsVolume (HddsVolume.java:createDbStore(422)) - SchemaV3 db is created and loaded at /home/runner/work/ozone/ozone/hadoop-ozone/integration-test/target/test-dir/MiniOzoneClusterImpl-a35962c9-a2fc-4df3-96cb-042236c47d51/datanode-0/data-0/containers/hdds/a35962c9-a2fc-4df3-96cb-042236c47d51/DS-e879192f-e4de-4cd7-a805-860a157cd56f/container.db for volume DS-e879192f-e4de-4cd7-a805-860a157cd56f
2023-09-07 04:51:42,791 [EndpointStateMachine task thread for /0.0.0.0:15108 - 0 ] INFO  volume.ThrottledAsyncChecker (ThrottledAsyncChecker.java:schedule(141)) - Scheduling a check for /home/runner/work/ozone/ozone/hadoop-ozone/integration-test/target/test-dir/MiniOzoneClusterImpl-a35962c9-a2fc-4df3-96cb-042236c47d51/datanode-0/data-0/containers/hdds
2023-09-07 04:51:42,792 [EndpointStateMachine task thread for /0.0.0.0:15108 - 0 ] INFO  volume.StorageVolumeChecker (StorageVolumeChecker.java:checkAllVolumes(213)) - Scheduled health check for volume /home/runner/work/ozone/ozone/hadoop-ozone/integration-test/target/test-dir/MiniOzoneClusterImpl-a35962c9-a2fc-4df3-96cb-042236c47d51/datanode-0/data-0/containers/hdds
2023-09-07 04:51:42,796 [EndpointStateMachine task thread for /0.0.0.0:15108 - 0 ] INFO  volume.ThrottledAsyncChecker (ThrottledAsyncChecker.java:schedule(141)) - Scheduling a check for /home/runner/work/ozone/ozone/hadoop-ozone/integration-test/target/test-dir/MiniOzoneClusterImpl-a35962c9-a2fc-4df3-96cb-042236c47d51/datanode-0/data/ratis
2023-09-07 04:51:42,796 [EndpointStateMachine task thread for /0.0.0.0:15108 - 0 ] INFO  volume.StorageVolumeChecker (StorageVolumeChecker.java:checkAllVolumes(213)) - Scheduled health check for volume /home/runner/work/ozone/ozone/hadoop-ozone/integration-test/target/test-dir/MiniOzoneClusterImpl-a35962c9-a2fc-4df3-96cb-042236c47d51/datanode-0/data/ratis
2023-09-07 04:51:42,797 [EndpointStateMachine task thread for /0.0.0.0:15108 - 0 ] INFO  ozoneimpl.OzoneContainer (OzoneContainer.java:start(429)) - Attempting to start container services.
2023-09-07 04:51:42,797 [EndpointStateMachine task thread for /0.0.0.0:15108 - 0 ] INFO  ozoneimpl.OzoneContainer (OzoneContainer.java:startContainerScrub(325)) - Scheduled background container scanners and the on-demand container scanner have been disabled.
2023-09-07 04:51:42,799 [EndpointStateMachine task thread for /0.0.0.0:15108 - 0 ] INFO  replication.ReplicationServer (ReplicationServer.java:start(130)) - ReplicationServer is started using port 15122
2023-09-07 04:51:42,799 [EndpointStateMachine task thread for /0.0.0.0:15108 - 0 ] INFO  ratis.XceiverServerRatis (XceiverServerRatis.java:start(517)) - Starting XceiverServerRatis 7d658909-36a6-44f1-ac1a-09761b608691
2023-09-07 04:51:42,804 [EndpointStateMachine task thread for /0.0.0.0:15108 - 0 ] INFO  server.RaftServer (RaftServerProxy.java:startImpl(400)) - 7d658909-36a6-44f1-ac1a-09761b608691: start RPC server
2023-09-07 04:51:42,810 [EndpointStateMachine task thread for /0.0.0.0:15108 - 0 ] INFO  server.GrpcService (GrpcService.java:startImpl(302)) - 7d658909-36a6-44f1-ac1a-09761b608691: GrpcService started, listening on 15118
2023-09-07 04:51:42,811 [EndpointStateMachine task thread for /0.0.0.0:15108 - 0 ] INFO  server.GrpcService (GrpcService.java:startImpl(302)) - 7d658909-36a6-44f1-ac1a-09761b608691: GrpcService started, listening on 15120
2023-09-07 04:51:42,812 [EndpointStateMachine task thread for /0.0.0.0:15108 - 0 ] INFO  server.GrpcService (GrpcService.java:startImpl(302)) - 7d658909-36a6-44f1-ac1a-09761b608691: GrpcService started, listening on 15119
2023-09-07 04:51:42,819 [EndpointStateMachine task thread for /0.0.0.0:15108 - 0 ] INFO  ratis.XceiverServerRatis (XceiverServerRatis.java:getRealPort(543)) - XceiverServerRatis 7d658909-36a6-44f1-ac1a-09761b608691 is started using port 15118 for RATIS
2023-09-07 04:51:42,820 [EndpointStateMachine task thread for /0.0.0.0:15108 - 0 ] INFO  ratis.XceiverServerRatis (XceiverServerRatis.java:getRealPort(543)) - XceiverServerRatis 7d658909-36a6-44f1-ac1a-09761b608691 is started using port 15119 for RATIS_ADMIN
2023-09-07 04:51:42,820 [JvmPauseMonitor16] INFO  util.JvmPauseMonitor (JvmPauseMonitor.java:run(103)) - JvmPauseMonitor-7d658909-36a6-44f1-ac1a-09761b608691: Started
2023-09-07 04:51:42,820 [EndpointStateMachine task thread for /0.0.0.0:15108 - 0 ] INFO  ratis.XceiverServerRatis (XceiverServerRatis.java:getRealPort(543)) - XceiverServerRatis 7d658909-36a6-44f1-ac1a-09761b608691 is started using port 15120 for RATIS_SERVER
2023-09-07 04:51:42,820 [EndpointStateMachine task thread for /0.0.0.0:15108 - 0 ] INFO  ratis.XceiverServerRatis (XceiverServerRatis.java:getRealPort(543)) - XceiverServerRatis 7d658909-36a6-44f1-ac1a-09761b608691 is started using port 15121 for RATIS_DATASTREAM
2023-09-07 04:51:42,835 [BlockDeletingService#0] INFO  interfaces.ContainerDeletionChoosingPolicyTemplate (ContainerDeletionChoosingPolicyTemplate.java:chooseContainerForBlockDeletion(85)) - Chosen 0/5000 blocks from 0 candidate containers.
2023-09-07 04:51:43,140 [EndpointStateMachine task thread for /0.0.0.0:15108 - 0 ] INFO  utils.DatanodeStoreCache (DatanodeStoreCache.java:addDB(66)) - Added db /home/runner/work/ozone/ozone/hadoop-ozone/integration-test/target/test-dir/MiniOzoneClusterImpl-a35962c9-a2fc-4df3-96cb-042236c47d51/datanode-1/data-0/containers/hdds/a35962c9-a2fc-4df3-96cb-042236c47d51/DS-2850ff73-491e-4389-a82f-ddb0769c295d/container.db to cache
2023-09-07 04:51:43,140 [EndpointStateMachine task thread for /0.0.0.0:15108 - 0 ] INFO  volume.HddsVolume (HddsVolume.java:createDbStore(422)) - SchemaV3 db is created and loaded at /home/runner/work/ozone/ozone/hadoop-ozone/integration-test/target/test-dir/MiniOzoneClusterImpl-a35962c9-a2fc-4df3-96cb-042236c47d51/datanode-1/data-0/containers/hdds/a35962c9-a2fc-4df3-96cb-042236c47d51/DS-2850ff73-491e-4389-a82f-ddb0769c295d/container.db for volume DS-2850ff73-491e-4389-a82f-ddb0769c295d
2023-09-07 04:51:43,141 [EndpointStateMachine task thread for /0.0.0.0:15108 - 0 ] INFO  volume.ThrottledAsyncChecker (ThrottledAsyncChecker.java:schedule(141)) - Scheduling a check for /home/runner/work/ozone/ozone/hadoop-ozone/integration-test/target/test-dir/MiniOzoneClusterImpl-a35962c9-a2fc-4df3-96cb-042236c47d51/datanode-1/data-0/containers/hdds
2023-09-07 04:51:43,142 [EndpointStateMachine task thread for /0.0.0.0:15108 - 0 ] INFO  volume.StorageVolumeChecker (StorageVolumeChecker.java:checkAllVolumes(213)) - Scheduled health check for volume /home/runner/work/ozone/ozone/hadoop-ozone/integration-test/target/test-dir/MiniOzoneClusterImpl-a35962c9-a2fc-4df3-96cb-042236c47d51/datanode-1/data-0/containers/hdds
2023-09-07 04:51:43,145 [EndpointStateMachine task thread for /0.0.0.0:15108 - 0 ] INFO  volume.ThrottledAsyncChecker (ThrottledAsyncChecker.java:schedule(141)) - Scheduling a check for /home/runner/work/ozone/ozone/hadoop-ozone/integration-test/target/test-dir/MiniOzoneClusterImpl-a35962c9-a2fc-4df3-96cb-042236c47d51/datanode-1/data/ratis
2023-09-07 04:51:43,148 [EndpointStateMachine task thread for /0.0.0.0:15108 - 0 ] INFO  volume.StorageVolumeChecker (StorageVolumeChecker.java:checkAllVolumes(213)) - Scheduled health check for volume /home/runner/work/ozone/ozone/hadoop-ozone/integration-test/target/test-dir/MiniOzoneClusterImpl-a35962c9-a2fc-4df3-96cb-042236c47d51/datanode-1/data/ratis
2023-09-07 04:51:43,150 [EndpointStateMachine task thread for /0.0.0.0:15108 - 0 ] INFO  ozoneimpl.OzoneContainer (OzoneContainer.java:start(429)) - Attempting to start container services.
2023-09-07 04:51:43,151 [EndpointStateMachine task thread for /0.0.0.0:15108 - 0 ] INFO  ozoneimpl.OzoneContainer (OzoneContainer.java:startContainerScrub(325)) - Scheduled background container scanners and the on-demand container scanner have been disabled.
2023-09-07 04:51:43,154 [EndpointStateMachine task thread for /0.0.0.0:15108 - 0 ] INFO  replication.ReplicationServer (ReplicationServer.java:start(130)) - ReplicationServer is started using port 15131
2023-09-07 04:51:43,154 [EndpointStateMachine task thread for /0.0.0.0:15108 - 0 ] INFO  ratis.XceiverServerRatis (XceiverServerRatis.java:start(517)) - Starting XceiverServerRatis 9c9ba13f-6dd0-460e-ac54-999c1aa3e7ed
2023-09-07 04:51:43,158 [EndpointStateMachine task thread for /0.0.0.0:15108 - 0 ] INFO  server.RaftServer (RaftServerProxy.java:startImpl(400)) - 9c9ba13f-6dd0-460e-ac54-999c1aa3e7ed: start RPC server
2023-09-07 04:51:43,160 [EndpointStateMachine task thread for /0.0.0.0:15108 - 0 ] INFO  server.GrpcService (GrpcService.java:startImpl(302)) - 9c9ba13f-6dd0-460e-ac54-999c1aa3e7ed: GrpcService started, listening on 15127
2023-09-07 04:51:43,161 [EndpointStateMachine task thread for /0.0.0.0:15108 - 0 ] INFO  server.GrpcService (GrpcService.java:startImpl(302)) - 9c9ba13f-6dd0-460e-ac54-999c1aa3e7ed: GrpcService started, listening on 15129
2023-09-07 04:51:43,163 [EndpointStateMachine task thread for /0.0.0.0:15108 - 0 ] INFO  server.GrpcService (GrpcService.java:startImpl(302)) - 9c9ba13f-6dd0-460e-ac54-999c1aa3e7ed: GrpcService started, listening on 15128
2023-09-07 04:51:43,170 [EndpointStateMachine task thread for /0.0.0.0:15108 - 0 ] INFO  ratis.XceiverServerRatis (XceiverServerRatis.java:getRealPort(543)) - XceiverServerRatis 9c9ba13f-6dd0-460e-ac54-999c1aa3e7ed is started using port 15127 for RATIS
2023-09-07 04:51:43,171 [EndpointStateMachine task thread for /0.0.0.0:15108 - 0 ] INFO  ratis.XceiverServerRatis (XceiverServerRatis.java:getRealPort(543)) - XceiverServerRatis 9c9ba13f-6dd0-460e-ac54-999c1aa3e7ed is started using port 15128 for RATIS_ADMIN
2023-09-07 04:51:43,171 [EndpointStateMachine task thread for /0.0.0.0:15108 - 0 ] INFO  ratis.XceiverServerRatis (XceiverServerRatis.java:getRealPort(543)) - XceiverServerRatis 9c9ba13f-6dd0-460e-ac54-999c1aa3e7ed is started using port 15129 for RATIS_SERVER
2023-09-07 04:51:43,171 [EndpointStateMachine task thread for /0.0.0.0:15108 - 0 ] INFO  ratis.XceiverServerRatis (XceiverServerRatis.java:getRealPort(543)) - XceiverServerRatis 9c9ba13f-6dd0-460e-ac54-999c1aa3e7ed is started using port 15130 for RATIS_DATASTREAM
2023-09-07 04:51:43,171 [JvmPauseMonitor17] INFO  util.JvmPauseMonitor (JvmPauseMonitor.java:run(103)) - JvmPauseMonitor-9c9ba13f-6dd0-460e-ac54-999c1aa3e7ed: Started
2023-09-07 04:51:43,176 [BlockDeletingService#0] INFO  interfaces.ContainerDeletionChoosingPolicyTemplate (ContainerDeletionChoosingPolicyTemplate.java:chooseContainerForBlockDeletion(85)) - Chosen 0/5000 blocks from 0 candidate containers.
2023-09-07 04:51:43,211 [main] INFO  ozone.MiniOzoneClusterImpl (MiniOzoneClusterImpl.java:lambda$waitForClusterToBeReady$0(224)) - Waiting for nodes to be ready. Got 0 of 5 DN Heartbeats.
2023-09-07 04:51:43,211 [main] INFO  ozone.MiniOzoneClusterImpl (MiniOzoneClusterImpl.java:lambda$waitForClusterToBeReady$0(227)) - Waiting for cluster to exit safe mode
2023-09-07 04:51:43,211 [main] INFO  ozone.MiniOzoneClusterImpl (MiniOzoneClusterImpl.java:lambda$waitForClusterToBeReady$0(229)) - SCM became leader
2023-09-07 04:51:43,537 [EndpointStateMachine task thread for /0.0.0.0:15108 - 0 ] INFO  utils.DatanodeStoreCache (DatanodeStoreCache.java:addDB(66)) - Added db /home/runner/work/ozone/ozone/hadoop-ozone/integration-test/target/test-dir/MiniOzoneClusterImpl-a35962c9-a2fc-4df3-96cb-042236c47d51/datanode-2/data-0/containers/hdds/a35962c9-a2fc-4df3-96cb-042236c47d51/DS-c8772868-4d3b-46ef-ac63-1237d033de1f/container.db to cache
2023-09-07 04:51:43,537 [EndpointStateMachine task thread for /0.0.0.0:15108 - 0 ] INFO  volume.HddsVolume (HddsVolume.java:createDbStore(422)) - SchemaV3 db is created and loaded at /home/runner/work/ozone/ozone/hadoop-ozone/integration-test/target/test-dir/MiniOzoneClusterImpl-a35962c9-a2fc-4df3-96cb-042236c47d51/datanode-2/data-0/containers/hdds/a35962c9-a2fc-4df3-96cb-042236c47d51/DS-c8772868-4d3b-46ef-ac63-1237d033de1f/container.db for volume DS-c8772868-4d3b-46ef-ac63-1237d033de1f
2023-09-07 04:51:43,538 [EndpointStateMachine task thread for /0.0.0.0:15108 - 0 ] INFO  volume.ThrottledAsyncChecker (ThrottledAsyncChecker.java:schedule(141)) - Scheduling a check for /home/runner/work/ozone/ozone/hadoop-ozone/integration-test/target/test-dir/MiniOzoneClusterImpl-a35962c9-a2fc-4df3-96cb-042236c47d51/datanode-2/data-0/containers/hdds
2023-09-07 04:51:43,538 [EndpointStateMachine task thread for /0.0.0.0:15108 - 0 ] INFO  volume.StorageVolumeChecker (StorageVolumeChecker.java:checkAllVolumes(213)) - Scheduled health check for volume /home/runner/work/ozone/ozone/hadoop-ozone/integration-test/target/test-dir/MiniOzoneClusterImpl-a35962c9-a2fc-4df3-96cb-042236c47d51/datanode-2/data-0/containers/hdds
2023-09-07 04:51:43,542 [EndpointStateMachine task thread for /0.0.0.0:15108 - 0 ] INFO  volume.ThrottledAsyncChecker (ThrottledAsyncChecker.java:schedule(141)) - Scheduling a check for /home/runner/work/ozone/ozone/hadoop-ozone/integration-test/target/test-dir/MiniOzoneClusterImpl-a35962c9-a2fc-4df3-96cb-042236c47d51/datanode-2/data/ratis
2023-09-07 04:51:43,542 [EndpointStateMachine task thread for /0.0.0.0:15108 - 0 ] INFO  volume.StorageVolumeChecker (StorageVolumeChecker.java:checkAllVolumes(213)) - Scheduled health check for volume /home/runner/work/ozone/ozone/hadoop-ozone/integration-test/target/test-dir/MiniOzoneClusterImpl-a35962c9-a2fc-4df3-96cb-042236c47d51/datanode-2/data/ratis
2023-09-07 04:51:43,546 [EndpointStateMachine task thread for /0.0.0.0:15108 - 0 ] INFO  ozoneimpl.OzoneContainer (OzoneContainer.java:start(429)) - Attempting to start container services.
2023-09-07 04:51:43,546 [EndpointStateMachine task thread for /0.0.0.0:15108 - 0 ] INFO  ozoneimpl.OzoneContainer (OzoneContainer.java:startContainerScrub(325)) - Scheduled background container scanners and the on-demand container scanner have been disabled.
2023-09-07 04:51:43,547 [EndpointStateMachine task thread for /0.0.0.0:15108 - 0 ] INFO  replication.ReplicationServer (ReplicationServer.java:start(130)) - ReplicationServer is started using port 15140
2023-09-07 04:51:43,547 [EndpointStateMachine task thread for /0.0.0.0:15108 - 0 ] INFO  ratis.XceiverServerRatis (XceiverServerRatis.java:start(517)) - Starting XceiverServerRatis 1ddc0cd2-9f64-4abc-9646-a27e7b7d0879
2023-09-07 04:51:43,548 [EndpointStateMachine task thread for /0.0.0.0:15108 - 0 ] INFO  server.RaftServer (RaftServerProxy.java:startImpl(400)) - 1ddc0cd2-9f64-4abc-9646-a27e7b7d0879: start RPC server
2023-09-07 04:51:43,549 [EndpointStateMachine task thread for /0.0.0.0:15108 - 0 ] INFO  server.GrpcService (GrpcService.java:startImpl(302)) - 1ddc0cd2-9f64-4abc-9646-a27e7b7d0879: GrpcService started, listening on 15136
2023-09-07 04:51:43,553 [EndpointStateMachine task thread for /0.0.0.0:15108 - 0 ] INFO  server.GrpcService (GrpcService.java:startImpl(302)) - 1ddc0cd2-9f64-4abc-9646-a27e7b7d0879: GrpcService started, listening on 15138
2023-09-07 04:51:43,556 [EndpointStateMachine task thread for /0.0.0.0:15108 - 0 ] INFO  server.GrpcService (GrpcService.java:startImpl(302)) - 1ddc0cd2-9f64-4abc-9646-a27e7b7d0879: GrpcService started, listening on 15137
2023-09-07 04:51:43,557 [EndpointStateMachine task thread for /0.0.0.0:15108 - 0 ] INFO  ratis.XceiverServerRatis (XceiverServerRatis.java:getRealPort(543)) - XceiverServerRatis 1ddc0cd2-9f64-4abc-9646-a27e7b7d0879 is started using port 15136 for RATIS
2023-09-07 04:51:43,558 [JvmPauseMonitor18] INFO  util.JvmPauseMonitor (JvmPauseMonitor.java:run(103)) - JvmPauseMonitor-1ddc0cd2-9f64-4abc-9646-a27e7b7d0879: Started
2023-09-07 04:51:43,558 [EndpointStateMachine task thread for /0.0.0.0:15108 - 0 ] INFO  ratis.XceiverServerRatis (XceiverServerRatis.java:getRealPort(543)) - XceiverServerRatis 1ddc0cd2-9f64-4abc-9646-a27e7b7d0879 is started using port 15137 for RATIS_ADMIN
2023-09-07 04:51:43,558 [EndpointStateMachine task thread for /0.0.0.0:15108 - 0 ] INFO  ratis.XceiverServerRatis (XceiverServerRatis.java:getRealPort(543)) - XceiverServerRatis 1ddc0cd2-9f64-4abc-9646-a27e7b7d0879 is started using port 15138 for RATIS_SERVER
2023-09-07 04:51:43,558 [EndpointStateMachine task thread for /0.0.0.0:15108 - 0 ] INFO  ratis.XceiverServerRatis (XceiverServerRatis.java:getRealPort(543)) - XceiverServerRatis 1ddc0cd2-9f64-4abc-9646-a27e7b7d0879 is started using port 15139 for RATIS_DATASTREAM
2023-09-07 04:51:43,570 [BlockDeletingService#0] INFO  interfaces.ContainerDeletionChoosingPolicyTemplate (ContainerDeletionChoosingPolicyTemplate.java:chooseContainerForBlockDeletion(85)) - Chosen 0/5000 blocks from 0 candidate containers.
2023-09-07 04:51:43,913 [EndpointStateMachine task thread for /0.0.0.0:15108 - 0 ] INFO  utils.DatanodeStoreCache (DatanodeStoreCache.java:addDB(66)) - Added db /home/runner/work/ozone/ozone/hadoop-ozone/integration-test/target/test-dir/MiniOzoneClusterImpl-a35962c9-a2fc-4df3-96cb-042236c47d51/datanode-3/data-0/containers/hdds/a35962c9-a2fc-4df3-96cb-042236c47d51/DS-7913ff87-7ef5-4eae-8773-f049a2ee848e/container.db to cache
2023-09-07 04:51:43,913 [EndpointStateMachine task thread for /0.0.0.0:15108 - 0 ] INFO  volume.HddsVolume (HddsVolume.java:createDbStore(422)) - SchemaV3 db is created and loaded at /home/runner/work/ozone/ozone/hadoop-ozone/integration-test/target/test-dir/MiniOzoneClusterImpl-a35962c9-a2fc-4df3-96cb-042236c47d51/datanode-3/data-0/containers/hdds/a35962c9-a2fc-4df3-96cb-042236c47d51/DS-7913ff87-7ef5-4eae-8773-f049a2ee848e/container.db for volume DS-7913ff87-7ef5-4eae-8773-f049a2ee848e
2023-09-07 04:51:43,914 [EndpointStateMachine task thread for /0.0.0.0:15108 - 0 ] INFO  volume.ThrottledAsyncChecker (ThrottledAsyncChecker.java:schedule(141)) - Scheduling a check for /home/runner/work/ozone/ozone/hadoop-ozone/integration-test/target/test-dir/MiniOzoneClusterImpl-a35962c9-a2fc-4df3-96cb-042236c47d51/datanode-3/data-0/containers/hdds
2023-09-07 04:51:43,917 [EndpointStateMachine task thread for /0.0.0.0:15108 - 0 ] INFO  volume.StorageVolumeChecker (StorageVolumeChecker.java:checkAllVolumes(213)) - Scheduled health check for volume /home/runner/work/ozone/ozone/hadoop-ozone/integration-test/target/test-dir/MiniOzoneClusterImpl-a35962c9-a2fc-4df3-96cb-042236c47d51/datanode-3/data-0/containers/hdds
2023-09-07 04:51:43,919 [EndpointStateMachine task thread for /0.0.0.0:15108 - 0 ] INFO  volume.ThrottledAsyncChecker (ThrottledAsyncChecker.java:schedule(141)) - Scheduling a check for /home/runner/work/ozone/ozone/hadoop-ozone/integration-test/target/test-dir/MiniOzoneClusterImpl-a35962c9-a2fc-4df3-96cb-042236c47d51/datanode-3/data/ratis
2023-09-07 04:51:43,919 [EndpointStateMachine task thread for /0.0.0.0:15108 - 0 ] INFO  volume.StorageVolumeChecker (StorageVolumeChecker.java:checkAllVolumes(213)) - Scheduled health check for volume /home/runner/work/ozone/ozone/hadoop-ozone/integration-test/target/test-dir/MiniOzoneClusterImpl-a35962c9-a2fc-4df3-96cb-042236c47d51/datanode-3/data/ratis
2023-09-07 04:51:43,921 [EndpointStateMachine task thread for /0.0.0.0:15108 - 0 ] INFO  ozoneimpl.OzoneContainer (OzoneContainer.java:start(429)) - Attempting to start container services.
2023-09-07 04:51:43,921 [EndpointStateMachine task thread for /0.0.0.0:15108 - 0 ] INFO  ozoneimpl.OzoneContainer (OzoneContainer.java:startContainerScrub(325)) - Scheduled background container scanners and the on-demand container scanner have been disabled.
2023-09-07 04:51:43,923 [EndpointStateMachine task thread for /0.0.0.0:15108 - 0 ] INFO  replication.ReplicationServer (ReplicationServer.java:start(130)) - ReplicationServer is started using port 15149
2023-09-07 04:51:43,923 [EndpointStateMachine task thread for /0.0.0.0:15108 - 0 ] INFO  ratis.XceiverServerRatis (XceiverServerRatis.java:start(517)) - Starting XceiverServerRatis cbeb8a2c-f8e2-4c14-b4f8-5d428d71e083
2023-09-07 04:51:43,924 [EndpointStateMachine task thread for /0.0.0.0:15108 - 0 ] INFO  server.RaftServer (RaftServerProxy.java:startImpl(400)) - cbeb8a2c-f8e2-4c14-b4f8-5d428d71e083: start RPC server
2023-09-07 04:51:43,926 [EndpointStateMachine task thread for /0.0.0.0:15108 - 0 ] INFO  server.GrpcService (GrpcService.java:startImpl(302)) - cbeb8a2c-f8e2-4c14-b4f8-5d428d71e083: GrpcService started, listening on 15145
2023-09-07 04:51:43,930 [EndpointStateMachine task thread for /0.0.0.0:15108 - 0 ] INFO  server.GrpcService (GrpcService.java:startImpl(302)) - cbeb8a2c-f8e2-4c14-b4f8-5d428d71e083: GrpcService started, listening on 15147
2023-09-07 04:51:43,931 [EndpointStateMachine task thread for /0.0.0.0:15108 - 0 ] INFO  server.GrpcService (GrpcService.java:startImpl(302)) - cbeb8a2c-f8e2-4c14-b4f8-5d428d71e083: GrpcService started, listening on 15146
2023-09-07 04:51:43,931 [EndpointStateMachine task thread for /0.0.0.0:15108 - 0 ] INFO  ratis.XceiverServerRatis (XceiverServerRatis.java:getRealPort(543)) - XceiverServerRatis cbeb8a2c-f8e2-4c14-b4f8-5d428d71e083 is started using port 15145 for RATIS
2023-09-07 04:51:43,931 [EndpointStateMachine task thread for /0.0.0.0:15108 - 0 ] INFO  ratis.XceiverServerRatis (XceiverServerRatis.java:getRealPort(543)) - XceiverServerRatis cbeb8a2c-f8e2-4c14-b4f8-5d428d71e083 is started using port 15146 for RATIS_ADMIN
2023-09-07 04:51:43,931 [EndpointStateMachine task thread for /0.0.0.0:15108 - 0 ] INFO  ratis.XceiverServerRatis (XceiverServerRatis.java:getRealPort(543)) - XceiverServerRatis cbeb8a2c-f8e2-4c14-b4f8-5d428d71e083 is started using port 15147 for RATIS_SERVER
2023-09-07 04:51:43,931 [EndpointStateMachine task thread for /0.0.0.0:15108 - 0 ] INFO  ratis.XceiverServerRatis (XceiverServerRatis.java:getRealPort(543)) - XceiverServerRatis cbeb8a2c-f8e2-4c14-b4f8-5d428d71e083 is started using port 15148 for RATIS_DATASTREAM
2023-09-07 04:51:43,932 [JvmPauseMonitor19] INFO  util.JvmPauseMonitor (JvmPauseMonitor.java:run(103)) - JvmPauseMonitor-cbeb8a2c-f8e2-4c14-b4f8-5d428d71e083: Started
2023-09-07 04:51:43,935 [BlockDeletingService#0] INFO  interfaces.ContainerDeletionChoosingPolicyTemplate (ContainerDeletionChoosingPolicyTemplate.java:chooseContainerForBlockDeletion(85)) - Chosen 0/5000 blocks from 0 candidate containers.
2023-09-07 04:51:44,212 [main] INFO  ozone.MiniOzoneClusterImpl (MiniOzoneClusterImpl.java:lambda$waitForClusterToBeReady$0(224)) - Waiting for nodes to be ready. Got 0 of 5 DN Heartbeats.
2023-09-07 04:51:44,212 [main] INFO  ozone.MiniOzoneClusterImpl (MiniOzoneClusterImpl.java:lambda$waitForClusterToBeReady$0(227)) - Waiting for cluster to exit safe mode
2023-09-07 04:51:44,212 [main] INFO  ozone.MiniOzoneClusterImpl (MiniOzoneClusterImpl.java:lambda$waitForClusterToBeReady$0(229)) - SCM became leader
2023-09-07 04:51:44,274 [EndpointStateMachine task thread for /0.0.0.0:15108 - 0 ] INFO  utils.DatanodeStoreCache (DatanodeStoreCache.java:addDB(66)) - Added db /home/runner/work/ozone/ozone/hadoop-ozone/integration-test/target/test-dir/MiniOzoneClusterImpl-a35962c9-a2fc-4df3-96cb-042236c47d51/datanode-4/data-0/containers/hdds/a35962c9-a2fc-4df3-96cb-042236c47d51/DS-df9f1590-547f-4071-8bef-4ab55ef237fe/container.db to cache
2023-09-07 04:51:44,274 [EndpointStateMachine task thread for /0.0.0.0:15108 - 0 ] INFO  volume.HddsVolume (HddsVolume.java:createDbStore(422)) - SchemaV3 db is created and loaded at /home/runner/work/ozone/ozone/hadoop-ozone/integration-test/target/test-dir/MiniOzoneClusterImpl-a35962c9-a2fc-4df3-96cb-042236c47d51/datanode-4/data-0/containers/hdds/a35962c9-a2fc-4df3-96cb-042236c47d51/DS-df9f1590-547f-4071-8bef-4ab55ef237fe/container.db for volume DS-df9f1590-547f-4071-8bef-4ab55ef237fe
2023-09-07 04:51:44,275 [EndpointStateMachine task thread for /0.0.0.0:15108 - 0 ] INFO  volume.ThrottledAsyncChecker (ThrottledAsyncChecker.java:schedule(141)) - Scheduling a check for /home/runner/work/ozone/ozone/hadoop-ozone/integration-test/target/test-dir/MiniOzoneClusterImpl-a35962c9-a2fc-4df3-96cb-042236c47d51/datanode-4/data-0/containers/hdds
2023-09-07 04:51:44,276 [EndpointStateMachine task thread for /0.0.0.0:15108 - 0 ] INFO  volume.StorageVolumeChecker (StorageVolumeChecker.java:checkAllVolumes(213)) - Scheduled health check for volume /home/runner/work/ozone/ozone/hadoop-ozone/integration-test/target/test-dir/MiniOzoneClusterImpl-a35962c9-a2fc-4df3-96cb-042236c47d51/datanode-4/data-0/containers/hdds
2023-09-07 04:51:44,279 [EndpointStateMachine task thread for /0.0.0.0:15108 - 0 ] INFO  volume.ThrottledAsyncChecker (ThrottledAsyncChecker.java:schedule(141)) - Scheduling a check for /home/runner/work/ozone/ozone/hadoop-ozone/integration-test/target/test-dir/MiniOzoneClusterImpl-a35962c9-a2fc-4df3-96cb-042236c47d51/datanode-4/data/ratis
2023-09-07 04:51:44,279 [EndpointStateMachine task thread for /0.0.0.0:15108 - 0 ] INFO  volume.StorageVolumeChecker (StorageVolumeChecker.java:checkAllVolumes(213)) - Scheduled health check for volume /home/runner/work/ozone/ozone/hadoop-ozone/integration-test/target/test-dir/MiniOzoneClusterImpl-a35962c9-a2fc-4df3-96cb-042236c47d51/datanode-4/data/ratis
2023-09-07 04:51:44,281 [EndpointStateMachine task thread for /0.0.0.0:15108 - 0 ] INFO  ozoneimpl.OzoneContainer (OzoneContainer.java:start(429)) - Attempting to start container services.
2023-09-07 04:51:44,282 [EndpointStateMachine task thread for /0.0.0.0:15108 - 0 ] INFO  ozoneimpl.OzoneContainer (OzoneContainer.java:startContainerScrub(325)) - Scheduled background container scanners and the on-demand container scanner have been disabled.
2023-09-07 04:51:44,283 [EndpointStateMachine task thread for /0.0.0.0:15108 - 0 ] INFO  replication.ReplicationServer (ReplicationServer.java:start(130)) - ReplicationServer is started using port 15158
2023-09-07 04:51:44,283 [EndpointStateMachine task thread for /0.0.0.0:15108 - 0 ] INFO  ratis.XceiverServerRatis (XceiverServerRatis.java:start(517)) - Starting XceiverServerRatis eee81e81-0890-44e6-b9d4-b60ee3bd7f3c
2023-09-07 04:51:44,284 [EndpointStateMachine task thread for /0.0.0.0:15108 - 0 ] INFO  server.RaftServer (RaftServerProxy.java:startImpl(400)) - eee81e81-0890-44e6-b9d4-b60ee3bd7f3c: start RPC server
2023-09-07 04:51:44,285 [EndpointStateMachine task thread for /0.0.0.0:15108 - 0 ] INFO  server.GrpcService (GrpcService.java:startImpl(302)) - eee81e81-0890-44e6-b9d4-b60ee3bd7f3c: GrpcService started, listening on 15154
2023-09-07 04:51:44,288 [EndpointStateMachine task thread for /0.0.0.0:15108 - 0 ] INFO  server.GrpcService (GrpcService.java:startImpl(302)) - eee81e81-0890-44e6-b9d4-b60ee3bd7f3c: GrpcService started, listening on 15156
2023-09-07 04:51:44,289 [EndpointStateMachine task thread for /0.0.0.0:15108 - 0 ] INFO  server.GrpcService (GrpcService.java:startImpl(302)) - eee81e81-0890-44e6-b9d4-b60ee3bd7f3c: GrpcService started, listening on 15155
2023-09-07 04:51:44,290 [EndpointStateMachine task thread for /0.0.0.0:15108 - 0 ] INFO  ratis.XceiverServerRatis (XceiverServerRatis.java:getRealPort(543)) - XceiverServerRatis eee81e81-0890-44e6-b9d4-b60ee3bd7f3c is started using port 15154 for RATIS
2023-09-07 04:51:44,290 [EndpointStateMachine task thread for /0.0.0.0:15108 - 0 ] INFO  ratis.XceiverServerRatis (XceiverServerRatis.java:getRealPort(543)) - XceiverServerRatis eee81e81-0890-44e6-b9d4-b60ee3bd7f3c is started using port 15155 for RATIS_ADMIN
2023-09-07 04:51:44,290 [EndpointStateMachine task thread for /0.0.0.0:15108 - 0 ] INFO  ratis.XceiverServerRatis (XceiverServerRatis.java:getRealPort(543)) - XceiverServerRatis eee81e81-0890-44e6-b9d4-b60ee3bd7f3c is started using port 15156 for RATIS_SERVER
2023-09-07 04:51:44,290 [EndpointStateMachine task thread for /0.0.0.0:15108 - 0 ] INFO  ratis.XceiverServerRatis (XceiverServerRatis.java:getRealPort(543)) - XceiverServerRatis eee81e81-0890-44e6-b9d4-b60ee3bd7f3c is started using port 15157 for RATIS_DATASTREAM
2023-09-07 04:51:44,291 [JvmPauseMonitor20] INFO  util.JvmPauseMonitor (JvmPauseMonitor.java:run(103)) - JvmPauseMonitor-eee81e81-0890-44e6-b9d4-b60ee3bd7f3c: Started
2023-09-07 04:51:44,294 [BlockDeletingService#0] INFO  interfaces.ContainerDeletionChoosingPolicyTemplate (ContainerDeletionChoosingPolicyTemplate.java:chooseContainerForBlockDeletion(85)) - Chosen 0/5000 blocks from 0 candidate containers.
2023-09-07 04:51:44,706 [IPC Server handler 1 on default port 15108] INFO  net.NetworkTopologyImpl (NetworkTopologyImpl.java:add(112)) - Added a new node: /default-rack/7d658909-36a6-44f1-ac1a-09761b608691
2023-09-07 04:51:44,707 [IPC Server handler 1 on default port 15108] INFO  node.SCMNodeManager (SCMNodeManager.java:register(405)) - Registered Data node : 7d658909-36a6-44f1-ac1a-09761b608691{ip: 10.1.0.9, host: fv-az163-854.ksqkok1cighebdh5ckq0wc3qdf.dx.internal.cloudapp.net, ports: [HTTP=15115, CLIENT_RPC=15116, REPLICATION=15122, RATIS=15118, RATIS_ADMIN=15119, RATIS_SERVER=15120, RATIS_DATASTREAM=15121, STANDALONE=15117], networkLocation: /default-rack, certSerialId: null, persistedOpState: null, persistedOpStateExpiryEpochSec: 0}
2023-09-07 04:51:44,710 [EventQueue-NodeRegistrationContainerReportForDataNodeSafeModeRule] INFO  safemode.SCMSafeModeManager (DataNodeSafeModeRule.java:process(71)) - SCM in safe mode. 1 DataNodes registered, 3 required.
2023-09-07 04:51:44,710 [EventQueue-NodeRegistrationContainerReportForContainerSafeModeRule] INFO  safemode.SCMSafeModeManager (SCMSafeModeManager.java:validateSafeModeExitRules(200)) - ContainerSafeModeRule rule is successfully validated
2023-09-07 04:51:44,714 [EventQueue-NewNodeForNewNodeHandler] INFO  pipeline.BackgroundPipelineCreator (BackgroundPipelineCreator.java:notifyEventTriggered(277)) - trigger a one-shot run on RatisPipelineUtilsThread.
2023-09-07 04:51:44,714 [RatisPipelineUtilsThread - 0] INFO  pipeline.RatisPipelineProvider (RatisPipelineProvider.java:lambda$create$0(206)) - Sending CreatePipelineCommand for pipeline:PipelineID=bf4a4ee6-3340-4b0b-90e7-3b57cd447ba9 to datanode:7d658909-36a6-44f1-ac1a-09761b608691
2023-09-07 04:51:44,717 [RatisPipelineUtilsThread - 0] INFO  pipeline.BackgroundPipelineCreator (BackgroundPipelineCreator.java:createPipelines(233)) - Created new pipeline Pipeline[ Id: bf4a4ee6-3340-4b0b-90e7-3b57cd447ba9, Nodes: 7d658909-36a6-44f1-ac1a-09761b608691(fv-az163-854.ksqkok1cighebdh5ckq0wc3qdf.dx.internal.cloudapp.net/10.1.0.9), ReplicationConfig: RATIS/ONE, State:ALLOCATED, leaderId:, CreationTimestamp2023-09-07T04:51:44.714Z[Etc/UTC]]
2023-09-07 04:51:44,719 [EventQueue-PipelineReportForOneReplicaPipelineSafeModeRule] INFO  safemode.SCMSafeModeManager (SCMSafeModeManager.java:validateSafeModeExitRules(200)) - AtleastOneDatanodeReportedRule rule is successfully validated
2023-09-07 04:51:45,087 [IPC Server handler 3 on default port 15108] INFO  net.NetworkTopologyImpl (NetworkTopologyImpl.java:add(112)) - Added a new node: /default-rack/9c9ba13f-6dd0-460e-ac54-999c1aa3e7ed
2023-09-07 04:51:45,088 [IPC Server handler 3 on default port 15108] INFO  node.SCMNodeManager (SCMNodeManager.java:register(405)) - Registered Data node : 9c9ba13f-6dd0-460e-ac54-999c1aa3e7ed{ip: 10.1.0.9, host: fv-az163-854.ksqkok1cighebdh5ckq0wc3qdf.dx.internal.cloudapp.net, ports: [HTTP=15124, CLIENT_RPC=15125, REPLICATION=15131, RATIS=15127, RATIS_ADMIN=15128, RATIS_SERVER=15129, RATIS_DATASTREAM=15130, STANDALONE=15126], networkLocation: /default-rack, certSerialId: null, persistedOpState: null, persistedOpStateExpiryEpochSec: 0}
2023-09-07 04:51:45,088 [EventQueue-NewNodeForNewNodeHandler] INFO  pipeline.BackgroundPipelineCreator (BackgroundPipelineCreator.java:notifyEventTriggered(277)) - trigger a one-shot run on RatisPipelineUtilsThread.
2023-09-07 04:51:45,090 [EventQueue-NodeRegistrationContainerReportForDataNodeSafeModeRule] INFO  safemode.SCMSafeModeManager (DataNodeSafeModeRule.java:process(71)) - SCM in safe mode. 2 DataNodes registered, 3 required.
2023-09-07 04:51:45,093 [RatisPipelineUtilsThread - 0] INFO  pipeline.RatisPipelineProvider (RatisPipelineProvider.java:lambda$create$0(206)) - Sending CreatePipelineCommand for pipeline:PipelineID=eec7ef64-6503-43b1-bdc6-45a374fd8469 to datanode:9c9ba13f-6dd0-460e-ac54-999c1aa3e7ed
2023-09-07 04:51:45,094 [RatisPipelineUtilsThread - 0] INFO  pipeline.BackgroundPipelineCreator (BackgroundPipelineCreator.java:createPipelines(233)) - Created new pipeline Pipeline[ Id: eec7ef64-6503-43b1-bdc6-45a374fd8469, Nodes: 9c9ba13f-6dd0-460e-ac54-999c1aa3e7ed(fv-az163-854.ksqkok1cighebdh5ckq0wc3qdf.dx.internal.cloudapp.net/10.1.0.9), ReplicationConfig: RATIS/ONE, State:ALLOCATED, leaderId:, CreationTimestamp2023-09-07T04:51:45.093Z[Etc/UTC]]
2023-09-07 04:51:45,213 [main] INFO  ozone.MiniOzoneClusterImpl (MiniOzoneClusterImpl.java:lambda$waitForClusterToBeReady$0(224)) - Waiting for nodes to be ready. Got 2 of 5 DN Heartbeats.
2023-09-07 04:51:45,213 [main] INFO  ozone.MiniOzoneClusterImpl (MiniOzoneClusterImpl.java:lambda$waitForClusterToBeReady$0(227)) - Waiting for cluster to exit safe mode
2023-09-07 04:51:45,213 [main] INFO  ozone.MiniOzoneClusterImpl (MiniOzoneClusterImpl.java:lambda$waitForClusterToBeReady$0(229)) - SCM became leader
2023-09-07 04:51:45,478 [IPC Server handler 1 on default port 15108] INFO  net.NetworkTopologyImpl (NetworkTopologyImpl.java:add(112)) - Added a new node: /default-rack/1ddc0cd2-9f64-4abc-9646-a27e7b7d0879
2023-09-07 04:51:45,478 [IPC Server handler 1 on default port 15108] INFO  node.SCMNodeManager (SCMNodeManager.java:register(405)) - Registered Data node : 1ddc0cd2-9f64-4abc-9646-a27e7b7d0879{ip: 10.1.0.9, host: fv-az163-854.ksqkok1cighebdh5ckq0wc3qdf.dx.internal.cloudapp.net, ports: [HTTP=15133, CLIENT_RPC=15134, REPLICATION=15140, RATIS=15136, RATIS_ADMIN=15137, RATIS_SERVER=15138, RATIS_DATASTREAM=15139, STANDALONE=15135], networkLocation: /default-rack, certSerialId: null, persistedOpState: null, persistedOpStateExpiryEpochSec: 0}
2023-09-07 04:51:45,479 [EventQueue-NewNodeForNewNodeHandler] INFO  pipeline.BackgroundPipelineCreator (BackgroundPipelineCreator.java:notifyEventTriggered(277)) - trigger a one-shot run on RatisPipelineUtilsThread.
2023-09-07 04:51:45,479 [EventQueue-NodeRegistrationContainerReportForDataNodeSafeModeRule] INFO  safemode.SCMSafeModeManager (DataNodeSafeModeRule.java:process(71)) - SCM in safe mode. 3 DataNodes registered, 3 required.
2023-09-07 04:51:45,479 [EventQueue-NodeRegistrationContainerReportForDataNodeSafeModeRule] INFO  safemode.SCMSafeModeManager (SCMSafeModeManager.java:validateSafeModeExitRules(200)) - DataNodeSafeModeRule rule is successfully validated
2023-09-07 04:51:45,479 [EventQueue-NodeRegistrationContainerReportForDataNodeSafeModeRule] INFO  safemode.SCMSafeModeManager (SCMSafeModeManager.java:completePreCheck(229)) - All SCM safe mode pre check rules have passed
2023-09-07 04:51:45,479 [EventQueue-NodeRegistrationContainerReportForDataNodeSafeModeRule] INFO  ha.SCMContext (SCMContext.java:updateSafeModeStatus(228)) - Update SafeModeStatus from SafeModeStatus{safeModeStatus=true, preCheckPassed=false} to SafeModeStatus{safeModeStatus=true, preCheckPassed=true}.
2023-09-07 04:51:45,479 [EventQueue-NodeRegistrationContainerReportForDataNodeSafeModeRule] INFO  pipeline.BackgroundPipelineCreator (BackgroundPipelineCreator.java:notifyEventTriggered(277)) - trigger a one-shot run on RatisPipelineUtilsThread.
2023-09-07 04:51:45,479 [RatisPipelineUtilsThread - 0] INFO  pipeline.RatisPipelineProvider (RatisPipelineProvider.java:lambda$create$0(206)) - Sending CreatePipelineCommand for pipeline:PipelineID=c1bc81ef-d096-4478-b3cf-80ebec4b8bd9 to datanode:1ddc0cd2-9f64-4abc-9646-a27e7b7d0879
2023-09-07 04:51:45,480 [RatisPipelineUtilsThread - 0] INFO  pipeline.BackgroundPipelineCreator (BackgroundPipelineCreator.java:createPipelines(233)) - Created new pipeline Pipeline[ Id: c1bc81ef-d096-4478-b3cf-80ebec4b8bd9, Nodes: 1ddc0cd2-9f64-4abc-9646-a27e7b7d0879(fv-az163-854.ksqkok1cighebdh5ckq0wc3qdf.dx.internal.cloudapp.net/10.1.0.9), ReplicationConfig: RATIS/ONE, State:ALLOCATED, leaderId:, CreationTimestamp2023-09-07T04:51:45.479Z[Etc/UTC]]
2023-09-07 04:51:45,480 [RatisPipelineUtilsThread - 0] INFO  pipeline.RatisPipelineProvider (RatisPipelineProvider.java:lambda$create$0(206)) - Sending CreatePipelineCommand for pipeline:PipelineID=46f797af-66a6-422c-8dfc-14f5b8938cfb to datanode:1ddc0cd2-9f64-4abc-9646-a27e7b7d0879
2023-09-07 04:51:45,481 [RatisPipelineUtilsThread - 0] INFO  pipeline.RatisPipelineProvider (RatisPipelineProvider.java:lambda$create$0(206)) - Sending CreatePipelineCommand for pipeline:PipelineID=46f797af-66a6-422c-8dfc-14f5b8938cfb to datanode:9c9ba13f-6dd0-460e-ac54-999c1aa3e7ed
2023-09-07 04:51:45,481 [RatisPipelineUtilsThread - 0] INFO  pipeline.RatisPipelineProvider (RatisPipelineProvider.java:lambda$create$0(206)) - Sending CreatePipelineCommand for pipeline:PipelineID=46f797af-66a6-422c-8dfc-14f5b8938cfb to datanode:7d658909-36a6-44f1-ac1a-09761b608691
2023-09-07 04:51:45,481 [RatisPipelineUtilsThread - 0] INFO  pipeline.BackgroundPipelineCreator (BackgroundPipelineCreator.java:createPipelines(233)) - Created new pipeline Pipeline[ Id: 46f797af-66a6-422c-8dfc-14f5b8938cfb, Nodes: 1ddc0cd2-9f64-4abc-9646-a27e7b7d0879(fv-az163-854.ksqkok1cighebdh5ckq0wc3qdf.dx.internal.cloudapp.net/10.1.0.9)9c9ba13f-6dd0-460e-ac54-999c1aa3e7ed(fv-az163-854.ksqkok1cighebdh5ckq0wc3qdf.dx.internal.cloudapp.net/10.1.0.9)7d658909-36a6-44f1-ac1a-09761b608691(fv-az163-854.ksqkok1cighebdh5ckq0wc3qdf.dx.internal.cloudapp.net/10.1.0.9), ReplicationConfig: RATIS/THREE, State:ALLOCATED, leaderId:, CreationTimestamp2023-09-07T04:51:45.480Z[Etc/UTC]]
2023-09-07 04:51:45,483 [RatisPipelineUtilsThread - 0] INFO  pipeline.RatisPipelineProvider (RatisPipelineProvider.java:lambda$create$0(206)) - Sending CreatePipelineCommand for pipeline:PipelineID=9af03a98-57b5-4091-9be8-41019568f4e6 to datanode:1ddc0cd2-9f64-4abc-9646-a27e7b7d0879
2023-09-07 04:51:45,483 [RatisPipelineUtilsThread - 0] INFO  pipeline.RatisPipelineProvider (RatisPipelineProvider.java:lambda$create$0(206)) - Sending CreatePipelineCommand for pipeline:PipelineID=9af03a98-57b5-4091-9be8-41019568f4e6 to datanode:7d658909-36a6-44f1-ac1a-09761b608691
2023-09-07 04:51:45,484 [RatisPipelineUtilsThread - 0] INFO  pipeline.RatisPipelineProvider (RatisPipelineProvider.java:lambda$create$0(206)) - Sending CreatePipelineCommand for pipeline:PipelineID=9af03a98-57b5-4091-9be8-41019568f4e6 to datanode:9c9ba13f-6dd0-460e-ac54-999c1aa3e7ed
2023-09-07 04:51:45,484 [RatisPipelineUtilsThread - 0] INFO  pipeline.PipelineManagerImpl (PipelineManagerImpl.java:recordMetricsForPipeline(914)) - Pipeline: PipelineID=9af03a98-57b5-4091-9be8-41019568f4e6 contains same datanodes as previous pipelines: PipelineID=46f797af-66a6-422c-8dfc-14f5b8938cfb nodeIds: 1ddc0cd2-9f64-4abc-9646-a27e7b7d0879, 7d658909-36a6-44f1-ac1a-09761b608691, 9c9ba13f-6dd0-460e-ac54-999c1aa3e7ed
2023-09-07 04:51:45,484 [RatisPipelineUtilsThread - 0] INFO  pipeline.BackgroundPipelineCreator (BackgroundPipelineCreator.java:createPipelines(233)) - Created new pipeline Pipeline[ Id: 9af03a98-57b5-4091-9be8-41019568f4e6, Nodes: 1ddc0cd2-9f64-4abc-9646-a27e7b7d0879(fv-az163-854.ksqkok1cighebdh5ckq0wc3qdf.dx.internal.cloudapp.net/10.1.0.9)7d658909-36a6-44f1-ac1a-09761b608691(fv-az163-854.ksqkok1cighebdh5ckq0wc3qdf.dx.internal.cloudapp.net/10.1.0.9)9c9ba13f-6dd0-460e-ac54-999c1aa3e7ed(fv-az163-854.ksqkok1cighebdh5ckq0wc3qdf.dx.internal.cloudapp.net/10.1.0.9), ReplicationConfig: RATIS/THREE, State:ALLOCATED, leaderId:, CreationTimestamp2023-09-07T04:51:45.483Z[Etc/UTC]]
2023-09-07 04:51:45,861 [IPC Server handler 4 on default port 15108] INFO  net.NetworkTopologyImpl (NetworkTopologyImpl.java:add(112)) - Added a new node: /default-rack/cbeb8a2c-f8e2-4c14-b4f8-5d428d71e083
2023-09-07 04:51:45,861 [IPC Server handler 4 on default port 15108] INFO  node.SCMNodeManager (SCMNodeManager.java:register(405)) - Registered Data node : cbeb8a2c-f8e2-4c14-b4f8-5d428d71e083{ip: 10.1.0.9, host: fv-az163-854.ksqkok1cighebdh5ckq0wc3qdf.dx.internal.cloudapp.net, ports: [HTTP=15142, CLIENT_RPC=15143, REPLICATION=15149, RATIS=15145, RATIS_ADMIN=15146, RATIS_SERVER=15147, RATIS_DATASTREAM=15148, STANDALONE=15144], networkLocation: /default-rack, certSerialId: null, persistedOpState: null, persistedOpStateExpiryEpochSec: 0}
2023-09-07 04:51:45,861 [EventQueue-NewNodeForNewNodeHandler] INFO  pipeline.BackgroundPipelineCreator (BackgroundPipelineCreator.java:notifyEventTriggered(277)) - trigger a one-shot run on RatisPipelineUtilsThread.
2023-09-07 04:51:45,862 [RatisPipelineUtilsThread - 0] INFO  pipeline.RatisPipelineProvider (RatisPipelineProvider.java:lambda$create$0(206)) - Sending CreatePipelineCommand for pipeline:PipelineID=bfd3daf2-30c5-4443-9763-3068a7155903 to datanode:cbeb8a2c-f8e2-4c14-b4f8-5d428d71e083
2023-09-07 04:51:45,863 [RatisPipelineUtilsThread - 0] INFO  pipeline.BackgroundPipelineCreator (BackgroundPipelineCreator.java:createPipelines(233)) - Created new pipeline Pipeline[ Id: bfd3daf2-30c5-4443-9763-3068a7155903, Nodes: cbeb8a2c-f8e2-4c14-b4f8-5d428d71e083(fv-az163-854.ksqkok1cighebdh5ckq0wc3qdf.dx.internal.cloudapp.net/10.1.0.9), ReplicationConfig: RATIS/ONE, State:ALLOCATED, leaderId:, CreationTimestamp2023-09-07T04:51:45.862Z[Etc/UTC]]
2023-09-07 04:51:46,213 [main] INFO  ozone.MiniOzoneClusterImpl (MiniOzoneClusterImpl.java:lambda$waitForClusterToBeReady$0(224)) - Waiting for nodes to be ready. Got 4 of 5 DN Heartbeats.
2023-09-07 04:51:46,214 [main] INFO  ozone.MiniOzoneClusterImpl (MiniOzoneClusterImpl.java:lambda$waitForClusterToBeReady$0(227)) - Waiting for cluster to exit safe mode
2023-09-07 04:51:46,214 [main] INFO  ozone.MiniOzoneClusterImpl (MiniOzoneClusterImpl.java:lambda$waitForClusterToBeReady$0(229)) - SCM became leader
2023-09-07 04:51:46,218 [IPC Server handler 2 on default port 15108] INFO  net.NetworkTopologyImpl (NetworkTopologyImpl.java:add(112)) - Added a new node: /default-rack/eee81e81-0890-44e6-b9d4-b60ee3bd7f3c
2023-09-07 04:51:46,219 [IPC Server handler 2 on default port 15108] INFO  node.SCMNodeManager (SCMNodeManager.java:register(405)) - Registered Data node : eee81e81-0890-44e6-b9d4-b60ee3bd7f3c{ip: 10.1.0.9, host: fv-az163-854.ksqkok1cighebdh5ckq0wc3qdf.dx.internal.cloudapp.net, ports: [HTTP=15151, CLIENT_RPC=15152, REPLICATION=15158, RATIS=15154, RATIS_ADMIN=15155, RATIS_SERVER=15156, RATIS_DATASTREAM=15157, STANDALONE=15153], networkLocation: /default-rack, certSerialId: null, persistedOpState: null, persistedOpStateExpiryEpochSec: 0}
2023-09-07 04:51:46,220 [EventQueue-NewNodeForNewNodeHandler] INFO  pipeline.BackgroundPipelineCreator (BackgroundPipelineCreator.java:notifyEventTriggered(277)) - trigger a one-shot run on RatisPipelineUtilsThread.
2023-09-07 04:51:46,221 [RatisPipelineUtilsThread - 0] INFO  pipeline.RatisPipelineProvider (RatisPipelineProvider.java:lambda$create$0(206)) - Sending CreatePipelineCommand for pipeline:PipelineID=00b3bb23-ab45-43f1-90c8-e5135714774c to datanode:eee81e81-0890-44e6-b9d4-b60ee3bd7f3c
2023-09-07 04:51:46,222 [RatisPipelineUtilsThread - 0] INFO  pipeline.BackgroundPipelineCreator (BackgroundPipelineCreator.java:createPipelines(233)) - Created new pipeline Pipeline[ Id: 00b3bb23-ab45-43f1-90c8-e5135714774c, Nodes: eee81e81-0890-44e6-b9d4-b60ee3bd7f3c(fv-az163-854.ksqkok1cighebdh5ckq0wc3qdf.dx.internal.cloudapp.net/10.1.0.9), ReplicationConfig: RATIS/ONE, State:ALLOCATED, leaderId:, CreationTimestamp2023-09-07T04:51:46.221Z[Etc/UTC]]
2023-09-07 04:51:47,214 [main] INFO  ozone.MiniOzoneClusterImpl (MiniOzoneClusterImpl.java:lambda$waitForClusterToBeReady$0(224)) - Nodes are ready. Got 5 of 5 DN Heartbeats.
2023-09-07 04:51:47,215 [main] INFO  ozone.MiniOzoneClusterImpl (MiniOzoneClusterImpl.java:lambda$waitForClusterToBeReady$0(227)) - Waiting for cluster to exit safe mode
2023-09-07 04:51:47,215 [main] INFO  ozone.MiniOzoneClusterImpl (MiniOzoneClusterImpl.java:lambda$waitForClusterToBeReady$0(229)) - SCM became leader
2023-09-07 04:51:47,707 [PipelineCommandHandlerThread-0] INFO  server.RaftServer (RaftServerProxy.java:addNew(98)) - 7d658909-36a6-44f1-ac1a-09761b608691: addNew group-3B57CD447BA9:[7d658909-36a6-44f1-ac1a-09761b608691|rpc:10.1.0.9:15120|admin:10.1.0.9:15119|client:10.1.0.9:15118|dataStream:10.1.0.9:15121|priority:1|startupRole:FOLLOWER] returns group-3B57CD447BA9:java.util.concurrent.CompletableFuture@ff0040f[Not completed]
2023-09-07 04:51:47,709 [7d658909-36a6-44f1-ac1a-09761b608691-groupManagement] INFO  server.RaftServer$Division (RaftServerImpl.java:<init>(198)) - 7d658909-36a6-44f1-ac1a-09761b608691: new RaftServerImpl for group-3B57CD447BA9:[7d658909-36a6-44f1-ac1a-09761b608691|rpc:10.1.0.9:15120|admin:10.1.0.9:15119|client:10.1.0.9:15118|dataStream:10.1.0.9:15121|priority:1|startupRole:FOLLOWER] with ContainerStateMachine:uninitialized
2023-09-07 04:51:47,709 [7d658909-36a6-44f1-ac1a-09761b608691-groupManagement] INFO  server.RaftServerConfigKeys (ConfUtils.java:logGet(46)) - raft.server.rpc.timeout.min = 5s (custom)
2023-09-07 04:51:47,709 [7d658909-36a6-44f1-ac1a-09761b608691-groupManagement] INFO  server.RaftServerConfigKeys (ConfUtils.java:logGet(46)) - raft.server.rpc.timeout.max = 5200ms (custom)
2023-09-07 04:51:47,709 [7d658909-36a6-44f1-ac1a-09761b608691-groupManagement] INFO  server.RaftServerConfigKeys (ConfUtils.java:logGet(46)) - raft.server.rpc.sleep.time = 25ms (default)
2023-09-07 04:51:47,709 [7d658909-36a6-44f1-ac1a-09761b608691-groupManagement] INFO  server.RaftServerConfigKeys (ConfUtils.java:logGet(46)) - raft.server.rpc.slowness.timeout = 300s (custom)
2023-09-07 04:51:47,709 [7d658909-36a6-44f1-ac1a-09761b608691-groupManagement] INFO  server.RaftServerConfigKeys (ConfUtils.java:logGet(46)) - raft.server.leaderelection.leader.step-down.wait-time = 10s (default)
2023-09-07 04:51:47,709 [7d658909-36a6-44f1-ac1a-09761b608691-groupManagement] INFO  server.RaftServerConfigKeys (ConfUtils.java:logGet(46)) - raft.server.sleep.deviation.threshold = 300ms (default)
2023-09-07 04:51:47,709 [7d658909-36a6-44f1-ac1a-09761b608691-groupManagement] INFO  server.RaftServer$Division (ServerState.java:<init>(120)) - 7d658909-36a6-44f1-ac1a-09761b608691@group-3B57CD447BA9: ConfigurationManager, init=-1: peers:[7d658909-36a6-44f1-ac1a-09761b608691|rpc:10.1.0.9:15120|admin:10.1.0.9:15119|client:10.1.0.9:15118|dataStream:10.1.0.9:15121|priority:1|startupRole:FOLLOWER]|listeners:[], old=null, confs=<EMPTY_MAP>
2023-09-07 04:51:47,709 [7d658909-36a6-44f1-ac1a-09761b608691-groupManagement] INFO  server.RaftServerConfigKeys (ConfUtils.java:logGet(46)) - raft.server.storage.dir = [/home/runner/work/ozone/ozone/hadoop-ozone/integration-test/target/test-dir/MiniOzoneClusterImpl-a35962c9-a2fc-4df3-96cb-042236c47d51/datanode-0/data/ratis] (custom)
2023-09-07 04:51:47,710 [7d658909-36a6-44f1-ac1a-09761b608691-groupManagement] INFO  server.RaftServerConfigKeys (ConfUtils.java:logGet(46)) - raft.server.log.corruption.policy = EXCEPTION (default)
2023-09-07 04:51:47,710 [7d658909-36a6-44f1-ac1a-09761b608691-groupManagement] INFO  server.RaftServerConfigKeys (ConfUtils.java:logGet(46)) - raft.server.storage.free-space.min = 0MB (=0) (default)
2023-09-07 04:51:47,710 [7d658909-36a6-44f1-ac1a-09761b608691-groupManagement] INFO  server.RaftServerConfigKeys (ConfUtils.java:logGet(46)) - raft.server.notification.no-leader.timeout = 300s (custom)
2023-09-07 04:51:47,710 [7d658909-36a6-44f1-ac1a-09761b608691-groupManagement] INFO  server.RaftServerConfigKeys (ConfUtils.java:logGet(46)) - raft.server.read.timeout = 10s (default)
2023-09-07 04:51:47,710 [7d658909-36a6-44f1-ac1a-09761b608691-groupManagement] INFO  server.RaftServerConfigKeys (ConfUtils.java:logGet(46)) - raft.server.retrycache.expirytime = 600000ms (custom)
2023-09-07 04:51:47,710 [7d658909-36a6-44f1-ac1a-09761b608691-groupManagement] INFO  server.RaftServerConfigKeys (ConfUtils.java:logGet(46)) - raft.server.retrycache.statistics.expirytime = 100μs (default)
2023-09-07 04:51:47,711 [7d658909-36a6-44f1-ac1a-09761b608691-groupManagement] INFO  server.RaftServerConfigKeys (ConfUtils.java:logGet(46)) - raft.server.read.option = DEFAULT (default)
2023-09-07 04:51:47,711 [7d658909-36a6-44f1-ac1a-09761b608691-groupManagement] INFO  server.RaftServerConfigKeys (ConfUtils.java:logGet(46)) - raft.server.rpc.request.timeout = 60s (custom)
2023-09-07 04:51:47,712 [7d658909-36a6-44f1-ac1a-09761b608691-groupManagement] INFO  server.RaftServerConfigKeys (ConfUtils.java:logGet(46)) - raft.server.log.appender.install.snapshot.enabled = false (custom)
2023-09-07 04:51:47,712 [7d658909-36a6-44f1-ac1a-09761b608691-groupManagement] INFO  server.RaftServerConfigKeys (ConfUtils.java:logGet(46)) - raft.server.threadpool.server.cached = true (default)
2023-09-07 04:51:47,712 [7d658909-36a6-44f1-ac1a-09761b608691-groupManagement] INFO  server.RaftServerConfigKeys (ConfUtils.java:logGet(46)) - raft.server.threadpool.server.size = 0 (default)
2023-09-07 04:51:47,712 [7d658909-36a6-44f1-ac1a-09761b608691-groupManagement] INFO  server.RaftServerConfigKeys (ConfUtils.java:logGet(46)) - raft.server.threadpool.client.cached = true (default)
2023-09-07 04:51:47,712 [7d658909-36a6-44f1-ac1a-09761b608691-groupManagement] INFO  server.RaftServerConfigKeys (ConfUtils.java:logGet(46)) - raft.server.threadpool.client.size = 0 (default)
2023-09-07 04:51:47,712 [7d658909-36a6-44f1-ac1a-09761b608691-groupManagement] INFO  storage.RaftStorageDirectory (RaftStorageDirectoryImpl.java:analyzeStorage(137)) - The storage directory /home/runner/work/ozone/ozone/hadoop-ozone/integration-test/target/test-dir/MiniOzoneClusterImpl-a35962c9-a2fc-4df3-96cb-042236c47d51/datanode-0/data/ratis/bf4a4ee6-3340-4b0b-90e7-3b57cd447ba9 does not exist. Creating ...
2023-09-07 04:51:47,714 [7d658909-36a6-44f1-ac1a-09761b608691-groupManagement] INFO  storage.RaftStorageDirectory (RaftStorageDirectoryImpl.java:tryLock(231)) - Lock on /home/runner/work/ozone/ozone/hadoop-ozone/integration-test/target/test-dir/MiniOzoneClusterImpl-a35962c9-a2fc-4df3-96cb-042236c47d51/datanode-0/data/ratis/bf4a4ee6-3340-4b0b-90e7-3b57cd447ba9/in_use.lock acquired by nodename 7593@fv-az163-854
2023-09-07 04:51:47,715 [7d658909-36a6-44f1-ac1a-09761b608691-groupManagement] INFO  storage.RaftStorage (RaftStorageImpl.java:format(96)) - Storage directory /home/runner/work/ozone/ozone/hadoop-ozone/integration-test/target/test-dir/MiniOzoneClusterImpl-a35962c9-a2fc-4df3-96cb-042236c47d51/datanode-0/data/ratis/bf4a4ee6-3340-4b0b-90e7-3b57cd447ba9 has been successfully formatted.
2023-09-07 04:51:47,717 [7d658909-36a6-44f1-ac1a-09761b608691-groupManagement] INFO  ratis.ContainerStateMachine (ContainerStateMachine.java:loadSnapshot(262)) - group-3B57CD447BA9: The snapshot info is null. Setting the last applied indexto:(t:0, i:~)
2023-09-07 04:51:47,717 [7d658909-36a6-44f1-ac1a-09761b608691-groupManagement] INFO  server.RaftServerConfigKeys (ConfUtils.java:logGet(46)) - raft.server.log.use.memory = false (default)
2023-09-07 04:51:47,717 [7d658909-36a6-44f1-ac1a-09761b608691-groupManagement] INFO  server.RaftServerConfigKeys (ConfUtils.java:logGet(46)) - raft.server.log.purge.gap = 1000000 (custom)
2023-09-07 04:51:47,717 [7d658909-36a6-44f1-ac1a-09761b608691-groupManagement] INFO  server.RaftServerConfigKeys (ConfUtils.java:logGet(46)) - raft.server.log.appender.buffer.byte-limit = 33554432 (custom)
2023-09-07 04:51:47,718 [7d658909-36a6-44f1-ac1a-09761b608691-groupManagement] INFO  server.RaftServerConfigKeys (ConfUtils.java:logGet(46)) - raft.server.log.statemachine.data.read.timeout = 1000ms (default)
2023-09-07 04:51:47,718 [7d658909-36a6-44f1-ac1a-09761b608691-groupManagement] INFO  server.RaftServerConfigKeys (ConfUtils.java:logGet(46)) - raft.server.log.purge.preservation.log.num = 0 (default)
2023-09-07 04:51:47,718 [7d658909-36a6-44f1-ac1a-09761b608691-groupManagement] INFO  server.RaftServerConfigKeys (ConfUtils.java:logGet(46)) - raft.server.log.segment.size.max = 1048576 (custom)
2023-09-07 04:51:47,718 [7d658909-36a6-44f1-ac1a-09761b608691-groupManagement] INFO  server.RaftServerConfigKeys (ConfUtils.java:logGet(46)) - raft.server.log.segment.cache.num.max = 2 (custom)
2023-09-07 04:51:47,718 [7d658909-36a6-44f1-ac1a-09761b608691-groupManagement] INFO  server.RaftServerConfigKeys (ConfUtils.java:logGet(46)) - raft.server.log.segment.cache.size.max = 200MB (=209715200) (default)
2023-09-07 04:51:47,719 [7d658909-36a6-44f1-ac1a-09761b608691-groupManagement] INFO  server.RaftServerConfigKeys (ConfUtils.java:logGet(46)) - raft.server.log.appender.buffer.byte-limit = 33554432 (custom)
2023-09-07 04:51:47,719 [7d658909-36a6-44f1-ac1a-09761b608691-groupManagement] INFO  segmented.SegmentedRaftLogWorker (SegmentedRaftLogWorker.java:<init>(188)) - new 7d658909-36a6-44f1-ac1a-09761b608691@group-3B57CD447BA9-SegmentedRaftLogWorker for RaftStorageImpl:Storage Directory /home/runner/work/ozone/ozone/hadoop-ozone/integration-test/target/test-dir/MiniOzoneClusterImpl-a35962c9-a2fc-4df3-96cb-042236c47d51/datanode-0/data/ratis/bf4a4ee6-3340-4b0b-90e7-3b57cd447ba9
2023-09-07 04:51:47,719 [7d658909-36a6-44f1-ac1a-09761b608691-groupManagement] INFO  server.RaftServerConfigKeys (ConfUtils.java:logGet(46)) - raft.server.log.queue.byte-limit = 4294967296 (custom)
2023-09-07 04:51:47,719 [EventQueue-PipelineReportForPipelineReportHandler] INFO  pipeline.PipelineReportHandler (PipelineReportHandler.java:processPipelineReport(136)) - Opened pipeline PipelineID=bf4a4ee6-3340-4b0b-90e7-3b57cd447ba9
2023-09-07 04:51:47,720 [7d658909-36a6-44f1-ac1a-09761b608691-groupManagement] INFO  server.RaftServerConfigKeys (ConfUtils.java:logGet(46)) - raft.server.log.queue.element-limit = 1024 (custom)
2023-09-07 04:51:47,720 [7d658909-36a6-44f1-ac1a-09761b608691-groupManagement] INFO  server.RaftServerConfigKeys (ConfUtils.java:logGet(46)) - raft.server.log.segment.size.max = 1048576 (custom)
2023-09-07 04:51:47,720 [7d658909-36a6-44f1-ac1a-09761b608691-groupManagement] INFO  server.RaftServerConfigKeys (ConfUtils.java:logGet(46)) - raft.server.log.preallocated.size = 16384 (custom)
2023-09-07 04:51:47,721 [7d658909-36a6-44f1-ac1a-09761b608691-groupManagement] INFO  server.RaftServerConfigKeys (ConfUtils.java:logGet(46)) - raft.server.log.force.sync.num = 128 (default)
2023-09-07 04:51:47,721 [7d658909-36a6-44f1-ac1a-09761b608691-groupManagement] INFO  server.RaftServerConfigKeys (ConfUtils.java:logGet(46)) - raft.server.log.statemachine.data.sync = true (default)
2023-09-07 04:51:47,721 [7d658909-36a6-44f1-ac1a-09761b608691-groupManagement] INFO  server.RaftServerConfigKeys (ConfUtils.java:logGet(46)) - raft.server.log.statemachine.data.sync.timeout = 10s (default)
2023-09-07 04:51:47,721 [7d658909-36a6-44f1-ac1a-09761b608691-groupManagement] INFO  server.RaftServerConfigKeys (ConfUtils.java:logGet(46)) - raft.server.log.statemachine.data.sync.timeout.retry = -1 (default)
2023-09-07 04:51:47,722 [7d658909-36a6-44f1-ac1a-09761b608691-groupManagement] INFO  server.RaftServerConfigKeys (ConfUtils.java:logGet(46)) - raft.server.log.write.buffer.size = 1048576 (custom)
2023-09-07 04:51:47,722 [7d658909-36a6-44f1-ac1a-09761b608691-groupManagement] INFO  server.RaftServerConfigKeys (ConfUtils.java:logGet(46)) - raft.server.log.appender.buffer.byte-limit = 33554432 (custom)
2023-09-07 04:51:47,731 [7d658909-36a6-44f1-ac1a-09761b608691-groupManagement] INFO  server.RaftServerConfigKeys (ConfUtils.java:logGet(46)) - raft.server.log.unsafe-flush.enabled = false (default)
2023-09-07 04:51:47,731 [7d658909-36a6-44f1-ac1a-09761b608691-groupManagement] INFO  server.RaftServerConfigKeys (ConfUtils.java:logGet(46)) - raft.server.log.async-flush.enabled = false (default)
2023-09-07 04:51:47,731 [7d658909-36a6-44f1-ac1a-09761b608691-groupManagement] INFO  server.RaftServerConfigKeys (ConfUtils.java:logGet(46)) - raft.server.log.statemachine.data.caching.enabled = true (custom)
2023-09-07 04:51:47,731 [7d658909-36a6-44f1-ac1a-09761b608691-groupManagement] INFO  segmented.SegmentedRaftLogWorker (SegmentedRaftLogWorker.java:lambda$new$0(135)) - 7d658909-36a6-44f1-ac1a-09761b608691@group-3B57CD447BA9-SegmentedRaftLogWorker: flushIndex: setUnconditionally 0 -> -1
2023-09-07 04:51:47,732 [7d658909-36a6-44f1-ac1a-09761b608691-groupManagement] INFO  segmented.SegmentedRaftLogWorker (SegmentedRaftLogWorker.java:lambda$new$0(135)) - 7d658909-36a6-44f1-ac1a-09761b608691@group-3B57CD447BA9-SegmentedRaftLogWorker: safeCacheEvictIndex: setUnconditionally 0 -> -1
2023-09-07 04:51:47,732 [7d658909-36a6-44f1-ac1a-09761b608691-groupManagement] INFO  server.RaftServer$Division (RaftServerImpl.java:start(342)) - 7d658909-36a6-44f1-ac1a-09761b608691@group-3B57CD447BA9: start as a follower, conf=-1: peers:[7d658909-36a6-44f1-ac1a-09761b608691|rpc:10.1.0.9:15120|admin:10.1.0.9:15119|client:10.1.0.9:15118|dataStream:10.1.0.9:15121|priority:1|startupRole:FOLLOWER]|listeners:[], old=null
2023-09-07 04:51:47,732 [EventQueue-OpenPipelineForHealthyPipelineSafeModeRule] INFO  safemode.SCMSafeModeManager (HealthyPipelineSafeModeRule.java:process(137)) - SCM in safe mode. Healthy pipelines reported count is 0, required healthy pipeline reported count is 1
2023-09-07 04:51:47,732 [7d658909-36a6-44f1-ac1a-09761b608691-groupManagement] INFO  server.RaftServer$Division (RaftServerImpl.java:setRole(329)) - 7d658909-36a6-44f1-ac1a-09761b608691@group-3B57CD447BA9: changes role from      null to FOLLOWER at term 0 for startAsFollower
2023-09-07 04:51:47,732 [7d658909-36a6-44f1-ac1a-09761b608691-groupManagement] INFO  impl.RoleInfo (RoleInfo.java:updateAndGet(139)) - 7d658909-36a6-44f1-ac1a-09761b608691: start 7d658909-36a6-44f1-ac1a-09761b608691@group-3B57CD447BA9-FollowerState
2023-09-07 04:51:47,738 [7d658909-36a6-44f1-ac1a-09761b608691-groupManagement] INFO  util.JmxRegister (JmxRegister.java:tryRegister(44)) - Successfully registered JMX Bean with object name Ratis:service=RaftServer,group=group-3B57CD447BA9,id=7d658909-36a6-44f1-ac1a-09761b608691
2023-09-07 04:51:47,738 [7d658909-36a6-44f1-ac1a-09761b608691-groupManagement] INFO  server.RaftServerConfigKeys (ConfUtils.java:logGet(46)) - raft.server.snapshot.auto.trigger.enabled = true (custom)
2023-09-07 04:51:47,738 [7d658909-36a6-44f1-ac1a-09761b608691-groupManagement] INFO  server.RaftServerConfigKeys (ConfUtils.java:logGet(46)) - raft.server.snapshot.auto.trigger.threshold = 10000 (custom)
2023-09-07 04:51:47,738 [7d658909-36a6-44f1-ac1a-09761b608691-groupManagement] INFO  server.RaftServerConfigKeys (ConfUtils.java:logGet(46)) - raft.server.snapshot.retention.file.num = 5 (custom)
2023-09-07 04:51:47,738 [7d658909-36a6-44f1-ac1a-09761b608691-groupManagement] INFO  server.RaftServerConfigKeys (ConfUtils.java:logGet(46)) - raft.server.log.purge.upto.snapshot.index = false (default)
2023-09-07 04:51:47,738 [7d658909-36a6-44f1-ac1a-09761b608691@group-3B57CD447BA9-FollowerState] INFO  server.RaftServerConfigKeys (ConfUtils.java:logFallback(53)) - raft.server.rpc.first-election.timeout.min = 5s (fallback to raft.server.rpc.timeout.min)
2023-09-07 04:51:47,739 [7d658909-36a6-44f1-ac1a-09761b608691@group-3B57CD447BA9-FollowerState] INFO  server.RaftServerConfigKeys (ConfUtils.java:logFallback(53)) - raft.server.rpc.first-election.timeout.max = 5200ms (fallback to raft.server.rpc.timeout.max)
2023-09-07 04:51:47,739 [PipelineCommandHandlerThread-0] INFO  ratis.XceiverServerRatis (XceiverServerRatis.java:addGroup(804)) - Created group PipelineID=bf4a4ee6-3340-4b0b-90e7-3b57cd447ba9
2023-09-07 04:51:47,739 [PipelineCommandHandlerThread-0] INFO  commandhandler.CreatePipelineCommandHandler (CreatePipelineCommandHandler.java:lambda$handle$2(124)) - Created Pipeline RATIS ONE PipelineID=bf4a4ee6-3340-4b0b-90e7-3b57cd447ba9.
2023-09-07 04:51:47,739 [PipelineCommandHandlerThread-0] INFO  server.RaftServer (RaftServerProxy.java:addNew(98)) - 7d658909-36a6-44f1-ac1a-09761b608691: addNew group-14F5B8938CFB:[7d658909-36a6-44f1-ac1a-09761b608691|rpc:10.1.0.9:15120|admin:10.1.0.9:15119|client:10.1.0.9:15118|dataStream:10.1.0.9:15121|priority:1|startupRole:FOLLOWER, 9c9ba13f-6dd0-460e-ac54-999c1aa3e7ed|rpc:10.1.0.9:15129|admin:10.1.0.9:15128|client:10.1.0.9:15127|dataStream:10.1.0.9:15130|priority:0|startupRole:FOLLOWER, 1ddc0cd2-9f64-4abc-9646-a27e7b7d0879|rpc:10.1.0.9:15138|admin:10.1.0.9:15137|client:10.1.0.9:15136|dataStream:10.1.0.9:15139|priority:0|startupRole:FOLLOWER] returns group-14F5B8938CFB:java.util.concurrent.CompletableFuture@bcf9129[Not completed]
2023-09-07 04:51:47,741 [7d658909-36a6-44f1-ac1a-09761b608691-groupManagement] INFO  server.RaftServer$Division (RaftServerImpl.java:<init>(198)) - 7d658909-36a6-44f1-ac1a-09761b608691: new RaftServerImpl for group-14F5B8938CFB:[7d658909-36a6-44f1-ac1a-09761b608691|rpc:10.1.0.9:15120|admin:10.1.0.9:15119|client:10.1.0.9:15118|dataStream:10.1.0.9:15121|priority:1|startupRole:FOLLOWER, 9c9ba13f-6dd0-460e-ac54-999c1aa3e7ed|rpc:10.1.0.9:15129|admin:10.1.0.9:15128|client:10.1.0.9:15127|dataStream:10.1.0.9:15130|priority:0|startupRole:FOLLOWER, 1ddc0cd2-9f64-4abc-9646-a27e7b7d0879|rpc:10.1.0.9:15138|admin:10.1.0.9:15137|client:10.1.0.9:15136|dataStream:10.1.0.9:15139|priority:0|startupRole:FOLLOWER] with ContainerStateMachine:uninitialized
2023-09-07 04:51:47,741 [7d658909-36a6-44f1-ac1a-09761b608691-groupManagement] INFO  server.RaftServerConfigKeys (ConfUtils.java:logGet(46)) - raft.server.rpc.timeout.min = 5s (custom)
2023-09-07 04:51:47,741 [7d658909-36a6-44f1-ac1a-09761b608691-groupManagement] INFO  server.RaftServerConfigKeys (ConfUtils.java:logGet(46)) - raft.server.rpc.timeout.max = 5200ms (custom)
2023-09-07 04:51:47,741 [7d658909-36a6-44f1-ac1a-09761b608691-groupManagement] INFO  server.RaftServerConfigKeys (ConfUtils.java:logGet(46)) - raft.server.rpc.sleep.time = 25ms (default)
2023-09-07 04:51:47,741 [7d658909-36a6-44f1-ac1a-09761b608691-groupManagement] INFO  server.RaftServerConfigKeys (ConfUtils.java:logGet(46)) - raft.server.rpc.slowness.timeout = 300s (custom)
2023-09-07 04:51:47,741 [7d658909-36a6-44f1-ac1a-09761b608691-groupManagement] INFO  server.RaftServerConfigKeys (ConfUtils.java:logGet(46)) - raft.server.leaderelection.leader.step-down.wait-time = 10s (default)
2023-09-07 04:51:47,741 [7d658909-36a6-44f1-ac1a-09761b608691-groupManagement] INFO  server.RaftServerConfigKeys (ConfUtils.java:logGet(46)) - raft.server.sleep.deviation.threshold = 300ms (default)
2023-09-07 04:51:47,741 [7d658909-36a6-44f1-ac1a-09761b608691-groupManagement] INFO  server.RaftServer$Division (ServerState.java:<init>(120)) - 7d658909-36a6-44f1-ac1a-09761b608691@group-14F5B8938CFB: ConfigurationManager, init=-1: peers:[7d658909-36a6-44f1-ac1a-09761b608691|rpc:10.1.0.9:15120|admin:10.1.0.9:15119|client:10.1.0.9:15118|dataStream:10.1.0.9:15121|priority:1|startupRole:FOLLOWER, 9c9ba13f-6dd0-460e-ac54-999c1aa3e7ed|rpc:10.1.0.9:15129|admin:10.1.0.9:15128|client:10.1.0.9:15127|dataStream:10.1.0.9:15130|priority:0|startupRole:FOLLOWER, 1ddc0cd2-9f64-4abc-9646-a27e7b7d0879|rpc:10.1.0.9:15138|admin:10.1.0.9:15137|client:10.1.0.9:15136|dataStream:10.1.0.9:15139|priority:0|startupRole:FOLLOWER]|listeners:[], old=null, confs=<EMPTY_MAP>
2023-09-07 04:51:47,741 [7d658909-36a6-44f1-ac1a-09761b608691-groupManagement] INFO  server.RaftServerConfigKeys (ConfUtils.java:logGet(46)) - raft.server.storage.dir = [/home/runner/work/ozone/ozone/hadoop-ozone/integration-test/target/test-dir/MiniOzoneClusterImpl-a35962c9-a2fc-4df3-96cb-042236c47d51/datanode-0/data/ratis] (custom)
2023-09-07 04:51:47,742 [7d658909-36a6-44f1-ac1a-09761b608691-groupManagement] INFO  server.RaftServerConfigKeys (ConfUtils.java:logGet(46)) - raft.server.log.corruption.policy = EXCEPTION (default)
2023-09-07 04:51:47,742 [7d658909-36a6-44f1-ac1a-09761b608691-groupManagement] INFO  server.RaftServerConfigKeys (ConfUtils.java:logGet(46)) - raft.server.storage.free-space.min = 0MB (=0) (default)
2023-09-07 04:51:47,742 [7d658909-36a6-44f1-ac1a-09761b608691-groupManagement] INFO  server.RaftServerConfigKeys (ConfUtils.java:logGet(46)) - raft.server.notification.no-leader.timeout = 300s (custom)
2023-09-07 04:51:47,742 [7d658909-36a6-44f1-ac1a-09761b608691-groupManagement] INFO  server.RaftServerConfigKeys (ConfUtils.java:logGet(46)) - raft.server.read.timeout = 10s (default)
2023-09-07 04:51:47,742 [7d658909-36a6-44f1-ac1a-09761b608691-groupManagement] INFO  server.RaftServerConfigKeys (ConfUtils.java:logGet(46)) - raft.server.retrycache.expirytime = 600000ms (custom)
2023-09-07 04:51:47,742 [7d658909-36a6-44f1-ac1a-09761b608691-groupManagement] INFO  server.RaftServerConfigKeys (ConfUtils.java:logGet(46)) - raft.server.retrycache.statistics.expirytime = 100μs (default)
2023-09-07 04:51:47,744 [7d658909-36a6-44f1-ac1a-09761b608691-groupManagement] INFO  server.RaftServerConfigKeys (ConfUtils.java:logGet(46)) - raft.server.read.option = DEFAULT (default)
2023-09-07 04:51:47,745 [7d658909-36a6-44f1-ac1a-09761b608691-groupManagement] INFO  server.RaftServerConfigKeys (ConfUtils.java:logGet(46)) - raft.server.rpc.request.timeout = 60s (custom)
2023-09-07 04:51:47,746 [7d658909-36a6-44f1-ac1a-09761b608691-groupManagement] INFO  server.RaftServerConfigKeys (ConfUtils.java:logGet(46)) - raft.server.log.appender.install.snapshot.enabled = false (custom)
2023-09-07 04:51:47,746 [7d658909-36a6-44f1-ac1a-09761b608691-groupManagement] INFO  server.RaftServerConfigKeys (ConfUtils.java:logGet(46)) - raft.server.threadpool.server.cached = true (default)
2023-09-07 04:51:47,746 [7d658909-36a6-44f1-ac1a-09761b608691-groupManagement] INFO  server.RaftServerConfigKeys (ConfUtils.java:logGet(46)) - raft.server.threadpool.server.size = 0 (default)
2023-09-07 04:51:47,746 [7d658909-36a6-44f1-ac1a-09761b608691-groupManagement] INFO  server.RaftServerConfigKeys (ConfUtils.java:logGet(46)) - raft.server.threadpool.client.cached = true (default)
2023-09-07 04:51:47,746 [7d658909-36a6-44f1-ac1a-09761b608691-groupManagement] INFO  server.RaftServerConfigKeys (ConfUtils.java:logGet(46)) - raft.server.threadpool.client.size = 0 (default)
2023-09-07 04:51:47,746 [7d658909-36a6-44f1-ac1a-09761b608691-groupManagement] INFO  storage.RaftStorageDirectory (RaftStorageDirectoryImpl.java:analyzeStorage(137)) - The storage directory /home/runner/work/ozone/ozone/hadoop-ozone/integration-test/target/test-dir/MiniOzoneClusterImpl-a35962c9-a2fc-4df3-96cb-042236c47d51/datanode-0/data/ratis/46f797af-66a6-422c-8dfc-14f5b8938cfb does not exist. Creating ...
2023-09-07 04:51:47,747 [7d658909-36a6-44f1-ac1a-09761b608691-groupManagement] INFO  storage.RaftStorageDirectory (RaftStorageDirectoryImpl.java:tryLock(231)) - Lock on /home/runner/work/ozone/ozone/hadoop-ozone/integration-test/target/test-dir/MiniOzoneClusterImpl-a35962c9-a2fc-4df3-96cb-042236c47d51/datanode-0/data/ratis/46f797af-66a6-422c-8dfc-14f5b8938cfb/in_use.lock acquired by nodename 7593@fv-az163-854
2023-09-07 04:51:47,749 [7d658909-36a6-44f1-ac1a-09761b608691-groupManagement] INFO  storage.RaftStorage (RaftStorageImpl.java:format(96)) - Storage directory /home/runner/work/ozone/ozone/hadoop-ozone/integration-test/target/test-dir/MiniOzoneClusterImpl-a35962c9-a2fc-4df3-96cb-042236c47d51/datanode-0/data/ratis/46f797af-66a6-422c-8dfc-14f5b8938cfb has been successfully formatted.
2023-09-07 04:51:47,749 [7d658909-36a6-44f1-ac1a-09761b608691-groupManagement] INFO  ratis.ContainerStateMachine (ContainerStateMachine.java:loadSnapshot(262)) - group-14F5B8938CFB: The snapshot info is null. Setting the last applied indexto:(t:0, i:~)
2023-09-07 04:51:47,749 [7d658909-36a6-44f1-ac1a-09761b608691-groupManagement] INFO  server.RaftServerConfigKeys (ConfUtils.java:logGet(46)) - raft.server.log.use.memory = false (default)
2023-09-07 04:51:47,749 [7d658909-36a6-44f1-ac1a-09761b608691-groupManagement] INFO  server.RaftServerConfigKeys (ConfUtils.java:logGet(46)) - raft.server.log.purge.gap = 1000000 (custom)
2023-09-07 04:51:47,750 [7d658909-36a6-44f1-ac1a-09761b608691-groupManagement] INFO  server.RaftServerConfigKeys (ConfUtils.java:logGet(46)) - raft.server.log.appender.buffer.byte-limit = 33554432 (custom)
2023-09-07 04:51:47,750 [EventQueue-OpenPipelineForHealthyPipelineSafeModeRule] INFO  safemode.SCMSafeModeManager (HealthyPipelineSafeModeRule.java:process(137)) - SCM in safe mode. Healthy pipelines reported count is 0, required healthy pipeline reported count is 1
2023-09-07 04:51:47,750 [7d658909-36a6-44f1-ac1a-09761b608691-groupManagement] INFO  server.RaftServerConfigKeys (ConfUtils.java:logGet(46)) - raft.server.log.statemachine.data.read.timeout = 1000ms (default)
2023-09-07 04:51:47,751 [7d658909-36a6-44f1-ac1a-09761b608691-groupManagement] INFO  server.RaftServerConfigKeys (ConfUtils.java:logGet(46)) - raft.server.log.purge.preservation.log.num = 0 (default)
2023-09-07 04:51:47,751 [7d658909-36a6-44f1-ac1a-09761b608691-groupManagement] INFO  server.RaftServerConfigKeys (ConfUtils.java:logGet(46)) - raft.server.log.segment.size.max = 1048576 (custom)
2023-09-07 04:51:47,751 [7d658909-36a6-44f1-ac1a-09761b608691-groupManagement] INFO  server.RaftServerConfigKeys (ConfUtils.java:logGet(46)) - raft.server.log.segment.cache.num.max = 2 (custom)
2023-09-07 04:51:47,751 [7d658909-36a6-44f1-ac1a-09761b608691-groupManagement] INFO  server.RaftServerConfigKeys (ConfUtils.java:logGet(46)) - raft.server.log.segment.cache.size.max = 200MB (=209715200) (default)
2023-09-07 04:51:47,751 [7d658909-36a6-44f1-ac1a-09761b608691-groupManagement] INFO  server.RaftServerConfigKeys (ConfUtils.java:logGet(46)) - raft.server.log.appender.buffer.byte-limit = 33554432 (custom)
2023-09-07 04:51:47,751 [7d658909-36a6-44f1-ac1a-09761b608691-groupManagement] INFO  segmented.SegmentedRaftLogWorker (SegmentedRaftLogWorker.java:<init>(188)) - new 7d658909-36a6-44f1-ac1a-09761b608691@group-14F5B8938CFB-SegmentedRaftLogWorker for RaftStorageImpl:Storage Directory /home/runner/work/ozone/ozone/hadoop-ozone/integration-test/target/test-dir/MiniOzoneClusterImpl-a35962c9-a2fc-4df3-96cb-042236c47d51/datanode-0/data/ratis/46f797af-66a6-422c-8dfc-14f5b8938cfb
2023-09-07 04:51:47,751 [7d658909-36a6-44f1-ac1a-09761b608691-groupManagement] INFO  server.RaftServerConfigKeys (ConfUtils.java:logGet(46)) - raft.server.log.queue.byte-limit = 4294967296 (custom)
2023-09-07 04:51:47,751 [7d658909-36a6-44f1-ac1a-09761b608691-groupManagement] INFO  server.RaftServerConfigKeys (ConfUtils.java:logGet(46)) - raft.server.log.queue.element-limit = 1024 (custom)
2023-09-07 04:51:47,752 [7d658909-36a6-44f1-ac1a-09761b608691-groupManagement] INFO  server.RaftServerConfigKeys (ConfUtils.java:logGet(46)) - raft.server.log.segment.size.max = 1048576 (custom)
2023-09-07 04:51:47,752 [7d658909-36a6-44f1-ac1a-09761b608691-groupManagement] INFO  server.RaftServerConfigKeys (ConfUtils.java:logGet(46)) - raft.server.log.preallocated.size = 16384 (custom)
2023-09-07 04:51:47,752 [7d658909-36a6-44f1-ac1a-09761b608691-groupManagement] INFO  server.RaftServerConfigKeys (ConfUtils.java:logGet(46)) - raft.server.log.force.sync.num = 128 (default)
2023-09-07 04:51:47,752 [7d658909-36a6-44f1-ac1a-09761b608691-groupManagement] INFO  server.RaftServerConfigKeys (ConfUtils.java:logGet(46)) - raft.server.log.statemachine.data.sync = true (default)
2023-09-07 04:51:47,752 [7d658909-36a6-44f1-ac1a-09761b608691-groupManagement] INFO  server.RaftServerConfigKeys (ConfUtils.java:logGet(46)) - raft.server.log.statemachine.data.sync.timeout = 10s (default)
2023-09-07 04:51:47,752 [7d658909-36a6-44f1-ac1a-09761b608691-groupManagement] INFO  server.RaftServerConfigKeys (ConfUtils.java:logGet(46)) - raft.server.log.statemachine.data.sync.timeout.retry = -1 (default)
2023-09-07 04:51:47,752 [7d658909-36a6-44f1-ac1a-09761b608691-groupManagement] INFO  server.RaftServerConfigKeys (ConfUtils.java:logGet(46)) - raft.server.log.write.buffer.size = 1048576 (custom)
2023-09-07 04:51:47,753 [7d658909-36a6-44f1-ac1a-09761b608691-groupManagement] INFO  server.RaftServerConfigKeys (ConfUtils.java:logGet(46)) - raft.server.log.appender.buffer.byte-limit = 33554432 (custom)
2023-09-07 04:51:47,759 [7d658909-36a6-44f1-ac1a-09761b608691-groupManagement] INFO  server.RaftServerConfigKeys (ConfUtils.java:logGet(46)) - raft.server.log.unsafe-flush.enabled = false (default)
2023-09-07 04:51:47,759 [7d658909-36a6-44f1-ac1a-09761b608691-groupManagement] INFO  server.RaftServerConfigKeys (ConfUtils.java:logGet(46)) - raft.server.log.async-flush.enabled = false (default)
2023-09-07 04:51:47,759 [7d658909-36a6-44f1-ac1a-09761b608691-groupManagement] INFO  server.RaftServerConfigKeys (ConfUtils.java:logGet(46)) - raft.server.log.statemachine.data.caching.enabled = true (custom)
2023-09-07 04:51:47,759 [7d658909-36a6-44f1-ac1a-09761b608691-groupManagement] INFO  segmented.SegmentedRaftLogWorker (SegmentedRaftLogWorker.java:lambda$new$0(135)) - 7d658909-36a6-44f1-ac1a-09761b608691@group-14F5B8938CFB-SegmentedRaftLogWorker: flushIndex: setUnconditionally 0 -> -1
2023-09-07 04:51:47,760 [7d658909-36a6-44f1-ac1a-09761b608691-groupManagement] INFO  segmented.SegmentedRaftLogWorker (SegmentedRaftLogWorker.java:lambda$new$0(135)) - 7d658909-36a6-44f1-ac1a-09761b608691@group-14F5B8938CFB-SegmentedRaftLogWorker: safeCacheEvictIndex: setUnconditionally 0 -> -1
2023-09-07 04:51:47,761 [7d658909-36a6-44f1-ac1a-09761b608691-groupManagement] INFO  server.RaftServer$Division (RaftServerImpl.java:start(342)) - 7d658909-36a6-44f1-ac1a-09761b608691@group-14F5B8938CFB: start as a follower, conf=-1: peers:[7d658909-36a6-44f1-ac1a-09761b608691|rpc:10.1.0.9:15120|admin:10.1.0.9:15119|client:10.1.0.9:15118|dataStream:10.1.0.9:15121|priority:1|startupRole:FOLLOWER, 9c9ba13f-6dd0-460e-ac54-999c1aa3e7ed|rpc:10.1.0.9:15129|admin:10.1.0.9:15128|client:10.1.0.9:15127|dataStream:10.1.0.9:15130|priority:0|startupRole:FOLLOWER, 1ddc0cd2-9f64-4abc-9646-a27e7b7d0879|rpc:10.1.0.9:15138|admin:10.1.0.9:15137|client:10.1.0.9:15136|dataStream:10.1.0.9:15139|priority:0|startupRole:FOLLOWER]|listeners:[], old=null
2023-09-07 04:51:47,761 [7d658909-36a6-44f1-ac1a-09761b608691-groupManagement] INFO  server.RaftServer$Division (RaftServerImpl.java:setRole(329)) - 7d658909-36a6-44f1-ac1a-09761b608691@group-14F5B8938CFB: changes role from      null to FOLLOWER at term 0 for startAsFollower
2023-09-07 04:51:47,762 [7d658909-36a6-44f1-ac1a-09761b608691-groupManagement] INFO  impl.RoleInfo (RoleInfo.java:updateAndGet(139)) - 7d658909-36a6-44f1-ac1a-09761b608691: start 7d658909-36a6-44f1-ac1a-09761b608691@group-14F5B8938CFB-FollowerState
2023-09-07 04:51:47,766 [7d658909-36a6-44f1-ac1a-09761b608691-groupManagement] INFO  util.JmxRegister (JmxRegister.java:tryRegister(44)) - Successfully registered JMX Bean with object name Ratis:service=RaftServer,group=group-14F5B8938CFB,id=7d658909-36a6-44f1-ac1a-09761b608691
2023-09-07 04:51:47,766 [7d658909-36a6-44f1-ac1a-09761b608691-groupManagement] INFO  server.RaftServerConfigKeys (ConfUtils.java:logGet(46)) - raft.server.snapshot.auto.trigger.enabled = true (custom)
2023-09-07 04:51:47,766 [7d658909-36a6-44f1-ac1a-09761b608691-groupManagement] INFO  server.RaftServerConfigKeys (ConfUtils.java:logGet(46)) - raft.server.snapshot.auto.trigger.threshold = 10000 (custom)
2023-09-07 04:51:47,766 [7d658909-36a6-44f1-ac1a-09761b608691-groupManagement] INFO  server.RaftServerConfigKeys (ConfUtils.java:logGet(46)) - raft.server.snapshot.retention.file.num = 5 (custom)
2023-09-07 04:51:47,766 [7d658909-36a6-44f1-ac1a-09761b608691-groupManagement] INFO  server.RaftServerConfigKeys (ConfUtils.java:logGet(46)) - raft.server.log.purge.upto.snapshot.index = false (default)
2023-09-07 04:51:47,767 [7d658909-36a6-44f1-ac1a-09761b608691@group-14F5B8938CFB-FollowerState] INFO  server.RaftServerConfigKeys (ConfUtils.java:logFallback(53)) - raft.server.rpc.first-election.timeout.min = 5s (fallback to raft.server.rpc.timeout.min)
2023-09-07 04:51:47,767 [7d658909-36a6-44f1-ac1a-09761b608691@group-14F5B8938CFB-FollowerState] INFO  server.RaftServerConfigKeys (ConfUtils.java:logFallback(53)) - raft.server.rpc.first-election.timeout.max = 5200ms (fallback to raft.server.rpc.timeout.max)
2023-09-07 04:51:47,768 [PipelineCommandHandlerThread-0] INFO  ratis.XceiverServerRatis (XceiverServerRatis.java:addGroup(804)) - Created group PipelineID=46f797af-66a6-422c-8dfc-14f5b8938cfb
2023-09-07 04:51:47,786 [grpc-default-executor-0] INFO  server.RaftServer (RaftServerProxy.java:addNew(98)) - 1ddc0cd2-9f64-4abc-9646-a27e7b7d0879: addNew group-14F5B8938CFB:[7d658909-36a6-44f1-ac1a-09761b608691|rpc:10.1.0.9:15120|admin:10.1.0.9:15119|client:10.1.0.9:15118|dataStream:10.1.0.9:15121|priority:1|startupRole:FOLLOWER, 9c9ba13f-6dd0-460e-ac54-999c1aa3e7ed|rpc:10.1.0.9:15129|admin:10.1.0.9:15128|client:10.1.0.9:15127|dataStream:10.1.0.9:15130|priority:0|startupRole:FOLLOWER, 1ddc0cd2-9f64-4abc-9646-a27e7b7d0879|rpc:10.1.0.9:15138|admin:10.1.0.9:15137|client:10.1.0.9:15136|dataStream:10.1.0.9:15139|priority:0|startupRole:FOLLOWER] returns group-14F5B8938CFB:java.util.concurrent.CompletableFuture@8e55ea8[Not completed]
2023-09-07 04:51:47,788 [1ddc0cd2-9f64-4abc-9646-a27e7b7d0879-groupManagement] INFO  server.RaftServer$Division (RaftServerImpl.java:<init>(198)) - 1ddc0cd2-9f64-4abc-9646-a27e7b7d0879: new RaftServerImpl for group-14F5B8938CFB:[7d658909-36a6-44f1-ac1a-09761b608691|rpc:10.1.0.9:15120|admin:10.1.0.9:15119|client:10.1.0.9:15118|dataStream:10.1.0.9:15121|priority:1|startupRole:FOLLOWER, 9c9ba13f-6dd0-460e-ac54-999c1aa3e7ed|rpc:10.1.0.9:15129|admin:10.1.0.9:15128|client:10.1.0.9:15127|dataStream:10.1.0.9:15130|priority:0|startupRole:FOLLOWER, 1ddc0cd2-9f64-4abc-9646-a27e7b7d0879|rpc:10.1.0.9:15138|admin:10.1.0.9:15137|client:10.1.0.9:15136|dataStream:10.1.0.9:15139|priority:0|startupRole:FOLLOWER] with ContainerStateMachine:uninitialized
2023-09-07 04:51:47,788 [1ddc0cd2-9f64-4abc-9646-a27e7b7d0879-groupManagement] INFO  server.RaftServerConfigKeys (ConfUtils.java:logGet(46)) - raft.server.rpc.timeout.min = 5s (custom)
2023-09-07 04:51:47,788 [1ddc0cd2-9f64-4abc-9646-a27e7b7d0879-groupManagement] INFO  server.RaftServerConfigKeys (ConfUtils.java:logGet(46)) - raft.server.rpc.timeout.max = 5200ms (custom)
2023-09-07 04:51:47,788 [1ddc0cd2-9f64-4abc-9646-a27e7b7d0879-groupManagement] INFO  server.RaftServerConfigKeys (ConfUtils.java:logGet(46)) - raft.server.rpc.sleep.time = 25ms (default)
2023-09-07 04:51:47,788 [1ddc0cd2-9f64-4abc-9646-a27e7b7d0879-groupManagement] INFO  server.RaftServerConfigKeys (ConfUtils.java:logGet(46)) - raft.server.rpc.slowness.timeout = 300s (custom)
2023-09-07 04:51:47,788 [1ddc0cd2-9f64-4abc-9646-a27e7b7d0879-groupManagement] INFO  server.RaftServerConfigKeys (ConfUtils.java:logGet(46)) - raft.server.leaderelection.leader.step-down.wait-time = 10s (default)
2023-09-07 04:51:47,788 [1ddc0cd2-9f64-4abc-9646-a27e7b7d0879-groupManagement] INFO  server.RaftServerConfigKeys (ConfUtils.java:logGet(46)) - raft.server.sleep.deviation.threshold = 300ms (default)
2023-09-07 04:51:47,788 [1ddc0cd2-9f64-4abc-9646-a27e7b7d0879-groupManagement] INFO  server.RaftServer$Division (ServerState.java:<init>(120)) - 1ddc0cd2-9f64-4abc-9646-a27e7b7d0879@group-14F5B8938CFB: ConfigurationManager, init=-1: peers:[7d658909-36a6-44f1-ac1a-09761b608691|rpc:10.1.0.9:15120|admin:10.1.0.9:15119|client:10.1.0.9:15118|dataStream:10.1.0.9:15121|priority:1|startupRole:FOLLOWER, 9c9ba13f-6dd0-460e-ac54-999c1aa3e7ed|rpc:10.1.0.9:15129|admin:10.1.0.9:15128|client:10.1.0.9:15127|dataStream:10.1.0.9:15130|priority:0|startupRole:FOLLOWER, 1ddc0cd2-9f64-4abc-9646-a27e7b7d0879|rpc:10.1.0.9:15138|admin:10.1.0.9:15137|client:10.1.0.9:15136|dataStream:10.1.0.9:15139|priority:0|startupRole:FOLLOWER]|listeners:[], old=null, confs=<EMPTY_MAP>
2023-09-07 04:51:47,788 [1ddc0cd2-9f64-4abc-9646-a27e7b7d0879-groupManagement] INFO  server.RaftServerConfigKeys (ConfUtils.java:logGet(46)) - raft.server.storage.dir = [/home/runner/work/ozone/ozone/hadoop-ozone/integration-test/target/test-dir/MiniOzoneClusterImpl-a35962c9-a2fc-4df3-96cb-042236c47d51/datanode-2/data/ratis] (custom)
2023-09-07 04:51:47,788 [1ddc0cd2-9f64-4abc-9646-a27e7b7d0879-groupManagement] INFO  server.RaftServerConfigKeys (ConfUtils.java:logGet(46)) - raft.server.log.corruption.policy = EXCEPTION (default)
2023-09-07 04:51:47,788 [1ddc0cd2-9f64-4abc-9646-a27e7b7d0879-groupManagement] INFO  server.RaftServerConfigKeys (ConfUtils.java:logGet(46)) - raft.server.storage.free-space.min = 0MB (=0) (default)
2023-09-07 04:51:47,789 [1ddc0cd2-9f64-4abc-9646-a27e7b7d0879-groupManagement] INFO  server.RaftServerConfigKeys (ConfUtils.java:logGet(46)) - raft.server.notification.no-leader.timeout = 300s (custom)
2023-09-07 04:51:47,789 [1ddc0cd2-9f64-4abc-9646-a27e7b7d0879-groupManagement] INFO  server.RaftServerConfigKeys (ConfUtils.java:logGet(46)) - raft.server.read.timeout = 10s (default)
2023-09-07 04:51:47,789 [1ddc0cd2-9f64-4abc-9646-a27e7b7d0879-groupManagement] INFO  server.RaftServerConfigKeys (ConfUtils.java:logGet(46)) - raft.server.retrycache.expirytime = 600000ms (custom)
2023-09-07 04:51:47,789 [1ddc0cd2-9f64-4abc-9646-a27e7b7d0879-groupManagement] INFO  server.RaftServerConfigKeys (ConfUtils.java:logGet(46)) - raft.server.retrycache.statistics.expirytime = 100μs (default)
2023-09-07 04:51:47,789 [1ddc0cd2-9f64-4abc-9646-a27e7b7d0879-groupManagement] INFO  server.RaftServerConfigKeys (ConfUtils.java:logGet(46)) - raft.server.read.option = DEFAULT (default)
2023-09-07 04:51:47,790 [1ddc0cd2-9f64-4abc-9646-a27e7b7d0879-groupManagement] INFO  server.RaftServerConfigKeys (ConfUtils.java:logGet(46)) - raft.server.rpc.request.timeout = 60s (custom)
2023-09-07 04:51:47,790 [1ddc0cd2-9f64-4abc-9646-a27e7b7d0879-groupManagement] INFO  server.RaftServerConfigKeys (ConfUtils.java:logGet(46)) - raft.server.log.appender.install.snapshot.enabled = false (custom)
2023-09-07 04:51:47,790 [1ddc0cd2-9f64-4abc-9646-a27e7b7d0879-groupManagement] INFO  server.RaftServerConfigKeys (ConfUtils.java:logGet(46)) - raft.server.threadpool.server.cached = true (default)
2023-09-07 04:51:47,790 [1ddc0cd2-9f64-4abc-9646-a27e7b7d0879-groupManagement] INFO  server.RaftServerConfigKeys (ConfUtils.java:logGet(46)) - raft.server.threadpool.server.size = 0 (default)
2023-09-07 04:51:47,790 [1ddc0cd2-9f64-4abc-9646-a27e7b7d0879-groupManagement] INFO  server.RaftServerConfigKeys (ConfUtils.java:logGet(46)) - raft.server.threadpool.client.cached = true (default)
2023-09-07 04:51:47,790 [1ddc0cd2-9f64-4abc-9646-a27e7b7d0879-groupManagement] INFO  server.RaftServerConfigKeys (ConfUtils.java:logGet(46)) - raft.server.threadpool.client.size = 0 (default)
2023-09-07 04:51:47,790 [1ddc0cd2-9f64-4abc-9646-a27e7b7d0879-groupManagement] INFO  storage.RaftStorageDirectory (RaftStorageDirectoryImpl.java:analyzeStorage(137)) - The storage directory /home/runner/work/ozone/ozone/hadoop-ozone/integration-test/target/test-dir/MiniOzoneClusterImpl-a35962c9-a2fc-4df3-96cb-042236c47d51/datanode-2/data/ratis/46f797af-66a6-422c-8dfc-14f5b8938cfb does not exist. Creating ...
2023-09-07 04:51:47,795 [1ddc0cd2-9f64-4abc-9646-a27e7b7d0879-groupManagement] INFO  storage.RaftStorageDirectory (RaftStorageDirectoryImpl.java:tryLock(231)) - Lock on /home/runner/work/ozone/ozone/hadoop-ozone/integration-test/target/test-dir/MiniOzoneClusterImpl-a35962c9-a2fc-4df3-96cb-042236c47d51/datanode-2/data/ratis/46f797af-66a6-422c-8dfc-14f5b8938cfb/in_use.lock acquired by nodename 7593@fv-az163-854
2023-09-07 04:51:47,797 [1ddc0cd2-9f64-4abc-9646-a27e7b7d0879-groupManagement] INFO  storage.RaftStorage (RaftStorageImpl.java:format(96)) - Storage directory /home/runner/work/ozone/ozone/hadoop-ozone/integration-test/target/test-dir/MiniOzoneClusterImpl-a35962c9-a2fc-4df3-96cb-042236c47d51/datanode-2/data/ratis/46f797af-66a6-422c-8dfc-14f5b8938cfb has been successfully formatted.
2023-09-07 04:51:47,799 [1ddc0cd2-9f64-4abc-9646-a27e7b7d0879-groupManagement] INFO  ratis.ContainerStateMachine (ContainerStateMachine.java:loadSnapshot(262)) - group-14F5B8938CFB: The snapshot info is null. Setting the last applied indexto:(t:0, i:~)
2023-09-07 04:51:47,801 [1ddc0cd2-9f64-4abc-9646-a27e7b7d0879-groupManagement] INFO  server.RaftServerConfigKeys (ConfUtils.java:logGet(46)) - raft.server.log.use.memory = false (default)
2023-09-07 04:51:47,801 [1ddc0cd2-9f64-4abc-9646-a27e7b7d0879-groupManagement] INFO  server.RaftServerConfigKeys (ConfUtils.java:logGet(46)) - raft.server.log.purge.gap = 1000000 (custom)
2023-09-07 04:51:47,801 [1ddc0cd2-9f64-4abc-9646-a27e7b7d0879-groupManagement] INFO  server.RaftServerConfigKeys (ConfUtils.java:logGet(46)) - raft.server.log.appender.buffer.byte-limit = 33554432 (custom)
2023-09-07 04:51:47,801 [1ddc0cd2-9f64-4abc-9646-a27e7b7d0879-groupManagement] INFO  server.RaftServerConfigKeys (ConfUtils.java:logGet(46)) - raft.server.log.statemachine.data.read.timeout = 1000ms (default)
2023-09-07 04:51:47,801 [1ddc0cd2-9f64-4abc-9646-a27e7b7d0879-groupManagement] INFO  server.RaftServerConfigKeys (ConfUtils.java:logGet(46)) - raft.server.log.purge.preservation.log.num = 0 (default)
2023-09-07 04:51:47,801 [1ddc0cd2-9f64-4abc-9646-a27e7b7d0879-groupManagement] INFO  server.RaftServerConfigKeys (ConfUtils.java:logGet(46)) - raft.server.log.segment.size.max = 1048576 (custom)
2023-09-07 04:51:47,802 [1ddc0cd2-9f64-4abc-9646-a27e7b7d0879-groupManagement] INFO  server.RaftServerConfigKeys (ConfUtils.java:logGet(46)) - raft.server.log.segment.cache.num.max = 2 (custom)
2023-09-07 04:51:47,802 [1ddc0cd2-9f64-4abc-9646-a27e7b7d0879-groupManagement] INFO  server.RaftServerConfigKeys (ConfUtils.java:logGet(46)) - raft.server.log.segment.cache.size.max = 200MB (=209715200) (default)
2023-09-07 04:51:47,802 [1ddc0cd2-9f64-4abc-9646-a27e7b7d0879-groupManagement] INFO  server.RaftServerConfigKeys (ConfUtils.java:logGet(46)) - raft.server.log.appender.buffer.byte-limit = 33554432 (custom)
2023-09-07 04:51:47,802 [1ddc0cd2-9f64-4abc-9646-a27e7b7d0879-groupManagement] INFO  segmented.SegmentedRaftLogWorker (SegmentedRaftLogWorker.java:<init>(188)) - new 1ddc0cd2-9f64-4abc-9646-a27e7b7d0879@group-14F5B8938CFB-SegmentedRaftLogWorker for RaftStorageImpl:Storage Directory /home/runner/work/ozone/ozone/hadoop-ozone/integration-test/target/test-dir/MiniOzoneClusterImpl-a35962c9-a2fc-4df3-96cb-042236c47d51/datanode-2/data/ratis/46f797af-66a6-422c-8dfc-14f5b8938cfb
2023-09-07 04:51:47,803 [1ddc0cd2-9f64-4abc-9646-a27e7b7d0879-groupManagement] INFO  server.RaftServerConfigKeys (ConfUtils.java:logGet(46)) - raft.server.log.queue.byte-limit = 4294967296 (custom)
2023-09-07 04:51:47,803 [1ddc0cd2-9f64-4abc-9646-a27e7b7d0879-groupManagement] INFO  server.RaftServerConfigKeys (ConfUtils.java:logGet(46)) - raft.server.log.queue.element-limit = 1024 (custom)
2023-09-07 04:51:47,803 [1ddc0cd2-9f64-4abc-9646-a27e7b7d0879-groupManagement] INFO  server.RaftServerConfigKeys (ConfUtils.java:logGet(46)) - raft.server.log.segment.size.max = 1048576 (custom)
2023-09-07 04:51:47,803 [1ddc0cd2-9f64-4abc-9646-a27e7b7d0879-groupManagement] INFO  server.RaftServerConfigKeys (ConfUtils.java:logGet(46)) - raft.server.log.preallocated.size = 16384 (custom)
2023-09-07 04:51:47,803 [1ddc0cd2-9f64-4abc-9646-a27e7b7d0879-groupManagement] INFO  server.RaftServerConfigKeys (ConfUtils.java:logGet(46)) - raft.server.log.force.sync.num = 128 (default)
2023-09-07 04:51:47,803 [1ddc0cd2-9f64-4abc-9646-a27e7b7d0879-groupManagement] INFO  server.RaftServerConfigKeys (ConfUtils.java:logGet(46)) - raft.server.log.statemachine.data.sync = true (default)
2023-09-07 04:51:47,803 [1ddc0cd2-9f64-4abc-9646-a27e7b7d0879-groupManagement] INFO  server.RaftServerConfigKeys (ConfUtils.java:logGet(46)) - raft.server.log.statemachine.data.sync.timeout = 10s (default)
2023-09-07 04:51:47,803 [1ddc0cd2-9f64-4abc-9646-a27e7b7d0879-groupManagement] INFO  server.RaftServerConfigKeys (ConfUtils.java:logGet(46)) - raft.server.log.statemachine.data.sync.timeout.retry = -1 (default)
2023-09-07 04:51:47,804 [1ddc0cd2-9f64-4abc-9646-a27e7b7d0879-groupManagement] INFO  server.RaftServerConfigKeys (ConfUtils.java:logGet(46)) - raft.server.log.write.buffer.size = 1048576 (custom)
2023-09-07 04:51:47,804 [1ddc0cd2-9f64-4abc-9646-a27e7b7d0879-groupManagement] INFO  server.RaftServerConfigKeys (ConfUtils.java:logGet(46)) - raft.server.log.appender.buffer.byte-limit = 33554432 (custom)
2023-09-07 04:51:47,890 [1ddc0cd2-9f64-4abc-9646-a27e7b7d0879-groupManagement] INFO  server.RaftServerConfigKeys (ConfUtils.java:logGet(46)) - raft.server.log.unsafe-flush.enabled = false (default)
2023-09-07 04:51:47,890 [1ddc0cd2-9f64-4abc-9646-a27e7b7d0879-groupManagement] INFO  server.RaftServerConfigKeys (ConfUtils.java:logGet(46)) - raft.server.log.async-flush.enabled = false (default)
2023-09-07 04:51:47,890 [1ddc0cd2-9f64-4abc-9646-a27e7b7d0879-groupManagement] INFO  server.RaftServerConfigKeys (ConfUtils.java:logGet(46)) - raft.server.log.statemachine.data.caching.enabled = true (custom)
2023-09-07 04:51:47,893 [1ddc0cd2-9f64-4abc-9646-a27e7b7d0879-groupManagement] INFO  segmented.SegmentedRaftLogWorker (SegmentedRaftLogWorker.java:lambda$new$0(135)) - 1ddc0cd2-9f64-4abc-9646-a27e7b7d0879@group-14F5B8938CFB-SegmentedRaftLogWorker: flushIndex: setUnconditionally 0 -> -1
2023-09-07 04:51:47,893 [1ddc0cd2-9f64-4abc-9646-a27e7b7d0879-groupManagement] INFO  segmented.SegmentedRaftLogWorker (SegmentedRaftLogWorker.java:lambda$new$0(135)) - 1ddc0cd2-9f64-4abc-9646-a27e7b7d0879@group-14F5B8938CFB-SegmentedRaftLogWorker: safeCacheEvictIndex: setUnconditionally 0 -> -1
2023-09-07 04:51:47,895 [1ddc0cd2-9f64-4abc-9646-a27e7b7d0879-groupManagement] INFO  server.RaftServer$Division (RaftServerImpl.java:start(342)) - 1ddc0cd2-9f64-4abc-9646-a27e7b7d0879@group-14F5B8938CFB: start as a follower, conf=-1: peers:[7d658909-36a6-44f1-ac1a-09761b608691|rpc:10.1.0.9:15120|admin:10.1.0.9:15119|client:10.1.0.9:15118|dataStream:10.1.0.9:15121|priority:1|startupRole:FOLLOWER, 9c9ba13f-6dd0-460e-ac54-999c1aa3e7ed|rpc:10.1.0.9:15129|admin:10.1.0.9:15128|client:10.1.0.9:15127|dataStream:10.1.0.9:15130|priority:0|startupRole:FOLLOWER, 1ddc0cd2-9f64-4abc-9646-a27e7b7d0879|rpc:10.1.0.9:15138|admin:10.1.0.9:15137|client:10.1.0.9:15136|dataStream:10.1.0.9:15139|priority:0|startupRole:FOLLOWER]|listeners:[], old=null
2023-09-07 04:51:47,895 [1ddc0cd2-9f64-4abc-9646-a27e7b7d0879-groupManagement] INFO  server.RaftServer$Division (RaftServerImpl.java:setRole(329)) - 1ddc0cd2-9f64-4abc-9646-a27e7b7d0879@group-14F5B8938CFB: changes role from      null to FOLLOWER at term 0 for startAsFollower
2023-09-07 04:51:47,895 [1ddc0cd2-9f64-4abc-9646-a27e7b7d0879-groupManagement] INFO  impl.RoleInfo (RoleInfo.java:updateAndGet(139)) - 1ddc0cd2-9f64-4abc-9646-a27e7b7d0879: start 1ddc0cd2-9f64-4abc-9646-a27e7b7d0879@group-14F5B8938CFB-FollowerState
2023-09-07 04:51:47,896 [1ddc0cd2-9f64-4abc-9646-a27e7b7d0879-groupManagement] INFO  util.JmxRegister (JmxRegister.java:tryRegister(44)) - Successfully registered JMX Bean with object name Ratis:service=RaftServer,group=group-14F5B8938CFB,id=1ddc0cd2-9f64-4abc-9646-a27e7b7d0879
2023-09-07 04:51:47,896 [1ddc0cd2-9f64-4abc-9646-a27e7b7d0879-groupManagement] INFO  server.RaftServerConfigKeys (ConfUtils.java:logGet(46)) - raft.server.snapshot.auto.trigger.enabled = true (custom)
2023-09-07 04:51:47,896 [1ddc0cd2-9f64-4abc-9646-a27e7b7d0879-groupManagement] INFO  server.RaftServerConfigKeys (ConfUtils.java:logGet(46)) - raft.server.snapshot.auto.trigger.threshold = 10000 (custom)
2023-09-07 04:51:47,896 [1ddc0cd2-9f64-4abc-9646-a27e7b7d0879-groupManagement] INFO  server.RaftServerConfigKeys (ConfUtils.java:logGet(46)) - raft.server.snapshot.retention.file.num = 5 (custom)
2023-09-07 04:51:47,896 [1ddc0cd2-9f64-4abc-9646-a27e7b7d0879-groupManagement] INFO  server.RaftServerConfigKeys (ConfUtils.java:logGet(46)) - raft.server.log.purge.upto.snapshot.index = false (default)
2023-09-07 04:51:47,898 [1ddc0cd2-9f64-4abc-9646-a27e7b7d0879@group-14F5B8938CFB-FollowerState] INFO  server.RaftServerConfigKeys (ConfUtils.java:logFallback(53)) - raft.server.rpc.first-election.timeout.min = 5s (fallback to raft.server.rpc.timeout.min)
2023-09-07 04:51:47,898 [1ddc0cd2-9f64-4abc-9646-a27e7b7d0879@group-14F5B8938CFB-FollowerState] INFO  server.RaftServerConfigKeys (ConfUtils.java:logFallback(53)) - raft.server.rpc.first-election.timeout.max = 5200ms (fallback to raft.server.rpc.timeout.max)
2023-09-07 04:51:47,939 [grpc-default-executor-0] INFO  server.RaftServer (RaftServerProxy.java:addNew(98)) - 9c9ba13f-6dd0-460e-ac54-999c1aa3e7ed: addNew group-14F5B8938CFB:[7d658909-36a6-44f1-ac1a-09761b608691|rpc:10.1.0.9:15120|admin:10.1.0.9:15119|client:10.1.0.9:15118|dataStream:10.1.0.9:15121|priority:1|startupRole:FOLLOWER, 9c9ba13f-6dd0-460e-ac54-999c1aa3e7ed|rpc:10.1.0.9:15129|admin:10.1.0.9:15128|client:10.1.0.9:15127|dataStream:10.1.0.9:15130|priority:0|startupRole:FOLLOWER, 1ddc0cd2-9f64-4abc-9646-a27e7b7d0879|rpc:10.1.0.9:15138|admin:10.1.0.9:15137|client:10.1.0.9:15136|dataStream:10.1.0.9:15139|priority:0|startupRole:FOLLOWER] returns group-14F5B8938CFB:java.util.concurrent.CompletableFuture@7404e0d3[Not completed]
2023-09-07 04:51:47,947 [9c9ba13f-6dd0-460e-ac54-999c1aa3e7ed-groupManagement] INFO  server.RaftServer$Division (RaftServerImpl.java:<init>(198)) - 9c9ba13f-6dd0-460e-ac54-999c1aa3e7ed: new RaftServerImpl for group-14F5B8938CFB:[7d658909-36a6-44f1-ac1a-09761b608691|rpc:10.1.0.9:15120|admin:10.1.0.9:15119|client:10.1.0.9:15118|dataStream:10.1.0.9:15121|priority:1|startupRole:FOLLOWER, 9c9ba13f-6dd0-460e-ac54-999c1aa3e7ed|rpc:10.1.0.9:15129|admin:10.1.0.9:15128|client:10.1.0.9:15127|dataStream:10.1.0.9:15130|priority:0|startupRole:FOLLOWER, 1ddc0cd2-9f64-4abc-9646-a27e7b7d0879|rpc:10.1.0.9:15138|admin:10.1.0.9:15137|client:10.1.0.9:15136|dataStream:10.1.0.9:15139|priority:0|startupRole:FOLLOWER] with ContainerStateMachine:uninitialized
2023-09-07 04:51:47,947 [9c9ba13f-6dd0-460e-ac54-999c1aa3e7ed-groupManagement] INFO  server.RaftServerConfigKeys (ConfUtils.java:logGet(46)) - raft.server.rpc.timeout.min = 5s (custom)
2023-09-07 04:51:47,947 [9c9ba13f-6dd0-460e-ac54-999c1aa3e7ed-groupManagement] INFO  server.RaftServerConfigKeys (ConfUtils.java:logGet(46)) - raft.server.rpc.timeout.max = 5200ms (custom)
2023-09-07 04:51:47,947 [9c9ba13f-6dd0-460e-ac54-999c1aa3e7ed-groupManagement] INFO  server.RaftServerConfigKeys (ConfUtils.java:logGet(46)) - raft.server.rpc.sleep.time = 25ms (default)
2023-09-07 04:51:47,948 [9c9ba13f-6dd0-460e-ac54-999c1aa3e7ed-groupManagement] INFO  server.RaftServerConfigKeys (ConfUtils.java:logGet(46)) - raft.server.rpc.slowness.timeout = 300s (custom)
2023-09-07 04:51:47,948 [9c9ba13f-6dd0-460e-ac54-999c1aa3e7ed-groupManagement] INFO  server.RaftServerConfigKeys (ConfUtils.java:logGet(46)) - raft.server.leaderelection.leader.step-down.wait-time = 10s (default)
2023-09-07 04:51:47,948 [9c9ba13f-6dd0-460e-ac54-999c1aa3e7ed-groupManagement] INFO  server.RaftServerConfigKeys (ConfUtils.java:logGet(46)) - raft.server.sleep.deviation.threshold = 300ms (default)
2023-09-07 04:51:47,948 [9c9ba13f-6dd0-460e-ac54-999c1aa3e7ed-groupManagement] INFO  server.RaftServer$Division (ServerState.java:<init>(120)) - 9c9ba13f-6dd0-460e-ac54-999c1aa3e7ed@group-14F5B8938CFB: ConfigurationManager, init=-1: peers:[7d658909-36a6-44f1-ac1a-09761b608691|rpc:10.1.0.9:15120|admin:10.1.0.9:15119|client:10.1.0.9:15118|dataStream:10.1.0.9:15121|priority:1|startupRole:FOLLOWER, 9c9ba13f-6dd0-460e-ac54-999c1aa3e7ed|rpc:10.1.0.9:15129|admin:10.1.0.9:15128|client:10.1.0.9:15127|dataStream:10.1.0.9:15130|priority:0|startupRole:FOLLOWER, 1ddc0cd2-9f64-4abc-9646-a27e7b7d0879|rpc:10.1.0.9:15138|admin:10.1.0.9:15137|client:10.1.0.9:15136|dataStream:10.1.0.9:15139|priority:0|startupRole:FOLLOWER]|listeners:[], old=null, confs=<EMPTY_MAP>
2023-09-07 04:51:47,948 [9c9ba13f-6dd0-460e-ac54-999c1aa3e7ed-groupManagement] INFO  server.RaftServerConfigKeys (ConfUtils.java:logGet(46)) - raft.server.storage.dir = [/home/runner/work/ozone/ozone/hadoop-ozone/integration-test/target/test-dir/MiniOzoneClusterImpl-a35962c9-a2fc-4df3-96cb-042236c47d51/datanode-1/data/ratis] (custom)
2023-09-07 04:51:47,948 [9c9ba13f-6dd0-460e-ac54-999c1aa3e7ed-groupManagement] INFO  server.RaftServerConfigKeys (ConfUtils.java:logGet(46)) - raft.server.log.corruption.policy = EXCEPTION (default)
2023-09-07 04:51:47,948 [9c9ba13f-6dd0-460e-ac54-999c1aa3e7ed-groupManagement] INFO  server.RaftServerConfigKeys (ConfUtils.java:logGet(46)) - raft.server.storage.free-space.min = 0MB (=0) (default)
2023-09-07 04:51:47,948 [9c9ba13f-6dd0-460e-ac54-999c1aa3e7ed-groupManagement] INFO  server.RaftServerConfigKeys (ConfUtils.java:logGet(46)) - raft.server.notification.no-leader.timeout = 300s (custom)
2023-09-07 04:51:47,948 [9c9ba13f-6dd0-460e-ac54-999c1aa3e7ed-groupManagement] INFO  server.RaftServerConfigKeys (ConfUtils.java:logGet(46)) - raft.server.read.timeout = 10s (default)
2023-09-07 04:51:47,948 [9c9ba13f-6dd0-460e-ac54-999c1aa3e7ed-groupManagement] INFO  server.RaftServerConfigKeys (ConfUtils.java:logGet(46)) - raft.server.retrycache.expirytime = 600000ms (custom)
2023-09-07 04:51:47,948 [9c9ba13f-6dd0-460e-ac54-999c1aa3e7ed-groupManagement] INFO  server.RaftServerConfigKeys (ConfUtils.java:logGet(46)) - raft.server.retrycache.statistics.expirytime = 100μs (default)
2023-09-07 04:51:47,949 [9c9ba13f-6dd0-460e-ac54-999c1aa3e7ed-groupManagement] INFO  server.RaftServerConfigKeys (ConfUtils.java:logGet(46)) - raft.server.read.option = DEFAULT (default)
2023-09-07 04:51:47,955 [9c9ba13f-6dd0-460e-ac54-999c1aa3e7ed-groupManagement] INFO  server.RaftServerConfigKeys (ConfUtils.java:logGet(46)) - raft.server.rpc.request.timeout = 60s (custom)
2023-09-07 04:51:47,955 [9c9ba13f-6dd0-460e-ac54-999c1aa3e7ed-groupManagement] INFO  server.RaftServerConfigKeys (ConfUtils.java:logGet(46)) - raft.server.log.appender.install.snapshot.enabled = false (custom)
2023-09-07 04:51:47,955 [9c9ba13f-6dd0-460e-ac54-999c1aa3e7ed-groupManagement] INFO  server.RaftServerConfigKeys (ConfUtils.java:logGet(46)) - raft.server.threadpool.server.cached = true (default)
2023-09-07 04:51:47,955 [9c9ba13f-6dd0-460e-ac54-999c1aa3e7ed-groupManagement] INFO  server.RaftServerConfigKeys (ConfUtils.java:logGet(46)) - raft.server.threadpool.server.size = 0 (default)
2023-09-07 04:51:47,955 [9c9ba13f-6dd0-460e-ac54-999c1aa3e7ed-groupManagement] INFO  server.RaftServerConfigKeys (ConfUtils.java:logGet(46)) - raft.server.threadpool.client.cached = true (default)
2023-09-07 04:51:47,955 [9c9ba13f-6dd0-460e-ac54-999c1aa3e7ed-groupManagement] INFO  server.RaftServerConfigKeys (ConfUtils.java:logGet(46)) - raft.server.threadpool.client.size = 0 (default)
2023-09-07 04:51:47,955 [9c9ba13f-6dd0-460e-ac54-999c1aa3e7ed-groupManagement] INFO  storage.RaftStorageDirectory (RaftStorageDirectoryImpl.java:analyzeStorage(137)) - The storage directory /home/runner/work/ozone/ozone/hadoop-ozone/integration-test/target/test-dir/MiniOzoneClusterImpl-a35962c9-a2fc-4df3-96cb-042236c47d51/datanode-1/data/ratis/46f797af-66a6-422c-8dfc-14f5b8938cfb does not exist. Creating ...
2023-09-07 04:51:47,957 [9c9ba13f-6dd0-460e-ac54-999c1aa3e7ed-groupManagement] INFO  storage.RaftStorageDirectory (RaftStorageDirectoryImpl.java:tryLock(231)) - Lock on /home/runner/work/ozone/ozone/hadoop-ozone/integration-test/target/test-dir/MiniOzoneClusterImpl-a35962c9-a2fc-4df3-96cb-042236c47d51/datanode-1/data/ratis/46f797af-66a6-422c-8dfc-14f5b8938cfb/in_use.lock acquired by nodename 7593@fv-az163-854
2023-09-07 04:51:47,959 [9c9ba13f-6dd0-460e-ac54-999c1aa3e7ed-groupManagement] INFO  storage.RaftStorage (RaftStorageImpl.java:format(96)) - Storage directory /home/runner/work/ozone/ozone/hadoop-ozone/integration-test/target/test-dir/MiniOzoneClusterImpl-a35962c9-a2fc-4df3-96cb-042236c47d51/datanode-1/data/ratis/46f797af-66a6-422c-8dfc-14f5b8938cfb has been successfully formatted.
2023-09-07 04:51:47,961 [9c9ba13f-6dd0-460e-ac54-999c1aa3e7ed-groupManagement] INFO  ratis.ContainerStateMachine (ContainerStateMachine.java:loadSnapshot(262)) - group-14F5B8938CFB: The snapshot info is null. Setting the last applied indexto:(t:0, i:~)
2023-09-07 04:51:47,961 [9c9ba13f-6dd0-460e-ac54-999c1aa3e7ed-groupManagement] INFO  server.RaftServerConfigKeys (ConfUtils.java:logGet(46)) - raft.server.log.use.memory = false (default)
2023-09-07 04:51:47,962 [9c9ba13f-6dd0-460e-ac54-999c1aa3e7ed-groupManagement] INFO  server.RaftServerConfigKeys (ConfUtils.java:logGet(46)) - raft.server.log.purge.gap = 1000000 (custom)
2023-09-07 04:51:47,962 [9c9ba13f-6dd0-460e-ac54-999c1aa3e7ed-groupManagement] INFO  server.RaftServerConfigKeys (ConfUtils.java:logGet(46)) - raft.server.log.appender.buffer.byte-limit = 33554432 (custom)
2023-09-07 04:51:47,962 [9c9ba13f-6dd0-460e-ac54-999c1aa3e7ed-groupManagement] INFO  server.RaftServerConfigKeys (ConfUtils.java:logGet(46)) - raft.server.log.statemachine.data.read.timeout = 1000ms (default)
2023-09-07 04:51:47,962 [9c9ba13f-6dd0-460e-ac54-999c1aa3e7ed-groupManagement] INFO  server.RaftServerConfigKeys (ConfUtils.java:logGet(46)) - raft.server.log.purge.preservation.log.num = 0 (default)
2023-09-07 04:51:47,962 [9c9ba13f-6dd0-460e-ac54-999c1aa3e7ed-groupManagement] INFO  server.RaftServerConfigKeys (ConfUtils.java:logGet(46)) - raft.server.log.segment.size.max = 1048576 (custom)
2023-09-07 04:51:47,962 [9c9ba13f-6dd0-460e-ac54-999c1aa3e7ed-groupManagement] INFO  server.RaftServerConfigKeys (ConfUtils.java:logGet(46)) - raft.server.log.segment.cache.num.max = 2 (custom)
2023-09-07 04:51:47,962 [9c9ba13f-6dd0-460e-ac54-999c1aa3e7ed-groupManagement] INFO  server.RaftServerConfigKeys (ConfUtils.java:logGet(46)) - raft.server.log.segment.cache.size.max = 200MB (=209715200) (default)
2023-09-07 04:51:47,962 [9c9ba13f-6dd0-460e-ac54-999c1aa3e7ed-groupManagement] INFO  server.RaftServerConfigKeys (ConfUtils.java:logGet(46)) - raft.server.log.appender.buffer.byte-limit = 33554432 (custom)
2023-09-07 04:51:47,963 [9c9ba13f-6dd0-460e-ac54-999c1aa3e7ed-groupManagement] INFO  segmented.SegmentedRaftLogWorker (SegmentedRaftLogWorker.java:<init>(188)) - new 9c9ba13f-6dd0-460e-ac54-999c1aa3e7ed@group-14F5B8938CFB-SegmentedRaftLogWorker for RaftStorageImpl:Storage Directory /home/runner/work/ozone/ozone/hadoop-ozone/integration-test/target/test-dir/MiniOzoneClusterImpl-a35962c9-a2fc-4df3-96cb-042236c47d51/datanode-1/data/ratis/46f797af-66a6-422c-8dfc-14f5b8938cfb
2023-09-07 04:51:47,963 [9c9ba13f-6dd0-460e-ac54-999c1aa3e7ed-groupManagement] INFO  server.RaftServerConfigKeys (ConfUtils.java:logGet(46)) - raft.server.log.queue.byte-limit = 4294967296 (custom)
2023-09-07 04:51:47,963 [9c9ba13f-6dd0-460e-ac54-999c1aa3e7ed-groupManagement] INFO  server.RaftServerConfigKeys (ConfUtils.java:logGet(46)) - raft.server.log.queue.element-limit = 1024 (custom)
2023-09-07 04:51:47,963 [9c9ba13f-6dd0-460e-ac54-999c1aa3e7ed-groupManagement] INFO  server.RaftServerConfigKeys (ConfUtils.java:logGet(46)) - raft.server.log.segment.size.max = 1048576 (custom)
2023-09-07 04:51:47,963 [9c9ba13f-6dd0-460e-ac54-999c1aa3e7ed-groupManagement] INFO  server.RaftServerConfigKeys (ConfUtils.java:logGet(46)) - raft.server.log.preallocated.size = 16384 (custom)
2023-09-07 04:51:47,963 [9c9ba13f-6dd0-460e-ac54-999c1aa3e7ed-groupManagement] INFO  server.RaftServerConfigKeys (ConfUtils.java:logGet(46)) - raft.server.log.force.sync.num = 128 (default)
2023-09-07 04:51:47,963 [9c9ba13f-6dd0-460e-ac54-999c1aa3e7ed-groupManagement] INFO  server.RaftServerConfigKeys (ConfUtils.java:logGet(46)) - raft.server.log.statemachine.data.sync = true (default)
2023-09-07 04:51:47,963 [9c9ba13f-6dd0-460e-ac54-999c1aa3e7ed-groupManagement] INFO  server.RaftServerConfigKeys (ConfUtils.java:logGet(46)) - raft.server.log.statemachine.data.sync.timeout = 10s (default)
2023-09-07 04:51:47,963 [9c9ba13f-6dd0-460e-ac54-999c1aa3e7ed-groupManagement] INFO  server.RaftServerConfigKeys (ConfUtils.java:logGet(46)) - raft.server.log.statemachine.data.sync.timeout.retry = -1 (default)
2023-09-07 04:51:47,964 [9c9ba13f-6dd0-460e-ac54-999c1aa3e7ed-groupManagement] INFO  server.RaftServerConfigKeys (ConfUtils.java:logGet(46)) - raft.server.log.write.buffer.size = 1048576 (custom)
2023-09-07 04:51:47,967 [9c9ba13f-6dd0-460e-ac54-999c1aa3e7ed-groupManagement] INFO  server.RaftServerConfigKeys (ConfUtils.java:logGet(46)) - raft.server.log.appender.buffer.byte-limit = 33554432 (custom)
2023-09-07 04:51:47,974 [9c9ba13f-6dd0-460e-ac54-999c1aa3e7ed-groupManagement] INFO  server.RaftServerConfigKeys (ConfUtils.java:logGet(46)) - raft.server.log.unsafe-flush.enabled = false (default)
2023-09-07 04:51:47,974 [9c9ba13f-6dd0-460e-ac54-999c1aa3e7ed-groupManagement] INFO  server.RaftServerConfigKeys (ConfUtils.java:logGet(46)) - raft.server.log.async-flush.enabled = false (default)
2023-09-07 04:51:47,974 [9c9ba13f-6dd0-460e-ac54-999c1aa3e7ed-groupManagement] INFO  server.RaftServerConfigKeys (ConfUtils.java:logGet(46)) - raft.server.log.statemachine.data.caching.enabled = true (custom)
2023-09-07 04:51:47,975 [9c9ba13f-6dd0-460e-ac54-999c1aa3e7ed-groupManagement] INFO  segmented.SegmentedRaftLogWorker (SegmentedRaftLogWorker.java:lambda$new$0(135)) - 9c9ba13f-6dd0-460e-ac54-999c1aa3e7ed@group-14F5B8938CFB-SegmentedRaftLogWorker: flushIndex: setUnconditionally 0 -> -1
2023-09-07 04:51:47,975 [9c9ba13f-6dd0-460e-ac54-999c1aa3e7ed-groupManagement] INFO  segmented.SegmentedRaftLogWorker (SegmentedRaftLogWorker.java:lambda$new$0(135)) - 9c9ba13f-6dd0-460e-ac54-999c1aa3e7ed@group-14F5B8938CFB-SegmentedRaftLogWorker: safeCacheEvictIndex: setUnconditionally 0 -> -1
2023-09-07 04:51:47,975 [9c9ba13f-6dd0-460e-ac54-999c1aa3e7ed-groupManagement] INFO  server.RaftServer$Division (RaftServerImpl.java:start(342)) - 9c9ba13f-6dd0-460e-ac54-999c1aa3e7ed@group-14F5B8938CFB: start as a follower, conf=-1: peers:[7d658909-36a6-44f1-ac1a-09761b608691|rpc:10.1.0.9:15120|admin:10.1.0.9:15119|client:10.1.0.9:15118|dataStream:10.1.0.9:15121|priority:1|startupRole:FOLLOWER, 9c9ba13f-6dd0-460e-ac54-999c1aa3e7ed|rpc:10.1.0.9:15129|admin:10.1.0.9:15128|client:10.1.0.9:15127|dataStream:10.1.0.9:15130|priority:0|startupRole:FOLLOWER, 1ddc0cd2-9f64-4abc-9646-a27e7b7d0879|rpc:10.1.0.9:15138|admin:10.1.0.9:15137|client:10.1.0.9:15136|dataStream:10.1.0.9:15139|priority:0|startupRole:FOLLOWER]|listeners:[], old=null
2023-09-07 04:51:47,975 [9c9ba13f-6dd0-460e-ac54-999c1aa3e7ed-groupManagement] INFO  server.RaftServer$Division (RaftServerImpl.java:setRole(329)) - 9c9ba13f-6dd0-460e-ac54-999c1aa3e7ed@group-14F5B8938CFB: changes role from      null to FOLLOWER at term 0 for startAsFollower
2023-09-07 04:51:47,975 [9c9ba13f-6dd0-460e-ac54-999c1aa3e7ed-groupManagement] INFO  impl.RoleInfo (RoleInfo.java:updateAndGet(139)) - 9c9ba13f-6dd0-460e-ac54-999c1aa3e7ed: start 9c9ba13f-6dd0-460e-ac54-999c1aa3e7ed@group-14F5B8938CFB-FollowerState
2023-09-07 04:51:47,978 [9c9ba13f-6dd0-460e-ac54-999c1aa3e7ed-groupManagement] INFO  util.JmxRegister (JmxRegister.java:tryRegister(44)) - Successfully registered JMX Bean with object name Ratis:service=RaftServer,group=group-14F5B8938CFB,id=9c9ba13f-6dd0-460e-ac54-999c1aa3e7ed
2023-09-07 04:51:47,978 [9c9ba13f-6dd0-460e-ac54-999c1aa3e7ed-groupManagement] INFO  server.RaftServerConfigKeys (ConfUtils.java:logGet(46)) - raft.server.snapshot.auto.trigger.enabled = true (custom)
2023-09-07 04:51:47,978 [9c9ba13f-6dd0-460e-ac54-999c1aa3e7ed-groupManagement] INFO  server.RaftServerConfigKeys (ConfUtils.java:logGet(46)) - raft.server.snapshot.auto.trigger.threshold = 10000 (custom)
2023-09-07 04:51:47,978 [9c9ba13f-6dd0-460e-ac54-999c1aa3e7ed-groupManagement] INFO  server.RaftServerConfigKeys (ConfUtils.java:logGet(46)) - raft.server.snapshot.retention.file.num = 5 (custom)
2023-09-07 04:51:47,978 [9c9ba13f-6dd0-460e-ac54-999c1aa3e7ed-groupManagement] INFO  server.RaftServerConfigKeys (ConfUtils.java:logGet(46)) - raft.server.log.purge.upto.snapshot.index = false (default)
2023-09-07 04:51:47,979 [9c9ba13f-6dd0-460e-ac54-999c1aa3e7ed@group-14F5B8938CFB-FollowerState] INFO  server.RaftServerConfigKeys (ConfUtils.java:logFallback(53)) - raft.server.rpc.first-election.timeout.min = 5s (fallback to raft.server.rpc.timeout.min)
2023-09-07 04:51:47,979 [9c9ba13f-6dd0-460e-ac54-999c1aa3e7ed@group-14F5B8938CFB-FollowerState] INFO  server.RaftServerConfigKeys (ConfUtils.java:logFallback(53)) - raft.server.rpc.first-election.timeout.max = 5200ms (fallback to raft.server.rpc.timeout.max)
2023-09-07 04:51:47,993 [PipelineCommandHandlerThread-0] INFO  commandhandler.CreatePipelineCommandHandler (CreatePipelineCommandHandler.java:lambda$handle$2(124)) - Created Pipeline RATIS THREE PipelineID=46f797af-66a6-422c-8dfc-14f5b8938cfb.
2023-09-07 04:51:47,993 [PipelineCommandHandlerThread-0] INFO  server.RaftServer (RaftServerProxy.java:addNew(98)) - 7d658909-36a6-44f1-ac1a-09761b608691: addNew group-41019568F4E6:[7d658909-36a6-44f1-ac1a-09761b608691|rpc:10.1.0.9:15120|admin:10.1.0.9:15119|client:10.1.0.9:15118|dataStream:10.1.0.9:15121|priority:0|startupRole:FOLLOWER, 9c9ba13f-6dd0-460e-ac54-999c1aa3e7ed|rpc:10.1.0.9:15129|admin:10.1.0.9:15128|client:10.1.0.9:15127|dataStream:10.1.0.9:15130|priority:0|startupRole:FOLLOWER, 1ddc0cd2-9f64-4abc-9646-a27e7b7d0879|rpc:10.1.0.9:15138|admin:10.1.0.9:15137|client:10.1.0.9:15136|dataStream:10.1.0.9:15139|priority:1|startupRole:FOLLOWER] returns group-41019568F4E6:java.util.concurrent.CompletableFuture@632cfaf0[Not completed]
2023-09-07 04:51:47,994 [7d658909-36a6-44f1-ac1a-09761b608691-groupManagement] INFO  server.RaftServer$Division (RaftServerImpl.java:<init>(198)) - 7d658909-36a6-44f1-ac1a-09761b608691: new RaftServerImpl for group-41019568F4E6:[7d658909-36a6-44f1-ac1a-09761b608691|rpc:10.1.0.9:15120|admin:10.1.0.9:15119|client:10.1.0.9:15118|dataStream:10.1.0.9:15121|priority:0|startupRole:FOLLOWER, 9c9ba13f-6dd0-460e-ac54-999c1aa3e7ed|rpc:10.1.0.9:15129|admin:10.1.0.9:15128|client:10.1.0.9:15127|dataStream:10.1.0.9:15130|priority:0|startupRole:FOLLOWER, 1ddc0cd2-9f64-4abc-9646-a27e7b7d0879|rpc:10.1.0.9:15138|admin:10.1.0.9:15137|client:10.1.0.9:15136|dataStream:10.1.0.9:15139|priority:1|startupRole:FOLLOWER] with ContainerStateMachine:uninitialized
2023-09-07 04:51:47,994 [7d658909-36a6-44f1-ac1a-09761b608691-groupManagement] INFO  server.RaftServerConfigKeys (ConfUtils.java:logGet(46)) - raft.server.rpc.timeout.min = 5s (custom)
2023-09-07 04:51:47,994 [7d658909-36a6-44f1-ac1a-09761b608691-groupManagement] INFO  server.RaftServerConfigKeys (ConfUtils.java:logGet(46)) - raft.server.rpc.timeout.max = 5200ms (custom)
2023-09-07 04:51:47,994 [7d658909-36a6-44f1-ac1a-09761b608691-groupManagement] INFO  server.RaftServerConfigKeys (ConfUtils.java:logGet(46)) - raft.server.rpc.sleep.time = 25ms (default)
2023-09-07 04:51:47,994 [7d658909-36a6-44f1-ac1a-09761b608691-groupManagement] INFO  server.RaftServerConfigKeys (ConfUtils.java:logGet(46)) - raft.server.rpc.slowness.timeout = 300s (custom)
2023-09-07 04:51:47,994 [7d658909-36a6-44f1-ac1a-09761b608691-groupManagement] INFO  server.RaftServerConfigKeys (ConfUtils.java:logGet(46)) - raft.server.leaderelection.leader.step-down.wait-time = 10s (default)
2023-09-07 04:51:47,994 [7d658909-36a6-44f1-ac1a-09761b608691-groupManagement] INFO  server.RaftServerConfigKeys (ConfUtils.java:logGet(46)) - raft.server.sleep.deviation.threshold = 300ms (default)
2023-09-07 04:51:47,995 [7d658909-36a6-44f1-ac1a-09761b608691-groupManagement] INFO  server.RaftServer$Division (ServerState.java:<init>(120)) - 7d658909-36a6-44f1-ac1a-09761b608691@group-41019568F4E6: ConfigurationManager, init=-1: peers:[7d658909-36a6-44f1-ac1a-09761b608691|rpc:10.1.0.9:15120|admin:10.1.0.9:15119|client:10.1.0.9:15118|dataStream:10.1.0.9:15121|priority:0|startupRole:FOLLOWER, 9c9ba13f-6dd0-460e-ac54-999c1aa3e7ed|rpc:10.1.0.9:15129|admin:10.1.0.9:15128|client:10.1.0.9:15127|dataStream:10.1.0.9:15130|priority:0|startupRole:FOLLOWER, 1ddc0cd2-9f64-4abc-9646-a27e7b7d0879|rpc:10.1.0.9:15138|admin:10.1.0.9:15137|client:10.1.0.9:15136|dataStream:10.1.0.9:15139|priority:1|startupRole:FOLLOWER]|listeners:[], old=null, confs=<EMPTY_MAP>
2023-09-07 04:51:47,995 [7d658909-36a6-44f1-ac1a-09761b608691-groupManagement] INFO  server.RaftServerConfigKeys (ConfUtils.java:logGet(46)) - raft.server.storage.dir = [/home/runner/work/ozone/ozone/hadoop-ozone/integration-test/target/test-dir/MiniOzoneClusterImpl-a35962c9-a2fc-4df3-96cb-042236c47d51/datanode-0/data/ratis] (custom)
2023-09-07 04:51:47,995 [7d658909-36a6-44f1-ac1a-09761b608691-groupManagement] INFO  server.RaftServerConfigKeys (ConfUtils.java:logGet(46)) - raft.server.log.corruption.policy = EXCEPTION (default)
2023-09-07 04:51:47,995 [7d658909-36a6-44f1-ac1a-09761b608691-groupManagement] INFO  server.RaftServerConfigKeys (ConfUtils.java:logGet(46)) - raft.server.storage.free-space.min = 0MB (=0) (default)
2023-09-07 04:51:47,995 [7d658909-36a6-44f1-ac1a-09761b608691-groupManagement] INFO  server.RaftServerConfigKeys (ConfUtils.java:logGet(46)) - raft.server.notification.no-leader.timeout = 300s (custom)
2023-09-07 04:51:47,995 [7d658909-36a6-44f1-ac1a-09761b608691-groupManagement] INFO  server.RaftServerConfigKeys (ConfUtils.java:logGet(46)) - raft.server.read.timeout = 10s (default)
2023-09-07 04:51:47,995 [7d658909-36a6-44f1-ac1a-09761b608691-groupManagement] INFO  server.RaftServerConfigKeys (ConfUtils.java:logGet(46)) - raft.server.retrycache.expirytime = 600000ms (custom)
2023-09-07 04:51:47,995 [7d658909-36a6-44f1-ac1a-09761b608691-groupManagement] INFO  server.RaftServerConfigKeys (ConfUtils.java:logGet(46)) - raft.server.retrycache.statistics.expirytime = 100μs (default)
2023-09-07 04:51:47,995 [7d658909-36a6-44f1-ac1a-09761b608691-groupManagement] INFO  server.RaftServerConfigKeys (ConfUtils.java:logGet(46)) - raft.server.read.option = DEFAULT (default)
2023-09-07 04:51:47,996 [7d658909-36a6-44f1-ac1a-09761b608691-groupManagement] INFO  server.RaftServerConfigKeys (ConfUtils.java:logGet(46)) - raft.server.rpc.request.timeout = 60s (custom)
2023-09-07 04:51:47,996 [7d658909-36a6-44f1-ac1a-09761b608691-groupManagement] INFO  server.RaftServerConfigKeys (ConfUtils.java:logGet(46)) - raft.server.log.appender.install.snapshot.enabled = false (custom)
2023-09-07 04:51:47,996 [7d658909-36a6-44f1-ac1a-09761b608691-groupManagement] INFO  server.RaftServerConfigKeys (ConfUtils.java:logGet(46)) - raft.server.threadpool.server.cached = true (default)
2023-09-07 04:51:47,996 [7d658909-36a6-44f1-ac1a-09761b608691-groupManagement] INFO  server.RaftServerConfigKeys (ConfUtils.java:logGet(46)) - raft.server.threadpool.server.size = 0 (default)
2023-09-07 04:51:47,996 [7d658909-36a6-44f1-ac1a-09761b608691-groupManagement] INFO  server.RaftServerConfigKeys (ConfUtils.java:logGet(46)) - raft.server.threadpool.client.cached = true (default)
2023-09-07 04:51:47,997 [7d658909-36a6-44f1-ac1a-09761b608691-groupManagement] INFO  server.RaftServerConfigKeys (ConfUtils.java:logGet(46)) - raft.server.threadpool.client.size = 0 (default)
2023-09-07 04:51:47,997 [7d658909-36a6-44f1-ac1a-09761b608691-groupManagement] INFO  storage.RaftStorageDirectory (RaftStorageDirectoryImpl.java:analyzeStorage(137)) - The storage directory /home/runner/work/ozone/ozone/hadoop-ozone/integration-test/target/test-dir/MiniOzoneClusterImpl-a35962c9-a2fc-4df3-96cb-042236c47d51/datanode-0/data/ratis/9af03a98-57b5-4091-9be8-41019568f4e6 does not exist. Creating ...
2023-09-07 04:51:47,998 [7d658909-36a6-44f1-ac1a-09761b608691-groupManagement] INFO  storage.RaftStorageDirectory (RaftStorageDirectoryImpl.java:tryLock(231)) - Lock on /home/runner/work/ozone/ozone/hadoop-ozone/integration-test/target/test-dir/MiniOzoneClusterImpl-a35962c9-a2fc-4df3-96cb-042236c47d51/datanode-0/data/ratis/9af03a98-57b5-4091-9be8-41019568f4e6/in_use.lock acquired by nodename 7593@fv-az163-854
2023-09-07 04:51:48,000 [7d658909-36a6-44f1-ac1a-09761b608691-groupManagement] INFO  storage.RaftStorage (RaftStorageImpl.java:format(96)) - Storage directory /home/runner/work/ozone/ozone/hadoop-ozone/integration-test/target/test-dir/MiniOzoneClusterImpl-a35962c9-a2fc-4df3-96cb-042236c47d51/datanode-0/data/ratis/9af03a98-57b5-4091-9be8-41019568f4e6 has been successfully formatted.
2023-09-07 04:51:48,000 [7d658909-36a6-44f1-ac1a-09761b608691-groupManagement] INFO  ratis.ContainerStateMachine (ContainerStateMachine.java:loadSnapshot(262)) - group-41019568F4E6: The snapshot info is null. Setting the last applied indexto:(t:0, i:~)
2023-09-07 04:51:48,001 [7d658909-36a6-44f1-ac1a-09761b608691-groupManagement] INFO  server.RaftServerConfigKeys (ConfUtils.java:logGet(46)) - raft.server.log.use.memory = false (default)
2023-09-07 04:51:48,001 [7d658909-36a6-44f1-ac1a-09761b608691-groupManagement] INFO  server.RaftServerConfigKeys (ConfUtils.java:logGet(46)) - raft.server.log.purge.gap = 1000000 (custom)
2023-09-07 04:51:48,002 [EventQueue-OpenPipelineForHealthyPipelineSafeModeRule] INFO  safemode.SCMSafeModeManager (HealthyPipelineSafeModeRule.java:process(137)) - SCM in safe mode. Healthy pipelines reported count is 0, required healthy pipeline reported count is 1
2023-09-07 04:51:48,002 [7d658909-36a6-44f1-ac1a-09761b608691-groupManagement] INFO  server.RaftServerConfigKeys (ConfUtils.java:logGet(46)) - raft.server.log.appender.buffer.byte-limit = 33554432 (custom)
2023-09-07 04:51:48,002 [7d658909-36a6-44f1-ac1a-09761b608691-groupManagement] INFO  server.RaftServerConfigKeys (ConfUtils.java:logGet(46)) - raft.server.log.statemachine.data.read.timeout = 1000ms (default)
2023-09-07 04:51:48,002 [7d658909-36a6-44f1-ac1a-09761b608691-groupManagement] INFO  server.RaftServerConfigKeys (ConfUtils.java:logGet(46)) - raft.server.log.purge.preservation.log.num = 0 (default)
2023-09-07 04:51:48,002 [7d658909-36a6-44f1-ac1a-09761b608691-groupManagement] INFO  server.RaftServerConfigKeys (ConfUtils.java:logGet(46)) - raft.server.log.segment.size.max = 1048576 (custom)
2023-09-07 04:51:48,003 [7d658909-36a6-44f1-ac1a-09761b608691-groupManagement] INFO  server.RaftServerConfigKeys (ConfUtils.java:logGet(46)) - raft.server.log.segment.cache.num.max = 2 (custom)
2023-09-07 04:51:48,003 [7d658909-36a6-44f1-ac1a-09761b608691-groupManagement] INFO  server.RaftServerConfigKeys (ConfUtils.java:logGet(46)) - raft.server.log.segment.cache.size.max = 200MB (=209715200) (default)
2023-09-07 04:51:48,003 [7d658909-36a6-44f1-ac1a-09761b608691-groupManagement] INFO  server.RaftServerConfigKeys (ConfUtils.java:logGet(46)) - raft.server.log.appender.buffer.byte-limit = 33554432 (custom)
2023-09-07 04:51:48,003 [7d658909-36a6-44f1-ac1a-09761b608691-groupManagement] INFO  segmented.SegmentedRaftLogWorker (SegmentedRaftLogWorker.java:<init>(188)) - new 7d658909-36a6-44f1-ac1a-09761b608691@group-41019568F4E6-SegmentedRaftLogWorker for RaftStorageImpl:Storage Directory /home/runner/work/ozone/ozone/hadoop-ozone/integration-test/target/test-dir/MiniOzoneClusterImpl-a35962c9-a2fc-4df3-96cb-042236c47d51/datanode-0/data/ratis/9af03a98-57b5-4091-9be8-41019568f4e6
2023-09-07 04:51:48,003 [7d658909-36a6-44f1-ac1a-09761b608691-groupManagement] INFO  server.RaftServerConfigKeys (ConfUtils.java:logGet(46)) - raft.server.log.queue.byte-limit = 4294967296 (custom)
2023-09-07 04:51:48,003 [7d658909-36a6-44f1-ac1a-09761b608691-groupManagement] INFO  server.RaftServerConfigKeys (ConfUtils.java:logGet(46)) - raft.server.log.queue.element-limit = 1024 (custom)
2023-09-07 04:51:48,003 [7d658909-36a6-44f1-ac1a-09761b608691-groupManagement] INFO  server.RaftServerConfigKeys (ConfUtils.java:logGet(46)) - raft.server.log.segment.size.max = 1048576 (custom)
2023-09-07 04:51:48,003 [7d658909-36a6-44f1-ac1a-09761b608691-groupManagement] INFO  server.RaftServerConfigKeys (ConfUtils.java:logGet(46)) - raft.server.log.preallocated.size = 16384 (custom)
2023-09-07 04:51:48,003 [7d658909-36a6-44f1-ac1a-09761b608691-groupManagement] INFO  server.RaftServerConfigKeys (ConfUtils.java:logGet(46)) - raft.server.log.force.sync.num = 128 (default)
2023-09-07 04:51:48,003 [7d658909-36a6-44f1-ac1a-09761b608691-groupManagement] INFO  server.RaftServerConfigKeys (ConfUtils.java:logGet(46)) - raft.server.log.statemachine.data.sync = true (default)
2023-09-07 04:51:48,003 [7d658909-36a6-44f1-ac1a-09761b608691-groupManagement] INFO  server.RaftServerConfigKeys (ConfUtils.java:logGet(46)) - raft.server.log.statemachine.data.sync.timeout = 10s (default)
2023-09-07 04:51:48,003 [7d658909-36a6-44f1-ac1a-09761b608691-groupManagement] INFO  server.RaftServerConfigKeys (ConfUtils.java:logGet(46)) - raft.server.log.statemachine.data.sync.timeout.retry = -1 (default)
2023-09-07 04:51:48,004 [7d658909-36a6-44f1-ac1a-09761b608691-groupManagement] INFO  server.RaftServerConfigKeys (ConfUtils.java:logGet(46)) - raft.server.log.write.buffer.size = 1048576 (custom)
2023-09-07 04:51:48,004 [7d658909-36a6-44f1-ac1a-09761b608691-groupManagement] INFO  server.RaftServerConfigKeys (ConfUtils.java:logGet(46)) - raft.server.log.appender.buffer.byte-limit = 33554432 (custom)
2023-09-07 04:51:48,011 [7d658909-36a6-44f1-ac1a-09761b608691-groupManagement] INFO  server.RaftServerConfigKeys (ConfUtils.java:logGet(46)) - raft.server.log.unsafe-flush.enabled = false (default)
2023-09-07 04:51:48,011 [7d658909-36a6-44f1-ac1a-09761b608691-groupManagement] INFO  server.RaftServerConfigKeys (ConfUtils.java:logGet(46)) - raft.server.log.async-flush.enabled = false (default)
2023-09-07 04:51:48,011 [7d658909-36a6-44f1-ac1a-09761b608691-groupManagement] INFO  server.RaftServerConfigKeys (ConfUtils.java:logGet(46)) - raft.server.log.statemachine.data.caching.enabled = true (custom)
2023-09-07 04:51:48,011 [7d658909-36a6-44f1-ac1a-09761b608691-groupManagement] INFO  segmented.SegmentedRaftLogWorker (SegmentedRaftLogWorker.java:lambda$new$0(135)) - 7d658909-36a6-44f1-ac1a-09761b608691@group-41019568F4E6-SegmentedRaftLogWorker: flushIndex: setUnconditionally 0 -> -1
2023-09-07 04:51:48,011 [7d658909-36a6-44f1-ac1a-09761b608691-groupManagement] INFO  segmented.SegmentedRaftLogWorker (SegmentedRaftLogWorker.java:lambda$new$0(135)) - 7d658909-36a6-44f1-ac1a-09761b608691@group-41019568F4E6-SegmentedRaftLogWorker: safeCacheEvictIndex: setUnconditionally 0 -> -1
2023-09-07 04:51:48,012 [7d658909-36a6-44f1-ac1a-09761b608691-groupManagement] INFO  server.RaftServer$Division (RaftServerImpl.java:start(342)) - 7d658909-36a6-44f1-ac1a-09761b608691@group-41019568F4E6: start as a follower, conf=-1: peers:[7d658909-36a6-44f1-ac1a-09761b608691|rpc:10.1.0.9:15120|admin:10.1.0.9:15119|client:10.1.0.9:15118|dataStream:10.1.0.9:15121|priority:0|startupRole:FOLLOWER, 9c9ba13f-6dd0-460e-ac54-999c1aa3e7ed|rpc:10.1.0.9:15129|admin:10.1.0.9:15128|client:10.1.0.9:15127|dataStream:10.1.0.9:15130|priority:0|startupRole:FOLLOWER, 1ddc0cd2-9f64-4abc-9646-a27e7b7d0879|rpc:10.1.0.9:15138|admin:10.1.0.9:15137|client:10.1.0.9:15136|dataStream:10.1.0.9:15139|priority:1|startupRole:FOLLOWER]|listeners:[], old=null
2023-09-07 04:51:48,012 [7d658909-36a6-44f1-ac1a-09761b608691-groupManagement] INFO  server.RaftServer$Division (RaftServerImpl.java:setRole(329)) - 7d658909-36a6-44f1-ac1a-09761b608691@group-41019568F4E6: changes role from      null to FOLLOWER at term 0 for startAsFollower
2023-09-07 04:51:48,012 [7d658909-36a6-44f1-ac1a-09761b608691-groupManagement] INFO  impl.RoleInfo (RoleInfo.java:updateAndGet(139)) - 7d658909-36a6-44f1-ac1a-09761b608691: start 7d658909-36a6-44f1-ac1a-09761b608691@group-41019568F4E6-FollowerState
2023-09-07 04:51:48,013 [7d658909-36a6-44f1-ac1a-09761b608691-groupManagement] INFO  util.JmxRegister (JmxRegister.java:tryRegister(44)) - Successfully registered JMX Bean with object name Ratis:service=RaftServer,group=group-41019568F4E6,id=7d658909-36a6-44f1-ac1a-09761b608691
2023-09-07 04:51:48,014 [7d658909-36a6-44f1-ac1a-09761b608691-groupManagement] INFO  server.RaftServerConfigKeys (ConfUtils.java:logGet(46)) - raft.server.snapshot.auto.trigger.enabled = true (custom)
2023-09-07 04:51:48,014 [7d658909-36a6-44f1-ac1a-09761b608691-groupManagement] INFO  server.RaftServerConfigKeys (ConfUtils.java:logGet(46)) - raft.server.snapshot.auto.trigger.threshold = 10000 (custom)
2023-09-07 04:51:48,014 [7d658909-36a6-44f1-ac1a-09761b608691-groupManagement] INFO  server.RaftServerConfigKeys (ConfUtils.java:logGet(46)) - raft.server.snapshot.retention.file.num = 5 (custom)
2023-09-07 04:51:48,014 [7d658909-36a6-44f1-ac1a-09761b608691-groupManagement] INFO  server.RaftServerConfigKeys (ConfUtils.java:logGet(46)) - raft.server.log.purge.upto.snapshot.index = false (default)
2023-09-07 04:51:48,014 [7d658909-36a6-44f1-ac1a-09761b608691@group-41019568F4E6-FollowerState] INFO  server.RaftServerConfigKeys (ConfUtils.java:logFallback(53)) - raft.server.rpc.first-election.timeout.min = 5s (fallback to raft.server.rpc.timeout.min)
2023-09-07 04:51:48,014 [7d658909-36a6-44f1-ac1a-09761b608691@group-41019568F4E6-FollowerState] INFO  server.RaftServerConfigKeys (ConfUtils.java:logFallback(53)) - raft.server.rpc.first-election.timeout.max = 5200ms (fallback to raft.server.rpc.timeout.max)
2023-09-07 04:51:48,015 [PipelineCommandHandlerThread-0] INFO  ratis.XceiverServerRatis (XceiverServerRatis.java:addGroup(804)) - Created group PipelineID=9af03a98-57b5-4091-9be8-41019568f4e6
2023-09-07 04:51:48,032 [grpc-default-executor-0] INFO  server.RaftServer (RaftServerProxy.java:addNew(98)) - 1ddc0cd2-9f64-4abc-9646-a27e7b7d0879: addNew group-41019568F4E6:[7d658909-36a6-44f1-ac1a-09761b608691|rpc:10.1.0.9:15120|admin:10.1.0.9:15119|client:10.1.0.9:15118|dataStream:10.1.0.9:15121|priority:0|startupRole:FOLLOWER, 9c9ba13f-6dd0-460e-ac54-999c1aa3e7ed|rpc:10.1.0.9:15129|admin:10.1.0.9:15128|client:10.1.0.9:15127|dataStream:10.1.0.9:15130|priority:0|startupRole:FOLLOWER, 1ddc0cd2-9f64-4abc-9646-a27e7b7d0879|rpc:10.1.0.9:15138|admin:10.1.0.9:15137|client:10.1.0.9:15136|dataStream:10.1.0.9:15139|priority:1|startupRole:FOLLOWER] returns group-41019568F4E6:java.util.concurrent.CompletableFuture@318cedbc[Not completed]
2023-09-07 04:51:48,033 [1ddc0cd2-9f64-4abc-9646-a27e7b7d0879-groupManagement] INFO  server.RaftServer$Division (RaftServerImpl.java:<init>(198)) - 1ddc0cd2-9f64-4abc-9646-a27e7b7d0879: new RaftServerImpl for group-41019568F4E6:[7d658909-36a6-44f1-ac1a-09761b608691|rpc:10.1.0.9:15120|admin:10.1.0.9:15119|client:10.1.0.9:15118|dataStream:10.1.0.9:15121|priority:0|startupRole:FOLLOWER, 9c9ba13f-6dd0-460e-ac54-999c1aa3e7ed|rpc:10.1.0.9:15129|admin:10.1.0.9:15128|client:10.1.0.9:15127|dataStream:10.1.0.9:15130|priority:0|startupRole:FOLLOWER, 1ddc0cd2-9f64-4abc-9646-a27e7b7d0879|rpc:10.1.0.9:15138|admin:10.1.0.9:15137|client:10.1.0.9:15136|dataStream:10.1.0.9:15139|priority:1|startupRole:FOLLOWER] with ContainerStateMachine:uninitialized
2023-09-07 04:51:48,033 [1ddc0cd2-9f64-4abc-9646-a27e7b7d0879-groupManagement] INFO  server.RaftServerConfigKeys (ConfUtils.java:logGet(46)) - raft.server.rpc.timeout.min = 5s (custom)
2023-09-07 04:51:48,034 [1ddc0cd2-9f64-4abc-9646-a27e7b7d0879-groupManagement] INFO  server.RaftServerConfigKeys (ConfUtils.java:logGet(46)) - raft.server.rpc.timeout.max = 5200ms (custom)
2023-09-07 04:51:48,034 [1ddc0cd2-9f64-4abc-9646-a27e7b7d0879-groupManagement] INFO  server.RaftServerConfigKeys (ConfUtils.java:logGet(46)) - raft.server.rpc.sleep.time = 25ms (default)
2023-09-07 04:51:48,034 [1ddc0cd2-9f64-4abc-9646-a27e7b7d0879-groupManagement] INFO  server.RaftServerConfigKeys (ConfUtils.java:logGet(46)) - raft.server.rpc.slowness.timeout = 300s (custom)
2023-09-07 04:51:48,034 [1ddc0cd2-9f64-4abc-9646-a27e7b7d0879-groupManagement] INFO  server.RaftServerConfigKeys (ConfUtils.java:logGet(46)) - raft.server.leaderelection.leader.step-down.wait-time = 10s (default)
2023-09-07 04:51:48,034 [1ddc0cd2-9f64-4abc-9646-a27e7b7d0879-groupManagement] INFO  server.RaftServerConfigKeys (ConfUtils.java:logGet(46)) - raft.server.sleep.deviation.threshold = 300ms (default)
2023-09-07 04:51:48,034 [1ddc0cd2-9f64-4abc-9646-a27e7b7d0879-groupManagement] INFO  server.RaftServer$Division (ServerState.java:<init>(120)) - 1ddc0cd2-9f64-4abc-9646-a27e7b7d0879@group-41019568F4E6: ConfigurationManager, init=-1: peers:[7d658909-36a6-44f1-ac1a-09761b608691|rpc:10.1.0.9:15120|admin:10.1.0.9:15119|client:10.1.0.9:15118|dataStream:10.1.0.9:15121|priority:0|startupRole:FOLLOWER, 9c9ba13f-6dd0-460e-ac54-999c1aa3e7ed|rpc:10.1.0.9:15129|admin:10.1.0.9:15128|client:10.1.0.9:15127|dataStream:10.1.0.9:15130|priority:0|startupRole:FOLLOWER, 1ddc0cd2-9f64-4abc-9646-a27e7b7d0879|rpc:10.1.0.9:15138|admin:10.1.0.9:15137|client:10.1.0.9:15136|dataStream:10.1.0.9:15139|priority:1|startupRole:FOLLOWER]|listeners:[], old=null, confs=<EMPTY_MAP>
2023-09-07 04:51:48,034 [1ddc0cd2-9f64-4abc-9646-a27e7b7d0879-groupManagement] INFO  server.RaftServerConfigKeys (ConfUtils.java:logGet(46)) - raft.server.storage.dir = [/home/runner/work/ozone/ozone/hadoop-ozone/integration-test/target/test-dir/MiniOzoneClusterImpl-a35962c9-a2fc-4df3-96cb-042236c47d51/datanode-2/data/ratis] (custom)
2023-09-07 04:51:48,034 [1ddc0cd2-9f64-4abc-9646-a27e7b7d0879-groupManagement] INFO  server.RaftServerConfigKeys (ConfUtils.java:logGet(46)) - raft.server.log.corruption.policy = EXCEPTION (default)
2023-09-07 04:51:48,034 [1ddc0cd2-9f64-4abc-9646-a27e7b7d0879-groupManagement] INFO  server.RaftServerConfigKeys (ConfUtils.java:logGet(46)) - raft.server.storage.free-space.min = 0MB (=0) (default)
2023-09-07 04:51:48,034 [1ddc0cd2-9f64-4abc-9646-a27e7b7d0879-groupManagement] INFO  server.RaftServerConfigKeys (ConfUtils.java:logGet(46)) - raft.server.notification.no-leader.timeout = 300s (custom)
2023-09-07 04:51:48,034 [1ddc0cd2-9f64-4abc-9646-a27e7b7d0879-groupManagement] INFO  server.RaftServerConfigKeys (ConfUtils.java:logGet(46)) - raft.server.read.timeout = 10s (default)
2023-09-07 04:51:48,034 [1ddc0cd2-9f64-4abc-9646-a27e7b7d0879-groupManagement] INFO  server.RaftServerConfigKeys (ConfUtils.java:logGet(46)) - raft.server.retrycache.expirytime = 600000ms (custom)
2023-09-07 04:51:48,035 [1ddc0cd2-9f64-4abc-9646-a27e7b7d0879-groupManagement] INFO  server.RaftServerConfigKeys (ConfUtils.java:logGet(46)) - raft.server.retrycache.statistics.expirytime = 100μs (default)
2023-09-07 04:51:48,035 [1ddc0cd2-9f64-4abc-9646-a27e7b7d0879-groupManagement] INFO  server.RaftServerConfigKeys (ConfUtils.java:logGet(46)) - raft.server.read.option = DEFAULT (default)
2023-09-07 04:51:48,035 [1ddc0cd2-9f64-4abc-9646-a27e7b7d0879-groupManagement] INFO  server.RaftServerConfigKeys (ConfUtils.java:logGet(46)) - raft.server.rpc.request.timeout = 60s (custom)
2023-09-07 04:51:48,035 [1ddc0cd2-9f64-4abc-9646-a27e7b7d0879-groupManagement] INFO  server.RaftServerConfigKeys (ConfUtils.java:logGet(46)) - raft.server.log.appender.install.snapshot.enabled = false (custom)
2023-09-07 04:51:48,035 [1ddc0cd2-9f64-4abc-9646-a27e7b7d0879-groupManagement] INFO  server.RaftServerConfigKeys (ConfUtils.java:logGet(46)) - raft.server.threadpool.server.cached = true (default)
2023-09-07 04:51:48,035 [1ddc0cd2-9f64-4abc-9646-a27e7b7d0879-groupManagement] INFO  server.RaftServerConfigKeys (ConfUtils.java:logGet(46)) - raft.server.threadpool.server.size = 0 (default)
2023-09-07 04:51:48,036 [1ddc0cd2-9f64-4abc-9646-a27e7b7d0879-groupManagement] INFO  server.RaftServerConfigKeys (ConfUtils.java:logGet(46)) - raft.server.threadpool.client.cached = true (default)
2023-09-07 04:51:48,036 [1ddc0cd2-9f64-4abc-9646-a27e7b7d0879-groupManagement] INFO  server.RaftServerConfigKeys (ConfUtils.java:logGet(46)) - raft.server.threadpool.client.size = 0 (default)
2023-09-07 04:51:48,036 [1ddc0cd2-9f64-4abc-9646-a27e7b7d0879-groupManagement] INFO  storage.RaftStorageDirectory (RaftStorageDirectoryImpl.java:analyzeStorage(137)) - The storage directory /home/runner/work/ozone/ozone/hadoop-ozone/integration-test/target/test-dir/MiniOzoneClusterImpl-a35962c9-a2fc-4df3-96cb-042236c47d51/datanode-2/data/ratis/9af03a98-57b5-4091-9be8-41019568f4e6 does not exist. Creating ...
2023-09-07 04:51:48,038 [1ddc0cd2-9f64-4abc-9646-a27e7b7d0879-groupManagement] INFO  storage.RaftStorageDirectory (RaftStorageDirectoryImpl.java:tryLock(231)) - Lock on /home/runner/work/ozone/ozone/hadoop-ozone/integration-test/target/test-dir/MiniOzoneClusterImpl-a35962c9-a2fc-4df3-96cb-042236c47d51/datanode-2/data/ratis/9af03a98-57b5-4091-9be8-41019568f4e6/in_use.lock acquired by nodename 7593@fv-az163-854
2023-09-07 04:51:48,040 [1ddc0cd2-9f64-4abc-9646-a27e7b7d0879-groupManagement] INFO  storage.RaftStorage (RaftStorageImpl.java:format(96)) - Storage directory /home/runner/work/ozone/ozone/hadoop-ozone/integration-test/target/test-dir/MiniOzoneClusterImpl-a35962c9-a2fc-4df3-96cb-042236c47d51/datanode-2/data/ratis/9af03a98-57b5-4091-9be8-41019568f4e6 has been successfully formatted.
2023-09-07 04:51:48,041 [1ddc0cd2-9f64-4abc-9646-a27e7b7d0879-groupManagement] INFO  ratis.ContainerStateMachine (ContainerStateMachine.java:loadSnapshot(262)) - group-41019568F4E6: The snapshot info is null. Setting the last applied indexto:(t:0, i:~)
2023-09-07 04:51:48,041 [1ddc0cd2-9f64-4abc-9646-a27e7b7d0879-groupManagement] INFO  server.RaftServerConfigKeys (ConfUtils.java:logGet(46)) - raft.server.log.use.memory = false (default)
2023-09-07 04:51:48,042 [1ddc0cd2-9f64-4abc-9646-a27e7b7d0879-groupManagement] INFO  server.RaftServerConfigKeys (ConfUtils.java:logGet(46)) - raft.server.log.purge.gap = 1000000 (custom)
2023-09-07 04:51:48,042 [1ddc0cd2-9f64-4abc-9646-a27e7b7d0879-groupManagement] INFO  server.RaftServerConfigKeys (ConfUtils.java:logGet(46)) - raft.server.log.appender.buffer.byte-limit = 33554432 (custom)
2023-09-07 04:51:48,042 [1ddc0cd2-9f64-4abc-9646-a27e7b7d0879-groupManagement] INFO  server.RaftServerConfigKeys (ConfUtils.java:logGet(46)) - raft.server.log.statemachine.data.read.timeout = 1000ms (default)
2023-09-07 04:51:48,042 [1ddc0cd2-9f64-4abc-9646-a27e7b7d0879-groupManagement] INFO  server.RaftServerConfigKeys (ConfUtils.java:logGet(46)) - raft.server.log.purge.preservation.log.num = 0 (default)
2023-09-07 04:51:48,043 [1ddc0cd2-9f64-4abc-9646-a27e7b7d0879-groupManagement] INFO  server.RaftServerConfigKeys (ConfUtils.java:logGet(46)) - raft.server.log.segment.size.max = 1048576 (custom)
2023-09-07 04:51:48,043 [1ddc0cd2-9f64-4abc-9646-a27e7b7d0879-groupManagement] INFO  server.RaftServerConfigKeys (ConfUtils.java:logGet(46)) - raft.server.log.segment.cache.num.max = 2 (custom)
2023-09-07 04:51:48,043 [1ddc0cd2-9f64-4abc-9646-a27e7b7d0879-groupManagement] INFO  server.RaftServerConfigKeys (ConfUtils.java:logGet(46)) - raft.server.log.segment.cache.size.max = 200MB (=209715200) (default)
2023-09-07 04:51:48,043 [1ddc0cd2-9f64-4abc-9646-a27e7b7d0879-groupManagement] INFO  server.RaftServerConfigKeys (ConfUtils.java:logGet(46)) - raft.server.log.appender.buffer.byte-limit = 33554432 (custom)
2023-09-07 04:51:48,043 [1ddc0cd2-9f64-4abc-9646-a27e7b7d0879-groupManagement] INFO  segmented.SegmentedRaftLogWorker (SegmentedRaftLogWorker.java:<init>(188)) - new 1ddc0cd2-9f64-4abc-9646-a27e7b7d0879@group-41019568F4E6-SegmentedRaftLogWorker for RaftStorageImpl:Storage Directory /home/runner/work/ozone/ozone/hadoop-ozone/integration-test/target/test-dir/MiniOzoneClusterImpl-a35962c9-a2fc-4df3-96cb-042236c47d51/datanode-2/data/ratis/9af03a98-57b5-4091-9be8-41019568f4e6
2023-09-07 04:51:48,044 [1ddc0cd2-9f64-4abc-9646-a27e7b7d0879-groupManagement] INFO  server.RaftServerConfigKeys (ConfUtils.java:logGet(46)) - raft.server.log.queue.byte-limit = 4294967296 (custom)
2023-09-07 04:51:48,044 [1ddc0cd2-9f64-4abc-9646-a27e7b7d0879-groupManagement] INFO  server.RaftServerConfigKeys (ConfUtils.java:logGet(46)) - raft.server.log.queue.element-limit = 1024 (custom)
2023-09-07 04:51:48,044 [1ddc0cd2-9f64-4abc-9646-a27e7b7d0879-groupManagement] INFO  server.RaftServerConfigKeys (ConfUtils.java:logGet(46)) - raft.server.log.segment.size.max = 1048576 (custom)
2023-09-07 04:51:48,044 [1ddc0cd2-9f64-4abc-9646-a27e7b7d0879-groupManagement] INFO  server.RaftServerConfigKeys (ConfUtils.java:logGet(46)) - raft.server.log.preallocated.size = 16384 (custom)
2023-09-07 04:51:48,044 [1ddc0cd2-9f64-4abc-9646-a27e7b7d0879-groupManagement] INFO  server.RaftServerConfigKeys (ConfUtils.java:logGet(46)) - raft.server.log.force.sync.num = 128 (default)
2023-09-07 04:51:48,044 [1ddc0cd2-9f64-4abc-9646-a27e7b7d0879-groupManagement] INFO  server.RaftServerConfigKeys (ConfUtils.java:logGet(46)) - raft.server.log.statemachine.data.sync = true (default)
2023-09-07 04:51:48,044 [1ddc0cd2-9f64-4abc-9646-a27e7b7d0879-groupManagement] INFO  server.RaftServerConfigKeys (ConfUtils.java:logGet(46)) - raft.server.log.statemachine.data.sync.timeout = 10s (default)
2023-09-07 04:51:48,044 [1ddc0cd2-9f64-4abc-9646-a27e7b7d0879-groupManagement] INFO  server.RaftServerConfigKeys (ConfUtils.java:logGet(46)) - raft.server.log.statemachine.data.sync.timeout.retry = -1 (default)
2023-09-07 04:51:48,045 [1ddc0cd2-9f64-4abc-9646-a27e7b7d0879-groupManagement] INFO  server.RaftServerConfigKeys (ConfUtils.java:logGet(46)) - raft.server.log.write.buffer.size = 1048576 (custom)
2023-09-07 04:51:48,046 [1ddc0cd2-9f64-4abc-9646-a27e7b7d0879-groupManagement] INFO  server.RaftServerConfigKeys (ConfUtils.java:logGet(46)) - raft.server.log.appender.buffer.byte-limit = 33554432 (custom)
2023-09-07 04:51:48,053 [1ddc0cd2-9f64-4abc-9646-a27e7b7d0879-groupManagement] INFO  server.RaftServerConfigKeys (ConfUtils.java:logGet(46)) - raft.server.log.unsafe-flush.enabled = false (default)
2023-09-07 04:51:48,053 [1ddc0cd2-9f64-4abc-9646-a27e7b7d0879-groupManagement] INFO  server.RaftServerConfigKeys (ConfUtils.java:logGet(46)) - raft.server.log.async-flush.enabled = false (default)
2023-09-07 04:51:48,053 [1ddc0cd2-9f64-4abc-9646-a27e7b7d0879-groupManagement] INFO  server.RaftServerConfigKeys (ConfUtils.java:logGet(46)) - raft.server.log.statemachine.data.caching.enabled = true (custom)
2023-09-07 04:51:48,053 [1ddc0cd2-9f64-4abc-9646-a27e7b7d0879-groupManagement] INFO  segmented.SegmentedRaftLogWorker (SegmentedRaftLogWorker.java:lambda$new$0(135)) - 1ddc0cd2-9f64-4abc-9646-a27e7b7d0879@group-41019568F4E6-SegmentedRaftLogWorker: flushIndex: setUnconditionally 0 -> -1
2023-09-07 04:51:48,054 [1ddc0cd2-9f64-4abc-9646-a27e7b7d0879-groupManagement] INFO  segmented.SegmentedRaftLogWorker (SegmentedRaftLogWorker.java:lambda$new$0(135)) - 1ddc0cd2-9f64-4abc-9646-a27e7b7d0879@group-41019568F4E6-SegmentedRaftLogWorker: safeCacheEvictIndex: setUnconditionally 0 -> -1
2023-09-07 04:51:48,054 [1ddc0cd2-9f64-4abc-9646-a27e7b7d0879-groupManagement] INFO  server.RaftServer$Division (RaftServerImpl.java:start(342)) - 1ddc0cd2-9f64-4abc-9646-a27e7b7d0879@group-41019568F4E6: start as a follower, conf=-1: peers:[7d658909-36a6-44f1-ac1a-09761b608691|rpc:10.1.0.9:15120|admin:10.1.0.9:15119|client:10.1.0.9:15118|dataStream:10.1.0.9:15121|priority:0|startupRole:FOLLOWER, 9c9ba13f-6dd0-460e-ac54-999c1aa3e7ed|rpc:10.1.0.9:15129|admin:10.1.0.9:15128|client:10.1.0.9:15127|dataStream:10.1.0.9:15130|priority:0|startupRole:FOLLOWER, 1ddc0cd2-9f64-4abc-9646-a27e7b7d0879|rpc:10.1.0.9:15138|admin:10.1.0.9:15137|client:10.1.0.9:15136|dataStream:10.1.0.9:15139|priority:1|startupRole:FOLLOWER]|listeners:[], old=null
2023-09-07 04:51:48,054 [1ddc0cd2-9f64-4abc-9646-a27e7b7d0879-groupManagement] INFO  server.RaftServer$Division (RaftServerImpl.java:setRole(329)) - 1ddc0cd2-9f64-4abc-9646-a27e7b7d0879@group-41019568F4E6: changes role from      null to FOLLOWER at term 0 for startAsFollower
2023-09-07 04:51:48,054 [1ddc0cd2-9f64-4abc-9646-a27e7b7d0879-groupManagement] INFO  impl.RoleInfo (RoleInfo.java:updateAndGet(139)) - 1ddc0cd2-9f64-4abc-9646-a27e7b7d0879: start 1ddc0cd2-9f64-4abc-9646-a27e7b7d0879@group-41019568F4E6-FollowerState
2023-09-07 04:51:48,056 [1ddc0cd2-9f64-4abc-9646-a27e7b7d0879-groupManagement] INFO  util.JmxRegister (JmxRegister.java:tryRegister(44)) - Successfully registered JMX Bean with object name Ratis:service=RaftServer,group=group-41019568F4E6,id=1ddc0cd2-9f64-4abc-9646-a27e7b7d0879
2023-09-07 04:51:48,056 [1ddc0cd2-9f64-4abc-9646-a27e7b7d0879-groupManagement] INFO  server.RaftServerConfigKeys (ConfUtils.java:logGet(46)) - raft.server.snapshot.auto.trigger.enabled = true (custom)
2023-09-07 04:51:48,056 [1ddc0cd2-9f64-4abc-9646-a27e7b7d0879-groupManagement] INFO  server.RaftServerConfigKeys (ConfUtils.java:logGet(46)) - raft.server.snapshot.auto.trigger.threshold = 10000 (custom)
2023-09-07 04:51:48,056 [1ddc0cd2-9f64-4abc-9646-a27e7b7d0879-groupManagement] INFO  server.RaftServerConfigKeys (ConfUtils.java:logGet(46)) - raft.server.snapshot.retention.file.num = 5 (custom)
2023-09-07 04:51:48,056 [1ddc0cd2-9f64-4abc-9646-a27e7b7d0879-groupManagement] INFO  server.RaftServerConfigKeys (ConfUtils.java:logGet(46)) - raft.server.log.purge.upto.snapshot.index = false (default)
2023-09-07 04:51:48,057 [1ddc0cd2-9f64-4abc-9646-a27e7b7d0879@group-41019568F4E6-FollowerState] INFO  server.RaftServerConfigKeys (ConfUtils.java:logFallback(53)) - raft.server.rpc.first-election.timeout.min = 5s (fallback to raft.server.rpc.timeout.min)
2023-09-07 04:51:48,057 [1ddc0cd2-9f64-4abc-9646-a27e7b7d0879@group-41019568F4E6-FollowerState] INFO  server.RaftServerConfigKeys (ConfUtils.java:logFallback(53)) - raft.server.rpc.first-election.timeout.max = 5200ms (fallback to raft.server.rpc.timeout.max)
2023-09-07 04:51:48,080 [grpc-default-executor-0] INFO  server.RaftServer (RaftServerProxy.java:addNew(98)) - 9c9ba13f-6dd0-460e-ac54-999c1aa3e7ed: addNew group-41019568F4E6:[7d658909-36a6-44f1-ac1a-09761b608691|rpc:10.1.0.9:15120|admin:10.1.0.9:15119|client:10.1.0.9:15118|dataStream:10.1.0.9:15121|priority:0|startupRole:FOLLOWER, 9c9ba13f-6dd0-460e-ac54-999c1aa3e7ed|rpc:10.1.0.9:15129|admin:10.1.0.9:15128|client:10.1.0.9:15127|dataStream:10.1.0.9:15130|priority:0|startupRole:FOLLOWER, 1ddc0cd2-9f64-4abc-9646-a27e7b7d0879|rpc:10.1.0.9:15138|admin:10.1.0.9:15137|client:10.1.0.9:15136|dataStream:10.1.0.9:15139|priority:1|startupRole:FOLLOWER] returns group-41019568F4E6:java.util.concurrent.CompletableFuture@607da36f[Not completed]
2023-09-07 04:51:48,080 [9c9ba13f-6dd0-460e-ac54-999c1aa3e7ed-groupManagement] INFO  server.RaftServer$Division (RaftServerImpl.java:<init>(198)) - 9c9ba13f-6dd0-460e-ac54-999c1aa3e7ed: new RaftServerImpl for group-41019568F4E6:[7d658909-36a6-44f1-ac1a-09761b608691|rpc:10.1.0.9:15120|admin:10.1.0.9:15119|client:10.1.0.9:15118|dataStream:10.1.0.9:15121|priority:0|startupRole:FOLLOWER, 9c9ba13f-6dd0-460e-ac54-999c1aa3e7ed|rpc:10.1.0.9:15129|admin:10.1.0.9:15128|client:10.1.0.9:15127|dataStream:10.1.0.9:15130|priority:0|startupRole:FOLLOWER, 1ddc0cd2-9f64-4abc-9646-a27e7b7d0879|rpc:10.1.0.9:15138|admin:10.1.0.9:15137|client:10.1.0.9:15136|dataStream:10.1.0.9:15139|priority:1|startupRole:FOLLOWER] with ContainerStateMachine:uninitialized
2023-09-07 04:51:48,081 [9c9ba13f-6dd0-460e-ac54-999c1aa3e7ed-groupManagement] INFO  server.RaftServerConfigKeys (ConfUtils.java:logGet(46)) - raft.server.rpc.timeout.min = 5s (custom)
2023-09-07 04:51:48,081 [9c9ba13f-6dd0-460e-ac54-999c1aa3e7ed-groupManagement] INFO  server.RaftServerConfigKeys (ConfUtils.java:logGet(46)) - raft.server.rpc.timeout.max = 5200ms (custom)
2023-09-07 04:51:48,081 [9c9ba13f-6dd0-460e-ac54-999c1aa3e7ed-groupManagement] INFO  server.RaftServerConfigKeys (ConfUtils.java:logGet(46)) - raft.server.rpc.sleep.time = 25ms (default)
2023-09-07 04:51:48,081 [9c9ba13f-6dd0-460e-ac54-999c1aa3e7ed-groupManagement] INFO  server.RaftServerConfigKeys (ConfUtils.java:logGet(46)) - raft.server.rpc.slowness.timeout = 300s (custom)
2023-09-07 04:51:48,081 [9c9ba13f-6dd0-460e-ac54-999c1aa3e7ed-groupManagement] INFO  server.RaftServerConfigKeys (ConfUtils.java:logGet(46)) - raft.server.leaderelection.leader.step-down.wait-time = 10s (default)
2023-09-07 04:51:48,081 [9c9ba13f-6dd0-460e-ac54-999c1aa3e7ed-groupManagement] INFO  server.RaftServerConfigKeys (ConfUtils.java:logGet(46)) - raft.server.sleep.deviation.threshold = 300ms (default)
2023-09-07 04:51:48,081 [9c9ba13f-6dd0-460e-ac54-999c1aa3e7ed-groupManagement] INFO  server.RaftServer$Division (ServerState.java:<init>(120)) - 9c9ba13f-6dd0-460e-ac54-999c1aa3e7ed@group-41019568F4E6: ConfigurationManager, init=-1: peers:[7d658909-36a6-44f1-ac1a-09761b608691|rpc:10.1.0.9:15120|admin:10.1.0.9:15119|client:10.1.0.9:15118|dataStream:10.1.0.9:15121|priority:0|startupRole:FOLLOWER, 9c9ba13f-6dd0-460e-ac54-999c1aa3e7ed|rpc:10.1.0.9:15129|admin:10.1.0.9:15128|client:10.1.0.9:15127|dataStream:10.1.0.9:15130|priority:0|startupRole:FOLLOWER, 1ddc0cd2-9f64-4abc-9646-a27e7b7d0879|rpc:10.1.0.9:15138|admin:10.1.0.9:15137|client:10.1.0.9:15136|dataStream:10.1.0.9:15139|priority:1|startupRole:FOLLOWER]|listeners:[], old=null, confs=<EMPTY_MAP>
2023-09-07 04:51:48,081 [9c9ba13f-6dd0-460e-ac54-999c1aa3e7ed-groupManagement] INFO  server.RaftServerConfigKeys (ConfUtils.java:logGet(46)) - raft.server.storage.dir = [/home/runner/work/ozone/ozone/hadoop-ozone/integration-test/target/test-dir/MiniOzoneClusterImpl-a35962c9-a2fc-4df3-96cb-042236c47d51/datanode-1/data/ratis] (custom)
2023-09-07 04:51:48,081 [9c9ba13f-6dd0-460e-ac54-999c1aa3e7ed-groupManagement] INFO  server.RaftServerConfigKeys (ConfUtils.java:logGet(46)) - raft.server.log.corruption.policy = EXCEPTION (default)
2023-09-07 04:51:48,081 [9c9ba13f-6dd0-460e-ac54-999c1aa3e7ed-groupManagement] INFO  server.RaftServerConfigKeys (ConfUtils.java:logGet(46)) - raft.server.storage.free-space.min = 0MB (=0) (default)
2023-09-07 04:51:48,082 [9c9ba13f-6dd0-460e-ac54-999c1aa3e7ed-groupManagement] INFO  server.RaftServerConfigKeys (ConfUtils.java:logGet(46)) - raft.server.notification.no-leader.timeout = 300s (custom)
2023-09-07 04:51:48,082 [9c9ba13f-6dd0-460e-ac54-999c1aa3e7ed-groupManagement] INFO  server.RaftServerConfigKeys (ConfUtils.java:logGet(46)) - raft.server.read.timeout = 10s (default)
2023-09-07 04:51:48,082 [9c9ba13f-6dd0-460e-ac54-999c1aa3e7ed-groupManagement] INFO  server.RaftServerConfigKeys (ConfUtils.java:logGet(46)) - raft.server.retrycache.expirytime = 600000ms (custom)
2023-09-07 04:51:48,082 [9c9ba13f-6dd0-460e-ac54-999c1aa3e7ed-groupManagement] INFO  server.RaftServerConfigKeys (ConfUtils.java:logGet(46)) - raft.server.retrycache.statistics.expirytime = 100μs (default)
2023-09-07 04:51:48,082 [9c9ba13f-6dd0-460e-ac54-999c1aa3e7ed-groupManagement] INFO  server.RaftServerConfigKeys (ConfUtils.java:logGet(46)) - raft.server.read.option = DEFAULT (default)
2023-09-07 04:51:48,083 [9c9ba13f-6dd0-460e-ac54-999c1aa3e7ed-groupManagement] INFO  server.RaftServerConfigKeys (ConfUtils.java:logGet(46)) - raft.server.rpc.request.timeout = 60s (custom)
2023-09-07 04:51:48,083 [9c9ba13f-6dd0-460e-ac54-999c1aa3e7ed-groupManagement] INFO  server.RaftServerConfigKeys (ConfUtils.java:logGet(46)) - raft.server.log.appender.install.snapshot.enabled = false (custom)
2023-09-07 04:51:48,083 [9c9ba13f-6dd0-460e-ac54-999c1aa3e7ed-groupManagement] INFO  server.RaftServerConfigKeys (ConfUtils.java:logGet(46)) - raft.server.threadpool.server.cached = true (default)
2023-09-07 04:51:48,083 [9c9ba13f-6dd0-460e-ac54-999c1aa3e7ed-groupManagement] INFO  server.RaftServerConfigKeys (ConfUtils.java:logGet(46)) - raft.server.threadpool.server.size = 0 (default)
2023-09-07 04:51:48,083 [9c9ba13f-6dd0-460e-ac54-999c1aa3e7ed-groupManagement] INFO  server.RaftServerConfigKeys (ConfUtils.java:logGet(46)) - raft.server.threadpool.client.cached = true (default)
2023-09-07 04:51:48,083 [9c9ba13f-6dd0-460e-ac54-999c1aa3e7ed-groupManagement] INFO  server.RaftServerConfigKeys (ConfUtils.java:logGet(46)) - raft.server.threadpool.client.size = 0 (default)
2023-09-07 04:51:48,084 [9c9ba13f-6dd0-460e-ac54-999c1aa3e7ed-groupManagement] INFO  storage.RaftStorageDirectory (RaftStorageDirectoryImpl.java:analyzeStorage(137)) - The storage directory /home/runner/work/ozone/ozone/hadoop-ozone/integration-test/target/test-dir/MiniOzoneClusterImpl-a35962c9-a2fc-4df3-96cb-042236c47d51/datanode-1/data/ratis/9af03a98-57b5-4091-9be8-41019568f4e6 does not exist. Creating ...
2023-09-07 04:51:48,086 [9c9ba13f-6dd0-460e-ac54-999c1aa3e7ed-groupManagement] INFO  storage.RaftStorageDirectory (RaftStorageDirectoryImpl.java:tryLock(231)) - Lock on /home/runner/work/ozone/ozone/hadoop-ozone/integration-test/target/test-dir/MiniOzoneClusterImpl-a35962c9-a2fc-4df3-96cb-042236c47d51/datanode-1/data/ratis/9af03a98-57b5-4091-9be8-41019568f4e6/in_use.lock acquired by nodename 7593@fv-az163-854
2023-09-07 04:51:48,087 [9c9ba13f-6dd0-460e-ac54-999c1aa3e7ed-groupManagement] INFO  storage.RaftStorage (RaftStorageImpl.java:format(96)) - Storage directory /home/runner/work/ozone/ozone/hadoop-ozone/integration-test/target/test-dir/MiniOzoneClusterImpl-a35962c9-a2fc-4df3-96cb-042236c47d51/datanode-1/data/ratis/9af03a98-57b5-4091-9be8-41019568f4e6 has been successfully formatted.
2023-09-07 04:51:48,093 [PipelineCommandHandlerThread-0] INFO  server.RaftServer (RaftServerProxy.java:addNew(98)) - 9c9ba13f-6dd0-460e-ac54-999c1aa3e7ed: addNew group-45A374FD8469:[9c9ba13f-6dd0-460e-ac54-999c1aa3e7ed|rpc:10.1.0.9:15129|admin:10.1.0.9:15128|client:10.1.0.9:15127|dataStream:10.1.0.9:15130|priority:1|startupRole:FOLLOWER] returns group-45A374FD8469:java.util.concurrent.CompletableFuture@5d0ac372[Not completed]
2023-09-07 04:51:48,095 [9c9ba13f-6dd0-460e-ac54-999c1aa3e7ed-groupManagement] INFO  ratis.ContainerStateMachine (ContainerStateMachine.java:loadSnapshot(262)) - group-41019568F4E6: The snapshot info is null. Setting the last applied indexto:(t:0, i:~)
2023-09-07 04:51:48,095 [9c9ba13f-6dd0-460e-ac54-999c1aa3e7ed-groupManagement] INFO  server.RaftServerConfigKeys (ConfUtils.java:logGet(46)) - raft.server.log.use.memory = false (default)
2023-09-07 04:51:48,095 [9c9ba13f-6dd0-460e-ac54-999c1aa3e7ed-groupManagement] INFO  server.RaftServerConfigKeys (ConfUtils.java:logGet(46)) - raft.server.log.purge.gap = 1000000 (custom)
2023-09-07 04:51:48,096 [9c9ba13f-6dd0-460e-ac54-999c1aa3e7ed-groupManagement] INFO  server.RaftServerConfigKeys (ConfUtils.java:logGet(46)) - raft.server.log.appender.buffer.byte-limit = 33554432 (custom)
2023-09-07 04:51:48,096 [9c9ba13f-6dd0-460e-ac54-999c1aa3e7ed-groupManagement] INFO  server.RaftServerConfigKeys (ConfUtils.java:logGet(46)) - raft.server.log.statemachine.data.read.timeout = 1000ms (default)
2023-09-07 04:51:48,096 [9c9ba13f-6dd0-460e-ac54-999c1aa3e7ed-groupManagement] INFO  server.RaftServerConfigKeys (ConfUtils.java:logGet(46)) - raft.server.log.purge.preservation.log.num = 0 (default)
2023-09-07 04:51:48,096 [9c9ba13f-6dd0-460e-ac54-999c1aa3e7ed-groupManagement] INFO  server.RaftServerConfigKeys (ConfUtils.java:logGet(46)) - raft.server.log.segment.size.max = 1048576 (custom)
2023-09-07 04:51:48,096 [9c9ba13f-6dd0-460e-ac54-999c1aa3e7ed-groupManagement] INFO  server.RaftServerConfigKeys (ConfUtils.java:logGet(46)) - raft.server.log.segment.cache.num.max = 2 (custom)
2023-09-07 04:51:48,096 [9c9ba13f-6dd0-460e-ac54-999c1aa3e7ed-groupManagement] INFO  server.RaftServerConfigKeys (ConfUtils.java:logGet(46)) - raft.server.log.segment.cache.size.max = 200MB (=209715200) (default)
2023-09-07 04:51:48,096 [9c9ba13f-6dd0-460e-ac54-999c1aa3e7ed-groupManagement] INFO  server.RaftServerConfigKeys (ConfUtils.java:logGet(46)) - raft.server.log.appender.buffer.byte-limit = 33554432 (custom)
2023-09-07 04:51:48,096 [9c9ba13f-6dd0-460e-ac54-999c1aa3e7ed-groupManagement] INFO  segmented.SegmentedRaftLogWorker (SegmentedRaftLogWorker.java:<init>(188)) - new 9c9ba13f-6dd0-460e-ac54-999c1aa3e7ed@group-41019568F4E6-SegmentedRaftLogWorker for RaftStorageImpl:Storage Directory /home/runner/work/ozone/ozone/hadoop-ozone/integration-test/target/test-dir/MiniOzoneClusterImpl-a35962c9-a2fc-4df3-96cb-042236c47d51/datanode-1/data/ratis/9af03a98-57b5-4091-9be8-41019568f4e6
2023-09-07 04:51:48,096 [9c9ba13f-6dd0-460e-ac54-999c1aa3e7ed-groupManagement] INFO  server.RaftServerConfigKeys (ConfUtils.java:logGet(46)) - raft.server.log.queue.byte-limit = 4294967296 (custom)
2023-09-07 04:51:48,097 [9c9ba13f-6dd0-460e-ac54-999c1aa3e7ed-groupManagement] INFO  server.RaftServerConfigKeys (ConfUtils.java:logGet(46)) - raft.server.log.queue.element-limit = 1024 (custom)
2023-09-07 04:51:48,097 [9c9ba13f-6dd0-460e-ac54-999c1aa3e7ed-groupManagement] INFO  server.RaftServerConfigKeys (ConfUtils.java:logGet(46)) - raft.server.log.segment.size.max = 1048576 (custom)
2023-09-07 04:51:48,097 [9c9ba13f-6dd0-460e-ac54-999c1aa3e7ed-groupManagement] INFO  server.RaftServerConfigKeys (ConfUtils.java:logGet(46)) - raft.server.log.preallocated.size = 16384 (custom)
2023-09-07 04:51:48,097 [9c9ba13f-6dd0-460e-ac54-999c1aa3e7ed-groupManagement] INFO  server.RaftServerConfigKeys (ConfUtils.java:logGet(46)) - raft.server.log.force.sync.num = 128 (default)
2023-09-07 04:51:48,097 [9c9ba13f-6dd0-460e-ac54-999c1aa3e7ed-groupManagement] INFO  server.RaftServerConfigKeys (ConfUtils.java:logGet(46)) - raft.server.log.statemachine.data.sync = true (default)
2023-09-07 04:51:48,097 [9c9ba13f-6dd0-460e-ac54-999c1aa3e7ed-groupManagement] INFO  server.RaftServerConfigKeys (ConfUtils.java:logGet(46)) - raft.server.log.statemachine.data.sync.timeout = 10s (default)
2023-09-07 04:51:48,097 [9c9ba13f-6dd0-460e-ac54-999c1aa3e7ed-groupManagement] INFO  server.RaftServerConfigKeys (ConfUtils.java:logGet(46)) - raft.server.log.statemachine.data.sync.timeout.retry = -1 (default)
2023-09-07 04:51:48,098 [9c9ba13f-6dd0-460e-ac54-999c1aa3e7ed-groupManagement] INFO  server.RaftServerConfigKeys (ConfUtils.java:logGet(46)) - raft.server.log.write.buffer.size = 1048576 (custom)
2023-09-07 04:51:48,098 [9c9ba13f-6dd0-460e-ac54-999c1aa3e7ed-groupManagement] INFO  server.RaftServerConfigKeys (ConfUtils.java:logGet(46)) - raft.server.log.appender.buffer.byte-limit = 33554432 (custom)
2023-09-07 04:51:48,105 [9c9ba13f-6dd0-460e-ac54-999c1aa3e7ed-groupManagement] INFO  server.RaftServerConfigKeys (ConfUtils.java:logGet(46)) - raft.server.log.unsafe-flush.enabled = false (default)
2023-09-07 04:51:48,105 [9c9ba13f-6dd0-460e-ac54-999c1aa3e7ed-groupManagement] INFO  server.RaftServerConfigKeys (ConfUtils.java:logGet(46)) - raft.server.log.async-flush.enabled = false (default)
2023-09-07 04:51:48,105 [9c9ba13f-6dd0-460e-ac54-999c1aa3e7ed-groupManagement] INFO  server.RaftServerConfigKeys (ConfUtils.java:logGet(46)) - raft.server.log.statemachine.data.caching.enabled = true (custom)
2023-09-07 04:51:48,106 [9c9ba13f-6dd0-460e-ac54-999c1aa3e7ed-groupManagement] INFO  segmented.SegmentedRaftLogWorker (SegmentedRaftLogWorker.java:lambda$new$0(135)) - 9c9ba13f-6dd0-460e-ac54-999c1aa3e7ed@group-41019568F4E6-SegmentedRaftLogWorker: flushIndex: setUnconditionally 0 -> -1
2023-09-07 04:51:48,106 [9c9ba13f-6dd0-460e-ac54-999c1aa3e7ed-groupManagement] INFO  segmented.SegmentedRaftLogWorker (SegmentedRaftLogWorker.java:lambda$new$0(135)) - 9c9ba13f-6dd0-460e-ac54-999c1aa3e7ed@group-41019568F4E6-SegmentedRaftLogWorker: safeCacheEvictIndex: setUnconditionally 0 -> -1
2023-09-07 04:51:48,106 [9c9ba13f-6dd0-460e-ac54-999c1aa3e7ed-groupManagement] INFO  server.RaftServer$Division (RaftServerImpl.java:start(342)) - 9c9ba13f-6dd0-460e-ac54-999c1aa3e7ed@group-41019568F4E6: start as a follower, conf=-1: peers:[7d658909-36a6-44f1-ac1a-09761b608691|rpc:10.1.0.9:15120|admin:10.1.0.9:15119|client:10.1.0.9:15118|dataStream:10.1.0.9:15121|priority:0|startupRole:FOLLOWER, 9c9ba13f-6dd0-460e-ac54-999c1aa3e7ed|rpc:10.1.0.9:15129|admin:10.1.0.9:15128|client:10.1.0.9:15127|dataStream:10.1.0.9:15130|priority:0|startupRole:FOLLOWER, 1ddc0cd2-9f64-4abc-9646-a27e7b7d0879|rpc:10.1.0.9:15138|admin:10.1.0.9:15137|client:10.1.0.9:15136|dataStream:10.1.0.9:15139|priority:1|startupRole:FOLLOWER]|listeners:[], old=null
2023-09-07 04:51:48,106 [9c9ba13f-6dd0-460e-ac54-999c1aa3e7ed-groupManagement] INFO  server.RaftServer$Division (RaftServerImpl.java:setRole(329)) - 9c9ba13f-6dd0-460e-ac54-999c1aa3e7ed@group-41019568F4E6: changes role from      null to FOLLOWER at term 0 for startAsFollower
2023-09-07 04:51:48,106 [9c9ba13f-6dd0-460e-ac54-999c1aa3e7ed-groupManagement] INFO  impl.RoleInfo (RoleInfo.java:updateAndGet(139)) - 9c9ba13f-6dd0-460e-ac54-999c1aa3e7ed: start 9c9ba13f-6dd0-460e-ac54-999c1aa3e7ed@group-41019568F4E6-FollowerState
2023-09-07 04:51:48,107 [9c9ba13f-6dd0-460e-ac54-999c1aa3e7ed-groupManagement] INFO  util.JmxRegister (JmxRegister.java:tryRegister(44)) - Successfully registered JMX Bean with object name Ratis:service=RaftServer,group=group-41019568F4E6,id=9c9ba13f-6dd0-460e-ac54-999c1aa3e7ed
2023-09-07 04:51:48,107 [9c9ba13f-6dd0-460e-ac54-999c1aa3e7ed-groupManagement] INFO  server.RaftServerConfigKeys (ConfUtils.java:logGet(46)) - raft.server.snapshot.auto.trigger.enabled = true (custom)
2023-09-07 04:51:48,107 [9c9ba13f-6dd0-460e-ac54-999c1aa3e7ed-groupManagement] INFO  server.RaftServerConfigKeys (ConfUtils.java:logGet(46)) - raft.server.snapshot.auto.trigger.threshold = 10000 (custom)
2023-09-07 04:51:48,107 [9c9ba13f-6dd0-460e-ac54-999c1aa3e7ed-groupManagement] INFO  server.RaftServerConfigKeys (ConfUtils.java:logGet(46)) - raft.server.snapshot.retention.file.num = 5 (custom)
2023-09-07 04:51:48,107 [9c9ba13f-6dd0-460e-ac54-999c1aa3e7ed-groupManagement] INFO  server.RaftServerConfigKeys (ConfUtils.java:logGet(46)) - raft.server.log.purge.upto.snapshot.index = false (default)
2023-09-07 04:51:48,108 [9c9ba13f-6dd0-460e-ac54-999c1aa3e7ed@group-41019568F4E6-FollowerState] INFO  server.RaftServerConfigKeys (ConfUtils.java:logFallback(53)) - raft.server.rpc.first-election.timeout.min = 5s (fallback to raft.server.rpc.timeout.min)
2023-09-07 04:51:48,108 [9c9ba13f-6dd0-460e-ac54-999c1aa3e7ed@group-41019568F4E6-FollowerState] INFO  server.RaftServerConfigKeys (ConfUtils.java:logFallback(53)) - raft.server.rpc.first-election.timeout.max = 5200ms (fallback to raft.server.rpc.timeout.max)
2023-09-07 04:51:48,110 [9c9ba13f-6dd0-460e-ac54-999c1aa3e7ed-groupManagement] INFO  server.RaftServer$Division (RaftServerImpl.java:<init>(198)) - 9c9ba13f-6dd0-460e-ac54-999c1aa3e7ed: new RaftServerImpl for group-45A374FD8469:[9c9ba13f-6dd0-460e-ac54-999c1aa3e7ed|rpc:10.1.0.9:15129|admin:10.1.0.9:15128|client:10.1.0.9:15127|dataStream:10.1.0.9:15130|priority:1|startupRole:FOLLOWER] with ContainerStateMachine:uninitialized
2023-09-07 04:51:48,110 [9c9ba13f-6dd0-460e-ac54-999c1aa3e7ed-groupManagement] INFO  server.RaftServerConfigKeys (ConfUtils.java:logGet(46)) - raft.server.rpc.timeout.min = 5s (custom)
2023-09-07 04:51:48,110 [9c9ba13f-6dd0-460e-ac54-999c1aa3e7ed-groupManagement] INFO  server.RaftServerConfigKeys (ConfUtils.java:logGet(46)) - raft.server.rpc.timeout.max = 5200ms (custom)
2023-09-07 04:51:48,110 [9c9ba13f-6dd0-460e-ac54-999c1aa3e7ed-groupManagement] INFO  server.RaftServerConfigKeys (ConfUtils.java:logGet(46)) - raft.server.rpc.sleep.time = 25ms (default)
2023-09-07 04:51:48,111 [9c9ba13f-6dd0-460e-ac54-999c1aa3e7ed-groupManagement] INFO  server.RaftServerConfigKeys (ConfUtils.java:logGet(46)) - raft.server.rpc.slowness.timeout = 300s (custom)
2023-09-07 04:51:48,111 [9c9ba13f-6dd0-460e-ac54-999c1aa3e7ed-groupManagement] INFO  server.RaftServerConfigKeys (ConfUtils.java:logGet(46)) - raft.server.leaderelection.leader.step-down.wait-time = 10s (default)
2023-09-07 04:51:48,111 [9c9ba13f-6dd0-460e-ac54-999c1aa3e7ed-groupManagement] INFO  server.RaftServerConfigKeys (ConfUtils.java:logGet(46)) - raft.server.sleep.deviation.threshold = 300ms (default)
2023-09-07 04:51:48,111 [9c9ba13f-6dd0-460e-ac54-999c1aa3e7ed-groupManagement] INFO  server.RaftServer$Division (ServerState.java:<init>(120)) - 9c9ba13f-6dd0-460e-ac54-999c1aa3e7ed@group-45A374FD8469: ConfigurationManager, init=-1: peers:[9c9ba13f-6dd0-460e-ac54-999c1aa3e7ed|rpc:10.1.0.9:15129|admin:10.1.0.9:15128|client:10.1.0.9:15127|dataStream:10.1.0.9:15130|priority:1|startupRole:FOLLOWER]|listeners:[], old=null, confs=<EMPTY_MAP>
2023-09-07 04:51:48,111 [9c9ba13f-6dd0-460e-ac54-999c1aa3e7ed-groupManagement] INFO  server.RaftServerConfigKeys (ConfUtils.java:logGet(46)) - raft.server.storage.dir = [/home/runner/work/ozone/ozone/hadoop-ozone/integration-test/target/test-dir/MiniOzoneClusterImpl-a35962c9-a2fc-4df3-96cb-042236c47d51/datanode-1/data/ratis] (custom)
2023-09-07 04:51:48,111 [9c9ba13f-6dd0-460e-ac54-999c1aa3e7ed-groupManagement] INFO  server.RaftServerConfigKeys (ConfUtils.java:logGet(46)) - raft.server.log.corruption.policy = EXCEPTION (default)
2023-09-07 04:51:48,111 [9c9ba13f-6dd0-460e-ac54-999c1aa3e7ed-groupManagement] INFO  server.RaftServerConfigKeys (ConfUtils.java:logGet(46)) - raft.server.storage.free-space.min = 0MB (=0) (default)
2023-09-07 04:51:48,111 [9c9ba13f-6dd0-460e-ac54-999c1aa3e7ed-groupManagement] INFO  server.RaftServerConfigKeys (ConfUtils.java:logGet(46)) - raft.server.notification.no-leader.timeout = 300s (custom)
2023-09-07 04:51:48,111 [9c9ba13f-6dd0-460e-ac54-999c1aa3e7ed-groupManagement] INFO  server.RaftServerConfigKeys (ConfUtils.java:logGet(46)) - raft.server.read.timeout = 10s (default)
2023-09-07 04:51:48,111 [9c9ba13f-6dd0-460e-ac54-999c1aa3e7ed-groupManagement] INFO  server.RaftServerConfigKeys (ConfUtils.java:logGet(46)) - raft.server.retrycache.expirytime = 600000ms (custom)
2023-09-07 04:51:48,111 [9c9ba13f-6dd0-460e-ac54-999c1aa3e7ed-groupManagement] INFO  server.RaftServerConfigKeys (ConfUtils.java:logGet(46)) - raft.server.retrycache.statistics.expirytime = 100μs (default)
2023-09-07 04:51:48,111 [9c9ba13f-6dd0-460e-ac54-999c1aa3e7ed-groupManagement] INFO  server.RaftServerConfigKeys (ConfUtils.java:logGet(46)) - raft.server.read.option = DEFAULT (default)
2023-09-07 04:51:48,112 [9c9ba13f-6dd0-460e-ac54-999c1aa3e7ed-groupManagement] INFO  server.RaftServerConfigKeys (ConfUtils.java:logGet(46)) - raft.server.rpc.request.timeout = 60s (custom)
2023-09-07 04:51:48,112 [9c9ba13f-6dd0-460e-ac54-999c1aa3e7ed-groupManagement] INFO  server.RaftServerConfigKeys (ConfUtils.java:logGet(46)) - raft.server.log.appender.install.snapshot.enabled = false (custom)
2023-09-07 04:51:48,112 [9c9ba13f-6dd0-460e-ac54-999c1aa3e7ed-groupManagement] INFO  server.RaftServerConfigKeys (ConfUtils.java:logGet(46)) - raft.server.threadpool.server.cached = true (default)
2023-09-07 04:51:48,112 [9c9ba13f-6dd0-460e-ac54-999c1aa3e7ed-groupManagement] INFO  server.RaftServerConfigKeys (ConfUtils.java:logGet(46)) - raft.server.threadpool.server.size = 0 (default)
2023-09-07 04:51:48,112 [9c9ba13f-6dd0-460e-ac54-999c1aa3e7ed-groupManagement] INFO  server.RaftServerConfigKeys (ConfUtils.java:logGet(46)) - raft.server.threadpool.client.cached = true (default)
2023-09-07 04:51:48,112 [9c9ba13f-6dd0-460e-ac54-999c1aa3e7ed-groupManagement] INFO  server.RaftServerConfigKeys (ConfUtils.java:logGet(46)) - raft.server.threadpool.client.size = 0 (default)
2023-09-07 04:51:48,113 [9c9ba13f-6dd0-460e-ac54-999c1aa3e7ed-groupManagement] INFO  storage.RaftStorageDirectory (RaftStorageDirectoryImpl.java:analyzeStorage(137)) - The storage directory /home/runner/work/ozone/ozone/hadoop-ozone/integration-test/target/test-dir/MiniOzoneClusterImpl-a35962c9-a2fc-4df3-96cb-042236c47d51/datanode-1/data/ratis/eec7ef64-6503-43b1-bdc6-45a374fd8469 does not exist. Creating ...
2023-09-07 04:51:48,115 [9c9ba13f-6dd0-460e-ac54-999c1aa3e7ed-groupManagement] INFO  storage.RaftStorageDirectory (RaftStorageDirectoryImpl.java:tryLock(231)) - Lock on /home/runner/work/ozone/ozone/hadoop-ozone/integration-test/target/test-dir/MiniOzoneClusterImpl-a35962c9-a2fc-4df3-96cb-042236c47d51/datanode-1/data/ratis/eec7ef64-6503-43b1-bdc6-45a374fd8469/in_use.lock acquired by nodename 7593@fv-az163-854
2023-09-07 04:51:48,116 [9c9ba13f-6dd0-460e-ac54-999c1aa3e7ed-groupManagement] INFO  storage.RaftStorage (RaftStorageImpl.java:format(96)) - Storage directory /home/runner/work/ozone/ozone/hadoop-ozone/integration-test/target/test-dir/MiniOzoneClusterImpl-a35962c9-a2fc-4df3-96cb-042236c47d51/datanode-1/data/ratis/eec7ef64-6503-43b1-bdc6-45a374fd8469 has been successfully formatted.
2023-09-07 04:51:48,120 [9c9ba13f-6dd0-460e-ac54-999c1aa3e7ed-groupManagement] INFO  ratis.ContainerStateMachine (ContainerStateMachine.java:loadSnapshot(262)) - group-45A374FD8469: The snapshot info is null. Setting the last applied indexto:(t:0, i:~)
2023-09-07 04:51:48,120 [9c9ba13f-6dd0-460e-ac54-999c1aa3e7ed-groupManagement] INFO  server.RaftServerConfigKeys (ConfUtils.java:logGet(46)) - raft.server.log.use.memory = false (default)
2023-09-07 04:51:48,120 [9c9ba13f-6dd0-460e-ac54-999c1aa3e7ed-groupManagement] INFO  server.RaftServerConfigKeys (ConfUtils.java:logGet(46)) - raft.server.log.purge.gap = 1000000 (custom)
2023-09-07 04:51:48,120 [9c9ba13f-6dd0-460e-ac54-999c1aa3e7ed-groupManagement] INFO  server.RaftServerConfigKeys (ConfUtils.java:logGet(46)) - raft.server.log.appender.buffer.byte-limit = 33554432 (custom)
2023-09-07 04:51:48,120 [9c9ba13f-6dd0-460e-ac54-999c1aa3e7ed-groupManagement] INFO  server.RaftServerConfigKeys (ConfUtils.java:logGet(46)) - raft.server.log.statemachine.data.read.timeout = 1000ms (default)
2023-09-07 04:51:48,121 [9c9ba13f-6dd0-460e-ac54-999c1aa3e7ed-groupManagement] INFO  server.RaftServerConfigKeys (ConfUtils.java:logGet(46)) - raft.server.log.purge.preservation.log.num = 0 (default)
2023-09-07 04:51:48,121 [9c9ba13f-6dd0-460e-ac54-999c1aa3e7ed-groupManagement] INFO  server.RaftServerConfigKeys (ConfUtils.java:logGet(46)) - raft.server.log.segment.size.max = 1048576 (custom)
2023-09-07 04:51:48,121 [9c9ba13f-6dd0-460e-ac54-999c1aa3e7ed-groupManagement] INFO  server.RaftServerConfigKeys (ConfUtils.java:logGet(46)) - raft.server.log.segment.cache.num.max = 2 (custom)
2023-09-07 04:51:48,121 [9c9ba13f-6dd0-460e-ac54-999c1aa3e7ed-groupManagement] INFO  server.RaftServerConfigKeys (ConfUtils.java:logGet(46)) - raft.server.log.segment.cache.size.max = 200MB (=209715200) (default)
2023-09-07 04:51:48,121 [9c9ba13f-6dd0-460e-ac54-999c1aa3e7ed-groupManagement] INFO  server.RaftServerConfigKeys (ConfUtils.java:logGet(46)) - raft.server.log.appender.buffer.byte-limit = 33554432 (custom)
2023-09-07 04:51:48,121 [9c9ba13f-6dd0-460e-ac54-999c1aa3e7ed-groupManagement] INFO  segmented.SegmentedRaftLogWorker (SegmentedRaftLogWorker.java:<init>(188)) - new 9c9ba13f-6dd0-460e-ac54-999c1aa3e7ed@group-45A374FD8469-SegmentedRaftLogWorker for RaftStorageImpl:Storage Directory /home/runner/work/ozone/ozone/hadoop-ozone/integration-test/target/test-dir/MiniOzoneClusterImpl-a35962c9-a2fc-4df3-96cb-042236c47d51/datanode-1/data/ratis/eec7ef64-6503-43b1-bdc6-45a374fd8469
2023-09-07 04:51:48,127 [9c9ba13f-6dd0-460e-ac54-999c1aa3e7ed-groupManagement] INFO  server.RaftServerConfigKeys (ConfUtils.java:logGet(46)) - raft.server.log.queue.byte-limit = 4294967296 (custom)
2023-09-07 04:51:48,127 [9c9ba13f-6dd0-460e-ac54-999c1aa3e7ed-groupManagement] INFO  server.RaftServerConfigKeys (ConfUtils.java:logGet(46)) - raft.server.log.queue.element-limit = 1024 (custom)
2023-09-07 04:51:48,127 [9c9ba13f-6dd0-460e-ac54-999c1aa3e7ed-groupManagement] INFO  server.RaftServerConfigKeys (ConfUtils.java:logGet(46)) - raft.server.log.segment.size.max = 1048576 (custom)
2023-09-07 04:51:48,127 [9c9ba13f-6dd0-460e-ac54-999c1aa3e7ed-groupManagement] INFO  server.RaftServerConfigKeys (ConfUtils.java:logGet(46)) - raft.server.log.preallocated.size = 16384 (custom)
2023-09-07 04:51:48,127 [9c9ba13f-6dd0-460e-ac54-999c1aa3e7ed-groupManagement] INFO  server.RaftServerConfigKeys (ConfUtils.java:logGet(46)) - raft.server.log.force.sync.num = 128 (default)
2023-09-07 04:51:48,127 [9c9ba13f-6dd0-460e-ac54-999c1aa3e7ed-groupManagement] INFO  server.RaftServerConfigKeys (ConfUtils.java:logGet(46)) - raft.server.log.statemachine.data.sync = true (default)
2023-09-07 04:51:48,127 [9c9ba13f-6dd0-460e-ac54-999c1aa3e7ed-groupManagement] INFO  server.RaftServerConfigKeys (ConfUtils.java:logGet(46)) - raft.server.log.statemachine.data.sync.timeout = 10s (default)
2023-09-07 04:51:48,127 [9c9ba13f-6dd0-460e-ac54-999c1aa3e7ed-groupManagement] INFO  server.RaftServerConfigKeys (ConfUtils.java:logGet(46)) - raft.server.log.statemachine.data.sync.timeout.retry = -1 (default)
2023-09-07 04:51:48,128 [EventQueue-PipelineReportForPipelineReportHandler] INFO  pipeline.PipelineReportHandler (PipelineReportHandler.java:processPipelineReport(136)) - Opened pipeline PipelineID=eec7ef64-6503-43b1-bdc6-45a374fd8469
2023-09-07 04:51:48,128 [EventQueue-OpenPipelineForHealthyPipelineSafeModeRule] INFO  safemode.SCMSafeModeManager (HealthyPipelineSafeModeRule.java:process(137)) - SCM in safe mode. Healthy pipelines reported count is 0, required healthy pipeline reported count is 1
2023-09-07 04:51:48,128 [9c9ba13f-6dd0-460e-ac54-999c1aa3e7ed-groupManagement] INFO  server.RaftServerConfigKeys (ConfUtils.java:logGet(46)) - raft.server.log.write.buffer.size = 1048576 (custom)
2023-09-07 04:51:48,130 [9c9ba13f-6dd0-460e-ac54-999c1aa3e7ed-groupManagement] INFO  server.RaftServerConfigKeys (ConfUtils.java:logGet(46)) - raft.server.log.appender.buffer.byte-limit = 33554432 (custom)
2023-09-07 04:51:48,140 [9c9ba13f-6dd0-460e-ac54-999c1aa3e7ed-groupManagement] INFO  server.RaftServerConfigKeys (ConfUtils.java:logGet(46)) - raft.server.log.unsafe-flush.enabled = false (default)
2023-09-07 04:51:48,140 [PipelineCommandHandlerThread-0] INFO  commandhandler.CreatePipelineCommandHandler (CreatePipelineCommandHandler.java:lambda$handle$2(124)) - Created Pipeline RATIS THREE PipelineID=9af03a98-57b5-4091-9be8-41019568f4e6.
2023-09-07 04:51:48,140 [9c9ba13f-6dd0-460e-ac54-999c1aa3e7ed-groupManagement] INFO  server.RaftServerConfigKeys (ConfUtils.java:logGet(46)) - raft.server.log.async-flush.enabled = false (default)
2023-09-07 04:51:48,140 [9c9ba13f-6dd0-460e-ac54-999c1aa3e7ed-groupManagement] INFO  server.RaftServerConfigKeys (ConfUtils.java:logGet(46)) - raft.server.log.statemachine.data.caching.enabled = true (custom)
2023-09-07 04:51:48,140 [9c9ba13f-6dd0-460e-ac54-999c1aa3e7ed-groupManagement] INFO  segmented.SegmentedRaftLogWorker (SegmentedRaftLogWorker.java:lambda$new$0(135)) - 9c9ba13f-6dd0-460e-ac54-999c1aa3e7ed@group-45A374FD8469-SegmentedRaftLogWorker: flushIndex: setUnconditionally 0 -> -1
2023-09-07 04:51:48,140 [9c9ba13f-6dd0-460e-ac54-999c1aa3e7ed-groupManagement] INFO  segmented.SegmentedRaftLogWorker (SegmentedRaftLogWorker.java:lambda$new$0(135)) - 9c9ba13f-6dd0-460e-ac54-999c1aa3e7ed@group-45A374FD8469-SegmentedRaftLogWorker: safeCacheEvictIndex: setUnconditionally 0 -> -1
2023-09-07 04:51:48,141 [9c9ba13f-6dd0-460e-ac54-999c1aa3e7ed-groupManagement] INFO  server.RaftServer$Division (RaftServerImpl.java:start(342)) - 9c9ba13f-6dd0-460e-ac54-999c1aa3e7ed@group-45A374FD8469: start as a follower, conf=-1: peers:[9c9ba13f-6dd0-460e-ac54-999c1aa3e7ed|rpc:10.1.0.9:15129|admin:10.1.0.9:15128|client:10.1.0.9:15127|dataStream:10.1.0.9:15130|priority:1|startupRole:FOLLOWER]|listeners:[], old=null
2023-09-07 04:51:48,141 [9c9ba13f-6dd0-460e-ac54-999c1aa3e7ed-groupManagement] INFO  server.RaftServer$Division (RaftServerImpl.java:setRole(329)) - 9c9ba13f-6dd0-460e-ac54-999c1aa3e7ed@group-45A374FD8469: changes role from      null to FOLLOWER at term 0 for startAsFollower
2023-09-07 04:51:48,141 [9c9ba13f-6dd0-460e-ac54-999c1aa3e7ed-groupManagement] INFO  impl.RoleInfo (RoleInfo.java:updateAndGet(139)) - 9c9ba13f-6dd0-460e-ac54-999c1aa3e7ed: start 9c9ba13f-6dd0-460e-ac54-999c1aa3e7ed@group-45A374FD8469-FollowerState
2023-09-07 04:51:48,145 [9c9ba13f-6dd0-460e-ac54-999c1aa3e7ed-groupManagement] INFO  util.JmxRegister (JmxRegister.java:tryRegister(44)) - Successfully registered JMX Bean with object name Ratis:service=RaftServer,group=group-45A374FD8469,id=9c9ba13f-6dd0-460e-ac54-999c1aa3e7ed
2023-09-07 04:51:48,146 [9c9ba13f-6dd0-460e-ac54-999c1aa3e7ed-groupManagement] INFO  server.RaftServerConfigKeys (ConfUtils.java:logGet(46)) - raft.server.snapshot.auto.trigger.enabled = true (custom)
2023-09-07 04:51:48,146 [9c9ba13f-6dd0-460e-ac54-999c1aa3e7ed-groupManagement] INFO  server.RaftServerConfigKeys (ConfUtils.java:logGet(46)) - raft.server.snapshot.auto.trigger.threshold = 10000 (custom)
2023-09-07 04:51:48,146 [9c9ba13f-6dd0-460e-ac54-999c1aa3e7ed-groupManagement] INFO  server.RaftServerConfigKeys (ConfUtils.java:logGet(46)) - raft.server.snapshot.retention.file.num = 5 (custom)
2023-09-07 04:51:48,146 [9c9ba13f-6dd0-460e-ac54-999c1aa3e7ed-groupManagement] INFO  server.RaftServerConfigKeys (ConfUtils.java:logGet(46)) - raft.server.log.purge.upto.snapshot.index = false (default)
2023-09-07 04:51:48,146 [9c9ba13f-6dd0-460e-ac54-999c1aa3e7ed@group-45A374FD8469-FollowerState] INFO  server.RaftServerConfigKeys (ConfUtils.java:logFallback(53)) - raft.server.rpc.first-election.timeout.min = 5s (fallback to raft.server.rpc.timeout.min)
2023-09-07 04:51:48,146 [9c9ba13f-6dd0-460e-ac54-999c1aa3e7ed@group-45A374FD8469-FollowerState] INFO  server.RaftServerConfigKeys (ConfUtils.java:logFallback(53)) - raft.server.rpc.first-election.timeout.max = 5200ms (fallback to raft.server.rpc.timeout.max)
2023-09-07 04:51:48,149 [PipelineCommandHandlerThread-0] INFO  ratis.XceiverServerRatis (XceiverServerRatis.java:addGroup(804)) - Created group PipelineID=eec7ef64-6503-43b1-bdc6-45a374fd8469
2023-09-07 04:51:48,149 [PipelineCommandHandlerThread-0] INFO  commandhandler.CreatePipelineCommandHandler (CreatePipelineCommandHandler.java:lambda$handle$2(124)) - Created Pipeline RATIS ONE PipelineID=eec7ef64-6503-43b1-bdc6-45a374fd8469.
2023-09-07 04:51:48,215 [main] INFO  ozone.MiniOzoneClusterImpl (MiniOzoneClusterImpl.java:lambda$waitForClusterToBeReady$0(224)) - Nodes are ready. Got 5 of 5 DN Heartbeats.
2023-09-07 04:51:48,215 [main] INFO  ozone.MiniOzoneClusterImpl (MiniOzoneClusterImpl.java:lambda$waitForClusterToBeReady$0(227)) - Waiting for cluster to exit safe mode
2023-09-07 04:51:48,215 [main] INFO  ozone.MiniOzoneClusterImpl (MiniOzoneClusterImpl.java:lambda$waitForClusterToBeReady$0(229)) - SCM became leader
2023-09-07 04:51:48,478 [PipelineCommandHandlerThread-0] INFO  server.RaftServer (RaftServerProxy.java:addNew(98)) - 1ddc0cd2-9f64-4abc-9646-a27e7b7d0879: addNew group-80EBEC4B8BD9:[1ddc0cd2-9f64-4abc-9646-a27e7b7d0879|rpc:10.1.0.9:15138|admin:10.1.0.9:15137|client:10.1.0.9:15136|dataStream:10.1.0.9:15139|priority:1|startupRole:FOLLOWER] returns group-80EBEC4B8BD9:java.util.concurrent.CompletableFuture@53a6beb6[Not completed]
2023-09-07 04:51:48,479 [1ddc0cd2-9f64-4abc-9646-a27e7b7d0879-groupManagement] INFO  server.RaftServer$Division (RaftServerImpl.java:<init>(198)) - 1ddc0cd2-9f64-4abc-9646-a27e7b7d0879: new RaftServerImpl for group-80EBEC4B8BD9:[1ddc0cd2-9f64-4abc-9646-a27e7b7d0879|rpc:10.1.0.9:15138|admin:10.1.0.9:15137|client:10.1.0.9:15136|dataStream:10.1.0.9:15139|priority:1|startupRole:FOLLOWER] with ContainerStateMachine:uninitialized
2023-09-07 04:51:48,479 [1ddc0cd2-9f64-4abc-9646-a27e7b7d0879-groupManagement] INFO  server.RaftServerConfigKeys (ConfUtils.java:logGet(46)) - raft.server.rpc.timeout.min = 5s (custom)
2023-09-07 04:51:48,479 [1ddc0cd2-9f64-4abc-9646-a27e7b7d0879-groupManagement] INFO  server.RaftServerConfigKeys (ConfUtils.java:logGet(46)) - raft.server.rpc.timeout.max = 5200ms (custom)
2023-09-07 04:51:48,479 [1ddc0cd2-9f64-4abc-9646-a27e7b7d0879-groupManagement] INFO  server.RaftServerConfigKeys (ConfUtils.java:logGet(46)) - raft.server.rpc.sleep.time = 25ms (default)
2023-09-07 04:51:48,479 [1ddc0cd2-9f64-4abc-9646-a27e7b7d0879-groupManagement] INFO  server.RaftServerConfigKeys (ConfUtils.java:logGet(46)) - raft.server.rpc.slowness.timeout = 300s (custom)
2023-09-07 04:51:48,479 [1ddc0cd2-9f64-4abc-9646-a27e7b7d0879-groupManagement] INFO  server.RaftServerConfigKeys (ConfUtils.java:logGet(46)) - raft.server.leaderelection.leader.step-down.wait-time = 10s (default)
2023-09-07 04:51:48,479 [1ddc0cd2-9f64-4abc-9646-a27e7b7d0879-groupManagement] INFO  server.RaftServerConfigKeys (ConfUtils.java:logGet(46)) - raft.server.sleep.deviation.threshold = 300ms (default)
2023-09-07 04:51:48,479 [1ddc0cd2-9f64-4abc-9646-a27e7b7d0879-groupManagement] INFO  server.RaftServer$Division (ServerState.java:<init>(120)) - 1ddc0cd2-9f64-4abc-9646-a27e7b7d0879@group-80EBEC4B8BD9: ConfigurationManager, init=-1: peers:[1ddc0cd2-9f64-4abc-9646-a27e7b7d0879|rpc:10.1.0.9:15138|admin:10.1.0.9:15137|client:10.1.0.9:15136|dataStream:10.1.0.9:15139|priority:1|startupRole:FOLLOWER]|listeners:[], old=null, confs=<EMPTY_MAP>
2023-09-07 04:51:48,479 [1ddc0cd2-9f64-4abc-9646-a27e7b7d0879-groupManagement] INFO  server.RaftServerConfigKeys (ConfUtils.java:logGet(46)) - raft.server.storage.dir = [/home/runner/work/ozone/ozone/hadoop-ozone/integration-test/target/test-dir/MiniOzoneClusterImpl-a35962c9-a2fc-4df3-96cb-042236c47d51/datanode-2/data/ratis] (custom)
2023-09-07 04:51:48,480 [1ddc0cd2-9f64-4abc-9646-a27e7b7d0879-groupManagement] INFO  server.RaftServerConfigKeys (ConfUtils.java:logGet(46)) - raft.server.log.corruption.policy = EXCEPTION (default)
2023-09-07 04:51:48,480 [1ddc0cd2-9f64-4abc-9646-a27e7b7d0879-groupManagement] INFO  server.RaftServerConfigKeys (ConfUtils.java:logGet(46)) - raft.server.storage.free-space.min = 0MB (=0) (default)
2023-09-07 04:51:48,480 [1ddc0cd2-9f64-4abc-9646-a27e7b7d0879-groupManagement] INFO  server.RaftServerConfigKeys (ConfUtils.java:logGet(46)) - raft.server.notification.no-leader.timeout = 300s (custom)
2023-09-07 04:51:48,480 [1ddc0cd2-9f64-4abc-9646-a27e7b7d0879-groupManagement] INFO  server.RaftServerConfigKeys (ConfUtils.java:logGet(46)) - raft.server.read.timeout = 10s (default)
2023-09-07 04:51:48,480 [1ddc0cd2-9f64-4abc-9646-a27e7b7d0879-groupManagement] INFO  server.RaftServerConfigKeys (ConfUtils.java:logGet(46)) - raft.server.retrycache.expirytime = 600000ms (custom)
2023-09-07 04:51:48,480 [1ddc0cd2-9f64-4abc-9646-a27e7b7d0879-groupManagement] INFO  server.RaftServerConfigKeys (ConfUtils.java:logGet(46)) - raft.server.retrycache.statistics.expirytime = 100μs (default)
2023-09-07 04:51:48,480 [1ddc0cd2-9f64-4abc-9646-a27e7b7d0879-groupManagement] INFO  server.RaftServerConfigKeys (ConfUtils.java:logGet(46)) - raft.server.read.option = DEFAULT (default)
2023-09-07 04:51:48,481 [1ddc0cd2-9f64-4abc-9646-a27e7b7d0879-groupManagement] INFO  server.RaftServerConfigKeys (ConfUtils.java:logGet(46)) - raft.server.rpc.request.timeout = 60s (custom)
2023-09-07 04:51:48,481 [1ddc0cd2-9f64-4abc-9646-a27e7b7d0879-groupManagement] INFO  server.RaftServerConfigKeys (ConfUtils.java:logGet(46)) - raft.server.log.appender.install.snapshot.enabled = false (custom)
2023-09-07 04:51:48,481 [1ddc0cd2-9f64-4abc-9646-a27e7b7d0879-groupManagement] INFO  server.RaftServerConfigKeys (ConfUtils.java:logGet(46)) - raft.server.threadpool.server.cached = true (default)
2023-09-07 04:51:48,481 [1ddc0cd2-9f64-4abc-9646-a27e7b7d0879-groupManagement] INFO  server.RaftServerConfigKeys (ConfUtils.java:logGet(46)) - raft.server.threadpool.server.size = 0 (default)
2023-09-07 04:51:48,481 [1ddc0cd2-9f64-4abc-9646-a27e7b7d0879-groupManagement] INFO  server.RaftServerConfigKeys (ConfUtils.java:logGet(46)) - raft.server.threadpool.client.cached = true (default)
2023-09-07 04:51:48,481 [1ddc0cd2-9f64-4abc-9646-a27e7b7d0879-groupManagement] INFO  server.RaftServerConfigKeys (ConfUtils.java:logGet(46)) - raft.server.threadpool.client.size = 0 (default)
2023-09-07 04:51:48,482 [1ddc0cd2-9f64-4abc-9646-a27e7b7d0879-groupManagement] INFO  storage.RaftStorageDirectory (RaftStorageDirectoryImpl.java:analyzeStorage(137)) - The storage directory /home/runner/work/ozone/ozone/hadoop-ozone/integration-test/target/test-dir/MiniOzoneClusterImpl-a35962c9-a2fc-4df3-96cb-042236c47d51/datanode-2/data/ratis/c1bc81ef-d096-4478-b3cf-80ebec4b8bd9 does not exist. Creating ...
2023-09-07 04:51:48,483 [1ddc0cd2-9f64-4abc-9646-a27e7b7d0879-groupManagement] INFO  storage.RaftStorageDirectory (RaftStorageDirectoryImpl.java:tryLock(231)) - Lock on /home/runner/work/ozone/ozone/hadoop-ozone/integration-test/target/test-dir/MiniOzoneClusterImpl-a35962c9-a2fc-4df3-96cb-042236c47d51/datanode-2/data/ratis/c1bc81ef-d096-4478-b3cf-80ebec4b8bd9/in_use.lock acquired by nodename 7593@fv-az163-854
2023-09-07 04:51:48,486 [1ddc0cd2-9f64-4abc-9646-a27e7b7d0879-groupManagement] INFO  storage.RaftStorage (RaftStorageImpl.java:format(96)) - Storage directory /home/runner/work/ozone/ozone/hadoop-ozone/integration-test/target/test-dir/MiniOzoneClusterImpl-a35962c9-a2fc-4df3-96cb-042236c47d51/datanode-2/data/ratis/c1bc81ef-d096-4478-b3cf-80ebec4b8bd9 has been successfully formatted.
2023-09-07 04:51:48,487 [1ddc0cd2-9f64-4abc-9646-a27e7b7d0879-groupManagement] INFO  ratis.ContainerStateMachine (ContainerStateMachine.java:loadSnapshot(262)) - group-80EBEC4B8BD9: The snapshot info is null. Setting the last applied indexto:(t:0, i:~)
2023-09-07 04:51:48,487 [1ddc0cd2-9f64-4abc-9646-a27e7b7d0879-groupManagement] INFO  server.RaftServerConfigKeys (ConfUtils.java:logGet(46)) - raft.server.log.use.memory = false (default)
2023-09-07 04:51:48,487 [1ddc0cd2-9f64-4abc-9646-a27e7b7d0879-groupManagement] INFO  server.RaftServerConfigKeys (ConfUtils.java:logGet(46)) - raft.server.log.purge.gap = 1000000 (custom)
2023-09-07 04:51:48,487 [1ddc0cd2-9f64-4abc-9646-a27e7b7d0879-groupManagement] INFO  server.RaftServerConfigKeys (ConfUtils.java:logGet(46)) - raft.server.log.appender.buffer.byte-limit = 33554432 (custom)
2023-09-07 04:51:48,487 [1ddc0cd2-9f64-4abc-9646-a27e7b7d0879-groupManagement] INFO  server.RaftServerConfigKeys (ConfUtils.java:logGet(46)) - raft.server.log.statemachine.data.read.timeout = 1000ms (default)
2023-09-07 04:51:48,488 [1ddc0cd2-9f64-4abc-9646-a27e7b7d0879-groupManagement] INFO  server.RaftServerConfigKeys (ConfUtils.java:logGet(46)) - raft.server.log.purge.preservation.log.num = 0 (default)
2023-09-07 04:51:48,488 [1ddc0cd2-9f64-4abc-9646-a27e7b7d0879-groupManagement] INFO  server.RaftServerConfigKeys (ConfUtils.java:logGet(46)) - raft.server.log.segment.size.max = 1048576 (custom)
2023-09-07 04:51:48,488 [EventQueue-PipelineReportForPipelineReportHandler] INFO  pipeline.PipelineReportHandler (PipelineReportHandler.java:processPipelineReport(136)) - Opened pipeline PipelineID=c1bc81ef-d096-4478-b3cf-80ebec4b8bd9
2023-09-07 04:51:48,488 [EventQueue-OpenPipelineForHealthyPipelineSafeModeRule] INFO  safemode.SCMSafeModeManager (HealthyPipelineSafeModeRule.java:process(137)) - SCM in safe mode. Healthy pipelines reported count is 0, required healthy pipeline reported count is 1
2023-09-07 04:51:48,489 [1ddc0cd2-9f64-4abc-9646-a27e7b7d0879-groupManagement] INFO  server.RaftServerConfigKeys (ConfUtils.java:logGet(46)) - raft.server.log.segment.cache.num.max = 2 (custom)
2023-09-07 04:51:48,489 [1ddc0cd2-9f64-4abc-9646-a27e7b7d0879-groupManagement] INFO  server.RaftServerConfigKeys (ConfUtils.java:logGet(46)) - raft.server.log.segment.cache.size.max = 200MB (=209715200) (default)
2023-09-07 04:51:48,490 [1ddc0cd2-9f64-4abc-9646-a27e7b7d0879-groupManagement] INFO  server.RaftServerConfigKeys (ConfUtils.java:logGet(46)) - raft.server.log.appender.buffer.byte-limit = 33554432 (custom)
2023-09-07 04:51:48,490 [1ddc0cd2-9f64-4abc-9646-a27e7b7d0879-groupManagement] INFO  segmented.SegmentedRaftLogWorker (SegmentedRaftLogWorker.java:<init>(188)) - new 1ddc0cd2-9f64-4abc-9646-a27e7b7d0879@group-80EBEC4B8BD9-SegmentedRaftLogWorker for RaftStorageImpl:Storage Directory /home/runner/work/ozone/ozone/hadoop-ozone/integration-test/target/test-dir/MiniOzoneClusterImpl-a35962c9-a2fc-4df3-96cb-042236c47d51/datanode-2/data/ratis/c1bc81ef-d096-4478-b3cf-80ebec4b8bd9
2023-09-07 04:51:48,490 [1ddc0cd2-9f64-4abc-9646-a27e7b7d0879-groupManagement] INFO  server.RaftServerConfigKeys (ConfUtils.java:logGet(46)) - raft.server.log.queue.byte-limit = 4294967296 (custom)
2023-09-07 04:51:48,490 [1ddc0cd2-9f64-4abc-9646-a27e7b7d0879-groupManagement] INFO  server.RaftServerConfigKeys (ConfUtils.java:logGet(46)) - raft.server.log.queue.element-limit = 1024 (custom)
2023-09-07 04:51:48,490 [1ddc0cd2-9f64-4abc-9646-a27e7b7d0879-groupManagement] INFO  server.RaftServerConfigKeys (ConfUtils.java:logGet(46)) - raft.server.log.segment.size.max = 1048576 (custom)
2023-09-07 04:51:48,490 [1ddc0cd2-9f64-4abc-9646-a27e7b7d0879-groupManagement] INFO  server.RaftServerConfigKeys (ConfUtils.java:logGet(46)) - raft.server.log.preallocated.size = 16384 (custom)
2023-09-07 04:51:48,490 [1ddc0cd2-9f64-4abc-9646-a27e7b7d0879-groupManagement] INFO  server.RaftServerConfigKeys (ConfUtils.java:logGet(46)) - raft.server.log.force.sync.num = 128 (default)
2023-09-07 04:51:48,490 [1ddc0cd2-9f64-4abc-9646-a27e7b7d0879-groupManagement] INFO  server.RaftServerConfigKeys (ConfUtils.java:logGet(46)) - raft.server.log.statemachine.data.sync = true (default)
2023-09-07 04:51:48,490 [1ddc0cd2-9f64-4abc-9646-a27e7b7d0879-groupManagement] INFO  server.RaftServerConfigKeys (ConfUtils.java:logGet(46)) - raft.server.log.statemachine.data.sync.timeout = 10s (default)
2023-09-07 04:51:48,490 [1ddc0cd2-9f64-4abc-9646-a27e7b7d0879-groupManagement] INFO  server.RaftServerConfigKeys (ConfUtils.java:logGet(46)) - raft.server.log.statemachine.data.sync.timeout.retry = -1 (default)
2023-09-07 04:51:48,491 [1ddc0cd2-9f64-4abc-9646-a27e7b7d0879-groupManagement] INFO  server.RaftServerConfigKeys (ConfUtils.java:logGet(46)) - raft.server.log.write.buffer.size = 1048576 (custom)
2023-09-07 04:51:48,491 [1ddc0cd2-9f64-4abc-9646-a27e7b7d0879-groupManagement] INFO  server.RaftServerConfigKeys (ConfUtils.java:logGet(46)) - raft.server.log.appender.buffer.byte-limit = 33554432 (custom)
2023-09-07 04:51:48,498 [1ddc0cd2-9f64-4abc-9646-a27e7b7d0879-groupManagement] INFO  server.RaftServerConfigKeys (ConfUtils.java:logGet(46)) - raft.server.log.unsafe-flush.enabled = false (default)
2023-09-07 04:51:48,498 [1ddc0cd2-9f64-4abc-9646-a27e7b7d0879-groupManagement] INFO  server.RaftServerConfigKeys (ConfUtils.java:logGet(46)) - raft.server.log.async-flush.enabled = false (default)
2023-09-07 04:51:48,498 [1ddc0cd2-9f64-4abc-9646-a27e7b7d0879-groupManagement] INFO  server.RaftServerConfigKeys (ConfUtils.java:logGet(46)) - raft.server.log.statemachine.data.caching.enabled = true (custom)
2023-09-07 04:51:48,499 [1ddc0cd2-9f64-4abc-9646-a27e7b7d0879-groupManagement] INFO  segmented.SegmentedRaftLogWorker (SegmentedRaftLogWorker.java:lambda$new$0(135)) - 1ddc0cd2-9f64-4abc-9646-a27e7b7d0879@group-80EBEC4B8BD9-SegmentedRaftLogWorker: flushIndex: setUnconditionally 0 -> -1
2023-09-07 04:51:48,499 [1ddc0cd2-9f64-4abc-9646-a27e7b7d0879-groupManagement] INFO  segmented.SegmentedRaftLogWorker (SegmentedRaftLogWorker.java:lambda$new$0(135)) - 1ddc0cd2-9f64-4abc-9646-a27e7b7d0879@group-80EBEC4B8BD9-SegmentedRaftLogWorker: safeCacheEvictIndex: setUnconditionally 0 -> -1
2023-09-07 04:51:48,499 [1ddc0cd2-9f64-4abc-9646-a27e7b7d0879-groupManagement] INFO  server.RaftServer$Division (RaftServerImpl.java:start(342)) - 1ddc0cd2-9f64-4abc-9646-a27e7b7d0879@group-80EBEC4B8BD9: start as a follower, conf=-1: peers:[1ddc0cd2-9f64-4abc-9646-a27e7b7d0879|rpc:10.1.0.9:15138|admin:10.1.0.9:15137|client:10.1.0.9:15136|dataStream:10.1.0.9:15139|priority:1|startupRole:FOLLOWER]|listeners:[], old=null
2023-09-07 04:51:48,499 [1ddc0cd2-9f64-4abc-9646-a27e7b7d0879-groupManagement] INFO  server.RaftServer$Division (RaftServerImpl.java:setRole(329)) - 1ddc0cd2-9f64-4abc-9646-a27e7b7d0879@group-80EBEC4B8BD9: changes role from      null to FOLLOWER at term 0 for startAsFollower
2023-09-07 04:51:48,499 [1ddc0cd2-9f64-4abc-9646-a27e7b7d0879-groupManagement] INFO  impl.RoleInfo (RoleInfo.java:updateAndGet(139)) - 1ddc0cd2-9f64-4abc-9646-a27e7b7d0879: start 1ddc0cd2-9f64-4abc-9646-a27e7b7d0879@group-80EBEC4B8BD9-FollowerState
2023-09-07 04:51:48,499 [1ddc0cd2-9f64-4abc-9646-a27e7b7d0879-groupManagement] INFO  util.JmxRegister (JmxRegister.java:tryRegister(44)) - Successfully registered JMX Bean with object name Ratis:service=RaftServer,group=group-80EBEC4B8BD9,id=1ddc0cd2-9f64-4abc-9646-a27e7b7d0879
2023-09-07 04:51:48,500 [1ddc0cd2-9f64-4abc-9646-a27e7b7d0879-groupManagement] INFO  server.RaftServerConfigKeys (ConfUtils.java:logGet(46)) - raft.server.snapshot.auto.trigger.enabled = true (custom)
2023-09-07 04:51:48,500 [1ddc0cd2-9f64-4abc-9646-a27e7b7d0879-groupManagement] INFO  server.RaftServerConfigKeys (ConfUtils.java:logGet(46)) - raft.server.snapshot.auto.trigger.threshold = 10000 (custom)
2023-09-07 04:51:48,500 [1ddc0cd2-9f64-4abc-9646-a27e7b7d0879-groupManagement] INFO  server.RaftServerConfigKeys (ConfUtils.java:logGet(46)) - raft.server.snapshot.retention.file.num = 5 (custom)
2023-09-07 04:51:48,500 [1ddc0cd2-9f64-4abc-9646-a27e7b7d0879-groupManagement] INFO  server.RaftServerConfigKeys (ConfUtils.java:logGet(46)) - raft.server.log.purge.upto.snapshot.index = false (default)
2023-09-07 04:51:48,500 [1ddc0cd2-9f64-4abc-9646-a27e7b7d0879@group-80EBEC4B8BD9-FollowerState] INFO  server.RaftServerConfigKeys (ConfUtils.java:logFallback(53)) - raft.server.rpc.first-election.timeout.min = 5s (fallback to raft.server.rpc.timeout.min)
2023-09-07 04:51:48,501 [1ddc0cd2-9f64-4abc-9646-a27e7b7d0879@group-80EBEC4B8BD9-FollowerState] INFO  server.RaftServerConfigKeys (ConfUtils.java:logFallback(53)) - raft.server.rpc.first-election.timeout.max = 5200ms (fallback to raft.server.rpc.timeout.max)
2023-09-07 04:51:48,501 [PipelineCommandHandlerThread-0] INFO  ratis.XceiverServerRatis (XceiverServerRatis.java:addGroup(804)) - Created group PipelineID=c1bc81ef-d096-4478-b3cf-80ebec4b8bd9
2023-09-07 04:51:48,501 [PipelineCommandHandlerThread-0] INFO  commandhandler.CreatePipelineCommandHandler (CreatePipelineCommandHandler.java:lambda$handle$2(124)) - Created Pipeline RATIS ONE PipelineID=c1bc81ef-d096-4478-b3cf-80ebec4b8bd9.
2023-09-07 04:51:48,864 [PipelineCommandHandlerThread-0] INFO  server.RaftServer (RaftServerProxy.java:addNew(98)) - cbeb8a2c-f8e2-4c14-b4f8-5d428d71e083: addNew group-3068A7155903:[cbeb8a2c-f8e2-4c14-b4f8-5d428d71e083|rpc:10.1.0.9:15147|admin:10.1.0.9:15146|client:10.1.0.9:15145|dataStream:10.1.0.9:15148|priority:1|startupRole:FOLLOWER] returns group-3068A7155903:java.util.concurrent.CompletableFuture@60b1f3c[Not completed]
2023-09-07 04:51:48,917 [cbeb8a2c-f8e2-4c14-b4f8-5d428d71e083-groupManagement] INFO  server.RaftServer$Division (RaftServerImpl.java:<init>(198)) - cbeb8a2c-f8e2-4c14-b4f8-5d428d71e083: new RaftServerImpl for group-3068A7155903:[cbeb8a2c-f8e2-4c14-b4f8-5d428d71e083|rpc:10.1.0.9:15147|admin:10.1.0.9:15146|client:10.1.0.9:15145|dataStream:10.1.0.9:15148|priority:1|startupRole:FOLLOWER] with ContainerStateMachine:uninitialized
2023-09-07 04:51:48,918 [cbeb8a2c-f8e2-4c14-b4f8-5d428d71e083-groupManagement] INFO  server.RaftServerConfigKeys (ConfUtils.java:logGet(46)) - raft.server.rpc.timeout.min = 5s (custom)
2023-09-07 04:51:48,918 [cbeb8a2c-f8e2-4c14-b4f8-5d428d71e083-groupManagement] INFO  server.RaftServerConfigKeys (ConfUtils.java:logGet(46)) - raft.server.rpc.timeout.max = 5200ms (custom)
2023-09-07 04:51:48,918 [cbeb8a2c-f8e2-4c14-b4f8-5d428d71e083-groupManagement] INFO  server.RaftServerConfigKeys (ConfUtils.java:logGet(46)) - raft.server.rpc.sleep.time = 25ms (default)
2023-09-07 04:51:48,918 [cbeb8a2c-f8e2-4c14-b4f8-5d428d71e083-groupManagement] INFO  server.RaftServerConfigKeys (ConfUtils.java:logGet(46)) - raft.server.rpc.slowness.timeout = 300s (custom)
2023-09-07 04:51:48,918 [cbeb8a2c-f8e2-4c14-b4f8-5d428d71e083-groupManagement] INFO  server.RaftServerConfigKeys (ConfUtils.java:logGet(46)) - raft.server.leaderelection.leader.step-down.wait-time = 10s (default)
2023-09-07 04:51:48,918 [cbeb8a2c-f8e2-4c14-b4f8-5d428d71e083-groupManagement] INFO  server.RaftServerConfigKeys (ConfUtils.java:logGet(46)) - raft.server.sleep.deviation.threshold = 300ms (default)
2023-09-07 04:51:48,918 [cbeb8a2c-f8e2-4c14-b4f8-5d428d71e083-groupManagement] INFO  server.RaftServer$Division (ServerState.java:<init>(120)) - cbeb8a2c-f8e2-4c14-b4f8-5d428d71e083@group-3068A7155903: ConfigurationManager, init=-1: peers:[cbeb8a2c-f8e2-4c14-b4f8-5d428d71e083|rpc:10.1.0.9:15147|admin:10.1.0.9:15146|client:10.1.0.9:15145|dataStream:10.1.0.9:15148|priority:1|startupRole:FOLLOWER]|listeners:[], old=null, confs=<EMPTY_MAP>
2023-09-07 04:51:48,918 [cbeb8a2c-f8e2-4c14-b4f8-5d428d71e083-groupManagement] INFO  server.RaftServerConfigKeys (ConfUtils.java:logGet(46)) - raft.server.storage.dir = [/home/runner/work/ozone/ozone/hadoop-ozone/integration-test/target/test-dir/MiniOzoneClusterImpl-a35962c9-a2fc-4df3-96cb-042236c47d51/datanode-3/data/ratis] (custom)
2023-09-07 04:51:48,918 [cbeb8a2c-f8e2-4c14-b4f8-5d428d71e083-groupManagement] INFO  server.RaftServerConfigKeys (ConfUtils.java:logGet(46)) - raft.server.log.corruption.policy = EXCEPTION (default)
2023-09-07 04:51:48,919 [cbeb8a2c-f8e2-4c14-b4f8-5d428d71e083-groupManagement] INFO  server.RaftServerConfigKeys (ConfUtils.java:logGet(46)) - raft.server.storage.free-space.min = 0MB (=0) (default)
2023-09-07 04:51:48,919 [cbeb8a2c-f8e2-4c14-b4f8-5d428d71e083-groupManagement] INFO  server.RaftServerConfigKeys (ConfUtils.java:logGet(46)) - raft.server.notification.no-leader.timeout = 300s (custom)
2023-09-07 04:51:48,919 [cbeb8a2c-f8e2-4c14-b4f8-5d428d71e083-groupManagement] INFO  server.RaftServerConfigKeys (ConfUtils.java:logGet(46)) - raft.server.read.timeout = 10s (default)
2023-09-07 04:51:48,919 [cbeb8a2c-f8e2-4c14-b4f8-5d428d71e083-groupManagement] INFO  server.RaftServerConfigKeys (ConfUtils.java:logGet(46)) - raft.server.retrycache.expirytime = 600000ms (custom)
2023-09-07 04:51:48,919 [cbeb8a2c-f8e2-4c14-b4f8-5d428d71e083-groupManagement] INFO  server.RaftServerConfigKeys (ConfUtils.java:logGet(46)) - raft.server.retrycache.statistics.expirytime = 100μs (default)
2023-09-07 04:51:48,919 [cbeb8a2c-f8e2-4c14-b4f8-5d428d71e083-groupManagement] INFO  server.RaftServerConfigKeys (ConfUtils.java:logGet(46)) - raft.server.read.option = DEFAULT (default)
2023-09-07 04:51:48,920 [cbeb8a2c-f8e2-4c14-b4f8-5d428d71e083-groupManagement] INFO  server.RaftServerConfigKeys (ConfUtils.java:logGet(46)) - raft.server.rpc.request.timeout = 60s (custom)
2023-09-07 04:51:48,920 [cbeb8a2c-f8e2-4c14-b4f8-5d428d71e083-groupManagement] INFO  server.RaftServerConfigKeys (ConfUtils.java:logGet(46)) - raft.server.log.appender.install.snapshot.enabled = false (custom)
2023-09-07 04:51:48,920 [cbeb8a2c-f8e2-4c14-b4f8-5d428d71e083-groupManagement] INFO  server.RaftServerConfigKeys (ConfUtils.java:logGet(46)) - raft.server.threadpool.server.cached = true (default)
2023-09-07 04:51:48,920 [cbeb8a2c-f8e2-4c14-b4f8-5d428d71e083-groupManagement] INFO  server.RaftServerConfigKeys (ConfUtils.java:logGet(46)) - raft.server.threadpool.server.size = 0 (default)
2023-09-07 04:51:48,920 [cbeb8a2c-f8e2-4c14-b4f8-5d428d71e083-groupManagement] INFO  server.RaftServerConfigKeys (ConfUtils.java:logGet(46)) - raft.server.threadpool.client.cached = true (default)
2023-09-07 04:51:48,920 [cbeb8a2c-f8e2-4c14-b4f8-5d428d71e083-groupManagement] INFO  server.RaftServerConfigKeys (ConfUtils.java:logGet(46)) - raft.server.threadpool.client.size = 0 (default)
2023-09-07 04:51:48,920 [cbeb8a2c-f8e2-4c14-b4f8-5d428d71e083-groupManagement] INFO  storage.RaftStorageDirectory (RaftStorageDirectoryImpl.java:analyzeStorage(137)) - The storage directory /home/runner/work/ozone/ozone/hadoop-ozone/integration-test/target/test-dir/MiniOzoneClusterImpl-a35962c9-a2fc-4df3-96cb-042236c47d51/datanode-3/data/ratis/bfd3daf2-30c5-4443-9763-3068a7155903 does not exist. Creating ...
2023-09-07 04:51:48,924 [cbeb8a2c-f8e2-4c14-b4f8-5d428d71e083-groupManagement] INFO  storage.RaftStorageDirectory (RaftStorageDirectoryImpl.java:tryLock(231)) - Lock on /home/runner/work/ozone/ozone/hadoop-ozone/integration-test/target/test-dir/MiniOzoneClusterImpl-a35962c9-a2fc-4df3-96cb-042236c47d51/datanode-3/data/ratis/bfd3daf2-30c5-4443-9763-3068a7155903/in_use.lock acquired by nodename 7593@fv-az163-854
2023-09-07 04:51:48,926 [cbeb8a2c-f8e2-4c14-b4f8-5d428d71e083-groupManagement] INFO  storage.RaftStorage (RaftStorageImpl.java:format(96)) - Storage directory /home/runner/work/ozone/ozone/hadoop-ozone/integration-test/target/test-dir/MiniOzoneClusterImpl-a35962c9-a2fc-4df3-96cb-042236c47d51/datanode-3/data/ratis/bfd3daf2-30c5-4443-9763-3068a7155903 has been successfully formatted.
2023-09-07 04:51:48,935 [cbeb8a2c-f8e2-4c14-b4f8-5d428d71e083-groupManagement] INFO  ratis.ContainerStateMachine (ContainerStateMachine.java:loadSnapshot(262)) - group-3068A7155903: The snapshot info is null. Setting the last applied indexto:(t:0, i:~)
2023-09-07 04:51:48,935 [cbeb8a2c-f8e2-4c14-b4f8-5d428d71e083-groupManagement] INFO  server.RaftServerConfigKeys (ConfUtils.java:logGet(46)) - raft.server.log.use.memory = false (default)
2023-09-07 04:51:48,935 [cbeb8a2c-f8e2-4c14-b4f8-5d428d71e083-groupManagement] INFO  server.RaftServerConfigKeys (ConfUtils.java:logGet(46)) - raft.server.log.purge.gap = 1000000 (custom)
2023-09-07 04:51:48,935 [cbeb8a2c-f8e2-4c14-b4f8-5d428d71e083-groupManagement] INFO  server.RaftServerConfigKeys (ConfUtils.java:logGet(46)) - raft.server.log.appender.buffer.byte-limit = 33554432 (custom)
2023-09-07 04:51:48,936 [cbeb8a2c-f8e2-4c14-b4f8-5d428d71e083-groupManagement] INFO  server.RaftServerConfigKeys (ConfUtils.java:logGet(46)) - raft.server.log.statemachine.data.read.timeout = 1000ms (default)
2023-09-07 04:51:48,936 [cbeb8a2c-f8e2-4c14-b4f8-5d428d71e083-groupManagement] INFO  server.RaftServerConfigKeys (ConfUtils.java:logGet(46)) - raft.server.log.purge.preservation.log.num = 0 (default)
2023-09-07 04:51:48,936 [cbeb8a2c-f8e2-4c14-b4f8-5d428d71e083-groupManagement] INFO  server.RaftServerConfigKeys (ConfUtils.java:logGet(46)) - raft.server.log.segment.size.max = 1048576 (custom)
2023-09-07 04:51:48,936 [cbeb8a2c-f8e2-4c14-b4f8-5d428d71e083-groupManagement] INFO  server.RaftServerConfigKeys (ConfUtils.java:logGet(46)) - raft.server.log.segment.cache.num.max = 2 (custom)
2023-09-07 04:51:48,936 [cbeb8a2c-f8e2-4c14-b4f8-5d428d71e083-groupManagement] INFO  server.RaftServerConfigKeys (ConfUtils.java:logGet(46)) - raft.server.log.segment.cache.size.max = 200MB (=209715200) (default)
2023-09-07 04:51:48,936 [EventQueue-PipelineReportForPipelineReportHandler] INFO  pipeline.PipelineReportHandler (PipelineReportHandler.java:processPipelineReport(136)) - Opened pipeline PipelineID=bfd3daf2-30c5-4443-9763-3068a7155903
2023-09-07 04:51:48,937 [EventQueue-OpenPipelineForHealthyPipelineSafeModeRule] INFO  safemode.SCMSafeModeManager (HealthyPipelineSafeModeRule.java:process(137)) - SCM in safe mode. Healthy pipelines reported count is 0, required healthy pipeline reported count is 1
2023-09-07 04:51:48,936 [cbeb8a2c-f8e2-4c14-b4f8-5d428d71e083-groupManagement] INFO  server.RaftServerConfigKeys (ConfUtils.java:logGet(46)) - raft.server.log.appender.buffer.byte-limit = 33554432 (custom)
2023-09-07 04:51:48,937 [cbeb8a2c-f8e2-4c14-b4f8-5d428d71e083-groupManagement] INFO  segmented.SegmentedRaftLogWorker (SegmentedRaftLogWorker.java:<init>(188)) - new cbeb8a2c-f8e2-4c14-b4f8-5d428d71e083@group-3068A7155903-SegmentedRaftLogWorker for RaftStorageImpl:Storage Directory /home/runner/work/ozone/ozone/hadoop-ozone/integration-test/target/test-dir/MiniOzoneClusterImpl-a35962c9-a2fc-4df3-96cb-042236c47d51/datanode-3/data/ratis/bfd3daf2-30c5-4443-9763-3068a7155903
2023-09-07 04:51:48,937 [cbeb8a2c-f8e2-4c14-b4f8-5d428d71e083-groupManagement] INFO  server.RaftServerConfigKeys (ConfUtils.java:logGet(46)) - raft.server.log.queue.byte-limit = 4294967296 (custom)
2023-09-07 04:51:48,938 [cbeb8a2c-f8e2-4c14-b4f8-5d428d71e083-groupManagement] INFO  server.RaftServerConfigKeys (ConfUtils.java:logGet(46)) - raft.server.log.queue.element-limit = 1024 (custom)
2023-09-07 04:51:48,938 [cbeb8a2c-f8e2-4c14-b4f8-5d428d71e083-groupManagement] INFO  server.RaftServerConfigKeys (ConfUtils.java:logGet(46)) - raft.server.log.segment.size.max = 1048576 (custom)
2023-09-07 04:51:48,938 [cbeb8a2c-f8e2-4c14-b4f8-5d428d71e083-groupManagement] INFO  server.RaftServerConfigKeys (ConfUtils.java:logGet(46)) - raft.server.log.preallocated.size = 16384 (custom)
2023-09-07 04:51:48,938 [cbeb8a2c-f8e2-4c14-b4f8-5d428d71e083-groupManagement] INFO  server.RaftServerConfigKeys (ConfUtils.java:logGet(46)) - raft.server.log.force.sync.num = 128 (default)
2023-09-07 04:51:48,938 [cbeb8a2c-f8e2-4c14-b4f8-5d428d71e083-groupManagement] INFO  server.RaftServerConfigKeys (ConfUtils.java:logGet(46)) - raft.server.log.statemachine.data.sync = true (default)
2023-09-07 04:51:48,938 [cbeb8a2c-f8e2-4c14-b4f8-5d428d71e083-groupManagement] INFO  server.RaftServerConfigKeys (ConfUtils.java:logGet(46)) - raft.server.log.statemachine.data.sync.timeout = 10s (default)
2023-09-07 04:51:48,938 [cbeb8a2c-f8e2-4c14-b4f8-5d428d71e083-groupManagement] INFO  server.RaftServerConfigKeys (ConfUtils.java:logGet(46)) - raft.server.log.statemachine.data.sync.timeout.retry = -1 (default)
2023-09-07 04:51:48,939 [cbeb8a2c-f8e2-4c14-b4f8-5d428d71e083-groupManagement] INFO  server.RaftServerConfigKeys (ConfUtils.java:logGet(46)) - raft.server.log.write.buffer.size = 1048576 (custom)
2023-09-07 04:51:48,940 [cbeb8a2c-f8e2-4c14-b4f8-5d428d71e083-groupManagement] INFO  server.RaftServerConfigKeys (ConfUtils.java:logGet(46)) - raft.server.log.appender.buffer.byte-limit = 33554432 (custom)
2023-09-07 04:51:48,950 [cbeb8a2c-f8e2-4c14-b4f8-5d428d71e083-groupManagement] INFO  server.RaftServerConfigKeys (ConfUtils.java:logGet(46)) - raft.server.log.unsafe-flush.enabled = false (default)
2023-09-07 04:51:48,951 [cbeb8a2c-f8e2-4c14-b4f8-5d428d71e083-groupManagement] INFO  server.RaftServerConfigKeys (ConfUtils.java:logGet(46)) - raft.server.log.async-flush.enabled = false (default)
2023-09-07 04:51:48,951 [cbeb8a2c-f8e2-4c14-b4f8-5d428d71e083-groupManagement] INFO  server.RaftServerConfigKeys (ConfUtils.java:logGet(46)) - raft.server.log.statemachine.data.caching.enabled = true (custom)
2023-09-07 04:51:48,951 [cbeb8a2c-f8e2-4c14-b4f8-5d428d71e083-groupManagement] INFO  segmented.SegmentedRaftLogWorker (SegmentedRaftLogWorker.java:lambda$new$0(135)) - cbeb8a2c-f8e2-4c14-b4f8-5d428d71e083@group-3068A7155903-SegmentedRaftLogWorker: flushIndex: setUnconditionally 0 -> -1
2023-09-07 04:51:48,951 [cbeb8a2c-f8e2-4c14-b4f8-5d428d71e083-groupManagement] INFO  segmented.SegmentedRaftLogWorker (SegmentedRaftLogWorker.java:lambda$new$0(135)) - cbeb8a2c-f8e2-4c14-b4f8-5d428d71e083@group-3068A7155903-SegmentedRaftLogWorker: safeCacheEvictIndex: setUnconditionally 0 -> -1
2023-09-07 04:51:48,951 [cbeb8a2c-f8e2-4c14-b4f8-5d428d71e083-groupManagement] INFO  server.RaftServer$Division (RaftServerImpl.java:start(342)) - cbeb8a2c-f8e2-4c14-b4f8-5d428d71e083@group-3068A7155903: start as a follower, conf=-1: peers:[cbeb8a2c-f8e2-4c14-b4f8-5d428d71e083|rpc:10.1.0.9:15147|admin:10.1.0.9:15146|client:10.1.0.9:15145|dataStream:10.1.0.9:15148|priority:1|startupRole:FOLLOWER]|listeners:[], old=null
2023-09-07 04:51:48,951 [cbeb8a2c-f8e2-4c14-b4f8-5d428d71e083-groupManagement] INFO  server.RaftServer$Division (RaftServerImpl.java:setRole(329)) - cbeb8a2c-f8e2-4c14-b4f8-5d428d71e083@group-3068A7155903: changes role from      null to FOLLOWER at term 0 for startAsFollower
2023-09-07 04:51:48,951 [cbeb8a2c-f8e2-4c14-b4f8-5d428d71e083-groupManagement] INFO  impl.RoleInfo (RoleInfo.java:updateAndGet(139)) - cbeb8a2c-f8e2-4c14-b4f8-5d428d71e083: start cbeb8a2c-f8e2-4c14-b4f8-5d428d71e083@group-3068A7155903-FollowerState
2023-09-07 04:51:48,953 [cbeb8a2c-f8e2-4c14-b4f8-5d428d71e083-groupManagement] INFO  util.JmxRegister (JmxRegister.java:tryRegister(44)) - Successfully registered JMX Bean with object name Ratis:service=RaftServer,group=group-3068A7155903,id=cbeb8a2c-f8e2-4c14-b4f8-5d428d71e083
2023-09-07 04:51:48,954 [cbeb8a2c-f8e2-4c14-b4f8-5d428d71e083-groupManagement] INFO  server.RaftServerConfigKeys (ConfUtils.java:logGet(46)) - raft.server.snapshot.auto.trigger.enabled = true (custom)
2023-09-07 04:51:48,954 [cbeb8a2c-f8e2-4c14-b4f8-5d428d71e083-groupManagement] INFO  server.RaftServerConfigKeys (ConfUtils.java:logGet(46)) - raft.server.snapshot.auto.trigger.threshold = 10000 (custom)
2023-09-07 04:51:48,954 [cbeb8a2c-f8e2-4c14-b4f8-5d428d71e083-groupManagement] INFO  server.RaftServerConfigKeys (ConfUtils.java:logGet(46)) - raft.server.snapshot.retention.file.num = 5 (custom)
2023-09-07 04:51:48,954 [cbeb8a2c-f8e2-4c14-b4f8-5d428d71e083-groupManagement] INFO  server.RaftServerConfigKeys (ConfUtils.java:logGet(46)) - raft.server.log.purge.upto.snapshot.index = false (default)
2023-09-07 04:51:48,954 [cbeb8a2c-f8e2-4c14-b4f8-5d428d71e083@group-3068A7155903-FollowerState] INFO  server.RaftServerConfigKeys (ConfUtils.java:logFallback(53)) - raft.server.rpc.first-election.timeout.min = 5s (fallback to raft.server.rpc.timeout.min)
2023-09-07 04:51:48,954 [cbeb8a2c-f8e2-4c14-b4f8-5d428d71e083@group-3068A7155903-FollowerState] INFO  server.RaftServerConfigKeys (ConfUtils.java:logFallback(53)) - raft.server.rpc.first-election.timeout.max = 5200ms (fallback to raft.server.rpc.timeout.max)
2023-09-07 04:51:48,955 [PipelineCommandHandlerThread-0] INFO  ratis.XceiverServerRatis (XceiverServerRatis.java:addGroup(804)) - Created group PipelineID=bfd3daf2-30c5-4443-9763-3068a7155903
2023-09-07 04:51:48,955 [PipelineCommandHandlerThread-0] INFO  commandhandler.CreatePipelineCommandHandler (CreatePipelineCommandHandler.java:lambda$handle$2(124)) - Created Pipeline RATIS ONE PipelineID=bfd3daf2-30c5-4443-9763-3068a7155903.
2023-09-07 04:51:49,216 [main] INFO  ozone.MiniOzoneClusterImpl (MiniOzoneClusterImpl.java:lambda$waitForClusterToBeReady$0(224)) - Nodes are ready. Got 5 of 5 DN Heartbeats.
2023-09-07 04:51:49,216 [main] INFO  ozone.MiniOzoneClusterImpl (MiniOzoneClusterImpl.java:lambda$waitForClusterToBeReady$0(227)) - Waiting for cluster to exit safe mode
2023-09-07 04:51:49,216 [main] INFO  ozone.MiniOzoneClusterImpl (MiniOzoneClusterImpl.java:lambda$waitForClusterToBeReady$0(229)) - SCM became leader
2023-09-07 04:51:49,221 [PipelineCommandHandlerThread-0] INFO  server.RaftServer (RaftServerProxy.java:addNew(98)) - eee81e81-0890-44e6-b9d4-b60ee3bd7f3c: addNew group-E5135714774C:[eee81e81-0890-44e6-b9d4-b60ee3bd7f3c|rpc:10.1.0.9:15156|admin:10.1.0.9:15155|client:10.1.0.9:15154|dataStream:10.1.0.9:15157|priority:1|startupRole:FOLLOWER] returns group-E5135714774C:java.util.concurrent.CompletableFuture@170f1da[Not completed]
2023-09-07 04:51:49,222 [eee81e81-0890-44e6-b9d4-b60ee3bd7f3c-groupManagement] INFO  server.RaftServer$Division (RaftServerImpl.java:<init>(198)) - eee81e81-0890-44e6-b9d4-b60ee3bd7f3c: new RaftServerImpl for group-E5135714774C:[eee81e81-0890-44e6-b9d4-b60ee3bd7f3c|rpc:10.1.0.9:15156|admin:10.1.0.9:15155|client:10.1.0.9:15154|dataStream:10.1.0.9:15157|priority:1|startupRole:FOLLOWER] with ContainerStateMachine:uninitialized
2023-09-07 04:51:49,222 [eee81e81-0890-44e6-b9d4-b60ee3bd7f3c-groupManagement] INFO  server.RaftServerConfigKeys (ConfUtils.java:logGet(46)) - raft.server.rpc.timeout.min = 5s (custom)
2023-09-07 04:51:49,222 [eee81e81-0890-44e6-b9d4-b60ee3bd7f3c-groupManagement] INFO  server.RaftServerConfigKeys (ConfUtils.java:logGet(46)) - raft.server.rpc.timeout.max = 5200ms (custom)
2023-09-07 04:51:49,222 [eee81e81-0890-44e6-b9d4-b60ee3bd7f3c-groupManagement] INFO  server.RaftServerConfigKeys (ConfUtils.java:logGet(46)) - raft.server.rpc.sleep.time = 25ms (default)
2023-09-07 04:51:49,222 [eee81e81-0890-44e6-b9d4-b60ee3bd7f3c-groupManagement] INFO  server.RaftServerConfigKeys (ConfUtils.java:logGet(46)) - raft.server.rpc.slowness.timeout = 300s (custom)
2023-09-07 04:51:49,222 [eee81e81-0890-44e6-b9d4-b60ee3bd7f3c-groupManagement] INFO  server.RaftServerConfigKeys (ConfUtils.java:logGet(46)) - raft.server.leaderelection.leader.step-down.wait-time = 10s (default)
2023-09-07 04:51:49,222 [eee81e81-0890-44e6-b9d4-b60ee3bd7f3c-groupManagement] INFO  server.RaftServerConfigKeys (ConfUtils.java:logGet(46)) - raft.server.sleep.deviation.threshold = 300ms (default)
2023-09-07 04:51:49,222 [eee81e81-0890-44e6-b9d4-b60ee3bd7f3c-groupManagement] INFO  server.RaftServer$Division (ServerState.java:<init>(120)) - eee81e81-0890-44e6-b9d4-b60ee3bd7f3c@group-E5135714774C: ConfigurationManager, init=-1: peers:[eee81e81-0890-44e6-b9d4-b60ee3bd7f3c|rpc:10.1.0.9:15156|admin:10.1.0.9:15155|client:10.1.0.9:15154|dataStream:10.1.0.9:15157|priority:1|startupRole:FOLLOWER]|listeners:[], old=null, confs=<EMPTY_MAP>
2023-09-07 04:51:49,222 [eee81e81-0890-44e6-b9d4-b60ee3bd7f3c-groupManagement] INFO  server.RaftServerConfigKeys (ConfUtils.java:logGet(46)) - raft.server.storage.dir = [/home/runner/work/ozone/ozone/hadoop-ozone/integration-test/target/test-dir/MiniOzoneClusterImpl-a35962c9-a2fc-4df3-96cb-042236c47d51/datanode-4/data/ratis] (custom)
2023-09-07 04:51:49,223 [eee81e81-0890-44e6-b9d4-b60ee3bd7f3c-groupManagement] INFO  server.RaftServerConfigKeys (ConfUtils.java:logGet(46)) - raft.server.log.corruption.policy = EXCEPTION (default)
2023-09-07 04:51:49,223 [eee81e81-0890-44e6-b9d4-b60ee3bd7f3c-groupManagement] INFO  server.RaftServerConfigKeys (ConfUtils.java:logGet(46)) - raft.server.storage.free-space.min = 0MB (=0) (default)
2023-09-07 04:51:49,223 [eee81e81-0890-44e6-b9d4-b60ee3bd7f3c-groupManagement] INFO  server.RaftServerConfigKeys (ConfUtils.java:logGet(46)) - raft.server.notification.no-leader.timeout = 300s (custom)
2023-09-07 04:51:49,223 [eee81e81-0890-44e6-b9d4-b60ee3bd7f3c-groupManagement] INFO  server.RaftServerConfigKeys (ConfUtils.java:logGet(46)) - raft.server.read.timeout = 10s (default)
2023-09-07 04:51:49,223 [eee81e81-0890-44e6-b9d4-b60ee3bd7f3c-groupManagement] INFO  server.RaftServerConfigKeys (ConfUtils.java:logGet(46)) - raft.server.retrycache.expirytime = 600000ms (custom)
2023-09-07 04:51:49,223 [eee81e81-0890-44e6-b9d4-b60ee3bd7f3c-groupManagement] INFO  server.RaftServerConfigKeys (ConfUtils.java:logGet(46)) - raft.server.retrycache.statistics.expirytime = 100μs (default)
2023-09-07 04:51:49,223 [eee81e81-0890-44e6-b9d4-b60ee3bd7f3c-groupManagement] INFO  server.RaftServerConfigKeys (ConfUtils.java:logGet(46)) - raft.server.read.option = DEFAULT (default)
2023-09-07 04:51:49,224 [eee81e81-0890-44e6-b9d4-b60ee3bd7f3c-groupManagement] INFO  server.RaftServerConfigKeys (ConfUtils.java:logGet(46)) - raft.server.rpc.request.timeout = 60s (custom)
2023-09-07 04:51:49,224 [eee81e81-0890-44e6-b9d4-b60ee3bd7f3c-groupManagement] INFO  server.RaftServerConfigKeys (ConfUtils.java:logGet(46)) - raft.server.log.appender.install.snapshot.enabled = false (custom)
2023-09-07 04:51:49,224 [eee81e81-0890-44e6-b9d4-b60ee3bd7f3c-groupManagement] INFO  server.RaftServerConfigKeys (ConfUtils.java:logGet(46)) - raft.server.threadpool.server.cached = true (default)
2023-09-07 04:51:49,224 [eee81e81-0890-44e6-b9d4-b60ee3bd7f3c-groupManagement] INFO  server.RaftServerConfigKeys (ConfUtils.java:logGet(46)) - raft.server.threadpool.server.size = 0 (default)
2023-09-07 04:51:49,224 [eee81e81-0890-44e6-b9d4-b60ee3bd7f3c-groupManagement] INFO  server.RaftServerConfigKeys (ConfUtils.java:logGet(46)) - raft.server.threadpool.client.cached = true (default)
2023-09-07 04:51:49,224 [eee81e81-0890-44e6-b9d4-b60ee3bd7f3c-groupManagement] INFO  server.RaftServerConfigKeys (ConfUtils.java:logGet(46)) - raft.server.threadpool.client.size = 0 (default)
2023-09-07 04:51:49,224 [eee81e81-0890-44e6-b9d4-b60ee3bd7f3c-groupManagement] INFO  storage.RaftStorageDirectory (RaftStorageDirectoryImpl.java:analyzeStorage(137)) - The storage directory /home/runner/work/ozone/ozone/hadoop-ozone/integration-test/target/test-dir/MiniOzoneClusterImpl-a35962c9-a2fc-4df3-96cb-042236c47d51/datanode-4/data/ratis/00b3bb23-ab45-43f1-90c8-e5135714774c does not exist. Creating ...
2023-09-07 04:51:49,228 [eee81e81-0890-44e6-b9d4-b60ee3bd7f3c-groupManagement] INFO  storage.RaftStorageDirectory (RaftStorageDirectoryImpl.java:tryLock(231)) - Lock on /home/runner/work/ozone/ozone/hadoop-ozone/integration-test/target/test-dir/MiniOzoneClusterImpl-a35962c9-a2fc-4df3-96cb-042236c47d51/datanode-4/data/ratis/00b3bb23-ab45-43f1-90c8-e5135714774c/in_use.lock acquired by nodename 7593@fv-az163-854
2023-09-07 04:51:49,234 [eee81e81-0890-44e6-b9d4-b60ee3bd7f3c-groupManagement] INFO  storage.RaftStorage (RaftStorageImpl.java:format(96)) - Storage directory /home/runner/work/ozone/ozone/hadoop-ozone/integration-test/target/test-dir/MiniOzoneClusterImpl-a35962c9-a2fc-4df3-96cb-042236c47d51/datanode-4/data/ratis/00b3bb23-ab45-43f1-90c8-e5135714774c has been successfully formatted.
2023-09-07 04:51:49,236 [eee81e81-0890-44e6-b9d4-b60ee3bd7f3c-groupManagement] INFO  ratis.ContainerStateMachine (ContainerStateMachine.java:loadSnapshot(262)) - group-E5135714774C: The snapshot info is null. Setting the last applied indexto:(t:0, i:~)
2023-09-07 04:51:49,236 [eee81e81-0890-44e6-b9d4-b60ee3bd7f3c-groupManagement] INFO  server.RaftServerConfigKeys (ConfUtils.java:logGet(46)) - raft.server.log.use.memory = false (default)
2023-09-07 04:51:49,236 [eee81e81-0890-44e6-b9d4-b60ee3bd7f3c-groupManagement] INFO  server.RaftServerConfigKeys (ConfUtils.java:logGet(46)) - raft.server.log.purge.gap = 1000000 (custom)
2023-09-07 04:51:49,237 [EventQueue-PipelineReportForPipelineReportHandler] INFO  pipeline.PipelineReportHandler (PipelineReportHandler.java:processPipelineReport(136)) - Opened pipeline PipelineID=00b3bb23-ab45-43f1-90c8-e5135714774c
2023-09-07 04:51:49,237 [eee81e81-0890-44e6-b9d4-b60ee3bd7f3c-groupManagement] INFO  server.RaftServerConfigKeys (ConfUtils.java:logGet(46)) - raft.server.log.appender.buffer.byte-limit = 33554432 (custom)
2023-09-07 04:51:49,237 [EventQueue-OpenPipelineForHealthyPipelineSafeModeRule] INFO  safemode.SCMSafeModeManager (HealthyPipelineSafeModeRule.java:process(137)) - SCM in safe mode. Healthy pipelines reported count is 0, required healthy pipeline reported count is 1
2023-09-07 04:51:49,237 [eee81e81-0890-44e6-b9d4-b60ee3bd7f3c-groupManagement] INFO  server.RaftServerConfigKeys (ConfUtils.java:logGet(46)) - raft.server.log.statemachine.data.read.timeout = 1000ms (default)
2023-09-07 04:51:49,237 [eee81e81-0890-44e6-b9d4-b60ee3bd7f3c-groupManagement] INFO  server.RaftServerConfigKeys (ConfUtils.java:logGet(46)) - raft.server.log.purge.preservation.log.num = 0 (default)
2023-09-07 04:51:49,238 [eee81e81-0890-44e6-b9d4-b60ee3bd7f3c-groupManagement] INFO  server.RaftServerConfigKeys (ConfUtils.java:logGet(46)) - raft.server.log.segment.size.max = 1048576 (custom)
2023-09-07 04:51:49,246 [eee81e81-0890-44e6-b9d4-b60ee3bd7f3c-groupManagement] INFO  server.RaftServerConfigKeys (ConfUtils.java:logGet(46)) - raft.server.log.segment.cache.num.max = 2 (custom)
2023-09-07 04:51:49,246 [eee81e81-0890-44e6-b9d4-b60ee3bd7f3c-groupManagement] INFO  server.RaftServerConfigKeys (ConfUtils.java:logGet(46)) - raft.server.log.segment.cache.size.max = 200MB (=209715200) (default)
2023-09-07 04:51:49,246 [eee81e81-0890-44e6-b9d4-b60ee3bd7f3c-groupManagement] INFO  server.RaftServerConfigKeys (ConfUtils.java:logGet(46)) - raft.server.log.appender.buffer.byte-limit = 33554432 (custom)
2023-09-07 04:51:49,246 [eee81e81-0890-44e6-b9d4-b60ee3bd7f3c-groupManagement] INFO  segmented.SegmentedRaftLogWorker (SegmentedRaftLogWorker.java:<init>(188)) - new eee81e81-0890-44e6-b9d4-b60ee3bd7f3c@group-E5135714774C-SegmentedRaftLogWorker for RaftStorageImpl:Storage Directory /home/runner/work/ozone/ozone/hadoop-ozone/integration-test/target/test-dir/MiniOzoneClusterImpl-a35962c9-a2fc-4df3-96cb-042236c47d51/datanode-4/data/ratis/00b3bb23-ab45-43f1-90c8-e5135714774c
2023-09-07 04:51:49,246 [eee81e81-0890-44e6-b9d4-b60ee3bd7f3c-groupManagement] INFO  server.RaftServerConfigKeys (ConfUtils.java:logGet(46)) - raft.server.log.queue.byte-limit = 4294967296 (custom)
2023-09-07 04:51:49,246 [eee81e81-0890-44e6-b9d4-b60ee3bd7f3c-groupManagement] INFO  server.RaftServerConfigKeys (ConfUtils.java:logGet(46)) - raft.server.log.queue.element-limit = 1024 (custom)
2023-09-07 04:51:49,246 [eee81e81-0890-44e6-b9d4-b60ee3bd7f3c-groupManagement] INFO  server.RaftServerConfigKeys (ConfUtils.java:logGet(46)) - raft.server.log.segment.size.max = 1048576 (custom)
2023-09-07 04:51:49,246 [eee81e81-0890-44e6-b9d4-b60ee3bd7f3c-groupManagement] INFO  server.RaftServerConfigKeys (ConfUtils.java:logGet(46)) - raft.server.log.preallocated.size = 16384 (custom)
2023-09-07 04:51:49,246 [eee81e81-0890-44e6-b9d4-b60ee3bd7f3c-groupManagement] INFO  server.RaftServerConfigKeys (ConfUtils.java:logGet(46)) - raft.server.log.force.sync.num = 128 (default)
2023-09-07 04:51:49,246 [eee81e81-0890-44e6-b9d4-b60ee3bd7f3c-groupManagement] INFO  server.RaftServerConfigKeys (ConfUtils.java:logGet(46)) - raft.server.log.statemachine.data.sync = true (default)
2023-09-07 04:51:49,246 [eee81e81-0890-44e6-b9d4-b60ee3bd7f3c-groupManagement] INFO  server.RaftServerConfigKeys (ConfUtils.java:logGet(46)) - raft.server.log.statemachine.data.sync.timeout = 10s (default)
2023-09-07 04:51:49,246 [eee81e81-0890-44e6-b9d4-b60ee3bd7f3c-groupManagement] INFO  server.RaftServerConfigKeys (ConfUtils.java:logGet(46)) - raft.server.log.statemachine.data.sync.timeout.retry = -1 (default)
2023-09-07 04:51:49,247 [eee81e81-0890-44e6-b9d4-b60ee3bd7f3c-groupManagement] INFO  server.RaftServerConfigKeys (ConfUtils.java:logGet(46)) - raft.server.log.write.buffer.size = 1048576 (custom)
2023-09-07 04:51:49,247 [eee81e81-0890-44e6-b9d4-b60ee3bd7f3c-groupManagement] INFO  server.RaftServerConfigKeys (ConfUtils.java:logGet(46)) - raft.server.log.appender.buffer.byte-limit = 33554432 (custom)
2023-09-07 04:51:49,257 [eee81e81-0890-44e6-b9d4-b60ee3bd7f3c-groupManagement] INFO  server.RaftServerConfigKeys (ConfUtils.java:logGet(46)) - raft.server.log.unsafe-flush.enabled = false (default)
2023-09-07 04:51:49,258 [eee81e81-0890-44e6-b9d4-b60ee3bd7f3c-groupManagement] INFO  server.RaftServerConfigKeys (ConfUtils.java:logGet(46)) - raft.server.log.async-flush.enabled = false (default)
2023-09-07 04:51:49,258 [eee81e81-0890-44e6-b9d4-b60ee3bd7f3c-groupManagement] INFO  server.RaftServerConfigKeys (ConfUtils.java:logGet(46)) - raft.server.log.statemachine.data.caching.enabled = true (custom)
2023-09-07 04:51:49,258 [eee81e81-0890-44e6-b9d4-b60ee3bd7f3c-groupManagement] INFO  segmented.SegmentedRaftLogWorker (SegmentedRaftLogWorker.java:lambda$new$0(135)) - eee81e81-0890-44e6-b9d4-b60ee3bd7f3c@group-E5135714774C-SegmentedRaftLogWorker: flushIndex: setUnconditionally 0 -> -1
2023-09-07 04:51:49,258 [eee81e81-0890-44e6-b9d4-b60ee3bd7f3c-groupManagement] INFO  segmented.SegmentedRaftLogWorker (SegmentedRaftLogWorker.java:lambda$new$0(135)) - eee81e81-0890-44e6-b9d4-b60ee3bd7f3c@group-E5135714774C-SegmentedRaftLogWorker: safeCacheEvictIndex: setUnconditionally 0 -> -1
2023-09-07 04:51:49,258 [eee81e81-0890-44e6-b9d4-b60ee3bd7f3c-groupManagement] INFO  server.RaftServer$Division (RaftServerImpl.java:start(342)) - eee81e81-0890-44e6-b9d4-b60ee3bd7f3c@group-E5135714774C: start as a follower, conf=-1: peers:[eee81e81-0890-44e6-b9d4-b60ee3bd7f3c|rpc:10.1.0.9:15156|admin:10.1.0.9:15155|client:10.1.0.9:15154|dataStream:10.1.0.9:15157|priority:1|startupRole:FOLLOWER]|listeners:[], old=null
2023-09-07 04:51:49,258 [eee81e81-0890-44e6-b9d4-b60ee3bd7f3c-groupManagement] INFO  server.RaftServer$Division (RaftServerImpl.java:setRole(329)) - eee81e81-0890-44e6-b9d4-b60ee3bd7f3c@group-E5135714774C: changes role from      null to FOLLOWER at term 0 for startAsFollower
2023-09-07 04:51:49,258 [eee81e81-0890-44e6-b9d4-b60ee3bd7f3c-groupManagement] INFO  impl.RoleInfo (RoleInfo.java:updateAndGet(139)) - eee81e81-0890-44e6-b9d4-b60ee3bd7f3c: start eee81e81-0890-44e6-b9d4-b60ee3bd7f3c@group-E5135714774C-FollowerState
2023-09-07 04:51:49,259 [eee81e81-0890-44e6-b9d4-b60ee3bd7f3c-groupManagement] INFO  util.JmxRegister (JmxRegister.java:tryRegister(44)) - Successfully registered JMX Bean with object name Ratis:service=RaftServer,group=group-E5135714774C,id=eee81e81-0890-44e6-b9d4-b60ee3bd7f3c
2023-09-07 04:51:49,259 [eee81e81-0890-44e6-b9d4-b60ee3bd7f3c-groupManagement] INFO  server.RaftServerConfigKeys (ConfUtils.java:logGet(46)) - raft.server.snapshot.auto.trigger.enabled = true (custom)
2023-09-07 04:51:49,259 [eee81e81-0890-44e6-b9d4-b60ee3bd7f3c-groupManagement] INFO  server.RaftServerConfigKeys (ConfUtils.java:logGet(46)) - raft.server.snapshot.auto.trigger.threshold = 10000 (custom)
2023-09-07 04:51:49,259 [eee81e81-0890-44e6-b9d4-b60ee3bd7f3c-groupManagement] INFO  server.RaftServerConfigKeys (ConfUtils.java:logGet(46)) - raft.server.snapshot.retention.file.num = 5 (custom)
2023-09-07 04:51:49,259 [eee81e81-0890-44e6-b9d4-b60ee3bd7f3c-groupManagement] INFO  server.RaftServerConfigKeys (ConfUtils.java:logGet(46)) - raft.server.log.purge.upto.snapshot.index = false (default)
2023-09-07 04:51:49,260 [eee81e81-0890-44e6-b9d4-b60ee3bd7f3c@group-E5135714774C-FollowerState] INFO  server.RaftServerConfigKeys (ConfUtils.java:logFallback(53)) - raft.server.rpc.first-election.timeout.min = 5s (fallback to raft.server.rpc.timeout.min)
2023-09-07 04:51:49,260 [eee81e81-0890-44e6-b9d4-b60ee3bd7f3c@group-E5135714774C-FollowerState] INFO  server.RaftServerConfigKeys (ConfUtils.java:logFallback(53)) - raft.server.rpc.first-election.timeout.max = 5200ms (fallback to raft.server.rpc.timeout.max)
2023-09-07 04:51:49,264 [PipelineCommandHandlerThread-0] INFO  ratis.XceiverServerRatis (XceiverServerRatis.java:addGroup(804)) - Created group PipelineID=00b3bb23-ab45-43f1-90c8-e5135714774c
2023-09-07 04:51:49,264 [PipelineCommandHandlerThread-0] INFO  commandhandler.CreatePipelineCommandHandler (CreatePipelineCommandHandler.java:lambda$handle$2(124)) - Created Pipeline RATIS ONE PipelineID=00b3bb23-ab45-43f1-90c8-e5135714774c.
2023-09-07 04:51:50,217 [main] INFO  ozone.MiniOzoneClusterImpl (MiniOzoneClusterImpl.java:lambda$waitForClusterToBeReady$0(224)) - Nodes are ready. Got 5 of 5 DN Heartbeats.
2023-09-07 04:51:50,217 [main] INFO  ozone.MiniOzoneClusterImpl (MiniOzoneClusterImpl.java:lambda$waitForClusterToBeReady$0(227)) - Waiting for cluster to exit safe mode
2023-09-07 04:51:50,217 [main] INFO  ozone.MiniOzoneClusterImpl (MiniOzoneClusterImpl.java:lambda$waitForClusterToBeReady$0(229)) - SCM became leader
2023-09-07 04:51:51,217 [main] INFO  ozone.MiniOzoneClusterImpl (MiniOzoneClusterImpl.java:lambda$waitForClusterToBeReady$0(224)) - Nodes are ready. Got 5 of 5 DN Heartbeats.
2023-09-07 04:51:51,218 [main] INFO  ozone.MiniOzoneClusterImpl (MiniOzoneClusterImpl.java:lambda$waitForClusterToBeReady$0(227)) - Waiting for cluster to exit safe mode
2023-09-07 04:51:51,218 [main] INFO  ozone.MiniOzoneClusterImpl (MiniOzoneClusterImpl.java:lambda$waitForClusterToBeReady$0(229)) - SCM became leader
2023-09-07 04:51:52,218 [main] INFO  ozone.MiniOzoneClusterImpl (MiniOzoneClusterImpl.java:lambda$waitForClusterToBeReady$0(224)) - Nodes are ready. Got 5 of 5 DN Heartbeats.
2023-09-07 04:51:52,218 [main] INFO  ozone.MiniOzoneClusterImpl (MiniOzoneClusterImpl.java:lambda$waitForClusterToBeReady$0(227)) - Waiting for cluster to exit safe mode
2023-09-07 04:51:52,219 [main] INFO  ozone.MiniOzoneClusterImpl (MiniOzoneClusterImpl.java:lambda$waitForClusterToBeReady$0(229)) - SCM became leader
2023-09-07 04:51:52,935 [7d658909-36a6-44f1-ac1a-09761b608691@group-3B57CD447BA9-FollowerState] INFO  impl.FollowerState (FollowerState.java:run(143)) - 7d658909-36a6-44f1-ac1a-09761b608691@group-3B57CD447BA9-FollowerState: change to CANDIDATE, lastRpcElapsedTime:5202680402ns, electionTimeout:5196ms
2023-09-07 04:51:52,935 [7d658909-36a6-44f1-ac1a-09761b608691@group-3B57CD447BA9-FollowerState] INFO  impl.RoleInfo (RoleInfo.java:shutdownFollowerState(110)) - 7d658909-36a6-44f1-ac1a-09761b608691: shutdown 7d658909-36a6-44f1-ac1a-09761b608691@group-3B57CD447BA9-FollowerState
2023-09-07 04:51:52,935 [7d658909-36a6-44f1-ac1a-09761b608691@group-3B57CD447BA9-FollowerState] INFO  server.RaftServer$Division (RaftServerImpl.java:setRole(329)) - 7d658909-36a6-44f1-ac1a-09761b608691@group-3B57CD447BA9: changes role from  FOLLOWER to CANDIDATE at term 0 for changeToCandidate
2023-09-07 04:51:52,935 [7d658909-36a6-44f1-ac1a-09761b608691@group-3B57CD447BA9-FollowerState] INFO  server.RaftServerConfigKeys (ConfUtils.java:logGet(46)) - raft.server.leaderelection.pre-vote = true (default)
2023-09-07 04:51:52,935 [7d658909-36a6-44f1-ac1a-09761b608691@group-3B57CD447BA9-FollowerState] INFO  impl.RoleInfo (RoleInfo.java:updateAndGet(139)) - 7d658909-36a6-44f1-ac1a-09761b608691: start 7d658909-36a6-44f1-ac1a-09761b608691@group-3B57CD447BA9-LeaderElection21
2023-09-07 04:51:52,939 [7d658909-36a6-44f1-ac1a-09761b608691@group-3B57CD447BA9-LeaderElection21] INFO  impl.LeaderElection (LeaderElection.java:askForVotes(321)) - 7d658909-36a6-44f1-ac1a-09761b608691@group-3B57CD447BA9-LeaderElection21 PRE_VOTE round 0: submit vote requests at term 0 for -1: peers:[7d658909-36a6-44f1-ac1a-09761b608691|rpc:10.1.0.9:15120|admin:10.1.0.9:15119|client:10.1.0.9:15118|dataStream:10.1.0.9:15121|priority:1|startupRole:FOLLOWER]|listeners:[], old=null
2023-09-07 04:51:52,940 [7d658909-36a6-44f1-ac1a-09761b608691@group-3B57CD447BA9-LeaderElection21] INFO  impl.LeaderElection (LeaderElection.java:askForVotes(323)) - 7d658909-36a6-44f1-ac1a-09761b608691@group-3B57CD447BA9-LeaderElection21 PRE_VOTE round 0: result PASSED (term=0)
2023-09-07 04:51:52,942 [7d658909-36a6-44f1-ac1a-09761b608691@group-3B57CD447BA9-LeaderElection21] INFO  impl.LeaderElection (LeaderElection.java:askForVotes(321)) - 7d658909-36a6-44f1-ac1a-09761b608691@group-3B57CD447BA9-LeaderElection21 ELECTION round 0: submit vote requests at term 1 for -1: peers:[7d658909-36a6-44f1-ac1a-09761b608691|rpc:10.1.0.9:15120|admin:10.1.0.9:15119|client:10.1.0.9:15118|dataStream:10.1.0.9:15121|priority:1|startupRole:FOLLOWER]|listeners:[], old=null
2023-09-07 04:51:52,942 [7d658909-36a6-44f1-ac1a-09761b608691@group-3B57CD447BA9-LeaderElection21] INFO  impl.LeaderElection (LeaderElection.java:askForVotes(323)) - 7d658909-36a6-44f1-ac1a-09761b608691@group-3B57CD447BA9-LeaderElection21 ELECTION round 0: result PASSED (term=1)
2023-09-07 04:51:52,942 [7d658909-36a6-44f1-ac1a-09761b608691@group-3B57CD447BA9-LeaderElection21] INFO  impl.RoleInfo (RoleInfo.java:shutdownLeaderElection(130)) - 7d658909-36a6-44f1-ac1a-09761b608691: shutdown 7d658909-36a6-44f1-ac1a-09761b608691@group-3B57CD447BA9-LeaderElection21
2023-09-07 04:51:52,942 [7d658909-36a6-44f1-ac1a-09761b608691@group-3B57CD447BA9-LeaderElection21] INFO  server.RaftServer$Division (RaftServerImpl.java:setRole(329)) - 7d658909-36a6-44f1-ac1a-09761b608691@group-3B57CD447BA9: changes role from CANDIDATE to LEADER at term 1 for changeToLeader
2023-09-07 04:51:52,942 [7d658909-36a6-44f1-ac1a-09761b608691@group-3B57CD447BA9-LeaderElection21] INFO  ratis.XceiverServerRatis (XceiverServerRatis.java:handleLeaderChangedNotification(902)) - Leader change notification received for group: group-3B57CD447BA9 with new leaderId: 7d658909-36a6-44f1-ac1a-09761b608691
2023-09-07 04:51:52,943 [7d658909-36a6-44f1-ac1a-09761b608691@group-3B57CD447BA9-LeaderElection21] INFO  server.RaftServer$Division (ServerState.java:setLeader(317)) - 7d658909-36a6-44f1-ac1a-09761b608691@group-3B57CD447BA9: change Leader from null to 7d658909-36a6-44f1-ac1a-09761b608691 at term 1 for becomeLeader, leader elected after 5232ms
2023-09-07 04:51:52,943 [7d658909-36a6-44f1-ac1a-09761b608691@group-3B57CD447BA9-LeaderElection21] INFO  server.RaftServerConfigKeys (ConfUtils.java:logGet(46)) - raft.server.staging.catchup.gap = 1000 (default)
2023-09-07 04:51:52,943 [7d658909-36a6-44f1-ac1a-09761b608691@group-3B57CD447BA9-LeaderElection21] INFO  server.RaftServerConfigKeys (ConfUtils.java:logGet(46)) - raft.server.write.element-limit = 1024 (custom)
2023-09-07 04:51:52,944 [7d658909-36a6-44f1-ac1a-09761b608691@group-3B57CD447BA9-LeaderElection21] INFO  server.RaftServerConfigKeys (ConfUtils.java:logGet(46)) - raft.server.write.byte-limit = 1024 M (=1073741824) (custom)
2023-09-07 04:51:52,944 [EventQueue-OpenPipelineForHealthyPipelineSafeModeRule] INFO  safemode.SCMSafeModeManager (HealthyPipelineSafeModeRule.java:process(137)) - SCM in safe mode. Healthy pipelines reported count is 0, required healthy pipeline reported count is 1
2023-09-07 04:51:52,945 [7d658909-36a6-44f1-ac1a-09761b608691@group-3B57CD447BA9-LeaderElection21] INFO  server.RaftServerConfigKeys (ConfUtils.java:logGet(46)) - raft.server.watch.timeout = 180s (custom)
2023-09-07 04:51:52,945 [7d658909-36a6-44f1-ac1a-09761b608691@group-3B57CD447BA9-LeaderElection21] INFO  server.RaftServerConfigKeys (ConfUtils.java:logGet(46)) - raft.server.watch.timeout.denomination = 1s (default)
2023-09-07 04:51:52,945 [7d658909-36a6-44f1-ac1a-09761b608691@group-3B57CD447BA9-LeaderElection21] INFO  server.RaftServerConfigKeys (ConfUtils.java:logGet(46)) - raft.server.watch.element-limit = 65536 (default)
2023-09-07 04:51:52,945 [7d658909-36a6-44f1-ac1a-09761b608691@group-3B57CD447BA9-LeaderElection21] INFO  server.RaftServerConfigKeys (ConfUtils.java:logGet(46)) - raft.server.write.element-limit = 1024 (custom)
2023-09-07 04:51:52,945 [7d658909-36a6-44f1-ac1a-09761b608691@group-3B57CD447BA9-LeaderElection21] INFO  server.RaftServerConfigKeys (ConfUtils.java:logGet(46)) - raft.server.write.follower.gap.ratio.max = -1.0 (default)
2023-09-07 04:51:52,945 [7d658909-36a6-44f1-ac1a-09761b608691@group-3B57CD447BA9-LeaderElection21] INFO  impl.RoleInfo (RoleInfo.java:updateAndGet(139)) - 7d658909-36a6-44f1-ac1a-09761b608691: start 7d658909-36a6-44f1-ac1a-09761b608691@group-3B57CD447BA9-LeaderStateImpl
2023-09-07 04:51:52,945 [7d658909-36a6-44f1-ac1a-09761b608691@group-3B57CD447BA9-LeaderElection21] INFO  segmented.SegmentedRaftLogWorker (SegmentedRaftLogWorker.java:startLogSegment(447)) - 7d658909-36a6-44f1-ac1a-09761b608691@group-3B57CD447BA9-SegmentedRaftLogWorker: Starting segment from index:0
2023-09-07 04:51:52,947 [7d658909-36a6-44f1-ac1a-09761b608691@group-3B57CD447BA9-SegmentedRaftLogWorker] INFO  segmented.SegmentedRaftLogWorker (SegmentedRaftLogWorker.java:execute(651)) - 7d658909-36a6-44f1-ac1a-09761b608691@group-3B57CD447BA9-SegmentedRaftLogWorker: created new log segment /home/runner/work/ozone/ozone/hadoop-ozone/integration-test/target/test-dir/MiniOzoneClusterImpl-a35962c9-a2fc-4df3-96cb-042236c47d51/datanode-0/data/ratis/bf4a4ee6-3340-4b0b-90e7-3b57cd447ba9/current/log_inprogress_0
2023-09-07 04:51:52,951 [7d658909-36a6-44f1-ac1a-09761b608691@group-14F5B8938CFB-FollowerState] INFO  impl.FollowerState (FollowerState.java:run(143)) - 7d658909-36a6-44f1-ac1a-09761b608691@group-14F5B8938CFB-FollowerState: change to CANDIDATE, lastRpcElapsedTime:5189355147ns, electionTimeout:5184ms
2023-09-07 04:51:52,951 [7d658909-36a6-44f1-ac1a-09761b608691@group-14F5B8938CFB-FollowerState] INFO  impl.RoleInfo (RoleInfo.java:shutdownFollowerState(110)) - 7d658909-36a6-44f1-ac1a-09761b608691: shutdown 7d658909-36a6-44f1-ac1a-09761b608691@group-14F5B8938CFB-FollowerState
2023-09-07 04:51:52,951 [7d658909-36a6-44f1-ac1a-09761b608691@group-14F5B8938CFB-FollowerState] INFO  server.RaftServer$Division (RaftServerImpl.java:setRole(329)) - 7d658909-36a6-44f1-ac1a-09761b608691@group-14F5B8938CFB: changes role from  FOLLOWER to CANDIDATE at term 0 for changeToCandidate
2023-09-07 04:51:52,951 [7d658909-36a6-44f1-ac1a-09761b608691@group-14F5B8938CFB-FollowerState] INFO  server.RaftServerConfigKeys (ConfUtils.java:logGet(46)) - raft.server.leaderelection.pre-vote = true (default)
2023-09-07 04:51:52,951 [7d658909-36a6-44f1-ac1a-09761b608691@group-14F5B8938CFB-FollowerState] INFO  impl.RoleInfo (RoleInfo.java:updateAndGet(139)) - 7d658909-36a6-44f1-ac1a-09761b608691: start 7d658909-36a6-44f1-ac1a-09761b608691@group-14F5B8938CFB-LeaderElection22
2023-09-07 04:51:52,951 [7d658909-36a6-44f1-ac1a-09761b608691@group-3B57CD447BA9-LeaderElection21] INFO  server.RaftServer$Division (ServerState.java:setRaftConf(434)) - 7d658909-36a6-44f1-ac1a-09761b608691@group-3B57CD447BA9: set configuration 0: peers:[7d658909-36a6-44f1-ac1a-09761b608691|rpc:10.1.0.9:15120|admin:10.1.0.9:15119|client:10.1.0.9:15118|dataStream:10.1.0.9:15121|priority:1|startupRole:FOLLOWER]|listeners:[], old=null
2023-09-07 04:51:52,955 [7d658909-36a6-44f1-ac1a-09761b608691@group-14F5B8938CFB-LeaderElection22] INFO  impl.LeaderElection (LeaderElection.java:askForVotes(321)) - 7d658909-36a6-44f1-ac1a-09761b608691@group-14F5B8938CFB-LeaderElection22 PRE_VOTE round 0: submit vote requests at term 0 for -1: peers:[7d658909-36a6-44f1-ac1a-09761b608691|rpc:10.1.0.9:15120|admin:10.1.0.9:15119|client:10.1.0.9:15118|dataStream:10.1.0.9:15121|priority:1|startupRole:FOLLOWER, 9c9ba13f-6dd0-460e-ac54-999c1aa3e7ed|rpc:10.1.0.9:15129|admin:10.1.0.9:15128|client:10.1.0.9:15127|dataStream:10.1.0.9:15130|priority:0|startupRole:FOLLOWER, 1ddc0cd2-9f64-4abc-9646-a27e7b7d0879|rpc:10.1.0.9:15138|admin:10.1.0.9:15137|client:10.1.0.9:15136|dataStream:10.1.0.9:15139|priority:0|startupRole:FOLLOWER]|listeners:[], old=null
2023-09-07 04:51:52,956 [7d658909-36a6-44f1-ac1a-09761b608691@group-14F5B8938CFB-LeaderElection22-1] INFO  server.GrpcServerProtocolClient (GrpcServerProtocolClient.java:<init>(65)) - Build channel for 9c9ba13f-6dd0-460e-ac54-999c1aa3e7ed
2023-09-07 04:51:52,959 [7d658909-36a6-44f1-ac1a-09761b608691@group-14F5B8938CFB-LeaderElection22] INFO  server.RaftServerConfigKeys (ConfUtils.java:logFallback(53)) - raft.server.rpc.first-election.timeout.min = 5s (fallback to raft.server.rpc.timeout.min)
2023-09-07 04:51:52,959 [7d658909-36a6-44f1-ac1a-09761b608691@group-14F5B8938CFB-LeaderElection22] INFO  server.RaftServerConfigKeys (ConfUtils.java:logFallback(53)) - raft.server.rpc.first-election.timeout.max = 5200ms (fallback to raft.server.rpc.timeout.max)
2023-09-07 04:51:52,959 [7d658909-36a6-44f1-ac1a-09761b608691@group-14F5B8938CFB-LeaderElection22-2] INFO  server.GrpcServerProtocolClient (GrpcServerProtocolClient.java:<init>(65)) - Build channel for 1ddc0cd2-9f64-4abc-9646-a27e7b7d0879
2023-09-07 04:51:52,965 [grpc-default-executor-0] INFO  server.RaftServer$Division (RaftServerImpl.java:requestVote(1302)) - 9c9ba13f-6dd0-460e-ac54-999c1aa3e7ed@group-14F5B8938CFB: receive requestVote(PRE_VOTE, 7d658909-36a6-44f1-ac1a-09761b608691, group-14F5B8938CFB, 0, (t:0, i:0))
2023-09-07 04:51:52,965 [grpc-default-executor-0] INFO  impl.VoteContext (VoteContext.java:log(49)) - 9c9ba13f-6dd0-460e-ac54-999c1aa3e7ed@group-14F5B8938CFB-FOLLOWER: accept PRE_VOTE from 7d658909-36a6-44f1-ac1a-09761b608691: our priority 0 <= candidate's priority 1
2023-09-07 04:51:52,965 [grpc-default-executor-0] INFO  server.RaftServer$Division (RaftServerImpl.java:requestVote(1335)) - 9c9ba13f-6dd0-460e-ac54-999c1aa3e7ed@group-14F5B8938CFB replies to PRE_VOTE vote request: 7d658909-36a6-44f1-ac1a-09761b608691<-9c9ba13f-6dd0-460e-ac54-999c1aa3e7ed#0:OK-t0. Peer's state: 9c9ba13f-6dd0-460e-ac54-999c1aa3e7ed@group-14F5B8938CFB:t0, leader=null, voted=, raftlog=Memoized:9c9ba13f-6dd0-460e-ac54-999c1aa3e7ed@group-14F5B8938CFB-SegmentedRaftLog:OPENED:c-1, conf=-1: peers:[7d658909-36a6-44f1-ac1a-09761b608691|rpc:10.1.0.9:15120|admin:10.1.0.9:15119|client:10.1.0.9:15118|dataStream:10.1.0.9:15121|priority:1|startupRole:FOLLOWER, 9c9ba13f-6dd0-460e-ac54-999c1aa3e7ed|rpc:10.1.0.9:15129|admin:10.1.0.9:15128|client:10.1.0.9:15127|dataStream:10.1.0.9:15130|priority:0|startupRole:FOLLOWER, 1ddc0cd2-9f64-4abc-9646-a27e7b7d0879|rpc:10.1.0.9:15138|admin:10.1.0.9:15137|client:10.1.0.9:15136|dataStream:10.1.0.9:15139|priority:0|startupRole:FOLLOWER]|listeners:[], old=null
2023-09-07 04:51:52,970 [7d658909-36a6-44f1-ac1a-09761b608691@group-14F5B8938CFB-LeaderElection22] INFO  impl.LeaderElection (LeaderElection.java:logAndReturn(90)) - 7d658909-36a6-44f1-ac1a-09761b608691@group-14F5B8938CFB-LeaderElection22: PRE_VOTE PASSED received 1 response(s) and 0 exception(s):
2023-09-07 04:51:52,970 [7d658909-36a6-44f1-ac1a-09761b608691@group-14F5B8938CFB-LeaderElection22] INFO  impl.LeaderElection (LeaderElection.java:logAndReturn(94)) -   Response 0: 7d658909-36a6-44f1-ac1a-09761b608691<-9c9ba13f-6dd0-460e-ac54-999c1aa3e7ed#0:OK-t0
2023-09-07 04:51:52,970 [7d658909-36a6-44f1-ac1a-09761b608691@group-14F5B8938CFB-LeaderElection22] INFO  impl.LeaderElection (LeaderElection.java:askForVotes(323)) - 7d658909-36a6-44f1-ac1a-09761b608691@group-14F5B8938CFB-LeaderElection22 PRE_VOTE round 0: result PASSED
2023-09-07 04:51:52,971 [7d658909-36a6-44f1-ac1a-09761b608691@group-14F5B8938CFB-LeaderElection22] INFO  impl.LeaderElection (LeaderElection.java:askForVotes(321)) - 7d658909-36a6-44f1-ac1a-09761b608691@group-14F5B8938CFB-LeaderElection22 ELECTION round 0: submit vote requests at term 1 for -1: peers:[7d658909-36a6-44f1-ac1a-09761b608691|rpc:10.1.0.9:15120|admin:10.1.0.9:15119|client:10.1.0.9:15118|dataStream:10.1.0.9:15121|priority:1|startupRole:FOLLOWER, 9c9ba13f-6dd0-460e-ac54-999c1aa3e7ed|rpc:10.1.0.9:15129|admin:10.1.0.9:15128|client:10.1.0.9:15127|dataStream:10.1.0.9:15130|priority:0|startupRole:FOLLOWER, 1ddc0cd2-9f64-4abc-9646-a27e7b7d0879|rpc:10.1.0.9:15138|admin:10.1.0.9:15137|client:10.1.0.9:15136|dataStream:10.1.0.9:15139|priority:0|startupRole:FOLLOWER]|listeners:[], old=null
2023-09-07 04:51:52,975 [7d658909-36a6-44f1-ac1a-09761b608691@group-14F5B8938CFB-LeaderElection22] INFO  server.RaftServerConfigKeys (ConfUtils.java:logFallback(53)) - raft.server.rpc.first-election.timeout.min = 5s (fallback to raft.server.rpc.timeout.min)
2023-09-07 04:51:52,975 [7d658909-36a6-44f1-ac1a-09761b608691@group-14F5B8938CFB-LeaderElection22] INFO  server.RaftServerConfigKeys (ConfUtils.java:logFallback(53)) - raft.server.rpc.first-election.timeout.max = 5200ms (fallback to raft.server.rpc.timeout.max)
2023-09-07 04:51:52,977 [grpc-default-executor-0] INFO  server.RaftServer$Division (RaftServerImpl.java:requestVote(1302)) - 9c9ba13f-6dd0-460e-ac54-999c1aa3e7ed@group-14F5B8938CFB: receive requestVote(ELECTION, 7d658909-36a6-44f1-ac1a-09761b608691, group-14F5B8938CFB, 1, (t:0, i:0))
2023-09-07 04:51:52,977 [grpc-default-executor-0] INFO  impl.VoteContext (VoteContext.java:log(49)) - 9c9ba13f-6dd0-460e-ac54-999c1aa3e7ed@group-14F5B8938CFB-FOLLOWER: accept ELECTION from 7d658909-36a6-44f1-ac1a-09761b608691: our priority 0 <= candidate's priority 1
2023-09-07 04:51:52,978 [grpc-default-executor-0] INFO  server.RaftServer$Division (RaftServerImpl.java:setRole(329)) - 9c9ba13f-6dd0-460e-ac54-999c1aa3e7ed@group-14F5B8938CFB: changes role from  FOLLOWER to FOLLOWER at term 1 for candidate:7d658909-36a6-44f1-ac1a-09761b608691
2023-09-07 04:51:52,978 [grpc-default-executor-0] INFO  impl.RoleInfo (RoleInfo.java:shutdownFollowerState(110)) - 9c9ba13f-6dd0-460e-ac54-999c1aa3e7ed: shutdown 9c9ba13f-6dd0-460e-ac54-999c1aa3e7ed@group-14F5B8938CFB-FollowerState
2023-09-07 04:51:52,978 [grpc-default-executor-0] INFO  impl.RoleInfo (RoleInfo.java:updateAndGet(139)) - 9c9ba13f-6dd0-460e-ac54-999c1aa3e7ed: start 9c9ba13f-6dd0-460e-ac54-999c1aa3e7ed@group-14F5B8938CFB-FollowerState
2023-09-07 04:51:52,978 [9c9ba13f-6dd0-460e-ac54-999c1aa3e7ed@group-14F5B8938CFB-FollowerState] INFO  impl.FollowerState (FollowerState.java:run(152)) - 9c9ba13f-6dd0-460e-ac54-999c1aa3e7ed@group-14F5B8938CFB-FollowerState was interrupted
2023-09-07 04:51:52,984 [grpc-default-executor-0] INFO  server.RaftServer$Division (RaftServerImpl.java:requestVote(1335)) - 9c9ba13f-6dd0-460e-ac54-999c1aa3e7ed@group-14F5B8938CFB replies to ELECTION vote request: 7d658909-36a6-44f1-ac1a-09761b608691<-9c9ba13f-6dd0-460e-ac54-999c1aa3e7ed#0:OK-t1. Peer's state: 9c9ba13f-6dd0-460e-ac54-999c1aa3e7ed@group-14F5B8938CFB:t1, leader=null, voted=7d658909-36a6-44f1-ac1a-09761b608691, raftlog=Memoized:9c9ba13f-6dd0-460e-ac54-999c1aa3e7ed@group-14F5B8938CFB-SegmentedRaftLog:OPENED:c-1, conf=-1: peers:[7d658909-36a6-44f1-ac1a-09761b608691|rpc:10.1.0.9:15120|admin:10.1.0.9:15119|client:10.1.0.9:15118|dataStream:10.1.0.9:15121|priority:1|startupRole:FOLLOWER, 9c9ba13f-6dd0-460e-ac54-999c1aa3e7ed|rpc:10.1.0.9:15129|admin:10.1.0.9:15128|client:10.1.0.9:15127|dataStream:10.1.0.9:15130|priority:0|startupRole:FOLLOWER, 1ddc0cd2-9f64-4abc-9646-a27e7b7d0879|rpc:10.1.0.9:15138|admin:10.1.0.9:15137|client:10.1.0.9:15136|dataStream:10.1.0.9:15139|priority:0|startupRole:FOLLOWER]|listeners:[], old=null
2023-09-07 04:51:52,986 [grpc-default-executor-1] INFO  server.RaftServer$Division (RaftServerImpl.java:requestVote(1302)) - 1ddc0cd2-9f64-4abc-9646-a27e7b7d0879@group-14F5B8938CFB: receive requestVote(PRE_VOTE, 7d658909-36a6-44f1-ac1a-09761b608691, group-14F5B8938CFB, 0, (t:0, i:0))
2023-09-07 04:51:52,986 [grpc-default-executor-1] INFO  impl.VoteContext (VoteContext.java:log(49)) - 1ddc0cd2-9f64-4abc-9646-a27e7b7d0879@group-14F5B8938CFB-FOLLOWER: accept PRE_VOTE from 7d658909-36a6-44f1-ac1a-09761b608691: our priority 0 <= candidate's priority 1
2023-09-07 04:51:52,986 [grpc-default-executor-1] INFO  server.RaftServer$Division (RaftServerImpl.java:requestVote(1335)) - 1ddc0cd2-9f64-4abc-9646-a27e7b7d0879@group-14F5B8938CFB replies to PRE_VOTE vote request: 7d658909-36a6-44f1-ac1a-09761b608691<-1ddc0cd2-9f64-4abc-9646-a27e7b7d0879#0:OK-t0. Peer's state: 1ddc0cd2-9f64-4abc-9646-a27e7b7d0879@group-14F5B8938CFB:t0, leader=null, voted=, raftlog=Memoized:1ddc0cd2-9f64-4abc-9646-a27e7b7d0879@group-14F5B8938CFB-SegmentedRaftLog:OPENED:c-1, conf=-1: peers:[7d658909-36a6-44f1-ac1a-09761b608691|rpc:10.1.0.9:15120|admin:10.1.0.9:15119|client:10.1.0.9:15118|dataStream:10.1.0.9:15121|priority:1|startupRole:FOLLOWER, 9c9ba13f-6dd0-460e-ac54-999c1aa3e7ed|rpc:10.1.0.9:15129|admin:10.1.0.9:15128|client:10.1.0.9:15127|dataStream:10.1.0.9:15130|priority:0|startupRole:FOLLOWER, 1ddc0cd2-9f64-4abc-9646-a27e7b7d0879|rpc:10.1.0.9:15138|admin:10.1.0.9:15137|client:10.1.0.9:15136|dataStream:10.1.0.9:15139|priority:0|startupRole:FOLLOWER]|listeners:[], old=null
2023-09-07 04:51:52,993 [7d658909-36a6-44f1-ac1a-09761b608691@group-14F5B8938CFB-LeaderElection22] INFO  impl.LeaderElection (LeaderElection.java:logAndReturn(90)) - 7d658909-36a6-44f1-ac1a-09761b608691@group-14F5B8938CFB-LeaderElection22: ELECTION PASSED received 1 response(s) and 0 exception(s):
2023-09-07 04:51:52,993 [7d658909-36a6-44f1-ac1a-09761b608691@group-14F5B8938CFB-LeaderElection22] INFO  impl.LeaderElection (LeaderElection.java:logAndReturn(94)) -   Response 0: 7d658909-36a6-44f1-ac1a-09761b608691<-9c9ba13f-6dd0-460e-ac54-999c1aa3e7ed#0:OK-t1
2023-09-07 04:51:52,993 [7d658909-36a6-44f1-ac1a-09761b608691@group-14F5B8938CFB-LeaderElection22] INFO  impl.LeaderElection (LeaderElection.java:askForVotes(323)) - 7d658909-36a6-44f1-ac1a-09761b608691@group-14F5B8938CFB-LeaderElection22 ELECTION round 0: result PASSED
2023-09-07 04:51:52,993 [7d658909-36a6-44f1-ac1a-09761b608691@group-14F5B8938CFB-LeaderElection22] INFO  impl.RoleInfo (RoleInfo.java:shutdownLeaderElection(130)) - 7d658909-36a6-44f1-ac1a-09761b608691: shutdown 7d658909-36a6-44f1-ac1a-09761b608691@group-14F5B8938CFB-LeaderElection22
2023-09-07 04:51:52,993 [7d658909-36a6-44f1-ac1a-09761b608691@group-14F5B8938CFB-LeaderElection22] INFO  server.RaftServer$Division (RaftServerImpl.java:setRole(329)) - 7d658909-36a6-44f1-ac1a-09761b608691@group-14F5B8938CFB: changes role from CANDIDATE to LEADER at term 1 for changeToLeader
2023-09-07 04:51:52,993 [7d658909-36a6-44f1-ac1a-09761b608691@group-14F5B8938CFB-LeaderElection22] INFO  ratis.XceiverServerRatis (XceiverServerRatis.java:handleLeaderChangedNotification(902)) - Leader change notification received for group: group-14F5B8938CFB with new leaderId: 7d658909-36a6-44f1-ac1a-09761b608691
2023-09-07 04:51:52,994 [7d658909-36a6-44f1-ac1a-09761b608691@group-14F5B8938CFB-LeaderElection22] INFO  server.RaftServer$Division (ServerState.java:setLeader(317)) - 7d658909-36a6-44f1-ac1a-09761b608691@group-14F5B8938CFB: change Leader from null to 7d658909-36a6-44f1-ac1a-09761b608691 at term 1 for becomeLeader, leader elected after 5251ms
2023-09-07 04:51:52,994 [7d658909-36a6-44f1-ac1a-09761b608691@group-14F5B8938CFB-LeaderElection22] INFO  server.RaftServerConfigKeys (ConfUtils.java:logGet(46)) - raft.server.staging.catchup.gap = 1000 (default)
2023-09-07 04:51:52,994 [7d658909-36a6-44f1-ac1a-09761b608691@group-14F5B8938CFB-LeaderElection22] INFO  server.RaftServerConfigKeys (ConfUtils.java:logGet(46)) - raft.server.write.element-limit = 1024 (custom)
2023-09-07 04:51:52,994 [7d658909-36a6-44f1-ac1a-09761b608691@group-14F5B8938CFB-LeaderElection22] INFO  server.RaftServerConfigKeys (ConfUtils.java:logGet(46)) - raft.server.write.byte-limit = 1024 M (=1073741824) (custom)
2023-09-07 04:51:52,994 [7d658909-36a6-44f1-ac1a-09761b608691@group-14F5B8938CFB-LeaderElection22] INFO  server.RaftServerConfigKeys (ConfUtils.java:logGet(46)) - raft.server.watch.timeout = 180s (custom)
2023-09-07 04:51:52,995 [7d658909-36a6-44f1-ac1a-09761b608691@group-14F5B8938CFB-LeaderElection22] INFO  server.RaftServerConfigKeys (ConfUtils.java:logGet(46)) - raft.server.watch.timeout.denomination = 1s (default)
2023-09-07 04:51:52,995 [7d658909-36a6-44f1-ac1a-09761b608691@group-14F5B8938CFB-LeaderElection22] INFO  server.RaftServerConfigKeys (ConfUtils.java:logGet(46)) - raft.server.watch.element-limit = 65536 (default)
2023-09-07 04:51:52,995 [7d658909-36a6-44f1-ac1a-09761b608691@group-14F5B8938CFB-LeaderElection22] INFO  server.RaftServerConfigKeys (ConfUtils.java:logGet(46)) - raft.server.write.element-limit = 1024 (custom)
2023-09-07 04:51:52,995 [7d658909-36a6-44f1-ac1a-09761b608691@group-14F5B8938CFB-LeaderElection22] INFO  server.RaftServerConfigKeys (ConfUtils.java:logGet(46)) - raft.server.write.follower.gap.ratio.max = -1.0 (default)
2023-09-07 04:51:52,995 [7d658909-36a6-44f1-ac1a-09761b608691@group-14F5B8938CFB-LeaderElection22] INFO  server.RaftServerConfigKeys (ConfUtils.java:logGet(46)) - raft.server.log.appender.snapshot.chunk.size.max = 16MB (=16777216) (default)
2023-09-07 04:51:52,995 [7d658909-36a6-44f1-ac1a-09761b608691@group-14F5B8938CFB-LeaderElection22] INFO  server.RaftServerConfigKeys (ConfUtils.java:logGet(46)) - raft.server.log.appender.buffer.byte-limit = 33554432 (custom)
2023-09-07 04:51:52,995 [7d658909-36a6-44f1-ac1a-09761b608691@group-14F5B8938CFB-LeaderElection22] INFO  server.RaftServerConfigKeys (ConfUtils.java:logGet(46)) - raft.server.log.appender.buffer.element-limit = 1 (custom)
2023-09-07 04:51:52,995 [7d658909-36a6-44f1-ac1a-09761b608691@group-14F5B8938CFB-LeaderElection22] INFO  server.RaftServerConfigKeys (ConfUtils.java:logGet(46)) - raft.server.log.appender.wait-time.min = 10ms (default)
2023-09-07 04:51:52,996 [7d658909-36a6-44f1-ac1a-09761b608691@group-14F5B8938CFB-LeaderElection22] INFO  grpc.GrpcConfigKeys (ConfUtils.java:logGet(46)) - raft.grpc.server.leader.outstanding.appends.max = 128 (default)
2023-09-07 04:51:52,996 [7d658909-36a6-44f1-ac1a-09761b608691@group-14F5B8938CFB-LeaderElection22] INFO  server.RaftServerConfigKeys (ConfUtils.java:logGet(46)) - raft.server.rpc.request.timeout = 60s (custom)
2023-09-07 04:51:52,996 [7d658909-36a6-44f1-ac1a-09761b608691@group-14F5B8938CFB-LeaderElection22] INFO  grpc.GrpcConfigKeys (ConfUtils.java:logGet(46)) - raft.grpc.server.install_snapshot.request.element-limit = 8 (default)
2023-09-07 04:51:52,996 [7d658909-36a6-44f1-ac1a-09761b608691@group-14F5B8938CFB-LeaderElection22] INFO  grpc.GrpcConfigKeys (ConfUtils.java:logGet(46)) - raft.grpc.server.install_snapshot.request.timeout = 3000ms (default)
2023-09-07 04:51:52,996 [7d658909-36a6-44f1-ac1a-09761b608691@group-14F5B8938CFB-LeaderElection22] INFO  server.RaftServerConfigKeys (ConfUtils.java:logGet(46)) - raft.server.log.appender.install.snapshot.enabled = false (custom)
2023-09-07 04:51:52,996 [7d658909-36a6-44f1-ac1a-09761b608691@group-14F5B8938CFB-LeaderElection22] INFO  grpc.GrpcConfigKeys (ConfUtils.java:logGet(46)) - raft.grpc.server.heartbeat.channel = true (default)
2023-09-07 04:51:52,996 [7d658909-36a6-44f1-ac1a-09761b608691@group-14F5B8938CFB-LeaderElection22] INFO  server.RaftServerConfigKeys (ConfUtils.java:logGet(46)) - raft.server.log.appender.snapshot.chunk.size.max = 16MB (=16777216) (default)
2023-09-07 04:51:52,996 [7d658909-36a6-44f1-ac1a-09761b608691@group-14F5B8938CFB-LeaderElection22] INFO  server.RaftServerConfigKeys (ConfUtils.java:logGet(46)) - raft.server.log.appender.buffer.byte-limit = 33554432 (custom)
2023-09-07 04:51:52,997 [7d658909-36a6-44f1-ac1a-09761b608691@group-14F5B8938CFB-LeaderElection22] INFO  server.RaftServerConfigKeys (ConfUtils.java:logGet(46)) - raft.server.log.appender.buffer.element-limit = 1 (custom)
2023-09-07 04:51:52,997 [7d658909-36a6-44f1-ac1a-09761b608691@group-14F5B8938CFB-LeaderElection22] INFO  server.RaftServerConfigKeys (ConfUtils.java:logGet(46)) - raft.server.log.appender.wait-time.min = 10ms (default)
2023-09-07 04:51:52,997 [7d658909-36a6-44f1-ac1a-09761b608691@group-14F5B8938CFB-LeaderElection22] INFO  grpc.GrpcConfigKeys (ConfUtils.java:logGet(46)) - raft.grpc.server.leader.outstanding.appends.max = 128 (default)
2023-09-07 04:51:52,997 [7d658909-36a6-44f1-ac1a-09761b608691@group-14F5B8938CFB-LeaderElection22] INFO  server.RaftServerConfigKeys (ConfUtils.java:logGet(46)) - raft.server.rpc.request.timeout = 60s (custom)
2023-09-07 04:51:52,997 [7d658909-36a6-44f1-ac1a-09761b608691@group-14F5B8938CFB-LeaderElection22] INFO  grpc.GrpcConfigKeys (ConfUtils.java:logGet(46)) - raft.grpc.server.install_snapshot.request.element-limit = 8 (default)
2023-09-07 04:51:52,997 [7d658909-36a6-44f1-ac1a-09761b608691@group-14F5B8938CFB-LeaderElection22] INFO  grpc.GrpcConfigKeys (ConfUtils.java:logGet(46)) - raft.grpc.server.install_snapshot.request.timeout = 3000ms (default)
2023-09-07 04:51:52,997 [7d658909-36a6-44f1-ac1a-09761b608691@group-14F5B8938CFB-LeaderElection22] INFO  server.RaftServerConfigKeys (ConfUtils.java:logGet(46)) - raft.server.log.appender.install.snapshot.enabled = false (custom)
2023-09-07 04:51:52,997 [7d658909-36a6-44f1-ac1a-09761b608691@group-14F5B8938CFB-LeaderElection22] INFO  grpc.GrpcConfigKeys (ConfUtils.java:logGet(46)) - raft.grpc.server.heartbeat.channel = true (default)
2023-09-07 04:51:52,997 [7d658909-36a6-44f1-ac1a-09761b608691@group-14F5B8938CFB-LeaderElection22] INFO  impl.RoleInfo (RoleInfo.java:updateAndGet(139)) - 7d658909-36a6-44f1-ac1a-09761b608691: start 7d658909-36a6-44f1-ac1a-09761b608691@group-14F5B8938CFB-LeaderStateImpl
2023-09-07 04:51:52,999 [EventQueue-PipelineReportForPipelineReportHandler] INFO  pipeline.PipelineReportHandler (PipelineReportHandler.java:processPipelineReport(136)) - Opened pipeline PipelineID=46f797af-66a6-422c-8dfc-14f5b8938cfb
2023-09-07 04:51:52,999 [EventQueue-OpenPipelineForHealthyPipelineSafeModeRule] INFO  safemode.SCMSafeModeManager (HealthyPipelineSafeModeRule.java:process(137)) - SCM in safe mode. Healthy pipelines reported count is 1, required healthy pipeline reported count is 1
2023-09-07 04:51:52,999 [EventQueue-OpenPipelineForHealthyPipelineSafeModeRule] INFO  safemode.SCMSafeModeManager (SCMSafeModeManager.java:validateSafeModeExitRules(200)) - HealthyPipelineSafeModeRule rule is successfully validated
2023-09-07 04:51:52,999 [EventQueue-OpenPipelineForHealthyPipelineSafeModeRule] INFO  safemode.SCMSafeModeManager (SCMSafeModeManager.java:validateSafeModeExitRules(215)) - ScmSafeModeManager, all rules are successfully validated
2023-09-07 04:51:52,999 [EventQueue-OpenPipelineForHealthyPipelineSafeModeRule] INFO  safemode.SCMSafeModeManager (SCMSafeModeManager.java:exitSafeMode(244)) - SCM exiting safe mode.
2023-09-07 04:51:52,999 [EventQueue-OpenPipelineForHealthyPipelineSafeModeRule] INFO  ha.SCMContext (SCMContext.java:updateSafeModeStatus(228)) - Update SafeModeStatus from SafeModeStatus{safeModeStatus=true, preCheckPassed=true} to SafeModeStatus{safeModeStatus=false, preCheckPassed=true}.
2023-09-07 04:51:52,999 [EventQueue-OpenPipelineForHealthyPipelineSafeModeRule] INFO  pipeline.BackgroundPipelineCreator (BackgroundPipelineCreator.java:notifyStatusChanged(255)) - Service BackgroundPipelineCreator transitions to RUNNING.
2023-09-07 04:51:52,999 [EventQueue-OpenPipelineForHealthyPipelineSafeModeRule] INFO  BackgroundPipelineScrubber (BackgroundSCMService.java:notifyStatusChanged(82)) - Service BackgroundPipelineScrubber transitions to RUNNING.
2023-09-07 04:51:52,999 [EventQueue-OpenPipelineForHealthyPipelineSafeModeRule] INFO  ExpiredContainerReplicaOpScrubber (BackgroundSCMService.java:notifyStatusChanged(82)) - Service ExpiredContainerReplicaOpScrubber transitions to RUNNING.
2023-09-07 04:51:52,999 [EventQueue-OpenPipelineForHealthyPipelineSafeModeRule] INFO  replication.ReplicationManager (ReplicationManager.java:notifyStatusChanged(1370)) - Service ReplicationManager transitions to RUNNING.
2023-09-07 04:51:52,999 [EventQueue-OpenPipelineForHealthyPipelineSafeModeRule] WARN  balancer.ContainerBalancer (ContainerBalancer.java:shouldRun(134)) - Could not find persisted configuration for ContainerBalancer when checking if ContainerBalancer should run. ContainerBalancer should not run now.
2023-09-07 04:51:53,000 [grpc-default-executor-1] INFO  server.RaftServer$Division (RaftServerImpl.java:requestVote(1302)) - 1ddc0cd2-9f64-4abc-9646-a27e7b7d0879@group-14F5B8938CFB: receive requestVote(ELECTION, 7d658909-36a6-44f1-ac1a-09761b608691, group-14F5B8938CFB, 1, (t:0, i:0))
2023-09-07 04:51:53,000 [grpc-default-executor-1] INFO  impl.VoteContext (VoteContext.java:log(49)) - 1ddc0cd2-9f64-4abc-9646-a27e7b7d0879@group-14F5B8938CFB-FOLLOWER: accept ELECTION from 7d658909-36a6-44f1-ac1a-09761b608691: our priority 0 <= candidate's priority 1
2023-09-07 04:51:53,000 [grpc-default-executor-1] INFO  server.RaftServer$Division (RaftServerImpl.java:setRole(329)) - 1ddc0cd2-9f64-4abc-9646-a27e7b7d0879@group-14F5B8938CFB: changes role from  FOLLOWER to FOLLOWER at term 1 for candidate:7d658909-36a6-44f1-ac1a-09761b608691
2023-09-07 04:51:53,000 [grpc-default-executor-1] INFO  impl.RoleInfo (RoleInfo.java:shutdownFollowerState(110)) - 1ddc0cd2-9f64-4abc-9646-a27e7b7d0879: shutdown 1ddc0cd2-9f64-4abc-9646-a27e7b7d0879@group-14F5B8938CFB-FollowerState
2023-09-07 04:51:53,001 [grpc-default-executor-1] INFO  impl.RoleInfo (RoleInfo.java:updateAndGet(139)) - 1ddc0cd2-9f64-4abc-9646-a27e7b7d0879: start 1ddc0cd2-9f64-4abc-9646-a27e7b7d0879@group-14F5B8938CFB-FollowerState
2023-09-07 04:51:53,001 [1ddc0cd2-9f64-4abc-9646-a27e7b7d0879@group-14F5B8938CFB-FollowerState] INFO  impl.FollowerState (FollowerState.java:run(152)) - 1ddc0cd2-9f64-4abc-9646-a27e7b7d0879@group-14F5B8938CFB-FollowerState was interrupted
2023-09-07 04:51:53,001 [7d658909-36a6-44f1-ac1a-09761b608691@group-14F5B8938CFB-LeaderElection22] INFO  segmented.SegmentedRaftLogWorker (SegmentedRaftLogWorker.java:startLogSegment(447)) - 7d658909-36a6-44f1-ac1a-09761b608691@group-14F5B8938CFB-SegmentedRaftLogWorker: Starting segment from index:0
2023-09-07 04:51:53,006 [grpc-default-executor-1] INFO  server.RaftServer$Division (RaftServerImpl.java:requestVote(1335)) - 1ddc0cd2-9f64-4abc-9646-a27e7b7d0879@group-14F5B8938CFB replies to ELECTION vote request: 7d658909-36a6-44f1-ac1a-09761b608691<-1ddc0cd2-9f64-4abc-9646-a27e7b7d0879#0:OK-t1. Peer's state: 1ddc0cd2-9f64-4abc-9646-a27e7b7d0879@group-14F5B8938CFB:t1, leader=null, voted=7d658909-36a6-44f1-ac1a-09761b608691, raftlog=Memoized:1ddc0cd2-9f64-4abc-9646-a27e7b7d0879@group-14F5B8938CFB-SegmentedRaftLog:OPENED:c-1, conf=-1: peers:[7d658909-36a6-44f1-ac1a-09761b608691|rpc:10.1.0.9:15120|admin:10.1.0.9:15119|client:10.1.0.9:15118|dataStream:10.1.0.9:15121|priority:1|startupRole:FOLLOWER, 9c9ba13f-6dd0-460e-ac54-999c1aa3e7ed|rpc:10.1.0.9:15129|admin:10.1.0.9:15128|client:10.1.0.9:15127|dataStream:10.1.0.9:15130|priority:0|startupRole:FOLLOWER, 1ddc0cd2-9f64-4abc-9646-a27e7b7d0879|rpc:10.1.0.9:15138|admin:10.1.0.9:15137|client:10.1.0.9:15136|dataStream:10.1.0.9:15139|priority:0|startupRole:FOLLOWER]|listeners:[], old=null
2023-09-07 04:51:53,006 [7d658909-36a6-44f1-ac1a-09761b608691@group-14F5B8938CFB-SegmentedRaftLogWorker] INFO  segmented.SegmentedRaftLogWorker (SegmentedRaftLogWorker.java:execute(651)) - 7d658909-36a6-44f1-ac1a-09761b608691@group-14F5B8938CFB-SegmentedRaftLogWorker: created new log segment /home/runner/work/ozone/ozone/hadoop-ozone/integration-test/target/test-dir/MiniOzoneClusterImpl-a35962c9-a2fc-4df3-96cb-042236c47d51/datanode-0/data/ratis/46f797af-66a6-422c-8dfc-14f5b8938cfb/current/log_inprogress_0
2023-09-07 04:51:53,011 [7d658909-36a6-44f1-ac1a-09761b608691@group-14F5B8938CFB-LeaderElection22] INFO  server.RaftServer$Division (ServerState.java:setRaftConf(434)) - 7d658909-36a6-44f1-ac1a-09761b608691@group-14F5B8938CFB: set configuration 0: peers:[7d658909-36a6-44f1-ac1a-09761b608691|rpc:10.1.0.9:15120|admin:10.1.0.9:15119|client:10.1.0.9:15118|dataStream:10.1.0.9:15121|priority:1|startupRole:FOLLOWER, 9c9ba13f-6dd0-460e-ac54-999c1aa3e7ed|rpc:10.1.0.9:15129|admin:10.1.0.9:15128|client:10.1.0.9:15127|dataStream:10.1.0.9:15130|priority:0|startupRole:FOLLOWER, 1ddc0cd2-9f64-4abc-9646-a27e7b7d0879|rpc:10.1.0.9:15138|admin:10.1.0.9:15137|client:10.1.0.9:15136|dataStream:10.1.0.9:15139|priority:0|startupRole:FOLLOWER]|listeners:[], old=null
2023-09-07 04:51:53,039 [9c9ba13f-6dd0-460e-ac54-999c1aa3e7ed-server-thread1] INFO  ratis.XceiverServerRatis (XceiverServerRatis.java:handleLeaderChangedNotification(902)) - Leader change notification received for group: group-14F5B8938CFB with new leaderId: 7d658909-36a6-44f1-ac1a-09761b608691
2023-09-07 04:51:53,040 [9c9ba13f-6dd0-460e-ac54-999c1aa3e7ed-server-thread1] INFO  server.RaftServer$Division (ServerState.java:setLeader(317)) - 9c9ba13f-6dd0-460e-ac54-999c1aa3e7ed@group-14F5B8938CFB: change Leader from null to 7d658909-36a6-44f1-ac1a-09761b608691 at term 1 for appendEntries, leader elected after 5091ms
2023-09-07 04:51:53,051 [9c9ba13f-6dd0-460e-ac54-999c1aa3e7ed-server-thread1] INFO  server.RaftServer$Division (ServerState.java:setRaftConf(434)) - 9c9ba13f-6dd0-460e-ac54-999c1aa3e7ed@group-14F5B8938CFB: set configuration 0: peers:[7d658909-36a6-44f1-ac1a-09761b608691|rpc:10.1.0.9:15120|admin:10.1.0.9:15119|client:10.1.0.9:15118|dataStream:10.1.0.9:15121|priority:1|startupRole:FOLLOWER, 9c9ba13f-6dd0-460e-ac54-999c1aa3e7ed|rpc:10.1.0.9:15129|admin:10.1.0.9:15128|client:10.1.0.9:15127|dataStream:10.1.0.9:15130|priority:0|startupRole:FOLLOWER, 1ddc0cd2-9f64-4abc-9646-a27e7b7d0879|rpc:10.1.0.9:15138|admin:10.1.0.9:15137|client:10.1.0.9:15136|dataStream:10.1.0.9:15139|priority:0|startupRole:FOLLOWER]|listeners:[], old=null
2023-09-07 04:51:53,051 [9c9ba13f-6dd0-460e-ac54-999c1aa3e7ed-server-thread1] INFO  segmented.SegmentedRaftLogWorker (SegmentedRaftLogWorker.java:startLogSegment(447)) - 9c9ba13f-6dd0-460e-ac54-999c1aa3e7ed@group-14F5B8938CFB-SegmentedRaftLogWorker: Starting segment from index:0
2023-09-07 04:51:53,059 [1ddc0cd2-9f64-4abc-9646-a27e7b7d0879-server-thread2] INFO  ratis.XceiverServerRatis (XceiverServerRatis.java:handleLeaderChangedNotification(902)) - Leader change notification received for group: group-14F5B8938CFB with new leaderId: 7d658909-36a6-44f1-ac1a-09761b608691
2023-09-07 04:51:53,059 [1ddc0cd2-9f64-4abc-9646-a27e7b7d0879-server-thread2] INFO  server.RaftServer$Division (ServerState.java:setLeader(317)) - 1ddc0cd2-9f64-4abc-9646-a27e7b7d0879@group-14F5B8938CFB: change Leader from null to 7d658909-36a6-44f1-ac1a-09761b608691 at term 1 for appendEntries, leader elected after 5270ms
2023-09-07 04:51:53,069 [9c9ba13f-6dd0-460e-ac54-999c1aa3e7ed@group-14F5B8938CFB-SegmentedRaftLogWorker] INFO  segmented.SegmentedRaftLogWorker (SegmentedRaftLogWorker.java:execute(651)) - 9c9ba13f-6dd0-460e-ac54-999c1aa3e7ed@group-14F5B8938CFB-SegmentedRaftLogWorker: created new log segment /home/runner/work/ozone/ozone/hadoop-ozone/integration-test/target/test-dir/MiniOzoneClusterImpl-a35962c9-a2fc-4df3-96cb-042236c47d51/datanode-1/data/ratis/46f797af-66a6-422c-8dfc-14f5b8938cfb/current/log_inprogress_0
2023-09-07 04:51:53,069 [1ddc0cd2-9f64-4abc-9646-a27e7b7d0879-server-thread1] INFO  server.RaftServer$Division (ServerState.java:setRaftConf(434)) - 1ddc0cd2-9f64-4abc-9646-a27e7b7d0879@group-14F5B8938CFB: set configuration 0: peers:[7d658909-36a6-44f1-ac1a-09761b608691|rpc:10.1.0.9:15120|admin:10.1.0.9:15119|client:10.1.0.9:15118|dataStream:10.1.0.9:15121|priority:1|startupRole:FOLLOWER, 9c9ba13f-6dd0-460e-ac54-999c1aa3e7ed|rpc:10.1.0.9:15129|admin:10.1.0.9:15128|client:10.1.0.9:15127|dataStream:10.1.0.9:15130|priority:0|startupRole:FOLLOWER, 1ddc0cd2-9f64-4abc-9646-a27e7b7d0879|rpc:10.1.0.9:15138|admin:10.1.0.9:15137|client:10.1.0.9:15136|dataStream:10.1.0.9:15139|priority:0|startupRole:FOLLOWER]|listeners:[], old=null
2023-09-07 04:51:53,070 [1ddc0cd2-9f64-4abc-9646-a27e7b7d0879-server-thread1] INFO  segmented.SegmentedRaftLogWorker (SegmentedRaftLogWorker.java:startLogSegment(447)) - 1ddc0cd2-9f64-4abc-9646-a27e7b7d0879@group-14F5B8938CFB-SegmentedRaftLogWorker: Starting segment from index:0
2023-09-07 04:51:53,082 [1ddc0cd2-9f64-4abc-9646-a27e7b7d0879@group-14F5B8938CFB-SegmentedRaftLogWorker] INFO  segmented.SegmentedRaftLogWorker (SegmentedRaftLogWorker.java:execute(651)) - 1ddc0cd2-9f64-4abc-9646-a27e7b7d0879@group-14F5B8938CFB-SegmentedRaftLogWorker: created new log segment /home/runner/work/ozone/ozone/hadoop-ozone/integration-test/target/test-dir/MiniOzoneClusterImpl-a35962c9-a2fc-4df3-96cb-042236c47d51/datanode-2/data/ratis/46f797af-66a6-422c-8dfc-14f5b8938cfb/current/log_inprogress_0
2023-09-07 04:51:53,167 [7d658909-36a6-44f1-ac1a-09761b608691@group-41019568F4E6-FollowerState] INFO  impl.FollowerState (FollowerState.java:run(143)) - 7d658909-36a6-44f1-ac1a-09761b608691@group-41019568F4E6-FollowerState: change to CANDIDATE, lastRpcElapsedTime:5154674361ns, electionTimeout:5152ms
2023-09-07 04:51:53,167 [7d658909-36a6-44f1-ac1a-09761b608691@group-41019568F4E6-FollowerState] INFO  impl.RoleInfo (RoleInfo.java:shutdownFollowerState(110)) - 7d658909-36a6-44f1-ac1a-09761b608691: shutdown 7d658909-36a6-44f1-ac1a-09761b608691@group-41019568F4E6-FollowerState
2023-09-07 04:51:53,167 [7d658909-36a6-44f1-ac1a-09761b608691@group-41019568F4E6-FollowerState] INFO  server.RaftServer$Division (RaftServerImpl.java:setRole(329)) - 7d658909-36a6-44f1-ac1a-09761b608691@group-41019568F4E6: changes role from  FOLLOWER to CANDIDATE at term 0 for changeToCandidate
2023-09-07 04:51:53,167 [7d658909-36a6-44f1-ac1a-09761b608691@group-41019568F4E6-FollowerState] INFO  server.RaftServerConfigKeys (ConfUtils.java:logGet(46)) - raft.server.leaderelection.pre-vote = true (default)
2023-09-07 04:51:53,167 [7d658909-36a6-44f1-ac1a-09761b608691@group-41019568F4E6-FollowerState] INFO  impl.RoleInfo (RoleInfo.java:updateAndGet(139)) - 7d658909-36a6-44f1-ac1a-09761b608691: start 7d658909-36a6-44f1-ac1a-09761b608691@group-41019568F4E6-LeaderElection23
2023-09-07 04:51:53,172 [7d658909-36a6-44f1-ac1a-09761b608691@group-41019568F4E6-LeaderElection23] INFO  impl.LeaderElection (LeaderElection.java:askForVotes(321)) - 7d658909-36a6-44f1-ac1a-09761b608691@group-41019568F4E6-LeaderElection23 PRE_VOTE round 0: submit vote requests at term 0 for -1: peers:[7d658909-36a6-44f1-ac1a-09761b608691|rpc:10.1.0.9:15120|admin:10.1.0.9:15119|client:10.1.0.9:15118|dataStream:10.1.0.9:15121|priority:0|startupRole:FOLLOWER, 9c9ba13f-6dd0-460e-ac54-999c1aa3e7ed|rpc:10.1.0.9:15129|admin:10.1.0.9:15128|client:10.1.0.9:15127|dataStream:10.1.0.9:15130|priority:0|startupRole:FOLLOWER, 1ddc0cd2-9f64-4abc-9646-a27e7b7d0879|rpc:10.1.0.9:15138|admin:10.1.0.9:15137|client:10.1.0.9:15136|dataStream:10.1.0.9:15139|priority:1|startupRole:FOLLOWER]|listeners:[], old=null
2023-09-07 04:51:53,172 [1ddc0cd2-9f64-4abc-9646-a27e7b7d0879@group-41019568F4E6-FollowerState] INFO  impl.FollowerState (FollowerState.java:run(143)) - 1ddc0cd2-9f64-4abc-9646-a27e7b7d0879@group-41019568F4E6-FollowerState: change to CANDIDATE, lastRpcElapsedTime:5118096255ns, electionTimeout:5114ms
2023-09-07 04:51:53,172 [1ddc0cd2-9f64-4abc-9646-a27e7b7d0879@group-41019568F4E6-FollowerState] INFO  impl.RoleInfo (RoleInfo.java:shutdownFollowerState(110)) - 1ddc0cd2-9f64-4abc-9646-a27e7b7d0879: shutdown 1ddc0cd2-9f64-4abc-9646-a27e7b7d0879@group-41019568F4E6-FollowerState
2023-09-07 04:51:53,173 [1ddc0cd2-9f64-4abc-9646-a27e7b7d0879@group-41019568F4E6-FollowerState] INFO  server.RaftServer$Division (RaftServerImpl.java:setRole(329)) - 1ddc0cd2-9f64-4abc-9646-a27e7b7d0879@group-41019568F4E6: changes role from  FOLLOWER to CANDIDATE at term 0 for changeToCandidate
2023-09-07 04:51:53,178 [7d658909-36a6-44f1-ac1a-09761b608691@group-41019568F4E6-LeaderElection23] INFO  server.RaftServerConfigKeys (ConfUtils.java:logFallback(53)) - raft.server.rpc.first-election.timeout.min = 5s (fallback to raft.server.rpc.timeout.min)
2023-09-07 04:51:53,178 [1ddc0cd2-9f64-4abc-9646-a27e7b7d0879@group-41019568F4E6-FollowerState] INFO  server.RaftServerConfigKeys (ConfUtils.java:logGet(46)) - raft.server.leaderelection.pre-vote = true (default)
2023-09-07 04:51:53,178 [grpc-default-executor-0] INFO  server.RaftServer$Division (RaftServerImpl.java:requestVote(1302)) - 9c9ba13f-6dd0-460e-ac54-999c1aa3e7ed@group-41019568F4E6: receive requestVote(PRE_VOTE, 7d658909-36a6-44f1-ac1a-09761b608691, group-41019568F4E6, 0, (t:0, i:0))
2023-09-07 04:51:53,178 [7d658909-36a6-44f1-ac1a-09761b608691@group-41019568F4E6-LeaderElection23] INFO  server.RaftServerConfigKeys (ConfUtils.java:logFallback(53)) - raft.server.rpc.first-election.timeout.max = 5200ms (fallback to raft.server.rpc.timeout.max)
2023-09-07 04:51:53,178 [grpc-default-executor-0] INFO  impl.VoteContext (VoteContext.java:log(49)) - 9c9ba13f-6dd0-460e-ac54-999c1aa3e7ed@group-41019568F4E6-FOLLOWER: accept PRE_VOTE from 7d658909-36a6-44f1-ac1a-09761b608691: our priority 0 <= candidate's priority 0
2023-09-07 04:51:53,178 [grpc-default-executor-0] INFO  server.RaftServer$Division (RaftServerImpl.java:requestVote(1335)) - 9c9ba13f-6dd0-460e-ac54-999c1aa3e7ed@group-41019568F4E6 replies to PRE_VOTE vote request: 7d658909-36a6-44f1-ac1a-09761b608691<-9c9ba13f-6dd0-460e-ac54-999c1aa3e7ed#0:OK-t0. Peer's state: 9c9ba13f-6dd0-460e-ac54-999c1aa3e7ed@group-41019568F4E6:t0, leader=null, voted=, raftlog=Memoized:9c9ba13f-6dd0-460e-ac54-999c1aa3e7ed@group-41019568F4E6-SegmentedRaftLog:OPENED:c-1, conf=-1: peers:[7d658909-36a6-44f1-ac1a-09761b608691|rpc:10.1.0.9:15120|admin:10.1.0.9:15119|client:10.1.0.9:15118|dataStream:10.1.0.9:15121|priority:0|startupRole:FOLLOWER, 9c9ba13f-6dd0-460e-ac54-999c1aa3e7ed|rpc:10.1.0.9:15129|admin:10.1.0.9:15128|client:10.1.0.9:15127|dataStream:10.1.0.9:15130|priority:0|startupRole:FOLLOWER, 1ddc0cd2-9f64-4abc-9646-a27e7b7d0879|rpc:10.1.0.9:15138|admin:10.1.0.9:15137|client:10.1.0.9:15136|dataStream:10.1.0.9:15139|priority:1|startupRole:FOLLOWER]|listeners:[], old=null
2023-09-07 04:51:53,178 [1ddc0cd2-9f64-4abc-9646-a27e7b7d0879@group-41019568F4E6-FollowerState] INFO  impl.RoleInfo (RoleInfo.java:updateAndGet(139)) - 1ddc0cd2-9f64-4abc-9646-a27e7b7d0879: start 1ddc0cd2-9f64-4abc-9646-a27e7b7d0879@group-41019568F4E6-LeaderElection24
2023-09-07 04:51:53,181 [1ddc0cd2-9f64-4abc-9646-a27e7b7d0879@group-41019568F4E6-LeaderElection24] INFO  impl.LeaderElection (LeaderElection.java:askForVotes(321)) - 1ddc0cd2-9f64-4abc-9646-a27e7b7d0879@group-41019568F4E6-LeaderElection24 PRE_VOTE round 0: submit vote requests at term 0 for -1: peers:[7d658909-36a6-44f1-ac1a-09761b608691|rpc:10.1.0.9:15120|admin:10.1.0.9:15119|client:10.1.0.9:15118|dataStream:10.1.0.9:15121|priority:0|startupRole:FOLLOWER, 9c9ba13f-6dd0-460e-ac54-999c1aa3e7ed|rpc:10.1.0.9:15129|admin:10.1.0.9:15128|client:10.1.0.9:15127|dataStream:10.1.0.9:15130|priority:0|startupRole:FOLLOWER, 1ddc0cd2-9f64-4abc-9646-a27e7b7d0879|rpc:10.1.0.9:15138|admin:10.1.0.9:15137|client:10.1.0.9:15136|dataStream:10.1.0.9:15139|priority:1|startupRole:FOLLOWER]|listeners:[], old=null
2023-09-07 04:51:53,182 [1ddc0cd2-9f64-4abc-9646-a27e7b7d0879@group-41019568F4E6-LeaderElection24] INFO  server.RaftServerConfigKeys (ConfUtils.java:logFallback(53)) - raft.server.rpc.first-election.timeout.min = 5s (fallback to raft.server.rpc.timeout.min)
2023-09-07 04:51:53,182 [1ddc0cd2-9f64-4abc-9646-a27e7b7d0879@group-41019568F4E6-LeaderElection24] INFO  server.RaftServerConfigKeys (ConfUtils.java:logFallback(53)) - raft.server.rpc.first-election.timeout.max = 5200ms (fallback to raft.server.rpc.timeout.max)
2023-09-07 04:51:53,183 [1ddc0cd2-9f64-4abc-9646-a27e7b7d0879@group-41019568F4E6-LeaderElection24-2] INFO  server.GrpcServerProtocolClient (GrpcServerProtocolClient.java:<init>(65)) - Build channel for 9c9ba13f-6dd0-460e-ac54-999c1aa3e7ed
2023-09-07 04:51:53,186 [grpc-default-executor-0] INFO  server.RaftServer$Division (RaftServerImpl.java:requestVote(1302)) - 1ddc0cd2-9f64-4abc-9646-a27e7b7d0879@group-41019568F4E6: receive requestVote(PRE_VOTE, 7d658909-36a6-44f1-ac1a-09761b608691, group-41019568F4E6, 0, (t:0, i:0))
2023-09-07 04:51:53,186 [grpc-default-executor-0] INFO  impl.VoteContext (VoteContext.java:log(49)) - 1ddc0cd2-9f64-4abc-9646-a27e7b7d0879@group-41019568F4E6-CANDIDATE: reject PRE_VOTE from 7d658909-36a6-44f1-ac1a-09761b608691: our priority 1 > candidate's priority 0
2023-09-07 04:51:53,186 [grpc-default-executor-0] INFO  server.RaftServer$Division (RaftServerImpl.java:requestVote(1335)) - 1ddc0cd2-9f64-4abc-9646-a27e7b7d0879@group-41019568F4E6 replies to PRE_VOTE vote request: 7d658909-36a6-44f1-ac1a-09761b608691<-1ddc0cd2-9f64-4abc-9646-a27e7b7d0879#0:FAIL-t0. Peer's state: 1ddc0cd2-9f64-4abc-9646-a27e7b7d0879@group-41019568F4E6:t0, leader=null, voted=, raftlog=Memoized:1ddc0cd2-9f64-4abc-9646-a27e7b7d0879@group-41019568F4E6-SegmentedRaftLog:OPENED:c-1, conf=-1: peers:[7d658909-36a6-44f1-ac1a-09761b608691|rpc:10.1.0.9:15120|admin:10.1.0.9:15119|client:10.1.0.9:15118|dataStream:10.1.0.9:15121|priority:0|startupRole:FOLLOWER, 9c9ba13f-6dd0-460e-ac54-999c1aa3e7ed|rpc:10.1.0.9:15129|admin:10.1.0.9:15128|client:10.1.0.9:15127|dataStream:10.1.0.9:15130|priority:0|startupRole:FOLLOWER, 1ddc0cd2-9f64-4abc-9646-a27e7b7d0879|rpc:10.1.0.9:15138|admin:10.1.0.9:15137|client:10.1.0.9:15136|dataStream:10.1.0.9:15139|priority:1|startupRole:FOLLOWER]|listeners:[], old=null
2023-09-07 04:51:53,191 [7d658909-36a6-44f1-ac1a-09761b608691@group-41019568F4E6-LeaderElection23] INFO  impl.LeaderElection (LeaderElection.java:logAndReturn(90)) - 7d658909-36a6-44f1-ac1a-09761b608691@group-41019568F4E6-LeaderElection23: PRE_VOTE REJECTED received 2 response(s) and 0 exception(s):
2023-09-07 04:51:53,191 [7d658909-36a6-44f1-ac1a-09761b608691@group-41019568F4E6-LeaderElection23] INFO  impl.LeaderElection (LeaderElection.java:logAndReturn(94)) -   Response 0: 7d658909-36a6-44f1-ac1a-09761b608691<-9c9ba13f-6dd0-460e-ac54-999c1aa3e7ed#0:OK-t0
2023-09-07 04:51:53,191 [7d658909-36a6-44f1-ac1a-09761b608691@group-41019568F4E6-LeaderElection23] INFO  impl.LeaderElection (LeaderElection.java:logAndReturn(94)) -   Response 1: 7d658909-36a6-44f1-ac1a-09761b608691<-1ddc0cd2-9f64-4abc-9646-a27e7b7d0879#0:FAIL-t0
2023-09-07 04:51:53,191 [7d658909-36a6-44f1-ac1a-09761b608691@group-41019568F4E6-LeaderElection23] INFO  impl.LeaderElection (LeaderElection.java:askForVotes(323)) - 7d658909-36a6-44f1-ac1a-09761b608691@group-41019568F4E6-LeaderElection23 PRE_VOTE round 0: result REJECTED
2023-09-07 04:51:53,191 [7d658909-36a6-44f1-ac1a-09761b608691@group-41019568F4E6-LeaderElection23] INFO  server.RaftServer$Division (RaftServerImpl.java:setRole(329)) - 7d658909-36a6-44f1-ac1a-09761b608691@group-41019568F4E6: changes role from CANDIDATE to FOLLOWER at term 0 for REJECTED
2023-09-07 04:51:53,191 [7d658909-36a6-44f1-ac1a-09761b608691@group-41019568F4E6-LeaderElection23] INFO  impl.RoleInfo (RoleInfo.java:shutdownLeaderElection(130)) - 7d658909-36a6-44f1-ac1a-09761b608691: shutdown 7d658909-36a6-44f1-ac1a-09761b608691@group-41019568F4E6-LeaderElection23
2023-09-07 04:51:53,192 [1ddc0cd2-9f64-4abc-9646-a27e7b7d0879@group-41019568F4E6-LeaderElection24-1] INFO  server.GrpcServerProtocolClient (GrpcServerProtocolClient.java:<init>(65)) - Build channel for 7d658909-36a6-44f1-ac1a-09761b608691
2023-09-07 04:51:53,192 [7d658909-36a6-44f1-ac1a-09761b608691@group-41019568F4E6-LeaderElection23] INFO  impl.RoleInfo (RoleInfo.java:updateAndGet(139)) - 7d658909-36a6-44f1-ac1a-09761b608691: start 7d658909-36a6-44f1-ac1a-09761b608691@group-41019568F4E6-FollowerState
2023-09-07 04:51:53,197 [grpc-default-executor-0] INFO  server.RaftServer$Division (RaftServerImpl.java:requestVote(1302)) - 9c9ba13f-6dd0-460e-ac54-999c1aa3e7ed@group-41019568F4E6: receive requestVote(PRE_VOTE, 1ddc0cd2-9f64-4abc-9646-a27e7b7d0879, group-41019568F4E6, 0, (t:0, i:0))
2023-09-07 04:51:53,197 [grpc-default-executor-0] INFO  impl.VoteContext (VoteContext.java:log(49)) - 9c9ba13f-6dd0-460e-ac54-999c1aa3e7ed@group-41019568F4E6-FOLLOWER: accept PRE_VOTE from 1ddc0cd2-9f64-4abc-9646-a27e7b7d0879: our priority 0 <= candidate's priority 1
2023-09-07 04:51:53,197 [grpc-default-executor-0] INFO  server.RaftServer$Division (RaftServerImpl.java:requestVote(1335)) - 9c9ba13f-6dd0-460e-ac54-999c1aa3e7ed@group-41019568F4E6 replies to PRE_VOTE vote request: 1ddc0cd2-9f64-4abc-9646-a27e7b7d0879<-9c9ba13f-6dd0-460e-ac54-999c1aa3e7ed#0:OK-t0. Peer's state: 9c9ba13f-6dd0-460e-ac54-999c1aa3e7ed@group-41019568F4E6:t0, leader=null, voted=, raftlog=Memoized:9c9ba13f-6dd0-460e-ac54-999c1aa3e7ed@group-41019568F4E6-SegmentedRaftLog:OPENED:c-1, conf=-1: peers:[7d658909-36a6-44f1-ac1a-09761b608691|rpc:10.1.0.9:15120|admin:10.1.0.9:15119|client:10.1.0.9:15118|dataStream:10.1.0.9:15121|priority:0|startupRole:FOLLOWER, 9c9ba13f-6dd0-460e-ac54-999c1aa3e7ed|rpc:10.1.0.9:15129|admin:10.1.0.9:15128|client:10.1.0.9:15127|dataStream:10.1.0.9:15130|priority:0|startupRole:FOLLOWER, 1ddc0cd2-9f64-4abc-9646-a27e7b7d0879|rpc:10.1.0.9:15138|admin:10.1.0.9:15137|client:10.1.0.9:15136|dataStream:10.1.0.9:15139|priority:1|startupRole:FOLLOWER]|listeners:[], old=null
2023-09-07 04:51:53,201 [1ddc0cd2-9f64-4abc-9646-a27e7b7d0879@group-41019568F4E6-LeaderElection24] INFO  impl.LeaderElection (LeaderElection.java:logAndReturn(90)) - 1ddc0cd2-9f64-4abc-9646-a27e7b7d0879@group-41019568F4E6-LeaderElection24: PRE_VOTE PASSED received 1 response(s) and 0 exception(s):
2023-09-07 04:51:53,201 [1ddc0cd2-9f64-4abc-9646-a27e7b7d0879@group-41019568F4E6-LeaderElection24] INFO  impl.LeaderElection (LeaderElection.java:logAndReturn(94)) -   Response 0: 1ddc0cd2-9f64-4abc-9646-a27e7b7d0879<-9c9ba13f-6dd0-460e-ac54-999c1aa3e7ed#0:OK-t0
2023-09-07 04:51:53,201 [1ddc0cd2-9f64-4abc-9646-a27e7b7d0879@group-41019568F4E6-LeaderElection24] INFO  impl.LeaderElection (LeaderElection.java:askForVotes(323)) - 1ddc0cd2-9f64-4abc-9646-a27e7b7d0879@group-41019568F4E6-LeaderElection24 PRE_VOTE round 0: result PASSED
2023-09-07 04:51:53,202 [1ddc0cd2-9f64-4abc-9646-a27e7b7d0879@group-41019568F4E6-LeaderElection24] INFO  impl.LeaderElection (LeaderElection.java:askForVotes(321)) - 1ddc0cd2-9f64-4abc-9646-a27e7b7d0879@group-41019568F4E6-LeaderElection24 ELECTION round 0: submit vote requests at term 1 for -1: peers:[7d658909-36a6-44f1-ac1a-09761b608691|rpc:10.1.0.9:15120|admin:10.1.0.9:15119|client:10.1.0.9:15118|dataStream:10.1.0.9:15121|priority:0|startupRole:FOLLOWER, 9c9ba13f-6dd0-460e-ac54-999c1aa3e7ed|rpc:10.1.0.9:15129|admin:10.1.0.9:15128|client:10.1.0.9:15127|dataStream:10.1.0.9:15130|priority:0|startupRole:FOLLOWER, 1ddc0cd2-9f64-4abc-9646-a27e7b7d0879|rpc:10.1.0.9:15138|admin:10.1.0.9:15137|client:10.1.0.9:15136|dataStream:10.1.0.9:15139|priority:1|startupRole:FOLLOWER]|listeners:[], old=null
2023-09-07 04:51:53,209 [9c9ba13f-6dd0-460e-ac54-999c1aa3e7ed@group-45A374FD8469-FollowerState] INFO  impl.FollowerState (FollowerState.java:run(143)) - 9c9ba13f-6dd0-460e-ac54-999c1aa3e7ed@group-45A374FD8469-FollowerState: change to CANDIDATE, lastRpcElapsedTime:5068420188ns, electionTimeout:5063ms
2023-09-07 04:51:53,210 [9c9ba13f-6dd0-460e-ac54-999c1aa3e7ed@group-45A374FD8469-FollowerState] INFO  impl.RoleInfo (RoleInfo.java:shutdownFollowerState(110)) - 9c9ba13f-6dd0-460e-ac54-999c1aa3e7ed: shutdown 9c9ba13f-6dd0-460e-ac54-999c1aa3e7ed@group-45A374FD8469-FollowerState
2023-09-07 04:51:53,210 [9c9ba13f-6dd0-460e-ac54-999c1aa3e7ed@group-45A374FD8469-FollowerState] INFO  server.RaftServer$Division (RaftServerImpl.java:setRole(329)) - 9c9ba13f-6dd0-460e-ac54-999c1aa3e7ed@group-45A374FD8469: changes role from  FOLLOWER to CANDIDATE at term 0 for changeToCandidate
2023-09-07 04:51:53,212 [1ddc0cd2-9f64-4abc-9646-a27e7b7d0879@group-41019568F4E6-LeaderElection24] INFO  server.RaftServerConfigKeys (ConfUtils.java:logFallback(53)) - raft.server.rpc.first-election.timeout.min = 5s (fallback to raft.server.rpc.timeout.min)
2023-09-07 04:51:53,212 [1ddc0cd2-9f64-4abc-9646-a27e7b7d0879@group-41019568F4E6-LeaderElection24] INFO  server.RaftServerConfigKeys (ConfUtils.java:logFallback(53)) - raft.server.rpc.first-election.timeout.max = 5200ms (fallback to raft.server.rpc.timeout.max)
2023-09-07 04:51:53,215 [9c9ba13f-6dd0-460e-ac54-999c1aa3e7ed@group-45A374FD8469-FollowerState] INFO  server.RaftServerConfigKeys (ConfUtils.java:logGet(46)) - raft.server.leaderelection.pre-vote = true (default)
2023-09-07 04:51:53,215 [9c9ba13f-6dd0-460e-ac54-999c1aa3e7ed@group-45A374FD8469-FollowerState] INFO  impl.RoleInfo (RoleInfo.java:updateAndGet(139)) - 9c9ba13f-6dd0-460e-ac54-999c1aa3e7ed: start 9c9ba13f-6dd0-460e-ac54-999c1aa3e7ed@group-45A374FD8469-LeaderElection25
2023-09-07 04:51:53,219 [grpc-default-executor-1] INFO  server.RaftServer$Division (RaftServerImpl.java:requestVote(1302)) - 7d658909-36a6-44f1-ac1a-09761b608691@group-41019568F4E6: receive requestVote(ELECTION, 1ddc0cd2-9f64-4abc-9646-a27e7b7d0879, group-41019568F4E6, 1, (t:0, i:0))
2023-09-07 04:51:53,219 [main] INFO  ozone.MiniOzoneClusterImpl (MiniOzoneClusterImpl.java:lambda$waitForClusterToBeReady$0(224)) - Nodes are ready. Got 5 of 5 DN Heartbeats.
2023-09-07 04:51:53,219 [grpc-default-executor-0] INFO  server.RaftServer$Division (RaftServerImpl.java:requestVote(1302)) - 7d658909-36a6-44f1-ac1a-09761b608691@group-41019568F4E6: receive requestVote(PRE_VOTE, 1ddc0cd2-9f64-4abc-9646-a27e7b7d0879, group-41019568F4E6, 0, (t:0, i:0))
2023-09-07 04:51:53,219 [main] INFO  ozone.MiniOzoneClusterImpl (MiniOzoneClusterImpl.java:lambda$waitForClusterToBeReady$0(227)) - Cluster exits safe mode
2023-09-07 04:51:53,219 [main] INFO  ozone.MiniOzoneClusterImpl (MiniOzoneClusterImpl.java:lambda$waitForClusterToBeReady$0(229)) - SCM became leader
2023-09-07 04:51:53,219 [grpc-default-executor-1] INFO  impl.VoteContext (VoteContext.java:log(49)) - 7d658909-36a6-44f1-ac1a-09761b608691@group-41019568F4E6-FOLLOWER: accept ELECTION from 1ddc0cd2-9f64-4abc-9646-a27e7b7d0879: our priority 0 <= candidate's priority 1
2023-09-07 04:51:53,222 [grpc-default-executor-1] INFO  server.RaftServer$Division (RaftServerImpl.java:setRole(329)) - 7d658909-36a6-44f1-ac1a-09761b608691@group-41019568F4E6: changes role from  FOLLOWER to FOLLOWER at term 1 for candidate:1ddc0cd2-9f64-4abc-9646-a27e7b7d0879
2023-09-07 04:51:53,222 [grpc-default-executor-1] INFO  impl.RoleInfo (RoleInfo.java:shutdownFollowerState(110)) - 7d658909-36a6-44f1-ac1a-09761b608691: shutdown 7d658909-36a6-44f1-ac1a-09761b608691@group-41019568F4E6-FollowerState
2023-09-07 04:51:53,222 [grpc-default-executor-1] INFO  impl.RoleInfo (RoleInfo.java:updateAndGet(139)) - 7d658909-36a6-44f1-ac1a-09761b608691: start 7d658909-36a6-44f1-ac1a-09761b608691@group-41019568F4E6-FollowerState
2023-09-07 04:51:53,222 [grpc-default-executor-4] INFO  server.RaftServer$Division (RaftServerImpl.java:requestVote(1302)) - 9c9ba13f-6dd0-460e-ac54-999c1aa3e7ed@group-41019568F4E6: receive requestVote(ELECTION, 1ddc0cd2-9f64-4abc-9646-a27e7b7d0879, group-41019568F4E6, 1, (t:0, i:0))
2023-09-07 04:51:53,224 [7d658909-36a6-44f1-ac1a-09761b608691@group-41019568F4E6-FollowerState] INFO  impl.FollowerState (FollowerState.java:run(152)) - 7d658909-36a6-44f1-ac1a-09761b608691@group-41019568F4E6-FollowerState was interrupted
2023-09-07 04:51:53,237 [grpc-default-executor-1] INFO  server.RaftServer$Division (RaftServerImpl.java:requestVote(1335)) - 7d658909-36a6-44f1-ac1a-09761b608691@group-41019568F4E6 replies to ELECTION vote request: 1ddc0cd2-9f64-4abc-9646-a27e7b7d0879<-7d658909-36a6-44f1-ac1a-09761b608691#0:OK-t1. Peer's state: 7d658909-36a6-44f1-ac1a-09761b608691@group-41019568F4E6:t1, leader=null, voted=1ddc0cd2-9f64-4abc-9646-a27e7b7d0879, raftlog=Memoized:7d658909-36a6-44f1-ac1a-09761b608691@group-41019568F4E6-SegmentedRaftLog:OPENED:c-1, conf=-1: peers:[7d658909-36a6-44f1-ac1a-09761b608691|rpc:10.1.0.9:15120|admin:10.1.0.9:15119|client:10.1.0.9:15118|dataStream:10.1.0.9:15121|priority:0|startupRole:FOLLOWER, 9c9ba13f-6dd0-460e-ac54-999c1aa3e7ed|rpc:10.1.0.9:15129|admin:10.1.0.9:15128|client:10.1.0.9:15127|dataStream:10.1.0.9:15130|priority:0|startupRole:FOLLOWER, 1ddc0cd2-9f64-4abc-9646-a27e7b7d0879|rpc:10.1.0.9:15138|admin:10.1.0.9:15137|client:10.1.0.9:15136|dataStream:10.1.0.9:15139|priority:1|startupRole:FOLLOWER]|listeners:[], old=null
2023-09-07 04:51:53,238 [grpc-default-executor-0] INFO  impl.VoteContext (VoteContext.java:log(49)) - 7d658909-36a6-44f1-ac1a-09761b608691@group-41019568F4E6-FOLLOWER: accept PRE_VOTE from 1ddc0cd2-9f64-4abc-9646-a27e7b7d0879: our priority 0 <= candidate's priority 1
2023-09-07 04:51:53,238 [grpc-default-executor-0] INFO  server.RaftServer$Division (RaftServerImpl.java:requestVote(1335)) - 7d658909-36a6-44f1-ac1a-09761b608691@group-41019568F4E6 replies to PRE_VOTE vote request: 1ddc0cd2-9f64-4abc-9646-a27e7b7d0879<-7d658909-36a6-44f1-ac1a-09761b608691#0:OK-t1. Peer's state: 7d658909-36a6-44f1-ac1a-09761b608691@group-41019568F4E6:t1, leader=null, voted=1ddc0cd2-9f64-4abc-9646-a27e7b7d0879, raftlog=Memoized:7d658909-36a6-44f1-ac1a-09761b608691@group-41019568F4E6-SegmentedRaftLog:OPENED:c-1, conf=-1: peers:[7d658909-36a6-44f1-ac1a-09761b608691|rpc:10.1.0.9:15120|admin:10.1.0.9:15119|client:10.1.0.9:15118|dataStream:10.1.0.9:15121|priority:0|startupRole:FOLLOWER, 9c9ba13f-6dd0-460e-ac54-999c1aa3e7ed|rpc:10.1.0.9:15129|admin:10.1.0.9:15128|client:10.1.0.9:15127|dataStream:10.1.0.9:15130|priority:0|startupRole:FOLLOWER, 1ddc0cd2-9f64-4abc-9646-a27e7b7d0879|rpc:10.1.0.9:15138|admin:10.1.0.9:15137|client:10.1.0.9:15136|dataStream:10.1.0.9:15139|priority:1|startupRole:FOLLOWER]|listeners:[], old=null
2023-09-07 04:51:53,243 [grpc-default-executor-4] INFO  impl.VoteContext (VoteContext.java:log(49)) - 9c9ba13f-6dd0-460e-ac54-999c1aa3e7ed@group-41019568F4E6-FOLLOWER: accept ELECTION from 1ddc0cd2-9f64-4abc-9646-a27e7b7d0879: our priority 0 <= candidate's priority 1
2023-09-07 04:51:53,243 [9c9ba13f-6dd0-460e-ac54-999c1aa3e7ed@group-45A374FD8469-LeaderElection25] INFO  impl.LeaderElection (LeaderElection.java:askForVotes(321)) - 9c9ba13f-6dd0-460e-ac54-999c1aa3e7ed@group-45A374FD8469-LeaderElection25 PRE_VOTE round 0: submit vote requests at term 0 for -1: peers:[9c9ba13f-6dd0-460e-ac54-999c1aa3e7ed|rpc:10.1.0.9:15129|admin:10.1.0.9:15128|client:10.1.0.9:15127|dataStream:10.1.0.9:15130|priority:1|startupRole:FOLLOWER]|listeners:[], old=null
2023-09-07 04:51:53,243 [grpc-default-executor-4] INFO  server.RaftServer$Division (RaftServerImpl.java:setRole(329)) - 9c9ba13f-6dd0-460e-ac54-999c1aa3e7ed@group-41019568F4E6: changes role from  FOLLOWER to FOLLOWER at term 1 for candidate:1ddc0cd2-9f64-4abc-9646-a27e7b7d0879
2023-09-07 04:51:53,245 [grpc-default-executor-4] INFO  impl.RoleInfo (RoleInfo.java:shutdownFollowerState(110)) - 9c9ba13f-6dd0-460e-ac54-999c1aa3e7ed: shutdown 9c9ba13f-6dd0-460e-ac54-999c1aa3e7ed@group-41019568F4E6-FollowerState
2023-09-07 04:51:53,245 [grpc-default-executor-4] INFO  impl.RoleInfo (RoleInfo.java:updateAndGet(139)) - 9c9ba13f-6dd0-460e-ac54-999c1aa3e7ed: start 9c9ba13f-6dd0-460e-ac54-999c1aa3e7ed@group-41019568F4E6-FollowerState
2023-09-07 04:51:53,245 [9c9ba13f-6dd0-460e-ac54-999c1aa3e7ed@group-45A374FD8469-LeaderElection25] INFO  impl.LeaderElection (LeaderElection.java:askForVotes(323)) - 9c9ba13f-6dd0-460e-ac54-999c1aa3e7ed@group-45A374FD8469-LeaderElection25 PRE_VOTE round 0: result PASSED (term=0)
2023-09-07 04:51:53,245 [9c9ba13f-6dd0-460e-ac54-999c1aa3e7ed@group-41019568F4E6-FollowerState] INFO  impl.FollowerState (FollowerState.java:run(152)) - 9c9ba13f-6dd0-460e-ac54-999c1aa3e7ed@group-41019568F4E6-FollowerState was interrupted
2023-09-07 04:51:53,247 [9c9ba13f-6dd0-460e-ac54-999c1aa3e7ed@group-45A374FD8469-LeaderElection25] INFO  impl.LeaderElection (LeaderElection.java:askForVotes(321)) - 9c9ba13f-6dd0-460e-ac54-999c1aa3e7ed@group-45A374FD8469-LeaderElection25 ELECTION round 0: submit vote requests at term 1 for -1: peers:[9c9ba13f-6dd0-460e-ac54-999c1aa3e7ed|rpc:10.1.0.9:15129|admin:10.1.0.9:15128|client:10.1.0.9:15127|dataStream:10.1.0.9:15130|priority:1|startupRole:FOLLOWER]|listeners:[], old=null
2023-09-07 04:51:53,248 [9c9ba13f-6dd0-460e-ac54-999c1aa3e7ed@group-45A374FD8469-LeaderElection25] INFO  impl.LeaderElection (LeaderElection.java:askForVotes(323)) - 9c9ba13f-6dd0-460e-ac54-999c1aa3e7ed@group-45A374FD8469-LeaderElection25 ELECTION round 0: result PASSED (term=1)
2023-09-07 04:51:53,248 [9c9ba13f-6dd0-460e-ac54-999c1aa3e7ed@group-45A374FD8469-LeaderElection25] INFO  impl.RoleInfo (RoleInfo.java:shutdownLeaderElection(130)) - 9c9ba13f-6dd0-460e-ac54-999c1aa3e7ed: shutdown 9c9ba13f-6dd0-460e-ac54-999c1aa3e7ed@group-45A374FD8469-LeaderElection25
2023-09-07 04:51:53,248 [9c9ba13f-6dd0-460e-ac54-999c1aa3e7ed@group-45A374FD8469-LeaderElection25] INFO  server.RaftServer$Division (RaftServerImpl.java:setRole(329)) - 9c9ba13f-6dd0-460e-ac54-999c1aa3e7ed@group-45A374FD8469: changes role from CANDIDATE to LEADER at term 1 for changeToLeader
2023-09-07 04:51:53,248 [9c9ba13f-6dd0-460e-ac54-999c1aa3e7ed@group-45A374FD8469-LeaderElection25] INFO  ratis.XceiverServerRatis (XceiverServerRatis.java:handleLeaderChangedNotification(902)) - Leader change notification received for group: group-45A374FD8469 with new leaderId: 9c9ba13f-6dd0-460e-ac54-999c1aa3e7ed
2023-09-07 04:51:53,249 [9c9ba13f-6dd0-460e-ac54-999c1aa3e7ed@group-45A374FD8469-LeaderElection25] INFO  server.RaftServer$Division (ServerState.java:setLeader(317)) - 9c9ba13f-6dd0-460e-ac54-999c1aa3e7ed@group-45A374FD8469: change Leader from null to 9c9ba13f-6dd0-460e-ac54-999c1aa3e7ed at term 1 for becomeLeader, leader elected after 5136ms
2023-09-07 04:51:53,249 [9c9ba13f-6dd0-460e-ac54-999c1aa3e7ed@group-45A374FD8469-LeaderElection25] INFO  server.RaftServerConfigKeys (ConfUtils.java:logGet(46)) - raft.server.staging.catchup.gap = 1000 (default)
2023-09-07 04:51:53,249 [9c9ba13f-6dd0-460e-ac54-999c1aa3e7ed@group-45A374FD8469-LeaderElection25] INFO  server.RaftServerConfigKeys (ConfUtils.java:logGet(46)) - raft.server.write.element-limit = 1024 (custom)
2023-09-07 04:51:53,249 [9c9ba13f-6dd0-460e-ac54-999c1aa3e7ed@group-45A374FD8469-LeaderElection25] INFO  server.RaftServerConfigKeys (ConfUtils.java:logGet(46)) - raft.server.write.byte-limit = 1024 M (=1073741824) (custom)
2023-09-07 04:51:53,251 [9c9ba13f-6dd0-460e-ac54-999c1aa3e7ed@group-45A374FD8469-LeaderElection25] INFO  server.RaftServerConfigKeys (ConfUtils.java:logGet(46)) - raft.server.watch.timeout = 180s (custom)
2023-09-07 04:51:53,251 [9c9ba13f-6dd0-460e-ac54-999c1aa3e7ed@group-45A374FD8469-LeaderElection25] INFO  server.RaftServerConfigKeys (ConfUtils.java:logGet(46)) - raft.server.watch.timeout.denomination = 1s (default)
2023-09-07 04:51:53,251 [9c9ba13f-6dd0-460e-ac54-999c1aa3e7ed@group-45A374FD8469-LeaderElection25] INFO  server.RaftServerConfigKeys (ConfUtils.java:logGet(46)) - raft.server.watch.element-limit = 65536 (default)
2023-09-07 04:51:53,251 [9c9ba13f-6dd0-460e-ac54-999c1aa3e7ed@group-45A374FD8469-LeaderElection25] INFO  server.RaftServerConfigKeys (ConfUtils.java:logGet(46)) - raft.server.write.element-limit = 1024 (custom)
2023-09-07 04:51:53,251 [9c9ba13f-6dd0-460e-ac54-999c1aa3e7ed@group-45A374FD8469-LeaderElection25] INFO  server.RaftServerConfigKeys (ConfUtils.java:logGet(46)) - raft.server.write.follower.gap.ratio.max = -1.0 (default)
2023-09-07 04:51:53,251 [9c9ba13f-6dd0-460e-ac54-999c1aa3e7ed@group-45A374FD8469-LeaderElection25] INFO  impl.RoleInfo (RoleInfo.java:updateAndGet(139)) - 9c9ba13f-6dd0-460e-ac54-999c1aa3e7ed: start 9c9ba13f-6dd0-460e-ac54-999c1aa3e7ed@group-45A374FD8469-LeaderStateImpl
2023-09-07 04:51:53,253 [1ddc0cd2-9f64-4abc-9646-a27e7b7d0879@group-41019568F4E6-LeaderElection24] INFO  impl.LeaderElection (LeaderElection.java:logAndReturn(90)) - 1ddc0cd2-9f64-4abc-9646-a27e7b7d0879@group-41019568F4E6-LeaderElection24: ELECTION PASSED received 1 response(s) and 0 exception(s):
2023-09-07 04:51:53,253 [1ddc0cd2-9f64-4abc-9646-a27e7b7d0879@group-41019568F4E6-LeaderElection24] INFO  impl.LeaderElection (LeaderElection.java:logAndReturn(94)) -   Response 0: 1ddc0cd2-9f64-4abc-9646-a27e7b7d0879<-7d658909-36a6-44f1-ac1a-09761b608691#0:OK-t1
2023-09-07 04:51:53,253 [1ddc0cd2-9f64-4abc-9646-a27e7b7d0879@group-41019568F4E6-LeaderElection24] INFO  impl.LeaderElection (LeaderElection.java:askForVotes(323)) - 1ddc0cd2-9f64-4abc-9646-a27e7b7d0879@group-41019568F4E6-LeaderElection24 ELECTION round 0: result PASSED
2023-09-07 04:51:53,253 [1ddc0cd2-9f64-4abc-9646-a27e7b7d0879@group-41019568F4E6-LeaderElection24] INFO  impl.RoleInfo (RoleInfo.java:shutdownLeaderElection(130)) - 1ddc0cd2-9f64-4abc-9646-a27e7b7d0879: shutdown 1ddc0cd2-9f64-4abc-9646-a27e7b7d0879@group-41019568F4E6-LeaderElection24
2023-09-07 04:51:53,254 [1ddc0cd2-9f64-4abc-9646-a27e7b7d0879@group-41019568F4E6-LeaderElection24] INFO  server.RaftServer$Division (RaftServerImpl.java:setRole(329)) - 1ddc0cd2-9f64-4abc-9646-a27e7b7d0879@group-41019568F4E6: changes role from CANDIDATE to LEADER at term 1 for changeToLeader
2023-09-07 04:51:53,254 [1ddc0cd2-9f64-4abc-9646-a27e7b7d0879@group-41019568F4E6-LeaderElection24] INFO  ratis.XceiverServerRatis (XceiverServerRatis.java:handleLeaderChangedNotification(902)) - Leader change notification received for group: group-41019568F4E6 with new leaderId: 1ddc0cd2-9f64-4abc-9646-a27e7b7d0879
2023-09-07 04:51:53,254 [1ddc0cd2-9f64-4abc-9646-a27e7b7d0879@group-41019568F4E6-LeaderElection24] INFO  server.RaftServer$Division (ServerState.java:setLeader(317)) - 1ddc0cd2-9f64-4abc-9646-a27e7b7d0879@group-41019568F4E6: change Leader from null to 1ddc0cd2-9f64-4abc-9646-a27e7b7d0879 at term 1 for becomeLeader, leader elected after 5219ms
2023-09-07 04:51:53,254 [1ddc0cd2-9f64-4abc-9646-a27e7b7d0879@group-41019568F4E6-LeaderElection24] INFO  server.RaftServerConfigKeys (ConfUtils.java:logGet(46)) - raft.server.staging.catchup.gap = 1000 (default)
2023-09-07 04:51:53,254 [1ddc0cd2-9f64-4abc-9646-a27e7b7d0879@group-41019568F4E6-LeaderElection24] INFO  server.RaftServerConfigKeys (ConfUtils.java:logGet(46)) - raft.server.write.element-limit = 1024 (custom)
2023-09-07 04:51:53,254 [1ddc0cd2-9f64-4abc-9646-a27e7b7d0879@group-41019568F4E6-LeaderElection24] INFO  server.RaftServerConfigKeys (ConfUtils.java:logGet(46)) - raft.server.write.byte-limit = 1024 M (=1073741824) (custom)
2023-09-07 04:51:53,254 [1ddc0cd2-9f64-4abc-9646-a27e7b7d0879@group-41019568F4E6-LeaderElection24] INFO  server.RaftServerConfigKeys (ConfUtils.java:logGet(46)) - raft.server.watch.timeout = 180s (custom)
2023-09-07 04:51:53,254 [1ddc0cd2-9f64-4abc-9646-a27e7b7d0879@group-41019568F4E6-LeaderElection24] INFO  server.RaftServerConfigKeys (ConfUtils.java:logGet(46)) - raft.server.watch.timeout.denomination = 1s (default)
2023-09-07 04:51:53,254 [1ddc0cd2-9f64-4abc-9646-a27e7b7d0879@group-41019568F4E6-LeaderElection24] INFO  server.RaftServerConfigKeys (ConfUtils.java:logGet(46)) - raft.server.watch.element-limit = 65536 (default)
2023-09-07 04:51:53,254 [1ddc0cd2-9f64-4abc-9646-a27e7b7d0879@group-41019568F4E6-LeaderElection24] INFO  server.RaftServerConfigKeys (ConfUtils.java:logGet(46)) - raft.server.write.element-limit = 1024 (custom)
2023-09-07 04:51:53,254 [1ddc0cd2-9f64-4abc-9646-a27e7b7d0879@group-41019568F4E6-LeaderElection24] INFO  server.RaftServerConfigKeys (ConfUtils.java:logGet(46)) - raft.server.write.follower.gap.ratio.max = -1.0 (default)
2023-09-07 04:51:53,255 [9c9ba13f-6dd0-460e-ac54-999c1aa3e7ed@group-45A374FD8469-LeaderElection25] INFO  segmented.SegmentedRaftLogWorker (SegmentedRaftLogWorker.java:startLogSegment(447)) - 9c9ba13f-6dd0-460e-ac54-999c1aa3e7ed@group-45A374FD8469-SegmentedRaftLogWorker: Starting segment from index:0
2023-09-07 04:51:53,255 [EventQueue-PipelineReportForPipelineReportHandler] INFO  pipeline.PipelineReportHandler (PipelineReportHandler.java:processPipelineReport(136)) - Opened pipeline PipelineID=9af03a98-57b5-4091-9be8-41019568f4e6
2023-09-07 04:51:53,256 [grpc-default-executor-4] INFO  server.RaftServer$Division (RaftServerImpl.java:requestVote(1335)) - 9c9ba13f-6dd0-460e-ac54-999c1aa3e7ed@group-41019568F4E6 replies to ELECTION vote request: 1ddc0cd2-9f64-4abc-9646-a27e7b7d0879<-9c9ba13f-6dd0-460e-ac54-999c1aa3e7ed#0:OK-t1. Peer's state: 9c9ba13f-6dd0-460e-ac54-999c1aa3e7ed@group-41019568F4E6:t1, leader=null, voted=1ddc0cd2-9f64-4abc-9646-a27e7b7d0879, raftlog=Memoized:9c9ba13f-6dd0-460e-ac54-999c1aa3e7ed@group-41019568F4E6-SegmentedRaftLog:OPENED:c-1, conf=-1: peers:[7d658909-36a6-44f1-ac1a-09761b608691|rpc:10.1.0.9:15120|admin:10.1.0.9:15119|client:10.1.0.9:15118|dataStream:10.1.0.9:15121|priority:0|startupRole:FOLLOWER, 9c9ba13f-6dd0-460e-ac54-999c1aa3e7ed|rpc:10.1.0.9:15129|admin:10.1.0.9:15128|client:10.1.0.9:15127|dataStream:10.1.0.9:15130|priority:0|startupRole:FOLLOWER, 1ddc0cd2-9f64-4abc-9646-a27e7b7d0879|rpc:10.1.0.9:15138|admin:10.1.0.9:15137|client:10.1.0.9:15136|dataStream:10.1.0.9:15139|priority:1|startupRole:FOLLOWER]|listeners:[], old=null
2023-09-07 04:51:53,256 [9c9ba13f-6dd0-460e-ac54-999c1aa3e7ed@group-45A374FD8469-SegmentedRaftLogWorker] INFO  segmented.SegmentedRaftLogWorker (SegmentedRaftLogWorker.java:execute(651)) - 9c9ba13f-6dd0-460e-ac54-999c1aa3e7ed@group-45A374FD8469-SegmentedRaftLogWorker: created new log segment /home/runner/work/ozone/ozone/hadoop-ozone/integration-test/target/test-dir/MiniOzoneClusterImpl-a35962c9-a2fc-4df3-96cb-042236c47d51/datanode-1/data/ratis/eec7ef64-6503-43b1-bdc6-45a374fd8469/current/log_inprogress_0
2023-09-07 04:51:53,258 [9c9ba13f-6dd0-460e-ac54-999c1aa3e7ed@group-45A374FD8469-LeaderElection25] INFO  server.RaftServer$Division (ServerState.java:setRaftConf(434)) - 9c9ba13f-6dd0-460e-ac54-999c1aa3e7ed@group-45A374FD8469: set configuration 0: peers:[9c9ba13f-6dd0-460e-ac54-999c1aa3e7ed|rpc:10.1.0.9:15129|admin:10.1.0.9:15128|client:10.1.0.9:15127|dataStream:10.1.0.9:15130|priority:1|startupRole:FOLLOWER]|listeners:[], old=null
2023-09-07 04:51:53,259 [1ddc0cd2-9f64-4abc-9646-a27e7b7d0879@group-41019568F4E6-LeaderElection24] INFO  server.RaftServerConfigKeys (ConfUtils.java:logGet(46)) - raft.server.log.appender.snapshot.chunk.size.max = 16MB (=16777216) (default)
2023-09-07 04:51:53,259 [1ddc0cd2-9f64-4abc-9646-a27e7b7d0879@group-41019568F4E6-LeaderElection24] INFO  server.RaftServerConfigKeys (ConfUtils.java:logGet(46)) - raft.server.log.appender.buffer.byte-limit = 33554432 (custom)
2023-09-07 04:51:53,259 [1ddc0cd2-9f64-4abc-9646-a27e7b7d0879@group-41019568F4E6-LeaderElection24] INFO  server.RaftServerConfigKeys (ConfUtils.java:logGet(46)) - raft.server.log.appender.buffer.element-limit = 1 (custom)
2023-09-07 04:51:53,259 [1ddc0cd2-9f64-4abc-9646-a27e7b7d0879@group-41019568F4E6-LeaderElection24] INFO  server.RaftServerConfigKeys (ConfUtils.java:logGet(46)) - raft.server.log.appender.wait-time.min = 10ms (default)
2023-09-07 04:51:53,259 [1ddc0cd2-9f64-4abc-9646-a27e7b7d0879@group-41019568F4E6-LeaderElection24] INFO  grpc.GrpcConfigKeys (ConfUtils.java:logGet(46)) - raft.grpc.server.leader.outstanding.appends.max = 128 (default)
2023-09-07 04:51:53,259 [1ddc0cd2-9f64-4abc-9646-a27e7b7d0879@group-41019568F4E6-LeaderElection24] INFO  server.RaftServerConfigKeys (ConfUtils.java:logGet(46)) - raft.server.rpc.request.timeout = 60s (custom)
2023-09-07 04:51:53,259 [1ddc0cd2-9f64-4abc-9646-a27e7b7d0879@group-41019568F4E6-LeaderElection24] INFO  grpc.GrpcConfigKeys (ConfUtils.java:logGet(46)) - raft.grpc.server.install_snapshot.request.element-limit = 8 (default)
2023-09-07 04:51:53,259 [1ddc0cd2-9f64-4abc-9646-a27e7b7d0879@group-41019568F4E6-LeaderElection24] INFO  grpc.GrpcConfigKeys (ConfUtils.java:logGet(46)) - raft.grpc.server.install_snapshot.request.timeout = 3000ms (default)
2023-09-07 04:51:53,259 [1ddc0cd2-9f64-4abc-9646-a27e7b7d0879@group-41019568F4E6-LeaderElection24] INFO  server.RaftServerConfigKeys (ConfUtils.java:logGet(46)) - raft.server.log.appender.install.snapshot.enabled = false (custom)
2023-09-07 04:51:53,259 [1ddc0cd2-9f64-4abc-9646-a27e7b7d0879@group-41019568F4E6-LeaderElection24] INFO  grpc.GrpcConfigKeys (ConfUtils.java:logGet(46)) - raft.grpc.server.heartbeat.channel = true (default)
2023-09-07 04:51:53,260 [1ddc0cd2-9f64-4abc-9646-a27e7b7d0879@group-41019568F4E6-LeaderElection24] INFO  server.RaftServerConfigKeys (ConfUtils.java:logGet(46)) - raft.server.log.appender.snapshot.chunk.size.max = 16MB (=16777216) (default)
2023-09-07 04:51:53,260 [1ddc0cd2-9f64-4abc-9646-a27e7b7d0879@group-41019568F4E6-LeaderElection24] INFO  server.RaftServerConfigKeys (ConfUtils.java:logGet(46)) - raft.server.log.appender.buffer.byte-limit = 33554432 (custom)
2023-09-07 04:51:53,260 [1ddc0cd2-9f64-4abc-9646-a27e7b7d0879@group-41019568F4E6-LeaderElection24] INFO  server.RaftServerConfigKeys (ConfUtils.java:logGet(46)) - raft.server.log.appender.buffer.element-limit = 1 (custom)
2023-09-07 04:51:53,260 [1ddc0cd2-9f64-4abc-9646-a27e7b7d0879@group-41019568F4E6-LeaderElection24] INFO  server.RaftServerConfigKeys (ConfUtils.java:logGet(46)) - raft.server.log.appender.wait-time.min = 10ms (default)
2023-09-07 04:51:53,260 [1ddc0cd2-9f64-4abc-9646-a27e7b7d0879@group-41019568F4E6-LeaderElection24] INFO  grpc.GrpcConfigKeys (ConfUtils.java:logGet(46)) - raft.grpc.server.leader.outstanding.appends.max = 128 (default)
2023-09-07 04:51:53,260 [1ddc0cd2-9f64-4abc-9646-a27e7b7d0879@group-41019568F4E6-LeaderElection24] INFO  server.RaftServerConfigKeys (ConfUtils.java:logGet(46)) - raft.server.rpc.request.timeout = 60s (custom)
2023-09-07 04:51:53,260 [1ddc0cd2-9f64-4abc-9646-a27e7b7d0879@group-41019568F4E6-LeaderElection24] INFO  grpc.GrpcConfigKeys (ConfUtils.java:logGet(46)) - raft.grpc.server.install_snapshot.request.element-limit = 8 (default)
2023-09-07 04:51:53,260 [1ddc0cd2-9f64-4abc-9646-a27e7b7d0879@group-41019568F4E6-LeaderElection24] INFO  grpc.GrpcConfigKeys (ConfUtils.java:logGet(46)) - raft.grpc.server.install_snapshot.request.timeout = 3000ms (default)
2023-09-07 04:51:53,260 [1ddc0cd2-9f64-4abc-9646-a27e7b7d0879@group-41019568F4E6-LeaderElection24] INFO  server.RaftServerConfigKeys (ConfUtils.java:logGet(46)) - raft.server.log.appender.install.snapshot.enabled = false (custom)
2023-09-07 04:51:53,261 [1ddc0cd2-9f64-4abc-9646-a27e7b7d0879@group-41019568F4E6-LeaderElection24] INFO  grpc.GrpcConfigKeys (ConfUtils.java:logGet(46)) - raft.grpc.server.heartbeat.channel = true (default)
2023-09-07 04:51:53,261 [1ddc0cd2-9f64-4abc-9646-a27e7b7d0879@group-41019568F4E6-LeaderElection24] INFO  impl.RoleInfo (RoleInfo.java:updateAndGet(139)) - 1ddc0cd2-9f64-4abc-9646-a27e7b7d0879: start 1ddc0cd2-9f64-4abc-9646-a27e7b7d0879@group-41019568F4E6-LeaderStateImpl
2023-09-07 04:51:53,261 [1ddc0cd2-9f64-4abc-9646-a27e7b7d0879@group-41019568F4E6-LeaderElection24] INFO  segmented.SegmentedRaftLogWorker (SegmentedRaftLogWorker.java:startLogSegment(447)) - 1ddc0cd2-9f64-4abc-9646-a27e7b7d0879@group-41019568F4E6-SegmentedRaftLogWorker: Starting segment from index:0
2023-09-07 04:51:53,262 [1ddc0cd2-9f64-4abc-9646-a27e7b7d0879@group-41019568F4E6-SegmentedRaftLogWorker] INFO  segmented.SegmentedRaftLogWorker (SegmentedRaftLogWorker.java:execute(651)) - 1ddc0cd2-9f64-4abc-9646-a27e7b7d0879@group-41019568F4E6-SegmentedRaftLogWorker: created new log segment /home/runner/work/ozone/ozone/hadoop-ozone/integration-test/target/test-dir/MiniOzoneClusterImpl-a35962c9-a2fc-4df3-96cb-042236c47d51/datanode-2/data/ratis/9af03a98-57b5-4091-9be8-41019568f4e6/current/log_inprogress_0
2023-09-07 04:51:53,271 [1ddc0cd2-9f64-4abc-9646-a27e7b7d0879@group-41019568F4E6-LeaderElection24] INFO  server.RaftServer$Division (ServerState.java:setRaftConf(434)) - 1ddc0cd2-9f64-4abc-9646-a27e7b7d0879@group-41019568F4E6: set configuration 0: peers:[7d658909-36a6-44f1-ac1a-09761b608691|rpc:10.1.0.9:15120|admin:10.1.0.9:15119|client:10.1.0.9:15118|dataStream:10.1.0.9:15121|priority:0|startupRole:FOLLOWER, 9c9ba13f-6dd0-460e-ac54-999c1aa3e7ed|rpc:10.1.0.9:15129|admin:10.1.0.9:15128|client:10.1.0.9:15127|dataStream:10.1.0.9:15130|priority:0|startupRole:FOLLOWER, 1ddc0cd2-9f64-4abc-9646-a27e7b7d0879|rpc:10.1.0.9:15138|admin:10.1.0.9:15137|client:10.1.0.9:15136|dataStream:10.1.0.9:15139|priority:1|startupRole:FOLLOWER]|listeners:[], old=null
2023-09-07 04:51:53,275 [7d658909-36a6-44f1-ac1a-09761b608691-server-thread1] INFO  ratis.XceiverServerRatis (XceiverServerRatis.java:handleLeaderChangedNotification(902)) - Leader change notification received for group: group-41019568F4E6 with new leaderId: 1ddc0cd2-9f64-4abc-9646-a27e7b7d0879
2023-09-07 04:51:53,275 [7d658909-36a6-44f1-ac1a-09761b608691-server-thread1] INFO  server.RaftServer$Division (ServerState.java:setLeader(317)) - 7d658909-36a6-44f1-ac1a-09761b608691@group-41019568F4E6: change Leader from null to 1ddc0cd2-9f64-4abc-9646-a27e7b7d0879 at term 1 for appendEntries, leader elected after 5280ms
2023-09-07 04:51:53,288 [7d658909-36a6-44f1-ac1a-09761b608691-server-thread1] INFO  server.RaftServer$Division (ServerState.java:setRaftConf(434)) - 7d658909-36a6-44f1-ac1a-09761b608691@group-41019568F4E6: set configuration 0: peers:[7d658909-36a6-44f1-ac1a-09761b608691|rpc:10.1.0.9:15120|admin:10.1.0.9:15119|client:10.1.0.9:15118|dataStream:10.1.0.9:15121|priority:0|startupRole:FOLLOWER, 9c9ba13f-6dd0-460e-ac54-999c1aa3e7ed|rpc:10.1.0.9:15129|admin:10.1.0.9:15128|client:10.1.0.9:15127|dataStream:10.1.0.9:15130|priority:0|startupRole:FOLLOWER, 1ddc0cd2-9f64-4abc-9646-a27e7b7d0879|rpc:10.1.0.9:15138|admin:10.1.0.9:15137|client:10.1.0.9:15136|dataStream:10.1.0.9:15139|priority:1|startupRole:FOLLOWER]|listeners:[], old=null
2023-09-07 04:51:53,288 [7d658909-36a6-44f1-ac1a-09761b608691-server-thread1] INFO  segmented.SegmentedRaftLogWorker (SegmentedRaftLogWorker.java:startLogSegment(447)) - 7d658909-36a6-44f1-ac1a-09761b608691@group-41019568F4E6-SegmentedRaftLogWorker: Starting segment from index:0
2023-09-07 04:51:53,290 [7d658909-36a6-44f1-ac1a-09761b608691@group-41019568F4E6-SegmentedRaftLogWorker] INFO  segmented.SegmentedRaftLogWorker (SegmentedRaftLogWorker.java:execute(651)) - 7d658909-36a6-44f1-ac1a-09761b608691@group-41019568F4E6-SegmentedRaftLogWorker: created new log segment /home/runner/work/ozone/ozone/hadoop-ozone/integration-test/target/test-dir/MiniOzoneClusterImpl-a35962c9-a2fc-4df3-96cb-042236c47d51/datanode-0/data/ratis/9af03a98-57b5-4091-9be8-41019568f4e6/current/log_inprogress_0
2023-09-07 04:51:53,312 [9c9ba13f-6dd0-460e-ac54-999c1aa3e7ed-server-thread1] INFO  ratis.XceiverServerRatis (XceiverServerRatis.java:handleLeaderChangedNotification(902)) - Leader change notification received for group: group-41019568F4E6 with new leaderId: 1ddc0cd2-9f64-4abc-9646-a27e7b7d0879
2023-09-07 04:51:53,312 [9c9ba13f-6dd0-460e-ac54-999c1aa3e7ed-server-thread1] INFO  server.RaftServer$Division (ServerState.java:setLeader(317)) - 9c9ba13f-6dd0-460e-ac54-999c1aa3e7ed@group-41019568F4E6: change Leader from null to 1ddc0cd2-9f64-4abc-9646-a27e7b7d0879 at term 1 for appendEntries, leader elected after 5229ms
2023-09-07 04:51:53,320 [9c9ba13f-6dd0-460e-ac54-999c1aa3e7ed-server-thread2] INFO  server.RaftServer$Division (ServerState.java:setRaftConf(434)) - 9c9ba13f-6dd0-460e-ac54-999c1aa3e7ed@group-41019568F4E6: set configuration 0: peers:[7d658909-36a6-44f1-ac1a-09761b608691|rpc:10.1.0.9:15120|admin:10.1.0.9:15119|client:10.1.0.9:15118|dataStream:10.1.0.9:15121|priority:0|startupRole:FOLLOWER, 9c9ba13f-6dd0-460e-ac54-999c1aa3e7ed|rpc:10.1.0.9:15129|admin:10.1.0.9:15128|client:10.1.0.9:15127|dataStream:10.1.0.9:15130|priority:0|startupRole:FOLLOWER, 1ddc0cd2-9f64-4abc-9646-a27e7b7d0879|rpc:10.1.0.9:15138|admin:10.1.0.9:15137|client:10.1.0.9:15136|dataStream:10.1.0.9:15139|priority:1|startupRole:FOLLOWER]|listeners:[], old=null
2023-09-07 04:51:53,320 [9c9ba13f-6dd0-460e-ac54-999c1aa3e7ed-server-thread2] INFO  segmented.SegmentedRaftLogWorker (SegmentedRaftLogWorker.java:startLogSegment(447)) - 9c9ba13f-6dd0-460e-ac54-999c1aa3e7ed@group-41019568F4E6-SegmentedRaftLogWorker: Starting segment from index:0
2023-09-07 04:51:53,322 [9c9ba13f-6dd0-460e-ac54-999c1aa3e7ed@group-41019568F4E6-SegmentedRaftLogWorker] INFO  segmented.SegmentedRaftLogWorker (SegmentedRaftLogWorker.java:execute(651)) - 9c9ba13f-6dd0-460e-ac54-999c1aa3e7ed@group-41019568F4E6-SegmentedRaftLogWorker: created new log segment /home/runner/work/ozone/ozone/hadoop-ozone/integration-test/target/test-dir/MiniOzoneClusterImpl-a35962c9-a2fc-4df3-96cb-042236c47d51/datanode-1/data/ratis/9af03a98-57b5-4091-9be8-41019568f4e6/current/log_inprogress_0
2023-09-07 04:51:53,331 [main] INFO  rpc.RpcClient (RpcClient.java:createVolume(461)) - Creating Volume: volume87246, with user89333 as owner and space quota set to -1 bytes, counts quota set to -1
2023-09-07 04:51:53,339 [OM StateMachine ApplyTransaction Thread - 0] INFO  volume.OMVolumeCreateRequest (OMVolumeCreateRequest.java:validateAndUpdateCache(196)) - created volume:volume87246 for user:user89333
2023-09-07 04:51:53,348 [main] INFO  rpc.RpcClient (RpcClient.java:createBucket(688)) - Creating Bucket: volume87246/bucket72820, with bucket layout LEGACY, runner as owner, Versioning false, Storage Type set to DISK and Encryption set to false, Replication Type set to server-side default replication type, Namespace Quota set to -1, Space Quota set to -1 
2023-09-07 04:51:53,352 [OM StateMachine ApplyTransaction Thread - 0] INFO  bucket.OMBucketCreateRequest (OMBucketCreateRequest.java:validateAndUpdateCache(270)) - created bucket: bucket72820 of layout LEGACY in volume: volume87246
]]></system-out>
  </testcase>
  <testcase name="testGetTrashRoot" classname="TestOzoneFileSystem" time="18.893">
    <system-out><![CDATA[2023-09-07 04:53:12,416 [main] INFO  ozone.MiniOzoneClusterImpl (MiniOzoneClusterImpl.java:shutdown(443)) - Shutting down the Mini Ozone Cluster
2023-09-07 04:53:12,416 [main] INFO  ozone.MiniOzoneClusterImpl (MiniOzoneClusterImpl.java:stop(460)) - Stopping the Mini Ozone Cluster
2023-09-07 04:53:12,416 [main] INFO  ozone.MiniOzoneClusterImpl (MiniOzoneClusterImpl.java:stopOM(551)) - Stopping the OzoneManager
2023-09-07 04:53:12,416 [main] INFO  om.OzoneManager (OzoneManager.java:stop(2204)) - om1[localhost:15110]: Stopping Ozone Manager
2023-09-07 04:53:12,417 [main] INFO  ipc.Server (Server.java:stop(3523)) - Stopping server on 15110
2023-09-07 04:53:12,423 [IPC Server Responder] INFO  ipc.Server (Server.java:run(1567)) - Stopping IPC Server Responder
2023-09-07 04:53:12,423 [IPC Server listener on 15110] INFO  ipc.Server (Server.java:run(1434)) - Stopping IPC Server listener on 15110
2023-09-07 04:53:12,424 [main] INFO  server.RaftServer (RaftServerProxy.java:lambda$close$6(416)) - om1: close
2023-09-07 04:53:12,424 [main] INFO  server.GrpcService (GrpcService.java:closeImpl(311)) - om1: shutdown server GrpcServerProtocolService now
2023-09-07 04:53:12,425 [om1-impl-thread2] INFO  server.RaftServer$Division (RaftServerImpl.java:lambda$close$4(466)) - om1@group-C5BA1605619E: shutdown
2023-09-07 04:53:12,425 [om1-impl-thread2] INFO  util.JmxRegister (JmxRegister.java:unregister(73)) - Successfully un-registered JMX Bean with object name Ratis:service=RaftServer,group=group-C5BA1605619E,id=om1
2023-09-07 04:53:12,425 [om1-impl-thread2] INFO  impl.RoleInfo (RoleInfo.java:shutdownLeaderState(93)) - om1: shutdown om1@group-C5BA1605619E-LeaderStateImpl
2023-09-07 04:53:12,425 [om1-impl-thread2] INFO  impl.PendingRequests (PendingRequests.java:sendNotLeaderResponses(289)) - om1@group-C5BA1605619E-PendingRequests: sendNotLeaderResponses
2023-09-07 04:53:12,442 [main] INFO  server.GrpcService (GrpcService.java:closeImpl(320)) - om1: shutdown server GrpcServerProtocolService successfully
2023-09-07 04:53:12,445 [om1-impl-thread2] INFO  impl.StateMachineUpdater (StateMachineUpdater.java:stopAndJoin(155)) - om1@group-C5BA1605619E-StateMachineUpdater: set stopIndex = 37007
2023-09-07 04:53:12,446 [om1@group-C5BA1605619E-StateMachineUpdater] INFO  ratis.OzoneManagerStateMachine (OzoneManagerStateMachine.java:takeSnapshot(480)) - Current Snapshot Index (t:1, i:37007)
2023-09-07 04:53:12,497 [om1@group-C5BA1605619E-StateMachineUpdater] INFO  impl.StateMachineUpdater (StateMachineUpdater.java:takeSnapshot(291)) - om1@group-C5BA1605619E-StateMachineUpdater: Took a snapshot at index 37007
2023-09-07 04:53:12,497 [om1@group-C5BA1605619E-StateMachineUpdater] INFO  impl.StateMachineUpdater (StateMachineUpdater.java:lambda$new$0(97)) - om1@group-C5BA1605619E-StateMachineUpdater: snapshotIndex: updateIncreasingly -1 -> 37007
2023-09-07 04:53:12,497 [om1@group-C5BA1605619E-StateMachineUpdater] INFO  ratis.OzoneManagerStateMachine (OzoneManagerStateMachine.java:close(534)) - StateMachine has shutdown. Shutdown OzoneManager if not already shutdown.
2023-09-07 04:53:12,497 [om1@group-C5BA1605619E-StateMachineUpdater] INFO  ratis.OzoneManagerDoubleBuffer (OzoneManagerDoubleBuffer.java:stopDaemon(551)) - Stopping OMDoubleBuffer flush thread
2023-09-07 04:53:12,497 [OMDoubleBufferFlushThread] INFO  ratis.OzoneManagerDoubleBuffer (OzoneManagerDoubleBuffer.java:canFlush(638)) - OMDoubleBuffer flush thread OMDoubleBufferFlushThread is interrupted and will exit.
2023-09-07 04:53:12,502 [om1-impl-thread2] INFO  server.RaftServer$Division (ServerState.java:close(472)) - om1@group-C5BA1605619E: closes. applyIndex: 37007
2023-09-07 04:53:13,412 [om1-impl-thread2] INFO  segmented.SegmentedRaftLogWorker (SegmentedRaftLogWorker.java:close(252)) - om1@group-C5BA1605619E-SegmentedRaftLogWorker close()
2023-09-07 04:53:13,414 [JvmPauseMonitor15] INFO  util.JvmPauseMonitor (JvmPauseMonitor.java:run(109)) - JvmPauseMonitor-om1: Stopped
2023-09-07 04:53:13,414 [main] INFO  ratis.OzoneManagerStateMachine (OzoneManagerStateMachine.java:close(534)) - StateMachine has shutdown. Shutdown OzoneManager if not already shutdown.
2023-09-07 04:53:13,414 [main] INFO  ratis.OzoneManagerDoubleBuffer (OzoneManagerDoubleBuffer.java:stopDaemon(560)) - OMDoubleBuffer flush thread is not running.
2023-09-07 04:53:13,415 [main] INFO  utils.BackgroundService (BackgroundService.java:shutdown(141)) - Shutting down service KeyDeletingService
2023-09-07 04:53:13,416 [main] INFO  utils.BackgroundService (BackgroundService.java:shutdown(141)) - Shutting down service KeyDeletingService
2023-09-07 04:53:13,416 [main] INFO  utils.BackgroundService (BackgroundService.java:shutdown(141)) - Shutting down service OpenKeyCleanupService
2023-09-07 04:53:13,416 [main] INFO  utils.BackgroundService (BackgroundService.java:shutdown(141)) - Shutting down service SstFilteringService
2023-09-07 04:53:13,417 [main] INFO  utils.BackgroundService (BackgroundService.java:shutdown(141)) - Shutting down service SnapshotDeletingService
2023-09-07 04:53:13,418 [main] INFO  handler.ContextHandler (ContextHandler.java:doStop(1159)) - Stopped o.e.j.w.WebAppContext@353a42ba{ozoneManager,/,null,STOPPED}{file:/home/runner/work/ozone/ozone/hadoop-ozone/integration-test/target/test-classes/webapps/ozoneManager}
2023-09-07 04:53:13,420 [main] INFO  server.AbstractConnector (AbstractConnector.java:doStop(383)) - Stopped ServerConnector@55f63003{HTTP/1.1, (http/1.1)}{0.0.0.0:15111}
2023-09-07 04:53:13,420 [main] INFO  server.session (HouseKeeper.java:stopScavenging(149)) - node0 Stopped scavenging
2023-09-07 04:53:13,420 [main] INFO  handler.ContextHandler (ContextHandler.java:doStop(1159)) - Stopped o.e.j.s.ServletContextHandler@47b0aa30{static,/static,file:///home/runner/work/ozone/ozone/hadoop-ozone/integration-test/target/test-classes/webapps/static,STOPPED}
2023-09-07 04:53:13,420 [main] INFO  handler.ContextHandler (ContextHandler.java:doStop(1159)) - Stopped o.e.j.s.ServletContextHandler@6f29716b{logs,/logs,file:///home/runner/work/ozone/ozone/hadoop-ozone/integration-test/target/log,STOPPED}
2023-09-07 04:53:13,422 [main] INFO  rocksdiff.RocksDBCheckpointDiffer (RocksDBCheckpointDiffer.java:close(343)) - Shutting down CompactionDagPruningService.
2023-09-07 04:53:13,422 [Trash Emptier] ERROR om.TrashPolicyOzone (TrashPolicyOzone.java:run(350)) - Error attempting to shutdown
java.lang.InterruptedException
	at java.util.concurrent.locks.AbstractQueuedSynchronizer$ConditionObject.awaitNanos(AbstractQueuedSynchronizer.java:2067)
	at java.util.concurrent.ThreadPoolExecutor.awaitTermination(ThreadPoolExecutor.java:1475)
	at org.apache.hadoop.ozone.om.TrashPolicyOzone$Emptier.run(TrashPolicyOzone.java:348)
	at java.lang.Thread.run(Thread.java:750)
2023-09-07 04:53:13,425 [main] INFO  snapshot.SnapshotDiffManager (SnapshotDiffManager.java:closeExecutorService(1697)) - Shutting down executorService: 'SnapDiffExecutor'
2023-09-07 04:53:13,425 [main] INFO  snapshot.SnapshotDiffManager (SnapshotDiffManager.java:closeExecutorService(1697)) - Shutting down executorService: 'SstDumpToolExecutor'
2023-09-07 04:53:13,425 [main] INFO  utils.BackgroundService (BackgroundService.java:shutdown(141)) - Shutting down service SnapshotDiffCleanupService
2023-09-07 04:53:13,426 [main] INFO  ozone.MiniOzoneClusterImpl (MiniOzoneClusterImpl.java:stopDatanodes(528)) - Stopping the HddsDatanodes
2023-09-07 04:53:13,431 [ForkJoinPool.commonPool-worker-2] INFO  ozoneimpl.OzoneContainer (OzoneContainer.java:stop(451)) - Attempting to stop container services.
2023-09-07 04:53:13,432 [ForkJoinPool.commonPool-worker-2] INFO  server.RaftServer (RaftServerProxy.java:lambda$close$6(416)) - 9c9ba13f-6dd0-460e-ac54-999c1aa3e7ed: close
2023-09-07 04:53:13,432 [9c9ba13f-6dd0-460e-ac54-999c1aa3e7ed-impl-thread2] INFO  server.RaftServer$Division (RaftServerImpl.java:lambda$close$4(466)) - 9c9ba13f-6dd0-460e-ac54-999c1aa3e7ed@group-45A374FD8469: shutdown
2023-09-07 04:53:13,432 [9c9ba13f-6dd0-460e-ac54-999c1aa3e7ed-impl-thread2] INFO  util.JmxRegister (JmxRegister.java:unregister(73)) - Successfully un-registered JMX Bean with object name Ratis:service=RaftServer,group=group-45A374FD8469,id=9c9ba13f-6dd0-460e-ac54-999c1aa3e7ed
2023-09-07 04:53:13,432 [9c9ba13f-6dd0-460e-ac54-999c1aa3e7ed-impl-thread2] INFO  impl.RoleInfo (RoleInfo.java:shutdownLeaderState(93)) - 9c9ba13f-6dd0-460e-ac54-999c1aa3e7ed: shutdown 9c9ba13f-6dd0-460e-ac54-999c1aa3e7ed@group-45A374FD8469-LeaderStateImpl
2023-09-07 04:53:13,432 [9c9ba13f-6dd0-460e-ac54-999c1aa3e7ed-impl-thread2] INFO  impl.PendingRequests (PendingRequests.java:sendNotLeaderResponses(289)) - 9c9ba13f-6dd0-460e-ac54-999c1aa3e7ed@group-45A374FD8469-PendingRequests: sendNotLeaderResponses
2023-09-07 04:53:13,433 [9c9ba13f-6dd0-460e-ac54-999c1aa3e7ed@group-45A374FD8469-StateMachineUpdater] INFO  ratis.ContainerStateMachine (ContainerStateMachine.java:takeSnapshot(330)) - group-45A374FD8469: Taking a snapshot at:(t:1, i:0) file /home/runner/work/ozone/ozone/hadoop-ozone/integration-test/target/test-dir/MiniOzoneClusterImpl-a35962c9-a2fc-4df3-96cb-042236c47d51/datanode-1/data/ratis/eec7ef64-6503-43b1-bdc6-45a374fd8469/sm/snapshot.1_0
2023-09-07 04:53:13,433 [9c9ba13f-6dd0-460e-ac54-999c1aa3e7ed-impl-thread2] INFO  impl.StateMachineUpdater (StateMachineUpdater.java:stopAndJoin(155)) - 9c9ba13f-6dd0-460e-ac54-999c1aa3e7ed@group-45A374FD8469-StateMachineUpdater: set stopIndex = 0
2023-09-07 04:53:13,434 [9c9ba13f-6dd0-460e-ac54-999c1aa3e7ed-impl-thread3] INFO  server.RaftServer$Division (RaftServerImpl.java:lambda$close$4(466)) - 9c9ba13f-6dd0-460e-ac54-999c1aa3e7ed@group-14F5B8938CFB: shutdown
2023-09-07 04:53:13,434 [9c9ba13f-6dd0-460e-ac54-999c1aa3e7ed-impl-thread3] INFO  util.JmxRegister (JmxRegister.java:unregister(73)) - Successfully un-registered JMX Bean with object name Ratis:service=RaftServer,group=group-14F5B8938CFB,id=9c9ba13f-6dd0-460e-ac54-999c1aa3e7ed
2023-09-07 04:53:13,434 [9c9ba13f-6dd0-460e-ac54-999c1aa3e7ed-impl-thread3] INFO  impl.RoleInfo (RoleInfo.java:shutdownFollowerState(110)) - 9c9ba13f-6dd0-460e-ac54-999c1aa3e7ed: shutdown 9c9ba13f-6dd0-460e-ac54-999c1aa3e7ed@group-14F5B8938CFB-FollowerState
2023-09-07 04:53:13,434 [9c9ba13f-6dd0-460e-ac54-999c1aa3e7ed@group-45A374FD8469-StateMachineUpdater] INFO  ratis.ContainerStateMachine (ContainerStateMachine.java:takeSnapshot(341)) - group-45A374FD8469: Finished taking a snapshot at:(t:1, i:0) file:/home/runner/work/ozone/ozone/hadoop-ozone/integration-test/target/test-dir/MiniOzoneClusterImpl-a35962c9-a2fc-4df3-96cb-042236c47d51/datanode-1/data/ratis/eec7ef64-6503-43b1-bdc6-45a374fd8469/sm/snapshot.1_0 took: 2 ms
2023-09-07 04:53:13,435 [9c9ba13f-6dd0-460e-ac54-999c1aa3e7ed@group-45A374FD8469-StateMachineUpdater] INFO  impl.StateMachineUpdater (StateMachineUpdater.java:takeSnapshot(291)) - 9c9ba13f-6dd0-460e-ac54-999c1aa3e7ed@group-45A374FD8469-StateMachineUpdater: Took a snapshot at index 0
2023-09-07 04:53:13,435 [9c9ba13f-6dd0-460e-ac54-999c1aa3e7ed@group-45A374FD8469-StateMachineUpdater] INFO  impl.StateMachineUpdater (StateMachineUpdater.java:lambda$new$0(97)) - 9c9ba13f-6dd0-460e-ac54-999c1aa3e7ed@group-45A374FD8469-StateMachineUpdater: snapshotIndex: updateIncreasingly -1 -> 0
2023-09-07 04:53:13,435 [9c9ba13f-6dd0-460e-ac54-999c1aa3e7ed-impl-thread2] INFO  server.RaftServer$Division (ServerState.java:close(472)) - 9c9ba13f-6dd0-460e-ac54-999c1aa3e7ed@group-45A374FD8469: closes. applyIndex: 0
2023-09-07 04:53:13,436 [ForkJoinPool.commonPool-worker-2] INFO  server.GrpcService (GrpcService.java:closeImpl(311)) - 9c9ba13f-6dd0-460e-ac54-999c1aa3e7ed: shutdown server org.apache.ratis.grpc.server.GrpcClientProtocolService now
2023-09-07 04:53:13,436 [9c9ba13f-6dd0-460e-ac54-999c1aa3e7ed-impl-thread4] INFO  server.RaftServer$Division (RaftServerImpl.java:lambda$close$4(466)) - 9c9ba13f-6dd0-460e-ac54-999c1aa3e7ed@group-41019568F4E6: shutdown
2023-09-07 04:53:13,436 [9c9ba13f-6dd0-460e-ac54-999c1aa3e7ed-impl-thread4] INFO  util.JmxRegister (JmxRegister.java:unregister(73)) - Successfully un-registered JMX Bean with object name Ratis:service=RaftServer,group=group-41019568F4E6,id=9c9ba13f-6dd0-460e-ac54-999c1aa3e7ed
2023-09-07 04:53:13,437 [9c9ba13f-6dd0-460e-ac54-999c1aa3e7ed-impl-thread4] INFO  impl.RoleInfo (RoleInfo.java:shutdownFollowerState(110)) - 9c9ba13f-6dd0-460e-ac54-999c1aa3e7ed: shutdown 9c9ba13f-6dd0-460e-ac54-999c1aa3e7ed@group-41019568F4E6-FollowerState
2023-09-07 04:53:13,449 [ForkJoinPool.commonPool-worker-2] INFO  server.GrpcService (GrpcService.java:closeImpl(320)) - 9c9ba13f-6dd0-460e-ac54-999c1aa3e7ed: shutdown server org.apache.ratis.grpc.server.GrpcClientProtocolService successfully
2023-09-07 04:53:13,449 [ForkJoinPool.commonPool-worker-2] INFO  server.GrpcService (GrpcService.java:closeImpl(311)) - 9c9ba13f-6dd0-460e-ac54-999c1aa3e7ed: shutdown server GrpcServerProtocolService now
2023-09-07 04:53:13,449 [9c9ba13f-6dd0-460e-ac54-999c1aa3e7ed-impl-thread3] INFO  impl.StateMachineUpdater (StateMachineUpdater.java:stopAndJoin(155)) - 9c9ba13f-6dd0-460e-ac54-999c1aa3e7ed@group-14F5B8938CFB-StateMachineUpdater: set stopIndex = 0
2023-09-07 04:53:13,450 [9c9ba13f-6dd0-460e-ac54-999c1aa3e7ed@group-14F5B8938CFB-FollowerState] INFO  impl.FollowerState (FollowerState.java:run(152)) - 9c9ba13f-6dd0-460e-ac54-999c1aa3e7ed@group-14F5B8938CFB-FollowerState was interrupted
2023-09-07 04:53:13,450 [9c9ba13f-6dd0-460e-ac54-999c1aa3e7ed@group-14F5B8938CFB-StateMachineUpdater] INFO  ratis.ContainerStateMachine (ContainerStateMachine.java:takeSnapshot(330)) - group-14F5B8938CFB: Taking a snapshot at:(t:1, i:0) file /home/runner/work/ozone/ozone/hadoop-ozone/integration-test/target/test-dir/MiniOzoneClusterImpl-a35962c9-a2fc-4df3-96cb-042236c47d51/datanode-1/data/ratis/46f797af-66a6-422c-8dfc-14f5b8938cfb/sm/snapshot.1_0
2023-09-07 04:53:13,451 [9c9ba13f-6dd0-460e-ac54-999c1aa3e7ed@group-14F5B8938CFB-StateMachineUpdater] INFO  ratis.ContainerStateMachine (ContainerStateMachine.java:takeSnapshot(341)) - group-14F5B8938CFB: Finished taking a snapshot at:(t:1, i:0) file:/home/runner/work/ozone/ozone/hadoop-ozone/integration-test/target/test-dir/MiniOzoneClusterImpl-a35962c9-a2fc-4df3-96cb-042236c47d51/datanode-1/data/ratis/46f797af-66a6-422c-8dfc-14f5b8938cfb/sm/snapshot.1_0 took: 1 ms
2023-09-07 04:53:13,451 [9c9ba13f-6dd0-460e-ac54-999c1aa3e7ed@group-14F5B8938CFB-StateMachineUpdater] INFO  impl.StateMachineUpdater (StateMachineUpdater.java:takeSnapshot(291)) - 9c9ba13f-6dd0-460e-ac54-999c1aa3e7ed@group-14F5B8938CFB-StateMachineUpdater: Took a snapshot at index 0
2023-09-07 04:53:13,451 [9c9ba13f-6dd0-460e-ac54-999c1aa3e7ed@group-14F5B8938CFB-StateMachineUpdater] INFO  impl.StateMachineUpdater (StateMachineUpdater.java:lambda$new$0(97)) - 9c9ba13f-6dd0-460e-ac54-999c1aa3e7ed@group-14F5B8938CFB-StateMachineUpdater: snapshotIndex: updateIncreasingly -1 -> 0
2023-09-07 04:53:13,451 [9c9ba13f-6dd0-460e-ac54-999c1aa3e7ed-impl-thread3] INFO  server.RaftServer$Division (ServerState.java:close(472)) - 9c9ba13f-6dd0-460e-ac54-999c1aa3e7ed@group-14F5B8938CFB: closes. applyIndex: 0
2023-09-07 04:53:13,452 [grpc-default-executor-4] WARN  server.GrpcServerProtocolService (LogUtils.java:warn(122)) - 9c9ba13f-6dd0-460e-ac54-999c1aa3e7ed: APPEND_ENTRIES onError, lastRequest: null: org.apache.ratis.thirdparty.io.grpc.StatusRuntimeException: CANCELLED: client cancelled
2023-09-07 04:53:13,453 [grpc-default-executor-0] WARN  server.GrpcServerProtocolService (LogUtils.java:warn(122)) - 9c9ba13f-6dd0-460e-ac54-999c1aa3e7ed: APPEND_ENTRIES onError, lastRequest: 7d658909-36a6-44f1-ac1a-09761b608691->9c9ba13f-6dd0-460e-ac54-999c1aa3e7ed#1-t1,previous=(t:0, i:0),leaderCommit=-1,initializing? true,entries: size=1, first=(t:1, i:0), CONFIGURATIONENTRY(current:id: "7d658909-36a6-44f1-ac1a-09761b608691"
address: "10.1.0.9:15120"
priority: 1
dataStreamAddress: "10.1.0.9:15121"
clientAddress: "10.1.0.9:15118"
adminAddress: "10.1.0.9:15119"
startupRole: FOLLOWER
,id: "9c9ba13f-6dd0-460e-ac54-999c1aa3e7ed"
address: "10.1.0.9:15129"
dataStreamAddress: "10.1.0.9:15130"
clientAddress: "10.1.0.9:15127"
adminAddress: "10.1.0.9:15128"
startupRole: FOLLOWER
,id: "1ddc0cd2-9f64-4abc-9646-a27e7b7d0879"
address: "10.1.0.9:15138"
dataStreamAddress: "10.1.0.9:15139"
clientAddress: "10.1.0.9:15136"
adminAddress: "10.1.0.9:15137"
startupRole: FOLLOWER
, old:): org.apache.ratis.thirdparty.io.grpc.StatusRuntimeException: CANCELLED: client cancelled
2023-09-07 04:53:13,454 [grpc-default-executor-5] WARN  server.GrpcServerProtocolService (LogUtils.java:warn(122)) - 9c9ba13f-6dd0-460e-ac54-999c1aa3e7ed: APPEND_ENTRIES onError, lastRequest: 1ddc0cd2-9f64-4abc-9646-a27e7b7d0879->9c9ba13f-6dd0-460e-ac54-999c1aa3e7ed#78-t1,previous=(t:1, i:28),leaderCommit=28,initializing? true,entries: size=1, first=(t:1, i:29), METADATAENTRY(c:27): org.apache.ratis.thirdparty.io.grpc.StatusRuntimeException: CANCELLED: client cancelled
2023-09-07 04:53:13,454 [grpc-default-executor-5] WARN  server.GrpcServerProtocolService (LogUtils.java:warn(122)) - 9c9ba13f-6dd0-460e-ac54-999c1aa3e7ed: APPEND_ENTRIES onError, lastRequest: null: org.apache.ratis.thirdparty.io.grpc.StatusRuntimeException: CANCELLED: client cancelled
2023-09-07 04:53:13,457 [9c9ba13f-6dd0-460e-ac54-999c1aa3e7ed-impl-thread4] INFO  impl.StateMachineUpdater (StateMachineUpdater.java:stopAndJoin(155)) - 9c9ba13f-6dd0-460e-ac54-999c1aa3e7ed@group-41019568F4E6-StateMachineUpdater: set stopIndex = 28
2023-09-07 04:53:13,457 [9c9ba13f-6dd0-460e-ac54-999c1aa3e7ed@group-41019568F4E6-StateMachineUpdater] INFO  ratis.ContainerStateMachine (ContainerStateMachine.java:takeSnapshot(330)) - group-41019568F4E6: Taking a snapshot at:(t:1, i:28) file /home/runner/work/ozone/ozone/hadoop-ozone/integration-test/target/test-dir/MiniOzoneClusterImpl-a35962c9-a2fc-4df3-96cb-042236c47d51/datanode-1/data/ratis/9af03a98-57b5-4091-9be8-41019568f4e6/sm/snapshot.1_28
2023-09-07 04:53:13,457 [9c9ba13f-6dd0-460e-ac54-999c1aa3e7ed@group-41019568F4E6-FollowerState] INFO  impl.FollowerState (FollowerState.java:run(152)) - 9c9ba13f-6dd0-460e-ac54-999c1aa3e7ed@group-41019568F4E6-FollowerState was interrupted
2023-09-07 04:53:13,468 [ForkJoinPool.commonPool-worker-2] INFO  server.GrpcService (GrpcService.java:closeImpl(320)) - 9c9ba13f-6dd0-460e-ac54-999c1aa3e7ed: shutdown server GrpcServerProtocolService successfully
2023-09-07 04:53:13,470 [ForkJoinPool.commonPool-worker-2] INFO  server.GrpcService (GrpcService.java:closeImpl(311)) - 9c9ba13f-6dd0-460e-ac54-999c1aa3e7ed: shutdown server org.apache.ratis.grpc.server.GrpcAdminProtocolService now
2023-09-07 04:53:13,470 [grpc-default-executor-4] WARN  server.GrpcLogAppender (LogUtils.java:warn(122)) - 1ddc0cd2-9f64-4abc-9646-a27e7b7d0879@group-41019568F4E6->9c9ba13f-6dd0-460e-ac54-999c1aa3e7ed-AppendLogResponseHandler: Failed appendEntries: org.apache.ratis.thirdparty.io.grpc.StatusRuntimeException: CANCELLED: RST_STREAM closed stream. HTTP/2 error code: CANCEL
2023-09-07 04:53:13,470 [grpc-default-executor-4] INFO  leader.FollowerInfo (FollowerInfoImpl.java:lambda$new$0(52)) - 1ddc0cd2-9f64-4abc-9646-a27e7b7d0879@group-41019568F4E6->9c9ba13f-6dd0-460e-ac54-999c1aa3e7ed: decreaseNextIndex nextIndex: updateUnconditionally 30 -> 29
2023-09-07 04:53:13,471 [9c9ba13f-6dd0-460e-ac54-999c1aa3e7ed@group-41019568F4E6-StateMachineUpdater] INFO  ratis.ContainerStateMachine (ContainerStateMachine.java:takeSnapshot(341)) - group-41019568F4E6: Finished taking a snapshot at:(t:1, i:28) file:/home/runner/work/ozone/ozone/hadoop-ozone/integration-test/target/test-dir/MiniOzoneClusterImpl-a35962c9-a2fc-4df3-96cb-042236c47d51/datanode-1/data/ratis/9af03a98-57b5-4091-9be8-41019568f4e6/sm/snapshot.1_28 took: 14 ms
2023-09-07 04:53:13,471 [9c9ba13f-6dd0-460e-ac54-999c1aa3e7ed@group-41019568F4E6-StateMachineUpdater] INFO  impl.StateMachineUpdater (StateMachineUpdater.java:takeSnapshot(291)) - 9c9ba13f-6dd0-460e-ac54-999c1aa3e7ed@group-41019568F4E6-StateMachineUpdater: Took a snapshot at index 28
2023-09-07 04:53:13,471 [9c9ba13f-6dd0-460e-ac54-999c1aa3e7ed@group-41019568F4E6-StateMachineUpdater] INFO  impl.StateMachineUpdater (StateMachineUpdater.java:lambda$new$0(97)) - 9c9ba13f-6dd0-460e-ac54-999c1aa3e7ed@group-41019568F4E6-StateMachineUpdater: snapshotIndex: updateIncreasingly -1 -> 28
2023-09-07 04:53:13,471 [grpc-default-executor-6] WARN  server.GrpcLogAppender (LogUtils.java:warn(122)) - 7d658909-36a6-44f1-ac1a-09761b608691@group-14F5B8938CFB->9c9ba13f-6dd0-460e-ac54-999c1aa3e7ed-AppendLogResponseHandler: Failed appendEntries: org.apache.ratis.thirdparty.io.grpc.StatusRuntimeException: CANCELLED: RST_STREAM closed stream. HTTP/2 error code: CANCEL
2023-09-07 04:53:13,471 [grpc-default-executor-6] WARN  server.GrpcLogAppender (GrpcLogAppender.java:resetClient(128)) - 7d658909-36a6-44f1-ac1a-09761b608691@group-14F5B8938CFB->9c9ba13f-6dd0-460e-ac54-999c1aa3e7ed-GrpcLogAppender: Follower failed when matchIndex == 0,  keep nextIndex (1) unchanged and retry.
2023-09-07 04:53:13,472 [grpc-default-executor-4] WARN  server.GrpcLogAppender (LogUtils.java:warn(122)) - 7d658909-36a6-44f1-ac1a-09761b608691@group-14F5B8938CFB->9c9ba13f-6dd0-460e-ac54-999c1aa3e7ed-AppendLogResponseHandler: Failed appendEntries: org.apache.ratis.thirdparty.io.grpc.StatusRuntimeException: CANCELLED: RST_STREAM closed stream. HTTP/2 error code: CANCEL
2023-09-07 04:53:13,472 [grpc-default-executor-4] WARN  server.GrpcLogAppender (GrpcLogAppender.java:resetClient(128)) - 7d658909-36a6-44f1-ac1a-09761b608691@group-14F5B8938CFB->9c9ba13f-6dd0-460e-ac54-999c1aa3e7ed-GrpcLogAppender: Follower failed when matchIndex == 0,  keep nextIndex (1) unchanged and retry.
2023-09-07 04:53:13,473 [grpc-default-executor-5] WARN  server.GrpcLogAppender (LogUtils.java:warn(122)) - 1ddc0cd2-9f64-4abc-9646-a27e7b7d0879@group-41019568F4E6->9c9ba13f-6dd0-460e-ac54-999c1aa3e7ed-AppendLogResponseHandler: Failed appendEntries: org.apache.ratis.thirdparty.io.grpc.StatusRuntimeException: CANCELLED: RST_STREAM closed stream. HTTP/2 error code: CANCEL
2023-09-07 04:53:13,473 [grpc-default-executor-5] INFO  leader.FollowerInfo (FollowerInfoImpl.java:lambda$new$0(52)) - 1ddc0cd2-9f64-4abc-9646-a27e7b7d0879@group-41019568F4E6->9c9ba13f-6dd0-460e-ac54-999c1aa3e7ed: decreaseNextIndex nextIndex: updateUnconditionally 29 -> 28
2023-09-07 04:53:13,474 [main] INFO  ozoneimpl.OzoneContainer (OzoneContainer.java:stop(451)) - Attempting to stop container services.
2023-09-07 04:53:13,475 [9c9ba13f-6dd0-460e-ac54-999c1aa3e7ed-impl-thread4] INFO  server.RaftServer$Division (ServerState.java:close(472)) - 9c9ba13f-6dd0-460e-ac54-999c1aa3e7ed@group-41019568F4E6: closes. applyIndex: 28
2023-09-07 04:53:13,484 [main] INFO  server.RaftServer (RaftServerProxy.java:lambda$close$6(416)) - 1ddc0cd2-9f64-4abc-9646-a27e7b7d0879: close
2023-09-07 04:53:13,485 [main] INFO  server.GrpcService (GrpcService.java:closeImpl(311)) - 1ddc0cd2-9f64-4abc-9646-a27e7b7d0879: shutdown server org.apache.ratis.grpc.server.GrpcClientProtocolService now
2023-09-07 04:53:13,489 [grpc-default-executor-4] WARN  server.GrpcClientProtocolService (LogUtils.java:warn(122)) - 1-OrderedRequestStreamObserver1: onError: org.apache.ratis.thirdparty.io.grpc.StatusRuntimeException: CANCELLED: client cancelled
2023-09-07 04:53:13,490 [grpc-default-executor-0] WARN  server.GrpcClientProtocolService (LogUtils.java:warn(122)) - 2-UnorderedRequestStreamObserver2: onError: org.apache.ratis.thirdparty.io.grpc.StatusRuntimeException: CANCELLED: client cancelled
2023-09-07 04:53:13,490 [ForkJoinPool.commonPool-worker-2] INFO  server.GrpcService (GrpcService.java:closeImpl(320)) - 9c9ba13f-6dd0-460e-ac54-999c1aa3e7ed: shutdown server org.apache.ratis.grpc.server.GrpcAdminProtocolService successfully
2023-09-07 04:53:13,491 [9c9ba13f-6dd0-460e-ac54-999c1aa3e7ed-NettyServerStreamRpc-bossGroup--thread1] INFO  logging.LoggingHandler (AbstractInternalLogger.java:log(148)) - [id: 0xb3a30d4f, L:/0:0:0:0:0:0:0:0:15130] CLOSE
2023-09-07 04:53:13,491 [9c9ba13f-6dd0-460e-ac54-999c1aa3e7ed-NettyServerStreamRpc-bossGroup--thread1] INFO  logging.LoggingHandler (AbstractInternalLogger.java:log(148)) - [id: 0xb3a30d4f, L:/0:0:0:0:0:0:0:0:15130] INACTIVE
2023-09-07 04:53:13,491 [9c9ba13f-6dd0-460e-ac54-999c1aa3e7ed-NettyServerStreamRpc-bossGroup--thread1] INFO  logging.LoggingHandler (AbstractInternalLogger.java:log(148)) - [id: 0xb3a30d4f, L:/0:0:0:0:0:0:0:0:15130] UNREGISTERED
2023-09-07 04:53:13,492 [Thread-1668] INFO  server.GrpcServerProtocolClient (GrpcServerProtocolClient.java:close(103)) - 7d658909-36a6-44f1-ac1a-09761b608691 Close channels
2023-09-07 04:53:13,492 [Thread-1670] INFO  server.GrpcServerProtocolClient (GrpcServerProtocolClient.java:close(103)) - 9c9ba13f-6dd0-460e-ac54-999c1aa3e7ed Close channels
2023-09-07 04:53:13,493 [1ddc0cd2-9f64-4abc-9646-a27e7b7d0879-impl-thread2] INFO  server.RaftServer$Division (RaftServerImpl.java:lambda$close$4(466)) - 1ddc0cd2-9f64-4abc-9646-a27e7b7d0879@group-14F5B8938CFB: shutdown
2023-09-07 04:53:13,493 [1ddc0cd2-9f64-4abc-9646-a27e7b7d0879-impl-thread2] INFO  util.JmxRegister (JmxRegister.java:unregister(73)) - Successfully un-registered JMX Bean with object name Ratis:service=RaftServer,group=group-14F5B8938CFB,id=1ddc0cd2-9f64-4abc-9646-a27e7b7d0879
2023-09-07 04:53:13,493 [1ddc0cd2-9f64-4abc-9646-a27e7b7d0879-impl-thread2] INFO  impl.RoleInfo (RoleInfo.java:shutdownFollowerState(110)) - 1ddc0cd2-9f64-4abc-9646-a27e7b7d0879: shutdown 1ddc0cd2-9f64-4abc-9646-a27e7b7d0879@group-14F5B8938CFB-FollowerState
2023-09-07 04:53:13,493 [1ddc0cd2-9f64-4abc-9646-a27e7b7d0879-impl-thread2] INFO  impl.StateMachineUpdater (StateMachineUpdater.java:stopAndJoin(155)) - 1ddc0cd2-9f64-4abc-9646-a27e7b7d0879@group-14F5B8938CFB-StateMachineUpdater: set stopIndex = 0
2023-09-07 04:53:13,493 [1ddc0cd2-9f64-4abc-9646-a27e7b7d0879@group-14F5B8938CFB-FollowerState] INFO  impl.FollowerState (FollowerState.java:run(152)) - 1ddc0cd2-9f64-4abc-9646-a27e7b7d0879@group-14F5B8938CFB-FollowerState was interrupted
2023-09-07 04:53:13,493 [1ddc0cd2-9f64-4abc-9646-a27e7b7d0879@group-14F5B8938CFB-StateMachineUpdater] INFO  ratis.ContainerStateMachine (ContainerStateMachine.java:takeSnapshot(330)) - group-14F5B8938CFB: Taking a snapshot at:(t:1, i:0) file /home/runner/work/ozone/ozone/hadoop-ozone/integration-test/target/test-dir/MiniOzoneClusterImpl-a35962c9-a2fc-4df3-96cb-042236c47d51/datanode-2/data/ratis/46f797af-66a6-422c-8dfc-14f5b8938cfb/sm/snapshot.1_0
2023-09-07 04:53:13,493 [1ddc0cd2-9f64-4abc-9646-a27e7b7d0879-impl-thread3] INFO  server.RaftServer$Division (RaftServerImpl.java:lambda$close$4(466)) - 1ddc0cd2-9f64-4abc-9646-a27e7b7d0879@group-41019568F4E6: shutdown
2023-09-07 04:53:13,494 [1ddc0cd2-9f64-4abc-9646-a27e7b7d0879-impl-thread3] INFO  util.JmxRegister (JmxRegister.java:unregister(73)) - Successfully un-registered JMX Bean with object name Ratis:service=RaftServer,group=group-41019568F4E6,id=1ddc0cd2-9f64-4abc-9646-a27e7b7d0879
2023-09-07 04:53:13,494 [1ddc0cd2-9f64-4abc-9646-a27e7b7d0879-impl-thread3] INFO  impl.RoleInfo (RoleInfo.java:shutdownLeaderState(93)) - 1ddc0cd2-9f64-4abc-9646-a27e7b7d0879: shutdown 1ddc0cd2-9f64-4abc-9646-a27e7b7d0879@group-41019568F4E6-LeaderStateImpl
2023-09-07 04:53:13,493 [ForkJoinPool.commonPool-worker-3] INFO  ozoneimpl.OzoneContainer (OzoneContainer.java:stop(451)) - Attempting to stop container services.
2023-09-07 04:53:13,494 [1ddc0cd2-9f64-4abc-9646-a27e7b7d0879@group-14F5B8938CFB-StateMachineUpdater] INFO  ratis.ContainerStateMachine (ContainerStateMachine.java:takeSnapshot(341)) - group-14F5B8938CFB: Finished taking a snapshot at:(t:1, i:0) file:/home/runner/work/ozone/ozone/hadoop-ozone/integration-test/target/test-dir/MiniOzoneClusterImpl-a35962c9-a2fc-4df3-96cb-042236c47d51/datanode-2/data/ratis/46f797af-66a6-422c-8dfc-14f5b8938cfb/sm/snapshot.1_0 took: 1 ms
2023-09-07 04:53:13,494 [1ddc0cd2-9f64-4abc-9646-a27e7b7d0879@group-14F5B8938CFB-StateMachineUpdater] INFO  impl.StateMachineUpdater (StateMachineUpdater.java:takeSnapshot(291)) - 1ddc0cd2-9f64-4abc-9646-a27e7b7d0879@group-14F5B8938CFB-StateMachineUpdater: Took a snapshot at index 0
2023-09-07 04:53:13,494 [1ddc0cd2-9f64-4abc-9646-a27e7b7d0879@group-14F5B8938CFB-StateMachineUpdater] INFO  impl.StateMachineUpdater (StateMachineUpdater.java:lambda$new$0(97)) - 1ddc0cd2-9f64-4abc-9646-a27e7b7d0879@group-14F5B8938CFB-StateMachineUpdater: snapshotIndex: updateIncreasingly -1 -> 0
2023-09-07 04:53:13,495 [1ddc0cd2-9f64-4abc-9646-a27e7b7d0879-impl-thread2] INFO  server.RaftServer$Division (ServerState.java:close(472)) - 1ddc0cd2-9f64-4abc-9646-a27e7b7d0879@group-14F5B8938CFB: closes. applyIndex: 0
2023-09-07 04:53:13,495 [1ddc0cd2-9f64-4abc-9646-a27e7b7d0879-impl-thread4] INFO  server.RaftServer$Division (RaftServerImpl.java:lambda$close$4(466)) - 1ddc0cd2-9f64-4abc-9646-a27e7b7d0879@group-80EBEC4B8BD9: shutdown
2023-09-07 04:53:13,495 [1ddc0cd2-9f64-4abc-9646-a27e7b7d0879-impl-thread4] INFO  util.JmxRegister (JmxRegister.java:unregister(73)) - Successfully un-registered JMX Bean with object name Ratis:service=RaftServer,group=group-80EBEC4B8BD9,id=1ddc0cd2-9f64-4abc-9646-a27e7b7d0879
2023-09-07 04:53:13,495 [1ddc0cd2-9f64-4abc-9646-a27e7b7d0879-impl-thread4] INFO  impl.RoleInfo (RoleInfo.java:shutdownLeaderState(93)) - 1ddc0cd2-9f64-4abc-9646-a27e7b7d0879: shutdown 1ddc0cd2-9f64-4abc-9646-a27e7b7d0879@group-80EBEC4B8BD9-LeaderStateImpl
2023-09-07 04:53:13,495 [1ddc0cd2-9f64-4abc-9646-a27e7b7d0879-impl-thread4] INFO  impl.PendingRequests (PendingRequests.java:sendNotLeaderResponses(289)) - 1ddc0cd2-9f64-4abc-9646-a27e7b7d0879@group-80EBEC4B8BD9-PendingRequests: sendNotLeaderResponses
2023-09-07 04:53:13,509 [1ddc0cd2-9f64-4abc-9646-a27e7b7d0879-impl-thread4] INFO  impl.StateMachineUpdater (StateMachineUpdater.java:stopAndJoin(155)) - 1ddc0cd2-9f64-4abc-9646-a27e7b7d0879@group-80EBEC4B8BD9-StateMachineUpdater: set stopIndex = 0
2023-09-07 04:53:13,511 [1ddc0cd2-9f64-4abc-9646-a27e7b7d0879@group-41019568F4E6->9c9ba13f-6dd0-460e-ac54-999c1aa3e7ed-GrpcLogAppender-LogAppenderDaemon] WARN  server.GrpcLogAppender (GrpcLogAppender.java:mayWait(199)) - 1ddc0cd2-9f64-4abc-9646-a27e7b7d0879@group-41019568F4E6->9c9ba13f-6dd0-460e-ac54-999c1aa3e7ed-GrpcLogAppender: Wait interrupted by java.lang.InterruptedException
2023-09-07 04:53:13,511 [1ddc0cd2-9f64-4abc-9646-a27e7b7d0879@group-41019568F4E6->7d658909-36a6-44f1-ac1a-09761b608691-GrpcLogAppender-LogAppenderDaemon] WARN  server.GrpcLogAppender (GrpcLogAppender.java:mayWait(199)) - 1ddc0cd2-9f64-4abc-9646-a27e7b7d0879@group-41019568F4E6->7d658909-36a6-44f1-ac1a-09761b608691-GrpcLogAppender: Wait interrupted by java.lang.InterruptedException
2023-09-07 04:53:13,511 [1ddc0cd2-9f64-4abc-9646-a27e7b7d0879-impl-thread3] INFO  impl.PendingRequests (PendingRequests.java:sendNotLeaderResponses(289)) - 1ddc0cd2-9f64-4abc-9646-a27e7b7d0879@group-41019568F4E6-PendingRequests: sendNotLeaderResponses
2023-09-07 04:53:13,511 [ForkJoinPool.commonPool-worker-3] INFO  server.RaftServer (RaftServerProxy.java:lambda$close$6(416)) - 7d658909-36a6-44f1-ac1a-09761b608691: close
2023-09-07 04:53:13,510 [1ddc0cd2-9f64-4abc-9646-a27e7b7d0879@group-80EBEC4B8BD9-StateMachineUpdater] INFO  ratis.ContainerStateMachine (ContainerStateMachine.java:takeSnapshot(330)) - group-80EBEC4B8BD9: Taking a snapshot at:(t:1, i:0) file /home/runner/work/ozone/ozone/hadoop-ozone/integration-test/target/test-dir/MiniOzoneClusterImpl-a35962c9-a2fc-4df3-96cb-042236c47d51/datanode-2/data/ratis/c1bc81ef-d096-4478-b3cf-80ebec4b8bd9/sm/snapshot.1_0
2023-09-07 04:53:13,513 [7d658909-36a6-44f1-ac1a-09761b608691-impl-thread2] INFO  server.RaftServer$Division (RaftServerImpl.java:lambda$close$4(466)) - 7d658909-36a6-44f1-ac1a-09761b608691@group-14F5B8938CFB: shutdown
2023-09-07 04:53:13,513 [grpc-default-executor-0] INFO  server.GrpcServerProtocolService (GrpcServerProtocolService.java:onCompleted(155)) - 7d658909-36a6-44f1-ac1a-09761b608691: Completed APPEND_ENTRIES, lastRequest: 1ddc0cd2-9f64-4abc-9646-a27e7b7d0879->7d658909-36a6-44f1-ac1a-09761b608691#77-t1,previous=(t:1, i:28),leaderCommit=27,initializing? true,entries: size=1, first=(t:1, i:29), METADATAENTRY(c:27)
2023-09-07 04:53:13,514 [grpc-default-executor-0] INFO  server.GrpcServerProtocolService (GrpcServerProtocolService.java:lambda$onCompleted$5(157)) - 7d658909-36a6-44f1-ac1a-09761b608691: Completed APPEND_ENTRIES, lastReply: null
2023-09-07 04:53:13,513 [grpc-default-executor-6] INFO  server.GrpcServerProtocolService (GrpcServerProtocolService.java:onCompleted(155)) - 7d658909-36a6-44f1-ac1a-09761b608691: Completed APPEND_ENTRIES, lastRequest: null
2023-09-07 04:53:13,514 [7d658909-36a6-44f1-ac1a-09761b608691-impl-thread2] INFO  util.JmxRegister (JmxRegister.java:unregister(73)) - Successfully un-registered JMX Bean with object name Ratis:service=RaftServer,group=group-14F5B8938CFB,id=7d658909-36a6-44f1-ac1a-09761b608691
2023-09-07 04:53:13,514 [7d658909-36a6-44f1-ac1a-09761b608691-impl-thread2] INFO  impl.RoleInfo (RoleInfo.java:shutdownLeaderState(93)) - 7d658909-36a6-44f1-ac1a-09761b608691: shutdown 7d658909-36a6-44f1-ac1a-09761b608691@group-14F5B8938CFB-LeaderStateImpl
2023-09-07 04:53:13,514 [grpc-default-executor-6] INFO  server.GrpcServerProtocolService (GrpcServerProtocolService.java:lambda$onCompleted$5(157)) - 7d658909-36a6-44f1-ac1a-09761b608691: Completed APPEND_ENTRIES, lastReply: serverReply {
  requestorId: "1ddc0cd2-9f64-4abc-9646-a27e7b7d0879"
  replyId: "7d658909-36a6-44f1-ac1a-09761b608691"
  raftGroupId {
    id: "\232\360:\230W\265@\221\233\350A\001\225h\364\346"
  }
  callId: 73
  success: true
}
term: 1
nextIndex: 26
followerCommit: 25
matchIndex: 18446744073709551615
isHearbeat: true

2023-09-07 04:53:13,514 [7d658909-36a6-44f1-ac1a-09761b608691-impl-thread3] INFO  server.RaftServer$Division (RaftServerImpl.java:lambda$close$4(466)) - 7d658909-36a6-44f1-ac1a-09761b608691@group-3B57CD447BA9: shutdown
2023-09-07 04:53:13,515 [grpc-default-executor-4] INFO  server.GrpcLogAppender (GrpcLogAppender.java:onCompleted(428)) - 1ddc0cd2-9f64-4abc-9646-a27e7b7d0879@group-41019568F4E6->7d658909-36a6-44f1-ac1a-09761b608691-AppendLogResponseHandler: follower responses appendEntries COMPLETED
2023-09-07 04:53:13,516 [ForkJoinPool.commonPool-worker-3] INFO  server.GrpcService (GrpcService.java:closeImpl(311)) - 7d658909-36a6-44f1-ac1a-09761b608691: shutdown server org.apache.ratis.grpc.server.GrpcClientProtocolService now
2023-09-07 04:53:13,517 [1ddc0cd2-9f64-4abc-9646-a27e7b7d0879@group-80EBEC4B8BD9-StateMachineUpdater] INFO  ratis.ContainerStateMachine (ContainerStateMachine.java:takeSnapshot(341)) - group-80EBEC4B8BD9: Finished taking a snapshot at:(t:1, i:0) file:/home/runner/work/ozone/ozone/hadoop-ozone/integration-test/target/test-dir/MiniOzoneClusterImpl-a35962c9-a2fc-4df3-96cb-042236c47d51/datanode-2/data/ratis/c1bc81ef-d096-4478-b3cf-80ebec4b8bd9/sm/snapshot.1_0 took: 7 ms
2023-09-07 04:53:13,517 [1ddc0cd2-9f64-4abc-9646-a27e7b7d0879@group-80EBEC4B8BD9-StateMachineUpdater] INFO  impl.StateMachineUpdater (StateMachineUpdater.java:takeSnapshot(291)) - 1ddc0cd2-9f64-4abc-9646-a27e7b7d0879@group-80EBEC4B8BD9-StateMachineUpdater: Took a snapshot at index 0
2023-09-07 04:53:13,517 [1ddc0cd2-9f64-4abc-9646-a27e7b7d0879@group-80EBEC4B8BD9-StateMachineUpdater] INFO  impl.StateMachineUpdater (StateMachineUpdater.java:lambda$new$0(97)) - 1ddc0cd2-9f64-4abc-9646-a27e7b7d0879@group-80EBEC4B8BD9-StateMachineUpdater: snapshotIndex: updateIncreasingly -1 -> 0
2023-09-07 04:53:13,517 [1ddc0cd2-9f64-4abc-9646-a27e7b7d0879-impl-thread4] INFO  server.RaftServer$Division (ServerState.java:close(472)) - 1ddc0cd2-9f64-4abc-9646-a27e7b7d0879@group-80EBEC4B8BD9: closes. applyIndex: 0
2023-09-07 04:53:13,520 [7d658909-36a6-44f1-ac1a-09761b608691-impl-thread4] INFO  server.RaftServer$Division (RaftServerImpl.java:lambda$close$4(466)) - 7d658909-36a6-44f1-ac1a-09761b608691@group-41019568F4E6: shutdown
2023-09-07 04:53:13,521 [Thread-1685] INFO  server.GrpcServerProtocolClient (GrpcServerProtocolClient.java:close(103)) - 9c9ba13f-6dd0-460e-ac54-999c1aa3e7ed Close channels
2023-09-07 04:53:13,526 [Thread-1686] INFO  server.GrpcServerProtocolClient (GrpcServerProtocolClient.java:close(103)) - 1ddc0cd2-9f64-4abc-9646-a27e7b7d0879 Close channels
2023-09-07 04:53:13,535 [7d658909-36a6-44f1-ac1a-09761b608691-impl-thread3] INFO  util.JmxRegister (JmxRegister.java:unregister(73)) - Successfully un-registered JMX Bean with object name Ratis:service=RaftServer,group=group-3B57CD447BA9,id=7d658909-36a6-44f1-ac1a-09761b608691
2023-09-07 04:53:13,535 [7d658909-36a6-44f1-ac1a-09761b608691-impl-thread3] INFO  impl.RoleInfo (RoleInfo.java:shutdownLeaderState(93)) - 7d658909-36a6-44f1-ac1a-09761b608691: shutdown 7d658909-36a6-44f1-ac1a-09761b608691@group-3B57CD447BA9-LeaderStateImpl
2023-09-07 04:53:13,535 [7d658909-36a6-44f1-ac1a-09761b608691-impl-thread3] INFO  impl.PendingRequests (PendingRequests.java:sendNotLeaderResponses(289)) - 7d658909-36a6-44f1-ac1a-09761b608691@group-3B57CD447BA9-PendingRequests: sendNotLeaderResponses
2023-09-07 04:53:13,535 [7d658909-36a6-44f1-ac1a-09761b608691-impl-thread4] INFO  util.JmxRegister (JmxRegister.java:unregister(73)) - Successfully un-registered JMX Bean with object name Ratis:service=RaftServer,group=group-41019568F4E6,id=7d658909-36a6-44f1-ac1a-09761b608691
2023-09-07 04:53:13,535 [7d658909-36a6-44f1-ac1a-09761b608691-impl-thread4] INFO  impl.RoleInfo (RoleInfo.java:shutdownFollowerState(110)) - 7d658909-36a6-44f1-ac1a-09761b608691: shutdown 7d658909-36a6-44f1-ac1a-09761b608691@group-41019568F4E6-FollowerState
2023-09-07 04:53:13,536 [7d658909-36a6-44f1-ac1a-09761b608691-impl-thread2] INFO  impl.PendingRequests (PendingRequests.java:sendNotLeaderResponses(289)) - 7d658909-36a6-44f1-ac1a-09761b608691@group-14F5B8938CFB-PendingRequests: sendNotLeaderResponses
2023-09-07 04:53:13,536 [7d658909-36a6-44f1-ac1a-09761b608691@group-14F5B8938CFB->9c9ba13f-6dd0-460e-ac54-999c1aa3e7ed-GrpcLogAppender-LogAppenderDaemon] WARN  server.GrpcLogAppender (GrpcLogAppender.java:mayWait(199)) - 7d658909-36a6-44f1-ac1a-09761b608691@group-14F5B8938CFB->9c9ba13f-6dd0-460e-ac54-999c1aa3e7ed-GrpcLogAppender: Wait interrupted by java.lang.InterruptedException
2023-09-07 04:53:13,536 [7d658909-36a6-44f1-ac1a-09761b608691@group-14F5B8938CFB->1ddc0cd2-9f64-4abc-9646-a27e7b7d0879-GrpcLogAppender-LogAppenderDaemon] WARN  server.GrpcLogAppender (GrpcLogAppender.java:mayWait(199)) - 7d658909-36a6-44f1-ac1a-09761b608691@group-14F5B8938CFB->1ddc0cd2-9f64-4abc-9646-a27e7b7d0879-GrpcLogAppender: Wait interrupted by java.lang.InterruptedException
2023-09-07 04:53:13,537 [7d658909-36a6-44f1-ac1a-09761b608691-impl-thread4] INFO  impl.StateMachineUpdater (StateMachineUpdater.java:stopAndJoin(155)) - 7d658909-36a6-44f1-ac1a-09761b608691@group-41019568F4E6-StateMachineUpdater: set stopIndex = 27
2023-09-07 04:53:13,537 [7d658909-36a6-44f1-ac1a-09761b608691@group-41019568F4E6-FollowerState] INFO  impl.FollowerState (FollowerState.java:run(152)) - 7d658909-36a6-44f1-ac1a-09761b608691@group-41019568F4E6-FollowerState was interrupted
2023-09-07 04:53:13,539 [grpc-default-executor-6] INFO  server.GrpcServerProtocolService (GrpcServerProtocolService.java:onCompleted(155)) - 1ddc0cd2-9f64-4abc-9646-a27e7b7d0879: Completed APPEND_ENTRIES, lastRequest: 7d658909-36a6-44f1-ac1a-09761b608691->1ddc0cd2-9f64-4abc-9646-a27e7b7d0879#1-t1,previous=(t:0, i:0),leaderCommit=-1,initializing? true,entries: size=1, first=(t:1, i:0), CONFIGURATIONENTRY(current:id: "7d658909-36a6-44f1-ac1a-09761b608691"
address: "10.1.0.9:15120"
priority: 1
dataStreamAddress: "10.1.0.9:15121"
clientAddress: "10.1.0.9:15118"
adminAddress: "10.1.0.9:15119"
startupRole: FOLLOWER
,id: "9c9ba13f-6dd0-460e-ac54-999c1aa3e7ed"
address: "10.1.0.9:15129"
dataStreamAddress: "10.1.0.9:15130"
clientAddress: "10.1.0.9:15127"
adminAddress: "10.1.0.9:15128"
startupRole: FOLLOWER
,id: "1ddc0cd2-9f64-4abc-9646-a27e7b7d0879"
address: "10.1.0.9:15138"
dataStreamAddress: "10.1.0.9:15139"
clientAddress: "10.1.0.9:15136"
adminAddress: "10.1.0.9:15137"
startupRole: FOLLOWER
, old:)
2023-09-07 04:53:13,539 [grpc-default-executor-6] INFO  server.GrpcServerProtocolService (GrpcServerProtocolService.java:lambda$onCompleted$5(157)) - 1ddc0cd2-9f64-4abc-9646-a27e7b7d0879: Completed APPEND_ENTRIES, lastReply: null
2023-09-07 04:53:13,539 [grpc-default-executor-5] INFO  server.GrpcServerProtocolService (GrpcServerProtocolService.java:onCompleted(155)) - 1ddc0cd2-9f64-4abc-9646-a27e7b7d0879: Completed APPEND_ENTRIES, lastRequest: null
2023-09-07 04:53:13,539 [grpc-default-executor-5] INFO  server.GrpcServerProtocolService (GrpcServerProtocolService.java:lambda$onCompleted$5(157)) - 1ddc0cd2-9f64-4abc-9646-a27e7b7d0879: Completed APPEND_ENTRIES, lastReply: serverReply {
  requestorId: "7d658909-36a6-44f1-ac1a-09761b608691"
  replyId: "1ddc0cd2-9f64-4abc-9646-a27e7b7d0879"
  raftGroupId {
    id: "F\367\227\257f\246B,\215\374\024\365\270\223\214\373"
  }
  callId: 35
  success: true
}
term: 1
nextIndex: 1
matchIndex: 18446744073709551615
isHearbeat: true

2023-09-07 04:53:13,539 [grpc-default-executor-4] WARN  server.GrpcLogAppender (GrpcLogAppender.java:resetClient(137)) - 1ddc0cd2-9f64-4abc-9646-a27e7b7d0879@group-41019568F4E6->7d658909-36a6-44f1-ac1a-09761b608691-GrpcLogAppender: Failed to getClient for 7d658909-36a6-44f1-ac1a-09761b608691
org.apache.ratis.protocol.exceptions.AlreadyClosedException: 1ddc0cd2-9f64-4abc-9646-a27e7b7d0879 is already CLOSED
	at org.apache.ratis.util.PeerProxyMap$PeerAndProxy.getProxy(PeerProxyMap.java:61)
	at org.apache.ratis.util.PeerProxyMap.getProxy(PeerProxyMap.java:115)
	at org.apache.ratis.grpc.server.GrpcLogAppender.getClient(GrpcLogAppender.java:112)
	at org.apache.ratis.grpc.server.GrpcLogAppender.resetClient(GrpcLogAppender.java:117)
	at org.apache.ratis.grpc.server.GrpcLogAppender.access$500(GrpcLogAppender.java:56)
	at org.apache.ratis.grpc.server.GrpcLogAppender$AppendLogResponseHandler.onCompleted(GrpcLogAppender.java:429)
	at org.apache.ratis.thirdparty.io.grpc.stub.ClientCalls$StreamObserverToCallListenerAdapter.onClose(ClientCalls.java:485)
	at org.apache.ratis.thirdparty.io.grpc.internal.DelayedClientCall$DelayedListener$3.run(DelayedClientCall.java:471)
	at org.apache.ratis.thirdparty.io.grpc.internal.DelayedClientCall$DelayedListener.delayOrExecute(DelayedClientCall.java:435)
	at org.apache.ratis.thirdparty.io.grpc.internal.DelayedClientCall$DelayedListener.onClose(DelayedClientCall.java:468)
	at org.apache.ratis.thirdparty.io.grpc.internal.ClientCallImpl.closeObserver(ClientCallImpl.java:563)
	at org.apache.ratis.thirdparty.io.grpc.internal.ClientCallImpl.access$300(ClientCallImpl.java:70)
	at org.apache.ratis.thirdparty.io.grpc.internal.ClientCallImpl$ClientStreamListenerImpl$1StreamClosed.runInternal(ClientCallImpl.java:744)
	at org.apache.ratis.thirdparty.io.grpc.internal.ClientCallImpl$ClientStreamListenerImpl$1StreamClosed.runInContext(ClientCallImpl.java:723)
	at org.apache.ratis.thirdparty.io.grpc.internal.ContextRunnable.run(ContextRunnable.java:37)
	at org.apache.ratis.thirdparty.io.grpc.internal.SerializingExecutor.run(SerializingExecutor.java:133)
	at java.util.concurrent.ThreadPoolExecutor.runWorker(ThreadPoolExecutor.java:1149)
	at java.util.concurrent.ThreadPoolExecutor$Worker.run(ThreadPoolExecutor.java:624)
	at java.lang.Thread.run(Thread.java:750)
2023-09-07 04:53:13,555 [grpc-default-executor-5] INFO  server.GrpcLogAppender (GrpcLogAppender.java:onCompleted(428)) - 7d658909-36a6-44f1-ac1a-09761b608691@group-14F5B8938CFB->1ddc0cd2-9f64-4abc-9646-a27e7b7d0879-AppendLogResponseHandler: follower responses appendEntries COMPLETED
2023-09-07 04:53:13,566 [grpc-default-executor-5] WARN  server.GrpcLogAppender (GrpcLogAppender.java:resetClient(137)) - 7d658909-36a6-44f1-ac1a-09761b608691@group-14F5B8938CFB->1ddc0cd2-9f64-4abc-9646-a27e7b7d0879-GrpcLogAppender: Failed to getClient for 1ddc0cd2-9f64-4abc-9646-a27e7b7d0879
org.apache.ratis.protocol.exceptions.AlreadyClosedException: 7d658909-36a6-44f1-ac1a-09761b608691 is already CLOSED
	at org.apache.ratis.util.PeerProxyMap$PeerAndProxy.getProxy(PeerProxyMap.java:61)
	at org.apache.ratis.util.PeerProxyMap.getProxy(PeerProxyMap.java:115)
	at org.apache.ratis.grpc.server.GrpcLogAppender.getClient(GrpcLogAppender.java:112)
	at org.apache.ratis.grpc.server.GrpcLogAppender.resetClient(GrpcLogAppender.java:117)
	at org.apache.ratis.grpc.server.GrpcLogAppender.access$500(GrpcLogAppender.java:56)
	at org.apache.ratis.grpc.server.GrpcLogAppender$AppendLogResponseHandler.onCompleted(GrpcLogAppender.java:429)
	at org.apache.ratis.thirdparty.io.grpc.stub.ClientCalls$StreamObserverToCallListenerAdapter.onClose(ClientCalls.java:485)
	at org.apache.ratis.thirdparty.io.grpc.internal.ClientCallImpl.closeObserver(ClientCallImpl.java:563)
	at org.apache.ratis.thirdparty.io.grpc.internal.ClientCallImpl.access$300(ClientCallImpl.java:70)
	at org.apache.ratis.thirdparty.io.grpc.internal.ClientCallImpl$ClientStreamListenerImpl$1StreamClosed.runInternal(ClientCallImpl.java:744)
	at org.apache.ratis.thirdparty.io.grpc.internal.ClientCallImpl$ClientStreamListenerImpl$1StreamClosed.runInContext(ClientCallImpl.java:723)
	at org.apache.ratis.thirdparty.io.grpc.internal.ContextRunnable.run(ContextRunnable.java:37)
	at org.apache.ratis.thirdparty.io.grpc.internal.SerializingExecutor.run(SerializingExecutor.java:133)
	at java.util.concurrent.ThreadPoolExecutor.runWorker(ThreadPoolExecutor.java:1149)
	at java.util.concurrent.ThreadPoolExecutor$Worker.run(ThreadPoolExecutor.java:624)
	at java.lang.Thread.run(Thread.java:750)
2023-09-07 04:53:13,568 [1ddc0cd2-9f64-4abc-9646-a27e7b7d0879-impl-thread2] INFO  segmented.SegmentedRaftLogWorker (SegmentedRaftLogWorker.java:close(252)) - 1ddc0cd2-9f64-4abc-9646-a27e7b7d0879@group-14F5B8938CFB-SegmentedRaftLogWorker close()
2023-09-07 04:53:13,568 [9c9ba13f-6dd0-460e-ac54-999c1aa3e7ed-impl-thread3] INFO  segmented.SegmentedRaftLogWorker (SegmentedRaftLogWorker.java:close(252)) - 9c9ba13f-6dd0-460e-ac54-999c1aa3e7ed@group-14F5B8938CFB-SegmentedRaftLogWorker close()
2023-09-07 04:53:13,578 [1ddc0cd2-9f64-4abc-9646-a27e7b7d0879-impl-thread4] INFO  segmented.SegmentedRaftLogWorker (SegmentedRaftLogWorker.java:close(252)) - 1ddc0cd2-9f64-4abc-9646-a27e7b7d0879@group-80EBEC4B8BD9-SegmentedRaftLogWorker close()
2023-09-07 04:53:13,580 [9c9ba13f-6dd0-460e-ac54-999c1aa3e7ed-impl-thread2] INFO  segmented.SegmentedRaftLogWorker (SegmentedRaftLogWorker.java:close(252)) - 9c9ba13f-6dd0-460e-ac54-999c1aa3e7ed@group-45A374FD8469-SegmentedRaftLogWorker close()
2023-09-07 04:53:13,584 [grpc-default-executor-5] INFO  server.GrpcLogAppender (GrpcLogAppender.java:onCompleted(428)) - 1ddc0cd2-9f64-4abc-9646-a27e7b7d0879@group-41019568F4E6->7d658909-36a6-44f1-ac1a-09761b608691-AppendLogResponseHandler: follower responses appendEntries COMPLETED
2023-09-07 04:53:13,584 [grpc-default-executor-5] WARN  server.GrpcLogAppender (GrpcLogAppender.java:resetClient(137)) - 1ddc0cd2-9f64-4abc-9646-a27e7b7d0879@group-41019568F4E6->7d658909-36a6-44f1-ac1a-09761b608691-GrpcLogAppender: Failed to getClient for 7d658909-36a6-44f1-ac1a-09761b608691
org.apache.ratis.protocol.exceptions.AlreadyClosedException: 1ddc0cd2-9f64-4abc-9646-a27e7b7d0879 is already CLOSED
	at org.apache.ratis.util.PeerProxyMap$PeerAndProxy.getProxy(PeerProxyMap.java:61)
	at org.apache.ratis.util.PeerProxyMap.getProxy(PeerProxyMap.java:115)
	at org.apache.ratis.grpc.server.GrpcLogAppender.getClient(GrpcLogAppender.java:112)
	at org.apache.ratis.grpc.server.GrpcLogAppender.resetClient(GrpcLogAppender.java:117)
	at org.apache.ratis.grpc.server.GrpcLogAppender.access$500(GrpcLogAppender.java:56)
	at org.apache.ratis.grpc.server.GrpcLogAppender$AppendLogResponseHandler.onCompleted(GrpcLogAppender.java:429)
	at org.apache.ratis.thirdparty.io.grpc.stub.ClientCalls$StreamObserverToCallListenerAdapter.onClose(ClientCalls.java:485)
	at org.apache.ratis.thirdparty.io.grpc.internal.ClientCallImpl.closeObserver(ClientCallImpl.java:563)
	at org.apache.ratis.thirdparty.io.grpc.internal.ClientCallImpl.access$300(ClientCallImpl.java:70)
	at org.apache.ratis.thirdparty.io.grpc.internal.ClientCallImpl$ClientStreamListenerImpl$1StreamClosed.runInternal(ClientCallImpl.java:744)
	at org.apache.ratis.thirdparty.io.grpc.internal.ClientCallImpl$ClientStreamListenerImpl$1StreamClosed.runInContext(ClientCallImpl.java:723)
	at org.apache.ratis.thirdparty.io.grpc.internal.ContextRunnable.run(ContextRunnable.java:37)
	at org.apache.ratis.thirdparty.io.grpc.internal.SerializingExecutor.run(SerializingExecutor.java:133)
	at java.util.concurrent.ThreadPoolExecutor.runWorker(ThreadPoolExecutor.java:1149)
	at java.util.concurrent.ThreadPoolExecutor$Worker.run(ThreadPoolExecutor.java:624)
	at java.lang.Thread.run(Thread.java:750)
2023-09-07 04:53:13,585 [main] INFO  server.GrpcService (GrpcService.java:closeImpl(320)) - 1ddc0cd2-9f64-4abc-9646-a27e7b7d0879: shutdown server org.apache.ratis.grpc.server.GrpcClientProtocolService successfully
2023-09-07 04:53:13,585 [main] INFO  server.GrpcService (GrpcService.java:closeImpl(311)) - 1ddc0cd2-9f64-4abc-9646-a27e7b7d0879: shutdown server GrpcServerProtocolService now
2023-09-07 04:53:13,587 [7d658909-36a6-44f1-ac1a-09761b608691@group-41019568F4E6-StateMachineUpdater] INFO  ratis.ContainerStateMachine (ContainerStateMachine.java:takeSnapshot(330)) - group-41019568F4E6: Taking a snapshot at:(t:1, i:27) file /home/runner/work/ozone/ozone/hadoop-ozone/integration-test/target/test-dir/MiniOzoneClusterImpl-a35962c9-a2fc-4df3-96cb-042236c47d51/datanode-0/data/ratis/9af03a98-57b5-4091-9be8-41019568f4e6/sm/snapshot.1_27
2023-09-07 04:53:13,588 [7d658909-36a6-44f1-ac1a-09761b608691-impl-thread3] INFO  impl.StateMachineUpdater (StateMachineUpdater.java:stopAndJoin(155)) - 7d658909-36a6-44f1-ac1a-09761b608691@group-3B57CD447BA9-StateMachineUpdater: set stopIndex = 0
2023-09-07 04:53:13,588 [7d658909-36a6-44f1-ac1a-09761b608691@group-41019568F4E6-StateMachineUpdater] INFO  ratis.ContainerStateMachine (ContainerStateMachine.java:takeSnapshot(341)) - group-41019568F4E6: Finished taking a snapshot at:(t:1, i:27) file:/home/runner/work/ozone/ozone/hadoop-ozone/integration-test/target/test-dir/MiniOzoneClusterImpl-a35962c9-a2fc-4df3-96cb-042236c47d51/datanode-0/data/ratis/9af03a98-57b5-4091-9be8-41019568f4e6/sm/snapshot.1_27 took: 1 ms
2023-09-07 04:53:13,588 [1ddc0cd2-9f64-4abc-9646-a27e7b7d0879-impl-thread3] INFO  impl.StateMachineUpdater (StateMachineUpdater.java:stopAndJoin(155)) - 1ddc0cd2-9f64-4abc-9646-a27e7b7d0879@group-41019568F4E6-StateMachineUpdater: set stopIndex = 29
2023-09-07 04:53:13,589 [7d658909-36a6-44f1-ac1a-09761b608691-impl-thread2] INFO  impl.StateMachineUpdater (StateMachineUpdater.java:stopAndJoin(155)) - 7d658909-36a6-44f1-ac1a-09761b608691@group-14F5B8938CFB-StateMachineUpdater: set stopIndex = 0
2023-09-07 04:53:13,589 [7d658909-36a6-44f1-ac1a-09761b608691@group-3B57CD447BA9-StateMachineUpdater] INFO  ratis.ContainerStateMachine (ContainerStateMachine.java:takeSnapshot(330)) - group-3B57CD447BA9: Taking a snapshot at:(t:1, i:0) file /home/runner/work/ozone/ozone/hadoop-ozone/integration-test/target/test-dir/MiniOzoneClusterImpl-a35962c9-a2fc-4df3-96cb-042236c47d51/datanode-0/data/ratis/bf4a4ee6-3340-4b0b-90e7-3b57cd447ba9/sm/snapshot.1_0
2023-09-07 04:53:13,590 [1ddc0cd2-9f64-4abc-9646-a27e7b7d0879@group-41019568F4E6-StateMachineUpdater] INFO  ratis.ContainerStateMachine (ContainerStateMachine.java:takeSnapshot(330)) - group-41019568F4E6: Taking a snapshot at:(t:1, i:29) file /home/runner/work/ozone/ozone/hadoop-ozone/integration-test/target/test-dir/MiniOzoneClusterImpl-a35962c9-a2fc-4df3-96cb-042236c47d51/datanode-2/data/ratis/9af03a98-57b5-4091-9be8-41019568f4e6/sm/snapshot.1_29
2023-09-07 04:53:13,590 [7d658909-36a6-44f1-ac1a-09761b608691@group-14F5B8938CFB-StateMachineUpdater] INFO  ratis.ContainerStateMachine (ContainerStateMachine.java:takeSnapshot(330)) - group-14F5B8938CFB: Taking a snapshot at:(t:1, i:0) file /home/runner/work/ozone/ozone/hadoop-ozone/integration-test/target/test-dir/MiniOzoneClusterImpl-a35962c9-a2fc-4df3-96cb-042236c47d51/datanode-0/data/ratis/46f797af-66a6-422c-8dfc-14f5b8938cfb/sm/snapshot.1_0
2023-09-07 04:53:13,590 [7d658909-36a6-44f1-ac1a-09761b608691@group-3B57CD447BA9-StateMachineUpdater] INFO  ratis.ContainerStateMachine (ContainerStateMachine.java:takeSnapshot(341)) - group-3B57CD447BA9: Finished taking a snapshot at:(t:1, i:0) file:/home/runner/work/ozone/ozone/hadoop-ozone/integration-test/target/test-dir/MiniOzoneClusterImpl-a35962c9-a2fc-4df3-96cb-042236c47d51/datanode-0/data/ratis/bf4a4ee6-3340-4b0b-90e7-3b57cd447ba9/sm/snapshot.1_0 took: 1 ms
2023-09-07 04:53:13,591 [7d658909-36a6-44f1-ac1a-09761b608691@group-14F5B8938CFB-StateMachineUpdater] INFO  ratis.ContainerStateMachine (ContainerStateMachine.java:takeSnapshot(341)) - group-14F5B8938CFB: Finished taking a snapshot at:(t:1, i:0) file:/home/runner/work/ozone/ozone/hadoop-ozone/integration-test/target/test-dir/MiniOzoneClusterImpl-a35962c9-a2fc-4df3-96cb-042236c47d51/datanode-0/data/ratis/46f797af-66a6-422c-8dfc-14f5b8938cfb/sm/snapshot.1_0 took: 1 ms
2023-09-07 04:53:13,592 [grpc-default-executor-6] INFO  server.GrpcLogAppender (GrpcLogAppender.java:onCompleted(428)) - 7d658909-36a6-44f1-ac1a-09761b608691@group-14F5B8938CFB->1ddc0cd2-9f64-4abc-9646-a27e7b7d0879-AppendLogResponseHandler: follower responses appendEntries COMPLETED
2023-09-07 04:53:13,592 [grpc-default-executor-6] WARN  server.GrpcLogAppender (GrpcLogAppender.java:resetClient(137)) - 7d658909-36a6-44f1-ac1a-09761b608691@group-14F5B8938CFB->1ddc0cd2-9f64-4abc-9646-a27e7b7d0879-GrpcLogAppender: Failed to getClient for 1ddc0cd2-9f64-4abc-9646-a27e7b7d0879
org.apache.ratis.protocol.exceptions.AlreadyClosedException: 7d658909-36a6-44f1-ac1a-09761b608691 is already CLOSED
	at org.apache.ratis.util.PeerProxyMap$PeerAndProxy.getProxy(PeerProxyMap.java:61)
	at org.apache.ratis.util.PeerProxyMap.getProxy(PeerProxyMap.java:115)
	at org.apache.ratis.grpc.server.GrpcLogAppender.getClient(GrpcLogAppender.java:112)
	at org.apache.ratis.grpc.server.GrpcLogAppender.resetClient(GrpcLogAppender.java:117)
	at org.apache.ratis.grpc.server.GrpcLogAppender.access$500(GrpcLogAppender.java:56)
	at org.apache.ratis.grpc.server.GrpcLogAppender$AppendLogResponseHandler.onCompleted(GrpcLogAppender.java:429)
	at org.apache.ratis.thirdparty.io.grpc.stub.ClientCalls$StreamObserverToCallListenerAdapter.onClose(ClientCalls.java:485)
	at org.apache.ratis.thirdparty.io.grpc.internal.ClientCallImpl.closeObserver(ClientCallImpl.java:563)
	at org.apache.ratis.thirdparty.io.grpc.internal.ClientCallImpl.access$300(ClientCallImpl.java:70)
	at org.apache.ratis.thirdparty.io.grpc.internal.ClientCallImpl$ClientStreamListenerImpl$1StreamClosed.runInternal(ClientCallImpl.java:744)
	at org.apache.ratis.thirdparty.io.grpc.internal.ClientCallImpl$ClientStreamListenerImpl$1StreamClosed.runInContext(ClientCallImpl.java:723)
	at org.apache.ratis.thirdparty.io.grpc.internal.ContextRunnable.run(ContextRunnable.java:37)
	at org.apache.ratis.thirdparty.io.grpc.internal.SerializingExecutor.run(SerializingExecutor.java:133)
	at java.util.concurrent.ThreadPoolExecutor.runWorker(ThreadPoolExecutor.java:1149)
	at java.util.concurrent.ThreadPoolExecutor$Worker.run(ThreadPoolExecutor.java:624)
	at java.lang.Thread.run(Thread.java:750)
2023-09-07 04:53:13,592 [ForkJoinPool.commonPool-worker-3] INFO  server.GrpcService (GrpcService.java:closeImpl(320)) - 7d658909-36a6-44f1-ac1a-09761b608691: shutdown server org.apache.ratis.grpc.server.GrpcClientProtocolService successfully
2023-09-07 04:53:13,592 [ForkJoinPool.commonPool-worker-3] INFO  server.GrpcService (GrpcService.java:closeImpl(311)) - 7d658909-36a6-44f1-ac1a-09761b608691: shutdown server GrpcServerProtocolService now
2023-09-07 04:53:13,592 [7d658909-36a6-44f1-ac1a-09761b608691@group-3B57CD447BA9-StateMachineUpdater] INFO  impl.StateMachineUpdater (StateMachineUpdater.java:takeSnapshot(291)) - 7d658909-36a6-44f1-ac1a-09761b608691@group-3B57CD447BA9-StateMachineUpdater: Took a snapshot at index 0
2023-09-07 04:53:13,592 [7d658909-36a6-44f1-ac1a-09761b608691@group-3B57CD447BA9-StateMachineUpdater] INFO  impl.StateMachineUpdater (StateMachineUpdater.java:lambda$new$0(97)) - 7d658909-36a6-44f1-ac1a-09761b608691@group-3B57CD447BA9-StateMachineUpdater: snapshotIndex: updateIncreasingly -1 -> 0
2023-09-07 04:53:13,593 [7d658909-36a6-44f1-ac1a-09761b608691@group-14F5B8938CFB-StateMachineUpdater] INFO  impl.StateMachineUpdater (StateMachineUpdater.java:takeSnapshot(291)) - 7d658909-36a6-44f1-ac1a-09761b608691@group-14F5B8938CFB-StateMachineUpdater: Took a snapshot at index 0
2023-09-07 04:53:13,593 [7d658909-36a6-44f1-ac1a-09761b608691@group-14F5B8938CFB-StateMachineUpdater] INFO  impl.StateMachineUpdater (StateMachineUpdater.java:lambda$new$0(97)) - 7d658909-36a6-44f1-ac1a-09761b608691@group-14F5B8938CFB-StateMachineUpdater: snapshotIndex: updateIncreasingly -1 -> 0
2023-09-07 04:53:13,589 [7d658909-36a6-44f1-ac1a-09761b608691@group-41019568F4E6-StateMachineUpdater] INFO  impl.StateMachineUpdater (StateMachineUpdater.java:takeSnapshot(291)) - 7d658909-36a6-44f1-ac1a-09761b608691@group-41019568F4E6-StateMachineUpdater: Took a snapshot at index 27
2023-09-07 04:53:13,597 [7d658909-36a6-44f1-ac1a-09761b608691@group-41019568F4E6-StateMachineUpdater] INFO  impl.StateMachineUpdater (StateMachineUpdater.java:lambda$new$0(97)) - 7d658909-36a6-44f1-ac1a-09761b608691@group-41019568F4E6-StateMachineUpdater: snapshotIndex: updateIncreasingly -1 -> 27
2023-09-07 04:53:13,598 [7d658909-36a6-44f1-ac1a-09761b608691-impl-thread3] INFO  server.RaftServer$Division (ServerState.java:close(472)) - 7d658909-36a6-44f1-ac1a-09761b608691@group-3B57CD447BA9: closes. applyIndex: 0
2023-09-07 04:53:13,598 [7d658909-36a6-44f1-ac1a-09761b608691-impl-thread2] INFO  server.RaftServer$Division (ServerState.java:close(472)) - 7d658909-36a6-44f1-ac1a-09761b608691@group-14F5B8938CFB: closes. applyIndex: 0
2023-09-07 04:53:13,593 [1ddc0cd2-9f64-4abc-9646-a27e7b7d0879@group-41019568F4E6-StateMachineUpdater] INFO  ratis.ContainerStateMachine (ContainerStateMachine.java:takeSnapshot(341)) - group-41019568F4E6: Finished taking a snapshot at:(t:1, i:29) file:/home/runner/work/ozone/ozone/hadoop-ozone/integration-test/target/test-dir/MiniOzoneClusterImpl-a35962c9-a2fc-4df3-96cb-042236c47d51/datanode-2/data/ratis/9af03a98-57b5-4091-9be8-41019568f4e6/sm/snapshot.1_29 took: 3 ms
2023-09-07 04:53:13,599 [1ddc0cd2-9f64-4abc-9646-a27e7b7d0879@group-41019568F4E6-StateMachineUpdater] INFO  impl.StateMachineUpdater (StateMachineUpdater.java:takeSnapshot(291)) - 1ddc0cd2-9f64-4abc-9646-a27e7b7d0879@group-41019568F4E6-StateMachineUpdater: Took a snapshot at index 29
2023-09-07 04:53:13,599 [1ddc0cd2-9f64-4abc-9646-a27e7b7d0879@group-41019568F4E6-StateMachineUpdater] INFO  impl.StateMachineUpdater (StateMachineUpdater.java:lambda$new$0(97)) - 1ddc0cd2-9f64-4abc-9646-a27e7b7d0879@group-41019568F4E6-StateMachineUpdater: snapshotIndex: updateIncreasingly -1 -> 29
2023-09-07 04:53:13,600 [1ddc0cd2-9f64-4abc-9646-a27e7b7d0879-impl-thread3] INFO  server.RaftServer$Division (ServerState.java:close(472)) - 1ddc0cd2-9f64-4abc-9646-a27e7b7d0879@group-41019568F4E6: closes. applyIndex: 29
2023-09-07 04:53:13,602 [ForkJoinPool.commonPool-worker-0] INFO  ozoneimpl.OzoneContainer (OzoneContainer.java:stop(451)) - Attempting to stop container services.
2023-09-07 04:53:13,602 [main] INFO  server.GrpcService (GrpcService.java:closeImpl(320)) - 1ddc0cd2-9f64-4abc-9646-a27e7b7d0879: shutdown server GrpcServerProtocolService successfully
2023-09-07 04:53:13,603 [main] INFO  server.GrpcService (GrpcService.java:closeImpl(311)) - 1ddc0cd2-9f64-4abc-9646-a27e7b7d0879: shutdown server org.apache.ratis.grpc.server.GrpcAdminProtocolService now
2023-09-07 04:53:13,604 [7d658909-36a6-44f1-ac1a-09761b608691-impl-thread4] INFO  server.RaftServer$Division (ServerState.java:close(472)) - 7d658909-36a6-44f1-ac1a-09761b608691@group-41019568F4E6: closes. applyIndex: 27
2023-09-07 04:53:13,605 [ForkJoinPool.commonPool-worker-0] INFO  server.RaftServer (RaftServerProxy.java:lambda$close$6(416)) - eee81e81-0890-44e6-b9d4-b60ee3bd7f3c: close
2023-09-07 04:53:13,609 [ForkJoinPool.commonPool-worker-3] INFO  server.GrpcService (GrpcService.java:closeImpl(320)) - 7d658909-36a6-44f1-ac1a-09761b608691: shutdown server GrpcServerProtocolService successfully
2023-09-07 04:53:13,610 [ForkJoinPool.commonPool-worker-3] INFO  server.GrpcService (GrpcService.java:closeImpl(311)) - 7d658909-36a6-44f1-ac1a-09761b608691: shutdown server org.apache.ratis.grpc.server.GrpcAdminProtocolService now
2023-09-07 04:53:13,610 [ForkJoinPool.commonPool-worker-0] INFO  server.GrpcService (GrpcService.java:closeImpl(311)) - eee81e81-0890-44e6-b9d4-b60ee3bd7f3c: shutdown server org.apache.ratis.grpc.server.GrpcClientProtocolService now
2023-09-07 04:53:13,614 [main] INFO  server.GrpcService (GrpcService.java:closeImpl(320)) - 1ddc0cd2-9f64-4abc-9646-a27e7b7d0879: shutdown server org.apache.ratis.grpc.server.GrpcAdminProtocolService successfully
2023-09-07 04:53:13,615 [eee81e81-0890-44e6-b9d4-b60ee3bd7f3c-impl-thread2] INFO  server.RaftServer$Division (RaftServerImpl.java:lambda$close$4(466)) - eee81e81-0890-44e6-b9d4-b60ee3bd7f3c@group-E5135714774C: shutdown
2023-09-07 04:53:13,615 [eee81e81-0890-44e6-b9d4-b60ee3bd7f3c-impl-thread2] INFO  util.JmxRegister (JmxRegister.java:unregister(73)) - Successfully un-registered JMX Bean with object name Ratis:service=RaftServer,group=group-E5135714774C,id=eee81e81-0890-44e6-b9d4-b60ee3bd7f3c
2023-09-07 04:53:13,615 [eee81e81-0890-44e6-b9d4-b60ee3bd7f3c-impl-thread2] INFO  impl.RoleInfo (RoleInfo.java:shutdownLeaderState(93)) - eee81e81-0890-44e6-b9d4-b60ee3bd7f3c: shutdown eee81e81-0890-44e6-b9d4-b60ee3bd7f3c@group-E5135714774C-LeaderStateImpl
2023-09-07 04:53:13,615 [eee81e81-0890-44e6-b9d4-b60ee3bd7f3c-impl-thread2] INFO  impl.PendingRequests (PendingRequests.java:sendNotLeaderResponses(289)) - eee81e81-0890-44e6-b9d4-b60ee3bd7f3c@group-E5135714774C-PendingRequests: sendNotLeaderResponses
2023-09-07 04:53:13,615 [ForkJoinPool.commonPool-worker-3] INFO  server.GrpcService (GrpcService.java:closeImpl(320)) - 7d658909-36a6-44f1-ac1a-09761b608691: shutdown server org.apache.ratis.grpc.server.GrpcAdminProtocolService successfully
2023-09-07 04:53:13,615 [eee81e81-0890-44e6-b9d4-b60ee3bd7f3c-impl-thread2] INFO  impl.StateMachineUpdater (StateMachineUpdater.java:stopAndJoin(155)) - eee81e81-0890-44e6-b9d4-b60ee3bd7f3c@group-E5135714774C-StateMachineUpdater: set stopIndex = 0
2023-09-07 04:53:13,616 [eee81e81-0890-44e6-b9d4-b60ee3bd7f3c@group-E5135714774C-StateMachineUpdater] INFO  ratis.ContainerStateMachine (ContainerStateMachine.java:takeSnapshot(330)) - group-E5135714774C: Taking a snapshot at:(t:1, i:0) file /home/runner/work/ozone/ozone/hadoop-ozone/integration-test/target/test-dir/MiniOzoneClusterImpl-a35962c9-a2fc-4df3-96cb-042236c47d51/datanode-4/data/ratis/00b3bb23-ab45-43f1-90c8-e5135714774c/sm/snapshot.1_0
2023-09-07 04:53:13,616 [7d658909-36a6-44f1-ac1a-09761b608691-NettyServerStreamRpc-bossGroup--thread1] INFO  logging.LoggingHandler (AbstractInternalLogger.java:log(148)) - [id: 0x131a95a5, L:/0:0:0:0:0:0:0:0:15121] CLOSE
2023-09-07 04:53:13,616 [7d658909-36a6-44f1-ac1a-09761b608691-NettyServerStreamRpc-bossGroup--thread1] INFO  logging.LoggingHandler (AbstractInternalLogger.java:log(148)) - [id: 0x131a95a5, L:/0:0:0:0:0:0:0:0:15121] INACTIVE
2023-09-07 04:53:13,616 [7d658909-36a6-44f1-ac1a-09761b608691-NettyServerStreamRpc-bossGroup--thread1] INFO  logging.LoggingHandler (AbstractInternalLogger.java:log(148)) - [id: 0x131a95a5, L:/0:0:0:0:0:0:0:0:15121] UNREGISTERED
2023-09-07 04:53:13,617 [eee81e81-0890-44e6-b9d4-b60ee3bd7f3c@group-E5135714774C-StateMachineUpdater] INFO  ratis.ContainerStateMachine (ContainerStateMachine.java:takeSnapshot(341)) - group-E5135714774C: Finished taking a snapshot at:(t:1, i:0) file:/home/runner/work/ozone/ozone/hadoop-ozone/integration-test/target/test-dir/MiniOzoneClusterImpl-a35962c9-a2fc-4df3-96cb-042236c47d51/datanode-4/data/ratis/00b3bb23-ab45-43f1-90c8-e5135714774c/sm/snapshot.1_0 took: 2 ms
2023-09-07 04:53:13,618 [eee81e81-0890-44e6-b9d4-b60ee3bd7f3c@group-E5135714774C-StateMachineUpdater] INFO  impl.StateMachineUpdater (StateMachineUpdater.java:takeSnapshot(291)) - eee81e81-0890-44e6-b9d4-b60ee3bd7f3c@group-E5135714774C-StateMachineUpdater: Took a snapshot at index 0
2023-09-07 04:53:13,618 [eee81e81-0890-44e6-b9d4-b60ee3bd7f3c@group-E5135714774C-StateMachineUpdater] INFO  impl.StateMachineUpdater (StateMachineUpdater.java:lambda$new$0(97)) - eee81e81-0890-44e6-b9d4-b60ee3bd7f3c@group-E5135714774C-StateMachineUpdater: snapshotIndex: updateIncreasingly -1 -> 0
2023-09-07 04:53:13,618 [eee81e81-0890-44e6-b9d4-b60ee3bd7f3c-impl-thread2] INFO  server.RaftServer$Division (ServerState.java:close(472)) - eee81e81-0890-44e6-b9d4-b60ee3bd7f3c@group-E5135714774C: closes. applyIndex: 0
2023-09-07 04:53:13,618 [1ddc0cd2-9f64-4abc-9646-a27e7b7d0879-NettyServerStreamRpc-bossGroup--thread1] INFO  logging.LoggingHandler (AbstractInternalLogger.java:log(148)) - [id: 0x65c14fc8, L:/0:0:0:0:0:0:0:0:15139] CLOSE
2023-09-07 04:53:13,618 [1ddc0cd2-9f64-4abc-9646-a27e7b7d0879-NettyServerStreamRpc-bossGroup--thread1] INFO  logging.LoggingHandler (AbstractInternalLogger.java:log(148)) - [id: 0x65c14fc8, L:/0:0:0:0:0:0:0:0:15139] INACTIVE
2023-09-07 04:53:13,618 [1ddc0cd2-9f64-4abc-9646-a27e7b7d0879-NettyServerStreamRpc-bossGroup--thread1] INFO  logging.LoggingHandler (AbstractInternalLogger.java:log(148)) - [id: 0x65c14fc8, L:/0:0:0:0:0:0:0:0:15139] UNREGISTERED
2023-09-07 04:53:13,624 [ForkJoinPool.commonPool-worker-0] INFO  server.GrpcService (GrpcService.java:closeImpl(320)) - eee81e81-0890-44e6-b9d4-b60ee3bd7f3c: shutdown server org.apache.ratis.grpc.server.GrpcClientProtocolService successfully
2023-09-07 04:53:13,625 [ForkJoinPool.commonPool-worker-0] INFO  server.GrpcService (GrpcService.java:closeImpl(311)) - eee81e81-0890-44e6-b9d4-b60ee3bd7f3c: shutdown server GrpcServerProtocolService now
2023-09-07 04:53:13,631 [ForkJoinPool.commonPool-worker-0] INFO  server.GrpcService (GrpcService.java:closeImpl(320)) - eee81e81-0890-44e6-b9d4-b60ee3bd7f3c: shutdown server GrpcServerProtocolService successfully
2023-09-07 04:53:13,631 [ForkJoinPool.commonPool-worker-0] INFO  server.GrpcService (GrpcService.java:closeImpl(311)) - eee81e81-0890-44e6-b9d4-b60ee3bd7f3c: shutdown server org.apache.ratis.grpc.server.GrpcAdminProtocolService now
2023-09-07 04:53:13,634 [ForkJoinPool.commonPool-worker-0] INFO  server.GrpcService (GrpcService.java:closeImpl(320)) - eee81e81-0890-44e6-b9d4-b60ee3bd7f3c: shutdown server org.apache.ratis.grpc.server.GrpcAdminProtocolService successfully
2023-09-07 04:53:13,634 [eee81e81-0890-44e6-b9d4-b60ee3bd7f3c-NettyServerStreamRpc-bossGroup--thread1] INFO  logging.LoggingHandler (AbstractInternalLogger.java:log(148)) - [id: 0x3a6927de, L:/0:0:0:0:0:0:0:0:15157] CLOSE
2023-09-07 04:53:13,634 [eee81e81-0890-44e6-b9d4-b60ee3bd7f3c-NettyServerStreamRpc-bossGroup--thread1] INFO  logging.LoggingHandler (AbstractInternalLogger.java:log(148)) - [id: 0x3a6927de, L:/0:0:0:0:0:0:0:0:15157] INACTIVE
2023-09-07 04:53:13,634 [eee81e81-0890-44e6-b9d4-b60ee3bd7f3c-NettyServerStreamRpc-bossGroup--thread1] INFO  logging.LoggingHandler (AbstractInternalLogger.java:log(148)) - [id: 0x3a6927de, L:/0:0:0:0:0:0:0:0:15157] UNREGISTERED
2023-09-07 04:53:13,636 [ForkJoinPool.commonPool-worker-1] INFO  ozoneimpl.OzoneContainer (OzoneContainer.java:stop(451)) - Attempting to stop container services.
2023-09-07 04:53:13,642 [ForkJoinPool.commonPool-worker-1] INFO  server.RaftServer (RaftServerProxy.java:lambda$close$6(416)) - cbeb8a2c-f8e2-4c14-b4f8-5d428d71e083: close
2023-09-07 04:53:13,649 [ForkJoinPool.commonPool-worker-1] INFO  server.GrpcService (GrpcService.java:closeImpl(311)) - cbeb8a2c-f8e2-4c14-b4f8-5d428d71e083: shutdown server org.apache.ratis.grpc.server.GrpcClientProtocolService now
2023-09-07 04:53:13,650 [cbeb8a2c-f8e2-4c14-b4f8-5d428d71e083-impl-thread2] INFO  server.RaftServer$Division (RaftServerImpl.java:lambda$close$4(466)) - cbeb8a2c-f8e2-4c14-b4f8-5d428d71e083@group-3068A7155903: shutdown
2023-09-07 04:53:13,650 [cbeb8a2c-f8e2-4c14-b4f8-5d428d71e083-impl-thread2] INFO  util.JmxRegister (JmxRegister.java:unregister(73)) - Successfully un-registered JMX Bean with object name Ratis:service=RaftServer,group=group-3068A7155903,id=cbeb8a2c-f8e2-4c14-b4f8-5d428d71e083
2023-09-07 04:53:13,650 [ForkJoinPool.commonPool-worker-1] INFO  server.GrpcService (GrpcService.java:closeImpl(320)) - cbeb8a2c-f8e2-4c14-b4f8-5d428d71e083: shutdown server org.apache.ratis.grpc.server.GrpcClientProtocolService successfully
2023-09-07 04:53:13,651 [ForkJoinPool.commonPool-worker-1] INFO  server.GrpcService (GrpcService.java:closeImpl(311)) - cbeb8a2c-f8e2-4c14-b4f8-5d428d71e083: shutdown server GrpcServerProtocolService now
2023-09-07 04:53:13,651 [cbeb8a2c-f8e2-4c14-b4f8-5d428d71e083-impl-thread2] INFO  impl.RoleInfo (RoleInfo.java:shutdownLeaderState(93)) - cbeb8a2c-f8e2-4c14-b4f8-5d428d71e083: shutdown cbeb8a2c-f8e2-4c14-b4f8-5d428d71e083@group-3068A7155903-LeaderStateImpl
2023-09-07 04:53:13,651 [cbeb8a2c-f8e2-4c14-b4f8-5d428d71e083-impl-thread2] INFO  impl.PendingRequests (PendingRequests.java:sendNotLeaderResponses(289)) - cbeb8a2c-f8e2-4c14-b4f8-5d428d71e083@group-3068A7155903-PendingRequests: sendNotLeaderResponses
2023-09-07 04:53:13,656 [ForkJoinPool.commonPool-worker-1] INFO  server.GrpcService (GrpcService.java:closeImpl(320)) - cbeb8a2c-f8e2-4c14-b4f8-5d428d71e083: shutdown server GrpcServerProtocolService successfully
2023-09-07 04:53:13,656 [ForkJoinPool.commonPool-worker-1] INFO  server.GrpcService (GrpcService.java:closeImpl(311)) - cbeb8a2c-f8e2-4c14-b4f8-5d428d71e083: shutdown server org.apache.ratis.grpc.server.GrpcAdminProtocolService now
2023-09-07 04:53:13,657 [cbeb8a2c-f8e2-4c14-b4f8-5d428d71e083@group-3068A7155903-StateMachineUpdater] INFO  ratis.ContainerStateMachine (ContainerStateMachine.java:takeSnapshot(330)) - group-3068A7155903: Taking a snapshot at:(t:1, i:0) file /home/runner/work/ozone/ozone/hadoop-ozone/integration-test/target/test-dir/MiniOzoneClusterImpl-a35962c9-a2fc-4df3-96cb-042236c47d51/datanode-3/data/ratis/bfd3daf2-30c5-4443-9763-3068a7155903/sm/snapshot.1_0
2023-09-07 04:53:13,658 [cbeb8a2c-f8e2-4c14-b4f8-5d428d71e083-impl-thread2] INFO  impl.StateMachineUpdater (StateMachineUpdater.java:stopAndJoin(155)) - cbeb8a2c-f8e2-4c14-b4f8-5d428d71e083@group-3068A7155903-StateMachineUpdater: set stopIndex = 0
2023-09-07 04:53:13,658 [cbeb8a2c-f8e2-4c14-b4f8-5d428d71e083@group-3068A7155903-StateMachineUpdater] INFO  ratis.ContainerStateMachine (ContainerStateMachine.java:takeSnapshot(341)) - group-3068A7155903: Finished taking a snapshot at:(t:1, i:0) file:/home/runner/work/ozone/ozone/hadoop-ozone/integration-test/target/test-dir/MiniOzoneClusterImpl-a35962c9-a2fc-4df3-96cb-042236c47d51/datanode-3/data/ratis/bfd3daf2-30c5-4443-9763-3068a7155903/sm/snapshot.1_0 took: 1 ms
2023-09-07 04:53:13,658 [cbeb8a2c-f8e2-4c14-b4f8-5d428d71e083@group-3068A7155903-StateMachineUpdater] INFO  impl.StateMachineUpdater (StateMachineUpdater.java:takeSnapshot(291)) - cbeb8a2c-f8e2-4c14-b4f8-5d428d71e083@group-3068A7155903-StateMachineUpdater: Took a snapshot at index 0
2023-09-07 04:53:13,658 [cbeb8a2c-f8e2-4c14-b4f8-5d428d71e083@group-3068A7155903-StateMachineUpdater] INFO  impl.StateMachineUpdater (StateMachineUpdater.java:lambda$new$0(97)) - cbeb8a2c-f8e2-4c14-b4f8-5d428d71e083@group-3068A7155903-StateMachineUpdater: snapshotIndex: updateIncreasingly -1 -> 0
2023-09-07 04:53:13,659 [cbeb8a2c-f8e2-4c14-b4f8-5d428d71e083-impl-thread2] INFO  server.RaftServer$Division (ServerState.java:close(472)) - cbeb8a2c-f8e2-4c14-b4f8-5d428d71e083@group-3068A7155903: closes. applyIndex: 0
2023-09-07 04:53:13,661 [ForkJoinPool.commonPool-worker-1] INFO  server.GrpcService (GrpcService.java:closeImpl(320)) - cbeb8a2c-f8e2-4c14-b4f8-5d428d71e083: shutdown server org.apache.ratis.grpc.server.GrpcAdminProtocolService successfully
2023-09-07 04:53:13,662 [cbeb8a2c-f8e2-4c14-b4f8-5d428d71e083-NettyServerStreamRpc-bossGroup--thread1] INFO  logging.LoggingHandler (AbstractInternalLogger.java:log(148)) - [id: 0x950fbf6a, L:/0:0:0:0:0:0:0:0:15148] CLOSE
2023-09-07 04:53:13,662 [cbeb8a2c-f8e2-4c14-b4f8-5d428d71e083-NettyServerStreamRpc-bossGroup--thread1] INFO  logging.LoggingHandler (AbstractInternalLogger.java:log(148)) - [id: 0x950fbf6a, L:/0:0:0:0:0:0:0:0:15148] INACTIVE
2023-09-07 04:53:13,662 [cbeb8a2c-f8e2-4c14-b4f8-5d428d71e083-NettyServerStreamRpc-bossGroup--thread1] INFO  logging.LoggingHandler (AbstractInternalLogger.java:log(148)) - [id: 0x950fbf6a, L:/0:0:0:0:0:0:0:0:15148] UNREGISTERED
2023-09-07 04:53:14,303 [1ddc0cd2-9f64-4abc-9646-a27e7b7d0879-impl-thread3] INFO  segmented.SegmentedRaftLogWorker (SegmentedRaftLogWorker.java:close(252)) - 1ddc0cd2-9f64-4abc-9646-a27e7b7d0879@group-41019568F4E6-SegmentedRaftLogWorker close()
2023-09-07 04:53:14,305 [JvmPauseMonitor18] INFO  util.JvmPauseMonitor (JvmPauseMonitor.java:run(109)) - JvmPauseMonitor-1ddc0cd2-9f64-4abc-9646-a27e7b7d0879: Stopped
2023-09-07 04:53:14,328 [9c9ba13f-6dd0-460e-ac54-999c1aa3e7ed-impl-thread4] INFO  segmented.SegmentedRaftLogWorker (SegmentedRaftLogWorker.java:close(252)) - 9c9ba13f-6dd0-460e-ac54-999c1aa3e7ed@group-41019568F4E6-SegmentedRaftLogWorker close()
2023-09-07 04:53:14,328 [7d658909-36a6-44f1-ac1a-09761b608691-impl-thread4] INFO  segmented.SegmentedRaftLogWorker (SegmentedRaftLogWorker.java:close(252)) - 7d658909-36a6-44f1-ac1a-09761b608691@group-41019568F4E6-SegmentedRaftLogWorker close()
2023-09-07 04:53:14,330 [JvmPauseMonitor17] INFO  util.JvmPauseMonitor (JvmPauseMonitor.java:run(109)) - JvmPauseMonitor-9c9ba13f-6dd0-460e-ac54-999c1aa3e7ed: Stopped
2023-09-07 04:53:14,573 [7d658909-36a6-44f1-ac1a-09761b608691-impl-thread3] INFO  segmented.SegmentedRaftLogWorker (SegmentedRaftLogWorker.java:close(252)) - 7d658909-36a6-44f1-ac1a-09761b608691@group-3B57CD447BA9-SegmentedRaftLogWorker close()
2023-09-07 04:53:14,573 [7d658909-36a6-44f1-ac1a-09761b608691-impl-thread2] INFO  segmented.SegmentedRaftLogWorker (SegmentedRaftLogWorker.java:close(252)) - 7d658909-36a6-44f1-ac1a-09761b608691@group-14F5B8938CFB-SegmentedRaftLogWorker close()
2023-09-07 04:53:14,578 [eee81e81-0890-44e6-b9d4-b60ee3bd7f3c-impl-thread2] INFO  segmented.SegmentedRaftLogWorker (SegmentedRaftLogWorker.java:close(252)) - eee81e81-0890-44e6-b9d4-b60ee3bd7f3c@group-E5135714774C-SegmentedRaftLogWorker close()
2023-09-07 04:53:14,578 [JvmPauseMonitor16] INFO  util.JvmPauseMonitor (JvmPauseMonitor.java:run(109)) - JvmPauseMonitor-7d658909-36a6-44f1-ac1a-09761b608691: Stopped
2023-09-07 04:53:14,580 [cbeb8a2c-f8e2-4c14-b4f8-5d428d71e083-impl-thread2] INFO  segmented.SegmentedRaftLogWorker (SegmentedRaftLogWorker.java:close(252)) - cbeb8a2c-f8e2-4c14-b4f8-5d428d71e083@group-3068A7155903-SegmentedRaftLogWorker close()
2023-09-07 04:53:14,581 [JvmPauseMonitor19] INFO  util.JvmPauseMonitor (JvmPauseMonitor.java:run(109)) - JvmPauseMonitor-cbeb8a2c-f8e2-4c14-b4f8-5d428d71e083: Stopped
2023-09-07 04:53:14,581 [JvmPauseMonitor20] INFO  util.JvmPauseMonitor (JvmPauseMonitor.java:run(109)) - JvmPauseMonitor-eee81e81-0890-44e6-b9d4-b60ee3bd7f3c: Stopped
2023-09-07 04:53:16,312 [main] INFO  utils.DatanodeStoreCache (DatanodeStoreCache.java:shutdownCache(110)) - Skip clearing cache in mini cluster mode. Entries left: [/home/runner/work/ozone/ozone/hadoop-ozone/integration-test/target/test-dir/MiniOzoneClusterImpl-a35962c9-a2fc-4df3-96cb-042236c47d51/datanode-0/data-0/containers/hdds/a35962c9-a2fc-4df3-96cb-042236c47d51/DS-e879192f-e4de-4cd7-a805-860a157cd56f/container.db, /home/runner/work/ozone/ozone/hadoop-ozone/integration-test/target/test-dir/MiniOzoneClusterImpl-a35962c9-a2fc-4df3-96cb-042236c47d51/datanode-1/data-0/containers/hdds/a35962c9-a2fc-4df3-96cb-042236c47d51/DS-2850ff73-491e-4389-a82f-ddb0769c295d/container.db, /home/runner/work/ozone/ozone/hadoop-ozone/integration-test/target/test-dir/MiniOzoneClusterImpl-a35962c9-a2fc-4df3-96cb-042236c47d51/datanode-2/data-0/containers/hdds/a35962c9-a2fc-4df3-96cb-042236c47d51/DS-c8772868-4d3b-46ef-ac63-1237d033de1f/container.db, /home/runner/work/ozone/ozone/hadoop-ozone/integration-test/target/test-dir/MiniOzoneClusterImpl-a35962c9-a2fc-4df3-96cb-042236c47d51/datanode-3/data-0/containers/hdds/a35962c9-a2fc-4df3-96cb-042236c47d51/DS-7913ff87-7ef5-4eae-8773-f049a2ee848e/container.db, /home/runner/work/ozone/ozone/hadoop-ozone/integration-test/target/test-dir/MiniOzoneClusterImpl-a35962c9-a2fc-4df3-96cb-042236c47d51/datanode-4/data-0/containers/hdds/a35962c9-a2fc-4df3-96cb-042236c47d51/DS-df9f1590-547f-4071-8bef-4ab55ef237fe/container.db]
2023-09-07 04:53:16,321 [main] INFO  utils.DatanodeStoreCache (DatanodeStoreCache.java:removeDB(104)) - Removed db /home/runner/work/ozone/ozone/hadoop-ozone/integration-test/target/test-dir/MiniOzoneClusterImpl-a35962c9-a2fc-4df3-96cb-042236c47d51/datanode-2/data-0/containers/hdds/a35962c9-a2fc-4df3-96cb-042236c47d51/DS-c8772868-4d3b-46ef-ac63-1237d033de1f/container.db from cache
2023-09-07 04:53:16,321 [main] INFO  volume.HddsVolume (HddsVolume.java:closeDbStore(453)) - SchemaV3 db is stopped at /home/runner/work/ozone/ozone/hadoop-ozone/integration-test/target/test-dir/MiniOzoneClusterImpl-a35962c9-a2fc-4df3-96cb-042236c47d51/datanode-2/data-0/containers/hdds/a35962c9-a2fc-4df3-96cb-042236c47d51/DS-c8772868-4d3b-46ef-ac63-1237d033de1f/container.db for volume DS-c8772868-4d3b-46ef-ac63-1237d033de1f
2023-09-07 04:53:16,322 [main] INFO  utils.BackgroundService (BackgroundService.java:shutdown(141)) - Shutting down service BlockDeletingService
2023-09-07 04:53:16,324 [main] INFO  utils.BackgroundService (BackgroundService.java:shutdown(141)) - Shutting down service StaleRecoveringContainerScrubbingService
2023-09-07 04:53:16,325 [main] INFO  statemachine.DatanodeStateMachine (DatanodeStateMachine.java:stopDaemon(620)) - Ozone container server stopped.
2023-09-07 04:53:16,335 [ForkJoinPool.commonPool-worker-2] INFO  utils.DatanodeStoreCache (DatanodeStoreCache.java:shutdownCache(110)) - Skip clearing cache in mini cluster mode. Entries left: [/home/runner/work/ozone/ozone/hadoop-ozone/integration-test/target/test-dir/MiniOzoneClusterImpl-a35962c9-a2fc-4df3-96cb-042236c47d51/datanode-0/data-0/containers/hdds/a35962c9-a2fc-4df3-96cb-042236c47d51/DS-e879192f-e4de-4cd7-a805-860a157cd56f/container.db, /home/runner/work/ozone/ozone/hadoop-ozone/integration-test/target/test-dir/MiniOzoneClusterImpl-a35962c9-a2fc-4df3-96cb-042236c47d51/datanode-1/data-0/containers/hdds/a35962c9-a2fc-4df3-96cb-042236c47d51/DS-2850ff73-491e-4389-a82f-ddb0769c295d/container.db, /home/runner/work/ozone/ozone/hadoop-ozone/integration-test/target/test-dir/MiniOzoneClusterImpl-a35962c9-a2fc-4df3-96cb-042236c47d51/datanode-3/data-0/containers/hdds/a35962c9-a2fc-4df3-96cb-042236c47d51/DS-7913ff87-7ef5-4eae-8773-f049a2ee848e/container.db, /home/runner/work/ozone/ozone/hadoop-ozone/integration-test/target/test-dir/MiniOzoneClusterImpl-a35962c9-a2fc-4df3-96cb-042236c47d51/datanode-4/data-0/containers/hdds/a35962c9-a2fc-4df3-96cb-042236c47d51/DS-df9f1590-547f-4071-8bef-4ab55ef237fe/container.db]
2023-09-07 04:53:16,345 [ForkJoinPool.commonPool-worker-2] INFO  utils.DatanodeStoreCache (DatanodeStoreCache.java:removeDB(104)) - Removed db /home/runner/work/ozone/ozone/hadoop-ozone/integration-test/target/test-dir/MiniOzoneClusterImpl-a35962c9-a2fc-4df3-96cb-042236c47d51/datanode-1/data-0/containers/hdds/a35962c9-a2fc-4df3-96cb-042236c47d51/DS-2850ff73-491e-4389-a82f-ddb0769c295d/container.db from cache
2023-09-07 04:53:16,345 [ForkJoinPool.commonPool-worker-2] INFO  volume.HddsVolume (HddsVolume.java:closeDbStore(453)) - SchemaV3 db is stopped at /home/runner/work/ozone/ozone/hadoop-ozone/integration-test/target/test-dir/MiniOzoneClusterImpl-a35962c9-a2fc-4df3-96cb-042236c47d51/datanode-1/data-0/containers/hdds/a35962c9-a2fc-4df3-96cb-042236c47d51/DS-2850ff73-491e-4389-a82f-ddb0769c295d/container.db for volume DS-2850ff73-491e-4389-a82f-ddb0769c295d
2023-09-07 04:53:16,346 [ForkJoinPool.commonPool-worker-2] INFO  utils.BackgroundService (BackgroundService.java:shutdown(141)) - Shutting down service BlockDeletingService
2023-09-07 04:53:16,347 [ForkJoinPool.commonPool-worker-2] INFO  utils.BackgroundService (BackgroundService.java:shutdown(141)) - Shutting down service StaleRecoveringContainerScrubbingService
2023-09-07 04:53:16,347 [ForkJoinPool.commonPool-worker-2] INFO  statemachine.DatanodeStateMachine (DatanodeStateMachine.java:stopDaemon(620)) - Ozone container server stopped.
2023-09-07 04:53:16,353 [main] INFO  handler.ContextHandler (ContextHandler.java:doStop(1159)) - Stopped o.e.j.w.WebAppContext@51743658{hddsDatanode,/,null,STOPPED}{jar:file:/home/runner/.m2/repository/org/apache/ozone/hdds-container-service/1.4.0-SNAPSHOT/hdds-container-service-1.4.0-SNAPSHOT.jar!/webapps/hddsDatanode}
2023-09-07 04:53:16,353 [main] INFO  server.AbstractConnector (AbstractConnector.java:doStop(383)) - Stopped ServerConnector@5b6ac24b{HTTP/1.1, (http/1.1)}{0.0.0.0:15133}
2023-09-07 04:53:16,354 [main] INFO  server.session (HouseKeeper.java:stopScavenging(149)) - node0 Stopped scavenging
2023-09-07 04:53:16,354 [main] INFO  handler.ContextHandler (ContextHandler.java:doStop(1159)) - Stopped o.e.j.s.ServletContextHandler@4bc502be{static,/static,jar:file:/home/runner/.m2/repository/org/apache/ozone/hdds-container-service/1.4.0-SNAPSHOT/hdds-container-service-1.4.0-SNAPSHOT.jar!/webapps/static,STOPPED}
2023-09-07 04:53:16,354 [main] INFO  handler.ContextHandler (ContextHandler.java:doStop(1159)) - Stopped o.e.j.s.ServletContextHandler@1d3a324c{logs,/logs,file:///home/runner/work/ozone/ozone/hadoop-ozone/integration-test/target/log,STOPPED}
2023-09-07 04:53:16,362 [main] INFO  ozone.HddsDatanodeClientProtocolServer (HddsDatanodeClientProtocolServer.java:stop(78)) - Stopping the RPC server for Client Protocol
2023-09-07 04:53:16,362 [main] INFO  ipc.Server (Server.java:stop(3523)) - Stopping server on 15134
2023-09-07 04:53:16,363 [IPC Server listener on 15134] INFO  ipc.Server (Server.java:run(1434)) - Stopping IPC Server listener on 15134
2023-09-07 04:53:16,371 [IPC Server Responder] INFO  ipc.Server (Server.java:run(1567)) - Stopping IPC Server Responder
2023-09-07 04:53:16,382 [ForkJoinPool.commonPool-worker-2] INFO  handler.ContextHandler (ContextHandler.java:doStop(1159)) - Stopped o.e.j.w.WebAppContext@19a6ffe1{hddsDatanode,/,null,STOPPED}{jar:file:/home/runner/.m2/repository/org/apache/ozone/hdds-container-service/1.4.0-SNAPSHOT/hdds-container-service-1.4.0-SNAPSHOT.jar!/webapps/hddsDatanode}
2023-09-07 04:53:16,383 [ForkJoinPool.commonPool-worker-2] INFO  server.AbstractConnector (AbstractConnector.java:doStop(383)) - Stopped ServerConnector@40af423a{HTTP/1.1, (http/1.1)}{0.0.0.0:15124}
2023-09-07 04:53:16,383 [ForkJoinPool.commonPool-worker-2] INFO  server.session (HouseKeeper.java:stopScavenging(149)) - node0 Stopped scavenging
2023-09-07 04:53:16,384 [ForkJoinPool.commonPool-worker-2] INFO  handler.ContextHandler (ContextHandler.java:doStop(1159)) - Stopped o.e.j.s.ServletContextHandler@64c46da9{static,/static,jar:file:/home/runner/.m2/repository/org/apache/ozone/hdds-container-service/1.4.0-SNAPSHOT/hdds-container-service-1.4.0-SNAPSHOT.jar!/webapps/static,STOPPED}
2023-09-07 04:53:16,385 [ForkJoinPool.commonPool-worker-2] INFO  handler.ContextHandler (ContextHandler.java:doStop(1159)) - Stopped o.e.j.s.ServletContextHandler@6f6e50ce{logs,/logs,file:///home/runner/work/ozone/ozone/hadoop-ozone/integration-test/target/log,STOPPED}
2023-09-07 04:53:16,387 [ForkJoinPool.commonPool-worker-2] INFO  ozone.HddsDatanodeClientProtocolServer (HddsDatanodeClientProtocolServer.java:stop(78)) - Stopping the RPC server for Client Protocol
2023-09-07 04:53:16,387 [ForkJoinPool.commonPool-worker-2] INFO  ipc.Server (Server.java:stop(3523)) - Stopping server on 15125
2023-09-07 04:53:16,388 [IPC Server listener on 15125] INFO  ipc.Server (Server.java:run(1434)) - Stopping IPC Server listener on 15125
2023-09-07 04:53:16,388 [IPC Server Responder] INFO  ipc.Server (Server.java:run(1567)) - Stopping IPC Server Responder
2023-09-07 04:53:16,586 [ForkJoinPool.commonPool-worker-3] INFO  utils.DatanodeStoreCache (DatanodeStoreCache.java:shutdownCache(110)) - Skip clearing cache in mini cluster mode. Entries left: [/home/runner/work/ozone/ozone/hadoop-ozone/integration-test/target/test-dir/MiniOzoneClusterImpl-a35962c9-a2fc-4df3-96cb-042236c47d51/datanode-0/data-0/containers/hdds/a35962c9-a2fc-4df3-96cb-042236c47d51/DS-e879192f-e4de-4cd7-a805-860a157cd56f/container.db, /home/runner/work/ozone/ozone/hadoop-ozone/integration-test/target/test-dir/MiniOzoneClusterImpl-a35962c9-a2fc-4df3-96cb-042236c47d51/datanode-3/data-0/containers/hdds/a35962c9-a2fc-4df3-96cb-042236c47d51/DS-7913ff87-7ef5-4eae-8773-f049a2ee848e/container.db, /home/runner/work/ozone/ozone/hadoop-ozone/integration-test/target/test-dir/MiniOzoneClusterImpl-a35962c9-a2fc-4df3-96cb-042236c47d51/datanode-4/data-0/containers/hdds/a35962c9-a2fc-4df3-96cb-042236c47d51/DS-df9f1590-547f-4071-8bef-4ab55ef237fe/container.db]
2023-09-07 04:53:16,590 [ForkJoinPool.commonPool-worker-1] INFO  utils.DatanodeStoreCache (DatanodeStoreCache.java:shutdownCache(110)) - Skip clearing cache in mini cluster mode. Entries left: [/home/runner/work/ozone/ozone/hadoop-ozone/integration-test/target/test-dir/MiniOzoneClusterImpl-a35962c9-a2fc-4df3-96cb-042236c47d51/datanode-0/data-0/containers/hdds/a35962c9-a2fc-4df3-96cb-042236c47d51/DS-e879192f-e4de-4cd7-a805-860a157cd56f/container.db, /home/runner/work/ozone/ozone/hadoop-ozone/integration-test/target/test-dir/MiniOzoneClusterImpl-a35962c9-a2fc-4df3-96cb-042236c47d51/datanode-3/data-0/containers/hdds/a35962c9-a2fc-4df3-96cb-042236c47d51/DS-7913ff87-7ef5-4eae-8773-f049a2ee848e/container.db, /home/runner/work/ozone/ozone/hadoop-ozone/integration-test/target/test-dir/MiniOzoneClusterImpl-a35962c9-a2fc-4df3-96cb-042236c47d51/datanode-4/data-0/containers/hdds/a35962c9-a2fc-4df3-96cb-042236c47d51/DS-df9f1590-547f-4071-8bef-4ab55ef237fe/container.db]
2023-09-07 04:53:16,597 [ForkJoinPool.commonPool-worker-3] INFO  utils.DatanodeStoreCache (DatanodeStoreCache.java:removeDB(104)) - Removed db /home/runner/work/ozone/ozone/hadoop-ozone/integration-test/target/test-dir/MiniOzoneClusterImpl-a35962c9-a2fc-4df3-96cb-042236c47d51/datanode-0/data-0/containers/hdds/a35962c9-a2fc-4df3-96cb-042236c47d51/DS-e879192f-e4de-4cd7-a805-860a157cd56f/container.db from cache
2023-09-07 04:53:16,597 [ForkJoinPool.commonPool-worker-0] INFO  utils.DatanodeStoreCache (DatanodeStoreCache.java:shutdownCache(110)) - Skip clearing cache in mini cluster mode. Entries left: [/home/runner/work/ozone/ozone/hadoop-ozone/integration-test/target/test-dir/MiniOzoneClusterImpl-a35962c9-a2fc-4df3-96cb-042236c47d51/datanode-4/data-0/containers/hdds/a35962c9-a2fc-4df3-96cb-042236c47d51/DS-df9f1590-547f-4071-8bef-4ab55ef237fe/container.db]
2023-09-07 04:53:16,597 [ForkJoinPool.commonPool-worker-3] INFO  volume.HddsVolume (HddsVolume.java:closeDbStore(453)) - SchemaV3 db is stopped at /home/runner/work/ozone/ozone/hadoop-ozone/integration-test/target/test-dir/MiniOzoneClusterImpl-a35962c9-a2fc-4df3-96cb-042236c47d51/datanode-0/data-0/containers/hdds/a35962c9-a2fc-4df3-96cb-042236c47d51/DS-e879192f-e4de-4cd7-a805-860a157cd56f/container.db for volume DS-e879192f-e4de-4cd7-a805-860a157cd56f
2023-09-07 04:53:16,599 [ForkJoinPool.commonPool-worker-0] INFO  utils.DatanodeStoreCache (DatanodeStoreCache.java:removeDB(104)) - Removed db /home/runner/work/ozone/ozone/hadoop-ozone/integration-test/target/test-dir/MiniOzoneClusterImpl-a35962c9-a2fc-4df3-96cb-042236c47d51/datanode-4/data-0/containers/hdds/a35962c9-a2fc-4df3-96cb-042236c47d51/DS-df9f1590-547f-4071-8bef-4ab55ef237fe/container.db from cache
2023-09-07 04:53:16,600 [ForkJoinPool.commonPool-worker-0] INFO  volume.HddsVolume (HddsVolume.java:closeDbStore(453)) - SchemaV3 db is stopped at /home/runner/work/ozone/ozone/hadoop-ozone/integration-test/target/test-dir/MiniOzoneClusterImpl-a35962c9-a2fc-4df3-96cb-042236c47d51/datanode-4/data-0/containers/hdds/a35962c9-a2fc-4df3-96cb-042236c47d51/DS-df9f1590-547f-4071-8bef-4ab55ef237fe/container.db for volume DS-df9f1590-547f-4071-8bef-4ab55ef237fe
2023-09-07 04:53:16,600 [ForkJoinPool.commonPool-worker-0] INFO  utils.BackgroundService (BackgroundService.java:shutdown(141)) - Shutting down service BlockDeletingService
2023-09-07 04:53:16,600 [ForkJoinPool.commonPool-worker-1] INFO  utils.DatanodeStoreCache (DatanodeStoreCache.java:removeDB(104)) - Removed db /home/runner/work/ozone/ozone/hadoop-ozone/integration-test/target/test-dir/MiniOzoneClusterImpl-a35962c9-a2fc-4df3-96cb-042236c47d51/datanode-3/data-0/containers/hdds/a35962c9-a2fc-4df3-96cb-042236c47d51/DS-7913ff87-7ef5-4eae-8773-f049a2ee848e/container.db from cache
2023-09-07 04:53:16,600 [ForkJoinPool.commonPool-worker-1] INFO  volume.HddsVolume (HddsVolume.java:closeDbStore(453)) - SchemaV3 db is stopped at /home/runner/work/ozone/ozone/hadoop-ozone/integration-test/target/test-dir/MiniOzoneClusterImpl-a35962c9-a2fc-4df3-96cb-042236c47d51/datanode-3/data-0/containers/hdds/a35962c9-a2fc-4df3-96cb-042236c47d51/DS-7913ff87-7ef5-4eae-8773-f049a2ee848e/container.db for volume DS-7913ff87-7ef5-4eae-8773-f049a2ee848e
2023-09-07 04:53:16,600 [ForkJoinPool.commonPool-worker-1] INFO  utils.BackgroundService (BackgroundService.java:shutdown(141)) - Shutting down service BlockDeletingService
2023-09-07 04:53:16,601 [ForkJoinPool.commonPool-worker-3] INFO  utils.BackgroundService (BackgroundService.java:shutdown(141)) - Shutting down service BlockDeletingService
2023-09-07 04:53:16,601 [ForkJoinPool.commonPool-worker-0] INFO  utils.BackgroundService (BackgroundService.java:shutdown(141)) - Shutting down service StaleRecoveringContainerScrubbingService
2023-09-07 04:53:16,601 [ForkJoinPool.commonPool-worker-1] INFO  utils.BackgroundService (BackgroundService.java:shutdown(141)) - Shutting down service StaleRecoveringContainerScrubbingService
2023-09-07 04:53:16,602 [ForkJoinPool.commonPool-worker-3] INFO  utils.BackgroundService (BackgroundService.java:shutdown(141)) - Shutting down service StaleRecoveringContainerScrubbingService
2023-09-07 04:53:16,603 [ForkJoinPool.commonPool-worker-3] INFO  statemachine.DatanodeStateMachine (DatanodeStateMachine.java:stopDaemon(620)) - Ozone container server stopped.
2023-09-07 04:53:16,603 [ForkJoinPool.commonPool-worker-1] INFO  statemachine.DatanodeStateMachine (DatanodeStateMachine.java:stopDaemon(620)) - Ozone container server stopped.
2023-09-07 04:53:16,607 [ForkJoinPool.commonPool-worker-0] INFO  statemachine.DatanodeStateMachine (DatanodeStateMachine.java:stopDaemon(620)) - Ozone container server stopped.
2023-09-07 04:53:16,627 [ForkJoinPool.commonPool-worker-3] INFO  handler.ContextHandler (ContextHandler.java:doStop(1159)) - Stopped o.e.j.w.WebAppContext@2bcc8ccd{hddsDatanode,/,null,STOPPED}{jar:file:/home/runner/.m2/repository/org/apache/ozone/hdds-container-service/1.4.0-SNAPSHOT/hdds-container-service-1.4.0-SNAPSHOT.jar!/webapps/hddsDatanode}
2023-09-07 04:53:16,629 [ForkJoinPool.commonPool-worker-3] INFO  server.AbstractConnector (AbstractConnector.java:doStop(383)) - Stopped ServerConnector@210e8f91{HTTP/1.1, (http/1.1)}{0.0.0.0:15115}
2023-09-07 04:53:16,629 [ForkJoinPool.commonPool-worker-3] INFO  server.session (HouseKeeper.java:stopScavenging(149)) - node0 Stopped scavenging
2023-09-07 04:53:16,635 [ForkJoinPool.commonPool-worker-3] INFO  handler.ContextHandler (ContextHandler.java:doStop(1159)) - Stopped o.e.j.s.ServletContextHandler@3628eef9{static,/static,jar:file:/home/runner/.m2/repository/org/apache/ozone/hdds-container-service/1.4.0-SNAPSHOT/hdds-container-service-1.4.0-SNAPSHOT.jar!/webapps/static,STOPPED}
2023-09-07 04:53:16,636 [ForkJoinPool.commonPool-worker-3] INFO  handler.ContextHandler (ContextHandler.java:doStop(1159)) - Stopped o.e.j.s.ServletContextHandler@3a7cffa5{logs,/logs,file:///home/runner/work/ozone/ozone/hadoop-ozone/integration-test/target/log,STOPPED}
2023-09-07 04:53:16,637 [ForkJoinPool.commonPool-worker-3] INFO  ozone.HddsDatanodeClientProtocolServer (HddsDatanodeClientProtocolServer.java:stop(78)) - Stopping the RPC server for Client Protocol
2023-09-07 04:53:16,637 [ForkJoinPool.commonPool-worker-3] INFO  ipc.Server (Server.java:stop(3523)) - Stopping server on 15116
2023-09-07 04:53:16,638 [IPC Server listener on 15116] INFO  ipc.Server (Server.java:run(1434)) - Stopping IPC Server listener on 15116
2023-09-07 04:53:16,644 [IPC Server Responder] INFO  ipc.Server (Server.java:run(1567)) - Stopping IPC Server Responder
2023-09-07 04:53:16,650 [ForkJoinPool.commonPool-worker-1] INFO  handler.ContextHandler (ContextHandler.java:doStop(1159)) - Stopped o.e.j.w.WebAppContext@23000845{hddsDatanode,/,null,STOPPED}{jar:file:/home/runner/.m2/repository/org/apache/ozone/hdds-container-service/1.4.0-SNAPSHOT/hdds-container-service-1.4.0-SNAPSHOT.jar!/webapps/hddsDatanode}
2023-09-07 04:53:16,651 [ForkJoinPool.commonPool-worker-1] INFO  server.AbstractConnector (AbstractConnector.java:doStop(383)) - Stopped ServerConnector@27de2eda{HTTP/1.1, (http/1.1)}{0.0.0.0:15142}
2023-09-07 04:53:16,651 [ForkJoinPool.commonPool-worker-1] INFO  server.session (HouseKeeper.java:stopScavenging(149)) - node0 Stopped scavenging
2023-09-07 04:53:16,654 [ForkJoinPool.commonPool-worker-1] INFO  handler.ContextHandler (ContextHandler.java:doStop(1159)) - Stopped o.e.j.s.ServletContextHandler@4e1205b2{static,/static,jar:file:/home/runner/.m2/repository/org/apache/ozone/hdds-container-service/1.4.0-SNAPSHOT/hdds-container-service-1.4.0-SNAPSHOT.jar!/webapps/static,STOPPED}
2023-09-07 04:53:16,654 [ForkJoinPool.commonPool-worker-1] INFO  handler.ContextHandler (ContextHandler.java:doStop(1159)) - Stopped o.e.j.s.ServletContextHandler@1c4ec15f{logs,/logs,file:///home/runner/work/ozone/ozone/hadoop-ozone/integration-test/target/log,STOPPED}
2023-09-07 04:53:16,654 [ForkJoinPool.commonPool-worker-0] INFO  handler.ContextHandler (ContextHandler.java:doStop(1159)) - Stopped o.e.j.w.WebAppContext@1f422c86{hddsDatanode,/,null,STOPPED}{jar:file:/home/runner/.m2/repository/org/apache/ozone/hdds-container-service/1.4.0-SNAPSHOT/hdds-container-service-1.4.0-SNAPSHOT.jar!/webapps/hddsDatanode}
2023-09-07 04:53:16,655 [ForkJoinPool.commonPool-worker-1] INFO  ozone.HddsDatanodeClientProtocolServer (HddsDatanodeClientProtocolServer.java:stop(78)) - Stopping the RPC server for Client Protocol
2023-09-07 04:53:16,655 [ForkJoinPool.commonPool-worker-1] INFO  ipc.Server (Server.java:stop(3523)) - Stopping server on 15143
2023-09-07 04:53:16,655 [ForkJoinPool.commonPool-worker-0] INFO  server.AbstractConnector (AbstractConnector.java:doStop(383)) - Stopped ServerConnector@3fa5f43a{HTTP/1.1, (http/1.1)}{0.0.0.0:15151}
2023-09-07 04:53:16,656 [ForkJoinPool.commonPool-worker-0] INFO  server.session (HouseKeeper.java:stopScavenging(149)) - node0 Stopped scavenging
2023-09-07 04:53:16,656 [IPC Server listener on 15143] INFO  ipc.Server (Server.java:run(1434)) - Stopping IPC Server listener on 15143
2023-09-07 04:53:16,658 [ForkJoinPool.commonPool-worker-0] INFO  handler.ContextHandler (ContextHandler.java:doStop(1159)) - Stopped o.e.j.s.ServletContextHandler@4468880e{static,/static,jar:file:/home/runner/.m2/repository/org/apache/ozone/hdds-container-service/1.4.0-SNAPSHOT/hdds-container-service-1.4.0-SNAPSHOT.jar!/webapps/static,STOPPED}
2023-09-07 04:53:16,659 [IPC Server Responder] INFO  ipc.Server (Server.java:run(1567)) - Stopping IPC Server Responder
2023-09-07 04:53:16,662 [ForkJoinPool.commonPool-worker-0] INFO  handler.ContextHandler (ContextHandler.java:doStop(1159)) - Stopped o.e.j.s.ServletContextHandler@513028e3{logs,/logs,file:///home/runner/work/ozone/ozone/hadoop-ozone/integration-test/target/log,STOPPED}
2023-09-07 04:53:16,663 [ForkJoinPool.commonPool-worker-0] INFO  ozone.HddsDatanodeClientProtocolServer (HddsDatanodeClientProtocolServer.java:stop(78)) - Stopping the RPC server for Client Protocol
2023-09-07 04:53:16,663 [ForkJoinPool.commonPool-worker-0] INFO  ipc.Server (Server.java:stop(3523)) - Stopping server on 15152
2023-09-07 04:53:16,664 [IPC Server listener on 15152] INFO  ipc.Server (Server.java:run(1434)) - Stopping IPC Server listener on 15152
2023-09-07 04:53:16,664 [IPC Server Responder] INFO  ipc.Server (Server.java:run(1567)) - Stopping IPC Server Responder
2023-09-07 04:53:16,665 [main] INFO  ozone.MiniOzoneClusterImpl (MiniOzoneClusterImpl.java:stopSCM(543)) - Stopping the StorageContainerManager
2023-09-07 04:53:16,666 [main] INFO  server.StorageContainerManager (StorageContainerManager.java:stop(1591)) - Container Balancer is not running.
2023-09-07 04:53:16,666 [main] INFO  server.StorageContainerManager (StorageContainerManager.java:stopReplicationManager(1724)) - Stopping Replication Manager Service.
2023-09-07 04:53:16,666 [main] INFO  replication.ReplicationManager (ReplicationManager.java:stop(323)) - Stopping Replication Monitor Thread.
2023-09-07 04:53:16,666 [main] INFO  server.StorageContainerManager (StorageContainerManager.java:stop(1600)) - Stopping the Datanode Admin Monitor.
2023-09-07 04:53:16,666 [ReplicationMonitor] INFO  replication.ReplicationManager (ReplicationManager.java:run(921)) - Replication Monitor Thread is stopped
2023-09-07 04:53:16,666 [main] INFO  server.StorageContainerManager (StorageContainerManager.java:stop(1607)) - Stopping datanode service RPC server
2023-09-07 04:53:16,666 [main] INFO  server.SCMDatanodeProtocolServer (SCMDatanodeProtocolServer.java:stop(424)) - Stopping the RPC server for DataNodes
2023-09-07 04:53:16,667 [main] INFO  ipc.Server (Server.java:stop(3523)) - Stopping server on 15108
2023-09-07 04:53:16,666 [Over Replicated Processor] WARN  replication.UnhealthyReplicationProcessor (UnhealthyReplicationProcessor.java:run(180)) - Over Replicated Processor interrupted. Exiting...
2023-09-07 04:53:16,667 [Under Replicated Processor] WARN  replication.UnhealthyReplicationProcessor (UnhealthyReplicationProcessor.java:run(180)) - Under Replicated Processor interrupted. Exiting...
2023-09-07 04:53:16,673 [IPC Server listener on 15108] INFO  ipc.Server (Server.java:run(1434)) - Stopping IPC Server listener on 15108
2023-09-07 04:53:16,674 [IPC Server Responder] INFO  ipc.Server (Server.java:run(1567)) - Stopping IPC Server Responder
2023-09-07 04:53:16,724 [SCM Heartbeat Processing Thread - 0] WARN  node.NodeStateManager (NodeStateManager.java:scheduleNextHealthCheck(874)) - Current Thread is interrupted, shutting down HB processing thread for Node Manager.
2023-09-07 04:53:16,724 [main] INFO  server.StorageContainerManager (StorageContainerManager.java:stop(1615)) - Stopping block service RPC server
2023-09-07 04:53:16,724 [main] INFO  server.SCMBlockProtocolServer (SCMBlockProtocolServer.java:stop(161)) - Stopping the RPC server for Block Protocol
2023-09-07 04:53:16,725 [main] INFO  ipc.Server (Server.java:stop(3523)) - Stopping server on 15107
2023-09-07 04:53:16,726 [IPC Server listener on 15107] INFO  ipc.Server (Server.java:run(1434)) - Stopping IPC Server listener on 15107
2023-09-07 04:53:16,728 [IPC Server Responder] INFO  ipc.Server (Server.java:run(1567)) - Stopping IPC Server Responder
2023-09-07 04:53:16,729 [main] INFO  server.StorageContainerManager (StorageContainerManager.java:stop(1622)) - Stopping the StorageContainerLocationProtocol RPC server
2023-09-07 04:53:16,729 [main] INFO  server.SCMClientProtocolServer (SCMClientProtocolServer.java:stop(210)) - Stopping the RPC server for Client Protocol
2023-09-07 04:53:16,729 [main] INFO  ipc.Server (Server.java:stop(3523)) - Stopping server on 15106
2023-09-07 04:53:16,731 [IPC Server listener on 15106] INFO  ipc.Server (Server.java:run(1434)) - Stopping IPC Server listener on 15106
2023-09-07 04:53:16,733 [IPC Server Responder] INFO  ipc.Server (Server.java:run(1567)) - Stopping IPC Server Responder
2023-09-07 04:53:16,733 [main] INFO  server.StorageContainerManager (StorageContainerManager.java:stop(1629)) - Stopping Storage Container Manager HTTP server.
2023-09-07 04:53:16,734 [main] INFO  handler.ContextHandler (ContextHandler.java:doStop(1159)) - Stopped o.e.j.w.WebAppContext@41643fec{scm,/,null,STOPPED}{file:/home/runner/work/ozone/ozone/hadoop-ozone/integration-test/target/test-classes/webapps/scm}
2023-09-07 04:53:16,735 [main] INFO  server.AbstractConnector (AbstractConnector.java:doStop(383)) - Stopped ServerConnector@436528c3{HTTP/1.1, (http/1.1)}{0.0.0.0:15109}
2023-09-07 04:53:16,735 [main] INFO  server.session (HouseKeeper.java:stopScavenging(149)) - node0 Stopped scavenging
2023-09-07 04:53:16,735 [main] INFO  handler.ContextHandler (ContextHandler.java:doStop(1159)) - Stopped o.e.j.s.ServletContextHandler@6c442983{static,/static,file:///home/runner/work/ozone/ozone/hadoop-ozone/integration-test/target/test-classes/webapps/static,STOPPED}
2023-09-07 04:53:16,736 [main] INFO  handler.ContextHandler (ContextHandler.java:doStop(1159)) - Stopped o.e.j.s.ServletContextHandler@148ee7e0{logs,/logs,file:///home/runner/work/ozone/ozone/hadoop-ozone/integration-test/target/log,STOPPED}
2023-09-07 04:53:16,737 [main] INFO  server.StorageContainerManager (StorageContainerManager.java:stop(1637)) - Stopping SCM LayoutVersionManager Service.
2023-09-07 04:53:16,737 [main] INFO  server.StorageContainerManager (StorageContainerManager.java:stop(1649)) - Stopping Block Manager Service.
2023-09-07 04:53:16,737 [main] INFO  utils.BackgroundService (BackgroundService.java:shutdown(141)) - Shutting down service SCMBlockDeletingService
2023-09-07 04:53:16,737 [main] INFO  utils.BackgroundService (BackgroundService.java:shutdown(141)) - Shutting down service SCMBlockDeletingService
2023-09-07 04:53:16,738 [main] INFO  server.StorageContainerManager (StorageContainerManager.java:stop(1669)) - Stopping SCM Event Queue.
2023-09-07 04:53:16,739 [JvmPauseMonitor14] INFO  util.JvmPauseMonitor (JvmPauseMonitor.java:run(109)) - JvmPauseMonitor-c34deceb-6ede-433a-a192-3443b02db3d6: Stopped
2023-09-07 04:53:16,739 [main] INFO  server.StorageContainerManager (StorageContainerManager.java:stop(1680)) - Stopping SCM HA services.
2023-09-07 04:53:16,740 [main] INFO  pipeline.BackgroundPipelineCreator (BackgroundPipelineCreator.java:stop(149)) - Stopping RatisPipelineUtilsThread.
2023-09-07 04:53:16,740 [RatisPipelineUtilsThread - 0] WARN  pipeline.BackgroundPipelineCreator (BackgroundPipelineCreator.java:run(180)) - RatisPipelineUtilsThread is interrupted.
2023-09-07 04:53:16,740 [main] INFO  BackgroundPipelineScrubber (BackgroundSCMService.java:stop(131)) - Stopping BackgroundPipelineScrubber Service.
2023-09-07 04:53:16,740 [BackgroundPipelineScrubberThread] WARN  BackgroundPipelineScrubber (BackgroundSCMService.java:run(115)) - BackgroundPipelineScrubber is interrupted, exit
2023-09-07 04:53:16,740 [main] INFO  impl.MetricsSystemImpl (MetricsSystemImpl.java:stop(210)) - Stopping HddsDatanode metrics system...
2023-09-07 04:53:16,742 [prometheus] INFO  impl.MetricsSinkAdapter (MetricsSinkAdapter.java:publishMetricsFromQueue(141)) - prometheus thread interrupted.
2023-09-07 04:53:16,743 [main] INFO  impl.MetricsSystemImpl (MetricsSystemImpl.java:stop(216)) - HddsDatanode metrics system stopped.
2023-09-07 04:53:16,743 [main] WARN  pipeline.BackgroundPipelineCreator (BackgroundPipelineCreator.java:stop(145)) - RatisPipelineUtilsThread is not running, just ignore.
2023-09-07 04:53:16,743 [main] INFO  BackgroundPipelineScrubber (BackgroundSCMService.java:stop(126)) - BackgroundPipelineScrubber Service is not running, skip stop.
2023-09-07 04:53:16,744 [ExpiredContainerReplicaOpScrubberThread] WARN  ExpiredContainerReplicaOpScrubber (BackgroundSCMService.java:run(115)) - ExpiredContainerReplicaOpScrubber is interrupted, exit
2023-09-07 04:53:16,744 [main] INFO  ExpiredContainerReplicaOpScrubber (BackgroundSCMService.java:stop(131)) - Stopping ExpiredContainerReplicaOpScrubber Service.
2023-09-07 04:53:16,744 [main] INFO  utils.BackgroundService (BackgroundService.java:shutdown(141)) - Shutting down service SCMBlockDeletingService
2023-09-07 04:53:16,744 [main] INFO  replication.ReplicationManager (ReplicationManager.java:stop(333)) - Replication Monitor Thread is not running.
2023-09-07 04:53:16,744 [main] WARN  balancer.ContainerBalancer (ContainerBalancer.java:stop(326)) - Cannot stop Container Balancer because it's not running or stopping
2023-09-07 04:53:16,744 [main] INFO  server.StorageContainerManager (StorageContainerManager.java:stop(1715)) - Stopping SCM MetadataStore.
2023-09-07 04:53:16,820 [main] WARN  server.ServerUtils (ServerUtils.java:getScmDbDir(155)) - ozone.scm.db.dirs is not configured. We recommend adding this setting. Falling back to ozone.metadata.dirs instead.
2023-09-07 04:53:16,825 [main] WARN  server.ServerUtils (ServerUtils.java:getScmDbDir(155)) - ozone.scm.db.dirs is not configured. We recommend adding this setting. Falling back to ozone.metadata.dirs instead.
2023-09-07 04:53:16,826 [main] INFO  ha.SCMHANodeDetails (SCMHANodeDetails.java:loadSCMHAConfig(210)) - ServiceID for StorageContainerManager is null
2023-09-07 04:53:16,826 [main] INFO  ha.SCMHANodeDetails (SCMHANodeDetails.java:loadSCMHAConfig(215)) - ozone.scm.default.service.id is not defined, falling back to ozone.scm.service.ids to find serviceID for StorageContainerManager if it is HA enabled cluster
2023-09-07 04:53:16,826 [main] WARN  utils.HAUtils (HAUtils.java:getMetaDir(339)) - ozone.scm.db.dirs is not configured. We recommend adding this setting. Falling back to ozone.metadata.dirs instead.
2023-09-07 04:53:16,827 [main] WARN  db.DBStoreBuilder (DBStoreBuilder.java:applyDBDefinition(166)) - ozone.scm.db.dirs is not configured. We recommend adding this setting. Falling back to ozone.metadata.dirs instead.
2023-09-07 04:53:16,994 [main] INFO  net.NodeSchemaLoader (NodeSchemaLoader.java:loadSchemaFromFile(129)) - Loading schema from [jar:file:/home/runner/.m2/repository/org/apache/ozone/hdds-common/1.4.0-SNAPSHOT/hdds-common-1.4.0-SNAPSHOT.jar!/network-topology-default.xml]
2023-09-07 04:53:16,995 [main] INFO  net.NodeSchemaLoader (NodeSchemaLoader.java:loadSchema(176)) - Loading network topology layer schema file
2023-09-07 04:53:16,999 [main] INFO  upgrade.AbstractLayoutVersionManager (AbstractLayoutVersionManager.java:init(83)) - Initializing Layout version manager with metadata layout = HADOOP_PRC_PORTS_IN_DATANODEDETAILS (version = 7), software layout = HADOOP_PRC_PORTS_IN_DATANODEDETAILS (version = 7)
2023-09-07 04:53:17,000 [main] INFO  ha.SequenceIdGenerator (SequenceIdGenerator.java:upgradeToSequenceId(365)) - upgrade localId to 111677748019200000
2023-09-07 04:53:17,001 [main] INFO  ha.SequenceIdGenerator (SequenceIdGenerator.java:upgradeToSequenceId(375)) - upgrade delTxnId to 0
2023-09-07 04:53:17,002 [main] INFO  ha.SequenceIdGenerator (SequenceIdGenerator.java:upgradeToSequenceId(392)) - upgrade containerId to 0
2023-09-07 04:53:17,095 [main] INFO  ha.SequenceIdGenerator (SequenceIdGenerator.java:upgradeToSequenceId(428)) - upgrade rootCertificateId to 1
2023-09-07 04:53:17,095 [main] INFO  ha.SequenceIdGenerator (SequenceIdGenerator.java:<init>(236)) - Init the HA SequenceIdGenerator.
2023-09-07 04:53:17,095 [main] WARN  server.ServerUtils (ServerUtils.java:sanitizeUserArgs(80)) - ozone.scm.stale.node.interval value = 300000 is larger than max = 100000 based on the key value of ozone.scm.heartbeat.thread.interval, reset to the max value 100000.
2023-09-07 04:53:17,095 [main] WARN  server.ServerUtils (ServerUtils.java:sanitizeUserArgs(80)) - ozone.scm.stale.node.interval value = 300000 is larger than max = 100000 based on the key value of ozone.scm.heartbeat.thread.interval, reset to the max value 100000.
2023-09-07 04:53:17,096 [main] INFO  node.SCMNodeManager (SCMNodeManager.java:<init>(157)) - Entering startup safe mode.
2023-09-07 04:53:17,096 [main] INFO  algorithms.ContainerPlacementPolicyFactory (ContainerPlacementPolicyFactory.java:getPolicyInternal(86)) - Create container placement policy of type org.apache.hadoop.hdds.scm.container.placement.algorithms.SCMContainerPlacementRackAware
2023-09-07 04:53:17,096 [main] INFO  algorithms.ContainerPlacementPolicyFactory (ContainerPlacementPolicyFactory.java:getPolicyInternal(86)) - Create container placement policy of type org.apache.hadoop.hdds.scm.container.placement.algorithms.SCMContainerPlacementRackScatter
2023-09-07 04:53:17,097 [main] INFO  pipeline.PipelineStateManagerImpl (PipelineStateManagerImpl.java:initialize(78)) - No pipeline exists in current db
2023-09-07 04:53:17,097 [main] INFO  algorithms.LeaderChoosePolicyFactory (LeaderChoosePolicyFactory.java:getPolicy(57)) - Create leader choose policy of type org.apache.hadoop.hdds.scm.pipeline.leader.choose.algorithms.MinLeaderCountChoosePolicy
2023-09-07 04:53:17,097 [main] INFO  algorithms.ContainerPlacementPolicyFactory (ContainerPlacementPolicyFactory.java:getPolicyInternal(86)) - Create container placement policy of type org.apache.hadoop.hdds.scm.container.placement.algorithms.SCMContainerPlacementRackScatter
2023-09-07 04:53:17,097 [main] INFO  ha.SCMServiceManager (SCMServiceManager.java:register(42)) - Registering service BackgroundPipelineCreator.
2023-09-07 04:53:17,097 [main] INFO  pipeline.BackgroundPipelineCreator (BackgroundPipelineCreator.java:start(124)) - Starting RatisPipelineUtilsThread.
2023-09-07 04:53:17,098 [main] INFO  BackgroundPipelineScrubber (BackgroundSCMService.java:start(68)) - Starting BackgroundPipelineScrubber Service.
2023-09-07 04:53:17,098 [main] INFO  ha.SCMServiceManager (SCMServiceManager.java:register(42)) - Registering service BackgroundPipelineScrubber.
2023-09-07 04:53:17,098 [main] INFO  ExpiredContainerReplicaOpScrubber (BackgroundSCMService.java:start(68)) - Starting ExpiredContainerReplicaOpScrubber Service.
2023-09-07 04:53:17,099 [main] INFO  ha.SCMServiceManager (SCMServiceManager.java:register(42)) - Registering service ExpiredContainerReplicaOpScrubber.
2023-09-07 04:53:17,099 [main] INFO  algorithms.PipelineChoosePolicyFactory (PipelineChoosePolicyFactory.java:createPipelineChoosePolicyFromClass(78)) - Create pipeline choose policy of type org.apache.hadoop.hdds.scm.pipeline.choose.algorithms.RandomPipelineChoosePolicy
2023-09-07 04:53:17,099 [main] INFO  algorithms.PipelineChoosePolicyFactory (PipelineChoosePolicyFactory.java:createPipelineChoosePolicyFromClass(78)) - Create pipeline choose policy of type org.apache.hadoop.hdds.scm.pipeline.choose.algorithms.RandomPipelineChoosePolicy
2023-09-07 04:53:17,100 [main] INFO  ha.SCMServiceManager (SCMServiceManager.java:register(42)) - Registering service SCMBlockDeletingService.
2023-09-07 04:53:17,101 [main] INFO  replication.ReplicationManager (ReplicationManager.java:start(291)) - Starting Replication Monitor Thread.
2023-09-07 04:53:17,103 [main] INFO  ha.SCMServiceManager (SCMServiceManager.java:register(42)) - Registering service ReplicationManager.
2023-09-07 04:53:17,103 [main] INFO  safemode.ContainerSafeModeRule (ContainerSafeModeRule.java:<init>(90)) - containers with one replica threshold count 0
2023-09-07 04:53:17,103 [main] INFO  safemode.HealthyPipelineSafeModeRule (HealthyPipelineSafeModeRule.java:initializeRule(169)) - Total pipeline count is 0, healthy pipeline threshold count is 1
2023-09-07 04:53:17,104 [main] INFO  safemode.OneReplicaPipelineSafeModeRule (OneReplicaPipelineSafeModeRule.java:initializeRule(180)) - Total pipeline count is 0, pipeline's with at least one datanode reported threshold count is 0
2023-09-07 04:53:17,104 [main] INFO  server.StorageContainerManager (StorageContainerManager.java:<init>(425)) - SCM start with adminUsers: [runner]
2023-09-07 04:53:17,104 [main] INFO  ipc.CallQueueManager (CallQueueManager.java:<init>(90)) - Using callQueue: class java.util.concurrent.LinkedBlockingQueue, queueCapacity: 2000, scheduler: class org.apache.hadoop.ipc.DefaultRpcScheduler, ipcBackoff: false.
2023-09-07 04:53:17,105 [main] INFO  ipc.Server (Server.java:<init>(1287)) - Listener at 0.0.0.0:15161
2023-09-07 04:53:17,105 [Socket Reader #1 for port 15161] INFO  ipc.Server (Server.java:run(1323)) - Starting Socket Reader #1 for port 15161
2023-09-07 04:53:17,106 [main] INFO  ipc.CallQueueManager (CallQueueManager.java:<init>(90)) - Using callQueue: class java.util.concurrent.LinkedBlockingQueue, queueCapacity: 2000, scheduler: class org.apache.hadoop.ipc.DefaultRpcScheduler, ipcBackoff: false.
2023-09-07 04:53:17,106 [main] INFO  ipc.Server (Server.java:<init>(1287)) - Listener at 0.0.0.0:15160
2023-09-07 04:53:17,107 [Socket Reader #1 for port 15160] INFO  ipc.Server (Server.java:run(1323)) - Starting Socket Reader #1 for port 15160
2023-09-07 04:53:17,108 [main] INFO  ipc.CallQueueManager (CallQueueManager.java:<init>(90)) - Using callQueue: class java.util.concurrent.LinkedBlockingQueue, queueCapacity: 2000, scheduler: class org.apache.hadoop.ipc.DefaultRpcScheduler, ipcBackoff: false.
2023-09-07 04:53:17,108 [main] INFO  ipc.Server (Server.java:<init>(1287)) - Listener at 0.0.0.0:15159
2023-09-07 04:53:17,109 [Socket Reader #1 for port 15159] INFO  ipc.Server (Server.java:run(1323)) - Starting Socket Reader #1 for port 15159
2023-09-07 04:53:17,113 [main] INFO  ha.SCMServiceManager (SCMServiceManager.java:register(42)) - Registering service ContainerBalancer.
2023-09-07 04:53:17,113 [main] INFO  server.StorageContainerManager (StorageContainerManager.java:<init>(438)) - 
Container Balancer status:
Key                            Value
Running                        false
Container Balancer Configuration values:
Key                                                Value
Threshold                                          10
Max Datanodes to Involve per Iteration(percent)    20
Max Size to Move per Iteration                     500GB
Max Size Entering Target per Iteration             26GB
Max Size Leaving Source per Iteration              26GB

2023-09-07 04:53:17,113 [main] INFO  ha.SCMContext (SCMContext.java:updateSafeModeStatus(228)) - Update SafeModeStatus from SafeModeStatus{safeModeStatus=true, preCheckPassed=false} to SafeModeStatus{safeModeStatus=true, preCheckPassed=false}.
2023-09-07 04:53:17,114 [main] INFO  server.StorageContainerManager (StorageContainerManager.java:start(1483)) - StorageContainerLocationProtocol RPC server is listening at /0.0.0.0:15159
2023-09-07 04:53:17,115 [ReplicationMonitor] INFO  replication.ReplicationManager (ReplicationManager.java:processAll(365)) - Replication Manager is not ready to run until 3000ms after safemode exit
2023-09-07 04:53:17,117 [main] WARN  impl.MetricsConfig (MetricsConfig.java:loadFirst(136)) - Cannot locate configuration: tried hadoop-metrics2-storagecontainermanager.properties,hadoop-metrics2.properties
2023-09-07 04:53:17,117 [main] INFO  impl.MetricsSystemImpl (MetricsSystemImpl.java:startTimer(378)) - Scheduled Metric snapshot period at 10 second(s).
2023-09-07 04:53:17,118 [main] INFO  impl.MetricsSystemImpl (MetricsSystemImpl.java:start(191)) - StorageContainerManager metrics system started
2023-09-07 04:53:17,131 [main] INFO  impl.MetricsSinkAdapter (MetricsSinkAdapter.java:start(204)) - Sink prometheus started
2023-09-07 04:53:17,131 [main] INFO  impl.MetricsSystemImpl (MetricsSystemImpl.java:registerSink(305)) - Registered sink prometheus
2023-09-07 04:53:17,152 [main] INFO  server.SCMClientProtocolServer (SCMClientProtocolServer.java:start(201)) - RPC server for Client  is listening at /0.0.0.0:15159
2023-09-07 04:53:17,152 [IPC Server Responder] INFO  ipc.Server (Server.java:run(1562)) - IPC Server Responder: starting
2023-09-07 04:53:17,154 [IPC Server listener on 15159] INFO  ipc.Server (Server.java:run(1402)) - IPC Server listener on 15159: starting
2023-09-07 04:53:17,158 [main] INFO  server.StorageContainerManager (StorageContainerManager.java:start(1496)) - ScmBlockLocationProtocol RPC server is listening at /0.0.0.0:15160
2023-09-07 04:53:17,158 [main] INFO  server.SCMBlockProtocolServer (SCMBlockProtocolServer.java:start(152)) - RPC server for Block Protocol is listening at /0.0.0.0:15160
2023-09-07 04:53:17,158 [IPC Server Responder] INFO  ipc.Server (Server.java:run(1562)) - IPC Server Responder: starting
2023-09-07 04:53:17,159 [IPC Server listener on 15160] INFO  ipc.Server (Server.java:run(1402)) - IPC Server listener on 15160: starting
2023-09-07 04:53:17,162 [main] INFO  server.SCMDatanodeProtocolServer (SCMDatanodeProtocolServer.java:start(193)) - ScmDatanodeProtocol RPC server for DataNodes is listening at /0.0.0.0:15161
2023-09-07 04:53:17,163 [IPC Server Responder] INFO  ipc.Server (Server.java:run(1562)) - IPC Server Responder: starting
2023-09-07 04:53:17,163 [IPC Server listener on 15161] INFO  ipc.Server (Server.java:run(1402)) - IPC Server listener on 15161: starting
2023-09-07 04:53:17,171 [main] INFO  http.BaseHttpServer (BaseHttpServer.java:newHttpServer2BuilderForOzone(223)) - Starting Web-server for scm at: http://0.0.0.0:15162
2023-09-07 04:53:17,171 [main] INFO  http.BaseHttpServer (BaseHttpServer.java:<init>(110)) - Hadoop Security Enabled: false Ozone Security Enabled: false Ozone HTTP Security Enabled: false 
2023-09-07 04:53:17,172 [main] WARN  server.AuthenticationFilter (AuthenticationFilter.java:constructSecretProvider(240)) - Unable to initialize FileSignerSecretProvider, falling back to use random secrets. Reason: Could not read signature secret file: /home/runner/hadoop-http-auth-signature-secret
2023-09-07 04:53:17,173 [JvmPauseMonitor21] INFO  util.JvmPauseMonitor (JvmPauseMonitor.java:run(103)) - JvmPauseMonitor-2dd4e6de-2ea9-4947-9634-3822da8a95cc: Started
2023-09-07 04:53:17,173 [main] INFO  http.HttpRequestLog (HttpRequestLog.java:getRequestLog(86)) - Http request log for http.requests.scm is not defined
2023-09-07 04:53:17,175 [main] INFO  http.HttpServer2 (HttpServer2.java:addGlobalFilter(1031)) - Added global filter 'safety' (class=org.apache.hadoop.hdds.server.http.HttpServer2$QuotingInputFilter)
2023-09-07 04:53:17,176 [main] INFO  http.HttpServer2 (HttpServer2.java:addFilter(1007)) - Added filter static_user_filter (class=org.apache.hadoop.http.lib.StaticUserWebFilter$StaticUserFilter) to context scm
2023-09-07 04:53:17,176 [main] INFO  http.HttpServer2 (HttpServer2.java:addFilter(1015)) - Added filter static_user_filter (class=org.apache.hadoop.http.lib.StaticUserWebFilter$StaticUserFilter) to context static
2023-09-07 04:53:17,176 [main] INFO  http.HttpServer2 (HttpServer2.java:addFilter(1015)) - Added filter static_user_filter (class=org.apache.hadoop.http.lib.StaticUserWebFilter$StaticUserFilter) to context logs
2023-09-07 04:53:17,177 [main] INFO  http.BaseHttpServer (BaseHttpServer.java:<init>(189)) - HTTP server of scm uses base directory /home/runner/work/ozone/ozone/hadoop-ozone/integration-test/target/test-dir/MiniOzoneClusterImpl-91ddfec9-c3c1-434b-8c78-5e40d1aa2819/ozone-meta/webserver
2023-09-07 04:53:17,178 [main] INFO  http.HttpServer2 (HttpServer2.java:bindListener(1231)) - Jetty bound to port 15162
2023-09-07 04:53:17,178 [main] INFO  server.Server (Server.java:doStart(375)) - jetty-9.4.51.v20230217; built: 2023-02-17T08:19:37.309Z; git: b45c405e4544384de066f814ed42ae3dceacdd49; jvm 1.8.0_382-b05
2023-09-07 04:53:17,182 [main] INFO  server.session (DefaultSessionIdManager.java:doStart(334)) - DefaultSessionIdManager workerName=node0
2023-09-07 04:53:17,182 [main] INFO  server.session (DefaultSessionIdManager.java:doStart(339)) - No SessionScavenger set, using defaults
2023-09-07 04:53:17,182 [main] INFO  server.session (HouseKeeper.java:startScavenging(132)) - node0 Scavenging every 660000ms
2023-09-07 04:53:17,183 [main] INFO  handler.ContextHandler (ContextHandler.java:doStart(921)) - Started o.e.j.s.ServletContextHandler@71d181c8{logs,/logs,file:///home/runner/work/ozone/ozone/hadoop-ozone/integration-test/target/log,AVAILABLE}
2023-09-07 04:53:17,184 [main] INFO  handler.ContextHandler (ContextHandler.java:doStart(921)) - Started o.e.j.s.ServletContextHandler@71995ebb{static,/static,file:///home/runner/work/ozone/ozone/hadoop-ozone/integration-test/target/test-classes/webapps/static,AVAILABLE}
2023-09-07 04:53:17,190 [main] INFO  handler.ContextHandler (ContextHandler.java:doStart(921)) - Started o.e.j.w.WebAppContext@399fba77{scm,/,file:///home/runner/work/ozone/ozone/hadoop-ozone/integration-test/target/test-classes/webapps/scm/,AVAILABLE}{file:/home/runner/work/ozone/ozone/hadoop-ozone/integration-test/target/test-classes/webapps/scm}
2023-09-07 04:53:17,191 [main] INFO  server.AbstractConnector (AbstractConnector.java:doStart(333)) - Started ServerConnector@491cf48c{HTTP/1.1, (http/1.1)}{0.0.0.0:15162}
2023-09-07 04:53:17,191 [main] INFO  server.Server (Server.java:doStart(415)) - Started @313254ms
2023-09-07 04:53:17,192 [main] WARN  impl.MetricsSystemImpl (MetricsSystemImpl.java:register(279)) - Sink prometheus already exists!
2023-09-07 04:53:17,192 [main] INFO  http.BaseHttpServer (BaseHttpServer.java:updateConnectorAddress(354)) - HTTP server of scm listening at http://0.0.0.0:15162
2023-09-07 04:53:17,193 [main] WARN  server.ServerUtils (ServerUtils.java:getDBPath(311)) - ozone.om.db.dirs is not configured. We recommend adding this setting. Falling back to ozone.metadata.dirs instead.
2023-09-07 04:53:17,196 [main] INFO  ha.OMHANodeDetails (OMHANodeDetails.java:loadOMHAConfig(115)) - ozone.om.internal.service.id is not defined, falling back to ozone.om.service.ids to find serviceID for OzoneManager if it is HA enabled cluster
2023-09-07 04:53:17,197 [main] INFO  ha.OMHANodeDetails (OMHANodeDetails.java:loadOMHAConfig(226)) - Configuration does not have ozone.om.address set. Falling back to the default OM address /127.0.0.1:15163
2023-09-07 04:53:17,197 [main] INFO  ha.OMHANodeDetails (OMHANodeDetails.java:getOMNodeDetailsForNonHA(254)) - OM Service ID is not set. Setting it to the default ID: omServiceIdDefault
2023-09-07 04:53:17,197 [main] INFO  ha.OMHANodeDetails (OMHANodeDetails.java:getOMNodeDetailsForNonHA(261)) - OM Node ID is not set. Setting it to the default ID: om1
2023-09-07 04:53:17,197 [main] WARN  server.ServerUtils (ServerUtils.java:getDBPath(311)) - ozone.om.db.dirs is not configured. We recommend adding this setting. Falling back to ozone.metadata.dirs instead.
2023-09-07 04:53:17,201 [main] INFO  upgrade.AbstractLayoutVersionManager (AbstractLayoutVersionManager.java:init(83)) - Initializing Layout version manager with metadata layout = QUOTA (version = 6), software layout = QUOTA (version = 6)
2023-09-07 04:53:17,354 [main] INFO  reflections.Reflections (Reflections.java:scan(232)) - Reflections took 151 ms to scan 2 urls, producing 187 keys and 514 values [using 2 cores]
2023-09-07 04:53:17,356 [main] INFO  upgrade.OMLayoutVersionManager (OMLayoutVersionManager.java:lambda$0(115)) - Skipping Upgrade Action MockOmUpgradeAction since it has been finalized.
2023-09-07 04:53:17,356 [main] INFO  upgrade.OMLayoutVersionManager (OMLayoutVersionManager.java:lambda$0(115)) - Skipping Upgrade Action QuotaRepairUpgradeAction since it has been finalized.
2023-09-07 04:53:17,356 [main] WARN  server.ServerUtils (ServerUtils.java:getDBPath(311)) - ozone.om.db.dirs is not configured. We recommend adding this setting. Falling back to ozone.metadata.dirs instead.
2023-09-07 04:53:17,357 [main] INFO  proxy.SCMBlockLocationFailoverProxyProvider (SCMBlockLocationFailoverProxyProvider.java:<init>(114)) - Created block location fail-over proxy with 1 nodes: [nodeId=scmNodeId,nodeAddress=/0.0.0.0:15160]
2023-09-07 04:53:17,359 [main] INFO  proxy.SCMBlockLocationFailoverProxyProvider (SCMBlockLocationFailoverProxyProvider.java:<init>(114)) - Created block location fail-over proxy with 1 nodes: [nodeId=scmNodeId,nodeAddress=/0.0.0.0:15160]
2023-09-07 04:53:17,367 [main] INFO  om.OzoneManager (OzoneManager.java:<init>(665)) - OM start with adminUsers: [runner]
2023-09-07 04:53:17,368 [main] WARN  server.ServerUtils (ServerUtils.java:getDBPath(311)) - ozone.om.db.dirs is not configured. We recommend adding this setting. Falling back to ozone.metadata.dirs instead.
2023-09-07 04:53:17,369 [main] INFO  helpers.OmKeyInfo (OmKeyInfo.java:getCodec(71)) - OmKeyInfo.getCodec ignorePipeline = true
2023-09-07 04:53:17,628 [main] INFO  om.OzoneManager (OzoneManager.java:instantiateServices(794)) - S3 Multi-Tenancy is disabled
2023-09-07 04:53:17,636 [main] INFO  om.OmSnapshotManager (OmSnapshotManager.java:<init>(174)) - Ozone filesystem snapshot feature is enabled.
2023-09-07 04:53:17,636 [main] WARN  server.ServerUtils (ServerUtils.java:getDBPath(311)) - ozone.om.snapshot.diff.db.dir is not configured. We recommend adding this setting. Falling back to ozone.metadata.dirs instead.
2023-09-07 04:53:17,672 [main] INFO  snapshot.SnapshotDiffManager (SnapshotDiffManager.java:closeExecutorService(1697)) - Shutting down executorService: 'SstDumpToolExecutor'
2023-09-07 04:53:17,704 [main] INFO  om.OzoneManager (OzoneManager.java:addS3GVolumeToDB(4301)) - Created Volume s3v With Owner runner required for S3Gateway operations.
2023-09-07 04:53:17,704 [main] INFO  om.OzoneManager (OzoneManager.java:getRpcServer(1196)) - Creating RPC Server
2023-09-07 04:53:18,275 [main] INFO  reflections.Reflections (Reflections.java:scan(232)) - Reflections took 569 ms to scan 19 urls, producing 70 keys and 5687 values [using 2 cores]
2023-09-07 04:53:18,277 [main] INFO  ipc.CallQueueManager (CallQueueManager.java:<init>(90)) - Using callQueue: class java.util.concurrent.LinkedBlockingQueue, queueCapacity: 2000, scheduler: class org.apache.hadoop.ipc.DefaultRpcScheduler, ipcBackoff: false.
2023-09-07 04:53:18,277 [main] INFO  ipc.Server (Server.java:<init>(1287)) - Listener at 127.0.0.1:15163
2023-09-07 04:53:18,279 [Socket Reader #1 for port 15163] INFO  ipc.Server (Server.java:run(1323)) - Starting Socket Reader #1 for port 15163
2023-09-07 04:53:18,309 [main] INFO  impl.MetricsSystemImpl (MetricsSystemImpl.java:init(158)) - OzoneManager metrics system started (again)
2023-09-07 04:53:18,324 [main] INFO  om.OzoneManager (OzoneManager.java:start(1630)) - OzoneManager RPC server is listening at localhost/127.0.0.1:15163
2023-09-07 04:53:18,325 [main] INFO  om.OzoneManager (OzoneManager.java:start(1646)) - Version File has different layout version (6) than OM DB (null). That is expected if this OM has never been finalized to a newer layout version.
2023-09-07 04:53:18,328 [main] INFO  http.BaseHttpServer (BaseHttpServer.java:newHttpServer2BuilderForOzone(223)) - Starting Web-server for ozoneManager at: http://0.0.0.0:15164
2023-09-07 04:53:18,328 [main] INFO  http.BaseHttpServer (BaseHttpServer.java:<init>(110)) - Hadoop Security Enabled: false Ozone Security Enabled: false Ozone HTTP Security Enabled: false 
2023-09-07 04:53:18,329 [main] WARN  server.AuthenticationFilter (AuthenticationFilter.java:constructSecretProvider(240)) - Unable to initialize FileSignerSecretProvider, falling back to use random secrets. Reason: Could not read signature secret file: /home/runner/hadoop-http-auth-signature-secret
2023-09-07 04:53:18,330 [main] INFO  http.HttpRequestLog (HttpRequestLog.java:getRequestLog(86)) - Http request log for http.requests.ozoneManager is not defined
2023-09-07 04:53:18,331 [main] INFO  http.HttpServer2 (HttpServer2.java:addGlobalFilter(1031)) - Added global filter 'safety' (class=org.apache.hadoop.hdds.server.http.HttpServer2$QuotingInputFilter)
2023-09-07 04:53:18,332 [main] INFO  http.HttpServer2 (HttpServer2.java:addFilter(1007)) - Added filter static_user_filter (class=org.apache.hadoop.http.lib.StaticUserWebFilter$StaticUserFilter) to context ozoneManager
2023-09-07 04:53:18,332 [main] INFO  http.HttpServer2 (HttpServer2.java:addFilter(1015)) - Added filter static_user_filter (class=org.apache.hadoop.http.lib.StaticUserWebFilter$StaticUserFilter) to context static
2023-09-07 04:53:18,332 [main] INFO  http.HttpServer2 (HttpServer2.java:addFilter(1015)) - Added filter static_user_filter (class=org.apache.hadoop.http.lib.StaticUserWebFilter$StaticUserFilter) to context logs
2023-09-07 04:53:18,333 [main] INFO  http.BaseHttpServer (BaseHttpServer.java:<init>(189)) - HTTP server of ozoneManager uses base directory /home/runner/work/ozone/ozone/hadoop-ozone/integration-test/target/test-dir/MiniOzoneClusterImpl-91ddfec9-c3c1-434b-8c78-5e40d1aa2819/ozone-meta/webserver
2023-09-07 04:53:18,333 [main] INFO  http.HttpServer2 (HttpServer2.java:bindListener(1231)) - Jetty bound to port 15164
2023-09-07 04:53:18,333 [main] INFO  server.Server (Server.java:doStart(375)) - jetty-9.4.51.v20230217; built: 2023-02-17T08:19:37.309Z; git: b45c405e4544384de066f814ed42ae3dceacdd49; jvm 1.8.0_382-b05
2023-09-07 04:53:18,335 [main] INFO  server.session (DefaultSessionIdManager.java:doStart(334)) - DefaultSessionIdManager workerName=node0
2023-09-07 04:53:18,335 [main] INFO  server.session (DefaultSessionIdManager.java:doStart(339)) - No SessionScavenger set, using defaults
2023-09-07 04:53:18,335 [main] INFO  server.session (HouseKeeper.java:startScavenging(132)) - node0 Scavenging every 600000ms
2023-09-07 04:53:18,336 [main] INFO  handler.ContextHandler (ContextHandler.java:doStart(921)) - Started o.e.j.s.ServletContextHandler@5c046fe8{logs,/logs,file:///home/runner/work/ozone/ozone/hadoop-ozone/integration-test/target/log,AVAILABLE}
2023-09-07 04:53:18,336 [main] INFO  handler.ContextHandler (ContextHandler.java:doStart(921)) - Started o.e.j.s.ServletContextHandler@1789e253{static,/static,file:///home/runner/work/ozone/ozone/hadoop-ozone/integration-test/target/test-classes/webapps/static,AVAILABLE}
2023-09-07 04:53:18,339 [main] INFO  handler.ContextHandler (ContextHandler.java:doStart(921)) - Started o.e.j.w.WebAppContext@50ec9e1d{ozoneManager,/,file:///home/runner/work/ozone/ozone/hadoop-ozone/integration-test/target/test-classes/webapps/ozoneManager/,AVAILABLE}{file:/home/runner/work/ozone/ozone/hadoop-ozone/integration-test/target/test-classes/webapps/ozoneManager}
2023-09-07 04:53:18,342 [main] INFO  server.AbstractConnector (AbstractConnector.java:doStart(333)) - Started ServerConnector@6d2c81f1{HTTP/1.1, (http/1.1)}{0.0.0.0:15164}
2023-09-07 04:53:18,342 [main] INFO  server.Server (Server.java:doStart(415)) - Started @314405ms
2023-09-07 04:53:18,343 [main] WARN  impl.MetricsSystemImpl (MetricsSystemImpl.java:register(279)) - Sink prometheus already exists!
2023-09-07 04:53:18,343 [main] INFO  http.BaseHttpServer (BaseHttpServer.java:updateConnectorAddress(354)) - HTTP server of ozoneManager listening at http://0.0.0.0:15164
2023-09-07 04:53:18,344 [IPC Server Responder] INFO  ipc.Server (Server.java:run(1562)) - IPC Server Responder: starting
2023-09-07 04:53:18,344 [IPC Server listener on 15163] INFO  ipc.Server (Server.java:run(1402)) - IPC Server listener on 15163: starting
2023-09-07 04:53:18,348 [main] INFO  om.TrashPolicyOzone (TrashPolicyOzone.java:<init>(277)) - Ozone Manager trash configuration: Deletion interval = 0 minutes, Emptier interval = 0 minutes.
2023-09-07 04:53:18,352 [JvmPauseMonitor22] INFO  util.JvmPauseMonitor (JvmPauseMonitor.java:run(103)) - JvmPauseMonitor-86404c22-c39b-4be2-afdc-d3077e1f8b06: Started
2023-09-07 04:53:18,372 [main] INFO  impl.MetricsSystemImpl (MetricsSystemImpl.java:init(158)) - HddsDatanode metrics system started (again)
2023-09-07 04:53:18,388 [main] INFO  ozone.HddsDatanodeService (HddsDatanodeService.java:start(237)) - HddsDatanodeService host:fv-az163-854.ksqkok1cighebdh5ckq0wc3qdf.dx.internal.cloudapp.net ip:10.1.0.9
2023-09-07 04:53:18,430 [main] INFO  upgrade.AbstractLayoutVersionManager (AbstractLayoutVersionManager.java:init(83)) - Initializing Layout version manager with metadata layout = HADOOP_PRC_PORTS_IN_DATANODEDETAILS (version = 7), software layout = HADOOP_PRC_PORTS_IN_DATANODEDETAILS (version = 7)
2023-09-07 04:53:18,430 [main] INFO  statemachine.DatanodeStateMachine (DatanodeStateMachine.java:getEndPointTaskThreadPoolSize(282)) - Datanode State Machine Task Thread Pool size 2
2023-09-07 04:53:18,432 [main] INFO  volume.HddsVolume (HddsVolume.java:<init>(126)) - Creating HddsVolume: /home/runner/work/ozone/ozone/hadoop-ozone/integration-test/target/test-dir/MiniOzoneClusterImpl-91ddfec9-c3c1-434b-8c78-5e40d1aa2819/datanode-0/data-0/containers/hdds of storage type : DISK capacity : 9223372036854775807
2023-09-07 04:53:18,432 [main] INFO  volume.MutableVolumeSet (MutableVolumeSet.java:initializeVolumeSet(173)) - Added Volume : /home/runner/work/ozone/ozone/hadoop-ozone/integration-test/target/test-dir/MiniOzoneClusterImpl-91ddfec9-c3c1-434b-8c78-5e40d1aa2819/datanode-0/data-0/containers/hdds to VolumeSet
2023-09-07 04:53:18,433 [main] INFO  volume.MutableVolumeSet (MutableVolumeSet.java:initializeVolumeSet(173)) - Added Volume : /home/runner/work/ozone/ozone/hadoop-ozone/integration-test/target/test-dir/MiniOzoneClusterImpl-91ddfec9-c3c1-434b-8c78-5e40d1aa2819/datanode-0/data/ratis to VolumeSet
2023-09-07 04:53:18,434 [Thread-1925] INFO  ozoneimpl.ContainerReader (ContainerReader.java:readVolume(177)) - Finish verifying containers on volume /home/runner/work/ozone/ozone/hadoop-ozone/integration-test/target/test-dir/MiniOzoneClusterImpl-91ddfec9-c3c1-434b-8c78-5e40d1aa2819/datanode-0/data-0/containers/hdds
2023-09-07 04:53:18,434 [main] INFO  ozoneimpl.OzoneContainer (OzoneContainer.java:buildContainerSet(314)) - Build ContainerSet costs 0s
2023-09-07 04:53:18,437 [main] INFO  server.RaftServer (ConfUtils.java:logGet(46)) - raft.rpc.type = GRPC (default)
2023-09-07 04:53:18,437 [main] INFO  grpc.GrpcConfigKeys (ConfUtils.java:logFallback(53)) - raft.grpc.admin.host = null (fallback to raft.grpc.server.host)
2023-09-07 04:53:18,437 [main] INFO  grpc.GrpcConfigKeys (ConfUtils.java:logGet(46)) - raft.grpc.admin.port = 15172 (custom)
2023-09-07 04:53:18,438 [main] INFO  grpc.GrpcConfigKeys (ConfUtils.java:logFallback(53)) - raft.grpc.client.host = null (fallback to raft.grpc.server.host)
2023-09-07 04:53:18,438 [main] INFO  grpc.GrpcConfigKeys (ConfUtils.java:logGet(46)) - raft.grpc.client.port = 15171 (custom)
2023-09-07 04:53:18,438 [main] INFO  grpc.GrpcConfigKeys (ConfUtils.java:logGet(46)) - raft.grpc.server.host = null (default)
2023-09-07 04:53:18,438 [main] INFO  grpc.GrpcConfigKeys (ConfUtils.java:logGet(46)) - raft.grpc.server.port = 15173 (custom)
2023-09-07 04:53:18,438 [main] INFO  server.GrpcService (ConfUtils.java:logGet(46)) - raft.grpc.message.size.max = 32MB (=33554432) (custom)
2023-09-07 04:53:18,438 [main] INFO  server.RaftServerConfigKeys (ConfUtils.java:logGet(46)) - raft.server.log.appender.buffer.byte-limit = 33554432 (custom)
2023-09-07 04:53:18,438 [main] INFO  server.GrpcService (ConfUtils.java:logGet(46)) - raft.grpc.flow.control.window = 5MB (=5242880) (custom)
2023-09-07 04:53:18,439 [main] INFO  server.RaftServerConfigKeys (ConfUtils.java:logGet(46)) - raft.server.rpc.request.timeout = 60s (custom)
2023-09-07 04:53:18,439 [main] INFO  grpc.GrpcConfigKeys (ConfUtils.java:logGet(46)) - raft.grpc.server.heartbeat.channel = true (default)
2023-09-07 04:53:18,439 [main] INFO  grpc.GrpcConfigKeys (ConfUtils.java:logGet(46)) - raft.grpc.server.async.request.thread.pool.cached = true (default)
2023-09-07 04:53:18,439 [main] INFO  grpc.GrpcConfigKeys (ConfUtils.java:logGet(46)) - raft.grpc.server.async.request.thread.pool.size = 32 (default)
2023-09-07 04:53:18,443 [main] INFO  impl.DataStreamServerImpl (ConfUtils.java:logGet(46)) - raft.datastream.type = NETTY (custom)
2023-09-07 04:53:18,443 [main] INFO  server.RaftServerConfigKeys (ConfUtils.java:logGet(46)) - raft.server.data-stream.async.request.thread.pool.cached = false (default)
2023-09-07 04:53:18,443 [main] INFO  server.RaftServerConfigKeys (ConfUtils.java:logGet(46)) - raft.server.data-stream.async.request.thread.pool.size = 20 (custom)
2023-09-07 04:53:18,444 [main] INFO  server.RaftServerConfigKeys (ConfUtils.java:logGet(46)) - raft.server.data-stream.async.write.thread.pool.size = 16 (default)
2023-09-07 04:53:18,444 [main] INFO  server.RaftServerConfigKeys (ConfUtils.java:logGet(46)) - raft.server.data-stream.client.pool.size = 10 (default)
2023-09-07 04:53:18,444 [main] INFO  netty.NettyConfigKeys$DataStream (ConfUtils.java:logGet(46)) - raft.netty.dataStream.server.use-epoll = false (default)
2023-09-07 04:53:18,444 [main] INFO  netty.NettyConfigKeys$DataStream (ConfUtils.java:logGet(46)) - raft.netty.dataStream.server.boss-group.size = 0 (default)
2023-09-07 04:53:18,445 [main] INFO  netty.NettyConfigKeys$DataStream (ConfUtils.java:logGet(46)) - raft.netty.dataStream.server.worker-group.size = 0 (default)
2023-09-07 04:53:18,445 [main] INFO  netty.NettyConfigKeys$DataStream (ConfUtils.java:logGet(46)) - raft.netty.dataStream.server.tls.conf = null (default)
2023-09-07 04:53:18,445 [main] INFO  netty.NettyConfigKeys$DataStream (ConfUtils.java:logGet(46)) - raft.netty.dataStream.host = null (default)
2023-09-07 04:53:18,445 [main] INFO  netty.NettyConfigKeys$DataStream (ConfUtils.java:logGet(46)) - raft.netty.dataStream.port = 15174 (custom)
2023-09-07 04:53:18,446 [main] INFO  server.RaftServerConfigKeys (ConfUtils.java:logGet(46)) - raft.server.threadpool.proxy.cached = true (default)
2023-09-07 04:53:18,447 [main] INFO  server.RaftServerConfigKeys (ConfUtils.java:logGet(46)) - raft.server.threadpool.proxy.size = 0 (default)
2023-09-07 04:53:18,447 [main] INFO  server.RaftServerConfigKeys (ConfUtils.java:logGet(46)) - raft.server.rpc.slowness.timeout = 300s (custom)
2023-09-07 04:53:18,448 [main] INFO  server.RaftServerConfigKeys (ConfUtils.java:logGet(46)) - raft.server.leaderelection.leader.step-down.wait-time = 10s (default)
2023-09-07 04:53:18,449 [main] INFO  server.RaftServerConfigKeys (ConfUtils.java:logGet(46)) - raft.server.storage.dir = [/home/runner/work/ozone/ozone/hadoop-ozone/integration-test/target/test-dir/MiniOzoneClusterImpl-91ddfec9-c3c1-434b-8c78-5e40d1aa2819/datanode-0/data/ratis] (custom)
2023-09-07 04:53:18,447 [c2ff68ec-fb8c-48a5-8338-8b04228d05a1-NettyServerStreamRpc-bossGroup--thread1] INFO  logging.LoggingHandler (AbstractInternalLogger.java:log(148)) - [id: 0x49877062] REGISTERED
2023-09-07 04:53:18,449 [c2ff68ec-fb8c-48a5-8338-8b04228d05a1-NettyServerStreamRpc-bossGroup--thread1] INFO  logging.LoggingHandler (AbstractInternalLogger.java:log(148)) - [id: 0x49877062] BIND: 0.0.0.0/0.0.0.0:15174
2023-09-07 04:53:18,450 [c2ff68ec-fb8c-48a5-8338-8b04228d05a1-NettyServerStreamRpc-bossGroup--thread1] INFO  logging.LoggingHandler (AbstractInternalLogger.java:log(148)) - [id: 0x49877062, L:/0:0:0:0:0:0:0:0:15174] ACTIVE
2023-09-07 04:53:18,450 [c2ff68ec-fb8c-48a5-8338-8b04228d05a1-impl-thread1] INFO  server.RaftServer (RaftServerProxy.java:initGroupDir(258)) - c2ff68ec-fb8c-48a5-8338-8b04228d05a1: found a subdirectory /home/runner/work/ozone/ozone/hadoop-ozone/integration-test/target/test-dir/MiniOzoneClusterImpl-91ddfec9-c3c1-434b-8c78-5e40d1aa2819/datanode-0/data/ratis/tmp
2023-09-07 04:53:18,450 [c2ff68ec-fb8c-48a5-8338-8b04228d05a1-impl-thread1] INFO  server.RaftServer (RaftServerProxy.java:initGroupDir(263)) - c2ff68ec-fb8c-48a5-8338-8b04228d05a1: The directory /home/runner/work/ozone/ozone/hadoop-ozone/integration-test/target/test-dir/MiniOzoneClusterImpl-91ddfec9-c3c1-434b-8c78-5e40d1aa2819/datanode-0/data/ratis/tmp is not a group directory; ignoring it. 
2023-09-07 04:53:18,450 [main] INFO  replication.ReplicationServer (ReplicationServer.java:<init>(81)) - Initializing replication server with thread count = 10
2023-09-07 04:53:18,452 [main] INFO  server.XceiverServerGrpc (XceiverServerGrpc.java:<init>(132)) - GrpcServer channel type EpollServerSocketChannel
2023-09-07 04:53:18,454 [main] INFO  replication.ReplicationSupervisor (ReplicationSupervisor.java:build(155)) - Initializing replication supervisor with thread count = 10
2023-09-07 04:53:18,455 [main] INFO  replication.ReplicationSupervisor (ReplicationSupervisor.java:nodeStateUpdated(307)) - Node state updated to IN_SERVICE, scaling executor pool size to 10
2023-09-07 04:53:18,459 [main] INFO  http.BaseHttpServer (BaseHttpServer.java:newHttpServer2BuilderForOzone(223)) - Starting Web-server for hddsDatanode at: http://0.0.0.0:15168
2023-09-07 04:53:18,459 [main] INFO  http.BaseHttpServer (BaseHttpServer.java:<init>(110)) - Hadoop Security Enabled: false Ozone Security Enabled: false Ozone HTTP Security Enabled: false 
2023-09-07 04:53:18,461 [main] WARN  server.AuthenticationFilter (AuthenticationFilter.java:constructSecretProvider(240)) - Unable to initialize FileSignerSecretProvider, falling back to use random secrets. Reason: Could not read signature secret file: /home/runner/hadoop-http-auth-signature-secret
2023-09-07 04:53:18,462 [main] INFO  http.HttpRequestLog (HttpRequestLog.java:getRequestLog(86)) - Http request log for http.requests.hddsDatanode is not defined
2023-09-07 04:53:18,463 [main] INFO  http.HttpServer2 (HttpServer2.java:addGlobalFilter(1031)) - Added global filter 'safety' (class=org.apache.hadoop.hdds.server.http.HttpServer2$QuotingInputFilter)
2023-09-07 04:53:18,464 [main] INFO  http.HttpServer2 (HttpServer2.java:addFilter(1007)) - Added filter static_user_filter (class=org.apache.hadoop.http.lib.StaticUserWebFilter$StaticUserFilter) to context hddsDatanode
2023-09-07 04:53:18,464 [main] INFO  http.HttpServer2 (HttpServer2.java:addFilter(1015)) - Added filter static_user_filter (class=org.apache.hadoop.http.lib.StaticUserWebFilter$StaticUserFilter) to context logs
2023-09-07 04:53:18,464 [main] INFO  http.HttpServer2 (HttpServer2.java:addFilter(1015)) - Added filter static_user_filter (class=org.apache.hadoop.http.lib.StaticUserWebFilter$StaticUserFilter) to context static
2023-09-07 04:53:18,465 [main] INFO  http.BaseHttpServer (BaseHttpServer.java:<init>(189)) - HTTP server of hddsDatanode uses base directory /home/runner/work/ozone/ozone/hadoop-ozone/integration-test/target/test-dir/MiniOzoneClusterImpl-91ddfec9-c3c1-434b-8c78-5e40d1aa2819/datanode-0/meta/webserver
2023-09-07 04:53:18,465 [main] INFO  http.HttpServer2 (HttpServer2.java:bindListener(1231)) - Jetty bound to port 15168
2023-09-07 04:53:18,465 [main] INFO  server.Server (Server.java:doStart(375)) - jetty-9.4.51.v20230217; built: 2023-02-17T08:19:37.309Z; git: b45c405e4544384de066f814ed42ae3dceacdd49; jvm 1.8.0_382-b05
2023-09-07 04:53:18,466 [main] INFO  server.session (DefaultSessionIdManager.java:doStart(334)) - DefaultSessionIdManager workerName=node0
2023-09-07 04:53:18,467 [main] INFO  server.session (DefaultSessionIdManager.java:doStart(339)) - No SessionScavenger set, using defaults
2023-09-07 04:53:18,467 [main] INFO  server.session (HouseKeeper.java:startScavenging(132)) - node0 Scavenging every 600000ms
2023-09-07 04:53:18,468 [main] INFO  handler.ContextHandler (ContextHandler.java:doStart(921)) - Started o.e.j.s.ServletContextHandler@498c3541{logs,/logs,file:///home/runner/work/ozone/ozone/hadoop-ozone/integration-test/target/log,AVAILABLE}
2023-09-07 04:53:18,469 [main] INFO  handler.ContextHandler (ContextHandler.java:doStart(921)) - Started o.e.j.s.ServletContextHandler@6549d697{static,/static,jar:file:/home/runner/.m2/repository/org/apache/ozone/hdds-container-service/1.4.0-SNAPSHOT/hdds-container-service-1.4.0-SNAPSHOT.jar!/webapps/static,AVAILABLE}
2023-09-07 04:53:18,740 [main] INFO  handler.ContextHandler (ContextHandler.java:doStart(921)) - Started o.e.j.w.WebAppContext@22f67246{hddsDatanode,/,file:///home/runner/work/ozone/ozone/hadoop-ozone/integration-test/target/test-dir/MiniOzoneClusterImpl-91ddfec9-c3c1-434b-8c78-5e40d1aa2819/datanode-0/meta/webserver/jetty-0_0_0_0-15168-hdds-container-service-1_4_0-SNAPSHOT_jar-_-any-3059099863365130955/webapp/,AVAILABLE}{jar:file:/home/runner/.m2/repository/org/apache/ozone/hdds-container-service/1.4.0-SNAPSHOT/hdds-container-service-1.4.0-SNAPSHOT.jar!/webapps/hddsDatanode}
2023-09-07 04:53:18,742 [main] INFO  server.AbstractConnector (AbstractConnector.java:doStart(333)) - Started ServerConnector@1ed14ca1{HTTP/1.1, (http/1.1)}{0.0.0.0:15168}
2023-09-07 04:53:18,742 [main] INFO  server.Server (Server.java:doStart(415)) - Started @314805ms
2023-09-07 04:53:18,742 [main] WARN  impl.MetricsSystemImpl (MetricsSystemImpl.java:register(279)) - Sink prometheus already exists!
2023-09-07 04:53:18,743 [main] INFO  http.BaseHttpServer (BaseHttpServer.java:updateConnectorAddress(354)) - HTTP server of hddsDatanode listening at http://0.0.0.0:15168
2023-09-07 04:53:18,743 [main] INFO  ipc.CallQueueManager (CallQueueManager.java:<init>(90)) - Using callQueue: class java.util.concurrent.LinkedBlockingQueue, queueCapacity: 100, scheduler: class org.apache.hadoop.ipc.DefaultRpcScheduler, ipcBackoff: false.
2023-09-07 04:53:18,744 [main] INFO  ipc.Server (Server.java:<init>(1287)) - Listener at 0.0.0.0:15169
2023-09-07 04:53:18,744 [Socket Reader #1 for port 15169] INFO  ipc.Server (Server.java:run(1323)) - Starting Socket Reader #1 for port 15169
2023-09-07 04:53:18,746 [main] INFO  ozone.HddsDatanodeService (HddsDatanodeService.java:start(315)) - Datanode start with admins: [runner]
2023-09-07 04:53:18,746 [main] INFO  ozone.HddsDatanodeClientProtocolServer (HddsDatanodeClientProtocolServer.java:start(72)) - RPC server for Client /0.0.0.0:15169
2023-09-07 04:53:18,746 [IPC Server Responder] INFO  ipc.Server (Server.java:run(1562)) - IPC Server Responder: starting
2023-09-07 04:53:18,753 [Datanode State Machine Daemon Thread] INFO  statemachine.DatanodeStateMachine (DatanodeStateMachine.java:lambda$startDaemon$0(538)) - Ozone container server started.
2023-09-07 04:53:18,753 [main] WARN  impl.MetricRegistriesImpl (MetricRegistriesImpl.java:addReporterRegistration(111)) - New reporters are added after registries were created. Some metrics will be missing from the reporter. Please add reporter before adding any new registry.
2023-09-07 04:53:18,753 [main] WARN  impl.MetricRegistriesImpl (MetricRegistriesImpl.java:addReporterRegistration(111)) - New reporters are added after registries were created. Some metrics will be missing from the reporter. Please add reporter before adding any new registry.
2023-09-07 04:53:18,754 [main] INFO  impl.MetricsSystemImpl (MetricsSystemImpl.java:init(158)) - HddsDatanode metrics system started (again)
2023-09-07 04:53:18,753 [IPC Server listener on 15169] INFO  ipc.Server (Server.java:run(1402)) - IPC Server listener on 15169: starting
2023-09-07 04:53:18,782 [main] INFO  ozone.HddsDatanodeService (HddsDatanodeService.java:start(237)) - HddsDatanodeService host:fv-az163-854.ksqkok1cighebdh5ckq0wc3qdf.dx.internal.cloudapp.net ip:10.1.0.9
2023-09-07 04:53:18,783 [Datanode State Machine Task Thread - 0] INFO  datanode.InitDatanodeState (InitDatanodeState.java:persistContainerDatanodeDetails(138)) - DatanodeDetails is persisted to /home/runner/work/ozone/ozone/hadoop-ozone/integration-test/target/test-dir/MiniOzoneClusterImpl-91ddfec9-c3c1-434b-8c78-5e40d1aa2819/datanode-0/meta/datanode.id
2023-09-07 04:53:18,816 [main] INFO  upgrade.AbstractLayoutVersionManager (AbstractLayoutVersionManager.java:init(83)) - Initializing Layout version manager with metadata layout = HADOOP_PRC_PORTS_IN_DATANODEDETAILS (version = 7), software layout = HADOOP_PRC_PORTS_IN_DATANODEDETAILS (version = 7)
2023-09-07 04:53:18,816 [main] INFO  statemachine.DatanodeStateMachine (DatanodeStateMachine.java:getEndPointTaskThreadPoolSize(282)) - Datanode State Machine Task Thread Pool size 2
2023-09-07 04:53:18,818 [main] INFO  volume.HddsVolume (HddsVolume.java:<init>(126)) - Creating HddsVolume: /home/runner/work/ozone/ozone/hadoop-ozone/integration-test/target/test-dir/MiniOzoneClusterImpl-91ddfec9-c3c1-434b-8c78-5e40d1aa2819/datanode-1/data-0/containers/hdds of storage type : DISK capacity : 9223372036854775807
2023-09-07 04:53:18,818 [main] INFO  volume.MutableVolumeSet (MutableVolumeSet.java:initializeVolumeSet(173)) - Added Volume : /home/runner/work/ozone/ozone/hadoop-ozone/integration-test/target/test-dir/MiniOzoneClusterImpl-91ddfec9-c3c1-434b-8c78-5e40d1aa2819/datanode-1/data-0/containers/hdds to VolumeSet
2023-09-07 04:53:18,819 [main] INFO  volume.MutableVolumeSet (MutableVolumeSet.java:initializeVolumeSet(173)) - Added Volume : /home/runner/work/ozone/ozone/hadoop-ozone/integration-test/target/test-dir/MiniOzoneClusterImpl-91ddfec9-c3c1-434b-8c78-5e40d1aa2819/datanode-1/data/ratis to VolumeSet
2023-09-07 04:53:18,824 [Thread-1942] INFO  ozoneimpl.ContainerReader (ContainerReader.java:readVolume(177)) - Finish verifying containers on volume /home/runner/work/ozone/ozone/hadoop-ozone/integration-test/target/test-dir/MiniOzoneClusterImpl-91ddfec9-c3c1-434b-8c78-5e40d1aa2819/datanode-1/data-0/containers/hdds
2023-09-07 04:53:18,824 [main] INFO  ozoneimpl.OzoneContainer (OzoneContainer.java:buildContainerSet(314)) - Build ContainerSet costs 0s
2023-09-07 04:53:18,826 [main] INFO  server.RaftServer (ConfUtils.java:logGet(46)) - raft.rpc.type = GRPC (default)
2023-09-07 04:53:18,826 [main] INFO  grpc.GrpcConfigKeys (ConfUtils.java:logFallback(53)) - raft.grpc.admin.host = null (fallback to raft.grpc.server.host)
2023-09-07 04:53:18,826 [main] INFO  grpc.GrpcConfigKeys (ConfUtils.java:logGet(46)) - raft.grpc.admin.port = 15181 (custom)
2023-09-07 04:53:18,827 [main] INFO  grpc.GrpcConfigKeys (ConfUtils.java:logFallback(53)) - raft.grpc.client.host = null (fallback to raft.grpc.server.host)
2023-09-07 04:53:18,827 [main] INFO  grpc.GrpcConfigKeys (ConfUtils.java:logGet(46)) - raft.grpc.client.port = 15180 (custom)
2023-09-07 04:53:18,827 [main] INFO  grpc.GrpcConfigKeys (ConfUtils.java:logGet(46)) - raft.grpc.server.host = null (default)
2023-09-07 04:53:18,827 [main] INFO  grpc.GrpcConfigKeys (ConfUtils.java:logGet(46)) - raft.grpc.server.port = 15182 (custom)
2023-09-07 04:53:18,827 [main] INFO  server.GrpcService (ConfUtils.java:logGet(46)) - raft.grpc.message.size.max = 32MB (=33554432) (custom)
2023-09-07 04:53:18,827 [main] INFO  server.RaftServerConfigKeys (ConfUtils.java:logGet(46)) - raft.server.log.appender.buffer.byte-limit = 33554432 (custom)
2023-09-07 04:53:18,828 [main] INFO  server.GrpcService (ConfUtils.java:logGet(46)) - raft.grpc.flow.control.window = 5MB (=5242880) (custom)
2023-09-07 04:53:18,828 [main] INFO  server.RaftServerConfigKeys (ConfUtils.java:logGet(46)) - raft.server.rpc.request.timeout = 60s (custom)
2023-09-07 04:53:18,828 [main] INFO  grpc.GrpcConfigKeys (ConfUtils.java:logGet(46)) - raft.grpc.server.heartbeat.channel = true (default)
2023-09-07 04:53:18,828 [main] INFO  grpc.GrpcConfigKeys (ConfUtils.java:logGet(46)) - raft.grpc.server.async.request.thread.pool.cached = true (default)
2023-09-07 04:53:18,828 [main] INFO  grpc.GrpcConfigKeys (ConfUtils.java:logGet(46)) - raft.grpc.server.async.request.thread.pool.size = 32 (default)
2023-09-07 04:53:18,831 [main] INFO  impl.DataStreamServerImpl (ConfUtils.java:logGet(46)) - raft.datastream.type = NETTY (custom)
2023-09-07 04:53:18,832 [main] INFO  server.RaftServerConfigKeys (ConfUtils.java:logGet(46)) - raft.server.data-stream.async.request.thread.pool.cached = false (default)
2023-09-07 04:53:18,832 [main] INFO  server.RaftServerConfigKeys (ConfUtils.java:logGet(46)) - raft.server.data-stream.async.request.thread.pool.size = 20 (custom)
2023-09-07 04:53:18,832 [main] INFO  server.RaftServerConfigKeys (ConfUtils.java:logGet(46)) - raft.server.data-stream.async.write.thread.pool.size = 16 (default)
2023-09-07 04:53:18,832 [main] INFO  server.RaftServerConfigKeys (ConfUtils.java:logGet(46)) - raft.server.data-stream.client.pool.size = 10 (default)
2023-09-07 04:53:18,832 [main] INFO  netty.NettyConfigKeys$DataStream (ConfUtils.java:logGet(46)) - raft.netty.dataStream.server.use-epoll = false (default)
2023-09-07 04:53:18,832 [main] INFO  netty.NettyConfigKeys$DataStream (ConfUtils.java:logGet(46)) - raft.netty.dataStream.server.boss-group.size = 0 (default)
2023-09-07 04:53:18,833 [main] INFO  netty.NettyConfigKeys$DataStream (ConfUtils.java:logGet(46)) - raft.netty.dataStream.server.worker-group.size = 0 (default)
2023-09-07 04:53:18,833 [main] INFO  netty.NettyConfigKeys$DataStream (ConfUtils.java:logGet(46)) - raft.netty.dataStream.server.tls.conf = null (default)
2023-09-07 04:53:18,834 [main] INFO  netty.NettyConfigKeys$DataStream (ConfUtils.java:logGet(46)) - raft.netty.dataStream.host = null (default)
2023-09-07 04:53:18,834 [main] INFO  netty.NettyConfigKeys$DataStream (ConfUtils.java:logGet(46)) - raft.netty.dataStream.port = 15183 (custom)
2023-09-07 04:53:18,834 [main] INFO  server.RaftServerConfigKeys (ConfUtils.java:logGet(46)) - raft.server.threadpool.proxy.cached = true (default)
2023-09-07 04:53:18,834 [main] INFO  server.RaftServerConfigKeys (ConfUtils.java:logGet(46)) - raft.server.threadpool.proxy.size = 0 (default)
2023-09-07 04:53:18,835 [main] INFO  server.RaftServerConfigKeys (ConfUtils.java:logGet(46)) - raft.server.rpc.slowness.timeout = 300s (custom)
2023-09-07 04:53:18,835 [main] INFO  server.RaftServerConfigKeys (ConfUtils.java:logGet(46)) - raft.server.leaderelection.leader.step-down.wait-time = 10s (default)
2023-09-07 04:53:18,835 [main] INFO  server.RaftServerConfigKeys (ConfUtils.java:logGet(46)) - raft.server.storage.dir = [/home/runner/work/ozone/ozone/hadoop-ozone/integration-test/target/test-dir/MiniOzoneClusterImpl-91ddfec9-c3c1-434b-8c78-5e40d1aa2819/datanode-1/data/ratis] (custom)
2023-09-07 04:53:18,836 [87043b48-aa73-4006-a4ab-d1e7624806a9-NettyServerStreamRpc-bossGroup--thread1] INFO  logging.LoggingHandler (AbstractInternalLogger.java:log(148)) - [id: 0xdb1ec655] REGISTERED
2023-09-07 04:53:18,836 [87043b48-aa73-4006-a4ab-d1e7624806a9-NettyServerStreamRpc-bossGroup--thread1] INFO  logging.LoggingHandler (AbstractInternalLogger.java:log(148)) - [id: 0xdb1ec655] BIND: 0.0.0.0/0.0.0.0:15183
2023-09-07 04:53:18,836 [87043b48-aa73-4006-a4ab-d1e7624806a9-NettyServerStreamRpc-bossGroup--thread1] INFO  logging.LoggingHandler (AbstractInternalLogger.java:log(148)) - [id: 0xdb1ec655, L:/0:0:0:0:0:0:0:0:15183] ACTIVE
2023-09-07 04:53:18,836 [87043b48-aa73-4006-a4ab-d1e7624806a9-impl-thread1] INFO  server.RaftServer (RaftServerProxy.java:initGroupDir(258)) - 87043b48-aa73-4006-a4ab-d1e7624806a9: found a subdirectory /home/runner/work/ozone/ozone/hadoop-ozone/integration-test/target/test-dir/MiniOzoneClusterImpl-91ddfec9-c3c1-434b-8c78-5e40d1aa2819/datanode-1/data/ratis/tmp
2023-09-07 04:53:18,836 [87043b48-aa73-4006-a4ab-d1e7624806a9-impl-thread1] INFO  server.RaftServer (RaftServerProxy.java:initGroupDir(263)) - 87043b48-aa73-4006-a4ab-d1e7624806a9: The directory /home/runner/work/ozone/ozone/hadoop-ozone/integration-test/target/test-dir/MiniOzoneClusterImpl-91ddfec9-c3c1-434b-8c78-5e40d1aa2819/datanode-1/data/ratis/tmp is not a group directory; ignoring it. 
2023-09-07 04:53:18,837 [main] INFO  replication.ReplicationServer (ReplicationServer.java:<init>(81)) - Initializing replication server with thread count = 10
2023-09-07 04:53:18,838 [main] INFO  server.XceiverServerGrpc (XceiverServerGrpc.java:<init>(132)) - GrpcServer channel type EpollServerSocketChannel
2023-09-07 04:53:18,840 [main] INFO  replication.ReplicationSupervisor (ReplicationSupervisor.java:build(155)) - Initializing replication supervisor with thread count = 10
2023-09-07 04:53:18,840 [main] INFO  replication.ReplicationSupervisor (ReplicationSupervisor.java:nodeStateUpdated(307)) - Node state updated to IN_SERVICE, scaling executor pool size to 10
2023-09-07 04:53:18,845 [main] INFO  http.BaseHttpServer (BaseHttpServer.java:newHttpServer2BuilderForOzone(223)) - Starting Web-server for hddsDatanode at: http://0.0.0.0:15177
2023-09-07 04:53:18,845 [main] INFO  http.BaseHttpServer (BaseHttpServer.java:<init>(110)) - Hadoop Security Enabled: false Ozone Security Enabled: false Ozone HTTP Security Enabled: false 
2023-09-07 04:53:18,846 [main] WARN  server.AuthenticationFilter (AuthenticationFilter.java:constructSecretProvider(240)) - Unable to initialize FileSignerSecretProvider, falling back to use random secrets. Reason: Could not read signature secret file: /home/runner/hadoop-http-auth-signature-secret
2023-09-07 04:53:18,847 [main] INFO  http.HttpRequestLog (HttpRequestLog.java:getRequestLog(86)) - Http request log for http.requests.hddsDatanode is not defined
2023-09-07 04:53:18,849 [main] INFO  http.HttpServer2 (HttpServer2.java:addGlobalFilter(1031)) - Added global filter 'safety' (class=org.apache.hadoop.hdds.server.http.HttpServer2$QuotingInputFilter)
2023-09-07 04:53:18,849 [main] INFO  http.HttpServer2 (HttpServer2.java:addFilter(1007)) - Added filter static_user_filter (class=org.apache.hadoop.http.lib.StaticUserWebFilter$StaticUserFilter) to context hddsDatanode
2023-09-07 04:53:18,849 [main] INFO  http.HttpServer2 (HttpServer2.java:addFilter(1015)) - Added filter static_user_filter (class=org.apache.hadoop.http.lib.StaticUserWebFilter$StaticUserFilter) to context logs
2023-09-07 04:53:18,849 [main] INFO  http.HttpServer2 (HttpServer2.java:addFilter(1015)) - Added filter static_user_filter (class=org.apache.hadoop.http.lib.StaticUserWebFilter$StaticUserFilter) to context static
2023-09-07 04:53:18,850 [main] INFO  http.BaseHttpServer (BaseHttpServer.java:<init>(189)) - HTTP server of hddsDatanode uses base directory /home/runner/work/ozone/ozone/hadoop-ozone/integration-test/target/test-dir/MiniOzoneClusterImpl-91ddfec9-c3c1-434b-8c78-5e40d1aa2819/datanode-1/meta/webserver
2023-09-07 04:53:18,851 [main] INFO  http.HttpServer2 (HttpServer2.java:bindListener(1231)) - Jetty bound to port 15177
2023-09-07 04:53:18,851 [main] INFO  server.Server (Server.java:doStart(375)) - jetty-9.4.51.v20230217; built: 2023-02-17T08:19:37.309Z; git: b45c405e4544384de066f814ed42ae3dceacdd49; jvm 1.8.0_382-b05
2023-09-07 04:53:18,854 [main] INFO  server.session (DefaultSessionIdManager.java:doStart(334)) - DefaultSessionIdManager workerName=node0
2023-09-07 04:53:18,854 [main] INFO  server.session (DefaultSessionIdManager.java:doStart(339)) - No SessionScavenger set, using defaults
2023-09-07 04:53:18,854 [main] INFO  server.session (HouseKeeper.java:startScavenging(132)) - node0 Scavenging every 660000ms
2023-09-07 04:53:18,857 [main] INFO  handler.ContextHandler (ContextHandler.java:doStart(921)) - Started o.e.j.s.ServletContextHandler@59f08b80{logs,/logs,file:///home/runner/work/ozone/ozone/hadoop-ozone/integration-test/target/log,AVAILABLE}
2023-09-07 04:53:18,857 [main] INFO  handler.ContextHandler (ContextHandler.java:doStart(921)) - Started o.e.j.s.ServletContextHandler@3d90c009{static,/static,jar:file:/home/runner/.m2/repository/org/apache/ozone/hdds-container-service/1.4.0-SNAPSHOT/hdds-container-service-1.4.0-SNAPSHOT.jar!/webapps/static,AVAILABLE}
2023-09-07 04:53:19,121 [main] INFO  handler.ContextHandler (ContextHandler.java:doStart(921)) - Started o.e.j.w.WebAppContext@24ea79c9{hddsDatanode,/,file:///home/runner/work/ozone/ozone/hadoop-ozone/integration-test/target/test-dir/MiniOzoneClusterImpl-91ddfec9-c3c1-434b-8c78-5e40d1aa2819/datanode-1/meta/webserver/jetty-0_0_0_0-15177-hdds-container-service-1_4_0-SNAPSHOT_jar-_-any-2669212925961392328/webapp/,AVAILABLE}{jar:file:/home/runner/.m2/repository/org/apache/ozone/hdds-container-service/1.4.0-SNAPSHOT/hdds-container-service-1.4.0-SNAPSHOT.jar!/webapps/hddsDatanode}
2023-09-07 04:53:19,122 [main] INFO  server.AbstractConnector (AbstractConnector.java:doStart(333)) - Started ServerConnector@7e2046b5{HTTP/1.1, (http/1.1)}{0.0.0.0:15177}
2023-09-07 04:53:19,123 [main] INFO  server.Server (Server.java:doStart(415)) - Started @315185ms
2023-09-07 04:53:19,123 [main] WARN  impl.MetricsSystemImpl (MetricsSystemImpl.java:register(279)) - Sink prometheus already exists!
2023-09-07 04:53:19,123 [main] INFO  http.BaseHttpServer (BaseHttpServer.java:updateConnectorAddress(354)) - HTTP server of hddsDatanode listening at http://0.0.0.0:15177
2023-09-07 04:53:19,124 [main] INFO  ipc.CallQueueManager (CallQueueManager.java:<init>(90)) - Using callQueue: class java.util.concurrent.LinkedBlockingQueue, queueCapacity: 100, scheduler: class org.apache.hadoop.ipc.DefaultRpcScheduler, ipcBackoff: false.
2023-09-07 04:53:19,124 [main] INFO  ipc.Server (Server.java:<init>(1287)) - Listener at 0.0.0.0:15178
2023-09-07 04:53:19,125 [Socket Reader #1 for port 15178] INFO  ipc.Server (Server.java:run(1323)) - Starting Socket Reader #1 for port 15178
2023-09-07 04:53:19,128 [main] INFO  ozone.HddsDatanodeService (HddsDatanodeService.java:start(315)) - Datanode start with admins: [runner]
2023-09-07 04:53:19,128 [main] INFO  ozone.HddsDatanodeClientProtocolServer (HddsDatanodeClientProtocolServer.java:start(72)) - RPC server for Client /0.0.0.0:15178
2023-09-07 04:53:19,128 [IPC Server Responder] INFO  ipc.Server (Server.java:run(1562)) - IPC Server Responder: starting
2023-09-07 04:53:19,134 [main] WARN  impl.MetricRegistriesImpl (MetricRegistriesImpl.java:addReporterRegistration(111)) - New reporters are added after registries were created. Some metrics will be missing from the reporter. Please add reporter before adding any new registry.
2023-09-07 04:53:19,134 [main] WARN  impl.MetricRegistriesImpl (MetricRegistriesImpl.java:addReporterRegistration(111)) - New reporters are added after registries were created. Some metrics will be missing from the reporter. Please add reporter before adding any new registry.
2023-09-07 04:53:19,134 [Datanode State Machine Daemon Thread] INFO  statemachine.DatanodeStateMachine (DatanodeStateMachine.java:lambda$startDaemon$0(538)) - Ozone container server started.
2023-09-07 04:53:19,135 [IPC Server listener on 15178] INFO  ipc.Server (Server.java:run(1402)) - IPC Server listener on 15178: starting
2023-09-07 04:53:19,135 [main] INFO  impl.MetricsSystemImpl (MetricsSystemImpl.java:init(158)) - HddsDatanode metrics system started (again)
2023-09-07 04:53:19,149 [Datanode State Machine Task Thread - 0] INFO  datanode.InitDatanodeState (InitDatanodeState.java:persistContainerDatanodeDetails(138)) - DatanodeDetails is persisted to /home/runner/work/ozone/ozone/hadoop-ozone/integration-test/target/test-dir/MiniOzoneClusterImpl-91ddfec9-c3c1-434b-8c78-5e40d1aa2819/datanode-1/meta/datanode.id
2023-09-07 04:53:19,159 [main] INFO  ozone.HddsDatanodeService (HddsDatanodeService.java:start(237)) - HddsDatanodeService host:fv-az163-854.ksqkok1cighebdh5ckq0wc3qdf.dx.internal.cloudapp.net ip:10.1.0.9
2023-09-07 04:53:19,198 [main] INFO  upgrade.AbstractLayoutVersionManager (AbstractLayoutVersionManager.java:init(83)) - Initializing Layout version manager with metadata layout = HADOOP_PRC_PORTS_IN_DATANODEDETAILS (version = 7), software layout = HADOOP_PRC_PORTS_IN_DATANODEDETAILS (version = 7)
2023-09-07 04:53:19,200 [main] INFO  statemachine.DatanodeStateMachine (DatanodeStateMachine.java:getEndPointTaskThreadPoolSize(282)) - Datanode State Machine Task Thread Pool size 2
2023-09-07 04:53:19,202 [main] INFO  volume.HddsVolume (HddsVolume.java:<init>(126)) - Creating HddsVolume: /home/runner/work/ozone/ozone/hadoop-ozone/integration-test/target/test-dir/MiniOzoneClusterImpl-91ddfec9-c3c1-434b-8c78-5e40d1aa2819/datanode-2/data-0/containers/hdds of storage type : DISK capacity : 9223372036854775807
2023-09-07 04:53:19,202 [main] INFO  volume.MutableVolumeSet (MutableVolumeSet.java:initializeVolumeSet(173)) - Added Volume : /home/runner/work/ozone/ozone/hadoop-ozone/integration-test/target/test-dir/MiniOzoneClusterImpl-91ddfec9-c3c1-434b-8c78-5e40d1aa2819/datanode-2/data-0/containers/hdds to VolumeSet
2023-09-07 04:53:19,212 [main] INFO  volume.MutableVolumeSet (MutableVolumeSet.java:initializeVolumeSet(173)) - Added Volume : /home/runner/work/ozone/ozone/hadoop-ozone/integration-test/target/test-dir/MiniOzoneClusterImpl-91ddfec9-c3c1-434b-8c78-5e40d1aa2819/datanode-2/data/ratis to VolumeSet
2023-09-07 04:53:19,212 [Thread-1959] INFO  ozoneimpl.ContainerReader (ContainerReader.java:readVolume(177)) - Finish verifying containers on volume /home/runner/work/ozone/ozone/hadoop-ozone/integration-test/target/test-dir/MiniOzoneClusterImpl-91ddfec9-c3c1-434b-8c78-5e40d1aa2819/datanode-2/data-0/containers/hdds
2023-09-07 04:53:19,213 [main] INFO  ozoneimpl.OzoneContainer (OzoneContainer.java:buildContainerSet(314)) - Build ContainerSet costs 0s
2023-09-07 04:53:19,216 [main] INFO  server.RaftServer (ConfUtils.java:logGet(46)) - raft.rpc.type = GRPC (default)
2023-09-07 04:53:19,216 [main] INFO  grpc.GrpcConfigKeys (ConfUtils.java:logFallback(53)) - raft.grpc.admin.host = null (fallback to raft.grpc.server.host)
2023-09-07 04:53:19,217 [main] INFO  grpc.GrpcConfigKeys (ConfUtils.java:logGet(46)) - raft.grpc.admin.port = 15190 (custom)
2023-09-07 04:53:19,217 [main] INFO  grpc.GrpcConfigKeys (ConfUtils.java:logFallback(53)) - raft.grpc.client.host = null (fallback to raft.grpc.server.host)
2023-09-07 04:53:19,217 [main] INFO  grpc.GrpcConfigKeys (ConfUtils.java:logGet(46)) - raft.grpc.client.port = 15189 (custom)
2023-09-07 04:53:19,217 [main] INFO  grpc.GrpcConfigKeys (ConfUtils.java:logGet(46)) - raft.grpc.server.host = null (default)
2023-09-07 04:53:19,217 [main] INFO  grpc.GrpcConfigKeys (ConfUtils.java:logGet(46)) - raft.grpc.server.port = 15191 (custom)
2023-09-07 04:53:19,217 [main] INFO  server.GrpcService (ConfUtils.java:logGet(46)) - raft.grpc.message.size.max = 32MB (=33554432) (custom)
2023-09-07 04:53:19,218 [main] INFO  server.RaftServerConfigKeys (ConfUtils.java:logGet(46)) - raft.server.log.appender.buffer.byte-limit = 33554432 (custom)
2023-09-07 04:53:19,218 [main] INFO  server.GrpcService (ConfUtils.java:logGet(46)) - raft.grpc.flow.control.window = 5MB (=5242880) (custom)
2023-09-07 04:53:19,218 [main] INFO  server.RaftServerConfigKeys (ConfUtils.java:logGet(46)) - raft.server.rpc.request.timeout = 60s (custom)
2023-09-07 04:53:19,218 [main] INFO  grpc.GrpcConfigKeys (ConfUtils.java:logGet(46)) - raft.grpc.server.heartbeat.channel = true (default)
2023-09-07 04:53:19,218 [main] INFO  grpc.GrpcConfigKeys (ConfUtils.java:logGet(46)) - raft.grpc.server.async.request.thread.pool.cached = true (default)
2023-09-07 04:53:19,218 [main] INFO  grpc.GrpcConfigKeys (ConfUtils.java:logGet(46)) - raft.grpc.server.async.request.thread.pool.size = 32 (default)
2023-09-07 04:53:19,221 [main] INFO  impl.DataStreamServerImpl (ConfUtils.java:logGet(46)) - raft.datastream.type = NETTY (custom)
2023-09-07 04:53:19,222 [main] INFO  server.RaftServerConfigKeys (ConfUtils.java:logGet(46)) - raft.server.data-stream.async.request.thread.pool.cached = false (default)
2023-09-07 04:53:19,222 [main] INFO  server.RaftServerConfigKeys (ConfUtils.java:logGet(46)) - raft.server.data-stream.async.request.thread.pool.size = 20 (custom)
2023-09-07 04:53:19,222 [main] INFO  server.RaftServerConfigKeys (ConfUtils.java:logGet(46)) - raft.server.data-stream.async.write.thread.pool.size = 16 (default)
2023-09-07 04:53:19,222 [main] INFO  server.RaftServerConfigKeys (ConfUtils.java:logGet(46)) - raft.server.data-stream.client.pool.size = 10 (default)
2023-09-07 04:53:19,222 [main] INFO  netty.NettyConfigKeys$DataStream (ConfUtils.java:logGet(46)) - raft.netty.dataStream.server.use-epoll = false (default)
2023-09-07 04:53:19,223 [main] INFO  netty.NettyConfigKeys$DataStream (ConfUtils.java:logGet(46)) - raft.netty.dataStream.server.boss-group.size = 0 (default)
2023-09-07 04:53:19,223 [main] INFO  netty.NettyConfigKeys$DataStream (ConfUtils.java:logGet(46)) - raft.netty.dataStream.server.worker-group.size = 0 (default)
2023-09-07 04:53:19,223 [main] INFO  netty.NettyConfigKeys$DataStream (ConfUtils.java:logGet(46)) - raft.netty.dataStream.server.tls.conf = null (default)
2023-09-07 04:53:19,224 [main] INFO  netty.NettyConfigKeys$DataStream (ConfUtils.java:logGet(46)) - raft.netty.dataStream.host = null (default)
2023-09-07 04:53:19,224 [main] INFO  netty.NettyConfigKeys$DataStream (ConfUtils.java:logGet(46)) - raft.netty.dataStream.port = 15192 (custom)
2023-09-07 04:53:19,225 [main] INFO  server.RaftServerConfigKeys (ConfUtils.java:logGet(46)) - raft.server.threadpool.proxy.cached = true (default)
2023-09-07 04:53:19,226 [main] INFO  server.RaftServerConfigKeys (ConfUtils.java:logGet(46)) - raft.server.threadpool.proxy.size = 0 (default)
2023-09-07 04:53:19,226 [main] INFO  server.RaftServerConfigKeys (ConfUtils.java:logGet(46)) - raft.server.rpc.slowness.timeout = 300s (custom)
2023-09-07 04:53:19,226 [main] INFO  server.RaftServerConfigKeys (ConfUtils.java:logGet(46)) - raft.server.leaderelection.leader.step-down.wait-time = 10s (default)
2023-09-07 04:53:19,226 [main] INFO  server.RaftServerConfigKeys (ConfUtils.java:logGet(46)) - raft.server.storage.dir = [/home/runner/work/ozone/ozone/hadoop-ozone/integration-test/target/test-dir/MiniOzoneClusterImpl-91ddfec9-c3c1-434b-8c78-5e40d1aa2819/datanode-2/data/ratis] (custom)
2023-09-07 04:53:19,227 [5e8b1818-5304-4881-9e46-c74e35e46625-NettyServerStreamRpc-bossGroup--thread1] INFO  logging.LoggingHandler (AbstractInternalLogger.java:log(148)) - [id: 0x5ca6d5f8] REGISTERED
2023-09-07 04:53:19,227 [5e8b1818-5304-4881-9e46-c74e35e46625-NettyServerStreamRpc-bossGroup--thread1] INFO  logging.LoggingHandler (AbstractInternalLogger.java:log(148)) - [id: 0x5ca6d5f8] BIND: 0.0.0.0/0.0.0.0:15192
2023-09-07 04:53:19,227 [5e8b1818-5304-4881-9e46-c74e35e46625-NettyServerStreamRpc-bossGroup--thread1] INFO  logging.LoggingHandler (AbstractInternalLogger.java:log(148)) - [id: 0x5ca6d5f8, L:/0:0:0:0:0:0:0:0:15192] ACTIVE
2023-09-07 04:53:19,230 [5e8b1818-5304-4881-9e46-c74e35e46625-impl-thread1] INFO  server.RaftServer (RaftServerProxy.java:initGroupDir(258)) - 5e8b1818-5304-4881-9e46-c74e35e46625: found a subdirectory /home/runner/work/ozone/ozone/hadoop-ozone/integration-test/target/test-dir/MiniOzoneClusterImpl-91ddfec9-c3c1-434b-8c78-5e40d1aa2819/datanode-2/data/ratis/tmp
2023-09-07 04:53:19,230 [5e8b1818-5304-4881-9e46-c74e35e46625-impl-thread1] INFO  server.RaftServer (RaftServerProxy.java:initGroupDir(263)) - 5e8b1818-5304-4881-9e46-c74e35e46625: The directory /home/runner/work/ozone/ozone/hadoop-ozone/integration-test/target/test-dir/MiniOzoneClusterImpl-91ddfec9-c3c1-434b-8c78-5e40d1aa2819/datanode-2/data/ratis/tmp is not a group directory; ignoring it. 
2023-09-07 04:53:19,230 [main] INFO  replication.ReplicationServer (ReplicationServer.java:<init>(81)) - Initializing replication server with thread count = 10
2023-09-07 04:53:19,231 [main] INFO  server.XceiverServerGrpc (XceiverServerGrpc.java:<init>(132)) - GrpcServer channel type EpollServerSocketChannel
2023-09-07 04:53:19,235 [main] INFO  replication.ReplicationSupervisor (ReplicationSupervisor.java:build(155)) - Initializing replication supervisor with thread count = 10
2023-09-07 04:53:19,235 [main] INFO  replication.ReplicationSupervisor (ReplicationSupervisor.java:nodeStateUpdated(307)) - Node state updated to IN_SERVICE, scaling executor pool size to 10
2023-09-07 04:53:19,239 [main] INFO  http.BaseHttpServer (BaseHttpServer.java:newHttpServer2BuilderForOzone(223)) - Starting Web-server for hddsDatanode at: http://0.0.0.0:15186
2023-09-07 04:53:19,239 [main] INFO  http.BaseHttpServer (BaseHttpServer.java:<init>(110)) - Hadoop Security Enabled: false Ozone Security Enabled: false Ozone HTTP Security Enabled: false 
2023-09-07 04:53:19,240 [main] WARN  server.AuthenticationFilter (AuthenticationFilter.java:constructSecretProvider(240)) - Unable to initialize FileSignerSecretProvider, falling back to use random secrets. Reason: Could not read signature secret file: /home/runner/hadoop-http-auth-signature-secret
2023-09-07 04:53:19,241 [main] INFO  http.HttpRequestLog (HttpRequestLog.java:getRequestLog(86)) - Http request log for http.requests.hddsDatanode is not defined
2023-09-07 04:53:19,242 [main] INFO  http.HttpServer2 (HttpServer2.java:addGlobalFilter(1031)) - Added global filter 'safety' (class=org.apache.hadoop.hdds.server.http.HttpServer2$QuotingInputFilter)
2023-09-07 04:53:19,245 [main] INFO  http.HttpServer2 (HttpServer2.java:addFilter(1007)) - Added filter static_user_filter (class=org.apache.hadoop.http.lib.StaticUserWebFilter$StaticUserFilter) to context hddsDatanode
2023-09-07 04:53:19,245 [main] INFO  http.HttpServer2 (HttpServer2.java:addFilter(1015)) - Added filter static_user_filter (class=org.apache.hadoop.http.lib.StaticUserWebFilter$StaticUserFilter) to context static
2023-09-07 04:53:19,245 [main] INFO  http.HttpServer2 (HttpServer2.java:addFilter(1015)) - Added filter static_user_filter (class=org.apache.hadoop.http.lib.StaticUserWebFilter$StaticUserFilter) to context logs
2023-09-07 04:53:19,246 [main] INFO  http.BaseHttpServer (BaseHttpServer.java:<init>(189)) - HTTP server of hddsDatanode uses base directory /home/runner/work/ozone/ozone/hadoop-ozone/integration-test/target/test-dir/MiniOzoneClusterImpl-91ddfec9-c3c1-434b-8c78-5e40d1aa2819/datanode-2/meta/webserver
2023-09-07 04:53:19,246 [main] INFO  http.HttpServer2 (HttpServer2.java:bindListener(1231)) - Jetty bound to port 15186
2023-09-07 04:53:19,246 [main] INFO  server.Server (Server.java:doStart(375)) - jetty-9.4.51.v20230217; built: 2023-02-17T08:19:37.309Z; git: b45c405e4544384de066f814ed42ae3dceacdd49; jvm 1.8.0_382-b05
2023-09-07 04:53:19,249 [main] INFO  server.session (DefaultSessionIdManager.java:doStart(334)) - DefaultSessionIdManager workerName=node0
2023-09-07 04:53:19,249 [main] INFO  server.session (DefaultSessionIdManager.java:doStart(339)) - No SessionScavenger set, using defaults
2023-09-07 04:53:19,249 [main] INFO  server.session (HouseKeeper.java:startScavenging(132)) - node0 Scavenging every 600000ms
2023-09-07 04:53:19,250 [main] INFO  handler.ContextHandler (ContextHandler.java:doStart(921)) - Started o.e.j.s.ServletContextHandler@134f3ef3{logs,/logs,file:///home/runner/work/ozone/ozone/hadoop-ozone/integration-test/target/log,AVAILABLE}
2023-09-07 04:53:19,250 [main] INFO  handler.ContextHandler (ContextHandler.java:doStart(921)) - Started o.e.j.s.ServletContextHandler@5e4b90cf{static,/static,jar:file:/home/runner/.m2/repository/org/apache/ozone/hdds-container-service/1.4.0-SNAPSHOT/hdds-container-service-1.4.0-SNAPSHOT.jar!/webapps/static,AVAILABLE}
2023-09-07 04:53:19,499 [main] INFO  handler.ContextHandler (ContextHandler.java:doStart(921)) - Started o.e.j.w.WebAppContext@5701b17{hddsDatanode,/,file:///home/runner/work/ozone/ozone/hadoop-ozone/integration-test/target/test-dir/MiniOzoneClusterImpl-91ddfec9-c3c1-434b-8c78-5e40d1aa2819/datanode-2/meta/webserver/jetty-0_0_0_0-15186-hdds-container-service-1_4_0-SNAPSHOT_jar-_-any-1680850421964466892/webapp/,AVAILABLE}{jar:file:/home/runner/.m2/repository/org/apache/ozone/hdds-container-service/1.4.0-SNAPSHOT/hdds-container-service-1.4.0-SNAPSHOT.jar!/webapps/hddsDatanode}
2023-09-07 04:53:19,501 [main] INFO  server.AbstractConnector (AbstractConnector.java:doStart(333)) - Started ServerConnector@31c79508{HTTP/1.1, (http/1.1)}{0.0.0.0:15186}
2023-09-07 04:53:19,501 [main] INFO  server.Server (Server.java:doStart(415)) - Started @315564ms
2023-09-07 04:53:19,501 [main] WARN  impl.MetricsSystemImpl (MetricsSystemImpl.java:register(279)) - Sink prometheus already exists!
2023-09-07 04:53:19,502 [main] INFO  http.BaseHttpServer (BaseHttpServer.java:updateConnectorAddress(354)) - HTTP server of hddsDatanode listening at http://0.0.0.0:15186
2023-09-07 04:53:19,503 [main] INFO  ipc.CallQueueManager (CallQueueManager.java:<init>(90)) - Using callQueue: class java.util.concurrent.LinkedBlockingQueue, queueCapacity: 100, scheduler: class org.apache.hadoop.ipc.DefaultRpcScheduler, ipcBackoff: false.
2023-09-07 04:53:19,503 [main] INFO  ipc.Server (Server.java:<init>(1287)) - Listener at 0.0.0.0:15187
2023-09-07 04:53:19,505 [Socket Reader #1 for port 15187] INFO  ipc.Server (Server.java:run(1323)) - Starting Socket Reader #1 for port 15187
2023-09-07 04:53:19,511 [main] INFO  ozone.HddsDatanodeService (HddsDatanodeService.java:start(315)) - Datanode start with admins: [runner]
2023-09-07 04:53:19,511 [main] INFO  ozone.HddsDatanodeClientProtocolServer (HddsDatanodeClientProtocolServer.java:start(72)) - RPC server for Client /0.0.0.0:15187
2023-09-07 04:53:19,513 [IPC Server Responder] INFO  ipc.Server (Server.java:run(1562)) - IPC Server Responder: starting
2023-09-07 04:53:19,513 [IPC Server listener on 15187] INFO  ipc.Server (Server.java:run(1402)) - IPC Server listener on 15187: starting
2023-09-07 04:53:19,516 [main] WARN  impl.MetricRegistriesImpl (MetricRegistriesImpl.java:addReporterRegistration(111)) - New reporters are added after registries were created. Some metrics will be missing from the reporter. Please add reporter before adding any new registry.
2023-09-07 04:53:19,516 [main] WARN  impl.MetricRegistriesImpl (MetricRegistriesImpl.java:addReporterRegistration(111)) - New reporters are added after registries were created. Some metrics will be missing from the reporter. Please add reporter before adding any new registry.
2023-09-07 04:53:19,516 [main] INFO  impl.MetricsSystemImpl (MetricsSystemImpl.java:init(158)) - HddsDatanode metrics system started (again)
2023-09-07 04:53:19,517 [Datanode State Machine Daemon Thread] INFO  statemachine.DatanodeStateMachine (DatanodeStateMachine.java:lambda$startDaemon$0(538)) - Ozone container server started.
2023-09-07 04:53:19,529 [Datanode State Machine Task Thread - 0] INFO  datanode.InitDatanodeState (InitDatanodeState.java:persistContainerDatanodeDetails(138)) - DatanodeDetails is persisted to /home/runner/work/ozone/ozone/hadoop-ozone/integration-test/target/test-dir/MiniOzoneClusterImpl-91ddfec9-c3c1-434b-8c78-5e40d1aa2819/datanode-2/meta/datanode.id
2023-09-07 04:53:19,541 [main] INFO  ozone.HddsDatanodeService (HddsDatanodeService.java:start(237)) - HddsDatanodeService host:fv-az163-854.ksqkok1cighebdh5ckq0wc3qdf.dx.internal.cloudapp.net ip:10.1.0.9
2023-09-07 04:53:19,571 [main] INFO  upgrade.AbstractLayoutVersionManager (AbstractLayoutVersionManager.java:init(83)) - Initializing Layout version manager with metadata layout = HADOOP_PRC_PORTS_IN_DATANODEDETAILS (version = 7), software layout = HADOOP_PRC_PORTS_IN_DATANODEDETAILS (version = 7)
2023-09-07 04:53:19,571 [main] INFO  statemachine.DatanodeStateMachine (DatanodeStateMachine.java:getEndPointTaskThreadPoolSize(282)) - Datanode State Machine Task Thread Pool size 2
2023-09-07 04:53:19,572 [main] INFO  volume.HddsVolume (HddsVolume.java:<init>(126)) - Creating HddsVolume: /home/runner/work/ozone/ozone/hadoop-ozone/integration-test/target/test-dir/MiniOzoneClusterImpl-91ddfec9-c3c1-434b-8c78-5e40d1aa2819/datanode-3/data-0/containers/hdds of storage type : DISK capacity : 9223372036854775807
2023-09-07 04:53:19,573 [main] INFO  volume.MutableVolumeSet (MutableVolumeSet.java:initializeVolumeSet(173)) - Added Volume : /home/runner/work/ozone/ozone/hadoop-ozone/integration-test/target/test-dir/MiniOzoneClusterImpl-91ddfec9-c3c1-434b-8c78-5e40d1aa2819/datanode-3/data-0/containers/hdds to VolumeSet
2023-09-07 04:53:19,573 [main] INFO  volume.MutableVolumeSet (MutableVolumeSet.java:initializeVolumeSet(173)) - Added Volume : /home/runner/work/ozone/ozone/hadoop-ozone/integration-test/target/test-dir/MiniOzoneClusterImpl-91ddfec9-c3c1-434b-8c78-5e40d1aa2819/datanode-3/data/ratis to VolumeSet
2023-09-07 04:53:19,575 [Thread-1976] INFO  ozoneimpl.ContainerReader (ContainerReader.java:readVolume(177)) - Finish verifying containers on volume /home/runner/work/ozone/ozone/hadoop-ozone/integration-test/target/test-dir/MiniOzoneClusterImpl-91ddfec9-c3c1-434b-8c78-5e40d1aa2819/datanode-3/data-0/containers/hdds
2023-09-07 04:53:19,575 [main] INFO  ozoneimpl.OzoneContainer (OzoneContainer.java:buildContainerSet(314)) - Build ContainerSet costs 0s
2023-09-07 04:53:19,577 [main] INFO  server.RaftServer (ConfUtils.java:logGet(46)) - raft.rpc.type = GRPC (default)
2023-09-07 04:53:19,577 [main] INFO  grpc.GrpcConfigKeys (ConfUtils.java:logFallback(53)) - raft.grpc.admin.host = null (fallback to raft.grpc.server.host)
2023-09-07 04:53:19,577 [main] INFO  grpc.GrpcConfigKeys (ConfUtils.java:logGet(46)) - raft.grpc.admin.port = 15199 (custom)
2023-09-07 04:53:19,578 [main] INFO  grpc.GrpcConfigKeys (ConfUtils.java:logFallback(53)) - raft.grpc.client.host = null (fallback to raft.grpc.server.host)
2023-09-07 04:53:19,578 [main] INFO  grpc.GrpcConfigKeys (ConfUtils.java:logGet(46)) - raft.grpc.client.port = 15198 (custom)
2023-09-07 04:53:19,578 [main] INFO  grpc.GrpcConfigKeys (ConfUtils.java:logGet(46)) - raft.grpc.server.host = null (default)
2023-09-07 04:53:19,578 [main] INFO  grpc.GrpcConfigKeys (ConfUtils.java:logGet(46)) - raft.grpc.server.port = 15200 (custom)
2023-09-07 04:53:19,578 [main] INFO  server.GrpcService (ConfUtils.java:logGet(46)) - raft.grpc.message.size.max = 32MB (=33554432) (custom)
2023-09-07 04:53:19,578 [main] INFO  server.RaftServerConfigKeys (ConfUtils.java:logGet(46)) - raft.server.log.appender.buffer.byte-limit = 33554432 (custom)
2023-09-07 04:53:19,578 [main] INFO  server.GrpcService (ConfUtils.java:logGet(46)) - raft.grpc.flow.control.window = 5MB (=5242880) (custom)
2023-09-07 04:53:19,579 [main] INFO  server.RaftServerConfigKeys (ConfUtils.java:logGet(46)) - raft.server.rpc.request.timeout = 60s (custom)
2023-09-07 04:53:19,579 [main] INFO  grpc.GrpcConfigKeys (ConfUtils.java:logGet(46)) - raft.grpc.server.heartbeat.channel = true (default)
2023-09-07 04:53:19,579 [main] INFO  grpc.GrpcConfigKeys (ConfUtils.java:logGet(46)) - raft.grpc.server.async.request.thread.pool.cached = true (default)
2023-09-07 04:53:19,579 [main] INFO  grpc.GrpcConfigKeys (ConfUtils.java:logGet(46)) - raft.grpc.server.async.request.thread.pool.size = 32 (default)
2023-09-07 04:53:19,582 [main] INFO  impl.DataStreamServerImpl (ConfUtils.java:logGet(46)) - raft.datastream.type = NETTY (custom)
2023-09-07 04:53:19,582 [main] INFO  server.RaftServerConfigKeys (ConfUtils.java:logGet(46)) - raft.server.data-stream.async.request.thread.pool.cached = false (default)
2023-09-07 04:53:19,582 [main] INFO  server.RaftServerConfigKeys (ConfUtils.java:logGet(46)) - raft.server.data-stream.async.request.thread.pool.size = 20 (custom)
2023-09-07 04:53:19,582 [main] INFO  server.RaftServerConfigKeys (ConfUtils.java:logGet(46)) - raft.server.data-stream.async.write.thread.pool.size = 16 (default)
2023-09-07 04:53:19,583 [main] INFO  server.RaftServerConfigKeys (ConfUtils.java:logGet(46)) - raft.server.data-stream.client.pool.size = 10 (default)
2023-09-07 04:53:19,583 [main] INFO  netty.NettyConfigKeys$DataStream (ConfUtils.java:logGet(46)) - raft.netty.dataStream.server.use-epoll = false (default)
2023-09-07 04:53:19,583 [main] INFO  netty.NettyConfigKeys$DataStream (ConfUtils.java:logGet(46)) - raft.netty.dataStream.server.boss-group.size = 0 (default)
2023-09-07 04:53:19,583 [main] INFO  netty.NettyConfigKeys$DataStream (ConfUtils.java:logGet(46)) - raft.netty.dataStream.server.worker-group.size = 0 (default)
2023-09-07 04:53:19,584 [main] INFO  netty.NettyConfigKeys$DataStream (ConfUtils.java:logGet(46)) - raft.netty.dataStream.server.tls.conf = null (default)
2023-09-07 04:53:19,584 [main] INFO  netty.NettyConfigKeys$DataStream (ConfUtils.java:logGet(46)) - raft.netty.dataStream.host = null (default)
2023-09-07 04:53:19,584 [main] INFO  netty.NettyConfigKeys$DataStream (ConfUtils.java:logGet(46)) - raft.netty.dataStream.port = 15201 (custom)
2023-09-07 04:53:19,585 [main] INFO  server.RaftServerConfigKeys (ConfUtils.java:logGet(46)) - raft.server.threadpool.proxy.cached = true (default)
2023-09-07 04:53:19,585 [main] INFO  server.RaftServerConfigKeys (ConfUtils.java:logGet(46)) - raft.server.threadpool.proxy.size = 0 (default)
2023-09-07 04:53:19,585 [00eba518-ec47-4b38-9f64-79409ef1ea16-NettyServerStreamRpc-bossGroup--thread1] INFO  logging.LoggingHandler (AbstractInternalLogger.java:log(148)) - [id: 0x195a9fe8] REGISTERED
2023-09-07 04:53:19,585 [main] INFO  server.RaftServerConfigKeys (ConfUtils.java:logGet(46)) - raft.server.rpc.slowness.timeout = 300s (custom)
2023-09-07 04:53:19,585 [00eba518-ec47-4b38-9f64-79409ef1ea16-NettyServerStreamRpc-bossGroup--thread1] INFO  logging.LoggingHandler (AbstractInternalLogger.java:log(148)) - [id: 0x195a9fe8] BIND: 0.0.0.0/0.0.0.0:15201
2023-09-07 04:53:19,586 [main] INFO  server.RaftServerConfigKeys (ConfUtils.java:logGet(46)) - raft.server.leaderelection.leader.step-down.wait-time = 10s (default)
2023-09-07 04:53:19,586 [main] INFO  server.RaftServerConfigKeys (ConfUtils.java:logGet(46)) - raft.server.storage.dir = [/home/runner/work/ozone/ozone/hadoop-ozone/integration-test/target/test-dir/MiniOzoneClusterImpl-91ddfec9-c3c1-434b-8c78-5e40d1aa2819/datanode-3/data/ratis] (custom)
2023-09-07 04:53:19,586 [00eba518-ec47-4b38-9f64-79409ef1ea16-impl-thread1] INFO  server.RaftServer (RaftServerProxy.java:initGroupDir(258)) - 00eba518-ec47-4b38-9f64-79409ef1ea16: found a subdirectory /home/runner/work/ozone/ozone/hadoop-ozone/integration-test/target/test-dir/MiniOzoneClusterImpl-91ddfec9-c3c1-434b-8c78-5e40d1aa2819/datanode-3/data/ratis/tmp
2023-09-07 04:53:19,586 [00eba518-ec47-4b38-9f64-79409ef1ea16-impl-thread1] INFO  server.RaftServer (RaftServerProxy.java:initGroupDir(263)) - 00eba518-ec47-4b38-9f64-79409ef1ea16: The directory /home/runner/work/ozone/ozone/hadoop-ozone/integration-test/target/test-dir/MiniOzoneClusterImpl-91ddfec9-c3c1-434b-8c78-5e40d1aa2819/datanode-3/data/ratis/tmp is not a group directory; ignoring it. 
2023-09-07 04:53:19,587 [main] INFO  replication.ReplicationServer (ReplicationServer.java:<init>(81)) - Initializing replication server with thread count = 10
2023-09-07 04:53:19,587 [00eba518-ec47-4b38-9f64-79409ef1ea16-NettyServerStreamRpc-bossGroup--thread1] INFO  logging.LoggingHandler (AbstractInternalLogger.java:log(148)) - [id: 0x195a9fe8, L:/0:0:0:0:0:0:0:0:15201] ACTIVE
2023-09-07 04:53:19,588 [main] INFO  server.XceiverServerGrpc (XceiverServerGrpc.java:<init>(132)) - GrpcServer channel type EpollServerSocketChannel
2023-09-07 04:53:19,590 [main] INFO  replication.ReplicationSupervisor (ReplicationSupervisor.java:build(155)) - Initializing replication supervisor with thread count = 10
2023-09-07 04:53:19,590 [main] INFO  replication.ReplicationSupervisor (ReplicationSupervisor.java:nodeStateUpdated(307)) - Node state updated to IN_SERVICE, scaling executor pool size to 10
2023-09-07 04:53:19,592 [main] INFO  http.BaseHttpServer (BaseHttpServer.java:newHttpServer2BuilderForOzone(223)) - Starting Web-server for hddsDatanode at: http://0.0.0.0:15195
2023-09-07 04:53:19,592 [main] INFO  http.BaseHttpServer (BaseHttpServer.java:<init>(110)) - Hadoop Security Enabled: false Ozone Security Enabled: false Ozone HTTP Security Enabled: false 
2023-09-07 04:53:19,594 [main] WARN  server.AuthenticationFilter (AuthenticationFilter.java:constructSecretProvider(240)) - Unable to initialize FileSignerSecretProvider, falling back to use random secrets. Reason: Could not read signature secret file: /home/runner/hadoop-http-auth-signature-secret
2023-09-07 04:53:19,596 [main] INFO  http.HttpRequestLog (HttpRequestLog.java:getRequestLog(86)) - Http request log for http.requests.hddsDatanode is not defined
2023-09-07 04:53:19,597 [main] INFO  http.HttpServer2 (HttpServer2.java:addGlobalFilter(1031)) - Added global filter 'safety' (class=org.apache.hadoop.hdds.server.http.HttpServer2$QuotingInputFilter)
2023-09-07 04:53:19,598 [main] INFO  http.HttpServer2 (HttpServer2.java:addFilter(1007)) - Added filter static_user_filter (class=org.apache.hadoop.http.lib.StaticUserWebFilter$StaticUserFilter) to context hddsDatanode
2023-09-07 04:53:19,598 [main] INFO  http.HttpServer2 (HttpServer2.java:addFilter(1015)) - Added filter static_user_filter (class=org.apache.hadoop.http.lib.StaticUserWebFilter$StaticUserFilter) to context static
2023-09-07 04:53:19,598 [main] INFO  http.HttpServer2 (HttpServer2.java:addFilter(1015)) - Added filter static_user_filter (class=org.apache.hadoop.http.lib.StaticUserWebFilter$StaticUserFilter) to context logs
2023-09-07 04:53:19,598 [main] INFO  http.BaseHttpServer (BaseHttpServer.java:<init>(189)) - HTTP server of hddsDatanode uses base directory /home/runner/work/ozone/ozone/hadoop-ozone/integration-test/target/test-dir/MiniOzoneClusterImpl-91ddfec9-c3c1-434b-8c78-5e40d1aa2819/datanode-3/meta/webserver
2023-09-07 04:53:19,599 [main] INFO  http.HttpServer2 (HttpServer2.java:bindListener(1231)) - Jetty bound to port 15195
2023-09-07 04:53:19,599 [main] INFO  server.Server (Server.java:doStart(375)) - jetty-9.4.51.v20230217; built: 2023-02-17T08:19:37.309Z; git: b45c405e4544384de066f814ed42ae3dceacdd49; jvm 1.8.0_382-b05
2023-09-07 04:53:19,603 [main] INFO  server.session (DefaultSessionIdManager.java:doStart(334)) - DefaultSessionIdManager workerName=node0
2023-09-07 04:53:19,603 [main] INFO  server.session (DefaultSessionIdManager.java:doStart(339)) - No SessionScavenger set, using defaults
2023-09-07 04:53:19,603 [main] INFO  server.session (HouseKeeper.java:startScavenging(132)) - node0 Scavenging every 600000ms
2023-09-07 04:53:19,604 [main] INFO  handler.ContextHandler (ContextHandler.java:doStart(921)) - Started o.e.j.s.ServletContextHandler@4c30acd{logs,/logs,file:///home/runner/work/ozone/ozone/hadoop-ozone/integration-test/target/log,AVAILABLE}
2023-09-07 04:53:19,604 [main] INFO  handler.ContextHandler (ContextHandler.java:doStart(921)) - Started o.e.j.s.ServletContextHandler@7a1711e3{static,/static,jar:file:/home/runner/.m2/repository/org/apache/ozone/hdds-container-service/1.4.0-SNAPSHOT/hdds-container-service-1.4.0-SNAPSHOT.jar!/webapps/static,AVAILABLE}
2023-09-07 04:53:19,856 [main] INFO  handler.ContextHandler (ContextHandler.java:doStart(921)) - Started o.e.j.w.WebAppContext@593b117a{hddsDatanode,/,file:///home/runner/work/ozone/ozone/hadoop-ozone/integration-test/target/test-dir/MiniOzoneClusterImpl-91ddfec9-c3c1-434b-8c78-5e40d1aa2819/datanode-3/meta/webserver/jetty-0_0_0_0-15195-hdds-container-service-1_4_0-SNAPSHOT_jar-_-any-5248620428740843580/webapp/,AVAILABLE}{jar:file:/home/runner/.m2/repository/org/apache/ozone/hdds-container-service/1.4.0-SNAPSHOT/hdds-container-service-1.4.0-SNAPSHOT.jar!/webapps/hddsDatanode}
2023-09-07 04:53:19,858 [main] INFO  server.AbstractConnector (AbstractConnector.java:doStart(333)) - Started ServerConnector@1931edf4{HTTP/1.1, (http/1.1)}{0.0.0.0:15195}
2023-09-07 04:53:19,858 [main] INFO  server.Server (Server.java:doStart(415)) - Started @315921ms
2023-09-07 04:53:19,858 [main] WARN  impl.MetricsSystemImpl (MetricsSystemImpl.java:register(279)) - Sink prometheus already exists!
2023-09-07 04:53:19,859 [main] INFO  http.BaseHttpServer (BaseHttpServer.java:updateConnectorAddress(354)) - HTTP server of hddsDatanode listening at http://0.0.0.0:15195
2023-09-07 04:53:19,860 [main] INFO  ipc.CallQueueManager (CallQueueManager.java:<init>(90)) - Using callQueue: class java.util.concurrent.LinkedBlockingQueue, queueCapacity: 100, scheduler: class org.apache.hadoop.ipc.DefaultRpcScheduler, ipcBackoff: false.
2023-09-07 04:53:19,860 [main] INFO  ipc.Server (Server.java:<init>(1287)) - Listener at 0.0.0.0:15196
2023-09-07 04:53:19,861 [Socket Reader #1 for port 15196] INFO  ipc.Server (Server.java:run(1323)) - Starting Socket Reader #1 for port 15196
2023-09-07 04:53:19,868 [main] INFO  ozone.HddsDatanodeService (HddsDatanodeService.java:start(315)) - Datanode start with admins: [runner]
2023-09-07 04:53:19,868 [main] INFO  ozone.HddsDatanodeClientProtocolServer (HddsDatanodeClientProtocolServer.java:start(72)) - RPC server for Client /0.0.0.0:15196
2023-09-07 04:53:19,869 [IPC Server Responder] INFO  ipc.Server (Server.java:run(1562)) - IPC Server Responder: starting
2023-09-07 04:53:19,874 [IPC Server listener on 15196] INFO  ipc.Server (Server.java:run(1402)) - IPC Server listener on 15196: starting
2023-09-07 04:53:19,876 [main] WARN  impl.MetricRegistriesImpl (MetricRegistriesImpl.java:addReporterRegistration(111)) - New reporters are added after registries were created. Some metrics will be missing from the reporter. Please add reporter before adding any new registry.
2023-09-07 04:53:19,877 [main] WARN  impl.MetricRegistriesImpl (MetricRegistriesImpl.java:addReporterRegistration(111)) - New reporters are added after registries were created. Some metrics will be missing from the reporter. Please add reporter before adding any new registry.
2023-09-07 04:53:19,877 [main] INFO  impl.MetricsSystemImpl (MetricsSystemImpl.java:init(158)) - HddsDatanode metrics system started (again)
2023-09-07 04:53:19,881 [Datanode State Machine Daemon Thread] INFO  statemachine.DatanodeStateMachine (DatanodeStateMachine.java:lambda$startDaemon$0(538)) - Ozone container server started.
2023-09-07 04:53:19,886 [Datanode State Machine Task Thread - 0] INFO  datanode.InitDatanodeState (InitDatanodeState.java:persistContainerDatanodeDetails(138)) - DatanodeDetails is persisted to /home/runner/work/ozone/ozone/hadoop-ozone/integration-test/target/test-dir/MiniOzoneClusterImpl-91ddfec9-c3c1-434b-8c78-5e40d1aa2819/datanode-3/meta/datanode.id
2023-09-07 04:53:19,893 [main] INFO  ozone.HddsDatanodeService (HddsDatanodeService.java:start(237)) - HddsDatanodeService host:fv-az163-854.ksqkok1cighebdh5ckq0wc3qdf.dx.internal.cloudapp.net ip:10.1.0.9
2023-09-07 04:53:19,920 [main] INFO  upgrade.AbstractLayoutVersionManager (AbstractLayoutVersionManager.java:init(83)) - Initializing Layout version manager with metadata layout = HADOOP_PRC_PORTS_IN_DATANODEDETAILS (version = 7), software layout = HADOOP_PRC_PORTS_IN_DATANODEDETAILS (version = 7)
2023-09-07 04:53:19,920 [main] INFO  statemachine.DatanodeStateMachine (DatanodeStateMachine.java:getEndPointTaskThreadPoolSize(282)) - Datanode State Machine Task Thread Pool size 2
2023-09-07 04:53:19,922 [main] INFO  volume.HddsVolume (HddsVolume.java:<init>(126)) - Creating HddsVolume: /home/runner/work/ozone/ozone/hadoop-ozone/integration-test/target/test-dir/MiniOzoneClusterImpl-91ddfec9-c3c1-434b-8c78-5e40d1aa2819/datanode-4/data-0/containers/hdds of storage type : DISK capacity : 9223372036854775807
2023-09-07 04:53:19,923 [main] INFO  volume.MutableVolumeSet (MutableVolumeSet.java:initializeVolumeSet(173)) - Added Volume : /home/runner/work/ozone/ozone/hadoop-ozone/integration-test/target/test-dir/MiniOzoneClusterImpl-91ddfec9-c3c1-434b-8c78-5e40d1aa2819/datanode-4/data-0/containers/hdds to VolumeSet
2023-09-07 04:53:19,923 [main] INFO  volume.MutableVolumeSet (MutableVolumeSet.java:initializeVolumeSet(173)) - Added Volume : /home/runner/work/ozone/ozone/hadoop-ozone/integration-test/target/test-dir/MiniOzoneClusterImpl-91ddfec9-c3c1-434b-8c78-5e40d1aa2819/datanode-4/data/ratis to VolumeSet
2023-09-07 04:53:19,924 [Thread-1993] INFO  ozoneimpl.ContainerReader (ContainerReader.java:readVolume(177)) - Finish verifying containers on volume /home/runner/work/ozone/ozone/hadoop-ozone/integration-test/target/test-dir/MiniOzoneClusterImpl-91ddfec9-c3c1-434b-8c78-5e40d1aa2819/datanode-4/data-0/containers/hdds
2023-09-07 04:53:19,924 [main] INFO  ozoneimpl.OzoneContainer (OzoneContainer.java:buildContainerSet(314)) - Build ContainerSet costs 0s
2023-09-07 04:53:19,926 [main] INFO  server.RaftServer (ConfUtils.java:logGet(46)) - raft.rpc.type = GRPC (default)
2023-09-07 04:53:19,927 [main] INFO  grpc.GrpcConfigKeys (ConfUtils.java:logFallback(53)) - raft.grpc.admin.host = null (fallback to raft.grpc.server.host)
2023-09-07 04:53:19,927 [main] INFO  grpc.GrpcConfigKeys (ConfUtils.java:logGet(46)) - raft.grpc.admin.port = 15208 (custom)
2023-09-07 04:53:19,927 [main] INFO  grpc.GrpcConfigKeys (ConfUtils.java:logFallback(53)) - raft.grpc.client.host = null (fallback to raft.grpc.server.host)
2023-09-07 04:53:19,927 [main] INFO  grpc.GrpcConfigKeys (ConfUtils.java:logGet(46)) - raft.grpc.client.port = 15207 (custom)
2023-09-07 04:53:19,927 [main] INFO  grpc.GrpcConfigKeys (ConfUtils.java:logGet(46)) - raft.grpc.server.host = null (default)
2023-09-07 04:53:19,927 [main] INFO  grpc.GrpcConfigKeys (ConfUtils.java:logGet(46)) - raft.grpc.server.port = 15209 (custom)
2023-09-07 04:53:19,928 [main] INFO  server.GrpcService (ConfUtils.java:logGet(46)) - raft.grpc.message.size.max = 32MB (=33554432) (custom)
2023-09-07 04:53:19,928 [main] INFO  server.RaftServerConfigKeys (ConfUtils.java:logGet(46)) - raft.server.log.appender.buffer.byte-limit = 33554432 (custom)
2023-09-07 04:53:19,928 [main] INFO  server.GrpcService (ConfUtils.java:logGet(46)) - raft.grpc.flow.control.window = 5MB (=5242880) (custom)
2023-09-07 04:53:19,928 [main] INFO  server.RaftServerConfigKeys (ConfUtils.java:logGet(46)) - raft.server.rpc.request.timeout = 60s (custom)
2023-09-07 04:53:19,928 [main] INFO  grpc.GrpcConfigKeys (ConfUtils.java:logGet(46)) - raft.grpc.server.heartbeat.channel = true (default)
2023-09-07 04:53:19,928 [main] INFO  grpc.GrpcConfigKeys (ConfUtils.java:logGet(46)) - raft.grpc.server.async.request.thread.pool.cached = true (default)
2023-09-07 04:53:19,928 [main] INFO  grpc.GrpcConfigKeys (ConfUtils.java:logGet(46)) - raft.grpc.server.async.request.thread.pool.size = 32 (default)
2023-09-07 04:53:19,931 [main] INFO  impl.DataStreamServerImpl (ConfUtils.java:logGet(46)) - raft.datastream.type = NETTY (custom)
2023-09-07 04:53:19,932 [main] INFO  server.RaftServerConfigKeys (ConfUtils.java:logGet(46)) - raft.server.data-stream.async.request.thread.pool.cached = false (default)
2023-09-07 04:53:19,932 [main] INFO  server.RaftServerConfigKeys (ConfUtils.java:logGet(46)) - raft.server.data-stream.async.request.thread.pool.size = 20 (custom)
2023-09-07 04:53:19,932 [main] INFO  server.RaftServerConfigKeys (ConfUtils.java:logGet(46)) - raft.server.data-stream.async.write.thread.pool.size = 16 (default)
2023-09-07 04:53:19,932 [main] INFO  server.RaftServerConfigKeys (ConfUtils.java:logGet(46)) - raft.server.data-stream.client.pool.size = 10 (default)
2023-09-07 04:53:19,932 [main] INFO  netty.NettyConfigKeys$DataStream (ConfUtils.java:logGet(46)) - raft.netty.dataStream.server.use-epoll = false (default)
2023-09-07 04:53:19,933 [main] INFO  netty.NettyConfigKeys$DataStream (ConfUtils.java:logGet(46)) - raft.netty.dataStream.server.boss-group.size = 0 (default)
2023-09-07 04:53:19,933 [main] INFO  netty.NettyConfigKeys$DataStream (ConfUtils.java:logGet(46)) - raft.netty.dataStream.server.worker-group.size = 0 (default)
2023-09-07 04:53:19,933 [main] INFO  netty.NettyConfigKeys$DataStream (ConfUtils.java:logGet(46)) - raft.netty.dataStream.server.tls.conf = null (default)
2023-09-07 04:53:19,934 [main] INFO  netty.NettyConfigKeys$DataStream (ConfUtils.java:logGet(46)) - raft.netty.dataStream.host = null (default)
2023-09-07 04:53:19,934 [main] INFO  netty.NettyConfigKeys$DataStream (ConfUtils.java:logGet(46)) - raft.netty.dataStream.port = 15210 (custom)
2023-09-07 04:53:19,934 [main] INFO  server.RaftServerConfigKeys (ConfUtils.java:logGet(46)) - raft.server.threadpool.proxy.cached = true (default)
2023-09-07 04:53:19,935 [main] INFO  server.RaftServerConfigKeys (ConfUtils.java:logGet(46)) - raft.server.threadpool.proxy.size = 0 (default)
2023-09-07 04:53:19,935 [main] INFO  server.RaftServerConfigKeys (ConfUtils.java:logGet(46)) - raft.server.rpc.slowness.timeout = 300s (custom)
2023-09-07 04:53:19,935 [main] INFO  server.RaftServerConfigKeys (ConfUtils.java:logGet(46)) - raft.server.leaderelection.leader.step-down.wait-time = 10s (default)
2023-09-07 04:53:19,935 [main] INFO  server.RaftServerConfigKeys (ConfUtils.java:logGet(46)) - raft.server.storage.dir = [/home/runner/work/ozone/ozone/hadoop-ozone/integration-test/target/test-dir/MiniOzoneClusterImpl-91ddfec9-c3c1-434b-8c78-5e40d1aa2819/datanode-4/data/ratis] (custom)
2023-09-07 04:53:19,935 [47d0d84e-4e3a-4d8b-8411-824294f25318-NettyServerStreamRpc-bossGroup--thread1] INFO  logging.LoggingHandler (AbstractInternalLogger.java:log(148)) - [id: 0xd26dfa6b] REGISTERED
2023-09-07 04:53:19,935 [47d0d84e-4e3a-4d8b-8411-824294f25318-NettyServerStreamRpc-bossGroup--thread1] INFO  logging.LoggingHandler (AbstractInternalLogger.java:log(148)) - [id: 0xd26dfa6b] BIND: 0.0.0.0/0.0.0.0:15210
2023-09-07 04:53:19,936 [47d0d84e-4e3a-4d8b-8411-824294f25318-NettyServerStreamRpc-bossGroup--thread1] INFO  logging.LoggingHandler (AbstractInternalLogger.java:log(148)) - [id: 0xd26dfa6b, L:/0:0:0:0:0:0:0:0:15210] ACTIVE
2023-09-07 04:53:19,936 [47d0d84e-4e3a-4d8b-8411-824294f25318-impl-thread1] INFO  server.RaftServer (RaftServerProxy.java:initGroupDir(258)) - 47d0d84e-4e3a-4d8b-8411-824294f25318: found a subdirectory /home/runner/work/ozone/ozone/hadoop-ozone/integration-test/target/test-dir/MiniOzoneClusterImpl-91ddfec9-c3c1-434b-8c78-5e40d1aa2819/datanode-4/data/ratis/tmp
2023-09-07 04:53:19,936 [47d0d84e-4e3a-4d8b-8411-824294f25318-impl-thread1] INFO  server.RaftServer (RaftServerProxy.java:initGroupDir(263)) - 47d0d84e-4e3a-4d8b-8411-824294f25318: The directory /home/runner/work/ozone/ozone/hadoop-ozone/integration-test/target/test-dir/MiniOzoneClusterImpl-91ddfec9-c3c1-434b-8c78-5e40d1aa2819/datanode-4/data/ratis/tmp is not a group directory; ignoring it. 
2023-09-07 04:53:19,936 [main] INFO  replication.ReplicationServer (ReplicationServer.java:<init>(81)) - Initializing replication server with thread count = 10
2023-09-07 04:53:19,938 [main] INFO  server.XceiverServerGrpc (XceiverServerGrpc.java:<init>(132)) - GrpcServer channel type EpollServerSocketChannel
2023-09-07 04:53:19,939 [main] INFO  replication.ReplicationSupervisor (ReplicationSupervisor.java:build(155)) - Initializing replication supervisor with thread count = 10
2023-09-07 04:53:19,939 [main] INFO  replication.ReplicationSupervisor (ReplicationSupervisor.java:nodeStateUpdated(307)) - Node state updated to IN_SERVICE, scaling executor pool size to 10
2023-09-07 04:53:19,942 [main] INFO  http.BaseHttpServer (BaseHttpServer.java:newHttpServer2BuilderForOzone(223)) - Starting Web-server for hddsDatanode at: http://0.0.0.0:15204
2023-09-07 04:53:19,942 [main] INFO  http.BaseHttpServer (BaseHttpServer.java:<init>(110)) - Hadoop Security Enabled: false Ozone Security Enabled: false Ozone HTTP Security Enabled: false 
2023-09-07 04:53:19,943 [main] WARN  server.AuthenticationFilter (AuthenticationFilter.java:constructSecretProvider(240)) - Unable to initialize FileSignerSecretProvider, falling back to use random secrets. Reason: Could not read signature secret file: /home/runner/hadoop-http-auth-signature-secret
2023-09-07 04:53:19,944 [main] INFO  http.HttpRequestLog (HttpRequestLog.java:getRequestLog(86)) - Http request log for http.requests.hddsDatanode is not defined
2023-09-07 04:53:19,945 [main] INFO  http.HttpServer2 (HttpServer2.java:addGlobalFilter(1031)) - Added global filter 'safety' (class=org.apache.hadoop.hdds.server.http.HttpServer2$QuotingInputFilter)
2023-09-07 04:53:19,946 [main] INFO  http.HttpServer2 (HttpServer2.java:addFilter(1007)) - Added filter static_user_filter (class=org.apache.hadoop.http.lib.StaticUserWebFilter$StaticUserFilter) to context hddsDatanode
2023-09-07 04:53:19,946 [main] INFO  http.HttpServer2 (HttpServer2.java:addFilter(1015)) - Added filter static_user_filter (class=org.apache.hadoop.http.lib.StaticUserWebFilter$StaticUserFilter) to context logs
2023-09-07 04:53:19,946 [main] INFO  http.HttpServer2 (HttpServer2.java:addFilter(1015)) - Added filter static_user_filter (class=org.apache.hadoop.http.lib.StaticUserWebFilter$StaticUserFilter) to context static
2023-09-07 04:53:19,947 [main] INFO  http.BaseHttpServer (BaseHttpServer.java:<init>(189)) - HTTP server of hddsDatanode uses base directory /home/runner/work/ozone/ozone/hadoop-ozone/integration-test/target/test-dir/MiniOzoneClusterImpl-91ddfec9-c3c1-434b-8c78-5e40d1aa2819/datanode-4/meta/webserver
2023-09-07 04:53:19,947 [main] INFO  http.HttpServer2 (HttpServer2.java:bindListener(1231)) - Jetty bound to port 15204
2023-09-07 04:53:19,947 [main] INFO  server.Server (Server.java:doStart(375)) - jetty-9.4.51.v20230217; built: 2023-02-17T08:19:37.309Z; git: b45c405e4544384de066f814ed42ae3dceacdd49; jvm 1.8.0_382-b05
2023-09-07 04:53:19,960 [main] INFO  server.session (DefaultSessionIdManager.java:doStart(334)) - DefaultSessionIdManager workerName=node0
2023-09-07 04:53:19,961 [main] INFO  server.session (DefaultSessionIdManager.java:doStart(339)) - No SessionScavenger set, using defaults
2023-09-07 04:53:19,961 [main] INFO  server.session (HouseKeeper.java:startScavenging(132)) - node0 Scavenging every 600000ms
2023-09-07 04:53:19,962 [main] INFO  handler.ContextHandler (ContextHandler.java:doStart(921)) - Started o.e.j.s.ServletContextHandler@3a439ff7{logs,/logs,file:///home/runner/work/ozone/ozone/hadoop-ozone/integration-test/target/log,AVAILABLE}
2023-09-07 04:53:19,963 [main] INFO  handler.ContextHandler (ContextHandler.java:doStart(921)) - Started o.e.j.s.ServletContextHandler@3b97b2ae{static,/static,jar:file:/home/runner/.m2/repository/org/apache/ozone/hdds-container-service/1.4.0-SNAPSHOT/hdds-container-service-1.4.0-SNAPSHOT.jar!/webapps/static,AVAILABLE}
2023-09-07 04:53:20,211 [main] INFO  handler.ContextHandler (ContextHandler.java:doStart(921)) - Started o.e.j.w.WebAppContext@6a306f63{hddsDatanode,/,file:///home/runner/work/ozone/ozone/hadoop-ozone/integration-test/target/test-dir/MiniOzoneClusterImpl-91ddfec9-c3c1-434b-8c78-5e40d1aa2819/datanode-4/meta/webserver/jetty-0_0_0_0-15204-hdds-container-service-1_4_0-SNAPSHOT_jar-_-any-9111448384111925910/webapp/,AVAILABLE}{jar:file:/home/runner/.m2/repository/org/apache/ozone/hdds-container-service/1.4.0-SNAPSHOT/hdds-container-service-1.4.0-SNAPSHOT.jar!/webapps/hddsDatanode}
2023-09-07 04:53:20,213 [main] INFO  server.AbstractConnector (AbstractConnector.java:doStart(333)) - Started ServerConnector@660979aa{HTTP/1.1, (http/1.1)}{0.0.0.0:15204}
2023-09-07 04:53:20,213 [main] INFO  server.Server (Server.java:doStart(415)) - Started @316276ms
2023-09-07 04:53:20,213 [main] WARN  impl.MetricsSystemImpl (MetricsSystemImpl.java:register(279)) - Sink prometheus already exists!
2023-09-07 04:53:20,214 [main] INFO  http.BaseHttpServer (BaseHttpServer.java:updateConnectorAddress(354)) - HTTP server of hddsDatanode listening at http://0.0.0.0:15204
2023-09-07 04:53:20,214 [main] INFO  ipc.CallQueueManager (CallQueueManager.java:<init>(90)) - Using callQueue: class java.util.concurrent.LinkedBlockingQueue, queueCapacity: 100, scheduler: class org.apache.hadoop.ipc.DefaultRpcScheduler, ipcBackoff: false.
2023-09-07 04:53:20,214 [main] INFO  ipc.Server (Server.java:<init>(1287)) - Listener at 0.0.0.0:15205
2023-09-07 04:53:20,215 [Socket Reader #1 for port 15205] INFO  ipc.Server (Server.java:run(1323)) - Starting Socket Reader #1 for port 15205
2023-09-07 04:53:20,217 [main] INFO  ozone.HddsDatanodeService (HddsDatanodeService.java:start(315)) - Datanode start with admins: [runner]
2023-09-07 04:53:20,217 [main] INFO  ozone.HddsDatanodeClientProtocolServer (HddsDatanodeClientProtocolServer.java:start(72)) - RPC server for Client /0.0.0.0:15205
2023-09-07 04:53:20,218 [IPC Server Responder] INFO  ipc.Server (Server.java:run(1562)) - IPC Server Responder: starting
2023-09-07 04:53:20,219 [Datanode State Machine Daemon Thread] INFO  statemachine.DatanodeStateMachine (DatanodeStateMachine.java:lambda$startDaemon$0(538)) - Ozone container server started.
2023-09-07 04:53:20,219 [main] INFO  ozone.MiniOzoneClusterImpl (MiniOzoneClusterImpl.java:lambda$waitForClusterToBeReady$0(224)) - Waiting for nodes to be ready. Got 0 of 5 DN Heartbeats.
2023-09-07 04:53:20,220 [main] INFO  ozone.MiniOzoneClusterImpl (MiniOzoneClusterImpl.java:lambda$waitForClusterToBeReady$0(227)) - Waiting for cluster to exit safe mode
2023-09-07 04:53:20,220 [main] INFO  ozone.MiniOzoneClusterImpl (MiniOzoneClusterImpl.java:lambda$waitForClusterToBeReady$0(229)) - SCM became leader
2023-09-07 04:53:20,219 [IPC Server listener on 15205] INFO  ipc.Server (Server.java:run(1402)) - IPC Server listener on 15205: starting
2023-09-07 04:53:20,226 [Datanode State Machine Task Thread - 0] INFO  datanode.InitDatanodeState (InitDatanodeState.java:persistContainerDatanodeDetails(138)) - DatanodeDetails is persisted to /home/runner/work/ozone/ozone/hadoop-ozone/integration-test/target/test-dir/MiniOzoneClusterImpl-91ddfec9-c3c1-434b-8c78-5e40d1aa2819/datanode-4/meta/datanode.id
2023-09-07 04:53:20,834 [EndpointStateMachine task thread for /0.0.0.0:15161 - 0 ] INFO  utils.DatanodeStoreCache (DatanodeStoreCache.java:addDB(66)) - Added db /home/runner/work/ozone/ozone/hadoop-ozone/integration-test/target/test-dir/MiniOzoneClusterImpl-91ddfec9-c3c1-434b-8c78-5e40d1aa2819/datanode-0/data-0/containers/hdds/91ddfec9-c3c1-434b-8c78-5e40d1aa2819/DS-371a37df-d2c9-4391-86dd-572c73194159/container.db to cache
2023-09-07 04:53:20,834 [EndpointStateMachine task thread for /0.0.0.0:15161 - 0 ] INFO  volume.HddsVolume (HddsVolume.java:createDbStore(422)) - SchemaV3 db is created and loaded at /home/runner/work/ozone/ozone/hadoop-ozone/integration-test/target/test-dir/MiniOzoneClusterImpl-91ddfec9-c3c1-434b-8c78-5e40d1aa2819/datanode-0/data-0/containers/hdds/91ddfec9-c3c1-434b-8c78-5e40d1aa2819/DS-371a37df-d2c9-4391-86dd-572c73194159/container.db for volume DS-371a37df-d2c9-4391-86dd-572c73194159
2023-09-07 04:53:20,835 [EndpointStateMachine task thread for /0.0.0.0:15161 - 0 ] INFO  volume.ThrottledAsyncChecker (ThrottledAsyncChecker.java:schedule(141)) - Scheduling a check for /home/runner/work/ozone/ozone/hadoop-ozone/integration-test/target/test-dir/MiniOzoneClusterImpl-91ddfec9-c3c1-434b-8c78-5e40d1aa2819/datanode-0/data-0/containers/hdds
2023-09-07 04:53:20,835 [EndpointStateMachine task thread for /0.0.0.0:15161 - 0 ] INFO  volume.StorageVolumeChecker (StorageVolumeChecker.java:checkAllVolumes(213)) - Scheduled health check for volume /home/runner/work/ozone/ozone/hadoop-ozone/integration-test/target/test-dir/MiniOzoneClusterImpl-91ddfec9-c3c1-434b-8c78-5e40d1aa2819/datanode-0/data-0/containers/hdds
2023-09-07 04:53:20,839 [EndpointStateMachine task thread for /0.0.0.0:15161 - 0 ] INFO  volume.ThrottledAsyncChecker (ThrottledAsyncChecker.java:schedule(141)) - Scheduling a check for /home/runner/work/ozone/ozone/hadoop-ozone/integration-test/target/test-dir/MiniOzoneClusterImpl-91ddfec9-c3c1-434b-8c78-5e40d1aa2819/datanode-0/data/ratis
2023-09-07 04:53:20,839 [EndpointStateMachine task thread for /0.0.0.0:15161 - 0 ] INFO  volume.StorageVolumeChecker (StorageVolumeChecker.java:checkAllVolumes(213)) - Scheduled health check for volume /home/runner/work/ozone/ozone/hadoop-ozone/integration-test/target/test-dir/MiniOzoneClusterImpl-91ddfec9-c3c1-434b-8c78-5e40d1aa2819/datanode-0/data/ratis
2023-09-07 04:53:20,840 [EndpointStateMachine task thread for /0.0.0.0:15161 - 0 ] INFO  ozoneimpl.OzoneContainer (OzoneContainer.java:start(429)) - Attempting to start container services.
2023-09-07 04:53:20,841 [EndpointStateMachine task thread for /0.0.0.0:15161 - 0 ] INFO  ozoneimpl.OzoneContainer (OzoneContainer.java:startContainerScrub(325)) - Scheduled background container scanners and the on-demand container scanner have been disabled.
2023-09-07 04:53:20,847 [EndpointStateMachine task thread for /0.0.0.0:15161 - 0 ] INFO  replication.ReplicationServer (ReplicationServer.java:start(130)) - ReplicationServer is started using port 15175
2023-09-07 04:53:20,848 [EndpointStateMachine task thread for /0.0.0.0:15161 - 0 ] INFO  ratis.XceiverServerRatis (XceiverServerRatis.java:start(517)) - Starting XceiverServerRatis c2ff68ec-fb8c-48a5-8338-8b04228d05a1
2023-09-07 04:53:20,850 [EndpointStateMachine task thread for /0.0.0.0:15161 - 0 ] INFO  server.RaftServer (RaftServerProxy.java:startImpl(400)) - c2ff68ec-fb8c-48a5-8338-8b04228d05a1: start RPC server
2023-09-07 04:53:20,853 [EndpointStateMachine task thread for /0.0.0.0:15161 - 0 ] INFO  server.GrpcService (GrpcService.java:startImpl(302)) - c2ff68ec-fb8c-48a5-8338-8b04228d05a1: GrpcService started, listening on 15171
2023-09-07 04:53:20,859 [EndpointStateMachine task thread for /0.0.0.0:15161 - 0 ] INFO  server.GrpcService (GrpcService.java:startImpl(302)) - c2ff68ec-fb8c-48a5-8338-8b04228d05a1: GrpcService started, listening on 15173
2023-09-07 04:53:20,860 [EndpointStateMachine task thread for /0.0.0.0:15161 - 0 ] INFO  server.GrpcService (GrpcService.java:startImpl(302)) - c2ff68ec-fb8c-48a5-8338-8b04228d05a1: GrpcService started, listening on 15172
2023-09-07 04:53:20,860 [EndpointStateMachine task thread for /0.0.0.0:15161 - 0 ] INFO  ratis.XceiverServerRatis (XceiverServerRatis.java:getRealPort(543)) - XceiverServerRatis c2ff68ec-fb8c-48a5-8338-8b04228d05a1 is started using port 15171 for RATIS
2023-09-07 04:53:20,860 [EndpointStateMachine task thread for /0.0.0.0:15161 - 0 ] INFO  ratis.XceiverServerRatis (XceiverServerRatis.java:getRealPort(543)) - XceiverServerRatis c2ff68ec-fb8c-48a5-8338-8b04228d05a1 is started using port 15172 for RATIS_ADMIN
2023-09-07 04:53:20,860 [EndpointStateMachine task thread for /0.0.0.0:15161 - 0 ] INFO  ratis.XceiverServerRatis (XceiverServerRatis.java:getRealPort(543)) - XceiverServerRatis c2ff68ec-fb8c-48a5-8338-8b04228d05a1 is started using port 15173 for RATIS_SERVER
2023-09-07 04:53:20,860 [EndpointStateMachine task thread for /0.0.0.0:15161 - 0 ] INFO  ratis.XceiverServerRatis (XceiverServerRatis.java:getRealPort(543)) - XceiverServerRatis c2ff68ec-fb8c-48a5-8338-8b04228d05a1 is started using port 15174 for RATIS_DATASTREAM
2023-09-07 04:53:20,861 [JvmPauseMonitor23] INFO  util.JvmPauseMonitor (JvmPauseMonitor.java:run(103)) - JvmPauseMonitor-c2ff68ec-fb8c-48a5-8338-8b04228d05a1: Started
2023-09-07 04:53:20,863 [BlockDeletingService#0] INFO  interfaces.ContainerDeletionChoosingPolicyTemplate (ContainerDeletionChoosingPolicyTemplate.java:chooseContainerForBlockDeletion(85)) - Chosen 0/5000 blocks from 0 candidate containers.
2023-09-07 04:53:21,218 [EndpointStateMachine task thread for /0.0.0.0:15161 - 0 ] INFO  utils.DatanodeStoreCache (DatanodeStoreCache.java:addDB(66)) - Added db /home/runner/work/ozone/ozone/hadoop-ozone/integration-test/target/test-dir/MiniOzoneClusterImpl-91ddfec9-c3c1-434b-8c78-5e40d1aa2819/datanode-1/data-0/containers/hdds/91ddfec9-c3c1-434b-8c78-5e40d1aa2819/DS-793ef323-bab7-447f-937e-8b79f7839632/container.db to cache
2023-09-07 04:53:21,218 [EndpointStateMachine task thread for /0.0.0.0:15161 - 0 ] INFO  volume.HddsVolume (HddsVolume.java:createDbStore(422)) - SchemaV3 db is created and loaded at /home/runner/work/ozone/ozone/hadoop-ozone/integration-test/target/test-dir/MiniOzoneClusterImpl-91ddfec9-c3c1-434b-8c78-5e40d1aa2819/datanode-1/data-0/containers/hdds/91ddfec9-c3c1-434b-8c78-5e40d1aa2819/DS-793ef323-bab7-447f-937e-8b79f7839632/container.db for volume DS-793ef323-bab7-447f-937e-8b79f7839632
2023-09-07 04:53:21,219 [EndpointStateMachine task thread for /0.0.0.0:15161 - 0 ] INFO  volume.ThrottledAsyncChecker (ThrottledAsyncChecker.java:schedule(141)) - Scheduling a check for /home/runner/work/ozone/ozone/hadoop-ozone/integration-test/target/test-dir/MiniOzoneClusterImpl-91ddfec9-c3c1-434b-8c78-5e40d1aa2819/datanode-1/data-0/containers/hdds
2023-09-07 04:53:21,220 [EndpointStateMachine task thread for /0.0.0.0:15161 - 0 ] INFO  volume.StorageVolumeChecker (StorageVolumeChecker.java:checkAllVolumes(213)) - Scheduled health check for volume /home/runner/work/ozone/ozone/hadoop-ozone/integration-test/target/test-dir/MiniOzoneClusterImpl-91ddfec9-c3c1-434b-8c78-5e40d1aa2819/datanode-1/data-0/containers/hdds
2023-09-07 04:53:21,220 [main] INFO  ozone.MiniOzoneClusterImpl (MiniOzoneClusterImpl.java:lambda$waitForClusterToBeReady$0(224)) - Waiting for nodes to be ready. Got 0 of 5 DN Heartbeats.
2023-09-07 04:53:21,220 [main] INFO  ozone.MiniOzoneClusterImpl (MiniOzoneClusterImpl.java:lambda$waitForClusterToBeReady$0(227)) - Waiting for cluster to exit safe mode
2023-09-07 04:53:21,221 [main] INFO  ozone.MiniOzoneClusterImpl (MiniOzoneClusterImpl.java:lambda$waitForClusterToBeReady$0(229)) - SCM became leader
2023-09-07 04:53:21,224 [EndpointStateMachine task thread for /0.0.0.0:15161 - 0 ] INFO  volume.ThrottledAsyncChecker (ThrottledAsyncChecker.java:schedule(141)) - Scheduling a check for /home/runner/work/ozone/ozone/hadoop-ozone/integration-test/target/test-dir/MiniOzoneClusterImpl-91ddfec9-c3c1-434b-8c78-5e40d1aa2819/datanode-1/data/ratis
2023-09-07 04:53:21,224 [EndpointStateMachine task thread for /0.0.0.0:15161 - 0 ] INFO  volume.StorageVolumeChecker (StorageVolumeChecker.java:checkAllVolumes(213)) - Scheduled health check for volume /home/runner/work/ozone/ozone/hadoop-ozone/integration-test/target/test-dir/MiniOzoneClusterImpl-91ddfec9-c3c1-434b-8c78-5e40d1aa2819/datanode-1/data/ratis
2023-09-07 04:53:21,226 [EndpointStateMachine task thread for /0.0.0.0:15161 - 0 ] INFO  ozoneimpl.OzoneContainer (OzoneContainer.java:start(429)) - Attempting to start container services.
2023-09-07 04:53:21,226 [EndpointStateMachine task thread for /0.0.0.0:15161 - 0 ] INFO  ozoneimpl.OzoneContainer (OzoneContainer.java:startContainerScrub(325)) - Scheduled background container scanners and the on-demand container scanner have been disabled.
2023-09-07 04:53:21,231 [EndpointStateMachine task thread for /0.0.0.0:15161 - 0 ] INFO  replication.ReplicationServer (ReplicationServer.java:start(130)) - ReplicationServer is started using port 15184
2023-09-07 04:53:21,231 [EndpointStateMachine task thread for /0.0.0.0:15161 - 0 ] INFO  ratis.XceiverServerRatis (XceiverServerRatis.java:start(517)) - Starting XceiverServerRatis 87043b48-aa73-4006-a4ab-d1e7624806a9
2023-09-07 04:53:21,232 [EndpointStateMachine task thread for /0.0.0.0:15161 - 0 ] INFO  server.RaftServer (RaftServerProxy.java:startImpl(400)) - 87043b48-aa73-4006-a4ab-d1e7624806a9: start RPC server
2023-09-07 04:53:21,234 [EndpointStateMachine task thread for /0.0.0.0:15161 - 0 ] INFO  server.GrpcService (GrpcService.java:startImpl(302)) - 87043b48-aa73-4006-a4ab-d1e7624806a9: GrpcService started, listening on 15180
2023-09-07 04:53:21,235 [EndpointStateMachine task thread for /0.0.0.0:15161 - 0 ] INFO  server.GrpcService (GrpcService.java:startImpl(302)) - 87043b48-aa73-4006-a4ab-d1e7624806a9: GrpcService started, listening on 15182
2023-09-07 04:53:21,236 [EndpointStateMachine task thread for /0.0.0.0:15161 - 0 ] INFO  server.GrpcService (GrpcService.java:startImpl(302)) - 87043b48-aa73-4006-a4ab-d1e7624806a9: GrpcService started, listening on 15181
2023-09-07 04:53:21,245 [EndpointStateMachine task thread for /0.0.0.0:15161 - 0 ] INFO  ratis.XceiverServerRatis (XceiverServerRatis.java:getRealPort(543)) - XceiverServerRatis 87043b48-aa73-4006-a4ab-d1e7624806a9 is started using port 15180 for RATIS
2023-09-07 04:53:21,246 [EndpointStateMachine task thread for /0.0.0.0:15161 - 0 ] INFO  ratis.XceiverServerRatis (XceiverServerRatis.java:getRealPort(543)) - XceiverServerRatis 87043b48-aa73-4006-a4ab-d1e7624806a9 is started using port 15181 for RATIS_ADMIN
2023-09-07 04:53:21,246 [EndpointStateMachine task thread for /0.0.0.0:15161 - 0 ] INFO  ratis.XceiverServerRatis (XceiverServerRatis.java:getRealPort(543)) - XceiverServerRatis 87043b48-aa73-4006-a4ab-d1e7624806a9 is started using port 15182 for RATIS_SERVER
2023-09-07 04:53:21,246 [EndpointStateMachine task thread for /0.0.0.0:15161 - 0 ] INFO  ratis.XceiverServerRatis (XceiverServerRatis.java:getRealPort(543)) - XceiverServerRatis 87043b48-aa73-4006-a4ab-d1e7624806a9 is started using port 15183 for RATIS_DATASTREAM
2023-09-07 04:53:21,246 [JvmPauseMonitor24] INFO  util.JvmPauseMonitor (JvmPauseMonitor.java:run(103)) - JvmPauseMonitor-87043b48-aa73-4006-a4ab-d1e7624806a9: Started
2023-09-07 04:53:21,254 [BlockDeletingService#0] INFO  interfaces.ContainerDeletionChoosingPolicyTemplate (ContainerDeletionChoosingPolicyTemplate.java:chooseContainerForBlockDeletion(85)) - Chosen 0/5000 blocks from 0 candidate containers.
2023-09-07 04:53:21,569 [EndpointStateMachine task thread for /0.0.0.0:15161 - 0 ] INFO  utils.DatanodeStoreCache (DatanodeStoreCache.java:addDB(66)) - Added db /home/runner/work/ozone/ozone/hadoop-ozone/integration-test/target/test-dir/MiniOzoneClusterImpl-91ddfec9-c3c1-434b-8c78-5e40d1aa2819/datanode-2/data-0/containers/hdds/91ddfec9-c3c1-434b-8c78-5e40d1aa2819/DS-8a30ff34-7077-4f30-a6ad-0860799d3f8a/container.db to cache
2023-09-07 04:53:21,569 [EndpointStateMachine task thread for /0.0.0.0:15161 - 0 ] INFO  volume.HddsVolume (HddsVolume.java:createDbStore(422)) - SchemaV3 db is created and loaded at /home/runner/work/ozone/ozone/hadoop-ozone/integration-test/target/test-dir/MiniOzoneClusterImpl-91ddfec9-c3c1-434b-8c78-5e40d1aa2819/datanode-2/data-0/containers/hdds/91ddfec9-c3c1-434b-8c78-5e40d1aa2819/DS-8a30ff34-7077-4f30-a6ad-0860799d3f8a/container.db for volume DS-8a30ff34-7077-4f30-a6ad-0860799d3f8a
2023-09-07 04:53:21,571 [EndpointStateMachine task thread for /0.0.0.0:15161 - 0 ] INFO  volume.ThrottledAsyncChecker (ThrottledAsyncChecker.java:schedule(141)) - Scheduling a check for /home/runner/work/ozone/ozone/hadoop-ozone/integration-test/target/test-dir/MiniOzoneClusterImpl-91ddfec9-c3c1-434b-8c78-5e40d1aa2819/datanode-2/data-0/containers/hdds
2023-09-07 04:53:21,572 [EndpointStateMachine task thread for /0.0.0.0:15161 - 0 ] INFO  volume.StorageVolumeChecker (StorageVolumeChecker.java:checkAllVolumes(213)) - Scheduled health check for volume /home/runner/work/ozone/ozone/hadoop-ozone/integration-test/target/test-dir/MiniOzoneClusterImpl-91ddfec9-c3c1-434b-8c78-5e40d1aa2819/datanode-2/data-0/containers/hdds
2023-09-07 04:53:21,575 [EndpointStateMachine task thread for /0.0.0.0:15161 - 0 ] INFO  volume.ThrottledAsyncChecker (ThrottledAsyncChecker.java:schedule(141)) - Scheduling a check for /home/runner/work/ozone/ozone/hadoop-ozone/integration-test/target/test-dir/MiniOzoneClusterImpl-91ddfec9-c3c1-434b-8c78-5e40d1aa2819/datanode-2/data/ratis
2023-09-07 04:53:21,575 [EndpointStateMachine task thread for /0.0.0.0:15161 - 0 ] INFO  volume.StorageVolumeChecker (StorageVolumeChecker.java:checkAllVolumes(213)) - Scheduled health check for volume /home/runner/work/ozone/ozone/hadoop-ozone/integration-test/target/test-dir/MiniOzoneClusterImpl-91ddfec9-c3c1-434b-8c78-5e40d1aa2819/datanode-2/data/ratis
2023-09-07 04:53:21,576 [EndpointStateMachine task thread for /0.0.0.0:15161 - 0 ] INFO  ozoneimpl.OzoneContainer (OzoneContainer.java:start(429)) - Attempting to start container services.
2023-09-07 04:53:21,577 [EndpointStateMachine task thread for /0.0.0.0:15161 - 0 ] INFO  ozoneimpl.OzoneContainer (OzoneContainer.java:startContainerScrub(325)) - Scheduled background container scanners and the on-demand container scanner have been disabled.
2023-09-07 04:53:21,578 [EndpointStateMachine task thread for /0.0.0.0:15161 - 0 ] INFO  replication.ReplicationServer (ReplicationServer.java:start(130)) - ReplicationServer is started using port 15193
2023-09-07 04:53:21,578 [EndpointStateMachine task thread for /0.0.0.0:15161 - 0 ] INFO  ratis.XceiverServerRatis (XceiverServerRatis.java:start(517)) - Starting XceiverServerRatis 5e8b1818-5304-4881-9e46-c74e35e46625
2023-09-07 04:53:21,579 [EndpointStateMachine task thread for /0.0.0.0:15161 - 0 ] INFO  server.RaftServer (RaftServerProxy.java:startImpl(400)) - 5e8b1818-5304-4881-9e46-c74e35e46625: start RPC server
2023-09-07 04:53:21,580 [EndpointStateMachine task thread for /0.0.0.0:15161 - 0 ] INFO  server.GrpcService (GrpcService.java:startImpl(302)) - 5e8b1818-5304-4881-9e46-c74e35e46625: GrpcService started, listening on 15189
2023-09-07 04:53:21,581 [EndpointStateMachine task thread for /0.0.0.0:15161 - 0 ] INFO  server.GrpcService (GrpcService.java:startImpl(302)) - 5e8b1818-5304-4881-9e46-c74e35e46625: GrpcService started, listening on 15191
2023-09-07 04:53:21,582 [EndpointStateMachine task thread for /0.0.0.0:15161 - 0 ] INFO  server.GrpcService (GrpcService.java:startImpl(302)) - 5e8b1818-5304-4881-9e46-c74e35e46625: GrpcService started, listening on 15190
2023-09-07 04:53:21,582 [EndpointStateMachine task thread for /0.0.0.0:15161 - 0 ] INFO  ratis.XceiverServerRatis (XceiverServerRatis.java:getRealPort(543)) - XceiverServerRatis 5e8b1818-5304-4881-9e46-c74e35e46625 is started using port 15189 for RATIS
2023-09-07 04:53:21,582 [EndpointStateMachine task thread for /0.0.0.0:15161 - 0 ] INFO  ratis.XceiverServerRatis (XceiverServerRatis.java:getRealPort(543)) - XceiverServerRatis 5e8b1818-5304-4881-9e46-c74e35e46625 is started using port 15190 for RATIS_ADMIN
2023-09-07 04:53:21,582 [EndpointStateMachine task thread for /0.0.0.0:15161 - 0 ] INFO  ratis.XceiverServerRatis (XceiverServerRatis.java:getRealPort(543)) - XceiverServerRatis 5e8b1818-5304-4881-9e46-c74e35e46625 is started using port 15191 for RATIS_SERVER
2023-09-07 04:53:21,582 [EndpointStateMachine task thread for /0.0.0.0:15161 - 0 ] INFO  ratis.XceiverServerRatis (XceiverServerRatis.java:getRealPort(543)) - XceiverServerRatis 5e8b1818-5304-4881-9e46-c74e35e46625 is started using port 15192 for RATIS_DATASTREAM
2023-09-07 04:53:21,582 [JvmPauseMonitor25] INFO  util.JvmPauseMonitor (JvmPauseMonitor.java:run(103)) - JvmPauseMonitor-5e8b1818-5304-4881-9e46-c74e35e46625: Started
2023-09-07 04:53:21,584 [BlockDeletingService#0] INFO  interfaces.ContainerDeletionChoosingPolicyTemplate (ContainerDeletionChoosingPolicyTemplate.java:chooseContainerForBlockDeletion(85)) - Chosen 0/5000 blocks from 0 candidate containers.
2023-09-07 04:53:21,949 [EndpointStateMachine task thread for /0.0.0.0:15161 - 0 ] INFO  utils.DatanodeStoreCache (DatanodeStoreCache.java:addDB(66)) - Added db /home/runner/work/ozone/ozone/hadoop-ozone/integration-test/target/test-dir/MiniOzoneClusterImpl-91ddfec9-c3c1-434b-8c78-5e40d1aa2819/datanode-3/data-0/containers/hdds/91ddfec9-c3c1-434b-8c78-5e40d1aa2819/DS-8b91fba9-ee76-4255-8e8e-b2147bdc19e1/container.db to cache
2023-09-07 04:53:21,950 [EndpointStateMachine task thread for /0.0.0.0:15161 - 0 ] INFO  volume.HddsVolume (HddsVolume.java:createDbStore(422)) - SchemaV3 db is created and loaded at /home/runner/work/ozone/ozone/hadoop-ozone/integration-test/target/test-dir/MiniOzoneClusterImpl-91ddfec9-c3c1-434b-8c78-5e40d1aa2819/datanode-3/data-0/containers/hdds/91ddfec9-c3c1-434b-8c78-5e40d1aa2819/DS-8b91fba9-ee76-4255-8e8e-b2147bdc19e1/container.db for volume DS-8b91fba9-ee76-4255-8e8e-b2147bdc19e1
2023-09-07 04:53:21,951 [EndpointStateMachine task thread for /0.0.0.0:15161 - 0 ] INFO  volume.ThrottledAsyncChecker (ThrottledAsyncChecker.java:schedule(141)) - Scheduling a check for /home/runner/work/ozone/ozone/hadoop-ozone/integration-test/target/test-dir/MiniOzoneClusterImpl-91ddfec9-c3c1-434b-8c78-5e40d1aa2819/datanode-3/data-0/containers/hdds
2023-09-07 04:53:21,951 [EndpointStateMachine task thread for /0.0.0.0:15161 - 0 ] INFO  volume.StorageVolumeChecker (StorageVolumeChecker.java:checkAllVolumes(213)) - Scheduled health check for volume /home/runner/work/ozone/ozone/hadoop-ozone/integration-test/target/test-dir/MiniOzoneClusterImpl-91ddfec9-c3c1-434b-8c78-5e40d1aa2819/datanode-3/data-0/containers/hdds
2023-09-07 04:53:21,961 [EndpointStateMachine task thread for /0.0.0.0:15161 - 0 ] INFO  volume.ThrottledAsyncChecker (ThrottledAsyncChecker.java:schedule(141)) - Scheduling a check for /home/runner/work/ozone/ozone/hadoop-ozone/integration-test/target/test-dir/MiniOzoneClusterImpl-91ddfec9-c3c1-434b-8c78-5e40d1aa2819/datanode-3/data/ratis
2023-09-07 04:53:21,961 [EndpointStateMachine task thread for /0.0.0.0:15161 - 0 ] INFO  volume.StorageVolumeChecker (StorageVolumeChecker.java:checkAllVolumes(213)) - Scheduled health check for volume /home/runner/work/ozone/ozone/hadoop-ozone/integration-test/target/test-dir/MiniOzoneClusterImpl-91ddfec9-c3c1-434b-8c78-5e40d1aa2819/datanode-3/data/ratis
2023-09-07 04:53:21,963 [EndpointStateMachine task thread for /0.0.0.0:15161 - 0 ] INFO  ozoneimpl.OzoneContainer (OzoneContainer.java:start(429)) - Attempting to start container services.
2023-09-07 04:53:21,963 [EndpointStateMachine task thread for /0.0.0.0:15161 - 0 ] INFO  ozoneimpl.OzoneContainer (OzoneContainer.java:startContainerScrub(325)) - Scheduled background container scanners and the on-demand container scanner have been disabled.
2023-09-07 04:53:21,964 [EndpointStateMachine task thread for /0.0.0.0:15161 - 0 ] INFO  replication.ReplicationServer (ReplicationServer.java:start(130)) - ReplicationServer is started using port 15202
2023-09-07 04:53:21,964 [EndpointStateMachine task thread for /0.0.0.0:15161 - 0 ] INFO  ratis.XceiverServerRatis (XceiverServerRatis.java:start(517)) - Starting XceiverServerRatis 00eba518-ec47-4b38-9f64-79409ef1ea16
2023-09-07 04:53:21,965 [EndpointStateMachine task thread for /0.0.0.0:15161 - 0 ] INFO  server.RaftServer (RaftServerProxy.java:startImpl(400)) - 00eba518-ec47-4b38-9f64-79409ef1ea16: start RPC server
2023-09-07 04:53:21,970 [EndpointStateMachine task thread for /0.0.0.0:15161 - 0 ] INFO  server.GrpcService (GrpcService.java:startImpl(302)) - 00eba518-ec47-4b38-9f64-79409ef1ea16: GrpcService started, listening on 15198
2023-09-07 04:53:21,971 [EndpointStateMachine task thread for /0.0.0.0:15161 - 0 ] INFO  server.GrpcService (GrpcService.java:startImpl(302)) - 00eba518-ec47-4b38-9f64-79409ef1ea16: GrpcService started, listening on 15200
2023-09-07 04:53:21,973 [EndpointStateMachine task thread for /0.0.0.0:15161 - 0 ] INFO  server.GrpcService (GrpcService.java:startImpl(302)) - 00eba518-ec47-4b38-9f64-79409ef1ea16: GrpcService started, listening on 15199
2023-09-07 04:53:21,974 [EndpointStateMachine task thread for /0.0.0.0:15161 - 0 ] INFO  ratis.XceiverServerRatis (XceiverServerRatis.java:getRealPort(543)) - XceiverServerRatis 00eba518-ec47-4b38-9f64-79409ef1ea16 is started using port 15198 for RATIS
2023-09-07 04:53:21,974 [EndpointStateMachine task thread for /0.0.0.0:15161 - 0 ] INFO  ratis.XceiverServerRatis (XceiverServerRatis.java:getRealPort(543)) - XceiverServerRatis 00eba518-ec47-4b38-9f64-79409ef1ea16 is started using port 15199 for RATIS_ADMIN
2023-09-07 04:53:21,974 [JvmPauseMonitor26] INFO  util.JvmPauseMonitor (JvmPauseMonitor.java:run(103)) - JvmPauseMonitor-00eba518-ec47-4b38-9f64-79409ef1ea16: Started
2023-09-07 04:53:21,974 [EndpointStateMachine task thread for /0.0.0.0:15161 - 0 ] INFO  ratis.XceiverServerRatis (XceiverServerRatis.java:getRealPort(543)) - XceiverServerRatis 00eba518-ec47-4b38-9f64-79409ef1ea16 is started using port 15200 for RATIS_SERVER
2023-09-07 04:53:21,974 [EndpointStateMachine task thread for /0.0.0.0:15161 - 0 ] INFO  ratis.XceiverServerRatis (XceiverServerRatis.java:getRealPort(543)) - XceiverServerRatis 00eba518-ec47-4b38-9f64-79409ef1ea16 is started using port 15201 for RATIS_DATASTREAM
2023-09-07 04:53:21,976 [BlockDeletingService#0] INFO  interfaces.ContainerDeletionChoosingPolicyTemplate (ContainerDeletionChoosingPolicyTemplate.java:chooseContainerForBlockDeletion(85)) - Chosen 0/5000 blocks from 0 candidate containers.
2023-09-07 04:53:22,221 [main] INFO  ozone.MiniOzoneClusterImpl (MiniOzoneClusterImpl.java:lambda$waitForClusterToBeReady$0(224)) - Waiting for nodes to be ready. Got 0 of 5 DN Heartbeats.
2023-09-07 04:53:22,221 [main] INFO  ozone.MiniOzoneClusterImpl (MiniOzoneClusterImpl.java:lambda$waitForClusterToBeReady$0(227)) - Waiting for cluster to exit safe mode
2023-09-07 04:53:22,221 [main] INFO  ozone.MiniOzoneClusterImpl (MiniOzoneClusterImpl.java:lambda$waitForClusterToBeReady$0(229)) - SCM became leader
2023-09-07 04:53:22,276 [EndpointStateMachine task thread for /0.0.0.0:15161 - 0 ] INFO  utils.DatanodeStoreCache (DatanodeStoreCache.java:addDB(66)) - Added db /home/runner/work/ozone/ozone/hadoop-ozone/integration-test/target/test-dir/MiniOzoneClusterImpl-91ddfec9-c3c1-434b-8c78-5e40d1aa2819/datanode-4/data-0/containers/hdds/91ddfec9-c3c1-434b-8c78-5e40d1aa2819/DS-43eee0ff-e7b8-4f2d-aaa3-ec482bbbc44c/container.db to cache
2023-09-07 04:53:22,276 [EndpointStateMachine task thread for /0.0.0.0:15161 - 0 ] INFO  volume.HddsVolume (HddsVolume.java:createDbStore(422)) - SchemaV3 db is created and loaded at /home/runner/work/ozone/ozone/hadoop-ozone/integration-test/target/test-dir/MiniOzoneClusterImpl-91ddfec9-c3c1-434b-8c78-5e40d1aa2819/datanode-4/data-0/containers/hdds/91ddfec9-c3c1-434b-8c78-5e40d1aa2819/DS-43eee0ff-e7b8-4f2d-aaa3-ec482bbbc44c/container.db for volume DS-43eee0ff-e7b8-4f2d-aaa3-ec482bbbc44c
2023-09-07 04:53:22,277 [EndpointStateMachine task thread for /0.0.0.0:15161 - 0 ] INFO  volume.ThrottledAsyncChecker (ThrottledAsyncChecker.java:schedule(141)) - Scheduling a check for /home/runner/work/ozone/ozone/hadoop-ozone/integration-test/target/test-dir/MiniOzoneClusterImpl-91ddfec9-c3c1-434b-8c78-5e40d1aa2819/datanode-4/data-0/containers/hdds
2023-09-07 04:53:22,277 [EndpointStateMachine task thread for /0.0.0.0:15161 - 0 ] INFO  volume.StorageVolumeChecker (StorageVolumeChecker.java:checkAllVolumes(213)) - Scheduled health check for volume /home/runner/work/ozone/ozone/hadoop-ozone/integration-test/target/test-dir/MiniOzoneClusterImpl-91ddfec9-c3c1-434b-8c78-5e40d1aa2819/datanode-4/data-0/containers/hdds
2023-09-07 04:53:22,286 [EndpointStateMachine task thread for /0.0.0.0:15161 - 0 ] INFO  volume.ThrottledAsyncChecker (ThrottledAsyncChecker.java:schedule(141)) - Scheduling a check for /home/runner/work/ozone/ozone/hadoop-ozone/integration-test/target/test-dir/MiniOzoneClusterImpl-91ddfec9-c3c1-434b-8c78-5e40d1aa2819/datanode-4/data/ratis
2023-09-07 04:53:22,286 [EndpointStateMachine task thread for /0.0.0.0:15161 - 0 ] INFO  volume.StorageVolumeChecker (StorageVolumeChecker.java:checkAllVolumes(213)) - Scheduled health check for volume /home/runner/work/ozone/ozone/hadoop-ozone/integration-test/target/test-dir/MiniOzoneClusterImpl-91ddfec9-c3c1-434b-8c78-5e40d1aa2819/datanode-4/data/ratis
2023-09-07 04:53:22,288 [EndpointStateMachine task thread for /0.0.0.0:15161 - 0 ] INFO  ozoneimpl.OzoneContainer (OzoneContainer.java:start(429)) - Attempting to start container services.
2023-09-07 04:53:22,288 [EndpointStateMachine task thread for /0.0.0.0:15161 - 0 ] INFO  ozoneimpl.OzoneContainer (OzoneContainer.java:startContainerScrub(325)) - Scheduled background container scanners and the on-demand container scanner have been disabled.
2023-09-07 04:53:22,289 [EndpointStateMachine task thread for /0.0.0.0:15161 - 0 ] INFO  replication.ReplicationServer (ReplicationServer.java:start(130)) - ReplicationServer is started using port 15211
2023-09-07 04:53:22,290 [EndpointStateMachine task thread for /0.0.0.0:15161 - 0 ] INFO  ratis.XceiverServerRatis (XceiverServerRatis.java:start(517)) - Starting XceiverServerRatis 47d0d84e-4e3a-4d8b-8411-824294f25318
2023-09-07 04:53:22,291 [EndpointStateMachine task thread for /0.0.0.0:15161 - 0 ] INFO  server.RaftServer (RaftServerProxy.java:startImpl(400)) - 47d0d84e-4e3a-4d8b-8411-824294f25318: start RPC server
2023-09-07 04:53:22,292 [EndpointStateMachine task thread for /0.0.0.0:15161 - 0 ] INFO  server.GrpcService (GrpcService.java:startImpl(302)) - 47d0d84e-4e3a-4d8b-8411-824294f25318: GrpcService started, listening on 15207
2023-09-07 04:53:22,293 [EndpointStateMachine task thread for /0.0.0.0:15161 - 0 ] INFO  server.GrpcService (GrpcService.java:startImpl(302)) - 47d0d84e-4e3a-4d8b-8411-824294f25318: GrpcService started, listening on 15209
2023-09-07 04:53:22,297 [EndpointStateMachine task thread for /0.0.0.0:15161 - 0 ] INFO  server.GrpcService (GrpcService.java:startImpl(302)) - 47d0d84e-4e3a-4d8b-8411-824294f25318: GrpcService started, listening on 15208
2023-09-07 04:53:22,297 [JvmPauseMonitor27] INFO  util.JvmPauseMonitor (JvmPauseMonitor.java:run(103)) - JvmPauseMonitor-47d0d84e-4e3a-4d8b-8411-824294f25318: Started
2023-09-07 04:53:22,297 [EndpointStateMachine task thread for /0.0.0.0:15161 - 0 ] INFO  ratis.XceiverServerRatis (XceiverServerRatis.java:getRealPort(543)) - XceiverServerRatis 47d0d84e-4e3a-4d8b-8411-824294f25318 is started using port 15207 for RATIS
2023-09-07 04:53:22,297 [EndpointStateMachine task thread for /0.0.0.0:15161 - 0 ] INFO  ratis.XceiverServerRatis (XceiverServerRatis.java:getRealPort(543)) - XceiverServerRatis 47d0d84e-4e3a-4d8b-8411-824294f25318 is started using port 15208 for RATIS_ADMIN
2023-09-07 04:53:22,297 [EndpointStateMachine task thread for /0.0.0.0:15161 - 0 ] INFO  ratis.XceiverServerRatis (XceiverServerRatis.java:getRealPort(543)) - XceiverServerRatis 47d0d84e-4e3a-4d8b-8411-824294f25318 is started using port 15209 for RATIS_SERVER
2023-09-07 04:53:22,298 [EndpointStateMachine task thread for /0.0.0.0:15161 - 0 ] INFO  ratis.XceiverServerRatis (XceiverServerRatis.java:getRealPort(543)) - XceiverServerRatis 47d0d84e-4e3a-4d8b-8411-824294f25318 is started using port 15210 for RATIS_DATASTREAM
2023-09-07 04:53:22,300 [BlockDeletingService#0] INFO  interfaces.ContainerDeletionChoosingPolicyTemplate (ContainerDeletionChoosingPolicyTemplate.java:chooseContainerForBlockDeletion(85)) - Chosen 0/5000 blocks from 0 candidate containers.
2023-09-07 04:53:22,774 [IPC Server handler 1 on default port 15161] INFO  net.NetworkTopologyImpl (NetworkTopologyImpl.java:add(112)) - Added a new node: /default-rack/c2ff68ec-fb8c-48a5-8338-8b04228d05a1
2023-09-07 04:53:22,774 [IPC Server handler 1 on default port 15161] INFO  node.SCMNodeManager (SCMNodeManager.java:register(405)) - Registered Data node : c2ff68ec-fb8c-48a5-8338-8b04228d05a1{ip: 10.1.0.9, host: fv-az163-854.ksqkok1cighebdh5ckq0wc3qdf.dx.internal.cloudapp.net, ports: [HTTP=15168, CLIENT_RPC=15169, REPLICATION=15175, RATIS=15171, RATIS_ADMIN=15172, RATIS_SERVER=15173, RATIS_DATASTREAM=15174, STANDALONE=15170], networkLocation: /default-rack, certSerialId: null, persistedOpState: null, persistedOpStateExpiryEpochSec: 0}
2023-09-07 04:53:22,777 [EventQueue-NodeRegistrationContainerReportForContainerSafeModeRule] INFO  safemode.SCMSafeModeManager (SCMSafeModeManager.java:validateSafeModeExitRules(200)) - ContainerSafeModeRule rule is successfully validated
2023-09-07 04:53:22,777 [EventQueue-NodeRegistrationContainerReportForDataNodeSafeModeRule] INFO  safemode.SCMSafeModeManager (DataNodeSafeModeRule.java:process(71)) - SCM in safe mode. 1 DataNodes registered, 3 required.
2023-09-07 04:53:22,782 [EventQueue-PipelineReportForOneReplicaPipelineSafeModeRule] INFO  safemode.SCMSafeModeManager (SCMSafeModeManager.java:validateSafeModeExitRules(200)) - AtleastOneDatanodeReportedRule rule is successfully validated
2023-09-07 04:53:22,783 [EventQueue-NewNodeForNewNodeHandler] INFO  pipeline.BackgroundPipelineCreator (BackgroundPipelineCreator.java:notifyEventTriggered(277)) - trigger a one-shot run on RatisPipelineUtilsThread.
2023-09-07 04:53:22,784 [RatisPipelineUtilsThread - 0] INFO  pipeline.RatisPipelineProvider (RatisPipelineProvider.java:lambda$create$0(206)) - Sending CreatePipelineCommand for pipeline:PipelineID=1a093d44-c39e-4fd5-9c9e-03eb34c918d5 to datanode:c2ff68ec-fb8c-48a5-8338-8b04228d05a1
2023-09-07 04:53:22,784 [RatisPipelineUtilsThread - 0] INFO  pipeline.BackgroundPipelineCreator (BackgroundPipelineCreator.java:createPipelines(233)) - Created new pipeline Pipeline[ Id: 1a093d44-c39e-4fd5-9c9e-03eb34c918d5, Nodes: c2ff68ec-fb8c-48a5-8338-8b04228d05a1(fv-az163-854.ksqkok1cighebdh5ckq0wc3qdf.dx.internal.cloudapp.net/10.1.0.9), ReplicationConfig: RATIS/ONE, State:ALLOCATED, leaderId:, CreationTimestamp2023-09-07T04:53:22.784Z[Etc/UTC]]
2023-09-07 04:53:23,145 [IPC Server handler 2 on default port 15161] INFO  net.NetworkTopologyImpl (NetworkTopologyImpl.java:add(112)) - Added a new node: /default-rack/87043b48-aa73-4006-a4ab-d1e7624806a9
2023-09-07 04:53:23,145 [IPC Server handler 2 on default port 15161] INFO  node.SCMNodeManager (SCMNodeManager.java:register(405)) - Registered Data node : 87043b48-aa73-4006-a4ab-d1e7624806a9{ip: 10.1.0.9, host: fv-az163-854.ksqkok1cighebdh5ckq0wc3qdf.dx.internal.cloudapp.net, ports: [HTTP=15177, CLIENT_RPC=15178, REPLICATION=15184, RATIS=15180, RATIS_ADMIN=15181, RATIS_SERVER=15182, RATIS_DATASTREAM=15183, STANDALONE=15179], networkLocation: /default-rack, certSerialId: null, persistedOpState: null, persistedOpStateExpiryEpochSec: 0}
2023-09-07 04:53:23,145 [EventQueue-NewNodeForNewNodeHandler] INFO  pipeline.BackgroundPipelineCreator (BackgroundPipelineCreator.java:notifyEventTriggered(277)) - trigger a one-shot run on RatisPipelineUtilsThread.
2023-09-07 04:53:23,147 [EventQueue-NodeRegistrationContainerReportForDataNodeSafeModeRule] INFO  safemode.SCMSafeModeManager (DataNodeSafeModeRule.java:process(71)) - SCM in safe mode. 2 DataNodes registered, 3 required.
2023-09-07 04:53:23,148 [RatisPipelineUtilsThread - 0] INFO  pipeline.RatisPipelineProvider (RatisPipelineProvider.java:lambda$create$0(206)) - Sending CreatePipelineCommand for pipeline:PipelineID=8d8619fe-a78d-4aff-a664-f9d26549a2b7 to datanode:87043b48-aa73-4006-a4ab-d1e7624806a9
2023-09-07 04:53:23,148 [RatisPipelineUtilsThread - 0] INFO  pipeline.BackgroundPipelineCreator (BackgroundPipelineCreator.java:createPipelines(233)) - Created new pipeline Pipeline[ Id: 8d8619fe-a78d-4aff-a664-f9d26549a2b7, Nodes: 87043b48-aa73-4006-a4ab-d1e7624806a9(fv-az163-854.ksqkok1cighebdh5ckq0wc3qdf.dx.internal.cloudapp.net/10.1.0.9), ReplicationConfig: RATIS/ONE, State:ALLOCATED, leaderId:, CreationTimestamp2023-09-07T04:53:23.148Z[Etc/UTC]]
2023-09-07 04:53:23,222 [main] INFO  ozone.MiniOzoneClusterImpl (MiniOzoneClusterImpl.java:lambda$waitForClusterToBeReady$0(224)) - Waiting for nodes to be ready. Got 2 of 5 DN Heartbeats.
2023-09-07 04:53:23,222 [main] INFO  ozone.MiniOzoneClusterImpl (MiniOzoneClusterImpl.java:lambda$waitForClusterToBeReady$0(227)) - Waiting for cluster to exit safe mode
2023-09-07 04:53:23,222 [main] INFO  ozone.MiniOzoneClusterImpl (MiniOzoneClusterImpl.java:lambda$waitForClusterToBeReady$0(229)) - SCM became leader
2023-09-07 04:53:23,525 [IPC Server handler 1 on default port 15161] INFO  net.NetworkTopologyImpl (NetworkTopologyImpl.java:add(112)) - Added a new node: /default-rack/5e8b1818-5304-4881-9e46-c74e35e46625
2023-09-07 04:53:23,526 [IPC Server handler 1 on default port 15161] INFO  node.SCMNodeManager (SCMNodeManager.java:register(405)) - Registered Data node : 5e8b1818-5304-4881-9e46-c74e35e46625{ip: 10.1.0.9, host: fv-az163-854.ksqkok1cighebdh5ckq0wc3qdf.dx.internal.cloudapp.net, ports: [HTTP=15186, CLIENT_RPC=15187, REPLICATION=15193, RATIS=15189, RATIS_ADMIN=15190, RATIS_SERVER=15191, RATIS_DATASTREAM=15192, STANDALONE=15188], networkLocation: /default-rack, certSerialId: null, persistedOpState: null, persistedOpStateExpiryEpochSec: 0}
2023-09-07 04:53:23,526 [EventQueue-NewNodeForNewNodeHandler] INFO  pipeline.BackgroundPipelineCreator (BackgroundPipelineCreator.java:notifyEventTriggered(277)) - trigger a one-shot run on RatisPipelineUtilsThread.
2023-09-07 04:53:23,526 [EventQueue-NodeRegistrationContainerReportForDataNodeSafeModeRule] INFO  safemode.SCMSafeModeManager (DataNodeSafeModeRule.java:process(71)) - SCM in safe mode. 3 DataNodes registered, 3 required.
2023-09-07 04:53:23,526 [EventQueue-NodeRegistrationContainerReportForDataNodeSafeModeRule] INFO  safemode.SCMSafeModeManager (SCMSafeModeManager.java:validateSafeModeExitRules(200)) - DataNodeSafeModeRule rule is successfully validated
2023-09-07 04:53:23,526 [EventQueue-NodeRegistrationContainerReportForDataNodeSafeModeRule] INFO  safemode.SCMSafeModeManager (SCMSafeModeManager.java:completePreCheck(229)) - All SCM safe mode pre check rules have passed
2023-09-07 04:53:23,526 [EventQueue-NodeRegistrationContainerReportForDataNodeSafeModeRule] INFO  ha.SCMContext (SCMContext.java:updateSafeModeStatus(228)) - Update SafeModeStatus from SafeModeStatus{safeModeStatus=true, preCheckPassed=false} to SafeModeStatus{safeModeStatus=true, preCheckPassed=true}.
2023-09-07 04:53:23,526 [EventQueue-NodeRegistrationContainerReportForDataNodeSafeModeRule] INFO  pipeline.BackgroundPipelineCreator (BackgroundPipelineCreator.java:notifyEventTriggered(277)) - trigger a one-shot run on RatisPipelineUtilsThread.
2023-09-07 04:53:23,526 [RatisPipelineUtilsThread - 0] INFO  pipeline.RatisPipelineProvider (RatisPipelineProvider.java:lambda$create$0(206)) - Sending CreatePipelineCommand for pipeline:PipelineID=1af646f2-e9a0-470e-9245-b1977d1c949c to datanode:5e8b1818-5304-4881-9e46-c74e35e46625
2023-09-07 04:53:23,527 [RatisPipelineUtilsThread - 0] INFO  pipeline.BackgroundPipelineCreator (BackgroundPipelineCreator.java:createPipelines(233)) - Created new pipeline Pipeline[ Id: 1af646f2-e9a0-470e-9245-b1977d1c949c, Nodes: 5e8b1818-5304-4881-9e46-c74e35e46625(fv-az163-854.ksqkok1cighebdh5ckq0wc3qdf.dx.internal.cloudapp.net/10.1.0.9), ReplicationConfig: RATIS/ONE, State:ALLOCATED, leaderId:, CreationTimestamp2023-09-07T04:53:23.526Z[Etc/UTC]]
2023-09-07 04:53:23,528 [RatisPipelineUtilsThread - 0] INFO  pipeline.RatisPipelineProvider (RatisPipelineProvider.java:lambda$create$0(206)) - Sending CreatePipelineCommand for pipeline:PipelineID=ac0bab7a-a9ed-4cd2-875b-2482551a0811 to datanode:5e8b1818-5304-4881-9e46-c74e35e46625
2023-09-07 04:53:23,528 [RatisPipelineUtilsThread - 0] INFO  pipeline.RatisPipelineProvider (RatisPipelineProvider.java:lambda$create$0(206)) - Sending CreatePipelineCommand for pipeline:PipelineID=ac0bab7a-a9ed-4cd2-875b-2482551a0811 to datanode:87043b48-aa73-4006-a4ab-d1e7624806a9
2023-09-07 04:53:23,528 [RatisPipelineUtilsThread - 0] INFO  pipeline.RatisPipelineProvider (RatisPipelineProvider.java:lambda$create$0(206)) - Sending CreatePipelineCommand for pipeline:PipelineID=ac0bab7a-a9ed-4cd2-875b-2482551a0811 to datanode:c2ff68ec-fb8c-48a5-8338-8b04228d05a1
2023-09-07 04:53:23,528 [RatisPipelineUtilsThread - 0] INFO  pipeline.BackgroundPipelineCreator (BackgroundPipelineCreator.java:createPipelines(233)) - Created new pipeline Pipeline[ Id: ac0bab7a-a9ed-4cd2-875b-2482551a0811, Nodes: 5e8b1818-5304-4881-9e46-c74e35e46625(fv-az163-854.ksqkok1cighebdh5ckq0wc3qdf.dx.internal.cloudapp.net/10.1.0.9)87043b48-aa73-4006-a4ab-d1e7624806a9(fv-az163-854.ksqkok1cighebdh5ckq0wc3qdf.dx.internal.cloudapp.net/10.1.0.9)c2ff68ec-fb8c-48a5-8338-8b04228d05a1(fv-az163-854.ksqkok1cighebdh5ckq0wc3qdf.dx.internal.cloudapp.net/10.1.0.9), ReplicationConfig: RATIS/THREE, State:ALLOCATED, leaderId:, CreationTimestamp2023-09-07T04:53:23.528Z[Etc/UTC]]
2023-09-07 04:53:23,529 [RatisPipelineUtilsThread - 0] INFO  pipeline.RatisPipelineProvider (RatisPipelineProvider.java:lambda$create$0(206)) - Sending CreatePipelineCommand for pipeline:PipelineID=0537529e-a2ae-4539-a878-49d8fe676e39 to datanode:87043b48-aa73-4006-a4ab-d1e7624806a9
2023-09-07 04:53:23,529 [RatisPipelineUtilsThread - 0] INFO  pipeline.RatisPipelineProvider (RatisPipelineProvider.java:lambda$create$0(206)) - Sending CreatePipelineCommand for pipeline:PipelineID=0537529e-a2ae-4539-a878-49d8fe676e39 to datanode:c2ff68ec-fb8c-48a5-8338-8b04228d05a1
2023-09-07 04:53:23,529 [RatisPipelineUtilsThread - 0] INFO  pipeline.RatisPipelineProvider (RatisPipelineProvider.java:lambda$create$0(206)) - Sending CreatePipelineCommand for pipeline:PipelineID=0537529e-a2ae-4539-a878-49d8fe676e39 to datanode:5e8b1818-5304-4881-9e46-c74e35e46625
2023-09-07 04:53:23,530 [RatisPipelineUtilsThread - 0] INFO  pipeline.PipelineManagerImpl (PipelineManagerImpl.java:recordMetricsForPipeline(914)) - Pipeline: PipelineID=0537529e-a2ae-4539-a878-49d8fe676e39 contains same datanodes as previous pipelines: PipelineID=ac0bab7a-a9ed-4cd2-875b-2482551a0811 nodeIds: 87043b48-aa73-4006-a4ab-d1e7624806a9, c2ff68ec-fb8c-48a5-8338-8b04228d05a1, 5e8b1818-5304-4881-9e46-c74e35e46625
2023-09-07 04:53:23,530 [RatisPipelineUtilsThread - 0] INFO  pipeline.BackgroundPipelineCreator (BackgroundPipelineCreator.java:createPipelines(233)) - Created new pipeline Pipeline[ Id: 0537529e-a2ae-4539-a878-49d8fe676e39, Nodes: 87043b48-aa73-4006-a4ab-d1e7624806a9(fv-az163-854.ksqkok1cighebdh5ckq0wc3qdf.dx.internal.cloudapp.net/10.1.0.9)c2ff68ec-fb8c-48a5-8338-8b04228d05a1(fv-az163-854.ksqkok1cighebdh5ckq0wc3qdf.dx.internal.cloudapp.net/10.1.0.9)5e8b1818-5304-4881-9e46-c74e35e46625(fv-az163-854.ksqkok1cighebdh5ckq0wc3qdf.dx.internal.cloudapp.net/10.1.0.9), ReplicationConfig: RATIS/THREE, State:ALLOCATED, leaderId:, CreationTimestamp2023-09-07T04:53:23.529Z[Etc/UTC]]
2023-09-07 04:53:23,884 [IPC Server handler 2 on default port 15161] INFO  net.NetworkTopologyImpl (NetworkTopologyImpl.java:add(112)) - Added a new node: /default-rack/00eba518-ec47-4b38-9f64-79409ef1ea16
2023-09-07 04:53:23,885 [IPC Server handler 2 on default port 15161] INFO  node.SCMNodeManager (SCMNodeManager.java:register(405)) - Registered Data node : 00eba518-ec47-4b38-9f64-79409ef1ea16{ip: 10.1.0.9, host: fv-az163-854.ksqkok1cighebdh5ckq0wc3qdf.dx.internal.cloudapp.net, ports: [HTTP=15195, CLIENT_RPC=15196, REPLICATION=15202, RATIS=15198, RATIS_ADMIN=15199, RATIS_SERVER=15200, RATIS_DATASTREAM=15201, STANDALONE=15197], networkLocation: /default-rack, certSerialId: null, persistedOpState: null, persistedOpStateExpiryEpochSec: 0}
2023-09-07 04:53:23,885 [EventQueue-NewNodeForNewNodeHandler] INFO  pipeline.BackgroundPipelineCreator (BackgroundPipelineCreator.java:notifyEventTriggered(277)) - trigger a one-shot run on RatisPipelineUtilsThread.
2023-09-07 04:53:23,886 [RatisPipelineUtilsThread - 0] INFO  pipeline.RatisPipelineProvider (RatisPipelineProvider.java:lambda$create$0(206)) - Sending CreatePipelineCommand for pipeline:PipelineID=ea7b3ef3-4a39-4fcc-a4f6-72ce4dae669c to datanode:00eba518-ec47-4b38-9f64-79409ef1ea16
2023-09-07 04:53:23,887 [RatisPipelineUtilsThread - 0] INFO  pipeline.BackgroundPipelineCreator (BackgroundPipelineCreator.java:createPipelines(233)) - Created new pipeline Pipeline[ Id: ea7b3ef3-4a39-4fcc-a4f6-72ce4dae669c, Nodes: 00eba518-ec47-4b38-9f64-79409ef1ea16(fv-az163-854.ksqkok1cighebdh5ckq0wc3qdf.dx.internal.cloudapp.net/10.1.0.9), ReplicationConfig: RATIS/ONE, State:ALLOCATED, leaderId:, CreationTimestamp2023-09-07T04:53:23.886Z[Etc/UTC]]
2023-09-07 04:53:24,222 [main] INFO  ozone.MiniOzoneClusterImpl (MiniOzoneClusterImpl.java:lambda$waitForClusterToBeReady$0(224)) - Waiting for nodes to be ready. Got 4 of 5 DN Heartbeats.
2023-09-07 04:53:24,223 [main] INFO  ozone.MiniOzoneClusterImpl (MiniOzoneClusterImpl.java:lambda$waitForClusterToBeReady$0(227)) - Waiting for cluster to exit safe mode
2023-09-07 04:53:24,223 [main] INFO  ozone.MiniOzoneClusterImpl (MiniOzoneClusterImpl.java:lambda$waitForClusterToBeReady$0(229)) - SCM became leader
2023-09-07 04:53:24,223 [IPC Server handler 0 on default port 15161] INFO  net.NetworkTopologyImpl (NetworkTopologyImpl.java:add(112)) - Added a new node: /default-rack/47d0d84e-4e3a-4d8b-8411-824294f25318
2023-09-07 04:53:24,223 [IPC Server handler 0 on default port 15161] INFO  node.SCMNodeManager (SCMNodeManager.java:register(405)) - Registered Data node : 47d0d84e-4e3a-4d8b-8411-824294f25318{ip: 10.1.0.9, host: fv-az163-854.ksqkok1cighebdh5ckq0wc3qdf.dx.internal.cloudapp.net, ports: [HTTP=15204, CLIENT_RPC=15205, REPLICATION=15211, RATIS=15207, RATIS_ADMIN=15208, RATIS_SERVER=15209, RATIS_DATASTREAM=15210, STANDALONE=15206], networkLocation: /default-rack, certSerialId: null, persistedOpState: null, persistedOpStateExpiryEpochSec: 0}
2023-09-07 04:53:24,225 [EventQueue-NewNodeForNewNodeHandler] INFO  pipeline.BackgroundPipelineCreator (BackgroundPipelineCreator.java:notifyEventTriggered(277)) - trigger a one-shot run on RatisPipelineUtilsThread.
2023-09-07 04:53:24,226 [RatisPipelineUtilsThread - 0] INFO  pipeline.RatisPipelineProvider (RatisPipelineProvider.java:lambda$create$0(206)) - Sending CreatePipelineCommand for pipeline:PipelineID=29b6a1cb-b0e2-442d-a93b-3fb509572725 to datanode:47d0d84e-4e3a-4d8b-8411-824294f25318
2023-09-07 04:53:24,227 [RatisPipelineUtilsThread - 0] INFO  pipeline.BackgroundPipelineCreator (BackgroundPipelineCreator.java:createPipelines(233)) - Created new pipeline Pipeline[ Id: 29b6a1cb-b0e2-442d-a93b-3fb509572725, Nodes: 47d0d84e-4e3a-4d8b-8411-824294f25318(fv-az163-854.ksqkok1cighebdh5ckq0wc3qdf.dx.internal.cloudapp.net/10.1.0.9), ReplicationConfig: RATIS/ONE, State:ALLOCATED, leaderId:, CreationTimestamp2023-09-07T04:53:24.226Z[Etc/UTC]]
2023-09-07 04:53:25,223 [main] INFO  ozone.MiniOzoneClusterImpl (MiniOzoneClusterImpl.java:lambda$waitForClusterToBeReady$0(224)) - Nodes are ready. Got 5 of 5 DN Heartbeats.
2023-09-07 04:53:25,223 [main] INFO  ozone.MiniOzoneClusterImpl (MiniOzoneClusterImpl.java:lambda$waitForClusterToBeReady$0(227)) - Waiting for cluster to exit safe mode
2023-09-07 04:53:25,223 [main] INFO  ozone.MiniOzoneClusterImpl (MiniOzoneClusterImpl.java:lambda$waitForClusterToBeReady$0(229)) - SCM became leader
2023-09-07 04:53:25,775 [PipelineCommandHandlerThread-0] INFO  server.RaftServer (RaftServerProxy.java:addNew(98)) - c2ff68ec-fb8c-48a5-8338-8b04228d05a1: addNew group-03EB34C918D5:[c2ff68ec-fb8c-48a5-8338-8b04228d05a1|rpc:10.1.0.9:15173|admin:10.1.0.9:15172|client:10.1.0.9:15171|dataStream:10.1.0.9:15174|priority:1|startupRole:FOLLOWER] returns group-03EB34C918D5:java.util.concurrent.CompletableFuture@2e98b2a3[Not completed]
2023-09-07 04:53:25,776 [c2ff68ec-fb8c-48a5-8338-8b04228d05a1-groupManagement] INFO  server.RaftServer$Division (RaftServerImpl.java:<init>(198)) - c2ff68ec-fb8c-48a5-8338-8b04228d05a1: new RaftServerImpl for group-03EB34C918D5:[c2ff68ec-fb8c-48a5-8338-8b04228d05a1|rpc:10.1.0.9:15173|admin:10.1.0.9:15172|client:10.1.0.9:15171|dataStream:10.1.0.9:15174|priority:1|startupRole:FOLLOWER] with ContainerStateMachine:uninitialized
2023-09-07 04:53:25,777 [c2ff68ec-fb8c-48a5-8338-8b04228d05a1-groupManagement] INFO  server.RaftServerConfigKeys (ConfUtils.java:logGet(46)) - raft.server.rpc.timeout.min = 5s (custom)
2023-09-07 04:53:25,777 [c2ff68ec-fb8c-48a5-8338-8b04228d05a1-groupManagement] INFO  server.RaftServerConfigKeys (ConfUtils.java:logGet(46)) - raft.server.rpc.timeout.max = 5200ms (custom)
2023-09-07 04:53:25,777 [c2ff68ec-fb8c-48a5-8338-8b04228d05a1-groupManagement] INFO  server.RaftServerConfigKeys (ConfUtils.java:logGet(46)) - raft.server.rpc.sleep.time = 25ms (default)
2023-09-07 04:53:25,777 [c2ff68ec-fb8c-48a5-8338-8b04228d05a1-groupManagement] INFO  server.RaftServerConfigKeys (ConfUtils.java:logGet(46)) - raft.server.rpc.slowness.timeout = 300s (custom)
2023-09-07 04:53:25,777 [c2ff68ec-fb8c-48a5-8338-8b04228d05a1-groupManagement] INFO  server.RaftServerConfigKeys (ConfUtils.java:logGet(46)) - raft.server.leaderelection.leader.step-down.wait-time = 10s (default)
2023-09-07 04:53:25,777 [c2ff68ec-fb8c-48a5-8338-8b04228d05a1-groupManagement] INFO  server.RaftServerConfigKeys (ConfUtils.java:logGet(46)) - raft.server.sleep.deviation.threshold = 300ms (default)
2023-09-07 04:53:25,777 [c2ff68ec-fb8c-48a5-8338-8b04228d05a1-groupManagement] INFO  server.RaftServer$Division (ServerState.java:<init>(120)) - c2ff68ec-fb8c-48a5-8338-8b04228d05a1@group-03EB34C918D5: ConfigurationManager, init=-1: peers:[c2ff68ec-fb8c-48a5-8338-8b04228d05a1|rpc:10.1.0.9:15173|admin:10.1.0.9:15172|client:10.1.0.9:15171|dataStream:10.1.0.9:15174|priority:1|startupRole:FOLLOWER]|listeners:[], old=null, confs=<EMPTY_MAP>
2023-09-07 04:53:25,777 [c2ff68ec-fb8c-48a5-8338-8b04228d05a1-groupManagement] INFO  server.RaftServerConfigKeys (ConfUtils.java:logGet(46)) - raft.server.storage.dir = [/home/runner/work/ozone/ozone/hadoop-ozone/integration-test/target/test-dir/MiniOzoneClusterImpl-91ddfec9-c3c1-434b-8c78-5e40d1aa2819/datanode-0/data/ratis] (custom)
2023-09-07 04:53:25,777 [c2ff68ec-fb8c-48a5-8338-8b04228d05a1-groupManagement] INFO  server.RaftServerConfigKeys (ConfUtils.java:logGet(46)) - raft.server.log.corruption.policy = EXCEPTION (default)
2023-09-07 04:53:25,777 [c2ff68ec-fb8c-48a5-8338-8b04228d05a1-groupManagement] INFO  server.RaftServerConfigKeys (ConfUtils.java:logGet(46)) - raft.server.storage.free-space.min = 0MB (=0) (default)
2023-09-07 04:53:25,777 [c2ff68ec-fb8c-48a5-8338-8b04228d05a1-groupManagement] INFO  server.RaftServerConfigKeys (ConfUtils.java:logGet(46)) - raft.server.notification.no-leader.timeout = 300s (custom)
2023-09-07 04:53:25,777 [c2ff68ec-fb8c-48a5-8338-8b04228d05a1-groupManagement] INFO  server.RaftServerConfigKeys (ConfUtils.java:logGet(46)) - raft.server.read.timeout = 10s (default)
2023-09-07 04:53:25,778 [c2ff68ec-fb8c-48a5-8338-8b04228d05a1-groupManagement] INFO  server.RaftServerConfigKeys (ConfUtils.java:logGet(46)) - raft.server.retrycache.expirytime = 600000ms (custom)
2023-09-07 04:53:25,778 [c2ff68ec-fb8c-48a5-8338-8b04228d05a1-groupManagement] INFO  server.RaftServerConfigKeys (ConfUtils.java:logGet(46)) - raft.server.retrycache.statistics.expirytime = 100μs (default)
2023-09-07 04:53:25,778 [c2ff68ec-fb8c-48a5-8338-8b04228d05a1-groupManagement] INFO  server.RaftServerConfigKeys (ConfUtils.java:logGet(46)) - raft.server.read.option = DEFAULT (default)
2023-09-07 04:53:25,778 [c2ff68ec-fb8c-48a5-8338-8b04228d05a1-groupManagement] INFO  server.RaftServerConfigKeys (ConfUtils.java:logGet(46)) - raft.server.rpc.request.timeout = 60s (custom)
2023-09-07 04:53:25,778 [c2ff68ec-fb8c-48a5-8338-8b04228d05a1-groupManagement] INFO  server.RaftServerConfigKeys (ConfUtils.java:logGet(46)) - raft.server.log.appender.install.snapshot.enabled = false (custom)
2023-09-07 04:53:25,779 [c2ff68ec-fb8c-48a5-8338-8b04228d05a1-groupManagement] INFO  server.RaftServerConfigKeys (ConfUtils.java:logGet(46)) - raft.server.threadpool.server.cached = true (default)
2023-09-07 04:53:25,779 [c2ff68ec-fb8c-48a5-8338-8b04228d05a1-groupManagement] INFO  server.RaftServerConfigKeys (ConfUtils.java:logGet(46)) - raft.server.threadpool.server.size = 0 (default)
2023-09-07 04:53:25,779 [c2ff68ec-fb8c-48a5-8338-8b04228d05a1-groupManagement] INFO  server.RaftServerConfigKeys (ConfUtils.java:logGet(46)) - raft.server.threadpool.client.cached = true (default)
2023-09-07 04:53:25,779 [c2ff68ec-fb8c-48a5-8338-8b04228d05a1-groupManagement] INFO  server.RaftServerConfigKeys (ConfUtils.java:logGet(46)) - raft.server.threadpool.client.size = 0 (default)
2023-09-07 04:53:25,779 [c2ff68ec-fb8c-48a5-8338-8b04228d05a1-groupManagement] INFO  storage.RaftStorageDirectory (RaftStorageDirectoryImpl.java:analyzeStorage(137)) - The storage directory /home/runner/work/ozone/ozone/hadoop-ozone/integration-test/target/test-dir/MiniOzoneClusterImpl-91ddfec9-c3c1-434b-8c78-5e40d1aa2819/datanode-0/data/ratis/1a093d44-c39e-4fd5-9c9e-03eb34c918d5 does not exist. Creating ...
2023-09-07 04:53:25,780 [c2ff68ec-fb8c-48a5-8338-8b04228d05a1-groupManagement] INFO  storage.RaftStorageDirectory (RaftStorageDirectoryImpl.java:tryLock(231)) - Lock on /home/runner/work/ozone/ozone/hadoop-ozone/integration-test/target/test-dir/MiniOzoneClusterImpl-91ddfec9-c3c1-434b-8c78-5e40d1aa2819/datanode-0/data/ratis/1a093d44-c39e-4fd5-9c9e-03eb34c918d5/in_use.lock acquired by nodename 7593@fv-az163-854
2023-09-07 04:53:25,783 [c2ff68ec-fb8c-48a5-8338-8b04228d05a1-groupManagement] INFO  storage.RaftStorage (RaftStorageImpl.java:format(96)) - Storage directory /home/runner/work/ozone/ozone/hadoop-ozone/integration-test/target/test-dir/MiniOzoneClusterImpl-91ddfec9-c3c1-434b-8c78-5e40d1aa2819/datanode-0/data/ratis/1a093d44-c39e-4fd5-9c9e-03eb34c918d5 has been successfully formatted.
2023-09-07 04:53:25,785 [c2ff68ec-fb8c-48a5-8338-8b04228d05a1-groupManagement] INFO  ratis.ContainerStateMachine (ContainerStateMachine.java:loadSnapshot(262)) - group-03EB34C918D5: The snapshot info is null. Setting the last applied indexto:(t:0, i:~)
2023-09-07 04:53:25,785 [c2ff68ec-fb8c-48a5-8338-8b04228d05a1-groupManagement] INFO  server.RaftServerConfigKeys (ConfUtils.java:logGet(46)) - raft.server.log.use.memory = false (default)
2023-09-07 04:53:25,786 [c2ff68ec-fb8c-48a5-8338-8b04228d05a1-groupManagement] INFO  server.RaftServerConfigKeys (ConfUtils.java:logGet(46)) - raft.server.log.purge.gap = 1000000 (custom)
2023-09-07 04:53:25,786 [c2ff68ec-fb8c-48a5-8338-8b04228d05a1-groupManagement] INFO  server.RaftServerConfigKeys (ConfUtils.java:logGet(46)) - raft.server.log.appender.buffer.byte-limit = 33554432 (custom)
2023-09-07 04:53:25,786 [EventQueue-PipelineReportForPipelineReportHandler] INFO  pipeline.PipelineReportHandler (PipelineReportHandler.java:processPipelineReport(136)) - Opened pipeline PipelineID=1a093d44-c39e-4fd5-9c9e-03eb34c918d5
2023-09-07 04:53:25,786 [c2ff68ec-fb8c-48a5-8338-8b04228d05a1-groupManagement] INFO  server.RaftServerConfigKeys (ConfUtils.java:logGet(46)) - raft.server.log.statemachine.data.read.timeout = 1000ms (default)
2023-09-07 04:53:25,786 [c2ff68ec-fb8c-48a5-8338-8b04228d05a1-groupManagement] INFO  server.RaftServerConfigKeys (ConfUtils.java:logGet(46)) - raft.server.log.purge.preservation.log.num = 0 (default)
2023-09-07 04:53:25,787 [c2ff68ec-fb8c-48a5-8338-8b04228d05a1-groupManagement] INFO  server.RaftServerConfigKeys (ConfUtils.java:logGet(46)) - raft.server.log.segment.size.max = 1048576 (custom)
2023-09-07 04:53:25,788 [EventQueue-OpenPipelineForHealthyPipelineSafeModeRule] INFO  safemode.SCMSafeModeManager (HealthyPipelineSafeModeRule.java:process(137)) - SCM in safe mode. Healthy pipelines reported count is 0, required healthy pipeline reported count is 1
2023-09-07 04:53:25,788 [c2ff68ec-fb8c-48a5-8338-8b04228d05a1-groupManagement] INFO  server.RaftServerConfigKeys (ConfUtils.java:logGet(46)) - raft.server.log.segment.cache.num.max = 2 (custom)
2023-09-07 04:53:25,788 [c2ff68ec-fb8c-48a5-8338-8b04228d05a1-groupManagement] INFO  server.RaftServerConfigKeys (ConfUtils.java:logGet(46)) - raft.server.log.segment.cache.size.max = 200MB (=209715200) (default)
2023-09-07 04:53:25,788 [c2ff68ec-fb8c-48a5-8338-8b04228d05a1-groupManagement] INFO  server.RaftServerConfigKeys (ConfUtils.java:logGet(46)) - raft.server.log.appender.buffer.byte-limit = 33554432 (custom)
2023-09-07 04:53:25,788 [c2ff68ec-fb8c-48a5-8338-8b04228d05a1-groupManagement] INFO  segmented.SegmentedRaftLogWorker (SegmentedRaftLogWorker.java:<init>(188)) - new c2ff68ec-fb8c-48a5-8338-8b04228d05a1@group-03EB34C918D5-SegmentedRaftLogWorker for RaftStorageImpl:Storage Directory /home/runner/work/ozone/ozone/hadoop-ozone/integration-test/target/test-dir/MiniOzoneClusterImpl-91ddfec9-c3c1-434b-8c78-5e40d1aa2819/datanode-0/data/ratis/1a093d44-c39e-4fd5-9c9e-03eb34c918d5
2023-09-07 04:53:25,788 [c2ff68ec-fb8c-48a5-8338-8b04228d05a1-groupManagement] INFO  server.RaftServerConfigKeys (ConfUtils.java:logGet(46)) - raft.server.log.queue.byte-limit = 4294967296 (custom)
2023-09-07 04:53:25,789 [c2ff68ec-fb8c-48a5-8338-8b04228d05a1-groupManagement] INFO  server.RaftServerConfigKeys (ConfUtils.java:logGet(46)) - raft.server.log.queue.element-limit = 1024 (custom)
2023-09-07 04:53:25,789 [c2ff68ec-fb8c-48a5-8338-8b04228d05a1-groupManagement] INFO  server.RaftServerConfigKeys (ConfUtils.java:logGet(46)) - raft.server.log.segment.size.max = 1048576 (custom)
2023-09-07 04:53:25,790 [c2ff68ec-fb8c-48a5-8338-8b04228d05a1-groupManagement] INFO  server.RaftServerConfigKeys (ConfUtils.java:logGet(46)) - raft.server.log.preallocated.size = 16384 (custom)
2023-09-07 04:53:25,790 [c2ff68ec-fb8c-48a5-8338-8b04228d05a1-groupManagement] INFO  server.RaftServerConfigKeys (ConfUtils.java:logGet(46)) - raft.server.log.force.sync.num = 128 (default)
2023-09-07 04:53:25,790 [c2ff68ec-fb8c-48a5-8338-8b04228d05a1-groupManagement] INFO  server.RaftServerConfigKeys (ConfUtils.java:logGet(46)) - raft.server.log.statemachine.data.sync = true (default)
2023-09-07 04:53:25,790 [c2ff68ec-fb8c-48a5-8338-8b04228d05a1-groupManagement] INFO  server.RaftServerConfigKeys (ConfUtils.java:logGet(46)) - raft.server.log.statemachine.data.sync.timeout = 10s (default)
2023-09-07 04:53:25,790 [c2ff68ec-fb8c-48a5-8338-8b04228d05a1-groupManagement] INFO  server.RaftServerConfigKeys (ConfUtils.java:logGet(46)) - raft.server.log.statemachine.data.sync.timeout.retry = -1 (default)
2023-09-07 04:53:25,790 [c2ff68ec-fb8c-48a5-8338-8b04228d05a1-groupManagement] INFO  server.RaftServerConfigKeys (ConfUtils.java:logGet(46)) - raft.server.log.write.buffer.size = 1048576 (custom)
2023-09-07 04:53:25,791 [c2ff68ec-fb8c-48a5-8338-8b04228d05a1-groupManagement] INFO  server.RaftServerConfigKeys (ConfUtils.java:logGet(46)) - raft.server.log.appender.buffer.byte-limit = 33554432 (custom)
2023-09-07 04:53:25,797 [c2ff68ec-fb8c-48a5-8338-8b04228d05a1-groupManagement] INFO  server.RaftServerConfigKeys (ConfUtils.java:logGet(46)) - raft.server.log.unsafe-flush.enabled = false (default)
2023-09-07 04:53:25,797 [c2ff68ec-fb8c-48a5-8338-8b04228d05a1-groupManagement] INFO  server.RaftServerConfigKeys (ConfUtils.java:logGet(46)) - raft.server.log.async-flush.enabled = false (default)
2023-09-07 04:53:25,797 [c2ff68ec-fb8c-48a5-8338-8b04228d05a1-groupManagement] INFO  server.RaftServerConfigKeys (ConfUtils.java:logGet(46)) - raft.server.log.statemachine.data.caching.enabled = true (custom)
2023-09-07 04:53:25,797 [c2ff68ec-fb8c-48a5-8338-8b04228d05a1-groupManagement] INFO  segmented.SegmentedRaftLogWorker (SegmentedRaftLogWorker.java:lambda$new$0(135)) - c2ff68ec-fb8c-48a5-8338-8b04228d05a1@group-03EB34C918D5-SegmentedRaftLogWorker: flushIndex: setUnconditionally 0 -> -1
2023-09-07 04:53:25,797 [c2ff68ec-fb8c-48a5-8338-8b04228d05a1-groupManagement] INFO  segmented.SegmentedRaftLogWorker (SegmentedRaftLogWorker.java:lambda$new$0(135)) - c2ff68ec-fb8c-48a5-8338-8b04228d05a1@group-03EB34C918D5-SegmentedRaftLogWorker: safeCacheEvictIndex: setUnconditionally 0 -> -1
2023-09-07 04:53:25,798 [c2ff68ec-fb8c-48a5-8338-8b04228d05a1-groupManagement] INFO  server.RaftServer$Division (RaftServerImpl.java:start(342)) - c2ff68ec-fb8c-48a5-8338-8b04228d05a1@group-03EB34C918D5: start as a follower, conf=-1: peers:[c2ff68ec-fb8c-48a5-8338-8b04228d05a1|rpc:10.1.0.9:15173|admin:10.1.0.9:15172|client:10.1.0.9:15171|dataStream:10.1.0.9:15174|priority:1|startupRole:FOLLOWER]|listeners:[], old=null
2023-09-07 04:53:25,798 [c2ff68ec-fb8c-48a5-8338-8b04228d05a1-groupManagement] INFO  server.RaftServer$Division (RaftServerImpl.java:setRole(329)) - c2ff68ec-fb8c-48a5-8338-8b04228d05a1@group-03EB34C918D5: changes role from      null to FOLLOWER at term 0 for startAsFollower
2023-09-07 04:53:25,798 [c2ff68ec-fb8c-48a5-8338-8b04228d05a1-groupManagement] INFO  impl.RoleInfo (RoleInfo.java:updateAndGet(139)) - c2ff68ec-fb8c-48a5-8338-8b04228d05a1: start c2ff68ec-fb8c-48a5-8338-8b04228d05a1@group-03EB34C918D5-FollowerState
2023-09-07 04:53:25,798 [c2ff68ec-fb8c-48a5-8338-8b04228d05a1-groupManagement] INFO  util.JmxRegister (JmxRegister.java:tryRegister(44)) - Successfully registered JMX Bean with object name Ratis:service=RaftServer,group=group-03EB34C918D5,id=c2ff68ec-fb8c-48a5-8338-8b04228d05a1
2023-09-07 04:53:25,798 [c2ff68ec-fb8c-48a5-8338-8b04228d05a1@group-03EB34C918D5-FollowerState] INFO  server.RaftServerConfigKeys (ConfUtils.java:logFallback(53)) - raft.server.rpc.first-election.timeout.min = 5s (fallback to raft.server.rpc.timeout.min)
2023-09-07 04:53:25,798 [c2ff68ec-fb8c-48a5-8338-8b04228d05a1-groupManagement] INFO  server.RaftServerConfigKeys (ConfUtils.java:logGet(46)) - raft.server.snapshot.auto.trigger.enabled = true (custom)
2023-09-07 04:53:25,798 [c2ff68ec-fb8c-48a5-8338-8b04228d05a1@group-03EB34C918D5-FollowerState] INFO  server.RaftServerConfigKeys (ConfUtils.java:logFallback(53)) - raft.server.rpc.first-election.timeout.max = 5200ms (fallback to raft.server.rpc.timeout.max)
2023-09-07 04:53:25,798 [c2ff68ec-fb8c-48a5-8338-8b04228d05a1-groupManagement] INFO  server.RaftServerConfigKeys (ConfUtils.java:logGet(46)) - raft.server.snapshot.auto.trigger.threshold = 10000 (custom)
2023-09-07 04:53:25,798 [c2ff68ec-fb8c-48a5-8338-8b04228d05a1-groupManagement] INFO  server.RaftServerConfigKeys (ConfUtils.java:logGet(46)) - raft.server.snapshot.retention.file.num = 5 (custom)
2023-09-07 04:53:25,798 [c2ff68ec-fb8c-48a5-8338-8b04228d05a1-groupManagement] INFO  server.RaftServerConfigKeys (ConfUtils.java:logGet(46)) - raft.server.log.purge.upto.snapshot.index = false (default)
2023-09-07 04:53:25,799 [PipelineCommandHandlerThread-0] INFO  ratis.XceiverServerRatis (XceiverServerRatis.java:addGroup(804)) - Created group PipelineID=1a093d44-c39e-4fd5-9c9e-03eb34c918d5
2023-09-07 04:53:25,799 [PipelineCommandHandlerThread-0] INFO  commandhandler.CreatePipelineCommandHandler (CreatePipelineCommandHandler.java:lambda$handle$2(124)) - Created Pipeline RATIS ONE PipelineID=1a093d44-c39e-4fd5-9c9e-03eb34c918d5.
2023-09-07 04:53:25,799 [PipelineCommandHandlerThread-0] INFO  server.RaftServer (RaftServerProxy.java:addNew(98)) - c2ff68ec-fb8c-48a5-8338-8b04228d05a1: addNew group-2482551A0811:[87043b48-aa73-4006-a4ab-d1e7624806a9|rpc:10.1.0.9:15182|admin:10.1.0.9:15181|client:10.1.0.9:15180|dataStream:10.1.0.9:15183|priority:1|startupRole:FOLLOWER, 5e8b1818-5304-4881-9e46-c74e35e46625|rpc:10.1.0.9:15191|admin:10.1.0.9:15190|client:10.1.0.9:15189|dataStream:10.1.0.9:15192|priority:0|startupRole:FOLLOWER, c2ff68ec-fb8c-48a5-8338-8b04228d05a1|rpc:10.1.0.9:15173|admin:10.1.0.9:15172|client:10.1.0.9:15171|dataStream:10.1.0.9:15174|priority:0|startupRole:FOLLOWER] returns group-2482551A0811:java.util.concurrent.CompletableFuture@2aa733a8[Not completed]
2023-09-07 04:53:25,800 [c2ff68ec-fb8c-48a5-8338-8b04228d05a1-groupManagement] INFO  server.RaftServer$Division (RaftServerImpl.java:<init>(198)) - c2ff68ec-fb8c-48a5-8338-8b04228d05a1: new RaftServerImpl for group-2482551A0811:[87043b48-aa73-4006-a4ab-d1e7624806a9|rpc:10.1.0.9:15182|admin:10.1.0.9:15181|client:10.1.0.9:15180|dataStream:10.1.0.9:15183|priority:1|startupRole:FOLLOWER, 5e8b1818-5304-4881-9e46-c74e35e46625|rpc:10.1.0.9:15191|admin:10.1.0.9:15190|client:10.1.0.9:15189|dataStream:10.1.0.9:15192|priority:0|startupRole:FOLLOWER, c2ff68ec-fb8c-48a5-8338-8b04228d05a1|rpc:10.1.0.9:15173|admin:10.1.0.9:15172|client:10.1.0.9:15171|dataStream:10.1.0.9:15174|priority:0|startupRole:FOLLOWER] with ContainerStateMachine:uninitialized
2023-09-07 04:53:25,801 [c2ff68ec-fb8c-48a5-8338-8b04228d05a1-groupManagement] INFO  server.RaftServerConfigKeys (ConfUtils.java:logGet(46)) - raft.server.rpc.timeout.min = 5s (custom)
2023-09-07 04:53:25,801 [c2ff68ec-fb8c-48a5-8338-8b04228d05a1-groupManagement] INFO  server.RaftServerConfigKeys (ConfUtils.java:logGet(46)) - raft.server.rpc.timeout.max = 5200ms (custom)
2023-09-07 04:53:25,801 [c2ff68ec-fb8c-48a5-8338-8b04228d05a1-groupManagement] INFO  server.RaftServerConfigKeys (ConfUtils.java:logGet(46)) - raft.server.rpc.sleep.time = 25ms (default)
2023-09-07 04:53:25,801 [c2ff68ec-fb8c-48a5-8338-8b04228d05a1-groupManagement] INFO  server.RaftServerConfigKeys (ConfUtils.java:logGet(46)) - raft.server.rpc.slowness.timeout = 300s (custom)
2023-09-07 04:53:25,801 [c2ff68ec-fb8c-48a5-8338-8b04228d05a1-groupManagement] INFO  server.RaftServerConfigKeys (ConfUtils.java:logGet(46)) - raft.server.leaderelection.leader.step-down.wait-time = 10s (default)
2023-09-07 04:53:25,801 [c2ff68ec-fb8c-48a5-8338-8b04228d05a1-groupManagement] INFO  server.RaftServerConfigKeys (ConfUtils.java:logGet(46)) - raft.server.sleep.deviation.threshold = 300ms (default)
2023-09-07 04:53:25,801 [c2ff68ec-fb8c-48a5-8338-8b04228d05a1-groupManagement] INFO  server.RaftServer$Division (ServerState.java:<init>(120)) - c2ff68ec-fb8c-48a5-8338-8b04228d05a1@group-2482551A0811: ConfigurationManager, init=-1: peers:[87043b48-aa73-4006-a4ab-d1e7624806a9|rpc:10.1.0.9:15182|admin:10.1.0.9:15181|client:10.1.0.9:15180|dataStream:10.1.0.9:15183|priority:1|startupRole:FOLLOWER, 5e8b1818-5304-4881-9e46-c74e35e46625|rpc:10.1.0.9:15191|admin:10.1.0.9:15190|client:10.1.0.9:15189|dataStream:10.1.0.9:15192|priority:0|startupRole:FOLLOWER, c2ff68ec-fb8c-48a5-8338-8b04228d05a1|rpc:10.1.0.9:15173|admin:10.1.0.9:15172|client:10.1.0.9:15171|dataStream:10.1.0.9:15174|priority:0|startupRole:FOLLOWER]|listeners:[], old=null, confs=<EMPTY_MAP>
2023-09-07 04:53:25,801 [c2ff68ec-fb8c-48a5-8338-8b04228d05a1-groupManagement] INFO  server.RaftServerConfigKeys (ConfUtils.java:logGet(46)) - raft.server.storage.dir = [/home/runner/work/ozone/ozone/hadoop-ozone/integration-test/target/test-dir/MiniOzoneClusterImpl-91ddfec9-c3c1-434b-8c78-5e40d1aa2819/datanode-0/data/ratis] (custom)
2023-09-07 04:53:25,801 [c2ff68ec-fb8c-48a5-8338-8b04228d05a1-groupManagement] INFO  server.RaftServerConfigKeys (ConfUtils.java:logGet(46)) - raft.server.log.corruption.policy = EXCEPTION (default)
2023-09-07 04:53:25,801 [c2ff68ec-fb8c-48a5-8338-8b04228d05a1-groupManagement] INFO  server.RaftServerConfigKeys (ConfUtils.java:logGet(46)) - raft.server.storage.free-space.min = 0MB (=0) (default)
2023-09-07 04:53:25,801 [c2ff68ec-fb8c-48a5-8338-8b04228d05a1-groupManagement] INFO  server.RaftServerConfigKeys (ConfUtils.java:logGet(46)) - raft.server.notification.no-leader.timeout = 300s (custom)
2023-09-07 04:53:25,801 [c2ff68ec-fb8c-48a5-8338-8b04228d05a1-groupManagement] INFO  server.RaftServerConfigKeys (ConfUtils.java:logGet(46)) - raft.server.read.timeout = 10s (default)
2023-09-07 04:53:25,801 [c2ff68ec-fb8c-48a5-8338-8b04228d05a1-groupManagement] INFO  server.RaftServerConfigKeys (ConfUtils.java:logGet(46)) - raft.server.retrycache.expirytime = 600000ms (custom)
2023-09-07 04:53:25,801 [c2ff68ec-fb8c-48a5-8338-8b04228d05a1-groupManagement] INFO  server.RaftServerConfigKeys (ConfUtils.java:logGet(46)) - raft.server.retrycache.statistics.expirytime = 100μs (default)
2023-09-07 04:53:25,801 [c2ff68ec-fb8c-48a5-8338-8b04228d05a1-groupManagement] INFO  server.RaftServerConfigKeys (ConfUtils.java:logGet(46)) - raft.server.read.option = DEFAULT (default)
2023-09-07 04:53:25,802 [c2ff68ec-fb8c-48a5-8338-8b04228d05a1-groupManagement] INFO  server.RaftServerConfigKeys (ConfUtils.java:logGet(46)) - raft.server.rpc.request.timeout = 60s (custom)
2023-09-07 04:53:25,802 [c2ff68ec-fb8c-48a5-8338-8b04228d05a1-groupManagement] INFO  server.RaftServerConfigKeys (ConfUtils.java:logGet(46)) - raft.server.log.appender.install.snapshot.enabled = false (custom)
2023-09-07 04:53:25,802 [c2ff68ec-fb8c-48a5-8338-8b04228d05a1-groupManagement] INFO  server.RaftServerConfigKeys (ConfUtils.java:logGet(46)) - raft.server.threadpool.server.cached = true (default)
2023-09-07 04:53:25,802 [c2ff68ec-fb8c-48a5-8338-8b04228d05a1-groupManagement] INFO  server.RaftServerConfigKeys (ConfUtils.java:logGet(46)) - raft.server.threadpool.server.size = 0 (default)
2023-09-07 04:53:25,802 [c2ff68ec-fb8c-48a5-8338-8b04228d05a1-groupManagement] INFO  server.RaftServerConfigKeys (ConfUtils.java:logGet(46)) - raft.server.threadpool.client.cached = true (default)
2023-09-07 04:53:25,802 [c2ff68ec-fb8c-48a5-8338-8b04228d05a1-groupManagement] INFO  server.RaftServerConfigKeys (ConfUtils.java:logGet(46)) - raft.server.threadpool.client.size = 0 (default)
2023-09-07 04:53:25,802 [c2ff68ec-fb8c-48a5-8338-8b04228d05a1-groupManagement] INFO  storage.RaftStorageDirectory (RaftStorageDirectoryImpl.java:analyzeStorage(137)) - The storage directory /home/runner/work/ozone/ozone/hadoop-ozone/integration-test/target/test-dir/MiniOzoneClusterImpl-91ddfec9-c3c1-434b-8c78-5e40d1aa2819/datanode-0/data/ratis/ac0bab7a-a9ed-4cd2-875b-2482551a0811 does not exist. Creating ...
2023-09-07 04:53:25,804 [c2ff68ec-fb8c-48a5-8338-8b04228d05a1-groupManagement] INFO  storage.RaftStorageDirectory (RaftStorageDirectoryImpl.java:tryLock(231)) - Lock on /home/runner/work/ozone/ozone/hadoop-ozone/integration-test/target/test-dir/MiniOzoneClusterImpl-91ddfec9-c3c1-434b-8c78-5e40d1aa2819/datanode-0/data/ratis/ac0bab7a-a9ed-4cd2-875b-2482551a0811/in_use.lock acquired by nodename 7593@fv-az163-854
2023-09-07 04:53:25,805 [c2ff68ec-fb8c-48a5-8338-8b04228d05a1-groupManagement] INFO  storage.RaftStorage (RaftStorageImpl.java:format(96)) - Storage directory /home/runner/work/ozone/ozone/hadoop-ozone/integration-test/target/test-dir/MiniOzoneClusterImpl-91ddfec9-c3c1-434b-8c78-5e40d1aa2819/datanode-0/data/ratis/ac0bab7a-a9ed-4cd2-875b-2482551a0811 has been successfully formatted.
2023-09-07 04:53:25,806 [c2ff68ec-fb8c-48a5-8338-8b04228d05a1-groupManagement] INFO  ratis.ContainerStateMachine (ContainerStateMachine.java:loadSnapshot(262)) - group-2482551A0811: The snapshot info is null. Setting the last applied indexto:(t:0, i:~)
2023-09-07 04:53:25,807 [EventQueue-OpenPipelineForHealthyPipelineSafeModeRule] INFO  safemode.SCMSafeModeManager (HealthyPipelineSafeModeRule.java:process(137)) - SCM in safe mode. Healthy pipelines reported count is 0, required healthy pipeline reported count is 1
2023-09-07 04:53:25,807 [c2ff68ec-fb8c-48a5-8338-8b04228d05a1-groupManagement] INFO  server.RaftServerConfigKeys (ConfUtils.java:logGet(46)) - raft.server.log.use.memory = false (default)
2023-09-07 04:53:25,807 [c2ff68ec-fb8c-48a5-8338-8b04228d05a1-groupManagement] INFO  server.RaftServerConfigKeys (ConfUtils.java:logGet(46)) - raft.server.log.purge.gap = 1000000 (custom)
2023-09-07 04:53:25,807 [c2ff68ec-fb8c-48a5-8338-8b04228d05a1-groupManagement] INFO  server.RaftServerConfigKeys (ConfUtils.java:logGet(46)) - raft.server.log.appender.buffer.byte-limit = 33554432 (custom)
2023-09-07 04:53:25,807 [c2ff68ec-fb8c-48a5-8338-8b04228d05a1-groupManagement] INFO  server.RaftServerConfigKeys (ConfUtils.java:logGet(46)) - raft.server.log.statemachine.data.read.timeout = 1000ms (default)
2023-09-07 04:53:25,807 [c2ff68ec-fb8c-48a5-8338-8b04228d05a1-groupManagement] INFO  server.RaftServerConfigKeys (ConfUtils.java:logGet(46)) - raft.server.log.purge.preservation.log.num = 0 (default)
2023-09-07 04:53:25,808 [c2ff68ec-fb8c-48a5-8338-8b04228d05a1-groupManagement] INFO  server.RaftServerConfigKeys (ConfUtils.java:logGet(46)) - raft.server.log.segment.size.max = 1048576 (custom)
2023-09-07 04:53:25,808 [c2ff68ec-fb8c-48a5-8338-8b04228d05a1-groupManagement] INFO  server.RaftServerConfigKeys (ConfUtils.java:logGet(46)) - raft.server.log.segment.cache.num.max = 2 (custom)
2023-09-07 04:53:25,808 [c2ff68ec-fb8c-48a5-8338-8b04228d05a1-groupManagement] INFO  server.RaftServerConfigKeys (ConfUtils.java:logGet(46)) - raft.server.log.segment.cache.size.max = 200MB (=209715200) (default)
2023-09-07 04:53:25,808 [c2ff68ec-fb8c-48a5-8338-8b04228d05a1-groupManagement] INFO  server.RaftServerConfigKeys (ConfUtils.java:logGet(46)) - raft.server.log.appender.buffer.byte-limit = 33554432 (custom)
2023-09-07 04:53:25,808 [c2ff68ec-fb8c-48a5-8338-8b04228d05a1-groupManagement] INFO  segmented.SegmentedRaftLogWorker (SegmentedRaftLogWorker.java:<init>(188)) - new c2ff68ec-fb8c-48a5-8338-8b04228d05a1@group-2482551A0811-SegmentedRaftLogWorker for RaftStorageImpl:Storage Directory /home/runner/work/ozone/ozone/hadoop-ozone/integration-test/target/test-dir/MiniOzoneClusterImpl-91ddfec9-c3c1-434b-8c78-5e40d1aa2819/datanode-0/data/ratis/ac0bab7a-a9ed-4cd2-875b-2482551a0811
2023-09-07 04:53:25,808 [c2ff68ec-fb8c-48a5-8338-8b04228d05a1-groupManagement] INFO  server.RaftServerConfigKeys (ConfUtils.java:logGet(46)) - raft.server.log.queue.byte-limit = 4294967296 (custom)
2023-09-07 04:53:25,808 [c2ff68ec-fb8c-48a5-8338-8b04228d05a1-groupManagement] INFO  server.RaftServerConfigKeys (ConfUtils.java:logGet(46)) - raft.server.log.queue.element-limit = 1024 (custom)
2023-09-07 04:53:25,808 [c2ff68ec-fb8c-48a5-8338-8b04228d05a1-groupManagement] INFO  server.RaftServerConfigKeys (ConfUtils.java:logGet(46)) - raft.server.log.segment.size.max = 1048576 (custom)
2023-09-07 04:53:25,808 [c2ff68ec-fb8c-48a5-8338-8b04228d05a1-groupManagement] INFO  server.RaftServerConfigKeys (ConfUtils.java:logGet(46)) - raft.server.log.preallocated.size = 16384 (custom)
2023-09-07 04:53:25,808 [c2ff68ec-fb8c-48a5-8338-8b04228d05a1-groupManagement] INFO  server.RaftServerConfigKeys (ConfUtils.java:logGet(46)) - raft.server.log.force.sync.num = 128 (default)
2023-09-07 04:53:25,808 [c2ff68ec-fb8c-48a5-8338-8b04228d05a1-groupManagement] INFO  server.RaftServerConfigKeys (ConfUtils.java:logGet(46)) - raft.server.log.statemachine.data.sync = true (default)
2023-09-07 04:53:25,808 [c2ff68ec-fb8c-48a5-8338-8b04228d05a1-groupManagement] INFO  server.RaftServerConfigKeys (ConfUtils.java:logGet(46)) - raft.server.log.statemachine.data.sync.timeout = 10s (default)
2023-09-07 04:53:25,808 [c2ff68ec-fb8c-48a5-8338-8b04228d05a1-groupManagement] INFO  server.RaftServerConfigKeys (ConfUtils.java:logGet(46)) - raft.server.log.statemachine.data.sync.timeout.retry = -1 (default)
2023-09-07 04:53:25,809 [c2ff68ec-fb8c-48a5-8338-8b04228d05a1-groupManagement] INFO  server.RaftServerConfigKeys (ConfUtils.java:logGet(46)) - raft.server.log.write.buffer.size = 1048576 (custom)
2023-09-07 04:53:25,809 [c2ff68ec-fb8c-48a5-8338-8b04228d05a1-groupManagement] INFO  server.RaftServerConfigKeys (ConfUtils.java:logGet(46)) - raft.server.log.appender.buffer.byte-limit = 33554432 (custom)
2023-09-07 04:53:25,816 [c2ff68ec-fb8c-48a5-8338-8b04228d05a1-groupManagement] INFO  server.RaftServerConfigKeys (ConfUtils.java:logGet(46)) - raft.server.log.unsafe-flush.enabled = false (default)
2023-09-07 04:53:25,817 [c2ff68ec-fb8c-48a5-8338-8b04228d05a1-groupManagement] INFO  server.RaftServerConfigKeys (ConfUtils.java:logGet(46)) - raft.server.log.async-flush.enabled = false (default)
2023-09-07 04:53:25,817 [c2ff68ec-fb8c-48a5-8338-8b04228d05a1-groupManagement] INFO  server.RaftServerConfigKeys (ConfUtils.java:logGet(46)) - raft.server.log.statemachine.data.caching.enabled = true (custom)
2023-09-07 04:53:25,817 [c2ff68ec-fb8c-48a5-8338-8b04228d05a1-groupManagement] INFO  segmented.SegmentedRaftLogWorker (SegmentedRaftLogWorker.java:lambda$new$0(135)) - c2ff68ec-fb8c-48a5-8338-8b04228d05a1@group-2482551A0811-SegmentedRaftLogWorker: flushIndex: setUnconditionally 0 -> -1
2023-09-07 04:53:25,817 [c2ff68ec-fb8c-48a5-8338-8b04228d05a1-groupManagement] INFO  segmented.SegmentedRaftLogWorker (SegmentedRaftLogWorker.java:lambda$new$0(135)) - c2ff68ec-fb8c-48a5-8338-8b04228d05a1@group-2482551A0811-SegmentedRaftLogWorker: safeCacheEvictIndex: setUnconditionally 0 -> -1
2023-09-07 04:53:25,817 [c2ff68ec-fb8c-48a5-8338-8b04228d05a1-groupManagement] INFO  server.RaftServer$Division (RaftServerImpl.java:start(342)) - c2ff68ec-fb8c-48a5-8338-8b04228d05a1@group-2482551A0811: start as a follower, conf=-1: peers:[87043b48-aa73-4006-a4ab-d1e7624806a9|rpc:10.1.0.9:15182|admin:10.1.0.9:15181|client:10.1.0.9:15180|dataStream:10.1.0.9:15183|priority:1|startupRole:FOLLOWER, 5e8b1818-5304-4881-9e46-c74e35e46625|rpc:10.1.0.9:15191|admin:10.1.0.9:15190|client:10.1.0.9:15189|dataStream:10.1.0.9:15192|priority:0|startupRole:FOLLOWER, c2ff68ec-fb8c-48a5-8338-8b04228d05a1|rpc:10.1.0.9:15173|admin:10.1.0.9:15172|client:10.1.0.9:15171|dataStream:10.1.0.9:15174|priority:0|startupRole:FOLLOWER]|listeners:[], old=null
2023-09-07 04:53:25,817 [c2ff68ec-fb8c-48a5-8338-8b04228d05a1-groupManagement] INFO  server.RaftServer$Division (RaftServerImpl.java:setRole(329)) - c2ff68ec-fb8c-48a5-8338-8b04228d05a1@group-2482551A0811: changes role from      null to FOLLOWER at term 0 for startAsFollower
2023-09-07 04:53:25,817 [c2ff68ec-fb8c-48a5-8338-8b04228d05a1-groupManagement] INFO  impl.RoleInfo (RoleInfo.java:updateAndGet(139)) - c2ff68ec-fb8c-48a5-8338-8b04228d05a1: start c2ff68ec-fb8c-48a5-8338-8b04228d05a1@group-2482551A0811-FollowerState
2023-09-07 04:53:25,818 [c2ff68ec-fb8c-48a5-8338-8b04228d05a1-groupManagement] INFO  util.JmxRegister (JmxRegister.java:tryRegister(44)) - Successfully registered JMX Bean with object name Ratis:service=RaftServer,group=group-2482551A0811,id=c2ff68ec-fb8c-48a5-8338-8b04228d05a1
2023-09-07 04:53:25,818 [c2ff68ec-fb8c-48a5-8338-8b04228d05a1-groupManagement] INFO  server.RaftServerConfigKeys (ConfUtils.java:logGet(46)) - raft.server.snapshot.auto.trigger.enabled = true (custom)
2023-09-07 04:53:25,818 [c2ff68ec-fb8c-48a5-8338-8b04228d05a1-groupManagement] INFO  server.RaftServerConfigKeys (ConfUtils.java:logGet(46)) - raft.server.snapshot.auto.trigger.threshold = 10000 (custom)
2023-09-07 04:53:25,818 [c2ff68ec-fb8c-48a5-8338-8b04228d05a1-groupManagement] INFO  server.RaftServerConfigKeys (ConfUtils.java:logGet(46)) - raft.server.snapshot.retention.file.num = 5 (custom)
2023-09-07 04:53:25,818 [c2ff68ec-fb8c-48a5-8338-8b04228d05a1-groupManagement] INFO  server.RaftServerConfigKeys (ConfUtils.java:logGet(46)) - raft.server.log.purge.upto.snapshot.index = false (default)
2023-09-07 04:53:25,819 [c2ff68ec-fb8c-48a5-8338-8b04228d05a1@group-2482551A0811-FollowerState] INFO  server.RaftServerConfigKeys (ConfUtils.java:logFallback(53)) - raft.server.rpc.first-election.timeout.min = 5s (fallback to raft.server.rpc.timeout.min)
2023-09-07 04:53:25,819 [c2ff68ec-fb8c-48a5-8338-8b04228d05a1@group-2482551A0811-FollowerState] INFO  server.RaftServerConfigKeys (ConfUtils.java:logFallback(53)) - raft.server.rpc.first-election.timeout.max = 5200ms (fallback to raft.server.rpc.timeout.max)
2023-09-07 04:53:25,821 [PipelineCommandHandlerThread-0] INFO  ratis.XceiverServerRatis (XceiverServerRatis.java:addGroup(804)) - Created group PipelineID=ac0bab7a-a9ed-4cd2-875b-2482551a0811
2023-09-07 04:53:25,843 [grpc-default-executor-0] INFO  server.RaftServer (RaftServerProxy.java:addNew(98)) - 5e8b1818-5304-4881-9e46-c74e35e46625: addNew group-2482551A0811:[87043b48-aa73-4006-a4ab-d1e7624806a9|rpc:10.1.0.9:15182|admin:10.1.0.9:15181|client:10.1.0.9:15180|dataStream:10.1.0.9:15183|priority:1|startupRole:FOLLOWER, 5e8b1818-5304-4881-9e46-c74e35e46625|rpc:10.1.0.9:15191|admin:10.1.0.9:15190|client:10.1.0.9:15189|dataStream:10.1.0.9:15192|priority:0|startupRole:FOLLOWER, c2ff68ec-fb8c-48a5-8338-8b04228d05a1|rpc:10.1.0.9:15173|admin:10.1.0.9:15172|client:10.1.0.9:15171|dataStream:10.1.0.9:15174|priority:0|startupRole:FOLLOWER] returns group-2482551A0811:java.util.concurrent.CompletableFuture@36292909[Not completed]
2023-09-07 04:53:25,844 [5e8b1818-5304-4881-9e46-c74e35e46625-groupManagement] INFO  server.RaftServer$Division (RaftServerImpl.java:<init>(198)) - 5e8b1818-5304-4881-9e46-c74e35e46625: new RaftServerImpl for group-2482551A0811:[87043b48-aa73-4006-a4ab-d1e7624806a9|rpc:10.1.0.9:15182|admin:10.1.0.9:15181|client:10.1.0.9:15180|dataStream:10.1.0.9:15183|priority:1|startupRole:FOLLOWER, 5e8b1818-5304-4881-9e46-c74e35e46625|rpc:10.1.0.9:15191|admin:10.1.0.9:15190|client:10.1.0.9:15189|dataStream:10.1.0.9:15192|priority:0|startupRole:FOLLOWER, c2ff68ec-fb8c-48a5-8338-8b04228d05a1|rpc:10.1.0.9:15173|admin:10.1.0.9:15172|client:10.1.0.9:15171|dataStream:10.1.0.9:15174|priority:0|startupRole:FOLLOWER] with ContainerStateMachine:uninitialized
2023-09-07 04:53:25,845 [5e8b1818-5304-4881-9e46-c74e35e46625-groupManagement] INFO  server.RaftServerConfigKeys (ConfUtils.java:logGet(46)) - raft.server.rpc.timeout.min = 5s (custom)
2023-09-07 04:53:25,845 [5e8b1818-5304-4881-9e46-c74e35e46625-groupManagement] INFO  server.RaftServerConfigKeys (ConfUtils.java:logGet(46)) - raft.server.rpc.timeout.max = 5200ms (custom)
2023-09-07 04:53:25,845 [5e8b1818-5304-4881-9e46-c74e35e46625-groupManagement] INFO  server.RaftServerConfigKeys (ConfUtils.java:logGet(46)) - raft.server.rpc.sleep.time = 25ms (default)
2023-09-07 04:53:25,845 [5e8b1818-5304-4881-9e46-c74e35e46625-groupManagement] INFO  server.RaftServerConfigKeys (ConfUtils.java:logGet(46)) - raft.server.rpc.slowness.timeout = 300s (custom)
2023-09-07 04:53:25,845 [5e8b1818-5304-4881-9e46-c74e35e46625-groupManagement] INFO  server.RaftServerConfigKeys (ConfUtils.java:logGet(46)) - raft.server.leaderelection.leader.step-down.wait-time = 10s (default)
2023-09-07 04:53:25,845 [5e8b1818-5304-4881-9e46-c74e35e46625-groupManagement] INFO  server.RaftServerConfigKeys (ConfUtils.java:logGet(46)) - raft.server.sleep.deviation.threshold = 300ms (default)
2023-09-07 04:53:25,845 [5e8b1818-5304-4881-9e46-c74e35e46625-groupManagement] INFO  server.RaftServer$Division (ServerState.java:<init>(120)) - 5e8b1818-5304-4881-9e46-c74e35e46625@group-2482551A0811: ConfigurationManager, init=-1: peers:[87043b48-aa73-4006-a4ab-d1e7624806a9|rpc:10.1.0.9:15182|admin:10.1.0.9:15181|client:10.1.0.9:15180|dataStream:10.1.0.9:15183|priority:1|startupRole:FOLLOWER, 5e8b1818-5304-4881-9e46-c74e35e46625|rpc:10.1.0.9:15191|admin:10.1.0.9:15190|client:10.1.0.9:15189|dataStream:10.1.0.9:15192|priority:0|startupRole:FOLLOWER, c2ff68ec-fb8c-48a5-8338-8b04228d05a1|rpc:10.1.0.9:15173|admin:10.1.0.9:15172|client:10.1.0.9:15171|dataStream:10.1.0.9:15174|priority:0|startupRole:FOLLOWER]|listeners:[], old=null, confs=<EMPTY_MAP>
2023-09-07 04:53:25,846 [5e8b1818-5304-4881-9e46-c74e35e46625-groupManagement] INFO  server.RaftServerConfigKeys (ConfUtils.java:logGet(46)) - raft.server.storage.dir = [/home/runner/work/ozone/ozone/hadoop-ozone/integration-test/target/test-dir/MiniOzoneClusterImpl-91ddfec9-c3c1-434b-8c78-5e40d1aa2819/datanode-2/data/ratis] (custom)
2023-09-07 04:53:25,846 [5e8b1818-5304-4881-9e46-c74e35e46625-groupManagement] INFO  server.RaftServerConfigKeys (ConfUtils.java:logGet(46)) - raft.server.log.corruption.policy = EXCEPTION (default)
2023-09-07 04:53:25,846 [5e8b1818-5304-4881-9e46-c74e35e46625-groupManagement] INFO  server.RaftServerConfigKeys (ConfUtils.java:logGet(46)) - raft.server.storage.free-space.min = 0MB (=0) (default)
2023-09-07 04:53:25,846 [5e8b1818-5304-4881-9e46-c74e35e46625-groupManagement] INFO  server.RaftServerConfigKeys (ConfUtils.java:logGet(46)) - raft.server.notification.no-leader.timeout = 300s (custom)
2023-09-07 04:53:25,849 [5e8b1818-5304-4881-9e46-c74e35e46625-groupManagement] INFO  server.RaftServerConfigKeys (ConfUtils.java:logGet(46)) - raft.server.read.timeout = 10s (default)
2023-09-07 04:53:25,849 [5e8b1818-5304-4881-9e46-c74e35e46625-groupManagement] INFO  server.RaftServerConfigKeys (ConfUtils.java:logGet(46)) - raft.server.retrycache.expirytime = 600000ms (custom)
2023-09-07 04:53:25,849 [5e8b1818-5304-4881-9e46-c74e35e46625-groupManagement] INFO  server.RaftServerConfigKeys (ConfUtils.java:logGet(46)) - raft.server.retrycache.statistics.expirytime = 100μs (default)
2023-09-07 04:53:25,850 [5e8b1818-5304-4881-9e46-c74e35e46625-groupManagement] INFO  server.RaftServerConfigKeys (ConfUtils.java:logGet(46)) - raft.server.read.option = DEFAULT (default)
2023-09-07 04:53:25,850 [5e8b1818-5304-4881-9e46-c74e35e46625-groupManagement] INFO  server.RaftServerConfigKeys (ConfUtils.java:logGet(46)) - raft.server.rpc.request.timeout = 60s (custom)
2023-09-07 04:53:25,851 [5e8b1818-5304-4881-9e46-c74e35e46625-groupManagement] INFO  server.RaftServerConfigKeys (ConfUtils.java:logGet(46)) - raft.server.log.appender.install.snapshot.enabled = false (custom)
2023-09-07 04:53:25,851 [5e8b1818-5304-4881-9e46-c74e35e46625-groupManagement] INFO  server.RaftServerConfigKeys (ConfUtils.java:logGet(46)) - raft.server.threadpool.server.cached = true (default)
2023-09-07 04:53:25,851 [5e8b1818-5304-4881-9e46-c74e35e46625-groupManagement] INFO  server.RaftServerConfigKeys (ConfUtils.java:logGet(46)) - raft.server.threadpool.server.size = 0 (default)
2023-09-07 04:53:25,851 [5e8b1818-5304-4881-9e46-c74e35e46625-groupManagement] INFO  server.RaftServerConfigKeys (ConfUtils.java:logGet(46)) - raft.server.threadpool.client.cached = true (default)
2023-09-07 04:53:25,851 [5e8b1818-5304-4881-9e46-c74e35e46625-groupManagement] INFO  server.RaftServerConfigKeys (ConfUtils.java:logGet(46)) - raft.server.threadpool.client.size = 0 (default)
2023-09-07 04:53:25,851 [5e8b1818-5304-4881-9e46-c74e35e46625-groupManagement] INFO  storage.RaftStorageDirectory (RaftStorageDirectoryImpl.java:analyzeStorage(137)) - The storage directory /home/runner/work/ozone/ozone/hadoop-ozone/integration-test/target/test-dir/MiniOzoneClusterImpl-91ddfec9-c3c1-434b-8c78-5e40d1aa2819/datanode-2/data/ratis/ac0bab7a-a9ed-4cd2-875b-2482551a0811 does not exist. Creating ...
2023-09-07 04:53:25,853 [5e8b1818-5304-4881-9e46-c74e35e46625-groupManagement] INFO  storage.RaftStorageDirectory (RaftStorageDirectoryImpl.java:tryLock(231)) - Lock on /home/runner/work/ozone/ozone/hadoop-ozone/integration-test/target/test-dir/MiniOzoneClusterImpl-91ddfec9-c3c1-434b-8c78-5e40d1aa2819/datanode-2/data/ratis/ac0bab7a-a9ed-4cd2-875b-2482551a0811/in_use.lock acquired by nodename 7593@fv-az163-854
2023-09-07 04:53:25,855 [5e8b1818-5304-4881-9e46-c74e35e46625-groupManagement] INFO  storage.RaftStorage (RaftStorageImpl.java:format(96)) - Storage directory /home/runner/work/ozone/ozone/hadoop-ozone/integration-test/target/test-dir/MiniOzoneClusterImpl-91ddfec9-c3c1-434b-8c78-5e40d1aa2819/datanode-2/data/ratis/ac0bab7a-a9ed-4cd2-875b-2482551a0811 has been successfully formatted.
2023-09-07 04:53:25,858 [5e8b1818-5304-4881-9e46-c74e35e46625-groupManagement] INFO  ratis.ContainerStateMachine (ContainerStateMachine.java:loadSnapshot(262)) - group-2482551A0811: The snapshot info is null. Setting the last applied indexto:(t:0, i:~)
2023-09-07 04:53:25,858 [5e8b1818-5304-4881-9e46-c74e35e46625-groupManagement] INFO  server.RaftServerConfigKeys (ConfUtils.java:logGet(46)) - raft.server.log.use.memory = false (default)
2023-09-07 04:53:25,859 [5e8b1818-5304-4881-9e46-c74e35e46625-groupManagement] INFO  server.RaftServerConfigKeys (ConfUtils.java:logGet(46)) - raft.server.log.purge.gap = 1000000 (custom)
2023-09-07 04:53:25,859 [5e8b1818-5304-4881-9e46-c74e35e46625-groupManagement] INFO  server.RaftServerConfigKeys (ConfUtils.java:logGet(46)) - raft.server.log.appender.buffer.byte-limit = 33554432 (custom)
2023-09-07 04:53:25,859 [5e8b1818-5304-4881-9e46-c74e35e46625-groupManagement] INFO  server.RaftServerConfigKeys (ConfUtils.java:logGet(46)) - raft.server.log.statemachine.data.read.timeout = 1000ms (default)
2023-09-07 04:53:25,859 [5e8b1818-5304-4881-9e46-c74e35e46625-groupManagement] INFO  server.RaftServerConfigKeys (ConfUtils.java:logGet(46)) - raft.server.log.purge.preservation.log.num = 0 (default)
2023-09-07 04:53:25,860 [5e8b1818-5304-4881-9e46-c74e35e46625-groupManagement] INFO  server.RaftServerConfigKeys (ConfUtils.java:logGet(46)) - raft.server.log.segment.size.max = 1048576 (custom)
2023-09-07 04:53:25,860 [5e8b1818-5304-4881-9e46-c74e35e46625-groupManagement] INFO  server.RaftServerConfigKeys (ConfUtils.java:logGet(46)) - raft.server.log.segment.cache.num.max = 2 (custom)
2023-09-07 04:53:25,860 [5e8b1818-5304-4881-9e46-c74e35e46625-groupManagement] INFO  server.RaftServerConfigKeys (ConfUtils.java:logGet(46)) - raft.server.log.segment.cache.size.max = 200MB (=209715200) (default)
2023-09-07 04:53:25,860 [5e8b1818-5304-4881-9e46-c74e35e46625-groupManagement] INFO  server.RaftServerConfigKeys (ConfUtils.java:logGet(46)) - raft.server.log.appender.buffer.byte-limit = 33554432 (custom)
2023-09-07 04:53:25,860 [5e8b1818-5304-4881-9e46-c74e35e46625-groupManagement] INFO  segmented.SegmentedRaftLogWorker (SegmentedRaftLogWorker.java:<init>(188)) - new 5e8b1818-5304-4881-9e46-c74e35e46625@group-2482551A0811-SegmentedRaftLogWorker for RaftStorageImpl:Storage Directory /home/runner/work/ozone/ozone/hadoop-ozone/integration-test/target/test-dir/MiniOzoneClusterImpl-91ddfec9-c3c1-434b-8c78-5e40d1aa2819/datanode-2/data/ratis/ac0bab7a-a9ed-4cd2-875b-2482551a0811
2023-09-07 04:53:25,860 [5e8b1818-5304-4881-9e46-c74e35e46625-groupManagement] INFO  server.RaftServerConfigKeys (ConfUtils.java:logGet(46)) - raft.server.log.queue.byte-limit = 4294967296 (custom)
2023-09-07 04:53:25,860 [5e8b1818-5304-4881-9e46-c74e35e46625-groupManagement] INFO  server.RaftServerConfigKeys (ConfUtils.java:logGet(46)) - raft.server.log.queue.element-limit = 1024 (custom)
2023-09-07 04:53:25,860 [5e8b1818-5304-4881-9e46-c74e35e46625-groupManagement] INFO  server.RaftServerConfigKeys (ConfUtils.java:logGet(46)) - raft.server.log.segment.size.max = 1048576 (custom)
2023-09-07 04:53:25,861 [5e8b1818-5304-4881-9e46-c74e35e46625-groupManagement] INFO  server.RaftServerConfigKeys (ConfUtils.java:logGet(46)) - raft.server.log.preallocated.size = 16384 (custom)
2023-09-07 04:53:25,861 [5e8b1818-5304-4881-9e46-c74e35e46625-groupManagement] INFO  server.RaftServerConfigKeys (ConfUtils.java:logGet(46)) - raft.server.log.force.sync.num = 128 (default)
2023-09-07 04:53:25,861 [5e8b1818-5304-4881-9e46-c74e35e46625-groupManagement] INFO  server.RaftServerConfigKeys (ConfUtils.java:logGet(46)) - raft.server.log.statemachine.data.sync = true (default)
2023-09-07 04:53:25,861 [5e8b1818-5304-4881-9e46-c74e35e46625-groupManagement] INFO  server.RaftServerConfigKeys (ConfUtils.java:logGet(46)) - raft.server.log.statemachine.data.sync.timeout = 10s (default)
2023-09-07 04:53:25,861 [5e8b1818-5304-4881-9e46-c74e35e46625-groupManagement] INFO  server.RaftServerConfigKeys (ConfUtils.java:logGet(46)) - raft.server.log.statemachine.data.sync.timeout.retry = -1 (default)
2023-09-07 04:53:25,861 [5e8b1818-5304-4881-9e46-c74e35e46625-groupManagement] INFO  server.RaftServerConfigKeys (ConfUtils.java:logGet(46)) - raft.server.log.write.buffer.size = 1048576 (custom)
2023-09-07 04:53:25,862 [5e8b1818-5304-4881-9e46-c74e35e46625-groupManagement] INFO  server.RaftServerConfigKeys (ConfUtils.java:logGet(46)) - raft.server.log.appender.buffer.byte-limit = 33554432 (custom)
2023-09-07 04:53:25,869 [5e8b1818-5304-4881-9e46-c74e35e46625-groupManagement] INFO  server.RaftServerConfigKeys (ConfUtils.java:logGet(46)) - raft.server.log.unsafe-flush.enabled = false (default)
2023-09-07 04:53:25,869 [5e8b1818-5304-4881-9e46-c74e35e46625-groupManagement] INFO  server.RaftServerConfigKeys (ConfUtils.java:logGet(46)) - raft.server.log.async-flush.enabled = false (default)
2023-09-07 04:53:25,870 [5e8b1818-5304-4881-9e46-c74e35e46625-groupManagement] INFO  server.RaftServerConfigKeys (ConfUtils.java:logGet(46)) - raft.server.log.statemachine.data.caching.enabled = true (custom)
2023-09-07 04:53:25,870 [5e8b1818-5304-4881-9e46-c74e35e46625-groupManagement] INFO  segmented.SegmentedRaftLogWorker (SegmentedRaftLogWorker.java:lambda$new$0(135)) - 5e8b1818-5304-4881-9e46-c74e35e46625@group-2482551A0811-SegmentedRaftLogWorker: flushIndex: setUnconditionally 0 -> -1
2023-09-07 04:53:25,870 [5e8b1818-5304-4881-9e46-c74e35e46625-groupManagement] INFO  segmented.SegmentedRaftLogWorker (SegmentedRaftLogWorker.java:lambda$new$0(135)) - 5e8b1818-5304-4881-9e46-c74e35e46625@group-2482551A0811-SegmentedRaftLogWorker: safeCacheEvictIndex: setUnconditionally 0 -> -1
2023-09-07 04:53:25,873 [5e8b1818-5304-4881-9e46-c74e35e46625-groupManagement] INFO  server.RaftServer$Division (RaftServerImpl.java:start(342)) - 5e8b1818-5304-4881-9e46-c74e35e46625@group-2482551A0811: start as a follower, conf=-1: peers:[87043b48-aa73-4006-a4ab-d1e7624806a9|rpc:10.1.0.9:15182|admin:10.1.0.9:15181|client:10.1.0.9:15180|dataStream:10.1.0.9:15183|priority:1|startupRole:FOLLOWER, 5e8b1818-5304-4881-9e46-c74e35e46625|rpc:10.1.0.9:15191|admin:10.1.0.9:15190|client:10.1.0.9:15189|dataStream:10.1.0.9:15192|priority:0|startupRole:FOLLOWER, c2ff68ec-fb8c-48a5-8338-8b04228d05a1|rpc:10.1.0.9:15173|admin:10.1.0.9:15172|client:10.1.0.9:15171|dataStream:10.1.0.9:15174|priority:0|startupRole:FOLLOWER]|listeners:[], old=null
2023-09-07 04:53:25,874 [5e8b1818-5304-4881-9e46-c74e35e46625-groupManagement] INFO  server.RaftServer$Division (RaftServerImpl.java:setRole(329)) - 5e8b1818-5304-4881-9e46-c74e35e46625@group-2482551A0811: changes role from      null to FOLLOWER at term 0 for startAsFollower
2023-09-07 04:53:25,874 [5e8b1818-5304-4881-9e46-c74e35e46625-groupManagement] INFO  impl.RoleInfo (RoleInfo.java:updateAndGet(139)) - 5e8b1818-5304-4881-9e46-c74e35e46625: start 5e8b1818-5304-4881-9e46-c74e35e46625@group-2482551A0811-FollowerState
2023-09-07 04:53:25,876 [5e8b1818-5304-4881-9e46-c74e35e46625-groupManagement] INFO  util.JmxRegister (JmxRegister.java:tryRegister(44)) - Successfully registered JMX Bean with object name Ratis:service=RaftServer,group=group-2482551A0811,id=5e8b1818-5304-4881-9e46-c74e35e46625
2023-09-07 04:53:25,876 [5e8b1818-5304-4881-9e46-c74e35e46625-groupManagement] INFO  server.RaftServerConfigKeys (ConfUtils.java:logGet(46)) - raft.server.snapshot.auto.trigger.enabled = true (custom)
2023-09-07 04:53:25,876 [5e8b1818-5304-4881-9e46-c74e35e46625-groupManagement] INFO  server.RaftServerConfigKeys (ConfUtils.java:logGet(46)) - raft.server.snapshot.auto.trigger.threshold = 10000 (custom)
2023-09-07 04:53:25,876 [5e8b1818-5304-4881-9e46-c74e35e46625-groupManagement] INFO  server.RaftServerConfigKeys (ConfUtils.java:logGet(46)) - raft.server.snapshot.retention.file.num = 5 (custom)
2023-09-07 04:53:25,876 [5e8b1818-5304-4881-9e46-c74e35e46625-groupManagement] INFO  server.RaftServerConfigKeys (ConfUtils.java:logGet(46)) - raft.server.log.purge.upto.snapshot.index = false (default)
2023-09-07 04:53:25,878 [5e8b1818-5304-4881-9e46-c74e35e46625@group-2482551A0811-FollowerState] INFO  server.RaftServerConfigKeys (ConfUtils.java:logFallback(53)) - raft.server.rpc.first-election.timeout.min = 5s (fallback to raft.server.rpc.timeout.min)
2023-09-07 04:53:25,878 [5e8b1818-5304-4881-9e46-c74e35e46625@group-2482551A0811-FollowerState] INFO  server.RaftServerConfigKeys (ConfUtils.java:logFallback(53)) - raft.server.rpc.first-election.timeout.max = 5200ms (fallback to raft.server.rpc.timeout.max)
2023-09-07 04:53:25,901 [grpc-default-executor-0] INFO  server.RaftServer (RaftServerProxy.java:addNew(98)) - 87043b48-aa73-4006-a4ab-d1e7624806a9: addNew group-2482551A0811:[87043b48-aa73-4006-a4ab-d1e7624806a9|rpc:10.1.0.9:15182|admin:10.1.0.9:15181|client:10.1.0.9:15180|dataStream:10.1.0.9:15183|priority:1|startupRole:FOLLOWER, 5e8b1818-5304-4881-9e46-c74e35e46625|rpc:10.1.0.9:15191|admin:10.1.0.9:15190|client:10.1.0.9:15189|dataStream:10.1.0.9:15192|priority:0|startupRole:FOLLOWER, c2ff68ec-fb8c-48a5-8338-8b04228d05a1|rpc:10.1.0.9:15173|admin:10.1.0.9:15172|client:10.1.0.9:15171|dataStream:10.1.0.9:15174|priority:0|startupRole:FOLLOWER] returns group-2482551A0811:java.util.concurrent.CompletableFuture@66ac1e82[Not completed]
2023-09-07 04:53:25,902 [87043b48-aa73-4006-a4ab-d1e7624806a9-groupManagement] INFO  server.RaftServer$Division (RaftServerImpl.java:<init>(198)) - 87043b48-aa73-4006-a4ab-d1e7624806a9: new RaftServerImpl for group-2482551A0811:[87043b48-aa73-4006-a4ab-d1e7624806a9|rpc:10.1.0.9:15182|admin:10.1.0.9:15181|client:10.1.0.9:15180|dataStream:10.1.0.9:15183|priority:1|startupRole:FOLLOWER, 5e8b1818-5304-4881-9e46-c74e35e46625|rpc:10.1.0.9:15191|admin:10.1.0.9:15190|client:10.1.0.9:15189|dataStream:10.1.0.9:15192|priority:0|startupRole:FOLLOWER, c2ff68ec-fb8c-48a5-8338-8b04228d05a1|rpc:10.1.0.9:15173|admin:10.1.0.9:15172|client:10.1.0.9:15171|dataStream:10.1.0.9:15174|priority:0|startupRole:FOLLOWER] with ContainerStateMachine:uninitialized
2023-09-07 04:53:25,902 [87043b48-aa73-4006-a4ab-d1e7624806a9-groupManagement] INFO  server.RaftServerConfigKeys (ConfUtils.java:logGet(46)) - raft.server.rpc.timeout.min = 5s (custom)
2023-09-07 04:53:25,903 [87043b48-aa73-4006-a4ab-d1e7624806a9-groupManagement] INFO  server.RaftServerConfigKeys (ConfUtils.java:logGet(46)) - raft.server.rpc.timeout.max = 5200ms (custom)
2023-09-07 04:53:25,903 [87043b48-aa73-4006-a4ab-d1e7624806a9-groupManagement] INFO  server.RaftServerConfigKeys (ConfUtils.java:logGet(46)) - raft.server.rpc.sleep.time = 25ms (default)
2023-09-07 04:53:25,903 [87043b48-aa73-4006-a4ab-d1e7624806a9-groupManagement] INFO  server.RaftServerConfigKeys (ConfUtils.java:logGet(46)) - raft.server.rpc.slowness.timeout = 300s (custom)
2023-09-07 04:53:25,903 [87043b48-aa73-4006-a4ab-d1e7624806a9-groupManagement] INFO  server.RaftServerConfigKeys (ConfUtils.java:logGet(46)) - raft.server.leaderelection.leader.step-down.wait-time = 10s (default)
2023-09-07 04:53:25,903 [87043b48-aa73-4006-a4ab-d1e7624806a9-groupManagement] INFO  server.RaftServerConfigKeys (ConfUtils.java:logGet(46)) - raft.server.sleep.deviation.threshold = 300ms (default)
2023-09-07 04:53:25,903 [87043b48-aa73-4006-a4ab-d1e7624806a9-groupManagement] INFO  server.RaftServer$Division (ServerState.java:<init>(120)) - 87043b48-aa73-4006-a4ab-d1e7624806a9@group-2482551A0811: ConfigurationManager, init=-1: peers:[87043b48-aa73-4006-a4ab-d1e7624806a9|rpc:10.1.0.9:15182|admin:10.1.0.9:15181|client:10.1.0.9:15180|dataStream:10.1.0.9:15183|priority:1|startupRole:FOLLOWER, 5e8b1818-5304-4881-9e46-c74e35e46625|rpc:10.1.0.9:15191|admin:10.1.0.9:15190|client:10.1.0.9:15189|dataStream:10.1.0.9:15192|priority:0|startupRole:FOLLOWER, c2ff68ec-fb8c-48a5-8338-8b04228d05a1|rpc:10.1.0.9:15173|admin:10.1.0.9:15172|client:10.1.0.9:15171|dataStream:10.1.0.9:15174|priority:0|startupRole:FOLLOWER]|listeners:[], old=null, confs=<EMPTY_MAP>
2023-09-07 04:53:25,903 [87043b48-aa73-4006-a4ab-d1e7624806a9-groupManagement] INFO  server.RaftServerConfigKeys (ConfUtils.java:logGet(46)) - raft.server.storage.dir = [/home/runner/work/ozone/ozone/hadoop-ozone/integration-test/target/test-dir/MiniOzoneClusterImpl-91ddfec9-c3c1-434b-8c78-5e40d1aa2819/datanode-1/data/ratis] (custom)
2023-09-07 04:53:25,903 [87043b48-aa73-4006-a4ab-d1e7624806a9-groupManagement] INFO  server.RaftServerConfigKeys (ConfUtils.java:logGet(46)) - raft.server.log.corruption.policy = EXCEPTION (default)
2023-09-07 04:53:25,903 [87043b48-aa73-4006-a4ab-d1e7624806a9-groupManagement] INFO  server.RaftServerConfigKeys (ConfUtils.java:logGet(46)) - raft.server.storage.free-space.min = 0MB (=0) (default)
2023-09-07 04:53:25,903 [87043b48-aa73-4006-a4ab-d1e7624806a9-groupManagement] INFO  server.RaftServerConfigKeys (ConfUtils.java:logGet(46)) - raft.server.notification.no-leader.timeout = 300s (custom)
2023-09-07 04:53:25,903 [87043b48-aa73-4006-a4ab-d1e7624806a9-groupManagement] INFO  server.RaftServerConfigKeys (ConfUtils.java:logGet(46)) - raft.server.read.timeout = 10s (default)
2023-09-07 04:53:25,903 [87043b48-aa73-4006-a4ab-d1e7624806a9-groupManagement] INFO  server.RaftServerConfigKeys (ConfUtils.java:logGet(46)) - raft.server.retrycache.expirytime = 600000ms (custom)
2023-09-07 04:53:25,903 [87043b48-aa73-4006-a4ab-d1e7624806a9-groupManagement] INFO  server.RaftServerConfigKeys (ConfUtils.java:logGet(46)) - raft.server.retrycache.statistics.expirytime = 100μs (default)
2023-09-07 04:53:25,904 [87043b48-aa73-4006-a4ab-d1e7624806a9-groupManagement] INFO  server.RaftServerConfigKeys (ConfUtils.java:logGet(46)) - raft.server.read.option = DEFAULT (default)
2023-09-07 04:53:25,904 [87043b48-aa73-4006-a4ab-d1e7624806a9-groupManagement] INFO  server.RaftServerConfigKeys (ConfUtils.java:logGet(46)) - raft.server.rpc.request.timeout = 60s (custom)
2023-09-07 04:53:25,904 [87043b48-aa73-4006-a4ab-d1e7624806a9-groupManagement] INFO  server.RaftServerConfigKeys (ConfUtils.java:logGet(46)) - raft.server.log.appender.install.snapshot.enabled = false (custom)
2023-09-07 04:53:25,904 [87043b48-aa73-4006-a4ab-d1e7624806a9-groupManagement] INFO  server.RaftServerConfigKeys (ConfUtils.java:logGet(46)) - raft.server.threadpool.server.cached = true (default)
2023-09-07 04:53:25,905 [87043b48-aa73-4006-a4ab-d1e7624806a9-groupManagement] INFO  server.RaftServerConfigKeys (ConfUtils.java:logGet(46)) - raft.server.threadpool.server.size = 0 (default)
2023-09-07 04:53:25,905 [87043b48-aa73-4006-a4ab-d1e7624806a9-groupManagement] INFO  server.RaftServerConfigKeys (ConfUtils.java:logGet(46)) - raft.server.threadpool.client.cached = true (default)
2023-09-07 04:53:25,905 [87043b48-aa73-4006-a4ab-d1e7624806a9-groupManagement] INFO  server.RaftServerConfigKeys (ConfUtils.java:logGet(46)) - raft.server.threadpool.client.size = 0 (default)
2023-09-07 04:53:25,905 [87043b48-aa73-4006-a4ab-d1e7624806a9-groupManagement] INFO  storage.RaftStorageDirectory (RaftStorageDirectoryImpl.java:analyzeStorage(137)) - The storage directory /home/runner/work/ozone/ozone/hadoop-ozone/integration-test/target/test-dir/MiniOzoneClusterImpl-91ddfec9-c3c1-434b-8c78-5e40d1aa2819/datanode-1/data/ratis/ac0bab7a-a9ed-4cd2-875b-2482551a0811 does not exist. Creating ...
2023-09-07 04:53:25,907 [87043b48-aa73-4006-a4ab-d1e7624806a9-groupManagement] INFO  storage.RaftStorageDirectory (RaftStorageDirectoryImpl.java:tryLock(231)) - Lock on /home/runner/work/ozone/ozone/hadoop-ozone/integration-test/target/test-dir/MiniOzoneClusterImpl-91ddfec9-c3c1-434b-8c78-5e40d1aa2819/datanode-1/data/ratis/ac0bab7a-a9ed-4cd2-875b-2482551a0811/in_use.lock acquired by nodename 7593@fv-az163-854
2023-09-07 04:53:25,908 [87043b48-aa73-4006-a4ab-d1e7624806a9-groupManagement] INFO  storage.RaftStorage (RaftStorageImpl.java:format(96)) - Storage directory /home/runner/work/ozone/ozone/hadoop-ozone/integration-test/target/test-dir/MiniOzoneClusterImpl-91ddfec9-c3c1-434b-8c78-5e40d1aa2819/datanode-1/data/ratis/ac0bab7a-a9ed-4cd2-875b-2482551a0811 has been successfully formatted.
2023-09-07 04:53:25,913 [87043b48-aa73-4006-a4ab-d1e7624806a9-groupManagement] INFO  ratis.ContainerStateMachine (ContainerStateMachine.java:loadSnapshot(262)) - group-2482551A0811: The snapshot info is null. Setting the last applied indexto:(t:0, i:~)
2023-09-07 04:53:25,914 [87043b48-aa73-4006-a4ab-d1e7624806a9-groupManagement] INFO  server.RaftServerConfigKeys (ConfUtils.java:logGet(46)) - raft.server.log.use.memory = false (default)
2023-09-07 04:53:25,914 [87043b48-aa73-4006-a4ab-d1e7624806a9-groupManagement] INFO  server.RaftServerConfigKeys (ConfUtils.java:logGet(46)) - raft.server.log.purge.gap = 1000000 (custom)
2023-09-07 04:53:25,914 [87043b48-aa73-4006-a4ab-d1e7624806a9-groupManagement] INFO  server.RaftServerConfigKeys (ConfUtils.java:logGet(46)) - raft.server.log.appender.buffer.byte-limit = 33554432 (custom)
2023-09-07 04:53:25,914 [87043b48-aa73-4006-a4ab-d1e7624806a9-groupManagement] INFO  server.RaftServerConfigKeys (ConfUtils.java:logGet(46)) - raft.server.log.statemachine.data.read.timeout = 1000ms (default)
2023-09-07 04:53:25,914 [87043b48-aa73-4006-a4ab-d1e7624806a9-groupManagement] INFO  server.RaftServerConfigKeys (ConfUtils.java:logGet(46)) - raft.server.log.purge.preservation.log.num = 0 (default)
2023-09-07 04:53:25,915 [87043b48-aa73-4006-a4ab-d1e7624806a9-groupManagement] INFO  server.RaftServerConfigKeys (ConfUtils.java:logGet(46)) - raft.server.log.segment.size.max = 1048576 (custom)
2023-09-07 04:53:25,915 [87043b48-aa73-4006-a4ab-d1e7624806a9-groupManagement] INFO  server.RaftServerConfigKeys (ConfUtils.java:logGet(46)) - raft.server.log.segment.cache.num.max = 2 (custom)
2023-09-07 04:53:25,915 [87043b48-aa73-4006-a4ab-d1e7624806a9-groupManagement] INFO  server.RaftServerConfigKeys (ConfUtils.java:logGet(46)) - raft.server.log.segment.cache.size.max = 200MB (=209715200) (default)
2023-09-07 04:53:25,915 [87043b48-aa73-4006-a4ab-d1e7624806a9-groupManagement] INFO  server.RaftServerConfigKeys (ConfUtils.java:logGet(46)) - raft.server.log.appender.buffer.byte-limit = 33554432 (custom)
2023-09-07 04:53:25,915 [87043b48-aa73-4006-a4ab-d1e7624806a9-groupManagement] INFO  segmented.SegmentedRaftLogWorker (SegmentedRaftLogWorker.java:<init>(188)) - new 87043b48-aa73-4006-a4ab-d1e7624806a9@group-2482551A0811-SegmentedRaftLogWorker for RaftStorageImpl:Storage Directory /home/runner/work/ozone/ozone/hadoop-ozone/integration-test/target/test-dir/MiniOzoneClusterImpl-91ddfec9-c3c1-434b-8c78-5e40d1aa2819/datanode-1/data/ratis/ac0bab7a-a9ed-4cd2-875b-2482551a0811
2023-09-07 04:53:25,915 [87043b48-aa73-4006-a4ab-d1e7624806a9-groupManagement] INFO  server.RaftServerConfigKeys (ConfUtils.java:logGet(46)) - raft.server.log.queue.byte-limit = 4294967296 (custom)
2023-09-07 04:53:25,915 [87043b48-aa73-4006-a4ab-d1e7624806a9-groupManagement] INFO  server.RaftServerConfigKeys (ConfUtils.java:logGet(46)) - raft.server.log.queue.element-limit = 1024 (custom)
2023-09-07 04:53:25,916 [87043b48-aa73-4006-a4ab-d1e7624806a9-groupManagement] INFO  server.RaftServerConfigKeys (ConfUtils.java:logGet(46)) - raft.server.log.segment.size.max = 1048576 (custom)
2023-09-07 04:53:25,916 [87043b48-aa73-4006-a4ab-d1e7624806a9-groupManagement] INFO  server.RaftServerConfigKeys (ConfUtils.java:logGet(46)) - raft.server.log.preallocated.size = 16384 (custom)
2023-09-07 04:53:25,916 [87043b48-aa73-4006-a4ab-d1e7624806a9-groupManagement] INFO  server.RaftServerConfigKeys (ConfUtils.java:logGet(46)) - raft.server.log.force.sync.num = 128 (default)
2023-09-07 04:53:25,916 [87043b48-aa73-4006-a4ab-d1e7624806a9-groupManagement] INFO  server.RaftServerConfigKeys (ConfUtils.java:logGet(46)) - raft.server.log.statemachine.data.sync = true (default)
2023-09-07 04:53:25,916 [87043b48-aa73-4006-a4ab-d1e7624806a9-groupManagement] INFO  server.RaftServerConfigKeys (ConfUtils.java:logGet(46)) - raft.server.log.statemachine.data.sync.timeout = 10s (default)
2023-09-07 04:53:25,916 [87043b48-aa73-4006-a4ab-d1e7624806a9-groupManagement] INFO  server.RaftServerConfigKeys (ConfUtils.java:logGet(46)) - raft.server.log.statemachine.data.sync.timeout.retry = -1 (default)
2023-09-07 04:53:25,917 [87043b48-aa73-4006-a4ab-d1e7624806a9-groupManagement] INFO  server.RaftServerConfigKeys (ConfUtils.java:logGet(46)) - raft.server.log.write.buffer.size = 1048576 (custom)
2023-09-07 04:53:25,918 [87043b48-aa73-4006-a4ab-d1e7624806a9-groupManagement] INFO  server.RaftServerConfigKeys (ConfUtils.java:logGet(46)) - raft.server.log.appender.buffer.byte-limit = 33554432 (custom)
2023-09-07 04:53:25,924 [87043b48-aa73-4006-a4ab-d1e7624806a9-groupManagement] INFO  server.RaftServerConfigKeys (ConfUtils.java:logGet(46)) - raft.server.log.unsafe-flush.enabled = false (default)
2023-09-07 04:53:25,925 [87043b48-aa73-4006-a4ab-d1e7624806a9-groupManagement] INFO  server.RaftServerConfigKeys (ConfUtils.java:logGet(46)) - raft.server.log.async-flush.enabled = false (default)
2023-09-07 04:53:25,925 [87043b48-aa73-4006-a4ab-d1e7624806a9-groupManagement] INFO  server.RaftServerConfigKeys (ConfUtils.java:logGet(46)) - raft.server.log.statemachine.data.caching.enabled = true (custom)
2023-09-07 04:53:25,925 [87043b48-aa73-4006-a4ab-d1e7624806a9-groupManagement] INFO  segmented.SegmentedRaftLogWorker (SegmentedRaftLogWorker.java:lambda$new$0(135)) - 87043b48-aa73-4006-a4ab-d1e7624806a9@group-2482551A0811-SegmentedRaftLogWorker: flushIndex: setUnconditionally 0 -> -1
2023-09-07 04:53:25,925 [87043b48-aa73-4006-a4ab-d1e7624806a9-groupManagement] INFO  segmented.SegmentedRaftLogWorker (SegmentedRaftLogWorker.java:lambda$new$0(135)) - 87043b48-aa73-4006-a4ab-d1e7624806a9@group-2482551A0811-SegmentedRaftLogWorker: safeCacheEvictIndex: setUnconditionally 0 -> -1
2023-09-07 04:53:25,925 [87043b48-aa73-4006-a4ab-d1e7624806a9-groupManagement] INFO  server.RaftServer$Division (RaftServerImpl.java:start(342)) - 87043b48-aa73-4006-a4ab-d1e7624806a9@group-2482551A0811: start as a follower, conf=-1: peers:[87043b48-aa73-4006-a4ab-d1e7624806a9|rpc:10.1.0.9:15182|admin:10.1.0.9:15181|client:10.1.0.9:15180|dataStream:10.1.0.9:15183|priority:1|startupRole:FOLLOWER, 5e8b1818-5304-4881-9e46-c74e35e46625|rpc:10.1.0.9:15191|admin:10.1.0.9:15190|client:10.1.0.9:15189|dataStream:10.1.0.9:15192|priority:0|startupRole:FOLLOWER, c2ff68ec-fb8c-48a5-8338-8b04228d05a1|rpc:10.1.0.9:15173|admin:10.1.0.9:15172|client:10.1.0.9:15171|dataStream:10.1.0.9:15174|priority:0|startupRole:FOLLOWER]|listeners:[], old=null
2023-09-07 04:53:25,925 [87043b48-aa73-4006-a4ab-d1e7624806a9-groupManagement] INFO  server.RaftServer$Division (RaftServerImpl.java:setRole(329)) - 87043b48-aa73-4006-a4ab-d1e7624806a9@group-2482551A0811: changes role from      null to FOLLOWER at term 0 for startAsFollower
2023-09-07 04:53:25,926 [87043b48-aa73-4006-a4ab-d1e7624806a9-groupManagement] INFO  impl.RoleInfo (RoleInfo.java:updateAndGet(139)) - 87043b48-aa73-4006-a4ab-d1e7624806a9: start 87043b48-aa73-4006-a4ab-d1e7624806a9@group-2482551A0811-FollowerState
2023-09-07 04:53:25,927 [87043b48-aa73-4006-a4ab-d1e7624806a9-groupManagement] INFO  util.JmxRegister (JmxRegister.java:tryRegister(44)) - Successfully registered JMX Bean with object name Ratis:service=RaftServer,group=group-2482551A0811,id=87043b48-aa73-4006-a4ab-d1e7624806a9
2023-09-07 04:53:25,928 [87043b48-aa73-4006-a4ab-d1e7624806a9-groupManagement] INFO  server.RaftServerConfigKeys (ConfUtils.java:logGet(46)) - raft.server.snapshot.auto.trigger.enabled = true (custom)
2023-09-07 04:53:25,928 [87043b48-aa73-4006-a4ab-d1e7624806a9@group-2482551A0811-FollowerState] INFO  server.RaftServerConfigKeys (ConfUtils.java:logFallback(53)) - raft.server.rpc.first-election.timeout.min = 5s (fallback to raft.server.rpc.timeout.min)
2023-09-07 04:53:25,928 [87043b48-aa73-4006-a4ab-d1e7624806a9-groupManagement] INFO  server.RaftServerConfigKeys (ConfUtils.java:logGet(46)) - raft.server.snapshot.auto.trigger.threshold = 10000 (custom)
2023-09-07 04:53:25,928 [87043b48-aa73-4006-a4ab-d1e7624806a9@group-2482551A0811-FollowerState] INFO  server.RaftServerConfigKeys (ConfUtils.java:logFallback(53)) - raft.server.rpc.first-election.timeout.max = 5200ms (fallback to raft.server.rpc.timeout.max)
2023-09-07 04:53:25,928 [87043b48-aa73-4006-a4ab-d1e7624806a9-groupManagement] INFO  server.RaftServerConfigKeys (ConfUtils.java:logGet(46)) - raft.server.snapshot.retention.file.num = 5 (custom)
2023-09-07 04:53:25,928 [87043b48-aa73-4006-a4ab-d1e7624806a9-groupManagement] INFO  server.RaftServerConfigKeys (ConfUtils.java:logGet(46)) - raft.server.log.purge.upto.snapshot.index = false (default)
2023-09-07 04:53:25,941 [PipelineCommandHandlerThread-0] INFO  commandhandler.CreatePipelineCommandHandler (CreatePipelineCommandHandler.java:lambda$handle$2(124)) - Created Pipeline RATIS THREE PipelineID=ac0bab7a-a9ed-4cd2-875b-2482551a0811.
2023-09-07 04:53:25,941 [PipelineCommandHandlerThread-0] INFO  server.RaftServer (RaftServerProxy.java:addNew(98)) - c2ff68ec-fb8c-48a5-8338-8b04228d05a1: addNew group-49D8FE676E39:[87043b48-aa73-4006-a4ab-d1e7624806a9|rpc:10.1.0.9:15182|admin:10.1.0.9:15181|client:10.1.0.9:15180|dataStream:10.1.0.9:15183|priority:0|startupRole:FOLLOWER, 5e8b1818-5304-4881-9e46-c74e35e46625|rpc:10.1.0.9:15191|admin:10.1.0.9:15190|client:10.1.0.9:15189|dataStream:10.1.0.9:15192|priority:0|startupRole:FOLLOWER, c2ff68ec-fb8c-48a5-8338-8b04228d05a1|rpc:10.1.0.9:15173|admin:10.1.0.9:15172|client:10.1.0.9:15171|dataStream:10.1.0.9:15174|priority:1|startupRole:FOLLOWER] returns group-49D8FE676E39:java.util.concurrent.CompletableFuture@2544e023[Not completed]
2023-09-07 04:53:25,942 [c2ff68ec-fb8c-48a5-8338-8b04228d05a1-groupManagement] INFO  server.RaftServer$Division (RaftServerImpl.java:<init>(198)) - c2ff68ec-fb8c-48a5-8338-8b04228d05a1: new RaftServerImpl for group-49D8FE676E39:[87043b48-aa73-4006-a4ab-d1e7624806a9|rpc:10.1.0.9:15182|admin:10.1.0.9:15181|client:10.1.0.9:15180|dataStream:10.1.0.9:15183|priority:0|startupRole:FOLLOWER, 5e8b1818-5304-4881-9e46-c74e35e46625|rpc:10.1.0.9:15191|admin:10.1.0.9:15190|client:10.1.0.9:15189|dataStream:10.1.0.9:15192|priority:0|startupRole:FOLLOWER, c2ff68ec-fb8c-48a5-8338-8b04228d05a1|rpc:10.1.0.9:15173|admin:10.1.0.9:15172|client:10.1.0.9:15171|dataStream:10.1.0.9:15174|priority:1|startupRole:FOLLOWER] with ContainerStateMachine:uninitialized
2023-09-07 04:53:25,942 [c2ff68ec-fb8c-48a5-8338-8b04228d05a1-groupManagement] INFO  server.RaftServerConfigKeys (ConfUtils.java:logGet(46)) - raft.server.rpc.timeout.min = 5s (custom)
2023-09-07 04:53:25,942 [c2ff68ec-fb8c-48a5-8338-8b04228d05a1-groupManagement] INFO  server.RaftServerConfigKeys (ConfUtils.java:logGet(46)) - raft.server.rpc.timeout.max = 5200ms (custom)
2023-09-07 04:53:25,942 [c2ff68ec-fb8c-48a5-8338-8b04228d05a1-groupManagement] INFO  server.RaftServerConfigKeys (ConfUtils.java:logGet(46)) - raft.server.rpc.sleep.time = 25ms (default)
2023-09-07 04:53:25,942 [c2ff68ec-fb8c-48a5-8338-8b04228d05a1-groupManagement] INFO  server.RaftServerConfigKeys (ConfUtils.java:logGet(46)) - raft.server.rpc.slowness.timeout = 300s (custom)
2023-09-07 04:53:25,942 [c2ff68ec-fb8c-48a5-8338-8b04228d05a1-groupManagement] INFO  server.RaftServerConfigKeys (ConfUtils.java:logGet(46)) - raft.server.leaderelection.leader.step-down.wait-time = 10s (default)
2023-09-07 04:53:25,942 [c2ff68ec-fb8c-48a5-8338-8b04228d05a1-groupManagement] INFO  server.RaftServerConfigKeys (ConfUtils.java:logGet(46)) - raft.server.sleep.deviation.threshold = 300ms (default)
2023-09-07 04:53:25,943 [c2ff68ec-fb8c-48a5-8338-8b04228d05a1-groupManagement] INFO  server.RaftServer$Division (ServerState.java:<init>(120)) - c2ff68ec-fb8c-48a5-8338-8b04228d05a1@group-49D8FE676E39: ConfigurationManager, init=-1: peers:[87043b48-aa73-4006-a4ab-d1e7624806a9|rpc:10.1.0.9:15182|admin:10.1.0.9:15181|client:10.1.0.9:15180|dataStream:10.1.0.9:15183|priority:0|startupRole:FOLLOWER, 5e8b1818-5304-4881-9e46-c74e35e46625|rpc:10.1.0.9:15191|admin:10.1.0.9:15190|client:10.1.0.9:15189|dataStream:10.1.0.9:15192|priority:0|startupRole:FOLLOWER, c2ff68ec-fb8c-48a5-8338-8b04228d05a1|rpc:10.1.0.9:15173|admin:10.1.0.9:15172|client:10.1.0.9:15171|dataStream:10.1.0.9:15174|priority:1|startupRole:FOLLOWER]|listeners:[], old=null, confs=<EMPTY_MAP>
2023-09-07 04:53:25,943 [c2ff68ec-fb8c-48a5-8338-8b04228d05a1-groupManagement] INFO  server.RaftServerConfigKeys (ConfUtils.java:logGet(46)) - raft.server.storage.dir = [/home/runner/work/ozone/ozone/hadoop-ozone/integration-test/target/test-dir/MiniOzoneClusterImpl-91ddfec9-c3c1-434b-8c78-5e40d1aa2819/datanode-0/data/ratis] (custom)
2023-09-07 04:53:25,943 [c2ff68ec-fb8c-48a5-8338-8b04228d05a1-groupManagement] INFO  server.RaftServerConfigKeys (ConfUtils.java:logGet(46)) - raft.server.log.corruption.policy = EXCEPTION (default)
2023-09-07 04:53:25,943 [c2ff68ec-fb8c-48a5-8338-8b04228d05a1-groupManagement] INFO  server.RaftServerConfigKeys (ConfUtils.java:logGet(46)) - raft.server.storage.free-space.min = 0MB (=0) (default)
2023-09-07 04:53:25,943 [c2ff68ec-fb8c-48a5-8338-8b04228d05a1-groupManagement] INFO  server.RaftServerConfigKeys (ConfUtils.java:logGet(46)) - raft.server.notification.no-leader.timeout = 300s (custom)
2023-09-07 04:53:25,943 [c2ff68ec-fb8c-48a5-8338-8b04228d05a1-groupManagement] INFO  server.RaftServerConfigKeys (ConfUtils.java:logGet(46)) - raft.server.read.timeout = 10s (default)
2023-09-07 04:53:25,943 [c2ff68ec-fb8c-48a5-8338-8b04228d05a1-groupManagement] INFO  server.RaftServerConfigKeys (ConfUtils.java:logGet(46)) - raft.server.retrycache.expirytime = 600000ms (custom)
2023-09-07 04:53:25,943 [c2ff68ec-fb8c-48a5-8338-8b04228d05a1-groupManagement] INFO  server.RaftServerConfigKeys (ConfUtils.java:logGet(46)) - raft.server.retrycache.statistics.expirytime = 100μs (default)
2023-09-07 04:53:25,943 [c2ff68ec-fb8c-48a5-8338-8b04228d05a1-groupManagement] INFO  server.RaftServerConfigKeys (ConfUtils.java:logGet(46)) - raft.server.read.option = DEFAULT (default)
2023-09-07 04:53:25,944 [c2ff68ec-fb8c-48a5-8338-8b04228d05a1-groupManagement] INFO  server.RaftServerConfigKeys (ConfUtils.java:logGet(46)) - raft.server.rpc.request.timeout = 60s (custom)
2023-09-07 04:53:25,944 [c2ff68ec-fb8c-48a5-8338-8b04228d05a1-groupManagement] INFO  server.RaftServerConfigKeys (ConfUtils.java:logGet(46)) - raft.server.log.appender.install.snapshot.enabled = false (custom)
2023-09-07 04:53:25,944 [c2ff68ec-fb8c-48a5-8338-8b04228d05a1-groupManagement] INFO  server.RaftServerConfigKeys (ConfUtils.java:logGet(46)) - raft.server.threadpool.server.cached = true (default)
2023-09-07 04:53:25,944 [c2ff68ec-fb8c-48a5-8338-8b04228d05a1-groupManagement] INFO  server.RaftServerConfigKeys (ConfUtils.java:logGet(46)) - raft.server.threadpool.server.size = 0 (default)
2023-09-07 04:53:25,944 [c2ff68ec-fb8c-48a5-8338-8b04228d05a1-groupManagement] INFO  server.RaftServerConfigKeys (ConfUtils.java:logGet(46)) - raft.server.threadpool.client.cached = true (default)
2023-09-07 04:53:25,944 [c2ff68ec-fb8c-48a5-8338-8b04228d05a1-groupManagement] INFO  server.RaftServerConfigKeys (ConfUtils.java:logGet(46)) - raft.server.threadpool.client.size = 0 (default)
2023-09-07 04:53:25,944 [c2ff68ec-fb8c-48a5-8338-8b04228d05a1-groupManagement] INFO  storage.RaftStorageDirectory (RaftStorageDirectoryImpl.java:analyzeStorage(137)) - The storage directory /home/runner/work/ozone/ozone/hadoop-ozone/integration-test/target/test-dir/MiniOzoneClusterImpl-91ddfec9-c3c1-434b-8c78-5e40d1aa2819/datanode-0/data/ratis/0537529e-a2ae-4539-a878-49d8fe676e39 does not exist. Creating ...
2023-09-07 04:53:25,945 [c2ff68ec-fb8c-48a5-8338-8b04228d05a1-groupManagement] INFO  storage.RaftStorageDirectory (RaftStorageDirectoryImpl.java:tryLock(231)) - Lock on /home/runner/work/ozone/ozone/hadoop-ozone/integration-test/target/test-dir/MiniOzoneClusterImpl-91ddfec9-c3c1-434b-8c78-5e40d1aa2819/datanode-0/data/ratis/0537529e-a2ae-4539-a878-49d8fe676e39/in_use.lock acquired by nodename 7593@fv-az163-854
2023-09-07 04:53:25,947 [c2ff68ec-fb8c-48a5-8338-8b04228d05a1-groupManagement] INFO  storage.RaftStorage (RaftStorageImpl.java:format(96)) - Storage directory /home/runner/work/ozone/ozone/hadoop-ozone/integration-test/target/test-dir/MiniOzoneClusterImpl-91ddfec9-c3c1-434b-8c78-5e40d1aa2819/datanode-0/data/ratis/0537529e-a2ae-4539-a878-49d8fe676e39 has been successfully formatted.
2023-09-07 04:53:25,948 [EventQueue-OpenPipelineForHealthyPipelineSafeModeRule] INFO  safemode.SCMSafeModeManager (HealthyPipelineSafeModeRule.java:process(137)) - SCM in safe mode. Healthy pipelines reported count is 0, required healthy pipeline reported count is 1
2023-09-07 04:53:25,949 [c2ff68ec-fb8c-48a5-8338-8b04228d05a1-groupManagement] INFO  ratis.ContainerStateMachine (ContainerStateMachine.java:loadSnapshot(262)) - group-49D8FE676E39: The snapshot info is null. Setting the last applied indexto:(t:0, i:~)
2023-09-07 04:53:25,949 [c2ff68ec-fb8c-48a5-8338-8b04228d05a1-groupManagement] INFO  server.RaftServerConfigKeys (ConfUtils.java:logGet(46)) - raft.server.log.use.memory = false (default)
2023-09-07 04:53:25,949 [c2ff68ec-fb8c-48a5-8338-8b04228d05a1-groupManagement] INFO  server.RaftServerConfigKeys (ConfUtils.java:logGet(46)) - raft.server.log.purge.gap = 1000000 (custom)
2023-09-07 04:53:25,949 [c2ff68ec-fb8c-48a5-8338-8b04228d05a1-groupManagement] INFO  server.RaftServerConfigKeys (ConfUtils.java:logGet(46)) - raft.server.log.appender.buffer.byte-limit = 33554432 (custom)
2023-09-07 04:53:25,949 [c2ff68ec-fb8c-48a5-8338-8b04228d05a1-groupManagement] INFO  server.RaftServerConfigKeys (ConfUtils.java:logGet(46)) - raft.server.log.statemachine.data.read.timeout = 1000ms (default)
2023-09-07 04:53:25,949 [c2ff68ec-fb8c-48a5-8338-8b04228d05a1-groupManagement] INFO  server.RaftServerConfigKeys (ConfUtils.java:logGet(46)) - raft.server.log.purge.preservation.log.num = 0 (default)
2023-09-07 04:53:25,949 [c2ff68ec-fb8c-48a5-8338-8b04228d05a1-groupManagement] INFO  server.RaftServerConfigKeys (ConfUtils.java:logGet(46)) - raft.server.log.segment.size.max = 1048576 (custom)
2023-09-07 04:53:25,949 [c2ff68ec-fb8c-48a5-8338-8b04228d05a1-groupManagement] INFO  server.RaftServerConfigKeys (ConfUtils.java:logGet(46)) - raft.server.log.segment.cache.num.max = 2 (custom)
2023-09-07 04:53:25,949 [c2ff68ec-fb8c-48a5-8338-8b04228d05a1-groupManagement] INFO  server.RaftServerConfigKeys (ConfUtils.java:logGet(46)) - raft.server.log.segment.cache.size.max = 200MB (=209715200) (default)
2023-09-07 04:53:25,949 [c2ff68ec-fb8c-48a5-8338-8b04228d05a1-groupManagement] INFO  server.RaftServerConfigKeys (ConfUtils.java:logGet(46)) - raft.server.log.appender.buffer.byte-limit = 33554432 (custom)
2023-09-07 04:53:25,949 [c2ff68ec-fb8c-48a5-8338-8b04228d05a1-groupManagement] INFO  segmented.SegmentedRaftLogWorker (SegmentedRaftLogWorker.java:<init>(188)) - new c2ff68ec-fb8c-48a5-8338-8b04228d05a1@group-49D8FE676E39-SegmentedRaftLogWorker for RaftStorageImpl:Storage Directory /home/runner/work/ozone/ozone/hadoop-ozone/integration-test/target/test-dir/MiniOzoneClusterImpl-91ddfec9-c3c1-434b-8c78-5e40d1aa2819/datanode-0/data/ratis/0537529e-a2ae-4539-a878-49d8fe676e39
2023-09-07 04:53:25,950 [c2ff68ec-fb8c-48a5-8338-8b04228d05a1-groupManagement] INFO  server.RaftServerConfigKeys (ConfUtils.java:logGet(46)) - raft.server.log.queue.byte-limit = 4294967296 (custom)
2023-09-07 04:53:25,950 [c2ff68ec-fb8c-48a5-8338-8b04228d05a1-groupManagement] INFO  server.RaftServerConfigKeys (ConfUtils.java:logGet(46)) - raft.server.log.queue.element-limit = 1024 (custom)
2023-09-07 04:53:25,950 [c2ff68ec-fb8c-48a5-8338-8b04228d05a1-groupManagement] INFO  server.RaftServerConfigKeys (ConfUtils.java:logGet(46)) - raft.server.log.segment.size.max = 1048576 (custom)
2023-09-07 04:53:25,950 [c2ff68ec-fb8c-48a5-8338-8b04228d05a1-groupManagement] INFO  server.RaftServerConfigKeys (ConfUtils.java:logGet(46)) - raft.server.log.preallocated.size = 16384 (custom)
2023-09-07 04:53:25,950 [c2ff68ec-fb8c-48a5-8338-8b04228d05a1-groupManagement] INFO  server.RaftServerConfigKeys (ConfUtils.java:logGet(46)) - raft.server.log.force.sync.num = 128 (default)
2023-09-07 04:53:25,950 [c2ff68ec-fb8c-48a5-8338-8b04228d05a1-groupManagement] INFO  server.RaftServerConfigKeys (ConfUtils.java:logGet(46)) - raft.server.log.statemachine.data.sync = true (default)
2023-09-07 04:53:25,950 [c2ff68ec-fb8c-48a5-8338-8b04228d05a1-groupManagement] INFO  server.RaftServerConfigKeys (ConfUtils.java:logGet(46)) - raft.server.log.statemachine.data.sync.timeout = 10s (default)
2023-09-07 04:53:25,950 [c2ff68ec-fb8c-48a5-8338-8b04228d05a1-groupManagement] INFO  server.RaftServerConfigKeys (ConfUtils.java:logGet(46)) - raft.server.log.statemachine.data.sync.timeout.retry = -1 (default)
2023-09-07 04:53:25,951 [c2ff68ec-fb8c-48a5-8338-8b04228d05a1-groupManagement] INFO  server.RaftServerConfigKeys (ConfUtils.java:logGet(46)) - raft.server.log.write.buffer.size = 1048576 (custom)
2023-09-07 04:53:25,951 [c2ff68ec-fb8c-48a5-8338-8b04228d05a1-groupManagement] INFO  server.RaftServerConfigKeys (ConfUtils.java:logGet(46)) - raft.server.log.appender.buffer.byte-limit = 33554432 (custom)
2023-09-07 04:53:25,957 [c2ff68ec-fb8c-48a5-8338-8b04228d05a1-groupManagement] INFO  server.RaftServerConfigKeys (ConfUtils.java:logGet(46)) - raft.server.log.unsafe-flush.enabled = false (default)
2023-09-07 04:53:25,957 [c2ff68ec-fb8c-48a5-8338-8b04228d05a1-groupManagement] INFO  server.RaftServerConfigKeys (ConfUtils.java:logGet(46)) - raft.server.log.async-flush.enabled = false (default)
2023-09-07 04:53:25,957 [c2ff68ec-fb8c-48a5-8338-8b04228d05a1-groupManagement] INFO  server.RaftServerConfigKeys (ConfUtils.java:logGet(46)) - raft.server.log.statemachine.data.caching.enabled = true (custom)
2023-09-07 04:53:25,958 [c2ff68ec-fb8c-48a5-8338-8b04228d05a1-groupManagement] INFO  segmented.SegmentedRaftLogWorker (SegmentedRaftLogWorker.java:lambda$new$0(135)) - c2ff68ec-fb8c-48a5-8338-8b04228d05a1@group-49D8FE676E39-SegmentedRaftLogWorker: flushIndex: setUnconditionally 0 -> -1
2023-09-07 04:53:25,958 [c2ff68ec-fb8c-48a5-8338-8b04228d05a1-groupManagement] INFO  segmented.SegmentedRaftLogWorker (SegmentedRaftLogWorker.java:lambda$new$0(135)) - c2ff68ec-fb8c-48a5-8338-8b04228d05a1@group-49D8FE676E39-SegmentedRaftLogWorker: safeCacheEvictIndex: setUnconditionally 0 -> -1
2023-09-07 04:53:25,958 [c2ff68ec-fb8c-48a5-8338-8b04228d05a1-groupManagement] INFO  server.RaftServer$Division (RaftServerImpl.java:start(342)) - c2ff68ec-fb8c-48a5-8338-8b04228d05a1@group-49D8FE676E39: start as a follower, conf=-1: peers:[87043b48-aa73-4006-a4ab-d1e7624806a9|rpc:10.1.0.9:15182|admin:10.1.0.9:15181|client:10.1.0.9:15180|dataStream:10.1.0.9:15183|priority:0|startupRole:FOLLOWER, 5e8b1818-5304-4881-9e46-c74e35e46625|rpc:10.1.0.9:15191|admin:10.1.0.9:15190|client:10.1.0.9:15189|dataStream:10.1.0.9:15192|priority:0|startupRole:FOLLOWER, c2ff68ec-fb8c-48a5-8338-8b04228d05a1|rpc:10.1.0.9:15173|admin:10.1.0.9:15172|client:10.1.0.9:15171|dataStream:10.1.0.9:15174|priority:1|startupRole:FOLLOWER]|listeners:[], old=null
2023-09-07 04:53:25,960 [c2ff68ec-fb8c-48a5-8338-8b04228d05a1-groupManagement] INFO  server.RaftServer$Division (RaftServerImpl.java:setRole(329)) - c2ff68ec-fb8c-48a5-8338-8b04228d05a1@group-49D8FE676E39: changes role from      null to FOLLOWER at term 0 for startAsFollower
2023-09-07 04:53:25,960 [c2ff68ec-fb8c-48a5-8338-8b04228d05a1-groupManagement] INFO  impl.RoleInfo (RoleInfo.java:updateAndGet(139)) - c2ff68ec-fb8c-48a5-8338-8b04228d05a1: start c2ff68ec-fb8c-48a5-8338-8b04228d05a1@group-49D8FE676E39-FollowerState
2023-09-07 04:53:25,960 [c2ff68ec-fb8c-48a5-8338-8b04228d05a1-groupManagement] INFO  util.JmxRegister (JmxRegister.java:tryRegister(44)) - Successfully registered JMX Bean with object name Ratis:service=RaftServer,group=group-49D8FE676E39,id=c2ff68ec-fb8c-48a5-8338-8b04228d05a1
2023-09-07 04:53:25,960 [c2ff68ec-fb8c-48a5-8338-8b04228d05a1-groupManagement] INFO  server.RaftServerConfigKeys (ConfUtils.java:logGet(46)) - raft.server.snapshot.auto.trigger.enabled = true (custom)
2023-09-07 04:53:25,961 [c2ff68ec-fb8c-48a5-8338-8b04228d05a1-groupManagement] INFO  server.RaftServerConfigKeys (ConfUtils.java:logGet(46)) - raft.server.snapshot.auto.trigger.threshold = 10000 (custom)
2023-09-07 04:53:25,961 [c2ff68ec-fb8c-48a5-8338-8b04228d05a1-groupManagement] INFO  server.RaftServerConfigKeys (ConfUtils.java:logGet(46)) - raft.server.snapshot.retention.file.num = 5 (custom)
2023-09-07 04:53:25,961 [c2ff68ec-fb8c-48a5-8338-8b04228d05a1-groupManagement] INFO  server.RaftServerConfigKeys (ConfUtils.java:logGet(46)) - raft.server.log.purge.upto.snapshot.index = false (default)
2023-09-07 04:53:25,961 [PipelineCommandHandlerThread-0] INFO  ratis.XceiverServerRatis (XceiverServerRatis.java:addGroup(804)) - Created group PipelineID=0537529e-a2ae-4539-a878-49d8fe676e39
2023-09-07 04:53:25,963 [c2ff68ec-fb8c-48a5-8338-8b04228d05a1@group-49D8FE676E39-FollowerState] INFO  server.RaftServerConfigKeys (ConfUtils.java:logFallback(53)) - raft.server.rpc.first-election.timeout.min = 5s (fallback to raft.server.rpc.timeout.min)
2023-09-07 04:53:25,963 [c2ff68ec-fb8c-48a5-8338-8b04228d05a1@group-49D8FE676E39-FollowerState] INFO  server.RaftServerConfigKeys (ConfUtils.java:logFallback(53)) - raft.server.rpc.first-election.timeout.max = 5200ms (fallback to raft.server.rpc.timeout.max)
2023-09-07 04:53:25,972 [grpc-default-executor-0] INFO  server.RaftServer (RaftServerProxy.java:addNew(98)) - 87043b48-aa73-4006-a4ab-d1e7624806a9: addNew group-49D8FE676E39:[87043b48-aa73-4006-a4ab-d1e7624806a9|rpc:10.1.0.9:15182|admin:10.1.0.9:15181|client:10.1.0.9:15180|dataStream:10.1.0.9:15183|priority:0|startupRole:FOLLOWER, 5e8b1818-5304-4881-9e46-c74e35e46625|rpc:10.1.0.9:15191|admin:10.1.0.9:15190|client:10.1.0.9:15189|dataStream:10.1.0.9:15192|priority:0|startupRole:FOLLOWER, c2ff68ec-fb8c-48a5-8338-8b04228d05a1|rpc:10.1.0.9:15173|admin:10.1.0.9:15172|client:10.1.0.9:15171|dataStream:10.1.0.9:15174|priority:1|startupRole:FOLLOWER] returns group-49D8FE676E39:java.util.concurrent.CompletableFuture@3f92a6c4[Not completed]
2023-09-07 04:53:25,975 [87043b48-aa73-4006-a4ab-d1e7624806a9-groupManagement] INFO  server.RaftServer$Division (RaftServerImpl.java:<init>(198)) - 87043b48-aa73-4006-a4ab-d1e7624806a9: new RaftServerImpl for group-49D8FE676E39:[87043b48-aa73-4006-a4ab-d1e7624806a9|rpc:10.1.0.9:15182|admin:10.1.0.9:15181|client:10.1.0.9:15180|dataStream:10.1.0.9:15183|priority:0|startupRole:FOLLOWER, 5e8b1818-5304-4881-9e46-c74e35e46625|rpc:10.1.0.9:15191|admin:10.1.0.9:15190|client:10.1.0.9:15189|dataStream:10.1.0.9:15192|priority:0|startupRole:FOLLOWER, c2ff68ec-fb8c-48a5-8338-8b04228d05a1|rpc:10.1.0.9:15173|admin:10.1.0.9:15172|client:10.1.0.9:15171|dataStream:10.1.0.9:15174|priority:1|startupRole:FOLLOWER] with ContainerStateMachine:uninitialized
2023-09-07 04:53:25,975 [87043b48-aa73-4006-a4ab-d1e7624806a9-groupManagement] INFO  server.RaftServerConfigKeys (ConfUtils.java:logGet(46)) - raft.server.rpc.timeout.min = 5s (custom)
2023-09-07 04:53:25,975 [87043b48-aa73-4006-a4ab-d1e7624806a9-groupManagement] INFO  server.RaftServerConfigKeys (ConfUtils.java:logGet(46)) - raft.server.rpc.timeout.max = 5200ms (custom)
2023-09-07 04:53:25,975 [87043b48-aa73-4006-a4ab-d1e7624806a9-groupManagement] INFO  server.RaftServerConfigKeys (ConfUtils.java:logGet(46)) - raft.server.rpc.sleep.time = 25ms (default)
2023-09-07 04:53:25,975 [87043b48-aa73-4006-a4ab-d1e7624806a9-groupManagement] INFO  server.RaftServerConfigKeys (ConfUtils.java:logGet(46)) - raft.server.rpc.slowness.timeout = 300s (custom)
2023-09-07 04:53:25,975 [87043b48-aa73-4006-a4ab-d1e7624806a9-groupManagement] INFO  server.RaftServerConfigKeys (ConfUtils.java:logGet(46)) - raft.server.leaderelection.leader.step-down.wait-time = 10s (default)
2023-09-07 04:53:25,975 [87043b48-aa73-4006-a4ab-d1e7624806a9-groupManagement] INFO  server.RaftServerConfigKeys (ConfUtils.java:logGet(46)) - raft.server.sleep.deviation.threshold = 300ms (default)
2023-09-07 04:53:25,976 [87043b48-aa73-4006-a4ab-d1e7624806a9-groupManagement] INFO  server.RaftServer$Division (ServerState.java:<init>(120)) - 87043b48-aa73-4006-a4ab-d1e7624806a9@group-49D8FE676E39: ConfigurationManager, init=-1: peers:[87043b48-aa73-4006-a4ab-d1e7624806a9|rpc:10.1.0.9:15182|admin:10.1.0.9:15181|client:10.1.0.9:15180|dataStream:10.1.0.9:15183|priority:0|startupRole:FOLLOWER, 5e8b1818-5304-4881-9e46-c74e35e46625|rpc:10.1.0.9:15191|admin:10.1.0.9:15190|client:10.1.0.9:15189|dataStream:10.1.0.9:15192|priority:0|startupRole:FOLLOWER, c2ff68ec-fb8c-48a5-8338-8b04228d05a1|rpc:10.1.0.9:15173|admin:10.1.0.9:15172|client:10.1.0.9:15171|dataStream:10.1.0.9:15174|priority:1|startupRole:FOLLOWER]|listeners:[], old=null, confs=<EMPTY_MAP>
2023-09-07 04:53:25,976 [87043b48-aa73-4006-a4ab-d1e7624806a9-groupManagement] INFO  server.RaftServerConfigKeys (ConfUtils.java:logGet(46)) - raft.server.storage.dir = [/home/runner/work/ozone/ozone/hadoop-ozone/integration-test/target/test-dir/MiniOzoneClusterImpl-91ddfec9-c3c1-434b-8c78-5e40d1aa2819/datanode-1/data/ratis] (custom)
2023-09-07 04:53:25,976 [87043b48-aa73-4006-a4ab-d1e7624806a9-groupManagement] INFO  server.RaftServerConfigKeys (ConfUtils.java:logGet(46)) - raft.server.log.corruption.policy = EXCEPTION (default)
2023-09-07 04:53:25,976 [87043b48-aa73-4006-a4ab-d1e7624806a9-groupManagement] INFO  server.RaftServerConfigKeys (ConfUtils.java:logGet(46)) - raft.server.storage.free-space.min = 0MB (=0) (default)
2023-09-07 04:53:25,976 [87043b48-aa73-4006-a4ab-d1e7624806a9-groupManagement] INFO  server.RaftServerConfigKeys (ConfUtils.java:logGet(46)) - raft.server.notification.no-leader.timeout = 300s (custom)
2023-09-07 04:53:25,976 [87043b48-aa73-4006-a4ab-d1e7624806a9-groupManagement] INFO  server.RaftServerConfigKeys (ConfUtils.java:logGet(46)) - raft.server.read.timeout = 10s (default)
2023-09-07 04:53:25,976 [87043b48-aa73-4006-a4ab-d1e7624806a9-groupManagement] INFO  server.RaftServerConfigKeys (ConfUtils.java:logGet(46)) - raft.server.retrycache.expirytime = 600000ms (custom)
2023-09-07 04:53:25,976 [87043b48-aa73-4006-a4ab-d1e7624806a9-groupManagement] INFO  server.RaftServerConfigKeys (ConfUtils.java:logGet(46)) - raft.server.retrycache.statistics.expirytime = 100μs (default)
2023-09-07 04:53:25,977 [87043b48-aa73-4006-a4ab-d1e7624806a9-groupManagement] INFO  server.RaftServerConfigKeys (ConfUtils.java:logGet(46)) - raft.server.read.option = DEFAULT (default)
2023-09-07 04:53:25,977 [87043b48-aa73-4006-a4ab-d1e7624806a9-groupManagement] INFO  server.RaftServerConfigKeys (ConfUtils.java:logGet(46)) - raft.server.rpc.request.timeout = 60s (custom)
2023-09-07 04:53:25,977 [87043b48-aa73-4006-a4ab-d1e7624806a9-groupManagement] INFO  server.RaftServerConfigKeys (ConfUtils.java:logGet(46)) - raft.server.log.appender.install.snapshot.enabled = false (custom)
2023-09-07 04:53:25,981 [87043b48-aa73-4006-a4ab-d1e7624806a9-groupManagement] INFO  server.RaftServerConfigKeys (ConfUtils.java:logGet(46)) - raft.server.threadpool.server.cached = true (default)
2023-09-07 04:53:25,981 [87043b48-aa73-4006-a4ab-d1e7624806a9-groupManagement] INFO  server.RaftServerConfigKeys (ConfUtils.java:logGet(46)) - raft.server.threadpool.server.size = 0 (default)
2023-09-07 04:53:25,981 [87043b48-aa73-4006-a4ab-d1e7624806a9-groupManagement] INFO  server.RaftServerConfigKeys (ConfUtils.java:logGet(46)) - raft.server.threadpool.client.cached = true (default)
2023-09-07 04:53:25,981 [87043b48-aa73-4006-a4ab-d1e7624806a9-groupManagement] INFO  server.RaftServerConfigKeys (ConfUtils.java:logGet(46)) - raft.server.threadpool.client.size = 0 (default)
2023-09-07 04:53:25,981 [87043b48-aa73-4006-a4ab-d1e7624806a9-groupManagement] INFO  storage.RaftStorageDirectory (RaftStorageDirectoryImpl.java:analyzeStorage(137)) - The storage directory /home/runner/work/ozone/ozone/hadoop-ozone/integration-test/target/test-dir/MiniOzoneClusterImpl-91ddfec9-c3c1-434b-8c78-5e40d1aa2819/datanode-1/data/ratis/0537529e-a2ae-4539-a878-49d8fe676e39 does not exist. Creating ...
2023-09-07 04:53:25,983 [87043b48-aa73-4006-a4ab-d1e7624806a9-groupManagement] INFO  storage.RaftStorageDirectory (RaftStorageDirectoryImpl.java:tryLock(231)) - Lock on /home/runner/work/ozone/ozone/hadoop-ozone/integration-test/target/test-dir/MiniOzoneClusterImpl-91ddfec9-c3c1-434b-8c78-5e40d1aa2819/datanode-1/data/ratis/0537529e-a2ae-4539-a878-49d8fe676e39/in_use.lock acquired by nodename 7593@fv-az163-854
2023-09-07 04:53:25,984 [87043b48-aa73-4006-a4ab-d1e7624806a9-groupManagement] INFO  storage.RaftStorage (RaftStorageImpl.java:format(96)) - Storage directory /home/runner/work/ozone/ozone/hadoop-ozone/integration-test/target/test-dir/MiniOzoneClusterImpl-91ddfec9-c3c1-434b-8c78-5e40d1aa2819/datanode-1/data/ratis/0537529e-a2ae-4539-a878-49d8fe676e39 has been successfully formatted.
2023-09-07 04:53:25,985 [87043b48-aa73-4006-a4ab-d1e7624806a9-groupManagement] INFO  ratis.ContainerStateMachine (ContainerStateMachine.java:loadSnapshot(262)) - group-49D8FE676E39: The snapshot info is null. Setting the last applied indexto:(t:0, i:~)
2023-09-07 04:53:25,985 [87043b48-aa73-4006-a4ab-d1e7624806a9-groupManagement] INFO  server.RaftServerConfigKeys (ConfUtils.java:logGet(46)) - raft.server.log.use.memory = false (default)
2023-09-07 04:53:25,985 [87043b48-aa73-4006-a4ab-d1e7624806a9-groupManagement] INFO  server.RaftServerConfigKeys (ConfUtils.java:logGet(46)) - raft.server.log.purge.gap = 1000000 (custom)
2023-09-07 04:53:25,985 [87043b48-aa73-4006-a4ab-d1e7624806a9-groupManagement] INFO  server.RaftServerConfigKeys (ConfUtils.java:logGet(46)) - raft.server.log.appender.buffer.byte-limit = 33554432 (custom)
2023-09-07 04:53:25,985 [87043b48-aa73-4006-a4ab-d1e7624806a9-groupManagement] INFO  server.RaftServerConfigKeys (ConfUtils.java:logGet(46)) - raft.server.log.statemachine.data.read.timeout = 1000ms (default)
2023-09-07 04:53:25,985 [87043b48-aa73-4006-a4ab-d1e7624806a9-groupManagement] INFO  server.RaftServerConfigKeys (ConfUtils.java:logGet(46)) - raft.server.log.purge.preservation.log.num = 0 (default)
2023-09-07 04:53:25,985 [87043b48-aa73-4006-a4ab-d1e7624806a9-groupManagement] INFO  server.RaftServerConfigKeys (ConfUtils.java:logGet(46)) - raft.server.log.segment.size.max = 1048576 (custom)
2023-09-07 04:53:25,986 [87043b48-aa73-4006-a4ab-d1e7624806a9-groupManagement] INFO  server.RaftServerConfigKeys (ConfUtils.java:logGet(46)) - raft.server.log.segment.cache.num.max = 2 (custom)
2023-09-07 04:53:25,986 [87043b48-aa73-4006-a4ab-d1e7624806a9-groupManagement] INFO  server.RaftServerConfigKeys (ConfUtils.java:logGet(46)) - raft.server.log.segment.cache.size.max = 200MB (=209715200) (default)
2023-09-07 04:53:25,986 [87043b48-aa73-4006-a4ab-d1e7624806a9-groupManagement] INFO  server.RaftServerConfigKeys (ConfUtils.java:logGet(46)) - raft.server.log.appender.buffer.byte-limit = 33554432 (custom)
2023-09-07 04:53:25,986 [87043b48-aa73-4006-a4ab-d1e7624806a9-groupManagement] INFO  segmented.SegmentedRaftLogWorker (SegmentedRaftLogWorker.java:<init>(188)) - new 87043b48-aa73-4006-a4ab-d1e7624806a9@group-49D8FE676E39-SegmentedRaftLogWorker for RaftStorageImpl:Storage Directory /home/runner/work/ozone/ozone/hadoop-ozone/integration-test/target/test-dir/MiniOzoneClusterImpl-91ddfec9-c3c1-434b-8c78-5e40d1aa2819/datanode-1/data/ratis/0537529e-a2ae-4539-a878-49d8fe676e39
2023-09-07 04:53:25,986 [87043b48-aa73-4006-a4ab-d1e7624806a9-groupManagement] INFO  server.RaftServerConfigKeys (ConfUtils.java:logGet(46)) - raft.server.log.queue.byte-limit = 4294967296 (custom)
2023-09-07 04:53:25,986 [87043b48-aa73-4006-a4ab-d1e7624806a9-groupManagement] INFO  server.RaftServerConfigKeys (ConfUtils.java:logGet(46)) - raft.server.log.queue.element-limit = 1024 (custom)
2023-09-07 04:53:25,986 [87043b48-aa73-4006-a4ab-d1e7624806a9-groupManagement] INFO  server.RaftServerConfigKeys (ConfUtils.java:logGet(46)) - raft.server.log.segment.size.max = 1048576 (custom)
2023-09-07 04:53:25,986 [87043b48-aa73-4006-a4ab-d1e7624806a9-groupManagement] INFO  server.RaftServerConfigKeys (ConfUtils.java:logGet(46)) - raft.server.log.preallocated.size = 16384 (custom)
2023-09-07 04:53:25,986 [87043b48-aa73-4006-a4ab-d1e7624806a9-groupManagement] INFO  server.RaftServerConfigKeys (ConfUtils.java:logGet(46)) - raft.server.log.force.sync.num = 128 (default)
2023-09-07 04:53:25,986 [87043b48-aa73-4006-a4ab-d1e7624806a9-groupManagement] INFO  server.RaftServerConfigKeys (ConfUtils.java:logGet(46)) - raft.server.log.statemachine.data.sync = true (default)
2023-09-07 04:53:25,986 [87043b48-aa73-4006-a4ab-d1e7624806a9-groupManagement] INFO  server.RaftServerConfigKeys (ConfUtils.java:logGet(46)) - raft.server.log.statemachine.data.sync.timeout = 10s (default)
2023-09-07 04:53:25,986 [87043b48-aa73-4006-a4ab-d1e7624806a9-groupManagement] INFO  server.RaftServerConfigKeys (ConfUtils.java:logGet(46)) - raft.server.log.statemachine.data.sync.timeout.retry = -1 (default)
2023-09-07 04:53:25,987 [87043b48-aa73-4006-a4ab-d1e7624806a9-groupManagement] INFO  server.RaftServerConfigKeys (ConfUtils.java:logGet(46)) - raft.server.log.write.buffer.size = 1048576 (custom)
2023-09-07 04:53:25,988 [87043b48-aa73-4006-a4ab-d1e7624806a9-groupManagement] INFO  server.RaftServerConfigKeys (ConfUtils.java:logGet(46)) - raft.server.log.appender.buffer.byte-limit = 33554432 (custom)
2023-09-07 04:53:25,994 [87043b48-aa73-4006-a4ab-d1e7624806a9-groupManagement] INFO  server.RaftServerConfigKeys (ConfUtils.java:logGet(46)) - raft.server.log.unsafe-flush.enabled = false (default)
2023-09-07 04:53:25,994 [87043b48-aa73-4006-a4ab-d1e7624806a9-groupManagement] INFO  server.RaftServerConfigKeys (ConfUtils.java:logGet(46)) - raft.server.log.async-flush.enabled = false (default)
2023-09-07 04:53:25,994 [87043b48-aa73-4006-a4ab-d1e7624806a9-groupManagement] INFO  server.RaftServerConfigKeys (ConfUtils.java:logGet(46)) - raft.server.log.statemachine.data.caching.enabled = true (custom)
2023-09-07 04:53:25,995 [87043b48-aa73-4006-a4ab-d1e7624806a9-groupManagement] INFO  segmented.SegmentedRaftLogWorker (SegmentedRaftLogWorker.java:lambda$new$0(135)) - 87043b48-aa73-4006-a4ab-d1e7624806a9@group-49D8FE676E39-SegmentedRaftLogWorker: flushIndex: setUnconditionally 0 -> -1
2023-09-07 04:53:25,995 [87043b48-aa73-4006-a4ab-d1e7624806a9-groupManagement] INFO  segmented.SegmentedRaftLogWorker (SegmentedRaftLogWorker.java:lambda$new$0(135)) - 87043b48-aa73-4006-a4ab-d1e7624806a9@group-49D8FE676E39-SegmentedRaftLogWorker: safeCacheEvictIndex: setUnconditionally 0 -> -1
2023-09-07 04:53:25,995 [87043b48-aa73-4006-a4ab-d1e7624806a9-groupManagement] INFO  server.RaftServer$Division (RaftServerImpl.java:start(342)) - 87043b48-aa73-4006-a4ab-d1e7624806a9@group-49D8FE676E39: start as a follower, conf=-1: peers:[87043b48-aa73-4006-a4ab-d1e7624806a9|rpc:10.1.0.9:15182|admin:10.1.0.9:15181|client:10.1.0.9:15180|dataStream:10.1.0.9:15183|priority:0|startupRole:FOLLOWER, 5e8b1818-5304-4881-9e46-c74e35e46625|rpc:10.1.0.9:15191|admin:10.1.0.9:15190|client:10.1.0.9:15189|dataStream:10.1.0.9:15192|priority:0|startupRole:FOLLOWER, c2ff68ec-fb8c-48a5-8338-8b04228d05a1|rpc:10.1.0.9:15173|admin:10.1.0.9:15172|client:10.1.0.9:15171|dataStream:10.1.0.9:15174|priority:1|startupRole:FOLLOWER]|listeners:[], old=null
2023-09-07 04:53:25,996 [87043b48-aa73-4006-a4ab-d1e7624806a9-groupManagement] INFO  server.RaftServer$Division (RaftServerImpl.java:setRole(329)) - 87043b48-aa73-4006-a4ab-d1e7624806a9@group-49D8FE676E39: changes role from      null to FOLLOWER at term 0 for startAsFollower
2023-09-07 04:53:25,996 [87043b48-aa73-4006-a4ab-d1e7624806a9-groupManagement] INFO  impl.RoleInfo (RoleInfo.java:updateAndGet(139)) - 87043b48-aa73-4006-a4ab-d1e7624806a9: start 87043b48-aa73-4006-a4ab-d1e7624806a9@group-49D8FE676E39-FollowerState
2023-09-07 04:53:25,996 [87043b48-aa73-4006-a4ab-d1e7624806a9-groupManagement] INFO  util.JmxRegister (JmxRegister.java:tryRegister(44)) - Successfully registered JMX Bean with object name Ratis:service=RaftServer,group=group-49D8FE676E39,id=87043b48-aa73-4006-a4ab-d1e7624806a9
2023-09-07 04:53:25,996 [87043b48-aa73-4006-a4ab-d1e7624806a9@group-49D8FE676E39-FollowerState] INFO  server.RaftServerConfigKeys (ConfUtils.java:logFallback(53)) - raft.server.rpc.first-election.timeout.min = 5s (fallback to raft.server.rpc.timeout.min)
2023-09-07 04:53:25,996 [87043b48-aa73-4006-a4ab-d1e7624806a9-groupManagement] INFO  server.RaftServerConfigKeys (ConfUtils.java:logGet(46)) - raft.server.snapshot.auto.trigger.enabled = true (custom)
2023-09-07 04:53:25,996 [87043b48-aa73-4006-a4ab-d1e7624806a9@group-49D8FE676E39-FollowerState] INFO  server.RaftServerConfigKeys (ConfUtils.java:logFallback(53)) - raft.server.rpc.first-election.timeout.max = 5200ms (fallback to raft.server.rpc.timeout.max)
2023-09-07 04:53:25,996 [87043b48-aa73-4006-a4ab-d1e7624806a9-groupManagement] INFO  server.RaftServerConfigKeys (ConfUtils.java:logGet(46)) - raft.server.snapshot.auto.trigger.threshold = 10000 (custom)
2023-09-07 04:53:25,997 [87043b48-aa73-4006-a4ab-d1e7624806a9-groupManagement] INFO  server.RaftServerConfigKeys (ConfUtils.java:logGet(46)) - raft.server.snapshot.retention.file.num = 5 (custom)
2023-09-07 04:53:25,997 [87043b48-aa73-4006-a4ab-d1e7624806a9-groupManagement] INFO  server.RaftServerConfigKeys (ConfUtils.java:logGet(46)) - raft.server.log.purge.upto.snapshot.index = false (default)
2023-09-07 04:53:26,022 [grpc-default-executor-0] INFO  server.RaftServer (RaftServerProxy.java:addNew(98)) - 5e8b1818-5304-4881-9e46-c74e35e46625: addNew group-49D8FE676E39:[87043b48-aa73-4006-a4ab-d1e7624806a9|rpc:10.1.0.9:15182|admin:10.1.0.9:15181|client:10.1.0.9:15180|dataStream:10.1.0.9:15183|priority:0|startupRole:FOLLOWER, 5e8b1818-5304-4881-9e46-c74e35e46625|rpc:10.1.0.9:15191|admin:10.1.0.9:15190|client:10.1.0.9:15189|dataStream:10.1.0.9:15192|priority:0|startupRole:FOLLOWER, c2ff68ec-fb8c-48a5-8338-8b04228d05a1|rpc:10.1.0.9:15173|admin:10.1.0.9:15172|client:10.1.0.9:15171|dataStream:10.1.0.9:15174|priority:1|startupRole:FOLLOWER] returns group-49D8FE676E39:java.util.concurrent.CompletableFuture@3c9e2ae8[Not completed]
2023-09-07 04:53:26,023 [5e8b1818-5304-4881-9e46-c74e35e46625-groupManagement] INFO  server.RaftServer$Division (RaftServerImpl.java:<init>(198)) - 5e8b1818-5304-4881-9e46-c74e35e46625: new RaftServerImpl for group-49D8FE676E39:[87043b48-aa73-4006-a4ab-d1e7624806a9|rpc:10.1.0.9:15182|admin:10.1.0.9:15181|client:10.1.0.9:15180|dataStream:10.1.0.9:15183|priority:0|startupRole:FOLLOWER, 5e8b1818-5304-4881-9e46-c74e35e46625|rpc:10.1.0.9:15191|admin:10.1.0.9:15190|client:10.1.0.9:15189|dataStream:10.1.0.9:15192|priority:0|startupRole:FOLLOWER, c2ff68ec-fb8c-48a5-8338-8b04228d05a1|rpc:10.1.0.9:15173|admin:10.1.0.9:15172|client:10.1.0.9:15171|dataStream:10.1.0.9:15174|priority:1|startupRole:FOLLOWER] with ContainerStateMachine:uninitialized
2023-09-07 04:53:26,023 [5e8b1818-5304-4881-9e46-c74e35e46625-groupManagement] INFO  server.RaftServerConfigKeys (ConfUtils.java:logGet(46)) - raft.server.rpc.timeout.min = 5s (custom)
2023-09-07 04:53:26,023 [5e8b1818-5304-4881-9e46-c74e35e46625-groupManagement] INFO  server.RaftServerConfigKeys (ConfUtils.java:logGet(46)) - raft.server.rpc.timeout.max = 5200ms (custom)
2023-09-07 04:53:26,024 [5e8b1818-5304-4881-9e46-c74e35e46625-groupManagement] INFO  server.RaftServerConfigKeys (ConfUtils.java:logGet(46)) - raft.server.rpc.sleep.time = 25ms (default)
2023-09-07 04:53:26,024 [5e8b1818-5304-4881-9e46-c74e35e46625-groupManagement] INFO  server.RaftServerConfigKeys (ConfUtils.java:logGet(46)) - raft.server.rpc.slowness.timeout = 300s (custom)
2023-09-07 04:53:26,024 [5e8b1818-5304-4881-9e46-c74e35e46625-groupManagement] INFO  server.RaftServerConfigKeys (ConfUtils.java:logGet(46)) - raft.server.leaderelection.leader.step-down.wait-time = 10s (default)
2023-09-07 04:53:26,024 [5e8b1818-5304-4881-9e46-c74e35e46625-groupManagement] INFO  server.RaftServerConfigKeys (ConfUtils.java:logGet(46)) - raft.server.sleep.deviation.threshold = 300ms (default)
2023-09-07 04:53:26,024 [5e8b1818-5304-4881-9e46-c74e35e46625-groupManagement] INFO  server.RaftServer$Division (ServerState.java:<init>(120)) - 5e8b1818-5304-4881-9e46-c74e35e46625@group-49D8FE676E39: ConfigurationManager, init=-1: peers:[87043b48-aa73-4006-a4ab-d1e7624806a9|rpc:10.1.0.9:15182|admin:10.1.0.9:15181|client:10.1.0.9:15180|dataStream:10.1.0.9:15183|priority:0|startupRole:FOLLOWER, 5e8b1818-5304-4881-9e46-c74e35e46625|rpc:10.1.0.9:15191|admin:10.1.0.9:15190|client:10.1.0.9:15189|dataStream:10.1.0.9:15192|priority:0|startupRole:FOLLOWER, c2ff68ec-fb8c-48a5-8338-8b04228d05a1|rpc:10.1.0.9:15173|admin:10.1.0.9:15172|client:10.1.0.9:15171|dataStream:10.1.0.9:15174|priority:1|startupRole:FOLLOWER]|listeners:[], old=null, confs=<EMPTY_MAP>
2023-09-07 04:53:26,024 [5e8b1818-5304-4881-9e46-c74e35e46625-groupManagement] INFO  server.RaftServerConfigKeys (ConfUtils.java:logGet(46)) - raft.server.storage.dir = [/home/runner/work/ozone/ozone/hadoop-ozone/integration-test/target/test-dir/MiniOzoneClusterImpl-91ddfec9-c3c1-434b-8c78-5e40d1aa2819/datanode-2/data/ratis] (custom)
2023-09-07 04:53:26,024 [5e8b1818-5304-4881-9e46-c74e35e46625-groupManagement] INFO  server.RaftServerConfigKeys (ConfUtils.java:logGet(46)) - raft.server.log.corruption.policy = EXCEPTION (default)
2023-09-07 04:53:26,024 [5e8b1818-5304-4881-9e46-c74e35e46625-groupManagement] INFO  server.RaftServerConfigKeys (ConfUtils.java:logGet(46)) - raft.server.storage.free-space.min = 0MB (=0) (default)
2023-09-07 04:53:26,024 [5e8b1818-5304-4881-9e46-c74e35e46625-groupManagement] INFO  server.RaftServerConfigKeys (ConfUtils.java:logGet(46)) - raft.server.notification.no-leader.timeout = 300s (custom)
2023-09-07 04:53:26,024 [5e8b1818-5304-4881-9e46-c74e35e46625-groupManagement] INFO  server.RaftServerConfigKeys (ConfUtils.java:logGet(46)) - raft.server.read.timeout = 10s (default)
2023-09-07 04:53:26,025 [5e8b1818-5304-4881-9e46-c74e35e46625-groupManagement] INFO  server.RaftServerConfigKeys (ConfUtils.java:logGet(46)) - raft.server.retrycache.expirytime = 600000ms (custom)
2023-09-07 04:53:26,025 [5e8b1818-5304-4881-9e46-c74e35e46625-groupManagement] INFO  server.RaftServerConfigKeys (ConfUtils.java:logGet(46)) - raft.server.retrycache.statistics.expirytime = 100μs (default)
2023-09-07 04:53:26,027 [5e8b1818-5304-4881-9e46-c74e35e46625-groupManagement] INFO  server.RaftServerConfigKeys (ConfUtils.java:logGet(46)) - raft.server.read.option = DEFAULT (default)
2023-09-07 04:53:26,028 [5e8b1818-5304-4881-9e46-c74e35e46625-groupManagement] INFO  server.RaftServerConfigKeys (ConfUtils.java:logGet(46)) - raft.server.rpc.request.timeout = 60s (custom)
2023-09-07 04:53:26,028 [5e8b1818-5304-4881-9e46-c74e35e46625-groupManagement] INFO  server.RaftServerConfigKeys (ConfUtils.java:logGet(46)) - raft.server.log.appender.install.snapshot.enabled = false (custom)
2023-09-07 04:53:26,028 [5e8b1818-5304-4881-9e46-c74e35e46625-groupManagement] INFO  server.RaftServerConfigKeys (ConfUtils.java:logGet(46)) - raft.server.threadpool.server.cached = true (default)
2023-09-07 04:53:26,028 [5e8b1818-5304-4881-9e46-c74e35e46625-groupManagement] INFO  server.RaftServerConfigKeys (ConfUtils.java:logGet(46)) - raft.server.threadpool.server.size = 0 (default)
2023-09-07 04:53:26,028 [5e8b1818-5304-4881-9e46-c74e35e46625-groupManagement] INFO  server.RaftServerConfigKeys (ConfUtils.java:logGet(46)) - raft.server.threadpool.client.cached = true (default)
2023-09-07 04:53:26,028 [5e8b1818-5304-4881-9e46-c74e35e46625-groupManagement] INFO  server.RaftServerConfigKeys (ConfUtils.java:logGet(46)) - raft.server.threadpool.client.size = 0 (default)
2023-09-07 04:53:26,028 [5e8b1818-5304-4881-9e46-c74e35e46625-groupManagement] INFO  storage.RaftStorageDirectory (RaftStorageDirectoryImpl.java:analyzeStorage(137)) - The storage directory /home/runner/work/ozone/ozone/hadoop-ozone/integration-test/target/test-dir/MiniOzoneClusterImpl-91ddfec9-c3c1-434b-8c78-5e40d1aa2819/datanode-2/data/ratis/0537529e-a2ae-4539-a878-49d8fe676e39 does not exist. Creating ...
2023-09-07 04:53:26,029 [5e8b1818-5304-4881-9e46-c74e35e46625-groupManagement] INFO  storage.RaftStorageDirectory (RaftStorageDirectoryImpl.java:tryLock(231)) - Lock on /home/runner/work/ozone/ozone/hadoop-ozone/integration-test/target/test-dir/MiniOzoneClusterImpl-91ddfec9-c3c1-434b-8c78-5e40d1aa2819/datanode-2/data/ratis/0537529e-a2ae-4539-a878-49d8fe676e39/in_use.lock acquired by nodename 7593@fv-az163-854
2023-09-07 04:53:26,031 [5e8b1818-5304-4881-9e46-c74e35e46625-groupManagement] INFO  storage.RaftStorage (RaftStorageImpl.java:format(96)) - Storage directory /home/runner/work/ozone/ozone/hadoop-ozone/integration-test/target/test-dir/MiniOzoneClusterImpl-91ddfec9-c3c1-434b-8c78-5e40d1aa2819/datanode-2/data/ratis/0537529e-a2ae-4539-a878-49d8fe676e39 has been successfully formatted.
2023-09-07 04:53:26,032 [5e8b1818-5304-4881-9e46-c74e35e46625-groupManagement] INFO  ratis.ContainerStateMachine (ContainerStateMachine.java:loadSnapshot(262)) - group-49D8FE676E39: The snapshot info is null. Setting the last applied indexto:(t:0, i:~)
2023-09-07 04:53:26,032 [5e8b1818-5304-4881-9e46-c74e35e46625-groupManagement] INFO  server.RaftServerConfigKeys (ConfUtils.java:logGet(46)) - raft.server.log.use.memory = false (default)
2023-09-07 04:53:26,032 [5e8b1818-5304-4881-9e46-c74e35e46625-groupManagement] INFO  server.RaftServerConfigKeys (ConfUtils.java:logGet(46)) - raft.server.log.purge.gap = 1000000 (custom)
2023-09-07 04:53:26,032 [5e8b1818-5304-4881-9e46-c74e35e46625-groupManagement] INFO  server.RaftServerConfigKeys (ConfUtils.java:logGet(46)) - raft.server.log.appender.buffer.byte-limit = 33554432 (custom)
2023-09-07 04:53:26,032 [5e8b1818-5304-4881-9e46-c74e35e46625-groupManagement] INFO  server.RaftServerConfigKeys (ConfUtils.java:logGet(46)) - raft.server.log.statemachine.data.read.timeout = 1000ms (default)
2023-09-07 04:53:26,032 [5e8b1818-5304-4881-9e46-c74e35e46625-groupManagement] INFO  server.RaftServerConfigKeys (ConfUtils.java:logGet(46)) - raft.server.log.purge.preservation.log.num = 0 (default)
2023-09-07 04:53:26,033 [5e8b1818-5304-4881-9e46-c74e35e46625-groupManagement] INFO  server.RaftServerConfigKeys (ConfUtils.java:logGet(46)) - raft.server.log.segment.size.max = 1048576 (custom)
2023-09-07 04:53:26,033 [5e8b1818-5304-4881-9e46-c74e35e46625-groupManagement] INFO  server.RaftServerConfigKeys (ConfUtils.java:logGet(46)) - raft.server.log.segment.cache.num.max = 2 (custom)
2023-09-07 04:53:26,033 [5e8b1818-5304-4881-9e46-c74e35e46625-groupManagement] INFO  server.RaftServerConfigKeys (ConfUtils.java:logGet(46)) - raft.server.log.segment.cache.size.max = 200MB (=209715200) (default)
2023-09-07 04:53:26,033 [5e8b1818-5304-4881-9e46-c74e35e46625-groupManagement] INFO  server.RaftServerConfigKeys (ConfUtils.java:logGet(46)) - raft.server.log.appender.buffer.byte-limit = 33554432 (custom)
2023-09-07 04:53:26,033 [5e8b1818-5304-4881-9e46-c74e35e46625-groupManagement] INFO  segmented.SegmentedRaftLogWorker (SegmentedRaftLogWorker.java:<init>(188)) - new 5e8b1818-5304-4881-9e46-c74e35e46625@group-49D8FE676E39-SegmentedRaftLogWorker for RaftStorageImpl:Storage Directory /home/runner/work/ozone/ozone/hadoop-ozone/integration-test/target/test-dir/MiniOzoneClusterImpl-91ddfec9-c3c1-434b-8c78-5e40d1aa2819/datanode-2/data/ratis/0537529e-a2ae-4539-a878-49d8fe676e39
2023-09-07 04:53:26,033 [5e8b1818-5304-4881-9e46-c74e35e46625-groupManagement] INFO  server.RaftServerConfigKeys (ConfUtils.java:logGet(46)) - raft.server.log.queue.byte-limit = 4294967296 (custom)
2023-09-07 04:53:26,033 [5e8b1818-5304-4881-9e46-c74e35e46625-groupManagement] INFO  server.RaftServerConfigKeys (ConfUtils.java:logGet(46)) - raft.server.log.queue.element-limit = 1024 (custom)
2023-09-07 04:53:26,033 [5e8b1818-5304-4881-9e46-c74e35e46625-groupManagement] INFO  server.RaftServerConfigKeys (ConfUtils.java:logGet(46)) - raft.server.log.segment.size.max = 1048576 (custom)
2023-09-07 04:53:26,033 [5e8b1818-5304-4881-9e46-c74e35e46625-groupManagement] INFO  server.RaftServerConfigKeys (ConfUtils.java:logGet(46)) - raft.server.log.preallocated.size = 16384 (custom)
2023-09-07 04:53:26,033 [5e8b1818-5304-4881-9e46-c74e35e46625-groupManagement] INFO  server.RaftServerConfigKeys (ConfUtils.java:logGet(46)) - raft.server.log.force.sync.num = 128 (default)
2023-09-07 04:53:26,033 [5e8b1818-5304-4881-9e46-c74e35e46625-groupManagement] INFO  server.RaftServerConfigKeys (ConfUtils.java:logGet(46)) - raft.server.log.statemachine.data.sync = true (default)
2023-09-07 04:53:26,033 [5e8b1818-5304-4881-9e46-c74e35e46625-groupManagement] INFO  server.RaftServerConfigKeys (ConfUtils.java:logGet(46)) - raft.server.log.statemachine.data.sync.timeout = 10s (default)
2023-09-07 04:53:26,033 [5e8b1818-5304-4881-9e46-c74e35e46625-groupManagement] INFO  server.RaftServerConfigKeys (ConfUtils.java:logGet(46)) - raft.server.log.statemachine.data.sync.timeout.retry = -1 (default)
2023-09-07 04:53:26,034 [5e8b1818-5304-4881-9e46-c74e35e46625-groupManagement] INFO  server.RaftServerConfigKeys (ConfUtils.java:logGet(46)) - raft.server.log.write.buffer.size = 1048576 (custom)
2023-09-07 04:53:26,035 [5e8b1818-5304-4881-9e46-c74e35e46625-groupManagement] INFO  server.RaftServerConfigKeys (ConfUtils.java:logGet(46)) - raft.server.log.appender.buffer.byte-limit = 33554432 (custom)
2023-09-07 04:53:26,042 [5e8b1818-5304-4881-9e46-c74e35e46625-groupManagement] INFO  server.RaftServerConfigKeys (ConfUtils.java:logGet(46)) - raft.server.log.unsafe-flush.enabled = false (default)
2023-09-07 04:53:26,042 [5e8b1818-5304-4881-9e46-c74e35e46625-groupManagement] INFO  server.RaftServerConfigKeys (ConfUtils.java:logGet(46)) - raft.server.log.async-flush.enabled = false (default)
2023-09-07 04:53:26,042 [5e8b1818-5304-4881-9e46-c74e35e46625-groupManagement] INFO  server.RaftServerConfigKeys (ConfUtils.java:logGet(46)) - raft.server.log.statemachine.data.caching.enabled = true (custom)
2023-09-07 04:53:26,043 [5e8b1818-5304-4881-9e46-c74e35e46625-groupManagement] INFO  segmented.SegmentedRaftLogWorker (SegmentedRaftLogWorker.java:lambda$new$0(135)) - 5e8b1818-5304-4881-9e46-c74e35e46625@group-49D8FE676E39-SegmentedRaftLogWorker: flushIndex: setUnconditionally 0 -> -1
2023-09-07 04:53:26,043 [5e8b1818-5304-4881-9e46-c74e35e46625-groupManagement] INFO  segmented.SegmentedRaftLogWorker (SegmentedRaftLogWorker.java:lambda$new$0(135)) - 5e8b1818-5304-4881-9e46-c74e35e46625@group-49D8FE676E39-SegmentedRaftLogWorker: safeCacheEvictIndex: setUnconditionally 0 -> -1
2023-09-07 04:53:26,043 [5e8b1818-5304-4881-9e46-c74e35e46625-groupManagement] INFO  server.RaftServer$Division (RaftServerImpl.java:start(342)) - 5e8b1818-5304-4881-9e46-c74e35e46625@group-49D8FE676E39: start as a follower, conf=-1: peers:[87043b48-aa73-4006-a4ab-d1e7624806a9|rpc:10.1.0.9:15182|admin:10.1.0.9:15181|client:10.1.0.9:15180|dataStream:10.1.0.9:15183|priority:0|startupRole:FOLLOWER, 5e8b1818-5304-4881-9e46-c74e35e46625|rpc:10.1.0.9:15191|admin:10.1.0.9:15190|client:10.1.0.9:15189|dataStream:10.1.0.9:15192|priority:0|startupRole:FOLLOWER, c2ff68ec-fb8c-48a5-8338-8b04228d05a1|rpc:10.1.0.9:15173|admin:10.1.0.9:15172|client:10.1.0.9:15171|dataStream:10.1.0.9:15174|priority:1|startupRole:FOLLOWER]|listeners:[], old=null
2023-09-07 04:53:26,043 [5e8b1818-5304-4881-9e46-c74e35e46625-groupManagement] INFO  server.RaftServer$Division (RaftServerImpl.java:setRole(329)) - 5e8b1818-5304-4881-9e46-c74e35e46625@group-49D8FE676E39: changes role from      null to FOLLOWER at term 0 for startAsFollower
2023-09-07 04:53:26,043 [5e8b1818-5304-4881-9e46-c74e35e46625-groupManagement] INFO  impl.RoleInfo (RoleInfo.java:updateAndGet(139)) - 5e8b1818-5304-4881-9e46-c74e35e46625: start 5e8b1818-5304-4881-9e46-c74e35e46625@group-49D8FE676E39-FollowerState
2023-09-07 04:53:26,044 [5e8b1818-5304-4881-9e46-c74e35e46625-groupManagement] INFO  util.JmxRegister (JmxRegister.java:tryRegister(44)) - Successfully registered JMX Bean with object name Ratis:service=RaftServer,group=group-49D8FE676E39,id=5e8b1818-5304-4881-9e46-c74e35e46625
2023-09-07 04:53:26,044 [5e8b1818-5304-4881-9e46-c74e35e46625-groupManagement] INFO  server.RaftServerConfigKeys (ConfUtils.java:logGet(46)) - raft.server.snapshot.auto.trigger.enabled = true (custom)
2023-09-07 04:53:26,044 [5e8b1818-5304-4881-9e46-c74e35e46625@group-49D8FE676E39-FollowerState] INFO  server.RaftServerConfigKeys (ConfUtils.java:logFallback(53)) - raft.server.rpc.first-election.timeout.min = 5s (fallback to raft.server.rpc.timeout.min)
2023-09-07 04:53:26,044 [5e8b1818-5304-4881-9e46-c74e35e46625-groupManagement] INFO  server.RaftServerConfigKeys (ConfUtils.java:logGet(46)) - raft.server.snapshot.auto.trigger.threshold = 10000 (custom)
2023-09-07 04:53:26,044 [5e8b1818-5304-4881-9e46-c74e35e46625-groupManagement] INFO  server.RaftServerConfigKeys (ConfUtils.java:logGet(46)) - raft.server.snapshot.retention.file.num = 5 (custom)
2023-09-07 04:53:26,044 [5e8b1818-5304-4881-9e46-c74e35e46625@group-49D8FE676E39-FollowerState] INFO  server.RaftServerConfigKeys (ConfUtils.java:logFallback(53)) - raft.server.rpc.first-election.timeout.max = 5200ms (fallback to raft.server.rpc.timeout.max)
2023-09-07 04:53:26,044 [5e8b1818-5304-4881-9e46-c74e35e46625-groupManagement] INFO  server.RaftServerConfigKeys (ConfUtils.java:logGet(46)) - raft.server.log.purge.upto.snapshot.index = false (default)
2023-09-07 04:53:26,056 [PipelineCommandHandlerThread-0] INFO  commandhandler.CreatePipelineCommandHandler (CreatePipelineCommandHandler.java:lambda$handle$2(124)) - Created Pipeline RATIS THREE PipelineID=0537529e-a2ae-4539-a878-49d8fe676e39.
2023-09-07 04:53:26,145 [PipelineCommandHandlerThread-0] INFO  server.RaftServer (RaftServerProxy.java:addNew(98)) - 87043b48-aa73-4006-a4ab-d1e7624806a9: addNew group-F9D26549A2B7:[87043b48-aa73-4006-a4ab-d1e7624806a9|rpc:10.1.0.9:15182|admin:10.1.0.9:15181|client:10.1.0.9:15180|dataStream:10.1.0.9:15183|priority:1|startupRole:FOLLOWER] returns group-F9D26549A2B7:java.util.concurrent.CompletableFuture@3eaebac[Not completed]
2023-09-07 04:53:26,146 [87043b48-aa73-4006-a4ab-d1e7624806a9-groupManagement] INFO  server.RaftServer$Division (RaftServerImpl.java:<init>(198)) - 87043b48-aa73-4006-a4ab-d1e7624806a9: new RaftServerImpl for group-F9D26549A2B7:[87043b48-aa73-4006-a4ab-d1e7624806a9|rpc:10.1.0.9:15182|admin:10.1.0.9:15181|client:10.1.0.9:15180|dataStream:10.1.0.9:15183|priority:1|startupRole:FOLLOWER] with ContainerStateMachine:uninitialized
2023-09-07 04:53:26,146 [87043b48-aa73-4006-a4ab-d1e7624806a9-groupManagement] INFO  server.RaftServerConfigKeys (ConfUtils.java:logGet(46)) - raft.server.rpc.timeout.min = 5s (custom)
2023-09-07 04:53:26,146 [87043b48-aa73-4006-a4ab-d1e7624806a9-groupManagement] INFO  server.RaftServerConfigKeys (ConfUtils.java:logGet(46)) - raft.server.rpc.timeout.max = 5200ms (custom)
2023-09-07 04:53:26,146 [87043b48-aa73-4006-a4ab-d1e7624806a9-groupManagement] INFO  server.RaftServerConfigKeys (ConfUtils.java:logGet(46)) - raft.server.rpc.sleep.time = 25ms (default)
2023-09-07 04:53:26,146 [87043b48-aa73-4006-a4ab-d1e7624806a9-groupManagement] INFO  server.RaftServerConfigKeys (ConfUtils.java:logGet(46)) - raft.server.rpc.slowness.timeout = 300s (custom)
2023-09-07 04:53:26,146 [87043b48-aa73-4006-a4ab-d1e7624806a9-groupManagement] INFO  server.RaftServerConfigKeys (ConfUtils.java:logGet(46)) - raft.server.leaderelection.leader.step-down.wait-time = 10s (default)
2023-09-07 04:53:26,146 [87043b48-aa73-4006-a4ab-d1e7624806a9-groupManagement] INFO  server.RaftServerConfigKeys (ConfUtils.java:logGet(46)) - raft.server.sleep.deviation.threshold = 300ms (default)
2023-09-07 04:53:26,146 [87043b48-aa73-4006-a4ab-d1e7624806a9-groupManagement] INFO  server.RaftServer$Division (ServerState.java:<init>(120)) - 87043b48-aa73-4006-a4ab-d1e7624806a9@group-F9D26549A2B7: ConfigurationManager, init=-1: peers:[87043b48-aa73-4006-a4ab-d1e7624806a9|rpc:10.1.0.9:15182|admin:10.1.0.9:15181|client:10.1.0.9:15180|dataStream:10.1.0.9:15183|priority:1|startupRole:FOLLOWER]|listeners:[], old=null, confs=<EMPTY_MAP>
2023-09-07 04:53:26,146 [87043b48-aa73-4006-a4ab-d1e7624806a9-groupManagement] INFO  server.RaftServerConfigKeys (ConfUtils.java:logGet(46)) - raft.server.storage.dir = [/home/runner/work/ozone/ozone/hadoop-ozone/integration-test/target/test-dir/MiniOzoneClusterImpl-91ddfec9-c3c1-434b-8c78-5e40d1aa2819/datanode-1/data/ratis] (custom)
2023-09-07 04:53:26,147 [87043b48-aa73-4006-a4ab-d1e7624806a9-groupManagement] INFO  server.RaftServerConfigKeys (ConfUtils.java:logGet(46)) - raft.server.log.corruption.policy = EXCEPTION (default)
2023-09-07 04:53:26,147 [87043b48-aa73-4006-a4ab-d1e7624806a9-groupManagement] INFO  server.RaftServerConfigKeys (ConfUtils.java:logGet(46)) - raft.server.storage.free-space.min = 0MB (=0) (default)
2023-09-07 04:53:26,147 [87043b48-aa73-4006-a4ab-d1e7624806a9-groupManagement] INFO  server.RaftServerConfigKeys (ConfUtils.java:logGet(46)) - raft.server.notification.no-leader.timeout = 300s (custom)
2023-09-07 04:53:26,147 [87043b48-aa73-4006-a4ab-d1e7624806a9-groupManagement] INFO  server.RaftServerConfigKeys (ConfUtils.java:logGet(46)) - raft.server.read.timeout = 10s (default)
2023-09-07 04:53:26,147 [87043b48-aa73-4006-a4ab-d1e7624806a9-groupManagement] INFO  server.RaftServerConfigKeys (ConfUtils.java:logGet(46)) - raft.server.retrycache.expirytime = 600000ms (custom)
2023-09-07 04:53:26,147 [87043b48-aa73-4006-a4ab-d1e7624806a9-groupManagement] INFO  server.RaftServerConfigKeys (ConfUtils.java:logGet(46)) - raft.server.retrycache.statistics.expirytime = 100μs (default)
2023-09-07 04:53:26,148 [87043b48-aa73-4006-a4ab-d1e7624806a9-groupManagement] INFO  server.RaftServerConfigKeys (ConfUtils.java:logGet(46)) - raft.server.read.option = DEFAULT (default)
2023-09-07 04:53:26,148 [87043b48-aa73-4006-a4ab-d1e7624806a9-groupManagement] INFO  server.RaftServerConfigKeys (ConfUtils.java:logGet(46)) - raft.server.rpc.request.timeout = 60s (custom)
2023-09-07 04:53:26,148 [87043b48-aa73-4006-a4ab-d1e7624806a9-groupManagement] INFO  server.RaftServerConfigKeys (ConfUtils.java:logGet(46)) - raft.server.log.appender.install.snapshot.enabled = false (custom)
2023-09-07 04:53:26,149 [87043b48-aa73-4006-a4ab-d1e7624806a9-groupManagement] INFO  server.RaftServerConfigKeys (ConfUtils.java:logGet(46)) - raft.server.threadpool.server.cached = true (default)
2023-09-07 04:53:26,149 [87043b48-aa73-4006-a4ab-d1e7624806a9-groupManagement] INFO  server.RaftServerConfigKeys (ConfUtils.java:logGet(46)) - raft.server.threadpool.server.size = 0 (default)
2023-09-07 04:53:26,149 [87043b48-aa73-4006-a4ab-d1e7624806a9-groupManagement] INFO  server.RaftServerConfigKeys (ConfUtils.java:logGet(46)) - raft.server.threadpool.client.cached = true (default)
2023-09-07 04:53:26,149 [87043b48-aa73-4006-a4ab-d1e7624806a9-groupManagement] INFO  server.RaftServerConfigKeys (ConfUtils.java:logGet(46)) - raft.server.threadpool.client.size = 0 (default)
2023-09-07 04:53:26,149 [87043b48-aa73-4006-a4ab-d1e7624806a9-groupManagement] INFO  storage.RaftStorageDirectory (RaftStorageDirectoryImpl.java:analyzeStorage(137)) - The storage directory /home/runner/work/ozone/ozone/hadoop-ozone/integration-test/target/test-dir/MiniOzoneClusterImpl-91ddfec9-c3c1-434b-8c78-5e40d1aa2819/datanode-1/data/ratis/8d8619fe-a78d-4aff-a664-f9d26549a2b7 does not exist. Creating ...
2023-09-07 04:53:26,156 [87043b48-aa73-4006-a4ab-d1e7624806a9-groupManagement] INFO  storage.RaftStorageDirectory (RaftStorageDirectoryImpl.java:tryLock(231)) - Lock on /home/runner/work/ozone/ozone/hadoop-ozone/integration-test/target/test-dir/MiniOzoneClusterImpl-91ddfec9-c3c1-434b-8c78-5e40d1aa2819/datanode-1/data/ratis/8d8619fe-a78d-4aff-a664-f9d26549a2b7/in_use.lock acquired by nodename 7593@fv-az163-854
2023-09-07 04:53:26,158 [87043b48-aa73-4006-a4ab-d1e7624806a9-groupManagement] INFO  storage.RaftStorage (RaftStorageImpl.java:format(96)) - Storage directory /home/runner/work/ozone/ozone/hadoop-ozone/integration-test/target/test-dir/MiniOzoneClusterImpl-91ddfec9-c3c1-434b-8c78-5e40d1aa2819/datanode-1/data/ratis/8d8619fe-a78d-4aff-a664-f9d26549a2b7 has been successfully formatted.
2023-09-07 04:53:26,160 [87043b48-aa73-4006-a4ab-d1e7624806a9-groupManagement] INFO  ratis.ContainerStateMachine (ContainerStateMachine.java:loadSnapshot(262)) - group-F9D26549A2B7: The snapshot info is null. Setting the last applied indexto:(t:0, i:~)
2023-09-07 04:53:26,160 [87043b48-aa73-4006-a4ab-d1e7624806a9-groupManagement] INFO  server.RaftServerConfigKeys (ConfUtils.java:logGet(46)) - raft.server.log.use.memory = false (default)
2023-09-07 04:53:26,160 [87043b48-aa73-4006-a4ab-d1e7624806a9-groupManagement] INFO  server.RaftServerConfigKeys (ConfUtils.java:logGet(46)) - raft.server.log.purge.gap = 1000000 (custom)
2023-09-07 04:53:26,160 [87043b48-aa73-4006-a4ab-d1e7624806a9-groupManagement] INFO  server.RaftServerConfigKeys (ConfUtils.java:logGet(46)) - raft.server.log.appender.buffer.byte-limit = 33554432 (custom)
2023-09-07 04:53:26,161 [87043b48-aa73-4006-a4ab-d1e7624806a9-groupManagement] INFO  server.RaftServerConfigKeys (ConfUtils.java:logGet(46)) - raft.server.log.statemachine.data.read.timeout = 1000ms (default)
2023-09-07 04:53:26,161 [87043b48-aa73-4006-a4ab-d1e7624806a9-groupManagement] INFO  server.RaftServerConfigKeys (ConfUtils.java:logGet(46)) - raft.server.log.purge.preservation.log.num = 0 (default)
2023-09-07 04:53:26,162 [87043b48-aa73-4006-a4ab-d1e7624806a9-groupManagement] INFO  server.RaftServerConfigKeys (ConfUtils.java:logGet(46)) - raft.server.log.segment.size.max = 1048576 (custom)
2023-09-07 04:53:26,163 [87043b48-aa73-4006-a4ab-d1e7624806a9-groupManagement] INFO  server.RaftServerConfigKeys (ConfUtils.java:logGet(46)) - raft.server.log.segment.cache.num.max = 2 (custom)
2023-09-07 04:53:26,163 [87043b48-aa73-4006-a4ab-d1e7624806a9-groupManagement] INFO  server.RaftServerConfigKeys (ConfUtils.java:logGet(46)) - raft.server.log.segment.cache.size.max = 200MB (=209715200) (default)
2023-09-07 04:53:26,163 [87043b48-aa73-4006-a4ab-d1e7624806a9-groupManagement] INFO  server.RaftServerConfigKeys (ConfUtils.java:logGet(46)) - raft.server.log.appender.buffer.byte-limit = 33554432 (custom)
2023-09-07 04:53:26,163 [87043b48-aa73-4006-a4ab-d1e7624806a9-groupManagement] INFO  segmented.SegmentedRaftLogWorker (SegmentedRaftLogWorker.java:<init>(188)) - new 87043b48-aa73-4006-a4ab-d1e7624806a9@group-F9D26549A2B7-SegmentedRaftLogWorker for RaftStorageImpl:Storage Directory /home/runner/work/ozone/ozone/hadoop-ozone/integration-test/target/test-dir/MiniOzoneClusterImpl-91ddfec9-c3c1-434b-8c78-5e40d1aa2819/datanode-1/data/ratis/8d8619fe-a78d-4aff-a664-f9d26549a2b7
2023-09-07 04:53:26,163 [87043b48-aa73-4006-a4ab-d1e7624806a9-groupManagement] INFO  server.RaftServerConfigKeys (ConfUtils.java:logGet(46)) - raft.server.log.queue.byte-limit = 4294967296 (custom)
2023-09-07 04:53:26,163 [87043b48-aa73-4006-a4ab-d1e7624806a9-groupManagement] INFO  server.RaftServerConfigKeys (ConfUtils.java:logGet(46)) - raft.server.log.queue.element-limit = 1024 (custom)
2023-09-07 04:53:26,163 [EventQueue-PipelineReportForPipelineReportHandler] INFO  pipeline.PipelineReportHandler (PipelineReportHandler.java:processPipelineReport(136)) - Opened pipeline PipelineID=8d8619fe-a78d-4aff-a664-f9d26549a2b7
2023-09-07 04:53:26,163 [87043b48-aa73-4006-a4ab-d1e7624806a9-groupManagement] INFO  server.RaftServerConfigKeys (ConfUtils.java:logGet(46)) - raft.server.log.segment.size.max = 1048576 (custom)
2023-09-07 04:53:26,163 [EventQueue-OpenPipelineForHealthyPipelineSafeModeRule] INFO  safemode.SCMSafeModeManager (HealthyPipelineSafeModeRule.java:process(137)) - SCM in safe mode. Healthy pipelines reported count is 0, required healthy pipeline reported count is 1
2023-09-07 04:53:26,163 [87043b48-aa73-4006-a4ab-d1e7624806a9-groupManagement] INFO  server.RaftServerConfigKeys (ConfUtils.java:logGet(46)) - raft.server.log.preallocated.size = 16384 (custom)
2023-09-07 04:53:26,163 [87043b48-aa73-4006-a4ab-d1e7624806a9-groupManagement] INFO  server.RaftServerConfigKeys (ConfUtils.java:logGet(46)) - raft.server.log.force.sync.num = 128 (default)
2023-09-07 04:53:26,164 [87043b48-aa73-4006-a4ab-d1e7624806a9-groupManagement] INFO  server.RaftServerConfigKeys (ConfUtils.java:logGet(46)) - raft.server.log.statemachine.data.sync = true (default)
2023-09-07 04:53:26,164 [87043b48-aa73-4006-a4ab-d1e7624806a9-groupManagement] INFO  server.RaftServerConfigKeys (ConfUtils.java:logGet(46)) - raft.server.log.statemachine.data.sync.timeout = 10s (default)
2023-09-07 04:53:26,164 [87043b48-aa73-4006-a4ab-d1e7624806a9-groupManagement] INFO  server.RaftServerConfigKeys (ConfUtils.java:logGet(46)) - raft.server.log.statemachine.data.sync.timeout.retry = -1 (default)
2023-09-07 04:53:26,164 [87043b48-aa73-4006-a4ab-d1e7624806a9-groupManagement] INFO  server.RaftServerConfigKeys (ConfUtils.java:logGet(46)) - raft.server.log.write.buffer.size = 1048576 (custom)
2023-09-07 04:53:26,165 [87043b48-aa73-4006-a4ab-d1e7624806a9-groupManagement] INFO  server.RaftServerConfigKeys (ConfUtils.java:logGet(46)) - raft.server.log.appender.buffer.byte-limit = 33554432 (custom)
2023-09-07 04:53:26,214 [87043b48-aa73-4006-a4ab-d1e7624806a9-groupManagement] INFO  server.RaftServerConfigKeys (ConfUtils.java:logGet(46)) - raft.server.log.unsafe-flush.enabled = false (default)
2023-09-07 04:53:26,223 [87043b48-aa73-4006-a4ab-d1e7624806a9-groupManagement] INFO  server.RaftServerConfigKeys (ConfUtils.java:logGet(46)) - raft.server.log.async-flush.enabled = false (default)
2023-09-07 04:53:26,223 [87043b48-aa73-4006-a4ab-d1e7624806a9-groupManagement] INFO  server.RaftServerConfigKeys (ConfUtils.java:logGet(46)) - raft.server.log.statemachine.data.caching.enabled = true (custom)
2023-09-07 04:53:26,224 [87043b48-aa73-4006-a4ab-d1e7624806a9-groupManagement] INFO  segmented.SegmentedRaftLogWorker (SegmentedRaftLogWorker.java:lambda$new$0(135)) - 87043b48-aa73-4006-a4ab-d1e7624806a9@group-F9D26549A2B7-SegmentedRaftLogWorker: flushIndex: setUnconditionally 0 -> -1
2023-09-07 04:53:26,224 [87043b48-aa73-4006-a4ab-d1e7624806a9-groupManagement] INFO  segmented.SegmentedRaftLogWorker (SegmentedRaftLogWorker.java:lambda$new$0(135)) - 87043b48-aa73-4006-a4ab-d1e7624806a9@group-F9D26549A2B7-SegmentedRaftLogWorker: safeCacheEvictIndex: setUnconditionally 0 -> -1
2023-09-07 04:53:26,224 [main] INFO  ozone.MiniOzoneClusterImpl (MiniOzoneClusterImpl.java:lambda$waitForClusterToBeReady$0(224)) - Nodes are ready. Got 5 of 5 DN Heartbeats.
2023-09-07 04:53:26,224 [main] INFO  ozone.MiniOzoneClusterImpl (MiniOzoneClusterImpl.java:lambda$waitForClusterToBeReady$0(227)) - Waiting for cluster to exit safe mode
2023-09-07 04:53:26,224 [main] INFO  ozone.MiniOzoneClusterImpl (MiniOzoneClusterImpl.java:lambda$waitForClusterToBeReady$0(229)) - SCM became leader
2023-09-07 04:53:26,224 [87043b48-aa73-4006-a4ab-d1e7624806a9-groupManagement] INFO  server.RaftServer$Division (RaftServerImpl.java:start(342)) - 87043b48-aa73-4006-a4ab-d1e7624806a9@group-F9D26549A2B7: start as a follower, conf=-1: peers:[87043b48-aa73-4006-a4ab-d1e7624806a9|rpc:10.1.0.9:15182|admin:10.1.0.9:15181|client:10.1.0.9:15180|dataStream:10.1.0.9:15183|priority:1|startupRole:FOLLOWER]|listeners:[], old=null
2023-09-07 04:53:26,224 [87043b48-aa73-4006-a4ab-d1e7624806a9-groupManagement] INFO  server.RaftServer$Division (RaftServerImpl.java:setRole(329)) - 87043b48-aa73-4006-a4ab-d1e7624806a9@group-F9D26549A2B7: changes role from      null to FOLLOWER at term 0 for startAsFollower
2023-09-07 04:53:26,225 [87043b48-aa73-4006-a4ab-d1e7624806a9-groupManagement] INFO  impl.RoleInfo (RoleInfo.java:updateAndGet(139)) - 87043b48-aa73-4006-a4ab-d1e7624806a9: start 87043b48-aa73-4006-a4ab-d1e7624806a9@group-F9D26549A2B7-FollowerState
2023-09-07 04:53:26,232 [87043b48-aa73-4006-a4ab-d1e7624806a9-groupManagement] INFO  util.JmxRegister (JmxRegister.java:tryRegister(44)) - Successfully registered JMX Bean with object name Ratis:service=RaftServer,group=group-F9D26549A2B7,id=87043b48-aa73-4006-a4ab-d1e7624806a9
2023-09-07 04:53:26,232 [87043b48-aa73-4006-a4ab-d1e7624806a9-groupManagement] INFO  server.RaftServerConfigKeys (ConfUtils.java:logGet(46)) - raft.server.snapshot.auto.trigger.enabled = true (custom)
2023-09-07 04:53:26,232 [87043b48-aa73-4006-a4ab-d1e7624806a9-groupManagement] INFO  server.RaftServerConfigKeys (ConfUtils.java:logGet(46)) - raft.server.snapshot.auto.trigger.threshold = 10000 (custom)
2023-09-07 04:53:26,232 [87043b48-aa73-4006-a4ab-d1e7624806a9-groupManagement] INFO  server.RaftServerConfigKeys (ConfUtils.java:logGet(46)) - raft.server.snapshot.retention.file.num = 5 (custom)
2023-09-07 04:53:26,232 [87043b48-aa73-4006-a4ab-d1e7624806a9-groupManagement] INFO  server.RaftServerConfigKeys (ConfUtils.java:logGet(46)) - raft.server.log.purge.upto.snapshot.index = false (default)
2023-09-07 04:53:26,232 [PipelineCommandHandlerThread-0] INFO  ratis.XceiverServerRatis (XceiverServerRatis.java:addGroup(804)) - Created group PipelineID=8d8619fe-a78d-4aff-a664-f9d26549a2b7
2023-09-07 04:53:26,233 [PipelineCommandHandlerThread-0] INFO  commandhandler.CreatePipelineCommandHandler (CreatePipelineCommandHandler.java:lambda$handle$2(124)) - Created Pipeline RATIS ONE PipelineID=8d8619fe-a78d-4aff-a664-f9d26549a2b7.
2023-09-07 04:53:26,234 [87043b48-aa73-4006-a4ab-d1e7624806a9@group-F9D26549A2B7-FollowerState] INFO  server.RaftServerConfigKeys (ConfUtils.java:logFallback(53)) - raft.server.rpc.first-election.timeout.min = 5s (fallback to raft.server.rpc.timeout.min)
2023-09-07 04:53:26,234 [87043b48-aa73-4006-a4ab-d1e7624806a9@group-F9D26549A2B7-FollowerState] INFO  server.RaftServerConfigKeys (ConfUtils.java:logFallback(53)) - raft.server.rpc.first-election.timeout.max = 5200ms (fallback to raft.server.rpc.timeout.max)
2023-09-07 04:53:26,526 [PipelineCommandHandlerThread-0] INFO  server.RaftServer (RaftServerProxy.java:addNew(98)) - 5e8b1818-5304-4881-9e46-c74e35e46625: addNew group-B1977D1C949C:[5e8b1818-5304-4881-9e46-c74e35e46625|rpc:10.1.0.9:15191|admin:10.1.0.9:15190|client:10.1.0.9:15189|dataStream:10.1.0.9:15192|priority:1|startupRole:FOLLOWER] returns group-B1977D1C949C:java.util.concurrent.CompletableFuture@65d22af6[Not completed]
2023-09-07 04:53:26,527 [5e8b1818-5304-4881-9e46-c74e35e46625-groupManagement] INFO  server.RaftServer$Division (RaftServerImpl.java:<init>(198)) - 5e8b1818-5304-4881-9e46-c74e35e46625: new RaftServerImpl for group-B1977D1C949C:[5e8b1818-5304-4881-9e46-c74e35e46625|rpc:10.1.0.9:15191|admin:10.1.0.9:15190|client:10.1.0.9:15189|dataStream:10.1.0.9:15192|priority:1|startupRole:FOLLOWER] with ContainerStateMachine:uninitialized
2023-09-07 04:53:26,527 [5e8b1818-5304-4881-9e46-c74e35e46625-groupManagement] INFO  server.RaftServerConfigKeys (ConfUtils.java:logGet(46)) - raft.server.rpc.timeout.min = 5s (custom)
2023-09-07 04:53:26,527 [5e8b1818-5304-4881-9e46-c74e35e46625-groupManagement] INFO  server.RaftServerConfigKeys (ConfUtils.java:logGet(46)) - raft.server.rpc.timeout.max = 5200ms (custom)
2023-09-07 04:53:26,527 [5e8b1818-5304-4881-9e46-c74e35e46625-groupManagement] INFO  server.RaftServerConfigKeys (ConfUtils.java:logGet(46)) - raft.server.rpc.sleep.time = 25ms (default)
2023-09-07 04:53:26,527 [5e8b1818-5304-4881-9e46-c74e35e46625-groupManagement] INFO  server.RaftServerConfigKeys (ConfUtils.java:logGet(46)) - raft.server.rpc.slowness.timeout = 300s (custom)
2023-09-07 04:53:26,527 [5e8b1818-5304-4881-9e46-c74e35e46625-groupManagement] INFO  server.RaftServerConfigKeys (ConfUtils.java:logGet(46)) - raft.server.leaderelection.leader.step-down.wait-time = 10s (default)
2023-09-07 04:53:26,527 [5e8b1818-5304-4881-9e46-c74e35e46625-groupManagement] INFO  server.RaftServerConfigKeys (ConfUtils.java:logGet(46)) - raft.server.sleep.deviation.threshold = 300ms (default)
2023-09-07 04:53:26,527 [5e8b1818-5304-4881-9e46-c74e35e46625-groupManagement] INFO  server.RaftServer$Division (ServerState.java:<init>(120)) - 5e8b1818-5304-4881-9e46-c74e35e46625@group-B1977D1C949C: ConfigurationManager, init=-1: peers:[5e8b1818-5304-4881-9e46-c74e35e46625|rpc:10.1.0.9:15191|admin:10.1.0.9:15190|client:10.1.0.9:15189|dataStream:10.1.0.9:15192|priority:1|startupRole:FOLLOWER]|listeners:[], old=null, confs=<EMPTY_MAP>
2023-09-07 04:53:26,528 [5e8b1818-5304-4881-9e46-c74e35e46625-groupManagement] INFO  server.RaftServerConfigKeys (ConfUtils.java:logGet(46)) - raft.server.storage.dir = [/home/runner/work/ozone/ozone/hadoop-ozone/integration-test/target/test-dir/MiniOzoneClusterImpl-91ddfec9-c3c1-434b-8c78-5e40d1aa2819/datanode-2/data/ratis] (custom)
2023-09-07 04:53:26,528 [5e8b1818-5304-4881-9e46-c74e35e46625-groupManagement] INFO  server.RaftServerConfigKeys (ConfUtils.java:logGet(46)) - raft.server.log.corruption.policy = EXCEPTION (default)
2023-09-07 04:53:26,528 [5e8b1818-5304-4881-9e46-c74e35e46625-groupManagement] INFO  server.RaftServerConfigKeys (ConfUtils.java:logGet(46)) - raft.server.storage.free-space.min = 0MB (=0) (default)
2023-09-07 04:53:26,528 [5e8b1818-5304-4881-9e46-c74e35e46625-groupManagement] INFO  server.RaftServerConfigKeys (ConfUtils.java:logGet(46)) - raft.server.notification.no-leader.timeout = 300s (custom)
2023-09-07 04:53:26,528 [5e8b1818-5304-4881-9e46-c74e35e46625-groupManagement] INFO  server.RaftServerConfigKeys (ConfUtils.java:logGet(46)) - raft.server.read.timeout = 10s (default)
2023-09-07 04:53:26,528 [5e8b1818-5304-4881-9e46-c74e35e46625-groupManagement] INFO  server.RaftServerConfigKeys (ConfUtils.java:logGet(46)) - raft.server.retrycache.expirytime = 600000ms (custom)
2023-09-07 04:53:26,528 [5e8b1818-5304-4881-9e46-c74e35e46625-groupManagement] INFO  server.RaftServerConfigKeys (ConfUtils.java:logGet(46)) - raft.server.retrycache.statistics.expirytime = 100μs (default)
2023-09-07 04:53:26,528 [5e8b1818-5304-4881-9e46-c74e35e46625-groupManagement] INFO  server.RaftServerConfigKeys (ConfUtils.java:logGet(46)) - raft.server.read.option = DEFAULT (default)
2023-09-07 04:53:26,529 [5e8b1818-5304-4881-9e46-c74e35e46625-groupManagement] INFO  server.RaftServerConfigKeys (ConfUtils.java:logGet(46)) - raft.server.rpc.request.timeout = 60s (custom)
2023-09-07 04:53:26,529 [5e8b1818-5304-4881-9e46-c74e35e46625-groupManagement] INFO  server.RaftServerConfigKeys (ConfUtils.java:logGet(46)) - raft.server.log.appender.install.snapshot.enabled = false (custom)
2023-09-07 04:53:26,529 [5e8b1818-5304-4881-9e46-c74e35e46625-groupManagement] INFO  server.RaftServerConfigKeys (ConfUtils.java:logGet(46)) - raft.server.threadpool.server.cached = true (default)
2023-09-07 04:53:26,529 [5e8b1818-5304-4881-9e46-c74e35e46625-groupManagement] INFO  server.RaftServerConfigKeys (ConfUtils.java:logGet(46)) - raft.server.threadpool.server.size = 0 (default)
2023-09-07 04:53:26,529 [5e8b1818-5304-4881-9e46-c74e35e46625-groupManagement] INFO  server.RaftServerConfigKeys (ConfUtils.java:logGet(46)) - raft.server.threadpool.client.cached = true (default)
2023-09-07 04:53:26,529 [5e8b1818-5304-4881-9e46-c74e35e46625-groupManagement] INFO  server.RaftServerConfigKeys (ConfUtils.java:logGet(46)) - raft.server.threadpool.client.size = 0 (default)
2023-09-07 04:53:26,530 [5e8b1818-5304-4881-9e46-c74e35e46625-groupManagement] INFO  storage.RaftStorageDirectory (RaftStorageDirectoryImpl.java:analyzeStorage(137)) - The storage directory /home/runner/work/ozone/ozone/hadoop-ozone/integration-test/target/test-dir/MiniOzoneClusterImpl-91ddfec9-c3c1-434b-8c78-5e40d1aa2819/datanode-2/data/ratis/1af646f2-e9a0-470e-9245-b1977d1c949c does not exist. Creating ...
2023-09-07 04:53:26,531 [5e8b1818-5304-4881-9e46-c74e35e46625-groupManagement] INFO  storage.RaftStorageDirectory (RaftStorageDirectoryImpl.java:tryLock(231)) - Lock on /home/runner/work/ozone/ozone/hadoop-ozone/integration-test/target/test-dir/MiniOzoneClusterImpl-91ddfec9-c3c1-434b-8c78-5e40d1aa2819/datanode-2/data/ratis/1af646f2-e9a0-470e-9245-b1977d1c949c/in_use.lock acquired by nodename 7593@fv-az163-854
2023-09-07 04:53:26,533 [5e8b1818-5304-4881-9e46-c74e35e46625-groupManagement] INFO  storage.RaftStorage (RaftStorageImpl.java:format(96)) - Storage directory /home/runner/work/ozone/ozone/hadoop-ozone/integration-test/target/test-dir/MiniOzoneClusterImpl-91ddfec9-c3c1-434b-8c78-5e40d1aa2819/datanode-2/data/ratis/1af646f2-e9a0-470e-9245-b1977d1c949c has been successfully formatted.
2023-09-07 04:53:26,534 [5e8b1818-5304-4881-9e46-c74e35e46625-groupManagement] INFO  ratis.ContainerStateMachine (ContainerStateMachine.java:loadSnapshot(262)) - group-B1977D1C949C: The snapshot info is null. Setting the last applied indexto:(t:0, i:~)
2023-09-07 04:53:26,534 [5e8b1818-5304-4881-9e46-c74e35e46625-groupManagement] INFO  server.RaftServerConfigKeys (ConfUtils.java:logGet(46)) - raft.server.log.use.memory = false (default)
2023-09-07 04:53:26,534 [5e8b1818-5304-4881-9e46-c74e35e46625-groupManagement] INFO  server.RaftServerConfigKeys (ConfUtils.java:logGet(46)) - raft.server.log.purge.gap = 1000000 (custom)
2023-09-07 04:53:26,534 [5e8b1818-5304-4881-9e46-c74e35e46625-groupManagement] INFO  server.RaftServerConfigKeys (ConfUtils.java:logGet(46)) - raft.server.log.appender.buffer.byte-limit = 33554432 (custom)
2023-09-07 04:53:26,534 [5e8b1818-5304-4881-9e46-c74e35e46625-groupManagement] INFO  server.RaftServerConfigKeys (ConfUtils.java:logGet(46)) - raft.server.log.statemachine.data.read.timeout = 1000ms (default)
2023-09-07 04:53:26,534 [5e8b1818-5304-4881-9e46-c74e35e46625-groupManagement] INFO  server.RaftServerConfigKeys (ConfUtils.java:logGet(46)) - raft.server.log.purge.preservation.log.num = 0 (default)
2023-09-07 04:53:26,534 [5e8b1818-5304-4881-9e46-c74e35e46625-groupManagement] INFO  server.RaftServerConfigKeys (ConfUtils.java:logGet(46)) - raft.server.log.segment.size.max = 1048576 (custom)
2023-09-07 04:53:26,535 [5e8b1818-5304-4881-9e46-c74e35e46625-groupManagement] INFO  server.RaftServerConfigKeys (ConfUtils.java:logGet(46)) - raft.server.log.segment.cache.num.max = 2 (custom)
2023-09-07 04:53:26,535 [5e8b1818-5304-4881-9e46-c74e35e46625-groupManagement] INFO  server.RaftServerConfigKeys (ConfUtils.java:logGet(46)) - raft.server.log.segment.cache.size.max = 200MB (=209715200) (default)
2023-09-07 04:53:26,535 [5e8b1818-5304-4881-9e46-c74e35e46625-groupManagement] INFO  server.RaftServerConfigKeys (ConfUtils.java:logGet(46)) - raft.server.log.appender.buffer.byte-limit = 33554432 (custom)
2023-09-07 04:53:26,535 [5e8b1818-5304-4881-9e46-c74e35e46625-groupManagement] INFO  segmented.SegmentedRaftLogWorker (SegmentedRaftLogWorker.java:<init>(188)) - new 5e8b1818-5304-4881-9e46-c74e35e46625@group-B1977D1C949C-SegmentedRaftLogWorker for RaftStorageImpl:Storage Directory /home/runner/work/ozone/ozone/hadoop-ozone/integration-test/target/test-dir/MiniOzoneClusterImpl-91ddfec9-c3c1-434b-8c78-5e40d1aa2819/datanode-2/data/ratis/1af646f2-e9a0-470e-9245-b1977d1c949c
2023-09-07 04:53:26,535 [5e8b1818-5304-4881-9e46-c74e35e46625-groupManagement] INFO  server.RaftServerConfigKeys (ConfUtils.java:logGet(46)) - raft.server.log.queue.byte-limit = 4294967296 (custom)
2023-09-07 04:53:26,535 [5e8b1818-5304-4881-9e46-c74e35e46625-groupManagement] INFO  server.RaftServerConfigKeys (ConfUtils.java:logGet(46)) - raft.server.log.queue.element-limit = 1024 (custom)
2023-09-07 04:53:26,535 [5e8b1818-5304-4881-9e46-c74e35e46625-groupManagement] INFO  server.RaftServerConfigKeys (ConfUtils.java:logGet(46)) - raft.server.log.segment.size.max = 1048576 (custom)
2023-09-07 04:53:26,535 [5e8b1818-5304-4881-9e46-c74e35e46625-groupManagement] INFO  server.RaftServerConfigKeys (ConfUtils.java:logGet(46)) - raft.server.log.preallocated.size = 16384 (custom)
2023-09-07 04:53:26,535 [5e8b1818-5304-4881-9e46-c74e35e46625-groupManagement] INFO  server.RaftServerConfigKeys (ConfUtils.java:logGet(46)) - raft.server.log.force.sync.num = 128 (default)
2023-09-07 04:53:26,535 [5e8b1818-5304-4881-9e46-c74e35e46625-groupManagement] INFO  server.RaftServerConfigKeys (ConfUtils.java:logGet(46)) - raft.server.log.statemachine.data.sync = true (default)
2023-09-07 04:53:26,535 [5e8b1818-5304-4881-9e46-c74e35e46625-groupManagement] INFO  server.RaftServerConfigKeys (ConfUtils.java:logGet(46)) - raft.server.log.statemachine.data.sync.timeout = 10s (default)
2023-09-07 04:53:26,535 [EventQueue-PipelineReportForPipelineReportHandler] INFO  pipeline.PipelineReportHandler (PipelineReportHandler.java:processPipelineReport(136)) - Opened pipeline PipelineID=1af646f2-e9a0-470e-9245-b1977d1c949c
2023-09-07 04:53:26,535 [5e8b1818-5304-4881-9e46-c74e35e46625-groupManagement] INFO  server.RaftServerConfigKeys (ConfUtils.java:logGet(46)) - raft.server.log.statemachine.data.sync.timeout.retry = -1 (default)
2023-09-07 04:53:26,535 [EventQueue-OpenPipelineForHealthyPipelineSafeModeRule] INFO  safemode.SCMSafeModeManager (HealthyPipelineSafeModeRule.java:process(137)) - SCM in safe mode. Healthy pipelines reported count is 0, required healthy pipeline reported count is 1
2023-09-07 04:53:26,536 [5e8b1818-5304-4881-9e46-c74e35e46625-groupManagement] INFO  server.RaftServerConfigKeys (ConfUtils.java:logGet(46)) - raft.server.log.write.buffer.size = 1048576 (custom)
2023-09-07 04:53:26,537 [5e8b1818-5304-4881-9e46-c74e35e46625-groupManagement] INFO  server.RaftServerConfigKeys (ConfUtils.java:logGet(46)) - raft.server.log.appender.buffer.byte-limit = 33554432 (custom)
2023-09-07 04:53:26,543 [5e8b1818-5304-4881-9e46-c74e35e46625-groupManagement] INFO  server.RaftServerConfigKeys (ConfUtils.java:logGet(46)) - raft.server.log.unsafe-flush.enabled = false (default)
2023-09-07 04:53:26,543 [5e8b1818-5304-4881-9e46-c74e35e46625-groupManagement] INFO  server.RaftServerConfigKeys (ConfUtils.java:logGet(46)) - raft.server.log.async-flush.enabled = false (default)
2023-09-07 04:53:26,543 [5e8b1818-5304-4881-9e46-c74e35e46625-groupManagement] INFO  server.RaftServerConfigKeys (ConfUtils.java:logGet(46)) - raft.server.log.statemachine.data.caching.enabled = true (custom)
2023-09-07 04:53:26,543 [5e8b1818-5304-4881-9e46-c74e35e46625-groupManagement] INFO  segmented.SegmentedRaftLogWorker (SegmentedRaftLogWorker.java:lambda$new$0(135)) - 5e8b1818-5304-4881-9e46-c74e35e46625@group-B1977D1C949C-SegmentedRaftLogWorker: flushIndex: setUnconditionally 0 -> -1
2023-09-07 04:53:26,543 [5e8b1818-5304-4881-9e46-c74e35e46625-groupManagement] INFO  segmented.SegmentedRaftLogWorker (SegmentedRaftLogWorker.java:lambda$new$0(135)) - 5e8b1818-5304-4881-9e46-c74e35e46625@group-B1977D1C949C-SegmentedRaftLogWorker: safeCacheEvictIndex: setUnconditionally 0 -> -1
2023-09-07 04:53:26,546 [5e8b1818-5304-4881-9e46-c74e35e46625-groupManagement] INFO  server.RaftServer$Division (RaftServerImpl.java:start(342)) - 5e8b1818-5304-4881-9e46-c74e35e46625@group-B1977D1C949C: start as a follower, conf=-1: peers:[5e8b1818-5304-4881-9e46-c74e35e46625|rpc:10.1.0.9:15191|admin:10.1.0.9:15190|client:10.1.0.9:15189|dataStream:10.1.0.9:15192|priority:1|startupRole:FOLLOWER]|listeners:[], old=null
2023-09-07 04:53:26,546 [5e8b1818-5304-4881-9e46-c74e35e46625-groupManagement] INFO  server.RaftServer$Division (RaftServerImpl.java:setRole(329)) - 5e8b1818-5304-4881-9e46-c74e35e46625@group-B1977D1C949C: changes role from      null to FOLLOWER at term 0 for startAsFollower
2023-09-07 04:53:26,546 [5e8b1818-5304-4881-9e46-c74e35e46625-groupManagement] INFO  impl.RoleInfo (RoleInfo.java:updateAndGet(139)) - 5e8b1818-5304-4881-9e46-c74e35e46625: start 5e8b1818-5304-4881-9e46-c74e35e46625@group-B1977D1C949C-FollowerState
2023-09-07 04:53:26,546 [5e8b1818-5304-4881-9e46-c74e35e46625-groupManagement] INFO  util.JmxRegister (JmxRegister.java:tryRegister(44)) - Successfully registered JMX Bean with object name Ratis:service=RaftServer,group=group-B1977D1C949C,id=5e8b1818-5304-4881-9e46-c74e35e46625
2023-09-07 04:53:26,546 [5e8b1818-5304-4881-9e46-c74e35e46625@group-B1977D1C949C-FollowerState] INFO  server.RaftServerConfigKeys (ConfUtils.java:logFallback(53)) - raft.server.rpc.first-election.timeout.min = 5s (fallback to raft.server.rpc.timeout.min)
2023-09-07 04:53:26,546 [5e8b1818-5304-4881-9e46-c74e35e46625-groupManagement] INFO  server.RaftServerConfigKeys (ConfUtils.java:logGet(46)) - raft.server.snapshot.auto.trigger.enabled = true (custom)
2023-09-07 04:53:26,546 [5e8b1818-5304-4881-9e46-c74e35e46625@group-B1977D1C949C-FollowerState] INFO  server.RaftServerConfigKeys (ConfUtils.java:logFallback(53)) - raft.server.rpc.first-election.timeout.max = 5200ms (fallback to raft.server.rpc.timeout.max)
2023-09-07 04:53:26,546 [5e8b1818-5304-4881-9e46-c74e35e46625-groupManagement] INFO  server.RaftServerConfigKeys (ConfUtils.java:logGet(46)) - raft.server.snapshot.auto.trigger.threshold = 10000 (custom)
2023-09-07 04:53:26,547 [5e8b1818-5304-4881-9e46-c74e35e46625-groupManagement] INFO  server.RaftServerConfigKeys (ConfUtils.java:logGet(46)) - raft.server.snapshot.retention.file.num = 5 (custom)
2023-09-07 04:53:26,547 [5e8b1818-5304-4881-9e46-c74e35e46625-groupManagement] INFO  server.RaftServerConfigKeys (ConfUtils.java:logGet(46)) - raft.server.log.purge.upto.snapshot.index = false (default)
2023-09-07 04:53:26,548 [PipelineCommandHandlerThread-0] INFO  ratis.XceiverServerRatis (XceiverServerRatis.java:addGroup(804)) - Created group PipelineID=1af646f2-e9a0-470e-9245-b1977d1c949c
2023-09-07 04:53:26,548 [PipelineCommandHandlerThread-0] INFO  commandhandler.CreatePipelineCommandHandler (CreatePipelineCommandHandler.java:lambda$handle$2(124)) - Created Pipeline RATIS ONE PipelineID=1af646f2-e9a0-470e-9245-b1977d1c949c.
2023-09-07 04:53:26,887 [PipelineCommandHandlerThread-0] INFO  server.RaftServer (RaftServerProxy.java:addNew(98)) - 00eba518-ec47-4b38-9f64-79409ef1ea16: addNew group-72CE4DAE669C:[00eba518-ec47-4b38-9f64-79409ef1ea16|rpc:10.1.0.9:15200|admin:10.1.0.9:15199|client:10.1.0.9:15198|dataStream:10.1.0.9:15201|priority:1|startupRole:FOLLOWER] returns group-72CE4DAE669C:java.util.concurrent.CompletableFuture@260bf336[Not completed]
2023-09-07 04:53:26,888 [00eba518-ec47-4b38-9f64-79409ef1ea16-groupManagement] INFO  server.RaftServer$Division (RaftServerImpl.java:<init>(198)) - 00eba518-ec47-4b38-9f64-79409ef1ea16: new RaftServerImpl for group-72CE4DAE669C:[00eba518-ec47-4b38-9f64-79409ef1ea16|rpc:10.1.0.9:15200|admin:10.1.0.9:15199|client:10.1.0.9:15198|dataStream:10.1.0.9:15201|priority:1|startupRole:FOLLOWER] with ContainerStateMachine:uninitialized
2023-09-07 04:53:26,888 [00eba518-ec47-4b38-9f64-79409ef1ea16-groupManagement] INFO  server.RaftServerConfigKeys (ConfUtils.java:logGet(46)) - raft.server.rpc.timeout.min = 5s (custom)
2023-09-07 04:53:26,888 [00eba518-ec47-4b38-9f64-79409ef1ea16-groupManagement] INFO  server.RaftServerConfigKeys (ConfUtils.java:logGet(46)) - raft.server.rpc.timeout.max = 5200ms (custom)
2023-09-07 04:53:26,888 [00eba518-ec47-4b38-9f64-79409ef1ea16-groupManagement] INFO  server.RaftServerConfigKeys (ConfUtils.java:logGet(46)) - raft.server.rpc.sleep.time = 25ms (default)
2023-09-07 04:53:26,888 [00eba518-ec47-4b38-9f64-79409ef1ea16-groupManagement] INFO  server.RaftServerConfigKeys (ConfUtils.java:logGet(46)) - raft.server.rpc.slowness.timeout = 300s (custom)
2023-09-07 04:53:26,888 [00eba518-ec47-4b38-9f64-79409ef1ea16-groupManagement] INFO  server.RaftServerConfigKeys (ConfUtils.java:logGet(46)) - raft.server.leaderelection.leader.step-down.wait-time = 10s (default)
2023-09-07 04:53:26,888 [00eba518-ec47-4b38-9f64-79409ef1ea16-groupManagement] INFO  server.RaftServerConfigKeys (ConfUtils.java:logGet(46)) - raft.server.sleep.deviation.threshold = 300ms (default)
2023-09-07 04:53:26,888 [00eba518-ec47-4b38-9f64-79409ef1ea16-groupManagement] INFO  server.RaftServer$Division (ServerState.java:<init>(120)) - 00eba518-ec47-4b38-9f64-79409ef1ea16@group-72CE4DAE669C: ConfigurationManager, init=-1: peers:[00eba518-ec47-4b38-9f64-79409ef1ea16|rpc:10.1.0.9:15200|admin:10.1.0.9:15199|client:10.1.0.9:15198|dataStream:10.1.0.9:15201|priority:1|startupRole:FOLLOWER]|listeners:[], old=null, confs=<EMPTY_MAP>
2023-09-07 04:53:26,888 [00eba518-ec47-4b38-9f64-79409ef1ea16-groupManagement] INFO  server.RaftServerConfigKeys (ConfUtils.java:logGet(46)) - raft.server.storage.dir = [/home/runner/work/ozone/ozone/hadoop-ozone/integration-test/target/test-dir/MiniOzoneClusterImpl-91ddfec9-c3c1-434b-8c78-5e40d1aa2819/datanode-3/data/ratis] (custom)
2023-09-07 04:53:26,889 [00eba518-ec47-4b38-9f64-79409ef1ea16-groupManagement] INFO  server.RaftServerConfigKeys (ConfUtils.java:logGet(46)) - raft.server.log.corruption.policy = EXCEPTION (default)
2023-09-07 04:53:26,889 [00eba518-ec47-4b38-9f64-79409ef1ea16-groupManagement] INFO  server.RaftServerConfigKeys (ConfUtils.java:logGet(46)) - raft.server.storage.free-space.min = 0MB (=0) (default)
2023-09-07 04:53:26,889 [00eba518-ec47-4b38-9f64-79409ef1ea16-groupManagement] INFO  server.RaftServerConfigKeys (ConfUtils.java:logGet(46)) - raft.server.notification.no-leader.timeout = 300s (custom)
2023-09-07 04:53:26,889 [00eba518-ec47-4b38-9f64-79409ef1ea16-groupManagement] INFO  server.RaftServerConfigKeys (ConfUtils.java:logGet(46)) - raft.server.read.timeout = 10s (default)
2023-09-07 04:53:26,889 [00eba518-ec47-4b38-9f64-79409ef1ea16-groupManagement] INFO  server.RaftServerConfigKeys (ConfUtils.java:logGet(46)) - raft.server.retrycache.expirytime = 600000ms (custom)
2023-09-07 04:53:26,889 [00eba518-ec47-4b38-9f64-79409ef1ea16-groupManagement] INFO  server.RaftServerConfigKeys (ConfUtils.java:logGet(46)) - raft.server.retrycache.statistics.expirytime = 100μs (default)
2023-09-07 04:53:26,889 [00eba518-ec47-4b38-9f64-79409ef1ea16-groupManagement] INFO  server.RaftServerConfigKeys (ConfUtils.java:logGet(46)) - raft.server.read.option = DEFAULT (default)
2023-09-07 04:53:26,890 [00eba518-ec47-4b38-9f64-79409ef1ea16-groupManagement] INFO  server.RaftServerConfigKeys (ConfUtils.java:logGet(46)) - raft.server.rpc.request.timeout = 60s (custom)
2023-09-07 04:53:26,890 [00eba518-ec47-4b38-9f64-79409ef1ea16-groupManagement] INFO  server.RaftServerConfigKeys (ConfUtils.java:logGet(46)) - raft.server.log.appender.install.snapshot.enabled = false (custom)
2023-09-07 04:53:26,890 [00eba518-ec47-4b38-9f64-79409ef1ea16-groupManagement] INFO  server.RaftServerConfigKeys (ConfUtils.java:logGet(46)) - raft.server.threadpool.server.cached = true (default)
2023-09-07 04:53:26,890 [00eba518-ec47-4b38-9f64-79409ef1ea16-groupManagement] INFO  server.RaftServerConfigKeys (ConfUtils.java:logGet(46)) - raft.server.threadpool.server.size = 0 (default)
2023-09-07 04:53:26,890 [00eba518-ec47-4b38-9f64-79409ef1ea16-groupManagement] INFO  server.RaftServerConfigKeys (ConfUtils.java:logGet(46)) - raft.server.threadpool.client.cached = true (default)
2023-09-07 04:53:26,890 [00eba518-ec47-4b38-9f64-79409ef1ea16-groupManagement] INFO  server.RaftServerConfigKeys (ConfUtils.java:logGet(46)) - raft.server.threadpool.client.size = 0 (default)
2023-09-07 04:53:26,890 [00eba518-ec47-4b38-9f64-79409ef1ea16-groupManagement] INFO  storage.RaftStorageDirectory (RaftStorageDirectoryImpl.java:analyzeStorage(137)) - The storage directory /home/runner/work/ozone/ozone/hadoop-ozone/integration-test/target/test-dir/MiniOzoneClusterImpl-91ddfec9-c3c1-434b-8c78-5e40d1aa2819/datanode-3/data/ratis/ea7b3ef3-4a39-4fcc-a4f6-72ce4dae669c does not exist. Creating ...
2023-09-07 04:53:26,892 [00eba518-ec47-4b38-9f64-79409ef1ea16-groupManagement] INFO  storage.RaftStorageDirectory (RaftStorageDirectoryImpl.java:tryLock(231)) - Lock on /home/runner/work/ozone/ozone/hadoop-ozone/integration-test/target/test-dir/MiniOzoneClusterImpl-91ddfec9-c3c1-434b-8c78-5e40d1aa2819/datanode-3/data/ratis/ea7b3ef3-4a39-4fcc-a4f6-72ce4dae669c/in_use.lock acquired by nodename 7593@fv-az163-854
2023-09-07 04:53:26,893 [00eba518-ec47-4b38-9f64-79409ef1ea16-groupManagement] INFO  storage.RaftStorage (RaftStorageImpl.java:format(96)) - Storage directory /home/runner/work/ozone/ozone/hadoop-ozone/integration-test/target/test-dir/MiniOzoneClusterImpl-91ddfec9-c3c1-434b-8c78-5e40d1aa2819/datanode-3/data/ratis/ea7b3ef3-4a39-4fcc-a4f6-72ce4dae669c has been successfully formatted.
2023-09-07 04:53:26,895 [00eba518-ec47-4b38-9f64-79409ef1ea16-groupManagement] INFO  ratis.ContainerStateMachine (ContainerStateMachine.java:loadSnapshot(262)) - group-72CE4DAE669C: The snapshot info is null. Setting the last applied indexto:(t:0, i:~)
2023-09-07 04:53:26,895 [00eba518-ec47-4b38-9f64-79409ef1ea16-groupManagement] INFO  server.RaftServerConfigKeys (ConfUtils.java:logGet(46)) - raft.server.log.use.memory = false (default)
2023-09-07 04:53:26,895 [00eba518-ec47-4b38-9f64-79409ef1ea16-groupManagement] INFO  server.RaftServerConfigKeys (ConfUtils.java:logGet(46)) - raft.server.log.purge.gap = 1000000 (custom)
2023-09-07 04:53:26,895 [00eba518-ec47-4b38-9f64-79409ef1ea16-groupManagement] INFO  server.RaftServerConfigKeys (ConfUtils.java:logGet(46)) - raft.server.log.appender.buffer.byte-limit = 33554432 (custom)
2023-09-07 04:53:26,895 [00eba518-ec47-4b38-9f64-79409ef1ea16-groupManagement] INFO  server.RaftServerConfigKeys (ConfUtils.java:logGet(46)) - raft.server.log.statemachine.data.read.timeout = 1000ms (default)
2023-09-07 04:53:26,895 [00eba518-ec47-4b38-9f64-79409ef1ea16-groupManagement] INFO  server.RaftServerConfigKeys (ConfUtils.java:logGet(46)) - raft.server.log.purge.preservation.log.num = 0 (default)
2023-09-07 04:53:26,895 [00eba518-ec47-4b38-9f64-79409ef1ea16-groupManagement] INFO  server.RaftServerConfigKeys (ConfUtils.java:logGet(46)) - raft.server.log.segment.size.max = 1048576 (custom)
2023-09-07 04:53:26,896 [00eba518-ec47-4b38-9f64-79409ef1ea16-groupManagement] INFO  server.RaftServerConfigKeys (ConfUtils.java:logGet(46)) - raft.server.log.segment.cache.num.max = 2 (custom)
2023-09-07 04:53:26,896 [00eba518-ec47-4b38-9f64-79409ef1ea16-groupManagement] INFO  server.RaftServerConfigKeys (ConfUtils.java:logGet(46)) - raft.server.log.segment.cache.size.max = 200MB (=209715200) (default)
2023-09-07 04:53:26,896 [00eba518-ec47-4b38-9f64-79409ef1ea16-groupManagement] INFO  server.RaftServerConfigKeys (ConfUtils.java:logGet(46)) - raft.server.log.appender.buffer.byte-limit = 33554432 (custom)
2023-09-07 04:53:26,896 [00eba518-ec47-4b38-9f64-79409ef1ea16-groupManagement] INFO  segmented.SegmentedRaftLogWorker (SegmentedRaftLogWorker.java:<init>(188)) - new 00eba518-ec47-4b38-9f64-79409ef1ea16@group-72CE4DAE669C-SegmentedRaftLogWorker for RaftStorageImpl:Storage Directory /home/runner/work/ozone/ozone/hadoop-ozone/integration-test/target/test-dir/MiniOzoneClusterImpl-91ddfec9-c3c1-434b-8c78-5e40d1aa2819/datanode-3/data/ratis/ea7b3ef3-4a39-4fcc-a4f6-72ce4dae669c
2023-09-07 04:53:26,896 [00eba518-ec47-4b38-9f64-79409ef1ea16-groupManagement] INFO  server.RaftServerConfigKeys (ConfUtils.java:logGet(46)) - raft.server.log.queue.byte-limit = 4294967296 (custom)
2023-09-07 04:53:26,896 [00eba518-ec47-4b38-9f64-79409ef1ea16-groupManagement] INFO  server.RaftServerConfigKeys (ConfUtils.java:logGet(46)) - raft.server.log.queue.element-limit = 1024 (custom)
2023-09-07 04:53:26,896 [00eba518-ec47-4b38-9f64-79409ef1ea16-groupManagement] INFO  server.RaftServerConfigKeys (ConfUtils.java:logGet(46)) - raft.server.log.segment.size.max = 1048576 (custom)
2023-09-07 04:53:26,896 [00eba518-ec47-4b38-9f64-79409ef1ea16-groupManagement] INFO  server.RaftServerConfigKeys (ConfUtils.java:logGet(46)) - raft.server.log.preallocated.size = 16384 (custom)
2023-09-07 04:53:26,896 [00eba518-ec47-4b38-9f64-79409ef1ea16-groupManagement] INFO  server.RaftServerConfigKeys (ConfUtils.java:logGet(46)) - raft.server.log.force.sync.num = 128 (default)
2023-09-07 04:53:26,896 [00eba518-ec47-4b38-9f64-79409ef1ea16-groupManagement] INFO  server.RaftServerConfigKeys (ConfUtils.java:logGet(46)) - raft.server.log.statemachine.data.sync = true (default)
2023-09-07 04:53:26,896 [00eba518-ec47-4b38-9f64-79409ef1ea16-groupManagement] INFO  server.RaftServerConfigKeys (ConfUtils.java:logGet(46)) - raft.server.log.statemachine.data.sync.timeout = 10s (default)
2023-09-07 04:53:26,896 [00eba518-ec47-4b38-9f64-79409ef1ea16-groupManagement] INFO  server.RaftServerConfigKeys (ConfUtils.java:logGet(46)) - raft.server.log.statemachine.data.sync.timeout.retry = -1 (default)
2023-09-07 04:53:26,898 [00eba518-ec47-4b38-9f64-79409ef1ea16-groupManagement] INFO  server.RaftServerConfigKeys (ConfUtils.java:logGet(46)) - raft.server.log.write.buffer.size = 1048576 (custom)
2023-09-07 04:53:26,898 [EventQueue-PipelineReportForPipelineReportHandler] INFO  pipeline.PipelineReportHandler (PipelineReportHandler.java:processPipelineReport(136)) - Opened pipeline PipelineID=ea7b3ef3-4a39-4fcc-a4f6-72ce4dae669c
2023-09-07 04:53:26,900 [EventQueue-OpenPipelineForHealthyPipelineSafeModeRule] INFO  safemode.SCMSafeModeManager (HealthyPipelineSafeModeRule.java:process(137)) - SCM in safe mode. Healthy pipelines reported count is 0, required healthy pipeline reported count is 1
2023-09-07 04:53:26,900 [00eba518-ec47-4b38-9f64-79409ef1ea16-groupManagement] INFO  server.RaftServerConfigKeys (ConfUtils.java:logGet(46)) - raft.server.log.appender.buffer.byte-limit = 33554432 (custom)
2023-09-07 04:53:26,906 [00eba518-ec47-4b38-9f64-79409ef1ea16-groupManagement] INFO  server.RaftServerConfigKeys (ConfUtils.java:logGet(46)) - raft.server.log.unsafe-flush.enabled = false (default)
2023-09-07 04:53:26,906 [00eba518-ec47-4b38-9f64-79409ef1ea16-groupManagement] INFO  server.RaftServerConfigKeys (ConfUtils.java:logGet(46)) - raft.server.log.async-flush.enabled = false (default)
2023-09-07 04:53:26,906 [00eba518-ec47-4b38-9f64-79409ef1ea16-groupManagement] INFO  server.RaftServerConfigKeys (ConfUtils.java:logGet(46)) - raft.server.log.statemachine.data.caching.enabled = true (custom)
2023-09-07 04:53:26,907 [00eba518-ec47-4b38-9f64-79409ef1ea16-groupManagement] INFO  segmented.SegmentedRaftLogWorker (SegmentedRaftLogWorker.java:lambda$new$0(135)) - 00eba518-ec47-4b38-9f64-79409ef1ea16@group-72CE4DAE669C-SegmentedRaftLogWorker: flushIndex: setUnconditionally 0 -> -1
2023-09-07 04:53:26,907 [00eba518-ec47-4b38-9f64-79409ef1ea16-groupManagement] INFO  segmented.SegmentedRaftLogWorker (SegmentedRaftLogWorker.java:lambda$new$0(135)) - 00eba518-ec47-4b38-9f64-79409ef1ea16@group-72CE4DAE669C-SegmentedRaftLogWorker: safeCacheEvictIndex: setUnconditionally 0 -> -1
2023-09-07 04:53:26,907 [00eba518-ec47-4b38-9f64-79409ef1ea16-groupManagement] INFO  server.RaftServer$Division (RaftServerImpl.java:start(342)) - 00eba518-ec47-4b38-9f64-79409ef1ea16@group-72CE4DAE669C: start as a follower, conf=-1: peers:[00eba518-ec47-4b38-9f64-79409ef1ea16|rpc:10.1.0.9:15200|admin:10.1.0.9:15199|client:10.1.0.9:15198|dataStream:10.1.0.9:15201|priority:1|startupRole:FOLLOWER]|listeners:[], old=null
2023-09-07 04:53:26,907 [00eba518-ec47-4b38-9f64-79409ef1ea16-groupManagement] INFO  server.RaftServer$Division (RaftServerImpl.java:setRole(329)) - 00eba518-ec47-4b38-9f64-79409ef1ea16@group-72CE4DAE669C: changes role from      null to FOLLOWER at term 0 for startAsFollower
2023-09-07 04:53:26,907 [00eba518-ec47-4b38-9f64-79409ef1ea16-groupManagement] INFO  impl.RoleInfo (RoleInfo.java:updateAndGet(139)) - 00eba518-ec47-4b38-9f64-79409ef1ea16: start 00eba518-ec47-4b38-9f64-79409ef1ea16@group-72CE4DAE669C-FollowerState
2023-09-07 04:53:26,908 [00eba518-ec47-4b38-9f64-79409ef1ea16@group-72CE4DAE669C-FollowerState] INFO  server.RaftServerConfigKeys (ConfUtils.java:logFallback(53)) - raft.server.rpc.first-election.timeout.min = 5s (fallback to raft.server.rpc.timeout.min)
2023-09-07 04:53:26,908 [00eba518-ec47-4b38-9f64-79409ef1ea16-groupManagement] INFO  util.JmxRegister (JmxRegister.java:tryRegister(44)) - Successfully registered JMX Bean with object name Ratis:service=RaftServer,group=group-72CE4DAE669C,id=00eba518-ec47-4b38-9f64-79409ef1ea16
2023-09-07 04:53:26,908 [00eba518-ec47-4b38-9f64-79409ef1ea16@group-72CE4DAE669C-FollowerState] INFO  server.RaftServerConfigKeys (ConfUtils.java:logFallback(53)) - raft.server.rpc.first-election.timeout.max = 5200ms (fallback to raft.server.rpc.timeout.max)
2023-09-07 04:53:26,908 [00eba518-ec47-4b38-9f64-79409ef1ea16-groupManagement] INFO  server.RaftServerConfigKeys (ConfUtils.java:logGet(46)) - raft.server.snapshot.auto.trigger.enabled = true (custom)
2023-09-07 04:53:26,908 [00eba518-ec47-4b38-9f64-79409ef1ea16-groupManagement] INFO  server.RaftServerConfigKeys (ConfUtils.java:logGet(46)) - raft.server.snapshot.auto.trigger.threshold = 10000 (custom)
2023-09-07 04:53:26,908 [00eba518-ec47-4b38-9f64-79409ef1ea16-groupManagement] INFO  server.RaftServerConfigKeys (ConfUtils.java:logGet(46)) - raft.server.snapshot.retention.file.num = 5 (custom)
2023-09-07 04:53:26,908 [00eba518-ec47-4b38-9f64-79409ef1ea16-groupManagement] INFO  server.RaftServerConfigKeys (ConfUtils.java:logGet(46)) - raft.server.log.purge.upto.snapshot.index = false (default)
2023-09-07 04:53:26,909 [PipelineCommandHandlerThread-0] INFO  ratis.XceiverServerRatis (XceiverServerRatis.java:addGroup(804)) - Created group PipelineID=ea7b3ef3-4a39-4fcc-a4f6-72ce4dae669c
2023-09-07 04:53:26,909 [PipelineCommandHandlerThread-0] INFO  commandhandler.CreatePipelineCommandHandler (CreatePipelineCommandHandler.java:lambda$handle$2(124)) - Created Pipeline RATIS ONE PipelineID=ea7b3ef3-4a39-4fcc-a4f6-72ce4dae669c.
2023-09-07 04:53:27,227 [main] INFO  ozone.MiniOzoneClusterImpl (MiniOzoneClusterImpl.java:lambda$waitForClusterToBeReady$0(224)) - Nodes are ready. Got 5 of 5 DN Heartbeats.
2023-09-07 04:53:27,227 [main] INFO  ozone.MiniOzoneClusterImpl (MiniOzoneClusterImpl.java:lambda$waitForClusterToBeReady$0(227)) - Waiting for cluster to exit safe mode
2023-09-07 04:53:27,227 [main] INFO  ozone.MiniOzoneClusterImpl (MiniOzoneClusterImpl.java:lambda$waitForClusterToBeReady$0(229)) - SCM became leader
2023-09-07 04:53:27,229 [PipelineCommandHandlerThread-0] INFO  server.RaftServer (RaftServerProxy.java:addNew(98)) - 47d0d84e-4e3a-4d8b-8411-824294f25318: addNew group-3FB509572725:[47d0d84e-4e3a-4d8b-8411-824294f25318|rpc:10.1.0.9:15209|admin:10.1.0.9:15208|client:10.1.0.9:15207|dataStream:10.1.0.9:15210|priority:1|startupRole:FOLLOWER] returns group-3FB509572725:java.util.concurrent.CompletableFuture@eca53fa[Not completed]
2023-09-07 04:53:27,233 [47d0d84e-4e3a-4d8b-8411-824294f25318-groupManagement] INFO  server.RaftServer$Division (RaftServerImpl.java:<init>(198)) - 47d0d84e-4e3a-4d8b-8411-824294f25318: new RaftServerImpl for group-3FB509572725:[47d0d84e-4e3a-4d8b-8411-824294f25318|rpc:10.1.0.9:15209|admin:10.1.0.9:15208|client:10.1.0.9:15207|dataStream:10.1.0.9:15210|priority:1|startupRole:FOLLOWER] with ContainerStateMachine:uninitialized
2023-09-07 04:53:27,233 [47d0d84e-4e3a-4d8b-8411-824294f25318-groupManagement] INFO  server.RaftServerConfigKeys (ConfUtils.java:logGet(46)) - raft.server.rpc.timeout.min = 5s (custom)
2023-09-07 04:53:27,233 [47d0d84e-4e3a-4d8b-8411-824294f25318-groupManagement] INFO  server.RaftServerConfigKeys (ConfUtils.java:logGet(46)) - raft.server.rpc.timeout.max = 5200ms (custom)
2023-09-07 04:53:27,233 [47d0d84e-4e3a-4d8b-8411-824294f25318-groupManagement] INFO  server.RaftServerConfigKeys (ConfUtils.java:logGet(46)) - raft.server.rpc.sleep.time = 25ms (default)
2023-09-07 04:53:27,233 [47d0d84e-4e3a-4d8b-8411-824294f25318-groupManagement] INFO  server.RaftServerConfigKeys (ConfUtils.java:logGet(46)) - raft.server.rpc.slowness.timeout = 300s (custom)
2023-09-07 04:53:27,233 [47d0d84e-4e3a-4d8b-8411-824294f25318-groupManagement] INFO  server.RaftServerConfigKeys (ConfUtils.java:logGet(46)) - raft.server.leaderelection.leader.step-down.wait-time = 10s (default)
2023-09-07 04:53:27,233 [47d0d84e-4e3a-4d8b-8411-824294f25318-groupManagement] INFO  server.RaftServerConfigKeys (ConfUtils.java:logGet(46)) - raft.server.sleep.deviation.threshold = 300ms (default)
2023-09-07 04:53:27,233 [47d0d84e-4e3a-4d8b-8411-824294f25318-groupManagement] INFO  server.RaftServer$Division (ServerState.java:<init>(120)) - 47d0d84e-4e3a-4d8b-8411-824294f25318@group-3FB509572725: ConfigurationManager, init=-1: peers:[47d0d84e-4e3a-4d8b-8411-824294f25318|rpc:10.1.0.9:15209|admin:10.1.0.9:15208|client:10.1.0.9:15207|dataStream:10.1.0.9:15210|priority:1|startupRole:FOLLOWER]|listeners:[], old=null, confs=<EMPTY_MAP>
2023-09-07 04:53:27,233 [47d0d84e-4e3a-4d8b-8411-824294f25318-groupManagement] INFO  server.RaftServerConfigKeys (ConfUtils.java:logGet(46)) - raft.server.storage.dir = [/home/runner/work/ozone/ozone/hadoop-ozone/integration-test/target/test-dir/MiniOzoneClusterImpl-91ddfec9-c3c1-434b-8c78-5e40d1aa2819/datanode-4/data/ratis] (custom)
2023-09-07 04:53:27,233 [47d0d84e-4e3a-4d8b-8411-824294f25318-groupManagement] INFO  server.RaftServerConfigKeys (ConfUtils.java:logGet(46)) - raft.server.log.corruption.policy = EXCEPTION (default)
2023-09-07 04:53:27,234 [47d0d84e-4e3a-4d8b-8411-824294f25318-groupManagement] INFO  server.RaftServerConfigKeys (ConfUtils.java:logGet(46)) - raft.server.storage.free-space.min = 0MB (=0) (default)
2023-09-07 04:53:27,234 [47d0d84e-4e3a-4d8b-8411-824294f25318-groupManagement] INFO  server.RaftServerConfigKeys (ConfUtils.java:logGet(46)) - raft.server.notification.no-leader.timeout = 300s (custom)
2023-09-07 04:53:27,234 [47d0d84e-4e3a-4d8b-8411-824294f25318-groupManagement] INFO  server.RaftServerConfigKeys (ConfUtils.java:logGet(46)) - raft.server.read.timeout = 10s (default)
2023-09-07 04:53:27,234 [47d0d84e-4e3a-4d8b-8411-824294f25318-groupManagement] INFO  server.RaftServerConfigKeys (ConfUtils.java:logGet(46)) - raft.server.retrycache.expirytime = 600000ms (custom)
2023-09-07 04:53:27,234 [47d0d84e-4e3a-4d8b-8411-824294f25318-groupManagement] INFO  server.RaftServerConfigKeys (ConfUtils.java:logGet(46)) - raft.server.retrycache.statistics.expirytime = 100μs (default)
2023-09-07 04:53:27,234 [47d0d84e-4e3a-4d8b-8411-824294f25318-groupManagement] INFO  server.RaftServerConfigKeys (ConfUtils.java:logGet(46)) - raft.server.read.option = DEFAULT (default)
2023-09-07 04:53:27,235 [47d0d84e-4e3a-4d8b-8411-824294f25318-groupManagement] INFO  server.RaftServerConfigKeys (ConfUtils.java:logGet(46)) - raft.server.rpc.request.timeout = 60s (custom)
2023-09-07 04:53:27,235 [47d0d84e-4e3a-4d8b-8411-824294f25318-groupManagement] INFO  server.RaftServerConfigKeys (ConfUtils.java:logGet(46)) - raft.server.log.appender.install.snapshot.enabled = false (custom)
2023-09-07 04:53:27,235 [47d0d84e-4e3a-4d8b-8411-824294f25318-groupManagement] INFO  server.RaftServerConfigKeys (ConfUtils.java:logGet(46)) - raft.server.threadpool.server.cached = true (default)
2023-09-07 04:53:27,235 [47d0d84e-4e3a-4d8b-8411-824294f25318-groupManagement] INFO  server.RaftServerConfigKeys (ConfUtils.java:logGet(46)) - raft.server.threadpool.server.size = 0 (default)
2023-09-07 04:53:27,235 [47d0d84e-4e3a-4d8b-8411-824294f25318-groupManagement] INFO  server.RaftServerConfigKeys (ConfUtils.java:logGet(46)) - raft.server.threadpool.client.cached = true (default)
2023-09-07 04:53:27,235 [47d0d84e-4e3a-4d8b-8411-824294f25318-groupManagement] INFO  server.RaftServerConfigKeys (ConfUtils.java:logGet(46)) - raft.server.threadpool.client.size = 0 (default)
2023-09-07 04:53:27,235 [47d0d84e-4e3a-4d8b-8411-824294f25318-groupManagement] INFO  storage.RaftStorageDirectory (RaftStorageDirectoryImpl.java:analyzeStorage(137)) - The storage directory /home/runner/work/ozone/ozone/hadoop-ozone/integration-test/target/test-dir/MiniOzoneClusterImpl-91ddfec9-c3c1-434b-8c78-5e40d1aa2819/datanode-4/data/ratis/29b6a1cb-b0e2-442d-a93b-3fb509572725 does not exist. Creating ...
2023-09-07 04:53:27,236 [47d0d84e-4e3a-4d8b-8411-824294f25318-groupManagement] INFO  storage.RaftStorageDirectory (RaftStorageDirectoryImpl.java:tryLock(231)) - Lock on /home/runner/work/ozone/ozone/hadoop-ozone/integration-test/target/test-dir/MiniOzoneClusterImpl-91ddfec9-c3c1-434b-8c78-5e40d1aa2819/datanode-4/data/ratis/29b6a1cb-b0e2-442d-a93b-3fb509572725/in_use.lock acquired by nodename 7593@fv-az163-854
2023-09-07 04:53:27,238 [47d0d84e-4e3a-4d8b-8411-824294f25318-groupManagement] INFO  storage.RaftStorage (RaftStorageImpl.java:format(96)) - Storage directory /home/runner/work/ozone/ozone/hadoop-ozone/integration-test/target/test-dir/MiniOzoneClusterImpl-91ddfec9-c3c1-434b-8c78-5e40d1aa2819/datanode-4/data/ratis/29b6a1cb-b0e2-442d-a93b-3fb509572725 has been successfully formatted.
2023-09-07 04:53:27,245 [47d0d84e-4e3a-4d8b-8411-824294f25318-groupManagement] INFO  ratis.ContainerStateMachine (ContainerStateMachine.java:loadSnapshot(262)) - group-3FB509572725: The snapshot info is null. Setting the last applied indexto:(t:0, i:~)
2023-09-07 04:53:27,245 [47d0d84e-4e3a-4d8b-8411-824294f25318-groupManagement] INFO  server.RaftServerConfigKeys (ConfUtils.java:logGet(46)) - raft.server.log.use.memory = false (default)
2023-09-07 04:53:27,247 [EventQueue-PipelineReportForPipelineReportHandler] INFO  pipeline.PipelineReportHandler (PipelineReportHandler.java:processPipelineReport(136)) - Opened pipeline PipelineID=29b6a1cb-b0e2-442d-a93b-3fb509572725
2023-09-07 04:53:27,247 [47d0d84e-4e3a-4d8b-8411-824294f25318-groupManagement] INFO  server.RaftServerConfigKeys (ConfUtils.java:logGet(46)) - raft.server.log.purge.gap = 1000000 (custom)
2023-09-07 04:53:27,248 [EventQueue-OpenPipelineForHealthyPipelineSafeModeRule] INFO  safemode.SCMSafeModeManager (HealthyPipelineSafeModeRule.java:process(137)) - SCM in safe mode. Healthy pipelines reported count is 0, required healthy pipeline reported count is 1
2023-09-07 04:53:27,248 [47d0d84e-4e3a-4d8b-8411-824294f25318-groupManagement] INFO  server.RaftServerConfigKeys (ConfUtils.java:logGet(46)) - raft.server.log.appender.buffer.byte-limit = 33554432 (custom)
2023-09-07 04:53:27,248 [47d0d84e-4e3a-4d8b-8411-824294f25318-groupManagement] INFO  server.RaftServerConfigKeys (ConfUtils.java:logGet(46)) - raft.server.log.statemachine.data.read.timeout = 1000ms (default)
2023-09-07 04:53:27,248 [47d0d84e-4e3a-4d8b-8411-824294f25318-groupManagement] INFO  server.RaftServerConfigKeys (ConfUtils.java:logGet(46)) - raft.server.log.purge.preservation.log.num = 0 (default)
2023-09-07 04:53:27,248 [47d0d84e-4e3a-4d8b-8411-824294f25318-groupManagement] INFO  server.RaftServerConfigKeys (ConfUtils.java:logGet(46)) - raft.server.log.segment.size.max = 1048576 (custom)
2023-09-07 04:53:27,248 [47d0d84e-4e3a-4d8b-8411-824294f25318-groupManagement] INFO  server.RaftServerConfigKeys (ConfUtils.java:logGet(46)) - raft.server.log.segment.cache.num.max = 2 (custom)
2023-09-07 04:53:27,248 [47d0d84e-4e3a-4d8b-8411-824294f25318-groupManagement] INFO  server.RaftServerConfigKeys (ConfUtils.java:logGet(46)) - raft.server.log.segment.cache.size.max = 200MB (=209715200) (default)
2023-09-07 04:53:27,249 [47d0d84e-4e3a-4d8b-8411-824294f25318-groupManagement] INFO  server.RaftServerConfigKeys (ConfUtils.java:logGet(46)) - raft.server.log.appender.buffer.byte-limit = 33554432 (custom)
2023-09-07 04:53:27,249 [47d0d84e-4e3a-4d8b-8411-824294f25318-groupManagement] INFO  segmented.SegmentedRaftLogWorker (SegmentedRaftLogWorker.java:<init>(188)) - new 47d0d84e-4e3a-4d8b-8411-824294f25318@group-3FB509572725-SegmentedRaftLogWorker for RaftStorageImpl:Storage Directory /home/runner/work/ozone/ozone/hadoop-ozone/integration-test/target/test-dir/MiniOzoneClusterImpl-91ddfec9-c3c1-434b-8c78-5e40d1aa2819/datanode-4/data/ratis/29b6a1cb-b0e2-442d-a93b-3fb509572725
2023-09-07 04:53:27,249 [47d0d84e-4e3a-4d8b-8411-824294f25318-groupManagement] INFO  server.RaftServerConfigKeys (ConfUtils.java:logGet(46)) - raft.server.log.queue.byte-limit = 4294967296 (custom)
2023-09-07 04:53:27,249 [47d0d84e-4e3a-4d8b-8411-824294f25318-groupManagement] INFO  server.RaftServerConfigKeys (ConfUtils.java:logGet(46)) - raft.server.log.queue.element-limit = 1024 (custom)
2023-09-07 04:53:27,249 [47d0d84e-4e3a-4d8b-8411-824294f25318-groupManagement] INFO  server.RaftServerConfigKeys (ConfUtils.java:logGet(46)) - raft.server.log.segment.size.max = 1048576 (custom)
2023-09-07 04:53:27,249 [47d0d84e-4e3a-4d8b-8411-824294f25318-groupManagement] INFO  server.RaftServerConfigKeys (ConfUtils.java:logGet(46)) - raft.server.log.preallocated.size = 16384 (custom)
2023-09-07 04:53:27,249 [47d0d84e-4e3a-4d8b-8411-824294f25318-groupManagement] INFO  server.RaftServerConfigKeys (ConfUtils.java:logGet(46)) - raft.server.log.force.sync.num = 128 (default)
2023-09-07 04:53:27,249 [47d0d84e-4e3a-4d8b-8411-824294f25318-groupManagement] INFO  server.RaftServerConfigKeys (ConfUtils.java:logGet(46)) - raft.server.log.statemachine.data.sync = true (default)
2023-09-07 04:53:27,249 [47d0d84e-4e3a-4d8b-8411-824294f25318-groupManagement] INFO  server.RaftServerConfigKeys (ConfUtils.java:logGet(46)) - raft.server.log.statemachine.data.sync.timeout = 10s (default)
2023-09-07 04:53:27,249 [47d0d84e-4e3a-4d8b-8411-824294f25318-groupManagement] INFO  server.RaftServerConfigKeys (ConfUtils.java:logGet(46)) - raft.server.log.statemachine.data.sync.timeout.retry = -1 (default)
2023-09-07 04:53:27,251 [47d0d84e-4e3a-4d8b-8411-824294f25318-groupManagement] INFO  server.RaftServerConfigKeys (ConfUtils.java:logGet(46)) - raft.server.log.write.buffer.size = 1048576 (custom)
2023-09-07 04:53:27,253 [47d0d84e-4e3a-4d8b-8411-824294f25318-groupManagement] INFO  server.RaftServerConfigKeys (ConfUtils.java:logGet(46)) - raft.server.log.appender.buffer.byte-limit = 33554432 (custom)
2023-09-07 04:53:27,262 [47d0d84e-4e3a-4d8b-8411-824294f25318-groupManagement] INFO  server.RaftServerConfigKeys (ConfUtils.java:logGet(46)) - raft.server.log.unsafe-flush.enabled = false (default)
2023-09-07 04:53:27,263 [47d0d84e-4e3a-4d8b-8411-824294f25318-groupManagement] INFO  server.RaftServerConfigKeys (ConfUtils.java:logGet(46)) - raft.server.log.async-flush.enabled = false (default)
2023-09-07 04:53:27,263 [47d0d84e-4e3a-4d8b-8411-824294f25318-groupManagement] INFO  server.RaftServerConfigKeys (ConfUtils.java:logGet(46)) - raft.server.log.statemachine.data.caching.enabled = true (custom)
2023-09-07 04:53:27,263 [47d0d84e-4e3a-4d8b-8411-824294f25318-groupManagement] INFO  segmented.SegmentedRaftLogWorker (SegmentedRaftLogWorker.java:lambda$new$0(135)) - 47d0d84e-4e3a-4d8b-8411-824294f25318@group-3FB509572725-SegmentedRaftLogWorker: flushIndex: setUnconditionally 0 -> -1
2023-09-07 04:53:27,263 [47d0d84e-4e3a-4d8b-8411-824294f25318-groupManagement] INFO  segmented.SegmentedRaftLogWorker (SegmentedRaftLogWorker.java:lambda$new$0(135)) - 47d0d84e-4e3a-4d8b-8411-824294f25318@group-3FB509572725-SegmentedRaftLogWorker: safeCacheEvictIndex: setUnconditionally 0 -> -1
2023-09-07 04:53:27,264 [47d0d84e-4e3a-4d8b-8411-824294f25318-groupManagement] INFO  server.RaftServer$Division (RaftServerImpl.java:start(342)) - 47d0d84e-4e3a-4d8b-8411-824294f25318@group-3FB509572725: start as a follower, conf=-1: peers:[47d0d84e-4e3a-4d8b-8411-824294f25318|rpc:10.1.0.9:15209|admin:10.1.0.9:15208|client:10.1.0.9:15207|dataStream:10.1.0.9:15210|priority:1|startupRole:FOLLOWER]|listeners:[], old=null
2023-09-07 04:53:27,264 [47d0d84e-4e3a-4d8b-8411-824294f25318-groupManagement] INFO  server.RaftServer$Division (RaftServerImpl.java:setRole(329)) - 47d0d84e-4e3a-4d8b-8411-824294f25318@group-3FB509572725: changes role from      null to FOLLOWER at term 0 for startAsFollower
2023-09-07 04:53:27,265 [47d0d84e-4e3a-4d8b-8411-824294f25318-groupManagement] INFO  impl.RoleInfo (RoleInfo.java:updateAndGet(139)) - 47d0d84e-4e3a-4d8b-8411-824294f25318: start 47d0d84e-4e3a-4d8b-8411-824294f25318@group-3FB509572725-FollowerState
2023-09-07 04:53:27,265 [47d0d84e-4e3a-4d8b-8411-824294f25318@group-3FB509572725-FollowerState] INFO  server.RaftServerConfigKeys (ConfUtils.java:logFallback(53)) - raft.server.rpc.first-election.timeout.min = 5s (fallback to raft.server.rpc.timeout.min)
2023-09-07 04:53:27,265 [47d0d84e-4e3a-4d8b-8411-824294f25318-groupManagement] INFO  util.JmxRegister (JmxRegister.java:tryRegister(44)) - Successfully registered JMX Bean with object name Ratis:service=RaftServer,group=group-3FB509572725,id=47d0d84e-4e3a-4d8b-8411-824294f25318
2023-09-07 04:53:27,265 [47d0d84e-4e3a-4d8b-8411-824294f25318-groupManagement] INFO  server.RaftServerConfigKeys (ConfUtils.java:logGet(46)) - raft.server.snapshot.auto.trigger.enabled = true (custom)
2023-09-07 04:53:27,265 [47d0d84e-4e3a-4d8b-8411-824294f25318@group-3FB509572725-FollowerState] INFO  server.RaftServerConfigKeys (ConfUtils.java:logFallback(53)) - raft.server.rpc.first-election.timeout.max = 5200ms (fallback to raft.server.rpc.timeout.max)
2023-09-07 04:53:27,265 [47d0d84e-4e3a-4d8b-8411-824294f25318-groupManagement] INFO  server.RaftServerConfigKeys (ConfUtils.java:logGet(46)) - raft.server.snapshot.auto.trigger.threshold = 10000 (custom)
2023-09-07 04:53:27,266 [47d0d84e-4e3a-4d8b-8411-824294f25318-groupManagement] INFO  server.RaftServerConfigKeys (ConfUtils.java:logGet(46)) - raft.server.snapshot.retention.file.num = 5 (custom)
2023-09-07 04:53:27,266 [47d0d84e-4e3a-4d8b-8411-824294f25318-groupManagement] INFO  server.RaftServerConfigKeys (ConfUtils.java:logGet(46)) - raft.server.log.purge.upto.snapshot.index = false (default)
2023-09-07 04:53:27,266 [PipelineCommandHandlerThread-0] INFO  ratis.XceiverServerRatis (XceiverServerRatis.java:addGroup(804)) - Created group PipelineID=29b6a1cb-b0e2-442d-a93b-3fb509572725
2023-09-07 04:53:27,266 [PipelineCommandHandlerThread-0] INFO  commandhandler.CreatePipelineCommandHandler (CreatePipelineCommandHandler.java:lambda$handle$2(124)) - Created Pipeline RATIS ONE PipelineID=29b6a1cb-b0e2-442d-a93b-3fb509572725.
2023-09-07 04:53:28,227 [main] INFO  ozone.MiniOzoneClusterImpl (MiniOzoneClusterImpl.java:lambda$waitForClusterToBeReady$0(224)) - Nodes are ready. Got 5 of 5 DN Heartbeats.
2023-09-07 04:53:28,228 [main] INFO  ozone.MiniOzoneClusterImpl (MiniOzoneClusterImpl.java:lambda$waitForClusterToBeReady$0(227)) - Waiting for cluster to exit safe mode
2023-09-07 04:53:28,228 [main] INFO  ozone.MiniOzoneClusterImpl (MiniOzoneClusterImpl.java:lambda$waitForClusterToBeReady$0(229)) - SCM became leader
2023-09-07 04:53:29,228 [main] INFO  ozone.MiniOzoneClusterImpl (MiniOzoneClusterImpl.java:lambda$waitForClusterToBeReady$0(224)) - Nodes are ready. Got 5 of 5 DN Heartbeats.
2023-09-07 04:53:29,228 [main] INFO  ozone.MiniOzoneClusterImpl (MiniOzoneClusterImpl.java:lambda$waitForClusterToBeReady$0(227)) - Waiting for cluster to exit safe mode
2023-09-07 04:53:29,228 [main] INFO  ozone.MiniOzoneClusterImpl (MiniOzoneClusterImpl.java:lambda$waitForClusterToBeReady$0(229)) - SCM became leader
2023-09-07 04:53:30,229 [main] INFO  ozone.MiniOzoneClusterImpl (MiniOzoneClusterImpl.java:lambda$waitForClusterToBeReady$0(224)) - Nodes are ready. Got 5 of 5 DN Heartbeats.
2023-09-07 04:53:30,229 [main] INFO  ozone.MiniOzoneClusterImpl (MiniOzoneClusterImpl.java:lambda$waitForClusterToBeReady$0(227)) - Waiting for cluster to exit safe mode
2023-09-07 04:53:30,229 [main] INFO  ozone.MiniOzoneClusterImpl (MiniOzoneClusterImpl.java:lambda$waitForClusterToBeReady$0(229)) - SCM became leader
2023-09-07 04:53:30,841 [c2ff68ec-fb8c-48a5-8338-8b04228d05a1@group-2482551A0811-FollowerState] INFO  impl.FollowerState (FollowerState.java:run(143)) - c2ff68ec-fb8c-48a5-8338-8b04228d05a1@group-2482551A0811-FollowerState: change to CANDIDATE, lastRpcElapsedTime:5023374377ns, electionTimeout:5022ms
2023-09-07 04:53:30,841 [c2ff68ec-fb8c-48a5-8338-8b04228d05a1@group-2482551A0811-FollowerState] INFO  impl.RoleInfo (RoleInfo.java:shutdownFollowerState(110)) - c2ff68ec-fb8c-48a5-8338-8b04228d05a1: shutdown c2ff68ec-fb8c-48a5-8338-8b04228d05a1@group-2482551A0811-FollowerState
2023-09-07 04:53:30,841 [c2ff68ec-fb8c-48a5-8338-8b04228d05a1@group-2482551A0811-FollowerState] INFO  server.RaftServer$Division (RaftServerImpl.java:setRole(329)) - c2ff68ec-fb8c-48a5-8338-8b04228d05a1@group-2482551A0811: changes role from  FOLLOWER to CANDIDATE at term 0 for changeToCandidate
2023-09-07 04:53:30,841 [c2ff68ec-fb8c-48a5-8338-8b04228d05a1@group-2482551A0811-FollowerState] INFO  server.RaftServerConfigKeys (ConfUtils.java:logGet(46)) - raft.server.leaderelection.pre-vote = true (default)
2023-09-07 04:53:30,841 [c2ff68ec-fb8c-48a5-8338-8b04228d05a1@group-2482551A0811-FollowerState] INFO  impl.RoleInfo (RoleInfo.java:updateAndGet(139)) - c2ff68ec-fb8c-48a5-8338-8b04228d05a1: start c2ff68ec-fb8c-48a5-8338-8b04228d05a1@group-2482551A0811-LeaderElection29
2023-09-07 04:53:30,845 [c2ff68ec-fb8c-48a5-8338-8b04228d05a1@group-2482551A0811-LeaderElection29] INFO  impl.LeaderElection (LeaderElection.java:askForVotes(321)) - c2ff68ec-fb8c-48a5-8338-8b04228d05a1@group-2482551A0811-LeaderElection29 PRE_VOTE round 0: submit vote requests at term 0 for -1: peers:[87043b48-aa73-4006-a4ab-d1e7624806a9|rpc:10.1.0.9:15182|admin:10.1.0.9:15181|client:10.1.0.9:15180|dataStream:10.1.0.9:15183|priority:1|startupRole:FOLLOWER, 5e8b1818-5304-4881-9e46-c74e35e46625|rpc:10.1.0.9:15191|admin:10.1.0.9:15190|client:10.1.0.9:15189|dataStream:10.1.0.9:15192|priority:0|startupRole:FOLLOWER, c2ff68ec-fb8c-48a5-8338-8b04228d05a1|rpc:10.1.0.9:15173|admin:10.1.0.9:15172|client:10.1.0.9:15171|dataStream:10.1.0.9:15174|priority:0|startupRole:FOLLOWER]|listeners:[], old=null
2023-09-07 04:53:30,846 [c2ff68ec-fb8c-48a5-8338-8b04228d05a1@group-2482551A0811-LeaderElection29] INFO  server.RaftServerConfigKeys (ConfUtils.java:logFallback(53)) - raft.server.rpc.first-election.timeout.min = 5s (fallback to raft.server.rpc.timeout.min)
2023-09-07 04:53:30,846 [c2ff68ec-fb8c-48a5-8338-8b04228d05a1@group-2482551A0811-LeaderElection29-1] INFO  server.GrpcServerProtocolClient (GrpcServerProtocolClient.java:<init>(65)) - Build channel for 87043b48-aa73-4006-a4ab-d1e7624806a9
2023-09-07 04:53:30,846 [c2ff68ec-fb8c-48a5-8338-8b04228d05a1@group-2482551A0811-LeaderElection29-2] INFO  server.GrpcServerProtocolClient (GrpcServerProtocolClient.java:<init>(65)) - Build channel for 5e8b1818-5304-4881-9e46-c74e35e46625
2023-09-07 04:53:30,846 [c2ff68ec-fb8c-48a5-8338-8b04228d05a1@group-2482551A0811-LeaderElection29] INFO  server.RaftServerConfigKeys (ConfUtils.java:logFallback(53)) - raft.server.rpc.first-election.timeout.max = 5200ms (fallback to raft.server.rpc.timeout.max)
2023-09-07 04:53:30,860 [grpc-default-executor-0] INFO  server.RaftServer$Division (RaftServerImpl.java:requestVote(1302)) - 5e8b1818-5304-4881-9e46-c74e35e46625@group-2482551A0811: receive requestVote(PRE_VOTE, c2ff68ec-fb8c-48a5-8338-8b04228d05a1, group-2482551A0811, 0, (t:0, i:0))
2023-09-07 04:53:30,861 [grpc-default-executor-0] INFO  impl.VoteContext (VoteContext.java:log(49)) - 5e8b1818-5304-4881-9e46-c74e35e46625@group-2482551A0811-FOLLOWER: accept PRE_VOTE from c2ff68ec-fb8c-48a5-8338-8b04228d05a1: our priority 0 <= candidate's priority 0
2023-09-07 04:53:30,861 [grpc-default-executor-0] INFO  server.RaftServer$Division (RaftServerImpl.java:requestVote(1335)) - 5e8b1818-5304-4881-9e46-c74e35e46625@group-2482551A0811 replies to PRE_VOTE vote request: c2ff68ec-fb8c-48a5-8338-8b04228d05a1<-5e8b1818-5304-4881-9e46-c74e35e46625#0:OK-t0. Peer's state: 5e8b1818-5304-4881-9e46-c74e35e46625@group-2482551A0811:t0, leader=null, voted=, raftlog=Memoized:5e8b1818-5304-4881-9e46-c74e35e46625@group-2482551A0811-SegmentedRaftLog:OPENED:c-1, conf=-1: peers:[87043b48-aa73-4006-a4ab-d1e7624806a9|rpc:10.1.0.9:15182|admin:10.1.0.9:15181|client:10.1.0.9:15180|dataStream:10.1.0.9:15183|priority:1|startupRole:FOLLOWER, 5e8b1818-5304-4881-9e46-c74e35e46625|rpc:10.1.0.9:15191|admin:10.1.0.9:15190|client:10.1.0.9:15189|dataStream:10.1.0.9:15192|priority:0|startupRole:FOLLOWER, c2ff68ec-fb8c-48a5-8338-8b04228d05a1|rpc:10.1.0.9:15173|admin:10.1.0.9:15172|client:10.1.0.9:15171|dataStream:10.1.0.9:15174|priority:0|startupRole:FOLLOWER]|listeners:[], old=null
2023-09-07 04:53:30,867 [grpc-default-executor-0] INFO  server.RaftServer$Division (RaftServerImpl.java:requestVote(1302)) - 87043b48-aa73-4006-a4ab-d1e7624806a9@group-2482551A0811: receive requestVote(PRE_VOTE, c2ff68ec-fb8c-48a5-8338-8b04228d05a1, group-2482551A0811, 0, (t:0, i:0))
2023-09-07 04:53:30,867 [grpc-default-executor-0] INFO  impl.VoteContext (VoteContext.java:log(49)) - 87043b48-aa73-4006-a4ab-d1e7624806a9@group-2482551A0811-FOLLOWER: reject PRE_VOTE from c2ff68ec-fb8c-48a5-8338-8b04228d05a1: our priority 1 > candidate's priority 0
2023-09-07 04:53:30,867 [grpc-default-executor-0] INFO  server.RaftServer$Division (RaftServerImpl.java:requestVote(1335)) - 87043b48-aa73-4006-a4ab-d1e7624806a9@group-2482551A0811 replies to PRE_VOTE vote request: c2ff68ec-fb8c-48a5-8338-8b04228d05a1<-87043b48-aa73-4006-a4ab-d1e7624806a9#0:FAIL-t0. Peer's state: 87043b48-aa73-4006-a4ab-d1e7624806a9@group-2482551A0811:t0, leader=null, voted=, raftlog=Memoized:87043b48-aa73-4006-a4ab-d1e7624806a9@group-2482551A0811-SegmentedRaftLog:OPENED:c-1, conf=-1: peers:[87043b48-aa73-4006-a4ab-d1e7624806a9|rpc:10.1.0.9:15182|admin:10.1.0.9:15181|client:10.1.0.9:15180|dataStream:10.1.0.9:15183|priority:1|startupRole:FOLLOWER, 5e8b1818-5304-4881-9e46-c74e35e46625|rpc:10.1.0.9:15191|admin:10.1.0.9:15190|client:10.1.0.9:15189|dataStream:10.1.0.9:15192|priority:0|startupRole:FOLLOWER, c2ff68ec-fb8c-48a5-8338-8b04228d05a1|rpc:10.1.0.9:15173|admin:10.1.0.9:15172|client:10.1.0.9:15171|dataStream:10.1.0.9:15174|priority:0|startupRole:FOLLOWER]|listeners:[], old=null
2023-09-07 04:53:30,869 [c2ff68ec-fb8c-48a5-8338-8b04228d05a1@group-2482551A0811-LeaderElection29] INFO  impl.LeaderElection (LeaderElection.java:logAndReturn(90)) - c2ff68ec-fb8c-48a5-8338-8b04228d05a1@group-2482551A0811-LeaderElection29: PRE_VOTE REJECTED received 2 response(s) and 0 exception(s):
2023-09-07 04:53:30,869 [c2ff68ec-fb8c-48a5-8338-8b04228d05a1@group-2482551A0811-LeaderElection29] INFO  impl.LeaderElection (LeaderElection.java:logAndReturn(94)) -   Response 0: c2ff68ec-fb8c-48a5-8338-8b04228d05a1<-87043b48-aa73-4006-a4ab-d1e7624806a9#0:FAIL-t0
2023-09-07 04:53:30,869 [c2ff68ec-fb8c-48a5-8338-8b04228d05a1@group-2482551A0811-LeaderElection29] INFO  impl.LeaderElection (LeaderElection.java:logAndReturn(94)) -   Response 1: c2ff68ec-fb8c-48a5-8338-8b04228d05a1<-5e8b1818-5304-4881-9e46-c74e35e46625#0:OK-t0
2023-09-07 04:53:30,869 [c2ff68ec-fb8c-48a5-8338-8b04228d05a1@group-2482551A0811-LeaderElection29] INFO  impl.LeaderElection (LeaderElection.java:askForVotes(323)) - c2ff68ec-fb8c-48a5-8338-8b04228d05a1@group-2482551A0811-LeaderElection29 PRE_VOTE round 0: result REJECTED
2023-09-07 04:53:30,869 [c2ff68ec-fb8c-48a5-8338-8b04228d05a1@group-2482551A0811-LeaderElection29] INFO  server.RaftServer$Division (RaftServerImpl.java:setRole(329)) - c2ff68ec-fb8c-48a5-8338-8b04228d05a1@group-2482551A0811: changes role from CANDIDATE to FOLLOWER at term 0 for REJECTED
2023-09-07 04:53:30,869 [c2ff68ec-fb8c-48a5-8338-8b04228d05a1@group-2482551A0811-LeaderElection29] INFO  impl.RoleInfo (RoleInfo.java:shutdownLeaderElection(130)) - c2ff68ec-fb8c-48a5-8338-8b04228d05a1: shutdown c2ff68ec-fb8c-48a5-8338-8b04228d05a1@group-2482551A0811-LeaderElection29
2023-09-07 04:53:30,869 [c2ff68ec-fb8c-48a5-8338-8b04228d05a1@group-2482551A0811-LeaderElection29] INFO  impl.RoleInfo (RoleInfo.java:updateAndGet(139)) - c2ff68ec-fb8c-48a5-8338-8b04228d05a1: start c2ff68ec-fb8c-48a5-8338-8b04228d05a1@group-2482551A0811-FollowerState
2023-09-07 04:53:30,950 [5e8b1818-5304-4881-9e46-c74e35e46625@group-2482551A0811-FollowerState] INFO  server.RaftServerConfigKeys (ConfUtils.java:logFallback(53)) - raft.server.rpc.first-election.timeout.min = 5s (fallback to raft.server.rpc.timeout.min)
2023-09-07 04:53:30,950 [5e8b1818-5304-4881-9e46-c74e35e46625@group-2482551A0811-FollowerState] INFO  server.RaftServerConfigKeys (ConfUtils.java:logFallback(53)) - raft.server.rpc.first-election.timeout.max = 5200ms (fallback to raft.server.rpc.timeout.max)
2023-09-07 04:53:30,969 [87043b48-aa73-4006-a4ab-d1e7624806a9@group-2482551A0811-FollowerState] INFO  impl.FollowerState (FollowerState.java:run(143)) - 87043b48-aa73-4006-a4ab-d1e7624806a9@group-2482551A0811-FollowerState: change to CANDIDATE, lastRpcElapsedTime:5042942149ns, electionTimeout:5039ms
2023-09-07 04:53:30,969 [87043b48-aa73-4006-a4ab-d1e7624806a9@group-2482551A0811-FollowerState] INFO  impl.RoleInfo (RoleInfo.java:shutdownFollowerState(110)) - 87043b48-aa73-4006-a4ab-d1e7624806a9: shutdown 87043b48-aa73-4006-a4ab-d1e7624806a9@group-2482551A0811-FollowerState
2023-09-07 04:53:30,969 [87043b48-aa73-4006-a4ab-d1e7624806a9@group-2482551A0811-FollowerState] INFO  server.RaftServer$Division (RaftServerImpl.java:setRole(329)) - 87043b48-aa73-4006-a4ab-d1e7624806a9@group-2482551A0811: changes role from  FOLLOWER to CANDIDATE at term 0 for changeToCandidate
2023-09-07 04:53:30,969 [87043b48-aa73-4006-a4ab-d1e7624806a9@group-2482551A0811-FollowerState] INFO  server.RaftServerConfigKeys (ConfUtils.java:logGet(46)) - raft.server.leaderelection.pre-vote = true (default)
2023-09-07 04:53:30,969 [87043b48-aa73-4006-a4ab-d1e7624806a9@group-2482551A0811-FollowerState] INFO  impl.RoleInfo (RoleInfo.java:updateAndGet(139)) - 87043b48-aa73-4006-a4ab-d1e7624806a9: start 87043b48-aa73-4006-a4ab-d1e7624806a9@group-2482551A0811-LeaderElection30
2023-09-07 04:53:30,972 [87043b48-aa73-4006-a4ab-d1e7624806a9@group-2482551A0811-LeaderElection30] INFO  impl.LeaderElection (LeaderElection.java:askForVotes(321)) - 87043b48-aa73-4006-a4ab-d1e7624806a9@group-2482551A0811-LeaderElection30 PRE_VOTE round 0: submit vote requests at term 0 for -1: peers:[87043b48-aa73-4006-a4ab-d1e7624806a9|rpc:10.1.0.9:15182|admin:10.1.0.9:15181|client:10.1.0.9:15180|dataStream:10.1.0.9:15183|priority:1|startupRole:FOLLOWER, 5e8b1818-5304-4881-9e46-c74e35e46625|rpc:10.1.0.9:15191|admin:10.1.0.9:15190|client:10.1.0.9:15189|dataStream:10.1.0.9:15192|priority:0|startupRole:FOLLOWER, c2ff68ec-fb8c-48a5-8338-8b04228d05a1|rpc:10.1.0.9:15173|admin:10.1.0.9:15172|client:10.1.0.9:15171|dataStream:10.1.0.9:15174|priority:0|startupRole:FOLLOWER]|listeners:[], old=null
2023-09-07 04:53:30,973 [87043b48-aa73-4006-a4ab-d1e7624806a9@group-2482551A0811-LeaderElection30-1] INFO  server.GrpcServerProtocolClient (GrpcServerProtocolClient.java:<init>(65)) - Build channel for 5e8b1818-5304-4881-9e46-c74e35e46625
2023-09-07 04:53:30,973 [87043b48-aa73-4006-a4ab-d1e7624806a9@group-2482551A0811-LeaderElection30] INFO  server.RaftServerConfigKeys (ConfUtils.java:logFallback(53)) - raft.server.rpc.first-election.timeout.min = 5s (fallback to raft.server.rpc.timeout.min)
2023-09-07 04:53:30,973 [87043b48-aa73-4006-a4ab-d1e7624806a9@group-2482551A0811-LeaderElection30] INFO  server.RaftServerConfigKeys (ConfUtils.java:logFallback(53)) - raft.server.rpc.first-election.timeout.max = 5200ms (fallback to raft.server.rpc.timeout.max)
2023-09-07 04:53:30,973 [87043b48-aa73-4006-a4ab-d1e7624806a9@group-2482551A0811-LeaderElection30-2] INFO  server.GrpcServerProtocolClient (GrpcServerProtocolClient.java:<init>(65)) - Build channel for c2ff68ec-fb8c-48a5-8338-8b04228d05a1
2023-09-07 04:53:30,983 [c2ff68ec-fb8c-48a5-8338-8b04228d05a1@group-03EB34C918D5-FollowerState] INFO  impl.FollowerState (FollowerState.java:run(143)) - c2ff68ec-fb8c-48a5-8338-8b04228d05a1@group-03EB34C918D5-FollowerState: change to CANDIDATE, lastRpcElapsedTime:5185085378ns, electionTimeout:5184ms
2023-09-07 04:53:30,983 [c2ff68ec-fb8c-48a5-8338-8b04228d05a1@group-03EB34C918D5-FollowerState] INFO  impl.RoleInfo (RoleInfo.java:shutdownFollowerState(110)) - c2ff68ec-fb8c-48a5-8338-8b04228d05a1: shutdown c2ff68ec-fb8c-48a5-8338-8b04228d05a1@group-03EB34C918D5-FollowerState
2023-09-07 04:53:30,983 [c2ff68ec-fb8c-48a5-8338-8b04228d05a1@group-03EB34C918D5-FollowerState] INFO  server.RaftServer$Division (RaftServerImpl.java:setRole(329)) - c2ff68ec-fb8c-48a5-8338-8b04228d05a1@group-03EB34C918D5: changes role from  FOLLOWER to CANDIDATE at term 0 for changeToCandidate
2023-09-07 04:53:30,983 [c2ff68ec-fb8c-48a5-8338-8b04228d05a1@group-03EB34C918D5-FollowerState] INFO  server.RaftServerConfigKeys (ConfUtils.java:logGet(46)) - raft.server.leaderelection.pre-vote = true (default)
2023-09-07 04:53:30,983 [c2ff68ec-fb8c-48a5-8338-8b04228d05a1@group-03EB34C918D5-FollowerState] INFO  impl.RoleInfo (RoleInfo.java:updateAndGet(139)) - c2ff68ec-fb8c-48a5-8338-8b04228d05a1: start c2ff68ec-fb8c-48a5-8338-8b04228d05a1@group-03EB34C918D5-LeaderElection31
2023-09-07 04:53:30,986 [grpc-default-executor-0] INFO  server.RaftServer$Division (RaftServerImpl.java:requestVote(1302)) - c2ff68ec-fb8c-48a5-8338-8b04228d05a1@group-2482551A0811: receive requestVote(PRE_VOTE, 87043b48-aa73-4006-a4ab-d1e7624806a9, group-2482551A0811, 0, (t:0, i:0))
2023-09-07 04:53:30,986 [grpc-default-executor-0] INFO  impl.VoteContext (VoteContext.java:log(49)) - c2ff68ec-fb8c-48a5-8338-8b04228d05a1@group-2482551A0811-FOLLOWER: accept PRE_VOTE from 87043b48-aa73-4006-a4ab-d1e7624806a9: our priority 0 <= candidate's priority 1
2023-09-07 04:53:30,986 [grpc-default-executor-0] INFO  server.RaftServer$Division (RaftServerImpl.java:requestVote(1335)) - c2ff68ec-fb8c-48a5-8338-8b04228d05a1@group-2482551A0811 replies to PRE_VOTE vote request: 87043b48-aa73-4006-a4ab-d1e7624806a9<-c2ff68ec-fb8c-48a5-8338-8b04228d05a1#0:OK-t0. Peer's state: c2ff68ec-fb8c-48a5-8338-8b04228d05a1@group-2482551A0811:t0, leader=null, voted=, raftlog=Memoized:c2ff68ec-fb8c-48a5-8338-8b04228d05a1@group-2482551A0811-SegmentedRaftLog:OPENED:c-1, conf=-1: peers:[87043b48-aa73-4006-a4ab-d1e7624806a9|rpc:10.1.0.9:15182|admin:10.1.0.9:15181|client:10.1.0.9:15180|dataStream:10.1.0.9:15183|priority:1|startupRole:FOLLOWER, 5e8b1818-5304-4881-9e46-c74e35e46625|rpc:10.1.0.9:15191|admin:10.1.0.9:15190|client:10.1.0.9:15189|dataStream:10.1.0.9:15192|priority:0|startupRole:FOLLOWER, c2ff68ec-fb8c-48a5-8338-8b04228d05a1|rpc:10.1.0.9:15173|admin:10.1.0.9:15172|client:10.1.0.9:15171|dataStream:10.1.0.9:15174|priority:0|startupRole:FOLLOWER]|listeners:[], old=null
2023-09-07 04:53:30,991 [grpc-default-executor-0] INFO  server.RaftServer$Division (RaftServerImpl.java:requestVote(1302)) - 5e8b1818-5304-4881-9e46-c74e35e46625@group-2482551A0811: receive requestVote(PRE_VOTE, 87043b48-aa73-4006-a4ab-d1e7624806a9, group-2482551A0811, 0, (t:0, i:0))
2023-09-07 04:53:30,991 [grpc-default-executor-0] INFO  impl.VoteContext (VoteContext.java:log(49)) - 5e8b1818-5304-4881-9e46-c74e35e46625@group-2482551A0811-FOLLOWER: accept PRE_VOTE from 87043b48-aa73-4006-a4ab-d1e7624806a9: our priority 0 <= candidate's priority 1
2023-09-07 04:53:30,991 [grpc-default-executor-0] INFO  server.RaftServer$Division (RaftServerImpl.java:requestVote(1335)) - 5e8b1818-5304-4881-9e46-c74e35e46625@group-2482551A0811 replies to PRE_VOTE vote request: 87043b48-aa73-4006-a4ab-d1e7624806a9<-5e8b1818-5304-4881-9e46-c74e35e46625#0:OK-t0. Peer's state: 5e8b1818-5304-4881-9e46-c74e35e46625@group-2482551A0811:t0, leader=null, voted=, raftlog=Memoized:5e8b1818-5304-4881-9e46-c74e35e46625@group-2482551A0811-SegmentedRaftLog:OPENED:c-1, conf=-1: peers:[87043b48-aa73-4006-a4ab-d1e7624806a9|rpc:10.1.0.9:15182|admin:10.1.0.9:15181|client:10.1.0.9:15180|dataStream:10.1.0.9:15183|priority:1|startupRole:FOLLOWER, 5e8b1818-5304-4881-9e46-c74e35e46625|rpc:10.1.0.9:15191|admin:10.1.0.9:15190|client:10.1.0.9:15189|dataStream:10.1.0.9:15192|priority:0|startupRole:FOLLOWER, c2ff68ec-fb8c-48a5-8338-8b04228d05a1|rpc:10.1.0.9:15173|admin:10.1.0.9:15172|client:10.1.0.9:15171|dataStream:10.1.0.9:15174|priority:0|startupRole:FOLLOWER]|listeners:[], old=null
2023-09-07 04:53:30,994 [87043b48-aa73-4006-a4ab-d1e7624806a9@group-2482551A0811-LeaderElection30] INFO  impl.LeaderElection (LeaderElection.java:logAndReturn(90)) - 87043b48-aa73-4006-a4ab-d1e7624806a9@group-2482551A0811-LeaderElection30: PRE_VOTE PASSED received 1 response(s) and 0 exception(s):
2023-09-07 04:53:30,994 [87043b48-aa73-4006-a4ab-d1e7624806a9@group-2482551A0811-LeaderElection30] INFO  impl.LeaderElection (LeaderElection.java:logAndReturn(94)) -   Response 0: 87043b48-aa73-4006-a4ab-d1e7624806a9<-5e8b1818-5304-4881-9e46-c74e35e46625#0:OK-t0
2023-09-07 04:53:30,994 [87043b48-aa73-4006-a4ab-d1e7624806a9@group-2482551A0811-LeaderElection30] INFO  impl.LeaderElection (LeaderElection.java:askForVotes(323)) - 87043b48-aa73-4006-a4ab-d1e7624806a9@group-2482551A0811-LeaderElection30 PRE_VOTE round 0: result PASSED
2023-09-07 04:53:30,996 [87043b48-aa73-4006-a4ab-d1e7624806a9@group-2482551A0811-LeaderElection30] INFO  impl.LeaderElection (LeaderElection.java:askForVotes(321)) - 87043b48-aa73-4006-a4ab-d1e7624806a9@group-2482551A0811-LeaderElection30 ELECTION round 0: submit vote requests at term 1 for -1: peers:[87043b48-aa73-4006-a4ab-d1e7624806a9|rpc:10.1.0.9:15182|admin:10.1.0.9:15181|client:10.1.0.9:15180|dataStream:10.1.0.9:15183|priority:1|startupRole:FOLLOWER, 5e8b1818-5304-4881-9e46-c74e35e46625|rpc:10.1.0.9:15191|admin:10.1.0.9:15190|client:10.1.0.9:15189|dataStream:10.1.0.9:15192|priority:0|startupRole:FOLLOWER, c2ff68ec-fb8c-48a5-8338-8b04228d05a1|rpc:10.1.0.9:15173|admin:10.1.0.9:15172|client:10.1.0.9:15171|dataStream:10.1.0.9:15174|priority:0|startupRole:FOLLOWER]|listeners:[], old=null
2023-09-07 04:53:30,998 [grpc-default-executor-0] INFO  server.RaftServer$Division (RaftServerImpl.java:requestVote(1302)) - 5e8b1818-5304-4881-9e46-c74e35e46625@group-2482551A0811: receive requestVote(ELECTION, 87043b48-aa73-4006-a4ab-d1e7624806a9, group-2482551A0811, 1, (t:0, i:0))
2023-09-07 04:53:30,998 [grpc-default-executor-0] INFO  impl.VoteContext (VoteContext.java:log(49)) - 5e8b1818-5304-4881-9e46-c74e35e46625@group-2482551A0811-FOLLOWER: accept ELECTION from 87043b48-aa73-4006-a4ab-d1e7624806a9: our priority 0 <= candidate's priority 1
2023-09-07 04:53:30,998 [grpc-default-executor-0] INFO  server.RaftServer$Division (RaftServerImpl.java:setRole(329)) - 5e8b1818-5304-4881-9e46-c74e35e46625@group-2482551A0811: changes role from  FOLLOWER to FOLLOWER at term 1 for candidate:87043b48-aa73-4006-a4ab-d1e7624806a9
2023-09-07 04:53:30,998 [grpc-default-executor-0] INFO  impl.RoleInfo (RoleInfo.java:shutdownFollowerState(110)) - 5e8b1818-5304-4881-9e46-c74e35e46625: shutdown 5e8b1818-5304-4881-9e46-c74e35e46625@group-2482551A0811-FollowerState
2023-09-07 04:53:30,999 [87043b48-aa73-4006-a4ab-d1e7624806a9@group-2482551A0811-LeaderElection30] INFO  server.RaftServerConfigKeys (ConfUtils.java:logFallback(53)) - raft.server.rpc.first-election.timeout.min = 5s (fallback to raft.server.rpc.timeout.min)
2023-09-07 04:53:30,999 [87043b48-aa73-4006-a4ab-d1e7624806a9@group-2482551A0811-LeaderElection30] INFO  server.RaftServerConfigKeys (ConfUtils.java:logFallback(53)) - raft.server.rpc.first-election.timeout.max = 5200ms (fallback to raft.server.rpc.timeout.max)
2023-09-07 04:53:30,999 [grpc-default-executor-0] INFO  impl.RoleInfo (RoleInfo.java:updateAndGet(139)) - 5e8b1818-5304-4881-9e46-c74e35e46625: start 5e8b1818-5304-4881-9e46-c74e35e46625@group-2482551A0811-FollowerState
2023-09-07 04:53:30,999 [5e8b1818-5304-4881-9e46-c74e35e46625@group-2482551A0811-FollowerState] INFO  impl.FollowerState (FollowerState.java:run(152)) - 5e8b1818-5304-4881-9e46-c74e35e46625@group-2482551A0811-FollowerState was interrupted
2023-09-07 04:53:31,004 [c2ff68ec-fb8c-48a5-8338-8b04228d05a1@group-03EB34C918D5-LeaderElection31] INFO  impl.LeaderElection (LeaderElection.java:askForVotes(321)) - c2ff68ec-fb8c-48a5-8338-8b04228d05a1@group-03EB34C918D5-LeaderElection31 PRE_VOTE round 0: submit vote requests at term 0 for -1: peers:[c2ff68ec-fb8c-48a5-8338-8b04228d05a1|rpc:10.1.0.9:15173|admin:10.1.0.9:15172|client:10.1.0.9:15171|dataStream:10.1.0.9:15174|priority:1|startupRole:FOLLOWER]|listeners:[], old=null
2023-09-07 04:53:31,004 [c2ff68ec-fb8c-48a5-8338-8b04228d05a1@group-03EB34C918D5-LeaderElection31] INFO  impl.LeaderElection (LeaderElection.java:askForVotes(323)) - c2ff68ec-fb8c-48a5-8338-8b04228d05a1@group-03EB34C918D5-LeaderElection31 PRE_VOTE round 0: result PASSED (term=0)
2023-09-07 04:53:31,006 [c2ff68ec-fb8c-48a5-8338-8b04228d05a1@group-03EB34C918D5-LeaderElection31] INFO  impl.LeaderElection (LeaderElection.java:askForVotes(321)) - c2ff68ec-fb8c-48a5-8338-8b04228d05a1@group-03EB34C918D5-LeaderElection31 ELECTION round 0: submit vote requests at term 1 for -1: peers:[c2ff68ec-fb8c-48a5-8338-8b04228d05a1|rpc:10.1.0.9:15173|admin:10.1.0.9:15172|client:10.1.0.9:15171|dataStream:10.1.0.9:15174|priority:1|startupRole:FOLLOWER]|listeners:[], old=null
2023-09-07 04:53:31,007 [c2ff68ec-fb8c-48a5-8338-8b04228d05a1@group-03EB34C918D5-LeaderElection31] INFO  impl.LeaderElection (LeaderElection.java:askForVotes(323)) - c2ff68ec-fb8c-48a5-8338-8b04228d05a1@group-03EB34C918D5-LeaderElection31 ELECTION round 0: result PASSED (term=1)
2023-09-07 04:53:31,007 [c2ff68ec-fb8c-48a5-8338-8b04228d05a1@group-03EB34C918D5-LeaderElection31] INFO  impl.RoleInfo (RoleInfo.java:shutdownLeaderElection(130)) - c2ff68ec-fb8c-48a5-8338-8b04228d05a1: shutdown c2ff68ec-fb8c-48a5-8338-8b04228d05a1@group-03EB34C918D5-LeaderElection31
2023-09-07 04:53:31,007 [c2ff68ec-fb8c-48a5-8338-8b04228d05a1@group-03EB34C918D5-LeaderElection31] INFO  server.RaftServer$Division (RaftServerImpl.java:setRole(329)) - c2ff68ec-fb8c-48a5-8338-8b04228d05a1@group-03EB34C918D5: changes role from CANDIDATE to LEADER at term 1 for changeToLeader
2023-09-07 04:53:31,007 [c2ff68ec-fb8c-48a5-8338-8b04228d05a1@group-03EB34C918D5-LeaderElection31] INFO  ratis.XceiverServerRatis (XceiverServerRatis.java:handleLeaderChangedNotification(902)) - Leader change notification received for group: group-03EB34C918D5 with new leaderId: c2ff68ec-fb8c-48a5-8338-8b04228d05a1
2023-09-07 04:53:31,007 [c2ff68ec-fb8c-48a5-8338-8b04228d05a1@group-03EB34C918D5-LeaderElection31] INFO  server.RaftServer$Division (ServerState.java:setLeader(317)) - c2ff68ec-fb8c-48a5-8338-8b04228d05a1@group-03EB34C918D5: change Leader from null to c2ff68ec-fb8c-48a5-8338-8b04228d05a1 at term 1 for becomeLeader, leader elected after 5229ms
2023-09-07 04:53:31,007 [c2ff68ec-fb8c-48a5-8338-8b04228d05a1@group-03EB34C918D5-LeaderElection31] INFO  server.RaftServerConfigKeys (ConfUtils.java:logGet(46)) - raft.server.staging.catchup.gap = 1000 (default)
2023-09-07 04:53:31,007 [c2ff68ec-fb8c-48a5-8338-8b04228d05a1@group-03EB34C918D5-LeaderElection31] INFO  server.RaftServerConfigKeys (ConfUtils.java:logGet(46)) - raft.server.write.element-limit = 1024 (custom)
2023-09-07 04:53:31,007 [c2ff68ec-fb8c-48a5-8338-8b04228d05a1@group-03EB34C918D5-LeaderElection31] INFO  server.RaftServerConfigKeys (ConfUtils.java:logGet(46)) - raft.server.write.byte-limit = 1024 M (=1073741824) (custom)
2023-09-07 04:53:31,008 [c2ff68ec-fb8c-48a5-8338-8b04228d05a1@group-03EB34C918D5-LeaderElection31] INFO  server.RaftServerConfigKeys (ConfUtils.java:logGet(46)) - raft.server.watch.timeout = 180s (custom)
2023-09-07 04:53:31,008 [c2ff68ec-fb8c-48a5-8338-8b04228d05a1@group-03EB34C918D5-LeaderElection31] INFO  server.RaftServerConfigKeys (ConfUtils.java:logGet(46)) - raft.server.watch.timeout.denomination = 1s (default)
2023-09-07 04:53:31,008 [c2ff68ec-fb8c-48a5-8338-8b04228d05a1@group-03EB34C918D5-LeaderElection31] INFO  server.RaftServerConfigKeys (ConfUtils.java:logGet(46)) - raft.server.watch.element-limit = 65536 (default)
2023-09-07 04:53:31,008 [c2ff68ec-fb8c-48a5-8338-8b04228d05a1@group-03EB34C918D5-LeaderElection31] INFO  server.RaftServerConfigKeys (ConfUtils.java:logGet(46)) - raft.server.write.element-limit = 1024 (custom)
2023-09-07 04:53:31,008 [c2ff68ec-fb8c-48a5-8338-8b04228d05a1@group-03EB34C918D5-LeaderElection31] INFO  server.RaftServerConfigKeys (ConfUtils.java:logGet(46)) - raft.server.write.follower.gap.ratio.max = -1.0 (default)
2023-09-07 04:53:31,008 [c2ff68ec-fb8c-48a5-8338-8b04228d05a1@group-03EB34C918D5-LeaderElection31] INFO  impl.RoleInfo (RoleInfo.java:updateAndGet(139)) - c2ff68ec-fb8c-48a5-8338-8b04228d05a1: start c2ff68ec-fb8c-48a5-8338-8b04228d05a1@group-03EB34C918D5-LeaderStateImpl
2023-09-07 04:53:31,008 [c2ff68ec-fb8c-48a5-8338-8b04228d05a1@group-03EB34C918D5-LeaderElection31] INFO  segmented.SegmentedRaftLogWorker (SegmentedRaftLogWorker.java:startLogSegment(447)) - c2ff68ec-fb8c-48a5-8338-8b04228d05a1@group-03EB34C918D5-SegmentedRaftLogWorker: Starting segment from index:0
2023-09-07 04:53:31,006 [grpc-default-executor-0] INFO  server.RaftServer$Division (RaftServerImpl.java:requestVote(1335)) - 5e8b1818-5304-4881-9e46-c74e35e46625@group-2482551A0811 replies to ELECTION vote request: 87043b48-aa73-4006-a4ab-d1e7624806a9<-5e8b1818-5304-4881-9e46-c74e35e46625#0:OK-t1. Peer's state: 5e8b1818-5304-4881-9e46-c74e35e46625@group-2482551A0811:t1, leader=null, voted=87043b48-aa73-4006-a4ab-d1e7624806a9, raftlog=Memoized:5e8b1818-5304-4881-9e46-c74e35e46625@group-2482551A0811-SegmentedRaftLog:OPENED:c-1, conf=-1: peers:[87043b48-aa73-4006-a4ab-d1e7624806a9|rpc:10.1.0.9:15182|admin:10.1.0.9:15181|client:10.1.0.9:15180|dataStream:10.1.0.9:15183|priority:1|startupRole:FOLLOWER, 5e8b1818-5304-4881-9e46-c74e35e46625|rpc:10.1.0.9:15191|admin:10.1.0.9:15190|client:10.1.0.9:15189|dataStream:10.1.0.9:15192|priority:0|startupRole:FOLLOWER, c2ff68ec-fb8c-48a5-8338-8b04228d05a1|rpc:10.1.0.9:15173|admin:10.1.0.9:15172|client:10.1.0.9:15171|dataStream:10.1.0.9:15174|priority:0|startupRole:FOLLOWER]|listeners:[], old=null
2023-09-07 04:53:31,011 [EventQueue-OpenPipelineForHealthyPipelineSafeModeRule] INFO  safemode.SCMSafeModeManager (HealthyPipelineSafeModeRule.java:process(137)) - SCM in safe mode. Healthy pipelines reported count is 0, required healthy pipeline reported count is 1
2023-09-07 04:53:31,013 [c2ff68ec-fb8c-48a5-8338-8b04228d05a1@group-03EB34C918D5-SegmentedRaftLogWorker] INFO  segmented.SegmentedRaftLogWorker (SegmentedRaftLogWorker.java:execute(651)) - c2ff68ec-fb8c-48a5-8338-8b04228d05a1@group-03EB34C918D5-SegmentedRaftLogWorker: created new log segment /home/runner/work/ozone/ozone/hadoop-ozone/integration-test/target/test-dir/MiniOzoneClusterImpl-91ddfec9-c3c1-434b-8c78-5e40d1aa2819/datanode-0/data/ratis/1a093d44-c39e-4fd5-9c9e-03eb34c918d5/current/log_inprogress_0
2023-09-07 04:53:31,019 [c2ff68ec-fb8c-48a5-8338-8b04228d05a1@group-03EB34C918D5-LeaderElection31] INFO  server.RaftServer$Division (ServerState.java:setRaftConf(434)) - c2ff68ec-fb8c-48a5-8338-8b04228d05a1@group-03EB34C918D5: set configuration 0: peers:[c2ff68ec-fb8c-48a5-8338-8b04228d05a1|rpc:10.1.0.9:15173|admin:10.1.0.9:15172|client:10.1.0.9:15171|dataStream:10.1.0.9:15174|priority:1|startupRole:FOLLOWER]|listeners:[], old=null
2023-09-07 04:53:31,021 [87043b48-aa73-4006-a4ab-d1e7624806a9@group-2482551A0811-LeaderElection30] INFO  impl.LeaderElection (LeaderElection.java:logAndReturn(90)) - 87043b48-aa73-4006-a4ab-d1e7624806a9@group-2482551A0811-LeaderElection30: ELECTION PASSED received 1 response(s) and 0 exception(s):
2023-09-07 04:53:31,021 [87043b48-aa73-4006-a4ab-d1e7624806a9@group-2482551A0811-LeaderElection30] INFO  impl.LeaderElection (LeaderElection.java:logAndReturn(94)) -   Response 0: 87043b48-aa73-4006-a4ab-d1e7624806a9<-5e8b1818-5304-4881-9e46-c74e35e46625#0:OK-t1
2023-09-07 04:53:31,021 [87043b48-aa73-4006-a4ab-d1e7624806a9@group-2482551A0811-LeaderElection30] INFO  impl.LeaderElection (LeaderElection.java:askForVotes(323)) - 87043b48-aa73-4006-a4ab-d1e7624806a9@group-2482551A0811-LeaderElection30 ELECTION round 0: result PASSED
2023-09-07 04:53:31,021 [87043b48-aa73-4006-a4ab-d1e7624806a9@group-2482551A0811-LeaderElection30] INFO  impl.RoleInfo (RoleInfo.java:shutdownLeaderElection(130)) - 87043b48-aa73-4006-a4ab-d1e7624806a9: shutdown 87043b48-aa73-4006-a4ab-d1e7624806a9@group-2482551A0811-LeaderElection30
2023-09-07 04:53:31,021 [87043b48-aa73-4006-a4ab-d1e7624806a9@group-2482551A0811-LeaderElection30] INFO  server.RaftServer$Division (RaftServerImpl.java:setRole(329)) - 87043b48-aa73-4006-a4ab-d1e7624806a9@group-2482551A0811: changes role from CANDIDATE to LEADER at term 1 for changeToLeader
2023-09-07 04:53:31,021 [87043b48-aa73-4006-a4ab-d1e7624806a9@group-2482551A0811-LeaderElection30] INFO  ratis.XceiverServerRatis (XceiverServerRatis.java:handleLeaderChangedNotification(902)) - Leader change notification received for group: group-2482551A0811 with new leaderId: 87043b48-aa73-4006-a4ab-d1e7624806a9
2023-09-07 04:53:31,022 [87043b48-aa73-4006-a4ab-d1e7624806a9@group-2482551A0811-LeaderElection30] INFO  server.RaftServer$Division (ServerState.java:setLeader(317)) - 87043b48-aa73-4006-a4ab-d1e7624806a9@group-2482551A0811: change Leader from null to 87043b48-aa73-4006-a4ab-d1e7624806a9 at term 1 for becomeLeader, leader elected after 5118ms
2023-09-07 04:53:31,022 [87043b48-aa73-4006-a4ab-d1e7624806a9@group-2482551A0811-LeaderElection30] INFO  server.RaftServerConfigKeys (ConfUtils.java:logGet(46)) - raft.server.staging.catchup.gap = 1000 (default)
2023-09-07 04:53:31,022 [87043b48-aa73-4006-a4ab-d1e7624806a9@group-2482551A0811-LeaderElection30] INFO  server.RaftServerConfigKeys (ConfUtils.java:logGet(46)) - raft.server.write.element-limit = 1024 (custom)
2023-09-07 04:53:31,022 [87043b48-aa73-4006-a4ab-d1e7624806a9@group-2482551A0811-LeaderElection30] INFO  server.RaftServerConfigKeys (ConfUtils.java:logGet(46)) - raft.server.write.byte-limit = 1024 M (=1073741824) (custom)
2023-09-07 04:53:31,022 [87043b48-aa73-4006-a4ab-d1e7624806a9@group-2482551A0811-LeaderElection30] INFO  server.RaftServerConfigKeys (ConfUtils.java:logGet(46)) - raft.server.watch.timeout = 180s (custom)
2023-09-07 04:53:31,022 [87043b48-aa73-4006-a4ab-d1e7624806a9@group-2482551A0811-LeaderElection30] INFO  server.RaftServerConfigKeys (ConfUtils.java:logGet(46)) - raft.server.watch.timeout.denomination = 1s (default)
2023-09-07 04:53:31,022 [87043b48-aa73-4006-a4ab-d1e7624806a9@group-2482551A0811-LeaderElection30] INFO  server.RaftServerConfigKeys (ConfUtils.java:logGet(46)) - raft.server.watch.element-limit = 65536 (default)
2023-09-07 04:53:31,022 [87043b48-aa73-4006-a4ab-d1e7624806a9@group-2482551A0811-LeaderElection30] INFO  server.RaftServerConfigKeys (ConfUtils.java:logGet(46)) - raft.server.write.element-limit = 1024 (custom)
2023-09-07 04:53:31,022 [87043b48-aa73-4006-a4ab-d1e7624806a9@group-2482551A0811-LeaderElection30] INFO  server.RaftServerConfigKeys (ConfUtils.java:logGet(46)) - raft.server.write.follower.gap.ratio.max = -1.0 (default)
2023-09-07 04:53:31,023 [87043b48-aa73-4006-a4ab-d1e7624806a9@group-2482551A0811-LeaderElection30] INFO  server.RaftServerConfigKeys (ConfUtils.java:logGet(46)) - raft.server.log.appender.snapshot.chunk.size.max = 16MB (=16777216) (default)
2023-09-07 04:53:31,023 [87043b48-aa73-4006-a4ab-d1e7624806a9@group-2482551A0811-LeaderElection30] INFO  server.RaftServerConfigKeys (ConfUtils.java:logGet(46)) - raft.server.log.appender.buffer.byte-limit = 33554432 (custom)
2023-09-07 04:53:31,023 [87043b48-aa73-4006-a4ab-d1e7624806a9@group-2482551A0811-LeaderElection30] INFO  server.RaftServerConfigKeys (ConfUtils.java:logGet(46)) - raft.server.log.appender.buffer.element-limit = 1 (custom)
2023-09-07 04:53:31,023 [87043b48-aa73-4006-a4ab-d1e7624806a9@group-2482551A0811-LeaderElection30] INFO  server.RaftServerConfigKeys (ConfUtils.java:logGet(46)) - raft.server.log.appender.wait-time.min = 10ms (default)
2023-09-07 04:53:31,023 [87043b48-aa73-4006-a4ab-d1e7624806a9@group-2482551A0811-LeaderElection30] INFO  grpc.GrpcConfigKeys (ConfUtils.java:logGet(46)) - raft.grpc.server.leader.outstanding.appends.max = 128 (default)
2023-09-07 04:53:31,023 [87043b48-aa73-4006-a4ab-d1e7624806a9@group-2482551A0811-LeaderElection30] INFO  server.RaftServerConfigKeys (ConfUtils.java:logGet(46)) - raft.server.rpc.request.timeout = 60s (custom)
2023-09-07 04:53:31,023 [87043b48-aa73-4006-a4ab-d1e7624806a9@group-2482551A0811-LeaderElection30] INFO  grpc.GrpcConfigKeys (ConfUtils.java:logGet(46)) - raft.grpc.server.install_snapshot.request.element-limit = 8 (default)
2023-09-07 04:53:31,024 [87043b48-aa73-4006-a4ab-d1e7624806a9@group-2482551A0811-LeaderElection30] INFO  grpc.GrpcConfigKeys (ConfUtils.java:logGet(46)) - raft.grpc.server.install_snapshot.request.timeout = 3000ms (default)
2023-09-07 04:53:31,024 [87043b48-aa73-4006-a4ab-d1e7624806a9@group-2482551A0811-LeaderElection30] INFO  server.RaftServerConfigKeys (ConfUtils.java:logGet(46)) - raft.server.log.appender.install.snapshot.enabled = false (custom)
2023-09-07 04:53:31,024 [87043b48-aa73-4006-a4ab-d1e7624806a9@group-2482551A0811-LeaderElection30] INFO  grpc.GrpcConfigKeys (ConfUtils.java:logGet(46)) - raft.grpc.server.heartbeat.channel = true (default)
2023-09-07 04:53:31,024 [87043b48-aa73-4006-a4ab-d1e7624806a9@group-2482551A0811-LeaderElection30] INFO  server.RaftServerConfigKeys (ConfUtils.java:logGet(46)) - raft.server.log.appender.snapshot.chunk.size.max = 16MB (=16777216) (default)
2023-09-07 04:53:31,024 [87043b48-aa73-4006-a4ab-d1e7624806a9@group-2482551A0811-LeaderElection30] INFO  server.RaftServerConfigKeys (ConfUtils.java:logGet(46)) - raft.server.log.appender.buffer.byte-limit = 33554432 (custom)
2023-09-07 04:53:31,024 [87043b48-aa73-4006-a4ab-d1e7624806a9@group-2482551A0811-LeaderElection30] INFO  server.RaftServerConfigKeys (ConfUtils.java:logGet(46)) - raft.server.log.appender.buffer.element-limit = 1 (custom)
2023-09-07 04:53:31,024 [87043b48-aa73-4006-a4ab-d1e7624806a9@group-2482551A0811-LeaderElection30] INFO  server.RaftServerConfigKeys (ConfUtils.java:logGet(46)) - raft.server.log.appender.wait-time.min = 10ms (default)
2023-09-07 04:53:31,024 [87043b48-aa73-4006-a4ab-d1e7624806a9@group-2482551A0811-LeaderElection30] INFO  grpc.GrpcConfigKeys (ConfUtils.java:logGet(46)) - raft.grpc.server.leader.outstanding.appends.max = 128 (default)
2023-09-07 04:53:31,024 [87043b48-aa73-4006-a4ab-d1e7624806a9@group-2482551A0811-LeaderElection30] INFO  server.RaftServerConfigKeys (ConfUtils.java:logGet(46)) - raft.server.rpc.request.timeout = 60s (custom)
2023-09-07 04:53:31,024 [87043b48-aa73-4006-a4ab-d1e7624806a9@group-2482551A0811-LeaderElection30] INFO  grpc.GrpcConfigKeys (ConfUtils.java:logGet(46)) - raft.grpc.server.install_snapshot.request.element-limit = 8 (default)
2023-09-07 04:53:31,025 [87043b48-aa73-4006-a4ab-d1e7624806a9@group-2482551A0811-LeaderElection30] INFO  grpc.GrpcConfigKeys (ConfUtils.java:logGet(46)) - raft.grpc.server.install_snapshot.request.timeout = 3000ms (default)
2023-09-07 04:53:31,025 [87043b48-aa73-4006-a4ab-d1e7624806a9@group-2482551A0811-LeaderElection30] INFO  server.RaftServerConfigKeys (ConfUtils.java:logGet(46)) - raft.server.log.appender.install.snapshot.enabled = false (custom)
2023-09-07 04:53:31,025 [87043b48-aa73-4006-a4ab-d1e7624806a9@group-2482551A0811-LeaderElection30] INFO  grpc.GrpcConfigKeys (ConfUtils.java:logGet(46)) - raft.grpc.server.heartbeat.channel = true (default)
2023-09-07 04:53:31,025 [87043b48-aa73-4006-a4ab-d1e7624806a9@group-2482551A0811-LeaderElection30] INFO  impl.RoleInfo (RoleInfo.java:updateAndGet(139)) - 87043b48-aa73-4006-a4ab-d1e7624806a9: start 87043b48-aa73-4006-a4ab-d1e7624806a9@group-2482551A0811-LeaderStateImpl
2023-09-07 04:53:31,025 [87043b48-aa73-4006-a4ab-d1e7624806a9@group-2482551A0811-LeaderElection30] INFO  segmented.SegmentedRaftLogWorker (SegmentedRaftLogWorker.java:startLogSegment(447)) - 87043b48-aa73-4006-a4ab-d1e7624806a9@group-2482551A0811-SegmentedRaftLogWorker: Starting segment from index:0
2023-09-07 04:53:31,026 [EventQueue-OpenPipelineForHealthyPipelineSafeModeRule] INFO  safemode.SCMSafeModeManager (HealthyPipelineSafeModeRule.java:process(137)) - SCM in safe mode. Healthy pipelines reported count is 0, required healthy pipeline reported count is 1
2023-09-07 04:53:31,027 [EventQueue-PipelineReportForPipelineReportHandler] INFO  pipeline.PipelineReportHandler (PipelineReportHandler.java:processPipelineReport(136)) - Opened pipeline PipelineID=ac0bab7a-a9ed-4cd2-875b-2482551a0811
2023-09-07 04:53:31,027 [EventQueue-OpenPipelineForHealthyPipelineSafeModeRule] INFO  safemode.SCMSafeModeManager (HealthyPipelineSafeModeRule.java:process(137)) - SCM in safe mode. Healthy pipelines reported count is 1, required healthy pipeline reported count is 1
2023-09-07 04:53:31,027 [EventQueue-OpenPipelineForHealthyPipelineSafeModeRule] INFO  safemode.SCMSafeModeManager (SCMSafeModeManager.java:validateSafeModeExitRules(200)) - HealthyPipelineSafeModeRule rule is successfully validated
2023-09-07 04:53:31,027 [EventQueue-OpenPipelineForHealthyPipelineSafeModeRule] INFO  safemode.SCMSafeModeManager (SCMSafeModeManager.java:validateSafeModeExitRules(215)) - ScmSafeModeManager, all rules are successfully validated
2023-09-07 04:53:31,027 [EventQueue-OpenPipelineForHealthyPipelineSafeModeRule] INFO  safemode.SCMSafeModeManager (SCMSafeModeManager.java:exitSafeMode(244)) - SCM exiting safe mode.
2023-09-07 04:53:31,027 [EventQueue-OpenPipelineForHealthyPipelineSafeModeRule] INFO  ha.SCMContext (SCMContext.java:updateSafeModeStatus(228)) - Update SafeModeStatus from SafeModeStatus{safeModeStatus=true, preCheckPassed=true} to SafeModeStatus{safeModeStatus=false, preCheckPassed=true}.
2023-09-07 04:53:31,027 [EventQueue-OpenPipelineForHealthyPipelineSafeModeRule] INFO  pipeline.BackgroundPipelineCreator (BackgroundPipelineCreator.java:notifyStatusChanged(255)) - Service BackgroundPipelineCreator transitions to RUNNING.
2023-09-07 04:53:31,027 [EventQueue-OpenPipelineForHealthyPipelineSafeModeRule] INFO  BackgroundPipelineScrubber (BackgroundSCMService.java:notifyStatusChanged(82)) - Service BackgroundPipelineScrubber transitions to RUNNING.
2023-09-07 04:53:31,027 [EventQueue-OpenPipelineForHealthyPipelineSafeModeRule] INFO  ExpiredContainerReplicaOpScrubber (BackgroundSCMService.java:notifyStatusChanged(82)) - Service ExpiredContainerReplicaOpScrubber transitions to RUNNING.
2023-09-07 04:53:31,027 [EventQueue-OpenPipelineForHealthyPipelineSafeModeRule] INFO  replication.ReplicationManager (ReplicationManager.java:notifyStatusChanged(1370)) - Service ReplicationManager transitions to RUNNING.
2023-09-07 04:53:31,028 [EventQueue-OpenPipelineForHealthyPipelineSafeModeRule] WARN  balancer.ContainerBalancer (ContainerBalancer.java:shouldRun(134)) - Could not find persisted configuration for ContainerBalancer when checking if ContainerBalancer should run. ContainerBalancer should not run now.
2023-09-07 04:53:31,028 [grpc-default-executor-1] INFO  server.RaftServer$Division (RaftServerImpl.java:requestVote(1302)) - c2ff68ec-fb8c-48a5-8338-8b04228d05a1@group-2482551A0811: receive requestVote(ELECTION, 87043b48-aa73-4006-a4ab-d1e7624806a9, group-2482551A0811, 1, (t:0, i:0))
2023-09-07 04:53:31,028 [87043b48-aa73-4006-a4ab-d1e7624806a9@group-2482551A0811-SegmentedRaftLogWorker] INFO  segmented.SegmentedRaftLogWorker (SegmentedRaftLogWorker.java:execute(651)) - 87043b48-aa73-4006-a4ab-d1e7624806a9@group-2482551A0811-SegmentedRaftLogWorker: created new log segment /home/runner/work/ozone/ozone/hadoop-ozone/integration-test/target/test-dir/MiniOzoneClusterImpl-91ddfec9-c3c1-434b-8c78-5e40d1aa2819/datanode-1/data/ratis/ac0bab7a-a9ed-4cd2-875b-2482551a0811/current/log_inprogress_0
2023-09-07 04:53:31,029 [grpc-default-executor-1] INFO  impl.VoteContext (VoteContext.java:log(49)) - c2ff68ec-fb8c-48a5-8338-8b04228d05a1@group-2482551A0811-FOLLOWER: accept ELECTION from 87043b48-aa73-4006-a4ab-d1e7624806a9: our priority 0 <= candidate's priority 1
2023-09-07 04:53:31,029 [grpc-default-executor-1] INFO  server.RaftServer$Division (RaftServerImpl.java:setRole(329)) - c2ff68ec-fb8c-48a5-8338-8b04228d05a1@group-2482551A0811: changes role from  FOLLOWER to FOLLOWER at term 1 for candidate:87043b48-aa73-4006-a4ab-d1e7624806a9
2023-09-07 04:53:31,029 [grpc-default-executor-1] INFO  impl.RoleInfo (RoleInfo.java:shutdownFollowerState(110)) - c2ff68ec-fb8c-48a5-8338-8b04228d05a1: shutdown c2ff68ec-fb8c-48a5-8338-8b04228d05a1@group-2482551A0811-FollowerState
2023-09-07 04:53:31,029 [c2ff68ec-fb8c-48a5-8338-8b04228d05a1@group-2482551A0811-FollowerState] INFO  impl.FollowerState (FollowerState.java:run(152)) - c2ff68ec-fb8c-48a5-8338-8b04228d05a1@group-2482551A0811-FollowerState was interrupted
2023-09-07 04:53:31,029 [grpc-default-executor-1] INFO  impl.RoleInfo (RoleInfo.java:updateAndGet(139)) - c2ff68ec-fb8c-48a5-8338-8b04228d05a1: start c2ff68ec-fb8c-48a5-8338-8b04228d05a1@group-2482551A0811-FollowerState
2023-09-07 04:53:31,033 [87043b48-aa73-4006-a4ab-d1e7624806a9@group-2482551A0811-LeaderElection30] INFO  server.RaftServer$Division (ServerState.java:setRaftConf(434)) - 87043b48-aa73-4006-a4ab-d1e7624806a9@group-2482551A0811: set configuration 0: peers:[87043b48-aa73-4006-a4ab-d1e7624806a9|rpc:10.1.0.9:15182|admin:10.1.0.9:15181|client:10.1.0.9:15180|dataStream:10.1.0.9:15183|priority:1|startupRole:FOLLOWER, 5e8b1818-5304-4881-9e46-c74e35e46625|rpc:10.1.0.9:15191|admin:10.1.0.9:15190|client:10.1.0.9:15189|dataStream:10.1.0.9:15192|priority:0|startupRole:FOLLOWER, c2ff68ec-fb8c-48a5-8338-8b04228d05a1|rpc:10.1.0.9:15173|admin:10.1.0.9:15172|client:10.1.0.9:15171|dataStream:10.1.0.9:15174|priority:0|startupRole:FOLLOWER]|listeners:[], old=null
2023-09-07 04:53:31,034 [grpc-default-executor-1] INFO  server.RaftServer$Division (RaftServerImpl.java:requestVote(1335)) - c2ff68ec-fb8c-48a5-8338-8b04228d05a1@group-2482551A0811 replies to ELECTION vote request: 87043b48-aa73-4006-a4ab-d1e7624806a9<-c2ff68ec-fb8c-48a5-8338-8b04228d05a1#0:OK-t1. Peer's state: c2ff68ec-fb8c-48a5-8338-8b04228d05a1@group-2482551A0811:t1, leader=null, voted=87043b48-aa73-4006-a4ab-d1e7624806a9, raftlog=Memoized:c2ff68ec-fb8c-48a5-8338-8b04228d05a1@group-2482551A0811-SegmentedRaftLog:OPENED:c-1, conf=-1: peers:[87043b48-aa73-4006-a4ab-d1e7624806a9|rpc:10.1.0.9:15182|admin:10.1.0.9:15181|client:10.1.0.9:15180|dataStream:10.1.0.9:15183|priority:1|startupRole:FOLLOWER, 5e8b1818-5304-4881-9e46-c74e35e46625|rpc:10.1.0.9:15191|admin:10.1.0.9:15190|client:10.1.0.9:15189|dataStream:10.1.0.9:15192|priority:0|startupRole:FOLLOWER, c2ff68ec-fb8c-48a5-8338-8b04228d05a1|rpc:10.1.0.9:15173|admin:10.1.0.9:15172|client:10.1.0.9:15171|dataStream:10.1.0.9:15174|priority:0|startupRole:FOLLOWER]|listeners:[], old=null
2023-09-07 04:53:31,041 [5e8b1818-5304-4881-9e46-c74e35e46625-server-thread1] INFO  ratis.XceiverServerRatis (XceiverServerRatis.java:handleLeaderChangedNotification(902)) - Leader change notification received for group: group-2482551A0811 with new leaderId: 87043b48-aa73-4006-a4ab-d1e7624806a9
2023-09-07 04:53:31,041 [5e8b1818-5304-4881-9e46-c74e35e46625-server-thread1] INFO  server.RaftServer$Division (ServerState.java:setLeader(317)) - 5e8b1818-5304-4881-9e46-c74e35e46625@group-2482551A0811: change Leader from null to 87043b48-aa73-4006-a4ab-d1e7624806a9 at term 1 for appendEntries, leader elected after 5195ms
2023-09-07 04:53:31,047 [c2ff68ec-fb8c-48a5-8338-8b04228d05a1-server-thread1] INFO  ratis.XceiverServerRatis (XceiverServerRatis.java:handleLeaderChangedNotification(902)) - Leader change notification received for group: group-2482551A0811 with new leaderId: 87043b48-aa73-4006-a4ab-d1e7624806a9
2023-09-07 04:53:31,047 [c2ff68ec-fb8c-48a5-8338-8b04228d05a1-server-thread1] INFO  server.RaftServer$Division (ServerState.java:setLeader(317)) - c2ff68ec-fb8c-48a5-8338-8b04228d05a1@group-2482551A0811: change Leader from null to 87043b48-aa73-4006-a4ab-d1e7624806a9 at term 1 for appendEntries, leader elected after 5246ms
2023-09-07 04:53:31,049 [5e8b1818-5304-4881-9e46-c74e35e46625-server-thread2] INFO  server.RaftServer$Division (ServerState.java:setRaftConf(434)) - 5e8b1818-5304-4881-9e46-c74e35e46625@group-2482551A0811: set configuration 0: peers:[87043b48-aa73-4006-a4ab-d1e7624806a9|rpc:10.1.0.9:15182|admin:10.1.0.9:15181|client:10.1.0.9:15180|dataStream:10.1.0.9:15183|priority:1|startupRole:FOLLOWER, 5e8b1818-5304-4881-9e46-c74e35e46625|rpc:10.1.0.9:15191|admin:10.1.0.9:15190|client:10.1.0.9:15189|dataStream:10.1.0.9:15192|priority:0|startupRole:FOLLOWER, c2ff68ec-fb8c-48a5-8338-8b04228d05a1|rpc:10.1.0.9:15173|admin:10.1.0.9:15172|client:10.1.0.9:15171|dataStream:10.1.0.9:15174|priority:0|startupRole:FOLLOWER]|listeners:[], old=null
2023-09-07 04:53:31,049 [5e8b1818-5304-4881-9e46-c74e35e46625-server-thread2] INFO  segmented.SegmentedRaftLogWorker (SegmentedRaftLogWorker.java:startLogSegment(447)) - 5e8b1818-5304-4881-9e46-c74e35e46625@group-2482551A0811-SegmentedRaftLogWorker: Starting segment from index:0
2023-09-07 04:53:31,049 [c2ff68ec-fb8c-48a5-8338-8b04228d05a1-server-thread2] INFO  server.RaftServer$Division (ServerState.java:setRaftConf(434)) - c2ff68ec-fb8c-48a5-8338-8b04228d05a1@group-2482551A0811: set configuration 0: peers:[87043b48-aa73-4006-a4ab-d1e7624806a9|rpc:10.1.0.9:15182|admin:10.1.0.9:15181|client:10.1.0.9:15180|dataStream:10.1.0.9:15183|priority:1|startupRole:FOLLOWER, 5e8b1818-5304-4881-9e46-c74e35e46625|rpc:10.1.0.9:15191|admin:10.1.0.9:15190|client:10.1.0.9:15189|dataStream:10.1.0.9:15192|priority:0|startupRole:FOLLOWER, c2ff68ec-fb8c-48a5-8338-8b04228d05a1|rpc:10.1.0.9:15173|admin:10.1.0.9:15172|client:10.1.0.9:15171|dataStream:10.1.0.9:15174|priority:0|startupRole:FOLLOWER]|listeners:[], old=null
2023-09-07 04:53:31,049 [c2ff68ec-fb8c-48a5-8338-8b04228d05a1-server-thread2] INFO  segmented.SegmentedRaftLogWorker (SegmentedRaftLogWorker.java:startLogSegment(447)) - c2ff68ec-fb8c-48a5-8338-8b04228d05a1@group-2482551A0811-SegmentedRaftLogWorker: Starting segment from index:0
2023-09-07 04:53:31,051 [5e8b1818-5304-4881-9e46-c74e35e46625@group-2482551A0811-SegmentedRaftLogWorker] INFO  segmented.SegmentedRaftLogWorker (SegmentedRaftLogWorker.java:execute(651)) - 5e8b1818-5304-4881-9e46-c74e35e46625@group-2482551A0811-SegmentedRaftLogWorker: created new log segment /home/runner/work/ozone/ozone/hadoop-ozone/integration-test/target/test-dir/MiniOzoneClusterImpl-91ddfec9-c3c1-434b-8c78-5e40d1aa2819/datanode-2/data/ratis/ac0bab7a-a9ed-4cd2-875b-2482551a0811/current/log_inprogress_0
2023-09-07 04:53:31,052 [c2ff68ec-fb8c-48a5-8338-8b04228d05a1@group-2482551A0811-SegmentedRaftLogWorker] INFO  segmented.SegmentedRaftLogWorker (SegmentedRaftLogWorker.java:execute(651)) - c2ff68ec-fb8c-48a5-8338-8b04228d05a1@group-2482551A0811-SegmentedRaftLogWorker: created new log segment /home/runner/work/ozone/ozone/hadoop-ozone/integration-test/target/test-dir/MiniOzoneClusterImpl-91ddfec9-c3c1-434b-8c78-5e40d1aa2819/datanode-0/data/ratis/ac0bab7a-a9ed-4cd2-875b-2482551a0811/current/log_inprogress_0
2023-09-07 04:53:31,059 [c2ff68ec-fb8c-48a5-8338-8b04228d05a1@group-49D8FE676E39-FollowerState] INFO  impl.FollowerState (FollowerState.java:run(143)) - c2ff68ec-fb8c-48a5-8338-8b04228d05a1@group-49D8FE676E39-FollowerState: change to CANDIDATE, lastRpcElapsedTime:5098629263ns, electionTimeout:5095ms
2023-09-07 04:53:31,059 [c2ff68ec-fb8c-48a5-8338-8b04228d05a1@group-49D8FE676E39-FollowerState] INFO  impl.RoleInfo (RoleInfo.java:shutdownFollowerState(110)) - c2ff68ec-fb8c-48a5-8338-8b04228d05a1: shutdown c2ff68ec-fb8c-48a5-8338-8b04228d05a1@group-49D8FE676E39-FollowerState
2023-09-07 04:53:31,059 [c2ff68ec-fb8c-48a5-8338-8b04228d05a1@group-49D8FE676E39-FollowerState] INFO  server.RaftServer$Division (RaftServerImpl.java:setRole(329)) - c2ff68ec-fb8c-48a5-8338-8b04228d05a1@group-49D8FE676E39: changes role from  FOLLOWER to CANDIDATE at term 0 for changeToCandidate
2023-09-07 04:53:31,059 [c2ff68ec-fb8c-48a5-8338-8b04228d05a1@group-49D8FE676E39-FollowerState] INFO  server.RaftServerConfigKeys (ConfUtils.java:logGet(46)) - raft.server.leaderelection.pre-vote = true (default)
2023-09-07 04:53:31,059 [c2ff68ec-fb8c-48a5-8338-8b04228d05a1@group-49D8FE676E39-FollowerState] INFO  impl.RoleInfo (RoleInfo.java:updateAndGet(139)) - c2ff68ec-fb8c-48a5-8338-8b04228d05a1: start c2ff68ec-fb8c-48a5-8338-8b04228d05a1@group-49D8FE676E39-LeaderElection32
2023-09-07 04:53:31,065 [c2ff68ec-fb8c-48a5-8338-8b04228d05a1@group-49D8FE676E39-LeaderElection32] INFO  impl.LeaderElection (LeaderElection.java:askForVotes(321)) - c2ff68ec-fb8c-48a5-8338-8b04228d05a1@group-49D8FE676E39-LeaderElection32 PRE_VOTE round 0: submit vote requests at term 0 for -1: peers:[87043b48-aa73-4006-a4ab-d1e7624806a9|rpc:10.1.0.9:15182|admin:10.1.0.9:15181|client:10.1.0.9:15180|dataStream:10.1.0.9:15183|priority:0|startupRole:FOLLOWER, 5e8b1818-5304-4881-9e46-c74e35e46625|rpc:10.1.0.9:15191|admin:10.1.0.9:15190|client:10.1.0.9:15189|dataStream:10.1.0.9:15192|priority:0|startupRole:FOLLOWER, c2ff68ec-fb8c-48a5-8338-8b04228d05a1|rpc:10.1.0.9:15173|admin:10.1.0.9:15172|client:10.1.0.9:15171|dataStream:10.1.0.9:15174|priority:1|startupRole:FOLLOWER]|listeners:[], old=null
2023-09-07 04:53:31,066 [c2ff68ec-fb8c-48a5-8338-8b04228d05a1@group-49D8FE676E39-LeaderElection32] INFO  server.RaftServerConfigKeys (ConfUtils.java:logFallback(53)) - raft.server.rpc.first-election.timeout.min = 5s (fallback to raft.server.rpc.timeout.min)
2023-09-07 04:53:31,066 [c2ff68ec-fb8c-48a5-8338-8b04228d05a1@group-49D8FE676E39-LeaderElection32] INFO  server.RaftServerConfigKeys (ConfUtils.java:logFallback(53)) - raft.server.rpc.first-election.timeout.max = 5200ms (fallback to raft.server.rpc.timeout.max)
2023-09-07 04:53:31,068 [grpc-default-executor-2] INFO  server.RaftServer$Division (RaftServerImpl.java:requestVote(1302)) - 5e8b1818-5304-4881-9e46-c74e35e46625@group-49D8FE676E39: receive requestVote(PRE_VOTE, c2ff68ec-fb8c-48a5-8338-8b04228d05a1, group-49D8FE676E39, 0, (t:0, i:0))
2023-09-07 04:53:31,068 [grpc-default-executor-2] INFO  impl.VoteContext (VoteContext.java:log(49)) - 5e8b1818-5304-4881-9e46-c74e35e46625@group-49D8FE676E39-FOLLOWER: accept PRE_VOTE from c2ff68ec-fb8c-48a5-8338-8b04228d05a1: our priority 0 <= candidate's priority 1
2023-09-07 04:53:31,068 [grpc-default-executor-2] INFO  server.RaftServer$Division (RaftServerImpl.java:requestVote(1335)) - 5e8b1818-5304-4881-9e46-c74e35e46625@group-49D8FE676E39 replies to PRE_VOTE vote request: c2ff68ec-fb8c-48a5-8338-8b04228d05a1<-5e8b1818-5304-4881-9e46-c74e35e46625#0:OK-t0. Peer's state: 5e8b1818-5304-4881-9e46-c74e35e46625@group-49D8FE676E39:t0, leader=null, voted=, raftlog=Memoized:5e8b1818-5304-4881-9e46-c74e35e46625@group-49D8FE676E39-SegmentedRaftLog:OPENED:c-1, conf=-1: peers:[87043b48-aa73-4006-a4ab-d1e7624806a9|rpc:10.1.0.9:15182|admin:10.1.0.9:15181|client:10.1.0.9:15180|dataStream:10.1.0.9:15183|priority:0|startupRole:FOLLOWER, 5e8b1818-5304-4881-9e46-c74e35e46625|rpc:10.1.0.9:15191|admin:10.1.0.9:15190|client:10.1.0.9:15189|dataStream:10.1.0.9:15192|priority:0|startupRole:FOLLOWER, c2ff68ec-fb8c-48a5-8338-8b04228d05a1|rpc:10.1.0.9:15173|admin:10.1.0.9:15172|client:10.1.0.9:15171|dataStream:10.1.0.9:15174|priority:1|startupRole:FOLLOWER]|listeners:[], old=null
2023-09-07 04:53:31,070 [grpc-default-executor-2] INFO  server.RaftServer$Division (RaftServerImpl.java:requestVote(1302)) - 87043b48-aa73-4006-a4ab-d1e7624806a9@group-49D8FE676E39: receive requestVote(PRE_VOTE, c2ff68ec-fb8c-48a5-8338-8b04228d05a1, group-49D8FE676E39, 0, (t:0, i:0))
2023-09-07 04:53:31,070 [grpc-default-executor-2] INFO  impl.VoteContext (VoteContext.java:log(49)) - 87043b48-aa73-4006-a4ab-d1e7624806a9@group-49D8FE676E39-FOLLOWER: accept PRE_VOTE from c2ff68ec-fb8c-48a5-8338-8b04228d05a1: our priority 0 <= candidate's priority 1
2023-09-07 04:53:31,070 [grpc-default-executor-2] INFO  server.RaftServer$Division (RaftServerImpl.java:requestVote(1335)) - 87043b48-aa73-4006-a4ab-d1e7624806a9@group-49D8FE676E39 replies to PRE_VOTE vote request: c2ff68ec-fb8c-48a5-8338-8b04228d05a1<-87043b48-aa73-4006-a4ab-d1e7624806a9#0:OK-t0. Peer's state: 87043b48-aa73-4006-a4ab-d1e7624806a9@group-49D8FE676E39:t0, leader=null, voted=, raftlog=Memoized:87043b48-aa73-4006-a4ab-d1e7624806a9@group-49D8FE676E39-SegmentedRaftLog:OPENED:c-1, conf=-1: peers:[87043b48-aa73-4006-a4ab-d1e7624806a9|rpc:10.1.0.9:15182|admin:10.1.0.9:15181|client:10.1.0.9:15180|dataStream:10.1.0.9:15183|priority:0|startupRole:FOLLOWER, 5e8b1818-5304-4881-9e46-c74e35e46625|rpc:10.1.0.9:15191|admin:10.1.0.9:15190|client:10.1.0.9:15189|dataStream:10.1.0.9:15192|priority:0|startupRole:FOLLOWER, c2ff68ec-fb8c-48a5-8338-8b04228d05a1|rpc:10.1.0.9:15173|admin:10.1.0.9:15172|client:10.1.0.9:15171|dataStream:10.1.0.9:15174|priority:1|startupRole:FOLLOWER]|listeners:[], old=null
2023-09-07 04:53:31,073 [c2ff68ec-fb8c-48a5-8338-8b04228d05a1@group-49D8FE676E39-LeaderElection32] INFO  impl.LeaderElection (LeaderElection.java:logAndReturn(90)) - c2ff68ec-fb8c-48a5-8338-8b04228d05a1@group-49D8FE676E39-LeaderElection32: PRE_VOTE PASSED received 1 response(s) and 0 exception(s):
2023-09-07 04:53:31,073 [c2ff68ec-fb8c-48a5-8338-8b04228d05a1@group-49D8FE676E39-LeaderElection32] INFO  impl.LeaderElection (LeaderElection.java:logAndReturn(94)) -   Response 0: c2ff68ec-fb8c-48a5-8338-8b04228d05a1<-5e8b1818-5304-4881-9e46-c74e35e46625#0:OK-t0
2023-09-07 04:53:31,073 [c2ff68ec-fb8c-48a5-8338-8b04228d05a1@group-49D8FE676E39-LeaderElection32] INFO  impl.LeaderElection (LeaderElection.java:askForVotes(323)) - c2ff68ec-fb8c-48a5-8338-8b04228d05a1@group-49D8FE676E39-LeaderElection32 PRE_VOTE round 0: result PASSED
2023-09-07 04:53:31,074 [c2ff68ec-fb8c-48a5-8338-8b04228d05a1@group-49D8FE676E39-LeaderElection32] INFO  impl.LeaderElection (LeaderElection.java:askForVotes(321)) - c2ff68ec-fb8c-48a5-8338-8b04228d05a1@group-49D8FE676E39-LeaderElection32 ELECTION round 0: submit vote requests at term 1 for -1: peers:[87043b48-aa73-4006-a4ab-d1e7624806a9|rpc:10.1.0.9:15182|admin:10.1.0.9:15181|client:10.1.0.9:15180|dataStream:10.1.0.9:15183|priority:0|startupRole:FOLLOWER, 5e8b1818-5304-4881-9e46-c74e35e46625|rpc:10.1.0.9:15191|admin:10.1.0.9:15190|client:10.1.0.9:15189|dataStream:10.1.0.9:15192|priority:0|startupRole:FOLLOWER, c2ff68ec-fb8c-48a5-8338-8b04228d05a1|rpc:10.1.0.9:15173|admin:10.1.0.9:15172|client:10.1.0.9:15171|dataStream:10.1.0.9:15174|priority:1|startupRole:FOLLOWER]|listeners:[], old=null
2023-09-07 04:53:31,076 [grpc-default-executor-2] INFO  server.RaftServer$Division (RaftServerImpl.java:requestVote(1302)) - 87043b48-aa73-4006-a4ab-d1e7624806a9@group-49D8FE676E39: receive requestVote(ELECTION, c2ff68ec-fb8c-48a5-8338-8b04228d05a1, group-49D8FE676E39, 1, (t:0, i:0))
2023-09-07 04:53:31,076 [grpc-default-executor-2] INFO  impl.VoteContext (VoteContext.java:log(49)) - 87043b48-aa73-4006-a4ab-d1e7624806a9@group-49D8FE676E39-FOLLOWER: accept ELECTION from c2ff68ec-fb8c-48a5-8338-8b04228d05a1: our priority 0 <= candidate's priority 1
2023-09-07 04:53:31,076 [grpc-default-executor-2] INFO  server.RaftServer$Division (RaftServerImpl.java:setRole(329)) - 87043b48-aa73-4006-a4ab-d1e7624806a9@group-49D8FE676E39: changes role from  FOLLOWER to FOLLOWER at term 1 for candidate:c2ff68ec-fb8c-48a5-8338-8b04228d05a1
2023-09-07 04:53:31,076 [grpc-default-executor-2] INFO  impl.RoleInfo (RoleInfo.java:shutdownFollowerState(110)) - 87043b48-aa73-4006-a4ab-d1e7624806a9: shutdown 87043b48-aa73-4006-a4ab-d1e7624806a9@group-49D8FE676E39-FollowerState
2023-09-07 04:53:31,077 [grpc-default-executor-2] INFO  impl.RoleInfo (RoleInfo.java:updateAndGet(139)) - 87043b48-aa73-4006-a4ab-d1e7624806a9: start 87043b48-aa73-4006-a4ab-d1e7624806a9@group-49D8FE676E39-FollowerState
2023-09-07 04:53:31,077 [87043b48-aa73-4006-a4ab-d1e7624806a9@group-49D8FE676E39-FollowerState] INFO  impl.FollowerState (FollowerState.java:run(152)) - 87043b48-aa73-4006-a4ab-d1e7624806a9@group-49D8FE676E39-FollowerState was interrupted
2023-09-07 04:53:31,077 [c2ff68ec-fb8c-48a5-8338-8b04228d05a1@group-49D8FE676E39-LeaderElection32] INFO  server.RaftServerConfigKeys (ConfUtils.java:logFallback(53)) - raft.server.rpc.first-election.timeout.min = 5s (fallback to raft.server.rpc.timeout.min)
2023-09-07 04:53:31,077 [c2ff68ec-fb8c-48a5-8338-8b04228d05a1@group-49D8FE676E39-LeaderElection32] INFO  server.RaftServerConfigKeys (ConfUtils.java:logFallback(53)) - raft.server.rpc.first-election.timeout.max = 5200ms (fallback to raft.server.rpc.timeout.max)
2023-09-07 04:53:31,083 [grpc-default-executor-2] INFO  server.RaftServer$Division (RaftServerImpl.java:requestVote(1335)) - 87043b48-aa73-4006-a4ab-d1e7624806a9@group-49D8FE676E39 replies to ELECTION vote request: c2ff68ec-fb8c-48a5-8338-8b04228d05a1<-87043b48-aa73-4006-a4ab-d1e7624806a9#0:OK-t1. Peer's state: 87043b48-aa73-4006-a4ab-d1e7624806a9@group-49D8FE676E39:t1, leader=null, voted=c2ff68ec-fb8c-48a5-8338-8b04228d05a1, raftlog=Memoized:87043b48-aa73-4006-a4ab-d1e7624806a9@group-49D8FE676E39-SegmentedRaftLog:OPENED:c-1, conf=-1: peers:[87043b48-aa73-4006-a4ab-d1e7624806a9|rpc:10.1.0.9:15182|admin:10.1.0.9:15181|client:10.1.0.9:15180|dataStream:10.1.0.9:15183|priority:0|startupRole:FOLLOWER, 5e8b1818-5304-4881-9e46-c74e35e46625|rpc:10.1.0.9:15191|admin:10.1.0.9:15190|client:10.1.0.9:15189|dataStream:10.1.0.9:15192|priority:0|startupRole:FOLLOWER, c2ff68ec-fb8c-48a5-8338-8b04228d05a1|rpc:10.1.0.9:15173|admin:10.1.0.9:15172|client:10.1.0.9:15171|dataStream:10.1.0.9:15174|priority:1|startupRole:FOLLOWER]|listeners:[], old=null
2023-09-07 04:53:31,084 [c2ff68ec-fb8c-48a5-8338-8b04228d05a1@group-49D8FE676E39-LeaderElection32] INFO  impl.LeaderElection (LeaderElection.java:logAndReturn(90)) - c2ff68ec-fb8c-48a5-8338-8b04228d05a1@group-49D8FE676E39-LeaderElection32: ELECTION PASSED received 1 response(s) and 0 exception(s):
2023-09-07 04:53:31,084 [c2ff68ec-fb8c-48a5-8338-8b04228d05a1@group-49D8FE676E39-LeaderElection32] INFO  impl.LeaderElection (LeaderElection.java:logAndReturn(94)) -   Response 0: c2ff68ec-fb8c-48a5-8338-8b04228d05a1<-87043b48-aa73-4006-a4ab-d1e7624806a9#0:OK-t1
2023-09-07 04:53:31,084 [c2ff68ec-fb8c-48a5-8338-8b04228d05a1@group-49D8FE676E39-LeaderElection32] INFO  impl.LeaderElection (LeaderElection.java:askForVotes(323)) - c2ff68ec-fb8c-48a5-8338-8b04228d05a1@group-49D8FE676E39-LeaderElection32 ELECTION round 0: result PASSED
2023-09-07 04:53:31,084 [c2ff68ec-fb8c-48a5-8338-8b04228d05a1@group-49D8FE676E39-LeaderElection32] INFO  impl.RoleInfo (RoleInfo.java:shutdownLeaderElection(130)) - c2ff68ec-fb8c-48a5-8338-8b04228d05a1: shutdown c2ff68ec-fb8c-48a5-8338-8b04228d05a1@group-49D8FE676E39-LeaderElection32
2023-09-07 04:53:31,084 [c2ff68ec-fb8c-48a5-8338-8b04228d05a1@group-49D8FE676E39-LeaderElection32] INFO  server.RaftServer$Division (RaftServerImpl.java:setRole(329)) - c2ff68ec-fb8c-48a5-8338-8b04228d05a1@group-49D8FE676E39: changes role from CANDIDATE to LEADER at term 1 for changeToLeader
2023-09-07 04:53:31,084 [c2ff68ec-fb8c-48a5-8338-8b04228d05a1@group-49D8FE676E39-LeaderElection32] INFO  ratis.XceiverServerRatis (XceiverServerRatis.java:handleLeaderChangedNotification(902)) - Leader change notification received for group: group-49D8FE676E39 with new leaderId: c2ff68ec-fb8c-48a5-8338-8b04228d05a1
2023-09-07 04:53:31,085 [c2ff68ec-fb8c-48a5-8338-8b04228d05a1@group-49D8FE676E39-LeaderElection32] INFO  server.RaftServer$Division (ServerState.java:setLeader(317)) - c2ff68ec-fb8c-48a5-8338-8b04228d05a1@group-49D8FE676E39: change Leader from null to c2ff68ec-fb8c-48a5-8338-8b04228d05a1 at term 1 for becomeLeader, leader elected after 5141ms
2023-09-07 04:53:31,085 [c2ff68ec-fb8c-48a5-8338-8b04228d05a1@group-49D8FE676E39-LeaderElection32] INFO  server.RaftServerConfigKeys (ConfUtils.java:logGet(46)) - raft.server.staging.catchup.gap = 1000 (default)
2023-09-07 04:53:31,085 [c2ff68ec-fb8c-48a5-8338-8b04228d05a1@group-49D8FE676E39-LeaderElection32] INFO  server.RaftServerConfigKeys (ConfUtils.java:logGet(46)) - raft.server.write.element-limit = 1024 (custom)
2023-09-07 04:53:31,085 [c2ff68ec-fb8c-48a5-8338-8b04228d05a1@group-49D8FE676E39-LeaderElection32] INFO  server.RaftServerConfigKeys (ConfUtils.java:logGet(46)) - raft.server.write.byte-limit = 1024 M (=1073741824) (custom)
2023-09-07 04:53:31,086 [c2ff68ec-fb8c-48a5-8338-8b04228d05a1@group-49D8FE676E39-LeaderElection32] INFO  server.RaftServerConfigKeys (ConfUtils.java:logGet(46)) - raft.server.watch.timeout = 180s (custom)
2023-09-07 04:53:31,086 [c2ff68ec-fb8c-48a5-8338-8b04228d05a1@group-49D8FE676E39-LeaderElection32] INFO  server.RaftServerConfigKeys (ConfUtils.java:logGet(46)) - raft.server.watch.timeout.denomination = 1s (default)
2023-09-07 04:53:31,086 [c2ff68ec-fb8c-48a5-8338-8b04228d05a1@group-49D8FE676E39-LeaderElection32] INFO  server.RaftServerConfigKeys (ConfUtils.java:logGet(46)) - raft.server.watch.element-limit = 65536 (default)
2023-09-07 04:53:31,086 [c2ff68ec-fb8c-48a5-8338-8b04228d05a1@group-49D8FE676E39-LeaderElection32] INFO  server.RaftServerConfigKeys (ConfUtils.java:logGet(46)) - raft.server.write.element-limit = 1024 (custom)
2023-09-07 04:53:31,086 [c2ff68ec-fb8c-48a5-8338-8b04228d05a1@group-49D8FE676E39-LeaderElection32] INFO  server.RaftServerConfigKeys (ConfUtils.java:logGet(46)) - raft.server.write.follower.gap.ratio.max = -1.0 (default)
2023-09-07 04:53:31,086 [c2ff68ec-fb8c-48a5-8338-8b04228d05a1@group-49D8FE676E39-LeaderElection32] INFO  server.RaftServerConfigKeys (ConfUtils.java:logGet(46)) - raft.server.log.appender.snapshot.chunk.size.max = 16MB (=16777216) (default)
2023-09-07 04:53:31,086 [c2ff68ec-fb8c-48a5-8338-8b04228d05a1@group-49D8FE676E39-LeaderElection32] INFO  server.RaftServerConfigKeys (ConfUtils.java:logGet(46)) - raft.server.log.appender.buffer.byte-limit = 33554432 (custom)
2023-09-07 04:53:31,086 [c2ff68ec-fb8c-48a5-8338-8b04228d05a1@group-49D8FE676E39-LeaderElection32] INFO  server.RaftServerConfigKeys (ConfUtils.java:logGet(46)) - raft.server.log.appender.buffer.element-limit = 1 (custom)
2023-09-07 04:53:31,086 [c2ff68ec-fb8c-48a5-8338-8b04228d05a1@group-49D8FE676E39-LeaderElection32] INFO  server.RaftServerConfigKeys (ConfUtils.java:logGet(46)) - raft.server.log.appender.wait-time.min = 10ms (default)
2023-09-07 04:53:31,086 [c2ff68ec-fb8c-48a5-8338-8b04228d05a1@group-49D8FE676E39-LeaderElection32] INFO  grpc.GrpcConfigKeys (ConfUtils.java:logGet(46)) - raft.grpc.server.leader.outstanding.appends.max = 128 (default)
2023-09-07 04:53:31,087 [c2ff68ec-fb8c-48a5-8338-8b04228d05a1@group-49D8FE676E39-LeaderElection32] INFO  server.RaftServerConfigKeys (ConfUtils.java:logGet(46)) - raft.server.rpc.request.timeout = 60s (custom)
2023-09-07 04:53:31,087 [c2ff68ec-fb8c-48a5-8338-8b04228d05a1@group-49D8FE676E39-LeaderElection32] INFO  grpc.GrpcConfigKeys (ConfUtils.java:logGet(46)) - raft.grpc.server.install_snapshot.request.element-limit = 8 (default)
2023-09-07 04:53:31,087 [c2ff68ec-fb8c-48a5-8338-8b04228d05a1@group-49D8FE676E39-LeaderElection32] INFO  grpc.GrpcConfigKeys (ConfUtils.java:logGet(46)) - raft.grpc.server.install_snapshot.request.timeout = 3000ms (default)
2023-09-07 04:53:31,087 [c2ff68ec-fb8c-48a5-8338-8b04228d05a1@group-49D8FE676E39-LeaderElection32] INFO  server.RaftServerConfigKeys (ConfUtils.java:logGet(46)) - raft.server.log.appender.install.snapshot.enabled = false (custom)
2023-09-07 04:53:31,087 [c2ff68ec-fb8c-48a5-8338-8b04228d05a1@group-49D8FE676E39-LeaderElection32] INFO  grpc.GrpcConfigKeys (ConfUtils.java:logGet(46)) - raft.grpc.server.heartbeat.channel = true (default)
2023-09-07 04:53:31,087 [c2ff68ec-fb8c-48a5-8338-8b04228d05a1@group-49D8FE676E39-LeaderElection32] INFO  server.RaftServerConfigKeys (ConfUtils.java:logGet(46)) - raft.server.log.appender.snapshot.chunk.size.max = 16MB (=16777216) (default)
2023-09-07 04:53:31,087 [c2ff68ec-fb8c-48a5-8338-8b04228d05a1@group-49D8FE676E39-LeaderElection32] INFO  server.RaftServerConfigKeys (ConfUtils.java:logGet(46)) - raft.server.log.appender.buffer.byte-limit = 33554432 (custom)
2023-09-07 04:53:31,087 [c2ff68ec-fb8c-48a5-8338-8b04228d05a1@group-49D8FE676E39-LeaderElection32] INFO  server.RaftServerConfigKeys (ConfUtils.java:logGet(46)) - raft.server.log.appender.buffer.element-limit = 1 (custom)
2023-09-07 04:53:31,088 [c2ff68ec-fb8c-48a5-8338-8b04228d05a1@group-49D8FE676E39-LeaderElection32] INFO  server.RaftServerConfigKeys (ConfUtils.java:logGet(46)) - raft.server.log.appender.wait-time.min = 10ms (default)
2023-09-07 04:53:31,088 [c2ff68ec-fb8c-48a5-8338-8b04228d05a1@group-49D8FE676E39-LeaderElection32] INFO  grpc.GrpcConfigKeys (ConfUtils.java:logGet(46)) - raft.grpc.server.leader.outstanding.appends.max = 128 (default)
2023-09-07 04:53:31,088 [c2ff68ec-fb8c-48a5-8338-8b04228d05a1@group-49D8FE676E39-LeaderElection32] INFO  server.RaftServerConfigKeys (ConfUtils.java:logGet(46)) - raft.server.rpc.request.timeout = 60s (custom)
2023-09-07 04:53:31,088 [c2ff68ec-fb8c-48a5-8338-8b04228d05a1@group-49D8FE676E39-LeaderElection32] INFO  grpc.GrpcConfigKeys (ConfUtils.java:logGet(46)) - raft.grpc.server.install_snapshot.request.element-limit = 8 (default)
2023-09-07 04:53:31,088 [c2ff68ec-fb8c-48a5-8338-8b04228d05a1@group-49D8FE676E39-LeaderElection32] INFO  grpc.GrpcConfigKeys (ConfUtils.java:logGet(46)) - raft.grpc.server.install_snapshot.request.timeout = 3000ms (default)
2023-09-07 04:53:31,088 [c2ff68ec-fb8c-48a5-8338-8b04228d05a1@group-49D8FE676E39-LeaderElection32] INFO  server.RaftServerConfigKeys (ConfUtils.java:logGet(46)) - raft.server.log.appender.install.snapshot.enabled = false (custom)
2023-09-07 04:53:31,088 [c2ff68ec-fb8c-48a5-8338-8b04228d05a1@group-49D8FE676E39-LeaderElection32] INFO  grpc.GrpcConfigKeys (ConfUtils.java:logGet(46)) - raft.grpc.server.heartbeat.channel = true (default)
2023-09-07 04:53:31,088 [c2ff68ec-fb8c-48a5-8338-8b04228d05a1@group-49D8FE676E39-LeaderElection32] INFO  impl.RoleInfo (RoleInfo.java:updateAndGet(139)) - c2ff68ec-fb8c-48a5-8338-8b04228d05a1: start c2ff68ec-fb8c-48a5-8338-8b04228d05a1@group-49D8FE676E39-LeaderStateImpl
2023-09-07 04:53:31,088 [c2ff68ec-fb8c-48a5-8338-8b04228d05a1@group-49D8FE676E39-LeaderElection32] INFO  segmented.SegmentedRaftLogWorker (SegmentedRaftLogWorker.java:startLogSegment(447)) - c2ff68ec-fb8c-48a5-8338-8b04228d05a1@group-49D8FE676E39-SegmentedRaftLogWorker: Starting segment from index:0
2023-09-07 04:53:31,090 [c2ff68ec-fb8c-48a5-8338-8b04228d05a1@group-49D8FE676E39-SegmentedRaftLogWorker] INFO  segmented.SegmentedRaftLogWorker (SegmentedRaftLogWorker.java:execute(651)) - c2ff68ec-fb8c-48a5-8338-8b04228d05a1@group-49D8FE676E39-SegmentedRaftLogWorker: created new log segment /home/runner/work/ozone/ozone/hadoop-ozone/integration-test/target/test-dir/MiniOzoneClusterImpl-91ddfec9-c3c1-434b-8c78-5e40d1aa2819/datanode-0/data/ratis/0537529e-a2ae-4539-a878-49d8fe676e39/current/log_inprogress_0
2023-09-07 04:53:31,103 [c2ff68ec-fb8c-48a5-8338-8b04228d05a1@group-49D8FE676E39-LeaderElection32] INFO  server.RaftServer$Division (ServerState.java:setRaftConf(434)) - c2ff68ec-fb8c-48a5-8338-8b04228d05a1@group-49D8FE676E39: set configuration 0: peers:[87043b48-aa73-4006-a4ab-d1e7624806a9|rpc:10.1.0.9:15182|admin:10.1.0.9:15181|client:10.1.0.9:15180|dataStream:10.1.0.9:15183|priority:0|startupRole:FOLLOWER, 5e8b1818-5304-4881-9e46-c74e35e46625|rpc:10.1.0.9:15191|admin:10.1.0.9:15190|client:10.1.0.9:15189|dataStream:10.1.0.9:15192|priority:0|startupRole:FOLLOWER, c2ff68ec-fb8c-48a5-8338-8b04228d05a1|rpc:10.1.0.9:15173|admin:10.1.0.9:15172|client:10.1.0.9:15171|dataStream:10.1.0.9:15174|priority:1|startupRole:FOLLOWER]|listeners:[], old=null
2023-09-07 04:53:31,105 [EventQueue-PipelineReportForPipelineReportHandler] INFO  pipeline.PipelineReportHandler (PipelineReportHandler.java:processPipelineReport(136)) - Opened pipeline PipelineID=0537529e-a2ae-4539-a878-49d8fe676e39
2023-09-07 04:53:31,107 [87043b48-aa73-4006-a4ab-d1e7624806a9-server-thread1] INFO  ratis.XceiverServerRatis (XceiverServerRatis.java:handleLeaderChangedNotification(902)) - Leader change notification received for group: group-49D8FE676E39 with new leaderId: c2ff68ec-fb8c-48a5-8338-8b04228d05a1
2023-09-07 04:53:31,107 [87043b48-aa73-4006-a4ab-d1e7624806a9-server-thread1] INFO  server.RaftServer$Division (ServerState.java:setLeader(317)) - 87043b48-aa73-4006-a4ab-d1e7624806a9@group-49D8FE676E39: change Leader from null to c2ff68ec-fb8c-48a5-8338-8b04228d05a1 at term 1 for appendEntries, leader elected after 5130ms
2023-09-07 04:53:31,115 [grpc-default-executor-3] INFO  server.RaftServer$Division (RaftServerImpl.java:requestVote(1302)) - 5e8b1818-5304-4881-9e46-c74e35e46625@group-49D8FE676E39: receive requestVote(ELECTION, c2ff68ec-fb8c-48a5-8338-8b04228d05a1, group-49D8FE676E39, 1, (t:0, i:0))
2023-09-07 04:53:31,122 [grpc-default-executor-3] INFO  impl.VoteContext (VoteContext.java:log(49)) - 5e8b1818-5304-4881-9e46-c74e35e46625@group-49D8FE676E39-FOLLOWER: accept ELECTION from c2ff68ec-fb8c-48a5-8338-8b04228d05a1: our priority 0 <= candidate's priority 1
2023-09-07 04:53:31,123 [grpc-default-executor-3] INFO  server.RaftServer$Division (RaftServerImpl.java:setRole(329)) - 5e8b1818-5304-4881-9e46-c74e35e46625@group-49D8FE676E39: changes role from  FOLLOWER to FOLLOWER at term 1 for candidate:c2ff68ec-fb8c-48a5-8338-8b04228d05a1
2023-09-07 04:53:31,123 [grpc-default-executor-3] INFO  impl.RoleInfo (RoleInfo.java:shutdownFollowerState(110)) - 5e8b1818-5304-4881-9e46-c74e35e46625: shutdown 5e8b1818-5304-4881-9e46-c74e35e46625@group-49D8FE676E39-FollowerState
2023-09-07 04:53:31,123 [grpc-default-executor-3] INFO  impl.RoleInfo (RoleInfo.java:updateAndGet(139)) - 5e8b1818-5304-4881-9e46-c74e35e46625: start 5e8b1818-5304-4881-9e46-c74e35e46625@group-49D8FE676E39-FollowerState
2023-09-07 04:53:31,123 [5e8b1818-5304-4881-9e46-c74e35e46625@group-49D8FE676E39-FollowerState] INFO  impl.FollowerState (FollowerState.java:run(152)) - 5e8b1818-5304-4881-9e46-c74e35e46625@group-49D8FE676E39-FollowerState was interrupted
2023-09-07 04:53:31,127 [grpc-default-executor-3] INFO  server.RaftServer$Division (RaftServerImpl.java:requestVote(1335)) - 5e8b1818-5304-4881-9e46-c74e35e46625@group-49D8FE676E39 replies to ELECTION vote request: c2ff68ec-fb8c-48a5-8338-8b04228d05a1<-5e8b1818-5304-4881-9e46-c74e35e46625#0:OK-t1. Peer's state: 5e8b1818-5304-4881-9e46-c74e35e46625@group-49D8FE676E39:t1, leader=null, voted=c2ff68ec-fb8c-48a5-8338-8b04228d05a1, raftlog=Memoized:5e8b1818-5304-4881-9e46-c74e35e46625@group-49D8FE676E39-SegmentedRaftLog:OPENED:c-1, conf=-1: peers:[87043b48-aa73-4006-a4ab-d1e7624806a9|rpc:10.1.0.9:15182|admin:10.1.0.9:15181|client:10.1.0.9:15180|dataStream:10.1.0.9:15183|priority:0|startupRole:FOLLOWER, 5e8b1818-5304-4881-9e46-c74e35e46625|rpc:10.1.0.9:15191|admin:10.1.0.9:15190|client:10.1.0.9:15189|dataStream:10.1.0.9:15192|priority:0|startupRole:FOLLOWER, c2ff68ec-fb8c-48a5-8338-8b04228d05a1|rpc:10.1.0.9:15173|admin:10.1.0.9:15172|client:10.1.0.9:15171|dataStream:10.1.0.9:15174|priority:1|startupRole:FOLLOWER]|listeners:[], old=null
2023-09-07 04:53:31,136 [5e8b1818-5304-4881-9e46-c74e35e46625-server-thread1] INFO  ratis.XceiverServerRatis (XceiverServerRatis.java:handleLeaderChangedNotification(902)) - Leader change notification received for group: group-49D8FE676E39 with new leaderId: c2ff68ec-fb8c-48a5-8338-8b04228d05a1
2023-09-07 04:53:31,136 [87043b48-aa73-4006-a4ab-d1e7624806a9-server-thread3] INFO  server.RaftServer$Division (ServerState.java:setRaftConf(434)) - 87043b48-aa73-4006-a4ab-d1e7624806a9@group-49D8FE676E39: set configuration 0: peers:[87043b48-aa73-4006-a4ab-d1e7624806a9|rpc:10.1.0.9:15182|admin:10.1.0.9:15181|client:10.1.0.9:15180|dataStream:10.1.0.9:15183|priority:0|startupRole:FOLLOWER, 5e8b1818-5304-4881-9e46-c74e35e46625|rpc:10.1.0.9:15191|admin:10.1.0.9:15190|client:10.1.0.9:15189|dataStream:10.1.0.9:15192|priority:0|startupRole:FOLLOWER, c2ff68ec-fb8c-48a5-8338-8b04228d05a1|rpc:10.1.0.9:15173|admin:10.1.0.9:15172|client:10.1.0.9:15171|dataStream:10.1.0.9:15174|priority:1|startupRole:FOLLOWER]|listeners:[], old=null
2023-09-07 04:53:31,136 [5e8b1818-5304-4881-9e46-c74e35e46625-server-thread1] INFO  server.RaftServer$Division (ServerState.java:setLeader(317)) - 5e8b1818-5304-4881-9e46-c74e35e46625@group-49D8FE676E39: change Leader from null to c2ff68ec-fb8c-48a5-8338-8b04228d05a1 at term 1 for appendEntries, leader elected after 5111ms
2023-09-07 04:53:31,137 [87043b48-aa73-4006-a4ab-d1e7624806a9-server-thread3] INFO  segmented.SegmentedRaftLogWorker (SegmentedRaftLogWorker.java:startLogSegment(447)) - 87043b48-aa73-4006-a4ab-d1e7624806a9@group-49D8FE676E39-SegmentedRaftLogWorker: Starting segment from index:0
2023-09-07 04:53:31,138 [5e8b1818-5304-4881-9e46-c74e35e46625-server-thread1] INFO  server.RaftServer$Division (ServerState.java:setRaftConf(434)) - 5e8b1818-5304-4881-9e46-c74e35e46625@group-49D8FE676E39: set configuration 0: peers:[87043b48-aa73-4006-a4ab-d1e7624806a9|rpc:10.1.0.9:15182|admin:10.1.0.9:15181|client:10.1.0.9:15180|dataStream:10.1.0.9:15183|priority:0|startupRole:FOLLOWER, 5e8b1818-5304-4881-9e46-c74e35e46625|rpc:10.1.0.9:15191|admin:10.1.0.9:15190|client:10.1.0.9:15189|dataStream:10.1.0.9:15192|priority:0|startupRole:FOLLOWER, c2ff68ec-fb8c-48a5-8338-8b04228d05a1|rpc:10.1.0.9:15173|admin:10.1.0.9:15172|client:10.1.0.9:15171|dataStream:10.1.0.9:15174|priority:1|startupRole:FOLLOWER]|listeners:[], old=null
2023-09-07 04:53:31,138 [5e8b1818-5304-4881-9e46-c74e35e46625-server-thread1] INFO  segmented.SegmentedRaftLogWorker (SegmentedRaftLogWorker.java:startLogSegment(447)) - 5e8b1818-5304-4881-9e46-c74e35e46625@group-49D8FE676E39-SegmentedRaftLogWorker: Starting segment from index:0
2023-09-07 04:53:31,139 [87043b48-aa73-4006-a4ab-d1e7624806a9@group-49D8FE676E39-SegmentedRaftLogWorker] INFO  segmented.SegmentedRaftLogWorker (SegmentedRaftLogWorker.java:execute(651)) - 87043b48-aa73-4006-a4ab-d1e7624806a9@group-49D8FE676E39-SegmentedRaftLogWorker: created new log segment /home/runner/work/ozone/ozone/hadoop-ozone/integration-test/target/test-dir/MiniOzoneClusterImpl-91ddfec9-c3c1-434b-8c78-5e40d1aa2819/datanode-1/data/ratis/0537529e-a2ae-4539-a878-49d8fe676e39/current/log_inprogress_0
2023-09-07 04:53:31,140 [5e8b1818-5304-4881-9e46-c74e35e46625@group-49D8FE676E39-SegmentedRaftLogWorker] INFO  segmented.SegmentedRaftLogWorker (SegmentedRaftLogWorker.java:execute(651)) - 5e8b1818-5304-4881-9e46-c74e35e46625@group-49D8FE676E39-SegmentedRaftLogWorker: created new log segment /home/runner/work/ozone/ozone/hadoop-ozone/integration-test/target/test-dir/MiniOzoneClusterImpl-91ddfec9-c3c1-434b-8c78-5e40d1aa2819/datanode-2/data/ratis/0537529e-a2ae-4539-a878-49d8fe676e39/current/log_inprogress_0
2023-09-07 04:53:31,229 [main] INFO  ozone.MiniOzoneClusterImpl (MiniOzoneClusterImpl.java:lambda$waitForClusterToBeReady$0(224)) - Nodes are ready. Got 5 of 5 DN Heartbeats.
2023-09-07 04:53:31,230 [main] INFO  ozone.MiniOzoneClusterImpl (MiniOzoneClusterImpl.java:lambda$waitForClusterToBeReady$0(227)) - Cluster exits safe mode
2023-09-07 04:53:31,230 [main] INFO  ozone.MiniOzoneClusterImpl (MiniOzoneClusterImpl.java:lambda$waitForClusterToBeReady$0(229)) - SCM became leader
2023-09-07 04:53:31,263 [main] INFO  rpc.RpcClient (RpcClient.java:createVolume(461)) - Creating Volume: volume69932, with user05679 as owner and space quota set to -1 bytes, counts quota set to -1
2023-09-07 04:53:31,265 [IPC Server handler 0 on default port 15163] INFO  volume.OMVolumeCreateRequest (OMVolumeCreateRequest.java:validateAndUpdateCache(196)) - created volume:volume69932 for user:user05679
2023-09-07 04:53:31,277 [main] INFO  rpc.RpcClient (RpcClient.java:createBucket(688)) - Creating Bucket: volume69932/bucket53154, with bucket layout LEGACY, runner as owner, Versioning false, Storage Type set to DISK and Encryption set to false, Replication Type set to server-side default replication type, Namespace Quota set to -1, Space Quota set to -1 
2023-09-07 04:53:31,279 [IPC Server handler 7 on default port 15163] INFO  bucket.OMBucketCreateRequest (OMBucketCreateRequest.java:validateAndUpdateCache(270)) - created bucket: bucket53154 of layout LEGACY in volume: volume69932
]]></system-out>
  </testcase>
  <testcase name="testSeekOnFileLength" classname="TestOzoneFileSystem" time="1.148">
    <system-out><![CDATA[2023-09-07 04:48:31,309 [IPC Server handler 1 on default port 15001] INFO  ha.SequenceIdGenerator (SequenceIdGenerator.java:getNextId(140)) - Allocate a batch for containerId, change lastId from 0 to 1000.
2023-09-07 04:48:31,323 [IPC Server handler 1 on default port 15001] WARN  ha.SequenceIdGenerator (SequenceIdGenerator.java:allocateBatch(253)) - Failed to allocate a batch for localId, expected lastId is 0, actual lastId is 111677748019200000.
2023-09-07 04:48:31,324 [IPC Server handler 1 on default port 15001] INFO  ha.SequenceIdGenerator (SequenceIdGenerator.java:getNextId(140)) - Allocate a batch for localId, change lastId from 111677748019200000 to 111677748019201000.
2023-09-07 04:48:31,436 [Time-limited test] INFO  impl.MetricsSystemImpl (MetricsSystemImpl.java:init(158)) - XceiverClientMetrics metrics system started (again)
2023-09-07 04:48:31,437 [Time-limited test] INFO  lib.Interns (Interns.java:removeEldestEntry(50)) - Metrics intern cache overflow at 2011 for MetricsSystem={MetricsSystem=MetricsInfoImpl{name=MetricsSystem, description=MetricsSystem}, MetricsSystem record=MetricsInfoImpl{name=MetricsSystem, description=MetricsSystem record}}
2023-09-07 04:48:32,275 [IPC Server handler 1 on default port 15001] WARN  node.SCMNodeManager (SCMNodeManager.java:getNodesByAddress(1373)) - Cannot find node for address 127.0.0.1
04:48:32.326 [IPC Server handler 7 on default port 15004] ERROR OMAudit - user=runner | ip=127.0.0.1 | op=READ_KEY {volume=volume25901, bucket=bucket39570, key=file_notexist, dataSize=0, replicationConfig=null} | ret=FAILURE
org.apache.hadoop.ozone.om.exceptions.OMException: Key:file_notexist not found
	at org.apache.hadoop.ozone.om.KeyManagerImpl.readKeyInfo(KeyManagerImpl.java:427) ~[ozone-manager-1.4.0-SNAPSHOT.jar:?]
	at org.apache.hadoop.ozone.om.KeyManagerImpl.lambda$9(KeyManagerImpl.java:1931) ~[ozone-manager-1.4.0-SNAPSHOT.jar:?]
	at org.apache.hadoop.util.MetricUtil.captureLatencyNs(MetricUtil.java:39) ~[hdds-common-1.4.0-SNAPSHOT.jar:?]
	at org.apache.hadoop.ozone.om.KeyManagerImpl.getKeyInfo(KeyManagerImpl.java:1929) ~[ozone-manager-1.4.0-SNAPSHOT.jar:?]
	at org.apache.hadoop.ozone.om.OmMetadataReader.getKeyInfo(OmMetadataReader.java:185) ~[ozone-manager-1.4.0-SNAPSHOT.jar:?]
	at org.apache.hadoop.ozone.om.OzoneManager.getKeyInfo(OzoneManager.java:2827) ~[ozone-manager-1.4.0-SNAPSHOT.jar:?]
	at org.apache.hadoop.ozone.protocolPB.OzoneManagerRequestHandler.getKeyInfo(OzoneManagerRequestHandler.java:585) ~[ozone-manager-1.4.0-SNAPSHOT.jar:?]
	at org.apache.hadoop.ozone.protocolPB.OzoneManagerRequestHandler.handleReadRequest(OzoneManagerRequestHandler.java:304) ~[ozone-manager-1.4.0-SNAPSHOT.jar:?]
	at org.apache.hadoop.ozone.protocolPB.OzoneManagerProtocolServerSideTranslatorPB.submitReadRequestToOM(OzoneManagerProtocolServerSideTranslatorPB.java:225) ~[ozone-manager-1.4.0-SNAPSHOT.jar:?]
	at org.apache.hadoop.ozone.protocolPB.OzoneManagerProtocolServerSideTranslatorPB.processRequest(OzoneManagerProtocolServerSideTranslatorPB.java:179) ~[ozone-manager-1.4.0-SNAPSHOT.jar:?]
	at org.apache.hadoop.hdds.server.OzoneProtocolMessageDispatcher.processRequest(OzoneProtocolMessageDispatcher.java:87) [hdds-server-framework-1.4.0-SNAPSHOT.jar:?]
	at org.apache.hadoop.ozone.protocolPB.OzoneManagerProtocolServerSideTranslatorPB.submitRequest(OzoneManagerProtocolServerSideTranslatorPB.java:148) [ozone-manager-1.4.0-SNAPSHOT.jar:?]
	at org.apache.hadoop.ozone.protocol.proto.OzoneManagerProtocolProtos$OzoneManagerService$2.callBlockingMethod(OzoneManagerProtocolProtos.java) [ozone-interface-client-1.4.0-SNAPSHOT.jar:?]
	at org.apache.hadoop.ipc.ProtobufRpcEngine$Server.processCall(ProtobufRpcEngine.java:484) [hadoop-common-3.3.6.jar:?]
	at org.apache.hadoop.ipc.ProtobufRpcEngine2$Server$ProtoBufRpcInvoker.call(ProtobufRpcEngine2.java:595) [hadoop-common-3.3.6.jar:?]
	at org.apache.hadoop.ipc.ProtobufRpcEngine2$Server$ProtoBufRpcInvoker.call(ProtobufRpcEngine2.java:573) [hadoop-common-3.3.6.jar:?]
	at org.apache.hadoop.ipc.RPC$Server.call(RPC.java:1227) [hadoop-common-3.3.6.jar:?]
	at org.apache.hadoop.ipc.Server$RpcCall.run(Server.java:1094) [hadoop-common-3.3.6.jar:?]
	at org.apache.hadoop.ipc.Server$RpcCall.run(Server.java:1017) [hadoop-common-3.3.6.jar:?]
	at java.security.AccessController.doPrivileged(Native Method) ~[?:1.8.0_382]
	at javax.security.auth.Subject.doAs(Subject.java:422) [?:1.8.0_382]
	at org.apache.hadoop.security.UserGroupInformation.doAs(UserGroupInformation.java:1899) [hadoop-common-3.3.6.jar:?]
	at org.apache.hadoop.ipc.Server$Handler.run(Server.java:3048) [hadoop-common-3.3.6.jar:?]
]]></system-out>
  </testcase>
  <testcase name="testSeekOnFileLength" classname="TestOzoneFileSystem" time="0.196">
    <system-out><![CDATA[2023-09-07 04:50:26,183 [IPC Server handler 3 on default port 15054] INFO  ha.SequenceIdGenerator (SequenceIdGenerator.java:getNextId(140)) - Allocate a batch for containerId, change lastId from 0 to 1000.
2023-09-07 04:50:26,184 [IPC Server handler 3 on default port 15054] WARN  ha.SequenceIdGenerator (SequenceIdGenerator.java:allocateBatch(253)) - Failed to allocate a batch for localId, expected lastId is 0, actual lastId is 111677748019200000.
2023-09-07 04:50:26,184 [IPC Server handler 3 on default port 15054] INFO  ha.SequenceIdGenerator (SequenceIdGenerator.java:getNextId(140)) - Allocate a batch for localId, change lastId from 111677748019200000 to 111677748019201000.
2023-09-07 04:50:26,329 [IPC Server handler 0 on default port 15054] WARN  node.SCMNodeManager (SCMNodeManager.java:getNodesByAddress(1373)) - Cannot find node for address 127.0.0.1
04:50:26.355 [IPC Server handler 6 on default port 15057] ERROR OMAudit - user=runner | ip=127.0.0.1 | op=READ_KEY {volume=volume43692, bucket=bucket46966, key=file_notexist, dataSize=0, replicationConfig=null} | ret=FAILURE
org.apache.hadoop.ozone.om.exceptions.OMException: Key:file_notexist not found
	at org.apache.hadoop.ozone.om.KeyManagerImpl.readKeyInfo(KeyManagerImpl.java:427) ~[ozone-manager-1.4.0-SNAPSHOT.jar:?]
	at org.apache.hadoop.ozone.om.KeyManagerImpl.lambda$9(KeyManagerImpl.java:1931) ~[ozone-manager-1.4.0-SNAPSHOT.jar:?]
	at org.apache.hadoop.util.MetricUtil.captureLatencyNs(MetricUtil.java:39) ~[hdds-common-1.4.0-SNAPSHOT.jar:?]
	at org.apache.hadoop.ozone.om.KeyManagerImpl.getKeyInfo(KeyManagerImpl.java:1929) ~[ozone-manager-1.4.0-SNAPSHOT.jar:?]
	at org.apache.hadoop.ozone.om.OmMetadataReader.getKeyInfo(OmMetadataReader.java:185) ~[ozone-manager-1.4.0-SNAPSHOT.jar:?]
	at org.apache.hadoop.ozone.om.OzoneManager.getKeyInfo(OzoneManager.java:2827) ~[ozone-manager-1.4.0-SNAPSHOT.jar:?]
	at org.apache.hadoop.ozone.protocolPB.OzoneManagerRequestHandler.getKeyInfo(OzoneManagerRequestHandler.java:585) ~[ozone-manager-1.4.0-SNAPSHOT.jar:?]
	at org.apache.hadoop.ozone.protocolPB.OzoneManagerRequestHandler.handleReadRequest(OzoneManagerRequestHandler.java:304) ~[ozone-manager-1.4.0-SNAPSHOT.jar:?]
	at org.apache.hadoop.ozone.protocolPB.OzoneManagerProtocolServerSideTranslatorPB.submitRequestDirectlyToOM(OzoneManagerProtocolServerSideTranslatorPB.java:274) ~[ozone-manager-1.4.0-SNAPSHOT.jar:?]
	at org.apache.hadoop.ozone.protocolPB.OzoneManagerProtocolServerSideTranslatorPB.processRequest(OzoneManagerProtocolServerSideTranslatorPB.java:175) ~[ozone-manager-1.4.0-SNAPSHOT.jar:?]
	at org.apache.hadoop.hdds.server.OzoneProtocolMessageDispatcher.processRequest(OzoneProtocolMessageDispatcher.java:87) [hdds-server-framework-1.4.0-SNAPSHOT.jar:?]
	at org.apache.hadoop.ozone.protocolPB.OzoneManagerProtocolServerSideTranslatorPB.submitRequest(OzoneManagerProtocolServerSideTranslatorPB.java:148) [ozone-manager-1.4.0-SNAPSHOT.jar:?]
	at org.apache.hadoop.ozone.protocol.proto.OzoneManagerProtocolProtos$OzoneManagerService$2.callBlockingMethod(OzoneManagerProtocolProtos.java) [ozone-interface-client-1.4.0-SNAPSHOT.jar:?]
	at org.apache.hadoop.ipc.ProtobufRpcEngine$Server.processCall(ProtobufRpcEngine.java:484) [hadoop-common-3.3.6.jar:?]
	at org.apache.hadoop.ipc.ProtobufRpcEngine2$Server$ProtoBufRpcInvoker.call(ProtobufRpcEngine2.java:595) [hadoop-common-3.3.6.jar:?]
	at org.apache.hadoop.ipc.ProtobufRpcEngine2$Server$ProtoBufRpcInvoker.call(ProtobufRpcEngine2.java:573) [hadoop-common-3.3.6.jar:?]
	at org.apache.hadoop.ipc.RPC$Server.call(RPC.java:1227) [hadoop-common-3.3.6.jar:?]
	at org.apache.hadoop.ipc.Server$RpcCall.run(Server.java:1094) [hadoop-common-3.3.6.jar:?]
	at org.apache.hadoop.ipc.Server$RpcCall.run(Server.java:1017) [hadoop-common-3.3.6.jar:?]
	at java.security.AccessController.doPrivileged(Native Method) ~[?:1.8.0_382]
	at javax.security.auth.Subject.doAs(Subject.java:422) [?:1.8.0_382]
	at org.apache.hadoop.security.UserGroupInformation.doAs(UserGroupInformation.java:1899) [hadoop-common-3.3.6.jar:?]
	at org.apache.hadoop.ipc.Server$Handler.run(Server.java:3048) [hadoop-common-3.3.6.jar:?]
]]></system-out>
  </testcase>
  <testcase name="testSeekOnFileLength" classname="TestOzoneFileSystem" time="0.153">
    <system-out><![CDATA[2023-09-07 04:51:53,387 [IPC Server handler 3 on default port 15107] INFO  ha.SequenceIdGenerator (SequenceIdGenerator.java:getNextId(140)) - Allocate a batch for containerId, change lastId from 0 to 1000.
2023-09-07 04:51:53,388 [IPC Server handler 3 on default port 15107] WARN  ha.SequenceIdGenerator (SequenceIdGenerator.java:allocateBatch(253)) - Failed to allocate a batch for localId, expected lastId is 0, actual lastId is 111677748019200000.
2023-09-07 04:51:53,388 [IPC Server handler 3 on default port 15107] INFO  ha.SequenceIdGenerator (SequenceIdGenerator.java:getNextId(140)) - Allocate a batch for localId, change lastId from 111677748019200000 to 111677748019201000.
2023-09-07 04:51:53,501 [IPC Server handler 4 on default port 15107] WARN  node.SCMNodeManager (SCMNodeManager.java:getNodesByAddress(1373)) - Cannot find node for address 127.0.0.1
04:51:53.514 [IPC Server handler 10 on default port 15110] ERROR OMAudit - user=runner | ip=127.0.0.1 | op=READ_KEY {volume=volume87246, bucket=bucket72820, key=file_notexist, dataSize=0, replicationConfig=null} | ret=FAILURE
org.apache.hadoop.ozone.om.exceptions.OMException: Key:file_notexist not found
	at org.apache.hadoop.ozone.om.KeyManagerImpl.readKeyInfo(KeyManagerImpl.java:427) ~[ozone-manager-1.4.0-SNAPSHOT.jar:?]
	at org.apache.hadoop.ozone.om.KeyManagerImpl.lambda$9(KeyManagerImpl.java:1931) ~[ozone-manager-1.4.0-SNAPSHOT.jar:?]
	at org.apache.hadoop.util.MetricUtil.captureLatencyNs(MetricUtil.java:39) ~[hdds-common-1.4.0-SNAPSHOT.jar:?]
	at org.apache.hadoop.ozone.om.KeyManagerImpl.getKeyInfo(KeyManagerImpl.java:1929) ~[ozone-manager-1.4.0-SNAPSHOT.jar:?]
	at org.apache.hadoop.ozone.om.OmMetadataReader.getKeyInfo(OmMetadataReader.java:185) ~[ozone-manager-1.4.0-SNAPSHOT.jar:?]
	at org.apache.hadoop.ozone.om.OzoneManager.getKeyInfo(OzoneManager.java:2827) ~[ozone-manager-1.4.0-SNAPSHOT.jar:?]
	at org.apache.hadoop.ozone.protocolPB.OzoneManagerRequestHandler.getKeyInfo(OzoneManagerRequestHandler.java:585) ~[ozone-manager-1.4.0-SNAPSHOT.jar:?]
	at org.apache.hadoop.ozone.protocolPB.OzoneManagerRequestHandler.handleReadRequest(OzoneManagerRequestHandler.java:304) ~[ozone-manager-1.4.0-SNAPSHOT.jar:?]
	at org.apache.hadoop.ozone.protocolPB.OzoneManagerProtocolServerSideTranslatorPB.submitReadRequestToOM(OzoneManagerProtocolServerSideTranslatorPB.java:225) ~[ozone-manager-1.4.0-SNAPSHOT.jar:?]
	at org.apache.hadoop.ozone.protocolPB.OzoneManagerProtocolServerSideTranslatorPB.processRequest(OzoneManagerProtocolServerSideTranslatorPB.java:179) ~[ozone-manager-1.4.0-SNAPSHOT.jar:?]
	at org.apache.hadoop.hdds.server.OzoneProtocolMessageDispatcher.processRequest(OzoneProtocolMessageDispatcher.java:87) [hdds-server-framework-1.4.0-SNAPSHOT.jar:?]
	at org.apache.hadoop.ozone.protocolPB.OzoneManagerProtocolServerSideTranslatorPB.submitRequest(OzoneManagerProtocolServerSideTranslatorPB.java:148) [ozone-manager-1.4.0-SNAPSHOT.jar:?]
	at org.apache.hadoop.ozone.protocol.proto.OzoneManagerProtocolProtos$OzoneManagerService$2.callBlockingMethod(OzoneManagerProtocolProtos.java) [ozone-interface-client-1.4.0-SNAPSHOT.jar:?]
	at org.apache.hadoop.ipc.ProtobufRpcEngine$Server.processCall(ProtobufRpcEngine.java:484) [hadoop-common-3.3.6.jar:?]
	at org.apache.hadoop.ipc.ProtobufRpcEngine2$Server$ProtoBufRpcInvoker.call(ProtobufRpcEngine2.java:595) [hadoop-common-3.3.6.jar:?]
	at org.apache.hadoop.ipc.ProtobufRpcEngine2$Server$ProtoBufRpcInvoker.call(ProtobufRpcEngine2.java:573) [hadoop-common-3.3.6.jar:?]
	at org.apache.hadoop.ipc.RPC$Server.call(RPC.java:1227) [hadoop-common-3.3.6.jar:?]
	at org.apache.hadoop.ipc.Server$RpcCall.run(Server.java:1094) [hadoop-common-3.3.6.jar:?]
	at org.apache.hadoop.ipc.Server$RpcCall.run(Server.java:1017) [hadoop-common-3.3.6.jar:?]
	at java.security.AccessController.doPrivileged(Native Method) ~[?:1.8.0_382]
	at javax.security.auth.Subject.doAs(Subject.java:422) [?:1.8.0_382]
	at org.apache.hadoop.security.UserGroupInformation.doAs(UserGroupInformation.java:1899) [hadoop-common-3.3.6.jar:?]
	at org.apache.hadoop.ipc.Server$Handler.run(Server.java:3048) [hadoop-common-3.3.6.jar:?]
]]></system-out>
  </testcase>
  <testcase name="testSeekOnFileLength" classname="TestOzoneFileSystem" time="0.18">
    <system-out><![CDATA[2023-09-07 04:53:31,328 [IPC Server handler 0 on default port 15160] INFO  ha.SequenceIdGenerator (SequenceIdGenerator.java:getNextId(140)) - Allocate a batch for containerId, change lastId from 0 to 1000.
2023-09-07 04:53:31,329 [IPC Server handler 0 on default port 15160] WARN  ha.SequenceIdGenerator (SequenceIdGenerator.java:allocateBatch(253)) - Failed to allocate a batch for localId, expected lastId is 0, actual lastId is 111677748019200000.
2023-09-07 04:53:31,329 [IPC Server handler 0 on default port 15160] INFO  ha.SequenceIdGenerator (SequenceIdGenerator.java:getNextId(140)) - Allocate a batch for localId, change lastId from 111677748019200000 to 111677748019201000.
2023-09-07 04:53:31,413 [87043b48-aa73-4006-a4ab-d1e7624806a9@group-F9D26549A2B7-FollowerState] INFO  impl.FollowerState (FollowerState.java:run(143)) - 87043b48-aa73-4006-a4ab-d1e7624806a9@group-F9D26549A2B7-FollowerState: change to CANDIDATE, lastRpcElapsedTime:5188434692ns, electionTimeout:5179ms
2023-09-07 04:53:31,413 [87043b48-aa73-4006-a4ab-d1e7624806a9@group-F9D26549A2B7-FollowerState] INFO  impl.RoleInfo (RoleInfo.java:shutdownFollowerState(110)) - 87043b48-aa73-4006-a4ab-d1e7624806a9: shutdown 87043b48-aa73-4006-a4ab-d1e7624806a9@group-F9D26549A2B7-FollowerState
2023-09-07 04:53:31,413 [87043b48-aa73-4006-a4ab-d1e7624806a9@group-F9D26549A2B7-FollowerState] INFO  server.RaftServer$Division (RaftServerImpl.java:setRole(329)) - 87043b48-aa73-4006-a4ab-d1e7624806a9@group-F9D26549A2B7: changes role from  FOLLOWER to CANDIDATE at term 0 for changeToCandidate
2023-09-07 04:53:31,420 [87043b48-aa73-4006-a4ab-d1e7624806a9@group-F9D26549A2B7-FollowerState] INFO  server.RaftServerConfigKeys (ConfUtils.java:logGet(46)) - raft.server.leaderelection.pre-vote = true (default)
2023-09-07 04:53:31,420 [87043b48-aa73-4006-a4ab-d1e7624806a9@group-F9D26549A2B7-FollowerState] INFO  impl.RoleInfo (RoleInfo.java:updateAndGet(139)) - 87043b48-aa73-4006-a4ab-d1e7624806a9: start 87043b48-aa73-4006-a4ab-d1e7624806a9@group-F9D26549A2B7-LeaderElection33
2023-09-07 04:53:31,424 [87043b48-aa73-4006-a4ab-d1e7624806a9@group-F9D26549A2B7-LeaderElection33] INFO  impl.LeaderElection (LeaderElection.java:askForVotes(321)) - 87043b48-aa73-4006-a4ab-d1e7624806a9@group-F9D26549A2B7-LeaderElection33 PRE_VOTE round 0: submit vote requests at term 0 for -1: peers:[87043b48-aa73-4006-a4ab-d1e7624806a9|rpc:10.1.0.9:15182|admin:10.1.0.9:15181|client:10.1.0.9:15180|dataStream:10.1.0.9:15183|priority:1|startupRole:FOLLOWER]|listeners:[], old=null
2023-09-07 04:53:31,426 [87043b48-aa73-4006-a4ab-d1e7624806a9@group-F9D26549A2B7-LeaderElection33] INFO  impl.LeaderElection (LeaderElection.java:askForVotes(323)) - 87043b48-aa73-4006-a4ab-d1e7624806a9@group-F9D26549A2B7-LeaderElection33 PRE_VOTE round 0: result PASSED (term=0)
2023-09-07 04:53:31,428 [87043b48-aa73-4006-a4ab-d1e7624806a9@group-F9D26549A2B7-LeaderElection33] INFO  impl.LeaderElection (LeaderElection.java:askForVotes(321)) - 87043b48-aa73-4006-a4ab-d1e7624806a9@group-F9D26549A2B7-LeaderElection33 ELECTION round 0: submit vote requests at term 1 for -1: peers:[87043b48-aa73-4006-a4ab-d1e7624806a9|rpc:10.1.0.9:15182|admin:10.1.0.9:15181|client:10.1.0.9:15180|dataStream:10.1.0.9:15183|priority:1|startupRole:FOLLOWER]|listeners:[], old=null
2023-09-07 04:53:31,428 [87043b48-aa73-4006-a4ab-d1e7624806a9@group-F9D26549A2B7-LeaderElection33] INFO  impl.LeaderElection (LeaderElection.java:askForVotes(323)) - 87043b48-aa73-4006-a4ab-d1e7624806a9@group-F9D26549A2B7-LeaderElection33 ELECTION round 0: result PASSED (term=1)
2023-09-07 04:53:31,428 [87043b48-aa73-4006-a4ab-d1e7624806a9@group-F9D26549A2B7-LeaderElection33] INFO  impl.RoleInfo (RoleInfo.java:shutdownLeaderElection(130)) - 87043b48-aa73-4006-a4ab-d1e7624806a9: shutdown 87043b48-aa73-4006-a4ab-d1e7624806a9@group-F9D26549A2B7-LeaderElection33
2023-09-07 04:53:31,428 [87043b48-aa73-4006-a4ab-d1e7624806a9@group-F9D26549A2B7-LeaderElection33] INFO  server.RaftServer$Division (RaftServerImpl.java:setRole(329)) - 87043b48-aa73-4006-a4ab-d1e7624806a9@group-F9D26549A2B7: changes role from CANDIDATE to LEADER at term 1 for changeToLeader
2023-09-07 04:53:31,428 [87043b48-aa73-4006-a4ab-d1e7624806a9@group-F9D26549A2B7-LeaderElection33] INFO  ratis.XceiverServerRatis (XceiverServerRatis.java:handleLeaderChangedNotification(902)) - Leader change notification received for group: group-F9D26549A2B7 with new leaderId: 87043b48-aa73-4006-a4ab-d1e7624806a9
2023-09-07 04:53:31,429 [87043b48-aa73-4006-a4ab-d1e7624806a9@group-F9D26549A2B7-LeaderElection33] INFO  server.RaftServer$Division (ServerState.java:setLeader(317)) - 87043b48-aa73-4006-a4ab-d1e7624806a9@group-F9D26549A2B7: change Leader from null to 87043b48-aa73-4006-a4ab-d1e7624806a9 at term 1 for becomeLeader, leader elected after 5281ms
2023-09-07 04:53:31,429 [87043b48-aa73-4006-a4ab-d1e7624806a9@group-F9D26549A2B7-LeaderElection33] INFO  server.RaftServerConfigKeys (ConfUtils.java:logGet(46)) - raft.server.staging.catchup.gap = 1000 (default)
2023-09-07 04:53:31,429 [87043b48-aa73-4006-a4ab-d1e7624806a9@group-F9D26549A2B7-LeaderElection33] INFO  server.RaftServerConfigKeys (ConfUtils.java:logGet(46)) - raft.server.write.element-limit = 1024 (custom)
2023-09-07 04:53:31,429 [87043b48-aa73-4006-a4ab-d1e7624806a9@group-F9D26549A2B7-LeaderElection33] INFO  server.RaftServerConfigKeys (ConfUtils.java:logGet(46)) - raft.server.write.byte-limit = 1024 M (=1073741824) (custom)
2023-09-07 04:53:31,429 [87043b48-aa73-4006-a4ab-d1e7624806a9@group-F9D26549A2B7-LeaderElection33] INFO  server.RaftServerConfigKeys (ConfUtils.java:logGet(46)) - raft.server.watch.timeout = 180s (custom)
2023-09-07 04:53:31,429 [87043b48-aa73-4006-a4ab-d1e7624806a9@group-F9D26549A2B7-LeaderElection33] INFO  server.RaftServerConfigKeys (ConfUtils.java:logGet(46)) - raft.server.watch.timeout.denomination = 1s (default)
2023-09-07 04:53:31,429 [87043b48-aa73-4006-a4ab-d1e7624806a9@group-F9D26549A2B7-LeaderElection33] INFO  server.RaftServerConfigKeys (ConfUtils.java:logGet(46)) - raft.server.watch.element-limit = 65536 (default)
2023-09-07 04:53:31,430 [87043b48-aa73-4006-a4ab-d1e7624806a9@group-F9D26549A2B7-LeaderElection33] INFO  server.RaftServerConfigKeys (ConfUtils.java:logGet(46)) - raft.server.write.element-limit = 1024 (custom)
2023-09-07 04:53:31,430 [87043b48-aa73-4006-a4ab-d1e7624806a9@group-F9D26549A2B7-LeaderElection33] INFO  server.RaftServerConfigKeys (ConfUtils.java:logGet(46)) - raft.server.write.follower.gap.ratio.max = -1.0 (default)
2023-09-07 04:53:31,430 [87043b48-aa73-4006-a4ab-d1e7624806a9@group-F9D26549A2B7-LeaderElection33] INFO  impl.RoleInfo (RoleInfo.java:updateAndGet(139)) - 87043b48-aa73-4006-a4ab-d1e7624806a9: start 87043b48-aa73-4006-a4ab-d1e7624806a9@group-F9D26549A2B7-LeaderStateImpl
2023-09-07 04:53:31,438 [87043b48-aa73-4006-a4ab-d1e7624806a9@group-F9D26549A2B7-LeaderElection33] INFO  segmented.SegmentedRaftLogWorker (SegmentedRaftLogWorker.java:startLogSegment(447)) - 87043b48-aa73-4006-a4ab-d1e7624806a9@group-F9D26549A2B7-SegmentedRaftLogWorker: Starting segment from index:0
2023-09-07 04:53:31,440 [87043b48-aa73-4006-a4ab-d1e7624806a9@group-F9D26549A2B7-SegmentedRaftLogWorker] INFO  segmented.SegmentedRaftLogWorker (SegmentedRaftLogWorker.java:execute(651)) - 87043b48-aa73-4006-a4ab-d1e7624806a9@group-F9D26549A2B7-SegmentedRaftLogWorker: created new log segment /home/runner/work/ozone/ozone/hadoop-ozone/integration-test/target/test-dir/MiniOzoneClusterImpl-91ddfec9-c3c1-434b-8c78-5e40d1aa2819/datanode-1/data/ratis/8d8619fe-a78d-4aff-a664-f9d26549a2b7/current/log_inprogress_0
2023-09-07 04:53:31,447 [87043b48-aa73-4006-a4ab-d1e7624806a9@group-F9D26549A2B7-LeaderElection33] INFO  server.RaftServer$Division (ServerState.java:setRaftConf(434)) - 87043b48-aa73-4006-a4ab-d1e7624806a9@group-F9D26549A2B7: set configuration 0: peers:[87043b48-aa73-4006-a4ab-d1e7624806a9|rpc:10.1.0.9:15182|admin:10.1.0.9:15181|client:10.1.0.9:15180|dataStream:10.1.0.9:15183|priority:1|startupRole:FOLLOWER]|listeners:[], old=null
2023-09-07 04:53:31,471 [IPC Server handler 3 on default port 15160] WARN  node.SCMNodeManager (SCMNodeManager.java:getNodesByAddress(1373)) - Cannot find node for address 127.0.0.1
04:53:31.482 [IPC Server handler 7 on default port 15163] ERROR OMAudit - user=runner | ip=127.0.0.1 | op=READ_KEY {volume=volume69932, bucket=bucket53154, key=file_notexist, dataSize=0, replicationConfig=null} | ret=FAILURE
org.apache.hadoop.ozone.om.exceptions.OMException: Key:file_notexist not found
	at org.apache.hadoop.ozone.om.KeyManagerImpl.readKeyInfo(KeyManagerImpl.java:427) ~[ozone-manager-1.4.0-SNAPSHOT.jar:?]
	at org.apache.hadoop.ozone.om.KeyManagerImpl.lambda$9(KeyManagerImpl.java:1931) ~[ozone-manager-1.4.0-SNAPSHOT.jar:?]
	at org.apache.hadoop.util.MetricUtil.captureLatencyNs(MetricUtil.java:39) ~[hdds-common-1.4.0-SNAPSHOT.jar:?]
	at org.apache.hadoop.ozone.om.KeyManagerImpl.getKeyInfo(KeyManagerImpl.java:1929) ~[ozone-manager-1.4.0-SNAPSHOT.jar:?]
	at org.apache.hadoop.ozone.om.OmMetadataReader.getKeyInfo(OmMetadataReader.java:185) ~[ozone-manager-1.4.0-SNAPSHOT.jar:?]
	at org.apache.hadoop.ozone.om.OzoneManager.getKeyInfo(OzoneManager.java:2827) ~[ozone-manager-1.4.0-SNAPSHOT.jar:?]
	at org.apache.hadoop.ozone.protocolPB.OzoneManagerRequestHandler.getKeyInfo(OzoneManagerRequestHandler.java:585) ~[ozone-manager-1.4.0-SNAPSHOT.jar:?]
	at org.apache.hadoop.ozone.protocolPB.OzoneManagerRequestHandler.handleReadRequest(OzoneManagerRequestHandler.java:304) ~[ozone-manager-1.4.0-SNAPSHOT.jar:?]
	at org.apache.hadoop.ozone.protocolPB.OzoneManagerProtocolServerSideTranslatorPB.submitRequestDirectlyToOM(OzoneManagerProtocolServerSideTranslatorPB.java:274) ~[ozone-manager-1.4.0-SNAPSHOT.jar:?]
	at org.apache.hadoop.ozone.protocolPB.OzoneManagerProtocolServerSideTranslatorPB.processRequest(OzoneManagerProtocolServerSideTranslatorPB.java:175) ~[ozone-manager-1.4.0-SNAPSHOT.jar:?]
	at org.apache.hadoop.hdds.server.OzoneProtocolMessageDispatcher.processRequest(OzoneProtocolMessageDispatcher.java:87) [hdds-server-framework-1.4.0-SNAPSHOT.jar:?]
	at org.apache.hadoop.ozone.protocolPB.OzoneManagerProtocolServerSideTranslatorPB.submitRequest(OzoneManagerProtocolServerSideTranslatorPB.java:148) [ozone-manager-1.4.0-SNAPSHOT.jar:?]
	at org.apache.hadoop.ozone.protocol.proto.OzoneManagerProtocolProtos$OzoneManagerService$2.callBlockingMethod(OzoneManagerProtocolProtos.java) [ozone-interface-client-1.4.0-SNAPSHOT.jar:?]
	at org.apache.hadoop.ipc.ProtobufRpcEngine$Server.processCall(ProtobufRpcEngine.java:484) [hadoop-common-3.3.6.jar:?]
	at org.apache.hadoop.ipc.ProtobufRpcEngine2$Server$ProtoBufRpcInvoker.call(ProtobufRpcEngine2.java:595) [hadoop-common-3.3.6.jar:?]
	at org.apache.hadoop.ipc.ProtobufRpcEngine2$Server$ProtoBufRpcInvoker.call(ProtobufRpcEngine2.java:573) [hadoop-common-3.3.6.jar:?]
	at org.apache.hadoop.ipc.RPC$Server.call(RPC.java:1227) [hadoop-common-3.3.6.jar:?]
	at org.apache.hadoop.ipc.Server$RpcCall.run(Server.java:1094) [hadoop-common-3.3.6.jar:?]
	at org.apache.hadoop.ipc.Server$RpcCall.run(Server.java:1017) [hadoop-common-3.3.6.jar:?]
	at java.security.AccessController.doPrivileged(Native Method) ~[?:1.8.0_382]
	at javax.security.auth.Subject.doAs(Subject.java:422) [?:1.8.0_382]
	at org.apache.hadoop.security.UserGroupInformation.doAs(UserGroupInformation.java:1899) [hadoop-common-3.3.6.jar:?]
	at org.apache.hadoop.ipc.Server$Handler.run(Server.java:3048) [hadoop-common-3.3.6.jar:?]
]]></system-out>
  </testcase>
  <testcase name="testRenameFile" classname="TestOzoneFileSystem" time="0.193">
    <system-out><![CDATA[04:48:32.430 [IPC Server handler 17 on default port 15004] ERROR OMAudit - user=runner | ip=127.0.0.1 | op=GET_FILE_STATUS {volume=volume25901, bucket=bucket39570, key=root/file1, dataSize=0, replicationConfig=null} | ret=FAILURE
org.apache.hadoop.ozone.om.exceptions.OMException: Unable to get file status: volume: volume25901 bucket: bucket39570 key: root/file1
	at org.apache.hadoop.ozone.om.KeyManagerImpl.getOzoneFileStatus(KeyManagerImpl.java:1195) ~[ozone-manager-1.4.0-SNAPSHOT.jar:?]
	at org.apache.hadoop.ozone.om.KeyManagerImpl.getFileStatus(KeyManagerImpl.java:1113) ~[ozone-manager-1.4.0-SNAPSHOT.jar:?]
	at org.apache.hadoop.ozone.om.OmMetadataReader.getFileStatus(OmMetadataReader.java:262) ~[ozone-manager-1.4.0-SNAPSHOT.jar:?]
	at org.apache.hadoop.ozone.om.OzoneManager.getFileStatus(OzoneManager.java:3530) ~[ozone-manager-1.4.0-SNAPSHOT.jar:?]
	at org.apache.hadoop.ozone.protocolPB.OzoneManagerRequestHandler.getOzoneFileStatus(OzoneManagerRequestHandler.java:971) ~[ozone-manager-1.4.0-SNAPSHOT.jar:?]
	at org.apache.hadoop.ozone.protocolPB.OzoneManagerRequestHandler.handleReadRequest(OzoneManagerRequestHandler.java:250) ~[ozone-manager-1.4.0-SNAPSHOT.jar:?]
	at org.apache.hadoop.ozone.protocolPB.OzoneManagerProtocolServerSideTranslatorPB.submitReadRequestToOM(OzoneManagerProtocolServerSideTranslatorPB.java:225) ~[ozone-manager-1.4.0-SNAPSHOT.jar:?]
	at org.apache.hadoop.ozone.protocolPB.OzoneManagerProtocolServerSideTranslatorPB.processRequest(OzoneManagerProtocolServerSideTranslatorPB.java:179) ~[ozone-manager-1.4.0-SNAPSHOT.jar:?]
	at org.apache.hadoop.hdds.server.OzoneProtocolMessageDispatcher.processRequest(OzoneProtocolMessageDispatcher.java:87) [hdds-server-framework-1.4.0-SNAPSHOT.jar:?]
	at org.apache.hadoop.ozone.protocolPB.OzoneManagerProtocolServerSideTranslatorPB.submitRequest(OzoneManagerProtocolServerSideTranslatorPB.java:148) [ozone-manager-1.4.0-SNAPSHOT.jar:?]
	at org.apache.hadoop.ozone.protocol.proto.OzoneManagerProtocolProtos$OzoneManagerService$2.callBlockingMethod(OzoneManagerProtocolProtos.java) [ozone-interface-client-1.4.0-SNAPSHOT.jar:?]
	at org.apache.hadoop.ipc.ProtobufRpcEngine$Server.processCall(ProtobufRpcEngine.java:484) [hadoop-common-3.3.6.jar:?]
	at org.apache.hadoop.ipc.ProtobufRpcEngine2$Server$ProtoBufRpcInvoker.call(ProtobufRpcEngine2.java:595) [hadoop-common-3.3.6.jar:?]
	at org.apache.hadoop.ipc.ProtobufRpcEngine2$Server$ProtoBufRpcInvoker.call(ProtobufRpcEngine2.java:573) [hadoop-common-3.3.6.jar:?]
	at org.apache.hadoop.ipc.RPC$Server.call(RPC.java:1227) [hadoop-common-3.3.6.jar:?]
	at org.apache.hadoop.ipc.Server$RpcCall.run(Server.java:1094) [hadoop-common-3.3.6.jar:?]
	at org.apache.hadoop.ipc.Server$RpcCall.run(Server.java:1017) [hadoop-common-3.3.6.jar:?]
	at java.security.AccessController.doPrivileged(Native Method) ~[?:1.8.0_382]
	at javax.security.auth.Subject.doAs(Subject.java:422) [?:1.8.0_382]
	at org.apache.hadoop.security.UserGroupInformation.doAs(UserGroupInformation.java:1899) [hadoop-common-3.3.6.jar:?]
	at org.apache.hadoop.ipc.Server$Handler.run(Server.java:3048) [hadoop-common-3.3.6.jar:?]
]]></system-out>
  </testcase>
  <testcase name="testRenameFile" classname="TestOzoneFileSystem" time="0.044">
    <system-out><![CDATA[04:50:26.381 [IPC Server handler 9 on default port 15057] ERROR OMAudit - user=runner | ip=127.0.0.1 | op=GET_FILE_STATUS {volume=volume43692, bucket=bucket46966, key=root/file1, dataSize=0, replicationConfig=null} | ret=FAILURE
org.apache.hadoop.ozone.om.exceptions.OMException: Unable to get file status: volume: volume43692 bucket: bucket46966 key: root/file1
	at org.apache.hadoop.ozone.om.KeyManagerImpl.getOzoneFileStatus(KeyManagerImpl.java:1195) ~[ozone-manager-1.4.0-SNAPSHOT.jar:?]
	at org.apache.hadoop.ozone.om.KeyManagerImpl.getFileStatus(KeyManagerImpl.java:1113) ~[ozone-manager-1.4.0-SNAPSHOT.jar:?]
	at org.apache.hadoop.ozone.om.OmMetadataReader.getFileStatus(OmMetadataReader.java:262) ~[ozone-manager-1.4.0-SNAPSHOT.jar:?]
	at org.apache.hadoop.ozone.om.OzoneManager.getFileStatus(OzoneManager.java:3530) ~[ozone-manager-1.4.0-SNAPSHOT.jar:?]
	at org.apache.hadoop.ozone.protocolPB.OzoneManagerRequestHandler.getOzoneFileStatus(OzoneManagerRequestHandler.java:971) ~[ozone-manager-1.4.0-SNAPSHOT.jar:?]
	at org.apache.hadoop.ozone.protocolPB.OzoneManagerRequestHandler.handleReadRequest(OzoneManagerRequestHandler.java:250) ~[ozone-manager-1.4.0-SNAPSHOT.jar:?]
	at org.apache.hadoop.ozone.protocolPB.OzoneManagerProtocolServerSideTranslatorPB.submitRequestDirectlyToOM(OzoneManagerProtocolServerSideTranslatorPB.java:274) ~[ozone-manager-1.4.0-SNAPSHOT.jar:?]
	at org.apache.hadoop.ozone.protocolPB.OzoneManagerProtocolServerSideTranslatorPB.processRequest(OzoneManagerProtocolServerSideTranslatorPB.java:175) ~[ozone-manager-1.4.0-SNAPSHOT.jar:?]
	at org.apache.hadoop.hdds.server.OzoneProtocolMessageDispatcher.processRequest(OzoneProtocolMessageDispatcher.java:87) [hdds-server-framework-1.4.0-SNAPSHOT.jar:?]
	at org.apache.hadoop.ozone.protocolPB.OzoneManagerProtocolServerSideTranslatorPB.submitRequest(OzoneManagerProtocolServerSideTranslatorPB.java:148) [ozone-manager-1.4.0-SNAPSHOT.jar:?]
	at org.apache.hadoop.ozone.protocol.proto.OzoneManagerProtocolProtos$OzoneManagerService$2.callBlockingMethod(OzoneManagerProtocolProtos.java) [ozone-interface-client-1.4.0-SNAPSHOT.jar:?]
	at org.apache.hadoop.ipc.ProtobufRpcEngine$Server.processCall(ProtobufRpcEngine.java:484) [hadoop-common-3.3.6.jar:?]
	at org.apache.hadoop.ipc.ProtobufRpcEngine2$Server$ProtoBufRpcInvoker.call(ProtobufRpcEngine2.java:595) [hadoop-common-3.3.6.jar:?]
	at org.apache.hadoop.ipc.ProtobufRpcEngine2$Server$ProtoBufRpcInvoker.call(ProtobufRpcEngine2.java:573) [hadoop-common-3.3.6.jar:?]
	at org.apache.hadoop.ipc.RPC$Server.call(RPC.java:1227) [hadoop-common-3.3.6.jar:?]
	at org.apache.hadoop.ipc.Server$RpcCall.run(Server.java:1094) [hadoop-common-3.3.6.jar:?]
	at org.apache.hadoop.ipc.Server$RpcCall.run(Server.java:1017) [hadoop-common-3.3.6.jar:?]
	at java.security.AccessController.doPrivileged(Native Method) ~[?:1.8.0_382]
	at javax.security.auth.Subject.doAs(Subject.java:422) [?:1.8.0_382]
	at org.apache.hadoop.security.UserGroupInformation.doAs(UserGroupInformation.java:1899) [hadoop-common-3.3.6.jar:?]
	at org.apache.hadoop.ipc.Server$Handler.run(Server.java:3048) [hadoop-common-3.3.6.jar:?]
]]></system-out>
  </testcase>
  <testcase name="testRenameFile" classname="TestOzoneFileSystem" time="0.042">
    <system-out><![CDATA[04:51:53.538 [IPC Server handler 4 on default port 15110] ERROR OMAudit - user=runner | ip=127.0.0.1 | op=GET_FILE_STATUS {volume=volume87246, bucket=bucket72820, key=root/file1, dataSize=0, replicationConfig=null} | ret=FAILURE
org.apache.hadoop.ozone.om.exceptions.OMException: Unable to get file status: volume: volume87246 bucket: bucket72820 key: root/file1
	at org.apache.hadoop.ozone.om.KeyManagerImpl.getOzoneFileStatus(KeyManagerImpl.java:1195) ~[ozone-manager-1.4.0-SNAPSHOT.jar:?]
	at org.apache.hadoop.ozone.om.KeyManagerImpl.getFileStatus(KeyManagerImpl.java:1113) ~[ozone-manager-1.4.0-SNAPSHOT.jar:?]
	at org.apache.hadoop.ozone.om.OmMetadataReader.getFileStatus(OmMetadataReader.java:262) ~[ozone-manager-1.4.0-SNAPSHOT.jar:?]
	at org.apache.hadoop.ozone.om.OzoneManager.getFileStatus(OzoneManager.java:3530) ~[ozone-manager-1.4.0-SNAPSHOT.jar:?]
	at org.apache.hadoop.ozone.protocolPB.OzoneManagerRequestHandler.getOzoneFileStatus(OzoneManagerRequestHandler.java:971) ~[ozone-manager-1.4.0-SNAPSHOT.jar:?]
	at org.apache.hadoop.ozone.protocolPB.OzoneManagerRequestHandler.handleReadRequest(OzoneManagerRequestHandler.java:250) ~[ozone-manager-1.4.0-SNAPSHOT.jar:?]
	at org.apache.hadoop.ozone.protocolPB.OzoneManagerProtocolServerSideTranslatorPB.submitReadRequestToOM(OzoneManagerProtocolServerSideTranslatorPB.java:225) ~[ozone-manager-1.4.0-SNAPSHOT.jar:?]
	at org.apache.hadoop.ozone.protocolPB.OzoneManagerProtocolServerSideTranslatorPB.processRequest(OzoneManagerProtocolServerSideTranslatorPB.java:179) ~[ozone-manager-1.4.0-SNAPSHOT.jar:?]
	at org.apache.hadoop.hdds.server.OzoneProtocolMessageDispatcher.processRequest(OzoneProtocolMessageDispatcher.java:87) [hdds-server-framework-1.4.0-SNAPSHOT.jar:?]
	at org.apache.hadoop.ozone.protocolPB.OzoneManagerProtocolServerSideTranslatorPB.submitRequest(OzoneManagerProtocolServerSideTranslatorPB.java:148) [ozone-manager-1.4.0-SNAPSHOT.jar:?]
	at org.apache.hadoop.ozone.protocol.proto.OzoneManagerProtocolProtos$OzoneManagerService$2.callBlockingMethod(OzoneManagerProtocolProtos.java) [ozone-interface-client-1.4.0-SNAPSHOT.jar:?]
	at org.apache.hadoop.ipc.ProtobufRpcEngine$Server.processCall(ProtobufRpcEngine.java:484) [hadoop-common-3.3.6.jar:?]
	at org.apache.hadoop.ipc.ProtobufRpcEngine2$Server$ProtoBufRpcInvoker.call(ProtobufRpcEngine2.java:595) [hadoop-common-3.3.6.jar:?]
	at org.apache.hadoop.ipc.ProtobufRpcEngine2$Server$ProtoBufRpcInvoker.call(ProtobufRpcEngine2.java:573) [hadoop-common-3.3.6.jar:?]
	at org.apache.hadoop.ipc.RPC$Server.call(RPC.java:1227) [hadoop-common-3.3.6.jar:?]
	at org.apache.hadoop.ipc.Server$RpcCall.run(Server.java:1094) [hadoop-common-3.3.6.jar:?]
	at org.apache.hadoop.ipc.Server$RpcCall.run(Server.java:1017) [hadoop-common-3.3.6.jar:?]
	at java.security.AccessController.doPrivileged(Native Method) ~[?:1.8.0_382]
	at javax.security.auth.Subject.doAs(Subject.java:422) [?:1.8.0_382]
	at org.apache.hadoop.security.UserGroupInformation.doAs(UserGroupInformation.java:1899) [hadoop-common-3.3.6.jar:?]
	at org.apache.hadoop.ipc.Server$Handler.run(Server.java:3048) [hadoop-common-3.3.6.jar:?]
]]></system-out>
  </testcase>
  <testcase name="testRenameFile" classname="TestOzoneFileSystem" time="0.042">
    <system-out><![CDATA[04:53:31.507 [IPC Server handler 16 on default port 15163] ERROR OMAudit - user=runner | ip=127.0.0.1 | op=GET_FILE_STATUS {volume=volume69932, bucket=bucket53154, key=root/file1, dataSize=0, replicationConfig=null} | ret=FAILURE
org.apache.hadoop.ozone.om.exceptions.OMException: Unable to get file status: volume: volume69932 bucket: bucket53154 key: root/file1
	at org.apache.hadoop.ozone.om.KeyManagerImpl.getOzoneFileStatus(KeyManagerImpl.java:1195) ~[ozone-manager-1.4.0-SNAPSHOT.jar:?]
	at org.apache.hadoop.ozone.om.KeyManagerImpl.getFileStatus(KeyManagerImpl.java:1113) ~[ozone-manager-1.4.0-SNAPSHOT.jar:?]
	at org.apache.hadoop.ozone.om.OmMetadataReader.getFileStatus(OmMetadataReader.java:262) ~[ozone-manager-1.4.0-SNAPSHOT.jar:?]
	at org.apache.hadoop.ozone.om.OzoneManager.getFileStatus(OzoneManager.java:3530) ~[ozone-manager-1.4.0-SNAPSHOT.jar:?]
	at org.apache.hadoop.ozone.protocolPB.OzoneManagerRequestHandler.getOzoneFileStatus(OzoneManagerRequestHandler.java:971) ~[ozone-manager-1.4.0-SNAPSHOT.jar:?]
	at org.apache.hadoop.ozone.protocolPB.OzoneManagerRequestHandler.handleReadRequest(OzoneManagerRequestHandler.java:250) ~[ozone-manager-1.4.0-SNAPSHOT.jar:?]
	at org.apache.hadoop.ozone.protocolPB.OzoneManagerProtocolServerSideTranslatorPB.submitRequestDirectlyToOM(OzoneManagerProtocolServerSideTranslatorPB.java:274) ~[ozone-manager-1.4.0-SNAPSHOT.jar:?]
	at org.apache.hadoop.ozone.protocolPB.OzoneManagerProtocolServerSideTranslatorPB.processRequest(OzoneManagerProtocolServerSideTranslatorPB.java:175) ~[ozone-manager-1.4.0-SNAPSHOT.jar:?]
	at org.apache.hadoop.hdds.server.OzoneProtocolMessageDispatcher.processRequest(OzoneProtocolMessageDispatcher.java:87) [hdds-server-framework-1.4.0-SNAPSHOT.jar:?]
	at org.apache.hadoop.ozone.protocolPB.OzoneManagerProtocolServerSideTranslatorPB.submitRequest(OzoneManagerProtocolServerSideTranslatorPB.java:148) [ozone-manager-1.4.0-SNAPSHOT.jar:?]
	at org.apache.hadoop.ozone.protocol.proto.OzoneManagerProtocolProtos$OzoneManagerService$2.callBlockingMethod(OzoneManagerProtocolProtos.java) [ozone-interface-client-1.4.0-SNAPSHOT.jar:?]
	at org.apache.hadoop.ipc.ProtobufRpcEngine$Server.processCall(ProtobufRpcEngine.java:484) [hadoop-common-3.3.6.jar:?]
	at org.apache.hadoop.ipc.ProtobufRpcEngine2$Server$ProtoBufRpcInvoker.call(ProtobufRpcEngine2.java:595) [hadoop-common-3.3.6.jar:?]
	at org.apache.hadoop.ipc.ProtobufRpcEngine2$Server$ProtoBufRpcInvoker.call(ProtobufRpcEngine2.java:573) [hadoop-common-3.3.6.jar:?]
	at org.apache.hadoop.ipc.RPC$Server.call(RPC.java:1227) [hadoop-common-3.3.6.jar:?]
	at org.apache.hadoop.ipc.Server$RpcCall.run(Server.java:1094) [hadoop-common-3.3.6.jar:?]
	at org.apache.hadoop.ipc.Server$RpcCall.run(Server.java:1017) [hadoop-common-3.3.6.jar:?]
	at java.security.AccessController.doPrivileged(Native Method) ~[?:1.8.0_382]
	at javax.security.auth.Subject.doAs(Subject.java:422) [?:1.8.0_382]
	at org.apache.hadoop.security.UserGroupInformation.doAs(UserGroupInformation.java:1899) [hadoop-common-3.3.6.jar:?]
	at org.apache.hadoop.ipc.Server$Handler.run(Server.java:3048) [hadoop-common-3.3.6.jar:?]
]]></system-out>
  </testcase>
  <testcase name="testRenameDir" classname="TestOzoneFileSystem" time="0.085">
    <system-out><![CDATA[2023-09-07 04:48:32,587 [Time-limited test] INFO  ozone.TestOzoneFileSystem (TestOzoneFileSystem.java:testRenameDir(1437)) - Created dir o3fs://bucket39570.volume25901/root_dir/dir1/sub_dir1
2023-09-07 04:48:32,588 [Time-limited test] INFO  ozone.TestOzoneFileSystem (TestOzoneFileSystem.java:testRenameDir(1438)) - Will move o3fs://bucket39570.volume25901/root_dir/dir1 to o3fs://bucket39570.volume25901/root_dir/dir1.renamed
04:48:32.593 [IPC Server handler 15 on default port 15004] ERROR OMAudit - user=runner | ip=127.0.0.1 | op=GET_FILE_STATUS {volume=volume25901, bucket=bucket39570, key=root_dir/dir1.renamed, dataSize=0, replicationConfig=null} | ret=FAILURE
org.apache.hadoop.ozone.om.exceptions.OMException: Unable to get file status: volume: volume25901 bucket: bucket39570 key: root_dir/dir1.renamed
	at org.apache.hadoop.ozone.om.KeyManagerImpl.getOzoneFileStatus(KeyManagerImpl.java:1195) ~[ozone-manager-1.4.0-SNAPSHOT.jar:?]
	at org.apache.hadoop.ozone.om.KeyManagerImpl.getFileStatus(KeyManagerImpl.java:1113) ~[ozone-manager-1.4.0-SNAPSHOT.jar:?]
	at org.apache.hadoop.ozone.om.OmMetadataReader.getFileStatus(OmMetadataReader.java:262) ~[ozone-manager-1.4.0-SNAPSHOT.jar:?]
	at org.apache.hadoop.ozone.om.OzoneManager.getFileStatus(OzoneManager.java:3530) ~[ozone-manager-1.4.0-SNAPSHOT.jar:?]
	at org.apache.hadoop.ozone.protocolPB.OzoneManagerRequestHandler.getOzoneFileStatus(OzoneManagerRequestHandler.java:971) ~[ozone-manager-1.4.0-SNAPSHOT.jar:?]
	at org.apache.hadoop.ozone.protocolPB.OzoneManagerRequestHandler.handleReadRequest(OzoneManagerRequestHandler.java:250) ~[ozone-manager-1.4.0-SNAPSHOT.jar:?]
	at org.apache.hadoop.ozone.protocolPB.OzoneManagerProtocolServerSideTranslatorPB.submitReadRequestToOM(OzoneManagerProtocolServerSideTranslatorPB.java:225) ~[ozone-manager-1.4.0-SNAPSHOT.jar:?]
	at org.apache.hadoop.ozone.protocolPB.OzoneManagerProtocolServerSideTranslatorPB.processRequest(OzoneManagerProtocolServerSideTranslatorPB.java:179) ~[ozone-manager-1.4.0-SNAPSHOT.jar:?]
	at org.apache.hadoop.hdds.server.OzoneProtocolMessageDispatcher.processRequest(OzoneProtocolMessageDispatcher.java:87) [hdds-server-framework-1.4.0-SNAPSHOT.jar:?]
	at org.apache.hadoop.ozone.protocolPB.OzoneManagerProtocolServerSideTranslatorPB.submitRequest(OzoneManagerProtocolServerSideTranslatorPB.java:148) [ozone-manager-1.4.0-SNAPSHOT.jar:?]
	at org.apache.hadoop.ozone.protocol.proto.OzoneManagerProtocolProtos$OzoneManagerService$2.callBlockingMethod(OzoneManagerProtocolProtos.java) [ozone-interface-client-1.4.0-SNAPSHOT.jar:?]
	at org.apache.hadoop.ipc.ProtobufRpcEngine$Server.processCall(ProtobufRpcEngine.java:484) [hadoop-common-3.3.6.jar:?]
	at org.apache.hadoop.ipc.ProtobufRpcEngine2$Server$ProtoBufRpcInvoker.call(ProtobufRpcEngine2.java:595) [hadoop-common-3.3.6.jar:?]
	at org.apache.hadoop.ipc.ProtobufRpcEngine2$Server$ProtoBufRpcInvoker.call(ProtobufRpcEngine2.java:573) [hadoop-common-3.3.6.jar:?]
	at org.apache.hadoop.ipc.RPC$Server.call(RPC.java:1227) [hadoop-common-3.3.6.jar:?]
	at org.apache.hadoop.ipc.Server$RpcCall.run(Server.java:1094) [hadoop-common-3.3.6.jar:?]
	at org.apache.hadoop.ipc.Server$RpcCall.run(Server.java:1017) [hadoop-common-3.3.6.jar:?]
	at java.security.AccessController.doPrivileged(Native Method) ~[?:1.8.0_382]
	at javax.security.auth.Subject.doAs(Subject.java:422) [?:1.8.0_382]
	at org.apache.hadoop.security.UserGroupInformation.doAs(UserGroupInformation.java:1899) [hadoop-common-3.3.6.jar:?]
	at org.apache.hadoop.ipc.Server$Handler.run(Server.java:3048) [hadoop-common-3.3.6.jar:?]
]]></system-out>
  </testcase>
  <testcase name="testRenameDir" classname="TestOzoneFileSystem" time="0.034">
    <system-out><![CDATA[2023-09-07 04:50:26,417 [Time-limited test] INFO  ozone.TestOzoneFileSystem (TestOzoneFileSystem.java:testRenameDir(1437)) - Created dir o3fs://bucket46966.volume43692/root_dir/dir1/sub_dir1
2023-09-07 04:50:26,417 [Time-limited test] INFO  ozone.TestOzoneFileSystem (TestOzoneFileSystem.java:testRenameDir(1438)) - Will move o3fs://bucket46966.volume43692/root_dir/dir1 to o3fs://bucket46966.volume43692/root_dir/dir1.renamed
04:50:26.419 [IPC Server handler 13 on default port 15057] ERROR OMAudit - user=runner | ip=127.0.0.1 | op=GET_FILE_STATUS {volume=volume43692, bucket=bucket46966, key=root_dir/dir1.renamed, dataSize=0, replicationConfig=null} | ret=FAILURE
org.apache.hadoop.ozone.om.exceptions.OMException: Unable to get file status: volume: volume43692 bucket: bucket46966 key: root_dir/dir1.renamed
	at org.apache.hadoop.ozone.om.KeyManagerImpl.getOzoneFileStatus(KeyManagerImpl.java:1195) ~[ozone-manager-1.4.0-SNAPSHOT.jar:?]
	at org.apache.hadoop.ozone.om.KeyManagerImpl.getFileStatus(KeyManagerImpl.java:1113) ~[ozone-manager-1.4.0-SNAPSHOT.jar:?]
	at org.apache.hadoop.ozone.om.OmMetadataReader.getFileStatus(OmMetadataReader.java:262) ~[ozone-manager-1.4.0-SNAPSHOT.jar:?]
	at org.apache.hadoop.ozone.om.OzoneManager.getFileStatus(OzoneManager.java:3530) ~[ozone-manager-1.4.0-SNAPSHOT.jar:?]
	at org.apache.hadoop.ozone.protocolPB.OzoneManagerRequestHandler.getOzoneFileStatus(OzoneManagerRequestHandler.java:971) ~[ozone-manager-1.4.0-SNAPSHOT.jar:?]
	at org.apache.hadoop.ozone.protocolPB.OzoneManagerRequestHandler.handleReadRequest(OzoneManagerRequestHandler.java:250) ~[ozone-manager-1.4.0-SNAPSHOT.jar:?]
	at org.apache.hadoop.ozone.protocolPB.OzoneManagerProtocolServerSideTranslatorPB.submitRequestDirectlyToOM(OzoneManagerProtocolServerSideTranslatorPB.java:274) ~[ozone-manager-1.4.0-SNAPSHOT.jar:?]
	at org.apache.hadoop.ozone.protocolPB.OzoneManagerProtocolServerSideTranslatorPB.processRequest(OzoneManagerProtocolServerSideTranslatorPB.java:175) ~[ozone-manager-1.4.0-SNAPSHOT.jar:?]
	at org.apache.hadoop.hdds.server.OzoneProtocolMessageDispatcher.processRequest(OzoneProtocolMessageDispatcher.java:87) [hdds-server-framework-1.4.0-SNAPSHOT.jar:?]
	at org.apache.hadoop.ozone.protocolPB.OzoneManagerProtocolServerSideTranslatorPB.submitRequest(OzoneManagerProtocolServerSideTranslatorPB.java:148) [ozone-manager-1.4.0-SNAPSHOT.jar:?]
	at org.apache.hadoop.ozone.protocol.proto.OzoneManagerProtocolProtos$OzoneManagerService$2.callBlockingMethod(OzoneManagerProtocolProtos.java) [ozone-interface-client-1.4.0-SNAPSHOT.jar:?]
	at org.apache.hadoop.ipc.ProtobufRpcEngine$Server.processCall(ProtobufRpcEngine.java:484) [hadoop-common-3.3.6.jar:?]
	at org.apache.hadoop.ipc.ProtobufRpcEngine2$Server$ProtoBufRpcInvoker.call(ProtobufRpcEngine2.java:595) [hadoop-common-3.3.6.jar:?]
	at org.apache.hadoop.ipc.ProtobufRpcEngine2$Server$ProtoBufRpcInvoker.call(ProtobufRpcEngine2.java:573) [hadoop-common-3.3.6.jar:?]
	at org.apache.hadoop.ipc.RPC$Server.call(RPC.java:1227) [hadoop-common-3.3.6.jar:?]
	at org.apache.hadoop.ipc.Server$RpcCall.run(Server.java:1094) [hadoop-common-3.3.6.jar:?]
	at org.apache.hadoop.ipc.Server$RpcCall.run(Server.java:1017) [hadoop-common-3.3.6.jar:?]
	at java.security.AccessController.doPrivileged(Native Method) ~[?:1.8.0_382]
	at javax.security.auth.Subject.doAs(Subject.java:422) [?:1.8.0_382]
	at org.apache.hadoop.security.UserGroupInformation.doAs(UserGroupInformation.java:1899) [hadoop-common-3.3.6.jar:?]
	at org.apache.hadoop.ipc.Server$Handler.run(Server.java:3048) [hadoop-common-3.3.6.jar:?]
2023-09-07 04:50:26,426 [8fe090c8-98a3-4c2e-b58d-35f0bbae16bb@group-93F258C19032-FollowerState] INFO  impl.FollowerState (FollowerState.java:run(143)) - 8fe090c8-98a3-4c2e-b58d-35f0bbae16bb@group-93F258C19032-FollowerState: change to CANDIDATE, lastRpcElapsedTime:5183962198ns, electionTimeout:5178ms
2023-09-07 04:50:26,426 [8fe090c8-98a3-4c2e-b58d-35f0bbae16bb@group-93F258C19032-FollowerState] INFO  impl.RoleInfo (RoleInfo.java:shutdownFollowerState(110)) - 8fe090c8-98a3-4c2e-b58d-35f0bbae16bb: shutdown 8fe090c8-98a3-4c2e-b58d-35f0bbae16bb@group-93F258C19032-FollowerState
2023-09-07 04:50:26,426 [8fe090c8-98a3-4c2e-b58d-35f0bbae16bb@group-93F258C19032-FollowerState] INFO  server.RaftServer$Division (RaftServerImpl.java:setRole(329)) - 8fe090c8-98a3-4c2e-b58d-35f0bbae16bb@group-93F258C19032: changes role from  FOLLOWER to CANDIDATE at term 0 for changeToCandidate
2023-09-07 04:50:26,426 [8fe090c8-98a3-4c2e-b58d-35f0bbae16bb@group-93F258C19032-FollowerState] INFO  server.RaftServerConfigKeys (ConfUtils.java:logGet(46)) - raft.server.leaderelection.pre-vote = true (default)
2023-09-07 04:50:26,427 [8fe090c8-98a3-4c2e-b58d-35f0bbae16bb@group-93F258C19032-FollowerState] INFO  impl.RoleInfo (RoleInfo.java:updateAndGet(139)) - 8fe090c8-98a3-4c2e-b58d-35f0bbae16bb: start 8fe090c8-98a3-4c2e-b58d-35f0bbae16bb@group-93F258C19032-LeaderElection17
2023-09-07 04:50:26,432 [8fe090c8-98a3-4c2e-b58d-35f0bbae16bb@group-93F258C19032-LeaderElection17] INFO  impl.LeaderElection (LeaderElection.java:askForVotes(321)) - 8fe090c8-98a3-4c2e-b58d-35f0bbae16bb@group-93F258C19032-LeaderElection17 PRE_VOTE round 0: submit vote requests at term 0 for -1: peers:[8fe090c8-98a3-4c2e-b58d-35f0bbae16bb|rpc:10.1.0.9:15085|admin:10.1.0.9:15084|client:10.1.0.9:15083|dataStream:10.1.0.9:15086|priority:1|startupRole:FOLLOWER]|listeners:[], old=null
2023-09-07 04:50:26,432 [8fe090c8-98a3-4c2e-b58d-35f0bbae16bb@group-93F258C19032-LeaderElection17] INFO  impl.LeaderElection (LeaderElection.java:askForVotes(323)) - 8fe090c8-98a3-4c2e-b58d-35f0bbae16bb@group-93F258C19032-LeaderElection17 PRE_VOTE round 0: result PASSED (term=0)
2023-09-07 04:50:26,434 [8fe090c8-98a3-4c2e-b58d-35f0bbae16bb@group-93F258C19032-LeaderElection17] INFO  impl.LeaderElection (LeaderElection.java:askForVotes(321)) - 8fe090c8-98a3-4c2e-b58d-35f0bbae16bb@group-93F258C19032-LeaderElection17 ELECTION round 0: submit vote requests at term 1 for -1: peers:[8fe090c8-98a3-4c2e-b58d-35f0bbae16bb|rpc:10.1.0.9:15085|admin:10.1.0.9:15084|client:10.1.0.9:15083|dataStream:10.1.0.9:15086|priority:1|startupRole:FOLLOWER]|listeners:[], old=null
2023-09-07 04:50:26,435 [8fe090c8-98a3-4c2e-b58d-35f0bbae16bb@group-93F258C19032-LeaderElection17] INFO  impl.LeaderElection (LeaderElection.java:askForVotes(323)) - 8fe090c8-98a3-4c2e-b58d-35f0bbae16bb@group-93F258C19032-LeaderElection17 ELECTION round 0: result PASSED (term=1)
2023-09-07 04:50:26,435 [8fe090c8-98a3-4c2e-b58d-35f0bbae16bb@group-93F258C19032-LeaderElection17] INFO  impl.RoleInfo (RoleInfo.java:shutdownLeaderElection(130)) - 8fe090c8-98a3-4c2e-b58d-35f0bbae16bb: shutdown 8fe090c8-98a3-4c2e-b58d-35f0bbae16bb@group-93F258C19032-LeaderElection17
2023-09-07 04:50:26,435 [8fe090c8-98a3-4c2e-b58d-35f0bbae16bb@group-93F258C19032-LeaderElection17] INFO  server.RaftServer$Division (RaftServerImpl.java:setRole(329)) - 8fe090c8-98a3-4c2e-b58d-35f0bbae16bb@group-93F258C19032: changes role from CANDIDATE to LEADER at term 1 for changeToLeader
2023-09-07 04:50:26,435 [8fe090c8-98a3-4c2e-b58d-35f0bbae16bb@group-93F258C19032-LeaderElection17] INFO  ratis.XceiverServerRatis (XceiverServerRatis.java:handleLeaderChangedNotification(902)) - Leader change notification received for group: group-93F258C19032 with new leaderId: 8fe090c8-98a3-4c2e-b58d-35f0bbae16bb
2023-09-07 04:50:26,435 [8fe090c8-98a3-4c2e-b58d-35f0bbae16bb@group-93F258C19032-LeaderElection17] INFO  server.RaftServer$Division (ServerState.java:setLeader(317)) - 8fe090c8-98a3-4c2e-b58d-35f0bbae16bb@group-93F258C19032: change Leader from null to 8fe090c8-98a3-4c2e-b58d-35f0bbae16bb at term 1 for becomeLeader, leader elected after 5230ms
2023-09-07 04:50:26,435 [8fe090c8-98a3-4c2e-b58d-35f0bbae16bb@group-93F258C19032-LeaderElection17] INFO  server.RaftServerConfigKeys (ConfUtils.java:logGet(46)) - raft.server.staging.catchup.gap = 1000 (default)
2023-09-07 04:50:26,436 [8fe090c8-98a3-4c2e-b58d-35f0bbae16bb@group-93F258C19032-LeaderElection17] INFO  server.RaftServerConfigKeys (ConfUtils.java:logGet(46)) - raft.server.write.element-limit = 1024 (custom)
2023-09-07 04:50:26,436 [8fe090c8-98a3-4c2e-b58d-35f0bbae16bb@group-93F258C19032-LeaderElection17] INFO  server.RaftServerConfigKeys (ConfUtils.java:logGet(46)) - raft.server.write.byte-limit = 1024 M (=1073741824) (custom)
2023-09-07 04:50:26,437 [8fe090c8-98a3-4c2e-b58d-35f0bbae16bb@group-93F258C19032-LeaderElection17] INFO  server.RaftServerConfigKeys (ConfUtils.java:logGet(46)) - raft.server.watch.timeout = 180s (custom)
2023-09-07 04:50:26,437 [8fe090c8-98a3-4c2e-b58d-35f0bbae16bb@group-93F258C19032-LeaderElection17] INFO  server.RaftServerConfigKeys (ConfUtils.java:logGet(46)) - raft.server.watch.timeout.denomination = 1s (default)
2023-09-07 04:50:26,437 [8fe090c8-98a3-4c2e-b58d-35f0bbae16bb@group-93F258C19032-LeaderElection17] INFO  server.RaftServerConfigKeys (ConfUtils.java:logGet(46)) - raft.server.watch.element-limit = 65536 (default)
2023-09-07 04:50:26,438 [8fe090c8-98a3-4c2e-b58d-35f0bbae16bb@group-93F258C19032-LeaderElection17] INFO  server.RaftServerConfigKeys (ConfUtils.java:logGet(46)) - raft.server.write.element-limit = 1024 (custom)
2023-09-07 04:50:26,438 [8fe090c8-98a3-4c2e-b58d-35f0bbae16bb@group-93F258C19032-LeaderElection17] INFO  server.RaftServerConfigKeys (ConfUtils.java:logGet(46)) - raft.server.write.follower.gap.ratio.max = -1.0 (default)
2023-09-07 04:50:26,438 [8fe090c8-98a3-4c2e-b58d-35f0bbae16bb@group-93F258C19032-LeaderElection17] INFO  impl.RoleInfo (RoleInfo.java:updateAndGet(139)) - 8fe090c8-98a3-4c2e-b58d-35f0bbae16bb: start 8fe090c8-98a3-4c2e-b58d-35f0bbae16bb@group-93F258C19032-LeaderStateImpl
2023-09-07 04:50:26,440 [8fe090c8-98a3-4c2e-b58d-35f0bbae16bb@group-93F258C19032-LeaderElection17] INFO  segmented.SegmentedRaftLogWorker (SegmentedRaftLogWorker.java:startLogSegment(447)) - 8fe090c8-98a3-4c2e-b58d-35f0bbae16bb@group-93F258C19032-SegmentedRaftLogWorker: Starting segment from index:0
2023-09-07 04:50:26,442 [8fe090c8-98a3-4c2e-b58d-35f0bbae16bb@group-93F258C19032-SegmentedRaftLogWorker] INFO  segmented.SegmentedRaftLogWorker (SegmentedRaftLogWorker.java:execute(651)) - 8fe090c8-98a3-4c2e-b58d-35f0bbae16bb@group-93F258C19032-SegmentedRaftLogWorker: created new log segment /home/runner/work/ozone/ozone/hadoop-ozone/integration-test/target/test-dir/MiniOzoneClusterImpl-d344a044-c2aa-46c6-8971-a5e8f3f75c9e/datanode-2/data/ratis/412abba0-4e29-4648-a847-93f258c19032/current/log_inprogress_0
]]></system-out>
  </testcase>
  <testcase name="testRenameDir" classname="TestOzoneFileSystem" time="0.026">
    <system-out><![CDATA[2023-09-07 04:51:53,569 [Time-limited test] INFO  ozone.TestOzoneFileSystem (TestOzoneFileSystem.java:testRenameDir(1437)) - Created dir o3fs://bucket72820.volume87246/root_dir/dir1/sub_dir1
2023-09-07 04:51:53,569 [Time-limited test] INFO  ozone.TestOzoneFileSystem (TestOzoneFileSystem.java:testRenameDir(1438)) - Will move o3fs://bucket72820.volume87246/root_dir/dir1 to o3fs://bucket72820.volume87246/root_dir/dir1.renamed
04:51:53.571 [IPC Server handler 15 on default port 15110] ERROR OMAudit - user=runner | ip=127.0.0.1 | op=GET_FILE_STATUS {volume=volume87246, bucket=bucket72820, key=root_dir/dir1.renamed, dataSize=0, replicationConfig=null} | ret=FAILURE
org.apache.hadoop.ozone.om.exceptions.OMException: Unable to get file status: volume: volume87246 bucket: bucket72820 key: root_dir/dir1.renamed
	at org.apache.hadoop.ozone.om.KeyManagerImpl.getOzoneFileStatus(KeyManagerImpl.java:1195) ~[ozone-manager-1.4.0-SNAPSHOT.jar:?]
	at org.apache.hadoop.ozone.om.KeyManagerImpl.getFileStatus(KeyManagerImpl.java:1113) ~[ozone-manager-1.4.0-SNAPSHOT.jar:?]
	at org.apache.hadoop.ozone.om.OmMetadataReader.getFileStatus(OmMetadataReader.java:262) ~[ozone-manager-1.4.0-SNAPSHOT.jar:?]
	at org.apache.hadoop.ozone.om.OzoneManager.getFileStatus(OzoneManager.java:3530) ~[ozone-manager-1.4.0-SNAPSHOT.jar:?]
	at org.apache.hadoop.ozone.protocolPB.OzoneManagerRequestHandler.getOzoneFileStatus(OzoneManagerRequestHandler.java:971) ~[ozone-manager-1.4.0-SNAPSHOT.jar:?]
	at org.apache.hadoop.ozone.protocolPB.OzoneManagerRequestHandler.handleReadRequest(OzoneManagerRequestHandler.java:250) ~[ozone-manager-1.4.0-SNAPSHOT.jar:?]
	at org.apache.hadoop.ozone.protocolPB.OzoneManagerProtocolServerSideTranslatorPB.submitReadRequestToOM(OzoneManagerProtocolServerSideTranslatorPB.java:225) ~[ozone-manager-1.4.0-SNAPSHOT.jar:?]
	at org.apache.hadoop.ozone.protocolPB.OzoneManagerProtocolServerSideTranslatorPB.processRequest(OzoneManagerProtocolServerSideTranslatorPB.java:179) ~[ozone-manager-1.4.0-SNAPSHOT.jar:?]
	at org.apache.hadoop.hdds.server.OzoneProtocolMessageDispatcher.processRequest(OzoneProtocolMessageDispatcher.java:87) [hdds-server-framework-1.4.0-SNAPSHOT.jar:?]
	at org.apache.hadoop.ozone.protocolPB.OzoneManagerProtocolServerSideTranslatorPB.submitRequest(OzoneManagerProtocolServerSideTranslatorPB.java:148) [ozone-manager-1.4.0-SNAPSHOT.jar:?]
	at org.apache.hadoop.ozone.protocol.proto.OzoneManagerProtocolProtos$OzoneManagerService$2.callBlockingMethod(OzoneManagerProtocolProtos.java) [ozone-interface-client-1.4.0-SNAPSHOT.jar:?]
	at org.apache.hadoop.ipc.ProtobufRpcEngine$Server.processCall(ProtobufRpcEngine.java:484) [hadoop-common-3.3.6.jar:?]
	at org.apache.hadoop.ipc.ProtobufRpcEngine2$Server$ProtoBufRpcInvoker.call(ProtobufRpcEngine2.java:595) [hadoop-common-3.3.6.jar:?]
	at org.apache.hadoop.ipc.ProtobufRpcEngine2$Server$ProtoBufRpcInvoker.call(ProtobufRpcEngine2.java:573) [hadoop-common-3.3.6.jar:?]
	at org.apache.hadoop.ipc.RPC$Server.call(RPC.java:1227) [hadoop-common-3.3.6.jar:?]
	at org.apache.hadoop.ipc.Server$RpcCall.run(Server.java:1094) [hadoop-common-3.3.6.jar:?]
	at org.apache.hadoop.ipc.Server$RpcCall.run(Server.java:1017) [hadoop-common-3.3.6.jar:?]
	at java.security.AccessController.doPrivileged(Native Method) ~[?:1.8.0_382]
	at javax.security.auth.Subject.doAs(Subject.java:422) [?:1.8.0_382]
	at org.apache.hadoop.security.UserGroupInformation.doAs(UserGroupInformation.java:1899) [hadoop-common-3.3.6.jar:?]
	at org.apache.hadoop.ipc.Server$Handler.run(Server.java:3048) [hadoop-common-3.3.6.jar:?]
]]></system-out>
  </testcase>
  <testcase name="testRenameDir" classname="TestOzoneFileSystem" time="0.024">
    <system-out><![CDATA[2023-09-07 04:53:31,536 [Time-limited test] INFO  ozone.TestOzoneFileSystem (TestOzoneFileSystem.java:testRenameDir(1437)) - Created dir o3fs://bucket53154.volume69932/root_dir/dir1/sub_dir1
2023-09-07 04:53:31,536 [Time-limited test] INFO  ozone.TestOzoneFileSystem (TestOzoneFileSystem.java:testRenameDir(1438)) - Will move o3fs://bucket53154.volume69932/root_dir/dir1 to o3fs://bucket53154.volume69932/root_dir/dir1.renamed
04:53:31.538 [IPC Server handler 9 on default port 15163] ERROR OMAudit - user=runner | ip=127.0.0.1 | op=GET_FILE_STATUS {volume=volume69932, bucket=bucket53154, key=root_dir/dir1.renamed, dataSize=0, replicationConfig=null} | ret=FAILURE
org.apache.hadoop.ozone.om.exceptions.OMException: Unable to get file status: volume: volume69932 bucket: bucket53154 key: root_dir/dir1.renamed
	at org.apache.hadoop.ozone.om.KeyManagerImpl.getOzoneFileStatus(KeyManagerImpl.java:1195) ~[ozone-manager-1.4.0-SNAPSHOT.jar:?]
	at org.apache.hadoop.ozone.om.KeyManagerImpl.getFileStatus(KeyManagerImpl.java:1113) ~[ozone-manager-1.4.0-SNAPSHOT.jar:?]
	at org.apache.hadoop.ozone.om.OmMetadataReader.getFileStatus(OmMetadataReader.java:262) ~[ozone-manager-1.4.0-SNAPSHOT.jar:?]
	at org.apache.hadoop.ozone.om.OzoneManager.getFileStatus(OzoneManager.java:3530) ~[ozone-manager-1.4.0-SNAPSHOT.jar:?]
	at org.apache.hadoop.ozone.protocolPB.OzoneManagerRequestHandler.getOzoneFileStatus(OzoneManagerRequestHandler.java:971) ~[ozone-manager-1.4.0-SNAPSHOT.jar:?]
	at org.apache.hadoop.ozone.protocolPB.OzoneManagerRequestHandler.handleReadRequest(OzoneManagerRequestHandler.java:250) ~[ozone-manager-1.4.0-SNAPSHOT.jar:?]
	at org.apache.hadoop.ozone.protocolPB.OzoneManagerProtocolServerSideTranslatorPB.submitRequestDirectlyToOM(OzoneManagerProtocolServerSideTranslatorPB.java:274) ~[ozone-manager-1.4.0-SNAPSHOT.jar:?]
	at org.apache.hadoop.ozone.protocolPB.OzoneManagerProtocolServerSideTranslatorPB.processRequest(OzoneManagerProtocolServerSideTranslatorPB.java:175) ~[ozone-manager-1.4.0-SNAPSHOT.jar:?]
	at org.apache.hadoop.hdds.server.OzoneProtocolMessageDispatcher.processRequest(OzoneProtocolMessageDispatcher.java:87) [hdds-server-framework-1.4.0-SNAPSHOT.jar:?]
	at org.apache.hadoop.ozone.protocolPB.OzoneManagerProtocolServerSideTranslatorPB.submitRequest(OzoneManagerProtocolServerSideTranslatorPB.java:148) [ozone-manager-1.4.0-SNAPSHOT.jar:?]
	at org.apache.hadoop.ozone.protocol.proto.OzoneManagerProtocolProtos$OzoneManagerService$2.callBlockingMethod(OzoneManagerProtocolProtos.java) [ozone-interface-client-1.4.0-SNAPSHOT.jar:?]
	at org.apache.hadoop.ipc.ProtobufRpcEngine$Server.processCall(ProtobufRpcEngine.java:484) [hadoop-common-3.3.6.jar:?]
	at org.apache.hadoop.ipc.ProtobufRpcEngine2$Server$ProtoBufRpcInvoker.call(ProtobufRpcEngine2.java:595) [hadoop-common-3.3.6.jar:?]
	at org.apache.hadoop.ipc.ProtobufRpcEngine2$Server$ProtoBufRpcInvoker.call(ProtobufRpcEngine2.java:573) [hadoop-common-3.3.6.jar:?]
	at org.apache.hadoop.ipc.RPC$Server.call(RPC.java:1227) [hadoop-common-3.3.6.jar:?]
	at org.apache.hadoop.ipc.Server$RpcCall.run(Server.java:1094) [hadoop-common-3.3.6.jar:?]
	at org.apache.hadoop.ipc.Server$RpcCall.run(Server.java:1017) [hadoop-common-3.3.6.jar:?]
	at java.security.AccessController.doPrivileged(Native Method) ~[?:1.8.0_382]
	at javax.security.auth.Subject.doAs(Subject.java:422) [?:1.8.0_382]
	at org.apache.hadoop.security.UserGroupInformation.doAs(UserGroupInformation.java:1899) [hadoop-common-3.3.6.jar:?]
	at org.apache.hadoop.ipc.Server$Handler.run(Server.java:3048) [hadoop-common-3.3.6.jar:?]
]]></system-out>
  </testcase>
  <testcase name="testListStatusIteratorOnSubDirs" classname="TestOzoneFileSystem" time="0.107"/>
  <testcase name="testListStatusIteratorOnSubDirs" classname="TestOzoneFileSystem" time="0.037">
    <system-out><![CDATA[2023-09-07 04:50:26,447 [8fe090c8-98a3-4c2e-b58d-35f0bbae16bb@group-93F258C19032-LeaderElection17] INFO  server.RaftServer$Division (ServerState.java:setRaftConf(434)) - 8fe090c8-98a3-4c2e-b58d-35f0bbae16bb@group-93F258C19032: set configuration 0: peers:[8fe090c8-98a3-4c2e-b58d-35f0bbae16bb|rpc:10.1.0.9:15085|admin:10.1.0.9:15084|client:10.1.0.9:15083|dataStream:10.1.0.9:15086|priority:1|startupRole:FOLLOWER]|listeners:[], old=null
]]></system-out>
  </testcase>
  <testcase name="testListStatusIteratorOnSubDirs" classname="TestOzoneFileSystem" time="0.034"/>
  <testcase name="testListStatusIteratorOnSubDirs" classname="TestOzoneFileSystem" time="0.027"/>
  <testcase name="testAllocateMoreThanOneBlock" classname="TestOzoneFileSystem" time="0.619">
    <system-out><![CDATA[2023-09-07 04:48:33,357 [IPC Server handler 10 on default port 15001] WARN  node.SCMNodeManager (SCMNodeManager.java:getNodesByAddress(1373)) - Cannot find node for address 127.0.0.1
]]></system-out>
  </testcase>
  <testcase name="testAllocateMoreThanOneBlock" classname="TestOzoneFileSystem" time="0.494">
    <system-out><![CDATA[2023-09-07 04:50:26,749 [ae2613ee-de6d-4587-a078-710b5812316a@group-77F33946D1AC-FollowerState] INFO  impl.FollowerState (FollowerState.java:run(143)) - ae2613ee-de6d-4587-a078-710b5812316a@group-77F33946D1AC-FollowerState: change to CANDIDATE, lastRpcElapsedTime:5161837728ns, electionTimeout:5155ms
2023-09-07 04:50:26,750 [ae2613ee-de6d-4587-a078-710b5812316a@group-77F33946D1AC-FollowerState] INFO  impl.RoleInfo (RoleInfo.java:shutdownFollowerState(110)) - ae2613ee-de6d-4587-a078-710b5812316a: shutdown ae2613ee-de6d-4587-a078-710b5812316a@group-77F33946D1AC-FollowerState
2023-09-07 04:50:26,750 [ae2613ee-de6d-4587-a078-710b5812316a@group-77F33946D1AC-FollowerState] INFO  server.RaftServer$Division (RaftServerImpl.java:setRole(329)) - ae2613ee-de6d-4587-a078-710b5812316a@group-77F33946D1AC: changes role from  FOLLOWER to CANDIDATE at term 0 for changeToCandidate
2023-09-07 04:50:26,750 [ae2613ee-de6d-4587-a078-710b5812316a@group-77F33946D1AC-FollowerState] INFO  server.RaftServerConfigKeys (ConfUtils.java:logGet(46)) - raft.server.leaderelection.pre-vote = true (default)
2023-09-07 04:50:26,750 [ae2613ee-de6d-4587-a078-710b5812316a@group-77F33946D1AC-FollowerState] INFO  impl.RoleInfo (RoleInfo.java:updateAndGet(139)) - ae2613ee-de6d-4587-a078-710b5812316a: start ae2613ee-de6d-4587-a078-710b5812316a@group-77F33946D1AC-LeaderElection18
2023-09-07 04:50:26,791 [ae2613ee-de6d-4587-a078-710b5812316a@group-77F33946D1AC-LeaderElection18] INFO  impl.LeaderElection (LeaderElection.java:askForVotes(321)) - ae2613ee-de6d-4587-a078-710b5812316a@group-77F33946D1AC-LeaderElection18 PRE_VOTE round 0: submit vote requests at term 0 for -1: peers:[ae2613ee-de6d-4587-a078-710b5812316a|rpc:10.1.0.9:15094|admin:10.1.0.9:15093|client:10.1.0.9:15092|dataStream:10.1.0.9:15095|priority:1|startupRole:FOLLOWER]|listeners:[], old=null
2023-09-07 04:50:26,791 [ae2613ee-de6d-4587-a078-710b5812316a@group-77F33946D1AC-LeaderElection18] INFO  impl.LeaderElection (LeaderElection.java:askForVotes(323)) - ae2613ee-de6d-4587-a078-710b5812316a@group-77F33946D1AC-LeaderElection18 PRE_VOTE round 0: result PASSED (term=0)
2023-09-07 04:50:26,797 [ae2613ee-de6d-4587-a078-710b5812316a@group-77F33946D1AC-LeaderElection18] INFO  impl.LeaderElection (LeaderElection.java:askForVotes(321)) - ae2613ee-de6d-4587-a078-710b5812316a@group-77F33946D1AC-LeaderElection18 ELECTION round 0: submit vote requests at term 1 for -1: peers:[ae2613ee-de6d-4587-a078-710b5812316a|rpc:10.1.0.9:15094|admin:10.1.0.9:15093|client:10.1.0.9:15092|dataStream:10.1.0.9:15095|priority:1|startupRole:FOLLOWER]|listeners:[], old=null
2023-09-07 04:50:26,797 [ae2613ee-de6d-4587-a078-710b5812316a@group-77F33946D1AC-LeaderElection18] INFO  impl.LeaderElection (LeaderElection.java:askForVotes(323)) - ae2613ee-de6d-4587-a078-710b5812316a@group-77F33946D1AC-LeaderElection18 ELECTION round 0: result PASSED (term=1)
2023-09-07 04:50:26,798 [ae2613ee-de6d-4587-a078-710b5812316a@group-77F33946D1AC-LeaderElection18] INFO  impl.RoleInfo (RoleInfo.java:shutdownLeaderElection(130)) - ae2613ee-de6d-4587-a078-710b5812316a: shutdown ae2613ee-de6d-4587-a078-710b5812316a@group-77F33946D1AC-LeaderElection18
2023-09-07 04:50:26,798 [ae2613ee-de6d-4587-a078-710b5812316a@group-77F33946D1AC-LeaderElection18] INFO  server.RaftServer$Division (RaftServerImpl.java:setRole(329)) - ae2613ee-de6d-4587-a078-710b5812316a@group-77F33946D1AC: changes role from CANDIDATE to LEADER at term 1 for changeToLeader
2023-09-07 04:50:26,798 [ae2613ee-de6d-4587-a078-710b5812316a@group-77F33946D1AC-LeaderElection18] INFO  ratis.XceiverServerRatis (XceiverServerRatis.java:handleLeaderChangedNotification(902)) - Leader change notification received for group: group-77F33946D1AC with new leaderId: ae2613ee-de6d-4587-a078-710b5812316a
2023-09-07 04:50:26,798 [ae2613ee-de6d-4587-a078-710b5812316a@group-77F33946D1AC-LeaderElection18] INFO  server.RaftServer$Division (ServerState.java:setLeader(317)) - ae2613ee-de6d-4587-a078-710b5812316a@group-77F33946D1AC: change Leader from null to ae2613ee-de6d-4587-a078-710b5812316a at term 1 for becomeLeader, leader elected after 5238ms
2023-09-07 04:50:26,799 [ae2613ee-de6d-4587-a078-710b5812316a@group-77F33946D1AC-LeaderElection18] INFO  server.RaftServerConfigKeys (ConfUtils.java:logGet(46)) - raft.server.staging.catchup.gap = 1000 (default)
2023-09-07 04:50:26,799 [ae2613ee-de6d-4587-a078-710b5812316a@group-77F33946D1AC-LeaderElection18] INFO  server.RaftServerConfigKeys (ConfUtils.java:logGet(46)) - raft.server.write.element-limit = 1024 (custom)
2023-09-07 04:50:26,799 [ae2613ee-de6d-4587-a078-710b5812316a@group-77F33946D1AC-LeaderElection18] INFO  server.RaftServerConfigKeys (ConfUtils.java:logGet(46)) - raft.server.write.byte-limit = 1024 M (=1073741824) (custom)
2023-09-07 04:50:26,799 [ae2613ee-de6d-4587-a078-710b5812316a@group-77F33946D1AC-LeaderElection18] INFO  server.RaftServerConfigKeys (ConfUtils.java:logGet(46)) - raft.server.watch.timeout = 180s (custom)
2023-09-07 04:50:26,809 [ae2613ee-de6d-4587-a078-710b5812316a@group-77F33946D1AC-LeaderElection18] INFO  server.RaftServerConfigKeys (ConfUtils.java:logGet(46)) - raft.server.watch.timeout.denomination = 1s (default)
2023-09-07 04:50:26,809 [ae2613ee-de6d-4587-a078-710b5812316a@group-77F33946D1AC-LeaderElection18] INFO  server.RaftServerConfigKeys (ConfUtils.java:logGet(46)) - raft.server.watch.element-limit = 65536 (default)
2023-09-07 04:50:26,809 [ae2613ee-de6d-4587-a078-710b5812316a@group-77F33946D1AC-LeaderElection18] INFO  server.RaftServerConfigKeys (ConfUtils.java:logGet(46)) - raft.server.write.element-limit = 1024 (custom)
2023-09-07 04:50:26,809 [ae2613ee-de6d-4587-a078-710b5812316a@group-77F33946D1AC-LeaderElection18] INFO  server.RaftServerConfigKeys (ConfUtils.java:logGet(46)) - raft.server.write.follower.gap.ratio.max = -1.0 (default)
2023-09-07 04:50:26,810 [ae2613ee-de6d-4587-a078-710b5812316a@group-77F33946D1AC-LeaderElection18] INFO  impl.RoleInfo (RoleInfo.java:updateAndGet(139)) - ae2613ee-de6d-4587-a078-710b5812316a: start ae2613ee-de6d-4587-a078-710b5812316a@group-77F33946D1AC-LeaderStateImpl
2023-09-07 04:50:26,810 [ae2613ee-de6d-4587-a078-710b5812316a@group-77F33946D1AC-LeaderElection18] INFO  segmented.SegmentedRaftLogWorker (SegmentedRaftLogWorker.java:startLogSegment(447)) - ae2613ee-de6d-4587-a078-710b5812316a@group-77F33946D1AC-SegmentedRaftLogWorker: Starting segment from index:0
2023-09-07 04:50:26,812 [ae2613ee-de6d-4587-a078-710b5812316a@group-77F33946D1AC-SegmentedRaftLogWorker] INFO  segmented.SegmentedRaftLogWorker (SegmentedRaftLogWorker.java:execute(651)) - ae2613ee-de6d-4587-a078-710b5812316a@group-77F33946D1AC-SegmentedRaftLogWorker: created new log segment /home/runner/work/ozone/ozone/hadoop-ozone/integration-test/target/test-dir/MiniOzoneClusterImpl-d344a044-c2aa-46c6-8971-a5e8f3f75c9e/datanode-3/data/ratis/e552724c-b61a-4989-ad52-77f33946d1ac/current/log_inprogress_0
2023-09-07 04:50:26,819 [ae2613ee-de6d-4587-a078-710b5812316a@group-77F33946D1AC-LeaderElection18] INFO  server.RaftServer$Division (ServerState.java:setRaftConf(434)) - ae2613ee-de6d-4587-a078-710b5812316a@group-77F33946D1AC: set configuration 0: peers:[ae2613ee-de6d-4587-a078-710b5812316a|rpc:10.1.0.9:15094|admin:10.1.0.9:15093|client:10.1.0.9:15092|dataStream:10.1.0.9:15095|priority:1|startupRole:FOLLOWER]|listeners:[], old=null
2023-09-07 04:50:26,959 [IPC Server handler 10 on default port 15054] WARN  node.SCMNodeManager (SCMNodeManager.java:getNodesByAddress(1373)) - Cannot find node for address 127.0.0.1
]]></system-out>
  </testcase>
  <testcase name="testAllocateMoreThanOneBlock" classname="TestOzoneFileSystem" time="0.35">
    <system-out><![CDATA[2023-09-07 04:51:53,688 [1ddc0cd2-9f64-4abc-9646-a27e7b7d0879@group-80EBEC4B8BD9-FollowerState] INFO  impl.FollowerState (FollowerState.java:run(143)) - 1ddc0cd2-9f64-4abc-9646-a27e7b7d0879@group-80EBEC4B8BD9-FollowerState: change to CANDIDATE, lastRpcElapsedTime:5188671585ns, electionTimeout:5187ms
2023-09-07 04:51:53,688 [1ddc0cd2-9f64-4abc-9646-a27e7b7d0879@group-80EBEC4B8BD9-FollowerState] INFO  impl.RoleInfo (RoleInfo.java:shutdownFollowerState(110)) - 1ddc0cd2-9f64-4abc-9646-a27e7b7d0879: shutdown 1ddc0cd2-9f64-4abc-9646-a27e7b7d0879@group-80EBEC4B8BD9-FollowerState
2023-09-07 04:51:53,688 [1ddc0cd2-9f64-4abc-9646-a27e7b7d0879@group-80EBEC4B8BD9-FollowerState] INFO  server.RaftServer$Division (RaftServerImpl.java:setRole(329)) - 1ddc0cd2-9f64-4abc-9646-a27e7b7d0879@group-80EBEC4B8BD9: changes role from  FOLLOWER to CANDIDATE at term 0 for changeToCandidate
2023-09-07 04:51:53,693 [1ddc0cd2-9f64-4abc-9646-a27e7b7d0879@group-80EBEC4B8BD9-FollowerState] INFO  server.RaftServerConfigKeys (ConfUtils.java:logGet(46)) - raft.server.leaderelection.pre-vote = true (default)
2023-09-07 04:51:53,693 [1ddc0cd2-9f64-4abc-9646-a27e7b7d0879@group-80EBEC4B8BD9-FollowerState] INFO  impl.RoleInfo (RoleInfo.java:updateAndGet(139)) - 1ddc0cd2-9f64-4abc-9646-a27e7b7d0879: start 1ddc0cd2-9f64-4abc-9646-a27e7b7d0879@group-80EBEC4B8BD9-LeaderElection26
2023-09-07 04:51:53,721 [1ddc0cd2-9f64-4abc-9646-a27e7b7d0879@group-80EBEC4B8BD9-LeaderElection26] INFO  impl.LeaderElection (LeaderElection.java:askForVotes(321)) - 1ddc0cd2-9f64-4abc-9646-a27e7b7d0879@group-80EBEC4B8BD9-LeaderElection26 PRE_VOTE round 0: submit vote requests at term 0 for -1: peers:[1ddc0cd2-9f64-4abc-9646-a27e7b7d0879|rpc:10.1.0.9:15138|admin:10.1.0.9:15137|client:10.1.0.9:15136|dataStream:10.1.0.9:15139|priority:1|startupRole:FOLLOWER]|listeners:[], old=null
2023-09-07 04:51:53,721 [1ddc0cd2-9f64-4abc-9646-a27e7b7d0879@group-80EBEC4B8BD9-LeaderElection26] INFO  impl.LeaderElection (LeaderElection.java:askForVotes(323)) - 1ddc0cd2-9f64-4abc-9646-a27e7b7d0879@group-80EBEC4B8BD9-LeaderElection26 PRE_VOTE round 0: result PASSED (term=0)
2023-09-07 04:51:53,736 [1ddc0cd2-9f64-4abc-9646-a27e7b7d0879@group-80EBEC4B8BD9-LeaderElection26] INFO  impl.LeaderElection (LeaderElection.java:askForVotes(321)) - 1ddc0cd2-9f64-4abc-9646-a27e7b7d0879@group-80EBEC4B8BD9-LeaderElection26 ELECTION round 0: submit vote requests at term 1 for -1: peers:[1ddc0cd2-9f64-4abc-9646-a27e7b7d0879|rpc:10.1.0.9:15138|admin:10.1.0.9:15137|client:10.1.0.9:15136|dataStream:10.1.0.9:15139|priority:1|startupRole:FOLLOWER]|listeners:[], old=null
2023-09-07 04:51:53,737 [1ddc0cd2-9f64-4abc-9646-a27e7b7d0879@group-80EBEC4B8BD9-LeaderElection26] INFO  impl.LeaderElection (LeaderElection.java:askForVotes(323)) - 1ddc0cd2-9f64-4abc-9646-a27e7b7d0879@group-80EBEC4B8BD9-LeaderElection26 ELECTION round 0: result PASSED (term=1)
2023-09-07 04:51:53,737 [1ddc0cd2-9f64-4abc-9646-a27e7b7d0879@group-80EBEC4B8BD9-LeaderElection26] INFO  impl.RoleInfo (RoleInfo.java:shutdownLeaderElection(130)) - 1ddc0cd2-9f64-4abc-9646-a27e7b7d0879: shutdown 1ddc0cd2-9f64-4abc-9646-a27e7b7d0879@group-80EBEC4B8BD9-LeaderElection26
2023-09-07 04:51:53,737 [1ddc0cd2-9f64-4abc-9646-a27e7b7d0879@group-80EBEC4B8BD9-LeaderElection26] INFO  server.RaftServer$Division (RaftServerImpl.java:setRole(329)) - 1ddc0cd2-9f64-4abc-9646-a27e7b7d0879@group-80EBEC4B8BD9: changes role from CANDIDATE to LEADER at term 1 for changeToLeader
2023-09-07 04:51:53,738 [1ddc0cd2-9f64-4abc-9646-a27e7b7d0879@group-80EBEC4B8BD9-LeaderElection26] INFO  ratis.XceiverServerRatis (XceiverServerRatis.java:handleLeaderChangedNotification(902)) - Leader change notification received for group: group-80EBEC4B8BD9 with new leaderId: 1ddc0cd2-9f64-4abc-9646-a27e7b7d0879
2023-09-07 04:51:53,747 [1ddc0cd2-9f64-4abc-9646-a27e7b7d0879@group-80EBEC4B8BD9-LeaderElection26] INFO  server.RaftServer$Division (ServerState.java:setLeader(317)) - 1ddc0cd2-9f64-4abc-9646-a27e7b7d0879@group-80EBEC4B8BD9: change Leader from null to 1ddc0cd2-9f64-4abc-9646-a27e7b7d0879 at term 1 for becomeLeader, leader elected after 5257ms
2023-09-07 04:51:53,748 [1ddc0cd2-9f64-4abc-9646-a27e7b7d0879@group-80EBEC4B8BD9-LeaderElection26] INFO  server.RaftServerConfigKeys (ConfUtils.java:logGet(46)) - raft.server.staging.catchup.gap = 1000 (default)
2023-09-07 04:51:53,748 [1ddc0cd2-9f64-4abc-9646-a27e7b7d0879@group-80EBEC4B8BD9-LeaderElection26] INFO  server.RaftServerConfigKeys (ConfUtils.java:logGet(46)) - raft.server.write.element-limit = 1024 (custom)
2023-09-07 04:51:53,754 [1ddc0cd2-9f64-4abc-9646-a27e7b7d0879@group-80EBEC4B8BD9-LeaderElection26] INFO  server.RaftServerConfigKeys (ConfUtils.java:logGet(46)) - raft.server.write.byte-limit = 1024 M (=1073741824) (custom)
2023-09-07 04:51:53,755 [1ddc0cd2-9f64-4abc-9646-a27e7b7d0879@group-80EBEC4B8BD9-LeaderElection26] INFO  server.RaftServerConfigKeys (ConfUtils.java:logGet(46)) - raft.server.watch.timeout = 180s (custom)
2023-09-07 04:51:53,755 [1ddc0cd2-9f64-4abc-9646-a27e7b7d0879@group-80EBEC4B8BD9-LeaderElection26] INFO  server.RaftServerConfigKeys (ConfUtils.java:logGet(46)) - raft.server.watch.timeout.denomination = 1s (default)
2023-09-07 04:51:53,755 [1ddc0cd2-9f64-4abc-9646-a27e7b7d0879@group-80EBEC4B8BD9-LeaderElection26] INFO  server.RaftServerConfigKeys (ConfUtils.java:logGet(46)) - raft.server.watch.element-limit = 65536 (default)
2023-09-07 04:51:53,755 [1ddc0cd2-9f64-4abc-9646-a27e7b7d0879@group-80EBEC4B8BD9-LeaderElection26] INFO  server.RaftServerConfigKeys (ConfUtils.java:logGet(46)) - raft.server.write.element-limit = 1024 (custom)
2023-09-07 04:51:53,755 [1ddc0cd2-9f64-4abc-9646-a27e7b7d0879@group-80EBEC4B8BD9-LeaderElection26] INFO  server.RaftServerConfigKeys (ConfUtils.java:logGet(46)) - raft.server.write.follower.gap.ratio.max = -1.0 (default)
2023-09-07 04:51:53,755 [1ddc0cd2-9f64-4abc-9646-a27e7b7d0879@group-80EBEC4B8BD9-LeaderElection26] INFO  impl.RoleInfo (RoleInfo.java:updateAndGet(139)) - 1ddc0cd2-9f64-4abc-9646-a27e7b7d0879: start 1ddc0cd2-9f64-4abc-9646-a27e7b7d0879@group-80EBEC4B8BD9-LeaderStateImpl
2023-09-07 04:51:53,756 [1ddc0cd2-9f64-4abc-9646-a27e7b7d0879@group-80EBEC4B8BD9-LeaderElection26] INFO  segmented.SegmentedRaftLogWorker (SegmentedRaftLogWorker.java:startLogSegment(447)) - 1ddc0cd2-9f64-4abc-9646-a27e7b7d0879@group-80EBEC4B8BD9-SegmentedRaftLogWorker: Starting segment from index:0
2023-09-07 04:51:53,763 [1ddc0cd2-9f64-4abc-9646-a27e7b7d0879@group-80EBEC4B8BD9-LeaderElection26] INFO  server.RaftServer$Division (ServerState.java:setRaftConf(434)) - 1ddc0cd2-9f64-4abc-9646-a27e7b7d0879@group-80EBEC4B8BD9: set configuration 0: peers:[1ddc0cd2-9f64-4abc-9646-a27e7b7d0879|rpc:10.1.0.9:15138|admin:10.1.0.9:15137|client:10.1.0.9:15136|dataStream:10.1.0.9:15139|priority:1|startupRole:FOLLOWER]|listeners:[], old=null
2023-09-07 04:51:53,763 [1ddc0cd2-9f64-4abc-9646-a27e7b7d0879@group-80EBEC4B8BD9-SegmentedRaftLogWorker] INFO  segmented.SegmentedRaftLogWorker (SegmentedRaftLogWorker.java:execute(651)) - 1ddc0cd2-9f64-4abc-9646-a27e7b7d0879@group-80EBEC4B8BD9-SegmentedRaftLogWorker: created new log segment /home/runner/work/ozone/ozone/hadoop-ozone/integration-test/target/test-dir/MiniOzoneClusterImpl-a35962c9-a2fc-4df3-96cb-042236c47d51/datanode-2/data/ratis/c1bc81ef-d096-4478-b3cf-80ebec4b8bd9/current/log_inprogress_0
2023-09-07 04:51:53,961 [IPC Server handler 0 on default port 15107] WARN  node.SCMNodeManager (SCMNodeManager.java:getNodesByAddress(1373)) - Cannot find node for address 127.0.0.1
]]></system-out>
  </testcase>
  <testcase name="testAllocateMoreThanOneBlock" classname="TestOzoneFileSystem" time="0.349">
    <system-out><![CDATA[2023-09-07 04:53:31,695 [5e8b1818-5304-4881-9e46-c74e35e46625@group-B1977D1C949C-FollowerState] INFO  impl.FollowerState (FollowerState.java:run(143)) - 5e8b1818-5304-4881-9e46-c74e35e46625@group-B1977D1C949C-FollowerState: change to CANDIDATE, lastRpcElapsedTime:5148766125ns, electionTimeout:5148ms
2023-09-07 04:53:31,695 [5e8b1818-5304-4881-9e46-c74e35e46625@group-B1977D1C949C-FollowerState] INFO  impl.RoleInfo (RoleInfo.java:shutdownFollowerState(110)) - 5e8b1818-5304-4881-9e46-c74e35e46625: shutdown 5e8b1818-5304-4881-9e46-c74e35e46625@group-B1977D1C949C-FollowerState
2023-09-07 04:53:31,695 [5e8b1818-5304-4881-9e46-c74e35e46625@group-B1977D1C949C-FollowerState] INFO  server.RaftServer$Division (RaftServerImpl.java:setRole(329)) - 5e8b1818-5304-4881-9e46-c74e35e46625@group-B1977D1C949C: changes role from  FOLLOWER to CANDIDATE at term 0 for changeToCandidate
2023-09-07 04:53:31,696 [5e8b1818-5304-4881-9e46-c74e35e46625@group-B1977D1C949C-FollowerState] INFO  server.RaftServerConfigKeys (ConfUtils.java:logGet(46)) - raft.server.leaderelection.pre-vote = true (default)
2023-09-07 04:53:31,696 [5e8b1818-5304-4881-9e46-c74e35e46625@group-B1977D1C949C-FollowerState] INFO  impl.RoleInfo (RoleInfo.java:updateAndGet(139)) - 5e8b1818-5304-4881-9e46-c74e35e46625: start 5e8b1818-5304-4881-9e46-c74e35e46625@group-B1977D1C949C-LeaderElection34
2023-09-07 04:53:31,719 [5e8b1818-5304-4881-9e46-c74e35e46625@group-B1977D1C949C-LeaderElection34] INFO  impl.LeaderElection (LeaderElection.java:askForVotes(321)) - 5e8b1818-5304-4881-9e46-c74e35e46625@group-B1977D1C949C-LeaderElection34 PRE_VOTE round 0: submit vote requests at term 0 for -1: peers:[5e8b1818-5304-4881-9e46-c74e35e46625|rpc:10.1.0.9:15191|admin:10.1.0.9:15190|client:10.1.0.9:15189|dataStream:10.1.0.9:15192|priority:1|startupRole:FOLLOWER]|listeners:[], old=null
2023-09-07 04:53:31,719 [5e8b1818-5304-4881-9e46-c74e35e46625@group-B1977D1C949C-LeaderElection34] INFO  impl.LeaderElection (LeaderElection.java:askForVotes(323)) - 5e8b1818-5304-4881-9e46-c74e35e46625@group-B1977D1C949C-LeaderElection34 PRE_VOTE round 0: result PASSED (term=0)
2023-09-07 04:53:31,722 [5e8b1818-5304-4881-9e46-c74e35e46625@group-B1977D1C949C-LeaderElection34] INFO  impl.LeaderElection (LeaderElection.java:askForVotes(321)) - 5e8b1818-5304-4881-9e46-c74e35e46625@group-B1977D1C949C-LeaderElection34 ELECTION round 0: submit vote requests at term 1 for -1: peers:[5e8b1818-5304-4881-9e46-c74e35e46625|rpc:10.1.0.9:15191|admin:10.1.0.9:15190|client:10.1.0.9:15189|dataStream:10.1.0.9:15192|priority:1|startupRole:FOLLOWER]|listeners:[], old=null
2023-09-07 04:53:31,722 [5e8b1818-5304-4881-9e46-c74e35e46625@group-B1977D1C949C-LeaderElection34] INFO  impl.LeaderElection (LeaderElection.java:askForVotes(323)) - 5e8b1818-5304-4881-9e46-c74e35e46625@group-B1977D1C949C-LeaderElection34 ELECTION round 0: result PASSED (term=1)
2023-09-07 04:53:31,722 [5e8b1818-5304-4881-9e46-c74e35e46625@group-B1977D1C949C-LeaderElection34] INFO  impl.RoleInfo (RoleInfo.java:shutdownLeaderElection(130)) - 5e8b1818-5304-4881-9e46-c74e35e46625: shutdown 5e8b1818-5304-4881-9e46-c74e35e46625@group-B1977D1C949C-LeaderElection34
2023-09-07 04:53:31,722 [5e8b1818-5304-4881-9e46-c74e35e46625@group-B1977D1C949C-LeaderElection34] INFO  server.RaftServer$Division (RaftServerImpl.java:setRole(329)) - 5e8b1818-5304-4881-9e46-c74e35e46625@group-B1977D1C949C: changes role from CANDIDATE to LEADER at term 1 for changeToLeader
2023-09-07 04:53:31,722 [5e8b1818-5304-4881-9e46-c74e35e46625@group-B1977D1C949C-LeaderElection34] INFO  ratis.XceiverServerRatis (XceiverServerRatis.java:handleLeaderChangedNotification(902)) - Leader change notification received for group: group-B1977D1C949C with new leaderId: 5e8b1818-5304-4881-9e46-c74e35e46625
2023-09-07 04:53:31,722 [5e8b1818-5304-4881-9e46-c74e35e46625@group-B1977D1C949C-LeaderElection34] INFO  server.RaftServer$Division (ServerState.java:setLeader(317)) - 5e8b1818-5304-4881-9e46-c74e35e46625@group-B1977D1C949C: change Leader from null to 5e8b1818-5304-4881-9e46-c74e35e46625 at term 1 for becomeLeader, leader elected after 5194ms
2023-09-07 04:53:31,722 [5e8b1818-5304-4881-9e46-c74e35e46625@group-B1977D1C949C-LeaderElection34] INFO  server.RaftServerConfigKeys (ConfUtils.java:logGet(46)) - raft.server.staging.catchup.gap = 1000 (default)
2023-09-07 04:53:31,722 [5e8b1818-5304-4881-9e46-c74e35e46625@group-B1977D1C949C-LeaderElection34] INFO  server.RaftServerConfigKeys (ConfUtils.java:logGet(46)) - raft.server.write.element-limit = 1024 (custom)
2023-09-07 04:53:31,723 [5e8b1818-5304-4881-9e46-c74e35e46625@group-B1977D1C949C-LeaderElection34] INFO  server.RaftServerConfigKeys (ConfUtils.java:logGet(46)) - raft.server.write.byte-limit = 1024 M (=1073741824) (custom)
2023-09-07 04:53:31,723 [5e8b1818-5304-4881-9e46-c74e35e46625@group-B1977D1C949C-LeaderElection34] INFO  server.RaftServerConfigKeys (ConfUtils.java:logGet(46)) - raft.server.watch.timeout = 180s (custom)
2023-09-07 04:53:31,723 [5e8b1818-5304-4881-9e46-c74e35e46625@group-B1977D1C949C-LeaderElection34] INFO  server.RaftServerConfigKeys (ConfUtils.java:logGet(46)) - raft.server.watch.timeout.denomination = 1s (default)
2023-09-07 04:53:31,723 [5e8b1818-5304-4881-9e46-c74e35e46625@group-B1977D1C949C-LeaderElection34] INFO  server.RaftServerConfigKeys (ConfUtils.java:logGet(46)) - raft.server.watch.element-limit = 65536 (default)
2023-09-07 04:53:31,723 [5e8b1818-5304-4881-9e46-c74e35e46625@group-B1977D1C949C-LeaderElection34] INFO  server.RaftServerConfigKeys (ConfUtils.java:logGet(46)) - raft.server.write.element-limit = 1024 (custom)
2023-09-07 04:53:31,723 [5e8b1818-5304-4881-9e46-c74e35e46625@group-B1977D1C949C-LeaderElection34] INFO  server.RaftServerConfigKeys (ConfUtils.java:logGet(46)) - raft.server.write.follower.gap.ratio.max = -1.0 (default)
2023-09-07 04:53:31,723 [5e8b1818-5304-4881-9e46-c74e35e46625@group-B1977D1C949C-LeaderElection34] INFO  impl.RoleInfo (RoleInfo.java:updateAndGet(139)) - 5e8b1818-5304-4881-9e46-c74e35e46625: start 5e8b1818-5304-4881-9e46-c74e35e46625@group-B1977D1C949C-LeaderStateImpl
2023-09-07 04:53:31,723 [5e8b1818-5304-4881-9e46-c74e35e46625@group-B1977D1C949C-LeaderElection34] INFO  segmented.SegmentedRaftLogWorker (SegmentedRaftLogWorker.java:startLogSegment(447)) - 5e8b1818-5304-4881-9e46-c74e35e46625@group-B1977D1C949C-SegmentedRaftLogWorker: Starting segment from index:0
2023-09-07 04:53:31,729 [5e8b1818-5304-4881-9e46-c74e35e46625@group-B1977D1C949C-LeaderElection34] INFO  server.RaftServer$Division (ServerState.java:setRaftConf(434)) - 5e8b1818-5304-4881-9e46-c74e35e46625@group-B1977D1C949C: set configuration 0: peers:[5e8b1818-5304-4881-9e46-c74e35e46625|rpc:10.1.0.9:15191|admin:10.1.0.9:15190|client:10.1.0.9:15189|dataStream:10.1.0.9:15192|priority:1|startupRole:FOLLOWER]|listeners:[], old=null
2023-09-07 04:53:31,729 [5e8b1818-5304-4881-9e46-c74e35e46625@group-B1977D1C949C-SegmentedRaftLogWorker] INFO  segmented.SegmentedRaftLogWorker (SegmentedRaftLogWorker.java:execute(651)) - 5e8b1818-5304-4881-9e46-c74e35e46625@group-B1977D1C949C-SegmentedRaftLogWorker: created new log segment /home/runner/work/ozone/ozone/hadoop-ozone/integration-test/target/test-dir/MiniOzoneClusterImpl-91ddfec9-c3c1-434b-8c78-5e40d1aa2819/datanode-2/data/ratis/1af646f2-e9a0-470e-9245-b1977d1c949c/current/log_inprogress_0
2023-09-07 04:53:31,924 [IPC Server handler 1 on default port 15160] WARN  node.SCMNodeManager (SCMNodeManager.java:getNodesByAddress(1373)) - Cannot find node for address 127.0.0.1
]]></system-out>
  </testcase>
  <testcase name="testRenameToExistingDir" classname="TestOzoneFileSystem" time="0.101">
    <system-out><![CDATA[04:48:33.431 [IPC Server handler 8 on default port 15004] ERROR OMAudit - user=runner | ip=127.0.0.1 | op=LIST_STATUS {volume=volume25901, bucket=bucket39570, key=b/a, dataSize=0, replicationConfig=null} | ret=FAILURE
org.apache.hadoop.ozone.om.exceptions.OMException: Unable to get file status: volume: volume25901 bucket: bucket39570 key: b/a
	at org.apache.hadoop.ozone.om.KeyManagerImpl.getOzoneFileStatus(KeyManagerImpl.java:1195) ~[ozone-manager-1.4.0-SNAPSHOT.jar:?]
	at org.apache.hadoop.ozone.om.KeyManagerImpl.getFileStatus(KeyManagerImpl.java:1113) ~[ozone-manager-1.4.0-SNAPSHOT.jar:?]
	at org.apache.hadoop.ozone.om.KeyManagerImpl.listStatus(KeyManagerImpl.java:1505) ~[ozone-manager-1.4.0-SNAPSHOT.jar:?]
	at org.apache.hadoop.ozone.om.OmMetadataReader.listStatus(OmMetadataReader.java:235) ~[ozone-manager-1.4.0-SNAPSHOT.jar:?]
	at org.apache.hadoop.ozone.om.OzoneManager.listStatus(OzoneManager.java:3560) ~[ozone-manager-1.4.0-SNAPSHOT.jar:?]
	at org.apache.hadoop.ozone.protocolPB.OzoneManagerRequestHandler.listStatus(OzoneManagerRequestHandler.java:1143) ~[ozone-manager-1.4.0-SNAPSHOT.jar:?]
	at org.apache.hadoop.ozone.protocolPB.OzoneManagerRequestHandler.handleReadRequest(OzoneManagerRequestHandler.java:261) ~[ozone-manager-1.4.0-SNAPSHOT.jar:?]
	at org.apache.hadoop.ozone.protocolPB.OzoneManagerProtocolServerSideTranslatorPB.submitReadRequestToOM(OzoneManagerProtocolServerSideTranslatorPB.java:225) ~[ozone-manager-1.4.0-SNAPSHOT.jar:?]
	at org.apache.hadoop.ozone.protocolPB.OzoneManagerProtocolServerSideTranslatorPB.processRequest(OzoneManagerProtocolServerSideTranslatorPB.java:179) ~[ozone-manager-1.4.0-SNAPSHOT.jar:?]
	at org.apache.hadoop.hdds.server.OzoneProtocolMessageDispatcher.processRequest(OzoneProtocolMessageDispatcher.java:87) [hdds-server-framework-1.4.0-SNAPSHOT.jar:?]
	at org.apache.hadoop.ozone.protocolPB.OzoneManagerProtocolServerSideTranslatorPB.submitRequest(OzoneManagerProtocolServerSideTranslatorPB.java:148) [ozone-manager-1.4.0-SNAPSHOT.jar:?]
	at org.apache.hadoop.ozone.protocol.proto.OzoneManagerProtocolProtos$OzoneManagerService$2.callBlockingMethod(OzoneManagerProtocolProtos.java) [ozone-interface-client-1.4.0-SNAPSHOT.jar:?]
	at org.apache.hadoop.ipc.ProtobufRpcEngine$Server.processCall(ProtobufRpcEngine.java:484) [hadoop-common-3.3.6.jar:?]
	at org.apache.hadoop.ipc.ProtobufRpcEngine2$Server$ProtoBufRpcInvoker.call(ProtobufRpcEngine2.java:595) [hadoop-common-3.3.6.jar:?]
	at org.apache.hadoop.ipc.ProtobufRpcEngine2$Server$ProtoBufRpcInvoker.call(ProtobufRpcEngine2.java:573) [hadoop-common-3.3.6.jar:?]
	at org.apache.hadoop.ipc.RPC$Server.call(RPC.java:1227) [hadoop-common-3.3.6.jar:?]
	at org.apache.hadoop.ipc.Server$RpcCall.run(Server.java:1094) [hadoop-common-3.3.6.jar:?]
	at org.apache.hadoop.ipc.Server$RpcCall.run(Server.java:1017) [hadoop-common-3.3.6.jar:?]
	at java.security.AccessController.doPrivileged(Native Method) ~[?:1.8.0_382]
	at javax.security.auth.Subject.doAs(Subject.java:422) [?:1.8.0_382]
	at org.apache.hadoop.security.UserGroupInformation.doAs(UserGroupInformation.java:1899) [hadoop-common-3.3.6.jar:?]
	at org.apache.hadoop.ipc.Server$Handler.run(Server.java:3048) [hadoop-common-3.3.6.jar:?]
]]></system-out>
  </testcase>
  <testcase name="testRenameToExistingDir" classname="TestOzoneFileSystem" time="0.03">
    <system-out><![CDATA[04:50:26.985 [IPC Server handler 10 on default port 15057] ERROR OMAudit - user=runner | ip=127.0.0.1 | op=LIST_STATUS {volume=volume43692, bucket=bucket46966, key=b/a, dataSize=0, replicationConfig=null} | ret=FAILURE
org.apache.hadoop.ozone.om.exceptions.OMException: Unable to get file status: volume: volume43692 bucket: bucket46966 key: b/a
	at org.apache.hadoop.ozone.om.KeyManagerImpl.getOzoneFileStatus(KeyManagerImpl.java:1195) ~[ozone-manager-1.4.0-SNAPSHOT.jar:?]
	at org.apache.hadoop.ozone.om.KeyManagerImpl.getFileStatus(KeyManagerImpl.java:1113) ~[ozone-manager-1.4.0-SNAPSHOT.jar:?]
	at org.apache.hadoop.ozone.om.KeyManagerImpl.listStatus(KeyManagerImpl.java:1505) ~[ozone-manager-1.4.0-SNAPSHOT.jar:?]
	at org.apache.hadoop.ozone.om.OmMetadataReader.listStatus(OmMetadataReader.java:235) ~[ozone-manager-1.4.0-SNAPSHOT.jar:?]
	at org.apache.hadoop.ozone.om.OzoneManager.listStatus(OzoneManager.java:3560) ~[ozone-manager-1.4.0-SNAPSHOT.jar:?]
	at org.apache.hadoop.ozone.protocolPB.OzoneManagerRequestHandler.listStatus(OzoneManagerRequestHandler.java:1143) ~[ozone-manager-1.4.0-SNAPSHOT.jar:?]
	at org.apache.hadoop.ozone.protocolPB.OzoneManagerRequestHandler.handleReadRequest(OzoneManagerRequestHandler.java:261) ~[ozone-manager-1.4.0-SNAPSHOT.jar:?]
	at org.apache.hadoop.ozone.protocolPB.OzoneManagerProtocolServerSideTranslatorPB.submitRequestDirectlyToOM(OzoneManagerProtocolServerSideTranslatorPB.java:274) ~[ozone-manager-1.4.0-SNAPSHOT.jar:?]
	at org.apache.hadoop.ozone.protocolPB.OzoneManagerProtocolServerSideTranslatorPB.processRequest(OzoneManagerProtocolServerSideTranslatorPB.java:175) ~[ozone-manager-1.4.0-SNAPSHOT.jar:?]
	at org.apache.hadoop.hdds.server.OzoneProtocolMessageDispatcher.processRequest(OzoneProtocolMessageDispatcher.java:87) [hdds-server-framework-1.4.0-SNAPSHOT.jar:?]
	at org.apache.hadoop.ozone.protocolPB.OzoneManagerProtocolServerSideTranslatorPB.submitRequest(OzoneManagerProtocolServerSideTranslatorPB.java:148) [ozone-manager-1.4.0-SNAPSHOT.jar:?]
	at org.apache.hadoop.ozone.protocol.proto.OzoneManagerProtocolProtos$OzoneManagerService$2.callBlockingMethod(OzoneManagerProtocolProtos.java) [ozone-interface-client-1.4.0-SNAPSHOT.jar:?]
	at org.apache.hadoop.ipc.ProtobufRpcEngine$Server.processCall(ProtobufRpcEngine.java:484) [hadoop-common-3.3.6.jar:?]
	at org.apache.hadoop.ipc.ProtobufRpcEngine2$Server$ProtoBufRpcInvoker.call(ProtobufRpcEngine2.java:595) [hadoop-common-3.3.6.jar:?]
	at org.apache.hadoop.ipc.ProtobufRpcEngine2$Server$ProtoBufRpcInvoker.call(ProtobufRpcEngine2.java:573) [hadoop-common-3.3.6.jar:?]
	at org.apache.hadoop.ipc.RPC$Server.call(RPC.java:1227) [hadoop-common-3.3.6.jar:?]
	at org.apache.hadoop.ipc.Server$RpcCall.run(Server.java:1094) [hadoop-common-3.3.6.jar:?]
	at org.apache.hadoop.ipc.Server$RpcCall.run(Server.java:1017) [hadoop-common-3.3.6.jar:?]
	at java.security.AccessController.doPrivileged(Native Method) ~[?:1.8.0_382]
	at javax.security.auth.Subject.doAs(Subject.java:422) [?:1.8.0_382]
	at org.apache.hadoop.security.UserGroupInformation.doAs(UserGroupInformation.java:1899) [hadoop-common-3.3.6.jar:?]
	at org.apache.hadoop.ipc.Server$Handler.run(Server.java:3048) [hadoop-common-3.3.6.jar:?]
]]></system-out>
  </testcase>
  <testcase name="testRenameToExistingDir" classname="TestOzoneFileSystem" time="0.027">
    <system-out><![CDATA[04:51:53.990 [IPC Server handler 16 on default port 15110] ERROR OMAudit - user=runner | ip=127.0.0.1 | op=LIST_STATUS {volume=volume87246, bucket=bucket72820, key=b/a, dataSize=0, replicationConfig=null} | ret=FAILURE
org.apache.hadoop.ozone.om.exceptions.OMException: Unable to get file status: volume: volume87246 bucket: bucket72820 key: b/a
	at org.apache.hadoop.ozone.om.KeyManagerImpl.getOzoneFileStatus(KeyManagerImpl.java:1195) ~[ozone-manager-1.4.0-SNAPSHOT.jar:?]
	at org.apache.hadoop.ozone.om.KeyManagerImpl.getFileStatus(KeyManagerImpl.java:1113) ~[ozone-manager-1.4.0-SNAPSHOT.jar:?]
	at org.apache.hadoop.ozone.om.KeyManagerImpl.listStatus(KeyManagerImpl.java:1505) ~[ozone-manager-1.4.0-SNAPSHOT.jar:?]
	at org.apache.hadoop.ozone.om.OmMetadataReader.listStatus(OmMetadataReader.java:235) ~[ozone-manager-1.4.0-SNAPSHOT.jar:?]
	at org.apache.hadoop.ozone.om.OzoneManager.listStatus(OzoneManager.java:3560) ~[ozone-manager-1.4.0-SNAPSHOT.jar:?]
	at org.apache.hadoop.ozone.protocolPB.OzoneManagerRequestHandler.listStatus(OzoneManagerRequestHandler.java:1143) ~[ozone-manager-1.4.0-SNAPSHOT.jar:?]
	at org.apache.hadoop.ozone.protocolPB.OzoneManagerRequestHandler.handleReadRequest(OzoneManagerRequestHandler.java:261) ~[ozone-manager-1.4.0-SNAPSHOT.jar:?]
	at org.apache.hadoop.ozone.protocolPB.OzoneManagerProtocolServerSideTranslatorPB.submitReadRequestToOM(OzoneManagerProtocolServerSideTranslatorPB.java:225) ~[ozone-manager-1.4.0-SNAPSHOT.jar:?]
	at org.apache.hadoop.ozone.protocolPB.OzoneManagerProtocolServerSideTranslatorPB.processRequest(OzoneManagerProtocolServerSideTranslatorPB.java:179) ~[ozone-manager-1.4.0-SNAPSHOT.jar:?]
	at org.apache.hadoop.hdds.server.OzoneProtocolMessageDispatcher.processRequest(OzoneProtocolMessageDispatcher.java:87) [hdds-server-framework-1.4.0-SNAPSHOT.jar:?]
	at org.apache.hadoop.ozone.protocolPB.OzoneManagerProtocolServerSideTranslatorPB.submitRequest(OzoneManagerProtocolServerSideTranslatorPB.java:148) [ozone-manager-1.4.0-SNAPSHOT.jar:?]
	at org.apache.hadoop.ozone.protocol.proto.OzoneManagerProtocolProtos$OzoneManagerService$2.callBlockingMethod(OzoneManagerProtocolProtos.java) [ozone-interface-client-1.4.0-SNAPSHOT.jar:?]
	at org.apache.hadoop.ipc.ProtobufRpcEngine$Server.processCall(ProtobufRpcEngine.java:484) [hadoop-common-3.3.6.jar:?]
	at org.apache.hadoop.ipc.ProtobufRpcEngine2$Server$ProtoBufRpcInvoker.call(ProtobufRpcEngine2.java:595) [hadoop-common-3.3.6.jar:?]
	at org.apache.hadoop.ipc.ProtobufRpcEngine2$Server$ProtoBufRpcInvoker.call(ProtobufRpcEngine2.java:573) [hadoop-common-3.3.6.jar:?]
	at org.apache.hadoop.ipc.RPC$Server.call(RPC.java:1227) [hadoop-common-3.3.6.jar:?]
	at org.apache.hadoop.ipc.Server$RpcCall.run(Server.java:1094) [hadoop-common-3.3.6.jar:?]
	at org.apache.hadoop.ipc.Server$RpcCall.run(Server.java:1017) [hadoop-common-3.3.6.jar:?]
	at java.security.AccessController.doPrivileged(Native Method) ~[?:1.8.0_382]
	at javax.security.auth.Subject.doAs(Subject.java:422) [?:1.8.0_382]
	at org.apache.hadoop.security.UserGroupInformation.doAs(UserGroupInformation.java:1899) [hadoop-common-3.3.6.jar:?]
	at org.apache.hadoop.ipc.Server$Handler.run(Server.java:3048) [hadoop-common-3.3.6.jar:?]
]]></system-out>
  </testcase>
  <testcase name="testRenameToExistingDir" classname="TestOzoneFileSystem" time="0.023">
    <system-out><![CDATA[04:53:31.940 [IPC Server handler 4 on default port 15163] ERROR OMAudit - user=runner | ip=127.0.0.1 | op=LIST_STATUS {volume=volume69932, bucket=bucket53154, key=b/a, dataSize=0, replicationConfig=null} | ret=FAILURE
org.apache.hadoop.ozone.om.exceptions.OMException: Unable to get file status: volume: volume69932 bucket: bucket53154 key: b/a
	at org.apache.hadoop.ozone.om.KeyManagerImpl.getOzoneFileStatus(KeyManagerImpl.java:1195) ~[ozone-manager-1.4.0-SNAPSHOT.jar:?]
	at org.apache.hadoop.ozone.om.KeyManagerImpl.getFileStatus(KeyManagerImpl.java:1113) ~[ozone-manager-1.4.0-SNAPSHOT.jar:?]
	at org.apache.hadoop.ozone.om.KeyManagerImpl.listStatus(KeyManagerImpl.java:1505) ~[ozone-manager-1.4.0-SNAPSHOT.jar:?]
	at org.apache.hadoop.ozone.om.OmMetadataReader.listStatus(OmMetadataReader.java:235) ~[ozone-manager-1.4.0-SNAPSHOT.jar:?]
	at org.apache.hadoop.ozone.om.OzoneManager.listStatus(OzoneManager.java:3560) ~[ozone-manager-1.4.0-SNAPSHOT.jar:?]
	at org.apache.hadoop.ozone.protocolPB.OzoneManagerRequestHandler.listStatus(OzoneManagerRequestHandler.java:1143) ~[ozone-manager-1.4.0-SNAPSHOT.jar:?]
	at org.apache.hadoop.ozone.protocolPB.OzoneManagerRequestHandler.handleReadRequest(OzoneManagerRequestHandler.java:261) ~[ozone-manager-1.4.0-SNAPSHOT.jar:?]
	at org.apache.hadoop.ozone.protocolPB.OzoneManagerProtocolServerSideTranslatorPB.submitRequestDirectlyToOM(OzoneManagerProtocolServerSideTranslatorPB.java:274) ~[ozone-manager-1.4.0-SNAPSHOT.jar:?]
	at org.apache.hadoop.ozone.protocolPB.OzoneManagerProtocolServerSideTranslatorPB.processRequest(OzoneManagerProtocolServerSideTranslatorPB.java:175) ~[ozone-manager-1.4.0-SNAPSHOT.jar:?]
	at org.apache.hadoop.hdds.server.OzoneProtocolMessageDispatcher.processRequest(OzoneProtocolMessageDispatcher.java:87) [hdds-server-framework-1.4.0-SNAPSHOT.jar:?]
	at org.apache.hadoop.ozone.protocolPB.OzoneManagerProtocolServerSideTranslatorPB.submitRequest(OzoneManagerProtocolServerSideTranslatorPB.java:148) [ozone-manager-1.4.0-SNAPSHOT.jar:?]
	at org.apache.hadoop.ozone.protocol.proto.OzoneManagerProtocolProtos$OzoneManagerService$2.callBlockingMethod(OzoneManagerProtocolProtos.java) [ozone-interface-client-1.4.0-SNAPSHOT.jar:?]
	at org.apache.hadoop.ipc.ProtobufRpcEngine$Server.processCall(ProtobufRpcEngine.java:484) [hadoop-common-3.3.6.jar:?]
	at org.apache.hadoop.ipc.ProtobufRpcEngine2$Server$ProtoBufRpcInvoker.call(ProtobufRpcEngine2.java:595) [hadoop-common-3.3.6.jar:?]
	at org.apache.hadoop.ipc.ProtobufRpcEngine2$Server$ProtoBufRpcInvoker.call(ProtobufRpcEngine2.java:573) [hadoop-common-3.3.6.jar:?]
	at org.apache.hadoop.ipc.RPC$Server.call(RPC.java:1227) [hadoop-common-3.3.6.jar:?]
	at org.apache.hadoop.ipc.Server$RpcCall.run(Server.java:1094) [hadoop-common-3.3.6.jar:?]
	at org.apache.hadoop.ipc.Server$RpcCall.run(Server.java:1017) [hadoop-common-3.3.6.jar:?]
	at java.security.AccessController.doPrivileged(Native Method) ~[?:1.8.0_382]
	at javax.security.auth.Subject.doAs(Subject.java:422) [?:1.8.0_382]
	at org.apache.hadoop.security.UserGroupInformation.doAs(UserGroupInformation.java:1899) [hadoop-common-3.3.6.jar:?]
	at org.apache.hadoop.ipc.Server$Handler.run(Server.java:3048) [hadoop-common-3.3.6.jar:?]
]]></system-out>
  </testcase>
  <testcase name="testRenameDirToItsOwnSubDir" classname="TestOzoneFileSystem" time="0.043">
    <system-out><![CDATA[2023-09-07 04:48:33,501 [Time-limited test] INFO  ozone.TestOzoneFileSystem (TestOzoneFileSystem.java:testRenameDirToItsOwnSubDir(1176)) - Created dir1 o3fs://bucket39570.volume25901/root/dir1/sub_dir1
2023-09-07 04:48:33,501 [Time-limited test] INFO  ozone.TestOzoneFileSystem (TestOzoneFileSystem.java:testRenameDirToItsOwnSubDir(1179)) - Rename op-> source:o3fs://bucket39570.volume25901/root to destin:o3fs://bucket39570.volume25901/root/dir1/sub_dir1
]]></system-out>
  </testcase>
  <testcase name="testRenameDirToItsOwnSubDir" classname="TestOzoneFileSystem" time="0.016">
    <system-out><![CDATA[2023-09-07 04:50:27,012 [Time-limited test] INFO  ozone.TestOzoneFileSystem (TestOzoneFileSystem.java:testRenameDirToItsOwnSubDir(1176)) - Created dir1 o3fs://bucket46966.volume43692/root/dir1/sub_dir1
2023-09-07 04:50:27,012 [Time-limited test] INFO  ozone.TestOzoneFileSystem (TestOzoneFileSystem.java:testRenameDirToItsOwnSubDir(1179)) - Rename op-> source:o3fs://bucket46966.volume43692/root to destin:o3fs://bucket46966.volume43692/root/dir1/sub_dir1
]]></system-out>
  </testcase>
  <testcase name="testRenameDirToItsOwnSubDir" classname="TestOzoneFileSystem" time="0.02">
    <system-out><![CDATA[2023-09-07 04:51:54,009 [Time-limited test] INFO  ozone.TestOzoneFileSystem (TestOzoneFileSystem.java:testRenameDirToItsOwnSubDir(1176)) - Created dir1 o3fs://bucket72820.volume87246/root/dir1/sub_dir1
2023-09-07 04:51:54,014 [Time-limited test] INFO  ozone.TestOzoneFileSystem (TestOzoneFileSystem.java:testRenameDirToItsOwnSubDir(1179)) - Rename op-> source:o3fs://bucket72820.volume87246/root to destin:o3fs://bucket72820.volume87246/root/dir1/sub_dir1
]]></system-out>
  </testcase>
  <testcase name="testRenameDirToItsOwnSubDir" classname="TestOzoneFileSystem" time="0.011">
    <system-out><![CDATA[2023-09-07 04:53:31,959 [Time-limited test] INFO  ozone.TestOzoneFileSystem (TestOzoneFileSystem.java:testRenameDirToItsOwnSubDir(1176)) - Created dir1 o3fs://bucket53154.volume69932/root/dir1/sub_dir1
2023-09-07 04:53:31,959 [Time-limited test] INFO  ozone.TestOzoneFileSystem (TestOzoneFileSystem.java:testRenameDirToItsOwnSubDir(1179)) - Rename op-> source:o3fs://bucket53154.volume69932/root to destin:o3fs://bucket53154.volume69932/root/dir1/sub_dir1
2023-09-07 04:53:31,962 [00eba518-ec47-4b38-9f64-79409ef1ea16@group-72CE4DAE669C-FollowerState] INFO  impl.FollowerState (FollowerState.java:run(143)) - 00eba518-ec47-4b38-9f64-79409ef1ea16@group-72CE4DAE669C-FollowerState: change to CANDIDATE, lastRpcElapsedTime:5054671757ns, electionTimeout:5053ms
2023-09-07 04:53:31,962 [00eba518-ec47-4b38-9f64-79409ef1ea16@group-72CE4DAE669C-FollowerState] INFO  impl.RoleInfo (RoleInfo.java:shutdownFollowerState(110)) - 00eba518-ec47-4b38-9f64-79409ef1ea16: shutdown 00eba518-ec47-4b38-9f64-79409ef1ea16@group-72CE4DAE669C-FollowerState
2023-09-07 04:53:31,962 [00eba518-ec47-4b38-9f64-79409ef1ea16@group-72CE4DAE669C-FollowerState] INFO  server.RaftServer$Division (RaftServerImpl.java:setRole(329)) - 00eba518-ec47-4b38-9f64-79409ef1ea16@group-72CE4DAE669C: changes role from  FOLLOWER to CANDIDATE at term 0 for changeToCandidate
2023-09-07 04:53:31,962 [00eba518-ec47-4b38-9f64-79409ef1ea16@group-72CE4DAE669C-FollowerState] INFO  server.RaftServerConfigKeys (ConfUtils.java:logGet(46)) - raft.server.leaderelection.pre-vote = true (default)
2023-09-07 04:53:31,962 [00eba518-ec47-4b38-9f64-79409ef1ea16@group-72CE4DAE669C-FollowerState] INFO  impl.RoleInfo (RoleInfo.java:updateAndGet(139)) - 00eba518-ec47-4b38-9f64-79409ef1ea16: start 00eba518-ec47-4b38-9f64-79409ef1ea16@group-72CE4DAE669C-LeaderElection35
]]></system-out>
  </testcase>
  <testcase name="testGetDirectoryModificationTime" classname="TestOzoneFileSystem" time="0.204"/>
  <testcase name="testGetDirectoryModificationTime" classname="TestOzoneFileSystem" time="0.142">
    <system-out><![CDATA[2023-09-07 04:50:27,032 [749eea05-78f7-4cc7-a6e4-2ed9a747c6c9@group-7FD7EECF8BDF-FollowerState] INFO  impl.FollowerState (FollowerState.java:run(143)) - 749eea05-78f7-4cc7-a6e4-2ed9a747c6c9@group-7FD7EECF8BDF-FollowerState: change to CANDIDATE, lastRpcElapsedTime:5055739352ns, electionTimeout:5053ms
2023-09-07 04:50:27,032 [749eea05-78f7-4cc7-a6e4-2ed9a747c6c9@group-7FD7EECF8BDF-FollowerState] INFO  impl.RoleInfo (RoleInfo.java:shutdownFollowerState(110)) - 749eea05-78f7-4cc7-a6e4-2ed9a747c6c9: shutdown 749eea05-78f7-4cc7-a6e4-2ed9a747c6c9@group-7FD7EECF8BDF-FollowerState
2023-09-07 04:50:27,032 [749eea05-78f7-4cc7-a6e4-2ed9a747c6c9@group-7FD7EECF8BDF-FollowerState] INFO  server.RaftServer$Division (RaftServerImpl.java:setRole(329)) - 749eea05-78f7-4cc7-a6e4-2ed9a747c6c9@group-7FD7EECF8BDF: changes role from  FOLLOWER to CANDIDATE at term 0 for changeToCandidate
2023-09-07 04:50:27,032 [749eea05-78f7-4cc7-a6e4-2ed9a747c6c9@group-7FD7EECF8BDF-FollowerState] INFO  server.RaftServerConfigKeys (ConfUtils.java:logGet(46)) - raft.server.leaderelection.pre-vote = true (default)
2023-09-07 04:50:27,032 [749eea05-78f7-4cc7-a6e4-2ed9a747c6c9@group-7FD7EECF8BDF-FollowerState] INFO  impl.RoleInfo (RoleInfo.java:updateAndGet(139)) - 749eea05-78f7-4cc7-a6e4-2ed9a747c6c9: start 749eea05-78f7-4cc7-a6e4-2ed9a747c6c9@group-7FD7EECF8BDF-LeaderElection19
2023-09-07 04:50:27,040 [749eea05-78f7-4cc7-a6e4-2ed9a747c6c9@group-7FD7EECF8BDF-LeaderElection19] INFO  impl.LeaderElection (LeaderElection.java:askForVotes(321)) - 749eea05-78f7-4cc7-a6e4-2ed9a747c6c9@group-7FD7EECF8BDF-LeaderElection19 PRE_VOTE round 0: submit vote requests at term 0 for -1: peers:[749eea05-78f7-4cc7-a6e4-2ed9a747c6c9|rpc:10.1.0.9:15103|admin:10.1.0.9:15102|client:10.1.0.9:15101|dataStream:10.1.0.9:15104|priority:1|startupRole:FOLLOWER]|listeners:[], old=null
2023-09-07 04:50:27,040 [749eea05-78f7-4cc7-a6e4-2ed9a747c6c9@group-7FD7EECF8BDF-LeaderElection19] INFO  impl.LeaderElection (LeaderElection.java:askForVotes(323)) - 749eea05-78f7-4cc7-a6e4-2ed9a747c6c9@group-7FD7EECF8BDF-LeaderElection19 PRE_VOTE round 0: result PASSED (term=0)
2023-09-07 04:50:27,043 [749eea05-78f7-4cc7-a6e4-2ed9a747c6c9@group-7FD7EECF8BDF-LeaderElection19] INFO  impl.LeaderElection (LeaderElection.java:askForVotes(321)) - 749eea05-78f7-4cc7-a6e4-2ed9a747c6c9@group-7FD7EECF8BDF-LeaderElection19 ELECTION round 0: submit vote requests at term 1 for -1: peers:[749eea05-78f7-4cc7-a6e4-2ed9a747c6c9|rpc:10.1.0.9:15103|admin:10.1.0.9:15102|client:10.1.0.9:15101|dataStream:10.1.0.9:15104|priority:1|startupRole:FOLLOWER]|listeners:[], old=null
2023-09-07 04:50:27,043 [749eea05-78f7-4cc7-a6e4-2ed9a747c6c9@group-7FD7EECF8BDF-LeaderElection19] INFO  impl.LeaderElection (LeaderElection.java:askForVotes(323)) - 749eea05-78f7-4cc7-a6e4-2ed9a747c6c9@group-7FD7EECF8BDF-LeaderElection19 ELECTION round 0: result PASSED (term=1)
2023-09-07 04:50:27,043 [749eea05-78f7-4cc7-a6e4-2ed9a747c6c9@group-7FD7EECF8BDF-LeaderElection19] INFO  impl.RoleInfo (RoleInfo.java:shutdownLeaderElection(130)) - 749eea05-78f7-4cc7-a6e4-2ed9a747c6c9: shutdown 749eea05-78f7-4cc7-a6e4-2ed9a747c6c9@group-7FD7EECF8BDF-LeaderElection19
2023-09-07 04:50:27,043 [749eea05-78f7-4cc7-a6e4-2ed9a747c6c9@group-7FD7EECF8BDF-LeaderElection19] INFO  server.RaftServer$Division (RaftServerImpl.java:setRole(329)) - 749eea05-78f7-4cc7-a6e4-2ed9a747c6c9@group-7FD7EECF8BDF: changes role from CANDIDATE to LEADER at term 1 for changeToLeader
2023-09-07 04:50:27,043 [749eea05-78f7-4cc7-a6e4-2ed9a747c6c9@group-7FD7EECF8BDF-LeaderElection19] INFO  ratis.XceiverServerRatis (XceiverServerRatis.java:handleLeaderChangedNotification(902)) - Leader change notification received for group: group-7FD7EECF8BDF with new leaderId: 749eea05-78f7-4cc7-a6e4-2ed9a747c6c9
2023-09-07 04:50:27,044 [749eea05-78f7-4cc7-a6e4-2ed9a747c6c9@group-7FD7EECF8BDF-LeaderElection19] INFO  server.RaftServer$Division (ServerState.java:setLeader(317)) - 749eea05-78f7-4cc7-a6e4-2ed9a747c6c9@group-7FD7EECF8BDF: change Leader from null to 749eea05-78f7-4cc7-a6e4-2ed9a747c6c9 at term 1 for becomeLeader, leader elected after 5090ms
2023-09-07 04:50:27,044 [749eea05-78f7-4cc7-a6e4-2ed9a747c6c9@group-7FD7EECF8BDF-LeaderElection19] INFO  server.RaftServerConfigKeys (ConfUtils.java:logGet(46)) - raft.server.staging.catchup.gap = 1000 (default)
2023-09-07 04:50:27,044 [749eea05-78f7-4cc7-a6e4-2ed9a747c6c9@group-7FD7EECF8BDF-LeaderElection19] INFO  server.RaftServerConfigKeys (ConfUtils.java:logGet(46)) - raft.server.write.element-limit = 1024 (custom)
2023-09-07 04:50:27,044 [749eea05-78f7-4cc7-a6e4-2ed9a747c6c9@group-7FD7EECF8BDF-LeaderElection19] INFO  server.RaftServerConfigKeys (ConfUtils.java:logGet(46)) - raft.server.write.byte-limit = 1024 M (=1073741824) (custom)
2023-09-07 04:50:27,044 [749eea05-78f7-4cc7-a6e4-2ed9a747c6c9@group-7FD7EECF8BDF-LeaderElection19] INFO  server.RaftServerConfigKeys (ConfUtils.java:logGet(46)) - raft.server.watch.timeout = 180s (custom)
2023-09-07 04:50:27,045 [749eea05-78f7-4cc7-a6e4-2ed9a747c6c9@group-7FD7EECF8BDF-LeaderElection19] INFO  server.RaftServerConfigKeys (ConfUtils.java:logGet(46)) - raft.server.watch.timeout.denomination = 1s (default)
2023-09-07 04:50:27,045 [749eea05-78f7-4cc7-a6e4-2ed9a747c6c9@group-7FD7EECF8BDF-LeaderElection19] INFO  server.RaftServerConfigKeys (ConfUtils.java:logGet(46)) - raft.server.watch.element-limit = 65536 (default)
2023-09-07 04:50:27,045 [749eea05-78f7-4cc7-a6e4-2ed9a747c6c9@group-7FD7EECF8BDF-LeaderElection19] INFO  server.RaftServerConfigKeys (ConfUtils.java:logGet(46)) - raft.server.write.element-limit = 1024 (custom)
2023-09-07 04:50:27,045 [749eea05-78f7-4cc7-a6e4-2ed9a747c6c9@group-7FD7EECF8BDF-LeaderElection19] INFO  server.RaftServerConfigKeys (ConfUtils.java:logGet(46)) - raft.server.write.follower.gap.ratio.max = -1.0 (default)
2023-09-07 04:50:27,045 [749eea05-78f7-4cc7-a6e4-2ed9a747c6c9@group-7FD7EECF8BDF-LeaderElection19] INFO  impl.RoleInfo (RoleInfo.java:updateAndGet(139)) - 749eea05-78f7-4cc7-a6e4-2ed9a747c6c9: start 749eea05-78f7-4cc7-a6e4-2ed9a747c6c9@group-7FD7EECF8BDF-LeaderStateImpl
2023-09-07 04:50:27,046 [749eea05-78f7-4cc7-a6e4-2ed9a747c6c9@group-7FD7EECF8BDF-LeaderElection19] INFO  segmented.SegmentedRaftLogWorker (SegmentedRaftLogWorker.java:startLogSegment(447)) - 749eea05-78f7-4cc7-a6e4-2ed9a747c6c9@group-7FD7EECF8BDF-SegmentedRaftLogWorker: Starting segment from index:0
2023-09-07 04:50:27,047 [749eea05-78f7-4cc7-a6e4-2ed9a747c6c9@group-7FD7EECF8BDF-SegmentedRaftLogWorker] INFO  segmented.SegmentedRaftLogWorker (SegmentedRaftLogWorker.java:execute(651)) - 749eea05-78f7-4cc7-a6e4-2ed9a747c6c9@group-7FD7EECF8BDF-SegmentedRaftLogWorker: created new log segment /home/runner/work/ozone/ozone/hadoop-ozone/integration-test/target/test-dir/MiniOzoneClusterImpl-d344a044-c2aa-46c6-8971-a5e8f3f75c9e/datanode-4/data/ratis/ac797abc-1a6e-4177-b30d-7fd7eecf8bdf/current/log_inprogress_0
2023-09-07 04:50:27,049 [749eea05-78f7-4cc7-a6e4-2ed9a747c6c9@group-7FD7EECF8BDF-LeaderElection19] INFO  server.RaftServer$Division (ServerState.java:setRaftConf(434)) - 749eea05-78f7-4cc7-a6e4-2ed9a747c6c9@group-7FD7EECF8BDF: set configuration 0: peers:[749eea05-78f7-4cc7-a6e4-2ed9a747c6c9|rpc:10.1.0.9:15103|admin:10.1.0.9:15102|client:10.1.0.9:15101|dataStream:10.1.0.9:15104|priority:1|startupRole:FOLLOWER]|listeners:[], old=null
]]></system-out>
  </testcase>
  <testcase name="testGetDirectoryModificationTime" classname="TestOzoneFileSystem" time="0.157">
    <system-out><![CDATA[2023-09-07 04:51:54,150 [cbeb8a2c-f8e2-4c14-b4f8-5d428d71e083@group-3068A7155903-FollowerState] INFO  impl.FollowerState (FollowerState.java:run(143)) - cbeb8a2c-f8e2-4c14-b4f8-5d428d71e083@group-3068A7155903-FollowerState: change to CANDIDATE, lastRpcElapsedTime:5198104268ns, electionTimeout:5195ms
2023-09-07 04:51:54,151 [cbeb8a2c-f8e2-4c14-b4f8-5d428d71e083@group-3068A7155903-FollowerState] INFO  impl.RoleInfo (RoleInfo.java:shutdownFollowerState(110)) - cbeb8a2c-f8e2-4c14-b4f8-5d428d71e083: shutdown cbeb8a2c-f8e2-4c14-b4f8-5d428d71e083@group-3068A7155903-FollowerState
2023-09-07 04:51:54,151 [cbeb8a2c-f8e2-4c14-b4f8-5d428d71e083@group-3068A7155903-FollowerState] INFO  server.RaftServer$Division (RaftServerImpl.java:setRole(329)) - cbeb8a2c-f8e2-4c14-b4f8-5d428d71e083@group-3068A7155903: changes role from  FOLLOWER to CANDIDATE at term 0 for changeToCandidate
2023-09-07 04:51:54,151 [cbeb8a2c-f8e2-4c14-b4f8-5d428d71e083@group-3068A7155903-FollowerState] INFO  server.RaftServerConfigKeys (ConfUtils.java:logGet(46)) - raft.server.leaderelection.pre-vote = true (default)
2023-09-07 04:51:54,152 [cbeb8a2c-f8e2-4c14-b4f8-5d428d71e083@group-3068A7155903-FollowerState] INFO  impl.RoleInfo (RoleInfo.java:updateAndGet(139)) - cbeb8a2c-f8e2-4c14-b4f8-5d428d71e083: start cbeb8a2c-f8e2-4c14-b4f8-5d428d71e083@group-3068A7155903-LeaderElection27
2023-09-07 04:51:54,163 [cbeb8a2c-f8e2-4c14-b4f8-5d428d71e083@group-3068A7155903-LeaderElection27] INFO  impl.LeaderElection (LeaderElection.java:askForVotes(321)) - cbeb8a2c-f8e2-4c14-b4f8-5d428d71e083@group-3068A7155903-LeaderElection27 PRE_VOTE round 0: submit vote requests at term 0 for -1: peers:[cbeb8a2c-f8e2-4c14-b4f8-5d428d71e083|rpc:10.1.0.9:15147|admin:10.1.0.9:15146|client:10.1.0.9:15145|dataStream:10.1.0.9:15148|priority:1|startupRole:FOLLOWER]|listeners:[], old=null
2023-09-07 04:51:54,163 [cbeb8a2c-f8e2-4c14-b4f8-5d428d71e083@group-3068A7155903-LeaderElection27] INFO  impl.LeaderElection (LeaderElection.java:askForVotes(323)) - cbeb8a2c-f8e2-4c14-b4f8-5d428d71e083@group-3068A7155903-LeaderElection27 PRE_VOTE round 0: result PASSED (term=0)
2023-09-07 04:51:54,164 [cbeb8a2c-f8e2-4c14-b4f8-5d428d71e083@group-3068A7155903-LeaderElection27] INFO  impl.LeaderElection (LeaderElection.java:askForVotes(321)) - cbeb8a2c-f8e2-4c14-b4f8-5d428d71e083@group-3068A7155903-LeaderElection27 ELECTION round 0: submit vote requests at term 1 for -1: peers:[cbeb8a2c-f8e2-4c14-b4f8-5d428d71e083|rpc:10.1.0.9:15147|admin:10.1.0.9:15146|client:10.1.0.9:15145|dataStream:10.1.0.9:15148|priority:1|startupRole:FOLLOWER]|listeners:[], old=null
2023-09-07 04:51:54,165 [cbeb8a2c-f8e2-4c14-b4f8-5d428d71e083@group-3068A7155903-LeaderElection27] INFO  impl.LeaderElection (LeaderElection.java:askForVotes(323)) - cbeb8a2c-f8e2-4c14-b4f8-5d428d71e083@group-3068A7155903-LeaderElection27 ELECTION round 0: result PASSED (term=1)
2023-09-07 04:51:54,165 [cbeb8a2c-f8e2-4c14-b4f8-5d428d71e083@group-3068A7155903-LeaderElection27] INFO  impl.RoleInfo (RoleInfo.java:shutdownLeaderElection(130)) - cbeb8a2c-f8e2-4c14-b4f8-5d428d71e083: shutdown cbeb8a2c-f8e2-4c14-b4f8-5d428d71e083@group-3068A7155903-LeaderElection27
2023-09-07 04:51:54,165 [cbeb8a2c-f8e2-4c14-b4f8-5d428d71e083@group-3068A7155903-LeaderElection27] INFO  server.RaftServer$Division (RaftServerImpl.java:setRole(329)) - cbeb8a2c-f8e2-4c14-b4f8-5d428d71e083@group-3068A7155903: changes role from CANDIDATE to LEADER at term 1 for changeToLeader
2023-09-07 04:51:54,165 [cbeb8a2c-f8e2-4c14-b4f8-5d428d71e083@group-3068A7155903-LeaderElection27] INFO  ratis.XceiverServerRatis (XceiverServerRatis.java:handleLeaderChangedNotification(902)) - Leader change notification received for group: group-3068A7155903 with new leaderId: cbeb8a2c-f8e2-4c14-b4f8-5d428d71e083
2023-09-07 04:51:54,165 [cbeb8a2c-f8e2-4c14-b4f8-5d428d71e083@group-3068A7155903-LeaderElection27] INFO  server.RaftServer$Division (ServerState.java:setLeader(317)) - cbeb8a2c-f8e2-4c14-b4f8-5d428d71e083@group-3068A7155903: change Leader from null to cbeb8a2c-f8e2-4c14-b4f8-5d428d71e083 at term 1 for becomeLeader, leader elected after 5246ms
2023-09-07 04:51:54,165 [cbeb8a2c-f8e2-4c14-b4f8-5d428d71e083@group-3068A7155903-LeaderElection27] INFO  server.RaftServerConfigKeys (ConfUtils.java:logGet(46)) - raft.server.staging.catchup.gap = 1000 (default)
2023-09-07 04:51:54,165 [cbeb8a2c-f8e2-4c14-b4f8-5d428d71e083@group-3068A7155903-LeaderElection27] INFO  server.RaftServerConfigKeys (ConfUtils.java:logGet(46)) - raft.server.write.element-limit = 1024 (custom)
2023-09-07 04:51:54,165 [cbeb8a2c-f8e2-4c14-b4f8-5d428d71e083@group-3068A7155903-LeaderElection27] INFO  server.RaftServerConfigKeys (ConfUtils.java:logGet(46)) - raft.server.write.byte-limit = 1024 M (=1073741824) (custom)
2023-09-07 04:51:54,166 [cbeb8a2c-f8e2-4c14-b4f8-5d428d71e083@group-3068A7155903-LeaderElection27] INFO  server.RaftServerConfigKeys (ConfUtils.java:logGet(46)) - raft.server.watch.timeout = 180s (custom)
2023-09-07 04:51:54,166 [cbeb8a2c-f8e2-4c14-b4f8-5d428d71e083@group-3068A7155903-LeaderElection27] INFO  server.RaftServerConfigKeys (ConfUtils.java:logGet(46)) - raft.server.watch.timeout.denomination = 1s (default)
2023-09-07 04:51:54,166 [cbeb8a2c-f8e2-4c14-b4f8-5d428d71e083@group-3068A7155903-LeaderElection27] INFO  server.RaftServerConfigKeys (ConfUtils.java:logGet(46)) - raft.server.watch.element-limit = 65536 (default)
2023-09-07 04:51:54,166 [cbeb8a2c-f8e2-4c14-b4f8-5d428d71e083@group-3068A7155903-LeaderElection27] INFO  server.RaftServerConfigKeys (ConfUtils.java:logGet(46)) - raft.server.write.element-limit = 1024 (custom)
2023-09-07 04:51:54,166 [cbeb8a2c-f8e2-4c14-b4f8-5d428d71e083@group-3068A7155903-LeaderElection27] INFO  server.RaftServerConfigKeys (ConfUtils.java:logGet(46)) - raft.server.write.follower.gap.ratio.max = -1.0 (default)
2023-09-07 04:51:54,166 [cbeb8a2c-f8e2-4c14-b4f8-5d428d71e083@group-3068A7155903-LeaderElection27] INFO  impl.RoleInfo (RoleInfo.java:updateAndGet(139)) - cbeb8a2c-f8e2-4c14-b4f8-5d428d71e083: start cbeb8a2c-f8e2-4c14-b4f8-5d428d71e083@group-3068A7155903-LeaderStateImpl
2023-09-07 04:51:54,166 [cbeb8a2c-f8e2-4c14-b4f8-5d428d71e083@group-3068A7155903-LeaderElection27] INFO  segmented.SegmentedRaftLogWorker (SegmentedRaftLogWorker.java:startLogSegment(447)) - cbeb8a2c-f8e2-4c14-b4f8-5d428d71e083@group-3068A7155903-SegmentedRaftLogWorker: Starting segment from index:0
2023-09-07 04:51:54,174 [cbeb8a2c-f8e2-4c14-b4f8-5d428d71e083@group-3068A7155903-SegmentedRaftLogWorker] INFO  segmented.SegmentedRaftLogWorker (SegmentedRaftLogWorker.java:execute(651)) - cbeb8a2c-f8e2-4c14-b4f8-5d428d71e083@group-3068A7155903-SegmentedRaftLogWorker: created new log segment /home/runner/work/ozone/ozone/hadoop-ozone/integration-test/target/test-dir/MiniOzoneClusterImpl-a35962c9-a2fc-4df3-96cb-042236c47d51/datanode-3/data/ratis/bfd3daf2-30c5-4443-9763-3068a7155903/current/log_inprogress_0
2023-09-07 04:51:54,174 [cbeb8a2c-f8e2-4c14-b4f8-5d428d71e083@group-3068A7155903-LeaderElection27] INFO  server.RaftServer$Division (ServerState.java:setRaftConf(434)) - cbeb8a2c-f8e2-4c14-b4f8-5d428d71e083@group-3068A7155903: set configuration 0: peers:[cbeb8a2c-f8e2-4c14-b4f8-5d428d71e083|rpc:10.1.0.9:15147|admin:10.1.0.9:15146|client:10.1.0.9:15145|dataStream:10.1.0.9:15148|priority:1|startupRole:FOLLOWER]|listeners:[], old=null
]]></system-out>
  </testcase>
  <testcase name="testGetDirectoryModificationTime" classname="TestOzoneFileSystem" time="0.149">
    <system-out><![CDATA[2023-09-07 04:53:31,976 [00eba518-ec47-4b38-9f64-79409ef1ea16@group-72CE4DAE669C-LeaderElection35] INFO  impl.LeaderElection (LeaderElection.java:askForVotes(321)) - 00eba518-ec47-4b38-9f64-79409ef1ea16@group-72CE4DAE669C-LeaderElection35 PRE_VOTE round 0: submit vote requests at term 0 for -1: peers:[00eba518-ec47-4b38-9f64-79409ef1ea16|rpc:10.1.0.9:15200|admin:10.1.0.9:15199|client:10.1.0.9:15198|dataStream:10.1.0.9:15201|priority:1|startupRole:FOLLOWER]|listeners:[], old=null
2023-09-07 04:53:31,977 [00eba518-ec47-4b38-9f64-79409ef1ea16@group-72CE4DAE669C-LeaderElection35] INFO  impl.LeaderElection (LeaderElection.java:askForVotes(323)) - 00eba518-ec47-4b38-9f64-79409ef1ea16@group-72CE4DAE669C-LeaderElection35 PRE_VOTE round 0: result PASSED (term=0)
2023-09-07 04:53:31,979 [00eba518-ec47-4b38-9f64-79409ef1ea16@group-72CE4DAE669C-LeaderElection35] INFO  impl.LeaderElection (LeaderElection.java:askForVotes(321)) - 00eba518-ec47-4b38-9f64-79409ef1ea16@group-72CE4DAE669C-LeaderElection35 ELECTION round 0: submit vote requests at term 1 for -1: peers:[00eba518-ec47-4b38-9f64-79409ef1ea16|rpc:10.1.0.9:15200|admin:10.1.0.9:15199|client:10.1.0.9:15198|dataStream:10.1.0.9:15201|priority:1|startupRole:FOLLOWER]|listeners:[], old=null
2023-09-07 04:53:31,979 [00eba518-ec47-4b38-9f64-79409ef1ea16@group-72CE4DAE669C-LeaderElection35] INFO  impl.LeaderElection (LeaderElection.java:askForVotes(323)) - 00eba518-ec47-4b38-9f64-79409ef1ea16@group-72CE4DAE669C-LeaderElection35 ELECTION round 0: result PASSED (term=1)
2023-09-07 04:53:31,979 [00eba518-ec47-4b38-9f64-79409ef1ea16@group-72CE4DAE669C-LeaderElection35] INFO  impl.RoleInfo (RoleInfo.java:shutdownLeaderElection(130)) - 00eba518-ec47-4b38-9f64-79409ef1ea16: shutdown 00eba518-ec47-4b38-9f64-79409ef1ea16@group-72CE4DAE669C-LeaderElection35
2023-09-07 04:53:31,980 [00eba518-ec47-4b38-9f64-79409ef1ea16@group-72CE4DAE669C-LeaderElection35] INFO  server.RaftServer$Division (RaftServerImpl.java:setRole(329)) - 00eba518-ec47-4b38-9f64-79409ef1ea16@group-72CE4DAE669C: changes role from CANDIDATE to LEADER at term 1 for changeToLeader
2023-09-07 04:53:31,980 [00eba518-ec47-4b38-9f64-79409ef1ea16@group-72CE4DAE669C-LeaderElection35] INFO  ratis.XceiverServerRatis (XceiverServerRatis.java:handleLeaderChangedNotification(902)) - Leader change notification received for group: group-72CE4DAE669C with new leaderId: 00eba518-ec47-4b38-9f64-79409ef1ea16
2023-09-07 04:53:31,982 [00eba518-ec47-4b38-9f64-79409ef1ea16@group-72CE4DAE669C-LeaderElection35] INFO  server.RaftServer$Division (ServerState.java:setLeader(317)) - 00eba518-ec47-4b38-9f64-79409ef1ea16@group-72CE4DAE669C: change Leader from null to 00eba518-ec47-4b38-9f64-79409ef1ea16 at term 1 for becomeLeader, leader elected after 5090ms
2023-09-07 04:53:31,982 [00eba518-ec47-4b38-9f64-79409ef1ea16@group-72CE4DAE669C-LeaderElection35] INFO  server.RaftServerConfigKeys (ConfUtils.java:logGet(46)) - raft.server.staging.catchup.gap = 1000 (default)
2023-09-07 04:53:31,983 [00eba518-ec47-4b38-9f64-79409ef1ea16@group-72CE4DAE669C-LeaderElection35] INFO  server.RaftServerConfigKeys (ConfUtils.java:logGet(46)) - raft.server.write.element-limit = 1024 (custom)
2023-09-07 04:53:31,983 [00eba518-ec47-4b38-9f64-79409ef1ea16@group-72CE4DAE669C-LeaderElection35] INFO  server.RaftServerConfigKeys (ConfUtils.java:logGet(46)) - raft.server.write.byte-limit = 1024 M (=1073741824) (custom)
2023-09-07 04:53:31,983 [00eba518-ec47-4b38-9f64-79409ef1ea16@group-72CE4DAE669C-LeaderElection35] INFO  server.RaftServerConfigKeys (ConfUtils.java:logGet(46)) - raft.server.watch.timeout = 180s (custom)
2023-09-07 04:53:31,983 [00eba518-ec47-4b38-9f64-79409ef1ea16@group-72CE4DAE669C-LeaderElection35] INFO  server.RaftServerConfigKeys (ConfUtils.java:logGet(46)) - raft.server.watch.timeout.denomination = 1s (default)
2023-09-07 04:53:31,983 [00eba518-ec47-4b38-9f64-79409ef1ea16@group-72CE4DAE669C-LeaderElection35] INFO  server.RaftServerConfigKeys (ConfUtils.java:logGet(46)) - raft.server.watch.element-limit = 65536 (default)
2023-09-07 04:53:31,983 [00eba518-ec47-4b38-9f64-79409ef1ea16@group-72CE4DAE669C-LeaderElection35] INFO  server.RaftServerConfigKeys (ConfUtils.java:logGet(46)) - raft.server.write.element-limit = 1024 (custom)
2023-09-07 04:53:31,983 [00eba518-ec47-4b38-9f64-79409ef1ea16@group-72CE4DAE669C-LeaderElection35] INFO  server.RaftServerConfigKeys (ConfUtils.java:logGet(46)) - raft.server.write.follower.gap.ratio.max = -1.0 (default)
2023-09-07 04:53:31,983 [00eba518-ec47-4b38-9f64-79409ef1ea16@group-72CE4DAE669C-LeaderElection35] INFO  impl.RoleInfo (RoleInfo.java:updateAndGet(139)) - 00eba518-ec47-4b38-9f64-79409ef1ea16: start 00eba518-ec47-4b38-9f64-79409ef1ea16@group-72CE4DAE669C-LeaderStateImpl
2023-09-07 04:53:31,984 [00eba518-ec47-4b38-9f64-79409ef1ea16@group-72CE4DAE669C-LeaderElection35] INFO  segmented.SegmentedRaftLogWorker (SegmentedRaftLogWorker.java:startLogSegment(447)) - 00eba518-ec47-4b38-9f64-79409ef1ea16@group-72CE4DAE669C-SegmentedRaftLogWorker: Starting segment from index:0
2023-09-07 04:53:31,988 [00eba518-ec47-4b38-9f64-79409ef1ea16@group-72CE4DAE669C-LeaderElection35] INFO  server.RaftServer$Division (ServerState.java:setRaftConf(434)) - 00eba518-ec47-4b38-9f64-79409ef1ea16@group-72CE4DAE669C: set configuration 0: peers:[00eba518-ec47-4b38-9f64-79409ef1ea16|rpc:10.1.0.9:15200|admin:10.1.0.9:15199|client:10.1.0.9:15198|dataStream:10.1.0.9:15201|priority:1|startupRole:FOLLOWER]|listeners:[], old=null
2023-09-07 04:53:31,989 [00eba518-ec47-4b38-9f64-79409ef1ea16@group-72CE4DAE669C-SegmentedRaftLogWorker] INFO  segmented.SegmentedRaftLogWorker (SegmentedRaftLogWorker.java:execute(651)) - 00eba518-ec47-4b38-9f64-79409ef1ea16@group-72CE4DAE669C-SegmentedRaftLogWorker: created new log segment /home/runner/work/ozone/ozone/hadoop-ozone/integration-test/target/test-dir/MiniOzoneClusterImpl-91ddfec9-c3c1-434b-8c78-5e40d1aa2819/datanode-3/data/ratis/ea7b3ef3-4a39-4fcc-a4f6-72ce4dae669c/current/log_inprogress_0
]]></system-out>
  </testcase>
  <testcase name="testOzoneFsServiceLoader" classname="TestOzoneFileSystem" time="0.011"/>
  <testcase name="testOzoneFsServiceLoader" classname="TestOzoneFileSystem" time="0.003"/>
  <testcase name="testOzoneFsServiceLoader" classname="TestOzoneFileSystem" time="0.004"/>
  <testcase name="testOzoneFsServiceLoader" classname="TestOzoneFileSystem" time="0.002"/>
  <testcase name="testTrash" classname="TestOzoneFileSystem" time="3.861">
    <system-out><![CDATA[04:48:33.774 [IPC Server handler 6 on default port 15004] ERROR OMAudit - user=runner | ip=127.0.0.1 | op=GET_FILE_STATUS {volume=volume25901, bucket=bucket39570, key=.Trash/runner, dataSize=0, replicationConfig=null} | ret=FAILURE
org.apache.hadoop.ozone.om.exceptions.OMException: Unable to get file status: volume: volume25901 bucket: bucket39570 key: .Trash/runner
	at org.apache.hadoop.ozone.om.KeyManagerImpl.getOzoneFileStatus(KeyManagerImpl.java:1195) ~[ozone-manager-1.4.0-SNAPSHOT.jar:?]
	at org.apache.hadoop.ozone.om.KeyManagerImpl.getFileStatus(KeyManagerImpl.java:1113) ~[ozone-manager-1.4.0-SNAPSHOT.jar:?]
	at org.apache.hadoop.ozone.om.OmMetadataReader.getFileStatus(OmMetadataReader.java:262) ~[ozone-manager-1.4.0-SNAPSHOT.jar:?]
	at org.apache.hadoop.ozone.om.OzoneManager.getFileStatus(OzoneManager.java:3530) ~[ozone-manager-1.4.0-SNAPSHOT.jar:?]
	at org.apache.hadoop.ozone.protocolPB.OzoneManagerRequestHandler.getOzoneFileStatus(OzoneManagerRequestHandler.java:971) ~[ozone-manager-1.4.0-SNAPSHOT.jar:?]
	at org.apache.hadoop.ozone.protocolPB.OzoneManagerRequestHandler.handleReadRequest(OzoneManagerRequestHandler.java:250) ~[ozone-manager-1.4.0-SNAPSHOT.jar:?]
	at org.apache.hadoop.ozone.protocolPB.OzoneManagerProtocolServerSideTranslatorPB.submitReadRequestToOM(OzoneManagerProtocolServerSideTranslatorPB.java:225) ~[ozone-manager-1.4.0-SNAPSHOT.jar:?]
	at org.apache.hadoop.ozone.protocolPB.OzoneManagerProtocolServerSideTranslatorPB.processRequest(OzoneManagerProtocolServerSideTranslatorPB.java:179) ~[ozone-manager-1.4.0-SNAPSHOT.jar:?]
	at org.apache.hadoop.hdds.server.OzoneProtocolMessageDispatcher.processRequest(OzoneProtocolMessageDispatcher.java:87) [hdds-server-framework-1.4.0-SNAPSHOT.jar:?]
	at org.apache.hadoop.ozone.protocolPB.OzoneManagerProtocolServerSideTranslatorPB.submitRequest(OzoneManagerProtocolServerSideTranslatorPB.java:148) [ozone-manager-1.4.0-SNAPSHOT.jar:?]
	at org.apache.hadoop.ozone.protocol.proto.OzoneManagerProtocolProtos$OzoneManagerService$2.callBlockingMethod(OzoneManagerProtocolProtos.java) [ozone-interface-client-1.4.0-SNAPSHOT.jar:?]
	at org.apache.hadoop.ipc.ProtobufRpcEngine$Server.processCall(ProtobufRpcEngine.java:484) [hadoop-common-3.3.6.jar:?]
	at org.apache.hadoop.ipc.ProtobufRpcEngine2$Server$ProtoBufRpcInvoker.call(ProtobufRpcEngine2.java:595) [hadoop-common-3.3.6.jar:?]
	at org.apache.hadoop.ipc.ProtobufRpcEngine2$Server$ProtoBufRpcInvoker.call(ProtobufRpcEngine2.java:573) [hadoop-common-3.3.6.jar:?]
	at org.apache.hadoop.ipc.RPC$Server.call(RPC.java:1227) [hadoop-common-3.3.6.jar:?]
	at org.apache.hadoop.ipc.Server$RpcCall.run(Server.java:1094) [hadoop-common-3.3.6.jar:?]
	at org.apache.hadoop.ipc.Server$RpcCall.run(Server.java:1017) [hadoop-common-3.3.6.jar:?]
	at java.security.AccessController.doPrivileged(Native Method) ~[?:1.8.0_382]
	at javax.security.auth.Subject.doAs(Subject.java:422) [?:1.8.0_382]
	at org.apache.hadoop.security.UserGroupInformation.doAs(UserGroupInformation.java:1899) [hadoop-common-3.3.6.jar:?]
	at org.apache.hadoop.ipc.Server$Handler.run(Server.java:3048) [hadoop-common-3.3.6.jar:?]
04:48:33.790 [IPC Server handler 15 on default port 15004] ERROR OMAudit - user=runner | ip=127.0.0.1 | op=GET_FILE_STATUS {volume=volume25901, bucket=bucket39570, key=.Trash/runner/Current/testKey2, dataSize=0, replicationConfig=null} | ret=FAILURE
org.apache.hadoop.ozone.om.exceptions.OMException: Unable to get file status: volume: volume25901 bucket: bucket39570 key: .Trash/runner/Current/testKey2
	at org.apache.hadoop.ozone.om.KeyManagerImpl.getOzoneFileStatus(KeyManagerImpl.java:1195) ~[ozone-manager-1.4.0-SNAPSHOT.jar:?]
	at org.apache.hadoop.ozone.om.KeyManagerImpl.getFileStatus(KeyManagerImpl.java:1113) ~[ozone-manager-1.4.0-SNAPSHOT.jar:?]
	at org.apache.hadoop.ozone.om.OmMetadataReader.getFileStatus(OmMetadataReader.java:262) ~[ozone-manager-1.4.0-SNAPSHOT.jar:?]
	at org.apache.hadoop.ozone.om.OzoneManager.getFileStatus(OzoneManager.java:3530) ~[ozone-manager-1.4.0-SNAPSHOT.jar:?]
	at org.apache.hadoop.ozone.protocolPB.OzoneManagerRequestHandler.getOzoneFileStatus(OzoneManagerRequestHandler.java:971) ~[ozone-manager-1.4.0-SNAPSHOT.jar:?]
	at org.apache.hadoop.ozone.protocolPB.OzoneManagerRequestHandler.handleReadRequest(OzoneManagerRequestHandler.java:250) ~[ozone-manager-1.4.0-SNAPSHOT.jar:?]
	at org.apache.hadoop.ozone.protocolPB.OzoneManagerProtocolServerSideTranslatorPB.submitReadRequestToOM(OzoneManagerProtocolServerSideTranslatorPB.java:225) ~[ozone-manager-1.4.0-SNAPSHOT.jar:?]
	at org.apache.hadoop.ozone.protocolPB.OzoneManagerProtocolServerSideTranslatorPB.processRequest(OzoneManagerProtocolServerSideTranslatorPB.java:179) ~[ozone-manager-1.4.0-SNAPSHOT.jar:?]
	at org.apache.hadoop.hdds.server.OzoneProtocolMessageDispatcher.processRequest(OzoneProtocolMessageDispatcher.java:87) [hdds-server-framework-1.4.0-SNAPSHOT.jar:?]
	at org.apache.hadoop.ozone.protocolPB.OzoneManagerProtocolServerSideTranslatorPB.submitRequest(OzoneManagerProtocolServerSideTranslatorPB.java:148) [ozone-manager-1.4.0-SNAPSHOT.jar:?]
	at org.apache.hadoop.ozone.protocol.proto.OzoneManagerProtocolProtos$OzoneManagerService$2.callBlockingMethod(OzoneManagerProtocolProtos.java) [ozone-interface-client-1.4.0-SNAPSHOT.jar:?]
	at org.apache.hadoop.ipc.ProtobufRpcEngine$Server.processCall(ProtobufRpcEngine.java:484) [hadoop-common-3.3.6.jar:?]
	at org.apache.hadoop.ipc.ProtobufRpcEngine2$Server$ProtoBufRpcInvoker.call(ProtobufRpcEngine2.java:595) [hadoop-common-3.3.6.jar:?]
	at org.apache.hadoop.ipc.ProtobufRpcEngine2$Server$ProtoBufRpcInvoker.call(ProtobufRpcEngine2.java:573) [hadoop-common-3.3.6.jar:?]
	at org.apache.hadoop.ipc.RPC$Server.call(RPC.java:1227) [hadoop-common-3.3.6.jar:?]
	at org.apache.hadoop.ipc.Server$RpcCall.run(Server.java:1094) [hadoop-common-3.3.6.jar:?]
	at org.apache.hadoop.ipc.Server$RpcCall.run(Server.java:1017) [hadoop-common-3.3.6.jar:?]
	at java.security.AccessController.doPrivileged(Native Method) ~[?:1.8.0_382]
	at javax.security.auth.Subject.doAs(Subject.java:422) [?:1.8.0_382]
	at org.apache.hadoop.security.UserGroupInformation.doAs(UserGroupInformation.java:1899) [hadoop-common-3.3.6.jar:?]
	at org.apache.hadoop.ipc.Server$Handler.run(Server.java:3048) [hadoop-common-3.3.6.jar:?]
04:48:33.796 [IPC Server handler 2 on default port 15004] ERROR OMAudit - user=runner | ip=127.0.0.1 | op=GET_FILE_STATUS {volume=volume25901, bucket=bucket39570, key=.Trash/runner/Current/testKey2, dataSize=0, replicationConfig=null} | ret=FAILURE
org.apache.hadoop.ozone.om.exceptions.OMException: Unable to get file status: volume: volume25901 bucket: bucket39570 key: .Trash/runner/Current/testKey2
	at org.apache.hadoop.ozone.om.KeyManagerImpl.getOzoneFileStatus(KeyManagerImpl.java:1195) ~[ozone-manager-1.4.0-SNAPSHOT.jar:?]
	at org.apache.hadoop.ozone.om.KeyManagerImpl.getFileStatus(KeyManagerImpl.java:1113) ~[ozone-manager-1.4.0-SNAPSHOT.jar:?]
	at org.apache.hadoop.ozone.om.OmMetadataReader.getFileStatus(OmMetadataReader.java:262) ~[ozone-manager-1.4.0-SNAPSHOT.jar:?]
	at org.apache.hadoop.ozone.om.OzoneManager.getFileStatus(OzoneManager.java:3530) ~[ozone-manager-1.4.0-SNAPSHOT.jar:?]
	at org.apache.hadoop.ozone.protocolPB.OzoneManagerRequestHandler.getOzoneFileStatus(OzoneManagerRequestHandler.java:971) ~[ozone-manager-1.4.0-SNAPSHOT.jar:?]
	at org.apache.hadoop.ozone.protocolPB.OzoneManagerRequestHandler.handleReadRequest(OzoneManagerRequestHandler.java:250) ~[ozone-manager-1.4.0-SNAPSHOT.jar:?]
	at org.apache.hadoop.ozone.protocolPB.OzoneManagerProtocolServerSideTranslatorPB.submitReadRequestToOM(OzoneManagerProtocolServerSideTranslatorPB.java:225) ~[ozone-manager-1.4.0-SNAPSHOT.jar:?]
	at org.apache.hadoop.ozone.protocolPB.OzoneManagerProtocolServerSideTranslatorPB.processRequest(OzoneManagerProtocolServerSideTranslatorPB.java:179) ~[ozone-manager-1.4.0-SNAPSHOT.jar:?]
	at org.apache.hadoop.hdds.server.OzoneProtocolMessageDispatcher.processRequest(OzoneProtocolMessageDispatcher.java:87) [hdds-server-framework-1.4.0-SNAPSHOT.jar:?]
	at org.apache.hadoop.ozone.protocolPB.OzoneManagerProtocolServerSideTranslatorPB.submitRequest(OzoneManagerProtocolServerSideTranslatorPB.java:148) [ozone-manager-1.4.0-SNAPSHOT.jar:?]
	at org.apache.hadoop.ozone.protocol.proto.OzoneManagerProtocolProtos$OzoneManagerService$2.callBlockingMethod(OzoneManagerProtocolProtos.java) [ozone-interface-client-1.4.0-SNAPSHOT.jar:?]
	at org.apache.hadoop.ipc.ProtobufRpcEngine$Server.processCall(ProtobufRpcEngine.java:484) [hadoop-common-3.3.6.jar:?]
	at org.apache.hadoop.ipc.ProtobufRpcEngine2$Server$ProtoBufRpcInvoker.call(ProtobufRpcEngine2.java:595) [hadoop-common-3.3.6.jar:?]
	at org.apache.hadoop.ipc.ProtobufRpcEngine2$Server$ProtoBufRpcInvoker.call(ProtobufRpcEngine2.java:573) [hadoop-common-3.3.6.jar:?]
	at org.apache.hadoop.ipc.RPC$Server.call(RPC.java:1227) [hadoop-common-3.3.6.jar:?]
	at org.apache.hadoop.ipc.Server$RpcCall.run(Server.java:1094) [hadoop-common-3.3.6.jar:?]
	at org.apache.hadoop.ipc.Server$RpcCall.run(Server.java:1017) [hadoop-common-3.3.6.jar:?]
	at java.security.AccessController.doPrivileged(Native Method) ~[?:1.8.0_382]
	at javax.security.auth.Subject.doAs(Subject.java:422) [?:1.8.0_382]
	at org.apache.hadoop.security.UserGroupInformation.doAs(UserGroupInformation.java:1899) [hadoop-common-3.3.6.jar:?]
	at org.apache.hadoop.ipc.Server$Handler.run(Server.java:3048) [hadoop-common-3.3.6.jar:?]
2023-09-07 04:48:33,812 [Time-limited test] INFO  om.TrashPolicyOzone (TrashPolicyOzone.java:moveToTrash(209)) - Moved: '/testKey2' to trash at: /.Trash/runner/Current/testKey2
04:48:34.557 [IPC Server handler 11 on default port 15004] ERROR OMAudit - user=runner | ip=127.0.0.1 | op=GET_FILE_STATUS {volume=volume25901, bucket=bucket39570, key=.Trash/runner/Current/testKey2, dataSize=0, replicationConfig=null} | ret=FAILURE
org.apache.hadoop.ozone.om.exceptions.OMException: Unable to get file status: volume: volume25901 bucket: bucket39570 key: .Trash/runner/Current/testKey2
	at org.apache.hadoop.ozone.om.KeyManagerImpl.getOzoneFileStatus(KeyManagerImpl.java:1195) ~[ozone-manager-1.4.0-SNAPSHOT.jar:?]
	at org.apache.hadoop.ozone.om.KeyManagerImpl.getFileStatus(KeyManagerImpl.java:1113) ~[ozone-manager-1.4.0-SNAPSHOT.jar:?]
	at org.apache.hadoop.ozone.om.OmMetadataReader.getFileStatus(OmMetadataReader.java:262) ~[ozone-manager-1.4.0-SNAPSHOT.jar:?]
	at org.apache.hadoop.ozone.om.OzoneManager.getFileStatus(OzoneManager.java:3530) ~[ozone-manager-1.4.0-SNAPSHOT.jar:?]
	at org.apache.hadoop.ozone.protocolPB.OzoneManagerRequestHandler.getOzoneFileStatus(OzoneManagerRequestHandler.java:971) ~[ozone-manager-1.4.0-SNAPSHOT.jar:?]
	at org.apache.hadoop.ozone.protocolPB.OzoneManagerRequestHandler.handleReadRequest(OzoneManagerRequestHandler.java:250) ~[ozone-manager-1.4.0-SNAPSHOT.jar:?]
	at org.apache.hadoop.ozone.protocolPB.OzoneManagerProtocolServerSideTranslatorPB.submitReadRequestToOM(OzoneManagerProtocolServerSideTranslatorPB.java:225) ~[ozone-manager-1.4.0-SNAPSHOT.jar:?]
	at org.apache.hadoop.ozone.protocolPB.OzoneManagerProtocolServerSideTranslatorPB.processRequest(OzoneManagerProtocolServerSideTranslatorPB.java:179) ~[ozone-manager-1.4.0-SNAPSHOT.jar:?]
	at org.apache.hadoop.hdds.server.OzoneProtocolMessageDispatcher.processRequest(OzoneProtocolMessageDispatcher.java:87) [hdds-server-framework-1.4.0-SNAPSHOT.jar:?]
	at org.apache.hadoop.ozone.protocolPB.OzoneManagerProtocolServerSideTranslatorPB.submitRequest(OzoneManagerProtocolServerSideTranslatorPB.java:148) [ozone-manager-1.4.0-SNAPSHOT.jar:?]
	at org.apache.hadoop.ozone.protocol.proto.OzoneManagerProtocolProtos$OzoneManagerService$2.callBlockingMethod(OzoneManagerProtocolProtos.java) [ozone-interface-client-1.4.0-SNAPSHOT.jar:?]
	at org.apache.hadoop.ipc.ProtobufRpcEngine$Server.processCall(ProtobufRpcEngine.java:484) [hadoop-common-3.3.6.jar:?]
	at org.apache.hadoop.ipc.ProtobufRpcEngine2$Server$ProtoBufRpcInvoker.call(ProtobufRpcEngine2.java:595) [hadoop-common-3.3.6.jar:?]
	at org.apache.hadoop.ipc.ProtobufRpcEngine2$Server$ProtoBufRpcInvoker.call(ProtobufRpcEngine2.java:573) [hadoop-common-3.3.6.jar:?]
	at org.apache.hadoop.ipc.RPC$Server.call(RPC.java:1227) [hadoop-common-3.3.6.jar:?]
	at org.apache.hadoop.ipc.Server$RpcCall.run(Server.java:1094) [hadoop-common-3.3.6.jar:?]
	at org.apache.hadoop.ipc.Server$RpcCall.run(Server.java:1017) [hadoop-common-3.3.6.jar:?]
	at java.security.AccessController.doPrivileged(Native Method) ~[?:1.8.0_382]
	at javax.security.auth.Subject.doAs(Subject.java:422) [?:1.8.0_382]
	at org.apache.hadoop.security.UserGroupInformation.doAs(UserGroupInformation.java:1899) [hadoop-common-3.3.6.jar:?]
	at org.apache.hadoop.ipc.Server$Handler.run(Server.java:3048) [hadoop-common-3.3.6.jar:?]
]]></system-out>
  </testcase>
  <testcase name="testTrash" classname="TestOzoneFileSystem" time="4.379">
    <system-out><![CDATA[04:50:27.178 [IPC Server handler 1 on default port 15057] ERROR OMAudit - user=runner | ip=127.0.0.1 | op=GET_FILE_STATUS {volume=volume43692, bucket=bucket46966, key=.Trash/runner, dataSize=0, replicationConfig=null} | ret=FAILURE
org.apache.hadoop.ozone.om.exceptions.OMException: Unable to get file status: volume: volume43692 bucket: bucket46966 key: .Trash/runner
	at org.apache.hadoop.ozone.om.KeyManagerImpl.getOzoneFileStatus(KeyManagerImpl.java:1195) ~[ozone-manager-1.4.0-SNAPSHOT.jar:?]
	at org.apache.hadoop.ozone.om.KeyManagerImpl.getFileStatus(KeyManagerImpl.java:1113) ~[ozone-manager-1.4.0-SNAPSHOT.jar:?]
	at org.apache.hadoop.ozone.om.OmMetadataReader.getFileStatus(OmMetadataReader.java:262) ~[ozone-manager-1.4.0-SNAPSHOT.jar:?]
	at org.apache.hadoop.ozone.om.OzoneManager.getFileStatus(OzoneManager.java:3530) ~[ozone-manager-1.4.0-SNAPSHOT.jar:?]
	at org.apache.hadoop.ozone.protocolPB.OzoneManagerRequestHandler.getOzoneFileStatus(OzoneManagerRequestHandler.java:971) ~[ozone-manager-1.4.0-SNAPSHOT.jar:?]
	at org.apache.hadoop.ozone.protocolPB.OzoneManagerRequestHandler.handleReadRequest(OzoneManagerRequestHandler.java:250) ~[ozone-manager-1.4.0-SNAPSHOT.jar:?]
	at org.apache.hadoop.ozone.protocolPB.OzoneManagerProtocolServerSideTranslatorPB.submitRequestDirectlyToOM(OzoneManagerProtocolServerSideTranslatorPB.java:274) ~[ozone-manager-1.4.0-SNAPSHOT.jar:?]
	at org.apache.hadoop.ozone.protocolPB.OzoneManagerProtocolServerSideTranslatorPB.processRequest(OzoneManagerProtocolServerSideTranslatorPB.java:175) ~[ozone-manager-1.4.0-SNAPSHOT.jar:?]
	at org.apache.hadoop.hdds.server.OzoneProtocolMessageDispatcher.processRequest(OzoneProtocolMessageDispatcher.java:87) [hdds-server-framework-1.4.0-SNAPSHOT.jar:?]
	at org.apache.hadoop.ozone.protocolPB.OzoneManagerProtocolServerSideTranslatorPB.submitRequest(OzoneManagerProtocolServerSideTranslatorPB.java:148) [ozone-manager-1.4.0-SNAPSHOT.jar:?]
	at org.apache.hadoop.ozone.protocol.proto.OzoneManagerProtocolProtos$OzoneManagerService$2.callBlockingMethod(OzoneManagerProtocolProtos.java) [ozone-interface-client-1.4.0-SNAPSHOT.jar:?]
	at org.apache.hadoop.ipc.ProtobufRpcEngine$Server.processCall(ProtobufRpcEngine.java:484) [hadoop-common-3.3.6.jar:?]
	at org.apache.hadoop.ipc.ProtobufRpcEngine2$Server$ProtoBufRpcInvoker.call(ProtobufRpcEngine2.java:595) [hadoop-common-3.3.6.jar:?]
	at org.apache.hadoop.ipc.ProtobufRpcEngine2$Server$ProtoBufRpcInvoker.call(ProtobufRpcEngine2.java:573) [hadoop-common-3.3.6.jar:?]
	at org.apache.hadoop.ipc.RPC$Server.call(RPC.java:1227) [hadoop-common-3.3.6.jar:?]
	at org.apache.hadoop.ipc.Server$RpcCall.run(Server.java:1094) [hadoop-common-3.3.6.jar:?]
	at org.apache.hadoop.ipc.Server$RpcCall.run(Server.java:1017) [hadoop-common-3.3.6.jar:?]
	at java.security.AccessController.doPrivileged(Native Method) ~[?:1.8.0_382]
	at javax.security.auth.Subject.doAs(Subject.java:422) [?:1.8.0_382]
	at org.apache.hadoop.security.UserGroupInformation.doAs(UserGroupInformation.java:1899) [hadoop-common-3.3.6.jar:?]
	at org.apache.hadoop.ipc.Server$Handler.run(Server.java:3048) [hadoop-common-3.3.6.jar:?]
04:50:27.186 [IPC Server handler 13 on default port 15057] ERROR OMAudit - user=runner | ip=127.0.0.1 | op=GET_FILE_STATUS {volume=volume43692, bucket=bucket46966, key=.Trash/runner/Current/testKey2, dataSize=0, replicationConfig=null} | ret=FAILURE
org.apache.hadoop.ozone.om.exceptions.OMException: Unable to get file status: volume: volume43692 bucket: bucket46966 key: .Trash/runner/Current/testKey2
	at org.apache.hadoop.ozone.om.KeyManagerImpl.getOzoneFileStatus(KeyManagerImpl.java:1195) ~[ozone-manager-1.4.0-SNAPSHOT.jar:?]
	at org.apache.hadoop.ozone.om.KeyManagerImpl.getFileStatus(KeyManagerImpl.java:1113) ~[ozone-manager-1.4.0-SNAPSHOT.jar:?]
	at org.apache.hadoop.ozone.om.OmMetadataReader.getFileStatus(OmMetadataReader.java:262) ~[ozone-manager-1.4.0-SNAPSHOT.jar:?]
	at org.apache.hadoop.ozone.om.OzoneManager.getFileStatus(OzoneManager.java:3530) ~[ozone-manager-1.4.0-SNAPSHOT.jar:?]
	at org.apache.hadoop.ozone.protocolPB.OzoneManagerRequestHandler.getOzoneFileStatus(OzoneManagerRequestHandler.java:971) ~[ozone-manager-1.4.0-SNAPSHOT.jar:?]
	at org.apache.hadoop.ozone.protocolPB.OzoneManagerRequestHandler.handleReadRequest(OzoneManagerRequestHandler.java:250) ~[ozone-manager-1.4.0-SNAPSHOT.jar:?]
	at org.apache.hadoop.ozone.protocolPB.OzoneManagerProtocolServerSideTranslatorPB.submitRequestDirectlyToOM(OzoneManagerProtocolServerSideTranslatorPB.java:274) ~[ozone-manager-1.4.0-SNAPSHOT.jar:?]
	at org.apache.hadoop.ozone.protocolPB.OzoneManagerProtocolServerSideTranslatorPB.processRequest(OzoneManagerProtocolServerSideTranslatorPB.java:175) ~[ozone-manager-1.4.0-SNAPSHOT.jar:?]
	at org.apache.hadoop.hdds.server.OzoneProtocolMessageDispatcher.processRequest(OzoneProtocolMessageDispatcher.java:87) [hdds-server-framework-1.4.0-SNAPSHOT.jar:?]
	at org.apache.hadoop.ozone.protocolPB.OzoneManagerProtocolServerSideTranslatorPB.submitRequest(OzoneManagerProtocolServerSideTranslatorPB.java:148) [ozone-manager-1.4.0-SNAPSHOT.jar:?]
	at org.apache.hadoop.ozone.protocol.proto.OzoneManagerProtocolProtos$OzoneManagerService$2.callBlockingMethod(OzoneManagerProtocolProtos.java) [ozone-interface-client-1.4.0-SNAPSHOT.jar:?]
	at org.apache.hadoop.ipc.ProtobufRpcEngine$Server.processCall(ProtobufRpcEngine.java:484) [hadoop-common-3.3.6.jar:?]
	at org.apache.hadoop.ipc.ProtobufRpcEngine2$Server$ProtoBufRpcInvoker.call(ProtobufRpcEngine2.java:595) [hadoop-common-3.3.6.jar:?]
	at org.apache.hadoop.ipc.ProtobufRpcEngine2$Server$ProtoBufRpcInvoker.call(ProtobufRpcEngine2.java:573) [hadoop-common-3.3.6.jar:?]
	at org.apache.hadoop.ipc.RPC$Server.call(RPC.java:1227) [hadoop-common-3.3.6.jar:?]
	at org.apache.hadoop.ipc.Server$RpcCall.run(Server.java:1094) [hadoop-common-3.3.6.jar:?]
	at org.apache.hadoop.ipc.Server$RpcCall.run(Server.java:1017) [hadoop-common-3.3.6.jar:?]
	at java.security.AccessController.doPrivileged(Native Method) ~[?:1.8.0_382]
	at javax.security.auth.Subject.doAs(Subject.java:422) [?:1.8.0_382]
	at org.apache.hadoop.security.UserGroupInformation.doAs(UserGroupInformation.java:1899) [hadoop-common-3.3.6.jar:?]
	at org.apache.hadoop.ipc.Server$Handler.run(Server.java:3048) [hadoop-common-3.3.6.jar:?]
04:50:27.189 [IPC Server handler 16 on default port 15057] ERROR OMAudit - user=runner | ip=127.0.0.1 | op=GET_FILE_STATUS {volume=volume43692, bucket=bucket46966, key=.Trash/runner/Current/testKey2, dataSize=0, replicationConfig=null} | ret=FAILURE
org.apache.hadoop.ozone.om.exceptions.OMException: Unable to get file status: volume: volume43692 bucket: bucket46966 key: .Trash/runner/Current/testKey2
	at org.apache.hadoop.ozone.om.KeyManagerImpl.getOzoneFileStatus(KeyManagerImpl.java:1195) ~[ozone-manager-1.4.0-SNAPSHOT.jar:?]
	at org.apache.hadoop.ozone.om.KeyManagerImpl.getFileStatus(KeyManagerImpl.java:1113) ~[ozone-manager-1.4.0-SNAPSHOT.jar:?]
	at org.apache.hadoop.ozone.om.OmMetadataReader.getFileStatus(OmMetadataReader.java:262) ~[ozone-manager-1.4.0-SNAPSHOT.jar:?]
	at org.apache.hadoop.ozone.om.OzoneManager.getFileStatus(OzoneManager.java:3530) ~[ozone-manager-1.4.0-SNAPSHOT.jar:?]
	at org.apache.hadoop.ozone.protocolPB.OzoneManagerRequestHandler.getOzoneFileStatus(OzoneManagerRequestHandler.java:971) ~[ozone-manager-1.4.0-SNAPSHOT.jar:?]
	at org.apache.hadoop.ozone.protocolPB.OzoneManagerRequestHandler.handleReadRequest(OzoneManagerRequestHandler.java:250) ~[ozone-manager-1.4.0-SNAPSHOT.jar:?]
	at org.apache.hadoop.ozone.protocolPB.OzoneManagerProtocolServerSideTranslatorPB.submitRequestDirectlyToOM(OzoneManagerProtocolServerSideTranslatorPB.java:274) ~[ozone-manager-1.4.0-SNAPSHOT.jar:?]
	at org.apache.hadoop.ozone.protocolPB.OzoneManagerProtocolServerSideTranslatorPB.processRequest(OzoneManagerProtocolServerSideTranslatorPB.java:175) ~[ozone-manager-1.4.0-SNAPSHOT.jar:?]
	at org.apache.hadoop.hdds.server.OzoneProtocolMessageDispatcher.processRequest(OzoneProtocolMessageDispatcher.java:87) [hdds-server-framework-1.4.0-SNAPSHOT.jar:?]
	at org.apache.hadoop.ozone.protocolPB.OzoneManagerProtocolServerSideTranslatorPB.submitRequest(OzoneManagerProtocolServerSideTranslatorPB.java:148) [ozone-manager-1.4.0-SNAPSHOT.jar:?]
	at org.apache.hadoop.ozone.protocol.proto.OzoneManagerProtocolProtos$OzoneManagerService$2.callBlockingMethod(OzoneManagerProtocolProtos.java) [ozone-interface-client-1.4.0-SNAPSHOT.jar:?]
	at org.apache.hadoop.ipc.ProtobufRpcEngine$Server.processCall(ProtobufRpcEngine.java:484) [hadoop-common-3.3.6.jar:?]
	at org.apache.hadoop.ipc.ProtobufRpcEngine2$Server$ProtoBufRpcInvoker.call(ProtobufRpcEngine2.java:595) [hadoop-common-3.3.6.jar:?]
	at org.apache.hadoop.ipc.ProtobufRpcEngine2$Server$ProtoBufRpcInvoker.call(ProtobufRpcEngine2.java:573) [hadoop-common-3.3.6.jar:?]
	at org.apache.hadoop.ipc.RPC$Server.call(RPC.java:1227) [hadoop-common-3.3.6.jar:?]
	at org.apache.hadoop.ipc.Server$RpcCall.run(Server.java:1094) [hadoop-common-3.3.6.jar:?]
	at org.apache.hadoop.ipc.Server$RpcCall.run(Server.java:1017) [hadoop-common-3.3.6.jar:?]
	at java.security.AccessController.doPrivileged(Native Method) ~[?:1.8.0_382]
	at javax.security.auth.Subject.doAs(Subject.java:422) [?:1.8.0_382]
	at org.apache.hadoop.security.UserGroupInformation.doAs(UserGroupInformation.java:1899) [hadoop-common-3.3.6.jar:?]
	at org.apache.hadoop.ipc.Server$Handler.run(Server.java:3048) [hadoop-common-3.3.6.jar:?]
2023-09-07 04:50:27,194 [Time-limited test] INFO  om.TrashPolicyOzone (TrashPolicyOzone.java:moveToTrash(209)) - Moved: '/testKey2' to trash at: /.Trash/runner/Current/testKey2
04:50:28.524 [IPC Server handler 0 on default port 15057] ERROR OMAudit - user=runner | ip=127.0.0.1 | op=GET_FILE_STATUS {volume=volume43692, bucket=bucket46966, key=.Trash/runner/Current/testKey2, dataSize=0, replicationConfig=null} | ret=FAILURE
org.apache.hadoop.ozone.om.exceptions.OMException: Unable to get file status: volume: volume43692 bucket: bucket46966 key: .Trash/runner/Current/testKey2
	at org.apache.hadoop.ozone.om.KeyManagerImpl.getOzoneFileStatus(KeyManagerImpl.java:1195) ~[ozone-manager-1.4.0-SNAPSHOT.jar:?]
	at org.apache.hadoop.ozone.om.KeyManagerImpl.getFileStatus(KeyManagerImpl.java:1113) ~[ozone-manager-1.4.0-SNAPSHOT.jar:?]
	at org.apache.hadoop.ozone.om.OmMetadataReader.getFileStatus(OmMetadataReader.java:262) ~[ozone-manager-1.4.0-SNAPSHOT.jar:?]
	at org.apache.hadoop.ozone.om.OzoneManager.getFileStatus(OzoneManager.java:3530) ~[ozone-manager-1.4.0-SNAPSHOT.jar:?]
	at org.apache.hadoop.ozone.protocolPB.OzoneManagerRequestHandler.getOzoneFileStatus(OzoneManagerRequestHandler.java:971) ~[ozone-manager-1.4.0-SNAPSHOT.jar:?]
	at org.apache.hadoop.ozone.protocolPB.OzoneManagerRequestHandler.handleReadRequest(OzoneManagerRequestHandler.java:250) ~[ozone-manager-1.4.0-SNAPSHOT.jar:?]
	at org.apache.hadoop.ozone.protocolPB.OzoneManagerProtocolServerSideTranslatorPB.submitRequestDirectlyToOM(OzoneManagerProtocolServerSideTranslatorPB.java:274) ~[ozone-manager-1.4.0-SNAPSHOT.jar:?]
	at org.apache.hadoop.ozone.protocolPB.OzoneManagerProtocolServerSideTranslatorPB.processRequest(OzoneManagerProtocolServerSideTranslatorPB.java:175) ~[ozone-manager-1.4.0-SNAPSHOT.jar:?]
	at org.apache.hadoop.hdds.server.OzoneProtocolMessageDispatcher.processRequest(OzoneProtocolMessageDispatcher.java:87) [hdds-server-framework-1.4.0-SNAPSHOT.jar:?]
	at org.apache.hadoop.ozone.protocolPB.OzoneManagerProtocolServerSideTranslatorPB.submitRequest(OzoneManagerProtocolServerSideTranslatorPB.java:148) [ozone-manager-1.4.0-SNAPSHOT.jar:?]
	at org.apache.hadoop.ozone.protocol.proto.OzoneManagerProtocolProtos$OzoneManagerService$2.callBlockingMethod(OzoneManagerProtocolProtos.java) [ozone-interface-client-1.4.0-SNAPSHOT.jar:?]
	at org.apache.hadoop.ipc.ProtobufRpcEngine$Server.processCall(ProtobufRpcEngine.java:484) [hadoop-common-3.3.6.jar:?]
	at org.apache.hadoop.ipc.ProtobufRpcEngine2$Server$ProtoBufRpcInvoker.call(ProtobufRpcEngine2.java:595) [hadoop-common-3.3.6.jar:?]
	at org.apache.hadoop.ipc.ProtobufRpcEngine2$Server$ProtoBufRpcInvoker.call(ProtobufRpcEngine2.java:573) [hadoop-common-3.3.6.jar:?]
	at org.apache.hadoop.ipc.RPC$Server.call(RPC.java:1227) [hadoop-common-3.3.6.jar:?]
	at org.apache.hadoop.ipc.Server$RpcCall.run(Server.java:1094) [hadoop-common-3.3.6.jar:?]
	at org.apache.hadoop.ipc.Server$RpcCall.run(Server.java:1017) [hadoop-common-3.3.6.jar:?]
	at java.security.AccessController.doPrivileged(Native Method) ~[?:1.8.0_382]
	at javax.security.auth.Subject.doAs(Subject.java:422) [?:1.8.0_382]
	at org.apache.hadoop.security.UserGroupInformation.doAs(UserGroupInformation.java:1899) [hadoop-common-3.3.6.jar:?]
	at org.apache.hadoop.ipc.Server$Handler.run(Server.java:3048) [hadoop-common-3.3.6.jar:?]
]]></system-out>
  </testcase>
  <testcase name="testTrash" classname="TestOzoneFileSystem" time="4.368">
    <system-out><![CDATA[04:51:54.196 [IPC Server handler 6 on default port 15110] ERROR OMAudit - user=runner | ip=127.0.0.1 | op=GET_FILE_STATUS {volume=volume87246, bucket=bucket72820, key=.Trash/runner, dataSize=0, replicationConfig=null} | ret=FAILURE
org.apache.hadoop.ozone.om.exceptions.OMException: Unable to get file status: volume: volume87246 bucket: bucket72820 key: .Trash/runner
	at org.apache.hadoop.ozone.om.KeyManagerImpl.getOzoneFileStatus(KeyManagerImpl.java:1195) ~[ozone-manager-1.4.0-SNAPSHOT.jar:?]
	at org.apache.hadoop.ozone.om.KeyManagerImpl.getFileStatus(KeyManagerImpl.java:1113) ~[ozone-manager-1.4.0-SNAPSHOT.jar:?]
	at org.apache.hadoop.ozone.om.OmMetadataReader.getFileStatus(OmMetadataReader.java:262) ~[ozone-manager-1.4.0-SNAPSHOT.jar:?]
	at org.apache.hadoop.ozone.om.OzoneManager.getFileStatus(OzoneManager.java:3530) ~[ozone-manager-1.4.0-SNAPSHOT.jar:?]
	at org.apache.hadoop.ozone.protocolPB.OzoneManagerRequestHandler.getOzoneFileStatus(OzoneManagerRequestHandler.java:971) ~[ozone-manager-1.4.0-SNAPSHOT.jar:?]
	at org.apache.hadoop.ozone.protocolPB.OzoneManagerRequestHandler.handleReadRequest(OzoneManagerRequestHandler.java:250) ~[ozone-manager-1.4.0-SNAPSHOT.jar:?]
	at org.apache.hadoop.ozone.protocolPB.OzoneManagerProtocolServerSideTranslatorPB.submitReadRequestToOM(OzoneManagerProtocolServerSideTranslatorPB.java:225) ~[ozone-manager-1.4.0-SNAPSHOT.jar:?]
	at org.apache.hadoop.ozone.protocolPB.OzoneManagerProtocolServerSideTranslatorPB.processRequest(OzoneManagerProtocolServerSideTranslatorPB.java:179) ~[ozone-manager-1.4.0-SNAPSHOT.jar:?]
	at org.apache.hadoop.hdds.server.OzoneProtocolMessageDispatcher.processRequest(OzoneProtocolMessageDispatcher.java:87) [hdds-server-framework-1.4.0-SNAPSHOT.jar:?]
	at org.apache.hadoop.ozone.protocolPB.OzoneManagerProtocolServerSideTranslatorPB.submitRequest(OzoneManagerProtocolServerSideTranslatorPB.java:148) [ozone-manager-1.4.0-SNAPSHOT.jar:?]
	at org.apache.hadoop.ozone.protocol.proto.OzoneManagerProtocolProtos$OzoneManagerService$2.callBlockingMethod(OzoneManagerProtocolProtos.java) [ozone-interface-client-1.4.0-SNAPSHOT.jar:?]
	at org.apache.hadoop.ipc.ProtobufRpcEngine$Server.processCall(ProtobufRpcEngine.java:484) [hadoop-common-3.3.6.jar:?]
	at org.apache.hadoop.ipc.ProtobufRpcEngine2$Server$ProtoBufRpcInvoker.call(ProtobufRpcEngine2.java:595) [hadoop-common-3.3.6.jar:?]
	at org.apache.hadoop.ipc.ProtobufRpcEngine2$Server$ProtoBufRpcInvoker.call(ProtobufRpcEngine2.java:573) [hadoop-common-3.3.6.jar:?]
	at org.apache.hadoop.ipc.RPC$Server.call(RPC.java:1227) [hadoop-common-3.3.6.jar:?]
	at org.apache.hadoop.ipc.Server$RpcCall.run(Server.java:1094) [hadoop-common-3.3.6.jar:?]
	at org.apache.hadoop.ipc.Server$RpcCall.run(Server.java:1017) [hadoop-common-3.3.6.jar:?]
	at java.security.AccessController.doPrivileged(Native Method) ~[?:1.8.0_382]
	at javax.security.auth.Subject.doAs(Subject.java:422) [?:1.8.0_382]
	at org.apache.hadoop.security.UserGroupInformation.doAs(UserGroupInformation.java:1899) [hadoop-common-3.3.6.jar:?]
	at org.apache.hadoop.ipc.Server$Handler.run(Server.java:3048) [hadoop-common-3.3.6.jar:?]
04:51:54.201 [IPC Server handler 15 on default port 15110] ERROR OMAudit - user=runner | ip=127.0.0.1 | op=GET_FILE_STATUS {volume=volume87246, bucket=bucket72820, key=.Trash/runner/Current/testKey2, dataSize=0, replicationConfig=null} | ret=FAILURE
org.apache.hadoop.ozone.om.exceptions.OMException: Unable to get file status: volume: volume87246 bucket: bucket72820 key: .Trash/runner/Current/testKey2
	at org.apache.hadoop.ozone.om.KeyManagerImpl.getOzoneFileStatus(KeyManagerImpl.java:1195) ~[ozone-manager-1.4.0-SNAPSHOT.jar:?]
	at org.apache.hadoop.ozone.om.KeyManagerImpl.getFileStatus(KeyManagerImpl.java:1113) ~[ozone-manager-1.4.0-SNAPSHOT.jar:?]
	at org.apache.hadoop.ozone.om.OmMetadataReader.getFileStatus(OmMetadataReader.java:262) ~[ozone-manager-1.4.0-SNAPSHOT.jar:?]
	at org.apache.hadoop.ozone.om.OzoneManager.getFileStatus(OzoneManager.java:3530) ~[ozone-manager-1.4.0-SNAPSHOT.jar:?]
	at org.apache.hadoop.ozone.protocolPB.OzoneManagerRequestHandler.getOzoneFileStatus(OzoneManagerRequestHandler.java:971) ~[ozone-manager-1.4.0-SNAPSHOT.jar:?]
	at org.apache.hadoop.ozone.protocolPB.OzoneManagerRequestHandler.handleReadRequest(OzoneManagerRequestHandler.java:250) ~[ozone-manager-1.4.0-SNAPSHOT.jar:?]
	at org.apache.hadoop.ozone.protocolPB.OzoneManagerProtocolServerSideTranslatorPB.submitReadRequestToOM(OzoneManagerProtocolServerSideTranslatorPB.java:225) ~[ozone-manager-1.4.0-SNAPSHOT.jar:?]
	at org.apache.hadoop.ozone.protocolPB.OzoneManagerProtocolServerSideTranslatorPB.processRequest(OzoneManagerProtocolServerSideTranslatorPB.java:179) ~[ozone-manager-1.4.0-SNAPSHOT.jar:?]
	at org.apache.hadoop.hdds.server.OzoneProtocolMessageDispatcher.processRequest(OzoneProtocolMessageDispatcher.java:87) [hdds-server-framework-1.4.0-SNAPSHOT.jar:?]
	at org.apache.hadoop.ozone.protocolPB.OzoneManagerProtocolServerSideTranslatorPB.submitRequest(OzoneManagerProtocolServerSideTranslatorPB.java:148) [ozone-manager-1.4.0-SNAPSHOT.jar:?]
	at org.apache.hadoop.ozone.protocol.proto.OzoneManagerProtocolProtos$OzoneManagerService$2.callBlockingMethod(OzoneManagerProtocolProtos.java) [ozone-interface-client-1.4.0-SNAPSHOT.jar:?]
	at org.apache.hadoop.ipc.ProtobufRpcEngine$Server.processCall(ProtobufRpcEngine.java:484) [hadoop-common-3.3.6.jar:?]
	at org.apache.hadoop.ipc.ProtobufRpcEngine2$Server$ProtoBufRpcInvoker.call(ProtobufRpcEngine2.java:595) [hadoop-common-3.3.6.jar:?]
	at org.apache.hadoop.ipc.ProtobufRpcEngine2$Server$ProtoBufRpcInvoker.call(ProtobufRpcEngine2.java:573) [hadoop-common-3.3.6.jar:?]
	at org.apache.hadoop.ipc.RPC$Server.call(RPC.java:1227) [hadoop-common-3.3.6.jar:?]
	at org.apache.hadoop.ipc.Server$RpcCall.run(Server.java:1094) [hadoop-common-3.3.6.jar:?]
	at org.apache.hadoop.ipc.Server$RpcCall.run(Server.java:1017) [hadoop-common-3.3.6.jar:?]
	at java.security.AccessController.doPrivileged(Native Method) ~[?:1.8.0_382]
	at javax.security.auth.Subject.doAs(Subject.java:422) [?:1.8.0_382]
	at org.apache.hadoop.security.UserGroupInformation.doAs(UserGroupInformation.java:1899) [hadoop-common-3.3.6.jar:?]
	at org.apache.hadoop.ipc.Server$Handler.run(Server.java:3048) [hadoop-common-3.3.6.jar:?]
04:51:54.203 [IPC Server handler 9 on default port 15110] ERROR OMAudit - user=runner | ip=127.0.0.1 | op=GET_FILE_STATUS {volume=volume87246, bucket=bucket72820, key=.Trash/runner/Current/testKey2, dataSize=0, replicationConfig=null} | ret=FAILURE
org.apache.hadoop.ozone.om.exceptions.OMException: Unable to get file status: volume: volume87246 bucket: bucket72820 key: .Trash/runner/Current/testKey2
	at org.apache.hadoop.ozone.om.KeyManagerImpl.getOzoneFileStatus(KeyManagerImpl.java:1195) ~[ozone-manager-1.4.0-SNAPSHOT.jar:?]
	at org.apache.hadoop.ozone.om.KeyManagerImpl.getFileStatus(KeyManagerImpl.java:1113) ~[ozone-manager-1.4.0-SNAPSHOT.jar:?]
	at org.apache.hadoop.ozone.om.OmMetadataReader.getFileStatus(OmMetadataReader.java:262) ~[ozone-manager-1.4.0-SNAPSHOT.jar:?]
	at org.apache.hadoop.ozone.om.OzoneManager.getFileStatus(OzoneManager.java:3530) ~[ozone-manager-1.4.0-SNAPSHOT.jar:?]
	at org.apache.hadoop.ozone.protocolPB.OzoneManagerRequestHandler.getOzoneFileStatus(OzoneManagerRequestHandler.java:971) ~[ozone-manager-1.4.0-SNAPSHOT.jar:?]
	at org.apache.hadoop.ozone.protocolPB.OzoneManagerRequestHandler.handleReadRequest(OzoneManagerRequestHandler.java:250) ~[ozone-manager-1.4.0-SNAPSHOT.jar:?]
	at org.apache.hadoop.ozone.protocolPB.OzoneManagerProtocolServerSideTranslatorPB.submitReadRequestToOM(OzoneManagerProtocolServerSideTranslatorPB.java:225) ~[ozone-manager-1.4.0-SNAPSHOT.jar:?]
	at org.apache.hadoop.ozone.protocolPB.OzoneManagerProtocolServerSideTranslatorPB.processRequest(OzoneManagerProtocolServerSideTranslatorPB.java:179) ~[ozone-manager-1.4.0-SNAPSHOT.jar:?]
	at org.apache.hadoop.hdds.server.OzoneProtocolMessageDispatcher.processRequest(OzoneProtocolMessageDispatcher.java:87) [hdds-server-framework-1.4.0-SNAPSHOT.jar:?]
	at org.apache.hadoop.ozone.protocolPB.OzoneManagerProtocolServerSideTranslatorPB.submitRequest(OzoneManagerProtocolServerSideTranslatorPB.java:148) [ozone-manager-1.4.0-SNAPSHOT.jar:?]
	at org.apache.hadoop.ozone.protocol.proto.OzoneManagerProtocolProtos$OzoneManagerService$2.callBlockingMethod(OzoneManagerProtocolProtos.java) [ozone-interface-client-1.4.0-SNAPSHOT.jar:?]
	at org.apache.hadoop.ipc.ProtobufRpcEngine$Server.processCall(ProtobufRpcEngine.java:484) [hadoop-common-3.3.6.jar:?]
	at org.apache.hadoop.ipc.ProtobufRpcEngine2$Server$ProtoBufRpcInvoker.call(ProtobufRpcEngine2.java:595) [hadoop-common-3.3.6.jar:?]
	at org.apache.hadoop.ipc.ProtobufRpcEngine2$Server$ProtoBufRpcInvoker.call(ProtobufRpcEngine2.java:573) [hadoop-common-3.3.6.jar:?]
	at org.apache.hadoop.ipc.RPC$Server.call(RPC.java:1227) [hadoop-common-3.3.6.jar:?]
	at org.apache.hadoop.ipc.Server$RpcCall.run(Server.java:1094) [hadoop-common-3.3.6.jar:?]
	at org.apache.hadoop.ipc.Server$RpcCall.run(Server.java:1017) [hadoop-common-3.3.6.jar:?]
	at java.security.AccessController.doPrivileged(Native Method) ~[?:1.8.0_382]
	at javax.security.auth.Subject.doAs(Subject.java:422) [?:1.8.0_382]
	at org.apache.hadoop.security.UserGroupInformation.doAs(UserGroupInformation.java:1899) [hadoop-common-3.3.6.jar:?]
	at org.apache.hadoop.ipc.Server$Handler.run(Server.java:3048) [hadoop-common-3.3.6.jar:?]
2023-09-07 04:51:54,208 [Time-limited test] INFO  om.TrashPolicyOzone (TrashPolicyOzone.java:moveToTrash(209)) - Moved: '/testKey2' to trash at: /.Trash/runner/Current/testKey2
2023-09-07 04:51:54,275 [eee81e81-0890-44e6-b9d4-b60ee3bd7f3c@group-E5135714774C-FollowerState] INFO  impl.FollowerState (FollowerState.java:run(143)) - eee81e81-0890-44e6-b9d4-b60ee3bd7f3c@group-E5135714774C-FollowerState: change to CANDIDATE, lastRpcElapsedTime:5016609403ns, electionTimeout:5015ms
2023-09-07 04:51:54,275 [eee81e81-0890-44e6-b9d4-b60ee3bd7f3c@group-E5135714774C-FollowerState] INFO  impl.RoleInfo (RoleInfo.java:shutdownFollowerState(110)) - eee81e81-0890-44e6-b9d4-b60ee3bd7f3c: shutdown eee81e81-0890-44e6-b9d4-b60ee3bd7f3c@group-E5135714774C-FollowerState
2023-09-07 04:51:54,275 [eee81e81-0890-44e6-b9d4-b60ee3bd7f3c@group-E5135714774C-FollowerState] INFO  server.RaftServer$Division (RaftServerImpl.java:setRole(329)) - eee81e81-0890-44e6-b9d4-b60ee3bd7f3c@group-E5135714774C: changes role from  FOLLOWER to CANDIDATE at term 0 for changeToCandidate
2023-09-07 04:51:54,276 [eee81e81-0890-44e6-b9d4-b60ee3bd7f3c@group-E5135714774C-FollowerState] INFO  server.RaftServerConfigKeys (ConfUtils.java:logGet(46)) - raft.server.leaderelection.pre-vote = true (default)
2023-09-07 04:51:54,276 [eee81e81-0890-44e6-b9d4-b60ee3bd7f3c@group-E5135714774C-FollowerState] INFO  impl.RoleInfo (RoleInfo.java:updateAndGet(139)) - eee81e81-0890-44e6-b9d4-b60ee3bd7f3c: start eee81e81-0890-44e6-b9d4-b60ee3bd7f3c@group-E5135714774C-LeaderElection28
2023-09-07 04:51:54,279 [eee81e81-0890-44e6-b9d4-b60ee3bd7f3c@group-E5135714774C-LeaderElection28] INFO  impl.LeaderElection (LeaderElection.java:askForVotes(321)) - eee81e81-0890-44e6-b9d4-b60ee3bd7f3c@group-E5135714774C-LeaderElection28 PRE_VOTE round 0: submit vote requests at term 0 for -1: peers:[eee81e81-0890-44e6-b9d4-b60ee3bd7f3c|rpc:10.1.0.9:15156|admin:10.1.0.9:15155|client:10.1.0.9:15154|dataStream:10.1.0.9:15157|priority:1|startupRole:FOLLOWER]|listeners:[], old=null
2023-09-07 04:51:54,279 [eee81e81-0890-44e6-b9d4-b60ee3bd7f3c@group-E5135714774C-LeaderElection28] INFO  impl.LeaderElection (LeaderElection.java:askForVotes(323)) - eee81e81-0890-44e6-b9d4-b60ee3bd7f3c@group-E5135714774C-LeaderElection28 PRE_VOTE round 0: result PASSED (term=0)
2023-09-07 04:51:54,281 [eee81e81-0890-44e6-b9d4-b60ee3bd7f3c@group-E5135714774C-LeaderElection28] INFO  impl.LeaderElection (LeaderElection.java:askForVotes(321)) - eee81e81-0890-44e6-b9d4-b60ee3bd7f3c@group-E5135714774C-LeaderElection28 ELECTION round 0: submit vote requests at term 1 for -1: peers:[eee81e81-0890-44e6-b9d4-b60ee3bd7f3c|rpc:10.1.0.9:15156|admin:10.1.0.9:15155|client:10.1.0.9:15154|dataStream:10.1.0.9:15157|priority:1|startupRole:FOLLOWER]|listeners:[], old=null
2023-09-07 04:51:54,281 [eee81e81-0890-44e6-b9d4-b60ee3bd7f3c@group-E5135714774C-LeaderElection28] INFO  impl.LeaderElection (LeaderElection.java:askForVotes(323)) - eee81e81-0890-44e6-b9d4-b60ee3bd7f3c@group-E5135714774C-LeaderElection28 ELECTION round 0: result PASSED (term=1)
2023-09-07 04:51:54,281 [eee81e81-0890-44e6-b9d4-b60ee3bd7f3c@group-E5135714774C-LeaderElection28] INFO  impl.RoleInfo (RoleInfo.java:shutdownLeaderElection(130)) - eee81e81-0890-44e6-b9d4-b60ee3bd7f3c: shutdown eee81e81-0890-44e6-b9d4-b60ee3bd7f3c@group-E5135714774C-LeaderElection28
2023-09-07 04:51:54,282 [eee81e81-0890-44e6-b9d4-b60ee3bd7f3c@group-E5135714774C-LeaderElection28] INFO  server.RaftServer$Division (RaftServerImpl.java:setRole(329)) - eee81e81-0890-44e6-b9d4-b60ee3bd7f3c@group-E5135714774C: changes role from CANDIDATE to LEADER at term 1 for changeToLeader
2023-09-07 04:51:54,282 [eee81e81-0890-44e6-b9d4-b60ee3bd7f3c@group-E5135714774C-LeaderElection28] INFO  ratis.XceiverServerRatis (XceiverServerRatis.java:handleLeaderChangedNotification(902)) - Leader change notification received for group: group-E5135714774C with new leaderId: eee81e81-0890-44e6-b9d4-b60ee3bd7f3c
2023-09-07 04:51:54,282 [eee81e81-0890-44e6-b9d4-b60ee3bd7f3c@group-E5135714774C-LeaderElection28] INFO  server.RaftServer$Division (ServerState.java:setLeader(317)) - eee81e81-0890-44e6-b9d4-b60ee3bd7f3c@group-E5135714774C: change Leader from null to eee81e81-0890-44e6-b9d4-b60ee3bd7f3c at term 1 for becomeLeader, leader elected after 5058ms
2023-09-07 04:51:54,282 [eee81e81-0890-44e6-b9d4-b60ee3bd7f3c@group-E5135714774C-LeaderElection28] INFO  server.RaftServerConfigKeys (ConfUtils.java:logGet(46)) - raft.server.staging.catchup.gap = 1000 (default)
2023-09-07 04:51:54,282 [eee81e81-0890-44e6-b9d4-b60ee3bd7f3c@group-E5135714774C-LeaderElection28] INFO  server.RaftServerConfigKeys (ConfUtils.java:logGet(46)) - raft.server.write.element-limit = 1024 (custom)
2023-09-07 04:51:54,282 [eee81e81-0890-44e6-b9d4-b60ee3bd7f3c@group-E5135714774C-LeaderElection28] INFO  server.RaftServerConfigKeys (ConfUtils.java:logGet(46)) - raft.server.write.byte-limit = 1024 M (=1073741824) (custom)
2023-09-07 04:51:54,283 [eee81e81-0890-44e6-b9d4-b60ee3bd7f3c@group-E5135714774C-LeaderElection28] INFO  server.RaftServerConfigKeys (ConfUtils.java:logGet(46)) - raft.server.watch.timeout = 180s (custom)
2023-09-07 04:51:54,283 [eee81e81-0890-44e6-b9d4-b60ee3bd7f3c@group-E5135714774C-LeaderElection28] INFO  server.RaftServerConfigKeys (ConfUtils.java:logGet(46)) - raft.server.watch.timeout.denomination = 1s (default)
2023-09-07 04:51:54,283 [eee81e81-0890-44e6-b9d4-b60ee3bd7f3c@group-E5135714774C-LeaderElection28] INFO  server.RaftServerConfigKeys (ConfUtils.java:logGet(46)) - raft.server.watch.element-limit = 65536 (default)
2023-09-07 04:51:54,283 [eee81e81-0890-44e6-b9d4-b60ee3bd7f3c@group-E5135714774C-LeaderElection28] INFO  server.RaftServerConfigKeys (ConfUtils.java:logGet(46)) - raft.server.write.element-limit = 1024 (custom)
2023-09-07 04:51:54,283 [eee81e81-0890-44e6-b9d4-b60ee3bd7f3c@group-E5135714774C-LeaderElection28] INFO  server.RaftServerConfigKeys (ConfUtils.java:logGet(46)) - raft.server.write.follower.gap.ratio.max = -1.0 (default)
2023-09-07 04:51:54,283 [eee81e81-0890-44e6-b9d4-b60ee3bd7f3c@group-E5135714774C-LeaderElection28] INFO  impl.RoleInfo (RoleInfo.java:updateAndGet(139)) - eee81e81-0890-44e6-b9d4-b60ee3bd7f3c: start eee81e81-0890-44e6-b9d4-b60ee3bd7f3c@group-E5135714774C-LeaderStateImpl
2023-09-07 04:51:54,284 [eee81e81-0890-44e6-b9d4-b60ee3bd7f3c@group-E5135714774C-LeaderElection28] INFO  segmented.SegmentedRaftLogWorker (SegmentedRaftLogWorker.java:startLogSegment(447)) - eee81e81-0890-44e6-b9d4-b60ee3bd7f3c@group-E5135714774C-SegmentedRaftLogWorker: Starting segment from index:0
2023-09-07 04:51:54,293 [eee81e81-0890-44e6-b9d4-b60ee3bd7f3c@group-E5135714774C-SegmentedRaftLogWorker] INFO  segmented.SegmentedRaftLogWorker (SegmentedRaftLogWorker.java:execute(651)) - eee81e81-0890-44e6-b9d4-b60ee3bd7f3c@group-E5135714774C-SegmentedRaftLogWorker: created new log segment /home/runner/work/ozone/ozone/hadoop-ozone/integration-test/target/test-dir/MiniOzoneClusterImpl-a35962c9-a2fc-4df3-96cb-042236c47d51/datanode-4/data/ratis/00b3bb23-ab45-43f1-90c8-e5135714774c/current/log_inprogress_0
2023-09-07 04:51:54,294 [eee81e81-0890-44e6-b9d4-b60ee3bd7f3c@group-E5135714774C-LeaderElection28] INFO  server.RaftServer$Division (ServerState.java:setRaftConf(434)) - eee81e81-0890-44e6-b9d4-b60ee3bd7f3c@group-E5135714774C: set configuration 0: peers:[eee81e81-0890-44e6-b9d4-b60ee3bd7f3c|rpc:10.1.0.9:15156|admin:10.1.0.9:15155|client:10.1.0.9:15154|dataStream:10.1.0.9:15157|priority:1|startupRole:FOLLOWER]|listeners:[], old=null
04:51:55.532 [IPC Server handler 2 on default port 15110] ERROR OMAudit - user=runner | ip=127.0.0.1 | op=GET_FILE_STATUS {volume=volume87246, bucket=bucket72820, key=.Trash/runner/Current/testKey2, dataSize=0, replicationConfig=null} | ret=FAILURE
org.apache.hadoop.ozone.om.exceptions.OMException: Unable to get file status: volume: volume87246 bucket: bucket72820 key: .Trash/runner/Current/testKey2
	at org.apache.hadoop.ozone.om.KeyManagerImpl.getOzoneFileStatus(KeyManagerImpl.java:1195) ~[ozone-manager-1.4.0-SNAPSHOT.jar:?]
	at org.apache.hadoop.ozone.om.KeyManagerImpl.getFileStatus(KeyManagerImpl.java:1113) ~[ozone-manager-1.4.0-SNAPSHOT.jar:?]
	at org.apache.hadoop.ozone.om.OmMetadataReader.getFileStatus(OmMetadataReader.java:262) ~[ozone-manager-1.4.0-SNAPSHOT.jar:?]
	at org.apache.hadoop.ozone.om.OzoneManager.getFileStatus(OzoneManager.java:3530) ~[ozone-manager-1.4.0-SNAPSHOT.jar:?]
	at org.apache.hadoop.ozone.protocolPB.OzoneManagerRequestHandler.getOzoneFileStatus(OzoneManagerRequestHandler.java:971) ~[ozone-manager-1.4.0-SNAPSHOT.jar:?]
	at org.apache.hadoop.ozone.protocolPB.OzoneManagerRequestHandler.handleReadRequest(OzoneManagerRequestHandler.java:250) ~[ozone-manager-1.4.0-SNAPSHOT.jar:?]
	at org.apache.hadoop.ozone.protocolPB.OzoneManagerProtocolServerSideTranslatorPB.submitReadRequestToOM(OzoneManagerProtocolServerSideTranslatorPB.java:225) ~[ozone-manager-1.4.0-SNAPSHOT.jar:?]
	at org.apache.hadoop.ozone.protocolPB.OzoneManagerProtocolServerSideTranslatorPB.processRequest(OzoneManagerProtocolServerSideTranslatorPB.java:179) ~[ozone-manager-1.4.0-SNAPSHOT.jar:?]
	at org.apache.hadoop.hdds.server.OzoneProtocolMessageDispatcher.processRequest(OzoneProtocolMessageDispatcher.java:87) [hdds-server-framework-1.4.0-SNAPSHOT.jar:?]
	at org.apache.hadoop.ozone.protocolPB.OzoneManagerProtocolServerSideTranslatorPB.submitRequest(OzoneManagerProtocolServerSideTranslatorPB.java:148) [ozone-manager-1.4.0-SNAPSHOT.jar:?]
	at org.apache.hadoop.ozone.protocol.proto.OzoneManagerProtocolProtos$OzoneManagerService$2.callBlockingMethod(OzoneManagerProtocolProtos.java) [ozone-interface-client-1.4.0-SNAPSHOT.jar:?]
	at org.apache.hadoop.ipc.ProtobufRpcEngine$Server.processCall(ProtobufRpcEngine.java:484) [hadoop-common-3.3.6.jar:?]
	at org.apache.hadoop.ipc.ProtobufRpcEngine2$Server$ProtoBufRpcInvoker.call(ProtobufRpcEngine2.java:595) [hadoop-common-3.3.6.jar:?]
	at org.apache.hadoop.ipc.ProtobufRpcEngine2$Server$ProtoBufRpcInvoker.call(ProtobufRpcEngine2.java:573) [hadoop-common-3.3.6.jar:?]
	at org.apache.hadoop.ipc.RPC$Server.call(RPC.java:1227) [hadoop-common-3.3.6.jar:?]
	at org.apache.hadoop.ipc.Server$RpcCall.run(Server.java:1094) [hadoop-common-3.3.6.jar:?]
	at org.apache.hadoop.ipc.Server$RpcCall.run(Server.java:1017) [hadoop-common-3.3.6.jar:?]
	at java.security.AccessController.doPrivileged(Native Method) ~[?:1.8.0_382]
	at javax.security.auth.Subject.doAs(Subject.java:422) [?:1.8.0_382]
	at org.apache.hadoop.security.UserGroupInformation.doAs(UserGroupInformation.java:1899) [hadoop-common-3.3.6.jar:?]
	at org.apache.hadoop.ipc.Server$Handler.run(Server.java:3048) [hadoop-common-3.3.6.jar:?]
]]></system-out>
  </testcase>
  <testcase name="testTrash" classname="TestOzoneFileSystem" time="3.953">
    <system-out><![CDATA[04:53:32.127 [IPC Server handler 18 on default port 15163] ERROR OMAudit - user=runner | ip=127.0.0.1 | op=GET_FILE_STATUS {volume=volume69932, bucket=bucket53154, key=.Trash/runner, dataSize=0, replicationConfig=null} | ret=FAILURE
org.apache.hadoop.ozone.om.exceptions.OMException: Unable to get file status: volume: volume69932 bucket: bucket53154 key: .Trash/runner
	at org.apache.hadoop.ozone.om.KeyManagerImpl.getOzoneFileStatus(KeyManagerImpl.java:1195) ~[ozone-manager-1.4.0-SNAPSHOT.jar:?]
	at org.apache.hadoop.ozone.om.KeyManagerImpl.getFileStatus(KeyManagerImpl.java:1113) ~[ozone-manager-1.4.0-SNAPSHOT.jar:?]
	at org.apache.hadoop.ozone.om.OmMetadataReader.getFileStatus(OmMetadataReader.java:262) ~[ozone-manager-1.4.0-SNAPSHOT.jar:?]
	at org.apache.hadoop.ozone.om.OzoneManager.getFileStatus(OzoneManager.java:3530) ~[ozone-manager-1.4.0-SNAPSHOT.jar:?]
	at org.apache.hadoop.ozone.protocolPB.OzoneManagerRequestHandler.getOzoneFileStatus(OzoneManagerRequestHandler.java:971) ~[ozone-manager-1.4.0-SNAPSHOT.jar:?]
	at org.apache.hadoop.ozone.protocolPB.OzoneManagerRequestHandler.handleReadRequest(OzoneManagerRequestHandler.java:250) ~[ozone-manager-1.4.0-SNAPSHOT.jar:?]
	at org.apache.hadoop.ozone.protocolPB.OzoneManagerProtocolServerSideTranslatorPB.submitRequestDirectlyToOM(OzoneManagerProtocolServerSideTranslatorPB.java:274) ~[ozone-manager-1.4.0-SNAPSHOT.jar:?]
	at org.apache.hadoop.ozone.protocolPB.OzoneManagerProtocolServerSideTranslatorPB.processRequest(OzoneManagerProtocolServerSideTranslatorPB.java:175) ~[ozone-manager-1.4.0-SNAPSHOT.jar:?]
	at org.apache.hadoop.hdds.server.OzoneProtocolMessageDispatcher.processRequest(OzoneProtocolMessageDispatcher.java:87) [hdds-server-framework-1.4.0-SNAPSHOT.jar:?]
	at org.apache.hadoop.ozone.protocolPB.OzoneManagerProtocolServerSideTranslatorPB.submitRequest(OzoneManagerProtocolServerSideTranslatorPB.java:148) [ozone-manager-1.4.0-SNAPSHOT.jar:?]
	at org.apache.hadoop.ozone.protocol.proto.OzoneManagerProtocolProtos$OzoneManagerService$2.callBlockingMethod(OzoneManagerProtocolProtos.java) [ozone-interface-client-1.4.0-SNAPSHOT.jar:?]
	at org.apache.hadoop.ipc.ProtobufRpcEngine$Server.processCall(ProtobufRpcEngine.java:484) [hadoop-common-3.3.6.jar:?]
	at org.apache.hadoop.ipc.ProtobufRpcEngine2$Server$ProtoBufRpcInvoker.call(ProtobufRpcEngine2.java:595) [hadoop-common-3.3.6.jar:?]
	at org.apache.hadoop.ipc.ProtobufRpcEngine2$Server$ProtoBufRpcInvoker.call(ProtobufRpcEngine2.java:573) [hadoop-common-3.3.6.jar:?]
	at org.apache.hadoop.ipc.RPC$Server.call(RPC.java:1227) [hadoop-common-3.3.6.jar:?]
	at org.apache.hadoop.ipc.Server$RpcCall.run(Server.java:1094) [hadoop-common-3.3.6.jar:?]
	at org.apache.hadoop.ipc.Server$RpcCall.run(Server.java:1017) [hadoop-common-3.3.6.jar:?]
	at java.security.AccessController.doPrivileged(Native Method) ~[?:1.8.0_382]
	at javax.security.auth.Subject.doAs(Subject.java:422) [?:1.8.0_382]
	at org.apache.hadoop.security.UserGroupInformation.doAs(UserGroupInformation.java:1899) [hadoop-common-3.3.6.jar:?]
	at org.apache.hadoop.ipc.Server$Handler.run(Server.java:3048) [hadoop-common-3.3.6.jar:?]
04:53:32.130 [IPC Server handler 9 on default port 15163] ERROR OMAudit - user=runner | ip=127.0.0.1 | op=GET_FILE_STATUS {volume=volume69932, bucket=bucket53154, key=.Trash/runner/Current/testKey2, dataSize=0, replicationConfig=null} | ret=FAILURE
org.apache.hadoop.ozone.om.exceptions.OMException: Unable to get file status: volume: volume69932 bucket: bucket53154 key: .Trash/runner/Current/testKey2
	at org.apache.hadoop.ozone.om.KeyManagerImpl.getOzoneFileStatus(KeyManagerImpl.java:1195) ~[ozone-manager-1.4.0-SNAPSHOT.jar:?]
	at org.apache.hadoop.ozone.om.KeyManagerImpl.getFileStatus(KeyManagerImpl.java:1113) ~[ozone-manager-1.4.0-SNAPSHOT.jar:?]
	at org.apache.hadoop.ozone.om.OmMetadataReader.getFileStatus(OmMetadataReader.java:262) ~[ozone-manager-1.4.0-SNAPSHOT.jar:?]
	at org.apache.hadoop.ozone.om.OzoneManager.getFileStatus(OzoneManager.java:3530) ~[ozone-manager-1.4.0-SNAPSHOT.jar:?]
	at org.apache.hadoop.ozone.protocolPB.OzoneManagerRequestHandler.getOzoneFileStatus(OzoneManagerRequestHandler.java:971) ~[ozone-manager-1.4.0-SNAPSHOT.jar:?]
	at org.apache.hadoop.ozone.protocolPB.OzoneManagerRequestHandler.handleReadRequest(OzoneManagerRequestHandler.java:250) ~[ozone-manager-1.4.0-SNAPSHOT.jar:?]
	at org.apache.hadoop.ozone.protocolPB.OzoneManagerProtocolServerSideTranslatorPB.submitRequestDirectlyToOM(OzoneManagerProtocolServerSideTranslatorPB.java:274) ~[ozone-manager-1.4.0-SNAPSHOT.jar:?]
	at org.apache.hadoop.ozone.protocolPB.OzoneManagerProtocolServerSideTranslatorPB.processRequest(OzoneManagerProtocolServerSideTranslatorPB.java:175) ~[ozone-manager-1.4.0-SNAPSHOT.jar:?]
	at org.apache.hadoop.hdds.server.OzoneProtocolMessageDispatcher.processRequest(OzoneProtocolMessageDispatcher.java:87) [hdds-server-framework-1.4.0-SNAPSHOT.jar:?]
	at org.apache.hadoop.ozone.protocolPB.OzoneManagerProtocolServerSideTranslatorPB.submitRequest(OzoneManagerProtocolServerSideTranslatorPB.java:148) [ozone-manager-1.4.0-SNAPSHOT.jar:?]
	at org.apache.hadoop.ozone.protocol.proto.OzoneManagerProtocolProtos$OzoneManagerService$2.callBlockingMethod(OzoneManagerProtocolProtos.java) [ozone-interface-client-1.4.0-SNAPSHOT.jar:?]
	at org.apache.hadoop.ipc.ProtobufRpcEngine$Server.processCall(ProtobufRpcEngine.java:484) [hadoop-common-3.3.6.jar:?]
	at org.apache.hadoop.ipc.ProtobufRpcEngine2$Server$ProtoBufRpcInvoker.call(ProtobufRpcEngine2.java:595) [hadoop-common-3.3.6.jar:?]
	at org.apache.hadoop.ipc.ProtobufRpcEngine2$Server$ProtoBufRpcInvoker.call(ProtobufRpcEngine2.java:573) [hadoop-common-3.3.6.jar:?]
	at org.apache.hadoop.ipc.RPC$Server.call(RPC.java:1227) [hadoop-common-3.3.6.jar:?]
	at org.apache.hadoop.ipc.Server$RpcCall.run(Server.java:1094) [hadoop-common-3.3.6.jar:?]
	at org.apache.hadoop.ipc.Server$RpcCall.run(Server.java:1017) [hadoop-common-3.3.6.jar:?]
	at java.security.AccessController.doPrivileged(Native Method) ~[?:1.8.0_382]
	at javax.security.auth.Subject.doAs(Subject.java:422) [?:1.8.0_382]
	at org.apache.hadoop.security.UserGroupInformation.doAs(UserGroupInformation.java:1899) [hadoop-common-3.3.6.jar:?]
	at org.apache.hadoop.ipc.Server$Handler.run(Server.java:3048) [hadoop-common-3.3.6.jar:?]
04:53:32.132 [IPC Server handler 1 on default port 15163] ERROR OMAudit - user=runner | ip=127.0.0.1 | op=GET_FILE_STATUS {volume=volume69932, bucket=bucket53154, key=.Trash/runner/Current/testKey2, dataSize=0, replicationConfig=null} | ret=FAILURE
org.apache.hadoop.ozone.om.exceptions.OMException: Unable to get file status: volume: volume69932 bucket: bucket53154 key: .Trash/runner/Current/testKey2
	at org.apache.hadoop.ozone.om.KeyManagerImpl.getOzoneFileStatus(KeyManagerImpl.java:1195) ~[ozone-manager-1.4.0-SNAPSHOT.jar:?]
	at org.apache.hadoop.ozone.om.KeyManagerImpl.getFileStatus(KeyManagerImpl.java:1113) ~[ozone-manager-1.4.0-SNAPSHOT.jar:?]
	at org.apache.hadoop.ozone.om.OmMetadataReader.getFileStatus(OmMetadataReader.java:262) ~[ozone-manager-1.4.0-SNAPSHOT.jar:?]
	at org.apache.hadoop.ozone.om.OzoneManager.getFileStatus(OzoneManager.java:3530) ~[ozone-manager-1.4.0-SNAPSHOT.jar:?]
	at org.apache.hadoop.ozone.protocolPB.OzoneManagerRequestHandler.getOzoneFileStatus(OzoneManagerRequestHandler.java:971) ~[ozone-manager-1.4.0-SNAPSHOT.jar:?]
	at org.apache.hadoop.ozone.protocolPB.OzoneManagerRequestHandler.handleReadRequest(OzoneManagerRequestHandler.java:250) ~[ozone-manager-1.4.0-SNAPSHOT.jar:?]
	at org.apache.hadoop.ozone.protocolPB.OzoneManagerProtocolServerSideTranslatorPB.submitRequestDirectlyToOM(OzoneManagerProtocolServerSideTranslatorPB.java:274) ~[ozone-manager-1.4.0-SNAPSHOT.jar:?]
	at org.apache.hadoop.ozone.protocolPB.OzoneManagerProtocolServerSideTranslatorPB.processRequest(OzoneManagerProtocolServerSideTranslatorPB.java:175) ~[ozone-manager-1.4.0-SNAPSHOT.jar:?]
	at org.apache.hadoop.hdds.server.OzoneProtocolMessageDispatcher.processRequest(OzoneProtocolMessageDispatcher.java:87) [hdds-server-framework-1.4.0-SNAPSHOT.jar:?]
	at org.apache.hadoop.ozone.protocolPB.OzoneManagerProtocolServerSideTranslatorPB.submitRequest(OzoneManagerProtocolServerSideTranslatorPB.java:148) [ozone-manager-1.4.0-SNAPSHOT.jar:?]
	at org.apache.hadoop.ozone.protocol.proto.OzoneManagerProtocolProtos$OzoneManagerService$2.callBlockingMethod(OzoneManagerProtocolProtos.java) [ozone-interface-client-1.4.0-SNAPSHOT.jar:?]
	at org.apache.hadoop.ipc.ProtobufRpcEngine$Server.processCall(ProtobufRpcEngine.java:484) [hadoop-common-3.3.6.jar:?]
	at org.apache.hadoop.ipc.ProtobufRpcEngine2$Server$ProtoBufRpcInvoker.call(ProtobufRpcEngine2.java:595) [hadoop-common-3.3.6.jar:?]
	at org.apache.hadoop.ipc.ProtobufRpcEngine2$Server$ProtoBufRpcInvoker.call(ProtobufRpcEngine2.java:573) [hadoop-common-3.3.6.jar:?]
	at org.apache.hadoop.ipc.RPC$Server.call(RPC.java:1227) [hadoop-common-3.3.6.jar:?]
	at org.apache.hadoop.ipc.Server$RpcCall.run(Server.java:1094) [hadoop-common-3.3.6.jar:?]
	at org.apache.hadoop.ipc.Server$RpcCall.run(Server.java:1017) [hadoop-common-3.3.6.jar:?]
	at java.security.AccessController.doPrivileged(Native Method) ~[?:1.8.0_382]
	at javax.security.auth.Subject.doAs(Subject.java:422) [?:1.8.0_382]
	at org.apache.hadoop.security.UserGroupInformation.doAs(UserGroupInformation.java:1899) [hadoop-common-3.3.6.jar:?]
	at org.apache.hadoop.ipc.Server$Handler.run(Server.java:3048) [hadoop-common-3.3.6.jar:?]
2023-09-07 04:53:32,137 [Time-limited test] INFO  om.TrashPolicyOzone (TrashPolicyOzone.java:moveToTrash(209)) - Moved: '/testKey2' to trash at: /.Trash/runner/Current/testKey2
2023-09-07 04:53:32,313 [47d0d84e-4e3a-4d8b-8411-824294f25318@group-3FB509572725-FollowerState] INFO  impl.FollowerState (FollowerState.java:run(143)) - 47d0d84e-4e3a-4d8b-8411-824294f25318@group-3FB509572725-FollowerState: change to CANDIDATE, lastRpcElapsedTime:5048461400ns, electionTimeout:5047ms
2023-09-07 04:53:32,313 [47d0d84e-4e3a-4d8b-8411-824294f25318@group-3FB509572725-FollowerState] INFO  impl.RoleInfo (RoleInfo.java:shutdownFollowerState(110)) - 47d0d84e-4e3a-4d8b-8411-824294f25318: shutdown 47d0d84e-4e3a-4d8b-8411-824294f25318@group-3FB509572725-FollowerState
2023-09-07 04:53:32,314 [47d0d84e-4e3a-4d8b-8411-824294f25318@group-3FB509572725-FollowerState] INFO  server.RaftServer$Division (RaftServerImpl.java:setRole(329)) - 47d0d84e-4e3a-4d8b-8411-824294f25318@group-3FB509572725: changes role from  FOLLOWER to CANDIDATE at term 0 for changeToCandidate
2023-09-07 04:53:32,314 [47d0d84e-4e3a-4d8b-8411-824294f25318@group-3FB509572725-FollowerState] INFO  server.RaftServerConfigKeys (ConfUtils.java:logGet(46)) - raft.server.leaderelection.pre-vote = true (default)
2023-09-07 04:53:32,314 [47d0d84e-4e3a-4d8b-8411-824294f25318@group-3FB509572725-FollowerState] INFO  impl.RoleInfo (RoleInfo.java:updateAndGet(139)) - 47d0d84e-4e3a-4d8b-8411-824294f25318: start 47d0d84e-4e3a-4d8b-8411-824294f25318@group-3FB509572725-LeaderElection36
2023-09-07 04:53:32,320 [47d0d84e-4e3a-4d8b-8411-824294f25318@group-3FB509572725-LeaderElection36] INFO  impl.LeaderElection (LeaderElection.java:askForVotes(321)) - 47d0d84e-4e3a-4d8b-8411-824294f25318@group-3FB509572725-LeaderElection36 PRE_VOTE round 0: submit vote requests at term 0 for -1: peers:[47d0d84e-4e3a-4d8b-8411-824294f25318|rpc:10.1.0.9:15209|admin:10.1.0.9:15208|client:10.1.0.9:15207|dataStream:10.1.0.9:15210|priority:1|startupRole:FOLLOWER]|listeners:[], old=null
2023-09-07 04:53:32,320 [47d0d84e-4e3a-4d8b-8411-824294f25318@group-3FB509572725-LeaderElection36] INFO  impl.LeaderElection (LeaderElection.java:askForVotes(323)) - 47d0d84e-4e3a-4d8b-8411-824294f25318@group-3FB509572725-LeaderElection36 PRE_VOTE round 0: result PASSED (term=0)
2023-09-07 04:53:32,322 [47d0d84e-4e3a-4d8b-8411-824294f25318@group-3FB509572725-LeaderElection36] INFO  impl.LeaderElection (LeaderElection.java:askForVotes(321)) - 47d0d84e-4e3a-4d8b-8411-824294f25318@group-3FB509572725-LeaderElection36 ELECTION round 0: submit vote requests at term 1 for -1: peers:[47d0d84e-4e3a-4d8b-8411-824294f25318|rpc:10.1.0.9:15209|admin:10.1.0.9:15208|client:10.1.0.9:15207|dataStream:10.1.0.9:15210|priority:1|startupRole:FOLLOWER]|listeners:[], old=null
2023-09-07 04:53:32,322 [47d0d84e-4e3a-4d8b-8411-824294f25318@group-3FB509572725-LeaderElection36] INFO  impl.LeaderElection (LeaderElection.java:askForVotes(323)) - 47d0d84e-4e3a-4d8b-8411-824294f25318@group-3FB509572725-LeaderElection36 ELECTION round 0: result PASSED (term=1)
2023-09-07 04:53:32,322 [47d0d84e-4e3a-4d8b-8411-824294f25318@group-3FB509572725-LeaderElection36] INFO  impl.RoleInfo (RoleInfo.java:shutdownLeaderElection(130)) - 47d0d84e-4e3a-4d8b-8411-824294f25318: shutdown 47d0d84e-4e3a-4d8b-8411-824294f25318@group-3FB509572725-LeaderElection36
2023-09-07 04:53:32,322 [47d0d84e-4e3a-4d8b-8411-824294f25318@group-3FB509572725-LeaderElection36] INFO  server.RaftServer$Division (RaftServerImpl.java:setRole(329)) - 47d0d84e-4e3a-4d8b-8411-824294f25318@group-3FB509572725: changes role from CANDIDATE to LEADER at term 1 for changeToLeader
2023-09-07 04:53:32,322 [47d0d84e-4e3a-4d8b-8411-824294f25318@group-3FB509572725-LeaderElection36] INFO  ratis.XceiverServerRatis (XceiverServerRatis.java:handleLeaderChangedNotification(902)) - Leader change notification received for group: group-3FB509572725 with new leaderId: 47d0d84e-4e3a-4d8b-8411-824294f25318
2023-09-07 04:53:32,322 [47d0d84e-4e3a-4d8b-8411-824294f25318@group-3FB509572725-LeaderElection36] INFO  server.RaftServer$Division (ServerState.java:setLeader(317)) - 47d0d84e-4e3a-4d8b-8411-824294f25318@group-3FB509572725: change Leader from null to 47d0d84e-4e3a-4d8b-8411-824294f25318 at term 1 for becomeLeader, leader elected after 5088ms
2023-09-07 04:53:32,322 [47d0d84e-4e3a-4d8b-8411-824294f25318@group-3FB509572725-LeaderElection36] INFO  server.RaftServerConfigKeys (ConfUtils.java:logGet(46)) - raft.server.staging.catchup.gap = 1000 (default)
2023-09-07 04:53:32,322 [47d0d84e-4e3a-4d8b-8411-824294f25318@group-3FB509572725-LeaderElection36] INFO  server.RaftServerConfigKeys (ConfUtils.java:logGet(46)) - raft.server.write.element-limit = 1024 (custom)
2023-09-07 04:53:32,322 [47d0d84e-4e3a-4d8b-8411-824294f25318@group-3FB509572725-LeaderElection36] INFO  server.RaftServerConfigKeys (ConfUtils.java:logGet(46)) - raft.server.write.byte-limit = 1024 M (=1073741824) (custom)
2023-09-07 04:53:32,323 [47d0d84e-4e3a-4d8b-8411-824294f25318@group-3FB509572725-LeaderElection36] INFO  server.RaftServerConfigKeys (ConfUtils.java:logGet(46)) - raft.server.watch.timeout = 180s (custom)
2023-09-07 04:53:32,323 [47d0d84e-4e3a-4d8b-8411-824294f25318@group-3FB509572725-LeaderElection36] INFO  server.RaftServerConfigKeys (ConfUtils.java:logGet(46)) - raft.server.watch.timeout.denomination = 1s (default)
2023-09-07 04:53:32,323 [47d0d84e-4e3a-4d8b-8411-824294f25318@group-3FB509572725-LeaderElection36] INFO  server.RaftServerConfigKeys (ConfUtils.java:logGet(46)) - raft.server.watch.element-limit = 65536 (default)
2023-09-07 04:53:32,323 [47d0d84e-4e3a-4d8b-8411-824294f25318@group-3FB509572725-LeaderElection36] INFO  server.RaftServerConfigKeys (ConfUtils.java:logGet(46)) - raft.server.write.element-limit = 1024 (custom)
2023-09-07 04:53:32,323 [47d0d84e-4e3a-4d8b-8411-824294f25318@group-3FB509572725-LeaderElection36] INFO  server.RaftServerConfigKeys (ConfUtils.java:logGet(46)) - raft.server.write.follower.gap.ratio.max = -1.0 (default)
2023-09-07 04:53:32,324 [47d0d84e-4e3a-4d8b-8411-824294f25318@group-3FB509572725-LeaderElection36] INFO  impl.RoleInfo (RoleInfo.java:updateAndGet(139)) - 47d0d84e-4e3a-4d8b-8411-824294f25318: start 47d0d84e-4e3a-4d8b-8411-824294f25318@group-3FB509572725-LeaderStateImpl
2023-09-07 04:53:32,324 [47d0d84e-4e3a-4d8b-8411-824294f25318@group-3FB509572725-LeaderElection36] INFO  segmented.SegmentedRaftLogWorker (SegmentedRaftLogWorker.java:startLogSegment(447)) - 47d0d84e-4e3a-4d8b-8411-824294f25318@group-3FB509572725-SegmentedRaftLogWorker: Starting segment from index:0
2023-09-07 04:53:32,324 [47d0d84e-4e3a-4d8b-8411-824294f25318@group-3FB509572725-LeaderElection36] INFO  server.RaftServer$Division (ServerState.java:setRaftConf(434)) - 47d0d84e-4e3a-4d8b-8411-824294f25318@group-3FB509572725: set configuration 0: peers:[47d0d84e-4e3a-4d8b-8411-824294f25318|rpc:10.1.0.9:15209|admin:10.1.0.9:15208|client:10.1.0.9:15207|dataStream:10.1.0.9:15210|priority:1|startupRole:FOLLOWER]|listeners:[], old=null
2023-09-07 04:53:32,326 [47d0d84e-4e3a-4d8b-8411-824294f25318@group-3FB509572725-SegmentedRaftLogWorker] INFO  segmented.SegmentedRaftLogWorker (SegmentedRaftLogWorker.java:execute(651)) - 47d0d84e-4e3a-4d8b-8411-824294f25318@group-3FB509572725-SegmentedRaftLogWorker: created new log segment /home/runner/work/ozone/ozone/hadoop-ozone/integration-test/target/test-dir/MiniOzoneClusterImpl-91ddfec9-c3c1-434b-8c78-5e40d1aa2819/datanode-4/data/ratis/29b6a1cb-b0e2-442d-a93b-3fb509572725/current/log_inprogress_0
04:53:33.056 [IPC Server handler 10 on default port 15163] ERROR OMAudit - user=runner | ip=127.0.0.1 | op=GET_FILE_STATUS {volume=volume69932, bucket=bucket53154, key=.Trash/runner/Current/testKey2, dataSize=0, replicationConfig=null} | ret=FAILURE
org.apache.hadoop.ozone.om.exceptions.OMException: Unable to get file status: volume: volume69932 bucket: bucket53154 key: .Trash/runner/Current/testKey2
	at org.apache.hadoop.ozone.om.KeyManagerImpl.getOzoneFileStatus(KeyManagerImpl.java:1195) ~[ozone-manager-1.4.0-SNAPSHOT.jar:?]
	at org.apache.hadoop.ozone.om.KeyManagerImpl.getFileStatus(KeyManagerImpl.java:1113) ~[ozone-manager-1.4.0-SNAPSHOT.jar:?]
	at org.apache.hadoop.ozone.om.OmMetadataReader.getFileStatus(OmMetadataReader.java:262) ~[ozone-manager-1.4.0-SNAPSHOT.jar:?]
	at org.apache.hadoop.ozone.om.OzoneManager.getFileStatus(OzoneManager.java:3530) ~[ozone-manager-1.4.0-SNAPSHOT.jar:?]
	at org.apache.hadoop.ozone.protocolPB.OzoneManagerRequestHandler.getOzoneFileStatus(OzoneManagerRequestHandler.java:971) ~[ozone-manager-1.4.0-SNAPSHOT.jar:?]
	at org.apache.hadoop.ozone.protocolPB.OzoneManagerRequestHandler.handleReadRequest(OzoneManagerRequestHandler.java:250) ~[ozone-manager-1.4.0-SNAPSHOT.jar:?]
	at org.apache.hadoop.ozone.protocolPB.OzoneManagerProtocolServerSideTranslatorPB.submitRequestDirectlyToOM(OzoneManagerProtocolServerSideTranslatorPB.java:274) ~[ozone-manager-1.4.0-SNAPSHOT.jar:?]
	at org.apache.hadoop.ozone.protocolPB.OzoneManagerProtocolServerSideTranslatorPB.processRequest(OzoneManagerProtocolServerSideTranslatorPB.java:175) ~[ozone-manager-1.4.0-SNAPSHOT.jar:?]
	at org.apache.hadoop.hdds.server.OzoneProtocolMessageDispatcher.processRequest(OzoneProtocolMessageDispatcher.java:87) [hdds-server-framework-1.4.0-SNAPSHOT.jar:?]
	at org.apache.hadoop.ozone.protocolPB.OzoneManagerProtocolServerSideTranslatorPB.submitRequest(OzoneManagerProtocolServerSideTranslatorPB.java:148) [ozone-manager-1.4.0-SNAPSHOT.jar:?]
	at org.apache.hadoop.ozone.protocol.proto.OzoneManagerProtocolProtos$OzoneManagerService$2.callBlockingMethod(OzoneManagerProtocolProtos.java) [ozone-interface-client-1.4.0-SNAPSHOT.jar:?]
	at org.apache.hadoop.ipc.ProtobufRpcEngine$Server.processCall(ProtobufRpcEngine.java:484) [hadoop-common-3.3.6.jar:?]
	at org.apache.hadoop.ipc.ProtobufRpcEngine2$Server$ProtoBufRpcInvoker.call(ProtobufRpcEngine2.java:595) [hadoop-common-3.3.6.jar:?]
	at org.apache.hadoop.ipc.ProtobufRpcEngine2$Server$ProtoBufRpcInvoker.call(ProtobufRpcEngine2.java:573) [hadoop-common-3.3.6.jar:?]
	at org.apache.hadoop.ipc.RPC$Server.call(RPC.java:1227) [hadoop-common-3.3.6.jar:?]
	at org.apache.hadoop.ipc.Server$RpcCall.run(Server.java:1094) [hadoop-common-3.3.6.jar:?]
	at org.apache.hadoop.ipc.Server$RpcCall.run(Server.java:1017) [hadoop-common-3.3.6.jar:?]
	at java.security.AccessController.doPrivileged(Native Method) ~[?:1.8.0_382]
	at javax.security.auth.Subject.doAs(Subject.java:422) [?:1.8.0_382]
	at org.apache.hadoop.security.UserGroupInformation.doAs(UserGroupInformation.java:1899) [hadoop-common-3.3.6.jar:?]
	at org.apache.hadoop.ipc.Server$Handler.run(Server.java:3048) [hadoop-common-3.3.6.jar:?]
]]></system-out>
  </testcase>
  <testcase name="testRenameDestinationParentDoesntExist" classname="TestOzoneFileSystem" time="0.085">
    <system-out><![CDATA[04:48:37.635 [IPC Server handler 19 on default port 15004] ERROR OMAudit - user=runner | ip=127.0.0.1 | op=GET_FILE_STATUS {volume=volume25901, bucket=bucket39570, key=root_dir/b/c, dataSize=0, replicationConfig=null} | ret=FAILURE
org.apache.hadoop.ozone.om.exceptions.OMException: Unable to get file status: volume: volume25901 bucket: bucket39570 key: root_dir/b/c
	at org.apache.hadoop.ozone.om.KeyManagerImpl.getOzoneFileStatus(KeyManagerImpl.java:1195) ~[ozone-manager-1.4.0-SNAPSHOT.jar:?]
	at org.apache.hadoop.ozone.om.KeyManagerImpl.getFileStatus(KeyManagerImpl.java:1113) ~[ozone-manager-1.4.0-SNAPSHOT.jar:?]
	at org.apache.hadoop.ozone.om.OmMetadataReader.getFileStatus(OmMetadataReader.java:262) ~[ozone-manager-1.4.0-SNAPSHOT.jar:?]
	at org.apache.hadoop.ozone.om.OzoneManager.getFileStatus(OzoneManager.java:3530) ~[ozone-manager-1.4.0-SNAPSHOT.jar:?]
	at org.apache.hadoop.ozone.protocolPB.OzoneManagerRequestHandler.getOzoneFileStatus(OzoneManagerRequestHandler.java:971) ~[ozone-manager-1.4.0-SNAPSHOT.jar:?]
	at org.apache.hadoop.ozone.protocolPB.OzoneManagerRequestHandler.handleReadRequest(OzoneManagerRequestHandler.java:250) ~[ozone-manager-1.4.0-SNAPSHOT.jar:?]
	at org.apache.hadoop.ozone.protocolPB.OzoneManagerProtocolServerSideTranslatorPB.submitReadRequestToOM(OzoneManagerProtocolServerSideTranslatorPB.java:225) ~[ozone-manager-1.4.0-SNAPSHOT.jar:?]
	at org.apache.hadoop.ozone.protocolPB.OzoneManagerProtocolServerSideTranslatorPB.processRequest(OzoneManagerProtocolServerSideTranslatorPB.java:179) ~[ozone-manager-1.4.0-SNAPSHOT.jar:?]
	at org.apache.hadoop.hdds.server.OzoneProtocolMessageDispatcher.processRequest(OzoneProtocolMessageDispatcher.java:87) [hdds-server-framework-1.4.0-SNAPSHOT.jar:?]
	at org.apache.hadoop.ozone.protocolPB.OzoneManagerProtocolServerSideTranslatorPB.submitRequest(OzoneManagerProtocolServerSideTranslatorPB.java:148) [ozone-manager-1.4.0-SNAPSHOT.jar:?]
	at org.apache.hadoop.ozone.protocol.proto.OzoneManagerProtocolProtos$OzoneManagerService$2.callBlockingMethod(OzoneManagerProtocolProtos.java) [ozone-interface-client-1.4.0-SNAPSHOT.jar:?]
	at org.apache.hadoop.ipc.ProtobufRpcEngine$Server.processCall(ProtobufRpcEngine.java:484) [hadoop-common-3.3.6.jar:?]
	at org.apache.hadoop.ipc.ProtobufRpcEngine2$Server$ProtoBufRpcInvoker.call(ProtobufRpcEngine2.java:595) [hadoop-common-3.3.6.jar:?]
	at org.apache.hadoop.ipc.ProtobufRpcEngine2$Server$ProtoBufRpcInvoker.call(ProtobufRpcEngine2.java:573) [hadoop-common-3.3.6.jar:?]
	at org.apache.hadoop.ipc.RPC$Server.call(RPC.java:1227) [hadoop-common-3.3.6.jar:?]
	at org.apache.hadoop.ipc.Server$RpcCall.run(Server.java:1094) [hadoop-common-3.3.6.jar:?]
	at org.apache.hadoop.ipc.Server$RpcCall.run(Server.java:1017) [hadoop-common-3.3.6.jar:?]
	at java.security.AccessController.doPrivileged(Native Method) ~[?:1.8.0_382]
	at javax.security.auth.Subject.doAs(Subject.java:422) [?:1.8.0_382]
	at org.apache.hadoop.security.UserGroupInformation.doAs(UserGroupInformation.java:1899) [hadoop-common-3.3.6.jar:?]
	at org.apache.hadoop.ipc.Server$Handler.run(Server.java:3048) [hadoop-common-3.3.6.jar:?]
04:48:37.638 [IPC Server handler 12 on default port 15004] ERROR OMAudit - user=runner | ip=127.0.0.1 | op=GET_FILE_STATUS {volume=volume25901, bucket=bucket39570, key=root_dir/b, dataSize=0, replicationConfig=null} | ret=FAILURE
org.apache.hadoop.ozone.om.exceptions.OMException: Unable to get file status: volume: volume25901 bucket: bucket39570 key: root_dir/b
	at org.apache.hadoop.ozone.om.KeyManagerImpl.getOzoneFileStatus(KeyManagerImpl.java:1195) ~[ozone-manager-1.4.0-SNAPSHOT.jar:?]
	at org.apache.hadoop.ozone.om.KeyManagerImpl.getFileStatus(KeyManagerImpl.java:1113) ~[ozone-manager-1.4.0-SNAPSHOT.jar:?]
	at org.apache.hadoop.ozone.om.OmMetadataReader.getFileStatus(OmMetadataReader.java:262) ~[ozone-manager-1.4.0-SNAPSHOT.jar:?]
	at org.apache.hadoop.ozone.om.OzoneManager.getFileStatus(OzoneManager.java:3530) ~[ozone-manager-1.4.0-SNAPSHOT.jar:?]
	at org.apache.hadoop.ozone.protocolPB.OzoneManagerRequestHandler.getOzoneFileStatus(OzoneManagerRequestHandler.java:971) ~[ozone-manager-1.4.0-SNAPSHOT.jar:?]
	at org.apache.hadoop.ozone.protocolPB.OzoneManagerRequestHandler.handleReadRequest(OzoneManagerRequestHandler.java:250) ~[ozone-manager-1.4.0-SNAPSHOT.jar:?]
	at org.apache.hadoop.ozone.protocolPB.OzoneManagerProtocolServerSideTranslatorPB.submitReadRequestToOM(OzoneManagerProtocolServerSideTranslatorPB.java:225) ~[ozone-manager-1.4.0-SNAPSHOT.jar:?]
	at org.apache.hadoop.ozone.protocolPB.OzoneManagerProtocolServerSideTranslatorPB.processRequest(OzoneManagerProtocolServerSideTranslatorPB.java:179) ~[ozone-manager-1.4.0-SNAPSHOT.jar:?]
	at org.apache.hadoop.hdds.server.OzoneProtocolMessageDispatcher.processRequest(OzoneProtocolMessageDispatcher.java:87) [hdds-server-framework-1.4.0-SNAPSHOT.jar:?]
	at org.apache.hadoop.ozone.protocolPB.OzoneManagerProtocolServerSideTranslatorPB.submitRequest(OzoneManagerProtocolServerSideTranslatorPB.java:148) [ozone-manager-1.4.0-SNAPSHOT.jar:?]
	at org.apache.hadoop.ozone.protocol.proto.OzoneManagerProtocolProtos$OzoneManagerService$2.callBlockingMethod(OzoneManagerProtocolProtos.java) [ozone-interface-client-1.4.0-SNAPSHOT.jar:?]
	at org.apache.hadoop.ipc.ProtobufRpcEngine$Server.processCall(ProtobufRpcEngine.java:484) [hadoop-common-3.3.6.jar:?]
	at org.apache.hadoop.ipc.ProtobufRpcEngine2$Server$ProtoBufRpcInvoker.call(ProtobufRpcEngine2.java:595) [hadoop-common-3.3.6.jar:?]
	at org.apache.hadoop.ipc.ProtobufRpcEngine2$Server$ProtoBufRpcInvoker.call(ProtobufRpcEngine2.java:573) [hadoop-common-3.3.6.jar:?]
	at org.apache.hadoop.ipc.RPC$Server.call(RPC.java:1227) [hadoop-common-3.3.6.jar:?]
	at org.apache.hadoop.ipc.Server$RpcCall.run(Server.java:1094) [hadoop-common-3.3.6.jar:?]
	at org.apache.hadoop.ipc.Server$RpcCall.run(Server.java:1017) [hadoop-common-3.3.6.jar:?]
	at java.security.AccessController.doPrivileged(Native Method) ~[?:1.8.0_382]
	at javax.security.auth.Subject.doAs(Subject.java:422) [?:1.8.0_382]
	at org.apache.hadoop.security.UserGroupInformation.doAs(UserGroupInformation.java:1899) [hadoop-common-3.3.6.jar:?]
	at org.apache.hadoop.ipc.Server$Handler.run(Server.java:3048) [hadoop-common-3.3.6.jar:?]
04:48:37.668 [IPC Server handler 11 on default port 15004] ERROR OMAudit - user=runner | ip=127.0.0.1 | op=GET_FILE_STATUS {volume=volume25901, bucket=bucket39570, key=root_dir/file1/c, dataSize=0, replicationConfig=null} | ret=FAILURE
org.apache.hadoop.ozone.om.exceptions.OMException: Unable to get file status: volume: volume25901 bucket: bucket39570 key: root_dir/file1/c
	at org.apache.hadoop.ozone.om.KeyManagerImpl.getOzoneFileStatus(KeyManagerImpl.java:1195) ~[ozone-manager-1.4.0-SNAPSHOT.jar:?]
	at org.apache.hadoop.ozone.om.KeyManagerImpl.getFileStatus(KeyManagerImpl.java:1113) ~[ozone-manager-1.4.0-SNAPSHOT.jar:?]
	at org.apache.hadoop.ozone.om.OmMetadataReader.getFileStatus(OmMetadataReader.java:262) ~[ozone-manager-1.4.0-SNAPSHOT.jar:?]
	at org.apache.hadoop.ozone.om.OzoneManager.getFileStatus(OzoneManager.java:3530) ~[ozone-manager-1.4.0-SNAPSHOT.jar:?]
	at org.apache.hadoop.ozone.protocolPB.OzoneManagerRequestHandler.getOzoneFileStatus(OzoneManagerRequestHandler.java:971) ~[ozone-manager-1.4.0-SNAPSHOT.jar:?]
	at org.apache.hadoop.ozone.protocolPB.OzoneManagerRequestHandler.handleReadRequest(OzoneManagerRequestHandler.java:250) ~[ozone-manager-1.4.0-SNAPSHOT.jar:?]
	at org.apache.hadoop.ozone.protocolPB.OzoneManagerProtocolServerSideTranslatorPB.submitReadRequestToOM(OzoneManagerProtocolServerSideTranslatorPB.java:225) ~[ozone-manager-1.4.0-SNAPSHOT.jar:?]
	at org.apache.hadoop.ozone.protocolPB.OzoneManagerProtocolServerSideTranslatorPB.processRequest(OzoneManagerProtocolServerSideTranslatorPB.java:179) ~[ozone-manager-1.4.0-SNAPSHOT.jar:?]
	at org.apache.hadoop.hdds.server.OzoneProtocolMessageDispatcher.processRequest(OzoneProtocolMessageDispatcher.java:87) [hdds-server-framework-1.4.0-SNAPSHOT.jar:?]
	at org.apache.hadoop.ozone.protocolPB.OzoneManagerProtocolServerSideTranslatorPB.submitRequest(OzoneManagerProtocolServerSideTranslatorPB.java:148) [ozone-manager-1.4.0-SNAPSHOT.jar:?]
	at org.apache.hadoop.ozone.protocol.proto.OzoneManagerProtocolProtos$OzoneManagerService$2.callBlockingMethod(OzoneManagerProtocolProtos.java) [ozone-interface-client-1.4.0-SNAPSHOT.jar:?]
	at org.apache.hadoop.ipc.ProtobufRpcEngine$Server.processCall(ProtobufRpcEngine.java:484) [hadoop-common-3.3.6.jar:?]
	at org.apache.hadoop.ipc.ProtobufRpcEngine2$Server$ProtoBufRpcInvoker.call(ProtobufRpcEngine2.java:595) [hadoop-common-3.3.6.jar:?]
	at org.apache.hadoop.ipc.ProtobufRpcEngine2$Server$ProtoBufRpcInvoker.call(ProtobufRpcEngine2.java:573) [hadoop-common-3.3.6.jar:?]
	at org.apache.hadoop.ipc.RPC$Server.call(RPC.java:1227) [hadoop-common-3.3.6.jar:?]
	at org.apache.hadoop.ipc.Server$RpcCall.run(Server.java:1094) [hadoop-common-3.3.6.jar:?]
	at org.apache.hadoop.ipc.Server$RpcCall.run(Server.java:1017) [hadoop-common-3.3.6.jar:?]
	at java.security.AccessController.doPrivileged(Native Method) ~[?:1.8.0_382]
	at javax.security.auth.Subject.doAs(Subject.java:422) [?:1.8.0_382]
	at org.apache.hadoop.security.UserGroupInformation.doAs(UserGroupInformation.java:1899) [hadoop-common-3.3.6.jar:?]
	at org.apache.hadoop.ipc.Server$Handler.run(Server.java:3048) [hadoop-common-3.3.6.jar:?]
]]></system-out>
  </testcase>
  <testcase name="testRenameDestinationParentDoesntExist" classname="TestOzoneFileSystem" time="0.033">
    <system-out><![CDATA[04:50:31.557 [IPC Server handler 8 on default port 15057] ERROR OMAudit - user=runner | ip=127.0.0.1 | op=GET_FILE_STATUS {volume=volume43692, bucket=bucket46966, key=root_dir/b/c, dataSize=0, replicationConfig=null} | ret=FAILURE
org.apache.hadoop.ozone.om.exceptions.OMException: Unable to get file status: volume: volume43692 bucket: bucket46966 key: root_dir/b/c
	at org.apache.hadoop.ozone.om.KeyManagerImpl.getOzoneFileStatus(KeyManagerImpl.java:1195) ~[ozone-manager-1.4.0-SNAPSHOT.jar:?]
	at org.apache.hadoop.ozone.om.KeyManagerImpl.getFileStatus(KeyManagerImpl.java:1113) ~[ozone-manager-1.4.0-SNAPSHOT.jar:?]
	at org.apache.hadoop.ozone.om.OmMetadataReader.getFileStatus(OmMetadataReader.java:262) ~[ozone-manager-1.4.0-SNAPSHOT.jar:?]
	at org.apache.hadoop.ozone.om.OzoneManager.getFileStatus(OzoneManager.java:3530) ~[ozone-manager-1.4.0-SNAPSHOT.jar:?]
	at org.apache.hadoop.ozone.protocolPB.OzoneManagerRequestHandler.getOzoneFileStatus(OzoneManagerRequestHandler.java:971) ~[ozone-manager-1.4.0-SNAPSHOT.jar:?]
	at org.apache.hadoop.ozone.protocolPB.OzoneManagerRequestHandler.handleReadRequest(OzoneManagerRequestHandler.java:250) ~[ozone-manager-1.4.0-SNAPSHOT.jar:?]
	at org.apache.hadoop.ozone.protocolPB.OzoneManagerProtocolServerSideTranslatorPB.submitRequestDirectlyToOM(OzoneManagerProtocolServerSideTranslatorPB.java:274) ~[ozone-manager-1.4.0-SNAPSHOT.jar:?]
	at org.apache.hadoop.ozone.protocolPB.OzoneManagerProtocolServerSideTranslatorPB.processRequest(OzoneManagerProtocolServerSideTranslatorPB.java:175) ~[ozone-manager-1.4.0-SNAPSHOT.jar:?]
	at org.apache.hadoop.hdds.server.OzoneProtocolMessageDispatcher.processRequest(OzoneProtocolMessageDispatcher.java:87) [hdds-server-framework-1.4.0-SNAPSHOT.jar:?]
	at org.apache.hadoop.ozone.protocolPB.OzoneManagerProtocolServerSideTranslatorPB.submitRequest(OzoneManagerProtocolServerSideTranslatorPB.java:148) [ozone-manager-1.4.0-SNAPSHOT.jar:?]
	at org.apache.hadoop.ozone.protocol.proto.OzoneManagerProtocolProtos$OzoneManagerService$2.callBlockingMethod(OzoneManagerProtocolProtos.java) [ozone-interface-client-1.4.0-SNAPSHOT.jar:?]
	at org.apache.hadoop.ipc.ProtobufRpcEngine$Server.processCall(ProtobufRpcEngine.java:484) [hadoop-common-3.3.6.jar:?]
	at org.apache.hadoop.ipc.ProtobufRpcEngine2$Server$ProtoBufRpcInvoker.call(ProtobufRpcEngine2.java:595) [hadoop-common-3.3.6.jar:?]
	at org.apache.hadoop.ipc.ProtobufRpcEngine2$Server$ProtoBufRpcInvoker.call(ProtobufRpcEngine2.java:573) [hadoop-common-3.3.6.jar:?]
	at org.apache.hadoop.ipc.RPC$Server.call(RPC.java:1227) [hadoop-common-3.3.6.jar:?]
	at org.apache.hadoop.ipc.Server$RpcCall.run(Server.java:1094) [hadoop-common-3.3.6.jar:?]
	at org.apache.hadoop.ipc.Server$RpcCall.run(Server.java:1017) [hadoop-common-3.3.6.jar:?]
	at java.security.AccessController.doPrivileged(Native Method) ~[?:1.8.0_382]
	at javax.security.auth.Subject.doAs(Subject.java:422) [?:1.8.0_382]
	at org.apache.hadoop.security.UserGroupInformation.doAs(UserGroupInformation.java:1899) [hadoop-common-3.3.6.jar:?]
	at org.apache.hadoop.ipc.Server$Handler.run(Server.java:3048) [hadoop-common-3.3.6.jar:?]
04:50:31.559 [IPC Server handler 10 on default port 15057] ERROR OMAudit - user=runner | ip=127.0.0.1 | op=GET_FILE_STATUS {volume=volume43692, bucket=bucket46966, key=root_dir/b, dataSize=0, replicationConfig=null} | ret=FAILURE
org.apache.hadoop.ozone.om.exceptions.OMException: Unable to get file status: volume: volume43692 bucket: bucket46966 key: root_dir/b
	at org.apache.hadoop.ozone.om.KeyManagerImpl.getOzoneFileStatus(KeyManagerImpl.java:1195) ~[ozone-manager-1.4.0-SNAPSHOT.jar:?]
	at org.apache.hadoop.ozone.om.KeyManagerImpl.getFileStatus(KeyManagerImpl.java:1113) ~[ozone-manager-1.4.0-SNAPSHOT.jar:?]
	at org.apache.hadoop.ozone.om.OmMetadataReader.getFileStatus(OmMetadataReader.java:262) ~[ozone-manager-1.4.0-SNAPSHOT.jar:?]
	at org.apache.hadoop.ozone.om.OzoneManager.getFileStatus(OzoneManager.java:3530) ~[ozone-manager-1.4.0-SNAPSHOT.jar:?]
	at org.apache.hadoop.ozone.protocolPB.OzoneManagerRequestHandler.getOzoneFileStatus(OzoneManagerRequestHandler.java:971) ~[ozone-manager-1.4.0-SNAPSHOT.jar:?]
	at org.apache.hadoop.ozone.protocolPB.OzoneManagerRequestHandler.handleReadRequest(OzoneManagerRequestHandler.java:250) ~[ozone-manager-1.4.0-SNAPSHOT.jar:?]
	at org.apache.hadoop.ozone.protocolPB.OzoneManagerProtocolServerSideTranslatorPB.submitRequestDirectlyToOM(OzoneManagerProtocolServerSideTranslatorPB.java:274) ~[ozone-manager-1.4.0-SNAPSHOT.jar:?]
	at org.apache.hadoop.ozone.protocolPB.OzoneManagerProtocolServerSideTranslatorPB.processRequest(OzoneManagerProtocolServerSideTranslatorPB.java:175) ~[ozone-manager-1.4.0-SNAPSHOT.jar:?]
	at org.apache.hadoop.hdds.server.OzoneProtocolMessageDispatcher.processRequest(OzoneProtocolMessageDispatcher.java:87) [hdds-server-framework-1.4.0-SNAPSHOT.jar:?]
	at org.apache.hadoop.ozone.protocolPB.OzoneManagerProtocolServerSideTranslatorPB.submitRequest(OzoneManagerProtocolServerSideTranslatorPB.java:148) [ozone-manager-1.4.0-SNAPSHOT.jar:?]
	at org.apache.hadoop.ozone.protocol.proto.OzoneManagerProtocolProtos$OzoneManagerService$2.callBlockingMethod(OzoneManagerProtocolProtos.java) [ozone-interface-client-1.4.0-SNAPSHOT.jar:?]
	at org.apache.hadoop.ipc.ProtobufRpcEngine$Server.processCall(ProtobufRpcEngine.java:484) [hadoop-common-3.3.6.jar:?]
	at org.apache.hadoop.ipc.ProtobufRpcEngine2$Server$ProtoBufRpcInvoker.call(ProtobufRpcEngine2.java:595) [hadoop-common-3.3.6.jar:?]
	at org.apache.hadoop.ipc.ProtobufRpcEngine2$Server$ProtoBufRpcInvoker.call(ProtobufRpcEngine2.java:573) [hadoop-common-3.3.6.jar:?]
	at org.apache.hadoop.ipc.RPC$Server.call(RPC.java:1227) [hadoop-common-3.3.6.jar:?]
	at org.apache.hadoop.ipc.Server$RpcCall.run(Server.java:1094) [hadoop-common-3.3.6.jar:?]
	at org.apache.hadoop.ipc.Server$RpcCall.run(Server.java:1017) [hadoop-common-3.3.6.jar:?]
	at java.security.AccessController.doPrivileged(Native Method) ~[?:1.8.0_382]
	at javax.security.auth.Subject.doAs(Subject.java:422) [?:1.8.0_382]
	at org.apache.hadoop.security.UserGroupInformation.doAs(UserGroupInformation.java:1899) [hadoop-common-3.3.6.jar:?]
	at org.apache.hadoop.ipc.Server$Handler.run(Server.java:3048) [hadoop-common-3.3.6.jar:?]
04:50:31.570 [IPC Server handler 0 on default port 15057] ERROR OMAudit - user=runner | ip=127.0.0.1 | op=GET_FILE_STATUS {volume=volume43692, bucket=bucket46966, key=root_dir/file1/c, dataSize=0, replicationConfig=null} | ret=FAILURE
org.apache.hadoop.ozone.om.exceptions.OMException: Unable to get file status: volume: volume43692 bucket: bucket46966 key: root_dir/file1/c
	at org.apache.hadoop.ozone.om.KeyManagerImpl.getOzoneFileStatus(KeyManagerImpl.java:1195) ~[ozone-manager-1.4.0-SNAPSHOT.jar:?]
	at org.apache.hadoop.ozone.om.KeyManagerImpl.getFileStatus(KeyManagerImpl.java:1113) ~[ozone-manager-1.4.0-SNAPSHOT.jar:?]
	at org.apache.hadoop.ozone.om.OmMetadataReader.getFileStatus(OmMetadataReader.java:262) ~[ozone-manager-1.4.0-SNAPSHOT.jar:?]
	at org.apache.hadoop.ozone.om.OzoneManager.getFileStatus(OzoneManager.java:3530) ~[ozone-manager-1.4.0-SNAPSHOT.jar:?]
	at org.apache.hadoop.ozone.protocolPB.OzoneManagerRequestHandler.getOzoneFileStatus(OzoneManagerRequestHandler.java:971) ~[ozone-manager-1.4.0-SNAPSHOT.jar:?]
	at org.apache.hadoop.ozone.protocolPB.OzoneManagerRequestHandler.handleReadRequest(OzoneManagerRequestHandler.java:250) ~[ozone-manager-1.4.0-SNAPSHOT.jar:?]
	at org.apache.hadoop.ozone.protocolPB.OzoneManagerProtocolServerSideTranslatorPB.submitRequestDirectlyToOM(OzoneManagerProtocolServerSideTranslatorPB.java:274) ~[ozone-manager-1.4.0-SNAPSHOT.jar:?]
	at org.apache.hadoop.ozone.protocolPB.OzoneManagerProtocolServerSideTranslatorPB.processRequest(OzoneManagerProtocolServerSideTranslatorPB.java:175) ~[ozone-manager-1.4.0-SNAPSHOT.jar:?]
	at org.apache.hadoop.hdds.server.OzoneProtocolMessageDispatcher.processRequest(OzoneProtocolMessageDispatcher.java:87) [hdds-server-framework-1.4.0-SNAPSHOT.jar:?]
	at org.apache.hadoop.ozone.protocolPB.OzoneManagerProtocolServerSideTranslatorPB.submitRequest(OzoneManagerProtocolServerSideTranslatorPB.java:148) [ozone-manager-1.4.0-SNAPSHOT.jar:?]
	at org.apache.hadoop.ozone.protocol.proto.OzoneManagerProtocolProtos$OzoneManagerService$2.callBlockingMethod(OzoneManagerProtocolProtos.java) [ozone-interface-client-1.4.0-SNAPSHOT.jar:?]
	at org.apache.hadoop.ipc.ProtobufRpcEngine$Server.processCall(ProtobufRpcEngine.java:484) [hadoop-common-3.3.6.jar:?]
	at org.apache.hadoop.ipc.ProtobufRpcEngine2$Server$ProtoBufRpcInvoker.call(ProtobufRpcEngine2.java:595) [hadoop-common-3.3.6.jar:?]
	at org.apache.hadoop.ipc.ProtobufRpcEngine2$Server$ProtoBufRpcInvoker.call(ProtobufRpcEngine2.java:573) [hadoop-common-3.3.6.jar:?]
	at org.apache.hadoop.ipc.RPC$Server.call(RPC.java:1227) [hadoop-common-3.3.6.jar:?]
	at org.apache.hadoop.ipc.Server$RpcCall.run(Server.java:1094) [hadoop-common-3.3.6.jar:?]
	at org.apache.hadoop.ipc.Server$RpcCall.run(Server.java:1017) [hadoop-common-3.3.6.jar:?]
	at java.security.AccessController.doPrivileged(Native Method) ~[?:1.8.0_382]
	at javax.security.auth.Subject.doAs(Subject.java:422) [?:1.8.0_382]
	at org.apache.hadoop.security.UserGroupInformation.doAs(UserGroupInformation.java:1899) [hadoop-common-3.3.6.jar:?]
	at org.apache.hadoop.ipc.Server$Handler.run(Server.java:3048) [hadoop-common-3.3.6.jar:?]
]]></system-out>
  </testcase>
  <testcase name="testRenameDestinationParentDoesntExist" classname="TestOzoneFileSystem" time="0.057">
    <system-out><![CDATA[04:51:58.571 [IPC Server handler 17 on default port 15110] ERROR OMAudit - user=runner | ip=127.0.0.1 | op=GET_FILE_STATUS {volume=volume87246, bucket=bucket72820, key=root_dir/b/c, dataSize=0, replicationConfig=null} | ret=FAILURE
org.apache.hadoop.ozone.om.exceptions.OMException: Unable to get file status: volume: volume87246 bucket: bucket72820 key: root_dir/b/c
	at org.apache.hadoop.ozone.om.KeyManagerImpl.getOzoneFileStatus(KeyManagerImpl.java:1195) ~[ozone-manager-1.4.0-SNAPSHOT.jar:?]
	at org.apache.hadoop.ozone.om.KeyManagerImpl.getFileStatus(KeyManagerImpl.java:1113) ~[ozone-manager-1.4.0-SNAPSHOT.jar:?]
	at org.apache.hadoop.ozone.om.OmMetadataReader.getFileStatus(OmMetadataReader.java:262) ~[ozone-manager-1.4.0-SNAPSHOT.jar:?]
	at org.apache.hadoop.ozone.om.OzoneManager.getFileStatus(OzoneManager.java:3530) ~[ozone-manager-1.4.0-SNAPSHOT.jar:?]
	at org.apache.hadoop.ozone.protocolPB.OzoneManagerRequestHandler.getOzoneFileStatus(OzoneManagerRequestHandler.java:971) ~[ozone-manager-1.4.0-SNAPSHOT.jar:?]
	at org.apache.hadoop.ozone.protocolPB.OzoneManagerRequestHandler.handleReadRequest(OzoneManagerRequestHandler.java:250) ~[ozone-manager-1.4.0-SNAPSHOT.jar:?]
	at org.apache.hadoop.ozone.protocolPB.OzoneManagerProtocolServerSideTranslatorPB.submitReadRequestToOM(OzoneManagerProtocolServerSideTranslatorPB.java:225) ~[ozone-manager-1.4.0-SNAPSHOT.jar:?]
	at org.apache.hadoop.ozone.protocolPB.OzoneManagerProtocolServerSideTranslatorPB.processRequest(OzoneManagerProtocolServerSideTranslatorPB.java:179) ~[ozone-manager-1.4.0-SNAPSHOT.jar:?]
	at org.apache.hadoop.hdds.server.OzoneProtocolMessageDispatcher.processRequest(OzoneProtocolMessageDispatcher.java:87) [hdds-server-framework-1.4.0-SNAPSHOT.jar:?]
	at org.apache.hadoop.ozone.protocolPB.OzoneManagerProtocolServerSideTranslatorPB.submitRequest(OzoneManagerProtocolServerSideTranslatorPB.java:148) [ozone-manager-1.4.0-SNAPSHOT.jar:?]
	at org.apache.hadoop.ozone.protocol.proto.OzoneManagerProtocolProtos$OzoneManagerService$2.callBlockingMethod(OzoneManagerProtocolProtos.java) [ozone-interface-client-1.4.0-SNAPSHOT.jar:?]
	at org.apache.hadoop.ipc.ProtobufRpcEngine$Server.processCall(ProtobufRpcEngine.java:484) [hadoop-common-3.3.6.jar:?]
	at org.apache.hadoop.ipc.ProtobufRpcEngine2$Server$ProtoBufRpcInvoker.call(ProtobufRpcEngine2.java:595) [hadoop-common-3.3.6.jar:?]
	at org.apache.hadoop.ipc.ProtobufRpcEngine2$Server$ProtoBufRpcInvoker.call(ProtobufRpcEngine2.java:573) [hadoop-common-3.3.6.jar:?]
	at org.apache.hadoop.ipc.RPC$Server.call(RPC.java:1227) [hadoop-common-3.3.6.jar:?]
	at org.apache.hadoop.ipc.Server$RpcCall.run(Server.java:1094) [hadoop-common-3.3.6.jar:?]
	at org.apache.hadoop.ipc.Server$RpcCall.run(Server.java:1017) [hadoop-common-3.3.6.jar:?]
	at java.security.AccessController.doPrivileged(Native Method) ~[?:1.8.0_382]
	at javax.security.auth.Subject.doAs(Subject.java:422) [?:1.8.0_382]
	at org.apache.hadoop.security.UserGroupInformation.doAs(UserGroupInformation.java:1899) [hadoop-common-3.3.6.jar:?]
	at org.apache.hadoop.ipc.Server$Handler.run(Server.java:3048) [hadoop-common-3.3.6.jar:?]
04:51:58.575 [IPC Server handler 16 on default port 15110] ERROR OMAudit - user=runner | ip=127.0.0.1 | op=GET_FILE_STATUS {volume=volume87246, bucket=bucket72820, key=root_dir/b, dataSize=0, replicationConfig=null} | ret=FAILURE
org.apache.hadoop.ozone.om.exceptions.OMException: Unable to get file status: volume: volume87246 bucket: bucket72820 key: root_dir/b
	at org.apache.hadoop.ozone.om.KeyManagerImpl.getOzoneFileStatus(KeyManagerImpl.java:1195) ~[ozone-manager-1.4.0-SNAPSHOT.jar:?]
	at org.apache.hadoop.ozone.om.KeyManagerImpl.getFileStatus(KeyManagerImpl.java:1113) ~[ozone-manager-1.4.0-SNAPSHOT.jar:?]
	at org.apache.hadoop.ozone.om.OmMetadataReader.getFileStatus(OmMetadataReader.java:262) ~[ozone-manager-1.4.0-SNAPSHOT.jar:?]
	at org.apache.hadoop.ozone.om.OzoneManager.getFileStatus(OzoneManager.java:3530) ~[ozone-manager-1.4.0-SNAPSHOT.jar:?]
	at org.apache.hadoop.ozone.protocolPB.OzoneManagerRequestHandler.getOzoneFileStatus(OzoneManagerRequestHandler.java:971) ~[ozone-manager-1.4.0-SNAPSHOT.jar:?]
	at org.apache.hadoop.ozone.protocolPB.OzoneManagerRequestHandler.handleReadRequest(OzoneManagerRequestHandler.java:250) ~[ozone-manager-1.4.0-SNAPSHOT.jar:?]
	at org.apache.hadoop.ozone.protocolPB.OzoneManagerProtocolServerSideTranslatorPB.submitReadRequestToOM(OzoneManagerProtocolServerSideTranslatorPB.java:225) ~[ozone-manager-1.4.0-SNAPSHOT.jar:?]
	at org.apache.hadoop.ozone.protocolPB.OzoneManagerProtocolServerSideTranslatorPB.processRequest(OzoneManagerProtocolServerSideTranslatorPB.java:179) ~[ozone-manager-1.4.0-SNAPSHOT.jar:?]
	at org.apache.hadoop.hdds.server.OzoneProtocolMessageDispatcher.processRequest(OzoneProtocolMessageDispatcher.java:87) [hdds-server-framework-1.4.0-SNAPSHOT.jar:?]
	at org.apache.hadoop.ozone.protocolPB.OzoneManagerProtocolServerSideTranslatorPB.submitRequest(OzoneManagerProtocolServerSideTranslatorPB.java:148) [ozone-manager-1.4.0-SNAPSHOT.jar:?]
	at org.apache.hadoop.ozone.protocol.proto.OzoneManagerProtocolProtos$OzoneManagerService$2.callBlockingMethod(OzoneManagerProtocolProtos.java) [ozone-interface-client-1.4.0-SNAPSHOT.jar:?]
	at org.apache.hadoop.ipc.ProtobufRpcEngine$Server.processCall(ProtobufRpcEngine.java:484) [hadoop-common-3.3.6.jar:?]
	at org.apache.hadoop.ipc.ProtobufRpcEngine2$Server$ProtoBufRpcInvoker.call(ProtobufRpcEngine2.java:595) [hadoop-common-3.3.6.jar:?]
	at org.apache.hadoop.ipc.ProtobufRpcEngine2$Server$ProtoBufRpcInvoker.call(ProtobufRpcEngine2.java:573) [hadoop-common-3.3.6.jar:?]
	at org.apache.hadoop.ipc.RPC$Server.call(RPC.java:1227) [hadoop-common-3.3.6.jar:?]
	at org.apache.hadoop.ipc.Server$RpcCall.run(Server.java:1094) [hadoop-common-3.3.6.jar:?]
	at org.apache.hadoop.ipc.Server$RpcCall.run(Server.java:1017) [hadoop-common-3.3.6.jar:?]
	at java.security.AccessController.doPrivileged(Native Method) ~[?:1.8.0_382]
	at javax.security.auth.Subject.doAs(Subject.java:422) [?:1.8.0_382]
	at org.apache.hadoop.security.UserGroupInformation.doAs(UserGroupInformation.java:1899) [hadoop-common-3.3.6.jar:?]
	at org.apache.hadoop.ipc.Server$Handler.run(Server.java:3048) [hadoop-common-3.3.6.jar:?]
04:51:58.591 [IPC Server handler 2 on default port 15110] ERROR OMAudit - user=runner | ip=127.0.0.1 | op=GET_FILE_STATUS {volume=volume87246, bucket=bucket72820, key=root_dir/file1/c, dataSize=0, replicationConfig=null} | ret=FAILURE
org.apache.hadoop.ozone.om.exceptions.OMException: Unable to get file status: volume: volume87246 bucket: bucket72820 key: root_dir/file1/c
	at org.apache.hadoop.ozone.om.KeyManagerImpl.getOzoneFileStatus(KeyManagerImpl.java:1195) ~[ozone-manager-1.4.0-SNAPSHOT.jar:?]
	at org.apache.hadoop.ozone.om.KeyManagerImpl.getFileStatus(KeyManagerImpl.java:1113) ~[ozone-manager-1.4.0-SNAPSHOT.jar:?]
	at org.apache.hadoop.ozone.om.OmMetadataReader.getFileStatus(OmMetadataReader.java:262) ~[ozone-manager-1.4.0-SNAPSHOT.jar:?]
	at org.apache.hadoop.ozone.om.OzoneManager.getFileStatus(OzoneManager.java:3530) ~[ozone-manager-1.4.0-SNAPSHOT.jar:?]
	at org.apache.hadoop.ozone.protocolPB.OzoneManagerRequestHandler.getOzoneFileStatus(OzoneManagerRequestHandler.java:971) ~[ozone-manager-1.4.0-SNAPSHOT.jar:?]
	at org.apache.hadoop.ozone.protocolPB.OzoneManagerRequestHandler.handleReadRequest(OzoneManagerRequestHandler.java:250) ~[ozone-manager-1.4.0-SNAPSHOT.jar:?]
	at org.apache.hadoop.ozone.protocolPB.OzoneManagerProtocolServerSideTranslatorPB.submitReadRequestToOM(OzoneManagerProtocolServerSideTranslatorPB.java:225) ~[ozone-manager-1.4.0-SNAPSHOT.jar:?]
	at org.apache.hadoop.ozone.protocolPB.OzoneManagerProtocolServerSideTranslatorPB.processRequest(OzoneManagerProtocolServerSideTranslatorPB.java:179) ~[ozone-manager-1.4.0-SNAPSHOT.jar:?]
	at org.apache.hadoop.hdds.server.OzoneProtocolMessageDispatcher.processRequest(OzoneProtocolMessageDispatcher.java:87) [hdds-server-framework-1.4.0-SNAPSHOT.jar:?]
	at org.apache.hadoop.ozone.protocolPB.OzoneManagerProtocolServerSideTranslatorPB.submitRequest(OzoneManagerProtocolServerSideTranslatorPB.java:148) [ozone-manager-1.4.0-SNAPSHOT.jar:?]
	at org.apache.hadoop.ozone.protocol.proto.OzoneManagerProtocolProtos$OzoneManagerService$2.callBlockingMethod(OzoneManagerProtocolProtos.java) [ozone-interface-client-1.4.0-SNAPSHOT.jar:?]
	at org.apache.hadoop.ipc.ProtobufRpcEngine$Server.processCall(ProtobufRpcEngine.java:484) [hadoop-common-3.3.6.jar:?]
	at org.apache.hadoop.ipc.ProtobufRpcEngine2$Server$ProtoBufRpcInvoker.call(ProtobufRpcEngine2.java:595) [hadoop-common-3.3.6.jar:?]
	at org.apache.hadoop.ipc.ProtobufRpcEngine2$Server$ProtoBufRpcInvoker.call(ProtobufRpcEngine2.java:573) [hadoop-common-3.3.6.jar:?]
	at org.apache.hadoop.ipc.RPC$Server.call(RPC.java:1227) [hadoop-common-3.3.6.jar:?]
	at org.apache.hadoop.ipc.Server$RpcCall.run(Server.java:1094) [hadoop-common-3.3.6.jar:?]
	at org.apache.hadoop.ipc.Server$RpcCall.run(Server.java:1017) [hadoop-common-3.3.6.jar:?]
	at java.security.AccessController.doPrivileged(Native Method) ~[?:1.8.0_382]
	at javax.security.auth.Subject.doAs(Subject.java:422) [?:1.8.0_382]
	at org.apache.hadoop.security.UserGroupInformation.doAs(UserGroupInformation.java:1899) [hadoop-common-3.3.6.jar:?]
	at org.apache.hadoop.ipc.Server$Handler.run(Server.java:3048) [hadoop-common-3.3.6.jar:?]
]]></system-out>
  </testcase>
  <testcase name="testRenameDestinationParentDoesntExist" classname="TestOzoneFileSystem" time="0.028">
    <system-out><![CDATA[04:53:36.077 [IPC Server handler 14 on default port 15163] ERROR OMAudit - user=runner | ip=127.0.0.1 | op=GET_FILE_STATUS {volume=volume69932, bucket=bucket53154, key=root_dir/b/c, dataSize=0, replicationConfig=null} | ret=FAILURE
org.apache.hadoop.ozone.om.exceptions.OMException: Unable to get file status: volume: volume69932 bucket: bucket53154 key: root_dir/b/c
	at org.apache.hadoop.ozone.om.KeyManagerImpl.getOzoneFileStatus(KeyManagerImpl.java:1195) ~[ozone-manager-1.4.0-SNAPSHOT.jar:?]
	at org.apache.hadoop.ozone.om.KeyManagerImpl.getFileStatus(KeyManagerImpl.java:1113) ~[ozone-manager-1.4.0-SNAPSHOT.jar:?]
	at org.apache.hadoop.ozone.om.OmMetadataReader.getFileStatus(OmMetadataReader.java:262) ~[ozone-manager-1.4.0-SNAPSHOT.jar:?]
	at org.apache.hadoop.ozone.om.OzoneManager.getFileStatus(OzoneManager.java:3530) ~[ozone-manager-1.4.0-SNAPSHOT.jar:?]
	at org.apache.hadoop.ozone.protocolPB.OzoneManagerRequestHandler.getOzoneFileStatus(OzoneManagerRequestHandler.java:971) ~[ozone-manager-1.4.0-SNAPSHOT.jar:?]
	at org.apache.hadoop.ozone.protocolPB.OzoneManagerRequestHandler.handleReadRequest(OzoneManagerRequestHandler.java:250) ~[ozone-manager-1.4.0-SNAPSHOT.jar:?]
	at org.apache.hadoop.ozone.protocolPB.OzoneManagerProtocolServerSideTranslatorPB.submitRequestDirectlyToOM(OzoneManagerProtocolServerSideTranslatorPB.java:274) ~[ozone-manager-1.4.0-SNAPSHOT.jar:?]
	at org.apache.hadoop.ozone.protocolPB.OzoneManagerProtocolServerSideTranslatorPB.processRequest(OzoneManagerProtocolServerSideTranslatorPB.java:175) ~[ozone-manager-1.4.0-SNAPSHOT.jar:?]
	at org.apache.hadoop.hdds.server.OzoneProtocolMessageDispatcher.processRequest(OzoneProtocolMessageDispatcher.java:87) [hdds-server-framework-1.4.0-SNAPSHOT.jar:?]
	at org.apache.hadoop.ozone.protocolPB.OzoneManagerProtocolServerSideTranslatorPB.submitRequest(OzoneManagerProtocolServerSideTranslatorPB.java:148) [ozone-manager-1.4.0-SNAPSHOT.jar:?]
	at org.apache.hadoop.ozone.protocol.proto.OzoneManagerProtocolProtos$OzoneManagerService$2.callBlockingMethod(OzoneManagerProtocolProtos.java) [ozone-interface-client-1.4.0-SNAPSHOT.jar:?]
	at org.apache.hadoop.ipc.ProtobufRpcEngine$Server.processCall(ProtobufRpcEngine.java:484) [hadoop-common-3.3.6.jar:?]
	at org.apache.hadoop.ipc.ProtobufRpcEngine2$Server$ProtoBufRpcInvoker.call(ProtobufRpcEngine2.java:595) [hadoop-common-3.3.6.jar:?]
	at org.apache.hadoop.ipc.ProtobufRpcEngine2$Server$ProtoBufRpcInvoker.call(ProtobufRpcEngine2.java:573) [hadoop-common-3.3.6.jar:?]
	at org.apache.hadoop.ipc.RPC$Server.call(RPC.java:1227) [hadoop-common-3.3.6.jar:?]
	at org.apache.hadoop.ipc.Server$RpcCall.run(Server.java:1094) [hadoop-common-3.3.6.jar:?]
	at org.apache.hadoop.ipc.Server$RpcCall.run(Server.java:1017) [hadoop-common-3.3.6.jar:?]
	at java.security.AccessController.doPrivileged(Native Method) ~[?:1.8.0_382]
	at javax.security.auth.Subject.doAs(Subject.java:422) [?:1.8.0_382]
	at org.apache.hadoop.security.UserGroupInformation.doAs(UserGroupInformation.java:1899) [hadoop-common-3.3.6.jar:?]
	at org.apache.hadoop.ipc.Server$Handler.run(Server.java:3048) [hadoop-common-3.3.6.jar:?]
04:53:36.079 [IPC Server handler 16 on default port 15163] ERROR OMAudit - user=runner | ip=127.0.0.1 | op=GET_FILE_STATUS {volume=volume69932, bucket=bucket53154, key=root_dir/b, dataSize=0, replicationConfig=null} | ret=FAILURE
org.apache.hadoop.ozone.om.exceptions.OMException: Unable to get file status: volume: volume69932 bucket: bucket53154 key: root_dir/b
	at org.apache.hadoop.ozone.om.KeyManagerImpl.getOzoneFileStatus(KeyManagerImpl.java:1195) ~[ozone-manager-1.4.0-SNAPSHOT.jar:?]
	at org.apache.hadoop.ozone.om.KeyManagerImpl.getFileStatus(KeyManagerImpl.java:1113) ~[ozone-manager-1.4.0-SNAPSHOT.jar:?]
	at org.apache.hadoop.ozone.om.OmMetadataReader.getFileStatus(OmMetadataReader.java:262) ~[ozone-manager-1.4.0-SNAPSHOT.jar:?]
	at org.apache.hadoop.ozone.om.OzoneManager.getFileStatus(OzoneManager.java:3530) ~[ozone-manager-1.4.0-SNAPSHOT.jar:?]
	at org.apache.hadoop.ozone.protocolPB.OzoneManagerRequestHandler.getOzoneFileStatus(OzoneManagerRequestHandler.java:971) ~[ozone-manager-1.4.0-SNAPSHOT.jar:?]
	at org.apache.hadoop.ozone.protocolPB.OzoneManagerRequestHandler.handleReadRequest(OzoneManagerRequestHandler.java:250) ~[ozone-manager-1.4.0-SNAPSHOT.jar:?]
	at org.apache.hadoop.ozone.protocolPB.OzoneManagerProtocolServerSideTranslatorPB.submitRequestDirectlyToOM(OzoneManagerProtocolServerSideTranslatorPB.java:274) ~[ozone-manager-1.4.0-SNAPSHOT.jar:?]
	at org.apache.hadoop.ozone.protocolPB.OzoneManagerProtocolServerSideTranslatorPB.processRequest(OzoneManagerProtocolServerSideTranslatorPB.java:175) ~[ozone-manager-1.4.0-SNAPSHOT.jar:?]
	at org.apache.hadoop.hdds.server.OzoneProtocolMessageDispatcher.processRequest(OzoneProtocolMessageDispatcher.java:87) [hdds-server-framework-1.4.0-SNAPSHOT.jar:?]
	at org.apache.hadoop.ozone.protocolPB.OzoneManagerProtocolServerSideTranslatorPB.submitRequest(OzoneManagerProtocolServerSideTranslatorPB.java:148) [ozone-manager-1.4.0-SNAPSHOT.jar:?]
	at org.apache.hadoop.ozone.protocol.proto.OzoneManagerProtocolProtos$OzoneManagerService$2.callBlockingMethod(OzoneManagerProtocolProtos.java) [ozone-interface-client-1.4.0-SNAPSHOT.jar:?]
	at org.apache.hadoop.ipc.ProtobufRpcEngine$Server.processCall(ProtobufRpcEngine.java:484) [hadoop-common-3.3.6.jar:?]
	at org.apache.hadoop.ipc.ProtobufRpcEngine2$Server$ProtoBufRpcInvoker.call(ProtobufRpcEngine2.java:595) [hadoop-common-3.3.6.jar:?]
	at org.apache.hadoop.ipc.ProtobufRpcEngine2$Server$ProtoBufRpcInvoker.call(ProtobufRpcEngine2.java:573) [hadoop-common-3.3.6.jar:?]
	at org.apache.hadoop.ipc.RPC$Server.call(RPC.java:1227) [hadoop-common-3.3.6.jar:?]
	at org.apache.hadoop.ipc.Server$RpcCall.run(Server.java:1094) [hadoop-common-3.3.6.jar:?]
	at org.apache.hadoop.ipc.Server$RpcCall.run(Server.java:1017) [hadoop-common-3.3.6.jar:?]
	at java.security.AccessController.doPrivileged(Native Method) ~[?:1.8.0_382]
	at javax.security.auth.Subject.doAs(Subject.java:422) [?:1.8.0_382]
	at org.apache.hadoop.security.UserGroupInformation.doAs(UserGroupInformation.java:1899) [hadoop-common-3.3.6.jar:?]
	at org.apache.hadoop.ipc.Server$Handler.run(Server.java:3048) [hadoop-common-3.3.6.jar:?]
04:53:36.090 [IPC Server handler 10 on default port 15163] ERROR OMAudit - user=runner | ip=127.0.0.1 | op=GET_FILE_STATUS {volume=volume69932, bucket=bucket53154, key=root_dir/file1/c, dataSize=0, replicationConfig=null} | ret=FAILURE
org.apache.hadoop.ozone.om.exceptions.OMException: Unable to get file status: volume: volume69932 bucket: bucket53154 key: root_dir/file1/c
	at org.apache.hadoop.ozone.om.KeyManagerImpl.getOzoneFileStatus(KeyManagerImpl.java:1195) ~[ozone-manager-1.4.0-SNAPSHOT.jar:?]
	at org.apache.hadoop.ozone.om.KeyManagerImpl.getFileStatus(KeyManagerImpl.java:1113) ~[ozone-manager-1.4.0-SNAPSHOT.jar:?]
	at org.apache.hadoop.ozone.om.OmMetadataReader.getFileStatus(OmMetadataReader.java:262) ~[ozone-manager-1.4.0-SNAPSHOT.jar:?]
	at org.apache.hadoop.ozone.om.OzoneManager.getFileStatus(OzoneManager.java:3530) ~[ozone-manager-1.4.0-SNAPSHOT.jar:?]
	at org.apache.hadoop.ozone.protocolPB.OzoneManagerRequestHandler.getOzoneFileStatus(OzoneManagerRequestHandler.java:971) ~[ozone-manager-1.4.0-SNAPSHOT.jar:?]
	at org.apache.hadoop.ozone.protocolPB.OzoneManagerRequestHandler.handleReadRequest(OzoneManagerRequestHandler.java:250) ~[ozone-manager-1.4.0-SNAPSHOT.jar:?]
	at org.apache.hadoop.ozone.protocolPB.OzoneManagerProtocolServerSideTranslatorPB.submitRequestDirectlyToOM(OzoneManagerProtocolServerSideTranslatorPB.java:274) ~[ozone-manager-1.4.0-SNAPSHOT.jar:?]
	at org.apache.hadoop.ozone.protocolPB.OzoneManagerProtocolServerSideTranslatorPB.processRequest(OzoneManagerProtocolServerSideTranslatorPB.java:175) ~[ozone-manager-1.4.0-SNAPSHOT.jar:?]
	at org.apache.hadoop.hdds.server.OzoneProtocolMessageDispatcher.processRequest(OzoneProtocolMessageDispatcher.java:87) [hdds-server-framework-1.4.0-SNAPSHOT.jar:?]
	at org.apache.hadoop.ozone.protocolPB.OzoneManagerProtocolServerSideTranslatorPB.submitRequest(OzoneManagerProtocolServerSideTranslatorPB.java:148) [ozone-manager-1.4.0-SNAPSHOT.jar:?]
	at org.apache.hadoop.ozone.protocol.proto.OzoneManagerProtocolProtos$OzoneManagerService$2.callBlockingMethod(OzoneManagerProtocolProtos.java) [ozone-interface-client-1.4.0-SNAPSHOT.jar:?]
	at org.apache.hadoop.ipc.ProtobufRpcEngine$Server.processCall(ProtobufRpcEngine.java:484) [hadoop-common-3.3.6.jar:?]
	at org.apache.hadoop.ipc.ProtobufRpcEngine2$Server$ProtoBufRpcInvoker.call(ProtobufRpcEngine2.java:595) [hadoop-common-3.3.6.jar:?]
	at org.apache.hadoop.ipc.ProtobufRpcEngine2$Server$ProtoBufRpcInvoker.call(ProtobufRpcEngine2.java:573) [hadoop-common-3.3.6.jar:?]
	at org.apache.hadoop.ipc.RPC$Server.call(RPC.java:1227) [hadoop-common-3.3.6.jar:?]
	at org.apache.hadoop.ipc.Server$RpcCall.run(Server.java:1094) [hadoop-common-3.3.6.jar:?]
	at org.apache.hadoop.ipc.Server$RpcCall.run(Server.java:1017) [hadoop-common-3.3.6.jar:?]
	at java.security.AccessController.doPrivileged(Native Method) ~[?:1.8.0_382]
	at javax.security.auth.Subject.doAs(Subject.java:422) [?:1.8.0_382]
	at org.apache.hadoop.security.UserGroupInformation.doAs(UserGroupInformation.java:1899) [hadoop-common-3.3.6.jar:?]
	at org.apache.hadoop.ipc.Server$Handler.run(Server.java:3048) [hadoop-common-3.3.6.jar:?]
]]></system-out>
  </testcase>
  <testcase name="testCreateWithInvalidPaths" classname="TestOzoneFileSystem" time="0.013"/>
  <testcase name="testCreateWithInvalidPaths" classname="TestOzoneFileSystem" time="0.004"/>
  <testcase name="testCreateWithInvalidPaths" classname="TestOzoneFileSystem" time="0.004"/>
  <testcase name="testCreateWithInvalidPaths" classname="TestOzoneFileSystem" time="0.003"/>
  <testcase name="testListStatusOnRoot" classname="TestOzoneFileSystem" time="0.06"/>
  <testcase name="testListStatusOnRoot" classname="TestOzoneFileSystem" time="0.023"/>
  <testcase name="testListStatusOnRoot" classname="TestOzoneFileSystem" time="0.023"/>
  <testcase name="testListStatusOnRoot" classname="TestOzoneFileSystem" time="0.021"/>
  <testcase name="testRenameWithNonExistentSource" classname="TestOzoneFileSystem" time="0.034">
    <system-out><![CDATA[2023-09-07 04:48:37,775 [Time-limited test] INFO  ozone.TestOzoneFileSystem (TestOzoneFileSystem.java:testRenameWithNonExistentSource(1158)) - Created destin dir: o3fs://bucket39570.volume25901/root/dir2
2023-09-07 04:48:37,775 [Time-limited test] INFO  ozone.TestOzoneFileSystem (TestOzoneFileSystem.java:testRenameWithNonExistentSource(1160)) - Rename op-> source:o3fs://bucket39570.volume25901/root/dir1 to destin:o3fs://bucket39570.volume25901/root/dir2}
04:48:37.777 [IPC Server handler 0 on default port 15004] ERROR OMAudit - user=runner | ip=127.0.0.1 | op=GET_FILE_STATUS {volume=volume25901, bucket=bucket39570, key=root/dir1, dataSize=0, replicationConfig=null} | ret=FAILURE
org.apache.hadoop.ozone.om.exceptions.OMException: Unable to get file status: volume: volume25901 bucket: bucket39570 key: root/dir1
	at org.apache.hadoop.ozone.om.KeyManagerImpl.getOzoneFileStatus(KeyManagerImpl.java:1195) ~[ozone-manager-1.4.0-SNAPSHOT.jar:?]
	at org.apache.hadoop.ozone.om.KeyManagerImpl.getFileStatus(KeyManagerImpl.java:1113) ~[ozone-manager-1.4.0-SNAPSHOT.jar:?]
	at org.apache.hadoop.ozone.om.OmMetadataReader.getFileStatus(OmMetadataReader.java:262) ~[ozone-manager-1.4.0-SNAPSHOT.jar:?]
	at org.apache.hadoop.ozone.om.OzoneManager.getFileStatus(OzoneManager.java:3530) ~[ozone-manager-1.4.0-SNAPSHOT.jar:?]
	at org.apache.hadoop.ozone.protocolPB.OzoneManagerRequestHandler.getOzoneFileStatus(OzoneManagerRequestHandler.java:971) ~[ozone-manager-1.4.0-SNAPSHOT.jar:?]
	at org.apache.hadoop.ozone.protocolPB.OzoneManagerRequestHandler.handleReadRequest(OzoneManagerRequestHandler.java:250) ~[ozone-manager-1.4.0-SNAPSHOT.jar:?]
	at org.apache.hadoop.ozone.protocolPB.OzoneManagerProtocolServerSideTranslatorPB.submitReadRequestToOM(OzoneManagerProtocolServerSideTranslatorPB.java:225) ~[ozone-manager-1.4.0-SNAPSHOT.jar:?]
	at org.apache.hadoop.ozone.protocolPB.OzoneManagerProtocolServerSideTranslatorPB.processRequest(OzoneManagerProtocolServerSideTranslatorPB.java:179) ~[ozone-manager-1.4.0-SNAPSHOT.jar:?]
	at org.apache.hadoop.hdds.server.OzoneProtocolMessageDispatcher.processRequest(OzoneProtocolMessageDispatcher.java:87) [hdds-server-framework-1.4.0-SNAPSHOT.jar:?]
	at org.apache.hadoop.ozone.protocolPB.OzoneManagerProtocolServerSideTranslatorPB.submitRequest(OzoneManagerProtocolServerSideTranslatorPB.java:148) [ozone-manager-1.4.0-SNAPSHOT.jar:?]
	at org.apache.hadoop.ozone.protocol.proto.OzoneManagerProtocolProtos$OzoneManagerService$2.callBlockingMethod(OzoneManagerProtocolProtos.java) [ozone-interface-client-1.4.0-SNAPSHOT.jar:?]
	at org.apache.hadoop.ipc.ProtobufRpcEngine$Server.processCall(ProtobufRpcEngine.java:484) [hadoop-common-3.3.6.jar:?]
	at org.apache.hadoop.ipc.ProtobufRpcEngine2$Server$ProtoBufRpcInvoker.call(ProtobufRpcEngine2.java:595) [hadoop-common-3.3.6.jar:?]
	at org.apache.hadoop.ipc.ProtobufRpcEngine2$Server$ProtoBufRpcInvoker.call(ProtobufRpcEngine2.java:573) [hadoop-common-3.3.6.jar:?]
	at org.apache.hadoop.ipc.RPC$Server.call(RPC.java:1227) [hadoop-common-3.3.6.jar:?]
	at org.apache.hadoop.ipc.Server$RpcCall.run(Server.java:1094) [hadoop-common-3.3.6.jar:?]
	at org.apache.hadoop.ipc.Server$RpcCall.run(Server.java:1017) [hadoop-common-3.3.6.jar:?]
	at java.security.AccessController.doPrivileged(Native Method) ~[?:1.8.0_382]
	at javax.security.auth.Subject.doAs(Subject.java:422) [?:1.8.0_382]
	at org.apache.hadoop.security.UserGroupInformation.doAs(UserGroupInformation.java:1899) [hadoop-common-3.3.6.jar:?]
	at org.apache.hadoop.ipc.Server$Handler.run(Server.java:3048) [hadoop-common-3.3.6.jar:?]
]]></system-out>
  </testcase>
  <testcase name="testRenameWithNonExistentSource" classname="TestOzoneFileSystem" time="0.014">
    <system-out><![CDATA[2023-09-07 04:50:31,610 [Time-limited test] INFO  ozone.TestOzoneFileSystem (TestOzoneFileSystem.java:testRenameWithNonExistentSource(1158)) - Created destin dir: o3fs://bucket46966.volume43692/root/dir2
2023-09-07 04:50:31,610 [Time-limited test] INFO  ozone.TestOzoneFileSystem (TestOzoneFileSystem.java:testRenameWithNonExistentSource(1160)) - Rename op-> source:o3fs://bucket46966.volume43692/root/dir1 to destin:o3fs://bucket46966.volume43692/root/dir2}
04:50:31.611 [IPC Server handler 13 on default port 15057] ERROR OMAudit - user=runner | ip=127.0.0.1 | op=GET_FILE_STATUS {volume=volume43692, bucket=bucket46966, key=root/dir1, dataSize=0, replicationConfig=null} | ret=FAILURE
org.apache.hadoop.ozone.om.exceptions.OMException: Unable to get file status: volume: volume43692 bucket: bucket46966 key: root/dir1
	at org.apache.hadoop.ozone.om.KeyManagerImpl.getOzoneFileStatus(KeyManagerImpl.java:1195) ~[ozone-manager-1.4.0-SNAPSHOT.jar:?]
	at org.apache.hadoop.ozone.om.KeyManagerImpl.getFileStatus(KeyManagerImpl.java:1113) ~[ozone-manager-1.4.0-SNAPSHOT.jar:?]
	at org.apache.hadoop.ozone.om.OmMetadataReader.getFileStatus(OmMetadataReader.java:262) ~[ozone-manager-1.4.0-SNAPSHOT.jar:?]
	at org.apache.hadoop.ozone.om.OzoneManager.getFileStatus(OzoneManager.java:3530) ~[ozone-manager-1.4.0-SNAPSHOT.jar:?]
	at org.apache.hadoop.ozone.protocolPB.OzoneManagerRequestHandler.getOzoneFileStatus(OzoneManagerRequestHandler.java:971) ~[ozone-manager-1.4.0-SNAPSHOT.jar:?]
	at org.apache.hadoop.ozone.protocolPB.OzoneManagerRequestHandler.handleReadRequest(OzoneManagerRequestHandler.java:250) ~[ozone-manager-1.4.0-SNAPSHOT.jar:?]
	at org.apache.hadoop.ozone.protocolPB.OzoneManagerProtocolServerSideTranslatorPB.submitRequestDirectlyToOM(OzoneManagerProtocolServerSideTranslatorPB.java:274) ~[ozone-manager-1.4.0-SNAPSHOT.jar:?]
	at org.apache.hadoop.ozone.protocolPB.OzoneManagerProtocolServerSideTranslatorPB.processRequest(OzoneManagerProtocolServerSideTranslatorPB.java:175) ~[ozone-manager-1.4.0-SNAPSHOT.jar:?]
	at org.apache.hadoop.hdds.server.OzoneProtocolMessageDispatcher.processRequest(OzoneProtocolMessageDispatcher.java:87) [hdds-server-framework-1.4.0-SNAPSHOT.jar:?]
	at org.apache.hadoop.ozone.protocolPB.OzoneManagerProtocolServerSideTranslatorPB.submitRequest(OzoneManagerProtocolServerSideTranslatorPB.java:148) [ozone-manager-1.4.0-SNAPSHOT.jar:?]
	at org.apache.hadoop.ozone.protocol.proto.OzoneManagerProtocolProtos$OzoneManagerService$2.callBlockingMethod(OzoneManagerProtocolProtos.java) [ozone-interface-client-1.4.0-SNAPSHOT.jar:?]
	at org.apache.hadoop.ipc.ProtobufRpcEngine$Server.processCall(ProtobufRpcEngine.java:484) [hadoop-common-3.3.6.jar:?]
	at org.apache.hadoop.ipc.ProtobufRpcEngine2$Server$ProtoBufRpcInvoker.call(ProtobufRpcEngine2.java:595) [hadoop-common-3.3.6.jar:?]
	at org.apache.hadoop.ipc.ProtobufRpcEngine2$Server$ProtoBufRpcInvoker.call(ProtobufRpcEngine2.java:573) [hadoop-common-3.3.6.jar:?]
	at org.apache.hadoop.ipc.RPC$Server.call(RPC.java:1227) [hadoop-common-3.3.6.jar:?]
	at org.apache.hadoop.ipc.Server$RpcCall.run(Server.java:1094) [hadoop-common-3.3.6.jar:?]
	at org.apache.hadoop.ipc.Server$RpcCall.run(Server.java:1017) [hadoop-common-3.3.6.jar:?]
	at java.security.AccessController.doPrivileged(Native Method) ~[?:1.8.0_382]
	at javax.security.auth.Subject.doAs(Subject.java:422) [?:1.8.0_382]
	at org.apache.hadoop.security.UserGroupInformation.doAs(UserGroupInformation.java:1899) [hadoop-common-3.3.6.jar:?]
	at org.apache.hadoop.ipc.Server$Handler.run(Server.java:3048) [hadoop-common-3.3.6.jar:?]
]]></system-out>
  </testcase>
  <testcase name="testRenameWithNonExistentSource" classname="TestOzoneFileSystem" time="0.022">
    <system-out><![CDATA[2023-09-07 04:51:58,649 [Time-limited test] INFO  ozone.TestOzoneFileSystem (TestOzoneFileSystem.java:testRenameWithNonExistentSource(1158)) - Created destin dir: o3fs://bucket72820.volume87246/root/dir2
2023-09-07 04:51:58,649 [Time-limited test] INFO  ozone.TestOzoneFileSystem (TestOzoneFileSystem.java:testRenameWithNonExistentSource(1160)) - Rename op-> source:o3fs://bucket72820.volume87246/root/dir1 to destin:o3fs://bucket72820.volume87246/root/dir2}
04:51:58.651 [IPC Server handler 15 on default port 15110] ERROR OMAudit - user=runner | ip=127.0.0.1 | op=GET_FILE_STATUS {volume=volume87246, bucket=bucket72820, key=root/dir1, dataSize=0, replicationConfig=null} | ret=FAILURE
org.apache.hadoop.ozone.om.exceptions.OMException: Unable to get file status: volume: volume87246 bucket: bucket72820 key: root/dir1
	at org.apache.hadoop.ozone.om.KeyManagerImpl.getOzoneFileStatus(KeyManagerImpl.java:1195) ~[ozone-manager-1.4.0-SNAPSHOT.jar:?]
	at org.apache.hadoop.ozone.om.KeyManagerImpl.getFileStatus(KeyManagerImpl.java:1113) ~[ozone-manager-1.4.0-SNAPSHOT.jar:?]
	at org.apache.hadoop.ozone.om.OmMetadataReader.getFileStatus(OmMetadataReader.java:262) ~[ozone-manager-1.4.0-SNAPSHOT.jar:?]
	at org.apache.hadoop.ozone.om.OzoneManager.getFileStatus(OzoneManager.java:3530) ~[ozone-manager-1.4.0-SNAPSHOT.jar:?]
	at org.apache.hadoop.ozone.protocolPB.OzoneManagerRequestHandler.getOzoneFileStatus(OzoneManagerRequestHandler.java:971) ~[ozone-manager-1.4.0-SNAPSHOT.jar:?]
	at org.apache.hadoop.ozone.protocolPB.OzoneManagerRequestHandler.handleReadRequest(OzoneManagerRequestHandler.java:250) ~[ozone-manager-1.4.0-SNAPSHOT.jar:?]
	at org.apache.hadoop.ozone.protocolPB.OzoneManagerProtocolServerSideTranslatorPB.submitReadRequestToOM(OzoneManagerProtocolServerSideTranslatorPB.java:225) ~[ozone-manager-1.4.0-SNAPSHOT.jar:?]
	at org.apache.hadoop.ozone.protocolPB.OzoneManagerProtocolServerSideTranslatorPB.processRequest(OzoneManagerProtocolServerSideTranslatorPB.java:179) ~[ozone-manager-1.4.0-SNAPSHOT.jar:?]
	at org.apache.hadoop.hdds.server.OzoneProtocolMessageDispatcher.processRequest(OzoneProtocolMessageDispatcher.java:87) [hdds-server-framework-1.4.0-SNAPSHOT.jar:?]
	at org.apache.hadoop.ozone.protocolPB.OzoneManagerProtocolServerSideTranslatorPB.submitRequest(OzoneManagerProtocolServerSideTranslatorPB.java:148) [ozone-manager-1.4.0-SNAPSHOT.jar:?]
	at org.apache.hadoop.ozone.protocol.proto.OzoneManagerProtocolProtos$OzoneManagerService$2.callBlockingMethod(OzoneManagerProtocolProtos.java) [ozone-interface-client-1.4.0-SNAPSHOT.jar:?]
	at org.apache.hadoop.ipc.ProtobufRpcEngine$Server.processCall(ProtobufRpcEngine.java:484) [hadoop-common-3.3.6.jar:?]
	at org.apache.hadoop.ipc.ProtobufRpcEngine2$Server$ProtoBufRpcInvoker.call(ProtobufRpcEngine2.java:595) [hadoop-common-3.3.6.jar:?]
	at org.apache.hadoop.ipc.ProtobufRpcEngine2$Server$ProtoBufRpcInvoker.call(ProtobufRpcEngine2.java:573) [hadoop-common-3.3.6.jar:?]
	at org.apache.hadoop.ipc.RPC$Server.call(RPC.java:1227) [hadoop-common-3.3.6.jar:?]
	at org.apache.hadoop.ipc.Server$RpcCall.run(Server.java:1094) [hadoop-common-3.3.6.jar:?]
	at org.apache.hadoop.ipc.Server$RpcCall.run(Server.java:1017) [hadoop-common-3.3.6.jar:?]
	at java.security.AccessController.doPrivileged(Native Method) ~[?:1.8.0_382]
	at javax.security.auth.Subject.doAs(Subject.java:422) [?:1.8.0_382]
	at org.apache.hadoop.security.UserGroupInformation.doAs(UserGroupInformation.java:1899) [hadoop-common-3.3.6.jar:?]
	at org.apache.hadoop.ipc.Server$Handler.run(Server.java:3048) [hadoop-common-3.3.6.jar:?]
]]></system-out>
  </testcase>
  <testcase name="testRenameWithNonExistentSource" classname="TestOzoneFileSystem" time="0.011">
    <system-out><![CDATA[2023-09-07 04:53:36,126 [Time-limited test] INFO  ozone.TestOzoneFileSystem (TestOzoneFileSystem.java:testRenameWithNonExistentSource(1158)) - Created destin dir: o3fs://bucket53154.volume69932/root/dir2
2023-09-07 04:53:36,126 [Time-limited test] INFO  ozone.TestOzoneFileSystem (TestOzoneFileSystem.java:testRenameWithNonExistentSource(1160)) - Rename op-> source:o3fs://bucket53154.volume69932/root/dir1 to destin:o3fs://bucket53154.volume69932/root/dir2}
04:53:36.127 [IPC Server handler 7 on default port 15163] ERROR OMAudit - user=runner | ip=127.0.0.1 | op=GET_FILE_STATUS {volume=volume69932, bucket=bucket53154, key=root/dir1, dataSize=0, replicationConfig=null} | ret=FAILURE
org.apache.hadoop.ozone.om.exceptions.OMException: Unable to get file status: volume: volume69932 bucket: bucket53154 key: root/dir1
	at org.apache.hadoop.ozone.om.KeyManagerImpl.getOzoneFileStatus(KeyManagerImpl.java:1195) ~[ozone-manager-1.4.0-SNAPSHOT.jar:?]
	at org.apache.hadoop.ozone.om.KeyManagerImpl.getFileStatus(KeyManagerImpl.java:1113) ~[ozone-manager-1.4.0-SNAPSHOT.jar:?]
	at org.apache.hadoop.ozone.om.OmMetadataReader.getFileStatus(OmMetadataReader.java:262) ~[ozone-manager-1.4.0-SNAPSHOT.jar:?]
	at org.apache.hadoop.ozone.om.OzoneManager.getFileStatus(OzoneManager.java:3530) ~[ozone-manager-1.4.0-SNAPSHOT.jar:?]
	at org.apache.hadoop.ozone.protocolPB.OzoneManagerRequestHandler.getOzoneFileStatus(OzoneManagerRequestHandler.java:971) ~[ozone-manager-1.4.0-SNAPSHOT.jar:?]
	at org.apache.hadoop.ozone.protocolPB.OzoneManagerRequestHandler.handleReadRequest(OzoneManagerRequestHandler.java:250) ~[ozone-manager-1.4.0-SNAPSHOT.jar:?]
	at org.apache.hadoop.ozone.protocolPB.OzoneManagerProtocolServerSideTranslatorPB.submitRequestDirectlyToOM(OzoneManagerProtocolServerSideTranslatorPB.java:274) ~[ozone-manager-1.4.0-SNAPSHOT.jar:?]
	at org.apache.hadoop.ozone.protocolPB.OzoneManagerProtocolServerSideTranslatorPB.processRequest(OzoneManagerProtocolServerSideTranslatorPB.java:175) ~[ozone-manager-1.4.0-SNAPSHOT.jar:?]
	at org.apache.hadoop.hdds.server.OzoneProtocolMessageDispatcher.processRequest(OzoneProtocolMessageDispatcher.java:87) [hdds-server-framework-1.4.0-SNAPSHOT.jar:?]
	at org.apache.hadoop.ozone.protocolPB.OzoneManagerProtocolServerSideTranslatorPB.submitRequest(OzoneManagerProtocolServerSideTranslatorPB.java:148) [ozone-manager-1.4.0-SNAPSHOT.jar:?]
	at org.apache.hadoop.ozone.protocol.proto.OzoneManagerProtocolProtos$OzoneManagerService$2.callBlockingMethod(OzoneManagerProtocolProtos.java) [ozone-interface-client-1.4.0-SNAPSHOT.jar:?]
	at org.apache.hadoop.ipc.ProtobufRpcEngine$Server.processCall(ProtobufRpcEngine.java:484) [hadoop-common-3.3.6.jar:?]
	at org.apache.hadoop.ipc.ProtobufRpcEngine2$Server$ProtoBufRpcInvoker.call(ProtobufRpcEngine2.java:595) [hadoop-common-3.3.6.jar:?]
	at org.apache.hadoop.ipc.ProtobufRpcEngine2$Server$ProtoBufRpcInvoker.call(ProtobufRpcEngine2.java:573) [hadoop-common-3.3.6.jar:?]
	at org.apache.hadoop.ipc.RPC$Server.call(RPC.java:1227) [hadoop-common-3.3.6.jar:?]
	at org.apache.hadoop.ipc.Server$RpcCall.run(Server.java:1094) [hadoop-common-3.3.6.jar:?]
	at org.apache.hadoop.ipc.Server$RpcCall.run(Server.java:1017) [hadoop-common-3.3.6.jar:?]
	at java.security.AccessController.doPrivileged(Native Method) ~[?:1.8.0_382]
	at javax.security.auth.Subject.doAs(Subject.java:422) [?:1.8.0_382]
	at org.apache.hadoop.security.UserGroupInformation.doAs(UserGroupInformation.java:1899) [hadoop-common-3.3.6.jar:?]
	at org.apache.hadoop.ipc.Server$Handler.run(Server.java:3048) [hadoop-common-3.3.6.jar:?]
]]></system-out>
  </testcase>
  <testcase name="testRenameToParentDir" classname="TestOzoneFileSystem" time="0.106">
    <system-out><![CDATA[04:48:37.836 [IPC Server handler 11 on default port 15004] ERROR OMAudit - user=runner | ip=127.0.0.1 | op=LIST_STATUS {volume=volume25901, bucket=bucket39570, key=root_dir/dir2, dataSize=0, replicationConfig=null} | ret=FAILURE
org.apache.hadoop.ozone.om.exceptions.OMException: Unable to get file status: volume: volume25901 bucket: bucket39570 key: root_dir/dir2
	at org.apache.hadoop.ozone.om.KeyManagerImpl.getOzoneFileStatus(KeyManagerImpl.java:1195) ~[ozone-manager-1.4.0-SNAPSHOT.jar:?]
	at org.apache.hadoop.ozone.om.KeyManagerImpl.getFileStatus(KeyManagerImpl.java:1113) ~[ozone-manager-1.4.0-SNAPSHOT.jar:?]
	at org.apache.hadoop.ozone.om.KeyManagerImpl.listStatus(KeyManagerImpl.java:1505) ~[ozone-manager-1.4.0-SNAPSHOT.jar:?]
	at org.apache.hadoop.ozone.om.OmMetadataReader.listStatus(OmMetadataReader.java:235) ~[ozone-manager-1.4.0-SNAPSHOT.jar:?]
	at org.apache.hadoop.ozone.om.OzoneManager.listStatus(OzoneManager.java:3560) ~[ozone-manager-1.4.0-SNAPSHOT.jar:?]
	at org.apache.hadoop.ozone.protocolPB.OzoneManagerRequestHandler.listStatus(OzoneManagerRequestHandler.java:1143) ~[ozone-manager-1.4.0-SNAPSHOT.jar:?]
	at org.apache.hadoop.ozone.protocolPB.OzoneManagerRequestHandler.handleReadRequest(OzoneManagerRequestHandler.java:261) ~[ozone-manager-1.4.0-SNAPSHOT.jar:?]
	at org.apache.hadoop.ozone.protocolPB.OzoneManagerProtocolServerSideTranslatorPB.submitReadRequestToOM(OzoneManagerProtocolServerSideTranslatorPB.java:225) ~[ozone-manager-1.4.0-SNAPSHOT.jar:?]
	at org.apache.hadoop.ozone.protocolPB.OzoneManagerProtocolServerSideTranslatorPB.processRequest(OzoneManagerProtocolServerSideTranslatorPB.java:179) ~[ozone-manager-1.4.0-SNAPSHOT.jar:?]
	at org.apache.hadoop.hdds.server.OzoneProtocolMessageDispatcher.processRequest(OzoneProtocolMessageDispatcher.java:87) [hdds-server-framework-1.4.0-SNAPSHOT.jar:?]
	at org.apache.hadoop.ozone.protocolPB.OzoneManagerProtocolServerSideTranslatorPB.submitRequest(OzoneManagerProtocolServerSideTranslatorPB.java:148) [ozone-manager-1.4.0-SNAPSHOT.jar:?]
	at org.apache.hadoop.ozone.protocol.proto.OzoneManagerProtocolProtos$OzoneManagerService$2.callBlockingMethod(OzoneManagerProtocolProtos.java) [ozone-interface-client-1.4.0-SNAPSHOT.jar:?]
	at org.apache.hadoop.ipc.ProtobufRpcEngine$Server.processCall(ProtobufRpcEngine.java:484) [hadoop-common-3.3.6.jar:?]
	at org.apache.hadoop.ipc.ProtobufRpcEngine2$Server$ProtoBufRpcInvoker.call(ProtobufRpcEngine2.java:595) [hadoop-common-3.3.6.jar:?]
	at org.apache.hadoop.ipc.ProtobufRpcEngine2$Server$ProtoBufRpcInvoker.call(ProtobufRpcEngine2.java:573) [hadoop-common-3.3.6.jar:?]
	at org.apache.hadoop.ipc.RPC$Server.call(RPC.java:1227) [hadoop-common-3.3.6.jar:?]
	at org.apache.hadoop.ipc.Server$RpcCall.run(Server.java:1094) [hadoop-common-3.3.6.jar:?]
	at org.apache.hadoop.ipc.Server$RpcCall.run(Server.java:1017) [hadoop-common-3.3.6.jar:?]
	at java.security.AccessController.doPrivileged(Native Method) ~[?:1.8.0_382]
	at javax.security.auth.Subject.doAs(Subject.java:422) [?:1.8.0_382]
	at org.apache.hadoop.security.UserGroupInformation.doAs(UserGroupInformation.java:1899) [hadoop-common-3.3.6.jar:?]
	at org.apache.hadoop.ipc.Server$Handler.run(Server.java:3048) [hadoop-common-3.3.6.jar:?]
04:48:37.864 [IPC Server handler 10 on default port 15004] ERROR OMAudit - user=runner | ip=127.0.0.1 | op=LIST_STATUS {volume=volume25901, bucket=bucket39570, key=root_dir/file2, dataSize=0, replicationConfig=null} | ret=FAILURE
org.apache.hadoop.ozone.om.exceptions.OMException: Unable to get file status: volume: volume25901 bucket: bucket39570 key: root_dir/file2
	at org.apache.hadoop.ozone.om.KeyManagerImpl.getOzoneFileStatus(KeyManagerImpl.java:1195) ~[ozone-manager-1.4.0-SNAPSHOT.jar:?]
	at org.apache.hadoop.ozone.om.KeyManagerImpl.getFileStatus(KeyManagerImpl.java:1113) ~[ozone-manager-1.4.0-SNAPSHOT.jar:?]
	at org.apache.hadoop.ozone.om.KeyManagerImpl.listStatus(KeyManagerImpl.java:1505) ~[ozone-manager-1.4.0-SNAPSHOT.jar:?]
	at org.apache.hadoop.ozone.om.OmMetadataReader.listStatus(OmMetadataReader.java:235) ~[ozone-manager-1.4.0-SNAPSHOT.jar:?]
	at org.apache.hadoop.ozone.om.OzoneManager.listStatus(OzoneManager.java:3560) ~[ozone-manager-1.4.0-SNAPSHOT.jar:?]
	at org.apache.hadoop.ozone.protocolPB.OzoneManagerRequestHandler.listStatus(OzoneManagerRequestHandler.java:1143) ~[ozone-manager-1.4.0-SNAPSHOT.jar:?]
	at org.apache.hadoop.ozone.protocolPB.OzoneManagerRequestHandler.handleReadRequest(OzoneManagerRequestHandler.java:261) ~[ozone-manager-1.4.0-SNAPSHOT.jar:?]
	at org.apache.hadoop.ozone.protocolPB.OzoneManagerProtocolServerSideTranslatorPB.submitReadRequestToOM(OzoneManagerProtocolServerSideTranslatorPB.java:225) ~[ozone-manager-1.4.0-SNAPSHOT.jar:?]
	at org.apache.hadoop.ozone.protocolPB.OzoneManagerProtocolServerSideTranslatorPB.processRequest(OzoneManagerProtocolServerSideTranslatorPB.java:179) ~[ozone-manager-1.4.0-SNAPSHOT.jar:?]
	at org.apache.hadoop.hdds.server.OzoneProtocolMessageDispatcher.processRequest(OzoneProtocolMessageDispatcher.java:87) [hdds-server-framework-1.4.0-SNAPSHOT.jar:?]
	at org.apache.hadoop.ozone.protocolPB.OzoneManagerProtocolServerSideTranslatorPB.submitRequest(OzoneManagerProtocolServerSideTranslatorPB.java:148) [ozone-manager-1.4.0-SNAPSHOT.jar:?]
	at org.apache.hadoop.ozone.protocol.proto.OzoneManagerProtocolProtos$OzoneManagerService$2.callBlockingMethod(OzoneManagerProtocolProtos.java) [ozone-interface-client-1.4.0-SNAPSHOT.jar:?]
	at org.apache.hadoop.ipc.ProtobufRpcEngine$Server.processCall(ProtobufRpcEngine.java:484) [hadoop-common-3.3.6.jar:?]
	at org.apache.hadoop.ipc.ProtobufRpcEngine2$Server$ProtoBufRpcInvoker.call(ProtobufRpcEngine2.java:595) [hadoop-common-3.3.6.jar:?]
	at org.apache.hadoop.ipc.ProtobufRpcEngine2$Server$ProtoBufRpcInvoker.call(ProtobufRpcEngine2.java:573) [hadoop-common-3.3.6.jar:?]
	at org.apache.hadoop.ipc.RPC$Server.call(RPC.java:1227) [hadoop-common-3.3.6.jar:?]
	at org.apache.hadoop.ipc.Server$RpcCall.run(Server.java:1094) [hadoop-common-3.3.6.jar:?]
	at org.apache.hadoop.ipc.Server$RpcCall.run(Server.java:1017) [hadoop-common-3.3.6.jar:?]
	at java.security.AccessController.doPrivileged(Native Method) ~[?:1.8.0_382]
	at javax.security.auth.Subject.doAs(Subject.java:422) [?:1.8.0_382]
	at org.apache.hadoop.security.UserGroupInformation.doAs(UserGroupInformation.java:1899) [hadoop-common-3.3.6.jar:?]
	at org.apache.hadoop.ipc.Server$Handler.run(Server.java:3048) [hadoop-common-3.3.6.jar:?]
]]></system-out>
  </testcase>
  <testcase name="testRenameToParentDir" classname="TestOzoneFileSystem" time="0.054">
    <system-out><![CDATA[04:50:31.642 [IPC Server handler 0 on default port 15057] ERROR OMAudit - user=runner | ip=127.0.0.1 | op=LIST_STATUS {volume=volume43692, bucket=bucket46966, key=root_dir/dir2, dataSize=0, replicationConfig=null} | ret=FAILURE
org.apache.hadoop.ozone.om.exceptions.OMException: Unable to get file status: volume: volume43692 bucket: bucket46966 key: root_dir/dir2
	at org.apache.hadoop.ozone.om.KeyManagerImpl.getOzoneFileStatus(KeyManagerImpl.java:1195) ~[ozone-manager-1.4.0-SNAPSHOT.jar:?]
	at org.apache.hadoop.ozone.om.KeyManagerImpl.getFileStatus(KeyManagerImpl.java:1113) ~[ozone-manager-1.4.0-SNAPSHOT.jar:?]
	at org.apache.hadoop.ozone.om.KeyManagerImpl.listStatus(KeyManagerImpl.java:1505) ~[ozone-manager-1.4.0-SNAPSHOT.jar:?]
	at org.apache.hadoop.ozone.om.OmMetadataReader.listStatus(OmMetadataReader.java:235) ~[ozone-manager-1.4.0-SNAPSHOT.jar:?]
	at org.apache.hadoop.ozone.om.OzoneManager.listStatus(OzoneManager.java:3560) ~[ozone-manager-1.4.0-SNAPSHOT.jar:?]
	at org.apache.hadoop.ozone.protocolPB.OzoneManagerRequestHandler.listStatus(OzoneManagerRequestHandler.java:1143) ~[ozone-manager-1.4.0-SNAPSHOT.jar:?]
	at org.apache.hadoop.ozone.protocolPB.OzoneManagerRequestHandler.handleReadRequest(OzoneManagerRequestHandler.java:261) ~[ozone-manager-1.4.0-SNAPSHOT.jar:?]
	at org.apache.hadoop.ozone.protocolPB.OzoneManagerProtocolServerSideTranslatorPB.submitRequestDirectlyToOM(OzoneManagerProtocolServerSideTranslatorPB.java:274) ~[ozone-manager-1.4.0-SNAPSHOT.jar:?]
	at org.apache.hadoop.ozone.protocolPB.OzoneManagerProtocolServerSideTranslatorPB.processRequest(OzoneManagerProtocolServerSideTranslatorPB.java:175) ~[ozone-manager-1.4.0-SNAPSHOT.jar:?]
	at org.apache.hadoop.hdds.server.OzoneProtocolMessageDispatcher.processRequest(OzoneProtocolMessageDispatcher.java:87) [hdds-server-framework-1.4.0-SNAPSHOT.jar:?]
	at org.apache.hadoop.ozone.protocolPB.OzoneManagerProtocolServerSideTranslatorPB.submitRequest(OzoneManagerProtocolServerSideTranslatorPB.java:148) [ozone-manager-1.4.0-SNAPSHOT.jar:?]
	at org.apache.hadoop.ozone.protocol.proto.OzoneManagerProtocolProtos$OzoneManagerService$2.callBlockingMethod(OzoneManagerProtocolProtos.java) [ozone-interface-client-1.4.0-SNAPSHOT.jar:?]
	at org.apache.hadoop.ipc.ProtobufRpcEngine$Server.processCall(ProtobufRpcEngine.java:484) [hadoop-common-3.3.6.jar:?]
	at org.apache.hadoop.ipc.ProtobufRpcEngine2$Server$ProtoBufRpcInvoker.call(ProtobufRpcEngine2.java:595) [hadoop-common-3.3.6.jar:?]
	at org.apache.hadoop.ipc.ProtobufRpcEngine2$Server$ProtoBufRpcInvoker.call(ProtobufRpcEngine2.java:573) [hadoop-common-3.3.6.jar:?]
	at org.apache.hadoop.ipc.RPC$Server.call(RPC.java:1227) [hadoop-common-3.3.6.jar:?]
	at org.apache.hadoop.ipc.Server$RpcCall.run(Server.java:1094) [hadoop-common-3.3.6.jar:?]
	at org.apache.hadoop.ipc.Server$RpcCall.run(Server.java:1017) [hadoop-common-3.3.6.jar:?]
	at java.security.AccessController.doPrivileged(Native Method) ~[?:1.8.0_382]
	at javax.security.auth.Subject.doAs(Subject.java:422) [?:1.8.0_382]
	at org.apache.hadoop.security.UserGroupInformation.doAs(UserGroupInformation.java:1899) [hadoop-common-3.3.6.jar:?]
	at org.apache.hadoop.ipc.Server$Handler.run(Server.java:3048) [hadoop-common-3.3.6.jar:?]
04:50:31.653 [IPC Server handler 16 on default port 15057] ERROR OMAudit - user=runner | ip=127.0.0.1 | op=LIST_STATUS {volume=volume43692, bucket=bucket46966, key=root_dir/file2, dataSize=0, replicationConfig=null} | ret=FAILURE
org.apache.hadoop.ozone.om.exceptions.OMException: Unable to get file status: volume: volume43692 bucket: bucket46966 key: root_dir/file2
	at org.apache.hadoop.ozone.om.KeyManagerImpl.getOzoneFileStatus(KeyManagerImpl.java:1195) ~[ozone-manager-1.4.0-SNAPSHOT.jar:?]
	at org.apache.hadoop.ozone.om.KeyManagerImpl.getFileStatus(KeyManagerImpl.java:1113) ~[ozone-manager-1.4.0-SNAPSHOT.jar:?]
	at org.apache.hadoop.ozone.om.KeyManagerImpl.listStatus(KeyManagerImpl.java:1505) ~[ozone-manager-1.4.0-SNAPSHOT.jar:?]
	at org.apache.hadoop.ozone.om.OmMetadataReader.listStatus(OmMetadataReader.java:235) ~[ozone-manager-1.4.0-SNAPSHOT.jar:?]
	at org.apache.hadoop.ozone.om.OzoneManager.listStatus(OzoneManager.java:3560) ~[ozone-manager-1.4.0-SNAPSHOT.jar:?]
	at org.apache.hadoop.ozone.protocolPB.OzoneManagerRequestHandler.listStatus(OzoneManagerRequestHandler.java:1143) ~[ozone-manager-1.4.0-SNAPSHOT.jar:?]
	at org.apache.hadoop.ozone.protocolPB.OzoneManagerRequestHandler.handleReadRequest(OzoneManagerRequestHandler.java:261) ~[ozone-manager-1.4.0-SNAPSHOT.jar:?]
	at org.apache.hadoop.ozone.protocolPB.OzoneManagerProtocolServerSideTranslatorPB.submitRequestDirectlyToOM(OzoneManagerProtocolServerSideTranslatorPB.java:274) ~[ozone-manager-1.4.0-SNAPSHOT.jar:?]
	at org.apache.hadoop.ozone.protocolPB.OzoneManagerProtocolServerSideTranslatorPB.processRequest(OzoneManagerProtocolServerSideTranslatorPB.java:175) ~[ozone-manager-1.4.0-SNAPSHOT.jar:?]
	at org.apache.hadoop.hdds.server.OzoneProtocolMessageDispatcher.processRequest(OzoneProtocolMessageDispatcher.java:87) [hdds-server-framework-1.4.0-SNAPSHOT.jar:?]
	at org.apache.hadoop.ozone.protocolPB.OzoneManagerProtocolServerSideTranslatorPB.submitRequest(OzoneManagerProtocolServerSideTranslatorPB.java:148) [ozone-manager-1.4.0-SNAPSHOT.jar:?]
	at org.apache.hadoop.ozone.protocol.proto.OzoneManagerProtocolProtos$OzoneManagerService$2.callBlockingMethod(OzoneManagerProtocolProtos.java) [ozone-interface-client-1.4.0-SNAPSHOT.jar:?]
	at org.apache.hadoop.ipc.ProtobufRpcEngine$Server.processCall(ProtobufRpcEngine.java:484) [hadoop-common-3.3.6.jar:?]
	at org.apache.hadoop.ipc.ProtobufRpcEngine2$Server$ProtoBufRpcInvoker.call(ProtobufRpcEngine2.java:595) [hadoop-common-3.3.6.jar:?]
	at org.apache.hadoop.ipc.ProtobufRpcEngine2$Server$ProtoBufRpcInvoker.call(ProtobufRpcEngine2.java:573) [hadoop-common-3.3.6.jar:?]
	at org.apache.hadoop.ipc.RPC$Server.call(RPC.java:1227) [hadoop-common-3.3.6.jar:?]
	at org.apache.hadoop.ipc.Server$RpcCall.run(Server.java:1094) [hadoop-common-3.3.6.jar:?]
	at org.apache.hadoop.ipc.Server$RpcCall.run(Server.java:1017) [hadoop-common-3.3.6.jar:?]
	at java.security.AccessController.doPrivileged(Native Method) ~[?:1.8.0_382]
	at javax.security.auth.Subject.doAs(Subject.java:422) [?:1.8.0_382]
	at org.apache.hadoop.security.UserGroupInformation.doAs(UserGroupInformation.java:1899) [hadoop-common-3.3.6.jar:?]
	at org.apache.hadoop.ipc.Server$Handler.run(Server.java:3048) [hadoop-common-3.3.6.jar:?]
]]></system-out>
  </testcase>
  <testcase name="testRenameToParentDir" classname="TestOzoneFileSystem" time="0.04">
    <system-out><![CDATA[04:51:58.676 [IPC Server handler 2 on default port 15110] ERROR OMAudit - user=runner | ip=127.0.0.1 | op=LIST_STATUS {volume=volume87246, bucket=bucket72820, key=root_dir/dir2, dataSize=0, replicationConfig=null} | ret=FAILURE
org.apache.hadoop.ozone.om.exceptions.OMException: Unable to get file status: volume: volume87246 bucket: bucket72820 key: root_dir/dir2
	at org.apache.hadoop.ozone.om.KeyManagerImpl.getOzoneFileStatus(KeyManagerImpl.java:1195) ~[ozone-manager-1.4.0-SNAPSHOT.jar:?]
	at org.apache.hadoop.ozone.om.KeyManagerImpl.getFileStatus(KeyManagerImpl.java:1113) ~[ozone-manager-1.4.0-SNAPSHOT.jar:?]
	at org.apache.hadoop.ozone.om.KeyManagerImpl.listStatus(KeyManagerImpl.java:1505) ~[ozone-manager-1.4.0-SNAPSHOT.jar:?]
	at org.apache.hadoop.ozone.om.OmMetadataReader.listStatus(OmMetadataReader.java:235) ~[ozone-manager-1.4.0-SNAPSHOT.jar:?]
	at org.apache.hadoop.ozone.om.OzoneManager.listStatus(OzoneManager.java:3560) ~[ozone-manager-1.4.0-SNAPSHOT.jar:?]
	at org.apache.hadoop.ozone.protocolPB.OzoneManagerRequestHandler.listStatus(OzoneManagerRequestHandler.java:1143) ~[ozone-manager-1.4.0-SNAPSHOT.jar:?]
	at org.apache.hadoop.ozone.protocolPB.OzoneManagerRequestHandler.handleReadRequest(OzoneManagerRequestHandler.java:261) ~[ozone-manager-1.4.0-SNAPSHOT.jar:?]
	at org.apache.hadoop.ozone.protocolPB.OzoneManagerProtocolServerSideTranslatorPB.submitReadRequestToOM(OzoneManagerProtocolServerSideTranslatorPB.java:225) ~[ozone-manager-1.4.0-SNAPSHOT.jar:?]
	at org.apache.hadoop.ozone.protocolPB.OzoneManagerProtocolServerSideTranslatorPB.processRequest(OzoneManagerProtocolServerSideTranslatorPB.java:179) ~[ozone-manager-1.4.0-SNAPSHOT.jar:?]
	at org.apache.hadoop.hdds.server.OzoneProtocolMessageDispatcher.processRequest(OzoneProtocolMessageDispatcher.java:87) [hdds-server-framework-1.4.0-SNAPSHOT.jar:?]
	at org.apache.hadoop.ozone.protocolPB.OzoneManagerProtocolServerSideTranslatorPB.submitRequest(OzoneManagerProtocolServerSideTranslatorPB.java:148) [ozone-manager-1.4.0-SNAPSHOT.jar:?]
	at org.apache.hadoop.ozone.protocol.proto.OzoneManagerProtocolProtos$OzoneManagerService$2.callBlockingMethod(OzoneManagerProtocolProtos.java) [ozone-interface-client-1.4.0-SNAPSHOT.jar:?]
	at org.apache.hadoop.ipc.ProtobufRpcEngine$Server.processCall(ProtobufRpcEngine.java:484) [hadoop-common-3.3.6.jar:?]
	at org.apache.hadoop.ipc.ProtobufRpcEngine2$Server$ProtoBufRpcInvoker.call(ProtobufRpcEngine2.java:595) [hadoop-common-3.3.6.jar:?]
	at org.apache.hadoop.ipc.ProtobufRpcEngine2$Server$ProtoBufRpcInvoker.call(ProtobufRpcEngine2.java:573) [hadoop-common-3.3.6.jar:?]
	at org.apache.hadoop.ipc.RPC$Server.call(RPC.java:1227) [hadoop-common-3.3.6.jar:?]
	at org.apache.hadoop.ipc.Server$RpcCall.run(Server.java:1094) [hadoop-common-3.3.6.jar:?]
	at org.apache.hadoop.ipc.Server$RpcCall.run(Server.java:1017) [hadoop-common-3.3.6.jar:?]
	at java.security.AccessController.doPrivileged(Native Method) ~[?:1.8.0_382]
	at javax.security.auth.Subject.doAs(Subject.java:422) [?:1.8.0_382]
	at org.apache.hadoop.security.UserGroupInformation.doAs(UserGroupInformation.java:1899) [hadoop-common-3.3.6.jar:?]
	at org.apache.hadoop.ipc.Server$Handler.run(Server.java:3048) [hadoop-common-3.3.6.jar:?]
04:51:58.687 [IPC Server handler 9 on default port 15110] ERROR OMAudit - user=runner | ip=127.0.0.1 | op=LIST_STATUS {volume=volume87246, bucket=bucket72820, key=root_dir/file2, dataSize=0, replicationConfig=null} | ret=FAILURE
org.apache.hadoop.ozone.om.exceptions.OMException: Unable to get file status: volume: volume87246 bucket: bucket72820 key: root_dir/file2
	at org.apache.hadoop.ozone.om.KeyManagerImpl.getOzoneFileStatus(KeyManagerImpl.java:1195) ~[ozone-manager-1.4.0-SNAPSHOT.jar:?]
	at org.apache.hadoop.ozone.om.KeyManagerImpl.getFileStatus(KeyManagerImpl.java:1113) ~[ozone-manager-1.4.0-SNAPSHOT.jar:?]
	at org.apache.hadoop.ozone.om.KeyManagerImpl.listStatus(KeyManagerImpl.java:1505) ~[ozone-manager-1.4.0-SNAPSHOT.jar:?]
	at org.apache.hadoop.ozone.om.OmMetadataReader.listStatus(OmMetadataReader.java:235) ~[ozone-manager-1.4.0-SNAPSHOT.jar:?]
	at org.apache.hadoop.ozone.om.OzoneManager.listStatus(OzoneManager.java:3560) ~[ozone-manager-1.4.0-SNAPSHOT.jar:?]
	at org.apache.hadoop.ozone.protocolPB.OzoneManagerRequestHandler.listStatus(OzoneManagerRequestHandler.java:1143) ~[ozone-manager-1.4.0-SNAPSHOT.jar:?]
	at org.apache.hadoop.ozone.protocolPB.OzoneManagerRequestHandler.handleReadRequest(OzoneManagerRequestHandler.java:261) ~[ozone-manager-1.4.0-SNAPSHOT.jar:?]
	at org.apache.hadoop.ozone.protocolPB.OzoneManagerProtocolServerSideTranslatorPB.submitReadRequestToOM(OzoneManagerProtocolServerSideTranslatorPB.java:225) ~[ozone-manager-1.4.0-SNAPSHOT.jar:?]
	at org.apache.hadoop.ozone.protocolPB.OzoneManagerProtocolServerSideTranslatorPB.processRequest(OzoneManagerProtocolServerSideTranslatorPB.java:179) ~[ozone-manager-1.4.0-SNAPSHOT.jar:?]
	at org.apache.hadoop.hdds.server.OzoneProtocolMessageDispatcher.processRequest(OzoneProtocolMessageDispatcher.java:87) [hdds-server-framework-1.4.0-SNAPSHOT.jar:?]
	at org.apache.hadoop.ozone.protocolPB.OzoneManagerProtocolServerSideTranslatorPB.submitRequest(OzoneManagerProtocolServerSideTranslatorPB.java:148) [ozone-manager-1.4.0-SNAPSHOT.jar:?]
	at org.apache.hadoop.ozone.protocol.proto.OzoneManagerProtocolProtos$OzoneManagerService$2.callBlockingMethod(OzoneManagerProtocolProtos.java) [ozone-interface-client-1.4.0-SNAPSHOT.jar:?]
	at org.apache.hadoop.ipc.ProtobufRpcEngine$Server.processCall(ProtobufRpcEngine.java:484) [hadoop-common-3.3.6.jar:?]
	at org.apache.hadoop.ipc.ProtobufRpcEngine2$Server$ProtoBufRpcInvoker.call(ProtobufRpcEngine2.java:595) [hadoop-common-3.3.6.jar:?]
	at org.apache.hadoop.ipc.ProtobufRpcEngine2$Server$ProtoBufRpcInvoker.call(ProtobufRpcEngine2.java:573) [hadoop-common-3.3.6.jar:?]
	at org.apache.hadoop.ipc.RPC$Server.call(RPC.java:1227) [hadoop-common-3.3.6.jar:?]
	at org.apache.hadoop.ipc.Server$RpcCall.run(Server.java:1094) [hadoop-common-3.3.6.jar:?]
	at org.apache.hadoop.ipc.Server$RpcCall.run(Server.java:1017) [hadoop-common-3.3.6.jar:?]
	at java.security.AccessController.doPrivileged(Native Method) ~[?:1.8.0_382]
	at javax.security.auth.Subject.doAs(Subject.java:422) [?:1.8.0_382]
	at org.apache.hadoop.security.UserGroupInformation.doAs(UserGroupInformation.java:1899) [hadoop-common-3.3.6.jar:?]
	at org.apache.hadoop.ipc.Server$Handler.run(Server.java:3048) [hadoop-common-3.3.6.jar:?]
]]></system-out>
  </testcase>
  <testcase name="testRenameToParentDir" classname="TestOzoneFileSystem" time="0.038">
    <system-out><![CDATA[04:53:36.153 [IPC Server handler 10 on default port 15163] ERROR OMAudit - user=runner | ip=127.0.0.1 | op=LIST_STATUS {volume=volume69932, bucket=bucket53154, key=root_dir/dir2, dataSize=0, replicationConfig=null} | ret=FAILURE
org.apache.hadoop.ozone.om.exceptions.OMException: Unable to get file status: volume: volume69932 bucket: bucket53154 key: root_dir/dir2
	at org.apache.hadoop.ozone.om.KeyManagerImpl.getOzoneFileStatus(KeyManagerImpl.java:1195) ~[ozone-manager-1.4.0-SNAPSHOT.jar:?]
	at org.apache.hadoop.ozone.om.KeyManagerImpl.getFileStatus(KeyManagerImpl.java:1113) ~[ozone-manager-1.4.0-SNAPSHOT.jar:?]
	at org.apache.hadoop.ozone.om.KeyManagerImpl.listStatus(KeyManagerImpl.java:1505) ~[ozone-manager-1.4.0-SNAPSHOT.jar:?]
	at org.apache.hadoop.ozone.om.OmMetadataReader.listStatus(OmMetadataReader.java:235) ~[ozone-manager-1.4.0-SNAPSHOT.jar:?]
	at org.apache.hadoop.ozone.om.OzoneManager.listStatus(OzoneManager.java:3560) ~[ozone-manager-1.4.0-SNAPSHOT.jar:?]
	at org.apache.hadoop.ozone.protocolPB.OzoneManagerRequestHandler.listStatus(OzoneManagerRequestHandler.java:1143) ~[ozone-manager-1.4.0-SNAPSHOT.jar:?]
	at org.apache.hadoop.ozone.protocolPB.OzoneManagerRequestHandler.handleReadRequest(OzoneManagerRequestHandler.java:261) ~[ozone-manager-1.4.0-SNAPSHOT.jar:?]
	at org.apache.hadoop.ozone.protocolPB.OzoneManagerProtocolServerSideTranslatorPB.submitRequestDirectlyToOM(OzoneManagerProtocolServerSideTranslatorPB.java:274) ~[ozone-manager-1.4.0-SNAPSHOT.jar:?]
	at org.apache.hadoop.ozone.protocolPB.OzoneManagerProtocolServerSideTranslatorPB.processRequest(OzoneManagerProtocolServerSideTranslatorPB.java:175) ~[ozone-manager-1.4.0-SNAPSHOT.jar:?]
	at org.apache.hadoop.hdds.server.OzoneProtocolMessageDispatcher.processRequest(OzoneProtocolMessageDispatcher.java:87) [hdds-server-framework-1.4.0-SNAPSHOT.jar:?]
	at org.apache.hadoop.ozone.protocolPB.OzoneManagerProtocolServerSideTranslatorPB.submitRequest(OzoneManagerProtocolServerSideTranslatorPB.java:148) [ozone-manager-1.4.0-SNAPSHOT.jar:?]
	at org.apache.hadoop.ozone.protocol.proto.OzoneManagerProtocolProtos$OzoneManagerService$2.callBlockingMethod(OzoneManagerProtocolProtos.java) [ozone-interface-client-1.4.0-SNAPSHOT.jar:?]
	at org.apache.hadoop.ipc.ProtobufRpcEngine$Server.processCall(ProtobufRpcEngine.java:484) [hadoop-common-3.3.6.jar:?]
	at org.apache.hadoop.ipc.ProtobufRpcEngine2$Server$ProtoBufRpcInvoker.call(ProtobufRpcEngine2.java:595) [hadoop-common-3.3.6.jar:?]
	at org.apache.hadoop.ipc.ProtobufRpcEngine2$Server$ProtoBufRpcInvoker.call(ProtobufRpcEngine2.java:573) [hadoop-common-3.3.6.jar:?]
	at org.apache.hadoop.ipc.RPC$Server.call(RPC.java:1227) [hadoop-common-3.3.6.jar:?]
	at org.apache.hadoop.ipc.Server$RpcCall.run(Server.java:1094) [hadoop-common-3.3.6.jar:?]
	at org.apache.hadoop.ipc.Server$RpcCall.run(Server.java:1017) [hadoop-common-3.3.6.jar:?]
	at java.security.AccessController.doPrivileged(Native Method) ~[?:1.8.0_382]
	at javax.security.auth.Subject.doAs(Subject.java:422) [?:1.8.0_382]
	at org.apache.hadoop.security.UserGroupInformation.doAs(UserGroupInformation.java:1899) [hadoop-common-3.3.6.jar:?]
	at org.apache.hadoop.ipc.Server$Handler.run(Server.java:3048) [hadoop-common-3.3.6.jar:?]
04:53:36.162 [IPC Server handler 5 on default port 15163] ERROR OMAudit - user=runner | ip=127.0.0.1 | op=LIST_STATUS {volume=volume69932, bucket=bucket53154, key=root_dir/file2, dataSize=0, replicationConfig=null} | ret=FAILURE
org.apache.hadoop.ozone.om.exceptions.OMException: Unable to get file status: volume: volume69932 bucket: bucket53154 key: root_dir/file2
	at org.apache.hadoop.ozone.om.KeyManagerImpl.getOzoneFileStatus(KeyManagerImpl.java:1195) ~[ozone-manager-1.4.0-SNAPSHOT.jar:?]
	at org.apache.hadoop.ozone.om.KeyManagerImpl.getFileStatus(KeyManagerImpl.java:1113) ~[ozone-manager-1.4.0-SNAPSHOT.jar:?]
	at org.apache.hadoop.ozone.om.KeyManagerImpl.listStatus(KeyManagerImpl.java:1505) ~[ozone-manager-1.4.0-SNAPSHOT.jar:?]
	at org.apache.hadoop.ozone.om.OmMetadataReader.listStatus(OmMetadataReader.java:235) ~[ozone-manager-1.4.0-SNAPSHOT.jar:?]
	at org.apache.hadoop.ozone.om.OzoneManager.listStatus(OzoneManager.java:3560) ~[ozone-manager-1.4.0-SNAPSHOT.jar:?]
	at org.apache.hadoop.ozone.protocolPB.OzoneManagerRequestHandler.listStatus(OzoneManagerRequestHandler.java:1143) ~[ozone-manager-1.4.0-SNAPSHOT.jar:?]
	at org.apache.hadoop.ozone.protocolPB.OzoneManagerRequestHandler.handleReadRequest(OzoneManagerRequestHandler.java:261) ~[ozone-manager-1.4.0-SNAPSHOT.jar:?]
	at org.apache.hadoop.ozone.protocolPB.OzoneManagerProtocolServerSideTranslatorPB.submitRequestDirectlyToOM(OzoneManagerProtocolServerSideTranslatorPB.java:274) ~[ozone-manager-1.4.0-SNAPSHOT.jar:?]
	at org.apache.hadoop.ozone.protocolPB.OzoneManagerProtocolServerSideTranslatorPB.processRequest(OzoneManagerProtocolServerSideTranslatorPB.java:175) ~[ozone-manager-1.4.0-SNAPSHOT.jar:?]
	at org.apache.hadoop.hdds.server.OzoneProtocolMessageDispatcher.processRequest(OzoneProtocolMessageDispatcher.java:87) [hdds-server-framework-1.4.0-SNAPSHOT.jar:?]
	at org.apache.hadoop.ozone.protocolPB.OzoneManagerProtocolServerSideTranslatorPB.submitRequest(OzoneManagerProtocolServerSideTranslatorPB.java:148) [ozone-manager-1.4.0-SNAPSHOT.jar:?]
	at org.apache.hadoop.ozone.protocol.proto.OzoneManagerProtocolProtos$OzoneManagerService$2.callBlockingMethod(OzoneManagerProtocolProtos.java) [ozone-interface-client-1.4.0-SNAPSHOT.jar:?]
	at org.apache.hadoop.ipc.ProtobufRpcEngine$Server.processCall(ProtobufRpcEngine.java:484) [hadoop-common-3.3.6.jar:?]
	at org.apache.hadoop.ipc.ProtobufRpcEngine2$Server$ProtoBufRpcInvoker.call(ProtobufRpcEngine2.java:595) [hadoop-common-3.3.6.jar:?]
	at org.apache.hadoop.ipc.ProtobufRpcEngine2$Server$ProtoBufRpcInvoker.call(ProtobufRpcEngine2.java:573) [hadoop-common-3.3.6.jar:?]
	at org.apache.hadoop.ipc.RPC$Server.call(RPC.java:1227) [hadoop-common-3.3.6.jar:?]
	at org.apache.hadoop.ipc.Server$RpcCall.run(Server.java:1094) [hadoop-common-3.3.6.jar:?]
	at org.apache.hadoop.ipc.Server$RpcCall.run(Server.java:1017) [hadoop-common-3.3.6.jar:?]
	at java.security.AccessController.doPrivileged(Native Method) ~[?:1.8.0_382]
	at javax.security.auth.Subject.doAs(Subject.java:422) [?:1.8.0_382]
	at org.apache.hadoop.security.UserGroupInformation.doAs(UserGroupInformation.java:1899) [hadoop-common-3.3.6.jar:?]
	at org.apache.hadoop.ipc.Server$Handler.run(Server.java:3048) [hadoop-common-3.3.6.jar:?]
]]></system-out>
  </testcase>
  <testcase name="testListStatusOnSubDirs" classname="TestOzoneFileSystem" time="0.107"/>
  <testcase name="testListStatusOnSubDirs" classname="TestOzoneFileSystem" time="0.036"/>
  <testcase name="testListStatusOnSubDirs" classname="TestOzoneFileSystem" time="0.034"/>
  <testcase name="testListStatusOnSubDirs" classname="TestOzoneFileSystem" time="0.035"/>
  <testcase name="testListStatus" classname="TestOzoneFileSystem" time="0.131"/>
  <testcase name="testListStatus" classname="TestOzoneFileSystem" time="0.044"/>
  <testcase name="testListStatus" classname="TestOzoneFileSystem" time="0.052"/>
  <testcase name="testListStatus" classname="TestOzoneFileSystem" time="0.037"/>
  <testcase name="testRecursiveDelete" classname="TestOzoneFileSystem" time="0.569">
    <system-out><![CDATA[04:48:38.420 [IPC Server handler 17 on default port 15004] ERROR OMAudit - user=runner | ip=127.0.0.1 | op=GET_FILE_STATUS {volume=volume25901, bucket=bucket39570, key=gdir1, dataSize=0, replicationConfig=null} | ret=FAILURE
org.apache.hadoop.ozone.om.exceptions.OMException: Unable to get file status: volume: volume25901 bucket: bucket39570 key: gdir1
	at org.apache.hadoop.ozone.om.KeyManagerImpl.getOzoneFileStatus(KeyManagerImpl.java:1195) ~[ozone-manager-1.4.0-SNAPSHOT.jar:?]
	at org.apache.hadoop.ozone.om.KeyManagerImpl.getFileStatus(KeyManagerImpl.java:1113) ~[ozone-manager-1.4.0-SNAPSHOT.jar:?]
	at org.apache.hadoop.ozone.om.OmMetadataReader.getFileStatus(OmMetadataReader.java:262) ~[ozone-manager-1.4.0-SNAPSHOT.jar:?]
	at org.apache.hadoop.ozone.om.OzoneManager.getFileStatus(OzoneManager.java:3530) ~[ozone-manager-1.4.0-SNAPSHOT.jar:?]
	at org.apache.hadoop.ozone.protocolPB.OzoneManagerRequestHandler.getOzoneFileStatus(OzoneManagerRequestHandler.java:971) ~[ozone-manager-1.4.0-SNAPSHOT.jar:?]
	at org.apache.hadoop.ozone.protocolPB.OzoneManagerRequestHandler.handleReadRequest(OzoneManagerRequestHandler.java:250) ~[ozone-manager-1.4.0-SNAPSHOT.jar:?]
	at org.apache.hadoop.ozone.protocolPB.OzoneManagerProtocolServerSideTranslatorPB.submitReadRequestToOM(OzoneManagerProtocolServerSideTranslatorPB.java:225) ~[ozone-manager-1.4.0-SNAPSHOT.jar:?]
	at org.apache.hadoop.ozone.protocolPB.OzoneManagerProtocolServerSideTranslatorPB.processRequest(OzoneManagerProtocolServerSideTranslatorPB.java:179) ~[ozone-manager-1.4.0-SNAPSHOT.jar:?]
	at org.apache.hadoop.hdds.server.OzoneProtocolMessageDispatcher.processRequest(OzoneProtocolMessageDispatcher.java:87) [hdds-server-framework-1.4.0-SNAPSHOT.jar:?]
	at org.apache.hadoop.ozone.protocolPB.OzoneManagerProtocolServerSideTranslatorPB.submitRequest(OzoneManagerProtocolServerSideTranslatorPB.java:148) [ozone-manager-1.4.0-SNAPSHOT.jar:?]
	at org.apache.hadoop.ozone.protocol.proto.OzoneManagerProtocolProtos$OzoneManagerService$2.callBlockingMethod(OzoneManagerProtocolProtos.java) [ozone-interface-client-1.4.0-SNAPSHOT.jar:?]
	at org.apache.hadoop.ipc.ProtobufRpcEngine$Server.processCall(ProtobufRpcEngine.java:484) [hadoop-common-3.3.6.jar:?]
	at org.apache.hadoop.ipc.ProtobufRpcEngine2$Server$ProtoBufRpcInvoker.call(ProtobufRpcEngine2.java:595) [hadoop-common-3.3.6.jar:?]
	at org.apache.hadoop.ipc.ProtobufRpcEngine2$Server$ProtoBufRpcInvoker.call(ProtobufRpcEngine2.java:573) [hadoop-common-3.3.6.jar:?]
	at org.apache.hadoop.ipc.RPC$Server.call(RPC.java:1227) [hadoop-common-3.3.6.jar:?]
	at org.apache.hadoop.ipc.Server$RpcCall.run(Server.java:1094) [hadoop-common-3.3.6.jar:?]
	at org.apache.hadoop.ipc.Server$RpcCall.run(Server.java:1017) [hadoop-common-3.3.6.jar:?]
	at java.security.AccessController.doPrivileged(Native Method) ~[?:1.8.0_382]
	at javax.security.auth.Subject.doAs(Subject.java:422) [?:1.8.0_382]
	at org.apache.hadoop.security.UserGroupInformation.doAs(UserGroupInformation.java:1899) [hadoop-common-3.3.6.jar:?]
	at org.apache.hadoop.ipc.Server$Handler.run(Server.java:3048) [hadoop-common-3.3.6.jar:?]
04:48:38.422 [IPC Server handler 16 on default port 15004] ERROR OMAudit - user=runner | ip=127.0.0.1 | op=GET_FILE_STATUS {volume=volume25901, bucket=bucket39570, key=gdir1/dir1, dataSize=0, replicationConfig=null} | ret=FAILURE
org.apache.hadoop.ozone.om.exceptions.OMException: Unable to get file status: volume: volume25901 bucket: bucket39570 key: gdir1/dir1
	at org.apache.hadoop.ozone.om.KeyManagerImpl.getOzoneFileStatus(KeyManagerImpl.java:1195) ~[ozone-manager-1.4.0-SNAPSHOT.jar:?]
	at org.apache.hadoop.ozone.om.KeyManagerImpl.getFileStatus(KeyManagerImpl.java:1113) ~[ozone-manager-1.4.0-SNAPSHOT.jar:?]
	at org.apache.hadoop.ozone.om.OmMetadataReader.getFileStatus(OmMetadataReader.java:262) ~[ozone-manager-1.4.0-SNAPSHOT.jar:?]
	at org.apache.hadoop.ozone.om.OzoneManager.getFileStatus(OzoneManager.java:3530) ~[ozone-manager-1.4.0-SNAPSHOT.jar:?]
	at org.apache.hadoop.ozone.protocolPB.OzoneManagerRequestHandler.getOzoneFileStatus(OzoneManagerRequestHandler.java:971) ~[ozone-manager-1.4.0-SNAPSHOT.jar:?]
	at org.apache.hadoop.ozone.protocolPB.OzoneManagerRequestHandler.handleReadRequest(OzoneManagerRequestHandler.java:250) ~[ozone-manager-1.4.0-SNAPSHOT.jar:?]
	at org.apache.hadoop.ozone.protocolPB.OzoneManagerProtocolServerSideTranslatorPB.submitReadRequestToOM(OzoneManagerProtocolServerSideTranslatorPB.java:225) ~[ozone-manager-1.4.0-SNAPSHOT.jar:?]
	at org.apache.hadoop.ozone.protocolPB.OzoneManagerProtocolServerSideTranslatorPB.processRequest(OzoneManagerProtocolServerSideTranslatorPB.java:179) ~[ozone-manager-1.4.0-SNAPSHOT.jar:?]
	at org.apache.hadoop.hdds.server.OzoneProtocolMessageDispatcher.processRequest(OzoneProtocolMessageDispatcher.java:87) [hdds-server-framework-1.4.0-SNAPSHOT.jar:?]
	at org.apache.hadoop.ozone.protocolPB.OzoneManagerProtocolServerSideTranslatorPB.submitRequest(OzoneManagerProtocolServerSideTranslatorPB.java:148) [ozone-manager-1.4.0-SNAPSHOT.jar:?]
	at org.apache.hadoop.ozone.protocol.proto.OzoneManagerProtocolProtos$OzoneManagerService$2.callBlockingMethod(OzoneManagerProtocolProtos.java) [ozone-interface-client-1.4.0-SNAPSHOT.jar:?]
	at org.apache.hadoop.ipc.ProtobufRpcEngine$Server.processCall(ProtobufRpcEngine.java:484) [hadoop-common-3.3.6.jar:?]
	at org.apache.hadoop.ipc.ProtobufRpcEngine2$Server$ProtoBufRpcInvoker.call(ProtobufRpcEngine2.java:595) [hadoop-common-3.3.6.jar:?]
	at org.apache.hadoop.ipc.ProtobufRpcEngine2$Server$ProtoBufRpcInvoker.call(ProtobufRpcEngine2.java:573) [hadoop-common-3.3.6.jar:?]
	at org.apache.hadoop.ipc.RPC$Server.call(RPC.java:1227) [hadoop-common-3.3.6.jar:?]
	at org.apache.hadoop.ipc.Server$RpcCall.run(Server.java:1094) [hadoop-common-3.3.6.jar:?]
	at org.apache.hadoop.ipc.Server$RpcCall.run(Server.java:1017) [hadoop-common-3.3.6.jar:?]
	at java.security.AccessController.doPrivileged(Native Method) ~[?:1.8.0_382]
	at javax.security.auth.Subject.doAs(Subject.java:422) [?:1.8.0_382]
	at org.apache.hadoop.security.UserGroupInformation.doAs(UserGroupInformation.java:1899) [hadoop-common-3.3.6.jar:?]
	at org.apache.hadoop.ipc.Server$Handler.run(Server.java:3048) [hadoop-common-3.3.6.jar:?]
04:48:38.424 [IPC Server handler 11 on default port 15004] ERROR OMAudit - user=runner | ip=127.0.0.1 | op=GET_FILE_STATUS {volume=volume25901, bucket=bucket39570, key=gdir1/dir1/child, dataSize=0, replicationConfig=null} | ret=FAILURE
org.apache.hadoop.ozone.om.exceptions.OMException: Unable to get file status: volume: volume25901 bucket: bucket39570 key: gdir1/dir1/child
	at org.apache.hadoop.ozone.om.KeyManagerImpl.getOzoneFileStatus(KeyManagerImpl.java:1195) ~[ozone-manager-1.4.0-SNAPSHOT.jar:?]
	at org.apache.hadoop.ozone.om.KeyManagerImpl.getFileStatus(KeyManagerImpl.java:1113) ~[ozone-manager-1.4.0-SNAPSHOT.jar:?]
	at org.apache.hadoop.ozone.om.OmMetadataReader.getFileStatus(OmMetadataReader.java:262) ~[ozone-manager-1.4.0-SNAPSHOT.jar:?]
	at org.apache.hadoop.ozone.om.OzoneManager.getFileStatus(OzoneManager.java:3530) ~[ozone-manager-1.4.0-SNAPSHOT.jar:?]
	at org.apache.hadoop.ozone.protocolPB.OzoneManagerRequestHandler.getOzoneFileStatus(OzoneManagerRequestHandler.java:971) ~[ozone-manager-1.4.0-SNAPSHOT.jar:?]
	at org.apache.hadoop.ozone.protocolPB.OzoneManagerRequestHandler.handleReadRequest(OzoneManagerRequestHandler.java:250) ~[ozone-manager-1.4.0-SNAPSHOT.jar:?]
	at org.apache.hadoop.ozone.protocolPB.OzoneManagerProtocolServerSideTranslatorPB.submitReadRequestToOM(OzoneManagerProtocolServerSideTranslatorPB.java:225) ~[ozone-manager-1.4.0-SNAPSHOT.jar:?]
	at org.apache.hadoop.ozone.protocolPB.OzoneManagerProtocolServerSideTranslatorPB.processRequest(OzoneManagerProtocolServerSideTranslatorPB.java:179) ~[ozone-manager-1.4.0-SNAPSHOT.jar:?]
	at org.apache.hadoop.hdds.server.OzoneProtocolMessageDispatcher.processRequest(OzoneProtocolMessageDispatcher.java:87) [hdds-server-framework-1.4.0-SNAPSHOT.jar:?]
	at org.apache.hadoop.ozone.protocolPB.OzoneManagerProtocolServerSideTranslatorPB.submitRequest(OzoneManagerProtocolServerSideTranslatorPB.java:148) [ozone-manager-1.4.0-SNAPSHOT.jar:?]
	at org.apache.hadoop.ozone.protocol.proto.OzoneManagerProtocolProtos$OzoneManagerService$2.callBlockingMethod(OzoneManagerProtocolProtos.java) [ozone-interface-client-1.4.0-SNAPSHOT.jar:?]
	at org.apache.hadoop.ipc.ProtobufRpcEngine$Server.processCall(ProtobufRpcEngine.java:484) [hadoop-common-3.3.6.jar:?]
	at org.apache.hadoop.ipc.ProtobufRpcEngine2$Server$ProtoBufRpcInvoker.call(ProtobufRpcEngine2.java:595) [hadoop-common-3.3.6.jar:?]
	at org.apache.hadoop.ipc.ProtobufRpcEngine2$Server$ProtoBufRpcInvoker.call(ProtobufRpcEngine2.java:573) [hadoop-common-3.3.6.jar:?]
	at org.apache.hadoop.ipc.RPC$Server.call(RPC.java:1227) [hadoop-common-3.3.6.jar:?]
	at org.apache.hadoop.ipc.Server$RpcCall.run(Server.java:1094) [hadoop-common-3.3.6.jar:?]
	at org.apache.hadoop.ipc.Server$RpcCall.run(Server.java:1017) [hadoop-common-3.3.6.jar:?]
	at java.security.AccessController.doPrivileged(Native Method) ~[?:1.8.0_382]
	at javax.security.auth.Subject.doAs(Subject.java:422) [?:1.8.0_382]
	at org.apache.hadoop.security.UserGroupInformation.doAs(UserGroupInformation.java:1899) [hadoop-common-3.3.6.jar:?]
	at org.apache.hadoop.ipc.Server$Handler.run(Server.java:3048) [hadoop-common-3.3.6.jar:?]
04:48:38.426 [IPC Server handler 6 on default port 15004] ERROR OMAudit - user=runner | ip=127.0.0.1 | op=GET_FILE_STATUS {volume=volume25901, bucket=bucket39570, key=gdir1/dir2, dataSize=0, replicationConfig=null} | ret=FAILURE
org.apache.hadoop.ozone.om.exceptions.OMException: Unable to get file status: volume: volume25901 bucket: bucket39570 key: gdir1/dir2
	at org.apache.hadoop.ozone.om.KeyManagerImpl.getOzoneFileStatus(KeyManagerImpl.java:1195) ~[ozone-manager-1.4.0-SNAPSHOT.jar:?]
	at org.apache.hadoop.ozone.om.KeyManagerImpl.getFileStatus(KeyManagerImpl.java:1113) ~[ozone-manager-1.4.0-SNAPSHOT.jar:?]
	at org.apache.hadoop.ozone.om.OmMetadataReader.getFileStatus(OmMetadataReader.java:262) ~[ozone-manager-1.4.0-SNAPSHOT.jar:?]
	at org.apache.hadoop.ozone.om.OzoneManager.getFileStatus(OzoneManager.java:3530) ~[ozone-manager-1.4.0-SNAPSHOT.jar:?]
	at org.apache.hadoop.ozone.protocolPB.OzoneManagerRequestHandler.getOzoneFileStatus(OzoneManagerRequestHandler.java:971) ~[ozone-manager-1.4.0-SNAPSHOT.jar:?]
	at org.apache.hadoop.ozone.protocolPB.OzoneManagerRequestHandler.handleReadRequest(OzoneManagerRequestHandler.java:250) ~[ozone-manager-1.4.0-SNAPSHOT.jar:?]
	at org.apache.hadoop.ozone.protocolPB.OzoneManagerProtocolServerSideTranslatorPB.submitReadRequestToOM(OzoneManagerProtocolServerSideTranslatorPB.java:225) ~[ozone-manager-1.4.0-SNAPSHOT.jar:?]
	at org.apache.hadoop.ozone.protocolPB.OzoneManagerProtocolServerSideTranslatorPB.processRequest(OzoneManagerProtocolServerSideTranslatorPB.java:179) ~[ozone-manager-1.4.0-SNAPSHOT.jar:?]
	at org.apache.hadoop.hdds.server.OzoneProtocolMessageDispatcher.processRequest(OzoneProtocolMessageDispatcher.java:87) [hdds-server-framework-1.4.0-SNAPSHOT.jar:?]
	at org.apache.hadoop.ozone.protocolPB.OzoneManagerProtocolServerSideTranslatorPB.submitRequest(OzoneManagerProtocolServerSideTranslatorPB.java:148) [ozone-manager-1.4.0-SNAPSHOT.jar:?]
	at org.apache.hadoop.ozone.protocol.proto.OzoneManagerProtocolProtos$OzoneManagerService$2.callBlockingMethod(OzoneManagerProtocolProtos.java) [ozone-interface-client-1.4.0-SNAPSHOT.jar:?]
	at org.apache.hadoop.ipc.ProtobufRpcEngine$Server.processCall(ProtobufRpcEngine.java:484) [hadoop-common-3.3.6.jar:?]
	at org.apache.hadoop.ipc.ProtobufRpcEngine2$Server$ProtoBufRpcInvoker.call(ProtobufRpcEngine2.java:595) [hadoop-common-3.3.6.jar:?]
	at org.apache.hadoop.ipc.ProtobufRpcEngine2$Server$ProtoBufRpcInvoker.call(ProtobufRpcEngine2.java:573) [hadoop-common-3.3.6.jar:?]
	at org.apache.hadoop.ipc.RPC$Server.call(RPC.java:1227) [hadoop-common-3.3.6.jar:?]
	at org.apache.hadoop.ipc.Server$RpcCall.run(Server.java:1094) [hadoop-common-3.3.6.jar:?]
	at org.apache.hadoop.ipc.Server$RpcCall.run(Server.java:1017) [hadoop-common-3.3.6.jar:?]
	at java.security.AccessController.doPrivileged(Native Method) ~[?:1.8.0_382]
	at javax.security.auth.Subject.doAs(Subject.java:422) [?:1.8.0_382]
	at org.apache.hadoop.security.UserGroupInformation.doAs(UserGroupInformation.java:1899) [hadoop-common-3.3.6.jar:?]
	at org.apache.hadoop.ipc.Server$Handler.run(Server.java:3048) [hadoop-common-3.3.6.jar:?]
04:48:38.428 [IPC Server handler 13 on default port 15004] ERROR OMAudit - user=runner | ip=127.0.0.1 | op=GET_FILE_STATUS {volume=volume25901, bucket=bucket39570, key=gdir1/dir2/child, dataSize=0, replicationConfig=null} | ret=FAILURE
org.apache.hadoop.ozone.om.exceptions.OMException: Unable to get file status: volume: volume25901 bucket: bucket39570 key: gdir1/dir2/child
	at org.apache.hadoop.ozone.om.KeyManagerImpl.getOzoneFileStatus(KeyManagerImpl.java:1195) ~[ozone-manager-1.4.0-SNAPSHOT.jar:?]
	at org.apache.hadoop.ozone.om.KeyManagerImpl.getFileStatus(KeyManagerImpl.java:1113) ~[ozone-manager-1.4.0-SNAPSHOT.jar:?]
	at org.apache.hadoop.ozone.om.OmMetadataReader.getFileStatus(OmMetadataReader.java:262) ~[ozone-manager-1.4.0-SNAPSHOT.jar:?]
	at org.apache.hadoop.ozone.om.OzoneManager.getFileStatus(OzoneManager.java:3530) ~[ozone-manager-1.4.0-SNAPSHOT.jar:?]
	at org.apache.hadoop.ozone.protocolPB.OzoneManagerRequestHandler.getOzoneFileStatus(OzoneManagerRequestHandler.java:971) ~[ozone-manager-1.4.0-SNAPSHOT.jar:?]
	at org.apache.hadoop.ozone.protocolPB.OzoneManagerRequestHandler.handleReadRequest(OzoneManagerRequestHandler.java:250) ~[ozone-manager-1.4.0-SNAPSHOT.jar:?]
	at org.apache.hadoop.ozone.protocolPB.OzoneManagerProtocolServerSideTranslatorPB.submitReadRequestToOM(OzoneManagerProtocolServerSideTranslatorPB.java:225) ~[ozone-manager-1.4.0-SNAPSHOT.jar:?]
	at org.apache.hadoop.ozone.protocolPB.OzoneManagerProtocolServerSideTranslatorPB.processRequest(OzoneManagerProtocolServerSideTranslatorPB.java:179) ~[ozone-manager-1.4.0-SNAPSHOT.jar:?]
	at org.apache.hadoop.hdds.server.OzoneProtocolMessageDispatcher.processRequest(OzoneProtocolMessageDispatcher.java:87) [hdds-server-framework-1.4.0-SNAPSHOT.jar:?]
	at org.apache.hadoop.ozone.protocolPB.OzoneManagerProtocolServerSideTranslatorPB.submitRequest(OzoneManagerProtocolServerSideTranslatorPB.java:148) [ozone-manager-1.4.0-SNAPSHOT.jar:?]
	at org.apache.hadoop.ozone.protocol.proto.OzoneManagerProtocolProtos$OzoneManagerService$2.callBlockingMethod(OzoneManagerProtocolProtos.java) [ozone-interface-client-1.4.0-SNAPSHOT.jar:?]
	at org.apache.hadoop.ipc.ProtobufRpcEngine$Server.processCall(ProtobufRpcEngine.java:484) [hadoop-common-3.3.6.jar:?]
	at org.apache.hadoop.ipc.ProtobufRpcEngine2$Server$ProtoBufRpcInvoker.call(ProtobufRpcEngine2.java:595) [hadoop-common-3.3.6.jar:?]
	at org.apache.hadoop.ipc.ProtobufRpcEngine2$Server$ProtoBufRpcInvoker.call(ProtobufRpcEngine2.java:573) [hadoop-common-3.3.6.jar:?]
	at org.apache.hadoop.ipc.RPC$Server.call(RPC.java:1227) [hadoop-common-3.3.6.jar:?]
	at org.apache.hadoop.ipc.Server$RpcCall.run(Server.java:1094) [hadoop-common-3.3.6.jar:?]
	at org.apache.hadoop.ipc.Server$RpcCall.run(Server.java:1017) [hadoop-common-3.3.6.jar:?]
	at java.security.AccessController.doPrivileged(Native Method) ~[?:1.8.0_382]
	at javax.security.auth.Subject.doAs(Subject.java:422) [?:1.8.0_382]
	at org.apache.hadoop.security.UserGroupInformation.doAs(UserGroupInformation.java:1899) [hadoop-common-3.3.6.jar:?]
	at org.apache.hadoop.ipc.Server$Handler.run(Server.java:3048) [hadoop-common-3.3.6.jar:?]
04:48:38.431 [IPC Server handler 14 on default port 15004] ERROR OMAudit - user=runner | ip=127.0.0.1 | op=GET_FILE_STATUS {volume=volume25901, bucket=bucket39570, key=gdir1/dir3, dataSize=0, replicationConfig=null} | ret=FAILURE
org.apache.hadoop.ozone.om.exceptions.OMException: Unable to get file status: volume: volume25901 bucket: bucket39570 key: gdir1/dir3
	at org.apache.hadoop.ozone.om.KeyManagerImpl.getOzoneFileStatus(KeyManagerImpl.java:1195) ~[ozone-manager-1.4.0-SNAPSHOT.jar:?]
	at org.apache.hadoop.ozone.om.KeyManagerImpl.getFileStatus(KeyManagerImpl.java:1113) ~[ozone-manager-1.4.0-SNAPSHOT.jar:?]
	at org.apache.hadoop.ozone.om.OmMetadataReader.getFileStatus(OmMetadataReader.java:262) ~[ozone-manager-1.4.0-SNAPSHOT.jar:?]
	at org.apache.hadoop.ozone.om.OzoneManager.getFileStatus(OzoneManager.java:3530) ~[ozone-manager-1.4.0-SNAPSHOT.jar:?]
	at org.apache.hadoop.ozone.protocolPB.OzoneManagerRequestHandler.getOzoneFileStatus(OzoneManagerRequestHandler.java:971) ~[ozone-manager-1.4.0-SNAPSHOT.jar:?]
	at org.apache.hadoop.ozone.protocolPB.OzoneManagerRequestHandler.handleReadRequest(OzoneManagerRequestHandler.java:250) ~[ozone-manager-1.4.0-SNAPSHOT.jar:?]
	at org.apache.hadoop.ozone.protocolPB.OzoneManagerProtocolServerSideTranslatorPB.submitReadRequestToOM(OzoneManagerProtocolServerSideTranslatorPB.java:225) ~[ozone-manager-1.4.0-SNAPSHOT.jar:?]
	at org.apache.hadoop.ozone.protocolPB.OzoneManagerProtocolServerSideTranslatorPB.processRequest(OzoneManagerProtocolServerSideTranslatorPB.java:179) ~[ozone-manager-1.4.0-SNAPSHOT.jar:?]
	at org.apache.hadoop.hdds.server.OzoneProtocolMessageDispatcher.processRequest(OzoneProtocolMessageDispatcher.java:87) [hdds-server-framework-1.4.0-SNAPSHOT.jar:?]
	at org.apache.hadoop.ozone.protocolPB.OzoneManagerProtocolServerSideTranslatorPB.submitRequest(OzoneManagerProtocolServerSideTranslatorPB.java:148) [ozone-manager-1.4.0-SNAPSHOT.jar:?]
	at org.apache.hadoop.ozone.protocol.proto.OzoneManagerProtocolProtos$OzoneManagerService$2.callBlockingMethod(OzoneManagerProtocolProtos.java) [ozone-interface-client-1.4.0-SNAPSHOT.jar:?]
	at org.apache.hadoop.ipc.ProtobufRpcEngine$Server.processCall(ProtobufRpcEngine.java:484) [hadoop-common-3.3.6.jar:?]
	at org.apache.hadoop.ipc.ProtobufRpcEngine2$Server$ProtoBufRpcInvoker.call(ProtobufRpcEngine2.java:595) [hadoop-common-3.3.6.jar:?]
	at org.apache.hadoop.ipc.ProtobufRpcEngine2$Server$ProtoBufRpcInvoker.call(ProtobufRpcEngine2.java:573) [hadoop-common-3.3.6.jar:?]
	at org.apache.hadoop.ipc.RPC$Server.call(RPC.java:1227) [hadoop-common-3.3.6.jar:?]
	at org.apache.hadoop.ipc.Server$RpcCall.run(Server.java:1094) [hadoop-common-3.3.6.jar:?]
	at org.apache.hadoop.ipc.Server$RpcCall.run(Server.java:1017) [hadoop-common-3.3.6.jar:?]
	at java.security.AccessController.doPrivileged(Native Method) ~[?:1.8.0_382]
	at javax.security.auth.Subject.doAs(Subject.java:422) [?:1.8.0_382]
	at org.apache.hadoop.security.UserGroupInformation.doAs(UserGroupInformation.java:1899) [hadoop-common-3.3.6.jar:?]
	at org.apache.hadoop.ipc.Server$Handler.run(Server.java:3048) [hadoop-common-3.3.6.jar:?]
04:48:38.433 [IPC Server handler 15 on default port 15004] ERROR OMAudit - user=runner | ip=127.0.0.1 | op=GET_FILE_STATUS {volume=volume25901, bucket=bucket39570, key=gdir1/dir3/child, dataSize=0, replicationConfig=null} | ret=FAILURE
org.apache.hadoop.ozone.om.exceptions.OMException: Unable to get file status: volume: volume25901 bucket: bucket39570 key: gdir1/dir3/child
	at org.apache.hadoop.ozone.om.KeyManagerImpl.getOzoneFileStatus(KeyManagerImpl.java:1195) ~[ozone-manager-1.4.0-SNAPSHOT.jar:?]
	at org.apache.hadoop.ozone.om.KeyManagerImpl.getFileStatus(KeyManagerImpl.java:1113) ~[ozone-manager-1.4.0-SNAPSHOT.jar:?]
	at org.apache.hadoop.ozone.om.OmMetadataReader.getFileStatus(OmMetadataReader.java:262) ~[ozone-manager-1.4.0-SNAPSHOT.jar:?]
	at org.apache.hadoop.ozone.om.OzoneManager.getFileStatus(OzoneManager.java:3530) ~[ozone-manager-1.4.0-SNAPSHOT.jar:?]
	at org.apache.hadoop.ozone.protocolPB.OzoneManagerRequestHandler.getOzoneFileStatus(OzoneManagerRequestHandler.java:971) ~[ozone-manager-1.4.0-SNAPSHOT.jar:?]
	at org.apache.hadoop.ozone.protocolPB.OzoneManagerRequestHandler.handleReadRequest(OzoneManagerRequestHandler.java:250) ~[ozone-manager-1.4.0-SNAPSHOT.jar:?]
	at org.apache.hadoop.ozone.protocolPB.OzoneManagerProtocolServerSideTranslatorPB.submitReadRequestToOM(OzoneManagerProtocolServerSideTranslatorPB.java:225) ~[ozone-manager-1.4.0-SNAPSHOT.jar:?]
	at org.apache.hadoop.ozone.protocolPB.OzoneManagerProtocolServerSideTranslatorPB.processRequest(OzoneManagerProtocolServerSideTranslatorPB.java:179) ~[ozone-manager-1.4.0-SNAPSHOT.jar:?]
	at org.apache.hadoop.hdds.server.OzoneProtocolMessageDispatcher.processRequest(OzoneProtocolMessageDispatcher.java:87) [hdds-server-framework-1.4.0-SNAPSHOT.jar:?]
	at org.apache.hadoop.ozone.protocolPB.OzoneManagerProtocolServerSideTranslatorPB.submitRequest(OzoneManagerProtocolServerSideTranslatorPB.java:148) [ozone-manager-1.4.0-SNAPSHOT.jar:?]
	at org.apache.hadoop.ozone.protocol.proto.OzoneManagerProtocolProtos$OzoneManagerService$2.callBlockingMethod(OzoneManagerProtocolProtos.java) [ozone-interface-client-1.4.0-SNAPSHOT.jar:?]
	at org.apache.hadoop.ipc.ProtobufRpcEngine$Server.processCall(ProtobufRpcEngine.java:484) [hadoop-common-3.3.6.jar:?]
	at org.apache.hadoop.ipc.ProtobufRpcEngine2$Server$ProtoBufRpcInvoker.call(ProtobufRpcEngine2.java:595) [hadoop-common-3.3.6.jar:?]
	at org.apache.hadoop.ipc.ProtobufRpcEngine2$Server$ProtoBufRpcInvoker.call(ProtobufRpcEngine2.java:573) [hadoop-common-3.3.6.jar:?]
	at org.apache.hadoop.ipc.RPC$Server.call(RPC.java:1227) [hadoop-common-3.3.6.jar:?]
	at org.apache.hadoop.ipc.Server$RpcCall.run(Server.java:1094) [hadoop-common-3.3.6.jar:?]
	at org.apache.hadoop.ipc.Server$RpcCall.run(Server.java:1017) [hadoop-common-3.3.6.jar:?]
	at java.security.AccessController.doPrivileged(Native Method) ~[?:1.8.0_382]
	at javax.security.auth.Subject.doAs(Subject.java:422) [?:1.8.0_382]
	at org.apache.hadoop.security.UserGroupInformation.doAs(UserGroupInformation.java:1899) [hadoop-common-3.3.6.jar:?]
	at org.apache.hadoop.ipc.Server$Handler.run(Server.java:3048) [hadoop-common-3.3.6.jar:?]
04:48:38.435 [IPC Server handler 9 on default port 15004] ERROR OMAudit - user=runner | ip=127.0.0.1 | op=GET_FILE_STATUS {volume=volume25901, bucket=bucket39570, key=gdir1/dir4, dataSize=0, replicationConfig=null} | ret=FAILURE
org.apache.hadoop.ozone.om.exceptions.OMException: Unable to get file status: volume: volume25901 bucket: bucket39570 key: gdir1/dir4
	at org.apache.hadoop.ozone.om.KeyManagerImpl.getOzoneFileStatus(KeyManagerImpl.java:1195) ~[ozone-manager-1.4.0-SNAPSHOT.jar:?]
	at org.apache.hadoop.ozone.om.KeyManagerImpl.getFileStatus(KeyManagerImpl.java:1113) ~[ozone-manager-1.4.0-SNAPSHOT.jar:?]
	at org.apache.hadoop.ozone.om.OmMetadataReader.getFileStatus(OmMetadataReader.java:262) ~[ozone-manager-1.4.0-SNAPSHOT.jar:?]
	at org.apache.hadoop.ozone.om.OzoneManager.getFileStatus(OzoneManager.java:3530) ~[ozone-manager-1.4.0-SNAPSHOT.jar:?]
	at org.apache.hadoop.ozone.protocolPB.OzoneManagerRequestHandler.getOzoneFileStatus(OzoneManagerRequestHandler.java:971) ~[ozone-manager-1.4.0-SNAPSHOT.jar:?]
	at org.apache.hadoop.ozone.protocolPB.OzoneManagerRequestHandler.handleReadRequest(OzoneManagerRequestHandler.java:250) ~[ozone-manager-1.4.0-SNAPSHOT.jar:?]
	at org.apache.hadoop.ozone.protocolPB.OzoneManagerProtocolServerSideTranslatorPB.submitReadRequestToOM(OzoneManagerProtocolServerSideTranslatorPB.java:225) ~[ozone-manager-1.4.0-SNAPSHOT.jar:?]
	at org.apache.hadoop.ozone.protocolPB.OzoneManagerProtocolServerSideTranslatorPB.processRequest(OzoneManagerProtocolServerSideTranslatorPB.java:179) ~[ozone-manager-1.4.0-SNAPSHOT.jar:?]
	at org.apache.hadoop.hdds.server.OzoneProtocolMessageDispatcher.processRequest(OzoneProtocolMessageDispatcher.java:87) [hdds-server-framework-1.4.0-SNAPSHOT.jar:?]
	at org.apache.hadoop.ozone.protocolPB.OzoneManagerProtocolServerSideTranslatorPB.submitRequest(OzoneManagerProtocolServerSideTranslatorPB.java:148) [ozone-manager-1.4.0-SNAPSHOT.jar:?]
	at org.apache.hadoop.ozone.protocol.proto.OzoneManagerProtocolProtos$OzoneManagerService$2.callBlockingMethod(OzoneManagerProtocolProtos.java) [ozone-interface-client-1.4.0-SNAPSHOT.jar:?]
	at org.apache.hadoop.ipc.ProtobufRpcEngine$Server.processCall(ProtobufRpcEngine.java:484) [hadoop-common-3.3.6.jar:?]
	at org.apache.hadoop.ipc.ProtobufRpcEngine2$Server$ProtoBufRpcInvoker.call(ProtobufRpcEngine2.java:595) [hadoop-common-3.3.6.jar:?]
	at org.apache.hadoop.ipc.ProtobufRpcEngine2$Server$ProtoBufRpcInvoker.call(ProtobufRpcEngine2.java:573) [hadoop-common-3.3.6.jar:?]
	at org.apache.hadoop.ipc.RPC$Server.call(RPC.java:1227) [hadoop-common-3.3.6.jar:?]
	at org.apache.hadoop.ipc.Server$RpcCall.run(Server.java:1094) [hadoop-common-3.3.6.jar:?]
	at org.apache.hadoop.ipc.Server$RpcCall.run(Server.java:1017) [hadoop-common-3.3.6.jar:?]
	at java.security.AccessController.doPrivileged(Native Method) ~[?:1.8.0_382]
	at javax.security.auth.Subject.doAs(Subject.java:422) [?:1.8.0_382]
	at org.apache.hadoop.security.UserGroupInformation.doAs(UserGroupInformation.java:1899) [hadoop-common-3.3.6.jar:?]
	at org.apache.hadoop.ipc.Server$Handler.run(Server.java:3048) [hadoop-common-3.3.6.jar:?]
04:48:38.437 [IPC Server handler 2 on default port 15004] ERROR OMAudit - user=runner | ip=127.0.0.1 | op=GET_FILE_STATUS {volume=volume25901, bucket=bucket39570, key=gdir1/dir4/child, dataSize=0, replicationConfig=null} | ret=FAILURE
org.apache.hadoop.ozone.om.exceptions.OMException: Unable to get file status: volume: volume25901 bucket: bucket39570 key: gdir1/dir4/child
	at org.apache.hadoop.ozone.om.KeyManagerImpl.getOzoneFileStatus(KeyManagerImpl.java:1195) ~[ozone-manager-1.4.0-SNAPSHOT.jar:?]
	at org.apache.hadoop.ozone.om.KeyManagerImpl.getFileStatus(KeyManagerImpl.java:1113) ~[ozone-manager-1.4.0-SNAPSHOT.jar:?]
	at org.apache.hadoop.ozone.om.OmMetadataReader.getFileStatus(OmMetadataReader.java:262) ~[ozone-manager-1.4.0-SNAPSHOT.jar:?]
	at org.apache.hadoop.ozone.om.OzoneManager.getFileStatus(OzoneManager.java:3530) ~[ozone-manager-1.4.0-SNAPSHOT.jar:?]
	at org.apache.hadoop.ozone.protocolPB.OzoneManagerRequestHandler.getOzoneFileStatus(OzoneManagerRequestHandler.java:971) ~[ozone-manager-1.4.0-SNAPSHOT.jar:?]
	at org.apache.hadoop.ozone.protocolPB.OzoneManagerRequestHandler.handleReadRequest(OzoneManagerRequestHandler.java:250) ~[ozone-manager-1.4.0-SNAPSHOT.jar:?]
	at org.apache.hadoop.ozone.protocolPB.OzoneManagerProtocolServerSideTranslatorPB.submitReadRequestToOM(OzoneManagerProtocolServerSideTranslatorPB.java:225) ~[ozone-manager-1.4.0-SNAPSHOT.jar:?]
	at org.apache.hadoop.ozone.protocolPB.OzoneManagerProtocolServerSideTranslatorPB.processRequest(OzoneManagerProtocolServerSideTranslatorPB.java:179) ~[ozone-manager-1.4.0-SNAPSHOT.jar:?]
	at org.apache.hadoop.hdds.server.OzoneProtocolMessageDispatcher.processRequest(OzoneProtocolMessageDispatcher.java:87) [hdds-server-framework-1.4.0-SNAPSHOT.jar:?]
	at org.apache.hadoop.ozone.protocolPB.OzoneManagerProtocolServerSideTranslatorPB.submitRequest(OzoneManagerProtocolServerSideTranslatorPB.java:148) [ozone-manager-1.4.0-SNAPSHOT.jar:?]
	at org.apache.hadoop.ozone.protocol.proto.OzoneManagerProtocolProtos$OzoneManagerService$2.callBlockingMethod(OzoneManagerProtocolProtos.java) [ozone-interface-client-1.4.0-SNAPSHOT.jar:?]
	at org.apache.hadoop.ipc.ProtobufRpcEngine$Server.processCall(ProtobufRpcEngine.java:484) [hadoop-common-3.3.6.jar:?]
	at org.apache.hadoop.ipc.ProtobufRpcEngine2$Server$ProtoBufRpcInvoker.call(ProtobufRpcEngine2.java:595) [hadoop-common-3.3.6.jar:?]
	at org.apache.hadoop.ipc.ProtobufRpcEngine2$Server$ProtoBufRpcInvoker.call(ProtobufRpcEngine2.java:573) [hadoop-common-3.3.6.jar:?]
	at org.apache.hadoop.ipc.RPC$Server.call(RPC.java:1227) [hadoop-common-3.3.6.jar:?]
	at org.apache.hadoop.ipc.Server$RpcCall.run(Server.java:1094) [hadoop-common-3.3.6.jar:?]
	at org.apache.hadoop.ipc.Server$RpcCall.run(Server.java:1017) [hadoop-common-3.3.6.jar:?]
	at java.security.AccessController.doPrivileged(Native Method) ~[?:1.8.0_382]
	at javax.security.auth.Subject.doAs(Subject.java:422) [?:1.8.0_382]
	at org.apache.hadoop.security.UserGroupInformation.doAs(UserGroupInformation.java:1899) [hadoop-common-3.3.6.jar:?]
	at org.apache.hadoop.ipc.Server$Handler.run(Server.java:3048) [hadoop-common-3.3.6.jar:?]
04:48:38.439 [IPC Server handler 0 on default port 15004] ERROR OMAudit - user=runner | ip=127.0.0.1 | op=GET_FILE_STATUS {volume=volume25901, bucket=bucket39570, key=gdir1/dir5, dataSize=0, replicationConfig=null} | ret=FAILURE
org.apache.hadoop.ozone.om.exceptions.OMException: Unable to get file status: volume: volume25901 bucket: bucket39570 key: gdir1/dir5
	at org.apache.hadoop.ozone.om.KeyManagerImpl.getOzoneFileStatus(KeyManagerImpl.java:1195) ~[ozone-manager-1.4.0-SNAPSHOT.jar:?]
	at org.apache.hadoop.ozone.om.KeyManagerImpl.getFileStatus(KeyManagerImpl.java:1113) ~[ozone-manager-1.4.0-SNAPSHOT.jar:?]
	at org.apache.hadoop.ozone.om.OmMetadataReader.getFileStatus(OmMetadataReader.java:262) ~[ozone-manager-1.4.0-SNAPSHOT.jar:?]
	at org.apache.hadoop.ozone.om.OzoneManager.getFileStatus(OzoneManager.java:3530) ~[ozone-manager-1.4.0-SNAPSHOT.jar:?]
	at org.apache.hadoop.ozone.protocolPB.OzoneManagerRequestHandler.getOzoneFileStatus(OzoneManagerRequestHandler.java:971) ~[ozone-manager-1.4.0-SNAPSHOT.jar:?]
	at org.apache.hadoop.ozone.protocolPB.OzoneManagerRequestHandler.handleReadRequest(OzoneManagerRequestHandler.java:250) ~[ozone-manager-1.4.0-SNAPSHOT.jar:?]
	at org.apache.hadoop.ozone.protocolPB.OzoneManagerProtocolServerSideTranslatorPB.submitReadRequestToOM(OzoneManagerProtocolServerSideTranslatorPB.java:225) ~[ozone-manager-1.4.0-SNAPSHOT.jar:?]
	at org.apache.hadoop.ozone.protocolPB.OzoneManagerProtocolServerSideTranslatorPB.processRequest(OzoneManagerProtocolServerSideTranslatorPB.java:179) ~[ozone-manager-1.4.0-SNAPSHOT.jar:?]
	at org.apache.hadoop.hdds.server.OzoneProtocolMessageDispatcher.processRequest(OzoneProtocolMessageDispatcher.java:87) [hdds-server-framework-1.4.0-SNAPSHOT.jar:?]
	at org.apache.hadoop.ozone.protocolPB.OzoneManagerProtocolServerSideTranslatorPB.submitRequest(OzoneManagerProtocolServerSideTranslatorPB.java:148) [ozone-manager-1.4.0-SNAPSHOT.jar:?]
	at org.apache.hadoop.ozone.protocol.proto.OzoneManagerProtocolProtos$OzoneManagerService$2.callBlockingMethod(OzoneManagerProtocolProtos.java) [ozone-interface-client-1.4.0-SNAPSHOT.jar:?]
	at org.apache.hadoop.ipc.ProtobufRpcEngine$Server.processCall(ProtobufRpcEngine.java:484) [hadoop-common-3.3.6.jar:?]
	at org.apache.hadoop.ipc.ProtobufRpcEngine2$Server$ProtoBufRpcInvoker.call(ProtobufRpcEngine2.java:595) [hadoop-common-3.3.6.jar:?]
	at org.apache.hadoop.ipc.ProtobufRpcEngine2$Server$ProtoBufRpcInvoker.call(ProtobufRpcEngine2.java:573) [hadoop-common-3.3.6.jar:?]
	at org.apache.hadoop.ipc.RPC$Server.call(RPC.java:1227) [hadoop-common-3.3.6.jar:?]
	at org.apache.hadoop.ipc.Server$RpcCall.run(Server.java:1094) [hadoop-common-3.3.6.jar:?]
	at org.apache.hadoop.ipc.Server$RpcCall.run(Server.java:1017) [hadoop-common-3.3.6.jar:?]
	at java.security.AccessController.doPrivileged(Native Method) ~[?:1.8.0_382]
	at javax.security.auth.Subject.doAs(Subject.java:422) [?:1.8.0_382]
	at org.apache.hadoop.security.UserGroupInformation.doAs(UserGroupInformation.java:1899) [hadoop-common-3.3.6.jar:?]
	at org.apache.hadoop.ipc.Server$Handler.run(Server.java:3048) [hadoop-common-3.3.6.jar:?]
04:48:38.441 [IPC Server handler 7 on default port 15004] ERROR OMAudit - user=runner | ip=127.0.0.1 | op=GET_FILE_STATUS {volume=volume25901, bucket=bucket39570, key=gdir1/dir5/child, dataSize=0, replicationConfig=null} | ret=FAILURE
org.apache.hadoop.ozone.om.exceptions.OMException: Unable to get file status: volume: volume25901 bucket: bucket39570 key: gdir1/dir5/child
	at org.apache.hadoop.ozone.om.KeyManagerImpl.getOzoneFileStatus(KeyManagerImpl.java:1195) ~[ozone-manager-1.4.0-SNAPSHOT.jar:?]
	at org.apache.hadoop.ozone.om.KeyManagerImpl.getFileStatus(KeyManagerImpl.java:1113) ~[ozone-manager-1.4.0-SNAPSHOT.jar:?]
	at org.apache.hadoop.ozone.om.OmMetadataReader.getFileStatus(OmMetadataReader.java:262) ~[ozone-manager-1.4.0-SNAPSHOT.jar:?]
	at org.apache.hadoop.ozone.om.OzoneManager.getFileStatus(OzoneManager.java:3530) ~[ozone-manager-1.4.0-SNAPSHOT.jar:?]
	at org.apache.hadoop.ozone.protocolPB.OzoneManagerRequestHandler.getOzoneFileStatus(OzoneManagerRequestHandler.java:971) ~[ozone-manager-1.4.0-SNAPSHOT.jar:?]
	at org.apache.hadoop.ozone.protocolPB.OzoneManagerRequestHandler.handleReadRequest(OzoneManagerRequestHandler.java:250) ~[ozone-manager-1.4.0-SNAPSHOT.jar:?]
	at org.apache.hadoop.ozone.protocolPB.OzoneManagerProtocolServerSideTranslatorPB.submitReadRequestToOM(OzoneManagerProtocolServerSideTranslatorPB.java:225) ~[ozone-manager-1.4.0-SNAPSHOT.jar:?]
	at org.apache.hadoop.ozone.protocolPB.OzoneManagerProtocolServerSideTranslatorPB.processRequest(OzoneManagerProtocolServerSideTranslatorPB.java:179) ~[ozone-manager-1.4.0-SNAPSHOT.jar:?]
	at org.apache.hadoop.hdds.server.OzoneProtocolMessageDispatcher.processRequest(OzoneProtocolMessageDispatcher.java:87) [hdds-server-framework-1.4.0-SNAPSHOT.jar:?]
	at org.apache.hadoop.ozone.protocolPB.OzoneManagerProtocolServerSideTranslatorPB.submitRequest(OzoneManagerProtocolServerSideTranslatorPB.java:148) [ozone-manager-1.4.0-SNAPSHOT.jar:?]
	at org.apache.hadoop.ozone.protocol.proto.OzoneManagerProtocolProtos$OzoneManagerService$2.callBlockingMethod(OzoneManagerProtocolProtos.java) [ozone-interface-client-1.4.0-SNAPSHOT.jar:?]
	at org.apache.hadoop.ipc.ProtobufRpcEngine$Server.processCall(ProtobufRpcEngine.java:484) [hadoop-common-3.3.6.jar:?]
	at org.apache.hadoop.ipc.ProtobufRpcEngine2$Server$ProtoBufRpcInvoker.call(ProtobufRpcEngine2.java:595) [hadoop-common-3.3.6.jar:?]
	at org.apache.hadoop.ipc.ProtobufRpcEngine2$Server$ProtoBufRpcInvoker.call(ProtobufRpcEngine2.java:573) [hadoop-common-3.3.6.jar:?]
	at org.apache.hadoop.ipc.RPC$Server.call(RPC.java:1227) [hadoop-common-3.3.6.jar:?]
	at org.apache.hadoop.ipc.Server$RpcCall.run(Server.java:1094) [hadoop-common-3.3.6.jar:?]
	at org.apache.hadoop.ipc.Server$RpcCall.run(Server.java:1017) [hadoop-common-3.3.6.jar:?]
	at java.security.AccessController.doPrivileged(Native Method) ~[?:1.8.0_382]
	at javax.security.auth.Subject.doAs(Subject.java:422) [?:1.8.0_382]
	at org.apache.hadoop.security.UserGroupInformation.doAs(UserGroupInformation.java:1899) [hadoop-common-3.3.6.jar:?]
	at org.apache.hadoop.ipc.Server$Handler.run(Server.java:3048) [hadoop-common-3.3.6.jar:?]
04:48:38.443 [IPC Server handler 10 on default port 15004] ERROR OMAudit - user=runner | ip=127.0.0.1 | op=GET_FILE_STATUS {volume=volume25901, bucket=bucket39570, key=gdir1/dir6, dataSize=0, replicationConfig=null} | ret=FAILURE
org.apache.hadoop.ozone.om.exceptions.OMException: Unable to get file status: volume: volume25901 bucket: bucket39570 key: gdir1/dir6
	at org.apache.hadoop.ozone.om.KeyManagerImpl.getOzoneFileStatus(KeyManagerImpl.java:1195) ~[ozone-manager-1.4.0-SNAPSHOT.jar:?]
	at org.apache.hadoop.ozone.om.KeyManagerImpl.getFileStatus(KeyManagerImpl.java:1113) ~[ozone-manager-1.4.0-SNAPSHOT.jar:?]
	at org.apache.hadoop.ozone.om.OmMetadataReader.getFileStatus(OmMetadataReader.java:262) ~[ozone-manager-1.4.0-SNAPSHOT.jar:?]
	at org.apache.hadoop.ozone.om.OzoneManager.getFileStatus(OzoneManager.java:3530) ~[ozone-manager-1.4.0-SNAPSHOT.jar:?]
	at org.apache.hadoop.ozone.protocolPB.OzoneManagerRequestHandler.getOzoneFileStatus(OzoneManagerRequestHandler.java:971) ~[ozone-manager-1.4.0-SNAPSHOT.jar:?]
	at org.apache.hadoop.ozone.protocolPB.OzoneManagerRequestHandler.handleReadRequest(OzoneManagerRequestHandler.java:250) ~[ozone-manager-1.4.0-SNAPSHOT.jar:?]
	at org.apache.hadoop.ozone.protocolPB.OzoneManagerProtocolServerSideTranslatorPB.submitReadRequestToOM(OzoneManagerProtocolServerSideTranslatorPB.java:225) ~[ozone-manager-1.4.0-SNAPSHOT.jar:?]
	at org.apache.hadoop.ozone.protocolPB.OzoneManagerProtocolServerSideTranslatorPB.processRequest(OzoneManagerProtocolServerSideTranslatorPB.java:179) ~[ozone-manager-1.4.0-SNAPSHOT.jar:?]
	at org.apache.hadoop.hdds.server.OzoneProtocolMessageDispatcher.processRequest(OzoneProtocolMessageDispatcher.java:87) [hdds-server-framework-1.4.0-SNAPSHOT.jar:?]
	at org.apache.hadoop.ozone.protocolPB.OzoneManagerProtocolServerSideTranslatorPB.submitRequest(OzoneManagerProtocolServerSideTranslatorPB.java:148) [ozone-manager-1.4.0-SNAPSHOT.jar:?]
	at org.apache.hadoop.ozone.protocol.proto.OzoneManagerProtocolProtos$OzoneManagerService$2.callBlockingMethod(OzoneManagerProtocolProtos.java) [ozone-interface-client-1.4.0-SNAPSHOT.jar:?]
	at org.apache.hadoop.ipc.ProtobufRpcEngine$Server.processCall(ProtobufRpcEngine.java:484) [hadoop-common-3.3.6.jar:?]
	at org.apache.hadoop.ipc.ProtobufRpcEngine2$Server$ProtoBufRpcInvoker.call(ProtobufRpcEngine2.java:595) [hadoop-common-3.3.6.jar:?]
	at org.apache.hadoop.ipc.ProtobufRpcEngine2$Server$ProtoBufRpcInvoker.call(ProtobufRpcEngine2.java:573) [hadoop-common-3.3.6.jar:?]
	at org.apache.hadoop.ipc.RPC$Server.call(RPC.java:1227) [hadoop-common-3.3.6.jar:?]
	at org.apache.hadoop.ipc.Server$RpcCall.run(Server.java:1094) [hadoop-common-3.3.6.jar:?]
	at org.apache.hadoop.ipc.Server$RpcCall.run(Server.java:1017) [hadoop-common-3.3.6.jar:?]
	at java.security.AccessController.doPrivileged(Native Method) ~[?:1.8.0_382]
	at javax.security.auth.Subject.doAs(Subject.java:422) [?:1.8.0_382]
	at org.apache.hadoop.security.UserGroupInformation.doAs(UserGroupInformation.java:1899) [hadoop-common-3.3.6.jar:?]
	at org.apache.hadoop.ipc.Server$Handler.run(Server.java:3048) [hadoop-common-3.3.6.jar:?]
04:48:38.446 [IPC Server handler 3 on default port 15004] ERROR OMAudit - user=runner | ip=127.0.0.1 | op=GET_FILE_STATUS {volume=volume25901, bucket=bucket39570, key=gdir1/dir6/child, dataSize=0, replicationConfig=null} | ret=FAILURE
org.apache.hadoop.ozone.om.exceptions.OMException: Unable to get file status: volume: volume25901 bucket: bucket39570 key: gdir1/dir6/child
	at org.apache.hadoop.ozone.om.KeyManagerImpl.getOzoneFileStatus(KeyManagerImpl.java:1195) ~[ozone-manager-1.4.0-SNAPSHOT.jar:?]
	at org.apache.hadoop.ozone.om.KeyManagerImpl.getFileStatus(KeyManagerImpl.java:1113) ~[ozone-manager-1.4.0-SNAPSHOT.jar:?]
	at org.apache.hadoop.ozone.om.OmMetadataReader.getFileStatus(OmMetadataReader.java:262) ~[ozone-manager-1.4.0-SNAPSHOT.jar:?]
	at org.apache.hadoop.ozone.om.OzoneManager.getFileStatus(OzoneManager.java:3530) ~[ozone-manager-1.4.0-SNAPSHOT.jar:?]
	at org.apache.hadoop.ozone.protocolPB.OzoneManagerRequestHandler.getOzoneFileStatus(OzoneManagerRequestHandler.java:971) ~[ozone-manager-1.4.0-SNAPSHOT.jar:?]
	at org.apache.hadoop.ozone.protocolPB.OzoneManagerRequestHandler.handleReadRequest(OzoneManagerRequestHandler.java:250) ~[ozone-manager-1.4.0-SNAPSHOT.jar:?]
	at org.apache.hadoop.ozone.protocolPB.OzoneManagerProtocolServerSideTranslatorPB.submitReadRequestToOM(OzoneManagerProtocolServerSideTranslatorPB.java:225) ~[ozone-manager-1.4.0-SNAPSHOT.jar:?]
	at org.apache.hadoop.ozone.protocolPB.OzoneManagerProtocolServerSideTranslatorPB.processRequest(OzoneManagerProtocolServerSideTranslatorPB.java:179) ~[ozone-manager-1.4.0-SNAPSHOT.jar:?]
	at org.apache.hadoop.hdds.server.OzoneProtocolMessageDispatcher.processRequest(OzoneProtocolMessageDispatcher.java:87) [hdds-server-framework-1.4.0-SNAPSHOT.jar:?]
	at org.apache.hadoop.ozone.protocolPB.OzoneManagerProtocolServerSideTranslatorPB.submitRequest(OzoneManagerProtocolServerSideTranslatorPB.java:148) [ozone-manager-1.4.0-SNAPSHOT.jar:?]
	at org.apache.hadoop.ozone.protocol.proto.OzoneManagerProtocolProtos$OzoneManagerService$2.callBlockingMethod(OzoneManagerProtocolProtos.java) [ozone-interface-client-1.4.0-SNAPSHOT.jar:?]
	at org.apache.hadoop.ipc.ProtobufRpcEngine$Server.processCall(ProtobufRpcEngine.java:484) [hadoop-common-3.3.6.jar:?]
	at org.apache.hadoop.ipc.ProtobufRpcEngine2$Server$ProtoBufRpcInvoker.call(ProtobufRpcEngine2.java:595) [hadoop-common-3.3.6.jar:?]
	at org.apache.hadoop.ipc.ProtobufRpcEngine2$Server$ProtoBufRpcInvoker.call(ProtobufRpcEngine2.java:573) [hadoop-common-3.3.6.jar:?]
	at org.apache.hadoop.ipc.RPC$Server.call(RPC.java:1227) [hadoop-common-3.3.6.jar:?]
	at org.apache.hadoop.ipc.Server$RpcCall.run(Server.java:1094) [hadoop-common-3.3.6.jar:?]
	at org.apache.hadoop.ipc.Server$RpcCall.run(Server.java:1017) [hadoop-common-3.3.6.jar:?]
	at java.security.AccessController.doPrivileged(Native Method) ~[?:1.8.0_382]
	at javax.security.auth.Subject.doAs(Subject.java:422) [?:1.8.0_382]
	at org.apache.hadoop.security.UserGroupInformation.doAs(UserGroupInformation.java:1899) [hadoop-common-3.3.6.jar:?]
	at org.apache.hadoop.ipc.Server$Handler.run(Server.java:3048) [hadoop-common-3.3.6.jar:?]
04:48:38.448 [IPC Server handler 1 on default port 15004] ERROR OMAudit - user=runner | ip=127.0.0.1 | op=GET_FILE_STATUS {volume=volume25901, bucket=bucket39570, key=gdir1/dir7, dataSize=0, replicationConfig=null} | ret=FAILURE
org.apache.hadoop.ozone.om.exceptions.OMException: Unable to get file status: volume: volume25901 bucket: bucket39570 key: gdir1/dir7
	at org.apache.hadoop.ozone.om.KeyManagerImpl.getOzoneFileStatus(KeyManagerImpl.java:1195) ~[ozone-manager-1.4.0-SNAPSHOT.jar:?]
	at org.apache.hadoop.ozone.om.KeyManagerImpl.getFileStatus(KeyManagerImpl.java:1113) ~[ozone-manager-1.4.0-SNAPSHOT.jar:?]
	at org.apache.hadoop.ozone.om.OmMetadataReader.getFileStatus(OmMetadataReader.java:262) ~[ozone-manager-1.4.0-SNAPSHOT.jar:?]
	at org.apache.hadoop.ozone.om.OzoneManager.getFileStatus(OzoneManager.java:3530) ~[ozone-manager-1.4.0-SNAPSHOT.jar:?]
	at org.apache.hadoop.ozone.protocolPB.OzoneManagerRequestHandler.getOzoneFileStatus(OzoneManagerRequestHandler.java:971) ~[ozone-manager-1.4.0-SNAPSHOT.jar:?]
	at org.apache.hadoop.ozone.protocolPB.OzoneManagerRequestHandler.handleReadRequest(OzoneManagerRequestHandler.java:250) ~[ozone-manager-1.4.0-SNAPSHOT.jar:?]
	at org.apache.hadoop.ozone.protocolPB.OzoneManagerProtocolServerSideTranslatorPB.submitReadRequestToOM(OzoneManagerProtocolServerSideTranslatorPB.java:225) ~[ozone-manager-1.4.0-SNAPSHOT.jar:?]
	at org.apache.hadoop.ozone.protocolPB.OzoneManagerProtocolServerSideTranslatorPB.processRequest(OzoneManagerProtocolServerSideTranslatorPB.java:179) ~[ozone-manager-1.4.0-SNAPSHOT.jar:?]
	at org.apache.hadoop.hdds.server.OzoneProtocolMessageDispatcher.processRequest(OzoneProtocolMessageDispatcher.java:87) [hdds-server-framework-1.4.0-SNAPSHOT.jar:?]
	at org.apache.hadoop.ozone.protocolPB.OzoneManagerProtocolServerSideTranslatorPB.submitRequest(OzoneManagerProtocolServerSideTranslatorPB.java:148) [ozone-manager-1.4.0-SNAPSHOT.jar:?]
	at org.apache.hadoop.ozone.protocol.proto.OzoneManagerProtocolProtos$OzoneManagerService$2.callBlockingMethod(OzoneManagerProtocolProtos.java) [ozone-interface-client-1.4.0-SNAPSHOT.jar:?]
	at org.apache.hadoop.ipc.ProtobufRpcEngine$Server.processCall(ProtobufRpcEngine.java:484) [hadoop-common-3.3.6.jar:?]
	at org.apache.hadoop.ipc.ProtobufRpcEngine2$Server$ProtoBufRpcInvoker.call(ProtobufRpcEngine2.java:595) [hadoop-common-3.3.6.jar:?]
	at org.apache.hadoop.ipc.ProtobufRpcEngine2$Server$ProtoBufRpcInvoker.call(ProtobufRpcEngine2.java:573) [hadoop-common-3.3.6.jar:?]
	at org.apache.hadoop.ipc.RPC$Server.call(RPC.java:1227) [hadoop-common-3.3.6.jar:?]
	at org.apache.hadoop.ipc.Server$RpcCall.run(Server.java:1094) [hadoop-common-3.3.6.jar:?]
	at org.apache.hadoop.ipc.Server$RpcCall.run(Server.java:1017) [hadoop-common-3.3.6.jar:?]
	at java.security.AccessController.doPrivileged(Native Method) ~[?:1.8.0_382]
	at javax.security.auth.Subject.doAs(Subject.java:422) [?:1.8.0_382]
	at org.apache.hadoop.security.UserGroupInformation.doAs(UserGroupInformation.java:1899) [hadoop-common-3.3.6.jar:?]
	at org.apache.hadoop.ipc.Server$Handler.run(Server.java:3048) [hadoop-common-3.3.6.jar:?]
04:48:38.450 [IPC Server handler 5 on default port 15004] ERROR OMAudit - user=runner | ip=127.0.0.1 | op=GET_FILE_STATUS {volume=volume25901, bucket=bucket39570, key=gdir1/dir7/child, dataSize=0, replicationConfig=null} | ret=FAILURE
org.apache.hadoop.ozone.om.exceptions.OMException: Unable to get file status: volume: volume25901 bucket: bucket39570 key: gdir1/dir7/child
	at org.apache.hadoop.ozone.om.KeyManagerImpl.getOzoneFileStatus(KeyManagerImpl.java:1195) ~[ozone-manager-1.4.0-SNAPSHOT.jar:?]
	at org.apache.hadoop.ozone.om.KeyManagerImpl.getFileStatus(KeyManagerImpl.java:1113) ~[ozone-manager-1.4.0-SNAPSHOT.jar:?]
	at org.apache.hadoop.ozone.om.OmMetadataReader.getFileStatus(OmMetadataReader.java:262) ~[ozone-manager-1.4.0-SNAPSHOT.jar:?]
	at org.apache.hadoop.ozone.om.OzoneManager.getFileStatus(OzoneManager.java:3530) ~[ozone-manager-1.4.0-SNAPSHOT.jar:?]
	at org.apache.hadoop.ozone.protocolPB.OzoneManagerRequestHandler.getOzoneFileStatus(OzoneManagerRequestHandler.java:971) ~[ozone-manager-1.4.0-SNAPSHOT.jar:?]
	at org.apache.hadoop.ozone.protocolPB.OzoneManagerRequestHandler.handleReadRequest(OzoneManagerRequestHandler.java:250) ~[ozone-manager-1.4.0-SNAPSHOT.jar:?]
	at org.apache.hadoop.ozone.protocolPB.OzoneManagerProtocolServerSideTranslatorPB.submitReadRequestToOM(OzoneManagerProtocolServerSideTranslatorPB.java:225) ~[ozone-manager-1.4.0-SNAPSHOT.jar:?]
	at org.apache.hadoop.ozone.protocolPB.OzoneManagerProtocolServerSideTranslatorPB.processRequest(OzoneManagerProtocolServerSideTranslatorPB.java:179) ~[ozone-manager-1.4.0-SNAPSHOT.jar:?]
	at org.apache.hadoop.hdds.server.OzoneProtocolMessageDispatcher.processRequest(OzoneProtocolMessageDispatcher.java:87) [hdds-server-framework-1.4.0-SNAPSHOT.jar:?]
	at org.apache.hadoop.ozone.protocolPB.OzoneManagerProtocolServerSideTranslatorPB.submitRequest(OzoneManagerProtocolServerSideTranslatorPB.java:148) [ozone-manager-1.4.0-SNAPSHOT.jar:?]
	at org.apache.hadoop.ozone.protocol.proto.OzoneManagerProtocolProtos$OzoneManagerService$2.callBlockingMethod(OzoneManagerProtocolProtos.java) [ozone-interface-client-1.4.0-SNAPSHOT.jar:?]
	at org.apache.hadoop.ipc.ProtobufRpcEngine$Server.processCall(ProtobufRpcEngine.java:484) [hadoop-common-3.3.6.jar:?]
	at org.apache.hadoop.ipc.ProtobufRpcEngine2$Server$ProtoBufRpcInvoker.call(ProtobufRpcEngine2.java:595) [hadoop-common-3.3.6.jar:?]
	at org.apache.hadoop.ipc.ProtobufRpcEngine2$Server$ProtoBufRpcInvoker.call(ProtobufRpcEngine2.java:573) [hadoop-common-3.3.6.jar:?]
	at org.apache.hadoop.ipc.RPC$Server.call(RPC.java:1227) [hadoop-common-3.3.6.jar:?]
	at org.apache.hadoop.ipc.Server$RpcCall.run(Server.java:1094) [hadoop-common-3.3.6.jar:?]
	at org.apache.hadoop.ipc.Server$RpcCall.run(Server.java:1017) [hadoop-common-3.3.6.jar:?]
	at java.security.AccessController.doPrivileged(Native Method) ~[?:1.8.0_382]
	at javax.security.auth.Subject.doAs(Subject.java:422) [?:1.8.0_382]
	at org.apache.hadoop.security.UserGroupInformation.doAs(UserGroupInformation.java:1899) [hadoop-common-3.3.6.jar:?]
	at org.apache.hadoop.ipc.Server$Handler.run(Server.java:3048) [hadoop-common-3.3.6.jar:?]
04:48:38.452 [IPC Server handler 8 on default port 15004] ERROR OMAudit - user=runner | ip=127.0.0.1 | op=GET_FILE_STATUS {volume=volume25901, bucket=bucket39570, key=gdir1/dir8, dataSize=0, replicationConfig=null} | ret=FAILURE
org.apache.hadoop.ozone.om.exceptions.OMException: Unable to get file status: volume: volume25901 bucket: bucket39570 key: gdir1/dir8
	at org.apache.hadoop.ozone.om.KeyManagerImpl.getOzoneFileStatus(KeyManagerImpl.java:1195) ~[ozone-manager-1.4.0-SNAPSHOT.jar:?]
	at org.apache.hadoop.ozone.om.KeyManagerImpl.getFileStatus(KeyManagerImpl.java:1113) ~[ozone-manager-1.4.0-SNAPSHOT.jar:?]
	at org.apache.hadoop.ozone.om.OmMetadataReader.getFileStatus(OmMetadataReader.java:262) ~[ozone-manager-1.4.0-SNAPSHOT.jar:?]
	at org.apache.hadoop.ozone.om.OzoneManager.getFileStatus(OzoneManager.java:3530) ~[ozone-manager-1.4.0-SNAPSHOT.jar:?]
	at org.apache.hadoop.ozone.protocolPB.OzoneManagerRequestHandler.getOzoneFileStatus(OzoneManagerRequestHandler.java:971) ~[ozone-manager-1.4.0-SNAPSHOT.jar:?]
	at org.apache.hadoop.ozone.protocolPB.OzoneManagerRequestHandler.handleReadRequest(OzoneManagerRequestHandler.java:250) ~[ozone-manager-1.4.0-SNAPSHOT.jar:?]
	at org.apache.hadoop.ozone.protocolPB.OzoneManagerProtocolServerSideTranslatorPB.submitReadRequestToOM(OzoneManagerProtocolServerSideTranslatorPB.java:225) ~[ozone-manager-1.4.0-SNAPSHOT.jar:?]
	at org.apache.hadoop.ozone.protocolPB.OzoneManagerProtocolServerSideTranslatorPB.processRequest(OzoneManagerProtocolServerSideTranslatorPB.java:179) ~[ozone-manager-1.4.0-SNAPSHOT.jar:?]
	at org.apache.hadoop.hdds.server.OzoneProtocolMessageDispatcher.processRequest(OzoneProtocolMessageDispatcher.java:87) [hdds-server-framework-1.4.0-SNAPSHOT.jar:?]
	at org.apache.hadoop.ozone.protocolPB.OzoneManagerProtocolServerSideTranslatorPB.submitRequest(OzoneManagerProtocolServerSideTranslatorPB.java:148) [ozone-manager-1.4.0-SNAPSHOT.jar:?]
	at org.apache.hadoop.ozone.protocol.proto.OzoneManagerProtocolProtos$OzoneManagerService$2.callBlockingMethod(OzoneManagerProtocolProtos.java) [ozone-interface-client-1.4.0-SNAPSHOT.jar:?]
	at org.apache.hadoop.ipc.ProtobufRpcEngine$Server.processCall(ProtobufRpcEngine.java:484) [hadoop-common-3.3.6.jar:?]
	at org.apache.hadoop.ipc.ProtobufRpcEngine2$Server$ProtoBufRpcInvoker.call(ProtobufRpcEngine2.java:595) [hadoop-common-3.3.6.jar:?]
	at org.apache.hadoop.ipc.ProtobufRpcEngine2$Server$ProtoBufRpcInvoker.call(ProtobufRpcEngine2.java:573) [hadoop-common-3.3.6.jar:?]
	at org.apache.hadoop.ipc.RPC$Server.call(RPC.java:1227) [hadoop-common-3.3.6.jar:?]
	at org.apache.hadoop.ipc.Server$RpcCall.run(Server.java:1094) [hadoop-common-3.3.6.jar:?]
	at org.apache.hadoop.ipc.Server$RpcCall.run(Server.java:1017) [hadoop-common-3.3.6.jar:?]
	at java.security.AccessController.doPrivileged(Native Method) ~[?:1.8.0_382]
	at javax.security.auth.Subject.doAs(Subject.java:422) [?:1.8.0_382]
	at org.apache.hadoop.security.UserGroupInformation.doAs(UserGroupInformation.java:1899) [hadoop-common-3.3.6.jar:?]
	at org.apache.hadoop.ipc.Server$Handler.run(Server.java:3048) [hadoop-common-3.3.6.jar:?]
04:48:38.455 [IPC Server handler 4 on default port 15004] ERROR OMAudit - user=runner | ip=127.0.0.1 | op=GET_FILE_STATUS {volume=volume25901, bucket=bucket39570, key=gdir1/dir8/child, dataSize=0, replicationConfig=null} | ret=FAILURE
org.apache.hadoop.ozone.om.exceptions.OMException: Unable to get file status: volume: volume25901 bucket: bucket39570 key: gdir1/dir8/child
	at org.apache.hadoop.ozone.om.KeyManagerImpl.getOzoneFileStatus(KeyManagerImpl.java:1195) ~[ozone-manager-1.4.0-SNAPSHOT.jar:?]
	at org.apache.hadoop.ozone.om.KeyManagerImpl.getFileStatus(KeyManagerImpl.java:1113) ~[ozone-manager-1.4.0-SNAPSHOT.jar:?]
	at org.apache.hadoop.ozone.om.OmMetadataReader.getFileStatus(OmMetadataReader.java:262) ~[ozone-manager-1.4.0-SNAPSHOT.jar:?]
	at org.apache.hadoop.ozone.om.OzoneManager.getFileStatus(OzoneManager.java:3530) ~[ozone-manager-1.4.0-SNAPSHOT.jar:?]
	at org.apache.hadoop.ozone.protocolPB.OzoneManagerRequestHandler.getOzoneFileStatus(OzoneManagerRequestHandler.java:971) ~[ozone-manager-1.4.0-SNAPSHOT.jar:?]
	at org.apache.hadoop.ozone.protocolPB.OzoneManagerRequestHandler.handleReadRequest(OzoneManagerRequestHandler.java:250) ~[ozone-manager-1.4.0-SNAPSHOT.jar:?]
	at org.apache.hadoop.ozone.protocolPB.OzoneManagerProtocolServerSideTranslatorPB.submitReadRequestToOM(OzoneManagerProtocolServerSideTranslatorPB.java:225) ~[ozone-manager-1.4.0-SNAPSHOT.jar:?]
	at org.apache.hadoop.ozone.protocolPB.OzoneManagerProtocolServerSideTranslatorPB.processRequest(OzoneManagerProtocolServerSideTranslatorPB.java:179) ~[ozone-manager-1.4.0-SNAPSHOT.jar:?]
	at org.apache.hadoop.hdds.server.OzoneProtocolMessageDispatcher.processRequest(OzoneProtocolMessageDispatcher.java:87) [hdds-server-framework-1.4.0-SNAPSHOT.jar:?]
	at org.apache.hadoop.ozone.protocolPB.OzoneManagerProtocolServerSideTranslatorPB.submitRequest(OzoneManagerProtocolServerSideTranslatorPB.java:148) [ozone-manager-1.4.0-SNAPSHOT.jar:?]
	at org.apache.hadoop.ozone.protocol.proto.OzoneManagerProtocolProtos$OzoneManagerService$2.callBlockingMethod(OzoneManagerProtocolProtos.java) [ozone-interface-client-1.4.0-SNAPSHOT.jar:?]
	at org.apache.hadoop.ipc.ProtobufRpcEngine$Server.processCall(ProtobufRpcEngine.java:484) [hadoop-common-3.3.6.jar:?]
	at org.apache.hadoop.ipc.ProtobufRpcEngine2$Server$ProtoBufRpcInvoker.call(ProtobufRpcEngine2.java:595) [hadoop-common-3.3.6.jar:?]
	at org.apache.hadoop.ipc.ProtobufRpcEngine2$Server$ProtoBufRpcInvoker.call(ProtobufRpcEngine2.java:573) [hadoop-common-3.3.6.jar:?]
	at org.apache.hadoop.ipc.RPC$Server.call(RPC.java:1227) [hadoop-common-3.3.6.jar:?]
	at org.apache.hadoop.ipc.Server$RpcCall.run(Server.java:1094) [hadoop-common-3.3.6.jar:?]
	at org.apache.hadoop.ipc.Server$RpcCall.run(Server.java:1017) [hadoop-common-3.3.6.jar:?]
	at java.security.AccessController.doPrivileged(Native Method) ~[?:1.8.0_382]
	at javax.security.auth.Subject.doAs(Subject.java:422) [?:1.8.0_382]
	at org.apache.hadoop.security.UserGroupInformation.doAs(UserGroupInformation.java:1899) [hadoop-common-3.3.6.jar:?]
	at org.apache.hadoop.ipc.Server$Handler.run(Server.java:3048) [hadoop-common-3.3.6.jar:?]
04:48:38.457 [IPC Server handler 19 on default port 15004] ERROR OMAudit - user=runner | ip=127.0.0.1 | op=GET_FILE_STATUS {volume=volume25901, bucket=bucket39570, key=gdir1/dir9, dataSize=0, replicationConfig=null} | ret=FAILURE
org.apache.hadoop.ozone.om.exceptions.OMException: Unable to get file status: volume: volume25901 bucket: bucket39570 key: gdir1/dir9
	at org.apache.hadoop.ozone.om.KeyManagerImpl.getOzoneFileStatus(KeyManagerImpl.java:1195) ~[ozone-manager-1.4.0-SNAPSHOT.jar:?]
	at org.apache.hadoop.ozone.om.KeyManagerImpl.getFileStatus(KeyManagerImpl.java:1113) ~[ozone-manager-1.4.0-SNAPSHOT.jar:?]
	at org.apache.hadoop.ozone.om.OmMetadataReader.getFileStatus(OmMetadataReader.java:262) ~[ozone-manager-1.4.0-SNAPSHOT.jar:?]
	at org.apache.hadoop.ozone.om.OzoneManager.getFileStatus(OzoneManager.java:3530) ~[ozone-manager-1.4.0-SNAPSHOT.jar:?]
	at org.apache.hadoop.ozone.protocolPB.OzoneManagerRequestHandler.getOzoneFileStatus(OzoneManagerRequestHandler.java:971) ~[ozone-manager-1.4.0-SNAPSHOT.jar:?]
	at org.apache.hadoop.ozone.protocolPB.OzoneManagerRequestHandler.handleReadRequest(OzoneManagerRequestHandler.java:250) ~[ozone-manager-1.4.0-SNAPSHOT.jar:?]
	at org.apache.hadoop.ozone.protocolPB.OzoneManagerProtocolServerSideTranslatorPB.submitReadRequestToOM(OzoneManagerProtocolServerSideTranslatorPB.java:225) ~[ozone-manager-1.4.0-SNAPSHOT.jar:?]
	at org.apache.hadoop.ozone.protocolPB.OzoneManagerProtocolServerSideTranslatorPB.processRequest(OzoneManagerProtocolServerSideTranslatorPB.java:179) ~[ozone-manager-1.4.0-SNAPSHOT.jar:?]
	at org.apache.hadoop.hdds.server.OzoneProtocolMessageDispatcher.processRequest(OzoneProtocolMessageDispatcher.java:87) [hdds-server-framework-1.4.0-SNAPSHOT.jar:?]
	at org.apache.hadoop.ozone.protocolPB.OzoneManagerProtocolServerSideTranslatorPB.submitRequest(OzoneManagerProtocolServerSideTranslatorPB.java:148) [ozone-manager-1.4.0-SNAPSHOT.jar:?]
	at org.apache.hadoop.ozone.protocol.proto.OzoneManagerProtocolProtos$OzoneManagerService$2.callBlockingMethod(OzoneManagerProtocolProtos.java) [ozone-interface-client-1.4.0-SNAPSHOT.jar:?]
	at org.apache.hadoop.ipc.ProtobufRpcEngine$Server.processCall(ProtobufRpcEngine.java:484) [hadoop-common-3.3.6.jar:?]
	at org.apache.hadoop.ipc.ProtobufRpcEngine2$Server$ProtoBufRpcInvoker.call(ProtobufRpcEngine2.java:595) [hadoop-common-3.3.6.jar:?]
	at org.apache.hadoop.ipc.ProtobufRpcEngine2$Server$ProtoBufRpcInvoker.call(ProtobufRpcEngine2.java:573) [hadoop-common-3.3.6.jar:?]
	at org.apache.hadoop.ipc.RPC$Server.call(RPC.java:1227) [hadoop-common-3.3.6.jar:?]
	at org.apache.hadoop.ipc.Server$RpcCall.run(Server.java:1094) [hadoop-common-3.3.6.jar:?]
	at org.apache.hadoop.ipc.Server$RpcCall.run(Server.java:1017) [hadoop-common-3.3.6.jar:?]
	at java.security.AccessController.doPrivileged(Native Method) ~[?:1.8.0_382]
	at javax.security.auth.Subject.doAs(Subject.java:422) [?:1.8.0_382]
	at org.apache.hadoop.security.UserGroupInformation.doAs(UserGroupInformation.java:1899) [hadoop-common-3.3.6.jar:?]
	at org.apache.hadoop.ipc.Server$Handler.run(Server.java:3048) [hadoop-common-3.3.6.jar:?]
04:48:38.459 [IPC Server handler 12 on default port 15004] ERROR OMAudit - user=runner | ip=127.0.0.1 | op=GET_FILE_STATUS {volume=volume25901, bucket=bucket39570, key=gdir1/dir9/child, dataSize=0, replicationConfig=null} | ret=FAILURE
org.apache.hadoop.ozone.om.exceptions.OMException: Unable to get file status: volume: volume25901 bucket: bucket39570 key: gdir1/dir9/child
	at org.apache.hadoop.ozone.om.KeyManagerImpl.getOzoneFileStatus(KeyManagerImpl.java:1195) ~[ozone-manager-1.4.0-SNAPSHOT.jar:?]
	at org.apache.hadoop.ozone.om.KeyManagerImpl.getFileStatus(KeyManagerImpl.java:1113) ~[ozone-manager-1.4.0-SNAPSHOT.jar:?]
	at org.apache.hadoop.ozone.om.OmMetadataReader.getFileStatus(OmMetadataReader.java:262) ~[ozone-manager-1.4.0-SNAPSHOT.jar:?]
	at org.apache.hadoop.ozone.om.OzoneManager.getFileStatus(OzoneManager.java:3530) ~[ozone-manager-1.4.0-SNAPSHOT.jar:?]
	at org.apache.hadoop.ozone.protocolPB.OzoneManagerRequestHandler.getOzoneFileStatus(OzoneManagerRequestHandler.java:971) ~[ozone-manager-1.4.0-SNAPSHOT.jar:?]
	at org.apache.hadoop.ozone.protocolPB.OzoneManagerRequestHandler.handleReadRequest(OzoneManagerRequestHandler.java:250) ~[ozone-manager-1.4.0-SNAPSHOT.jar:?]
	at org.apache.hadoop.ozone.protocolPB.OzoneManagerProtocolServerSideTranslatorPB.submitReadRequestToOM(OzoneManagerProtocolServerSideTranslatorPB.java:225) ~[ozone-manager-1.4.0-SNAPSHOT.jar:?]
	at org.apache.hadoop.ozone.protocolPB.OzoneManagerProtocolServerSideTranslatorPB.processRequest(OzoneManagerProtocolServerSideTranslatorPB.java:179) ~[ozone-manager-1.4.0-SNAPSHOT.jar:?]
	at org.apache.hadoop.hdds.server.OzoneProtocolMessageDispatcher.processRequest(OzoneProtocolMessageDispatcher.java:87) [hdds-server-framework-1.4.0-SNAPSHOT.jar:?]
	at org.apache.hadoop.ozone.protocolPB.OzoneManagerProtocolServerSideTranslatorPB.submitRequest(OzoneManagerProtocolServerSideTranslatorPB.java:148) [ozone-manager-1.4.0-SNAPSHOT.jar:?]
	at org.apache.hadoop.ozone.protocol.proto.OzoneManagerProtocolProtos$OzoneManagerService$2.callBlockingMethod(OzoneManagerProtocolProtos.java) [ozone-interface-client-1.4.0-SNAPSHOT.jar:?]
	at org.apache.hadoop.ipc.ProtobufRpcEngine$Server.processCall(ProtobufRpcEngine.java:484) [hadoop-common-3.3.6.jar:?]
	at org.apache.hadoop.ipc.ProtobufRpcEngine2$Server$ProtoBufRpcInvoker.call(ProtobufRpcEngine2.java:595) [hadoop-common-3.3.6.jar:?]
	at org.apache.hadoop.ipc.ProtobufRpcEngine2$Server$ProtoBufRpcInvoker.call(ProtobufRpcEngine2.java:573) [hadoop-common-3.3.6.jar:?]
	at org.apache.hadoop.ipc.RPC$Server.call(RPC.java:1227) [hadoop-common-3.3.6.jar:?]
	at org.apache.hadoop.ipc.Server$RpcCall.run(Server.java:1094) [hadoop-common-3.3.6.jar:?]
	at org.apache.hadoop.ipc.Server$RpcCall.run(Server.java:1017) [hadoop-common-3.3.6.jar:?]
	at java.security.AccessController.doPrivileged(Native Method) ~[?:1.8.0_382]
	at javax.security.auth.Subject.doAs(Subject.java:422) [?:1.8.0_382]
	at org.apache.hadoop.security.UserGroupInformation.doAs(UserGroupInformation.java:1899) [hadoop-common-3.3.6.jar:?]
	at org.apache.hadoop.ipc.Server$Handler.run(Server.java:3048) [hadoop-common-3.3.6.jar:?]
04:48:38.461 [IPC Server handler 18 on default port 15004] ERROR OMAudit - user=runner | ip=127.0.0.1 | op=GET_FILE_STATUS {volume=volume25901, bucket=bucket39570, key=gdir1/dir10, dataSize=0, replicationConfig=null} | ret=FAILURE
org.apache.hadoop.ozone.om.exceptions.OMException: Unable to get file status: volume: volume25901 bucket: bucket39570 key: gdir1/dir10
	at org.apache.hadoop.ozone.om.KeyManagerImpl.getOzoneFileStatus(KeyManagerImpl.java:1195) ~[ozone-manager-1.4.0-SNAPSHOT.jar:?]
	at org.apache.hadoop.ozone.om.KeyManagerImpl.getFileStatus(KeyManagerImpl.java:1113) ~[ozone-manager-1.4.0-SNAPSHOT.jar:?]
	at org.apache.hadoop.ozone.om.OmMetadataReader.getFileStatus(OmMetadataReader.java:262) ~[ozone-manager-1.4.0-SNAPSHOT.jar:?]
	at org.apache.hadoop.ozone.om.OzoneManager.getFileStatus(OzoneManager.java:3530) ~[ozone-manager-1.4.0-SNAPSHOT.jar:?]
	at org.apache.hadoop.ozone.protocolPB.OzoneManagerRequestHandler.getOzoneFileStatus(OzoneManagerRequestHandler.java:971) ~[ozone-manager-1.4.0-SNAPSHOT.jar:?]
	at org.apache.hadoop.ozone.protocolPB.OzoneManagerRequestHandler.handleReadRequest(OzoneManagerRequestHandler.java:250) ~[ozone-manager-1.4.0-SNAPSHOT.jar:?]
	at org.apache.hadoop.ozone.protocolPB.OzoneManagerProtocolServerSideTranslatorPB.submitReadRequestToOM(OzoneManagerProtocolServerSideTranslatorPB.java:225) ~[ozone-manager-1.4.0-SNAPSHOT.jar:?]
	at org.apache.hadoop.ozone.protocolPB.OzoneManagerProtocolServerSideTranslatorPB.processRequest(OzoneManagerProtocolServerSideTranslatorPB.java:179) ~[ozone-manager-1.4.0-SNAPSHOT.jar:?]
	at org.apache.hadoop.hdds.server.OzoneProtocolMessageDispatcher.processRequest(OzoneProtocolMessageDispatcher.java:87) [hdds-server-framework-1.4.0-SNAPSHOT.jar:?]
	at org.apache.hadoop.ozone.protocolPB.OzoneManagerProtocolServerSideTranslatorPB.submitRequest(OzoneManagerProtocolServerSideTranslatorPB.java:148) [ozone-manager-1.4.0-SNAPSHOT.jar:?]
	at org.apache.hadoop.ozone.protocol.proto.OzoneManagerProtocolProtos$OzoneManagerService$2.callBlockingMethod(OzoneManagerProtocolProtos.java) [ozone-interface-client-1.4.0-SNAPSHOT.jar:?]
	at org.apache.hadoop.ipc.ProtobufRpcEngine$Server.processCall(ProtobufRpcEngine.java:484) [hadoop-common-3.3.6.jar:?]
	at org.apache.hadoop.ipc.ProtobufRpcEngine2$Server$ProtoBufRpcInvoker.call(ProtobufRpcEngine2.java:595) [hadoop-common-3.3.6.jar:?]
	at org.apache.hadoop.ipc.ProtobufRpcEngine2$Server$ProtoBufRpcInvoker.call(ProtobufRpcEngine2.java:573) [hadoop-common-3.3.6.jar:?]
	at org.apache.hadoop.ipc.RPC$Server.call(RPC.java:1227) [hadoop-common-3.3.6.jar:?]
	at org.apache.hadoop.ipc.Server$RpcCall.run(Server.java:1094) [hadoop-common-3.3.6.jar:?]
	at org.apache.hadoop.ipc.Server$RpcCall.run(Server.java:1017) [hadoop-common-3.3.6.jar:?]
	at java.security.AccessController.doPrivileged(Native Method) ~[?:1.8.0_382]
	at javax.security.auth.Subject.doAs(Subject.java:422) [?:1.8.0_382]
	at org.apache.hadoop.security.UserGroupInformation.doAs(UserGroupInformation.java:1899) [hadoop-common-3.3.6.jar:?]
	at org.apache.hadoop.ipc.Server$Handler.run(Server.java:3048) [hadoop-common-3.3.6.jar:?]
04:48:38.463 [IPC Server handler 17 on default port 15004] ERROR OMAudit - user=runner | ip=127.0.0.1 | op=GET_FILE_STATUS {volume=volume25901, bucket=bucket39570, key=gdir1/dir10/child, dataSize=0, replicationConfig=null} | ret=FAILURE
org.apache.hadoop.ozone.om.exceptions.OMException: Unable to get file status: volume: volume25901 bucket: bucket39570 key: gdir1/dir10/child
	at org.apache.hadoop.ozone.om.KeyManagerImpl.getOzoneFileStatus(KeyManagerImpl.java:1195) ~[ozone-manager-1.4.0-SNAPSHOT.jar:?]
	at org.apache.hadoop.ozone.om.KeyManagerImpl.getFileStatus(KeyManagerImpl.java:1113) ~[ozone-manager-1.4.0-SNAPSHOT.jar:?]
	at org.apache.hadoop.ozone.om.OmMetadataReader.getFileStatus(OmMetadataReader.java:262) ~[ozone-manager-1.4.0-SNAPSHOT.jar:?]
	at org.apache.hadoop.ozone.om.OzoneManager.getFileStatus(OzoneManager.java:3530) ~[ozone-manager-1.4.0-SNAPSHOT.jar:?]
	at org.apache.hadoop.ozone.protocolPB.OzoneManagerRequestHandler.getOzoneFileStatus(OzoneManagerRequestHandler.java:971) ~[ozone-manager-1.4.0-SNAPSHOT.jar:?]
	at org.apache.hadoop.ozone.protocolPB.OzoneManagerRequestHandler.handleReadRequest(OzoneManagerRequestHandler.java:250) ~[ozone-manager-1.4.0-SNAPSHOT.jar:?]
	at org.apache.hadoop.ozone.protocolPB.OzoneManagerProtocolServerSideTranslatorPB.submitReadRequestToOM(OzoneManagerProtocolServerSideTranslatorPB.java:225) ~[ozone-manager-1.4.0-SNAPSHOT.jar:?]
	at org.apache.hadoop.ozone.protocolPB.OzoneManagerProtocolServerSideTranslatorPB.processRequest(OzoneManagerProtocolServerSideTranslatorPB.java:179) ~[ozone-manager-1.4.0-SNAPSHOT.jar:?]
	at org.apache.hadoop.hdds.server.OzoneProtocolMessageDispatcher.processRequest(OzoneProtocolMessageDispatcher.java:87) [hdds-server-framework-1.4.0-SNAPSHOT.jar:?]
	at org.apache.hadoop.ozone.protocolPB.OzoneManagerProtocolServerSideTranslatorPB.submitRequest(OzoneManagerProtocolServerSideTranslatorPB.java:148) [ozone-manager-1.4.0-SNAPSHOT.jar:?]
	at org.apache.hadoop.ozone.protocol.proto.OzoneManagerProtocolProtos$OzoneManagerService$2.callBlockingMethod(OzoneManagerProtocolProtos.java) [ozone-interface-client-1.4.0-SNAPSHOT.jar:?]
	at org.apache.hadoop.ipc.ProtobufRpcEngine$Server.processCall(ProtobufRpcEngine.java:484) [hadoop-common-3.3.6.jar:?]
	at org.apache.hadoop.ipc.ProtobufRpcEngine2$Server$ProtoBufRpcInvoker.call(ProtobufRpcEngine2.java:595) [hadoop-common-3.3.6.jar:?]
	at org.apache.hadoop.ipc.ProtobufRpcEngine2$Server$ProtoBufRpcInvoker.call(ProtobufRpcEngine2.java:573) [hadoop-common-3.3.6.jar:?]
	at org.apache.hadoop.ipc.RPC$Server.call(RPC.java:1227) [hadoop-common-3.3.6.jar:?]
	at org.apache.hadoop.ipc.Server$RpcCall.run(Server.java:1094) [hadoop-common-3.3.6.jar:?]
	at org.apache.hadoop.ipc.Server$RpcCall.run(Server.java:1017) [hadoop-common-3.3.6.jar:?]
	at java.security.AccessController.doPrivileged(Native Method) ~[?:1.8.0_382]
	at javax.security.auth.Subject.doAs(Subject.java:422) [?:1.8.0_382]
	at org.apache.hadoop.security.UserGroupInformation.doAs(UserGroupInformation.java:1899) [hadoop-common-3.3.6.jar:?]
	at org.apache.hadoop.ipc.Server$Handler.run(Server.java:3048) [hadoop-common-3.3.6.jar:?]
04:48:38.673 [IPC Server handler 5 on default port 15004] ERROR OMAudit - user=runner | ip=127.0.0.1 | op=GET_FILE_STATUS {volume=volume25901, bucket=bucket39570, key=level0, dataSize=0, replicationConfig=null} | ret=FAILURE
org.apache.hadoop.ozone.om.exceptions.OMException: Unable to get file status: volume: volume25901 bucket: bucket39570 key: level0
	at org.apache.hadoop.ozone.om.KeyManagerImpl.getOzoneFileStatus(KeyManagerImpl.java:1195) ~[ozone-manager-1.4.0-SNAPSHOT.jar:?]
	at org.apache.hadoop.ozone.om.KeyManagerImpl.getFileStatus(KeyManagerImpl.java:1113) ~[ozone-manager-1.4.0-SNAPSHOT.jar:?]
	at org.apache.hadoop.ozone.om.OmMetadataReader.getFileStatus(OmMetadataReader.java:262) ~[ozone-manager-1.4.0-SNAPSHOT.jar:?]
	at org.apache.hadoop.ozone.om.OzoneManager.getFileStatus(OzoneManager.java:3530) ~[ozone-manager-1.4.0-SNAPSHOT.jar:?]
	at org.apache.hadoop.ozone.protocolPB.OzoneManagerRequestHandler.getOzoneFileStatus(OzoneManagerRequestHandler.java:971) ~[ozone-manager-1.4.0-SNAPSHOT.jar:?]
	at org.apache.hadoop.ozone.protocolPB.OzoneManagerRequestHandler.handleReadRequest(OzoneManagerRequestHandler.java:250) ~[ozone-manager-1.4.0-SNAPSHOT.jar:?]
	at org.apache.hadoop.ozone.protocolPB.OzoneManagerProtocolServerSideTranslatorPB.submitReadRequestToOM(OzoneManagerProtocolServerSideTranslatorPB.java:225) ~[ozone-manager-1.4.0-SNAPSHOT.jar:?]
	at org.apache.hadoop.ozone.protocolPB.OzoneManagerProtocolServerSideTranslatorPB.processRequest(OzoneManagerProtocolServerSideTranslatorPB.java:179) ~[ozone-manager-1.4.0-SNAPSHOT.jar:?]
	at org.apache.hadoop.hdds.server.OzoneProtocolMessageDispatcher.processRequest(OzoneProtocolMessageDispatcher.java:87) [hdds-server-framework-1.4.0-SNAPSHOT.jar:?]
	at org.apache.hadoop.ozone.protocolPB.OzoneManagerProtocolServerSideTranslatorPB.submitRequest(OzoneManagerProtocolServerSideTranslatorPB.java:148) [ozone-manager-1.4.0-SNAPSHOT.jar:?]
	at org.apache.hadoop.ozone.protocol.proto.OzoneManagerProtocolProtos$OzoneManagerService$2.callBlockingMethod(OzoneManagerProtocolProtos.java) [ozone-interface-client-1.4.0-SNAPSHOT.jar:?]
	at org.apache.hadoop.ipc.ProtobufRpcEngine$Server.processCall(ProtobufRpcEngine.java:484) [hadoop-common-3.3.6.jar:?]
	at org.apache.hadoop.ipc.ProtobufRpcEngine2$Server$ProtoBufRpcInvoker.call(ProtobufRpcEngine2.java:595) [hadoop-common-3.3.6.jar:?]
	at org.apache.hadoop.ipc.ProtobufRpcEngine2$Server$ProtoBufRpcInvoker.call(ProtobufRpcEngine2.java:573) [hadoop-common-3.3.6.jar:?]
	at org.apache.hadoop.ipc.RPC$Server.call(RPC.java:1227) [hadoop-common-3.3.6.jar:?]
	at org.apache.hadoop.ipc.Server$RpcCall.run(Server.java:1094) [hadoop-common-3.3.6.jar:?]
	at org.apache.hadoop.ipc.Server$RpcCall.run(Server.java:1017) [hadoop-common-3.3.6.jar:?]
	at java.security.AccessController.doPrivileged(Native Method) ~[?:1.8.0_382]
	at javax.security.auth.Subject.doAs(Subject.java:422) [?:1.8.0_382]
	at org.apache.hadoop.security.UserGroupInformation.doAs(UserGroupInformation.java:1899) [hadoop-common-3.3.6.jar:?]
	at org.apache.hadoop.ipc.Server$Handler.run(Server.java:3048) [hadoop-common-3.3.6.jar:?]
04:48:38.676 [IPC Server handler 8 on default port 15004] ERROR OMAudit - user=runner | ip=127.0.0.1 | op=GET_FILE_STATUS {volume=volume25901, bucket=bucket39570, key=level0/level1, dataSize=0, replicationConfig=null} | ret=FAILURE
org.apache.hadoop.ozone.om.exceptions.OMException: Unable to get file status: volume: volume25901 bucket: bucket39570 key: level0/level1
	at org.apache.hadoop.ozone.om.KeyManagerImpl.getOzoneFileStatus(KeyManagerImpl.java:1195) ~[ozone-manager-1.4.0-SNAPSHOT.jar:?]
	at org.apache.hadoop.ozone.om.KeyManagerImpl.getFileStatus(KeyManagerImpl.java:1113) ~[ozone-manager-1.4.0-SNAPSHOT.jar:?]
	at org.apache.hadoop.ozone.om.OmMetadataReader.getFileStatus(OmMetadataReader.java:262) ~[ozone-manager-1.4.0-SNAPSHOT.jar:?]
	at org.apache.hadoop.ozone.om.OzoneManager.getFileStatus(OzoneManager.java:3530) ~[ozone-manager-1.4.0-SNAPSHOT.jar:?]
	at org.apache.hadoop.ozone.protocolPB.OzoneManagerRequestHandler.getOzoneFileStatus(OzoneManagerRequestHandler.java:971) ~[ozone-manager-1.4.0-SNAPSHOT.jar:?]
	at org.apache.hadoop.ozone.protocolPB.OzoneManagerRequestHandler.handleReadRequest(OzoneManagerRequestHandler.java:250) ~[ozone-manager-1.4.0-SNAPSHOT.jar:?]
	at org.apache.hadoop.ozone.protocolPB.OzoneManagerProtocolServerSideTranslatorPB.submitReadRequestToOM(OzoneManagerProtocolServerSideTranslatorPB.java:225) ~[ozone-manager-1.4.0-SNAPSHOT.jar:?]
	at org.apache.hadoop.ozone.protocolPB.OzoneManagerProtocolServerSideTranslatorPB.processRequest(OzoneManagerProtocolServerSideTranslatorPB.java:179) ~[ozone-manager-1.4.0-SNAPSHOT.jar:?]
	at org.apache.hadoop.hdds.server.OzoneProtocolMessageDispatcher.processRequest(OzoneProtocolMessageDispatcher.java:87) [hdds-server-framework-1.4.0-SNAPSHOT.jar:?]
	at org.apache.hadoop.ozone.protocolPB.OzoneManagerProtocolServerSideTranslatorPB.submitRequest(OzoneManagerProtocolServerSideTranslatorPB.java:148) [ozone-manager-1.4.0-SNAPSHOT.jar:?]
	at org.apache.hadoop.ozone.protocol.proto.OzoneManagerProtocolProtos$OzoneManagerService$2.callBlockingMethod(OzoneManagerProtocolProtos.java) [ozone-interface-client-1.4.0-SNAPSHOT.jar:?]
	at org.apache.hadoop.ipc.ProtobufRpcEngine$Server.processCall(ProtobufRpcEngine.java:484) [hadoop-common-3.3.6.jar:?]
	at org.apache.hadoop.ipc.ProtobufRpcEngine2$Server$ProtoBufRpcInvoker.call(ProtobufRpcEngine2.java:595) [hadoop-common-3.3.6.jar:?]
	at org.apache.hadoop.ipc.ProtobufRpcEngine2$Server$ProtoBufRpcInvoker.call(ProtobufRpcEngine2.java:573) [hadoop-common-3.3.6.jar:?]
	at org.apache.hadoop.ipc.RPC$Server.call(RPC.java:1227) [hadoop-common-3.3.6.jar:?]
	at org.apache.hadoop.ipc.Server$RpcCall.run(Server.java:1094) [hadoop-common-3.3.6.jar:?]
	at org.apache.hadoop.ipc.Server$RpcCall.run(Server.java:1017) [hadoop-common-3.3.6.jar:?]
	at java.security.AccessController.doPrivileged(Native Method) ~[?:1.8.0_382]
	at javax.security.auth.Subject.doAs(Subject.java:422) [?:1.8.0_382]
	at org.apache.hadoop.security.UserGroupInformation.doAs(UserGroupInformation.java:1899) [hadoop-common-3.3.6.jar:?]
	at org.apache.hadoop.ipc.Server$Handler.run(Server.java:3048) [hadoop-common-3.3.6.jar:?]
04:48:38.678 [IPC Server handler 4 on default port 15004] ERROR OMAudit - user=runner | ip=127.0.0.1 | op=GET_FILE_STATUS {volume=volume25901, bucket=bucket39570, key=level0/level1/level1, dataSize=0, replicationConfig=null} | ret=FAILURE
org.apache.hadoop.ozone.om.exceptions.OMException: Unable to get file status: volume: volume25901 bucket: bucket39570 key: level0/level1/level1
	at org.apache.hadoop.ozone.om.KeyManagerImpl.getOzoneFileStatus(KeyManagerImpl.java:1195) ~[ozone-manager-1.4.0-SNAPSHOT.jar:?]
	at org.apache.hadoop.ozone.om.KeyManagerImpl.getFileStatus(KeyManagerImpl.java:1113) ~[ozone-manager-1.4.0-SNAPSHOT.jar:?]
	at org.apache.hadoop.ozone.om.OmMetadataReader.getFileStatus(OmMetadataReader.java:262) ~[ozone-manager-1.4.0-SNAPSHOT.jar:?]
	at org.apache.hadoop.ozone.om.OzoneManager.getFileStatus(OzoneManager.java:3530) ~[ozone-manager-1.4.0-SNAPSHOT.jar:?]
	at org.apache.hadoop.ozone.protocolPB.OzoneManagerRequestHandler.getOzoneFileStatus(OzoneManagerRequestHandler.java:971) ~[ozone-manager-1.4.0-SNAPSHOT.jar:?]
	at org.apache.hadoop.ozone.protocolPB.OzoneManagerRequestHandler.handleReadRequest(OzoneManagerRequestHandler.java:250) ~[ozone-manager-1.4.0-SNAPSHOT.jar:?]
	at org.apache.hadoop.ozone.protocolPB.OzoneManagerProtocolServerSideTranslatorPB.submitReadRequestToOM(OzoneManagerProtocolServerSideTranslatorPB.java:225) ~[ozone-manager-1.4.0-SNAPSHOT.jar:?]
	at org.apache.hadoop.ozone.protocolPB.OzoneManagerProtocolServerSideTranslatorPB.processRequest(OzoneManagerProtocolServerSideTranslatorPB.java:179) ~[ozone-manager-1.4.0-SNAPSHOT.jar:?]
	at org.apache.hadoop.hdds.server.OzoneProtocolMessageDispatcher.processRequest(OzoneProtocolMessageDispatcher.java:87) [hdds-server-framework-1.4.0-SNAPSHOT.jar:?]
	at org.apache.hadoop.ozone.protocolPB.OzoneManagerProtocolServerSideTranslatorPB.submitRequest(OzoneManagerProtocolServerSideTranslatorPB.java:148) [ozone-manager-1.4.0-SNAPSHOT.jar:?]
	at org.apache.hadoop.ozone.protocol.proto.OzoneManagerProtocolProtos$OzoneManagerService$2.callBlockingMethod(OzoneManagerProtocolProtos.java) [ozone-interface-client-1.4.0-SNAPSHOT.jar:?]
	at org.apache.hadoop.ipc.ProtobufRpcEngine$Server.processCall(ProtobufRpcEngine.java:484) [hadoop-common-3.3.6.jar:?]
	at org.apache.hadoop.ipc.ProtobufRpcEngine2$Server$ProtoBufRpcInvoker.call(ProtobufRpcEngine2.java:595) [hadoop-common-3.3.6.jar:?]
	at org.apache.hadoop.ipc.ProtobufRpcEngine2$Server$ProtoBufRpcInvoker.call(ProtobufRpcEngine2.java:573) [hadoop-common-3.3.6.jar:?]
	at org.apache.hadoop.ipc.RPC$Server.call(RPC.java:1227) [hadoop-common-3.3.6.jar:?]
	at org.apache.hadoop.ipc.Server$RpcCall.run(Server.java:1094) [hadoop-common-3.3.6.jar:?]
	at org.apache.hadoop.ipc.Server$RpcCall.run(Server.java:1017) [hadoop-common-3.3.6.jar:?]
	at java.security.AccessController.doPrivileged(Native Method) ~[?:1.8.0_382]
	at javax.security.auth.Subject.doAs(Subject.java:422) [?:1.8.0_382]
	at org.apache.hadoop.security.UserGroupInformation.doAs(UserGroupInformation.java:1899) [hadoop-common-3.3.6.jar:?]
	at org.apache.hadoop.ipc.Server$Handler.run(Server.java:3048) [hadoop-common-3.3.6.jar:?]
04:48:38.680 [IPC Server handler 19 on default port 15004] ERROR OMAudit - user=runner | ip=127.0.0.1 | op=GET_FILE_STATUS {volume=volume25901, bucket=bucket39570, key=level0/level1/file1, dataSize=0, replicationConfig=null} | ret=FAILURE
org.apache.hadoop.ozone.om.exceptions.OMException: Unable to get file status: volume: volume25901 bucket: bucket39570 key: level0/level1/file1
	at org.apache.hadoop.ozone.om.KeyManagerImpl.getOzoneFileStatus(KeyManagerImpl.java:1195) ~[ozone-manager-1.4.0-SNAPSHOT.jar:?]
	at org.apache.hadoop.ozone.om.KeyManagerImpl.getFileStatus(KeyManagerImpl.java:1113) ~[ozone-manager-1.4.0-SNAPSHOT.jar:?]
	at org.apache.hadoop.ozone.om.OmMetadataReader.getFileStatus(OmMetadataReader.java:262) ~[ozone-manager-1.4.0-SNAPSHOT.jar:?]
	at org.apache.hadoop.ozone.om.OzoneManager.getFileStatus(OzoneManager.java:3530) ~[ozone-manager-1.4.0-SNAPSHOT.jar:?]
	at org.apache.hadoop.ozone.protocolPB.OzoneManagerRequestHandler.getOzoneFileStatus(OzoneManagerRequestHandler.java:971) ~[ozone-manager-1.4.0-SNAPSHOT.jar:?]
	at org.apache.hadoop.ozone.protocolPB.OzoneManagerRequestHandler.handleReadRequest(OzoneManagerRequestHandler.java:250) ~[ozone-manager-1.4.0-SNAPSHOT.jar:?]
	at org.apache.hadoop.ozone.protocolPB.OzoneManagerProtocolServerSideTranslatorPB.submitReadRequestToOM(OzoneManagerProtocolServerSideTranslatorPB.java:225) ~[ozone-manager-1.4.0-SNAPSHOT.jar:?]
	at org.apache.hadoop.ozone.protocolPB.OzoneManagerProtocolServerSideTranslatorPB.processRequest(OzoneManagerProtocolServerSideTranslatorPB.java:179) ~[ozone-manager-1.4.0-SNAPSHOT.jar:?]
	at org.apache.hadoop.hdds.server.OzoneProtocolMessageDispatcher.processRequest(OzoneProtocolMessageDispatcher.java:87) [hdds-server-framework-1.4.0-SNAPSHOT.jar:?]
	at org.apache.hadoop.ozone.protocolPB.OzoneManagerProtocolServerSideTranslatorPB.submitRequest(OzoneManagerProtocolServerSideTranslatorPB.java:148) [ozone-manager-1.4.0-SNAPSHOT.jar:?]
	at org.apache.hadoop.ozone.protocol.proto.OzoneManagerProtocolProtos$OzoneManagerService$2.callBlockingMethod(OzoneManagerProtocolProtos.java) [ozone-interface-client-1.4.0-SNAPSHOT.jar:?]
	at org.apache.hadoop.ipc.ProtobufRpcEngine$Server.processCall(ProtobufRpcEngine.java:484) [hadoop-common-3.3.6.jar:?]
	at org.apache.hadoop.ipc.ProtobufRpcEngine2$Server$ProtoBufRpcInvoker.call(ProtobufRpcEngine2.java:595) [hadoop-common-3.3.6.jar:?]
	at org.apache.hadoop.ipc.ProtobufRpcEngine2$Server$ProtoBufRpcInvoker.call(ProtobufRpcEngine2.java:573) [hadoop-common-3.3.6.jar:?]
	at org.apache.hadoop.ipc.RPC$Server.call(RPC.java:1227) [hadoop-common-3.3.6.jar:?]
	at org.apache.hadoop.ipc.Server$RpcCall.run(Server.java:1094) [hadoop-common-3.3.6.jar:?]
	at org.apache.hadoop.ipc.Server$RpcCall.run(Server.java:1017) [hadoop-common-3.3.6.jar:?]
	at java.security.AccessController.doPrivileged(Native Method) ~[?:1.8.0_382]
	at javax.security.auth.Subject.doAs(Subject.java:422) [?:1.8.0_382]
	at org.apache.hadoop.security.UserGroupInformation.doAs(UserGroupInformation.java:1899) [hadoop-common-3.3.6.jar:?]
	at org.apache.hadoop.ipc.Server$Handler.run(Server.java:3048) [hadoop-common-3.3.6.jar:?]
04:48:38.682 [IPC Server handler 12 on default port 15004] ERROR OMAudit - user=runner | ip=127.0.0.1 | op=GET_FILE_STATUS {volume=volume25901, bucket=bucket39570, key=level0/level1/level1/file1, dataSize=0, replicationConfig=null} | ret=FAILURE
org.apache.hadoop.ozone.om.exceptions.OMException: Unable to get file status: volume: volume25901 bucket: bucket39570 key: level0/level1/level1/file1
	at org.apache.hadoop.ozone.om.KeyManagerImpl.getOzoneFileStatus(KeyManagerImpl.java:1195) ~[ozone-manager-1.4.0-SNAPSHOT.jar:?]
	at org.apache.hadoop.ozone.om.KeyManagerImpl.getFileStatus(KeyManagerImpl.java:1113) ~[ozone-manager-1.4.0-SNAPSHOT.jar:?]
	at org.apache.hadoop.ozone.om.OmMetadataReader.getFileStatus(OmMetadataReader.java:262) ~[ozone-manager-1.4.0-SNAPSHOT.jar:?]
	at org.apache.hadoop.ozone.om.OzoneManager.getFileStatus(OzoneManager.java:3530) ~[ozone-manager-1.4.0-SNAPSHOT.jar:?]
	at org.apache.hadoop.ozone.protocolPB.OzoneManagerRequestHandler.getOzoneFileStatus(OzoneManagerRequestHandler.java:971) ~[ozone-manager-1.4.0-SNAPSHOT.jar:?]
	at org.apache.hadoop.ozone.protocolPB.OzoneManagerRequestHandler.handleReadRequest(OzoneManagerRequestHandler.java:250) ~[ozone-manager-1.4.0-SNAPSHOT.jar:?]
	at org.apache.hadoop.ozone.protocolPB.OzoneManagerProtocolServerSideTranslatorPB.submitReadRequestToOM(OzoneManagerProtocolServerSideTranslatorPB.java:225) ~[ozone-manager-1.4.0-SNAPSHOT.jar:?]
	at org.apache.hadoop.ozone.protocolPB.OzoneManagerProtocolServerSideTranslatorPB.processRequest(OzoneManagerProtocolServerSideTranslatorPB.java:179) ~[ozone-manager-1.4.0-SNAPSHOT.jar:?]
	at org.apache.hadoop.hdds.server.OzoneProtocolMessageDispatcher.processRequest(OzoneProtocolMessageDispatcher.java:87) [hdds-server-framework-1.4.0-SNAPSHOT.jar:?]
	at org.apache.hadoop.ozone.protocolPB.OzoneManagerProtocolServerSideTranslatorPB.submitRequest(OzoneManagerProtocolServerSideTranslatorPB.java:148) [ozone-manager-1.4.0-SNAPSHOT.jar:?]
	at org.apache.hadoop.ozone.protocol.proto.OzoneManagerProtocolProtos$OzoneManagerService$2.callBlockingMethod(OzoneManagerProtocolProtos.java) [ozone-interface-client-1.4.0-SNAPSHOT.jar:?]
	at org.apache.hadoop.ipc.ProtobufRpcEngine$Server.processCall(ProtobufRpcEngine.java:484) [hadoop-common-3.3.6.jar:?]
	at org.apache.hadoop.ipc.ProtobufRpcEngine2$Server$ProtoBufRpcInvoker.call(ProtobufRpcEngine2.java:595) [hadoop-common-3.3.6.jar:?]
	at org.apache.hadoop.ipc.ProtobufRpcEngine2$Server$ProtoBufRpcInvoker.call(ProtobufRpcEngine2.java:573) [hadoop-common-3.3.6.jar:?]
	at org.apache.hadoop.ipc.RPC$Server.call(RPC.java:1227) [hadoop-common-3.3.6.jar:?]
	at org.apache.hadoop.ipc.Server$RpcCall.run(Server.java:1094) [hadoop-common-3.3.6.jar:?]
	at org.apache.hadoop.ipc.Server$RpcCall.run(Server.java:1017) [hadoop-common-3.3.6.jar:?]
	at java.security.AccessController.doPrivileged(Native Method) ~[?:1.8.0_382]
	at javax.security.auth.Subject.doAs(Subject.java:422) [?:1.8.0_382]
	at org.apache.hadoop.security.UserGroupInformation.doAs(UserGroupInformation.java:1899) [hadoop-common-3.3.6.jar:?]
	at org.apache.hadoop.ipc.Server$Handler.run(Server.java:3048) [hadoop-common-3.3.6.jar:?]
04:48:38.686 [IPC Server handler 18 on default port 15004] ERROR OMAudit - user=runner | ip=127.0.0.1 | op=GET_FILE_STATUS {volume=volume25901, bucket=bucket39570, key=level0/level2, dataSize=0, replicationConfig=null} | ret=FAILURE
org.apache.hadoop.ozone.om.exceptions.OMException: Unable to get file status: volume: volume25901 bucket: bucket39570 key: level0/level2
	at org.apache.hadoop.ozone.om.KeyManagerImpl.getOzoneFileStatus(KeyManagerImpl.java:1195) ~[ozone-manager-1.4.0-SNAPSHOT.jar:?]
	at org.apache.hadoop.ozone.om.KeyManagerImpl.getFileStatus(KeyManagerImpl.java:1113) ~[ozone-manager-1.4.0-SNAPSHOT.jar:?]
	at org.apache.hadoop.ozone.om.OmMetadataReader.getFileStatus(OmMetadataReader.java:262) ~[ozone-manager-1.4.0-SNAPSHOT.jar:?]
	at org.apache.hadoop.ozone.om.OzoneManager.getFileStatus(OzoneManager.java:3530) ~[ozone-manager-1.4.0-SNAPSHOT.jar:?]
	at org.apache.hadoop.ozone.protocolPB.OzoneManagerRequestHandler.getOzoneFileStatus(OzoneManagerRequestHandler.java:971) ~[ozone-manager-1.4.0-SNAPSHOT.jar:?]
	at org.apache.hadoop.ozone.protocolPB.OzoneManagerRequestHandler.handleReadRequest(OzoneManagerRequestHandler.java:250) ~[ozone-manager-1.4.0-SNAPSHOT.jar:?]
	at org.apache.hadoop.ozone.protocolPB.OzoneManagerProtocolServerSideTranslatorPB.submitReadRequestToOM(OzoneManagerProtocolServerSideTranslatorPB.java:225) ~[ozone-manager-1.4.0-SNAPSHOT.jar:?]
	at org.apache.hadoop.ozone.protocolPB.OzoneManagerProtocolServerSideTranslatorPB.processRequest(OzoneManagerProtocolServerSideTranslatorPB.java:179) ~[ozone-manager-1.4.0-SNAPSHOT.jar:?]
	at org.apache.hadoop.hdds.server.OzoneProtocolMessageDispatcher.processRequest(OzoneProtocolMessageDispatcher.java:87) [hdds-server-framework-1.4.0-SNAPSHOT.jar:?]
	at org.apache.hadoop.ozone.protocolPB.OzoneManagerProtocolServerSideTranslatorPB.submitRequest(OzoneManagerProtocolServerSideTranslatorPB.java:148) [ozone-manager-1.4.0-SNAPSHOT.jar:?]
	at org.apache.hadoop.ozone.protocol.proto.OzoneManagerProtocolProtos$OzoneManagerService$2.callBlockingMethod(OzoneManagerProtocolProtos.java) [ozone-interface-client-1.4.0-SNAPSHOT.jar:?]
	at org.apache.hadoop.ipc.ProtobufRpcEngine$Server.processCall(ProtobufRpcEngine.java:484) [hadoop-common-3.3.6.jar:?]
	at org.apache.hadoop.ipc.ProtobufRpcEngine2$Server$ProtoBufRpcInvoker.call(ProtobufRpcEngine2.java:595) [hadoop-common-3.3.6.jar:?]
	at org.apache.hadoop.ipc.ProtobufRpcEngine2$Server$ProtoBufRpcInvoker.call(ProtobufRpcEngine2.java:573) [hadoop-common-3.3.6.jar:?]
	at org.apache.hadoop.ipc.RPC$Server.call(RPC.java:1227) [hadoop-common-3.3.6.jar:?]
	at org.apache.hadoop.ipc.Server$RpcCall.run(Server.java:1094) [hadoop-common-3.3.6.jar:?]
	at org.apache.hadoop.ipc.Server$RpcCall.run(Server.java:1017) [hadoop-common-3.3.6.jar:?]
	at java.security.AccessController.doPrivileged(Native Method) ~[?:1.8.0_382]
	at javax.security.auth.Subject.doAs(Subject.java:422) [?:1.8.0_382]
	at org.apache.hadoop.security.UserGroupInformation.doAs(UserGroupInformation.java:1899) [hadoop-common-3.3.6.jar:?]
	at org.apache.hadoop.ipc.Server$Handler.run(Server.java:3048) [hadoop-common-3.3.6.jar:?]
04:48:38.690 [IPC Server handler 17 on default port 15004] ERROR OMAudit - user=runner | ip=127.0.0.1 | op=GET_FILE_STATUS {volume=volume25901, bucket=bucket39570, key=level0/level2/level2, dataSize=0, replicationConfig=null} | ret=FAILURE
org.apache.hadoop.ozone.om.exceptions.OMException: Unable to get file status: volume: volume25901 bucket: bucket39570 key: level0/level2/level2
	at org.apache.hadoop.ozone.om.KeyManagerImpl.getOzoneFileStatus(KeyManagerImpl.java:1195) ~[ozone-manager-1.4.0-SNAPSHOT.jar:?]
	at org.apache.hadoop.ozone.om.KeyManagerImpl.getFileStatus(KeyManagerImpl.java:1113) ~[ozone-manager-1.4.0-SNAPSHOT.jar:?]
	at org.apache.hadoop.ozone.om.OmMetadataReader.getFileStatus(OmMetadataReader.java:262) ~[ozone-manager-1.4.0-SNAPSHOT.jar:?]
	at org.apache.hadoop.ozone.om.OzoneManager.getFileStatus(OzoneManager.java:3530) ~[ozone-manager-1.4.0-SNAPSHOT.jar:?]
	at org.apache.hadoop.ozone.protocolPB.OzoneManagerRequestHandler.getOzoneFileStatus(OzoneManagerRequestHandler.java:971) ~[ozone-manager-1.4.0-SNAPSHOT.jar:?]
	at org.apache.hadoop.ozone.protocolPB.OzoneManagerRequestHandler.handleReadRequest(OzoneManagerRequestHandler.java:250) ~[ozone-manager-1.4.0-SNAPSHOT.jar:?]
	at org.apache.hadoop.ozone.protocolPB.OzoneManagerProtocolServerSideTranslatorPB.submitReadRequestToOM(OzoneManagerProtocolServerSideTranslatorPB.java:225) ~[ozone-manager-1.4.0-SNAPSHOT.jar:?]
	at org.apache.hadoop.ozone.protocolPB.OzoneManagerProtocolServerSideTranslatorPB.processRequest(OzoneManagerProtocolServerSideTranslatorPB.java:179) ~[ozone-manager-1.4.0-SNAPSHOT.jar:?]
	at org.apache.hadoop.hdds.server.OzoneProtocolMessageDispatcher.processRequest(OzoneProtocolMessageDispatcher.java:87) [hdds-server-framework-1.4.0-SNAPSHOT.jar:?]
	at org.apache.hadoop.ozone.protocolPB.OzoneManagerProtocolServerSideTranslatorPB.submitRequest(OzoneManagerProtocolServerSideTranslatorPB.java:148) [ozone-manager-1.4.0-SNAPSHOT.jar:?]
	at org.apache.hadoop.ozone.protocol.proto.OzoneManagerProtocolProtos$OzoneManagerService$2.callBlockingMethod(OzoneManagerProtocolProtos.java) [ozone-interface-client-1.4.0-SNAPSHOT.jar:?]
	at org.apache.hadoop.ipc.ProtobufRpcEngine$Server.processCall(ProtobufRpcEngine.java:484) [hadoop-common-3.3.6.jar:?]
	at org.apache.hadoop.ipc.ProtobufRpcEngine2$Server$ProtoBufRpcInvoker.call(ProtobufRpcEngine2.java:595) [hadoop-common-3.3.6.jar:?]
	at org.apache.hadoop.ipc.ProtobufRpcEngine2$Server$ProtoBufRpcInvoker.call(ProtobufRpcEngine2.java:573) [hadoop-common-3.3.6.jar:?]
	at org.apache.hadoop.ipc.RPC$Server.call(RPC.java:1227) [hadoop-common-3.3.6.jar:?]
	at org.apache.hadoop.ipc.Server$RpcCall.run(Server.java:1094) [hadoop-common-3.3.6.jar:?]
	at org.apache.hadoop.ipc.Server$RpcCall.run(Server.java:1017) [hadoop-common-3.3.6.jar:?]
	at java.security.AccessController.doPrivileged(Native Method) ~[?:1.8.0_382]
	at javax.security.auth.Subject.doAs(Subject.java:422) [?:1.8.0_382]
	at org.apache.hadoop.security.UserGroupInformation.doAs(UserGroupInformation.java:1899) [hadoop-common-3.3.6.jar:?]
	at org.apache.hadoop.ipc.Server$Handler.run(Server.java:3048) [hadoop-common-3.3.6.jar:?]
04:48:38.692 [IPC Server handler 16 on default port 15004] ERROR OMAudit - user=runner | ip=127.0.0.1 | op=GET_FILE_STATUS {volume=volume25901, bucket=bucket39570, key=level0/level2/file1, dataSize=0, replicationConfig=null} | ret=FAILURE
org.apache.hadoop.ozone.om.exceptions.OMException: Unable to get file status: volume: volume25901 bucket: bucket39570 key: level0/level2/file1
	at org.apache.hadoop.ozone.om.KeyManagerImpl.getOzoneFileStatus(KeyManagerImpl.java:1195) ~[ozone-manager-1.4.0-SNAPSHOT.jar:?]
	at org.apache.hadoop.ozone.om.KeyManagerImpl.getFileStatus(KeyManagerImpl.java:1113) ~[ozone-manager-1.4.0-SNAPSHOT.jar:?]
	at org.apache.hadoop.ozone.om.OmMetadataReader.getFileStatus(OmMetadataReader.java:262) ~[ozone-manager-1.4.0-SNAPSHOT.jar:?]
	at org.apache.hadoop.ozone.om.OzoneManager.getFileStatus(OzoneManager.java:3530) ~[ozone-manager-1.4.0-SNAPSHOT.jar:?]
	at org.apache.hadoop.ozone.protocolPB.OzoneManagerRequestHandler.getOzoneFileStatus(OzoneManagerRequestHandler.java:971) ~[ozone-manager-1.4.0-SNAPSHOT.jar:?]
	at org.apache.hadoop.ozone.protocolPB.OzoneManagerRequestHandler.handleReadRequest(OzoneManagerRequestHandler.java:250) ~[ozone-manager-1.4.0-SNAPSHOT.jar:?]
	at org.apache.hadoop.ozone.protocolPB.OzoneManagerProtocolServerSideTranslatorPB.submitReadRequestToOM(OzoneManagerProtocolServerSideTranslatorPB.java:225) ~[ozone-manager-1.4.0-SNAPSHOT.jar:?]
	at org.apache.hadoop.ozone.protocolPB.OzoneManagerProtocolServerSideTranslatorPB.processRequest(OzoneManagerProtocolServerSideTranslatorPB.java:179) ~[ozone-manager-1.4.0-SNAPSHOT.jar:?]
	at org.apache.hadoop.hdds.server.OzoneProtocolMessageDispatcher.processRequest(OzoneProtocolMessageDispatcher.java:87) [hdds-server-framework-1.4.0-SNAPSHOT.jar:?]
	at org.apache.hadoop.ozone.protocolPB.OzoneManagerProtocolServerSideTranslatorPB.submitRequest(OzoneManagerProtocolServerSideTranslatorPB.java:148) [ozone-manager-1.4.0-SNAPSHOT.jar:?]
	at org.apache.hadoop.ozone.protocol.proto.OzoneManagerProtocolProtos$OzoneManagerService$2.callBlockingMethod(OzoneManagerProtocolProtos.java) [ozone-interface-client-1.4.0-SNAPSHOT.jar:?]
	at org.apache.hadoop.ipc.ProtobufRpcEngine$Server.processCall(ProtobufRpcEngine.java:484) [hadoop-common-3.3.6.jar:?]
	at org.apache.hadoop.ipc.ProtobufRpcEngine2$Server$ProtoBufRpcInvoker.call(ProtobufRpcEngine2.java:595) [hadoop-common-3.3.6.jar:?]
	at org.apache.hadoop.ipc.ProtobufRpcEngine2$Server$ProtoBufRpcInvoker.call(ProtobufRpcEngine2.java:573) [hadoop-common-3.3.6.jar:?]
	at org.apache.hadoop.ipc.RPC$Server.call(RPC.java:1227) [hadoop-common-3.3.6.jar:?]
	at org.apache.hadoop.ipc.Server$RpcCall.run(Server.java:1094) [hadoop-common-3.3.6.jar:?]
	at org.apache.hadoop.ipc.Server$RpcCall.run(Server.java:1017) [hadoop-common-3.3.6.jar:?]
	at java.security.AccessController.doPrivileged(Native Method) ~[?:1.8.0_382]
	at javax.security.auth.Subject.doAs(Subject.java:422) [?:1.8.0_382]
	at org.apache.hadoop.security.UserGroupInformation.doAs(UserGroupInformation.java:1899) [hadoop-common-3.3.6.jar:?]
	at org.apache.hadoop.ipc.Server$Handler.run(Server.java:3048) [hadoop-common-3.3.6.jar:?]
04:48:38.694 [IPC Server handler 11 on default port 15004] ERROR OMAudit - user=runner | ip=127.0.0.1 | op=GET_FILE_STATUS {volume=volume25901, bucket=bucket39570, key=level0/level2/level2/file1, dataSize=0, replicationConfig=null} | ret=FAILURE
org.apache.hadoop.ozone.om.exceptions.OMException: Unable to get file status: volume: volume25901 bucket: bucket39570 key: level0/level2/level2/file1
	at org.apache.hadoop.ozone.om.KeyManagerImpl.getOzoneFileStatus(KeyManagerImpl.java:1195) ~[ozone-manager-1.4.0-SNAPSHOT.jar:?]
	at org.apache.hadoop.ozone.om.KeyManagerImpl.getFileStatus(KeyManagerImpl.java:1113) ~[ozone-manager-1.4.0-SNAPSHOT.jar:?]
	at org.apache.hadoop.ozone.om.OmMetadataReader.getFileStatus(OmMetadataReader.java:262) ~[ozone-manager-1.4.0-SNAPSHOT.jar:?]
	at org.apache.hadoop.ozone.om.OzoneManager.getFileStatus(OzoneManager.java:3530) ~[ozone-manager-1.4.0-SNAPSHOT.jar:?]
	at org.apache.hadoop.ozone.protocolPB.OzoneManagerRequestHandler.getOzoneFileStatus(OzoneManagerRequestHandler.java:971) ~[ozone-manager-1.4.0-SNAPSHOT.jar:?]
	at org.apache.hadoop.ozone.protocolPB.OzoneManagerRequestHandler.handleReadRequest(OzoneManagerRequestHandler.java:250) ~[ozone-manager-1.4.0-SNAPSHOT.jar:?]
	at org.apache.hadoop.ozone.protocolPB.OzoneManagerProtocolServerSideTranslatorPB.submitReadRequestToOM(OzoneManagerProtocolServerSideTranslatorPB.java:225) ~[ozone-manager-1.4.0-SNAPSHOT.jar:?]
	at org.apache.hadoop.ozone.protocolPB.OzoneManagerProtocolServerSideTranslatorPB.processRequest(OzoneManagerProtocolServerSideTranslatorPB.java:179) ~[ozone-manager-1.4.0-SNAPSHOT.jar:?]
	at org.apache.hadoop.hdds.server.OzoneProtocolMessageDispatcher.processRequest(OzoneProtocolMessageDispatcher.java:87) [hdds-server-framework-1.4.0-SNAPSHOT.jar:?]
	at org.apache.hadoop.ozone.protocolPB.OzoneManagerProtocolServerSideTranslatorPB.submitRequest(OzoneManagerProtocolServerSideTranslatorPB.java:148) [ozone-manager-1.4.0-SNAPSHOT.jar:?]
	at org.apache.hadoop.ozone.protocol.proto.OzoneManagerProtocolProtos$OzoneManagerService$2.callBlockingMethod(OzoneManagerProtocolProtos.java) [ozone-interface-client-1.4.0-SNAPSHOT.jar:?]
	at org.apache.hadoop.ipc.ProtobufRpcEngine$Server.processCall(ProtobufRpcEngine.java:484) [hadoop-common-3.3.6.jar:?]
	at org.apache.hadoop.ipc.ProtobufRpcEngine2$Server$ProtoBufRpcInvoker.call(ProtobufRpcEngine2.java:595) [hadoop-common-3.3.6.jar:?]
	at org.apache.hadoop.ipc.ProtobufRpcEngine2$Server$ProtoBufRpcInvoker.call(ProtobufRpcEngine2.java:573) [hadoop-common-3.3.6.jar:?]
	at org.apache.hadoop.ipc.RPC$Server.call(RPC.java:1227) [hadoop-common-3.3.6.jar:?]
	at org.apache.hadoop.ipc.Server$RpcCall.run(Server.java:1094) [hadoop-common-3.3.6.jar:?]
	at org.apache.hadoop.ipc.Server$RpcCall.run(Server.java:1017) [hadoop-common-3.3.6.jar:?]
	at java.security.AccessController.doPrivileged(Native Method) ~[?:1.8.0_382]
	at javax.security.auth.Subject.doAs(Subject.java:422) [?:1.8.0_382]
	at org.apache.hadoop.security.UserGroupInformation.doAs(UserGroupInformation.java:1899) [hadoop-common-3.3.6.jar:?]
	at org.apache.hadoop.ipc.Server$Handler.run(Server.java:3048) [hadoop-common-3.3.6.jar:?]
04:48:38.697 [IPC Server handler 6 on default port 15004] ERROR OMAudit - user=runner | ip=127.0.0.1 | op=GET_FILE_STATUS {volume=volume25901, bucket=bucket39570, key=level0/level3, dataSize=0, replicationConfig=null} | ret=FAILURE
org.apache.hadoop.ozone.om.exceptions.OMException: Unable to get file status: volume: volume25901 bucket: bucket39570 key: level0/level3
	at org.apache.hadoop.ozone.om.KeyManagerImpl.getOzoneFileStatus(KeyManagerImpl.java:1195) ~[ozone-manager-1.4.0-SNAPSHOT.jar:?]
	at org.apache.hadoop.ozone.om.KeyManagerImpl.getFileStatus(KeyManagerImpl.java:1113) ~[ozone-manager-1.4.0-SNAPSHOT.jar:?]
	at org.apache.hadoop.ozone.om.OmMetadataReader.getFileStatus(OmMetadataReader.java:262) ~[ozone-manager-1.4.0-SNAPSHOT.jar:?]
	at org.apache.hadoop.ozone.om.OzoneManager.getFileStatus(OzoneManager.java:3530) ~[ozone-manager-1.4.0-SNAPSHOT.jar:?]
	at org.apache.hadoop.ozone.protocolPB.OzoneManagerRequestHandler.getOzoneFileStatus(OzoneManagerRequestHandler.java:971) ~[ozone-manager-1.4.0-SNAPSHOT.jar:?]
	at org.apache.hadoop.ozone.protocolPB.OzoneManagerRequestHandler.handleReadRequest(OzoneManagerRequestHandler.java:250) ~[ozone-manager-1.4.0-SNAPSHOT.jar:?]
	at org.apache.hadoop.ozone.protocolPB.OzoneManagerProtocolServerSideTranslatorPB.submitReadRequestToOM(OzoneManagerProtocolServerSideTranslatorPB.java:225) ~[ozone-manager-1.4.0-SNAPSHOT.jar:?]
	at org.apache.hadoop.ozone.protocolPB.OzoneManagerProtocolServerSideTranslatorPB.processRequest(OzoneManagerProtocolServerSideTranslatorPB.java:179) ~[ozone-manager-1.4.0-SNAPSHOT.jar:?]
	at org.apache.hadoop.hdds.server.OzoneProtocolMessageDispatcher.processRequest(OzoneProtocolMessageDispatcher.java:87) [hdds-server-framework-1.4.0-SNAPSHOT.jar:?]
	at org.apache.hadoop.ozone.protocolPB.OzoneManagerProtocolServerSideTranslatorPB.submitRequest(OzoneManagerProtocolServerSideTranslatorPB.java:148) [ozone-manager-1.4.0-SNAPSHOT.jar:?]
	at org.apache.hadoop.ozone.protocol.proto.OzoneManagerProtocolProtos$OzoneManagerService$2.callBlockingMethod(OzoneManagerProtocolProtos.java) [ozone-interface-client-1.4.0-SNAPSHOT.jar:?]
	at org.apache.hadoop.ipc.ProtobufRpcEngine$Server.processCall(ProtobufRpcEngine.java:484) [hadoop-common-3.3.6.jar:?]
	at org.apache.hadoop.ipc.ProtobufRpcEngine2$Server$ProtoBufRpcInvoker.call(ProtobufRpcEngine2.java:595) [hadoop-common-3.3.6.jar:?]
	at org.apache.hadoop.ipc.ProtobufRpcEngine2$Server$ProtoBufRpcInvoker.call(ProtobufRpcEngine2.java:573) [hadoop-common-3.3.6.jar:?]
	at org.apache.hadoop.ipc.RPC$Server.call(RPC.java:1227) [hadoop-common-3.3.6.jar:?]
	at org.apache.hadoop.ipc.Server$RpcCall.run(Server.java:1094) [hadoop-common-3.3.6.jar:?]
	at org.apache.hadoop.ipc.Server$RpcCall.run(Server.java:1017) [hadoop-common-3.3.6.jar:?]
	at java.security.AccessController.doPrivileged(Native Method) ~[?:1.8.0_382]
	at javax.security.auth.Subject.doAs(Subject.java:422) [?:1.8.0_382]
	at org.apache.hadoop.security.UserGroupInformation.doAs(UserGroupInformation.java:1899) [hadoop-common-3.3.6.jar:?]
	at org.apache.hadoop.ipc.Server$Handler.run(Server.java:3048) [hadoop-common-3.3.6.jar:?]
04:48:38.702 [IPC Server handler 13 on default port 15004] ERROR OMAudit - user=runner | ip=127.0.0.1 | op=GET_FILE_STATUS {volume=volume25901, bucket=bucket39570, key=level0/level3/level3, dataSize=0, replicationConfig=null} | ret=FAILURE
org.apache.hadoop.ozone.om.exceptions.OMException: Unable to get file status: volume: volume25901 bucket: bucket39570 key: level0/level3/level3
	at org.apache.hadoop.ozone.om.KeyManagerImpl.getOzoneFileStatus(KeyManagerImpl.java:1195) ~[ozone-manager-1.4.0-SNAPSHOT.jar:?]
	at org.apache.hadoop.ozone.om.KeyManagerImpl.getFileStatus(KeyManagerImpl.java:1113) ~[ozone-manager-1.4.0-SNAPSHOT.jar:?]
	at org.apache.hadoop.ozone.om.OmMetadataReader.getFileStatus(OmMetadataReader.java:262) ~[ozone-manager-1.4.0-SNAPSHOT.jar:?]
	at org.apache.hadoop.ozone.om.OzoneManager.getFileStatus(OzoneManager.java:3530) ~[ozone-manager-1.4.0-SNAPSHOT.jar:?]
	at org.apache.hadoop.ozone.protocolPB.OzoneManagerRequestHandler.getOzoneFileStatus(OzoneManagerRequestHandler.java:971) ~[ozone-manager-1.4.0-SNAPSHOT.jar:?]
	at org.apache.hadoop.ozone.protocolPB.OzoneManagerRequestHandler.handleReadRequest(OzoneManagerRequestHandler.java:250) ~[ozone-manager-1.4.0-SNAPSHOT.jar:?]
	at org.apache.hadoop.ozone.protocolPB.OzoneManagerProtocolServerSideTranslatorPB.submitReadRequestToOM(OzoneManagerProtocolServerSideTranslatorPB.java:225) ~[ozone-manager-1.4.0-SNAPSHOT.jar:?]
	at org.apache.hadoop.ozone.protocolPB.OzoneManagerProtocolServerSideTranslatorPB.processRequest(OzoneManagerProtocolServerSideTranslatorPB.java:179) ~[ozone-manager-1.4.0-SNAPSHOT.jar:?]
	at org.apache.hadoop.hdds.server.OzoneProtocolMessageDispatcher.processRequest(OzoneProtocolMessageDispatcher.java:87) [hdds-server-framework-1.4.0-SNAPSHOT.jar:?]
	at org.apache.hadoop.ozone.protocolPB.OzoneManagerProtocolServerSideTranslatorPB.submitRequest(OzoneManagerProtocolServerSideTranslatorPB.java:148) [ozone-manager-1.4.0-SNAPSHOT.jar:?]
	at org.apache.hadoop.ozone.protocol.proto.OzoneManagerProtocolProtos$OzoneManagerService$2.callBlockingMethod(OzoneManagerProtocolProtos.java) [ozone-interface-client-1.4.0-SNAPSHOT.jar:?]
	at org.apache.hadoop.ipc.ProtobufRpcEngine$Server.processCall(ProtobufRpcEngine.java:484) [hadoop-common-3.3.6.jar:?]
	at org.apache.hadoop.ipc.ProtobufRpcEngine2$Server$ProtoBufRpcInvoker.call(ProtobufRpcEngine2.java:595) [hadoop-common-3.3.6.jar:?]
	at org.apache.hadoop.ipc.ProtobufRpcEngine2$Server$ProtoBufRpcInvoker.call(ProtobufRpcEngine2.java:573) [hadoop-common-3.3.6.jar:?]
	at org.apache.hadoop.ipc.RPC$Server.call(RPC.java:1227) [hadoop-common-3.3.6.jar:?]
	at org.apache.hadoop.ipc.Server$RpcCall.run(Server.java:1094) [hadoop-common-3.3.6.jar:?]
	at org.apache.hadoop.ipc.Server$RpcCall.run(Server.java:1017) [hadoop-common-3.3.6.jar:?]
	at java.security.AccessController.doPrivileged(Native Method) ~[?:1.8.0_382]
	at javax.security.auth.Subject.doAs(Subject.java:422) [?:1.8.0_382]
	at org.apache.hadoop.security.UserGroupInformation.doAs(UserGroupInformation.java:1899) [hadoop-common-3.3.6.jar:?]
	at org.apache.hadoop.ipc.Server$Handler.run(Server.java:3048) [hadoop-common-3.3.6.jar:?]
04:48:38.705 [IPC Server handler 14 on default port 15004] ERROR OMAudit - user=runner | ip=127.0.0.1 | op=GET_FILE_STATUS {volume=volume25901, bucket=bucket39570, key=level0/level3/file1, dataSize=0, replicationConfig=null} | ret=FAILURE
org.apache.hadoop.ozone.om.exceptions.OMException: Unable to get file status: volume: volume25901 bucket: bucket39570 key: level0/level3/file1
	at org.apache.hadoop.ozone.om.KeyManagerImpl.getOzoneFileStatus(KeyManagerImpl.java:1195) ~[ozone-manager-1.4.0-SNAPSHOT.jar:?]
	at org.apache.hadoop.ozone.om.KeyManagerImpl.getFileStatus(KeyManagerImpl.java:1113) ~[ozone-manager-1.4.0-SNAPSHOT.jar:?]
	at org.apache.hadoop.ozone.om.OmMetadataReader.getFileStatus(OmMetadataReader.java:262) ~[ozone-manager-1.4.0-SNAPSHOT.jar:?]
	at org.apache.hadoop.ozone.om.OzoneManager.getFileStatus(OzoneManager.java:3530) ~[ozone-manager-1.4.0-SNAPSHOT.jar:?]
	at org.apache.hadoop.ozone.protocolPB.OzoneManagerRequestHandler.getOzoneFileStatus(OzoneManagerRequestHandler.java:971) ~[ozone-manager-1.4.0-SNAPSHOT.jar:?]
	at org.apache.hadoop.ozone.protocolPB.OzoneManagerRequestHandler.handleReadRequest(OzoneManagerRequestHandler.java:250) ~[ozone-manager-1.4.0-SNAPSHOT.jar:?]
	at org.apache.hadoop.ozone.protocolPB.OzoneManagerProtocolServerSideTranslatorPB.submitReadRequestToOM(OzoneManagerProtocolServerSideTranslatorPB.java:225) ~[ozone-manager-1.4.0-SNAPSHOT.jar:?]
	at org.apache.hadoop.ozone.protocolPB.OzoneManagerProtocolServerSideTranslatorPB.processRequest(OzoneManagerProtocolServerSideTranslatorPB.java:179) ~[ozone-manager-1.4.0-SNAPSHOT.jar:?]
	at org.apache.hadoop.hdds.server.OzoneProtocolMessageDispatcher.processRequest(OzoneProtocolMessageDispatcher.java:87) [hdds-server-framework-1.4.0-SNAPSHOT.jar:?]
	at org.apache.hadoop.ozone.protocolPB.OzoneManagerProtocolServerSideTranslatorPB.submitRequest(OzoneManagerProtocolServerSideTranslatorPB.java:148) [ozone-manager-1.4.0-SNAPSHOT.jar:?]
	at org.apache.hadoop.ozone.protocol.proto.OzoneManagerProtocolProtos$OzoneManagerService$2.callBlockingMethod(OzoneManagerProtocolProtos.java) [ozone-interface-client-1.4.0-SNAPSHOT.jar:?]
	at org.apache.hadoop.ipc.ProtobufRpcEngine$Server.processCall(ProtobufRpcEngine.java:484) [hadoop-common-3.3.6.jar:?]
	at org.apache.hadoop.ipc.ProtobufRpcEngine2$Server$ProtoBufRpcInvoker.call(ProtobufRpcEngine2.java:595) [hadoop-common-3.3.6.jar:?]
	at org.apache.hadoop.ipc.ProtobufRpcEngine2$Server$ProtoBufRpcInvoker.call(ProtobufRpcEngine2.java:573) [hadoop-common-3.3.6.jar:?]
	at org.apache.hadoop.ipc.RPC$Server.call(RPC.java:1227) [hadoop-common-3.3.6.jar:?]
	at org.apache.hadoop.ipc.Server$RpcCall.run(Server.java:1094) [hadoop-common-3.3.6.jar:?]
	at org.apache.hadoop.ipc.Server$RpcCall.run(Server.java:1017) [hadoop-common-3.3.6.jar:?]
	at java.security.AccessController.doPrivileged(Native Method) ~[?:1.8.0_382]
	at javax.security.auth.Subject.doAs(Subject.java:422) [?:1.8.0_382]
	at org.apache.hadoop.security.UserGroupInformation.doAs(UserGroupInformation.java:1899) [hadoop-common-3.3.6.jar:?]
	at org.apache.hadoop.ipc.Server$Handler.run(Server.java:3048) [hadoop-common-3.3.6.jar:?]
04:48:38.707 [IPC Server handler 15 on default port 15004] ERROR OMAudit - user=runner | ip=127.0.0.1 | op=GET_FILE_STATUS {volume=volume25901, bucket=bucket39570, key=level0/level3/level3/file1, dataSize=0, replicationConfig=null} | ret=FAILURE
org.apache.hadoop.ozone.om.exceptions.OMException: Unable to get file status: volume: volume25901 bucket: bucket39570 key: level0/level3/level3/file1
	at org.apache.hadoop.ozone.om.KeyManagerImpl.getOzoneFileStatus(KeyManagerImpl.java:1195) ~[ozone-manager-1.4.0-SNAPSHOT.jar:?]
	at org.apache.hadoop.ozone.om.KeyManagerImpl.getFileStatus(KeyManagerImpl.java:1113) ~[ozone-manager-1.4.0-SNAPSHOT.jar:?]
	at org.apache.hadoop.ozone.om.OmMetadataReader.getFileStatus(OmMetadataReader.java:262) ~[ozone-manager-1.4.0-SNAPSHOT.jar:?]
	at org.apache.hadoop.ozone.om.OzoneManager.getFileStatus(OzoneManager.java:3530) ~[ozone-manager-1.4.0-SNAPSHOT.jar:?]
	at org.apache.hadoop.ozone.protocolPB.OzoneManagerRequestHandler.getOzoneFileStatus(OzoneManagerRequestHandler.java:971) ~[ozone-manager-1.4.0-SNAPSHOT.jar:?]
	at org.apache.hadoop.ozone.protocolPB.OzoneManagerRequestHandler.handleReadRequest(OzoneManagerRequestHandler.java:250) ~[ozone-manager-1.4.0-SNAPSHOT.jar:?]
	at org.apache.hadoop.ozone.protocolPB.OzoneManagerProtocolServerSideTranslatorPB.submitReadRequestToOM(OzoneManagerProtocolServerSideTranslatorPB.java:225) ~[ozone-manager-1.4.0-SNAPSHOT.jar:?]
	at org.apache.hadoop.ozone.protocolPB.OzoneManagerProtocolServerSideTranslatorPB.processRequest(OzoneManagerProtocolServerSideTranslatorPB.java:179) ~[ozone-manager-1.4.0-SNAPSHOT.jar:?]
	at org.apache.hadoop.hdds.server.OzoneProtocolMessageDispatcher.processRequest(OzoneProtocolMessageDispatcher.java:87) [hdds-server-framework-1.4.0-SNAPSHOT.jar:?]
	at org.apache.hadoop.ozone.protocolPB.OzoneManagerProtocolServerSideTranslatorPB.submitRequest(OzoneManagerProtocolServerSideTranslatorPB.java:148) [ozone-manager-1.4.0-SNAPSHOT.jar:?]
	at org.apache.hadoop.ozone.protocol.proto.OzoneManagerProtocolProtos$OzoneManagerService$2.callBlockingMethod(OzoneManagerProtocolProtos.java) [ozone-interface-client-1.4.0-SNAPSHOT.jar:?]
	at org.apache.hadoop.ipc.ProtobufRpcEngine$Server.processCall(ProtobufRpcEngine.java:484) [hadoop-common-3.3.6.jar:?]
	at org.apache.hadoop.ipc.ProtobufRpcEngine2$Server$ProtoBufRpcInvoker.call(ProtobufRpcEngine2.java:595) [hadoop-common-3.3.6.jar:?]
	at org.apache.hadoop.ipc.ProtobufRpcEngine2$Server$ProtoBufRpcInvoker.call(ProtobufRpcEngine2.java:573) [hadoop-common-3.3.6.jar:?]
	at org.apache.hadoop.ipc.RPC$Server.call(RPC.java:1227) [hadoop-common-3.3.6.jar:?]
	at org.apache.hadoop.ipc.Server$RpcCall.run(Server.java:1094) [hadoop-common-3.3.6.jar:?]
	at org.apache.hadoop.ipc.Server$RpcCall.run(Server.java:1017) [hadoop-common-3.3.6.jar:?]
	at java.security.AccessController.doPrivileged(Native Method) ~[?:1.8.0_382]
	at javax.security.auth.Subject.doAs(Subject.java:422) [?:1.8.0_382]
	at org.apache.hadoop.security.UserGroupInformation.doAs(UserGroupInformation.java:1899) [hadoop-common-3.3.6.jar:?]
	at org.apache.hadoop.ipc.Server$Handler.run(Server.java:3048) [hadoop-common-3.3.6.jar:?]
]]></system-out>
  </testcase>
  <testcase name="testRecursiveDelete" classname="TestOzoneFileSystem" time="0.266">
    <system-out><![CDATA[04:50:31.880 [IPC Server handler 3 on default port 15057] ERROR OMAudit - user=runner | ip=127.0.0.1 | op=GET_FILE_STATUS {volume=volume43692, bucket=bucket46966, key=gdir1, dataSize=0, replicationConfig=null} | ret=FAILURE
org.apache.hadoop.ozone.om.exceptions.OMException: Unable to get file status: volume: volume43692 bucket: bucket46966 key: gdir1
	at org.apache.hadoop.ozone.om.KeyManagerImpl.getOzoneFileStatus(KeyManagerImpl.java:1195) ~[ozone-manager-1.4.0-SNAPSHOT.jar:?]
	at org.apache.hadoop.ozone.om.KeyManagerImpl.getFileStatus(KeyManagerImpl.java:1113) ~[ozone-manager-1.4.0-SNAPSHOT.jar:?]
	at org.apache.hadoop.ozone.om.OmMetadataReader.getFileStatus(OmMetadataReader.java:262) ~[ozone-manager-1.4.0-SNAPSHOT.jar:?]
	at org.apache.hadoop.ozone.om.OzoneManager.getFileStatus(OzoneManager.java:3530) ~[ozone-manager-1.4.0-SNAPSHOT.jar:?]
	at org.apache.hadoop.ozone.protocolPB.OzoneManagerRequestHandler.getOzoneFileStatus(OzoneManagerRequestHandler.java:971) ~[ozone-manager-1.4.0-SNAPSHOT.jar:?]
	at org.apache.hadoop.ozone.protocolPB.OzoneManagerRequestHandler.handleReadRequest(OzoneManagerRequestHandler.java:250) ~[ozone-manager-1.4.0-SNAPSHOT.jar:?]
	at org.apache.hadoop.ozone.protocolPB.OzoneManagerProtocolServerSideTranslatorPB.submitRequestDirectlyToOM(OzoneManagerProtocolServerSideTranslatorPB.java:274) ~[ozone-manager-1.4.0-SNAPSHOT.jar:?]
	at org.apache.hadoop.ozone.protocolPB.OzoneManagerProtocolServerSideTranslatorPB.processRequest(OzoneManagerProtocolServerSideTranslatorPB.java:175) ~[ozone-manager-1.4.0-SNAPSHOT.jar:?]
	at org.apache.hadoop.hdds.server.OzoneProtocolMessageDispatcher.processRequest(OzoneProtocolMessageDispatcher.java:87) [hdds-server-framework-1.4.0-SNAPSHOT.jar:?]
	at org.apache.hadoop.ozone.protocolPB.OzoneManagerProtocolServerSideTranslatorPB.submitRequest(OzoneManagerProtocolServerSideTranslatorPB.java:148) [ozone-manager-1.4.0-SNAPSHOT.jar:?]
	at org.apache.hadoop.ozone.protocol.proto.OzoneManagerProtocolProtos$OzoneManagerService$2.callBlockingMethod(OzoneManagerProtocolProtos.java) [ozone-interface-client-1.4.0-SNAPSHOT.jar:?]
	at org.apache.hadoop.ipc.ProtobufRpcEngine$Server.processCall(ProtobufRpcEngine.java:484) [hadoop-common-3.3.6.jar:?]
	at org.apache.hadoop.ipc.ProtobufRpcEngine2$Server$ProtoBufRpcInvoker.call(ProtobufRpcEngine2.java:595) [hadoop-common-3.3.6.jar:?]
	at org.apache.hadoop.ipc.ProtobufRpcEngine2$Server$ProtoBufRpcInvoker.call(ProtobufRpcEngine2.java:573) [hadoop-common-3.3.6.jar:?]
	at org.apache.hadoop.ipc.RPC$Server.call(RPC.java:1227) [hadoop-common-3.3.6.jar:?]
	at org.apache.hadoop.ipc.Server$RpcCall.run(Server.java:1094) [hadoop-common-3.3.6.jar:?]
	at org.apache.hadoop.ipc.Server$RpcCall.run(Server.java:1017) [hadoop-common-3.3.6.jar:?]
	at java.security.AccessController.doPrivileged(Native Method) ~[?:1.8.0_382]
	at javax.security.auth.Subject.doAs(Subject.java:422) [?:1.8.0_382]
	at org.apache.hadoop.security.UserGroupInformation.doAs(UserGroupInformation.java:1899) [hadoop-common-3.3.6.jar:?]
	at org.apache.hadoop.ipc.Server$Handler.run(Server.java:3048) [hadoop-common-3.3.6.jar:?]
04:50:31.882 [IPC Server handler 19 on default port 15057] ERROR OMAudit - user=runner | ip=127.0.0.1 | op=GET_FILE_STATUS {volume=volume43692, bucket=bucket46966, key=gdir1/dir1, dataSize=0, replicationConfig=null} | ret=FAILURE
org.apache.hadoop.ozone.om.exceptions.OMException: Unable to get file status: volume: volume43692 bucket: bucket46966 key: gdir1/dir1
	at org.apache.hadoop.ozone.om.KeyManagerImpl.getOzoneFileStatus(KeyManagerImpl.java:1195) ~[ozone-manager-1.4.0-SNAPSHOT.jar:?]
	at org.apache.hadoop.ozone.om.KeyManagerImpl.getFileStatus(KeyManagerImpl.java:1113) ~[ozone-manager-1.4.0-SNAPSHOT.jar:?]
	at org.apache.hadoop.ozone.om.OmMetadataReader.getFileStatus(OmMetadataReader.java:262) ~[ozone-manager-1.4.0-SNAPSHOT.jar:?]
	at org.apache.hadoop.ozone.om.OzoneManager.getFileStatus(OzoneManager.java:3530) ~[ozone-manager-1.4.0-SNAPSHOT.jar:?]
	at org.apache.hadoop.ozone.protocolPB.OzoneManagerRequestHandler.getOzoneFileStatus(OzoneManagerRequestHandler.java:971) ~[ozone-manager-1.4.0-SNAPSHOT.jar:?]
	at org.apache.hadoop.ozone.protocolPB.OzoneManagerRequestHandler.handleReadRequest(OzoneManagerRequestHandler.java:250) ~[ozone-manager-1.4.0-SNAPSHOT.jar:?]
	at org.apache.hadoop.ozone.protocolPB.OzoneManagerProtocolServerSideTranslatorPB.submitRequestDirectlyToOM(OzoneManagerProtocolServerSideTranslatorPB.java:274) ~[ozone-manager-1.4.0-SNAPSHOT.jar:?]
	at org.apache.hadoop.ozone.protocolPB.OzoneManagerProtocolServerSideTranslatorPB.processRequest(OzoneManagerProtocolServerSideTranslatorPB.java:175) ~[ozone-manager-1.4.0-SNAPSHOT.jar:?]
	at org.apache.hadoop.hdds.server.OzoneProtocolMessageDispatcher.processRequest(OzoneProtocolMessageDispatcher.java:87) [hdds-server-framework-1.4.0-SNAPSHOT.jar:?]
	at org.apache.hadoop.ozone.protocolPB.OzoneManagerProtocolServerSideTranslatorPB.submitRequest(OzoneManagerProtocolServerSideTranslatorPB.java:148) [ozone-manager-1.4.0-SNAPSHOT.jar:?]
	at org.apache.hadoop.ozone.protocol.proto.OzoneManagerProtocolProtos$OzoneManagerService$2.callBlockingMethod(OzoneManagerProtocolProtos.java) [ozone-interface-client-1.4.0-SNAPSHOT.jar:?]
	at org.apache.hadoop.ipc.ProtobufRpcEngine$Server.processCall(ProtobufRpcEngine.java:484) [hadoop-common-3.3.6.jar:?]
	at org.apache.hadoop.ipc.ProtobufRpcEngine2$Server$ProtoBufRpcInvoker.call(ProtobufRpcEngine2.java:595) [hadoop-common-3.3.6.jar:?]
	at org.apache.hadoop.ipc.ProtobufRpcEngine2$Server$ProtoBufRpcInvoker.call(ProtobufRpcEngine2.java:573) [hadoop-common-3.3.6.jar:?]
	at org.apache.hadoop.ipc.RPC$Server.call(RPC.java:1227) [hadoop-common-3.3.6.jar:?]
	at org.apache.hadoop.ipc.Server$RpcCall.run(Server.java:1094) [hadoop-common-3.3.6.jar:?]
	at org.apache.hadoop.ipc.Server$RpcCall.run(Server.java:1017) [hadoop-common-3.3.6.jar:?]
	at java.security.AccessController.doPrivileged(Native Method) ~[?:1.8.0_382]
	at javax.security.auth.Subject.doAs(Subject.java:422) [?:1.8.0_382]
	at org.apache.hadoop.security.UserGroupInformation.doAs(UserGroupInformation.java:1899) [hadoop-common-3.3.6.jar:?]
	at org.apache.hadoop.ipc.Server$Handler.run(Server.java:3048) [hadoop-common-3.3.6.jar:?]
04:50:31.884 [IPC Server handler 0 on default port 15057] ERROR OMAudit - user=runner | ip=127.0.0.1 | op=GET_FILE_STATUS {volume=volume43692, bucket=bucket46966, key=gdir1/dir1/child, dataSize=0, replicationConfig=null} | ret=FAILURE
org.apache.hadoop.ozone.om.exceptions.OMException: Unable to get file status: volume: volume43692 bucket: bucket46966 key: gdir1/dir1/child
	at org.apache.hadoop.ozone.om.KeyManagerImpl.getOzoneFileStatus(KeyManagerImpl.java:1195) ~[ozone-manager-1.4.0-SNAPSHOT.jar:?]
	at org.apache.hadoop.ozone.om.KeyManagerImpl.getFileStatus(KeyManagerImpl.java:1113) ~[ozone-manager-1.4.0-SNAPSHOT.jar:?]
	at org.apache.hadoop.ozone.om.OmMetadataReader.getFileStatus(OmMetadataReader.java:262) ~[ozone-manager-1.4.0-SNAPSHOT.jar:?]
	at org.apache.hadoop.ozone.om.OzoneManager.getFileStatus(OzoneManager.java:3530) ~[ozone-manager-1.4.0-SNAPSHOT.jar:?]
	at org.apache.hadoop.ozone.protocolPB.OzoneManagerRequestHandler.getOzoneFileStatus(OzoneManagerRequestHandler.java:971) ~[ozone-manager-1.4.0-SNAPSHOT.jar:?]
	at org.apache.hadoop.ozone.protocolPB.OzoneManagerRequestHandler.handleReadRequest(OzoneManagerRequestHandler.java:250) ~[ozone-manager-1.4.0-SNAPSHOT.jar:?]
	at org.apache.hadoop.ozone.protocolPB.OzoneManagerProtocolServerSideTranslatorPB.submitRequestDirectlyToOM(OzoneManagerProtocolServerSideTranslatorPB.java:274) ~[ozone-manager-1.4.0-SNAPSHOT.jar:?]
	at org.apache.hadoop.ozone.protocolPB.OzoneManagerProtocolServerSideTranslatorPB.processRequest(OzoneManagerProtocolServerSideTranslatorPB.java:175) ~[ozone-manager-1.4.0-SNAPSHOT.jar:?]
	at org.apache.hadoop.hdds.server.OzoneProtocolMessageDispatcher.processRequest(OzoneProtocolMessageDispatcher.java:87) [hdds-server-framework-1.4.0-SNAPSHOT.jar:?]
	at org.apache.hadoop.ozone.protocolPB.OzoneManagerProtocolServerSideTranslatorPB.submitRequest(OzoneManagerProtocolServerSideTranslatorPB.java:148) [ozone-manager-1.4.0-SNAPSHOT.jar:?]
	at org.apache.hadoop.ozone.protocol.proto.OzoneManagerProtocolProtos$OzoneManagerService$2.callBlockingMethod(OzoneManagerProtocolProtos.java) [ozone-interface-client-1.4.0-SNAPSHOT.jar:?]
	at org.apache.hadoop.ipc.ProtobufRpcEngine$Server.processCall(ProtobufRpcEngine.java:484) [hadoop-common-3.3.6.jar:?]
	at org.apache.hadoop.ipc.ProtobufRpcEngine2$Server$ProtoBufRpcInvoker.call(ProtobufRpcEngine2.java:595) [hadoop-common-3.3.6.jar:?]
	at org.apache.hadoop.ipc.ProtobufRpcEngine2$Server$ProtoBufRpcInvoker.call(ProtobufRpcEngine2.java:573) [hadoop-common-3.3.6.jar:?]
	at org.apache.hadoop.ipc.RPC$Server.call(RPC.java:1227) [hadoop-common-3.3.6.jar:?]
	at org.apache.hadoop.ipc.Server$RpcCall.run(Server.java:1094) [hadoop-common-3.3.6.jar:?]
	at org.apache.hadoop.ipc.Server$RpcCall.run(Server.java:1017) [hadoop-common-3.3.6.jar:?]
	at java.security.AccessController.doPrivileged(Native Method) ~[?:1.8.0_382]
	at javax.security.auth.Subject.doAs(Subject.java:422) [?:1.8.0_382]
	at org.apache.hadoop.security.UserGroupInformation.doAs(UserGroupInformation.java:1899) [hadoop-common-3.3.6.jar:?]
	at org.apache.hadoop.ipc.Server$Handler.run(Server.java:3048) [hadoop-common-3.3.6.jar:?]
04:50:31.885 [IPC Server handler 9 on default port 15057] ERROR OMAudit - user=runner | ip=127.0.0.1 | op=GET_FILE_STATUS {volume=volume43692, bucket=bucket46966, key=gdir1/dir2, dataSize=0, replicationConfig=null} | ret=FAILURE
org.apache.hadoop.ozone.om.exceptions.OMException: Unable to get file status: volume: volume43692 bucket: bucket46966 key: gdir1/dir2
	at org.apache.hadoop.ozone.om.KeyManagerImpl.getOzoneFileStatus(KeyManagerImpl.java:1195) ~[ozone-manager-1.4.0-SNAPSHOT.jar:?]
	at org.apache.hadoop.ozone.om.KeyManagerImpl.getFileStatus(KeyManagerImpl.java:1113) ~[ozone-manager-1.4.0-SNAPSHOT.jar:?]
	at org.apache.hadoop.ozone.om.OmMetadataReader.getFileStatus(OmMetadataReader.java:262) ~[ozone-manager-1.4.0-SNAPSHOT.jar:?]
	at org.apache.hadoop.ozone.om.OzoneManager.getFileStatus(OzoneManager.java:3530) ~[ozone-manager-1.4.0-SNAPSHOT.jar:?]
	at org.apache.hadoop.ozone.protocolPB.OzoneManagerRequestHandler.getOzoneFileStatus(OzoneManagerRequestHandler.java:971) ~[ozone-manager-1.4.0-SNAPSHOT.jar:?]
	at org.apache.hadoop.ozone.protocolPB.OzoneManagerRequestHandler.handleReadRequest(OzoneManagerRequestHandler.java:250) ~[ozone-manager-1.4.0-SNAPSHOT.jar:?]
	at org.apache.hadoop.ozone.protocolPB.OzoneManagerProtocolServerSideTranslatorPB.submitRequestDirectlyToOM(OzoneManagerProtocolServerSideTranslatorPB.java:274) ~[ozone-manager-1.4.0-SNAPSHOT.jar:?]
	at org.apache.hadoop.ozone.protocolPB.OzoneManagerProtocolServerSideTranslatorPB.processRequest(OzoneManagerProtocolServerSideTranslatorPB.java:175) ~[ozone-manager-1.4.0-SNAPSHOT.jar:?]
	at org.apache.hadoop.hdds.server.OzoneProtocolMessageDispatcher.processRequest(OzoneProtocolMessageDispatcher.java:87) [hdds-server-framework-1.4.0-SNAPSHOT.jar:?]
	at org.apache.hadoop.ozone.protocolPB.OzoneManagerProtocolServerSideTranslatorPB.submitRequest(OzoneManagerProtocolServerSideTranslatorPB.java:148) [ozone-manager-1.4.0-SNAPSHOT.jar:?]
	at org.apache.hadoop.ozone.protocol.proto.OzoneManagerProtocolProtos$OzoneManagerService$2.callBlockingMethod(OzoneManagerProtocolProtos.java) [ozone-interface-client-1.4.0-SNAPSHOT.jar:?]
	at org.apache.hadoop.ipc.ProtobufRpcEngine$Server.processCall(ProtobufRpcEngine.java:484) [hadoop-common-3.3.6.jar:?]
	at org.apache.hadoop.ipc.ProtobufRpcEngine2$Server$ProtoBufRpcInvoker.call(ProtobufRpcEngine2.java:595) [hadoop-common-3.3.6.jar:?]
	at org.apache.hadoop.ipc.ProtobufRpcEngine2$Server$ProtoBufRpcInvoker.call(ProtobufRpcEngine2.java:573) [hadoop-common-3.3.6.jar:?]
	at org.apache.hadoop.ipc.RPC$Server.call(RPC.java:1227) [hadoop-common-3.3.6.jar:?]
	at org.apache.hadoop.ipc.Server$RpcCall.run(Server.java:1094) [hadoop-common-3.3.6.jar:?]
	at org.apache.hadoop.ipc.Server$RpcCall.run(Server.java:1017) [hadoop-common-3.3.6.jar:?]
	at java.security.AccessController.doPrivileged(Native Method) ~[?:1.8.0_382]
	at javax.security.auth.Subject.doAs(Subject.java:422) [?:1.8.0_382]
	at org.apache.hadoop.security.UserGroupInformation.doAs(UserGroupInformation.java:1899) [hadoop-common-3.3.6.jar:?]
	at org.apache.hadoop.ipc.Server$Handler.run(Server.java:3048) [hadoop-common-3.3.6.jar:?]
04:50:31.887 [IPC Server handler 18 on default port 15057] ERROR OMAudit - user=runner | ip=127.0.0.1 | op=GET_FILE_STATUS {volume=volume43692, bucket=bucket46966, key=gdir1/dir2/child, dataSize=0, replicationConfig=null} | ret=FAILURE
org.apache.hadoop.ozone.om.exceptions.OMException: Unable to get file status: volume: volume43692 bucket: bucket46966 key: gdir1/dir2/child
	at org.apache.hadoop.ozone.om.KeyManagerImpl.getOzoneFileStatus(KeyManagerImpl.java:1195) ~[ozone-manager-1.4.0-SNAPSHOT.jar:?]
	at org.apache.hadoop.ozone.om.KeyManagerImpl.getFileStatus(KeyManagerImpl.java:1113) ~[ozone-manager-1.4.0-SNAPSHOT.jar:?]
	at org.apache.hadoop.ozone.om.OmMetadataReader.getFileStatus(OmMetadataReader.java:262) ~[ozone-manager-1.4.0-SNAPSHOT.jar:?]
	at org.apache.hadoop.ozone.om.OzoneManager.getFileStatus(OzoneManager.java:3530) ~[ozone-manager-1.4.0-SNAPSHOT.jar:?]
	at org.apache.hadoop.ozone.protocolPB.OzoneManagerRequestHandler.getOzoneFileStatus(OzoneManagerRequestHandler.java:971) ~[ozone-manager-1.4.0-SNAPSHOT.jar:?]
	at org.apache.hadoop.ozone.protocolPB.OzoneManagerRequestHandler.handleReadRequest(OzoneManagerRequestHandler.java:250) ~[ozone-manager-1.4.0-SNAPSHOT.jar:?]
	at org.apache.hadoop.ozone.protocolPB.OzoneManagerProtocolServerSideTranslatorPB.submitRequestDirectlyToOM(OzoneManagerProtocolServerSideTranslatorPB.java:274) ~[ozone-manager-1.4.0-SNAPSHOT.jar:?]
	at org.apache.hadoop.ozone.protocolPB.OzoneManagerProtocolServerSideTranslatorPB.processRequest(OzoneManagerProtocolServerSideTranslatorPB.java:175) ~[ozone-manager-1.4.0-SNAPSHOT.jar:?]
	at org.apache.hadoop.hdds.server.OzoneProtocolMessageDispatcher.processRequest(OzoneProtocolMessageDispatcher.java:87) [hdds-server-framework-1.4.0-SNAPSHOT.jar:?]
	at org.apache.hadoop.ozone.protocolPB.OzoneManagerProtocolServerSideTranslatorPB.submitRequest(OzoneManagerProtocolServerSideTranslatorPB.java:148) [ozone-manager-1.4.0-SNAPSHOT.jar:?]
	at org.apache.hadoop.ozone.protocol.proto.OzoneManagerProtocolProtos$OzoneManagerService$2.callBlockingMethod(OzoneManagerProtocolProtos.java) [ozone-interface-client-1.4.0-SNAPSHOT.jar:?]
	at org.apache.hadoop.ipc.ProtobufRpcEngine$Server.processCall(ProtobufRpcEngine.java:484) [hadoop-common-3.3.6.jar:?]
	at org.apache.hadoop.ipc.ProtobufRpcEngine2$Server$ProtoBufRpcInvoker.call(ProtobufRpcEngine2.java:595) [hadoop-common-3.3.6.jar:?]
	at org.apache.hadoop.ipc.ProtobufRpcEngine2$Server$ProtoBufRpcInvoker.call(ProtobufRpcEngine2.java:573) [hadoop-common-3.3.6.jar:?]
	at org.apache.hadoop.ipc.RPC$Server.call(RPC.java:1227) [hadoop-common-3.3.6.jar:?]
	at org.apache.hadoop.ipc.Server$RpcCall.run(Server.java:1094) [hadoop-common-3.3.6.jar:?]
	at org.apache.hadoop.ipc.Server$RpcCall.run(Server.java:1017) [hadoop-common-3.3.6.jar:?]
	at java.security.AccessController.doPrivileged(Native Method) ~[?:1.8.0_382]
	at javax.security.auth.Subject.doAs(Subject.java:422) [?:1.8.0_382]
	at org.apache.hadoop.security.UserGroupInformation.doAs(UserGroupInformation.java:1899) [hadoop-common-3.3.6.jar:?]
	at org.apache.hadoop.ipc.Server$Handler.run(Server.java:3048) [hadoop-common-3.3.6.jar:?]
04:50:31.888 [IPC Server handler 15 on default port 15057] ERROR OMAudit - user=runner | ip=127.0.0.1 | op=GET_FILE_STATUS {volume=volume43692, bucket=bucket46966, key=gdir1/dir3, dataSize=0, replicationConfig=null} | ret=FAILURE
org.apache.hadoop.ozone.om.exceptions.OMException: Unable to get file status: volume: volume43692 bucket: bucket46966 key: gdir1/dir3
	at org.apache.hadoop.ozone.om.KeyManagerImpl.getOzoneFileStatus(KeyManagerImpl.java:1195) ~[ozone-manager-1.4.0-SNAPSHOT.jar:?]
	at org.apache.hadoop.ozone.om.KeyManagerImpl.getFileStatus(KeyManagerImpl.java:1113) ~[ozone-manager-1.4.0-SNAPSHOT.jar:?]
	at org.apache.hadoop.ozone.om.OmMetadataReader.getFileStatus(OmMetadataReader.java:262) ~[ozone-manager-1.4.0-SNAPSHOT.jar:?]
	at org.apache.hadoop.ozone.om.OzoneManager.getFileStatus(OzoneManager.java:3530) ~[ozone-manager-1.4.0-SNAPSHOT.jar:?]
	at org.apache.hadoop.ozone.protocolPB.OzoneManagerRequestHandler.getOzoneFileStatus(OzoneManagerRequestHandler.java:971) ~[ozone-manager-1.4.0-SNAPSHOT.jar:?]
	at org.apache.hadoop.ozone.protocolPB.OzoneManagerRequestHandler.handleReadRequest(OzoneManagerRequestHandler.java:250) ~[ozone-manager-1.4.0-SNAPSHOT.jar:?]
	at org.apache.hadoop.ozone.protocolPB.OzoneManagerProtocolServerSideTranslatorPB.submitRequestDirectlyToOM(OzoneManagerProtocolServerSideTranslatorPB.java:274) ~[ozone-manager-1.4.0-SNAPSHOT.jar:?]
	at org.apache.hadoop.ozone.protocolPB.OzoneManagerProtocolServerSideTranslatorPB.processRequest(OzoneManagerProtocolServerSideTranslatorPB.java:175) ~[ozone-manager-1.4.0-SNAPSHOT.jar:?]
	at org.apache.hadoop.hdds.server.OzoneProtocolMessageDispatcher.processRequest(OzoneProtocolMessageDispatcher.java:87) [hdds-server-framework-1.4.0-SNAPSHOT.jar:?]
	at org.apache.hadoop.ozone.protocolPB.OzoneManagerProtocolServerSideTranslatorPB.submitRequest(OzoneManagerProtocolServerSideTranslatorPB.java:148) [ozone-manager-1.4.0-SNAPSHOT.jar:?]
	at org.apache.hadoop.ozone.protocol.proto.OzoneManagerProtocolProtos$OzoneManagerService$2.callBlockingMethod(OzoneManagerProtocolProtos.java) [ozone-interface-client-1.4.0-SNAPSHOT.jar:?]
	at org.apache.hadoop.ipc.ProtobufRpcEngine$Server.processCall(ProtobufRpcEngine.java:484) [hadoop-common-3.3.6.jar:?]
	at org.apache.hadoop.ipc.ProtobufRpcEngine2$Server$ProtoBufRpcInvoker.call(ProtobufRpcEngine2.java:595) [hadoop-common-3.3.6.jar:?]
	at org.apache.hadoop.ipc.ProtobufRpcEngine2$Server$ProtoBufRpcInvoker.call(ProtobufRpcEngine2.java:573) [hadoop-common-3.3.6.jar:?]
	at org.apache.hadoop.ipc.RPC$Server.call(RPC.java:1227) [hadoop-common-3.3.6.jar:?]
	at org.apache.hadoop.ipc.Server$RpcCall.run(Server.java:1094) [hadoop-common-3.3.6.jar:?]
	at org.apache.hadoop.ipc.Server$RpcCall.run(Server.java:1017) [hadoop-common-3.3.6.jar:?]
	at java.security.AccessController.doPrivileged(Native Method) ~[?:1.8.0_382]
	at javax.security.auth.Subject.doAs(Subject.java:422) [?:1.8.0_382]
	at org.apache.hadoop.security.UserGroupInformation.doAs(UserGroupInformation.java:1899) [hadoop-common-3.3.6.jar:?]
	at org.apache.hadoop.ipc.Server$Handler.run(Server.java:3048) [hadoop-common-3.3.6.jar:?]
04:50:31.890 [IPC Server handler 1 on default port 15057] ERROR OMAudit - user=runner | ip=127.0.0.1 | op=GET_FILE_STATUS {volume=volume43692, bucket=bucket46966, key=gdir1/dir3/child, dataSize=0, replicationConfig=null} | ret=FAILURE
org.apache.hadoop.ozone.om.exceptions.OMException: Unable to get file status: volume: volume43692 bucket: bucket46966 key: gdir1/dir3/child
	at org.apache.hadoop.ozone.om.KeyManagerImpl.getOzoneFileStatus(KeyManagerImpl.java:1195) ~[ozone-manager-1.4.0-SNAPSHOT.jar:?]
	at org.apache.hadoop.ozone.om.KeyManagerImpl.getFileStatus(KeyManagerImpl.java:1113) ~[ozone-manager-1.4.0-SNAPSHOT.jar:?]
	at org.apache.hadoop.ozone.om.OmMetadataReader.getFileStatus(OmMetadataReader.java:262) ~[ozone-manager-1.4.0-SNAPSHOT.jar:?]
	at org.apache.hadoop.ozone.om.OzoneManager.getFileStatus(OzoneManager.java:3530) ~[ozone-manager-1.4.0-SNAPSHOT.jar:?]
	at org.apache.hadoop.ozone.protocolPB.OzoneManagerRequestHandler.getOzoneFileStatus(OzoneManagerRequestHandler.java:971) ~[ozone-manager-1.4.0-SNAPSHOT.jar:?]
	at org.apache.hadoop.ozone.protocolPB.OzoneManagerRequestHandler.handleReadRequest(OzoneManagerRequestHandler.java:250) ~[ozone-manager-1.4.0-SNAPSHOT.jar:?]
	at org.apache.hadoop.ozone.protocolPB.OzoneManagerProtocolServerSideTranslatorPB.submitRequestDirectlyToOM(OzoneManagerProtocolServerSideTranslatorPB.java:274) ~[ozone-manager-1.4.0-SNAPSHOT.jar:?]
	at org.apache.hadoop.ozone.protocolPB.OzoneManagerProtocolServerSideTranslatorPB.processRequest(OzoneManagerProtocolServerSideTranslatorPB.java:175) ~[ozone-manager-1.4.0-SNAPSHOT.jar:?]
	at org.apache.hadoop.hdds.server.OzoneProtocolMessageDispatcher.processRequest(OzoneProtocolMessageDispatcher.java:87) [hdds-server-framework-1.4.0-SNAPSHOT.jar:?]
	at org.apache.hadoop.ozone.protocolPB.OzoneManagerProtocolServerSideTranslatorPB.submitRequest(OzoneManagerProtocolServerSideTranslatorPB.java:148) [ozone-manager-1.4.0-SNAPSHOT.jar:?]
	at org.apache.hadoop.ozone.protocol.proto.OzoneManagerProtocolProtos$OzoneManagerService$2.callBlockingMethod(OzoneManagerProtocolProtos.java) [ozone-interface-client-1.4.0-SNAPSHOT.jar:?]
	at org.apache.hadoop.ipc.ProtobufRpcEngine$Server.processCall(ProtobufRpcEngine.java:484) [hadoop-common-3.3.6.jar:?]
	at org.apache.hadoop.ipc.ProtobufRpcEngine2$Server$ProtoBufRpcInvoker.call(ProtobufRpcEngine2.java:595) [hadoop-common-3.3.6.jar:?]
	at org.apache.hadoop.ipc.ProtobufRpcEngine2$Server$ProtoBufRpcInvoker.call(ProtobufRpcEngine2.java:573) [hadoop-common-3.3.6.jar:?]
	at org.apache.hadoop.ipc.RPC$Server.call(RPC.java:1227) [hadoop-common-3.3.6.jar:?]
	at org.apache.hadoop.ipc.Server$RpcCall.run(Server.java:1094) [hadoop-common-3.3.6.jar:?]
	at org.apache.hadoop.ipc.Server$RpcCall.run(Server.java:1017) [hadoop-common-3.3.6.jar:?]
	at java.security.AccessController.doPrivileged(Native Method) ~[?:1.8.0_382]
	at javax.security.auth.Subject.doAs(Subject.java:422) [?:1.8.0_382]
	at org.apache.hadoop.security.UserGroupInformation.doAs(UserGroupInformation.java:1899) [hadoop-common-3.3.6.jar:?]
	at org.apache.hadoop.ipc.Server$Handler.run(Server.java:3048) [hadoop-common-3.3.6.jar:?]
04:50:31.891 [IPC Server handler 14 on default port 15057] ERROR OMAudit - user=runner | ip=127.0.0.1 | op=GET_FILE_STATUS {volume=volume43692, bucket=bucket46966, key=gdir1/dir4, dataSize=0, replicationConfig=null} | ret=FAILURE
org.apache.hadoop.ozone.om.exceptions.OMException: Unable to get file status: volume: volume43692 bucket: bucket46966 key: gdir1/dir4
	at org.apache.hadoop.ozone.om.KeyManagerImpl.getOzoneFileStatus(KeyManagerImpl.java:1195) ~[ozone-manager-1.4.0-SNAPSHOT.jar:?]
	at org.apache.hadoop.ozone.om.KeyManagerImpl.getFileStatus(KeyManagerImpl.java:1113) ~[ozone-manager-1.4.0-SNAPSHOT.jar:?]
	at org.apache.hadoop.ozone.om.OmMetadataReader.getFileStatus(OmMetadataReader.java:262) ~[ozone-manager-1.4.0-SNAPSHOT.jar:?]
	at org.apache.hadoop.ozone.om.OzoneManager.getFileStatus(OzoneManager.java:3530) ~[ozone-manager-1.4.0-SNAPSHOT.jar:?]
	at org.apache.hadoop.ozone.protocolPB.OzoneManagerRequestHandler.getOzoneFileStatus(OzoneManagerRequestHandler.java:971) ~[ozone-manager-1.4.0-SNAPSHOT.jar:?]
	at org.apache.hadoop.ozone.protocolPB.OzoneManagerRequestHandler.handleReadRequest(OzoneManagerRequestHandler.java:250) ~[ozone-manager-1.4.0-SNAPSHOT.jar:?]
	at org.apache.hadoop.ozone.protocolPB.OzoneManagerProtocolServerSideTranslatorPB.submitRequestDirectlyToOM(OzoneManagerProtocolServerSideTranslatorPB.java:274) ~[ozone-manager-1.4.0-SNAPSHOT.jar:?]
	at org.apache.hadoop.ozone.protocolPB.OzoneManagerProtocolServerSideTranslatorPB.processRequest(OzoneManagerProtocolServerSideTranslatorPB.java:175) ~[ozone-manager-1.4.0-SNAPSHOT.jar:?]
	at org.apache.hadoop.hdds.server.OzoneProtocolMessageDispatcher.processRequest(OzoneProtocolMessageDispatcher.java:87) [hdds-server-framework-1.4.0-SNAPSHOT.jar:?]
	at org.apache.hadoop.ozone.protocolPB.OzoneManagerProtocolServerSideTranslatorPB.submitRequest(OzoneManagerProtocolServerSideTranslatorPB.java:148) [ozone-manager-1.4.0-SNAPSHOT.jar:?]
	at org.apache.hadoop.ozone.protocol.proto.OzoneManagerProtocolProtos$OzoneManagerService$2.callBlockingMethod(OzoneManagerProtocolProtos.java) [ozone-interface-client-1.4.0-SNAPSHOT.jar:?]
	at org.apache.hadoop.ipc.ProtobufRpcEngine$Server.processCall(ProtobufRpcEngine.java:484) [hadoop-common-3.3.6.jar:?]
	at org.apache.hadoop.ipc.ProtobufRpcEngine2$Server$ProtoBufRpcInvoker.call(ProtobufRpcEngine2.java:595) [hadoop-common-3.3.6.jar:?]
	at org.apache.hadoop.ipc.ProtobufRpcEngine2$Server$ProtoBufRpcInvoker.call(ProtobufRpcEngine2.java:573) [hadoop-common-3.3.6.jar:?]
	at org.apache.hadoop.ipc.RPC$Server.call(RPC.java:1227) [hadoop-common-3.3.6.jar:?]
	at org.apache.hadoop.ipc.Server$RpcCall.run(Server.java:1094) [hadoop-common-3.3.6.jar:?]
	at org.apache.hadoop.ipc.Server$RpcCall.run(Server.java:1017) [hadoop-common-3.3.6.jar:?]
	at java.security.AccessController.doPrivileged(Native Method) ~[?:1.8.0_382]
	at javax.security.auth.Subject.doAs(Subject.java:422) [?:1.8.0_382]
	at org.apache.hadoop.security.UserGroupInformation.doAs(UserGroupInformation.java:1899) [hadoop-common-3.3.6.jar:?]
	at org.apache.hadoop.ipc.Server$Handler.run(Server.java:3048) [hadoop-common-3.3.6.jar:?]
04:50:31.892 [IPC Server handler 12 on default port 15057] ERROR OMAudit - user=runner | ip=127.0.0.1 | op=GET_FILE_STATUS {volume=volume43692, bucket=bucket46966, key=gdir1/dir4/child, dataSize=0, replicationConfig=null} | ret=FAILURE
org.apache.hadoop.ozone.om.exceptions.OMException: Unable to get file status: volume: volume43692 bucket: bucket46966 key: gdir1/dir4/child
	at org.apache.hadoop.ozone.om.KeyManagerImpl.getOzoneFileStatus(KeyManagerImpl.java:1195) ~[ozone-manager-1.4.0-SNAPSHOT.jar:?]
	at org.apache.hadoop.ozone.om.KeyManagerImpl.getFileStatus(KeyManagerImpl.java:1113) ~[ozone-manager-1.4.0-SNAPSHOT.jar:?]
	at org.apache.hadoop.ozone.om.OmMetadataReader.getFileStatus(OmMetadataReader.java:262) ~[ozone-manager-1.4.0-SNAPSHOT.jar:?]
	at org.apache.hadoop.ozone.om.OzoneManager.getFileStatus(OzoneManager.java:3530) ~[ozone-manager-1.4.0-SNAPSHOT.jar:?]
	at org.apache.hadoop.ozone.protocolPB.OzoneManagerRequestHandler.getOzoneFileStatus(OzoneManagerRequestHandler.java:971) ~[ozone-manager-1.4.0-SNAPSHOT.jar:?]
	at org.apache.hadoop.ozone.protocolPB.OzoneManagerRequestHandler.handleReadRequest(OzoneManagerRequestHandler.java:250) ~[ozone-manager-1.4.0-SNAPSHOT.jar:?]
	at org.apache.hadoop.ozone.protocolPB.OzoneManagerProtocolServerSideTranslatorPB.submitRequestDirectlyToOM(OzoneManagerProtocolServerSideTranslatorPB.java:274) ~[ozone-manager-1.4.0-SNAPSHOT.jar:?]
	at org.apache.hadoop.ozone.protocolPB.OzoneManagerProtocolServerSideTranslatorPB.processRequest(OzoneManagerProtocolServerSideTranslatorPB.java:175) ~[ozone-manager-1.4.0-SNAPSHOT.jar:?]
	at org.apache.hadoop.hdds.server.OzoneProtocolMessageDispatcher.processRequest(OzoneProtocolMessageDispatcher.java:87) [hdds-server-framework-1.4.0-SNAPSHOT.jar:?]
	at org.apache.hadoop.ozone.protocolPB.OzoneManagerProtocolServerSideTranslatorPB.submitRequest(OzoneManagerProtocolServerSideTranslatorPB.java:148) [ozone-manager-1.4.0-SNAPSHOT.jar:?]
	at org.apache.hadoop.ozone.protocol.proto.OzoneManagerProtocolProtos$OzoneManagerService$2.callBlockingMethod(OzoneManagerProtocolProtos.java) [ozone-interface-client-1.4.0-SNAPSHOT.jar:?]
	at org.apache.hadoop.ipc.ProtobufRpcEngine$Server.processCall(ProtobufRpcEngine.java:484) [hadoop-common-3.3.6.jar:?]
	at org.apache.hadoop.ipc.ProtobufRpcEngine2$Server$ProtoBufRpcInvoker.call(ProtobufRpcEngine2.java:595) [hadoop-common-3.3.6.jar:?]
	at org.apache.hadoop.ipc.ProtobufRpcEngine2$Server$ProtoBufRpcInvoker.call(ProtobufRpcEngine2.java:573) [hadoop-common-3.3.6.jar:?]
	at org.apache.hadoop.ipc.RPC$Server.call(RPC.java:1227) [hadoop-common-3.3.6.jar:?]
	at org.apache.hadoop.ipc.Server$RpcCall.run(Server.java:1094) [hadoop-common-3.3.6.jar:?]
	at org.apache.hadoop.ipc.Server$RpcCall.run(Server.java:1017) [hadoop-common-3.3.6.jar:?]
	at java.security.AccessController.doPrivileged(Native Method) ~[?:1.8.0_382]
	at javax.security.auth.Subject.doAs(Subject.java:422) [?:1.8.0_382]
	at org.apache.hadoop.security.UserGroupInformation.doAs(UserGroupInformation.java:1899) [hadoop-common-3.3.6.jar:?]
	at org.apache.hadoop.ipc.Server$Handler.run(Server.java:3048) [hadoop-common-3.3.6.jar:?]
04:50:31.894 [IPC Server handler 13 on default port 15057] ERROR OMAudit - user=runner | ip=127.0.0.1 | op=GET_FILE_STATUS {volume=volume43692, bucket=bucket46966, key=gdir1/dir5, dataSize=0, replicationConfig=null} | ret=FAILURE
org.apache.hadoop.ozone.om.exceptions.OMException: Unable to get file status: volume: volume43692 bucket: bucket46966 key: gdir1/dir5
	at org.apache.hadoop.ozone.om.KeyManagerImpl.getOzoneFileStatus(KeyManagerImpl.java:1195) ~[ozone-manager-1.4.0-SNAPSHOT.jar:?]
	at org.apache.hadoop.ozone.om.KeyManagerImpl.getFileStatus(KeyManagerImpl.java:1113) ~[ozone-manager-1.4.0-SNAPSHOT.jar:?]
	at org.apache.hadoop.ozone.om.OmMetadataReader.getFileStatus(OmMetadataReader.java:262) ~[ozone-manager-1.4.0-SNAPSHOT.jar:?]
	at org.apache.hadoop.ozone.om.OzoneManager.getFileStatus(OzoneManager.java:3530) ~[ozone-manager-1.4.0-SNAPSHOT.jar:?]
	at org.apache.hadoop.ozone.protocolPB.OzoneManagerRequestHandler.getOzoneFileStatus(OzoneManagerRequestHandler.java:971) ~[ozone-manager-1.4.0-SNAPSHOT.jar:?]
	at org.apache.hadoop.ozone.protocolPB.OzoneManagerRequestHandler.handleReadRequest(OzoneManagerRequestHandler.java:250) ~[ozone-manager-1.4.0-SNAPSHOT.jar:?]
	at org.apache.hadoop.ozone.protocolPB.OzoneManagerProtocolServerSideTranslatorPB.submitRequestDirectlyToOM(OzoneManagerProtocolServerSideTranslatorPB.java:274) ~[ozone-manager-1.4.0-SNAPSHOT.jar:?]
	at org.apache.hadoop.ozone.protocolPB.OzoneManagerProtocolServerSideTranslatorPB.processRequest(OzoneManagerProtocolServerSideTranslatorPB.java:175) ~[ozone-manager-1.4.0-SNAPSHOT.jar:?]
	at org.apache.hadoop.hdds.server.OzoneProtocolMessageDispatcher.processRequest(OzoneProtocolMessageDispatcher.java:87) [hdds-server-framework-1.4.0-SNAPSHOT.jar:?]
	at org.apache.hadoop.ozone.protocolPB.OzoneManagerProtocolServerSideTranslatorPB.submitRequest(OzoneManagerProtocolServerSideTranslatorPB.java:148) [ozone-manager-1.4.0-SNAPSHOT.jar:?]
	at org.apache.hadoop.ozone.protocol.proto.OzoneManagerProtocolProtos$OzoneManagerService$2.callBlockingMethod(OzoneManagerProtocolProtos.java) [ozone-interface-client-1.4.0-SNAPSHOT.jar:?]
	at org.apache.hadoop.ipc.ProtobufRpcEngine$Server.processCall(ProtobufRpcEngine.java:484) [hadoop-common-3.3.6.jar:?]
	at org.apache.hadoop.ipc.ProtobufRpcEngine2$Server$ProtoBufRpcInvoker.call(ProtobufRpcEngine2.java:595) [hadoop-common-3.3.6.jar:?]
	at org.apache.hadoop.ipc.ProtobufRpcEngine2$Server$ProtoBufRpcInvoker.call(ProtobufRpcEngine2.java:573) [hadoop-common-3.3.6.jar:?]
	at org.apache.hadoop.ipc.RPC$Server.call(RPC.java:1227) [hadoop-common-3.3.6.jar:?]
	at org.apache.hadoop.ipc.Server$RpcCall.run(Server.java:1094) [hadoop-common-3.3.6.jar:?]
	at org.apache.hadoop.ipc.Server$RpcCall.run(Server.java:1017) [hadoop-common-3.3.6.jar:?]
	at java.security.AccessController.doPrivileged(Native Method) ~[?:1.8.0_382]
	at javax.security.auth.Subject.doAs(Subject.java:422) [?:1.8.0_382]
	at org.apache.hadoop.security.UserGroupInformation.doAs(UserGroupInformation.java:1899) [hadoop-common-3.3.6.jar:?]
	at org.apache.hadoop.ipc.Server$Handler.run(Server.java:3048) [hadoop-common-3.3.6.jar:?]
04:50:31.895 [IPC Server handler 11 on default port 15057] ERROR OMAudit - user=runner | ip=127.0.0.1 | op=GET_FILE_STATUS {volume=volume43692, bucket=bucket46966, key=gdir1/dir5/child, dataSize=0, replicationConfig=null} | ret=FAILURE
org.apache.hadoop.ozone.om.exceptions.OMException: Unable to get file status: volume: volume43692 bucket: bucket46966 key: gdir1/dir5/child
	at org.apache.hadoop.ozone.om.KeyManagerImpl.getOzoneFileStatus(KeyManagerImpl.java:1195) ~[ozone-manager-1.4.0-SNAPSHOT.jar:?]
	at org.apache.hadoop.ozone.om.KeyManagerImpl.getFileStatus(KeyManagerImpl.java:1113) ~[ozone-manager-1.4.0-SNAPSHOT.jar:?]
	at org.apache.hadoop.ozone.om.OmMetadataReader.getFileStatus(OmMetadataReader.java:262) ~[ozone-manager-1.4.0-SNAPSHOT.jar:?]
	at org.apache.hadoop.ozone.om.OzoneManager.getFileStatus(OzoneManager.java:3530) ~[ozone-manager-1.4.0-SNAPSHOT.jar:?]
	at org.apache.hadoop.ozone.protocolPB.OzoneManagerRequestHandler.getOzoneFileStatus(OzoneManagerRequestHandler.java:971) ~[ozone-manager-1.4.0-SNAPSHOT.jar:?]
	at org.apache.hadoop.ozone.protocolPB.OzoneManagerRequestHandler.handleReadRequest(OzoneManagerRequestHandler.java:250) ~[ozone-manager-1.4.0-SNAPSHOT.jar:?]
	at org.apache.hadoop.ozone.protocolPB.OzoneManagerProtocolServerSideTranslatorPB.submitRequestDirectlyToOM(OzoneManagerProtocolServerSideTranslatorPB.java:274) ~[ozone-manager-1.4.0-SNAPSHOT.jar:?]
	at org.apache.hadoop.ozone.protocolPB.OzoneManagerProtocolServerSideTranslatorPB.processRequest(OzoneManagerProtocolServerSideTranslatorPB.java:175) ~[ozone-manager-1.4.0-SNAPSHOT.jar:?]
	at org.apache.hadoop.hdds.server.OzoneProtocolMessageDispatcher.processRequest(OzoneProtocolMessageDispatcher.java:87) [hdds-server-framework-1.4.0-SNAPSHOT.jar:?]
	at org.apache.hadoop.ozone.protocolPB.OzoneManagerProtocolServerSideTranslatorPB.submitRequest(OzoneManagerProtocolServerSideTranslatorPB.java:148) [ozone-manager-1.4.0-SNAPSHOT.jar:?]
	at org.apache.hadoop.ozone.protocol.proto.OzoneManagerProtocolProtos$OzoneManagerService$2.callBlockingMethod(OzoneManagerProtocolProtos.java) [ozone-interface-client-1.4.0-SNAPSHOT.jar:?]
	at org.apache.hadoop.ipc.ProtobufRpcEngine$Server.processCall(ProtobufRpcEngine.java:484) [hadoop-common-3.3.6.jar:?]
	at org.apache.hadoop.ipc.ProtobufRpcEngine2$Server$ProtoBufRpcInvoker.call(ProtobufRpcEngine2.java:595) [hadoop-common-3.3.6.jar:?]
	at org.apache.hadoop.ipc.ProtobufRpcEngine2$Server$ProtoBufRpcInvoker.call(ProtobufRpcEngine2.java:573) [hadoop-common-3.3.6.jar:?]
	at org.apache.hadoop.ipc.RPC$Server.call(RPC.java:1227) [hadoop-common-3.3.6.jar:?]
	at org.apache.hadoop.ipc.Server$RpcCall.run(Server.java:1094) [hadoop-common-3.3.6.jar:?]
	at org.apache.hadoop.ipc.Server$RpcCall.run(Server.java:1017) [hadoop-common-3.3.6.jar:?]
	at java.security.AccessController.doPrivileged(Native Method) ~[?:1.8.0_382]
	at javax.security.auth.Subject.doAs(Subject.java:422) [?:1.8.0_382]
	at org.apache.hadoop.security.UserGroupInformation.doAs(UserGroupInformation.java:1899) [hadoop-common-3.3.6.jar:?]
	at org.apache.hadoop.ipc.Server$Handler.run(Server.java:3048) [hadoop-common-3.3.6.jar:?]
04:50:31.897 [IPC Server handler 16 on default port 15057] ERROR OMAudit - user=runner | ip=127.0.0.1 | op=GET_FILE_STATUS {volume=volume43692, bucket=bucket46966, key=gdir1/dir6, dataSize=0, replicationConfig=null} | ret=FAILURE
org.apache.hadoop.ozone.om.exceptions.OMException: Unable to get file status: volume: volume43692 bucket: bucket46966 key: gdir1/dir6
	at org.apache.hadoop.ozone.om.KeyManagerImpl.getOzoneFileStatus(KeyManagerImpl.java:1195) ~[ozone-manager-1.4.0-SNAPSHOT.jar:?]
	at org.apache.hadoop.ozone.om.KeyManagerImpl.getFileStatus(KeyManagerImpl.java:1113) ~[ozone-manager-1.4.0-SNAPSHOT.jar:?]
	at org.apache.hadoop.ozone.om.OmMetadataReader.getFileStatus(OmMetadataReader.java:262) ~[ozone-manager-1.4.0-SNAPSHOT.jar:?]
	at org.apache.hadoop.ozone.om.OzoneManager.getFileStatus(OzoneManager.java:3530) ~[ozone-manager-1.4.0-SNAPSHOT.jar:?]
	at org.apache.hadoop.ozone.protocolPB.OzoneManagerRequestHandler.getOzoneFileStatus(OzoneManagerRequestHandler.java:971) ~[ozone-manager-1.4.0-SNAPSHOT.jar:?]
	at org.apache.hadoop.ozone.protocolPB.OzoneManagerRequestHandler.handleReadRequest(OzoneManagerRequestHandler.java:250) ~[ozone-manager-1.4.0-SNAPSHOT.jar:?]
	at org.apache.hadoop.ozone.protocolPB.OzoneManagerProtocolServerSideTranslatorPB.submitRequestDirectlyToOM(OzoneManagerProtocolServerSideTranslatorPB.java:274) ~[ozone-manager-1.4.0-SNAPSHOT.jar:?]
	at org.apache.hadoop.ozone.protocolPB.OzoneManagerProtocolServerSideTranslatorPB.processRequest(OzoneManagerProtocolServerSideTranslatorPB.java:175) ~[ozone-manager-1.4.0-SNAPSHOT.jar:?]
	at org.apache.hadoop.hdds.server.OzoneProtocolMessageDispatcher.processRequest(OzoneProtocolMessageDispatcher.java:87) [hdds-server-framework-1.4.0-SNAPSHOT.jar:?]
	at org.apache.hadoop.ozone.protocolPB.OzoneManagerProtocolServerSideTranslatorPB.submitRequest(OzoneManagerProtocolServerSideTranslatorPB.java:148) [ozone-manager-1.4.0-SNAPSHOT.jar:?]
	at org.apache.hadoop.ozone.protocol.proto.OzoneManagerProtocolProtos$OzoneManagerService$2.callBlockingMethod(OzoneManagerProtocolProtos.java) [ozone-interface-client-1.4.0-SNAPSHOT.jar:?]
	at org.apache.hadoop.ipc.ProtobufRpcEngine$Server.processCall(ProtobufRpcEngine.java:484) [hadoop-common-3.3.6.jar:?]
	at org.apache.hadoop.ipc.ProtobufRpcEngine2$Server$ProtoBufRpcInvoker.call(ProtobufRpcEngine2.java:595) [hadoop-common-3.3.6.jar:?]
	at org.apache.hadoop.ipc.ProtobufRpcEngine2$Server$ProtoBufRpcInvoker.call(ProtobufRpcEngine2.java:573) [hadoop-common-3.3.6.jar:?]
	at org.apache.hadoop.ipc.RPC$Server.call(RPC.java:1227) [hadoop-common-3.3.6.jar:?]
	at org.apache.hadoop.ipc.Server$RpcCall.run(Server.java:1094) [hadoop-common-3.3.6.jar:?]
	at org.apache.hadoop.ipc.Server$RpcCall.run(Server.java:1017) [hadoop-common-3.3.6.jar:?]
	at java.security.AccessController.doPrivileged(Native Method) ~[?:1.8.0_382]
	at javax.security.auth.Subject.doAs(Subject.java:422) [?:1.8.0_382]
	at org.apache.hadoop.security.UserGroupInformation.doAs(UserGroupInformation.java:1899) [hadoop-common-3.3.6.jar:?]
	at org.apache.hadoop.ipc.Server$Handler.run(Server.java:3048) [hadoop-common-3.3.6.jar:?]
04:50:31.898 [IPC Server handler 17 on default port 15057] ERROR OMAudit - user=runner | ip=127.0.0.1 | op=GET_FILE_STATUS {volume=volume43692, bucket=bucket46966, key=gdir1/dir6/child, dataSize=0, replicationConfig=null} | ret=FAILURE
org.apache.hadoop.ozone.om.exceptions.OMException: Unable to get file status: volume: volume43692 bucket: bucket46966 key: gdir1/dir6/child
	at org.apache.hadoop.ozone.om.KeyManagerImpl.getOzoneFileStatus(KeyManagerImpl.java:1195) ~[ozone-manager-1.4.0-SNAPSHOT.jar:?]
	at org.apache.hadoop.ozone.om.KeyManagerImpl.getFileStatus(KeyManagerImpl.java:1113) ~[ozone-manager-1.4.0-SNAPSHOT.jar:?]
	at org.apache.hadoop.ozone.om.OmMetadataReader.getFileStatus(OmMetadataReader.java:262) ~[ozone-manager-1.4.0-SNAPSHOT.jar:?]
	at org.apache.hadoop.ozone.om.OzoneManager.getFileStatus(OzoneManager.java:3530) ~[ozone-manager-1.4.0-SNAPSHOT.jar:?]
	at org.apache.hadoop.ozone.protocolPB.OzoneManagerRequestHandler.getOzoneFileStatus(OzoneManagerRequestHandler.java:971) ~[ozone-manager-1.4.0-SNAPSHOT.jar:?]
	at org.apache.hadoop.ozone.protocolPB.OzoneManagerRequestHandler.handleReadRequest(OzoneManagerRequestHandler.java:250) ~[ozone-manager-1.4.0-SNAPSHOT.jar:?]
	at org.apache.hadoop.ozone.protocolPB.OzoneManagerProtocolServerSideTranslatorPB.submitRequestDirectlyToOM(OzoneManagerProtocolServerSideTranslatorPB.java:274) ~[ozone-manager-1.4.0-SNAPSHOT.jar:?]
	at org.apache.hadoop.ozone.protocolPB.OzoneManagerProtocolServerSideTranslatorPB.processRequest(OzoneManagerProtocolServerSideTranslatorPB.java:175) ~[ozone-manager-1.4.0-SNAPSHOT.jar:?]
	at org.apache.hadoop.hdds.server.OzoneProtocolMessageDispatcher.processRequest(OzoneProtocolMessageDispatcher.java:87) [hdds-server-framework-1.4.0-SNAPSHOT.jar:?]
	at org.apache.hadoop.ozone.protocolPB.OzoneManagerProtocolServerSideTranslatorPB.submitRequest(OzoneManagerProtocolServerSideTranslatorPB.java:148) [ozone-manager-1.4.0-SNAPSHOT.jar:?]
	at org.apache.hadoop.ozone.protocol.proto.OzoneManagerProtocolProtos$OzoneManagerService$2.callBlockingMethod(OzoneManagerProtocolProtos.java) [ozone-interface-client-1.4.0-SNAPSHOT.jar:?]
	at org.apache.hadoop.ipc.ProtobufRpcEngine$Server.processCall(ProtobufRpcEngine.java:484) [hadoop-common-3.3.6.jar:?]
	at org.apache.hadoop.ipc.ProtobufRpcEngine2$Server$ProtoBufRpcInvoker.call(ProtobufRpcEngine2.java:595) [hadoop-common-3.3.6.jar:?]
	at org.apache.hadoop.ipc.ProtobufRpcEngine2$Server$ProtoBufRpcInvoker.call(ProtobufRpcEngine2.java:573) [hadoop-common-3.3.6.jar:?]
	at org.apache.hadoop.ipc.RPC$Server.call(RPC.java:1227) [hadoop-common-3.3.6.jar:?]
	at org.apache.hadoop.ipc.Server$RpcCall.run(Server.java:1094) [hadoop-common-3.3.6.jar:?]
	at org.apache.hadoop.ipc.Server$RpcCall.run(Server.java:1017) [hadoop-common-3.3.6.jar:?]
	at java.security.AccessController.doPrivileged(Native Method) ~[?:1.8.0_382]
	at javax.security.auth.Subject.doAs(Subject.java:422) [?:1.8.0_382]
	at org.apache.hadoop.security.UserGroupInformation.doAs(UserGroupInformation.java:1899) [hadoop-common-3.3.6.jar:?]
	at org.apache.hadoop.ipc.Server$Handler.run(Server.java:3048) [hadoop-common-3.3.6.jar:?]
04:50:31.900 [IPC Server handler 6 on default port 15057] ERROR OMAudit - user=runner | ip=127.0.0.1 | op=GET_FILE_STATUS {volume=volume43692, bucket=bucket46966, key=gdir1/dir7, dataSize=0, replicationConfig=null} | ret=FAILURE
org.apache.hadoop.ozone.om.exceptions.OMException: Unable to get file status: volume: volume43692 bucket: bucket46966 key: gdir1/dir7
	at org.apache.hadoop.ozone.om.KeyManagerImpl.getOzoneFileStatus(KeyManagerImpl.java:1195) ~[ozone-manager-1.4.0-SNAPSHOT.jar:?]
	at org.apache.hadoop.ozone.om.KeyManagerImpl.getFileStatus(KeyManagerImpl.java:1113) ~[ozone-manager-1.4.0-SNAPSHOT.jar:?]
	at org.apache.hadoop.ozone.om.OmMetadataReader.getFileStatus(OmMetadataReader.java:262) ~[ozone-manager-1.4.0-SNAPSHOT.jar:?]
	at org.apache.hadoop.ozone.om.OzoneManager.getFileStatus(OzoneManager.java:3530) ~[ozone-manager-1.4.0-SNAPSHOT.jar:?]
	at org.apache.hadoop.ozone.protocolPB.OzoneManagerRequestHandler.getOzoneFileStatus(OzoneManagerRequestHandler.java:971) ~[ozone-manager-1.4.0-SNAPSHOT.jar:?]
	at org.apache.hadoop.ozone.protocolPB.OzoneManagerRequestHandler.handleReadRequest(OzoneManagerRequestHandler.java:250) ~[ozone-manager-1.4.0-SNAPSHOT.jar:?]
	at org.apache.hadoop.ozone.protocolPB.OzoneManagerProtocolServerSideTranslatorPB.submitRequestDirectlyToOM(OzoneManagerProtocolServerSideTranslatorPB.java:274) ~[ozone-manager-1.4.0-SNAPSHOT.jar:?]
	at org.apache.hadoop.ozone.protocolPB.OzoneManagerProtocolServerSideTranslatorPB.processRequest(OzoneManagerProtocolServerSideTranslatorPB.java:175) ~[ozone-manager-1.4.0-SNAPSHOT.jar:?]
	at org.apache.hadoop.hdds.server.OzoneProtocolMessageDispatcher.processRequest(OzoneProtocolMessageDispatcher.java:87) [hdds-server-framework-1.4.0-SNAPSHOT.jar:?]
	at org.apache.hadoop.ozone.protocolPB.OzoneManagerProtocolServerSideTranslatorPB.submitRequest(OzoneManagerProtocolServerSideTranslatorPB.java:148) [ozone-manager-1.4.0-SNAPSHOT.jar:?]
	at org.apache.hadoop.ozone.protocol.proto.OzoneManagerProtocolProtos$OzoneManagerService$2.callBlockingMethod(OzoneManagerProtocolProtos.java) [ozone-interface-client-1.4.0-SNAPSHOT.jar:?]
	at org.apache.hadoop.ipc.ProtobufRpcEngine$Server.processCall(ProtobufRpcEngine.java:484) [hadoop-common-3.3.6.jar:?]
	at org.apache.hadoop.ipc.ProtobufRpcEngine2$Server$ProtoBufRpcInvoker.call(ProtobufRpcEngine2.java:595) [hadoop-common-3.3.6.jar:?]
	at org.apache.hadoop.ipc.ProtobufRpcEngine2$Server$ProtoBufRpcInvoker.call(ProtobufRpcEngine2.java:573) [hadoop-common-3.3.6.jar:?]
	at org.apache.hadoop.ipc.RPC$Server.call(RPC.java:1227) [hadoop-common-3.3.6.jar:?]
	at org.apache.hadoop.ipc.Server$RpcCall.run(Server.java:1094) [hadoop-common-3.3.6.jar:?]
	at org.apache.hadoop.ipc.Server$RpcCall.run(Server.java:1017) [hadoop-common-3.3.6.jar:?]
	at java.security.AccessController.doPrivileged(Native Method) ~[?:1.8.0_382]
	at javax.security.auth.Subject.doAs(Subject.java:422) [?:1.8.0_382]
	at org.apache.hadoop.security.UserGroupInformation.doAs(UserGroupInformation.java:1899) [hadoop-common-3.3.6.jar:?]
	at org.apache.hadoop.ipc.Server$Handler.run(Server.java:3048) [hadoop-common-3.3.6.jar:?]
04:50:31.901 [IPC Server handler 5 on default port 15057] ERROR OMAudit - user=runner | ip=127.0.0.1 | op=GET_FILE_STATUS {volume=volume43692, bucket=bucket46966, key=gdir1/dir7/child, dataSize=0, replicationConfig=null} | ret=FAILURE
org.apache.hadoop.ozone.om.exceptions.OMException: Unable to get file status: volume: volume43692 bucket: bucket46966 key: gdir1/dir7/child
	at org.apache.hadoop.ozone.om.KeyManagerImpl.getOzoneFileStatus(KeyManagerImpl.java:1195) ~[ozone-manager-1.4.0-SNAPSHOT.jar:?]
	at org.apache.hadoop.ozone.om.KeyManagerImpl.getFileStatus(KeyManagerImpl.java:1113) ~[ozone-manager-1.4.0-SNAPSHOT.jar:?]
	at org.apache.hadoop.ozone.om.OmMetadataReader.getFileStatus(OmMetadataReader.java:262) ~[ozone-manager-1.4.0-SNAPSHOT.jar:?]
	at org.apache.hadoop.ozone.om.OzoneManager.getFileStatus(OzoneManager.java:3530) ~[ozone-manager-1.4.0-SNAPSHOT.jar:?]
	at org.apache.hadoop.ozone.protocolPB.OzoneManagerRequestHandler.getOzoneFileStatus(OzoneManagerRequestHandler.java:971) ~[ozone-manager-1.4.0-SNAPSHOT.jar:?]
	at org.apache.hadoop.ozone.protocolPB.OzoneManagerRequestHandler.handleReadRequest(OzoneManagerRequestHandler.java:250) ~[ozone-manager-1.4.0-SNAPSHOT.jar:?]
	at org.apache.hadoop.ozone.protocolPB.OzoneManagerProtocolServerSideTranslatorPB.submitRequestDirectlyToOM(OzoneManagerProtocolServerSideTranslatorPB.java:274) ~[ozone-manager-1.4.0-SNAPSHOT.jar:?]
	at org.apache.hadoop.ozone.protocolPB.OzoneManagerProtocolServerSideTranslatorPB.processRequest(OzoneManagerProtocolServerSideTranslatorPB.java:175) ~[ozone-manager-1.4.0-SNAPSHOT.jar:?]
	at org.apache.hadoop.hdds.server.OzoneProtocolMessageDispatcher.processRequest(OzoneProtocolMessageDispatcher.java:87) [hdds-server-framework-1.4.0-SNAPSHOT.jar:?]
	at org.apache.hadoop.ozone.protocolPB.OzoneManagerProtocolServerSideTranslatorPB.submitRequest(OzoneManagerProtocolServerSideTranslatorPB.java:148) [ozone-manager-1.4.0-SNAPSHOT.jar:?]
	at org.apache.hadoop.ozone.protocol.proto.OzoneManagerProtocolProtos$OzoneManagerService$2.callBlockingMethod(OzoneManagerProtocolProtos.java) [ozone-interface-client-1.4.0-SNAPSHOT.jar:?]
	at org.apache.hadoop.ipc.ProtobufRpcEngine$Server.processCall(ProtobufRpcEngine.java:484) [hadoop-common-3.3.6.jar:?]
	at org.apache.hadoop.ipc.ProtobufRpcEngine2$Server$ProtoBufRpcInvoker.call(ProtobufRpcEngine2.java:595) [hadoop-common-3.3.6.jar:?]
	at org.apache.hadoop.ipc.ProtobufRpcEngine2$Server$ProtoBufRpcInvoker.call(ProtobufRpcEngine2.java:573) [hadoop-common-3.3.6.jar:?]
	at org.apache.hadoop.ipc.RPC$Server.call(RPC.java:1227) [hadoop-common-3.3.6.jar:?]
	at org.apache.hadoop.ipc.Server$RpcCall.run(Server.java:1094) [hadoop-common-3.3.6.jar:?]
	at org.apache.hadoop.ipc.Server$RpcCall.run(Server.java:1017) [hadoop-common-3.3.6.jar:?]
	at java.security.AccessController.doPrivileged(Native Method) ~[?:1.8.0_382]
	at javax.security.auth.Subject.doAs(Subject.java:422) [?:1.8.0_382]
	at org.apache.hadoop.security.UserGroupInformation.doAs(UserGroupInformation.java:1899) [hadoop-common-3.3.6.jar:?]
	at org.apache.hadoop.ipc.Server$Handler.run(Server.java:3048) [hadoop-common-3.3.6.jar:?]
04:50:31.904 [IPC Server handler 2 on default port 15057] ERROR OMAudit - user=runner | ip=127.0.0.1 | op=GET_FILE_STATUS {volume=volume43692, bucket=bucket46966, key=gdir1/dir8, dataSize=0, replicationConfig=null} | ret=FAILURE
org.apache.hadoop.ozone.om.exceptions.OMException: Unable to get file status: volume: volume43692 bucket: bucket46966 key: gdir1/dir8
	at org.apache.hadoop.ozone.om.KeyManagerImpl.getOzoneFileStatus(KeyManagerImpl.java:1195) ~[ozone-manager-1.4.0-SNAPSHOT.jar:?]
	at org.apache.hadoop.ozone.om.KeyManagerImpl.getFileStatus(KeyManagerImpl.java:1113) ~[ozone-manager-1.4.0-SNAPSHOT.jar:?]
	at org.apache.hadoop.ozone.om.OmMetadataReader.getFileStatus(OmMetadataReader.java:262) ~[ozone-manager-1.4.0-SNAPSHOT.jar:?]
	at org.apache.hadoop.ozone.om.OzoneManager.getFileStatus(OzoneManager.java:3530) ~[ozone-manager-1.4.0-SNAPSHOT.jar:?]
	at org.apache.hadoop.ozone.protocolPB.OzoneManagerRequestHandler.getOzoneFileStatus(OzoneManagerRequestHandler.java:971) ~[ozone-manager-1.4.0-SNAPSHOT.jar:?]
	at org.apache.hadoop.ozone.protocolPB.OzoneManagerRequestHandler.handleReadRequest(OzoneManagerRequestHandler.java:250) ~[ozone-manager-1.4.0-SNAPSHOT.jar:?]
	at org.apache.hadoop.ozone.protocolPB.OzoneManagerProtocolServerSideTranslatorPB.submitRequestDirectlyToOM(OzoneManagerProtocolServerSideTranslatorPB.java:274) ~[ozone-manager-1.4.0-SNAPSHOT.jar:?]
	at org.apache.hadoop.ozone.protocolPB.OzoneManagerProtocolServerSideTranslatorPB.processRequest(OzoneManagerProtocolServerSideTranslatorPB.java:175) ~[ozone-manager-1.4.0-SNAPSHOT.jar:?]
	at org.apache.hadoop.hdds.server.OzoneProtocolMessageDispatcher.processRequest(OzoneProtocolMessageDispatcher.java:87) [hdds-server-framework-1.4.0-SNAPSHOT.jar:?]
	at org.apache.hadoop.ozone.protocolPB.OzoneManagerProtocolServerSideTranslatorPB.submitRequest(OzoneManagerProtocolServerSideTranslatorPB.java:148) [ozone-manager-1.4.0-SNAPSHOT.jar:?]
	at org.apache.hadoop.ozone.protocol.proto.OzoneManagerProtocolProtos$OzoneManagerService$2.callBlockingMethod(OzoneManagerProtocolProtos.java) [ozone-interface-client-1.4.0-SNAPSHOT.jar:?]
	at org.apache.hadoop.ipc.ProtobufRpcEngine$Server.processCall(ProtobufRpcEngine.java:484) [hadoop-common-3.3.6.jar:?]
	at org.apache.hadoop.ipc.ProtobufRpcEngine2$Server$ProtoBufRpcInvoker.call(ProtobufRpcEngine2.java:595) [hadoop-common-3.3.6.jar:?]
	at org.apache.hadoop.ipc.ProtobufRpcEngine2$Server$ProtoBufRpcInvoker.call(ProtobufRpcEngine2.java:573) [hadoop-common-3.3.6.jar:?]
	at org.apache.hadoop.ipc.RPC$Server.call(RPC.java:1227) [hadoop-common-3.3.6.jar:?]
	at org.apache.hadoop.ipc.Server$RpcCall.run(Server.java:1094) [hadoop-common-3.3.6.jar:?]
	at org.apache.hadoop.ipc.Server$RpcCall.run(Server.java:1017) [hadoop-common-3.3.6.jar:?]
	at java.security.AccessController.doPrivileged(Native Method) ~[?:1.8.0_382]
	at javax.security.auth.Subject.doAs(Subject.java:422) [?:1.8.0_382]
	at org.apache.hadoop.security.UserGroupInformation.doAs(UserGroupInformation.java:1899) [hadoop-common-3.3.6.jar:?]
	at org.apache.hadoop.ipc.Server$Handler.run(Server.java:3048) [hadoop-common-3.3.6.jar:?]
04:50:31.907 [IPC Server handler 4 on default port 15057] ERROR OMAudit - user=runner | ip=127.0.0.1 | op=GET_FILE_STATUS {volume=volume43692, bucket=bucket46966, key=gdir1/dir8/child, dataSize=0, replicationConfig=null} | ret=FAILURE
org.apache.hadoop.ozone.om.exceptions.OMException: Unable to get file status: volume: volume43692 bucket: bucket46966 key: gdir1/dir8/child
	at org.apache.hadoop.ozone.om.KeyManagerImpl.getOzoneFileStatus(KeyManagerImpl.java:1195) ~[ozone-manager-1.4.0-SNAPSHOT.jar:?]
	at org.apache.hadoop.ozone.om.KeyManagerImpl.getFileStatus(KeyManagerImpl.java:1113) ~[ozone-manager-1.4.0-SNAPSHOT.jar:?]
	at org.apache.hadoop.ozone.om.OmMetadataReader.getFileStatus(OmMetadataReader.java:262) ~[ozone-manager-1.4.0-SNAPSHOT.jar:?]
	at org.apache.hadoop.ozone.om.OzoneManager.getFileStatus(OzoneManager.java:3530) ~[ozone-manager-1.4.0-SNAPSHOT.jar:?]
	at org.apache.hadoop.ozone.protocolPB.OzoneManagerRequestHandler.getOzoneFileStatus(OzoneManagerRequestHandler.java:971) ~[ozone-manager-1.4.0-SNAPSHOT.jar:?]
	at org.apache.hadoop.ozone.protocolPB.OzoneManagerRequestHandler.handleReadRequest(OzoneManagerRequestHandler.java:250) ~[ozone-manager-1.4.0-SNAPSHOT.jar:?]
	at org.apache.hadoop.ozone.protocolPB.OzoneManagerProtocolServerSideTranslatorPB.submitRequestDirectlyToOM(OzoneManagerProtocolServerSideTranslatorPB.java:274) ~[ozone-manager-1.4.0-SNAPSHOT.jar:?]
	at org.apache.hadoop.ozone.protocolPB.OzoneManagerProtocolServerSideTranslatorPB.processRequest(OzoneManagerProtocolServerSideTranslatorPB.java:175) ~[ozone-manager-1.4.0-SNAPSHOT.jar:?]
	at org.apache.hadoop.hdds.server.OzoneProtocolMessageDispatcher.processRequest(OzoneProtocolMessageDispatcher.java:87) [hdds-server-framework-1.4.0-SNAPSHOT.jar:?]
	at org.apache.hadoop.ozone.protocolPB.OzoneManagerProtocolServerSideTranslatorPB.submitRequest(OzoneManagerProtocolServerSideTranslatorPB.java:148) [ozone-manager-1.4.0-SNAPSHOT.jar:?]
	at org.apache.hadoop.ozone.protocol.proto.OzoneManagerProtocolProtos$OzoneManagerService$2.callBlockingMethod(OzoneManagerProtocolProtos.java) [ozone-interface-client-1.4.0-SNAPSHOT.jar:?]
	at org.apache.hadoop.ipc.ProtobufRpcEngine$Server.processCall(ProtobufRpcEngine.java:484) [hadoop-common-3.3.6.jar:?]
	at org.apache.hadoop.ipc.ProtobufRpcEngine2$Server$ProtoBufRpcInvoker.call(ProtobufRpcEngine2.java:595) [hadoop-common-3.3.6.jar:?]
	at org.apache.hadoop.ipc.ProtobufRpcEngine2$Server$ProtoBufRpcInvoker.call(ProtobufRpcEngine2.java:573) [hadoop-common-3.3.6.jar:?]
	at org.apache.hadoop.ipc.RPC$Server.call(RPC.java:1227) [hadoop-common-3.3.6.jar:?]
	at org.apache.hadoop.ipc.Server$RpcCall.run(Server.java:1094) [hadoop-common-3.3.6.jar:?]
	at org.apache.hadoop.ipc.Server$RpcCall.run(Server.java:1017) [hadoop-common-3.3.6.jar:?]
	at java.security.AccessController.doPrivileged(Native Method) ~[?:1.8.0_382]
	at javax.security.auth.Subject.doAs(Subject.java:422) [?:1.8.0_382]
	at org.apache.hadoop.security.UserGroupInformation.doAs(UserGroupInformation.java:1899) [hadoop-common-3.3.6.jar:?]
	at org.apache.hadoop.ipc.Server$Handler.run(Server.java:3048) [hadoop-common-3.3.6.jar:?]
04:50:31.908 [IPC Server handler 8 on default port 15057] ERROR OMAudit - user=runner | ip=127.0.0.1 | op=GET_FILE_STATUS {volume=volume43692, bucket=bucket46966, key=gdir1/dir9, dataSize=0, replicationConfig=null} | ret=FAILURE
org.apache.hadoop.ozone.om.exceptions.OMException: Unable to get file status: volume: volume43692 bucket: bucket46966 key: gdir1/dir9
	at org.apache.hadoop.ozone.om.KeyManagerImpl.getOzoneFileStatus(KeyManagerImpl.java:1195) ~[ozone-manager-1.4.0-SNAPSHOT.jar:?]
	at org.apache.hadoop.ozone.om.KeyManagerImpl.getFileStatus(KeyManagerImpl.java:1113) ~[ozone-manager-1.4.0-SNAPSHOT.jar:?]
	at org.apache.hadoop.ozone.om.OmMetadataReader.getFileStatus(OmMetadataReader.java:262) ~[ozone-manager-1.4.0-SNAPSHOT.jar:?]
	at org.apache.hadoop.ozone.om.OzoneManager.getFileStatus(OzoneManager.java:3530) ~[ozone-manager-1.4.0-SNAPSHOT.jar:?]
	at org.apache.hadoop.ozone.protocolPB.OzoneManagerRequestHandler.getOzoneFileStatus(OzoneManagerRequestHandler.java:971) ~[ozone-manager-1.4.0-SNAPSHOT.jar:?]
	at org.apache.hadoop.ozone.protocolPB.OzoneManagerRequestHandler.handleReadRequest(OzoneManagerRequestHandler.java:250) ~[ozone-manager-1.4.0-SNAPSHOT.jar:?]
	at org.apache.hadoop.ozone.protocolPB.OzoneManagerProtocolServerSideTranslatorPB.submitRequestDirectlyToOM(OzoneManagerProtocolServerSideTranslatorPB.java:274) ~[ozone-manager-1.4.0-SNAPSHOT.jar:?]
	at org.apache.hadoop.ozone.protocolPB.OzoneManagerProtocolServerSideTranslatorPB.processRequest(OzoneManagerProtocolServerSideTranslatorPB.java:175) ~[ozone-manager-1.4.0-SNAPSHOT.jar:?]
	at org.apache.hadoop.hdds.server.OzoneProtocolMessageDispatcher.processRequest(OzoneProtocolMessageDispatcher.java:87) [hdds-server-framework-1.4.0-SNAPSHOT.jar:?]
	at org.apache.hadoop.ozone.protocolPB.OzoneManagerProtocolServerSideTranslatorPB.submitRequest(OzoneManagerProtocolServerSideTranslatorPB.java:148) [ozone-manager-1.4.0-SNAPSHOT.jar:?]
	at org.apache.hadoop.ozone.protocol.proto.OzoneManagerProtocolProtos$OzoneManagerService$2.callBlockingMethod(OzoneManagerProtocolProtos.java) [ozone-interface-client-1.4.0-SNAPSHOT.jar:?]
	at org.apache.hadoop.ipc.ProtobufRpcEngine$Server.processCall(ProtobufRpcEngine.java:484) [hadoop-common-3.3.6.jar:?]
	at org.apache.hadoop.ipc.ProtobufRpcEngine2$Server$ProtoBufRpcInvoker.call(ProtobufRpcEngine2.java:595) [hadoop-common-3.3.6.jar:?]
	at org.apache.hadoop.ipc.ProtobufRpcEngine2$Server$ProtoBufRpcInvoker.call(ProtobufRpcEngine2.java:573) [hadoop-common-3.3.6.jar:?]
	at org.apache.hadoop.ipc.RPC$Server.call(RPC.java:1227) [hadoop-common-3.3.6.jar:?]
	at org.apache.hadoop.ipc.Server$RpcCall.run(Server.java:1094) [hadoop-common-3.3.6.jar:?]
	at org.apache.hadoop.ipc.Server$RpcCall.run(Server.java:1017) [hadoop-common-3.3.6.jar:?]
	at java.security.AccessController.doPrivileged(Native Method) ~[?:1.8.0_382]
	at javax.security.auth.Subject.doAs(Subject.java:422) [?:1.8.0_382]
	at org.apache.hadoop.security.UserGroupInformation.doAs(UserGroupInformation.java:1899) [hadoop-common-3.3.6.jar:?]
	at org.apache.hadoop.ipc.Server$Handler.run(Server.java:3048) [hadoop-common-3.3.6.jar:?]
04:50:31.912 [IPC Server handler 10 on default port 15057] ERROR OMAudit - user=runner | ip=127.0.0.1 | op=GET_FILE_STATUS {volume=volume43692, bucket=bucket46966, key=gdir1/dir9/child, dataSize=0, replicationConfig=null} | ret=FAILURE
org.apache.hadoop.ozone.om.exceptions.OMException: Unable to get file status: volume: volume43692 bucket: bucket46966 key: gdir1/dir9/child
	at org.apache.hadoop.ozone.om.KeyManagerImpl.getOzoneFileStatus(KeyManagerImpl.java:1195) ~[ozone-manager-1.4.0-SNAPSHOT.jar:?]
	at org.apache.hadoop.ozone.om.KeyManagerImpl.getFileStatus(KeyManagerImpl.java:1113) ~[ozone-manager-1.4.0-SNAPSHOT.jar:?]
	at org.apache.hadoop.ozone.om.OmMetadataReader.getFileStatus(OmMetadataReader.java:262) ~[ozone-manager-1.4.0-SNAPSHOT.jar:?]
	at org.apache.hadoop.ozone.om.OzoneManager.getFileStatus(OzoneManager.java:3530) ~[ozone-manager-1.4.0-SNAPSHOT.jar:?]
	at org.apache.hadoop.ozone.protocolPB.OzoneManagerRequestHandler.getOzoneFileStatus(OzoneManagerRequestHandler.java:971) ~[ozone-manager-1.4.0-SNAPSHOT.jar:?]
	at org.apache.hadoop.ozone.protocolPB.OzoneManagerRequestHandler.handleReadRequest(OzoneManagerRequestHandler.java:250) ~[ozone-manager-1.4.0-SNAPSHOT.jar:?]
	at org.apache.hadoop.ozone.protocolPB.OzoneManagerProtocolServerSideTranslatorPB.submitRequestDirectlyToOM(OzoneManagerProtocolServerSideTranslatorPB.java:274) ~[ozone-manager-1.4.0-SNAPSHOT.jar:?]
	at org.apache.hadoop.ozone.protocolPB.OzoneManagerProtocolServerSideTranslatorPB.processRequest(OzoneManagerProtocolServerSideTranslatorPB.java:175) ~[ozone-manager-1.4.0-SNAPSHOT.jar:?]
	at org.apache.hadoop.hdds.server.OzoneProtocolMessageDispatcher.processRequest(OzoneProtocolMessageDispatcher.java:87) [hdds-server-framework-1.4.0-SNAPSHOT.jar:?]
	at org.apache.hadoop.ozone.protocolPB.OzoneManagerProtocolServerSideTranslatorPB.submitRequest(OzoneManagerProtocolServerSideTranslatorPB.java:148) [ozone-manager-1.4.0-SNAPSHOT.jar:?]
	at org.apache.hadoop.ozone.protocol.proto.OzoneManagerProtocolProtos$OzoneManagerService$2.callBlockingMethod(OzoneManagerProtocolProtos.java) [ozone-interface-client-1.4.0-SNAPSHOT.jar:?]
	at org.apache.hadoop.ipc.ProtobufRpcEngine$Server.processCall(ProtobufRpcEngine.java:484) [hadoop-common-3.3.6.jar:?]
	at org.apache.hadoop.ipc.ProtobufRpcEngine2$Server$ProtoBufRpcInvoker.call(ProtobufRpcEngine2.java:595) [hadoop-common-3.3.6.jar:?]
	at org.apache.hadoop.ipc.ProtobufRpcEngine2$Server$ProtoBufRpcInvoker.call(ProtobufRpcEngine2.java:573) [hadoop-common-3.3.6.jar:?]
	at org.apache.hadoop.ipc.RPC$Server.call(RPC.java:1227) [hadoop-common-3.3.6.jar:?]
	at org.apache.hadoop.ipc.Server$RpcCall.run(Server.java:1094) [hadoop-common-3.3.6.jar:?]
	at org.apache.hadoop.ipc.Server$RpcCall.run(Server.java:1017) [hadoop-common-3.3.6.jar:?]
	at java.security.AccessController.doPrivileged(Native Method) ~[?:1.8.0_382]
	at javax.security.auth.Subject.doAs(Subject.java:422) [?:1.8.0_382]
	at org.apache.hadoop.security.UserGroupInformation.doAs(UserGroupInformation.java:1899) [hadoop-common-3.3.6.jar:?]
	at org.apache.hadoop.ipc.Server$Handler.run(Server.java:3048) [hadoop-common-3.3.6.jar:?]
04:50:31.914 [IPC Server handler 7 on default port 15057] ERROR OMAudit - user=runner | ip=127.0.0.1 | op=GET_FILE_STATUS {volume=volume43692, bucket=bucket46966, key=gdir1/dir10, dataSize=0, replicationConfig=null} | ret=FAILURE
org.apache.hadoop.ozone.om.exceptions.OMException: Unable to get file status: volume: volume43692 bucket: bucket46966 key: gdir1/dir10
	at org.apache.hadoop.ozone.om.KeyManagerImpl.getOzoneFileStatus(KeyManagerImpl.java:1195) ~[ozone-manager-1.4.0-SNAPSHOT.jar:?]
	at org.apache.hadoop.ozone.om.KeyManagerImpl.getFileStatus(KeyManagerImpl.java:1113) ~[ozone-manager-1.4.0-SNAPSHOT.jar:?]
	at org.apache.hadoop.ozone.om.OmMetadataReader.getFileStatus(OmMetadataReader.java:262) ~[ozone-manager-1.4.0-SNAPSHOT.jar:?]
	at org.apache.hadoop.ozone.om.OzoneManager.getFileStatus(OzoneManager.java:3530) ~[ozone-manager-1.4.0-SNAPSHOT.jar:?]
	at org.apache.hadoop.ozone.protocolPB.OzoneManagerRequestHandler.getOzoneFileStatus(OzoneManagerRequestHandler.java:971) ~[ozone-manager-1.4.0-SNAPSHOT.jar:?]
	at org.apache.hadoop.ozone.protocolPB.OzoneManagerRequestHandler.handleReadRequest(OzoneManagerRequestHandler.java:250) ~[ozone-manager-1.4.0-SNAPSHOT.jar:?]
	at org.apache.hadoop.ozone.protocolPB.OzoneManagerProtocolServerSideTranslatorPB.submitRequestDirectlyToOM(OzoneManagerProtocolServerSideTranslatorPB.java:274) ~[ozone-manager-1.4.0-SNAPSHOT.jar:?]
	at org.apache.hadoop.ozone.protocolPB.OzoneManagerProtocolServerSideTranslatorPB.processRequest(OzoneManagerProtocolServerSideTranslatorPB.java:175) ~[ozone-manager-1.4.0-SNAPSHOT.jar:?]
	at org.apache.hadoop.hdds.server.OzoneProtocolMessageDispatcher.processRequest(OzoneProtocolMessageDispatcher.java:87) [hdds-server-framework-1.4.0-SNAPSHOT.jar:?]
	at org.apache.hadoop.ozone.protocolPB.OzoneManagerProtocolServerSideTranslatorPB.submitRequest(OzoneManagerProtocolServerSideTranslatorPB.java:148) [ozone-manager-1.4.0-SNAPSHOT.jar:?]
	at org.apache.hadoop.ozone.protocol.proto.OzoneManagerProtocolProtos$OzoneManagerService$2.callBlockingMethod(OzoneManagerProtocolProtos.java) [ozone-interface-client-1.4.0-SNAPSHOT.jar:?]
	at org.apache.hadoop.ipc.ProtobufRpcEngine$Server.processCall(ProtobufRpcEngine.java:484) [hadoop-common-3.3.6.jar:?]
	at org.apache.hadoop.ipc.ProtobufRpcEngine2$Server$ProtoBufRpcInvoker.call(ProtobufRpcEngine2.java:595) [hadoop-common-3.3.6.jar:?]
	at org.apache.hadoop.ipc.ProtobufRpcEngine2$Server$ProtoBufRpcInvoker.call(ProtobufRpcEngine2.java:573) [hadoop-common-3.3.6.jar:?]
	at org.apache.hadoop.ipc.RPC$Server.call(RPC.java:1227) [hadoop-common-3.3.6.jar:?]
	at org.apache.hadoop.ipc.Server$RpcCall.run(Server.java:1094) [hadoop-common-3.3.6.jar:?]
	at org.apache.hadoop.ipc.Server$RpcCall.run(Server.java:1017) [hadoop-common-3.3.6.jar:?]
	at java.security.AccessController.doPrivileged(Native Method) ~[?:1.8.0_382]
	at javax.security.auth.Subject.doAs(Subject.java:422) [?:1.8.0_382]
	at org.apache.hadoop.security.UserGroupInformation.doAs(UserGroupInformation.java:1899) [hadoop-common-3.3.6.jar:?]
	at org.apache.hadoop.ipc.Server$Handler.run(Server.java:3048) [hadoop-common-3.3.6.jar:?]
04:50:31.916 [IPC Server handler 3 on default port 15057] ERROR OMAudit - user=runner | ip=127.0.0.1 | op=GET_FILE_STATUS {volume=volume43692, bucket=bucket46966, key=gdir1/dir10/child, dataSize=0, replicationConfig=null} | ret=FAILURE
org.apache.hadoop.ozone.om.exceptions.OMException: Unable to get file status: volume: volume43692 bucket: bucket46966 key: gdir1/dir10/child
	at org.apache.hadoop.ozone.om.KeyManagerImpl.getOzoneFileStatus(KeyManagerImpl.java:1195) ~[ozone-manager-1.4.0-SNAPSHOT.jar:?]
	at org.apache.hadoop.ozone.om.KeyManagerImpl.getFileStatus(KeyManagerImpl.java:1113) ~[ozone-manager-1.4.0-SNAPSHOT.jar:?]
	at org.apache.hadoop.ozone.om.OmMetadataReader.getFileStatus(OmMetadataReader.java:262) ~[ozone-manager-1.4.0-SNAPSHOT.jar:?]
	at org.apache.hadoop.ozone.om.OzoneManager.getFileStatus(OzoneManager.java:3530) ~[ozone-manager-1.4.0-SNAPSHOT.jar:?]
	at org.apache.hadoop.ozone.protocolPB.OzoneManagerRequestHandler.getOzoneFileStatus(OzoneManagerRequestHandler.java:971) ~[ozone-manager-1.4.0-SNAPSHOT.jar:?]
	at org.apache.hadoop.ozone.protocolPB.OzoneManagerRequestHandler.handleReadRequest(OzoneManagerRequestHandler.java:250) ~[ozone-manager-1.4.0-SNAPSHOT.jar:?]
	at org.apache.hadoop.ozone.protocolPB.OzoneManagerProtocolServerSideTranslatorPB.submitRequestDirectlyToOM(OzoneManagerProtocolServerSideTranslatorPB.java:274) ~[ozone-manager-1.4.0-SNAPSHOT.jar:?]
	at org.apache.hadoop.ozone.protocolPB.OzoneManagerProtocolServerSideTranslatorPB.processRequest(OzoneManagerProtocolServerSideTranslatorPB.java:175) ~[ozone-manager-1.4.0-SNAPSHOT.jar:?]
	at org.apache.hadoop.hdds.server.OzoneProtocolMessageDispatcher.processRequest(OzoneProtocolMessageDispatcher.java:87) [hdds-server-framework-1.4.0-SNAPSHOT.jar:?]
	at org.apache.hadoop.ozone.protocolPB.OzoneManagerProtocolServerSideTranslatorPB.submitRequest(OzoneManagerProtocolServerSideTranslatorPB.java:148) [ozone-manager-1.4.0-SNAPSHOT.jar:?]
	at org.apache.hadoop.ozone.protocol.proto.OzoneManagerProtocolProtos$OzoneManagerService$2.callBlockingMethod(OzoneManagerProtocolProtos.java) [ozone-interface-client-1.4.0-SNAPSHOT.jar:?]
	at org.apache.hadoop.ipc.ProtobufRpcEngine$Server.processCall(ProtobufRpcEngine.java:484) [hadoop-common-3.3.6.jar:?]
	at org.apache.hadoop.ipc.ProtobufRpcEngine2$Server$ProtoBufRpcInvoker.call(ProtobufRpcEngine2.java:595) [hadoop-common-3.3.6.jar:?]
	at org.apache.hadoop.ipc.ProtobufRpcEngine2$Server$ProtoBufRpcInvoker.call(ProtobufRpcEngine2.java:573) [hadoop-common-3.3.6.jar:?]
	at org.apache.hadoop.ipc.RPC$Server.call(RPC.java:1227) [hadoop-common-3.3.6.jar:?]
	at org.apache.hadoop.ipc.Server$RpcCall.run(Server.java:1094) [hadoop-common-3.3.6.jar:?]
	at org.apache.hadoop.ipc.Server$RpcCall.run(Server.java:1017) [hadoop-common-3.3.6.jar:?]
	at java.security.AccessController.doPrivileged(Native Method) ~[?:1.8.0_382]
	at javax.security.auth.Subject.doAs(Subject.java:422) [?:1.8.0_382]
	at org.apache.hadoop.security.UserGroupInformation.doAs(UserGroupInformation.java:1899) [hadoop-common-3.3.6.jar:?]
	at org.apache.hadoop.ipc.Server$Handler.run(Server.java:3048) [hadoop-common-3.3.6.jar:?]
04:50:31.999 [IPC Server handler 5 on default port 15057] ERROR OMAudit - user=runner | ip=127.0.0.1 | op=GET_FILE_STATUS {volume=volume43692, bucket=bucket46966, key=level0, dataSize=0, replicationConfig=null} | ret=FAILURE
org.apache.hadoop.ozone.om.exceptions.OMException: Unable to get file status: volume: volume43692 bucket: bucket46966 key: level0
	at org.apache.hadoop.ozone.om.KeyManagerImpl.getOzoneFileStatus(KeyManagerImpl.java:1195) ~[ozone-manager-1.4.0-SNAPSHOT.jar:?]
	at org.apache.hadoop.ozone.om.KeyManagerImpl.getFileStatus(KeyManagerImpl.java:1113) ~[ozone-manager-1.4.0-SNAPSHOT.jar:?]
	at org.apache.hadoop.ozone.om.OmMetadataReader.getFileStatus(OmMetadataReader.java:262) ~[ozone-manager-1.4.0-SNAPSHOT.jar:?]
	at org.apache.hadoop.ozone.om.OzoneManager.getFileStatus(OzoneManager.java:3530) ~[ozone-manager-1.4.0-SNAPSHOT.jar:?]
	at org.apache.hadoop.ozone.protocolPB.OzoneManagerRequestHandler.getOzoneFileStatus(OzoneManagerRequestHandler.java:971) ~[ozone-manager-1.4.0-SNAPSHOT.jar:?]
	at org.apache.hadoop.ozone.protocolPB.OzoneManagerRequestHandler.handleReadRequest(OzoneManagerRequestHandler.java:250) ~[ozone-manager-1.4.0-SNAPSHOT.jar:?]
	at org.apache.hadoop.ozone.protocolPB.OzoneManagerProtocolServerSideTranslatorPB.submitRequestDirectlyToOM(OzoneManagerProtocolServerSideTranslatorPB.java:274) ~[ozone-manager-1.4.0-SNAPSHOT.jar:?]
	at org.apache.hadoop.ozone.protocolPB.OzoneManagerProtocolServerSideTranslatorPB.processRequest(OzoneManagerProtocolServerSideTranslatorPB.java:175) ~[ozone-manager-1.4.0-SNAPSHOT.jar:?]
	at org.apache.hadoop.hdds.server.OzoneProtocolMessageDispatcher.processRequest(OzoneProtocolMessageDispatcher.java:87) [hdds-server-framework-1.4.0-SNAPSHOT.jar:?]
	at org.apache.hadoop.ozone.protocolPB.OzoneManagerProtocolServerSideTranslatorPB.submitRequest(OzoneManagerProtocolServerSideTranslatorPB.java:148) [ozone-manager-1.4.0-SNAPSHOT.jar:?]
	at org.apache.hadoop.ozone.protocol.proto.OzoneManagerProtocolProtos$OzoneManagerService$2.callBlockingMethod(OzoneManagerProtocolProtos.java) [ozone-interface-client-1.4.0-SNAPSHOT.jar:?]
	at org.apache.hadoop.ipc.ProtobufRpcEngine$Server.processCall(ProtobufRpcEngine.java:484) [hadoop-common-3.3.6.jar:?]
	at org.apache.hadoop.ipc.ProtobufRpcEngine2$Server$ProtoBufRpcInvoker.call(ProtobufRpcEngine2.java:595) [hadoop-common-3.3.6.jar:?]
	at org.apache.hadoop.ipc.ProtobufRpcEngine2$Server$ProtoBufRpcInvoker.call(ProtobufRpcEngine2.java:573) [hadoop-common-3.3.6.jar:?]
	at org.apache.hadoop.ipc.RPC$Server.call(RPC.java:1227) [hadoop-common-3.3.6.jar:?]
	at org.apache.hadoop.ipc.Server$RpcCall.run(Server.java:1094) [hadoop-common-3.3.6.jar:?]
	at org.apache.hadoop.ipc.Server$RpcCall.run(Server.java:1017) [hadoop-common-3.3.6.jar:?]
	at java.security.AccessController.doPrivileged(Native Method) ~[?:1.8.0_382]
	at javax.security.auth.Subject.doAs(Subject.java:422) [?:1.8.0_382]
	at org.apache.hadoop.security.UserGroupInformation.doAs(UserGroupInformation.java:1899) [hadoop-common-3.3.6.jar:?]
	at org.apache.hadoop.ipc.Server$Handler.run(Server.java:3048) [hadoop-common-3.3.6.jar:?]
04:50:32.000 [IPC Server handler 2 on default port 15057] ERROR OMAudit - user=runner | ip=127.0.0.1 | op=GET_FILE_STATUS {volume=volume43692, bucket=bucket46966, key=level0/level1, dataSize=0, replicationConfig=null} | ret=FAILURE
org.apache.hadoop.ozone.om.exceptions.OMException: Unable to get file status: volume: volume43692 bucket: bucket46966 key: level0/level1
	at org.apache.hadoop.ozone.om.KeyManagerImpl.getOzoneFileStatus(KeyManagerImpl.java:1195) ~[ozone-manager-1.4.0-SNAPSHOT.jar:?]
	at org.apache.hadoop.ozone.om.KeyManagerImpl.getFileStatus(KeyManagerImpl.java:1113) ~[ozone-manager-1.4.0-SNAPSHOT.jar:?]
	at org.apache.hadoop.ozone.om.OmMetadataReader.getFileStatus(OmMetadataReader.java:262) ~[ozone-manager-1.4.0-SNAPSHOT.jar:?]
	at org.apache.hadoop.ozone.om.OzoneManager.getFileStatus(OzoneManager.java:3530) ~[ozone-manager-1.4.0-SNAPSHOT.jar:?]
	at org.apache.hadoop.ozone.protocolPB.OzoneManagerRequestHandler.getOzoneFileStatus(OzoneManagerRequestHandler.java:971) ~[ozone-manager-1.4.0-SNAPSHOT.jar:?]
	at org.apache.hadoop.ozone.protocolPB.OzoneManagerRequestHandler.handleReadRequest(OzoneManagerRequestHandler.java:250) ~[ozone-manager-1.4.0-SNAPSHOT.jar:?]
	at org.apache.hadoop.ozone.protocolPB.OzoneManagerProtocolServerSideTranslatorPB.submitRequestDirectlyToOM(OzoneManagerProtocolServerSideTranslatorPB.java:274) ~[ozone-manager-1.4.0-SNAPSHOT.jar:?]
	at org.apache.hadoop.ozone.protocolPB.OzoneManagerProtocolServerSideTranslatorPB.processRequest(OzoneManagerProtocolServerSideTranslatorPB.java:175) ~[ozone-manager-1.4.0-SNAPSHOT.jar:?]
	at org.apache.hadoop.hdds.server.OzoneProtocolMessageDispatcher.processRequest(OzoneProtocolMessageDispatcher.java:87) [hdds-server-framework-1.4.0-SNAPSHOT.jar:?]
	at org.apache.hadoop.ozone.protocolPB.OzoneManagerProtocolServerSideTranslatorPB.submitRequest(OzoneManagerProtocolServerSideTranslatorPB.java:148) [ozone-manager-1.4.0-SNAPSHOT.jar:?]
	at org.apache.hadoop.ozone.protocol.proto.OzoneManagerProtocolProtos$OzoneManagerService$2.callBlockingMethod(OzoneManagerProtocolProtos.java) [ozone-interface-client-1.4.0-SNAPSHOT.jar:?]
	at org.apache.hadoop.ipc.ProtobufRpcEngine$Server.processCall(ProtobufRpcEngine.java:484) [hadoop-common-3.3.6.jar:?]
	at org.apache.hadoop.ipc.ProtobufRpcEngine2$Server$ProtoBufRpcInvoker.call(ProtobufRpcEngine2.java:595) [hadoop-common-3.3.6.jar:?]
	at org.apache.hadoop.ipc.ProtobufRpcEngine2$Server$ProtoBufRpcInvoker.call(ProtobufRpcEngine2.java:573) [hadoop-common-3.3.6.jar:?]
	at org.apache.hadoop.ipc.RPC$Server.call(RPC.java:1227) [hadoop-common-3.3.6.jar:?]
	at org.apache.hadoop.ipc.Server$RpcCall.run(Server.java:1094) [hadoop-common-3.3.6.jar:?]
	at org.apache.hadoop.ipc.Server$RpcCall.run(Server.java:1017) [hadoop-common-3.3.6.jar:?]
	at java.security.AccessController.doPrivileged(Native Method) ~[?:1.8.0_382]
	at javax.security.auth.Subject.doAs(Subject.java:422) [?:1.8.0_382]
	at org.apache.hadoop.security.UserGroupInformation.doAs(UserGroupInformation.java:1899) [hadoop-common-3.3.6.jar:?]
	at org.apache.hadoop.ipc.Server$Handler.run(Server.java:3048) [hadoop-common-3.3.6.jar:?]
04:50:32.002 [IPC Server handler 4 on default port 15057] ERROR OMAudit - user=runner | ip=127.0.0.1 | op=GET_FILE_STATUS {volume=volume43692, bucket=bucket46966, key=level0/level1/level1, dataSize=0, replicationConfig=null} | ret=FAILURE
org.apache.hadoop.ozone.om.exceptions.OMException: Unable to get file status: volume: volume43692 bucket: bucket46966 key: level0/level1/level1
	at org.apache.hadoop.ozone.om.KeyManagerImpl.getOzoneFileStatus(KeyManagerImpl.java:1195) ~[ozone-manager-1.4.0-SNAPSHOT.jar:?]
	at org.apache.hadoop.ozone.om.KeyManagerImpl.getFileStatus(KeyManagerImpl.java:1113) ~[ozone-manager-1.4.0-SNAPSHOT.jar:?]
	at org.apache.hadoop.ozone.om.OmMetadataReader.getFileStatus(OmMetadataReader.java:262) ~[ozone-manager-1.4.0-SNAPSHOT.jar:?]
	at org.apache.hadoop.ozone.om.OzoneManager.getFileStatus(OzoneManager.java:3530) ~[ozone-manager-1.4.0-SNAPSHOT.jar:?]
	at org.apache.hadoop.ozone.protocolPB.OzoneManagerRequestHandler.getOzoneFileStatus(OzoneManagerRequestHandler.java:971) ~[ozone-manager-1.4.0-SNAPSHOT.jar:?]
	at org.apache.hadoop.ozone.protocolPB.OzoneManagerRequestHandler.handleReadRequest(OzoneManagerRequestHandler.java:250) ~[ozone-manager-1.4.0-SNAPSHOT.jar:?]
	at org.apache.hadoop.ozone.protocolPB.OzoneManagerProtocolServerSideTranslatorPB.submitRequestDirectlyToOM(OzoneManagerProtocolServerSideTranslatorPB.java:274) ~[ozone-manager-1.4.0-SNAPSHOT.jar:?]
	at org.apache.hadoop.ozone.protocolPB.OzoneManagerProtocolServerSideTranslatorPB.processRequest(OzoneManagerProtocolServerSideTranslatorPB.java:175) ~[ozone-manager-1.4.0-SNAPSHOT.jar:?]
	at org.apache.hadoop.hdds.server.OzoneProtocolMessageDispatcher.processRequest(OzoneProtocolMessageDispatcher.java:87) [hdds-server-framework-1.4.0-SNAPSHOT.jar:?]
	at org.apache.hadoop.ozone.protocolPB.OzoneManagerProtocolServerSideTranslatorPB.submitRequest(OzoneManagerProtocolServerSideTranslatorPB.java:148) [ozone-manager-1.4.0-SNAPSHOT.jar:?]
	at org.apache.hadoop.ozone.protocol.proto.OzoneManagerProtocolProtos$OzoneManagerService$2.callBlockingMethod(OzoneManagerProtocolProtos.java) [ozone-interface-client-1.4.0-SNAPSHOT.jar:?]
	at org.apache.hadoop.ipc.ProtobufRpcEngine$Server.processCall(ProtobufRpcEngine.java:484) [hadoop-common-3.3.6.jar:?]
	at org.apache.hadoop.ipc.ProtobufRpcEngine2$Server$ProtoBufRpcInvoker.call(ProtobufRpcEngine2.java:595) [hadoop-common-3.3.6.jar:?]
	at org.apache.hadoop.ipc.ProtobufRpcEngine2$Server$ProtoBufRpcInvoker.call(ProtobufRpcEngine2.java:573) [hadoop-common-3.3.6.jar:?]
	at org.apache.hadoop.ipc.RPC$Server.call(RPC.java:1227) [hadoop-common-3.3.6.jar:?]
	at org.apache.hadoop.ipc.Server$RpcCall.run(Server.java:1094) [hadoop-common-3.3.6.jar:?]
	at org.apache.hadoop.ipc.Server$RpcCall.run(Server.java:1017) [hadoop-common-3.3.6.jar:?]
	at java.security.AccessController.doPrivileged(Native Method) ~[?:1.8.0_382]
	at javax.security.auth.Subject.doAs(Subject.java:422) [?:1.8.0_382]
	at org.apache.hadoop.security.UserGroupInformation.doAs(UserGroupInformation.java:1899) [hadoop-common-3.3.6.jar:?]
	at org.apache.hadoop.ipc.Server$Handler.run(Server.java:3048) [hadoop-common-3.3.6.jar:?]
04:50:32.003 [IPC Server handler 8 on default port 15057] ERROR OMAudit - user=runner | ip=127.0.0.1 | op=GET_FILE_STATUS {volume=volume43692, bucket=bucket46966, key=level0/level1/file1, dataSize=0, replicationConfig=null} | ret=FAILURE
org.apache.hadoop.ozone.om.exceptions.OMException: Unable to get file status: volume: volume43692 bucket: bucket46966 key: level0/level1/file1
	at org.apache.hadoop.ozone.om.KeyManagerImpl.getOzoneFileStatus(KeyManagerImpl.java:1195) ~[ozone-manager-1.4.0-SNAPSHOT.jar:?]
	at org.apache.hadoop.ozone.om.KeyManagerImpl.getFileStatus(KeyManagerImpl.java:1113) ~[ozone-manager-1.4.0-SNAPSHOT.jar:?]
	at org.apache.hadoop.ozone.om.OmMetadataReader.getFileStatus(OmMetadataReader.java:262) ~[ozone-manager-1.4.0-SNAPSHOT.jar:?]
	at org.apache.hadoop.ozone.om.OzoneManager.getFileStatus(OzoneManager.java:3530) ~[ozone-manager-1.4.0-SNAPSHOT.jar:?]
	at org.apache.hadoop.ozone.protocolPB.OzoneManagerRequestHandler.getOzoneFileStatus(OzoneManagerRequestHandler.java:971) ~[ozone-manager-1.4.0-SNAPSHOT.jar:?]
	at org.apache.hadoop.ozone.protocolPB.OzoneManagerRequestHandler.handleReadRequest(OzoneManagerRequestHandler.java:250) ~[ozone-manager-1.4.0-SNAPSHOT.jar:?]
	at org.apache.hadoop.ozone.protocolPB.OzoneManagerProtocolServerSideTranslatorPB.submitRequestDirectlyToOM(OzoneManagerProtocolServerSideTranslatorPB.java:274) ~[ozone-manager-1.4.0-SNAPSHOT.jar:?]
	at org.apache.hadoop.ozone.protocolPB.OzoneManagerProtocolServerSideTranslatorPB.processRequest(OzoneManagerProtocolServerSideTranslatorPB.java:175) ~[ozone-manager-1.4.0-SNAPSHOT.jar:?]
	at org.apache.hadoop.hdds.server.OzoneProtocolMessageDispatcher.processRequest(OzoneProtocolMessageDispatcher.java:87) [hdds-server-framework-1.4.0-SNAPSHOT.jar:?]
	at org.apache.hadoop.ozone.protocolPB.OzoneManagerProtocolServerSideTranslatorPB.submitRequest(OzoneManagerProtocolServerSideTranslatorPB.java:148) [ozone-manager-1.4.0-SNAPSHOT.jar:?]
	at org.apache.hadoop.ozone.protocol.proto.OzoneManagerProtocolProtos$OzoneManagerService$2.callBlockingMethod(OzoneManagerProtocolProtos.java) [ozone-interface-client-1.4.0-SNAPSHOT.jar:?]
	at org.apache.hadoop.ipc.ProtobufRpcEngine$Server.processCall(ProtobufRpcEngine.java:484) [hadoop-common-3.3.6.jar:?]
	at org.apache.hadoop.ipc.ProtobufRpcEngine2$Server$ProtoBufRpcInvoker.call(ProtobufRpcEngine2.java:595) [hadoop-common-3.3.6.jar:?]
	at org.apache.hadoop.ipc.ProtobufRpcEngine2$Server$ProtoBufRpcInvoker.call(ProtobufRpcEngine2.java:573) [hadoop-common-3.3.6.jar:?]
	at org.apache.hadoop.ipc.RPC$Server.call(RPC.java:1227) [hadoop-common-3.3.6.jar:?]
	at org.apache.hadoop.ipc.Server$RpcCall.run(Server.java:1094) [hadoop-common-3.3.6.jar:?]
	at org.apache.hadoop.ipc.Server$RpcCall.run(Server.java:1017) [hadoop-common-3.3.6.jar:?]
	at java.security.AccessController.doPrivileged(Native Method) ~[?:1.8.0_382]
	at javax.security.auth.Subject.doAs(Subject.java:422) [?:1.8.0_382]
	at org.apache.hadoop.security.UserGroupInformation.doAs(UserGroupInformation.java:1899) [hadoop-common-3.3.6.jar:?]
	at org.apache.hadoop.ipc.Server$Handler.run(Server.java:3048) [hadoop-common-3.3.6.jar:?]
04:50:32.004 [IPC Server handler 10 on default port 15057] ERROR OMAudit - user=runner | ip=127.0.0.1 | op=GET_FILE_STATUS {volume=volume43692, bucket=bucket46966, key=level0/level1/level1/file1, dataSize=0, replicationConfig=null} | ret=FAILURE
org.apache.hadoop.ozone.om.exceptions.OMException: Unable to get file status: volume: volume43692 bucket: bucket46966 key: level0/level1/level1/file1
	at org.apache.hadoop.ozone.om.KeyManagerImpl.getOzoneFileStatus(KeyManagerImpl.java:1195) ~[ozone-manager-1.4.0-SNAPSHOT.jar:?]
	at org.apache.hadoop.ozone.om.KeyManagerImpl.getFileStatus(KeyManagerImpl.java:1113) ~[ozone-manager-1.4.0-SNAPSHOT.jar:?]
	at org.apache.hadoop.ozone.om.OmMetadataReader.getFileStatus(OmMetadataReader.java:262) ~[ozone-manager-1.4.0-SNAPSHOT.jar:?]
	at org.apache.hadoop.ozone.om.OzoneManager.getFileStatus(OzoneManager.java:3530) ~[ozone-manager-1.4.0-SNAPSHOT.jar:?]
	at org.apache.hadoop.ozone.protocolPB.OzoneManagerRequestHandler.getOzoneFileStatus(OzoneManagerRequestHandler.java:971) ~[ozone-manager-1.4.0-SNAPSHOT.jar:?]
	at org.apache.hadoop.ozone.protocolPB.OzoneManagerRequestHandler.handleReadRequest(OzoneManagerRequestHandler.java:250) ~[ozone-manager-1.4.0-SNAPSHOT.jar:?]
	at org.apache.hadoop.ozone.protocolPB.OzoneManagerProtocolServerSideTranslatorPB.submitRequestDirectlyToOM(OzoneManagerProtocolServerSideTranslatorPB.java:274) ~[ozone-manager-1.4.0-SNAPSHOT.jar:?]
	at org.apache.hadoop.ozone.protocolPB.OzoneManagerProtocolServerSideTranslatorPB.processRequest(OzoneManagerProtocolServerSideTranslatorPB.java:175) ~[ozone-manager-1.4.0-SNAPSHOT.jar:?]
	at org.apache.hadoop.hdds.server.OzoneProtocolMessageDispatcher.processRequest(OzoneProtocolMessageDispatcher.java:87) [hdds-server-framework-1.4.0-SNAPSHOT.jar:?]
	at org.apache.hadoop.ozone.protocolPB.OzoneManagerProtocolServerSideTranslatorPB.submitRequest(OzoneManagerProtocolServerSideTranslatorPB.java:148) [ozone-manager-1.4.0-SNAPSHOT.jar:?]
	at org.apache.hadoop.ozone.protocol.proto.OzoneManagerProtocolProtos$OzoneManagerService$2.callBlockingMethod(OzoneManagerProtocolProtos.java) [ozone-interface-client-1.4.0-SNAPSHOT.jar:?]
	at org.apache.hadoop.ipc.ProtobufRpcEngine$Server.processCall(ProtobufRpcEngine.java:484) [hadoop-common-3.3.6.jar:?]
	at org.apache.hadoop.ipc.ProtobufRpcEngine2$Server$ProtoBufRpcInvoker.call(ProtobufRpcEngine2.java:595) [hadoop-common-3.3.6.jar:?]
	at org.apache.hadoop.ipc.ProtobufRpcEngine2$Server$ProtoBufRpcInvoker.call(ProtobufRpcEngine2.java:573) [hadoop-common-3.3.6.jar:?]
	at org.apache.hadoop.ipc.RPC$Server.call(RPC.java:1227) [hadoop-common-3.3.6.jar:?]
	at org.apache.hadoop.ipc.Server$RpcCall.run(Server.java:1094) [hadoop-common-3.3.6.jar:?]
	at org.apache.hadoop.ipc.Server$RpcCall.run(Server.java:1017) [hadoop-common-3.3.6.jar:?]
	at java.security.AccessController.doPrivileged(Native Method) ~[?:1.8.0_382]
	at javax.security.auth.Subject.doAs(Subject.java:422) [?:1.8.0_382]
	at org.apache.hadoop.security.UserGroupInformation.doAs(UserGroupInformation.java:1899) [hadoop-common-3.3.6.jar:?]
	at org.apache.hadoop.ipc.Server$Handler.run(Server.java:3048) [hadoop-common-3.3.6.jar:?]
04:50:32.006 [IPC Server handler 7 on default port 15057] ERROR OMAudit - user=runner | ip=127.0.0.1 | op=GET_FILE_STATUS {volume=volume43692, bucket=bucket46966, key=level0/level2, dataSize=0, replicationConfig=null} | ret=FAILURE
org.apache.hadoop.ozone.om.exceptions.OMException: Unable to get file status: volume: volume43692 bucket: bucket46966 key: level0/level2
	at org.apache.hadoop.ozone.om.KeyManagerImpl.getOzoneFileStatus(KeyManagerImpl.java:1195) ~[ozone-manager-1.4.0-SNAPSHOT.jar:?]
	at org.apache.hadoop.ozone.om.KeyManagerImpl.getFileStatus(KeyManagerImpl.java:1113) ~[ozone-manager-1.4.0-SNAPSHOT.jar:?]
	at org.apache.hadoop.ozone.om.OmMetadataReader.getFileStatus(OmMetadataReader.java:262) ~[ozone-manager-1.4.0-SNAPSHOT.jar:?]
	at org.apache.hadoop.ozone.om.OzoneManager.getFileStatus(OzoneManager.java:3530) ~[ozone-manager-1.4.0-SNAPSHOT.jar:?]
	at org.apache.hadoop.ozone.protocolPB.OzoneManagerRequestHandler.getOzoneFileStatus(OzoneManagerRequestHandler.java:971) ~[ozone-manager-1.4.0-SNAPSHOT.jar:?]
	at org.apache.hadoop.ozone.protocolPB.OzoneManagerRequestHandler.handleReadRequest(OzoneManagerRequestHandler.java:250) ~[ozone-manager-1.4.0-SNAPSHOT.jar:?]
	at org.apache.hadoop.ozone.protocolPB.OzoneManagerProtocolServerSideTranslatorPB.submitRequestDirectlyToOM(OzoneManagerProtocolServerSideTranslatorPB.java:274) ~[ozone-manager-1.4.0-SNAPSHOT.jar:?]
	at org.apache.hadoop.ozone.protocolPB.OzoneManagerProtocolServerSideTranslatorPB.processRequest(OzoneManagerProtocolServerSideTranslatorPB.java:175) ~[ozone-manager-1.4.0-SNAPSHOT.jar:?]
	at org.apache.hadoop.hdds.server.OzoneProtocolMessageDispatcher.processRequest(OzoneProtocolMessageDispatcher.java:87) [hdds-server-framework-1.4.0-SNAPSHOT.jar:?]
	at org.apache.hadoop.ozone.protocolPB.OzoneManagerProtocolServerSideTranslatorPB.submitRequest(OzoneManagerProtocolServerSideTranslatorPB.java:148) [ozone-manager-1.4.0-SNAPSHOT.jar:?]
	at org.apache.hadoop.ozone.protocol.proto.OzoneManagerProtocolProtos$OzoneManagerService$2.callBlockingMethod(OzoneManagerProtocolProtos.java) [ozone-interface-client-1.4.0-SNAPSHOT.jar:?]
	at org.apache.hadoop.ipc.ProtobufRpcEngine$Server.processCall(ProtobufRpcEngine.java:484) [hadoop-common-3.3.6.jar:?]
	at org.apache.hadoop.ipc.ProtobufRpcEngine2$Server$ProtoBufRpcInvoker.call(ProtobufRpcEngine2.java:595) [hadoop-common-3.3.6.jar:?]
	at org.apache.hadoop.ipc.ProtobufRpcEngine2$Server$ProtoBufRpcInvoker.call(ProtobufRpcEngine2.java:573) [hadoop-common-3.3.6.jar:?]
	at org.apache.hadoop.ipc.RPC$Server.call(RPC.java:1227) [hadoop-common-3.3.6.jar:?]
	at org.apache.hadoop.ipc.Server$RpcCall.run(Server.java:1094) [hadoop-common-3.3.6.jar:?]
	at org.apache.hadoop.ipc.Server$RpcCall.run(Server.java:1017) [hadoop-common-3.3.6.jar:?]
	at java.security.AccessController.doPrivileged(Native Method) ~[?:1.8.0_382]
	at javax.security.auth.Subject.doAs(Subject.java:422) [?:1.8.0_382]
	at org.apache.hadoop.security.UserGroupInformation.doAs(UserGroupInformation.java:1899) [hadoop-common-3.3.6.jar:?]
	at org.apache.hadoop.ipc.Server$Handler.run(Server.java:3048) [hadoop-common-3.3.6.jar:?]
04:50:32.007 [IPC Server handler 3 on default port 15057] ERROR OMAudit - user=runner | ip=127.0.0.1 | op=GET_FILE_STATUS {volume=volume43692, bucket=bucket46966, key=level0/level2/level2, dataSize=0, replicationConfig=null} | ret=FAILURE
org.apache.hadoop.ozone.om.exceptions.OMException: Unable to get file status: volume: volume43692 bucket: bucket46966 key: level0/level2/level2
	at org.apache.hadoop.ozone.om.KeyManagerImpl.getOzoneFileStatus(KeyManagerImpl.java:1195) ~[ozone-manager-1.4.0-SNAPSHOT.jar:?]
	at org.apache.hadoop.ozone.om.KeyManagerImpl.getFileStatus(KeyManagerImpl.java:1113) ~[ozone-manager-1.4.0-SNAPSHOT.jar:?]
	at org.apache.hadoop.ozone.om.OmMetadataReader.getFileStatus(OmMetadataReader.java:262) ~[ozone-manager-1.4.0-SNAPSHOT.jar:?]
	at org.apache.hadoop.ozone.om.OzoneManager.getFileStatus(OzoneManager.java:3530) ~[ozone-manager-1.4.0-SNAPSHOT.jar:?]
	at org.apache.hadoop.ozone.protocolPB.OzoneManagerRequestHandler.getOzoneFileStatus(OzoneManagerRequestHandler.java:971) ~[ozone-manager-1.4.0-SNAPSHOT.jar:?]
	at org.apache.hadoop.ozone.protocolPB.OzoneManagerRequestHandler.handleReadRequest(OzoneManagerRequestHandler.java:250) ~[ozone-manager-1.4.0-SNAPSHOT.jar:?]
	at org.apache.hadoop.ozone.protocolPB.OzoneManagerProtocolServerSideTranslatorPB.submitRequestDirectlyToOM(OzoneManagerProtocolServerSideTranslatorPB.java:274) ~[ozone-manager-1.4.0-SNAPSHOT.jar:?]
	at org.apache.hadoop.ozone.protocolPB.OzoneManagerProtocolServerSideTranslatorPB.processRequest(OzoneManagerProtocolServerSideTranslatorPB.java:175) ~[ozone-manager-1.4.0-SNAPSHOT.jar:?]
	at org.apache.hadoop.hdds.server.OzoneProtocolMessageDispatcher.processRequest(OzoneProtocolMessageDispatcher.java:87) [hdds-server-framework-1.4.0-SNAPSHOT.jar:?]
	at org.apache.hadoop.ozone.protocolPB.OzoneManagerProtocolServerSideTranslatorPB.submitRequest(OzoneManagerProtocolServerSideTranslatorPB.java:148) [ozone-manager-1.4.0-SNAPSHOT.jar:?]
	at org.apache.hadoop.ozone.protocol.proto.OzoneManagerProtocolProtos$OzoneManagerService$2.callBlockingMethod(OzoneManagerProtocolProtos.java) [ozone-interface-client-1.4.0-SNAPSHOT.jar:?]
	at org.apache.hadoop.ipc.ProtobufRpcEngine$Server.processCall(ProtobufRpcEngine.java:484) [hadoop-common-3.3.6.jar:?]
	at org.apache.hadoop.ipc.ProtobufRpcEngine2$Server$ProtoBufRpcInvoker.call(ProtobufRpcEngine2.java:595) [hadoop-common-3.3.6.jar:?]
	at org.apache.hadoop.ipc.ProtobufRpcEngine2$Server$ProtoBufRpcInvoker.call(ProtobufRpcEngine2.java:573) [hadoop-common-3.3.6.jar:?]
	at org.apache.hadoop.ipc.RPC$Server.call(RPC.java:1227) [hadoop-common-3.3.6.jar:?]
	at org.apache.hadoop.ipc.Server$RpcCall.run(Server.java:1094) [hadoop-common-3.3.6.jar:?]
	at org.apache.hadoop.ipc.Server$RpcCall.run(Server.java:1017) [hadoop-common-3.3.6.jar:?]
	at java.security.AccessController.doPrivileged(Native Method) ~[?:1.8.0_382]
	at javax.security.auth.Subject.doAs(Subject.java:422) [?:1.8.0_382]
	at org.apache.hadoop.security.UserGroupInformation.doAs(UserGroupInformation.java:1899) [hadoop-common-3.3.6.jar:?]
	at org.apache.hadoop.ipc.Server$Handler.run(Server.java:3048) [hadoop-common-3.3.6.jar:?]
04:50:32.009 [IPC Server handler 19 on default port 15057] ERROR OMAudit - user=runner | ip=127.0.0.1 | op=GET_FILE_STATUS {volume=volume43692, bucket=bucket46966, key=level0/level2/file1, dataSize=0, replicationConfig=null} | ret=FAILURE
org.apache.hadoop.ozone.om.exceptions.OMException: Unable to get file status: volume: volume43692 bucket: bucket46966 key: level0/level2/file1
	at org.apache.hadoop.ozone.om.KeyManagerImpl.getOzoneFileStatus(KeyManagerImpl.java:1195) ~[ozone-manager-1.4.0-SNAPSHOT.jar:?]
	at org.apache.hadoop.ozone.om.KeyManagerImpl.getFileStatus(KeyManagerImpl.java:1113) ~[ozone-manager-1.4.0-SNAPSHOT.jar:?]
	at org.apache.hadoop.ozone.om.OmMetadataReader.getFileStatus(OmMetadataReader.java:262) ~[ozone-manager-1.4.0-SNAPSHOT.jar:?]
	at org.apache.hadoop.ozone.om.OzoneManager.getFileStatus(OzoneManager.java:3530) ~[ozone-manager-1.4.0-SNAPSHOT.jar:?]
	at org.apache.hadoop.ozone.protocolPB.OzoneManagerRequestHandler.getOzoneFileStatus(OzoneManagerRequestHandler.java:971) ~[ozone-manager-1.4.0-SNAPSHOT.jar:?]
	at org.apache.hadoop.ozone.protocolPB.OzoneManagerRequestHandler.handleReadRequest(OzoneManagerRequestHandler.java:250) ~[ozone-manager-1.4.0-SNAPSHOT.jar:?]
	at org.apache.hadoop.ozone.protocolPB.OzoneManagerProtocolServerSideTranslatorPB.submitRequestDirectlyToOM(OzoneManagerProtocolServerSideTranslatorPB.java:274) ~[ozone-manager-1.4.0-SNAPSHOT.jar:?]
	at org.apache.hadoop.ozone.protocolPB.OzoneManagerProtocolServerSideTranslatorPB.processRequest(OzoneManagerProtocolServerSideTranslatorPB.java:175) ~[ozone-manager-1.4.0-SNAPSHOT.jar:?]
	at org.apache.hadoop.hdds.server.OzoneProtocolMessageDispatcher.processRequest(OzoneProtocolMessageDispatcher.java:87) [hdds-server-framework-1.4.0-SNAPSHOT.jar:?]
	at org.apache.hadoop.ozone.protocolPB.OzoneManagerProtocolServerSideTranslatorPB.submitRequest(OzoneManagerProtocolServerSideTranslatorPB.java:148) [ozone-manager-1.4.0-SNAPSHOT.jar:?]
	at org.apache.hadoop.ozone.protocol.proto.OzoneManagerProtocolProtos$OzoneManagerService$2.callBlockingMethod(OzoneManagerProtocolProtos.java) [ozone-interface-client-1.4.0-SNAPSHOT.jar:?]
	at org.apache.hadoop.ipc.ProtobufRpcEngine$Server.processCall(ProtobufRpcEngine.java:484) [hadoop-common-3.3.6.jar:?]
	at org.apache.hadoop.ipc.ProtobufRpcEngine2$Server$ProtoBufRpcInvoker.call(ProtobufRpcEngine2.java:595) [hadoop-common-3.3.6.jar:?]
	at org.apache.hadoop.ipc.ProtobufRpcEngine2$Server$ProtoBufRpcInvoker.call(ProtobufRpcEngine2.java:573) [hadoop-common-3.3.6.jar:?]
	at org.apache.hadoop.ipc.RPC$Server.call(RPC.java:1227) [hadoop-common-3.3.6.jar:?]
	at org.apache.hadoop.ipc.Server$RpcCall.run(Server.java:1094) [hadoop-common-3.3.6.jar:?]
	at org.apache.hadoop.ipc.Server$RpcCall.run(Server.java:1017) [hadoop-common-3.3.6.jar:?]
	at java.security.AccessController.doPrivileged(Native Method) ~[?:1.8.0_382]
	at javax.security.auth.Subject.doAs(Subject.java:422) [?:1.8.0_382]
	at org.apache.hadoop.security.UserGroupInformation.doAs(UserGroupInformation.java:1899) [hadoop-common-3.3.6.jar:?]
	at org.apache.hadoop.ipc.Server$Handler.run(Server.java:3048) [hadoop-common-3.3.6.jar:?]
04:50:32.010 [IPC Server handler 0 on default port 15057] ERROR OMAudit - user=runner | ip=127.0.0.1 | op=GET_FILE_STATUS {volume=volume43692, bucket=bucket46966, key=level0/level2/level2/file1, dataSize=0, replicationConfig=null} | ret=FAILURE
org.apache.hadoop.ozone.om.exceptions.OMException: Unable to get file status: volume: volume43692 bucket: bucket46966 key: level0/level2/level2/file1
	at org.apache.hadoop.ozone.om.KeyManagerImpl.getOzoneFileStatus(KeyManagerImpl.java:1195) ~[ozone-manager-1.4.0-SNAPSHOT.jar:?]
	at org.apache.hadoop.ozone.om.KeyManagerImpl.getFileStatus(KeyManagerImpl.java:1113) ~[ozone-manager-1.4.0-SNAPSHOT.jar:?]
	at org.apache.hadoop.ozone.om.OmMetadataReader.getFileStatus(OmMetadataReader.java:262) ~[ozone-manager-1.4.0-SNAPSHOT.jar:?]
	at org.apache.hadoop.ozone.om.OzoneManager.getFileStatus(OzoneManager.java:3530) ~[ozone-manager-1.4.0-SNAPSHOT.jar:?]
	at org.apache.hadoop.ozone.protocolPB.OzoneManagerRequestHandler.getOzoneFileStatus(OzoneManagerRequestHandler.java:971) ~[ozone-manager-1.4.0-SNAPSHOT.jar:?]
	at org.apache.hadoop.ozone.protocolPB.OzoneManagerRequestHandler.handleReadRequest(OzoneManagerRequestHandler.java:250) ~[ozone-manager-1.4.0-SNAPSHOT.jar:?]
	at org.apache.hadoop.ozone.protocolPB.OzoneManagerProtocolServerSideTranslatorPB.submitRequestDirectlyToOM(OzoneManagerProtocolServerSideTranslatorPB.java:274) ~[ozone-manager-1.4.0-SNAPSHOT.jar:?]
	at org.apache.hadoop.ozone.protocolPB.OzoneManagerProtocolServerSideTranslatorPB.processRequest(OzoneManagerProtocolServerSideTranslatorPB.java:175) ~[ozone-manager-1.4.0-SNAPSHOT.jar:?]
	at org.apache.hadoop.hdds.server.OzoneProtocolMessageDispatcher.processRequest(OzoneProtocolMessageDispatcher.java:87) [hdds-server-framework-1.4.0-SNAPSHOT.jar:?]
	at org.apache.hadoop.ozone.protocolPB.OzoneManagerProtocolServerSideTranslatorPB.submitRequest(OzoneManagerProtocolServerSideTranslatorPB.java:148) [ozone-manager-1.4.0-SNAPSHOT.jar:?]
	at org.apache.hadoop.ozone.protocol.proto.OzoneManagerProtocolProtos$OzoneManagerService$2.callBlockingMethod(OzoneManagerProtocolProtos.java) [ozone-interface-client-1.4.0-SNAPSHOT.jar:?]
	at org.apache.hadoop.ipc.ProtobufRpcEngine$Server.processCall(ProtobufRpcEngine.java:484) [hadoop-common-3.3.6.jar:?]
	at org.apache.hadoop.ipc.ProtobufRpcEngine2$Server$ProtoBufRpcInvoker.call(ProtobufRpcEngine2.java:595) [hadoop-common-3.3.6.jar:?]
	at org.apache.hadoop.ipc.ProtobufRpcEngine2$Server$ProtoBufRpcInvoker.call(ProtobufRpcEngine2.java:573) [hadoop-common-3.3.6.jar:?]
	at org.apache.hadoop.ipc.RPC$Server.call(RPC.java:1227) [hadoop-common-3.3.6.jar:?]
	at org.apache.hadoop.ipc.Server$RpcCall.run(Server.java:1094) [hadoop-common-3.3.6.jar:?]
	at org.apache.hadoop.ipc.Server$RpcCall.run(Server.java:1017) [hadoop-common-3.3.6.jar:?]
	at java.security.AccessController.doPrivileged(Native Method) ~[?:1.8.0_382]
	at javax.security.auth.Subject.doAs(Subject.java:422) [?:1.8.0_382]
	at org.apache.hadoop.security.UserGroupInformation.doAs(UserGroupInformation.java:1899) [hadoop-common-3.3.6.jar:?]
	at org.apache.hadoop.ipc.Server$Handler.run(Server.java:3048) [hadoop-common-3.3.6.jar:?]
04:50:32.012 [IPC Server handler 9 on default port 15057] ERROR OMAudit - user=runner | ip=127.0.0.1 | op=GET_FILE_STATUS {volume=volume43692, bucket=bucket46966, key=level0/level3, dataSize=0, replicationConfig=null} | ret=FAILURE
org.apache.hadoop.ozone.om.exceptions.OMException: Unable to get file status: volume: volume43692 bucket: bucket46966 key: level0/level3
	at org.apache.hadoop.ozone.om.KeyManagerImpl.getOzoneFileStatus(KeyManagerImpl.java:1195) ~[ozone-manager-1.4.0-SNAPSHOT.jar:?]
	at org.apache.hadoop.ozone.om.KeyManagerImpl.getFileStatus(KeyManagerImpl.java:1113) ~[ozone-manager-1.4.0-SNAPSHOT.jar:?]
	at org.apache.hadoop.ozone.om.OmMetadataReader.getFileStatus(OmMetadataReader.java:262) ~[ozone-manager-1.4.0-SNAPSHOT.jar:?]
	at org.apache.hadoop.ozone.om.OzoneManager.getFileStatus(OzoneManager.java:3530) ~[ozone-manager-1.4.0-SNAPSHOT.jar:?]
	at org.apache.hadoop.ozone.protocolPB.OzoneManagerRequestHandler.getOzoneFileStatus(OzoneManagerRequestHandler.java:971) ~[ozone-manager-1.4.0-SNAPSHOT.jar:?]
	at org.apache.hadoop.ozone.protocolPB.OzoneManagerRequestHandler.handleReadRequest(OzoneManagerRequestHandler.java:250) ~[ozone-manager-1.4.0-SNAPSHOT.jar:?]
	at org.apache.hadoop.ozone.protocolPB.OzoneManagerProtocolServerSideTranslatorPB.submitRequestDirectlyToOM(OzoneManagerProtocolServerSideTranslatorPB.java:274) ~[ozone-manager-1.4.0-SNAPSHOT.jar:?]
	at org.apache.hadoop.ozone.protocolPB.OzoneManagerProtocolServerSideTranslatorPB.processRequest(OzoneManagerProtocolServerSideTranslatorPB.java:175) ~[ozone-manager-1.4.0-SNAPSHOT.jar:?]
	at org.apache.hadoop.hdds.server.OzoneProtocolMessageDispatcher.processRequest(OzoneProtocolMessageDispatcher.java:87) [hdds-server-framework-1.4.0-SNAPSHOT.jar:?]
	at org.apache.hadoop.ozone.protocolPB.OzoneManagerProtocolServerSideTranslatorPB.submitRequest(OzoneManagerProtocolServerSideTranslatorPB.java:148) [ozone-manager-1.4.0-SNAPSHOT.jar:?]
	at org.apache.hadoop.ozone.protocol.proto.OzoneManagerProtocolProtos$OzoneManagerService$2.callBlockingMethod(OzoneManagerProtocolProtos.java) [ozone-interface-client-1.4.0-SNAPSHOT.jar:?]
	at org.apache.hadoop.ipc.ProtobufRpcEngine$Server.processCall(ProtobufRpcEngine.java:484) [hadoop-common-3.3.6.jar:?]
	at org.apache.hadoop.ipc.ProtobufRpcEngine2$Server$ProtoBufRpcInvoker.call(ProtobufRpcEngine2.java:595) [hadoop-common-3.3.6.jar:?]
	at org.apache.hadoop.ipc.ProtobufRpcEngine2$Server$ProtoBufRpcInvoker.call(ProtobufRpcEngine2.java:573) [hadoop-common-3.3.6.jar:?]
	at org.apache.hadoop.ipc.RPC$Server.call(RPC.java:1227) [hadoop-common-3.3.6.jar:?]
	at org.apache.hadoop.ipc.Server$RpcCall.run(Server.java:1094) [hadoop-common-3.3.6.jar:?]
	at org.apache.hadoop.ipc.Server$RpcCall.run(Server.java:1017) [hadoop-common-3.3.6.jar:?]
	at java.security.AccessController.doPrivileged(Native Method) ~[?:1.8.0_382]
	at javax.security.auth.Subject.doAs(Subject.java:422) [?:1.8.0_382]
	at org.apache.hadoop.security.UserGroupInformation.doAs(UserGroupInformation.java:1899) [hadoop-common-3.3.6.jar:?]
	at org.apache.hadoop.ipc.Server$Handler.run(Server.java:3048) [hadoop-common-3.3.6.jar:?]
04:50:32.015 [IPC Server handler 18 on default port 15057] ERROR OMAudit - user=runner | ip=127.0.0.1 | op=GET_FILE_STATUS {volume=volume43692, bucket=bucket46966, key=level0/level3/level3, dataSize=0, replicationConfig=null} | ret=FAILURE
org.apache.hadoop.ozone.om.exceptions.OMException: Unable to get file status: volume: volume43692 bucket: bucket46966 key: level0/level3/level3
	at org.apache.hadoop.ozone.om.KeyManagerImpl.getOzoneFileStatus(KeyManagerImpl.java:1195) ~[ozone-manager-1.4.0-SNAPSHOT.jar:?]
	at org.apache.hadoop.ozone.om.KeyManagerImpl.getFileStatus(KeyManagerImpl.java:1113) ~[ozone-manager-1.4.0-SNAPSHOT.jar:?]
	at org.apache.hadoop.ozone.om.OmMetadataReader.getFileStatus(OmMetadataReader.java:262) ~[ozone-manager-1.4.0-SNAPSHOT.jar:?]
	at org.apache.hadoop.ozone.om.OzoneManager.getFileStatus(OzoneManager.java:3530) ~[ozone-manager-1.4.0-SNAPSHOT.jar:?]
	at org.apache.hadoop.ozone.protocolPB.OzoneManagerRequestHandler.getOzoneFileStatus(OzoneManagerRequestHandler.java:971) ~[ozone-manager-1.4.0-SNAPSHOT.jar:?]
	at org.apache.hadoop.ozone.protocolPB.OzoneManagerRequestHandler.handleReadRequest(OzoneManagerRequestHandler.java:250) ~[ozone-manager-1.4.0-SNAPSHOT.jar:?]
	at org.apache.hadoop.ozone.protocolPB.OzoneManagerProtocolServerSideTranslatorPB.submitRequestDirectlyToOM(OzoneManagerProtocolServerSideTranslatorPB.java:274) ~[ozone-manager-1.4.0-SNAPSHOT.jar:?]
	at org.apache.hadoop.ozone.protocolPB.OzoneManagerProtocolServerSideTranslatorPB.processRequest(OzoneManagerProtocolServerSideTranslatorPB.java:175) ~[ozone-manager-1.4.0-SNAPSHOT.jar:?]
	at org.apache.hadoop.hdds.server.OzoneProtocolMessageDispatcher.processRequest(OzoneProtocolMessageDispatcher.java:87) [hdds-server-framework-1.4.0-SNAPSHOT.jar:?]
	at org.apache.hadoop.ozone.protocolPB.OzoneManagerProtocolServerSideTranslatorPB.submitRequest(OzoneManagerProtocolServerSideTranslatorPB.java:148) [ozone-manager-1.4.0-SNAPSHOT.jar:?]
	at org.apache.hadoop.ozone.protocol.proto.OzoneManagerProtocolProtos$OzoneManagerService$2.callBlockingMethod(OzoneManagerProtocolProtos.java) [ozone-interface-client-1.4.0-SNAPSHOT.jar:?]
	at org.apache.hadoop.ipc.ProtobufRpcEngine$Server.processCall(ProtobufRpcEngine.java:484) [hadoop-common-3.3.6.jar:?]
	at org.apache.hadoop.ipc.ProtobufRpcEngine2$Server$ProtoBufRpcInvoker.call(ProtobufRpcEngine2.java:595) [hadoop-common-3.3.6.jar:?]
	at org.apache.hadoop.ipc.ProtobufRpcEngine2$Server$ProtoBufRpcInvoker.call(ProtobufRpcEngine2.java:573) [hadoop-common-3.3.6.jar:?]
	at org.apache.hadoop.ipc.RPC$Server.call(RPC.java:1227) [hadoop-common-3.3.6.jar:?]
	at org.apache.hadoop.ipc.Server$RpcCall.run(Server.java:1094) [hadoop-common-3.3.6.jar:?]
	at org.apache.hadoop.ipc.Server$RpcCall.run(Server.java:1017) [hadoop-common-3.3.6.jar:?]
	at java.security.AccessController.doPrivileged(Native Method) ~[?:1.8.0_382]
	at javax.security.auth.Subject.doAs(Subject.java:422) [?:1.8.0_382]
	at org.apache.hadoop.security.UserGroupInformation.doAs(UserGroupInformation.java:1899) [hadoop-common-3.3.6.jar:?]
	at org.apache.hadoop.ipc.Server$Handler.run(Server.java:3048) [hadoop-common-3.3.6.jar:?]
04:50:32.016 [IPC Server handler 15 on default port 15057] ERROR OMAudit - user=runner | ip=127.0.0.1 | op=GET_FILE_STATUS {volume=volume43692, bucket=bucket46966, key=level0/level3/file1, dataSize=0, replicationConfig=null} | ret=FAILURE
org.apache.hadoop.ozone.om.exceptions.OMException: Unable to get file status: volume: volume43692 bucket: bucket46966 key: level0/level3/file1
	at org.apache.hadoop.ozone.om.KeyManagerImpl.getOzoneFileStatus(KeyManagerImpl.java:1195) ~[ozone-manager-1.4.0-SNAPSHOT.jar:?]
	at org.apache.hadoop.ozone.om.KeyManagerImpl.getFileStatus(KeyManagerImpl.java:1113) ~[ozone-manager-1.4.0-SNAPSHOT.jar:?]
	at org.apache.hadoop.ozone.om.OmMetadataReader.getFileStatus(OmMetadataReader.java:262) ~[ozone-manager-1.4.0-SNAPSHOT.jar:?]
	at org.apache.hadoop.ozone.om.OzoneManager.getFileStatus(OzoneManager.java:3530) ~[ozone-manager-1.4.0-SNAPSHOT.jar:?]
	at org.apache.hadoop.ozone.protocolPB.OzoneManagerRequestHandler.getOzoneFileStatus(OzoneManagerRequestHandler.java:971) ~[ozone-manager-1.4.0-SNAPSHOT.jar:?]
	at org.apache.hadoop.ozone.protocolPB.OzoneManagerRequestHandler.handleReadRequest(OzoneManagerRequestHandler.java:250) ~[ozone-manager-1.4.0-SNAPSHOT.jar:?]
	at org.apache.hadoop.ozone.protocolPB.OzoneManagerProtocolServerSideTranslatorPB.submitRequestDirectlyToOM(OzoneManagerProtocolServerSideTranslatorPB.java:274) ~[ozone-manager-1.4.0-SNAPSHOT.jar:?]
	at org.apache.hadoop.ozone.protocolPB.OzoneManagerProtocolServerSideTranslatorPB.processRequest(OzoneManagerProtocolServerSideTranslatorPB.java:175) ~[ozone-manager-1.4.0-SNAPSHOT.jar:?]
	at org.apache.hadoop.hdds.server.OzoneProtocolMessageDispatcher.processRequest(OzoneProtocolMessageDispatcher.java:87) [hdds-server-framework-1.4.0-SNAPSHOT.jar:?]
	at org.apache.hadoop.ozone.protocolPB.OzoneManagerProtocolServerSideTranslatorPB.submitRequest(OzoneManagerProtocolServerSideTranslatorPB.java:148) [ozone-manager-1.4.0-SNAPSHOT.jar:?]
	at org.apache.hadoop.ozone.protocol.proto.OzoneManagerProtocolProtos$OzoneManagerService$2.callBlockingMethod(OzoneManagerProtocolProtos.java) [ozone-interface-client-1.4.0-SNAPSHOT.jar:?]
	at org.apache.hadoop.ipc.ProtobufRpcEngine$Server.processCall(ProtobufRpcEngine.java:484) [hadoop-common-3.3.6.jar:?]
	at org.apache.hadoop.ipc.ProtobufRpcEngine2$Server$ProtoBufRpcInvoker.call(ProtobufRpcEngine2.java:595) [hadoop-common-3.3.6.jar:?]
	at org.apache.hadoop.ipc.ProtobufRpcEngine2$Server$ProtoBufRpcInvoker.call(ProtobufRpcEngine2.java:573) [hadoop-common-3.3.6.jar:?]
	at org.apache.hadoop.ipc.RPC$Server.call(RPC.java:1227) [hadoop-common-3.3.6.jar:?]
	at org.apache.hadoop.ipc.Server$RpcCall.run(Server.java:1094) [hadoop-common-3.3.6.jar:?]
	at org.apache.hadoop.ipc.Server$RpcCall.run(Server.java:1017) [hadoop-common-3.3.6.jar:?]
	at java.security.AccessController.doPrivileged(Native Method) ~[?:1.8.0_382]
	at javax.security.auth.Subject.doAs(Subject.java:422) [?:1.8.0_382]
	at org.apache.hadoop.security.UserGroupInformation.doAs(UserGroupInformation.java:1899) [hadoop-common-3.3.6.jar:?]
	at org.apache.hadoop.ipc.Server$Handler.run(Server.java:3048) [hadoop-common-3.3.6.jar:?]
04:50:32.019 [IPC Server handler 1 on default port 15057] ERROR OMAudit - user=runner | ip=127.0.0.1 | op=GET_FILE_STATUS {volume=volume43692, bucket=bucket46966, key=level0/level3/level3/file1, dataSize=0, replicationConfig=null} | ret=FAILURE
org.apache.hadoop.ozone.om.exceptions.OMException: Unable to get file status: volume: volume43692 bucket: bucket46966 key: level0/level3/level3/file1
	at org.apache.hadoop.ozone.om.KeyManagerImpl.getOzoneFileStatus(KeyManagerImpl.java:1195) ~[ozone-manager-1.4.0-SNAPSHOT.jar:?]
	at org.apache.hadoop.ozone.om.KeyManagerImpl.getFileStatus(KeyManagerImpl.java:1113) ~[ozone-manager-1.4.0-SNAPSHOT.jar:?]
	at org.apache.hadoop.ozone.om.OmMetadataReader.getFileStatus(OmMetadataReader.java:262) ~[ozone-manager-1.4.0-SNAPSHOT.jar:?]
	at org.apache.hadoop.ozone.om.OzoneManager.getFileStatus(OzoneManager.java:3530) ~[ozone-manager-1.4.0-SNAPSHOT.jar:?]
	at org.apache.hadoop.ozone.protocolPB.OzoneManagerRequestHandler.getOzoneFileStatus(OzoneManagerRequestHandler.java:971) ~[ozone-manager-1.4.0-SNAPSHOT.jar:?]
	at org.apache.hadoop.ozone.protocolPB.OzoneManagerRequestHandler.handleReadRequest(OzoneManagerRequestHandler.java:250) ~[ozone-manager-1.4.0-SNAPSHOT.jar:?]
	at org.apache.hadoop.ozone.protocolPB.OzoneManagerProtocolServerSideTranslatorPB.submitRequestDirectlyToOM(OzoneManagerProtocolServerSideTranslatorPB.java:274) ~[ozone-manager-1.4.0-SNAPSHOT.jar:?]
	at org.apache.hadoop.ozone.protocolPB.OzoneManagerProtocolServerSideTranslatorPB.processRequest(OzoneManagerProtocolServerSideTranslatorPB.java:175) ~[ozone-manager-1.4.0-SNAPSHOT.jar:?]
	at org.apache.hadoop.hdds.server.OzoneProtocolMessageDispatcher.processRequest(OzoneProtocolMessageDispatcher.java:87) [hdds-server-framework-1.4.0-SNAPSHOT.jar:?]
	at org.apache.hadoop.ozone.protocolPB.OzoneManagerProtocolServerSideTranslatorPB.submitRequest(OzoneManagerProtocolServerSideTranslatorPB.java:148) [ozone-manager-1.4.0-SNAPSHOT.jar:?]
	at org.apache.hadoop.ozone.protocol.proto.OzoneManagerProtocolProtos$OzoneManagerService$2.callBlockingMethod(OzoneManagerProtocolProtos.java) [ozone-interface-client-1.4.0-SNAPSHOT.jar:?]
	at org.apache.hadoop.ipc.ProtobufRpcEngine$Server.processCall(ProtobufRpcEngine.java:484) [hadoop-common-3.3.6.jar:?]
	at org.apache.hadoop.ipc.ProtobufRpcEngine2$Server$ProtoBufRpcInvoker.call(ProtobufRpcEngine2.java:595) [hadoop-common-3.3.6.jar:?]
	at org.apache.hadoop.ipc.ProtobufRpcEngine2$Server$ProtoBufRpcInvoker.call(ProtobufRpcEngine2.java:573) [hadoop-common-3.3.6.jar:?]
	at org.apache.hadoop.ipc.RPC$Server.call(RPC.java:1227) [hadoop-common-3.3.6.jar:?]
	at org.apache.hadoop.ipc.Server$RpcCall.run(Server.java:1094) [hadoop-common-3.3.6.jar:?]
	at org.apache.hadoop.ipc.Server$RpcCall.run(Server.java:1017) [hadoop-common-3.3.6.jar:?]
	at java.security.AccessController.doPrivileged(Native Method) ~[?:1.8.0_382]
	at javax.security.auth.Subject.doAs(Subject.java:422) [?:1.8.0_382]
	at org.apache.hadoop.security.UserGroupInformation.doAs(UserGroupInformation.java:1899) [hadoop-common-3.3.6.jar:?]
	at org.apache.hadoop.ipc.Server$Handler.run(Server.java:3048) [hadoop-common-3.3.6.jar:?]
]]></system-out>
  </testcase>
  <testcase name="testRecursiveDelete" classname="TestOzoneFileSystem" time="0.271">
    <system-out><![CDATA[04:51:58.884 [IPC Server handler 0 on default port 15110] ERROR OMAudit - user=runner | ip=127.0.0.1 | op=GET_FILE_STATUS {volume=volume87246, bucket=bucket72820, key=gdir1, dataSize=0, replicationConfig=null} | ret=FAILURE
org.apache.hadoop.ozone.om.exceptions.OMException: Unable to get file status: volume: volume87246 bucket: bucket72820 key: gdir1
	at org.apache.hadoop.ozone.om.KeyManagerImpl.getOzoneFileStatus(KeyManagerImpl.java:1195) ~[ozone-manager-1.4.0-SNAPSHOT.jar:?]
	at org.apache.hadoop.ozone.om.KeyManagerImpl.getFileStatus(KeyManagerImpl.java:1113) ~[ozone-manager-1.4.0-SNAPSHOT.jar:?]
	at org.apache.hadoop.ozone.om.OmMetadataReader.getFileStatus(OmMetadataReader.java:262) ~[ozone-manager-1.4.0-SNAPSHOT.jar:?]
	at org.apache.hadoop.ozone.om.OzoneManager.getFileStatus(OzoneManager.java:3530) ~[ozone-manager-1.4.0-SNAPSHOT.jar:?]
	at org.apache.hadoop.ozone.protocolPB.OzoneManagerRequestHandler.getOzoneFileStatus(OzoneManagerRequestHandler.java:971) ~[ozone-manager-1.4.0-SNAPSHOT.jar:?]
	at org.apache.hadoop.ozone.protocolPB.OzoneManagerRequestHandler.handleReadRequest(OzoneManagerRequestHandler.java:250) ~[ozone-manager-1.4.0-SNAPSHOT.jar:?]
	at org.apache.hadoop.ozone.protocolPB.OzoneManagerProtocolServerSideTranslatorPB.submitReadRequestToOM(OzoneManagerProtocolServerSideTranslatorPB.java:225) ~[ozone-manager-1.4.0-SNAPSHOT.jar:?]
	at org.apache.hadoop.ozone.protocolPB.OzoneManagerProtocolServerSideTranslatorPB.processRequest(OzoneManagerProtocolServerSideTranslatorPB.java:179) ~[ozone-manager-1.4.0-SNAPSHOT.jar:?]
	at org.apache.hadoop.hdds.server.OzoneProtocolMessageDispatcher.processRequest(OzoneProtocolMessageDispatcher.java:87) [hdds-server-framework-1.4.0-SNAPSHOT.jar:?]
	at org.apache.hadoop.ozone.protocolPB.OzoneManagerProtocolServerSideTranslatorPB.submitRequest(OzoneManagerProtocolServerSideTranslatorPB.java:148) [ozone-manager-1.4.0-SNAPSHOT.jar:?]
	at org.apache.hadoop.ozone.protocol.proto.OzoneManagerProtocolProtos$OzoneManagerService$2.callBlockingMethod(OzoneManagerProtocolProtos.java) [ozone-interface-client-1.4.0-SNAPSHOT.jar:?]
	at org.apache.hadoop.ipc.ProtobufRpcEngine$Server.processCall(ProtobufRpcEngine.java:484) [hadoop-common-3.3.6.jar:?]
	at org.apache.hadoop.ipc.ProtobufRpcEngine2$Server$ProtoBufRpcInvoker.call(ProtobufRpcEngine2.java:595) [hadoop-common-3.3.6.jar:?]
	at org.apache.hadoop.ipc.ProtobufRpcEngine2$Server$ProtoBufRpcInvoker.call(ProtobufRpcEngine2.java:573) [hadoop-common-3.3.6.jar:?]
	at org.apache.hadoop.ipc.RPC$Server.call(RPC.java:1227) [hadoop-common-3.3.6.jar:?]
	at org.apache.hadoop.ipc.Server$RpcCall.run(Server.java:1094) [hadoop-common-3.3.6.jar:?]
	at org.apache.hadoop.ipc.Server$RpcCall.run(Server.java:1017) [hadoop-common-3.3.6.jar:?]
	at java.security.AccessController.doPrivileged(Native Method) ~[?:1.8.0_382]
	at javax.security.auth.Subject.doAs(Subject.java:422) [?:1.8.0_382]
	at org.apache.hadoop.security.UserGroupInformation.doAs(UserGroupInformation.java:1899) [hadoop-common-3.3.6.jar:?]
	at org.apache.hadoop.ipc.Server$Handler.run(Server.java:3048) [hadoop-common-3.3.6.jar:?]
04:51:58.885 [IPC Server handler 1 on default port 15110] ERROR OMAudit - user=runner | ip=127.0.0.1 | op=GET_FILE_STATUS {volume=volume87246, bucket=bucket72820, key=gdir1/dir1, dataSize=0, replicationConfig=null} | ret=FAILURE
org.apache.hadoop.ozone.om.exceptions.OMException: Unable to get file status: volume: volume87246 bucket: bucket72820 key: gdir1/dir1
	at org.apache.hadoop.ozone.om.KeyManagerImpl.getOzoneFileStatus(KeyManagerImpl.java:1195) ~[ozone-manager-1.4.0-SNAPSHOT.jar:?]
	at org.apache.hadoop.ozone.om.KeyManagerImpl.getFileStatus(KeyManagerImpl.java:1113) ~[ozone-manager-1.4.0-SNAPSHOT.jar:?]
	at org.apache.hadoop.ozone.om.OmMetadataReader.getFileStatus(OmMetadataReader.java:262) ~[ozone-manager-1.4.0-SNAPSHOT.jar:?]
	at org.apache.hadoop.ozone.om.OzoneManager.getFileStatus(OzoneManager.java:3530) ~[ozone-manager-1.4.0-SNAPSHOT.jar:?]
	at org.apache.hadoop.ozone.protocolPB.OzoneManagerRequestHandler.getOzoneFileStatus(OzoneManagerRequestHandler.java:971) ~[ozone-manager-1.4.0-SNAPSHOT.jar:?]
	at org.apache.hadoop.ozone.protocolPB.OzoneManagerRequestHandler.handleReadRequest(OzoneManagerRequestHandler.java:250) ~[ozone-manager-1.4.0-SNAPSHOT.jar:?]
	at org.apache.hadoop.ozone.protocolPB.OzoneManagerProtocolServerSideTranslatorPB.submitReadRequestToOM(OzoneManagerProtocolServerSideTranslatorPB.java:225) ~[ozone-manager-1.4.0-SNAPSHOT.jar:?]
	at org.apache.hadoop.ozone.protocolPB.OzoneManagerProtocolServerSideTranslatorPB.processRequest(OzoneManagerProtocolServerSideTranslatorPB.java:179) ~[ozone-manager-1.4.0-SNAPSHOT.jar:?]
	at org.apache.hadoop.hdds.server.OzoneProtocolMessageDispatcher.processRequest(OzoneProtocolMessageDispatcher.java:87) [hdds-server-framework-1.4.0-SNAPSHOT.jar:?]
	at org.apache.hadoop.ozone.protocolPB.OzoneManagerProtocolServerSideTranslatorPB.submitRequest(OzoneManagerProtocolServerSideTranslatorPB.java:148) [ozone-manager-1.4.0-SNAPSHOT.jar:?]
	at org.apache.hadoop.ozone.protocol.proto.OzoneManagerProtocolProtos$OzoneManagerService$2.callBlockingMethod(OzoneManagerProtocolProtos.java) [ozone-interface-client-1.4.0-SNAPSHOT.jar:?]
	at org.apache.hadoop.ipc.ProtobufRpcEngine$Server.processCall(ProtobufRpcEngine.java:484) [hadoop-common-3.3.6.jar:?]
	at org.apache.hadoop.ipc.ProtobufRpcEngine2$Server$ProtoBufRpcInvoker.call(ProtobufRpcEngine2.java:595) [hadoop-common-3.3.6.jar:?]
	at org.apache.hadoop.ipc.ProtobufRpcEngine2$Server$ProtoBufRpcInvoker.call(ProtobufRpcEngine2.java:573) [hadoop-common-3.3.6.jar:?]
	at org.apache.hadoop.ipc.RPC$Server.call(RPC.java:1227) [hadoop-common-3.3.6.jar:?]
	at org.apache.hadoop.ipc.Server$RpcCall.run(Server.java:1094) [hadoop-common-3.3.6.jar:?]
	at org.apache.hadoop.ipc.Server$RpcCall.run(Server.java:1017) [hadoop-common-3.3.6.jar:?]
	at java.security.AccessController.doPrivileged(Native Method) ~[?:1.8.0_382]
	at javax.security.auth.Subject.doAs(Subject.java:422) [?:1.8.0_382]
	at org.apache.hadoop.security.UserGroupInformation.doAs(UserGroupInformation.java:1899) [hadoop-common-3.3.6.jar:?]
	at org.apache.hadoop.ipc.Server$Handler.run(Server.java:3048) [hadoop-common-3.3.6.jar:?]
04:51:58.886 [IPC Server handler 2 on default port 15110] ERROR OMAudit - user=runner | ip=127.0.0.1 | op=GET_FILE_STATUS {volume=volume87246, bucket=bucket72820, key=gdir1/dir1/child, dataSize=0, replicationConfig=null} | ret=FAILURE
org.apache.hadoop.ozone.om.exceptions.OMException: Unable to get file status: volume: volume87246 bucket: bucket72820 key: gdir1/dir1/child
	at org.apache.hadoop.ozone.om.KeyManagerImpl.getOzoneFileStatus(KeyManagerImpl.java:1195) ~[ozone-manager-1.4.0-SNAPSHOT.jar:?]
	at org.apache.hadoop.ozone.om.KeyManagerImpl.getFileStatus(KeyManagerImpl.java:1113) ~[ozone-manager-1.4.0-SNAPSHOT.jar:?]
	at org.apache.hadoop.ozone.om.OmMetadataReader.getFileStatus(OmMetadataReader.java:262) ~[ozone-manager-1.4.0-SNAPSHOT.jar:?]
	at org.apache.hadoop.ozone.om.OzoneManager.getFileStatus(OzoneManager.java:3530) ~[ozone-manager-1.4.0-SNAPSHOT.jar:?]
	at org.apache.hadoop.ozone.protocolPB.OzoneManagerRequestHandler.getOzoneFileStatus(OzoneManagerRequestHandler.java:971) ~[ozone-manager-1.4.0-SNAPSHOT.jar:?]
	at org.apache.hadoop.ozone.protocolPB.OzoneManagerRequestHandler.handleReadRequest(OzoneManagerRequestHandler.java:250) ~[ozone-manager-1.4.0-SNAPSHOT.jar:?]
	at org.apache.hadoop.ozone.protocolPB.OzoneManagerProtocolServerSideTranslatorPB.submitReadRequestToOM(OzoneManagerProtocolServerSideTranslatorPB.java:225) ~[ozone-manager-1.4.0-SNAPSHOT.jar:?]
	at org.apache.hadoop.ozone.protocolPB.OzoneManagerProtocolServerSideTranslatorPB.processRequest(OzoneManagerProtocolServerSideTranslatorPB.java:179) ~[ozone-manager-1.4.0-SNAPSHOT.jar:?]
	at org.apache.hadoop.hdds.server.OzoneProtocolMessageDispatcher.processRequest(OzoneProtocolMessageDispatcher.java:87) [hdds-server-framework-1.4.0-SNAPSHOT.jar:?]
	at org.apache.hadoop.ozone.protocolPB.OzoneManagerProtocolServerSideTranslatorPB.submitRequest(OzoneManagerProtocolServerSideTranslatorPB.java:148) [ozone-manager-1.4.0-SNAPSHOT.jar:?]
	at org.apache.hadoop.ozone.protocol.proto.OzoneManagerProtocolProtos$OzoneManagerService$2.callBlockingMethod(OzoneManagerProtocolProtos.java) [ozone-interface-client-1.4.0-SNAPSHOT.jar:?]
	at org.apache.hadoop.ipc.ProtobufRpcEngine$Server.processCall(ProtobufRpcEngine.java:484) [hadoop-common-3.3.6.jar:?]
	at org.apache.hadoop.ipc.ProtobufRpcEngine2$Server$ProtoBufRpcInvoker.call(ProtobufRpcEngine2.java:595) [hadoop-common-3.3.6.jar:?]
	at org.apache.hadoop.ipc.ProtobufRpcEngine2$Server$ProtoBufRpcInvoker.call(ProtobufRpcEngine2.java:573) [hadoop-common-3.3.6.jar:?]
	at org.apache.hadoop.ipc.RPC$Server.call(RPC.java:1227) [hadoop-common-3.3.6.jar:?]
	at org.apache.hadoop.ipc.Server$RpcCall.run(Server.java:1094) [hadoop-common-3.3.6.jar:?]
	at org.apache.hadoop.ipc.Server$RpcCall.run(Server.java:1017) [hadoop-common-3.3.6.jar:?]
	at java.security.AccessController.doPrivileged(Native Method) ~[?:1.8.0_382]
	at javax.security.auth.Subject.doAs(Subject.java:422) [?:1.8.0_382]
	at org.apache.hadoop.security.UserGroupInformation.doAs(UserGroupInformation.java:1899) [hadoop-common-3.3.6.jar:?]
	at org.apache.hadoop.ipc.Server$Handler.run(Server.java:3048) [hadoop-common-3.3.6.jar:?]
04:51:58.887 [IPC Server handler 4 on default port 15110] ERROR OMAudit - user=runner | ip=127.0.0.1 | op=GET_FILE_STATUS {volume=volume87246, bucket=bucket72820, key=gdir1/dir2, dataSize=0, replicationConfig=null} | ret=FAILURE
org.apache.hadoop.ozone.om.exceptions.OMException: Unable to get file status: volume: volume87246 bucket: bucket72820 key: gdir1/dir2
	at org.apache.hadoop.ozone.om.KeyManagerImpl.getOzoneFileStatus(KeyManagerImpl.java:1195) ~[ozone-manager-1.4.0-SNAPSHOT.jar:?]
	at org.apache.hadoop.ozone.om.KeyManagerImpl.getFileStatus(KeyManagerImpl.java:1113) ~[ozone-manager-1.4.0-SNAPSHOT.jar:?]
	at org.apache.hadoop.ozone.om.OmMetadataReader.getFileStatus(OmMetadataReader.java:262) ~[ozone-manager-1.4.0-SNAPSHOT.jar:?]
	at org.apache.hadoop.ozone.om.OzoneManager.getFileStatus(OzoneManager.java:3530) ~[ozone-manager-1.4.0-SNAPSHOT.jar:?]
	at org.apache.hadoop.ozone.protocolPB.OzoneManagerRequestHandler.getOzoneFileStatus(OzoneManagerRequestHandler.java:971) ~[ozone-manager-1.4.0-SNAPSHOT.jar:?]
	at org.apache.hadoop.ozone.protocolPB.OzoneManagerRequestHandler.handleReadRequest(OzoneManagerRequestHandler.java:250) ~[ozone-manager-1.4.0-SNAPSHOT.jar:?]
	at org.apache.hadoop.ozone.protocolPB.OzoneManagerProtocolServerSideTranslatorPB.submitReadRequestToOM(OzoneManagerProtocolServerSideTranslatorPB.java:225) ~[ozone-manager-1.4.0-SNAPSHOT.jar:?]
	at org.apache.hadoop.ozone.protocolPB.OzoneManagerProtocolServerSideTranslatorPB.processRequest(OzoneManagerProtocolServerSideTranslatorPB.java:179) ~[ozone-manager-1.4.0-SNAPSHOT.jar:?]
	at org.apache.hadoop.hdds.server.OzoneProtocolMessageDispatcher.processRequest(OzoneProtocolMessageDispatcher.java:87) [hdds-server-framework-1.4.0-SNAPSHOT.jar:?]
	at org.apache.hadoop.ozone.protocolPB.OzoneManagerProtocolServerSideTranslatorPB.submitRequest(OzoneManagerProtocolServerSideTranslatorPB.java:148) [ozone-manager-1.4.0-SNAPSHOT.jar:?]
	at org.apache.hadoop.ozone.protocol.proto.OzoneManagerProtocolProtos$OzoneManagerService$2.callBlockingMethod(OzoneManagerProtocolProtos.java) [ozone-interface-client-1.4.0-SNAPSHOT.jar:?]
	at org.apache.hadoop.ipc.ProtobufRpcEngine$Server.processCall(ProtobufRpcEngine.java:484) [hadoop-common-3.3.6.jar:?]
	at org.apache.hadoop.ipc.ProtobufRpcEngine2$Server$ProtoBufRpcInvoker.call(ProtobufRpcEngine2.java:595) [hadoop-common-3.3.6.jar:?]
	at org.apache.hadoop.ipc.ProtobufRpcEngine2$Server$ProtoBufRpcInvoker.call(ProtobufRpcEngine2.java:573) [hadoop-common-3.3.6.jar:?]
	at org.apache.hadoop.ipc.RPC$Server.call(RPC.java:1227) [hadoop-common-3.3.6.jar:?]
	at org.apache.hadoop.ipc.Server$RpcCall.run(Server.java:1094) [hadoop-common-3.3.6.jar:?]
	at org.apache.hadoop.ipc.Server$RpcCall.run(Server.java:1017) [hadoop-common-3.3.6.jar:?]
	at java.security.AccessController.doPrivileged(Native Method) ~[?:1.8.0_382]
	at javax.security.auth.Subject.doAs(Subject.java:422) [?:1.8.0_382]
	at org.apache.hadoop.security.UserGroupInformation.doAs(UserGroupInformation.java:1899) [hadoop-common-3.3.6.jar:?]
	at org.apache.hadoop.ipc.Server$Handler.run(Server.java:3048) [hadoop-common-3.3.6.jar:?]
04:51:58.888 [IPC Server handler 3 on default port 15110] ERROR OMAudit - user=runner | ip=127.0.0.1 | op=GET_FILE_STATUS {volume=volume87246, bucket=bucket72820, key=gdir1/dir2/child, dataSize=0, replicationConfig=null} | ret=FAILURE
org.apache.hadoop.ozone.om.exceptions.OMException: Unable to get file status: volume: volume87246 bucket: bucket72820 key: gdir1/dir2/child
	at org.apache.hadoop.ozone.om.KeyManagerImpl.getOzoneFileStatus(KeyManagerImpl.java:1195) ~[ozone-manager-1.4.0-SNAPSHOT.jar:?]
	at org.apache.hadoop.ozone.om.KeyManagerImpl.getFileStatus(KeyManagerImpl.java:1113) ~[ozone-manager-1.4.0-SNAPSHOT.jar:?]
	at org.apache.hadoop.ozone.om.OmMetadataReader.getFileStatus(OmMetadataReader.java:262) ~[ozone-manager-1.4.0-SNAPSHOT.jar:?]
	at org.apache.hadoop.ozone.om.OzoneManager.getFileStatus(OzoneManager.java:3530) ~[ozone-manager-1.4.0-SNAPSHOT.jar:?]
	at org.apache.hadoop.ozone.protocolPB.OzoneManagerRequestHandler.getOzoneFileStatus(OzoneManagerRequestHandler.java:971) ~[ozone-manager-1.4.0-SNAPSHOT.jar:?]
	at org.apache.hadoop.ozone.protocolPB.OzoneManagerRequestHandler.handleReadRequest(OzoneManagerRequestHandler.java:250) ~[ozone-manager-1.4.0-SNAPSHOT.jar:?]
	at org.apache.hadoop.ozone.protocolPB.OzoneManagerProtocolServerSideTranslatorPB.submitReadRequestToOM(OzoneManagerProtocolServerSideTranslatorPB.java:225) ~[ozone-manager-1.4.0-SNAPSHOT.jar:?]
	at org.apache.hadoop.ozone.protocolPB.OzoneManagerProtocolServerSideTranslatorPB.processRequest(OzoneManagerProtocolServerSideTranslatorPB.java:179) ~[ozone-manager-1.4.0-SNAPSHOT.jar:?]
	at org.apache.hadoop.hdds.server.OzoneProtocolMessageDispatcher.processRequest(OzoneProtocolMessageDispatcher.java:87) [hdds-server-framework-1.4.0-SNAPSHOT.jar:?]
	at org.apache.hadoop.ozone.protocolPB.OzoneManagerProtocolServerSideTranslatorPB.submitRequest(OzoneManagerProtocolServerSideTranslatorPB.java:148) [ozone-manager-1.4.0-SNAPSHOT.jar:?]
	at org.apache.hadoop.ozone.protocol.proto.OzoneManagerProtocolProtos$OzoneManagerService$2.callBlockingMethod(OzoneManagerProtocolProtos.java) [ozone-interface-client-1.4.0-SNAPSHOT.jar:?]
	at org.apache.hadoop.ipc.ProtobufRpcEngine$Server.processCall(ProtobufRpcEngine.java:484) [hadoop-common-3.3.6.jar:?]
	at org.apache.hadoop.ipc.ProtobufRpcEngine2$Server$ProtoBufRpcInvoker.call(ProtobufRpcEngine2.java:595) [hadoop-common-3.3.6.jar:?]
	at org.apache.hadoop.ipc.ProtobufRpcEngine2$Server$ProtoBufRpcInvoker.call(ProtobufRpcEngine2.java:573) [hadoop-common-3.3.6.jar:?]
	at org.apache.hadoop.ipc.RPC$Server.call(RPC.java:1227) [hadoop-common-3.3.6.jar:?]
	at org.apache.hadoop.ipc.Server$RpcCall.run(Server.java:1094) [hadoop-common-3.3.6.jar:?]
	at org.apache.hadoop.ipc.Server$RpcCall.run(Server.java:1017) [hadoop-common-3.3.6.jar:?]
	at java.security.AccessController.doPrivileged(Native Method) ~[?:1.8.0_382]
	at javax.security.auth.Subject.doAs(Subject.java:422) [?:1.8.0_382]
	at org.apache.hadoop.security.UserGroupInformation.doAs(UserGroupInformation.java:1899) [hadoop-common-3.3.6.jar:?]
	at org.apache.hadoop.ipc.Server$Handler.run(Server.java:3048) [hadoop-common-3.3.6.jar:?]
04:51:58.890 [IPC Server handler 6 on default port 15110] ERROR OMAudit - user=runner | ip=127.0.0.1 | op=GET_FILE_STATUS {volume=volume87246, bucket=bucket72820, key=gdir1/dir3, dataSize=0, replicationConfig=null} | ret=FAILURE
org.apache.hadoop.ozone.om.exceptions.OMException: Unable to get file status: volume: volume87246 bucket: bucket72820 key: gdir1/dir3
	at org.apache.hadoop.ozone.om.KeyManagerImpl.getOzoneFileStatus(KeyManagerImpl.java:1195) ~[ozone-manager-1.4.0-SNAPSHOT.jar:?]
	at org.apache.hadoop.ozone.om.KeyManagerImpl.getFileStatus(KeyManagerImpl.java:1113) ~[ozone-manager-1.4.0-SNAPSHOT.jar:?]
	at org.apache.hadoop.ozone.om.OmMetadataReader.getFileStatus(OmMetadataReader.java:262) ~[ozone-manager-1.4.0-SNAPSHOT.jar:?]
	at org.apache.hadoop.ozone.om.OzoneManager.getFileStatus(OzoneManager.java:3530) ~[ozone-manager-1.4.0-SNAPSHOT.jar:?]
	at org.apache.hadoop.ozone.protocolPB.OzoneManagerRequestHandler.getOzoneFileStatus(OzoneManagerRequestHandler.java:971) ~[ozone-manager-1.4.0-SNAPSHOT.jar:?]
	at org.apache.hadoop.ozone.protocolPB.OzoneManagerRequestHandler.handleReadRequest(OzoneManagerRequestHandler.java:250) ~[ozone-manager-1.4.0-SNAPSHOT.jar:?]
	at org.apache.hadoop.ozone.protocolPB.OzoneManagerProtocolServerSideTranslatorPB.submitReadRequestToOM(OzoneManagerProtocolServerSideTranslatorPB.java:225) ~[ozone-manager-1.4.0-SNAPSHOT.jar:?]
	at org.apache.hadoop.ozone.protocolPB.OzoneManagerProtocolServerSideTranslatorPB.processRequest(OzoneManagerProtocolServerSideTranslatorPB.java:179) ~[ozone-manager-1.4.0-SNAPSHOT.jar:?]
	at org.apache.hadoop.hdds.server.OzoneProtocolMessageDispatcher.processRequest(OzoneProtocolMessageDispatcher.java:87) [hdds-server-framework-1.4.0-SNAPSHOT.jar:?]
	at org.apache.hadoop.ozone.protocolPB.OzoneManagerProtocolServerSideTranslatorPB.submitRequest(OzoneManagerProtocolServerSideTranslatorPB.java:148) [ozone-manager-1.4.0-SNAPSHOT.jar:?]
	at org.apache.hadoop.ozone.protocol.proto.OzoneManagerProtocolProtos$OzoneManagerService$2.callBlockingMethod(OzoneManagerProtocolProtos.java) [ozone-interface-client-1.4.0-SNAPSHOT.jar:?]
	at org.apache.hadoop.ipc.ProtobufRpcEngine$Server.processCall(ProtobufRpcEngine.java:484) [hadoop-common-3.3.6.jar:?]
	at org.apache.hadoop.ipc.ProtobufRpcEngine2$Server$ProtoBufRpcInvoker.call(ProtobufRpcEngine2.java:595) [hadoop-common-3.3.6.jar:?]
	at org.apache.hadoop.ipc.ProtobufRpcEngine2$Server$ProtoBufRpcInvoker.call(ProtobufRpcEngine2.java:573) [hadoop-common-3.3.6.jar:?]
	at org.apache.hadoop.ipc.RPC$Server.call(RPC.java:1227) [hadoop-common-3.3.6.jar:?]
	at org.apache.hadoop.ipc.Server$RpcCall.run(Server.java:1094) [hadoop-common-3.3.6.jar:?]
	at org.apache.hadoop.ipc.Server$RpcCall.run(Server.java:1017) [hadoop-common-3.3.6.jar:?]
	at java.security.AccessController.doPrivileged(Native Method) ~[?:1.8.0_382]
	at javax.security.auth.Subject.doAs(Subject.java:422) [?:1.8.0_382]
	at org.apache.hadoop.security.UserGroupInformation.doAs(UserGroupInformation.java:1899) [hadoop-common-3.3.6.jar:?]
	at org.apache.hadoop.ipc.Server$Handler.run(Server.java:3048) [hadoop-common-3.3.6.jar:?]
04:51:58.891 [IPC Server handler 5 on default port 15110] ERROR OMAudit - user=runner | ip=127.0.0.1 | op=GET_FILE_STATUS {volume=volume87246, bucket=bucket72820, key=gdir1/dir3/child, dataSize=0, replicationConfig=null} | ret=FAILURE
org.apache.hadoop.ozone.om.exceptions.OMException: Unable to get file status: volume: volume87246 bucket: bucket72820 key: gdir1/dir3/child
	at org.apache.hadoop.ozone.om.KeyManagerImpl.getOzoneFileStatus(KeyManagerImpl.java:1195) ~[ozone-manager-1.4.0-SNAPSHOT.jar:?]
	at org.apache.hadoop.ozone.om.KeyManagerImpl.getFileStatus(KeyManagerImpl.java:1113) ~[ozone-manager-1.4.0-SNAPSHOT.jar:?]
	at org.apache.hadoop.ozone.om.OmMetadataReader.getFileStatus(OmMetadataReader.java:262) ~[ozone-manager-1.4.0-SNAPSHOT.jar:?]
	at org.apache.hadoop.ozone.om.OzoneManager.getFileStatus(OzoneManager.java:3530) ~[ozone-manager-1.4.0-SNAPSHOT.jar:?]
	at org.apache.hadoop.ozone.protocolPB.OzoneManagerRequestHandler.getOzoneFileStatus(OzoneManagerRequestHandler.java:971) ~[ozone-manager-1.4.0-SNAPSHOT.jar:?]
	at org.apache.hadoop.ozone.protocolPB.OzoneManagerRequestHandler.handleReadRequest(OzoneManagerRequestHandler.java:250) ~[ozone-manager-1.4.0-SNAPSHOT.jar:?]
	at org.apache.hadoop.ozone.protocolPB.OzoneManagerProtocolServerSideTranslatorPB.submitReadRequestToOM(OzoneManagerProtocolServerSideTranslatorPB.java:225) ~[ozone-manager-1.4.0-SNAPSHOT.jar:?]
	at org.apache.hadoop.ozone.protocolPB.OzoneManagerProtocolServerSideTranslatorPB.processRequest(OzoneManagerProtocolServerSideTranslatorPB.java:179) ~[ozone-manager-1.4.0-SNAPSHOT.jar:?]
	at org.apache.hadoop.hdds.server.OzoneProtocolMessageDispatcher.processRequest(OzoneProtocolMessageDispatcher.java:87) [hdds-server-framework-1.4.0-SNAPSHOT.jar:?]
	at org.apache.hadoop.ozone.protocolPB.OzoneManagerProtocolServerSideTranslatorPB.submitRequest(OzoneManagerProtocolServerSideTranslatorPB.java:148) [ozone-manager-1.4.0-SNAPSHOT.jar:?]
	at org.apache.hadoop.ozone.protocol.proto.OzoneManagerProtocolProtos$OzoneManagerService$2.callBlockingMethod(OzoneManagerProtocolProtos.java) [ozone-interface-client-1.4.0-SNAPSHOT.jar:?]
	at org.apache.hadoop.ipc.ProtobufRpcEngine$Server.processCall(ProtobufRpcEngine.java:484) [hadoop-common-3.3.6.jar:?]
	at org.apache.hadoop.ipc.ProtobufRpcEngine2$Server$ProtoBufRpcInvoker.call(ProtobufRpcEngine2.java:595) [hadoop-common-3.3.6.jar:?]
	at org.apache.hadoop.ipc.ProtobufRpcEngine2$Server$ProtoBufRpcInvoker.call(ProtobufRpcEngine2.java:573) [hadoop-common-3.3.6.jar:?]
	at org.apache.hadoop.ipc.RPC$Server.call(RPC.java:1227) [hadoop-common-3.3.6.jar:?]
	at org.apache.hadoop.ipc.Server$RpcCall.run(Server.java:1094) [hadoop-common-3.3.6.jar:?]
	at org.apache.hadoop.ipc.Server$RpcCall.run(Server.java:1017) [hadoop-common-3.3.6.jar:?]
	at java.security.AccessController.doPrivileged(Native Method) ~[?:1.8.0_382]
	at javax.security.auth.Subject.doAs(Subject.java:422) [?:1.8.0_382]
	at org.apache.hadoop.security.UserGroupInformation.doAs(UserGroupInformation.java:1899) [hadoop-common-3.3.6.jar:?]
	at org.apache.hadoop.ipc.Server$Handler.run(Server.java:3048) [hadoop-common-3.3.6.jar:?]
04:51:58.892 [IPC Server handler 7 on default port 15110] ERROR OMAudit - user=runner | ip=127.0.0.1 | op=GET_FILE_STATUS {volume=volume87246, bucket=bucket72820, key=gdir1/dir4, dataSize=0, replicationConfig=null} | ret=FAILURE
org.apache.hadoop.ozone.om.exceptions.OMException: Unable to get file status: volume: volume87246 bucket: bucket72820 key: gdir1/dir4
	at org.apache.hadoop.ozone.om.KeyManagerImpl.getOzoneFileStatus(KeyManagerImpl.java:1195) ~[ozone-manager-1.4.0-SNAPSHOT.jar:?]
	at org.apache.hadoop.ozone.om.KeyManagerImpl.getFileStatus(KeyManagerImpl.java:1113) ~[ozone-manager-1.4.0-SNAPSHOT.jar:?]
	at org.apache.hadoop.ozone.om.OmMetadataReader.getFileStatus(OmMetadataReader.java:262) ~[ozone-manager-1.4.0-SNAPSHOT.jar:?]
	at org.apache.hadoop.ozone.om.OzoneManager.getFileStatus(OzoneManager.java:3530) ~[ozone-manager-1.4.0-SNAPSHOT.jar:?]
	at org.apache.hadoop.ozone.protocolPB.OzoneManagerRequestHandler.getOzoneFileStatus(OzoneManagerRequestHandler.java:971) ~[ozone-manager-1.4.0-SNAPSHOT.jar:?]
	at org.apache.hadoop.ozone.protocolPB.OzoneManagerRequestHandler.handleReadRequest(OzoneManagerRequestHandler.java:250) ~[ozone-manager-1.4.0-SNAPSHOT.jar:?]
	at org.apache.hadoop.ozone.protocolPB.OzoneManagerProtocolServerSideTranslatorPB.submitReadRequestToOM(OzoneManagerProtocolServerSideTranslatorPB.java:225) ~[ozone-manager-1.4.0-SNAPSHOT.jar:?]
	at org.apache.hadoop.ozone.protocolPB.OzoneManagerProtocolServerSideTranslatorPB.processRequest(OzoneManagerProtocolServerSideTranslatorPB.java:179) ~[ozone-manager-1.4.0-SNAPSHOT.jar:?]
	at org.apache.hadoop.hdds.server.OzoneProtocolMessageDispatcher.processRequest(OzoneProtocolMessageDispatcher.java:87) [hdds-server-framework-1.4.0-SNAPSHOT.jar:?]
	at org.apache.hadoop.ozone.protocolPB.OzoneManagerProtocolServerSideTranslatorPB.submitRequest(OzoneManagerProtocolServerSideTranslatorPB.java:148) [ozone-manager-1.4.0-SNAPSHOT.jar:?]
	at org.apache.hadoop.ozone.protocol.proto.OzoneManagerProtocolProtos$OzoneManagerService$2.callBlockingMethod(OzoneManagerProtocolProtos.java) [ozone-interface-client-1.4.0-SNAPSHOT.jar:?]
	at org.apache.hadoop.ipc.ProtobufRpcEngine$Server.processCall(ProtobufRpcEngine.java:484) [hadoop-common-3.3.6.jar:?]
	at org.apache.hadoop.ipc.ProtobufRpcEngine2$Server$ProtoBufRpcInvoker.call(ProtobufRpcEngine2.java:595) [hadoop-common-3.3.6.jar:?]
	at org.apache.hadoop.ipc.ProtobufRpcEngine2$Server$ProtoBufRpcInvoker.call(ProtobufRpcEngine2.java:573) [hadoop-common-3.3.6.jar:?]
	at org.apache.hadoop.ipc.RPC$Server.call(RPC.java:1227) [hadoop-common-3.3.6.jar:?]
	at org.apache.hadoop.ipc.Server$RpcCall.run(Server.java:1094) [hadoop-common-3.3.6.jar:?]
	at org.apache.hadoop.ipc.Server$RpcCall.run(Server.java:1017) [hadoop-common-3.3.6.jar:?]
	at java.security.AccessController.doPrivileged(Native Method) ~[?:1.8.0_382]
	at javax.security.auth.Subject.doAs(Subject.java:422) [?:1.8.0_382]
	at org.apache.hadoop.security.UserGroupInformation.doAs(UserGroupInformation.java:1899) [hadoop-common-3.3.6.jar:?]
	at org.apache.hadoop.ipc.Server$Handler.run(Server.java:3048) [hadoop-common-3.3.6.jar:?]
04:51:58.893 [IPC Server handler 14 on default port 15110] ERROR OMAudit - user=runner | ip=127.0.0.1 | op=GET_FILE_STATUS {volume=volume87246, bucket=bucket72820, key=gdir1/dir4/child, dataSize=0, replicationConfig=null} | ret=FAILURE
org.apache.hadoop.ozone.om.exceptions.OMException: Unable to get file status: volume: volume87246 bucket: bucket72820 key: gdir1/dir4/child
	at org.apache.hadoop.ozone.om.KeyManagerImpl.getOzoneFileStatus(KeyManagerImpl.java:1195) ~[ozone-manager-1.4.0-SNAPSHOT.jar:?]
	at org.apache.hadoop.ozone.om.KeyManagerImpl.getFileStatus(KeyManagerImpl.java:1113) ~[ozone-manager-1.4.0-SNAPSHOT.jar:?]
	at org.apache.hadoop.ozone.om.OmMetadataReader.getFileStatus(OmMetadataReader.java:262) ~[ozone-manager-1.4.0-SNAPSHOT.jar:?]
	at org.apache.hadoop.ozone.om.OzoneManager.getFileStatus(OzoneManager.java:3530) ~[ozone-manager-1.4.0-SNAPSHOT.jar:?]
	at org.apache.hadoop.ozone.protocolPB.OzoneManagerRequestHandler.getOzoneFileStatus(OzoneManagerRequestHandler.java:971) ~[ozone-manager-1.4.0-SNAPSHOT.jar:?]
	at org.apache.hadoop.ozone.protocolPB.OzoneManagerRequestHandler.handleReadRequest(OzoneManagerRequestHandler.java:250) ~[ozone-manager-1.4.0-SNAPSHOT.jar:?]
	at org.apache.hadoop.ozone.protocolPB.OzoneManagerProtocolServerSideTranslatorPB.submitReadRequestToOM(OzoneManagerProtocolServerSideTranslatorPB.java:225) ~[ozone-manager-1.4.0-SNAPSHOT.jar:?]
	at org.apache.hadoop.ozone.protocolPB.OzoneManagerProtocolServerSideTranslatorPB.processRequest(OzoneManagerProtocolServerSideTranslatorPB.java:179) ~[ozone-manager-1.4.0-SNAPSHOT.jar:?]
	at org.apache.hadoop.hdds.server.OzoneProtocolMessageDispatcher.processRequest(OzoneProtocolMessageDispatcher.java:87) [hdds-server-framework-1.4.0-SNAPSHOT.jar:?]
	at org.apache.hadoop.ozone.protocolPB.OzoneManagerProtocolServerSideTranslatorPB.submitRequest(OzoneManagerProtocolServerSideTranslatorPB.java:148) [ozone-manager-1.4.0-SNAPSHOT.jar:?]
	at org.apache.hadoop.ozone.protocol.proto.OzoneManagerProtocolProtos$OzoneManagerService$2.callBlockingMethod(OzoneManagerProtocolProtos.java) [ozone-interface-client-1.4.0-SNAPSHOT.jar:?]
	at org.apache.hadoop.ipc.ProtobufRpcEngine$Server.processCall(ProtobufRpcEngine.java:484) [hadoop-common-3.3.6.jar:?]
	at org.apache.hadoop.ipc.ProtobufRpcEngine2$Server$ProtoBufRpcInvoker.call(ProtobufRpcEngine2.java:595) [hadoop-common-3.3.6.jar:?]
	at org.apache.hadoop.ipc.ProtobufRpcEngine2$Server$ProtoBufRpcInvoker.call(ProtobufRpcEngine2.java:573) [hadoop-common-3.3.6.jar:?]
	at org.apache.hadoop.ipc.RPC$Server.call(RPC.java:1227) [hadoop-common-3.3.6.jar:?]
	at org.apache.hadoop.ipc.Server$RpcCall.run(Server.java:1094) [hadoop-common-3.3.6.jar:?]
	at org.apache.hadoop.ipc.Server$RpcCall.run(Server.java:1017) [hadoop-common-3.3.6.jar:?]
	at java.security.AccessController.doPrivileged(Native Method) ~[?:1.8.0_382]
	at javax.security.auth.Subject.doAs(Subject.java:422) [?:1.8.0_382]
	at org.apache.hadoop.security.UserGroupInformation.doAs(UserGroupInformation.java:1899) [hadoop-common-3.3.6.jar:?]
	at org.apache.hadoop.ipc.Server$Handler.run(Server.java:3048) [hadoop-common-3.3.6.jar:?]
04:51:58.897 [IPC Server handler 15 on default port 15110] ERROR OMAudit - user=runner | ip=127.0.0.1 | op=GET_FILE_STATUS {volume=volume87246, bucket=bucket72820, key=gdir1/dir5, dataSize=0, replicationConfig=null} | ret=FAILURE
org.apache.hadoop.ozone.om.exceptions.OMException: Unable to get file status: volume: volume87246 bucket: bucket72820 key: gdir1/dir5
	at org.apache.hadoop.ozone.om.KeyManagerImpl.getOzoneFileStatus(KeyManagerImpl.java:1195) ~[ozone-manager-1.4.0-SNAPSHOT.jar:?]
	at org.apache.hadoop.ozone.om.KeyManagerImpl.getFileStatus(KeyManagerImpl.java:1113) ~[ozone-manager-1.4.0-SNAPSHOT.jar:?]
	at org.apache.hadoop.ozone.om.OmMetadataReader.getFileStatus(OmMetadataReader.java:262) ~[ozone-manager-1.4.0-SNAPSHOT.jar:?]
	at org.apache.hadoop.ozone.om.OzoneManager.getFileStatus(OzoneManager.java:3530) ~[ozone-manager-1.4.0-SNAPSHOT.jar:?]
	at org.apache.hadoop.ozone.protocolPB.OzoneManagerRequestHandler.getOzoneFileStatus(OzoneManagerRequestHandler.java:971) ~[ozone-manager-1.4.0-SNAPSHOT.jar:?]
	at org.apache.hadoop.ozone.protocolPB.OzoneManagerRequestHandler.handleReadRequest(OzoneManagerRequestHandler.java:250) ~[ozone-manager-1.4.0-SNAPSHOT.jar:?]
	at org.apache.hadoop.ozone.protocolPB.OzoneManagerProtocolServerSideTranslatorPB.submitReadRequestToOM(OzoneManagerProtocolServerSideTranslatorPB.java:225) ~[ozone-manager-1.4.0-SNAPSHOT.jar:?]
	at org.apache.hadoop.ozone.protocolPB.OzoneManagerProtocolServerSideTranslatorPB.processRequest(OzoneManagerProtocolServerSideTranslatorPB.java:179) ~[ozone-manager-1.4.0-SNAPSHOT.jar:?]
	at org.apache.hadoop.hdds.server.OzoneProtocolMessageDispatcher.processRequest(OzoneProtocolMessageDispatcher.java:87) [hdds-server-framework-1.4.0-SNAPSHOT.jar:?]
	at org.apache.hadoop.ozone.protocolPB.OzoneManagerProtocolServerSideTranslatorPB.submitRequest(OzoneManagerProtocolServerSideTranslatorPB.java:148) [ozone-manager-1.4.0-SNAPSHOT.jar:?]
	at org.apache.hadoop.ozone.protocol.proto.OzoneManagerProtocolProtos$OzoneManagerService$2.callBlockingMethod(OzoneManagerProtocolProtos.java) [ozone-interface-client-1.4.0-SNAPSHOT.jar:?]
	at org.apache.hadoop.ipc.ProtobufRpcEngine$Server.processCall(ProtobufRpcEngine.java:484) [hadoop-common-3.3.6.jar:?]
	at org.apache.hadoop.ipc.ProtobufRpcEngine2$Server$ProtoBufRpcInvoker.call(ProtobufRpcEngine2.java:595) [hadoop-common-3.3.6.jar:?]
	at org.apache.hadoop.ipc.ProtobufRpcEngine2$Server$ProtoBufRpcInvoker.call(ProtobufRpcEngine2.java:573) [hadoop-common-3.3.6.jar:?]
	at org.apache.hadoop.ipc.RPC$Server.call(RPC.java:1227) [hadoop-common-3.3.6.jar:?]
	at org.apache.hadoop.ipc.Server$RpcCall.run(Server.java:1094) [hadoop-common-3.3.6.jar:?]
	at org.apache.hadoop.ipc.Server$RpcCall.run(Server.java:1017) [hadoop-common-3.3.6.jar:?]
	at java.security.AccessController.doPrivileged(Native Method) ~[?:1.8.0_382]
	at javax.security.auth.Subject.doAs(Subject.java:422) [?:1.8.0_382]
	at org.apache.hadoop.security.UserGroupInformation.doAs(UserGroupInformation.java:1899) [hadoop-common-3.3.6.jar:?]
	at org.apache.hadoop.ipc.Server$Handler.run(Server.java:3048) [hadoop-common-3.3.6.jar:?]
04:51:58.898 [IPC Server handler 12 on default port 15110] ERROR OMAudit - user=runner | ip=127.0.0.1 | op=GET_FILE_STATUS {volume=volume87246, bucket=bucket72820, key=gdir1/dir5/child, dataSize=0, replicationConfig=null} | ret=FAILURE
org.apache.hadoop.ozone.om.exceptions.OMException: Unable to get file status: volume: volume87246 bucket: bucket72820 key: gdir1/dir5/child
	at org.apache.hadoop.ozone.om.KeyManagerImpl.getOzoneFileStatus(KeyManagerImpl.java:1195) ~[ozone-manager-1.4.0-SNAPSHOT.jar:?]
	at org.apache.hadoop.ozone.om.KeyManagerImpl.getFileStatus(KeyManagerImpl.java:1113) ~[ozone-manager-1.4.0-SNAPSHOT.jar:?]
	at org.apache.hadoop.ozone.om.OmMetadataReader.getFileStatus(OmMetadataReader.java:262) ~[ozone-manager-1.4.0-SNAPSHOT.jar:?]
	at org.apache.hadoop.ozone.om.OzoneManager.getFileStatus(OzoneManager.java:3530) ~[ozone-manager-1.4.0-SNAPSHOT.jar:?]
	at org.apache.hadoop.ozone.protocolPB.OzoneManagerRequestHandler.getOzoneFileStatus(OzoneManagerRequestHandler.java:971) ~[ozone-manager-1.4.0-SNAPSHOT.jar:?]
	at org.apache.hadoop.ozone.protocolPB.OzoneManagerRequestHandler.handleReadRequest(OzoneManagerRequestHandler.java:250) ~[ozone-manager-1.4.0-SNAPSHOT.jar:?]
	at org.apache.hadoop.ozone.protocolPB.OzoneManagerProtocolServerSideTranslatorPB.submitReadRequestToOM(OzoneManagerProtocolServerSideTranslatorPB.java:225) ~[ozone-manager-1.4.0-SNAPSHOT.jar:?]
	at org.apache.hadoop.ozone.protocolPB.OzoneManagerProtocolServerSideTranslatorPB.processRequest(OzoneManagerProtocolServerSideTranslatorPB.java:179) ~[ozone-manager-1.4.0-SNAPSHOT.jar:?]
	at org.apache.hadoop.hdds.server.OzoneProtocolMessageDispatcher.processRequest(OzoneProtocolMessageDispatcher.java:87) [hdds-server-framework-1.4.0-SNAPSHOT.jar:?]
	at org.apache.hadoop.ozone.protocolPB.OzoneManagerProtocolServerSideTranslatorPB.submitRequest(OzoneManagerProtocolServerSideTranslatorPB.java:148) [ozone-manager-1.4.0-SNAPSHOT.jar:?]
	at org.apache.hadoop.ozone.protocol.proto.OzoneManagerProtocolProtos$OzoneManagerService$2.callBlockingMethod(OzoneManagerProtocolProtos.java) [ozone-interface-client-1.4.0-SNAPSHOT.jar:?]
	at org.apache.hadoop.ipc.ProtobufRpcEngine$Server.processCall(ProtobufRpcEngine.java:484) [hadoop-common-3.3.6.jar:?]
	at org.apache.hadoop.ipc.ProtobufRpcEngine2$Server$ProtoBufRpcInvoker.call(ProtobufRpcEngine2.java:595) [hadoop-common-3.3.6.jar:?]
	at org.apache.hadoop.ipc.ProtobufRpcEngine2$Server$ProtoBufRpcInvoker.call(ProtobufRpcEngine2.java:573) [hadoop-common-3.3.6.jar:?]
	at org.apache.hadoop.ipc.RPC$Server.call(RPC.java:1227) [hadoop-common-3.3.6.jar:?]
	at org.apache.hadoop.ipc.Server$RpcCall.run(Server.java:1094) [hadoop-common-3.3.6.jar:?]
	at org.apache.hadoop.ipc.Server$RpcCall.run(Server.java:1017) [hadoop-common-3.3.6.jar:?]
	at java.security.AccessController.doPrivileged(Native Method) ~[?:1.8.0_382]
	at javax.security.auth.Subject.doAs(Subject.java:422) [?:1.8.0_382]
	at org.apache.hadoop.security.UserGroupInformation.doAs(UserGroupInformation.java:1899) [hadoop-common-3.3.6.jar:?]
	at org.apache.hadoop.ipc.Server$Handler.run(Server.java:3048) [hadoop-common-3.3.6.jar:?]
04:51:58.901 [IPC Server handler 9 on default port 15110] ERROR OMAudit - user=runner | ip=127.0.0.1 | op=GET_FILE_STATUS {volume=volume87246, bucket=bucket72820, key=gdir1/dir6, dataSize=0, replicationConfig=null} | ret=FAILURE
org.apache.hadoop.ozone.om.exceptions.OMException: Unable to get file status: volume: volume87246 bucket: bucket72820 key: gdir1/dir6
	at org.apache.hadoop.ozone.om.KeyManagerImpl.getOzoneFileStatus(KeyManagerImpl.java:1195) ~[ozone-manager-1.4.0-SNAPSHOT.jar:?]
	at org.apache.hadoop.ozone.om.KeyManagerImpl.getFileStatus(KeyManagerImpl.java:1113) ~[ozone-manager-1.4.0-SNAPSHOT.jar:?]
	at org.apache.hadoop.ozone.om.OmMetadataReader.getFileStatus(OmMetadataReader.java:262) ~[ozone-manager-1.4.0-SNAPSHOT.jar:?]
	at org.apache.hadoop.ozone.om.OzoneManager.getFileStatus(OzoneManager.java:3530) ~[ozone-manager-1.4.0-SNAPSHOT.jar:?]
	at org.apache.hadoop.ozone.protocolPB.OzoneManagerRequestHandler.getOzoneFileStatus(OzoneManagerRequestHandler.java:971) ~[ozone-manager-1.4.0-SNAPSHOT.jar:?]
	at org.apache.hadoop.ozone.protocolPB.OzoneManagerRequestHandler.handleReadRequest(OzoneManagerRequestHandler.java:250) ~[ozone-manager-1.4.0-SNAPSHOT.jar:?]
	at org.apache.hadoop.ozone.protocolPB.OzoneManagerProtocolServerSideTranslatorPB.submitReadRequestToOM(OzoneManagerProtocolServerSideTranslatorPB.java:225) ~[ozone-manager-1.4.0-SNAPSHOT.jar:?]
	at org.apache.hadoop.ozone.protocolPB.OzoneManagerProtocolServerSideTranslatorPB.processRequest(OzoneManagerProtocolServerSideTranslatorPB.java:179) ~[ozone-manager-1.4.0-SNAPSHOT.jar:?]
	at org.apache.hadoop.hdds.server.OzoneProtocolMessageDispatcher.processRequest(OzoneProtocolMessageDispatcher.java:87) [hdds-server-framework-1.4.0-SNAPSHOT.jar:?]
	at org.apache.hadoop.ozone.protocolPB.OzoneManagerProtocolServerSideTranslatorPB.submitRequest(OzoneManagerProtocolServerSideTranslatorPB.java:148) [ozone-manager-1.4.0-SNAPSHOT.jar:?]
	at org.apache.hadoop.ozone.protocol.proto.OzoneManagerProtocolProtos$OzoneManagerService$2.callBlockingMethod(OzoneManagerProtocolProtos.java) [ozone-interface-client-1.4.0-SNAPSHOT.jar:?]
	at org.apache.hadoop.ipc.ProtobufRpcEngine$Server.processCall(ProtobufRpcEngine.java:484) [hadoop-common-3.3.6.jar:?]
	at org.apache.hadoop.ipc.ProtobufRpcEngine2$Server$ProtoBufRpcInvoker.call(ProtobufRpcEngine2.java:595) [hadoop-common-3.3.6.jar:?]
	at org.apache.hadoop.ipc.ProtobufRpcEngine2$Server$ProtoBufRpcInvoker.call(ProtobufRpcEngine2.java:573) [hadoop-common-3.3.6.jar:?]
	at org.apache.hadoop.ipc.RPC$Server.call(RPC.java:1227) [hadoop-common-3.3.6.jar:?]
	at org.apache.hadoop.ipc.Server$RpcCall.run(Server.java:1094) [hadoop-common-3.3.6.jar:?]
	at org.apache.hadoop.ipc.Server$RpcCall.run(Server.java:1017) [hadoop-common-3.3.6.jar:?]
	at java.security.AccessController.doPrivileged(Native Method) ~[?:1.8.0_382]
	at javax.security.auth.Subject.doAs(Subject.java:422) [?:1.8.0_382]
	at org.apache.hadoop.security.UserGroupInformation.doAs(UserGroupInformation.java:1899) [hadoop-common-3.3.6.jar:?]
	at org.apache.hadoop.ipc.Server$Handler.run(Server.java:3048) [hadoop-common-3.3.6.jar:?]
04:51:58.902 [IPC Server handler 8 on default port 15110] ERROR OMAudit - user=runner | ip=127.0.0.1 | op=GET_FILE_STATUS {volume=volume87246, bucket=bucket72820, key=gdir1/dir6/child, dataSize=0, replicationConfig=null} | ret=FAILURE
org.apache.hadoop.ozone.om.exceptions.OMException: Unable to get file status: volume: volume87246 bucket: bucket72820 key: gdir1/dir6/child
	at org.apache.hadoop.ozone.om.KeyManagerImpl.getOzoneFileStatus(KeyManagerImpl.java:1195) ~[ozone-manager-1.4.0-SNAPSHOT.jar:?]
	at org.apache.hadoop.ozone.om.KeyManagerImpl.getFileStatus(KeyManagerImpl.java:1113) ~[ozone-manager-1.4.0-SNAPSHOT.jar:?]
	at org.apache.hadoop.ozone.om.OmMetadataReader.getFileStatus(OmMetadataReader.java:262) ~[ozone-manager-1.4.0-SNAPSHOT.jar:?]
	at org.apache.hadoop.ozone.om.OzoneManager.getFileStatus(OzoneManager.java:3530) ~[ozone-manager-1.4.0-SNAPSHOT.jar:?]
	at org.apache.hadoop.ozone.protocolPB.OzoneManagerRequestHandler.getOzoneFileStatus(OzoneManagerRequestHandler.java:971) ~[ozone-manager-1.4.0-SNAPSHOT.jar:?]
	at org.apache.hadoop.ozone.protocolPB.OzoneManagerRequestHandler.handleReadRequest(OzoneManagerRequestHandler.java:250) ~[ozone-manager-1.4.0-SNAPSHOT.jar:?]
	at org.apache.hadoop.ozone.protocolPB.OzoneManagerProtocolServerSideTranslatorPB.submitReadRequestToOM(OzoneManagerProtocolServerSideTranslatorPB.java:225) ~[ozone-manager-1.4.0-SNAPSHOT.jar:?]
	at org.apache.hadoop.ozone.protocolPB.OzoneManagerProtocolServerSideTranslatorPB.processRequest(OzoneManagerProtocolServerSideTranslatorPB.java:179) ~[ozone-manager-1.4.0-SNAPSHOT.jar:?]
	at org.apache.hadoop.hdds.server.OzoneProtocolMessageDispatcher.processRequest(OzoneProtocolMessageDispatcher.java:87) [hdds-server-framework-1.4.0-SNAPSHOT.jar:?]
	at org.apache.hadoop.ozone.protocolPB.OzoneManagerProtocolServerSideTranslatorPB.submitRequest(OzoneManagerProtocolServerSideTranslatorPB.java:148) [ozone-manager-1.4.0-SNAPSHOT.jar:?]
	at org.apache.hadoop.ozone.protocol.proto.OzoneManagerProtocolProtos$OzoneManagerService$2.callBlockingMethod(OzoneManagerProtocolProtos.java) [ozone-interface-client-1.4.0-SNAPSHOT.jar:?]
	at org.apache.hadoop.ipc.ProtobufRpcEngine$Server.processCall(ProtobufRpcEngine.java:484) [hadoop-common-3.3.6.jar:?]
	at org.apache.hadoop.ipc.ProtobufRpcEngine2$Server$ProtoBufRpcInvoker.call(ProtobufRpcEngine2.java:595) [hadoop-common-3.3.6.jar:?]
	at org.apache.hadoop.ipc.ProtobufRpcEngine2$Server$ProtoBufRpcInvoker.call(ProtobufRpcEngine2.java:573) [hadoop-common-3.3.6.jar:?]
	at org.apache.hadoop.ipc.RPC$Server.call(RPC.java:1227) [hadoop-common-3.3.6.jar:?]
	at org.apache.hadoop.ipc.Server$RpcCall.run(Server.java:1094) [hadoop-common-3.3.6.jar:?]
	at org.apache.hadoop.ipc.Server$RpcCall.run(Server.java:1017) [hadoop-common-3.3.6.jar:?]
	at java.security.AccessController.doPrivileged(Native Method) ~[?:1.8.0_382]
	at javax.security.auth.Subject.doAs(Subject.java:422) [?:1.8.0_382]
	at org.apache.hadoop.security.UserGroupInformation.doAs(UserGroupInformation.java:1899) [hadoop-common-3.3.6.jar:?]
	at org.apache.hadoop.ipc.Server$Handler.run(Server.java:3048) [hadoop-common-3.3.6.jar:?]
04:51:58.904 [IPC Server handler 13 on default port 15110] ERROR OMAudit - user=runner | ip=127.0.0.1 | op=GET_FILE_STATUS {volume=volume87246, bucket=bucket72820, key=gdir1/dir7, dataSize=0, replicationConfig=null} | ret=FAILURE
org.apache.hadoop.ozone.om.exceptions.OMException: Unable to get file status: volume: volume87246 bucket: bucket72820 key: gdir1/dir7
	at org.apache.hadoop.ozone.om.KeyManagerImpl.getOzoneFileStatus(KeyManagerImpl.java:1195) ~[ozone-manager-1.4.0-SNAPSHOT.jar:?]
	at org.apache.hadoop.ozone.om.KeyManagerImpl.getFileStatus(KeyManagerImpl.java:1113) ~[ozone-manager-1.4.0-SNAPSHOT.jar:?]
	at org.apache.hadoop.ozone.om.OmMetadataReader.getFileStatus(OmMetadataReader.java:262) ~[ozone-manager-1.4.0-SNAPSHOT.jar:?]
	at org.apache.hadoop.ozone.om.OzoneManager.getFileStatus(OzoneManager.java:3530) ~[ozone-manager-1.4.0-SNAPSHOT.jar:?]
	at org.apache.hadoop.ozone.protocolPB.OzoneManagerRequestHandler.getOzoneFileStatus(OzoneManagerRequestHandler.java:971) ~[ozone-manager-1.4.0-SNAPSHOT.jar:?]
	at org.apache.hadoop.ozone.protocolPB.OzoneManagerRequestHandler.handleReadRequest(OzoneManagerRequestHandler.java:250) ~[ozone-manager-1.4.0-SNAPSHOT.jar:?]
	at org.apache.hadoop.ozone.protocolPB.OzoneManagerProtocolServerSideTranslatorPB.submitReadRequestToOM(OzoneManagerProtocolServerSideTranslatorPB.java:225) ~[ozone-manager-1.4.0-SNAPSHOT.jar:?]
	at org.apache.hadoop.ozone.protocolPB.OzoneManagerProtocolServerSideTranslatorPB.processRequest(OzoneManagerProtocolServerSideTranslatorPB.java:179) ~[ozone-manager-1.4.0-SNAPSHOT.jar:?]
	at org.apache.hadoop.hdds.server.OzoneProtocolMessageDispatcher.processRequest(OzoneProtocolMessageDispatcher.java:87) [hdds-server-framework-1.4.0-SNAPSHOT.jar:?]
	at org.apache.hadoop.ozone.protocolPB.OzoneManagerProtocolServerSideTranslatorPB.submitRequest(OzoneManagerProtocolServerSideTranslatorPB.java:148) [ozone-manager-1.4.0-SNAPSHOT.jar:?]
	at org.apache.hadoop.ozone.protocol.proto.OzoneManagerProtocolProtos$OzoneManagerService$2.callBlockingMethod(OzoneManagerProtocolProtos.java) [ozone-interface-client-1.4.0-SNAPSHOT.jar:?]
	at org.apache.hadoop.ipc.ProtobufRpcEngine$Server.processCall(ProtobufRpcEngine.java:484) [hadoop-common-3.3.6.jar:?]
	at org.apache.hadoop.ipc.ProtobufRpcEngine2$Server$ProtoBufRpcInvoker.call(ProtobufRpcEngine2.java:595) [hadoop-common-3.3.6.jar:?]
	at org.apache.hadoop.ipc.ProtobufRpcEngine2$Server$ProtoBufRpcInvoker.call(ProtobufRpcEngine2.java:573) [hadoop-common-3.3.6.jar:?]
	at org.apache.hadoop.ipc.RPC$Server.call(RPC.java:1227) [hadoop-common-3.3.6.jar:?]
	at org.apache.hadoop.ipc.Server$RpcCall.run(Server.java:1094) [hadoop-common-3.3.6.jar:?]
	at org.apache.hadoop.ipc.Server$RpcCall.run(Server.java:1017) [hadoop-common-3.3.6.jar:?]
	at java.security.AccessController.doPrivileged(Native Method) ~[?:1.8.0_382]
	at javax.security.auth.Subject.doAs(Subject.java:422) [?:1.8.0_382]
	at org.apache.hadoop.security.UserGroupInformation.doAs(UserGroupInformation.java:1899) [hadoop-common-3.3.6.jar:?]
	at org.apache.hadoop.ipc.Server$Handler.run(Server.java:3048) [hadoop-common-3.3.6.jar:?]
04:51:58.910 [IPC Server handler 10 on default port 15110] ERROR OMAudit - user=runner | ip=127.0.0.1 | op=GET_FILE_STATUS {volume=volume87246, bucket=bucket72820, key=gdir1/dir7/child, dataSize=0, replicationConfig=null} | ret=FAILURE
org.apache.hadoop.ozone.om.exceptions.OMException: Unable to get file status: volume: volume87246 bucket: bucket72820 key: gdir1/dir7/child
	at org.apache.hadoop.ozone.om.KeyManagerImpl.getOzoneFileStatus(KeyManagerImpl.java:1195) ~[ozone-manager-1.4.0-SNAPSHOT.jar:?]
	at org.apache.hadoop.ozone.om.KeyManagerImpl.getFileStatus(KeyManagerImpl.java:1113) ~[ozone-manager-1.4.0-SNAPSHOT.jar:?]
	at org.apache.hadoop.ozone.om.OmMetadataReader.getFileStatus(OmMetadataReader.java:262) ~[ozone-manager-1.4.0-SNAPSHOT.jar:?]
	at org.apache.hadoop.ozone.om.OzoneManager.getFileStatus(OzoneManager.java:3530) ~[ozone-manager-1.4.0-SNAPSHOT.jar:?]
	at org.apache.hadoop.ozone.protocolPB.OzoneManagerRequestHandler.getOzoneFileStatus(OzoneManagerRequestHandler.java:971) ~[ozone-manager-1.4.0-SNAPSHOT.jar:?]
	at org.apache.hadoop.ozone.protocolPB.OzoneManagerRequestHandler.handleReadRequest(OzoneManagerRequestHandler.java:250) ~[ozone-manager-1.4.0-SNAPSHOT.jar:?]
	at org.apache.hadoop.ozone.protocolPB.OzoneManagerProtocolServerSideTranslatorPB.submitReadRequestToOM(OzoneManagerProtocolServerSideTranslatorPB.java:225) ~[ozone-manager-1.4.0-SNAPSHOT.jar:?]
	at org.apache.hadoop.ozone.protocolPB.OzoneManagerProtocolServerSideTranslatorPB.processRequest(OzoneManagerProtocolServerSideTranslatorPB.java:179) ~[ozone-manager-1.4.0-SNAPSHOT.jar:?]
	at org.apache.hadoop.hdds.server.OzoneProtocolMessageDispatcher.processRequest(OzoneProtocolMessageDispatcher.java:87) [hdds-server-framework-1.4.0-SNAPSHOT.jar:?]
	at org.apache.hadoop.ozone.protocolPB.OzoneManagerProtocolServerSideTranslatorPB.submitRequest(OzoneManagerProtocolServerSideTranslatorPB.java:148) [ozone-manager-1.4.0-SNAPSHOT.jar:?]
	at org.apache.hadoop.ozone.protocol.proto.OzoneManagerProtocolProtos$OzoneManagerService$2.callBlockingMethod(OzoneManagerProtocolProtos.java) [ozone-interface-client-1.4.0-SNAPSHOT.jar:?]
	at org.apache.hadoop.ipc.ProtobufRpcEngine$Server.processCall(ProtobufRpcEngine.java:484) [hadoop-common-3.3.6.jar:?]
	at org.apache.hadoop.ipc.ProtobufRpcEngine2$Server$ProtoBufRpcInvoker.call(ProtobufRpcEngine2.java:595) [hadoop-common-3.3.6.jar:?]
	at org.apache.hadoop.ipc.ProtobufRpcEngine2$Server$ProtoBufRpcInvoker.call(ProtobufRpcEngine2.java:573) [hadoop-common-3.3.6.jar:?]
	at org.apache.hadoop.ipc.RPC$Server.call(RPC.java:1227) [hadoop-common-3.3.6.jar:?]
	at org.apache.hadoop.ipc.Server$RpcCall.run(Server.java:1094) [hadoop-common-3.3.6.jar:?]
	at org.apache.hadoop.ipc.Server$RpcCall.run(Server.java:1017) [hadoop-common-3.3.6.jar:?]
	at java.security.AccessController.doPrivileged(Native Method) ~[?:1.8.0_382]
	at javax.security.auth.Subject.doAs(Subject.java:422) [?:1.8.0_382]
	at org.apache.hadoop.security.UserGroupInformation.doAs(UserGroupInformation.java:1899) [hadoop-common-3.3.6.jar:?]
	at org.apache.hadoop.ipc.Server$Handler.run(Server.java:3048) [hadoop-common-3.3.6.jar:?]
04:51:58.914 [IPC Server handler 11 on default port 15110] ERROR OMAudit - user=runner | ip=127.0.0.1 | op=GET_FILE_STATUS {volume=volume87246, bucket=bucket72820, key=gdir1/dir8, dataSize=0, replicationConfig=null} | ret=FAILURE
org.apache.hadoop.ozone.om.exceptions.OMException: Unable to get file status: volume: volume87246 bucket: bucket72820 key: gdir1/dir8
	at org.apache.hadoop.ozone.om.KeyManagerImpl.getOzoneFileStatus(KeyManagerImpl.java:1195) ~[ozone-manager-1.4.0-SNAPSHOT.jar:?]
	at org.apache.hadoop.ozone.om.KeyManagerImpl.getFileStatus(KeyManagerImpl.java:1113) ~[ozone-manager-1.4.0-SNAPSHOT.jar:?]
	at org.apache.hadoop.ozone.om.OmMetadataReader.getFileStatus(OmMetadataReader.java:262) ~[ozone-manager-1.4.0-SNAPSHOT.jar:?]
	at org.apache.hadoop.ozone.om.OzoneManager.getFileStatus(OzoneManager.java:3530) ~[ozone-manager-1.4.0-SNAPSHOT.jar:?]
	at org.apache.hadoop.ozone.protocolPB.OzoneManagerRequestHandler.getOzoneFileStatus(OzoneManagerRequestHandler.java:971) ~[ozone-manager-1.4.0-SNAPSHOT.jar:?]
	at org.apache.hadoop.ozone.protocolPB.OzoneManagerRequestHandler.handleReadRequest(OzoneManagerRequestHandler.java:250) ~[ozone-manager-1.4.0-SNAPSHOT.jar:?]
	at org.apache.hadoop.ozone.protocolPB.OzoneManagerProtocolServerSideTranslatorPB.submitReadRequestToOM(OzoneManagerProtocolServerSideTranslatorPB.java:225) ~[ozone-manager-1.4.0-SNAPSHOT.jar:?]
	at org.apache.hadoop.ozone.protocolPB.OzoneManagerProtocolServerSideTranslatorPB.processRequest(OzoneManagerProtocolServerSideTranslatorPB.java:179) ~[ozone-manager-1.4.0-SNAPSHOT.jar:?]
	at org.apache.hadoop.hdds.server.OzoneProtocolMessageDispatcher.processRequest(OzoneProtocolMessageDispatcher.java:87) [hdds-server-framework-1.4.0-SNAPSHOT.jar:?]
	at org.apache.hadoop.ozone.protocolPB.OzoneManagerProtocolServerSideTranslatorPB.submitRequest(OzoneManagerProtocolServerSideTranslatorPB.java:148) [ozone-manager-1.4.0-SNAPSHOT.jar:?]
	at org.apache.hadoop.ozone.protocol.proto.OzoneManagerProtocolProtos$OzoneManagerService$2.callBlockingMethod(OzoneManagerProtocolProtos.java) [ozone-interface-client-1.4.0-SNAPSHOT.jar:?]
	at org.apache.hadoop.ipc.ProtobufRpcEngine$Server.processCall(ProtobufRpcEngine.java:484) [hadoop-common-3.3.6.jar:?]
	at org.apache.hadoop.ipc.ProtobufRpcEngine2$Server$ProtoBufRpcInvoker.call(ProtobufRpcEngine2.java:595) [hadoop-common-3.3.6.jar:?]
	at org.apache.hadoop.ipc.ProtobufRpcEngine2$Server$ProtoBufRpcInvoker.call(ProtobufRpcEngine2.java:573) [hadoop-common-3.3.6.jar:?]
	at org.apache.hadoop.ipc.RPC$Server.call(RPC.java:1227) [hadoop-common-3.3.6.jar:?]
	at org.apache.hadoop.ipc.Server$RpcCall.run(Server.java:1094) [hadoop-common-3.3.6.jar:?]
	at org.apache.hadoop.ipc.Server$RpcCall.run(Server.java:1017) [hadoop-common-3.3.6.jar:?]
	at java.security.AccessController.doPrivileged(Native Method) ~[?:1.8.0_382]
	at javax.security.auth.Subject.doAs(Subject.java:422) [?:1.8.0_382]
	at org.apache.hadoop.security.UserGroupInformation.doAs(UserGroupInformation.java:1899) [hadoop-common-3.3.6.jar:?]
	at org.apache.hadoop.ipc.Server$Handler.run(Server.java:3048) [hadoop-common-3.3.6.jar:?]
04:51:58.918 [IPC Server handler 18 on default port 15110] ERROR OMAudit - user=runner | ip=127.0.0.1 | op=GET_FILE_STATUS {volume=volume87246, bucket=bucket72820, key=gdir1/dir8/child, dataSize=0, replicationConfig=null} | ret=FAILURE
org.apache.hadoop.ozone.om.exceptions.OMException: Unable to get file status: volume: volume87246 bucket: bucket72820 key: gdir1/dir8/child
	at org.apache.hadoop.ozone.om.KeyManagerImpl.getOzoneFileStatus(KeyManagerImpl.java:1195) ~[ozone-manager-1.4.0-SNAPSHOT.jar:?]
	at org.apache.hadoop.ozone.om.KeyManagerImpl.getFileStatus(KeyManagerImpl.java:1113) ~[ozone-manager-1.4.0-SNAPSHOT.jar:?]
	at org.apache.hadoop.ozone.om.OmMetadataReader.getFileStatus(OmMetadataReader.java:262) ~[ozone-manager-1.4.0-SNAPSHOT.jar:?]
	at org.apache.hadoop.ozone.om.OzoneManager.getFileStatus(OzoneManager.java:3530) ~[ozone-manager-1.4.0-SNAPSHOT.jar:?]
	at org.apache.hadoop.ozone.protocolPB.OzoneManagerRequestHandler.getOzoneFileStatus(OzoneManagerRequestHandler.java:971) ~[ozone-manager-1.4.0-SNAPSHOT.jar:?]
	at org.apache.hadoop.ozone.protocolPB.OzoneManagerRequestHandler.handleReadRequest(OzoneManagerRequestHandler.java:250) ~[ozone-manager-1.4.0-SNAPSHOT.jar:?]
	at org.apache.hadoop.ozone.protocolPB.OzoneManagerProtocolServerSideTranslatorPB.submitReadRequestToOM(OzoneManagerProtocolServerSideTranslatorPB.java:225) ~[ozone-manager-1.4.0-SNAPSHOT.jar:?]
	at org.apache.hadoop.ozone.protocolPB.OzoneManagerProtocolServerSideTranslatorPB.processRequest(OzoneManagerProtocolServerSideTranslatorPB.java:179) ~[ozone-manager-1.4.0-SNAPSHOT.jar:?]
	at org.apache.hadoop.hdds.server.OzoneProtocolMessageDispatcher.processRequest(OzoneProtocolMessageDispatcher.java:87) [hdds-server-framework-1.4.0-SNAPSHOT.jar:?]
	at org.apache.hadoop.ozone.protocolPB.OzoneManagerProtocolServerSideTranslatorPB.submitRequest(OzoneManagerProtocolServerSideTranslatorPB.java:148) [ozone-manager-1.4.0-SNAPSHOT.jar:?]
	at org.apache.hadoop.ozone.protocol.proto.OzoneManagerProtocolProtos$OzoneManagerService$2.callBlockingMethod(OzoneManagerProtocolProtos.java) [ozone-interface-client-1.4.0-SNAPSHOT.jar:?]
	at org.apache.hadoop.ipc.ProtobufRpcEngine$Server.processCall(ProtobufRpcEngine.java:484) [hadoop-common-3.3.6.jar:?]
	at org.apache.hadoop.ipc.ProtobufRpcEngine2$Server$ProtoBufRpcInvoker.call(ProtobufRpcEngine2.java:595) [hadoop-common-3.3.6.jar:?]
	at org.apache.hadoop.ipc.ProtobufRpcEngine2$Server$ProtoBufRpcInvoker.call(ProtobufRpcEngine2.java:573) [hadoop-common-3.3.6.jar:?]
	at org.apache.hadoop.ipc.RPC$Server.call(RPC.java:1227) [hadoop-common-3.3.6.jar:?]
	at org.apache.hadoop.ipc.Server$RpcCall.run(Server.java:1094) [hadoop-common-3.3.6.jar:?]
	at org.apache.hadoop.ipc.Server$RpcCall.run(Server.java:1017) [hadoop-common-3.3.6.jar:?]
	at java.security.AccessController.doPrivileged(Native Method) ~[?:1.8.0_382]
	at javax.security.auth.Subject.doAs(Subject.java:422) [?:1.8.0_382]
	at org.apache.hadoop.security.UserGroupInformation.doAs(UserGroupInformation.java:1899) [hadoop-common-3.3.6.jar:?]
	at org.apache.hadoop.ipc.Server$Handler.run(Server.java:3048) [hadoop-common-3.3.6.jar:?]
04:51:58.919 [IPC Server handler 17 on default port 15110] ERROR OMAudit - user=runner | ip=127.0.0.1 | op=GET_FILE_STATUS {volume=volume87246, bucket=bucket72820, key=gdir1/dir9, dataSize=0, replicationConfig=null} | ret=FAILURE
org.apache.hadoop.ozone.om.exceptions.OMException: Unable to get file status: volume: volume87246 bucket: bucket72820 key: gdir1/dir9
	at org.apache.hadoop.ozone.om.KeyManagerImpl.getOzoneFileStatus(KeyManagerImpl.java:1195) ~[ozone-manager-1.4.0-SNAPSHOT.jar:?]
	at org.apache.hadoop.ozone.om.KeyManagerImpl.getFileStatus(KeyManagerImpl.java:1113) ~[ozone-manager-1.4.0-SNAPSHOT.jar:?]
	at org.apache.hadoop.ozone.om.OmMetadataReader.getFileStatus(OmMetadataReader.java:262) ~[ozone-manager-1.4.0-SNAPSHOT.jar:?]
	at org.apache.hadoop.ozone.om.OzoneManager.getFileStatus(OzoneManager.java:3530) ~[ozone-manager-1.4.0-SNAPSHOT.jar:?]
	at org.apache.hadoop.ozone.protocolPB.OzoneManagerRequestHandler.getOzoneFileStatus(OzoneManagerRequestHandler.java:971) ~[ozone-manager-1.4.0-SNAPSHOT.jar:?]
	at org.apache.hadoop.ozone.protocolPB.OzoneManagerRequestHandler.handleReadRequest(OzoneManagerRequestHandler.java:250) ~[ozone-manager-1.4.0-SNAPSHOT.jar:?]
	at org.apache.hadoop.ozone.protocolPB.OzoneManagerProtocolServerSideTranslatorPB.submitReadRequestToOM(OzoneManagerProtocolServerSideTranslatorPB.java:225) ~[ozone-manager-1.4.0-SNAPSHOT.jar:?]
	at org.apache.hadoop.ozone.protocolPB.OzoneManagerProtocolServerSideTranslatorPB.processRequest(OzoneManagerProtocolServerSideTranslatorPB.java:179) ~[ozone-manager-1.4.0-SNAPSHOT.jar:?]
	at org.apache.hadoop.hdds.server.OzoneProtocolMessageDispatcher.processRequest(OzoneProtocolMessageDispatcher.java:87) [hdds-server-framework-1.4.0-SNAPSHOT.jar:?]
	at org.apache.hadoop.ozone.protocolPB.OzoneManagerProtocolServerSideTranslatorPB.submitRequest(OzoneManagerProtocolServerSideTranslatorPB.java:148) [ozone-manager-1.4.0-SNAPSHOT.jar:?]
	at org.apache.hadoop.ozone.protocol.proto.OzoneManagerProtocolProtos$OzoneManagerService$2.callBlockingMethod(OzoneManagerProtocolProtos.java) [ozone-interface-client-1.4.0-SNAPSHOT.jar:?]
	at org.apache.hadoop.ipc.ProtobufRpcEngine$Server.processCall(ProtobufRpcEngine.java:484) [hadoop-common-3.3.6.jar:?]
	at org.apache.hadoop.ipc.ProtobufRpcEngine2$Server$ProtoBufRpcInvoker.call(ProtobufRpcEngine2.java:595) [hadoop-common-3.3.6.jar:?]
	at org.apache.hadoop.ipc.ProtobufRpcEngine2$Server$ProtoBufRpcInvoker.call(ProtobufRpcEngine2.java:573) [hadoop-common-3.3.6.jar:?]
	at org.apache.hadoop.ipc.RPC$Server.call(RPC.java:1227) [hadoop-common-3.3.6.jar:?]
	at org.apache.hadoop.ipc.Server$RpcCall.run(Server.java:1094) [hadoop-common-3.3.6.jar:?]
	at org.apache.hadoop.ipc.Server$RpcCall.run(Server.java:1017) [hadoop-common-3.3.6.jar:?]
	at java.security.AccessController.doPrivileged(Native Method) ~[?:1.8.0_382]
	at javax.security.auth.Subject.doAs(Subject.java:422) [?:1.8.0_382]
	at org.apache.hadoop.security.UserGroupInformation.doAs(UserGroupInformation.java:1899) [hadoop-common-3.3.6.jar:?]
	at org.apache.hadoop.ipc.Server$Handler.run(Server.java:3048) [hadoop-common-3.3.6.jar:?]
04:51:58.920 [IPC Server handler 16 on default port 15110] ERROR OMAudit - user=runner | ip=127.0.0.1 | op=GET_FILE_STATUS {volume=volume87246, bucket=bucket72820, key=gdir1/dir9/child, dataSize=0, replicationConfig=null} | ret=FAILURE
org.apache.hadoop.ozone.om.exceptions.OMException: Unable to get file status: volume: volume87246 bucket: bucket72820 key: gdir1/dir9/child
	at org.apache.hadoop.ozone.om.KeyManagerImpl.getOzoneFileStatus(KeyManagerImpl.java:1195) ~[ozone-manager-1.4.0-SNAPSHOT.jar:?]
	at org.apache.hadoop.ozone.om.KeyManagerImpl.getFileStatus(KeyManagerImpl.java:1113) ~[ozone-manager-1.4.0-SNAPSHOT.jar:?]
	at org.apache.hadoop.ozone.om.OmMetadataReader.getFileStatus(OmMetadataReader.java:262) ~[ozone-manager-1.4.0-SNAPSHOT.jar:?]
	at org.apache.hadoop.ozone.om.OzoneManager.getFileStatus(OzoneManager.java:3530) ~[ozone-manager-1.4.0-SNAPSHOT.jar:?]
	at org.apache.hadoop.ozone.protocolPB.OzoneManagerRequestHandler.getOzoneFileStatus(OzoneManagerRequestHandler.java:971) ~[ozone-manager-1.4.0-SNAPSHOT.jar:?]
	at org.apache.hadoop.ozone.protocolPB.OzoneManagerRequestHandler.handleReadRequest(OzoneManagerRequestHandler.java:250) ~[ozone-manager-1.4.0-SNAPSHOT.jar:?]
	at org.apache.hadoop.ozone.protocolPB.OzoneManagerProtocolServerSideTranslatorPB.submitReadRequestToOM(OzoneManagerProtocolServerSideTranslatorPB.java:225) ~[ozone-manager-1.4.0-SNAPSHOT.jar:?]
	at org.apache.hadoop.ozone.protocolPB.OzoneManagerProtocolServerSideTranslatorPB.processRequest(OzoneManagerProtocolServerSideTranslatorPB.java:179) ~[ozone-manager-1.4.0-SNAPSHOT.jar:?]
	at org.apache.hadoop.hdds.server.OzoneProtocolMessageDispatcher.processRequest(OzoneProtocolMessageDispatcher.java:87) [hdds-server-framework-1.4.0-SNAPSHOT.jar:?]
	at org.apache.hadoop.ozone.protocolPB.OzoneManagerProtocolServerSideTranslatorPB.submitRequest(OzoneManagerProtocolServerSideTranslatorPB.java:148) [ozone-manager-1.4.0-SNAPSHOT.jar:?]
	at org.apache.hadoop.ozone.protocol.proto.OzoneManagerProtocolProtos$OzoneManagerService$2.callBlockingMethod(OzoneManagerProtocolProtos.java) [ozone-interface-client-1.4.0-SNAPSHOT.jar:?]
	at org.apache.hadoop.ipc.ProtobufRpcEngine$Server.processCall(ProtobufRpcEngine.java:484) [hadoop-common-3.3.6.jar:?]
	at org.apache.hadoop.ipc.ProtobufRpcEngine2$Server$ProtoBufRpcInvoker.call(ProtobufRpcEngine2.java:595) [hadoop-common-3.3.6.jar:?]
	at org.apache.hadoop.ipc.ProtobufRpcEngine2$Server$ProtoBufRpcInvoker.call(ProtobufRpcEngine2.java:573) [hadoop-common-3.3.6.jar:?]
	at org.apache.hadoop.ipc.RPC$Server.call(RPC.java:1227) [hadoop-common-3.3.6.jar:?]
	at org.apache.hadoop.ipc.Server$RpcCall.run(Server.java:1094) [hadoop-common-3.3.6.jar:?]
	at org.apache.hadoop.ipc.Server$RpcCall.run(Server.java:1017) [hadoop-common-3.3.6.jar:?]
	at java.security.AccessController.doPrivileged(Native Method) ~[?:1.8.0_382]
	at javax.security.auth.Subject.doAs(Subject.java:422) [?:1.8.0_382]
	at org.apache.hadoop.security.UserGroupInformation.doAs(UserGroupInformation.java:1899) [hadoop-common-3.3.6.jar:?]
	at org.apache.hadoop.ipc.Server$Handler.run(Server.java:3048) [hadoop-common-3.3.6.jar:?]
04:51:58.922 [IPC Server handler 19 on default port 15110] ERROR OMAudit - user=runner | ip=127.0.0.1 | op=GET_FILE_STATUS {volume=volume87246, bucket=bucket72820, key=gdir1/dir10, dataSize=0, replicationConfig=null} | ret=FAILURE
org.apache.hadoop.ozone.om.exceptions.OMException: Unable to get file status: volume: volume87246 bucket: bucket72820 key: gdir1/dir10
	at org.apache.hadoop.ozone.om.KeyManagerImpl.getOzoneFileStatus(KeyManagerImpl.java:1195) ~[ozone-manager-1.4.0-SNAPSHOT.jar:?]
	at org.apache.hadoop.ozone.om.KeyManagerImpl.getFileStatus(KeyManagerImpl.java:1113) ~[ozone-manager-1.4.0-SNAPSHOT.jar:?]
	at org.apache.hadoop.ozone.om.OmMetadataReader.getFileStatus(OmMetadataReader.java:262) ~[ozone-manager-1.4.0-SNAPSHOT.jar:?]
	at org.apache.hadoop.ozone.om.OzoneManager.getFileStatus(OzoneManager.java:3530) ~[ozone-manager-1.4.0-SNAPSHOT.jar:?]
	at org.apache.hadoop.ozone.protocolPB.OzoneManagerRequestHandler.getOzoneFileStatus(OzoneManagerRequestHandler.java:971) ~[ozone-manager-1.4.0-SNAPSHOT.jar:?]
	at org.apache.hadoop.ozone.protocolPB.OzoneManagerRequestHandler.handleReadRequest(OzoneManagerRequestHandler.java:250) ~[ozone-manager-1.4.0-SNAPSHOT.jar:?]
	at org.apache.hadoop.ozone.protocolPB.OzoneManagerProtocolServerSideTranslatorPB.submitReadRequestToOM(OzoneManagerProtocolServerSideTranslatorPB.java:225) ~[ozone-manager-1.4.0-SNAPSHOT.jar:?]
	at org.apache.hadoop.ozone.protocolPB.OzoneManagerProtocolServerSideTranslatorPB.processRequest(OzoneManagerProtocolServerSideTranslatorPB.java:179) ~[ozone-manager-1.4.0-SNAPSHOT.jar:?]
	at org.apache.hadoop.hdds.server.OzoneProtocolMessageDispatcher.processRequest(OzoneProtocolMessageDispatcher.java:87) [hdds-server-framework-1.4.0-SNAPSHOT.jar:?]
	at org.apache.hadoop.ozone.protocolPB.OzoneManagerProtocolServerSideTranslatorPB.submitRequest(OzoneManagerProtocolServerSideTranslatorPB.java:148) [ozone-manager-1.4.0-SNAPSHOT.jar:?]
	at org.apache.hadoop.ozone.protocol.proto.OzoneManagerProtocolProtos$OzoneManagerService$2.callBlockingMethod(OzoneManagerProtocolProtos.java) [ozone-interface-client-1.4.0-SNAPSHOT.jar:?]
	at org.apache.hadoop.ipc.ProtobufRpcEngine$Server.processCall(ProtobufRpcEngine.java:484) [hadoop-common-3.3.6.jar:?]
	at org.apache.hadoop.ipc.ProtobufRpcEngine2$Server$ProtoBufRpcInvoker.call(ProtobufRpcEngine2.java:595) [hadoop-common-3.3.6.jar:?]
	at org.apache.hadoop.ipc.ProtobufRpcEngine2$Server$ProtoBufRpcInvoker.call(ProtobufRpcEngine2.java:573) [hadoop-common-3.3.6.jar:?]
	at org.apache.hadoop.ipc.RPC$Server.call(RPC.java:1227) [hadoop-common-3.3.6.jar:?]
	at org.apache.hadoop.ipc.Server$RpcCall.run(Server.java:1094) [hadoop-common-3.3.6.jar:?]
	at org.apache.hadoop.ipc.Server$RpcCall.run(Server.java:1017) [hadoop-common-3.3.6.jar:?]
	at java.security.AccessController.doPrivileged(Native Method) ~[?:1.8.0_382]
	at javax.security.auth.Subject.doAs(Subject.java:422) [?:1.8.0_382]
	at org.apache.hadoop.security.UserGroupInformation.doAs(UserGroupInformation.java:1899) [hadoop-common-3.3.6.jar:?]
	at org.apache.hadoop.ipc.Server$Handler.run(Server.java:3048) [hadoop-common-3.3.6.jar:?]
04:51:58.924 [IPC Server handler 0 on default port 15110] ERROR OMAudit - user=runner | ip=127.0.0.1 | op=GET_FILE_STATUS {volume=volume87246, bucket=bucket72820, key=gdir1/dir10/child, dataSize=0, replicationConfig=null} | ret=FAILURE
org.apache.hadoop.ozone.om.exceptions.OMException: Unable to get file status: volume: volume87246 bucket: bucket72820 key: gdir1/dir10/child
	at org.apache.hadoop.ozone.om.KeyManagerImpl.getOzoneFileStatus(KeyManagerImpl.java:1195) ~[ozone-manager-1.4.0-SNAPSHOT.jar:?]
	at org.apache.hadoop.ozone.om.KeyManagerImpl.getFileStatus(KeyManagerImpl.java:1113) ~[ozone-manager-1.4.0-SNAPSHOT.jar:?]
	at org.apache.hadoop.ozone.om.OmMetadataReader.getFileStatus(OmMetadataReader.java:262) ~[ozone-manager-1.4.0-SNAPSHOT.jar:?]
	at org.apache.hadoop.ozone.om.OzoneManager.getFileStatus(OzoneManager.java:3530) ~[ozone-manager-1.4.0-SNAPSHOT.jar:?]
	at org.apache.hadoop.ozone.protocolPB.OzoneManagerRequestHandler.getOzoneFileStatus(OzoneManagerRequestHandler.java:971) ~[ozone-manager-1.4.0-SNAPSHOT.jar:?]
	at org.apache.hadoop.ozone.protocolPB.OzoneManagerRequestHandler.handleReadRequest(OzoneManagerRequestHandler.java:250) ~[ozone-manager-1.4.0-SNAPSHOT.jar:?]
	at org.apache.hadoop.ozone.protocolPB.OzoneManagerProtocolServerSideTranslatorPB.submitReadRequestToOM(OzoneManagerProtocolServerSideTranslatorPB.java:225) ~[ozone-manager-1.4.0-SNAPSHOT.jar:?]
	at org.apache.hadoop.ozone.protocolPB.OzoneManagerProtocolServerSideTranslatorPB.processRequest(OzoneManagerProtocolServerSideTranslatorPB.java:179) ~[ozone-manager-1.4.0-SNAPSHOT.jar:?]
	at org.apache.hadoop.hdds.server.OzoneProtocolMessageDispatcher.processRequest(OzoneProtocolMessageDispatcher.java:87) [hdds-server-framework-1.4.0-SNAPSHOT.jar:?]
	at org.apache.hadoop.ozone.protocolPB.OzoneManagerProtocolServerSideTranslatorPB.submitRequest(OzoneManagerProtocolServerSideTranslatorPB.java:148) [ozone-manager-1.4.0-SNAPSHOT.jar:?]
	at org.apache.hadoop.ozone.protocol.proto.OzoneManagerProtocolProtos$OzoneManagerService$2.callBlockingMethod(OzoneManagerProtocolProtos.java) [ozone-interface-client-1.4.0-SNAPSHOT.jar:?]
	at org.apache.hadoop.ipc.ProtobufRpcEngine$Server.processCall(ProtobufRpcEngine.java:484) [hadoop-common-3.3.6.jar:?]
	at org.apache.hadoop.ipc.ProtobufRpcEngine2$Server$ProtoBufRpcInvoker.call(ProtobufRpcEngine2.java:595) [hadoop-common-3.3.6.jar:?]
	at org.apache.hadoop.ipc.ProtobufRpcEngine2$Server$ProtoBufRpcInvoker.call(ProtobufRpcEngine2.java:573) [hadoop-common-3.3.6.jar:?]
	at org.apache.hadoop.ipc.RPC$Server.call(RPC.java:1227) [hadoop-common-3.3.6.jar:?]
	at org.apache.hadoop.ipc.Server$RpcCall.run(Server.java:1094) [hadoop-common-3.3.6.jar:?]
	at org.apache.hadoop.ipc.Server$RpcCall.run(Server.java:1017) [hadoop-common-3.3.6.jar:?]
	at java.security.AccessController.doPrivileged(Native Method) ~[?:1.8.0_382]
	at javax.security.auth.Subject.doAs(Subject.java:422) [?:1.8.0_382]
	at org.apache.hadoop.security.UserGroupInformation.doAs(UserGroupInformation.java:1899) [hadoop-common-3.3.6.jar:?]
	at org.apache.hadoop.ipc.Server$Handler.run(Server.java:3048) [hadoop-common-3.3.6.jar:?]
04:51:59.030 [IPC Server handler 10 on default port 15110] ERROR OMAudit - user=runner | ip=127.0.0.1 | op=GET_FILE_STATUS {volume=volume87246, bucket=bucket72820, key=level0, dataSize=0, replicationConfig=null} | ret=FAILURE
org.apache.hadoop.ozone.om.exceptions.OMException: Unable to get file status: volume: volume87246 bucket: bucket72820 key: level0
	at org.apache.hadoop.ozone.om.KeyManagerImpl.getOzoneFileStatus(KeyManagerImpl.java:1195) ~[ozone-manager-1.4.0-SNAPSHOT.jar:?]
	at org.apache.hadoop.ozone.om.KeyManagerImpl.getFileStatus(KeyManagerImpl.java:1113) ~[ozone-manager-1.4.0-SNAPSHOT.jar:?]
	at org.apache.hadoop.ozone.om.OmMetadataReader.getFileStatus(OmMetadataReader.java:262) ~[ozone-manager-1.4.0-SNAPSHOT.jar:?]
	at org.apache.hadoop.ozone.om.OzoneManager.getFileStatus(OzoneManager.java:3530) ~[ozone-manager-1.4.0-SNAPSHOT.jar:?]
	at org.apache.hadoop.ozone.protocolPB.OzoneManagerRequestHandler.getOzoneFileStatus(OzoneManagerRequestHandler.java:971) ~[ozone-manager-1.4.0-SNAPSHOT.jar:?]
	at org.apache.hadoop.ozone.protocolPB.OzoneManagerRequestHandler.handleReadRequest(OzoneManagerRequestHandler.java:250) ~[ozone-manager-1.4.0-SNAPSHOT.jar:?]
	at org.apache.hadoop.ozone.protocolPB.OzoneManagerProtocolServerSideTranslatorPB.submitReadRequestToOM(OzoneManagerProtocolServerSideTranslatorPB.java:225) ~[ozone-manager-1.4.0-SNAPSHOT.jar:?]
	at org.apache.hadoop.ozone.protocolPB.OzoneManagerProtocolServerSideTranslatorPB.processRequest(OzoneManagerProtocolServerSideTranslatorPB.java:179) ~[ozone-manager-1.4.0-SNAPSHOT.jar:?]
	at org.apache.hadoop.hdds.server.OzoneProtocolMessageDispatcher.processRequest(OzoneProtocolMessageDispatcher.java:87) [hdds-server-framework-1.4.0-SNAPSHOT.jar:?]
	at org.apache.hadoop.ozone.protocolPB.OzoneManagerProtocolServerSideTranslatorPB.submitRequest(OzoneManagerProtocolServerSideTranslatorPB.java:148) [ozone-manager-1.4.0-SNAPSHOT.jar:?]
	at org.apache.hadoop.ozone.protocol.proto.OzoneManagerProtocolProtos$OzoneManagerService$2.callBlockingMethod(OzoneManagerProtocolProtos.java) [ozone-interface-client-1.4.0-SNAPSHOT.jar:?]
	at org.apache.hadoop.ipc.ProtobufRpcEngine$Server.processCall(ProtobufRpcEngine.java:484) [hadoop-common-3.3.6.jar:?]
	at org.apache.hadoop.ipc.ProtobufRpcEngine2$Server$ProtoBufRpcInvoker.call(ProtobufRpcEngine2.java:595) [hadoop-common-3.3.6.jar:?]
	at org.apache.hadoop.ipc.ProtobufRpcEngine2$Server$ProtoBufRpcInvoker.call(ProtobufRpcEngine2.java:573) [hadoop-common-3.3.6.jar:?]
	at org.apache.hadoop.ipc.RPC$Server.call(RPC.java:1227) [hadoop-common-3.3.6.jar:?]
	at org.apache.hadoop.ipc.Server$RpcCall.run(Server.java:1094) [hadoop-common-3.3.6.jar:?]
	at org.apache.hadoop.ipc.Server$RpcCall.run(Server.java:1017) [hadoop-common-3.3.6.jar:?]
	at java.security.AccessController.doPrivileged(Native Method) ~[?:1.8.0_382]
	at javax.security.auth.Subject.doAs(Subject.java:422) [?:1.8.0_382]
	at org.apache.hadoop.security.UserGroupInformation.doAs(UserGroupInformation.java:1899) [hadoop-common-3.3.6.jar:?]
	at org.apache.hadoop.ipc.Server$Handler.run(Server.java:3048) [hadoop-common-3.3.6.jar:?]
04:51:59.031 [IPC Server handler 11 on default port 15110] ERROR OMAudit - user=runner | ip=127.0.0.1 | op=GET_FILE_STATUS {volume=volume87246, bucket=bucket72820, key=level0/level1, dataSize=0, replicationConfig=null} | ret=FAILURE
org.apache.hadoop.ozone.om.exceptions.OMException: Unable to get file status: volume: volume87246 bucket: bucket72820 key: level0/level1
	at org.apache.hadoop.ozone.om.KeyManagerImpl.getOzoneFileStatus(KeyManagerImpl.java:1195) ~[ozone-manager-1.4.0-SNAPSHOT.jar:?]
	at org.apache.hadoop.ozone.om.KeyManagerImpl.getFileStatus(KeyManagerImpl.java:1113) ~[ozone-manager-1.4.0-SNAPSHOT.jar:?]
	at org.apache.hadoop.ozone.om.OmMetadataReader.getFileStatus(OmMetadataReader.java:262) ~[ozone-manager-1.4.0-SNAPSHOT.jar:?]
	at org.apache.hadoop.ozone.om.OzoneManager.getFileStatus(OzoneManager.java:3530) ~[ozone-manager-1.4.0-SNAPSHOT.jar:?]
	at org.apache.hadoop.ozone.protocolPB.OzoneManagerRequestHandler.getOzoneFileStatus(OzoneManagerRequestHandler.java:971) ~[ozone-manager-1.4.0-SNAPSHOT.jar:?]
	at org.apache.hadoop.ozone.protocolPB.OzoneManagerRequestHandler.handleReadRequest(OzoneManagerRequestHandler.java:250) ~[ozone-manager-1.4.0-SNAPSHOT.jar:?]
	at org.apache.hadoop.ozone.protocolPB.OzoneManagerProtocolServerSideTranslatorPB.submitReadRequestToOM(OzoneManagerProtocolServerSideTranslatorPB.java:225) ~[ozone-manager-1.4.0-SNAPSHOT.jar:?]
	at org.apache.hadoop.ozone.protocolPB.OzoneManagerProtocolServerSideTranslatorPB.processRequest(OzoneManagerProtocolServerSideTranslatorPB.java:179) ~[ozone-manager-1.4.0-SNAPSHOT.jar:?]
	at org.apache.hadoop.hdds.server.OzoneProtocolMessageDispatcher.processRequest(OzoneProtocolMessageDispatcher.java:87) [hdds-server-framework-1.4.0-SNAPSHOT.jar:?]
	at org.apache.hadoop.ozone.protocolPB.OzoneManagerProtocolServerSideTranslatorPB.submitRequest(OzoneManagerProtocolServerSideTranslatorPB.java:148) [ozone-manager-1.4.0-SNAPSHOT.jar:?]
	at org.apache.hadoop.ozone.protocol.proto.OzoneManagerProtocolProtos$OzoneManagerService$2.callBlockingMethod(OzoneManagerProtocolProtos.java) [ozone-interface-client-1.4.0-SNAPSHOT.jar:?]
	at org.apache.hadoop.ipc.ProtobufRpcEngine$Server.processCall(ProtobufRpcEngine.java:484) [hadoop-common-3.3.6.jar:?]
	at org.apache.hadoop.ipc.ProtobufRpcEngine2$Server$ProtoBufRpcInvoker.call(ProtobufRpcEngine2.java:595) [hadoop-common-3.3.6.jar:?]
	at org.apache.hadoop.ipc.ProtobufRpcEngine2$Server$ProtoBufRpcInvoker.call(ProtobufRpcEngine2.java:573) [hadoop-common-3.3.6.jar:?]
	at org.apache.hadoop.ipc.RPC$Server.call(RPC.java:1227) [hadoop-common-3.3.6.jar:?]
	at org.apache.hadoop.ipc.Server$RpcCall.run(Server.java:1094) [hadoop-common-3.3.6.jar:?]
	at org.apache.hadoop.ipc.Server$RpcCall.run(Server.java:1017) [hadoop-common-3.3.6.jar:?]
	at java.security.AccessController.doPrivileged(Native Method) ~[?:1.8.0_382]
	at javax.security.auth.Subject.doAs(Subject.java:422) [?:1.8.0_382]
	at org.apache.hadoop.security.UserGroupInformation.doAs(UserGroupInformation.java:1899) [hadoop-common-3.3.6.jar:?]
	at org.apache.hadoop.ipc.Server$Handler.run(Server.java:3048) [hadoop-common-3.3.6.jar:?]
04:51:59.033 [IPC Server handler 18 on default port 15110] ERROR OMAudit - user=runner | ip=127.0.0.1 | op=GET_FILE_STATUS {volume=volume87246, bucket=bucket72820, key=level0/level1/level1, dataSize=0, replicationConfig=null} | ret=FAILURE
org.apache.hadoop.ozone.om.exceptions.OMException: Unable to get file status: volume: volume87246 bucket: bucket72820 key: level0/level1/level1
	at org.apache.hadoop.ozone.om.KeyManagerImpl.getOzoneFileStatus(KeyManagerImpl.java:1195) ~[ozone-manager-1.4.0-SNAPSHOT.jar:?]
	at org.apache.hadoop.ozone.om.KeyManagerImpl.getFileStatus(KeyManagerImpl.java:1113) ~[ozone-manager-1.4.0-SNAPSHOT.jar:?]
	at org.apache.hadoop.ozone.om.OmMetadataReader.getFileStatus(OmMetadataReader.java:262) ~[ozone-manager-1.4.0-SNAPSHOT.jar:?]
	at org.apache.hadoop.ozone.om.OzoneManager.getFileStatus(OzoneManager.java:3530) ~[ozone-manager-1.4.0-SNAPSHOT.jar:?]
	at org.apache.hadoop.ozone.protocolPB.OzoneManagerRequestHandler.getOzoneFileStatus(OzoneManagerRequestHandler.java:971) ~[ozone-manager-1.4.0-SNAPSHOT.jar:?]
	at org.apache.hadoop.ozone.protocolPB.OzoneManagerRequestHandler.handleReadRequest(OzoneManagerRequestHandler.java:250) ~[ozone-manager-1.4.0-SNAPSHOT.jar:?]
	at org.apache.hadoop.ozone.protocolPB.OzoneManagerProtocolServerSideTranslatorPB.submitReadRequestToOM(OzoneManagerProtocolServerSideTranslatorPB.java:225) ~[ozone-manager-1.4.0-SNAPSHOT.jar:?]
	at org.apache.hadoop.ozone.protocolPB.OzoneManagerProtocolServerSideTranslatorPB.processRequest(OzoneManagerProtocolServerSideTranslatorPB.java:179) ~[ozone-manager-1.4.0-SNAPSHOT.jar:?]
	at org.apache.hadoop.hdds.server.OzoneProtocolMessageDispatcher.processRequest(OzoneProtocolMessageDispatcher.java:87) [hdds-server-framework-1.4.0-SNAPSHOT.jar:?]
	at org.apache.hadoop.ozone.protocolPB.OzoneManagerProtocolServerSideTranslatorPB.submitRequest(OzoneManagerProtocolServerSideTranslatorPB.java:148) [ozone-manager-1.4.0-SNAPSHOT.jar:?]
	at org.apache.hadoop.ozone.protocol.proto.OzoneManagerProtocolProtos$OzoneManagerService$2.callBlockingMethod(OzoneManagerProtocolProtos.java) [ozone-interface-client-1.4.0-SNAPSHOT.jar:?]
	at org.apache.hadoop.ipc.ProtobufRpcEngine$Server.processCall(ProtobufRpcEngine.java:484) [hadoop-common-3.3.6.jar:?]
	at org.apache.hadoop.ipc.ProtobufRpcEngine2$Server$ProtoBufRpcInvoker.call(ProtobufRpcEngine2.java:595) [hadoop-common-3.3.6.jar:?]
	at org.apache.hadoop.ipc.ProtobufRpcEngine2$Server$ProtoBufRpcInvoker.call(ProtobufRpcEngine2.java:573) [hadoop-common-3.3.6.jar:?]
	at org.apache.hadoop.ipc.RPC$Server.call(RPC.java:1227) [hadoop-common-3.3.6.jar:?]
	at org.apache.hadoop.ipc.Server$RpcCall.run(Server.java:1094) [hadoop-common-3.3.6.jar:?]
	at org.apache.hadoop.ipc.Server$RpcCall.run(Server.java:1017) [hadoop-common-3.3.6.jar:?]
	at java.security.AccessController.doPrivileged(Native Method) ~[?:1.8.0_382]
	at javax.security.auth.Subject.doAs(Subject.java:422) [?:1.8.0_382]
	at org.apache.hadoop.security.UserGroupInformation.doAs(UserGroupInformation.java:1899) [hadoop-common-3.3.6.jar:?]
	at org.apache.hadoop.ipc.Server$Handler.run(Server.java:3048) [hadoop-common-3.3.6.jar:?]
04:51:59.036 [IPC Server handler 17 on default port 15110] ERROR OMAudit - user=runner | ip=127.0.0.1 | op=GET_FILE_STATUS {volume=volume87246, bucket=bucket72820, key=level0/level1/file1, dataSize=0, replicationConfig=null} | ret=FAILURE
org.apache.hadoop.ozone.om.exceptions.OMException: Unable to get file status: volume: volume87246 bucket: bucket72820 key: level0/level1/file1
	at org.apache.hadoop.ozone.om.KeyManagerImpl.getOzoneFileStatus(KeyManagerImpl.java:1195) ~[ozone-manager-1.4.0-SNAPSHOT.jar:?]
	at org.apache.hadoop.ozone.om.KeyManagerImpl.getFileStatus(KeyManagerImpl.java:1113) ~[ozone-manager-1.4.0-SNAPSHOT.jar:?]
	at org.apache.hadoop.ozone.om.OmMetadataReader.getFileStatus(OmMetadataReader.java:262) ~[ozone-manager-1.4.0-SNAPSHOT.jar:?]
	at org.apache.hadoop.ozone.om.OzoneManager.getFileStatus(OzoneManager.java:3530) ~[ozone-manager-1.4.0-SNAPSHOT.jar:?]
	at org.apache.hadoop.ozone.protocolPB.OzoneManagerRequestHandler.getOzoneFileStatus(OzoneManagerRequestHandler.java:971) ~[ozone-manager-1.4.0-SNAPSHOT.jar:?]
	at org.apache.hadoop.ozone.protocolPB.OzoneManagerRequestHandler.handleReadRequest(OzoneManagerRequestHandler.java:250) ~[ozone-manager-1.4.0-SNAPSHOT.jar:?]
	at org.apache.hadoop.ozone.protocolPB.OzoneManagerProtocolServerSideTranslatorPB.submitReadRequestToOM(OzoneManagerProtocolServerSideTranslatorPB.java:225) ~[ozone-manager-1.4.0-SNAPSHOT.jar:?]
	at org.apache.hadoop.ozone.protocolPB.OzoneManagerProtocolServerSideTranslatorPB.processRequest(OzoneManagerProtocolServerSideTranslatorPB.java:179) ~[ozone-manager-1.4.0-SNAPSHOT.jar:?]
	at org.apache.hadoop.hdds.server.OzoneProtocolMessageDispatcher.processRequest(OzoneProtocolMessageDispatcher.java:87) [hdds-server-framework-1.4.0-SNAPSHOT.jar:?]
	at org.apache.hadoop.ozone.protocolPB.OzoneManagerProtocolServerSideTranslatorPB.submitRequest(OzoneManagerProtocolServerSideTranslatorPB.java:148) [ozone-manager-1.4.0-SNAPSHOT.jar:?]
	at org.apache.hadoop.ozone.protocol.proto.OzoneManagerProtocolProtos$OzoneManagerService$2.callBlockingMethod(OzoneManagerProtocolProtos.java) [ozone-interface-client-1.4.0-SNAPSHOT.jar:?]
	at org.apache.hadoop.ipc.ProtobufRpcEngine$Server.processCall(ProtobufRpcEngine.java:484) [hadoop-common-3.3.6.jar:?]
	at org.apache.hadoop.ipc.ProtobufRpcEngine2$Server$ProtoBufRpcInvoker.call(ProtobufRpcEngine2.java:595) [hadoop-common-3.3.6.jar:?]
	at org.apache.hadoop.ipc.ProtobufRpcEngine2$Server$ProtoBufRpcInvoker.call(ProtobufRpcEngine2.java:573) [hadoop-common-3.3.6.jar:?]
	at org.apache.hadoop.ipc.RPC$Server.call(RPC.java:1227) [hadoop-common-3.3.6.jar:?]
	at org.apache.hadoop.ipc.Server$RpcCall.run(Server.java:1094) [hadoop-common-3.3.6.jar:?]
	at org.apache.hadoop.ipc.Server$RpcCall.run(Server.java:1017) [hadoop-common-3.3.6.jar:?]
	at java.security.AccessController.doPrivileged(Native Method) ~[?:1.8.0_382]
	at javax.security.auth.Subject.doAs(Subject.java:422) [?:1.8.0_382]
	at org.apache.hadoop.security.UserGroupInformation.doAs(UserGroupInformation.java:1899) [hadoop-common-3.3.6.jar:?]
	at org.apache.hadoop.ipc.Server$Handler.run(Server.java:3048) [hadoop-common-3.3.6.jar:?]
04:51:59.037 [IPC Server handler 16 on default port 15110] ERROR OMAudit - user=runner | ip=127.0.0.1 | op=GET_FILE_STATUS {volume=volume87246, bucket=bucket72820, key=level0/level1/level1/file1, dataSize=0, replicationConfig=null} | ret=FAILURE
org.apache.hadoop.ozone.om.exceptions.OMException: Unable to get file status: volume: volume87246 bucket: bucket72820 key: level0/level1/level1/file1
	at org.apache.hadoop.ozone.om.KeyManagerImpl.getOzoneFileStatus(KeyManagerImpl.java:1195) ~[ozone-manager-1.4.0-SNAPSHOT.jar:?]
	at org.apache.hadoop.ozone.om.KeyManagerImpl.getFileStatus(KeyManagerImpl.java:1113) ~[ozone-manager-1.4.0-SNAPSHOT.jar:?]
	at org.apache.hadoop.ozone.om.OmMetadataReader.getFileStatus(OmMetadataReader.java:262) ~[ozone-manager-1.4.0-SNAPSHOT.jar:?]
	at org.apache.hadoop.ozone.om.OzoneManager.getFileStatus(OzoneManager.java:3530) ~[ozone-manager-1.4.0-SNAPSHOT.jar:?]
	at org.apache.hadoop.ozone.protocolPB.OzoneManagerRequestHandler.getOzoneFileStatus(OzoneManagerRequestHandler.java:971) ~[ozone-manager-1.4.0-SNAPSHOT.jar:?]
	at org.apache.hadoop.ozone.protocolPB.OzoneManagerRequestHandler.handleReadRequest(OzoneManagerRequestHandler.java:250) ~[ozone-manager-1.4.0-SNAPSHOT.jar:?]
	at org.apache.hadoop.ozone.protocolPB.OzoneManagerProtocolServerSideTranslatorPB.submitReadRequestToOM(OzoneManagerProtocolServerSideTranslatorPB.java:225) ~[ozone-manager-1.4.0-SNAPSHOT.jar:?]
	at org.apache.hadoop.ozone.protocolPB.OzoneManagerProtocolServerSideTranslatorPB.processRequest(OzoneManagerProtocolServerSideTranslatorPB.java:179) ~[ozone-manager-1.4.0-SNAPSHOT.jar:?]
	at org.apache.hadoop.hdds.server.OzoneProtocolMessageDispatcher.processRequest(OzoneProtocolMessageDispatcher.java:87) [hdds-server-framework-1.4.0-SNAPSHOT.jar:?]
	at org.apache.hadoop.ozone.protocolPB.OzoneManagerProtocolServerSideTranslatorPB.submitRequest(OzoneManagerProtocolServerSideTranslatorPB.java:148) [ozone-manager-1.4.0-SNAPSHOT.jar:?]
	at org.apache.hadoop.ozone.protocol.proto.OzoneManagerProtocolProtos$OzoneManagerService$2.callBlockingMethod(OzoneManagerProtocolProtos.java) [ozone-interface-client-1.4.0-SNAPSHOT.jar:?]
	at org.apache.hadoop.ipc.ProtobufRpcEngine$Server.processCall(ProtobufRpcEngine.java:484) [hadoop-common-3.3.6.jar:?]
	at org.apache.hadoop.ipc.ProtobufRpcEngine2$Server$ProtoBufRpcInvoker.call(ProtobufRpcEngine2.java:595) [hadoop-common-3.3.6.jar:?]
	at org.apache.hadoop.ipc.ProtobufRpcEngine2$Server$ProtoBufRpcInvoker.call(ProtobufRpcEngine2.java:573) [hadoop-common-3.3.6.jar:?]
	at org.apache.hadoop.ipc.RPC$Server.call(RPC.java:1227) [hadoop-common-3.3.6.jar:?]
	at org.apache.hadoop.ipc.Server$RpcCall.run(Server.java:1094) [hadoop-common-3.3.6.jar:?]
	at org.apache.hadoop.ipc.Server$RpcCall.run(Server.java:1017) [hadoop-common-3.3.6.jar:?]
	at java.security.AccessController.doPrivileged(Native Method) ~[?:1.8.0_382]
	at javax.security.auth.Subject.doAs(Subject.java:422) [?:1.8.0_382]
	at org.apache.hadoop.security.UserGroupInformation.doAs(UserGroupInformation.java:1899) [hadoop-common-3.3.6.jar:?]
	at org.apache.hadoop.ipc.Server$Handler.run(Server.java:3048) [hadoop-common-3.3.6.jar:?]
04:51:59.039 [IPC Server handler 19 on default port 15110] ERROR OMAudit - user=runner | ip=127.0.0.1 | op=GET_FILE_STATUS {volume=volume87246, bucket=bucket72820, key=level0/level2, dataSize=0, replicationConfig=null} | ret=FAILURE
org.apache.hadoop.ozone.om.exceptions.OMException: Unable to get file status: volume: volume87246 bucket: bucket72820 key: level0/level2
	at org.apache.hadoop.ozone.om.KeyManagerImpl.getOzoneFileStatus(KeyManagerImpl.java:1195) ~[ozone-manager-1.4.0-SNAPSHOT.jar:?]
	at org.apache.hadoop.ozone.om.KeyManagerImpl.getFileStatus(KeyManagerImpl.java:1113) ~[ozone-manager-1.4.0-SNAPSHOT.jar:?]
	at org.apache.hadoop.ozone.om.OmMetadataReader.getFileStatus(OmMetadataReader.java:262) ~[ozone-manager-1.4.0-SNAPSHOT.jar:?]
	at org.apache.hadoop.ozone.om.OzoneManager.getFileStatus(OzoneManager.java:3530) ~[ozone-manager-1.4.0-SNAPSHOT.jar:?]
	at org.apache.hadoop.ozone.protocolPB.OzoneManagerRequestHandler.getOzoneFileStatus(OzoneManagerRequestHandler.java:971) ~[ozone-manager-1.4.0-SNAPSHOT.jar:?]
	at org.apache.hadoop.ozone.protocolPB.OzoneManagerRequestHandler.handleReadRequest(OzoneManagerRequestHandler.java:250) ~[ozone-manager-1.4.0-SNAPSHOT.jar:?]
	at org.apache.hadoop.ozone.protocolPB.OzoneManagerProtocolServerSideTranslatorPB.submitReadRequestToOM(OzoneManagerProtocolServerSideTranslatorPB.java:225) ~[ozone-manager-1.4.0-SNAPSHOT.jar:?]
	at org.apache.hadoop.ozone.protocolPB.OzoneManagerProtocolServerSideTranslatorPB.processRequest(OzoneManagerProtocolServerSideTranslatorPB.java:179) ~[ozone-manager-1.4.0-SNAPSHOT.jar:?]
	at org.apache.hadoop.hdds.server.OzoneProtocolMessageDispatcher.processRequest(OzoneProtocolMessageDispatcher.java:87) [hdds-server-framework-1.4.0-SNAPSHOT.jar:?]
	at org.apache.hadoop.ozone.protocolPB.OzoneManagerProtocolServerSideTranslatorPB.submitRequest(OzoneManagerProtocolServerSideTranslatorPB.java:148) [ozone-manager-1.4.0-SNAPSHOT.jar:?]
	at org.apache.hadoop.ozone.protocol.proto.OzoneManagerProtocolProtos$OzoneManagerService$2.callBlockingMethod(OzoneManagerProtocolProtos.java) [ozone-interface-client-1.4.0-SNAPSHOT.jar:?]
	at org.apache.hadoop.ipc.ProtobufRpcEngine$Server.processCall(ProtobufRpcEngine.java:484) [hadoop-common-3.3.6.jar:?]
	at org.apache.hadoop.ipc.ProtobufRpcEngine2$Server$ProtoBufRpcInvoker.call(ProtobufRpcEngine2.java:595) [hadoop-common-3.3.6.jar:?]
	at org.apache.hadoop.ipc.ProtobufRpcEngine2$Server$ProtoBufRpcInvoker.call(ProtobufRpcEngine2.java:573) [hadoop-common-3.3.6.jar:?]
	at org.apache.hadoop.ipc.RPC$Server.call(RPC.java:1227) [hadoop-common-3.3.6.jar:?]
	at org.apache.hadoop.ipc.Server$RpcCall.run(Server.java:1094) [hadoop-common-3.3.6.jar:?]
	at org.apache.hadoop.ipc.Server$RpcCall.run(Server.java:1017) [hadoop-common-3.3.6.jar:?]
	at java.security.AccessController.doPrivileged(Native Method) ~[?:1.8.0_382]
	at javax.security.auth.Subject.doAs(Subject.java:422) [?:1.8.0_382]
	at org.apache.hadoop.security.UserGroupInformation.doAs(UserGroupInformation.java:1899) [hadoop-common-3.3.6.jar:?]
	at org.apache.hadoop.ipc.Server$Handler.run(Server.java:3048) [hadoop-common-3.3.6.jar:?]
04:51:59.040 [IPC Server handler 0 on default port 15110] ERROR OMAudit - user=runner | ip=127.0.0.1 | op=GET_FILE_STATUS {volume=volume87246, bucket=bucket72820, key=level0/level2/level2, dataSize=0, replicationConfig=null} | ret=FAILURE
org.apache.hadoop.ozone.om.exceptions.OMException: Unable to get file status: volume: volume87246 bucket: bucket72820 key: level0/level2/level2
	at org.apache.hadoop.ozone.om.KeyManagerImpl.getOzoneFileStatus(KeyManagerImpl.java:1195) ~[ozone-manager-1.4.0-SNAPSHOT.jar:?]
	at org.apache.hadoop.ozone.om.KeyManagerImpl.getFileStatus(KeyManagerImpl.java:1113) ~[ozone-manager-1.4.0-SNAPSHOT.jar:?]
	at org.apache.hadoop.ozone.om.OmMetadataReader.getFileStatus(OmMetadataReader.java:262) ~[ozone-manager-1.4.0-SNAPSHOT.jar:?]
	at org.apache.hadoop.ozone.om.OzoneManager.getFileStatus(OzoneManager.java:3530) ~[ozone-manager-1.4.0-SNAPSHOT.jar:?]
	at org.apache.hadoop.ozone.protocolPB.OzoneManagerRequestHandler.getOzoneFileStatus(OzoneManagerRequestHandler.java:971) ~[ozone-manager-1.4.0-SNAPSHOT.jar:?]
	at org.apache.hadoop.ozone.protocolPB.OzoneManagerRequestHandler.handleReadRequest(OzoneManagerRequestHandler.java:250) ~[ozone-manager-1.4.0-SNAPSHOT.jar:?]
	at org.apache.hadoop.ozone.protocolPB.OzoneManagerProtocolServerSideTranslatorPB.submitReadRequestToOM(OzoneManagerProtocolServerSideTranslatorPB.java:225) ~[ozone-manager-1.4.0-SNAPSHOT.jar:?]
	at org.apache.hadoop.ozone.protocolPB.OzoneManagerProtocolServerSideTranslatorPB.processRequest(OzoneManagerProtocolServerSideTranslatorPB.java:179) ~[ozone-manager-1.4.0-SNAPSHOT.jar:?]
	at org.apache.hadoop.hdds.server.OzoneProtocolMessageDispatcher.processRequest(OzoneProtocolMessageDispatcher.java:87) [hdds-server-framework-1.4.0-SNAPSHOT.jar:?]
	at org.apache.hadoop.ozone.protocolPB.OzoneManagerProtocolServerSideTranslatorPB.submitRequest(OzoneManagerProtocolServerSideTranslatorPB.java:148) [ozone-manager-1.4.0-SNAPSHOT.jar:?]
	at org.apache.hadoop.ozone.protocol.proto.OzoneManagerProtocolProtos$OzoneManagerService$2.callBlockingMethod(OzoneManagerProtocolProtos.java) [ozone-interface-client-1.4.0-SNAPSHOT.jar:?]
	at org.apache.hadoop.ipc.ProtobufRpcEngine$Server.processCall(ProtobufRpcEngine.java:484) [hadoop-common-3.3.6.jar:?]
	at org.apache.hadoop.ipc.ProtobufRpcEngine2$Server$ProtoBufRpcInvoker.call(ProtobufRpcEngine2.java:595) [hadoop-common-3.3.6.jar:?]
	at org.apache.hadoop.ipc.ProtobufRpcEngine2$Server$ProtoBufRpcInvoker.call(ProtobufRpcEngine2.java:573) [hadoop-common-3.3.6.jar:?]
	at org.apache.hadoop.ipc.RPC$Server.call(RPC.java:1227) [hadoop-common-3.3.6.jar:?]
	at org.apache.hadoop.ipc.Server$RpcCall.run(Server.java:1094) [hadoop-common-3.3.6.jar:?]
	at org.apache.hadoop.ipc.Server$RpcCall.run(Server.java:1017) [hadoop-common-3.3.6.jar:?]
	at java.security.AccessController.doPrivileged(Native Method) ~[?:1.8.0_382]
	at javax.security.auth.Subject.doAs(Subject.java:422) [?:1.8.0_382]
	at org.apache.hadoop.security.UserGroupInformation.doAs(UserGroupInformation.java:1899) [hadoop-common-3.3.6.jar:?]
	at org.apache.hadoop.ipc.Server$Handler.run(Server.java:3048) [hadoop-common-3.3.6.jar:?]
04:51:59.042 [IPC Server handler 1 on default port 15110] ERROR OMAudit - user=runner | ip=127.0.0.1 | op=GET_FILE_STATUS {volume=volume87246, bucket=bucket72820, key=level0/level2/file1, dataSize=0, replicationConfig=null} | ret=FAILURE
org.apache.hadoop.ozone.om.exceptions.OMException: Unable to get file status: volume: volume87246 bucket: bucket72820 key: level0/level2/file1
	at org.apache.hadoop.ozone.om.KeyManagerImpl.getOzoneFileStatus(KeyManagerImpl.java:1195) ~[ozone-manager-1.4.0-SNAPSHOT.jar:?]
	at org.apache.hadoop.ozone.om.KeyManagerImpl.getFileStatus(KeyManagerImpl.java:1113) ~[ozone-manager-1.4.0-SNAPSHOT.jar:?]
	at org.apache.hadoop.ozone.om.OmMetadataReader.getFileStatus(OmMetadataReader.java:262) ~[ozone-manager-1.4.0-SNAPSHOT.jar:?]
	at org.apache.hadoop.ozone.om.OzoneManager.getFileStatus(OzoneManager.java:3530) ~[ozone-manager-1.4.0-SNAPSHOT.jar:?]
	at org.apache.hadoop.ozone.protocolPB.OzoneManagerRequestHandler.getOzoneFileStatus(OzoneManagerRequestHandler.java:971) ~[ozone-manager-1.4.0-SNAPSHOT.jar:?]
	at org.apache.hadoop.ozone.protocolPB.OzoneManagerRequestHandler.handleReadRequest(OzoneManagerRequestHandler.java:250) ~[ozone-manager-1.4.0-SNAPSHOT.jar:?]
	at org.apache.hadoop.ozone.protocolPB.OzoneManagerProtocolServerSideTranslatorPB.submitReadRequestToOM(OzoneManagerProtocolServerSideTranslatorPB.java:225) ~[ozone-manager-1.4.0-SNAPSHOT.jar:?]
	at org.apache.hadoop.ozone.protocolPB.OzoneManagerProtocolServerSideTranslatorPB.processRequest(OzoneManagerProtocolServerSideTranslatorPB.java:179) ~[ozone-manager-1.4.0-SNAPSHOT.jar:?]
	at org.apache.hadoop.hdds.server.OzoneProtocolMessageDispatcher.processRequest(OzoneProtocolMessageDispatcher.java:87) [hdds-server-framework-1.4.0-SNAPSHOT.jar:?]
	at org.apache.hadoop.ozone.protocolPB.OzoneManagerProtocolServerSideTranslatorPB.submitRequest(OzoneManagerProtocolServerSideTranslatorPB.java:148) [ozone-manager-1.4.0-SNAPSHOT.jar:?]
	at org.apache.hadoop.ozone.protocol.proto.OzoneManagerProtocolProtos$OzoneManagerService$2.callBlockingMethod(OzoneManagerProtocolProtos.java) [ozone-interface-client-1.4.0-SNAPSHOT.jar:?]
	at org.apache.hadoop.ipc.ProtobufRpcEngine$Server.processCall(ProtobufRpcEngine.java:484) [hadoop-common-3.3.6.jar:?]
	at org.apache.hadoop.ipc.ProtobufRpcEngine2$Server$ProtoBufRpcInvoker.call(ProtobufRpcEngine2.java:595) [hadoop-common-3.3.6.jar:?]
	at org.apache.hadoop.ipc.ProtobufRpcEngine2$Server$ProtoBufRpcInvoker.call(ProtobufRpcEngine2.java:573) [hadoop-common-3.3.6.jar:?]
	at org.apache.hadoop.ipc.RPC$Server.call(RPC.java:1227) [hadoop-common-3.3.6.jar:?]
	at org.apache.hadoop.ipc.Server$RpcCall.run(Server.java:1094) [hadoop-common-3.3.6.jar:?]
	at org.apache.hadoop.ipc.Server$RpcCall.run(Server.java:1017) [hadoop-common-3.3.6.jar:?]
	at java.security.AccessController.doPrivileged(Native Method) ~[?:1.8.0_382]
	at javax.security.auth.Subject.doAs(Subject.java:422) [?:1.8.0_382]
	at org.apache.hadoop.security.UserGroupInformation.doAs(UserGroupInformation.java:1899) [hadoop-common-3.3.6.jar:?]
	at org.apache.hadoop.ipc.Server$Handler.run(Server.java:3048) [hadoop-common-3.3.6.jar:?]
04:51:59.043 [IPC Server handler 2 on default port 15110] ERROR OMAudit - user=runner | ip=127.0.0.1 | op=GET_FILE_STATUS {volume=volume87246, bucket=bucket72820, key=level0/level2/level2/file1, dataSize=0, replicationConfig=null} | ret=FAILURE
org.apache.hadoop.ozone.om.exceptions.OMException: Unable to get file status: volume: volume87246 bucket: bucket72820 key: level0/level2/level2/file1
	at org.apache.hadoop.ozone.om.KeyManagerImpl.getOzoneFileStatus(KeyManagerImpl.java:1195) ~[ozone-manager-1.4.0-SNAPSHOT.jar:?]
	at org.apache.hadoop.ozone.om.KeyManagerImpl.getFileStatus(KeyManagerImpl.java:1113) ~[ozone-manager-1.4.0-SNAPSHOT.jar:?]
	at org.apache.hadoop.ozone.om.OmMetadataReader.getFileStatus(OmMetadataReader.java:262) ~[ozone-manager-1.4.0-SNAPSHOT.jar:?]
	at org.apache.hadoop.ozone.om.OzoneManager.getFileStatus(OzoneManager.java:3530) ~[ozone-manager-1.4.0-SNAPSHOT.jar:?]
	at org.apache.hadoop.ozone.protocolPB.OzoneManagerRequestHandler.getOzoneFileStatus(OzoneManagerRequestHandler.java:971) ~[ozone-manager-1.4.0-SNAPSHOT.jar:?]
	at org.apache.hadoop.ozone.protocolPB.OzoneManagerRequestHandler.handleReadRequest(OzoneManagerRequestHandler.java:250) ~[ozone-manager-1.4.0-SNAPSHOT.jar:?]
	at org.apache.hadoop.ozone.protocolPB.OzoneManagerProtocolServerSideTranslatorPB.submitReadRequestToOM(OzoneManagerProtocolServerSideTranslatorPB.java:225) ~[ozone-manager-1.4.0-SNAPSHOT.jar:?]
	at org.apache.hadoop.ozone.protocolPB.OzoneManagerProtocolServerSideTranslatorPB.processRequest(OzoneManagerProtocolServerSideTranslatorPB.java:179) ~[ozone-manager-1.4.0-SNAPSHOT.jar:?]
	at org.apache.hadoop.hdds.server.OzoneProtocolMessageDispatcher.processRequest(OzoneProtocolMessageDispatcher.java:87) [hdds-server-framework-1.4.0-SNAPSHOT.jar:?]
	at org.apache.hadoop.ozone.protocolPB.OzoneManagerProtocolServerSideTranslatorPB.submitRequest(OzoneManagerProtocolServerSideTranslatorPB.java:148) [ozone-manager-1.4.0-SNAPSHOT.jar:?]
	at org.apache.hadoop.ozone.protocol.proto.OzoneManagerProtocolProtos$OzoneManagerService$2.callBlockingMethod(OzoneManagerProtocolProtos.java) [ozone-interface-client-1.4.0-SNAPSHOT.jar:?]
	at org.apache.hadoop.ipc.ProtobufRpcEngine$Server.processCall(ProtobufRpcEngine.java:484) [hadoop-common-3.3.6.jar:?]
	at org.apache.hadoop.ipc.ProtobufRpcEngine2$Server$ProtoBufRpcInvoker.call(ProtobufRpcEngine2.java:595) [hadoop-common-3.3.6.jar:?]
	at org.apache.hadoop.ipc.ProtobufRpcEngine2$Server$ProtoBufRpcInvoker.call(ProtobufRpcEngine2.java:573) [hadoop-common-3.3.6.jar:?]
	at org.apache.hadoop.ipc.RPC$Server.call(RPC.java:1227) [hadoop-common-3.3.6.jar:?]
	at org.apache.hadoop.ipc.Server$RpcCall.run(Server.java:1094) [hadoop-common-3.3.6.jar:?]
	at org.apache.hadoop.ipc.Server$RpcCall.run(Server.java:1017) [hadoop-common-3.3.6.jar:?]
	at java.security.AccessController.doPrivileged(Native Method) ~[?:1.8.0_382]
	at javax.security.auth.Subject.doAs(Subject.java:422) [?:1.8.0_382]
	at org.apache.hadoop.security.UserGroupInformation.doAs(UserGroupInformation.java:1899) [hadoop-common-3.3.6.jar:?]
	at org.apache.hadoop.ipc.Server$Handler.run(Server.java:3048) [hadoop-common-3.3.6.jar:?]
04:51:59.045 [IPC Server handler 4 on default port 15110] ERROR OMAudit - user=runner | ip=127.0.0.1 | op=GET_FILE_STATUS {volume=volume87246, bucket=bucket72820, key=level0/level3, dataSize=0, replicationConfig=null} | ret=FAILURE
org.apache.hadoop.ozone.om.exceptions.OMException: Unable to get file status: volume: volume87246 bucket: bucket72820 key: level0/level3
	at org.apache.hadoop.ozone.om.KeyManagerImpl.getOzoneFileStatus(KeyManagerImpl.java:1195) ~[ozone-manager-1.4.0-SNAPSHOT.jar:?]
	at org.apache.hadoop.ozone.om.KeyManagerImpl.getFileStatus(KeyManagerImpl.java:1113) ~[ozone-manager-1.4.0-SNAPSHOT.jar:?]
	at org.apache.hadoop.ozone.om.OmMetadataReader.getFileStatus(OmMetadataReader.java:262) ~[ozone-manager-1.4.0-SNAPSHOT.jar:?]
	at org.apache.hadoop.ozone.om.OzoneManager.getFileStatus(OzoneManager.java:3530) ~[ozone-manager-1.4.0-SNAPSHOT.jar:?]
	at org.apache.hadoop.ozone.protocolPB.OzoneManagerRequestHandler.getOzoneFileStatus(OzoneManagerRequestHandler.java:971) ~[ozone-manager-1.4.0-SNAPSHOT.jar:?]
	at org.apache.hadoop.ozone.protocolPB.OzoneManagerRequestHandler.handleReadRequest(OzoneManagerRequestHandler.java:250) ~[ozone-manager-1.4.0-SNAPSHOT.jar:?]
	at org.apache.hadoop.ozone.protocolPB.OzoneManagerProtocolServerSideTranslatorPB.submitReadRequestToOM(OzoneManagerProtocolServerSideTranslatorPB.java:225) ~[ozone-manager-1.4.0-SNAPSHOT.jar:?]
	at org.apache.hadoop.ozone.protocolPB.OzoneManagerProtocolServerSideTranslatorPB.processRequest(OzoneManagerProtocolServerSideTranslatorPB.java:179) ~[ozone-manager-1.4.0-SNAPSHOT.jar:?]
	at org.apache.hadoop.hdds.server.OzoneProtocolMessageDispatcher.processRequest(OzoneProtocolMessageDispatcher.java:87) [hdds-server-framework-1.4.0-SNAPSHOT.jar:?]
	at org.apache.hadoop.ozone.protocolPB.OzoneManagerProtocolServerSideTranslatorPB.submitRequest(OzoneManagerProtocolServerSideTranslatorPB.java:148) [ozone-manager-1.4.0-SNAPSHOT.jar:?]
	at org.apache.hadoop.ozone.protocol.proto.OzoneManagerProtocolProtos$OzoneManagerService$2.callBlockingMethod(OzoneManagerProtocolProtos.java) [ozone-interface-client-1.4.0-SNAPSHOT.jar:?]
	at org.apache.hadoop.ipc.ProtobufRpcEngine$Server.processCall(ProtobufRpcEngine.java:484) [hadoop-common-3.3.6.jar:?]
	at org.apache.hadoop.ipc.ProtobufRpcEngine2$Server$ProtoBufRpcInvoker.call(ProtobufRpcEngine2.java:595) [hadoop-common-3.3.6.jar:?]
	at org.apache.hadoop.ipc.ProtobufRpcEngine2$Server$ProtoBufRpcInvoker.call(ProtobufRpcEngine2.java:573) [hadoop-common-3.3.6.jar:?]
	at org.apache.hadoop.ipc.RPC$Server.call(RPC.java:1227) [hadoop-common-3.3.6.jar:?]
	at org.apache.hadoop.ipc.Server$RpcCall.run(Server.java:1094) [hadoop-common-3.3.6.jar:?]
	at org.apache.hadoop.ipc.Server$RpcCall.run(Server.java:1017) [hadoop-common-3.3.6.jar:?]
	at java.security.AccessController.doPrivileged(Native Method) ~[?:1.8.0_382]
	at javax.security.auth.Subject.doAs(Subject.java:422) [?:1.8.0_382]
	at org.apache.hadoop.security.UserGroupInformation.doAs(UserGroupInformation.java:1899) [hadoop-common-3.3.6.jar:?]
	at org.apache.hadoop.ipc.Server$Handler.run(Server.java:3048) [hadoop-common-3.3.6.jar:?]
04:51:59.047 [IPC Server handler 3 on default port 15110] ERROR OMAudit - user=runner | ip=127.0.0.1 | op=GET_FILE_STATUS {volume=volume87246, bucket=bucket72820, key=level0/level3/level3, dataSize=0, replicationConfig=null} | ret=FAILURE
org.apache.hadoop.ozone.om.exceptions.OMException: Unable to get file status: volume: volume87246 bucket: bucket72820 key: level0/level3/level3
	at org.apache.hadoop.ozone.om.KeyManagerImpl.getOzoneFileStatus(KeyManagerImpl.java:1195) ~[ozone-manager-1.4.0-SNAPSHOT.jar:?]
	at org.apache.hadoop.ozone.om.KeyManagerImpl.getFileStatus(KeyManagerImpl.java:1113) ~[ozone-manager-1.4.0-SNAPSHOT.jar:?]
	at org.apache.hadoop.ozone.om.OmMetadataReader.getFileStatus(OmMetadataReader.java:262) ~[ozone-manager-1.4.0-SNAPSHOT.jar:?]
	at org.apache.hadoop.ozone.om.OzoneManager.getFileStatus(OzoneManager.java:3530) ~[ozone-manager-1.4.0-SNAPSHOT.jar:?]
	at org.apache.hadoop.ozone.protocolPB.OzoneManagerRequestHandler.getOzoneFileStatus(OzoneManagerRequestHandler.java:971) ~[ozone-manager-1.4.0-SNAPSHOT.jar:?]
	at org.apache.hadoop.ozone.protocolPB.OzoneManagerRequestHandler.handleReadRequest(OzoneManagerRequestHandler.java:250) ~[ozone-manager-1.4.0-SNAPSHOT.jar:?]
	at org.apache.hadoop.ozone.protocolPB.OzoneManagerProtocolServerSideTranslatorPB.submitReadRequestToOM(OzoneManagerProtocolServerSideTranslatorPB.java:225) ~[ozone-manager-1.4.0-SNAPSHOT.jar:?]
	at org.apache.hadoop.ozone.protocolPB.OzoneManagerProtocolServerSideTranslatorPB.processRequest(OzoneManagerProtocolServerSideTranslatorPB.java:179) ~[ozone-manager-1.4.0-SNAPSHOT.jar:?]
	at org.apache.hadoop.hdds.server.OzoneProtocolMessageDispatcher.processRequest(OzoneProtocolMessageDispatcher.java:87) [hdds-server-framework-1.4.0-SNAPSHOT.jar:?]
	at org.apache.hadoop.ozone.protocolPB.OzoneManagerProtocolServerSideTranslatorPB.submitRequest(OzoneManagerProtocolServerSideTranslatorPB.java:148) [ozone-manager-1.4.0-SNAPSHOT.jar:?]
	at org.apache.hadoop.ozone.protocol.proto.OzoneManagerProtocolProtos$OzoneManagerService$2.callBlockingMethod(OzoneManagerProtocolProtos.java) [ozone-interface-client-1.4.0-SNAPSHOT.jar:?]
	at org.apache.hadoop.ipc.ProtobufRpcEngine$Server.processCall(ProtobufRpcEngine.java:484) [hadoop-common-3.3.6.jar:?]
	at org.apache.hadoop.ipc.ProtobufRpcEngine2$Server$ProtoBufRpcInvoker.call(ProtobufRpcEngine2.java:595) [hadoop-common-3.3.6.jar:?]
	at org.apache.hadoop.ipc.ProtobufRpcEngine2$Server$ProtoBufRpcInvoker.call(ProtobufRpcEngine2.java:573) [hadoop-common-3.3.6.jar:?]
	at org.apache.hadoop.ipc.RPC$Server.call(RPC.java:1227) [hadoop-common-3.3.6.jar:?]
	at org.apache.hadoop.ipc.Server$RpcCall.run(Server.java:1094) [hadoop-common-3.3.6.jar:?]
	at org.apache.hadoop.ipc.Server$RpcCall.run(Server.java:1017) [hadoop-common-3.3.6.jar:?]
	at java.security.AccessController.doPrivileged(Native Method) ~[?:1.8.0_382]
	at javax.security.auth.Subject.doAs(Subject.java:422) [?:1.8.0_382]
	at org.apache.hadoop.security.UserGroupInformation.doAs(UserGroupInformation.java:1899) [hadoop-common-3.3.6.jar:?]
	at org.apache.hadoop.ipc.Server$Handler.run(Server.java:3048) [hadoop-common-3.3.6.jar:?]
04:51:59.050 [IPC Server handler 6 on default port 15110] ERROR OMAudit - user=runner | ip=127.0.0.1 | op=GET_FILE_STATUS {volume=volume87246, bucket=bucket72820, key=level0/level3/file1, dataSize=0, replicationConfig=null} | ret=FAILURE
org.apache.hadoop.ozone.om.exceptions.OMException: Unable to get file status: volume: volume87246 bucket: bucket72820 key: level0/level3/file1
	at org.apache.hadoop.ozone.om.KeyManagerImpl.getOzoneFileStatus(KeyManagerImpl.java:1195) ~[ozone-manager-1.4.0-SNAPSHOT.jar:?]
	at org.apache.hadoop.ozone.om.KeyManagerImpl.getFileStatus(KeyManagerImpl.java:1113) ~[ozone-manager-1.4.0-SNAPSHOT.jar:?]
	at org.apache.hadoop.ozone.om.OmMetadataReader.getFileStatus(OmMetadataReader.java:262) ~[ozone-manager-1.4.0-SNAPSHOT.jar:?]
	at org.apache.hadoop.ozone.om.OzoneManager.getFileStatus(OzoneManager.java:3530) ~[ozone-manager-1.4.0-SNAPSHOT.jar:?]
	at org.apache.hadoop.ozone.protocolPB.OzoneManagerRequestHandler.getOzoneFileStatus(OzoneManagerRequestHandler.java:971) ~[ozone-manager-1.4.0-SNAPSHOT.jar:?]
	at org.apache.hadoop.ozone.protocolPB.OzoneManagerRequestHandler.handleReadRequest(OzoneManagerRequestHandler.java:250) ~[ozone-manager-1.4.0-SNAPSHOT.jar:?]
	at org.apache.hadoop.ozone.protocolPB.OzoneManagerProtocolServerSideTranslatorPB.submitReadRequestToOM(OzoneManagerProtocolServerSideTranslatorPB.java:225) ~[ozone-manager-1.4.0-SNAPSHOT.jar:?]
	at org.apache.hadoop.ozone.protocolPB.OzoneManagerProtocolServerSideTranslatorPB.processRequest(OzoneManagerProtocolServerSideTranslatorPB.java:179) ~[ozone-manager-1.4.0-SNAPSHOT.jar:?]
	at org.apache.hadoop.hdds.server.OzoneProtocolMessageDispatcher.processRequest(OzoneProtocolMessageDispatcher.java:87) [hdds-server-framework-1.4.0-SNAPSHOT.jar:?]
	at org.apache.hadoop.ozone.protocolPB.OzoneManagerProtocolServerSideTranslatorPB.submitRequest(OzoneManagerProtocolServerSideTranslatorPB.java:148) [ozone-manager-1.4.0-SNAPSHOT.jar:?]
	at org.apache.hadoop.ozone.protocol.proto.OzoneManagerProtocolProtos$OzoneManagerService$2.callBlockingMethod(OzoneManagerProtocolProtos.java) [ozone-interface-client-1.4.0-SNAPSHOT.jar:?]
	at org.apache.hadoop.ipc.ProtobufRpcEngine$Server.processCall(ProtobufRpcEngine.java:484) [hadoop-common-3.3.6.jar:?]
	at org.apache.hadoop.ipc.ProtobufRpcEngine2$Server$ProtoBufRpcInvoker.call(ProtobufRpcEngine2.java:595) [hadoop-common-3.3.6.jar:?]
	at org.apache.hadoop.ipc.ProtobufRpcEngine2$Server$ProtoBufRpcInvoker.call(ProtobufRpcEngine2.java:573) [hadoop-common-3.3.6.jar:?]
	at org.apache.hadoop.ipc.RPC$Server.call(RPC.java:1227) [hadoop-common-3.3.6.jar:?]
	at org.apache.hadoop.ipc.Server$RpcCall.run(Server.java:1094) [hadoop-common-3.3.6.jar:?]
	at org.apache.hadoop.ipc.Server$RpcCall.run(Server.java:1017) [hadoop-common-3.3.6.jar:?]
	at java.security.AccessController.doPrivileged(Native Method) ~[?:1.8.0_382]
	at javax.security.auth.Subject.doAs(Subject.java:422) [?:1.8.0_382]
	at org.apache.hadoop.security.UserGroupInformation.doAs(UserGroupInformation.java:1899) [hadoop-common-3.3.6.jar:?]
	at org.apache.hadoop.ipc.Server$Handler.run(Server.java:3048) [hadoop-common-3.3.6.jar:?]
04:51:59.051 [IPC Server handler 5 on default port 15110] ERROR OMAudit - user=runner | ip=127.0.0.1 | op=GET_FILE_STATUS {volume=volume87246, bucket=bucket72820, key=level0/level3/level3/file1, dataSize=0, replicationConfig=null} | ret=FAILURE
org.apache.hadoop.ozone.om.exceptions.OMException: Unable to get file status: volume: volume87246 bucket: bucket72820 key: level0/level3/level3/file1
	at org.apache.hadoop.ozone.om.KeyManagerImpl.getOzoneFileStatus(KeyManagerImpl.java:1195) ~[ozone-manager-1.4.0-SNAPSHOT.jar:?]
	at org.apache.hadoop.ozone.om.KeyManagerImpl.getFileStatus(KeyManagerImpl.java:1113) ~[ozone-manager-1.4.0-SNAPSHOT.jar:?]
	at org.apache.hadoop.ozone.om.OmMetadataReader.getFileStatus(OmMetadataReader.java:262) ~[ozone-manager-1.4.0-SNAPSHOT.jar:?]
	at org.apache.hadoop.ozone.om.OzoneManager.getFileStatus(OzoneManager.java:3530) ~[ozone-manager-1.4.0-SNAPSHOT.jar:?]
	at org.apache.hadoop.ozone.protocolPB.OzoneManagerRequestHandler.getOzoneFileStatus(OzoneManagerRequestHandler.java:971) ~[ozone-manager-1.4.0-SNAPSHOT.jar:?]
	at org.apache.hadoop.ozone.protocolPB.OzoneManagerRequestHandler.handleReadRequest(OzoneManagerRequestHandler.java:250) ~[ozone-manager-1.4.0-SNAPSHOT.jar:?]
	at org.apache.hadoop.ozone.protocolPB.OzoneManagerProtocolServerSideTranslatorPB.submitReadRequestToOM(OzoneManagerProtocolServerSideTranslatorPB.java:225) ~[ozone-manager-1.4.0-SNAPSHOT.jar:?]
	at org.apache.hadoop.ozone.protocolPB.OzoneManagerProtocolServerSideTranslatorPB.processRequest(OzoneManagerProtocolServerSideTranslatorPB.java:179) ~[ozone-manager-1.4.0-SNAPSHOT.jar:?]
	at org.apache.hadoop.hdds.server.OzoneProtocolMessageDispatcher.processRequest(OzoneProtocolMessageDispatcher.java:87) [hdds-server-framework-1.4.0-SNAPSHOT.jar:?]
	at org.apache.hadoop.ozone.protocolPB.OzoneManagerProtocolServerSideTranslatorPB.submitRequest(OzoneManagerProtocolServerSideTranslatorPB.java:148) [ozone-manager-1.4.0-SNAPSHOT.jar:?]
	at org.apache.hadoop.ozone.protocol.proto.OzoneManagerProtocolProtos$OzoneManagerService$2.callBlockingMethod(OzoneManagerProtocolProtos.java) [ozone-interface-client-1.4.0-SNAPSHOT.jar:?]
	at org.apache.hadoop.ipc.ProtobufRpcEngine$Server.processCall(ProtobufRpcEngine.java:484) [hadoop-common-3.3.6.jar:?]
	at org.apache.hadoop.ipc.ProtobufRpcEngine2$Server$ProtoBufRpcInvoker.call(ProtobufRpcEngine2.java:595) [hadoop-common-3.3.6.jar:?]
	at org.apache.hadoop.ipc.ProtobufRpcEngine2$Server$ProtoBufRpcInvoker.call(ProtobufRpcEngine2.java:573) [hadoop-common-3.3.6.jar:?]
	at org.apache.hadoop.ipc.RPC$Server.call(RPC.java:1227) [hadoop-common-3.3.6.jar:?]
	at org.apache.hadoop.ipc.Server$RpcCall.run(Server.java:1094) [hadoop-common-3.3.6.jar:?]
	at org.apache.hadoop.ipc.Server$RpcCall.run(Server.java:1017) [hadoop-common-3.3.6.jar:?]
	at java.security.AccessController.doPrivileged(Native Method) ~[?:1.8.0_382]
	at javax.security.auth.Subject.doAs(Subject.java:422) [?:1.8.0_382]
	at org.apache.hadoop.security.UserGroupInformation.doAs(UserGroupInformation.java:1899) [hadoop-common-3.3.6.jar:?]
	at org.apache.hadoop.ipc.Server$Handler.run(Server.java:3048) [hadoop-common-3.3.6.jar:?]
]]></system-out>
  </testcase>
  <testcase name="testRecursiveDelete" classname="TestOzoneFileSystem" time="0.255">
    <system-out><![CDATA[04:53:36.360 [IPC Server handler 17 on default port 15163] ERROR OMAudit - user=runner | ip=127.0.0.1 | op=GET_FILE_STATUS {volume=volume69932, bucket=bucket53154, key=gdir1, dataSize=0, replicationConfig=null} | ret=FAILURE
org.apache.hadoop.ozone.om.exceptions.OMException: Unable to get file status: volume: volume69932 bucket: bucket53154 key: gdir1
	at org.apache.hadoop.ozone.om.KeyManagerImpl.getOzoneFileStatus(KeyManagerImpl.java:1195) ~[ozone-manager-1.4.0-SNAPSHOT.jar:?]
	at org.apache.hadoop.ozone.om.KeyManagerImpl.getFileStatus(KeyManagerImpl.java:1113) ~[ozone-manager-1.4.0-SNAPSHOT.jar:?]
	at org.apache.hadoop.ozone.om.OmMetadataReader.getFileStatus(OmMetadataReader.java:262) ~[ozone-manager-1.4.0-SNAPSHOT.jar:?]
	at org.apache.hadoop.ozone.om.OzoneManager.getFileStatus(OzoneManager.java:3530) ~[ozone-manager-1.4.0-SNAPSHOT.jar:?]
	at org.apache.hadoop.ozone.protocolPB.OzoneManagerRequestHandler.getOzoneFileStatus(OzoneManagerRequestHandler.java:971) ~[ozone-manager-1.4.0-SNAPSHOT.jar:?]
	at org.apache.hadoop.ozone.protocolPB.OzoneManagerRequestHandler.handleReadRequest(OzoneManagerRequestHandler.java:250) ~[ozone-manager-1.4.0-SNAPSHOT.jar:?]
	at org.apache.hadoop.ozone.protocolPB.OzoneManagerProtocolServerSideTranslatorPB.submitRequestDirectlyToOM(OzoneManagerProtocolServerSideTranslatorPB.java:274) ~[ozone-manager-1.4.0-SNAPSHOT.jar:?]
	at org.apache.hadoop.ozone.protocolPB.OzoneManagerProtocolServerSideTranslatorPB.processRequest(OzoneManagerProtocolServerSideTranslatorPB.java:175) ~[ozone-manager-1.4.0-SNAPSHOT.jar:?]
	at org.apache.hadoop.hdds.server.OzoneProtocolMessageDispatcher.processRequest(OzoneProtocolMessageDispatcher.java:87) [hdds-server-framework-1.4.0-SNAPSHOT.jar:?]
	at org.apache.hadoop.ozone.protocolPB.OzoneManagerProtocolServerSideTranslatorPB.submitRequest(OzoneManagerProtocolServerSideTranslatorPB.java:148) [ozone-manager-1.4.0-SNAPSHOT.jar:?]
	at org.apache.hadoop.ozone.protocol.proto.OzoneManagerProtocolProtos$OzoneManagerService$2.callBlockingMethod(OzoneManagerProtocolProtos.java) [ozone-interface-client-1.4.0-SNAPSHOT.jar:?]
	at org.apache.hadoop.ipc.ProtobufRpcEngine$Server.processCall(ProtobufRpcEngine.java:484) [hadoop-common-3.3.6.jar:?]
	at org.apache.hadoop.ipc.ProtobufRpcEngine2$Server$ProtoBufRpcInvoker.call(ProtobufRpcEngine2.java:595) [hadoop-common-3.3.6.jar:?]
	at org.apache.hadoop.ipc.ProtobufRpcEngine2$Server$ProtoBufRpcInvoker.call(ProtobufRpcEngine2.java:573) [hadoop-common-3.3.6.jar:?]
	at org.apache.hadoop.ipc.RPC$Server.call(RPC.java:1227) [hadoop-common-3.3.6.jar:?]
	at org.apache.hadoop.ipc.Server$RpcCall.run(Server.java:1094) [hadoop-common-3.3.6.jar:?]
	at org.apache.hadoop.ipc.Server$RpcCall.run(Server.java:1017) [hadoop-common-3.3.6.jar:?]
	at java.security.AccessController.doPrivileged(Native Method) ~[?:1.8.0_382]
	at javax.security.auth.Subject.doAs(Subject.java:422) [?:1.8.0_382]
	at org.apache.hadoop.security.UserGroupInformation.doAs(UserGroupInformation.java:1899) [hadoop-common-3.3.6.jar:?]
	at org.apache.hadoop.ipc.Server$Handler.run(Server.java:3048) [hadoop-common-3.3.6.jar:?]
04:53:36.362 [IPC Server handler 18 on default port 15163] ERROR OMAudit - user=runner | ip=127.0.0.1 | op=GET_FILE_STATUS {volume=volume69932, bucket=bucket53154, key=gdir1/dir1, dataSize=0, replicationConfig=null} | ret=FAILURE
org.apache.hadoop.ozone.om.exceptions.OMException: Unable to get file status: volume: volume69932 bucket: bucket53154 key: gdir1/dir1
	at org.apache.hadoop.ozone.om.KeyManagerImpl.getOzoneFileStatus(KeyManagerImpl.java:1195) ~[ozone-manager-1.4.0-SNAPSHOT.jar:?]
	at org.apache.hadoop.ozone.om.KeyManagerImpl.getFileStatus(KeyManagerImpl.java:1113) ~[ozone-manager-1.4.0-SNAPSHOT.jar:?]
	at org.apache.hadoop.ozone.om.OmMetadataReader.getFileStatus(OmMetadataReader.java:262) ~[ozone-manager-1.4.0-SNAPSHOT.jar:?]
	at org.apache.hadoop.ozone.om.OzoneManager.getFileStatus(OzoneManager.java:3530) ~[ozone-manager-1.4.0-SNAPSHOT.jar:?]
	at org.apache.hadoop.ozone.protocolPB.OzoneManagerRequestHandler.getOzoneFileStatus(OzoneManagerRequestHandler.java:971) ~[ozone-manager-1.4.0-SNAPSHOT.jar:?]
	at org.apache.hadoop.ozone.protocolPB.OzoneManagerRequestHandler.handleReadRequest(OzoneManagerRequestHandler.java:250) ~[ozone-manager-1.4.0-SNAPSHOT.jar:?]
	at org.apache.hadoop.ozone.protocolPB.OzoneManagerProtocolServerSideTranslatorPB.submitRequestDirectlyToOM(OzoneManagerProtocolServerSideTranslatorPB.java:274) ~[ozone-manager-1.4.0-SNAPSHOT.jar:?]
	at org.apache.hadoop.ozone.protocolPB.OzoneManagerProtocolServerSideTranslatorPB.processRequest(OzoneManagerProtocolServerSideTranslatorPB.java:175) ~[ozone-manager-1.4.0-SNAPSHOT.jar:?]
	at org.apache.hadoop.hdds.server.OzoneProtocolMessageDispatcher.processRequest(OzoneProtocolMessageDispatcher.java:87) [hdds-server-framework-1.4.0-SNAPSHOT.jar:?]
	at org.apache.hadoop.ozone.protocolPB.OzoneManagerProtocolServerSideTranslatorPB.submitRequest(OzoneManagerProtocolServerSideTranslatorPB.java:148) [ozone-manager-1.4.0-SNAPSHOT.jar:?]
	at org.apache.hadoop.ozone.protocol.proto.OzoneManagerProtocolProtos$OzoneManagerService$2.callBlockingMethod(OzoneManagerProtocolProtos.java) [ozone-interface-client-1.4.0-SNAPSHOT.jar:?]
	at org.apache.hadoop.ipc.ProtobufRpcEngine$Server.processCall(ProtobufRpcEngine.java:484) [hadoop-common-3.3.6.jar:?]
	at org.apache.hadoop.ipc.ProtobufRpcEngine2$Server$ProtoBufRpcInvoker.call(ProtobufRpcEngine2.java:595) [hadoop-common-3.3.6.jar:?]
	at org.apache.hadoop.ipc.ProtobufRpcEngine2$Server$ProtoBufRpcInvoker.call(ProtobufRpcEngine2.java:573) [hadoop-common-3.3.6.jar:?]
	at org.apache.hadoop.ipc.RPC$Server.call(RPC.java:1227) [hadoop-common-3.3.6.jar:?]
	at org.apache.hadoop.ipc.Server$RpcCall.run(Server.java:1094) [hadoop-common-3.3.6.jar:?]
	at org.apache.hadoop.ipc.Server$RpcCall.run(Server.java:1017) [hadoop-common-3.3.6.jar:?]
	at java.security.AccessController.doPrivileged(Native Method) ~[?:1.8.0_382]
	at javax.security.auth.Subject.doAs(Subject.java:422) [?:1.8.0_382]
	at org.apache.hadoop.security.UserGroupInformation.doAs(UserGroupInformation.java:1899) [hadoop-common-3.3.6.jar:?]
	at org.apache.hadoop.ipc.Server$Handler.run(Server.java:3048) [hadoop-common-3.3.6.jar:?]
04:53:36.364 [IPC Server handler 10 on default port 15163] ERROR OMAudit - user=runner | ip=127.0.0.1 | op=GET_FILE_STATUS {volume=volume69932, bucket=bucket53154, key=gdir1/dir1/child, dataSize=0, replicationConfig=null} | ret=FAILURE
org.apache.hadoop.ozone.om.exceptions.OMException: Unable to get file status: volume: volume69932 bucket: bucket53154 key: gdir1/dir1/child
	at org.apache.hadoop.ozone.om.KeyManagerImpl.getOzoneFileStatus(KeyManagerImpl.java:1195) ~[ozone-manager-1.4.0-SNAPSHOT.jar:?]
	at org.apache.hadoop.ozone.om.KeyManagerImpl.getFileStatus(KeyManagerImpl.java:1113) ~[ozone-manager-1.4.0-SNAPSHOT.jar:?]
	at org.apache.hadoop.ozone.om.OmMetadataReader.getFileStatus(OmMetadataReader.java:262) ~[ozone-manager-1.4.0-SNAPSHOT.jar:?]
	at org.apache.hadoop.ozone.om.OzoneManager.getFileStatus(OzoneManager.java:3530) ~[ozone-manager-1.4.0-SNAPSHOT.jar:?]
	at org.apache.hadoop.ozone.protocolPB.OzoneManagerRequestHandler.getOzoneFileStatus(OzoneManagerRequestHandler.java:971) ~[ozone-manager-1.4.0-SNAPSHOT.jar:?]
	at org.apache.hadoop.ozone.protocolPB.OzoneManagerRequestHandler.handleReadRequest(OzoneManagerRequestHandler.java:250) ~[ozone-manager-1.4.0-SNAPSHOT.jar:?]
	at org.apache.hadoop.ozone.protocolPB.OzoneManagerProtocolServerSideTranslatorPB.submitRequestDirectlyToOM(OzoneManagerProtocolServerSideTranslatorPB.java:274) ~[ozone-manager-1.4.0-SNAPSHOT.jar:?]
	at org.apache.hadoop.ozone.protocolPB.OzoneManagerProtocolServerSideTranslatorPB.processRequest(OzoneManagerProtocolServerSideTranslatorPB.java:175) ~[ozone-manager-1.4.0-SNAPSHOT.jar:?]
	at org.apache.hadoop.hdds.server.OzoneProtocolMessageDispatcher.processRequest(OzoneProtocolMessageDispatcher.java:87) [hdds-server-framework-1.4.0-SNAPSHOT.jar:?]
	at org.apache.hadoop.ozone.protocolPB.OzoneManagerProtocolServerSideTranslatorPB.submitRequest(OzoneManagerProtocolServerSideTranslatorPB.java:148) [ozone-manager-1.4.0-SNAPSHOT.jar:?]
	at org.apache.hadoop.ozone.protocol.proto.OzoneManagerProtocolProtos$OzoneManagerService$2.callBlockingMethod(OzoneManagerProtocolProtos.java) [ozone-interface-client-1.4.0-SNAPSHOT.jar:?]
	at org.apache.hadoop.ipc.ProtobufRpcEngine$Server.processCall(ProtobufRpcEngine.java:484) [hadoop-common-3.3.6.jar:?]
	at org.apache.hadoop.ipc.ProtobufRpcEngine2$Server$ProtoBufRpcInvoker.call(ProtobufRpcEngine2.java:595) [hadoop-common-3.3.6.jar:?]
	at org.apache.hadoop.ipc.ProtobufRpcEngine2$Server$ProtoBufRpcInvoker.call(ProtobufRpcEngine2.java:573) [hadoop-common-3.3.6.jar:?]
	at org.apache.hadoop.ipc.RPC$Server.call(RPC.java:1227) [hadoop-common-3.3.6.jar:?]
	at org.apache.hadoop.ipc.Server$RpcCall.run(Server.java:1094) [hadoop-common-3.3.6.jar:?]
	at org.apache.hadoop.ipc.Server$RpcCall.run(Server.java:1017) [hadoop-common-3.3.6.jar:?]
	at java.security.AccessController.doPrivileged(Native Method) ~[?:1.8.0_382]
	at javax.security.auth.Subject.doAs(Subject.java:422) [?:1.8.0_382]
	at org.apache.hadoop.security.UserGroupInformation.doAs(UserGroupInformation.java:1899) [hadoop-common-3.3.6.jar:?]
	at org.apache.hadoop.ipc.Server$Handler.run(Server.java:3048) [hadoop-common-3.3.6.jar:?]
04:53:36.365 [IPC Server handler 19 on default port 15163] ERROR OMAudit - user=runner | ip=127.0.0.1 | op=GET_FILE_STATUS {volume=volume69932, bucket=bucket53154, key=gdir1/dir2, dataSize=0, replicationConfig=null} | ret=FAILURE
org.apache.hadoop.ozone.om.exceptions.OMException: Unable to get file status: volume: volume69932 bucket: bucket53154 key: gdir1/dir2
	at org.apache.hadoop.ozone.om.KeyManagerImpl.getOzoneFileStatus(KeyManagerImpl.java:1195) ~[ozone-manager-1.4.0-SNAPSHOT.jar:?]
	at org.apache.hadoop.ozone.om.KeyManagerImpl.getFileStatus(KeyManagerImpl.java:1113) ~[ozone-manager-1.4.0-SNAPSHOT.jar:?]
	at org.apache.hadoop.ozone.om.OmMetadataReader.getFileStatus(OmMetadataReader.java:262) ~[ozone-manager-1.4.0-SNAPSHOT.jar:?]
	at org.apache.hadoop.ozone.om.OzoneManager.getFileStatus(OzoneManager.java:3530) ~[ozone-manager-1.4.0-SNAPSHOT.jar:?]
	at org.apache.hadoop.ozone.protocolPB.OzoneManagerRequestHandler.getOzoneFileStatus(OzoneManagerRequestHandler.java:971) ~[ozone-manager-1.4.0-SNAPSHOT.jar:?]
	at org.apache.hadoop.ozone.protocolPB.OzoneManagerRequestHandler.handleReadRequest(OzoneManagerRequestHandler.java:250) ~[ozone-manager-1.4.0-SNAPSHOT.jar:?]
	at org.apache.hadoop.ozone.protocolPB.OzoneManagerProtocolServerSideTranslatorPB.submitRequestDirectlyToOM(OzoneManagerProtocolServerSideTranslatorPB.java:274) ~[ozone-manager-1.4.0-SNAPSHOT.jar:?]
	at org.apache.hadoop.ozone.protocolPB.OzoneManagerProtocolServerSideTranslatorPB.processRequest(OzoneManagerProtocolServerSideTranslatorPB.java:175) ~[ozone-manager-1.4.0-SNAPSHOT.jar:?]
	at org.apache.hadoop.hdds.server.OzoneProtocolMessageDispatcher.processRequest(OzoneProtocolMessageDispatcher.java:87) [hdds-server-framework-1.4.0-SNAPSHOT.jar:?]
	at org.apache.hadoop.ozone.protocolPB.OzoneManagerProtocolServerSideTranslatorPB.submitRequest(OzoneManagerProtocolServerSideTranslatorPB.java:148) [ozone-manager-1.4.0-SNAPSHOT.jar:?]
	at org.apache.hadoop.ozone.protocol.proto.OzoneManagerProtocolProtos$OzoneManagerService$2.callBlockingMethod(OzoneManagerProtocolProtos.java) [ozone-interface-client-1.4.0-SNAPSHOT.jar:?]
	at org.apache.hadoop.ipc.ProtobufRpcEngine$Server.processCall(ProtobufRpcEngine.java:484) [hadoop-common-3.3.6.jar:?]
	at org.apache.hadoop.ipc.ProtobufRpcEngine2$Server$ProtoBufRpcInvoker.call(ProtobufRpcEngine2.java:595) [hadoop-common-3.3.6.jar:?]
	at org.apache.hadoop.ipc.ProtobufRpcEngine2$Server$ProtoBufRpcInvoker.call(ProtobufRpcEngine2.java:573) [hadoop-common-3.3.6.jar:?]
	at org.apache.hadoop.ipc.RPC$Server.call(RPC.java:1227) [hadoop-common-3.3.6.jar:?]
	at org.apache.hadoop.ipc.Server$RpcCall.run(Server.java:1094) [hadoop-common-3.3.6.jar:?]
	at org.apache.hadoop.ipc.Server$RpcCall.run(Server.java:1017) [hadoop-common-3.3.6.jar:?]
	at java.security.AccessController.doPrivileged(Native Method) ~[?:1.8.0_382]
	at javax.security.auth.Subject.doAs(Subject.java:422) [?:1.8.0_382]
	at org.apache.hadoop.security.UserGroupInformation.doAs(UserGroupInformation.java:1899) [hadoop-common-3.3.6.jar:?]
	at org.apache.hadoop.ipc.Server$Handler.run(Server.java:3048) [hadoop-common-3.3.6.jar:?]
04:53:36.366 [IPC Server handler 9 on default port 15163] ERROR OMAudit - user=runner | ip=127.0.0.1 | op=GET_FILE_STATUS {volume=volume69932, bucket=bucket53154, key=gdir1/dir2/child, dataSize=0, replicationConfig=null} | ret=FAILURE
org.apache.hadoop.ozone.om.exceptions.OMException: Unable to get file status: volume: volume69932 bucket: bucket53154 key: gdir1/dir2/child
	at org.apache.hadoop.ozone.om.KeyManagerImpl.getOzoneFileStatus(KeyManagerImpl.java:1195) ~[ozone-manager-1.4.0-SNAPSHOT.jar:?]
	at org.apache.hadoop.ozone.om.KeyManagerImpl.getFileStatus(KeyManagerImpl.java:1113) ~[ozone-manager-1.4.0-SNAPSHOT.jar:?]
	at org.apache.hadoop.ozone.om.OmMetadataReader.getFileStatus(OmMetadataReader.java:262) ~[ozone-manager-1.4.0-SNAPSHOT.jar:?]
	at org.apache.hadoop.ozone.om.OzoneManager.getFileStatus(OzoneManager.java:3530) ~[ozone-manager-1.4.0-SNAPSHOT.jar:?]
	at org.apache.hadoop.ozone.protocolPB.OzoneManagerRequestHandler.getOzoneFileStatus(OzoneManagerRequestHandler.java:971) ~[ozone-manager-1.4.0-SNAPSHOT.jar:?]
	at org.apache.hadoop.ozone.protocolPB.OzoneManagerRequestHandler.handleReadRequest(OzoneManagerRequestHandler.java:250) ~[ozone-manager-1.4.0-SNAPSHOT.jar:?]
	at org.apache.hadoop.ozone.protocolPB.OzoneManagerProtocolServerSideTranslatorPB.submitRequestDirectlyToOM(OzoneManagerProtocolServerSideTranslatorPB.java:274) ~[ozone-manager-1.4.0-SNAPSHOT.jar:?]
	at org.apache.hadoop.ozone.protocolPB.OzoneManagerProtocolServerSideTranslatorPB.processRequest(OzoneManagerProtocolServerSideTranslatorPB.java:175) ~[ozone-manager-1.4.0-SNAPSHOT.jar:?]
	at org.apache.hadoop.hdds.server.OzoneProtocolMessageDispatcher.processRequest(OzoneProtocolMessageDispatcher.java:87) [hdds-server-framework-1.4.0-SNAPSHOT.jar:?]
	at org.apache.hadoop.ozone.protocolPB.OzoneManagerProtocolServerSideTranslatorPB.submitRequest(OzoneManagerProtocolServerSideTranslatorPB.java:148) [ozone-manager-1.4.0-SNAPSHOT.jar:?]
	at org.apache.hadoop.ozone.protocol.proto.OzoneManagerProtocolProtos$OzoneManagerService$2.callBlockingMethod(OzoneManagerProtocolProtos.java) [ozone-interface-client-1.4.0-SNAPSHOT.jar:?]
	at org.apache.hadoop.ipc.ProtobufRpcEngine$Server.processCall(ProtobufRpcEngine.java:484) [hadoop-common-3.3.6.jar:?]
	at org.apache.hadoop.ipc.ProtobufRpcEngine2$Server$ProtoBufRpcInvoker.call(ProtobufRpcEngine2.java:595) [hadoop-common-3.3.6.jar:?]
	at org.apache.hadoop.ipc.ProtobufRpcEngine2$Server$ProtoBufRpcInvoker.call(ProtobufRpcEngine2.java:573) [hadoop-common-3.3.6.jar:?]
	at org.apache.hadoop.ipc.RPC$Server.call(RPC.java:1227) [hadoop-common-3.3.6.jar:?]
	at org.apache.hadoop.ipc.Server$RpcCall.run(Server.java:1094) [hadoop-common-3.3.6.jar:?]
	at org.apache.hadoop.ipc.Server$RpcCall.run(Server.java:1017) [hadoop-common-3.3.6.jar:?]
	at java.security.AccessController.doPrivileged(Native Method) ~[?:1.8.0_382]
	at javax.security.auth.Subject.doAs(Subject.java:422) [?:1.8.0_382]
	at org.apache.hadoop.security.UserGroupInformation.doAs(UserGroupInformation.java:1899) [hadoop-common-3.3.6.jar:?]
	at org.apache.hadoop.ipc.Server$Handler.run(Server.java:3048) [hadoop-common-3.3.6.jar:?]
04:53:36.367 [IPC Server handler 8 on default port 15163] ERROR OMAudit - user=runner | ip=127.0.0.1 | op=GET_FILE_STATUS {volume=volume69932, bucket=bucket53154, key=gdir1/dir3, dataSize=0, replicationConfig=null} | ret=FAILURE
org.apache.hadoop.ozone.om.exceptions.OMException: Unable to get file status: volume: volume69932 bucket: bucket53154 key: gdir1/dir3
	at org.apache.hadoop.ozone.om.KeyManagerImpl.getOzoneFileStatus(KeyManagerImpl.java:1195) ~[ozone-manager-1.4.0-SNAPSHOT.jar:?]
	at org.apache.hadoop.ozone.om.KeyManagerImpl.getFileStatus(KeyManagerImpl.java:1113) ~[ozone-manager-1.4.0-SNAPSHOT.jar:?]
	at org.apache.hadoop.ozone.om.OmMetadataReader.getFileStatus(OmMetadataReader.java:262) ~[ozone-manager-1.4.0-SNAPSHOT.jar:?]
	at org.apache.hadoop.ozone.om.OzoneManager.getFileStatus(OzoneManager.java:3530) ~[ozone-manager-1.4.0-SNAPSHOT.jar:?]
	at org.apache.hadoop.ozone.protocolPB.OzoneManagerRequestHandler.getOzoneFileStatus(OzoneManagerRequestHandler.java:971) ~[ozone-manager-1.4.0-SNAPSHOT.jar:?]
	at org.apache.hadoop.ozone.protocolPB.OzoneManagerRequestHandler.handleReadRequest(OzoneManagerRequestHandler.java:250) ~[ozone-manager-1.4.0-SNAPSHOT.jar:?]
	at org.apache.hadoop.ozone.protocolPB.OzoneManagerProtocolServerSideTranslatorPB.submitRequestDirectlyToOM(OzoneManagerProtocolServerSideTranslatorPB.java:274) ~[ozone-manager-1.4.0-SNAPSHOT.jar:?]
	at org.apache.hadoop.ozone.protocolPB.OzoneManagerProtocolServerSideTranslatorPB.processRequest(OzoneManagerProtocolServerSideTranslatorPB.java:175) ~[ozone-manager-1.4.0-SNAPSHOT.jar:?]
	at org.apache.hadoop.hdds.server.OzoneProtocolMessageDispatcher.processRequest(OzoneProtocolMessageDispatcher.java:87) [hdds-server-framework-1.4.0-SNAPSHOT.jar:?]
	at org.apache.hadoop.ozone.protocolPB.OzoneManagerProtocolServerSideTranslatorPB.submitRequest(OzoneManagerProtocolServerSideTranslatorPB.java:148) [ozone-manager-1.4.0-SNAPSHOT.jar:?]
	at org.apache.hadoop.ozone.protocol.proto.OzoneManagerProtocolProtos$OzoneManagerService$2.callBlockingMethod(OzoneManagerProtocolProtos.java) [ozone-interface-client-1.4.0-SNAPSHOT.jar:?]
	at org.apache.hadoop.ipc.ProtobufRpcEngine$Server.processCall(ProtobufRpcEngine.java:484) [hadoop-common-3.3.6.jar:?]
	at org.apache.hadoop.ipc.ProtobufRpcEngine2$Server$ProtoBufRpcInvoker.call(ProtobufRpcEngine2.java:595) [hadoop-common-3.3.6.jar:?]
	at org.apache.hadoop.ipc.ProtobufRpcEngine2$Server$ProtoBufRpcInvoker.call(ProtobufRpcEngine2.java:573) [hadoop-common-3.3.6.jar:?]
	at org.apache.hadoop.ipc.RPC$Server.call(RPC.java:1227) [hadoop-common-3.3.6.jar:?]
	at org.apache.hadoop.ipc.Server$RpcCall.run(Server.java:1094) [hadoop-common-3.3.6.jar:?]
	at org.apache.hadoop.ipc.Server$RpcCall.run(Server.java:1017) [hadoop-common-3.3.6.jar:?]
	at java.security.AccessController.doPrivileged(Native Method) ~[?:1.8.0_382]
	at javax.security.auth.Subject.doAs(Subject.java:422) [?:1.8.0_382]
	at org.apache.hadoop.security.UserGroupInformation.doAs(UserGroupInformation.java:1899) [hadoop-common-3.3.6.jar:?]
	at org.apache.hadoop.ipc.Server$Handler.run(Server.java:3048) [hadoop-common-3.3.6.jar:?]
04:53:36.369 [IPC Server handler 1 on default port 15163] ERROR OMAudit - user=runner | ip=127.0.0.1 | op=GET_FILE_STATUS {volume=volume69932, bucket=bucket53154, key=gdir1/dir3/child, dataSize=0, replicationConfig=null} | ret=FAILURE
org.apache.hadoop.ozone.om.exceptions.OMException: Unable to get file status: volume: volume69932 bucket: bucket53154 key: gdir1/dir3/child
	at org.apache.hadoop.ozone.om.KeyManagerImpl.getOzoneFileStatus(KeyManagerImpl.java:1195) ~[ozone-manager-1.4.0-SNAPSHOT.jar:?]
	at org.apache.hadoop.ozone.om.KeyManagerImpl.getFileStatus(KeyManagerImpl.java:1113) ~[ozone-manager-1.4.0-SNAPSHOT.jar:?]
	at org.apache.hadoop.ozone.om.OmMetadataReader.getFileStatus(OmMetadataReader.java:262) ~[ozone-manager-1.4.0-SNAPSHOT.jar:?]
	at org.apache.hadoop.ozone.om.OzoneManager.getFileStatus(OzoneManager.java:3530) ~[ozone-manager-1.4.0-SNAPSHOT.jar:?]
	at org.apache.hadoop.ozone.protocolPB.OzoneManagerRequestHandler.getOzoneFileStatus(OzoneManagerRequestHandler.java:971) ~[ozone-manager-1.4.0-SNAPSHOT.jar:?]
	at org.apache.hadoop.ozone.protocolPB.OzoneManagerRequestHandler.handleReadRequest(OzoneManagerRequestHandler.java:250) ~[ozone-manager-1.4.0-SNAPSHOT.jar:?]
	at org.apache.hadoop.ozone.protocolPB.OzoneManagerProtocolServerSideTranslatorPB.submitRequestDirectlyToOM(OzoneManagerProtocolServerSideTranslatorPB.java:274) ~[ozone-manager-1.4.0-SNAPSHOT.jar:?]
	at org.apache.hadoop.ozone.protocolPB.OzoneManagerProtocolServerSideTranslatorPB.processRequest(OzoneManagerProtocolServerSideTranslatorPB.java:175) ~[ozone-manager-1.4.0-SNAPSHOT.jar:?]
	at org.apache.hadoop.hdds.server.OzoneProtocolMessageDispatcher.processRequest(OzoneProtocolMessageDispatcher.java:87) [hdds-server-framework-1.4.0-SNAPSHOT.jar:?]
	at org.apache.hadoop.ozone.protocolPB.OzoneManagerProtocolServerSideTranslatorPB.submitRequest(OzoneManagerProtocolServerSideTranslatorPB.java:148) [ozone-manager-1.4.0-SNAPSHOT.jar:?]
	at org.apache.hadoop.ozone.protocol.proto.OzoneManagerProtocolProtos$OzoneManagerService$2.callBlockingMethod(OzoneManagerProtocolProtos.java) [ozone-interface-client-1.4.0-SNAPSHOT.jar:?]
	at org.apache.hadoop.ipc.ProtobufRpcEngine$Server.processCall(ProtobufRpcEngine.java:484) [hadoop-common-3.3.6.jar:?]
	at org.apache.hadoop.ipc.ProtobufRpcEngine2$Server$ProtoBufRpcInvoker.call(ProtobufRpcEngine2.java:595) [hadoop-common-3.3.6.jar:?]
	at org.apache.hadoop.ipc.ProtobufRpcEngine2$Server$ProtoBufRpcInvoker.call(ProtobufRpcEngine2.java:573) [hadoop-common-3.3.6.jar:?]
	at org.apache.hadoop.ipc.RPC$Server.call(RPC.java:1227) [hadoop-common-3.3.6.jar:?]
	at org.apache.hadoop.ipc.Server$RpcCall.run(Server.java:1094) [hadoop-common-3.3.6.jar:?]
	at org.apache.hadoop.ipc.Server$RpcCall.run(Server.java:1017) [hadoop-common-3.3.6.jar:?]
	at java.security.AccessController.doPrivileged(Native Method) ~[?:1.8.0_382]
	at javax.security.auth.Subject.doAs(Subject.java:422) [?:1.8.0_382]
	at org.apache.hadoop.security.UserGroupInformation.doAs(UserGroupInformation.java:1899) [hadoop-common-3.3.6.jar:?]
	at org.apache.hadoop.ipc.Server$Handler.run(Server.java:3048) [hadoop-common-3.3.6.jar:?]
04:53:36.375 [IPC Server handler 0 on default port 15163] ERROR OMAudit - user=runner | ip=127.0.0.1 | op=GET_FILE_STATUS {volume=volume69932, bucket=bucket53154, key=gdir1/dir4, dataSize=0, replicationConfig=null} | ret=FAILURE
org.apache.hadoop.ozone.om.exceptions.OMException: Unable to get file status: volume: volume69932 bucket: bucket53154 key: gdir1/dir4
	at org.apache.hadoop.ozone.om.KeyManagerImpl.getOzoneFileStatus(KeyManagerImpl.java:1195) ~[ozone-manager-1.4.0-SNAPSHOT.jar:?]
	at org.apache.hadoop.ozone.om.KeyManagerImpl.getFileStatus(KeyManagerImpl.java:1113) ~[ozone-manager-1.4.0-SNAPSHOT.jar:?]
	at org.apache.hadoop.ozone.om.OmMetadataReader.getFileStatus(OmMetadataReader.java:262) ~[ozone-manager-1.4.0-SNAPSHOT.jar:?]
	at org.apache.hadoop.ozone.om.OzoneManager.getFileStatus(OzoneManager.java:3530) ~[ozone-manager-1.4.0-SNAPSHOT.jar:?]
	at org.apache.hadoop.ozone.protocolPB.OzoneManagerRequestHandler.getOzoneFileStatus(OzoneManagerRequestHandler.java:971) ~[ozone-manager-1.4.0-SNAPSHOT.jar:?]
	at org.apache.hadoop.ozone.protocolPB.OzoneManagerRequestHandler.handleReadRequest(OzoneManagerRequestHandler.java:250) ~[ozone-manager-1.4.0-SNAPSHOT.jar:?]
	at org.apache.hadoop.ozone.protocolPB.OzoneManagerProtocolServerSideTranslatorPB.submitRequestDirectlyToOM(OzoneManagerProtocolServerSideTranslatorPB.java:274) ~[ozone-manager-1.4.0-SNAPSHOT.jar:?]
	at org.apache.hadoop.ozone.protocolPB.OzoneManagerProtocolServerSideTranslatorPB.processRequest(OzoneManagerProtocolServerSideTranslatorPB.java:175) ~[ozone-manager-1.4.0-SNAPSHOT.jar:?]
	at org.apache.hadoop.hdds.server.OzoneProtocolMessageDispatcher.processRequest(OzoneProtocolMessageDispatcher.java:87) [hdds-server-framework-1.4.0-SNAPSHOT.jar:?]
	at org.apache.hadoop.ozone.protocolPB.OzoneManagerProtocolServerSideTranslatorPB.submitRequest(OzoneManagerProtocolServerSideTranslatorPB.java:148) [ozone-manager-1.4.0-SNAPSHOT.jar:?]
	at org.apache.hadoop.ozone.protocol.proto.OzoneManagerProtocolProtos$OzoneManagerService$2.callBlockingMethod(OzoneManagerProtocolProtos.java) [ozone-interface-client-1.4.0-SNAPSHOT.jar:?]
	at org.apache.hadoop.ipc.ProtobufRpcEngine$Server.processCall(ProtobufRpcEngine.java:484) [hadoop-common-3.3.6.jar:?]
	at org.apache.hadoop.ipc.ProtobufRpcEngine2$Server$ProtoBufRpcInvoker.call(ProtobufRpcEngine2.java:595) [hadoop-common-3.3.6.jar:?]
	at org.apache.hadoop.ipc.ProtobufRpcEngine2$Server$ProtoBufRpcInvoker.call(ProtobufRpcEngine2.java:573) [hadoop-common-3.3.6.jar:?]
	at org.apache.hadoop.ipc.RPC$Server.call(RPC.java:1227) [hadoop-common-3.3.6.jar:?]
	at org.apache.hadoop.ipc.Server$RpcCall.run(Server.java:1094) [hadoop-common-3.3.6.jar:?]
	at org.apache.hadoop.ipc.Server$RpcCall.run(Server.java:1017) [hadoop-common-3.3.6.jar:?]
	at java.security.AccessController.doPrivileged(Native Method) ~[?:1.8.0_382]
	at javax.security.auth.Subject.doAs(Subject.java:422) [?:1.8.0_382]
	at org.apache.hadoop.security.UserGroupInformation.doAs(UserGroupInformation.java:1899) [hadoop-common-3.3.6.jar:?]
	at org.apache.hadoop.ipc.Server$Handler.run(Server.java:3048) [hadoop-common-3.3.6.jar:?]
04:53:36.378 [IPC Server handler 2 on default port 15163] ERROR OMAudit - user=runner | ip=127.0.0.1 | op=GET_FILE_STATUS {volume=volume69932, bucket=bucket53154, key=gdir1/dir4/child, dataSize=0, replicationConfig=null} | ret=FAILURE
org.apache.hadoop.ozone.om.exceptions.OMException: Unable to get file status: volume: volume69932 bucket: bucket53154 key: gdir1/dir4/child
	at org.apache.hadoop.ozone.om.KeyManagerImpl.getOzoneFileStatus(KeyManagerImpl.java:1195) ~[ozone-manager-1.4.0-SNAPSHOT.jar:?]
	at org.apache.hadoop.ozone.om.KeyManagerImpl.getFileStatus(KeyManagerImpl.java:1113) ~[ozone-manager-1.4.0-SNAPSHOT.jar:?]
	at org.apache.hadoop.ozone.om.OmMetadataReader.getFileStatus(OmMetadataReader.java:262) ~[ozone-manager-1.4.0-SNAPSHOT.jar:?]
	at org.apache.hadoop.ozone.om.OzoneManager.getFileStatus(OzoneManager.java:3530) ~[ozone-manager-1.4.0-SNAPSHOT.jar:?]
	at org.apache.hadoop.ozone.protocolPB.OzoneManagerRequestHandler.getOzoneFileStatus(OzoneManagerRequestHandler.java:971) ~[ozone-manager-1.4.0-SNAPSHOT.jar:?]
	at org.apache.hadoop.ozone.protocolPB.OzoneManagerRequestHandler.handleReadRequest(OzoneManagerRequestHandler.java:250) ~[ozone-manager-1.4.0-SNAPSHOT.jar:?]
	at org.apache.hadoop.ozone.protocolPB.OzoneManagerProtocolServerSideTranslatorPB.submitRequestDirectlyToOM(OzoneManagerProtocolServerSideTranslatorPB.java:274) ~[ozone-manager-1.4.0-SNAPSHOT.jar:?]
	at org.apache.hadoop.ozone.protocolPB.OzoneManagerProtocolServerSideTranslatorPB.processRequest(OzoneManagerProtocolServerSideTranslatorPB.java:175) ~[ozone-manager-1.4.0-SNAPSHOT.jar:?]
	at org.apache.hadoop.hdds.server.OzoneProtocolMessageDispatcher.processRequest(OzoneProtocolMessageDispatcher.java:87) [hdds-server-framework-1.4.0-SNAPSHOT.jar:?]
	at org.apache.hadoop.ozone.protocolPB.OzoneManagerProtocolServerSideTranslatorPB.submitRequest(OzoneManagerProtocolServerSideTranslatorPB.java:148) [ozone-manager-1.4.0-SNAPSHOT.jar:?]
	at org.apache.hadoop.ozone.protocol.proto.OzoneManagerProtocolProtos$OzoneManagerService$2.callBlockingMethod(OzoneManagerProtocolProtos.java) [ozone-interface-client-1.4.0-SNAPSHOT.jar:?]
	at org.apache.hadoop.ipc.ProtobufRpcEngine$Server.processCall(ProtobufRpcEngine.java:484) [hadoop-common-3.3.6.jar:?]
	at org.apache.hadoop.ipc.ProtobufRpcEngine2$Server$ProtoBufRpcInvoker.call(ProtobufRpcEngine2.java:595) [hadoop-common-3.3.6.jar:?]
	at org.apache.hadoop.ipc.ProtobufRpcEngine2$Server$ProtoBufRpcInvoker.call(ProtobufRpcEngine2.java:573) [hadoop-common-3.3.6.jar:?]
	at org.apache.hadoop.ipc.RPC$Server.call(RPC.java:1227) [hadoop-common-3.3.6.jar:?]
	at org.apache.hadoop.ipc.Server$RpcCall.run(Server.java:1094) [hadoop-common-3.3.6.jar:?]
	at org.apache.hadoop.ipc.Server$RpcCall.run(Server.java:1017) [hadoop-common-3.3.6.jar:?]
	at java.security.AccessController.doPrivileged(Native Method) ~[?:1.8.0_382]
	at javax.security.auth.Subject.doAs(Subject.java:422) [?:1.8.0_382]
	at org.apache.hadoop.security.UserGroupInformation.doAs(UserGroupInformation.java:1899) [hadoop-common-3.3.6.jar:?]
	at org.apache.hadoop.ipc.Server$Handler.run(Server.java:3048) [hadoop-common-3.3.6.jar:?]
04:53:36.380 [IPC Server handler 7 on default port 15163] ERROR OMAudit - user=runner | ip=127.0.0.1 | op=GET_FILE_STATUS {volume=volume69932, bucket=bucket53154, key=gdir1/dir5, dataSize=0, replicationConfig=null} | ret=FAILURE
org.apache.hadoop.ozone.om.exceptions.OMException: Unable to get file status: volume: volume69932 bucket: bucket53154 key: gdir1/dir5
	at org.apache.hadoop.ozone.om.KeyManagerImpl.getOzoneFileStatus(KeyManagerImpl.java:1195) ~[ozone-manager-1.4.0-SNAPSHOT.jar:?]
	at org.apache.hadoop.ozone.om.KeyManagerImpl.getFileStatus(KeyManagerImpl.java:1113) ~[ozone-manager-1.4.0-SNAPSHOT.jar:?]
	at org.apache.hadoop.ozone.om.OmMetadataReader.getFileStatus(OmMetadataReader.java:262) ~[ozone-manager-1.4.0-SNAPSHOT.jar:?]
	at org.apache.hadoop.ozone.om.OzoneManager.getFileStatus(OzoneManager.java:3530) ~[ozone-manager-1.4.0-SNAPSHOT.jar:?]
	at org.apache.hadoop.ozone.protocolPB.OzoneManagerRequestHandler.getOzoneFileStatus(OzoneManagerRequestHandler.java:971) ~[ozone-manager-1.4.0-SNAPSHOT.jar:?]
	at org.apache.hadoop.ozone.protocolPB.OzoneManagerRequestHandler.handleReadRequest(OzoneManagerRequestHandler.java:250) ~[ozone-manager-1.4.0-SNAPSHOT.jar:?]
	at org.apache.hadoop.ozone.protocolPB.OzoneManagerProtocolServerSideTranslatorPB.submitRequestDirectlyToOM(OzoneManagerProtocolServerSideTranslatorPB.java:274) ~[ozone-manager-1.4.0-SNAPSHOT.jar:?]
	at org.apache.hadoop.ozone.protocolPB.OzoneManagerProtocolServerSideTranslatorPB.processRequest(OzoneManagerProtocolServerSideTranslatorPB.java:175) ~[ozone-manager-1.4.0-SNAPSHOT.jar:?]
	at org.apache.hadoop.hdds.server.OzoneProtocolMessageDispatcher.processRequest(OzoneProtocolMessageDispatcher.java:87) [hdds-server-framework-1.4.0-SNAPSHOT.jar:?]
	at org.apache.hadoop.ozone.protocolPB.OzoneManagerProtocolServerSideTranslatorPB.submitRequest(OzoneManagerProtocolServerSideTranslatorPB.java:148) [ozone-manager-1.4.0-SNAPSHOT.jar:?]
	at org.apache.hadoop.ozone.protocol.proto.OzoneManagerProtocolProtos$OzoneManagerService$2.callBlockingMethod(OzoneManagerProtocolProtos.java) [ozone-interface-client-1.4.0-SNAPSHOT.jar:?]
	at org.apache.hadoop.ipc.ProtobufRpcEngine$Server.processCall(ProtobufRpcEngine.java:484) [hadoop-common-3.3.6.jar:?]
	at org.apache.hadoop.ipc.ProtobufRpcEngine2$Server$ProtoBufRpcInvoker.call(ProtobufRpcEngine2.java:595) [hadoop-common-3.3.6.jar:?]
	at org.apache.hadoop.ipc.ProtobufRpcEngine2$Server$ProtoBufRpcInvoker.call(ProtobufRpcEngine2.java:573) [hadoop-common-3.3.6.jar:?]
	at org.apache.hadoop.ipc.RPC$Server.call(RPC.java:1227) [hadoop-common-3.3.6.jar:?]
	at org.apache.hadoop.ipc.Server$RpcCall.run(Server.java:1094) [hadoop-common-3.3.6.jar:?]
	at org.apache.hadoop.ipc.Server$RpcCall.run(Server.java:1017) [hadoop-common-3.3.6.jar:?]
	at java.security.AccessController.doPrivileged(Native Method) ~[?:1.8.0_382]
	at javax.security.auth.Subject.doAs(Subject.java:422) [?:1.8.0_382]
	at org.apache.hadoop.security.UserGroupInformation.doAs(UserGroupInformation.java:1899) [hadoop-common-3.3.6.jar:?]
	at org.apache.hadoop.ipc.Server$Handler.run(Server.java:3048) [hadoop-common-3.3.6.jar:?]
04:53:36.384 [IPC Server handler 6 on default port 15163] ERROR OMAudit - user=runner | ip=127.0.0.1 | op=GET_FILE_STATUS {volume=volume69932, bucket=bucket53154, key=gdir1/dir5/child, dataSize=0, replicationConfig=null} | ret=FAILURE
org.apache.hadoop.ozone.om.exceptions.OMException: Unable to get file status: volume: volume69932 bucket: bucket53154 key: gdir1/dir5/child
	at org.apache.hadoop.ozone.om.KeyManagerImpl.getOzoneFileStatus(KeyManagerImpl.java:1195) ~[ozone-manager-1.4.0-SNAPSHOT.jar:?]
	at org.apache.hadoop.ozone.om.KeyManagerImpl.getFileStatus(KeyManagerImpl.java:1113) ~[ozone-manager-1.4.0-SNAPSHOT.jar:?]
	at org.apache.hadoop.ozone.om.OmMetadataReader.getFileStatus(OmMetadataReader.java:262) ~[ozone-manager-1.4.0-SNAPSHOT.jar:?]
	at org.apache.hadoop.ozone.om.OzoneManager.getFileStatus(OzoneManager.java:3530) ~[ozone-manager-1.4.0-SNAPSHOT.jar:?]
	at org.apache.hadoop.ozone.protocolPB.OzoneManagerRequestHandler.getOzoneFileStatus(OzoneManagerRequestHandler.java:971) ~[ozone-manager-1.4.0-SNAPSHOT.jar:?]
	at org.apache.hadoop.ozone.protocolPB.OzoneManagerRequestHandler.handleReadRequest(OzoneManagerRequestHandler.java:250) ~[ozone-manager-1.4.0-SNAPSHOT.jar:?]
	at org.apache.hadoop.ozone.protocolPB.OzoneManagerProtocolServerSideTranslatorPB.submitRequestDirectlyToOM(OzoneManagerProtocolServerSideTranslatorPB.java:274) ~[ozone-manager-1.4.0-SNAPSHOT.jar:?]
	at org.apache.hadoop.ozone.protocolPB.OzoneManagerProtocolServerSideTranslatorPB.processRequest(OzoneManagerProtocolServerSideTranslatorPB.java:175) ~[ozone-manager-1.4.0-SNAPSHOT.jar:?]
	at org.apache.hadoop.hdds.server.OzoneProtocolMessageDispatcher.processRequest(OzoneProtocolMessageDispatcher.java:87) [hdds-server-framework-1.4.0-SNAPSHOT.jar:?]
	at org.apache.hadoop.ozone.protocolPB.OzoneManagerProtocolServerSideTranslatorPB.submitRequest(OzoneManagerProtocolServerSideTranslatorPB.java:148) [ozone-manager-1.4.0-SNAPSHOT.jar:?]
	at org.apache.hadoop.ozone.protocol.proto.OzoneManagerProtocolProtos$OzoneManagerService$2.callBlockingMethod(OzoneManagerProtocolProtos.java) [ozone-interface-client-1.4.0-SNAPSHOT.jar:?]
	at org.apache.hadoop.ipc.ProtobufRpcEngine$Server.processCall(ProtobufRpcEngine.java:484) [hadoop-common-3.3.6.jar:?]
	at org.apache.hadoop.ipc.ProtobufRpcEngine2$Server$ProtoBufRpcInvoker.call(ProtobufRpcEngine2.java:595) [hadoop-common-3.3.6.jar:?]
	at org.apache.hadoop.ipc.ProtobufRpcEngine2$Server$ProtoBufRpcInvoker.call(ProtobufRpcEngine2.java:573) [hadoop-common-3.3.6.jar:?]
	at org.apache.hadoop.ipc.RPC$Server.call(RPC.java:1227) [hadoop-common-3.3.6.jar:?]
	at org.apache.hadoop.ipc.Server$RpcCall.run(Server.java:1094) [hadoop-common-3.3.6.jar:?]
	at org.apache.hadoop.ipc.Server$RpcCall.run(Server.java:1017) [hadoop-common-3.3.6.jar:?]
	at java.security.AccessController.doPrivileged(Native Method) ~[?:1.8.0_382]
	at javax.security.auth.Subject.doAs(Subject.java:422) [?:1.8.0_382]
	at org.apache.hadoop.security.UserGroupInformation.doAs(UserGroupInformation.java:1899) [hadoop-common-3.3.6.jar:?]
	at org.apache.hadoop.ipc.Server$Handler.run(Server.java:3048) [hadoop-common-3.3.6.jar:?]
04:53:36.386 [IPC Server handler 5 on default port 15163] ERROR OMAudit - user=runner | ip=127.0.0.1 | op=GET_FILE_STATUS {volume=volume69932, bucket=bucket53154, key=gdir1/dir6, dataSize=0, replicationConfig=null} | ret=FAILURE
org.apache.hadoop.ozone.om.exceptions.OMException: Unable to get file status: volume: volume69932 bucket: bucket53154 key: gdir1/dir6
	at org.apache.hadoop.ozone.om.KeyManagerImpl.getOzoneFileStatus(KeyManagerImpl.java:1195) ~[ozone-manager-1.4.0-SNAPSHOT.jar:?]
	at org.apache.hadoop.ozone.om.KeyManagerImpl.getFileStatus(KeyManagerImpl.java:1113) ~[ozone-manager-1.4.0-SNAPSHOT.jar:?]
	at org.apache.hadoop.ozone.om.OmMetadataReader.getFileStatus(OmMetadataReader.java:262) ~[ozone-manager-1.4.0-SNAPSHOT.jar:?]
	at org.apache.hadoop.ozone.om.OzoneManager.getFileStatus(OzoneManager.java:3530) ~[ozone-manager-1.4.0-SNAPSHOT.jar:?]
	at org.apache.hadoop.ozone.protocolPB.OzoneManagerRequestHandler.getOzoneFileStatus(OzoneManagerRequestHandler.java:971) ~[ozone-manager-1.4.0-SNAPSHOT.jar:?]
	at org.apache.hadoop.ozone.protocolPB.OzoneManagerRequestHandler.handleReadRequest(OzoneManagerRequestHandler.java:250) ~[ozone-manager-1.4.0-SNAPSHOT.jar:?]
	at org.apache.hadoop.ozone.protocolPB.OzoneManagerProtocolServerSideTranslatorPB.submitRequestDirectlyToOM(OzoneManagerProtocolServerSideTranslatorPB.java:274) ~[ozone-manager-1.4.0-SNAPSHOT.jar:?]
	at org.apache.hadoop.ozone.protocolPB.OzoneManagerProtocolServerSideTranslatorPB.processRequest(OzoneManagerProtocolServerSideTranslatorPB.java:175) ~[ozone-manager-1.4.0-SNAPSHOT.jar:?]
	at org.apache.hadoop.hdds.server.OzoneProtocolMessageDispatcher.processRequest(OzoneProtocolMessageDispatcher.java:87) [hdds-server-framework-1.4.0-SNAPSHOT.jar:?]
	at org.apache.hadoop.ozone.protocolPB.OzoneManagerProtocolServerSideTranslatorPB.submitRequest(OzoneManagerProtocolServerSideTranslatorPB.java:148) [ozone-manager-1.4.0-SNAPSHOT.jar:?]
	at org.apache.hadoop.ozone.protocol.proto.OzoneManagerProtocolProtos$OzoneManagerService$2.callBlockingMethod(OzoneManagerProtocolProtos.java) [ozone-interface-client-1.4.0-SNAPSHOT.jar:?]
	at org.apache.hadoop.ipc.ProtobufRpcEngine$Server.processCall(ProtobufRpcEngine.java:484) [hadoop-common-3.3.6.jar:?]
	at org.apache.hadoop.ipc.ProtobufRpcEngine2$Server$ProtoBufRpcInvoker.call(ProtobufRpcEngine2.java:595) [hadoop-common-3.3.6.jar:?]
	at org.apache.hadoop.ipc.ProtobufRpcEngine2$Server$ProtoBufRpcInvoker.call(ProtobufRpcEngine2.java:573) [hadoop-common-3.3.6.jar:?]
	at org.apache.hadoop.ipc.RPC$Server.call(RPC.java:1227) [hadoop-common-3.3.6.jar:?]
	at org.apache.hadoop.ipc.Server$RpcCall.run(Server.java:1094) [hadoop-common-3.3.6.jar:?]
	at org.apache.hadoop.ipc.Server$RpcCall.run(Server.java:1017) [hadoop-common-3.3.6.jar:?]
	at java.security.AccessController.doPrivileged(Native Method) ~[?:1.8.0_382]
	at javax.security.auth.Subject.doAs(Subject.java:422) [?:1.8.0_382]
	at org.apache.hadoop.security.UserGroupInformation.doAs(UserGroupInformation.java:1899) [hadoop-common-3.3.6.jar:?]
	at org.apache.hadoop.ipc.Server$Handler.run(Server.java:3048) [hadoop-common-3.3.6.jar:?]
04:53:36.387 [IPC Server handler 3 on default port 15163] ERROR OMAudit - user=runner | ip=127.0.0.1 | op=GET_FILE_STATUS {volume=volume69932, bucket=bucket53154, key=gdir1/dir6/child, dataSize=0, replicationConfig=null} | ret=FAILURE
org.apache.hadoop.ozone.om.exceptions.OMException: Unable to get file status: volume: volume69932 bucket: bucket53154 key: gdir1/dir6/child
	at org.apache.hadoop.ozone.om.KeyManagerImpl.getOzoneFileStatus(KeyManagerImpl.java:1195) ~[ozone-manager-1.4.0-SNAPSHOT.jar:?]
	at org.apache.hadoop.ozone.om.KeyManagerImpl.getFileStatus(KeyManagerImpl.java:1113) ~[ozone-manager-1.4.0-SNAPSHOT.jar:?]
	at org.apache.hadoop.ozone.om.OmMetadataReader.getFileStatus(OmMetadataReader.java:262) ~[ozone-manager-1.4.0-SNAPSHOT.jar:?]
	at org.apache.hadoop.ozone.om.OzoneManager.getFileStatus(OzoneManager.java:3530) ~[ozone-manager-1.4.0-SNAPSHOT.jar:?]
	at org.apache.hadoop.ozone.protocolPB.OzoneManagerRequestHandler.getOzoneFileStatus(OzoneManagerRequestHandler.java:971) ~[ozone-manager-1.4.0-SNAPSHOT.jar:?]
	at org.apache.hadoop.ozone.protocolPB.OzoneManagerRequestHandler.handleReadRequest(OzoneManagerRequestHandler.java:250) ~[ozone-manager-1.4.0-SNAPSHOT.jar:?]
	at org.apache.hadoop.ozone.protocolPB.OzoneManagerProtocolServerSideTranslatorPB.submitRequestDirectlyToOM(OzoneManagerProtocolServerSideTranslatorPB.java:274) ~[ozone-manager-1.4.0-SNAPSHOT.jar:?]
	at org.apache.hadoop.ozone.protocolPB.OzoneManagerProtocolServerSideTranslatorPB.processRequest(OzoneManagerProtocolServerSideTranslatorPB.java:175) ~[ozone-manager-1.4.0-SNAPSHOT.jar:?]
	at org.apache.hadoop.hdds.server.OzoneProtocolMessageDispatcher.processRequest(OzoneProtocolMessageDispatcher.java:87) [hdds-server-framework-1.4.0-SNAPSHOT.jar:?]
	at org.apache.hadoop.ozone.protocolPB.OzoneManagerProtocolServerSideTranslatorPB.submitRequest(OzoneManagerProtocolServerSideTranslatorPB.java:148) [ozone-manager-1.4.0-SNAPSHOT.jar:?]
	at org.apache.hadoop.ozone.protocol.proto.OzoneManagerProtocolProtos$OzoneManagerService$2.callBlockingMethod(OzoneManagerProtocolProtos.java) [ozone-interface-client-1.4.0-SNAPSHOT.jar:?]
	at org.apache.hadoop.ipc.ProtobufRpcEngine$Server.processCall(ProtobufRpcEngine.java:484) [hadoop-common-3.3.6.jar:?]
	at org.apache.hadoop.ipc.ProtobufRpcEngine2$Server$ProtoBufRpcInvoker.call(ProtobufRpcEngine2.java:595) [hadoop-common-3.3.6.jar:?]
	at org.apache.hadoop.ipc.ProtobufRpcEngine2$Server$ProtoBufRpcInvoker.call(ProtobufRpcEngine2.java:573) [hadoop-common-3.3.6.jar:?]
	at org.apache.hadoop.ipc.RPC$Server.call(RPC.java:1227) [hadoop-common-3.3.6.jar:?]
	at org.apache.hadoop.ipc.Server$RpcCall.run(Server.java:1094) [hadoop-common-3.3.6.jar:?]
	at org.apache.hadoop.ipc.Server$RpcCall.run(Server.java:1017) [hadoop-common-3.3.6.jar:?]
	at java.security.AccessController.doPrivileged(Native Method) ~[?:1.8.0_382]
	at javax.security.auth.Subject.doAs(Subject.java:422) [?:1.8.0_382]
	at org.apache.hadoop.security.UserGroupInformation.doAs(UserGroupInformation.java:1899) [hadoop-common-3.3.6.jar:?]
	at org.apache.hadoop.ipc.Server$Handler.run(Server.java:3048) [hadoop-common-3.3.6.jar:?]
04:53:36.389 [IPC Server handler 4 on default port 15163] ERROR OMAudit - user=runner | ip=127.0.0.1 | op=GET_FILE_STATUS {volume=volume69932, bucket=bucket53154, key=gdir1/dir7, dataSize=0, replicationConfig=null} | ret=FAILURE
org.apache.hadoop.ozone.om.exceptions.OMException: Unable to get file status: volume: volume69932 bucket: bucket53154 key: gdir1/dir7
	at org.apache.hadoop.ozone.om.KeyManagerImpl.getOzoneFileStatus(KeyManagerImpl.java:1195) ~[ozone-manager-1.4.0-SNAPSHOT.jar:?]
	at org.apache.hadoop.ozone.om.KeyManagerImpl.getFileStatus(KeyManagerImpl.java:1113) ~[ozone-manager-1.4.0-SNAPSHOT.jar:?]
	at org.apache.hadoop.ozone.om.OmMetadataReader.getFileStatus(OmMetadataReader.java:262) ~[ozone-manager-1.4.0-SNAPSHOT.jar:?]
	at org.apache.hadoop.ozone.om.OzoneManager.getFileStatus(OzoneManager.java:3530) ~[ozone-manager-1.4.0-SNAPSHOT.jar:?]
	at org.apache.hadoop.ozone.protocolPB.OzoneManagerRequestHandler.getOzoneFileStatus(OzoneManagerRequestHandler.java:971) ~[ozone-manager-1.4.0-SNAPSHOT.jar:?]
	at org.apache.hadoop.ozone.protocolPB.OzoneManagerRequestHandler.handleReadRequest(OzoneManagerRequestHandler.java:250) ~[ozone-manager-1.4.0-SNAPSHOT.jar:?]
	at org.apache.hadoop.ozone.protocolPB.OzoneManagerProtocolServerSideTranslatorPB.submitRequestDirectlyToOM(OzoneManagerProtocolServerSideTranslatorPB.java:274) ~[ozone-manager-1.4.0-SNAPSHOT.jar:?]
	at org.apache.hadoop.ozone.protocolPB.OzoneManagerProtocolServerSideTranslatorPB.processRequest(OzoneManagerProtocolServerSideTranslatorPB.java:175) ~[ozone-manager-1.4.0-SNAPSHOT.jar:?]
	at org.apache.hadoop.hdds.server.OzoneProtocolMessageDispatcher.processRequest(OzoneProtocolMessageDispatcher.java:87) [hdds-server-framework-1.4.0-SNAPSHOT.jar:?]
	at org.apache.hadoop.ozone.protocolPB.OzoneManagerProtocolServerSideTranslatorPB.submitRequest(OzoneManagerProtocolServerSideTranslatorPB.java:148) [ozone-manager-1.4.0-SNAPSHOT.jar:?]
	at org.apache.hadoop.ozone.protocol.proto.OzoneManagerProtocolProtos$OzoneManagerService$2.callBlockingMethod(OzoneManagerProtocolProtos.java) [ozone-interface-client-1.4.0-SNAPSHOT.jar:?]
	at org.apache.hadoop.ipc.ProtobufRpcEngine$Server.processCall(ProtobufRpcEngine.java:484) [hadoop-common-3.3.6.jar:?]
	at org.apache.hadoop.ipc.ProtobufRpcEngine2$Server$ProtoBufRpcInvoker.call(ProtobufRpcEngine2.java:595) [hadoop-common-3.3.6.jar:?]
	at org.apache.hadoop.ipc.ProtobufRpcEngine2$Server$ProtoBufRpcInvoker.call(ProtobufRpcEngine2.java:573) [hadoop-common-3.3.6.jar:?]
	at org.apache.hadoop.ipc.RPC$Server.call(RPC.java:1227) [hadoop-common-3.3.6.jar:?]
	at org.apache.hadoop.ipc.Server$RpcCall.run(Server.java:1094) [hadoop-common-3.3.6.jar:?]
	at org.apache.hadoop.ipc.Server$RpcCall.run(Server.java:1017) [hadoop-common-3.3.6.jar:?]
	at java.security.AccessController.doPrivileged(Native Method) ~[?:1.8.0_382]
	at javax.security.auth.Subject.doAs(Subject.java:422) [?:1.8.0_382]
	at org.apache.hadoop.security.UserGroupInformation.doAs(UserGroupInformation.java:1899) [hadoop-common-3.3.6.jar:?]
	at org.apache.hadoop.ipc.Server$Handler.run(Server.java:3048) [hadoop-common-3.3.6.jar:?]
04:53:36.390 [IPC Server handler 12 on default port 15163] ERROR OMAudit - user=runner | ip=127.0.0.1 | op=GET_FILE_STATUS {volume=volume69932, bucket=bucket53154, key=gdir1/dir7/child, dataSize=0, replicationConfig=null} | ret=FAILURE
org.apache.hadoop.ozone.om.exceptions.OMException: Unable to get file status: volume: volume69932 bucket: bucket53154 key: gdir1/dir7/child
	at org.apache.hadoop.ozone.om.KeyManagerImpl.getOzoneFileStatus(KeyManagerImpl.java:1195) ~[ozone-manager-1.4.0-SNAPSHOT.jar:?]
	at org.apache.hadoop.ozone.om.KeyManagerImpl.getFileStatus(KeyManagerImpl.java:1113) ~[ozone-manager-1.4.0-SNAPSHOT.jar:?]
	at org.apache.hadoop.ozone.om.OmMetadataReader.getFileStatus(OmMetadataReader.java:262) ~[ozone-manager-1.4.0-SNAPSHOT.jar:?]
	at org.apache.hadoop.ozone.om.OzoneManager.getFileStatus(OzoneManager.java:3530) ~[ozone-manager-1.4.0-SNAPSHOT.jar:?]
	at org.apache.hadoop.ozone.protocolPB.OzoneManagerRequestHandler.getOzoneFileStatus(OzoneManagerRequestHandler.java:971) ~[ozone-manager-1.4.0-SNAPSHOT.jar:?]
	at org.apache.hadoop.ozone.protocolPB.OzoneManagerRequestHandler.handleReadRequest(OzoneManagerRequestHandler.java:250) ~[ozone-manager-1.4.0-SNAPSHOT.jar:?]
	at org.apache.hadoop.ozone.protocolPB.OzoneManagerProtocolServerSideTranslatorPB.submitRequestDirectlyToOM(OzoneManagerProtocolServerSideTranslatorPB.java:274) ~[ozone-manager-1.4.0-SNAPSHOT.jar:?]
	at org.apache.hadoop.ozone.protocolPB.OzoneManagerProtocolServerSideTranslatorPB.processRequest(OzoneManagerProtocolServerSideTranslatorPB.java:175) ~[ozone-manager-1.4.0-SNAPSHOT.jar:?]
	at org.apache.hadoop.hdds.server.OzoneProtocolMessageDispatcher.processRequest(OzoneProtocolMessageDispatcher.java:87) [hdds-server-framework-1.4.0-SNAPSHOT.jar:?]
	at org.apache.hadoop.ozone.protocolPB.OzoneManagerProtocolServerSideTranslatorPB.submitRequest(OzoneManagerProtocolServerSideTranslatorPB.java:148) [ozone-manager-1.4.0-SNAPSHOT.jar:?]
	at org.apache.hadoop.ozone.protocol.proto.OzoneManagerProtocolProtos$OzoneManagerService$2.callBlockingMethod(OzoneManagerProtocolProtos.java) [ozone-interface-client-1.4.0-SNAPSHOT.jar:?]
	at org.apache.hadoop.ipc.ProtobufRpcEngine$Server.processCall(ProtobufRpcEngine.java:484) [hadoop-common-3.3.6.jar:?]
	at org.apache.hadoop.ipc.ProtobufRpcEngine2$Server$ProtoBufRpcInvoker.call(ProtobufRpcEngine2.java:595) [hadoop-common-3.3.6.jar:?]
	at org.apache.hadoop.ipc.ProtobufRpcEngine2$Server$ProtoBufRpcInvoker.call(ProtobufRpcEngine2.java:573) [hadoop-common-3.3.6.jar:?]
	at org.apache.hadoop.ipc.RPC$Server.call(RPC.java:1227) [hadoop-common-3.3.6.jar:?]
	at org.apache.hadoop.ipc.Server$RpcCall.run(Server.java:1094) [hadoop-common-3.3.6.jar:?]
	at org.apache.hadoop.ipc.Server$RpcCall.run(Server.java:1017) [hadoop-common-3.3.6.jar:?]
	at java.security.AccessController.doPrivileged(Native Method) ~[?:1.8.0_382]
	at javax.security.auth.Subject.doAs(Subject.java:422) [?:1.8.0_382]
	at org.apache.hadoop.security.UserGroupInformation.doAs(UserGroupInformation.java:1899) [hadoop-common-3.3.6.jar:?]
	at org.apache.hadoop.ipc.Server$Handler.run(Server.java:3048) [hadoop-common-3.3.6.jar:?]
04:53:36.391 [IPC Server handler 15 on default port 15163] ERROR OMAudit - user=runner | ip=127.0.0.1 | op=GET_FILE_STATUS {volume=volume69932, bucket=bucket53154, key=gdir1/dir8, dataSize=0, replicationConfig=null} | ret=FAILURE
org.apache.hadoop.ozone.om.exceptions.OMException: Unable to get file status: volume: volume69932 bucket: bucket53154 key: gdir1/dir8
	at org.apache.hadoop.ozone.om.KeyManagerImpl.getOzoneFileStatus(KeyManagerImpl.java:1195) ~[ozone-manager-1.4.0-SNAPSHOT.jar:?]
	at org.apache.hadoop.ozone.om.KeyManagerImpl.getFileStatus(KeyManagerImpl.java:1113) ~[ozone-manager-1.4.0-SNAPSHOT.jar:?]
	at org.apache.hadoop.ozone.om.OmMetadataReader.getFileStatus(OmMetadataReader.java:262) ~[ozone-manager-1.4.0-SNAPSHOT.jar:?]
	at org.apache.hadoop.ozone.om.OzoneManager.getFileStatus(OzoneManager.java:3530) ~[ozone-manager-1.4.0-SNAPSHOT.jar:?]
	at org.apache.hadoop.ozone.protocolPB.OzoneManagerRequestHandler.getOzoneFileStatus(OzoneManagerRequestHandler.java:971) ~[ozone-manager-1.4.0-SNAPSHOT.jar:?]
	at org.apache.hadoop.ozone.protocolPB.OzoneManagerRequestHandler.handleReadRequest(OzoneManagerRequestHandler.java:250) ~[ozone-manager-1.4.0-SNAPSHOT.jar:?]
	at org.apache.hadoop.ozone.protocolPB.OzoneManagerProtocolServerSideTranslatorPB.submitRequestDirectlyToOM(OzoneManagerProtocolServerSideTranslatorPB.java:274) ~[ozone-manager-1.4.0-SNAPSHOT.jar:?]
	at org.apache.hadoop.ozone.protocolPB.OzoneManagerProtocolServerSideTranslatorPB.processRequest(OzoneManagerProtocolServerSideTranslatorPB.java:175) ~[ozone-manager-1.4.0-SNAPSHOT.jar:?]
	at org.apache.hadoop.hdds.server.OzoneProtocolMessageDispatcher.processRequest(OzoneProtocolMessageDispatcher.java:87) [hdds-server-framework-1.4.0-SNAPSHOT.jar:?]
	at org.apache.hadoop.ozone.protocolPB.OzoneManagerProtocolServerSideTranslatorPB.submitRequest(OzoneManagerProtocolServerSideTranslatorPB.java:148) [ozone-manager-1.4.0-SNAPSHOT.jar:?]
	at org.apache.hadoop.ozone.protocol.proto.OzoneManagerProtocolProtos$OzoneManagerService$2.callBlockingMethod(OzoneManagerProtocolProtos.java) [ozone-interface-client-1.4.0-SNAPSHOT.jar:?]
	at org.apache.hadoop.ipc.ProtobufRpcEngine$Server.processCall(ProtobufRpcEngine.java:484) [hadoop-common-3.3.6.jar:?]
	at org.apache.hadoop.ipc.ProtobufRpcEngine2$Server$ProtoBufRpcInvoker.call(ProtobufRpcEngine2.java:595) [hadoop-common-3.3.6.jar:?]
	at org.apache.hadoop.ipc.ProtobufRpcEngine2$Server$ProtoBufRpcInvoker.call(ProtobufRpcEngine2.java:573) [hadoop-common-3.3.6.jar:?]
	at org.apache.hadoop.ipc.RPC$Server.call(RPC.java:1227) [hadoop-common-3.3.6.jar:?]
	at org.apache.hadoop.ipc.Server$RpcCall.run(Server.java:1094) [hadoop-common-3.3.6.jar:?]
	at org.apache.hadoop.ipc.Server$RpcCall.run(Server.java:1017) [hadoop-common-3.3.6.jar:?]
	at java.security.AccessController.doPrivileged(Native Method) ~[?:1.8.0_382]
	at javax.security.auth.Subject.doAs(Subject.java:422) [?:1.8.0_382]
	at org.apache.hadoop.security.UserGroupInformation.doAs(UserGroupInformation.java:1899) [hadoop-common-3.3.6.jar:?]
	at org.apache.hadoop.ipc.Server$Handler.run(Server.java:3048) [hadoop-common-3.3.6.jar:?]
04:53:36.394 [IPC Server handler 13 on default port 15163] ERROR OMAudit - user=runner | ip=127.0.0.1 | op=GET_FILE_STATUS {volume=volume69932, bucket=bucket53154, key=gdir1/dir8/child, dataSize=0, replicationConfig=null} | ret=FAILURE
org.apache.hadoop.ozone.om.exceptions.OMException: Unable to get file status: volume: volume69932 bucket: bucket53154 key: gdir1/dir8/child
	at org.apache.hadoop.ozone.om.KeyManagerImpl.getOzoneFileStatus(KeyManagerImpl.java:1195) ~[ozone-manager-1.4.0-SNAPSHOT.jar:?]
	at org.apache.hadoop.ozone.om.KeyManagerImpl.getFileStatus(KeyManagerImpl.java:1113) ~[ozone-manager-1.4.0-SNAPSHOT.jar:?]
	at org.apache.hadoop.ozone.om.OmMetadataReader.getFileStatus(OmMetadataReader.java:262) ~[ozone-manager-1.4.0-SNAPSHOT.jar:?]
	at org.apache.hadoop.ozone.om.OzoneManager.getFileStatus(OzoneManager.java:3530) ~[ozone-manager-1.4.0-SNAPSHOT.jar:?]
	at org.apache.hadoop.ozone.protocolPB.OzoneManagerRequestHandler.getOzoneFileStatus(OzoneManagerRequestHandler.java:971) ~[ozone-manager-1.4.0-SNAPSHOT.jar:?]
	at org.apache.hadoop.ozone.protocolPB.OzoneManagerRequestHandler.handleReadRequest(OzoneManagerRequestHandler.java:250) ~[ozone-manager-1.4.0-SNAPSHOT.jar:?]
	at org.apache.hadoop.ozone.protocolPB.OzoneManagerProtocolServerSideTranslatorPB.submitRequestDirectlyToOM(OzoneManagerProtocolServerSideTranslatorPB.java:274) ~[ozone-manager-1.4.0-SNAPSHOT.jar:?]
	at org.apache.hadoop.ozone.protocolPB.OzoneManagerProtocolServerSideTranslatorPB.processRequest(OzoneManagerProtocolServerSideTranslatorPB.java:175) ~[ozone-manager-1.4.0-SNAPSHOT.jar:?]
	at org.apache.hadoop.hdds.server.OzoneProtocolMessageDispatcher.processRequest(OzoneProtocolMessageDispatcher.java:87) [hdds-server-framework-1.4.0-SNAPSHOT.jar:?]
	at org.apache.hadoop.ozone.protocolPB.OzoneManagerProtocolServerSideTranslatorPB.submitRequest(OzoneManagerProtocolServerSideTranslatorPB.java:148) [ozone-manager-1.4.0-SNAPSHOT.jar:?]
	at org.apache.hadoop.ozone.protocol.proto.OzoneManagerProtocolProtos$OzoneManagerService$2.callBlockingMethod(OzoneManagerProtocolProtos.java) [ozone-interface-client-1.4.0-SNAPSHOT.jar:?]
	at org.apache.hadoop.ipc.ProtobufRpcEngine$Server.processCall(ProtobufRpcEngine.java:484) [hadoop-common-3.3.6.jar:?]
	at org.apache.hadoop.ipc.ProtobufRpcEngine2$Server$ProtoBufRpcInvoker.call(ProtobufRpcEngine2.java:595) [hadoop-common-3.3.6.jar:?]
	at org.apache.hadoop.ipc.ProtobufRpcEngine2$Server$ProtoBufRpcInvoker.call(ProtobufRpcEngine2.java:573) [hadoop-common-3.3.6.jar:?]
	at org.apache.hadoop.ipc.RPC$Server.call(RPC.java:1227) [hadoop-common-3.3.6.jar:?]
	at org.apache.hadoop.ipc.Server$RpcCall.run(Server.java:1094) [hadoop-common-3.3.6.jar:?]
	at org.apache.hadoop.ipc.Server$RpcCall.run(Server.java:1017) [hadoop-common-3.3.6.jar:?]
	at java.security.AccessController.doPrivileged(Native Method) ~[?:1.8.0_382]
	at javax.security.auth.Subject.doAs(Subject.java:422) [?:1.8.0_382]
	at org.apache.hadoop.security.UserGroupInformation.doAs(UserGroupInformation.java:1899) [hadoop-common-3.3.6.jar:?]
	at org.apache.hadoop.ipc.Server$Handler.run(Server.java:3048) [hadoop-common-3.3.6.jar:?]
04:53:36.395 [IPC Server handler 14 on default port 15163] ERROR OMAudit - user=runner | ip=127.0.0.1 | op=GET_FILE_STATUS {volume=volume69932, bucket=bucket53154, key=gdir1/dir9, dataSize=0, replicationConfig=null} | ret=FAILURE
org.apache.hadoop.ozone.om.exceptions.OMException: Unable to get file status: volume: volume69932 bucket: bucket53154 key: gdir1/dir9
	at org.apache.hadoop.ozone.om.KeyManagerImpl.getOzoneFileStatus(KeyManagerImpl.java:1195) ~[ozone-manager-1.4.0-SNAPSHOT.jar:?]
	at org.apache.hadoop.ozone.om.KeyManagerImpl.getFileStatus(KeyManagerImpl.java:1113) ~[ozone-manager-1.4.0-SNAPSHOT.jar:?]
	at org.apache.hadoop.ozone.om.OmMetadataReader.getFileStatus(OmMetadataReader.java:262) ~[ozone-manager-1.4.0-SNAPSHOT.jar:?]
	at org.apache.hadoop.ozone.om.OzoneManager.getFileStatus(OzoneManager.java:3530) ~[ozone-manager-1.4.0-SNAPSHOT.jar:?]
	at org.apache.hadoop.ozone.protocolPB.OzoneManagerRequestHandler.getOzoneFileStatus(OzoneManagerRequestHandler.java:971) ~[ozone-manager-1.4.0-SNAPSHOT.jar:?]
	at org.apache.hadoop.ozone.protocolPB.OzoneManagerRequestHandler.handleReadRequest(OzoneManagerRequestHandler.java:250) ~[ozone-manager-1.4.0-SNAPSHOT.jar:?]
	at org.apache.hadoop.ozone.protocolPB.OzoneManagerProtocolServerSideTranslatorPB.submitRequestDirectlyToOM(OzoneManagerProtocolServerSideTranslatorPB.java:274) ~[ozone-manager-1.4.0-SNAPSHOT.jar:?]
	at org.apache.hadoop.ozone.protocolPB.OzoneManagerProtocolServerSideTranslatorPB.processRequest(OzoneManagerProtocolServerSideTranslatorPB.java:175) ~[ozone-manager-1.4.0-SNAPSHOT.jar:?]
	at org.apache.hadoop.hdds.server.OzoneProtocolMessageDispatcher.processRequest(OzoneProtocolMessageDispatcher.java:87) [hdds-server-framework-1.4.0-SNAPSHOT.jar:?]
	at org.apache.hadoop.ozone.protocolPB.OzoneManagerProtocolServerSideTranslatorPB.submitRequest(OzoneManagerProtocolServerSideTranslatorPB.java:148) [ozone-manager-1.4.0-SNAPSHOT.jar:?]
	at org.apache.hadoop.ozone.protocol.proto.OzoneManagerProtocolProtos$OzoneManagerService$2.callBlockingMethod(OzoneManagerProtocolProtos.java) [ozone-interface-client-1.4.0-SNAPSHOT.jar:?]
	at org.apache.hadoop.ipc.ProtobufRpcEngine$Server.processCall(ProtobufRpcEngine.java:484) [hadoop-common-3.3.6.jar:?]
	at org.apache.hadoop.ipc.ProtobufRpcEngine2$Server$ProtoBufRpcInvoker.call(ProtobufRpcEngine2.java:595) [hadoop-common-3.3.6.jar:?]
	at org.apache.hadoop.ipc.ProtobufRpcEngine2$Server$ProtoBufRpcInvoker.call(ProtobufRpcEngine2.java:573) [hadoop-common-3.3.6.jar:?]
	at org.apache.hadoop.ipc.RPC$Server.call(RPC.java:1227) [hadoop-common-3.3.6.jar:?]
	at org.apache.hadoop.ipc.Server$RpcCall.run(Server.java:1094) [hadoop-common-3.3.6.jar:?]
	at org.apache.hadoop.ipc.Server$RpcCall.run(Server.java:1017) [hadoop-common-3.3.6.jar:?]
	at java.security.AccessController.doPrivileged(Native Method) ~[?:1.8.0_382]
	at javax.security.auth.Subject.doAs(Subject.java:422) [?:1.8.0_382]
	at org.apache.hadoop.security.UserGroupInformation.doAs(UserGroupInformation.java:1899) [hadoop-common-3.3.6.jar:?]
	at org.apache.hadoop.ipc.Server$Handler.run(Server.java:3048) [hadoop-common-3.3.6.jar:?]
04:53:36.396 [IPC Server handler 16 on default port 15163] ERROR OMAudit - user=runner | ip=127.0.0.1 | op=GET_FILE_STATUS {volume=volume69932, bucket=bucket53154, key=gdir1/dir9/child, dataSize=0, replicationConfig=null} | ret=FAILURE
org.apache.hadoop.ozone.om.exceptions.OMException: Unable to get file status: volume: volume69932 bucket: bucket53154 key: gdir1/dir9/child
	at org.apache.hadoop.ozone.om.KeyManagerImpl.getOzoneFileStatus(KeyManagerImpl.java:1195) ~[ozone-manager-1.4.0-SNAPSHOT.jar:?]
	at org.apache.hadoop.ozone.om.KeyManagerImpl.getFileStatus(KeyManagerImpl.java:1113) ~[ozone-manager-1.4.0-SNAPSHOT.jar:?]
	at org.apache.hadoop.ozone.om.OmMetadataReader.getFileStatus(OmMetadataReader.java:262) ~[ozone-manager-1.4.0-SNAPSHOT.jar:?]
	at org.apache.hadoop.ozone.om.OzoneManager.getFileStatus(OzoneManager.java:3530) ~[ozone-manager-1.4.0-SNAPSHOT.jar:?]
	at org.apache.hadoop.ozone.protocolPB.OzoneManagerRequestHandler.getOzoneFileStatus(OzoneManagerRequestHandler.java:971) ~[ozone-manager-1.4.0-SNAPSHOT.jar:?]
	at org.apache.hadoop.ozone.protocolPB.OzoneManagerRequestHandler.handleReadRequest(OzoneManagerRequestHandler.java:250) ~[ozone-manager-1.4.0-SNAPSHOT.jar:?]
	at org.apache.hadoop.ozone.protocolPB.OzoneManagerProtocolServerSideTranslatorPB.submitRequestDirectlyToOM(OzoneManagerProtocolServerSideTranslatorPB.java:274) ~[ozone-manager-1.4.0-SNAPSHOT.jar:?]
	at org.apache.hadoop.ozone.protocolPB.OzoneManagerProtocolServerSideTranslatorPB.processRequest(OzoneManagerProtocolServerSideTranslatorPB.java:175) ~[ozone-manager-1.4.0-SNAPSHOT.jar:?]
	at org.apache.hadoop.hdds.server.OzoneProtocolMessageDispatcher.processRequest(OzoneProtocolMessageDispatcher.java:87) [hdds-server-framework-1.4.0-SNAPSHOT.jar:?]
	at org.apache.hadoop.ozone.protocolPB.OzoneManagerProtocolServerSideTranslatorPB.submitRequest(OzoneManagerProtocolServerSideTranslatorPB.java:148) [ozone-manager-1.4.0-SNAPSHOT.jar:?]
	at org.apache.hadoop.ozone.protocol.proto.OzoneManagerProtocolProtos$OzoneManagerService$2.callBlockingMethod(OzoneManagerProtocolProtos.java) [ozone-interface-client-1.4.0-SNAPSHOT.jar:?]
	at org.apache.hadoop.ipc.ProtobufRpcEngine$Server.processCall(ProtobufRpcEngine.java:484) [hadoop-common-3.3.6.jar:?]
	at org.apache.hadoop.ipc.ProtobufRpcEngine2$Server$ProtoBufRpcInvoker.call(ProtobufRpcEngine2.java:595) [hadoop-common-3.3.6.jar:?]
	at org.apache.hadoop.ipc.ProtobufRpcEngine2$Server$ProtoBufRpcInvoker.call(ProtobufRpcEngine2.java:573) [hadoop-common-3.3.6.jar:?]
	at org.apache.hadoop.ipc.RPC$Server.call(RPC.java:1227) [hadoop-common-3.3.6.jar:?]
	at org.apache.hadoop.ipc.Server$RpcCall.run(Server.java:1094) [hadoop-common-3.3.6.jar:?]
	at org.apache.hadoop.ipc.Server$RpcCall.run(Server.java:1017) [hadoop-common-3.3.6.jar:?]
	at java.security.AccessController.doPrivileged(Native Method) ~[?:1.8.0_382]
	at javax.security.auth.Subject.doAs(Subject.java:422) [?:1.8.0_382]
	at org.apache.hadoop.security.UserGroupInformation.doAs(UserGroupInformation.java:1899) [hadoop-common-3.3.6.jar:?]
	at org.apache.hadoop.ipc.Server$Handler.run(Server.java:3048) [hadoop-common-3.3.6.jar:?]
04:53:36.397 [IPC Server handler 11 on default port 15163] ERROR OMAudit - user=runner | ip=127.0.0.1 | op=GET_FILE_STATUS {volume=volume69932, bucket=bucket53154, key=gdir1/dir10, dataSize=0, replicationConfig=null} | ret=FAILURE
org.apache.hadoop.ozone.om.exceptions.OMException: Unable to get file status: volume: volume69932 bucket: bucket53154 key: gdir1/dir10
	at org.apache.hadoop.ozone.om.KeyManagerImpl.getOzoneFileStatus(KeyManagerImpl.java:1195) ~[ozone-manager-1.4.0-SNAPSHOT.jar:?]
	at org.apache.hadoop.ozone.om.KeyManagerImpl.getFileStatus(KeyManagerImpl.java:1113) ~[ozone-manager-1.4.0-SNAPSHOT.jar:?]
	at org.apache.hadoop.ozone.om.OmMetadataReader.getFileStatus(OmMetadataReader.java:262) ~[ozone-manager-1.4.0-SNAPSHOT.jar:?]
	at org.apache.hadoop.ozone.om.OzoneManager.getFileStatus(OzoneManager.java:3530) ~[ozone-manager-1.4.0-SNAPSHOT.jar:?]
	at org.apache.hadoop.ozone.protocolPB.OzoneManagerRequestHandler.getOzoneFileStatus(OzoneManagerRequestHandler.java:971) ~[ozone-manager-1.4.0-SNAPSHOT.jar:?]
	at org.apache.hadoop.ozone.protocolPB.OzoneManagerRequestHandler.handleReadRequest(OzoneManagerRequestHandler.java:250) ~[ozone-manager-1.4.0-SNAPSHOT.jar:?]
	at org.apache.hadoop.ozone.protocolPB.OzoneManagerProtocolServerSideTranslatorPB.submitRequestDirectlyToOM(OzoneManagerProtocolServerSideTranslatorPB.java:274) ~[ozone-manager-1.4.0-SNAPSHOT.jar:?]
	at org.apache.hadoop.ozone.protocolPB.OzoneManagerProtocolServerSideTranslatorPB.processRequest(OzoneManagerProtocolServerSideTranslatorPB.java:175) ~[ozone-manager-1.4.0-SNAPSHOT.jar:?]
	at org.apache.hadoop.hdds.server.OzoneProtocolMessageDispatcher.processRequest(OzoneProtocolMessageDispatcher.java:87) [hdds-server-framework-1.4.0-SNAPSHOT.jar:?]
	at org.apache.hadoop.ozone.protocolPB.OzoneManagerProtocolServerSideTranslatorPB.submitRequest(OzoneManagerProtocolServerSideTranslatorPB.java:148) [ozone-manager-1.4.0-SNAPSHOT.jar:?]
	at org.apache.hadoop.ozone.protocol.proto.OzoneManagerProtocolProtos$OzoneManagerService$2.callBlockingMethod(OzoneManagerProtocolProtos.java) [ozone-interface-client-1.4.0-SNAPSHOT.jar:?]
	at org.apache.hadoop.ipc.ProtobufRpcEngine$Server.processCall(ProtobufRpcEngine.java:484) [hadoop-common-3.3.6.jar:?]
	at org.apache.hadoop.ipc.ProtobufRpcEngine2$Server$ProtoBufRpcInvoker.call(ProtobufRpcEngine2.java:595) [hadoop-common-3.3.6.jar:?]
	at org.apache.hadoop.ipc.ProtobufRpcEngine2$Server$ProtoBufRpcInvoker.call(ProtobufRpcEngine2.java:573) [hadoop-common-3.3.6.jar:?]
	at org.apache.hadoop.ipc.RPC$Server.call(RPC.java:1227) [hadoop-common-3.3.6.jar:?]
	at org.apache.hadoop.ipc.Server$RpcCall.run(Server.java:1094) [hadoop-common-3.3.6.jar:?]
	at org.apache.hadoop.ipc.Server$RpcCall.run(Server.java:1017) [hadoop-common-3.3.6.jar:?]
	at java.security.AccessController.doPrivileged(Native Method) ~[?:1.8.0_382]
	at javax.security.auth.Subject.doAs(Subject.java:422) [?:1.8.0_382]
	at org.apache.hadoop.security.UserGroupInformation.doAs(UserGroupInformation.java:1899) [hadoop-common-3.3.6.jar:?]
	at org.apache.hadoop.ipc.Server$Handler.run(Server.java:3048) [hadoop-common-3.3.6.jar:?]
04:53:36.398 [IPC Server handler 17 on default port 15163] ERROR OMAudit - user=runner | ip=127.0.0.1 | op=GET_FILE_STATUS {volume=volume69932, bucket=bucket53154, key=gdir1/dir10/child, dataSize=0, replicationConfig=null} | ret=FAILURE
org.apache.hadoop.ozone.om.exceptions.OMException: Unable to get file status: volume: volume69932 bucket: bucket53154 key: gdir1/dir10/child
	at org.apache.hadoop.ozone.om.KeyManagerImpl.getOzoneFileStatus(KeyManagerImpl.java:1195) ~[ozone-manager-1.4.0-SNAPSHOT.jar:?]
	at org.apache.hadoop.ozone.om.KeyManagerImpl.getFileStatus(KeyManagerImpl.java:1113) ~[ozone-manager-1.4.0-SNAPSHOT.jar:?]
	at org.apache.hadoop.ozone.om.OmMetadataReader.getFileStatus(OmMetadataReader.java:262) ~[ozone-manager-1.4.0-SNAPSHOT.jar:?]
	at org.apache.hadoop.ozone.om.OzoneManager.getFileStatus(OzoneManager.java:3530) ~[ozone-manager-1.4.0-SNAPSHOT.jar:?]
	at org.apache.hadoop.ozone.protocolPB.OzoneManagerRequestHandler.getOzoneFileStatus(OzoneManagerRequestHandler.java:971) ~[ozone-manager-1.4.0-SNAPSHOT.jar:?]
	at org.apache.hadoop.ozone.protocolPB.OzoneManagerRequestHandler.handleReadRequest(OzoneManagerRequestHandler.java:250) ~[ozone-manager-1.4.0-SNAPSHOT.jar:?]
	at org.apache.hadoop.ozone.protocolPB.OzoneManagerProtocolServerSideTranslatorPB.submitRequestDirectlyToOM(OzoneManagerProtocolServerSideTranslatorPB.java:274) ~[ozone-manager-1.4.0-SNAPSHOT.jar:?]
	at org.apache.hadoop.ozone.protocolPB.OzoneManagerProtocolServerSideTranslatorPB.processRequest(OzoneManagerProtocolServerSideTranslatorPB.java:175) ~[ozone-manager-1.4.0-SNAPSHOT.jar:?]
	at org.apache.hadoop.hdds.server.OzoneProtocolMessageDispatcher.processRequest(OzoneProtocolMessageDispatcher.java:87) [hdds-server-framework-1.4.0-SNAPSHOT.jar:?]
	at org.apache.hadoop.ozone.protocolPB.OzoneManagerProtocolServerSideTranslatorPB.submitRequest(OzoneManagerProtocolServerSideTranslatorPB.java:148) [ozone-manager-1.4.0-SNAPSHOT.jar:?]
	at org.apache.hadoop.ozone.protocol.proto.OzoneManagerProtocolProtos$OzoneManagerService$2.callBlockingMethod(OzoneManagerProtocolProtos.java) [ozone-interface-client-1.4.0-SNAPSHOT.jar:?]
	at org.apache.hadoop.ipc.ProtobufRpcEngine$Server.processCall(ProtobufRpcEngine.java:484) [hadoop-common-3.3.6.jar:?]
	at org.apache.hadoop.ipc.ProtobufRpcEngine2$Server$ProtoBufRpcInvoker.call(ProtobufRpcEngine2.java:595) [hadoop-common-3.3.6.jar:?]
	at org.apache.hadoop.ipc.ProtobufRpcEngine2$Server$ProtoBufRpcInvoker.call(ProtobufRpcEngine2.java:573) [hadoop-common-3.3.6.jar:?]
	at org.apache.hadoop.ipc.RPC$Server.call(RPC.java:1227) [hadoop-common-3.3.6.jar:?]
	at org.apache.hadoop.ipc.Server$RpcCall.run(Server.java:1094) [hadoop-common-3.3.6.jar:?]
	at org.apache.hadoop.ipc.Server$RpcCall.run(Server.java:1017) [hadoop-common-3.3.6.jar:?]
	at java.security.AccessController.doPrivileged(Native Method) ~[?:1.8.0_382]
	at javax.security.auth.Subject.doAs(Subject.java:422) [?:1.8.0_382]
	at org.apache.hadoop.security.UserGroupInformation.doAs(UserGroupInformation.java:1899) [hadoop-common-3.3.6.jar:?]
	at org.apache.hadoop.ipc.Server$Handler.run(Server.java:3048) [hadoop-common-3.3.6.jar:?]
04:53:36.484 [IPC Server handler 12 on default port 15163] ERROR OMAudit - user=runner | ip=127.0.0.1 | op=GET_FILE_STATUS {volume=volume69932, bucket=bucket53154, key=level0, dataSize=0, replicationConfig=null} | ret=FAILURE
org.apache.hadoop.ozone.om.exceptions.OMException: Unable to get file status: volume: volume69932 bucket: bucket53154 key: level0
	at org.apache.hadoop.ozone.om.KeyManagerImpl.getOzoneFileStatus(KeyManagerImpl.java:1195) ~[ozone-manager-1.4.0-SNAPSHOT.jar:?]
	at org.apache.hadoop.ozone.om.KeyManagerImpl.getFileStatus(KeyManagerImpl.java:1113) ~[ozone-manager-1.4.0-SNAPSHOT.jar:?]
	at org.apache.hadoop.ozone.om.OmMetadataReader.getFileStatus(OmMetadataReader.java:262) ~[ozone-manager-1.4.0-SNAPSHOT.jar:?]
	at org.apache.hadoop.ozone.om.OzoneManager.getFileStatus(OzoneManager.java:3530) ~[ozone-manager-1.4.0-SNAPSHOT.jar:?]
	at org.apache.hadoop.ozone.protocolPB.OzoneManagerRequestHandler.getOzoneFileStatus(OzoneManagerRequestHandler.java:971) ~[ozone-manager-1.4.0-SNAPSHOT.jar:?]
	at org.apache.hadoop.ozone.protocolPB.OzoneManagerRequestHandler.handleReadRequest(OzoneManagerRequestHandler.java:250) ~[ozone-manager-1.4.0-SNAPSHOT.jar:?]
	at org.apache.hadoop.ozone.protocolPB.OzoneManagerProtocolServerSideTranslatorPB.submitRequestDirectlyToOM(OzoneManagerProtocolServerSideTranslatorPB.java:274) ~[ozone-manager-1.4.0-SNAPSHOT.jar:?]
	at org.apache.hadoop.ozone.protocolPB.OzoneManagerProtocolServerSideTranslatorPB.processRequest(OzoneManagerProtocolServerSideTranslatorPB.java:175) ~[ozone-manager-1.4.0-SNAPSHOT.jar:?]
	at org.apache.hadoop.hdds.server.OzoneProtocolMessageDispatcher.processRequest(OzoneProtocolMessageDispatcher.java:87) [hdds-server-framework-1.4.0-SNAPSHOT.jar:?]
	at org.apache.hadoop.ozone.protocolPB.OzoneManagerProtocolServerSideTranslatorPB.submitRequest(OzoneManagerProtocolServerSideTranslatorPB.java:148) [ozone-manager-1.4.0-SNAPSHOT.jar:?]
	at org.apache.hadoop.ozone.protocol.proto.OzoneManagerProtocolProtos$OzoneManagerService$2.callBlockingMethod(OzoneManagerProtocolProtos.java) [ozone-interface-client-1.4.0-SNAPSHOT.jar:?]
	at org.apache.hadoop.ipc.ProtobufRpcEngine$Server.processCall(ProtobufRpcEngine.java:484) [hadoop-common-3.3.6.jar:?]
	at org.apache.hadoop.ipc.ProtobufRpcEngine2$Server$ProtoBufRpcInvoker.call(ProtobufRpcEngine2.java:595) [hadoop-common-3.3.6.jar:?]
	at org.apache.hadoop.ipc.ProtobufRpcEngine2$Server$ProtoBufRpcInvoker.call(ProtobufRpcEngine2.java:573) [hadoop-common-3.3.6.jar:?]
	at org.apache.hadoop.ipc.RPC$Server.call(RPC.java:1227) [hadoop-common-3.3.6.jar:?]
	at org.apache.hadoop.ipc.Server$RpcCall.run(Server.java:1094) [hadoop-common-3.3.6.jar:?]
	at org.apache.hadoop.ipc.Server$RpcCall.run(Server.java:1017) [hadoop-common-3.3.6.jar:?]
	at java.security.AccessController.doPrivileged(Native Method) ~[?:1.8.0_382]
	at javax.security.auth.Subject.doAs(Subject.java:422) [?:1.8.0_382]
	at org.apache.hadoop.security.UserGroupInformation.doAs(UserGroupInformation.java:1899) [hadoop-common-3.3.6.jar:?]
	at org.apache.hadoop.ipc.Server$Handler.run(Server.java:3048) [hadoop-common-3.3.6.jar:?]
04:53:36.486 [IPC Server handler 15 on default port 15163] ERROR OMAudit - user=runner | ip=127.0.0.1 | op=GET_FILE_STATUS {volume=volume69932, bucket=bucket53154, key=level0/level1, dataSize=0, replicationConfig=null} | ret=FAILURE
org.apache.hadoop.ozone.om.exceptions.OMException: Unable to get file status: volume: volume69932 bucket: bucket53154 key: level0/level1
	at org.apache.hadoop.ozone.om.KeyManagerImpl.getOzoneFileStatus(KeyManagerImpl.java:1195) ~[ozone-manager-1.4.0-SNAPSHOT.jar:?]
	at org.apache.hadoop.ozone.om.KeyManagerImpl.getFileStatus(KeyManagerImpl.java:1113) ~[ozone-manager-1.4.0-SNAPSHOT.jar:?]
	at org.apache.hadoop.ozone.om.OmMetadataReader.getFileStatus(OmMetadataReader.java:262) ~[ozone-manager-1.4.0-SNAPSHOT.jar:?]
	at org.apache.hadoop.ozone.om.OzoneManager.getFileStatus(OzoneManager.java:3530) ~[ozone-manager-1.4.0-SNAPSHOT.jar:?]
	at org.apache.hadoop.ozone.protocolPB.OzoneManagerRequestHandler.getOzoneFileStatus(OzoneManagerRequestHandler.java:971) ~[ozone-manager-1.4.0-SNAPSHOT.jar:?]
	at org.apache.hadoop.ozone.protocolPB.OzoneManagerRequestHandler.handleReadRequest(OzoneManagerRequestHandler.java:250) ~[ozone-manager-1.4.0-SNAPSHOT.jar:?]
	at org.apache.hadoop.ozone.protocolPB.OzoneManagerProtocolServerSideTranslatorPB.submitRequestDirectlyToOM(OzoneManagerProtocolServerSideTranslatorPB.java:274) ~[ozone-manager-1.4.0-SNAPSHOT.jar:?]
	at org.apache.hadoop.ozone.protocolPB.OzoneManagerProtocolServerSideTranslatorPB.processRequest(OzoneManagerProtocolServerSideTranslatorPB.java:175) ~[ozone-manager-1.4.0-SNAPSHOT.jar:?]
	at org.apache.hadoop.hdds.server.OzoneProtocolMessageDispatcher.processRequest(OzoneProtocolMessageDispatcher.java:87) [hdds-server-framework-1.4.0-SNAPSHOT.jar:?]
	at org.apache.hadoop.ozone.protocolPB.OzoneManagerProtocolServerSideTranslatorPB.submitRequest(OzoneManagerProtocolServerSideTranslatorPB.java:148) [ozone-manager-1.4.0-SNAPSHOT.jar:?]
	at org.apache.hadoop.ozone.protocol.proto.OzoneManagerProtocolProtos$OzoneManagerService$2.callBlockingMethod(OzoneManagerProtocolProtos.java) [ozone-interface-client-1.4.0-SNAPSHOT.jar:?]
	at org.apache.hadoop.ipc.ProtobufRpcEngine$Server.processCall(ProtobufRpcEngine.java:484) [hadoop-common-3.3.6.jar:?]
	at org.apache.hadoop.ipc.ProtobufRpcEngine2$Server$ProtoBufRpcInvoker.call(ProtobufRpcEngine2.java:595) [hadoop-common-3.3.6.jar:?]
	at org.apache.hadoop.ipc.ProtobufRpcEngine2$Server$ProtoBufRpcInvoker.call(ProtobufRpcEngine2.java:573) [hadoop-common-3.3.6.jar:?]
	at org.apache.hadoop.ipc.RPC$Server.call(RPC.java:1227) [hadoop-common-3.3.6.jar:?]
	at org.apache.hadoop.ipc.Server$RpcCall.run(Server.java:1094) [hadoop-common-3.3.6.jar:?]
	at org.apache.hadoop.ipc.Server$RpcCall.run(Server.java:1017) [hadoop-common-3.3.6.jar:?]
	at java.security.AccessController.doPrivileged(Native Method) ~[?:1.8.0_382]
	at javax.security.auth.Subject.doAs(Subject.java:422) [?:1.8.0_382]
	at org.apache.hadoop.security.UserGroupInformation.doAs(UserGroupInformation.java:1899) [hadoop-common-3.3.6.jar:?]
	at org.apache.hadoop.ipc.Server$Handler.run(Server.java:3048) [hadoop-common-3.3.6.jar:?]
04:53:36.487 [IPC Server handler 13 on default port 15163] ERROR OMAudit - user=runner | ip=127.0.0.1 | op=GET_FILE_STATUS {volume=volume69932, bucket=bucket53154, key=level0/level1/level1, dataSize=0, replicationConfig=null} | ret=FAILURE
org.apache.hadoop.ozone.om.exceptions.OMException: Unable to get file status: volume: volume69932 bucket: bucket53154 key: level0/level1/level1
	at org.apache.hadoop.ozone.om.KeyManagerImpl.getOzoneFileStatus(KeyManagerImpl.java:1195) ~[ozone-manager-1.4.0-SNAPSHOT.jar:?]
	at org.apache.hadoop.ozone.om.KeyManagerImpl.getFileStatus(KeyManagerImpl.java:1113) ~[ozone-manager-1.4.0-SNAPSHOT.jar:?]
	at org.apache.hadoop.ozone.om.OmMetadataReader.getFileStatus(OmMetadataReader.java:262) ~[ozone-manager-1.4.0-SNAPSHOT.jar:?]
	at org.apache.hadoop.ozone.om.OzoneManager.getFileStatus(OzoneManager.java:3530) ~[ozone-manager-1.4.0-SNAPSHOT.jar:?]
	at org.apache.hadoop.ozone.protocolPB.OzoneManagerRequestHandler.getOzoneFileStatus(OzoneManagerRequestHandler.java:971) ~[ozone-manager-1.4.0-SNAPSHOT.jar:?]
	at org.apache.hadoop.ozone.protocolPB.OzoneManagerRequestHandler.handleReadRequest(OzoneManagerRequestHandler.java:250) ~[ozone-manager-1.4.0-SNAPSHOT.jar:?]
	at org.apache.hadoop.ozone.protocolPB.OzoneManagerProtocolServerSideTranslatorPB.submitRequestDirectlyToOM(OzoneManagerProtocolServerSideTranslatorPB.java:274) ~[ozone-manager-1.4.0-SNAPSHOT.jar:?]
	at org.apache.hadoop.ozone.protocolPB.OzoneManagerProtocolServerSideTranslatorPB.processRequest(OzoneManagerProtocolServerSideTranslatorPB.java:175) ~[ozone-manager-1.4.0-SNAPSHOT.jar:?]
	at org.apache.hadoop.hdds.server.OzoneProtocolMessageDispatcher.processRequest(OzoneProtocolMessageDispatcher.java:87) [hdds-server-framework-1.4.0-SNAPSHOT.jar:?]
	at org.apache.hadoop.ozone.protocolPB.OzoneManagerProtocolServerSideTranslatorPB.submitRequest(OzoneManagerProtocolServerSideTranslatorPB.java:148) [ozone-manager-1.4.0-SNAPSHOT.jar:?]
	at org.apache.hadoop.ozone.protocol.proto.OzoneManagerProtocolProtos$OzoneManagerService$2.callBlockingMethod(OzoneManagerProtocolProtos.java) [ozone-interface-client-1.4.0-SNAPSHOT.jar:?]
	at org.apache.hadoop.ipc.ProtobufRpcEngine$Server.processCall(ProtobufRpcEngine.java:484) [hadoop-common-3.3.6.jar:?]
	at org.apache.hadoop.ipc.ProtobufRpcEngine2$Server$ProtoBufRpcInvoker.call(ProtobufRpcEngine2.java:595) [hadoop-common-3.3.6.jar:?]
	at org.apache.hadoop.ipc.ProtobufRpcEngine2$Server$ProtoBufRpcInvoker.call(ProtobufRpcEngine2.java:573) [hadoop-common-3.3.6.jar:?]
	at org.apache.hadoop.ipc.RPC$Server.call(RPC.java:1227) [hadoop-common-3.3.6.jar:?]
	at org.apache.hadoop.ipc.Server$RpcCall.run(Server.java:1094) [hadoop-common-3.3.6.jar:?]
	at org.apache.hadoop.ipc.Server$RpcCall.run(Server.java:1017) [hadoop-common-3.3.6.jar:?]
	at java.security.AccessController.doPrivileged(Native Method) ~[?:1.8.0_382]
	at javax.security.auth.Subject.doAs(Subject.java:422) [?:1.8.0_382]
	at org.apache.hadoop.security.UserGroupInformation.doAs(UserGroupInformation.java:1899) [hadoop-common-3.3.6.jar:?]
	at org.apache.hadoop.ipc.Server$Handler.run(Server.java:3048) [hadoop-common-3.3.6.jar:?]
04:53:36.488 [IPC Server handler 14 on default port 15163] ERROR OMAudit - user=runner | ip=127.0.0.1 | op=GET_FILE_STATUS {volume=volume69932, bucket=bucket53154, key=level0/level1/file1, dataSize=0, replicationConfig=null} | ret=FAILURE
org.apache.hadoop.ozone.om.exceptions.OMException: Unable to get file status: volume: volume69932 bucket: bucket53154 key: level0/level1/file1
	at org.apache.hadoop.ozone.om.KeyManagerImpl.getOzoneFileStatus(KeyManagerImpl.java:1195) ~[ozone-manager-1.4.0-SNAPSHOT.jar:?]
	at org.apache.hadoop.ozone.om.KeyManagerImpl.getFileStatus(KeyManagerImpl.java:1113) ~[ozone-manager-1.4.0-SNAPSHOT.jar:?]
	at org.apache.hadoop.ozone.om.OmMetadataReader.getFileStatus(OmMetadataReader.java:262) ~[ozone-manager-1.4.0-SNAPSHOT.jar:?]
	at org.apache.hadoop.ozone.om.OzoneManager.getFileStatus(OzoneManager.java:3530) ~[ozone-manager-1.4.0-SNAPSHOT.jar:?]
	at org.apache.hadoop.ozone.protocolPB.OzoneManagerRequestHandler.getOzoneFileStatus(OzoneManagerRequestHandler.java:971) ~[ozone-manager-1.4.0-SNAPSHOT.jar:?]
	at org.apache.hadoop.ozone.protocolPB.OzoneManagerRequestHandler.handleReadRequest(OzoneManagerRequestHandler.java:250) ~[ozone-manager-1.4.0-SNAPSHOT.jar:?]
	at org.apache.hadoop.ozone.protocolPB.OzoneManagerProtocolServerSideTranslatorPB.submitRequestDirectlyToOM(OzoneManagerProtocolServerSideTranslatorPB.java:274) ~[ozone-manager-1.4.0-SNAPSHOT.jar:?]
	at org.apache.hadoop.ozone.protocolPB.OzoneManagerProtocolServerSideTranslatorPB.processRequest(OzoneManagerProtocolServerSideTranslatorPB.java:175) ~[ozone-manager-1.4.0-SNAPSHOT.jar:?]
	at org.apache.hadoop.hdds.server.OzoneProtocolMessageDispatcher.processRequest(OzoneProtocolMessageDispatcher.java:87) [hdds-server-framework-1.4.0-SNAPSHOT.jar:?]
	at org.apache.hadoop.ozone.protocolPB.OzoneManagerProtocolServerSideTranslatorPB.submitRequest(OzoneManagerProtocolServerSideTranslatorPB.java:148) [ozone-manager-1.4.0-SNAPSHOT.jar:?]
	at org.apache.hadoop.ozone.protocol.proto.OzoneManagerProtocolProtos$OzoneManagerService$2.callBlockingMethod(OzoneManagerProtocolProtos.java) [ozone-interface-client-1.4.0-SNAPSHOT.jar:?]
	at org.apache.hadoop.ipc.ProtobufRpcEngine$Server.processCall(ProtobufRpcEngine.java:484) [hadoop-common-3.3.6.jar:?]
	at org.apache.hadoop.ipc.ProtobufRpcEngine2$Server$ProtoBufRpcInvoker.call(ProtobufRpcEngine2.java:595) [hadoop-common-3.3.6.jar:?]
	at org.apache.hadoop.ipc.ProtobufRpcEngine2$Server$ProtoBufRpcInvoker.call(ProtobufRpcEngine2.java:573) [hadoop-common-3.3.6.jar:?]
	at org.apache.hadoop.ipc.RPC$Server.call(RPC.java:1227) [hadoop-common-3.3.6.jar:?]
	at org.apache.hadoop.ipc.Server$RpcCall.run(Server.java:1094) [hadoop-common-3.3.6.jar:?]
	at org.apache.hadoop.ipc.Server$RpcCall.run(Server.java:1017) [hadoop-common-3.3.6.jar:?]
	at java.security.AccessController.doPrivileged(Native Method) ~[?:1.8.0_382]
	at javax.security.auth.Subject.doAs(Subject.java:422) [?:1.8.0_382]
	at org.apache.hadoop.security.UserGroupInformation.doAs(UserGroupInformation.java:1899) [hadoop-common-3.3.6.jar:?]
	at org.apache.hadoop.ipc.Server$Handler.run(Server.java:3048) [hadoop-common-3.3.6.jar:?]
04:53:36.489 [IPC Server handler 16 on default port 15163] ERROR OMAudit - user=runner | ip=127.0.0.1 | op=GET_FILE_STATUS {volume=volume69932, bucket=bucket53154, key=level0/level1/level1/file1, dataSize=0, replicationConfig=null} | ret=FAILURE
org.apache.hadoop.ozone.om.exceptions.OMException: Unable to get file status: volume: volume69932 bucket: bucket53154 key: level0/level1/level1/file1
	at org.apache.hadoop.ozone.om.KeyManagerImpl.getOzoneFileStatus(KeyManagerImpl.java:1195) ~[ozone-manager-1.4.0-SNAPSHOT.jar:?]
	at org.apache.hadoop.ozone.om.KeyManagerImpl.getFileStatus(KeyManagerImpl.java:1113) ~[ozone-manager-1.4.0-SNAPSHOT.jar:?]
	at org.apache.hadoop.ozone.om.OmMetadataReader.getFileStatus(OmMetadataReader.java:262) ~[ozone-manager-1.4.0-SNAPSHOT.jar:?]
	at org.apache.hadoop.ozone.om.OzoneManager.getFileStatus(OzoneManager.java:3530) ~[ozone-manager-1.4.0-SNAPSHOT.jar:?]
	at org.apache.hadoop.ozone.protocolPB.OzoneManagerRequestHandler.getOzoneFileStatus(OzoneManagerRequestHandler.java:971) ~[ozone-manager-1.4.0-SNAPSHOT.jar:?]
	at org.apache.hadoop.ozone.protocolPB.OzoneManagerRequestHandler.handleReadRequest(OzoneManagerRequestHandler.java:250) ~[ozone-manager-1.4.0-SNAPSHOT.jar:?]
	at org.apache.hadoop.ozone.protocolPB.OzoneManagerProtocolServerSideTranslatorPB.submitRequestDirectlyToOM(OzoneManagerProtocolServerSideTranslatorPB.java:274) ~[ozone-manager-1.4.0-SNAPSHOT.jar:?]
	at org.apache.hadoop.ozone.protocolPB.OzoneManagerProtocolServerSideTranslatorPB.processRequest(OzoneManagerProtocolServerSideTranslatorPB.java:175) ~[ozone-manager-1.4.0-SNAPSHOT.jar:?]
	at org.apache.hadoop.hdds.server.OzoneProtocolMessageDispatcher.processRequest(OzoneProtocolMessageDispatcher.java:87) [hdds-server-framework-1.4.0-SNAPSHOT.jar:?]
	at org.apache.hadoop.ozone.protocolPB.OzoneManagerProtocolServerSideTranslatorPB.submitRequest(OzoneManagerProtocolServerSideTranslatorPB.java:148) [ozone-manager-1.4.0-SNAPSHOT.jar:?]
	at org.apache.hadoop.ozone.protocol.proto.OzoneManagerProtocolProtos$OzoneManagerService$2.callBlockingMethod(OzoneManagerProtocolProtos.java) [ozone-interface-client-1.4.0-SNAPSHOT.jar:?]
	at org.apache.hadoop.ipc.ProtobufRpcEngine$Server.processCall(ProtobufRpcEngine.java:484) [hadoop-common-3.3.6.jar:?]
	at org.apache.hadoop.ipc.ProtobufRpcEngine2$Server$ProtoBufRpcInvoker.call(ProtobufRpcEngine2.java:595) [hadoop-common-3.3.6.jar:?]
	at org.apache.hadoop.ipc.ProtobufRpcEngine2$Server$ProtoBufRpcInvoker.call(ProtobufRpcEngine2.java:573) [hadoop-common-3.3.6.jar:?]
	at org.apache.hadoop.ipc.RPC$Server.call(RPC.java:1227) [hadoop-common-3.3.6.jar:?]
	at org.apache.hadoop.ipc.Server$RpcCall.run(Server.java:1094) [hadoop-common-3.3.6.jar:?]
	at org.apache.hadoop.ipc.Server$RpcCall.run(Server.java:1017) [hadoop-common-3.3.6.jar:?]
	at java.security.AccessController.doPrivileged(Native Method) ~[?:1.8.0_382]
	at javax.security.auth.Subject.doAs(Subject.java:422) [?:1.8.0_382]
	at org.apache.hadoop.security.UserGroupInformation.doAs(UserGroupInformation.java:1899) [hadoop-common-3.3.6.jar:?]
	at org.apache.hadoop.ipc.Server$Handler.run(Server.java:3048) [hadoop-common-3.3.6.jar:?]
04:53:36.490 [IPC Server handler 11 on default port 15163] ERROR OMAudit - user=runner | ip=127.0.0.1 | op=GET_FILE_STATUS {volume=volume69932, bucket=bucket53154, key=level0/level2, dataSize=0, replicationConfig=null} | ret=FAILURE
org.apache.hadoop.ozone.om.exceptions.OMException: Unable to get file status: volume: volume69932 bucket: bucket53154 key: level0/level2
	at org.apache.hadoop.ozone.om.KeyManagerImpl.getOzoneFileStatus(KeyManagerImpl.java:1195) ~[ozone-manager-1.4.0-SNAPSHOT.jar:?]
	at org.apache.hadoop.ozone.om.KeyManagerImpl.getFileStatus(KeyManagerImpl.java:1113) ~[ozone-manager-1.4.0-SNAPSHOT.jar:?]
	at org.apache.hadoop.ozone.om.OmMetadataReader.getFileStatus(OmMetadataReader.java:262) ~[ozone-manager-1.4.0-SNAPSHOT.jar:?]
	at org.apache.hadoop.ozone.om.OzoneManager.getFileStatus(OzoneManager.java:3530) ~[ozone-manager-1.4.0-SNAPSHOT.jar:?]
	at org.apache.hadoop.ozone.protocolPB.OzoneManagerRequestHandler.getOzoneFileStatus(OzoneManagerRequestHandler.java:971) ~[ozone-manager-1.4.0-SNAPSHOT.jar:?]
	at org.apache.hadoop.ozone.protocolPB.OzoneManagerRequestHandler.handleReadRequest(OzoneManagerRequestHandler.java:250) ~[ozone-manager-1.4.0-SNAPSHOT.jar:?]
	at org.apache.hadoop.ozone.protocolPB.OzoneManagerProtocolServerSideTranslatorPB.submitRequestDirectlyToOM(OzoneManagerProtocolServerSideTranslatorPB.java:274) ~[ozone-manager-1.4.0-SNAPSHOT.jar:?]
	at org.apache.hadoop.ozone.protocolPB.OzoneManagerProtocolServerSideTranslatorPB.processRequest(OzoneManagerProtocolServerSideTranslatorPB.java:175) ~[ozone-manager-1.4.0-SNAPSHOT.jar:?]
	at org.apache.hadoop.hdds.server.OzoneProtocolMessageDispatcher.processRequest(OzoneProtocolMessageDispatcher.java:87) [hdds-server-framework-1.4.0-SNAPSHOT.jar:?]
	at org.apache.hadoop.ozone.protocolPB.OzoneManagerProtocolServerSideTranslatorPB.submitRequest(OzoneManagerProtocolServerSideTranslatorPB.java:148) [ozone-manager-1.4.0-SNAPSHOT.jar:?]
	at org.apache.hadoop.ozone.protocol.proto.OzoneManagerProtocolProtos$OzoneManagerService$2.callBlockingMethod(OzoneManagerProtocolProtos.java) [ozone-interface-client-1.4.0-SNAPSHOT.jar:?]
	at org.apache.hadoop.ipc.ProtobufRpcEngine$Server.processCall(ProtobufRpcEngine.java:484) [hadoop-common-3.3.6.jar:?]
	at org.apache.hadoop.ipc.ProtobufRpcEngine2$Server$ProtoBufRpcInvoker.call(ProtobufRpcEngine2.java:595) [hadoop-common-3.3.6.jar:?]
	at org.apache.hadoop.ipc.ProtobufRpcEngine2$Server$ProtoBufRpcInvoker.call(ProtobufRpcEngine2.java:573) [hadoop-common-3.3.6.jar:?]
	at org.apache.hadoop.ipc.RPC$Server.call(RPC.java:1227) [hadoop-common-3.3.6.jar:?]
	at org.apache.hadoop.ipc.Server$RpcCall.run(Server.java:1094) [hadoop-common-3.3.6.jar:?]
	at org.apache.hadoop.ipc.Server$RpcCall.run(Server.java:1017) [hadoop-common-3.3.6.jar:?]
	at java.security.AccessController.doPrivileged(Native Method) ~[?:1.8.0_382]
	at javax.security.auth.Subject.doAs(Subject.java:422) [?:1.8.0_382]
	at org.apache.hadoop.security.UserGroupInformation.doAs(UserGroupInformation.java:1899) [hadoop-common-3.3.6.jar:?]
	at org.apache.hadoop.ipc.Server$Handler.run(Server.java:3048) [hadoop-common-3.3.6.jar:?]
04:53:36.491 [IPC Server handler 17 on default port 15163] ERROR OMAudit - user=runner | ip=127.0.0.1 | op=GET_FILE_STATUS {volume=volume69932, bucket=bucket53154, key=level0/level2/level2, dataSize=0, replicationConfig=null} | ret=FAILURE
org.apache.hadoop.ozone.om.exceptions.OMException: Unable to get file status: volume: volume69932 bucket: bucket53154 key: level0/level2/level2
	at org.apache.hadoop.ozone.om.KeyManagerImpl.getOzoneFileStatus(KeyManagerImpl.java:1195) ~[ozone-manager-1.4.0-SNAPSHOT.jar:?]
	at org.apache.hadoop.ozone.om.KeyManagerImpl.getFileStatus(KeyManagerImpl.java:1113) ~[ozone-manager-1.4.0-SNAPSHOT.jar:?]
	at org.apache.hadoop.ozone.om.OmMetadataReader.getFileStatus(OmMetadataReader.java:262) ~[ozone-manager-1.4.0-SNAPSHOT.jar:?]
	at org.apache.hadoop.ozone.om.OzoneManager.getFileStatus(OzoneManager.java:3530) ~[ozone-manager-1.4.0-SNAPSHOT.jar:?]
	at org.apache.hadoop.ozone.protocolPB.OzoneManagerRequestHandler.getOzoneFileStatus(OzoneManagerRequestHandler.java:971) ~[ozone-manager-1.4.0-SNAPSHOT.jar:?]
	at org.apache.hadoop.ozone.protocolPB.OzoneManagerRequestHandler.handleReadRequest(OzoneManagerRequestHandler.java:250) ~[ozone-manager-1.4.0-SNAPSHOT.jar:?]
	at org.apache.hadoop.ozone.protocolPB.OzoneManagerProtocolServerSideTranslatorPB.submitRequestDirectlyToOM(OzoneManagerProtocolServerSideTranslatorPB.java:274) ~[ozone-manager-1.4.0-SNAPSHOT.jar:?]
	at org.apache.hadoop.ozone.protocolPB.OzoneManagerProtocolServerSideTranslatorPB.processRequest(OzoneManagerProtocolServerSideTranslatorPB.java:175) ~[ozone-manager-1.4.0-SNAPSHOT.jar:?]
	at org.apache.hadoop.hdds.server.OzoneProtocolMessageDispatcher.processRequest(OzoneProtocolMessageDispatcher.java:87) [hdds-server-framework-1.4.0-SNAPSHOT.jar:?]
	at org.apache.hadoop.ozone.protocolPB.OzoneManagerProtocolServerSideTranslatorPB.submitRequest(OzoneManagerProtocolServerSideTranslatorPB.java:148) [ozone-manager-1.4.0-SNAPSHOT.jar:?]
	at org.apache.hadoop.ozone.protocol.proto.OzoneManagerProtocolProtos$OzoneManagerService$2.callBlockingMethod(OzoneManagerProtocolProtos.java) [ozone-interface-client-1.4.0-SNAPSHOT.jar:?]
	at org.apache.hadoop.ipc.ProtobufRpcEngine$Server.processCall(ProtobufRpcEngine.java:484) [hadoop-common-3.3.6.jar:?]
	at org.apache.hadoop.ipc.ProtobufRpcEngine2$Server$ProtoBufRpcInvoker.call(ProtobufRpcEngine2.java:595) [hadoop-common-3.3.6.jar:?]
	at org.apache.hadoop.ipc.ProtobufRpcEngine2$Server$ProtoBufRpcInvoker.call(ProtobufRpcEngine2.java:573) [hadoop-common-3.3.6.jar:?]
	at org.apache.hadoop.ipc.RPC$Server.call(RPC.java:1227) [hadoop-common-3.3.6.jar:?]
	at org.apache.hadoop.ipc.Server$RpcCall.run(Server.java:1094) [hadoop-common-3.3.6.jar:?]
	at org.apache.hadoop.ipc.Server$RpcCall.run(Server.java:1017) [hadoop-common-3.3.6.jar:?]
	at java.security.AccessController.doPrivileged(Native Method) ~[?:1.8.0_382]
	at javax.security.auth.Subject.doAs(Subject.java:422) [?:1.8.0_382]
	at org.apache.hadoop.security.UserGroupInformation.doAs(UserGroupInformation.java:1899) [hadoop-common-3.3.6.jar:?]
	at org.apache.hadoop.ipc.Server$Handler.run(Server.java:3048) [hadoop-common-3.3.6.jar:?]
04:53:36.492 [IPC Server handler 18 on default port 15163] ERROR OMAudit - user=runner | ip=127.0.0.1 | op=GET_FILE_STATUS {volume=volume69932, bucket=bucket53154, key=level0/level2/file1, dataSize=0, replicationConfig=null} | ret=FAILURE
org.apache.hadoop.ozone.om.exceptions.OMException: Unable to get file status: volume: volume69932 bucket: bucket53154 key: level0/level2/file1
	at org.apache.hadoop.ozone.om.KeyManagerImpl.getOzoneFileStatus(KeyManagerImpl.java:1195) ~[ozone-manager-1.4.0-SNAPSHOT.jar:?]
	at org.apache.hadoop.ozone.om.KeyManagerImpl.getFileStatus(KeyManagerImpl.java:1113) ~[ozone-manager-1.4.0-SNAPSHOT.jar:?]
	at org.apache.hadoop.ozone.om.OmMetadataReader.getFileStatus(OmMetadataReader.java:262) ~[ozone-manager-1.4.0-SNAPSHOT.jar:?]
	at org.apache.hadoop.ozone.om.OzoneManager.getFileStatus(OzoneManager.java:3530) ~[ozone-manager-1.4.0-SNAPSHOT.jar:?]
	at org.apache.hadoop.ozone.protocolPB.OzoneManagerRequestHandler.getOzoneFileStatus(OzoneManagerRequestHandler.java:971) ~[ozone-manager-1.4.0-SNAPSHOT.jar:?]
	at org.apache.hadoop.ozone.protocolPB.OzoneManagerRequestHandler.handleReadRequest(OzoneManagerRequestHandler.java:250) ~[ozone-manager-1.4.0-SNAPSHOT.jar:?]
	at org.apache.hadoop.ozone.protocolPB.OzoneManagerProtocolServerSideTranslatorPB.submitRequestDirectlyToOM(OzoneManagerProtocolServerSideTranslatorPB.java:274) ~[ozone-manager-1.4.0-SNAPSHOT.jar:?]
	at org.apache.hadoop.ozone.protocolPB.OzoneManagerProtocolServerSideTranslatorPB.processRequest(OzoneManagerProtocolServerSideTranslatorPB.java:175) ~[ozone-manager-1.4.0-SNAPSHOT.jar:?]
	at org.apache.hadoop.hdds.server.OzoneProtocolMessageDispatcher.processRequest(OzoneProtocolMessageDispatcher.java:87) [hdds-server-framework-1.4.0-SNAPSHOT.jar:?]
	at org.apache.hadoop.ozone.protocolPB.OzoneManagerProtocolServerSideTranslatorPB.submitRequest(OzoneManagerProtocolServerSideTranslatorPB.java:148) [ozone-manager-1.4.0-SNAPSHOT.jar:?]
	at org.apache.hadoop.ozone.protocol.proto.OzoneManagerProtocolProtos$OzoneManagerService$2.callBlockingMethod(OzoneManagerProtocolProtos.java) [ozone-interface-client-1.4.0-SNAPSHOT.jar:?]
	at org.apache.hadoop.ipc.ProtobufRpcEngine$Server.processCall(ProtobufRpcEngine.java:484) [hadoop-common-3.3.6.jar:?]
	at org.apache.hadoop.ipc.ProtobufRpcEngine2$Server$ProtoBufRpcInvoker.call(ProtobufRpcEngine2.java:595) [hadoop-common-3.3.6.jar:?]
	at org.apache.hadoop.ipc.ProtobufRpcEngine2$Server$ProtoBufRpcInvoker.call(ProtobufRpcEngine2.java:573) [hadoop-common-3.3.6.jar:?]
	at org.apache.hadoop.ipc.RPC$Server.call(RPC.java:1227) [hadoop-common-3.3.6.jar:?]
	at org.apache.hadoop.ipc.Server$RpcCall.run(Server.java:1094) [hadoop-common-3.3.6.jar:?]
	at org.apache.hadoop.ipc.Server$RpcCall.run(Server.java:1017) [hadoop-common-3.3.6.jar:?]
	at java.security.AccessController.doPrivileged(Native Method) ~[?:1.8.0_382]
	at javax.security.auth.Subject.doAs(Subject.java:422) [?:1.8.0_382]
	at org.apache.hadoop.security.UserGroupInformation.doAs(UserGroupInformation.java:1899) [hadoop-common-3.3.6.jar:?]
	at org.apache.hadoop.ipc.Server$Handler.run(Server.java:3048) [hadoop-common-3.3.6.jar:?]
04:53:36.493 [IPC Server handler 10 on default port 15163] ERROR OMAudit - user=runner | ip=127.0.0.1 | op=GET_FILE_STATUS {volume=volume69932, bucket=bucket53154, key=level0/level2/level2/file1, dataSize=0, replicationConfig=null} | ret=FAILURE
org.apache.hadoop.ozone.om.exceptions.OMException: Unable to get file status: volume: volume69932 bucket: bucket53154 key: level0/level2/level2/file1
	at org.apache.hadoop.ozone.om.KeyManagerImpl.getOzoneFileStatus(KeyManagerImpl.java:1195) ~[ozone-manager-1.4.0-SNAPSHOT.jar:?]
	at org.apache.hadoop.ozone.om.KeyManagerImpl.getFileStatus(KeyManagerImpl.java:1113) ~[ozone-manager-1.4.0-SNAPSHOT.jar:?]
	at org.apache.hadoop.ozone.om.OmMetadataReader.getFileStatus(OmMetadataReader.java:262) ~[ozone-manager-1.4.0-SNAPSHOT.jar:?]
	at org.apache.hadoop.ozone.om.OzoneManager.getFileStatus(OzoneManager.java:3530) ~[ozone-manager-1.4.0-SNAPSHOT.jar:?]
	at org.apache.hadoop.ozone.protocolPB.OzoneManagerRequestHandler.getOzoneFileStatus(OzoneManagerRequestHandler.java:971) ~[ozone-manager-1.4.0-SNAPSHOT.jar:?]
	at org.apache.hadoop.ozone.protocolPB.OzoneManagerRequestHandler.handleReadRequest(OzoneManagerRequestHandler.java:250) ~[ozone-manager-1.4.0-SNAPSHOT.jar:?]
	at org.apache.hadoop.ozone.protocolPB.OzoneManagerProtocolServerSideTranslatorPB.submitRequestDirectlyToOM(OzoneManagerProtocolServerSideTranslatorPB.java:274) ~[ozone-manager-1.4.0-SNAPSHOT.jar:?]
	at org.apache.hadoop.ozone.protocolPB.OzoneManagerProtocolServerSideTranslatorPB.processRequest(OzoneManagerProtocolServerSideTranslatorPB.java:175) ~[ozone-manager-1.4.0-SNAPSHOT.jar:?]
	at org.apache.hadoop.hdds.server.OzoneProtocolMessageDispatcher.processRequest(OzoneProtocolMessageDispatcher.java:87) [hdds-server-framework-1.4.0-SNAPSHOT.jar:?]
	at org.apache.hadoop.ozone.protocolPB.OzoneManagerProtocolServerSideTranslatorPB.submitRequest(OzoneManagerProtocolServerSideTranslatorPB.java:148) [ozone-manager-1.4.0-SNAPSHOT.jar:?]
	at org.apache.hadoop.ozone.protocol.proto.OzoneManagerProtocolProtos$OzoneManagerService$2.callBlockingMethod(OzoneManagerProtocolProtos.java) [ozone-interface-client-1.4.0-SNAPSHOT.jar:?]
	at org.apache.hadoop.ipc.ProtobufRpcEngine$Server.processCall(ProtobufRpcEngine.java:484) [hadoop-common-3.3.6.jar:?]
	at org.apache.hadoop.ipc.ProtobufRpcEngine2$Server$ProtoBufRpcInvoker.call(ProtobufRpcEngine2.java:595) [hadoop-common-3.3.6.jar:?]
	at org.apache.hadoop.ipc.ProtobufRpcEngine2$Server$ProtoBufRpcInvoker.call(ProtobufRpcEngine2.java:573) [hadoop-common-3.3.6.jar:?]
	at org.apache.hadoop.ipc.RPC$Server.call(RPC.java:1227) [hadoop-common-3.3.6.jar:?]
	at org.apache.hadoop.ipc.Server$RpcCall.run(Server.java:1094) [hadoop-common-3.3.6.jar:?]
	at org.apache.hadoop.ipc.Server$RpcCall.run(Server.java:1017) [hadoop-common-3.3.6.jar:?]
	at java.security.AccessController.doPrivileged(Native Method) ~[?:1.8.0_382]
	at javax.security.auth.Subject.doAs(Subject.java:422) [?:1.8.0_382]
	at org.apache.hadoop.security.UserGroupInformation.doAs(UserGroupInformation.java:1899) [hadoop-common-3.3.6.jar:?]
	at org.apache.hadoop.ipc.Server$Handler.run(Server.java:3048) [hadoop-common-3.3.6.jar:?]
04:53:36.494 [IPC Server handler 19 on default port 15163] ERROR OMAudit - user=runner | ip=127.0.0.1 | op=GET_FILE_STATUS {volume=volume69932, bucket=bucket53154, key=level0/level3, dataSize=0, replicationConfig=null} | ret=FAILURE
org.apache.hadoop.ozone.om.exceptions.OMException: Unable to get file status: volume: volume69932 bucket: bucket53154 key: level0/level3
	at org.apache.hadoop.ozone.om.KeyManagerImpl.getOzoneFileStatus(KeyManagerImpl.java:1195) ~[ozone-manager-1.4.0-SNAPSHOT.jar:?]
	at org.apache.hadoop.ozone.om.KeyManagerImpl.getFileStatus(KeyManagerImpl.java:1113) ~[ozone-manager-1.4.0-SNAPSHOT.jar:?]
	at org.apache.hadoop.ozone.om.OmMetadataReader.getFileStatus(OmMetadataReader.java:262) ~[ozone-manager-1.4.0-SNAPSHOT.jar:?]
	at org.apache.hadoop.ozone.om.OzoneManager.getFileStatus(OzoneManager.java:3530) ~[ozone-manager-1.4.0-SNAPSHOT.jar:?]
	at org.apache.hadoop.ozone.protocolPB.OzoneManagerRequestHandler.getOzoneFileStatus(OzoneManagerRequestHandler.java:971) ~[ozone-manager-1.4.0-SNAPSHOT.jar:?]
	at org.apache.hadoop.ozone.protocolPB.OzoneManagerRequestHandler.handleReadRequest(OzoneManagerRequestHandler.java:250) ~[ozone-manager-1.4.0-SNAPSHOT.jar:?]
	at org.apache.hadoop.ozone.protocolPB.OzoneManagerProtocolServerSideTranslatorPB.submitRequestDirectlyToOM(OzoneManagerProtocolServerSideTranslatorPB.java:274) ~[ozone-manager-1.4.0-SNAPSHOT.jar:?]
	at org.apache.hadoop.ozone.protocolPB.OzoneManagerProtocolServerSideTranslatorPB.processRequest(OzoneManagerProtocolServerSideTranslatorPB.java:175) ~[ozone-manager-1.4.0-SNAPSHOT.jar:?]
	at org.apache.hadoop.hdds.server.OzoneProtocolMessageDispatcher.processRequest(OzoneProtocolMessageDispatcher.java:87) [hdds-server-framework-1.4.0-SNAPSHOT.jar:?]
	at org.apache.hadoop.ozone.protocolPB.OzoneManagerProtocolServerSideTranslatorPB.submitRequest(OzoneManagerProtocolServerSideTranslatorPB.java:148) [ozone-manager-1.4.0-SNAPSHOT.jar:?]
	at org.apache.hadoop.ozone.protocol.proto.OzoneManagerProtocolProtos$OzoneManagerService$2.callBlockingMethod(OzoneManagerProtocolProtos.java) [ozone-interface-client-1.4.0-SNAPSHOT.jar:?]
	at org.apache.hadoop.ipc.ProtobufRpcEngine$Server.processCall(ProtobufRpcEngine.java:484) [hadoop-common-3.3.6.jar:?]
	at org.apache.hadoop.ipc.ProtobufRpcEngine2$Server$ProtoBufRpcInvoker.call(ProtobufRpcEngine2.java:595) [hadoop-common-3.3.6.jar:?]
	at org.apache.hadoop.ipc.ProtobufRpcEngine2$Server$ProtoBufRpcInvoker.call(ProtobufRpcEngine2.java:573) [hadoop-common-3.3.6.jar:?]
	at org.apache.hadoop.ipc.RPC$Server.call(RPC.java:1227) [hadoop-common-3.3.6.jar:?]
	at org.apache.hadoop.ipc.Server$RpcCall.run(Server.java:1094) [hadoop-common-3.3.6.jar:?]
	at org.apache.hadoop.ipc.Server$RpcCall.run(Server.java:1017) [hadoop-common-3.3.6.jar:?]
	at java.security.AccessController.doPrivileged(Native Method) ~[?:1.8.0_382]
	at javax.security.auth.Subject.doAs(Subject.java:422) [?:1.8.0_382]
	at org.apache.hadoop.security.UserGroupInformation.doAs(UserGroupInformation.java:1899) [hadoop-common-3.3.6.jar:?]
	at org.apache.hadoop.ipc.Server$Handler.run(Server.java:3048) [hadoop-common-3.3.6.jar:?]
04:53:36.497 [IPC Server handler 9 on default port 15163] ERROR OMAudit - user=runner | ip=127.0.0.1 | op=GET_FILE_STATUS {volume=volume69932, bucket=bucket53154, key=level0/level3/level3, dataSize=0, replicationConfig=null} | ret=FAILURE
org.apache.hadoop.ozone.om.exceptions.OMException: Unable to get file status: volume: volume69932 bucket: bucket53154 key: level0/level3/level3
	at org.apache.hadoop.ozone.om.KeyManagerImpl.getOzoneFileStatus(KeyManagerImpl.java:1195) ~[ozone-manager-1.4.0-SNAPSHOT.jar:?]
	at org.apache.hadoop.ozone.om.KeyManagerImpl.getFileStatus(KeyManagerImpl.java:1113) ~[ozone-manager-1.4.0-SNAPSHOT.jar:?]
	at org.apache.hadoop.ozone.om.OmMetadataReader.getFileStatus(OmMetadataReader.java:262) ~[ozone-manager-1.4.0-SNAPSHOT.jar:?]
	at org.apache.hadoop.ozone.om.OzoneManager.getFileStatus(OzoneManager.java:3530) ~[ozone-manager-1.4.0-SNAPSHOT.jar:?]
	at org.apache.hadoop.ozone.protocolPB.OzoneManagerRequestHandler.getOzoneFileStatus(OzoneManagerRequestHandler.java:971) ~[ozone-manager-1.4.0-SNAPSHOT.jar:?]
	at org.apache.hadoop.ozone.protocolPB.OzoneManagerRequestHandler.handleReadRequest(OzoneManagerRequestHandler.java:250) ~[ozone-manager-1.4.0-SNAPSHOT.jar:?]
	at org.apache.hadoop.ozone.protocolPB.OzoneManagerProtocolServerSideTranslatorPB.submitRequestDirectlyToOM(OzoneManagerProtocolServerSideTranslatorPB.java:274) ~[ozone-manager-1.4.0-SNAPSHOT.jar:?]
	at org.apache.hadoop.ozone.protocolPB.OzoneManagerProtocolServerSideTranslatorPB.processRequest(OzoneManagerProtocolServerSideTranslatorPB.java:175) ~[ozone-manager-1.4.0-SNAPSHOT.jar:?]
	at org.apache.hadoop.hdds.server.OzoneProtocolMessageDispatcher.processRequest(OzoneProtocolMessageDispatcher.java:87) [hdds-server-framework-1.4.0-SNAPSHOT.jar:?]
	at org.apache.hadoop.ozone.protocolPB.OzoneManagerProtocolServerSideTranslatorPB.submitRequest(OzoneManagerProtocolServerSideTranslatorPB.java:148) [ozone-manager-1.4.0-SNAPSHOT.jar:?]
	at org.apache.hadoop.ozone.protocol.proto.OzoneManagerProtocolProtos$OzoneManagerService$2.callBlockingMethod(OzoneManagerProtocolProtos.java) [ozone-interface-client-1.4.0-SNAPSHOT.jar:?]
	at org.apache.hadoop.ipc.ProtobufRpcEngine$Server.processCall(ProtobufRpcEngine.java:484) [hadoop-common-3.3.6.jar:?]
	at org.apache.hadoop.ipc.ProtobufRpcEngine2$Server$ProtoBufRpcInvoker.call(ProtobufRpcEngine2.java:595) [hadoop-common-3.3.6.jar:?]
	at org.apache.hadoop.ipc.ProtobufRpcEngine2$Server$ProtoBufRpcInvoker.call(ProtobufRpcEngine2.java:573) [hadoop-common-3.3.6.jar:?]
	at org.apache.hadoop.ipc.RPC$Server.call(RPC.java:1227) [hadoop-common-3.3.6.jar:?]
	at org.apache.hadoop.ipc.Server$RpcCall.run(Server.java:1094) [hadoop-common-3.3.6.jar:?]
	at org.apache.hadoop.ipc.Server$RpcCall.run(Server.java:1017) [hadoop-common-3.3.6.jar:?]
	at java.security.AccessController.doPrivileged(Native Method) ~[?:1.8.0_382]
	at javax.security.auth.Subject.doAs(Subject.java:422) [?:1.8.0_382]
	at org.apache.hadoop.security.UserGroupInformation.doAs(UserGroupInformation.java:1899) [hadoop-common-3.3.6.jar:?]
	at org.apache.hadoop.ipc.Server$Handler.run(Server.java:3048) [hadoop-common-3.3.6.jar:?]
04:53:36.498 [IPC Server handler 8 on default port 15163] ERROR OMAudit - user=runner | ip=127.0.0.1 | op=GET_FILE_STATUS {volume=volume69932, bucket=bucket53154, key=level0/level3/file1, dataSize=0, replicationConfig=null} | ret=FAILURE
org.apache.hadoop.ozone.om.exceptions.OMException: Unable to get file status: volume: volume69932 bucket: bucket53154 key: level0/level3/file1
	at org.apache.hadoop.ozone.om.KeyManagerImpl.getOzoneFileStatus(KeyManagerImpl.java:1195) ~[ozone-manager-1.4.0-SNAPSHOT.jar:?]
	at org.apache.hadoop.ozone.om.KeyManagerImpl.getFileStatus(KeyManagerImpl.java:1113) ~[ozone-manager-1.4.0-SNAPSHOT.jar:?]
	at org.apache.hadoop.ozone.om.OmMetadataReader.getFileStatus(OmMetadataReader.java:262) ~[ozone-manager-1.4.0-SNAPSHOT.jar:?]
	at org.apache.hadoop.ozone.om.OzoneManager.getFileStatus(OzoneManager.java:3530) ~[ozone-manager-1.4.0-SNAPSHOT.jar:?]
	at org.apache.hadoop.ozone.protocolPB.OzoneManagerRequestHandler.getOzoneFileStatus(OzoneManagerRequestHandler.java:971) ~[ozone-manager-1.4.0-SNAPSHOT.jar:?]
	at org.apache.hadoop.ozone.protocolPB.OzoneManagerRequestHandler.handleReadRequest(OzoneManagerRequestHandler.java:250) ~[ozone-manager-1.4.0-SNAPSHOT.jar:?]
	at org.apache.hadoop.ozone.protocolPB.OzoneManagerProtocolServerSideTranslatorPB.submitRequestDirectlyToOM(OzoneManagerProtocolServerSideTranslatorPB.java:274) ~[ozone-manager-1.4.0-SNAPSHOT.jar:?]
	at org.apache.hadoop.ozone.protocolPB.OzoneManagerProtocolServerSideTranslatorPB.processRequest(OzoneManagerProtocolServerSideTranslatorPB.java:175) ~[ozone-manager-1.4.0-SNAPSHOT.jar:?]
	at org.apache.hadoop.hdds.server.OzoneProtocolMessageDispatcher.processRequest(OzoneProtocolMessageDispatcher.java:87) [hdds-server-framework-1.4.0-SNAPSHOT.jar:?]
	at org.apache.hadoop.ozone.protocolPB.OzoneManagerProtocolServerSideTranslatorPB.submitRequest(OzoneManagerProtocolServerSideTranslatorPB.java:148) [ozone-manager-1.4.0-SNAPSHOT.jar:?]
	at org.apache.hadoop.ozone.protocol.proto.OzoneManagerProtocolProtos$OzoneManagerService$2.callBlockingMethod(OzoneManagerProtocolProtos.java) [ozone-interface-client-1.4.0-SNAPSHOT.jar:?]
	at org.apache.hadoop.ipc.ProtobufRpcEngine$Server.processCall(ProtobufRpcEngine.java:484) [hadoop-common-3.3.6.jar:?]
	at org.apache.hadoop.ipc.ProtobufRpcEngine2$Server$ProtoBufRpcInvoker.call(ProtobufRpcEngine2.java:595) [hadoop-common-3.3.6.jar:?]
	at org.apache.hadoop.ipc.ProtobufRpcEngine2$Server$ProtoBufRpcInvoker.call(ProtobufRpcEngine2.java:573) [hadoop-common-3.3.6.jar:?]
	at org.apache.hadoop.ipc.RPC$Server.call(RPC.java:1227) [hadoop-common-3.3.6.jar:?]
	at org.apache.hadoop.ipc.Server$RpcCall.run(Server.java:1094) [hadoop-common-3.3.6.jar:?]
	at org.apache.hadoop.ipc.Server$RpcCall.run(Server.java:1017) [hadoop-common-3.3.6.jar:?]
	at java.security.AccessController.doPrivileged(Native Method) ~[?:1.8.0_382]
	at javax.security.auth.Subject.doAs(Subject.java:422) [?:1.8.0_382]
	at org.apache.hadoop.security.UserGroupInformation.doAs(UserGroupInformation.java:1899) [hadoop-common-3.3.6.jar:?]
	at org.apache.hadoop.ipc.Server$Handler.run(Server.java:3048) [hadoop-common-3.3.6.jar:?]
04:53:36.499 [IPC Server handler 1 on default port 15163] ERROR OMAudit - user=runner | ip=127.0.0.1 | op=GET_FILE_STATUS {volume=volume69932, bucket=bucket53154, key=level0/level3/level3/file1, dataSize=0, replicationConfig=null} | ret=FAILURE
org.apache.hadoop.ozone.om.exceptions.OMException: Unable to get file status: volume: volume69932 bucket: bucket53154 key: level0/level3/level3/file1
	at org.apache.hadoop.ozone.om.KeyManagerImpl.getOzoneFileStatus(KeyManagerImpl.java:1195) ~[ozone-manager-1.4.0-SNAPSHOT.jar:?]
	at org.apache.hadoop.ozone.om.KeyManagerImpl.getFileStatus(KeyManagerImpl.java:1113) ~[ozone-manager-1.4.0-SNAPSHOT.jar:?]
	at org.apache.hadoop.ozone.om.OmMetadataReader.getFileStatus(OmMetadataReader.java:262) ~[ozone-manager-1.4.0-SNAPSHOT.jar:?]
	at org.apache.hadoop.ozone.om.OzoneManager.getFileStatus(OzoneManager.java:3530) ~[ozone-manager-1.4.0-SNAPSHOT.jar:?]
	at org.apache.hadoop.ozone.protocolPB.OzoneManagerRequestHandler.getOzoneFileStatus(OzoneManagerRequestHandler.java:971) ~[ozone-manager-1.4.0-SNAPSHOT.jar:?]
	at org.apache.hadoop.ozone.protocolPB.OzoneManagerRequestHandler.handleReadRequest(OzoneManagerRequestHandler.java:250) ~[ozone-manager-1.4.0-SNAPSHOT.jar:?]
	at org.apache.hadoop.ozone.protocolPB.OzoneManagerProtocolServerSideTranslatorPB.submitRequestDirectlyToOM(OzoneManagerProtocolServerSideTranslatorPB.java:274) ~[ozone-manager-1.4.0-SNAPSHOT.jar:?]
	at org.apache.hadoop.ozone.protocolPB.OzoneManagerProtocolServerSideTranslatorPB.processRequest(OzoneManagerProtocolServerSideTranslatorPB.java:175) ~[ozone-manager-1.4.0-SNAPSHOT.jar:?]
	at org.apache.hadoop.hdds.server.OzoneProtocolMessageDispatcher.processRequest(OzoneProtocolMessageDispatcher.java:87) [hdds-server-framework-1.4.0-SNAPSHOT.jar:?]
	at org.apache.hadoop.ozone.protocolPB.OzoneManagerProtocolServerSideTranslatorPB.submitRequest(OzoneManagerProtocolServerSideTranslatorPB.java:148) [ozone-manager-1.4.0-SNAPSHOT.jar:?]
	at org.apache.hadoop.ozone.protocol.proto.OzoneManagerProtocolProtos$OzoneManagerService$2.callBlockingMethod(OzoneManagerProtocolProtos.java) [ozone-interface-client-1.4.0-SNAPSHOT.jar:?]
	at org.apache.hadoop.ipc.ProtobufRpcEngine$Server.processCall(ProtobufRpcEngine.java:484) [hadoop-common-3.3.6.jar:?]
	at org.apache.hadoop.ipc.ProtobufRpcEngine2$Server$ProtoBufRpcInvoker.call(ProtobufRpcEngine2.java:595) [hadoop-common-3.3.6.jar:?]
	at org.apache.hadoop.ipc.ProtobufRpcEngine2$Server$ProtoBufRpcInvoker.call(ProtobufRpcEngine2.java:573) [hadoop-common-3.3.6.jar:?]
	at org.apache.hadoop.ipc.RPC$Server.call(RPC.java:1227) [hadoop-common-3.3.6.jar:?]
	at org.apache.hadoop.ipc.Server$RpcCall.run(Server.java:1094) [hadoop-common-3.3.6.jar:?]
	at org.apache.hadoop.ipc.Server$RpcCall.run(Server.java:1017) [hadoop-common-3.3.6.jar:?]
	at java.security.AccessController.doPrivileged(Native Method) ~[?:1.8.0_382]
	at javax.security.auth.Subject.doAs(Subject.java:422) [?:1.8.0_382]
	at org.apache.hadoop.security.UserGroupInformation.doAs(UserGroupInformation.java:1899) [hadoop-common-3.3.6.jar:?]
	at org.apache.hadoop.ipc.Server$Handler.run(Server.java:3048) [hadoop-common-3.3.6.jar:?]
]]></system-out>
  </testcase>
  <testcase name="testGetTrashRoots" classname="TestOzoneFileSystem" time="0.109">
    <system-out><![CDATA[04:48:38.722 [IPC Server handler 0 on default port 15004] ERROR OMAudit - user=runner | ip=127.0.0.1 | op=GET_FILE_STATUS {volume=volume25901, bucket=bucket39570, key=.Trash/runner, dataSize=0, replicationConfig=null} | ret=FAILURE
org.apache.hadoop.ozone.om.exceptions.OMException: Unable to get file status: volume: volume25901 bucket: bucket39570 key: .Trash/runner
	at org.apache.hadoop.ozone.om.KeyManagerImpl.getOzoneFileStatus(KeyManagerImpl.java:1195) ~[ozone-manager-1.4.0-SNAPSHOT.jar:?]
	at org.apache.hadoop.ozone.om.KeyManagerImpl.getFileStatus(KeyManagerImpl.java:1113) ~[ozone-manager-1.4.0-SNAPSHOT.jar:?]
	at org.apache.hadoop.ozone.om.OmMetadataReader.getFileStatus(OmMetadataReader.java:262) ~[ozone-manager-1.4.0-SNAPSHOT.jar:?]
	at org.apache.hadoop.ozone.om.OzoneManager.getFileStatus(OzoneManager.java:3530) ~[ozone-manager-1.4.0-SNAPSHOT.jar:?]
	at org.apache.hadoop.ozone.protocolPB.OzoneManagerRequestHandler.getOzoneFileStatus(OzoneManagerRequestHandler.java:971) ~[ozone-manager-1.4.0-SNAPSHOT.jar:?]
	at org.apache.hadoop.ozone.protocolPB.OzoneManagerRequestHandler.handleReadRequest(OzoneManagerRequestHandler.java:250) ~[ozone-manager-1.4.0-SNAPSHOT.jar:?]
	at org.apache.hadoop.ozone.protocolPB.OzoneManagerProtocolServerSideTranslatorPB.submitReadRequestToOM(OzoneManagerProtocolServerSideTranslatorPB.java:225) ~[ozone-manager-1.4.0-SNAPSHOT.jar:?]
	at org.apache.hadoop.ozone.protocolPB.OzoneManagerProtocolServerSideTranslatorPB.processRequest(OzoneManagerProtocolServerSideTranslatorPB.java:179) ~[ozone-manager-1.4.0-SNAPSHOT.jar:?]
	at org.apache.hadoop.hdds.server.OzoneProtocolMessageDispatcher.processRequest(OzoneProtocolMessageDispatcher.java:87) [hdds-server-framework-1.4.0-SNAPSHOT.jar:?]
	at org.apache.hadoop.ozone.protocolPB.OzoneManagerProtocolServerSideTranslatorPB.submitRequest(OzoneManagerProtocolServerSideTranslatorPB.java:148) [ozone-manager-1.4.0-SNAPSHOT.jar:?]
	at org.apache.hadoop.ozone.protocol.proto.OzoneManagerProtocolProtos$OzoneManagerService$2.callBlockingMethod(OzoneManagerProtocolProtos.java) [ozone-interface-client-1.4.0-SNAPSHOT.jar:?]
	at org.apache.hadoop.ipc.ProtobufRpcEngine$Server.processCall(ProtobufRpcEngine.java:484) [hadoop-common-3.3.6.jar:?]
	at org.apache.hadoop.ipc.ProtobufRpcEngine2$Server$ProtoBufRpcInvoker.call(ProtobufRpcEngine2.java:595) [hadoop-common-3.3.6.jar:?]
	at org.apache.hadoop.ipc.ProtobufRpcEngine2$Server$ProtoBufRpcInvoker.call(ProtobufRpcEngine2.java:573) [hadoop-common-3.3.6.jar:?]
	at org.apache.hadoop.ipc.RPC$Server.call(RPC.java:1227) [hadoop-common-3.3.6.jar:?]
	at org.apache.hadoop.ipc.Server$RpcCall.run(Server.java:1094) [hadoop-common-3.3.6.jar:?]
	at org.apache.hadoop.ipc.Server$RpcCall.run(Server.java:1017) [hadoop-common-3.3.6.jar:?]
	at java.security.AccessController.doPrivileged(Native Method) ~[?:1.8.0_382]
	at javax.security.auth.Subject.doAs(Subject.java:422) [?:1.8.0_382]
	at org.apache.hadoop.security.UserGroupInformation.doAs(UserGroupInformation.java:1899) [hadoop-common-3.3.6.jar:?]
	at org.apache.hadoop.ipc.Server$Handler.run(Server.java:3048) [hadoop-common-3.3.6.jar:?]
]]></system-out>
  </testcase>
  <testcase name="testGetTrashRoots" classname="TestOzoneFileSystem" time="0.047">
    <system-out><![CDATA[04:50:32.025 [IPC Server handler 13 on default port 15057] ERROR OMAudit - user=runner | ip=127.0.0.1 | op=GET_FILE_STATUS {volume=volume43692, bucket=bucket46966, key=.Trash/runner, dataSize=0, replicationConfig=null} | ret=FAILURE
org.apache.hadoop.ozone.om.exceptions.OMException: Unable to get file status: volume: volume43692 bucket: bucket46966 key: .Trash/runner
	at org.apache.hadoop.ozone.om.KeyManagerImpl.getOzoneFileStatus(KeyManagerImpl.java:1195) ~[ozone-manager-1.4.0-SNAPSHOT.jar:?]
	at org.apache.hadoop.ozone.om.KeyManagerImpl.getFileStatus(KeyManagerImpl.java:1113) ~[ozone-manager-1.4.0-SNAPSHOT.jar:?]
	at org.apache.hadoop.ozone.om.OmMetadataReader.getFileStatus(OmMetadataReader.java:262) ~[ozone-manager-1.4.0-SNAPSHOT.jar:?]
	at org.apache.hadoop.ozone.om.OzoneManager.getFileStatus(OzoneManager.java:3530) ~[ozone-manager-1.4.0-SNAPSHOT.jar:?]
	at org.apache.hadoop.ozone.protocolPB.OzoneManagerRequestHandler.getOzoneFileStatus(OzoneManagerRequestHandler.java:971) ~[ozone-manager-1.4.0-SNAPSHOT.jar:?]
	at org.apache.hadoop.ozone.protocolPB.OzoneManagerRequestHandler.handleReadRequest(OzoneManagerRequestHandler.java:250) ~[ozone-manager-1.4.0-SNAPSHOT.jar:?]
	at org.apache.hadoop.ozone.protocolPB.OzoneManagerProtocolServerSideTranslatorPB.submitRequestDirectlyToOM(OzoneManagerProtocolServerSideTranslatorPB.java:274) ~[ozone-manager-1.4.0-SNAPSHOT.jar:?]
	at org.apache.hadoop.ozone.protocolPB.OzoneManagerProtocolServerSideTranslatorPB.processRequest(OzoneManagerProtocolServerSideTranslatorPB.java:175) ~[ozone-manager-1.4.0-SNAPSHOT.jar:?]
	at org.apache.hadoop.hdds.server.OzoneProtocolMessageDispatcher.processRequest(OzoneProtocolMessageDispatcher.java:87) [hdds-server-framework-1.4.0-SNAPSHOT.jar:?]
	at org.apache.hadoop.ozone.protocolPB.OzoneManagerProtocolServerSideTranslatorPB.submitRequest(OzoneManagerProtocolServerSideTranslatorPB.java:148) [ozone-manager-1.4.0-SNAPSHOT.jar:?]
	at org.apache.hadoop.ozone.protocol.proto.OzoneManagerProtocolProtos$OzoneManagerService$2.callBlockingMethod(OzoneManagerProtocolProtos.java) [ozone-interface-client-1.4.0-SNAPSHOT.jar:?]
	at org.apache.hadoop.ipc.ProtobufRpcEngine$Server.processCall(ProtobufRpcEngine.java:484) [hadoop-common-3.3.6.jar:?]
	at org.apache.hadoop.ipc.ProtobufRpcEngine2$Server$ProtoBufRpcInvoker.call(ProtobufRpcEngine2.java:595) [hadoop-common-3.3.6.jar:?]
	at org.apache.hadoop.ipc.ProtobufRpcEngine2$Server$ProtoBufRpcInvoker.call(ProtobufRpcEngine2.java:573) [hadoop-common-3.3.6.jar:?]
	at org.apache.hadoop.ipc.RPC$Server.call(RPC.java:1227) [hadoop-common-3.3.6.jar:?]
	at org.apache.hadoop.ipc.Server$RpcCall.run(Server.java:1094) [hadoop-common-3.3.6.jar:?]
	at org.apache.hadoop.ipc.Server$RpcCall.run(Server.java:1017) [hadoop-common-3.3.6.jar:?]
	at java.security.AccessController.doPrivileged(Native Method) ~[?:1.8.0_382]
	at javax.security.auth.Subject.doAs(Subject.java:422) [?:1.8.0_382]
	at org.apache.hadoop.security.UserGroupInformation.doAs(UserGroupInformation.java:1899) [hadoop-common-3.3.6.jar:?]
	at org.apache.hadoop.ipc.Server$Handler.run(Server.java:3048) [hadoop-common-3.3.6.jar:?]
]]></system-out>
  </testcase>
  <testcase name="testGetTrashRoots" classname="TestOzoneFileSystem" time="0.048">
    <system-out><![CDATA[04:51:59.064 [IPC Server handler 15 on default port 15110] ERROR OMAudit - user=runner | ip=127.0.0.1 | op=GET_FILE_STATUS {volume=volume87246, bucket=bucket72820, key=.Trash/runner, dataSize=0, replicationConfig=null} | ret=FAILURE
org.apache.hadoop.ozone.om.exceptions.OMException: Unable to get file status: volume: volume87246 bucket: bucket72820 key: .Trash/runner
	at org.apache.hadoop.ozone.om.KeyManagerImpl.getOzoneFileStatus(KeyManagerImpl.java:1195) ~[ozone-manager-1.4.0-SNAPSHOT.jar:?]
	at org.apache.hadoop.ozone.om.KeyManagerImpl.getFileStatus(KeyManagerImpl.java:1113) ~[ozone-manager-1.4.0-SNAPSHOT.jar:?]
	at org.apache.hadoop.ozone.om.OmMetadataReader.getFileStatus(OmMetadataReader.java:262) ~[ozone-manager-1.4.0-SNAPSHOT.jar:?]
	at org.apache.hadoop.ozone.om.OzoneManager.getFileStatus(OzoneManager.java:3530) ~[ozone-manager-1.4.0-SNAPSHOT.jar:?]
	at org.apache.hadoop.ozone.protocolPB.OzoneManagerRequestHandler.getOzoneFileStatus(OzoneManagerRequestHandler.java:971) ~[ozone-manager-1.4.0-SNAPSHOT.jar:?]
	at org.apache.hadoop.ozone.protocolPB.OzoneManagerRequestHandler.handleReadRequest(OzoneManagerRequestHandler.java:250) ~[ozone-manager-1.4.0-SNAPSHOT.jar:?]
	at org.apache.hadoop.ozone.protocolPB.OzoneManagerProtocolServerSideTranslatorPB.submitReadRequestToOM(OzoneManagerProtocolServerSideTranslatorPB.java:225) ~[ozone-manager-1.4.0-SNAPSHOT.jar:?]
	at org.apache.hadoop.ozone.protocolPB.OzoneManagerProtocolServerSideTranslatorPB.processRequest(OzoneManagerProtocolServerSideTranslatorPB.java:179) ~[ozone-manager-1.4.0-SNAPSHOT.jar:?]
	at org.apache.hadoop.hdds.server.OzoneProtocolMessageDispatcher.processRequest(OzoneProtocolMessageDispatcher.java:87) [hdds-server-framework-1.4.0-SNAPSHOT.jar:?]
	at org.apache.hadoop.ozone.protocolPB.OzoneManagerProtocolServerSideTranslatorPB.submitRequest(OzoneManagerProtocolServerSideTranslatorPB.java:148) [ozone-manager-1.4.0-SNAPSHOT.jar:?]
	at org.apache.hadoop.ozone.protocol.proto.OzoneManagerProtocolProtos$OzoneManagerService$2.callBlockingMethod(OzoneManagerProtocolProtos.java) [ozone-interface-client-1.4.0-SNAPSHOT.jar:?]
	at org.apache.hadoop.ipc.ProtobufRpcEngine$Server.processCall(ProtobufRpcEngine.java:484) [hadoop-common-3.3.6.jar:?]
	at org.apache.hadoop.ipc.ProtobufRpcEngine2$Server$ProtoBufRpcInvoker.call(ProtobufRpcEngine2.java:595) [hadoop-common-3.3.6.jar:?]
	at org.apache.hadoop.ipc.ProtobufRpcEngine2$Server$ProtoBufRpcInvoker.call(ProtobufRpcEngine2.java:573) [hadoop-common-3.3.6.jar:?]
	at org.apache.hadoop.ipc.RPC$Server.call(RPC.java:1227) [hadoop-common-3.3.6.jar:?]
	at org.apache.hadoop.ipc.Server$RpcCall.run(Server.java:1094) [hadoop-common-3.3.6.jar:?]
	at org.apache.hadoop.ipc.Server$RpcCall.run(Server.java:1017) [hadoop-common-3.3.6.jar:?]
	at java.security.AccessController.doPrivileged(Native Method) ~[?:1.8.0_382]
	at javax.security.auth.Subject.doAs(Subject.java:422) [?:1.8.0_382]
	at org.apache.hadoop.security.UserGroupInformation.doAs(UserGroupInformation.java:1899) [hadoop-common-3.3.6.jar:?]
	at org.apache.hadoop.ipc.Server$Handler.run(Server.java:3048) [hadoop-common-3.3.6.jar:?]
]]></system-out>
  </testcase>
  <testcase name="testGetTrashRoots" classname="TestOzoneFileSystem" time="0.031">
    <system-out><![CDATA[04:53:36.503 [IPC Server handler 7 on default port 15163] ERROR OMAudit - user=runner | ip=127.0.0.1 | op=GET_FILE_STATUS {volume=volume69932, bucket=bucket53154, key=.Trash/runner, dataSize=0, replicationConfig=null} | ret=FAILURE
org.apache.hadoop.ozone.om.exceptions.OMException: Unable to get file status: volume: volume69932 bucket: bucket53154 key: .Trash/runner
	at org.apache.hadoop.ozone.om.KeyManagerImpl.getOzoneFileStatus(KeyManagerImpl.java:1195) ~[ozone-manager-1.4.0-SNAPSHOT.jar:?]
	at org.apache.hadoop.ozone.om.KeyManagerImpl.getFileStatus(KeyManagerImpl.java:1113) ~[ozone-manager-1.4.0-SNAPSHOT.jar:?]
	at org.apache.hadoop.ozone.om.OmMetadataReader.getFileStatus(OmMetadataReader.java:262) ~[ozone-manager-1.4.0-SNAPSHOT.jar:?]
	at org.apache.hadoop.ozone.om.OzoneManager.getFileStatus(OzoneManager.java:3530) ~[ozone-manager-1.4.0-SNAPSHOT.jar:?]
	at org.apache.hadoop.ozone.protocolPB.OzoneManagerRequestHandler.getOzoneFileStatus(OzoneManagerRequestHandler.java:971) ~[ozone-manager-1.4.0-SNAPSHOT.jar:?]
	at org.apache.hadoop.ozone.protocolPB.OzoneManagerRequestHandler.handleReadRequest(OzoneManagerRequestHandler.java:250) ~[ozone-manager-1.4.0-SNAPSHOT.jar:?]
	at org.apache.hadoop.ozone.protocolPB.OzoneManagerProtocolServerSideTranslatorPB.submitRequestDirectlyToOM(OzoneManagerProtocolServerSideTranslatorPB.java:274) ~[ozone-manager-1.4.0-SNAPSHOT.jar:?]
	at org.apache.hadoop.ozone.protocolPB.OzoneManagerProtocolServerSideTranslatorPB.processRequest(OzoneManagerProtocolServerSideTranslatorPB.java:175) ~[ozone-manager-1.4.0-SNAPSHOT.jar:?]
	at org.apache.hadoop.hdds.server.OzoneProtocolMessageDispatcher.processRequest(OzoneProtocolMessageDispatcher.java:87) [hdds-server-framework-1.4.0-SNAPSHOT.jar:?]
	at org.apache.hadoop.ozone.protocolPB.OzoneManagerProtocolServerSideTranslatorPB.submitRequest(OzoneManagerProtocolServerSideTranslatorPB.java:148) [ozone-manager-1.4.0-SNAPSHOT.jar:?]
	at org.apache.hadoop.ozone.protocol.proto.OzoneManagerProtocolProtos$OzoneManagerService$2.callBlockingMethod(OzoneManagerProtocolProtos.java) [ozone-interface-client-1.4.0-SNAPSHOT.jar:?]
	at org.apache.hadoop.ipc.ProtobufRpcEngine$Server.processCall(ProtobufRpcEngine.java:484) [hadoop-common-3.3.6.jar:?]
	at org.apache.hadoop.ipc.ProtobufRpcEngine2$Server$ProtoBufRpcInvoker.call(ProtobufRpcEngine2.java:595) [hadoop-common-3.3.6.jar:?]
	at org.apache.hadoop.ipc.ProtobufRpcEngine2$Server$ProtoBufRpcInvoker.call(ProtobufRpcEngine2.java:573) [hadoop-common-3.3.6.jar:?]
	at org.apache.hadoop.ipc.RPC$Server.call(RPC.java:1227) [hadoop-common-3.3.6.jar:?]
	at org.apache.hadoop.ipc.Server$RpcCall.run(Server.java:1094) [hadoop-common-3.3.6.jar:?]
	at org.apache.hadoop.ipc.Server$RpcCall.run(Server.java:1017) [hadoop-common-3.3.6.jar:?]
	at java.security.AccessController.doPrivileged(Native Method) ~[?:1.8.0_382]
	at javax.security.auth.Subject.doAs(Subject.java:422) [?:1.8.0_382]
	at org.apache.hadoop.security.UserGroupInformation.doAs(UserGroupInformation.java:1899) [hadoop-common-3.3.6.jar:?]
	at org.apache.hadoop.ipc.Server$Handler.run(Server.java:3048) [hadoop-common-3.3.6.jar:?]
]]></system-out>
  </testcase>
  <testcase name="testCreateDoesNotAddParentDirKeys" classname="TestOzoneFileSystem" time="0.058">
    <system-out><![CDATA[04:48:38.857 [IPC Server handler 11 on default port 15004] ERROR OMAudit - user=runner | ip=127.0.0.1 | op=READ_KEY {volume=volume25901, bucket=bucket39570, key=testCreateDoesNotAddParentDirKeys/parent/, dataSize=0, replicationConfig=null} | ret=FAILURE
org.apache.hadoop.ozone.om.exceptions.OMException: Key:testCreateDoesNotAddParentDirKeys/parent not found
	at org.apache.hadoop.ozone.om.KeyManagerImpl.readKeyInfo(KeyManagerImpl.java:427) ~[ozone-manager-1.4.0-SNAPSHOT.jar:?]
	at org.apache.hadoop.ozone.om.KeyManagerImpl.lambda$9(KeyManagerImpl.java:1931) ~[ozone-manager-1.4.0-SNAPSHOT.jar:?]
	at org.apache.hadoop.util.MetricUtil.captureLatencyNs(MetricUtil.java:39) ~[hdds-common-1.4.0-SNAPSHOT.jar:?]
	at org.apache.hadoop.ozone.om.KeyManagerImpl.getKeyInfo(KeyManagerImpl.java:1929) ~[ozone-manager-1.4.0-SNAPSHOT.jar:?]
	at org.apache.hadoop.ozone.om.OmMetadataReader.getKeyInfo(OmMetadataReader.java:185) ~[ozone-manager-1.4.0-SNAPSHOT.jar:?]
	at org.apache.hadoop.ozone.om.OzoneManager.getKeyInfo(OzoneManager.java:2827) ~[ozone-manager-1.4.0-SNAPSHOT.jar:?]
	at org.apache.hadoop.ozone.protocolPB.OzoneManagerRequestHandler.getKeyInfo(OzoneManagerRequestHandler.java:585) ~[ozone-manager-1.4.0-SNAPSHOT.jar:?]
	at org.apache.hadoop.ozone.protocolPB.OzoneManagerRequestHandler.handleReadRequest(OzoneManagerRequestHandler.java:304) ~[ozone-manager-1.4.0-SNAPSHOT.jar:?]
	at org.apache.hadoop.ozone.protocolPB.OzoneManagerProtocolServerSideTranslatorPB.submitReadRequestToOM(OzoneManagerProtocolServerSideTranslatorPB.java:225) ~[ozone-manager-1.4.0-SNAPSHOT.jar:?]
	at org.apache.hadoop.ozone.protocolPB.OzoneManagerProtocolServerSideTranslatorPB.processRequest(OzoneManagerProtocolServerSideTranslatorPB.java:179) ~[ozone-manager-1.4.0-SNAPSHOT.jar:?]
	at org.apache.hadoop.hdds.server.OzoneProtocolMessageDispatcher.processRequest(OzoneProtocolMessageDispatcher.java:87) [hdds-server-framework-1.4.0-SNAPSHOT.jar:?]
	at org.apache.hadoop.ozone.protocolPB.OzoneManagerProtocolServerSideTranslatorPB.submitRequest(OzoneManagerProtocolServerSideTranslatorPB.java:148) [ozone-manager-1.4.0-SNAPSHOT.jar:?]
	at org.apache.hadoop.ozone.protocol.proto.OzoneManagerProtocolProtos$OzoneManagerService$2.callBlockingMethod(OzoneManagerProtocolProtos.java) [ozone-interface-client-1.4.0-SNAPSHOT.jar:?]
	at org.apache.hadoop.ipc.ProtobufRpcEngine$Server.processCall(ProtobufRpcEngine.java:484) [hadoop-common-3.3.6.jar:?]
	at org.apache.hadoop.ipc.ProtobufRpcEngine2$Server$ProtoBufRpcInvoker.call(ProtobufRpcEngine2.java:595) [hadoop-common-3.3.6.jar:?]
	at org.apache.hadoop.ipc.ProtobufRpcEngine2$Server$ProtoBufRpcInvoker.call(ProtobufRpcEngine2.java:573) [hadoop-common-3.3.6.jar:?]
	at org.apache.hadoop.ipc.RPC$Server.call(RPC.java:1227) [hadoop-common-3.3.6.jar:?]
	at org.apache.hadoop.ipc.Server$RpcCall.run(Server.java:1094) [hadoop-common-3.3.6.jar:?]
	at org.apache.hadoop.ipc.Server$RpcCall.run(Server.java:1017) [hadoop-common-3.3.6.jar:?]
	at java.security.AccessController.doPrivileged(Native Method) ~[?:1.8.0_382]
	at javax.security.auth.Subject.doAs(Subject.java:422) [?:1.8.0_382]
	at org.apache.hadoop.security.UserGroupInformation.doAs(UserGroupInformation.java:1899) [hadoop-common-3.3.6.jar:?]
	at org.apache.hadoop.ipc.Server$Handler.run(Server.java:3048) [hadoop-common-3.3.6.jar:?]
]]></system-out>
  </testcase>
  <testcase name="testCreateDoesNotAddParentDirKeys" classname="TestOzoneFileSystem" time="0.031">
    <system-out><![CDATA[04:50:32.088 [IPC Server handler 0 on default port 15057] ERROR OMAudit - user=runner | ip=127.0.0.1 | op=READ_KEY {volume=volume43692, bucket=bucket46966, key=testCreateDoesNotAddParentDirKeys/parent/, dataSize=0, replicationConfig=null} | ret=FAILURE
org.apache.hadoop.ozone.om.exceptions.OMException: Key:testCreateDoesNotAddParentDirKeys/parent not found
	at org.apache.hadoop.ozone.om.KeyManagerImpl.readKeyInfo(KeyManagerImpl.java:427) ~[ozone-manager-1.4.0-SNAPSHOT.jar:?]
	at org.apache.hadoop.ozone.om.KeyManagerImpl.lambda$9(KeyManagerImpl.java:1931) ~[ozone-manager-1.4.0-SNAPSHOT.jar:?]
	at org.apache.hadoop.util.MetricUtil.captureLatencyNs(MetricUtil.java:39) ~[hdds-common-1.4.0-SNAPSHOT.jar:?]
	at org.apache.hadoop.ozone.om.KeyManagerImpl.getKeyInfo(KeyManagerImpl.java:1929) ~[ozone-manager-1.4.0-SNAPSHOT.jar:?]
	at org.apache.hadoop.ozone.om.OmMetadataReader.getKeyInfo(OmMetadataReader.java:185) ~[ozone-manager-1.4.0-SNAPSHOT.jar:?]
	at org.apache.hadoop.ozone.om.OzoneManager.getKeyInfo(OzoneManager.java:2827) ~[ozone-manager-1.4.0-SNAPSHOT.jar:?]
	at org.apache.hadoop.ozone.protocolPB.OzoneManagerRequestHandler.getKeyInfo(OzoneManagerRequestHandler.java:585) ~[ozone-manager-1.4.0-SNAPSHOT.jar:?]
	at org.apache.hadoop.ozone.protocolPB.OzoneManagerRequestHandler.handleReadRequest(OzoneManagerRequestHandler.java:304) ~[ozone-manager-1.4.0-SNAPSHOT.jar:?]
	at org.apache.hadoop.ozone.protocolPB.OzoneManagerProtocolServerSideTranslatorPB.submitRequestDirectlyToOM(OzoneManagerProtocolServerSideTranslatorPB.java:274) ~[ozone-manager-1.4.0-SNAPSHOT.jar:?]
	at org.apache.hadoop.ozone.protocolPB.OzoneManagerProtocolServerSideTranslatorPB.processRequest(OzoneManagerProtocolServerSideTranslatorPB.java:175) ~[ozone-manager-1.4.0-SNAPSHOT.jar:?]
	at org.apache.hadoop.hdds.server.OzoneProtocolMessageDispatcher.processRequest(OzoneProtocolMessageDispatcher.java:87) [hdds-server-framework-1.4.0-SNAPSHOT.jar:?]
	at org.apache.hadoop.ozone.protocolPB.OzoneManagerProtocolServerSideTranslatorPB.submitRequest(OzoneManagerProtocolServerSideTranslatorPB.java:148) [ozone-manager-1.4.0-SNAPSHOT.jar:?]
	at org.apache.hadoop.ozone.protocol.proto.OzoneManagerProtocolProtos$OzoneManagerService$2.callBlockingMethod(OzoneManagerProtocolProtos.java) [ozone-interface-client-1.4.0-SNAPSHOT.jar:?]
	at org.apache.hadoop.ipc.ProtobufRpcEngine$Server.processCall(ProtobufRpcEngine.java:484) [hadoop-common-3.3.6.jar:?]
	at org.apache.hadoop.ipc.ProtobufRpcEngine2$Server$ProtoBufRpcInvoker.call(ProtobufRpcEngine2.java:595) [hadoop-common-3.3.6.jar:?]
	at org.apache.hadoop.ipc.ProtobufRpcEngine2$Server$ProtoBufRpcInvoker.call(ProtobufRpcEngine2.java:573) [hadoop-common-3.3.6.jar:?]
	at org.apache.hadoop.ipc.RPC$Server.call(RPC.java:1227) [hadoop-common-3.3.6.jar:?]
	at org.apache.hadoop.ipc.Server$RpcCall.run(Server.java:1094) [hadoop-common-3.3.6.jar:?]
	at org.apache.hadoop.ipc.Server$RpcCall.run(Server.java:1017) [hadoop-common-3.3.6.jar:?]
	at java.security.AccessController.doPrivileged(Native Method) ~[?:1.8.0_382]
	at javax.security.auth.Subject.doAs(Subject.java:422) [?:1.8.0_382]
	at org.apache.hadoop.security.UserGroupInformation.doAs(UserGroupInformation.java:1899) [hadoop-common-3.3.6.jar:?]
	at org.apache.hadoop.ipc.Server$Handler.run(Server.java:3048) [hadoop-common-3.3.6.jar:?]
]]></system-out>
  </testcase>
  <testcase name="testCreateDoesNotAddParentDirKeys" classname="TestOzoneFileSystem" time="0.031"/>
  <testcase name="testCreateDoesNotAddParentDirKeys" classname="TestOzoneFileSystem" time="0.024"/>
  <testcase name="testDeleteCreatesFakeParentDir" classname="TestOzoneFileSystem" time="0.054">
    <system-out><![CDATA[04:48:38.907 [IPC Server handler 4 on default port 15004] ERROR OMAudit - user=runner | ip=127.0.0.1 | op=READ_KEY {volume=volume25901, bucket=bucket39570, key=testDeleteCreatesFakeParentDir/parent/, dataSize=0, replicationConfig=null} | ret=FAILURE
org.apache.hadoop.ozone.om.exceptions.OMException: Key:testDeleteCreatesFakeParentDir/parent not found
	at org.apache.hadoop.ozone.om.KeyManagerImpl.readKeyInfo(KeyManagerImpl.java:427) ~[ozone-manager-1.4.0-SNAPSHOT.jar:?]
	at org.apache.hadoop.ozone.om.KeyManagerImpl.lambda$9(KeyManagerImpl.java:1931) ~[ozone-manager-1.4.0-SNAPSHOT.jar:?]
	at org.apache.hadoop.util.MetricUtil.captureLatencyNs(MetricUtil.java:39) ~[hdds-common-1.4.0-SNAPSHOT.jar:?]
	at org.apache.hadoop.ozone.om.KeyManagerImpl.getKeyInfo(KeyManagerImpl.java:1929) ~[ozone-manager-1.4.0-SNAPSHOT.jar:?]
	at org.apache.hadoop.ozone.om.OmMetadataReader.getKeyInfo(OmMetadataReader.java:185) ~[ozone-manager-1.4.0-SNAPSHOT.jar:?]
	at org.apache.hadoop.ozone.om.OzoneManager.getKeyInfo(OzoneManager.java:2827) ~[ozone-manager-1.4.0-SNAPSHOT.jar:?]
	at org.apache.hadoop.ozone.protocolPB.OzoneManagerRequestHandler.getKeyInfo(OzoneManagerRequestHandler.java:585) ~[ozone-manager-1.4.0-SNAPSHOT.jar:?]
	at org.apache.hadoop.ozone.protocolPB.OzoneManagerRequestHandler.handleReadRequest(OzoneManagerRequestHandler.java:304) ~[ozone-manager-1.4.0-SNAPSHOT.jar:?]
	at org.apache.hadoop.ozone.protocolPB.OzoneManagerProtocolServerSideTranslatorPB.submitReadRequestToOM(OzoneManagerProtocolServerSideTranslatorPB.java:225) ~[ozone-manager-1.4.0-SNAPSHOT.jar:?]
	at org.apache.hadoop.ozone.protocolPB.OzoneManagerProtocolServerSideTranslatorPB.processRequest(OzoneManagerProtocolServerSideTranslatorPB.java:179) ~[ozone-manager-1.4.0-SNAPSHOT.jar:?]
	at org.apache.hadoop.hdds.server.OzoneProtocolMessageDispatcher.processRequest(OzoneProtocolMessageDispatcher.java:87) [hdds-server-framework-1.4.0-SNAPSHOT.jar:?]
	at org.apache.hadoop.ozone.protocolPB.OzoneManagerProtocolServerSideTranslatorPB.submitRequest(OzoneManagerProtocolServerSideTranslatorPB.java:148) [ozone-manager-1.4.0-SNAPSHOT.jar:?]
	at org.apache.hadoop.ozone.protocol.proto.OzoneManagerProtocolProtos$OzoneManagerService$2.callBlockingMethod(OzoneManagerProtocolProtos.java) [ozone-interface-client-1.4.0-SNAPSHOT.jar:?]
	at org.apache.hadoop.ipc.ProtobufRpcEngine$Server.processCall(ProtobufRpcEngine.java:484) [hadoop-common-3.3.6.jar:?]
	at org.apache.hadoop.ipc.ProtobufRpcEngine2$Server$ProtoBufRpcInvoker.call(ProtobufRpcEngine2.java:595) [hadoop-common-3.3.6.jar:?]
	at org.apache.hadoop.ipc.ProtobufRpcEngine2$Server$ProtoBufRpcInvoker.call(ProtobufRpcEngine2.java:573) [hadoop-common-3.3.6.jar:?]
	at org.apache.hadoop.ipc.RPC$Server.call(RPC.java:1227) [hadoop-common-3.3.6.jar:?]
	at org.apache.hadoop.ipc.Server$RpcCall.run(Server.java:1094) [hadoop-common-3.3.6.jar:?]
	at org.apache.hadoop.ipc.Server$RpcCall.run(Server.java:1017) [hadoop-common-3.3.6.jar:?]
	at java.security.AccessController.doPrivileged(Native Method) ~[?:1.8.0_382]
	at javax.security.auth.Subject.doAs(Subject.java:422) [?:1.8.0_382]
	at org.apache.hadoop.security.UserGroupInformation.doAs(UserGroupInformation.java:1899) [hadoop-common-3.3.6.jar:?]
	at org.apache.hadoop.ipc.Server$Handler.run(Server.java:3048) [hadoop-common-3.3.6.jar:?]
]]></system-out>
  </testcase>
  <testcase name="testDeleteCreatesFakeParentDir" classname="TestOzoneFileSystem" time="0.024">
    <system-out><![CDATA[04:50:32.114 [IPC Server handler 4 on default port 15057] ERROR OMAudit - user=runner | ip=127.0.0.1 | op=READ_KEY {volume=volume43692, bucket=bucket46966, key=testDeleteCreatesFakeParentDir/parent/, dataSize=0, replicationConfig=null} | ret=FAILURE
org.apache.hadoop.ozone.om.exceptions.OMException: Key:testDeleteCreatesFakeParentDir/parent not found
	at org.apache.hadoop.ozone.om.KeyManagerImpl.readKeyInfo(KeyManagerImpl.java:427) ~[ozone-manager-1.4.0-SNAPSHOT.jar:?]
	at org.apache.hadoop.ozone.om.KeyManagerImpl.lambda$9(KeyManagerImpl.java:1931) ~[ozone-manager-1.4.0-SNAPSHOT.jar:?]
	at org.apache.hadoop.util.MetricUtil.captureLatencyNs(MetricUtil.java:39) ~[hdds-common-1.4.0-SNAPSHOT.jar:?]
	at org.apache.hadoop.ozone.om.KeyManagerImpl.getKeyInfo(KeyManagerImpl.java:1929) ~[ozone-manager-1.4.0-SNAPSHOT.jar:?]
	at org.apache.hadoop.ozone.om.OmMetadataReader.getKeyInfo(OmMetadataReader.java:185) ~[ozone-manager-1.4.0-SNAPSHOT.jar:?]
	at org.apache.hadoop.ozone.om.OzoneManager.getKeyInfo(OzoneManager.java:2827) ~[ozone-manager-1.4.0-SNAPSHOT.jar:?]
	at org.apache.hadoop.ozone.protocolPB.OzoneManagerRequestHandler.getKeyInfo(OzoneManagerRequestHandler.java:585) ~[ozone-manager-1.4.0-SNAPSHOT.jar:?]
	at org.apache.hadoop.ozone.protocolPB.OzoneManagerRequestHandler.handleReadRequest(OzoneManagerRequestHandler.java:304) ~[ozone-manager-1.4.0-SNAPSHOT.jar:?]
	at org.apache.hadoop.ozone.protocolPB.OzoneManagerProtocolServerSideTranslatorPB.submitRequestDirectlyToOM(OzoneManagerProtocolServerSideTranslatorPB.java:274) ~[ozone-manager-1.4.0-SNAPSHOT.jar:?]
	at org.apache.hadoop.ozone.protocolPB.OzoneManagerProtocolServerSideTranslatorPB.processRequest(OzoneManagerProtocolServerSideTranslatorPB.java:175) ~[ozone-manager-1.4.0-SNAPSHOT.jar:?]
	at org.apache.hadoop.hdds.server.OzoneProtocolMessageDispatcher.processRequest(OzoneProtocolMessageDispatcher.java:87) [hdds-server-framework-1.4.0-SNAPSHOT.jar:?]
	at org.apache.hadoop.ozone.protocolPB.OzoneManagerProtocolServerSideTranslatorPB.submitRequest(OzoneManagerProtocolServerSideTranslatorPB.java:148) [ozone-manager-1.4.0-SNAPSHOT.jar:?]
	at org.apache.hadoop.ozone.protocol.proto.OzoneManagerProtocolProtos$OzoneManagerService$2.callBlockingMethod(OzoneManagerProtocolProtos.java) [ozone-interface-client-1.4.0-SNAPSHOT.jar:?]
	at org.apache.hadoop.ipc.ProtobufRpcEngine$Server.processCall(ProtobufRpcEngine.java:484) [hadoop-common-3.3.6.jar:?]
	at org.apache.hadoop.ipc.ProtobufRpcEngine2$Server$ProtoBufRpcInvoker.call(ProtobufRpcEngine2.java:595) [hadoop-common-3.3.6.jar:?]
	at org.apache.hadoop.ipc.ProtobufRpcEngine2$Server$ProtoBufRpcInvoker.call(ProtobufRpcEngine2.java:573) [hadoop-common-3.3.6.jar:?]
	at org.apache.hadoop.ipc.RPC$Server.call(RPC.java:1227) [hadoop-common-3.3.6.jar:?]
	at org.apache.hadoop.ipc.Server$RpcCall.run(Server.java:1094) [hadoop-common-3.3.6.jar:?]
	at org.apache.hadoop.ipc.Server$RpcCall.run(Server.java:1017) [hadoop-common-3.3.6.jar:?]
	at java.security.AccessController.doPrivileged(Native Method) ~[?:1.8.0_382]
	at javax.security.auth.Subject.doAs(Subject.java:422) [?:1.8.0_382]
	at org.apache.hadoop.security.UserGroupInformation.doAs(UserGroupInformation.java:1899) [hadoop-common-3.3.6.jar:?]
	at org.apache.hadoop.ipc.Server$Handler.run(Server.java:3048) [hadoop-common-3.3.6.jar:?]
]]></system-out>
  </testcase>
  <testcase name="testDeleteCreatesFakeParentDir" classname="TestOzoneFileSystem" time="0.034"/>
  <testcase name="testDeleteCreatesFakeParentDir" classname="TestOzoneFileSystem" time="0.018"/>
  <testcase name="testListStatusOnKeyNameContainDelimiter" classname="TestOzoneFileSystem" time="0.06"/>
  <testcase name="testListStatusOnKeyNameContainDelimiter" classname="TestOzoneFileSystem" time="0.024"/>
  <testcase name="testListStatusOnKeyNameContainDelimiter" classname="TestOzoneFileSystem" time="0.032">
    <failure type="java.lang.AssertionError"><![CDATA[java.lang.AssertionError: Delete root failed! expected:<0> but was:<1>
	at org.junit.Assert.fail(Assert.java:89)
	at org.junit.Assert.failNotEquals(Assert.java:835)
	at org.junit.Assert.assertEquals(Assert.java:647)
	at org.apache.hadoop.fs.ozone.TestOzoneFileSystem.deleteRootDir(TestOzoneFileSystem.java:810)
	at org.apache.hadoop.fs.ozone.TestOzoneFileSystem.cleanup(TestOzoneFileSystem.java:230)
	at sun.reflect.GeneratedMethodAccessor47.invoke(Unknown Source)
	at sun.reflect.DelegatingMethodAccessorImpl.invoke(DelegatingMethodAccessorImpl.java:43)
	at java.lang.reflect.Method.invoke(Method.java:498)
	at org.junit.runners.model.FrameworkMethod$1.runReflectiveCall(FrameworkMethod.java:59)
	at org.junit.internal.runners.model.ReflectiveCallable.run(ReflectiveCallable.java:12)
	at org.junit.runners.model.FrameworkMethod.invokeExplosively(FrameworkMethod.java:56)
	at org.junit.internal.runners.statements.RunAfters.invokeMethod(RunAfters.java:46)
	at org.junit.internal.runners.statements.RunAfters.evaluate(RunAfters.java:33)
	at org.junit.internal.runners.statements.FailOnTimeout$CallableStatement.call(FailOnTimeout.java:288)
	at org.junit.internal.runners.statements.FailOnTimeout$CallableStatement.call(FailOnTimeout.java:282)
	at java.util.concurrent.FutureTask.run(FutureTask.java:266)
	at java.lang.Thread.run(Thread.java:750)
]]></failure>
    <system-out><![CDATA[2023-09-07 04:51:59,205 [Time-limited test] ERROR ozone.TestOzoneFileSystem (TestOzoneFileSystem.java:deleteRootDir(808)) - Unexpected file, should have been deleted: FileStatus{path=o3fs://bucket72820.volume87246/dir1; isDirectory=true; modification_time=1694062319205; access_time=1694062319205; owner=runner; group=runner; permission=rwxrwxrwx; isSymlink=false; hasAcl=false; isEncrypted=false; isErasureCoded=false}
]]></system-out>
  </testcase>
  <testcase name="testListStatusOnKeyNameContainDelimiter" classname="TestOzoneFileSystem" time="0.019"/>
  <testcase name="testNonExplicitlyCreatedPathExistsAfterItsLeafsWereRemoved" classname="TestOzoneFileSystem" time="0.086">
    <system-out><![CDATA[04:48:39.029 [IPC Server handler 13 on default port 15004] ERROR OMAudit - user=runner | ip=127.0.0.1 | op=GET_FILE_STATUS {volume=volume25901, bucket=bucket39570, key=target/leaf, dataSize=0, replicationConfig=null} | ret=FAILURE
org.apache.hadoop.ozone.om.exceptions.OMException: Unable to get file status: volume: volume25901 bucket: bucket39570 key: target/leaf
	at org.apache.hadoop.ozone.om.KeyManagerImpl.getOzoneFileStatus(KeyManagerImpl.java:1195) ~[ozone-manager-1.4.0-SNAPSHOT.jar:?]
	at org.apache.hadoop.ozone.om.KeyManagerImpl.getFileStatus(KeyManagerImpl.java:1113) ~[ozone-manager-1.4.0-SNAPSHOT.jar:?]
	at org.apache.hadoop.ozone.om.OmMetadataReader.getFileStatus(OmMetadataReader.java:262) ~[ozone-manager-1.4.0-SNAPSHOT.jar:?]
	at org.apache.hadoop.ozone.om.OzoneManager.getFileStatus(OzoneManager.java:3530) ~[ozone-manager-1.4.0-SNAPSHOT.jar:?]
	at org.apache.hadoop.ozone.protocolPB.OzoneManagerRequestHandler.getOzoneFileStatus(OzoneManagerRequestHandler.java:971) ~[ozone-manager-1.4.0-SNAPSHOT.jar:?]
	at org.apache.hadoop.ozone.protocolPB.OzoneManagerRequestHandler.handleReadRequest(OzoneManagerRequestHandler.java:250) ~[ozone-manager-1.4.0-SNAPSHOT.jar:?]
	at org.apache.hadoop.ozone.protocolPB.OzoneManagerProtocolServerSideTranslatorPB.submitReadRequestToOM(OzoneManagerProtocolServerSideTranslatorPB.java:225) ~[ozone-manager-1.4.0-SNAPSHOT.jar:?]
	at org.apache.hadoop.ozone.protocolPB.OzoneManagerProtocolServerSideTranslatorPB.processRequest(OzoneManagerProtocolServerSideTranslatorPB.java:179) ~[ozone-manager-1.4.0-SNAPSHOT.jar:?]
	at org.apache.hadoop.hdds.server.OzoneProtocolMessageDispatcher.processRequest(OzoneProtocolMessageDispatcher.java:87) [hdds-server-framework-1.4.0-SNAPSHOT.jar:?]
	at org.apache.hadoop.ozone.protocolPB.OzoneManagerProtocolServerSideTranslatorPB.submitRequest(OzoneManagerProtocolServerSideTranslatorPB.java:148) [ozone-manager-1.4.0-SNAPSHOT.jar:?]
	at org.apache.hadoop.ozone.protocol.proto.OzoneManagerProtocolProtos$OzoneManagerService$2.callBlockingMethod(OzoneManagerProtocolProtos.java) [ozone-interface-client-1.4.0-SNAPSHOT.jar:?]
	at org.apache.hadoop.ipc.ProtobufRpcEngine$Server.processCall(ProtobufRpcEngine.java:484) [hadoop-common-3.3.6.jar:?]
	at org.apache.hadoop.ipc.ProtobufRpcEngine2$Server$ProtoBufRpcInvoker.call(ProtobufRpcEngine2.java:595) [hadoop-common-3.3.6.jar:?]
	at org.apache.hadoop.ipc.ProtobufRpcEngine2$Server$ProtoBufRpcInvoker.call(ProtobufRpcEngine2.java:573) [hadoop-common-3.3.6.jar:?]
	at org.apache.hadoop.ipc.RPC$Server.call(RPC.java:1227) [hadoop-common-3.3.6.jar:?]
	at org.apache.hadoop.ipc.Server$RpcCall.run(Server.java:1094) [hadoop-common-3.3.6.jar:?]
	at org.apache.hadoop.ipc.Server$RpcCall.run(Server.java:1017) [hadoop-common-3.3.6.jar:?]
	at java.security.AccessController.doPrivileged(Native Method) ~[?:1.8.0_382]
	at javax.security.auth.Subject.doAs(Subject.java:422) [?:1.8.0_382]
	at org.apache.hadoop.security.UserGroupInformation.doAs(UserGroupInformation.java:1899) [hadoop-common-3.3.6.jar:?]
	at org.apache.hadoop.ipc.Server$Handler.run(Server.java:3048) [hadoop-common-3.3.6.jar:?]
]]></system-out>
  </testcase>
  <testcase name="testNonExplicitlyCreatedPathExistsAfterItsLeafsWereRemoved" classname="TestOzoneFileSystem" time="0.033">
    <system-out><![CDATA[04:50:32.162 [IPC Server handler 18 on default port 15057] ERROR OMAudit - user=runner | ip=127.0.0.1 | op=GET_FILE_STATUS {volume=volume43692, bucket=bucket46966, key=target/leaf, dataSize=0, replicationConfig=null} | ret=FAILURE
org.apache.hadoop.ozone.om.exceptions.OMException: Unable to get file status: volume: volume43692 bucket: bucket46966 key: target/leaf
	at org.apache.hadoop.ozone.om.KeyManagerImpl.getOzoneFileStatus(KeyManagerImpl.java:1195) ~[ozone-manager-1.4.0-SNAPSHOT.jar:?]
	at org.apache.hadoop.ozone.om.KeyManagerImpl.getFileStatus(KeyManagerImpl.java:1113) ~[ozone-manager-1.4.0-SNAPSHOT.jar:?]
	at org.apache.hadoop.ozone.om.OmMetadataReader.getFileStatus(OmMetadataReader.java:262) ~[ozone-manager-1.4.0-SNAPSHOT.jar:?]
	at org.apache.hadoop.ozone.om.OzoneManager.getFileStatus(OzoneManager.java:3530) ~[ozone-manager-1.4.0-SNAPSHOT.jar:?]
	at org.apache.hadoop.ozone.protocolPB.OzoneManagerRequestHandler.getOzoneFileStatus(OzoneManagerRequestHandler.java:971) ~[ozone-manager-1.4.0-SNAPSHOT.jar:?]
	at org.apache.hadoop.ozone.protocolPB.OzoneManagerRequestHandler.handleReadRequest(OzoneManagerRequestHandler.java:250) ~[ozone-manager-1.4.0-SNAPSHOT.jar:?]
	at org.apache.hadoop.ozone.protocolPB.OzoneManagerProtocolServerSideTranslatorPB.submitRequestDirectlyToOM(OzoneManagerProtocolServerSideTranslatorPB.java:274) ~[ozone-manager-1.4.0-SNAPSHOT.jar:?]
	at org.apache.hadoop.ozone.protocolPB.OzoneManagerProtocolServerSideTranslatorPB.processRequest(OzoneManagerProtocolServerSideTranslatorPB.java:175) ~[ozone-manager-1.4.0-SNAPSHOT.jar:?]
	at org.apache.hadoop.hdds.server.OzoneProtocolMessageDispatcher.processRequest(OzoneProtocolMessageDispatcher.java:87) [hdds-server-framework-1.4.0-SNAPSHOT.jar:?]
	at org.apache.hadoop.ozone.protocolPB.OzoneManagerProtocolServerSideTranslatorPB.submitRequest(OzoneManagerProtocolServerSideTranslatorPB.java:148) [ozone-manager-1.4.0-SNAPSHOT.jar:?]
	at org.apache.hadoop.ozone.protocol.proto.OzoneManagerProtocolProtos$OzoneManagerService$2.callBlockingMethod(OzoneManagerProtocolProtos.java) [ozone-interface-client-1.4.0-SNAPSHOT.jar:?]
	at org.apache.hadoop.ipc.ProtobufRpcEngine$Server.processCall(ProtobufRpcEngine.java:484) [hadoop-common-3.3.6.jar:?]
	at org.apache.hadoop.ipc.ProtobufRpcEngine2$Server$ProtoBufRpcInvoker.call(ProtobufRpcEngine2.java:595) [hadoop-common-3.3.6.jar:?]
	at org.apache.hadoop.ipc.ProtobufRpcEngine2$Server$ProtoBufRpcInvoker.call(ProtobufRpcEngine2.java:573) [hadoop-common-3.3.6.jar:?]
	at org.apache.hadoop.ipc.RPC$Server.call(RPC.java:1227) [hadoop-common-3.3.6.jar:?]
	at org.apache.hadoop.ipc.Server$RpcCall.run(Server.java:1094) [hadoop-common-3.3.6.jar:?]
	at org.apache.hadoop.ipc.Server$RpcCall.run(Server.java:1017) [hadoop-common-3.3.6.jar:?]
	at java.security.AccessController.doPrivileged(Native Method) ~[?:1.8.0_382]
	at javax.security.auth.Subject.doAs(Subject.java:422) [?:1.8.0_382]
	at org.apache.hadoop.security.UserGroupInformation.doAs(UserGroupInformation.java:1899) [hadoop-common-3.3.6.jar:?]
	at org.apache.hadoop.ipc.Server$Handler.run(Server.java:3048) [hadoop-common-3.3.6.jar:?]
]]></system-out>
  </testcase>
  <testcase name="testNonExplicitlyCreatedPathExistsAfterItsLeafsWereRemoved" classname="TestOzoneFileSystem" time="0.029">
    <system-out><![CDATA[04:51:59.217 [IPC Server handler 3 on default port 15110] ERROR OMAudit - user=runner | ip=127.0.0.1 | op=GET_FILE_STATUS {volume=volume87246, bucket=bucket72820, key=target/leaf, dataSize=0, replicationConfig=null} | ret=FAILURE
org.apache.hadoop.ozone.om.exceptions.OMException: Unable to get file status: volume: volume87246 bucket: bucket72820 key: target/leaf
	at org.apache.hadoop.ozone.om.KeyManagerImpl.getOzoneFileStatus(KeyManagerImpl.java:1195) ~[ozone-manager-1.4.0-SNAPSHOT.jar:?]
	at org.apache.hadoop.ozone.om.KeyManagerImpl.getFileStatus(KeyManagerImpl.java:1113) ~[ozone-manager-1.4.0-SNAPSHOT.jar:?]
	at org.apache.hadoop.ozone.om.OmMetadataReader.getFileStatus(OmMetadataReader.java:262) ~[ozone-manager-1.4.0-SNAPSHOT.jar:?]
	at org.apache.hadoop.ozone.om.OzoneManager.getFileStatus(OzoneManager.java:3530) ~[ozone-manager-1.4.0-SNAPSHOT.jar:?]
	at org.apache.hadoop.ozone.protocolPB.OzoneManagerRequestHandler.getOzoneFileStatus(OzoneManagerRequestHandler.java:971) ~[ozone-manager-1.4.0-SNAPSHOT.jar:?]
	at org.apache.hadoop.ozone.protocolPB.OzoneManagerRequestHandler.handleReadRequest(OzoneManagerRequestHandler.java:250) ~[ozone-manager-1.4.0-SNAPSHOT.jar:?]
	at org.apache.hadoop.ozone.protocolPB.OzoneManagerProtocolServerSideTranslatorPB.submitReadRequestToOM(OzoneManagerProtocolServerSideTranslatorPB.java:225) ~[ozone-manager-1.4.0-SNAPSHOT.jar:?]
	at org.apache.hadoop.ozone.protocolPB.OzoneManagerProtocolServerSideTranslatorPB.processRequest(OzoneManagerProtocolServerSideTranslatorPB.java:179) ~[ozone-manager-1.4.0-SNAPSHOT.jar:?]
	at org.apache.hadoop.hdds.server.OzoneProtocolMessageDispatcher.processRequest(OzoneProtocolMessageDispatcher.java:87) [hdds-server-framework-1.4.0-SNAPSHOT.jar:?]
	at org.apache.hadoop.ozone.protocolPB.OzoneManagerProtocolServerSideTranslatorPB.submitRequest(OzoneManagerProtocolServerSideTranslatorPB.java:148) [ozone-manager-1.4.0-SNAPSHOT.jar:?]
	at org.apache.hadoop.ozone.protocol.proto.OzoneManagerProtocolProtos$OzoneManagerService$2.callBlockingMethod(OzoneManagerProtocolProtos.java) [ozone-interface-client-1.4.0-SNAPSHOT.jar:?]
	at org.apache.hadoop.ipc.ProtobufRpcEngine$Server.processCall(ProtobufRpcEngine.java:484) [hadoop-common-3.3.6.jar:?]
	at org.apache.hadoop.ipc.ProtobufRpcEngine2$Server$ProtoBufRpcInvoker.call(ProtobufRpcEngine2.java:595) [hadoop-common-3.3.6.jar:?]
	at org.apache.hadoop.ipc.ProtobufRpcEngine2$Server$ProtoBufRpcInvoker.call(ProtobufRpcEngine2.java:573) [hadoop-common-3.3.6.jar:?]
	at org.apache.hadoop.ipc.RPC$Server.call(RPC.java:1227) [hadoop-common-3.3.6.jar:?]
	at org.apache.hadoop.ipc.Server$RpcCall.run(Server.java:1094) [hadoop-common-3.3.6.jar:?]
	at org.apache.hadoop.ipc.Server$RpcCall.run(Server.java:1017) [hadoop-common-3.3.6.jar:?]
	at java.security.AccessController.doPrivileged(Native Method) ~[?:1.8.0_382]
	at javax.security.auth.Subject.doAs(Subject.java:422) [?:1.8.0_382]
	at org.apache.hadoop.security.UserGroupInformation.doAs(UserGroupInformation.java:1899) [hadoop-common-3.3.6.jar:?]
	at org.apache.hadoop.ipc.Server$Handler.run(Server.java:3048) [hadoop-common-3.3.6.jar:?]
]]></system-out>
  </testcase>
  <testcase name="testNonExplicitlyCreatedPathExistsAfterItsLeafsWereRemoved" classname="TestOzoneFileSystem" time="0.026">
    <system-out><![CDATA[04:53:36.602 [IPC Server handler 9 on default port 15163] ERROR OMAudit - user=runner | ip=127.0.0.1 | op=GET_FILE_STATUS {volume=volume69932, bucket=bucket53154, key=target/leaf, dataSize=0, replicationConfig=null} | ret=FAILURE
org.apache.hadoop.ozone.om.exceptions.OMException: Unable to get file status: volume: volume69932 bucket: bucket53154 key: target/leaf
	at org.apache.hadoop.ozone.om.KeyManagerImpl.getOzoneFileStatus(KeyManagerImpl.java:1195) ~[ozone-manager-1.4.0-SNAPSHOT.jar:?]
	at org.apache.hadoop.ozone.om.KeyManagerImpl.getFileStatus(KeyManagerImpl.java:1113) ~[ozone-manager-1.4.0-SNAPSHOT.jar:?]
	at org.apache.hadoop.ozone.om.OmMetadataReader.getFileStatus(OmMetadataReader.java:262) ~[ozone-manager-1.4.0-SNAPSHOT.jar:?]
	at org.apache.hadoop.ozone.om.OzoneManager.getFileStatus(OzoneManager.java:3530) ~[ozone-manager-1.4.0-SNAPSHOT.jar:?]
	at org.apache.hadoop.ozone.protocolPB.OzoneManagerRequestHandler.getOzoneFileStatus(OzoneManagerRequestHandler.java:971) ~[ozone-manager-1.4.0-SNAPSHOT.jar:?]
	at org.apache.hadoop.ozone.protocolPB.OzoneManagerRequestHandler.handleReadRequest(OzoneManagerRequestHandler.java:250) ~[ozone-manager-1.4.0-SNAPSHOT.jar:?]
	at org.apache.hadoop.ozone.protocolPB.OzoneManagerProtocolServerSideTranslatorPB.submitRequestDirectlyToOM(OzoneManagerProtocolServerSideTranslatorPB.java:274) ~[ozone-manager-1.4.0-SNAPSHOT.jar:?]
	at org.apache.hadoop.ozone.protocolPB.OzoneManagerProtocolServerSideTranslatorPB.processRequest(OzoneManagerProtocolServerSideTranslatorPB.java:175) ~[ozone-manager-1.4.0-SNAPSHOT.jar:?]
	at org.apache.hadoop.hdds.server.OzoneProtocolMessageDispatcher.processRequest(OzoneProtocolMessageDispatcher.java:87) [hdds-server-framework-1.4.0-SNAPSHOT.jar:?]
	at org.apache.hadoop.ozone.protocolPB.OzoneManagerProtocolServerSideTranslatorPB.submitRequest(OzoneManagerProtocolServerSideTranslatorPB.java:148) [ozone-manager-1.4.0-SNAPSHOT.jar:?]
	at org.apache.hadoop.ozone.protocol.proto.OzoneManagerProtocolProtos$OzoneManagerService$2.callBlockingMethod(OzoneManagerProtocolProtos.java) [ozone-interface-client-1.4.0-SNAPSHOT.jar:?]
	at org.apache.hadoop.ipc.ProtobufRpcEngine$Server.processCall(ProtobufRpcEngine.java:484) [hadoop-common-3.3.6.jar:?]
	at org.apache.hadoop.ipc.ProtobufRpcEngine2$Server$ProtoBufRpcInvoker.call(ProtobufRpcEngine2.java:595) [hadoop-common-3.3.6.jar:?]
	at org.apache.hadoop.ipc.ProtobufRpcEngine2$Server$ProtoBufRpcInvoker.call(ProtobufRpcEngine2.java:573) [hadoop-common-3.3.6.jar:?]
	at org.apache.hadoop.ipc.RPC$Server.call(RPC.java:1227) [hadoop-common-3.3.6.jar:?]
	at org.apache.hadoop.ipc.Server$RpcCall.run(Server.java:1094) [hadoop-common-3.3.6.jar:?]
	at org.apache.hadoop.ipc.Server$RpcCall.run(Server.java:1017) [hadoop-common-3.3.6.jar:?]
	at java.security.AccessController.doPrivileged(Native Method) ~[?:1.8.0_382]
	at javax.security.auth.Subject.doAs(Subject.java:422) [?:1.8.0_382]
	at org.apache.hadoop.security.UserGroupInformation.doAs(UserGroupInformation.java:1899) [hadoop-common-3.3.6.jar:?]
	at org.apache.hadoop.ipc.Server$Handler.run(Server.java:3048) [hadoop-common-3.3.6.jar:?]
]]></system-out>
  </testcase>
  <testcase name="testCreateFileShouldCheckExistenceOfDirWithSameName" classname="TestOzoneFileSystem" time="0.082">
    <system-out><![CDATA[04:48:39.112 [OM StateMachine ApplyTransaction Thread - 0] ERROR OMAudit - user=runner | ip=127.0.0.1 | op=CREATE_FILE {volume=volume25901, bucket=bucket39570, key=d1/d2/d3/d4/key2, dataSize=4194304, replicationType=RATIS, replicationFactor=THREE} | ret=FAILURE
org.apache.hadoop.ozone.om.exceptions.OMException: Can not write to directory: d1/d2/d3/d4/key2
	at org.apache.hadoop.ozone.om.request.file.OMFileCreateRequest.checkDirectoryResult(OMFileCreateRequest.java:363) ~[ozone-manager-1.4.0-SNAPSHOT.jar:?]
	at org.apache.hadoop.ozone.om.request.file.OMFileCreateRequest.validateAndUpdateCache(OMFileCreateRequest.java:237) ~[ozone-manager-1.4.0-SNAPSHOT.jar:?]
	at org.apache.hadoop.ozone.protocolPB.OzoneManagerRequestHandler.handleWriteRequest(OzoneManagerRequestHandler.java:373) ~[ozone-manager-1.4.0-SNAPSHOT.jar:?]
	at org.apache.hadoop.ozone.om.ratis.OzoneManagerStateMachine.runCommand(OzoneManagerStateMachine.java:568) ~[ozone-manager-1.4.0-SNAPSHOT.jar:?]
	at org.apache.hadoop.ozone.om.ratis.OzoneManagerStateMachine.lambda$1(OzoneManagerStateMachine.java:359) ~[ozone-manager-1.4.0-SNAPSHOT.jar:?]
	at java.util.concurrent.CompletableFuture$AsyncSupply.run(CompletableFuture.java:1604) [?:1.8.0_382]
	at java.util.concurrent.ThreadPoolExecutor.runWorker(ThreadPoolExecutor.java:1149) [?:1.8.0_382]
	at java.util.concurrent.ThreadPoolExecutor$Worker.run(ThreadPoolExecutor.java:624) [?:1.8.0_382]
	at java.lang.Thread.run(Thread.java:750) [?:1.8.0_382]
2023-09-07 04:48:39,113 [OM StateMachine ApplyTransaction Thread - 0] ERROR file.OMFileCreateRequest (OMFileCreateRequest.java:validateAndUpdateCache(336)) - File create failed. Volume:volume25901, Bucket:bucket39570, Keyd1/d2/d3/d4/key2.
NOT_A_FILE org.apache.hadoop.ozone.om.exceptions.OMException: Can not write to directory: d1/d2/d3/d4/key2
	at org.apache.hadoop.ozone.om.request.file.OMFileCreateRequest.checkDirectoryResult(OMFileCreateRequest.java:363)
	at org.apache.hadoop.ozone.om.request.file.OMFileCreateRequest.validateAndUpdateCache(OMFileCreateRequest.java:237)
	at org.apache.hadoop.ozone.protocolPB.OzoneManagerRequestHandler.handleWriteRequest(OzoneManagerRequestHandler.java:373)
	at org.apache.hadoop.ozone.om.ratis.OzoneManagerStateMachine.runCommand(OzoneManagerStateMachine.java:568)
	at org.apache.hadoop.ozone.om.ratis.OzoneManagerStateMachine.lambda$1(OzoneManagerStateMachine.java:359)
	at java.util.concurrent.CompletableFuture$AsyncSupply.run(CompletableFuture.java:1604)
	at java.util.concurrent.ThreadPoolExecutor.runWorker(ThreadPoolExecutor.java:1149)
	at java.util.concurrent.ThreadPoolExecutor$Worker.run(ThreadPoolExecutor.java:624)
	at java.lang.Thread.run(Thread.java:750)
04:48:39.130 [OM StateMachine ApplyTransaction Thread - 0] ERROR OMAudit - user=runner | ip=127.0.0.1 | op=CREATE_DIRECTORY {volume=volume25901, bucket=bucket39570, key=d1/d2/d3/d4/key3, dataSize=0, replicationType=NONE, replicationFactor=ZERO} | ret=FAILURE
org.apache.hadoop.ozone.om.exceptions.OMException: Unable to create directory: d1/d2/d3/d4/key3 in volume/bucket: volume25901/bucket39570
	at org.apache.hadoop.ozone.om.request.file.OMDirectoryCreateRequest.validateAndUpdateCache(OMDirectoryCreateRequest.java:194) ~[ozone-manager-1.4.0-SNAPSHOT.jar:?]
	at org.apache.hadoop.ozone.protocolPB.OzoneManagerRequestHandler.handleWriteRequest(OzoneManagerRequestHandler.java:373) ~[ozone-manager-1.4.0-SNAPSHOT.jar:?]
	at org.apache.hadoop.ozone.om.ratis.OzoneManagerStateMachine.runCommand(OzoneManagerStateMachine.java:568) ~[ozone-manager-1.4.0-SNAPSHOT.jar:?]
	at org.apache.hadoop.ozone.om.ratis.OzoneManagerStateMachine.lambda$1(OzoneManagerStateMachine.java:359) ~[ozone-manager-1.4.0-SNAPSHOT.jar:?]
	at java.util.concurrent.CompletableFuture$AsyncSupply.run(CompletableFuture.java:1604) [?:1.8.0_382]
	at java.util.concurrent.ThreadPoolExecutor.runWorker(ThreadPoolExecutor.java:1149) [?:1.8.0_382]
	at java.util.concurrent.ThreadPoolExecutor$Worker.run(ThreadPoolExecutor.java:624) [?:1.8.0_382]
	at java.lang.Thread.run(Thread.java:750) [?:1.8.0_382]
2023-09-07 04:48:39,131 [OM StateMachine ApplyTransaction Thread - 0] ERROR file.OMDirectoryCreateRequest (OMDirectoryCreateRequest.java:logResult(334)) - Directory creation failed. Volume:volume25901, Bucket:bucket39570, Keyd1/d2/d3/d4/key3. Exception:{}
FILE_ALREADY_EXISTS org.apache.hadoop.ozone.om.exceptions.OMException: Unable to create directory: d1/d2/d3/d4/key3 in volume/bucket: volume25901/bucket39570
	at org.apache.hadoop.ozone.om.request.file.OMDirectoryCreateRequest.validateAndUpdateCache(OMDirectoryCreateRequest.java:194)
	at org.apache.hadoop.ozone.protocolPB.OzoneManagerRequestHandler.handleWriteRequest(OzoneManagerRequestHandler.java:373)
	at org.apache.hadoop.ozone.om.ratis.OzoneManagerStateMachine.runCommand(OzoneManagerStateMachine.java:568)
	at org.apache.hadoop.ozone.om.ratis.OzoneManagerStateMachine.lambda$1(OzoneManagerStateMachine.java:359)
	at java.util.concurrent.CompletableFuture$AsyncSupply.run(CompletableFuture.java:1604)
	at java.util.concurrent.ThreadPoolExecutor.runWorker(ThreadPoolExecutor.java:1149)
	at java.util.concurrent.ThreadPoolExecutor$Worker.run(ThreadPoolExecutor.java:624)
	at java.lang.Thread.run(Thread.java:750)
04:48:39.137 [OM StateMachine ApplyTransaction Thread - 0] ERROR OMAudit - user=runner | ip=127.0.0.1 | op=CREATE_FILE {volume=volume25901, bucket=bucket39570, key=d1/d2/d3, dataSize=4194304, replicationType=RATIS, replicationFactor=THREE} | ret=FAILURE
org.apache.hadoop.ozone.om.exceptions.OMException: Can not write to directory: d1/d2/d3
	at org.apache.hadoop.ozone.om.request.file.OMFileCreateRequest.checkDirectoryResult(OMFileCreateRequest.java:363) ~[ozone-manager-1.4.0-SNAPSHOT.jar:?]
	at org.apache.hadoop.ozone.om.request.file.OMFileCreateRequest.validateAndUpdateCache(OMFileCreateRequest.java:237) ~[ozone-manager-1.4.0-SNAPSHOT.jar:?]
	at org.apache.hadoop.ozone.protocolPB.OzoneManagerRequestHandler.handleWriteRequest(OzoneManagerRequestHandler.java:373) ~[ozone-manager-1.4.0-SNAPSHOT.jar:?]
	at org.apache.hadoop.ozone.om.ratis.OzoneManagerStateMachine.runCommand(OzoneManagerStateMachine.java:568) ~[ozone-manager-1.4.0-SNAPSHOT.jar:?]
	at org.apache.hadoop.ozone.om.ratis.OzoneManagerStateMachine.lambda$1(OzoneManagerStateMachine.java:359) ~[ozone-manager-1.4.0-SNAPSHOT.jar:?]
	at java.util.concurrent.CompletableFuture$AsyncSupply.run(CompletableFuture.java:1604) [?:1.8.0_382]
	at java.util.concurrent.ThreadPoolExecutor.runWorker(ThreadPoolExecutor.java:1149) [?:1.8.0_382]
	at java.util.concurrent.ThreadPoolExecutor$Worker.run(ThreadPoolExecutor.java:624) [?:1.8.0_382]
	at java.lang.Thread.run(Thread.java:750) [?:1.8.0_382]
2023-09-07 04:48:39,137 [OM StateMachine ApplyTransaction Thread - 0] ERROR file.OMFileCreateRequest (OMFileCreateRequest.java:validateAndUpdateCache(336)) - File create failed. Volume:volume25901, Bucket:bucket39570, Keyd1/d2/d3.
NOT_A_FILE org.apache.hadoop.ozone.om.exceptions.OMException: Can not write to directory: d1/d2/d3
	at org.apache.hadoop.ozone.om.request.file.OMFileCreateRequest.checkDirectoryResult(OMFileCreateRequest.java:363)
	at org.apache.hadoop.ozone.om.request.file.OMFileCreateRequest.validateAndUpdateCache(OMFileCreateRequest.java:237)
	at org.apache.hadoop.ozone.protocolPB.OzoneManagerRequestHandler.handleWriteRequest(OzoneManagerRequestHandler.java:373)
	at org.apache.hadoop.ozone.om.ratis.OzoneManagerStateMachine.runCommand(OzoneManagerStateMachine.java:568)
	at org.apache.hadoop.ozone.om.ratis.OzoneManagerStateMachine.lambda$1(OzoneManagerStateMachine.java:359)
	at java.util.concurrent.CompletableFuture$AsyncSupply.run(CompletableFuture.java:1604)
	at java.util.concurrent.ThreadPoolExecutor.runWorker(ThreadPoolExecutor.java:1149)
	at java.util.concurrent.ThreadPoolExecutor$Worker.run(ThreadPoolExecutor.java:624)
	at java.lang.Thread.run(Thread.java:750)
04:48:39.141 [IPC Server handler 5 on default port 15004] ERROR OMAudit - user=runner | ip=127.0.0.1 | op=GET_FILE_STATUS {volume=volume25901, bucket=bucket39570, key=d1/d2/d3/d4/key3/invalid, dataSize=0, replicationConfig=null} | ret=FAILURE
org.apache.hadoop.ozone.om.exceptions.OMException: Unable to get file status: volume: volume25901 bucket: bucket39570 key: d1/d2/d3/d4/key3/invalid
	at org.apache.hadoop.ozone.om.KeyManagerImpl.getOzoneFileStatus(KeyManagerImpl.java:1195) ~[ozone-manager-1.4.0-SNAPSHOT.jar:?]
	at org.apache.hadoop.ozone.om.KeyManagerImpl.getFileStatus(KeyManagerImpl.java:1113) ~[ozone-manager-1.4.0-SNAPSHOT.jar:?]
	at org.apache.hadoop.ozone.om.OmMetadataReader.getFileStatus(OmMetadataReader.java:262) ~[ozone-manager-1.4.0-SNAPSHOT.jar:?]
	at org.apache.hadoop.ozone.om.OzoneManager.getFileStatus(OzoneManager.java:3530) ~[ozone-manager-1.4.0-SNAPSHOT.jar:?]
	at org.apache.hadoop.ozone.protocolPB.OzoneManagerRequestHandler.getOzoneFileStatus(OzoneManagerRequestHandler.java:971) ~[ozone-manager-1.4.0-SNAPSHOT.jar:?]
	at org.apache.hadoop.ozone.protocolPB.OzoneManagerRequestHandler.handleReadRequest(OzoneManagerRequestHandler.java:250) ~[ozone-manager-1.4.0-SNAPSHOT.jar:?]
	at org.apache.hadoop.ozone.protocolPB.OzoneManagerProtocolServerSideTranslatorPB.submitReadRequestToOM(OzoneManagerProtocolServerSideTranslatorPB.java:225) ~[ozone-manager-1.4.0-SNAPSHOT.jar:?]
	at org.apache.hadoop.ozone.protocolPB.OzoneManagerProtocolServerSideTranslatorPB.processRequest(OzoneManagerProtocolServerSideTranslatorPB.java:179) ~[ozone-manager-1.4.0-SNAPSHOT.jar:?]
	at org.apache.hadoop.hdds.server.OzoneProtocolMessageDispatcher.processRequest(OzoneProtocolMessageDispatcher.java:87) [hdds-server-framework-1.4.0-SNAPSHOT.jar:?]
	at org.apache.hadoop.ozone.protocolPB.OzoneManagerProtocolServerSideTranslatorPB.submitRequest(OzoneManagerProtocolServerSideTranslatorPB.java:148) [ozone-manager-1.4.0-SNAPSHOT.jar:?]
	at org.apache.hadoop.ozone.protocol.proto.OzoneManagerProtocolProtos$OzoneManagerService$2.callBlockingMethod(OzoneManagerProtocolProtos.java) [ozone-interface-client-1.4.0-SNAPSHOT.jar:?]
	at org.apache.hadoop.ipc.ProtobufRpcEngine$Server.processCall(ProtobufRpcEngine.java:484) [hadoop-common-3.3.6.jar:?]
	at org.apache.hadoop.ipc.ProtobufRpcEngine2$Server$ProtoBufRpcInvoker.call(ProtobufRpcEngine2.java:595) [hadoop-common-3.3.6.jar:?]
	at org.apache.hadoop.ipc.ProtobufRpcEngine2$Server$ProtoBufRpcInvoker.call(ProtobufRpcEngine2.java:573) [hadoop-common-3.3.6.jar:?]
	at org.apache.hadoop.ipc.RPC$Server.call(RPC.java:1227) [hadoop-common-3.3.6.jar:?]
	at org.apache.hadoop.ipc.Server$RpcCall.run(Server.java:1094) [hadoop-common-3.3.6.jar:?]
	at org.apache.hadoop.ipc.Server$RpcCall.run(Server.java:1017) [hadoop-common-3.3.6.jar:?]
	at java.security.AccessController.doPrivileged(Native Method) ~[?:1.8.0_382]
	at javax.security.auth.Subject.doAs(Subject.java:422) [?:1.8.0_382]
	at org.apache.hadoop.security.UserGroupInformation.doAs(UserGroupInformation.java:1899) [hadoop-common-3.3.6.jar:?]
	at org.apache.hadoop.ipc.Server$Handler.run(Server.java:3048) [hadoop-common-3.3.6.jar:?]
04:48:39.143 [IPC Server handler 8 on default port 15004] ERROR OMAudit - user=runner | ip=127.0.0.1 | op=GET_FILE_STATUS {volume=volume25901, bucket=bucket39570, key=d1/d2/d3/d4/invalidkey, dataSize=0, replicationConfig=null} | ret=FAILURE
org.apache.hadoop.ozone.om.exceptions.OMException: Unable to get file status: volume: volume25901 bucket: bucket39570 key: d1/d2/d3/d4/invalidkey
	at org.apache.hadoop.ozone.om.KeyManagerImpl.getOzoneFileStatus(KeyManagerImpl.java:1195) ~[ozone-manager-1.4.0-SNAPSHOT.jar:?]
	at org.apache.hadoop.ozone.om.KeyManagerImpl.getFileStatus(KeyManagerImpl.java:1113) ~[ozone-manager-1.4.0-SNAPSHOT.jar:?]
	at org.apache.hadoop.ozone.om.OmMetadataReader.getFileStatus(OmMetadataReader.java:262) ~[ozone-manager-1.4.0-SNAPSHOT.jar:?]
	at org.apache.hadoop.ozone.om.OzoneManager.getFileStatus(OzoneManager.java:3530) ~[ozone-manager-1.4.0-SNAPSHOT.jar:?]
	at org.apache.hadoop.ozone.protocolPB.OzoneManagerRequestHandler.getOzoneFileStatus(OzoneManagerRequestHandler.java:971) ~[ozone-manager-1.4.0-SNAPSHOT.jar:?]
	at org.apache.hadoop.ozone.protocolPB.OzoneManagerRequestHandler.handleReadRequest(OzoneManagerRequestHandler.java:250) ~[ozone-manager-1.4.0-SNAPSHOT.jar:?]
	at org.apache.hadoop.ozone.protocolPB.OzoneManagerProtocolServerSideTranslatorPB.submitReadRequestToOM(OzoneManagerProtocolServerSideTranslatorPB.java:225) ~[ozone-manager-1.4.0-SNAPSHOT.jar:?]
	at org.apache.hadoop.ozone.protocolPB.OzoneManagerProtocolServerSideTranslatorPB.processRequest(OzoneManagerProtocolServerSideTranslatorPB.java:179) ~[ozone-manager-1.4.0-SNAPSHOT.jar:?]
	at org.apache.hadoop.hdds.server.OzoneProtocolMessageDispatcher.processRequest(OzoneProtocolMessageDispatcher.java:87) [hdds-server-framework-1.4.0-SNAPSHOT.jar:?]
	at org.apache.hadoop.ozone.protocolPB.OzoneManagerProtocolServerSideTranslatorPB.submitRequest(OzoneManagerProtocolServerSideTranslatorPB.java:148) [ozone-manager-1.4.0-SNAPSHOT.jar:?]
	at org.apache.hadoop.ozone.protocol.proto.OzoneManagerProtocolProtos$OzoneManagerService$2.callBlockingMethod(OzoneManagerProtocolProtos.java) [ozone-interface-client-1.4.0-SNAPSHOT.jar:?]
	at org.apache.hadoop.ipc.ProtobufRpcEngine$Server.processCall(ProtobufRpcEngine.java:484) [hadoop-common-3.3.6.jar:?]
	at org.apache.hadoop.ipc.ProtobufRpcEngine2$Server$ProtoBufRpcInvoker.call(ProtobufRpcEngine2.java:595) [hadoop-common-3.3.6.jar:?]
	at org.apache.hadoop.ipc.ProtobufRpcEngine2$Server$ProtoBufRpcInvoker.call(ProtobufRpcEngine2.java:573) [hadoop-common-3.3.6.jar:?]
	at org.apache.hadoop.ipc.RPC$Server.call(RPC.java:1227) [hadoop-common-3.3.6.jar:?]
	at org.apache.hadoop.ipc.Server$RpcCall.run(Server.java:1094) [hadoop-common-3.3.6.jar:?]
	at org.apache.hadoop.ipc.Server$RpcCall.run(Server.java:1017) [hadoop-common-3.3.6.jar:?]
	at java.security.AccessController.doPrivileged(Native Method) ~[?:1.8.0_382]
	at javax.security.auth.Subject.doAs(Subject.java:422) [?:1.8.0_382]
	at org.apache.hadoop.security.UserGroupInformation.doAs(UserGroupInformation.java:1899) [hadoop-common-3.3.6.jar:?]
	at org.apache.hadoop.ipc.Server$Handler.run(Server.java:3048) [hadoop-common-3.3.6.jar:?]
]]></system-out>
  </testcase>
  <testcase name="testCreateFileShouldCheckExistenceOfDirWithSameName" classname="TestOzoneFileSystem" time="0.047">
    <system-out><![CDATA[04:50:32.202 [IPC Server handler 12 on default port 15057] ERROR OMAudit - user=runner | ip=127.0.0.1 | op=CREATE_FILE {volume=volume43692, bucket=bucket46966, key=d1/d2/d3/d4/key2, dataSize=4194304, replicationType=RATIS, replicationFactor=THREE} | ret=FAILURE
org.apache.hadoop.ozone.om.exceptions.OMException: Can not write to directory: d1/d2/d3/d4/key2
	at org.apache.hadoop.ozone.om.request.file.OMFileCreateRequest.checkDirectoryResult(OMFileCreateRequest.java:363) ~[ozone-manager-1.4.0-SNAPSHOT.jar:?]
	at org.apache.hadoop.ozone.om.request.file.OMFileCreateRequest.validateAndUpdateCache(OMFileCreateRequest.java:237) ~[ozone-manager-1.4.0-SNAPSHOT.jar:?]
	at org.apache.hadoop.ozone.protocolPB.OzoneManagerRequestHandler.handleWriteRequest(OzoneManagerRequestHandler.java:373) ~[ozone-manager-1.4.0-SNAPSHOT.jar:?]
	at org.apache.hadoop.ozone.protocolPB.OzoneManagerProtocolServerSideTranslatorPB.submitRequestDirectlyToOM(OzoneManagerProtocolServerSideTranslatorPB.java:280) ~[ozone-manager-1.4.0-SNAPSHOT.jar:?]
	at org.apache.hadoop.ozone.protocolPB.OzoneManagerProtocolServerSideTranslatorPB.processRequest(OzoneManagerProtocolServerSideTranslatorPB.java:175) ~[ozone-manager-1.4.0-SNAPSHOT.jar:?]
	at org.apache.hadoop.hdds.server.OzoneProtocolMessageDispatcher.processRequest(OzoneProtocolMessageDispatcher.java:87) [hdds-server-framework-1.4.0-SNAPSHOT.jar:?]
	at org.apache.hadoop.ozone.protocolPB.OzoneManagerProtocolServerSideTranslatorPB.submitRequest(OzoneManagerProtocolServerSideTranslatorPB.java:148) [ozone-manager-1.4.0-SNAPSHOT.jar:?]
	at org.apache.hadoop.ozone.protocol.proto.OzoneManagerProtocolProtos$OzoneManagerService$2.callBlockingMethod(OzoneManagerProtocolProtos.java) [ozone-interface-client-1.4.0-SNAPSHOT.jar:?]
	at org.apache.hadoop.ipc.ProtobufRpcEngine$Server.processCall(ProtobufRpcEngine.java:484) [hadoop-common-3.3.6.jar:?]
	at org.apache.hadoop.ipc.ProtobufRpcEngine2$Server$ProtoBufRpcInvoker.call(ProtobufRpcEngine2.java:595) [hadoop-common-3.3.6.jar:?]
	at org.apache.hadoop.ipc.ProtobufRpcEngine2$Server$ProtoBufRpcInvoker.call(ProtobufRpcEngine2.java:573) [hadoop-common-3.3.6.jar:?]
	at org.apache.hadoop.ipc.RPC$Server.call(RPC.java:1227) [hadoop-common-3.3.6.jar:?]
	at org.apache.hadoop.ipc.Server$RpcCall.run(Server.java:1094) [hadoop-common-3.3.6.jar:?]
	at org.apache.hadoop.ipc.Server$RpcCall.run(Server.java:1017) [hadoop-common-3.3.6.jar:?]
	at java.security.AccessController.doPrivileged(Native Method) ~[?:1.8.0_382]
	at javax.security.auth.Subject.doAs(Subject.java:422) [?:1.8.0_382]
	at org.apache.hadoop.security.UserGroupInformation.doAs(UserGroupInformation.java:1899) [hadoop-common-3.3.6.jar:?]
	at org.apache.hadoop.ipc.Server$Handler.run(Server.java:3048) [hadoop-common-3.3.6.jar:?]
2023-09-07 04:50:32,202 [IPC Server handler 12 on default port 15057] ERROR file.OMFileCreateRequest (OMFileCreateRequest.java:validateAndUpdateCache(336)) - File create failed. Volume:volume43692, Bucket:bucket46966, Keyd1/d2/d3/d4/key2.
NOT_A_FILE org.apache.hadoop.ozone.om.exceptions.OMException: Can not write to directory: d1/d2/d3/d4/key2
	at org.apache.hadoop.ozone.om.request.file.OMFileCreateRequest.checkDirectoryResult(OMFileCreateRequest.java:363)
	at org.apache.hadoop.ozone.om.request.file.OMFileCreateRequest.validateAndUpdateCache(OMFileCreateRequest.java:237)
	at org.apache.hadoop.ozone.protocolPB.OzoneManagerRequestHandler.handleWriteRequest(OzoneManagerRequestHandler.java:373)
	at org.apache.hadoop.ozone.protocolPB.OzoneManagerProtocolServerSideTranslatorPB.submitRequestDirectlyToOM(OzoneManagerProtocolServerSideTranslatorPB.java:280)
	at org.apache.hadoop.ozone.protocolPB.OzoneManagerProtocolServerSideTranslatorPB.processRequest(OzoneManagerProtocolServerSideTranslatorPB.java:175)
	at org.apache.hadoop.hdds.server.OzoneProtocolMessageDispatcher.processRequest(OzoneProtocolMessageDispatcher.java:87)
	at org.apache.hadoop.ozone.protocolPB.OzoneManagerProtocolServerSideTranslatorPB.submitRequest(OzoneManagerProtocolServerSideTranslatorPB.java:148)
	at org.apache.hadoop.ozone.protocol.proto.OzoneManagerProtocolProtos$OzoneManagerService$2.callBlockingMethod(OzoneManagerProtocolProtos.java)
	at org.apache.hadoop.ipc.ProtobufRpcEngine$Server.processCall(ProtobufRpcEngine.java:484)
	at org.apache.hadoop.ipc.ProtobufRpcEngine2$Server$ProtoBufRpcInvoker.call(ProtobufRpcEngine2.java:595)
	at org.apache.hadoop.ipc.ProtobufRpcEngine2$Server$ProtoBufRpcInvoker.call(ProtobufRpcEngine2.java:573)
	at org.apache.hadoop.ipc.RPC$Server.call(RPC.java:1227)
	at org.apache.hadoop.ipc.Server$RpcCall.run(Server.java:1094)
	at org.apache.hadoop.ipc.Server$RpcCall.run(Server.java:1017)
	at java.security.AccessController.doPrivileged(Native Method)
	at javax.security.auth.Subject.doAs(Subject.java:422)
	at org.apache.hadoop.security.UserGroupInformation.doAs(UserGroupInformation.java:1899)
	at org.apache.hadoop.ipc.Server$Handler.run(Server.java:3048)
04:50:32.210 [IPC Server handler 16 on default port 15057] ERROR OMAudit - user=runner | ip=127.0.0.1 | op=CREATE_DIRECTORY {volume=volume43692, bucket=bucket46966, key=d1/d2/d3/d4/key3, dataSize=0, replicationType=NONE, replicationFactor=ZERO} | ret=FAILURE
org.apache.hadoop.ozone.om.exceptions.OMException: Unable to create directory: d1/d2/d3/d4/key3 in volume/bucket: volume43692/bucket46966
	at org.apache.hadoop.ozone.om.request.file.OMDirectoryCreateRequest.validateAndUpdateCache(OMDirectoryCreateRequest.java:194) ~[ozone-manager-1.4.0-SNAPSHOT.jar:?]
	at org.apache.hadoop.ozone.protocolPB.OzoneManagerRequestHandler.handleWriteRequest(OzoneManagerRequestHandler.java:373) ~[ozone-manager-1.4.0-SNAPSHOT.jar:?]
	at org.apache.hadoop.ozone.protocolPB.OzoneManagerProtocolServerSideTranslatorPB.submitRequestDirectlyToOM(OzoneManagerProtocolServerSideTranslatorPB.java:280) ~[ozone-manager-1.4.0-SNAPSHOT.jar:?]
	at org.apache.hadoop.ozone.protocolPB.OzoneManagerProtocolServerSideTranslatorPB.processRequest(OzoneManagerProtocolServerSideTranslatorPB.java:175) ~[ozone-manager-1.4.0-SNAPSHOT.jar:?]
	at org.apache.hadoop.hdds.server.OzoneProtocolMessageDispatcher.processRequest(OzoneProtocolMessageDispatcher.java:87) [hdds-server-framework-1.4.0-SNAPSHOT.jar:?]
	at org.apache.hadoop.ozone.protocolPB.OzoneManagerProtocolServerSideTranslatorPB.submitRequest(OzoneManagerProtocolServerSideTranslatorPB.java:148) [ozone-manager-1.4.0-SNAPSHOT.jar:?]
	at org.apache.hadoop.ozone.protocol.proto.OzoneManagerProtocolProtos$OzoneManagerService$2.callBlockingMethod(OzoneManagerProtocolProtos.java) [ozone-interface-client-1.4.0-SNAPSHOT.jar:?]
	at org.apache.hadoop.ipc.ProtobufRpcEngine$Server.processCall(ProtobufRpcEngine.java:484) [hadoop-common-3.3.6.jar:?]
	at org.apache.hadoop.ipc.ProtobufRpcEngine2$Server$ProtoBufRpcInvoker.call(ProtobufRpcEngine2.java:595) [hadoop-common-3.3.6.jar:?]
	at org.apache.hadoop.ipc.ProtobufRpcEngine2$Server$ProtoBufRpcInvoker.call(ProtobufRpcEngine2.java:573) [hadoop-common-3.3.6.jar:?]
	at org.apache.hadoop.ipc.RPC$Server.call(RPC.java:1227) [hadoop-common-3.3.6.jar:?]
	at org.apache.hadoop.ipc.Server$RpcCall.run(Server.java:1094) [hadoop-common-3.3.6.jar:?]
	at org.apache.hadoop.ipc.Server$RpcCall.run(Server.java:1017) [hadoop-common-3.3.6.jar:?]
	at java.security.AccessController.doPrivileged(Native Method) ~[?:1.8.0_382]
	at javax.security.auth.Subject.doAs(Subject.java:422) [?:1.8.0_382]
	at org.apache.hadoop.security.UserGroupInformation.doAs(UserGroupInformation.java:1899) [hadoop-common-3.3.6.jar:?]
	at org.apache.hadoop.ipc.Server$Handler.run(Server.java:3048) [hadoop-common-3.3.6.jar:?]
2023-09-07 04:50:32,211 [IPC Server handler 16 on default port 15057] ERROR file.OMDirectoryCreateRequest (OMDirectoryCreateRequest.java:logResult(334)) - Directory creation failed. Volume:volume43692, Bucket:bucket46966, Keyd1/d2/d3/d4/key3. Exception:{}
FILE_ALREADY_EXISTS org.apache.hadoop.ozone.om.exceptions.OMException: Unable to create directory: d1/d2/d3/d4/key3 in volume/bucket: volume43692/bucket46966
	at org.apache.hadoop.ozone.om.request.file.OMDirectoryCreateRequest.validateAndUpdateCache(OMDirectoryCreateRequest.java:194)
	at org.apache.hadoop.ozone.protocolPB.OzoneManagerRequestHandler.handleWriteRequest(OzoneManagerRequestHandler.java:373)
	at org.apache.hadoop.ozone.protocolPB.OzoneManagerProtocolServerSideTranslatorPB.submitRequestDirectlyToOM(OzoneManagerProtocolServerSideTranslatorPB.java:280)
	at org.apache.hadoop.ozone.protocolPB.OzoneManagerProtocolServerSideTranslatorPB.processRequest(OzoneManagerProtocolServerSideTranslatorPB.java:175)
	at org.apache.hadoop.hdds.server.OzoneProtocolMessageDispatcher.processRequest(OzoneProtocolMessageDispatcher.java:87)
	at org.apache.hadoop.ozone.protocolPB.OzoneManagerProtocolServerSideTranslatorPB.submitRequest(OzoneManagerProtocolServerSideTranslatorPB.java:148)
	at org.apache.hadoop.ozone.protocol.proto.OzoneManagerProtocolProtos$OzoneManagerService$2.callBlockingMethod(OzoneManagerProtocolProtos.java)
	at org.apache.hadoop.ipc.ProtobufRpcEngine$Server.processCall(ProtobufRpcEngine.java:484)
	at org.apache.hadoop.ipc.ProtobufRpcEngine2$Server$ProtoBufRpcInvoker.call(ProtobufRpcEngine2.java:595)
	at org.apache.hadoop.ipc.ProtobufRpcEngine2$Server$ProtoBufRpcInvoker.call(ProtobufRpcEngine2.java:573)
	at org.apache.hadoop.ipc.RPC$Server.call(RPC.java:1227)
	at org.apache.hadoop.ipc.Server$RpcCall.run(Server.java:1094)
	at org.apache.hadoop.ipc.Server$RpcCall.run(Server.java:1017)
	at java.security.AccessController.doPrivileged(Native Method)
	at javax.security.auth.Subject.doAs(Subject.java:422)
	at org.apache.hadoop.security.UserGroupInformation.doAs(UserGroupInformation.java:1899)
	at org.apache.hadoop.ipc.Server$Handler.run(Server.java:3048)
04:50:32.214 [IPC Server handler 17 on default port 15057] ERROR OMAudit - user=runner | ip=127.0.0.1 | op=CREATE_FILE {volume=volume43692, bucket=bucket46966, key=d1/d2/d3, dataSize=4194304, replicationType=RATIS, replicationFactor=THREE} | ret=FAILURE
org.apache.hadoop.ozone.om.exceptions.OMException: Can not write to directory: d1/d2/d3
	at org.apache.hadoop.ozone.om.request.file.OMFileCreateRequest.checkDirectoryResult(OMFileCreateRequest.java:363) ~[ozone-manager-1.4.0-SNAPSHOT.jar:?]
	at org.apache.hadoop.ozone.om.request.file.OMFileCreateRequest.validateAndUpdateCache(OMFileCreateRequest.java:237) ~[ozone-manager-1.4.0-SNAPSHOT.jar:?]
	at org.apache.hadoop.ozone.protocolPB.OzoneManagerRequestHandler.handleWriteRequest(OzoneManagerRequestHandler.java:373) ~[ozone-manager-1.4.0-SNAPSHOT.jar:?]
	at org.apache.hadoop.ozone.protocolPB.OzoneManagerProtocolServerSideTranslatorPB.submitRequestDirectlyToOM(OzoneManagerProtocolServerSideTranslatorPB.java:280) ~[ozone-manager-1.4.0-SNAPSHOT.jar:?]
	at org.apache.hadoop.ozone.protocolPB.OzoneManagerProtocolServerSideTranslatorPB.processRequest(OzoneManagerProtocolServerSideTranslatorPB.java:175) ~[ozone-manager-1.4.0-SNAPSHOT.jar:?]
	at org.apache.hadoop.hdds.server.OzoneProtocolMessageDispatcher.processRequest(OzoneProtocolMessageDispatcher.java:87) [hdds-server-framework-1.4.0-SNAPSHOT.jar:?]
	at org.apache.hadoop.ozone.protocolPB.OzoneManagerProtocolServerSideTranslatorPB.submitRequest(OzoneManagerProtocolServerSideTranslatorPB.java:148) [ozone-manager-1.4.0-SNAPSHOT.jar:?]
	at org.apache.hadoop.ozone.protocol.proto.OzoneManagerProtocolProtos$OzoneManagerService$2.callBlockingMethod(OzoneManagerProtocolProtos.java) [ozone-interface-client-1.4.0-SNAPSHOT.jar:?]
	at org.apache.hadoop.ipc.ProtobufRpcEngine$Server.processCall(ProtobufRpcEngine.java:484) [hadoop-common-3.3.6.jar:?]
	at org.apache.hadoop.ipc.ProtobufRpcEngine2$Server$ProtoBufRpcInvoker.call(ProtobufRpcEngine2.java:595) [hadoop-common-3.3.6.jar:?]
	at org.apache.hadoop.ipc.ProtobufRpcEngine2$Server$ProtoBufRpcInvoker.call(ProtobufRpcEngine2.java:573) [hadoop-common-3.3.6.jar:?]
	at org.apache.hadoop.ipc.RPC$Server.call(RPC.java:1227) [hadoop-common-3.3.6.jar:?]
	at org.apache.hadoop.ipc.Server$RpcCall.run(Server.java:1094) [hadoop-common-3.3.6.jar:?]
	at org.apache.hadoop.ipc.Server$RpcCall.run(Server.java:1017) [hadoop-common-3.3.6.jar:?]
	at java.security.AccessController.doPrivileged(Native Method) ~[?:1.8.0_382]
	at javax.security.auth.Subject.doAs(Subject.java:422) [?:1.8.0_382]
	at org.apache.hadoop.security.UserGroupInformation.doAs(UserGroupInformation.java:1899) [hadoop-common-3.3.6.jar:?]
	at org.apache.hadoop.ipc.Server$Handler.run(Server.java:3048) [hadoop-common-3.3.6.jar:?]
2023-09-07 04:50:32,215 [IPC Server handler 17 on default port 15057] ERROR file.OMFileCreateRequest (OMFileCreateRequest.java:validateAndUpdateCache(336)) - File create failed. Volume:volume43692, Bucket:bucket46966, Keyd1/d2/d3.
NOT_A_FILE org.apache.hadoop.ozone.om.exceptions.OMException: Can not write to directory: d1/d2/d3
	at org.apache.hadoop.ozone.om.request.file.OMFileCreateRequest.checkDirectoryResult(OMFileCreateRequest.java:363)
	at org.apache.hadoop.ozone.om.request.file.OMFileCreateRequest.validateAndUpdateCache(OMFileCreateRequest.java:237)
	at org.apache.hadoop.ozone.protocolPB.OzoneManagerRequestHandler.handleWriteRequest(OzoneManagerRequestHandler.java:373)
	at org.apache.hadoop.ozone.protocolPB.OzoneManagerProtocolServerSideTranslatorPB.submitRequestDirectlyToOM(OzoneManagerProtocolServerSideTranslatorPB.java:280)
	at org.apache.hadoop.ozone.protocolPB.OzoneManagerProtocolServerSideTranslatorPB.processRequest(OzoneManagerProtocolServerSideTranslatorPB.java:175)
	at org.apache.hadoop.hdds.server.OzoneProtocolMessageDispatcher.processRequest(OzoneProtocolMessageDispatcher.java:87)
	at org.apache.hadoop.ozone.protocolPB.OzoneManagerProtocolServerSideTranslatorPB.submitRequest(OzoneManagerProtocolServerSideTranslatorPB.java:148)
	at org.apache.hadoop.ozone.protocol.proto.OzoneManagerProtocolProtos$OzoneManagerService$2.callBlockingMethod(OzoneManagerProtocolProtos.java)
	at org.apache.hadoop.ipc.ProtobufRpcEngine$Server.processCall(ProtobufRpcEngine.java:484)
	at org.apache.hadoop.ipc.ProtobufRpcEngine2$Server$ProtoBufRpcInvoker.call(ProtobufRpcEngine2.java:595)
	at org.apache.hadoop.ipc.ProtobufRpcEngine2$Server$ProtoBufRpcInvoker.call(ProtobufRpcEngine2.java:573)
	at org.apache.hadoop.ipc.RPC$Server.call(RPC.java:1227)
	at org.apache.hadoop.ipc.Server$RpcCall.run(Server.java:1094)
	at org.apache.hadoop.ipc.Server$RpcCall.run(Server.java:1017)
	at java.security.AccessController.doPrivileged(Native Method)
	at javax.security.auth.Subject.doAs(Subject.java:422)
	at org.apache.hadoop.security.UserGroupInformation.doAs(UserGroupInformation.java:1899)
	at org.apache.hadoop.ipc.Server$Handler.run(Server.java:3048)
04:50:32.219 [IPC Server handler 5 on default port 15057] ERROR OMAudit - user=runner | ip=127.0.0.1 | op=GET_FILE_STATUS {volume=volume43692, bucket=bucket46966, key=d1/d2/d3/d4/key3/invalid, dataSize=0, replicationConfig=null} | ret=FAILURE
org.apache.hadoop.ozone.om.exceptions.OMException: Unable to get file status: volume: volume43692 bucket: bucket46966 key: d1/d2/d3/d4/key3/invalid
	at org.apache.hadoop.ozone.om.KeyManagerImpl.getOzoneFileStatus(KeyManagerImpl.java:1195) ~[ozone-manager-1.4.0-SNAPSHOT.jar:?]
	at org.apache.hadoop.ozone.om.KeyManagerImpl.getFileStatus(KeyManagerImpl.java:1113) ~[ozone-manager-1.4.0-SNAPSHOT.jar:?]
	at org.apache.hadoop.ozone.om.OmMetadataReader.getFileStatus(OmMetadataReader.java:262) ~[ozone-manager-1.4.0-SNAPSHOT.jar:?]
	at org.apache.hadoop.ozone.om.OzoneManager.getFileStatus(OzoneManager.java:3530) ~[ozone-manager-1.4.0-SNAPSHOT.jar:?]
	at org.apache.hadoop.ozone.protocolPB.OzoneManagerRequestHandler.getOzoneFileStatus(OzoneManagerRequestHandler.java:971) ~[ozone-manager-1.4.0-SNAPSHOT.jar:?]
	at org.apache.hadoop.ozone.protocolPB.OzoneManagerRequestHandler.handleReadRequest(OzoneManagerRequestHandler.java:250) ~[ozone-manager-1.4.0-SNAPSHOT.jar:?]
	at org.apache.hadoop.ozone.protocolPB.OzoneManagerProtocolServerSideTranslatorPB.submitRequestDirectlyToOM(OzoneManagerProtocolServerSideTranslatorPB.java:274) ~[ozone-manager-1.4.0-SNAPSHOT.jar:?]
	at org.apache.hadoop.ozone.protocolPB.OzoneManagerProtocolServerSideTranslatorPB.processRequest(OzoneManagerProtocolServerSideTranslatorPB.java:175) ~[ozone-manager-1.4.0-SNAPSHOT.jar:?]
	at org.apache.hadoop.hdds.server.OzoneProtocolMessageDispatcher.processRequest(OzoneProtocolMessageDispatcher.java:87) [hdds-server-framework-1.4.0-SNAPSHOT.jar:?]
	at org.apache.hadoop.ozone.protocolPB.OzoneManagerProtocolServerSideTranslatorPB.submitRequest(OzoneManagerProtocolServerSideTranslatorPB.java:148) [ozone-manager-1.4.0-SNAPSHOT.jar:?]
	at org.apache.hadoop.ozone.protocol.proto.OzoneManagerProtocolProtos$OzoneManagerService$2.callBlockingMethod(OzoneManagerProtocolProtos.java) [ozone-interface-client-1.4.0-SNAPSHOT.jar:?]
	at org.apache.hadoop.ipc.ProtobufRpcEngine$Server.processCall(ProtobufRpcEngine.java:484) [hadoop-common-3.3.6.jar:?]
	at org.apache.hadoop.ipc.ProtobufRpcEngine2$Server$ProtoBufRpcInvoker.call(ProtobufRpcEngine2.java:595) [hadoop-common-3.3.6.jar:?]
	at org.apache.hadoop.ipc.ProtobufRpcEngine2$Server$ProtoBufRpcInvoker.call(ProtobufRpcEngine2.java:573) [hadoop-common-3.3.6.jar:?]
	at org.apache.hadoop.ipc.RPC$Server.call(RPC.java:1227) [hadoop-common-3.3.6.jar:?]
	at org.apache.hadoop.ipc.Server$RpcCall.run(Server.java:1094) [hadoop-common-3.3.6.jar:?]
	at org.apache.hadoop.ipc.Server$RpcCall.run(Server.java:1017) [hadoop-common-3.3.6.jar:?]
	at java.security.AccessController.doPrivileged(Native Method) ~[?:1.8.0_382]
	at javax.security.auth.Subject.doAs(Subject.java:422) [?:1.8.0_382]
	at org.apache.hadoop.security.UserGroupInformation.doAs(UserGroupInformation.java:1899) [hadoop-common-3.3.6.jar:?]
	at org.apache.hadoop.ipc.Server$Handler.run(Server.java:3048) [hadoop-common-3.3.6.jar:?]
04:50:32.221 [IPC Server handler 2 on default port 15057] ERROR OMAudit - user=runner | ip=127.0.0.1 | op=GET_FILE_STATUS {volume=volume43692, bucket=bucket46966, key=d1/d2/d3/d4/invalidkey, dataSize=0, replicationConfig=null} | ret=FAILURE
org.apache.hadoop.ozone.om.exceptions.OMException: Unable to get file status: volume: volume43692 bucket: bucket46966 key: d1/d2/d3/d4/invalidkey
	at org.apache.hadoop.ozone.om.KeyManagerImpl.getOzoneFileStatus(KeyManagerImpl.java:1195) ~[ozone-manager-1.4.0-SNAPSHOT.jar:?]
	at org.apache.hadoop.ozone.om.KeyManagerImpl.getFileStatus(KeyManagerImpl.java:1113) ~[ozone-manager-1.4.0-SNAPSHOT.jar:?]
	at org.apache.hadoop.ozone.om.OmMetadataReader.getFileStatus(OmMetadataReader.java:262) ~[ozone-manager-1.4.0-SNAPSHOT.jar:?]
	at org.apache.hadoop.ozone.om.OzoneManager.getFileStatus(OzoneManager.java:3530) ~[ozone-manager-1.4.0-SNAPSHOT.jar:?]
	at org.apache.hadoop.ozone.protocolPB.OzoneManagerRequestHandler.getOzoneFileStatus(OzoneManagerRequestHandler.java:971) ~[ozone-manager-1.4.0-SNAPSHOT.jar:?]
	at org.apache.hadoop.ozone.protocolPB.OzoneManagerRequestHandler.handleReadRequest(OzoneManagerRequestHandler.java:250) ~[ozone-manager-1.4.0-SNAPSHOT.jar:?]
	at org.apache.hadoop.ozone.protocolPB.OzoneManagerProtocolServerSideTranslatorPB.submitRequestDirectlyToOM(OzoneManagerProtocolServerSideTranslatorPB.java:274) ~[ozone-manager-1.4.0-SNAPSHOT.jar:?]
	at org.apache.hadoop.ozone.protocolPB.OzoneManagerProtocolServerSideTranslatorPB.processRequest(OzoneManagerProtocolServerSideTranslatorPB.java:175) ~[ozone-manager-1.4.0-SNAPSHOT.jar:?]
	at org.apache.hadoop.hdds.server.OzoneProtocolMessageDispatcher.processRequest(OzoneProtocolMessageDispatcher.java:87) [hdds-server-framework-1.4.0-SNAPSHOT.jar:?]
	at org.apache.hadoop.ozone.protocolPB.OzoneManagerProtocolServerSideTranslatorPB.submitRequest(OzoneManagerProtocolServerSideTranslatorPB.java:148) [ozone-manager-1.4.0-SNAPSHOT.jar:?]
	at org.apache.hadoop.ozone.protocol.proto.OzoneManagerProtocolProtos$OzoneManagerService$2.callBlockingMethod(OzoneManagerProtocolProtos.java) [ozone-interface-client-1.4.0-SNAPSHOT.jar:?]
	at org.apache.hadoop.ipc.ProtobufRpcEngine$Server.processCall(ProtobufRpcEngine.java:484) [hadoop-common-3.3.6.jar:?]
	at org.apache.hadoop.ipc.ProtobufRpcEngine2$Server$ProtoBufRpcInvoker.call(ProtobufRpcEngine2.java:595) [hadoop-common-3.3.6.jar:?]
	at org.apache.hadoop.ipc.ProtobufRpcEngine2$Server$ProtoBufRpcInvoker.call(ProtobufRpcEngine2.java:573) [hadoop-common-3.3.6.jar:?]
	at org.apache.hadoop.ipc.RPC$Server.call(RPC.java:1227) [hadoop-common-3.3.6.jar:?]
	at org.apache.hadoop.ipc.Server$RpcCall.run(Server.java:1094) [hadoop-common-3.3.6.jar:?]
	at org.apache.hadoop.ipc.Server$RpcCall.run(Server.java:1017) [hadoop-common-3.3.6.jar:?]
	at java.security.AccessController.doPrivileged(Native Method) ~[?:1.8.0_382]
	at javax.security.auth.Subject.doAs(Subject.java:422) [?:1.8.0_382]
	at org.apache.hadoop.security.UserGroupInformation.doAs(UserGroupInformation.java:1899) [hadoop-common-3.3.6.jar:?]
	at org.apache.hadoop.ipc.Server$Handler.run(Server.java:3048) [hadoop-common-3.3.6.jar:?]
]]></system-out>
  </testcase>
  <testcase name="testCreateFileShouldCheckExistenceOfDirWithSameName" classname="TestOzoneFileSystem" time="0.075">
    <system-out><![CDATA[04:51:59.269 [OM StateMachine ApplyTransaction Thread - 0] ERROR OMAudit - user=runner | ip=127.0.0.1 | op=CREATE_FILE {volume=volume87246, bucket=bucket72820, key=d1/d2/d3/d4/key2, dataSize=4194304, replicationType=RATIS, replicationFactor=THREE} | ret=FAILURE
org.apache.hadoop.ozone.om.exceptions.OMException: Can not write to directory: d1/d2/d3/d4/key2
	at org.apache.hadoop.ozone.om.request.file.OMFileCreateRequest.checkDirectoryResult(OMFileCreateRequest.java:363) ~[ozone-manager-1.4.0-SNAPSHOT.jar:?]
	at org.apache.hadoop.ozone.om.request.file.OMFileCreateRequest.validateAndUpdateCache(OMFileCreateRequest.java:237) ~[ozone-manager-1.4.0-SNAPSHOT.jar:?]
	at org.apache.hadoop.ozone.protocolPB.OzoneManagerRequestHandler.handleWriteRequest(OzoneManagerRequestHandler.java:373) ~[ozone-manager-1.4.0-SNAPSHOT.jar:?]
	at org.apache.hadoop.ozone.om.ratis.OzoneManagerStateMachine.runCommand(OzoneManagerStateMachine.java:568) ~[ozone-manager-1.4.0-SNAPSHOT.jar:?]
	at org.apache.hadoop.ozone.om.ratis.OzoneManagerStateMachine.lambda$1(OzoneManagerStateMachine.java:359) ~[ozone-manager-1.4.0-SNAPSHOT.jar:?]
	at java.util.concurrent.CompletableFuture$AsyncSupply.run(CompletableFuture.java:1604) [?:1.8.0_382]
	at java.util.concurrent.ThreadPoolExecutor.runWorker(ThreadPoolExecutor.java:1149) [?:1.8.0_382]
	at java.util.concurrent.ThreadPoolExecutor$Worker.run(ThreadPoolExecutor.java:624) [?:1.8.0_382]
	at java.lang.Thread.run(Thread.java:750) [?:1.8.0_382]
2023-09-07 04:51:59,269 [OM StateMachine ApplyTransaction Thread - 0] ERROR file.OMFileCreateRequest (OMFileCreateRequest.java:validateAndUpdateCache(336)) - File create failed. Volume:volume87246, Bucket:bucket72820, Keyd1/d2/d3/d4/key2.
NOT_A_FILE org.apache.hadoop.ozone.om.exceptions.OMException: Can not write to directory: d1/d2/d3/d4/key2
	at org.apache.hadoop.ozone.om.request.file.OMFileCreateRequest.checkDirectoryResult(OMFileCreateRequest.java:363)
	at org.apache.hadoop.ozone.om.request.file.OMFileCreateRequest.validateAndUpdateCache(OMFileCreateRequest.java:237)
	at org.apache.hadoop.ozone.protocolPB.OzoneManagerRequestHandler.handleWriteRequest(OzoneManagerRequestHandler.java:373)
	at org.apache.hadoop.ozone.om.ratis.OzoneManagerStateMachine.runCommand(OzoneManagerStateMachine.java:568)
	at org.apache.hadoop.ozone.om.ratis.OzoneManagerStateMachine.lambda$1(OzoneManagerStateMachine.java:359)
	at java.util.concurrent.CompletableFuture$AsyncSupply.run(CompletableFuture.java:1604)
	at java.util.concurrent.ThreadPoolExecutor.runWorker(ThreadPoolExecutor.java:1149)
	at java.util.concurrent.ThreadPoolExecutor$Worker.run(ThreadPoolExecutor.java:624)
	at java.lang.Thread.run(Thread.java:750)
04:51:59.280 [OM StateMachine ApplyTransaction Thread - 0] ERROR OMAudit - user=runner | ip=127.0.0.1 | op=CREATE_DIRECTORY {volume=volume87246, bucket=bucket72820, key=d1/d2/d3/d4/key3, dataSize=0, replicationType=NONE, replicationFactor=ZERO} | ret=FAILURE
org.apache.hadoop.ozone.om.exceptions.OMException: Unable to create directory: d1/d2/d3/d4/key3 in volume/bucket: volume87246/bucket72820
	at org.apache.hadoop.ozone.om.request.file.OMDirectoryCreateRequest.validateAndUpdateCache(OMDirectoryCreateRequest.java:194) ~[ozone-manager-1.4.0-SNAPSHOT.jar:?]
	at org.apache.hadoop.ozone.protocolPB.OzoneManagerRequestHandler.handleWriteRequest(OzoneManagerRequestHandler.java:373) ~[ozone-manager-1.4.0-SNAPSHOT.jar:?]
	at org.apache.hadoop.ozone.om.ratis.OzoneManagerStateMachine.runCommand(OzoneManagerStateMachine.java:568) ~[ozone-manager-1.4.0-SNAPSHOT.jar:?]
	at org.apache.hadoop.ozone.om.ratis.OzoneManagerStateMachine.lambda$1(OzoneManagerStateMachine.java:359) ~[ozone-manager-1.4.0-SNAPSHOT.jar:?]
	at java.util.concurrent.CompletableFuture$AsyncSupply.run(CompletableFuture.java:1604) [?:1.8.0_382]
	at java.util.concurrent.ThreadPoolExecutor.runWorker(ThreadPoolExecutor.java:1149) [?:1.8.0_382]
	at java.util.concurrent.ThreadPoolExecutor$Worker.run(ThreadPoolExecutor.java:624) [?:1.8.0_382]
	at java.lang.Thread.run(Thread.java:750) [?:1.8.0_382]
2023-09-07 04:51:59,280 [OM StateMachine ApplyTransaction Thread - 0] ERROR file.OMDirectoryCreateRequest (OMDirectoryCreateRequest.java:logResult(334)) - Directory creation failed. Volume:volume87246, Bucket:bucket72820, Keyd1/d2/d3/d4/key3. Exception:{}
FILE_ALREADY_EXISTS org.apache.hadoop.ozone.om.exceptions.OMException: Unable to create directory: d1/d2/d3/d4/key3 in volume/bucket: volume87246/bucket72820
	at org.apache.hadoop.ozone.om.request.file.OMDirectoryCreateRequest.validateAndUpdateCache(OMDirectoryCreateRequest.java:194)
	at org.apache.hadoop.ozone.protocolPB.OzoneManagerRequestHandler.handleWriteRequest(OzoneManagerRequestHandler.java:373)
	at org.apache.hadoop.ozone.om.ratis.OzoneManagerStateMachine.runCommand(OzoneManagerStateMachine.java:568)
	at org.apache.hadoop.ozone.om.ratis.OzoneManagerStateMachine.lambda$1(OzoneManagerStateMachine.java:359)
	at java.util.concurrent.CompletableFuture$AsyncSupply.run(CompletableFuture.java:1604)
	at java.util.concurrent.ThreadPoolExecutor.runWorker(ThreadPoolExecutor.java:1149)
	at java.util.concurrent.ThreadPoolExecutor$Worker.run(ThreadPoolExecutor.java:624)
	at java.lang.Thread.run(Thread.java:750)
04:51:59.289 [OM StateMachine ApplyTransaction Thread - 0] ERROR OMAudit - user=runner | ip=127.0.0.1 | op=CREATE_FILE {volume=volume87246, bucket=bucket72820, key=d1/d2/d3, dataSize=4194304, replicationType=RATIS, replicationFactor=THREE} | ret=FAILURE
org.apache.hadoop.ozone.om.exceptions.OMException: Can not write to directory: d1/d2/d3
	at org.apache.hadoop.ozone.om.request.file.OMFileCreateRequest.checkDirectoryResult(OMFileCreateRequest.java:363) ~[ozone-manager-1.4.0-SNAPSHOT.jar:?]
	at org.apache.hadoop.ozone.om.request.file.OMFileCreateRequest.validateAndUpdateCache(OMFileCreateRequest.java:237) ~[ozone-manager-1.4.0-SNAPSHOT.jar:?]
	at org.apache.hadoop.ozone.protocolPB.OzoneManagerRequestHandler.handleWriteRequest(OzoneManagerRequestHandler.java:373) ~[ozone-manager-1.4.0-SNAPSHOT.jar:?]
	at org.apache.hadoop.ozone.om.ratis.OzoneManagerStateMachine.runCommand(OzoneManagerStateMachine.java:568) ~[ozone-manager-1.4.0-SNAPSHOT.jar:?]
	at org.apache.hadoop.ozone.om.ratis.OzoneManagerStateMachine.lambda$1(OzoneManagerStateMachine.java:359) ~[ozone-manager-1.4.0-SNAPSHOT.jar:?]
	at java.util.concurrent.CompletableFuture$AsyncSupply.run(CompletableFuture.java:1604) [?:1.8.0_382]
	at java.util.concurrent.ThreadPoolExecutor.runWorker(ThreadPoolExecutor.java:1149) [?:1.8.0_382]
	at java.util.concurrent.ThreadPoolExecutor$Worker.run(ThreadPoolExecutor.java:624) [?:1.8.0_382]
	at java.lang.Thread.run(Thread.java:750) [?:1.8.0_382]
2023-09-07 04:51:59,289 [OM StateMachine ApplyTransaction Thread - 0] ERROR file.OMFileCreateRequest (OMFileCreateRequest.java:validateAndUpdateCache(336)) - File create failed. Volume:volume87246, Bucket:bucket72820, Keyd1/d2/d3.
NOT_A_FILE org.apache.hadoop.ozone.om.exceptions.OMException: Can not write to directory: d1/d2/d3
	at org.apache.hadoop.ozone.om.request.file.OMFileCreateRequest.checkDirectoryResult(OMFileCreateRequest.java:363)
	at org.apache.hadoop.ozone.om.request.file.OMFileCreateRequest.validateAndUpdateCache(OMFileCreateRequest.java:237)
	at org.apache.hadoop.ozone.protocolPB.OzoneManagerRequestHandler.handleWriteRequest(OzoneManagerRequestHandler.java:373)
	at org.apache.hadoop.ozone.om.ratis.OzoneManagerStateMachine.runCommand(OzoneManagerStateMachine.java:568)
	at org.apache.hadoop.ozone.om.ratis.OzoneManagerStateMachine.lambda$1(OzoneManagerStateMachine.java:359)
	at java.util.concurrent.CompletableFuture$AsyncSupply.run(CompletableFuture.java:1604)
	at java.util.concurrent.ThreadPoolExecutor.runWorker(ThreadPoolExecutor.java:1149)
	at java.util.concurrent.ThreadPoolExecutor$Worker.run(ThreadPoolExecutor.java:624)
	at java.lang.Thread.run(Thread.java:750)
04:51:59.296 [IPC Server handler 10 on default port 15110] ERROR OMAudit - user=runner | ip=127.0.0.1 | op=GET_FILE_STATUS {volume=volume87246, bucket=bucket72820, key=d1/d2/d3/d4/key3/invalid, dataSize=0, replicationConfig=null} | ret=FAILURE
org.apache.hadoop.ozone.om.exceptions.OMException: Unable to get file status: volume: volume87246 bucket: bucket72820 key: d1/d2/d3/d4/key3/invalid
	at org.apache.hadoop.ozone.om.KeyManagerImpl.getOzoneFileStatus(KeyManagerImpl.java:1195) ~[ozone-manager-1.4.0-SNAPSHOT.jar:?]
	at org.apache.hadoop.ozone.om.KeyManagerImpl.getFileStatus(KeyManagerImpl.java:1113) ~[ozone-manager-1.4.0-SNAPSHOT.jar:?]
	at org.apache.hadoop.ozone.om.OmMetadataReader.getFileStatus(OmMetadataReader.java:262) ~[ozone-manager-1.4.0-SNAPSHOT.jar:?]
	at org.apache.hadoop.ozone.om.OzoneManager.getFileStatus(OzoneManager.java:3530) ~[ozone-manager-1.4.0-SNAPSHOT.jar:?]
	at org.apache.hadoop.ozone.protocolPB.OzoneManagerRequestHandler.getOzoneFileStatus(OzoneManagerRequestHandler.java:971) ~[ozone-manager-1.4.0-SNAPSHOT.jar:?]
	at org.apache.hadoop.ozone.protocolPB.OzoneManagerRequestHandler.handleReadRequest(OzoneManagerRequestHandler.java:250) ~[ozone-manager-1.4.0-SNAPSHOT.jar:?]
	at org.apache.hadoop.ozone.protocolPB.OzoneManagerProtocolServerSideTranslatorPB.submitReadRequestToOM(OzoneManagerProtocolServerSideTranslatorPB.java:225) ~[ozone-manager-1.4.0-SNAPSHOT.jar:?]
	at org.apache.hadoop.ozone.protocolPB.OzoneManagerProtocolServerSideTranslatorPB.processRequest(OzoneManagerProtocolServerSideTranslatorPB.java:179) ~[ozone-manager-1.4.0-SNAPSHOT.jar:?]
	at org.apache.hadoop.hdds.server.OzoneProtocolMessageDispatcher.processRequest(OzoneProtocolMessageDispatcher.java:87) [hdds-server-framework-1.4.0-SNAPSHOT.jar:?]
	at org.apache.hadoop.ozone.protocolPB.OzoneManagerProtocolServerSideTranslatorPB.submitRequest(OzoneManagerProtocolServerSideTranslatorPB.java:148) [ozone-manager-1.4.0-SNAPSHOT.jar:?]
	at org.apache.hadoop.ozone.protocol.proto.OzoneManagerProtocolProtos$OzoneManagerService$2.callBlockingMethod(OzoneManagerProtocolProtos.java) [ozone-interface-client-1.4.0-SNAPSHOT.jar:?]
	at org.apache.hadoop.ipc.ProtobufRpcEngine$Server.processCall(ProtobufRpcEngine.java:484) [hadoop-common-3.3.6.jar:?]
	at org.apache.hadoop.ipc.ProtobufRpcEngine2$Server$ProtoBufRpcInvoker.call(ProtobufRpcEngine2.java:595) [hadoop-common-3.3.6.jar:?]
	at org.apache.hadoop.ipc.ProtobufRpcEngine2$Server$ProtoBufRpcInvoker.call(ProtobufRpcEngine2.java:573) [hadoop-common-3.3.6.jar:?]
	at org.apache.hadoop.ipc.RPC$Server.call(RPC.java:1227) [hadoop-common-3.3.6.jar:?]
	at org.apache.hadoop.ipc.Server$RpcCall.run(Server.java:1094) [hadoop-common-3.3.6.jar:?]
	at org.apache.hadoop.ipc.Server$RpcCall.run(Server.java:1017) [hadoop-common-3.3.6.jar:?]
	at java.security.AccessController.doPrivileged(Native Method) ~[?:1.8.0_382]
	at javax.security.auth.Subject.doAs(Subject.java:422) [?:1.8.0_382]
	at org.apache.hadoop.security.UserGroupInformation.doAs(UserGroupInformation.java:1899) [hadoop-common-3.3.6.jar:?]
	at org.apache.hadoop.ipc.Server$Handler.run(Server.java:3048) [hadoop-common-3.3.6.jar:?]
04:51:59.297 [IPC Server handler 11 on default port 15110] ERROR OMAudit - user=runner | ip=127.0.0.1 | op=GET_FILE_STATUS {volume=volume87246, bucket=bucket72820, key=d1/d2/d3/d4/invalidkey, dataSize=0, replicationConfig=null} | ret=FAILURE
org.apache.hadoop.ozone.om.exceptions.OMException: Unable to get file status: volume: volume87246 bucket: bucket72820 key: d1/d2/d3/d4/invalidkey
	at org.apache.hadoop.ozone.om.KeyManagerImpl.getOzoneFileStatus(KeyManagerImpl.java:1195) ~[ozone-manager-1.4.0-SNAPSHOT.jar:?]
	at org.apache.hadoop.ozone.om.KeyManagerImpl.getFileStatus(KeyManagerImpl.java:1113) ~[ozone-manager-1.4.0-SNAPSHOT.jar:?]
	at org.apache.hadoop.ozone.om.OmMetadataReader.getFileStatus(OmMetadataReader.java:262) ~[ozone-manager-1.4.0-SNAPSHOT.jar:?]
	at org.apache.hadoop.ozone.om.OzoneManager.getFileStatus(OzoneManager.java:3530) ~[ozone-manager-1.4.0-SNAPSHOT.jar:?]
	at org.apache.hadoop.ozone.protocolPB.OzoneManagerRequestHandler.getOzoneFileStatus(OzoneManagerRequestHandler.java:971) ~[ozone-manager-1.4.0-SNAPSHOT.jar:?]
	at org.apache.hadoop.ozone.protocolPB.OzoneManagerRequestHandler.handleReadRequest(OzoneManagerRequestHandler.java:250) ~[ozone-manager-1.4.0-SNAPSHOT.jar:?]
	at org.apache.hadoop.ozone.protocolPB.OzoneManagerProtocolServerSideTranslatorPB.submitReadRequestToOM(OzoneManagerProtocolServerSideTranslatorPB.java:225) ~[ozone-manager-1.4.0-SNAPSHOT.jar:?]
	at org.apache.hadoop.ozone.protocolPB.OzoneManagerProtocolServerSideTranslatorPB.processRequest(OzoneManagerProtocolServerSideTranslatorPB.java:179) ~[ozone-manager-1.4.0-SNAPSHOT.jar:?]
	at org.apache.hadoop.hdds.server.OzoneProtocolMessageDispatcher.processRequest(OzoneProtocolMessageDispatcher.java:87) [hdds-server-framework-1.4.0-SNAPSHOT.jar:?]
	at org.apache.hadoop.ozone.protocolPB.OzoneManagerProtocolServerSideTranslatorPB.submitRequest(OzoneManagerProtocolServerSideTranslatorPB.java:148) [ozone-manager-1.4.0-SNAPSHOT.jar:?]
	at org.apache.hadoop.ozone.protocol.proto.OzoneManagerProtocolProtos$OzoneManagerService$2.callBlockingMethod(OzoneManagerProtocolProtos.java) [ozone-interface-client-1.4.0-SNAPSHOT.jar:?]
	at org.apache.hadoop.ipc.ProtobufRpcEngine$Server.processCall(ProtobufRpcEngine.java:484) [hadoop-common-3.3.6.jar:?]
	at org.apache.hadoop.ipc.ProtobufRpcEngine2$Server$ProtoBufRpcInvoker.call(ProtobufRpcEngine2.java:595) [hadoop-common-3.3.6.jar:?]
	at org.apache.hadoop.ipc.ProtobufRpcEngine2$Server$ProtoBufRpcInvoker.call(ProtobufRpcEngine2.java:573) [hadoop-common-3.3.6.jar:?]
	at org.apache.hadoop.ipc.RPC$Server.call(RPC.java:1227) [hadoop-common-3.3.6.jar:?]
	at org.apache.hadoop.ipc.Server$RpcCall.run(Server.java:1094) [hadoop-common-3.3.6.jar:?]
	at org.apache.hadoop.ipc.Server$RpcCall.run(Server.java:1017) [hadoop-common-3.3.6.jar:?]
	at java.security.AccessController.doPrivileged(Native Method) ~[?:1.8.0_382]
	at javax.security.auth.Subject.doAs(Subject.java:422) [?:1.8.0_382]
	at org.apache.hadoop.security.UserGroupInformation.doAs(UserGroupInformation.java:1899) [hadoop-common-3.3.6.jar:?]
	at org.apache.hadoop.ipc.Server$Handler.run(Server.java:3048) [hadoop-common-3.3.6.jar:?]
]]></system-out>
  </testcase>
  <testcase name="testCreateFileShouldCheckExistenceOfDirWithSameName" classname="TestOzoneFileSystem" time="0.049">
    <system-out><![CDATA[04:53:36.642 [IPC Server handler 2 on default port 15163] ERROR OMAudit - user=runner | ip=127.0.0.1 | op=CREATE_FILE {volume=volume69932, bucket=bucket53154, key=d1/d2/d3/d4/key2, dataSize=4194304, replicationType=RATIS, replicationFactor=THREE} | ret=FAILURE
org.apache.hadoop.ozone.om.exceptions.OMException: Can not write to directory: d1/d2/d3/d4/key2
	at org.apache.hadoop.ozone.om.request.file.OMFileCreateRequest.checkDirectoryResult(OMFileCreateRequest.java:363) ~[ozone-manager-1.4.0-SNAPSHOT.jar:?]
	at org.apache.hadoop.ozone.om.request.file.OMFileCreateRequest.validateAndUpdateCache(OMFileCreateRequest.java:237) ~[ozone-manager-1.4.0-SNAPSHOT.jar:?]
	at org.apache.hadoop.ozone.protocolPB.OzoneManagerRequestHandler.handleWriteRequest(OzoneManagerRequestHandler.java:373) ~[ozone-manager-1.4.0-SNAPSHOT.jar:?]
	at org.apache.hadoop.ozone.protocolPB.OzoneManagerProtocolServerSideTranslatorPB.submitRequestDirectlyToOM(OzoneManagerProtocolServerSideTranslatorPB.java:280) ~[ozone-manager-1.4.0-SNAPSHOT.jar:?]
	at org.apache.hadoop.ozone.protocolPB.OzoneManagerProtocolServerSideTranslatorPB.processRequest(OzoneManagerProtocolServerSideTranslatorPB.java:175) ~[ozone-manager-1.4.0-SNAPSHOT.jar:?]
	at org.apache.hadoop.hdds.server.OzoneProtocolMessageDispatcher.processRequest(OzoneProtocolMessageDispatcher.java:87) [hdds-server-framework-1.4.0-SNAPSHOT.jar:?]
	at org.apache.hadoop.ozone.protocolPB.OzoneManagerProtocolServerSideTranslatorPB.submitRequest(OzoneManagerProtocolServerSideTranslatorPB.java:148) [ozone-manager-1.4.0-SNAPSHOT.jar:?]
	at org.apache.hadoop.ozone.protocol.proto.OzoneManagerProtocolProtos$OzoneManagerService$2.callBlockingMethod(OzoneManagerProtocolProtos.java) [ozone-interface-client-1.4.0-SNAPSHOT.jar:?]
	at org.apache.hadoop.ipc.ProtobufRpcEngine$Server.processCall(ProtobufRpcEngine.java:484) [hadoop-common-3.3.6.jar:?]
	at org.apache.hadoop.ipc.ProtobufRpcEngine2$Server$ProtoBufRpcInvoker.call(ProtobufRpcEngine2.java:595) [hadoop-common-3.3.6.jar:?]
	at org.apache.hadoop.ipc.ProtobufRpcEngine2$Server$ProtoBufRpcInvoker.call(ProtobufRpcEngine2.java:573) [hadoop-common-3.3.6.jar:?]
	at org.apache.hadoop.ipc.RPC$Server.call(RPC.java:1227) [hadoop-common-3.3.6.jar:?]
	at org.apache.hadoop.ipc.Server$RpcCall.run(Server.java:1094) [hadoop-common-3.3.6.jar:?]
	at org.apache.hadoop.ipc.Server$RpcCall.run(Server.java:1017) [hadoop-common-3.3.6.jar:?]
	at java.security.AccessController.doPrivileged(Native Method) ~[?:1.8.0_382]
	at javax.security.auth.Subject.doAs(Subject.java:422) [?:1.8.0_382]
	at org.apache.hadoop.security.UserGroupInformation.doAs(UserGroupInformation.java:1899) [hadoop-common-3.3.6.jar:?]
	at org.apache.hadoop.ipc.Server$Handler.run(Server.java:3048) [hadoop-common-3.3.6.jar:?]
2023-09-07 04:53:36,642 [IPC Server handler 2 on default port 15163] ERROR file.OMFileCreateRequest (OMFileCreateRequest.java:validateAndUpdateCache(336)) - File create failed. Volume:volume69932, Bucket:bucket53154, Keyd1/d2/d3/d4/key2.
NOT_A_FILE org.apache.hadoop.ozone.om.exceptions.OMException: Can not write to directory: d1/d2/d3/d4/key2
	at org.apache.hadoop.ozone.om.request.file.OMFileCreateRequest.checkDirectoryResult(OMFileCreateRequest.java:363)
	at org.apache.hadoop.ozone.om.request.file.OMFileCreateRequest.validateAndUpdateCache(OMFileCreateRequest.java:237)
	at org.apache.hadoop.ozone.protocolPB.OzoneManagerRequestHandler.handleWriteRequest(OzoneManagerRequestHandler.java:373)
	at org.apache.hadoop.ozone.protocolPB.OzoneManagerProtocolServerSideTranslatorPB.submitRequestDirectlyToOM(OzoneManagerProtocolServerSideTranslatorPB.java:280)
	at org.apache.hadoop.ozone.protocolPB.OzoneManagerProtocolServerSideTranslatorPB.processRequest(OzoneManagerProtocolServerSideTranslatorPB.java:175)
	at org.apache.hadoop.hdds.server.OzoneProtocolMessageDispatcher.processRequest(OzoneProtocolMessageDispatcher.java:87)
	at org.apache.hadoop.ozone.protocolPB.OzoneManagerProtocolServerSideTranslatorPB.submitRequest(OzoneManagerProtocolServerSideTranslatorPB.java:148)
	at org.apache.hadoop.ozone.protocol.proto.OzoneManagerProtocolProtos$OzoneManagerService$2.callBlockingMethod(OzoneManagerProtocolProtos.java)
	at org.apache.hadoop.ipc.ProtobufRpcEngine$Server.processCall(ProtobufRpcEngine.java:484)
	at org.apache.hadoop.ipc.ProtobufRpcEngine2$Server$ProtoBufRpcInvoker.call(ProtobufRpcEngine2.java:595)
	at org.apache.hadoop.ipc.ProtobufRpcEngine2$Server$ProtoBufRpcInvoker.call(ProtobufRpcEngine2.java:573)
	at org.apache.hadoop.ipc.RPC$Server.call(RPC.java:1227)
	at org.apache.hadoop.ipc.Server$RpcCall.run(Server.java:1094)
	at org.apache.hadoop.ipc.Server$RpcCall.run(Server.java:1017)
	at java.security.AccessController.doPrivileged(Native Method)
	at javax.security.auth.Subject.doAs(Subject.java:422)
	at org.apache.hadoop.security.UserGroupInformation.doAs(UserGroupInformation.java:1899)
	at org.apache.hadoop.ipc.Server$Handler.run(Server.java:3048)
04:53:36.651 [IPC Server handler 5 on default port 15163] ERROR OMAudit - user=runner | ip=127.0.0.1 | op=CREATE_DIRECTORY {volume=volume69932, bucket=bucket53154, key=d1/d2/d3/d4/key3, dataSize=0, replicationType=NONE, replicationFactor=ZERO} | ret=FAILURE
org.apache.hadoop.ozone.om.exceptions.OMException: Unable to create directory: d1/d2/d3/d4/key3 in volume/bucket: volume69932/bucket53154
	at org.apache.hadoop.ozone.om.request.file.OMDirectoryCreateRequest.validateAndUpdateCache(OMDirectoryCreateRequest.java:194) ~[ozone-manager-1.4.0-SNAPSHOT.jar:?]
	at org.apache.hadoop.ozone.protocolPB.OzoneManagerRequestHandler.handleWriteRequest(OzoneManagerRequestHandler.java:373) ~[ozone-manager-1.4.0-SNAPSHOT.jar:?]
	at org.apache.hadoop.ozone.protocolPB.OzoneManagerProtocolServerSideTranslatorPB.submitRequestDirectlyToOM(OzoneManagerProtocolServerSideTranslatorPB.java:280) ~[ozone-manager-1.4.0-SNAPSHOT.jar:?]
	at org.apache.hadoop.ozone.protocolPB.OzoneManagerProtocolServerSideTranslatorPB.processRequest(OzoneManagerProtocolServerSideTranslatorPB.java:175) ~[ozone-manager-1.4.0-SNAPSHOT.jar:?]
	at org.apache.hadoop.hdds.server.OzoneProtocolMessageDispatcher.processRequest(OzoneProtocolMessageDispatcher.java:87) [hdds-server-framework-1.4.0-SNAPSHOT.jar:?]
	at org.apache.hadoop.ozone.protocolPB.OzoneManagerProtocolServerSideTranslatorPB.submitRequest(OzoneManagerProtocolServerSideTranslatorPB.java:148) [ozone-manager-1.4.0-SNAPSHOT.jar:?]
	at org.apache.hadoop.ozone.protocol.proto.OzoneManagerProtocolProtos$OzoneManagerService$2.callBlockingMethod(OzoneManagerProtocolProtos.java) [ozone-interface-client-1.4.0-SNAPSHOT.jar:?]
	at org.apache.hadoop.ipc.ProtobufRpcEngine$Server.processCall(ProtobufRpcEngine.java:484) [hadoop-common-3.3.6.jar:?]
	at org.apache.hadoop.ipc.ProtobufRpcEngine2$Server$ProtoBufRpcInvoker.call(ProtobufRpcEngine2.java:595) [hadoop-common-3.3.6.jar:?]
	at org.apache.hadoop.ipc.ProtobufRpcEngine2$Server$ProtoBufRpcInvoker.call(ProtobufRpcEngine2.java:573) [hadoop-common-3.3.6.jar:?]
	at org.apache.hadoop.ipc.RPC$Server.call(RPC.java:1227) [hadoop-common-3.3.6.jar:?]
	at org.apache.hadoop.ipc.Server$RpcCall.run(Server.java:1094) [hadoop-common-3.3.6.jar:?]
	at org.apache.hadoop.ipc.Server$RpcCall.run(Server.java:1017) [hadoop-common-3.3.6.jar:?]
	at java.security.AccessController.doPrivileged(Native Method) ~[?:1.8.0_382]
	at javax.security.auth.Subject.doAs(Subject.java:422) [?:1.8.0_382]
	at org.apache.hadoop.security.UserGroupInformation.doAs(UserGroupInformation.java:1899) [hadoop-common-3.3.6.jar:?]
	at org.apache.hadoop.ipc.Server$Handler.run(Server.java:3048) [hadoop-common-3.3.6.jar:?]
2023-09-07 04:53:36,652 [IPC Server handler 5 on default port 15163] ERROR file.OMDirectoryCreateRequest (OMDirectoryCreateRequest.java:logResult(334)) - Directory creation failed. Volume:volume69932, Bucket:bucket53154, Keyd1/d2/d3/d4/key3. Exception:{}
FILE_ALREADY_EXISTS org.apache.hadoop.ozone.om.exceptions.OMException: Unable to create directory: d1/d2/d3/d4/key3 in volume/bucket: volume69932/bucket53154
	at org.apache.hadoop.ozone.om.request.file.OMDirectoryCreateRequest.validateAndUpdateCache(OMDirectoryCreateRequest.java:194)
	at org.apache.hadoop.ozone.protocolPB.OzoneManagerRequestHandler.handleWriteRequest(OzoneManagerRequestHandler.java:373)
	at org.apache.hadoop.ozone.protocolPB.OzoneManagerProtocolServerSideTranslatorPB.submitRequestDirectlyToOM(OzoneManagerProtocolServerSideTranslatorPB.java:280)
	at org.apache.hadoop.ozone.protocolPB.OzoneManagerProtocolServerSideTranslatorPB.processRequest(OzoneManagerProtocolServerSideTranslatorPB.java:175)
	at org.apache.hadoop.hdds.server.OzoneProtocolMessageDispatcher.processRequest(OzoneProtocolMessageDispatcher.java:87)
	at org.apache.hadoop.ozone.protocolPB.OzoneManagerProtocolServerSideTranslatorPB.submitRequest(OzoneManagerProtocolServerSideTranslatorPB.java:148)
	at org.apache.hadoop.ozone.protocol.proto.OzoneManagerProtocolProtos$OzoneManagerService$2.callBlockingMethod(OzoneManagerProtocolProtos.java)
	at org.apache.hadoop.ipc.ProtobufRpcEngine$Server.processCall(ProtobufRpcEngine.java:484)
	at org.apache.hadoop.ipc.ProtobufRpcEngine2$Server$ProtoBufRpcInvoker.call(ProtobufRpcEngine2.java:595)
	at org.apache.hadoop.ipc.ProtobufRpcEngine2$Server$ProtoBufRpcInvoker.call(ProtobufRpcEngine2.java:573)
	at org.apache.hadoop.ipc.RPC$Server.call(RPC.java:1227)
	at org.apache.hadoop.ipc.Server$RpcCall.run(Server.java:1094)
	at org.apache.hadoop.ipc.Server$RpcCall.run(Server.java:1017)
	at java.security.AccessController.doPrivileged(Native Method)
	at javax.security.auth.Subject.doAs(Subject.java:422)
	at org.apache.hadoop.security.UserGroupInformation.doAs(UserGroupInformation.java:1899)
	at org.apache.hadoop.ipc.Server$Handler.run(Server.java:3048)
04:53:36.655 [IPC Server handler 3 on default port 15163] ERROR OMAudit - user=runner | ip=127.0.0.1 | op=CREATE_FILE {volume=volume69932, bucket=bucket53154, key=d1/d2/d3, dataSize=4194304, replicationType=RATIS, replicationFactor=THREE} | ret=FAILURE
org.apache.hadoop.ozone.om.exceptions.OMException: Can not write to directory: d1/d2/d3
	at org.apache.hadoop.ozone.om.request.file.OMFileCreateRequest.checkDirectoryResult(OMFileCreateRequest.java:363) ~[ozone-manager-1.4.0-SNAPSHOT.jar:?]
	at org.apache.hadoop.ozone.om.request.file.OMFileCreateRequest.validateAndUpdateCache(OMFileCreateRequest.java:237) ~[ozone-manager-1.4.0-SNAPSHOT.jar:?]
	at org.apache.hadoop.ozone.protocolPB.OzoneManagerRequestHandler.handleWriteRequest(OzoneManagerRequestHandler.java:373) ~[ozone-manager-1.4.0-SNAPSHOT.jar:?]
	at org.apache.hadoop.ozone.protocolPB.OzoneManagerProtocolServerSideTranslatorPB.submitRequestDirectlyToOM(OzoneManagerProtocolServerSideTranslatorPB.java:280) ~[ozone-manager-1.4.0-SNAPSHOT.jar:?]
	at org.apache.hadoop.ozone.protocolPB.OzoneManagerProtocolServerSideTranslatorPB.processRequest(OzoneManagerProtocolServerSideTranslatorPB.java:175) ~[ozone-manager-1.4.0-SNAPSHOT.jar:?]
	at org.apache.hadoop.hdds.server.OzoneProtocolMessageDispatcher.processRequest(OzoneProtocolMessageDispatcher.java:87) [hdds-server-framework-1.4.0-SNAPSHOT.jar:?]
	at org.apache.hadoop.ozone.protocolPB.OzoneManagerProtocolServerSideTranslatorPB.submitRequest(OzoneManagerProtocolServerSideTranslatorPB.java:148) [ozone-manager-1.4.0-SNAPSHOT.jar:?]
	at org.apache.hadoop.ozone.protocol.proto.OzoneManagerProtocolProtos$OzoneManagerService$2.callBlockingMethod(OzoneManagerProtocolProtos.java) [ozone-interface-client-1.4.0-SNAPSHOT.jar:?]
	at org.apache.hadoop.ipc.ProtobufRpcEngine$Server.processCall(ProtobufRpcEngine.java:484) [hadoop-common-3.3.6.jar:?]
	at org.apache.hadoop.ipc.ProtobufRpcEngine2$Server$ProtoBufRpcInvoker.call(ProtobufRpcEngine2.java:595) [hadoop-common-3.3.6.jar:?]
	at org.apache.hadoop.ipc.ProtobufRpcEngine2$Server$ProtoBufRpcInvoker.call(ProtobufRpcEngine2.java:573) [hadoop-common-3.3.6.jar:?]
	at org.apache.hadoop.ipc.RPC$Server.call(RPC.java:1227) [hadoop-common-3.3.6.jar:?]
	at org.apache.hadoop.ipc.Server$RpcCall.run(Server.java:1094) [hadoop-common-3.3.6.jar:?]
	at org.apache.hadoop.ipc.Server$RpcCall.run(Server.java:1017) [hadoop-common-3.3.6.jar:?]
	at java.security.AccessController.doPrivileged(Native Method) ~[?:1.8.0_382]
	at javax.security.auth.Subject.doAs(Subject.java:422) [?:1.8.0_382]
	at org.apache.hadoop.security.UserGroupInformation.doAs(UserGroupInformation.java:1899) [hadoop-common-3.3.6.jar:?]
	at org.apache.hadoop.ipc.Server$Handler.run(Server.java:3048) [hadoop-common-3.3.6.jar:?]
2023-09-07 04:53:36,655 [IPC Server handler 3 on default port 15163] ERROR file.OMFileCreateRequest (OMFileCreateRequest.java:validateAndUpdateCache(336)) - File create failed. Volume:volume69932, Bucket:bucket53154, Keyd1/d2/d3.
NOT_A_FILE org.apache.hadoop.ozone.om.exceptions.OMException: Can not write to directory: d1/d2/d3
	at org.apache.hadoop.ozone.om.request.file.OMFileCreateRequest.checkDirectoryResult(OMFileCreateRequest.java:363)
	at org.apache.hadoop.ozone.om.request.file.OMFileCreateRequest.validateAndUpdateCache(OMFileCreateRequest.java:237)
	at org.apache.hadoop.ozone.protocolPB.OzoneManagerRequestHandler.handleWriteRequest(OzoneManagerRequestHandler.java:373)
	at org.apache.hadoop.ozone.protocolPB.OzoneManagerProtocolServerSideTranslatorPB.submitRequestDirectlyToOM(OzoneManagerProtocolServerSideTranslatorPB.java:280)
	at org.apache.hadoop.ozone.protocolPB.OzoneManagerProtocolServerSideTranslatorPB.processRequest(OzoneManagerProtocolServerSideTranslatorPB.java:175)
	at org.apache.hadoop.hdds.server.OzoneProtocolMessageDispatcher.processRequest(OzoneProtocolMessageDispatcher.java:87)
	at org.apache.hadoop.ozone.protocolPB.OzoneManagerProtocolServerSideTranslatorPB.submitRequest(OzoneManagerProtocolServerSideTranslatorPB.java:148)
	at org.apache.hadoop.ozone.protocol.proto.OzoneManagerProtocolProtos$OzoneManagerService$2.callBlockingMethod(OzoneManagerProtocolProtos.java)
	at org.apache.hadoop.ipc.ProtobufRpcEngine$Server.processCall(ProtobufRpcEngine.java:484)
	at org.apache.hadoop.ipc.ProtobufRpcEngine2$Server$ProtoBufRpcInvoker.call(ProtobufRpcEngine2.java:595)
	at org.apache.hadoop.ipc.ProtobufRpcEngine2$Server$ProtoBufRpcInvoker.call(ProtobufRpcEngine2.java:573)
	at org.apache.hadoop.ipc.RPC$Server.call(RPC.java:1227)
	at org.apache.hadoop.ipc.Server$RpcCall.run(Server.java:1094)
	at org.apache.hadoop.ipc.Server$RpcCall.run(Server.java:1017)
	at java.security.AccessController.doPrivileged(Native Method)
	at javax.security.auth.Subject.doAs(Subject.java:422)
	at org.apache.hadoop.security.UserGroupInformation.doAs(UserGroupInformation.java:1899)
	at org.apache.hadoop.ipc.Server$Handler.run(Server.java:3048)
04:53:36.657 [IPC Server handler 12 on default port 15163] ERROR OMAudit - user=runner | ip=127.0.0.1 | op=GET_FILE_STATUS {volume=volume69932, bucket=bucket53154, key=d1/d2/d3/d4/key3/invalid, dataSize=0, replicationConfig=null} | ret=FAILURE
org.apache.hadoop.ozone.om.exceptions.OMException: Unable to get file status: volume: volume69932 bucket: bucket53154 key: d1/d2/d3/d4/key3/invalid
	at org.apache.hadoop.ozone.om.KeyManagerImpl.getOzoneFileStatus(KeyManagerImpl.java:1195) ~[ozone-manager-1.4.0-SNAPSHOT.jar:?]
	at org.apache.hadoop.ozone.om.KeyManagerImpl.getFileStatus(KeyManagerImpl.java:1113) ~[ozone-manager-1.4.0-SNAPSHOT.jar:?]
	at org.apache.hadoop.ozone.om.OmMetadataReader.getFileStatus(OmMetadataReader.java:262) ~[ozone-manager-1.4.0-SNAPSHOT.jar:?]
	at org.apache.hadoop.ozone.om.OzoneManager.getFileStatus(OzoneManager.java:3530) ~[ozone-manager-1.4.0-SNAPSHOT.jar:?]
	at org.apache.hadoop.ozone.protocolPB.OzoneManagerRequestHandler.getOzoneFileStatus(OzoneManagerRequestHandler.java:971) ~[ozone-manager-1.4.0-SNAPSHOT.jar:?]
	at org.apache.hadoop.ozone.protocolPB.OzoneManagerRequestHandler.handleReadRequest(OzoneManagerRequestHandler.java:250) ~[ozone-manager-1.4.0-SNAPSHOT.jar:?]
	at org.apache.hadoop.ozone.protocolPB.OzoneManagerProtocolServerSideTranslatorPB.submitRequestDirectlyToOM(OzoneManagerProtocolServerSideTranslatorPB.java:274) ~[ozone-manager-1.4.0-SNAPSHOT.jar:?]
	at org.apache.hadoop.ozone.protocolPB.OzoneManagerProtocolServerSideTranslatorPB.processRequest(OzoneManagerProtocolServerSideTranslatorPB.java:175) ~[ozone-manager-1.4.0-SNAPSHOT.jar:?]
	at org.apache.hadoop.hdds.server.OzoneProtocolMessageDispatcher.processRequest(OzoneProtocolMessageDispatcher.java:87) [hdds-server-framework-1.4.0-SNAPSHOT.jar:?]
	at org.apache.hadoop.ozone.protocolPB.OzoneManagerProtocolServerSideTranslatorPB.submitRequest(OzoneManagerProtocolServerSideTranslatorPB.java:148) [ozone-manager-1.4.0-SNAPSHOT.jar:?]
	at org.apache.hadoop.ozone.protocol.proto.OzoneManagerProtocolProtos$OzoneManagerService$2.callBlockingMethod(OzoneManagerProtocolProtos.java) [ozone-interface-client-1.4.0-SNAPSHOT.jar:?]
	at org.apache.hadoop.ipc.ProtobufRpcEngine$Server.processCall(ProtobufRpcEngine.java:484) [hadoop-common-3.3.6.jar:?]
	at org.apache.hadoop.ipc.ProtobufRpcEngine2$Server$ProtoBufRpcInvoker.call(ProtobufRpcEngine2.java:595) [hadoop-common-3.3.6.jar:?]
	at org.apache.hadoop.ipc.ProtobufRpcEngine2$Server$ProtoBufRpcInvoker.call(ProtobufRpcEngine2.java:573) [hadoop-common-3.3.6.jar:?]
	at org.apache.hadoop.ipc.RPC$Server.call(RPC.java:1227) [hadoop-common-3.3.6.jar:?]
	at org.apache.hadoop.ipc.Server$RpcCall.run(Server.java:1094) [hadoop-common-3.3.6.jar:?]
	at org.apache.hadoop.ipc.Server$RpcCall.run(Server.java:1017) [hadoop-common-3.3.6.jar:?]
	at java.security.AccessController.doPrivileged(Native Method) ~[?:1.8.0_382]
	at javax.security.auth.Subject.doAs(Subject.java:422) [?:1.8.0_382]
	at org.apache.hadoop.security.UserGroupInformation.doAs(UserGroupInformation.java:1899) [hadoop-common-3.3.6.jar:?]
	at org.apache.hadoop.ipc.Server$Handler.run(Server.java:3048) [hadoop-common-3.3.6.jar:?]
04:53:36.659 [IPC Server handler 15 on default port 15163] ERROR OMAudit - user=runner | ip=127.0.0.1 | op=GET_FILE_STATUS {volume=volume69932, bucket=bucket53154, key=d1/d2/d3/d4/invalidkey, dataSize=0, replicationConfig=null} | ret=FAILURE
org.apache.hadoop.ozone.om.exceptions.OMException: Unable to get file status: volume: volume69932 bucket: bucket53154 key: d1/d2/d3/d4/invalidkey
	at org.apache.hadoop.ozone.om.KeyManagerImpl.getOzoneFileStatus(KeyManagerImpl.java:1195) ~[ozone-manager-1.4.0-SNAPSHOT.jar:?]
	at org.apache.hadoop.ozone.om.KeyManagerImpl.getFileStatus(KeyManagerImpl.java:1113) ~[ozone-manager-1.4.0-SNAPSHOT.jar:?]
	at org.apache.hadoop.ozone.om.OmMetadataReader.getFileStatus(OmMetadataReader.java:262) ~[ozone-manager-1.4.0-SNAPSHOT.jar:?]
	at org.apache.hadoop.ozone.om.OzoneManager.getFileStatus(OzoneManager.java:3530) ~[ozone-manager-1.4.0-SNAPSHOT.jar:?]
	at org.apache.hadoop.ozone.protocolPB.OzoneManagerRequestHandler.getOzoneFileStatus(OzoneManagerRequestHandler.java:971) ~[ozone-manager-1.4.0-SNAPSHOT.jar:?]
	at org.apache.hadoop.ozone.protocolPB.OzoneManagerRequestHandler.handleReadRequest(OzoneManagerRequestHandler.java:250) ~[ozone-manager-1.4.0-SNAPSHOT.jar:?]
	at org.apache.hadoop.ozone.protocolPB.OzoneManagerProtocolServerSideTranslatorPB.submitRequestDirectlyToOM(OzoneManagerProtocolServerSideTranslatorPB.java:274) ~[ozone-manager-1.4.0-SNAPSHOT.jar:?]
	at org.apache.hadoop.ozone.protocolPB.OzoneManagerProtocolServerSideTranslatorPB.processRequest(OzoneManagerProtocolServerSideTranslatorPB.java:175) ~[ozone-manager-1.4.0-SNAPSHOT.jar:?]
	at org.apache.hadoop.hdds.server.OzoneProtocolMessageDispatcher.processRequest(OzoneProtocolMessageDispatcher.java:87) [hdds-server-framework-1.4.0-SNAPSHOT.jar:?]
	at org.apache.hadoop.ozone.protocolPB.OzoneManagerProtocolServerSideTranslatorPB.submitRequest(OzoneManagerProtocolServerSideTranslatorPB.java:148) [ozone-manager-1.4.0-SNAPSHOT.jar:?]
	at org.apache.hadoop.ozone.protocol.proto.OzoneManagerProtocolProtos$OzoneManagerService$2.callBlockingMethod(OzoneManagerProtocolProtos.java) [ozone-interface-client-1.4.0-SNAPSHOT.jar:?]
	at org.apache.hadoop.ipc.ProtobufRpcEngine$Server.processCall(ProtobufRpcEngine.java:484) [hadoop-common-3.3.6.jar:?]
	at org.apache.hadoop.ipc.ProtobufRpcEngine2$Server$ProtoBufRpcInvoker.call(ProtobufRpcEngine2.java:595) [hadoop-common-3.3.6.jar:?]
	at org.apache.hadoop.ipc.ProtobufRpcEngine2$Server$ProtoBufRpcInvoker.call(ProtobufRpcEngine2.java:573) [hadoop-common-3.3.6.jar:?]
	at org.apache.hadoop.ipc.RPC$Server.call(RPC.java:1227) [hadoop-common-3.3.6.jar:?]
	at org.apache.hadoop.ipc.Server$RpcCall.run(Server.java:1094) [hadoop-common-3.3.6.jar:?]
	at org.apache.hadoop.ipc.Server$RpcCall.run(Server.java:1017) [hadoop-common-3.3.6.jar:?]
	at java.security.AccessController.doPrivileged(Native Method) ~[?:1.8.0_382]
	at javax.security.auth.Subject.doAs(Subject.java:422) [?:1.8.0_382]
	at org.apache.hadoop.security.UserGroupInformation.doAs(UserGroupInformation.java:1899) [hadoop-common-3.3.6.jar:?]
	at org.apache.hadoop.ipc.Server$Handler.run(Server.java:3048) [hadoop-common-3.3.6.jar:?]
]]></system-out>
  </testcase>
  <testcase name="testRenameContainDelimiterFile" classname="TestOzoneFileSystem" time="0.059">
    <system-out><![CDATA[04:48:39.192 [IPC Server handler 9 on default port 15004] ERROR OMAudit - user=runner | ip=127.0.0.1 | op=GET_FILE_STATUS {volume=volume25901, bucket=bucket39570, key=dir1/dir2/key2, dataSize=0, replicationConfig=null} | ret=FAILURE
org.apache.hadoop.ozone.om.exceptions.OMException: Unable to get file status: volume: volume25901 bucket: bucket39570 key: dir1/dir2/key2
	at org.apache.hadoop.ozone.om.KeyManagerImpl.getOzoneFileStatus(KeyManagerImpl.java:1195) ~[ozone-manager-1.4.0-SNAPSHOT.jar:?]
	at org.apache.hadoop.ozone.om.KeyManagerImpl.getFileStatus(KeyManagerImpl.java:1113) ~[ozone-manager-1.4.0-SNAPSHOT.jar:?]
	at org.apache.hadoop.ozone.om.OmMetadataReader.getFileStatus(OmMetadataReader.java:262) ~[ozone-manager-1.4.0-SNAPSHOT.jar:?]
	at org.apache.hadoop.ozone.om.OzoneManager.getFileStatus(OzoneManager.java:3530) ~[ozone-manager-1.4.0-SNAPSHOT.jar:?]
	at org.apache.hadoop.ozone.protocolPB.OzoneManagerRequestHandler.getOzoneFileStatus(OzoneManagerRequestHandler.java:971) ~[ozone-manager-1.4.0-SNAPSHOT.jar:?]
	at org.apache.hadoop.ozone.protocolPB.OzoneManagerRequestHandler.handleReadRequest(OzoneManagerRequestHandler.java:250) ~[ozone-manager-1.4.0-SNAPSHOT.jar:?]
	at org.apache.hadoop.ozone.protocolPB.OzoneManagerProtocolServerSideTranslatorPB.submitReadRequestToOM(OzoneManagerProtocolServerSideTranslatorPB.java:225) ~[ozone-manager-1.4.0-SNAPSHOT.jar:?]
	at org.apache.hadoop.ozone.protocolPB.OzoneManagerProtocolServerSideTranslatorPB.processRequest(OzoneManagerProtocolServerSideTranslatorPB.java:179) ~[ozone-manager-1.4.0-SNAPSHOT.jar:?]
	at org.apache.hadoop.hdds.server.OzoneProtocolMessageDispatcher.processRequest(OzoneProtocolMessageDispatcher.java:87) [hdds-server-framework-1.4.0-SNAPSHOT.jar:?]
	at org.apache.hadoop.ozone.protocolPB.OzoneManagerProtocolServerSideTranslatorPB.submitRequest(OzoneManagerProtocolServerSideTranslatorPB.java:148) [ozone-manager-1.4.0-SNAPSHOT.jar:?]
	at org.apache.hadoop.ozone.protocol.proto.OzoneManagerProtocolProtos$OzoneManagerService$2.callBlockingMethod(OzoneManagerProtocolProtos.java) [ozone-interface-client-1.4.0-SNAPSHOT.jar:?]
	at org.apache.hadoop.ipc.ProtobufRpcEngine$Server.processCall(ProtobufRpcEngine.java:484) [hadoop-common-3.3.6.jar:?]
	at org.apache.hadoop.ipc.ProtobufRpcEngine2$Server$ProtoBufRpcInvoker.call(ProtobufRpcEngine2.java:595) [hadoop-common-3.3.6.jar:?]
	at org.apache.hadoop.ipc.ProtobufRpcEngine2$Server$ProtoBufRpcInvoker.call(ProtobufRpcEngine2.java:573) [hadoop-common-3.3.6.jar:?]
	at org.apache.hadoop.ipc.RPC$Server.call(RPC.java:1227) [hadoop-common-3.3.6.jar:?]
	at org.apache.hadoop.ipc.Server$RpcCall.run(Server.java:1094) [hadoop-common-3.3.6.jar:?]
	at org.apache.hadoop.ipc.Server$RpcCall.run(Server.java:1017) [hadoop-common-3.3.6.jar:?]
	at java.security.AccessController.doPrivileged(Native Method) ~[?:1.8.0_382]
	at javax.security.auth.Subject.doAs(Subject.java:422) [?:1.8.0_382]
	at org.apache.hadoop.security.UserGroupInformation.doAs(UserGroupInformation.java:1899) [hadoop-common-3.3.6.jar:?]
	at org.apache.hadoop.ipc.Server$Handler.run(Server.java:3048) [hadoop-common-3.3.6.jar:?]
04:48:39.205 [IPC Server handler 1 on default port 15004] ERROR OMAudit - user=runner | ip=127.0.0.1 | op=GET_FILE_STATUS {volume=volume25901, bucket=bucket39570, key=dir1/dir2/key1, dataSize=0, replicationConfig=null} | ret=FAILURE
org.apache.hadoop.ozone.om.exceptions.OMException: Unable to get file status: volume: volume25901 bucket: bucket39570 key: dir1/dir2/key1
	at org.apache.hadoop.ozone.om.KeyManagerImpl.getOzoneFileStatus(KeyManagerImpl.java:1195) ~[ozone-manager-1.4.0-SNAPSHOT.jar:?]
	at org.apache.hadoop.ozone.om.KeyManagerImpl.getFileStatus(KeyManagerImpl.java:1113) ~[ozone-manager-1.4.0-SNAPSHOT.jar:?]
	at org.apache.hadoop.ozone.om.OmMetadataReader.getFileStatus(OmMetadataReader.java:262) ~[ozone-manager-1.4.0-SNAPSHOT.jar:?]
	at org.apache.hadoop.ozone.om.OzoneManager.getFileStatus(OzoneManager.java:3530) ~[ozone-manager-1.4.0-SNAPSHOT.jar:?]
	at org.apache.hadoop.ozone.protocolPB.OzoneManagerRequestHandler.getOzoneFileStatus(OzoneManagerRequestHandler.java:971) ~[ozone-manager-1.4.0-SNAPSHOT.jar:?]
	at org.apache.hadoop.ozone.protocolPB.OzoneManagerRequestHandler.handleReadRequest(OzoneManagerRequestHandler.java:250) ~[ozone-manager-1.4.0-SNAPSHOT.jar:?]
	at org.apache.hadoop.ozone.protocolPB.OzoneManagerProtocolServerSideTranslatorPB.submitReadRequestToOM(OzoneManagerProtocolServerSideTranslatorPB.java:225) ~[ozone-manager-1.4.0-SNAPSHOT.jar:?]
	at org.apache.hadoop.ozone.protocolPB.OzoneManagerProtocolServerSideTranslatorPB.processRequest(OzoneManagerProtocolServerSideTranslatorPB.java:179) ~[ozone-manager-1.4.0-SNAPSHOT.jar:?]
	at org.apache.hadoop.hdds.server.OzoneProtocolMessageDispatcher.processRequest(OzoneProtocolMessageDispatcher.java:87) [hdds-server-framework-1.4.0-SNAPSHOT.jar:?]
	at org.apache.hadoop.ozone.protocolPB.OzoneManagerProtocolServerSideTranslatorPB.submitRequest(OzoneManagerProtocolServerSideTranslatorPB.java:148) [ozone-manager-1.4.0-SNAPSHOT.jar:?]
	at org.apache.hadoop.ozone.protocol.proto.OzoneManagerProtocolProtos$OzoneManagerService$2.callBlockingMethod(OzoneManagerProtocolProtos.java) [ozone-interface-client-1.4.0-SNAPSHOT.jar:?]
	at org.apache.hadoop.ipc.ProtobufRpcEngine$Server.processCall(ProtobufRpcEngine.java:484) [hadoop-common-3.3.6.jar:?]
	at org.apache.hadoop.ipc.ProtobufRpcEngine2$Server$ProtoBufRpcInvoker.call(ProtobufRpcEngine2.java:595) [hadoop-common-3.3.6.jar:?]
	at org.apache.hadoop.ipc.ProtobufRpcEngine2$Server$ProtoBufRpcInvoker.call(ProtobufRpcEngine2.java:573) [hadoop-common-3.3.6.jar:?]
	at org.apache.hadoop.ipc.RPC$Server.call(RPC.java:1227) [hadoop-common-3.3.6.jar:?]
	at org.apache.hadoop.ipc.Server$RpcCall.run(Server.java:1094) [hadoop-common-3.3.6.jar:?]
	at org.apache.hadoop.ipc.Server$RpcCall.run(Server.java:1017) [hadoop-common-3.3.6.jar:?]
	at java.security.AccessController.doPrivileged(Native Method) ~[?:1.8.0_382]
	at javax.security.auth.Subject.doAs(Subject.java:422) [?:1.8.0_382]
	at org.apache.hadoop.security.UserGroupInformation.doAs(UserGroupInformation.java:1899) [hadoop-common-3.3.6.jar:?]
	at org.apache.hadoop.ipc.Server$Handler.run(Server.java:3048) [hadoop-common-3.3.6.jar:?]
04:48:39.208 [IPC Server handler 8 on default port 15004] ERROR OMAudit - user=runner | ip=127.0.0.1 | op=GET_FILE_STATUS {volume=volume25901, bucket=bucket39570, key=user/runner/dir1, dataSize=0, replicationConfig=null} | ret=FAILURE
org.apache.hadoop.ozone.om.exceptions.OMException: Unable to get file status: volume: volume25901 bucket: bucket39570 key: user/runner/dir1
	at org.apache.hadoop.ozone.om.KeyManagerImpl.getOzoneFileStatus(KeyManagerImpl.java:1195) ~[ozone-manager-1.4.0-SNAPSHOT.jar:?]
	at org.apache.hadoop.ozone.om.KeyManagerImpl.getFileStatus(KeyManagerImpl.java:1113) ~[ozone-manager-1.4.0-SNAPSHOT.jar:?]
	at org.apache.hadoop.ozone.om.OmMetadataReader.getFileStatus(OmMetadataReader.java:262) ~[ozone-manager-1.4.0-SNAPSHOT.jar:?]
	at org.apache.hadoop.ozone.om.OzoneManager.getFileStatus(OzoneManager.java:3530) ~[ozone-manager-1.4.0-SNAPSHOT.jar:?]
	at org.apache.hadoop.ozone.protocolPB.OzoneManagerRequestHandler.getOzoneFileStatus(OzoneManagerRequestHandler.java:971) ~[ozone-manager-1.4.0-SNAPSHOT.jar:?]
	at org.apache.hadoop.ozone.protocolPB.OzoneManagerRequestHandler.handleReadRequest(OzoneManagerRequestHandler.java:250) ~[ozone-manager-1.4.0-SNAPSHOT.jar:?]
	at org.apache.hadoop.ozone.protocolPB.OzoneManagerProtocolServerSideTranslatorPB.submitReadRequestToOM(OzoneManagerProtocolServerSideTranslatorPB.java:225) ~[ozone-manager-1.4.0-SNAPSHOT.jar:?]
	at org.apache.hadoop.ozone.protocolPB.OzoneManagerProtocolServerSideTranslatorPB.processRequest(OzoneManagerProtocolServerSideTranslatorPB.java:179) ~[ozone-manager-1.4.0-SNAPSHOT.jar:?]
	at org.apache.hadoop.hdds.server.OzoneProtocolMessageDispatcher.processRequest(OzoneProtocolMessageDispatcher.java:87) [hdds-server-framework-1.4.0-SNAPSHOT.jar:?]
	at org.apache.hadoop.ozone.protocolPB.OzoneManagerProtocolServerSideTranslatorPB.submitRequest(OzoneManagerProtocolServerSideTranslatorPB.java:148) [ozone-manager-1.4.0-SNAPSHOT.jar:?]
	at org.apache.hadoop.ozone.protocol.proto.OzoneManagerProtocolProtos$OzoneManagerService$2.callBlockingMethod(OzoneManagerProtocolProtos.java) [ozone-interface-client-1.4.0-SNAPSHOT.jar:?]
	at org.apache.hadoop.ipc.ProtobufRpcEngine$Server.processCall(ProtobufRpcEngine.java:484) [hadoop-common-3.3.6.jar:?]
	at org.apache.hadoop.ipc.ProtobufRpcEngine2$Server$ProtoBufRpcInvoker.call(ProtobufRpcEngine2.java:595) [hadoop-common-3.3.6.jar:?]
	at org.apache.hadoop.ipc.ProtobufRpcEngine2$Server$ProtoBufRpcInvoker.call(ProtobufRpcEngine2.java:573) [hadoop-common-3.3.6.jar:?]
	at org.apache.hadoop.ipc.RPC$Server.call(RPC.java:1227) [hadoop-common-3.3.6.jar:?]
	at org.apache.hadoop.ipc.Server$RpcCall.run(Server.java:1094) [hadoop-common-3.3.6.jar:?]
	at org.apache.hadoop.ipc.Server$RpcCall.run(Server.java:1017) [hadoop-common-3.3.6.jar:?]
	at java.security.AccessController.doPrivileged(Native Method) ~[?:1.8.0_382]
	at javax.security.auth.Subject.doAs(Subject.java:422) [?:1.8.0_382]
	at org.apache.hadoop.security.UserGroupInformation.doAs(UserGroupInformation.java:1899) [hadoop-common-3.3.6.jar:?]
	at org.apache.hadoop.ipc.Server$Handler.run(Server.java:3048) [hadoop-common-3.3.6.jar:?]
04:48:39.210 [IPC Server handler 4 on default port 15004] ERROR OMAudit - user=runner | ip=127.0.0.1 | op=GET_FILE_STATUS {volume=volume25901, bucket=bucket39570, key=user/runner/dir1/dir2, dataSize=0, replicationConfig=null} | ret=FAILURE
org.apache.hadoop.ozone.om.exceptions.OMException: Unable to get file status: volume: volume25901 bucket: bucket39570 key: user/runner/dir1/dir2
	at org.apache.hadoop.ozone.om.KeyManagerImpl.getOzoneFileStatus(KeyManagerImpl.java:1195) ~[ozone-manager-1.4.0-SNAPSHOT.jar:?]
	at org.apache.hadoop.ozone.om.KeyManagerImpl.getFileStatus(KeyManagerImpl.java:1113) ~[ozone-manager-1.4.0-SNAPSHOT.jar:?]
	at org.apache.hadoop.ozone.om.OmMetadataReader.getFileStatus(OmMetadataReader.java:262) ~[ozone-manager-1.4.0-SNAPSHOT.jar:?]
	at org.apache.hadoop.ozone.om.OzoneManager.getFileStatus(OzoneManager.java:3530) ~[ozone-manager-1.4.0-SNAPSHOT.jar:?]
	at org.apache.hadoop.ozone.protocolPB.OzoneManagerRequestHandler.getOzoneFileStatus(OzoneManagerRequestHandler.java:971) ~[ozone-manager-1.4.0-SNAPSHOT.jar:?]
	at org.apache.hadoop.ozone.protocolPB.OzoneManagerRequestHandler.handleReadRequest(OzoneManagerRequestHandler.java:250) ~[ozone-manager-1.4.0-SNAPSHOT.jar:?]
	at org.apache.hadoop.ozone.protocolPB.OzoneManagerProtocolServerSideTranslatorPB.submitReadRequestToOM(OzoneManagerProtocolServerSideTranslatorPB.java:225) ~[ozone-manager-1.4.0-SNAPSHOT.jar:?]
	at org.apache.hadoop.ozone.protocolPB.OzoneManagerProtocolServerSideTranslatorPB.processRequest(OzoneManagerProtocolServerSideTranslatorPB.java:179) ~[ozone-manager-1.4.0-SNAPSHOT.jar:?]
	at org.apache.hadoop.hdds.server.OzoneProtocolMessageDispatcher.processRequest(OzoneProtocolMessageDispatcher.java:87) [hdds-server-framework-1.4.0-SNAPSHOT.jar:?]
	at org.apache.hadoop.ozone.protocolPB.OzoneManagerProtocolServerSideTranslatorPB.submitRequest(OzoneManagerProtocolServerSideTranslatorPB.java:148) [ozone-manager-1.4.0-SNAPSHOT.jar:?]
	at org.apache.hadoop.ozone.protocol.proto.OzoneManagerProtocolProtos$OzoneManagerService$2.callBlockingMethod(OzoneManagerProtocolProtos.java) [ozone-interface-client-1.4.0-SNAPSHOT.jar:?]
	at org.apache.hadoop.ipc.ProtobufRpcEngine$Server.processCall(ProtobufRpcEngine.java:484) [hadoop-common-3.3.6.jar:?]
	at org.apache.hadoop.ipc.ProtobufRpcEngine2$Server$ProtoBufRpcInvoker.call(ProtobufRpcEngine2.java:595) [hadoop-common-3.3.6.jar:?]
	at org.apache.hadoop.ipc.ProtobufRpcEngine2$Server$ProtoBufRpcInvoker.call(ProtobufRpcEngine2.java:573) [hadoop-common-3.3.6.jar:?]
	at org.apache.hadoop.ipc.RPC$Server.call(RPC.java:1227) [hadoop-common-3.3.6.jar:?]
	at org.apache.hadoop.ipc.Server$RpcCall.run(Server.java:1094) [hadoop-common-3.3.6.jar:?]
	at org.apache.hadoop.ipc.Server$RpcCall.run(Server.java:1017) [hadoop-common-3.3.6.jar:?]
	at java.security.AccessController.doPrivileged(Native Method) ~[?:1.8.0_382]
	at javax.security.auth.Subject.doAs(Subject.java:422) [?:1.8.0_382]
	at org.apache.hadoop.security.UserGroupInformation.doAs(UserGroupInformation.java:1899) [hadoop-common-3.3.6.jar:?]
	at org.apache.hadoop.ipc.Server$Handler.run(Server.java:3048) [hadoop-common-3.3.6.jar:?]
]]></system-out>
  </testcase>
  <testcase name="testRenameContainDelimiterFile" classname="TestOzoneFileSystem" time="0.04">
    <system-out><![CDATA[04:50:32.249 [IPC Server handler 14 on default port 15057] ERROR OMAudit - user=runner | ip=127.0.0.1 | op=GET_FILE_STATUS {volume=volume43692, bucket=bucket46966, key=dir1/dir2/key2, dataSize=0, replicationConfig=null} | ret=FAILURE
org.apache.hadoop.ozone.om.exceptions.OMException: Unable to get file status: volume: volume43692 bucket: bucket46966 key: dir1/dir2/key2
	at org.apache.hadoop.ozone.om.KeyManagerImpl.getOzoneFileStatus(KeyManagerImpl.java:1195) ~[ozone-manager-1.4.0-SNAPSHOT.jar:?]
	at org.apache.hadoop.ozone.om.KeyManagerImpl.getFileStatus(KeyManagerImpl.java:1113) ~[ozone-manager-1.4.0-SNAPSHOT.jar:?]
	at org.apache.hadoop.ozone.om.OmMetadataReader.getFileStatus(OmMetadataReader.java:262) ~[ozone-manager-1.4.0-SNAPSHOT.jar:?]
	at org.apache.hadoop.ozone.om.OzoneManager.getFileStatus(OzoneManager.java:3530) ~[ozone-manager-1.4.0-SNAPSHOT.jar:?]
	at org.apache.hadoop.ozone.protocolPB.OzoneManagerRequestHandler.getOzoneFileStatus(OzoneManagerRequestHandler.java:971) ~[ozone-manager-1.4.0-SNAPSHOT.jar:?]
	at org.apache.hadoop.ozone.protocolPB.OzoneManagerRequestHandler.handleReadRequest(OzoneManagerRequestHandler.java:250) ~[ozone-manager-1.4.0-SNAPSHOT.jar:?]
	at org.apache.hadoop.ozone.protocolPB.OzoneManagerProtocolServerSideTranslatorPB.submitRequestDirectlyToOM(OzoneManagerProtocolServerSideTranslatorPB.java:274) ~[ozone-manager-1.4.0-SNAPSHOT.jar:?]
	at org.apache.hadoop.ozone.protocolPB.OzoneManagerProtocolServerSideTranslatorPB.processRequest(OzoneManagerProtocolServerSideTranslatorPB.java:175) ~[ozone-manager-1.4.0-SNAPSHOT.jar:?]
	at org.apache.hadoop.hdds.server.OzoneProtocolMessageDispatcher.processRequest(OzoneProtocolMessageDispatcher.java:87) [hdds-server-framework-1.4.0-SNAPSHOT.jar:?]
	at org.apache.hadoop.ozone.protocolPB.OzoneManagerProtocolServerSideTranslatorPB.submitRequest(OzoneManagerProtocolServerSideTranslatorPB.java:148) [ozone-manager-1.4.0-SNAPSHOT.jar:?]
	at org.apache.hadoop.ozone.protocol.proto.OzoneManagerProtocolProtos$OzoneManagerService$2.callBlockingMethod(OzoneManagerProtocolProtos.java) [ozone-interface-client-1.4.0-SNAPSHOT.jar:?]
	at org.apache.hadoop.ipc.ProtobufRpcEngine$Server.processCall(ProtobufRpcEngine.java:484) [hadoop-common-3.3.6.jar:?]
	at org.apache.hadoop.ipc.ProtobufRpcEngine2$Server$ProtoBufRpcInvoker.call(ProtobufRpcEngine2.java:595) [hadoop-common-3.3.6.jar:?]
	at org.apache.hadoop.ipc.ProtobufRpcEngine2$Server$ProtoBufRpcInvoker.call(ProtobufRpcEngine2.java:573) [hadoop-common-3.3.6.jar:?]
	at org.apache.hadoop.ipc.RPC$Server.call(RPC.java:1227) [hadoop-common-3.3.6.jar:?]
	at org.apache.hadoop.ipc.Server$RpcCall.run(Server.java:1094) [hadoop-common-3.3.6.jar:?]
	at org.apache.hadoop.ipc.Server$RpcCall.run(Server.java:1017) [hadoop-common-3.3.6.jar:?]
	at java.security.AccessController.doPrivileged(Native Method) ~[?:1.8.0_382]
	at javax.security.auth.Subject.doAs(Subject.java:422) [?:1.8.0_382]
	at org.apache.hadoop.security.UserGroupInformation.doAs(UserGroupInformation.java:1899) [hadoop-common-3.3.6.jar:?]
	at org.apache.hadoop.ipc.Server$Handler.run(Server.java:3048) [hadoop-common-3.3.6.jar:?]
04:50:32.257 [IPC Server handler 6 on default port 15057] ERROR OMAudit - user=runner | ip=127.0.0.1 | op=GET_FILE_STATUS {volume=volume43692, bucket=bucket46966, key=dir1/dir2/key1, dataSize=0, replicationConfig=null} | ret=FAILURE
org.apache.hadoop.ozone.om.exceptions.OMException: Unable to get file status: volume: volume43692 bucket: bucket46966 key: dir1/dir2/key1
	at org.apache.hadoop.ozone.om.KeyManagerImpl.getOzoneFileStatus(KeyManagerImpl.java:1195) ~[ozone-manager-1.4.0-SNAPSHOT.jar:?]
	at org.apache.hadoop.ozone.om.KeyManagerImpl.getFileStatus(KeyManagerImpl.java:1113) ~[ozone-manager-1.4.0-SNAPSHOT.jar:?]
	at org.apache.hadoop.ozone.om.OmMetadataReader.getFileStatus(OmMetadataReader.java:262) ~[ozone-manager-1.4.0-SNAPSHOT.jar:?]
	at org.apache.hadoop.ozone.om.OzoneManager.getFileStatus(OzoneManager.java:3530) ~[ozone-manager-1.4.0-SNAPSHOT.jar:?]
	at org.apache.hadoop.ozone.protocolPB.OzoneManagerRequestHandler.getOzoneFileStatus(OzoneManagerRequestHandler.java:971) ~[ozone-manager-1.4.0-SNAPSHOT.jar:?]
	at org.apache.hadoop.ozone.protocolPB.OzoneManagerRequestHandler.handleReadRequest(OzoneManagerRequestHandler.java:250) ~[ozone-manager-1.4.0-SNAPSHOT.jar:?]
	at org.apache.hadoop.ozone.protocolPB.OzoneManagerProtocolServerSideTranslatorPB.submitRequestDirectlyToOM(OzoneManagerProtocolServerSideTranslatorPB.java:274) ~[ozone-manager-1.4.0-SNAPSHOT.jar:?]
	at org.apache.hadoop.ozone.protocolPB.OzoneManagerProtocolServerSideTranslatorPB.processRequest(OzoneManagerProtocolServerSideTranslatorPB.java:175) ~[ozone-manager-1.4.0-SNAPSHOT.jar:?]
	at org.apache.hadoop.hdds.server.OzoneProtocolMessageDispatcher.processRequest(OzoneProtocolMessageDispatcher.java:87) [hdds-server-framework-1.4.0-SNAPSHOT.jar:?]
	at org.apache.hadoop.ozone.protocolPB.OzoneManagerProtocolServerSideTranslatorPB.submitRequest(OzoneManagerProtocolServerSideTranslatorPB.java:148) [ozone-manager-1.4.0-SNAPSHOT.jar:?]
	at org.apache.hadoop.ozone.protocol.proto.OzoneManagerProtocolProtos$OzoneManagerService$2.callBlockingMethod(OzoneManagerProtocolProtos.java) [ozone-interface-client-1.4.0-SNAPSHOT.jar:?]
	at org.apache.hadoop.ipc.ProtobufRpcEngine$Server.processCall(ProtobufRpcEngine.java:484) [hadoop-common-3.3.6.jar:?]
	at org.apache.hadoop.ipc.ProtobufRpcEngine2$Server$ProtoBufRpcInvoker.call(ProtobufRpcEngine2.java:595) [hadoop-common-3.3.6.jar:?]
	at org.apache.hadoop.ipc.ProtobufRpcEngine2$Server$ProtoBufRpcInvoker.call(ProtobufRpcEngine2.java:573) [hadoop-common-3.3.6.jar:?]
	at org.apache.hadoop.ipc.RPC$Server.call(RPC.java:1227) [hadoop-common-3.3.6.jar:?]
	at org.apache.hadoop.ipc.Server$RpcCall.run(Server.java:1094) [hadoop-common-3.3.6.jar:?]
	at org.apache.hadoop.ipc.Server$RpcCall.run(Server.java:1017) [hadoop-common-3.3.6.jar:?]
	at java.security.AccessController.doPrivileged(Native Method) ~[?:1.8.0_382]
	at javax.security.auth.Subject.doAs(Subject.java:422) [?:1.8.0_382]
	at org.apache.hadoop.security.UserGroupInformation.doAs(UserGroupInformation.java:1899) [hadoop-common-3.3.6.jar:?]
	at org.apache.hadoop.ipc.Server$Handler.run(Server.java:3048) [hadoop-common-3.3.6.jar:?]
04:50:32.259 [IPC Server handler 2 on default port 15057] ERROR OMAudit - user=runner | ip=127.0.0.1 | op=GET_FILE_STATUS {volume=volume43692, bucket=bucket46966, key=user/runner/dir1, dataSize=0, replicationConfig=null} | ret=FAILURE
org.apache.hadoop.ozone.om.exceptions.OMException: Unable to get file status: volume: volume43692 bucket: bucket46966 key: user/runner/dir1
	at org.apache.hadoop.ozone.om.KeyManagerImpl.getOzoneFileStatus(KeyManagerImpl.java:1195) ~[ozone-manager-1.4.0-SNAPSHOT.jar:?]
	at org.apache.hadoop.ozone.om.KeyManagerImpl.getFileStatus(KeyManagerImpl.java:1113) ~[ozone-manager-1.4.0-SNAPSHOT.jar:?]
	at org.apache.hadoop.ozone.om.OmMetadataReader.getFileStatus(OmMetadataReader.java:262) ~[ozone-manager-1.4.0-SNAPSHOT.jar:?]
	at org.apache.hadoop.ozone.om.OzoneManager.getFileStatus(OzoneManager.java:3530) ~[ozone-manager-1.4.0-SNAPSHOT.jar:?]
	at org.apache.hadoop.ozone.protocolPB.OzoneManagerRequestHandler.getOzoneFileStatus(OzoneManagerRequestHandler.java:971) ~[ozone-manager-1.4.0-SNAPSHOT.jar:?]
	at org.apache.hadoop.ozone.protocolPB.OzoneManagerRequestHandler.handleReadRequest(OzoneManagerRequestHandler.java:250) ~[ozone-manager-1.4.0-SNAPSHOT.jar:?]
	at org.apache.hadoop.ozone.protocolPB.OzoneManagerProtocolServerSideTranslatorPB.submitRequestDirectlyToOM(OzoneManagerProtocolServerSideTranslatorPB.java:274) ~[ozone-manager-1.4.0-SNAPSHOT.jar:?]
	at org.apache.hadoop.ozone.protocolPB.OzoneManagerProtocolServerSideTranslatorPB.processRequest(OzoneManagerProtocolServerSideTranslatorPB.java:175) ~[ozone-manager-1.4.0-SNAPSHOT.jar:?]
	at org.apache.hadoop.hdds.server.OzoneProtocolMessageDispatcher.processRequest(OzoneProtocolMessageDispatcher.java:87) [hdds-server-framework-1.4.0-SNAPSHOT.jar:?]
	at org.apache.hadoop.ozone.protocolPB.OzoneManagerProtocolServerSideTranslatorPB.submitRequest(OzoneManagerProtocolServerSideTranslatorPB.java:148) [ozone-manager-1.4.0-SNAPSHOT.jar:?]
	at org.apache.hadoop.ozone.protocol.proto.OzoneManagerProtocolProtos$OzoneManagerService$2.callBlockingMethod(OzoneManagerProtocolProtos.java) [ozone-interface-client-1.4.0-SNAPSHOT.jar:?]
	at org.apache.hadoop.ipc.ProtobufRpcEngine$Server.processCall(ProtobufRpcEngine.java:484) [hadoop-common-3.3.6.jar:?]
	at org.apache.hadoop.ipc.ProtobufRpcEngine2$Server$ProtoBufRpcInvoker.call(ProtobufRpcEngine2.java:595) [hadoop-common-3.3.6.jar:?]
	at org.apache.hadoop.ipc.ProtobufRpcEngine2$Server$ProtoBufRpcInvoker.call(ProtobufRpcEngine2.java:573) [hadoop-common-3.3.6.jar:?]
	at org.apache.hadoop.ipc.RPC$Server.call(RPC.java:1227) [hadoop-common-3.3.6.jar:?]
	at org.apache.hadoop.ipc.Server$RpcCall.run(Server.java:1094) [hadoop-common-3.3.6.jar:?]
	at org.apache.hadoop.ipc.Server$RpcCall.run(Server.java:1017) [hadoop-common-3.3.6.jar:?]
	at java.security.AccessController.doPrivileged(Native Method) ~[?:1.8.0_382]
	at javax.security.auth.Subject.doAs(Subject.java:422) [?:1.8.0_382]
	at org.apache.hadoop.security.UserGroupInformation.doAs(UserGroupInformation.java:1899) [hadoop-common-3.3.6.jar:?]
	at org.apache.hadoop.ipc.Server$Handler.run(Server.java:3048) [hadoop-common-3.3.6.jar:?]
04:50:32.260 [IPC Server handler 4 on default port 15057] ERROR OMAudit - user=runner | ip=127.0.0.1 | op=GET_FILE_STATUS {volume=volume43692, bucket=bucket46966, key=user/runner/dir1/dir2, dataSize=0, replicationConfig=null} | ret=FAILURE
org.apache.hadoop.ozone.om.exceptions.OMException: Unable to get file status: volume: volume43692 bucket: bucket46966 key: user/runner/dir1/dir2
	at org.apache.hadoop.ozone.om.KeyManagerImpl.getOzoneFileStatus(KeyManagerImpl.java:1195) ~[ozone-manager-1.4.0-SNAPSHOT.jar:?]
	at org.apache.hadoop.ozone.om.KeyManagerImpl.getFileStatus(KeyManagerImpl.java:1113) ~[ozone-manager-1.4.0-SNAPSHOT.jar:?]
	at org.apache.hadoop.ozone.om.OmMetadataReader.getFileStatus(OmMetadataReader.java:262) ~[ozone-manager-1.4.0-SNAPSHOT.jar:?]
	at org.apache.hadoop.ozone.om.OzoneManager.getFileStatus(OzoneManager.java:3530) ~[ozone-manager-1.4.0-SNAPSHOT.jar:?]
	at org.apache.hadoop.ozone.protocolPB.OzoneManagerRequestHandler.getOzoneFileStatus(OzoneManagerRequestHandler.java:971) ~[ozone-manager-1.4.0-SNAPSHOT.jar:?]
	at org.apache.hadoop.ozone.protocolPB.OzoneManagerRequestHandler.handleReadRequest(OzoneManagerRequestHandler.java:250) ~[ozone-manager-1.4.0-SNAPSHOT.jar:?]
	at org.apache.hadoop.ozone.protocolPB.OzoneManagerProtocolServerSideTranslatorPB.submitRequestDirectlyToOM(OzoneManagerProtocolServerSideTranslatorPB.java:274) ~[ozone-manager-1.4.0-SNAPSHOT.jar:?]
	at org.apache.hadoop.ozone.protocolPB.OzoneManagerProtocolServerSideTranslatorPB.processRequest(OzoneManagerProtocolServerSideTranslatorPB.java:175) ~[ozone-manager-1.4.0-SNAPSHOT.jar:?]
	at org.apache.hadoop.hdds.server.OzoneProtocolMessageDispatcher.processRequest(OzoneProtocolMessageDispatcher.java:87) [hdds-server-framework-1.4.0-SNAPSHOT.jar:?]
	at org.apache.hadoop.ozone.protocolPB.OzoneManagerProtocolServerSideTranslatorPB.submitRequest(OzoneManagerProtocolServerSideTranslatorPB.java:148) [ozone-manager-1.4.0-SNAPSHOT.jar:?]
	at org.apache.hadoop.ozone.protocol.proto.OzoneManagerProtocolProtos$OzoneManagerService$2.callBlockingMethod(OzoneManagerProtocolProtos.java) [ozone-interface-client-1.4.0-SNAPSHOT.jar:?]
	at org.apache.hadoop.ipc.ProtobufRpcEngine$Server.processCall(ProtobufRpcEngine.java:484) [hadoop-common-3.3.6.jar:?]
	at org.apache.hadoop.ipc.ProtobufRpcEngine2$Server$ProtoBufRpcInvoker.call(ProtobufRpcEngine2.java:595) [hadoop-common-3.3.6.jar:?]
	at org.apache.hadoop.ipc.ProtobufRpcEngine2$Server$ProtoBufRpcInvoker.call(ProtobufRpcEngine2.java:573) [hadoop-common-3.3.6.jar:?]
	at org.apache.hadoop.ipc.RPC$Server.call(RPC.java:1227) [hadoop-common-3.3.6.jar:?]
	at org.apache.hadoop.ipc.Server$RpcCall.run(Server.java:1094) [hadoop-common-3.3.6.jar:?]
	at org.apache.hadoop.ipc.Server$RpcCall.run(Server.java:1017) [hadoop-common-3.3.6.jar:?]
	at java.security.AccessController.doPrivileged(Native Method) ~[?:1.8.0_382]
	at javax.security.auth.Subject.doAs(Subject.java:422) [?:1.8.0_382]
	at org.apache.hadoop.security.UserGroupInformation.doAs(UserGroupInformation.java:1899) [hadoop-common-3.3.6.jar:?]
	at org.apache.hadoop.ipc.Server$Handler.run(Server.java:3048) [hadoop-common-3.3.6.jar:?]
]]></system-out>
  </testcase>
  <testcase name="testRenameContainDelimiterFile" classname="TestOzoneFileSystem" time="0.034">
    <system-out><![CDATA[04:51:59.328 [IPC Server handler 7 on default port 15110] ERROR OMAudit - user=runner | ip=127.0.0.1 | op=GET_FILE_STATUS {volume=volume87246, bucket=bucket72820, key=dir1/dir2/key2, dataSize=0, replicationConfig=null} | ret=FAILURE
org.apache.hadoop.ozone.om.exceptions.OMException: Unable to get file status: volume: volume87246 bucket: bucket72820 key: dir1/dir2/key2
	at org.apache.hadoop.ozone.om.KeyManagerImpl.getOzoneFileStatus(KeyManagerImpl.java:1195) ~[ozone-manager-1.4.0-SNAPSHOT.jar:?]
	at org.apache.hadoop.ozone.om.KeyManagerImpl.getFileStatus(KeyManagerImpl.java:1113) ~[ozone-manager-1.4.0-SNAPSHOT.jar:?]
	at org.apache.hadoop.ozone.om.OmMetadataReader.getFileStatus(OmMetadataReader.java:262) ~[ozone-manager-1.4.0-SNAPSHOT.jar:?]
	at org.apache.hadoop.ozone.om.OzoneManager.getFileStatus(OzoneManager.java:3530) ~[ozone-manager-1.4.0-SNAPSHOT.jar:?]
	at org.apache.hadoop.ozone.protocolPB.OzoneManagerRequestHandler.getOzoneFileStatus(OzoneManagerRequestHandler.java:971) ~[ozone-manager-1.4.0-SNAPSHOT.jar:?]
	at org.apache.hadoop.ozone.protocolPB.OzoneManagerRequestHandler.handleReadRequest(OzoneManagerRequestHandler.java:250) ~[ozone-manager-1.4.0-SNAPSHOT.jar:?]
	at org.apache.hadoop.ozone.protocolPB.OzoneManagerProtocolServerSideTranslatorPB.submitReadRequestToOM(OzoneManagerProtocolServerSideTranslatorPB.java:225) ~[ozone-manager-1.4.0-SNAPSHOT.jar:?]
	at org.apache.hadoop.ozone.protocolPB.OzoneManagerProtocolServerSideTranslatorPB.processRequest(OzoneManagerProtocolServerSideTranslatorPB.java:179) ~[ozone-manager-1.4.0-SNAPSHOT.jar:?]
	at org.apache.hadoop.hdds.server.OzoneProtocolMessageDispatcher.processRequest(OzoneProtocolMessageDispatcher.java:87) [hdds-server-framework-1.4.0-SNAPSHOT.jar:?]
	at org.apache.hadoop.ozone.protocolPB.OzoneManagerProtocolServerSideTranslatorPB.submitRequest(OzoneManagerProtocolServerSideTranslatorPB.java:148) [ozone-manager-1.4.0-SNAPSHOT.jar:?]
	at org.apache.hadoop.ozone.protocol.proto.OzoneManagerProtocolProtos$OzoneManagerService$2.callBlockingMethod(OzoneManagerProtocolProtos.java) [ozone-interface-client-1.4.0-SNAPSHOT.jar:?]
	at org.apache.hadoop.ipc.ProtobufRpcEngine$Server.processCall(ProtobufRpcEngine.java:484) [hadoop-common-3.3.6.jar:?]
	at org.apache.hadoop.ipc.ProtobufRpcEngine2$Server$ProtoBufRpcInvoker.call(ProtobufRpcEngine2.java:595) [hadoop-common-3.3.6.jar:?]
	at org.apache.hadoop.ipc.ProtobufRpcEngine2$Server$ProtoBufRpcInvoker.call(ProtobufRpcEngine2.java:573) [hadoop-common-3.3.6.jar:?]
	at org.apache.hadoop.ipc.RPC$Server.call(RPC.java:1227) [hadoop-common-3.3.6.jar:?]
	at org.apache.hadoop.ipc.Server$RpcCall.run(Server.java:1094) [hadoop-common-3.3.6.jar:?]
	at org.apache.hadoop.ipc.Server$RpcCall.run(Server.java:1017) [hadoop-common-3.3.6.jar:?]
	at java.security.AccessController.doPrivileged(Native Method) ~[?:1.8.0_382]
	at javax.security.auth.Subject.doAs(Subject.java:422) [?:1.8.0_382]
	at org.apache.hadoop.security.UserGroupInformation.doAs(UserGroupInformation.java:1899) [hadoop-common-3.3.6.jar:?]
	at org.apache.hadoop.ipc.Server$Handler.run(Server.java:3048) [hadoop-common-3.3.6.jar:?]
04:51:59.334 [IPC Server handler 13 on default port 15110] ERROR OMAudit - user=runner | ip=127.0.0.1 | op=GET_FILE_STATUS {volume=volume87246, bucket=bucket72820, key=dir1/dir2/key1, dataSize=0, replicationConfig=null} | ret=FAILURE
org.apache.hadoop.ozone.om.exceptions.OMException: Unable to get file status: volume: volume87246 bucket: bucket72820 key: dir1/dir2/key1
	at org.apache.hadoop.ozone.om.KeyManagerImpl.getOzoneFileStatus(KeyManagerImpl.java:1195) ~[ozone-manager-1.4.0-SNAPSHOT.jar:?]
	at org.apache.hadoop.ozone.om.KeyManagerImpl.getFileStatus(KeyManagerImpl.java:1113) ~[ozone-manager-1.4.0-SNAPSHOT.jar:?]
	at org.apache.hadoop.ozone.om.OmMetadataReader.getFileStatus(OmMetadataReader.java:262) ~[ozone-manager-1.4.0-SNAPSHOT.jar:?]
	at org.apache.hadoop.ozone.om.OzoneManager.getFileStatus(OzoneManager.java:3530) ~[ozone-manager-1.4.0-SNAPSHOT.jar:?]
	at org.apache.hadoop.ozone.protocolPB.OzoneManagerRequestHandler.getOzoneFileStatus(OzoneManagerRequestHandler.java:971) ~[ozone-manager-1.4.0-SNAPSHOT.jar:?]
	at org.apache.hadoop.ozone.protocolPB.OzoneManagerRequestHandler.handleReadRequest(OzoneManagerRequestHandler.java:250) ~[ozone-manager-1.4.0-SNAPSHOT.jar:?]
	at org.apache.hadoop.ozone.protocolPB.OzoneManagerProtocolServerSideTranslatorPB.submitReadRequestToOM(OzoneManagerProtocolServerSideTranslatorPB.java:225) ~[ozone-manager-1.4.0-SNAPSHOT.jar:?]
	at org.apache.hadoop.ozone.protocolPB.OzoneManagerProtocolServerSideTranslatorPB.processRequest(OzoneManagerProtocolServerSideTranslatorPB.java:179) ~[ozone-manager-1.4.0-SNAPSHOT.jar:?]
	at org.apache.hadoop.hdds.server.OzoneProtocolMessageDispatcher.processRequest(OzoneProtocolMessageDispatcher.java:87) [hdds-server-framework-1.4.0-SNAPSHOT.jar:?]
	at org.apache.hadoop.ozone.protocolPB.OzoneManagerProtocolServerSideTranslatorPB.submitRequest(OzoneManagerProtocolServerSideTranslatorPB.java:148) [ozone-manager-1.4.0-SNAPSHOT.jar:?]
	at org.apache.hadoop.ozone.protocol.proto.OzoneManagerProtocolProtos$OzoneManagerService$2.callBlockingMethod(OzoneManagerProtocolProtos.java) [ozone-interface-client-1.4.0-SNAPSHOT.jar:?]
	at org.apache.hadoop.ipc.ProtobufRpcEngine$Server.processCall(ProtobufRpcEngine.java:484) [hadoop-common-3.3.6.jar:?]
	at org.apache.hadoop.ipc.ProtobufRpcEngine2$Server$ProtoBufRpcInvoker.call(ProtobufRpcEngine2.java:595) [hadoop-common-3.3.6.jar:?]
	at org.apache.hadoop.ipc.ProtobufRpcEngine2$Server$ProtoBufRpcInvoker.call(ProtobufRpcEngine2.java:573) [hadoop-common-3.3.6.jar:?]
	at org.apache.hadoop.ipc.RPC$Server.call(RPC.java:1227) [hadoop-common-3.3.6.jar:?]
	at org.apache.hadoop.ipc.Server$RpcCall.run(Server.java:1094) [hadoop-common-3.3.6.jar:?]
	at org.apache.hadoop.ipc.Server$RpcCall.run(Server.java:1017) [hadoop-common-3.3.6.jar:?]
	at java.security.AccessController.doPrivileged(Native Method) ~[?:1.8.0_382]
	at javax.security.auth.Subject.doAs(Subject.java:422) [?:1.8.0_382]
	at org.apache.hadoop.security.UserGroupInformation.doAs(UserGroupInformation.java:1899) [hadoop-common-3.3.6.jar:?]
	at org.apache.hadoop.ipc.Server$Handler.run(Server.java:3048) [hadoop-common-3.3.6.jar:?]
04:51:59.336 [IPC Server handler 11 on default port 15110] ERROR OMAudit - user=runner | ip=127.0.0.1 | op=GET_FILE_STATUS {volume=volume87246, bucket=bucket72820, key=user/runner/dir1, dataSize=0, replicationConfig=null} | ret=FAILURE
org.apache.hadoop.ozone.om.exceptions.OMException: Unable to get file status: volume: volume87246 bucket: bucket72820 key: user/runner/dir1
	at org.apache.hadoop.ozone.om.KeyManagerImpl.getOzoneFileStatus(KeyManagerImpl.java:1195) ~[ozone-manager-1.4.0-SNAPSHOT.jar:?]
	at org.apache.hadoop.ozone.om.KeyManagerImpl.getFileStatus(KeyManagerImpl.java:1113) ~[ozone-manager-1.4.0-SNAPSHOT.jar:?]
	at org.apache.hadoop.ozone.om.OmMetadataReader.getFileStatus(OmMetadataReader.java:262) ~[ozone-manager-1.4.0-SNAPSHOT.jar:?]
	at org.apache.hadoop.ozone.om.OzoneManager.getFileStatus(OzoneManager.java:3530) ~[ozone-manager-1.4.0-SNAPSHOT.jar:?]
	at org.apache.hadoop.ozone.protocolPB.OzoneManagerRequestHandler.getOzoneFileStatus(OzoneManagerRequestHandler.java:971) ~[ozone-manager-1.4.0-SNAPSHOT.jar:?]
	at org.apache.hadoop.ozone.protocolPB.OzoneManagerRequestHandler.handleReadRequest(OzoneManagerRequestHandler.java:250) ~[ozone-manager-1.4.0-SNAPSHOT.jar:?]
	at org.apache.hadoop.ozone.protocolPB.OzoneManagerProtocolServerSideTranslatorPB.submitReadRequestToOM(OzoneManagerProtocolServerSideTranslatorPB.java:225) ~[ozone-manager-1.4.0-SNAPSHOT.jar:?]
	at org.apache.hadoop.ozone.protocolPB.OzoneManagerProtocolServerSideTranslatorPB.processRequest(OzoneManagerProtocolServerSideTranslatorPB.java:179) ~[ozone-manager-1.4.0-SNAPSHOT.jar:?]
	at org.apache.hadoop.hdds.server.OzoneProtocolMessageDispatcher.processRequest(OzoneProtocolMessageDispatcher.java:87) [hdds-server-framework-1.4.0-SNAPSHOT.jar:?]
	at org.apache.hadoop.ozone.protocolPB.OzoneManagerProtocolServerSideTranslatorPB.submitRequest(OzoneManagerProtocolServerSideTranslatorPB.java:148) [ozone-manager-1.4.0-SNAPSHOT.jar:?]
	at org.apache.hadoop.ozone.protocol.proto.OzoneManagerProtocolProtos$OzoneManagerService$2.callBlockingMethod(OzoneManagerProtocolProtos.java) [ozone-interface-client-1.4.0-SNAPSHOT.jar:?]
	at org.apache.hadoop.ipc.ProtobufRpcEngine$Server.processCall(ProtobufRpcEngine.java:484) [hadoop-common-3.3.6.jar:?]
	at org.apache.hadoop.ipc.ProtobufRpcEngine2$Server$ProtoBufRpcInvoker.call(ProtobufRpcEngine2.java:595) [hadoop-common-3.3.6.jar:?]
	at org.apache.hadoop.ipc.ProtobufRpcEngine2$Server$ProtoBufRpcInvoker.call(ProtobufRpcEngine2.java:573) [hadoop-common-3.3.6.jar:?]
	at org.apache.hadoop.ipc.RPC$Server.call(RPC.java:1227) [hadoop-common-3.3.6.jar:?]
	at org.apache.hadoop.ipc.Server$RpcCall.run(Server.java:1094) [hadoop-common-3.3.6.jar:?]
	at org.apache.hadoop.ipc.Server$RpcCall.run(Server.java:1017) [hadoop-common-3.3.6.jar:?]
	at java.security.AccessController.doPrivileged(Native Method) ~[?:1.8.0_382]
	at javax.security.auth.Subject.doAs(Subject.java:422) [?:1.8.0_382]
	at org.apache.hadoop.security.UserGroupInformation.doAs(UserGroupInformation.java:1899) [hadoop-common-3.3.6.jar:?]
	at org.apache.hadoop.ipc.Server$Handler.run(Server.java:3048) [hadoop-common-3.3.6.jar:?]
04:51:59.337 [IPC Server handler 18 on default port 15110] ERROR OMAudit - user=runner | ip=127.0.0.1 | op=GET_FILE_STATUS {volume=volume87246, bucket=bucket72820, key=user/runner/dir1/dir2, dataSize=0, replicationConfig=null} | ret=FAILURE
org.apache.hadoop.ozone.om.exceptions.OMException: Unable to get file status: volume: volume87246 bucket: bucket72820 key: user/runner/dir1/dir2
	at org.apache.hadoop.ozone.om.KeyManagerImpl.getOzoneFileStatus(KeyManagerImpl.java:1195) ~[ozone-manager-1.4.0-SNAPSHOT.jar:?]
	at org.apache.hadoop.ozone.om.KeyManagerImpl.getFileStatus(KeyManagerImpl.java:1113) ~[ozone-manager-1.4.0-SNAPSHOT.jar:?]
	at org.apache.hadoop.ozone.om.OmMetadataReader.getFileStatus(OmMetadataReader.java:262) ~[ozone-manager-1.4.0-SNAPSHOT.jar:?]
	at org.apache.hadoop.ozone.om.OzoneManager.getFileStatus(OzoneManager.java:3530) ~[ozone-manager-1.4.0-SNAPSHOT.jar:?]
	at org.apache.hadoop.ozone.protocolPB.OzoneManagerRequestHandler.getOzoneFileStatus(OzoneManagerRequestHandler.java:971) ~[ozone-manager-1.4.0-SNAPSHOT.jar:?]
	at org.apache.hadoop.ozone.protocolPB.OzoneManagerRequestHandler.handleReadRequest(OzoneManagerRequestHandler.java:250) ~[ozone-manager-1.4.0-SNAPSHOT.jar:?]
	at org.apache.hadoop.ozone.protocolPB.OzoneManagerProtocolServerSideTranslatorPB.submitReadRequestToOM(OzoneManagerProtocolServerSideTranslatorPB.java:225) ~[ozone-manager-1.4.0-SNAPSHOT.jar:?]
	at org.apache.hadoop.ozone.protocolPB.OzoneManagerProtocolServerSideTranslatorPB.processRequest(OzoneManagerProtocolServerSideTranslatorPB.java:179) ~[ozone-manager-1.4.0-SNAPSHOT.jar:?]
	at org.apache.hadoop.hdds.server.OzoneProtocolMessageDispatcher.processRequest(OzoneProtocolMessageDispatcher.java:87) [hdds-server-framework-1.4.0-SNAPSHOT.jar:?]
	at org.apache.hadoop.ozone.protocolPB.OzoneManagerProtocolServerSideTranslatorPB.submitRequest(OzoneManagerProtocolServerSideTranslatorPB.java:148) [ozone-manager-1.4.0-SNAPSHOT.jar:?]
	at org.apache.hadoop.ozone.protocol.proto.OzoneManagerProtocolProtos$OzoneManagerService$2.callBlockingMethod(OzoneManagerProtocolProtos.java) [ozone-interface-client-1.4.0-SNAPSHOT.jar:?]
	at org.apache.hadoop.ipc.ProtobufRpcEngine$Server.processCall(ProtobufRpcEngine.java:484) [hadoop-common-3.3.6.jar:?]
	at org.apache.hadoop.ipc.ProtobufRpcEngine2$Server$ProtoBufRpcInvoker.call(ProtobufRpcEngine2.java:595) [hadoop-common-3.3.6.jar:?]
	at org.apache.hadoop.ipc.ProtobufRpcEngine2$Server$ProtoBufRpcInvoker.call(ProtobufRpcEngine2.java:573) [hadoop-common-3.3.6.jar:?]
	at org.apache.hadoop.ipc.RPC$Server.call(RPC.java:1227) [hadoop-common-3.3.6.jar:?]
	at org.apache.hadoop.ipc.Server$RpcCall.run(Server.java:1094) [hadoop-common-3.3.6.jar:?]
	at org.apache.hadoop.ipc.Server$RpcCall.run(Server.java:1017) [hadoop-common-3.3.6.jar:?]
	at java.security.AccessController.doPrivileged(Native Method) ~[?:1.8.0_382]
	at javax.security.auth.Subject.doAs(Subject.java:422) [?:1.8.0_382]
	at org.apache.hadoop.security.UserGroupInformation.doAs(UserGroupInformation.java:1899) [hadoop-common-3.3.6.jar:?]
	at org.apache.hadoop.ipc.Server$Handler.run(Server.java:3048) [hadoop-common-3.3.6.jar:?]
]]></system-out>
  </testcase>
  <testcase name="testRenameContainDelimiterFile" classname="TestOzoneFileSystem" time="0.028">
    <system-out><![CDATA[04:53:36.679 [IPC Server handler 0 on default port 15163] ERROR OMAudit - user=runner | ip=127.0.0.1 | op=GET_FILE_STATUS {volume=volume69932, bucket=bucket53154, key=dir1/dir2/key2, dataSize=0, replicationConfig=null} | ret=FAILURE
org.apache.hadoop.ozone.om.exceptions.OMException: Unable to get file status: volume: volume69932 bucket: bucket53154 key: dir1/dir2/key2
	at org.apache.hadoop.ozone.om.KeyManagerImpl.getOzoneFileStatus(KeyManagerImpl.java:1195) ~[ozone-manager-1.4.0-SNAPSHOT.jar:?]
	at org.apache.hadoop.ozone.om.KeyManagerImpl.getFileStatus(KeyManagerImpl.java:1113) ~[ozone-manager-1.4.0-SNAPSHOT.jar:?]
	at org.apache.hadoop.ozone.om.OmMetadataReader.getFileStatus(OmMetadataReader.java:262) ~[ozone-manager-1.4.0-SNAPSHOT.jar:?]
	at org.apache.hadoop.ozone.om.OzoneManager.getFileStatus(OzoneManager.java:3530) ~[ozone-manager-1.4.0-SNAPSHOT.jar:?]
	at org.apache.hadoop.ozone.protocolPB.OzoneManagerRequestHandler.getOzoneFileStatus(OzoneManagerRequestHandler.java:971) ~[ozone-manager-1.4.0-SNAPSHOT.jar:?]
	at org.apache.hadoop.ozone.protocolPB.OzoneManagerRequestHandler.handleReadRequest(OzoneManagerRequestHandler.java:250) ~[ozone-manager-1.4.0-SNAPSHOT.jar:?]
	at org.apache.hadoop.ozone.protocolPB.OzoneManagerProtocolServerSideTranslatorPB.submitRequestDirectlyToOM(OzoneManagerProtocolServerSideTranslatorPB.java:274) ~[ozone-manager-1.4.0-SNAPSHOT.jar:?]
	at org.apache.hadoop.ozone.protocolPB.OzoneManagerProtocolServerSideTranslatorPB.processRequest(OzoneManagerProtocolServerSideTranslatorPB.java:175) ~[ozone-manager-1.4.0-SNAPSHOT.jar:?]
	at org.apache.hadoop.hdds.server.OzoneProtocolMessageDispatcher.processRequest(OzoneProtocolMessageDispatcher.java:87) [hdds-server-framework-1.4.0-SNAPSHOT.jar:?]
	at org.apache.hadoop.ozone.protocolPB.OzoneManagerProtocolServerSideTranslatorPB.submitRequest(OzoneManagerProtocolServerSideTranslatorPB.java:148) [ozone-manager-1.4.0-SNAPSHOT.jar:?]
	at org.apache.hadoop.ozone.protocol.proto.OzoneManagerProtocolProtos$OzoneManagerService$2.callBlockingMethod(OzoneManagerProtocolProtos.java) [ozone-interface-client-1.4.0-SNAPSHOT.jar:?]
	at org.apache.hadoop.ipc.ProtobufRpcEngine$Server.processCall(ProtobufRpcEngine.java:484) [hadoop-common-3.3.6.jar:?]
	at org.apache.hadoop.ipc.ProtobufRpcEngine2$Server$ProtoBufRpcInvoker.call(ProtobufRpcEngine2.java:595) [hadoop-common-3.3.6.jar:?]
	at org.apache.hadoop.ipc.ProtobufRpcEngine2$Server$ProtoBufRpcInvoker.call(ProtobufRpcEngine2.java:573) [hadoop-common-3.3.6.jar:?]
	at org.apache.hadoop.ipc.RPC$Server.call(RPC.java:1227) [hadoop-common-3.3.6.jar:?]
	at org.apache.hadoop.ipc.Server$RpcCall.run(Server.java:1094) [hadoop-common-3.3.6.jar:?]
	at org.apache.hadoop.ipc.Server$RpcCall.run(Server.java:1017) [hadoop-common-3.3.6.jar:?]
	at java.security.AccessController.doPrivileged(Native Method) ~[?:1.8.0_382]
	at javax.security.auth.Subject.doAs(Subject.java:422) [?:1.8.0_382]
	at org.apache.hadoop.security.UserGroupInformation.doAs(UserGroupInformation.java:1899) [hadoop-common-3.3.6.jar:?]
	at org.apache.hadoop.ipc.Server$Handler.run(Server.java:3048) [hadoop-common-3.3.6.jar:?]
04:53:36.686 [IPC Server handler 4 on default port 15163] ERROR OMAudit - user=runner | ip=127.0.0.1 | op=GET_FILE_STATUS {volume=volume69932, bucket=bucket53154, key=dir1/dir2/key1, dataSize=0, replicationConfig=null} | ret=FAILURE
org.apache.hadoop.ozone.om.exceptions.OMException: Unable to get file status: volume: volume69932 bucket: bucket53154 key: dir1/dir2/key1
	at org.apache.hadoop.ozone.om.KeyManagerImpl.getOzoneFileStatus(KeyManagerImpl.java:1195) ~[ozone-manager-1.4.0-SNAPSHOT.jar:?]
	at org.apache.hadoop.ozone.om.KeyManagerImpl.getFileStatus(KeyManagerImpl.java:1113) ~[ozone-manager-1.4.0-SNAPSHOT.jar:?]
	at org.apache.hadoop.ozone.om.OmMetadataReader.getFileStatus(OmMetadataReader.java:262) ~[ozone-manager-1.4.0-SNAPSHOT.jar:?]
	at org.apache.hadoop.ozone.om.OzoneManager.getFileStatus(OzoneManager.java:3530) ~[ozone-manager-1.4.0-SNAPSHOT.jar:?]
	at org.apache.hadoop.ozone.protocolPB.OzoneManagerRequestHandler.getOzoneFileStatus(OzoneManagerRequestHandler.java:971) ~[ozone-manager-1.4.0-SNAPSHOT.jar:?]
	at org.apache.hadoop.ozone.protocolPB.OzoneManagerRequestHandler.handleReadRequest(OzoneManagerRequestHandler.java:250) ~[ozone-manager-1.4.0-SNAPSHOT.jar:?]
	at org.apache.hadoop.ozone.protocolPB.OzoneManagerProtocolServerSideTranslatorPB.submitRequestDirectlyToOM(OzoneManagerProtocolServerSideTranslatorPB.java:274) ~[ozone-manager-1.4.0-SNAPSHOT.jar:?]
	at org.apache.hadoop.ozone.protocolPB.OzoneManagerProtocolServerSideTranslatorPB.processRequest(OzoneManagerProtocolServerSideTranslatorPB.java:175) ~[ozone-manager-1.4.0-SNAPSHOT.jar:?]
	at org.apache.hadoop.hdds.server.OzoneProtocolMessageDispatcher.processRequest(OzoneProtocolMessageDispatcher.java:87) [hdds-server-framework-1.4.0-SNAPSHOT.jar:?]
	at org.apache.hadoop.ozone.protocolPB.OzoneManagerProtocolServerSideTranslatorPB.submitRequest(OzoneManagerProtocolServerSideTranslatorPB.java:148) [ozone-manager-1.4.0-SNAPSHOT.jar:?]
	at org.apache.hadoop.ozone.protocol.proto.OzoneManagerProtocolProtos$OzoneManagerService$2.callBlockingMethod(OzoneManagerProtocolProtos.java) [ozone-interface-client-1.4.0-SNAPSHOT.jar:?]
	at org.apache.hadoop.ipc.ProtobufRpcEngine$Server.processCall(ProtobufRpcEngine.java:484) [hadoop-common-3.3.6.jar:?]
	at org.apache.hadoop.ipc.ProtobufRpcEngine2$Server$ProtoBufRpcInvoker.call(ProtobufRpcEngine2.java:595) [hadoop-common-3.3.6.jar:?]
	at org.apache.hadoop.ipc.ProtobufRpcEngine2$Server$ProtoBufRpcInvoker.call(ProtobufRpcEngine2.java:573) [hadoop-common-3.3.6.jar:?]
	at org.apache.hadoop.ipc.RPC$Server.call(RPC.java:1227) [hadoop-common-3.3.6.jar:?]
	at org.apache.hadoop.ipc.Server$RpcCall.run(Server.java:1094) [hadoop-common-3.3.6.jar:?]
	at org.apache.hadoop.ipc.Server$RpcCall.run(Server.java:1017) [hadoop-common-3.3.6.jar:?]
	at java.security.AccessController.doPrivileged(Native Method) ~[?:1.8.0_382]
	at javax.security.auth.Subject.doAs(Subject.java:422) [?:1.8.0_382]
	at org.apache.hadoop.security.UserGroupInformation.doAs(UserGroupInformation.java:1899) [hadoop-common-3.3.6.jar:?]
	at org.apache.hadoop.ipc.Server$Handler.run(Server.java:3048) [hadoop-common-3.3.6.jar:?]
04:53:36.688 [IPC Server handler 15 on default port 15163] ERROR OMAudit - user=runner | ip=127.0.0.1 | op=GET_FILE_STATUS {volume=volume69932, bucket=bucket53154, key=user/runner/dir1, dataSize=0, replicationConfig=null} | ret=FAILURE
org.apache.hadoop.ozone.om.exceptions.OMException: Unable to get file status: volume: volume69932 bucket: bucket53154 key: user/runner/dir1
	at org.apache.hadoop.ozone.om.KeyManagerImpl.getOzoneFileStatus(KeyManagerImpl.java:1195) ~[ozone-manager-1.4.0-SNAPSHOT.jar:?]
	at org.apache.hadoop.ozone.om.KeyManagerImpl.getFileStatus(KeyManagerImpl.java:1113) ~[ozone-manager-1.4.0-SNAPSHOT.jar:?]
	at org.apache.hadoop.ozone.om.OmMetadataReader.getFileStatus(OmMetadataReader.java:262) ~[ozone-manager-1.4.0-SNAPSHOT.jar:?]
	at org.apache.hadoop.ozone.om.OzoneManager.getFileStatus(OzoneManager.java:3530) ~[ozone-manager-1.4.0-SNAPSHOT.jar:?]
	at org.apache.hadoop.ozone.protocolPB.OzoneManagerRequestHandler.getOzoneFileStatus(OzoneManagerRequestHandler.java:971) ~[ozone-manager-1.4.0-SNAPSHOT.jar:?]
	at org.apache.hadoop.ozone.protocolPB.OzoneManagerRequestHandler.handleReadRequest(OzoneManagerRequestHandler.java:250) ~[ozone-manager-1.4.0-SNAPSHOT.jar:?]
	at org.apache.hadoop.ozone.protocolPB.OzoneManagerProtocolServerSideTranslatorPB.submitRequestDirectlyToOM(OzoneManagerProtocolServerSideTranslatorPB.java:274) ~[ozone-manager-1.4.0-SNAPSHOT.jar:?]
	at org.apache.hadoop.ozone.protocolPB.OzoneManagerProtocolServerSideTranslatorPB.processRequest(OzoneManagerProtocolServerSideTranslatorPB.java:175) ~[ozone-manager-1.4.0-SNAPSHOT.jar:?]
	at org.apache.hadoop.hdds.server.OzoneProtocolMessageDispatcher.processRequest(OzoneProtocolMessageDispatcher.java:87) [hdds-server-framework-1.4.0-SNAPSHOT.jar:?]
	at org.apache.hadoop.ozone.protocolPB.OzoneManagerProtocolServerSideTranslatorPB.submitRequest(OzoneManagerProtocolServerSideTranslatorPB.java:148) [ozone-manager-1.4.0-SNAPSHOT.jar:?]
	at org.apache.hadoop.ozone.protocol.proto.OzoneManagerProtocolProtos$OzoneManagerService$2.callBlockingMethod(OzoneManagerProtocolProtos.java) [ozone-interface-client-1.4.0-SNAPSHOT.jar:?]
	at org.apache.hadoop.ipc.ProtobufRpcEngine$Server.processCall(ProtobufRpcEngine.java:484) [hadoop-common-3.3.6.jar:?]
	at org.apache.hadoop.ipc.ProtobufRpcEngine2$Server$ProtoBufRpcInvoker.call(ProtobufRpcEngine2.java:595) [hadoop-common-3.3.6.jar:?]
	at org.apache.hadoop.ipc.ProtobufRpcEngine2$Server$ProtoBufRpcInvoker.call(ProtobufRpcEngine2.java:573) [hadoop-common-3.3.6.jar:?]
	at org.apache.hadoop.ipc.RPC$Server.call(RPC.java:1227) [hadoop-common-3.3.6.jar:?]
	at org.apache.hadoop.ipc.Server$RpcCall.run(Server.java:1094) [hadoop-common-3.3.6.jar:?]
	at org.apache.hadoop.ipc.Server$RpcCall.run(Server.java:1017) [hadoop-common-3.3.6.jar:?]
	at java.security.AccessController.doPrivileged(Native Method) ~[?:1.8.0_382]
	at javax.security.auth.Subject.doAs(Subject.java:422) [?:1.8.0_382]
	at org.apache.hadoop.security.UserGroupInformation.doAs(UserGroupInformation.java:1899) [hadoop-common-3.3.6.jar:?]
	at org.apache.hadoop.ipc.Server$Handler.run(Server.java:3048) [hadoop-common-3.3.6.jar:?]
04:53:36.690 [IPC Server handler 13 on default port 15163] ERROR OMAudit - user=runner | ip=127.0.0.1 | op=GET_FILE_STATUS {volume=volume69932, bucket=bucket53154, key=user/runner/dir1/dir2, dataSize=0, replicationConfig=null} | ret=FAILURE
org.apache.hadoop.ozone.om.exceptions.OMException: Unable to get file status: volume: volume69932 bucket: bucket53154 key: user/runner/dir1/dir2
	at org.apache.hadoop.ozone.om.KeyManagerImpl.getOzoneFileStatus(KeyManagerImpl.java:1195) ~[ozone-manager-1.4.0-SNAPSHOT.jar:?]
	at org.apache.hadoop.ozone.om.KeyManagerImpl.getFileStatus(KeyManagerImpl.java:1113) ~[ozone-manager-1.4.0-SNAPSHOT.jar:?]
	at org.apache.hadoop.ozone.om.OmMetadataReader.getFileStatus(OmMetadataReader.java:262) ~[ozone-manager-1.4.0-SNAPSHOT.jar:?]
	at org.apache.hadoop.ozone.om.OzoneManager.getFileStatus(OzoneManager.java:3530) ~[ozone-manager-1.4.0-SNAPSHOT.jar:?]
	at org.apache.hadoop.ozone.protocolPB.OzoneManagerRequestHandler.getOzoneFileStatus(OzoneManagerRequestHandler.java:971) ~[ozone-manager-1.4.0-SNAPSHOT.jar:?]
	at org.apache.hadoop.ozone.protocolPB.OzoneManagerRequestHandler.handleReadRequest(OzoneManagerRequestHandler.java:250) ~[ozone-manager-1.4.0-SNAPSHOT.jar:?]
	at org.apache.hadoop.ozone.protocolPB.OzoneManagerProtocolServerSideTranslatorPB.submitRequestDirectlyToOM(OzoneManagerProtocolServerSideTranslatorPB.java:274) ~[ozone-manager-1.4.0-SNAPSHOT.jar:?]
	at org.apache.hadoop.ozone.protocolPB.OzoneManagerProtocolServerSideTranslatorPB.processRequest(OzoneManagerProtocolServerSideTranslatorPB.java:175) ~[ozone-manager-1.4.0-SNAPSHOT.jar:?]
	at org.apache.hadoop.hdds.server.OzoneProtocolMessageDispatcher.processRequest(OzoneProtocolMessageDispatcher.java:87) [hdds-server-framework-1.4.0-SNAPSHOT.jar:?]
	at org.apache.hadoop.ozone.protocolPB.OzoneManagerProtocolServerSideTranslatorPB.submitRequest(OzoneManagerProtocolServerSideTranslatorPB.java:148) [ozone-manager-1.4.0-SNAPSHOT.jar:?]
	at org.apache.hadoop.ozone.protocol.proto.OzoneManagerProtocolProtos$OzoneManagerService$2.callBlockingMethod(OzoneManagerProtocolProtos.java) [ozone-interface-client-1.4.0-SNAPSHOT.jar:?]
	at org.apache.hadoop.ipc.ProtobufRpcEngine$Server.processCall(ProtobufRpcEngine.java:484) [hadoop-common-3.3.6.jar:?]
	at org.apache.hadoop.ipc.ProtobufRpcEngine2$Server$ProtoBufRpcInvoker.call(ProtobufRpcEngine2.java:595) [hadoop-common-3.3.6.jar:?]
	at org.apache.hadoop.ipc.ProtobufRpcEngine2$Server$ProtoBufRpcInvoker.call(ProtobufRpcEngine2.java:573) [hadoop-common-3.3.6.jar:?]
	at org.apache.hadoop.ipc.RPC$Server.call(RPC.java:1227) [hadoop-common-3.3.6.jar:?]
	at org.apache.hadoop.ipc.Server$RpcCall.run(Server.java:1094) [hadoop-common-3.3.6.jar:?]
	at org.apache.hadoop.ipc.Server$RpcCall.run(Server.java:1017) [hadoop-common-3.3.6.jar:?]
	at java.security.AccessController.doPrivileged(Native Method) ~[?:1.8.0_382]
	at javax.security.auth.Subject.doAs(Subject.java:422) [?:1.8.0_382]
	at org.apache.hadoop.security.UserGroupInformation.doAs(UserGroupInformation.java:1899) [hadoop-common-3.3.6.jar:?]
	at org.apache.hadoop.ipc.Server$Handler.run(Server.java:3048) [hadoop-common-3.3.6.jar:?]
]]></system-out>
  </testcase>
  <testcase name="testMakeDirsWithAnFakeDirectory" classname="TestOzoneFileSystem" time="0.061">
    <system-out><![CDATA[04:48:39.246 [IPC Server handler 15 on default port 15004] ERROR OMAudit - user=runner | ip=127.0.0.1 | op=GET_FILE_STATUS {volume=volume25901, bucket=bucket39570, key=user/runner/dir1/dir2, dataSize=0, replicationConfig=null} | ret=FAILURE
org.apache.hadoop.ozone.om.exceptions.OMException: Unable to get file status: volume: volume25901 bucket: bucket39570 key: user/runner/dir1/dir2
	at org.apache.hadoop.ozone.om.KeyManagerImpl.getOzoneFileStatus(KeyManagerImpl.java:1195) ~[ozone-manager-1.4.0-SNAPSHOT.jar:?]
	at org.apache.hadoop.ozone.om.KeyManagerImpl.getFileStatus(KeyManagerImpl.java:1113) ~[ozone-manager-1.4.0-SNAPSHOT.jar:?]
	at org.apache.hadoop.ozone.om.OmMetadataReader.getFileStatus(OmMetadataReader.java:262) ~[ozone-manager-1.4.0-SNAPSHOT.jar:?]
	at org.apache.hadoop.ozone.om.OzoneManager.getFileStatus(OzoneManager.java:3530) ~[ozone-manager-1.4.0-SNAPSHOT.jar:?]
	at org.apache.hadoop.ozone.protocolPB.OzoneManagerRequestHandler.getOzoneFileStatus(OzoneManagerRequestHandler.java:971) ~[ozone-manager-1.4.0-SNAPSHOT.jar:?]
	at org.apache.hadoop.ozone.protocolPB.OzoneManagerRequestHandler.handleReadRequest(OzoneManagerRequestHandler.java:250) ~[ozone-manager-1.4.0-SNAPSHOT.jar:?]
	at org.apache.hadoop.ozone.protocolPB.OzoneManagerProtocolServerSideTranslatorPB.submitReadRequestToOM(OzoneManagerProtocolServerSideTranslatorPB.java:225) ~[ozone-manager-1.4.0-SNAPSHOT.jar:?]
	at org.apache.hadoop.ozone.protocolPB.OzoneManagerProtocolServerSideTranslatorPB.processRequest(OzoneManagerProtocolServerSideTranslatorPB.java:179) ~[ozone-manager-1.4.0-SNAPSHOT.jar:?]
	at org.apache.hadoop.hdds.server.OzoneProtocolMessageDispatcher.processRequest(OzoneProtocolMessageDispatcher.java:87) [hdds-server-framework-1.4.0-SNAPSHOT.jar:?]
	at org.apache.hadoop.ozone.protocolPB.OzoneManagerProtocolServerSideTranslatorPB.submitRequest(OzoneManagerProtocolServerSideTranslatorPB.java:148) [ozone-manager-1.4.0-SNAPSHOT.jar:?]
	at org.apache.hadoop.ozone.protocol.proto.OzoneManagerProtocolProtos$OzoneManagerService$2.callBlockingMethod(OzoneManagerProtocolProtos.java) [ozone-interface-client-1.4.0-SNAPSHOT.jar:?]
	at org.apache.hadoop.ipc.ProtobufRpcEngine$Server.processCall(ProtobufRpcEngine.java:484) [hadoop-common-3.3.6.jar:?]
	at org.apache.hadoop.ipc.ProtobufRpcEngine2$Server$ProtoBufRpcInvoker.call(ProtobufRpcEngine2.java:595) [hadoop-common-3.3.6.jar:?]
	at org.apache.hadoop.ipc.ProtobufRpcEngine2$Server$ProtoBufRpcInvoker.call(ProtobufRpcEngine2.java:573) [hadoop-common-3.3.6.jar:?]
	at org.apache.hadoop.ipc.RPC$Server.call(RPC.java:1227) [hadoop-common-3.3.6.jar:?]
	at org.apache.hadoop.ipc.Server$RpcCall.run(Server.java:1094) [hadoop-common-3.3.6.jar:?]
	at org.apache.hadoop.ipc.Server$RpcCall.run(Server.java:1017) [hadoop-common-3.3.6.jar:?]
	at java.security.AccessController.doPrivileged(Native Method) ~[?:1.8.0_382]
	at javax.security.auth.Subject.doAs(Subject.java:422) [?:1.8.0_382]
	at org.apache.hadoop.security.UserGroupInformation.doAs(UserGroupInformation.java:1899) [hadoop-common-3.3.6.jar:?]
	at org.apache.hadoop.ipc.Server$Handler.run(Server.java:3048) [hadoop-common-3.3.6.jar:?]
]]></system-out>
  </testcase>
  <testcase name="testMakeDirsWithAnFakeDirectory" classname="TestOzoneFileSystem" time="0.031">
    <system-out><![CDATA[04:50:32.285 [IPC Server handler 1 on default port 15057] ERROR OMAudit - user=runner | ip=127.0.0.1 | op=GET_FILE_STATUS {volume=volume43692, bucket=bucket46966, key=user/runner/dir1/dir2, dataSize=0, replicationConfig=null} | ret=FAILURE
org.apache.hadoop.ozone.om.exceptions.OMException: Unable to get file status: volume: volume43692 bucket: bucket46966 key: user/runner/dir1/dir2
	at org.apache.hadoop.ozone.om.KeyManagerImpl.getOzoneFileStatus(KeyManagerImpl.java:1195) ~[ozone-manager-1.4.0-SNAPSHOT.jar:?]
	at org.apache.hadoop.ozone.om.KeyManagerImpl.getFileStatus(KeyManagerImpl.java:1113) ~[ozone-manager-1.4.0-SNAPSHOT.jar:?]
	at org.apache.hadoop.ozone.om.OmMetadataReader.getFileStatus(OmMetadataReader.java:262) ~[ozone-manager-1.4.0-SNAPSHOT.jar:?]
	at org.apache.hadoop.ozone.om.OzoneManager.getFileStatus(OzoneManager.java:3530) ~[ozone-manager-1.4.0-SNAPSHOT.jar:?]
	at org.apache.hadoop.ozone.protocolPB.OzoneManagerRequestHandler.getOzoneFileStatus(OzoneManagerRequestHandler.java:971) ~[ozone-manager-1.4.0-SNAPSHOT.jar:?]
	at org.apache.hadoop.ozone.protocolPB.OzoneManagerRequestHandler.handleReadRequest(OzoneManagerRequestHandler.java:250) ~[ozone-manager-1.4.0-SNAPSHOT.jar:?]
	at org.apache.hadoop.ozone.protocolPB.OzoneManagerProtocolServerSideTranslatorPB.submitRequestDirectlyToOM(OzoneManagerProtocolServerSideTranslatorPB.java:274) ~[ozone-manager-1.4.0-SNAPSHOT.jar:?]
	at org.apache.hadoop.ozone.protocolPB.OzoneManagerProtocolServerSideTranslatorPB.processRequest(OzoneManagerProtocolServerSideTranslatorPB.java:175) ~[ozone-manager-1.4.0-SNAPSHOT.jar:?]
	at org.apache.hadoop.hdds.server.OzoneProtocolMessageDispatcher.processRequest(OzoneProtocolMessageDispatcher.java:87) [hdds-server-framework-1.4.0-SNAPSHOT.jar:?]
	at org.apache.hadoop.ozone.protocolPB.OzoneManagerProtocolServerSideTranslatorPB.submitRequest(OzoneManagerProtocolServerSideTranslatorPB.java:148) [ozone-manager-1.4.0-SNAPSHOT.jar:?]
	at org.apache.hadoop.ozone.protocol.proto.OzoneManagerProtocolProtos$OzoneManagerService$2.callBlockingMethod(OzoneManagerProtocolProtos.java) [ozone-interface-client-1.4.0-SNAPSHOT.jar:?]
	at org.apache.hadoop.ipc.ProtobufRpcEngine$Server.processCall(ProtobufRpcEngine.java:484) [hadoop-common-3.3.6.jar:?]
	at org.apache.hadoop.ipc.ProtobufRpcEngine2$Server$ProtoBufRpcInvoker.call(ProtobufRpcEngine2.java:595) [hadoop-common-3.3.6.jar:?]
	at org.apache.hadoop.ipc.ProtobufRpcEngine2$Server$ProtoBufRpcInvoker.call(ProtobufRpcEngine2.java:573) [hadoop-common-3.3.6.jar:?]
	at org.apache.hadoop.ipc.RPC$Server.call(RPC.java:1227) [hadoop-common-3.3.6.jar:?]
	at org.apache.hadoop.ipc.Server$RpcCall.run(Server.java:1094) [hadoop-common-3.3.6.jar:?]
	at org.apache.hadoop.ipc.Server$RpcCall.run(Server.java:1017) [hadoop-common-3.3.6.jar:?]
	at java.security.AccessController.doPrivileged(Native Method) ~[?:1.8.0_382]
	at javax.security.auth.Subject.doAs(Subject.java:422) [?:1.8.0_382]
	at org.apache.hadoop.security.UserGroupInformation.doAs(UserGroupInformation.java:1899) [hadoop-common-3.3.6.jar:?]
	at org.apache.hadoop.ipc.Server$Handler.run(Server.java:3048) [hadoop-common-3.3.6.jar:?]
]]></system-out>
  </testcase>
  <testcase name="testMakeDirsWithAnFakeDirectory" classname="TestOzoneFileSystem" time="0.033">
    <system-out><![CDATA[04:51:59.360 [IPC Server handler 5 on default port 15110] ERROR OMAudit - user=runner | ip=127.0.0.1 | op=GET_FILE_STATUS {volume=volume87246, bucket=bucket72820, key=user/runner/dir1/dir2, dataSize=0, replicationConfig=null} | ret=FAILURE
org.apache.hadoop.ozone.om.exceptions.OMException: Unable to get file status: volume: volume87246 bucket: bucket72820 key: user/runner/dir1/dir2
	at org.apache.hadoop.ozone.om.KeyManagerImpl.getOzoneFileStatus(KeyManagerImpl.java:1195) ~[ozone-manager-1.4.0-SNAPSHOT.jar:?]
	at org.apache.hadoop.ozone.om.KeyManagerImpl.getFileStatus(KeyManagerImpl.java:1113) ~[ozone-manager-1.4.0-SNAPSHOT.jar:?]
	at org.apache.hadoop.ozone.om.OmMetadataReader.getFileStatus(OmMetadataReader.java:262) ~[ozone-manager-1.4.0-SNAPSHOT.jar:?]
	at org.apache.hadoop.ozone.om.OzoneManager.getFileStatus(OzoneManager.java:3530) ~[ozone-manager-1.4.0-SNAPSHOT.jar:?]
	at org.apache.hadoop.ozone.protocolPB.OzoneManagerRequestHandler.getOzoneFileStatus(OzoneManagerRequestHandler.java:971) ~[ozone-manager-1.4.0-SNAPSHOT.jar:?]
	at org.apache.hadoop.ozone.protocolPB.OzoneManagerRequestHandler.handleReadRequest(OzoneManagerRequestHandler.java:250) ~[ozone-manager-1.4.0-SNAPSHOT.jar:?]
	at org.apache.hadoop.ozone.protocolPB.OzoneManagerProtocolServerSideTranslatorPB.submitReadRequestToOM(OzoneManagerProtocolServerSideTranslatorPB.java:225) ~[ozone-manager-1.4.0-SNAPSHOT.jar:?]
	at org.apache.hadoop.ozone.protocolPB.OzoneManagerProtocolServerSideTranslatorPB.processRequest(OzoneManagerProtocolServerSideTranslatorPB.java:179) ~[ozone-manager-1.4.0-SNAPSHOT.jar:?]
	at org.apache.hadoop.hdds.server.OzoneProtocolMessageDispatcher.processRequest(OzoneProtocolMessageDispatcher.java:87) [hdds-server-framework-1.4.0-SNAPSHOT.jar:?]
	at org.apache.hadoop.ozone.protocolPB.OzoneManagerProtocolServerSideTranslatorPB.submitRequest(OzoneManagerProtocolServerSideTranslatorPB.java:148) [ozone-manager-1.4.0-SNAPSHOT.jar:?]
	at org.apache.hadoop.ozone.protocol.proto.OzoneManagerProtocolProtos$OzoneManagerService$2.callBlockingMethod(OzoneManagerProtocolProtos.java) [ozone-interface-client-1.4.0-SNAPSHOT.jar:?]
	at org.apache.hadoop.ipc.ProtobufRpcEngine$Server.processCall(ProtobufRpcEngine.java:484) [hadoop-common-3.3.6.jar:?]
	at org.apache.hadoop.ipc.ProtobufRpcEngine2$Server$ProtoBufRpcInvoker.call(ProtobufRpcEngine2.java:595) [hadoop-common-3.3.6.jar:?]
	at org.apache.hadoop.ipc.ProtobufRpcEngine2$Server$ProtoBufRpcInvoker.call(ProtobufRpcEngine2.java:573) [hadoop-common-3.3.6.jar:?]
	at org.apache.hadoop.ipc.RPC$Server.call(RPC.java:1227) [hadoop-common-3.3.6.jar:?]
	at org.apache.hadoop.ipc.Server$RpcCall.run(Server.java:1094) [hadoop-common-3.3.6.jar:?]
	at org.apache.hadoop.ipc.Server$RpcCall.run(Server.java:1017) [hadoop-common-3.3.6.jar:?]
	at java.security.AccessController.doPrivileged(Native Method) ~[?:1.8.0_382]
	at javax.security.auth.Subject.doAs(Subject.java:422) [?:1.8.0_382]
	at org.apache.hadoop.security.UserGroupInformation.doAs(UserGroupInformation.java:1899) [hadoop-common-3.3.6.jar:?]
	at org.apache.hadoop.ipc.Server$Handler.run(Server.java:3048) [hadoop-common-3.3.6.jar:?]
]]></system-out>
  </testcase>
  <testcase name="testMakeDirsWithAnFakeDirectory" classname="TestOzoneFileSystem" time="0.025">
    <system-out><![CDATA[04:53:36.708 [IPC Server handler 1 on default port 15163] ERROR OMAudit - user=runner | ip=127.0.0.1 | op=GET_FILE_STATUS {volume=volume69932, bucket=bucket53154, key=user/runner/dir1/dir2, dataSize=0, replicationConfig=null} | ret=FAILURE
org.apache.hadoop.ozone.om.exceptions.OMException: Unable to get file status: volume: volume69932 bucket: bucket53154 key: user/runner/dir1/dir2
	at org.apache.hadoop.ozone.om.KeyManagerImpl.getOzoneFileStatus(KeyManagerImpl.java:1195) ~[ozone-manager-1.4.0-SNAPSHOT.jar:?]
	at org.apache.hadoop.ozone.om.KeyManagerImpl.getFileStatus(KeyManagerImpl.java:1113) ~[ozone-manager-1.4.0-SNAPSHOT.jar:?]
	at org.apache.hadoop.ozone.om.OmMetadataReader.getFileStatus(OmMetadataReader.java:262) ~[ozone-manager-1.4.0-SNAPSHOT.jar:?]
	at org.apache.hadoop.ozone.om.OzoneManager.getFileStatus(OzoneManager.java:3530) ~[ozone-manager-1.4.0-SNAPSHOT.jar:?]
	at org.apache.hadoop.ozone.protocolPB.OzoneManagerRequestHandler.getOzoneFileStatus(OzoneManagerRequestHandler.java:971) ~[ozone-manager-1.4.0-SNAPSHOT.jar:?]
	at org.apache.hadoop.ozone.protocolPB.OzoneManagerRequestHandler.handleReadRequest(OzoneManagerRequestHandler.java:250) ~[ozone-manager-1.4.0-SNAPSHOT.jar:?]
	at org.apache.hadoop.ozone.protocolPB.OzoneManagerProtocolServerSideTranslatorPB.submitRequestDirectlyToOM(OzoneManagerProtocolServerSideTranslatorPB.java:274) ~[ozone-manager-1.4.0-SNAPSHOT.jar:?]
	at org.apache.hadoop.ozone.protocolPB.OzoneManagerProtocolServerSideTranslatorPB.processRequest(OzoneManagerProtocolServerSideTranslatorPB.java:175) ~[ozone-manager-1.4.0-SNAPSHOT.jar:?]
	at org.apache.hadoop.hdds.server.OzoneProtocolMessageDispatcher.processRequest(OzoneProtocolMessageDispatcher.java:87) [hdds-server-framework-1.4.0-SNAPSHOT.jar:?]
	at org.apache.hadoop.ozone.protocolPB.OzoneManagerProtocolServerSideTranslatorPB.submitRequest(OzoneManagerProtocolServerSideTranslatorPB.java:148) [ozone-manager-1.4.0-SNAPSHOT.jar:?]
	at org.apache.hadoop.ozone.protocol.proto.OzoneManagerProtocolProtos$OzoneManagerService$2.callBlockingMethod(OzoneManagerProtocolProtos.java) [ozone-interface-client-1.4.0-SNAPSHOT.jar:?]
	at org.apache.hadoop.ipc.ProtobufRpcEngine$Server.processCall(ProtobufRpcEngine.java:484) [hadoop-common-3.3.6.jar:?]
	at org.apache.hadoop.ipc.ProtobufRpcEngine2$Server$ProtoBufRpcInvoker.call(ProtobufRpcEngine2.java:595) [hadoop-common-3.3.6.jar:?]
	at org.apache.hadoop.ipc.ProtobufRpcEngine2$Server$ProtoBufRpcInvoker.call(ProtobufRpcEngine2.java:573) [hadoop-common-3.3.6.jar:?]
	at org.apache.hadoop.ipc.RPC$Server.call(RPC.java:1227) [hadoop-common-3.3.6.jar:?]
	at org.apache.hadoop.ipc.Server$RpcCall.run(Server.java:1094) [hadoop-common-3.3.6.jar:?]
	at org.apache.hadoop.ipc.Server$RpcCall.run(Server.java:1017) [hadoop-common-3.3.6.jar:?]
	at java.security.AccessController.doPrivileged(Native Method) ~[?:1.8.0_382]
	at javax.security.auth.Subject.doAs(Subject.java:422) [?:1.8.0_382]
	at org.apache.hadoop.security.UserGroupInformation.doAs(UserGroupInformation.java:1899) [hadoop-common-3.3.6.jar:?]
	at org.apache.hadoop.ipc.Server$Handler.run(Server.java:3048) [hadoop-common-3.3.6.jar:?]
]]></system-out>
  </testcase>
  <testcase name="testFileDelete" classname="TestOzoneFileSystem" time="0.293">
    <system-out><![CDATA[04:48:39.537 [IPC Server handler 14 on default port 15004] ERROR OMAudit - user=runner | ip=127.0.0.1 | op=GET_FILE_STATUS {volume=volume25901, bucket=bucket39570, key=testBatchDelete, dataSize=0, replicationConfig=null} | ret=FAILURE
org.apache.hadoop.ozone.om.exceptions.OMException: Unable to get file status: volume: volume25901 bucket: bucket39570 key: testBatchDelete
	at org.apache.hadoop.ozone.om.KeyManagerImpl.getOzoneFileStatus(KeyManagerImpl.java:1195) ~[ozone-manager-1.4.0-SNAPSHOT.jar:?]
	at org.apache.hadoop.ozone.om.KeyManagerImpl.getFileStatus(KeyManagerImpl.java:1113) ~[ozone-manager-1.4.0-SNAPSHOT.jar:?]
	at org.apache.hadoop.ozone.om.OmMetadataReader.getFileStatus(OmMetadataReader.java:262) ~[ozone-manager-1.4.0-SNAPSHOT.jar:?]
	at org.apache.hadoop.ozone.om.OzoneManager.getFileStatus(OzoneManager.java:3530) ~[ozone-manager-1.4.0-SNAPSHOT.jar:?]
	at org.apache.hadoop.ozone.protocolPB.OzoneManagerRequestHandler.getOzoneFileStatus(OzoneManagerRequestHandler.java:971) ~[ozone-manager-1.4.0-SNAPSHOT.jar:?]
	at org.apache.hadoop.ozone.protocolPB.OzoneManagerRequestHandler.handleReadRequest(OzoneManagerRequestHandler.java:250) ~[ozone-manager-1.4.0-SNAPSHOT.jar:?]
	at org.apache.hadoop.ozone.protocolPB.OzoneManagerProtocolServerSideTranslatorPB.submitReadRequestToOM(OzoneManagerProtocolServerSideTranslatorPB.java:225) ~[ozone-manager-1.4.0-SNAPSHOT.jar:?]
	at org.apache.hadoop.ozone.protocolPB.OzoneManagerProtocolServerSideTranslatorPB.processRequest(OzoneManagerProtocolServerSideTranslatorPB.java:179) ~[ozone-manager-1.4.0-SNAPSHOT.jar:?]
	at org.apache.hadoop.hdds.server.OzoneProtocolMessageDispatcher.processRequest(OzoneProtocolMessageDispatcher.java:87) [hdds-server-framework-1.4.0-SNAPSHOT.jar:?]
	at org.apache.hadoop.ozone.protocolPB.OzoneManagerProtocolServerSideTranslatorPB.submitRequest(OzoneManagerProtocolServerSideTranslatorPB.java:148) [ozone-manager-1.4.0-SNAPSHOT.jar:?]
	at org.apache.hadoop.ozone.protocol.proto.OzoneManagerProtocolProtos$OzoneManagerService$2.callBlockingMethod(OzoneManagerProtocolProtos.java) [ozone-interface-client-1.4.0-SNAPSHOT.jar:?]
	at org.apache.hadoop.ipc.ProtobufRpcEngine$Server.processCall(ProtobufRpcEngine.java:484) [hadoop-common-3.3.6.jar:?]
	at org.apache.hadoop.ipc.ProtobufRpcEngine2$Server$ProtoBufRpcInvoker.call(ProtobufRpcEngine2.java:595) [hadoop-common-3.3.6.jar:?]
	at org.apache.hadoop.ipc.ProtobufRpcEngine2$Server$ProtoBufRpcInvoker.call(ProtobufRpcEngine2.java:573) [hadoop-common-3.3.6.jar:?]
	at org.apache.hadoop.ipc.RPC$Server.call(RPC.java:1227) [hadoop-common-3.3.6.jar:?]
	at org.apache.hadoop.ipc.Server$RpcCall.run(Server.java:1094) [hadoop-common-3.3.6.jar:?]
	at org.apache.hadoop.ipc.Server$RpcCall.run(Server.java:1017) [hadoop-common-3.3.6.jar:?]
	at java.security.AccessController.doPrivileged(Native Method) ~[?:1.8.0_382]
	at javax.security.auth.Subject.doAs(Subject.java:422) [?:1.8.0_382]
	at org.apache.hadoop.security.UserGroupInformation.doAs(UserGroupInformation.java:1899) [hadoop-common-3.3.6.jar:?]
	at org.apache.hadoop.ipc.Server$Handler.run(Server.java:3048) [hadoop-common-3.3.6.jar:?]
04:48:39.539 [IPC Server handler 15 on default port 15004] ERROR OMAudit - user=runner | ip=127.0.0.1 | op=GET_FILE_STATUS {volume=volume25901, bucket=bucket39570, key=testBatchDelete/parent/child0, dataSize=0, replicationConfig=null} | ret=FAILURE
org.apache.hadoop.ozone.om.exceptions.OMException: Unable to get file status: volume: volume25901 bucket: bucket39570 key: testBatchDelete/parent/child0
	at org.apache.hadoop.ozone.om.KeyManagerImpl.getOzoneFileStatus(KeyManagerImpl.java:1195) ~[ozone-manager-1.4.0-SNAPSHOT.jar:?]
	at org.apache.hadoop.ozone.om.KeyManagerImpl.getFileStatus(KeyManagerImpl.java:1113) ~[ozone-manager-1.4.0-SNAPSHOT.jar:?]
	at org.apache.hadoop.ozone.om.OmMetadataReader.getFileStatus(OmMetadataReader.java:262) ~[ozone-manager-1.4.0-SNAPSHOT.jar:?]
	at org.apache.hadoop.ozone.om.OzoneManager.getFileStatus(OzoneManager.java:3530) ~[ozone-manager-1.4.0-SNAPSHOT.jar:?]
	at org.apache.hadoop.ozone.protocolPB.OzoneManagerRequestHandler.getOzoneFileStatus(OzoneManagerRequestHandler.java:971) ~[ozone-manager-1.4.0-SNAPSHOT.jar:?]
	at org.apache.hadoop.ozone.protocolPB.OzoneManagerRequestHandler.handleReadRequest(OzoneManagerRequestHandler.java:250) ~[ozone-manager-1.4.0-SNAPSHOT.jar:?]
	at org.apache.hadoop.ozone.protocolPB.OzoneManagerProtocolServerSideTranslatorPB.submitReadRequestToOM(OzoneManagerProtocolServerSideTranslatorPB.java:225) ~[ozone-manager-1.4.0-SNAPSHOT.jar:?]
	at org.apache.hadoop.ozone.protocolPB.OzoneManagerProtocolServerSideTranslatorPB.processRequest(OzoneManagerProtocolServerSideTranslatorPB.java:179) ~[ozone-manager-1.4.0-SNAPSHOT.jar:?]
	at org.apache.hadoop.hdds.server.OzoneProtocolMessageDispatcher.processRequest(OzoneProtocolMessageDispatcher.java:87) [hdds-server-framework-1.4.0-SNAPSHOT.jar:?]
	at org.apache.hadoop.ozone.protocolPB.OzoneManagerProtocolServerSideTranslatorPB.submitRequest(OzoneManagerProtocolServerSideTranslatorPB.java:148) [ozone-manager-1.4.0-SNAPSHOT.jar:?]
	at org.apache.hadoop.ozone.protocol.proto.OzoneManagerProtocolProtos$OzoneManagerService$2.callBlockingMethod(OzoneManagerProtocolProtos.java) [ozone-interface-client-1.4.0-SNAPSHOT.jar:?]
	at org.apache.hadoop.ipc.ProtobufRpcEngine$Server.processCall(ProtobufRpcEngine.java:484) [hadoop-common-3.3.6.jar:?]
	at org.apache.hadoop.ipc.ProtobufRpcEngine2$Server$ProtoBufRpcInvoker.call(ProtobufRpcEngine2.java:595) [hadoop-common-3.3.6.jar:?]
	at org.apache.hadoop.ipc.ProtobufRpcEngine2$Server$ProtoBufRpcInvoker.call(ProtobufRpcEngine2.java:573) [hadoop-common-3.3.6.jar:?]
	at org.apache.hadoop.ipc.RPC$Server.call(RPC.java:1227) [hadoop-common-3.3.6.jar:?]
	at org.apache.hadoop.ipc.Server$RpcCall.run(Server.java:1094) [hadoop-common-3.3.6.jar:?]
	at org.apache.hadoop.ipc.Server$RpcCall.run(Server.java:1017) [hadoop-common-3.3.6.jar:?]
	at java.security.AccessController.doPrivileged(Native Method) ~[?:1.8.0_382]
	at javax.security.auth.Subject.doAs(Subject.java:422) [?:1.8.0_382]
	at org.apache.hadoop.security.UserGroupInformation.doAs(UserGroupInformation.java:1899) [hadoop-common-3.3.6.jar:?]
	at org.apache.hadoop.ipc.Server$Handler.run(Server.java:3048) [hadoop-common-3.3.6.jar:?]
04:48:39.542 [IPC Server handler 9 on default port 15004] ERROR OMAudit - user=runner | ip=127.0.0.1 | op=GET_FILE_STATUS {volume=volume25901, bucket=bucket39570, key=testBatchDelete/parent/childFolder/child0, dataSize=0, replicationConfig=null} | ret=FAILURE
org.apache.hadoop.ozone.om.exceptions.OMException: Unable to get file status: volume: volume25901 bucket: bucket39570 key: testBatchDelete/parent/childFolder/child0
	at org.apache.hadoop.ozone.om.KeyManagerImpl.getOzoneFileStatus(KeyManagerImpl.java:1195) ~[ozone-manager-1.4.0-SNAPSHOT.jar:?]
	at org.apache.hadoop.ozone.om.KeyManagerImpl.getFileStatus(KeyManagerImpl.java:1113) ~[ozone-manager-1.4.0-SNAPSHOT.jar:?]
	at org.apache.hadoop.ozone.om.OmMetadataReader.getFileStatus(OmMetadataReader.java:262) ~[ozone-manager-1.4.0-SNAPSHOT.jar:?]
	at org.apache.hadoop.ozone.om.OzoneManager.getFileStatus(OzoneManager.java:3530) ~[ozone-manager-1.4.0-SNAPSHOT.jar:?]
	at org.apache.hadoop.ozone.protocolPB.OzoneManagerRequestHandler.getOzoneFileStatus(OzoneManagerRequestHandler.java:971) ~[ozone-manager-1.4.0-SNAPSHOT.jar:?]
	at org.apache.hadoop.ozone.protocolPB.OzoneManagerRequestHandler.handleReadRequest(OzoneManagerRequestHandler.java:250) ~[ozone-manager-1.4.0-SNAPSHOT.jar:?]
	at org.apache.hadoop.ozone.protocolPB.OzoneManagerProtocolServerSideTranslatorPB.submitReadRequestToOM(OzoneManagerProtocolServerSideTranslatorPB.java:225) ~[ozone-manager-1.4.0-SNAPSHOT.jar:?]
	at org.apache.hadoop.ozone.protocolPB.OzoneManagerProtocolServerSideTranslatorPB.processRequest(OzoneManagerProtocolServerSideTranslatorPB.java:179) ~[ozone-manager-1.4.0-SNAPSHOT.jar:?]
	at org.apache.hadoop.hdds.server.OzoneProtocolMessageDispatcher.processRequest(OzoneProtocolMessageDispatcher.java:87) [hdds-server-framework-1.4.0-SNAPSHOT.jar:?]
	at org.apache.hadoop.ozone.protocolPB.OzoneManagerProtocolServerSideTranslatorPB.submitRequest(OzoneManagerProtocolServerSideTranslatorPB.java:148) [ozone-manager-1.4.0-SNAPSHOT.jar:?]
	at org.apache.hadoop.ozone.protocol.proto.OzoneManagerProtocolProtos$OzoneManagerService$2.callBlockingMethod(OzoneManagerProtocolProtos.java) [ozone-interface-client-1.4.0-SNAPSHOT.jar:?]
	at org.apache.hadoop.ipc.ProtobufRpcEngine$Server.processCall(ProtobufRpcEngine.java:484) [hadoop-common-3.3.6.jar:?]
	at org.apache.hadoop.ipc.ProtobufRpcEngine2$Server$ProtoBufRpcInvoker.call(ProtobufRpcEngine2.java:595) [hadoop-common-3.3.6.jar:?]
	at org.apache.hadoop.ipc.ProtobufRpcEngine2$Server$ProtoBufRpcInvoker.call(ProtobufRpcEngine2.java:573) [hadoop-common-3.3.6.jar:?]
	at org.apache.hadoop.ipc.RPC$Server.call(RPC.java:1227) [hadoop-common-3.3.6.jar:?]
	at org.apache.hadoop.ipc.Server$RpcCall.run(Server.java:1094) [hadoop-common-3.3.6.jar:?]
	at org.apache.hadoop.ipc.Server$RpcCall.run(Server.java:1017) [hadoop-common-3.3.6.jar:?]
	at java.security.AccessController.doPrivileged(Native Method) ~[?:1.8.0_382]
	at javax.security.auth.Subject.doAs(Subject.java:422) [?:1.8.0_382]
	at org.apache.hadoop.security.UserGroupInformation.doAs(UserGroupInformation.java:1899) [hadoop-common-3.3.6.jar:?]
	at org.apache.hadoop.ipc.Server$Handler.run(Server.java:3048) [hadoop-common-3.3.6.jar:?]
04:48:39.543 [IPC Server handler 2 on default port 15004] ERROR OMAudit - user=runner | ip=127.0.0.1 | op=GET_FILE_STATUS {volume=volume25901, bucket=bucket39570, key=testBatchDelete/parent/child1, dataSize=0, replicationConfig=null} | ret=FAILURE
org.apache.hadoop.ozone.om.exceptions.OMException: Unable to get file status: volume: volume25901 bucket: bucket39570 key: testBatchDelete/parent/child1
	at org.apache.hadoop.ozone.om.KeyManagerImpl.getOzoneFileStatus(KeyManagerImpl.java:1195) ~[ozone-manager-1.4.0-SNAPSHOT.jar:?]
	at org.apache.hadoop.ozone.om.KeyManagerImpl.getFileStatus(KeyManagerImpl.java:1113) ~[ozone-manager-1.4.0-SNAPSHOT.jar:?]
	at org.apache.hadoop.ozone.om.OmMetadataReader.getFileStatus(OmMetadataReader.java:262) ~[ozone-manager-1.4.0-SNAPSHOT.jar:?]
	at org.apache.hadoop.ozone.om.OzoneManager.getFileStatus(OzoneManager.java:3530) ~[ozone-manager-1.4.0-SNAPSHOT.jar:?]
	at org.apache.hadoop.ozone.protocolPB.OzoneManagerRequestHandler.getOzoneFileStatus(OzoneManagerRequestHandler.java:971) ~[ozone-manager-1.4.0-SNAPSHOT.jar:?]
	at org.apache.hadoop.ozone.protocolPB.OzoneManagerRequestHandler.handleReadRequest(OzoneManagerRequestHandler.java:250) ~[ozone-manager-1.4.0-SNAPSHOT.jar:?]
	at org.apache.hadoop.ozone.protocolPB.OzoneManagerProtocolServerSideTranslatorPB.submitReadRequestToOM(OzoneManagerProtocolServerSideTranslatorPB.java:225) ~[ozone-manager-1.4.0-SNAPSHOT.jar:?]
	at org.apache.hadoop.ozone.protocolPB.OzoneManagerProtocolServerSideTranslatorPB.processRequest(OzoneManagerProtocolServerSideTranslatorPB.java:179) ~[ozone-manager-1.4.0-SNAPSHOT.jar:?]
	at org.apache.hadoop.hdds.server.OzoneProtocolMessageDispatcher.processRequest(OzoneProtocolMessageDispatcher.java:87) [hdds-server-framework-1.4.0-SNAPSHOT.jar:?]
	at org.apache.hadoop.ozone.protocolPB.OzoneManagerProtocolServerSideTranslatorPB.submitRequest(OzoneManagerProtocolServerSideTranslatorPB.java:148) [ozone-manager-1.4.0-SNAPSHOT.jar:?]
	at org.apache.hadoop.ozone.protocol.proto.OzoneManagerProtocolProtos$OzoneManagerService$2.callBlockingMethod(OzoneManagerProtocolProtos.java) [ozone-interface-client-1.4.0-SNAPSHOT.jar:?]
	at org.apache.hadoop.ipc.ProtobufRpcEngine$Server.processCall(ProtobufRpcEngine.java:484) [hadoop-common-3.3.6.jar:?]
	at org.apache.hadoop.ipc.ProtobufRpcEngine2$Server$ProtoBufRpcInvoker.call(ProtobufRpcEngine2.java:595) [hadoop-common-3.3.6.jar:?]
	at org.apache.hadoop.ipc.ProtobufRpcEngine2$Server$ProtoBufRpcInvoker.call(ProtobufRpcEngine2.java:573) [hadoop-common-3.3.6.jar:?]
	at org.apache.hadoop.ipc.RPC$Server.call(RPC.java:1227) [hadoop-common-3.3.6.jar:?]
	at org.apache.hadoop.ipc.Server$RpcCall.run(Server.java:1094) [hadoop-common-3.3.6.jar:?]
	at org.apache.hadoop.ipc.Server$RpcCall.run(Server.java:1017) [hadoop-common-3.3.6.jar:?]
	at java.security.AccessController.doPrivileged(Native Method) ~[?:1.8.0_382]
	at javax.security.auth.Subject.doAs(Subject.java:422) [?:1.8.0_382]
	at org.apache.hadoop.security.UserGroupInformation.doAs(UserGroupInformation.java:1899) [hadoop-common-3.3.6.jar:?]
	at org.apache.hadoop.ipc.Server$Handler.run(Server.java:3048) [hadoop-common-3.3.6.jar:?]
04:48:39.546 [IPC Server handler 0 on default port 15004] ERROR OMAudit - user=runner | ip=127.0.0.1 | op=GET_FILE_STATUS {volume=volume25901, bucket=bucket39570, key=testBatchDelete/parent/childFolder/child1, dataSize=0, replicationConfig=null} | ret=FAILURE
org.apache.hadoop.ozone.om.exceptions.OMException: Unable to get file status: volume: volume25901 bucket: bucket39570 key: testBatchDelete/parent/childFolder/child1
	at org.apache.hadoop.ozone.om.KeyManagerImpl.getOzoneFileStatus(KeyManagerImpl.java:1195) ~[ozone-manager-1.4.0-SNAPSHOT.jar:?]
	at org.apache.hadoop.ozone.om.KeyManagerImpl.getFileStatus(KeyManagerImpl.java:1113) ~[ozone-manager-1.4.0-SNAPSHOT.jar:?]
	at org.apache.hadoop.ozone.om.OmMetadataReader.getFileStatus(OmMetadataReader.java:262) ~[ozone-manager-1.4.0-SNAPSHOT.jar:?]
	at org.apache.hadoop.ozone.om.OzoneManager.getFileStatus(OzoneManager.java:3530) ~[ozone-manager-1.4.0-SNAPSHOT.jar:?]
	at org.apache.hadoop.ozone.protocolPB.OzoneManagerRequestHandler.getOzoneFileStatus(OzoneManagerRequestHandler.java:971) ~[ozone-manager-1.4.0-SNAPSHOT.jar:?]
	at org.apache.hadoop.ozone.protocolPB.OzoneManagerRequestHandler.handleReadRequest(OzoneManagerRequestHandler.java:250) ~[ozone-manager-1.4.0-SNAPSHOT.jar:?]
	at org.apache.hadoop.ozone.protocolPB.OzoneManagerProtocolServerSideTranslatorPB.submitReadRequestToOM(OzoneManagerProtocolServerSideTranslatorPB.java:225) ~[ozone-manager-1.4.0-SNAPSHOT.jar:?]
	at org.apache.hadoop.ozone.protocolPB.OzoneManagerProtocolServerSideTranslatorPB.processRequest(OzoneManagerProtocolServerSideTranslatorPB.java:179) ~[ozone-manager-1.4.0-SNAPSHOT.jar:?]
	at org.apache.hadoop.hdds.server.OzoneProtocolMessageDispatcher.processRequest(OzoneProtocolMessageDispatcher.java:87) [hdds-server-framework-1.4.0-SNAPSHOT.jar:?]
	at org.apache.hadoop.ozone.protocolPB.OzoneManagerProtocolServerSideTranslatorPB.submitRequest(OzoneManagerProtocolServerSideTranslatorPB.java:148) [ozone-manager-1.4.0-SNAPSHOT.jar:?]
	at org.apache.hadoop.ozone.protocol.proto.OzoneManagerProtocolProtos$OzoneManagerService$2.callBlockingMethod(OzoneManagerProtocolProtos.java) [ozone-interface-client-1.4.0-SNAPSHOT.jar:?]
	at org.apache.hadoop.ipc.ProtobufRpcEngine$Server.processCall(ProtobufRpcEngine.java:484) [hadoop-common-3.3.6.jar:?]
	at org.apache.hadoop.ipc.ProtobufRpcEngine2$Server$ProtoBufRpcInvoker.call(ProtobufRpcEngine2.java:595) [hadoop-common-3.3.6.jar:?]
	at org.apache.hadoop.ipc.ProtobufRpcEngine2$Server$ProtoBufRpcInvoker.call(ProtobufRpcEngine2.java:573) [hadoop-common-3.3.6.jar:?]
	at org.apache.hadoop.ipc.RPC$Server.call(RPC.java:1227) [hadoop-common-3.3.6.jar:?]
	at org.apache.hadoop.ipc.Server$RpcCall.run(Server.java:1094) [hadoop-common-3.3.6.jar:?]
	at org.apache.hadoop.ipc.Server$RpcCall.run(Server.java:1017) [hadoop-common-3.3.6.jar:?]
	at java.security.AccessController.doPrivileged(Native Method) ~[?:1.8.0_382]
	at javax.security.auth.Subject.doAs(Subject.java:422) [?:1.8.0_382]
	at org.apache.hadoop.security.UserGroupInformation.doAs(UserGroupInformation.java:1899) [hadoop-common-3.3.6.jar:?]
	at org.apache.hadoop.ipc.Server$Handler.run(Server.java:3048) [hadoop-common-3.3.6.jar:?]
04:48:39.547 [IPC Server handler 7 on default port 15004] ERROR OMAudit - user=runner | ip=127.0.0.1 | op=GET_FILE_STATUS {volume=volume25901, bucket=bucket39570, key=testBatchDelete/parent/child2, dataSize=0, replicationConfig=null} | ret=FAILURE
org.apache.hadoop.ozone.om.exceptions.OMException: Unable to get file status: volume: volume25901 bucket: bucket39570 key: testBatchDelete/parent/child2
	at org.apache.hadoop.ozone.om.KeyManagerImpl.getOzoneFileStatus(KeyManagerImpl.java:1195) ~[ozone-manager-1.4.0-SNAPSHOT.jar:?]
	at org.apache.hadoop.ozone.om.KeyManagerImpl.getFileStatus(KeyManagerImpl.java:1113) ~[ozone-manager-1.4.0-SNAPSHOT.jar:?]
	at org.apache.hadoop.ozone.om.OmMetadataReader.getFileStatus(OmMetadataReader.java:262) ~[ozone-manager-1.4.0-SNAPSHOT.jar:?]
	at org.apache.hadoop.ozone.om.OzoneManager.getFileStatus(OzoneManager.java:3530) ~[ozone-manager-1.4.0-SNAPSHOT.jar:?]
	at org.apache.hadoop.ozone.protocolPB.OzoneManagerRequestHandler.getOzoneFileStatus(OzoneManagerRequestHandler.java:971) ~[ozone-manager-1.4.0-SNAPSHOT.jar:?]
	at org.apache.hadoop.ozone.protocolPB.OzoneManagerRequestHandler.handleReadRequest(OzoneManagerRequestHandler.java:250) ~[ozone-manager-1.4.0-SNAPSHOT.jar:?]
	at org.apache.hadoop.ozone.protocolPB.OzoneManagerProtocolServerSideTranslatorPB.submitReadRequestToOM(OzoneManagerProtocolServerSideTranslatorPB.java:225) ~[ozone-manager-1.4.0-SNAPSHOT.jar:?]
	at org.apache.hadoop.ozone.protocolPB.OzoneManagerProtocolServerSideTranslatorPB.processRequest(OzoneManagerProtocolServerSideTranslatorPB.java:179) ~[ozone-manager-1.4.0-SNAPSHOT.jar:?]
	at org.apache.hadoop.hdds.server.OzoneProtocolMessageDispatcher.processRequest(OzoneProtocolMessageDispatcher.java:87) [hdds-server-framework-1.4.0-SNAPSHOT.jar:?]
	at org.apache.hadoop.ozone.protocolPB.OzoneManagerProtocolServerSideTranslatorPB.submitRequest(OzoneManagerProtocolServerSideTranslatorPB.java:148) [ozone-manager-1.4.0-SNAPSHOT.jar:?]
	at org.apache.hadoop.ozone.protocol.proto.OzoneManagerProtocolProtos$OzoneManagerService$2.callBlockingMethod(OzoneManagerProtocolProtos.java) [ozone-interface-client-1.4.0-SNAPSHOT.jar:?]
	at org.apache.hadoop.ipc.ProtobufRpcEngine$Server.processCall(ProtobufRpcEngine.java:484) [hadoop-common-3.3.6.jar:?]
	at org.apache.hadoop.ipc.ProtobufRpcEngine2$Server$ProtoBufRpcInvoker.call(ProtobufRpcEngine2.java:595) [hadoop-common-3.3.6.jar:?]
	at org.apache.hadoop.ipc.ProtobufRpcEngine2$Server$ProtoBufRpcInvoker.call(ProtobufRpcEngine2.java:573) [hadoop-common-3.3.6.jar:?]
	at org.apache.hadoop.ipc.RPC$Server.call(RPC.java:1227) [hadoop-common-3.3.6.jar:?]
	at org.apache.hadoop.ipc.Server$RpcCall.run(Server.java:1094) [hadoop-common-3.3.6.jar:?]
	at org.apache.hadoop.ipc.Server$RpcCall.run(Server.java:1017) [hadoop-common-3.3.6.jar:?]
	at java.security.AccessController.doPrivileged(Native Method) ~[?:1.8.0_382]
	at javax.security.auth.Subject.doAs(Subject.java:422) [?:1.8.0_382]
	at org.apache.hadoop.security.UserGroupInformation.doAs(UserGroupInformation.java:1899) [hadoop-common-3.3.6.jar:?]
	at org.apache.hadoop.ipc.Server$Handler.run(Server.java:3048) [hadoop-common-3.3.6.jar:?]
04:48:39.549 [IPC Server handler 10 on default port 15004] ERROR OMAudit - user=runner | ip=127.0.0.1 | op=GET_FILE_STATUS {volume=volume25901, bucket=bucket39570, key=testBatchDelete/parent/childFolder/child2, dataSize=0, replicationConfig=null} | ret=FAILURE
org.apache.hadoop.ozone.om.exceptions.OMException: Unable to get file status: volume: volume25901 bucket: bucket39570 key: testBatchDelete/parent/childFolder/child2
	at org.apache.hadoop.ozone.om.KeyManagerImpl.getOzoneFileStatus(KeyManagerImpl.java:1195) ~[ozone-manager-1.4.0-SNAPSHOT.jar:?]
	at org.apache.hadoop.ozone.om.KeyManagerImpl.getFileStatus(KeyManagerImpl.java:1113) ~[ozone-manager-1.4.0-SNAPSHOT.jar:?]
	at org.apache.hadoop.ozone.om.OmMetadataReader.getFileStatus(OmMetadataReader.java:262) ~[ozone-manager-1.4.0-SNAPSHOT.jar:?]
	at org.apache.hadoop.ozone.om.OzoneManager.getFileStatus(OzoneManager.java:3530) ~[ozone-manager-1.4.0-SNAPSHOT.jar:?]
	at org.apache.hadoop.ozone.protocolPB.OzoneManagerRequestHandler.getOzoneFileStatus(OzoneManagerRequestHandler.java:971) ~[ozone-manager-1.4.0-SNAPSHOT.jar:?]
	at org.apache.hadoop.ozone.protocolPB.OzoneManagerRequestHandler.handleReadRequest(OzoneManagerRequestHandler.java:250) ~[ozone-manager-1.4.0-SNAPSHOT.jar:?]
	at org.apache.hadoop.ozone.protocolPB.OzoneManagerProtocolServerSideTranslatorPB.submitReadRequestToOM(OzoneManagerProtocolServerSideTranslatorPB.java:225) ~[ozone-manager-1.4.0-SNAPSHOT.jar:?]
	at org.apache.hadoop.ozone.protocolPB.OzoneManagerProtocolServerSideTranslatorPB.processRequest(OzoneManagerProtocolServerSideTranslatorPB.java:179) ~[ozone-manager-1.4.0-SNAPSHOT.jar:?]
	at org.apache.hadoop.hdds.server.OzoneProtocolMessageDispatcher.processRequest(OzoneProtocolMessageDispatcher.java:87) [hdds-server-framework-1.4.0-SNAPSHOT.jar:?]
	at org.apache.hadoop.ozone.protocolPB.OzoneManagerProtocolServerSideTranslatorPB.submitRequest(OzoneManagerProtocolServerSideTranslatorPB.java:148) [ozone-manager-1.4.0-SNAPSHOT.jar:?]
	at org.apache.hadoop.ozone.protocol.proto.OzoneManagerProtocolProtos$OzoneManagerService$2.callBlockingMethod(OzoneManagerProtocolProtos.java) [ozone-interface-client-1.4.0-SNAPSHOT.jar:?]
	at org.apache.hadoop.ipc.ProtobufRpcEngine$Server.processCall(ProtobufRpcEngine.java:484) [hadoop-common-3.3.6.jar:?]
	at org.apache.hadoop.ipc.ProtobufRpcEngine2$Server$ProtoBufRpcInvoker.call(ProtobufRpcEngine2.java:595) [hadoop-common-3.3.6.jar:?]
	at org.apache.hadoop.ipc.ProtobufRpcEngine2$Server$ProtoBufRpcInvoker.call(ProtobufRpcEngine2.java:573) [hadoop-common-3.3.6.jar:?]
	at org.apache.hadoop.ipc.RPC$Server.call(RPC.java:1227) [hadoop-common-3.3.6.jar:?]
	at org.apache.hadoop.ipc.Server$RpcCall.run(Server.java:1094) [hadoop-common-3.3.6.jar:?]
	at org.apache.hadoop.ipc.Server$RpcCall.run(Server.java:1017) [hadoop-common-3.3.6.jar:?]
	at java.security.AccessController.doPrivileged(Native Method) ~[?:1.8.0_382]
	at javax.security.auth.Subject.doAs(Subject.java:422) [?:1.8.0_382]
	at org.apache.hadoop.security.UserGroupInformation.doAs(UserGroupInformation.java:1899) [hadoop-common-3.3.6.jar:?]
	at org.apache.hadoop.ipc.Server$Handler.run(Server.java:3048) [hadoop-common-3.3.6.jar:?]
04:48:39.551 [IPC Server handler 3 on default port 15004] ERROR OMAudit - user=runner | ip=127.0.0.1 | op=GET_FILE_STATUS {volume=volume25901, bucket=bucket39570, key=testBatchDelete/parent/child3, dataSize=0, replicationConfig=null} | ret=FAILURE
org.apache.hadoop.ozone.om.exceptions.OMException: Unable to get file status: volume: volume25901 bucket: bucket39570 key: testBatchDelete/parent/child3
	at org.apache.hadoop.ozone.om.KeyManagerImpl.getOzoneFileStatus(KeyManagerImpl.java:1195) ~[ozone-manager-1.4.0-SNAPSHOT.jar:?]
	at org.apache.hadoop.ozone.om.KeyManagerImpl.getFileStatus(KeyManagerImpl.java:1113) ~[ozone-manager-1.4.0-SNAPSHOT.jar:?]
	at org.apache.hadoop.ozone.om.OmMetadataReader.getFileStatus(OmMetadataReader.java:262) ~[ozone-manager-1.4.0-SNAPSHOT.jar:?]
	at org.apache.hadoop.ozone.om.OzoneManager.getFileStatus(OzoneManager.java:3530) ~[ozone-manager-1.4.0-SNAPSHOT.jar:?]
	at org.apache.hadoop.ozone.protocolPB.OzoneManagerRequestHandler.getOzoneFileStatus(OzoneManagerRequestHandler.java:971) ~[ozone-manager-1.4.0-SNAPSHOT.jar:?]
	at org.apache.hadoop.ozone.protocolPB.OzoneManagerRequestHandler.handleReadRequest(OzoneManagerRequestHandler.java:250) ~[ozone-manager-1.4.0-SNAPSHOT.jar:?]
	at org.apache.hadoop.ozone.protocolPB.OzoneManagerProtocolServerSideTranslatorPB.submitReadRequestToOM(OzoneManagerProtocolServerSideTranslatorPB.java:225) ~[ozone-manager-1.4.0-SNAPSHOT.jar:?]
	at org.apache.hadoop.ozone.protocolPB.OzoneManagerProtocolServerSideTranslatorPB.processRequest(OzoneManagerProtocolServerSideTranslatorPB.java:179) ~[ozone-manager-1.4.0-SNAPSHOT.jar:?]
	at org.apache.hadoop.hdds.server.OzoneProtocolMessageDispatcher.processRequest(OzoneProtocolMessageDispatcher.java:87) [hdds-server-framework-1.4.0-SNAPSHOT.jar:?]
	at org.apache.hadoop.ozone.protocolPB.OzoneManagerProtocolServerSideTranslatorPB.submitRequest(OzoneManagerProtocolServerSideTranslatorPB.java:148) [ozone-manager-1.4.0-SNAPSHOT.jar:?]
	at org.apache.hadoop.ozone.protocol.proto.OzoneManagerProtocolProtos$OzoneManagerService$2.callBlockingMethod(OzoneManagerProtocolProtos.java) [ozone-interface-client-1.4.0-SNAPSHOT.jar:?]
	at org.apache.hadoop.ipc.ProtobufRpcEngine$Server.processCall(ProtobufRpcEngine.java:484) [hadoop-common-3.3.6.jar:?]
	at org.apache.hadoop.ipc.ProtobufRpcEngine2$Server$ProtoBufRpcInvoker.call(ProtobufRpcEngine2.java:595) [hadoop-common-3.3.6.jar:?]
	at org.apache.hadoop.ipc.ProtobufRpcEngine2$Server$ProtoBufRpcInvoker.call(ProtobufRpcEngine2.java:573) [hadoop-common-3.3.6.jar:?]
	at org.apache.hadoop.ipc.RPC$Server.call(RPC.java:1227) [hadoop-common-3.3.6.jar:?]
	at org.apache.hadoop.ipc.Server$RpcCall.run(Server.java:1094) [hadoop-common-3.3.6.jar:?]
	at org.apache.hadoop.ipc.Server$RpcCall.run(Server.java:1017) [hadoop-common-3.3.6.jar:?]
	at java.security.AccessController.doPrivileged(Native Method) ~[?:1.8.0_382]
	at javax.security.auth.Subject.doAs(Subject.java:422) [?:1.8.0_382]
	at org.apache.hadoop.security.UserGroupInformation.doAs(UserGroupInformation.java:1899) [hadoop-common-3.3.6.jar:?]
	at org.apache.hadoop.ipc.Server$Handler.run(Server.java:3048) [hadoop-common-3.3.6.jar:?]
04:48:39.553 [IPC Server handler 1 on default port 15004] ERROR OMAudit - user=runner | ip=127.0.0.1 | op=GET_FILE_STATUS {volume=volume25901, bucket=bucket39570, key=testBatchDelete/parent/childFolder/child3, dataSize=0, replicationConfig=null} | ret=FAILURE
org.apache.hadoop.ozone.om.exceptions.OMException: Unable to get file status: volume: volume25901 bucket: bucket39570 key: testBatchDelete/parent/childFolder/child3
	at org.apache.hadoop.ozone.om.KeyManagerImpl.getOzoneFileStatus(KeyManagerImpl.java:1195) ~[ozone-manager-1.4.0-SNAPSHOT.jar:?]
	at org.apache.hadoop.ozone.om.KeyManagerImpl.getFileStatus(KeyManagerImpl.java:1113) ~[ozone-manager-1.4.0-SNAPSHOT.jar:?]
	at org.apache.hadoop.ozone.om.OmMetadataReader.getFileStatus(OmMetadataReader.java:262) ~[ozone-manager-1.4.0-SNAPSHOT.jar:?]
	at org.apache.hadoop.ozone.om.OzoneManager.getFileStatus(OzoneManager.java:3530) ~[ozone-manager-1.4.0-SNAPSHOT.jar:?]
	at org.apache.hadoop.ozone.protocolPB.OzoneManagerRequestHandler.getOzoneFileStatus(OzoneManagerRequestHandler.java:971) ~[ozone-manager-1.4.0-SNAPSHOT.jar:?]
	at org.apache.hadoop.ozone.protocolPB.OzoneManagerRequestHandler.handleReadRequest(OzoneManagerRequestHandler.java:250) ~[ozone-manager-1.4.0-SNAPSHOT.jar:?]
	at org.apache.hadoop.ozone.protocolPB.OzoneManagerProtocolServerSideTranslatorPB.submitReadRequestToOM(OzoneManagerProtocolServerSideTranslatorPB.java:225) ~[ozone-manager-1.4.0-SNAPSHOT.jar:?]
	at org.apache.hadoop.ozone.protocolPB.OzoneManagerProtocolServerSideTranslatorPB.processRequest(OzoneManagerProtocolServerSideTranslatorPB.java:179) ~[ozone-manager-1.4.0-SNAPSHOT.jar:?]
	at org.apache.hadoop.hdds.server.OzoneProtocolMessageDispatcher.processRequest(OzoneProtocolMessageDispatcher.java:87) [hdds-server-framework-1.4.0-SNAPSHOT.jar:?]
	at org.apache.hadoop.ozone.protocolPB.OzoneManagerProtocolServerSideTranslatorPB.submitRequest(OzoneManagerProtocolServerSideTranslatorPB.java:148) [ozone-manager-1.4.0-SNAPSHOT.jar:?]
	at org.apache.hadoop.ozone.protocol.proto.OzoneManagerProtocolProtos$OzoneManagerService$2.callBlockingMethod(OzoneManagerProtocolProtos.java) [ozone-interface-client-1.4.0-SNAPSHOT.jar:?]
	at org.apache.hadoop.ipc.ProtobufRpcEngine$Server.processCall(ProtobufRpcEngine.java:484) [hadoop-common-3.3.6.jar:?]
	at org.apache.hadoop.ipc.ProtobufRpcEngine2$Server$ProtoBufRpcInvoker.call(ProtobufRpcEngine2.java:595) [hadoop-common-3.3.6.jar:?]
	at org.apache.hadoop.ipc.ProtobufRpcEngine2$Server$ProtoBufRpcInvoker.call(ProtobufRpcEngine2.java:573) [hadoop-common-3.3.6.jar:?]
	at org.apache.hadoop.ipc.RPC$Server.call(RPC.java:1227) [hadoop-common-3.3.6.jar:?]
	at org.apache.hadoop.ipc.Server$RpcCall.run(Server.java:1094) [hadoop-common-3.3.6.jar:?]
	at org.apache.hadoop.ipc.Server$RpcCall.run(Server.java:1017) [hadoop-common-3.3.6.jar:?]
	at java.security.AccessController.doPrivileged(Native Method) ~[?:1.8.0_382]
	at javax.security.auth.Subject.doAs(Subject.java:422) [?:1.8.0_382]
	at org.apache.hadoop.security.UserGroupInformation.doAs(UserGroupInformation.java:1899) [hadoop-common-3.3.6.jar:?]
	at org.apache.hadoop.ipc.Server$Handler.run(Server.java:3048) [hadoop-common-3.3.6.jar:?]
04:48:39.555 [IPC Server handler 5 on default port 15004] ERROR OMAudit - user=runner | ip=127.0.0.1 | op=GET_FILE_STATUS {volume=volume25901, bucket=bucket39570, key=testBatchDelete/parent/child4, dataSize=0, replicationConfig=null} | ret=FAILURE
org.apache.hadoop.ozone.om.exceptions.OMException: Unable to get file status: volume: volume25901 bucket: bucket39570 key: testBatchDelete/parent/child4
	at org.apache.hadoop.ozone.om.KeyManagerImpl.getOzoneFileStatus(KeyManagerImpl.java:1195) ~[ozone-manager-1.4.0-SNAPSHOT.jar:?]
	at org.apache.hadoop.ozone.om.KeyManagerImpl.getFileStatus(KeyManagerImpl.java:1113) ~[ozone-manager-1.4.0-SNAPSHOT.jar:?]
	at org.apache.hadoop.ozone.om.OmMetadataReader.getFileStatus(OmMetadataReader.java:262) ~[ozone-manager-1.4.0-SNAPSHOT.jar:?]
	at org.apache.hadoop.ozone.om.OzoneManager.getFileStatus(OzoneManager.java:3530) ~[ozone-manager-1.4.0-SNAPSHOT.jar:?]
	at org.apache.hadoop.ozone.protocolPB.OzoneManagerRequestHandler.getOzoneFileStatus(OzoneManagerRequestHandler.java:971) ~[ozone-manager-1.4.0-SNAPSHOT.jar:?]
	at org.apache.hadoop.ozone.protocolPB.OzoneManagerRequestHandler.handleReadRequest(OzoneManagerRequestHandler.java:250) ~[ozone-manager-1.4.0-SNAPSHOT.jar:?]
	at org.apache.hadoop.ozone.protocolPB.OzoneManagerProtocolServerSideTranslatorPB.submitReadRequestToOM(OzoneManagerProtocolServerSideTranslatorPB.java:225) ~[ozone-manager-1.4.0-SNAPSHOT.jar:?]
	at org.apache.hadoop.ozone.protocolPB.OzoneManagerProtocolServerSideTranslatorPB.processRequest(OzoneManagerProtocolServerSideTranslatorPB.java:179) ~[ozone-manager-1.4.0-SNAPSHOT.jar:?]
	at org.apache.hadoop.hdds.server.OzoneProtocolMessageDispatcher.processRequest(OzoneProtocolMessageDispatcher.java:87) [hdds-server-framework-1.4.0-SNAPSHOT.jar:?]
	at org.apache.hadoop.ozone.protocolPB.OzoneManagerProtocolServerSideTranslatorPB.submitRequest(OzoneManagerProtocolServerSideTranslatorPB.java:148) [ozone-manager-1.4.0-SNAPSHOT.jar:?]
	at org.apache.hadoop.ozone.protocol.proto.OzoneManagerProtocolProtos$OzoneManagerService$2.callBlockingMethod(OzoneManagerProtocolProtos.java) [ozone-interface-client-1.4.0-SNAPSHOT.jar:?]
	at org.apache.hadoop.ipc.ProtobufRpcEngine$Server.processCall(ProtobufRpcEngine.java:484) [hadoop-common-3.3.6.jar:?]
	at org.apache.hadoop.ipc.ProtobufRpcEngine2$Server$ProtoBufRpcInvoker.call(ProtobufRpcEngine2.java:595) [hadoop-common-3.3.6.jar:?]
	at org.apache.hadoop.ipc.ProtobufRpcEngine2$Server$ProtoBufRpcInvoker.call(ProtobufRpcEngine2.java:573) [hadoop-common-3.3.6.jar:?]
	at org.apache.hadoop.ipc.RPC$Server.call(RPC.java:1227) [hadoop-common-3.3.6.jar:?]
	at org.apache.hadoop.ipc.Server$RpcCall.run(Server.java:1094) [hadoop-common-3.3.6.jar:?]
	at org.apache.hadoop.ipc.Server$RpcCall.run(Server.java:1017) [hadoop-common-3.3.6.jar:?]
	at java.security.AccessController.doPrivileged(Native Method) ~[?:1.8.0_382]
	at javax.security.auth.Subject.doAs(Subject.java:422) [?:1.8.0_382]
	at org.apache.hadoop.security.UserGroupInformation.doAs(UserGroupInformation.java:1899) [hadoop-common-3.3.6.jar:?]
	at org.apache.hadoop.ipc.Server$Handler.run(Server.java:3048) [hadoop-common-3.3.6.jar:?]
04:48:39.557 [IPC Server handler 8 on default port 15004] ERROR OMAudit - user=runner | ip=127.0.0.1 | op=GET_FILE_STATUS {volume=volume25901, bucket=bucket39570, key=testBatchDelete/parent/childFolder/child4, dataSize=0, replicationConfig=null} | ret=FAILURE
org.apache.hadoop.ozone.om.exceptions.OMException: Unable to get file status: volume: volume25901 bucket: bucket39570 key: testBatchDelete/parent/childFolder/child4
	at org.apache.hadoop.ozone.om.KeyManagerImpl.getOzoneFileStatus(KeyManagerImpl.java:1195) ~[ozone-manager-1.4.0-SNAPSHOT.jar:?]
	at org.apache.hadoop.ozone.om.KeyManagerImpl.getFileStatus(KeyManagerImpl.java:1113) ~[ozone-manager-1.4.0-SNAPSHOT.jar:?]
	at org.apache.hadoop.ozone.om.OmMetadataReader.getFileStatus(OmMetadataReader.java:262) ~[ozone-manager-1.4.0-SNAPSHOT.jar:?]
	at org.apache.hadoop.ozone.om.OzoneManager.getFileStatus(OzoneManager.java:3530) ~[ozone-manager-1.4.0-SNAPSHOT.jar:?]
	at org.apache.hadoop.ozone.protocolPB.OzoneManagerRequestHandler.getOzoneFileStatus(OzoneManagerRequestHandler.java:971) ~[ozone-manager-1.4.0-SNAPSHOT.jar:?]
	at org.apache.hadoop.ozone.protocolPB.OzoneManagerRequestHandler.handleReadRequest(OzoneManagerRequestHandler.java:250) ~[ozone-manager-1.4.0-SNAPSHOT.jar:?]
	at org.apache.hadoop.ozone.protocolPB.OzoneManagerProtocolServerSideTranslatorPB.submitReadRequestToOM(OzoneManagerProtocolServerSideTranslatorPB.java:225) ~[ozone-manager-1.4.0-SNAPSHOT.jar:?]
	at org.apache.hadoop.ozone.protocolPB.OzoneManagerProtocolServerSideTranslatorPB.processRequest(OzoneManagerProtocolServerSideTranslatorPB.java:179) ~[ozone-manager-1.4.0-SNAPSHOT.jar:?]
	at org.apache.hadoop.hdds.server.OzoneProtocolMessageDispatcher.processRequest(OzoneProtocolMessageDispatcher.java:87) [hdds-server-framework-1.4.0-SNAPSHOT.jar:?]
	at org.apache.hadoop.ozone.protocolPB.OzoneManagerProtocolServerSideTranslatorPB.submitRequest(OzoneManagerProtocolServerSideTranslatorPB.java:148) [ozone-manager-1.4.0-SNAPSHOT.jar:?]
	at org.apache.hadoop.ozone.protocol.proto.OzoneManagerProtocolProtos$OzoneManagerService$2.callBlockingMethod(OzoneManagerProtocolProtos.java) [ozone-interface-client-1.4.0-SNAPSHOT.jar:?]
	at org.apache.hadoop.ipc.ProtobufRpcEngine$Server.processCall(ProtobufRpcEngine.java:484) [hadoop-common-3.3.6.jar:?]
	at org.apache.hadoop.ipc.ProtobufRpcEngine2$Server$ProtoBufRpcInvoker.call(ProtobufRpcEngine2.java:595) [hadoop-common-3.3.6.jar:?]
	at org.apache.hadoop.ipc.ProtobufRpcEngine2$Server$ProtoBufRpcInvoker.call(ProtobufRpcEngine2.java:573) [hadoop-common-3.3.6.jar:?]
	at org.apache.hadoop.ipc.RPC$Server.call(RPC.java:1227) [hadoop-common-3.3.6.jar:?]
	at org.apache.hadoop.ipc.Server$RpcCall.run(Server.java:1094) [hadoop-common-3.3.6.jar:?]
	at org.apache.hadoop.ipc.Server$RpcCall.run(Server.java:1017) [hadoop-common-3.3.6.jar:?]
	at java.security.AccessController.doPrivileged(Native Method) ~[?:1.8.0_382]
	at javax.security.auth.Subject.doAs(Subject.java:422) [?:1.8.0_382]
	at org.apache.hadoop.security.UserGroupInformation.doAs(UserGroupInformation.java:1899) [hadoop-common-3.3.6.jar:?]
	at org.apache.hadoop.ipc.Server$Handler.run(Server.java:3048) [hadoop-common-3.3.6.jar:?]
04:48:39.558 [IPC Server handler 4 on default port 15004] ERROR OMAudit - user=runner | ip=127.0.0.1 | op=GET_FILE_STATUS {volume=volume25901, bucket=bucket39570, key=testBatchDelete/parent/child5, dataSize=0, replicationConfig=null} | ret=FAILURE
org.apache.hadoop.ozone.om.exceptions.OMException: Unable to get file status: volume: volume25901 bucket: bucket39570 key: testBatchDelete/parent/child5
	at org.apache.hadoop.ozone.om.KeyManagerImpl.getOzoneFileStatus(KeyManagerImpl.java:1195) ~[ozone-manager-1.4.0-SNAPSHOT.jar:?]
	at org.apache.hadoop.ozone.om.KeyManagerImpl.getFileStatus(KeyManagerImpl.java:1113) ~[ozone-manager-1.4.0-SNAPSHOT.jar:?]
	at org.apache.hadoop.ozone.om.OmMetadataReader.getFileStatus(OmMetadataReader.java:262) ~[ozone-manager-1.4.0-SNAPSHOT.jar:?]
	at org.apache.hadoop.ozone.om.OzoneManager.getFileStatus(OzoneManager.java:3530) ~[ozone-manager-1.4.0-SNAPSHOT.jar:?]
	at org.apache.hadoop.ozone.protocolPB.OzoneManagerRequestHandler.getOzoneFileStatus(OzoneManagerRequestHandler.java:971) ~[ozone-manager-1.4.0-SNAPSHOT.jar:?]
	at org.apache.hadoop.ozone.protocolPB.OzoneManagerRequestHandler.handleReadRequest(OzoneManagerRequestHandler.java:250) ~[ozone-manager-1.4.0-SNAPSHOT.jar:?]
	at org.apache.hadoop.ozone.protocolPB.OzoneManagerProtocolServerSideTranslatorPB.submitReadRequestToOM(OzoneManagerProtocolServerSideTranslatorPB.java:225) ~[ozone-manager-1.4.0-SNAPSHOT.jar:?]
	at org.apache.hadoop.ozone.protocolPB.OzoneManagerProtocolServerSideTranslatorPB.processRequest(OzoneManagerProtocolServerSideTranslatorPB.java:179) ~[ozone-manager-1.4.0-SNAPSHOT.jar:?]
	at org.apache.hadoop.hdds.server.OzoneProtocolMessageDispatcher.processRequest(OzoneProtocolMessageDispatcher.java:87) [hdds-server-framework-1.4.0-SNAPSHOT.jar:?]
	at org.apache.hadoop.ozone.protocolPB.OzoneManagerProtocolServerSideTranslatorPB.submitRequest(OzoneManagerProtocolServerSideTranslatorPB.java:148) [ozone-manager-1.4.0-SNAPSHOT.jar:?]
	at org.apache.hadoop.ozone.protocol.proto.OzoneManagerProtocolProtos$OzoneManagerService$2.callBlockingMethod(OzoneManagerProtocolProtos.java) [ozone-interface-client-1.4.0-SNAPSHOT.jar:?]
	at org.apache.hadoop.ipc.ProtobufRpcEngine$Server.processCall(ProtobufRpcEngine.java:484) [hadoop-common-3.3.6.jar:?]
	at org.apache.hadoop.ipc.ProtobufRpcEngine2$Server$ProtoBufRpcInvoker.call(ProtobufRpcEngine2.java:595) [hadoop-common-3.3.6.jar:?]
	at org.apache.hadoop.ipc.ProtobufRpcEngine2$Server$ProtoBufRpcInvoker.call(ProtobufRpcEngine2.java:573) [hadoop-common-3.3.6.jar:?]
	at org.apache.hadoop.ipc.RPC$Server.call(RPC.java:1227) [hadoop-common-3.3.6.jar:?]
	at org.apache.hadoop.ipc.Server$RpcCall.run(Server.java:1094) [hadoop-common-3.3.6.jar:?]
	at org.apache.hadoop.ipc.Server$RpcCall.run(Server.java:1017) [hadoop-common-3.3.6.jar:?]
	at java.security.AccessController.doPrivileged(Native Method) ~[?:1.8.0_382]
	at javax.security.auth.Subject.doAs(Subject.java:422) [?:1.8.0_382]
	at org.apache.hadoop.security.UserGroupInformation.doAs(UserGroupInformation.java:1899) [hadoop-common-3.3.6.jar:?]
	at org.apache.hadoop.ipc.Server$Handler.run(Server.java:3048) [hadoop-common-3.3.6.jar:?]
04:48:39.560 [IPC Server handler 19 on default port 15004] ERROR OMAudit - user=runner | ip=127.0.0.1 | op=GET_FILE_STATUS {volume=volume25901, bucket=bucket39570, key=testBatchDelete/parent/childFolder/child5, dataSize=0, replicationConfig=null} | ret=FAILURE
org.apache.hadoop.ozone.om.exceptions.OMException: Unable to get file status: volume: volume25901 bucket: bucket39570 key: testBatchDelete/parent/childFolder/child5
	at org.apache.hadoop.ozone.om.KeyManagerImpl.getOzoneFileStatus(KeyManagerImpl.java:1195) ~[ozone-manager-1.4.0-SNAPSHOT.jar:?]
	at org.apache.hadoop.ozone.om.KeyManagerImpl.getFileStatus(KeyManagerImpl.java:1113) ~[ozone-manager-1.4.0-SNAPSHOT.jar:?]
	at org.apache.hadoop.ozone.om.OmMetadataReader.getFileStatus(OmMetadataReader.java:262) ~[ozone-manager-1.4.0-SNAPSHOT.jar:?]
	at org.apache.hadoop.ozone.om.OzoneManager.getFileStatus(OzoneManager.java:3530) ~[ozone-manager-1.4.0-SNAPSHOT.jar:?]
	at org.apache.hadoop.ozone.protocolPB.OzoneManagerRequestHandler.getOzoneFileStatus(OzoneManagerRequestHandler.java:971) ~[ozone-manager-1.4.0-SNAPSHOT.jar:?]
	at org.apache.hadoop.ozone.protocolPB.OzoneManagerRequestHandler.handleReadRequest(OzoneManagerRequestHandler.java:250) ~[ozone-manager-1.4.0-SNAPSHOT.jar:?]
	at org.apache.hadoop.ozone.protocolPB.OzoneManagerProtocolServerSideTranslatorPB.submitReadRequestToOM(OzoneManagerProtocolServerSideTranslatorPB.java:225) ~[ozone-manager-1.4.0-SNAPSHOT.jar:?]
	at org.apache.hadoop.ozone.protocolPB.OzoneManagerProtocolServerSideTranslatorPB.processRequest(OzoneManagerProtocolServerSideTranslatorPB.java:179) ~[ozone-manager-1.4.0-SNAPSHOT.jar:?]
	at org.apache.hadoop.hdds.server.OzoneProtocolMessageDispatcher.processRequest(OzoneProtocolMessageDispatcher.java:87) [hdds-server-framework-1.4.0-SNAPSHOT.jar:?]
	at org.apache.hadoop.ozone.protocolPB.OzoneManagerProtocolServerSideTranslatorPB.submitRequest(OzoneManagerProtocolServerSideTranslatorPB.java:148) [ozone-manager-1.4.0-SNAPSHOT.jar:?]
	at org.apache.hadoop.ozone.protocol.proto.OzoneManagerProtocolProtos$OzoneManagerService$2.callBlockingMethod(OzoneManagerProtocolProtos.java) [ozone-interface-client-1.4.0-SNAPSHOT.jar:?]
	at org.apache.hadoop.ipc.ProtobufRpcEngine$Server.processCall(ProtobufRpcEngine.java:484) [hadoop-common-3.3.6.jar:?]
	at org.apache.hadoop.ipc.ProtobufRpcEngine2$Server$ProtoBufRpcInvoker.call(ProtobufRpcEngine2.java:595) [hadoop-common-3.3.6.jar:?]
	at org.apache.hadoop.ipc.ProtobufRpcEngine2$Server$ProtoBufRpcInvoker.call(ProtobufRpcEngine2.java:573) [hadoop-common-3.3.6.jar:?]
	at org.apache.hadoop.ipc.RPC$Server.call(RPC.java:1227) [hadoop-common-3.3.6.jar:?]
	at org.apache.hadoop.ipc.Server$RpcCall.run(Server.java:1094) [hadoop-common-3.3.6.jar:?]
	at org.apache.hadoop.ipc.Server$RpcCall.run(Server.java:1017) [hadoop-common-3.3.6.jar:?]
	at java.security.AccessController.doPrivileged(Native Method) ~[?:1.8.0_382]
	at javax.security.auth.Subject.doAs(Subject.java:422) [?:1.8.0_382]
	at org.apache.hadoop.security.UserGroupInformation.doAs(UserGroupInformation.java:1899) [hadoop-common-3.3.6.jar:?]
	at org.apache.hadoop.ipc.Server$Handler.run(Server.java:3048) [hadoop-common-3.3.6.jar:?]
04:48:39.562 [IPC Server handler 12 on default port 15004] ERROR OMAudit - user=runner | ip=127.0.0.1 | op=GET_FILE_STATUS {volume=volume25901, bucket=bucket39570, key=testBatchDelete/parent/child6, dataSize=0, replicationConfig=null} | ret=FAILURE
org.apache.hadoop.ozone.om.exceptions.OMException: Unable to get file status: volume: volume25901 bucket: bucket39570 key: testBatchDelete/parent/child6
	at org.apache.hadoop.ozone.om.KeyManagerImpl.getOzoneFileStatus(KeyManagerImpl.java:1195) ~[ozone-manager-1.4.0-SNAPSHOT.jar:?]
	at org.apache.hadoop.ozone.om.KeyManagerImpl.getFileStatus(KeyManagerImpl.java:1113) ~[ozone-manager-1.4.0-SNAPSHOT.jar:?]
	at org.apache.hadoop.ozone.om.OmMetadataReader.getFileStatus(OmMetadataReader.java:262) ~[ozone-manager-1.4.0-SNAPSHOT.jar:?]
	at org.apache.hadoop.ozone.om.OzoneManager.getFileStatus(OzoneManager.java:3530) ~[ozone-manager-1.4.0-SNAPSHOT.jar:?]
	at org.apache.hadoop.ozone.protocolPB.OzoneManagerRequestHandler.getOzoneFileStatus(OzoneManagerRequestHandler.java:971) ~[ozone-manager-1.4.0-SNAPSHOT.jar:?]
	at org.apache.hadoop.ozone.protocolPB.OzoneManagerRequestHandler.handleReadRequest(OzoneManagerRequestHandler.java:250) ~[ozone-manager-1.4.0-SNAPSHOT.jar:?]
	at org.apache.hadoop.ozone.protocolPB.OzoneManagerProtocolServerSideTranslatorPB.submitReadRequestToOM(OzoneManagerProtocolServerSideTranslatorPB.java:225) ~[ozone-manager-1.4.0-SNAPSHOT.jar:?]
	at org.apache.hadoop.ozone.protocolPB.OzoneManagerProtocolServerSideTranslatorPB.processRequest(OzoneManagerProtocolServerSideTranslatorPB.java:179) ~[ozone-manager-1.4.0-SNAPSHOT.jar:?]
	at org.apache.hadoop.hdds.server.OzoneProtocolMessageDispatcher.processRequest(OzoneProtocolMessageDispatcher.java:87) [hdds-server-framework-1.4.0-SNAPSHOT.jar:?]
	at org.apache.hadoop.ozone.protocolPB.OzoneManagerProtocolServerSideTranslatorPB.submitRequest(OzoneManagerProtocolServerSideTranslatorPB.java:148) [ozone-manager-1.4.0-SNAPSHOT.jar:?]
	at org.apache.hadoop.ozone.protocol.proto.OzoneManagerProtocolProtos$OzoneManagerService$2.callBlockingMethod(OzoneManagerProtocolProtos.java) [ozone-interface-client-1.4.0-SNAPSHOT.jar:?]
	at org.apache.hadoop.ipc.ProtobufRpcEngine$Server.processCall(ProtobufRpcEngine.java:484) [hadoop-common-3.3.6.jar:?]
	at org.apache.hadoop.ipc.ProtobufRpcEngine2$Server$ProtoBufRpcInvoker.call(ProtobufRpcEngine2.java:595) [hadoop-common-3.3.6.jar:?]
	at org.apache.hadoop.ipc.ProtobufRpcEngine2$Server$ProtoBufRpcInvoker.call(ProtobufRpcEngine2.java:573) [hadoop-common-3.3.6.jar:?]
	at org.apache.hadoop.ipc.RPC$Server.call(RPC.java:1227) [hadoop-common-3.3.6.jar:?]
	at org.apache.hadoop.ipc.Server$RpcCall.run(Server.java:1094) [hadoop-common-3.3.6.jar:?]
	at org.apache.hadoop.ipc.Server$RpcCall.run(Server.java:1017) [hadoop-common-3.3.6.jar:?]
	at java.security.AccessController.doPrivileged(Native Method) ~[?:1.8.0_382]
	at javax.security.auth.Subject.doAs(Subject.java:422) [?:1.8.0_382]
	at org.apache.hadoop.security.UserGroupInformation.doAs(UserGroupInformation.java:1899) [hadoop-common-3.3.6.jar:?]
	at org.apache.hadoop.ipc.Server$Handler.run(Server.java:3048) [hadoop-common-3.3.6.jar:?]
04:48:39.564 [IPC Server handler 18 on default port 15004] ERROR OMAudit - user=runner | ip=127.0.0.1 | op=GET_FILE_STATUS {volume=volume25901, bucket=bucket39570, key=testBatchDelete/parent/childFolder/child6, dataSize=0, replicationConfig=null} | ret=FAILURE
org.apache.hadoop.ozone.om.exceptions.OMException: Unable to get file status: volume: volume25901 bucket: bucket39570 key: testBatchDelete/parent/childFolder/child6
	at org.apache.hadoop.ozone.om.KeyManagerImpl.getOzoneFileStatus(KeyManagerImpl.java:1195) ~[ozone-manager-1.4.0-SNAPSHOT.jar:?]
	at org.apache.hadoop.ozone.om.KeyManagerImpl.getFileStatus(KeyManagerImpl.java:1113) ~[ozone-manager-1.4.0-SNAPSHOT.jar:?]
	at org.apache.hadoop.ozone.om.OmMetadataReader.getFileStatus(OmMetadataReader.java:262) ~[ozone-manager-1.4.0-SNAPSHOT.jar:?]
	at org.apache.hadoop.ozone.om.OzoneManager.getFileStatus(OzoneManager.java:3530) ~[ozone-manager-1.4.0-SNAPSHOT.jar:?]
	at org.apache.hadoop.ozone.protocolPB.OzoneManagerRequestHandler.getOzoneFileStatus(OzoneManagerRequestHandler.java:971) ~[ozone-manager-1.4.0-SNAPSHOT.jar:?]
	at org.apache.hadoop.ozone.protocolPB.OzoneManagerRequestHandler.handleReadRequest(OzoneManagerRequestHandler.java:250) ~[ozone-manager-1.4.0-SNAPSHOT.jar:?]
	at org.apache.hadoop.ozone.protocolPB.OzoneManagerProtocolServerSideTranslatorPB.submitReadRequestToOM(OzoneManagerProtocolServerSideTranslatorPB.java:225) ~[ozone-manager-1.4.0-SNAPSHOT.jar:?]
	at org.apache.hadoop.ozone.protocolPB.OzoneManagerProtocolServerSideTranslatorPB.processRequest(OzoneManagerProtocolServerSideTranslatorPB.java:179) ~[ozone-manager-1.4.0-SNAPSHOT.jar:?]
	at org.apache.hadoop.hdds.server.OzoneProtocolMessageDispatcher.processRequest(OzoneProtocolMessageDispatcher.java:87) [hdds-server-framework-1.4.0-SNAPSHOT.jar:?]
	at org.apache.hadoop.ozone.protocolPB.OzoneManagerProtocolServerSideTranslatorPB.submitRequest(OzoneManagerProtocolServerSideTranslatorPB.java:148) [ozone-manager-1.4.0-SNAPSHOT.jar:?]
	at org.apache.hadoop.ozone.protocol.proto.OzoneManagerProtocolProtos$OzoneManagerService$2.callBlockingMethod(OzoneManagerProtocolProtos.java) [ozone-interface-client-1.4.0-SNAPSHOT.jar:?]
	at org.apache.hadoop.ipc.ProtobufRpcEngine$Server.processCall(ProtobufRpcEngine.java:484) [hadoop-common-3.3.6.jar:?]
	at org.apache.hadoop.ipc.ProtobufRpcEngine2$Server$ProtoBufRpcInvoker.call(ProtobufRpcEngine2.java:595) [hadoop-common-3.3.6.jar:?]
	at org.apache.hadoop.ipc.ProtobufRpcEngine2$Server$ProtoBufRpcInvoker.call(ProtobufRpcEngine2.java:573) [hadoop-common-3.3.6.jar:?]
	at org.apache.hadoop.ipc.RPC$Server.call(RPC.java:1227) [hadoop-common-3.3.6.jar:?]
	at org.apache.hadoop.ipc.Server$RpcCall.run(Server.java:1094) [hadoop-common-3.3.6.jar:?]
	at org.apache.hadoop.ipc.Server$RpcCall.run(Server.java:1017) [hadoop-common-3.3.6.jar:?]
	at java.security.AccessController.doPrivileged(Native Method) ~[?:1.8.0_382]
	at javax.security.auth.Subject.doAs(Subject.java:422) [?:1.8.0_382]
	at org.apache.hadoop.security.UserGroupInformation.doAs(UserGroupInformation.java:1899) [hadoop-common-3.3.6.jar:?]
	at org.apache.hadoop.ipc.Server$Handler.run(Server.java:3048) [hadoop-common-3.3.6.jar:?]
04:48:39.566 [IPC Server handler 17 on default port 15004] ERROR OMAudit - user=runner | ip=127.0.0.1 | op=GET_FILE_STATUS {volume=volume25901, bucket=bucket39570, key=testBatchDelete/parent/child7, dataSize=0, replicationConfig=null} | ret=FAILURE
org.apache.hadoop.ozone.om.exceptions.OMException: Unable to get file status: volume: volume25901 bucket: bucket39570 key: testBatchDelete/parent/child7
	at org.apache.hadoop.ozone.om.KeyManagerImpl.getOzoneFileStatus(KeyManagerImpl.java:1195) ~[ozone-manager-1.4.0-SNAPSHOT.jar:?]
	at org.apache.hadoop.ozone.om.KeyManagerImpl.getFileStatus(KeyManagerImpl.java:1113) ~[ozone-manager-1.4.0-SNAPSHOT.jar:?]
	at org.apache.hadoop.ozone.om.OmMetadataReader.getFileStatus(OmMetadataReader.java:262) ~[ozone-manager-1.4.0-SNAPSHOT.jar:?]
	at org.apache.hadoop.ozone.om.OzoneManager.getFileStatus(OzoneManager.java:3530) ~[ozone-manager-1.4.0-SNAPSHOT.jar:?]
	at org.apache.hadoop.ozone.protocolPB.OzoneManagerRequestHandler.getOzoneFileStatus(OzoneManagerRequestHandler.java:971) ~[ozone-manager-1.4.0-SNAPSHOT.jar:?]
	at org.apache.hadoop.ozone.protocolPB.OzoneManagerRequestHandler.handleReadRequest(OzoneManagerRequestHandler.java:250) ~[ozone-manager-1.4.0-SNAPSHOT.jar:?]
	at org.apache.hadoop.ozone.protocolPB.OzoneManagerProtocolServerSideTranslatorPB.submitReadRequestToOM(OzoneManagerProtocolServerSideTranslatorPB.java:225) ~[ozone-manager-1.4.0-SNAPSHOT.jar:?]
	at org.apache.hadoop.ozone.protocolPB.OzoneManagerProtocolServerSideTranslatorPB.processRequest(OzoneManagerProtocolServerSideTranslatorPB.java:179) ~[ozone-manager-1.4.0-SNAPSHOT.jar:?]
	at org.apache.hadoop.hdds.server.OzoneProtocolMessageDispatcher.processRequest(OzoneProtocolMessageDispatcher.java:87) [hdds-server-framework-1.4.0-SNAPSHOT.jar:?]
	at org.apache.hadoop.ozone.protocolPB.OzoneManagerProtocolServerSideTranslatorPB.submitRequest(OzoneManagerProtocolServerSideTranslatorPB.java:148) [ozone-manager-1.4.0-SNAPSHOT.jar:?]
	at org.apache.hadoop.ozone.protocol.proto.OzoneManagerProtocolProtos$OzoneManagerService$2.callBlockingMethod(OzoneManagerProtocolProtos.java) [ozone-interface-client-1.4.0-SNAPSHOT.jar:?]
	at org.apache.hadoop.ipc.ProtobufRpcEngine$Server.processCall(ProtobufRpcEngine.java:484) [hadoop-common-3.3.6.jar:?]
	at org.apache.hadoop.ipc.ProtobufRpcEngine2$Server$ProtoBufRpcInvoker.call(ProtobufRpcEngine2.java:595) [hadoop-common-3.3.6.jar:?]
	at org.apache.hadoop.ipc.ProtobufRpcEngine2$Server$ProtoBufRpcInvoker.call(ProtobufRpcEngine2.java:573) [hadoop-common-3.3.6.jar:?]
	at org.apache.hadoop.ipc.RPC$Server.call(RPC.java:1227) [hadoop-common-3.3.6.jar:?]
	at org.apache.hadoop.ipc.Server$RpcCall.run(Server.java:1094) [hadoop-common-3.3.6.jar:?]
	at org.apache.hadoop.ipc.Server$RpcCall.run(Server.java:1017) [hadoop-common-3.3.6.jar:?]
	at java.security.AccessController.doPrivileged(Native Method) ~[?:1.8.0_382]
	at javax.security.auth.Subject.doAs(Subject.java:422) [?:1.8.0_382]
	at org.apache.hadoop.security.UserGroupInformation.doAs(UserGroupInformation.java:1899) [hadoop-common-3.3.6.jar:?]
	at org.apache.hadoop.ipc.Server$Handler.run(Server.java:3048) [hadoop-common-3.3.6.jar:?]
04:48:39.572 [IPC Server handler 16 on default port 15004] ERROR OMAudit - user=runner | ip=127.0.0.1 | op=GET_FILE_STATUS {volume=volume25901, bucket=bucket39570, key=testBatchDelete/parent/childFolder/child7, dataSize=0, replicationConfig=null} | ret=FAILURE
org.apache.hadoop.ozone.om.exceptions.OMException: Unable to get file status: volume: volume25901 bucket: bucket39570 key: testBatchDelete/parent/childFolder/child7
	at org.apache.hadoop.ozone.om.KeyManagerImpl.getOzoneFileStatus(KeyManagerImpl.java:1195) ~[ozone-manager-1.4.0-SNAPSHOT.jar:?]
	at org.apache.hadoop.ozone.om.KeyManagerImpl.getFileStatus(KeyManagerImpl.java:1113) ~[ozone-manager-1.4.0-SNAPSHOT.jar:?]
	at org.apache.hadoop.ozone.om.OmMetadataReader.getFileStatus(OmMetadataReader.java:262) ~[ozone-manager-1.4.0-SNAPSHOT.jar:?]
	at org.apache.hadoop.ozone.om.OzoneManager.getFileStatus(OzoneManager.java:3530) ~[ozone-manager-1.4.0-SNAPSHOT.jar:?]
	at org.apache.hadoop.ozone.protocolPB.OzoneManagerRequestHandler.getOzoneFileStatus(OzoneManagerRequestHandler.java:971) ~[ozone-manager-1.4.0-SNAPSHOT.jar:?]
	at org.apache.hadoop.ozone.protocolPB.OzoneManagerRequestHandler.handleReadRequest(OzoneManagerRequestHandler.java:250) ~[ozone-manager-1.4.0-SNAPSHOT.jar:?]
	at org.apache.hadoop.ozone.protocolPB.OzoneManagerProtocolServerSideTranslatorPB.submitReadRequestToOM(OzoneManagerProtocolServerSideTranslatorPB.java:225) ~[ozone-manager-1.4.0-SNAPSHOT.jar:?]
	at org.apache.hadoop.ozone.protocolPB.OzoneManagerProtocolServerSideTranslatorPB.processRequest(OzoneManagerProtocolServerSideTranslatorPB.java:179) ~[ozone-manager-1.4.0-SNAPSHOT.jar:?]
	at org.apache.hadoop.hdds.server.OzoneProtocolMessageDispatcher.processRequest(OzoneProtocolMessageDispatcher.java:87) [hdds-server-framework-1.4.0-SNAPSHOT.jar:?]
	at org.apache.hadoop.ozone.protocolPB.OzoneManagerProtocolServerSideTranslatorPB.submitRequest(OzoneManagerProtocolServerSideTranslatorPB.java:148) [ozone-manager-1.4.0-SNAPSHOT.jar:?]
	at org.apache.hadoop.ozone.protocol.proto.OzoneManagerProtocolProtos$OzoneManagerService$2.callBlockingMethod(OzoneManagerProtocolProtos.java) [ozone-interface-client-1.4.0-SNAPSHOT.jar:?]
	at org.apache.hadoop.ipc.ProtobufRpcEngine$Server.processCall(ProtobufRpcEngine.java:484) [hadoop-common-3.3.6.jar:?]
	at org.apache.hadoop.ipc.ProtobufRpcEngine2$Server$ProtoBufRpcInvoker.call(ProtobufRpcEngine2.java:595) [hadoop-common-3.3.6.jar:?]
	at org.apache.hadoop.ipc.ProtobufRpcEngine2$Server$ProtoBufRpcInvoker.call(ProtobufRpcEngine2.java:573) [hadoop-common-3.3.6.jar:?]
	at org.apache.hadoop.ipc.RPC$Server.call(RPC.java:1227) [hadoop-common-3.3.6.jar:?]
	at org.apache.hadoop.ipc.Server$RpcCall.run(Server.java:1094) [hadoop-common-3.3.6.jar:?]
	at org.apache.hadoop.ipc.Server$RpcCall.run(Server.java:1017) [hadoop-common-3.3.6.jar:?]
	at java.security.AccessController.doPrivileged(Native Method) ~[?:1.8.0_382]
	at javax.security.auth.Subject.doAs(Subject.java:422) [?:1.8.0_382]
	at org.apache.hadoop.security.UserGroupInformation.doAs(UserGroupInformation.java:1899) [hadoop-common-3.3.6.jar:?]
	at org.apache.hadoop.ipc.Server$Handler.run(Server.java:3048) [hadoop-common-3.3.6.jar:?]
04:48:39.574 [IPC Server handler 11 on default port 15004] ERROR OMAudit - user=runner | ip=127.0.0.1 | op=GET_FILE_STATUS {volume=volume25901, bucket=bucket39570, key=testBatchDelete/parent, dataSize=0, replicationConfig=null} | ret=FAILURE
org.apache.hadoop.ozone.om.exceptions.OMException: Unable to get file status: volume: volume25901 bucket: bucket39570 key: testBatchDelete/parent
	at org.apache.hadoop.ozone.om.KeyManagerImpl.getOzoneFileStatus(KeyManagerImpl.java:1195) ~[ozone-manager-1.4.0-SNAPSHOT.jar:?]
	at org.apache.hadoop.ozone.om.KeyManagerImpl.getFileStatus(KeyManagerImpl.java:1113) ~[ozone-manager-1.4.0-SNAPSHOT.jar:?]
	at org.apache.hadoop.ozone.om.OmMetadataReader.getFileStatus(OmMetadataReader.java:262) ~[ozone-manager-1.4.0-SNAPSHOT.jar:?]
	at org.apache.hadoop.ozone.om.OzoneManager.getFileStatus(OzoneManager.java:3530) ~[ozone-manager-1.4.0-SNAPSHOT.jar:?]
	at org.apache.hadoop.ozone.protocolPB.OzoneManagerRequestHandler.getOzoneFileStatus(OzoneManagerRequestHandler.java:971) ~[ozone-manager-1.4.0-SNAPSHOT.jar:?]
	at org.apache.hadoop.ozone.protocolPB.OzoneManagerRequestHandler.handleReadRequest(OzoneManagerRequestHandler.java:250) ~[ozone-manager-1.4.0-SNAPSHOT.jar:?]
	at org.apache.hadoop.ozone.protocolPB.OzoneManagerProtocolServerSideTranslatorPB.submitReadRequestToOM(OzoneManagerProtocolServerSideTranslatorPB.java:225) ~[ozone-manager-1.4.0-SNAPSHOT.jar:?]
	at org.apache.hadoop.ozone.protocolPB.OzoneManagerProtocolServerSideTranslatorPB.processRequest(OzoneManagerProtocolServerSideTranslatorPB.java:179) ~[ozone-manager-1.4.0-SNAPSHOT.jar:?]
	at org.apache.hadoop.hdds.server.OzoneProtocolMessageDispatcher.processRequest(OzoneProtocolMessageDispatcher.java:87) [hdds-server-framework-1.4.0-SNAPSHOT.jar:?]
	at org.apache.hadoop.ozone.protocolPB.OzoneManagerProtocolServerSideTranslatorPB.submitRequest(OzoneManagerProtocolServerSideTranslatorPB.java:148) [ozone-manager-1.4.0-SNAPSHOT.jar:?]
	at org.apache.hadoop.ozone.protocol.proto.OzoneManagerProtocolProtos$OzoneManagerService$2.callBlockingMethod(OzoneManagerProtocolProtos.java) [ozone-interface-client-1.4.0-SNAPSHOT.jar:?]
	at org.apache.hadoop.ipc.ProtobufRpcEngine$Server.processCall(ProtobufRpcEngine.java:484) [hadoop-common-3.3.6.jar:?]
	at org.apache.hadoop.ipc.ProtobufRpcEngine2$Server$ProtoBufRpcInvoker.call(ProtobufRpcEngine2.java:595) [hadoop-common-3.3.6.jar:?]
	at org.apache.hadoop.ipc.ProtobufRpcEngine2$Server$ProtoBufRpcInvoker.call(ProtobufRpcEngine2.java:573) [hadoop-common-3.3.6.jar:?]
	at org.apache.hadoop.ipc.RPC$Server.call(RPC.java:1227) [hadoop-common-3.3.6.jar:?]
	at org.apache.hadoop.ipc.Server$RpcCall.run(Server.java:1094) [hadoop-common-3.3.6.jar:?]
	at org.apache.hadoop.ipc.Server$RpcCall.run(Server.java:1017) [hadoop-common-3.3.6.jar:?]
	at java.security.AccessController.doPrivileged(Native Method) ~[?:1.8.0_382]
	at javax.security.auth.Subject.doAs(Subject.java:422) [?:1.8.0_382]
	at org.apache.hadoop.security.UserGroupInformation.doAs(UserGroupInformation.java:1899) [hadoop-common-3.3.6.jar:?]
	at org.apache.hadoop.ipc.Server$Handler.run(Server.java:3048) [hadoop-common-3.3.6.jar:?]
2023-09-07 04:48:39,575 [Time-limited test] WARN  ozone.BasicOzoneFileSystem (BasicOzoneFileSystem.java:delete(595)) - delete: Path does not exist: /testBatchDelete/parent
]]></system-out>
  </testcase>
  <testcase name="testFileDelete" classname="TestOzoneFileSystem" time="0.148">
    <system-out><![CDATA[04:50:32.423 [IPC Server handler 15 on default port 15057] ERROR OMAudit - user=runner | ip=127.0.0.1 | op=GET_FILE_STATUS {volume=volume43692, bucket=bucket46966, key=testBatchDelete, dataSize=0, replicationConfig=null} | ret=FAILURE
org.apache.hadoop.ozone.om.exceptions.OMException: Unable to get file status: volume: volume43692 bucket: bucket46966 key: testBatchDelete
	at org.apache.hadoop.ozone.om.KeyManagerImpl.getOzoneFileStatus(KeyManagerImpl.java:1195) ~[ozone-manager-1.4.0-SNAPSHOT.jar:?]
	at org.apache.hadoop.ozone.om.KeyManagerImpl.getFileStatus(KeyManagerImpl.java:1113) ~[ozone-manager-1.4.0-SNAPSHOT.jar:?]
	at org.apache.hadoop.ozone.om.OmMetadataReader.getFileStatus(OmMetadataReader.java:262) ~[ozone-manager-1.4.0-SNAPSHOT.jar:?]
	at org.apache.hadoop.ozone.om.OzoneManager.getFileStatus(OzoneManager.java:3530) ~[ozone-manager-1.4.0-SNAPSHOT.jar:?]
	at org.apache.hadoop.ozone.protocolPB.OzoneManagerRequestHandler.getOzoneFileStatus(OzoneManagerRequestHandler.java:971) ~[ozone-manager-1.4.0-SNAPSHOT.jar:?]
	at org.apache.hadoop.ozone.protocolPB.OzoneManagerRequestHandler.handleReadRequest(OzoneManagerRequestHandler.java:250) ~[ozone-manager-1.4.0-SNAPSHOT.jar:?]
	at org.apache.hadoop.ozone.protocolPB.OzoneManagerProtocolServerSideTranslatorPB.submitRequestDirectlyToOM(OzoneManagerProtocolServerSideTranslatorPB.java:274) ~[ozone-manager-1.4.0-SNAPSHOT.jar:?]
	at org.apache.hadoop.ozone.protocolPB.OzoneManagerProtocolServerSideTranslatorPB.processRequest(OzoneManagerProtocolServerSideTranslatorPB.java:175) ~[ozone-manager-1.4.0-SNAPSHOT.jar:?]
	at org.apache.hadoop.hdds.server.OzoneProtocolMessageDispatcher.processRequest(OzoneProtocolMessageDispatcher.java:87) [hdds-server-framework-1.4.0-SNAPSHOT.jar:?]
	at org.apache.hadoop.ozone.protocolPB.OzoneManagerProtocolServerSideTranslatorPB.submitRequest(OzoneManagerProtocolServerSideTranslatorPB.java:148) [ozone-manager-1.4.0-SNAPSHOT.jar:?]
	at org.apache.hadoop.ozone.protocol.proto.OzoneManagerProtocolProtos$OzoneManagerService$2.callBlockingMethod(OzoneManagerProtocolProtos.java) [ozone-interface-client-1.4.0-SNAPSHOT.jar:?]
	at org.apache.hadoop.ipc.ProtobufRpcEngine$Server.processCall(ProtobufRpcEngine.java:484) [hadoop-common-3.3.6.jar:?]
	at org.apache.hadoop.ipc.ProtobufRpcEngine2$Server$ProtoBufRpcInvoker.call(ProtobufRpcEngine2.java:595) [hadoop-common-3.3.6.jar:?]
	at org.apache.hadoop.ipc.ProtobufRpcEngine2$Server$ProtoBufRpcInvoker.call(ProtobufRpcEngine2.java:573) [hadoop-common-3.3.6.jar:?]
	at org.apache.hadoop.ipc.RPC$Server.call(RPC.java:1227) [hadoop-common-3.3.6.jar:?]
	at org.apache.hadoop.ipc.Server$RpcCall.run(Server.java:1094) [hadoop-common-3.3.6.jar:?]
	at org.apache.hadoop.ipc.Server$RpcCall.run(Server.java:1017) [hadoop-common-3.3.6.jar:?]
	at java.security.AccessController.doPrivileged(Native Method) ~[?:1.8.0_382]
	at javax.security.auth.Subject.doAs(Subject.java:422) [?:1.8.0_382]
	at org.apache.hadoop.security.UserGroupInformation.doAs(UserGroupInformation.java:1899) [hadoop-common-3.3.6.jar:?]
	at org.apache.hadoop.ipc.Server$Handler.run(Server.java:3048) [hadoop-common-3.3.6.jar:?]
04:50:32.425 [IPC Server handler 1 on default port 15057] ERROR OMAudit - user=runner | ip=127.0.0.1 | op=GET_FILE_STATUS {volume=volume43692, bucket=bucket46966, key=testBatchDelete/parent/child0, dataSize=0, replicationConfig=null} | ret=FAILURE
org.apache.hadoop.ozone.om.exceptions.OMException: Unable to get file status: volume: volume43692 bucket: bucket46966 key: testBatchDelete/parent/child0
	at org.apache.hadoop.ozone.om.KeyManagerImpl.getOzoneFileStatus(KeyManagerImpl.java:1195) ~[ozone-manager-1.4.0-SNAPSHOT.jar:?]
	at org.apache.hadoop.ozone.om.KeyManagerImpl.getFileStatus(KeyManagerImpl.java:1113) ~[ozone-manager-1.4.0-SNAPSHOT.jar:?]
	at org.apache.hadoop.ozone.om.OmMetadataReader.getFileStatus(OmMetadataReader.java:262) ~[ozone-manager-1.4.0-SNAPSHOT.jar:?]
	at org.apache.hadoop.ozone.om.OzoneManager.getFileStatus(OzoneManager.java:3530) ~[ozone-manager-1.4.0-SNAPSHOT.jar:?]
	at org.apache.hadoop.ozone.protocolPB.OzoneManagerRequestHandler.getOzoneFileStatus(OzoneManagerRequestHandler.java:971) ~[ozone-manager-1.4.0-SNAPSHOT.jar:?]
	at org.apache.hadoop.ozone.protocolPB.OzoneManagerRequestHandler.handleReadRequest(OzoneManagerRequestHandler.java:250) ~[ozone-manager-1.4.0-SNAPSHOT.jar:?]
	at org.apache.hadoop.ozone.protocolPB.OzoneManagerProtocolServerSideTranslatorPB.submitRequestDirectlyToOM(OzoneManagerProtocolServerSideTranslatorPB.java:274) ~[ozone-manager-1.4.0-SNAPSHOT.jar:?]
	at org.apache.hadoop.ozone.protocolPB.OzoneManagerProtocolServerSideTranslatorPB.processRequest(OzoneManagerProtocolServerSideTranslatorPB.java:175) ~[ozone-manager-1.4.0-SNAPSHOT.jar:?]
	at org.apache.hadoop.hdds.server.OzoneProtocolMessageDispatcher.processRequest(OzoneProtocolMessageDispatcher.java:87) [hdds-server-framework-1.4.0-SNAPSHOT.jar:?]
	at org.apache.hadoop.ozone.protocolPB.OzoneManagerProtocolServerSideTranslatorPB.submitRequest(OzoneManagerProtocolServerSideTranslatorPB.java:148) [ozone-manager-1.4.0-SNAPSHOT.jar:?]
	at org.apache.hadoop.ozone.protocol.proto.OzoneManagerProtocolProtos$OzoneManagerService$2.callBlockingMethod(OzoneManagerProtocolProtos.java) [ozone-interface-client-1.4.0-SNAPSHOT.jar:?]
	at org.apache.hadoop.ipc.ProtobufRpcEngine$Server.processCall(ProtobufRpcEngine.java:484) [hadoop-common-3.3.6.jar:?]
	at org.apache.hadoop.ipc.ProtobufRpcEngine2$Server$ProtoBufRpcInvoker.call(ProtobufRpcEngine2.java:595) [hadoop-common-3.3.6.jar:?]
	at org.apache.hadoop.ipc.ProtobufRpcEngine2$Server$ProtoBufRpcInvoker.call(ProtobufRpcEngine2.java:573) [hadoop-common-3.3.6.jar:?]
	at org.apache.hadoop.ipc.RPC$Server.call(RPC.java:1227) [hadoop-common-3.3.6.jar:?]
	at org.apache.hadoop.ipc.Server$RpcCall.run(Server.java:1094) [hadoop-common-3.3.6.jar:?]
	at org.apache.hadoop.ipc.Server$RpcCall.run(Server.java:1017) [hadoop-common-3.3.6.jar:?]
	at java.security.AccessController.doPrivileged(Native Method) ~[?:1.8.0_382]
	at javax.security.auth.Subject.doAs(Subject.java:422) [?:1.8.0_382]
	at org.apache.hadoop.security.UserGroupInformation.doAs(UserGroupInformation.java:1899) [hadoop-common-3.3.6.jar:?]
	at org.apache.hadoop.ipc.Server$Handler.run(Server.java:3048) [hadoop-common-3.3.6.jar:?]
04:50:32.426 [IPC Server handler 14 on default port 15057] ERROR OMAudit - user=runner | ip=127.0.0.1 | op=GET_FILE_STATUS {volume=volume43692, bucket=bucket46966, key=testBatchDelete/parent/childFolder/child0, dataSize=0, replicationConfig=null} | ret=FAILURE
org.apache.hadoop.ozone.om.exceptions.OMException: Unable to get file status: volume: volume43692 bucket: bucket46966 key: testBatchDelete/parent/childFolder/child0
	at org.apache.hadoop.ozone.om.KeyManagerImpl.getOzoneFileStatus(KeyManagerImpl.java:1195) ~[ozone-manager-1.4.0-SNAPSHOT.jar:?]
	at org.apache.hadoop.ozone.om.KeyManagerImpl.getFileStatus(KeyManagerImpl.java:1113) ~[ozone-manager-1.4.0-SNAPSHOT.jar:?]
	at org.apache.hadoop.ozone.om.OmMetadataReader.getFileStatus(OmMetadataReader.java:262) ~[ozone-manager-1.4.0-SNAPSHOT.jar:?]
	at org.apache.hadoop.ozone.om.OzoneManager.getFileStatus(OzoneManager.java:3530) ~[ozone-manager-1.4.0-SNAPSHOT.jar:?]
	at org.apache.hadoop.ozone.protocolPB.OzoneManagerRequestHandler.getOzoneFileStatus(OzoneManagerRequestHandler.java:971) ~[ozone-manager-1.4.0-SNAPSHOT.jar:?]
	at org.apache.hadoop.ozone.protocolPB.OzoneManagerRequestHandler.handleReadRequest(OzoneManagerRequestHandler.java:250) ~[ozone-manager-1.4.0-SNAPSHOT.jar:?]
	at org.apache.hadoop.ozone.protocolPB.OzoneManagerProtocolServerSideTranslatorPB.submitRequestDirectlyToOM(OzoneManagerProtocolServerSideTranslatorPB.java:274) ~[ozone-manager-1.4.0-SNAPSHOT.jar:?]
	at org.apache.hadoop.ozone.protocolPB.OzoneManagerProtocolServerSideTranslatorPB.processRequest(OzoneManagerProtocolServerSideTranslatorPB.java:175) ~[ozone-manager-1.4.0-SNAPSHOT.jar:?]
	at org.apache.hadoop.hdds.server.OzoneProtocolMessageDispatcher.processRequest(OzoneProtocolMessageDispatcher.java:87) [hdds-server-framework-1.4.0-SNAPSHOT.jar:?]
	at org.apache.hadoop.ozone.protocolPB.OzoneManagerProtocolServerSideTranslatorPB.submitRequest(OzoneManagerProtocolServerSideTranslatorPB.java:148) [ozone-manager-1.4.0-SNAPSHOT.jar:?]
	at org.apache.hadoop.ozone.protocol.proto.OzoneManagerProtocolProtos$OzoneManagerService$2.callBlockingMethod(OzoneManagerProtocolProtos.java) [ozone-interface-client-1.4.0-SNAPSHOT.jar:?]
	at org.apache.hadoop.ipc.ProtobufRpcEngine$Server.processCall(ProtobufRpcEngine.java:484) [hadoop-common-3.3.6.jar:?]
	at org.apache.hadoop.ipc.ProtobufRpcEngine2$Server$ProtoBufRpcInvoker.call(ProtobufRpcEngine2.java:595) [hadoop-common-3.3.6.jar:?]
	at org.apache.hadoop.ipc.ProtobufRpcEngine2$Server$ProtoBufRpcInvoker.call(ProtobufRpcEngine2.java:573) [hadoop-common-3.3.6.jar:?]
	at org.apache.hadoop.ipc.RPC$Server.call(RPC.java:1227) [hadoop-common-3.3.6.jar:?]
	at org.apache.hadoop.ipc.Server$RpcCall.run(Server.java:1094) [hadoop-common-3.3.6.jar:?]
	at org.apache.hadoop.ipc.Server$RpcCall.run(Server.java:1017) [hadoop-common-3.3.6.jar:?]
	at java.security.AccessController.doPrivileged(Native Method) ~[?:1.8.0_382]
	at javax.security.auth.Subject.doAs(Subject.java:422) [?:1.8.0_382]
	at org.apache.hadoop.security.UserGroupInformation.doAs(UserGroupInformation.java:1899) [hadoop-common-3.3.6.jar:?]
	at org.apache.hadoop.ipc.Server$Handler.run(Server.java:3048) [hadoop-common-3.3.6.jar:?]
04:50:32.427 [IPC Server handler 12 on default port 15057] ERROR OMAudit - user=runner | ip=127.0.0.1 | op=GET_FILE_STATUS {volume=volume43692, bucket=bucket46966, key=testBatchDelete/parent/child1, dataSize=0, replicationConfig=null} | ret=FAILURE
org.apache.hadoop.ozone.om.exceptions.OMException: Unable to get file status: volume: volume43692 bucket: bucket46966 key: testBatchDelete/parent/child1
	at org.apache.hadoop.ozone.om.KeyManagerImpl.getOzoneFileStatus(KeyManagerImpl.java:1195) ~[ozone-manager-1.4.0-SNAPSHOT.jar:?]
	at org.apache.hadoop.ozone.om.KeyManagerImpl.getFileStatus(KeyManagerImpl.java:1113) ~[ozone-manager-1.4.0-SNAPSHOT.jar:?]
	at org.apache.hadoop.ozone.om.OmMetadataReader.getFileStatus(OmMetadataReader.java:262) ~[ozone-manager-1.4.0-SNAPSHOT.jar:?]
	at org.apache.hadoop.ozone.om.OzoneManager.getFileStatus(OzoneManager.java:3530) ~[ozone-manager-1.4.0-SNAPSHOT.jar:?]
	at org.apache.hadoop.ozone.protocolPB.OzoneManagerRequestHandler.getOzoneFileStatus(OzoneManagerRequestHandler.java:971) ~[ozone-manager-1.4.0-SNAPSHOT.jar:?]
	at org.apache.hadoop.ozone.protocolPB.OzoneManagerRequestHandler.handleReadRequest(OzoneManagerRequestHandler.java:250) ~[ozone-manager-1.4.0-SNAPSHOT.jar:?]
	at org.apache.hadoop.ozone.protocolPB.OzoneManagerProtocolServerSideTranslatorPB.submitRequestDirectlyToOM(OzoneManagerProtocolServerSideTranslatorPB.java:274) ~[ozone-manager-1.4.0-SNAPSHOT.jar:?]
	at org.apache.hadoop.ozone.protocolPB.OzoneManagerProtocolServerSideTranslatorPB.processRequest(OzoneManagerProtocolServerSideTranslatorPB.java:175) ~[ozone-manager-1.4.0-SNAPSHOT.jar:?]
	at org.apache.hadoop.hdds.server.OzoneProtocolMessageDispatcher.processRequest(OzoneProtocolMessageDispatcher.java:87) [hdds-server-framework-1.4.0-SNAPSHOT.jar:?]
	at org.apache.hadoop.ozone.protocolPB.OzoneManagerProtocolServerSideTranslatorPB.submitRequest(OzoneManagerProtocolServerSideTranslatorPB.java:148) [ozone-manager-1.4.0-SNAPSHOT.jar:?]
	at org.apache.hadoop.ozone.protocol.proto.OzoneManagerProtocolProtos$OzoneManagerService$2.callBlockingMethod(OzoneManagerProtocolProtos.java) [ozone-interface-client-1.4.0-SNAPSHOT.jar:?]
	at org.apache.hadoop.ipc.ProtobufRpcEngine$Server.processCall(ProtobufRpcEngine.java:484) [hadoop-common-3.3.6.jar:?]
	at org.apache.hadoop.ipc.ProtobufRpcEngine2$Server$ProtoBufRpcInvoker.call(ProtobufRpcEngine2.java:595) [hadoop-common-3.3.6.jar:?]
	at org.apache.hadoop.ipc.ProtobufRpcEngine2$Server$ProtoBufRpcInvoker.call(ProtobufRpcEngine2.java:573) [hadoop-common-3.3.6.jar:?]
	at org.apache.hadoop.ipc.RPC$Server.call(RPC.java:1227) [hadoop-common-3.3.6.jar:?]
	at org.apache.hadoop.ipc.Server$RpcCall.run(Server.java:1094) [hadoop-common-3.3.6.jar:?]
	at org.apache.hadoop.ipc.Server$RpcCall.run(Server.java:1017) [hadoop-common-3.3.6.jar:?]
	at java.security.AccessController.doPrivileged(Native Method) ~[?:1.8.0_382]
	at javax.security.auth.Subject.doAs(Subject.java:422) [?:1.8.0_382]
	at org.apache.hadoop.security.UserGroupInformation.doAs(UserGroupInformation.java:1899) [hadoop-common-3.3.6.jar:?]
	at org.apache.hadoop.ipc.Server$Handler.run(Server.java:3048) [hadoop-common-3.3.6.jar:?]
04:50:32.429 [IPC Server handler 13 on default port 15057] ERROR OMAudit - user=runner | ip=127.0.0.1 | op=GET_FILE_STATUS {volume=volume43692, bucket=bucket46966, key=testBatchDelete/parent/childFolder/child1, dataSize=0, replicationConfig=null} | ret=FAILURE
org.apache.hadoop.ozone.om.exceptions.OMException: Unable to get file status: volume: volume43692 bucket: bucket46966 key: testBatchDelete/parent/childFolder/child1
	at org.apache.hadoop.ozone.om.KeyManagerImpl.getOzoneFileStatus(KeyManagerImpl.java:1195) ~[ozone-manager-1.4.0-SNAPSHOT.jar:?]
	at org.apache.hadoop.ozone.om.KeyManagerImpl.getFileStatus(KeyManagerImpl.java:1113) ~[ozone-manager-1.4.0-SNAPSHOT.jar:?]
	at org.apache.hadoop.ozone.om.OmMetadataReader.getFileStatus(OmMetadataReader.java:262) ~[ozone-manager-1.4.0-SNAPSHOT.jar:?]
	at org.apache.hadoop.ozone.om.OzoneManager.getFileStatus(OzoneManager.java:3530) ~[ozone-manager-1.4.0-SNAPSHOT.jar:?]
	at org.apache.hadoop.ozone.protocolPB.OzoneManagerRequestHandler.getOzoneFileStatus(OzoneManagerRequestHandler.java:971) ~[ozone-manager-1.4.0-SNAPSHOT.jar:?]
	at org.apache.hadoop.ozone.protocolPB.OzoneManagerRequestHandler.handleReadRequest(OzoneManagerRequestHandler.java:250) ~[ozone-manager-1.4.0-SNAPSHOT.jar:?]
	at org.apache.hadoop.ozone.protocolPB.OzoneManagerProtocolServerSideTranslatorPB.submitRequestDirectlyToOM(OzoneManagerProtocolServerSideTranslatorPB.java:274) ~[ozone-manager-1.4.0-SNAPSHOT.jar:?]
	at org.apache.hadoop.ozone.protocolPB.OzoneManagerProtocolServerSideTranslatorPB.processRequest(OzoneManagerProtocolServerSideTranslatorPB.java:175) ~[ozone-manager-1.4.0-SNAPSHOT.jar:?]
	at org.apache.hadoop.hdds.server.OzoneProtocolMessageDispatcher.processRequest(OzoneProtocolMessageDispatcher.java:87) [hdds-server-framework-1.4.0-SNAPSHOT.jar:?]
	at org.apache.hadoop.ozone.protocolPB.OzoneManagerProtocolServerSideTranslatorPB.submitRequest(OzoneManagerProtocolServerSideTranslatorPB.java:148) [ozone-manager-1.4.0-SNAPSHOT.jar:?]
	at org.apache.hadoop.ozone.protocol.proto.OzoneManagerProtocolProtos$OzoneManagerService$2.callBlockingMethod(OzoneManagerProtocolProtos.java) [ozone-interface-client-1.4.0-SNAPSHOT.jar:?]
	at org.apache.hadoop.ipc.ProtobufRpcEngine$Server.processCall(ProtobufRpcEngine.java:484) [hadoop-common-3.3.6.jar:?]
	at org.apache.hadoop.ipc.ProtobufRpcEngine2$Server$ProtoBufRpcInvoker.call(ProtobufRpcEngine2.java:595) [hadoop-common-3.3.6.jar:?]
	at org.apache.hadoop.ipc.ProtobufRpcEngine2$Server$ProtoBufRpcInvoker.call(ProtobufRpcEngine2.java:573) [hadoop-common-3.3.6.jar:?]
	at org.apache.hadoop.ipc.RPC$Server.call(RPC.java:1227) [hadoop-common-3.3.6.jar:?]
	at org.apache.hadoop.ipc.Server$RpcCall.run(Server.java:1094) [hadoop-common-3.3.6.jar:?]
	at org.apache.hadoop.ipc.Server$RpcCall.run(Server.java:1017) [hadoop-common-3.3.6.jar:?]
	at java.security.AccessController.doPrivileged(Native Method) ~[?:1.8.0_382]
	at javax.security.auth.Subject.doAs(Subject.java:422) [?:1.8.0_382]
	at org.apache.hadoop.security.UserGroupInformation.doAs(UserGroupInformation.java:1899) [hadoop-common-3.3.6.jar:?]
	at org.apache.hadoop.ipc.Server$Handler.run(Server.java:3048) [hadoop-common-3.3.6.jar:?]
04:50:32.430 [IPC Server handler 11 on default port 15057] ERROR OMAudit - user=runner | ip=127.0.0.1 | op=GET_FILE_STATUS {volume=volume43692, bucket=bucket46966, key=testBatchDelete/parent/child2, dataSize=0, replicationConfig=null} | ret=FAILURE
org.apache.hadoop.ozone.om.exceptions.OMException: Unable to get file status: volume: volume43692 bucket: bucket46966 key: testBatchDelete/parent/child2
	at org.apache.hadoop.ozone.om.KeyManagerImpl.getOzoneFileStatus(KeyManagerImpl.java:1195) ~[ozone-manager-1.4.0-SNAPSHOT.jar:?]
	at org.apache.hadoop.ozone.om.KeyManagerImpl.getFileStatus(KeyManagerImpl.java:1113) ~[ozone-manager-1.4.0-SNAPSHOT.jar:?]
	at org.apache.hadoop.ozone.om.OmMetadataReader.getFileStatus(OmMetadataReader.java:262) ~[ozone-manager-1.4.0-SNAPSHOT.jar:?]
	at org.apache.hadoop.ozone.om.OzoneManager.getFileStatus(OzoneManager.java:3530) ~[ozone-manager-1.4.0-SNAPSHOT.jar:?]
	at org.apache.hadoop.ozone.protocolPB.OzoneManagerRequestHandler.getOzoneFileStatus(OzoneManagerRequestHandler.java:971) ~[ozone-manager-1.4.0-SNAPSHOT.jar:?]
	at org.apache.hadoop.ozone.protocolPB.OzoneManagerRequestHandler.handleReadRequest(OzoneManagerRequestHandler.java:250) ~[ozone-manager-1.4.0-SNAPSHOT.jar:?]
	at org.apache.hadoop.ozone.protocolPB.OzoneManagerProtocolServerSideTranslatorPB.submitRequestDirectlyToOM(OzoneManagerProtocolServerSideTranslatorPB.java:274) ~[ozone-manager-1.4.0-SNAPSHOT.jar:?]
	at org.apache.hadoop.ozone.protocolPB.OzoneManagerProtocolServerSideTranslatorPB.processRequest(OzoneManagerProtocolServerSideTranslatorPB.java:175) ~[ozone-manager-1.4.0-SNAPSHOT.jar:?]
	at org.apache.hadoop.hdds.server.OzoneProtocolMessageDispatcher.processRequest(OzoneProtocolMessageDispatcher.java:87) [hdds-server-framework-1.4.0-SNAPSHOT.jar:?]
	at org.apache.hadoop.ozone.protocolPB.OzoneManagerProtocolServerSideTranslatorPB.submitRequest(OzoneManagerProtocolServerSideTranslatorPB.java:148) [ozone-manager-1.4.0-SNAPSHOT.jar:?]
	at org.apache.hadoop.ozone.protocol.proto.OzoneManagerProtocolProtos$OzoneManagerService$2.callBlockingMethod(OzoneManagerProtocolProtos.java) [ozone-interface-client-1.4.0-SNAPSHOT.jar:?]
	at org.apache.hadoop.ipc.ProtobufRpcEngine$Server.processCall(ProtobufRpcEngine.java:484) [hadoop-common-3.3.6.jar:?]
	at org.apache.hadoop.ipc.ProtobufRpcEngine2$Server$ProtoBufRpcInvoker.call(ProtobufRpcEngine2.java:595) [hadoop-common-3.3.6.jar:?]
	at org.apache.hadoop.ipc.ProtobufRpcEngine2$Server$ProtoBufRpcInvoker.call(ProtobufRpcEngine2.java:573) [hadoop-common-3.3.6.jar:?]
	at org.apache.hadoop.ipc.RPC$Server.call(RPC.java:1227) [hadoop-common-3.3.6.jar:?]
	at org.apache.hadoop.ipc.Server$RpcCall.run(Server.java:1094) [hadoop-common-3.3.6.jar:?]
	at org.apache.hadoop.ipc.Server$RpcCall.run(Server.java:1017) [hadoop-common-3.3.6.jar:?]
	at java.security.AccessController.doPrivileged(Native Method) ~[?:1.8.0_382]
	at javax.security.auth.Subject.doAs(Subject.java:422) [?:1.8.0_382]
	at org.apache.hadoop.security.UserGroupInformation.doAs(UserGroupInformation.java:1899) [hadoop-common-3.3.6.jar:?]
	at org.apache.hadoop.ipc.Server$Handler.run(Server.java:3048) [hadoop-common-3.3.6.jar:?]
04:50:32.431 [IPC Server handler 16 on default port 15057] ERROR OMAudit - user=runner | ip=127.0.0.1 | op=GET_FILE_STATUS {volume=volume43692, bucket=bucket46966, key=testBatchDelete/parent/childFolder/child2, dataSize=0, replicationConfig=null} | ret=FAILURE
org.apache.hadoop.ozone.om.exceptions.OMException: Unable to get file status: volume: volume43692 bucket: bucket46966 key: testBatchDelete/parent/childFolder/child2
	at org.apache.hadoop.ozone.om.KeyManagerImpl.getOzoneFileStatus(KeyManagerImpl.java:1195) ~[ozone-manager-1.4.0-SNAPSHOT.jar:?]
	at org.apache.hadoop.ozone.om.KeyManagerImpl.getFileStatus(KeyManagerImpl.java:1113) ~[ozone-manager-1.4.0-SNAPSHOT.jar:?]
	at org.apache.hadoop.ozone.om.OmMetadataReader.getFileStatus(OmMetadataReader.java:262) ~[ozone-manager-1.4.0-SNAPSHOT.jar:?]
	at org.apache.hadoop.ozone.om.OzoneManager.getFileStatus(OzoneManager.java:3530) ~[ozone-manager-1.4.0-SNAPSHOT.jar:?]
	at org.apache.hadoop.ozone.protocolPB.OzoneManagerRequestHandler.getOzoneFileStatus(OzoneManagerRequestHandler.java:971) ~[ozone-manager-1.4.0-SNAPSHOT.jar:?]
	at org.apache.hadoop.ozone.protocolPB.OzoneManagerRequestHandler.handleReadRequest(OzoneManagerRequestHandler.java:250) ~[ozone-manager-1.4.0-SNAPSHOT.jar:?]
	at org.apache.hadoop.ozone.protocolPB.OzoneManagerProtocolServerSideTranslatorPB.submitRequestDirectlyToOM(OzoneManagerProtocolServerSideTranslatorPB.java:274) ~[ozone-manager-1.4.0-SNAPSHOT.jar:?]
	at org.apache.hadoop.ozone.protocolPB.OzoneManagerProtocolServerSideTranslatorPB.processRequest(OzoneManagerProtocolServerSideTranslatorPB.java:175) ~[ozone-manager-1.4.0-SNAPSHOT.jar:?]
	at org.apache.hadoop.hdds.server.OzoneProtocolMessageDispatcher.processRequest(OzoneProtocolMessageDispatcher.java:87) [hdds-server-framework-1.4.0-SNAPSHOT.jar:?]
	at org.apache.hadoop.ozone.protocolPB.OzoneManagerProtocolServerSideTranslatorPB.submitRequest(OzoneManagerProtocolServerSideTranslatorPB.java:148) [ozone-manager-1.4.0-SNAPSHOT.jar:?]
	at org.apache.hadoop.ozone.protocol.proto.OzoneManagerProtocolProtos$OzoneManagerService$2.callBlockingMethod(OzoneManagerProtocolProtos.java) [ozone-interface-client-1.4.0-SNAPSHOT.jar:?]
	at org.apache.hadoop.ipc.ProtobufRpcEngine$Server.processCall(ProtobufRpcEngine.java:484) [hadoop-common-3.3.6.jar:?]
	at org.apache.hadoop.ipc.ProtobufRpcEngine2$Server$ProtoBufRpcInvoker.call(ProtobufRpcEngine2.java:595) [hadoop-common-3.3.6.jar:?]
	at org.apache.hadoop.ipc.ProtobufRpcEngine2$Server$ProtoBufRpcInvoker.call(ProtobufRpcEngine2.java:573) [hadoop-common-3.3.6.jar:?]
	at org.apache.hadoop.ipc.RPC$Server.call(RPC.java:1227) [hadoop-common-3.3.6.jar:?]
	at org.apache.hadoop.ipc.Server$RpcCall.run(Server.java:1094) [hadoop-common-3.3.6.jar:?]
	at org.apache.hadoop.ipc.Server$RpcCall.run(Server.java:1017) [hadoop-common-3.3.6.jar:?]
	at java.security.AccessController.doPrivileged(Native Method) ~[?:1.8.0_382]
	at javax.security.auth.Subject.doAs(Subject.java:422) [?:1.8.0_382]
	at org.apache.hadoop.security.UserGroupInformation.doAs(UserGroupInformation.java:1899) [hadoop-common-3.3.6.jar:?]
	at org.apache.hadoop.ipc.Server$Handler.run(Server.java:3048) [hadoop-common-3.3.6.jar:?]
04:50:32.433 [IPC Server handler 17 on default port 15057] ERROR OMAudit - user=runner | ip=127.0.0.1 | op=GET_FILE_STATUS {volume=volume43692, bucket=bucket46966, key=testBatchDelete/parent/child3, dataSize=0, replicationConfig=null} | ret=FAILURE
org.apache.hadoop.ozone.om.exceptions.OMException: Unable to get file status: volume: volume43692 bucket: bucket46966 key: testBatchDelete/parent/child3
	at org.apache.hadoop.ozone.om.KeyManagerImpl.getOzoneFileStatus(KeyManagerImpl.java:1195) ~[ozone-manager-1.4.0-SNAPSHOT.jar:?]
	at org.apache.hadoop.ozone.om.KeyManagerImpl.getFileStatus(KeyManagerImpl.java:1113) ~[ozone-manager-1.4.0-SNAPSHOT.jar:?]
	at org.apache.hadoop.ozone.om.OmMetadataReader.getFileStatus(OmMetadataReader.java:262) ~[ozone-manager-1.4.0-SNAPSHOT.jar:?]
	at org.apache.hadoop.ozone.om.OzoneManager.getFileStatus(OzoneManager.java:3530) ~[ozone-manager-1.4.0-SNAPSHOT.jar:?]
	at org.apache.hadoop.ozone.protocolPB.OzoneManagerRequestHandler.getOzoneFileStatus(OzoneManagerRequestHandler.java:971) ~[ozone-manager-1.4.0-SNAPSHOT.jar:?]
	at org.apache.hadoop.ozone.protocolPB.OzoneManagerRequestHandler.handleReadRequest(OzoneManagerRequestHandler.java:250) ~[ozone-manager-1.4.0-SNAPSHOT.jar:?]
	at org.apache.hadoop.ozone.protocolPB.OzoneManagerProtocolServerSideTranslatorPB.submitRequestDirectlyToOM(OzoneManagerProtocolServerSideTranslatorPB.java:274) ~[ozone-manager-1.4.0-SNAPSHOT.jar:?]
	at org.apache.hadoop.ozone.protocolPB.OzoneManagerProtocolServerSideTranslatorPB.processRequest(OzoneManagerProtocolServerSideTranslatorPB.java:175) ~[ozone-manager-1.4.0-SNAPSHOT.jar:?]
	at org.apache.hadoop.hdds.server.OzoneProtocolMessageDispatcher.processRequest(OzoneProtocolMessageDispatcher.java:87) [hdds-server-framework-1.4.0-SNAPSHOT.jar:?]
	at org.apache.hadoop.ozone.protocolPB.OzoneManagerProtocolServerSideTranslatorPB.submitRequest(OzoneManagerProtocolServerSideTranslatorPB.java:148) [ozone-manager-1.4.0-SNAPSHOT.jar:?]
	at org.apache.hadoop.ozone.protocol.proto.OzoneManagerProtocolProtos$OzoneManagerService$2.callBlockingMethod(OzoneManagerProtocolProtos.java) [ozone-interface-client-1.4.0-SNAPSHOT.jar:?]
	at org.apache.hadoop.ipc.ProtobufRpcEngine$Server.processCall(ProtobufRpcEngine.java:484) [hadoop-common-3.3.6.jar:?]
	at org.apache.hadoop.ipc.ProtobufRpcEngine2$Server$ProtoBufRpcInvoker.call(ProtobufRpcEngine2.java:595) [hadoop-common-3.3.6.jar:?]
	at org.apache.hadoop.ipc.ProtobufRpcEngine2$Server$ProtoBufRpcInvoker.call(ProtobufRpcEngine2.java:573) [hadoop-common-3.3.6.jar:?]
	at org.apache.hadoop.ipc.RPC$Server.call(RPC.java:1227) [hadoop-common-3.3.6.jar:?]
	at org.apache.hadoop.ipc.Server$RpcCall.run(Server.java:1094) [hadoop-common-3.3.6.jar:?]
	at org.apache.hadoop.ipc.Server$RpcCall.run(Server.java:1017) [hadoop-common-3.3.6.jar:?]
	at java.security.AccessController.doPrivileged(Native Method) ~[?:1.8.0_382]
	at javax.security.auth.Subject.doAs(Subject.java:422) [?:1.8.0_382]
	at org.apache.hadoop.security.UserGroupInformation.doAs(UserGroupInformation.java:1899) [hadoop-common-3.3.6.jar:?]
	at org.apache.hadoop.ipc.Server$Handler.run(Server.java:3048) [hadoop-common-3.3.6.jar:?]
04:50:32.434 [IPC Server handler 6 on default port 15057] ERROR OMAudit - user=runner | ip=127.0.0.1 | op=GET_FILE_STATUS {volume=volume43692, bucket=bucket46966, key=testBatchDelete/parent/childFolder/child3, dataSize=0, replicationConfig=null} | ret=FAILURE
org.apache.hadoop.ozone.om.exceptions.OMException: Unable to get file status: volume: volume43692 bucket: bucket46966 key: testBatchDelete/parent/childFolder/child3
	at org.apache.hadoop.ozone.om.KeyManagerImpl.getOzoneFileStatus(KeyManagerImpl.java:1195) ~[ozone-manager-1.4.0-SNAPSHOT.jar:?]
	at org.apache.hadoop.ozone.om.KeyManagerImpl.getFileStatus(KeyManagerImpl.java:1113) ~[ozone-manager-1.4.0-SNAPSHOT.jar:?]
	at org.apache.hadoop.ozone.om.OmMetadataReader.getFileStatus(OmMetadataReader.java:262) ~[ozone-manager-1.4.0-SNAPSHOT.jar:?]
	at org.apache.hadoop.ozone.om.OzoneManager.getFileStatus(OzoneManager.java:3530) ~[ozone-manager-1.4.0-SNAPSHOT.jar:?]
	at org.apache.hadoop.ozone.protocolPB.OzoneManagerRequestHandler.getOzoneFileStatus(OzoneManagerRequestHandler.java:971) ~[ozone-manager-1.4.0-SNAPSHOT.jar:?]
	at org.apache.hadoop.ozone.protocolPB.OzoneManagerRequestHandler.handleReadRequest(OzoneManagerRequestHandler.java:250) ~[ozone-manager-1.4.0-SNAPSHOT.jar:?]
	at org.apache.hadoop.ozone.protocolPB.OzoneManagerProtocolServerSideTranslatorPB.submitRequestDirectlyToOM(OzoneManagerProtocolServerSideTranslatorPB.java:274) ~[ozone-manager-1.4.0-SNAPSHOT.jar:?]
	at org.apache.hadoop.ozone.protocolPB.OzoneManagerProtocolServerSideTranslatorPB.processRequest(OzoneManagerProtocolServerSideTranslatorPB.java:175) ~[ozone-manager-1.4.0-SNAPSHOT.jar:?]
	at org.apache.hadoop.hdds.server.OzoneProtocolMessageDispatcher.processRequest(OzoneProtocolMessageDispatcher.java:87) [hdds-server-framework-1.4.0-SNAPSHOT.jar:?]
	at org.apache.hadoop.ozone.protocolPB.OzoneManagerProtocolServerSideTranslatorPB.submitRequest(OzoneManagerProtocolServerSideTranslatorPB.java:148) [ozone-manager-1.4.0-SNAPSHOT.jar:?]
	at org.apache.hadoop.ozone.protocol.proto.OzoneManagerProtocolProtos$OzoneManagerService$2.callBlockingMethod(OzoneManagerProtocolProtos.java) [ozone-interface-client-1.4.0-SNAPSHOT.jar:?]
	at org.apache.hadoop.ipc.ProtobufRpcEngine$Server.processCall(ProtobufRpcEngine.java:484) [hadoop-common-3.3.6.jar:?]
	at org.apache.hadoop.ipc.ProtobufRpcEngine2$Server$ProtoBufRpcInvoker.call(ProtobufRpcEngine2.java:595) [hadoop-common-3.3.6.jar:?]
	at org.apache.hadoop.ipc.ProtobufRpcEngine2$Server$ProtoBufRpcInvoker.call(ProtobufRpcEngine2.java:573) [hadoop-common-3.3.6.jar:?]
	at org.apache.hadoop.ipc.RPC$Server.call(RPC.java:1227) [hadoop-common-3.3.6.jar:?]
	at org.apache.hadoop.ipc.Server$RpcCall.run(Server.java:1094) [hadoop-common-3.3.6.jar:?]
	at org.apache.hadoop.ipc.Server$RpcCall.run(Server.java:1017) [hadoop-common-3.3.6.jar:?]
	at java.security.AccessController.doPrivileged(Native Method) ~[?:1.8.0_382]
	at javax.security.auth.Subject.doAs(Subject.java:422) [?:1.8.0_382]
	at org.apache.hadoop.security.UserGroupInformation.doAs(UserGroupInformation.java:1899) [hadoop-common-3.3.6.jar:?]
	at org.apache.hadoop.ipc.Server$Handler.run(Server.java:3048) [hadoop-common-3.3.6.jar:?]
04:50:32.438 [IPC Server handler 5 on default port 15057] ERROR OMAudit - user=runner | ip=127.0.0.1 | op=GET_FILE_STATUS {volume=volume43692, bucket=bucket46966, key=testBatchDelete/parent/child4, dataSize=0, replicationConfig=null} | ret=FAILURE
org.apache.hadoop.ozone.om.exceptions.OMException: Unable to get file status: volume: volume43692 bucket: bucket46966 key: testBatchDelete/parent/child4
	at org.apache.hadoop.ozone.om.KeyManagerImpl.getOzoneFileStatus(KeyManagerImpl.java:1195) ~[ozone-manager-1.4.0-SNAPSHOT.jar:?]
	at org.apache.hadoop.ozone.om.KeyManagerImpl.getFileStatus(KeyManagerImpl.java:1113) ~[ozone-manager-1.4.0-SNAPSHOT.jar:?]
	at org.apache.hadoop.ozone.om.OmMetadataReader.getFileStatus(OmMetadataReader.java:262) ~[ozone-manager-1.4.0-SNAPSHOT.jar:?]
	at org.apache.hadoop.ozone.om.OzoneManager.getFileStatus(OzoneManager.java:3530) ~[ozone-manager-1.4.0-SNAPSHOT.jar:?]
	at org.apache.hadoop.ozone.protocolPB.OzoneManagerRequestHandler.getOzoneFileStatus(OzoneManagerRequestHandler.java:971) ~[ozone-manager-1.4.0-SNAPSHOT.jar:?]
	at org.apache.hadoop.ozone.protocolPB.OzoneManagerRequestHandler.handleReadRequest(OzoneManagerRequestHandler.java:250) ~[ozone-manager-1.4.0-SNAPSHOT.jar:?]
	at org.apache.hadoop.ozone.protocolPB.OzoneManagerProtocolServerSideTranslatorPB.submitRequestDirectlyToOM(OzoneManagerProtocolServerSideTranslatorPB.java:274) ~[ozone-manager-1.4.0-SNAPSHOT.jar:?]
	at org.apache.hadoop.ozone.protocolPB.OzoneManagerProtocolServerSideTranslatorPB.processRequest(OzoneManagerProtocolServerSideTranslatorPB.java:175) ~[ozone-manager-1.4.0-SNAPSHOT.jar:?]
	at org.apache.hadoop.hdds.server.OzoneProtocolMessageDispatcher.processRequest(OzoneProtocolMessageDispatcher.java:87) [hdds-server-framework-1.4.0-SNAPSHOT.jar:?]
	at org.apache.hadoop.ozone.protocolPB.OzoneManagerProtocolServerSideTranslatorPB.submitRequest(OzoneManagerProtocolServerSideTranslatorPB.java:148) [ozone-manager-1.4.0-SNAPSHOT.jar:?]
	at org.apache.hadoop.ozone.protocol.proto.OzoneManagerProtocolProtos$OzoneManagerService$2.callBlockingMethod(OzoneManagerProtocolProtos.java) [ozone-interface-client-1.4.0-SNAPSHOT.jar:?]
	at org.apache.hadoop.ipc.ProtobufRpcEngine$Server.processCall(ProtobufRpcEngine.java:484) [hadoop-common-3.3.6.jar:?]
	at org.apache.hadoop.ipc.ProtobufRpcEngine2$Server$ProtoBufRpcInvoker.call(ProtobufRpcEngine2.java:595) [hadoop-common-3.3.6.jar:?]
	at org.apache.hadoop.ipc.ProtobufRpcEngine2$Server$ProtoBufRpcInvoker.call(ProtobufRpcEngine2.java:573) [hadoop-common-3.3.6.jar:?]
	at org.apache.hadoop.ipc.RPC$Server.call(RPC.java:1227) [hadoop-common-3.3.6.jar:?]
	at org.apache.hadoop.ipc.Server$RpcCall.run(Server.java:1094) [hadoop-common-3.3.6.jar:?]
	at org.apache.hadoop.ipc.Server$RpcCall.run(Server.java:1017) [hadoop-common-3.3.6.jar:?]
	at java.security.AccessController.doPrivileged(Native Method) ~[?:1.8.0_382]
	at javax.security.auth.Subject.doAs(Subject.java:422) [?:1.8.0_382]
	at org.apache.hadoop.security.UserGroupInformation.doAs(UserGroupInformation.java:1899) [hadoop-common-3.3.6.jar:?]
	at org.apache.hadoop.ipc.Server$Handler.run(Server.java:3048) [hadoop-common-3.3.6.jar:?]
04:50:32.439 [IPC Server handler 2 on default port 15057] ERROR OMAudit - user=runner | ip=127.0.0.1 | op=GET_FILE_STATUS {volume=volume43692, bucket=bucket46966, key=testBatchDelete/parent/childFolder/child4, dataSize=0, replicationConfig=null} | ret=FAILURE
org.apache.hadoop.ozone.om.exceptions.OMException: Unable to get file status: volume: volume43692 bucket: bucket46966 key: testBatchDelete/parent/childFolder/child4
	at org.apache.hadoop.ozone.om.KeyManagerImpl.getOzoneFileStatus(KeyManagerImpl.java:1195) ~[ozone-manager-1.4.0-SNAPSHOT.jar:?]
	at org.apache.hadoop.ozone.om.KeyManagerImpl.getFileStatus(KeyManagerImpl.java:1113) ~[ozone-manager-1.4.0-SNAPSHOT.jar:?]
	at org.apache.hadoop.ozone.om.OmMetadataReader.getFileStatus(OmMetadataReader.java:262) ~[ozone-manager-1.4.0-SNAPSHOT.jar:?]
	at org.apache.hadoop.ozone.om.OzoneManager.getFileStatus(OzoneManager.java:3530) ~[ozone-manager-1.4.0-SNAPSHOT.jar:?]
	at org.apache.hadoop.ozone.protocolPB.OzoneManagerRequestHandler.getOzoneFileStatus(OzoneManagerRequestHandler.java:971) ~[ozone-manager-1.4.0-SNAPSHOT.jar:?]
	at org.apache.hadoop.ozone.protocolPB.OzoneManagerRequestHandler.handleReadRequest(OzoneManagerRequestHandler.java:250) ~[ozone-manager-1.4.0-SNAPSHOT.jar:?]
	at org.apache.hadoop.ozone.protocolPB.OzoneManagerProtocolServerSideTranslatorPB.submitRequestDirectlyToOM(OzoneManagerProtocolServerSideTranslatorPB.java:274) ~[ozone-manager-1.4.0-SNAPSHOT.jar:?]
	at org.apache.hadoop.ozone.protocolPB.OzoneManagerProtocolServerSideTranslatorPB.processRequest(OzoneManagerProtocolServerSideTranslatorPB.java:175) ~[ozone-manager-1.4.0-SNAPSHOT.jar:?]
	at org.apache.hadoop.hdds.server.OzoneProtocolMessageDispatcher.processRequest(OzoneProtocolMessageDispatcher.java:87) [hdds-server-framework-1.4.0-SNAPSHOT.jar:?]
	at org.apache.hadoop.ozone.protocolPB.OzoneManagerProtocolServerSideTranslatorPB.submitRequest(OzoneManagerProtocolServerSideTranslatorPB.java:148) [ozone-manager-1.4.0-SNAPSHOT.jar:?]
	at org.apache.hadoop.ozone.protocol.proto.OzoneManagerProtocolProtos$OzoneManagerService$2.callBlockingMethod(OzoneManagerProtocolProtos.java) [ozone-interface-client-1.4.0-SNAPSHOT.jar:?]
	at org.apache.hadoop.ipc.ProtobufRpcEngine$Server.processCall(ProtobufRpcEngine.java:484) [hadoop-common-3.3.6.jar:?]
	at org.apache.hadoop.ipc.ProtobufRpcEngine2$Server$ProtoBufRpcInvoker.call(ProtobufRpcEngine2.java:595) [hadoop-common-3.3.6.jar:?]
	at org.apache.hadoop.ipc.ProtobufRpcEngine2$Server$ProtoBufRpcInvoker.call(ProtobufRpcEngine2.java:573) [hadoop-common-3.3.6.jar:?]
	at org.apache.hadoop.ipc.RPC$Server.call(RPC.java:1227) [hadoop-common-3.3.6.jar:?]
	at org.apache.hadoop.ipc.Server$RpcCall.run(Server.java:1094) [hadoop-common-3.3.6.jar:?]
	at org.apache.hadoop.ipc.Server$RpcCall.run(Server.java:1017) [hadoop-common-3.3.6.jar:?]
	at java.security.AccessController.doPrivileged(Native Method) ~[?:1.8.0_382]
	at javax.security.auth.Subject.doAs(Subject.java:422) [?:1.8.0_382]
	at org.apache.hadoop.security.UserGroupInformation.doAs(UserGroupInformation.java:1899) [hadoop-common-3.3.6.jar:?]
	at org.apache.hadoop.ipc.Server$Handler.run(Server.java:3048) [hadoop-common-3.3.6.jar:?]
04:50:32.442 [IPC Server handler 4 on default port 15057] ERROR OMAudit - user=runner | ip=127.0.0.1 | op=GET_FILE_STATUS {volume=volume43692, bucket=bucket46966, key=testBatchDelete/parent/child5, dataSize=0, replicationConfig=null} | ret=FAILURE
org.apache.hadoop.ozone.om.exceptions.OMException: Unable to get file status: volume: volume43692 bucket: bucket46966 key: testBatchDelete/parent/child5
	at org.apache.hadoop.ozone.om.KeyManagerImpl.getOzoneFileStatus(KeyManagerImpl.java:1195) ~[ozone-manager-1.4.0-SNAPSHOT.jar:?]
	at org.apache.hadoop.ozone.om.KeyManagerImpl.getFileStatus(KeyManagerImpl.java:1113) ~[ozone-manager-1.4.0-SNAPSHOT.jar:?]
	at org.apache.hadoop.ozone.om.OmMetadataReader.getFileStatus(OmMetadataReader.java:262) ~[ozone-manager-1.4.0-SNAPSHOT.jar:?]
	at org.apache.hadoop.ozone.om.OzoneManager.getFileStatus(OzoneManager.java:3530) ~[ozone-manager-1.4.0-SNAPSHOT.jar:?]
	at org.apache.hadoop.ozone.protocolPB.OzoneManagerRequestHandler.getOzoneFileStatus(OzoneManagerRequestHandler.java:971) ~[ozone-manager-1.4.0-SNAPSHOT.jar:?]
	at org.apache.hadoop.ozone.protocolPB.OzoneManagerRequestHandler.handleReadRequest(OzoneManagerRequestHandler.java:250) ~[ozone-manager-1.4.0-SNAPSHOT.jar:?]
	at org.apache.hadoop.ozone.protocolPB.OzoneManagerProtocolServerSideTranslatorPB.submitRequestDirectlyToOM(OzoneManagerProtocolServerSideTranslatorPB.java:274) ~[ozone-manager-1.4.0-SNAPSHOT.jar:?]
	at org.apache.hadoop.ozone.protocolPB.OzoneManagerProtocolServerSideTranslatorPB.processRequest(OzoneManagerProtocolServerSideTranslatorPB.java:175) ~[ozone-manager-1.4.0-SNAPSHOT.jar:?]
	at org.apache.hadoop.hdds.server.OzoneProtocolMessageDispatcher.processRequest(OzoneProtocolMessageDispatcher.java:87) [hdds-server-framework-1.4.0-SNAPSHOT.jar:?]
	at org.apache.hadoop.ozone.protocolPB.OzoneManagerProtocolServerSideTranslatorPB.submitRequest(OzoneManagerProtocolServerSideTranslatorPB.java:148) [ozone-manager-1.4.0-SNAPSHOT.jar:?]
	at org.apache.hadoop.ozone.protocol.proto.OzoneManagerProtocolProtos$OzoneManagerService$2.callBlockingMethod(OzoneManagerProtocolProtos.java) [ozone-interface-client-1.4.0-SNAPSHOT.jar:?]
	at org.apache.hadoop.ipc.ProtobufRpcEngine$Server.processCall(ProtobufRpcEngine.java:484) [hadoop-common-3.3.6.jar:?]
	at org.apache.hadoop.ipc.ProtobufRpcEngine2$Server$ProtoBufRpcInvoker.call(ProtobufRpcEngine2.java:595) [hadoop-common-3.3.6.jar:?]
	at org.apache.hadoop.ipc.ProtobufRpcEngine2$Server$ProtoBufRpcInvoker.call(ProtobufRpcEngine2.java:573) [hadoop-common-3.3.6.jar:?]
	at org.apache.hadoop.ipc.RPC$Server.call(RPC.java:1227) [hadoop-common-3.3.6.jar:?]
	at org.apache.hadoop.ipc.Server$RpcCall.run(Server.java:1094) [hadoop-common-3.3.6.jar:?]
	at org.apache.hadoop.ipc.Server$RpcCall.run(Server.java:1017) [hadoop-common-3.3.6.jar:?]
	at java.security.AccessController.doPrivileged(Native Method) ~[?:1.8.0_382]
	at javax.security.auth.Subject.doAs(Subject.java:422) [?:1.8.0_382]
	at org.apache.hadoop.security.UserGroupInformation.doAs(UserGroupInformation.java:1899) [hadoop-common-3.3.6.jar:?]
	at org.apache.hadoop.ipc.Server$Handler.run(Server.java:3048) [hadoop-common-3.3.6.jar:?]
04:50:32.443 [IPC Server handler 8 on default port 15057] ERROR OMAudit - user=runner | ip=127.0.0.1 | op=GET_FILE_STATUS {volume=volume43692, bucket=bucket46966, key=testBatchDelete/parent/childFolder/child5, dataSize=0, replicationConfig=null} | ret=FAILURE
org.apache.hadoop.ozone.om.exceptions.OMException: Unable to get file status: volume: volume43692 bucket: bucket46966 key: testBatchDelete/parent/childFolder/child5
	at org.apache.hadoop.ozone.om.KeyManagerImpl.getOzoneFileStatus(KeyManagerImpl.java:1195) ~[ozone-manager-1.4.0-SNAPSHOT.jar:?]
	at org.apache.hadoop.ozone.om.KeyManagerImpl.getFileStatus(KeyManagerImpl.java:1113) ~[ozone-manager-1.4.0-SNAPSHOT.jar:?]
	at org.apache.hadoop.ozone.om.OmMetadataReader.getFileStatus(OmMetadataReader.java:262) ~[ozone-manager-1.4.0-SNAPSHOT.jar:?]
	at org.apache.hadoop.ozone.om.OzoneManager.getFileStatus(OzoneManager.java:3530) ~[ozone-manager-1.4.0-SNAPSHOT.jar:?]
	at org.apache.hadoop.ozone.protocolPB.OzoneManagerRequestHandler.getOzoneFileStatus(OzoneManagerRequestHandler.java:971) ~[ozone-manager-1.4.0-SNAPSHOT.jar:?]
	at org.apache.hadoop.ozone.protocolPB.OzoneManagerRequestHandler.handleReadRequest(OzoneManagerRequestHandler.java:250) ~[ozone-manager-1.4.0-SNAPSHOT.jar:?]
	at org.apache.hadoop.ozone.protocolPB.OzoneManagerProtocolServerSideTranslatorPB.submitRequestDirectlyToOM(OzoneManagerProtocolServerSideTranslatorPB.java:274) ~[ozone-manager-1.4.0-SNAPSHOT.jar:?]
	at org.apache.hadoop.ozone.protocolPB.OzoneManagerProtocolServerSideTranslatorPB.processRequest(OzoneManagerProtocolServerSideTranslatorPB.java:175) ~[ozone-manager-1.4.0-SNAPSHOT.jar:?]
	at org.apache.hadoop.hdds.server.OzoneProtocolMessageDispatcher.processRequest(OzoneProtocolMessageDispatcher.java:87) [hdds-server-framework-1.4.0-SNAPSHOT.jar:?]
	at org.apache.hadoop.ozone.protocolPB.OzoneManagerProtocolServerSideTranslatorPB.submitRequest(OzoneManagerProtocolServerSideTranslatorPB.java:148) [ozone-manager-1.4.0-SNAPSHOT.jar:?]
	at org.apache.hadoop.ozone.protocol.proto.OzoneManagerProtocolProtos$OzoneManagerService$2.callBlockingMethod(OzoneManagerProtocolProtos.java) [ozone-interface-client-1.4.0-SNAPSHOT.jar:?]
	at org.apache.hadoop.ipc.ProtobufRpcEngine$Server.processCall(ProtobufRpcEngine.java:484) [hadoop-common-3.3.6.jar:?]
	at org.apache.hadoop.ipc.ProtobufRpcEngine2$Server$ProtoBufRpcInvoker.call(ProtobufRpcEngine2.java:595) [hadoop-common-3.3.6.jar:?]
	at org.apache.hadoop.ipc.ProtobufRpcEngine2$Server$ProtoBufRpcInvoker.call(ProtobufRpcEngine2.java:573) [hadoop-common-3.3.6.jar:?]
	at org.apache.hadoop.ipc.RPC$Server.call(RPC.java:1227) [hadoop-common-3.3.6.jar:?]
	at org.apache.hadoop.ipc.Server$RpcCall.run(Server.java:1094) [hadoop-common-3.3.6.jar:?]
	at org.apache.hadoop.ipc.Server$RpcCall.run(Server.java:1017) [hadoop-common-3.3.6.jar:?]
	at java.security.AccessController.doPrivileged(Native Method) ~[?:1.8.0_382]
	at javax.security.auth.Subject.doAs(Subject.java:422) [?:1.8.0_382]
	at org.apache.hadoop.security.UserGroupInformation.doAs(UserGroupInformation.java:1899) [hadoop-common-3.3.6.jar:?]
	at org.apache.hadoop.ipc.Server$Handler.run(Server.java:3048) [hadoop-common-3.3.6.jar:?]
04:50:32.444 [IPC Server handler 10 on default port 15057] ERROR OMAudit - user=runner | ip=127.0.0.1 | op=GET_FILE_STATUS {volume=volume43692, bucket=bucket46966, key=testBatchDelete/parent/child6, dataSize=0, replicationConfig=null} | ret=FAILURE
org.apache.hadoop.ozone.om.exceptions.OMException: Unable to get file status: volume: volume43692 bucket: bucket46966 key: testBatchDelete/parent/child6
	at org.apache.hadoop.ozone.om.KeyManagerImpl.getOzoneFileStatus(KeyManagerImpl.java:1195) ~[ozone-manager-1.4.0-SNAPSHOT.jar:?]
	at org.apache.hadoop.ozone.om.KeyManagerImpl.getFileStatus(KeyManagerImpl.java:1113) ~[ozone-manager-1.4.0-SNAPSHOT.jar:?]
	at org.apache.hadoop.ozone.om.OmMetadataReader.getFileStatus(OmMetadataReader.java:262) ~[ozone-manager-1.4.0-SNAPSHOT.jar:?]
	at org.apache.hadoop.ozone.om.OzoneManager.getFileStatus(OzoneManager.java:3530) ~[ozone-manager-1.4.0-SNAPSHOT.jar:?]
	at org.apache.hadoop.ozone.protocolPB.OzoneManagerRequestHandler.getOzoneFileStatus(OzoneManagerRequestHandler.java:971) ~[ozone-manager-1.4.0-SNAPSHOT.jar:?]
	at org.apache.hadoop.ozone.protocolPB.OzoneManagerRequestHandler.handleReadRequest(OzoneManagerRequestHandler.java:250) ~[ozone-manager-1.4.0-SNAPSHOT.jar:?]
	at org.apache.hadoop.ozone.protocolPB.OzoneManagerProtocolServerSideTranslatorPB.submitRequestDirectlyToOM(OzoneManagerProtocolServerSideTranslatorPB.java:274) ~[ozone-manager-1.4.0-SNAPSHOT.jar:?]
	at org.apache.hadoop.ozone.protocolPB.OzoneManagerProtocolServerSideTranslatorPB.processRequest(OzoneManagerProtocolServerSideTranslatorPB.java:175) ~[ozone-manager-1.4.0-SNAPSHOT.jar:?]
	at org.apache.hadoop.hdds.server.OzoneProtocolMessageDispatcher.processRequest(OzoneProtocolMessageDispatcher.java:87) [hdds-server-framework-1.4.0-SNAPSHOT.jar:?]
	at org.apache.hadoop.ozone.protocolPB.OzoneManagerProtocolServerSideTranslatorPB.submitRequest(OzoneManagerProtocolServerSideTranslatorPB.java:148) [ozone-manager-1.4.0-SNAPSHOT.jar:?]
	at org.apache.hadoop.ozone.protocol.proto.OzoneManagerProtocolProtos$OzoneManagerService$2.callBlockingMethod(OzoneManagerProtocolProtos.java) [ozone-interface-client-1.4.0-SNAPSHOT.jar:?]
	at org.apache.hadoop.ipc.ProtobufRpcEngine$Server.processCall(ProtobufRpcEngine.java:484) [hadoop-common-3.3.6.jar:?]
	at org.apache.hadoop.ipc.ProtobufRpcEngine2$Server$ProtoBufRpcInvoker.call(ProtobufRpcEngine2.java:595) [hadoop-common-3.3.6.jar:?]
	at org.apache.hadoop.ipc.ProtobufRpcEngine2$Server$ProtoBufRpcInvoker.call(ProtobufRpcEngine2.java:573) [hadoop-common-3.3.6.jar:?]
	at org.apache.hadoop.ipc.RPC$Server.call(RPC.java:1227) [hadoop-common-3.3.6.jar:?]
	at org.apache.hadoop.ipc.Server$RpcCall.run(Server.java:1094) [hadoop-common-3.3.6.jar:?]
	at org.apache.hadoop.ipc.Server$RpcCall.run(Server.java:1017) [hadoop-common-3.3.6.jar:?]
	at java.security.AccessController.doPrivileged(Native Method) ~[?:1.8.0_382]
	at javax.security.auth.Subject.doAs(Subject.java:422) [?:1.8.0_382]
	at org.apache.hadoop.security.UserGroupInformation.doAs(UserGroupInformation.java:1899) [hadoop-common-3.3.6.jar:?]
	at org.apache.hadoop.ipc.Server$Handler.run(Server.java:3048) [hadoop-common-3.3.6.jar:?]
04:50:32.445 [IPC Server handler 7 on default port 15057] ERROR OMAudit - user=runner | ip=127.0.0.1 | op=GET_FILE_STATUS {volume=volume43692, bucket=bucket46966, key=testBatchDelete/parent/childFolder/child6, dataSize=0, replicationConfig=null} | ret=FAILURE
org.apache.hadoop.ozone.om.exceptions.OMException: Unable to get file status: volume: volume43692 bucket: bucket46966 key: testBatchDelete/parent/childFolder/child6
	at org.apache.hadoop.ozone.om.KeyManagerImpl.getOzoneFileStatus(KeyManagerImpl.java:1195) ~[ozone-manager-1.4.0-SNAPSHOT.jar:?]
	at org.apache.hadoop.ozone.om.KeyManagerImpl.getFileStatus(KeyManagerImpl.java:1113) ~[ozone-manager-1.4.0-SNAPSHOT.jar:?]
	at org.apache.hadoop.ozone.om.OmMetadataReader.getFileStatus(OmMetadataReader.java:262) ~[ozone-manager-1.4.0-SNAPSHOT.jar:?]
	at org.apache.hadoop.ozone.om.OzoneManager.getFileStatus(OzoneManager.java:3530) ~[ozone-manager-1.4.0-SNAPSHOT.jar:?]
	at org.apache.hadoop.ozone.protocolPB.OzoneManagerRequestHandler.getOzoneFileStatus(OzoneManagerRequestHandler.java:971) ~[ozone-manager-1.4.0-SNAPSHOT.jar:?]
	at org.apache.hadoop.ozone.protocolPB.OzoneManagerRequestHandler.handleReadRequest(OzoneManagerRequestHandler.java:250) ~[ozone-manager-1.4.0-SNAPSHOT.jar:?]
	at org.apache.hadoop.ozone.protocolPB.OzoneManagerProtocolServerSideTranslatorPB.submitRequestDirectlyToOM(OzoneManagerProtocolServerSideTranslatorPB.java:274) ~[ozone-manager-1.4.0-SNAPSHOT.jar:?]
	at org.apache.hadoop.ozone.protocolPB.OzoneManagerProtocolServerSideTranslatorPB.processRequest(OzoneManagerProtocolServerSideTranslatorPB.java:175) ~[ozone-manager-1.4.0-SNAPSHOT.jar:?]
	at org.apache.hadoop.hdds.server.OzoneProtocolMessageDispatcher.processRequest(OzoneProtocolMessageDispatcher.java:87) [hdds-server-framework-1.4.0-SNAPSHOT.jar:?]
	at org.apache.hadoop.ozone.protocolPB.OzoneManagerProtocolServerSideTranslatorPB.submitRequest(OzoneManagerProtocolServerSideTranslatorPB.java:148) [ozone-manager-1.4.0-SNAPSHOT.jar:?]
	at org.apache.hadoop.ozone.protocol.proto.OzoneManagerProtocolProtos$OzoneManagerService$2.callBlockingMethod(OzoneManagerProtocolProtos.java) [ozone-interface-client-1.4.0-SNAPSHOT.jar:?]
	at org.apache.hadoop.ipc.ProtobufRpcEngine$Server.processCall(ProtobufRpcEngine.java:484) [hadoop-common-3.3.6.jar:?]
	at org.apache.hadoop.ipc.ProtobufRpcEngine2$Server$ProtoBufRpcInvoker.call(ProtobufRpcEngine2.java:595) [hadoop-common-3.3.6.jar:?]
	at org.apache.hadoop.ipc.ProtobufRpcEngine2$Server$ProtoBufRpcInvoker.call(ProtobufRpcEngine2.java:573) [hadoop-common-3.3.6.jar:?]
	at org.apache.hadoop.ipc.RPC$Server.call(RPC.java:1227) [hadoop-common-3.3.6.jar:?]
	at org.apache.hadoop.ipc.Server$RpcCall.run(Server.java:1094) [hadoop-common-3.3.6.jar:?]
	at org.apache.hadoop.ipc.Server$RpcCall.run(Server.java:1017) [hadoop-common-3.3.6.jar:?]
	at java.security.AccessController.doPrivileged(Native Method) ~[?:1.8.0_382]
	at javax.security.auth.Subject.doAs(Subject.java:422) [?:1.8.0_382]
	at org.apache.hadoop.security.UserGroupInformation.doAs(UserGroupInformation.java:1899) [hadoop-common-3.3.6.jar:?]
	at org.apache.hadoop.ipc.Server$Handler.run(Server.java:3048) [hadoop-common-3.3.6.jar:?]
04:50:32.447 [IPC Server handler 3 on default port 15057] ERROR OMAudit - user=runner | ip=127.0.0.1 | op=GET_FILE_STATUS {volume=volume43692, bucket=bucket46966, key=testBatchDelete/parent/child7, dataSize=0, replicationConfig=null} | ret=FAILURE
org.apache.hadoop.ozone.om.exceptions.OMException: Unable to get file status: volume: volume43692 bucket: bucket46966 key: testBatchDelete/parent/child7
	at org.apache.hadoop.ozone.om.KeyManagerImpl.getOzoneFileStatus(KeyManagerImpl.java:1195) ~[ozone-manager-1.4.0-SNAPSHOT.jar:?]
	at org.apache.hadoop.ozone.om.KeyManagerImpl.getFileStatus(KeyManagerImpl.java:1113) ~[ozone-manager-1.4.0-SNAPSHOT.jar:?]
	at org.apache.hadoop.ozone.om.OmMetadataReader.getFileStatus(OmMetadataReader.java:262) ~[ozone-manager-1.4.0-SNAPSHOT.jar:?]
	at org.apache.hadoop.ozone.om.OzoneManager.getFileStatus(OzoneManager.java:3530) ~[ozone-manager-1.4.0-SNAPSHOT.jar:?]
	at org.apache.hadoop.ozone.protocolPB.OzoneManagerRequestHandler.getOzoneFileStatus(OzoneManagerRequestHandler.java:971) ~[ozone-manager-1.4.0-SNAPSHOT.jar:?]
	at org.apache.hadoop.ozone.protocolPB.OzoneManagerRequestHandler.handleReadRequest(OzoneManagerRequestHandler.java:250) ~[ozone-manager-1.4.0-SNAPSHOT.jar:?]
	at org.apache.hadoop.ozone.protocolPB.OzoneManagerProtocolServerSideTranslatorPB.submitRequestDirectlyToOM(OzoneManagerProtocolServerSideTranslatorPB.java:274) ~[ozone-manager-1.4.0-SNAPSHOT.jar:?]
	at org.apache.hadoop.ozone.protocolPB.OzoneManagerProtocolServerSideTranslatorPB.processRequest(OzoneManagerProtocolServerSideTranslatorPB.java:175) ~[ozone-manager-1.4.0-SNAPSHOT.jar:?]
	at org.apache.hadoop.hdds.server.OzoneProtocolMessageDispatcher.processRequest(OzoneProtocolMessageDispatcher.java:87) [hdds-server-framework-1.4.0-SNAPSHOT.jar:?]
	at org.apache.hadoop.ozone.protocolPB.OzoneManagerProtocolServerSideTranslatorPB.submitRequest(OzoneManagerProtocolServerSideTranslatorPB.java:148) [ozone-manager-1.4.0-SNAPSHOT.jar:?]
	at org.apache.hadoop.ozone.protocol.proto.OzoneManagerProtocolProtos$OzoneManagerService$2.callBlockingMethod(OzoneManagerProtocolProtos.java) [ozone-interface-client-1.4.0-SNAPSHOT.jar:?]
	at org.apache.hadoop.ipc.ProtobufRpcEngine$Server.processCall(ProtobufRpcEngine.java:484) [hadoop-common-3.3.6.jar:?]
	at org.apache.hadoop.ipc.ProtobufRpcEngine2$Server$ProtoBufRpcInvoker.call(ProtobufRpcEngine2.java:595) [hadoop-common-3.3.6.jar:?]
	at org.apache.hadoop.ipc.ProtobufRpcEngine2$Server$ProtoBufRpcInvoker.call(ProtobufRpcEngine2.java:573) [hadoop-common-3.3.6.jar:?]
	at org.apache.hadoop.ipc.RPC$Server.call(RPC.java:1227) [hadoop-common-3.3.6.jar:?]
	at org.apache.hadoop.ipc.Server$RpcCall.run(Server.java:1094) [hadoop-common-3.3.6.jar:?]
	at org.apache.hadoop.ipc.Server$RpcCall.run(Server.java:1017) [hadoop-common-3.3.6.jar:?]
	at java.security.AccessController.doPrivileged(Native Method) ~[?:1.8.0_382]
	at javax.security.auth.Subject.doAs(Subject.java:422) [?:1.8.0_382]
	at org.apache.hadoop.security.UserGroupInformation.doAs(UserGroupInformation.java:1899) [hadoop-common-3.3.6.jar:?]
	at org.apache.hadoop.ipc.Server$Handler.run(Server.java:3048) [hadoop-common-3.3.6.jar:?]
04:50:32.449 [IPC Server handler 19 on default port 15057] ERROR OMAudit - user=runner | ip=127.0.0.1 | op=GET_FILE_STATUS {volume=volume43692, bucket=bucket46966, key=testBatchDelete/parent/childFolder/child7, dataSize=0, replicationConfig=null} | ret=FAILURE
org.apache.hadoop.ozone.om.exceptions.OMException: Unable to get file status: volume: volume43692 bucket: bucket46966 key: testBatchDelete/parent/childFolder/child7
	at org.apache.hadoop.ozone.om.KeyManagerImpl.getOzoneFileStatus(KeyManagerImpl.java:1195) ~[ozone-manager-1.4.0-SNAPSHOT.jar:?]
	at org.apache.hadoop.ozone.om.KeyManagerImpl.getFileStatus(KeyManagerImpl.java:1113) ~[ozone-manager-1.4.0-SNAPSHOT.jar:?]
	at org.apache.hadoop.ozone.om.OmMetadataReader.getFileStatus(OmMetadataReader.java:262) ~[ozone-manager-1.4.0-SNAPSHOT.jar:?]
	at org.apache.hadoop.ozone.om.OzoneManager.getFileStatus(OzoneManager.java:3530) ~[ozone-manager-1.4.0-SNAPSHOT.jar:?]
	at org.apache.hadoop.ozone.protocolPB.OzoneManagerRequestHandler.getOzoneFileStatus(OzoneManagerRequestHandler.java:971) ~[ozone-manager-1.4.0-SNAPSHOT.jar:?]
	at org.apache.hadoop.ozone.protocolPB.OzoneManagerRequestHandler.handleReadRequest(OzoneManagerRequestHandler.java:250) ~[ozone-manager-1.4.0-SNAPSHOT.jar:?]
	at org.apache.hadoop.ozone.protocolPB.OzoneManagerProtocolServerSideTranslatorPB.submitRequestDirectlyToOM(OzoneManagerProtocolServerSideTranslatorPB.java:274) ~[ozone-manager-1.4.0-SNAPSHOT.jar:?]
	at org.apache.hadoop.ozone.protocolPB.OzoneManagerProtocolServerSideTranslatorPB.processRequest(OzoneManagerProtocolServerSideTranslatorPB.java:175) ~[ozone-manager-1.4.0-SNAPSHOT.jar:?]
	at org.apache.hadoop.hdds.server.OzoneProtocolMessageDispatcher.processRequest(OzoneProtocolMessageDispatcher.java:87) [hdds-server-framework-1.4.0-SNAPSHOT.jar:?]
	at org.apache.hadoop.ozone.protocolPB.OzoneManagerProtocolServerSideTranslatorPB.submitRequest(OzoneManagerProtocolServerSideTranslatorPB.java:148) [ozone-manager-1.4.0-SNAPSHOT.jar:?]
	at org.apache.hadoop.ozone.protocol.proto.OzoneManagerProtocolProtos$OzoneManagerService$2.callBlockingMethod(OzoneManagerProtocolProtos.java) [ozone-interface-client-1.4.0-SNAPSHOT.jar:?]
	at org.apache.hadoop.ipc.ProtobufRpcEngine$Server.processCall(ProtobufRpcEngine.java:484) [hadoop-common-3.3.6.jar:?]
	at org.apache.hadoop.ipc.ProtobufRpcEngine2$Server$ProtoBufRpcInvoker.call(ProtobufRpcEngine2.java:595) [hadoop-common-3.3.6.jar:?]
	at org.apache.hadoop.ipc.ProtobufRpcEngine2$Server$ProtoBufRpcInvoker.call(ProtobufRpcEngine2.java:573) [hadoop-common-3.3.6.jar:?]
	at org.apache.hadoop.ipc.RPC$Server.call(RPC.java:1227) [hadoop-common-3.3.6.jar:?]
	at org.apache.hadoop.ipc.Server$RpcCall.run(Server.java:1094) [hadoop-common-3.3.6.jar:?]
	at org.apache.hadoop.ipc.Server$RpcCall.run(Server.java:1017) [hadoop-common-3.3.6.jar:?]
	at java.security.AccessController.doPrivileged(Native Method) ~[?:1.8.0_382]
	at javax.security.auth.Subject.doAs(Subject.java:422) [?:1.8.0_382]
	at org.apache.hadoop.security.UserGroupInformation.doAs(UserGroupInformation.java:1899) [hadoop-common-3.3.6.jar:?]
	at org.apache.hadoop.ipc.Server$Handler.run(Server.java:3048) [hadoop-common-3.3.6.jar:?]
04:50:32.450 [IPC Server handler 0 on default port 15057] ERROR OMAudit - user=runner | ip=127.0.0.1 | op=GET_FILE_STATUS {volume=volume43692, bucket=bucket46966, key=testBatchDelete/parent, dataSize=0, replicationConfig=null} | ret=FAILURE
org.apache.hadoop.ozone.om.exceptions.OMException: Unable to get file status: volume: volume43692 bucket: bucket46966 key: testBatchDelete/parent
	at org.apache.hadoop.ozone.om.KeyManagerImpl.getOzoneFileStatus(KeyManagerImpl.java:1195) ~[ozone-manager-1.4.0-SNAPSHOT.jar:?]
	at org.apache.hadoop.ozone.om.KeyManagerImpl.getFileStatus(KeyManagerImpl.java:1113) ~[ozone-manager-1.4.0-SNAPSHOT.jar:?]
	at org.apache.hadoop.ozone.om.OmMetadataReader.getFileStatus(OmMetadataReader.java:262) ~[ozone-manager-1.4.0-SNAPSHOT.jar:?]
	at org.apache.hadoop.ozone.om.OzoneManager.getFileStatus(OzoneManager.java:3530) ~[ozone-manager-1.4.0-SNAPSHOT.jar:?]
	at org.apache.hadoop.ozone.protocolPB.OzoneManagerRequestHandler.getOzoneFileStatus(OzoneManagerRequestHandler.java:971) ~[ozone-manager-1.4.0-SNAPSHOT.jar:?]
	at org.apache.hadoop.ozone.protocolPB.OzoneManagerRequestHandler.handleReadRequest(OzoneManagerRequestHandler.java:250) ~[ozone-manager-1.4.0-SNAPSHOT.jar:?]
	at org.apache.hadoop.ozone.protocolPB.OzoneManagerProtocolServerSideTranslatorPB.submitRequestDirectlyToOM(OzoneManagerProtocolServerSideTranslatorPB.java:274) ~[ozone-manager-1.4.0-SNAPSHOT.jar:?]
	at org.apache.hadoop.ozone.protocolPB.OzoneManagerProtocolServerSideTranslatorPB.processRequest(OzoneManagerProtocolServerSideTranslatorPB.java:175) ~[ozone-manager-1.4.0-SNAPSHOT.jar:?]
	at org.apache.hadoop.hdds.server.OzoneProtocolMessageDispatcher.processRequest(OzoneProtocolMessageDispatcher.java:87) [hdds-server-framework-1.4.0-SNAPSHOT.jar:?]
	at org.apache.hadoop.ozone.protocolPB.OzoneManagerProtocolServerSideTranslatorPB.submitRequest(OzoneManagerProtocolServerSideTranslatorPB.java:148) [ozone-manager-1.4.0-SNAPSHOT.jar:?]
	at org.apache.hadoop.ozone.protocol.proto.OzoneManagerProtocolProtos$OzoneManagerService$2.callBlockingMethod(OzoneManagerProtocolProtos.java) [ozone-interface-client-1.4.0-SNAPSHOT.jar:?]
	at org.apache.hadoop.ipc.ProtobufRpcEngine$Server.processCall(ProtobufRpcEngine.java:484) [hadoop-common-3.3.6.jar:?]
	at org.apache.hadoop.ipc.ProtobufRpcEngine2$Server$ProtoBufRpcInvoker.call(ProtobufRpcEngine2.java:595) [hadoop-common-3.3.6.jar:?]
	at org.apache.hadoop.ipc.ProtobufRpcEngine2$Server$ProtoBufRpcInvoker.call(ProtobufRpcEngine2.java:573) [hadoop-common-3.3.6.jar:?]
	at org.apache.hadoop.ipc.RPC$Server.call(RPC.java:1227) [hadoop-common-3.3.6.jar:?]
	at org.apache.hadoop.ipc.Server$RpcCall.run(Server.java:1094) [hadoop-common-3.3.6.jar:?]
	at org.apache.hadoop.ipc.Server$RpcCall.run(Server.java:1017) [hadoop-common-3.3.6.jar:?]
	at java.security.AccessController.doPrivileged(Native Method) ~[?:1.8.0_382]
	at javax.security.auth.Subject.doAs(Subject.java:422) [?:1.8.0_382]
	at org.apache.hadoop.security.UserGroupInformation.doAs(UserGroupInformation.java:1899) [hadoop-common-3.3.6.jar:?]
	at org.apache.hadoop.ipc.Server$Handler.run(Server.java:3048) [hadoop-common-3.3.6.jar:?]
2023-09-07 04:50:32,451 [Time-limited test] WARN  ozone.BasicOzoneFileSystem (BasicOzoneFileSystem.java:delete(595)) - delete: Path does not exist: /testBatchDelete/parent
]]></system-out>
  </testcase>
  <testcase name="testFileDelete" classname="TestOzoneFileSystem" time="0.139">
    <system-out><![CDATA[04:51:59.499 [IPC Server handler 6 on default port 15110] ERROR OMAudit - user=runner | ip=127.0.0.1 | op=GET_FILE_STATUS {volume=volume87246, bucket=bucket72820, key=testBatchDelete, dataSize=0, replicationConfig=null} | ret=FAILURE
org.apache.hadoop.ozone.om.exceptions.OMException: Unable to get file status: volume: volume87246 bucket: bucket72820 key: testBatchDelete
	at org.apache.hadoop.ozone.om.KeyManagerImpl.getOzoneFileStatus(KeyManagerImpl.java:1195) ~[ozone-manager-1.4.0-SNAPSHOT.jar:?]
	at org.apache.hadoop.ozone.om.KeyManagerImpl.getFileStatus(KeyManagerImpl.java:1113) ~[ozone-manager-1.4.0-SNAPSHOT.jar:?]
	at org.apache.hadoop.ozone.om.OmMetadataReader.getFileStatus(OmMetadataReader.java:262) ~[ozone-manager-1.4.0-SNAPSHOT.jar:?]
	at org.apache.hadoop.ozone.om.OzoneManager.getFileStatus(OzoneManager.java:3530) ~[ozone-manager-1.4.0-SNAPSHOT.jar:?]
	at org.apache.hadoop.ozone.protocolPB.OzoneManagerRequestHandler.getOzoneFileStatus(OzoneManagerRequestHandler.java:971) ~[ozone-manager-1.4.0-SNAPSHOT.jar:?]
	at org.apache.hadoop.ozone.protocolPB.OzoneManagerRequestHandler.handleReadRequest(OzoneManagerRequestHandler.java:250) ~[ozone-manager-1.4.0-SNAPSHOT.jar:?]
	at org.apache.hadoop.ozone.protocolPB.OzoneManagerProtocolServerSideTranslatorPB.submitReadRequestToOM(OzoneManagerProtocolServerSideTranslatorPB.java:225) ~[ozone-manager-1.4.0-SNAPSHOT.jar:?]
	at org.apache.hadoop.ozone.protocolPB.OzoneManagerProtocolServerSideTranslatorPB.processRequest(OzoneManagerProtocolServerSideTranslatorPB.java:179) ~[ozone-manager-1.4.0-SNAPSHOT.jar:?]
	at org.apache.hadoop.hdds.server.OzoneProtocolMessageDispatcher.processRequest(OzoneProtocolMessageDispatcher.java:87) [hdds-server-framework-1.4.0-SNAPSHOT.jar:?]
	at org.apache.hadoop.ozone.protocolPB.OzoneManagerProtocolServerSideTranslatorPB.submitRequest(OzoneManagerProtocolServerSideTranslatorPB.java:148) [ozone-manager-1.4.0-SNAPSHOT.jar:?]
	at org.apache.hadoop.ozone.protocol.proto.OzoneManagerProtocolProtos$OzoneManagerService$2.callBlockingMethod(OzoneManagerProtocolProtos.java) [ozone-interface-client-1.4.0-SNAPSHOT.jar:?]
	at org.apache.hadoop.ipc.ProtobufRpcEngine$Server.processCall(ProtobufRpcEngine.java:484) [hadoop-common-3.3.6.jar:?]
	at org.apache.hadoop.ipc.ProtobufRpcEngine2$Server$ProtoBufRpcInvoker.call(ProtobufRpcEngine2.java:595) [hadoop-common-3.3.6.jar:?]
	at org.apache.hadoop.ipc.ProtobufRpcEngine2$Server$ProtoBufRpcInvoker.call(ProtobufRpcEngine2.java:573) [hadoop-common-3.3.6.jar:?]
	at org.apache.hadoop.ipc.RPC$Server.call(RPC.java:1227) [hadoop-common-3.3.6.jar:?]
	at org.apache.hadoop.ipc.Server$RpcCall.run(Server.java:1094) [hadoop-common-3.3.6.jar:?]
	at org.apache.hadoop.ipc.Server$RpcCall.run(Server.java:1017) [hadoop-common-3.3.6.jar:?]
	at java.security.AccessController.doPrivileged(Native Method) ~[?:1.8.0_382]
	at javax.security.auth.Subject.doAs(Subject.java:422) [?:1.8.0_382]
	at org.apache.hadoop.security.UserGroupInformation.doAs(UserGroupInformation.java:1899) [hadoop-common-3.3.6.jar:?]
	at org.apache.hadoop.ipc.Server$Handler.run(Server.java:3048) [hadoop-common-3.3.6.jar:?]
04:51:59.500 [IPC Server handler 5 on default port 15110] ERROR OMAudit - user=runner | ip=127.0.0.1 | op=GET_FILE_STATUS {volume=volume87246, bucket=bucket72820, key=testBatchDelete/parent/child0, dataSize=0, replicationConfig=null} | ret=FAILURE
org.apache.hadoop.ozone.om.exceptions.OMException: Unable to get file status: volume: volume87246 bucket: bucket72820 key: testBatchDelete/parent/child0
	at org.apache.hadoop.ozone.om.KeyManagerImpl.getOzoneFileStatus(KeyManagerImpl.java:1195) ~[ozone-manager-1.4.0-SNAPSHOT.jar:?]
	at org.apache.hadoop.ozone.om.KeyManagerImpl.getFileStatus(KeyManagerImpl.java:1113) ~[ozone-manager-1.4.0-SNAPSHOT.jar:?]
	at org.apache.hadoop.ozone.om.OmMetadataReader.getFileStatus(OmMetadataReader.java:262) ~[ozone-manager-1.4.0-SNAPSHOT.jar:?]
	at org.apache.hadoop.ozone.om.OzoneManager.getFileStatus(OzoneManager.java:3530) ~[ozone-manager-1.4.0-SNAPSHOT.jar:?]
	at org.apache.hadoop.ozone.protocolPB.OzoneManagerRequestHandler.getOzoneFileStatus(OzoneManagerRequestHandler.java:971) ~[ozone-manager-1.4.0-SNAPSHOT.jar:?]
	at org.apache.hadoop.ozone.protocolPB.OzoneManagerRequestHandler.handleReadRequest(OzoneManagerRequestHandler.java:250) ~[ozone-manager-1.4.0-SNAPSHOT.jar:?]
	at org.apache.hadoop.ozone.protocolPB.OzoneManagerProtocolServerSideTranslatorPB.submitReadRequestToOM(OzoneManagerProtocolServerSideTranslatorPB.java:225) ~[ozone-manager-1.4.0-SNAPSHOT.jar:?]
	at org.apache.hadoop.ozone.protocolPB.OzoneManagerProtocolServerSideTranslatorPB.processRequest(OzoneManagerProtocolServerSideTranslatorPB.java:179) ~[ozone-manager-1.4.0-SNAPSHOT.jar:?]
	at org.apache.hadoop.hdds.server.OzoneProtocolMessageDispatcher.processRequest(OzoneProtocolMessageDispatcher.java:87) [hdds-server-framework-1.4.0-SNAPSHOT.jar:?]
	at org.apache.hadoop.ozone.protocolPB.OzoneManagerProtocolServerSideTranslatorPB.submitRequest(OzoneManagerProtocolServerSideTranslatorPB.java:148) [ozone-manager-1.4.0-SNAPSHOT.jar:?]
	at org.apache.hadoop.ozone.protocol.proto.OzoneManagerProtocolProtos$OzoneManagerService$2.callBlockingMethod(OzoneManagerProtocolProtos.java) [ozone-interface-client-1.4.0-SNAPSHOT.jar:?]
	at org.apache.hadoop.ipc.ProtobufRpcEngine$Server.processCall(ProtobufRpcEngine.java:484) [hadoop-common-3.3.6.jar:?]
	at org.apache.hadoop.ipc.ProtobufRpcEngine2$Server$ProtoBufRpcInvoker.call(ProtobufRpcEngine2.java:595) [hadoop-common-3.3.6.jar:?]
	at org.apache.hadoop.ipc.ProtobufRpcEngine2$Server$ProtoBufRpcInvoker.call(ProtobufRpcEngine2.java:573) [hadoop-common-3.3.6.jar:?]
	at org.apache.hadoop.ipc.RPC$Server.call(RPC.java:1227) [hadoop-common-3.3.6.jar:?]
	at org.apache.hadoop.ipc.Server$RpcCall.run(Server.java:1094) [hadoop-common-3.3.6.jar:?]
	at org.apache.hadoop.ipc.Server$RpcCall.run(Server.java:1017) [hadoop-common-3.3.6.jar:?]
	at java.security.AccessController.doPrivileged(Native Method) ~[?:1.8.0_382]
	at javax.security.auth.Subject.doAs(Subject.java:422) [?:1.8.0_382]
	at org.apache.hadoop.security.UserGroupInformation.doAs(UserGroupInformation.java:1899) [hadoop-common-3.3.6.jar:?]
	at org.apache.hadoop.ipc.Server$Handler.run(Server.java:3048) [hadoop-common-3.3.6.jar:?]
04:51:59.501 [IPC Server handler 7 on default port 15110] ERROR OMAudit - user=runner | ip=127.0.0.1 | op=GET_FILE_STATUS {volume=volume87246, bucket=bucket72820, key=testBatchDelete/parent/childFolder/child0, dataSize=0, replicationConfig=null} | ret=FAILURE
org.apache.hadoop.ozone.om.exceptions.OMException: Unable to get file status: volume: volume87246 bucket: bucket72820 key: testBatchDelete/parent/childFolder/child0
	at org.apache.hadoop.ozone.om.KeyManagerImpl.getOzoneFileStatus(KeyManagerImpl.java:1195) ~[ozone-manager-1.4.0-SNAPSHOT.jar:?]
	at org.apache.hadoop.ozone.om.KeyManagerImpl.getFileStatus(KeyManagerImpl.java:1113) ~[ozone-manager-1.4.0-SNAPSHOT.jar:?]
	at org.apache.hadoop.ozone.om.OmMetadataReader.getFileStatus(OmMetadataReader.java:262) ~[ozone-manager-1.4.0-SNAPSHOT.jar:?]
	at org.apache.hadoop.ozone.om.OzoneManager.getFileStatus(OzoneManager.java:3530) ~[ozone-manager-1.4.0-SNAPSHOT.jar:?]
	at org.apache.hadoop.ozone.protocolPB.OzoneManagerRequestHandler.getOzoneFileStatus(OzoneManagerRequestHandler.java:971) ~[ozone-manager-1.4.0-SNAPSHOT.jar:?]
	at org.apache.hadoop.ozone.protocolPB.OzoneManagerRequestHandler.handleReadRequest(OzoneManagerRequestHandler.java:250) ~[ozone-manager-1.4.0-SNAPSHOT.jar:?]
	at org.apache.hadoop.ozone.protocolPB.OzoneManagerProtocolServerSideTranslatorPB.submitReadRequestToOM(OzoneManagerProtocolServerSideTranslatorPB.java:225) ~[ozone-manager-1.4.0-SNAPSHOT.jar:?]
	at org.apache.hadoop.ozone.protocolPB.OzoneManagerProtocolServerSideTranslatorPB.processRequest(OzoneManagerProtocolServerSideTranslatorPB.java:179) ~[ozone-manager-1.4.0-SNAPSHOT.jar:?]
	at org.apache.hadoop.hdds.server.OzoneProtocolMessageDispatcher.processRequest(OzoneProtocolMessageDispatcher.java:87) [hdds-server-framework-1.4.0-SNAPSHOT.jar:?]
	at org.apache.hadoop.ozone.protocolPB.OzoneManagerProtocolServerSideTranslatorPB.submitRequest(OzoneManagerProtocolServerSideTranslatorPB.java:148) [ozone-manager-1.4.0-SNAPSHOT.jar:?]
	at org.apache.hadoop.ozone.protocol.proto.OzoneManagerProtocolProtos$OzoneManagerService$2.callBlockingMethod(OzoneManagerProtocolProtos.java) [ozone-interface-client-1.4.0-SNAPSHOT.jar:?]
	at org.apache.hadoop.ipc.ProtobufRpcEngine$Server.processCall(ProtobufRpcEngine.java:484) [hadoop-common-3.3.6.jar:?]
	at org.apache.hadoop.ipc.ProtobufRpcEngine2$Server$ProtoBufRpcInvoker.call(ProtobufRpcEngine2.java:595) [hadoop-common-3.3.6.jar:?]
	at org.apache.hadoop.ipc.ProtobufRpcEngine2$Server$ProtoBufRpcInvoker.call(ProtobufRpcEngine2.java:573) [hadoop-common-3.3.6.jar:?]
	at org.apache.hadoop.ipc.RPC$Server.call(RPC.java:1227) [hadoop-common-3.3.6.jar:?]
	at org.apache.hadoop.ipc.Server$RpcCall.run(Server.java:1094) [hadoop-common-3.3.6.jar:?]
	at org.apache.hadoop.ipc.Server$RpcCall.run(Server.java:1017) [hadoop-common-3.3.6.jar:?]
	at java.security.AccessController.doPrivileged(Native Method) ~[?:1.8.0_382]
	at javax.security.auth.Subject.doAs(Subject.java:422) [?:1.8.0_382]
	at org.apache.hadoop.security.UserGroupInformation.doAs(UserGroupInformation.java:1899) [hadoop-common-3.3.6.jar:?]
	at org.apache.hadoop.ipc.Server$Handler.run(Server.java:3048) [hadoop-common-3.3.6.jar:?]
04:51:59.502 [IPC Server handler 14 on default port 15110] ERROR OMAudit - user=runner | ip=127.0.0.1 | op=GET_FILE_STATUS {volume=volume87246, bucket=bucket72820, key=testBatchDelete/parent/child1, dataSize=0, replicationConfig=null} | ret=FAILURE
org.apache.hadoop.ozone.om.exceptions.OMException: Unable to get file status: volume: volume87246 bucket: bucket72820 key: testBatchDelete/parent/child1
	at org.apache.hadoop.ozone.om.KeyManagerImpl.getOzoneFileStatus(KeyManagerImpl.java:1195) ~[ozone-manager-1.4.0-SNAPSHOT.jar:?]
	at org.apache.hadoop.ozone.om.KeyManagerImpl.getFileStatus(KeyManagerImpl.java:1113) ~[ozone-manager-1.4.0-SNAPSHOT.jar:?]
	at org.apache.hadoop.ozone.om.OmMetadataReader.getFileStatus(OmMetadataReader.java:262) ~[ozone-manager-1.4.0-SNAPSHOT.jar:?]
	at org.apache.hadoop.ozone.om.OzoneManager.getFileStatus(OzoneManager.java:3530) ~[ozone-manager-1.4.0-SNAPSHOT.jar:?]
	at org.apache.hadoop.ozone.protocolPB.OzoneManagerRequestHandler.getOzoneFileStatus(OzoneManagerRequestHandler.java:971) ~[ozone-manager-1.4.0-SNAPSHOT.jar:?]
	at org.apache.hadoop.ozone.protocolPB.OzoneManagerRequestHandler.handleReadRequest(OzoneManagerRequestHandler.java:250) ~[ozone-manager-1.4.0-SNAPSHOT.jar:?]
	at org.apache.hadoop.ozone.protocolPB.OzoneManagerProtocolServerSideTranslatorPB.submitReadRequestToOM(OzoneManagerProtocolServerSideTranslatorPB.java:225) ~[ozone-manager-1.4.0-SNAPSHOT.jar:?]
	at org.apache.hadoop.ozone.protocolPB.OzoneManagerProtocolServerSideTranslatorPB.processRequest(OzoneManagerProtocolServerSideTranslatorPB.java:179) ~[ozone-manager-1.4.0-SNAPSHOT.jar:?]
	at org.apache.hadoop.hdds.server.OzoneProtocolMessageDispatcher.processRequest(OzoneProtocolMessageDispatcher.java:87) [hdds-server-framework-1.4.0-SNAPSHOT.jar:?]
	at org.apache.hadoop.ozone.protocolPB.OzoneManagerProtocolServerSideTranslatorPB.submitRequest(OzoneManagerProtocolServerSideTranslatorPB.java:148) [ozone-manager-1.4.0-SNAPSHOT.jar:?]
	at org.apache.hadoop.ozone.protocol.proto.OzoneManagerProtocolProtos$OzoneManagerService$2.callBlockingMethod(OzoneManagerProtocolProtos.java) [ozone-interface-client-1.4.0-SNAPSHOT.jar:?]
	at org.apache.hadoop.ipc.ProtobufRpcEngine$Server.processCall(ProtobufRpcEngine.java:484) [hadoop-common-3.3.6.jar:?]
	at org.apache.hadoop.ipc.ProtobufRpcEngine2$Server$ProtoBufRpcInvoker.call(ProtobufRpcEngine2.java:595) [hadoop-common-3.3.6.jar:?]
	at org.apache.hadoop.ipc.ProtobufRpcEngine2$Server$ProtoBufRpcInvoker.call(ProtobufRpcEngine2.java:573) [hadoop-common-3.3.6.jar:?]
	at org.apache.hadoop.ipc.RPC$Server.call(RPC.java:1227) [hadoop-common-3.3.6.jar:?]
	at org.apache.hadoop.ipc.Server$RpcCall.run(Server.java:1094) [hadoop-common-3.3.6.jar:?]
	at org.apache.hadoop.ipc.Server$RpcCall.run(Server.java:1017) [hadoop-common-3.3.6.jar:?]
	at java.security.AccessController.doPrivileged(Native Method) ~[?:1.8.0_382]
	at javax.security.auth.Subject.doAs(Subject.java:422) [?:1.8.0_382]
	at org.apache.hadoop.security.UserGroupInformation.doAs(UserGroupInformation.java:1899) [hadoop-common-3.3.6.jar:?]
	at org.apache.hadoop.ipc.Server$Handler.run(Server.java:3048) [hadoop-common-3.3.6.jar:?]
04:51:59.503 [IPC Server handler 15 on default port 15110] ERROR OMAudit - user=runner | ip=127.0.0.1 | op=GET_FILE_STATUS {volume=volume87246, bucket=bucket72820, key=testBatchDelete/parent/childFolder/child1, dataSize=0, replicationConfig=null} | ret=FAILURE
org.apache.hadoop.ozone.om.exceptions.OMException: Unable to get file status: volume: volume87246 bucket: bucket72820 key: testBatchDelete/parent/childFolder/child1
	at org.apache.hadoop.ozone.om.KeyManagerImpl.getOzoneFileStatus(KeyManagerImpl.java:1195) ~[ozone-manager-1.4.0-SNAPSHOT.jar:?]
	at org.apache.hadoop.ozone.om.KeyManagerImpl.getFileStatus(KeyManagerImpl.java:1113) ~[ozone-manager-1.4.0-SNAPSHOT.jar:?]
	at org.apache.hadoop.ozone.om.OmMetadataReader.getFileStatus(OmMetadataReader.java:262) ~[ozone-manager-1.4.0-SNAPSHOT.jar:?]
	at org.apache.hadoop.ozone.om.OzoneManager.getFileStatus(OzoneManager.java:3530) ~[ozone-manager-1.4.0-SNAPSHOT.jar:?]
	at org.apache.hadoop.ozone.protocolPB.OzoneManagerRequestHandler.getOzoneFileStatus(OzoneManagerRequestHandler.java:971) ~[ozone-manager-1.4.0-SNAPSHOT.jar:?]
	at org.apache.hadoop.ozone.protocolPB.OzoneManagerRequestHandler.handleReadRequest(OzoneManagerRequestHandler.java:250) ~[ozone-manager-1.4.0-SNAPSHOT.jar:?]
	at org.apache.hadoop.ozone.protocolPB.OzoneManagerProtocolServerSideTranslatorPB.submitReadRequestToOM(OzoneManagerProtocolServerSideTranslatorPB.java:225) ~[ozone-manager-1.4.0-SNAPSHOT.jar:?]
	at org.apache.hadoop.ozone.protocolPB.OzoneManagerProtocolServerSideTranslatorPB.processRequest(OzoneManagerProtocolServerSideTranslatorPB.java:179) ~[ozone-manager-1.4.0-SNAPSHOT.jar:?]
	at org.apache.hadoop.hdds.server.OzoneProtocolMessageDispatcher.processRequest(OzoneProtocolMessageDispatcher.java:87) [hdds-server-framework-1.4.0-SNAPSHOT.jar:?]
	at org.apache.hadoop.ozone.protocolPB.OzoneManagerProtocolServerSideTranslatorPB.submitRequest(OzoneManagerProtocolServerSideTranslatorPB.java:148) [ozone-manager-1.4.0-SNAPSHOT.jar:?]
	at org.apache.hadoop.ozone.protocol.proto.OzoneManagerProtocolProtos$OzoneManagerService$2.callBlockingMethod(OzoneManagerProtocolProtos.java) [ozone-interface-client-1.4.0-SNAPSHOT.jar:?]
	at org.apache.hadoop.ipc.ProtobufRpcEngine$Server.processCall(ProtobufRpcEngine.java:484) [hadoop-common-3.3.6.jar:?]
	at org.apache.hadoop.ipc.ProtobufRpcEngine2$Server$ProtoBufRpcInvoker.call(ProtobufRpcEngine2.java:595) [hadoop-common-3.3.6.jar:?]
	at org.apache.hadoop.ipc.ProtobufRpcEngine2$Server$ProtoBufRpcInvoker.call(ProtobufRpcEngine2.java:573) [hadoop-common-3.3.6.jar:?]
	at org.apache.hadoop.ipc.RPC$Server.call(RPC.java:1227) [hadoop-common-3.3.6.jar:?]
	at org.apache.hadoop.ipc.Server$RpcCall.run(Server.java:1094) [hadoop-common-3.3.6.jar:?]
	at org.apache.hadoop.ipc.Server$RpcCall.run(Server.java:1017) [hadoop-common-3.3.6.jar:?]
	at java.security.AccessController.doPrivileged(Native Method) ~[?:1.8.0_382]
	at javax.security.auth.Subject.doAs(Subject.java:422) [?:1.8.0_382]
	at org.apache.hadoop.security.UserGroupInformation.doAs(UserGroupInformation.java:1899) [hadoop-common-3.3.6.jar:?]
	at org.apache.hadoop.ipc.Server$Handler.run(Server.java:3048) [hadoop-common-3.3.6.jar:?]
04:51:59.504 [IPC Server handler 12 on default port 15110] ERROR OMAudit - user=runner | ip=127.0.0.1 | op=GET_FILE_STATUS {volume=volume87246, bucket=bucket72820, key=testBatchDelete/parent/child2, dataSize=0, replicationConfig=null} | ret=FAILURE
org.apache.hadoop.ozone.om.exceptions.OMException: Unable to get file status: volume: volume87246 bucket: bucket72820 key: testBatchDelete/parent/child2
	at org.apache.hadoop.ozone.om.KeyManagerImpl.getOzoneFileStatus(KeyManagerImpl.java:1195) ~[ozone-manager-1.4.0-SNAPSHOT.jar:?]
	at org.apache.hadoop.ozone.om.KeyManagerImpl.getFileStatus(KeyManagerImpl.java:1113) ~[ozone-manager-1.4.0-SNAPSHOT.jar:?]
	at org.apache.hadoop.ozone.om.OmMetadataReader.getFileStatus(OmMetadataReader.java:262) ~[ozone-manager-1.4.0-SNAPSHOT.jar:?]
	at org.apache.hadoop.ozone.om.OzoneManager.getFileStatus(OzoneManager.java:3530) ~[ozone-manager-1.4.0-SNAPSHOT.jar:?]
	at org.apache.hadoop.ozone.protocolPB.OzoneManagerRequestHandler.getOzoneFileStatus(OzoneManagerRequestHandler.java:971) ~[ozone-manager-1.4.0-SNAPSHOT.jar:?]
	at org.apache.hadoop.ozone.protocolPB.OzoneManagerRequestHandler.handleReadRequest(OzoneManagerRequestHandler.java:250) ~[ozone-manager-1.4.0-SNAPSHOT.jar:?]
	at org.apache.hadoop.ozone.protocolPB.OzoneManagerProtocolServerSideTranslatorPB.submitReadRequestToOM(OzoneManagerProtocolServerSideTranslatorPB.java:225) ~[ozone-manager-1.4.0-SNAPSHOT.jar:?]
	at org.apache.hadoop.ozone.protocolPB.OzoneManagerProtocolServerSideTranslatorPB.processRequest(OzoneManagerProtocolServerSideTranslatorPB.java:179) ~[ozone-manager-1.4.0-SNAPSHOT.jar:?]
	at org.apache.hadoop.hdds.server.OzoneProtocolMessageDispatcher.processRequest(OzoneProtocolMessageDispatcher.java:87) [hdds-server-framework-1.4.0-SNAPSHOT.jar:?]
	at org.apache.hadoop.ozone.protocolPB.OzoneManagerProtocolServerSideTranslatorPB.submitRequest(OzoneManagerProtocolServerSideTranslatorPB.java:148) [ozone-manager-1.4.0-SNAPSHOT.jar:?]
	at org.apache.hadoop.ozone.protocol.proto.OzoneManagerProtocolProtos$OzoneManagerService$2.callBlockingMethod(OzoneManagerProtocolProtos.java) [ozone-interface-client-1.4.0-SNAPSHOT.jar:?]
	at org.apache.hadoop.ipc.ProtobufRpcEngine$Server.processCall(ProtobufRpcEngine.java:484) [hadoop-common-3.3.6.jar:?]
	at org.apache.hadoop.ipc.ProtobufRpcEngine2$Server$ProtoBufRpcInvoker.call(ProtobufRpcEngine2.java:595) [hadoop-common-3.3.6.jar:?]
	at org.apache.hadoop.ipc.ProtobufRpcEngine2$Server$ProtoBufRpcInvoker.call(ProtobufRpcEngine2.java:573) [hadoop-common-3.3.6.jar:?]
	at org.apache.hadoop.ipc.RPC$Server.call(RPC.java:1227) [hadoop-common-3.3.6.jar:?]
	at org.apache.hadoop.ipc.Server$RpcCall.run(Server.java:1094) [hadoop-common-3.3.6.jar:?]
	at org.apache.hadoop.ipc.Server$RpcCall.run(Server.java:1017) [hadoop-common-3.3.6.jar:?]
	at java.security.AccessController.doPrivileged(Native Method) ~[?:1.8.0_382]
	at javax.security.auth.Subject.doAs(Subject.java:422) [?:1.8.0_382]
	at org.apache.hadoop.security.UserGroupInformation.doAs(UserGroupInformation.java:1899) [hadoop-common-3.3.6.jar:?]
	at org.apache.hadoop.ipc.Server$Handler.run(Server.java:3048) [hadoop-common-3.3.6.jar:?]
04:51:59.505 [IPC Server handler 9 on default port 15110] ERROR OMAudit - user=runner | ip=127.0.0.1 | op=GET_FILE_STATUS {volume=volume87246, bucket=bucket72820, key=testBatchDelete/parent/childFolder/child2, dataSize=0, replicationConfig=null} | ret=FAILURE
org.apache.hadoop.ozone.om.exceptions.OMException: Unable to get file status: volume: volume87246 bucket: bucket72820 key: testBatchDelete/parent/childFolder/child2
	at org.apache.hadoop.ozone.om.KeyManagerImpl.getOzoneFileStatus(KeyManagerImpl.java:1195) ~[ozone-manager-1.4.0-SNAPSHOT.jar:?]
	at org.apache.hadoop.ozone.om.KeyManagerImpl.getFileStatus(KeyManagerImpl.java:1113) ~[ozone-manager-1.4.0-SNAPSHOT.jar:?]
	at org.apache.hadoop.ozone.om.OmMetadataReader.getFileStatus(OmMetadataReader.java:262) ~[ozone-manager-1.4.0-SNAPSHOT.jar:?]
	at org.apache.hadoop.ozone.om.OzoneManager.getFileStatus(OzoneManager.java:3530) ~[ozone-manager-1.4.0-SNAPSHOT.jar:?]
	at org.apache.hadoop.ozone.protocolPB.OzoneManagerRequestHandler.getOzoneFileStatus(OzoneManagerRequestHandler.java:971) ~[ozone-manager-1.4.0-SNAPSHOT.jar:?]
	at org.apache.hadoop.ozone.protocolPB.OzoneManagerRequestHandler.handleReadRequest(OzoneManagerRequestHandler.java:250) ~[ozone-manager-1.4.0-SNAPSHOT.jar:?]
	at org.apache.hadoop.ozone.protocolPB.OzoneManagerProtocolServerSideTranslatorPB.submitReadRequestToOM(OzoneManagerProtocolServerSideTranslatorPB.java:225) ~[ozone-manager-1.4.0-SNAPSHOT.jar:?]
	at org.apache.hadoop.ozone.protocolPB.OzoneManagerProtocolServerSideTranslatorPB.processRequest(OzoneManagerProtocolServerSideTranslatorPB.java:179) ~[ozone-manager-1.4.0-SNAPSHOT.jar:?]
	at org.apache.hadoop.hdds.server.OzoneProtocolMessageDispatcher.processRequest(OzoneProtocolMessageDispatcher.java:87) [hdds-server-framework-1.4.0-SNAPSHOT.jar:?]
	at org.apache.hadoop.ozone.protocolPB.OzoneManagerProtocolServerSideTranslatorPB.submitRequest(OzoneManagerProtocolServerSideTranslatorPB.java:148) [ozone-manager-1.4.0-SNAPSHOT.jar:?]
	at org.apache.hadoop.ozone.protocol.proto.OzoneManagerProtocolProtos$OzoneManagerService$2.callBlockingMethod(OzoneManagerProtocolProtos.java) [ozone-interface-client-1.4.0-SNAPSHOT.jar:?]
	at org.apache.hadoop.ipc.ProtobufRpcEngine$Server.processCall(ProtobufRpcEngine.java:484) [hadoop-common-3.3.6.jar:?]
	at org.apache.hadoop.ipc.ProtobufRpcEngine2$Server$ProtoBufRpcInvoker.call(ProtobufRpcEngine2.java:595) [hadoop-common-3.3.6.jar:?]
	at org.apache.hadoop.ipc.ProtobufRpcEngine2$Server$ProtoBufRpcInvoker.call(ProtobufRpcEngine2.java:573) [hadoop-common-3.3.6.jar:?]
	at org.apache.hadoop.ipc.RPC$Server.call(RPC.java:1227) [hadoop-common-3.3.6.jar:?]
	at org.apache.hadoop.ipc.Server$RpcCall.run(Server.java:1094) [hadoop-common-3.3.6.jar:?]
	at org.apache.hadoop.ipc.Server$RpcCall.run(Server.java:1017) [hadoop-common-3.3.6.jar:?]
	at java.security.AccessController.doPrivileged(Native Method) ~[?:1.8.0_382]
	at javax.security.auth.Subject.doAs(Subject.java:422) [?:1.8.0_382]
	at org.apache.hadoop.security.UserGroupInformation.doAs(UserGroupInformation.java:1899) [hadoop-common-3.3.6.jar:?]
	at org.apache.hadoop.ipc.Server$Handler.run(Server.java:3048) [hadoop-common-3.3.6.jar:?]
04:51:59.506 [IPC Server handler 8 on default port 15110] ERROR OMAudit - user=runner | ip=127.0.0.1 | op=GET_FILE_STATUS {volume=volume87246, bucket=bucket72820, key=testBatchDelete/parent/child3, dataSize=0, replicationConfig=null} | ret=FAILURE
org.apache.hadoop.ozone.om.exceptions.OMException: Unable to get file status: volume: volume87246 bucket: bucket72820 key: testBatchDelete/parent/child3
	at org.apache.hadoop.ozone.om.KeyManagerImpl.getOzoneFileStatus(KeyManagerImpl.java:1195) ~[ozone-manager-1.4.0-SNAPSHOT.jar:?]
	at org.apache.hadoop.ozone.om.KeyManagerImpl.getFileStatus(KeyManagerImpl.java:1113) ~[ozone-manager-1.4.0-SNAPSHOT.jar:?]
	at org.apache.hadoop.ozone.om.OmMetadataReader.getFileStatus(OmMetadataReader.java:262) ~[ozone-manager-1.4.0-SNAPSHOT.jar:?]
	at org.apache.hadoop.ozone.om.OzoneManager.getFileStatus(OzoneManager.java:3530) ~[ozone-manager-1.4.0-SNAPSHOT.jar:?]
	at org.apache.hadoop.ozone.protocolPB.OzoneManagerRequestHandler.getOzoneFileStatus(OzoneManagerRequestHandler.java:971) ~[ozone-manager-1.4.0-SNAPSHOT.jar:?]
	at org.apache.hadoop.ozone.protocolPB.OzoneManagerRequestHandler.handleReadRequest(OzoneManagerRequestHandler.java:250) ~[ozone-manager-1.4.0-SNAPSHOT.jar:?]
	at org.apache.hadoop.ozone.protocolPB.OzoneManagerProtocolServerSideTranslatorPB.submitReadRequestToOM(OzoneManagerProtocolServerSideTranslatorPB.java:225) ~[ozone-manager-1.4.0-SNAPSHOT.jar:?]
	at org.apache.hadoop.ozone.protocolPB.OzoneManagerProtocolServerSideTranslatorPB.processRequest(OzoneManagerProtocolServerSideTranslatorPB.java:179) ~[ozone-manager-1.4.0-SNAPSHOT.jar:?]
	at org.apache.hadoop.hdds.server.OzoneProtocolMessageDispatcher.processRequest(OzoneProtocolMessageDispatcher.java:87) [hdds-server-framework-1.4.0-SNAPSHOT.jar:?]
	at org.apache.hadoop.ozone.protocolPB.OzoneManagerProtocolServerSideTranslatorPB.submitRequest(OzoneManagerProtocolServerSideTranslatorPB.java:148) [ozone-manager-1.4.0-SNAPSHOT.jar:?]
	at org.apache.hadoop.ozone.protocol.proto.OzoneManagerProtocolProtos$OzoneManagerService$2.callBlockingMethod(OzoneManagerProtocolProtos.java) [ozone-interface-client-1.4.0-SNAPSHOT.jar:?]
	at org.apache.hadoop.ipc.ProtobufRpcEngine$Server.processCall(ProtobufRpcEngine.java:484) [hadoop-common-3.3.6.jar:?]
	at org.apache.hadoop.ipc.ProtobufRpcEngine2$Server$ProtoBufRpcInvoker.call(ProtobufRpcEngine2.java:595) [hadoop-common-3.3.6.jar:?]
	at org.apache.hadoop.ipc.ProtobufRpcEngine2$Server$ProtoBufRpcInvoker.call(ProtobufRpcEngine2.java:573) [hadoop-common-3.3.6.jar:?]
	at org.apache.hadoop.ipc.RPC$Server.call(RPC.java:1227) [hadoop-common-3.3.6.jar:?]
	at org.apache.hadoop.ipc.Server$RpcCall.run(Server.java:1094) [hadoop-common-3.3.6.jar:?]
	at org.apache.hadoop.ipc.Server$RpcCall.run(Server.java:1017) [hadoop-common-3.3.6.jar:?]
	at java.security.AccessController.doPrivileged(Native Method) ~[?:1.8.0_382]
	at javax.security.auth.Subject.doAs(Subject.java:422) [?:1.8.0_382]
	at org.apache.hadoop.security.UserGroupInformation.doAs(UserGroupInformation.java:1899) [hadoop-common-3.3.6.jar:?]
	at org.apache.hadoop.ipc.Server$Handler.run(Server.java:3048) [hadoop-common-3.3.6.jar:?]
04:51:59.507 [IPC Server handler 13 on default port 15110] ERROR OMAudit - user=runner | ip=127.0.0.1 | op=GET_FILE_STATUS {volume=volume87246, bucket=bucket72820, key=testBatchDelete/parent/childFolder/child3, dataSize=0, replicationConfig=null} | ret=FAILURE
org.apache.hadoop.ozone.om.exceptions.OMException: Unable to get file status: volume: volume87246 bucket: bucket72820 key: testBatchDelete/parent/childFolder/child3
	at org.apache.hadoop.ozone.om.KeyManagerImpl.getOzoneFileStatus(KeyManagerImpl.java:1195) ~[ozone-manager-1.4.0-SNAPSHOT.jar:?]
	at org.apache.hadoop.ozone.om.KeyManagerImpl.getFileStatus(KeyManagerImpl.java:1113) ~[ozone-manager-1.4.0-SNAPSHOT.jar:?]
	at org.apache.hadoop.ozone.om.OmMetadataReader.getFileStatus(OmMetadataReader.java:262) ~[ozone-manager-1.4.0-SNAPSHOT.jar:?]
	at org.apache.hadoop.ozone.om.OzoneManager.getFileStatus(OzoneManager.java:3530) ~[ozone-manager-1.4.0-SNAPSHOT.jar:?]
	at org.apache.hadoop.ozone.protocolPB.OzoneManagerRequestHandler.getOzoneFileStatus(OzoneManagerRequestHandler.java:971) ~[ozone-manager-1.4.0-SNAPSHOT.jar:?]
	at org.apache.hadoop.ozone.protocolPB.OzoneManagerRequestHandler.handleReadRequest(OzoneManagerRequestHandler.java:250) ~[ozone-manager-1.4.0-SNAPSHOT.jar:?]
	at org.apache.hadoop.ozone.protocolPB.OzoneManagerProtocolServerSideTranslatorPB.submitReadRequestToOM(OzoneManagerProtocolServerSideTranslatorPB.java:225) ~[ozone-manager-1.4.0-SNAPSHOT.jar:?]
	at org.apache.hadoop.ozone.protocolPB.OzoneManagerProtocolServerSideTranslatorPB.processRequest(OzoneManagerProtocolServerSideTranslatorPB.java:179) ~[ozone-manager-1.4.0-SNAPSHOT.jar:?]
	at org.apache.hadoop.hdds.server.OzoneProtocolMessageDispatcher.processRequest(OzoneProtocolMessageDispatcher.java:87) [hdds-server-framework-1.4.0-SNAPSHOT.jar:?]
	at org.apache.hadoop.ozone.protocolPB.OzoneManagerProtocolServerSideTranslatorPB.submitRequest(OzoneManagerProtocolServerSideTranslatorPB.java:148) [ozone-manager-1.4.0-SNAPSHOT.jar:?]
	at org.apache.hadoop.ozone.protocol.proto.OzoneManagerProtocolProtos$OzoneManagerService$2.callBlockingMethod(OzoneManagerProtocolProtos.java) [ozone-interface-client-1.4.0-SNAPSHOT.jar:?]
	at org.apache.hadoop.ipc.ProtobufRpcEngine$Server.processCall(ProtobufRpcEngine.java:484) [hadoop-common-3.3.6.jar:?]
	at org.apache.hadoop.ipc.ProtobufRpcEngine2$Server$ProtoBufRpcInvoker.call(ProtobufRpcEngine2.java:595) [hadoop-common-3.3.6.jar:?]
	at org.apache.hadoop.ipc.ProtobufRpcEngine2$Server$ProtoBufRpcInvoker.call(ProtobufRpcEngine2.java:573) [hadoop-common-3.3.6.jar:?]
	at org.apache.hadoop.ipc.RPC$Server.call(RPC.java:1227) [hadoop-common-3.3.6.jar:?]
	at org.apache.hadoop.ipc.Server$RpcCall.run(Server.java:1094) [hadoop-common-3.3.6.jar:?]
	at org.apache.hadoop.ipc.Server$RpcCall.run(Server.java:1017) [hadoop-common-3.3.6.jar:?]
	at java.security.AccessController.doPrivileged(Native Method) ~[?:1.8.0_382]
	at javax.security.auth.Subject.doAs(Subject.java:422) [?:1.8.0_382]
	at org.apache.hadoop.security.UserGroupInformation.doAs(UserGroupInformation.java:1899) [hadoop-common-3.3.6.jar:?]
	at org.apache.hadoop.ipc.Server$Handler.run(Server.java:3048) [hadoop-common-3.3.6.jar:?]
04:51:59.508 [IPC Server handler 10 on default port 15110] ERROR OMAudit - user=runner | ip=127.0.0.1 | op=GET_FILE_STATUS {volume=volume87246, bucket=bucket72820, key=testBatchDelete/parent/child4, dataSize=0, replicationConfig=null} | ret=FAILURE
org.apache.hadoop.ozone.om.exceptions.OMException: Unable to get file status: volume: volume87246 bucket: bucket72820 key: testBatchDelete/parent/child4
	at org.apache.hadoop.ozone.om.KeyManagerImpl.getOzoneFileStatus(KeyManagerImpl.java:1195) ~[ozone-manager-1.4.0-SNAPSHOT.jar:?]
	at org.apache.hadoop.ozone.om.KeyManagerImpl.getFileStatus(KeyManagerImpl.java:1113) ~[ozone-manager-1.4.0-SNAPSHOT.jar:?]
	at org.apache.hadoop.ozone.om.OmMetadataReader.getFileStatus(OmMetadataReader.java:262) ~[ozone-manager-1.4.0-SNAPSHOT.jar:?]
	at org.apache.hadoop.ozone.om.OzoneManager.getFileStatus(OzoneManager.java:3530) ~[ozone-manager-1.4.0-SNAPSHOT.jar:?]
	at org.apache.hadoop.ozone.protocolPB.OzoneManagerRequestHandler.getOzoneFileStatus(OzoneManagerRequestHandler.java:971) ~[ozone-manager-1.4.0-SNAPSHOT.jar:?]
	at org.apache.hadoop.ozone.protocolPB.OzoneManagerRequestHandler.handleReadRequest(OzoneManagerRequestHandler.java:250) ~[ozone-manager-1.4.0-SNAPSHOT.jar:?]
	at org.apache.hadoop.ozone.protocolPB.OzoneManagerProtocolServerSideTranslatorPB.submitReadRequestToOM(OzoneManagerProtocolServerSideTranslatorPB.java:225) ~[ozone-manager-1.4.0-SNAPSHOT.jar:?]
	at org.apache.hadoop.ozone.protocolPB.OzoneManagerProtocolServerSideTranslatorPB.processRequest(OzoneManagerProtocolServerSideTranslatorPB.java:179) ~[ozone-manager-1.4.0-SNAPSHOT.jar:?]
	at org.apache.hadoop.hdds.server.OzoneProtocolMessageDispatcher.processRequest(OzoneProtocolMessageDispatcher.java:87) [hdds-server-framework-1.4.0-SNAPSHOT.jar:?]
	at org.apache.hadoop.ozone.protocolPB.OzoneManagerProtocolServerSideTranslatorPB.submitRequest(OzoneManagerProtocolServerSideTranslatorPB.java:148) [ozone-manager-1.4.0-SNAPSHOT.jar:?]
	at org.apache.hadoop.ozone.protocol.proto.OzoneManagerProtocolProtos$OzoneManagerService$2.callBlockingMethod(OzoneManagerProtocolProtos.java) [ozone-interface-client-1.4.0-SNAPSHOT.jar:?]
	at org.apache.hadoop.ipc.ProtobufRpcEngine$Server.processCall(ProtobufRpcEngine.java:484) [hadoop-common-3.3.6.jar:?]
	at org.apache.hadoop.ipc.ProtobufRpcEngine2$Server$ProtoBufRpcInvoker.call(ProtobufRpcEngine2.java:595) [hadoop-common-3.3.6.jar:?]
	at org.apache.hadoop.ipc.ProtobufRpcEngine2$Server$ProtoBufRpcInvoker.call(ProtobufRpcEngine2.java:573) [hadoop-common-3.3.6.jar:?]
	at org.apache.hadoop.ipc.RPC$Server.call(RPC.java:1227) [hadoop-common-3.3.6.jar:?]
	at org.apache.hadoop.ipc.Server$RpcCall.run(Server.java:1094) [hadoop-common-3.3.6.jar:?]
	at org.apache.hadoop.ipc.Server$RpcCall.run(Server.java:1017) [hadoop-common-3.3.6.jar:?]
	at java.security.AccessController.doPrivileged(Native Method) ~[?:1.8.0_382]
	at javax.security.auth.Subject.doAs(Subject.java:422) [?:1.8.0_382]
	at org.apache.hadoop.security.UserGroupInformation.doAs(UserGroupInformation.java:1899) [hadoop-common-3.3.6.jar:?]
	at org.apache.hadoop.ipc.Server$Handler.run(Server.java:3048) [hadoop-common-3.3.6.jar:?]
04:51:59.509 [IPC Server handler 11 on default port 15110] ERROR OMAudit - user=runner | ip=127.0.0.1 | op=GET_FILE_STATUS {volume=volume87246, bucket=bucket72820, key=testBatchDelete/parent/childFolder/child4, dataSize=0, replicationConfig=null} | ret=FAILURE
org.apache.hadoop.ozone.om.exceptions.OMException: Unable to get file status: volume: volume87246 bucket: bucket72820 key: testBatchDelete/parent/childFolder/child4
	at org.apache.hadoop.ozone.om.KeyManagerImpl.getOzoneFileStatus(KeyManagerImpl.java:1195) ~[ozone-manager-1.4.0-SNAPSHOT.jar:?]
	at org.apache.hadoop.ozone.om.KeyManagerImpl.getFileStatus(KeyManagerImpl.java:1113) ~[ozone-manager-1.4.0-SNAPSHOT.jar:?]
	at org.apache.hadoop.ozone.om.OmMetadataReader.getFileStatus(OmMetadataReader.java:262) ~[ozone-manager-1.4.0-SNAPSHOT.jar:?]
	at org.apache.hadoop.ozone.om.OzoneManager.getFileStatus(OzoneManager.java:3530) ~[ozone-manager-1.4.0-SNAPSHOT.jar:?]
	at org.apache.hadoop.ozone.protocolPB.OzoneManagerRequestHandler.getOzoneFileStatus(OzoneManagerRequestHandler.java:971) ~[ozone-manager-1.4.0-SNAPSHOT.jar:?]
	at org.apache.hadoop.ozone.protocolPB.OzoneManagerRequestHandler.handleReadRequest(OzoneManagerRequestHandler.java:250) ~[ozone-manager-1.4.0-SNAPSHOT.jar:?]
	at org.apache.hadoop.ozone.protocolPB.OzoneManagerProtocolServerSideTranslatorPB.submitReadRequestToOM(OzoneManagerProtocolServerSideTranslatorPB.java:225) ~[ozone-manager-1.4.0-SNAPSHOT.jar:?]
	at org.apache.hadoop.ozone.protocolPB.OzoneManagerProtocolServerSideTranslatorPB.processRequest(OzoneManagerProtocolServerSideTranslatorPB.java:179) ~[ozone-manager-1.4.0-SNAPSHOT.jar:?]
	at org.apache.hadoop.hdds.server.OzoneProtocolMessageDispatcher.processRequest(OzoneProtocolMessageDispatcher.java:87) [hdds-server-framework-1.4.0-SNAPSHOT.jar:?]
	at org.apache.hadoop.ozone.protocolPB.OzoneManagerProtocolServerSideTranslatorPB.submitRequest(OzoneManagerProtocolServerSideTranslatorPB.java:148) [ozone-manager-1.4.0-SNAPSHOT.jar:?]
	at org.apache.hadoop.ozone.protocol.proto.OzoneManagerProtocolProtos$OzoneManagerService$2.callBlockingMethod(OzoneManagerProtocolProtos.java) [ozone-interface-client-1.4.0-SNAPSHOT.jar:?]
	at org.apache.hadoop.ipc.ProtobufRpcEngine$Server.processCall(ProtobufRpcEngine.java:484) [hadoop-common-3.3.6.jar:?]
	at org.apache.hadoop.ipc.ProtobufRpcEngine2$Server$ProtoBufRpcInvoker.call(ProtobufRpcEngine2.java:595) [hadoop-common-3.3.6.jar:?]
	at org.apache.hadoop.ipc.ProtobufRpcEngine2$Server$ProtoBufRpcInvoker.call(ProtobufRpcEngine2.java:573) [hadoop-common-3.3.6.jar:?]
	at org.apache.hadoop.ipc.RPC$Server.call(RPC.java:1227) [hadoop-common-3.3.6.jar:?]
	at org.apache.hadoop.ipc.Server$RpcCall.run(Server.java:1094) [hadoop-common-3.3.6.jar:?]
	at org.apache.hadoop.ipc.Server$RpcCall.run(Server.java:1017) [hadoop-common-3.3.6.jar:?]
	at java.security.AccessController.doPrivileged(Native Method) ~[?:1.8.0_382]
	at javax.security.auth.Subject.doAs(Subject.java:422) [?:1.8.0_382]
	at org.apache.hadoop.security.UserGroupInformation.doAs(UserGroupInformation.java:1899) [hadoop-common-3.3.6.jar:?]
	at org.apache.hadoop.ipc.Server$Handler.run(Server.java:3048) [hadoop-common-3.3.6.jar:?]
04:51:59.510 [IPC Server handler 18 on default port 15110] ERROR OMAudit - user=runner | ip=127.0.0.1 | op=GET_FILE_STATUS {volume=volume87246, bucket=bucket72820, key=testBatchDelete/parent/child5, dataSize=0, replicationConfig=null} | ret=FAILURE
org.apache.hadoop.ozone.om.exceptions.OMException: Unable to get file status: volume: volume87246 bucket: bucket72820 key: testBatchDelete/parent/child5
	at org.apache.hadoop.ozone.om.KeyManagerImpl.getOzoneFileStatus(KeyManagerImpl.java:1195) ~[ozone-manager-1.4.0-SNAPSHOT.jar:?]
	at org.apache.hadoop.ozone.om.KeyManagerImpl.getFileStatus(KeyManagerImpl.java:1113) ~[ozone-manager-1.4.0-SNAPSHOT.jar:?]
	at org.apache.hadoop.ozone.om.OmMetadataReader.getFileStatus(OmMetadataReader.java:262) ~[ozone-manager-1.4.0-SNAPSHOT.jar:?]
	at org.apache.hadoop.ozone.om.OzoneManager.getFileStatus(OzoneManager.java:3530) ~[ozone-manager-1.4.0-SNAPSHOT.jar:?]
	at org.apache.hadoop.ozone.protocolPB.OzoneManagerRequestHandler.getOzoneFileStatus(OzoneManagerRequestHandler.java:971) ~[ozone-manager-1.4.0-SNAPSHOT.jar:?]
	at org.apache.hadoop.ozone.protocolPB.OzoneManagerRequestHandler.handleReadRequest(OzoneManagerRequestHandler.java:250) ~[ozone-manager-1.4.0-SNAPSHOT.jar:?]
	at org.apache.hadoop.ozone.protocolPB.OzoneManagerProtocolServerSideTranslatorPB.submitReadRequestToOM(OzoneManagerProtocolServerSideTranslatorPB.java:225) ~[ozone-manager-1.4.0-SNAPSHOT.jar:?]
	at org.apache.hadoop.ozone.protocolPB.OzoneManagerProtocolServerSideTranslatorPB.processRequest(OzoneManagerProtocolServerSideTranslatorPB.java:179) ~[ozone-manager-1.4.0-SNAPSHOT.jar:?]
	at org.apache.hadoop.hdds.server.OzoneProtocolMessageDispatcher.processRequest(OzoneProtocolMessageDispatcher.java:87) [hdds-server-framework-1.4.0-SNAPSHOT.jar:?]
	at org.apache.hadoop.ozone.protocolPB.OzoneManagerProtocolServerSideTranslatorPB.submitRequest(OzoneManagerProtocolServerSideTranslatorPB.java:148) [ozone-manager-1.4.0-SNAPSHOT.jar:?]
	at org.apache.hadoop.ozone.protocol.proto.OzoneManagerProtocolProtos$OzoneManagerService$2.callBlockingMethod(OzoneManagerProtocolProtos.java) [ozone-interface-client-1.4.0-SNAPSHOT.jar:?]
	at org.apache.hadoop.ipc.ProtobufRpcEngine$Server.processCall(ProtobufRpcEngine.java:484) [hadoop-common-3.3.6.jar:?]
	at org.apache.hadoop.ipc.ProtobufRpcEngine2$Server$ProtoBufRpcInvoker.call(ProtobufRpcEngine2.java:595) [hadoop-common-3.3.6.jar:?]
	at org.apache.hadoop.ipc.ProtobufRpcEngine2$Server$ProtoBufRpcInvoker.call(ProtobufRpcEngine2.java:573) [hadoop-common-3.3.6.jar:?]
	at org.apache.hadoop.ipc.RPC$Server.call(RPC.java:1227) [hadoop-common-3.3.6.jar:?]
	at org.apache.hadoop.ipc.Server$RpcCall.run(Server.java:1094) [hadoop-common-3.3.6.jar:?]
	at org.apache.hadoop.ipc.Server$RpcCall.run(Server.java:1017) [hadoop-common-3.3.6.jar:?]
	at java.security.AccessController.doPrivileged(Native Method) ~[?:1.8.0_382]
	at javax.security.auth.Subject.doAs(Subject.java:422) [?:1.8.0_382]
	at org.apache.hadoop.security.UserGroupInformation.doAs(UserGroupInformation.java:1899) [hadoop-common-3.3.6.jar:?]
	at org.apache.hadoop.ipc.Server$Handler.run(Server.java:3048) [hadoop-common-3.3.6.jar:?]
04:51:59.511 [IPC Server handler 17 on default port 15110] ERROR OMAudit - user=runner | ip=127.0.0.1 | op=GET_FILE_STATUS {volume=volume87246, bucket=bucket72820, key=testBatchDelete/parent/childFolder/child5, dataSize=0, replicationConfig=null} | ret=FAILURE
org.apache.hadoop.ozone.om.exceptions.OMException: Unable to get file status: volume: volume87246 bucket: bucket72820 key: testBatchDelete/parent/childFolder/child5
	at org.apache.hadoop.ozone.om.KeyManagerImpl.getOzoneFileStatus(KeyManagerImpl.java:1195) ~[ozone-manager-1.4.0-SNAPSHOT.jar:?]
	at org.apache.hadoop.ozone.om.KeyManagerImpl.getFileStatus(KeyManagerImpl.java:1113) ~[ozone-manager-1.4.0-SNAPSHOT.jar:?]
	at org.apache.hadoop.ozone.om.OmMetadataReader.getFileStatus(OmMetadataReader.java:262) ~[ozone-manager-1.4.0-SNAPSHOT.jar:?]
	at org.apache.hadoop.ozone.om.OzoneManager.getFileStatus(OzoneManager.java:3530) ~[ozone-manager-1.4.0-SNAPSHOT.jar:?]
	at org.apache.hadoop.ozone.protocolPB.OzoneManagerRequestHandler.getOzoneFileStatus(OzoneManagerRequestHandler.java:971) ~[ozone-manager-1.4.0-SNAPSHOT.jar:?]
	at org.apache.hadoop.ozone.protocolPB.OzoneManagerRequestHandler.handleReadRequest(OzoneManagerRequestHandler.java:250) ~[ozone-manager-1.4.0-SNAPSHOT.jar:?]
	at org.apache.hadoop.ozone.protocolPB.OzoneManagerProtocolServerSideTranslatorPB.submitReadRequestToOM(OzoneManagerProtocolServerSideTranslatorPB.java:225) ~[ozone-manager-1.4.0-SNAPSHOT.jar:?]
	at org.apache.hadoop.ozone.protocolPB.OzoneManagerProtocolServerSideTranslatorPB.processRequest(OzoneManagerProtocolServerSideTranslatorPB.java:179) ~[ozone-manager-1.4.0-SNAPSHOT.jar:?]
	at org.apache.hadoop.hdds.server.OzoneProtocolMessageDispatcher.processRequest(OzoneProtocolMessageDispatcher.java:87) [hdds-server-framework-1.4.0-SNAPSHOT.jar:?]
	at org.apache.hadoop.ozone.protocolPB.OzoneManagerProtocolServerSideTranslatorPB.submitRequest(OzoneManagerProtocolServerSideTranslatorPB.java:148) [ozone-manager-1.4.0-SNAPSHOT.jar:?]
	at org.apache.hadoop.ozone.protocol.proto.OzoneManagerProtocolProtos$OzoneManagerService$2.callBlockingMethod(OzoneManagerProtocolProtos.java) [ozone-interface-client-1.4.0-SNAPSHOT.jar:?]
	at org.apache.hadoop.ipc.ProtobufRpcEngine$Server.processCall(ProtobufRpcEngine.java:484) [hadoop-common-3.3.6.jar:?]
	at org.apache.hadoop.ipc.ProtobufRpcEngine2$Server$ProtoBufRpcInvoker.call(ProtobufRpcEngine2.java:595) [hadoop-common-3.3.6.jar:?]
	at org.apache.hadoop.ipc.ProtobufRpcEngine2$Server$ProtoBufRpcInvoker.call(ProtobufRpcEngine2.java:573) [hadoop-common-3.3.6.jar:?]
	at org.apache.hadoop.ipc.RPC$Server.call(RPC.java:1227) [hadoop-common-3.3.6.jar:?]
	at org.apache.hadoop.ipc.Server$RpcCall.run(Server.java:1094) [hadoop-common-3.3.6.jar:?]
	at org.apache.hadoop.ipc.Server$RpcCall.run(Server.java:1017) [hadoop-common-3.3.6.jar:?]
	at java.security.AccessController.doPrivileged(Native Method) ~[?:1.8.0_382]
	at javax.security.auth.Subject.doAs(Subject.java:422) [?:1.8.0_382]
	at org.apache.hadoop.security.UserGroupInformation.doAs(UserGroupInformation.java:1899) [hadoop-common-3.3.6.jar:?]
	at org.apache.hadoop.ipc.Server$Handler.run(Server.java:3048) [hadoop-common-3.3.6.jar:?]
04:51:59.512 [IPC Server handler 16 on default port 15110] ERROR OMAudit - user=runner | ip=127.0.0.1 | op=GET_FILE_STATUS {volume=volume87246, bucket=bucket72820, key=testBatchDelete/parent/child6, dataSize=0, replicationConfig=null} | ret=FAILURE
org.apache.hadoop.ozone.om.exceptions.OMException: Unable to get file status: volume: volume87246 bucket: bucket72820 key: testBatchDelete/parent/child6
	at org.apache.hadoop.ozone.om.KeyManagerImpl.getOzoneFileStatus(KeyManagerImpl.java:1195) ~[ozone-manager-1.4.0-SNAPSHOT.jar:?]
	at org.apache.hadoop.ozone.om.KeyManagerImpl.getFileStatus(KeyManagerImpl.java:1113) ~[ozone-manager-1.4.0-SNAPSHOT.jar:?]
	at org.apache.hadoop.ozone.om.OmMetadataReader.getFileStatus(OmMetadataReader.java:262) ~[ozone-manager-1.4.0-SNAPSHOT.jar:?]
	at org.apache.hadoop.ozone.om.OzoneManager.getFileStatus(OzoneManager.java:3530) ~[ozone-manager-1.4.0-SNAPSHOT.jar:?]
	at org.apache.hadoop.ozone.protocolPB.OzoneManagerRequestHandler.getOzoneFileStatus(OzoneManagerRequestHandler.java:971) ~[ozone-manager-1.4.0-SNAPSHOT.jar:?]
	at org.apache.hadoop.ozone.protocolPB.OzoneManagerRequestHandler.handleReadRequest(OzoneManagerRequestHandler.java:250) ~[ozone-manager-1.4.0-SNAPSHOT.jar:?]
	at org.apache.hadoop.ozone.protocolPB.OzoneManagerProtocolServerSideTranslatorPB.submitReadRequestToOM(OzoneManagerProtocolServerSideTranslatorPB.java:225) ~[ozone-manager-1.4.0-SNAPSHOT.jar:?]
	at org.apache.hadoop.ozone.protocolPB.OzoneManagerProtocolServerSideTranslatorPB.processRequest(OzoneManagerProtocolServerSideTranslatorPB.java:179) ~[ozone-manager-1.4.0-SNAPSHOT.jar:?]
	at org.apache.hadoop.hdds.server.OzoneProtocolMessageDispatcher.processRequest(OzoneProtocolMessageDispatcher.java:87) [hdds-server-framework-1.4.0-SNAPSHOT.jar:?]
	at org.apache.hadoop.ozone.protocolPB.OzoneManagerProtocolServerSideTranslatorPB.submitRequest(OzoneManagerProtocolServerSideTranslatorPB.java:148) [ozone-manager-1.4.0-SNAPSHOT.jar:?]
	at org.apache.hadoop.ozone.protocol.proto.OzoneManagerProtocolProtos$OzoneManagerService$2.callBlockingMethod(OzoneManagerProtocolProtos.java) [ozone-interface-client-1.4.0-SNAPSHOT.jar:?]
	at org.apache.hadoop.ipc.ProtobufRpcEngine$Server.processCall(ProtobufRpcEngine.java:484) [hadoop-common-3.3.6.jar:?]
	at org.apache.hadoop.ipc.ProtobufRpcEngine2$Server$ProtoBufRpcInvoker.call(ProtobufRpcEngine2.java:595) [hadoop-common-3.3.6.jar:?]
	at org.apache.hadoop.ipc.ProtobufRpcEngine2$Server$ProtoBufRpcInvoker.call(ProtobufRpcEngine2.java:573) [hadoop-common-3.3.6.jar:?]
	at org.apache.hadoop.ipc.RPC$Server.call(RPC.java:1227) [hadoop-common-3.3.6.jar:?]
	at org.apache.hadoop.ipc.Server$RpcCall.run(Server.java:1094) [hadoop-common-3.3.6.jar:?]
	at org.apache.hadoop.ipc.Server$RpcCall.run(Server.java:1017) [hadoop-common-3.3.6.jar:?]
	at java.security.AccessController.doPrivileged(Native Method) ~[?:1.8.0_382]
	at javax.security.auth.Subject.doAs(Subject.java:422) [?:1.8.0_382]
	at org.apache.hadoop.security.UserGroupInformation.doAs(UserGroupInformation.java:1899) [hadoop-common-3.3.6.jar:?]
	at org.apache.hadoop.ipc.Server$Handler.run(Server.java:3048) [hadoop-common-3.3.6.jar:?]
04:51:59.513 [IPC Server handler 19 on default port 15110] ERROR OMAudit - user=runner | ip=127.0.0.1 | op=GET_FILE_STATUS {volume=volume87246, bucket=bucket72820, key=testBatchDelete/parent/childFolder/child6, dataSize=0, replicationConfig=null} | ret=FAILURE
org.apache.hadoop.ozone.om.exceptions.OMException: Unable to get file status: volume: volume87246 bucket: bucket72820 key: testBatchDelete/parent/childFolder/child6
	at org.apache.hadoop.ozone.om.KeyManagerImpl.getOzoneFileStatus(KeyManagerImpl.java:1195) ~[ozone-manager-1.4.0-SNAPSHOT.jar:?]
	at org.apache.hadoop.ozone.om.KeyManagerImpl.getFileStatus(KeyManagerImpl.java:1113) ~[ozone-manager-1.4.0-SNAPSHOT.jar:?]
	at org.apache.hadoop.ozone.om.OmMetadataReader.getFileStatus(OmMetadataReader.java:262) ~[ozone-manager-1.4.0-SNAPSHOT.jar:?]
	at org.apache.hadoop.ozone.om.OzoneManager.getFileStatus(OzoneManager.java:3530) ~[ozone-manager-1.4.0-SNAPSHOT.jar:?]
	at org.apache.hadoop.ozone.protocolPB.OzoneManagerRequestHandler.getOzoneFileStatus(OzoneManagerRequestHandler.java:971) ~[ozone-manager-1.4.0-SNAPSHOT.jar:?]
	at org.apache.hadoop.ozone.protocolPB.OzoneManagerRequestHandler.handleReadRequest(OzoneManagerRequestHandler.java:250) ~[ozone-manager-1.4.0-SNAPSHOT.jar:?]
	at org.apache.hadoop.ozone.protocolPB.OzoneManagerProtocolServerSideTranslatorPB.submitReadRequestToOM(OzoneManagerProtocolServerSideTranslatorPB.java:225) ~[ozone-manager-1.4.0-SNAPSHOT.jar:?]
	at org.apache.hadoop.ozone.protocolPB.OzoneManagerProtocolServerSideTranslatorPB.processRequest(OzoneManagerProtocolServerSideTranslatorPB.java:179) ~[ozone-manager-1.4.0-SNAPSHOT.jar:?]
	at org.apache.hadoop.hdds.server.OzoneProtocolMessageDispatcher.processRequest(OzoneProtocolMessageDispatcher.java:87) [hdds-server-framework-1.4.0-SNAPSHOT.jar:?]
	at org.apache.hadoop.ozone.protocolPB.OzoneManagerProtocolServerSideTranslatorPB.submitRequest(OzoneManagerProtocolServerSideTranslatorPB.java:148) [ozone-manager-1.4.0-SNAPSHOT.jar:?]
	at org.apache.hadoop.ozone.protocol.proto.OzoneManagerProtocolProtos$OzoneManagerService$2.callBlockingMethod(OzoneManagerProtocolProtos.java) [ozone-interface-client-1.4.0-SNAPSHOT.jar:?]
	at org.apache.hadoop.ipc.ProtobufRpcEngine$Server.processCall(ProtobufRpcEngine.java:484) [hadoop-common-3.3.6.jar:?]
	at org.apache.hadoop.ipc.ProtobufRpcEngine2$Server$ProtoBufRpcInvoker.call(ProtobufRpcEngine2.java:595) [hadoop-common-3.3.6.jar:?]
	at org.apache.hadoop.ipc.ProtobufRpcEngine2$Server$ProtoBufRpcInvoker.call(ProtobufRpcEngine2.java:573) [hadoop-common-3.3.6.jar:?]
	at org.apache.hadoop.ipc.RPC$Server.call(RPC.java:1227) [hadoop-common-3.3.6.jar:?]
	at org.apache.hadoop.ipc.Server$RpcCall.run(Server.java:1094) [hadoop-common-3.3.6.jar:?]
	at org.apache.hadoop.ipc.Server$RpcCall.run(Server.java:1017) [hadoop-common-3.3.6.jar:?]
	at java.security.AccessController.doPrivileged(Native Method) ~[?:1.8.0_382]
	at javax.security.auth.Subject.doAs(Subject.java:422) [?:1.8.0_382]
	at org.apache.hadoop.security.UserGroupInformation.doAs(UserGroupInformation.java:1899) [hadoop-common-3.3.6.jar:?]
	at org.apache.hadoop.ipc.Server$Handler.run(Server.java:3048) [hadoop-common-3.3.6.jar:?]
04:51:59.514 [IPC Server handler 0 on default port 15110] ERROR OMAudit - user=runner | ip=127.0.0.1 | op=GET_FILE_STATUS {volume=volume87246, bucket=bucket72820, key=testBatchDelete/parent/child7, dataSize=0, replicationConfig=null} | ret=FAILURE
org.apache.hadoop.ozone.om.exceptions.OMException: Unable to get file status: volume: volume87246 bucket: bucket72820 key: testBatchDelete/parent/child7
	at org.apache.hadoop.ozone.om.KeyManagerImpl.getOzoneFileStatus(KeyManagerImpl.java:1195) ~[ozone-manager-1.4.0-SNAPSHOT.jar:?]
	at org.apache.hadoop.ozone.om.KeyManagerImpl.getFileStatus(KeyManagerImpl.java:1113) ~[ozone-manager-1.4.0-SNAPSHOT.jar:?]
	at org.apache.hadoop.ozone.om.OmMetadataReader.getFileStatus(OmMetadataReader.java:262) ~[ozone-manager-1.4.0-SNAPSHOT.jar:?]
	at org.apache.hadoop.ozone.om.OzoneManager.getFileStatus(OzoneManager.java:3530) ~[ozone-manager-1.4.0-SNAPSHOT.jar:?]
	at org.apache.hadoop.ozone.protocolPB.OzoneManagerRequestHandler.getOzoneFileStatus(OzoneManagerRequestHandler.java:971) ~[ozone-manager-1.4.0-SNAPSHOT.jar:?]
	at org.apache.hadoop.ozone.protocolPB.OzoneManagerRequestHandler.handleReadRequest(OzoneManagerRequestHandler.java:250) ~[ozone-manager-1.4.0-SNAPSHOT.jar:?]
	at org.apache.hadoop.ozone.protocolPB.OzoneManagerProtocolServerSideTranslatorPB.submitReadRequestToOM(OzoneManagerProtocolServerSideTranslatorPB.java:225) ~[ozone-manager-1.4.0-SNAPSHOT.jar:?]
	at org.apache.hadoop.ozone.protocolPB.OzoneManagerProtocolServerSideTranslatorPB.processRequest(OzoneManagerProtocolServerSideTranslatorPB.java:179) ~[ozone-manager-1.4.0-SNAPSHOT.jar:?]
	at org.apache.hadoop.hdds.server.OzoneProtocolMessageDispatcher.processRequest(OzoneProtocolMessageDispatcher.java:87) [hdds-server-framework-1.4.0-SNAPSHOT.jar:?]
	at org.apache.hadoop.ozone.protocolPB.OzoneManagerProtocolServerSideTranslatorPB.submitRequest(OzoneManagerProtocolServerSideTranslatorPB.java:148) [ozone-manager-1.4.0-SNAPSHOT.jar:?]
	at org.apache.hadoop.ozone.protocol.proto.OzoneManagerProtocolProtos$OzoneManagerService$2.callBlockingMethod(OzoneManagerProtocolProtos.java) [ozone-interface-client-1.4.0-SNAPSHOT.jar:?]
	at org.apache.hadoop.ipc.ProtobufRpcEngine$Server.processCall(ProtobufRpcEngine.java:484) [hadoop-common-3.3.6.jar:?]
	at org.apache.hadoop.ipc.ProtobufRpcEngine2$Server$ProtoBufRpcInvoker.call(ProtobufRpcEngine2.java:595) [hadoop-common-3.3.6.jar:?]
	at org.apache.hadoop.ipc.ProtobufRpcEngine2$Server$ProtoBufRpcInvoker.call(ProtobufRpcEngine2.java:573) [hadoop-common-3.3.6.jar:?]
	at org.apache.hadoop.ipc.RPC$Server.call(RPC.java:1227) [hadoop-common-3.3.6.jar:?]
	at org.apache.hadoop.ipc.Server$RpcCall.run(Server.java:1094) [hadoop-common-3.3.6.jar:?]
	at org.apache.hadoop.ipc.Server$RpcCall.run(Server.java:1017) [hadoop-common-3.3.6.jar:?]
	at java.security.AccessController.doPrivileged(Native Method) ~[?:1.8.0_382]
	at javax.security.auth.Subject.doAs(Subject.java:422) [?:1.8.0_382]
	at org.apache.hadoop.security.UserGroupInformation.doAs(UserGroupInformation.java:1899) [hadoop-common-3.3.6.jar:?]
	at org.apache.hadoop.ipc.Server$Handler.run(Server.java:3048) [hadoop-common-3.3.6.jar:?]
04:51:59.517 [IPC Server handler 1 on default port 15110] ERROR OMAudit - user=runner | ip=127.0.0.1 | op=GET_FILE_STATUS {volume=volume87246, bucket=bucket72820, key=testBatchDelete/parent/childFolder/child7, dataSize=0, replicationConfig=null} | ret=FAILURE
org.apache.hadoop.ozone.om.exceptions.OMException: Unable to get file status: volume: volume87246 bucket: bucket72820 key: testBatchDelete/parent/childFolder/child7
	at org.apache.hadoop.ozone.om.KeyManagerImpl.getOzoneFileStatus(KeyManagerImpl.java:1195) ~[ozone-manager-1.4.0-SNAPSHOT.jar:?]
	at org.apache.hadoop.ozone.om.KeyManagerImpl.getFileStatus(KeyManagerImpl.java:1113) ~[ozone-manager-1.4.0-SNAPSHOT.jar:?]
	at org.apache.hadoop.ozone.om.OmMetadataReader.getFileStatus(OmMetadataReader.java:262) ~[ozone-manager-1.4.0-SNAPSHOT.jar:?]
	at org.apache.hadoop.ozone.om.OzoneManager.getFileStatus(OzoneManager.java:3530) ~[ozone-manager-1.4.0-SNAPSHOT.jar:?]
	at org.apache.hadoop.ozone.protocolPB.OzoneManagerRequestHandler.getOzoneFileStatus(OzoneManagerRequestHandler.java:971) ~[ozone-manager-1.4.0-SNAPSHOT.jar:?]
	at org.apache.hadoop.ozone.protocolPB.OzoneManagerRequestHandler.handleReadRequest(OzoneManagerRequestHandler.java:250) ~[ozone-manager-1.4.0-SNAPSHOT.jar:?]
	at org.apache.hadoop.ozone.protocolPB.OzoneManagerProtocolServerSideTranslatorPB.submitReadRequestToOM(OzoneManagerProtocolServerSideTranslatorPB.java:225) ~[ozone-manager-1.4.0-SNAPSHOT.jar:?]
	at org.apache.hadoop.ozone.protocolPB.OzoneManagerProtocolServerSideTranslatorPB.processRequest(OzoneManagerProtocolServerSideTranslatorPB.java:179) ~[ozone-manager-1.4.0-SNAPSHOT.jar:?]
	at org.apache.hadoop.hdds.server.OzoneProtocolMessageDispatcher.processRequest(OzoneProtocolMessageDispatcher.java:87) [hdds-server-framework-1.4.0-SNAPSHOT.jar:?]
	at org.apache.hadoop.ozone.protocolPB.OzoneManagerProtocolServerSideTranslatorPB.submitRequest(OzoneManagerProtocolServerSideTranslatorPB.java:148) [ozone-manager-1.4.0-SNAPSHOT.jar:?]
	at org.apache.hadoop.ozone.protocol.proto.OzoneManagerProtocolProtos$OzoneManagerService$2.callBlockingMethod(OzoneManagerProtocolProtos.java) [ozone-interface-client-1.4.0-SNAPSHOT.jar:?]
	at org.apache.hadoop.ipc.ProtobufRpcEngine$Server.processCall(ProtobufRpcEngine.java:484) [hadoop-common-3.3.6.jar:?]
	at org.apache.hadoop.ipc.ProtobufRpcEngine2$Server$ProtoBufRpcInvoker.call(ProtobufRpcEngine2.java:595) [hadoop-common-3.3.6.jar:?]
	at org.apache.hadoop.ipc.ProtobufRpcEngine2$Server$ProtoBufRpcInvoker.call(ProtobufRpcEngine2.java:573) [hadoop-common-3.3.6.jar:?]
	at org.apache.hadoop.ipc.RPC$Server.call(RPC.java:1227) [hadoop-common-3.3.6.jar:?]
	at org.apache.hadoop.ipc.Server$RpcCall.run(Server.java:1094) [hadoop-common-3.3.6.jar:?]
	at org.apache.hadoop.ipc.Server$RpcCall.run(Server.java:1017) [hadoop-common-3.3.6.jar:?]
	at java.security.AccessController.doPrivileged(Native Method) ~[?:1.8.0_382]
	at javax.security.auth.Subject.doAs(Subject.java:422) [?:1.8.0_382]
	at org.apache.hadoop.security.UserGroupInformation.doAs(UserGroupInformation.java:1899) [hadoop-common-3.3.6.jar:?]
	at org.apache.hadoop.ipc.Server$Handler.run(Server.java:3048) [hadoop-common-3.3.6.jar:?]
04:51:59.518 [IPC Server handler 2 on default port 15110] ERROR OMAudit - user=runner | ip=127.0.0.1 | op=GET_FILE_STATUS {volume=volume87246, bucket=bucket72820, key=testBatchDelete/parent, dataSize=0, replicationConfig=null} | ret=FAILURE
org.apache.hadoop.ozone.om.exceptions.OMException: Unable to get file status: volume: volume87246 bucket: bucket72820 key: testBatchDelete/parent
	at org.apache.hadoop.ozone.om.KeyManagerImpl.getOzoneFileStatus(KeyManagerImpl.java:1195) ~[ozone-manager-1.4.0-SNAPSHOT.jar:?]
	at org.apache.hadoop.ozone.om.KeyManagerImpl.getFileStatus(KeyManagerImpl.java:1113) ~[ozone-manager-1.4.0-SNAPSHOT.jar:?]
	at org.apache.hadoop.ozone.om.OmMetadataReader.getFileStatus(OmMetadataReader.java:262) ~[ozone-manager-1.4.0-SNAPSHOT.jar:?]
	at org.apache.hadoop.ozone.om.OzoneManager.getFileStatus(OzoneManager.java:3530) ~[ozone-manager-1.4.0-SNAPSHOT.jar:?]
	at org.apache.hadoop.ozone.protocolPB.OzoneManagerRequestHandler.getOzoneFileStatus(OzoneManagerRequestHandler.java:971) ~[ozone-manager-1.4.0-SNAPSHOT.jar:?]
	at org.apache.hadoop.ozone.protocolPB.OzoneManagerRequestHandler.handleReadRequest(OzoneManagerRequestHandler.java:250) ~[ozone-manager-1.4.0-SNAPSHOT.jar:?]
	at org.apache.hadoop.ozone.protocolPB.OzoneManagerProtocolServerSideTranslatorPB.submitReadRequestToOM(OzoneManagerProtocolServerSideTranslatorPB.java:225) ~[ozone-manager-1.4.0-SNAPSHOT.jar:?]
	at org.apache.hadoop.ozone.protocolPB.OzoneManagerProtocolServerSideTranslatorPB.processRequest(OzoneManagerProtocolServerSideTranslatorPB.java:179) ~[ozone-manager-1.4.0-SNAPSHOT.jar:?]
	at org.apache.hadoop.hdds.server.OzoneProtocolMessageDispatcher.processRequest(OzoneProtocolMessageDispatcher.java:87) [hdds-server-framework-1.4.0-SNAPSHOT.jar:?]
	at org.apache.hadoop.ozone.protocolPB.OzoneManagerProtocolServerSideTranslatorPB.submitRequest(OzoneManagerProtocolServerSideTranslatorPB.java:148) [ozone-manager-1.4.0-SNAPSHOT.jar:?]
	at org.apache.hadoop.ozone.protocol.proto.OzoneManagerProtocolProtos$OzoneManagerService$2.callBlockingMethod(OzoneManagerProtocolProtos.java) [ozone-interface-client-1.4.0-SNAPSHOT.jar:?]
	at org.apache.hadoop.ipc.ProtobufRpcEngine$Server.processCall(ProtobufRpcEngine.java:484) [hadoop-common-3.3.6.jar:?]
	at org.apache.hadoop.ipc.ProtobufRpcEngine2$Server$ProtoBufRpcInvoker.call(ProtobufRpcEngine2.java:595) [hadoop-common-3.3.6.jar:?]
	at org.apache.hadoop.ipc.ProtobufRpcEngine2$Server$ProtoBufRpcInvoker.call(ProtobufRpcEngine2.java:573) [hadoop-common-3.3.6.jar:?]
	at org.apache.hadoop.ipc.RPC$Server.call(RPC.java:1227) [hadoop-common-3.3.6.jar:?]
	at org.apache.hadoop.ipc.Server$RpcCall.run(Server.java:1094) [hadoop-common-3.3.6.jar:?]
	at org.apache.hadoop.ipc.Server$RpcCall.run(Server.java:1017) [hadoop-common-3.3.6.jar:?]
	at java.security.AccessController.doPrivileged(Native Method) ~[?:1.8.0_382]
	at javax.security.auth.Subject.doAs(Subject.java:422) [?:1.8.0_382]
	at org.apache.hadoop.security.UserGroupInformation.doAs(UserGroupInformation.java:1899) [hadoop-common-3.3.6.jar:?]
	at org.apache.hadoop.ipc.Server$Handler.run(Server.java:3048) [hadoop-common-3.3.6.jar:?]
2023-09-07 04:51:59,518 [Time-limited test] WARN  ozone.BasicOzoneFileSystem (BasicOzoneFileSystem.java:delete(595)) - delete: Path does not exist: /testBatchDelete/parent
]]></system-out>
  </testcase>
  <testcase name="testFileDelete" classname="TestOzoneFileSystem" time="0.142">
    <system-out><![CDATA[04:53:36.834 [IPC Server handler 8 on default port 15163] ERROR OMAudit - user=runner | ip=127.0.0.1 | op=GET_FILE_STATUS {volume=volume69932, bucket=bucket53154, key=testBatchDelete, dataSize=0, replicationConfig=null} | ret=FAILURE
org.apache.hadoop.ozone.om.exceptions.OMException: Unable to get file status: volume: volume69932 bucket: bucket53154 key: testBatchDelete
	at org.apache.hadoop.ozone.om.KeyManagerImpl.getOzoneFileStatus(KeyManagerImpl.java:1195) ~[ozone-manager-1.4.0-SNAPSHOT.jar:?]
	at org.apache.hadoop.ozone.om.KeyManagerImpl.getFileStatus(KeyManagerImpl.java:1113) ~[ozone-manager-1.4.0-SNAPSHOT.jar:?]
	at org.apache.hadoop.ozone.om.OmMetadataReader.getFileStatus(OmMetadataReader.java:262) ~[ozone-manager-1.4.0-SNAPSHOT.jar:?]
	at org.apache.hadoop.ozone.om.OzoneManager.getFileStatus(OzoneManager.java:3530) ~[ozone-manager-1.4.0-SNAPSHOT.jar:?]
	at org.apache.hadoop.ozone.protocolPB.OzoneManagerRequestHandler.getOzoneFileStatus(OzoneManagerRequestHandler.java:971) ~[ozone-manager-1.4.0-SNAPSHOT.jar:?]
	at org.apache.hadoop.ozone.protocolPB.OzoneManagerRequestHandler.handleReadRequest(OzoneManagerRequestHandler.java:250) ~[ozone-manager-1.4.0-SNAPSHOT.jar:?]
	at org.apache.hadoop.ozone.protocolPB.OzoneManagerProtocolServerSideTranslatorPB.submitRequestDirectlyToOM(OzoneManagerProtocolServerSideTranslatorPB.java:274) ~[ozone-manager-1.4.0-SNAPSHOT.jar:?]
	at org.apache.hadoop.ozone.protocolPB.OzoneManagerProtocolServerSideTranslatorPB.processRequest(OzoneManagerProtocolServerSideTranslatorPB.java:175) ~[ozone-manager-1.4.0-SNAPSHOT.jar:?]
	at org.apache.hadoop.hdds.server.OzoneProtocolMessageDispatcher.processRequest(OzoneProtocolMessageDispatcher.java:87) [hdds-server-framework-1.4.0-SNAPSHOT.jar:?]
	at org.apache.hadoop.ozone.protocolPB.OzoneManagerProtocolServerSideTranslatorPB.submitRequest(OzoneManagerProtocolServerSideTranslatorPB.java:148) [ozone-manager-1.4.0-SNAPSHOT.jar:?]
	at org.apache.hadoop.ozone.protocol.proto.OzoneManagerProtocolProtos$OzoneManagerService$2.callBlockingMethod(OzoneManagerProtocolProtos.java) [ozone-interface-client-1.4.0-SNAPSHOT.jar:?]
	at org.apache.hadoop.ipc.ProtobufRpcEngine$Server.processCall(ProtobufRpcEngine.java:484) [hadoop-common-3.3.6.jar:?]
	at org.apache.hadoop.ipc.ProtobufRpcEngine2$Server$ProtoBufRpcInvoker.call(ProtobufRpcEngine2.java:595) [hadoop-common-3.3.6.jar:?]
	at org.apache.hadoop.ipc.ProtobufRpcEngine2$Server$ProtoBufRpcInvoker.call(ProtobufRpcEngine2.java:573) [hadoop-common-3.3.6.jar:?]
	at org.apache.hadoop.ipc.RPC$Server.call(RPC.java:1227) [hadoop-common-3.3.6.jar:?]
	at org.apache.hadoop.ipc.Server$RpcCall.run(Server.java:1094) [hadoop-common-3.3.6.jar:?]
	at org.apache.hadoop.ipc.Server$RpcCall.run(Server.java:1017) [hadoop-common-3.3.6.jar:?]
	at java.security.AccessController.doPrivileged(Native Method) ~[?:1.8.0_382]
	at javax.security.auth.Subject.doAs(Subject.java:422) [?:1.8.0_382]
	at org.apache.hadoop.security.UserGroupInformation.doAs(UserGroupInformation.java:1899) [hadoop-common-3.3.6.jar:?]
	at org.apache.hadoop.ipc.Server$Handler.run(Server.java:3048) [hadoop-common-3.3.6.jar:?]
04:53:36.835 [IPC Server handler 1 on default port 15163] ERROR OMAudit - user=runner | ip=127.0.0.1 | op=GET_FILE_STATUS {volume=volume69932, bucket=bucket53154, key=testBatchDelete/parent/child0, dataSize=0, replicationConfig=null} | ret=FAILURE
org.apache.hadoop.ozone.om.exceptions.OMException: Unable to get file status: volume: volume69932 bucket: bucket53154 key: testBatchDelete/parent/child0
	at org.apache.hadoop.ozone.om.KeyManagerImpl.getOzoneFileStatus(KeyManagerImpl.java:1195) ~[ozone-manager-1.4.0-SNAPSHOT.jar:?]
	at org.apache.hadoop.ozone.om.KeyManagerImpl.getFileStatus(KeyManagerImpl.java:1113) ~[ozone-manager-1.4.0-SNAPSHOT.jar:?]
	at org.apache.hadoop.ozone.om.OmMetadataReader.getFileStatus(OmMetadataReader.java:262) ~[ozone-manager-1.4.0-SNAPSHOT.jar:?]
	at org.apache.hadoop.ozone.om.OzoneManager.getFileStatus(OzoneManager.java:3530) ~[ozone-manager-1.4.0-SNAPSHOT.jar:?]
	at org.apache.hadoop.ozone.protocolPB.OzoneManagerRequestHandler.getOzoneFileStatus(OzoneManagerRequestHandler.java:971) ~[ozone-manager-1.4.0-SNAPSHOT.jar:?]
	at org.apache.hadoop.ozone.protocolPB.OzoneManagerRequestHandler.handleReadRequest(OzoneManagerRequestHandler.java:250) ~[ozone-manager-1.4.0-SNAPSHOT.jar:?]
	at org.apache.hadoop.ozone.protocolPB.OzoneManagerProtocolServerSideTranslatorPB.submitRequestDirectlyToOM(OzoneManagerProtocolServerSideTranslatorPB.java:274) ~[ozone-manager-1.4.0-SNAPSHOT.jar:?]
	at org.apache.hadoop.ozone.protocolPB.OzoneManagerProtocolServerSideTranslatorPB.processRequest(OzoneManagerProtocolServerSideTranslatorPB.java:175) ~[ozone-manager-1.4.0-SNAPSHOT.jar:?]
	at org.apache.hadoop.hdds.server.OzoneProtocolMessageDispatcher.processRequest(OzoneProtocolMessageDispatcher.java:87) [hdds-server-framework-1.4.0-SNAPSHOT.jar:?]
	at org.apache.hadoop.ozone.protocolPB.OzoneManagerProtocolServerSideTranslatorPB.submitRequest(OzoneManagerProtocolServerSideTranslatorPB.java:148) [ozone-manager-1.4.0-SNAPSHOT.jar:?]
	at org.apache.hadoop.ozone.protocol.proto.OzoneManagerProtocolProtos$OzoneManagerService$2.callBlockingMethod(OzoneManagerProtocolProtos.java) [ozone-interface-client-1.4.0-SNAPSHOT.jar:?]
	at org.apache.hadoop.ipc.ProtobufRpcEngine$Server.processCall(ProtobufRpcEngine.java:484) [hadoop-common-3.3.6.jar:?]
	at org.apache.hadoop.ipc.ProtobufRpcEngine2$Server$ProtoBufRpcInvoker.call(ProtobufRpcEngine2.java:595) [hadoop-common-3.3.6.jar:?]
	at org.apache.hadoop.ipc.ProtobufRpcEngine2$Server$ProtoBufRpcInvoker.call(ProtobufRpcEngine2.java:573) [hadoop-common-3.3.6.jar:?]
	at org.apache.hadoop.ipc.RPC$Server.call(RPC.java:1227) [hadoop-common-3.3.6.jar:?]
	at org.apache.hadoop.ipc.Server$RpcCall.run(Server.java:1094) [hadoop-common-3.3.6.jar:?]
	at org.apache.hadoop.ipc.Server$RpcCall.run(Server.java:1017) [hadoop-common-3.3.6.jar:?]
	at java.security.AccessController.doPrivileged(Native Method) ~[?:1.8.0_382]
	at javax.security.auth.Subject.doAs(Subject.java:422) [?:1.8.0_382]
	at org.apache.hadoop.security.UserGroupInformation.doAs(UserGroupInformation.java:1899) [hadoop-common-3.3.6.jar:?]
	at org.apache.hadoop.ipc.Server$Handler.run(Server.java:3048) [hadoop-common-3.3.6.jar:?]
04:53:36.836 [IPC Server handler 0 on default port 15163] ERROR OMAudit - user=runner | ip=127.0.0.1 | op=GET_FILE_STATUS {volume=volume69932, bucket=bucket53154, key=testBatchDelete/parent/childFolder/child0, dataSize=0, replicationConfig=null} | ret=FAILURE
org.apache.hadoop.ozone.om.exceptions.OMException: Unable to get file status: volume: volume69932 bucket: bucket53154 key: testBatchDelete/parent/childFolder/child0
	at org.apache.hadoop.ozone.om.KeyManagerImpl.getOzoneFileStatus(KeyManagerImpl.java:1195) ~[ozone-manager-1.4.0-SNAPSHOT.jar:?]
	at org.apache.hadoop.ozone.om.KeyManagerImpl.getFileStatus(KeyManagerImpl.java:1113) ~[ozone-manager-1.4.0-SNAPSHOT.jar:?]
	at org.apache.hadoop.ozone.om.OmMetadataReader.getFileStatus(OmMetadataReader.java:262) ~[ozone-manager-1.4.0-SNAPSHOT.jar:?]
	at org.apache.hadoop.ozone.om.OzoneManager.getFileStatus(OzoneManager.java:3530) ~[ozone-manager-1.4.0-SNAPSHOT.jar:?]
	at org.apache.hadoop.ozone.protocolPB.OzoneManagerRequestHandler.getOzoneFileStatus(OzoneManagerRequestHandler.java:971) ~[ozone-manager-1.4.0-SNAPSHOT.jar:?]
	at org.apache.hadoop.ozone.protocolPB.OzoneManagerRequestHandler.handleReadRequest(OzoneManagerRequestHandler.java:250) ~[ozone-manager-1.4.0-SNAPSHOT.jar:?]
	at org.apache.hadoop.ozone.protocolPB.OzoneManagerProtocolServerSideTranslatorPB.submitRequestDirectlyToOM(OzoneManagerProtocolServerSideTranslatorPB.java:274) ~[ozone-manager-1.4.0-SNAPSHOT.jar:?]
	at org.apache.hadoop.ozone.protocolPB.OzoneManagerProtocolServerSideTranslatorPB.processRequest(OzoneManagerProtocolServerSideTranslatorPB.java:175) ~[ozone-manager-1.4.0-SNAPSHOT.jar:?]
	at org.apache.hadoop.hdds.server.OzoneProtocolMessageDispatcher.processRequest(OzoneProtocolMessageDispatcher.java:87) [hdds-server-framework-1.4.0-SNAPSHOT.jar:?]
	at org.apache.hadoop.ozone.protocolPB.OzoneManagerProtocolServerSideTranslatorPB.submitRequest(OzoneManagerProtocolServerSideTranslatorPB.java:148) [ozone-manager-1.4.0-SNAPSHOT.jar:?]
	at org.apache.hadoop.ozone.protocol.proto.OzoneManagerProtocolProtos$OzoneManagerService$2.callBlockingMethod(OzoneManagerProtocolProtos.java) [ozone-interface-client-1.4.0-SNAPSHOT.jar:?]
	at org.apache.hadoop.ipc.ProtobufRpcEngine$Server.processCall(ProtobufRpcEngine.java:484) [hadoop-common-3.3.6.jar:?]
	at org.apache.hadoop.ipc.ProtobufRpcEngine2$Server$ProtoBufRpcInvoker.call(ProtobufRpcEngine2.java:595) [hadoop-common-3.3.6.jar:?]
	at org.apache.hadoop.ipc.ProtobufRpcEngine2$Server$ProtoBufRpcInvoker.call(ProtobufRpcEngine2.java:573) [hadoop-common-3.3.6.jar:?]
	at org.apache.hadoop.ipc.RPC$Server.call(RPC.java:1227) [hadoop-common-3.3.6.jar:?]
	at org.apache.hadoop.ipc.Server$RpcCall.run(Server.java:1094) [hadoop-common-3.3.6.jar:?]
	at org.apache.hadoop.ipc.Server$RpcCall.run(Server.java:1017) [hadoop-common-3.3.6.jar:?]
	at java.security.AccessController.doPrivileged(Native Method) ~[?:1.8.0_382]
	at javax.security.auth.Subject.doAs(Subject.java:422) [?:1.8.0_382]
	at org.apache.hadoop.security.UserGroupInformation.doAs(UserGroupInformation.java:1899) [hadoop-common-3.3.6.jar:?]
	at org.apache.hadoop.ipc.Server$Handler.run(Server.java:3048) [hadoop-common-3.3.6.jar:?]
04:53:36.837 [IPC Server handler 2 on default port 15163] ERROR OMAudit - user=runner | ip=127.0.0.1 | op=GET_FILE_STATUS {volume=volume69932, bucket=bucket53154, key=testBatchDelete/parent/child1, dataSize=0, replicationConfig=null} | ret=FAILURE
org.apache.hadoop.ozone.om.exceptions.OMException: Unable to get file status: volume: volume69932 bucket: bucket53154 key: testBatchDelete/parent/child1
	at org.apache.hadoop.ozone.om.KeyManagerImpl.getOzoneFileStatus(KeyManagerImpl.java:1195) ~[ozone-manager-1.4.0-SNAPSHOT.jar:?]
	at org.apache.hadoop.ozone.om.KeyManagerImpl.getFileStatus(KeyManagerImpl.java:1113) ~[ozone-manager-1.4.0-SNAPSHOT.jar:?]
	at org.apache.hadoop.ozone.om.OmMetadataReader.getFileStatus(OmMetadataReader.java:262) ~[ozone-manager-1.4.0-SNAPSHOT.jar:?]
	at org.apache.hadoop.ozone.om.OzoneManager.getFileStatus(OzoneManager.java:3530) ~[ozone-manager-1.4.0-SNAPSHOT.jar:?]
	at org.apache.hadoop.ozone.protocolPB.OzoneManagerRequestHandler.getOzoneFileStatus(OzoneManagerRequestHandler.java:971) ~[ozone-manager-1.4.0-SNAPSHOT.jar:?]
	at org.apache.hadoop.ozone.protocolPB.OzoneManagerRequestHandler.handleReadRequest(OzoneManagerRequestHandler.java:250) ~[ozone-manager-1.4.0-SNAPSHOT.jar:?]
	at org.apache.hadoop.ozone.protocolPB.OzoneManagerProtocolServerSideTranslatorPB.submitRequestDirectlyToOM(OzoneManagerProtocolServerSideTranslatorPB.java:274) ~[ozone-manager-1.4.0-SNAPSHOT.jar:?]
	at org.apache.hadoop.ozone.protocolPB.OzoneManagerProtocolServerSideTranslatorPB.processRequest(OzoneManagerProtocolServerSideTranslatorPB.java:175) ~[ozone-manager-1.4.0-SNAPSHOT.jar:?]
	at org.apache.hadoop.hdds.server.OzoneProtocolMessageDispatcher.processRequest(OzoneProtocolMessageDispatcher.java:87) [hdds-server-framework-1.4.0-SNAPSHOT.jar:?]
	at org.apache.hadoop.ozone.protocolPB.OzoneManagerProtocolServerSideTranslatorPB.submitRequest(OzoneManagerProtocolServerSideTranslatorPB.java:148) [ozone-manager-1.4.0-SNAPSHOT.jar:?]
	at org.apache.hadoop.ozone.protocol.proto.OzoneManagerProtocolProtos$OzoneManagerService$2.callBlockingMethod(OzoneManagerProtocolProtos.java) [ozone-interface-client-1.4.0-SNAPSHOT.jar:?]
	at org.apache.hadoop.ipc.ProtobufRpcEngine$Server.processCall(ProtobufRpcEngine.java:484) [hadoop-common-3.3.6.jar:?]
	at org.apache.hadoop.ipc.ProtobufRpcEngine2$Server$ProtoBufRpcInvoker.call(ProtobufRpcEngine2.java:595) [hadoop-common-3.3.6.jar:?]
	at org.apache.hadoop.ipc.ProtobufRpcEngine2$Server$ProtoBufRpcInvoker.call(ProtobufRpcEngine2.java:573) [hadoop-common-3.3.6.jar:?]
	at org.apache.hadoop.ipc.RPC$Server.call(RPC.java:1227) [hadoop-common-3.3.6.jar:?]
	at org.apache.hadoop.ipc.Server$RpcCall.run(Server.java:1094) [hadoop-common-3.3.6.jar:?]
	at org.apache.hadoop.ipc.Server$RpcCall.run(Server.java:1017) [hadoop-common-3.3.6.jar:?]
	at java.security.AccessController.doPrivileged(Native Method) ~[?:1.8.0_382]
	at javax.security.auth.Subject.doAs(Subject.java:422) [?:1.8.0_382]
	at org.apache.hadoop.security.UserGroupInformation.doAs(UserGroupInformation.java:1899) [hadoop-common-3.3.6.jar:?]
	at org.apache.hadoop.ipc.Server$Handler.run(Server.java:3048) [hadoop-common-3.3.6.jar:?]
04:53:36.838 [IPC Server handler 7 on default port 15163] ERROR OMAudit - user=runner | ip=127.0.0.1 | op=GET_FILE_STATUS {volume=volume69932, bucket=bucket53154, key=testBatchDelete/parent/childFolder/child1, dataSize=0, replicationConfig=null} | ret=FAILURE
org.apache.hadoop.ozone.om.exceptions.OMException: Unable to get file status: volume: volume69932 bucket: bucket53154 key: testBatchDelete/parent/childFolder/child1
	at org.apache.hadoop.ozone.om.KeyManagerImpl.getOzoneFileStatus(KeyManagerImpl.java:1195) ~[ozone-manager-1.4.0-SNAPSHOT.jar:?]
	at org.apache.hadoop.ozone.om.KeyManagerImpl.getFileStatus(KeyManagerImpl.java:1113) ~[ozone-manager-1.4.0-SNAPSHOT.jar:?]
	at org.apache.hadoop.ozone.om.OmMetadataReader.getFileStatus(OmMetadataReader.java:262) ~[ozone-manager-1.4.0-SNAPSHOT.jar:?]
	at org.apache.hadoop.ozone.om.OzoneManager.getFileStatus(OzoneManager.java:3530) ~[ozone-manager-1.4.0-SNAPSHOT.jar:?]
	at org.apache.hadoop.ozone.protocolPB.OzoneManagerRequestHandler.getOzoneFileStatus(OzoneManagerRequestHandler.java:971) ~[ozone-manager-1.4.0-SNAPSHOT.jar:?]
	at org.apache.hadoop.ozone.protocolPB.OzoneManagerRequestHandler.handleReadRequest(OzoneManagerRequestHandler.java:250) ~[ozone-manager-1.4.0-SNAPSHOT.jar:?]
	at org.apache.hadoop.ozone.protocolPB.OzoneManagerProtocolServerSideTranslatorPB.submitRequestDirectlyToOM(OzoneManagerProtocolServerSideTranslatorPB.java:274) ~[ozone-manager-1.4.0-SNAPSHOT.jar:?]
	at org.apache.hadoop.ozone.protocolPB.OzoneManagerProtocolServerSideTranslatorPB.processRequest(OzoneManagerProtocolServerSideTranslatorPB.java:175) ~[ozone-manager-1.4.0-SNAPSHOT.jar:?]
	at org.apache.hadoop.hdds.server.OzoneProtocolMessageDispatcher.processRequest(OzoneProtocolMessageDispatcher.java:87) [hdds-server-framework-1.4.0-SNAPSHOT.jar:?]
	at org.apache.hadoop.ozone.protocolPB.OzoneManagerProtocolServerSideTranslatorPB.submitRequest(OzoneManagerProtocolServerSideTranslatorPB.java:148) [ozone-manager-1.4.0-SNAPSHOT.jar:?]
	at org.apache.hadoop.ozone.protocol.proto.OzoneManagerProtocolProtos$OzoneManagerService$2.callBlockingMethod(OzoneManagerProtocolProtos.java) [ozone-interface-client-1.4.0-SNAPSHOT.jar:?]
	at org.apache.hadoop.ipc.ProtobufRpcEngine$Server.processCall(ProtobufRpcEngine.java:484) [hadoop-common-3.3.6.jar:?]
	at org.apache.hadoop.ipc.ProtobufRpcEngine2$Server$ProtoBufRpcInvoker.call(ProtobufRpcEngine2.java:595) [hadoop-common-3.3.6.jar:?]
	at org.apache.hadoop.ipc.ProtobufRpcEngine2$Server$ProtoBufRpcInvoker.call(ProtobufRpcEngine2.java:573) [hadoop-common-3.3.6.jar:?]
	at org.apache.hadoop.ipc.RPC$Server.call(RPC.java:1227) [hadoop-common-3.3.6.jar:?]
	at org.apache.hadoop.ipc.Server$RpcCall.run(Server.java:1094) [hadoop-common-3.3.6.jar:?]
	at org.apache.hadoop.ipc.Server$RpcCall.run(Server.java:1017) [hadoop-common-3.3.6.jar:?]
	at java.security.AccessController.doPrivileged(Native Method) ~[?:1.8.0_382]
	at javax.security.auth.Subject.doAs(Subject.java:422) [?:1.8.0_382]
	at org.apache.hadoop.security.UserGroupInformation.doAs(UserGroupInformation.java:1899) [hadoop-common-3.3.6.jar:?]
	at org.apache.hadoop.ipc.Server$Handler.run(Server.java:3048) [hadoop-common-3.3.6.jar:?]
04:53:36.839 [IPC Server handler 6 on default port 15163] ERROR OMAudit - user=runner | ip=127.0.0.1 | op=GET_FILE_STATUS {volume=volume69932, bucket=bucket53154, key=testBatchDelete/parent/child2, dataSize=0, replicationConfig=null} | ret=FAILURE
org.apache.hadoop.ozone.om.exceptions.OMException: Unable to get file status: volume: volume69932 bucket: bucket53154 key: testBatchDelete/parent/child2
	at org.apache.hadoop.ozone.om.KeyManagerImpl.getOzoneFileStatus(KeyManagerImpl.java:1195) ~[ozone-manager-1.4.0-SNAPSHOT.jar:?]
	at org.apache.hadoop.ozone.om.KeyManagerImpl.getFileStatus(KeyManagerImpl.java:1113) ~[ozone-manager-1.4.0-SNAPSHOT.jar:?]
	at org.apache.hadoop.ozone.om.OmMetadataReader.getFileStatus(OmMetadataReader.java:262) ~[ozone-manager-1.4.0-SNAPSHOT.jar:?]
	at org.apache.hadoop.ozone.om.OzoneManager.getFileStatus(OzoneManager.java:3530) ~[ozone-manager-1.4.0-SNAPSHOT.jar:?]
	at org.apache.hadoop.ozone.protocolPB.OzoneManagerRequestHandler.getOzoneFileStatus(OzoneManagerRequestHandler.java:971) ~[ozone-manager-1.4.0-SNAPSHOT.jar:?]
	at org.apache.hadoop.ozone.protocolPB.OzoneManagerRequestHandler.handleReadRequest(OzoneManagerRequestHandler.java:250) ~[ozone-manager-1.4.0-SNAPSHOT.jar:?]
	at org.apache.hadoop.ozone.protocolPB.OzoneManagerProtocolServerSideTranslatorPB.submitRequestDirectlyToOM(OzoneManagerProtocolServerSideTranslatorPB.java:274) ~[ozone-manager-1.4.0-SNAPSHOT.jar:?]
	at org.apache.hadoop.ozone.protocolPB.OzoneManagerProtocolServerSideTranslatorPB.processRequest(OzoneManagerProtocolServerSideTranslatorPB.java:175) ~[ozone-manager-1.4.0-SNAPSHOT.jar:?]
	at org.apache.hadoop.hdds.server.OzoneProtocolMessageDispatcher.processRequest(OzoneProtocolMessageDispatcher.java:87) [hdds-server-framework-1.4.0-SNAPSHOT.jar:?]
	at org.apache.hadoop.ozone.protocolPB.OzoneManagerProtocolServerSideTranslatorPB.submitRequest(OzoneManagerProtocolServerSideTranslatorPB.java:148) [ozone-manager-1.4.0-SNAPSHOT.jar:?]
	at org.apache.hadoop.ozone.protocol.proto.OzoneManagerProtocolProtos$OzoneManagerService$2.callBlockingMethod(OzoneManagerProtocolProtos.java) [ozone-interface-client-1.4.0-SNAPSHOT.jar:?]
	at org.apache.hadoop.ipc.ProtobufRpcEngine$Server.processCall(ProtobufRpcEngine.java:484) [hadoop-common-3.3.6.jar:?]
	at org.apache.hadoop.ipc.ProtobufRpcEngine2$Server$ProtoBufRpcInvoker.call(ProtobufRpcEngine2.java:595) [hadoop-common-3.3.6.jar:?]
	at org.apache.hadoop.ipc.ProtobufRpcEngine2$Server$ProtoBufRpcInvoker.call(ProtobufRpcEngine2.java:573) [hadoop-common-3.3.6.jar:?]
	at org.apache.hadoop.ipc.RPC$Server.call(RPC.java:1227) [hadoop-common-3.3.6.jar:?]
	at org.apache.hadoop.ipc.Server$RpcCall.run(Server.java:1094) [hadoop-common-3.3.6.jar:?]
	at org.apache.hadoop.ipc.Server$RpcCall.run(Server.java:1017) [hadoop-common-3.3.6.jar:?]
	at java.security.AccessController.doPrivileged(Native Method) ~[?:1.8.0_382]
	at javax.security.auth.Subject.doAs(Subject.java:422) [?:1.8.0_382]
	at org.apache.hadoop.security.UserGroupInformation.doAs(UserGroupInformation.java:1899) [hadoop-common-3.3.6.jar:?]
	at org.apache.hadoop.ipc.Server$Handler.run(Server.java:3048) [hadoop-common-3.3.6.jar:?]
04:53:36.840 [IPC Server handler 5 on default port 15163] ERROR OMAudit - user=runner | ip=127.0.0.1 | op=GET_FILE_STATUS {volume=volume69932, bucket=bucket53154, key=testBatchDelete/parent/childFolder/child2, dataSize=0, replicationConfig=null} | ret=FAILURE
org.apache.hadoop.ozone.om.exceptions.OMException: Unable to get file status: volume: volume69932 bucket: bucket53154 key: testBatchDelete/parent/childFolder/child2
	at org.apache.hadoop.ozone.om.KeyManagerImpl.getOzoneFileStatus(KeyManagerImpl.java:1195) ~[ozone-manager-1.4.0-SNAPSHOT.jar:?]
	at org.apache.hadoop.ozone.om.KeyManagerImpl.getFileStatus(KeyManagerImpl.java:1113) ~[ozone-manager-1.4.0-SNAPSHOT.jar:?]
	at org.apache.hadoop.ozone.om.OmMetadataReader.getFileStatus(OmMetadataReader.java:262) ~[ozone-manager-1.4.0-SNAPSHOT.jar:?]
	at org.apache.hadoop.ozone.om.OzoneManager.getFileStatus(OzoneManager.java:3530) ~[ozone-manager-1.4.0-SNAPSHOT.jar:?]
	at org.apache.hadoop.ozone.protocolPB.OzoneManagerRequestHandler.getOzoneFileStatus(OzoneManagerRequestHandler.java:971) ~[ozone-manager-1.4.0-SNAPSHOT.jar:?]
	at org.apache.hadoop.ozone.protocolPB.OzoneManagerRequestHandler.handleReadRequest(OzoneManagerRequestHandler.java:250) ~[ozone-manager-1.4.0-SNAPSHOT.jar:?]
	at org.apache.hadoop.ozone.protocolPB.OzoneManagerProtocolServerSideTranslatorPB.submitRequestDirectlyToOM(OzoneManagerProtocolServerSideTranslatorPB.java:274) ~[ozone-manager-1.4.0-SNAPSHOT.jar:?]
	at org.apache.hadoop.ozone.protocolPB.OzoneManagerProtocolServerSideTranslatorPB.processRequest(OzoneManagerProtocolServerSideTranslatorPB.java:175) ~[ozone-manager-1.4.0-SNAPSHOT.jar:?]
	at org.apache.hadoop.hdds.server.OzoneProtocolMessageDispatcher.processRequest(OzoneProtocolMessageDispatcher.java:87) [hdds-server-framework-1.4.0-SNAPSHOT.jar:?]
	at org.apache.hadoop.ozone.protocolPB.OzoneManagerProtocolServerSideTranslatorPB.submitRequest(OzoneManagerProtocolServerSideTranslatorPB.java:148) [ozone-manager-1.4.0-SNAPSHOT.jar:?]
	at org.apache.hadoop.ozone.protocol.proto.OzoneManagerProtocolProtos$OzoneManagerService$2.callBlockingMethod(OzoneManagerProtocolProtos.java) [ozone-interface-client-1.4.0-SNAPSHOT.jar:?]
	at org.apache.hadoop.ipc.ProtobufRpcEngine$Server.processCall(ProtobufRpcEngine.java:484) [hadoop-common-3.3.6.jar:?]
	at org.apache.hadoop.ipc.ProtobufRpcEngine2$Server$ProtoBufRpcInvoker.call(ProtobufRpcEngine2.java:595) [hadoop-common-3.3.6.jar:?]
	at org.apache.hadoop.ipc.ProtobufRpcEngine2$Server$ProtoBufRpcInvoker.call(ProtobufRpcEngine2.java:573) [hadoop-common-3.3.6.jar:?]
	at org.apache.hadoop.ipc.RPC$Server.call(RPC.java:1227) [hadoop-common-3.3.6.jar:?]
	at org.apache.hadoop.ipc.Server$RpcCall.run(Server.java:1094) [hadoop-common-3.3.6.jar:?]
	at org.apache.hadoop.ipc.Server$RpcCall.run(Server.java:1017) [hadoop-common-3.3.6.jar:?]
	at java.security.AccessController.doPrivileged(Native Method) ~[?:1.8.0_382]
	at javax.security.auth.Subject.doAs(Subject.java:422) [?:1.8.0_382]
	at org.apache.hadoop.security.UserGroupInformation.doAs(UserGroupInformation.java:1899) [hadoop-common-3.3.6.jar:?]
	at org.apache.hadoop.ipc.Server$Handler.run(Server.java:3048) [hadoop-common-3.3.6.jar:?]
04:53:36.842 [IPC Server handler 3 on default port 15163] ERROR OMAudit - user=runner | ip=127.0.0.1 | op=GET_FILE_STATUS {volume=volume69932, bucket=bucket53154, key=testBatchDelete/parent/child3, dataSize=0, replicationConfig=null} | ret=FAILURE
org.apache.hadoop.ozone.om.exceptions.OMException: Unable to get file status: volume: volume69932 bucket: bucket53154 key: testBatchDelete/parent/child3
	at org.apache.hadoop.ozone.om.KeyManagerImpl.getOzoneFileStatus(KeyManagerImpl.java:1195) ~[ozone-manager-1.4.0-SNAPSHOT.jar:?]
	at org.apache.hadoop.ozone.om.KeyManagerImpl.getFileStatus(KeyManagerImpl.java:1113) ~[ozone-manager-1.4.0-SNAPSHOT.jar:?]
	at org.apache.hadoop.ozone.om.OmMetadataReader.getFileStatus(OmMetadataReader.java:262) ~[ozone-manager-1.4.0-SNAPSHOT.jar:?]
	at org.apache.hadoop.ozone.om.OzoneManager.getFileStatus(OzoneManager.java:3530) ~[ozone-manager-1.4.0-SNAPSHOT.jar:?]
	at org.apache.hadoop.ozone.protocolPB.OzoneManagerRequestHandler.getOzoneFileStatus(OzoneManagerRequestHandler.java:971) ~[ozone-manager-1.4.0-SNAPSHOT.jar:?]
	at org.apache.hadoop.ozone.protocolPB.OzoneManagerRequestHandler.handleReadRequest(OzoneManagerRequestHandler.java:250) ~[ozone-manager-1.4.0-SNAPSHOT.jar:?]
	at org.apache.hadoop.ozone.protocolPB.OzoneManagerProtocolServerSideTranslatorPB.submitRequestDirectlyToOM(OzoneManagerProtocolServerSideTranslatorPB.java:274) ~[ozone-manager-1.4.0-SNAPSHOT.jar:?]
	at org.apache.hadoop.ozone.protocolPB.OzoneManagerProtocolServerSideTranslatorPB.processRequest(OzoneManagerProtocolServerSideTranslatorPB.java:175) ~[ozone-manager-1.4.0-SNAPSHOT.jar:?]
	at org.apache.hadoop.hdds.server.OzoneProtocolMessageDispatcher.processRequest(OzoneProtocolMessageDispatcher.java:87) [hdds-server-framework-1.4.0-SNAPSHOT.jar:?]
	at org.apache.hadoop.ozone.protocolPB.OzoneManagerProtocolServerSideTranslatorPB.submitRequest(OzoneManagerProtocolServerSideTranslatorPB.java:148) [ozone-manager-1.4.0-SNAPSHOT.jar:?]
	at org.apache.hadoop.ozone.protocol.proto.OzoneManagerProtocolProtos$OzoneManagerService$2.callBlockingMethod(OzoneManagerProtocolProtos.java) [ozone-interface-client-1.4.0-SNAPSHOT.jar:?]
	at org.apache.hadoop.ipc.ProtobufRpcEngine$Server.processCall(ProtobufRpcEngine.java:484) [hadoop-common-3.3.6.jar:?]
	at org.apache.hadoop.ipc.ProtobufRpcEngine2$Server$ProtoBufRpcInvoker.call(ProtobufRpcEngine2.java:595) [hadoop-common-3.3.6.jar:?]
	at org.apache.hadoop.ipc.ProtobufRpcEngine2$Server$ProtoBufRpcInvoker.call(ProtobufRpcEngine2.java:573) [hadoop-common-3.3.6.jar:?]
	at org.apache.hadoop.ipc.RPC$Server.call(RPC.java:1227) [hadoop-common-3.3.6.jar:?]
	at org.apache.hadoop.ipc.Server$RpcCall.run(Server.java:1094) [hadoop-common-3.3.6.jar:?]
	at org.apache.hadoop.ipc.Server$RpcCall.run(Server.java:1017) [hadoop-common-3.3.6.jar:?]
	at java.security.AccessController.doPrivileged(Native Method) ~[?:1.8.0_382]
	at javax.security.auth.Subject.doAs(Subject.java:422) [?:1.8.0_382]
	at org.apache.hadoop.security.UserGroupInformation.doAs(UserGroupInformation.java:1899) [hadoop-common-3.3.6.jar:?]
	at org.apache.hadoop.ipc.Server$Handler.run(Server.java:3048) [hadoop-common-3.3.6.jar:?]
04:53:36.846 [IPC Server handler 4 on default port 15163] ERROR OMAudit - user=runner | ip=127.0.0.1 | op=GET_FILE_STATUS {volume=volume69932, bucket=bucket53154, key=testBatchDelete/parent/childFolder/child3, dataSize=0, replicationConfig=null} | ret=FAILURE
org.apache.hadoop.ozone.om.exceptions.OMException: Unable to get file status: volume: volume69932 bucket: bucket53154 key: testBatchDelete/parent/childFolder/child3
	at org.apache.hadoop.ozone.om.KeyManagerImpl.getOzoneFileStatus(KeyManagerImpl.java:1195) ~[ozone-manager-1.4.0-SNAPSHOT.jar:?]
	at org.apache.hadoop.ozone.om.KeyManagerImpl.getFileStatus(KeyManagerImpl.java:1113) ~[ozone-manager-1.4.0-SNAPSHOT.jar:?]
	at org.apache.hadoop.ozone.om.OmMetadataReader.getFileStatus(OmMetadataReader.java:262) ~[ozone-manager-1.4.0-SNAPSHOT.jar:?]
	at org.apache.hadoop.ozone.om.OzoneManager.getFileStatus(OzoneManager.java:3530) ~[ozone-manager-1.4.0-SNAPSHOT.jar:?]
	at org.apache.hadoop.ozone.protocolPB.OzoneManagerRequestHandler.getOzoneFileStatus(OzoneManagerRequestHandler.java:971) ~[ozone-manager-1.4.0-SNAPSHOT.jar:?]
	at org.apache.hadoop.ozone.protocolPB.OzoneManagerRequestHandler.handleReadRequest(OzoneManagerRequestHandler.java:250) ~[ozone-manager-1.4.0-SNAPSHOT.jar:?]
	at org.apache.hadoop.ozone.protocolPB.OzoneManagerProtocolServerSideTranslatorPB.submitRequestDirectlyToOM(OzoneManagerProtocolServerSideTranslatorPB.java:274) ~[ozone-manager-1.4.0-SNAPSHOT.jar:?]
	at org.apache.hadoop.ozone.protocolPB.OzoneManagerProtocolServerSideTranslatorPB.processRequest(OzoneManagerProtocolServerSideTranslatorPB.java:175) ~[ozone-manager-1.4.0-SNAPSHOT.jar:?]
	at org.apache.hadoop.hdds.server.OzoneProtocolMessageDispatcher.processRequest(OzoneProtocolMessageDispatcher.java:87) [hdds-server-framework-1.4.0-SNAPSHOT.jar:?]
	at org.apache.hadoop.ozone.protocolPB.OzoneManagerProtocolServerSideTranslatorPB.submitRequest(OzoneManagerProtocolServerSideTranslatorPB.java:148) [ozone-manager-1.4.0-SNAPSHOT.jar:?]
	at org.apache.hadoop.ozone.protocol.proto.OzoneManagerProtocolProtos$OzoneManagerService$2.callBlockingMethod(OzoneManagerProtocolProtos.java) [ozone-interface-client-1.4.0-SNAPSHOT.jar:?]
	at org.apache.hadoop.ipc.ProtobufRpcEngine$Server.processCall(ProtobufRpcEngine.java:484) [hadoop-common-3.3.6.jar:?]
	at org.apache.hadoop.ipc.ProtobufRpcEngine2$Server$ProtoBufRpcInvoker.call(ProtobufRpcEngine2.java:595) [hadoop-common-3.3.6.jar:?]
	at org.apache.hadoop.ipc.ProtobufRpcEngine2$Server$ProtoBufRpcInvoker.call(ProtobufRpcEngine2.java:573) [hadoop-common-3.3.6.jar:?]
	at org.apache.hadoop.ipc.RPC$Server.call(RPC.java:1227) [hadoop-common-3.3.6.jar:?]
	at org.apache.hadoop.ipc.Server$RpcCall.run(Server.java:1094) [hadoop-common-3.3.6.jar:?]
	at org.apache.hadoop.ipc.Server$RpcCall.run(Server.java:1017) [hadoop-common-3.3.6.jar:?]
	at java.security.AccessController.doPrivileged(Native Method) ~[?:1.8.0_382]
	at javax.security.auth.Subject.doAs(Subject.java:422) [?:1.8.0_382]
	at org.apache.hadoop.security.UserGroupInformation.doAs(UserGroupInformation.java:1899) [hadoop-common-3.3.6.jar:?]
	at org.apache.hadoop.ipc.Server$Handler.run(Server.java:3048) [hadoop-common-3.3.6.jar:?]
04:53:36.848 [IPC Server handler 12 on default port 15163] ERROR OMAudit - user=runner | ip=127.0.0.1 | op=GET_FILE_STATUS {volume=volume69932, bucket=bucket53154, key=testBatchDelete/parent/child4, dataSize=0, replicationConfig=null} | ret=FAILURE
org.apache.hadoop.ozone.om.exceptions.OMException: Unable to get file status: volume: volume69932 bucket: bucket53154 key: testBatchDelete/parent/child4
	at org.apache.hadoop.ozone.om.KeyManagerImpl.getOzoneFileStatus(KeyManagerImpl.java:1195) ~[ozone-manager-1.4.0-SNAPSHOT.jar:?]
	at org.apache.hadoop.ozone.om.KeyManagerImpl.getFileStatus(KeyManagerImpl.java:1113) ~[ozone-manager-1.4.0-SNAPSHOT.jar:?]
	at org.apache.hadoop.ozone.om.OmMetadataReader.getFileStatus(OmMetadataReader.java:262) ~[ozone-manager-1.4.0-SNAPSHOT.jar:?]
	at org.apache.hadoop.ozone.om.OzoneManager.getFileStatus(OzoneManager.java:3530) ~[ozone-manager-1.4.0-SNAPSHOT.jar:?]
	at org.apache.hadoop.ozone.protocolPB.OzoneManagerRequestHandler.getOzoneFileStatus(OzoneManagerRequestHandler.java:971) ~[ozone-manager-1.4.0-SNAPSHOT.jar:?]
	at org.apache.hadoop.ozone.protocolPB.OzoneManagerRequestHandler.handleReadRequest(OzoneManagerRequestHandler.java:250) ~[ozone-manager-1.4.0-SNAPSHOT.jar:?]
	at org.apache.hadoop.ozone.protocolPB.OzoneManagerProtocolServerSideTranslatorPB.submitRequestDirectlyToOM(OzoneManagerProtocolServerSideTranslatorPB.java:274) ~[ozone-manager-1.4.0-SNAPSHOT.jar:?]
	at org.apache.hadoop.ozone.protocolPB.OzoneManagerProtocolServerSideTranslatorPB.processRequest(OzoneManagerProtocolServerSideTranslatorPB.java:175) ~[ozone-manager-1.4.0-SNAPSHOT.jar:?]
	at org.apache.hadoop.hdds.server.OzoneProtocolMessageDispatcher.processRequest(OzoneProtocolMessageDispatcher.java:87) [hdds-server-framework-1.4.0-SNAPSHOT.jar:?]
	at org.apache.hadoop.ozone.protocolPB.OzoneManagerProtocolServerSideTranslatorPB.submitRequest(OzoneManagerProtocolServerSideTranslatorPB.java:148) [ozone-manager-1.4.0-SNAPSHOT.jar:?]
	at org.apache.hadoop.ozone.protocol.proto.OzoneManagerProtocolProtos$OzoneManagerService$2.callBlockingMethod(OzoneManagerProtocolProtos.java) [ozone-interface-client-1.4.0-SNAPSHOT.jar:?]
	at org.apache.hadoop.ipc.ProtobufRpcEngine$Server.processCall(ProtobufRpcEngine.java:484) [hadoop-common-3.3.6.jar:?]
	at org.apache.hadoop.ipc.ProtobufRpcEngine2$Server$ProtoBufRpcInvoker.call(ProtobufRpcEngine2.java:595) [hadoop-common-3.3.6.jar:?]
	at org.apache.hadoop.ipc.ProtobufRpcEngine2$Server$ProtoBufRpcInvoker.call(ProtobufRpcEngine2.java:573) [hadoop-common-3.3.6.jar:?]
	at org.apache.hadoop.ipc.RPC$Server.call(RPC.java:1227) [hadoop-common-3.3.6.jar:?]
	at org.apache.hadoop.ipc.Server$RpcCall.run(Server.java:1094) [hadoop-common-3.3.6.jar:?]
	at org.apache.hadoop.ipc.Server$RpcCall.run(Server.java:1017) [hadoop-common-3.3.6.jar:?]
	at java.security.AccessController.doPrivileged(Native Method) ~[?:1.8.0_382]
	at javax.security.auth.Subject.doAs(Subject.java:422) [?:1.8.0_382]
	at org.apache.hadoop.security.UserGroupInformation.doAs(UserGroupInformation.java:1899) [hadoop-common-3.3.6.jar:?]
	at org.apache.hadoop.ipc.Server$Handler.run(Server.java:3048) [hadoop-common-3.3.6.jar:?]
04:53:36.849 [IPC Server handler 15 on default port 15163] ERROR OMAudit - user=runner | ip=127.0.0.1 | op=GET_FILE_STATUS {volume=volume69932, bucket=bucket53154, key=testBatchDelete/parent/childFolder/child4, dataSize=0, replicationConfig=null} | ret=FAILURE
org.apache.hadoop.ozone.om.exceptions.OMException: Unable to get file status: volume: volume69932 bucket: bucket53154 key: testBatchDelete/parent/childFolder/child4
	at org.apache.hadoop.ozone.om.KeyManagerImpl.getOzoneFileStatus(KeyManagerImpl.java:1195) ~[ozone-manager-1.4.0-SNAPSHOT.jar:?]
	at org.apache.hadoop.ozone.om.KeyManagerImpl.getFileStatus(KeyManagerImpl.java:1113) ~[ozone-manager-1.4.0-SNAPSHOT.jar:?]
	at org.apache.hadoop.ozone.om.OmMetadataReader.getFileStatus(OmMetadataReader.java:262) ~[ozone-manager-1.4.0-SNAPSHOT.jar:?]
	at org.apache.hadoop.ozone.om.OzoneManager.getFileStatus(OzoneManager.java:3530) ~[ozone-manager-1.4.0-SNAPSHOT.jar:?]
	at org.apache.hadoop.ozone.protocolPB.OzoneManagerRequestHandler.getOzoneFileStatus(OzoneManagerRequestHandler.java:971) ~[ozone-manager-1.4.0-SNAPSHOT.jar:?]
	at org.apache.hadoop.ozone.protocolPB.OzoneManagerRequestHandler.handleReadRequest(OzoneManagerRequestHandler.java:250) ~[ozone-manager-1.4.0-SNAPSHOT.jar:?]
	at org.apache.hadoop.ozone.protocolPB.OzoneManagerProtocolServerSideTranslatorPB.submitRequestDirectlyToOM(OzoneManagerProtocolServerSideTranslatorPB.java:274) ~[ozone-manager-1.4.0-SNAPSHOT.jar:?]
	at org.apache.hadoop.ozone.protocolPB.OzoneManagerProtocolServerSideTranslatorPB.processRequest(OzoneManagerProtocolServerSideTranslatorPB.java:175) ~[ozone-manager-1.4.0-SNAPSHOT.jar:?]
	at org.apache.hadoop.hdds.server.OzoneProtocolMessageDispatcher.processRequest(OzoneProtocolMessageDispatcher.java:87) [hdds-server-framework-1.4.0-SNAPSHOT.jar:?]
	at org.apache.hadoop.ozone.protocolPB.OzoneManagerProtocolServerSideTranslatorPB.submitRequest(OzoneManagerProtocolServerSideTranslatorPB.java:148) [ozone-manager-1.4.0-SNAPSHOT.jar:?]
	at org.apache.hadoop.ozone.protocol.proto.OzoneManagerProtocolProtos$OzoneManagerService$2.callBlockingMethod(OzoneManagerProtocolProtos.java) [ozone-interface-client-1.4.0-SNAPSHOT.jar:?]
	at org.apache.hadoop.ipc.ProtobufRpcEngine$Server.processCall(ProtobufRpcEngine.java:484) [hadoop-common-3.3.6.jar:?]
	at org.apache.hadoop.ipc.ProtobufRpcEngine2$Server$ProtoBufRpcInvoker.call(ProtobufRpcEngine2.java:595) [hadoop-common-3.3.6.jar:?]
	at org.apache.hadoop.ipc.ProtobufRpcEngine2$Server$ProtoBufRpcInvoker.call(ProtobufRpcEngine2.java:573) [hadoop-common-3.3.6.jar:?]
	at org.apache.hadoop.ipc.RPC$Server.call(RPC.java:1227) [hadoop-common-3.3.6.jar:?]
	at org.apache.hadoop.ipc.Server$RpcCall.run(Server.java:1094) [hadoop-common-3.3.6.jar:?]
	at org.apache.hadoop.ipc.Server$RpcCall.run(Server.java:1017) [hadoop-common-3.3.6.jar:?]
	at java.security.AccessController.doPrivileged(Native Method) ~[?:1.8.0_382]
	at javax.security.auth.Subject.doAs(Subject.java:422) [?:1.8.0_382]
	at org.apache.hadoop.security.UserGroupInformation.doAs(UserGroupInformation.java:1899) [hadoop-common-3.3.6.jar:?]
	at org.apache.hadoop.ipc.Server$Handler.run(Server.java:3048) [hadoop-common-3.3.6.jar:?]
04:53:36.850 [IPC Server handler 13 on default port 15163] ERROR OMAudit - user=runner | ip=127.0.0.1 | op=GET_FILE_STATUS {volume=volume69932, bucket=bucket53154, key=testBatchDelete/parent/child5, dataSize=0, replicationConfig=null} | ret=FAILURE
org.apache.hadoop.ozone.om.exceptions.OMException: Unable to get file status: volume: volume69932 bucket: bucket53154 key: testBatchDelete/parent/child5
	at org.apache.hadoop.ozone.om.KeyManagerImpl.getOzoneFileStatus(KeyManagerImpl.java:1195) ~[ozone-manager-1.4.0-SNAPSHOT.jar:?]
	at org.apache.hadoop.ozone.om.KeyManagerImpl.getFileStatus(KeyManagerImpl.java:1113) ~[ozone-manager-1.4.0-SNAPSHOT.jar:?]
	at org.apache.hadoop.ozone.om.OmMetadataReader.getFileStatus(OmMetadataReader.java:262) ~[ozone-manager-1.4.0-SNAPSHOT.jar:?]
	at org.apache.hadoop.ozone.om.OzoneManager.getFileStatus(OzoneManager.java:3530) ~[ozone-manager-1.4.0-SNAPSHOT.jar:?]
	at org.apache.hadoop.ozone.protocolPB.OzoneManagerRequestHandler.getOzoneFileStatus(OzoneManagerRequestHandler.java:971) ~[ozone-manager-1.4.0-SNAPSHOT.jar:?]
	at org.apache.hadoop.ozone.protocolPB.OzoneManagerRequestHandler.handleReadRequest(OzoneManagerRequestHandler.java:250) ~[ozone-manager-1.4.0-SNAPSHOT.jar:?]
	at org.apache.hadoop.ozone.protocolPB.OzoneManagerProtocolServerSideTranslatorPB.submitRequestDirectlyToOM(OzoneManagerProtocolServerSideTranslatorPB.java:274) ~[ozone-manager-1.4.0-SNAPSHOT.jar:?]
	at org.apache.hadoop.ozone.protocolPB.OzoneManagerProtocolServerSideTranslatorPB.processRequest(OzoneManagerProtocolServerSideTranslatorPB.java:175) ~[ozone-manager-1.4.0-SNAPSHOT.jar:?]
	at org.apache.hadoop.hdds.server.OzoneProtocolMessageDispatcher.processRequest(OzoneProtocolMessageDispatcher.java:87) [hdds-server-framework-1.4.0-SNAPSHOT.jar:?]
	at org.apache.hadoop.ozone.protocolPB.OzoneManagerProtocolServerSideTranslatorPB.submitRequest(OzoneManagerProtocolServerSideTranslatorPB.java:148) [ozone-manager-1.4.0-SNAPSHOT.jar:?]
	at org.apache.hadoop.ozone.protocol.proto.OzoneManagerProtocolProtos$OzoneManagerService$2.callBlockingMethod(OzoneManagerProtocolProtos.java) [ozone-interface-client-1.4.0-SNAPSHOT.jar:?]
	at org.apache.hadoop.ipc.ProtobufRpcEngine$Server.processCall(ProtobufRpcEngine.java:484) [hadoop-common-3.3.6.jar:?]
	at org.apache.hadoop.ipc.ProtobufRpcEngine2$Server$ProtoBufRpcInvoker.call(ProtobufRpcEngine2.java:595) [hadoop-common-3.3.6.jar:?]
	at org.apache.hadoop.ipc.ProtobufRpcEngine2$Server$ProtoBufRpcInvoker.call(ProtobufRpcEngine2.java:573) [hadoop-common-3.3.6.jar:?]
	at org.apache.hadoop.ipc.RPC$Server.call(RPC.java:1227) [hadoop-common-3.3.6.jar:?]
	at org.apache.hadoop.ipc.Server$RpcCall.run(Server.java:1094) [hadoop-common-3.3.6.jar:?]
	at org.apache.hadoop.ipc.Server$RpcCall.run(Server.java:1017) [hadoop-common-3.3.6.jar:?]
	at java.security.AccessController.doPrivileged(Native Method) ~[?:1.8.0_382]
	at javax.security.auth.Subject.doAs(Subject.java:422) [?:1.8.0_382]
	at org.apache.hadoop.security.UserGroupInformation.doAs(UserGroupInformation.java:1899) [hadoop-common-3.3.6.jar:?]
	at org.apache.hadoop.ipc.Server$Handler.run(Server.java:3048) [hadoop-common-3.3.6.jar:?]
04:53:36.851 [IPC Server handler 14 on default port 15163] ERROR OMAudit - user=runner | ip=127.0.0.1 | op=GET_FILE_STATUS {volume=volume69932, bucket=bucket53154, key=testBatchDelete/parent/childFolder/child5, dataSize=0, replicationConfig=null} | ret=FAILURE
org.apache.hadoop.ozone.om.exceptions.OMException: Unable to get file status: volume: volume69932 bucket: bucket53154 key: testBatchDelete/parent/childFolder/child5
	at org.apache.hadoop.ozone.om.KeyManagerImpl.getOzoneFileStatus(KeyManagerImpl.java:1195) ~[ozone-manager-1.4.0-SNAPSHOT.jar:?]
	at org.apache.hadoop.ozone.om.KeyManagerImpl.getFileStatus(KeyManagerImpl.java:1113) ~[ozone-manager-1.4.0-SNAPSHOT.jar:?]
	at org.apache.hadoop.ozone.om.OmMetadataReader.getFileStatus(OmMetadataReader.java:262) ~[ozone-manager-1.4.0-SNAPSHOT.jar:?]
	at org.apache.hadoop.ozone.om.OzoneManager.getFileStatus(OzoneManager.java:3530) ~[ozone-manager-1.4.0-SNAPSHOT.jar:?]
	at org.apache.hadoop.ozone.protocolPB.OzoneManagerRequestHandler.getOzoneFileStatus(OzoneManagerRequestHandler.java:971) ~[ozone-manager-1.4.0-SNAPSHOT.jar:?]
	at org.apache.hadoop.ozone.protocolPB.OzoneManagerRequestHandler.handleReadRequest(OzoneManagerRequestHandler.java:250) ~[ozone-manager-1.4.0-SNAPSHOT.jar:?]
	at org.apache.hadoop.ozone.protocolPB.OzoneManagerProtocolServerSideTranslatorPB.submitRequestDirectlyToOM(OzoneManagerProtocolServerSideTranslatorPB.java:274) ~[ozone-manager-1.4.0-SNAPSHOT.jar:?]
	at org.apache.hadoop.ozone.protocolPB.OzoneManagerProtocolServerSideTranslatorPB.processRequest(OzoneManagerProtocolServerSideTranslatorPB.java:175) ~[ozone-manager-1.4.0-SNAPSHOT.jar:?]
	at org.apache.hadoop.hdds.server.OzoneProtocolMessageDispatcher.processRequest(OzoneProtocolMessageDispatcher.java:87) [hdds-server-framework-1.4.0-SNAPSHOT.jar:?]
	at org.apache.hadoop.ozone.protocolPB.OzoneManagerProtocolServerSideTranslatorPB.submitRequest(OzoneManagerProtocolServerSideTranslatorPB.java:148) [ozone-manager-1.4.0-SNAPSHOT.jar:?]
	at org.apache.hadoop.ozone.protocol.proto.OzoneManagerProtocolProtos$OzoneManagerService$2.callBlockingMethod(OzoneManagerProtocolProtos.java) [ozone-interface-client-1.4.0-SNAPSHOT.jar:?]
	at org.apache.hadoop.ipc.ProtobufRpcEngine$Server.processCall(ProtobufRpcEngine.java:484) [hadoop-common-3.3.6.jar:?]
	at org.apache.hadoop.ipc.ProtobufRpcEngine2$Server$ProtoBufRpcInvoker.call(ProtobufRpcEngine2.java:595) [hadoop-common-3.3.6.jar:?]
	at org.apache.hadoop.ipc.ProtobufRpcEngine2$Server$ProtoBufRpcInvoker.call(ProtobufRpcEngine2.java:573) [hadoop-common-3.3.6.jar:?]
	at org.apache.hadoop.ipc.RPC$Server.call(RPC.java:1227) [hadoop-common-3.3.6.jar:?]
	at org.apache.hadoop.ipc.Server$RpcCall.run(Server.java:1094) [hadoop-common-3.3.6.jar:?]
	at org.apache.hadoop.ipc.Server$RpcCall.run(Server.java:1017) [hadoop-common-3.3.6.jar:?]
	at java.security.AccessController.doPrivileged(Native Method) ~[?:1.8.0_382]
	at javax.security.auth.Subject.doAs(Subject.java:422) [?:1.8.0_382]
	at org.apache.hadoop.security.UserGroupInformation.doAs(UserGroupInformation.java:1899) [hadoop-common-3.3.6.jar:?]
	at org.apache.hadoop.ipc.Server$Handler.run(Server.java:3048) [hadoop-common-3.3.6.jar:?]
04:53:36.852 [IPC Server handler 16 on default port 15163] ERROR OMAudit - user=runner | ip=127.0.0.1 | op=GET_FILE_STATUS {volume=volume69932, bucket=bucket53154, key=testBatchDelete/parent/child6, dataSize=0, replicationConfig=null} | ret=FAILURE
org.apache.hadoop.ozone.om.exceptions.OMException: Unable to get file status: volume: volume69932 bucket: bucket53154 key: testBatchDelete/parent/child6
	at org.apache.hadoop.ozone.om.KeyManagerImpl.getOzoneFileStatus(KeyManagerImpl.java:1195) ~[ozone-manager-1.4.0-SNAPSHOT.jar:?]
	at org.apache.hadoop.ozone.om.KeyManagerImpl.getFileStatus(KeyManagerImpl.java:1113) ~[ozone-manager-1.4.0-SNAPSHOT.jar:?]
	at org.apache.hadoop.ozone.om.OmMetadataReader.getFileStatus(OmMetadataReader.java:262) ~[ozone-manager-1.4.0-SNAPSHOT.jar:?]
	at org.apache.hadoop.ozone.om.OzoneManager.getFileStatus(OzoneManager.java:3530) ~[ozone-manager-1.4.0-SNAPSHOT.jar:?]
	at org.apache.hadoop.ozone.protocolPB.OzoneManagerRequestHandler.getOzoneFileStatus(OzoneManagerRequestHandler.java:971) ~[ozone-manager-1.4.0-SNAPSHOT.jar:?]
	at org.apache.hadoop.ozone.protocolPB.OzoneManagerRequestHandler.handleReadRequest(OzoneManagerRequestHandler.java:250) ~[ozone-manager-1.4.0-SNAPSHOT.jar:?]
	at org.apache.hadoop.ozone.protocolPB.OzoneManagerProtocolServerSideTranslatorPB.submitRequestDirectlyToOM(OzoneManagerProtocolServerSideTranslatorPB.java:274) ~[ozone-manager-1.4.0-SNAPSHOT.jar:?]
	at org.apache.hadoop.ozone.protocolPB.OzoneManagerProtocolServerSideTranslatorPB.processRequest(OzoneManagerProtocolServerSideTranslatorPB.java:175) ~[ozone-manager-1.4.0-SNAPSHOT.jar:?]
	at org.apache.hadoop.hdds.server.OzoneProtocolMessageDispatcher.processRequest(OzoneProtocolMessageDispatcher.java:87) [hdds-server-framework-1.4.0-SNAPSHOT.jar:?]
	at org.apache.hadoop.ozone.protocolPB.OzoneManagerProtocolServerSideTranslatorPB.submitRequest(OzoneManagerProtocolServerSideTranslatorPB.java:148) [ozone-manager-1.4.0-SNAPSHOT.jar:?]
	at org.apache.hadoop.ozone.protocol.proto.OzoneManagerProtocolProtos$OzoneManagerService$2.callBlockingMethod(OzoneManagerProtocolProtos.java) [ozone-interface-client-1.4.0-SNAPSHOT.jar:?]
	at org.apache.hadoop.ipc.ProtobufRpcEngine$Server.processCall(ProtobufRpcEngine.java:484) [hadoop-common-3.3.6.jar:?]
	at org.apache.hadoop.ipc.ProtobufRpcEngine2$Server$ProtoBufRpcInvoker.call(ProtobufRpcEngine2.java:595) [hadoop-common-3.3.6.jar:?]
	at org.apache.hadoop.ipc.ProtobufRpcEngine2$Server$ProtoBufRpcInvoker.call(ProtobufRpcEngine2.java:573) [hadoop-common-3.3.6.jar:?]
	at org.apache.hadoop.ipc.RPC$Server.call(RPC.java:1227) [hadoop-common-3.3.6.jar:?]
	at org.apache.hadoop.ipc.Server$RpcCall.run(Server.java:1094) [hadoop-common-3.3.6.jar:?]
	at org.apache.hadoop.ipc.Server$RpcCall.run(Server.java:1017) [hadoop-common-3.3.6.jar:?]
	at java.security.AccessController.doPrivileged(Native Method) ~[?:1.8.0_382]
	at javax.security.auth.Subject.doAs(Subject.java:422) [?:1.8.0_382]
	at org.apache.hadoop.security.UserGroupInformation.doAs(UserGroupInformation.java:1899) [hadoop-common-3.3.6.jar:?]
	at org.apache.hadoop.ipc.Server$Handler.run(Server.java:3048) [hadoop-common-3.3.6.jar:?]
04:53:36.854 [IPC Server handler 11 on default port 15163] ERROR OMAudit - user=runner | ip=127.0.0.1 | op=GET_FILE_STATUS {volume=volume69932, bucket=bucket53154, key=testBatchDelete/parent/childFolder/child6, dataSize=0, replicationConfig=null} | ret=FAILURE
org.apache.hadoop.ozone.om.exceptions.OMException: Unable to get file status: volume: volume69932 bucket: bucket53154 key: testBatchDelete/parent/childFolder/child6
	at org.apache.hadoop.ozone.om.KeyManagerImpl.getOzoneFileStatus(KeyManagerImpl.java:1195) ~[ozone-manager-1.4.0-SNAPSHOT.jar:?]
	at org.apache.hadoop.ozone.om.KeyManagerImpl.getFileStatus(KeyManagerImpl.java:1113) ~[ozone-manager-1.4.0-SNAPSHOT.jar:?]
	at org.apache.hadoop.ozone.om.OmMetadataReader.getFileStatus(OmMetadataReader.java:262) ~[ozone-manager-1.4.0-SNAPSHOT.jar:?]
	at org.apache.hadoop.ozone.om.OzoneManager.getFileStatus(OzoneManager.java:3530) ~[ozone-manager-1.4.0-SNAPSHOT.jar:?]
	at org.apache.hadoop.ozone.protocolPB.OzoneManagerRequestHandler.getOzoneFileStatus(OzoneManagerRequestHandler.java:971) ~[ozone-manager-1.4.0-SNAPSHOT.jar:?]
	at org.apache.hadoop.ozone.protocolPB.OzoneManagerRequestHandler.handleReadRequest(OzoneManagerRequestHandler.java:250) ~[ozone-manager-1.4.0-SNAPSHOT.jar:?]
	at org.apache.hadoop.ozone.protocolPB.OzoneManagerProtocolServerSideTranslatorPB.submitRequestDirectlyToOM(OzoneManagerProtocolServerSideTranslatorPB.java:274) ~[ozone-manager-1.4.0-SNAPSHOT.jar:?]
	at org.apache.hadoop.ozone.protocolPB.OzoneManagerProtocolServerSideTranslatorPB.processRequest(OzoneManagerProtocolServerSideTranslatorPB.java:175) ~[ozone-manager-1.4.0-SNAPSHOT.jar:?]
	at org.apache.hadoop.hdds.server.OzoneProtocolMessageDispatcher.processRequest(OzoneProtocolMessageDispatcher.java:87) [hdds-server-framework-1.4.0-SNAPSHOT.jar:?]
	at org.apache.hadoop.ozone.protocolPB.OzoneManagerProtocolServerSideTranslatorPB.submitRequest(OzoneManagerProtocolServerSideTranslatorPB.java:148) [ozone-manager-1.4.0-SNAPSHOT.jar:?]
	at org.apache.hadoop.ozone.protocol.proto.OzoneManagerProtocolProtos$OzoneManagerService$2.callBlockingMethod(OzoneManagerProtocolProtos.java) [ozone-interface-client-1.4.0-SNAPSHOT.jar:?]
	at org.apache.hadoop.ipc.ProtobufRpcEngine$Server.processCall(ProtobufRpcEngine.java:484) [hadoop-common-3.3.6.jar:?]
	at org.apache.hadoop.ipc.ProtobufRpcEngine2$Server$ProtoBufRpcInvoker.call(ProtobufRpcEngine2.java:595) [hadoop-common-3.3.6.jar:?]
	at org.apache.hadoop.ipc.ProtobufRpcEngine2$Server$ProtoBufRpcInvoker.call(ProtobufRpcEngine2.java:573) [hadoop-common-3.3.6.jar:?]
	at org.apache.hadoop.ipc.RPC$Server.call(RPC.java:1227) [hadoop-common-3.3.6.jar:?]
	at org.apache.hadoop.ipc.Server$RpcCall.run(Server.java:1094) [hadoop-common-3.3.6.jar:?]
	at org.apache.hadoop.ipc.Server$RpcCall.run(Server.java:1017) [hadoop-common-3.3.6.jar:?]
	at java.security.AccessController.doPrivileged(Native Method) ~[?:1.8.0_382]
	at javax.security.auth.Subject.doAs(Subject.java:422) [?:1.8.0_382]
	at org.apache.hadoop.security.UserGroupInformation.doAs(UserGroupInformation.java:1899) [hadoop-common-3.3.6.jar:?]
	at org.apache.hadoop.ipc.Server$Handler.run(Server.java:3048) [hadoop-common-3.3.6.jar:?]
04:53:36.855 [IPC Server handler 17 on default port 15163] ERROR OMAudit - user=runner | ip=127.0.0.1 | op=GET_FILE_STATUS {volume=volume69932, bucket=bucket53154, key=testBatchDelete/parent/child7, dataSize=0, replicationConfig=null} | ret=FAILURE
org.apache.hadoop.ozone.om.exceptions.OMException: Unable to get file status: volume: volume69932 bucket: bucket53154 key: testBatchDelete/parent/child7
	at org.apache.hadoop.ozone.om.KeyManagerImpl.getOzoneFileStatus(KeyManagerImpl.java:1195) ~[ozone-manager-1.4.0-SNAPSHOT.jar:?]
	at org.apache.hadoop.ozone.om.KeyManagerImpl.getFileStatus(KeyManagerImpl.java:1113) ~[ozone-manager-1.4.0-SNAPSHOT.jar:?]
	at org.apache.hadoop.ozone.om.OmMetadataReader.getFileStatus(OmMetadataReader.java:262) ~[ozone-manager-1.4.0-SNAPSHOT.jar:?]
	at org.apache.hadoop.ozone.om.OzoneManager.getFileStatus(OzoneManager.java:3530) ~[ozone-manager-1.4.0-SNAPSHOT.jar:?]
	at org.apache.hadoop.ozone.protocolPB.OzoneManagerRequestHandler.getOzoneFileStatus(OzoneManagerRequestHandler.java:971) ~[ozone-manager-1.4.0-SNAPSHOT.jar:?]
	at org.apache.hadoop.ozone.protocolPB.OzoneManagerRequestHandler.handleReadRequest(OzoneManagerRequestHandler.java:250) ~[ozone-manager-1.4.0-SNAPSHOT.jar:?]
	at org.apache.hadoop.ozone.protocolPB.OzoneManagerProtocolServerSideTranslatorPB.submitRequestDirectlyToOM(OzoneManagerProtocolServerSideTranslatorPB.java:274) ~[ozone-manager-1.4.0-SNAPSHOT.jar:?]
	at org.apache.hadoop.ozone.protocolPB.OzoneManagerProtocolServerSideTranslatorPB.processRequest(OzoneManagerProtocolServerSideTranslatorPB.java:175) ~[ozone-manager-1.4.0-SNAPSHOT.jar:?]
	at org.apache.hadoop.hdds.server.OzoneProtocolMessageDispatcher.processRequest(OzoneProtocolMessageDispatcher.java:87) [hdds-server-framework-1.4.0-SNAPSHOT.jar:?]
	at org.apache.hadoop.ozone.protocolPB.OzoneManagerProtocolServerSideTranslatorPB.submitRequest(OzoneManagerProtocolServerSideTranslatorPB.java:148) [ozone-manager-1.4.0-SNAPSHOT.jar:?]
	at org.apache.hadoop.ozone.protocol.proto.OzoneManagerProtocolProtos$OzoneManagerService$2.callBlockingMethod(OzoneManagerProtocolProtos.java) [ozone-interface-client-1.4.0-SNAPSHOT.jar:?]
	at org.apache.hadoop.ipc.ProtobufRpcEngine$Server.processCall(ProtobufRpcEngine.java:484) [hadoop-common-3.3.6.jar:?]
	at org.apache.hadoop.ipc.ProtobufRpcEngine2$Server$ProtoBufRpcInvoker.call(ProtobufRpcEngine2.java:595) [hadoop-common-3.3.6.jar:?]
	at org.apache.hadoop.ipc.ProtobufRpcEngine2$Server$ProtoBufRpcInvoker.call(ProtobufRpcEngine2.java:573) [hadoop-common-3.3.6.jar:?]
	at org.apache.hadoop.ipc.RPC$Server.call(RPC.java:1227) [hadoop-common-3.3.6.jar:?]
	at org.apache.hadoop.ipc.Server$RpcCall.run(Server.java:1094) [hadoop-common-3.3.6.jar:?]
	at org.apache.hadoop.ipc.Server$RpcCall.run(Server.java:1017) [hadoop-common-3.3.6.jar:?]
	at java.security.AccessController.doPrivileged(Native Method) ~[?:1.8.0_382]
	at javax.security.auth.Subject.doAs(Subject.java:422) [?:1.8.0_382]
	at org.apache.hadoop.security.UserGroupInformation.doAs(UserGroupInformation.java:1899) [hadoop-common-3.3.6.jar:?]
	at org.apache.hadoop.ipc.Server$Handler.run(Server.java:3048) [hadoop-common-3.3.6.jar:?]
04:53:36.862 [IPC Server handler 18 on default port 15163] ERROR OMAudit - user=runner | ip=127.0.0.1 | op=GET_FILE_STATUS {volume=volume69932, bucket=bucket53154, key=testBatchDelete/parent/childFolder/child7, dataSize=0, replicationConfig=null} | ret=FAILURE
org.apache.hadoop.ozone.om.exceptions.OMException: Unable to get file status: volume: volume69932 bucket: bucket53154 key: testBatchDelete/parent/childFolder/child7
	at org.apache.hadoop.ozone.om.KeyManagerImpl.getOzoneFileStatus(KeyManagerImpl.java:1195) ~[ozone-manager-1.4.0-SNAPSHOT.jar:?]
	at org.apache.hadoop.ozone.om.KeyManagerImpl.getFileStatus(KeyManagerImpl.java:1113) ~[ozone-manager-1.4.0-SNAPSHOT.jar:?]
	at org.apache.hadoop.ozone.om.OmMetadataReader.getFileStatus(OmMetadataReader.java:262) ~[ozone-manager-1.4.0-SNAPSHOT.jar:?]
	at org.apache.hadoop.ozone.om.OzoneManager.getFileStatus(OzoneManager.java:3530) ~[ozone-manager-1.4.0-SNAPSHOT.jar:?]
	at org.apache.hadoop.ozone.protocolPB.OzoneManagerRequestHandler.getOzoneFileStatus(OzoneManagerRequestHandler.java:971) ~[ozone-manager-1.4.0-SNAPSHOT.jar:?]
	at org.apache.hadoop.ozone.protocolPB.OzoneManagerRequestHandler.handleReadRequest(OzoneManagerRequestHandler.java:250) ~[ozone-manager-1.4.0-SNAPSHOT.jar:?]
	at org.apache.hadoop.ozone.protocolPB.OzoneManagerProtocolServerSideTranslatorPB.submitRequestDirectlyToOM(OzoneManagerProtocolServerSideTranslatorPB.java:274) ~[ozone-manager-1.4.0-SNAPSHOT.jar:?]
	at org.apache.hadoop.ozone.protocolPB.OzoneManagerProtocolServerSideTranslatorPB.processRequest(OzoneManagerProtocolServerSideTranslatorPB.java:175) ~[ozone-manager-1.4.0-SNAPSHOT.jar:?]
	at org.apache.hadoop.hdds.server.OzoneProtocolMessageDispatcher.processRequest(OzoneProtocolMessageDispatcher.java:87) [hdds-server-framework-1.4.0-SNAPSHOT.jar:?]
	at org.apache.hadoop.ozone.protocolPB.OzoneManagerProtocolServerSideTranslatorPB.submitRequest(OzoneManagerProtocolServerSideTranslatorPB.java:148) [ozone-manager-1.4.0-SNAPSHOT.jar:?]
	at org.apache.hadoop.ozone.protocol.proto.OzoneManagerProtocolProtos$OzoneManagerService$2.callBlockingMethod(OzoneManagerProtocolProtos.java) [ozone-interface-client-1.4.0-SNAPSHOT.jar:?]
	at org.apache.hadoop.ipc.ProtobufRpcEngine$Server.processCall(ProtobufRpcEngine.java:484) [hadoop-common-3.3.6.jar:?]
	at org.apache.hadoop.ipc.ProtobufRpcEngine2$Server$ProtoBufRpcInvoker.call(ProtobufRpcEngine2.java:595) [hadoop-common-3.3.6.jar:?]
	at org.apache.hadoop.ipc.ProtobufRpcEngine2$Server$ProtoBufRpcInvoker.call(ProtobufRpcEngine2.java:573) [hadoop-common-3.3.6.jar:?]
	at org.apache.hadoop.ipc.RPC$Server.call(RPC.java:1227) [hadoop-common-3.3.6.jar:?]
	at org.apache.hadoop.ipc.Server$RpcCall.run(Server.java:1094) [hadoop-common-3.3.6.jar:?]
	at org.apache.hadoop.ipc.Server$RpcCall.run(Server.java:1017) [hadoop-common-3.3.6.jar:?]
	at java.security.AccessController.doPrivileged(Native Method) ~[?:1.8.0_382]
	at javax.security.auth.Subject.doAs(Subject.java:422) [?:1.8.0_382]
	at org.apache.hadoop.security.UserGroupInformation.doAs(UserGroupInformation.java:1899) [hadoop-common-3.3.6.jar:?]
	at org.apache.hadoop.ipc.Server$Handler.run(Server.java:3048) [hadoop-common-3.3.6.jar:?]
04:53:36.863 [IPC Server handler 10 on default port 15163] ERROR OMAudit - user=runner | ip=127.0.0.1 | op=GET_FILE_STATUS {volume=volume69932, bucket=bucket53154, key=testBatchDelete/parent, dataSize=0, replicationConfig=null} | ret=FAILURE
org.apache.hadoop.ozone.om.exceptions.OMException: Unable to get file status: volume: volume69932 bucket: bucket53154 key: testBatchDelete/parent
	at org.apache.hadoop.ozone.om.KeyManagerImpl.getOzoneFileStatus(KeyManagerImpl.java:1195) ~[ozone-manager-1.4.0-SNAPSHOT.jar:?]
	at org.apache.hadoop.ozone.om.KeyManagerImpl.getFileStatus(KeyManagerImpl.java:1113) ~[ozone-manager-1.4.0-SNAPSHOT.jar:?]
	at org.apache.hadoop.ozone.om.OmMetadataReader.getFileStatus(OmMetadataReader.java:262) ~[ozone-manager-1.4.0-SNAPSHOT.jar:?]
	at org.apache.hadoop.ozone.om.OzoneManager.getFileStatus(OzoneManager.java:3530) ~[ozone-manager-1.4.0-SNAPSHOT.jar:?]
	at org.apache.hadoop.ozone.protocolPB.OzoneManagerRequestHandler.getOzoneFileStatus(OzoneManagerRequestHandler.java:971) ~[ozone-manager-1.4.0-SNAPSHOT.jar:?]
	at org.apache.hadoop.ozone.protocolPB.OzoneManagerRequestHandler.handleReadRequest(OzoneManagerRequestHandler.java:250) ~[ozone-manager-1.4.0-SNAPSHOT.jar:?]
	at org.apache.hadoop.ozone.protocolPB.OzoneManagerProtocolServerSideTranslatorPB.submitRequestDirectlyToOM(OzoneManagerProtocolServerSideTranslatorPB.java:274) ~[ozone-manager-1.4.0-SNAPSHOT.jar:?]
	at org.apache.hadoop.ozone.protocolPB.OzoneManagerProtocolServerSideTranslatorPB.processRequest(OzoneManagerProtocolServerSideTranslatorPB.java:175) ~[ozone-manager-1.4.0-SNAPSHOT.jar:?]
	at org.apache.hadoop.hdds.server.OzoneProtocolMessageDispatcher.processRequest(OzoneProtocolMessageDispatcher.java:87) [hdds-server-framework-1.4.0-SNAPSHOT.jar:?]
	at org.apache.hadoop.ozone.protocolPB.OzoneManagerProtocolServerSideTranslatorPB.submitRequest(OzoneManagerProtocolServerSideTranslatorPB.java:148) [ozone-manager-1.4.0-SNAPSHOT.jar:?]
	at org.apache.hadoop.ozone.protocol.proto.OzoneManagerProtocolProtos$OzoneManagerService$2.callBlockingMethod(OzoneManagerProtocolProtos.java) [ozone-interface-client-1.4.0-SNAPSHOT.jar:?]
	at org.apache.hadoop.ipc.ProtobufRpcEngine$Server.processCall(ProtobufRpcEngine.java:484) [hadoop-common-3.3.6.jar:?]
	at org.apache.hadoop.ipc.ProtobufRpcEngine2$Server$ProtoBufRpcInvoker.call(ProtobufRpcEngine2.java:595) [hadoop-common-3.3.6.jar:?]
	at org.apache.hadoop.ipc.ProtobufRpcEngine2$Server$ProtoBufRpcInvoker.call(ProtobufRpcEngine2.java:573) [hadoop-common-3.3.6.jar:?]
	at org.apache.hadoop.ipc.RPC$Server.call(RPC.java:1227) [hadoop-common-3.3.6.jar:?]
	at org.apache.hadoop.ipc.Server$RpcCall.run(Server.java:1094) [hadoop-common-3.3.6.jar:?]
	at org.apache.hadoop.ipc.Server$RpcCall.run(Server.java:1017) [hadoop-common-3.3.6.jar:?]
	at java.security.AccessController.doPrivileged(Native Method) ~[?:1.8.0_382]
	at javax.security.auth.Subject.doAs(Subject.java:422) [?:1.8.0_382]
	at org.apache.hadoop.security.UserGroupInformation.doAs(UserGroupInformation.java:1899) [hadoop-common-3.3.6.jar:?]
	at org.apache.hadoop.ipc.Server$Handler.run(Server.java:3048) [hadoop-common-3.3.6.jar:?]
2023-09-07 04:53:36,864 [Time-limited test] WARN  ozone.BasicOzoneFileSystem (BasicOzoneFileSystem.java:delete(595)) - delete: Path does not exist: /testBatchDelete/parent
]]></system-out>
  </testcase>
  <testcase name="testListStatusIteratorOnPageSize" classname="TestOzoneFileSystem" time="68.118">
    <system-out><![CDATA[2023-09-07 04:48:44,401 [JvmPauseMonitor4] WARN  util.JvmPauseMonitor (JvmPauseMonitor.java:detectPause(124)) - JvmPauseMonitor-0eb6895c-dd30-4da0-bb92-00e2e7e9df9f: Detected pause in JVM or host machine approximately 0.105s with 0.109s GC time.
GC pool 'PS Scavenge' had collection(s): count=1 time=109ms
2023-09-07 04:48:44,401 [JvmPauseMonitor6] WARN  util.JvmPauseMonitor (JvmPauseMonitor.java:detectPause(124)) - JvmPauseMonitor-9de77b90-302e-4d3a-8e07-68c62a7150b7: Detected pause in JVM or host machine approximately 0.106s with 0.109s GC time.
GC pool 'PS Scavenge' had collection(s): count=1 time=109ms
2023-09-07 04:48:44,401 [JvmPauseMonitor0] WARN  util.JvmPauseMonitor (JvmPauseMonitor.java:detectPause(124)) - JvmPauseMonitor-cf34871c-a3cd-4b6c-bcb6-169af604bff3: Detected pause in JVM or host machine approximately 0.107s with 0.109s GC time.
GC pool 'PS Scavenge' had collection(s): count=1 time=109ms
2023-09-07 04:49:15,235 [IPC Server handler 12 on default port 15001] INFO  ha.SequenceIdGenerator (SequenceIdGenerator.java:getNextId(140)) - Allocate a batch for delTxnId, change lastId from 0 to 1000.
2023-09-07 04:49:18,587 [JvmPauseMonitor0] WARN  util.JvmPauseMonitor (JvmPauseMonitor.java:detectPause(124)) - JvmPauseMonitor-cf34871c-a3cd-4b6c-bcb6-169af604bff3: Detected pause in JVM or host machine approximately 0.102s with 0.137s GC time.
GC pool 'PS Scavenge' had collection(s): count=1 time=137ms
2023-09-07 04:49:18,587 [JvmPauseMonitor3] WARN  util.JvmPauseMonitor (JvmPauseMonitor.java:detectPause(124)) - JvmPauseMonitor-b1275f2d-39ad-471b-b40b-6b5e810ed750: Detected pause in JVM or host machine approximately 0.102s with 0.137s GC time.
GC pool 'PS Scavenge' had collection(s): count=1 time=137ms
2023-09-07 04:49:18,983 [BlockDeletingService#0] INFO  interfaces.ContainerDeletionChoosingPolicyTemplate (ContainerDeletionChoosingPolicyTemplate.java:chooseContainerForBlockDeletion(85)) - Chosen 0/5000 blocks from 0 candidate containers.
2023-09-07 04:49:19,429 [BlockDeletingService#0] INFO  interfaces.ContainerDeletionChoosingPolicyTemplate (ContainerDeletionChoosingPolicyTemplate.java:chooseContainerForBlockDeletion(85)) - Chosen 0/5000 blocks from 0 candidate containers.
2023-09-07 04:49:19,952 [BlockDeletingService#0] INFO  interfaces.ContainerDeletionChoosingPolicyTemplate (ContainerDeletionChoosingPolicyTemplate.java:chooseContainerForBlockDeletion(85)) - Chosen 0/5000 blocks from 0 candidate containers.
2023-09-07 04:49:20,296 [BlockDeletingService#0] INFO  interfaces.ContainerDeletionChoosingPolicyTemplate (ContainerDeletionChoosingPolicyTemplate.java:chooseContainerForBlockDeletion(85)) - Chosen 0/5000 blocks from 0 candidate containers.
2023-09-07 04:49:20,764 [BlockDeletingService#0] INFO  interfaces.ContainerDeletionChoosingPolicyTemplate (ContainerDeletionChoosingPolicyTemplate.java:chooseContainerForBlockDeletion(85)) - Chosen 0/5000 blocks from 0 candidate containers.
]]></system-out>
  </testcase>
  <testcase name="testListStatusIteratorOnPageSize" classname="TestOzoneFileSystem" time="47.522">
    <system-out><![CDATA[2023-09-07 04:50:37,272 [JvmPauseMonitor13] WARN  util.JvmPauseMonitor (JvmPauseMonitor.java:detectPause(124)) - JvmPauseMonitor-749eea05-78f7-4cc7-a6e4-2ed9a747c6c9: Detected pause in JVM or host machine approximately 0.732s with 1.094s GC time.
GC pool 'PS MarkSweep' had collection(s): count=1 time=701ms
GC pool 'PS Scavenge' had collection(s): count=1 time=393ms
2023-09-07 04:50:37,273 [JvmPauseMonitor9] WARN  util.JvmPauseMonitor (JvmPauseMonitor.java:detectPause(124)) - JvmPauseMonitor-c689351a-c011-4280-903e-e1929abe1491: Detected pause in JVM or host machine approximately 0.793s with 1.094s GC time.
GC pool 'PS MarkSweep' had collection(s): count=1 time=701ms
GC pool 'PS Scavenge' had collection(s): count=1 time=393ms
2023-09-07 04:50:37,273 [JvmPauseMonitor8] WARN  util.JvmPauseMonitor (JvmPauseMonitor.java:detectPause(124)) - JvmPauseMonitor-e83b5ce6-860c-4f86-b38e-8a352140255e: Detected pause in JVM or host machine approximately 0.817s with 1.094s GC time.
GC pool 'PS MarkSweep' had collection(s): count=1 time=701ms
GC pool 'PS Scavenge' had collection(s): count=1 time=393ms
2023-09-07 04:50:37,273 [JvmPauseMonitor10] WARN  util.JvmPauseMonitor (JvmPauseMonitor.java:detectPause(124)) - JvmPauseMonitor-9f849854-0b93-4d35-a4d9-b273905b7e1f: Detected pause in JVM or host machine approximately 0.919s with 1.094s GC time.
GC pool 'PS MarkSweep' had collection(s): count=1 time=701ms
GC pool 'PS Scavenge' had collection(s): count=1 time=393ms
2023-09-07 04:50:37,274 [JvmPauseMonitor7] WARN  util.JvmPauseMonitor (JvmPauseMonitor.java:detectPause(124)) - JvmPauseMonitor-62aa9f2a-0273-4a62-94ef-8db553e52de2: Detected pause in JVM or host machine approximately 0.969s with 1.094s GC time.
GC pool 'PS MarkSweep' had collection(s): count=1 time=701ms
GC pool 'PS Scavenge' had collection(s): count=1 time=393ms
2023-09-07 04:50:37,274 [8fe090c8-98a3-4c2e-b58d-35f0bbae16bb@group-C77B99C35E72-FollowerState] WARN  impl.FollowerState (FollowerState.java:run(130)) - Unexpected long sleep: sleep 5041ms but took extra 970114840ns (> threshold = 300ms)
2023-09-07 04:50:37,274 [JvmPauseMonitor11] WARN  util.JvmPauseMonitor (JvmPauseMonitor.java:detectPause(124)) - JvmPauseMonitor-8fe090c8-98a3-4c2e-b58d-35f0bbae16bb: Detected pause in JVM or host machine approximately 1.009s with 1.094s GC time.
GC pool 'PS MarkSweep' had collection(s): count=1 time=701ms
GC pool 'PS Scavenge' had collection(s): count=1 time=393ms
2023-09-07 04:50:37,273 [c689351a-c011-4280-903e-e1929abe1491@group-C77B99C35E72-FollowerState] WARN  impl.FollowerState (FollowerState.java:run(130)) - Unexpected long sleep: sleep 5112ms but took extra 942193011ns (> threshold = 300ms)
2023-09-07 04:50:37,275 [JvmPauseMonitor12] WARN  util.JvmPauseMonitor (JvmPauseMonitor.java:detectPause(124)) - JvmPauseMonitor-ae2613ee-de6d-4587-a078-710b5812316a: Detected pause in JVM or host machine approximately 1.069s with 1.094s GC time.
GC pool 'PS MarkSweep' had collection(s): count=1 time=701ms
GC pool 'PS Scavenge' had collection(s): count=1 time=393ms
2023-09-07 04:50:43,902 [JvmPauseMonitor12] WARN  util.JvmPauseMonitor (JvmPauseMonitor.java:detectPause(124)) - JvmPauseMonitor-ae2613ee-de6d-4587-a078-710b5812316a: Detected pause in JVM or host machine approximately 0.124s with 0.141s GC time.
GC pool 'PS Scavenge' had collection(s): count=1 time=141ms
2023-09-07 04:50:43,902 [JvmPauseMonitor11] WARN  util.JvmPauseMonitor (JvmPauseMonitor.java:detectPause(124)) - JvmPauseMonitor-8fe090c8-98a3-4c2e-b58d-35f0bbae16bb: Detected pause in JVM or host machine approximately 0.125s with 0.141s GC time.
GC pool 'PS Scavenge' had collection(s): count=1 time=141ms
2023-09-07 04:50:43,903 [JvmPauseMonitor7] WARN  util.JvmPauseMonitor (JvmPauseMonitor.java:detectPause(124)) - JvmPauseMonitor-62aa9f2a-0273-4a62-94ef-8db553e52de2: Detected pause in JVM or host machine approximately 0.126s with 0.141s GC time.
GC pool 'PS Scavenge' had collection(s): count=1 time=141ms
2023-09-07 04:50:43,903 [JvmPauseMonitor8] WARN  util.JvmPauseMonitor (JvmPauseMonitor.java:detectPause(124)) - JvmPauseMonitor-e83b5ce6-860c-4f86-b38e-8a352140255e: Detected pause in JVM or host machine approximately 0.127s with 0.141s GC time.
GC pool 'PS Scavenge' had collection(s): count=1 time=141ms
2023-09-07 04:50:43,903 [JvmPauseMonitor13] WARN  util.JvmPauseMonitor (JvmPauseMonitor.java:detectPause(124)) - JvmPauseMonitor-749eea05-78f7-4cc7-a6e4-2ed9a747c6c9: Detected pause in JVM or host machine approximately 0.127s with 0.141s GC time.
GC pool 'PS Scavenge' had collection(s): count=1 time=141ms
2023-09-07 04:50:43,909 [JvmPauseMonitor10] WARN  util.JvmPauseMonitor (JvmPauseMonitor.java:detectPause(124)) - JvmPauseMonitor-9f849854-0b93-4d35-a4d9-b273905b7e1f: Detected pause in JVM or host machine approximately 0.134s with 0.141s GC time.
GC pool 'PS Scavenge' had collection(s): count=1 time=141ms
2023-09-07 04:50:43,910 [JvmPauseMonitor9] WARN  util.JvmPauseMonitor (JvmPauseMonitor.java:detectPause(124)) - JvmPauseMonitor-c689351a-c011-4280-903e-e1929abe1491: Detected pause in JVM or host machine approximately 0.135s with 0.141s GC time.
GC pool 'PS Scavenge' had collection(s): count=1 time=141ms
2023-09-07 04:50:50,014 [JvmPauseMonitor10] WARN  util.JvmPauseMonitor (JvmPauseMonitor.java:detectPause(124)) - JvmPauseMonitor-9f849854-0b93-4d35-a4d9-b273905b7e1f: Detected pause in JVM or host machine approximately 0.100s with 0.125s GC time.
GC pool 'PS Scavenge' had collection(s): count=1 time=125ms
2023-09-07 04:50:50,014 [JvmPauseMonitor13] WARN  util.JvmPauseMonitor (JvmPauseMonitor.java:detectPause(124)) - JvmPauseMonitor-749eea05-78f7-4cc7-a6e4-2ed9a747c6c9: Detected pause in JVM or host machine approximately 0.110s with 0.125s GC time.
GC pool 'PS Scavenge' had collection(s): count=1 time=125ms
2023-09-07 04:50:50,015 [JvmPauseMonitor8] WARN  util.JvmPauseMonitor (JvmPauseMonitor.java:detectPause(124)) - JvmPauseMonitor-e83b5ce6-860c-4f86-b38e-8a352140255e: Detected pause in JVM or host machine approximately 0.110s with 0.125s GC time.
GC pool 'PS Scavenge' had collection(s): count=1 time=125ms
2023-09-07 04:50:50,015 [JvmPauseMonitor7] WARN  util.JvmPauseMonitor (JvmPauseMonitor.java:detectPause(124)) - JvmPauseMonitor-62aa9f2a-0273-4a62-94ef-8db553e52de2: Detected pause in JVM or host machine approximately 0.110s with 0.125s GC time.
GC pool 'PS Scavenge' had collection(s): count=1 time=125ms
2023-09-07 04:50:50,015 [JvmPauseMonitor11] WARN  util.JvmPauseMonitor (JvmPauseMonitor.java:detectPause(124)) - JvmPauseMonitor-8fe090c8-98a3-4c2e-b58d-35f0bbae16bb: Detected pause in JVM or host machine approximately 0.112s with 0.125s GC time.
GC pool 'PS Scavenge' had collection(s): count=1 time=125ms
2023-09-07 04:50:50,015 [JvmPauseMonitor12] WARN  util.JvmPauseMonitor (JvmPauseMonitor.java:detectPause(124)) - JvmPauseMonitor-ae2613ee-de6d-4587-a078-710b5812316a: Detected pause in JVM or host machine approximately 0.112s with 0.125s GC time.
GC pool 'PS Scavenge' had collection(s): count=1 time=125ms
2023-09-07 04:51:12,950 [IPC Server handler 6 on default port 15054] INFO  ha.SequenceIdGenerator (SequenceIdGenerator.java:getNextId(140)) - Allocate a batch for delTxnId, change lastId from 0 to 1000.
2023-09-07 04:51:15,477 [BlockDeletingService#0] INFO  interfaces.ContainerDeletionChoosingPolicyTemplate (ContainerDeletionChoosingPolicyTemplate.java:chooseContainerForBlockDeletion(85)) - Chosen 0/5000 blocks from 0 candidate containers.
2023-09-07 04:51:15,847 [BlockDeletingService#0] INFO  interfaces.ContainerDeletionChoosingPolicyTemplate (ContainerDeletionChoosingPolicyTemplate.java:chooseContainerForBlockDeletion(85)) - Chosen 0/5000 blocks from 0 candidate containers.
2023-09-07 04:51:16,258 [BlockDeletingService#0] INFO  interfaces.ContainerDeletionChoosingPolicyTemplate (ContainerDeletionChoosingPolicyTemplate.java:chooseContainerForBlockDeletion(85)) - Chosen 0/5000 blocks from 0 candidate containers.
2023-09-07 04:51:16,622 [BlockDeletingService#0] INFO  interfaces.ContainerDeletionChoosingPolicyTemplate (ContainerDeletionChoosingPolicyTemplate.java:chooseContainerForBlockDeletion(85)) - Chosen 0/5000 blocks from 0 candidate containers.
2023-09-07 04:51:17,031 [BlockDeletingService#0] INFO  interfaces.ContainerDeletionChoosingPolicyTemplate (ContainerDeletionChoosingPolicyTemplate.java:chooseContainerForBlockDeletion(85)) - Chosen 0/5000 blocks from 0 candidate containers.
]]></system-out>
  </testcase>
  <testcase name="testListStatusIteratorOnPageSize" classname="TestOzoneFileSystem" time="56.327">
    <system-out><![CDATA[2023-09-07 04:52:12,453 [JvmPauseMonitor20] WARN  util.JvmPauseMonitor (JvmPauseMonitor.java:detectPause(124)) - JvmPauseMonitor-eee81e81-0890-44e6-b9d4-b60ee3bd7f3c: Detected pause in JVM or host machine approximately 0.148s with 0.218s GC time.
GC pool 'PS Scavenge' had collection(s): count=1 time=218ms
2023-09-07 04:52:12,456 [JvmPauseMonitor17] WARN  util.JvmPauseMonitor (JvmPauseMonitor.java:detectPause(124)) - JvmPauseMonitor-9c9ba13f-6dd0-460e-ac54-999c1aa3e7ed: Detected pause in JVM or host machine approximately 0.195s with 0.218s GC time.
GC pool 'PS Scavenge' had collection(s): count=1 time=218ms
2023-09-07 04:52:12,456 [JvmPauseMonitor15] WARN  util.JvmPauseMonitor (JvmPauseMonitor.java:detectPause(124)) - JvmPauseMonitor-om1: Detected pause in JVM or host machine approximately 0.205s with 0.218s GC time.
GC pool 'PS Scavenge' had collection(s): count=1 time=218ms
2023-09-07 04:52:22,186 [JvmPauseMonitor18] WARN  util.JvmPauseMonitor (JvmPauseMonitor.java:detectPause(124)) - JvmPauseMonitor-1ddc0cd2-9f64-4abc-9646-a27e7b7d0879: Detected pause in JVM or host machine approximately 0.103s with 0.115s GC time.
GC pool 'PS Scavenge' had collection(s): count=1 time=115ms
2023-09-07 04:52:40,254 [IPC Server handler 10 on default port 15107] INFO  ha.SequenceIdGenerator (SequenceIdGenerator.java:getNextId(140)) - Allocate a batch for delTxnId, change lastId from 0 to 1000.
2023-09-07 04:52:43,556 [BlockDeletingService#0] INFO  interfaces.ContainerDeletionChoosingPolicyTemplate (ContainerDeletionChoosingPolicyTemplate.java:chooseContainerForBlockDeletion(85)) - Chosen 0/5000 blocks from 0 candidate containers.
2023-09-07 04:52:43,557 [JvmPauseMonitor14] WARN  util.JvmPauseMonitor (JvmPauseMonitor.java:detectPause(124)) - JvmPauseMonitor-c34deceb-6ede-433a-a192-3443b02db3d6: Detected pause in JVM or host machine approximately 0.572s with 1.042s GC time.
GC pool 'PS MarkSweep' had collection(s): count=1 time=851ms
GC pool 'PS Scavenge' had collection(s): count=1 time=191ms
2023-09-07 04:52:43,558 [JvmPauseMonitor17] WARN  util.JvmPauseMonitor (JvmPauseMonitor.java:detectPause(124)) - JvmPauseMonitor-9c9ba13f-6dd0-460e-ac54-999c1aa3e7ed: Detected pause in JVM or host machine approximately 0.583s with 1.042s GC time.
GC pool 'PS MarkSweep' had collection(s): count=1 time=851ms
GC pool 'PS Scavenge' had collection(s): count=1 time=191ms
2023-09-07 04:52:43,558 [JvmPauseMonitor20] WARN  util.JvmPauseMonitor (JvmPauseMonitor.java:detectPause(124)) - JvmPauseMonitor-eee81e81-0890-44e6-b9d4-b60ee3bd7f3c: Detected pause in JVM or host machine approximately 0.583s with 1.042s GC time.
GC pool 'PS MarkSweep' had collection(s): count=1 time=851ms
GC pool 'PS Scavenge' had collection(s): count=1 time=191ms
2023-09-07 04:52:43,558 [JvmPauseMonitor19] WARN  util.JvmPauseMonitor (JvmPauseMonitor.java:detectPause(124)) - JvmPauseMonitor-cbeb8a2c-f8e2-4c14-b4f8-5d428d71e083: Detected pause in JVM or host machine approximately 0.594s with 1.042s GC time.
GC pool 'PS MarkSweep' had collection(s): count=1 time=851ms
GC pool 'PS Scavenge' had collection(s): count=1 time=191ms
2023-09-07 04:52:43,558 [JvmPauseMonitor15] WARN  util.JvmPauseMonitor (JvmPauseMonitor.java:detectPause(124)) - JvmPauseMonitor-om1: Detected pause in JVM or host machine approximately 0.583s with 1.042s GC time.
GC pool 'PS MarkSweep' had collection(s): count=1 time=851ms
GC pool 'PS Scavenge' had collection(s): count=1 time=191ms
2023-09-07 04:52:43,558 [JvmPauseMonitor16] WARN  util.JvmPauseMonitor (JvmPauseMonitor.java:detectPause(124)) - JvmPauseMonitor-7d658909-36a6-44f1-ac1a-09761b608691: Detected pause in JVM or host machine approximately 0.595s with 1.042s GC time.
GC pool 'PS MarkSweep' had collection(s): count=1 time=851ms
GC pool 'PS Scavenge' had collection(s): count=1 time=191ms
2023-09-07 04:52:43,561 [BlockDeletingService#0] INFO  interfaces.ContainerDeletionChoosingPolicyTemplate (ContainerDeletionChoosingPolicyTemplate.java:chooseContainerForBlockDeletion(85)) - Chosen 0/5000 blocks from 0 candidate containers.
2023-09-07 04:52:43,561 [JvmPauseMonitor18] WARN  util.JvmPauseMonitor (JvmPauseMonitor.java:detectPause(124)) - JvmPauseMonitor-1ddc0cd2-9f64-4abc-9646-a27e7b7d0879: Detected pause in JVM or host machine approximately 0.736s with 1.042s GC time.
GC pool 'PS MarkSweep' had collection(s): count=1 time=851ms
GC pool 'PS Scavenge' had collection(s): count=1 time=191ms
2023-09-07 04:52:43,577 [BlockDeletingService#0] INFO  interfaces.ContainerDeletionChoosingPolicyTemplate (ContainerDeletionChoosingPolicyTemplate.java:chooseContainerForBlockDeletion(85)) - Chosen 0/5000 blocks from 0 candidate containers.
2023-09-07 04:52:43,935 [BlockDeletingService#0] INFO  interfaces.ContainerDeletionChoosingPolicyTemplate (ContainerDeletionChoosingPolicyTemplate.java:chooseContainerForBlockDeletion(85)) - Chosen 0/5000 blocks from 0 candidate containers.
2023-09-07 04:52:44,294 [BlockDeletingService#0] INFO  interfaces.ContainerDeletionChoosingPolicyTemplate (ContainerDeletionChoosingPolicyTemplate.java:chooseContainerForBlockDeletion(85)) - Chosen 0/5000 blocks from 0 candidate containers.
]]></system-out>
  </testcase>
  <testcase name="testListStatusIteratorOnPageSize" classname="TestOzoneFileSystem" time="47.838">
    <system-out><![CDATA[2023-09-07 04:53:38,847 [JvmPauseMonitor25] WARN  util.JvmPauseMonitor (JvmPauseMonitor.java:detectPause(124)) - JvmPauseMonitor-5e8b1818-5304-4881-9e46-c74e35e46625: Detected pause in JVM or host machine approximately 0.260s with 0.713s GC time.
GC pool 'PS MarkSweep' had collection(s): count=1 time=556ms
GC pool 'PS Scavenge' had collection(s): count=1 time=157ms
2023-09-07 04:53:38,848 [JvmPauseMonitor26] WARN  util.JvmPauseMonitor (JvmPauseMonitor.java:detectPause(124)) - JvmPauseMonitor-00eba518-ec47-4b38-9f64-79409ef1ea16: Detected pause in JVM or host machine approximately 0.367s with 0.713s GC time.
GC pool 'PS MarkSweep' had collection(s): count=1 time=556ms
GC pool 'PS Scavenge' had collection(s): count=1 time=157ms
2023-09-07 04:53:38,850 [JvmPauseMonitor23] WARN  util.JvmPauseMonitor (JvmPauseMonitor.java:detectPause(124)) - JvmPauseMonitor-c2ff68ec-fb8c-48a5-8338-8b04228d05a1: Detected pause in JVM or host machine approximately 0.484s with 0.713s GC time.
GC pool 'PS MarkSweep' had collection(s): count=1 time=556ms
GC pool 'PS Scavenge' had collection(s): count=1 time=157ms
2023-09-07 04:53:38,850 [JvmPauseMonitor22] WARN  util.JvmPauseMonitor (JvmPauseMonitor.java:detectPause(124)) - JvmPauseMonitor-86404c22-c39b-4be2-afdc-d3077e1f8b06: Detected pause in JVM or host machine approximately 0.486s with 0.713s GC time.
GC pool 'PS MarkSweep' had collection(s): count=1 time=556ms
GC pool 'PS Scavenge' had collection(s): count=1 time=157ms
2023-09-07 04:53:38,850 [JvmPauseMonitor27] WARN  util.JvmPauseMonitor (JvmPauseMonitor.java:detectPause(124)) - JvmPauseMonitor-47d0d84e-4e3a-4d8b-8411-824294f25318: Detected pause in JVM or host machine approximately 0.548s with 0.713s GC time.
GC pool 'PS MarkSweep' had collection(s): count=1 time=556ms
GC pool 'PS Scavenge' had collection(s): count=1 time=157ms
2023-09-07 04:53:38,850 [JvmPauseMonitor24] WARN  util.JvmPauseMonitor (JvmPauseMonitor.java:detectPause(124)) - JvmPauseMonitor-87043b48-aa73-4006-a4ab-d1e7624806a9: Detected pause in JVM or host machine approximately 0.597s with 0.713s GC time.
GC pool 'PS MarkSweep' had collection(s): count=1 time=556ms
GC pool 'PS Scavenge' had collection(s): count=1 time=157ms
2023-09-07 04:53:38,851 [JvmPauseMonitor21] WARN  util.JvmPauseMonitor (JvmPauseMonitor.java:detectPause(124)) - JvmPauseMonitor-2dd4e6de-2ea9-4947-9634-3822da8a95cc: Detected pause in JVM or host machine approximately 0.630s with 0.713s GC time.
GC pool 'PS MarkSweep' had collection(s): count=1 time=556ms
GC pool 'PS Scavenge' had collection(s): count=1 time=157ms
2023-09-07 04:54:18,365 [IPC Server handler 10 on default port 15160] INFO  ha.SequenceIdGenerator (SequenceIdGenerator.java:getNextId(140)) - Allocate a batch for delTxnId, change lastId from 0 to 1000.
2023-09-07 04:54:20,863 [BlockDeletingService#0] INFO  interfaces.ContainerDeletionChoosingPolicyTemplate (ContainerDeletionChoosingPolicyTemplate.java:chooseContainerForBlockDeletion(85)) - Chosen 0/5000 blocks from 0 candidate containers.
2023-09-07 04:54:21,349 [BlockDeletingService#0] INFO  interfaces.ContainerDeletionChoosingPolicyTemplate (ContainerDeletionChoosingPolicyTemplate.java:chooseContainerForBlockDeletion(85)) - Chosen 0/5000 blocks from 0 candidate containers.
2023-09-07 04:54:21,584 [BlockDeletingService#0] INFO  interfaces.ContainerDeletionChoosingPolicyTemplate (ContainerDeletionChoosingPolicyTemplate.java:chooseContainerForBlockDeletion(85)) - Chosen 0/5000 blocks from 0 candidate containers.
2023-09-07 04:54:21,976 [BlockDeletingService#0] INFO  interfaces.ContainerDeletionChoosingPolicyTemplate (ContainerDeletionChoosingPolicyTemplate.java:chooseContainerForBlockDeletion(85)) - Chosen 0/5000 blocks from 0 candidate containers.
2023-09-07 04:54:22,301 [BlockDeletingService#0] INFO  interfaces.ContainerDeletionChoosingPolicyTemplate (ContainerDeletionChoosingPolicyTemplate.java:chooseContainerForBlockDeletion(85)) - Chosen 0/5000 blocks from 0 candidate containers.
]]></system-out>
  </testcase>
  <testcase name="testListStatusWithIntermediateDir" classname="TestOzoneFileSystem" time="0.086">
    <system-out><![CDATA[2023-09-07 04:49:47,748 [OM StateMachine ApplyTransaction Thread - 0] WARN  helpers.QuotaUtil (QuotaUtil.java:getReplicatedSize(63)) - Unknown replication type 'STAND_ALONE'. Returning original data size.
2023-09-07 04:49:47,754 [Time-limited test] WARN  helpers.QuotaUtil (QuotaUtil.java:getReplicatedSize(63)) - Unknown replication type 'STAND_ALONE'. Returning original data size.
2023-09-07 04:49:47,764 [Time-limited test] WARN  helpers.QuotaUtil (QuotaUtil.java:getReplicatedSize(63)) - Unknown replication type 'STAND_ALONE'. Returning original data size.
2023-09-07 04:49:47,772 [Time-limited test] WARN  helpers.QuotaUtil (QuotaUtil.java:getReplicatedSize(63)) - Unknown replication type 'STAND_ALONE'. Returning original data size.
2023-09-07 04:49:47,774 [Time-limited test] WARN  helpers.QuotaUtil (QuotaUtil.java:getReplicatedSize(63)) - Unknown replication type 'STAND_ALONE'. Returning original data size.
]]></system-out>
  </testcase>
  <testcase name="testListStatusWithIntermediateDir" classname="TestOzoneFileSystem" time="0.042">
    <system-out><![CDATA[2023-09-07 04:51:19,989 [IPC Server handler 15 on default port 15057] WARN  helpers.QuotaUtil (QuotaUtil.java:getReplicatedSize(63)) - Unknown replication type 'STAND_ALONE'. Returning original data size.
2023-09-07 04:51:19,995 [Time-limited test] WARN  helpers.QuotaUtil (QuotaUtil.java:getReplicatedSize(63)) - Unknown replication type 'STAND_ALONE'. Returning original data size.
2023-09-07 04:51:20,003 [Time-limited test] WARN  helpers.QuotaUtil (QuotaUtil.java:getReplicatedSize(63)) - Unknown replication type 'STAND_ALONE'. Returning original data size.
2023-09-07 04:51:20,004 [Time-limited test] WARN  helpers.QuotaUtil (QuotaUtil.java:getReplicatedSize(63)) - Unknown replication type 'STAND_ALONE'. Returning original data size.
2023-09-07 04:51:20,005 [Time-limited test] WARN  helpers.QuotaUtil (QuotaUtil.java:getReplicatedSize(63)) - Unknown replication type 'STAND_ALONE'. Returning original data size.
]]></system-out>
  </testcase>
  <testcase name="testListStatusWithIntermediateDir" classname="TestOzoneFileSystem" time="0.068">
    <system-out><![CDATA[2023-09-07 04:52:55,889 [OM StateMachine ApplyTransaction Thread - 0] WARN  helpers.QuotaUtil (QuotaUtil.java:getReplicatedSize(63)) - Unknown replication type 'STAND_ALONE'. Returning original data size.
2023-09-07 04:52:55,897 [Time-limited test] WARN  helpers.QuotaUtil (QuotaUtil.java:getReplicatedSize(63)) - Unknown replication type 'STAND_ALONE'. Returning original data size.
2023-09-07 04:52:55,903 [Time-limited test] WARN  helpers.QuotaUtil (QuotaUtil.java:getReplicatedSize(63)) - Unknown replication type 'STAND_ALONE'. Returning original data size.
]]></system-out>
  </testcase>
  <testcase name="testListStatusWithIntermediateDir" classname="TestOzoneFileSystem" time="0.049">
    <system-out><![CDATA[2023-09-07 04:54:24,723 [IPC Server handler 9 on default port 15163] WARN  helpers.QuotaUtil (QuotaUtil.java:getReplicatedSize(63)) - Unknown replication type 'STAND_ALONE'. Returning original data size.
2023-09-07 04:54:24,733 [Time-limited test] WARN  helpers.QuotaUtil (QuotaUtil.java:getReplicatedSize(63)) - Unknown replication type 'STAND_ALONE'. Returning original data size.
2023-09-07 04:54:24,739 [Time-limited test] WARN  helpers.QuotaUtil (QuotaUtil.java:getReplicatedSize(63)) - Unknown replication type 'STAND_ALONE'. Returning original data size.
]]></system-out>
  </testcase>
  <testcase name="testRenameSourceAndDestinAreSame" classname="TestOzoneFileSystem" time="0.05"/>
  <testcase name="testRenameSourceAndDestinAreSame" classname="TestOzoneFileSystem" time="0.033"/>
  <testcase name="testRenameSourceAndDestinAreSame" classname="TestOzoneFileSystem" time="0.039"/>
  <testcase name="testRenameSourceAndDestinAreSame" classname="TestOzoneFileSystem" time="0.025"/>
  <testcase name="testListStatusIteratorWithDir" classname="TestOzoneFileSystem" time="0.075"/>
  <testcase name="testListStatusIteratorWithDir" classname="TestOzoneFileSystem" time="0.089"/>
  <testcase name="testListStatusIteratorWithDir" classname="TestOzoneFileSystem" time="0.08"/>
  <testcase name="testListStatusIteratorWithDir" classname="TestOzoneFileSystem" time="0.07"/>
  <testcase name="testListStatusOnLargeDirectory" classname="TestOzoneFileSystem" time="11.902"/>
  <testcase name="testListStatusOnLargeDirectory" classname="TestOzoneFileSystem" time="9.825"/>
  <testcase name="testListStatusOnLargeDirectory" classname="TestOzoneFileSystem" time="11.066"/>
  <testcase name="testListStatusOnLargeDirectory" classname="TestOzoneFileSystem" time="9.925">
    <system-out><![CDATA[2023-09-07 04:54:27,130 [JvmPauseMonitor27] WARN  util.JvmPauseMonitor (JvmPauseMonitor.java:detectPause(124)) - JvmPauseMonitor-47d0d84e-4e3a-4d8b-8411-824294f25318: Detected pause in JVM or host machine approximately 0.101s with 0.106s GC time.
GC pool 'PS Scavenge' had collection(s): count=1 time=106ms
2023-09-07 04:54:27,130 [JvmPauseMonitor22] WARN  util.JvmPauseMonitor (JvmPauseMonitor.java:detectPause(124)) - JvmPauseMonitor-86404c22-c39b-4be2-afdc-d3077e1f8b06: Detected pause in JVM or host machine approximately 0.102s with 0.106s GC time.
GC pool 'PS Scavenge' had collection(s): count=1 time=106ms
2023-09-07 04:54:27,131 [JvmPauseMonitor26] WARN  util.JvmPauseMonitor (JvmPauseMonitor.java:detectPause(124)) - JvmPauseMonitor-00eba518-ec47-4b38-9f64-79409ef1ea16: Detected pause in JVM or host machine approximately 0.104s with 0.106s GC time.
GC pool 'PS Scavenge' had collection(s): count=1 time=106ms
2023-09-07 04:54:27,131 [JvmPauseMonitor21] WARN  util.JvmPauseMonitor (JvmPauseMonitor.java:detectPause(124)) - JvmPauseMonitor-2dd4e6de-2ea9-4947-9634-3822da8a95cc: Detected pause in JVM or host machine approximately 0.105s with 0.106s GC time.
GC pool 'PS Scavenge' had collection(s): count=1 time=106ms
2023-09-07 04:54:27,131 [JvmPauseMonitor24] WARN  util.JvmPauseMonitor (JvmPauseMonitor.java:detectPause(124)) - JvmPauseMonitor-87043b48-aa73-4006-a4ab-d1e7624806a9: Detected pause in JVM or host machine approximately 0.108s with 0.106s GC time.
GC pool 'PS Scavenge' had collection(s): count=1 time=106ms
2023-09-07 04:54:27,131 [JvmPauseMonitor23] WARN  util.JvmPauseMonitor (JvmPauseMonitor.java:detectPause(124)) - JvmPauseMonitor-c2ff68ec-fb8c-48a5-8338-8b04228d05a1: Detected pause in JVM or host machine approximately 0.109s with 0.106s GC time.
GC pool 'PS Scavenge' had collection(s): count=1 time=106ms
2023-09-07 04:54:34,731 [JvmPauseMonitor25] WARN  util.JvmPauseMonitor (JvmPauseMonitor.java:detectPause(124)) - JvmPauseMonitor-5e8b1818-5304-4881-9e46-c74e35e46625: Detected pause in JVM or host machine approximately 0.102s with 0.107s GC time.
GC pool 'PS Scavenge' had collection(s): count=1 time=107ms
]]></system-out>
  </testcase>
  <testcase name="testFileSystemDeclaresCapability" classname="TestOzoneFileSystem" time="0.045"/>
  <testcase name="testFileSystemDeclaresCapability" classname="TestOzoneFileSystem" time="0.012"/>
  <testcase name="testFileSystemDeclaresCapability" classname="TestOzoneFileSystem" time="0.014"/>
  <testcase name="testFileSystemDeclaresCapability" classname="TestOzoneFileSystem" time="0.016"/>
  <testcase name="testCreateKeyShouldUseRefreshedBucketReplicationConfig" classname="TestOzoneFileSystem" time="0.504">
    <system-out><![CDATA[2023-09-07 04:49:59,911 [Time-limited test] INFO  rpc.RpcClient (RpcClient.java:createVolume(461)) - Creating Volume: volume17536, with user84223 as owner and space quota set to -1 bytes, counts quota set to -1
2023-09-07 04:49:59,927 [OM StateMachine ApplyTransaction Thread - 0] INFO  volume.OMVolumeCreateRequest (OMVolumeCreateRequest.java:validateAndUpdateCache(196)) - created volume:volume17536 for user:user84223
2023-09-07 04:49:59,931 [Time-limited test] INFO  rpc.RpcClient (RpcClient.java:createBucket(688)) - Creating Bucket: volume17536/bucket42006, with bucket layout LEGACY, runner as owner, Versioning false, Storage Type set to DISK and Encryption set to false, Replication Type set to server-side default replication type, Namespace Quota set to -1, Space Quota set to -1 
2023-09-07 04:49:59,934 [OM StateMachine ApplyTransaction Thread - 0] INFO  bucket.OMBucketCreateRequest (OMBucketCreateRequest.java:validateAndUpdateCache(270)) - created bucket: bucket42006 of layout LEGACY in volume: volume17536
2023-09-07 04:50:00,056 [IPC Server handler 13 on default port 15001] INFO  algorithms.SCMContainerPlacementRackScatter (SCMContainerPlacementRackScatter.java:chooseDatanodesInternal(362)) - Chosen nodes: [0eb6895c-dd30-4da0-bb92-00e2e7e9df9f(fv-az163-854.ksqkok1cighebdh5ckq0wc3qdf.dx.internal.cloudapp.net/10.1.0.9), 9a8052bd-f999-4b9a-a28f-6b7dccc3d848(fv-az163-854.ksqkok1cighebdh5ckq0wc3qdf.dx.internal.cloudapp.net/10.1.0.9), b1275f2d-39ad-471b-b40b-6b5e810ed750(fv-az163-854.ksqkok1cighebdh5ckq0wc3qdf.dx.internal.cloudapp.net/10.1.0.9), 8c6092c3-8da2-4ae2-b503-635dac77af5e(fv-az163-854.ksqkok1cighebdh5ckq0wc3qdf.dx.internal.cloudapp.net/10.1.0.9), 9de77b90-302e-4d3a-8e07-68c62a7150b7(fv-az163-854.ksqkok1cighebdh5ckq0wc3qdf.dx.internal.cloudapp.net/10.1.0.9)]. isPolicySatisfied: true.
2023-09-07 04:50:00,062 [IPC Server handler 13 on default port 15001] INFO  pipeline.WritableECContainerProvider (WritableECContainerProvider.java:allocateContainer(211)) - Created and opened new pipeline Pipeline[ Id: be609fd6-d1f0-4884-9ebe-2f7f59a46d34, Nodes: 0eb6895c-dd30-4da0-bb92-00e2e7e9df9f(fv-az163-854.ksqkok1cighebdh5ckq0wc3qdf.dx.internal.cloudapp.net/10.1.0.9)9a8052bd-f999-4b9a-a28f-6b7dccc3d848(fv-az163-854.ksqkok1cighebdh5ckq0wc3qdf.dx.internal.cloudapp.net/10.1.0.9)b1275f2d-39ad-471b-b40b-6b5e810ed750(fv-az163-854.ksqkok1cighebdh5ckq0wc3qdf.dx.internal.cloudapp.net/10.1.0.9)8c6092c3-8da2-4ae2-b503-635dac77af5e(fv-az163-854.ksqkok1cighebdh5ckq0wc3qdf.dx.internal.cloudapp.net/10.1.0.9)9de77b90-302e-4d3a-8e07-68c62a7150b7(fv-az163-854.ksqkok1cighebdh5ckq0wc3qdf.dx.internal.cloudapp.net/10.1.0.9), ReplicationConfig: EC{rs-3-2-1024k}, State:ALLOCATED, leaderId:, CreationTimestamp2023-09-07T04:50:00.057Z[Etc/UTC]]
2023-09-07 04:50:00,160 [Time-limited test] WARN  erasurecode.ErasureCodeNative (ErasureCodeNative.java:<clinit>(55)) - ISA-L support is not available in your platform... using builtin-java codec where applicable
2023-09-07 04:50:00,295 [IPC Server handler 16 on default port 15001] INFO  algorithms.SCMContainerPlacementRackScatter (SCMContainerPlacementRackScatter.java:chooseDatanodesInternal(362)) - Chosen nodes: [9a8052bd-f999-4b9a-a28f-6b7dccc3d848(fv-az163-854.ksqkok1cighebdh5ckq0wc3qdf.dx.internal.cloudapp.net/10.1.0.9), 9de77b90-302e-4d3a-8e07-68c62a7150b7(fv-az163-854.ksqkok1cighebdh5ckq0wc3qdf.dx.internal.cloudapp.net/10.1.0.9), 8c6092c3-8da2-4ae2-b503-635dac77af5e(fv-az163-854.ksqkok1cighebdh5ckq0wc3qdf.dx.internal.cloudapp.net/10.1.0.9), 0eb6895c-dd30-4da0-bb92-00e2e7e9df9f(fv-az163-854.ksqkok1cighebdh5ckq0wc3qdf.dx.internal.cloudapp.net/10.1.0.9), b1275f2d-39ad-471b-b40b-6b5e810ed750(fv-az163-854.ksqkok1cighebdh5ckq0wc3qdf.dx.internal.cloudapp.net/10.1.0.9)]. isPolicySatisfied: true.
2023-09-07 04:50:00,297 [IPC Server handler 16 on default port 15001] INFO  pipeline.WritableECContainerProvider (WritableECContainerProvider.java:allocateContainer(211)) - Created and opened new pipeline Pipeline[ Id: 56fd543d-1f11-4738-b45d-91514ccf5fd5, Nodes: 9a8052bd-f999-4b9a-a28f-6b7dccc3d848(fv-az163-854.ksqkok1cighebdh5ckq0wc3qdf.dx.internal.cloudapp.net/10.1.0.9)9de77b90-302e-4d3a-8e07-68c62a7150b7(fv-az163-854.ksqkok1cighebdh5ckq0wc3qdf.dx.internal.cloudapp.net/10.1.0.9)8c6092c3-8da2-4ae2-b503-635dac77af5e(fv-az163-854.ksqkok1cighebdh5ckq0wc3qdf.dx.internal.cloudapp.net/10.1.0.9)0eb6895c-dd30-4da0-bb92-00e2e7e9df9f(fv-az163-854.ksqkok1cighebdh5ckq0wc3qdf.dx.internal.cloudapp.net/10.1.0.9)b1275f2d-39ad-471b-b40b-6b5e810ed750(fv-az163-854.ksqkok1cighebdh5ckq0wc3qdf.dx.internal.cloudapp.net/10.1.0.9), ReplicationConfig: EC{rs-3-2-1024k}, State:ALLOCATED, leaderId:, CreationTimestamp2023-09-07T04:50:00.295Z[Etc/UTC]]
]]></system-out>
  </testcase>
  <testcase name="testCreateKeyShouldUseRefreshedBucketReplicationConfig" classname="TestOzoneFileSystem" time="0.359">
    <system-out><![CDATA[2023-09-07 04:51:30,005 [Time-limited test] INFO  rpc.RpcClient (RpcClient.java:createVolume(461)) - Creating Volume: volume91087, with user74043 as owner and space quota set to -1 bytes, counts quota set to -1
2023-09-07 04:51:30,020 [IPC Server handler 10 on default port 15057] INFO  volume.OMVolumeCreateRequest (OMVolumeCreateRequest.java:validateAndUpdateCache(196)) - created volume:volume91087 for user:user74043
2023-09-07 04:51:30,024 [Time-limited test] INFO  rpc.RpcClient (RpcClient.java:createBucket(688)) - Creating Bucket: volume91087/bucket14616, with bucket layout LEGACY, runner as owner, Versioning false, Storage Type set to DISK and Encryption set to false, Replication Type set to server-side default replication type, Namespace Quota set to -1, Space Quota set to -1 
2023-09-07 04:51:30,025 [IPC Server handler 4 on default port 15057] INFO  bucket.OMBucketCreateRequest (OMBucketCreateRequest.java:validateAndUpdateCache(270)) - created bucket: bucket14616 of layout LEGACY in volume: volume91087
2023-09-07 04:51:30,207 [IPC Server handler 15 on default port 15054] INFO  algorithms.SCMContainerPlacementRackScatter (SCMContainerPlacementRackScatter.java:chooseDatanodesInternal(362)) - Chosen nodes: [9f849854-0b93-4d35-a4d9-b273905b7e1f(fv-az163-854.ksqkok1cighebdh5ckq0wc3qdf.dx.internal.cloudapp.net/10.1.0.9), 749eea05-78f7-4cc7-a6e4-2ed9a747c6c9(fv-az163-854.ksqkok1cighebdh5ckq0wc3qdf.dx.internal.cloudapp.net/10.1.0.9), c689351a-c011-4280-903e-e1929abe1491(fv-az163-854.ksqkok1cighebdh5ckq0wc3qdf.dx.internal.cloudapp.net/10.1.0.9), 8fe090c8-98a3-4c2e-b58d-35f0bbae16bb(fv-az163-854.ksqkok1cighebdh5ckq0wc3qdf.dx.internal.cloudapp.net/10.1.0.9), ae2613ee-de6d-4587-a078-710b5812316a(fv-az163-854.ksqkok1cighebdh5ckq0wc3qdf.dx.internal.cloudapp.net/10.1.0.9)]. isPolicySatisfied: true.
2023-09-07 04:51:30,209 [IPC Server handler 15 on default port 15054] INFO  pipeline.WritableECContainerProvider (WritableECContainerProvider.java:allocateContainer(211)) - Created and opened new pipeline Pipeline[ Id: 4b849bd7-df74-48d0-993b-3438e8491edd, Nodes: 9f849854-0b93-4d35-a4d9-b273905b7e1f(fv-az163-854.ksqkok1cighebdh5ckq0wc3qdf.dx.internal.cloudapp.net/10.1.0.9)749eea05-78f7-4cc7-a6e4-2ed9a747c6c9(fv-az163-854.ksqkok1cighebdh5ckq0wc3qdf.dx.internal.cloudapp.net/10.1.0.9)c689351a-c011-4280-903e-e1929abe1491(fv-az163-854.ksqkok1cighebdh5ckq0wc3qdf.dx.internal.cloudapp.net/10.1.0.9)8fe090c8-98a3-4c2e-b58d-35f0bbae16bb(fv-az163-854.ksqkok1cighebdh5ckq0wc3qdf.dx.internal.cloudapp.net/10.1.0.9)ae2613ee-de6d-4587-a078-710b5812316a(fv-az163-854.ksqkok1cighebdh5ckq0wc3qdf.dx.internal.cloudapp.net/10.1.0.9), ReplicationConfig: EC{rs-3-2-1024k}, State:ALLOCATED, leaderId:, CreationTimestamp2023-09-07T04:51:30.207Z[Etc/UTC]]
2023-09-07 04:51:30,277 [IPC Server handler 13 on default port 15054] INFO  algorithms.SCMContainerPlacementRackScatter (SCMContainerPlacementRackScatter.java:chooseDatanodesInternal(362)) - Chosen nodes: [ae2613ee-de6d-4587-a078-710b5812316a(fv-az163-854.ksqkok1cighebdh5ckq0wc3qdf.dx.internal.cloudapp.net/10.1.0.9), 749eea05-78f7-4cc7-a6e4-2ed9a747c6c9(fv-az163-854.ksqkok1cighebdh5ckq0wc3qdf.dx.internal.cloudapp.net/10.1.0.9), c689351a-c011-4280-903e-e1929abe1491(fv-az163-854.ksqkok1cighebdh5ckq0wc3qdf.dx.internal.cloudapp.net/10.1.0.9), 8fe090c8-98a3-4c2e-b58d-35f0bbae16bb(fv-az163-854.ksqkok1cighebdh5ckq0wc3qdf.dx.internal.cloudapp.net/10.1.0.9), 9f849854-0b93-4d35-a4d9-b273905b7e1f(fv-az163-854.ksqkok1cighebdh5ckq0wc3qdf.dx.internal.cloudapp.net/10.1.0.9)]. isPolicySatisfied: true.
2023-09-07 04:51:30,279 [IPC Server handler 13 on default port 15054] INFO  pipeline.WritableECContainerProvider (WritableECContainerProvider.java:allocateContainer(211)) - Created and opened new pipeline Pipeline[ Id: f6baf30a-4f67-40f2-9d9c-cda7c53d7b38, Nodes: ae2613ee-de6d-4587-a078-710b5812316a(fv-az163-854.ksqkok1cighebdh5ckq0wc3qdf.dx.internal.cloudapp.net/10.1.0.9)749eea05-78f7-4cc7-a6e4-2ed9a747c6c9(fv-az163-854.ksqkok1cighebdh5ckq0wc3qdf.dx.internal.cloudapp.net/10.1.0.9)c689351a-c011-4280-903e-e1929abe1491(fv-az163-854.ksqkok1cighebdh5ckq0wc3qdf.dx.internal.cloudapp.net/10.1.0.9)8fe090c8-98a3-4c2e-b58d-35f0bbae16bb(fv-az163-854.ksqkok1cighebdh5ckq0wc3qdf.dx.internal.cloudapp.net/10.1.0.9)9f849854-0b93-4d35-a4d9-b273905b7e1f(fv-az163-854.ksqkok1cighebdh5ckq0wc3qdf.dx.internal.cloudapp.net/10.1.0.9), ReplicationConfig: EC{rs-3-2-1024k}, State:ALLOCATED, leaderId:, CreationTimestamp2023-09-07T04:51:30.277Z[Etc/UTC]]
]]></system-out>
  </testcase>
  <testcase name="testCreateKeyShouldUseRefreshedBucketReplicationConfig" classname="TestOzoneFileSystem" time="0.168">
    <system-out><![CDATA[2023-09-07 04:53:07,134 [Time-limited test] INFO  rpc.RpcClient (RpcClient.java:createVolume(461)) - Creating Volume: volume28688, with user37920 as owner and space quota set to -1 bytes, counts quota set to -1
2023-09-07 04:53:07,142 [OM StateMachine ApplyTransaction Thread - 0] INFO  volume.OMVolumeCreateRequest (OMVolumeCreateRequest.java:validateAndUpdateCache(196)) - created volume:volume28688 for user:user37920
2023-09-07 04:53:07,145 [Time-limited test] INFO  rpc.RpcClient (RpcClient.java:createBucket(688)) - Creating Bucket: volume28688/bucket56528, with bucket layout LEGACY, runner as owner, Versioning false, Storage Type set to DISK and Encryption set to false, Replication Type set to server-side default replication type, Namespace Quota set to -1, Space Quota set to -1 
2023-09-07 04:53:07,151 [OM StateMachine ApplyTransaction Thread - 0] INFO  bucket.OMBucketCreateRequest (OMBucketCreateRequest.java:validateAndUpdateCache(270)) - created bucket: bucket56528 of layout LEGACY in volume: volume28688
2023-09-07 04:53:07,203 [IPC Server handler 12 on default port 15107] INFO  algorithms.SCMContainerPlacementRackScatter (SCMContainerPlacementRackScatter.java:chooseDatanodesInternal(362)) - Chosen nodes: [9c9ba13f-6dd0-460e-ac54-999c1aa3e7ed(fv-az163-854.ksqkok1cighebdh5ckq0wc3qdf.dx.internal.cloudapp.net/10.1.0.9), 7d658909-36a6-44f1-ac1a-09761b608691(fv-az163-854.ksqkok1cighebdh5ckq0wc3qdf.dx.internal.cloudapp.net/10.1.0.9), cbeb8a2c-f8e2-4c14-b4f8-5d428d71e083(fv-az163-854.ksqkok1cighebdh5ckq0wc3qdf.dx.internal.cloudapp.net/10.1.0.9), 1ddc0cd2-9f64-4abc-9646-a27e7b7d0879(fv-az163-854.ksqkok1cighebdh5ckq0wc3qdf.dx.internal.cloudapp.net/10.1.0.9), eee81e81-0890-44e6-b9d4-b60ee3bd7f3c(fv-az163-854.ksqkok1cighebdh5ckq0wc3qdf.dx.internal.cloudapp.net/10.1.0.9)]. isPolicySatisfied: true.
2023-09-07 04:53:07,204 [IPC Server handler 12 on default port 15107] INFO  pipeline.WritableECContainerProvider (WritableECContainerProvider.java:allocateContainer(211)) - Created and opened new pipeline Pipeline[ Id: 32bd06be-8c25-4e7a-bdb2-9083ce2f3a56, Nodes: 9c9ba13f-6dd0-460e-ac54-999c1aa3e7ed(fv-az163-854.ksqkok1cighebdh5ckq0wc3qdf.dx.internal.cloudapp.net/10.1.0.9)7d658909-36a6-44f1-ac1a-09761b608691(fv-az163-854.ksqkok1cighebdh5ckq0wc3qdf.dx.internal.cloudapp.net/10.1.0.9)cbeb8a2c-f8e2-4c14-b4f8-5d428d71e083(fv-az163-854.ksqkok1cighebdh5ckq0wc3qdf.dx.internal.cloudapp.net/10.1.0.9)1ddc0cd2-9f64-4abc-9646-a27e7b7d0879(fv-az163-854.ksqkok1cighebdh5ckq0wc3qdf.dx.internal.cloudapp.net/10.1.0.9)eee81e81-0890-44e6-b9d4-b60ee3bd7f3c(fv-az163-854.ksqkok1cighebdh5ckq0wc3qdf.dx.internal.cloudapp.net/10.1.0.9), ReplicationConfig: EC{rs-3-2-1024k}, State:ALLOCATED, leaderId:, CreationTimestamp2023-09-07T04:53:07.203Z[Etc/UTC]]
2023-09-07 04:53:07,239 [IPC Server handler 18 on default port 15107] INFO  algorithms.SCMContainerPlacementRackScatter (SCMContainerPlacementRackScatter.java:chooseDatanodesInternal(362)) - Chosen nodes: [1ddc0cd2-9f64-4abc-9646-a27e7b7d0879(fv-az163-854.ksqkok1cighebdh5ckq0wc3qdf.dx.internal.cloudapp.net/10.1.0.9), 7d658909-36a6-44f1-ac1a-09761b608691(fv-az163-854.ksqkok1cighebdh5ckq0wc3qdf.dx.internal.cloudapp.net/10.1.0.9), eee81e81-0890-44e6-b9d4-b60ee3bd7f3c(fv-az163-854.ksqkok1cighebdh5ckq0wc3qdf.dx.internal.cloudapp.net/10.1.0.9), cbeb8a2c-f8e2-4c14-b4f8-5d428d71e083(fv-az163-854.ksqkok1cighebdh5ckq0wc3qdf.dx.internal.cloudapp.net/10.1.0.9), 9c9ba13f-6dd0-460e-ac54-999c1aa3e7ed(fv-az163-854.ksqkok1cighebdh5ckq0wc3qdf.dx.internal.cloudapp.net/10.1.0.9)]. isPolicySatisfied: true.
2023-09-07 04:53:07,241 [IPC Server handler 18 on default port 15107] INFO  pipeline.WritableECContainerProvider (WritableECContainerProvider.java:allocateContainer(211)) - Created and opened new pipeline Pipeline[ Id: 4fe95126-f011-4d9f-a810-72943090ead3, Nodes: 1ddc0cd2-9f64-4abc-9646-a27e7b7d0879(fv-az163-854.ksqkok1cighebdh5ckq0wc3qdf.dx.internal.cloudapp.net/10.1.0.9)7d658909-36a6-44f1-ac1a-09761b608691(fv-az163-854.ksqkok1cighebdh5ckq0wc3qdf.dx.internal.cloudapp.net/10.1.0.9)eee81e81-0890-44e6-b9d4-b60ee3bd7f3c(fv-az163-854.ksqkok1cighebdh5ckq0wc3qdf.dx.internal.cloudapp.net/10.1.0.9)cbeb8a2c-f8e2-4c14-b4f8-5d428d71e083(fv-az163-854.ksqkok1cighebdh5ckq0wc3qdf.dx.internal.cloudapp.net/10.1.0.9)9c9ba13f-6dd0-460e-ac54-999c1aa3e7ed(fv-az163-854.ksqkok1cighebdh5ckq0wc3qdf.dx.internal.cloudapp.net/10.1.0.9), ReplicationConfig: EC{rs-3-2-1024k}, State:ALLOCATED, leaderId:, CreationTimestamp2023-09-07T04:53:07.239Z[Etc/UTC]]
]]></system-out>
  </testcase>
  <testcase name="testCreateKeyShouldUseRefreshedBucketReplicationConfig" classname="TestOzoneFileSystem" time="0.196">
    <system-out><![CDATA[2023-09-07 04:54:34,808 [Time-limited test] INFO  rpc.RpcClient (RpcClient.java:createVolume(461)) - Creating Volume: volume87769, with user59724 as owner and space quota set to -1 bytes, counts quota set to -1
2023-09-07 04:54:34,825 [IPC Server handler 1 on default port 15163] INFO  volume.OMVolumeCreateRequest (OMVolumeCreateRequest.java:validateAndUpdateCache(196)) - created volume:volume87769 for user:user59724
2023-09-07 04:54:34,827 [Time-limited test] INFO  rpc.RpcClient (RpcClient.java:createBucket(688)) - Creating Bucket: volume87769/bucket35813, with bucket layout LEGACY, runner as owner, Versioning false, Storage Type set to DISK and Encryption set to false, Replication Type set to server-side default replication type, Namespace Quota set to -1, Space Quota set to -1 
2023-09-07 04:54:34,828 [IPC Server handler 2 on default port 15163] INFO  bucket.OMBucketCreateRequest (OMBucketCreateRequest.java:validateAndUpdateCache(270)) - created bucket: bucket35813 of layout LEGACY in volume: volume87769
2023-09-07 04:54:34,876 [IPC Server handler 0 on default port 15160] INFO  algorithms.SCMContainerPlacementRackScatter (SCMContainerPlacementRackScatter.java:chooseDatanodesInternal(362)) - Chosen nodes: [c2ff68ec-fb8c-48a5-8338-8b04228d05a1(fv-az163-854.ksqkok1cighebdh5ckq0wc3qdf.dx.internal.cloudapp.net/10.1.0.9), 5e8b1818-5304-4881-9e46-c74e35e46625(fv-az163-854.ksqkok1cighebdh5ckq0wc3qdf.dx.internal.cloudapp.net/10.1.0.9), 87043b48-aa73-4006-a4ab-d1e7624806a9(fv-az163-854.ksqkok1cighebdh5ckq0wc3qdf.dx.internal.cloudapp.net/10.1.0.9), 47d0d84e-4e3a-4d8b-8411-824294f25318(fv-az163-854.ksqkok1cighebdh5ckq0wc3qdf.dx.internal.cloudapp.net/10.1.0.9), 00eba518-ec47-4b38-9f64-79409ef1ea16(fv-az163-854.ksqkok1cighebdh5ckq0wc3qdf.dx.internal.cloudapp.net/10.1.0.9)]. isPolicySatisfied: true.
2023-09-07 04:54:34,880 [IPC Server handler 0 on default port 15160] INFO  pipeline.WritableECContainerProvider (WritableECContainerProvider.java:allocateContainer(211)) - Created and opened new pipeline Pipeline[ Id: 797ab59b-c8a8-4d3f-8021-0d968362ea54, Nodes: c2ff68ec-fb8c-48a5-8338-8b04228d05a1(fv-az163-854.ksqkok1cighebdh5ckq0wc3qdf.dx.internal.cloudapp.net/10.1.0.9)5e8b1818-5304-4881-9e46-c74e35e46625(fv-az163-854.ksqkok1cighebdh5ckq0wc3qdf.dx.internal.cloudapp.net/10.1.0.9)87043b48-aa73-4006-a4ab-d1e7624806a9(fv-az163-854.ksqkok1cighebdh5ckq0wc3qdf.dx.internal.cloudapp.net/10.1.0.9)47d0d84e-4e3a-4d8b-8411-824294f25318(fv-az163-854.ksqkok1cighebdh5ckq0wc3qdf.dx.internal.cloudapp.net/10.1.0.9)00eba518-ec47-4b38-9f64-79409ef1ea16(fv-az163-854.ksqkok1cighebdh5ckq0wc3qdf.dx.internal.cloudapp.net/10.1.0.9), ReplicationConfig: EC{rs-3-2-1024k}, State:ALLOCATED, leaderId:, CreationTimestamp2023-09-07T04:54:34.876Z[Etc/UTC]]
2023-09-07 04:54:34,926 [IPC Server handler 15 on default port 15160] INFO  algorithms.SCMContainerPlacementRackScatter (SCMContainerPlacementRackScatter.java:chooseDatanodesInternal(362)) - Chosen nodes: [c2ff68ec-fb8c-48a5-8338-8b04228d05a1(fv-az163-854.ksqkok1cighebdh5ckq0wc3qdf.dx.internal.cloudapp.net/10.1.0.9), 5e8b1818-5304-4881-9e46-c74e35e46625(fv-az163-854.ksqkok1cighebdh5ckq0wc3qdf.dx.internal.cloudapp.net/10.1.0.9), 47d0d84e-4e3a-4d8b-8411-824294f25318(fv-az163-854.ksqkok1cighebdh5ckq0wc3qdf.dx.internal.cloudapp.net/10.1.0.9), 00eba518-ec47-4b38-9f64-79409ef1ea16(fv-az163-854.ksqkok1cighebdh5ckq0wc3qdf.dx.internal.cloudapp.net/10.1.0.9), 87043b48-aa73-4006-a4ab-d1e7624806a9(fv-az163-854.ksqkok1cighebdh5ckq0wc3qdf.dx.internal.cloudapp.net/10.1.0.9)]. isPolicySatisfied: true.
2023-09-07 04:54:34,929 [IPC Server handler 15 on default port 15160] INFO  pipeline.WritableECContainerProvider (WritableECContainerProvider.java:allocateContainer(211)) - Created and opened new pipeline Pipeline[ Id: ef5e7e2a-b871-4d81-8231-fb0c73ba7887, Nodes: c2ff68ec-fb8c-48a5-8338-8b04228d05a1(fv-az163-854.ksqkok1cighebdh5ckq0wc3qdf.dx.internal.cloudapp.net/10.1.0.9)5e8b1818-5304-4881-9e46-c74e35e46625(fv-az163-854.ksqkok1cighebdh5ckq0wc3qdf.dx.internal.cloudapp.net/10.1.0.9)47d0d84e-4e3a-4d8b-8411-824294f25318(fv-az163-854.ksqkok1cighebdh5ckq0wc3qdf.dx.internal.cloudapp.net/10.1.0.9)00eba518-ec47-4b38-9f64-79409ef1ea16(fv-az163-854.ksqkok1cighebdh5ckq0wc3qdf.dx.internal.cloudapp.net/10.1.0.9)87043b48-aa73-4006-a4ab-d1e7624806a9(fv-az163-854.ksqkok1cighebdh5ckq0wc3qdf.dx.internal.cloudapp.net/10.1.0.9), ReplicationConfig: EC{rs-3-2-1024k}, State:ALLOCATED, leaderId:, CreationTimestamp2023-09-07T04:54:34.926Z[Etc/UTC]]
]]></system-out>
  </testcase>
  <testcase name="testListStatusIteratorOnRoot" classname="TestOzoneFileSystem" time="0.072"/>
  <testcase name="testListStatusIteratorOnRoot" classname="TestOzoneFileSystem" time="0.05"/>
  <testcase name="testListStatusIteratorOnRoot" classname="TestOzoneFileSystem" time="0.048"/>
  <testcase name="testListStatusIteratorOnRoot" classname="TestOzoneFileSystem" time="0.046"/>
  <testcase name="testRenameDirToFile" classname="TestOzoneFileSystem" time="0.048">
    <system-out><![CDATA[2023-09-07 04:50:00,458 [Time-limited test] WARN  ozone.BasicOzoneFileSystem (BasicOzoneFileSystem.java:rename(459)) - Failed to rename o3fs://bucket39570.volume25901/a/b/c to o3fs://bucket39570.volume25901/root/file1, file already exists!
]]></system-out>
  </testcase>
  <testcase name="testRenameDirToFile" classname="TestOzoneFileSystem" time="0.044">
    <system-out><![CDATA[2023-09-07 04:51:30,402 [Time-limited test] WARN  ozone.BasicOzoneFileSystem (BasicOzoneFileSystem.java:rename(459)) - Failed to rename o3fs://bucket46966.volume43692/a/b/c to o3fs://bucket46966.volume43692/root/file1, file already exists!
]]></system-out>
  </testcase>
  <testcase name="testRenameDirToFile" classname="TestOzoneFileSystem" time="0.047">
    <system-out><![CDATA[2023-09-07 04:53:07,354 [Time-limited test] WARN  ozone.BasicOzoneFileSystem (BasicOzoneFileSystem.java:rename(459)) - Failed to rename o3fs://bucket72820.volume87246/a/b/c to o3fs://bucket72820.volume87246/root/file1, file already exists!
]]></system-out>
  </testcase>
  <testcase name="testRenameDirToFile" classname="TestOzoneFileSystem" time="0.045">
    <system-out><![CDATA[2023-09-07 04:54:35,046 [Time-limited test] WARN  ozone.BasicOzoneFileSystem (BasicOzoneFileSystem.java:rename(459)) - Failed to rename o3fs://bucket53154.volume69932/a/b/c to o3fs://bucket53154.volume69932/root/file1, file already exists!
]]></system-out>
  </testcase>
  <testcase name="testRenameToNewSubDirShouldNotExist" classname="TestOzoneFileSystem" time="0.081">
    <failure type="java.lang.AssertionError"><![CDATA[java.lang.AssertionError: Delete root failed! expected:<0> but was:<1>
	at org.junit.Assert.fail(Assert.java:89)
	at org.junit.Assert.failNotEquals(Assert.java:835)
	at org.junit.Assert.assertEquals(Assert.java:647)
	at org.apache.hadoop.fs.ozone.TestOzoneFileSystem.deleteRootDir(TestOzoneFileSystem.java:810)
	at org.apache.hadoop.fs.ozone.TestOzoneFileSystem.cleanup(TestOzoneFileSystem.java:230)
	at sun.reflect.GeneratedMethodAccessor47.invoke(Unknown Source)
	at sun.reflect.DelegatingMethodAccessorImpl.invoke(DelegatingMethodAccessorImpl.java:43)
	at java.lang.reflect.Method.invoke(Method.java:498)
	at org.junit.runners.model.FrameworkMethod$1.runReflectiveCall(FrameworkMethod.java:59)
	at org.junit.internal.runners.model.ReflectiveCallable.run(ReflectiveCallable.java:12)
	at org.junit.runners.model.FrameworkMethod.invokeExplosively(FrameworkMethod.java:56)
	at org.junit.internal.runners.statements.RunAfters.invokeMethod(RunAfters.java:46)
	at org.junit.internal.runners.statements.RunAfters.evaluate(RunAfters.java:33)
	at org.junit.internal.runners.statements.FailOnTimeout$CallableStatement.call(FailOnTimeout.java:288)
	at org.junit.internal.runners.statements.FailOnTimeout$CallableStatement.call(FailOnTimeout.java:282)
	at java.util.concurrent.FutureTask.run(FutureTask.java:266)
	at java.lang.Thread.run(Thread.java:750)
]]></failure>
    <system-out><![CDATA[2023-09-07 04:50:00,505 [Time-limited test] WARN  ozone.BasicOzoneFileSystem (BasicOzoneFileSystem.java:rename(453)) - Failed to rename o3fs://bucket39570.volume25901/a to o3fs://bucket39570.volume25901/b/a, file already exists or not empty!
2023-09-07 04:50:00,531 [Time-limited test] WARN  ozone.BasicOzoneFileSystem (BasicOzoneFileSystem.java:rename(453)) - Failed to rename o3fs://bucket39570.volume25901/file1 to o3fs://bucket39570.volume25901/a/file1, file already exists or not empty!
2023-09-07 04:50:00,563 [Time-limited test] ERROR ozone.TestOzoneFileSystem (TestOzoneFileSystem.java:deleteRootDir(808)) - Unexpected file, should have been deleted: FileStatus{path=o3fs://bucket39570.volume25901/file1; isDirectory=false; length=0; replication=3; blocksize=4194304; modification_time=1694062200514; access_time=1694062200514; owner=runner; group=runner; permission=rw-rw-rw-; isSymlink=false; hasAcl=false; isEncrypted=false; isErasureCoded=false}
]]></system-out>
  </testcase>
  <testcase name="testRenameToNewSubDirShouldNotExist" classname="TestOzoneFileSystem" time="0.073">
    <system-out><![CDATA[2023-09-07 04:51:30,455 [Time-limited test] WARN  ozone.BasicOzoneFileSystem (BasicOzoneFileSystem.java:rename(453)) - Failed to rename o3fs://bucket46966.volume43692/a to o3fs://bucket46966.volume43692/b/a, file already exists or not empty!
2023-09-07 04:51:30,473 [Time-limited test] WARN  ozone.BasicOzoneFileSystem (BasicOzoneFileSystem.java:rename(453)) - Failed to rename o3fs://bucket46966.volume43692/file1 to o3fs://bucket46966.volume43692/a/file1, file already exists or not empty!
]]></system-out>
  </testcase>
  <testcase name="testRenameToNewSubDirShouldNotExist" classname="TestOzoneFileSystem" time="0.072">
    <system-out><![CDATA[2023-09-07 04:53:07,401 [Time-limited test] WARN  ozone.BasicOzoneFileSystem (BasicOzoneFileSystem.java:rename(453)) - Failed to rename o3fs://bucket72820.volume87246/a to o3fs://bucket72820.volume87246/b/a, file already exists or not empty!
2023-09-07 04:53:07,428 [Time-limited test] WARN  ozone.BasicOzoneFileSystem (BasicOzoneFileSystem.java:rename(453)) - Failed to rename o3fs://bucket72820.volume87246/file1 to o3fs://bucket72820.volume87246/a/file1, file already exists or not empty!
]]></system-out>
  </testcase>
  <testcase name="testRenameToNewSubDirShouldNotExist" classname="TestOzoneFileSystem" time="0.089">
    <system-out><![CDATA[2023-09-07 04:54:35,096 [Time-limited test] WARN  ozone.BasicOzoneFileSystem (BasicOzoneFileSystem.java:rename(453)) - Failed to rename o3fs://bucket53154.volume69932/a to o3fs://bucket53154.volume69932/b/a, file already exists or not empty!
2023-09-07 04:54:35,134 [Time-limited test] WARN  ozone.BasicOzoneFileSystem (BasicOzoneFileSystem.java:rename(453)) - Failed to rename o3fs://bucket53154.volume69932/file1 to o3fs://bucket53154.volume69932/a/file1, file already exists or not empty!
]]></system-out>
  </testcase>
  <testcase name="testListStatusOnLargeDirectoryForACLCheck" classname="TestOzoneFileSystem" time="5.825">
    <system-out><![CDATA[2023-09-07 04:50:02,895 [JvmPauseMonitor0] WARN  util.JvmPauseMonitor (JvmPauseMonitor.java:detectPause(124)) - JvmPauseMonitor-cf34871c-a3cd-4b6c-bcb6-169af604bff3: Detected pause in JVM or host machine approximately 0.181s with 0.178s GC time.
GC pool 'PS Scavenge' had collection(s): count=1 time=178ms
2023-09-07 04:50:02,896 [JvmPauseMonitor1] WARN  util.JvmPauseMonitor (JvmPauseMonitor.java:detectPause(124)) - JvmPauseMonitor-om1: Detected pause in JVM or host machine approximately 0.182s with 0.178s GC time.
GC pool 'PS Scavenge' had collection(s): count=1 time=178ms
2023-09-07 04:50:02,896 [JvmPauseMonitor2] WARN  util.JvmPauseMonitor (JvmPauseMonitor.java:detectPause(124)) - JvmPauseMonitor-8c6092c3-8da2-4ae2-b503-635dac77af5e: Detected pause in JVM or host machine approximately 0.186s with 0.178s GC time.
GC pool 'PS Scavenge' had collection(s): count=1 time=178ms
2023-09-07 04:50:02,896 [JvmPauseMonitor5] WARN  util.JvmPauseMonitor (JvmPauseMonitor.java:detectPause(124)) - JvmPauseMonitor-9a8052bd-f999-4b9a-a28f-6b7dccc3d848: Detected pause in JVM or host machine approximately 0.186s with 0.178s GC time.
GC pool 'PS Scavenge' had collection(s): count=1 time=178ms
2023-09-07 04:50:02,896 [JvmPauseMonitor6] WARN  util.JvmPauseMonitor (JvmPauseMonitor.java:detectPause(124)) - JvmPauseMonitor-9de77b90-302e-4d3a-8e07-68c62a7150b7: Detected pause in JVM or host machine approximately 0.187s with 0.178s GC time.
GC pool 'PS Scavenge' had collection(s): count=1 time=178ms
2023-09-07 04:50:02,896 [JvmPauseMonitor4] WARN  util.JvmPauseMonitor (JvmPauseMonitor.java:detectPause(124)) - JvmPauseMonitor-0eb6895c-dd30-4da0-bb92-00e2e7e9df9f: Detected pause in JVM or host machine approximately 0.187s with 0.178s GC time.
GC pool 'PS Scavenge' had collection(s): count=1 time=178ms
2023-09-07 04:50:02,896 [JvmPauseMonitor3] WARN  util.JvmPauseMonitor (JvmPauseMonitor.java:detectPause(124)) - JvmPauseMonitor-b1275f2d-39ad-471b-b40b-6b5e810ed750: Detected pause in JVM or host machine approximately 0.187s with 0.178s GC time.
GC pool 'PS Scavenge' had collection(s): count=1 time=178ms
2023-09-07 04:50:06,230 [om1-client-thread1] INFO  segmented.SegmentedRaftLogWorker (SegmentedRaftLogWorker.java:rollLogSegment(452)) - om1@group-C5BA1605619E-SegmentedRaftLogWorker: Rolling segment log-0_36872 to index:36872
2023-09-07 04:50:06,233 [om1@group-C5BA1605619E-SegmentedRaftLogWorker] INFO  segmented.SegmentedRaftLogWorker (SegmentedRaftLogWorker.java:execute(608)) - om1@group-C5BA1605619E-SegmentedRaftLogWorker: Rolled log segment from /home/runner/work/ozone/ozone/hadoop-ozone/integration-test/target/test-dir/MiniOzoneClusterImpl-34c981b6-280a-47ca-b885-362eca6d2b46/ozone-meta/ratis/bf265839-605b-3f16-9796-c5ba1605619e/current/log_inprogress_0 to /home/runner/work/ozone/ozone/hadoop-ozone/integration-test/target/test-dir/MiniOzoneClusterImpl-34c981b6-280a-47ca-b885-362eca6d2b46/ozone-meta/ratis/bf265839-605b-3f16-9796-c5ba1605619e/current/log_0-36872
2023-09-07 04:50:06,248 [om1@group-C5BA1605619E-SegmentedRaftLogWorker] INFO  segmented.SegmentedRaftLogWorker (SegmentedRaftLogWorker.java:execute(651)) - om1@group-C5BA1605619E-SegmentedRaftLogWorker: created new log segment /home/runner/work/ozone/ozone/hadoop-ozone/integration-test/target/test-dir/MiniOzoneClusterImpl-34c981b6-280a-47ca-b885-362eca6d2b46/ozone-meta/ratis/bf265839-605b-3f16-9796-c5ba1605619e/current/log_inprogress_36873
]]></system-out>
  </testcase>
  <testcase name="testListStatusOnLargeDirectoryForACLCheck" classname="TestOzoneFileSystem" time="4.316"/>
  <testcase name="testListStatusOnLargeDirectoryForACLCheck" classname="TestOzoneFileSystem" time="4.641">
    <failure type="java.lang.AssertionError"><![CDATA[java.lang.AssertionError: Delete root failed! expected:<0> but was:<1>
	at org.junit.Assert.fail(Assert.java:89)
	at org.junit.Assert.failNotEquals(Assert.java:835)
	at org.junit.Assert.assertEquals(Assert.java:647)
	at org.apache.hadoop.fs.ozone.TestOzoneFileSystem.deleteRootDir(TestOzoneFileSystem.java:810)
	at org.apache.hadoop.fs.ozone.TestOzoneFileSystem.cleanup(TestOzoneFileSystem.java:230)
	at sun.reflect.GeneratedMethodAccessor47.invoke(Unknown Source)
	at sun.reflect.DelegatingMethodAccessorImpl.invoke(DelegatingMethodAccessorImpl.java:43)
	at java.lang.reflect.Method.invoke(Method.java:498)
	at org.junit.runners.model.FrameworkMethod$1.runReflectiveCall(FrameworkMethod.java:59)
	at org.junit.internal.runners.model.ReflectiveCallable.run(ReflectiveCallable.java:12)
	at org.junit.runners.model.FrameworkMethod.invokeExplosively(FrameworkMethod.java:56)
	at org.junit.internal.runners.statements.RunAfters.invokeMethod(RunAfters.java:46)
	at org.junit.internal.runners.statements.RunAfters.evaluate(RunAfters.java:33)
	at org.junit.internal.runners.statements.FailOnTimeout$CallableStatement.call(FailOnTimeout.java:288)
	at org.junit.internal.runners.statements.FailOnTimeout$CallableStatement.call(FailOnTimeout.java:282)
	at java.util.concurrent.FutureTask.run(FutureTask.java:266)
	at java.lang.Thread.run(Thread.java:750)
]]></failure>
    <system-out><![CDATA[2023-09-07 04:53:11,951 [om1-client-thread1] INFO  segmented.SegmentedRaftLogWorker (SegmentedRaftLogWorker.java:rollLogSegment(452)) - om1@group-C5BA1605619E-SegmentedRaftLogWorker: Rolling segment log-0_36847 to index:36847
2023-09-07 04:53:11,952 [om1@group-C5BA1605619E-SegmentedRaftLogWorker] INFO  segmented.SegmentedRaftLogWorker (SegmentedRaftLogWorker.java:execute(608)) - om1@group-C5BA1605619E-SegmentedRaftLogWorker: Rolled log segment from /home/runner/work/ozone/ozone/hadoop-ozone/integration-test/target/test-dir/MiniOzoneClusterImpl-a35962c9-a2fc-4df3-96cb-042236c47d51/ozone-meta/ratis/bf265839-605b-3f16-9796-c5ba1605619e/current/log_inprogress_0 to /home/runner/work/ozone/ozone/hadoop-ozone/integration-test/target/test-dir/MiniOzoneClusterImpl-a35962c9-a2fc-4df3-96cb-042236c47d51/ozone-meta/ratis/bf265839-605b-3f16-9796-c5ba1605619e/current/log_0-36847
2023-09-07 04:53:11,964 [om1@group-C5BA1605619E-SegmentedRaftLogWorker] INFO  segmented.SegmentedRaftLogWorker (SegmentedRaftLogWorker.java:execute(651)) - om1@group-C5BA1605619E-SegmentedRaftLogWorker: created new log segment /home/runner/work/ozone/ozone/hadoop-ozone/integration-test/target/test-dir/MiniOzoneClusterImpl-a35962c9-a2fc-4df3-96cb-042236c47d51/ozone-meta/ratis/bf265839-605b-3f16-9796-c5ba1605619e/current/log_inprogress_36848
2023-09-07 04:53:12,094 [Time-limited test] ERROR ozone.TestOzoneFileSystem (TestOzoneFileSystem.java:deleteRootDir(808)) - Unexpected file, should have been deleted: FileStatus{path=o3fs://bucket72820.volume87246/dir1; isDirectory=true; modification_time=1694062392091; access_time=1694062392091; owner=runner; group=runner; permission=rwxrwxrwx; isSymlink=false; hasAcl=false; isEncrypted=false; isErasureCoded=false}
]]></system-out>
  </testcase>
  <testcase name="testListStatusOnLargeDirectoryForACLCheck" classname="TestOzoneFileSystem" time="4.13"/>
  <testcase name="testRenameFileToDir" classname="TestOzoneFileSystem" time="0.066">
    <system-out><![CDATA[04:50:06.425 [IPC Server handler 12 on default port 15004] ERROR OMAudit - user=runner | ip=127.0.0.1 | op=LIST_STATUS {volume=volume25901, bucket=bucket39570, key=a/b/c/file1, dataSize=0, replicationConfig=null} | ret=FAILURE
org.apache.hadoop.ozone.om.exceptions.OMException: Unable to get file status: volume: volume25901 bucket: bucket39570 key: a/b/c/file1
	at org.apache.hadoop.ozone.om.KeyManagerImpl.getOzoneFileStatus(KeyManagerImpl.java:1195) ~[ozone-manager-1.4.0-SNAPSHOT.jar:?]
	at org.apache.hadoop.ozone.om.KeyManagerImpl.getFileStatus(KeyManagerImpl.java:1113) ~[ozone-manager-1.4.0-SNAPSHOT.jar:?]
	at org.apache.hadoop.ozone.om.KeyManagerImpl.listStatus(KeyManagerImpl.java:1505) ~[ozone-manager-1.4.0-SNAPSHOT.jar:?]
	at org.apache.hadoop.ozone.om.OmMetadataReader.listStatus(OmMetadataReader.java:235) ~[ozone-manager-1.4.0-SNAPSHOT.jar:?]
	at org.apache.hadoop.ozone.om.OzoneManager.listStatus(OzoneManager.java:3560) ~[ozone-manager-1.4.0-SNAPSHOT.jar:?]
	at org.apache.hadoop.ozone.protocolPB.OzoneManagerRequestHandler.listStatus(OzoneManagerRequestHandler.java:1143) ~[ozone-manager-1.4.0-SNAPSHOT.jar:?]
	at org.apache.hadoop.ozone.protocolPB.OzoneManagerRequestHandler.handleReadRequest(OzoneManagerRequestHandler.java:261) ~[ozone-manager-1.4.0-SNAPSHOT.jar:?]
	at org.apache.hadoop.ozone.protocolPB.OzoneManagerProtocolServerSideTranslatorPB.submitReadRequestToOM(OzoneManagerProtocolServerSideTranslatorPB.java:225) ~[ozone-manager-1.4.0-SNAPSHOT.jar:?]
	at org.apache.hadoop.ozone.protocolPB.OzoneManagerProtocolServerSideTranslatorPB.processRequest(OzoneManagerProtocolServerSideTranslatorPB.java:179) ~[ozone-manager-1.4.0-SNAPSHOT.jar:?]
	at org.apache.hadoop.hdds.server.OzoneProtocolMessageDispatcher.processRequest(OzoneProtocolMessageDispatcher.java:87) [hdds-server-framework-1.4.0-SNAPSHOT.jar:?]
	at org.apache.hadoop.ozone.protocolPB.OzoneManagerProtocolServerSideTranslatorPB.submitRequest(OzoneManagerProtocolServerSideTranslatorPB.java:148) [ozone-manager-1.4.0-SNAPSHOT.jar:?]
	at org.apache.hadoop.ozone.protocol.proto.OzoneManagerProtocolProtos$OzoneManagerService$2.callBlockingMethod(OzoneManagerProtocolProtos.java) [ozone-interface-client-1.4.0-SNAPSHOT.jar:?]
	at org.apache.hadoop.ipc.ProtobufRpcEngine$Server.processCall(ProtobufRpcEngine.java:484) [hadoop-common-3.3.6.jar:?]
	at org.apache.hadoop.ipc.ProtobufRpcEngine2$Server$ProtoBufRpcInvoker.call(ProtobufRpcEngine2.java:595) [hadoop-common-3.3.6.jar:?]
	at org.apache.hadoop.ipc.ProtobufRpcEngine2$Server$ProtoBufRpcInvoker.call(ProtobufRpcEngine2.java:573) [hadoop-common-3.3.6.jar:?]
	at org.apache.hadoop.ipc.RPC$Server.call(RPC.java:1227) [hadoop-common-3.3.6.jar:?]
	at org.apache.hadoop.ipc.Server$RpcCall.run(Server.java:1094) [hadoop-common-3.3.6.jar:?]
	at org.apache.hadoop.ipc.Server$RpcCall.run(Server.java:1017) [hadoop-common-3.3.6.jar:?]
	at java.security.AccessController.doPrivileged(Native Method) ~[?:1.8.0_382]
	at javax.security.auth.Subject.doAs(Subject.java:422) [?:1.8.0_382]
	at org.apache.hadoop.security.UserGroupInformation.doAs(UserGroupInformation.java:1899) [hadoop-common-3.3.6.jar:?]
	at org.apache.hadoop.ipc.Server$Handler.run(Server.java:3048) [hadoop-common-3.3.6.jar:?]
]]></system-out>
  </testcase>
  <testcase name="testRenameFileToDir" classname="TestOzoneFileSystem" time="0.058">
    <system-out><![CDATA[04:51:34.833 [IPC Server handler 16 on default port 15057] ERROR OMAudit - user=runner | ip=127.0.0.1 | op=LIST_STATUS {volume=volume43692, bucket=bucket46966, key=a/b/c/file1, dataSize=0, replicationConfig=null} | ret=FAILURE
org.apache.hadoop.ozone.om.exceptions.OMException: Unable to get file status: volume: volume43692 bucket: bucket46966 key: a/b/c/file1
	at org.apache.hadoop.ozone.om.KeyManagerImpl.getOzoneFileStatus(KeyManagerImpl.java:1195) ~[ozone-manager-1.4.0-SNAPSHOT.jar:?]
	at org.apache.hadoop.ozone.om.KeyManagerImpl.getFileStatus(KeyManagerImpl.java:1113) ~[ozone-manager-1.4.0-SNAPSHOT.jar:?]
	at org.apache.hadoop.ozone.om.KeyManagerImpl.listStatus(KeyManagerImpl.java:1505) ~[ozone-manager-1.4.0-SNAPSHOT.jar:?]
	at org.apache.hadoop.ozone.om.OmMetadataReader.listStatus(OmMetadataReader.java:235) ~[ozone-manager-1.4.0-SNAPSHOT.jar:?]
	at org.apache.hadoop.ozone.om.OzoneManager.listStatus(OzoneManager.java:3560) ~[ozone-manager-1.4.0-SNAPSHOT.jar:?]
	at org.apache.hadoop.ozone.protocolPB.OzoneManagerRequestHandler.listStatus(OzoneManagerRequestHandler.java:1143) ~[ozone-manager-1.4.0-SNAPSHOT.jar:?]
	at org.apache.hadoop.ozone.protocolPB.OzoneManagerRequestHandler.handleReadRequest(OzoneManagerRequestHandler.java:261) ~[ozone-manager-1.4.0-SNAPSHOT.jar:?]
	at org.apache.hadoop.ozone.protocolPB.OzoneManagerProtocolServerSideTranslatorPB.submitRequestDirectlyToOM(OzoneManagerProtocolServerSideTranslatorPB.java:274) ~[ozone-manager-1.4.0-SNAPSHOT.jar:?]
	at org.apache.hadoop.ozone.protocolPB.OzoneManagerProtocolServerSideTranslatorPB.processRequest(OzoneManagerProtocolServerSideTranslatorPB.java:175) ~[ozone-manager-1.4.0-SNAPSHOT.jar:?]
	at org.apache.hadoop.hdds.server.OzoneProtocolMessageDispatcher.processRequest(OzoneProtocolMessageDispatcher.java:87) [hdds-server-framework-1.4.0-SNAPSHOT.jar:?]
	at org.apache.hadoop.ozone.protocolPB.OzoneManagerProtocolServerSideTranslatorPB.submitRequest(OzoneManagerProtocolServerSideTranslatorPB.java:148) [ozone-manager-1.4.0-SNAPSHOT.jar:?]
	at org.apache.hadoop.ozone.protocol.proto.OzoneManagerProtocolProtos$OzoneManagerService$2.callBlockingMethod(OzoneManagerProtocolProtos.java) [ozone-interface-client-1.4.0-SNAPSHOT.jar:?]
	at org.apache.hadoop.ipc.ProtobufRpcEngine$Server.processCall(ProtobufRpcEngine.java:484) [hadoop-common-3.3.6.jar:?]
	at org.apache.hadoop.ipc.ProtobufRpcEngine2$Server$ProtoBufRpcInvoker.call(ProtobufRpcEngine2.java:595) [hadoop-common-3.3.6.jar:?]
	at org.apache.hadoop.ipc.ProtobufRpcEngine2$Server$ProtoBufRpcInvoker.call(ProtobufRpcEngine2.java:573) [hadoop-common-3.3.6.jar:?]
	at org.apache.hadoop.ipc.RPC$Server.call(RPC.java:1227) [hadoop-common-3.3.6.jar:?]
	at org.apache.hadoop.ipc.Server$RpcCall.run(Server.java:1094) [hadoop-common-3.3.6.jar:?]
	at org.apache.hadoop.ipc.Server$RpcCall.run(Server.java:1017) [hadoop-common-3.3.6.jar:?]
	at java.security.AccessController.doPrivileged(Native Method) ~[?:1.8.0_382]
	at javax.security.auth.Subject.doAs(Subject.java:422) [?:1.8.0_382]
	at org.apache.hadoop.security.UserGroupInformation.doAs(UserGroupInformation.java:1899) [hadoop-common-3.3.6.jar:?]
	at org.apache.hadoop.ipc.Server$Handler.run(Server.java:3048) [hadoop-common-3.3.6.jar:?]
]]></system-out>
  </testcase>
  <testcase name="testRenameFileToDir" classname="TestOzoneFileSystem" time="0.063">
    <system-out><![CDATA[04:53:12.116 [IPC Server handler 2 on default port 15110] ERROR OMAudit - user=runner | ip=127.0.0.1 | op=LIST_STATUS {volume=volume87246, bucket=bucket72820, key=a/b/c/file1, dataSize=0, replicationConfig=null} | ret=FAILURE
org.apache.hadoop.ozone.om.exceptions.OMException: Unable to get file status: volume: volume87246 bucket: bucket72820 key: a/b/c/file1
	at org.apache.hadoop.ozone.om.KeyManagerImpl.getOzoneFileStatus(KeyManagerImpl.java:1195) ~[ozone-manager-1.4.0-SNAPSHOT.jar:?]
	at org.apache.hadoop.ozone.om.KeyManagerImpl.getFileStatus(KeyManagerImpl.java:1113) ~[ozone-manager-1.4.0-SNAPSHOT.jar:?]
	at org.apache.hadoop.ozone.om.KeyManagerImpl.listStatus(KeyManagerImpl.java:1505) ~[ozone-manager-1.4.0-SNAPSHOT.jar:?]
	at org.apache.hadoop.ozone.om.OmMetadataReader.listStatus(OmMetadataReader.java:235) ~[ozone-manager-1.4.0-SNAPSHOT.jar:?]
	at org.apache.hadoop.ozone.om.OzoneManager.listStatus(OzoneManager.java:3560) ~[ozone-manager-1.4.0-SNAPSHOT.jar:?]
	at org.apache.hadoop.ozone.protocolPB.OzoneManagerRequestHandler.listStatus(OzoneManagerRequestHandler.java:1143) ~[ozone-manager-1.4.0-SNAPSHOT.jar:?]
	at org.apache.hadoop.ozone.protocolPB.OzoneManagerRequestHandler.handleReadRequest(OzoneManagerRequestHandler.java:261) ~[ozone-manager-1.4.0-SNAPSHOT.jar:?]
	at org.apache.hadoop.ozone.protocolPB.OzoneManagerProtocolServerSideTranslatorPB.submitReadRequestToOM(OzoneManagerProtocolServerSideTranslatorPB.java:225) ~[ozone-manager-1.4.0-SNAPSHOT.jar:?]
	at org.apache.hadoop.ozone.protocolPB.OzoneManagerProtocolServerSideTranslatorPB.processRequest(OzoneManagerProtocolServerSideTranslatorPB.java:179) ~[ozone-manager-1.4.0-SNAPSHOT.jar:?]
	at org.apache.hadoop.hdds.server.OzoneProtocolMessageDispatcher.processRequest(OzoneProtocolMessageDispatcher.java:87) [hdds-server-framework-1.4.0-SNAPSHOT.jar:?]
	at org.apache.hadoop.ozone.protocolPB.OzoneManagerProtocolServerSideTranslatorPB.submitRequest(OzoneManagerProtocolServerSideTranslatorPB.java:148) [ozone-manager-1.4.0-SNAPSHOT.jar:?]
	at org.apache.hadoop.ozone.protocol.proto.OzoneManagerProtocolProtos$OzoneManagerService$2.callBlockingMethod(OzoneManagerProtocolProtos.java) [ozone-interface-client-1.4.0-SNAPSHOT.jar:?]
	at org.apache.hadoop.ipc.ProtobufRpcEngine$Server.processCall(ProtobufRpcEngine.java:484) [hadoop-common-3.3.6.jar:?]
	at org.apache.hadoop.ipc.ProtobufRpcEngine2$Server$ProtoBufRpcInvoker.call(ProtobufRpcEngine2.java:595) [hadoop-common-3.3.6.jar:?]
	at org.apache.hadoop.ipc.ProtobufRpcEngine2$Server$ProtoBufRpcInvoker.call(ProtobufRpcEngine2.java:573) [hadoop-common-3.3.6.jar:?]
	at org.apache.hadoop.ipc.RPC$Server.call(RPC.java:1227) [hadoop-common-3.3.6.jar:?]
	at org.apache.hadoop.ipc.Server$RpcCall.run(Server.java:1094) [hadoop-common-3.3.6.jar:?]
	at org.apache.hadoop.ipc.Server$RpcCall.run(Server.java:1017) [hadoop-common-3.3.6.jar:?]
	at java.security.AccessController.doPrivileged(Native Method) ~[?:1.8.0_382]
	at javax.security.auth.Subject.doAs(Subject.java:422) [?:1.8.0_382]
	at org.apache.hadoop.security.UserGroupInformation.doAs(UserGroupInformation.java:1899) [hadoop-common-3.3.6.jar:?]
	at org.apache.hadoop.ipc.Server$Handler.run(Server.java:3048) [hadoop-common-3.3.6.jar:?]
]]></system-out>
  </testcase>
  <testcase name="testRenameFileToDir" classname="TestOzoneFileSystem" time="0.067">
    <system-out><![CDATA[04:54:39.310 [IPC Server handler 3 on default port 15163] ERROR OMAudit - user=runner | ip=127.0.0.1 | op=LIST_STATUS {volume=volume69932, bucket=bucket53154, key=a/b/c/file1, dataSize=0, replicationConfig=null} | ret=FAILURE
org.apache.hadoop.ozone.om.exceptions.OMException: Unable to get file status: volume: volume69932 bucket: bucket53154 key: a/b/c/file1
	at org.apache.hadoop.ozone.om.KeyManagerImpl.getOzoneFileStatus(KeyManagerImpl.java:1195) ~[ozone-manager-1.4.0-SNAPSHOT.jar:?]
	at org.apache.hadoop.ozone.om.KeyManagerImpl.getFileStatus(KeyManagerImpl.java:1113) ~[ozone-manager-1.4.0-SNAPSHOT.jar:?]
	at org.apache.hadoop.ozone.om.KeyManagerImpl.listStatus(KeyManagerImpl.java:1505) ~[ozone-manager-1.4.0-SNAPSHOT.jar:?]
	at org.apache.hadoop.ozone.om.OmMetadataReader.listStatus(OmMetadataReader.java:235) ~[ozone-manager-1.4.0-SNAPSHOT.jar:?]
	at org.apache.hadoop.ozone.om.OzoneManager.listStatus(OzoneManager.java:3560) ~[ozone-manager-1.4.0-SNAPSHOT.jar:?]
	at org.apache.hadoop.ozone.protocolPB.OzoneManagerRequestHandler.listStatus(OzoneManagerRequestHandler.java:1143) ~[ozone-manager-1.4.0-SNAPSHOT.jar:?]
	at org.apache.hadoop.ozone.protocolPB.OzoneManagerRequestHandler.handleReadRequest(OzoneManagerRequestHandler.java:261) ~[ozone-manager-1.4.0-SNAPSHOT.jar:?]
	at org.apache.hadoop.ozone.protocolPB.OzoneManagerProtocolServerSideTranslatorPB.submitRequestDirectlyToOM(OzoneManagerProtocolServerSideTranslatorPB.java:274) ~[ozone-manager-1.4.0-SNAPSHOT.jar:?]
	at org.apache.hadoop.ozone.protocolPB.OzoneManagerProtocolServerSideTranslatorPB.processRequest(OzoneManagerProtocolServerSideTranslatorPB.java:175) ~[ozone-manager-1.4.0-SNAPSHOT.jar:?]
	at org.apache.hadoop.hdds.server.OzoneProtocolMessageDispatcher.processRequest(OzoneProtocolMessageDispatcher.java:87) [hdds-server-framework-1.4.0-SNAPSHOT.jar:?]
	at org.apache.hadoop.ozone.protocolPB.OzoneManagerProtocolServerSideTranslatorPB.submitRequest(OzoneManagerProtocolServerSideTranslatorPB.java:148) [ozone-manager-1.4.0-SNAPSHOT.jar:?]
	at org.apache.hadoop.ozone.protocol.proto.OzoneManagerProtocolProtos$OzoneManagerService$2.callBlockingMethod(OzoneManagerProtocolProtos.java) [ozone-interface-client-1.4.0-SNAPSHOT.jar:?]
	at org.apache.hadoop.ipc.ProtobufRpcEngine$Server.processCall(ProtobufRpcEngine.java:484) [hadoop-common-3.3.6.jar:?]
	at org.apache.hadoop.ipc.ProtobufRpcEngine2$Server$ProtoBufRpcInvoker.call(ProtobufRpcEngine2.java:595) [hadoop-common-3.3.6.jar:?]
	at org.apache.hadoop.ipc.ProtobufRpcEngine2$Server$ProtoBufRpcInvoker.call(ProtobufRpcEngine2.java:573) [hadoop-common-3.3.6.jar:?]
	at org.apache.hadoop.ipc.RPC$Server.call(RPC.java:1227) [hadoop-common-3.3.6.jar:?]
	at org.apache.hadoop.ipc.Server$RpcCall.run(Server.java:1094) [hadoop-common-3.3.6.jar:?]
	at org.apache.hadoop.ipc.Server$RpcCall.run(Server.java:1017) [hadoop-common-3.3.6.jar:?]
	at java.security.AccessController.doPrivileged(Native Method) ~[?:1.8.0_382]
	at javax.security.auth.Subject.doAs(Subject.java:422) [?:1.8.0_382]
	at org.apache.hadoop.security.UserGroupInformation.doAs(UserGroupInformation.java:1899) [hadoop-common-3.3.6.jar:?]
	at org.apache.hadoop.ipc.Server$Handler.run(Server.java:3048) [hadoop-common-3.3.6.jar:?]
]]></system-out>
  </testcase>
  <testcase name="testListStatusWithIntermediateDirWithECEnabled" classname="TestOzoneFileSystem" time="0.055">
    <system-out><![CDATA[2023-09-07 04:50:06,470 [IPC Server handler 15 on default port 15001] INFO  algorithms.SCMContainerPlacementRackScatter (SCMContainerPlacementRackScatter.java:chooseDatanodesInternal(362)) - Chosen nodes: [b1275f2d-39ad-471b-b40b-6b5e810ed750(fv-az163-854.ksqkok1cighebdh5ckq0wc3qdf.dx.internal.cloudapp.net/10.1.0.9), 9a8052bd-f999-4b9a-a28f-6b7dccc3d848(fv-az163-854.ksqkok1cighebdh5ckq0wc3qdf.dx.internal.cloudapp.net/10.1.0.9), 0eb6895c-dd30-4da0-bb92-00e2e7e9df9f(fv-az163-854.ksqkok1cighebdh5ckq0wc3qdf.dx.internal.cloudapp.net/10.1.0.9), 8c6092c3-8da2-4ae2-b503-635dac77af5e(fv-az163-854.ksqkok1cighebdh5ckq0wc3qdf.dx.internal.cloudapp.net/10.1.0.9), 9de77b90-302e-4d3a-8e07-68c62a7150b7(fv-az163-854.ksqkok1cighebdh5ckq0wc3qdf.dx.internal.cloudapp.net/10.1.0.9)]. isPolicySatisfied: true.
2023-09-07 04:50:06,472 [IPC Server handler 15 on default port 15001] INFO  pipeline.WritableECContainerProvider (WritableECContainerProvider.java:allocateContainer(211)) - Created and opened new pipeline Pipeline[ Id: e7242d23-4bfe-4580-8724-1a365afbc818, Nodes: b1275f2d-39ad-471b-b40b-6b5e810ed750(fv-az163-854.ksqkok1cighebdh5ckq0wc3qdf.dx.internal.cloudapp.net/10.1.0.9)9a8052bd-f999-4b9a-a28f-6b7dccc3d848(fv-az163-854.ksqkok1cighebdh5ckq0wc3qdf.dx.internal.cloudapp.net/10.1.0.9)0eb6895c-dd30-4da0-bb92-00e2e7e9df9f(fv-az163-854.ksqkok1cighebdh5ckq0wc3qdf.dx.internal.cloudapp.net/10.1.0.9)8c6092c3-8da2-4ae2-b503-635dac77af5e(fv-az163-854.ksqkok1cighebdh5ckq0wc3qdf.dx.internal.cloudapp.net/10.1.0.9)9de77b90-302e-4d3a-8e07-68c62a7150b7(fv-az163-854.ksqkok1cighebdh5ckq0wc3qdf.dx.internal.cloudapp.net/10.1.0.9), ReplicationConfig: EC{rs-3-2-1024k}, State:ALLOCATED, leaderId:, CreationTimestamp2023-09-07T04:50:06.470Z[Etc/UTC]]
]]></system-out>
  </testcase>
  <testcase name="testListStatusWithIntermediateDirWithECEnabled" classname="TestOzoneFileSystem" time="0.044">
    <system-out><![CDATA[2023-09-07 04:51:34,883 [IPC Server handler 7 on default port 15054] INFO  algorithms.SCMContainerPlacementRackScatter (SCMContainerPlacementRackScatter.java:chooseDatanodesInternal(362)) - Chosen nodes: [ae2613ee-de6d-4587-a078-710b5812316a(fv-az163-854.ksqkok1cighebdh5ckq0wc3qdf.dx.internal.cloudapp.net/10.1.0.9), 8fe090c8-98a3-4c2e-b58d-35f0bbae16bb(fv-az163-854.ksqkok1cighebdh5ckq0wc3qdf.dx.internal.cloudapp.net/10.1.0.9), 9f849854-0b93-4d35-a4d9-b273905b7e1f(fv-az163-854.ksqkok1cighebdh5ckq0wc3qdf.dx.internal.cloudapp.net/10.1.0.9), 749eea05-78f7-4cc7-a6e4-2ed9a747c6c9(fv-az163-854.ksqkok1cighebdh5ckq0wc3qdf.dx.internal.cloudapp.net/10.1.0.9), c689351a-c011-4280-903e-e1929abe1491(fv-az163-854.ksqkok1cighebdh5ckq0wc3qdf.dx.internal.cloudapp.net/10.1.0.9)]. isPolicySatisfied: true.
2023-09-07 04:51:34,885 [IPC Server handler 7 on default port 15054] INFO  pipeline.WritableECContainerProvider (WritableECContainerProvider.java:allocateContainer(211)) - Created and opened new pipeline Pipeline[ Id: fe3da300-7840-4b25-8478-8257e1241464, Nodes: ae2613ee-de6d-4587-a078-710b5812316a(fv-az163-854.ksqkok1cighebdh5ckq0wc3qdf.dx.internal.cloudapp.net/10.1.0.9)8fe090c8-98a3-4c2e-b58d-35f0bbae16bb(fv-az163-854.ksqkok1cighebdh5ckq0wc3qdf.dx.internal.cloudapp.net/10.1.0.9)9f849854-0b93-4d35-a4d9-b273905b7e1f(fv-az163-854.ksqkok1cighebdh5ckq0wc3qdf.dx.internal.cloudapp.net/10.1.0.9)749eea05-78f7-4cc7-a6e4-2ed9a747c6c9(fv-az163-854.ksqkok1cighebdh5ckq0wc3qdf.dx.internal.cloudapp.net/10.1.0.9)c689351a-c011-4280-903e-e1929abe1491(fv-az163-854.ksqkok1cighebdh5ckq0wc3qdf.dx.internal.cloudapp.net/10.1.0.9), ReplicationConfig: EC{rs-3-2-1024k}, State:ALLOCATED, leaderId:, CreationTimestamp2023-09-07T04:51:34.883Z[Etc/UTC]]
]]></system-out>
  </testcase>
  <testcase name="testListStatusWithIntermediateDirWithECEnabled" classname="TestOzoneFileSystem" time="0.036">
    <system-out><![CDATA[2023-09-07 04:53:12,170 [IPC Server handler 5 on default port 15107] INFO  algorithms.SCMContainerPlacementRackScatter (SCMContainerPlacementRackScatter.java:chooseDatanodesInternal(362)) - Chosen nodes: [cbeb8a2c-f8e2-4c14-b4f8-5d428d71e083(fv-az163-854.ksqkok1cighebdh5ckq0wc3qdf.dx.internal.cloudapp.net/10.1.0.9), 7d658909-36a6-44f1-ac1a-09761b608691(fv-az163-854.ksqkok1cighebdh5ckq0wc3qdf.dx.internal.cloudapp.net/10.1.0.9), 9c9ba13f-6dd0-460e-ac54-999c1aa3e7ed(fv-az163-854.ksqkok1cighebdh5ckq0wc3qdf.dx.internal.cloudapp.net/10.1.0.9), 1ddc0cd2-9f64-4abc-9646-a27e7b7d0879(fv-az163-854.ksqkok1cighebdh5ckq0wc3qdf.dx.internal.cloudapp.net/10.1.0.9), eee81e81-0890-44e6-b9d4-b60ee3bd7f3c(fv-az163-854.ksqkok1cighebdh5ckq0wc3qdf.dx.internal.cloudapp.net/10.1.0.9)]. isPolicySatisfied: true.
2023-09-07 04:53:12,172 [IPC Server handler 5 on default port 15107] INFO  pipeline.WritableECContainerProvider (WritableECContainerProvider.java:allocateContainer(211)) - Created and opened new pipeline Pipeline[ Id: f16c1baf-e09c-4346-9caa-1fcf6000ead2, Nodes: cbeb8a2c-f8e2-4c14-b4f8-5d428d71e083(fv-az163-854.ksqkok1cighebdh5ckq0wc3qdf.dx.internal.cloudapp.net/10.1.0.9)7d658909-36a6-44f1-ac1a-09761b608691(fv-az163-854.ksqkok1cighebdh5ckq0wc3qdf.dx.internal.cloudapp.net/10.1.0.9)9c9ba13f-6dd0-460e-ac54-999c1aa3e7ed(fv-az163-854.ksqkok1cighebdh5ckq0wc3qdf.dx.internal.cloudapp.net/10.1.0.9)1ddc0cd2-9f64-4abc-9646-a27e7b7d0879(fv-az163-854.ksqkok1cighebdh5ckq0wc3qdf.dx.internal.cloudapp.net/10.1.0.9)eee81e81-0890-44e6-b9d4-b60ee3bd7f3c(fv-az163-854.ksqkok1cighebdh5ckq0wc3qdf.dx.internal.cloudapp.net/10.1.0.9), ReplicationConfig: EC{rs-3-2-1024k}, State:ALLOCATED, leaderId:, CreationTimestamp2023-09-07T04:53:12.170Z[Etc/UTC]]
]]></system-out>
  </testcase>
  <testcase name="testListStatusWithIntermediateDirWithECEnabled" classname="TestOzoneFileSystem" time="0.045">
    <system-out><![CDATA[2023-09-07 04:54:39,369 [IPC Server handler 9 on default port 15160] INFO  algorithms.SCMContainerPlacementRackScatter (SCMContainerPlacementRackScatter.java:chooseDatanodesInternal(362)) - Chosen nodes: [c2ff68ec-fb8c-48a5-8338-8b04228d05a1(fv-az163-854.ksqkok1cighebdh5ckq0wc3qdf.dx.internal.cloudapp.net/10.1.0.9), 5e8b1818-5304-4881-9e46-c74e35e46625(fv-az163-854.ksqkok1cighebdh5ckq0wc3qdf.dx.internal.cloudapp.net/10.1.0.9), 00eba518-ec47-4b38-9f64-79409ef1ea16(fv-az163-854.ksqkok1cighebdh5ckq0wc3qdf.dx.internal.cloudapp.net/10.1.0.9), 87043b48-aa73-4006-a4ab-d1e7624806a9(fv-az163-854.ksqkok1cighebdh5ckq0wc3qdf.dx.internal.cloudapp.net/10.1.0.9), 47d0d84e-4e3a-4d8b-8411-824294f25318(fv-az163-854.ksqkok1cighebdh5ckq0wc3qdf.dx.internal.cloudapp.net/10.1.0.9)]. isPolicySatisfied: true.
2023-09-07 04:54:39,370 [IPC Server handler 9 on default port 15160] INFO  pipeline.WritableECContainerProvider (WritableECContainerProvider.java:allocateContainer(211)) - Created and opened new pipeline Pipeline[ Id: 06222d8c-c468-49ea-b9c6-90e9bfda9b0e, Nodes: c2ff68ec-fb8c-48a5-8338-8b04228d05a1(fv-az163-854.ksqkok1cighebdh5ckq0wc3qdf.dx.internal.cloudapp.net/10.1.0.9)5e8b1818-5304-4881-9e46-c74e35e46625(fv-az163-854.ksqkok1cighebdh5ckq0wc3qdf.dx.internal.cloudapp.net/10.1.0.9)00eba518-ec47-4b38-9f64-79409ef1ea16(fv-az163-854.ksqkok1cighebdh5ckq0wc3qdf.dx.internal.cloudapp.net/10.1.0.9)87043b48-aa73-4006-a4ab-d1e7624806a9(fv-az163-854.ksqkok1cighebdh5ckq0wc3qdf.dx.internal.cloudapp.net/10.1.0.9)47d0d84e-4e3a-4d8b-8411-824294f25318(fv-az163-854.ksqkok1cighebdh5ckq0wc3qdf.dx.internal.cloudapp.net/10.1.0.9), ReplicationConfig: EC{rs-3-2-1024k}, State:ALLOCATED, leaderId:, CreationTimestamp2023-09-07T04:54:39.369Z[Etc/UTC]]
]]></system-out>
  </testcase>
  <testcase name="testMakeDirsWithAnExistingDirectoryPath" classname="TestOzoneFileSystem" time="0.035"/>
  <testcase name="testMakeDirsWithAnExistingDirectoryPath" classname="TestOzoneFileSystem" time="0.033"/>
  <testcase name="testMakeDirsWithAnExistingDirectoryPath" classname="TestOzoneFileSystem" time="0.029"/>
  <testcase name="testMakeDirsWithAnExistingDirectoryPath" classname="TestOzoneFileSystem" time="0.033"/>
  <testcase name="testSetTimes" classname="TestOzoneFileSystem" time="0.177"/>
  <testcase name="testSetTimes" classname="TestOzoneFileSystem" time="0.16"/>
  <testcase name="testSetTimes" classname="TestOzoneFileSystem" time="0.184"/>
  <testcase name="testSetTimes" classname="TestOzoneFileSystem" time="0.307"/>
</testsuite>