<?xml version="1.0" encoding="UTF-8"?>
<testsuite xmlns:xsi="http://www.w3.org/2001/XMLSchema-instance" xsi:noNamespaceSchemaLocation="https://maven.apache.org/surefire/maven-surefire-plugin/xsd/surefire-test-report-3.0.xsd" version="3.0" name="org.apache.hadoop.hdds.scm.pipeline.TestRatisPipelineCreateAndDestroy" time="162.996" tests="3" errors="1" skipped="0" failures="0">
  <properties>
    <property name="awt.toolkit" value="sun.awt.X11.XToolkit"/>
    <property name="file.encoding.pkg" value="sun.io"/>
    <property name="java.specification.version" value="1.8"/>
    <property name="sun.cpu.isalist" value=""/>
    <property name="sun.jnu.encoding" value="UTF-8"/>
    <property name="java.class.path" value="/home/runner/work/ozone/ozone/hadoop-ozone/integration-test/target/test-classes:/home/runner/work/ozone/ozone/hadoop-ozone/integration-test/target/classes:/home/runner/.m2/repository/org/apache/ozone/ozone-common/1.3.0-SNAPSHOT/ozone-common-1.3.0-SNAPSHOT.jar:/home/runner/.m2/repository/io/grpc/grpc-netty/1.48.1/grpc-netty-1.48.1.jar:/home/runner/.m2/repository/io/grpc/grpc-core/1.48.1/grpc-core-1.48.1.jar:/home/runner/.m2/repository/com/google/android/annotations/4.1.1.4/annotations-4.1.1.4.jar:/home/runner/.m2/repository/org/codehaus/mojo/animal-sniffer-annotations/1.21/animal-sniffer-annotations-1.21.jar:/home/runner/.m2/repository/com/google/errorprone/error_prone_annotations/2.2.0/error_prone_annotations-2.2.0.jar:/home/runner/.m2/repository/io/perfmark/perfmark-api/0.25.0/perfmark-api-0.25.0.jar:/home/runner/.m2/repository/io/netty/netty-codec-http2/4.1.79.Final/netty-codec-http2-4.1.79.Final.jar:/home/runner/.m2/repository/io/netty/netty-common/4.1.79.Final/netty-common-4.1.79.Final.jar:/home/runner/.m2/repository/io/netty/netty-buffer/4.1.79.Final/netty-buffer-4.1.79.Final.jar:/home/runner/.m2/repository/io/netty/netty-codec-http/4.1.79.Final/netty-codec-http-4.1.79.Final.jar:/home/runner/.m2/repository/io/netty/netty-handler-proxy/4.1.79.Final/netty-handler-proxy-4.1.79.Final.jar:/home/runner/.m2/repository/io/netty/netty-codec-socks/4.1.79.Final/netty-codec-socks-4.1.79.Final.jar:/home/runner/.m2/repository/io/netty/netty-tcnative-boringssl-static/2.0.53.Final/netty-tcnative-boringssl-static-2.0.53.Final.jar:/home/runner/.m2/repository/io/netty/netty-tcnative-classes/2.0.53.Final/netty-tcnative-classes-2.0.53.Final.jar:/home/runner/.m2/repository/io/netty/netty-tcnative-boringssl-static/2.0.53.Final/netty-tcnative-boringssl-static-2.0.53.Final-linux-x86_64.jar:/home/runner/.m2/repository/io/netty/netty-tcnative-boringssl-static/2.0.53.Final/netty-tcnative-boringssl-static-2.0.53.Final-linux-aarch_64.jar:/home/runner/.m2/repository/io/netty/netty-tcnative-boringssl-static/2.0.53.Final/netty-tcnative-boringssl-static-2.0.53.Final-osx-x86_64.jar:/home/runner/.m2/repository/io/netty/netty-tcnative-boringssl-static/2.0.53.Final/netty-tcnative-boringssl-static-2.0.53.Final-osx-aarch_64.jar:/home/runner/.m2/repository/io/netty/netty-tcnative-boringssl-static/2.0.53.Final/netty-tcnative-boringssl-static-2.0.53.Final-windows-x86_64.jar:/home/runner/.m2/repository/org/apache/commons/commons-compress/1.21/commons-compress-1.21.jar:/home/runner/.m2/repository/org/apache/ozone/hdds-common/1.3.0-SNAPSHOT/hdds-common-1.3.0-SNAPSHOT.jar:/home/runner/.m2/repository/org/apache/ozone/hdds-client/1.3.0-SNAPSHOT/hdds-client-1.3.0-SNAPSHOT.jar:/home/runner/.m2/repository/org/apache/ozone/ozone-interface-client/1.3.0-SNAPSHOT/ozone-interface-client-1.3.0-SNAPSHOT.jar:/home/runner/.m2/repository/org/apache/ozone/hdds-test-utils/1.3.0-SNAPSHOT/hdds-test-utils-1.3.0-SNAPSHOT.jar:/home/runner/.m2/repository/com/google/guava/guava/31.1-jre/guava-31.1-jre.jar:/home/runner/.m2/repository/com/google/guava/failureaccess/1.0.1/failureaccess-1.0.1.jar:/home/runner/.m2/repository/com/google/guava/listenablefuture/9999.0-empty-to-avoid-conflict-with-guava/listenablefuture-9999.0-empty-to-avoid-conflict-with-guava.jar:/home/runner/.m2/repository/com/google/code/findbugs/jsr305/3.0.0/jsr305-3.0.0.jar:/home/runner/.m2/repository/org/checkerframework/checker-qual/3.12.0/checker-qual-3.12.0.jar:/home/runner/.m2/repository/com/google/j2objc/j2objc-annotations/1.3/j2objc-annotations-1.3.jar:/home/runner/.m2/repository/commons-io/commons-io/2.11.0/commons-io-2.11.0.jar:/home/runner/.m2/repository/commons-logging/commons-logging/1.2/commons-logging-1.2.jar:/home/runner/.m2/repository/ch/qos/reload4j/reload4j/1.2.22/reload4j-1.2.22.jar:/home/runner/.m2/repository/org/slf4j/slf4j-api/1.7.36/slf4j-api-1.7.36.jar:/home/runner/.m2/repository/org/apache/ozone/hdds-server-scm/1.3.0-SNAPSHOT/hdds-server-scm-1.3.0-SNAPSHOT.jar:/home/runner/.m2/repository/org/apache/ozone/hdds-container-service/1.3.0-SNAPSHOT/hdds-container-service-1.3.0-SNAPSHOT.jar:/home/runner/.m2/repository/org/apache/ozone/hdds-hadoop-dependency-server/1.3.0-SNAPSHOT/hdds-hadoop-dependency-server-1.3.0-SNAPSHOT.jar:/home/runner/.m2/repository/org/apache/hadoop/hadoop-hdfs/3.3.4/hadoop-hdfs-3.3.4.jar:/home/runner/.m2/repository/org/eclipse/jetty/jetty-util-ajax/9.4.49.v20220914/jetty-util-ajax-9.4.49.v20220914.jar:/home/runner/.m2/repository/commons-daemon/commons-daemon/1.0.13/commons-daemon-1.0.13.jar:/home/runner/.m2/repository/org/apache/ozone/hdds-server-framework/1.3.0-SNAPSHOT/hdds-server-framework-1.3.0-SNAPSHOT.jar:/home/runner/.m2/repository/org/apache/ozone/hdds-interface-server/1.3.0-SNAPSHOT/hdds-interface-server-1.3.0-SNAPSHOT.jar:/home/runner/.m2/repository/org/apache/commons/commons-configuration2/2.1.1/commons-configuration2-2.1.1.jar:/home/runner/.m2/repository/org/apache/logging/log4j/log4j-core/2.17.1/log4j-core-2.17.1.jar:/home/runner/.m2/repository/com/lmax/disruptor/3.4.2/disruptor-3.4.2.jar:/home/runner/.m2/repository/org/eclipse/jetty/jetty-servlet/9.4.49.v20220914/jetty-servlet-9.4.49.v20220914.jar:/home/runner/.m2/repository/org/eclipse/jetty/jetty-security/9.4.49.v20220914/jetty-security-9.4.49.v20220914.jar:/home/runner/.m2/repository/org/rocksdb/rocksdbjni/7.7.3/rocksdbjni-7.7.3.jar:/home/runner/.m2/repository/io/prometheus/simpleclient_dropwizard/0.7.0/simpleclient_dropwizard-0.7.0.jar:/home/runner/.m2/repository/io/prometheus/simpleclient/0.7.0/simpleclient-0.7.0.jar:/home/runner/.m2/repository/io/prometheus/simpleclient_common/0.7.0/simpleclient_common-0.7.0.jar:/home/runner/.m2/repository/com/github/spotbugs/spotbugs-annotations/3.1.12/spotbugs-annotations-3.1.12.jar:/home/runner/.m2/repository/io/dropwizard/metrics/metrics-core/3.2.4/metrics-core-3.2.4.jar:/home/runner/.m2/repository/org/apache/commons/commons-text/1.4/commons-text-1.4.jar:/home/runner/.m2/repository/org/apache/hadoop/hadoop-hdfs-client/3.3.4/hadoop-hdfs-client-3.3.4.jar:/home/runner/.m2/repository/com/squareup/okhttp3/okhttp/4.9.3/okhttp-4.9.3.jar:/home/runner/.m2/repository/com/squareup/okio/okio/2.8.0/okio-2.8.0.jar:/home/runner/.m2/repository/org/jetbrains/kotlin/kotlin-stdlib-common/1.4.10/kotlin-stdlib-common-1.4.10.jar:/home/runner/.m2/repository/org/bouncycastle/bcprov-jdk15on/1.67/bcprov-jdk15on-1.67.jar:/home/runner/.m2/repository/com/google/protobuf/protobuf-java/2.5.0/protobuf-java-2.5.0.jar:/home/runner/.m2/repository/org/apache/ozone/ozone-manager/1.3.0-SNAPSHOT/ozone-manager-1.3.0-SNAPSHOT.jar:/home/runner/.m2/repository/org/aspectj/aspectjrt/1.9.7/aspectjrt-1.9.7.jar:/home/runner/.m2/repository/org/aspectj/aspectjweaver/1.9.7/aspectjweaver-1.9.7.jar:/home/runner/.m2/repository/org/apache/ozone/hdds-interface-client/1.3.0-SNAPSHOT/hdds-interface-client-1.3.0-SNAPSHOT.jar:/home/runner/.m2/repository/org/apache/hadoop/thirdparty/hadoop-shaded-protobuf_3_7/1.1.1/hadoop-shaded-protobuf_3_7-1.1.1.jar:/home/runner/.m2/repository/org/apache/ozone/ozone-interface-storage/1.3.0-SNAPSHOT/ozone-interface-storage-1.3.0-SNAPSHOT.jar:/home/runner/.m2/repository/org/reflections/reflections/0.9.11/reflections-0.9.11.jar:/home/runner/.m2/repository/com/sun/jersey/jersey-client/1.19/jersey-client-1.19.jar:/home/runner/.m2/repository/org/apache/ranger/ranger-intg/2.3.0/ranger-intg-2.3.0.jar:/home/runner/.m2/repository/org/apache/ranger/ranger-plugins-common/2.3.0/ranger-plugins-common-2.3.0.jar:/home/runner/.m2/repository/commons-lang/commons-lang/2.6/commons-lang-2.6.jar:/home/runner/.m2/repository/org/codehaus/jackson/jackson-jaxrs/1.9.13/jackson-jaxrs-1.9.13.jar:/home/runner/.m2/repository/org/apache/ranger/ranger-plugins-cred/2.3.0/ranger-plugins-cred-2.3.0.jar:/home/runner/.m2/repository/org/apache/ranger/ranger-plugins-audit/2.3.0/ranger-plugins-audit-2.3.0.jar:/home/runner/.m2/repository/org/eclipse/jetty/jetty-client/9.4.31.v20200723/jetty-client-9.4.31.v20200723.jar:/home/runner/.m2/repository/org/apache/httpcomponents/httpmime/4.5.6/httpmime-4.5.6.jar:/home/runner/.m2/repository/org/apache/httpcomponents/httpcore-nio/4.4.6/httpcore-nio-4.4.6.jar:/home/runner/.m2/repository/org/apache/httpcomponents/httpasyncclient/4.1.3/httpasyncclient-4.1.3.jar:/home/runner/.m2/repository/com/carrotsearch/hppc/0.8.0/hppc-0.8.0.jar:/home/runner/.m2/repository/org/apache/orc/orc-core/1.5.8/orc-core-1.5.8.jar:/home/runner/.m2/repository/net/java/dev/jna/jna/5.2.0/jna-5.2.0.jar:/home/runner/.m2/repository/net/java/dev/jna/jna-platform/5.2.0/jna-platform-5.2.0.jar:/home/runner/.m2/repository/com/kstruct/gethostname4j/0.0.2/gethostname4j-0.0.2.jar:/home/runner/.m2/repository/org/apache/ranger/ranger-plugin-classloader/2.3.0/ranger-plugin-classloader-2.3.0.jar:/home/runner/.m2/repository/org/apache/hadoop/hadoop-minikdc/3.3.4/hadoop-minikdc-3.3.4.jar:/home/runner/.m2/repository/org/apache/kerby/kerb-simplekdc/1.0.1/kerb-simplekdc-1.0.1.jar:/home/runner/.m2/repository/org/apache/kerby/kerb-client/1.0.1/kerb-client-1.0.1.jar:/home/runner/.m2/repository/org/apache/kerby/kerby-config/1.0.1/kerby-config-1.0.1.jar:/home/runner/.m2/repository/org/apache/kerby/kerb-common/1.0.1/kerb-common-1.0.1.jar:/home/runner/.m2/repository/org/apache/kerby/kerb-crypto/1.0.1/kerb-crypto-1.0.1.jar:/home/runner/.m2/repository/org/apache/kerby/kerb-util/1.0.1/kerb-util-1.0.1.jar:/home/runner/.m2/repository/org/apache/kerby/token-provider/1.0.1/token-provider-1.0.1.jar:/home/runner/.m2/repository/org/apache/kerby/kerb-admin/1.0.1/kerb-admin-1.0.1.jar:/home/runner/.m2/repository/org/apache/kerby/kerb-server/1.0.1/kerb-server-1.0.1.jar:/home/runner/.m2/repository/org/apache/kerby/kerb-identity/1.0.1/kerb-identity-1.0.1.jar:/home/runner/.m2/repository/org/apache/kerby/kerby-xdr/1.0.1/kerby-xdr-1.0.1.jar:/home/runner/.m2/repository/org/apache/ozone/ozone-s3gateway/1.3.0-SNAPSHOT/ozone-s3gateway-1.3.0-SNAPSHOT.jar:/home/runner/.m2/repository/org/javassist/javassist/3.21.0-GA/javassist-3.21.0-GA.jar:/home/runner/.m2/repository/org/jboss/weld/servlet/weld-servlet/2.4.7.Final/weld-servlet-2.4.7.Final.jar:/home/runner/.m2/repository/org/glassfish/jersey/containers/jersey-container-servlet-core/2.34/jersey-container-servlet-core-2.34.jar:/home/runner/.m2/repository/org/glassfish/hk2/external/jakarta.inject/2.6.1/jakarta.inject-2.6.1.jar:/home/runner/.m2/repository/org/glassfish/jersey/core/jersey-common/2.34/jersey-common-2.34.jar:/home/runner/.m2/repository/jakarta/ws/rs/jakarta.ws.rs-api/2.1.6/jakarta.ws.rs-api-2.1.6.jar:/home/runner/.m2/repository/org/glassfish/jersey/ext/cdi/jersey-cdi1x/2.34/jersey-cdi1x-2.34.jar:/home/runner/.m2/repository/org/glassfish/jersey/inject/jersey-hk2/2.34/jersey-hk2-2.34.jar:/home/runner/.m2/repository/org/glassfish/hk2/hk2-locator/2.6.1/hk2-locator-2.6.1.jar:/home/runner/.m2/repository/org/glassfish/jersey/media/jersey-media-jaxb/2.34/jersey-media-jaxb-2.34.jar:/home/runner/.m2/repository/org/glassfish/hk2/osgi-resource-locator/1.0.3/osgi-resource-locator-1.0.3.jar:/home/runner/.m2/repository/org/glassfish/hk2/hk2-api/2.5.0/hk2-api-2.5.0.jar:/home/runner/.m2/repository/org/glassfish/hk2/hk2-utils/2.5.0/hk2-utils-2.5.0.jar:/home/runner/.m2/repository/org/glassfish/hk2/external/aopalliance-repackaged/2.5.0/aopalliance-repackaged-2.5.0.jar:/home/runner/.m2/repository/com/fasterxml/jackson/dataformat/jackson-dataformat-xml/2.13.4/jackson-dataformat-xml-2.13.4.jar:/home/runner/.m2/repository/com/fasterxml/jackson/core/jackson-core/2.13.4/jackson-core-2.13.4.jar:/home/runner/.m2/repository/org/codehaus/woodstox/stax2-api/3.1.4/stax2-api-3.1.4.jar:/home/runner/.m2/repository/com/fasterxml/woodstox/woodstox-core/5.4.0/woodstox-core-5.4.0.jar:/home/runner/.m2/repository/com/fasterxml/jackson/module/jackson-module-jaxb-annotations/2.13.4/jackson-module-jaxb-annotations-2.13.4.jar:/home/runner/.m2/repository/jakarta/xml/bind/jakarta.xml.bind-api/2.3.3/jakarta.xml.bind-api-2.3.3.jar:/home/runner/.m2/repository/jakarta/activation/jakarta.activation-api/1.2.1/jakarta.activation-api-1.2.1.jar:/home/runner/.m2/repository/javax/enterprise/cdi-api/1.2/cdi-api-1.2.jar:/home/runner/.m2/repository/javax/el/javax.el-api/3.0.0/javax.el-api-3.0.0.jar:/home/runner/.m2/repository/javax/interceptor/javax.interceptor-api/1.2/javax.interceptor-api-1.2.jar:/home/runner/.m2/repository/javax/inject/javax.inject/1/javax.inject-1.jar:/home/runner/.m2/repository/javax/xml/bind/jaxb-api/2.3.0/jaxb-api-2.3.0.jar:/home/runner/.m2/repository/org/glassfish/jaxb/jaxb-runtime/2.3.0.1/jaxb-runtime-2.3.0.1.jar:/home/runner/.m2/repository/org/glassfish/jaxb/jaxb-core/2.3.0.1/jaxb-core-2.3.0.1.jar:/home/runner/.m2/repository/org/glassfish/jaxb/txw2/2.3.0.1/txw2-2.3.0.1.jar:/home/runner/.m2/repository/com/sun/istack/istack-commons-runtime/3.0.5/istack-commons-runtime-3.0.5.jar:/home/runner/.m2/repository/org/jvnet/staxex/stax-ex/1.7.8/stax-ex-1.7.8.jar:/home/runner/.m2/repository/com/sun/xml/fastinfoset/FastInfoset/1.2.13/FastInfoset-1.2.13.jar:/home/runner/.m2/repository/javax/activation/activation/1.1.1/activation-1.1.1.jar:/home/runner/.m2/repository/io/grpc/grpc-protobuf/1.48.1/grpc-protobuf-1.48.1.jar:/home/runner/.m2/repository/io/grpc/grpc-api/1.48.1/grpc-api-1.48.1.jar:/home/runner/.m2/repository/io/grpc/grpc-context/1.48.1/grpc-context-1.48.1.jar:/home/runner/.m2/repository/com/google/api/grpc/proto-google-common-protos/2.9.0/proto-google-common-protos-2.9.0.jar:/home/runner/.m2/repository/io/grpc/grpc-protobuf-lite/1.48.1/grpc-protobuf-lite-1.48.1.jar:/home/runner/.m2/repository/io/grpc/grpc-stub/1.48.1/grpc-stub-1.48.1.jar:/home/runner/.m2/repository/io/netty/netty-transport/4.1.79.Final/netty-transport-4.1.79.Final.jar:/home/runner/.m2/repository/io/netty/netty-resolver/4.1.79.Final/netty-resolver-4.1.79.Final.jar:/home/runner/.m2/repository/org/apache/ozone/ozone-csi/1.3.0-SNAPSHOT/ozone-csi-1.3.0-SNAPSHOT.jar:/home/runner/.m2/repository/com/google/protobuf/protobuf-java-util/3.19.2/protobuf-java-util-3.19.2.jar:/home/runner/.m2/repository/com/google/code/gson/gson/2.9.0/gson-2.9.0.jar:/home/runner/.m2/repository/org/apache/ozone/hdds-config/1.3.0-SNAPSHOT/hdds-config-1.3.0-SNAPSHOT.jar:/home/runner/.m2/repository/io/netty/netty-transport-native-epoll/4.1.79.Final/netty-transport-native-epoll-4.1.79.Final-linux-x86_64.jar:/home/runner/.m2/repository/io/netty/netty-transport-classes-epoll/4.1.79.Final/netty-transport-classes-epoll-4.1.79.Final.jar:/home/runner/.m2/repository/io/netty/netty-transport-native-unix-common/4.1.79.Final/netty-transport-native-unix-common-4.1.79.Final.jar:/home/runner/.m2/repository/org/slf4j/slf4j-reload4j/1.7.36/slf4j-reload4j-1.7.36.jar:/home/runner/.m2/repository/org/apache/ozone/ozone-recon/1.3.0-SNAPSHOT/ozone-recon-1.3.0-SNAPSHOT.jar:/home/runner/.m2/repository/org/apache/ozone/ozone-reconcodegen/1.3.0-SNAPSHOT/ozone-reconcodegen-1.3.0-SNAPSHOT.jar:/home/runner/.m2/repository/com/google/inject/extensions/guice-multibindings/4.0/guice-multibindings-4.0.jar:/home/runner/.m2/repository/com/google/inject/guice/4.0/guice-4.0.jar:/home/runner/.m2/repository/aopalliance/aopalliance/1.0/aopalliance-1.0.jar:/home/runner/.m2/repository/com/google/inject/extensions/guice-assistedinject/4.0/guice-assistedinject-4.0.jar:/home/runner/.m2/repository/com/google/inject/extensions/guice-servlet/4.0/guice-servlet-4.0.jar:/home/runner/.m2/repository/org/glassfish/jersey/containers/jersey-container-servlet/2.34/jersey-container-servlet-2.34.jar:/home/runner/.m2/repository/org/glassfish/hk2/guice-bridge/2.5.0/guice-bridge-2.5.0.jar:/home/runner/.m2/repository/org/glassfish/jersey/core/jersey-server/2.34/jersey-server-2.34.jar:/home/runner/.m2/repository/org/glassfish/jersey/core/jersey-client/2.34/jersey-client-2.34.jar:/home/runner/.m2/repository/jakarta/annotation/jakarta.annotation-api/1.3.5/jakarta.annotation-api-1.3.5.jar:/home/runner/.m2/repository/jakarta/validation/jakarta.validation-api/2.0.2/jakarta.validation-api-2.0.2.jar:/home/runner/.m2/repository/org/glassfish/jersey/media/jersey-media-json-jackson/2.34/jersey-media-json-jackson-2.34.jar:/home/runner/.m2/repository/org/glassfish/jersey/ext/jersey-entity-filtering/2.34/jersey-entity-filtering-2.34.jar:/home/runner/.m2/repository/org/jooq/jooq/3.11.10/jooq-3.11.10.jar:/home/runner/.m2/repository/org/jooq/jooq-meta/3.11.10/jooq-meta-3.11.10.jar:/home/runner/.m2/repository/org/jooq/jooq-codegen/3.11.10/jooq-codegen-3.11.10.jar:/home/runner/.m2/repository/com/jolbox/bonecp/0.8.0.RELEASE/bonecp-0.8.0.RELEASE.jar:/home/runner/.m2/repository/org/apache/derby/derby/10.14.2.0/derby-10.14.2.0.jar:/home/runner/.m2/repository/org/xerial/sqlite-jdbc/3.25.2/sqlite-jdbc-3.25.2.jar:/home/runner/.m2/repository/org/springframework/spring-jdbc/5.3.23/spring-jdbc-5.3.23.jar:/home/runner/.m2/repository/org/springframework/spring-beans/5.3.23/spring-beans-5.3.23.jar:/home/runner/.m2/repository/org/springframework/spring-core/5.3.23/spring-core-5.3.23.jar:/home/runner/.m2/repository/org/springframework/spring-jcl/5.3.23/spring-jcl-5.3.23.jar:/home/runner/.m2/repository/org/springframework/spring-tx/5.3.23/spring-tx-5.3.23.jar:/home/runner/.m2/repository/org/apache/ozone/ozone-client/1.3.0-SNAPSHOT/ozone-client-1.3.0-SNAPSHOT.jar:/home/runner/.m2/repository/org/apache/ozone/hdds-erasurecode/1.3.0-SNAPSHOT/hdds-erasurecode-1.3.0-SNAPSHOT.jar:/home/runner/.m2/repository/org/apache/ozone/ozone-filesystem/1.3.0-SNAPSHOT/ozone-filesystem-1.3.0-SNAPSHOT.jar:/home/runner/.m2/repository/org/apache/ozone/ozone-filesystem-common/1.3.0-SNAPSHOT/ozone-filesystem-common-1.3.0-SNAPSHOT.jar:/home/runner/.m2/repository/org/apache/ozone/ozone-tools/1.3.0-SNAPSHOT/ozone-tools-1.3.0-SNAPSHOT.jar:/home/runner/.m2/repository/org/apache/ratis/ratis-tools/2.4.0/ratis-tools-2.4.0.jar:/home/runner/.m2/repository/com/amazonaws/aws-java-sdk-core/1.12.261/aws-java-sdk-core-1.12.261.jar:/home/runner/.m2/repository/org/apache/httpcomponents/httpclient/4.5.13/httpclient-4.5.13.jar:/home/runner/.m2/repository/org/apache/httpcomponents/httpcore/4.4.13/httpcore-4.4.13.jar:/home/runner/.m2/repository/software/amazon/ion/ion-java/1.0.2/ion-java-1.0.2.jar:/home/runner/.m2/repository/com/fasterxml/jackson/dataformat/jackson-dataformat-cbor/2.13.4/jackson-dataformat-cbor-2.13.4.jar:/home/runner/.m2/repository/joda-time/joda-time/2.8.1/joda-time-2.8.1.jar:/home/runner/.m2/repository/com/amazonaws/aws-java-sdk-s3/1.12.261/aws-java-sdk-s3-1.12.261.jar:/home/runner/.m2/repository/com/amazonaws/aws-java-sdk-kms/1.12.261/aws-java-sdk-kms-1.12.261.jar:/home/runner/.m2/repository/com/amazonaws/jmespath-java/1.12.261/jmespath-java-1.12.261.jar:/home/runner/.m2/repository/org/kohsuke/metainf-services/metainf-services/1.8/metainf-services-1.8.jar:/home/runner/.m2/repository/org/apache/ozone/hdds-tools/1.3.0-SNAPSHOT/hdds-tools-1.3.0-SNAPSHOT.jar:/home/runner/.m2/repository/commons-cli/commons-cli/1.2/commons-cli-1.2.jar:/home/runner/.m2/repository/org/apache/commons/commons-lang3/3.7/commons-lang3-3.7.jar:/home/runner/.m2/repository/org/apache/ozone/ozone-manager/1.3.0-SNAPSHOT/ozone-manager-1.3.0-SNAPSHOT-tests.jar:/home/runner/.m2/repository/org/apache/ozone/hdds-common/1.3.0-SNAPSHOT/hdds-common-1.3.0-SNAPSHOT-tests.jar:/home/runner/.m2/repository/org/apache/ozone/hdds-hadoop-dependency-client/1.3.0-SNAPSHOT/hdds-hadoop-dependency-client-1.3.0-SNAPSHOT.jar:/home/runner/.m2/repository/info/picocli/picocli/4.6.1/picocli-4.6.1.jar:/home/runner/.m2/repository/com/fasterxml/jackson/core/jackson-annotations/2.13.4/jackson-annotations-2.13.4.jar:/home/runner/.m2/repository/com/fasterxml/jackson/datatype/jackson-datatype-jsr310/2.13.4/jackson-datatype-jsr310-2.13.4.jar:/home/runner/.m2/repository/org/apache/ozone/hdds-annotation-processing/1.3.0-SNAPSHOT/hdds-annotation-processing-1.3.0-SNAPSHOT.jar:/home/runner/.m2/repository/javax/annotation/javax.annotation-api/1.2/javax.annotation-api-1.2.jar:/home/runner/.m2/repository/org/apache/ratis/ratis-server/2.4.0/ratis-server-2.4.0.jar:/home/runner/.m2/repository/org/apache/ratis/ratis-client/2.4.0/ratis-client-2.4.0.jar:/home/runner/.m2/repository/org/apache/ratis/ratis-server-api/2.4.0/ratis-server-api-2.4.0.jar:/home/runner/.m2/repository/org/apache/ratis/ratis-metrics/2.4.0/ratis-metrics-2.4.0.jar:/home/runner/.m2/repository/org/apache/ratis/ratis-netty/2.4.0/ratis-netty-2.4.0.jar:/home/runner/.m2/repository/org/apache/ratis/ratis-grpc/2.4.0/ratis-grpc-2.4.0.jar:/home/runner/.m2/repository/org/apache/logging/log4j/log4j-api/2.17.1/log4j-api-2.17.1.jar:/home/runner/.m2/repository/org/apache/commons/commons-pool2/2.6.0/commons-pool2-2.6.0.jar:/home/runner/.m2/repository/org/bouncycastle/bcpkix-jdk15on/1.67/bcpkix-jdk15on-1.67.jar:/home/runner/.m2/repository/commons-validator/commons-validator/1.6/commons-validator-1.6.jar:/home/runner/.m2/repository/commons-beanutils/commons-beanutils/1.9.4/commons-beanutils-1.9.4.jar:/home/runner/.m2/repository/commons-digester/commons-digester/1.8.1/commons-digester-1.8.1.jar:/home/runner/.m2/repository/commons-collections/commons-collections/3.2.2/commons-collections-3.2.2.jar:/home/runner/.m2/repository/io/jaegertracing/jaeger-client/1.6.0/jaeger-client-1.6.0.jar:/home/runner/.m2/repository/io/jaegertracing/jaeger-thrift/1.6.0/jaeger-thrift-1.6.0.jar:/home/runner/.m2/repository/org/apache/thrift/libthrift/0.14.1/libthrift-0.14.1.jar:/home/runner/.m2/repository/io/jaegertracing/jaeger-core/1.6.0/jaeger-core-1.6.0.jar:/home/runner/.m2/repository/io/jaegertracing/jaeger-tracerresolver/1.6.0/jaeger-tracerresolver-1.6.0.jar:/home/runner/.m2/repository/io/opentracing/contrib/opentracing-tracerresolver/0.1.8/opentracing-tracerresolver-0.1.8.jar:/home/runner/.m2/repository/org/jetbrains/kotlin/kotlin-stdlib/1.6.21/kotlin-stdlib-1.6.21.jar:/home/runner/.m2/repository/org/jetbrains/annotations/13.0/annotations-13.0.jar:/home/runner/.m2/repository/io/opentracing/opentracing-util/0.33.0/opentracing-util-0.33.0.jar:/home/runner/.m2/repository/io/opentracing/opentracing-api/0.33.0/opentracing-api-0.33.0.jar:/home/runner/.m2/repository/io/opentracing/opentracing-noop/0.33.0/opentracing-noop-0.33.0.jar:/home/runner/.m2/repository/org/yaml/snakeyaml/1.33/snakeyaml-1.33.jar:/home/runner/.m2/repository/org/apache/ozone/hdds-interface-admin/1.3.0-SNAPSHOT/hdds-interface-admin-1.3.0-SNAPSHOT.jar:/home/runner/.m2/repository/junit/junit/4.13.1/junit-4.13.1.jar:/home/runner/.m2/repository/org/hamcrest/hamcrest-core/1.3/hamcrest-core-1.3.jar:/home/runner/.m2/repository/org/junit/jupiter/junit-jupiter-api/5.8.2/junit-jupiter-api-5.8.2.jar:/home/runner/.m2/repository/org/opentest4j/opentest4j/1.2.0/opentest4j-1.2.0.jar:/home/runner/.m2/repository/org/junit/platform/junit-platform-commons/1.8.2/junit-platform-commons-1.8.2.jar:/home/runner/.m2/repository/org/apiguardian/apiguardian-api/1.1.2/apiguardian-api-1.1.2.jar:/home/runner/.m2/repository/org/junit/jupiter/junit-jupiter-params/5.8.2/junit-jupiter-params-5.8.2.jar:/home/runner/.m2/repository/org/junit/jupiter/junit-jupiter-migrationsupport/5.8.2/junit-jupiter-migrationsupport-5.8.2.jar:/home/runner/.m2/repository/org/junit/jupiter/junit-jupiter-engine/5.8.2/junit-jupiter-engine-5.8.2.jar:/home/runner/.m2/repository/org/junit/platform/junit-platform-engine/1.8.2/junit-platform-engine-1.8.2.jar:/home/runner/.m2/repository/org/junit/vintage/junit-vintage-engine/5.8.2/junit-vintage-engine-5.8.2.jar:/home/runner/.m2/repository/org/junit/platform/junit-platform-launcher/1.8.2/junit-platform-launcher-1.8.2.jar:/home/runner/.m2/repository/org/mockito/mockito-core/2.28.2/mockito-core-2.28.2.jar:/home/runner/.m2/repository/net/bytebuddy/byte-buddy/1.9.10/byte-buddy-1.9.10.jar:/home/runner/.m2/repository/net/bytebuddy/byte-buddy-agent/1.9.10/byte-buddy-agent-1.9.10.jar:/home/runner/.m2/repository/org/objenesis/objenesis/1.0/objenesis-1.0.jar:/home/runner/.m2/repository/org/apache/hadoop/hadoop-kms/3.3.4/hadoop-kms-3.3.4.jar:/home/runner/.m2/repository/org/apache/hadoop/hadoop-auth/3.3.4/hadoop-auth-3.3.4.jar:/home/runner/.m2/repository/com/nimbusds/nimbus-jose-jwt/7.9/nimbus-jose-jwt-7.9.jar:/home/runner/.m2/repository/com/github/stephenc/jcip/jcip-annotations/1.0-1/jcip-annotations-1.0-1.jar:/home/runner/.m2/repository/net/minidev/json-smart/2.4.7/json-smart-2.4.7.jar:/home/runner/.m2/repository/net/minidev/accessors-smart/2.4.7/accessors-smart-2.4.7.jar:/home/runner/.m2/repository/org/ow2/asm/asm/5.0.4/asm-5.0.4.jar:/home/runner/.m2/repository/org/apache/zookeeper/zookeeper/3.5.6/zookeeper-3.5.6.jar:/home/runner/.m2/repository/org/apache/zookeeper/zookeeper-jute/3.5.6/zookeeper-jute-3.5.6.jar:/home/runner/.m2/repository/org/apache/yetus/audience-annotations/0.5.0/audience-annotations-0.5.0.jar:/home/runner/.m2/repository/org/apache/curator/curator-framework/4.2.0/curator-framework-4.2.0.jar:/home/runner/.m2/repository/org/apache/hadoop/thirdparty/hadoop-shaded-guava/1.1.1/hadoop-shaded-guava-1.1.1.jar:/home/runner/.m2/repository/com/sun/jersey/jersey-core/1.19/jersey-core-1.19.jar:/home/runner/.m2/repository/javax/ws/rs/jsr311-api/1.1.1/jsr311-api-1.1.1.jar:/home/runner/.m2/repository/com/sun/jersey/jersey-server/1.19/jersey-server-1.19.jar:/home/runner/.m2/repository/javax/servlet/javax.servlet-api/3.1.0/javax.servlet-api-3.1.0.jar:/home/runner/.m2/repository/org/eclipse/jetty/jetty-server/9.4.49.v20220914/jetty-server-9.4.49.v20220914.jar:/home/runner/.m2/repository/org/eclipse/jetty/jetty-http/9.4.49.v20220914/jetty-http-9.4.49.v20220914.jar:/home/runner/.m2/repository/org/eclipse/jetty/jetty-io/9.4.49.v20220914/jetty-io-9.4.49.v20220914.jar:/home/runner/.m2/repository/org/eclipse/jetty/jetty-webapp/9.4.49.v20220914/jetty-webapp-9.4.49.v20220914.jar:/home/runner/.m2/repository/org/eclipse/jetty/jetty-xml/9.4.49.v20220914/jetty-xml-9.4.49.v20220914.jar:/home/runner/.m2/repository/org/apache/hadoop/hadoop-common/3.3.4/hadoop-common-3.3.4.jar:/home/runner/.m2/repository/org/apache/commons/commons-math3/3.1.1/commons-math3-3.1.1.jar:/home/runner/.m2/repository/commons-net/commons-net/3.6/commons-net-3.6.jar:/home/runner/.m2/repository/com/sun/jersey/jersey-servlet/1.19/jersey-servlet-1.19.jar:/home/runner/.m2/repository/com/sun/jersey/jersey-json/1.19/jersey-json-1.19.jar:/home/runner/.m2/repository/org/codehaus/jettison/jettison/1.1/jettison-1.1.jar:/home/runner/.m2/repository/com/sun/xml/bind/jaxb-impl/2.2.3-1/jaxb-impl-2.2.3-1.jar:/home/runner/.m2/repository/org/codehaus/jackson/jackson-xc/1.9.2/jackson-xc-1.9.2.jar:/home/runner/.m2/repository/com/google/re2j/re2j/1.1/re2j-1.1.jar:/home/runner/.m2/repository/com/jcraft/jsch/0.1.54/jsch-0.1.54.jar:/home/runner/.m2/repository/org/apache/curator/curator-client/4.2.0/curator-client-4.2.0.jar:/home/runner/.m2/repository/org/apache/curator/curator-recipes/4.2.0/curator-recipes-4.2.0.jar:/home/runner/.m2/repository/org/apache/kerby/kerb-core/1.0.1/kerb-core-1.0.1.jar:/home/runner/.m2/repository/org/apache/kerby/kerby-pkix/1.0.1/kerby-pkix-1.0.1.jar:/home/runner/.m2/repository/org/apache/kerby/kerby-asn1/1.0.1/kerby-asn1-1.0.1.jar:/home/runner/.m2/repository/org/apache/kerby/kerby-util/1.0.1/kerby-util-1.0.1.jar:/home/runner/.m2/repository/dnsjava/dnsjava/2.1.7/dnsjava-2.1.7.jar:/home/runner/.m2/repository/org/xerial/snappy/snappy-java/1.1.8.2/snappy-java-1.1.8.2.jar:/home/runner/.m2/repository/org/eclipse/jetty/jetty-util/9.4.49.v20220914/jetty-util-9.4.49.v20220914.jar:/home/runner/.m2/repository/com/fasterxml/jackson/core/jackson-databind/2.13.4.2/jackson-databind-2.13.4.2.jar:/home/runner/.m2/repository/org/apache/hadoop/hadoop-kms/3.3.4/hadoop-kms-3.3.4-tests.jar:/home/runner/.m2/repository/org/apache/ozone/hdds-server-scm/1.3.0-SNAPSHOT/hdds-server-scm-1.3.0-SNAPSHOT-tests.jar:/home/runner/.m2/repository/org/apache/ozone/hdds-container-service/1.3.0-SNAPSHOT/hdds-container-service-1.3.0-SNAPSHOT-tests.jar:/home/runner/.m2/repository/commons-codec/commons-codec/1.11/commons-codec-1.11.jar:/home/runner/.m2/repository/io/netty/netty-codec/4.1.79.Final/netty-codec-4.1.79.Final.jar:/home/runner/.m2/repository/io/netty/netty-handler/4.1.79.Final/netty-handler-4.1.79.Final.jar:/home/runner/.m2/repository/org/apache/ozone/hdds-hadoop-dependency-test/1.3.0-SNAPSHOT/hdds-hadoop-dependency-test-1.3.0-SNAPSHOT.jar:/home/runner/.m2/repository/org/apache/hadoop/hadoop-common/3.3.4/hadoop-common-3.3.4-tests.jar:/home/runner/.m2/repository/org/apache/hadoop/hadoop-hdfs/3.3.4/hadoop-hdfs-3.3.4-tests.jar:/home/runner/.m2/repository/org/assertj/assertj-core/3.12.2/assertj-core-3.12.2.jar:/home/runner/.m2/repository/org/apache/hadoop/hadoop-distcp/3.3.4/hadoop-distcp-3.3.4.jar:/home/runner/.m2/repository/org/apache/hadoop/hadoop-mapreduce-client-jobclient/3.3.4/hadoop-mapreduce-client-jobclient-3.3.4.jar:/home/runner/.m2/repository/org/apache/hadoop/hadoop-mapreduce-client-common/3.3.4/hadoop-mapreduce-client-common-3.3.4.jar:/home/runner/.m2/repository/org/apache/hadoop/hadoop-yarn-common/3.3.4/hadoop-yarn-common-3.3.4.jar:/home/runner/.m2/repository/org/apache/hadoop/hadoop-yarn-api/3.3.4/hadoop-yarn-api-3.3.4.jar:/home/runner/.m2/repository/com/sun/jersey/contribs/jersey-guice/1.19/jersey-guice-1.19.jar:/home/runner/.m2/repository/com/fasterxml/jackson/jaxrs/jackson-jaxrs-json-provider/2.13.4/jackson-jaxrs-json-provider-2.13.4.jar:/home/runner/.m2/repository/com/fasterxml/jackson/jaxrs/jackson-jaxrs-base/2.13.4/jackson-jaxrs-base-2.13.4.jar:/home/runner/.m2/repository/org/apache/hadoop/hadoop-yarn-client/3.3.4/hadoop-yarn-client-3.3.4.jar:/home/runner/.m2/repository/org/eclipse/jetty/websocket/websocket-client/9.4.43.v20210629/websocket-client-9.4.43.v20210629.jar:/home/runner/.m2/repository/org/eclipse/jetty/websocket/websocket-common/9.4.43.v20210629/websocket-common-9.4.43.v20210629.jar:/home/runner/.m2/repository/org/eclipse/jetty/websocket/websocket-api/9.4.43.v20210629/websocket-api-9.4.43.v20210629.jar:/home/runner/.m2/repository/org/jline/jline/3.9.0/jline-3.9.0.jar:/home/runner/.m2/repository/org/apache/hadoop/hadoop-mapreduce-client-core/3.3.4/hadoop-mapreduce-client-core-3.3.4.jar:/home/runner/.m2/repository/org/apache/avro/avro/1.7.7/avro-1.7.7.jar:/home/runner/.m2/repository/org/codehaus/jackson/jackson-core-asl/1.9.13/jackson-core-asl-1.9.13.jar:/home/runner/.m2/repository/org/codehaus/jackson/jackson-mapper-asl/1.9.13/jackson-mapper-asl-1.9.13.jar:/home/runner/.m2/repository/com/thoughtworks/paranamer/paranamer/2.3/paranamer-2.3.jar:/home/runner/.m2/repository/org/apache/hadoop/hadoop-annotations/3.3.4/hadoop-annotations-3.3.4.jar:/usr/lib/jvm/temurin-8-jdk-amd64/jre/../lib/tools.jar:/home/runner/.m2/repository/io/netty/netty/3.10.6.Final/netty-3.10.6.Final.jar:/home/runner/.m2/repository/org/apache/hadoop/hadoop-distcp/3.3.4/hadoop-distcp-3.3.4-tests.jar:/home/runner/.m2/repository/org/slf4j/jul-to-slf4j/1.7.36/jul-to-slf4j-1.7.36.jar:/home/runner/.m2/repository/org/apache/ratis/ratis-common/2.4.0/ratis-common-2.4.0.jar:/home/runner/.m2/repository/org/apache/ratis/ratis-thirdparty-misc/1.0.2/ratis-thirdparty-misc-1.0.2.jar:/home/runner/.m2/repository/org/apache/ratis/ratis-proto/2.4.0/ratis-proto-2.4.0.jar:"/>
    <property name="java.vm.vendor" value="Temurin"/>
    <property name="sun.arch.data.model" value="64"/>
    <property name="test.build.dir" value="/home/runner/work/ozone/ozone/hadoop-ozone/integration-test/target/test-dir"/>
    <property name="test.cache.data" value=""/>
    <property name="java.vendor.url" value="https://adoptium.net/"/>
    <property name="user.timezone" value="Etc/UTC"/>
    <property name="java.vm.specification.version" value="1.8"/>
    <property name="os.name" value="Linux"/>
    <property name="test.build.data" value="/home/runner/work/ozone/ozone/hadoop-ozone/integration-test/target/test-dir"/>
    <property name="sun.java.launcher" value="SUN_STANDARD"/>
    <property name="sun.boot.library.path" value="/usr/lib/jvm/temurin-8-jdk-amd64/jre/lib/amd64"/>
    <property name="sun.java.command" value="/home/runner/work/ozone/ozone/hadoop-ozone/integration-test/target/surefire/surefirebooter6409670590862960068.jar /home/runner/work/ozone/ozone/hadoop-ozone/integration-test/target/surefire 2022-11-08T06-23-46_536-jvmRun1 surefire167886269712129231tmp surefire_782134285434993698tmp"/>
    <property name="surefire.test.class.path" value="/home/runner/work/ozone/ozone/hadoop-ozone/integration-test/target/test-classes:/home/runner/work/ozone/ozone/hadoop-ozone/integration-test/target/classes:/home/runner/.m2/repository/org/apache/ozone/ozone-common/1.3.0-SNAPSHOT/ozone-common-1.3.0-SNAPSHOT.jar:/home/runner/.m2/repository/io/grpc/grpc-netty/1.48.1/grpc-netty-1.48.1.jar:/home/runner/.m2/repository/io/grpc/grpc-core/1.48.1/grpc-core-1.48.1.jar:/home/runner/.m2/repository/com/google/android/annotations/4.1.1.4/annotations-4.1.1.4.jar:/home/runner/.m2/repository/org/codehaus/mojo/animal-sniffer-annotations/1.21/animal-sniffer-annotations-1.21.jar:/home/runner/.m2/repository/com/google/errorprone/error_prone_annotations/2.2.0/error_prone_annotations-2.2.0.jar:/home/runner/.m2/repository/io/perfmark/perfmark-api/0.25.0/perfmark-api-0.25.0.jar:/home/runner/.m2/repository/io/netty/netty-codec-http2/4.1.79.Final/netty-codec-http2-4.1.79.Final.jar:/home/runner/.m2/repository/io/netty/netty-common/4.1.79.Final/netty-common-4.1.79.Final.jar:/home/runner/.m2/repository/io/netty/netty-buffer/4.1.79.Final/netty-buffer-4.1.79.Final.jar:/home/runner/.m2/repository/io/netty/netty-codec-http/4.1.79.Final/netty-codec-http-4.1.79.Final.jar:/home/runner/.m2/repository/io/netty/netty-handler-proxy/4.1.79.Final/netty-handler-proxy-4.1.79.Final.jar:/home/runner/.m2/repository/io/netty/netty-codec-socks/4.1.79.Final/netty-codec-socks-4.1.79.Final.jar:/home/runner/.m2/repository/io/netty/netty-tcnative-boringssl-static/2.0.53.Final/netty-tcnative-boringssl-static-2.0.53.Final.jar:/home/runner/.m2/repository/io/netty/netty-tcnative-classes/2.0.53.Final/netty-tcnative-classes-2.0.53.Final.jar:/home/runner/.m2/repository/io/netty/netty-tcnative-boringssl-static/2.0.53.Final/netty-tcnative-boringssl-static-2.0.53.Final-linux-x86_64.jar:/home/runner/.m2/repository/io/netty/netty-tcnative-boringssl-static/2.0.53.Final/netty-tcnative-boringssl-static-2.0.53.Final-linux-aarch_64.jar:/home/runner/.m2/repository/io/netty/netty-tcnative-boringssl-static/2.0.53.Final/netty-tcnative-boringssl-static-2.0.53.Final-osx-x86_64.jar:/home/runner/.m2/repository/io/netty/netty-tcnative-boringssl-static/2.0.53.Final/netty-tcnative-boringssl-static-2.0.53.Final-osx-aarch_64.jar:/home/runner/.m2/repository/io/netty/netty-tcnative-boringssl-static/2.0.53.Final/netty-tcnative-boringssl-static-2.0.53.Final-windows-x86_64.jar:/home/runner/.m2/repository/org/apache/commons/commons-compress/1.21/commons-compress-1.21.jar:/home/runner/.m2/repository/org/apache/ozone/hdds-common/1.3.0-SNAPSHOT/hdds-common-1.3.0-SNAPSHOT.jar:/home/runner/.m2/repository/org/apache/ozone/hdds-client/1.3.0-SNAPSHOT/hdds-client-1.3.0-SNAPSHOT.jar:/home/runner/.m2/repository/org/apache/ozone/ozone-interface-client/1.3.0-SNAPSHOT/ozone-interface-client-1.3.0-SNAPSHOT.jar:/home/runner/.m2/repository/org/apache/ozone/hdds-test-utils/1.3.0-SNAPSHOT/hdds-test-utils-1.3.0-SNAPSHOT.jar:/home/runner/.m2/repository/com/google/guava/guava/31.1-jre/guava-31.1-jre.jar:/home/runner/.m2/repository/com/google/guava/failureaccess/1.0.1/failureaccess-1.0.1.jar:/home/runner/.m2/repository/com/google/guava/listenablefuture/9999.0-empty-to-avoid-conflict-with-guava/listenablefuture-9999.0-empty-to-avoid-conflict-with-guava.jar:/home/runner/.m2/repository/com/google/code/findbugs/jsr305/3.0.0/jsr305-3.0.0.jar:/home/runner/.m2/repository/org/checkerframework/checker-qual/3.12.0/checker-qual-3.12.0.jar:/home/runner/.m2/repository/com/google/j2objc/j2objc-annotations/1.3/j2objc-annotations-1.3.jar:/home/runner/.m2/repository/commons-io/commons-io/2.11.0/commons-io-2.11.0.jar:/home/runner/.m2/repository/commons-logging/commons-logging/1.2/commons-logging-1.2.jar:/home/runner/.m2/repository/ch/qos/reload4j/reload4j/1.2.22/reload4j-1.2.22.jar:/home/runner/.m2/repository/org/slf4j/slf4j-api/1.7.36/slf4j-api-1.7.36.jar:/home/runner/.m2/repository/org/apache/ozone/hdds-server-scm/1.3.0-SNAPSHOT/hdds-server-scm-1.3.0-SNAPSHOT.jar:/home/runner/.m2/repository/org/apache/ozone/hdds-container-service/1.3.0-SNAPSHOT/hdds-container-service-1.3.0-SNAPSHOT.jar:/home/runner/.m2/repository/org/apache/ozone/hdds-hadoop-dependency-server/1.3.0-SNAPSHOT/hdds-hadoop-dependency-server-1.3.0-SNAPSHOT.jar:/home/runner/.m2/repository/org/apache/hadoop/hadoop-hdfs/3.3.4/hadoop-hdfs-3.3.4.jar:/home/runner/.m2/repository/org/eclipse/jetty/jetty-util-ajax/9.4.49.v20220914/jetty-util-ajax-9.4.49.v20220914.jar:/home/runner/.m2/repository/commons-daemon/commons-daemon/1.0.13/commons-daemon-1.0.13.jar:/home/runner/.m2/repository/org/apache/ozone/hdds-server-framework/1.3.0-SNAPSHOT/hdds-server-framework-1.3.0-SNAPSHOT.jar:/home/runner/.m2/repository/org/apache/ozone/hdds-interface-server/1.3.0-SNAPSHOT/hdds-interface-server-1.3.0-SNAPSHOT.jar:/home/runner/.m2/repository/org/apache/commons/commons-configuration2/2.1.1/commons-configuration2-2.1.1.jar:/home/runner/.m2/repository/org/apache/logging/log4j/log4j-core/2.17.1/log4j-core-2.17.1.jar:/home/runner/.m2/repository/com/lmax/disruptor/3.4.2/disruptor-3.4.2.jar:/home/runner/.m2/repository/org/eclipse/jetty/jetty-servlet/9.4.49.v20220914/jetty-servlet-9.4.49.v20220914.jar:/home/runner/.m2/repository/org/eclipse/jetty/jetty-security/9.4.49.v20220914/jetty-security-9.4.49.v20220914.jar:/home/runner/.m2/repository/org/rocksdb/rocksdbjni/7.7.3/rocksdbjni-7.7.3.jar:/home/runner/.m2/repository/io/prometheus/simpleclient_dropwizard/0.7.0/simpleclient_dropwizard-0.7.0.jar:/home/runner/.m2/repository/io/prometheus/simpleclient/0.7.0/simpleclient-0.7.0.jar:/home/runner/.m2/repository/io/prometheus/simpleclient_common/0.7.0/simpleclient_common-0.7.0.jar:/home/runner/.m2/repository/com/github/spotbugs/spotbugs-annotations/3.1.12/spotbugs-annotations-3.1.12.jar:/home/runner/.m2/repository/io/dropwizard/metrics/metrics-core/3.2.4/metrics-core-3.2.4.jar:/home/runner/.m2/repository/org/apache/commons/commons-text/1.4/commons-text-1.4.jar:/home/runner/.m2/repository/org/apache/hadoop/hadoop-hdfs-client/3.3.4/hadoop-hdfs-client-3.3.4.jar:/home/runner/.m2/repository/com/squareup/okhttp3/okhttp/4.9.3/okhttp-4.9.3.jar:/home/runner/.m2/repository/com/squareup/okio/okio/2.8.0/okio-2.8.0.jar:/home/runner/.m2/repository/org/jetbrains/kotlin/kotlin-stdlib-common/1.4.10/kotlin-stdlib-common-1.4.10.jar:/home/runner/.m2/repository/org/bouncycastle/bcprov-jdk15on/1.67/bcprov-jdk15on-1.67.jar:/home/runner/.m2/repository/com/google/protobuf/protobuf-java/2.5.0/protobuf-java-2.5.0.jar:/home/runner/.m2/repository/org/apache/ozone/ozone-manager/1.3.0-SNAPSHOT/ozone-manager-1.3.0-SNAPSHOT.jar:/home/runner/.m2/repository/org/aspectj/aspectjrt/1.9.7/aspectjrt-1.9.7.jar:/home/runner/.m2/repository/org/aspectj/aspectjweaver/1.9.7/aspectjweaver-1.9.7.jar:/home/runner/.m2/repository/org/apache/ozone/hdds-interface-client/1.3.0-SNAPSHOT/hdds-interface-client-1.3.0-SNAPSHOT.jar:/home/runner/.m2/repository/org/apache/hadoop/thirdparty/hadoop-shaded-protobuf_3_7/1.1.1/hadoop-shaded-protobuf_3_7-1.1.1.jar:/home/runner/.m2/repository/org/apache/ozone/ozone-interface-storage/1.3.0-SNAPSHOT/ozone-interface-storage-1.3.0-SNAPSHOT.jar:/home/runner/.m2/repository/org/reflections/reflections/0.9.11/reflections-0.9.11.jar:/home/runner/.m2/repository/com/sun/jersey/jersey-client/1.19/jersey-client-1.19.jar:/home/runner/.m2/repository/org/apache/ranger/ranger-intg/2.3.0/ranger-intg-2.3.0.jar:/home/runner/.m2/repository/org/apache/ranger/ranger-plugins-common/2.3.0/ranger-plugins-common-2.3.0.jar:/home/runner/.m2/repository/commons-lang/commons-lang/2.6/commons-lang-2.6.jar:/home/runner/.m2/repository/org/codehaus/jackson/jackson-jaxrs/1.9.13/jackson-jaxrs-1.9.13.jar:/home/runner/.m2/repository/org/apache/ranger/ranger-plugins-cred/2.3.0/ranger-plugins-cred-2.3.0.jar:/home/runner/.m2/repository/org/apache/ranger/ranger-plugins-audit/2.3.0/ranger-plugins-audit-2.3.0.jar:/home/runner/.m2/repository/org/eclipse/jetty/jetty-client/9.4.31.v20200723/jetty-client-9.4.31.v20200723.jar:/home/runner/.m2/repository/org/apache/httpcomponents/httpmime/4.5.6/httpmime-4.5.6.jar:/home/runner/.m2/repository/org/apache/httpcomponents/httpcore-nio/4.4.6/httpcore-nio-4.4.6.jar:/home/runner/.m2/repository/org/apache/httpcomponents/httpasyncclient/4.1.3/httpasyncclient-4.1.3.jar:/home/runner/.m2/repository/com/carrotsearch/hppc/0.8.0/hppc-0.8.0.jar:/home/runner/.m2/repository/org/apache/orc/orc-core/1.5.8/orc-core-1.5.8.jar:/home/runner/.m2/repository/net/java/dev/jna/jna/5.2.0/jna-5.2.0.jar:/home/runner/.m2/repository/net/java/dev/jna/jna-platform/5.2.0/jna-platform-5.2.0.jar:/home/runner/.m2/repository/com/kstruct/gethostname4j/0.0.2/gethostname4j-0.0.2.jar:/home/runner/.m2/repository/org/apache/ranger/ranger-plugin-classloader/2.3.0/ranger-plugin-classloader-2.3.0.jar:/home/runner/.m2/repository/org/apache/hadoop/hadoop-minikdc/3.3.4/hadoop-minikdc-3.3.4.jar:/home/runner/.m2/repository/org/apache/kerby/kerb-simplekdc/1.0.1/kerb-simplekdc-1.0.1.jar:/home/runner/.m2/repository/org/apache/kerby/kerb-client/1.0.1/kerb-client-1.0.1.jar:/home/runner/.m2/repository/org/apache/kerby/kerby-config/1.0.1/kerby-config-1.0.1.jar:/home/runner/.m2/repository/org/apache/kerby/kerb-common/1.0.1/kerb-common-1.0.1.jar:/home/runner/.m2/repository/org/apache/kerby/kerb-crypto/1.0.1/kerb-crypto-1.0.1.jar:/home/runner/.m2/repository/org/apache/kerby/kerb-util/1.0.1/kerb-util-1.0.1.jar:/home/runner/.m2/repository/org/apache/kerby/token-provider/1.0.1/token-provider-1.0.1.jar:/home/runner/.m2/repository/org/apache/kerby/kerb-admin/1.0.1/kerb-admin-1.0.1.jar:/home/runner/.m2/repository/org/apache/kerby/kerb-server/1.0.1/kerb-server-1.0.1.jar:/home/runner/.m2/repository/org/apache/kerby/kerb-identity/1.0.1/kerb-identity-1.0.1.jar:/home/runner/.m2/repository/org/apache/kerby/kerby-xdr/1.0.1/kerby-xdr-1.0.1.jar:/home/runner/.m2/repository/org/apache/ozone/ozone-s3gateway/1.3.0-SNAPSHOT/ozone-s3gateway-1.3.0-SNAPSHOT.jar:/home/runner/.m2/repository/org/javassist/javassist/3.21.0-GA/javassist-3.21.0-GA.jar:/home/runner/.m2/repository/org/jboss/weld/servlet/weld-servlet/2.4.7.Final/weld-servlet-2.4.7.Final.jar:/home/runner/.m2/repository/org/glassfish/jersey/containers/jersey-container-servlet-core/2.34/jersey-container-servlet-core-2.34.jar:/home/runner/.m2/repository/org/glassfish/hk2/external/jakarta.inject/2.6.1/jakarta.inject-2.6.1.jar:/home/runner/.m2/repository/org/glassfish/jersey/core/jersey-common/2.34/jersey-common-2.34.jar:/home/runner/.m2/repository/jakarta/ws/rs/jakarta.ws.rs-api/2.1.6/jakarta.ws.rs-api-2.1.6.jar:/home/runner/.m2/repository/org/glassfish/jersey/ext/cdi/jersey-cdi1x/2.34/jersey-cdi1x-2.34.jar:/home/runner/.m2/repository/org/glassfish/jersey/inject/jersey-hk2/2.34/jersey-hk2-2.34.jar:/home/runner/.m2/repository/org/glassfish/hk2/hk2-locator/2.6.1/hk2-locator-2.6.1.jar:/home/runner/.m2/repository/org/glassfish/jersey/media/jersey-media-jaxb/2.34/jersey-media-jaxb-2.34.jar:/home/runner/.m2/repository/org/glassfish/hk2/osgi-resource-locator/1.0.3/osgi-resource-locator-1.0.3.jar:/home/runner/.m2/repository/org/glassfish/hk2/hk2-api/2.5.0/hk2-api-2.5.0.jar:/home/runner/.m2/repository/org/glassfish/hk2/hk2-utils/2.5.0/hk2-utils-2.5.0.jar:/home/runner/.m2/repository/org/glassfish/hk2/external/aopalliance-repackaged/2.5.0/aopalliance-repackaged-2.5.0.jar:/home/runner/.m2/repository/com/fasterxml/jackson/dataformat/jackson-dataformat-xml/2.13.4/jackson-dataformat-xml-2.13.4.jar:/home/runner/.m2/repository/com/fasterxml/jackson/core/jackson-core/2.13.4/jackson-core-2.13.4.jar:/home/runner/.m2/repository/org/codehaus/woodstox/stax2-api/3.1.4/stax2-api-3.1.4.jar:/home/runner/.m2/repository/com/fasterxml/woodstox/woodstox-core/5.4.0/woodstox-core-5.4.0.jar:/home/runner/.m2/repository/com/fasterxml/jackson/module/jackson-module-jaxb-annotations/2.13.4/jackson-module-jaxb-annotations-2.13.4.jar:/home/runner/.m2/repository/jakarta/xml/bind/jakarta.xml.bind-api/2.3.3/jakarta.xml.bind-api-2.3.3.jar:/home/runner/.m2/repository/jakarta/activation/jakarta.activation-api/1.2.1/jakarta.activation-api-1.2.1.jar:/home/runner/.m2/repository/javax/enterprise/cdi-api/1.2/cdi-api-1.2.jar:/home/runner/.m2/repository/javax/el/javax.el-api/3.0.0/javax.el-api-3.0.0.jar:/home/runner/.m2/repository/javax/interceptor/javax.interceptor-api/1.2/javax.interceptor-api-1.2.jar:/home/runner/.m2/repository/javax/inject/javax.inject/1/javax.inject-1.jar:/home/runner/.m2/repository/javax/xml/bind/jaxb-api/2.3.0/jaxb-api-2.3.0.jar:/home/runner/.m2/repository/org/glassfish/jaxb/jaxb-runtime/2.3.0.1/jaxb-runtime-2.3.0.1.jar:/home/runner/.m2/repository/org/glassfish/jaxb/jaxb-core/2.3.0.1/jaxb-core-2.3.0.1.jar:/home/runner/.m2/repository/org/glassfish/jaxb/txw2/2.3.0.1/txw2-2.3.0.1.jar:/home/runner/.m2/repository/com/sun/istack/istack-commons-runtime/3.0.5/istack-commons-runtime-3.0.5.jar:/home/runner/.m2/repository/org/jvnet/staxex/stax-ex/1.7.8/stax-ex-1.7.8.jar:/home/runner/.m2/repository/com/sun/xml/fastinfoset/FastInfoset/1.2.13/FastInfoset-1.2.13.jar:/home/runner/.m2/repository/javax/activation/activation/1.1.1/activation-1.1.1.jar:/home/runner/.m2/repository/io/grpc/grpc-protobuf/1.48.1/grpc-protobuf-1.48.1.jar:/home/runner/.m2/repository/io/grpc/grpc-api/1.48.1/grpc-api-1.48.1.jar:/home/runner/.m2/repository/io/grpc/grpc-context/1.48.1/grpc-context-1.48.1.jar:/home/runner/.m2/repository/com/google/api/grpc/proto-google-common-protos/2.9.0/proto-google-common-protos-2.9.0.jar:/home/runner/.m2/repository/io/grpc/grpc-protobuf-lite/1.48.1/grpc-protobuf-lite-1.48.1.jar:/home/runner/.m2/repository/io/grpc/grpc-stub/1.48.1/grpc-stub-1.48.1.jar:/home/runner/.m2/repository/io/netty/netty-transport/4.1.79.Final/netty-transport-4.1.79.Final.jar:/home/runner/.m2/repository/io/netty/netty-resolver/4.1.79.Final/netty-resolver-4.1.79.Final.jar:/home/runner/.m2/repository/org/apache/ozone/ozone-csi/1.3.0-SNAPSHOT/ozone-csi-1.3.0-SNAPSHOT.jar:/home/runner/.m2/repository/com/google/protobuf/protobuf-java-util/3.19.2/protobuf-java-util-3.19.2.jar:/home/runner/.m2/repository/com/google/code/gson/gson/2.9.0/gson-2.9.0.jar:/home/runner/.m2/repository/org/apache/ozone/hdds-config/1.3.0-SNAPSHOT/hdds-config-1.3.0-SNAPSHOT.jar:/home/runner/.m2/repository/io/netty/netty-transport-native-epoll/4.1.79.Final/netty-transport-native-epoll-4.1.79.Final-linux-x86_64.jar:/home/runner/.m2/repository/io/netty/netty-transport-classes-epoll/4.1.79.Final/netty-transport-classes-epoll-4.1.79.Final.jar:/home/runner/.m2/repository/io/netty/netty-transport-native-unix-common/4.1.79.Final/netty-transport-native-unix-common-4.1.79.Final.jar:/home/runner/.m2/repository/org/slf4j/slf4j-reload4j/1.7.36/slf4j-reload4j-1.7.36.jar:/home/runner/.m2/repository/org/apache/ozone/ozone-recon/1.3.0-SNAPSHOT/ozone-recon-1.3.0-SNAPSHOT.jar:/home/runner/.m2/repository/org/apache/ozone/ozone-reconcodegen/1.3.0-SNAPSHOT/ozone-reconcodegen-1.3.0-SNAPSHOT.jar:/home/runner/.m2/repository/com/google/inject/extensions/guice-multibindings/4.0/guice-multibindings-4.0.jar:/home/runner/.m2/repository/com/google/inject/guice/4.0/guice-4.0.jar:/home/runner/.m2/repository/aopalliance/aopalliance/1.0/aopalliance-1.0.jar:/home/runner/.m2/repository/com/google/inject/extensions/guice-assistedinject/4.0/guice-assistedinject-4.0.jar:/home/runner/.m2/repository/com/google/inject/extensions/guice-servlet/4.0/guice-servlet-4.0.jar:/home/runner/.m2/repository/org/glassfish/jersey/containers/jersey-container-servlet/2.34/jersey-container-servlet-2.34.jar:/home/runner/.m2/repository/org/glassfish/hk2/guice-bridge/2.5.0/guice-bridge-2.5.0.jar:/home/runner/.m2/repository/org/glassfish/jersey/core/jersey-server/2.34/jersey-server-2.34.jar:/home/runner/.m2/repository/org/glassfish/jersey/core/jersey-client/2.34/jersey-client-2.34.jar:/home/runner/.m2/repository/jakarta/annotation/jakarta.annotation-api/1.3.5/jakarta.annotation-api-1.3.5.jar:/home/runner/.m2/repository/jakarta/validation/jakarta.validation-api/2.0.2/jakarta.validation-api-2.0.2.jar:/home/runner/.m2/repository/org/glassfish/jersey/media/jersey-media-json-jackson/2.34/jersey-media-json-jackson-2.34.jar:/home/runner/.m2/repository/org/glassfish/jersey/ext/jersey-entity-filtering/2.34/jersey-entity-filtering-2.34.jar:/home/runner/.m2/repository/org/jooq/jooq/3.11.10/jooq-3.11.10.jar:/home/runner/.m2/repository/org/jooq/jooq-meta/3.11.10/jooq-meta-3.11.10.jar:/home/runner/.m2/repository/org/jooq/jooq-codegen/3.11.10/jooq-codegen-3.11.10.jar:/home/runner/.m2/repository/com/jolbox/bonecp/0.8.0.RELEASE/bonecp-0.8.0.RELEASE.jar:/home/runner/.m2/repository/org/apache/derby/derby/10.14.2.0/derby-10.14.2.0.jar:/home/runner/.m2/repository/org/xerial/sqlite-jdbc/3.25.2/sqlite-jdbc-3.25.2.jar:/home/runner/.m2/repository/org/springframework/spring-jdbc/5.3.23/spring-jdbc-5.3.23.jar:/home/runner/.m2/repository/org/springframework/spring-beans/5.3.23/spring-beans-5.3.23.jar:/home/runner/.m2/repository/org/springframework/spring-core/5.3.23/spring-core-5.3.23.jar:/home/runner/.m2/repository/org/springframework/spring-jcl/5.3.23/spring-jcl-5.3.23.jar:/home/runner/.m2/repository/org/springframework/spring-tx/5.3.23/spring-tx-5.3.23.jar:/home/runner/.m2/repository/org/apache/ozone/ozone-client/1.3.0-SNAPSHOT/ozone-client-1.3.0-SNAPSHOT.jar:/home/runner/.m2/repository/org/apache/ozone/hdds-erasurecode/1.3.0-SNAPSHOT/hdds-erasurecode-1.3.0-SNAPSHOT.jar:/home/runner/.m2/repository/org/apache/ozone/ozone-filesystem/1.3.0-SNAPSHOT/ozone-filesystem-1.3.0-SNAPSHOT.jar:/home/runner/.m2/repository/org/apache/ozone/ozone-filesystem-common/1.3.0-SNAPSHOT/ozone-filesystem-common-1.3.0-SNAPSHOT.jar:/home/runner/.m2/repository/org/apache/ozone/ozone-tools/1.3.0-SNAPSHOT/ozone-tools-1.3.0-SNAPSHOT.jar:/home/runner/.m2/repository/org/apache/ratis/ratis-tools/2.4.0/ratis-tools-2.4.0.jar:/home/runner/.m2/repository/com/amazonaws/aws-java-sdk-core/1.12.261/aws-java-sdk-core-1.12.261.jar:/home/runner/.m2/repository/org/apache/httpcomponents/httpclient/4.5.13/httpclient-4.5.13.jar:/home/runner/.m2/repository/org/apache/httpcomponents/httpcore/4.4.13/httpcore-4.4.13.jar:/home/runner/.m2/repository/software/amazon/ion/ion-java/1.0.2/ion-java-1.0.2.jar:/home/runner/.m2/repository/com/fasterxml/jackson/dataformat/jackson-dataformat-cbor/2.13.4/jackson-dataformat-cbor-2.13.4.jar:/home/runner/.m2/repository/joda-time/joda-time/2.8.1/joda-time-2.8.1.jar:/home/runner/.m2/repository/com/amazonaws/aws-java-sdk-s3/1.12.261/aws-java-sdk-s3-1.12.261.jar:/home/runner/.m2/repository/com/amazonaws/aws-java-sdk-kms/1.12.261/aws-java-sdk-kms-1.12.261.jar:/home/runner/.m2/repository/com/amazonaws/jmespath-java/1.12.261/jmespath-java-1.12.261.jar:/home/runner/.m2/repository/org/kohsuke/metainf-services/metainf-services/1.8/metainf-services-1.8.jar:/home/runner/.m2/repository/org/apache/ozone/hdds-tools/1.3.0-SNAPSHOT/hdds-tools-1.3.0-SNAPSHOT.jar:/home/runner/.m2/repository/commons-cli/commons-cli/1.2/commons-cli-1.2.jar:/home/runner/.m2/repository/org/apache/commons/commons-lang3/3.7/commons-lang3-3.7.jar:/home/runner/.m2/repository/org/apache/ozone/ozone-manager/1.3.0-SNAPSHOT/ozone-manager-1.3.0-SNAPSHOT-tests.jar:/home/runner/.m2/repository/org/apache/ozone/hdds-common/1.3.0-SNAPSHOT/hdds-common-1.3.0-SNAPSHOT-tests.jar:/home/runner/.m2/repository/org/apache/ozone/hdds-hadoop-dependency-client/1.3.0-SNAPSHOT/hdds-hadoop-dependency-client-1.3.0-SNAPSHOT.jar:/home/runner/.m2/repository/info/picocli/picocli/4.6.1/picocli-4.6.1.jar:/home/runner/.m2/repository/com/fasterxml/jackson/core/jackson-annotations/2.13.4/jackson-annotations-2.13.4.jar:/home/runner/.m2/repository/com/fasterxml/jackson/datatype/jackson-datatype-jsr310/2.13.4/jackson-datatype-jsr310-2.13.4.jar:/home/runner/.m2/repository/org/apache/ozone/hdds-annotation-processing/1.3.0-SNAPSHOT/hdds-annotation-processing-1.3.0-SNAPSHOT.jar:/home/runner/.m2/repository/javax/annotation/javax.annotation-api/1.2/javax.annotation-api-1.2.jar:/home/runner/.m2/repository/org/apache/ratis/ratis-server/2.4.0/ratis-server-2.4.0.jar:/home/runner/.m2/repository/org/apache/ratis/ratis-client/2.4.0/ratis-client-2.4.0.jar:/home/runner/.m2/repository/org/apache/ratis/ratis-server-api/2.4.0/ratis-server-api-2.4.0.jar:/home/runner/.m2/repository/org/apache/ratis/ratis-metrics/2.4.0/ratis-metrics-2.4.0.jar:/home/runner/.m2/repository/org/apache/ratis/ratis-netty/2.4.0/ratis-netty-2.4.0.jar:/home/runner/.m2/repository/org/apache/ratis/ratis-grpc/2.4.0/ratis-grpc-2.4.0.jar:/home/runner/.m2/repository/org/apache/logging/log4j/log4j-api/2.17.1/log4j-api-2.17.1.jar:/home/runner/.m2/repository/org/apache/commons/commons-pool2/2.6.0/commons-pool2-2.6.0.jar:/home/runner/.m2/repository/org/bouncycastle/bcpkix-jdk15on/1.67/bcpkix-jdk15on-1.67.jar:/home/runner/.m2/repository/commons-validator/commons-validator/1.6/commons-validator-1.6.jar:/home/runner/.m2/repository/commons-beanutils/commons-beanutils/1.9.4/commons-beanutils-1.9.4.jar:/home/runner/.m2/repository/commons-digester/commons-digester/1.8.1/commons-digester-1.8.1.jar:/home/runner/.m2/repository/commons-collections/commons-collections/3.2.2/commons-collections-3.2.2.jar:/home/runner/.m2/repository/io/jaegertracing/jaeger-client/1.6.0/jaeger-client-1.6.0.jar:/home/runner/.m2/repository/io/jaegertracing/jaeger-thrift/1.6.0/jaeger-thrift-1.6.0.jar:/home/runner/.m2/repository/org/apache/thrift/libthrift/0.14.1/libthrift-0.14.1.jar:/home/runner/.m2/repository/io/jaegertracing/jaeger-core/1.6.0/jaeger-core-1.6.0.jar:/home/runner/.m2/repository/io/jaegertracing/jaeger-tracerresolver/1.6.0/jaeger-tracerresolver-1.6.0.jar:/home/runner/.m2/repository/io/opentracing/contrib/opentracing-tracerresolver/0.1.8/opentracing-tracerresolver-0.1.8.jar:/home/runner/.m2/repository/org/jetbrains/kotlin/kotlin-stdlib/1.6.21/kotlin-stdlib-1.6.21.jar:/home/runner/.m2/repository/org/jetbrains/annotations/13.0/annotations-13.0.jar:/home/runner/.m2/repository/io/opentracing/opentracing-util/0.33.0/opentracing-util-0.33.0.jar:/home/runner/.m2/repository/io/opentracing/opentracing-api/0.33.0/opentracing-api-0.33.0.jar:/home/runner/.m2/repository/io/opentracing/opentracing-noop/0.33.0/opentracing-noop-0.33.0.jar:/home/runner/.m2/repository/org/yaml/snakeyaml/1.33/snakeyaml-1.33.jar:/home/runner/.m2/repository/org/apache/ozone/hdds-interface-admin/1.3.0-SNAPSHOT/hdds-interface-admin-1.3.0-SNAPSHOT.jar:/home/runner/.m2/repository/junit/junit/4.13.1/junit-4.13.1.jar:/home/runner/.m2/repository/org/hamcrest/hamcrest-core/1.3/hamcrest-core-1.3.jar:/home/runner/.m2/repository/org/junit/jupiter/junit-jupiter-api/5.8.2/junit-jupiter-api-5.8.2.jar:/home/runner/.m2/repository/org/opentest4j/opentest4j/1.2.0/opentest4j-1.2.0.jar:/home/runner/.m2/repository/org/junit/platform/junit-platform-commons/1.8.2/junit-platform-commons-1.8.2.jar:/home/runner/.m2/repository/org/apiguardian/apiguardian-api/1.1.2/apiguardian-api-1.1.2.jar:/home/runner/.m2/repository/org/junit/jupiter/junit-jupiter-params/5.8.2/junit-jupiter-params-5.8.2.jar:/home/runner/.m2/repository/org/junit/jupiter/junit-jupiter-migrationsupport/5.8.2/junit-jupiter-migrationsupport-5.8.2.jar:/home/runner/.m2/repository/org/junit/jupiter/junit-jupiter-engine/5.8.2/junit-jupiter-engine-5.8.2.jar:/home/runner/.m2/repository/org/junit/platform/junit-platform-engine/1.8.2/junit-platform-engine-1.8.2.jar:/home/runner/.m2/repository/org/junit/vintage/junit-vintage-engine/5.8.2/junit-vintage-engine-5.8.2.jar:/home/runner/.m2/repository/org/junit/platform/junit-platform-launcher/1.8.2/junit-platform-launcher-1.8.2.jar:/home/runner/.m2/repository/org/mockito/mockito-core/2.28.2/mockito-core-2.28.2.jar:/home/runner/.m2/repository/net/bytebuddy/byte-buddy/1.9.10/byte-buddy-1.9.10.jar:/home/runner/.m2/repository/net/bytebuddy/byte-buddy-agent/1.9.10/byte-buddy-agent-1.9.10.jar:/home/runner/.m2/repository/org/objenesis/objenesis/1.0/objenesis-1.0.jar:/home/runner/.m2/repository/org/apache/hadoop/hadoop-kms/3.3.4/hadoop-kms-3.3.4.jar:/home/runner/.m2/repository/org/apache/hadoop/hadoop-auth/3.3.4/hadoop-auth-3.3.4.jar:/home/runner/.m2/repository/com/nimbusds/nimbus-jose-jwt/7.9/nimbus-jose-jwt-7.9.jar:/home/runner/.m2/repository/com/github/stephenc/jcip/jcip-annotations/1.0-1/jcip-annotations-1.0-1.jar:/home/runner/.m2/repository/net/minidev/json-smart/2.4.7/json-smart-2.4.7.jar:/home/runner/.m2/repository/net/minidev/accessors-smart/2.4.7/accessors-smart-2.4.7.jar:/home/runner/.m2/repository/org/ow2/asm/asm/5.0.4/asm-5.0.4.jar:/home/runner/.m2/repository/org/apache/zookeeper/zookeeper/3.5.6/zookeeper-3.5.6.jar:/home/runner/.m2/repository/org/apache/zookeeper/zookeeper-jute/3.5.6/zookeeper-jute-3.5.6.jar:/home/runner/.m2/repository/org/apache/yetus/audience-annotations/0.5.0/audience-annotations-0.5.0.jar:/home/runner/.m2/repository/org/apache/curator/curator-framework/4.2.0/curator-framework-4.2.0.jar:/home/runner/.m2/repository/org/apache/hadoop/thirdparty/hadoop-shaded-guava/1.1.1/hadoop-shaded-guava-1.1.1.jar:/home/runner/.m2/repository/com/sun/jersey/jersey-core/1.19/jersey-core-1.19.jar:/home/runner/.m2/repository/javax/ws/rs/jsr311-api/1.1.1/jsr311-api-1.1.1.jar:/home/runner/.m2/repository/com/sun/jersey/jersey-server/1.19/jersey-server-1.19.jar:/home/runner/.m2/repository/javax/servlet/javax.servlet-api/3.1.0/javax.servlet-api-3.1.0.jar:/home/runner/.m2/repository/org/eclipse/jetty/jetty-server/9.4.49.v20220914/jetty-server-9.4.49.v20220914.jar:/home/runner/.m2/repository/org/eclipse/jetty/jetty-http/9.4.49.v20220914/jetty-http-9.4.49.v20220914.jar:/home/runner/.m2/repository/org/eclipse/jetty/jetty-io/9.4.49.v20220914/jetty-io-9.4.49.v20220914.jar:/home/runner/.m2/repository/org/eclipse/jetty/jetty-webapp/9.4.49.v20220914/jetty-webapp-9.4.49.v20220914.jar:/home/runner/.m2/repository/org/eclipse/jetty/jetty-xml/9.4.49.v20220914/jetty-xml-9.4.49.v20220914.jar:/home/runner/.m2/repository/org/apache/hadoop/hadoop-common/3.3.4/hadoop-common-3.3.4.jar:/home/runner/.m2/repository/org/apache/commons/commons-math3/3.1.1/commons-math3-3.1.1.jar:/home/runner/.m2/repository/commons-net/commons-net/3.6/commons-net-3.6.jar:/home/runner/.m2/repository/com/sun/jersey/jersey-servlet/1.19/jersey-servlet-1.19.jar:/home/runner/.m2/repository/com/sun/jersey/jersey-json/1.19/jersey-json-1.19.jar:/home/runner/.m2/repository/org/codehaus/jettison/jettison/1.1/jettison-1.1.jar:/home/runner/.m2/repository/com/sun/xml/bind/jaxb-impl/2.2.3-1/jaxb-impl-2.2.3-1.jar:/home/runner/.m2/repository/org/codehaus/jackson/jackson-xc/1.9.2/jackson-xc-1.9.2.jar:/home/runner/.m2/repository/com/google/re2j/re2j/1.1/re2j-1.1.jar:/home/runner/.m2/repository/com/jcraft/jsch/0.1.54/jsch-0.1.54.jar:/home/runner/.m2/repository/org/apache/curator/curator-client/4.2.0/curator-client-4.2.0.jar:/home/runner/.m2/repository/org/apache/curator/curator-recipes/4.2.0/curator-recipes-4.2.0.jar:/home/runner/.m2/repository/org/apache/kerby/kerb-core/1.0.1/kerb-core-1.0.1.jar:/home/runner/.m2/repository/org/apache/kerby/kerby-pkix/1.0.1/kerby-pkix-1.0.1.jar:/home/runner/.m2/repository/org/apache/kerby/kerby-asn1/1.0.1/kerby-asn1-1.0.1.jar:/home/runner/.m2/repository/org/apache/kerby/kerby-util/1.0.1/kerby-util-1.0.1.jar:/home/runner/.m2/repository/dnsjava/dnsjava/2.1.7/dnsjava-2.1.7.jar:/home/runner/.m2/repository/org/xerial/snappy/snappy-java/1.1.8.2/snappy-java-1.1.8.2.jar:/home/runner/.m2/repository/org/eclipse/jetty/jetty-util/9.4.49.v20220914/jetty-util-9.4.49.v20220914.jar:/home/runner/.m2/repository/com/fasterxml/jackson/core/jackson-databind/2.13.4.2/jackson-databind-2.13.4.2.jar:/home/runner/.m2/repository/org/apache/hadoop/hadoop-kms/3.3.4/hadoop-kms-3.3.4-tests.jar:/home/runner/.m2/repository/org/apache/ozone/hdds-server-scm/1.3.0-SNAPSHOT/hdds-server-scm-1.3.0-SNAPSHOT-tests.jar:/home/runner/.m2/repository/org/apache/ozone/hdds-container-service/1.3.0-SNAPSHOT/hdds-container-service-1.3.0-SNAPSHOT-tests.jar:/home/runner/.m2/repository/commons-codec/commons-codec/1.11/commons-codec-1.11.jar:/home/runner/.m2/repository/io/netty/netty-codec/4.1.79.Final/netty-codec-4.1.79.Final.jar:/home/runner/.m2/repository/io/netty/netty-handler/4.1.79.Final/netty-handler-4.1.79.Final.jar:/home/runner/.m2/repository/org/apache/ozone/hdds-hadoop-dependency-test/1.3.0-SNAPSHOT/hdds-hadoop-dependency-test-1.3.0-SNAPSHOT.jar:/home/runner/.m2/repository/org/apache/hadoop/hadoop-common/3.3.4/hadoop-common-3.3.4-tests.jar:/home/runner/.m2/repository/org/apache/hadoop/hadoop-hdfs/3.3.4/hadoop-hdfs-3.3.4-tests.jar:/home/runner/.m2/repository/org/assertj/assertj-core/3.12.2/assertj-core-3.12.2.jar:/home/runner/.m2/repository/org/apache/hadoop/hadoop-distcp/3.3.4/hadoop-distcp-3.3.4.jar:/home/runner/.m2/repository/org/apache/hadoop/hadoop-mapreduce-client-jobclient/3.3.4/hadoop-mapreduce-client-jobclient-3.3.4.jar:/home/runner/.m2/repository/org/apache/hadoop/hadoop-mapreduce-client-common/3.3.4/hadoop-mapreduce-client-common-3.3.4.jar:/home/runner/.m2/repository/org/apache/hadoop/hadoop-yarn-common/3.3.4/hadoop-yarn-common-3.3.4.jar:/home/runner/.m2/repository/org/apache/hadoop/hadoop-yarn-api/3.3.4/hadoop-yarn-api-3.3.4.jar:/home/runner/.m2/repository/com/sun/jersey/contribs/jersey-guice/1.19/jersey-guice-1.19.jar:/home/runner/.m2/repository/com/fasterxml/jackson/jaxrs/jackson-jaxrs-json-provider/2.13.4/jackson-jaxrs-json-provider-2.13.4.jar:/home/runner/.m2/repository/com/fasterxml/jackson/jaxrs/jackson-jaxrs-base/2.13.4/jackson-jaxrs-base-2.13.4.jar:/home/runner/.m2/repository/org/apache/hadoop/hadoop-yarn-client/3.3.4/hadoop-yarn-client-3.3.4.jar:/home/runner/.m2/repository/org/eclipse/jetty/websocket/websocket-client/9.4.43.v20210629/websocket-client-9.4.43.v20210629.jar:/home/runner/.m2/repository/org/eclipse/jetty/websocket/websocket-common/9.4.43.v20210629/websocket-common-9.4.43.v20210629.jar:/home/runner/.m2/repository/org/eclipse/jetty/websocket/websocket-api/9.4.43.v20210629/websocket-api-9.4.43.v20210629.jar:/home/runner/.m2/repository/org/jline/jline/3.9.0/jline-3.9.0.jar:/home/runner/.m2/repository/org/apache/hadoop/hadoop-mapreduce-client-core/3.3.4/hadoop-mapreduce-client-core-3.3.4.jar:/home/runner/.m2/repository/org/apache/avro/avro/1.7.7/avro-1.7.7.jar:/home/runner/.m2/repository/org/codehaus/jackson/jackson-core-asl/1.9.13/jackson-core-asl-1.9.13.jar:/home/runner/.m2/repository/org/codehaus/jackson/jackson-mapper-asl/1.9.13/jackson-mapper-asl-1.9.13.jar:/home/runner/.m2/repository/com/thoughtworks/paranamer/paranamer/2.3/paranamer-2.3.jar:/home/runner/.m2/repository/org/apache/hadoop/hadoop-annotations/3.3.4/hadoop-annotations-3.3.4.jar:/usr/lib/jvm/temurin-8-jdk-amd64/jre/../lib/tools.jar:/home/runner/.m2/repository/io/netty/netty/3.10.6.Final/netty-3.10.6.Final.jar:/home/runner/.m2/repository/org/apache/hadoop/hadoop-distcp/3.3.4/hadoop-distcp-3.3.4-tests.jar:/home/runner/.m2/repository/org/slf4j/jul-to-slf4j/1.7.36/jul-to-slf4j-1.7.36.jar:/home/runner/.m2/repository/org/apache/ratis/ratis-common/2.4.0/ratis-common-2.4.0.jar:/home/runner/.m2/repository/org/apache/ratis/ratis-thirdparty-misc/1.0.2/ratis-thirdparty-misc-1.0.2.jar:/home/runner/.m2/repository/org/apache/ratis/ratis-proto/2.4.0/ratis-proto-2.4.0.jar:"/>
    <property name="sun.cpu.endian" value="little"/>
    <property name="user.home" value="/home/runner"/>
    <property name="user.language" value="en"/>
    <property name="java.specification.vendor" value="Oracle Corporation"/>
    <property name="java.home" value="/usr/lib/jvm/temurin-8-jdk-amd64/jre"/>
    <property name="java.security.krb5.conf" value="/home/runner/work/ozone/ozone/hadoop-ozone/integration-test/target/test-classes/krb5.conf"/>
    <property name="basedir" value="/home/runner/work/ozone/ozone/hadoop-ozone/integration-test"/>
    <property name="file.separator" value="/"/>
    <property name="line.separator" value="&#10;"/>
    <property name="java.vm.specification.vendor" value="Oracle Corporation"/>
    <property name="java.specification.name" value="Java Platform API Specification"/>
    <property name="java.awt.graphicsenv" value="sun.awt.X11GraphicsEnvironment"/>
    <property name="skip.installnpx" value="true"/>
    <property name="surefire.real.class.path" value="/home/runner/work/ozone/ozone/hadoop-ozone/integration-test/target/surefire/surefirebooter6409670590862960068.jar:/home/runner/.m2/repository/org/jacoco/org.jacoco.agent/0.8.5/org.jacoco.agent-0.8.5-runtime.jar"/>
    <property name="hadoop.log.dir" value="/home/runner/work/ozone/ozone/hadoop-ozone/integration-test/target/log"/>
    <property name="sun.boot.class.path" value="/usr/lib/jvm/temurin-8-jdk-amd64/jre/lib/resources.jar:/usr/lib/jvm/temurin-8-jdk-amd64/jre/lib/rt.jar:/usr/lib/jvm/temurin-8-jdk-amd64/jre/lib/sunrsasign.jar:/usr/lib/jvm/temurin-8-jdk-amd64/jre/lib/jsse.jar:/usr/lib/jvm/temurin-8-jdk-amd64/jre/lib/jce.jar:/usr/lib/jvm/temurin-8-jdk-amd64/jre/lib/charsets.jar:/usr/lib/jvm/temurin-8-jdk-amd64/jre/lib/jfr.jar:/usr/lib/jvm/temurin-8-jdk-amd64/jre/classes"/>
    <property name="sun.management.compiler" value="HotSpot 64-Bit Tiered Compilers"/>
    <property name="skip.npx" value="true"/>
    <property name="java.runtime.version" value="1.8.0_345-b01"/>
    <property name="java.net.preferIPv4Stack" value="true"/>
    <property name="user.name" value="runner"/>
    <property name="path.separator" value=":"/>
    <property name="java.security.egd" value="file:///dev/urandom"/>
    <property name="os.version" value="5.15.0-1022-azure"/>
    <property name="java.endorsed.dirs" value="/usr/lib/jvm/temurin-8-jdk-amd64/jre/lib/endorsed"/>
    <property name="java.runtime.name" value="OpenJDK Runtime Environment"/>
    <property name="file.encoding" value="UTF-8"/>
    <property name="java.vm.name" value="OpenJDK 64-Bit Server VM"/>
    <property name="test.build.webapps" value=""/>
    <property name="localRepository" value="/home/runner/.m2/repository"/>
    <property name="jetty.git.hash" value="4231a3b2e4cb8548a412a789936d640a97b1aa0a"/>
    <property name="java.vendor.url.bug" value="https://github.com/adoptium/adoptium-support/issues"/>
    <property name="java.io.tmpdir" value="/tmp"/>
    <property name="require.test.libhadoop" value=""/>
    <property name="java.version" value="1.8.0_345"/>
    <property name="user.dir" value="/home/runner/work/ozone/ozone/hadoop-ozone/integration-test"/>
    <property name="os.arch" value="amd64"/>
    <property name="java.vm.specification.name" value="Java Virtual Machine Specification"/>
    <property name="test.build.classes" value="/home/runner/work/ozone/ozone/hadoop-ozone/integration-test/target/test-classes"/>
    <property name="java.awt.printerjob" value="sun.print.PSPrinterJob"/>
    <property name="sun.os.patch.level" value="unknown"/>
    <property name="org.apache.ratis.thirdparty.io.netty.allocator.useCacheForAllThreads" value="false"/>
    <property name="hadoop.tmp.dir" value="/home/runner/work/ozone/ozone/hadoop-ozone/integration-test/target/tmp"/>
    <property name="java.library.path" value="/usr/java/packages/lib/amd64:/usr/lib64:/lib64:/lib:/usr/lib"/>
    <property name="java.vm.info" value="mixed mode"/>
    <property name="java.vendor" value="Temurin"/>
    <property name="java.vm.version" value="25.345-b01"/>
    <property name="java.ext.dirs" value="/usr/lib/jvm/temurin-8-jdk-amd64/jre/lib/ext:/usr/java/packages/lib/ext"/>
    <property name="sun.io.unicode.encoding" value="UnicodeLittle"/>
    <property name="java.class.version" value="52.0"/>
  </properties>
  <testcase name="testAutomaticPipelineCreationOnPipelineDestroy" classname="org.apache.hadoop.hdds.scm.pipeline.TestRatisPipelineCreateAndDestroy" time="94.129">
    <error type="java.util.concurrent.TimeoutException"><![CDATA[java.util.concurrent.TimeoutException: 
Timed out waiting for condition. Thread diagnostics:
Timestamp: 2022-11-08 06:33:09,208

"ea638ff9-1ace-4fa2-9837-fa4aefb4be68@group-4E379A91CD26-StateMachineUpdater" daemon prio=5 tid=494 timed_waiting
java.lang.Thread.State: TIMED_WAITING
        at sun.misc.Unsafe.park(Native Method)
        at java.util.concurrent.locks.LockSupport.parkNanos(LockSupport.java:215)
        at java.util.concurrent.CompletableFuture$Signaller.block(CompletableFuture.java:1709)
        at java.util.concurrent.ForkJoinPool.managedBlock(ForkJoinPool.java:3323)
        at java.util.concurrent.CompletableFuture.timedGet(CompletableFuture.java:1788)
        at java.util.concurrent.CompletableFuture.get(CompletableFuture.java:1928)
        at org.apache.ratis.util.AwaitForSignal.await(AwaitForSignal.java:56)
        at org.apache.ratis.server.impl.StateMachineUpdater.waitForCommit(StateMachineUpdater.java:207)
        at org.apache.ratis.server.impl.StateMachineUpdater.run(StateMachineUpdater.java:176)
        at java.lang.Thread.run(Thread.java:750)
"IPC Server handler 17 on default port 39283" daemon prio=5 tid=105 timed_waiting
java.lang.Thread.State: TIMED_WAITING
        at sun.misc.Unsafe.park(Native Method)
        at java.util.concurrent.locks.LockSupport.parkNanos(LockSupport.java:215)
        at java.util.concurrent.locks.AbstractQueuedSynchronizer$ConditionObject.awaitNanos(AbstractQueuedSynchronizer.java:2078)
        at java.util.concurrent.LinkedBlockingQueue.poll(LinkedBlockingQueue.java:467)
        at org.apache.hadoop.ipc.CallQueueManager.take(CallQueueManager.java:317)
        at org.apache.hadoop.ipc.Server$Handler.run(Server.java:2942)
"31d5b2a7-dd00-41c8-9482-fa5c506864d0@group-73C734729954-StateMachineUpdater" daemon prio=5 tid=443 timed_waiting
java.lang.Thread.State: TIMED_WAITING
        at sun.misc.Unsafe.park(Native Method)
        at java.util.concurrent.locks.LockSupport.parkNanos(LockSupport.java:215)
        at java.util.concurrent.CompletableFuture$Signaller.block(CompletableFuture.java:1709)
        at java.util.concurrent.ForkJoinPool.managedBlock(ForkJoinPool.java:3323)
        at java.util.concurrent.CompletableFuture.timedGet(CompletableFuture.java:1788)
        at java.util.concurrent.CompletableFuture.get(CompletableFuture.java:1928)
        at org.apache.ratis.util.AwaitForSignal.await(AwaitForSignal.java:56)
        at org.apache.ratis.server.impl.StateMachineUpdater.waitForCommit(StateMachineUpdater.java:207)
        at org.apache.ratis.server.impl.StateMachineUpdater.run(StateMachineUpdater.java:176)
        at java.lang.Thread.run(Thread.java:750)
"qtp114743324-115" daemon prio=5 tid=115 timed_waiting
java.lang.Thread.State: TIMED_WAITING
        at sun.misc.Unsafe.park(Native Method)
        at java.util.concurrent.locks.LockSupport.parkNanos(LockSupport.java:215)
        at java.util.concurrent.locks.AbstractQueuedSynchronizer$ConditionObject.awaitNanos(AbstractQueuedSynchronizer.java:2078)
        at org.eclipse.jetty.util.BlockingArrayQueue.poll(BlockingArrayQueue.java:382)
        at org.eclipse.jetty.util.thread.QueuedThreadPool$Runner.idleJobPoll(QueuedThreadPool.java:974)
        at org.eclipse.jetty.util.thread.QueuedThreadPool$Runner.run(QueuedThreadPool.java:1018)
        at java.lang.Thread.run(Thread.java:750)
"timer0" daemon prio=5 tid=569 timed_waiting
java.lang.Thread.State: TIMED_WAITING
        at java.lang.Object.wait(Native Method)
        at java.util.TimerThread.mainLoop(Timer.java:552)
        at java.util.TimerThread.run(Timer.java:505)
"JvmPauseMonitor0" daemon prio=5 tid=140 timed_waiting
java.lang.Thread.State: TIMED_WAITING
        at java.lang.Thread.sleep(Native Method)
        at java.lang.Thread.sleep(Thread.java:342)
        at java.util.concurrent.TimeUnit.sleep(TimeUnit.java:386)
        at org.apache.ratis.util.TimeDuration.sleep(TimeDuration.java:325)
        at org.apache.ratis.util.TimeDuration.sleep(TimeDuration.java:310)
        at org.apache.ratis.util.JvmPauseMonitor.detectPause(JvmPauseMonitor.java:119)
        at org.apache.ratis.util.JvmPauseMonitor.run(JvmPauseMonitor.java:108)
        at org.apache.ratis.util.JvmPauseMonitor$$Lambda$730/418902856.run(Unknown Source)
        at java.lang.Thread.run(Thread.java:750)
"IPC Server handler 6 on default port 41227" daemon prio=5 tid=54 timed_waiting
java.lang.Thread.State: TIMED_WAITING
        at sun.misc.Unsafe.park(Native Method)
        at java.util.concurrent.locks.LockSupport.parkNanos(LockSupport.java:215)
        at java.util.concurrent.locks.AbstractQueuedSynchronizer$ConditionObject.awaitNanos(AbstractQueuedSynchronizer.java:2078)
        at java.util.concurrent.LinkedBlockingQueue.poll(LinkedBlockingQueue.java:467)
        at org.apache.hadoop.ipc.CallQueueManager.take(CallQueueManager.java:317)
        at org.apache.hadoop.ipc.Server$Handler.run(Server.java:2942)
"IPC Server handler 19 on default port 39283" daemon prio=5 tid=107 timed_waiting
java.lang.Thread.State: TIMED_WAITING
        at sun.misc.Unsafe.park(Native Method)
        at java.util.concurrent.locks.LockSupport.parkNanos(LockSupport.java:215)
        at java.util.concurrent.locks.AbstractQueuedSynchronizer$ConditionObject.awaitNanos(AbstractQueuedSynchronizer.java:2078)
        at java.util.concurrent.LinkedBlockingQueue.poll(LinkedBlockingQueue.java:467)
        at org.apache.hadoop.ipc.CallQueueManager.take(CallQueueManager.java:317)
        at org.apache.hadoop.ipc.Server$Handler.run(Server.java:2942)
"EventQueue-OpenPipelineForHealthyPipelineSafeModeRule" daemon prio=5 tid=420 in Object.wait()
java.lang.Thread.State: WAITING (on object monitor)
        at sun.misc.Unsafe.park(Native Method)
        at java.util.concurrent.locks.LockSupport.park(LockSupport.java:175)
        at java.util.concurrent.locks.AbstractQueuedSynchronizer$ConditionObject.await(AbstractQueuedSynchronizer.java:2039)
        at java.util.concurrent.LinkedBlockingQueue.take(LinkedBlockingQueue.java:442)
        at java.util.concurrent.ThreadPoolExecutor.getTask(ThreadPoolExecutor.java:1074)
        at java.util.concurrent.ThreadPoolExecutor.runWorker(ThreadPoolExecutor.java:1134)
        at java.util.concurrent.ThreadPoolExecutor$Worker.run(ThreadPoolExecutor.java:624)
        at java.lang.Thread.run(Thread.java:750)
"Timer-0"  prio=5 tid=141 timed_waiting
java.lang.Thread.State: TIMED_WAITING
        at java.lang.Object.wait(Native Method)
        at java.util.TimerThread.mainLoop(Timer.java:552)
        at java.util.TimerThread.run(Timer.java:505)
"StaleRecoveringContainerScrubbingService#2" daemon prio=5 tid=632 in Object.wait()
java.lang.Thread.State: WAITING (on object monitor)
        at sun.misc.Unsafe.park(Native Method)
        at java.util.concurrent.locks.LockSupport.park(LockSupport.java:175)
        at java.util.concurrent.locks.AbstractQueuedSynchronizer$ConditionObject.await(AbstractQueuedSynchronizer.java:2039)
        at java.util.concurrent.ScheduledThreadPoolExecutor$DelayedWorkQueue.take(ScheduledThreadPoolExecutor.java:1088)
        at java.util.concurrent.ScheduledThreadPoolExecutor$DelayedWorkQueue.take(ScheduledThreadPoolExecutor.java:809)
        at java.util.concurrent.ThreadPoolExecutor.getTask(ThreadPoolExecutor.java:1074)
        at java.util.concurrent.ThreadPoolExecutor.runWorker(ThreadPoolExecutor.java:1134)
        at java.util.concurrent.ThreadPoolExecutor$Worker.run(ThreadPoolExecutor.java:624)
        at java.lang.Thread.run(Thread.java:750)
"IPC Server handler 10 on default port 40183" daemon prio=5 tid=165 timed_waiting
java.lang.Thread.State: TIMED_WAITING
        at sun.misc.Unsafe.park(Native Method)
        at java.util.concurrent.locks.LockSupport.parkNanos(LockSupport.java:215)
        at java.util.concurrent.locks.AbstractQueuedSynchronizer$ConditionObject.awaitNanos(AbstractQueuedSynchronizer.java:2078)
        at java.util.concurrent.LinkedBlockingQueue.poll(LinkedBlockingQueue.java:467)
        at org.apache.hadoop.ipc.CallQueueManager.take(CallQueueManager.java:317)
        at org.apache.hadoop.ipc.Server$Handler.run(Server.java:2942)
"BlockDeletingService#1" daemon prio=5 tid=359 timed_waiting
java.lang.Thread.State: TIMED_WAITING
        at sun.misc.Unsafe.park(Native Method)
        at java.util.concurrent.locks.LockSupport.parkNanos(LockSupport.java:215)
        at java.util.concurrent.locks.AbstractQueuedSynchronizer$ConditionObject.awaitNanos(AbstractQueuedSynchronizer.java:2078)
        at java.util.concurrent.ScheduledThreadPoolExecutor$DelayedWorkQueue.take(ScheduledThreadPoolExecutor.java:1093)
        at java.util.concurrent.ScheduledThreadPoolExecutor$DelayedWorkQueue.take(ScheduledThreadPoolExecutor.java:809)
        at java.util.concurrent.ThreadPoolExecutor.getTask(ThreadPoolExecutor.java:1074)
        at java.util.concurrent.ThreadPoolExecutor.runWorker(ThreadPoolExecutor.java:1134)
        at java.util.concurrent.ThreadPoolExecutor$Worker.run(ThreadPoolExecutor.java:624)
        at java.lang.Thread.run(Thread.java:750)
"ChunkWriter-0-0" daemon prio=5 tid=350 in Object.wait()
java.lang.Thread.State: WAITING (on object monitor)
        at sun.misc.Unsafe.park(Native Method)
        at java.util.concurrent.locks.LockSupport.park(LockSupport.java:175)
        at java.util.concurrent.locks.AbstractQueuedSynchronizer$ConditionObject.await(AbstractQueuedSynchronizer.java:2039)
        at java.util.concurrent.LinkedBlockingDeque.takeFirst(LinkedBlockingDeque.java:492)
        at java.util.concurrent.LinkedBlockingDeque.take(LinkedBlockingDeque.java:680)
        at java.util.concurrent.ThreadPoolExecutor.getTask(ThreadPoolExecutor.java:1074)
        at java.util.concurrent.ThreadPoolExecutor.runWorker(ThreadPoolExecutor.java:1134)
        at java.util.concurrent.ThreadPoolExecutor$Worker.run(ThreadPoolExecutor.java:624)
        at java.lang.Thread.run(Thread.java:750)
"IPC Server handler 5 on default port 45385" daemon prio=5 tid=73 timed_waiting
java.lang.Thread.State: TIMED_WAITING
        at sun.misc.Unsafe.park(Native Method)
        at java.util.concurrent.locks.LockSupport.parkNanos(LockSupport.java:215)
        at java.util.concurrent.locks.AbstractQueuedSynchronizer$ConditionObject.awaitNanos(AbstractQueuedSynchronizer.java:2078)
        at java.util.concurrent.LinkedBlockingQueue.poll(LinkedBlockingQueue.java:467)
        at org.apache.hadoop.ipc.CallQueueManager.take(CallQueueManager.java:317)
        at org.apache.hadoop.ipc.Server$Handler.run(Server.java:2942)
"Datanode ReportManager Thread - 3" daemon prio=5 tid=226 in Object.wait()
java.lang.Thread.State: WAITING (on object monitor)
        at sun.misc.Unsafe.park(Native Method)
        at java.util.concurrent.locks.LockSupport.park(LockSupport.java:175)
        at java.util.concurrent.locks.AbstractQueuedSynchronizer$ConditionObject.await(AbstractQueuedSynchronizer.java:2039)
        at java.util.concurrent.ScheduledThreadPoolExecutor$DelayedWorkQueue.take(ScheduledThreadPoolExecutor.java:1088)
        at java.util.concurrent.ScheduledThreadPoolExecutor$DelayedWorkQueue.take(ScheduledThreadPoolExecutor.java:809)
        at java.util.concurrent.ThreadPoolExecutor.getTask(ThreadPoolExecutor.java:1074)
        at java.util.concurrent.ThreadPoolExecutor.runWorker(ThreadPoolExecutor.java:1134)
        at java.util.concurrent.ThreadPoolExecutor$Worker.run(ThreadPoolExecutor.java:624)
        at java.lang.Thread.run(Thread.java:750)
"ChunkWriter-0-0" daemon prio=5 tid=404 in Object.wait()
java.lang.Thread.State: WAITING (on object monitor)
        at sun.misc.Unsafe.park(Native Method)
        at java.util.concurrent.locks.LockSupport.park(LockSupport.java:175)
        at java.util.concurrent.locks.AbstractQueuedSynchronizer$ConditionObject.await(AbstractQueuedSynchronizer.java:2039)
        at java.util.concurrent.LinkedBlockingDeque.takeFirst(LinkedBlockingDeque.java:492)
        at java.util.concurrent.LinkedBlockingDeque.take(LinkedBlockingDeque.java:680)
        at java.util.concurrent.ThreadPoolExecutor.getTask(ThreadPoolExecutor.java:1074)
        at java.util.concurrent.ThreadPoolExecutor.runWorker(ThreadPoolExecutor.java:1134)
        at java.util.concurrent.ThreadPoolExecutor$Worker.run(ThreadPoolExecutor.java:624)
        at java.lang.Thread.run(Thread.java:750)
"EventQueue-NodeRegistrationContainerReportForDataNodeSafeModeRule" daemon prio=5 tid=399 in Object.wait()
java.lang.Thread.State: WAITING (on object monitor)
        at sun.misc.Unsafe.park(Native Method)
        at java.util.concurrent.locks.LockSupport.park(LockSupport.java:175)
        at java.util.concurrent.locks.AbstractQueuedSynchronizer$ConditionObject.await(AbstractQueuedSynchronizer.java:2039)
        at java.util.concurrent.LinkedBlockingQueue.take(LinkedBlockingQueue.java:442)
        at java.util.concurrent.ThreadPoolExecutor.getTask(ThreadPoolExecutor.java:1074)
        at java.util.concurrent.ThreadPoolExecutor.runWorker(ThreadPoolExecutor.java:1134)
        at java.util.concurrent.ThreadPoolExecutor$Worker.run(ThreadPoolExecutor.java:624)
        at java.lang.Thread.run(Thread.java:750)
"pool-180-thread-1" daemon prio=5 tid=312 timed_waiting
java.lang.Thread.State: TIMED_WAITING
        at sun.misc.Unsafe.park(Native Method)
        at java.util.concurrent.locks.LockSupport.parkNanos(LockSupport.java:215)
        at java.util.concurrent.locks.AbstractQueuedSynchronizer$ConditionObject.awaitNanos(AbstractQueuedSynchronizer.java:2078)
        at java.util.concurrent.ScheduledThreadPoolExecutor$DelayedWorkQueue.take(ScheduledThreadPoolExecutor.java:1093)
        at java.util.concurrent.ScheduledThreadPoolExecutor$DelayedWorkQueue.take(ScheduledThreadPoolExecutor.java:809)
        at java.util.concurrent.ThreadPoolExecutor.getTask(ThreadPoolExecutor.java:1074)
        at java.util.concurrent.ThreadPoolExecutor.runWorker(ThreadPoolExecutor.java:1134)
        at java.util.concurrent.ThreadPoolExecutor$Worker.run(ThreadPoolExecutor.java:624)
        at java.lang.Thread.run(Thread.java:750)
"ChunkWriter-3-0" daemon prio=5 tid=377 in Object.wait()
java.lang.Thread.State: WAITING (on object monitor)
        at sun.misc.Unsafe.park(Native Method)
        at java.util.concurrent.locks.LockSupport.park(LockSupport.java:175)
        at java.util.concurrent.locks.AbstractQueuedSynchronizer$ConditionObject.await(AbstractQueuedSynchronizer.java:2039)
        at java.util.concurrent.LinkedBlockingDeque.takeFirst(LinkedBlockingDeque.java:492)
        at java.util.concurrent.LinkedBlockingDeque.take(LinkedBlockingDeque.java:680)
        at java.util.concurrent.ThreadPoolExecutor.getTask(ThreadPoolExecutor.java:1074)
        at java.util.concurrent.ThreadPoolExecutor.runWorker(ThreadPoolExecutor.java:1134)
        at java.util.concurrent.ThreadPoolExecutor$Worker.run(ThreadPoolExecutor.java:624)
        at java.lang.Thread.run(Thread.java:750)
"Datanode ReportManager Thread - 2" daemon prio=5 tid=197 in Object.wait()
java.lang.Thread.State: WAITING (on object monitor)
        at sun.misc.Unsafe.park(Native Method)
        at java.util.concurrent.locks.LockSupport.park(LockSupport.java:175)
        at java.util.concurrent.locks.AbstractQueuedSynchronizer$ConditionObject.await(AbstractQueuedSynchronizer.java:2039)
        at java.util.concurrent.ScheduledThreadPoolExecutor$DelayedWorkQueue.take(ScheduledThreadPoolExecutor.java:1088)
        at java.util.concurrent.ScheduledThreadPoolExecutor$DelayedWorkQueue.take(ScheduledThreadPoolExecutor.java:809)
        at java.util.concurrent.ThreadPoolExecutor.getTask(ThreadPoolExecutor.java:1074)
        at java.util.concurrent.ThreadPoolExecutor.runWorker(ThreadPoolExecutor.java:1134)
        at java.util.concurrent.ThreadPoolExecutor$Worker.run(ThreadPoolExecutor.java:624)
        at java.lang.Thread.run(Thread.java:750)
"BackgroundPipelineScrubberThread" daemon prio=5 tid=17 timed_waiting
java.lang.Thread.State: TIMED_WAITING
        at java.lang.Object.wait(Native Method)
        at org.apache.hadoop.hdds.scm.ha.BackgroundSCMService.run(BackgroundSCMService.java:110)
        at org.apache.hadoop.hdds.scm.ha.BackgroundSCMService$$Lambda$396/1907517568.run(Unknown Source)
        at java.lang.Thread.run(Thread.java:750)
"FixedThreadPoolWithAffinityExecutor-5-0" daemon prio=5 tid=41 timed_waiting
java.lang.Thread.State: TIMED_WAITING
        at sun.misc.Unsafe.park(Native Method)
        at java.util.concurrent.locks.LockSupport.parkNanos(LockSupport.java:215)
        at java.util.concurrent.locks.AbstractQueuedSynchronizer$ConditionObject.awaitNanos(AbstractQueuedSynchronizer.java:2078)
        at java.util.concurrent.LinkedBlockingQueue.poll(LinkedBlockingQueue.java:467)
        at org.apache.hadoop.hdds.scm.server.ContainerReportQueue.poll(ContainerReportQueue.java:266)
        at org.apache.hadoop.hdds.scm.server.ContainerReportQueue.poll(ContainerReportQueue.java:42)
        at org.apache.hadoop.hdds.server.events.FixedThreadPoolWithAffinityExecutor$ContainerReportProcessTask.run(FixedThreadPoolWithAffinityExecutor.java:218)
        at java.util.concurrent.Executors$RunnableAdapter.call(Executors.java:511)
        at java.util.concurrent.FutureTask.run(FutureTask.java:266)
        at java.util.concurrent.ThreadPoolExecutor.runWorker(ThreadPoolExecutor.java:1149)
        at java.util.concurrent.ThreadPoolExecutor$Worker.run(ThreadPoolExecutor.java:624)
        at java.lang.Thread.run(Thread.java:750)
"IPC Server listener on 0" daemon prio=5 tid=131 runnable
java.lang.Thread.State: RUNNABLE
        at sun.nio.ch.EPollArrayWrapper.epollWait(Native Method)
        at sun.nio.ch.EPollArrayWrapper.poll(EPollArrayWrapper.java:269)
        at sun.nio.ch.EPollSelectorImpl.doSelect(EPollSelectorImpl.java:93)
        at sun.nio.ch.SelectorImpl.lockAndDoSelect(SelectorImpl.java:86)
        at sun.nio.ch.SelectorImpl.select(SelectorImpl.java:97)
        at sun.nio.ch.SelectorImpl.select(SelectorImpl.java:101)
        at org.apache.hadoop.ipc.Server$Listener.run(Server.java:1358)
"qtp1440823154-148" daemon prio=5 tid=148 timed_waiting
java.lang.Thread.State: TIMED_WAITING
        at sun.misc.Unsafe.park(Native Method)
        at java.util.concurrent.locks.LockSupport.parkNanos(LockSupport.java:215)
        at java.util.concurrent.locks.AbstractQueuedSynchronizer$ConditionObject.awaitNanos(AbstractQueuedSynchronizer.java:2078)
        at org.eclipse.jetty.util.BlockingArrayQueue.poll(BlockingArrayQueue.java:382)
        at org.eclipse.jetty.util.thread.QueuedThreadPool$Runner.idleJobPoll(QueuedThreadPool.java:974)
        at org.eclipse.jetty.util.thread.QueuedThreadPool$Runner.run(QueuedThreadPool.java:1018)
        at java.lang.Thread.run(Thread.java:750)
"org.apache.hadoop.util.JvmPauseMonitor$Monitor@4078c51b" daemon prio=5 tid=307 timed_waiting
java.lang.Thread.State: TIMED_WAITING
        at java.lang.Thread.sleep(Native Method)
        at org.apache.hadoop.util.JvmPauseMonitor$Monitor.run(JvmPauseMonitor.java:192)
        at java.lang.Thread.run(Thread.java:750)
"6307e296-217c-47f6-b7e1-30640c7ce136@group-EA30693AB63E-SegmentedRaftLogWorker"  prio=5 tid=489 timed_waiting
java.lang.Thread.State: TIMED_WAITING
        at sun.misc.Unsafe.park(Native Method)
        at java.util.concurrent.locks.LockSupport.parkNanos(LockSupport.java:215)
        at java.util.concurrent.locks.AbstractQueuedSynchronizer$ConditionObject.awaitNanos(AbstractQueuedSynchronizer.java:2078)
        at org.apache.ratis.util.DataBlockingQueue.poll(DataBlockingQueue.java:148)
        at org.apache.ratis.server.raftlog.segmented.SegmentedRaftLogWorker.run(SegmentedRaftLogWorker.java:310)
        at org.apache.ratis.server.raftlog.segmented.SegmentedRaftLogWorker$$Lambda$689/643581441.run(Unknown Source)
        at java.lang.Thread.run(Thread.java:750)
"qtp2135932857-213" daemon prio=5 tid=213 runnable
java.lang.Thread.State: RUNNABLE
        at sun.nio.ch.EPollArrayWrapper.epollWait(Native Method)
        at sun.nio.ch.EPollArrayWrapper.poll(EPollArrayWrapper.java:269)
        at sun.nio.ch.EPollSelectorImpl.doSelect(EPollSelectorImpl.java:93)
        at sun.nio.ch.SelectorImpl.lockAndDoSelect(SelectorImpl.java:86)
        at sun.nio.ch.SelectorImpl.select(SelectorImpl.java:97)
        at sun.nio.ch.SelectorImpl.select(SelectorImpl.java:101)
        at org.eclipse.jetty.io.ManagedSelector.nioSelect(ManagedSelector.java:183)
        at org.eclipse.jetty.io.ManagedSelector.select(ManagedSelector.java:190)
        at org.eclipse.jetty.io.ManagedSelector$SelectorProducer.select(ManagedSelector.java:606)
        at org.eclipse.jetty.io.ManagedSelector$SelectorProducer.produce(ManagedSelector.java:543)
        at org.eclipse.jetty.util.thread.strategy.EatWhatYouKill.produceTask(EatWhatYouKill.java:362)
        at org.eclipse.jetty.util.thread.strategy.EatWhatYouKill.doProduce(EatWhatYouKill.java:186)
        at org.eclipse.jetty.util.thread.strategy.EatWhatYouKill.tryProduce(EatWhatYouKill.java:173)
        at org.eclipse.jetty.util.thread.strategy.EatWhatYouKill.produce(EatWhatYouKill.java:137)
        at org.eclipse.jetty.io.ManagedSelector$$Lambda$470/152349586.run(Unknown Source)
        at org.eclipse.jetty.util.thread.QueuedThreadPool.runJob(QueuedThreadPool.java:883)
        at org.eclipse.jetty.util.thread.QueuedThreadPool$Runner.run(QueuedThreadPool.java:1034)
        at java.lang.Thread.run(Thread.java:750)
"Command processor thread" daemon prio=5 tid=335 timed_waiting
java.lang.Thread.State: TIMED_WAITING
        at java.lang.Thread.sleep(Native Method)
        at org.apache.hadoop.ozone.container.common.statemachine.DatanodeStateMachine.lambda$initCommandHandlerThread$3(DatanodeStateMachine.java:641)
        at org.apache.hadoop.ozone.container.common.statemachine.DatanodeStateMachine$$Lambda$777/1909491340.run(Unknown Source)
        at java.lang.Thread.run(Thread.java:750)
"IPC Server handler 0 on default port 39283" daemon prio=5 tid=88 timed_waiting
java.lang.Thread.State: TIMED_WAITING
        at sun.misc.Unsafe.park(Native Method)
        at java.util.concurrent.locks.LockSupport.parkNanos(LockSupport.java:215)
        at java.util.concurrent.locks.AbstractQueuedSynchronizer$ConditionObject.awaitNanos(AbstractQueuedSynchronizer.java:2078)
        at java.util.concurrent.LinkedBlockingQueue.poll(LinkedBlockingQueue.java:467)
        at org.apache.hadoop.ipc.CallQueueManager.take(CallQueueManager.java:317)
        at org.apache.hadoop.ipc.Server$Handler.run(Server.java:2942)
"IPC Server Responder" daemon prio=5 tid=31 runnable
java.lang.Thread.State: RUNNABLE
        at sun.nio.ch.EPollArrayWrapper.epollWait(Native Method)
        at sun.nio.ch.EPollArrayWrapper.poll(EPollArrayWrapper.java:269)
        at sun.nio.ch.EPollSelectorImpl.doSelect(EPollSelectorImpl.java:93)
        at sun.nio.ch.SelectorImpl.lockAndDoSelect(SelectorImpl.java:86)
        at sun.nio.ch.SelectorImpl.select(SelectorImpl.java:97)
        at org.apache.hadoop.ipc.Server$Responder.doRunLoop(Server.java:1532)
        at org.apache.hadoop.ipc.Server$Responder.run(Server.java:1515)
"StaleRecoveringContainerScrubbingService#1" daemon prio=5 tid=358 timed_waiting
java.lang.Thread.State: TIMED_WAITING
        at sun.misc.Unsafe.park(Native Method)
        at java.util.concurrent.locks.LockSupport.parkNanos(LockSupport.java:215)
        at java.util.concurrent.locks.AbstractQueuedSynchronizer$ConditionObject.awaitNanos(AbstractQueuedSynchronizer.java:2078)
        at java.util.concurrent.ScheduledThreadPoolExecutor$DelayedWorkQueue.take(ScheduledThreadPoolExecutor.java:1093)
        at java.util.concurrent.ScheduledThreadPoolExecutor$DelayedWorkQueue.take(ScheduledThreadPoolExecutor.java:809)
        at java.util.concurrent.ThreadPoolExecutor.getTask(ThreadPoolExecutor.java:1074)
        at java.util.concurrent.ThreadPoolExecutor.runWorker(ThreadPoolExecutor.java:1134)
        at java.util.concurrent.ThreadPoolExecutor$Worker.run(ThreadPoolExecutor.java:624)
        at java.lang.Thread.run(Thread.java:750)
"IPC Server handler 10 on default port 41227" daemon prio=5 tid=58 timed_waiting
java.lang.Thread.State: TIMED_WAITING
        at sun.misc.Unsafe.park(Native Method)
        at java.util.concurrent.locks.LockSupport.parkNanos(LockSupport.java:215)
        at java.util.concurrent.locks.AbstractQueuedSynchronizer$ConditionObject.awaitNanos(AbstractQueuedSynchronizer.java:2078)
        at java.util.concurrent.LinkedBlockingQueue.poll(LinkedBlockingQueue.java:467)
        at org.apache.hadoop.ipc.CallQueueManager.take(CallQueueManager.java:317)
        at org.apache.hadoop.ipc.Server$Handler.run(Server.java:2942)
"Datanode ReportManager Thread - 1" daemon prio=5 tid=276 in Object.wait()
java.lang.Thread.State: WAITING (on object monitor)
        at sun.misc.Unsafe.park(Native Method)
        at java.util.concurrent.locks.LockSupport.park(LockSupport.java:175)
        at java.util.concurrent.locks.AbstractQueuedSynchronizer$ConditionObject.await(AbstractQueuedSynchronizer.java:2039)
        at java.util.concurrent.ScheduledThreadPoolExecutor$DelayedWorkQueue.take(ScheduledThreadPoolExecutor.java:1088)
        at java.util.concurrent.ScheduledThreadPoolExecutor$DelayedWorkQueue.take(ScheduledThreadPoolExecutor.java:809)
        at java.util.concurrent.ThreadPoolExecutor.getTask(ThreadPoolExecutor.java:1074)
        at java.util.concurrent.ThreadPoolExecutor.runWorker(ThreadPoolExecutor.java:1134)
        at java.util.concurrent.ThreadPoolExecutor$Worker.run(ThreadPoolExecutor.java:624)
        at java.lang.Thread.run(Thread.java:750)
"Datanode ReportManager Thread - 4" daemon prio=5 tid=279 timed_waiting
java.lang.Thread.State: TIMED_WAITING
        at sun.misc.Unsafe.park(Native Method)
        at java.util.concurrent.locks.LockSupport.parkNanos(LockSupport.java:215)
        at java.util.concurrent.locks.AbstractQueuedSynchronizer$ConditionObject.awaitNanos(AbstractQueuedSynchronizer.java:2078)
        at java.util.concurrent.ScheduledThreadPoolExecutor$DelayedWorkQueue.take(ScheduledThreadPoolExecutor.java:1093)
        at java.util.concurrent.ScheduledThreadPoolExecutor$DelayedWorkQueue.take(ScheduledThreadPoolExecutor.java:809)
        at java.util.concurrent.ThreadPoolExecutor.getTask(ThreadPoolExecutor.java:1074)
        at java.util.concurrent.ThreadPoolExecutor.runWorker(ThreadPoolExecutor.java:1134)
        at java.util.concurrent.ThreadPoolExecutor$Worker.run(ThreadPoolExecutor.java:624)
        at java.lang.Thread.run(Thread.java:750)
"EventQueue-DatanodeCommandForSCMNodeManager"  prio=5 tid=397 in Object.wait()
java.lang.Thread.State: WAITING (on object monitor)
        at sun.misc.Unsafe.park(Native Method)
        at java.util.concurrent.locks.LockSupport.park(LockSupport.java:175)
        at java.util.concurrent.locks.AbstractQueuedSynchronizer$ConditionObject.await(AbstractQueuedSynchronizer.java:2039)
        at java.util.concurrent.LinkedBlockingQueue.take(LinkedBlockingQueue.java:442)
        at java.util.concurrent.ThreadPoolExecutor.getTask(ThreadPoolExecutor.java:1074)
        at java.util.concurrent.ThreadPoolExecutor.runWorker(ThreadPoolExecutor.java:1134)
        at java.util.concurrent.ThreadPoolExecutor$Worker.run(ThreadPoolExecutor.java:624)
        at java.lang.Thread.run(Thread.java:750)
"qtp465118237-192" daemon prio=5 tid=192 timed_waiting
java.lang.Thread.State: TIMED_WAITING
        at sun.misc.Unsafe.park(Native Method)
        at java.util.concurrent.locks.LockSupport.parkNanos(LockSupport.java:215)
        at java.util.concurrent.locks.AbstractQueuedSynchronizer$ConditionObject.awaitNanos(AbstractQueuedSynchronizer.java:2078)
        at org.eclipse.jetty.util.BlockingArrayQueue.poll(BlockingArrayQueue.java:382)
        at org.eclipse.jetty.util.thread.QueuedThreadPool$Runner.idleJobPoll(QueuedThreadPool.java:974)
        at org.eclipse.jetty.util.thread.QueuedThreadPool$Runner.run(QueuedThreadPool.java:1018)
        at java.lang.Thread.run(Thread.java:750)
"timer4" daemon prio=5 tid=553 timed_waiting
java.lang.Thread.State: TIMED_WAITING
        at java.lang.Object.wait(Native Method)
        at java.util.TimerThread.mainLoop(Timer.java:552)
        at java.util.TimerThread.run(Timer.java:505)
"IPC Server idle connection scanner for port 45385" daemon prio=5 tid=30 timed_waiting
java.lang.Thread.State: TIMED_WAITING
        at java.lang.Object.wait(Native Method)
        at java.util.TimerThread.mainLoop(Timer.java:552)
        at java.util.TimerThread.run(Timer.java:505)
"ChunkWriter-1-0" daemon prio=5 tid=375 in Object.wait()
java.lang.Thread.State: WAITING (on object monitor)
        at sun.misc.Unsafe.park(Native Method)
        at java.util.concurrent.locks.LockSupport.park(LockSupport.java:175)
        at java.util.concurrent.locks.AbstractQueuedSynchronizer$ConditionObject.await(AbstractQueuedSynchronizer.java:2039)
        at java.util.concurrent.LinkedBlockingDeque.takeFirst(LinkedBlockingDeque.java:492)
        at java.util.concurrent.LinkedBlockingDeque.take(LinkedBlockingDeque.java:680)
        at java.util.concurrent.ThreadPoolExecutor.getTask(ThreadPoolExecutor.java:1074)
        at java.util.concurrent.ThreadPoolExecutor.runWorker(ThreadPoolExecutor.java:1134)
        at java.util.concurrent.ThreadPoolExecutor$Worker.run(ThreadPoolExecutor.java:624)
        at java.lang.Thread.run(Thread.java:750)
"qtp465118237-188" daemon prio=5 tid=188 timed_waiting
java.lang.Thread.State: TIMED_WAITING
        at sun.misc.Unsafe.park(Native Method)
        at java.util.concurrent.locks.LockSupport.parkNanos(LockSupport.java:215)
        at java.util.concurrent.locks.AbstractQueuedSynchronizer$ConditionObject.awaitNanos(AbstractQueuedSynchronizer.java:2078)
        at org.eclipse.jetty.util.BlockingArrayQueue.poll(BlockingArrayQueue.java:382)
        at org.eclipse.jetty.util.thread.QueuedThreadPool$Runner.idleJobPoll(QueuedThreadPool.java:974)
        at org.eclipse.jetty.util.thread.QueuedThreadPool$Runner.run(QueuedThreadPool.java:1018)
        at java.lang.Thread.run(Thread.java:750)
"IPC Server handler 19 on default port 40183" daemon prio=5 tid=174 timed_waiting
java.lang.Thread.State: TIMED_WAITING
        at sun.misc.Unsafe.park(Native Method)
        at java.util.concurrent.locks.LockSupport.parkNanos(LockSupport.java:215)
        at java.util.concurrent.locks.AbstractQueuedSynchronizer$ConditionObject.awaitNanos(AbstractQueuedSynchronizer.java:2078)
        at java.util.concurrent.LinkedBlockingQueue.poll(LinkedBlockingQueue.java:467)
        at org.apache.hadoop.ipc.CallQueueManager.take(CallQueueManager.java:317)
        at org.apache.hadoop.ipc.Server$Handler.run(Server.java:2942)
"qtp2135932857-217" daemon prio=5 tid=217 timed_waiting
java.lang.Thread.State: TIMED_WAITING
        at sun.misc.Unsafe.park(Native Method)
        at java.util.concurrent.locks.LockSupport.parkNanos(LockSupport.java:215)
        at java.util.concurrent.locks.AbstractQueuedSynchronizer$ConditionObject.awaitNanos(AbstractQueuedSynchronizer.java:2078)
        at org.eclipse.jetty.util.BlockingArrayQueue.poll(BlockingArrayQueue.java:382)
        at org.eclipse.jetty.util.thread.QueuedThreadPool$Runner.idleJobPoll(QueuedThreadPool.java:974)
        at org.eclipse.jetty.util.thread.QueuedThreadPool$Runner.run(QueuedThreadPool.java:1018)
        at java.lang.Thread.run(Thread.java:750)
"StaleRecoveringContainerScrubbingService#2" daemon prio=5 tid=628 in Object.wait()
java.lang.Thread.State: WAITING (on object monitor)
        at sun.misc.Unsafe.park(Native Method)
        at java.util.concurrent.locks.LockSupport.park(LockSupport.java:175)
        at java.util.concurrent.locks.AbstractQueuedSynchronizer$ConditionObject.await(AbstractQueuedSynchronizer.java:2039)
        at java.util.concurrent.ScheduledThreadPoolExecutor$DelayedWorkQueue.take(ScheduledThreadPoolExecutor.java:1088)
        at java.util.concurrent.ScheduledThreadPoolExecutor$DelayedWorkQueue.take(ScheduledThreadPoolExecutor.java:809)
        at java.util.concurrent.ThreadPoolExecutor.getTask(ThreadPoolExecutor.java:1074)
        at java.util.concurrent.ThreadPoolExecutor.runWorker(ThreadPoolExecutor.java:1134)
        at java.util.concurrent.ThreadPoolExecutor$Worker.run(ThreadPoolExecutor.java:624)
        at java.lang.Thread.run(Thread.java:750)
"IPC Server handler 14 on default port 45385" daemon prio=5 tid=82 timed_waiting
java.lang.Thread.State: TIMED_WAITING
        at sun.misc.Unsafe.park(Native Method)
        at java.util.concurrent.locks.LockSupport.parkNanos(LockSupport.java:215)
        at java.util.concurrent.locks.AbstractQueuedSynchronizer$ConditionObject.awaitNanos(AbstractQueuedSynchronizer.java:2078)
        at java.util.concurrent.LinkedBlockingQueue.poll(LinkedBlockingQueue.java:467)
        at org.apache.hadoop.ipc.CallQueueManager.take(CallQueueManager.java:317)
        at org.apache.hadoop.ipc.Server$Handler.run(Server.java:2942)
"IPC Server handler 12 on default port 40183" daemon prio=5 tid=167 timed_waiting
java.lang.Thread.State: TIMED_WAITING
        at sun.misc.Unsafe.park(Native Method)
        at java.util.concurrent.locks.LockSupport.parkNanos(LockSupport.java:215)
        at java.util.concurrent.locks.AbstractQueuedSynchronizer$ConditionObject.awaitNanos(AbstractQueuedSynchronizer.java:2078)
        at java.util.concurrent.LinkedBlockingQueue.poll(LinkedBlockingQueue.java:467)
        at org.apache.hadoop.ipc.CallQueueManager.take(CallQueueManager.java:317)
        at org.apache.hadoop.ipc.Server$Handler.run(Server.java:2942)
"ec4ff2c3-aedb-4237-8f96-8aa5e66a28ee@group-73C734729954-FollowerState" daemon prio=5 tid=604 timed_waiting
java.lang.Thread.State: TIMED_WAITING
        at java.lang.Thread.sleep(Native Method)
        at java.lang.Thread.sleep(Thread.java:342)
        at java.util.concurrent.TimeUnit.sleep(TimeUnit.java:386)
        at org.apache.ratis.util.TimeDuration.sleep(TimeDuration.java:325)
        at org.apache.ratis.util.TimeDuration.sleep(TimeDuration.java:310)
        at org.apache.ratis.server.impl.FollowerState.run(FollowerState.java:128)
"qtp2135932857-220" daemon prio=5 tid=220 timed_waiting
java.lang.Thread.State: TIMED_WAITING
        at sun.misc.Unsafe.park(Native Method)
        at java.util.concurrent.locks.LockSupport.parkNanos(LockSupport.java:215)
        at java.util.concurrent.locks.AbstractQueuedSynchronizer$ConditionObject.awaitNanos(AbstractQueuedSynchronizer.java:2078)
        at org.eclipse.jetty.util.BlockingArrayQueue.poll(BlockingArrayQueue.java:382)
        at org.eclipse.jetty.util.thread.QueuedThreadPool$Runner.idleJobPoll(QueuedThreadPool.java:974)
        at org.eclipse.jetty.util.thread.QueuedThreadPool$Runner.run(QueuedThreadPool.java:1018)
        at java.lang.Thread.run(Thread.java:750)
"OMDoubleBufferFlushThread" daemon prio=5 tid=126 timed_waiting
java.lang.Thread.State: TIMED_WAITING
        at java.lang.Object.wait(Native Method)
        at org.apache.hadoop.ozone.om.ratis.OzoneManagerDoubleBuffer.canFlush(OzoneManagerDoubleBuffer.java:538)
        at org.apache.hadoop.ozone.om.ratis.OzoneManagerDoubleBuffer.flushTransactions(OzoneManagerDoubleBuffer.java:268)
        at org.apache.hadoop.ozone.om.ratis.OzoneManagerDoubleBuffer$$Lambda$528/1336290029.run(Unknown Source)
        at java.lang.Thread.run(Thread.java:750)
"ChunkWriter-2-0" daemon prio=5 tid=364 in Object.wait()
java.lang.Thread.State: WAITING (on object monitor)
        at sun.misc.Unsafe.park(Native Method)
        at java.util.concurrent.locks.LockSupport.park(LockSupport.java:175)
        at java.util.concurrent.locks.AbstractQueuedSynchronizer$ConditionObject.await(AbstractQueuedSynchronizer.java:2039)
        at java.util.concurrent.LinkedBlockingDeque.takeFirst(LinkedBlockingDeque.java:492)
        at java.util.concurrent.LinkedBlockingDeque.take(LinkedBlockingDeque.java:680)
        at java.util.concurrent.ThreadPoolExecutor.getTask(ThreadPoolExecutor.java:1074)
        at java.util.concurrent.ThreadPoolExecutor.runWorker(ThreadPoolExecutor.java:1134)
        at java.util.concurrent.ThreadPoolExecutor$Worker.run(ThreadPoolExecutor.java:624)
        at java.lang.Thread.run(Thread.java:750)
"BlockDeletingService#1" daemon prio=5 tid=394 timed_waiting
java.lang.Thread.State: TIMED_WAITING
        at sun.misc.Unsafe.park(Native Method)
        at java.util.concurrent.locks.LockSupport.parkNanos(LockSupport.java:215)
        at java.util.concurrent.locks.AbstractQueuedSynchronizer$ConditionObject.awaitNanos(AbstractQueuedSynchronizer.java:2078)
        at java.util.concurrent.ScheduledThreadPoolExecutor$DelayedWorkQueue.take(ScheduledThreadPoolExecutor.java:1093)
        at java.util.concurrent.ScheduledThreadPoolExecutor$DelayedWorkQueue.take(ScheduledThreadPoolExecutor.java:809)
        at java.util.concurrent.ThreadPoolExecutor.getTask(ThreadPoolExecutor.java:1074)
        at java.util.concurrent.ThreadPoolExecutor.runWorker(ThreadPoolExecutor.java:1134)
        at java.util.concurrent.ThreadPoolExecutor$Worker.run(ThreadPoolExecutor.java:624)
        at java.lang.Thread.run(Thread.java:750)
"IPC Server handler 2 on default port 45385" daemon prio=5 tid=70 timed_waiting
java.lang.Thread.State: TIMED_WAITING
        at sun.misc.Unsafe.park(Native Method)
        at java.util.concurrent.locks.LockSupport.parkNanos(LockSupport.java:215)
        at java.util.concurrent.locks.AbstractQueuedSynchronizer$ConditionObject.awaitNanos(AbstractQueuedSynchronizer.java:2078)
        at java.util.concurrent.LinkedBlockingQueue.poll(LinkedBlockingQueue.java:467)
        at org.apache.hadoop.ipc.CallQueueManager.take(CallQueueManager.java:317)
        at org.apache.hadoop.ipc.Server$Handler.run(Server.java:2942)
"ChunkWriter-0-0" daemon prio=5 tid=338 in Object.wait()
java.lang.Thread.State: WAITING (on object monitor)
        at sun.misc.Unsafe.park(Native Method)
        at java.util.concurrent.locks.LockSupport.park(LockSupport.java:175)
        at java.util.concurrent.locks.AbstractQueuedSynchronizer$ConditionObject.await(AbstractQueuedSynchronizer.java:2039)
        at java.util.concurrent.LinkedBlockingDeque.takeFirst(LinkedBlockingDeque.java:492)
        at java.util.concurrent.LinkedBlockingDeque.take(LinkedBlockingDeque.java:680)
        at java.util.concurrent.ThreadPoolExecutor.getTask(ThreadPoolExecutor.java:1074)
        at java.util.concurrent.ThreadPoolExecutor.runWorker(ThreadPoolExecutor.java:1134)
        at java.util.concurrent.ThreadPoolExecutor$Worker.run(ThreadPoolExecutor.java:624)
        at java.lang.Thread.run(Thread.java:750)
"om1@group-C5BA1605619E-SegmentedRaftLogWorker"  prio=5 tid=136 timed_waiting
java.lang.Thread.State: TIMED_WAITING
        at sun.misc.Unsafe.park(Native Method)
        at java.util.concurrent.locks.LockSupport.parkNanos(LockSupport.java:215)
        at java.util.concurrent.locks.AbstractQueuedSynchronizer$ConditionObject.awaitNanos(AbstractQueuedSynchronizer.java:2078)
        at org.apache.ratis.util.DataBlockingQueue.poll(DataBlockingQueue.java:148)
        at org.apache.ratis.server.raftlog.segmented.SegmentedRaftLogWorker.run(SegmentedRaftLogWorker.java:310)
        at org.apache.ratis.server.raftlog.segmented.SegmentedRaftLogWorker$$Lambda$689/643581441.run(Unknown Source)
        at java.lang.Thread.run(Thread.java:750)
"IPC Server handler 15 on default port 39283" daemon prio=5 tid=103 timed_waiting
java.lang.Thread.State: TIMED_WAITING
        at sun.misc.Unsafe.park(Native Method)
        at java.util.concurrent.locks.LockSupport.parkNanos(LockSupport.java:215)
        at java.util.concurrent.locks.AbstractQueuedSynchronizer$ConditionObject.awaitNanos(AbstractQueuedSynchronizer.java:2078)
        at java.util.concurrent.LinkedBlockingQueue.poll(LinkedBlockingQueue.java:467)
        at org.apache.hadoop.ipc.CallQueueManager.take(CallQueueManager.java:317)
        at org.apache.hadoop.ipc.Server$Handler.run(Server.java:2942)
"StaleRecoveringContainerScrubbingService#1" daemon prio=5 tid=346 timed_waiting
java.lang.Thread.State: TIMED_WAITING
        at sun.misc.Unsafe.park(Native Method)
        at java.util.concurrent.locks.LockSupport.parkNanos(LockSupport.java:215)
        at java.util.concurrent.locks.AbstractQueuedSynchronizer$ConditionObject.awaitNanos(AbstractQueuedSynchronizer.java:2078)
        at java.util.concurrent.ScheduledThreadPoolExecutor$DelayedWorkQueue.take(ScheduledThreadPoolExecutor.java:1093)
        at java.util.concurrent.ScheduledThreadPoolExecutor$DelayedWorkQueue.take(ScheduledThreadPoolExecutor.java:809)
        at java.util.concurrent.ThreadPoolExecutor.getTask(ThreadPoolExecutor.java:1074)
        at java.util.concurrent.ThreadPoolExecutor.runWorker(ThreadPoolExecutor.java:1134)
        at java.util.concurrent.ThreadPoolExecutor$Worker.run(ThreadPoolExecutor.java:624)
        at java.lang.Thread.run(Thread.java:750)
"qtp269339862-295" daemon prio=5 tid=295 timed_waiting
java.lang.Thread.State: TIMED_WAITING
        at sun.misc.Unsafe.park(Native Method)
        at java.util.concurrent.locks.LockSupport.parkNanos(LockSupport.java:215)
        at java.util.concurrent.locks.AbstractQueuedSynchronizer$ConditionObject.awaitNanos(AbstractQueuedSynchronizer.java:2078)
        at org.eclipse.jetty.util.BlockingArrayQueue.poll(BlockingArrayQueue.java:382)
        at org.eclipse.jetty.util.thread.QueuedThreadPool$Runner.idleJobPoll(QueuedThreadPool.java:974)
        at org.eclipse.jetty.util.thread.QueuedThreadPool$Runner.run(QueuedThreadPool.java:1018)
        at java.lang.Thread.run(Thread.java:750)
"IPC Server handler 13 on default port 39283" daemon prio=5 tid=101 timed_waiting
java.lang.Thread.State: TIMED_WAITING
        at sun.misc.Unsafe.park(Native Method)
        at java.util.concurrent.locks.LockSupport.parkNanos(LockSupport.java:215)
        at java.util.concurrent.locks.AbstractQueuedSynchronizer$ConditionObject.awaitNanos(AbstractQueuedSynchronizer.java:2078)
        at java.util.concurrent.LinkedBlockingQueue.poll(LinkedBlockingQueue.java:467)
        at org.apache.hadoop.ipc.CallQueueManager.take(CallQueueManager.java:317)
        at org.apache.hadoop.ipc.Server$Handler.run(Server.java:2942)
"ec4ff2c3-aedb-4237-8f96-8aa5e66a28ee@group-6D953D836BDB-SegmentedRaftLogWorker"  prio=5 tid=417 timed_waiting
java.lang.Thread.State: TIMED_WAITING
        at sun.misc.Unsafe.park(Native Method)
        at java.util.concurrent.locks.LockSupport.parkNanos(LockSupport.java:215)
        at java.util.concurrent.locks.AbstractQueuedSynchronizer$ConditionObject.awaitNanos(AbstractQueuedSynchronizer.java:2078)
        at org.apache.ratis.util.DataBlockingQueue.poll(DataBlockingQueue.java:148)
        at org.apache.ratis.server.raftlog.segmented.SegmentedRaftLogWorker.run(SegmentedRaftLogWorker.java:310)
        at org.apache.ratis.server.raftlog.segmented.SegmentedRaftLogWorker$$Lambda$689/643581441.run(Unknown Source)
        at java.lang.Thread.run(Thread.java:750)
"Session-HouseKeeper-1f5e30ca-1"  prio=5 tid=273 timed_waiting
java.lang.Thread.State: TIMED_WAITING
        at sun.misc.Unsafe.park(Native Method)
        at java.util.concurrent.locks.LockSupport.parkNanos(LockSupport.java:215)
        at java.util.concurrent.locks.AbstractQueuedSynchronizer$ConditionObject.awaitNanos(AbstractQueuedSynchronizer.java:2078)
        at java.util.concurrent.ScheduledThreadPoolExecutor$DelayedWorkQueue.take(ScheduledThreadPoolExecutor.java:1093)
        at java.util.concurrent.ScheduledThreadPoolExecutor$DelayedWorkQueue.take(ScheduledThreadPoolExecutor.java:809)
        at java.util.concurrent.ThreadPoolExecutor.getTask(ThreadPoolExecutor.java:1074)
        at java.util.concurrent.ThreadPoolExecutor.runWorker(ThreadPoolExecutor.java:1134)
        at java.util.concurrent.ThreadPoolExecutor$Worker.run(ThreadPoolExecutor.java:624)
        at java.lang.Thread.run(Thread.java:750)
"JvmPauseMonitor6" daemon prio=5 tid=408 timed_waiting
java.lang.Thread.State: TIMED_WAITING
        at java.lang.Thread.sleep(Native Method)
        at java.lang.Thread.sleep(Thread.java:342)
        at java.util.concurrent.TimeUnit.sleep(TimeUnit.java:386)
        at org.apache.ratis.util.TimeDuration.sleep(TimeDuration.java:325)
        at org.apache.ratis.util.TimeDuration.sleep(TimeDuration.java:310)
        at org.apache.ratis.util.JvmPauseMonitor.detectPause(JvmPauseMonitor.java:119)
        at org.apache.ratis.util.JvmPauseMonitor.run(JvmPauseMonitor.java:108)
        at org.apache.ratis.util.JvmPauseMonitor$$Lambda$730/418902856.run(Unknown Source)
        at java.lang.Thread.run(Thread.java:750)
"31d5b2a7-dd00-41c8-9482-fa5c506864d0-server-thread3" daemon prio=5 tid=611 timed_waiting
java.lang.Thread.State: TIMED_WAITING
        at sun.misc.Unsafe.park(Native Method)
        at java.util.concurrent.locks.LockSupport.parkNanos(LockSupport.java:215)
        at java.util.concurrent.SynchronousQueue$TransferStack.awaitFulfill(SynchronousQueue.java:460)
        at java.util.concurrent.SynchronousQueue$TransferStack.transfer(SynchronousQueue.java:362)
        at java.util.concurrent.SynchronousQueue.poll(SynchronousQueue.java:941)
        at java.util.concurrent.ThreadPoolExecutor.getTask(ThreadPoolExecutor.java:1073)
        at java.util.concurrent.ThreadPoolExecutor.runWorker(ThreadPoolExecutor.java:1134)
        at java.util.concurrent.ThreadPoolExecutor$Worker.run(ThreadPoolExecutor.java:624)
        at java.lang.Thread.run(Thread.java:750)
"PartialTableCache Cleanup Thread - 0" daemon prio=5 tid=617 in Object.wait()
java.lang.Thread.State: WAITING (on object monitor)
        at sun.misc.Unsafe.park(Native Method)
        at java.util.concurrent.locks.LockSupport.park(LockSupport.java:175)
        at java.util.concurrent.locks.AbstractQueuedSynchronizer$ConditionObject.await(AbstractQueuedSynchronizer.java:2039)
        at java.util.concurrent.LinkedBlockingQueue.take(LinkedBlockingQueue.java:442)
        at java.util.concurrent.ThreadPoolExecutor.getTask(ThreadPoolExecutor.java:1074)
        at java.util.concurrent.ThreadPoolExecutor.runWorker(ThreadPoolExecutor.java:1134)
        at java.util.concurrent.ThreadPoolExecutor$Worker.run(ThreadPoolExecutor.java:624)
        at java.lang.Thread.run(Thread.java:750)
"qtp888889899-271" daemon prio=5 tid=271 timed_waiting
java.lang.Thread.State: TIMED_WAITING
        at sun.misc.Unsafe.park(Native Method)
        at java.util.concurrent.locks.LockSupport.parkNanos(LockSupport.java:215)
        at java.util.concurrent.locks.AbstractQueuedSynchronizer$ConditionObject.awaitNanos(AbstractQueuedSynchronizer.java:2078)
        at org.eclipse.jetty.util.BlockingArrayQueue.poll(BlockingArrayQueue.java:382)
        at org.eclipse.jetty.util.thread.QueuedThreadPool$Runner.idleJobPoll(QueuedThreadPool.java:974)
        at org.eclipse.jetty.util.thread.QueuedThreadPool$Runner.run(QueuedThreadPool.java:1018)
        at java.lang.Thread.run(Thread.java:750)
"Periodic HDDS volume checker" daemon prio=5 tid=258 timed_waiting
java.lang.Thread.State: TIMED_WAITING
        at sun.misc.Unsafe.park(Native Method)
        at java.util.concurrent.locks.LockSupport.parkNanos(LockSupport.java:215)
        at java.util.concurrent.locks.AbstractQueuedSynchronizer$ConditionObject.awaitNanos(AbstractQueuedSynchronizer.java:2078)
        at java.util.concurrent.ScheduledThreadPoolExecutor$DelayedWorkQueue.take(ScheduledThreadPoolExecutor.java:1093)
        at java.util.concurrent.ScheduledThreadPoolExecutor$DelayedWorkQueue.take(ScheduledThreadPoolExecutor.java:809)
        at java.util.concurrent.ThreadPoolExecutor.getTask(ThreadPoolExecutor.java:1074)
        at java.util.concurrent.ThreadPoolExecutor.runWorker(ThreadPoolExecutor.java:1134)
        at java.util.concurrent.ThreadPoolExecutor$Worker.run(ThreadPoolExecutor.java:624)
        at java.lang.Thread.run(Thread.java:750)
"IPC Server handler 7 on default port 45385" daemon prio=5 tid=75 timed_waiting
java.lang.Thread.State: TIMED_WAITING
        at sun.misc.Unsafe.park(Native Method)
        at java.util.concurrent.locks.LockSupport.parkNanos(LockSupport.java:215)
        at java.util.concurrent.locks.AbstractQueuedSynchronizer$ConditionObject.awaitNanos(AbstractQueuedSynchronizer.java:2078)
        at java.util.concurrent.LinkedBlockingQueue.poll(LinkedBlockingQueue.java:467)
        at org.apache.hadoop.ipc.CallQueueManager.take(CallQueueManager.java:317)
        at org.apache.hadoop.ipc.Server$Handler.run(Server.java:2942)
"EndpointStateMachine task thread for /0.0.0.0:39283 - 0 "  prio=5 tid=327 in Object.wait()
java.lang.Thread.State: WAITING (on object monitor)
        at sun.misc.Unsafe.park(Native Method)
        at java.util.concurrent.locks.LockSupport.park(LockSupport.java:175)
        at java.util.concurrent.locks.AbstractQueuedSynchronizer$ConditionObject.await(AbstractQueuedSynchronizer.java:2039)
        at java.util.concurrent.LinkedBlockingQueue.take(LinkedBlockingQueue.java:442)
        at java.util.concurrent.ThreadPoolExecutor.getTask(ThreadPoolExecutor.java:1074)
        at java.util.concurrent.ThreadPoolExecutor.runWorker(ThreadPoolExecutor.java:1134)
        at java.util.concurrent.ThreadPoolExecutor$Worker.run(ThreadPoolExecutor.java:624)
        at java.lang.Thread.run(Thread.java:750)
"Datanode State Machine Daemon Thread" daemon prio=5 tid=248 timed_waiting
java.lang.Thread.State: TIMED_WAITING
        at java.lang.Thread.sleep(Native Method)
        at org.apache.hadoop.ozone.container.common.statemachine.DatanodeStateMachine.startStateMachineThread(DatanodeStateMachine.java:321)
        at org.apache.hadoop.ozone.container.common.statemachine.DatanodeStateMachine.lambda$startDaemon$0(DatanodeStateMachine.java:506)
        at org.apache.hadoop.ozone.container.common.statemachine.DatanodeStateMachine$$Lambda$775/1835305867.run(Unknown Source)
        at java.lang.Thread.run(Thread.java:750)
"Datanode ReportManager Thread - 0" daemon prio=5 tid=249 in Object.wait()
java.lang.Thread.State: WAITING (on object monitor)
        at sun.misc.Unsafe.park(Native Method)
        at java.util.concurrent.locks.LockSupport.park(LockSupport.java:175)
        at java.util.concurrent.locks.AbstractQueuedSynchronizer$ConditionObject.await(AbstractQueuedSynchronizer.java:2039)
        at java.util.concurrent.ScheduledThreadPoolExecutor$DelayedWorkQueue.take(ScheduledThreadPoolExecutor.java:1088)
        at java.util.concurrent.ScheduledThreadPoolExecutor$DelayedWorkQueue.take(ScheduledThreadPoolExecutor.java:809)
        at java.util.concurrent.ThreadPoolExecutor.getTask(ThreadPoolExecutor.java:1074)
        at java.util.concurrent.ThreadPoolExecutor.runWorker(ThreadPoolExecutor.java:1134)
        at java.util.concurrent.ThreadPoolExecutor$Worker.run(ThreadPoolExecutor.java:624)
        at java.lang.Thread.run(Thread.java:750)
"qtp83454586-322" daemon prio=5 tid=322 timed_waiting
java.lang.Thread.State: TIMED_WAITING
        at sun.misc.Unsafe.park(Native Method)
        at java.util.concurrent.locks.LockSupport.parkNanos(LockSupport.java:215)
        at java.util.concurrent.locks.AbstractQueuedSynchronizer$ConditionObject.awaitNanos(AbstractQueuedSynchronizer.java:2078)
        at org.eclipse.jetty.util.BlockingArrayQueue.poll(BlockingArrayQueue.java:382)
        at org.eclipse.jetty.util.thread.QueuedThreadPool$Runner.idleJobPoll(QueuedThreadPool.java:974)
        at org.eclipse.jetty.util.thread.QueuedThreadPool$Runner.run(QueuedThreadPool.java:1018)
        at java.lang.Thread.run(Thread.java:750)
"pool-173-thread-1"  prio=5 tid=290 timed_waiting
java.lang.Thread.State: TIMED_WAITING
        at sun.misc.Unsafe.park(Native Method)
        at java.util.concurrent.locks.LockSupport.parkNanos(LockSupport.java:215)
        at java.util.concurrent.locks.AbstractQueuedSynchronizer$ConditionObject.awaitNanos(AbstractQueuedSynchronizer.java:2078)
        at java.util.concurrent.ScheduledThreadPoolExecutor$DelayedWorkQueue.take(ScheduledThreadPoolExecutor.java:1093)
        at java.util.concurrent.ScheduledThreadPoolExecutor$DelayedWorkQueue.take(ScheduledThreadPoolExecutor.java:809)
        at java.util.concurrent.ThreadPoolExecutor.getTask(ThreadPoolExecutor.java:1074)
        at java.util.concurrent.ThreadPoolExecutor.runWorker(ThreadPoolExecutor.java:1134)
        at java.util.concurrent.ThreadPoolExecutor$Worker.run(ThreadPoolExecutor.java:624)
        at java.lang.Thread.run(Thread.java:750)
"qtp465118237-189" daemon prio=5 tid=189 timed_waiting
java.lang.Thread.State: TIMED_WAITING
        at sun.misc.Unsafe.park(Native Method)
        at java.util.concurrent.locks.LockSupport.parkNanos(LockSupport.java:215)
        at java.util.concurrent.locks.AbstractQueuedSynchronizer$ConditionObject.awaitNanos(AbstractQueuedSynchronizer.java:2078)
        at org.eclipse.jetty.util.BlockingArrayQueue.poll(BlockingArrayQueue.java:382)
        at org.eclipse.jetty.util.thread.QueuedThreadPool$Runner.idleJobPoll(QueuedThreadPool.java:974)
        at org.eclipse.jetty.util.thread.QueuedThreadPool$Runner.run(QueuedThreadPool.java:1018)
        at java.lang.Thread.run(Thread.java:750)
"BlockDeletingService#1" daemon prio=5 tid=412 timed_waiting
java.lang.Thread.State: TIMED_WAITING
        at sun.misc.Unsafe.park(Native Method)
        at java.util.concurrent.locks.LockSupport.parkNanos(LockSupport.java:215)
        at java.util.concurrent.locks.AbstractQueuedSynchronizer$ConditionObject.awaitNanos(AbstractQueuedSynchronizer.java:2078)
        at java.util.concurrent.ScheduledThreadPoolExecutor$DelayedWorkQueue.take(ScheduledThreadPoolExecutor.java:1093)
        at java.util.concurrent.ScheduledThreadPoolExecutor$DelayedWorkQueue.take(ScheduledThreadPoolExecutor.java:809)
        at java.util.concurrent.ThreadPoolExecutor.getTask(ThreadPoolExecutor.java:1074)
        at java.util.concurrent.ThreadPoolExecutor.runWorker(ThreadPoolExecutor.java:1134)
        at java.util.concurrent.ThreadPoolExecutor$Worker.run(ThreadPoolExecutor.java:624)
        at java.lang.Thread.run(Thread.java:750)
"Datanode State Machine Task Thread - 0"  prio=5 tid=202 in Object.wait()
java.lang.Thread.State: WAITING (on object monitor)
        at sun.misc.Unsafe.park(Native Method)
        at java.util.concurrent.locks.LockSupport.park(LockSupport.java:175)
        at java.util.concurrent.locks.AbstractQueuedSynchronizer$ConditionObject.await(AbstractQueuedSynchronizer.java:2039)
        at java.util.concurrent.LinkedBlockingQueue.take(LinkedBlockingQueue.java:442)
        at java.util.concurrent.ThreadPoolExecutor.getTask(ThreadPoolExecutor.java:1074)
        at java.util.concurrent.ThreadPoolExecutor.runWorker(ThreadPoolExecutor.java:1134)
        at java.util.concurrent.ThreadPoolExecutor$Worker.run(ThreadPoolExecutor.java:624)
        at java.lang.Thread.run(Thread.java:750)
"IPC Server handler 10 on default port 39283" daemon prio=5 tid=98 timed_waiting
java.lang.Thread.State: TIMED_WAITING
        at sun.misc.Unsafe.park(Native Method)
        at java.util.concurrent.locks.LockSupport.parkNanos(LockSupport.java:215)
        at java.util.concurrent.locks.AbstractQueuedSynchronizer$ConditionObject.awaitNanos(AbstractQueuedSynchronizer.java:2078)
        at java.util.concurrent.LinkedBlockingQueue.poll(LinkedBlockingQueue.java:467)
        at org.apache.hadoop.ipc.CallQueueManager.take(CallQueueManager.java:317)
        at org.apache.hadoop.ipc.Server$Handler.run(Server.java:2942)
"IPC Server handler 3 on default port 39283" daemon prio=5 tid=91 timed_waiting
java.lang.Thread.State: TIMED_WAITING
        at sun.misc.Unsafe.park(Native Method)
        at java.util.concurrent.locks.LockSupport.parkNanos(LockSupport.java:215)
        at java.util.concurrent.locks.AbstractQueuedSynchronizer$ConditionObject.awaitNanos(AbstractQueuedSynchronizer.java:2078)
        at java.util.concurrent.LinkedBlockingQueue.poll(LinkedBlockingQueue.java:467)
        at org.apache.hadoop.ipc.CallQueueManager.take(CallQueueManager.java:317)
        at org.apache.hadoop.ipc.Server$Handler.run(Server.java:2942)
"org.apache.hadoop.ozone.container.common.statemachine.commandhandler.DeleteBlocksCommandHandler$DeleteCmdWorker@672b0f0a" daemon prio=5 tid=289 timed_waiting
java.lang.Thread.State: TIMED_WAITING
        at java.lang.Thread.sleep(Native Method)
        at org.apache.hadoop.ozone.container.common.statemachine.commandhandler.DeleteBlocksCommandHandler$DeleteCmdWorker.run(DeleteBlocksCommandHandler.java:183)
        at java.lang.Thread.run(Thread.java:750)
"BlockDeletingService#2" daemon prio=5 tid=622 in Object.wait()
java.lang.Thread.State: WAITING (on object monitor)
        at sun.misc.Unsafe.park(Native Method)
        at java.util.concurrent.locks.LockSupport.park(LockSupport.java:175)
        at java.util.concurrent.locks.AbstractQueuedSynchronizer$ConditionObject.await(AbstractQueuedSynchronizer.java:2039)
        at java.util.concurrent.ScheduledThreadPoolExecutor$DelayedWorkQueue.take(ScheduledThreadPoolExecutor.java:1088)
        at java.util.concurrent.ScheduledThreadPoolExecutor$DelayedWorkQueue.take(ScheduledThreadPoolExecutor.java:809)
        at java.util.concurrent.ThreadPoolExecutor.getTask(ThreadPoolExecutor.java:1074)
        at java.util.concurrent.ThreadPoolExecutor.runWorker(ThreadPoolExecutor.java:1134)
        at java.util.concurrent.ThreadPoolExecutor$Worker.run(ThreadPoolExecutor.java:624)
        at java.lang.Thread.run(Thread.java:750)
"Command processor thread" daemon prio=5 tid=306 timed_waiting
java.lang.Thread.State: TIMED_WAITING
        at java.lang.Thread.sleep(Native Method)
        at org.apache.hadoop.ozone.container.common.statemachine.DatanodeStateMachine.lambda$initCommandHandlerThread$3(DatanodeStateMachine.java:641)
        at org.apache.hadoop.ozone.container.common.statemachine.DatanodeStateMachine$$Lambda$777/1909491340.run(Unknown Source)
        at java.lang.Thread.run(Thread.java:750)
"IPC Server handler 9 on default port 39283" daemon prio=5 tid=97 timed_waiting
java.lang.Thread.State: TIMED_WAITING
        at sun.misc.Unsafe.park(Native Method)
        at java.util.concurrent.locks.LockSupport.parkNanos(LockSupport.java:215)
        at java.util.concurrent.locks.AbstractQueuedSynchronizer$ConditionObject.awaitNanos(AbstractQueuedSynchronizer.java:2078)
        at java.util.concurrent.LinkedBlockingQueue.poll(LinkedBlockingQueue.java:467)
        at org.apache.hadoop.ipc.CallQueueManager.take(CallQueueManager.java:317)
        at org.apache.hadoop.ipc.Server$Handler.run(Server.java:2942)
"qtp888889899-266-acceptor-0@6479534c-ServerConnector@7e03fe2b{HTTP/1.1, (http/1.1)}{0.0.0.0:35827}" daemon prio=3 tid=266 runnable
java.lang.Thread.State: RUNNABLE
        at sun.nio.ch.ServerSocketChannelImpl.accept0(Native Method)
        at sun.nio.ch.ServerSocketChannelImpl.accept(ServerSocketChannelImpl.java:421)
        at sun.nio.ch.ServerSocketChannelImpl.accept(ServerSocketChannelImpl.java:249)
        at org.eclipse.jetty.server.ServerConnector.accept(ServerConnector.java:388)
        at org.eclipse.jetty.server.AbstractConnector$Acceptor.run(AbstractConnector.java:704)
        at org.eclipse.jetty.util.thread.QueuedThreadPool.runJob(QueuedThreadPool.java:883)
        at org.eclipse.jetty.util.thread.QueuedThreadPool$Runner.run(QueuedThreadPool.java:1034)
        at java.lang.Thread.run(Thread.java:750)
"6307e296-217c-47f6-b7e1-30640c7ce136@group-EA30693AB63E-LeaderStateImpl" daemon prio=5 tid=528 timed_waiting
java.lang.Thread.State: TIMED_WAITING
        at sun.misc.Unsafe.park(Native Method)
        at java.util.concurrent.locks.LockSupport.parkNanos(LockSupport.java:215)
        at java.util.concurrent.locks.AbstractQueuedSynchronizer$ConditionObject.awaitNanos(AbstractQueuedSynchronizer.java:2078)
        at java.util.concurrent.ArrayBlockingQueue.poll(ArrayBlockingQueue.java:418)
        at org.apache.ratis.server.impl.LeaderStateImpl$EventQueue.poll(LeaderStateImpl.java:159)
        at org.apache.ratis.server.impl.LeaderStateImpl$EventProcessor.run(LeaderStateImpl.java:630)
"Session-HouseKeeper-3d411475-1"  prio=5 tid=299 timed_waiting
java.lang.Thread.State: TIMED_WAITING
        at sun.misc.Unsafe.park(Native Method)
        at java.util.concurrent.locks.LockSupport.parkNanos(LockSupport.java:215)
        at java.util.concurrent.locks.AbstractQueuedSynchronizer$ConditionObject.awaitNanos(AbstractQueuedSynchronizer.java:2078)
        at java.util.concurrent.ScheduledThreadPoolExecutor$DelayedWorkQueue.take(ScheduledThreadPoolExecutor.java:1093)
        at java.util.concurrent.ScheduledThreadPoolExecutor$DelayedWorkQueue.take(ScheduledThreadPoolExecutor.java:809)
        at java.util.concurrent.ThreadPoolExecutor.getTask(ThreadPoolExecutor.java:1074)
        at java.util.concurrent.ThreadPoolExecutor.runWorker(ThreadPoolExecutor.java:1134)
        at java.util.concurrent.ThreadPoolExecutor$Worker.run(ThreadPoolExecutor.java:624)
        at java.lang.Thread.run(Thread.java:750)
"qtp114743324-116" daemon prio=5 tid=116 timed_waiting
java.lang.Thread.State: TIMED_WAITING
        at sun.misc.Unsafe.park(Native Method)
        at java.util.concurrent.locks.LockSupport.parkNanos(LockSupport.java:215)
        at java.util.concurrent.locks.AbstractQueuedSynchronizer$ConditionObject.awaitNanos(AbstractQueuedSynchronizer.java:2078)
        at org.eclipse.jetty.util.BlockingArrayQueue.poll(BlockingArrayQueue.java:382)
        at org.eclipse.jetty.util.thread.QueuedThreadPool$Runner.idleJobPoll(QueuedThreadPool.java:974)
        at org.eclipse.jetty.util.thread.QueuedThreadPool$Runner.run(QueuedThreadPool.java:1018)
        at java.lang.Thread.run(Thread.java:750)
"StaleRecoveringContainerScrubbingService#0" daemon prio=5 tid=411 in Object.wait()
java.lang.Thread.State: WAITING (on object monitor)
        at sun.misc.Unsafe.park(Native Method)
        at java.util.concurrent.locks.LockSupport.park(LockSupport.java:175)
        at java.util.concurrent.locks.AbstractQueuedSynchronizer$ConditionObject.await(AbstractQueuedSynchronizer.java:2039)
        at java.util.concurrent.ScheduledThreadPoolExecutor$DelayedWorkQueue.take(ScheduledThreadPoolExecutor.java:1088)
        at java.util.concurrent.ScheduledThreadPoolExecutor$DelayedWorkQueue.take(ScheduledThreadPoolExecutor.java:809)
        at java.util.concurrent.ThreadPoolExecutor.getTask(ThreadPoolExecutor.java:1074)
        at java.util.concurrent.ThreadPoolExecutor.runWorker(ThreadPoolExecutor.java:1134)
        at java.util.concurrent.ThreadPoolExecutor$Worker.run(ThreadPoolExecutor.java:624)
        at java.lang.Thread.run(Thread.java:750)
"IPC Server handler 16 on default port 39283" daemon prio=5 tid=104 timed_waiting
java.lang.Thread.State: TIMED_WAITING
        at sun.misc.Unsafe.park(Native Method)
        at java.util.concurrent.locks.LockSupport.parkNanos(LockSupport.java:215)
        at java.util.concurrent.locks.AbstractQueuedSynchronizer$ConditionObject.awaitNanos(AbstractQueuedSynchronizer.java:2078)
        at java.util.concurrent.LinkedBlockingQueue.poll(LinkedBlockingQueue.java:467)
        at org.apache.hadoop.ipc.CallQueueManager.take(CallQueueManager.java:317)
        at org.apache.hadoop.ipc.Server$Handler.run(Server.java:2942)
"IPC Server handler 2 on default port 39283" daemon prio=5 tid=90 timed_waiting
java.lang.Thread.State: TIMED_WAITING
        at sun.misc.Unsafe.park(Native Method)
        at java.util.concurrent.locks.LockSupport.parkNanos(LockSupport.java:215)
        at java.util.concurrent.locks.AbstractQueuedSynchronizer$ConditionObject.awaitNanos(AbstractQueuedSynchronizer.java:2078)
        at java.util.concurrent.LinkedBlockingQueue.poll(LinkedBlockingQueue.java:467)
        at org.apache.hadoop.ipc.CallQueueManager.take(CallQueueManager.java:317)
        at org.apache.hadoop.ipc.Server$Handler.run(Server.java:2942)
"JvmPauseMonitor1" daemon prio=5 tid=342 timed_waiting
java.lang.Thread.State: TIMED_WAITING
        at java.lang.Thread.sleep(Native Method)
        at java.lang.Thread.sleep(Thread.java:342)
        at java.util.concurrent.TimeUnit.sleep(TimeUnit.java:386)
        at org.apache.ratis.util.TimeDuration.sleep(TimeDuration.java:325)
        at org.apache.ratis.util.TimeDuration.sleep(TimeDuration.java:310)
        at org.apache.ratis.util.JvmPauseMonitor.detectPause(JvmPauseMonitor.java:119)
        at org.apache.ratis.util.JvmPauseMonitor.run(JvmPauseMonitor.java:108)
        at org.apache.ratis.util.JvmPauseMonitor$$Lambda$730/418902856.run(Unknown Source)
        at java.lang.Thread.run(Thread.java:750)
"IPC Server Responder" daemon prio=5 tid=27 runnable
java.lang.Thread.State: RUNNABLE
        at sun.nio.ch.EPollArrayWrapper.epollWait(Native Method)
        at sun.nio.ch.EPollArrayWrapper.poll(EPollArrayWrapper.java:269)
        at sun.nio.ch.EPollSelectorImpl.doSelect(EPollSelectorImpl.java:93)
        at sun.nio.ch.SelectorImpl.lockAndDoSelect(SelectorImpl.java:86)
        at sun.nio.ch.SelectorImpl.select(SelectorImpl.java:97)
        at org.apache.hadoop.ipc.Server$Responder.doRunLoop(Server.java:1532)
        at org.apache.hadoop.ipc.Server$Responder.run(Server.java:1515)
"IPC Server handler 19 on default port 45385" daemon prio=5 tid=87 timed_waiting
java.lang.Thread.State: TIMED_WAITING
        at sun.misc.Unsafe.park(Native Method)
        at java.util.concurrent.locks.LockSupport.parkNanos(LockSupport.java:215)
        at java.util.concurrent.locks.AbstractQueuedSynchronizer$ConditionObject.awaitNanos(AbstractQueuedSynchronizer.java:2078)
        at java.util.concurrent.LinkedBlockingQueue.poll(LinkedBlockingQueue.java:467)
        at org.apache.hadoop.ipc.CallQueueManager.take(CallQueueManager.java:317)
        at org.apache.hadoop.ipc.Server$Handler.run(Server.java:2942)
"ChunkReader-ELG-0" daemon prio=5 tid=355 runnable
java.lang.Thread.State: RUNNABLE
        at org.apache.ratis.thirdparty.io.netty.channel.epoll.Native.epollWait(Native Method)
        at org.apache.ratis.thirdparty.io.netty.channel.epoll.Native.epollWait(Native.java:209)
        at org.apache.ratis.thirdparty.io.netty.channel.epoll.Native.epollWait(Native.java:202)
        at org.apache.ratis.thirdparty.io.netty.channel.epoll.EpollEventLoop.epollWaitNoTimerChange(EpollEventLoop.java:294)
        at org.apache.ratis.thirdparty.io.netty.channel.epoll.EpollEventLoop.run(EpollEventLoop.java:351)
        at org.apache.ratis.thirdparty.io.netty.util.concurrent.SingleThreadEventExecutor$4.run(SingleThreadEventExecutor.java:995)
        at org.apache.ratis.thirdparty.io.netty.util.internal.ThreadExecutorMap$2.run(ThreadExecutorMap.java:74)
        at java.lang.Thread.run(Thread.java:750)
"EndpointStateMachine task thread for /0.0.0.0:39283 - 0 "  prio=5 tid=349 in Object.wait()
java.lang.Thread.State: WAITING (on object monitor)
        at sun.misc.Unsafe.park(Native Method)
        at java.util.concurrent.locks.LockSupport.park(LockSupport.java:175)
        at java.util.concurrent.locks.AbstractQueuedSynchronizer$ConditionObject.await(AbstractQueuedSynchronizer.java:2039)
        at java.util.concurrent.LinkedBlockingQueue.take(LinkedBlockingQueue.java:442)
        at java.util.concurrent.ThreadPoolExecutor.getTask(ThreadPoolExecutor.java:1074)
        at java.util.concurrent.ThreadPoolExecutor.runWorker(ThreadPoolExecutor.java:1134)
        at java.util.concurrent.ThreadPoolExecutor$Worker.run(ThreadPoolExecutor.java:624)
        at java.lang.Thread.run(Thread.java:750)
"IPC Server handler 17 on default port 40183" daemon prio=5 tid=172 timed_waiting
java.lang.Thread.State: TIMED_WAITING
        at sun.misc.Unsafe.park(Native Method)
        at java.util.concurrent.locks.LockSupport.parkNanos(LockSupport.java:215)
        at java.util.concurrent.locks.AbstractQueuedSynchronizer$ConditionObject.awaitNanos(AbstractQueuedSynchronizer.java:2078)
        at java.util.concurrent.LinkedBlockingQueue.poll(LinkedBlockingQueue.java:467)
        at org.apache.hadoop.ipc.CallQueueManager.take(CallQueueManager.java:317)
        at org.apache.hadoop.ipc.Server$Handler.run(Server.java:2942)
"StaleRecoveringContainerScrubbingService#2" daemon prio=5 tid=630 in Object.wait()
java.lang.Thread.State: WAITING (on object monitor)
        at sun.misc.Unsafe.park(Native Method)
        at java.util.concurrent.locks.LockSupport.park(LockSupport.java:175)
        at java.util.concurrent.locks.AbstractQueuedSynchronizer$ConditionObject.await(AbstractQueuedSynchronizer.java:2039)
        at java.util.concurrent.ScheduledThreadPoolExecutor$DelayedWorkQueue.take(ScheduledThreadPoolExecutor.java:1088)
        at java.util.concurrent.ScheduledThreadPoolExecutor$DelayedWorkQueue.take(ScheduledThreadPoolExecutor.java:809)
        at java.util.concurrent.ThreadPoolExecutor.getTask(ThreadPoolExecutor.java:1074)
        at java.util.concurrent.ThreadPoolExecutor.runWorker(ThreadPoolExecutor.java:1134)
        at java.util.concurrent.ThreadPoolExecutor$Worker.run(ThreadPoolExecutor.java:624)
        at java.lang.Thread.run(Thread.java:750)
"Socket Reader #1 for port 0"  prio=5 tid=29 runnable
java.lang.Thread.State: RUNNABLE
        at sun.nio.ch.EPollArrayWrapper.epollWait(Native Method)
        at sun.nio.ch.EPollArrayWrapper.poll(EPollArrayWrapper.java:269)
        at sun.nio.ch.EPollSelectorImpl.doSelect(EPollSelectorImpl.java:93)
        at sun.nio.ch.SelectorImpl.lockAndDoSelect(SelectorImpl.java:86)
        at sun.nio.ch.SelectorImpl.select(SelectorImpl.java:97)
        at sun.nio.ch.SelectorImpl.select(SelectorImpl.java:101)
        at org.apache.hadoop.ipc.Server$Listener$Reader.doRunLoop(Server.java:1296)
        at org.apache.hadoop.ipc.Server$Listener$Reader.run(Server.java:1275)
"ChunkReader-ELG-0" daemon prio=5 tid=367 runnable
java.lang.Thread.State: RUNNABLE
        at org.apache.ratis.thirdparty.io.netty.channel.epoll.Native.epollWait(Native Method)
        at org.apache.ratis.thirdparty.io.netty.channel.epoll.Native.epollWait(Native.java:209)
        at org.apache.ratis.thirdparty.io.netty.channel.epoll.Native.epollWait(Native.java:202)
        at org.apache.ratis.thirdparty.io.netty.channel.epoll.EpollEventLoop.epollWaitNoTimerChange(EpollEventLoop.java:294)
        at org.apache.ratis.thirdparty.io.netty.channel.epoll.EpollEventLoop.run(EpollEventLoop.java:351)
        at org.apache.ratis.thirdparty.io.netty.util.concurrent.SingleThreadEventExecutor$4.run(SingleThreadEventExecutor.java:995)
        at org.apache.ratis.thirdparty.io.netty.util.internal.ThreadExecutorMap$2.run(ThreadExecutorMap.java:74)
        at java.lang.Thread.run(Thread.java:750)
"Datanode ReportManager Thread - 2" daemon prio=5 tid=277 in Object.wait()
java.lang.Thread.State: WAITING (on object monitor)
        at sun.misc.Unsafe.park(Native Method)
        at java.util.concurrent.locks.LockSupport.park(LockSupport.java:175)
        at java.util.concurrent.locks.AbstractQueuedSynchronizer$ConditionObject.await(AbstractQueuedSynchronizer.java:2039)
        at java.util.concurrent.ScheduledThreadPoolExecutor$DelayedWorkQueue.take(ScheduledThreadPoolExecutor.java:1088)
        at java.util.concurrent.ScheduledThreadPoolExecutor$DelayedWorkQueue.take(ScheduledThreadPoolExecutor.java:809)
        at java.util.concurrent.ThreadPoolExecutor.getTask(ThreadPoolExecutor.java:1074)
        at java.util.concurrent.ThreadPoolExecutor.runWorker(ThreadPoolExecutor.java:1134)
        at java.util.concurrent.ThreadPoolExecutor$Worker.run(ThreadPoolExecutor.java:624)
        at java.lang.Thread.run(Thread.java:750)
"IPC Server handler 0 on default port 41227" daemon prio=5 tid=48 timed_waiting
java.lang.Thread.State: TIMED_WAITING
        at sun.misc.Unsafe.park(Native Method)
        at java.util.concurrent.locks.LockSupport.parkNanos(LockSupport.java:215)
        at java.util.concurrent.locks.AbstractQueuedSynchronizer$ConditionObject.awaitNanos(AbstractQueuedSynchronizer.java:2078)
        at java.util.concurrent.LinkedBlockingQueue.poll(LinkedBlockingQueue.java:467)
        at org.apache.hadoop.ipc.CallQueueManager.take(CallQueueManager.java:317)
        at org.apache.hadoop.ipc.Server$Handler.run(Server.java:2942)
"IPC Server handler 14 on default port 41227" daemon prio=5 tid=62 timed_waiting
java.lang.Thread.State: TIMED_WAITING
        at sun.misc.Unsafe.park(Native Method)
        at java.util.concurrent.locks.LockSupport.parkNanos(LockSupport.java:215)
        at java.util.concurrent.locks.AbstractQueuedSynchronizer$ConditionObject.awaitNanos(AbstractQueuedSynchronizer.java:2078)
        at java.util.concurrent.LinkedBlockingQueue.poll(LinkedBlockingQueue.java:467)
        at org.apache.hadoop.ipc.CallQueueManager.take(CallQueueManager.java:317)
        at org.apache.hadoop.ipc.Server$Handler.run(Server.java:2942)
"timer7" daemon prio=5 tid=571 timed_waiting
java.lang.Thread.State: TIMED_WAITING
        at java.lang.Object.wait(Native Method)
        at java.util.TimerThread.mainLoop(Timer.java:552)
        at java.util.TimerThread.run(Timer.java:505)
"FixedThreadPoolWithAffinityExecutor-0-0" daemon prio=5 tid=36 timed_waiting
java.lang.Thread.State: TIMED_WAITING
        at sun.misc.Unsafe.park(Native Method)
        at java.util.concurrent.locks.LockSupport.parkNanos(LockSupport.java:215)
        at java.util.concurrent.locks.AbstractQueuedSynchronizer$ConditionObject.awaitNanos(AbstractQueuedSynchronizer.java:2078)
        at java.util.concurrent.LinkedBlockingQueue.poll(LinkedBlockingQueue.java:467)
        at org.apache.hadoop.hdds.scm.server.ContainerReportQueue.poll(ContainerReportQueue.java:266)
        at org.apache.hadoop.hdds.scm.server.ContainerReportQueue.poll(ContainerReportQueue.java:42)
        at org.apache.hadoop.hdds.server.events.FixedThreadPoolWithAffinityExecutor$ContainerReportProcessTask.run(FixedThreadPoolWithAffinityExecutor.java:218)
        at java.util.concurrent.Executors$RunnableAdapter.call(Executors.java:511)
        at java.util.concurrent.FutureTask.run(FutureTask.java:266)
        at java.util.concurrent.ThreadPoolExecutor.runWorker(ThreadPoolExecutor.java:1149)
        at java.util.concurrent.ThreadPoolExecutor$Worker.run(ThreadPoolExecutor.java:624)
        at java.lang.Thread.run(Thread.java:750)
"org.apache.hadoop.util.JvmPauseMonitor$Monitor@384f0e32" daemon prio=5 tid=109 timed_waiting
java.lang.Thread.State: TIMED_WAITING
        at java.lang.Thread.sleep(Native Method)
        at org.apache.hadoop.util.JvmPauseMonitor$Monitor.run(JvmPauseMonitor.java:192)
        at java.lang.Thread.run(Thread.java:750)
"FixedThreadPoolWithAffinityExecutor-4-0" daemon prio=5 tid=40 timed_waiting
java.lang.Thread.State: TIMED_WAITING
        at sun.misc.Unsafe.park(Native Method)
        at java.util.concurrent.locks.LockSupport.parkNanos(LockSupport.java:215)
        at java.util.concurrent.locks.AbstractQueuedSynchronizer$ConditionObject.awaitNanos(AbstractQueuedSynchronizer.java:2078)
        at java.util.concurrent.LinkedBlockingQueue.poll(LinkedBlockingQueue.java:467)
        at org.apache.hadoop.hdds.scm.server.ContainerReportQueue.poll(ContainerReportQueue.java:266)
        at org.apache.hadoop.hdds.scm.server.ContainerReportQueue.poll(ContainerReportQueue.java:42)
        at org.apache.hadoop.hdds.server.events.FixedThreadPoolWithAffinityExecutor$ContainerReportProcessTask.run(FixedThreadPoolWithAffinityExecutor.java:218)
        at java.util.concurrent.Executors$RunnableAdapter.call(Executors.java:511)
        at java.util.concurrent.FutureTask.run(FutureTask.java:266)
        at java.util.concurrent.ThreadPoolExecutor.runWorker(ThreadPoolExecutor.java:1149)
        at java.util.concurrent.ThreadPoolExecutor$Worker.run(ThreadPoolExecutor.java:624)
        at java.lang.Thread.run(Thread.java:750)
"ChunkWriter-2-0" daemon prio=5 tid=376 in Object.wait()
java.lang.Thread.State: WAITING (on object monitor)
        at sun.misc.Unsafe.park(Native Method)
        at java.util.concurrent.locks.LockSupport.park(LockSupport.java:175)
        at java.util.concurrent.locks.AbstractQueuedSynchronizer$ConditionObject.await(AbstractQueuedSynchronizer.java:2039)
        at java.util.concurrent.LinkedBlockingDeque.takeFirst(LinkedBlockingDeque.java:492)
        at java.util.concurrent.LinkedBlockingDeque.take(LinkedBlockingDeque.java:680)
        at java.util.concurrent.ThreadPoolExecutor.getTask(ThreadPoolExecutor.java:1074)
        at java.util.concurrent.ThreadPoolExecutor.runWorker(ThreadPoolExecutor.java:1134)
        at java.util.concurrent.ThreadPoolExecutor$Worker.run(ThreadPoolExecutor.java:624)
        at java.lang.Thread.run(Thread.java:750)
"IPC Server handler 1 on default port 39283" daemon prio=5 tid=89 timed_waiting
java.lang.Thread.State: TIMED_WAITING
        at sun.misc.Unsafe.park(Native Method)
        at java.util.concurrent.locks.LockSupport.parkNanos(LockSupport.java:215)
        at java.util.concurrent.locks.AbstractQueuedSynchronizer$ConditionObject.awaitNanos(AbstractQueuedSynchronizer.java:2078)
        at java.util.concurrent.LinkedBlockingQueue.poll(LinkedBlockingQueue.java:467)
        at org.apache.hadoop.ipc.CallQueueManager.take(CallQueueManager.java:317)
        at org.apache.hadoop.ipc.Server$Handler.run(Server.java:2942)
"org.apache.hadoop.util.JvmPauseMonitor$Monitor@5a347d77" daemon prio=5 tid=229 timed_waiting
java.lang.Thread.State: TIMED_WAITING
        at java.lang.Thread.sleep(Native Method)
        at org.apache.hadoop.util.JvmPauseMonitor$Monitor.run(JvmPauseMonitor.java:192)
        at java.lang.Thread.run(Thread.java:750)
"976467f4-c66a-4ccc-8167-891a23ca4537@group-19DDDCD191CE-StateMachineUpdater" daemon prio=5 tid=430 timed_waiting
java.lang.Thread.State: TIMED_WAITING
        at sun.misc.Unsafe.park(Native Method)
        at java.util.concurrent.locks.LockSupport.parkNanos(LockSupport.java:215)
        at java.util.concurrent.CompletableFuture$Signaller.block(CompletableFuture.java:1709)
        at java.util.concurrent.ForkJoinPool.managedBlock(ForkJoinPool.java:3323)
        at java.util.concurrent.CompletableFuture.timedGet(CompletableFuture.java:1788)
        at java.util.concurrent.CompletableFuture.get(CompletableFuture.java:1928)
        at org.apache.ratis.util.AwaitForSignal.await(AwaitForSignal.java:56)
        at org.apache.ratis.server.impl.StateMachineUpdater.waitForCommit(StateMachineUpdater.java:207)
        at org.apache.ratis.server.impl.StateMachineUpdater.run(StateMachineUpdater.java:176)
        at java.lang.Thread.run(Thread.java:750)
"qtp1101359833-239" daemon prio=5 tid=239 runnable
java.lang.Thread.State: RUNNABLE
        at sun.nio.ch.EPollArrayWrapper.epollWait(Native Method)
        at sun.nio.ch.EPollArrayWrapper.poll(EPollArrayWrapper.java:269)
        at sun.nio.ch.EPollSelectorImpl.doSelect(EPollSelectorImpl.java:93)
        at sun.nio.ch.SelectorImpl.lockAndDoSelect(SelectorImpl.java:86)
        at sun.nio.ch.SelectorImpl.select(SelectorImpl.java:97)
        at sun.nio.ch.SelectorImpl.select(SelectorImpl.java:101)
        at org.eclipse.jetty.io.ManagedSelector.nioSelect(ManagedSelector.java:183)
        at org.eclipse.jetty.io.ManagedSelector.select(ManagedSelector.java:190)
        at org.eclipse.jetty.io.ManagedSelector$SelectorProducer.select(ManagedSelector.java:606)
        at org.eclipse.jetty.io.ManagedSelector$SelectorProducer.produce(ManagedSelector.java:543)
        at org.eclipse.jetty.util.thread.strategy.EatWhatYouKill.produceTask(EatWhatYouKill.java:362)
        at org.eclipse.jetty.util.thread.strategy.EatWhatYouKill.doProduce(EatWhatYouKill.java:186)
        at org.eclipse.jetty.util.thread.strategy.EatWhatYouKill.tryProduce(EatWhatYouKill.java:173)
        at org.eclipse.jetty.util.thread.strategy.EatWhatYouKill.produce(EatWhatYouKill.java:137)
        at org.eclipse.jetty.io.ManagedSelector$$Lambda$470/152349586.run(Unknown Source)
        at org.eclipse.jetty.util.thread.QueuedThreadPool.runJob(QueuedThreadPool.java:883)
        at org.eclipse.jetty.util.thread.QueuedThreadPool$Runner.run(QueuedThreadPool.java:1034)
        at java.lang.Thread.run(Thread.java:750)
"IPC Server handler 11 on default port 40183" daemon prio=5 tid=166 timed_waiting
java.lang.Thread.State: TIMED_WAITING
        at sun.misc.Unsafe.park(Native Method)
        at java.util.concurrent.locks.LockSupport.parkNanos(LockSupport.java:215)
        at java.util.concurrent.locks.AbstractQueuedSynchronizer$ConditionObject.awaitNanos(AbstractQueuedSynchronizer.java:2078)
        at java.util.concurrent.LinkedBlockingQueue.poll(LinkedBlockingQueue.java:467)
        at org.apache.hadoop.ipc.CallQueueManager.take(CallQueueManager.java:317)
        at org.apache.hadoop.ipc.Server$Handler.run(Server.java:2942)
"IPC Server handler 18 on default port 40183" daemon prio=5 tid=173 timed_waiting
java.lang.Thread.State: TIMED_WAITING
        at sun.misc.Unsafe.park(Native Method)
        at java.util.concurrent.locks.LockSupport.parkNanos(LockSupport.java:215)
        at java.util.concurrent.locks.AbstractQueuedSynchronizer$ConditionObject.awaitNanos(AbstractQueuedSynchronizer.java:2078)
        at java.util.concurrent.LinkedBlockingQueue.poll(LinkedBlockingQueue.java:467)
        at org.apache.hadoop.ipc.CallQueueManager.take(CallQueueManager.java:317)
        at org.apache.hadoop.ipc.Server$Handler.run(Server.java:2942)
"pool-196-thread-1"  prio=5 tid=316 timed_waiting
java.lang.Thread.State: TIMED_WAITING
        at sun.misc.Unsafe.park(Native Method)
        at java.util.concurrent.locks.LockSupport.parkNanos(LockSupport.java:215)
        at java.util.concurrent.locks.AbstractQueuedSynchronizer$ConditionObject.awaitNanos(AbstractQueuedSynchronizer.java:2078)
        at java.util.concurrent.ScheduledThreadPoolExecutor$DelayedWorkQueue.take(ScheduledThreadPoolExecutor.java:1093)
        at java.util.concurrent.ScheduledThreadPoolExecutor$DelayedWorkQueue.take(ScheduledThreadPoolExecutor.java:809)
        at java.util.concurrent.ThreadPoolExecutor.getTask(ThreadPoolExecutor.java:1074)
        at java.util.concurrent.ThreadPoolExecutor.runWorker(ThreadPoolExecutor.java:1134)
        at java.util.concurrent.ThreadPoolExecutor$Worker.run(ThreadPoolExecutor.java:624)
        at java.lang.Thread.run(Thread.java:750)
"pool-157-thread-1" daemon prio=5 tid=286 timed_waiting
java.lang.Thread.State: TIMED_WAITING
        at sun.misc.Unsafe.park(Native Method)
        at java.util.concurrent.locks.LockSupport.parkNanos(LockSupport.java:215)
        at java.util.concurrent.locks.AbstractQueuedSynchronizer$ConditionObject.awaitNanos(AbstractQueuedSynchronizer.java:2078)
        at java.util.concurrent.ScheduledThreadPoolExecutor$DelayedWorkQueue.take(ScheduledThreadPoolExecutor.java:1093)
        at java.util.concurrent.ScheduledThreadPoolExecutor$DelayedWorkQueue.take(ScheduledThreadPoolExecutor.java:809)
        at java.util.concurrent.ThreadPoolExecutor.getTask(ThreadPoolExecutor.java:1074)
        at java.util.concurrent.ThreadPoolExecutor.runWorker(ThreadPoolExecutor.java:1134)
        at java.util.concurrent.ThreadPoolExecutor$Worker.run(ThreadPoolExecutor.java:624)
        at java.lang.Thread.run(Thread.java:750)
"pool-88-thread-1" daemon prio=5 tid=207 timed_waiting
java.lang.Thread.State: TIMED_WAITING
        at sun.misc.Unsafe.park(Native Method)
        at java.util.concurrent.locks.LockSupport.parkNanos(LockSupport.java:215)
        at java.util.concurrent.locks.AbstractQueuedSynchronizer$ConditionObject.awaitNanos(AbstractQueuedSynchronizer.java:2078)
        at java.util.concurrent.ScheduledThreadPoolExecutor$DelayedWorkQueue.take(ScheduledThreadPoolExecutor.java:1093)
        at java.util.concurrent.ScheduledThreadPoolExecutor$DelayedWorkQueue.take(ScheduledThreadPoolExecutor.java:809)
        at java.util.concurrent.ThreadPoolExecutor.getTask(ThreadPoolExecutor.java:1074)
        at java.util.concurrent.ThreadPoolExecutor.runWorker(ThreadPoolExecutor.java:1134)
        at java.util.concurrent.ThreadPoolExecutor$Worker.run(ThreadPoolExecutor.java:624)
        at java.lang.Thread.run(Thread.java:750)
"Timer for 'StorageContainerManager' metrics system" daemon prio=5 tid=46 timed_waiting
java.lang.Thread.State: TIMED_WAITING
        at java.lang.Object.wait(Native Method)
        at java.util.TimerThread.mainLoop(Timer.java:552)
        at java.util.TimerThread.run(Timer.java:505)
"qtp83454586-323" daemon prio=5 tid=323 timed_waiting
java.lang.Thread.State: TIMED_WAITING
        at sun.misc.Unsafe.park(Native Method)
        at java.util.concurrent.locks.LockSupport.parkNanos(LockSupport.java:215)
        at java.util.concurrent.locks.AbstractQueuedSynchronizer$ConditionObject.awaitNanos(AbstractQueuedSynchronizer.java:2078)
        at org.eclipse.jetty.util.BlockingArrayQueue.poll(BlockingArrayQueue.java:382)
        at org.eclipse.jetty.util.thread.QueuedThreadPool$Runner.idleJobPoll(QueuedThreadPool.java:974)
        at org.eclipse.jetty.util.thread.QueuedThreadPool$Runner.run(QueuedThreadPool.java:1018)
        at java.lang.Thread.run(Thread.java:750)
"qtp269339862-291" daemon prio=5 tid=291 runnable
java.lang.Thread.State: RUNNABLE
        at sun.nio.ch.EPollArrayWrapper.epollWait(Native Method)
        at sun.nio.ch.EPollArrayWrapper.poll(EPollArrayWrapper.java:269)
        at sun.nio.ch.EPollSelectorImpl.doSelect(EPollSelectorImpl.java:93)
        at sun.nio.ch.SelectorImpl.lockAndDoSelect(SelectorImpl.java:86)
        at sun.nio.ch.SelectorImpl.select(SelectorImpl.java:97)
        at sun.nio.ch.SelectorImpl.select(SelectorImpl.java:101)
        at org.eclipse.jetty.io.ManagedSelector.nioSelect(ManagedSelector.java:183)
        at org.eclipse.jetty.io.ManagedSelector.select(ManagedSelector.java:190)
        at org.eclipse.jetty.io.ManagedSelector$SelectorProducer.select(ManagedSelector.java:606)
        at org.eclipse.jetty.io.ManagedSelector$SelectorProducer.produce(ManagedSelector.java:543)
        at org.eclipse.jetty.util.thread.strategy.EatWhatYouKill.produceTask(EatWhatYouKill.java:362)
        at org.eclipse.jetty.util.thread.strategy.EatWhatYouKill.doProduce(EatWhatYouKill.java:186)
        at org.eclipse.jetty.util.thread.strategy.EatWhatYouKill.tryProduce(EatWhatYouKill.java:173)
        at org.eclipse.jetty.util.thread.strategy.EatWhatYouKill.produce(EatWhatYouKill.java:137)
        at org.eclipse.jetty.io.ManagedSelector$$Lambda$470/152349586.run(Unknown Source)
        at org.eclipse.jetty.util.thread.QueuedThreadPool.runJob(QueuedThreadPool.java:883)
        at org.eclipse.jetty.util.thread.QueuedThreadPool$Runner.run(QueuedThreadPool.java:1034)
        at java.lang.Thread.run(Thread.java:750)
"EventQueue-NodeRegistrationContainerReportForContainerSafeModeRule" daemon prio=5 tid=398 in Object.wait()
java.lang.Thread.State: WAITING (on object monitor)
        at sun.misc.Unsafe.park(Native Method)
        at java.util.concurrent.locks.LockSupport.park(LockSupport.java:175)
        at java.util.concurrent.locks.AbstractQueuedSynchronizer$ConditionObject.await(AbstractQueuedSynchronizer.java:2039)
        at java.util.concurrent.LinkedBlockingQueue.take(LinkedBlockingQueue.java:442)
        at java.util.concurrent.ThreadPoolExecutor.getTask(ThreadPoolExecutor.java:1074)
        at java.util.concurrent.ThreadPoolExecutor.runWorker(ThreadPoolExecutor.java:1134)
        at java.util.concurrent.ThreadPoolExecutor$Worker.run(ThreadPoolExecutor.java:624)
        at java.lang.Thread.run(Thread.java:750)
"qtp83454586-324" daemon prio=5 tid=324 timed_waiting
java.lang.Thread.State: TIMED_WAITING
        at sun.misc.Unsafe.park(Native Method)
        at java.util.concurrent.locks.LockSupport.parkNanos(LockSupport.java:215)
        at java.util.concurrent.locks.AbstractQueuedSynchronizer$ConditionObject.awaitNanos(AbstractQueuedSynchronizer.java:2078)
        at org.eclipse.jetty.util.BlockingArrayQueue.poll(BlockingArrayQueue.java:382)
        at org.eclipse.jetty.util.thread.QueuedThreadPool$Runner.idleJobPoll(QueuedThreadPool.java:974)
        at org.eclipse.jetty.util.thread.QueuedThreadPool$Runner.run(QueuedThreadPool.java:1018)
        at java.lang.Thread.run(Thread.java:750)
"BlockDeletingService#2" daemon prio=5 tid=631 in Object.wait()
java.lang.Thread.State: WAITING (on object monitor)
        at sun.misc.Unsafe.park(Native Method)
        at java.util.concurrent.locks.LockSupport.park(LockSupport.java:175)
        at java.util.concurrent.locks.AbstractQueuedSynchronizer$ConditionObject.await(AbstractQueuedSynchronizer.java:2039)
        at java.util.concurrent.ScheduledThreadPoolExecutor$DelayedWorkQueue.take(ScheduledThreadPoolExecutor.java:1088)
        at java.util.concurrent.ScheduledThreadPoolExecutor$DelayedWorkQueue.take(ScheduledThreadPoolExecutor.java:809)
        at java.util.concurrent.ThreadPoolExecutor.getTask(ThreadPoolExecutor.java:1074)
        at java.util.concurrent.ThreadPoolExecutor.runWorker(ThreadPoolExecutor.java:1134)
        at java.util.concurrent.ThreadPoolExecutor$Worker.run(ThreadPoolExecutor.java:624)
        at java.lang.Thread.run(Thread.java:750)
"Datanode State Machine Daemon Thread" daemon prio=5 tid=300 timed_waiting
java.lang.Thread.State: TIMED_WAITING
        at java.lang.Thread.sleep(Native Method)
        at org.apache.hadoop.ozone.container.common.statemachine.DatanodeStateMachine.startStateMachineThread(DatanodeStateMachine.java:321)
        at org.apache.hadoop.ozone.container.common.statemachine.DatanodeStateMachine.lambda$startDaemon$0(DatanodeStateMachine.java:506)
        at org.apache.hadoop.ozone.container.common.statemachine.DatanodeStateMachine$$Lambda$775/1835305867.run(Unknown Source)
        at java.lang.Thread.run(Thread.java:750)
"pool-31-thread-1"  prio=5 tid=110 timed_waiting
java.lang.Thread.State: TIMED_WAITING
        at sun.misc.Unsafe.park(Native Method)
        at java.util.concurrent.locks.LockSupport.parkNanos(LockSupport.java:215)
        at java.util.concurrent.locks.AbstractQueuedSynchronizer$ConditionObject.awaitNanos(AbstractQueuedSynchronizer.java:2078)
        at java.util.concurrent.ScheduledThreadPoolExecutor$DelayedWorkQueue.take(ScheduledThreadPoolExecutor.java:1093)
        at java.util.concurrent.ScheduledThreadPoolExecutor$DelayedWorkQueue.take(ScheduledThreadPoolExecutor.java:809)
        at java.util.concurrent.ThreadPoolExecutor.getTask(ThreadPoolExecutor.java:1074)
        at java.util.concurrent.ThreadPoolExecutor.runWorker(ThreadPoolExecutor.java:1134)
        at java.util.concurrent.ThreadPoolExecutor$Worker.run(ThreadPoolExecutor.java:624)
        at java.lang.Thread.run(Thread.java:750)
"Datanode ReportManager Thread - 0" daemon prio=5 tid=301 in Object.wait()
java.lang.Thread.State: WAITING (on object monitor)
        at sun.misc.Unsafe.park(Native Method)
        at java.util.concurrent.locks.LockSupport.park(LockSupport.java:175)
        at java.util.concurrent.locks.AbstractQueuedSynchronizer$ConditionObject.await(AbstractQueuedSynchronizer.java:2039)
        at java.util.concurrent.ScheduledThreadPoolExecutor$DelayedWorkQueue.take(ScheduledThreadPoolExecutor.java:1088)
        at java.util.concurrent.ScheduledThreadPoolExecutor$DelayedWorkQueue.take(ScheduledThreadPoolExecutor.java:809)
        at java.util.concurrent.ThreadPoolExecutor.getTask(ThreadPoolExecutor.java:1074)
        at java.util.concurrent.ThreadPoolExecutor.runWorker(ThreadPoolExecutor.java:1134)
        at java.util.concurrent.ThreadPoolExecutor$Worker.run(ThreadPoolExecutor.java:624)
        at java.lang.Thread.run(Thread.java:750)
"ChunkWriter-1-0" daemon prio=5 tid=363 in Object.wait()
java.lang.Thread.State: WAITING (on object monitor)
        at sun.misc.Unsafe.park(Native Method)
        at java.util.concurrent.locks.LockSupport.park(LockSupport.java:175)
        at java.util.concurrent.locks.AbstractQueuedSynchronizer$ConditionObject.await(AbstractQueuedSynchronizer.java:2039)
        at java.util.concurrent.LinkedBlockingDeque.takeFirst(LinkedBlockingDeque.java:492)
        at java.util.concurrent.LinkedBlockingDeque.take(LinkedBlockingDeque.java:680)
        at java.util.concurrent.ThreadPoolExecutor.getTask(ThreadPoolExecutor.java:1074)
        at java.util.concurrent.ThreadPoolExecutor.runWorker(ThreadPoolExecutor.java:1134)
        at java.util.concurrent.ThreadPoolExecutor$Worker.run(ThreadPoolExecutor.java:624)
        at java.lang.Thread.run(Thread.java:750)
"qtp465118237-190" daemon prio=5 tid=190 timed_waiting
java.lang.Thread.State: TIMED_WAITING
        at sun.misc.Unsafe.park(Native Method)
        at java.util.concurrent.locks.LockSupport.parkNanos(LockSupport.java:215)
        at java.util.concurrent.locks.AbstractQueuedSynchronizer$ConditionObject.awaitNanos(AbstractQueuedSynchronizer.java:2078)
        at org.eclipse.jetty.util.BlockingArrayQueue.poll(BlockingArrayQueue.java:382)
        at org.eclipse.jetty.util.thread.QueuedThreadPool$Runner.idleJobPoll(QueuedThreadPool.java:974)
        at org.eclipse.jetty.util.thread.QueuedThreadPool$Runner.run(QueuedThreadPool.java:1018)
        at java.lang.Thread.run(Thread.java:750)
"IPC Parameter Sending Thread #0" daemon prio=5 tid=124 timed_waiting
java.lang.Thread.State: TIMED_WAITING
        at sun.misc.Unsafe.park(Native Method)
        at java.util.concurrent.locks.LockSupport.parkNanos(LockSupport.java:215)
        at java.util.concurrent.SynchronousQueue$TransferStack.awaitFulfill(SynchronousQueue.java:460)
        at java.util.concurrent.SynchronousQueue$TransferStack.transfer(SynchronousQueue.java:362)
        at java.util.concurrent.SynchronousQueue.poll(SynchronousQueue.java:941)
        at java.util.concurrent.ThreadPoolExecutor.getTask(ThreadPoolExecutor.java:1073)
        at java.util.concurrent.ThreadPoolExecutor.runWorker(ThreadPoolExecutor.java:1134)
        at java.util.concurrent.ThreadPoolExecutor$Worker.run(ThreadPoolExecutor.java:624)
        at java.lang.Thread.run(Thread.java:750)
"IPC Server handler 2 on default port 40183" daemon prio=5 tid=157 timed_waiting
java.lang.Thread.State: TIMED_WAITING
        at sun.misc.Unsafe.park(Native Method)
        at java.util.concurrent.locks.LockSupport.parkNanos(LockSupport.java:215)
        at java.util.concurrent.locks.AbstractQueuedSynchronizer$ConditionObject.awaitNanos(AbstractQueuedSynchronizer.java:2078)
        at java.util.concurrent.LinkedBlockingQueue.poll(LinkedBlockingQueue.java:467)
        at org.apache.hadoop.ipc.CallQueueManager.take(CallQueueManager.java:317)
        at org.apache.hadoop.ipc.Server$Handler.run(Server.java:2942)
"grpc-default-executor-3" daemon prio=5 tid=554 timed_waiting
java.lang.Thread.State: TIMED_WAITING
        at sun.misc.Unsafe.park(Native Method)
        at java.util.concurrent.locks.LockSupport.parkNanos(LockSupport.java:215)
        at java.util.concurrent.SynchronousQueue$TransferStack.awaitFulfill(SynchronousQueue.java:460)
        at java.util.concurrent.SynchronousQueue$TransferStack.transfer(SynchronousQueue.java:362)
        at java.util.concurrent.SynchronousQueue.poll(SynchronousQueue.java:941)
        at java.util.concurrent.ThreadPoolExecutor.getTask(ThreadPoolExecutor.java:1073)
        at java.util.concurrent.ThreadPoolExecutor.runWorker(ThreadPoolExecutor.java:1134)
        at java.util.concurrent.ThreadPoolExecutor$Worker.run(ThreadPoolExecutor.java:624)
        at java.lang.Thread.run(Thread.java:750)
"Datanode State Machine Task Thread - 0"  prio=5 tid=308 in Object.wait()
java.lang.Thread.State: WAITING (on object monitor)
        at sun.misc.Unsafe.park(Native Method)
        at java.util.concurrent.locks.LockSupport.park(LockSupport.java:175)
        at java.util.concurrent.locks.AbstractQueuedSynchronizer$ConditionObject.await(AbstractQueuedSynchronizer.java:2039)
        at java.util.concurrent.LinkedBlockingQueue.take(LinkedBlockingQueue.java:442)
        at java.util.concurrent.ThreadPoolExecutor.getTask(ThreadPoolExecutor.java:1074)
        at java.util.concurrent.ThreadPoolExecutor.runWorker(ThreadPoolExecutor.java:1134)
        at java.util.concurrent.ThreadPoolExecutor$Worker.run(ThreadPoolExecutor.java:624)
        at java.lang.Thread.run(Thread.java:750)
"qtp269339862-293" daemon prio=5 tid=293 timed_waiting
java.lang.Thread.State: TIMED_WAITING
        at sun.misc.Unsafe.park(Native Method)
        at java.util.concurrent.locks.LockSupport.parkNanos(LockSupport.java:215)
        at java.util.concurrent.locks.AbstractQueuedSynchronizer$ConditionObject.awaitNanos(AbstractQueuedSynchronizer.java:2078)
        at org.eclipse.jetty.util.BlockingArrayQueue.poll(BlockingArrayQueue.java:382)
        at org.eclipse.jetty.util.thread.QueuedThreadPool$Runner.idleJobPoll(QueuedThreadPool.java:974)
        at org.eclipse.jetty.util.thread.QueuedThreadPool$Runner.run(QueuedThreadPool.java:1018)
        at java.lang.Thread.run(Thread.java:750)
"IPC Server Responder" daemon prio=5 tid=35 runnable
java.lang.Thread.State: RUNNABLE
        at sun.nio.ch.EPollArrayWrapper.epollWait(Native Method)
        at sun.nio.ch.EPollArrayWrapper.poll(EPollArrayWrapper.java:269)
        at sun.nio.ch.EPollSelectorImpl.doSelect(EPollSelectorImpl.java:93)
        at sun.nio.ch.SelectorImpl.lockAndDoSelect(SelectorImpl.java:86)
        at sun.nio.ch.SelectorImpl.select(SelectorImpl.java:97)
        at org.apache.hadoop.ipc.Server$Responder.doRunLoop(Server.java:1532)
        at org.apache.hadoop.ipc.Server$Responder.run(Server.java:1515)
"qtp269339862-297" daemon prio=5 tid=297 timed_waiting
java.lang.Thread.State: TIMED_WAITING
        at sun.misc.Unsafe.park(Native Method)
        at java.util.concurrent.locks.LockSupport.parkNanos(LockSupport.java:215)
        at java.util.concurrent.locks.AbstractQueuedSynchronizer$ConditionObject.awaitNanos(AbstractQueuedSynchronizer.java:2078)
        at org.eclipse.jetty.util.BlockingArrayQueue.poll(BlockingArrayQueue.java:382)
        at org.eclipse.jetty.util.thread.QueuedThreadPool$Runner.idleJobPoll(QueuedThreadPool.java:974)
        at org.eclipse.jetty.util.thread.QueuedThreadPool$Runner.run(QueuedThreadPool.java:1018)
        at java.lang.Thread.run(Thread.java:750)
"pool-111-thread-1" daemon prio=5 tid=234 timed_waiting
java.lang.Thread.State: TIMED_WAITING
        at sun.misc.Unsafe.park(Native Method)
        at java.util.concurrent.locks.LockSupport.parkNanos(LockSupport.java:215)
        at java.util.concurrent.locks.AbstractQueuedSynchronizer$ConditionObject.awaitNanos(AbstractQueuedSynchronizer.java:2078)
        at java.util.concurrent.ScheduledThreadPoolExecutor$DelayedWorkQueue.take(ScheduledThreadPoolExecutor.java:1093)
        at java.util.concurrent.ScheduledThreadPoolExecutor$DelayedWorkQueue.take(ScheduledThreadPoolExecutor.java:809)
        at java.util.concurrent.ThreadPoolExecutor.getTask(ThreadPoolExecutor.java:1074)
        at java.util.concurrent.ThreadPoolExecutor.runWorker(ThreadPoolExecutor.java:1134)
        at java.util.concurrent.ThreadPoolExecutor$Worker.run(ThreadPoolExecutor.java:624)
        at java.lang.Thread.run(Thread.java:750)
"qtp465118237-186-acceptor-0@141e619-ServerConnector@42e454c5{HTTP/1.1, (http/1.1)}{0.0.0.0:41855}" daemon prio=3 tid=186 runnable
java.lang.Thread.State: RUNNABLE
        at sun.nio.ch.ServerSocketChannelImpl.accept0(Native Method)
        at sun.nio.ch.ServerSocketChannelImpl.accept(ServerSocketChannelImpl.java:421)
        at sun.nio.ch.ServerSocketChannelImpl.accept(ServerSocketChannelImpl.java:249)
        at org.eclipse.jetty.server.ServerConnector.accept(ServerConnector.java:388)
        at org.eclipse.jetty.server.AbstractConnector$Acceptor.run(AbstractConnector.java:704)
        at org.eclipse.jetty.util.thread.QueuedThreadPool.runJob(QueuedThreadPool.java:883)
        at org.eclipse.jetty.util.thread.QueuedThreadPool$Runner.run(QueuedThreadPool.java:1034)
        at java.lang.Thread.run(Thread.java:750)
"qtp465118237-185" daemon prio=5 tid=185 runnable
java.lang.Thread.State: RUNNABLE
        at sun.nio.ch.EPollArrayWrapper.epollWait(Native Method)
        at sun.nio.ch.EPollArrayWrapper.poll(EPollArrayWrapper.java:269)
        at sun.nio.ch.EPollSelectorImpl.doSelect(EPollSelectorImpl.java:93)
        at sun.nio.ch.SelectorImpl.lockAndDoSelect(SelectorImpl.java:86)
        at sun.nio.ch.SelectorImpl.select(SelectorImpl.java:97)
        at sun.nio.ch.SelectorImpl.select(SelectorImpl.java:101)
        at org.eclipse.jetty.io.ManagedSelector.nioSelect(ManagedSelector.java:183)
        at org.eclipse.jetty.io.ManagedSelector.select(ManagedSelector.java:190)
        at org.eclipse.jetty.io.ManagedSelector$SelectorProducer.select(ManagedSelector.java:606)
        at org.eclipse.jetty.io.ManagedSelector$SelectorProducer.produce(ManagedSelector.java:543)
        at org.eclipse.jetty.util.thread.strategy.EatWhatYouKill.produceTask(EatWhatYouKill.java:362)
        at org.eclipse.jetty.util.thread.strategy.EatWhatYouKill.doProduce(EatWhatYouKill.java:186)
        at org.eclipse.jetty.util.thread.strategy.EatWhatYouKill.tryProduce(EatWhatYouKill.java:173)
        at org.eclipse.jetty.util.thread.strategy.EatWhatYouKill.produce(EatWhatYouKill.java:137)
        at org.eclipse.jetty.io.ManagedSelector$$Lambda$470/152349586.run(Unknown Source)
        at org.eclipse.jetty.util.thread.QueuedThreadPool.runJob(QueuedThreadPool.java:883)
        at org.eclipse.jetty.util.thread.QueuedThreadPool$Runner.run(QueuedThreadPool.java:1034)
        at java.lang.Thread.run(Thread.java:750)
"BlockDeletingService#1" daemon prio=5 tid=347 timed_waiting
java.lang.Thread.State: TIMED_WAITING
        at sun.misc.Unsafe.park(Native Method)
        at java.util.concurrent.locks.LockSupport.parkNanos(LockSupport.java:215)
        at java.util.concurrent.locks.AbstractQueuedSynchronizer$ConditionObject.awaitNanos(AbstractQueuedSynchronizer.java:2078)
        at java.util.concurrent.ScheduledThreadPoolExecutor$DelayedWorkQueue.take(ScheduledThreadPoolExecutor.java:1093)
        at java.util.concurrent.ScheduledThreadPoolExecutor$DelayedWorkQueue.take(ScheduledThreadPoolExecutor.java:809)
        at java.util.concurrent.ThreadPoolExecutor.getTask(ThreadPoolExecutor.java:1074)
        at java.util.concurrent.ThreadPoolExecutor.runWorker(ThreadPoolExecutor.java:1134)
        at java.util.concurrent.ThreadPoolExecutor$Worker.run(ThreadPoolExecutor.java:624)
        at java.lang.Thread.run(Thread.java:750)
"EventQueue-NodeReportForNodeReportHandler" daemon prio=5 tid=620 in Object.wait()
java.lang.Thread.State: WAITING (on object monitor)
        at sun.misc.Unsafe.park(Native Method)
        at java.util.concurrent.locks.LockSupport.park(LockSupport.java:175)
        at java.util.concurrent.locks.AbstractQueuedSynchronizer$ConditionObject.await(AbstractQueuedSynchronizer.java:2039)
        at java.util.concurrent.LinkedBlockingQueue.take(LinkedBlockingQueue.java:442)
        at java.util.concurrent.ThreadPoolExecutor.getTask(ThreadPoolExecutor.java:1074)
        at java.util.concurrent.ThreadPoolExecutor.runWorker(ThreadPoolExecutor.java:1134)
        at java.util.concurrent.ThreadPoolExecutor$Worker.run(ThreadPoolExecutor.java:624)
        at java.lang.Thread.run(Thread.java:750)
"FixedThreadPoolWithAffinityExecutor-8-0" daemon prio=5 tid=44 timed_waiting
java.lang.Thread.State: TIMED_WAITING
        at sun.misc.Unsafe.park(Native Method)
        at java.util.concurrent.locks.LockSupport.parkNanos(LockSupport.java:215)
        at java.util.concurrent.locks.AbstractQueuedSynchronizer$ConditionObject.awaitNanos(AbstractQueuedSynchronizer.java:2078)
        at java.util.concurrent.LinkedBlockingQueue.poll(LinkedBlockingQueue.java:467)
        at org.apache.hadoop.hdds.scm.server.ContainerReportQueue.poll(ContainerReportQueue.java:266)
        at org.apache.hadoop.hdds.scm.server.ContainerReportQueue.poll(ContainerReportQueue.java:42)
        at org.apache.hadoop.hdds.server.events.FixedThreadPoolWithAffinityExecutor$ContainerReportProcessTask.run(FixedThreadPoolWithAffinityExecutor.java:218)
        at java.util.concurrent.Executors$RunnableAdapter.call(Executors.java:511)
        at java.util.concurrent.FutureTask.run(FutureTask.java:266)
        at java.util.concurrent.ThreadPoolExecutor.runWorker(ThreadPoolExecutor.java:1149)
        at java.util.concurrent.ThreadPoolExecutor$Worker.run(ThreadPoolExecutor.java:624)
        at java.lang.Thread.run(Thread.java:750)
"Command processor thread" daemon prio=5 tid=280 timed_waiting
java.lang.Thread.State: TIMED_WAITING
        at java.lang.Thread.sleep(Native Method)
        at org.apache.hadoop.ozone.container.common.statemachine.DatanodeStateMachine.lambda$initCommandHandlerThread$3(DatanodeStateMachine.java:641)
        at org.apache.hadoop.ozone.container.common.statemachine.DatanodeStateMachine$$Lambda$777/1909491340.run(Unknown Source)
        at java.lang.Thread.run(Thread.java:750)
"Datanode ReportManager Thread - 2" daemon prio=5 tid=332 in Object.wait()
java.lang.Thread.State: WAITING (on object monitor)
        at sun.misc.Unsafe.park(Native Method)
        at java.util.concurrent.locks.LockSupport.park(LockSupport.java:175)
        at java.util.concurrent.locks.AbstractQueuedSynchronizer$ConditionObject.await(AbstractQueuedSynchronizer.java:2039)
        at java.util.concurrent.ScheduledThreadPoolExecutor$DelayedWorkQueue.take(ScheduledThreadPoolExecutor.java:1088)
        at java.util.concurrent.ScheduledThreadPoolExecutor$DelayedWorkQueue.take(ScheduledThreadPoolExecutor.java:809)
        at java.util.concurrent.ThreadPoolExecutor.getTask(ThreadPoolExecutor.java:1074)
        at java.util.concurrent.ThreadPoolExecutor.runWorker(ThreadPoolExecutor.java:1134)
        at java.util.concurrent.ThreadPoolExecutor$Worker.run(ThreadPoolExecutor.java:624)
        at java.lang.Thread.run(Thread.java:750)
"IPC Server handler 4 on default port 39283" daemon prio=5 tid=92 timed_waiting
java.lang.Thread.State: TIMED_WAITING
        at sun.misc.Unsafe.park(Native Method)
        at java.util.concurrent.locks.LockSupport.parkNanos(LockSupport.java:215)
        at java.util.concurrent.locks.AbstractQueuedSynchronizer$ConditionObject.awaitNanos(AbstractQueuedSynchronizer.java:2078)
        at java.util.concurrent.LinkedBlockingQueue.poll(LinkedBlockingQueue.java:467)
        at org.apache.hadoop.ipc.CallQueueManager.take(CallQueueManager.java:317)
        at org.apache.hadoop.ipc.Server$Handler.run(Server.java:2942)
"BlockDeletingService#2" daemon prio=5 tid=624 in Object.wait()
java.lang.Thread.State: WAITING (on object monitor)
        at sun.misc.Unsafe.park(Native Method)
        at java.util.concurrent.locks.LockSupport.park(LockSupport.java:175)
        at java.util.concurrent.locks.AbstractQueuedSynchronizer$ConditionObject.await(AbstractQueuedSynchronizer.java:2039)
        at java.util.concurrent.ScheduledThreadPoolExecutor$DelayedWorkQueue.take(ScheduledThreadPoolExecutor.java:1088)
        at java.util.concurrent.ScheduledThreadPoolExecutor$DelayedWorkQueue.take(ScheduledThreadPoolExecutor.java:809)
        at java.util.concurrent.ThreadPoolExecutor.getTask(ThreadPoolExecutor.java:1074)
        at java.util.concurrent.ThreadPoolExecutor.runWorker(ThreadPoolExecutor.java:1134)
        at java.util.concurrent.ThreadPoolExecutor$Worker.run(ThreadPoolExecutor.java:624)
        at java.lang.Thread.run(Thread.java:750)
"qtp83454586-319" daemon prio=5 tid=319 timed_waiting
java.lang.Thread.State: TIMED_WAITING
        at sun.misc.Unsafe.park(Native Method)
        at java.util.concurrent.locks.LockSupport.parkNanos(LockSupport.java:215)
        at java.util.concurrent.locks.AbstractQueuedSynchronizer$ConditionObject.awaitNanos(AbstractQueuedSynchronizer.java:2078)
        at org.eclipse.jetty.util.BlockingArrayQueue.poll(BlockingArrayQueue.java:382)
        at org.eclipse.jetty.util.thread.QueuedThreadPool$Runner.idleJobPoll(QueuedThreadPool.java:974)
        at org.eclipse.jetty.util.thread.QueuedThreadPool$Runner.run(QueuedThreadPool.java:1018)
        at java.lang.Thread.run(Thread.java:750)
"IPC Server listener on 0" daemon prio=5 tid=32 runnable
java.lang.Thread.State: RUNNABLE
        at sun.nio.ch.EPollArrayWrapper.epollWait(Native Method)
        at sun.nio.ch.EPollArrayWrapper.poll(EPollArrayWrapper.java:269)
        at sun.nio.ch.EPollSelectorImpl.doSelect(EPollSelectorImpl.java:93)
        at sun.nio.ch.SelectorImpl.lockAndDoSelect(SelectorImpl.java:86)
        at sun.nio.ch.SelectorImpl.select(SelectorImpl.java:97)
        at sun.nio.ch.SelectorImpl.select(SelectorImpl.java:101)
        at org.apache.hadoop.ipc.Server$Listener.run(Server.java:1358)
"Datanode ReportManager Thread - 4" daemon prio=5 tid=227 timed_waiting
java.lang.Thread.State: TIMED_WAITING
        at sun.misc.Unsafe.park(Native Method)
        at java.util.concurrent.locks.LockSupport.parkNanos(LockSupport.java:215)
        at java.util.concurrent.locks.AbstractQueuedSynchronizer$ConditionObject.awaitNanos(AbstractQueuedSynchronizer.java:2078)
        at java.util.concurrent.ScheduledThreadPoolExecutor$DelayedWorkQueue.take(ScheduledThreadPoolExecutor.java:1093)
        at java.util.concurrent.ScheduledThreadPoolExecutor$DelayedWorkQueue.take(ScheduledThreadPoolExecutor.java:809)
        at java.util.concurrent.ThreadPoolExecutor.getTask(ThreadPoolExecutor.java:1074)
        at java.util.concurrent.ThreadPoolExecutor.runWorker(ThreadPoolExecutor.java:1134)
        at java.util.concurrent.ThreadPoolExecutor$Worker.run(ThreadPoolExecutor.java:624)
        at java.lang.Thread.run(Thread.java:750)
"ea638ff9-1ace-4fa2-9837-fa4aefb4be68@group-4E379A91CD26-LeaderStateImpl" daemon prio=5 tid=530 timed_waiting
java.lang.Thread.State: TIMED_WAITING
        at sun.misc.Unsafe.park(Native Method)
        at java.util.concurrent.locks.LockSupport.parkNanos(LockSupport.java:215)
        at java.util.concurrent.locks.AbstractQueuedSynchronizer$ConditionObject.awaitNanos(AbstractQueuedSynchronizer.java:2078)
        at java.util.concurrent.ArrayBlockingQueue.poll(ArrayBlockingQueue.java:418)
        at org.apache.ratis.server.impl.LeaderStateImpl$EventQueue.poll(LeaderStateImpl.java:159)
        at org.apache.ratis.server.impl.LeaderStateImpl$EventProcessor.run(LeaderStateImpl.java:630)
"KeyDeletingService#0" daemon prio=5 tid=142 timed_waiting
java.lang.Thread.State: TIMED_WAITING
        at sun.misc.Unsafe.park(Native Method)
        at java.util.concurrent.locks.LockSupport.parkNanos(LockSupport.java:215)
        at java.util.concurrent.locks.AbstractQueuedSynchronizer$ConditionObject.awaitNanos(AbstractQueuedSynchronizer.java:2078)
        at java.util.concurrent.ScheduledThreadPoolExecutor$DelayedWorkQueue.take(ScheduledThreadPoolExecutor.java:1093)
        at java.util.concurrent.ScheduledThreadPoolExecutor$DelayedWorkQueue.take(ScheduledThreadPoolExecutor.java:809)
        at java.util.concurrent.ThreadPoolExecutor.getTask(ThreadPoolExecutor.java:1074)
        at java.util.concurrent.ThreadPoolExecutor.runWorker(ThreadPoolExecutor.java:1134)
        at java.util.concurrent.ThreadPoolExecutor$Worker.run(ThreadPoolExecutor.java:624)
        at java.lang.Thread.run(Thread.java:750)
"IPC Server handler 0 on default port 40183" daemon prio=5 tid=155 timed_waiting
java.lang.Thread.State: TIMED_WAITING
        at sun.misc.Unsafe.park(Native Method)
        at java.util.concurrent.locks.LockSupport.parkNanos(LockSupport.java:215)
        at java.util.concurrent.locks.AbstractQueuedSynchronizer$ConditionObject.awaitNanos(AbstractQueuedSynchronizer.java:2078)
        at java.util.concurrent.LinkedBlockingQueue.poll(LinkedBlockingQueue.java:467)
        at org.apache.hadoop.ipc.CallQueueManager.take(CallQueueManager.java:317)
        at org.apache.hadoop.ipc.Server$Handler.run(Server.java:2942)
"IPC Server handler 15 on default port 41227" daemon prio=5 tid=63 timed_waiting
java.lang.Thread.State: TIMED_WAITING
        at sun.misc.Unsafe.park(Native Method)
        at java.util.concurrent.locks.LockSupport.parkNanos(LockSupport.java:215)
        at java.util.concurrent.locks.AbstractQueuedSynchronizer$ConditionObject.awaitNanos(AbstractQueuedSynchronizer.java:2078)
        at java.util.concurrent.LinkedBlockingQueue.poll(LinkedBlockingQueue.java:467)
        at org.apache.hadoop.ipc.CallQueueManager.take(CallQueueManager.java:317)
        at org.apache.hadoop.ipc.Server$Handler.run(Server.java:2942)
"grpc-default-executor-2" daemon prio=5 tid=552 timed_waiting
java.lang.Thread.State: TIMED_WAITING
        at sun.misc.Unsafe.park(Native Method)
        at java.util.concurrent.locks.LockSupport.parkNanos(LockSupport.java:215)
        at java.util.concurrent.SynchronousQueue$TransferStack.awaitFulfill(SynchronousQueue.java:460)
        at java.util.concurrent.SynchronousQueue$TransferStack.transfer(SynchronousQueue.java:362)
        at java.util.concurrent.SynchronousQueue.poll(SynchronousQueue.java:941)
        at java.util.concurrent.ThreadPoolExecutor.getTask(ThreadPoolExecutor.java:1073)
        at java.util.concurrent.ThreadPoolExecutor.runWorker(ThreadPoolExecutor.java:1134)
        at java.util.concurrent.ThreadPoolExecutor$Worker.run(ThreadPoolExecutor.java:624)
        at java.lang.Thread.run(Thread.java:750)
"qtp888889899-269" daemon prio=5 tid=269 timed_waiting
java.lang.Thread.State: TIMED_WAITING
        at sun.misc.Unsafe.park(Native Method)
        at java.util.concurrent.locks.LockSupport.parkNanos(LockSupport.java:215)
        at java.util.concurrent.locks.AbstractQueuedSynchronizer$ConditionObject.awaitNanos(AbstractQueuedSynchronizer.java:2078)
        at org.eclipse.jetty.util.BlockingArrayQueue.poll(BlockingArrayQueue.java:382)
        at org.eclipse.jetty.util.thread.QueuedThreadPool$Runner.idleJobPoll(QueuedThreadPool.java:974)
        at org.eclipse.jetty.util.thread.QueuedThreadPool$Runner.run(QueuedThreadPool.java:1018)
        at java.lang.Thread.run(Thread.java:750)
"ExpiredContainerReplicaOpScrubberThread" daemon prio=5 tid=18 timed_waiting
java.lang.Thread.State: TIMED_WAITING
        at java.lang.Object.wait(Native Method)
        at org.apache.hadoop.hdds.scm.ha.BackgroundSCMService.run(BackgroundSCMService.java:110)
        at org.apache.hadoop.hdds.scm.ha.BackgroundSCMService$$Lambda$396/1907517568.run(Unknown Source)
        at java.lang.Thread.run(Thread.java:750)
"IPC Server handler 15 on default port 40183" daemon prio=5 tid=170 timed_waiting
java.lang.Thread.State: TIMED_WAITING
        at sun.misc.Unsafe.park(Native Method)
        at java.util.concurrent.locks.LockSupport.parkNanos(LockSupport.java:215)
        at java.util.concurrent.locks.AbstractQueuedSynchronizer$ConditionObject.awaitNanos(AbstractQueuedSynchronizer.java:2078)
        at java.util.concurrent.LinkedBlockingQueue.poll(LinkedBlockingQueue.java:467)
        at org.apache.hadoop.ipc.CallQueueManager.take(CallQueueManager.java:317)
        at org.apache.hadoop.ipc.Server$Handler.run(Server.java:2942)
"IPC Server idle connection scanner for port 41227" daemon prio=5 tid=34 timed_waiting
java.lang.Thread.State: TIMED_WAITING
        at java.lang.Object.wait(Native Method)
        at java.util.TimerThread.mainLoop(Timer.java:552)
        at java.util.TimerThread.run(Timer.java:505)
"FixedThreadPoolWithAffinityExecutor-9-0" daemon prio=5 tid=45 timed_waiting
java.lang.Thread.State: TIMED_WAITING
        at sun.misc.Unsafe.park(Native Method)
        at java.util.concurrent.locks.LockSupport.parkNanos(LockSupport.java:215)
        at java.util.concurrent.locks.AbstractQueuedSynchronizer$ConditionObject.awaitNanos(AbstractQueuedSynchronizer.java:2078)
        at java.util.concurrent.LinkedBlockingQueue.poll(LinkedBlockingQueue.java:467)
        at org.apache.hadoop.hdds.scm.server.ContainerReportQueue.poll(ContainerReportQueue.java:266)
        at org.apache.hadoop.hdds.scm.server.ContainerReportQueue.poll(ContainerReportQueue.java:42)
        at org.apache.hadoop.hdds.server.events.FixedThreadPoolWithAffinityExecutor$ContainerReportProcessTask.run(FixedThreadPoolWithAffinityExecutor.java:218)
        at java.util.concurrent.Executors$RunnableAdapter.call(Executors.java:511)
        at java.util.concurrent.FutureTask.run(FutureTask.java:266)
        at java.util.concurrent.ThreadPoolExecutor.runWorker(ThreadPoolExecutor.java:1149)
        at java.util.concurrent.ThreadPoolExecutor$Worker.run(ThreadPoolExecutor.java:624)
        at java.lang.Thread.run(Thread.java:750)
"qtp888889899-272" daemon prio=5 tid=272 timed_waiting
java.lang.Thread.State: TIMED_WAITING
        at sun.misc.Unsafe.park(Native Method)
        at java.util.concurrent.locks.LockSupport.parkNanos(LockSupport.java:215)
        at java.util.concurrent.locks.AbstractQueuedSynchronizer$ConditionObject.awaitNanos(AbstractQueuedSynchronizer.java:2078)
        at org.eclipse.jetty.util.BlockingArrayQueue.poll(BlockingArrayQueue.java:382)
        at org.eclipse.jetty.util.thread.QueuedThreadPool$Runner.idleJobPoll(QueuedThreadPool.java:974)
        at org.eclipse.jetty.util.thread.QueuedThreadPool$Runner.run(QueuedThreadPool.java:1018)
        at java.lang.Thread.run(Thread.java:750)
"2839026e-8851-4a4b-a6c3-ebe7d865c058@group-51534D1FFBD1-StateMachineUpdater" daemon prio=5 tid=464 timed_waiting
java.lang.Thread.State: TIMED_WAITING
        at sun.misc.Unsafe.park(Native Method)
        at java.util.concurrent.locks.LockSupport.parkNanos(LockSupport.java:215)
        at java.util.concurrent.CompletableFuture$Signaller.block(CompletableFuture.java:1709)
        at java.util.concurrent.ForkJoinPool.managedBlock(ForkJoinPool.java:3323)
        at java.util.concurrent.CompletableFuture.timedGet(CompletableFuture.java:1788)
        at java.util.concurrent.CompletableFuture.get(CompletableFuture.java:1928)
        at org.apache.ratis.util.AwaitForSignal.await(AwaitForSignal.java:56)
        at org.apache.ratis.server.impl.StateMachineUpdater.waitForCommit(StateMachineUpdater.java:207)
        at org.apache.ratis.server.impl.StateMachineUpdater.run(StateMachineUpdater.java:176)
        at java.lang.Thread.run(Thread.java:750)
"IPC Server handler 8 on default port 45385" daemon prio=5 tid=76 timed_waiting
java.lang.Thread.State: TIMED_WAITING
        at sun.misc.Unsafe.park(Native Method)
        at java.util.concurrent.locks.LockSupport.parkNanos(LockSupport.java:215)
        at java.util.concurrent.locks.AbstractQueuedSynchronizer$ConditionObject.awaitNanos(AbstractQueuedSynchronizer.java:2078)
        at java.util.concurrent.LinkedBlockingQueue.poll(LinkedBlockingQueue.java:467)
        at org.apache.hadoop.ipc.CallQueueManager.take(CallQueueManager.java:317)
        at org.apache.hadoop.ipc.Server$Handler.run(Server.java:2942)
"DirectoryDeletingService#0" daemon prio=5 tid=143 timed_waiting
java.lang.Thread.State: TIMED_WAITING
        at sun.misc.Unsafe.park(Native Method)
        at java.util.concurrent.locks.LockSupport.parkNanos(LockSupport.java:215)
        at java.util.concurrent.locks.AbstractQueuedSynchronizer$ConditionObject.awaitNanos(AbstractQueuedSynchronizer.java:2078)
        at java.util.concurrent.ScheduledThreadPoolExecutor$DelayedWorkQueue.take(ScheduledThreadPoolExecutor.java:1093)
        at java.util.concurrent.ScheduledThreadPoolExecutor$DelayedWorkQueue.take(ScheduledThreadPoolExecutor.java:809)
        at java.util.concurrent.ThreadPoolExecutor.getTask(ThreadPoolExecutor.java:1074)
        at java.util.concurrent.ThreadPoolExecutor.runWorker(ThreadPoolExecutor.java:1134)
        at java.util.concurrent.ThreadPoolExecutor$Worker.run(ThreadPoolExecutor.java:624)
        at java.lang.Thread.run(Thread.java:750)
"qtp465118237-187" daemon prio=5 tid=187 timed_waiting
java.lang.Thread.State: TIMED_WAITING
        at sun.misc.Unsafe.park(Native Method)
        at java.util.concurrent.locks.LockSupport.parkNanos(LockSupport.java:215)
        at java.util.concurrent.locks.AbstractQueuedSynchronizer$ConditionObject.awaitNanos(AbstractQueuedSynchronizer.java:2078)
        at org.eclipse.jetty.util.BlockingArrayQueue.poll(BlockingArrayQueue.java:382)
        at org.eclipse.jetty.util.thread.QueuedThreadPool$Runner.idleJobPoll(QueuedThreadPool.java:974)
        at org.eclipse.jetty.util.thread.QueuedThreadPool$Runner.run(QueuedThreadPool.java:1018)
        at java.lang.Thread.run(Thread.java:750)
"ChunkReader-ELG-0" daemon prio=5 tid=409 runnable
java.lang.Thread.State: RUNNABLE
        at org.apache.ratis.thirdparty.io.netty.channel.epoll.Native.epollWait(Native Method)
        at org.apache.ratis.thirdparty.io.netty.channel.epoll.Native.epollWait(Native.java:209)
        at org.apache.ratis.thirdparty.io.netty.channel.epoll.Native.epollWait(Native.java:202)
        at org.apache.ratis.thirdparty.io.netty.channel.epoll.EpollEventLoop.epollWaitNoTimerChange(EpollEventLoop.java:294)
        at org.apache.ratis.thirdparty.io.netty.channel.epoll.EpollEventLoop.run(EpollEventLoop.java:351)
        at org.apache.ratis.thirdparty.io.netty.util.concurrent.SingleThreadEventExecutor$4.run(SingleThreadEventExecutor.java:995)
        at org.apache.ratis.thirdparty.io.netty.util.internal.ThreadExecutorMap$2.run(ThreadExecutorMap.java:74)
        at java.lang.Thread.run(Thread.java:750)
"surefire-forkedjvm-command-thread" daemon prio=5 tid=10 runnable
java.lang.Thread.State: RUNNABLE
        at java.io.FileInputStream.readBytes(Native Method)
        at java.io.FileInputStream.read(FileInputStream.java:255)
        at java.io.BufferedInputStream.read1(BufferedInputStream.java:284)
        at java.io.BufferedInputStream.read(BufferedInputStream.java:345)
        at java.io.BufferedInputStream.fill(BufferedInputStream.java:246)
        at java.io.BufferedInputStream.read1(BufferedInputStream.java:286)
        at java.io.BufferedInputStream.read(BufferedInputStream.java:345)
        at org.apache.maven.surefire.api.util.internal.Channels$3.readImpl(Channels.java:214)
        at org.apache.maven.surefire.api.util.internal.AbstractNoninterruptibleReadableChannel.read(AbstractNoninterruptibleReadableChannel.java:54)
        at org.apache.maven.surefire.booter.spi.LegacyMasterProcessChannelDecoder.decode(LegacyMasterProcessChannelDecoder.java:80)
        at org.apache.maven.surefire.booter.CommandReader$CommandRunnable.run(CommandReader.java:343)
        at java.lang.Thread.run(Thread.java:750)
"ec4ff2c3-aedb-4237-8f96-8aa5e66a28ee-server-thread1" daemon prio=5 tid=609 timed_waiting
java.lang.Thread.State: TIMED_WAITING
        at sun.misc.Unsafe.park(Native Method)
        at java.util.concurrent.locks.LockSupport.parkNanos(LockSupport.java:215)
        at java.util.concurrent.SynchronousQueue$TransferStack.awaitFulfill(SynchronousQueue.java:460)
        at java.util.concurrent.SynchronousQueue$TransferStack.transfer(SynchronousQueue.java:362)
        at java.util.concurrent.SynchronousQueue.poll(SynchronousQueue.java:941)
        at java.util.concurrent.ThreadPoolExecutor.getTask(ThreadPoolExecutor.java:1073)
        at java.util.concurrent.ThreadPoolExecutor.runWorker(ThreadPoolExecutor.java:1134)
        at java.util.concurrent.ThreadPoolExecutor$Worker.run(ThreadPoolExecutor.java:624)
        at java.lang.Thread.run(Thread.java:750)
"prometheus" daemon prio=5 tid=120 in Object.wait()
java.lang.Thread.State: WAITING (on object monitor)
        at java.lang.Object.wait(Native Method)
        at java.lang.Object.wait(Object.java:502)
        at org.apache.hadoop.metrics2.impl.SinkQueue.waitForData(SinkQueue.java:114)
        at org.apache.hadoop.metrics2.impl.SinkQueue.consumeAll(SinkQueue.java:83)
        at org.apache.hadoop.metrics2.impl.MetricsSinkAdapter.publishMetricsFromQueue(MetricsSinkAdapter.java:135)
        at org.apache.hadoop.metrics2.impl.MetricsSinkAdapter$1.run(MetricsSinkAdapter.java:89)
"grpc-default-worker-ELG-3-1" daemon prio=5 tid=424 runnable
java.lang.Thread.State: RUNNABLE
        at org.apache.ratis.thirdparty.io.netty.channel.epoll.Native.epollWait0(Native Method)
        at org.apache.ratis.thirdparty.io.netty.channel.epoll.Native.epollWait(Native.java:182)
        at org.apache.ratis.thirdparty.io.netty.channel.epoll.EpollEventLoop.epollWait(EpollEventLoop.java:290)
        at org.apache.ratis.thirdparty.io.netty.channel.epoll.EpollEventLoop.run(EpollEventLoop.java:354)
        at org.apache.ratis.thirdparty.io.netty.util.concurrent.SingleThreadEventExecutor$4.run(SingleThreadEventExecutor.java:995)
        at org.apache.ratis.thirdparty.io.netty.util.internal.ThreadExecutorMap$2.run(ThreadExecutorMap.java:74)
        at org.apache.ratis.thirdparty.io.netty.util.concurrent.FastThreadLocalRunnable.run(FastThreadLocalRunnable.java:30)
        at java.lang.Thread.run(Thread.java:750)
"StaleRecoveringContainerScrubbingService#2" daemon prio=5 tid=623 in Object.wait()
java.lang.Thread.State: WAITING (on object monitor)
        at sun.misc.Unsafe.park(Native Method)
        at java.util.concurrent.locks.LockSupport.park(LockSupport.java:175)
        at java.util.concurrent.locks.AbstractQueuedSynchronizer$ConditionObject.await(AbstractQueuedSynchronizer.java:2039)
        at java.util.concurrent.ScheduledThreadPoolExecutor$DelayedWorkQueue.take(ScheduledThreadPoolExecutor.java:1088)
        at java.util.concurrent.ScheduledThreadPoolExecutor$DelayedWorkQueue.take(ScheduledThreadPoolExecutor.java:809)
        at java.util.concurrent.ThreadPoolExecutor.getTask(ThreadPoolExecutor.java:1074)
        at java.util.concurrent.ThreadPoolExecutor.runWorker(ThreadPoolExecutor.java:1134)
        at java.util.concurrent.ThreadPoolExecutor$Worker.run(ThreadPoolExecutor.java:624)
        at java.lang.Thread.run(Thread.java:750)
"om1@group-C5BA1605619E-LeaderStateImpl" daemon prio=5 tid=208 timed_waiting
java.lang.Thread.State: TIMED_WAITING
        at sun.misc.Unsafe.park(Native Method)
        at java.util.concurrent.locks.LockSupport.parkNanos(LockSupport.java:215)
        at java.util.concurrent.locks.AbstractQueuedSynchronizer$ConditionObject.awaitNanos(AbstractQueuedSynchronizer.java:2078)
        at java.util.concurrent.ArrayBlockingQueue.poll(ArrayBlockingQueue.java:418)
        at org.apache.ratis.server.impl.LeaderStateImpl$EventQueue.poll(LeaderStateImpl.java:159)
        at org.apache.ratis.server.impl.LeaderStateImpl$EventProcessor.run(LeaderStateImpl.java:630)
"org.apache.hadoop.util.JvmPauseMonitor$Monitor@6cefa9b5" daemon prio=5 tid=255 timed_waiting
java.lang.Thread.State: TIMED_WAITING
        at java.lang.Thread.sleep(Native Method)
        at org.apache.hadoop.util.JvmPauseMonitor$Monitor.run(JvmPauseMonitor.java:192)
        at java.lang.Thread.run(Thread.java:750)
"pool-55-thread-1"  prio=5 tid=128 in Object.wait()
java.lang.Thread.State: WAITING (on object monitor)
        at sun.misc.Unsafe.park(Native Method)
        at java.util.concurrent.locks.LockSupport.park(LockSupport.java:175)
        at java.util.concurrent.locks.AbstractQueuedSynchronizer$ConditionObject.await(AbstractQueuedSynchronizer.java:2039)
        at java.util.concurrent.LinkedBlockingQueue.take(LinkedBlockingQueue.java:442)
        at java.util.concurrent.ThreadPoolExecutor.getTask(ThreadPoolExecutor.java:1074)
        at java.util.concurrent.ThreadPoolExecutor.runWorker(ThreadPoolExecutor.java:1134)
        at java.util.concurrent.ThreadPoolExecutor$Worker.run(ThreadPoolExecutor.java:624)
        at java.lang.Thread.run(Thread.java:750)
"Periodic HDDS volume checker" daemon prio=5 tid=177 timed_waiting
java.lang.Thread.State: TIMED_WAITING
        at sun.misc.Unsafe.park(Native Method)
        at java.util.concurrent.locks.LockSupport.parkNanos(LockSupport.java:215)
        at java.util.concurrent.locks.AbstractQueuedSynchronizer$ConditionObject.awaitNanos(AbstractQueuedSynchronizer.java:2078)
        at java.util.concurrent.ScheduledThreadPoolExecutor$DelayedWorkQueue.take(ScheduledThreadPoolExecutor.java:1093)
        at java.util.concurrent.ScheduledThreadPoolExecutor$DelayedWorkQueue.take(ScheduledThreadPoolExecutor.java:809)
        at java.util.concurrent.ThreadPoolExecutor.getTask(ThreadPoolExecutor.java:1074)
        at java.util.concurrent.ThreadPoolExecutor.runWorker(ThreadPoolExecutor.java:1134)
        at java.util.concurrent.ThreadPoolExecutor$Worker.run(ThreadPoolExecutor.java:624)
        at java.lang.Thread.run(Thread.java:750)
"ChunkWriter-3-0" daemon prio=5 tid=353 in Object.wait()
java.lang.Thread.State: WAITING (on object monitor)
        at sun.misc.Unsafe.park(Native Method)
        at java.util.concurrent.locks.LockSupport.park(LockSupport.java:175)
        at java.util.concurrent.locks.AbstractQueuedSynchronizer$ConditionObject.await(AbstractQueuedSynchronizer.java:2039)
        at java.util.concurrent.LinkedBlockingDeque.takeFirst(LinkedBlockingDeque.java:492)
        at java.util.concurrent.LinkedBlockingDeque.take(LinkedBlockingDeque.java:680)
        at java.util.concurrent.ThreadPoolExecutor.getTask(ThreadPoolExecutor.java:1074)
        at java.util.concurrent.ThreadPoolExecutor.runWorker(ThreadPoolExecutor.java:1134)
        at java.util.concurrent.ThreadPoolExecutor$Worker.run(ThreadPoolExecutor.java:624)
        at java.lang.Thread.run(Thread.java:750)
"qtp1101359833-244" daemon prio=5 tid=244 timed_waiting
java.lang.Thread.State: TIMED_WAITING
        at sun.misc.Unsafe.park(Native Method)
        at java.util.concurrent.locks.LockSupport.parkNanos(LockSupport.java:215)
        at java.util.concurrent.locks.AbstractQueuedSynchronizer$ConditionObject.awaitNanos(AbstractQueuedSynchronizer.java:2078)
        at org.eclipse.jetty.util.BlockingArrayQueue.poll(BlockingArrayQueue.java:382)
        at org.eclipse.jetty.util.thread.QueuedThreadPool$Runner.idleJobPoll(QueuedThreadPool.java:974)
        at org.eclipse.jetty.util.thread.QueuedThreadPool$Runner.run(QueuedThreadPool.java:1018)
        at java.lang.Thread.run(Thread.java:750)
"IPC Server handler 18 on default port 41227" daemon prio=5 tid=66 timed_waiting
java.lang.Thread.State: TIMED_WAITING
        at sun.misc.Unsafe.park(Native Method)
        at java.util.concurrent.locks.LockSupport.parkNanos(LockSupport.java:215)
        at java.util.concurrent.locks.AbstractQueuedSynchronizer$ConditionObject.awaitNanos(AbstractQueuedSynchronizer.java:2078)
        at java.util.concurrent.LinkedBlockingQueue.poll(LinkedBlockingQueue.java:467)
        at org.apache.hadoop.ipc.CallQueueManager.take(CallQueueManager.java:317)
        at org.apache.hadoop.ipc.Server$Handler.run(Server.java:2942)
"qtp114743324-114" daemon prio=5 tid=114 timed_waiting
java.lang.Thread.State: TIMED_WAITING
        at sun.misc.Unsafe.park(Native Method)
        at java.util.concurrent.locks.LockSupport.parkNanos(LockSupport.java:215)
        at java.util.concurrent.locks.AbstractQueuedSynchronizer$ConditionObject.awaitNanos(AbstractQueuedSynchronizer.java:2078)
        at org.eclipse.jetty.util.BlockingArrayQueue.poll(BlockingArrayQueue.java:382)
        at org.eclipse.jetty.util.thread.QueuedThreadPool$Runner.idleJobPoll(QueuedThreadPool.java:974)
        at org.eclipse.jetty.util.thread.QueuedThreadPool$Runner.run(QueuedThreadPool.java:1018)
        at java.lang.Thread.run(Thread.java:750)
"IPC Server handler 0 on default port 45385" daemon prio=5 tid=68 timed_waiting
java.lang.Thread.State: TIMED_WAITING
        at sun.misc.Unsafe.park(Native Method)
        at java.util.concurrent.locks.LockSupport.parkNanos(LockSupport.java:215)
        at java.util.concurrent.locks.AbstractQueuedSynchronizer$ConditionObject.awaitNanos(AbstractQueuedSynchronizer.java:2078)
        at java.util.concurrent.LinkedBlockingQueue.poll(LinkedBlockingQueue.java:467)
        at org.apache.hadoop.ipc.CallQueueManager.take(CallQueueManager.java:317)
        at org.apache.hadoop.ipc.Server$Handler.run(Server.java:2942)
"pool-81-thread-1"  prio=5 tid=184 timed_waiting
java.lang.Thread.State: TIMED_WAITING
        at sun.misc.Unsafe.park(Native Method)
        at java.util.concurrent.locks.LockSupport.parkNanos(LockSupport.java:215)
        at java.util.concurrent.locks.AbstractQueuedSynchronizer$ConditionObject.awaitNanos(AbstractQueuedSynchronizer.java:2078)
        at java.util.concurrent.ScheduledThreadPoolExecutor$DelayedWorkQueue.take(ScheduledThreadPoolExecutor.java:1093)
        at java.util.concurrent.ScheduledThreadPoolExecutor$DelayedWorkQueue.take(ScheduledThreadPoolExecutor.java:809)
        at java.util.concurrent.ThreadPoolExecutor.getTask(ThreadPoolExecutor.java:1074)
        at java.util.concurrent.ThreadPoolExecutor.runWorker(ThreadPoolExecutor.java:1134)
        at java.util.concurrent.ThreadPoolExecutor$Worker.run(ThreadPoolExecutor.java:624)
        at java.lang.Thread.run(Thread.java:750)
"BlockDeletingService#0" daemon prio=5 tid=344 in Object.wait()
java.lang.Thread.State: WAITING (on object monitor)
        at sun.misc.Unsafe.park(Native Method)
        at java.util.concurrent.locks.LockSupport.park(LockSupport.java:175)
        at java.util.concurrent.locks.AbstractQueuedSynchronizer$ConditionObject.await(AbstractQueuedSynchronizer.java:2039)
        at java.util.concurrent.ScheduledThreadPoolExecutor$DelayedWorkQueue.take(ScheduledThreadPoolExecutor.java:1088)
        at java.util.concurrent.ScheduledThreadPoolExecutor$DelayedWorkQueue.take(ScheduledThreadPoolExecutor.java:809)
        at java.util.concurrent.ThreadPoolExecutor.getTask(ThreadPoolExecutor.java:1074)
        at java.util.concurrent.ThreadPoolExecutor.runWorker(ThreadPoolExecutor.java:1134)
        at java.util.concurrent.ThreadPoolExecutor$Worker.run(ThreadPoolExecutor.java:624)
        at java.lang.Thread.run(Thread.java:750)
"IPC Server listener on 0" daemon prio=5 tid=24 runnable
java.lang.Thread.State: RUNNABLE
        at sun.nio.ch.EPollArrayWrapper.epollWait(Native Method)
        at sun.nio.ch.EPollArrayWrapper.poll(EPollArrayWrapper.java:269)
        at sun.nio.ch.EPollSelectorImpl.doSelect(EPollSelectorImpl.java:93)
        at sun.nio.ch.SelectorImpl.lockAndDoSelect(SelectorImpl.java:86)
        at sun.nio.ch.SelectorImpl.select(SelectorImpl.java:97)
        at sun.nio.ch.SelectorImpl.select(SelectorImpl.java:101)
        at org.apache.hadoop.ipc.Server$Listener.run(Server.java:1358)
"ChunkWriter-0-0" daemon prio=5 tid=386 in Object.wait()
java.lang.Thread.State: WAITING (on object monitor)
        at sun.misc.Unsafe.park(Native Method)
        at java.util.concurrent.locks.LockSupport.park(LockSupport.java:175)
        at java.util.concurrent.locks.AbstractQueuedSynchronizer$ConditionObject.await(AbstractQueuedSynchronizer.java:2039)
        at java.util.concurrent.LinkedBlockingDeque.takeFirst(LinkedBlockingDeque.java:492)
        at java.util.concurrent.LinkedBlockingDeque.take(LinkedBlockingDeque.java:680)
        at java.util.concurrent.ThreadPoolExecutor.getTask(ThreadPoolExecutor.java:1074)
        at java.util.concurrent.ThreadPoolExecutor.runWorker(ThreadPoolExecutor.java:1134)
        at java.util.concurrent.ThreadPoolExecutor$Worker.run(ThreadPoolExecutor.java:624)
        at java.lang.Thread.run(Thread.java:750)
"StaleRecoveringContainerScrubbingService#1" daemon prio=5 tid=413 timed_waiting
java.lang.Thread.State: TIMED_WAITING
        at sun.misc.Unsafe.park(Native Method)
        at java.util.concurrent.locks.LockSupport.parkNanos(LockSupport.java:215)
        at java.util.concurrent.locks.AbstractQueuedSynchronizer$ConditionObject.awaitNanos(AbstractQueuedSynchronizer.java:2078)
        at java.util.concurrent.ScheduledThreadPoolExecutor$DelayedWorkQueue.take(ScheduledThreadPoolExecutor.java:1093)
        at java.util.concurrent.ScheduledThreadPoolExecutor$DelayedWorkQueue.take(ScheduledThreadPoolExecutor.java:809)
        at java.util.concurrent.ThreadPoolExecutor.getTask(ThreadPoolExecutor.java:1074)
        at java.util.concurrent.ThreadPoolExecutor.runWorker(ThreadPoolExecutor.java:1134)
        at java.util.concurrent.ThreadPoolExecutor$Worker.run(ThreadPoolExecutor.java:624)
        at java.lang.Thread.run(Thread.java:750)
"IPC Server handler 1 on default port 40183" daemon prio=5 tid=156 timed_waiting
java.lang.Thread.State: TIMED_WAITING
        at sun.misc.Unsafe.park(Native Method)
        at java.util.concurrent.locks.LockSupport.parkNanos(LockSupport.java:215)
        at java.util.concurrent.locks.AbstractQueuedSynchronizer$ConditionObject.awaitNanos(AbstractQueuedSynchronizer.java:2078)
        at java.util.concurrent.LinkedBlockingQueue.poll(LinkedBlockingQueue.java:467)
        at org.apache.hadoop.ipc.CallQueueManager.take(CallQueueManager.java:317)
        at org.apache.hadoop.ipc.Server$Handler.run(Server.java:2942)
"Datanode State Machine Task Thread - 0"  prio=5 tid=337 in Object.wait()
java.lang.Thread.State: WAITING (on object monitor)
        at sun.misc.Unsafe.park(Native Method)
        at java.util.concurrent.locks.LockSupport.park(LockSupport.java:175)
        at java.util.concurrent.locks.AbstractQueuedSynchronizer$ConditionObject.await(AbstractQueuedSynchronizer.java:2039)
        at java.util.concurrent.LinkedBlockingQueue.take(LinkedBlockingQueue.java:442)
        at java.util.concurrent.ThreadPoolExecutor.getTask(ThreadPoolExecutor.java:1074)
        at java.util.concurrent.ThreadPoolExecutor.runWorker(ThreadPoolExecutor.java:1134)
        at java.util.concurrent.ThreadPoolExecutor$Worker.run(ThreadPoolExecutor.java:624)
        at java.lang.Thread.run(Thread.java:750)
"IPC Server handler 5 on default port 40183" daemon prio=5 tid=160 timed_waiting
java.lang.Thread.State: TIMED_WAITING
        at sun.misc.Unsafe.park(Native Method)
        at java.util.concurrent.locks.LockSupport.parkNanos(LockSupport.java:215)
        at java.util.concurrent.locks.AbstractQueuedSynchronizer$ConditionObject.awaitNanos(AbstractQueuedSynchronizer.java:2078)
        at java.util.concurrent.LinkedBlockingQueue.poll(LinkedBlockingQueue.java:467)
        at org.apache.hadoop.ipc.CallQueueManager.take(CallQueueManager.java:317)
        at org.apache.hadoop.ipc.Server$Handler.run(Server.java:2942)
"qtp1440823154-146" daemon prio=5 tid=146 runnable
java.lang.Thread.State: RUNNABLE
        at sun.nio.ch.EPollArrayWrapper.epollWait(Native Method)
        at sun.nio.ch.EPollArrayWrapper.poll(EPollArrayWrapper.java:269)
        at sun.nio.ch.EPollSelectorImpl.doSelect(EPollSelectorImpl.java:93)
        at sun.nio.ch.SelectorImpl.lockAndDoSelect(SelectorImpl.java:86)
        at sun.nio.ch.SelectorImpl.select(SelectorImpl.java:97)
        at sun.nio.ch.SelectorImpl.select(SelectorImpl.java:101)
        at org.eclipse.jetty.io.ManagedSelector.nioSelect(ManagedSelector.java:183)
        at org.eclipse.jetty.io.ManagedSelector.select(ManagedSelector.java:190)
        at org.eclipse.jetty.io.ManagedSelector$SelectorProducer.select(ManagedSelector.java:606)
        at org.eclipse.jetty.io.ManagedSelector$SelectorProducer.produce(ManagedSelector.java:543)
        at org.eclipse.jetty.util.thread.strategy.EatWhatYouKill.produceTask(EatWhatYouKill.java:362)
        at org.eclipse.jetty.util.thread.strategy.EatWhatYouKill.doProduce(EatWhatYouKill.java:186)
        at org.eclipse.jetty.util.thread.strategy.EatWhatYouKill.tryProduce(EatWhatYouKill.java:173)
        at org.eclipse.jetty.util.thread.strategy.EatWhatYouKill.produce(EatWhatYouKill.java:137)
        at org.eclipse.jetty.io.ManagedSelector$$Lambda$470/152349586.run(Unknown Source)
        at org.eclipse.jetty.util.thread.QueuedThreadPool.runJob(QueuedThreadPool.java:883)
        at org.eclipse.jetty.util.thread.QueuedThreadPool$Runner.run(QueuedThreadPool.java:1034)
        at java.lang.Thread.run(Thread.java:750)
"qtp1440823154-149" daemon prio=5 tid=149 timed_waiting
java.lang.Thread.State: TIMED_WAITING
        at sun.misc.Unsafe.park(Native Method)
        at java.util.concurrent.locks.LockSupport.parkNanos(LockSupport.java:215)
        at java.util.concurrent.locks.AbstractQueuedSynchronizer$ConditionObject.awaitNanos(AbstractQueuedSynchronizer.java:2078)
        at org.eclipse.jetty.util.BlockingArrayQueue.poll(BlockingArrayQueue.java:382)
        at org.eclipse.jetty.util.thread.QueuedThreadPool$Runner.idleJobPoll(QueuedThreadPool.java:974)
        at org.eclipse.jetty.util.thread.QueuedThreadPool$Runner.run(QueuedThreadPool.java:1018)
        at java.lang.Thread.run(Thread.java:750)
"qtp83454586-320" daemon prio=5 tid=320 timed_waiting
java.lang.Thread.State: TIMED_WAITING
        at sun.misc.Unsafe.park(Native Method)
        at java.util.concurrent.locks.LockSupport.parkNanos(LockSupport.java:215)
        at java.util.concurrent.locks.AbstractQueuedSynchronizer$ConditionObject.awaitNanos(AbstractQueuedSynchronizer.java:2078)
        at org.eclipse.jetty.util.BlockingArrayQueue.poll(BlockingArrayQueue.java:382)
        at org.eclipse.jetty.util.thread.QueuedThreadPool$Runner.idleJobPoll(QueuedThreadPool.java:974)
        at org.eclipse.jetty.util.thread.QueuedThreadPool$Runner.run(QueuedThreadPool.java:1018)
        at java.lang.Thread.run(Thread.java:750)
"IPC Server handler 15 on default port 45385" daemon prio=5 tid=83 timed_waiting
java.lang.Thread.State: TIMED_WAITING
        at sun.misc.Unsafe.park(Native Method)
        at java.util.concurrent.locks.LockSupport.parkNanos(LockSupport.java:215)
        at java.util.concurrent.locks.AbstractQueuedSynchronizer$ConditionObject.awaitNanos(AbstractQueuedSynchronizer.java:2078)
        at java.util.concurrent.LinkedBlockingQueue.poll(LinkedBlockingQueue.java:467)
        at org.apache.hadoop.ipc.CallQueueManager.take(CallQueueManager.java:317)
        at org.apache.hadoop.ipc.Server$Handler.run(Server.java:2942)
"Datanode ReportManager Thread - 4" daemon prio=5 tid=199 in Object.wait()
java.lang.Thread.State: WAITING (on object monitor)
        at sun.misc.Unsafe.park(Native Method)
        at java.util.concurrent.locks.LockSupport.park(LockSupport.java:175)
        at java.util.concurrent.locks.AbstractQueuedSynchronizer$ConditionObject.await(AbstractQueuedSynchronizer.java:2039)
        at java.util.concurrent.ScheduledThreadPoolExecutor$DelayedWorkQueue.take(ScheduledThreadPoolExecutor.java:1088)
        at java.util.concurrent.ScheduledThreadPoolExecutor$DelayedWorkQueue.take(ScheduledThreadPoolExecutor.java:809)
        at java.util.concurrent.ThreadPoolExecutor.getTask(ThreadPoolExecutor.java:1074)
        at java.util.concurrent.ThreadPoolExecutor.runWorker(ThreadPoolExecutor.java:1134)
        at java.util.concurrent.ThreadPoolExecutor$Worker.run(ThreadPoolExecutor.java:624)
        at java.lang.Thread.run(Thread.java:750)
"ReplicationMonitor" daemon prio=5 tid=19 timed_waiting
java.lang.Thread.State: TIMED_WAITING
        at java.lang.Object.wait(Native Method)
        at org.apache.hadoop.hdds.scm.container.replication.ReplicationManager.run(ReplicationManager.java:575)
        at org.apache.hadoop.hdds.scm.container.replication.ReplicationManager$$Lambda$403/1827344889.run(Unknown Source)
        at java.lang.Thread.run(Thread.java:750)
"IPC Server handler 5 on default port 39283" daemon prio=5 tid=93 timed_waiting
java.lang.Thread.State: TIMED_WAITING
        at sun.misc.Unsafe.park(Native Method)
        at java.util.concurrent.locks.LockSupport.parkNanos(LockSupport.java:215)
        at java.util.concurrent.locks.AbstractQueuedSynchronizer$ConditionObject.awaitNanos(AbstractQueuedSynchronizer.java:2078)
        at java.util.concurrent.LinkedBlockingQueue.poll(LinkedBlockingQueue.java:467)
        at org.apache.hadoop.ipc.CallQueueManager.take(CallQueueManager.java:317)
        at org.apache.hadoop.ipc.Server$Handler.run(Server.java:2942)
"om1@group-C5BA1605619E-StateMachineUpdater" daemon prio=5 tid=138 timed_waiting
java.lang.Thread.State: TIMED_WAITING
        at sun.misc.Unsafe.park(Native Method)
        at java.util.concurrent.locks.LockSupport.parkNanos(LockSupport.java:215)
        at java.util.concurrent.CompletableFuture$Signaller.block(CompletableFuture.java:1709)
        at java.util.concurrent.ForkJoinPool.managedBlock(ForkJoinPool.java:3323)
        at java.util.concurrent.CompletableFuture.timedGet(CompletableFuture.java:1788)
        at java.util.concurrent.CompletableFuture.get(CompletableFuture.java:1928)
        at org.apache.ratis.util.AwaitForSignal.await(AwaitForSignal.java:56)
        at org.apache.ratis.server.impl.StateMachineUpdater.waitForCommit(StateMachineUpdater.java:207)
        at org.apache.ratis.server.impl.StateMachineUpdater.run(StateMachineUpdater.java:176)
        at java.lang.Thread.run(Thread.java:750)
"PartialTableCache Cleanup Thread - 0" daemon prio=5 tid=618 in Object.wait()
java.lang.Thread.State: WAITING (on object monitor)
        at sun.misc.Unsafe.park(Native Method)
        at java.util.concurrent.locks.LockSupport.park(LockSupport.java:175)
        at java.util.concurrent.locks.AbstractQueuedSynchronizer$ConditionObject.await(AbstractQueuedSynchronizer.java:2039)
        at java.util.concurrent.LinkedBlockingQueue.take(LinkedBlockingQueue.java:442)
        at java.util.concurrent.ThreadPoolExecutor.getTask(ThreadPoolExecutor.java:1074)
        at java.util.concurrent.ThreadPoolExecutor.runWorker(ThreadPoolExecutor.java:1134)
        at java.util.concurrent.ThreadPoolExecutor$Worker.run(ThreadPoolExecutor.java:624)
        at java.lang.Thread.run(Thread.java:750)
"IPC Server handler 6 on default port 40183" daemon prio=5 tid=161 timed_waiting
java.lang.Thread.State: TIMED_WAITING
        at sun.misc.Unsafe.park(Native Method)
        at java.util.concurrent.locks.LockSupport.parkNanos(LockSupport.java:215)
        at java.util.concurrent.locks.AbstractQueuedSynchronizer$ConditionObject.awaitNanos(AbstractQueuedSynchronizer.java:2078)
        at java.util.concurrent.LinkedBlockingQueue.poll(LinkedBlockingQueue.java:467)
        at org.apache.hadoop.ipc.CallQueueManager.take(CallQueueManager.java:317)
        at org.apache.hadoop.ipc.Server$Handler.run(Server.java:2942)
"IPC Server handler 12 on default port 45385" daemon prio=5 tid=80 timed_waiting
java.lang.Thread.State: TIMED_WAITING
        at sun.misc.Unsafe.park(Native Method)
        at java.util.concurrent.locks.LockSupport.parkNanos(LockSupport.java:215)
        at java.util.concurrent.locks.AbstractQueuedSynchronizer$ConditionObject.awaitNanos(AbstractQueuedSynchronizer.java:2078)
        at java.util.concurrent.LinkedBlockingQueue.poll(LinkedBlockingQueue.java:467)
        at org.apache.hadoop.ipc.CallQueueManager.take(CallQueueManager.java:317)
        at org.apache.hadoop.ipc.Server$Handler.run(Server.java:2942)
"IPC Server handler 18 on default port 45385" daemon prio=5 tid=86 timed_waiting
java.lang.Thread.State: TIMED_WAITING
        at sun.misc.Unsafe.park(Native Method)
        at java.util.concurrent.locks.LockSupport.parkNanos(LockSupport.java:215)
        at java.util.concurrent.locks.AbstractQueuedSynchronizer$ConditionObject.awaitNanos(AbstractQueuedSynchronizer.java:2078)
        at java.util.concurrent.LinkedBlockingQueue.poll(LinkedBlockingQueue.java:467)
        at org.apache.hadoop.ipc.CallQueueManager.take(CallQueueManager.java:317)
        at org.apache.hadoop.ipc.Server$Handler.run(Server.java:2942)
"PartialTableCache Cleanup Thread - 0" daemon prio=5 tid=619 in Object.wait()
java.lang.Thread.State: WAITING (on object monitor)
        at sun.misc.Unsafe.park(Native Method)
        at java.util.concurrent.locks.LockSupport.park(LockSupport.java:175)
        at java.util.concurrent.locks.AbstractQueuedSynchronizer$ConditionObject.await(AbstractQueuedSynchronizer.java:2039)
        at java.util.concurrent.LinkedBlockingQueue.take(LinkedBlockingQueue.java:442)
        at java.util.concurrent.ThreadPoolExecutor.getTask(ThreadPoolExecutor.java:1074)
        at java.util.concurrent.ThreadPoolExecutor.runWorker(ThreadPoolExecutor.java:1134)
        at java.util.concurrent.ThreadPoolExecutor$Worker.run(ThreadPoolExecutor.java:624)
        at java.lang.Thread.run(Thread.java:750)
"StaleRecoveringContainerScrubbingService#0" daemon prio=5 tid=357 in Object.wait()
java.lang.Thread.State: WAITING (on object monitor)
        at sun.misc.Unsafe.park(Native Method)
        at java.util.concurrent.locks.LockSupport.park(LockSupport.java:175)
        at java.util.concurrent.locks.AbstractQueuedSynchronizer$ConditionObject.await(AbstractQueuedSynchronizer.java:2039)
        at java.util.concurrent.ScheduledThreadPoolExecutor$DelayedWorkQueue.take(ScheduledThreadPoolExecutor.java:1088)
        at java.util.concurrent.ScheduledThreadPoolExecutor$DelayedWorkQueue.take(ScheduledThreadPoolExecutor.java:809)
        at java.util.concurrent.ThreadPoolExecutor.getTask(ThreadPoolExecutor.java:1074)
        at java.util.concurrent.ThreadPoolExecutor.runWorker(ThreadPoolExecutor.java:1134)
        at java.util.concurrent.ThreadPoolExecutor$Worker.run(ThreadPoolExecutor.java:624)
        at java.lang.Thread.run(Thread.java:750)
"Datanode State Machine Task Thread - 1"  prio=5 tid=326 in Object.wait()
java.lang.Thread.State: WAITING (on object monitor)
        at sun.misc.Unsafe.park(Native Method)
        at java.util.concurrent.locks.LockSupport.park(LockSupport.java:175)
        at java.util.concurrent.locks.AbstractQueuedSynchronizer$ConditionObject.await(AbstractQueuedSynchronizer.java:2039)
        at java.util.concurrent.LinkedBlockingQueue.take(LinkedBlockingQueue.java:442)
        at java.util.concurrent.ThreadPoolExecutor.getTask(ThreadPoolExecutor.java:1074)
        at java.util.concurrent.ThreadPoolExecutor.runWorker(ThreadPoolExecutor.java:1134)
        at java.util.concurrent.ThreadPoolExecutor$Worker.run(ThreadPoolExecutor.java:624)
        at java.lang.Thread.run(Thread.java:750)
"BlockDeletingService#2" daemon prio=5 tid=625 in Object.wait()
java.lang.Thread.State: WAITING (on object monitor)
        at sun.misc.Unsafe.park(Native Method)
        at java.util.concurrent.locks.LockSupport.park(LockSupport.java:175)
        at java.util.concurrent.locks.AbstractQueuedSynchronizer$ConditionObject.await(AbstractQueuedSynchronizer.java:2039)
        at java.util.concurrent.ScheduledThreadPoolExecutor$DelayedWorkQueue.take(ScheduledThreadPoolExecutor.java:1088)
        at java.util.concurrent.ScheduledThreadPoolExecutor$DelayedWorkQueue.take(ScheduledThreadPoolExecutor.java:809)
        at java.util.concurrent.ThreadPoolExecutor.getTask(ThreadPoolExecutor.java:1074)
        at java.util.concurrent.ThreadPoolExecutor.runWorker(ThreadPoolExecutor.java:1134)
        at java.util.concurrent.ThreadPoolExecutor$Worker.run(ThreadPoolExecutor.java:624)
        at java.lang.Thread.run(Thread.java:750)
"Datanode ReportManager Thread - 1" daemon prio=5 tid=224 in Object.wait()
java.lang.Thread.State: WAITING (on object monitor)
        at sun.misc.Unsafe.park(Native Method)
        at java.util.concurrent.locks.LockSupport.park(LockSupport.java:175)
        at java.util.concurrent.locks.AbstractQueuedSynchronizer$ConditionObject.await(AbstractQueuedSynchronizer.java:2039)
        at java.util.concurrent.ScheduledThreadPoolExecutor$DelayedWorkQueue.take(ScheduledThreadPoolExecutor.java:1088)
        at java.util.concurrent.ScheduledThreadPoolExecutor$DelayedWorkQueue.take(ScheduledThreadPoolExecutor.java:809)
        at java.util.concurrent.ThreadPoolExecutor.getTask(ThreadPoolExecutor.java:1074)
        at java.util.concurrent.ThreadPoolExecutor.runWorker(ThreadPoolExecutor.java:1134)
        at java.util.concurrent.ThreadPoolExecutor$Worker.run(ThreadPoolExecutor.java:624)
        at java.lang.Thread.run(Thread.java:750)
"timer3" daemon prio=5 tid=551 timed_waiting
java.lang.Thread.State: TIMED_WAITING
        at java.lang.Object.wait(Native Method)
        at java.util.TimerThread.mainLoop(Timer.java:552)
        at java.util.TimerThread.run(Timer.java:505)
"qtp1440823154-151" daemon prio=5 tid=151 timed_waiting
java.lang.Thread.State: TIMED_WAITING
        at sun.misc.Unsafe.park(Native Method)
        at java.util.concurrent.locks.LockSupport.parkNanos(LockSupport.java:215)
        at java.util.concurrent.locks.AbstractQueuedSynchronizer$ConditionObject.awaitNanos(AbstractQueuedSynchronizer.java:2078)
        at org.eclipse.jetty.util.BlockingArrayQueue.poll(BlockingArrayQueue.java:382)
        at org.eclipse.jetty.util.thread.QueuedThreadPool$Runner.idleJobPoll(QueuedThreadPool.java:974)
        at org.eclipse.jetty.util.thread.QueuedThreadPool$Runner.run(QueuedThreadPool.java:1018)
        at java.lang.Thread.run(Thread.java:750)
"EndpointStateMachine task thread for /0.0.0.0:39283 - 0 "  prio=5 tid=403 in Object.wait()
java.lang.Thread.State: WAITING (on object monitor)
        at sun.misc.Unsafe.park(Native Method)
        at java.util.concurrent.locks.LockSupport.park(LockSupport.java:175)
        at java.util.concurrent.locks.AbstractQueuedSynchronizer$ConditionObject.await(AbstractQueuedSynchronizer.java:2039)
        at java.util.concurrent.LinkedBlockingQueue.take(LinkedBlockingQueue.java:442)
        at java.util.concurrent.ThreadPoolExecutor.getTask(ThreadPoolExecutor.java:1074)
        at java.util.concurrent.ThreadPoolExecutor.runWorker(ThreadPoolExecutor.java:1134)
        at java.util.concurrent.ThreadPoolExecutor$Worker.run(ThreadPoolExecutor.java:624)
        at java.lang.Thread.run(Thread.java:750)
"Datanode ReportManager Thread - 3" daemon prio=5 tid=304 timed_waiting
java.lang.Thread.State: TIMED_WAITING
        at sun.misc.Unsafe.park(Native Method)
        at java.util.concurrent.locks.LockSupport.parkNanos(LockSupport.java:215)
        at java.util.concurrent.locks.AbstractQueuedSynchronizer$ConditionObject.awaitNanos(AbstractQueuedSynchronizer.java:2078)
        at java.util.concurrent.ScheduledThreadPoolExecutor$DelayedWorkQueue.take(ScheduledThreadPoolExecutor.java:1093)
        at java.util.concurrent.ScheduledThreadPoolExecutor$DelayedWorkQueue.take(ScheduledThreadPoolExecutor.java:809)
        at java.util.concurrent.ThreadPoolExecutor.getTask(ThreadPoolExecutor.java:1074)
        at java.util.concurrent.ThreadPoolExecutor.runWorker(ThreadPoolExecutor.java:1134)
        at java.util.concurrent.ThreadPoolExecutor$Worker.run(ThreadPoolExecutor.java:624)
        at java.lang.Thread.run(Thread.java:750)
"IPC Server handler 4 on default port 41227" daemon prio=5 tid=52 timed_waiting
java.lang.Thread.State: TIMED_WAITING
        at sun.misc.Unsafe.park(Native Method)
        at java.util.concurrent.locks.LockSupport.parkNanos(LockSupport.java:215)
        at java.util.concurrent.locks.AbstractQueuedSynchronizer$ConditionObject.awaitNanos(AbstractQueuedSynchronizer.java:2078)
        at java.util.concurrent.LinkedBlockingQueue.poll(LinkedBlockingQueue.java:467)
        at org.apache.hadoop.ipc.CallQueueManager.take(CallQueueManager.java:317)
        at org.apache.hadoop.ipc.Server$Handler.run(Server.java:2942)
"qtp2135932857-218" daemon prio=5 tid=218 timed_waiting
java.lang.Thread.State: TIMED_WAITING
        at sun.misc.Unsafe.park(Native Method)
        at java.util.concurrent.locks.LockSupport.parkNanos(LockSupport.java:215)
        at java.util.concurrent.locks.AbstractQueuedSynchronizer$ConditionObject.awaitNanos(AbstractQueuedSynchronizer.java:2078)
        at org.eclipse.jetty.util.BlockingArrayQueue.poll(BlockingArrayQueue.java:382)
        at org.eclipse.jetty.util.thread.QueuedThreadPool$Runner.idleJobPoll(QueuedThreadPool.java:974)
        at org.eclipse.jetty.util.thread.QueuedThreadPool$Runner.run(QueuedThreadPool.java:1018)
        at java.lang.Thread.run(Thread.java:750)
"2839026e-8851-4a4b-a6c3-ebe7d865c058@group-51534D1FFBD1-LeaderStateImpl" daemon prio=5 tid=517 timed_waiting
java.lang.Thread.State: TIMED_WAITING
        at sun.misc.Unsafe.park(Native Method)
        at java.util.concurrent.locks.LockSupport.parkNanos(LockSupport.java:215)
        at java.util.concurrent.locks.AbstractQueuedSynchronizer$ConditionObject.awaitNanos(AbstractQueuedSynchronizer.java:2078)
        at java.util.concurrent.ArrayBlockingQueue.poll(ArrayBlockingQueue.java:418)
        at org.apache.ratis.server.impl.LeaderStateImpl$EventQueue.poll(LeaderStateImpl.java:159)
        at org.apache.ratis.server.impl.LeaderStateImpl$EventProcessor.run(LeaderStateImpl.java:630)
"grpc-default-executor-0" daemon prio=5 tid=425 timed_waiting
java.lang.Thread.State: TIMED_WAITING
        at sun.misc.Unsafe.park(Native Method)
        at java.util.concurrent.locks.LockSupport.parkNanos(LockSupport.java:215)
        at java.util.concurrent.SynchronousQueue$TransferStack.awaitFulfill(SynchronousQueue.java:460)
        at java.util.concurrent.SynchronousQueue$TransferStack.transfer(SynchronousQueue.java:362)
        at java.util.concurrent.SynchronousQueue.poll(SynchronousQueue.java:941)
        at java.util.concurrent.ThreadPoolExecutor.getTask(ThreadPoolExecutor.java:1073)
        at java.util.concurrent.ThreadPoolExecutor.runWorker(ThreadPoolExecutor.java:1134)
        at java.util.concurrent.ThreadPoolExecutor$Worker.run(ThreadPoolExecutor.java:624)
        at java.lang.Thread.run(Thread.java:750)
"31d5b2a7-dd00-41c8-9482-fa5c506864d0@group-12B37F794426-SegmentedRaftLogWorker"  prio=5 tid=446 timed_waiting
java.lang.Thread.State: TIMED_WAITING
        at sun.misc.Unsafe.park(Native Method)
        at java.util.concurrent.locks.LockSupport.parkNanos(LockSupport.java:215)
        at java.util.concurrent.locks.AbstractQueuedSynchronizer$ConditionObject.awaitNanos(AbstractQueuedSynchronizer.java:2078)
        at org.apache.ratis.util.DataBlockingQueue.poll(DataBlockingQueue.java:148)
        at org.apache.ratis.server.raftlog.segmented.SegmentedRaftLogWorker.run(SegmentedRaftLogWorker.java:310)
        at org.apache.ratis.server.raftlog.segmented.SegmentedRaftLogWorker$$Lambda$689/643581441.run(Unknown Source)
        at java.lang.Thread.run(Thread.java:750)
"JvmPauseMonitor3" daemon prio=5 tid=366 timed_waiting
java.lang.Thread.State: TIMED_WAITING
        at java.lang.Thread.sleep(Native Method)
        at java.lang.Thread.sleep(Thread.java:342)
        at java.util.concurrent.TimeUnit.sleep(TimeUnit.java:386)
        at org.apache.ratis.util.TimeDuration.sleep(TimeDuration.java:325)
        at org.apache.ratis.util.TimeDuration.sleep(TimeDuration.java:310)
        at org.apache.ratis.util.JvmPauseMonitor.detectPause(JvmPauseMonitor.java:119)
        at org.apache.ratis.util.JvmPauseMonitor.run(JvmPauseMonitor.java:108)
        at org.apache.ratis.util.JvmPauseMonitor$$Lambda$730/418902856.run(Unknown Source)
        at java.lang.Thread.run(Thread.java:750)
"qtp83454586-317" daemon prio=5 tid=317 runnable
java.lang.Thread.State: RUNNABLE
        at sun.nio.ch.EPollArrayWrapper.epollWait(Native Method)
        at sun.nio.ch.EPollArrayWrapper.poll(EPollArrayWrapper.java:269)
        at sun.nio.ch.EPollSelectorImpl.doSelect(EPollSelectorImpl.java:93)
        at sun.nio.ch.SelectorImpl.lockAndDoSelect(SelectorImpl.java:86)
        at sun.nio.ch.SelectorImpl.select(SelectorImpl.java:97)
        at sun.nio.ch.SelectorImpl.select(SelectorImpl.java:101)
        at org.eclipse.jetty.io.ManagedSelector.nioSelect(ManagedSelector.java:183)
        at org.eclipse.jetty.io.ManagedSelector.select(ManagedSelector.java:190)
        at org.eclipse.jetty.io.ManagedSelector$SelectorProducer.select(ManagedSelector.java:606)
        at org.eclipse.jetty.io.ManagedSelector$SelectorProducer.produce(ManagedSelector.java:543)
        at org.eclipse.jetty.util.thread.strategy.EatWhatYouKill.produceTask(EatWhatYouKill.java:362)
        at org.eclipse.jetty.util.thread.strategy.EatWhatYouKill.doProduce(EatWhatYouKill.java:186)
        at org.eclipse.jetty.util.thread.strategy.EatWhatYouKill.tryProduce(EatWhatYouKill.java:173)
        at org.eclipse.jetty.util.thread.strategy.EatWhatYouKill.produce(EatWhatYouKill.java:137)
        at org.eclipse.jetty.io.ManagedSelector$$Lambda$470/152349586.run(Unknown Source)
        at org.eclipse.jetty.util.thread.QueuedThreadPool.runJob(QueuedThreadPool.java:883)
        at org.eclipse.jetty.util.thread.QueuedThreadPool$Runner.run(QueuedThreadPool.java:1034)
        at java.lang.Thread.run(Thread.java:750)
"Datanode ReportManager Thread - 1" daemon prio=5 tid=331 in Object.wait()
java.lang.Thread.State: WAITING (on object monitor)
        at sun.misc.Unsafe.park(Native Method)
        at java.util.concurrent.locks.LockSupport.park(LockSupport.java:175)
        at java.util.concurrent.locks.AbstractQueuedSynchronizer$ConditionObject.await(AbstractQueuedSynchronizer.java:2039)
        at java.util.concurrent.ScheduledThreadPoolExecutor$DelayedWorkQueue.take(ScheduledThreadPoolExecutor.java:1088)
        at java.util.concurrent.ScheduledThreadPoolExecutor$DelayedWorkQueue.take(ScheduledThreadPoolExecutor.java:809)
        at java.util.concurrent.ThreadPoolExecutor.getTask(ThreadPoolExecutor.java:1074)
        at java.util.concurrent.ThreadPoolExecutor.runWorker(ThreadPoolExecutor.java:1134)
        at java.util.concurrent.ThreadPoolExecutor$Worker.run(ThreadPoolExecutor.java:624)
        at java.lang.Thread.run(Thread.java:750)
"ChunkReader-ELG-0" daemon prio=5 tid=379 runnable
java.lang.Thread.State: RUNNABLE
        at org.apache.ratis.thirdparty.io.netty.channel.epoll.Native.epollWait(Native Method)
        at org.apache.ratis.thirdparty.io.netty.channel.epoll.Native.epollWait(Native.java:209)
        at org.apache.ratis.thirdparty.io.netty.channel.epoll.Native.epollWait(Native.java:202)
        at org.apache.ratis.thirdparty.io.netty.channel.epoll.EpollEventLoop.epollWaitNoTimerChange(EpollEventLoop.java:294)
        at org.apache.ratis.thirdparty.io.netty.channel.epoll.EpollEventLoop.run(EpollEventLoop.java:351)
        at org.apache.ratis.thirdparty.io.netty.util.concurrent.SingleThreadEventExecutor$4.run(SingleThreadEventExecutor.java:995)
        at org.apache.ratis.thirdparty.io.netty.util.internal.ThreadExecutorMap$2.run(ThreadExecutorMap.java:74)
        at java.lang.Thread.run(Thread.java:750)
"org.apache.hadoop.ozone.container.common.statemachine.commandhandler.DeleteBlocksCommandHandler$DeleteCmdWorker@e4add8b" daemon prio=5 tid=315 timed_waiting
java.lang.Thread.State: TIMED_WAITING
        at java.lang.Thread.sleep(Native Method)
        at org.apache.hadoop.ozone.container.common.statemachine.commandhandler.DeleteBlocksCommandHandler$DeleteCmdWorker.run(DeleteBlocksCommandHandler.java:183)
        at java.lang.Thread.run(Thread.java:750)
"Signal Dispatcher" daemon prio=9 tid=4 runnable
java.lang.Thread.State: RUNNABLE
"StaleRecoveringContainerScrubbingService#1" daemon prio=5 tid=383 timed_waiting
java.lang.Thread.State: TIMED_WAITING
        at sun.misc.Unsafe.park(Native Method)
        at java.util.concurrent.locks.LockSupport.parkNanos(LockSupport.java:215)
        at java.util.concurrent.locks.AbstractQueuedSynchronizer$ConditionObject.awaitNanos(AbstractQueuedSynchronizer.java:2078)
        at java.util.concurrent.ScheduledThreadPoolExecutor$DelayedWorkQueue.take(ScheduledThreadPoolExecutor.java:1093)
        at java.util.concurrent.ScheduledThreadPoolExecutor$DelayedWorkQueue.take(ScheduledThreadPoolExecutor.java:809)
        at java.util.concurrent.ThreadPoolExecutor.getTask(ThreadPoolExecutor.java:1074)
        at java.util.concurrent.ThreadPoolExecutor.runWorker(ThreadPoolExecutor.java:1134)
        at java.util.concurrent.ThreadPoolExecutor$Worker.run(ThreadPoolExecutor.java:624)
        at java.lang.Thread.run(Thread.java:750)
"StaleRecoveringContainerScrubbingService#2" daemon prio=5 tid=626 in Object.wait()
java.lang.Thread.State: WAITING (on object monitor)
        at sun.misc.Unsafe.park(Native Method)
        at java.util.concurrent.locks.LockSupport.park(LockSupport.java:175)
        at java.util.concurrent.locks.AbstractQueuedSynchronizer$ConditionObject.await(AbstractQueuedSynchronizer.java:2039)
        at java.util.concurrent.ScheduledThreadPoolExecutor$DelayedWorkQueue.take(ScheduledThreadPoolExecutor.java:1088)
        at java.util.concurrent.ScheduledThreadPoolExecutor$DelayedWorkQueue.take(ScheduledThreadPoolExecutor.java:809)
        at java.util.concurrent.ThreadPoolExecutor.getTask(ThreadPoolExecutor.java:1074)
        at java.util.concurrent.ThreadPoolExecutor.runWorker(ThreadPoolExecutor.java:1134)
        at java.util.concurrent.ThreadPoolExecutor$Worker.run(ThreadPoolExecutor.java:624)
        at java.lang.Thread.run(Thread.java:750)
"IPC Server handler 14 on default port 40183" daemon prio=5 tid=169 timed_waiting
java.lang.Thread.State: TIMED_WAITING
        at sun.misc.Unsafe.park(Native Method)
        at java.util.concurrent.locks.LockSupport.parkNanos(LockSupport.java:215)
        at java.util.concurrent.locks.AbstractQueuedSynchronizer$ConditionObject.awaitNanos(AbstractQueuedSynchronizer.java:2078)
        at java.util.concurrent.LinkedBlockingQueue.poll(LinkedBlockingQueue.java:467)
        at org.apache.hadoop.ipc.CallQueueManager.take(CallQueueManager.java:317)
        at org.apache.hadoop.ipc.Server$Handler.run(Server.java:2942)
"IPC Server handler 18 on default port 39283" daemon prio=5 tid=106 timed_waiting
java.lang.Thread.State: TIMED_WAITING
        at sun.misc.Unsafe.park(Native Method)
        at java.util.concurrent.locks.LockSupport.parkNanos(LockSupport.java:215)
        at java.util.concurrent.locks.AbstractQueuedSynchronizer$ConditionObject.awaitNanos(AbstractQueuedSynchronizer.java:2078)
        at java.util.concurrent.LinkedBlockingQueue.poll(LinkedBlockingQueue.java:467)
        at org.apache.hadoop.ipc.CallQueueManager.take(CallQueueManager.java:317)
        at org.apache.hadoop.ipc.Server$Handler.run(Server.java:2942)
"pool-72-thread-1"  prio=5 tid=416 in Object.wait()
java.lang.Thread.State: WAITING (on object monitor)
        at sun.misc.Unsafe.park(Native Method)
        at java.util.concurrent.locks.LockSupport.park(LockSupport.java:175)
        at java.util.concurrent.locks.AbstractQueuedSynchronizer$ConditionObject.await(AbstractQueuedSynchronizer.java:2039)
        at java.util.concurrent.LinkedBlockingQueue.take(LinkedBlockingQueue.java:442)
        at java.util.concurrent.ThreadPoolExecutor.getTask(ThreadPoolExecutor.java:1074)
        at java.util.concurrent.ThreadPoolExecutor.runWorker(ThreadPoolExecutor.java:1134)
        at java.util.concurrent.ThreadPoolExecutor$Worker.run(ThreadPoolExecutor.java:624)
        at java.lang.Thread.run(Thread.java:750)
"EventQueue-CommandQueueReportForCommandQueueReportHandler" daemon prio=5 tid=415 in Object.wait()
java.lang.Thread.State: WAITING (on object monitor)
        at sun.misc.Unsafe.park(Native Method)
        at java.util.concurrent.locks.LockSupport.park(LockSupport.java:175)
        at java.util.concurrent.locks.AbstractQueuedSynchronizer$ConditionObject.await(AbstractQueuedSynchronizer.java:2039)
        at java.util.concurrent.LinkedBlockingQueue.take(LinkedBlockingQueue.java:442)
        at java.util.concurrent.ThreadPoolExecutor.getTask(ThreadPoolExecutor.java:1074)
        at java.util.concurrent.ThreadPoolExecutor.runWorker(ThreadPoolExecutor.java:1134)
        at java.util.concurrent.ThreadPoolExecutor$Worker.run(ThreadPoolExecutor.java:624)
        at java.lang.Thread.run(Thread.java:750)
"ec4ff2c3-aedb-4237-8f96-8aa5e66a28ee@group-6D953D836BDB-LeaderStateImpl" daemon prio=5 tid=496 timed_waiting
java.lang.Thread.State: TIMED_WAITING
        at sun.misc.Unsafe.park(Native Method)
        at java.util.concurrent.locks.LockSupport.parkNanos(LockSupport.java:215)
        at java.util.concurrent.locks.AbstractQueuedSynchronizer$ConditionObject.awaitNanos(AbstractQueuedSynchronizer.java:2078)
        at java.util.concurrent.ArrayBlockingQueue.poll(ArrayBlockingQueue.java:418)
        at org.apache.ratis.server.impl.LeaderStateImpl$EventQueue.poll(LeaderStateImpl.java:159)
        at org.apache.ratis.server.impl.LeaderStateImpl$EventProcessor.run(LeaderStateImpl.java:630)
"Reference Handler" daemon prio=10 tid=2 in Object.wait()
java.lang.Thread.State: WAITING (on object monitor)
        at java.lang.Object.wait(Native Method)
        at java.lang.Object.wait(Object.java:502)
        at java.lang.ref.Reference.tryHandlePending(Reference.java:191)
        at java.lang.ref.Reference$ReferenceHandler.run(Reference.java:153)
"PartialTableCache Cleanup Thread - 0" daemon prio=5 tid=616 in Object.wait()
java.lang.Thread.State: WAITING (on object monitor)
        at sun.misc.Unsafe.park(Native Method)
        at java.util.concurrent.locks.LockSupport.park(LockSupport.java:175)
        at java.util.concurrent.locks.AbstractQueuedSynchronizer$ConditionObject.await(AbstractQueuedSynchronizer.java:2039)
        at java.util.concurrent.LinkedBlockingQueue.take(LinkedBlockingQueue.java:442)
        at java.util.concurrent.ThreadPoolExecutor.getTask(ThreadPoolExecutor.java:1074)
        at java.util.concurrent.ThreadPoolExecutor.runWorker(ThreadPoolExecutor.java:1134)
        at java.util.concurrent.ThreadPoolExecutor$Worker.run(ThreadPoolExecutor.java:624)
        at java.lang.Thread.run(Thread.java:750)
"pool-141-thread-1"  prio=5 tid=461 in Object.wait()
java.lang.Thread.State: WAITING (on object monitor)
        at sun.misc.Unsafe.park(Native Method)
        at java.util.concurrent.locks.LockSupport.park(LockSupport.java:175)
        at java.util.concurrent.locks.AbstractQueuedSynchronizer$ConditionObject.await(AbstractQueuedSynchronizer.java:2039)
        at java.util.concurrent.LinkedBlockingQueue.take(LinkedBlockingQueue.java:442)
        at java.util.concurrent.ThreadPoolExecutor.getTask(ThreadPoolExecutor.java:1074)
        at java.util.concurrent.ThreadPoolExecutor.runWorker(ThreadPoolExecutor.java:1134)
        at java.util.concurrent.ThreadPoolExecutor$Worker.run(ThreadPoolExecutor.java:624)
        at java.lang.Thread.run(Thread.java:750)
"IPC Server handler 7 on default port 40183" daemon prio=5 tid=162 timed_waiting
java.lang.Thread.State: TIMED_WAITING
        at sun.misc.Unsafe.park(Native Method)
        at java.util.concurrent.locks.LockSupport.parkNanos(LockSupport.java:215)
        at java.util.concurrent.locks.AbstractQueuedSynchronizer$ConditionObject.awaitNanos(AbstractQueuedSynchronizer.java:2078)
        at java.util.concurrent.LinkedBlockingQueue.poll(LinkedBlockingQueue.java:467)
        at org.apache.hadoop.ipc.CallQueueManager.take(CallQueueManager.java:317)
        at org.apache.hadoop.ipc.Server$Handler.run(Server.java:2942)
"ChunkWriter-1-0" daemon prio=5 tid=351 in Object.wait()
java.lang.Thread.State: WAITING (on object monitor)
        at sun.misc.Unsafe.park(Native Method)
        at java.util.concurrent.locks.LockSupport.park(LockSupport.java:175)
        at java.util.concurrent.locks.AbstractQueuedSynchronizer$ConditionObject.await(AbstractQueuedSynchronizer.java:2039)
        at java.util.concurrent.LinkedBlockingDeque.takeFirst(LinkedBlockingDeque.java:492)
        at java.util.concurrent.LinkedBlockingDeque.take(LinkedBlockingDeque.java:680)
        at java.util.concurrent.ThreadPoolExecutor.getTask(ThreadPoolExecutor.java:1074)
        at java.util.concurrent.ThreadPoolExecutor.runWorker(ThreadPoolExecutor.java:1134)
        at java.util.concurrent.ThreadPoolExecutor$Worker.run(ThreadPoolExecutor.java:624)
        at java.lang.Thread.run(Thread.java:750)
"Datanode ReportManager Thread - 0" daemon prio=5 tid=275 in Object.wait()
java.lang.Thread.State: WAITING (on object monitor)
        at sun.misc.Unsafe.park(Native Method)
        at java.util.concurrent.locks.LockSupport.park(LockSupport.java:175)
        at java.util.concurrent.locks.AbstractQueuedSynchronizer$ConditionObject.await(AbstractQueuedSynchronizer.java:2039)
        at java.util.concurrent.ScheduledThreadPoolExecutor$DelayedWorkQueue.take(ScheduledThreadPoolExecutor.java:1088)
        at java.util.concurrent.ScheduledThreadPoolExecutor$DelayedWorkQueue.take(ScheduledThreadPoolExecutor.java:809)
        at java.util.concurrent.ThreadPoolExecutor.getTask(ThreadPoolExecutor.java:1074)
        at java.util.concurrent.ThreadPoolExecutor.runWorker(ThreadPoolExecutor.java:1134)
        at java.util.concurrent.ThreadPoolExecutor$Worker.run(ThreadPoolExecutor.java:624)
        at java.lang.Thread.run(Thread.java:750)
"RatisPipelineUtilsThread - 0"  prio=5 tid=16 timed_waiting
java.lang.Thread.State: TIMED_WAITING
        at java.lang.Object.wait(Native Method)
        at org.apache.hadoop.hdds.scm.pipeline.BackgroundPipelineCreator.run(BackgroundPipelineCreator.java:176)
        at org.apache.hadoop.hdds.scm.pipeline.BackgroundPipelineCreator$$Lambda$393/431996456.run(Unknown Source)
        at java.lang.Thread.run(Thread.java:750)
"qtp2135932857-215" daemon prio=5 tid=215 timed_waiting
java.lang.Thread.State: TIMED_WAITING
        at sun.misc.Unsafe.park(Native Method)
        at java.util.concurrent.locks.LockSupport.parkNanos(LockSupport.java:215)
        at java.util.concurrent.locks.AbstractQueuedSynchronizer$ConditionObject.awaitNanos(AbstractQueuedSynchronizer.java:2078)
        at org.eclipse.jetty.util.BlockingArrayQueue.poll(BlockingArrayQueue.java:382)
        at org.eclipse.jetty.util.thread.QueuedThreadPool$Runner.idleJobPoll(QueuedThreadPool.java:974)
        at org.eclipse.jetty.util.thread.QueuedThreadPool$Runner.run(QueuedThreadPool.java:1018)
        at java.lang.Thread.run(Thread.java:750)
"BlockDeletingService#2" daemon prio=5 tid=629 in Object.wait()
java.lang.Thread.State: WAITING (on object monitor)
        at sun.misc.Unsafe.park(Native Method)
        at java.util.concurrent.locks.LockSupport.park(LockSupport.java:175)
        at java.util.concurrent.locks.AbstractQueuedSynchronizer$ConditionObject.await(AbstractQueuedSynchronizer.java:2039)
        at java.util.concurrent.ScheduledThreadPoolExecutor$DelayedWorkQueue.take(ScheduledThreadPoolExecutor.java:1088)
        at java.util.concurrent.ScheduledThreadPoolExecutor$DelayedWorkQueue.take(ScheduledThreadPoolExecutor.java:809)
        at java.util.concurrent.ThreadPoolExecutor.getTask(ThreadPoolExecutor.java:1074)
        at java.util.concurrent.ThreadPoolExecutor.runWorker(ThreadPoolExecutor.java:1134)
        at java.util.concurrent.ThreadPoolExecutor$Worker.run(ThreadPoolExecutor.java:624)
        at java.lang.Thread.run(Thread.java:750)
"junit-jupiter-timeout-watcher"  prio=10 tid=12 timed_waiting
java.lang.Thread.State: TIMED_WAITING
        at sun.misc.Unsafe.park(Native Method)
        at java.util.concurrent.locks.LockSupport.parkNanos(LockSupport.java:215)
        at java.util.concurrent.locks.AbstractQueuedSynchronizer$ConditionObject.awaitNanos(AbstractQueuedSynchronizer.java:2078)
        at java.util.concurrent.ScheduledThreadPoolExecutor$DelayedWorkQueue.take(ScheduledThreadPoolExecutor.java:1093)
        at java.util.concurrent.ScheduledThreadPoolExecutor$DelayedWorkQueue.take(ScheduledThreadPoolExecutor.java:809)
        at java.util.concurrent.ThreadPoolExecutor.getTask(ThreadPoolExecutor.java:1074)
        at java.util.concurrent.ThreadPoolExecutor.runWorker(ThreadPoolExecutor.java:1134)
        at java.util.concurrent.ThreadPoolExecutor$Worker.run(ThreadPoolExecutor.java:624)
        at java.lang.Thread.run(Thread.java:750)
"Datanode ReportManager Thread - 0" daemon prio=5 tid=223 in Object.wait()
java.lang.Thread.State: WAITING (on object monitor)
        at sun.misc.Unsafe.park(Native Method)
        at java.util.concurrent.locks.LockSupport.park(LockSupport.java:175)
        at java.util.concurrent.locks.AbstractQueuedSynchronizer$ConditionObject.await(AbstractQueuedSynchronizer.java:2039)
        at java.util.concurrent.ScheduledThreadPoolExecutor$DelayedWorkQueue.take(ScheduledThreadPoolExecutor.java:1088)
        at java.util.concurrent.ScheduledThreadPoolExecutor$DelayedWorkQueue.take(ScheduledThreadPoolExecutor.java:809)
        at java.util.concurrent.ThreadPoolExecutor.getTask(ThreadPoolExecutor.java:1074)
        at java.util.concurrent.ThreadPoolExecutor.runWorker(ThreadPoolExecutor.java:1134)
        at java.util.concurrent.ThreadPoolExecutor$Worker.run(ThreadPoolExecutor.java:624)
        at java.lang.Thread.run(Thread.java:750)
"Datanode ReportManager Thread - 4" daemon prio=5 tid=334 timed_waiting
java.lang.Thread.State: TIMED_WAITING
        at sun.misc.Unsafe.park(Native Method)
        at java.util.concurrent.locks.LockSupport.parkNanos(LockSupport.java:215)
        at java.util.concurrent.locks.AbstractQueuedSynchronizer$ConditionObject.awaitNanos(AbstractQueuedSynchronizer.java:2078)
        at java.util.concurrent.ScheduledThreadPoolExecutor$DelayedWorkQueue.take(ScheduledThreadPoolExecutor.java:1093)
        at java.util.concurrent.ScheduledThreadPoolExecutor$DelayedWorkQueue.take(ScheduledThreadPoolExecutor.java:809)
        at java.util.concurrent.ThreadPoolExecutor.getTask(ThreadPoolExecutor.java:1074)
        at java.util.concurrent.ThreadPoolExecutor.runWorker(ThreadPoolExecutor.java:1134)
        at java.util.concurrent.ThreadPoolExecutor$Worker.run(ThreadPoolExecutor.java:624)
        at java.lang.Thread.run(Thread.java:750)
"StaleRecoveringContainerScrubbingService#0" daemon prio=5 tid=369 in Object.wait()
java.lang.Thread.State: WAITING (on object monitor)
        at sun.misc.Unsafe.park(Native Method)
        at java.util.concurrent.locks.LockSupport.park(LockSupport.java:175)
        at java.util.concurrent.locks.AbstractQueuedSynchronizer$ConditionObject.await(AbstractQueuedSynchronizer.java:2039)
        at java.util.concurrent.ScheduledThreadPoolExecutor$DelayedWorkQueue.take(ScheduledThreadPoolExecutor.java:1088)
        at java.util.concurrent.ScheduledThreadPoolExecutor$DelayedWorkQueue.take(ScheduledThreadPoolExecutor.java:809)
        at java.util.concurrent.ThreadPoolExecutor.getTask(ThreadPoolExecutor.java:1074)
        at java.util.concurrent.ThreadPoolExecutor.runWorker(ThreadPoolExecutor.java:1134)
        at java.util.concurrent.ThreadPoolExecutor$Worker.run(ThreadPoolExecutor.java:624)
        at java.lang.Thread.run(Thread.java:750)
"BlockDeletingService#0" daemon prio=5 tid=410 in Object.wait()
java.lang.Thread.State: WAITING (on object monitor)
        at sun.misc.Unsafe.park(Native Method)
        at java.util.concurrent.locks.LockSupport.park(LockSupport.java:175)
        at java.util.concurrent.locks.AbstractQueuedSynchronizer$ConditionObject.await(AbstractQueuedSynchronizer.java:2039)
        at java.util.concurrent.ScheduledThreadPoolExecutor$DelayedWorkQueue.take(ScheduledThreadPoolExecutor.java:1088)
        at java.util.concurrent.ScheduledThreadPoolExecutor$DelayedWorkQueue.take(ScheduledThreadPoolExecutor.java:809)
        at java.util.concurrent.ThreadPoolExecutor.getTask(ThreadPoolExecutor.java:1074)
        at java.util.concurrent.ThreadPoolExecutor.runWorker(ThreadPoolExecutor.java:1134)
        at java.util.concurrent.ThreadPoolExecutor$Worker.run(ThreadPoolExecutor.java:624)
        at java.lang.Thread.run(Thread.java:750)
"ChunkWriter-1-0" daemon prio=5 tid=387 in Object.wait()
java.lang.Thread.State: WAITING (on object monitor)
        at sun.misc.Unsafe.park(Native Method)
        at java.util.concurrent.locks.LockSupport.park(LockSupport.java:175)
        at java.util.concurrent.locks.AbstractQueuedSynchronizer$ConditionObject.await(AbstractQueuedSynchronizer.java:2039)
        at java.util.concurrent.LinkedBlockingDeque.takeFirst(LinkedBlockingDeque.java:492)
        at java.util.concurrent.LinkedBlockingDeque.take(LinkedBlockingDeque.java:680)
        at java.util.concurrent.ThreadPoolExecutor.getTask(ThreadPoolExecutor.java:1074)
        at java.util.concurrent.ThreadPoolExecutor.runWorker(ThreadPoolExecutor.java:1134)
        at java.util.concurrent.ThreadPoolExecutor$Worker.run(ThreadPoolExecutor.java:624)
        at java.lang.Thread.run(Thread.java:750)
"IPC Server idle connection scanner for port 39283" daemon prio=5 tid=26 timed_waiting
java.lang.Thread.State: TIMED_WAITING
        at java.lang.Object.wait(Native Method)
        at java.util.TimerThread.mainLoop(Timer.java:552)
        at java.util.TimerThread.run(Timer.java:505)
"JvmPauseMonitor4" daemon prio=5 tid=378 timed_waiting
java.lang.Thread.State: TIMED_WAITING
        at java.lang.Thread.sleep(Native Method)
        at java.lang.Thread.sleep(Thread.java:342)
        at java.util.concurrent.TimeUnit.sleep(TimeUnit.java:386)
        at org.apache.ratis.util.TimeDuration.sleep(TimeDuration.java:325)
        at org.apache.ratis.util.TimeDuration.sleep(TimeDuration.java:310)
        at org.apache.ratis.util.JvmPauseMonitor.detectPause(JvmPauseMonitor.java:119)
        at org.apache.ratis.util.JvmPauseMonitor.run(JvmPauseMonitor.java:108)
        at org.apache.ratis.util.JvmPauseMonitor$$Lambda$730/418902856.run(Unknown Source)
        at java.lang.Thread.run(Thread.java:750)
"pool-104-thread-1"  prio=5 tid=212 timed_waiting
java.lang.Thread.State: TIMED_WAITING
        at sun.misc.Unsafe.park(Native Method)
        at java.util.concurrent.locks.LockSupport.parkNanos(LockSupport.java:215)
        at java.util.concurrent.locks.AbstractQueuedSynchronizer$ConditionObject.awaitNanos(AbstractQueuedSynchronizer.java:2078)
        at java.util.concurrent.ScheduledThreadPoolExecutor$DelayedWorkQueue.take(ScheduledThreadPoolExecutor.java:1093)
        at java.util.concurrent.ScheduledThreadPoolExecutor$DelayedWorkQueue.take(ScheduledThreadPoolExecutor.java:809)
        at java.util.concurrent.ThreadPoolExecutor.getTask(ThreadPoolExecutor.java:1074)
        at java.util.concurrent.ThreadPoolExecutor.runWorker(ThreadPoolExecutor.java:1134)
        at java.util.concurrent.ThreadPoolExecutor$Worker.run(ThreadPoolExecutor.java:624)
        at java.lang.Thread.run(Thread.java:750)
"Session-HouseKeeper-2ba1bed1-1"  prio=5 tid=154 timed_waiting
java.lang.Thread.State: TIMED_WAITING
        at sun.misc.Unsafe.park(Native Method)
        at java.util.concurrent.locks.LockSupport.parkNanos(LockSupport.java:215)
        at java.util.concurrent.locks.AbstractQueuedSynchronizer$ConditionObject.awaitNanos(AbstractQueuedSynchronizer.java:2078)
        at java.util.concurrent.ScheduledThreadPoolExecutor$DelayedWorkQueue.take(ScheduledThreadPoolExecutor.java:1093)
        at java.util.concurrent.ScheduledThreadPoolExecutor$DelayedWorkQueue.take(ScheduledThreadPoolExecutor.java:809)
        at java.util.concurrent.ThreadPoolExecutor.getTask(ThreadPoolExecutor.java:1074)
        at java.util.concurrent.ThreadPoolExecutor.runWorker(ThreadPoolExecutor.java:1134)
        at java.util.concurrent.ThreadPoolExecutor$Worker.run(ThreadPoolExecutor.java:624)
        at java.lang.Thread.run(Thread.java:750)
"grpc-default-executor-4" daemon prio=5 tid=583 timed_waiting
java.lang.Thread.State: TIMED_WAITING
        at sun.misc.Unsafe.park(Native Method)
        at java.util.concurrent.locks.LockSupport.parkNanos(LockSupport.java:215)
        at java.util.concurrent.SynchronousQueue$TransferStack.awaitFulfill(SynchronousQueue.java:460)
        at java.util.concurrent.SynchronousQueue$TransferStack.transfer(SynchronousQueue.java:362)
        at java.util.concurrent.SynchronousQueue.poll(SynchronousQueue.java:941)
        at java.util.concurrent.ThreadPoolExecutor.getTask(ThreadPoolExecutor.java:1073)
        at java.util.concurrent.ThreadPoolExecutor.runWorker(ThreadPoolExecutor.java:1134)
        at java.util.concurrent.ThreadPoolExecutor$Worker.run(ThreadPoolExecutor.java:624)
        at java.lang.Thread.run(Thread.java:750)
"qtp888889899-267" daemon prio=5 tid=267 timed_waiting
java.lang.Thread.State: TIMED_WAITING
        at sun.misc.Unsafe.park(Native Method)
        at java.util.concurrent.locks.LockSupport.parkNanos(LockSupport.java:215)
        at java.util.concurrent.locks.AbstractQueuedSynchronizer$ConditionObject.awaitNanos(AbstractQueuedSynchronizer.java:2078)
        at org.eclipse.jetty.util.BlockingArrayQueue.poll(BlockingArrayQueue.java:382)
        at org.eclipse.jetty.util.thread.QueuedThreadPool$Runner.idleJobPoll(QueuedThreadPool.java:974)
        at org.eclipse.jetty.util.thread.QueuedThreadPool$Runner.run(QueuedThreadPool.java:1018)
        at java.lang.Thread.run(Thread.java:750)
"org.apache.hadoop.util.JvmPauseMonitor$Monitor@6bfa2da2" daemon prio=5 tid=175 timed_waiting
java.lang.Thread.State: TIMED_WAITING
        at java.lang.Thread.sleep(Native Method)
        at org.apache.hadoop.util.JvmPauseMonitor$Monitor.run(JvmPauseMonitor.java:192)
        at java.lang.Thread.run(Thread.java:750)
"qtp269339862-294" daemon prio=5 tid=294 timed_waiting
java.lang.Thread.State: TIMED_WAITING
        at sun.misc.Unsafe.park(Native Method)
        at java.util.concurrent.locks.LockSupport.parkNanos(LockSupport.java:215)
        at java.util.concurrent.locks.AbstractQueuedSynchronizer$ConditionObject.awaitNanos(AbstractQueuedSynchronizer.java:2078)
        at org.eclipse.jetty.util.BlockingArrayQueue.poll(BlockingArrayQueue.java:382)
        at org.eclipse.jetty.util.thread.QueuedThreadPool$Runner.idleJobPoll(QueuedThreadPool.java:974)
        at org.eclipse.jetty.util.thread.QueuedThreadPool$Runner.run(QueuedThreadPool.java:1018)
        at java.lang.Thread.run(Thread.java:750)
"StaleRecoveringContainerScrubbingService#2" daemon prio=5 tid=621 in Object.wait()
java.lang.Thread.State: WAITING (on object monitor)
        at sun.misc.Unsafe.park(Native Method)
        at java.util.concurrent.locks.LockSupport.park(LockSupport.java:175)
        at java.util.concurrent.locks.AbstractQueuedSynchronizer$ConditionObject.await(AbstractQueuedSynchronizer.java:2039)
        at java.util.concurrent.ScheduledThreadPoolExecutor$DelayedWorkQueue.take(ScheduledThreadPoolExecutor.java:1088)
        at java.util.concurrent.ScheduledThreadPoolExecutor$DelayedWorkQueue.take(ScheduledThreadPoolExecutor.java:809)
        at java.util.concurrent.ThreadPoolExecutor.getTask(ThreadPoolExecutor.java:1074)
        at java.util.concurrent.ThreadPoolExecutor.runWorker(ThreadPoolExecutor.java:1134)
        at java.util.concurrent.ThreadPoolExecutor$Worker.run(ThreadPoolExecutor.java:624)
        at java.lang.Thread.run(Thread.java:750)
"OM StateMachine ApplyTransaction Thread - 0" daemon prio=5 tid=615 in Object.wait()
java.lang.Thread.State: WAITING (on object monitor)
        at sun.misc.Unsafe.park(Native Method)
        at java.util.concurrent.locks.LockSupport.park(LockSupport.java:175)
        at java.util.concurrent.locks.AbstractQueuedSynchronizer$ConditionObject.await(AbstractQueuedSynchronizer.java:2039)
        at java.util.concurrent.LinkedBlockingQueue.take(LinkedBlockingQueue.java:442)
        at java.util.concurrent.ThreadPoolExecutor.getTask(ThreadPoolExecutor.java:1074)
        at java.util.concurrent.ThreadPoolExecutor.runWorker(ThreadPoolExecutor.java:1134)
        at java.util.concurrent.ThreadPoolExecutor$Worker.run(ThreadPoolExecutor.java:624)
        at java.lang.Thread.run(Thread.java:750)
"qtp114743324-113" daemon prio=5 tid=113 timed_waiting
java.lang.Thread.State: TIMED_WAITING
        at sun.misc.Unsafe.park(Native Method)
        at java.util.concurrent.locks.LockSupport.parkNanos(LockSupport.java:215)
        at java.util.concurrent.locks.AbstractQueuedSynchronizer$ConditionObject.awaitNanos(AbstractQueuedSynchronizer.java:2078)
        at org.eclipse.jetty.util.BlockingArrayQueue.poll(BlockingArrayQueue.java:382)
        at org.eclipse.jetty.util.thread.QueuedThreadPool$Runner.idleJobPoll(QueuedThreadPool.java:974)
        at org.eclipse.jetty.util.thread.QueuedThreadPool$Runner.run(QueuedThreadPool.java:1018)
        at java.lang.Thread.run(Thread.java:750)
"Session-HouseKeeper-24a42e9d-1"  prio=5 tid=193 timed_waiting
java.lang.Thread.State: TIMED_WAITING
        at sun.misc.Unsafe.park(Native Method)
        at java.util.concurrent.locks.LockSupport.parkNanos(LockSupport.java:215)
        at java.util.concurrent.locks.AbstractQueuedSynchronizer$ConditionObject.awaitNanos(AbstractQueuedSynchronizer.java:2078)
        at java.util.concurrent.ScheduledThreadPoolExecutor$DelayedWorkQueue.take(ScheduledThreadPoolExecutor.java:1093)
        at java.util.concurrent.ScheduledThreadPoolExecutor$DelayedWorkQueue.take(ScheduledThreadPoolExecutor.java:809)
        at java.util.concurrent.ThreadPoolExecutor.getTask(ThreadPoolExecutor.java:1074)
        at java.util.concurrent.ThreadPoolExecutor.runWorker(ThreadPoolExecutor.java:1134)
        at java.util.concurrent.ThreadPoolExecutor$Worker.run(ThreadPoolExecutor.java:624)
        at java.lang.Thread.run(Thread.java:750)
"IPC Server handler 11 on default port 39283" daemon prio=5 tid=99 timed_waiting
java.lang.Thread.State: TIMED_WAITING
        at sun.misc.Unsafe.park(Native Method)
        at java.util.concurrent.locks.LockSupport.parkNanos(LockSupport.java:215)
        at java.util.concurrent.locks.AbstractQueuedSynchronizer$ConditionObject.awaitNanos(AbstractQueuedSynchronizer.java:2078)
        at java.util.concurrent.LinkedBlockingQueue.poll(LinkedBlockingQueue.java:467)
        at org.apache.hadoop.ipc.CallQueueManager.take(CallQueueManager.java:317)
        at org.apache.hadoop.ipc.Server$Handler.run(Server.java:2942)
"IPC Server handler 12 on default port 39283" daemon prio=5 tid=100 timed_waiting
java.lang.Thread.State: TIMED_WAITING
        at sun.misc.Unsafe.park(Native Method)
        at java.util.concurrent.locks.LockSupport.parkNanos(LockSupport.java:215)
        at java.util.concurrent.locks.AbstractQueuedSynchronizer$ConditionObject.awaitNanos(AbstractQueuedSynchronizer.java:2078)
        at java.util.concurrent.LinkedBlockingQueue.poll(LinkedBlockingQueue.java:467)
        at org.apache.hadoop.ipc.CallQueueManager.take(CallQueueManager.java:317)
        at org.apache.hadoop.ipc.Server$Handler.run(Server.java:2942)
"IPC Server handler 7 on default port 39283" daemon prio=5 tid=95 timed_waiting
java.lang.Thread.State: TIMED_WAITING
        at sun.misc.Unsafe.park(Native Method)
        at java.util.concurrent.locks.LockSupport.parkNanos(LockSupport.java:215)
        at java.util.concurrent.locks.AbstractQueuedSynchronizer$ConditionObject.awaitNanos(AbstractQueuedSynchronizer.java:2078)
        at java.util.concurrent.LinkedBlockingQueue.poll(LinkedBlockingQueue.java:467)
        at org.apache.hadoop.ipc.CallQueueManager.take(CallQueueManager.java:317)
        at org.apache.hadoop.ipc.Server$Handler.run(Server.java:2942)
"StaleRecoveringContainerScrubbingService#0" daemon prio=5 tid=382 in Object.wait()
java.lang.Thread.State: WAITING (on object monitor)
        at sun.misc.Unsafe.park(Native Method)
        at java.util.concurrent.locks.LockSupport.park(LockSupport.java:175)
        at java.util.concurrent.locks.AbstractQueuedSynchronizer$ConditionObject.await(AbstractQueuedSynchronizer.java:2039)
        at java.util.concurrent.ScheduledThreadPoolExecutor$DelayedWorkQueue.take(ScheduledThreadPoolExecutor.java:1088)
        at java.util.concurrent.ScheduledThreadPoolExecutor$DelayedWorkQueue.take(ScheduledThreadPoolExecutor.java:809)
        at java.util.concurrent.ThreadPoolExecutor.getTask(ThreadPoolExecutor.java:1074)
        at java.util.concurrent.ThreadPoolExecutor.runWorker(ThreadPoolExecutor.java:1134)
        at java.util.concurrent.ThreadPoolExecutor$Worker.run(ThreadPoolExecutor.java:624)
        at java.lang.Thread.run(Thread.java:750)
"org.apache.hadoop.util.JvmPauseMonitor$Monitor@535720" daemon prio=5 tid=281 timed_waiting
java.lang.Thread.State: TIMED_WAITING
        at java.lang.Thread.sleep(Native Method)
        at org.apache.hadoop.util.JvmPauseMonitor$Monitor.run(JvmPauseMonitor.java:192)
        at java.lang.Thread.run(Thread.java:750)
"Datanode State Machine Task Thread - 0"  prio=5 tid=230 in Object.wait()
java.lang.Thread.State: WAITING (on object monitor)
        at sun.misc.Unsafe.park(Native Method)
        at java.util.concurrent.locks.LockSupport.park(LockSupport.java:175)
        at java.util.concurrent.locks.AbstractQueuedSynchronizer$ConditionObject.await(AbstractQueuedSynchronizer.java:2039)
        at java.util.concurrent.LinkedBlockingQueue.take(LinkedBlockingQueue.java:442)
        at java.util.concurrent.ThreadPoolExecutor.getTask(ThreadPoolExecutor.java:1074)
        at java.util.concurrent.ThreadPoolExecutor.runWorker(ThreadPoolExecutor.java:1134)
        at java.util.concurrent.ThreadPoolExecutor$Worker.run(ThreadPoolExecutor.java:624)
        at java.lang.Thread.run(Thread.java:750)
"qtp114743324-112-acceptor-0@1ebb9388-ServerConnector@75559cd9{HTTP/1.1, (http/1.1)}{0.0.0.0:45447}" daemon prio=3 tid=112 runnable
java.lang.Thread.State: RUNNABLE
        at sun.nio.ch.ServerSocketChannelImpl.accept0(Native Method)
        at sun.nio.ch.ServerSocketChannelImpl.accept(ServerSocketChannelImpl.java:421)
        at sun.nio.ch.ServerSocketChannelImpl.accept(ServerSocketChannelImpl.java:249)
        at org.eclipse.jetty.server.ServerConnector.accept(ServerConnector.java:388)
        at org.eclipse.jetty.server.AbstractConnector$Acceptor.run(AbstractConnector.java:704)
        at org.eclipse.jetty.util.thread.QueuedThreadPool.runJob(QueuedThreadPool.java:883)
        at org.eclipse.jetty.util.thread.QueuedThreadPool$Runner.run(QueuedThreadPool.java:1034)
        at java.lang.Thread.run(Thread.java:750)
"IPC Server handler 16 on default port 40183" daemon prio=5 tid=171 timed_waiting
java.lang.Thread.State: TIMED_WAITING
        at sun.misc.Unsafe.park(Native Method)
        at java.util.concurrent.locks.LockSupport.parkNanos(LockSupport.java:215)
        at java.util.concurrent.locks.AbstractQueuedSynchronizer$ConditionObject.awaitNanos(AbstractQueuedSynchronizer.java:2078)
        at java.util.concurrent.LinkedBlockingQueue.poll(LinkedBlockingQueue.java:467)
        at org.apache.hadoop.ipc.CallQueueManager.take(CallQueueManager.java:317)
        at org.apache.hadoop.ipc.Server$Handler.run(Server.java:2942)
"qtp888889899-270" daemon prio=5 tid=270 timed_waiting
java.lang.Thread.State: TIMED_WAITING
        at sun.misc.Unsafe.park(Native Method)
        at java.util.concurrent.locks.LockSupport.parkNanos(LockSupport.java:215)
        at java.util.concurrent.locks.AbstractQueuedSynchronizer$ConditionObject.awaitNanos(AbstractQueuedSynchronizer.java:2078)
        at org.eclipse.jetty.util.BlockingArrayQueue.poll(BlockingArrayQueue.java:382)
        at org.eclipse.jetty.util.thread.QueuedThreadPool$Runner.idleJobPoll(QueuedThreadPool.java:974)
        at org.eclipse.jetty.util.thread.QueuedThreadPool$Runner.run(QueuedThreadPool.java:1018)
        at java.lang.Thread.run(Thread.java:750)
"qtp114743324-118" daemon prio=5 tid=118 timed_waiting
java.lang.Thread.State: TIMED_WAITING
        at sun.misc.Unsafe.park(Native Method)
        at java.util.concurrent.locks.LockSupport.parkNanos(LockSupport.java:215)
        at java.util.concurrent.locks.AbstractQueuedSynchronizer$ConditionObject.awaitNanos(AbstractQueuedSynchronizer.java:2078)
        at org.eclipse.jetty.util.BlockingArrayQueue.poll(BlockingArrayQueue.java:382)
        at org.eclipse.jetty.util.thread.QueuedThreadPool$Runner.idleJobPoll(QueuedThreadPool.java:974)
        at org.eclipse.jetty.util.thread.QueuedThreadPool$Runner.run(QueuedThreadPool.java:1018)
        at java.lang.Thread.run(Thread.java:750)
"ChunkWriter-2-0" daemon prio=5 tid=388 in Object.wait()
java.lang.Thread.State: WAITING (on object monitor)
        at sun.misc.Unsafe.park(Native Method)
        at java.util.concurrent.locks.LockSupport.park(LockSupport.java:175)
        at java.util.concurrent.locks.AbstractQueuedSynchronizer$ConditionObject.await(AbstractQueuedSynchronizer.java:2039)
        at java.util.concurrent.LinkedBlockingDeque.takeFirst(LinkedBlockingDeque.java:492)
        at java.util.concurrent.LinkedBlockingDeque.take(LinkedBlockingDeque.java:680)
        at java.util.concurrent.ThreadPoolExecutor.getTask(ThreadPoolExecutor.java:1074)
        at java.util.concurrent.ThreadPoolExecutor.runWorker(ThreadPoolExecutor.java:1134)
        at java.util.concurrent.ThreadPoolExecutor$Worker.run(ThreadPoolExecutor.java:624)
        at java.lang.Thread.run(Thread.java:750)
"qtp2135932857-216" daemon prio=5 tid=216 timed_waiting
java.lang.Thread.State: TIMED_WAITING
        at sun.misc.Unsafe.park(Native Method)
        at java.util.concurrent.locks.LockSupport.parkNanos(LockSupport.java:215)
        at java.util.concurrent.locks.AbstractQueuedSynchronizer$ConditionObject.awaitNanos(AbstractQueuedSynchronizer.java:2078)
        at org.eclipse.jetty.util.BlockingArrayQueue.poll(BlockingArrayQueue.java:382)
        at org.eclipse.jetty.util.thread.QueuedThreadPool$Runner.idleJobPoll(QueuedThreadPool.java:974)
        at org.eclipse.jetty.util.thread.QueuedThreadPool$Runner.run(QueuedThreadPool.java:1018)
        at java.lang.Thread.run(Thread.java:750)
"qtp1440823154-152" daemon prio=5 tid=152 timed_waiting
java.lang.Thread.State: TIMED_WAITING
        at sun.misc.Unsafe.park(Native Method)
        at java.util.concurrent.locks.LockSupport.parkNanos(LockSupport.java:215)
        at java.util.concurrent.locks.AbstractQueuedSynchronizer$ConditionObject.awaitNanos(AbstractQueuedSynchronizer.java:2078)
        at org.eclipse.jetty.util.BlockingArrayQueue.poll(BlockingArrayQueue.java:382)
        at org.eclipse.jetty.util.thread.QueuedThreadPool$Runner.idleJobPoll(QueuedThreadPool.java:974)
        at org.eclipse.jetty.util.thread.QueuedThreadPool$Runner.run(QueuedThreadPool.java:1018)
        at java.lang.Thread.run(Thread.java:750)
"qtp1101359833-241" daemon prio=5 tid=241 timed_waiting
java.lang.Thread.State: TIMED_WAITING
        at sun.misc.Unsafe.park(Native Method)
        at java.util.concurrent.locks.LockSupport.parkNanos(LockSupport.java:215)
        at java.util.concurrent.locks.AbstractQueuedSynchronizer$ConditionObject.awaitNanos(AbstractQueuedSynchronizer.java:2078)
        at org.eclipse.jetty.util.BlockingArrayQueue.poll(BlockingArrayQueue.java:382)
        at org.eclipse.jetty.util.thread.QueuedThreadPool$Runner.idleJobPoll(QueuedThreadPool.java:974)
        at org.eclipse.jetty.util.thread.QueuedThreadPool$Runner.run(QueuedThreadPool.java:1018)
        at java.lang.Thread.run(Thread.java:750)
"Datanode State Machine Daemon Thread" daemon prio=5 tid=194 timed_waiting
java.lang.Thread.State: TIMED_WAITING
        at java.lang.Thread.sleep(Native Method)
        at org.apache.hadoop.ozone.container.common.statemachine.DatanodeStateMachine.startStateMachineThread(DatanodeStateMachine.java:321)
        at org.apache.hadoop.ozone.container.common.statemachine.DatanodeStateMachine.lambda$startDaemon$0(DatanodeStateMachine.java:506)
        at org.apache.hadoop.ozone.container.common.statemachine.DatanodeStateMachine$$Lambda$775/1835305867.run(Unknown Source)
        at java.lang.Thread.run(Thread.java:750)
"ChunkWriter-3-0" daemon prio=5 tid=341 in Object.wait()
java.lang.Thread.State: WAITING (on object monitor)
        at sun.misc.Unsafe.park(Native Method)
        at java.util.concurrent.locks.LockSupport.park(LockSupport.java:175)
        at java.util.concurrent.locks.AbstractQueuedSynchronizer$ConditionObject.await(AbstractQueuedSynchronizer.java:2039)
        at java.util.concurrent.LinkedBlockingDeque.takeFirst(LinkedBlockingDeque.java:492)
        at java.util.concurrent.LinkedBlockingDeque.take(LinkedBlockingDeque.java:680)
        at java.util.concurrent.ThreadPoolExecutor.getTask(ThreadPoolExecutor.java:1074)
        at java.util.concurrent.ThreadPoolExecutor.runWorker(ThreadPoolExecutor.java:1134)
        at java.util.concurrent.ThreadPoolExecutor$Worker.run(ThreadPoolExecutor.java:624)
        at java.lang.Thread.run(Thread.java:750)
"Periodic HDDS volume checker" daemon prio=5 tid=284 timed_waiting
java.lang.Thread.State: TIMED_WAITING
        at sun.misc.Unsafe.park(Native Method)
        at java.util.concurrent.locks.LockSupport.parkNanos(LockSupport.java:215)
        at java.util.concurrent.locks.AbstractQueuedSynchronizer$ConditionObject.awaitNanos(AbstractQueuedSynchronizer.java:2078)
        at java.util.concurrent.ScheduledThreadPoolExecutor$DelayedWorkQueue.take(ScheduledThreadPoolExecutor.java:1093)
        at java.util.concurrent.ScheduledThreadPoolExecutor$DelayedWorkQueue.take(ScheduledThreadPoolExecutor.java:809)
        at java.util.concurrent.ThreadPoolExecutor.getTask(ThreadPoolExecutor.java:1074)
        at java.util.concurrent.ThreadPoolExecutor.runWorker(ThreadPoolExecutor.java:1134)
        at java.util.concurrent.ThreadPoolExecutor$Worker.run(ThreadPoolExecutor.java:624)
        at java.lang.Thread.run(Thread.java:750)
"Datanode ReportManager Thread - 3" daemon prio=5 tid=252 in Object.wait()
java.lang.Thread.State: WAITING (on object monitor)
        at sun.misc.Unsafe.park(Native Method)
        at java.util.concurrent.locks.LockSupport.park(LockSupport.java:175)
        at java.util.concurrent.locks.AbstractQueuedSynchronizer$ConditionObject.await(AbstractQueuedSynchronizer.java:2039)
        at java.util.concurrent.ScheduledThreadPoolExecutor$DelayedWorkQueue.take(ScheduledThreadPoolExecutor.java:1088)
        at java.util.concurrent.ScheduledThreadPoolExecutor$DelayedWorkQueue.take(ScheduledThreadPoolExecutor.java:809)
        at java.util.concurrent.ThreadPoolExecutor.getTask(ThreadPoolExecutor.java:1074)
        at java.util.concurrent.ThreadPoolExecutor.runWorker(ThreadPoolExecutor.java:1134)
        at java.util.concurrent.ThreadPoolExecutor$Worker.run(ThreadPoolExecutor.java:624)
        at java.lang.Thread.run(Thread.java:750)
"FixedThreadPoolWithAffinityExecutor-2-0" daemon prio=5 tid=38 timed_waiting
java.lang.Thread.State: TIMED_WAITING
        at sun.misc.Unsafe.park(Native Method)
        at java.util.concurrent.locks.LockSupport.parkNanos(LockSupport.java:215)
        at java.util.concurrent.locks.AbstractQueuedSynchronizer$ConditionObject.awaitNanos(AbstractQueuedSynchronizer.java:2078)
        at java.util.concurrent.LinkedBlockingQueue.poll(LinkedBlockingQueue.java:467)
        at org.apache.hadoop.hdds.scm.server.ContainerReportQueue.poll(ContainerReportQueue.java:266)
        at org.apache.hadoop.hdds.scm.server.ContainerReportQueue.poll(ContainerReportQueue.java:42)
        at org.apache.hadoop.hdds.server.events.FixedThreadPoolWithAffinityExecutor$ContainerReportProcessTask.run(FixedThreadPoolWithAffinityExecutor.java:218)
        at java.util.concurrent.Executors$RunnableAdapter.call(Executors.java:511)
        at java.util.concurrent.FutureTask.run(FutureTask.java:266)
        at java.util.concurrent.ThreadPoolExecutor.runWorker(ThreadPoolExecutor.java:1149)
        at java.util.concurrent.ThreadPoolExecutor$Worker.run(ThreadPoolExecutor.java:624)
        at java.lang.Thread.run(Thread.java:750)
"31d5b2a7-dd00-41c8-9482-fa5c506864d0-server-thread1" daemon prio=5 tid=608 timed_waiting
java.lang.Thread.State: TIMED_WAITING
        at sun.misc.Unsafe.park(Native Method)
        at java.util.concurrent.locks.LockSupport.parkNanos(LockSupport.java:215)
        at java.util.concurrent.SynchronousQueue$TransferStack.awaitFulfill(SynchronousQueue.java:460)
        at java.util.concurrent.SynchronousQueue$TransferStack.transfer(SynchronousQueue.java:362)
        at java.util.concurrent.SynchronousQueue.poll(SynchronousQueue.java:941)
        at java.util.concurrent.ThreadPoolExecutor.getTask(ThreadPoolExecutor.java:1073)
        at java.util.concurrent.ThreadPoolExecutor.runWorker(ThreadPoolExecutor.java:1134)
        at java.util.concurrent.ThreadPoolExecutor$Worker.run(ThreadPoolExecutor.java:624)
        at java.lang.Thread.run(Thread.java:750)
"976467f4-c66a-4ccc-8167-891a23ca4537@group-19DDDCD191CE-SegmentedRaftLogWorker"  prio=5 tid=428 timed_waiting
java.lang.Thread.State: TIMED_WAITING
        at sun.misc.Unsafe.park(Native Method)
        at java.util.concurrent.locks.LockSupport.parkNanos(LockSupport.java:215)
        at java.util.concurrent.locks.AbstractQueuedSynchronizer$ConditionObject.awaitNanos(AbstractQueuedSynchronizer.java:2078)
        at org.apache.ratis.util.DataBlockingQueue.poll(DataBlockingQueue.java:148)
        at org.apache.ratis.server.raftlog.segmented.SegmentedRaftLogWorker.run(SegmentedRaftLogWorker.java:310)
        at org.apache.ratis.server.raftlog.segmented.SegmentedRaftLogWorker$$Lambda$689/643581441.run(Unknown Source)
        at java.lang.Thread.run(Thread.java:750)
"Finalizer" daemon prio=8 tid=3 in Object.wait()
java.lang.Thread.State: WAITING (on object monitor)
        at java.lang.Object.wait(Native Method)
        at java.lang.ref.ReferenceQueue.remove(ReferenceQueue.java:144)
        at java.lang.ref.ReferenceQueue.remove(ReferenceQueue.java:165)
        at java.lang.ref.Finalizer$FinalizerThread.run(Finalizer.java:216)
"IPC Server Responder" daemon prio=5 tid=134 runnable
java.lang.Thread.State: RUNNABLE
        at sun.nio.ch.EPollArrayWrapper.epollWait(Native Method)
        at sun.nio.ch.EPollArrayWrapper.poll(EPollArrayWrapper.java:269)
        at sun.nio.ch.EPollSelectorImpl.doSelect(EPollSelectorImpl.java:93)
        at sun.nio.ch.SelectorImpl.lockAndDoSelect(SelectorImpl.java:86)
        at sun.nio.ch.SelectorImpl.select(SelectorImpl.java:97)
        at org.apache.hadoop.ipc.Server$Responder.doRunLoop(Server.java:1532)
        at org.apache.hadoop.ipc.Server$Responder.run(Server.java:1515)
"IPC Server handler 3 on default port 45385" daemon prio=5 tid=71 timed_waiting
java.lang.Thread.State: TIMED_WAITING
        at sun.misc.Unsafe.park(Native Method)
        at java.util.concurrent.locks.LockSupport.parkNanos(LockSupport.java:215)
        at java.util.concurrent.locks.AbstractQueuedSynchronizer$ConditionObject.awaitNanos(AbstractQueuedSynchronizer.java:2078)
        at java.util.concurrent.LinkedBlockingQueue.poll(LinkedBlockingQueue.java:467)
        at org.apache.hadoop.ipc.CallQueueManager.take(CallQueueManager.java:317)
        at org.apache.hadoop.ipc.Server$Handler.run(Server.java:2942)
"qtp269339862-298" daemon prio=5 tid=298 timed_waiting
java.lang.Thread.State: TIMED_WAITING
        at sun.misc.Unsafe.park(Native Method)
        at java.util.concurrent.locks.LockSupport.parkNanos(LockSupport.java:215)
        at java.util.concurrent.locks.AbstractQueuedSynchronizer$ConditionObject.awaitNanos(AbstractQueuedSynchronizer.java:2078)
        at org.eclipse.jetty.util.BlockingArrayQueue.poll(BlockingArrayQueue.java:382)
        at org.eclipse.jetty.util.thread.QueuedThreadPool$Runner.idleJobPoll(QueuedThreadPool.java:974)
        at org.eclipse.jetty.util.thread.QueuedThreadPool$Runner.run(QueuedThreadPool.java:1018)
        at java.lang.Thread.run(Thread.java:750)
"Session-HouseKeeper-5f3ecc1c-1"  prio=5 tid=221 timed_waiting
java.lang.Thread.State: TIMED_WAITING
        at sun.misc.Unsafe.park(Native Method)
        at java.util.concurrent.locks.LockSupport.parkNanos(LockSupport.java:215)
        at java.util.concurrent.locks.AbstractQueuedSynchronizer$ConditionObject.awaitNanos(AbstractQueuedSynchronizer.java:2078)
        at java.util.concurrent.ScheduledThreadPoolExecutor$DelayedWorkQueue.take(ScheduledThreadPoolExecutor.java:1093)
        at java.util.concurrent.ScheduledThreadPoolExecutor$DelayedWorkQueue.take(ScheduledThreadPoolExecutor.java:809)
        at java.util.concurrent.ThreadPoolExecutor.getTask(ThreadPoolExecutor.java:1074)
        at java.util.concurrent.ThreadPoolExecutor.runWorker(ThreadPoolExecutor.java:1134)
        at java.util.concurrent.ThreadPoolExecutor$Worker.run(ThreadPoolExecutor.java:624)
        at java.lang.Thread.run(Thread.java:750)
"Command processor thread" daemon prio=5 tid=200 timed_waiting
java.lang.Thread.State: TIMED_WAITING
        at java.lang.Thread.sleep(Native Method)
        at org.apache.hadoop.ozone.container.common.statemachine.DatanodeStateMachine.lambda$initCommandHandlerThread$3(DatanodeStateMachine.java:641)
        at org.apache.hadoop.ozone.container.common.statemachine.DatanodeStateMachine$$Lambda$777/1909491340.run(Unknown Source)
        at java.lang.Thread.run(Thread.java:750)
"Datanode State Machine Daemon Thread" daemon prio=5 tid=274 timed_waiting
java.lang.Thread.State: TIMED_WAITING
        at java.lang.Thread.sleep(Native Method)
        at org.apache.hadoop.ozone.container.common.statemachine.DatanodeStateMachine.startStateMachineThread(DatanodeStateMachine.java:321)
        at org.apache.hadoop.ozone.container.common.statemachine.DatanodeStateMachine.lambda$startDaemon$0(DatanodeStateMachine.java:506)
        at org.apache.hadoop.ozone.container.common.statemachine.DatanodeStateMachine$$Lambda$775/1835305867.run(Unknown Source)
        at java.lang.Thread.run(Thread.java:750)
"BlockDeletingService#1" daemon prio=5 tid=371 timed_waiting
java.lang.Thread.State: TIMED_WAITING
        at sun.misc.Unsafe.park(Native Method)
        at java.util.concurrent.locks.LockSupport.parkNanos(LockSupport.java:215)
        at java.util.concurrent.locks.AbstractQueuedSynchronizer$ConditionObject.awaitNanos(AbstractQueuedSynchronizer.java:2078)
        at java.util.concurrent.ScheduledThreadPoolExecutor$DelayedWorkQueue.take(ScheduledThreadPoolExecutor.java:1093)
        at java.util.concurrent.ScheduledThreadPoolExecutor$DelayedWorkQueue.take(ScheduledThreadPoolExecutor.java:809)
        at java.util.concurrent.ThreadPoolExecutor.getTask(ThreadPoolExecutor.java:1074)
        at java.util.concurrent.ThreadPoolExecutor.runWorker(ThreadPoolExecutor.java:1134)
        at java.util.concurrent.ThreadPoolExecutor$Worker.run(ThreadPoolExecutor.java:624)
        at java.lang.Thread.run(Thread.java:750)
"IPC Server handler 14 on default port 39283" daemon prio=5 tid=102 timed_waiting
java.lang.Thread.State: TIMED_WAITING
        at sun.misc.Unsafe.park(Native Method)
        at java.util.concurrent.locks.LockSupport.parkNanos(LockSupport.java:215)
        at java.util.concurrent.locks.AbstractQueuedSynchronizer$ConditionObject.awaitNanos(AbstractQueuedSynchronizer.java:2078)
        at java.util.concurrent.LinkedBlockingQueue.poll(LinkedBlockingQueue.java:467)
        at org.apache.hadoop.ipc.CallQueueManager.take(CallQueueManager.java:317)
        at org.apache.hadoop.ipc.Server$Handler.run(Server.java:2942)
"timer1" daemon prio=5 tid=547 timed_waiting
java.lang.Thread.State: TIMED_WAITING
        at java.lang.Object.wait(Native Method)
        at java.util.TimerThread.mainLoop(Timer.java:552)
        at java.util.TimerThread.run(Timer.java:505)
"org.apache.hadoop.util.JvmPauseMonitor$Monitor@5a008dbe" daemon prio=5 tid=336 timed_waiting
java.lang.Thread.State: TIMED_WAITING
        at java.lang.Thread.sleep(Native Method)
        at org.apache.hadoop.util.JvmPauseMonitor$Monitor.run(JvmPauseMonitor.java:192)
        at java.lang.Thread.run(Thread.java:750)
"976467f4-c66a-4ccc-8167-891a23ca4537@group-73C734729954-StateMachineUpdater" daemon prio=5 tid=433 timed_waiting
java.lang.Thread.State: TIMED_WAITING
        at sun.misc.Unsafe.park(Native Method)
        at java.util.concurrent.locks.LockSupport.parkNanos(LockSupport.java:215)
        at java.util.concurrent.CompletableFuture$Signaller.block(CompletableFuture.java:1709)
        at java.util.concurrent.ForkJoinPool.managedBlock(ForkJoinPool.java:3323)
        at java.util.concurrent.CompletableFuture.timedGet(CompletableFuture.java:1788)
        at java.util.concurrent.CompletableFuture.get(CompletableFuture.java:1928)
        at org.apache.ratis.util.AwaitForSignal.await(AwaitForSignal.java:56)
        at org.apache.ratis.server.impl.StateMachineUpdater.waitForCommit(StateMachineUpdater.java:207)
        at org.apache.ratis.server.impl.StateMachineUpdater.run(StateMachineUpdater.java:176)
        at java.lang.Thread.run(Thread.java:750)
"976467f4-c66a-4ccc-8167-891a23ca4537@group-19DDDCD191CE-LeaderStateImpl" daemon prio=5 tid=504 timed_waiting
java.lang.Thread.State: TIMED_WAITING
        at sun.misc.Unsafe.park(Native Method)
        at java.util.concurrent.locks.LockSupport.parkNanos(LockSupport.java:215)
        at java.util.concurrent.locks.AbstractQueuedSynchronizer$ConditionObject.awaitNanos(AbstractQueuedSynchronizer.java:2078)
        at java.util.concurrent.ArrayBlockingQueue.poll(ArrayBlockingQueue.java:418)
        at org.apache.ratis.server.impl.LeaderStateImpl$EventQueue.poll(LeaderStateImpl.java:159)
        at org.apache.ratis.server.impl.LeaderStateImpl$EventProcessor.run(LeaderStateImpl.java:630)
"ec4ff2c3-aedb-4237-8f96-8aa5e66a28ee@group-73C734729954-StateMachineUpdater" daemon prio=5 tid=423 timed_waiting
java.lang.Thread.State: TIMED_WAITING
        at sun.misc.Unsafe.park(Native Method)
        at java.util.concurrent.locks.LockSupport.parkNanos(LockSupport.java:215)
        at java.util.concurrent.CompletableFuture$Signaller.block(CompletableFuture.java:1709)
        at java.util.concurrent.ForkJoinPool.managedBlock(ForkJoinPool.java:3323)
        at java.util.concurrent.CompletableFuture.timedGet(CompletableFuture.java:1788)
        at java.util.concurrent.CompletableFuture.get(CompletableFuture.java:1928)
        at org.apache.ratis.util.AwaitForSignal.await(AwaitForSignal.java:56)
        at org.apache.ratis.server.impl.StateMachineUpdater.waitForCommit(StateMachineUpdater.java:207)
        at org.apache.ratis.server.impl.StateMachineUpdater.run(StateMachineUpdater.java:176)
        at java.lang.Thread.run(Thread.java:750)
"qtp465118237-191" daemon prio=5 tid=191 timed_waiting
java.lang.Thread.State: TIMED_WAITING
        at sun.misc.Unsafe.park(Native Method)
        at java.util.concurrent.locks.LockSupport.parkNanos(LockSupport.java:215)
        at java.util.concurrent.locks.AbstractQueuedSynchronizer$ConditionObject.awaitNanos(AbstractQueuedSynchronizer.java:2078)
        at org.eclipse.jetty.util.BlockingArrayQueue.poll(BlockingArrayQueue.java:382)
        at org.eclipse.jetty.util.thread.QueuedThreadPool$Runner.idleJobPoll(QueuedThreadPool.java:974)
        at org.eclipse.jetty.util.thread.QueuedThreadPool$Runner.run(QueuedThreadPool.java:1018)
        at java.lang.Thread.run(Thread.java:750)
"ChunkWriter-3-0" daemon prio=5 tid=389 in Object.wait()
java.lang.Thread.State: WAITING (on object monitor)
        at sun.misc.Unsafe.park(Native Method)
        at java.util.concurrent.locks.LockSupport.park(LockSupport.java:175)
        at java.util.concurrent.locks.AbstractQueuedSynchronizer$ConditionObject.await(AbstractQueuedSynchronizer.java:2039)
        at java.util.concurrent.LinkedBlockingDeque.takeFirst(LinkedBlockingDeque.java:492)
        at java.util.concurrent.LinkedBlockingDeque.take(LinkedBlockingDeque.java:680)
        at java.util.concurrent.ThreadPoolExecutor.getTask(ThreadPoolExecutor.java:1074)
        at java.util.concurrent.ThreadPoolExecutor.runWorker(ThreadPoolExecutor.java:1134)
        at java.util.concurrent.ThreadPoolExecutor$Worker.run(ThreadPoolExecutor.java:624)
        at java.lang.Thread.run(Thread.java:750)
"ChunkReader-ELG-0" daemon prio=5 tid=343 runnable
java.lang.Thread.State: RUNNABLE
        at org.apache.ratis.thirdparty.io.netty.channel.epoll.Native.epollWait(Native Method)
        at org.apache.ratis.thirdparty.io.netty.channel.epoll.Native.epollWait(Native.java:209)
        at org.apache.ratis.thirdparty.io.netty.channel.epoll.Native.epollWait(Native.java:202)
        at org.apache.ratis.thirdparty.io.netty.channel.epoll.EpollEventLoop.epollWaitNoTimerChange(EpollEventLoop.java:294)
        at org.apache.ratis.thirdparty.io.netty.channel.epoll.EpollEventLoop.run(EpollEventLoop.java:351)
        at org.apache.ratis.thirdparty.io.netty.util.concurrent.SingleThreadEventExecutor$4.run(SingleThreadEventExecutor.java:995)
        at org.apache.ratis.thirdparty.io.netty.util.internal.ThreadExecutorMap$2.run(ThreadExecutorMap.java:74)
        at java.lang.Thread.run(Thread.java:750)
"qtp1101359833-240-acceptor-0@db2cba9-ServerConnector@6c7114db{HTTP/1.1, (http/1.1)}{0.0.0.0:39177}" daemon prio=3 tid=240 runnable
java.lang.Thread.State: RUNNABLE
        at sun.nio.ch.ServerSocketChannelImpl.accept0(Native Method)
        at sun.nio.ch.ServerSocketChannelImpl.accept(ServerSocketChannelImpl.java:421)
        at sun.nio.ch.ServerSocketChannelImpl.accept(ServerSocketChannelImpl.java:249)
        at org.eclipse.jetty.server.ServerConnector.accept(ServerConnector.java:388)
        at org.eclipse.jetty.server.AbstractConnector$Acceptor.run(AbstractConnector.java:704)
        at org.eclipse.jetty.util.thread.QueuedThreadPool.runJob(QueuedThreadPool.java:883)
        at org.eclipse.jetty.util.thread.QueuedThreadPool$Runner.run(QueuedThreadPool.java:1034)
        at java.lang.Thread.run(Thread.java:750)
"Datanode State Machine Task Thread - 1"  prio=5 tid=360 in Object.wait()
java.lang.Thread.State: WAITING (on object monitor)
        at sun.misc.Unsafe.park(Native Method)
        at java.util.concurrent.locks.LockSupport.park(LockSupport.java:175)
        at java.util.concurrent.locks.AbstractQueuedSynchronizer$ConditionObject.await(AbstractQueuedSynchronizer.java:2039)
        at java.util.concurrent.LinkedBlockingQueue.take(LinkedBlockingQueue.java:442)
        at java.util.concurrent.ThreadPoolExecutor.getTask(ThreadPoolExecutor.java:1074)
        at java.util.concurrent.ThreadPoolExecutor.runWorker(ThreadPoolExecutor.java:1134)
        at java.util.concurrent.ThreadPoolExecutor$Worker.run(ThreadPoolExecutor.java:624)
        at java.lang.Thread.run(Thread.java:750)
"BlockDeletingService#1" daemon prio=5 tid=381 timed_waiting
java.lang.Thread.State: TIMED_WAITING
        at sun.misc.Unsafe.park(Native Method)
        at java.util.concurrent.locks.LockSupport.parkNanos(LockSupport.java:215)
        at java.util.concurrent.locks.AbstractQueuedSynchronizer$ConditionObject.awaitNanos(AbstractQueuedSynchronizer.java:2078)
        at java.util.concurrent.ScheduledThreadPoolExecutor$DelayedWorkQueue.take(ScheduledThreadPoolExecutor.java:1093)
        at java.util.concurrent.ScheduledThreadPoolExecutor$DelayedWorkQueue.take(ScheduledThreadPoolExecutor.java:809)
        at java.util.concurrent.ThreadPoolExecutor.getTask(ThreadPoolExecutor.java:1074)
        at java.util.concurrent.ThreadPoolExecutor.runWorker(ThreadPoolExecutor.java:1134)
        at java.util.concurrent.ThreadPoolExecutor$Worker.run(ThreadPoolExecutor.java:624)
        at java.lang.Thread.run(Thread.java:750)
"BlockDeletingService#0" daemon prio=5 tid=368 in Object.wait()
java.lang.Thread.State: WAITING (on object monitor)
        at sun.misc.Unsafe.park(Native Method)
        at java.util.concurrent.locks.LockSupport.park(LockSupport.java:175)
        at java.util.concurrent.locks.AbstractQueuedSynchronizer$ConditionObject.await(AbstractQueuedSynchronizer.java:2039)
        at java.util.concurrent.ScheduledThreadPoolExecutor$DelayedWorkQueue.take(ScheduledThreadPoolExecutor.java:1088)
        at java.util.concurrent.ScheduledThreadPoolExecutor$DelayedWorkQueue.take(ScheduledThreadPoolExecutor.java:809)
        at java.util.concurrent.ThreadPoolExecutor.getTask(ThreadPoolExecutor.java:1074)
        at java.util.concurrent.ThreadPoolExecutor.runWorker(ThreadPoolExecutor.java:1134)
        at java.util.concurrent.ThreadPoolExecutor$Worker.run(ThreadPoolExecutor.java:624)
        at java.lang.Thread.run(Thread.java:750)
"qtp2135932857-219" daemon prio=5 tid=219 timed_waiting
java.lang.Thread.State: TIMED_WAITING
        at sun.misc.Unsafe.park(Native Method)
        at java.util.concurrent.locks.LockSupport.parkNanos(LockSupport.java:215)
        at java.util.concurrent.locks.AbstractQueuedSynchronizer$ConditionObject.awaitNanos(AbstractQueuedSynchronizer.java:2078)
        at org.eclipse.jetty.util.BlockingArrayQueue.poll(BlockingArrayQueue.java:382)
        at org.eclipse.jetty.util.thread.QueuedThreadPool$Runner.idleJobPoll(QueuedThreadPool.java:974)
        at org.eclipse.jetty.util.thread.QueuedThreadPool$Runner.run(QueuedThreadPool.java:1018)
        at java.lang.Thread.run(Thread.java:750)
"qtp888889899-268" daemon prio=5 tid=268 timed_waiting
java.lang.Thread.State: TIMED_WAITING
        at sun.misc.Unsafe.park(Native Method)
        at java.util.concurrent.locks.LockSupport.parkNanos(LockSupport.java:215)
        at java.util.concurrent.locks.AbstractQueuedSynchronizer$ConditionObject.awaitNanos(AbstractQueuedSynchronizer.java:2078)
        at org.eclipse.jetty.util.BlockingArrayQueue.poll(BlockingArrayQueue.java:382)
        at org.eclipse.jetty.util.thread.QueuedThreadPool$Runner.idleJobPoll(QueuedThreadPool.java:974)
        at org.eclipse.jetty.util.thread.QueuedThreadPool$Runner.run(QueuedThreadPool.java:1018)
        at java.lang.Thread.run(Thread.java:750)
"FixedThreadPoolWithAffinityExecutor-6-0" daemon prio=5 tid=42 timed_waiting
java.lang.Thread.State: TIMED_WAITING
        at sun.misc.Unsafe.park(Native Method)
        at java.util.concurrent.locks.LockSupport.parkNanos(LockSupport.java:215)
        at java.util.concurrent.locks.AbstractQueuedSynchronizer$ConditionObject.awaitNanos(AbstractQueuedSynchronizer.java:2078)
        at java.util.concurrent.LinkedBlockingQueue.poll(LinkedBlockingQueue.java:467)
        at org.apache.hadoop.hdds.scm.server.ContainerReportQueue.poll(ContainerReportQueue.java:266)
        at org.apache.hadoop.hdds.scm.server.ContainerReportQueue.poll(ContainerReportQueue.java:42)
        at org.apache.hadoop.hdds.server.events.FixedThreadPoolWithAffinityExecutor$ContainerReportProcessTask.run(FixedThreadPoolWithAffinityExecutor.java:218)
        at java.util.concurrent.Executors$RunnableAdapter.call(Executors.java:511)
        at java.util.concurrent.FutureTask.run(FutureTask.java:266)
        at java.util.concurrent.ThreadPoolExecutor.runWorker(ThreadPoolExecutor.java:1149)
        at java.util.concurrent.ThreadPoolExecutor$Worker.run(ThreadPoolExecutor.java:624)
        at java.lang.Thread.run(Thread.java:750)
"Datanode State Machine Task Thread - 1"  prio=5 tid=372 in Object.wait()
java.lang.Thread.State: WAITING (on object monitor)
        at sun.misc.Unsafe.park(Native Method)
        at java.util.concurrent.locks.LockSupport.park(LockSupport.java:175)
        at java.util.concurrent.locks.AbstractQueuedSynchronizer$ConditionObject.await(AbstractQueuedSynchronizer.java:2039)
        at java.util.concurrent.LinkedBlockingQueue.take(LinkedBlockingQueue.java:442)
        at java.util.concurrent.ThreadPoolExecutor.getTask(ThreadPoolExecutor.java:1074)
        at java.util.concurrent.ThreadPoolExecutor.runWorker(ThreadPoolExecutor.java:1134)
        at java.util.concurrent.ThreadPoolExecutor$Worker.run(ThreadPoolExecutor.java:624)
        at java.lang.Thread.run(Thread.java:750)
"pool-95-thread-1"  prio=5 tid=427 in Object.wait()
java.lang.Thread.State: WAITING (on object monitor)
        at sun.misc.Unsafe.park(Native Method)
        at java.util.concurrent.locks.LockSupport.park(LockSupport.java:175)
        at java.util.concurrent.locks.AbstractQueuedSynchronizer$ConditionObject.await(AbstractQueuedSynchronizer.java:2039)
        at java.util.concurrent.LinkedBlockingQueue.take(LinkedBlockingQueue.java:442)
        at java.util.concurrent.ThreadPoolExecutor.getTask(ThreadPoolExecutor.java:1074)
        at java.util.concurrent.ThreadPoolExecutor.runWorker(ThreadPoolExecutor.java:1134)
        at java.util.concurrent.ThreadPoolExecutor$Worker.run(ThreadPoolExecutor.java:624)
        at java.lang.Thread.run(Thread.java:750)
"ChunkWriter-2-0" daemon prio=5 tid=352 in Object.wait()
java.lang.Thread.State: WAITING (on object monitor)
        at sun.misc.Unsafe.park(Native Method)
        at java.util.concurrent.locks.LockSupport.park(LockSupport.java:175)
        at java.util.concurrent.locks.AbstractQueuedSynchronizer$ConditionObject.await(AbstractQueuedSynchronizer.java:2039)
        at java.util.concurrent.LinkedBlockingDeque.takeFirst(LinkedBlockingDeque.java:492)
        at java.util.concurrent.LinkedBlockingDeque.take(LinkedBlockingDeque.java:680)
        at java.util.concurrent.ThreadPoolExecutor.getTask(ThreadPoolExecutor.java:1074)
        at java.util.concurrent.ThreadPoolExecutor.runWorker(ThreadPoolExecutor.java:1134)
        at java.util.concurrent.ThreadPoolExecutor$Worker.run(ThreadPoolExecutor.java:624)
        at java.lang.Thread.run(Thread.java:750)
"grpc-default-executor-5" daemon prio=5 tid=586 timed_waiting
java.lang.Thread.State: TIMED_WAITING
        at sun.misc.Unsafe.park(Native Method)
        at java.util.concurrent.locks.LockSupport.parkNanos(LockSupport.java:215)
        at java.util.concurrent.SynchronousQueue$TransferStack.awaitFulfill(SynchronousQueue.java:460)
        at java.util.concurrent.SynchronousQueue$TransferStack.transfer(SynchronousQueue.java:362)
        at java.util.concurrent.SynchronousQueue.poll(SynchronousQueue.java:941)
        at java.util.concurrent.ThreadPoolExecutor.getTask(ThreadPoolExecutor.java:1073)
        at java.util.concurrent.ThreadPoolExecutor.runWorker(ThreadPoolExecutor.java:1134)
        at java.util.concurrent.ThreadPoolExecutor$Worker.run(ThreadPoolExecutor.java:624)
        at java.lang.Thread.run(Thread.java:750)
"IPC Server handler 19 on default port 41227" daemon prio=5 tid=67 timed_waiting
java.lang.Thread.State: TIMED_WAITING
        at sun.misc.Unsafe.park(Native Method)
        at java.util.concurrent.locks.LockSupport.parkNanos(LockSupport.java:215)
        at java.util.concurrent.locks.AbstractQueuedSynchronizer$ConditionObject.awaitNanos(AbstractQueuedSynchronizer.java:2078)
        at java.util.concurrent.LinkedBlockingQueue.poll(LinkedBlockingQueue.java:467)
        at org.apache.hadoop.ipc.CallQueueManager.take(CallQueueManager.java:317)
        at org.apache.hadoop.ipc.Server$Handler.run(Server.java:2942)
"IPC Server handler 16 on default port 45385" daemon prio=5 tid=84 timed_waiting
java.lang.Thread.State: TIMED_WAITING
        at sun.misc.Unsafe.park(Native Method)
        at java.util.concurrent.locks.LockSupport.parkNanos(LockSupport.java:215)
        at java.util.concurrent.locks.AbstractQueuedSynchronizer$ConditionObject.awaitNanos(AbstractQueuedSynchronizer.java:2078)
        at java.util.concurrent.LinkedBlockingQueue.poll(LinkedBlockingQueue.java:467)
        at org.apache.hadoop.ipc.CallQueueManager.take(CallQueueManager.java:317)
        at org.apache.hadoop.ipc.Server$Handler.run(Server.java:2942)
"qtp269339862-292-acceptor-0@5095e744-ServerConnector@26ec9871{HTTP/1.1, (http/1.1)}{0.0.0.0:33791}" daemon prio=3 tid=292 runnable
java.lang.Thread.State: RUNNABLE
        at sun.nio.ch.ServerSocketChannelImpl.accept0(Native Method)
        at sun.nio.ch.ServerSocketChannelImpl.accept(ServerSocketChannelImpl.java:421)
        at sun.nio.ch.ServerSocketChannelImpl.accept(ServerSocketChannelImpl.java:249)
        at org.eclipse.jetty.server.ServerConnector.accept(ServerConnector.java:388)
        at org.eclipse.jetty.server.AbstractConnector$Acceptor.run(AbstractConnector.java:704)
        at org.eclipse.jetty.util.thread.QueuedThreadPool.runJob(QueuedThreadPool.java:883)
        at org.eclipse.jetty.util.thread.QueuedThreadPool$Runner.run(QueuedThreadPool.java:1034)
        at java.lang.Thread.run(Thread.java:750)
"pool-118-thread-1"  prio=5 tid=437 in Object.wait()
java.lang.Thread.State: WAITING (on object monitor)
        at sun.misc.Unsafe.park(Native Method)
        at java.util.concurrent.locks.LockSupport.park(LockSupport.java:175)
        at java.util.concurrent.locks.AbstractQueuedSynchronizer$ConditionObject.await(AbstractQueuedSynchronizer.java:2039)
        at java.util.concurrent.LinkedBlockingQueue.take(LinkedBlockingQueue.java:442)
        at java.util.concurrent.ThreadPoolExecutor.getTask(ThreadPoolExecutor.java:1074)
        at java.util.concurrent.ThreadPoolExecutor.runWorker(ThreadPoolExecutor.java:1134)
        at java.util.concurrent.ThreadPoolExecutor$Worker.run(ThreadPoolExecutor.java:624)
        at java.lang.Thread.run(Thread.java:750)
"ChunkWriter-2-0" daemon prio=5 tid=340 in Object.wait()
java.lang.Thread.State: WAITING (on object monitor)
        at sun.misc.Unsafe.park(Native Method)
        at java.util.concurrent.locks.LockSupport.park(LockSupport.java:175)
        at java.util.concurrent.locks.AbstractQueuedSynchronizer$ConditionObject.await(AbstractQueuedSynchronizer.java:2039)
        at java.util.concurrent.LinkedBlockingDeque.takeFirst(LinkedBlockingDeque.java:492)
        at java.util.concurrent.LinkedBlockingDeque.take(LinkedBlockingDeque.java:680)
        at java.util.concurrent.ThreadPoolExecutor.getTask(ThreadPoolExecutor.java:1074)
        at java.util.concurrent.ThreadPoolExecutor.runWorker(ThreadPoolExecutor.java:1134)
        at java.util.concurrent.ThreadPoolExecutor$Worker.run(ThreadPoolExecutor.java:624)
        at java.lang.Thread.run(Thread.java:750)
"Datanode ReportManager Thread - 3" daemon prio=5 tid=278 in Object.wait()
java.lang.Thread.State: WAITING (on object monitor)
        at sun.misc.Unsafe.park(Native Method)
        at java.util.concurrent.locks.LockSupport.park(LockSupport.java:175)
        at java.util.concurrent.locks.AbstractQueuedSynchronizer$ConditionObject.await(AbstractQueuedSynchronizer.java:2039)
        at java.util.concurrent.ScheduledThreadPoolExecutor$DelayedWorkQueue.take(ScheduledThreadPoolExecutor.java:1088)
        at java.util.concurrent.ScheduledThreadPoolExecutor$DelayedWorkQueue.take(ScheduledThreadPoolExecutor.java:809)
        at java.util.concurrent.ThreadPoolExecutor.getTask(ThreadPoolExecutor.java:1074)
        at java.util.concurrent.ThreadPoolExecutor.runWorker(ThreadPoolExecutor.java:1134)
        at java.util.concurrent.ThreadPoolExecutor$Worker.run(ThreadPoolExecutor.java:624)
        at java.lang.Thread.run(Thread.java:750)
"SCM Heartbeat Processing Thread - 0" daemon prio=5 tid=15 timed_waiting
java.lang.Thread.State: TIMED_WAITING
        at sun.misc.Unsafe.park(Native Method)
        at java.util.concurrent.locks.LockSupport.parkNanos(LockSupport.java:215)
        at java.util.concurrent.locks.AbstractQueuedSynchronizer$ConditionObject.awaitNanos(AbstractQueuedSynchronizer.java:2078)
        at java.util.concurrent.ScheduledThreadPoolExecutor$DelayedWorkQueue.take(ScheduledThreadPoolExecutor.java:1093)
        at java.util.concurrent.ScheduledThreadPoolExecutor$DelayedWorkQueue.take(ScheduledThreadPoolExecutor.java:809)
        at java.util.concurrent.ThreadPoolExecutor.getTask(ThreadPoolExecutor.java:1074)
        at java.util.concurrent.ThreadPoolExecutor.runWorker(ThreadPoolExecutor.java:1134)
        at java.util.concurrent.ThreadPoolExecutor$Worker.run(ThreadPoolExecutor.java:624)
        at java.lang.Thread.run(Thread.java:750)
"IPC Server handler 8 on default port 39283" daemon prio=5 tid=96 timed_waiting
java.lang.Thread.State: TIMED_WAITING
        at sun.misc.Unsafe.park(Native Method)
        at java.util.concurrent.locks.LockSupport.parkNanos(LockSupport.java:215)
        at java.util.concurrent.locks.AbstractQueuedSynchronizer$ConditionObject.awaitNanos(AbstractQueuedSynchronizer.java:2078)
        at java.util.concurrent.LinkedBlockingQueue.poll(LinkedBlockingQueue.java:467)
        at org.apache.hadoop.ipc.CallQueueManager.take(CallQueueManager.java:317)
        at org.apache.hadoop.ipc.Server$Handler.run(Server.java:2942)
"grpc-default-worker-ELG-3-2" daemon prio=5 tid=426 runnable
java.lang.Thread.State: RUNNABLE
        at org.apache.ratis.thirdparty.io.netty.channel.epoll.Native.epollWait0(Native Method)
        at org.apache.ratis.thirdparty.io.netty.channel.epoll.Native.epollWait(Native.java:182)
        at org.apache.ratis.thirdparty.io.netty.channel.epoll.EpollEventLoop.epollWait(EpollEventLoop.java:290)
        at org.apache.ratis.thirdparty.io.netty.channel.epoll.EpollEventLoop.run(EpollEventLoop.java:354)
        at org.apache.ratis.thirdparty.io.netty.util.concurrent.SingleThreadEventExecutor$4.run(SingleThreadEventExecutor.java:995)
        at org.apache.ratis.thirdparty.io.netty.util.internal.ThreadExecutorMap$2.run(ThreadExecutorMap.java:74)
        at org.apache.ratis.thirdparty.io.netty.util.concurrent.FastThreadLocalRunnable.run(FastThreadLocalRunnable.java:30)
        at java.lang.Thread.run(Thread.java:750)
"IPC Server handler 5 on default port 41227" daemon prio=5 tid=53 timed_waiting
java.lang.Thread.State: TIMED_WAITING
        at sun.misc.Unsafe.park(Native Method)
        at java.util.concurrent.locks.LockSupport.parkNanos(LockSupport.java:215)
        at java.util.concurrent.locks.AbstractQueuedSynchronizer$ConditionObject.awaitNanos(AbstractQueuedSynchronizer.java:2078)
        at java.util.concurrent.LinkedBlockingQueue.poll(LinkedBlockingQueue.java:467)
        at org.apache.hadoop.ipc.CallQueueManager.take(CallQueueManager.java:317)
        at org.apache.hadoop.ipc.Server$Handler.run(Server.java:2942)
"EndpointStateMachine task thread for /0.0.0.0:39283 - 0 "  prio=5 tid=385 in Object.wait()
java.lang.Thread.State: WAITING (on object monitor)
        at sun.misc.Unsafe.park(Native Method)
        at java.util.concurrent.locks.LockSupport.park(LockSupport.java:175)
        at java.util.concurrent.locks.AbstractQueuedSynchronizer$ConditionObject.await(AbstractQueuedSynchronizer.java:2039)
        at java.util.concurrent.LinkedBlockingQueue.take(LinkedBlockingQueue.java:442)
        at java.util.concurrent.ThreadPoolExecutor.getTask(ThreadPoolExecutor.java:1074)
        at java.util.concurrent.ThreadPoolExecutor.runWorker(ThreadPoolExecutor.java:1134)
        at java.util.concurrent.ThreadPoolExecutor$Worker.run(ThreadPoolExecutor.java:624)
        at java.lang.Thread.run(Thread.java:750)
"IPC Server handler 9 on default port 41227" daemon prio=5 tid=57 timed_waiting
java.lang.Thread.State: TIMED_WAITING
        at sun.misc.Unsafe.park(Native Method)
        at java.util.concurrent.locks.LockSupport.parkNanos(LockSupport.java:215)
        at java.util.concurrent.locks.AbstractQueuedSynchronizer$ConditionObject.awaitNanos(AbstractQueuedSynchronizer.java:2078)
        at java.util.concurrent.LinkedBlockingQueue.poll(LinkedBlockingQueue.java:467)
        at org.apache.hadoop.ipc.CallQueueManager.take(CallQueueManager.java:317)
        at org.apache.hadoop.ipc.Server$Handler.run(Server.java:2942)
"grpc-default-boss-ELG-1-1" daemon prio=5 tid=139 runnable
java.lang.Thread.State: RUNNABLE
        at org.apache.ratis.thirdparty.io.netty.channel.epoll.Native.epollWait(Native Method)
        at org.apache.ratis.thirdparty.io.netty.channel.epoll.Native.epollWait(Native.java:209)
        at org.apache.ratis.thirdparty.io.netty.channel.epoll.Native.epollWait(Native.java:202)
        at org.apache.ratis.thirdparty.io.netty.channel.epoll.EpollEventLoop.epollWaitNoTimerChange(EpollEventLoop.java:294)
        at org.apache.ratis.thirdparty.io.netty.channel.epoll.EpollEventLoop.run(EpollEventLoop.java:351)
        at org.apache.ratis.thirdparty.io.netty.util.concurrent.SingleThreadEventExecutor$4.run(SingleThreadEventExecutor.java:995)
        at org.apache.ratis.thirdparty.io.netty.util.internal.ThreadExecutorMap$2.run(ThreadExecutorMap.java:74)
        at org.apache.ratis.thirdparty.io.netty.util.concurrent.FastThreadLocalRunnable.run(FastThreadLocalRunnable.java:30)
        at java.lang.Thread.run(Thread.java:750)
"IPC Server handler 7 on default port 41227" daemon prio=5 tid=55 timed_waiting
java.lang.Thread.State: TIMED_WAITING
        at sun.misc.Unsafe.park(Native Method)
        at java.util.concurrent.locks.LockSupport.parkNanos(LockSupport.java:215)
        at java.util.concurrent.locks.AbstractQueuedSynchronizer$ConditionObject.awaitNanos(AbstractQueuedSynchronizer.java:2078)
        at java.util.concurrent.LinkedBlockingQueue.poll(LinkedBlockingQueue.java:467)
        at org.apache.hadoop.ipc.CallQueueManager.take(CallQueueManager.java:317)
        at org.apache.hadoop.ipc.Server$Handler.run(Server.java:2942)
"qtp1101359833-245" daemon prio=5 tid=245 timed_waiting
java.lang.Thread.State: TIMED_WAITING
        at sun.misc.Unsafe.park(Native Method)
        at java.util.concurrent.locks.LockSupport.parkNanos(LockSupport.java:215)
        at java.util.concurrent.locks.AbstractQueuedSynchronizer$ConditionObject.awaitNanos(AbstractQueuedSynchronizer.java:2078)
        at org.eclipse.jetty.util.BlockingArrayQueue.poll(BlockingArrayQueue.java:382)
        at org.eclipse.jetty.util.thread.QueuedThreadPool$Runner.idleJobPoll(QueuedThreadPool.java:974)
        at org.eclipse.jetty.util.thread.QueuedThreadPool$Runner.run(QueuedThreadPool.java:1018)
        at java.lang.Thread.run(Thread.java:750)
"Over Replicated Processor" daemon prio=5 tid=21 timed_waiting
java.lang.Thread.State: TIMED_WAITING
        at java.lang.Object.wait(Native Method)
        at org.apache.hadoop.hdds.scm.container.replication.OverReplicatedProcessor.run(OverReplicatedProcessor.java:131)
        at java.lang.Thread.run(Thread.java:750)
"ec4ff2c3-aedb-4237-8f96-8aa5e66a28ee@group-6D953D836BDB-StateMachineUpdater" daemon prio=5 tid=419 timed_waiting
java.lang.Thread.State: TIMED_WAITING
        at sun.misc.Unsafe.park(Native Method)
        at java.util.concurrent.locks.LockSupport.parkNanos(LockSupport.java:215)
        at java.util.concurrent.CompletableFuture$Signaller.block(CompletableFuture.java:1709)
        at java.util.concurrent.ForkJoinPool.managedBlock(ForkJoinPool.java:3323)
        at java.util.concurrent.CompletableFuture.timedGet(CompletableFuture.java:1788)
        at java.util.concurrent.CompletableFuture.get(CompletableFuture.java:1928)
        at org.apache.ratis.util.AwaitForSignal.await(AwaitForSignal.java:56)
        at org.apache.ratis.server.impl.StateMachineUpdater.waitForCommit(StateMachineUpdater.java:207)
        at org.apache.ratis.server.impl.StateMachineUpdater.run(StateMachineUpdater.java:176)
        at java.lang.Thread.run(Thread.java:750)
"StaleRecoveringContainerScrubbingService#0" daemon prio=5 tid=393 in Object.wait()
java.lang.Thread.State: WAITING (on object monitor)
        at sun.misc.Unsafe.park(Native Method)
        at java.util.concurrent.locks.LockSupport.park(LockSupport.java:175)
        at java.util.concurrent.locks.AbstractQueuedSynchronizer$ConditionObject.await(AbstractQueuedSynchronizer.java:2039)
        at java.util.concurrent.ScheduledThreadPoolExecutor$DelayedWorkQueue.take(ScheduledThreadPoolExecutor.java:1088)
        at java.util.concurrent.ScheduledThreadPoolExecutor$DelayedWorkQueue.take(ScheduledThreadPoolExecutor.java:809)
        at java.util.concurrent.ThreadPoolExecutor.getTask(ThreadPoolExecutor.java:1074)
        at java.util.concurrent.ThreadPoolExecutor.runWorker(ThreadPoolExecutor.java:1134)
        at java.util.concurrent.ThreadPoolExecutor$Worker.run(ThreadPoolExecutor.java:624)
        at java.lang.Thread.run(Thread.java:750)
"JvmPauseMonitor2" daemon prio=5 tid=354 timed_waiting
java.lang.Thread.State: TIMED_WAITING
        at java.lang.Thread.sleep(Native Method)
        at java.lang.Thread.sleep(Thread.java:342)
        at java.util.concurrent.TimeUnit.sleep(TimeUnit.java:386)
        at org.apache.ratis.util.TimeDuration.sleep(TimeDuration.java:325)
        at org.apache.ratis.util.TimeDuration.sleep(TimeDuration.java:310)
        at org.apache.ratis.util.JvmPauseMonitor.detectPause(JvmPauseMonitor.java:119)
        at org.apache.ratis.util.JvmPauseMonitor.run(JvmPauseMonitor.java:108)
        at org.apache.ratis.util.JvmPauseMonitor$$Lambda$730/418902856.run(Unknown Source)
        at java.lang.Thread.run(Thread.java:750)
"ChunkWriter-1-0" daemon prio=5 tid=339 in Object.wait()
java.lang.Thread.State: WAITING (on object monitor)
        at sun.misc.Unsafe.park(Native Method)
        at java.util.concurrent.locks.LockSupport.park(LockSupport.java:175)
        at java.util.concurrent.locks.AbstractQueuedSynchronizer$ConditionObject.await(AbstractQueuedSynchronizer.java:2039)
        at java.util.concurrent.LinkedBlockingDeque.takeFirst(LinkedBlockingDeque.java:492)
        at java.util.concurrent.LinkedBlockingDeque.take(LinkedBlockingDeque.java:680)
        at java.util.concurrent.ThreadPoolExecutor.getTask(ThreadPoolExecutor.java:1074)
        at java.util.concurrent.ThreadPoolExecutor.runWorker(ThreadPoolExecutor.java:1134)
        at java.util.concurrent.ThreadPoolExecutor$Worker.run(ThreadPoolExecutor.java:624)
        at java.lang.Thread.run(Thread.java:750)
"31d5b2a7-dd00-41c8-9482-fa5c506864d0@group-73C734729954-FollowerState" daemon prio=5 tid=603 timed_waiting
java.lang.Thread.State: TIMED_WAITING
        at java.lang.Thread.sleep(Native Method)
        at java.lang.Thread.sleep(Thread.java:342)
        at java.util.concurrent.TimeUnit.sleep(TimeUnit.java:386)
        at org.apache.ratis.util.TimeDuration.sleep(TimeDuration.java:325)
        at org.apache.ratis.util.TimeDuration.sleep(TimeDuration.java:310)
        at org.apache.ratis.server.impl.FollowerState.run(FollowerState.java:128)
"CommandWatcher-LeaseManager#LeaseMonitor" daemon prio=5 tid=47 timed_waiting
java.lang.Thread.State: TIMED_WAITING
        at java.lang.Object.wait(Native Method)
        at org.apache.hadoop.ozone.lease.LeaseManager$LeaseMonitor.run(LeaseManager.java:238)
        at java.lang.Thread.run(Thread.java:750)
"IPC Server handler 3 on default port 41227" daemon prio=5 tid=51 timed_waiting
java.lang.Thread.State: TIMED_WAITING
        at sun.misc.Unsafe.park(Native Method)
        at java.util.concurrent.locks.LockSupport.parkNanos(LockSupport.java:215)
        at java.util.concurrent.locks.AbstractQueuedSynchronizer$ConditionObject.awaitNanos(AbstractQueuedSynchronizer.java:2078)
        at java.util.concurrent.LinkedBlockingQueue.poll(LinkedBlockingQueue.java:467)
        at org.apache.hadoop.ipc.CallQueueManager.take(CallQueueManager.java:317)
        at org.apache.hadoop.ipc.Server$Handler.run(Server.java:2942)
"ChunkReader-ELG-0" daemon prio=5 tid=391 runnable
java.lang.Thread.State: RUNNABLE
        at org.apache.ratis.thirdparty.io.netty.channel.epoll.Native.epollWait(Native Method)
        at org.apache.ratis.thirdparty.io.netty.channel.epoll.Native.epollWait(Native.java:209)
        at org.apache.ratis.thirdparty.io.netty.channel.epoll.Native.epollWait(Native.java:202)
        at org.apache.ratis.thirdparty.io.netty.channel.epoll.EpollEventLoop.epollWaitNoTimerChange(EpollEventLoop.java:294)
        at org.apache.ratis.thirdparty.io.netty.channel.epoll.EpollEventLoop.run(EpollEventLoop.java:351)
        at org.apache.ratis.thirdparty.io.netty.util.concurrent.SingleThreadEventExecutor$4.run(SingleThreadEventExecutor.java:995)
        at org.apache.ratis.thirdparty.io.netty.util.internal.ThreadExecutorMap$2.run(ThreadExecutorMap.java:74)
        at java.lang.Thread.run(Thread.java:750)
"Datanode ReportManager Thread - 2" daemon prio=5 tid=303 in Object.wait()
java.lang.Thread.State: WAITING (on object monitor)
        at sun.misc.Unsafe.park(Native Method)
        at java.util.concurrent.locks.LockSupport.park(LockSupport.java:175)
        at java.util.concurrent.locks.AbstractQueuedSynchronizer$ConditionObject.await(AbstractQueuedSynchronizer.java:2039)
        at java.util.concurrent.ScheduledThreadPoolExecutor$DelayedWorkQueue.take(ScheduledThreadPoolExecutor.java:1088)
        at java.util.concurrent.ScheduledThreadPoolExecutor$DelayedWorkQueue.take(ScheduledThreadPoolExecutor.java:809)
        at java.util.concurrent.ThreadPoolExecutor.getTask(ThreadPoolExecutor.java:1074)
        at java.util.concurrent.ThreadPoolExecutor.runWorker(ThreadPoolExecutor.java:1134)
        at java.util.concurrent.ThreadPoolExecutor$Worker.run(ThreadPoolExecutor.java:624)
        at java.lang.Thread.run(Thread.java:750)
"Datanode ReportManager Thread - 1" daemon prio=5 tid=302 in Object.wait()
java.lang.Thread.State: WAITING (on object monitor)
        at sun.misc.Unsafe.park(Native Method)
        at java.util.concurrent.locks.LockSupport.park(LockSupport.java:175)
        at java.util.concurrent.locks.AbstractQueuedSynchronizer$ConditionObject.await(AbstractQueuedSynchronizer.java:2039)
        at java.util.concurrent.ScheduledThreadPoolExecutor$DelayedWorkQueue.take(ScheduledThreadPoolExecutor.java:1088)
        at java.util.concurrent.ScheduledThreadPoolExecutor$DelayedWorkQueue.take(ScheduledThreadPoolExecutor.java:809)
        at java.util.concurrent.ThreadPoolExecutor.getTask(ThreadPoolExecutor.java:1074)
        at java.util.concurrent.ThreadPoolExecutor.runWorker(ThreadPoolExecutor.java:1134)
        at java.util.concurrent.ThreadPoolExecutor$Worker.run(ThreadPoolExecutor.java:624)
        at java.lang.Thread.run(Thread.java:750)
"ec4ff2c3-aedb-4237-8f96-8aa5e66a28ee@group-73C734729954-SegmentedRaftLogWorker"  prio=5 tid=421 timed_waiting
java.lang.Thread.State: TIMED_WAITING
        at sun.misc.Unsafe.park(Native Method)
        at java.util.concurrent.locks.LockSupport.parkNanos(LockSupport.java:215)
        at java.util.concurrent.locks.AbstractQueuedSynchronizer$ConditionObject.awaitNanos(AbstractQueuedSynchronizer.java:2078)
        at org.apache.ratis.util.DataBlockingQueue.poll(DataBlockingQueue.java:148)
        at org.apache.ratis.server.raftlog.segmented.SegmentedRaftLogWorker.run(SegmentedRaftLogWorker.java:310)
        at org.apache.ratis.server.raftlog.segmented.SegmentedRaftLogWorker$$Lambda$689/643581441.run(Unknown Source)
        at java.lang.Thread.run(Thread.java:750)
"ChunkWriter-1-0" daemon prio=5 tid=405 in Object.wait()
java.lang.Thread.State: WAITING (on object monitor)
        at sun.misc.Unsafe.park(Native Method)
        at java.util.concurrent.locks.LockSupport.park(LockSupport.java:175)
        at java.util.concurrent.locks.AbstractQueuedSynchronizer$ConditionObject.await(AbstractQueuedSynchronizer.java:2039)
        at java.util.concurrent.LinkedBlockingDeque.takeFirst(LinkedBlockingDeque.java:492)
        at java.util.concurrent.LinkedBlockingDeque.take(LinkedBlockingDeque.java:680)
        at java.util.concurrent.ThreadPoolExecutor.getTask(ThreadPoolExecutor.java:1074)
        at java.util.concurrent.ThreadPoolExecutor.runWorker(ThreadPoolExecutor.java:1134)
        at java.util.concurrent.ThreadPoolExecutor$Worker.run(ThreadPoolExecutor.java:624)
        at java.lang.Thread.run(Thread.java:750)
"qtp83454586-318-acceptor-0@3dc971c2-ServerConnector@72558d04{HTTP/1.1, (http/1.1)}{0.0.0.0:45315}" daemon prio=3 tid=318 runnable
java.lang.Thread.State: RUNNABLE
        at sun.nio.ch.ServerSocketChannelImpl.accept0(Native Method)
        at sun.nio.ch.ServerSocketChannelImpl.accept(ServerSocketChannelImpl.java:421)
        at sun.nio.ch.ServerSocketChannelImpl.accept(ServerSocketChannelImpl.java:249)
        at org.eclipse.jetty.server.ServerConnector.accept(ServerConnector.java:388)
        at org.eclipse.jetty.server.AbstractConnector$Acceptor.run(AbstractConnector.java:704)
        at org.eclipse.jetty.util.thread.QueuedThreadPool.runJob(QueuedThreadPool.java:883)
        at org.eclipse.jetty.util.thread.QueuedThreadPool$Runner.run(QueuedThreadPool.java:1034)
        at java.lang.Thread.run(Thread.java:750)
"Datanode State Machine Task Thread - 1"  prio=5 tid=348 in Object.wait()
java.lang.Thread.State: WAITING (on object monitor)
        at sun.misc.Unsafe.park(Native Method)
        at java.util.concurrent.locks.LockSupport.park(LockSupport.java:175)
        at java.util.concurrent.locks.AbstractQueuedSynchronizer$ConditionObject.await(AbstractQueuedSynchronizer.java:2039)
        at java.util.concurrent.LinkedBlockingQueue.take(LinkedBlockingQueue.java:442)
        at java.util.concurrent.ThreadPoolExecutor.getTask(ThreadPoolExecutor.java:1074)
        at java.util.concurrent.ThreadPoolExecutor.runWorker(ThreadPoolExecutor.java:1134)
        at java.util.concurrent.ThreadPoolExecutor$Worker.run(ThreadPoolExecutor.java:624)
        at java.lang.Thread.run(Thread.java:750)
"ec4ff2c3-aedb-4237-8f96-8aa5e66a28ee-server-thread3" daemon prio=5 tid=612 timed_waiting
java.lang.Thread.State: TIMED_WAITING
        at sun.misc.Unsafe.park(Native Method)
        at java.util.concurrent.locks.LockSupport.parkNanos(LockSupport.java:215)
        at java.util.concurrent.SynchronousQueue$TransferStack.awaitFulfill(SynchronousQueue.java:460)
        at java.util.concurrent.SynchronousQueue$TransferStack.transfer(SynchronousQueue.java:362)
        at java.util.concurrent.SynchronousQueue.poll(SynchronousQueue.java:941)
        at java.util.concurrent.ThreadPoolExecutor.getTask(ThreadPoolExecutor.java:1073)
        at java.util.concurrent.ThreadPoolExecutor.runWorker(ThreadPoolExecutor.java:1134)
        at java.util.concurrent.ThreadPoolExecutor$Worker.run(ThreadPoolExecutor.java:624)
        at java.lang.Thread.run(Thread.java:750)
"qtp83454586-321" daemon prio=5 tid=321 timed_waiting
java.lang.Thread.State: TIMED_WAITING
        at sun.misc.Unsafe.park(Native Method)
        at java.util.concurrent.locks.LockSupport.parkNanos(LockSupport.java:215)
        at java.util.concurrent.locks.AbstractQueuedSynchronizer$ConditionObject.awaitNanos(AbstractQueuedSynchronizer.java:2078)
        at org.eclipse.jetty.util.BlockingArrayQueue.poll(BlockingArrayQueue.java:382)
        at org.eclipse.jetty.util.thread.QueuedThreadPool$Runner.idleJobPoll(QueuedThreadPool.java:974)
        at org.eclipse.jetty.util.thread.QueuedThreadPool$Runner.run(QueuedThreadPool.java:1018)
        at java.lang.Thread.run(Thread.java:750)
"qtp2135932857-214-acceptor-0@672bbed9-ServerConnector@44082844{HTTP/1.1, (http/1.1)}{0.0.0.0:37223}" daemon prio=3 tid=214 runnable
java.lang.Thread.State: RUNNABLE
        at sun.nio.ch.ServerSocketChannelImpl.accept0(Native Method)
        at sun.nio.ch.ServerSocketChannelImpl.accept(ServerSocketChannelImpl.java:421)
        at sun.nio.ch.ServerSocketChannelImpl.accept(ServerSocketChannelImpl.java:249)
        at org.eclipse.jetty.server.ServerConnector.accept(ServerConnector.java:388)
        at org.eclipse.jetty.server.AbstractConnector$Acceptor.run(AbstractConnector.java:704)
        at org.eclipse.jetty.util.thread.QueuedThreadPool.runJob(QueuedThreadPool.java:883)
        at org.eclipse.jetty.util.thread.QueuedThreadPool$Runner.run(QueuedThreadPool.java:1034)
        at java.lang.Thread.run(Thread.java:750)
"qtp888889899-265" daemon prio=5 tid=265 runnable
java.lang.Thread.State: RUNNABLE
        at sun.nio.ch.EPollArrayWrapper.epollWait(Native Method)
        at sun.nio.ch.EPollArrayWrapper.poll(EPollArrayWrapper.java:269)
        at sun.nio.ch.EPollSelectorImpl.doSelect(EPollSelectorImpl.java:93)
        at sun.nio.ch.SelectorImpl.lockAndDoSelect(SelectorImpl.java:86)
        at sun.nio.ch.SelectorImpl.select(SelectorImpl.java:97)
        at sun.nio.ch.SelectorImpl.select(SelectorImpl.java:101)
        at org.eclipse.jetty.io.ManagedSelector.nioSelect(ManagedSelector.java:183)
        at org.eclipse.jetty.io.ManagedSelector.select(ManagedSelector.java:190)
        at org.eclipse.jetty.io.ManagedSelector$SelectorProducer.select(ManagedSelector.java:606)
        at org.eclipse.jetty.io.ManagedSelector$SelectorProducer.produce(ManagedSelector.java:543)
        at org.eclipse.jetty.util.thread.strategy.EatWhatYouKill.produceTask(EatWhatYouKill.java:362)
        at org.eclipse.jetty.util.thread.strategy.EatWhatYouKill.doProduce(EatWhatYouKill.java:186)
        at org.eclipse.jetty.util.thread.strategy.EatWhatYouKill.tryProduce(EatWhatYouKill.java:173)
        at org.eclipse.jetty.util.thread.strategy.EatWhatYouKill.produce(EatWhatYouKill.java:137)
        at org.eclipse.jetty.io.ManagedSelector$$Lambda$470/152349586.run(Unknown Source)
        at org.eclipse.jetty.util.thread.QueuedThreadPool.runJob(QueuedThreadPool.java:883)
        at org.eclipse.jetty.util.thread.QueuedThreadPool$Runner.run(QueuedThreadPool.java:1034)
        at java.lang.Thread.run(Thread.java:750)
"IPC Server handler 1 on default port 41227" daemon prio=5 tid=49 timed_waiting
java.lang.Thread.State: TIMED_WAITING
        at sun.misc.Unsafe.park(Native Method)
        at java.util.concurrent.locks.LockSupport.parkNanos(LockSupport.java:215)
        at java.util.concurrent.locks.AbstractQueuedSynchronizer$ConditionObject.awaitNanos(AbstractQueuedSynchronizer.java:2078)
        at java.util.concurrent.LinkedBlockingQueue.poll(LinkedBlockingQueue.java:467)
        at org.apache.hadoop.ipc.CallQueueManager.take(CallQueueManager.java:317)
        at org.apache.hadoop.ipc.Server$Handler.run(Server.java:2942)
"Datanode ReportManager Thread - 3" daemon prio=5 tid=198 in Object.wait()
java.lang.Thread.State: WAITING (on object monitor)
        at sun.misc.Unsafe.park(Native Method)
        at java.util.concurrent.locks.LockSupport.park(LockSupport.java:175)
        at java.util.concurrent.locks.AbstractQueuedSynchronizer$ConditionObject.await(AbstractQueuedSynchronizer.java:2039)
        at java.util.concurrent.ScheduledThreadPoolExecutor$DelayedWorkQueue.take(ScheduledThreadPoolExecutor.java:1088)
        at java.util.concurrent.ScheduledThreadPoolExecutor$DelayedWorkQueue.take(ScheduledThreadPoolExecutor.java:809)
        at java.util.concurrent.ThreadPoolExecutor.getTask(ThreadPoolExecutor.java:1074)
        at java.util.concurrent.ThreadPoolExecutor.runWorker(ThreadPoolExecutor.java:1134)
        at java.util.concurrent.ThreadPoolExecutor$Worker.run(ThreadPoolExecutor.java:624)
        at java.lang.Thread.run(Thread.java:750)
"pool-59-thread-1"  prio=5 tid=145 timed_waiting
java.lang.Thread.State: TIMED_WAITING
        at sun.misc.Unsafe.park(Native Method)
        at java.util.concurrent.locks.LockSupport.parkNanos(LockSupport.java:215)
        at java.util.concurrent.locks.AbstractQueuedSynchronizer$ConditionObject.awaitNanos(AbstractQueuedSynchronizer.java:2078)
        at java.util.concurrent.ScheduledThreadPoolExecutor$DelayedWorkQueue.take(ScheduledThreadPoolExecutor.java:1093)
        at java.util.concurrent.ScheduledThreadPoolExecutor$DelayedWorkQueue.take(ScheduledThreadPoolExecutor.java:809)
        at java.util.concurrent.ThreadPoolExecutor.getTask(ThreadPoolExecutor.java:1074)
        at java.util.concurrent.ThreadPoolExecutor.runWorker(ThreadPoolExecutor.java:1134)
        at java.util.concurrent.ThreadPoolExecutor$Worker.run(ThreadPoolExecutor.java:624)
        at java.lang.Thread.run(Thread.java:750)
"grpc-default-executor-1" daemon prio=5 tid=434 timed_waiting
java.lang.Thread.State: TIMED_WAITING
        at sun.misc.Unsafe.park(Native Method)
        at java.util.concurrent.locks.LockSupport.parkNanos(LockSupport.java:215)
        at java.util.concurrent.SynchronousQueue$TransferStack.awaitFulfill(SynchronousQueue.java:460)
        at java.util.concurrent.SynchronousQueue$TransferStack.transfer(SynchronousQueue.java:362)
        at java.util.concurrent.SynchronousQueue.poll(SynchronousQueue.java:941)
        at java.util.concurrent.ThreadPoolExecutor.getTask(ThreadPoolExecutor.java:1073)
        at java.util.concurrent.ThreadPoolExecutor.runWorker(ThreadPoolExecutor.java:1134)
        at java.util.concurrent.ThreadPoolExecutor$Worker.run(ThreadPoolExecutor.java:624)
        at java.lang.Thread.run(Thread.java:750)
"DatanodeAdminManager-0" daemon prio=5 tid=22 timed_waiting
java.lang.Thread.State: TIMED_WAITING
        at sun.misc.Unsafe.park(Native Method)
        at java.util.concurrent.locks.LockSupport.parkNanos(LockSupport.java:215)
        at java.util.concurrent.locks.AbstractQueuedSynchronizer$ConditionObject.awaitNanos(AbstractQueuedSynchronizer.java:2078)
        at java.util.concurrent.ScheduledThreadPoolExecutor$DelayedWorkQueue.take(ScheduledThreadPoolExecutor.java:1093)
        at java.util.concurrent.ScheduledThreadPoolExecutor$DelayedWorkQueue.take(ScheduledThreadPoolExecutor.java:809)
        at java.util.concurrent.ThreadPoolExecutor.getTask(ThreadPoolExecutor.java:1074)
        at java.util.concurrent.ThreadPoolExecutor.runWorker(ThreadPoolExecutor.java:1134)
        at java.util.concurrent.ThreadPoolExecutor$Worker.run(ThreadPoolExecutor.java:624)
        at java.lang.Thread.run(Thread.java:750)
"org.apache.hadoop.util.JvmPauseMonitor$Monitor@759e9bfd" daemon prio=5 tid=201 timed_waiting
java.lang.Thread.State: TIMED_WAITING
        at java.lang.Thread.sleep(Native Method)
        at org.apache.hadoop.util.JvmPauseMonitor$Monitor.run(JvmPauseMonitor.java:192)
        at java.lang.Thread.run(Thread.java:750)
"976467f4-c66a-4ccc-8167-891a23ca4537@group-73C734729954-SegmentedRaftLogWorker"  prio=5 tid=431 timed_waiting
java.lang.Thread.State: TIMED_WAITING
        at sun.misc.Unsafe.park(Native Method)
        at java.util.concurrent.locks.LockSupport.parkNanos(LockSupport.java:215)
        at java.util.concurrent.locks.AbstractQueuedSynchronizer$ConditionObject.awaitNanos(AbstractQueuedSynchronizer.java:2078)
        at org.apache.ratis.util.DataBlockingQueue.poll(DataBlockingQueue.java:148)
        at org.apache.ratis.server.raftlog.segmented.SegmentedRaftLogWorker.run(SegmentedRaftLogWorker.java:310)
        at org.apache.ratis.server.raftlog.segmented.SegmentedRaftLogWorker$$Lambda$689/643581441.run(Unknown Source)
        at java.lang.Thread.run(Thread.java:750)
"StaleRecoveringContainerScrubbingService#1" daemon prio=5 tid=370 timed_waiting
java.lang.Thread.State: TIMED_WAITING
        at sun.misc.Unsafe.park(Native Method)
        at java.util.concurrent.locks.LockSupport.parkNanos(LockSupport.java:215)
        at java.util.concurrent.locks.AbstractQueuedSynchronizer$ConditionObject.awaitNanos(AbstractQueuedSynchronizer.java:2078)
        at java.util.concurrent.ScheduledThreadPoolExecutor$DelayedWorkQueue.take(ScheduledThreadPoolExecutor.java:1093)
        at java.util.concurrent.ScheduledThreadPoolExecutor$DelayedWorkQueue.take(ScheduledThreadPoolExecutor.java:809)
        at java.util.concurrent.ThreadPoolExecutor.getTask(ThreadPoolExecutor.java:1074)
        at java.util.concurrent.ThreadPoolExecutor.runWorker(ThreadPoolExecutor.java:1134)
        at java.util.concurrent.ThreadPoolExecutor$Worker.run(ThreadPoolExecutor.java:624)
        at java.lang.Thread.run(Thread.java:750)
"ChunkWriter-0-0" daemon prio=5 tid=362 in Object.wait()
java.lang.Thread.State: WAITING (on object monitor)
        at sun.misc.Unsafe.park(Native Method)
        at java.util.concurrent.locks.LockSupport.park(LockSupport.java:175)
        at java.util.concurrent.locks.AbstractQueuedSynchronizer$ConditionObject.await(AbstractQueuedSynchronizer.java:2039)
        at java.util.concurrent.LinkedBlockingDeque.takeFirst(LinkedBlockingDeque.java:492)
        at java.util.concurrent.LinkedBlockingDeque.take(LinkedBlockingDeque.java:680)
        at java.util.concurrent.ThreadPoolExecutor.getTask(ThreadPoolExecutor.java:1074)
        at java.util.concurrent.ThreadPoolExecutor.runWorker(ThreadPoolExecutor.java:1134)
        at java.util.concurrent.ThreadPoolExecutor$Worker.run(ThreadPoolExecutor.java:624)
        at java.lang.Thread.run(Thread.java:750)
"IPC Server handler 4 on default port 40183" daemon prio=5 tid=159 timed_waiting
java.lang.Thread.State: TIMED_WAITING
        at sun.misc.Unsafe.park(Native Method)
        at java.util.concurrent.locks.LockSupport.parkNanos(LockSupport.java:215)
        at java.util.concurrent.locks.AbstractQueuedSynchronizer$ConditionObject.awaitNanos(AbstractQueuedSynchronizer.java:2078)
        at java.util.concurrent.LinkedBlockingQueue.poll(LinkedBlockingQueue.java:467)
        at org.apache.hadoop.ipc.CallQueueManager.take(CallQueueManager.java:317)
        at org.apache.hadoop.ipc.Server$Handler.run(Server.java:2942)
"Datanode ReportManager Thread - 4" daemon prio=5 tid=305 in Object.wait()
java.lang.Thread.State: WAITING (on object monitor)
        at sun.misc.Unsafe.park(Native Method)
        at java.util.concurrent.locks.LockSupport.park(LockSupport.java:175)
        at java.util.concurrent.locks.AbstractQueuedSynchronizer$ConditionObject.await(AbstractQueuedSynchronizer.java:2039)
        at java.util.concurrent.ScheduledThreadPoolExecutor$DelayedWorkQueue.take(ScheduledThreadPoolExecutor.java:1088)
        at java.util.concurrent.ScheduledThreadPoolExecutor$DelayedWorkQueue.take(ScheduledThreadPoolExecutor.java:809)
        at java.util.concurrent.ThreadPoolExecutor.getTask(ThreadPoolExecutor.java:1074)
        at java.util.concurrent.ThreadPoolExecutor.runWorker(ThreadPoolExecutor.java:1134)
        at java.util.concurrent.ThreadPoolExecutor$Worker.run(ThreadPoolExecutor.java:624)
        at java.lang.Thread.run(Thread.java:750)
"Command processor thread" daemon prio=5 tid=228 timed_waiting
java.lang.Thread.State: TIMED_WAITING
        at java.lang.Thread.sleep(Native Method)
        at org.apache.hadoop.ozone.container.common.statemachine.DatanodeStateMachine.lambda$initCommandHandlerThread$3(DatanodeStateMachine.java:641)
        at org.apache.hadoop.ozone.container.common.statemachine.DatanodeStateMachine$$Lambda$777/1909491340.run(Unknown Source)
        at java.lang.Thread.run(Thread.java:750)
"StaleRecoveringContainerScrubbingService#1" daemon prio=5 tid=395 timed_waiting
java.lang.Thread.State: TIMED_WAITING
        at sun.misc.Unsafe.park(Native Method)
        at java.util.concurrent.locks.LockSupport.parkNanos(LockSupport.java:215)
        at java.util.concurrent.locks.AbstractQueuedSynchronizer$ConditionObject.awaitNanos(AbstractQueuedSynchronizer.java:2078)
        at java.util.concurrent.ScheduledThreadPoolExecutor$DelayedWorkQueue.take(ScheduledThreadPoolExecutor.java:1093)
        at java.util.concurrent.ScheduledThreadPoolExecutor$DelayedWorkQueue.take(ScheduledThreadPoolExecutor.java:809)
        at java.util.concurrent.ThreadPoolExecutor.getTask(ThreadPoolExecutor.java:1074)
        at java.util.concurrent.ThreadPoolExecutor.runWorker(ThreadPoolExecutor.java:1134)
        at java.util.concurrent.ThreadPoolExecutor$Worker.run(ThreadPoolExecutor.java:624)
        at java.lang.Thread.run(Thread.java:750)
"IPC Server handler 9 on default port 40183" daemon prio=5 tid=164 timed_waiting
java.lang.Thread.State: TIMED_WAITING
        at sun.misc.Unsafe.park(Native Method)
        at java.util.concurrent.locks.LockSupport.parkNanos(LockSupport.java:215)
        at java.util.concurrent.locks.AbstractQueuedSynchronizer$ConditionObject.awaitNanos(AbstractQueuedSynchronizer.java:2078)
        at java.util.concurrent.LinkedBlockingQueue.poll(LinkedBlockingQueue.java:467)
        at org.apache.hadoop.ipc.CallQueueManager.take(CallQueueManager.java:317)
        at org.apache.hadoop.ipc.Server$Handler.run(Server.java:2942)
"FixedThreadPoolWithAffinityExecutor-7-0" daemon prio=5 tid=43 timed_waiting
java.lang.Thread.State: TIMED_WAITING
        at sun.misc.Unsafe.park(Native Method)
        at java.util.concurrent.locks.LockSupport.parkNanos(LockSupport.java:215)
        at java.util.concurrent.locks.AbstractQueuedSynchronizer$ConditionObject.awaitNanos(AbstractQueuedSynchronizer.java:2078)
        at java.util.concurrent.LinkedBlockingQueue.poll(LinkedBlockingQueue.java:467)
        at org.apache.hadoop.hdds.scm.server.ContainerReportQueue.poll(ContainerReportQueue.java:266)
        at org.apache.hadoop.hdds.scm.server.ContainerReportQueue.poll(ContainerReportQueue.java:42)
        at org.apache.hadoop.hdds.server.events.FixedThreadPoolWithAffinityExecutor$ContainerReportProcessTask.run(FixedThreadPoolWithAffinityExecutor.java:218)
        at java.util.concurrent.Executors$RunnableAdapter.call(Executors.java:511)
        at java.util.concurrent.FutureTask.run(FutureTask.java:266)
        at java.util.concurrent.ThreadPoolExecutor.runWorker(ThreadPoolExecutor.java:1149)
        at java.util.concurrent.ThreadPoolExecutor$Worker.run(ThreadPoolExecutor.java:624)
        at java.lang.Thread.run(Thread.java:750)
"IPC Server handler 17 on default port 41227" daemon prio=5 tid=65 timed_waiting
java.lang.Thread.State: TIMED_WAITING
        at sun.misc.Unsafe.park(Native Method)
        at java.util.concurrent.locks.LockSupport.parkNanos(LockSupport.java:215)
        at java.util.concurrent.locks.AbstractQueuedSynchronizer$ConditionObject.awaitNanos(AbstractQueuedSynchronizer.java:2078)
        at java.util.concurrent.LinkedBlockingQueue.poll(LinkedBlockingQueue.java:467)
        at org.apache.hadoop.ipc.CallQueueManager.take(CallQueueManager.java:317)
        at org.apache.hadoop.ipc.Server$Handler.run(Server.java:2942)
"6307e296-217c-47f6-b7e1-30640c7ce136@group-EA30693AB63E-StateMachineUpdater" daemon prio=5 tid=491 timed_waiting
java.lang.Thread.State: TIMED_WAITING
        at sun.misc.Unsafe.park(Native Method)
        at java.util.concurrent.locks.LockSupport.parkNanos(LockSupport.java:215)
        at java.util.concurrent.CompletableFuture$Signaller.block(CompletableFuture.java:1709)
        at java.util.concurrent.ForkJoinPool.managedBlock(ForkJoinPool.java:3323)
        at java.util.concurrent.CompletableFuture.timedGet(CompletableFuture.java:1788)
        at java.util.concurrent.CompletableFuture.get(CompletableFuture.java:1928)
        at org.apache.ratis.util.AwaitForSignal.await(AwaitForSignal.java:56)
        at org.apache.ratis.server.impl.StateMachineUpdater.waitForCommit(StateMachineUpdater.java:207)
        at org.apache.ratis.server.impl.StateMachineUpdater.run(StateMachineUpdater.java:176)
        at java.lang.Thread.run(Thread.java:750)
"Datanode ReportManager Thread - 0" daemon prio=5 tid=195 in Object.wait()
java.lang.Thread.State: WAITING (on object monitor)
        at sun.misc.Unsafe.park(Native Method)
        at java.util.concurrent.locks.LockSupport.park(LockSupport.java:175)
        at java.util.concurrent.locks.AbstractQueuedSynchronizer$ConditionObject.await(AbstractQueuedSynchronizer.java:2039)
        at java.util.concurrent.ScheduledThreadPoolExecutor$DelayedWorkQueue.take(ScheduledThreadPoolExecutor.java:1088)
        at java.util.concurrent.ScheduledThreadPoolExecutor$DelayedWorkQueue.take(ScheduledThreadPoolExecutor.java:809)
        at java.util.concurrent.ThreadPoolExecutor.getTask(ThreadPoolExecutor.java:1074)
        at java.util.concurrent.ThreadPoolExecutor.runWorker(ThreadPoolExecutor.java:1134)
        at java.util.concurrent.ThreadPoolExecutor$Worker.run(ThreadPoolExecutor.java:624)
        at java.lang.Thread.run(Thread.java:750)
"OpenKeyCleanupService#0" daemon prio=5 tid=144 timed_waiting
java.lang.Thread.State: TIMED_WAITING
        at sun.misc.Unsafe.park(Native Method)
        at java.util.concurrent.locks.LockSupport.parkNanos(LockSupport.java:215)
        at java.util.concurrent.locks.AbstractQueuedSynchronizer$ConditionObject.awaitNanos(AbstractQueuedSynchronizer.java:2078)
        at java.util.concurrent.ScheduledThreadPoolExecutor$DelayedWorkQueue.take(ScheduledThreadPoolExecutor.java:1093)
        at java.util.concurrent.ScheduledThreadPoolExecutor$DelayedWorkQueue.take(ScheduledThreadPoolExecutor.java:809)
        at java.util.concurrent.ThreadPoolExecutor.getTask(ThreadPoolExecutor.java:1074)
        at java.util.concurrent.ThreadPoolExecutor.runWorker(ThreadPoolExecutor.java:1134)
        at java.util.concurrent.ThreadPoolExecutor$Worker.run(ThreadPoolExecutor.java:624)
        at java.lang.Thread.run(Thread.java:750)
"IPC Server handler 13 on default port 40183" daemon prio=5 tid=168 timed_waiting
java.lang.Thread.State: TIMED_WAITING
        at sun.misc.Unsafe.park(Native Method)
        at java.util.concurrent.locks.LockSupport.parkNanos(LockSupport.java:215)
        at java.util.concurrent.locks.AbstractQueuedSynchronizer$ConditionObject.awaitNanos(AbstractQueuedSynchronizer.java:2078)
        at java.util.concurrent.LinkedBlockingQueue.poll(LinkedBlockingQueue.java:467)
        at org.apache.hadoop.ipc.CallQueueManager.take(CallQueueManager.java:317)
        at org.apache.hadoop.ipc.Server$Handler.run(Server.java:2942)
"IPC Server handler 17 on default port 45385" daemon prio=5 tid=85 timed_waiting
java.lang.Thread.State: TIMED_WAITING
        at sun.misc.Unsafe.park(Native Method)
        at java.util.concurrent.locks.LockSupport.parkNanos(LockSupport.java:215)
        at java.util.concurrent.locks.AbstractQueuedSynchronizer$ConditionObject.awaitNanos(AbstractQueuedSynchronizer.java:2078)
        at java.util.concurrent.LinkedBlockingQueue.poll(LinkedBlockingQueue.java:467)
        at org.apache.hadoop.ipc.CallQueueManager.take(CallQueueManager.java:317)
        at org.apache.hadoop.ipc.Server$Handler.run(Server.java:2942)
"IPC Server handler 10 on default port 45385" daemon prio=5 tid=78 timed_waiting
java.lang.Thread.State: TIMED_WAITING
        at sun.misc.Unsafe.park(Native Method)
        at java.util.concurrent.locks.LockSupport.parkNanos(LockSupport.java:215)
        at java.util.concurrent.locks.AbstractQueuedSynchronizer$ConditionObject.awaitNanos(AbstractQueuedSynchronizer.java:2078)
        at java.util.concurrent.LinkedBlockingQueue.poll(LinkedBlockingQueue.java:467)
        at org.apache.hadoop.ipc.CallQueueManager.take(CallQueueManager.java:317)
        at org.apache.hadoop.ipc.Server$Handler.run(Server.java:2942)
"IPC Server handler 6 on default port 45385" daemon prio=5 tid=74 timed_waiting
java.lang.Thread.State: TIMED_WAITING
        at sun.misc.Unsafe.park(Native Method)
        at java.util.concurrent.locks.LockSupport.parkNanos(LockSupport.java:215)
        at java.util.concurrent.locks.AbstractQueuedSynchronizer$ConditionObject.awaitNanos(AbstractQueuedSynchronizer.java:2078)
        at java.util.concurrent.LinkedBlockingQueue.poll(LinkedBlockingQueue.java:467)
        at org.apache.hadoop.ipc.CallQueueManager.take(CallQueueManager.java:317)
        at org.apache.hadoop.ipc.Server$Handler.run(Server.java:2942)
"om1-client-thread1" daemon prio=5 tid=614 timed_waiting
java.lang.Thread.State: TIMED_WAITING
        at sun.misc.Unsafe.park(Native Method)
        at java.util.concurrent.locks.LockSupport.parkNanos(LockSupport.java:215)
        at java.util.concurrent.SynchronousQueue$TransferStack.awaitFulfill(SynchronousQueue.java:460)
        at java.util.concurrent.SynchronousQueue$TransferStack.transfer(SynchronousQueue.java:362)
        at java.util.concurrent.SynchronousQueue.poll(SynchronousQueue.java:941)
        at java.util.concurrent.ThreadPoolExecutor.getTask(ThreadPoolExecutor.java:1073)
        at java.util.concurrent.ThreadPoolExecutor.runWorker(ThreadPoolExecutor.java:1134)
        at java.util.concurrent.ThreadPoolExecutor$Worker.run(ThreadPoolExecutor.java:624)
        at java.lang.Thread.run(Thread.java:750)
"EndpointStateMachine task thread for /0.0.0.0:39283 - 0 "  prio=5 tid=373 in Object.wait()
java.lang.Thread.State: WAITING (on object monitor)
        at sun.misc.Unsafe.park(Native Method)
        at java.util.concurrent.locks.LockSupport.park(LockSupport.java:175)
        at java.util.concurrent.locks.AbstractQueuedSynchronizer$ConditionObject.await(AbstractQueuedSynchronizer.java:2039)
        at java.util.concurrent.LinkedBlockingQueue.take(LinkedBlockingQueue.java:442)
        at java.util.concurrent.ThreadPoolExecutor.getTask(ThreadPoolExecutor.java:1074)
        at java.util.concurrent.ThreadPoolExecutor.runWorker(ThreadPoolExecutor.java:1134)
        at java.util.concurrent.ThreadPoolExecutor$Worker.run(ThreadPoolExecutor.java:624)
        at java.lang.Thread.run(Thread.java:750)
"pool-150-thread-1"  prio=5 tid=264 timed_waiting
java.lang.Thread.State: TIMED_WAITING
        at sun.misc.Unsafe.park(Native Method)
        at java.util.concurrent.locks.LockSupport.parkNanos(LockSupport.java:215)
        at java.util.concurrent.locks.AbstractQueuedSynchronizer$ConditionObject.awaitNanos(AbstractQueuedSynchronizer.java:2078)
        at java.util.concurrent.ScheduledThreadPoolExecutor$DelayedWorkQueue.take(ScheduledThreadPoolExecutor.java:1093)
        at java.util.concurrent.ScheduledThreadPoolExecutor$DelayedWorkQueue.take(ScheduledThreadPoolExecutor.java:809)
        at java.util.concurrent.ThreadPoolExecutor.getTask(ThreadPoolExecutor.java:1074)
        at java.util.concurrent.ThreadPoolExecutor.runWorker(ThreadPoolExecutor.java:1134)
        at java.util.concurrent.ThreadPoolExecutor$Worker.run(ThreadPoolExecutor.java:624)
        at java.lang.Thread.run(Thread.java:750)
"qtp1440823154-150" daemon prio=5 tid=150 timed_waiting
java.lang.Thread.State: TIMED_WAITING
        at sun.misc.Unsafe.park(Native Method)
        at java.util.concurrent.locks.LockSupport.parkNanos(LockSupport.java:215)
        at java.util.concurrent.locks.AbstractQueuedSynchronizer$ConditionObject.awaitNanos(AbstractQueuedSynchronizer.java:2078)
        at org.eclipse.jetty.util.BlockingArrayQueue.poll(BlockingArrayQueue.java:382)
        at org.eclipse.jetty.util.thread.QueuedThreadPool$Runner.idleJobPoll(QueuedThreadPool.java:974)
        at org.eclipse.jetty.util.thread.QueuedThreadPool$Runner.run(QueuedThreadPool.java:1018)
        at java.lang.Thread.run(Thread.java:750)
"timer5" daemon prio=5 tid=565 timed_waiting
java.lang.Thread.State: TIMED_WAITING
        at java.lang.Object.wait(Native Method)
        at java.util.TimerThread.mainLoop(Timer.java:552)
        at java.util.TimerThread.run(Timer.java:505)
"FixedThreadPoolWithAffinityExecutor-3-0" daemon prio=5 tid=39 timed_waiting
java.lang.Thread.State: TIMED_WAITING
        at sun.misc.Unsafe.park(Native Method)
        at java.util.concurrent.locks.LockSupport.parkNanos(LockSupport.java:215)
        at java.util.concurrent.locks.AbstractQueuedSynchronizer$ConditionObject.awaitNanos(AbstractQueuedSynchronizer.java:2078)
        at java.util.concurrent.LinkedBlockingQueue.poll(LinkedBlockingQueue.java:467)
        at org.apache.hadoop.hdds.scm.server.ContainerReportQueue.poll(ContainerReportQueue.java:266)
        at org.apache.hadoop.hdds.scm.server.ContainerReportQueue.poll(ContainerReportQueue.java:42)
        at org.apache.hadoop.hdds.server.events.FixedThreadPoolWithAffinityExecutor$ContainerReportProcessTask.run(FixedThreadPoolWithAffinityExecutor.java:218)
        at java.util.concurrent.Executors$RunnableAdapter.call(Executors.java:511)
        at java.util.concurrent.FutureTask.run(FutureTask.java:266)
        at java.util.concurrent.ThreadPoolExecutor.runWorker(ThreadPoolExecutor.java:1149)
        at java.util.concurrent.ThreadPoolExecutor$Worker.run(ThreadPoolExecutor.java:624)
        at java.lang.Thread.run(Thread.java:750)
"Datanode ReportManager Thread - 2" daemon prio=5 tid=251 timed_waiting
java.lang.Thread.State: TIMED_WAITING
        at sun.misc.Unsafe.park(Native Method)
        at java.util.concurrent.locks.LockSupport.parkNanos(LockSupport.java:215)
        at java.util.concurrent.locks.AbstractQueuedSynchronizer$ConditionObject.awaitNanos(AbstractQueuedSynchronizer.java:2078)
        at java.util.concurrent.ScheduledThreadPoolExecutor$DelayedWorkQueue.take(ScheduledThreadPoolExecutor.java:1093)
        at java.util.concurrent.ScheduledThreadPoolExecutor$DelayedWorkQueue.take(ScheduledThreadPoolExecutor.java:809)
        at java.util.concurrent.ThreadPoolExecutor.getTask(ThreadPoolExecutor.java:1074)
        at java.util.concurrent.ThreadPoolExecutor.runWorker(ThreadPoolExecutor.java:1134)
        at java.util.concurrent.ThreadPoolExecutor$Worker.run(ThreadPoolExecutor.java:624)
        at java.lang.Thread.run(Thread.java:750)
"Datanode ReportManager Thread - 2" daemon prio=5 tid=225 in Object.wait()
java.lang.Thread.State: WAITING (on object monitor)
        at sun.misc.Unsafe.park(Native Method)
        at java.util.concurrent.locks.LockSupport.park(LockSupport.java:175)
        at java.util.concurrent.locks.AbstractQueuedSynchronizer$ConditionObject.await(AbstractQueuedSynchronizer.java:2039)
        at java.util.concurrent.ScheduledThreadPoolExecutor$DelayedWorkQueue.take(ScheduledThreadPoolExecutor.java:1088)
        at java.util.concurrent.ScheduledThreadPoolExecutor$DelayedWorkQueue.take(ScheduledThreadPoolExecutor.java:809)
        at java.util.concurrent.ThreadPoolExecutor.getTask(ThreadPoolExecutor.java:1074)
        at java.util.concurrent.ThreadPoolExecutor.runWorker(ThreadPoolExecutor.java:1134)
        at java.util.concurrent.ThreadPoolExecutor$Worker.run(ThreadPoolExecutor.java:624)
        at java.lang.Thread.run(Thread.java:750)
"Socket Reader #1 for port 0"  prio=5 tid=132 runnable
java.lang.Thread.State: RUNNABLE
        at sun.nio.ch.EPollArrayWrapper.epollWait(Native Method)
        at sun.nio.ch.EPollArrayWrapper.poll(EPollArrayWrapper.java:269)
        at sun.nio.ch.EPollSelectorImpl.doSelect(EPollSelectorImpl.java:93)
        at sun.nio.ch.SelectorImpl.lockAndDoSelect(SelectorImpl.java:86)
        at sun.nio.ch.SelectorImpl.select(SelectorImpl.java:97)
        at sun.nio.ch.SelectorImpl.select(SelectorImpl.java:101)
        at org.apache.hadoop.ipc.Server$Listener$Reader.doRunLoop(Server.java:1296)
        at org.apache.hadoop.ipc.Server$Listener$Reader.run(Server.java:1275)
"2839026e-8851-4a4b-a6c3-ebe7d865c058@group-51534D1FFBD1-SegmentedRaftLogWorker"  prio=5 tid=462 timed_waiting
java.lang.Thread.State: TIMED_WAITING
        at sun.misc.Unsafe.park(Native Method)
        at java.util.concurrent.locks.LockSupport.parkNanos(LockSupport.java:215)
        at java.util.concurrent.locks.AbstractQueuedSynchronizer$ConditionObject.awaitNanos(AbstractQueuedSynchronizer.java:2078)
        at org.apache.ratis.util.DataBlockingQueue.poll(DataBlockingQueue.java:148)
        at org.apache.ratis.server.raftlog.segmented.SegmentedRaftLogWorker.run(SegmentedRaftLogWorker.java:310)
        at org.apache.ratis.server.raftlog.segmented.SegmentedRaftLogWorker$$Lambda$689/643581441.run(Unknown Source)
        at java.lang.Thread.run(Thread.java:750)
"IPC Server handler 13 on default port 41227" daemon prio=5 tid=61 timed_waiting
java.lang.Thread.State: TIMED_WAITING
        at sun.misc.Unsafe.park(Native Method)
        at java.util.concurrent.locks.LockSupport.parkNanos(LockSupport.java:215)
        at java.util.concurrent.locks.AbstractQueuedSynchronizer$ConditionObject.awaitNanos(AbstractQueuedSynchronizer.java:2078)
        at java.util.concurrent.LinkedBlockingQueue.poll(LinkedBlockingQueue.java:467)
        at org.apache.hadoop.ipc.CallQueueManager.take(CallQueueManager.java:317)
        at org.apache.hadoop.ipc.Server$Handler.run(Server.java:2942)
"JvmPauseMonitor5" daemon prio=5 tid=390 timed_waiting
java.lang.Thread.State: TIMED_WAITING
        at java.lang.Thread.sleep(Native Method)
        at java.lang.Thread.sleep(Thread.java:342)
        at java.util.concurrent.TimeUnit.sleep(TimeUnit.java:386)
        at org.apache.ratis.util.TimeDuration.sleep(TimeDuration.java:325)
        at org.apache.ratis.util.TimeDuration.sleep(TimeDuration.java:310)
        at org.apache.ratis.util.JvmPauseMonitor.detectPause(JvmPauseMonitor.java:119)
        at org.apache.ratis.util.JvmPauseMonitor.run(JvmPauseMonitor.java:108)
        at org.apache.ratis.util.JvmPauseMonitor$$Lambda$730/418902856.run(Unknown Source)
        at java.lang.Thread.run(Thread.java:750)
"Session-HouseKeeper-14ab0760-1"  prio=5 tid=325 timed_waiting
java.lang.Thread.State: TIMED_WAITING
        at sun.misc.Unsafe.park(Native Method)
        at java.util.concurrent.locks.LockSupport.parkNanos(LockSupport.java:215)
        at java.util.concurrent.locks.AbstractQueuedSynchronizer$ConditionObject.awaitNanos(AbstractQueuedSynchronizer.java:2078)
        at java.util.concurrent.ScheduledThreadPoolExecutor$DelayedWorkQueue.take(ScheduledThreadPoolExecutor.java:1093)
        at java.util.concurrent.ScheduledThreadPoolExecutor$DelayedWorkQueue.take(ScheduledThreadPoolExecutor.java:809)
        at java.util.concurrent.ThreadPoolExecutor.getTask(ThreadPoolExecutor.java:1074)
        at java.util.concurrent.ThreadPoolExecutor.runWorker(ThreadPoolExecutor.java:1134)
        at java.util.concurrent.ThreadPoolExecutor$Worker.run(ThreadPoolExecutor.java:624)
        at java.lang.Thread.run(Thread.java:750)
"IPC Server handler 6 on default port 39283" daemon prio=5 tid=94 timed_waiting
java.lang.Thread.State: TIMED_WAITING
        at sun.misc.Unsafe.park(Native Method)
        at java.util.concurrent.locks.LockSupport.parkNanos(LockSupport.java:215)
        at java.util.concurrent.locks.AbstractQueuedSynchronizer$ConditionObject.awaitNanos(AbstractQueuedSynchronizer.java:2078)
        at java.util.concurrent.LinkedBlockingQueue.poll(LinkedBlockingQueue.java:467)
        at org.apache.hadoop.ipc.CallQueueManager.take(CallQueueManager.java:317)
        at org.apache.hadoop.ipc.Server$Handler.run(Server.java:2942)
"Under Replicated Processor" daemon prio=5 tid=20 timed_waiting
java.lang.Thread.State: TIMED_WAITING
        at java.lang.Object.wait(Native Method)
        at org.apache.hadoop.hdds.scm.container.replication.UnderReplicatedProcessor.run(UnderReplicatedProcessor.java:142)
        at java.lang.Thread.run(Thread.java:750)
"Session-HouseKeeper-1784a296-1"  prio=5 tid=119 timed_waiting
java.lang.Thread.State: TIMED_WAITING
        at sun.misc.Unsafe.park(Native Method)
        at java.util.concurrent.locks.LockSupport.parkNanos(LockSupport.java:215)
        at java.util.concurrent.locks.AbstractQueuedSynchronizer$ConditionObject.awaitNanos(AbstractQueuedSynchronizer.java:2078)
        at java.util.concurrent.ScheduledThreadPoolExecutor$DelayedWorkQueue.take(ScheduledThreadPoolExecutor.java:1093)
        at java.util.concurrent.ScheduledThreadPoolExecutor$DelayedWorkQueue.take(ScheduledThreadPoolExecutor.java:809)
        at java.util.concurrent.ThreadPoolExecutor.getTask(ThreadPoolExecutor.java:1074)
        at java.util.concurrent.ThreadPoolExecutor.runWorker(ThreadPoolExecutor.java:1134)
        at java.util.concurrent.ThreadPoolExecutor$Worker.run(ThreadPoolExecutor.java:624)
        at java.lang.Thread.run(Thread.java:750)
"pool-134-thread-1" daemon prio=5 tid=260 timed_waiting
java.lang.Thread.State: TIMED_WAITING
        at sun.misc.Unsafe.park(Native Method)
        at java.util.concurrent.locks.LockSupport.parkNanos(LockSupport.java:215)
        at java.util.concurrent.locks.AbstractQueuedSynchronizer$ConditionObject.awaitNanos(AbstractQueuedSynchronizer.java:2078)
        at java.util.concurrent.ScheduledThreadPoolExecutor$DelayedWorkQueue.take(ScheduledThreadPoolExecutor.java:1093)
        at java.util.concurrent.ScheduledThreadPoolExecutor$DelayedWorkQueue.take(ScheduledThreadPoolExecutor.java:809)
        at java.util.concurrent.ThreadPoolExecutor.getTask(ThreadPoolExecutor.java:1074)
        at java.util.concurrent.ThreadPoolExecutor.runWorker(ThreadPoolExecutor.java:1134)
        at java.util.concurrent.ThreadPoolExecutor$Worker.run(ThreadPoolExecutor.java:624)
        at java.lang.Thread.run(Thread.java:750)
"ec4ff2c3-aedb-4237-8f96-8aa5e66a28ee-server-thread2" daemon prio=5 tid=613 timed_waiting
java.lang.Thread.State: TIMED_WAITING
        at sun.misc.Unsafe.park(Native Method)
        at java.util.concurrent.locks.LockSupport.parkNanos(LockSupport.java:215)
        at java.util.concurrent.SynchronousQueue$TransferStack.awaitFulfill(SynchronousQueue.java:460)
        at java.util.concurrent.SynchronousQueue$TransferStack.transfer(SynchronousQueue.java:362)
        at java.util.concurrent.SynchronousQueue.poll(SynchronousQueue.java:941)
        at java.util.concurrent.ThreadPoolExecutor.getTask(ThreadPoolExecutor.java:1073)
        at java.util.concurrent.ThreadPoolExecutor.runWorker(ThreadPoolExecutor.java:1134)
        at java.util.concurrent.ThreadPoolExecutor$Worker.run(ThreadPoolExecutor.java:624)
        at java.lang.Thread.run(Thread.java:750)
"org.apache.hadoop.ozone.container.common.statemachine.commandhandler.DeleteBlocksCommandHandler$DeleteCmdWorker@582fd243" daemon prio=5 tid=263 timed_waiting
java.lang.Thread.State: TIMED_WAITING
        at java.lang.Thread.sleep(Native Method)
        at org.apache.hadoop.ozone.container.common.statemachine.commandhandler.DeleteBlocksCommandHandler$DeleteCmdWorker.run(DeleteBlocksCommandHandler.java:183)
        at java.lang.Thread.run(Thread.java:750)
"qtp1440823154-153" daemon prio=5 tid=153 timed_waiting
java.lang.Thread.State: TIMED_WAITING
        at sun.misc.Unsafe.park(Native Method)
        at java.util.concurrent.locks.LockSupport.parkNanos(LockSupport.java:215)
        at java.util.concurrent.locks.AbstractQueuedSynchronizer$ConditionObject.awaitNanos(AbstractQueuedSynchronizer.java:2078)
        at org.eclipse.jetty.util.BlockingArrayQueue.poll(BlockingArrayQueue.java:382)
        at org.eclipse.jetty.util.thread.QueuedThreadPool$Runner.idleJobPoll(QueuedThreadPool.java:974)
        at org.eclipse.jetty.util.thread.QueuedThreadPool$Runner.run(QueuedThreadPool.java:1018)
        at java.lang.Thread.run(Thread.java:750)
"IPC Client (1161542555) connection to 0.0.0.0/0.0.0.0:39283 from runner" daemon prio=5 tid=328 timed_waiting
java.lang.Thread.State: TIMED_WAITING
        at java.lang.Object.wait(Native Method)
        at org.apache.hadoop.ipc.Client$Connection.waitForWork(Client.java:1086)
        at org.apache.hadoop.ipc.Client$Connection.run(Client.java:1133)
"Socket Reader #1 for port 0"  prio=5 tid=33 runnable
java.lang.Thread.State: RUNNABLE
        at sun.nio.ch.EPollArrayWrapper.epollWait(Native Method)
        at sun.nio.ch.EPollArrayWrapper.poll(EPollArrayWrapper.java:269)
        at sun.nio.ch.EPollSelectorImpl.doSelect(EPollSelectorImpl.java:93)
        at sun.nio.ch.SelectorImpl.lockAndDoSelect(SelectorImpl.java:86)
        at sun.nio.ch.SelectorImpl.select(SelectorImpl.java:97)
        at sun.nio.ch.SelectorImpl.select(SelectorImpl.java:101)
        at org.apache.hadoop.ipc.Server$Listener$Reader.doRunLoop(Server.java:1296)
        at org.apache.hadoop.ipc.Server$Listener$Reader.run(Server.java:1275)
"Datanode ReportManager Thread - 0" daemon prio=5 tid=330 in Object.wait()
java.lang.Thread.State: WAITING (on object monitor)
        at sun.misc.Unsafe.park(Native Method)
        at java.util.concurrent.locks.LockSupport.park(LockSupport.java:175)
        at java.util.concurrent.locks.AbstractQueuedSynchronizer$ConditionObject.await(AbstractQueuedSynchronizer.java:2039)
        at java.util.concurrent.ScheduledThreadPoolExecutor$DelayedWorkQueue.take(ScheduledThreadPoolExecutor.java:1088)
        at java.util.concurrent.ScheduledThreadPoolExecutor$DelayedWorkQueue.take(ScheduledThreadPoolExecutor.java:809)
        at java.util.concurrent.ThreadPoolExecutor.getTask(ThreadPoolExecutor.java:1074)
        at java.util.concurrent.ThreadPoolExecutor.runWorker(ThreadPoolExecutor.java:1134)
        at java.util.concurrent.ThreadPoolExecutor$Worker.run(ThreadPoolExecutor.java:624)
        at java.lang.Thread.run(Thread.java:750)
"976467f4-c66a-4ccc-8167-891a23ca4537@group-73C734729954->ec4ff2c3-aedb-4237-8f96-8aa5e66a28ee-GrpcLogAppender-LogAppenderDaemon" daemon prio=5 tid=607 timed_waiting
java.lang.Thread.State: TIMED_WAITING
        at sun.misc.Unsafe.park(Native Method)
        at java.util.concurrent.locks.LockSupport.parkNanos(LockSupport.java:215)
        at java.util.concurrent.CompletableFuture$Signaller.block(CompletableFuture.java:1709)
        at java.util.concurrent.ForkJoinPool.managedBlock(ForkJoinPool.java:3323)
        at java.util.concurrent.CompletableFuture.timedGet(CompletableFuture.java:1788)
        at java.util.concurrent.CompletableFuture.get(CompletableFuture.java:1928)
        at org.apache.ratis.util.AwaitForSignal.await(AwaitForSignal.java:56)
        at org.apache.ratis.grpc.server.GrpcLogAppender.mayWait(GrpcLogAppender.java:198)
        at org.apache.ratis.grpc.server.GrpcLogAppender.run(GrpcLogAppender.java:148)
        at org.apache.ratis.server.leader.LogAppenderDaemon.run(LogAppenderDaemon.java:78)
        at org.apache.ratis.server.leader.LogAppenderDaemon$$Lambda$1063/1396437352.run(Unknown Source)
        at java.lang.Thread.run(Thread.java:750)
"Datanode ReportManager Thread - 3" daemon prio=5 tid=333 in Object.wait()
java.lang.Thread.State: WAITING (on object monitor)
        at sun.misc.Unsafe.park(Native Method)
        at java.util.concurrent.locks.LockSupport.park(LockSupport.java:175)
        at java.util.concurrent.locks.AbstractQueuedSynchronizer$ConditionObject.await(AbstractQueuedSynchronizer.java:2039)
        at java.util.concurrent.ScheduledThreadPoolExecutor$DelayedWorkQueue.take(ScheduledThreadPoolExecutor.java:1088)
        at java.util.concurrent.ScheduledThreadPoolExecutor$DelayedWorkQueue.take(ScheduledThreadPoolExecutor.java:809)
        at java.util.concurrent.ThreadPoolExecutor.getTask(ThreadPoolExecutor.java:1074)
        at java.util.concurrent.ThreadPoolExecutor.runWorker(ThreadPoolExecutor.java:1134)
        at java.util.concurrent.ThreadPoolExecutor$Worker.run(ThreadPoolExecutor.java:624)
        at java.lang.Thread.run(Thread.java:750)
"Periodic HDDS volume checker" daemon prio=5 tid=205 timed_waiting
java.lang.Thread.State: TIMED_WAITING
        at sun.misc.Unsafe.park(Native Method)
        at java.util.concurrent.locks.LockSupport.parkNanos(LockSupport.java:215)
        at java.util.concurrent.locks.AbstractQueuedSynchronizer$ConditionObject.awaitNanos(AbstractQueuedSynchronizer.java:2078)
        at java.util.concurrent.ScheduledThreadPoolExecutor$DelayedWorkQueue.take(ScheduledThreadPoolExecutor.java:1093)
        at java.util.concurrent.ScheduledThreadPoolExecutor$DelayedWorkQueue.take(ScheduledThreadPoolExecutor.java:809)
        at java.util.concurrent.ThreadPoolExecutor.getTask(ThreadPoolExecutor.java:1074)
        at java.util.concurrent.ThreadPoolExecutor.runWorker(ThreadPoolExecutor.java:1134)
        at java.util.concurrent.ThreadPoolExecutor$Worker.run(ThreadPoolExecutor.java:624)
        at java.lang.Thread.run(Thread.java:750)
"EventQueue-PipelineReportForPipelineReportHandler" daemon prio=5 tid=401 in Object.wait()
java.lang.Thread.State: WAITING (on object monitor)
        at sun.misc.Unsafe.park(Native Method)
        at java.util.concurrent.locks.LockSupport.park(LockSupport.java:175)
        at java.util.concurrent.locks.AbstractQueuedSynchronizer$ConditionObject.await(AbstractQueuedSynchronizer.java:2039)
        at java.util.concurrent.LinkedBlockingQueue.take(LinkedBlockingQueue.java:442)
        at java.util.concurrent.ThreadPoolExecutor.getTask(ThreadPoolExecutor.java:1074)
        at java.util.concurrent.ThreadPoolExecutor.runWorker(ThreadPoolExecutor.java:1134)
        at java.util.concurrent.ThreadPoolExecutor$Worker.run(ThreadPoolExecutor.java:624)
        at java.lang.Thread.run(Thread.java:750)
"pool-187-thread-1"  prio=5 tid=468 in Object.wait()
java.lang.Thread.State: WAITING (on object monitor)
        at sun.misc.Unsafe.park(Native Method)
        at java.util.concurrent.locks.LockSupport.park(LockSupport.java:175)
        at java.util.concurrent.locks.AbstractQueuedSynchronizer$ConditionObject.await(AbstractQueuedSynchronizer.java:2039)
        at java.util.concurrent.LinkedBlockingQueue.take(LinkedBlockingQueue.java:442)
        at java.util.concurrent.ThreadPoolExecutor.getTask(ThreadPoolExecutor.java:1074)
        at java.util.concurrent.ThreadPoolExecutor.runWorker(ThreadPoolExecutor.java:1134)
        at java.util.concurrent.ThreadPoolExecutor$Worker.run(ThreadPoolExecutor.java:624)
        at java.lang.Thread.run(Thread.java:750)
"ChunkWriter-3-0" daemon prio=5 tid=407 in Object.wait()
java.lang.Thread.State: WAITING (on object monitor)
        at sun.misc.Unsafe.park(Native Method)
        at java.util.concurrent.locks.LockSupport.park(LockSupport.java:175)
        at java.util.concurrent.locks.AbstractQueuedSynchronizer$ConditionObject.await(AbstractQueuedSynchronizer.java:2039)
        at java.util.concurrent.LinkedBlockingDeque.takeFirst(LinkedBlockingDeque.java:492)
        at java.util.concurrent.LinkedBlockingDeque.take(LinkedBlockingDeque.java:680)
        at java.util.concurrent.ThreadPoolExecutor.getTask(ThreadPoolExecutor.java:1074)
        at java.util.concurrent.ThreadPoolExecutor.runWorker(ThreadPoolExecutor.java:1134)
        at java.util.concurrent.ThreadPoolExecutor$Worker.run(ThreadPoolExecutor.java:624)
        at java.lang.Thread.run(Thread.java:750)
"Datanode State Machine Task Thread - 0"  prio=5 tid=256 in Object.wait()
java.lang.Thread.State: WAITING (on object monitor)
        at sun.misc.Unsafe.park(Native Method)
        at java.util.concurrent.locks.LockSupport.park(LockSupport.java:175)
        at java.util.concurrent.locks.AbstractQueuedSynchronizer$ConditionObject.await(AbstractQueuedSynchronizer.java:2039)
        at java.util.concurrent.LinkedBlockingQueue.take(LinkedBlockingQueue.java:442)
        at java.util.concurrent.ThreadPoolExecutor.getTask(ThreadPoolExecutor.java:1074)
        at java.util.concurrent.ThreadPoolExecutor.runWorker(ThreadPoolExecutor.java:1134)
        at java.util.concurrent.ThreadPoolExecutor$Worker.run(ThreadPoolExecutor.java:624)
        at java.lang.Thread.run(Thread.java:750)
"qtp1440823154-147-acceptor-0@763d66d8-ServerConnector@5fde6b8c{HTTP/1.1, (http/1.1)}{0.0.0.0:42887}" daemon prio=3 tid=147 runnable
java.lang.Thread.State: RUNNABLE
        at sun.nio.ch.ServerSocketChannelImpl.accept0(Native Method)
        at sun.nio.ch.ServerSocketChannelImpl.accept(ServerSocketChannelImpl.java:421)
        at sun.nio.ch.ServerSocketChannelImpl.accept(ServerSocketChannelImpl.java:249)
        at org.eclipse.jetty.server.ServerConnector.accept(ServerConnector.java:388)
        at org.eclipse.jetty.server.AbstractConnector$Acceptor.run(AbstractConnector.java:704)
        at org.eclipse.jetty.util.thread.QueuedThreadPool.runJob(QueuedThreadPool.java:883)
        at org.eclipse.jetty.util.thread.QueuedThreadPool$Runner.run(QueuedThreadPool.java:1034)
        at java.lang.Thread.run(Thread.java:750)
"IPC Server handler 8 on default port 40183" daemon prio=5 tid=163 timed_waiting
java.lang.Thread.State: TIMED_WAITING
        at sun.misc.Unsafe.park(Native Method)
        at java.util.concurrent.locks.LockSupport.parkNanos(LockSupport.java:215)
        at java.util.concurrent.locks.AbstractQueuedSynchronizer$ConditionObject.awaitNanos(AbstractQueuedSynchronizer.java:2078)
        at java.util.concurrent.LinkedBlockingQueue.poll(LinkedBlockingQueue.java:467)
        at org.apache.hadoop.ipc.CallQueueManager.take(CallQueueManager.java:317)
        at org.apache.hadoop.ipc.Server$Handler.run(Server.java:2942)
"qtp1101359833-246" daemon prio=5 tid=246 timed_waiting
java.lang.Thread.State: TIMED_WAITING
        at sun.misc.Unsafe.park(Native Method)
        at java.util.concurrent.locks.LockSupport.parkNanos(LockSupport.java:215)
        at java.util.concurrent.locks.AbstractQueuedSynchronizer$ConditionObject.awaitNanos(AbstractQueuedSynchronizer.java:2078)
        at org.eclipse.jetty.util.BlockingArrayQueue.poll(BlockingArrayQueue.java:382)
        at org.eclipse.jetty.util.thread.QueuedThreadPool$Runner.idleJobPoll(QueuedThreadPool.java:974)
        at org.eclipse.jetty.util.thread.QueuedThreadPool$Runner.run(QueuedThreadPool.java:1018)
        at java.lang.Thread.run(Thread.java:750)
"EndpointStateMachine task thread for /0.0.0.0:39283 - 0 "  prio=5 tid=361 in Object.wait()
java.lang.Thread.State: WAITING (on object monitor)
        at sun.misc.Unsafe.park(Native Method)
        at java.util.concurrent.locks.LockSupport.park(LockSupport.java:175)
        at java.util.concurrent.locks.AbstractQueuedSynchronizer$ConditionObject.await(AbstractQueuedSynchronizer.java:2039)
        at java.util.concurrent.LinkedBlockingQueue.take(LinkedBlockingQueue.java:442)
        at java.util.concurrent.ThreadPoolExecutor.getTask(ThreadPoolExecutor.java:1074)
        at java.util.concurrent.ThreadPoolExecutor.runWorker(ThreadPoolExecutor.java:1134)
        at java.util.concurrent.ThreadPoolExecutor$Worker.run(ThreadPoolExecutor.java:624)
        at java.lang.Thread.run(Thread.java:750)
"31d5b2a7-dd00-41c8-9482-fa5c506864d0@group-12B37F794426-StateMachineUpdater" daemon prio=5 tid=448 timed_waiting
java.lang.Thread.State: TIMED_WAITING
        at sun.misc.Unsafe.park(Native Method)
        at java.util.concurrent.locks.LockSupport.parkNanos(LockSupport.java:215)
        at java.util.concurrent.CompletableFuture$Signaller.block(CompletableFuture.java:1709)
        at java.util.concurrent.ForkJoinPool.managedBlock(ForkJoinPool.java:3323)
        at java.util.concurrent.CompletableFuture.timedGet(CompletableFuture.java:1788)
        at java.util.concurrent.CompletableFuture.get(CompletableFuture.java:1928)
        at org.apache.ratis.util.AwaitForSignal.await(AwaitForSignal.java:56)
        at org.apache.ratis.server.impl.StateMachineUpdater.waitForCommit(StateMachineUpdater.java:207)
        at org.apache.ratis.server.impl.StateMachineUpdater.run(StateMachineUpdater.java:176)
        at java.lang.Thread.run(Thread.java:750)
"ea638ff9-1ace-4fa2-9837-fa4aefb4be68@group-4E379A91CD26-SegmentedRaftLogWorker"  prio=5 tid=492 timed_waiting
java.lang.Thread.State: TIMED_WAITING
        at sun.misc.Unsafe.park(Native Method)
        at java.util.concurrent.locks.LockSupport.parkNanos(LockSupport.java:215)
        at java.util.concurrent.locks.AbstractQueuedSynchronizer$ConditionObject.awaitNanos(AbstractQueuedSynchronizer.java:2078)
        at org.apache.ratis.util.DataBlockingQueue.poll(DataBlockingQueue.java:148)
        at org.apache.ratis.server.raftlog.segmented.SegmentedRaftLogWorker.run(SegmentedRaftLogWorker.java:310)
        at org.apache.ratis.server.raftlog.segmented.SegmentedRaftLogWorker$$Lambda$689/643581441.run(Unknown Source)
        at java.lang.Thread.run(Thread.java:750)
"IPC Server handler 12 on default port 41227" daemon prio=5 tid=60 timed_waiting
java.lang.Thread.State: TIMED_WAITING
        at sun.misc.Unsafe.park(Native Method)
        at java.util.concurrent.locks.LockSupport.parkNanos(LockSupport.java:215)
        at java.util.concurrent.locks.AbstractQueuedSynchronizer$ConditionObject.awaitNanos(AbstractQueuedSynchronizer.java:2078)
        at java.util.concurrent.LinkedBlockingQueue.poll(LinkedBlockingQueue.java:467)
        at org.apache.hadoop.ipc.CallQueueManager.take(CallQueueManager.java:317)
        at org.apache.hadoop.ipc.Server$Handler.run(Server.java:2942)
"Datanode State Machine Daemon Thread" daemon prio=5 tid=222 timed_waiting
java.lang.Thread.State: TIMED_WAITING
        at java.lang.Thread.sleep(Native Method)
        at org.apache.hadoop.ozone.container.common.statemachine.DatanodeStateMachine.startStateMachineThread(DatanodeStateMachine.java:321)
        at org.apache.hadoop.ozone.container.common.statemachine.DatanodeStateMachine.lambda$startDaemon$0(DatanodeStateMachine.java:506)
        at org.apache.hadoop.ozone.container.common.statemachine.DatanodeStateMachine$$Lambda$775/1835305867.run(Unknown Source)
        at java.lang.Thread.run(Thread.java:750)
"BlockDeletingService#0" daemon prio=5 tid=380 in Object.wait()
java.lang.Thread.State: WAITING (on object monitor)
        at sun.misc.Unsafe.park(Native Method)
        at java.util.concurrent.locks.LockSupport.park(LockSupport.java:175)
        at java.util.concurrent.locks.AbstractQueuedSynchronizer$ConditionObject.await(AbstractQueuedSynchronizer.java:2039)
        at java.util.concurrent.ScheduledThreadPoolExecutor$DelayedWorkQueue.take(ScheduledThreadPoolExecutor.java:1088)
        at java.util.concurrent.ScheduledThreadPoolExecutor$DelayedWorkQueue.take(ScheduledThreadPoolExecutor.java:809)
        at java.util.concurrent.ThreadPoolExecutor.getTask(ThreadPoolExecutor.java:1074)
        at java.util.concurrent.ThreadPoolExecutor.runWorker(ThreadPoolExecutor.java:1134)
        at java.util.concurrent.ThreadPoolExecutor$Worker.run(ThreadPoolExecutor.java:624)
        at java.lang.Thread.run(Thread.java:750)
"Command processor thread" daemon prio=5 tid=254 timed_waiting
java.lang.Thread.State: TIMED_WAITING
        at java.lang.Thread.sleep(Native Method)
        at org.apache.hadoop.ozone.container.common.statemachine.DatanodeStateMachine.lambda$initCommandHandlerThread$3(DatanodeStateMachine.java:641)
        at org.apache.hadoop.ozone.container.common.statemachine.DatanodeStateMachine$$Lambda$777/1909491340.run(Unknown Source)
        at java.lang.Thread.run(Thread.java:750)
"Datanode State Machine Task Thread - 1"  prio=5 tid=402 in Object.wait()
java.lang.Thread.State: WAITING (on object monitor)
        at sun.misc.Unsafe.park(Native Method)
        at java.util.concurrent.locks.LockSupport.park(LockSupport.java:175)
        at java.util.concurrent.locks.AbstractQueuedSynchronizer$ConditionObject.await(AbstractQueuedSynchronizer.java:2039)
        at java.util.concurrent.LinkedBlockingQueue.take(LinkedBlockingQueue.java:442)
        at java.util.concurrent.ThreadPoolExecutor.getTask(ThreadPoolExecutor.java:1074)
        at java.util.concurrent.ThreadPoolExecutor.runWorker(ThreadPoolExecutor.java:1134)
        at java.util.concurrent.ThreadPoolExecutor$Worker.run(ThreadPoolExecutor.java:624)
        at java.lang.Thread.run(Thread.java:750)
"Socket Reader #1 for port 0"  prio=5 tid=25 runnable
java.lang.Thread.State: RUNNABLE
        at sun.nio.ch.EPollArrayWrapper.epollWait(Native Method)
        at sun.nio.ch.EPollArrayWrapper.poll(EPollArrayWrapper.java:269)
        at sun.nio.ch.EPollSelectorImpl.doSelect(EPollSelectorImpl.java:93)
        at sun.nio.ch.SelectorImpl.lockAndDoSelect(SelectorImpl.java:86)
        at sun.nio.ch.SelectorImpl.select(SelectorImpl.java:97)
        at sun.nio.ch.SelectorImpl.select(SelectorImpl.java:101)
        at org.apache.hadoop.ipc.Server$Listener$Reader.doRunLoop(Server.java:1296)
        at org.apache.hadoop.ipc.Server$Listener$Reader.run(Server.java:1275)
"Datanode State Machine Task Thread - 1"  prio=5 tid=384 in Object.wait()
java.lang.Thread.State: WAITING (on object monitor)
        at sun.misc.Unsafe.park(Native Method)
        at java.util.concurrent.locks.LockSupport.park(LockSupport.java:175)
        at java.util.concurrent.locks.AbstractQueuedSynchronizer$ConditionObject.await(AbstractQueuedSynchronizer.java:2039)
        at java.util.concurrent.LinkedBlockingQueue.take(LinkedBlockingQueue.java:442)
        at java.util.concurrent.ThreadPoolExecutor.getTask(ThreadPoolExecutor.java:1074)
        at java.util.concurrent.ThreadPoolExecutor.runWorker(ThreadPoolExecutor.java:1134)
        at java.util.concurrent.ThreadPoolExecutor$Worker.run(ThreadPoolExecutor.java:624)
        at java.lang.Thread.run(Thread.java:750)
"timer6" daemon prio=5 tid=566 timed_waiting
java.lang.Thread.State: TIMED_WAITING
        at java.lang.Object.wait(Native Method)
        at java.util.TimerThread.mainLoop(Timer.java:552)
        at java.util.TimerThread.run(Timer.java:505)
"ChunkWriter-2-0" daemon prio=5 tid=406 in Object.wait()
java.lang.Thread.State: WAITING (on object monitor)
        at sun.misc.Unsafe.park(Native Method)
        at java.util.concurrent.locks.LockSupport.park(LockSupport.java:175)
        at java.util.concurrent.locks.AbstractQueuedSynchronizer$ConditionObject.await(AbstractQueuedSynchronizer.java:2039)
        at java.util.concurrent.LinkedBlockingDeque.takeFirst(LinkedBlockingDeque.java:492)
        at java.util.concurrent.LinkedBlockingDeque.take(LinkedBlockingDeque.java:680)
        at java.util.concurrent.ThreadPoolExecutor.getTask(ThreadPoolExecutor.java:1074)
        at java.util.concurrent.ThreadPoolExecutor.runWorker(ThreadPoolExecutor.java:1134)
        at java.util.concurrent.ThreadPoolExecutor$Worker.run(ThreadPoolExecutor.java:624)
        at java.lang.Thread.run(Thread.java:750)
"IPC Server handler 13 on default port 45385" daemon prio=5 tid=81 timed_waiting
java.lang.Thread.State: TIMED_WAITING
        at sun.misc.Unsafe.park(Native Method)
        at java.util.concurrent.locks.LockSupport.parkNanos(LockSupport.java:215)
        at java.util.concurrent.locks.AbstractQueuedSynchronizer$ConditionObject.awaitNanos(AbstractQueuedSynchronizer.java:2078)
        at java.util.concurrent.LinkedBlockingQueue.poll(LinkedBlockingQueue.java:467)
        at org.apache.hadoop.ipc.CallQueueManager.take(CallQueueManager.java:317)
        at org.apache.hadoop.ipc.Server$Handler.run(Server.java:2942)
"IPC Server listener on 0" daemon prio=5 tid=28 runnable
java.lang.Thread.State: RUNNABLE
        at sun.nio.ch.EPollArrayWrapper.epollWait(Native Method)
        at sun.nio.ch.EPollArrayWrapper.poll(EPollArrayWrapper.java:269)
        at sun.nio.ch.EPollSelectorImpl.doSelect(EPollSelectorImpl.java:93)
        at sun.nio.ch.SelectorImpl.lockAndDoSelect(SelectorImpl.java:86)
        at sun.nio.ch.SelectorImpl.select(SelectorImpl.java:97)
        at sun.nio.ch.SelectorImpl.select(SelectorImpl.java:101)
        at org.apache.hadoop.ipc.Server$Listener.run(Server.java:1358)
"IPC Server handler 16 on default port 41227" daemon prio=5 tid=64 timed_waiting
java.lang.Thread.State: TIMED_WAITING
        at sun.misc.Unsafe.park(Native Method)
        at java.util.concurrent.locks.LockSupport.parkNanos(LockSupport.java:215)
        at java.util.concurrent.locks.AbstractQueuedSynchronizer$ConditionObject.awaitNanos(AbstractQueuedSynchronizer.java:2078)
        at java.util.concurrent.LinkedBlockingQueue.poll(LinkedBlockingQueue.java:467)
        at org.apache.hadoop.ipc.CallQueueManager.take(CallQueueManager.java:317)
        at org.apache.hadoop.ipc.Server$Handler.run(Server.java:2942)
"31d5b2a7-dd00-41c8-9482-fa5c506864d0@group-73C734729954-SegmentedRaftLogWorker"  prio=5 tid=440 timed_waiting
java.lang.Thread.State: TIMED_WAITING
        at sun.misc.Unsafe.park(Native Method)
        at java.util.concurrent.locks.LockSupport.parkNanos(LockSupport.java:215)
        at java.util.concurrent.locks.AbstractQueuedSynchronizer$ConditionObject.awaitNanos(AbstractQueuedSynchronizer.java:2078)
        at org.apache.ratis.util.DataBlockingQueue.poll(DataBlockingQueue.java:148)
        at org.apache.ratis.server.raftlog.segmented.SegmentedRaftLogWorker.run(SegmentedRaftLogWorker.java:310)
        at org.apache.ratis.server.raftlog.segmented.SegmentedRaftLogWorker$$Lambda$689/643581441.run(Unknown Source)
        at java.lang.Thread.run(Thread.java:750)
"IPC Server handler 9 on default port 45385" daemon prio=5 tid=77 timed_waiting
java.lang.Thread.State: TIMED_WAITING
        at sun.misc.Unsafe.park(Native Method)
        at java.util.concurrent.locks.LockSupport.parkNanos(LockSupport.java:215)
        at java.util.concurrent.locks.AbstractQueuedSynchronizer$ConditionObject.awaitNanos(AbstractQueuedSynchronizer.java:2078)
        at java.util.concurrent.LinkedBlockingQueue.poll(LinkedBlockingQueue.java:467)
        at org.apache.hadoop.ipc.CallQueueManager.take(CallQueueManager.java:317)
        at org.apache.hadoop.ipc.Server$Handler.run(Server.java:2942)
"org.apache.hadoop.ozone.container.common.statemachine.commandhandler.DeleteBlocksCommandHandler$DeleteCmdWorker@7e3cc762" daemon prio=5 tid=237 timed_waiting
java.lang.Thread.State: TIMED_WAITING
        at java.lang.Thread.sleep(Native Method)
        at org.apache.hadoop.ozone.container.common.statemachine.commandhandler.DeleteBlocksCommandHandler$DeleteCmdWorker.run(DeleteBlocksCommandHandler.java:183)
        at java.lang.Thread.run(Thread.java:750)
"Datanode ReportManager Thread - 4" daemon prio=5 tid=253 in Object.wait()
java.lang.Thread.State: WAITING (on object monitor)
        at sun.misc.Unsafe.park(Native Method)
        at java.util.concurrent.locks.LockSupport.park(LockSupport.java:175)
        at java.util.concurrent.locks.AbstractQueuedSynchronizer$ConditionObject.await(AbstractQueuedSynchronizer.java:2039)
        at java.util.concurrent.ScheduledThreadPoolExecutor$DelayedWorkQueue.take(ScheduledThreadPoolExecutor.java:1088)
        at java.util.concurrent.ScheduledThreadPoolExecutor$DelayedWorkQueue.take(ScheduledThreadPoolExecutor.java:809)
        at java.util.concurrent.ThreadPoolExecutor.getTask(ThreadPoolExecutor.java:1074)
        at java.util.concurrent.ThreadPoolExecutor.runWorker(ThreadPoolExecutor.java:1134)
        at java.util.concurrent.ThreadPoolExecutor$Worker.run(ThreadPoolExecutor.java:624)
        at java.lang.Thread.run(Thread.java:750)
"qtp114743324-117" daemon prio=5 tid=117 timed_waiting
java.lang.Thread.State: TIMED_WAITING
        at sun.misc.Unsafe.park(Native Method)
        at java.util.concurrent.locks.LockSupport.parkNanos(LockSupport.java:215)
        at java.util.concurrent.locks.AbstractQueuedSynchronizer$ConditionObject.awaitNanos(AbstractQueuedSynchronizer.java:2078)
        at org.eclipse.jetty.util.BlockingArrayQueue.poll(BlockingArrayQueue.java:382)
        at org.eclipse.jetty.util.thread.QueuedThreadPool$Runner.idleJobPoll(QueuedThreadPool.java:974)
        at org.eclipse.jetty.util.thread.QueuedThreadPool$Runner.run(QueuedThreadPool.java:1018)
        at java.lang.Thread.run(Thread.java:750)
"StaleRecoveringContainerScrubbingService#0" daemon prio=5 tid=345 in Object.wait()
java.lang.Thread.State: WAITING (on object monitor)
        at sun.misc.Unsafe.park(Native Method)
        at java.util.concurrent.locks.LockSupport.park(LockSupport.java:175)
        at java.util.concurrent.locks.AbstractQueuedSynchronizer$ConditionObject.await(AbstractQueuedSynchronizer.java:2039)
        at java.util.concurrent.ScheduledThreadPoolExecutor$DelayedWorkQueue.take(ScheduledThreadPoolExecutor.java:1088)
        at java.util.concurrent.ScheduledThreadPoolExecutor$DelayedWorkQueue.take(ScheduledThreadPoolExecutor.java:809)
        at java.util.concurrent.ThreadPoolExecutor.getTask(ThreadPoolExecutor.java:1074)
        at java.util.concurrent.ThreadPoolExecutor.runWorker(ThreadPoolExecutor.java:1134)
        at java.util.concurrent.ThreadPoolExecutor$Worker.run(ThreadPoolExecutor.java:624)
        at java.lang.Thread.run(Thread.java:750)
"IPC Server idle connection scanner for port 40183" daemon prio=5 tid=133 timed_waiting
java.lang.Thread.State: TIMED_WAITING
        at java.lang.Object.wait(Native Method)
        at java.util.TimerThread.mainLoop(Timer.java:552)
        at java.util.TimerThread.run(Timer.java:505)
"31d5b2a7-dd00-41c8-9482-fa5c506864d0@group-12B37F794426-LeaderStateImpl" daemon prio=5 tid=506 timed_waiting
java.lang.Thread.State: TIMED_WAITING
        at sun.misc.Unsafe.park(Native Method)
        at java.util.concurrent.locks.LockSupport.parkNanos(LockSupport.java:215)
        at java.util.concurrent.locks.AbstractQueuedSynchronizer$ConditionObject.awaitNanos(AbstractQueuedSynchronizer.java:2078)
        at java.util.concurrent.ArrayBlockingQueue.poll(ArrayBlockingQueue.java:418)
        at org.apache.ratis.server.impl.LeaderStateImpl$EventQueue.poll(LeaderStateImpl.java:159)
        at org.apache.ratis.server.impl.LeaderStateImpl$EventProcessor.run(LeaderStateImpl.java:630)
"EventQueue-NewNodeForNewNodeHandler" daemon prio=5 tid=396 in Object.wait()
java.lang.Thread.State: WAITING (on object monitor)
        at sun.misc.Unsafe.park(Native Method)
        at java.util.concurrent.locks.LockSupport.park(LockSupport.java:175)
        at java.util.concurrent.locks.AbstractQueuedSynchronizer$ConditionObject.await(AbstractQueuedSynchronizer.java:2039)
        at java.util.concurrent.LinkedBlockingQueue.take(LinkedBlockingQueue.java:442)
        at java.util.concurrent.ThreadPoolExecutor.getTask(ThreadPoolExecutor.java:1074)
        at java.util.concurrent.ThreadPoolExecutor.runWorker(ThreadPoolExecutor.java:1134)
        at java.util.concurrent.ThreadPoolExecutor$Worker.run(ThreadPoolExecutor.java:624)
        at java.lang.Thread.run(Thread.java:750)
"IPC Server handler 8 on default port 41227" daemon prio=5 tid=56 timed_waiting
java.lang.Thread.State: TIMED_WAITING
        at sun.misc.Unsafe.park(Native Method)
        at java.util.concurrent.locks.LockSupport.parkNanos(LockSupport.java:215)
        at java.util.concurrent.locks.AbstractQueuedSynchronizer$ConditionObject.awaitNanos(AbstractQueuedSynchronizer.java:2078)
        at java.util.concurrent.LinkedBlockingQueue.poll(LinkedBlockingQueue.java:467)
        at org.apache.hadoop.ipc.CallQueueManager.take(CallQueueManager.java:317)
        at org.apache.hadoop.ipc.Server$Handler.run(Server.java:2942)
"timer2" daemon prio=5 tid=548 timed_waiting
java.lang.Thread.State: TIMED_WAITING
        at java.lang.Object.wait(Native Method)
        at java.util.TimerThread.mainLoop(Timer.java:552)
        at java.util.TimerThread.run(Timer.java:505)
"qtp1101359833-243" daemon prio=5 tid=243 timed_waiting
java.lang.Thread.State: TIMED_WAITING
        at sun.misc.Unsafe.park(Native Method)
        at java.util.concurrent.locks.LockSupport.parkNanos(LockSupport.java:215)
        at java.util.concurrent.locks.AbstractQueuedSynchronizer$ConditionObject.awaitNanos(AbstractQueuedSynchronizer.java:2078)
        at org.eclipse.jetty.util.BlockingArrayQueue.poll(BlockingArrayQueue.java:382)
        at org.eclipse.jetty.util.thread.QueuedThreadPool$Runner.idleJobPoll(QueuedThreadPool.java:974)
        at org.eclipse.jetty.util.thread.QueuedThreadPool$Runner.run(QueuedThreadPool.java:1018)
        at java.lang.Thread.run(Thread.java:750)
"IPC Server handler 4 on default port 45385" daemon prio=5 tid=72 timed_waiting
java.lang.Thread.State: TIMED_WAITING
        at sun.misc.Unsafe.park(Native Method)
        at java.util.concurrent.locks.LockSupport.parkNanos(LockSupport.java:215)
        at java.util.concurrent.locks.AbstractQueuedSynchronizer$ConditionObject.awaitNanos(AbstractQueuedSynchronizer.java:2078)
        at java.util.concurrent.LinkedBlockingQueue.poll(LinkedBlockingQueue.java:467)
        at org.apache.hadoop.ipc.CallQueueManager.take(CallQueueManager.java:317)
        at org.apache.hadoop.ipc.Server$Handler.run(Server.java:2942)
"976467f4-c66a-4ccc-8167-891a23ca4537@group-73C734729954-LeaderStateImpl" daemon prio=5 tid=605 timed_waiting
java.lang.Thread.State: TIMED_WAITING
        at sun.misc.Unsafe.park(Native Method)
        at java.util.concurrent.locks.LockSupport.parkNanos(LockSupport.java:215)
        at java.util.concurrent.locks.AbstractQueuedSynchronizer$ConditionObject.awaitNanos(AbstractQueuedSynchronizer.java:2078)
        at java.util.concurrent.ArrayBlockingQueue.poll(ArrayBlockingQueue.java:418)
        at org.apache.ratis.server.impl.LeaderStateImpl$EventQueue.poll(LeaderStateImpl.java:159)
        at org.apache.ratis.server.impl.LeaderStateImpl$EventProcessor.run(LeaderStateImpl.java:630)
"EventQueue-PipelineReportForOneReplicaPipelineSafeModeRule" daemon prio=5 tid=400 in Object.wait()
java.lang.Thread.State: WAITING (on object monitor)
        at sun.misc.Unsafe.park(Native Method)
        at java.util.concurrent.locks.LockSupport.park(LockSupport.java:175)
        at java.util.concurrent.locks.AbstractQueuedSynchronizer$ConditionObject.await(AbstractQueuedSynchronizer.java:2039)
        at java.util.concurrent.LinkedBlockingQueue.take(LinkedBlockingQueue.java:442)
        at java.util.concurrent.ThreadPoolExecutor.getTask(ThreadPoolExecutor.java:1074)
        at java.util.concurrent.ThreadPoolExecutor.runWorker(ThreadPoolExecutor.java:1134)
        at java.util.concurrent.ThreadPoolExecutor$Worker.run(ThreadPoolExecutor.java:624)
        at java.lang.Thread.run(Thread.java:750)
"IPC Server handler 1 on default port 45385" daemon prio=5 tid=69 timed_waiting
java.lang.Thread.State: TIMED_WAITING
        at sun.misc.Unsafe.park(Native Method)
        at java.util.concurrent.locks.LockSupport.parkNanos(LockSupport.java:215)
        at java.util.concurrent.locks.AbstractQueuedSynchronizer$ConditionObject.awaitNanos(AbstractQueuedSynchronizer.java:2078)
        at java.util.concurrent.LinkedBlockingQueue.poll(LinkedBlockingQueue.java:467)
        at org.apache.hadoop.ipc.CallQueueManager.take(CallQueueManager.java:317)
        at org.apache.hadoop.ipc.Server$Handler.run(Server.java:2942)
"IPC Server handler 11 on default port 41227" daemon prio=5 tid=59 timed_waiting
java.lang.Thread.State: TIMED_WAITING
        at sun.misc.Unsafe.park(Native Method)
        at java.util.concurrent.locks.LockSupport.parkNanos(LockSupport.java:215)
        at java.util.concurrent.locks.AbstractQueuedSynchronizer$ConditionObject.awaitNanos(AbstractQueuedSynchronizer.java:2078)
        at java.util.concurrent.LinkedBlockingQueue.poll(LinkedBlockingQueue.java:467)
        at org.apache.hadoop.ipc.CallQueueManager.take(CallQueueManager.java:317)
        at org.apache.hadoop.ipc.Server$Handler.run(Server.java:2942)
"Datanode ReportManager Thread - 1" daemon prio=5 tid=250 in Object.wait()
java.lang.Thread.State: WAITING (on object monitor)
        at sun.misc.Unsafe.park(Native Method)
        at java.util.concurrent.locks.LockSupport.park(LockSupport.java:175)
        at java.util.concurrent.locks.AbstractQueuedSynchronizer$ConditionObject.await(AbstractQueuedSynchronizer.java:2039)
        at java.util.concurrent.ScheduledThreadPoolExecutor$DelayedWorkQueue.take(ScheduledThreadPoolExecutor.java:1088)
        at java.util.concurrent.ScheduledThreadPoolExecutor$DelayedWorkQueue.take(ScheduledThreadPoolExecutor.java:809)
        at java.util.concurrent.ThreadPoolExecutor.getTask(ThreadPoolExecutor.java:1074)
        at java.util.concurrent.ThreadPoolExecutor.runWorker(ThreadPoolExecutor.java:1134)
        at java.util.concurrent.ThreadPoolExecutor$Worker.run(ThreadPoolExecutor.java:624)
        at java.lang.Thread.run(Thread.java:750)
"Periodic HDDS volume checker" daemon prio=5 tid=310 timed_waiting
java.lang.Thread.State: TIMED_WAITING
        at sun.misc.Unsafe.park(Native Method)
        at java.util.concurrent.locks.LockSupport.parkNanos(LockSupport.java:215)
        at java.util.concurrent.locks.AbstractQueuedSynchronizer$ConditionObject.awaitNanos(AbstractQueuedSynchronizer.java:2078)
        at java.util.concurrent.ScheduledThreadPoolExecutor$DelayedWorkQueue.take(ScheduledThreadPoolExecutor.java:1093)
        at java.util.concurrent.ScheduledThreadPoolExecutor$DelayedWorkQueue.take(ScheduledThreadPoolExecutor.java:809)
        at java.util.concurrent.ThreadPoolExecutor.getTask(ThreadPoolExecutor.java:1074)
        at java.util.concurrent.ThreadPoolExecutor.runWorker(ThreadPoolExecutor.java:1134)
        at java.util.concurrent.ThreadPoolExecutor$Worker.run(ThreadPoolExecutor.java:624)
        at java.lang.Thread.run(Thread.java:750)
"IPC Server handler 2 on default port 41227" daemon prio=5 tid=50 timed_waiting
java.lang.Thread.State: TIMED_WAITING
        at sun.misc.Unsafe.park(Native Method)
        at java.util.concurrent.locks.LockSupport.parkNanos(LockSupport.java:215)
        at java.util.concurrent.locks.AbstractQueuedSynchronizer$ConditionObject.awaitNanos(AbstractQueuedSynchronizer.java:2078)
        at java.util.concurrent.LinkedBlockingQueue.poll(LinkedBlockingQueue.java:467)
        at org.apache.hadoop.ipc.CallQueueManager.take(CallQueueManager.java:317)
        at org.apache.hadoop.ipc.Server$Handler.run(Server.java:2942)
"pool-64-thread-1" daemon prio=5 tid=179 timed_waiting
java.lang.Thread.State: TIMED_WAITING
        at sun.misc.Unsafe.park(Native Method)
        at java.util.concurrent.locks.LockSupport.parkNanos(LockSupport.java:215)
        at java.util.concurrent.locks.AbstractQueuedSynchronizer$ConditionObject.awaitNanos(AbstractQueuedSynchronizer.java:2078)
        at java.util.concurrent.ScheduledThreadPoolExecutor$DelayedWorkQueue.take(ScheduledThreadPoolExecutor.java:1093)
        at java.util.concurrent.ScheduledThreadPoolExecutor$DelayedWorkQueue.take(ScheduledThreadPoolExecutor.java:809)
        at java.util.concurrent.ThreadPoolExecutor.getTask(ThreadPoolExecutor.java:1074)
        at java.util.concurrent.ThreadPoolExecutor.runWorker(ThreadPoolExecutor.java:1134)
        at java.util.concurrent.ThreadPoolExecutor$Worker.run(ThreadPoolExecutor.java:624)
        at java.lang.Thread.run(Thread.java:750)
"IPC Server handler 11 on default port 45385" daemon prio=5 tid=79 timed_waiting
java.lang.Thread.State: TIMED_WAITING
        at sun.misc.Unsafe.park(Native Method)
        at java.util.concurrent.locks.LockSupport.parkNanos(LockSupport.java:215)
        at java.util.concurrent.locks.AbstractQueuedSynchronizer$ConditionObject.awaitNanos(AbstractQueuedSynchronizer.java:2078)
        at java.util.concurrent.LinkedBlockingQueue.poll(LinkedBlockingQueue.java:467)
        at org.apache.hadoop.ipc.CallQueueManager.take(CallQueueManager.java:317)
        at org.apache.hadoop.ipc.Server$Handler.run(Server.java:2942)
"BlockDeletingService#2" daemon prio=5 tid=627 in Object.wait()
java.lang.Thread.State: WAITING (on object monitor)
        at sun.misc.Unsafe.park(Native Method)
        at java.util.concurrent.locks.LockSupport.park(LockSupport.java:175)
        at java.util.concurrent.locks.AbstractQueuedSynchronizer$ConditionObject.await(AbstractQueuedSynchronizer.java:2039)
        at java.util.concurrent.ScheduledThreadPoolExecutor$DelayedWorkQueue.take(ScheduledThreadPoolExecutor.java:1088)
        at java.util.concurrent.ScheduledThreadPoolExecutor$DelayedWorkQueue.take(ScheduledThreadPoolExecutor.java:809)
        at java.util.concurrent.ThreadPoolExecutor.getTask(ThreadPoolExecutor.java:1074)
        at java.util.concurrent.ThreadPoolExecutor.runWorker(ThreadPoolExecutor.java:1134)
        at java.util.concurrent.ThreadPoolExecutor$Worker.run(ThreadPoolExecutor.java:624)
        at java.lang.Thread.run(Thread.java:750)
"FixedThreadPoolWithAffinityExecutor-1-0" daemon prio=5 tid=37 timed_waiting
java.lang.Thread.State: TIMED_WAITING
        at sun.misc.Unsafe.park(Native Method)
        at java.util.concurrent.locks.LockSupport.parkNanos(LockSupport.java:215)
        at java.util.concurrent.locks.AbstractQueuedSynchronizer$ConditionObject.awaitNanos(AbstractQueuedSynchronizer.java:2078)
        at java.util.concurrent.LinkedBlockingQueue.poll(LinkedBlockingQueue.java:467)
        at org.apache.hadoop.hdds.scm.server.ContainerReportQueue.poll(ContainerReportQueue.java:266)
        at org.apache.hadoop.hdds.scm.server.ContainerReportQueue.poll(ContainerReportQueue.java:42)
        at org.apache.hadoop.hdds.server.events.FixedThreadPoolWithAffinityExecutor$ContainerReportProcessTask.run(FixedThreadPoolWithAffinityExecutor.java:218)
        at java.util.concurrent.Executors$RunnableAdapter.call(Executors.java:511)
        at java.util.concurrent.FutureTask.run(FutureTask.java:266)
        at java.util.concurrent.ThreadPoolExecutor.runWorker(ThreadPoolExecutor.java:1149)
        at java.util.concurrent.ThreadPoolExecutor$Worker.run(ThreadPoolExecutor.java:624)
        at java.lang.Thread.run(Thread.java:750)
"Listener at 127.0.0.1/40183"  prio=5 tid=1 runnable
java.lang.Thread.State: RUNNABLE
        at java.lang.Thread.dumpThreads(Native Method)
        at java.lang.Thread.getAllStackTraces(Thread.java:1615)
        at org.apache.ozone.test.TimedOutTestsListener.buildThreadDump(TimedOutTestsListener.java:93)
        at org.apache.ozone.test.TimedOutTestsListener.buildThreadDiagnosticString(TimedOutTestsListener.java:79)
        at org.apache.ozone.test.GenericTestUtils.waitFor(GenericTestUtils.java:224)
        at org.apache.hadoop.hdds.scm.pipeline.TestRatisPipelineCreateAndDestroy.waitForPipelines(TestRatisPipelineCreateAndDestroy.java:179)
        at org.apache.hadoop.hdds.scm.pipeline.TestRatisPipelineCreateAndDestroy.testAutomaticPipelineCreationOnPipelineDestroy(TestRatisPipelineCreateAndDestroy.java:95)
        at sun.reflect.NativeMethodAccessorImpl.invoke0(Native Method)
        at sun.reflect.NativeMethodAccessorImpl.invoke(NativeMethodAccessorImpl.java:62)
        at sun.reflect.DelegatingMethodAccessorImpl.invoke(DelegatingMethodAccessorImpl.java:43)
        at java.lang.reflect.Method.invoke(Method.java:498)
        at org.junit.platform.commons.util.ReflectionUtils.invokeMethod(ReflectionUtils.java:725)
        at org.junit.jupiter.engine.execution.MethodInvocation.proceed(MethodInvocation.java:60)
        at org.junit.jupiter.engine.execution.InvocationInterceptorChain$ValidatingInvocation.proceed(InvocationInterceptorChain.java:131)
        at org.junit.jupiter.engine.extension.TimeoutInvocation.proceed(TimeoutInvocation.java:46)
        at org.junit.jupiter.engine.extension.TimeoutExtension.intercept(TimeoutExtension.java:149)
        at org.junit.jupiter.engine.extension.TimeoutExtension.interceptTestableMethod(TimeoutExtension.java:140)
        at org.junit.jupiter.engine.extension.TimeoutExtension.interceptTestMethod(TimeoutExtension.java:84)
        at org.junit.jupiter.engine.descriptor.TestMethodTestDescriptor$$Lambda$158/1010931249.apply(Unknown Source)
        at org.junit.jupiter.engine.execution.ExecutableInvoker$ReflectiveInterceptorCall.lambda$ofVoidMethod$0(ExecutableInvoker.java:115)
        at org.junit.jupiter.engine.execution.ExecutableInvoker$ReflectiveInterceptorCall$$Lambda$159/1043208434.apply(Unknown Source)
        at org.junit.jupiter.engine.execution.ExecutableInvoker.lambda$invoke$0(ExecutableInvoker.java:105)
        at org.junit.jupiter.engine.execution.ExecutableInvoker$$Lambda$316/1353530305.apply(Unknown Source)
        at org.junit.jupiter.engine.execution.InvocationInterceptorChain$InterceptedInvocation.proceed(InvocationInterceptorChain.java:106)
        at org.junit.jupiter.engine.execution.InvocationInterceptorChain.proceed(InvocationInterceptorChain.java:64)
        at org.junit.jupiter.engine.execution.InvocationInterceptorChain.chainAndInvoke(InvocationInterceptorChain.java:45)
        at org.junit.jupiter.engine.execution.InvocationInterceptorChain.invoke(InvocationInterceptorChain.java:37)
        at org.junit.jupiter.engine.execution.ExecutableInvoker.invoke(ExecutableInvoker.java:104)
        at org.junit.jupiter.engine.execution.ExecutableInvoker.invoke(ExecutableInvoker.java:98)
        at org.junit.jupiter.engine.descriptor.TestMethodTestDescriptor.lambda$invokeTestMethod$7(TestMethodTestDescriptor.java:214)
        at org.junit.jupiter.engine.descriptor.TestMethodTestDescriptor$$Lambda$337/1193471756.execute(Unknown Source)
        at org.junit.platform.engine.support.hierarchical.ThrowableCollector.execute(ThrowableCollector.java:73)
        at org.junit.jupiter.engine.descriptor.TestMethodTestDescriptor.invokeTestMethod(TestMethodTestDescriptor.java:210)
        at org.junit.jupiter.engine.descriptor.TestMethodTestDescriptor.execute(TestMethodTestDescriptor.java:135)
        at org.junit.jupiter.engine.descriptor.TestMethodTestDescriptor.execute(TestMethodTestDescriptor.java:66)
        at org.junit.platform.engine.support.hierarchical.NodeTestTask.lambda$executeRecursively$6(NodeTestTask.java:151)
        at org.junit.platform.engine.support.hierarchical.NodeTestTask$$Lambda$258/1965237677.execute(Unknown Source)
        at org.junit.platform.engine.support.hierarchical.ThrowableCollector.execute(ThrowableCollector.java:73)
        at org.junit.platform.engine.support.hierarchical.NodeTestTask.lambda$executeRecursively$8(NodeTestTask.java:141)
        at org.junit.platform.engine.support.hierarchical.NodeTestTask$$Lambda$257/710708543.invoke(Unknown Source)
        at org.junit.platform.engine.support.hierarchical.Node.around(Node.java:137)
        at org.junit.platform.engine.support.hierarchical.NodeTestTask.lambda$executeRecursively$9(NodeTestTask.java:139)
        at org.junit.platform.engine.support.hierarchical.NodeTestTask$$Lambda$256/2056031695.execute(Unknown Source)
        at org.junit.platform.engine.support.hierarchical.ThrowableCollector.execute(ThrowableCollector.java:73)
        at org.junit.platform.engine.support.hierarchical.NodeTestTask.executeRecursively(NodeTestTask.java:138)
        at org.junit.platform.engine.support.hierarchical.NodeTestTask.execute(NodeTestTask.java:95)
        at org.junit.platform.engine.support.hierarchical.SameThreadHierarchicalTestExecutorService$$Lambda$262/1709804316.accept(Unknown Source)
        at java.util.ArrayList.forEach(ArrayList.java:1259)
        at org.junit.platform.engine.support.hierarchical.SameThreadHierarchicalTestExecutorService.invokeAll(SameThreadHierarchicalTestExecutorService.java:41)
        at org.junit.platform.engine.support.hierarchical.NodeTestTask.lambda$executeRecursively$6(NodeTestTask.java:155)
        at org.junit.platform.engine.support.hierarchical.NodeTestTask$$Lambda$258/1965237677.execute(Unknown Source)
        at org.junit.platform.engine.support.hierarchical.ThrowableCollector.execute(ThrowableCollector.java:73)
        at org.junit.platform.engine.support.hierarchical.NodeTestTask.lambda$executeRecursively$8(NodeTestTask.java:141)
        at org.junit.platform.engine.support.hierarchical.NodeTestTask$$Lambda$257/710708543.invoke(Unknown Source)
        at org.junit.platform.engine.support.hierarchical.Node.around(Node.java:137)
        at org.junit.platform.engine.support.hierarchical.NodeTestTask.lambda$executeRecursively$9(NodeTestTask.java:139)
        at org.junit.platform.engine.support.hierarchical.NodeTestTask$$Lambda$256/2056031695.execute(Unknown Source)
        at org.junit.platform.engine.support.hierarchical.ThrowableCollector.execute(ThrowableCollector.java:73)
        at org.junit.platform.engine.support.hierarchical.NodeTestTask.executeRecursively(NodeTestTask.java:138)
        at org.junit.platform.engine.support.hierarchical.NodeTestTask.execute(NodeTestTask.java:95)
        at org.junit.platform.engine.support.hierarchical.SameThreadHierarchicalTestExecutorService$$Lambda$262/1709804316.accept(Unknown Source)
        at java.util.ArrayList.forEach(ArrayList.java:1259)
        at org.junit.platform.engine.support.hierarchical.SameThreadHierarchicalTestExecutorService.invokeAll(SameThreadHierarchicalTestExecutorService.java:41)
        at org.junit.platform.engine.support.hierarchical.NodeTestTask.lambda$executeRecursively$6(NodeTestTask.java:155)
        at org.junit.platform.engine.support.hierarchical.NodeTestTask$$Lambda$258/1965237677.execute(Unknown Source)
        at org.junit.platform.engine.support.hierarchical.ThrowableCollector.execute(ThrowableCollector.java:73)
        at org.junit.platform.engine.support.hierarchical.NodeTestTask.lambda$executeRecursively$8(NodeTestTask.java:141)
        at org.junit.platform.engine.support.hierarchical.NodeTestTask$$Lambda$257/710708543.invoke(Unknown Source)
        at org.junit.platform.engine.support.hierarchical.Node.around(Node.java:137)
        at org.junit.platform.engine.support.hierarchical.NodeTestTask.lambda$executeRecursively$9(NodeTestTask.java:139)
        at org.junit.platform.engine.support.hierarchical.NodeTestTask$$Lambda$256/2056031695.execute(Unknown Source)
        at org.junit.platform.engine.support.hierarchical.ThrowableCollector.execute(ThrowableCollector.java:73)
        at org.junit.platform.engine.support.hierarchical.NodeTestTask.executeRecursively(NodeTestTask.java:138)
        at org.junit.platform.engine.support.hierarchical.NodeTestTask.execute(NodeTestTask.java:95)
        at org.junit.platform.engine.support.hierarchical.SameThreadHierarchicalTestExecutorService.submit(SameThreadHierarchicalTestExecutorService.java:35)
        at org.junit.platform.engine.support.hierarchical.HierarchicalTestExecutor.execute(HierarchicalTestExecutor.java:57)
        at org.junit.platform.engine.support.hierarchical.HierarchicalTestEngine.execute(HierarchicalTestEngine.java:54)
        at org.junit.platform.launcher.core.EngineExecutionOrchestrator.execute(EngineExecutionOrchestrator.java:107)
        at org.junit.platform.launcher.core.EngineExecutionOrchestrator.execute(EngineExecutionOrchestrator.java:88)
        at org.junit.platform.launcher.core.EngineExecutionOrchestrator.lambda$execute$0(EngineExecutionOrchestrator.java:54)
        at org.junit.platform.launcher.core.EngineExecutionOrchestrator$$Lambda$214/1321530272.accept(Unknown Source)
        at org.junit.platform.launcher.core.EngineExecutionOrchestrator.withInterceptedStreams(EngineExecutionOrchestrator.java:67)
        at org.junit.platform.launcher.core.EngineExecutionOrchestrator.execute(EngineExecutionOrchestrator.java:52)
        at org.junit.platform.launcher.core.DefaultLauncher.execute(DefaultLauncher.java:114)
        at org.junit.platform.launcher.core.DefaultLauncher.execute(DefaultLauncher.java:86)
        at org.junit.platform.launcher.core.DefaultLauncherSession$DelegatingLauncher.execute(DefaultLauncherSession.java:86)
        at org.junit.platform.launcher.core.SessionPerRequestLauncher.execute(SessionPerRequestLauncher.java:53)
        at org.apache.maven.surefire.junitplatform.JUnitPlatformProvider.execute(JUnitPlatformProvider.java:188)
        at org.apache.maven.surefire.junitplatform.JUnitPlatformProvider.invokeAllTests(JUnitPlatformProvider.java:154)
        at org.apache.maven.surefire.junitplatform.JUnitPlatformProvider.invoke(JUnitPlatformProvider.java:124)
        at org.apache.maven.surefire.booter.ForkedBooter.runSuitesInProcess(ForkedBooter.java:428)
        at org.apache.maven.surefire.booter.ForkedBooter.execute(ForkedBooter.java:162)
        at org.apache.maven.surefire.booter.ForkedBooter.run(ForkedBooter.java:562)
        at org.apache.maven.surefire.booter.ForkedBooter.main(ForkedBooter.java:548)
"Datanode State Machine Daemon Thread" daemon prio=5 tid=329 timed_waiting
java.lang.Thread.State: TIMED_WAITING
        at java.lang.Thread.sleep(Native Method)
        at org.apache.hadoop.ozone.container.common.statemachine.DatanodeStateMachine.startStateMachineThread(DatanodeStateMachine.java:321)
        at org.apache.hadoop.ozone.container.common.statemachine.DatanodeStateMachine.lambda$startDaemon$0(DatanodeStateMachine.java:506)
        at org.apache.hadoop.ozone.container.common.statemachine.DatanodeStateMachine$$Lambda$775/1835305867.run(Unknown Source)
        at java.lang.Thread.run(Thread.java:750)
"Session-HouseKeeper-136cb5b5-1"  prio=5 tid=247 timed_waiting
java.lang.Thread.State: TIMED_WAITING
        at sun.misc.Unsafe.park(Native Method)
        at java.util.concurrent.locks.LockSupport.parkNanos(LockSupport.java:215)
        at java.util.concurrent.locks.AbstractQueuedSynchronizer$ConditionObject.awaitNanos(AbstractQueuedSynchronizer.java:2078)
        at java.util.concurrent.ScheduledThreadPoolExecutor$DelayedWorkQueue.take(ScheduledThreadPoolExecutor.java:1093)
        at java.util.concurrent.ScheduledThreadPoolExecutor$DelayedWorkQueue.take(ScheduledThreadPoolExecutor.java:809)
        at java.util.concurrent.ThreadPoolExecutor.getTask(ThreadPoolExecutor.java:1074)
        at java.util.concurrent.ThreadPoolExecutor.runWorker(ThreadPoolExecutor.java:1134)
        at java.util.concurrent.ThreadPoolExecutor$Worker.run(ThreadPoolExecutor.java:624)
        at java.lang.Thread.run(Thread.java:750)
"org.apache.hadoop.ozone.container.common.statemachine.commandhandler.DeleteBlocksCommandHandler$DeleteCmdWorker@74392b01" daemon prio=5 tid=183 timed_waiting
java.lang.Thread.State: TIMED_WAITING
        at java.lang.Thread.sleep(Native Method)
        at org.apache.hadoop.ozone.container.common.statemachine.commandhandler.DeleteBlocksCommandHandler$DeleteCmdWorker.run(DeleteBlocksCommandHandler.java:183)
        at java.lang.Thread.run(Thread.java:750)
"31d5b2a7-dd00-41c8-9482-fa5c506864d0-server-thread2" daemon prio=5 tid=610 timed_waiting
java.lang.Thread.State: TIMED_WAITING
        at sun.misc.Unsafe.park(Native Method)
        at java.util.concurrent.locks.LockSupport.parkNanos(LockSupport.java:215)
        at java.util.concurrent.SynchronousQueue$TransferStack.awaitFulfill(SynchronousQueue.java:460)
        at java.util.concurrent.SynchronousQueue$TransferStack.transfer(SynchronousQueue.java:362)
        at java.util.concurrent.SynchronousQueue.poll(SynchronousQueue.java:941)
        at java.util.concurrent.ThreadPoolExecutor.getTask(ThreadPoolExecutor.java:1073)
        at java.util.concurrent.ThreadPoolExecutor.runWorker(ThreadPoolExecutor.java:1134)
        at java.util.concurrent.ThreadPoolExecutor$Worker.run(ThreadPoolExecutor.java:624)
        at java.lang.Thread.run(Thread.java:750)
"qtp269339862-296" daemon prio=5 tid=296 timed_waiting
java.lang.Thread.State: TIMED_WAITING
        at sun.misc.Unsafe.park(Native Method)
        at java.util.concurrent.locks.LockSupport.parkNanos(LockSupport.java:215)
        at java.util.concurrent.locks.AbstractQueuedSynchronizer$ConditionObject.awaitNanos(AbstractQueuedSynchronizer.java:2078)
        at org.eclipse.jetty.util.BlockingArrayQueue.poll(BlockingArrayQueue.java:382)
        at org.eclipse.jetty.util.thread.QueuedThreadPool$Runner.idleJobPoll(QueuedThreadPool.java:974)
        at org.eclipse.jetty.util.thread.QueuedThreadPool$Runner.run(QueuedThreadPool.java:1018)
        at java.lang.Thread.run(Thread.java:750)
"Datanode ReportManager Thread - 1" daemon prio=5 tid=196 timed_waiting
java.lang.Thread.State: TIMED_WAITING
        at sun.misc.Unsafe.park(Native Method)
        at java.util.concurrent.locks.LockSupport.parkNanos(LockSupport.java:215)
        at java.util.concurrent.locks.AbstractQueuedSynchronizer$ConditionObject.awaitNanos(AbstractQueuedSynchronizer.java:2078)
        at java.util.concurrent.ScheduledThreadPoolExecutor$DelayedWorkQueue.take(ScheduledThreadPoolExecutor.java:1093)
        at java.util.concurrent.ScheduledThreadPoolExecutor$DelayedWorkQueue.take(ScheduledThreadPoolExecutor.java:809)
        at java.util.concurrent.ThreadPoolExecutor.getTask(ThreadPoolExecutor.java:1074)
        at java.util.concurrent.ThreadPoolExecutor.runWorker(ThreadPoolExecutor.java:1134)
        at java.util.concurrent.ThreadPoolExecutor$Worker.run(ThreadPoolExecutor.java:624)
        at java.lang.Thread.run(Thread.java:750)
"BlockDeletingService#0" daemon prio=5 tid=392 in Object.wait()
java.lang.Thread.State: WAITING (on object monitor)
        at sun.misc.Unsafe.park(Native Method)
        at java.util.concurrent.locks.LockSupport.park(LockSupport.java:175)
        at java.util.concurrent.locks.AbstractQueuedSynchronizer$ConditionObject.await(AbstractQueuedSynchronizer.java:2039)
        at java.util.concurrent.ScheduledThreadPoolExecutor$DelayedWorkQueue.take(ScheduledThreadPoolExecutor.java:1088)
        at java.util.concurrent.ScheduledThreadPoolExecutor$DelayedWorkQueue.take(ScheduledThreadPoolExecutor.java:809)
        at java.util.concurrent.ThreadPoolExecutor.getTask(ThreadPoolExecutor.java:1074)
        at java.util.concurrent.ThreadPoolExecutor.runWorker(ThreadPoolExecutor.java:1134)
        at java.util.concurrent.ThreadPoolExecutor$Worker.run(ThreadPoolExecutor.java:624)
        at java.lang.Thread.run(Thread.java:750)
"Datanode State Machine Task Thread - 0"  prio=5 tid=282 in Object.wait()
java.lang.Thread.State: WAITING (on object monitor)
        at sun.misc.Unsafe.park(Native Method)
        at java.util.concurrent.locks.LockSupport.park(LockSupport.java:175)
        at java.util.concurrent.locks.AbstractQueuedSynchronizer$ConditionObject.await(AbstractQueuedSynchronizer.java:2039)
        at java.util.concurrent.LinkedBlockingQueue.take(LinkedBlockingQueue.java:442)
        at java.util.concurrent.ThreadPoolExecutor.getTask(ThreadPoolExecutor.java:1074)
        at java.util.concurrent.ThreadPoolExecutor.runWorker(ThreadPoolExecutor.java:1134)
        at java.util.concurrent.ThreadPoolExecutor$Worker.run(ThreadPoolExecutor.java:624)
        at java.lang.Thread.run(Thread.java:750)
"qtp1101359833-242" daemon prio=5 tid=242 timed_waiting
java.lang.Thread.State: TIMED_WAITING
        at sun.misc.Unsafe.park(Native Method)
        at java.util.concurrent.locks.LockSupport.parkNanos(LockSupport.java:215)
        at java.util.concurrent.locks.AbstractQueuedSynchronizer$ConditionObject.awaitNanos(AbstractQueuedSynchronizer.java:2078)
        at org.eclipse.jetty.util.BlockingArrayQueue.poll(BlockingArrayQueue.java:382)
        at org.eclipse.jetty.util.thread.QueuedThreadPool$Runner.idleJobPoll(QueuedThreadPool.java:974)
        at org.eclipse.jetty.util.thread.QueuedThreadPool$Runner.run(QueuedThreadPool.java:1018)
        at java.lang.Thread.run(Thread.java:750)
"BlockDeletingService#0" daemon prio=5 tid=356 in Object.wait()
java.lang.Thread.State: WAITING (on object monitor)
        at sun.misc.Unsafe.park(Native Method)
        at java.util.concurrent.locks.LockSupport.park(LockSupport.java:175)
        at java.util.concurrent.locks.AbstractQueuedSynchronizer$ConditionObject.await(AbstractQueuedSynchronizer.java:2039)
        at java.util.concurrent.ScheduledThreadPoolExecutor$DelayedWorkQueue.take(ScheduledThreadPoolExecutor.java:1088)
        at java.util.concurrent.ScheduledThreadPoolExecutor$DelayedWorkQueue.take(ScheduledThreadPoolExecutor.java:809)
        at java.util.concurrent.ThreadPoolExecutor.getTask(ThreadPoolExecutor.java:1074)
        at java.util.concurrent.ThreadPoolExecutor.runWorker(ThreadPoolExecutor.java:1134)
        at java.util.concurrent.ThreadPoolExecutor$Worker.run(ThreadPoolExecutor.java:624)
        at java.lang.Thread.run(Thread.java:750)
"pool-164-thread-1"  prio=5 tid=473 in Object.wait()
java.lang.Thread.State: WAITING (on object monitor)
        at sun.misc.Unsafe.park(Native Method)
        at java.util.concurrent.locks.LockSupport.park(LockSupport.java:175)
        at java.util.concurrent.locks.AbstractQueuedSynchronizer$ConditionObject.await(AbstractQueuedSynchronizer.java:2039)
        at java.util.concurrent.LinkedBlockingQueue.take(LinkedBlockingQueue.java:442)
        at java.util.concurrent.ThreadPoolExecutor.getTask(ThreadPoolExecutor.java:1074)
        at java.util.concurrent.ThreadPoolExecutor.runWorker(ThreadPoolExecutor.java:1134)
        at java.util.concurrent.ThreadPoolExecutor$Worker.run(ThreadPoolExecutor.java:624)
        at java.lang.Thread.run(Thread.java:750)
"pool-127-thread-1"  prio=5 tid=238 timed_waiting
java.lang.Thread.State: TIMED_WAITING
        at sun.misc.Unsafe.park(Native Method)
        at java.util.concurrent.locks.LockSupport.parkNanos(LockSupport.java:215)
        at java.util.concurrent.locks.AbstractQueuedSynchronizer$ConditionObject.awaitNanos(AbstractQueuedSynchronizer.java:2078)
        at java.util.concurrent.ScheduledThreadPoolExecutor$DelayedWorkQueue.take(ScheduledThreadPoolExecutor.java:1093)
        at java.util.concurrent.ScheduledThreadPoolExecutor$DelayedWorkQueue.take(ScheduledThreadPoolExecutor.java:809)
        at java.util.concurrent.ThreadPoolExecutor.getTask(ThreadPoolExecutor.java:1074)
        at java.util.concurrent.ThreadPoolExecutor.runWorker(ThreadPoolExecutor.java:1134)
        at java.util.concurrent.ThreadPoolExecutor$Worker.run(ThreadPoolExecutor.java:624)
        at java.lang.Thread.run(Thread.java:750)
"ChunkWriter-0-0" daemon prio=5 tid=374 in Object.wait()
java.lang.Thread.State: WAITING (on object monitor)
        at sun.misc.Unsafe.park(Native Method)
        at java.util.concurrent.locks.LockSupport.park(LockSupport.java:175)
        at java.util.concurrent.locks.AbstractQueuedSynchronizer$ConditionObject.await(AbstractQueuedSynchronizer.java:2039)
        at java.util.concurrent.LinkedBlockingDeque.takeFirst(LinkedBlockingDeque.java:492)
        at java.util.concurrent.LinkedBlockingDeque.take(LinkedBlockingDeque.java:680)
        at java.util.concurrent.ThreadPoolExecutor.getTask(ThreadPoolExecutor.java:1074)
        at java.util.concurrent.ThreadPoolExecutor.runWorker(ThreadPoolExecutor.java:1134)
        at java.util.concurrent.ThreadPoolExecutor$Worker.run(ThreadPoolExecutor.java:624)
        at java.lang.Thread.run(Thread.java:750)
"org.apache.hadoop.ozone.container.common.statemachine.commandhandler.DeleteBlocksCommandHandler$DeleteCmdWorker@174af948" daemon prio=5 tid=211 timed_waiting
java.lang.Thread.State: TIMED_WAITING
        at java.lang.Thread.sleep(Native Method)
        at org.apache.hadoop.ozone.container.common.statemachine.commandhandler.DeleteBlocksCommandHandler$DeleteCmdWorker.run(DeleteBlocksCommandHandler.java:183)
        at java.lang.Thread.run(Thread.java:750)
"SCMBlockDeletingService#0" daemon prio=5 tid=108 timed_waiting
java.lang.Thread.State: TIMED_WAITING
        at sun.misc.Unsafe.park(Native Method)
        at java.util.concurrent.locks.LockSupport.parkNanos(LockSupport.java:215)
        at java.util.concurrent.locks.AbstractQueuedSynchronizer$ConditionObject.awaitNanos(AbstractQueuedSynchronizer.java:2078)
        at java.util.concurrent.ScheduledThreadPoolExecutor$DelayedWorkQueue.take(ScheduledThreadPoolExecutor.java:1093)
        at java.util.concurrent.ScheduledThreadPoolExecutor$DelayedWorkQueue.take(ScheduledThreadPoolExecutor.java:809)
        at java.util.concurrent.ThreadPoolExecutor.getTask(ThreadPoolExecutor.java:1074)
        at java.util.concurrent.ThreadPoolExecutor.runWorker(ThreadPoolExecutor.java:1134)
        at java.util.concurrent.ThreadPoolExecutor$Worker.run(ThreadPoolExecutor.java:624)
        at java.lang.Thread.run(Thread.java:750)
"qtp114743324-111" daemon prio=5 tid=111 runnable
java.lang.Thread.State: RUNNABLE
        at sun.nio.ch.EPollArrayWrapper.epollWait(Native Method)
        at sun.nio.ch.EPollArrayWrapper.poll(EPollArrayWrapper.java:269)
        at sun.nio.ch.EPollSelectorImpl.doSelect(EPollSelectorImpl.java:93)
        at sun.nio.ch.SelectorImpl.lockAndDoSelect(SelectorImpl.java:86)
        at sun.nio.ch.SelectorImpl.select(SelectorImpl.java:97)
        at sun.nio.ch.SelectorImpl.select(SelectorImpl.java:101)
        at org.eclipse.jetty.io.ManagedSelector.nioSelect(ManagedSelector.java:183)
        at org.eclipse.jetty.io.ManagedSelector.select(ManagedSelector.java:190)
        at org.eclipse.jetty.io.ManagedSelector$SelectorProducer.select(ManagedSelector.java:606)
        at org.eclipse.jetty.io.ManagedSelector$SelectorProducer.produce(ManagedSelector.java:543)
        at org.eclipse.jetty.util.thread.strategy.EatWhatYouKill.produceTask(EatWhatYouKill.java:362)
        at org.eclipse.jetty.util.thread.strategy.EatWhatYouKill.doProduce(EatWhatYouKill.java:186)
        at org.eclipse.jetty.util.thread.strategy.EatWhatYouKill.tryProduce(EatWhatYouKill.java:173)
        at org.eclipse.jetty.util.thread.strategy.EatWhatYouKill.produce(EatWhatYouKill.java:137)
        at org.eclipse.jetty.io.ManagedSelector$$Lambda$470/152349586.run(Unknown Source)
        at org.eclipse.jetty.util.thread.QueuedThreadPool.runJob(QueuedThreadPool.java:883)
        at org.eclipse.jetty.util.thread.QueuedThreadPool$Runner.run(QueuedThreadPool.java:1034)
        at java.lang.Thread.run(Thread.java:750)
"IPC Server handler 3 on default port 40183" daemon prio=5 tid=158 timed_waiting
java.lang.Thread.State: TIMED_WAITING
        at sun.misc.Unsafe.park(Native Method)
        at java.util.concurrent.locks.LockSupport.parkNanos(LockSupport.java:215)
        at java.util.concurrent.locks.AbstractQueuedSynchronizer$ConditionObject.awaitNanos(AbstractQueuedSynchronizer.java:2078)
        at java.util.concurrent.LinkedBlockingQueue.poll(LinkedBlockingQueue.java:467)
        at org.apache.hadoop.ipc.CallQueueManager.take(CallQueueManager.java:317)
        at org.apache.hadoop.ipc.Server$Handler.run(Server.java:2942)
"ChunkWriter-3-0" daemon prio=5 tid=365 in Object.wait()
java.lang.Thread.State: WAITING (on object monitor)
        at sun.misc.Unsafe.park(Native Method)
        at java.util.concurrent.locks.LockSupport.park(LockSupport.java:175)
        at java.util.concurrent.locks.AbstractQueuedSynchronizer$ConditionObject.await(AbstractQueuedSynchronizer.java:2039)
        at java.util.concurrent.LinkedBlockingDeque.takeFirst(LinkedBlockingDeque.java:492)
        at java.util.concurrent.LinkedBlockingDeque.take(LinkedBlockingDeque.java:680)
        at java.util.concurrent.ThreadPoolExecutor.getTask(ThreadPoolExecutor.java:1074)
        at java.util.concurrent.ThreadPoolExecutor.runWorker(ThreadPoolExecutor.java:1134)
        at java.util.concurrent.ThreadPoolExecutor$Worker.run(ThreadPoolExecutor.java:624)
        at java.lang.Thread.run(Thread.java:750)
"Periodic HDDS volume checker" daemon prio=5 tid=232 timed_waiting
java.lang.Thread.State: TIMED_WAITING
        at sun.misc.Unsafe.park(Native Method)
        at java.util.concurrent.locks.LockSupport.parkNanos(LockSupport.java:215)
        at java.util.concurrent.locks.AbstractQueuedSynchronizer$ConditionObject.awaitNanos(AbstractQueuedSynchronizer.java:2078)
        at java.util.concurrent.ScheduledThreadPoolExecutor$DelayedWorkQueue.take(ScheduledThreadPoolExecutor.java:1093)
        at java.util.concurrent.ScheduledThreadPoolExecutor$DelayedWorkQueue.take(ScheduledThreadPoolExecutor.java:809)
        at java.util.concurrent.ThreadPoolExecutor.getTask(ThreadPoolExecutor.java:1074)
        at java.util.concurrent.ThreadPoolExecutor.runWorker(ThreadPoolExecutor.java:1134)
        at java.util.concurrent.ThreadPoolExecutor$Worker.run(ThreadPoolExecutor.java:624)
        at java.lang.Thread.run(Thread.java:750)
"976467f4-c66a-4ccc-8167-891a23ca4537@group-73C734729954->31d5b2a7-dd00-41c8-9482-fa5c506864d0-GrpcLogAppender-LogAppenderDaemon" daemon prio=5 tid=606 timed_waiting
java.lang.Thread.State: TIMED_WAITING
        at sun.misc.Unsafe.park(Native Method)
        at java.util.concurrent.locks.LockSupport.parkNanos(LockSupport.java:215)
        at java.util.concurrent.CompletableFuture$Signaller.block(CompletableFuture.java:1709)
        at java.util.concurrent.ForkJoinPool.managedBlock(ForkJoinPool.java:3323)
        at java.util.concurrent.CompletableFuture.timedGet(CompletableFuture.java:1788)
        at java.util.concurrent.CompletableFuture.get(CompletableFuture.java:1928)
        at org.apache.ratis.util.AwaitForSignal.await(AwaitForSignal.java:56)
        at org.apache.ratis.grpc.server.GrpcLogAppender.mayWait(GrpcLogAppender.java:198)
        at org.apache.ratis.grpc.server.GrpcLogAppender.run(GrpcLogAppender.java:148)
        at org.apache.ratis.server.leader.LogAppenderDaemon.run(LogAppenderDaemon.java:78)
        at org.apache.ratis.server.leader.LogAppenderDaemon$$Lambda$1063/1396437352.run(Unknown Source)
        at java.lang.Thread.run(Thread.java:750)


	at org.apache.ozone.test.GenericTestUtils.waitFor(GenericTestUtils.java:224)
	at org.apache.hadoop.hdds.scm.pipeline.TestRatisPipelineCreateAndDestroy.waitForPipelines(TestRatisPipelineCreateAndDestroy.java:179)
	at org.apache.hadoop.hdds.scm.pipeline.TestRatisPipelineCreateAndDestroy.testAutomaticPipelineCreationOnPipelineDestroy(TestRatisPipelineCreateAndDestroy.java:95)
	at sun.reflect.NativeMethodAccessorImpl.invoke0(Native Method)
	at sun.reflect.NativeMethodAccessorImpl.invoke(NativeMethodAccessorImpl.java:62)
	at sun.reflect.DelegatingMethodAccessorImpl.invoke(DelegatingMethodAccessorImpl.java:43)
	at java.lang.reflect.Method.invoke(Method.java:498)
	at org.junit.platform.commons.util.ReflectionUtils.invokeMethod(ReflectionUtils.java:725)
	at org.junit.jupiter.engine.execution.MethodInvocation.proceed(MethodInvocation.java:60)
	at org.junit.jupiter.engine.execution.InvocationInterceptorChain$ValidatingInvocation.proceed(InvocationInterceptorChain.java:131)
	at org.junit.jupiter.engine.extension.TimeoutInvocation.proceed(TimeoutInvocation.java:46)
	at org.junit.jupiter.engine.extension.TimeoutExtension.intercept(TimeoutExtension.java:149)
	at org.junit.jupiter.engine.extension.TimeoutExtension.interceptTestableMethod(TimeoutExtension.java:140)
	at org.junit.jupiter.engine.extension.TimeoutExtension.interceptTestMethod(TimeoutExtension.java:84)
	at org.junit.jupiter.engine.execution.ExecutableInvoker$ReflectiveInterceptorCall.lambda$ofVoidMethod$0(ExecutableInvoker.java:115)
	at org.junit.jupiter.engine.execution.ExecutableInvoker.lambda$invoke$0(ExecutableInvoker.java:105)
	at org.junit.jupiter.engine.execution.InvocationInterceptorChain$InterceptedInvocation.proceed(InvocationInterceptorChain.java:106)
	at org.junit.jupiter.engine.execution.InvocationInterceptorChain.proceed(InvocationInterceptorChain.java:64)
	at org.junit.jupiter.engine.execution.InvocationInterceptorChain.chainAndInvoke(InvocationInterceptorChain.java:45)
	at org.junit.jupiter.engine.execution.InvocationInterceptorChain.invoke(InvocationInterceptorChain.java:37)
	at org.junit.jupiter.engine.execution.ExecutableInvoker.invoke(ExecutableInvoker.java:104)
	at org.junit.jupiter.engine.execution.ExecutableInvoker.invoke(ExecutableInvoker.java:98)
	at org.junit.jupiter.engine.descriptor.TestMethodTestDescriptor.lambda$invokeTestMethod$7(TestMethodTestDescriptor.java:214)
	at org.junit.platform.engine.support.hierarchical.ThrowableCollector.execute(ThrowableCollector.java:73)
	at org.junit.jupiter.engine.descriptor.TestMethodTestDescriptor.invokeTestMethod(TestMethodTestDescriptor.java:210)
	at org.junit.jupiter.engine.descriptor.TestMethodTestDescriptor.execute(TestMethodTestDescriptor.java:135)
	at org.junit.jupiter.engine.descriptor.TestMethodTestDescriptor.execute(TestMethodTestDescriptor.java:66)
	at org.junit.platform.engine.support.hierarchical.NodeTestTask.lambda$executeRecursively$6(NodeTestTask.java:151)
	at org.junit.platform.engine.support.hierarchical.ThrowableCollector.execute(ThrowableCollector.java:73)
	at org.junit.platform.engine.support.hierarchical.NodeTestTask.lambda$executeRecursively$8(NodeTestTask.java:141)
	at org.junit.platform.engine.support.hierarchical.Node.around(Node.java:137)
	at org.junit.platform.engine.support.hierarchical.NodeTestTask.lambda$executeRecursively$9(NodeTestTask.java:139)
	at org.junit.platform.engine.support.hierarchical.ThrowableCollector.execute(ThrowableCollector.java:73)
	at org.junit.platform.engine.support.hierarchical.NodeTestTask.executeRecursively(NodeTestTask.java:138)
	at org.junit.platform.engine.support.hierarchical.NodeTestTask.execute(NodeTestTask.java:95)
	at java.util.ArrayList.forEach(ArrayList.java:1259)
	at org.junit.platform.engine.support.hierarchical.SameThreadHierarchicalTestExecutorService.invokeAll(SameThreadHierarchicalTestExecutorService.java:41)
	at org.junit.platform.engine.support.hierarchical.NodeTestTask.lambda$executeRecursively$6(NodeTestTask.java:155)
	at org.junit.platform.engine.support.hierarchical.ThrowableCollector.execute(ThrowableCollector.java:73)
	at org.junit.platform.engine.support.hierarchical.NodeTestTask.lambda$executeRecursively$8(NodeTestTask.java:141)
	at org.junit.platform.engine.support.hierarchical.Node.around(Node.java:137)
	at org.junit.platform.engine.support.hierarchical.NodeTestTask.lambda$executeRecursively$9(NodeTestTask.java:139)
	at org.junit.platform.engine.support.hierarchical.ThrowableCollector.execute(ThrowableCollector.java:73)
	at org.junit.platform.engine.support.hierarchical.NodeTestTask.executeRecursively(NodeTestTask.java:138)
	at org.junit.platform.engine.support.hierarchical.NodeTestTask.execute(NodeTestTask.java:95)
	at java.util.ArrayList.forEach(ArrayList.java:1259)
	at org.junit.platform.engine.support.hierarchical.SameThreadHierarchicalTestExecutorService.invokeAll(SameThreadHierarchicalTestExecutorService.java:41)
	at org.junit.platform.engine.support.hierarchical.NodeTestTask.lambda$executeRecursively$6(NodeTestTask.java:155)
	at org.junit.platform.engine.support.hierarchical.ThrowableCollector.execute(ThrowableCollector.java:73)
	at org.junit.platform.engine.support.hierarchical.NodeTestTask.lambda$executeRecursively$8(NodeTestTask.java:141)
	at org.junit.platform.engine.support.hierarchical.Node.around(Node.java:137)
	at org.junit.platform.engine.support.hierarchical.NodeTestTask.lambda$executeRecursively$9(NodeTestTask.java:139)
	at org.junit.platform.engine.support.hierarchical.ThrowableCollector.execute(ThrowableCollector.java:73)
	at org.junit.platform.engine.support.hierarchical.NodeTestTask.executeRecursively(NodeTestTask.java:138)
	at org.junit.platform.engine.support.hierarchical.NodeTestTask.execute(NodeTestTask.java:95)
	at org.junit.platform.engine.support.hierarchical.SameThreadHierarchicalTestExecutorService.submit(SameThreadHierarchicalTestExecutorService.java:35)
	at org.junit.platform.engine.support.hierarchical.HierarchicalTestExecutor.execute(HierarchicalTestExecutor.java:57)
	at org.junit.platform.engine.support.hierarchical.HierarchicalTestEngine.execute(HierarchicalTestEngine.java:54)
	at org.junit.platform.launcher.core.EngineExecutionOrchestrator.execute(EngineExecutionOrchestrator.java:107)
	at org.junit.platform.launcher.core.EngineExecutionOrchestrator.execute(EngineExecutionOrchestrator.java:88)
	at org.junit.platform.launcher.core.EngineExecutionOrchestrator.lambda$execute$0(EngineExecutionOrchestrator.java:54)
	at org.junit.platform.launcher.core.EngineExecutionOrchestrator.withInterceptedStreams(EngineExecutionOrchestrator.java:67)
	at org.junit.platform.launcher.core.EngineExecutionOrchestrator.execute(EngineExecutionOrchestrator.java:52)
	at org.junit.platform.launcher.core.DefaultLauncher.execute(DefaultLauncher.java:114)
	at org.junit.platform.launcher.core.DefaultLauncher.execute(DefaultLauncher.java:86)
	at org.junit.platform.launcher.core.DefaultLauncherSession$DelegatingLauncher.execute(DefaultLauncherSession.java:86)
	at org.junit.platform.launcher.core.SessionPerRequestLauncher.execute(SessionPerRequestLauncher.java:53)
	at org.apache.maven.surefire.junitplatform.JUnitPlatformProvider.execute(JUnitPlatformProvider.java:188)
	at org.apache.maven.surefire.junitplatform.JUnitPlatformProvider.invokeAllTests(JUnitPlatformProvider.java:154)
	at org.apache.maven.surefire.junitplatform.JUnitPlatformProvider.invoke(JUnitPlatformProvider.java:124)
	at org.apache.maven.surefire.booter.ForkedBooter.runSuitesInProcess(ForkedBooter.java:428)
	at org.apache.maven.surefire.booter.ForkedBooter.execute(ForkedBooter.java:162)
	at org.apache.maven.surefire.booter.ForkedBooter.run(ForkedBooter.java:562)
	at org.apache.maven.surefire.booter.ForkedBooter.main(ForkedBooter.java:548)
]]></error>
    <system-out><![CDATA[2022-11-08 06:31:42,569 [main] WARN  server.ServerUtils (ServerUtils.java:getScmDbDir(148)) - ozone.scm.db.dirs is not configured. We recommend adding this setting. Falling back to ozone.metadata.dirs instead.
2022-11-08 06:31:42,684 [main] WARN  server.ServerUtils (ServerUtils.java:getScmDbDir(148)) - ozone.scm.db.dirs is not configured. We recommend adding this setting. Falling back to ozone.metadata.dirs instead.
2022-11-08 06:31:42,692 [main] INFO  ha.SCMHANodeDetails (SCMHANodeDetails.java:loadSCMHAConfig(209)) - ServiceID for StorageContainerManager is null
2022-11-08 06:31:42,716 [main] WARN  ha.SCMHANodeDetails (SCMHANodeDetails.java:validateSCMHAConfig(182)) - Invalid config ozone.scm.ratis.enable. The config was not specified, but the default value true conflicts with the expected config value false. Falling back to the expected value. Current State of SCM: SCM is running in Non-HA without Ratis Ratis SCM -> Non Ratis SCM or Non HA SCM -> HA SCM is not supported
2022-11-08 06:31:42,717 [main] INFO  ha.SCMHANodeDetails (SCMHANodeDetails.java:loadSCMHAConfig(214)) - ozone.scm.default.service.id is not defined, falling back to ozone.scm.service.ids to find serviceID for StorageContainerManager if it is HA enabled cluster
2022-11-08 06:31:43,306 [main] WARN  utils.HAUtils (HAUtils.java:getMetaDir(342)) - ozone.scm.db.dirs is not configured. We recommend adding this setting. Falling back to ozone.metadata.dirs instead.
2022-11-08 06:31:43,456 [main] WARN  db.DBStoreBuilder (DBStoreBuilder.java:applyDBDefinition(144)) - ozone.scm.db.dirs is not configured. We recommend adding this setting. Falling back to ozone.metadata.dirs instead.
2022-11-08 06:31:43,779 [main] INFO  net.NodeSchemaLoader (NodeSchemaLoader.java:loadSchemaFromFile(129)) - Loading schema from [jar:file:/home/runner/.m2/repository/org/apache/ozone/hdds-common/1.3.0-SNAPSHOT/hdds-common-1.3.0-SNAPSHOT.jar!/network-topology-default.xml]
2022-11-08 06:31:43,781 [main] INFO  net.NodeSchemaLoader (NodeSchemaLoader.java:loadSchema(176)) - Loading network topology layer schema file
2022-11-08 06:31:43,835 [main] INFO  metrics.MetricRegistries (MetricRegistriesLoader.java:load(64)) - Loaded MetricRegistries class org.apache.ratis.metrics.impl.MetricRegistriesImpl
2022-11-08 06:31:43,841 [main] INFO  upgrade.AbstractLayoutVersionManager (AbstractLayoutVersionManager.java:init(83)) - Initializing Layout version manager with metadata layout = DATANODE_SCHEMA_V3 (version = 4), software layout = DATANODE_SCHEMA_V3 (version = 4)
2022-11-08 06:31:44,068 [main] INFO  reflections.Reflections (Reflections.java:scan(232)) - Reflections took 134 ms to scan 7 urls, producing 139 keys and 336 values 
2022-11-08 06:31:44,183 [main] INFO  ha.SequenceIdGenerator (SequenceIdGenerator.java:upgradeToSequenceId(349)) - upgrade localId to 109611004723200000
2022-11-08 06:31:44,184 [main] INFO  ha.SequenceIdGenerator (SequenceIdGenerator.java:upgradeToSequenceId(359)) - upgrade delTxnId to 0
2022-11-08 06:31:44,187 [main] INFO  ha.SequenceIdGenerator (SequenceIdGenerator.java:upgradeToSequenceId(376)) - upgrade containerId to 0
2022-11-08 06:31:44,190 [main] INFO  ha.SequenceIdGenerator (SequenceIdGenerator.java:<init>(220)) - Init the HA SequenceIdGenerator.
2022-11-08 06:31:44,239 [main] INFO  node.SCMNodeManager (SCMNodeManager.java:<init>(149)) - Entering startup safe mode.
2022-11-08 06:31:44,299 [main] INFO  algorithms.ContainerPlacementPolicyFactory (ContainerPlacementPolicyFactory.java:getPolicyInternal(86)) - Create container placement policy of type org.apache.hadoop.hdds.scm.container.placement.algorithms.SCMContainerPlacementRandom
2022-11-08 06:31:44,302 [main] INFO  algorithms.ContainerPlacementPolicyFactory (ContainerPlacementPolicyFactory.java:getPolicyInternal(86)) - Create container placement policy of type org.apache.hadoop.hdds.scm.container.placement.algorithms.SCMContainerPlacementRackScatter
2022-11-08 06:31:44,322 [main] INFO  pipeline.PipelineStateManagerImpl (PipelineStateManagerImpl.java:initialize(78)) - No pipeline exists in current db
2022-11-08 06:31:44,356 [main] INFO  algorithms.LeaderChoosePolicyFactory (LeaderChoosePolicyFactory.java:getPolicy(57)) - Create leader choose policy of type org.apache.hadoop.hdds.scm.pipeline.leader.choose.algorithms.MinLeaderCountChoosePolicy
2022-11-08 06:31:44,357 [main] INFO  algorithms.ContainerPlacementPolicyFactory (ContainerPlacementPolicyFactory.java:getPolicyInternal(86)) - Create container placement policy of type org.apache.hadoop.hdds.scm.container.placement.algorithms.SCMContainerPlacementRackScatter
2022-11-08 06:31:44,362 [main] INFO  ha.SCMServiceManager (SCMServiceManager.java:register(42)) - Registering service BackgroundPipelineCreator.
2022-11-08 06:31:44,363 [main] INFO  pipeline.BackgroundPipelineCreator (BackgroundPipelineCreator.java:start(124)) - Starting RatisPipelineUtilsThread.
2022-11-08 06:31:44,367 [main] INFO  BackgroundPipelineScrubber (BackgroundSCMService.java:start(68)) - Starting BackgroundPipelineScrubber Service.
2022-11-08 06:31:44,369 [main] INFO  ha.SCMServiceManager (SCMServiceManager.java:register(42)) - Registering service BackgroundPipelineScrubber.
2022-11-08 06:31:44,376 [main] INFO  ExpiredContainerReplicaOpScrubber (BackgroundSCMService.java:start(68)) - Starting ExpiredContainerReplicaOpScrubber Service.
2022-11-08 06:31:44,381 [main] INFO  ha.SCMServiceManager (SCMServiceManager.java:register(42)) - Registering service ExpiredContainerReplicaOpScrubber.
2022-11-08 06:31:44,423 [main] INFO  algorithms.PipelineChoosePolicyFactory (PipelineChoosePolicyFactory.java:createPipelineChoosePolicyFromClass(73)) - Create pipeline choose policy of type org.apache.hadoop.hdds.scm.pipeline.choose.algorithms.RandomPipelineChoosePolicy
2022-11-08 06:31:44,441 [main] INFO  ha.SCMServiceManager (SCMServiceManager.java:register(42)) - Registering service SCMBlockDeletingService.
2022-11-08 06:31:44,487 [main] INFO  replication.ReplicationManager (ReplicationManager.java:start(239)) - Starting Replication Monitor Thread.
2022-11-08 06:31:44,494 [main] INFO  ha.SCMServiceManager (SCMServiceManager.java:register(42)) - Registering service ReplicationManager.
2022-11-08 06:31:44,501 [ReplicationMonitor] INFO  replication.ReplicationManager (ReplicationManager.java:processAll(307)) - Replication Manager is not ready to run until 3000ms after safemode exit
2022-11-08 06:31:44,502 [main] INFO  safemode.ContainerSafeModeRule (ContainerSafeModeRule.java:<init>(89)) - containers with one replica threshold count 0
2022-11-08 06:31:44,506 [main] INFO  safemode.HealthyPipelineSafeModeRule (HealthyPipelineSafeModeRule.java:initializeRule(169)) - Total pipeline count is 0, healthy pipeline threshold count is 1
2022-11-08 06:31:44,508 [main] INFO  safemode.OneReplicaPipelineSafeModeRule (OneReplicaPipelineSafeModeRule.java:initializeRule(180)) - Total pipeline count is 0, pipeline's with at least one datanode reported threshold count is 0
2022-11-08 06:31:44,841 [main] INFO  audit.AuditLogger (AuditLogger.java:refreshDebugCmdSet(126)) - Refresh DebugCmdSet for SCMAudit to [].
2022-11-08 06:31:44,875 [main] INFO  ipc.CallQueueManager (CallQueueManager.java:<init>(90)) - Using callQueue: class java.util.concurrent.LinkedBlockingQueue, queueCapacity: 2000, scheduler: class org.apache.hadoop.ipc.DefaultRpcScheduler, ipcBackoff: false.
2022-11-08 06:31:44,925 [Socket Reader #1 for port 0] INFO  ipc.Server (Server.java:run(1273)) - Starting Socket Reader #1 for port 0
2022-11-08 06:31:44,985 [Listener at 0.0.0.0/39283] INFO  audit.AuditLogger (AuditLogger.java:refreshDebugCmdSet(126)) - Refresh DebugCmdSet for SCMAudit to [].
2022-11-08 06:31:44,991 [Listener at 0.0.0.0/39283] INFO  ipc.CallQueueManager (CallQueueManager.java:<init>(90)) - Using callQueue: class java.util.concurrent.LinkedBlockingQueue, queueCapacity: 2000, scheduler: class org.apache.hadoop.ipc.DefaultRpcScheduler, ipcBackoff: false.
2022-11-08 06:31:45,002 [Socket Reader #1 for port 0] INFO  ipc.Server (Server.java:run(1273)) - Starting Socket Reader #1 for port 0
2022-11-08 06:31:45,032 [Listener at 0.0.0.0/45385] INFO  audit.AuditLogger (AuditLogger.java:refreshDebugCmdSet(126)) - Refresh DebugCmdSet for SCMAudit to [].
2022-11-08 06:31:45,044 [Listener at 0.0.0.0/45385] INFO  ipc.CallQueueManager (CallQueueManager.java:<init>(90)) - Using callQueue: class java.util.concurrent.LinkedBlockingQueue, queueCapacity: 2000, scheduler: class org.apache.hadoop.ipc.DefaultRpcScheduler, ipcBackoff: false.
2022-11-08 06:31:45,046 [Socket Reader #1 for port 0] INFO  ipc.Server (Server.java:run(1273)) - Starting Socket Reader #1 for port 0
2022-11-08 06:31:45,083 [Listener at 0.0.0.0/41227] INFO  ha.SCMServiceManager (SCMServiceManager.java:register(42)) - Registering service ContainerBalancer.
2022-11-08 06:31:45,085 [Listener at 0.0.0.0/41227] INFO  server.StorageContainerManager (StorageContainerManager.java:<init>(415)) - 
Container Balancer status:
Key                            Value
Running                        true
Container Balancer Configuration values:
Key                                                Value
Threshold                                          10
Max Datanodes to Involve per Iteration(percent)    20
Max Size to Move per Iteration                     500GB
Max Size Entering Target per Iteration             26GB
Max Size Leaving Source per Iteration              26GB

2022-11-08 06:31:45,090 [Listener at 0.0.0.0/41227] WARN  events.EventQueue (EventQueue.java:fireEvent(216)) - No event handler registered for event TypedEvent{payloadType=SafeModeStatus, name='Safe mode status'}
2022-11-08 06:31:45,090 [Listener at 0.0.0.0/41227] INFO  ha.SCMContext (SCMContext.java:updateSafeModeStatus(228)) - Update SafeModeStatus from SafeModeStatus{safeModeStatus=true, preCheckPassed=false} to SafeModeStatus{safeModeStatus=true, preCheckPassed=false}.
2022-11-08 06:31:45,095 [Listener at 0.0.0.0/41227] INFO  server.StorageContainerManager (StorageContainerManager.java:start(1449)) - StorageContainerLocationProtocol RPC server is listening at /0.0.0.0:41227
2022-11-08 06:31:45,180 [Listener at 0.0.0.0/41227] WARN  impl.MetricsConfig (MetricsConfig.java:loadFirst(136)) - Cannot locate configuration: tried hadoop-metrics2-storagecontainermanager.properties,hadoop-metrics2.properties
2022-11-08 06:31:45,193 [Listener at 0.0.0.0/41227] INFO  impl.MetricsSystemImpl (MetricsSystemImpl.java:startTimer(378)) - Scheduled Metric snapshot period at 10 second(s).
2022-11-08 06:31:45,193 [Listener at 0.0.0.0/41227] INFO  impl.MetricsSystemImpl (MetricsSystemImpl.java:start(191)) - StorageContainerManager metrics system started
2022-11-08 06:31:45,522 [Listener at 0.0.0.0/41227] INFO  server.SCMClientProtocolServer (SCMClientProtocolServer.java:start(170)) - RPC server for Client  is listening at /0.0.0.0:41227
2022-11-08 06:31:45,525 [IPC Server Responder] INFO  ipc.Server (Server.java:run(1512)) - IPC Server Responder: starting
2022-11-08 06:31:45,527 [IPC Server listener on 0] INFO  ipc.Server (Server.java:run(1352)) - IPC Server listener on 0: starting
2022-11-08 06:31:45,565 [Listener at 0.0.0.0/41227] INFO  server.StorageContainerManager (StorageContainerManager.java:start(1464)) - ScmBlockLocationProtocol RPC server is listening at /0.0.0.0:45385
2022-11-08 06:31:45,566 [Listener at 0.0.0.0/41227] INFO  server.SCMBlockProtocolServer (SCMBlockProtocolServer.java:start(152)) - RPC server for Block Protocol is listening at /0.0.0.0:45385
2022-11-08 06:31:45,567 [IPC Server Responder] INFO  ipc.Server (Server.java:run(1512)) - IPC Server Responder: starting
2022-11-08 06:31:45,567 [IPC Server listener on 0] INFO  ipc.Server (Server.java:run(1352)) - IPC Server listener on 0: starting
2022-11-08 06:31:45,570 [Listener at 0.0.0.0/41227] INFO  server.SCMDatanodeProtocolServer (SCMDatanodeProtocolServer.java:start(186)) - ScmDatanodeProtocol RPC server for DataNodes is listening at /0.0.0.0:39283
2022-11-08 06:31:45,571 [IPC Server Responder] INFO  ipc.Server (Server.java:run(1512)) - IPC Server Responder: starting
2022-11-08 06:31:45,571 [IPC Server listener on 0] INFO  ipc.Server (Server.java:run(1352)) - IPC Server listener on 0: starting
2022-11-08 06:31:45,589 [org.apache.hadoop.util.JvmPauseMonitor$Monitor@384f0e32] INFO  util.JvmPauseMonitor (JvmPauseMonitor.java:run(188)) - Starting JVM pause monitor
2022-11-08 06:31:45,609 [Listener at 0.0.0.0/41227] INFO  http.BaseHttpServer (BaseHttpServer.java:newHttpServer2BuilderForOzone(213)) - Starting Web-server for scm at: http://0.0.0.0:0
2022-11-08 06:31:45,609 [Listener at 0.0.0.0/41227] INFO  http.BaseHttpServer (BaseHttpServer.java:<init>(108)) - Hadoop Security Enabled: false Ozone Security Enabled: false Ozone HTTP Security Enabled: false 
2022-11-08 06:31:45,639 [Listener at 0.0.0.0/41227] INFO  util.log (Log.java:initialized(170)) - Logging initialized @4636ms to org.eclipse.jetty.util.log.Slf4jLog
2022-11-08 06:31:45,755 [Listener at 0.0.0.0/41227] WARN  server.AuthenticationFilter (AuthenticationFilter.java:constructSecretProvider(240)) - Unable to initialize FileSignerSecretProvider, falling back to use random secrets. Reason: Could not read signature secret file: /home/runner/hadoop-http-auth-signature-secret
2022-11-08 06:31:45,762 [Listener at 0.0.0.0/41227] WARN  http.HttpRequestLog (HttpRequestLog.java:getRequestLog(103)) - Jetty request log can only be enabled using Log4j
2022-11-08 06:31:45,769 [Listener at 0.0.0.0/41227] INFO  http.HttpServer2 (HttpServer2.java:addGlobalFilter(1031)) - Added global filter 'safety' (class=org.apache.hadoop.hdds.server.http.HttpServer2$QuotingInputFilter)
2022-11-08 06:31:45,771 [Listener at 0.0.0.0/41227] INFO  http.HttpServer2 (HttpServer2.java:addFilter(1007)) - Added filter static_user_filter (class=org.apache.hadoop.http.lib.StaticUserWebFilter$StaticUserFilter) to context scm
2022-11-08 06:31:45,772 [Listener at 0.0.0.0/41227] INFO  http.HttpServer2 (HttpServer2.java:addFilter(1015)) - Added filter static_user_filter (class=org.apache.hadoop.http.lib.StaticUserWebFilter$StaticUserFilter) to context static
2022-11-08 06:31:45,772 [Listener at 0.0.0.0/41227] INFO  http.HttpServer2 (HttpServer2.java:addFilter(1015)) - Added filter static_user_filter (class=org.apache.hadoop.http.lib.StaticUserWebFilter$StaticUserFilter) to context logs
2022-11-08 06:31:45,818 [Listener at 0.0.0.0/41227] INFO  http.HttpServer2 (HttpServer2.java:bindListener(1250)) - Jetty bound to port 45447
2022-11-08 06:31:45,819 [Listener at 0.0.0.0/41227] INFO  server.Server (Server.java:doStart(375)) - jetty-9.4.49.v20220914; built: 2022-09-14T01:07:36.601Z; git: 4231a3b2e4cb8548a412a789936d640a97b1aa0a; jvm 1.8.0_345-b01
2022-11-08 06:31:45,866 [Listener at 0.0.0.0/41227] INFO  server.session (DefaultSessionIdManager.java:doStart(334)) - DefaultSessionIdManager workerName=node0
2022-11-08 06:31:45,866 [Listener at 0.0.0.0/41227] INFO  server.session (DefaultSessionIdManager.java:doStart(339)) - No SessionScavenger set, using defaults
2022-11-08 06:31:45,868 [Listener at 0.0.0.0/41227] INFO  server.session (HouseKeeper.java:startScavenging(132)) - node0 Scavenging every 600000ms
2022-11-08 06:31:45,884 [Listener at 0.0.0.0/41227] INFO  handler.ContextHandler (ContextHandler.java:doStart(921)) - Started o.e.j.s.ServletContextHandler@37dc7661{logs,/logs,file:///home/runner/work/ozone/ozone/hadoop-ozone/integration-test/target/log,AVAILABLE}
2022-11-08 06:31:45,885 [Listener at 0.0.0.0/41227] INFO  handler.ContextHandler (ContextHandler.java:doStart(921)) - Started o.e.j.s.ServletContextHandler@34588991{static,/static,file:///home/runner/work/ozone/ozone/hadoop-ozone/integration-test/target/test-classes/webapps/static,AVAILABLE}
2022-11-08 06:31:45,934 [Listener at 0.0.0.0/41227] INFO  handler.ContextHandler (ContextHandler.java:doStart(921)) - Started o.e.j.w.WebAppContext@1952ad9d{scm,/,file:///home/runner/work/ozone/ozone/hadoop-ozone/integration-test/target/test-classes/webapps/scm/,AVAILABLE}{file:/home/runner/work/ozone/ozone/hadoop-ozone/integration-test/target/test-classes/webapps/scm}
2022-11-08 06:31:45,945 [Listener at 0.0.0.0/41227] INFO  server.AbstractConnector (AbstractConnector.java:doStart(333)) - Started ServerConnector@75559cd9{HTTP/1.1, (http/1.1)}{0.0.0.0:45447}
2022-11-08 06:31:45,946 [Listener at 0.0.0.0/41227] INFO  server.Server (Server.java:doStart(415)) - Started @4943ms
2022-11-08 06:31:45,949 [Listener at 0.0.0.0/41227] INFO  impl.MetricsSinkAdapter (MetricsSinkAdapter.java:start(204)) - Sink prometheus started
2022-11-08 06:31:45,949 [Listener at 0.0.0.0/41227] INFO  impl.MetricsSystemImpl (MetricsSystemImpl.java:registerSink(305)) - Registered sink prometheus
2022-11-08 06:31:45,950 [Listener at 0.0.0.0/41227] INFO  http.BaseHttpServer (BaseHttpServer.java:updateConnectorAddress(333)) - HTTP server of scm listening at http://0.0.0.0:45447
2022-11-08 06:31:45,952 [Listener at 0.0.0.0/41227] WARN  server.ServerUtils (ServerUtils.java:getDBPath(225)) - ozone.om.db.dirs is not configured. We recommend adding this setting. Falling back to ozone.metadata.dirs instead.
2022-11-08 06:31:46,022 [Listener at 0.0.0.0/41227] INFO  audit.AuditLogger (AuditLogger.java:refreshDebugCmdSet(126)) - Refresh DebugCmdSet for OMAudit to [].
2022-11-08 06:31:46,137 [Listener at 0.0.0.0/41227] INFO  ha.OMHANodeDetails (OMHANodeDetails.java:loadOMHAConfig(115)) - ozone.om.internal.service.id is not defined, falling back to ozone.om.service.ids to find serviceID for OzoneManager if it is HA enabled cluster
2022-11-08 06:31:46,141 [Listener at 0.0.0.0/41227] INFO  ha.OMHANodeDetails (OMHANodeDetails.java:loadOMHAConfig(226)) - Configuration does not have ozone.om.address set. Falling back to the default OM address /127.0.0.1:0
2022-11-08 06:31:46,142 [Listener at 0.0.0.0/41227] INFO  ha.OMHANodeDetails (OMHANodeDetails.java:getOMNodeDetailsForNonHA(254)) - OM Service ID is not set. Setting it to the default ID: omServiceIdDefault
2022-11-08 06:31:46,142 [Listener at 0.0.0.0/41227] INFO  ha.OMHANodeDetails (OMHANodeDetails.java:getOMNodeDetailsForNonHA(261)) - OM Node ID is not set. Setting it to the default ID: om1
2022-11-08 06:31:46,147 [Listener at 0.0.0.0/41227] WARN  server.ServerUtils (ServerUtils.java:getDBPath(225)) - ozone.om.db.dirs is not configured. We recommend adding this setting. Falling back to ozone.metadata.dirs instead.
2022-11-08 06:31:46,150 [Listener at 0.0.0.0/41227] INFO  upgrade.AbstractLayoutVersionManager (AbstractLayoutVersionManager.java:init(83)) - Initializing Layout version manager with metadata layout = MULTITENANCY_SCHEMA (version = 3), software layout = MULTITENANCY_SCHEMA (version = 3)
2022-11-08 06:31:46,256 [Listener at 0.0.0.0/41227] INFO  reflections.Reflections (Reflections.java:scan(232)) - Reflections took 100 ms to scan 2 urls, producing 154 keys and 428 values [using 2 cores]
2022-11-08 06:31:46,270 [Listener at 0.0.0.0/41227] INFO  upgrade.OMLayoutVersionManager (OMLayoutVersionManager.java:lambda$0(115)) - Skipping Upgrade Action MockOmUpgradeAction since it has been finalized.
2022-11-08 06:31:46,272 [Listener at 0.0.0.0/41227] WARN  server.ServerUtils (ServerUtils.java:getDBPath(225)) - ozone.om.db.dirs is not configured. We recommend adding this setting. Falling back to ozone.metadata.dirs instead.
2022-11-08 06:31:46,462 [Listener at 0.0.0.0/41227] INFO  proxy.SCMBlockLocationFailoverProxyProvider (SCMBlockLocationFailoverProxyProvider.java:<init>(114)) - Created block location fail-over proxy with 1 nodes: [nodeId=scmNodeId,nodeAddress=/0.0.0.0:45385]
2022-11-08 06:31:46,501 [Listener at 0.0.0.0/41227] INFO  proxy.SCMBlockLocationFailoverProxyProvider (SCMBlockLocationFailoverProxyProvider.java:<init>(114)) - Created block location fail-over proxy with 1 nodes: [nodeId=scmNodeId,nodeAddress=/0.0.0.0:45385]
2022-11-08 06:31:46,726 [Listener at 0.0.0.0/41227] WARN  server.ServerUtils (ServerUtils.java:getDBPath(225)) - ozone.om.db.dirs is not configured. We recommend adding this setting. Falling back to ozone.metadata.dirs instead.
2022-11-08 06:31:46,733 [Listener at 0.0.0.0/41227] INFO  codec.OmKeyInfoCodec (OmKeyInfoCodec.java:<init>(49)) - OmKeyInfoCodec ignorePipeline = true
2022-11-08 06:31:46,735 [Listener at 0.0.0.0/41227] INFO  codec.RepeatedOmKeyInfoCodec (RepeatedOmKeyInfoCodec.java:<init>(41)) - RepeatedOmKeyInfoCodec ignorePipeline = true
2022-11-08 06:31:46,951 [Listener at 0.0.0.0/41227] INFO  om.OzoneManager (OzoneManager.java:instantiateServices(715)) - S3 Multi-Tenancy is disabled
2022-11-08 06:31:47,052 [Listener at 0.0.0.0/41227] INFO  om.OzoneManager (OzoneManager.java:addS3GVolumeToDB(4395)) - Created Volume s3v With Owner runner required for S3Gateway operations.
2022-11-08 06:31:47,113 [Listener at 0.0.0.0/41227] WARN  server.ServerUtils (ServerUtils.java:getDefaultRatisDirectory(237)) - Storage directory for Ratis is not configured. It is a good idea to map this to an SSD disk. Falling back to ozone.metadata.dirs
2022-11-08 06:31:47,113 [Listener at 0.0.0.0/41227] WARN  utils.OzoneManagerRatisUtils (OzoneManagerRatisUtils.java:getOMRatisSnapshotDirectory(434)) - ozone.om.ratis.snapshot.dir is not configured. Falling back to ozone.metadata.dirs config
2022-11-08 06:31:47,138 [Listener at 0.0.0.0/41227] WARN  server.ServerUtils (ServerUtils.java:getDefaultRatisDirectory(237)) - Storage directory for Ratis is not configured. It is a good idea to map this to an SSD disk. Falling back to ozone.metadata.dirs
2022-11-08 06:31:47,172 [Listener at 0.0.0.0/41227] INFO  ratis.OzoneManagerRatisServer (OzoneManagerRatisServer.java:<init>(160)) - Instantiating OM Ratis server with groupID: omServiceIdDefault and peers: localhost:9872
2022-11-08 06:31:47,182 [Listener at 0.0.0.0/41227] INFO  ratis.OzoneManagerStateMachine (OzoneManagerStateMachine.java:loadSnapshotInfoFromDB(636)) - LastAppliedIndex is set from TransactionInfo from OM DB as (t:0, i:~)
2022-11-08 06:31:47,237 [Listener at 0.0.0.0/41227] INFO  server.RaftServer (ConfUtils.java:logGet(46)) - raft.rpc.type = GRPC (default)
2022-11-08 06:31:47,336 [Listener at 0.0.0.0/41227] INFO  grpc.GrpcConfigKeys (ConfUtils.java:logFallback(53)) - raft.grpc.admin.host = null (fallback to raft.grpc.server.host)
2022-11-08 06:31:47,338 [Listener at 0.0.0.0/41227] INFO  grpc.GrpcConfigKeys (ConfUtils.java:logFallback(53)) - raft.grpc.admin.port = 9872 (fallback to raft.grpc.server.port)
2022-11-08 06:31:47,339 [Listener at 0.0.0.0/41227] INFO  grpc.GrpcConfigKeys (ConfUtils.java:logFallback(53)) - raft.grpc.client.host = null (fallback to raft.grpc.server.host)
2022-11-08 06:31:47,339 [Listener at 0.0.0.0/41227] INFO  grpc.GrpcConfigKeys (ConfUtils.java:logFallback(53)) - raft.grpc.client.port = 9872 (fallback to raft.grpc.server.port)
2022-11-08 06:31:47,340 [Listener at 0.0.0.0/41227] INFO  grpc.GrpcConfigKeys (ConfUtils.java:logGet(46)) - raft.grpc.server.host = null (default)
2022-11-08 06:31:47,340 [Listener at 0.0.0.0/41227] INFO  grpc.GrpcConfigKeys (ConfUtils.java:logGet(46)) - raft.grpc.server.port = 9872 (custom)
2022-11-08 06:31:47,341 [Listener at 0.0.0.0/41227] INFO  server.GrpcService (ConfUtils.java:logGet(46)) - raft.grpc.message.size.max = 33554432 (custom)
2022-11-08 06:31:47,342 [Listener at 0.0.0.0/41227] INFO  server.RaftServerConfigKeys (ConfUtils.java:logGet(46)) - raft.server.log.appender.buffer.byte-limit = 33554432 (custom)
2022-11-08 06:31:47,343 [Listener at 0.0.0.0/41227] INFO  server.GrpcService (ConfUtils.java:logGet(46)) - raft.grpc.flow.control.window = 1MB (=1048576) (default)
2022-11-08 06:31:47,343 [Listener at 0.0.0.0/41227] INFO  server.RaftServerConfigKeys (ConfUtils.java:logGet(46)) - raft.server.rpc.request.timeout = 3000ms (default)
2022-11-08 06:31:47,362 [Listener at 0.0.0.0/41227] INFO  grpc.GrpcConfigKeys (ConfUtils.java:logGet(46)) - raft.grpc.server.heartbeat.channel = true (default)
2022-11-08 06:31:47,366 [Listener at 0.0.0.0/41227] INFO  grpc.GrpcConfigKeys (ConfUtils.java:logGet(46)) - raft.grpc.server.async.request.thread.pool.cached = true (default)
2022-11-08 06:31:47,366 [Listener at 0.0.0.0/41227] INFO  grpc.GrpcConfigKeys (ConfUtils.java:logGet(46)) - raft.grpc.server.async.request.thread.pool.size = 32 (default)
2022-11-08 06:31:47,723 [Listener at 0.0.0.0/41227] INFO  impl.DataStreamServerImpl (ConfUtils.java:logGet(46)) - raft.datastream.type = DISABLED (default)
2022-11-08 06:31:47,727 [Listener at 0.0.0.0/41227] INFO  server.RaftServerConfigKeys (ConfUtils.java:logGet(46)) - raft.server.threadpool.proxy.cached = true (default)
2022-11-08 06:31:47,727 [Listener at 0.0.0.0/41227] INFO  server.RaftServerConfigKeys (ConfUtils.java:logGet(46)) - raft.server.threadpool.proxy.size = 0 (default)
2022-11-08 06:31:47,728 [Listener at 0.0.0.0/41227] INFO  server.RaftServerConfigKeys (ConfUtils.java:logGet(46)) - raft.server.rpc.slowness.timeout = 120s (custom)
2022-11-08 06:31:47,728 [Listener at 0.0.0.0/41227] INFO  server.RaftServerConfigKeys (ConfUtils.java:logGet(46)) - raft.server.leaderelection.leader.step-down.wait-time = 10s (default)
2022-11-08 06:31:47,731 [Listener at 0.0.0.0/41227] INFO  server.RaftServerConfigKeys (ConfUtils.java:logGet(46)) - raft.server.storage.dir = [/home/runner/work/ozone/ozone/hadoop-ozone/integration-test/target/test-dir/MiniOzoneClusterImpl-c53ae64f-4849-40e6-a4d6-552e28141f22/ozone-meta/ratis] (custom)
2022-11-08 06:31:47,742 [Listener at 0.0.0.0/41227] INFO  server.RaftServer (RaftServerProxy.java:addNew(96)) - om1: addNew group-C5BA1605619E:[om1|rpc:localhost:9872|priority:0|startupRole:FOLLOWER] returns group-C5BA1605619E:java.util.concurrent.CompletableFuture@6c2d9f6f[Not completed]
2022-11-08 06:31:47,742 [Listener at 0.0.0.0/41227] INFO  om.OzoneManager (OzoneManager.java:initializeRatisServer(1978)) - OzoneManager Ratis server initialized at port 9872
2022-11-08 06:31:47,762 [Listener at 0.0.0.0/41227] INFO  om.OzoneManager (OzoneManager.java:getRpcServer(1104)) - Creating RPC Server
2022-11-08 06:31:47,778 [pool-55-thread-1] INFO  server.RaftServer$Division (RaftServerImpl.java:<init>(195)) - om1: new RaftServerImpl for group-C5BA1605619E:[om1|rpc:localhost:9872|priority:0|startupRole:FOLLOWER] with OzoneManagerStateMachine:uninitialized
2022-11-08 06:31:47,782 [pool-55-thread-1] INFO  server.RaftServerConfigKeys (ConfUtils.java:logGet(46)) - raft.server.rpc.timeout.min = 1s (custom)
2022-11-08 06:31:47,784 [pool-55-thread-1] INFO  server.RaftServerConfigKeys (ConfUtils.java:logGet(46)) - raft.server.rpc.timeout.max = 1200ms (custom)
2022-11-08 06:31:47,784 [pool-55-thread-1] INFO  server.RaftServerConfigKeys (ConfUtils.java:logGet(46)) - raft.server.rpc.sleep.time = 25ms (default)
2022-11-08 06:31:47,784 [pool-55-thread-1] INFO  server.RaftServerConfigKeys (ConfUtils.java:logGet(46)) - raft.server.rpc.slowness.timeout = 120s (custom)
2022-11-08 06:31:47,785 [pool-55-thread-1] INFO  server.RaftServerConfigKeys (ConfUtils.java:logGet(46)) - raft.server.leaderelection.leader.step-down.wait-time = 10s (default)
2022-11-08 06:31:47,785 [pool-55-thread-1] INFO  server.RaftServerConfigKeys (ConfUtils.java:logGet(46)) - raft.server.sleep.deviation.threshold = 300ms (default)
2022-11-08 06:31:47,795 [pool-55-thread-1] INFO  server.RaftServer$Division (ServerState.java:<init>(118)) - om1@group-C5BA1605619E: ConfigurationManager, init=-1: peers:[om1|rpc:localhost:9872|priority:0|startupRole:FOLLOWER]|listeners:[], old=null, confs=<EMPTY_MAP>
2022-11-08 06:31:47,795 [pool-55-thread-1] INFO  server.RaftServerConfigKeys (ConfUtils.java:logGet(46)) - raft.server.storage.dir = [/home/runner/work/ozone/ozone/hadoop-ozone/integration-test/target/test-dir/MiniOzoneClusterImpl-c53ae64f-4849-40e6-a4d6-552e28141f22/ozone-meta/ratis] (custom)
2022-11-08 06:31:47,805 [pool-55-thread-1] INFO  server.RaftServerConfigKeys (ConfUtils.java:logGet(46)) - raft.server.log.corruption.policy = EXCEPTION (default)
2022-11-08 06:31:47,805 [pool-55-thread-1] INFO  server.RaftServerConfigKeys (ConfUtils.java:logGet(46)) - raft.server.storage.free-space.min = 0MB (=0) (default)
2022-11-08 06:31:47,813 [pool-55-thread-1] INFO  server.RaftServerConfigKeys (ConfUtils.java:logGet(46)) - raft.server.notification.no-leader.timeout = 120s (custom)
2022-11-08 06:31:47,817 [pool-55-thread-1] INFO  server.RaftServerConfigKeys (ConfUtils.java:logGet(46)) - raft.server.retrycache.expirytime = 300s (custom)
2022-11-08 06:31:47,818 [pool-55-thread-1] INFO  server.RaftServerConfigKeys (ConfUtils.java:logGet(46)) - raft.server.retrycache.statistics.expirytime = 100μs (default)
2022-11-08 06:31:48,006 [pool-55-thread-1] INFO  server.RaftServerConfigKeys (ConfUtils.java:logGet(46)) - raft.server.log.appender.install.snapshot.enabled = false (custom)
2022-11-08 06:31:48,006 [pool-55-thread-1] INFO  server.RaftServerConfigKeys (ConfUtils.java:logGet(46)) - raft.server.threadpool.server.cached = true (default)
2022-11-08 06:31:48,008 [pool-55-thread-1] INFO  server.RaftServerConfigKeys (ConfUtils.java:logGet(46)) - raft.server.threadpool.server.size = 0 (default)
2022-11-08 06:31:48,008 [pool-55-thread-1] INFO  server.RaftServerConfigKeys (ConfUtils.java:logGet(46)) - raft.server.threadpool.client.cached = true (default)
2022-11-08 06:31:48,009 [pool-55-thread-1] INFO  server.RaftServerConfigKeys (ConfUtils.java:logGet(46)) - raft.server.threadpool.client.size = 0 (default)
2022-11-08 06:31:48,703 [Listener at 0.0.0.0/41227] INFO  reflections.Reflections (Reflections.java:scan(232)) - Reflections took 851 ms to scan 19 urls, producing 67 keys and 4312 values [using 2 cores]
2022-11-08 06:31:48,880 [Listener at 0.0.0.0/41227] INFO  ipc.CallQueueManager (CallQueueManager.java:<init>(90)) - Using callQueue: class java.util.concurrent.LinkedBlockingQueue, queueCapacity: 2000, scheduler: class org.apache.hadoop.ipc.DefaultRpcScheduler, ipcBackoff: false.
2022-11-08 06:31:48,881 [Socket Reader #1 for port 0] INFO  ipc.Server (Server.java:run(1273)) - Starting Socket Reader #1 for port 0
2022-11-08 06:31:48,915 [Listener at 127.0.0.1/40183] INFO  impl.MetricsSystemImpl (MetricsSystemImpl.java:init(158)) - OzoneManager metrics system started (again)
2022-11-08 06:31:48,930 [Listener at 127.0.0.1/40183] INFO  om.OzoneManager (OzoneManager.java:start(1485)) - OzoneManager RPC server is listening at localhost/127.0.0.1:40183
2022-11-08 06:31:48,931 [Listener at 127.0.0.1/40183] INFO  ratis.OzoneManagerRatisServer (OzoneManagerRatisServer.java:start(555)) - Starting OzoneManagerRatisServer om1 at port 9872
2022-11-08 06:31:48,935 [om1-impl-thread1] INFO  storage.RaftStorageDirectory (RaftStorageDirectoryImpl.java:analyzeStorage(137)) - The storage directory /home/runner/work/ozone/ozone/hadoop-ozone/integration-test/target/test-dir/MiniOzoneClusterImpl-c53ae64f-4849-40e6-a4d6-552e28141f22/ozone-meta/ratis/bf265839-605b-3f16-9796-c5ba1605619e does not exist. Creating ...
2022-11-08 06:31:48,940 [om1-impl-thread1] INFO  storage.RaftStorageDirectory (RaftStorageDirectoryImpl.java:tryLock(231)) - Lock on /home/runner/work/ozone/ozone/hadoop-ozone/integration-test/target/test-dir/MiniOzoneClusterImpl-c53ae64f-4849-40e6-a4d6-552e28141f22/ozone-meta/ratis/bf265839-605b-3f16-9796-c5ba1605619e/in_use.lock acquired by nodename 12075@fv-az220-111
2022-11-08 06:31:48,947 [om1-impl-thread1] INFO  storage.RaftStorage (RaftStorageImpl.java:format(96)) - Storage directory /home/runner/work/ozone/ozone/hadoop-ozone/integration-test/target/test-dir/MiniOzoneClusterImpl-c53ae64f-4849-40e6-a4d6-552e28141f22/ozone-meta/ratis/bf265839-605b-3f16-9796-c5ba1605619e has been successfully formatted.
2022-11-08 06:31:48,950 [om1-impl-thread1] INFO  server.RaftServerConfigKeys (ConfUtils.java:logGet(46)) - raft.server.log.use.memory = false (default)
2022-11-08 06:31:48,957 [om1-impl-thread1] INFO  server.RaftServerConfigKeys (ConfUtils.java:logGet(46)) - raft.server.log.purge.gap = 1000000 (custom)
2022-11-08 06:31:48,957 [om1-impl-thread1] INFO  server.RaftServerConfigKeys (ConfUtils.java:logGet(46)) - raft.server.log.appender.buffer.byte-limit = 33554432 (custom)
2022-11-08 06:31:48,960 [om1-impl-thread1] INFO  server.RaftServerConfigKeys (ConfUtils.java:logGet(46)) - raft.server.log.statemachine.data.read.timeout = 1000ms (default)
2022-11-08 06:31:48,960 [om1-impl-thread1] INFO  server.RaftServerConfigKeys (ConfUtils.java:logGet(46)) - raft.server.log.purge.preservation.log.num = 0 (default)
2022-11-08 06:31:48,963 [om1-impl-thread1] INFO  server.RaftServerConfigKeys (ConfUtils.java:logGet(46)) - raft.server.log.segment.size.max = 4194304 (custom)
2022-11-08 06:31:48,969 [om1-impl-thread1] INFO  server.RaftServerConfigKeys (ConfUtils.java:logGet(46)) - raft.server.log.segment.cache.num.max = 2 (custom)
2022-11-08 06:31:48,969 [om1-impl-thread1] INFO  server.RaftServerConfigKeys (ConfUtils.java:logGet(46)) - raft.server.log.segment.cache.size.max = 200MB (=209715200) (default)
2022-11-08 06:31:48,976 [om1-impl-thread1] INFO  segmented.SegmentedRaftLogWorker (SegmentedRaftLogWorker.java:<init>(191)) - new om1@group-C5BA1605619E-SegmentedRaftLogWorker for RaftStorageImpl:Storage Directory /home/runner/work/ozone/ozone/hadoop-ozone/integration-test/target/test-dir/MiniOzoneClusterImpl-c53ae64f-4849-40e6-a4d6-552e28141f22/ozone-meta/ratis/bf265839-605b-3f16-9796-c5ba1605619e
2022-11-08 06:31:48,976 [om1-impl-thread1] INFO  server.RaftServerConfigKeys (ConfUtils.java:logGet(46)) - raft.server.log.queue.byte-limit = 64MB (=67108864) (default)
2022-11-08 06:31:48,977 [om1-impl-thread1] INFO  server.RaftServerConfigKeys (ConfUtils.java:logGet(46)) - raft.server.log.queue.element-limit = 4096 (default)
2022-11-08 06:31:48,979 [om1-impl-thread1] INFO  server.RaftServerConfigKeys (ConfUtils.java:logGet(46)) - raft.server.log.segment.size.max = 4194304 (custom)
2022-11-08 06:31:48,979 [om1-impl-thread1] INFO  server.RaftServerConfigKeys (ConfUtils.java:logGet(46)) - raft.server.log.preallocated.size = 4194304 (custom)
2022-11-08 06:31:48,980 [om1-impl-thread1] INFO  server.RaftServerConfigKeys (ConfUtils.java:logGet(46)) - raft.server.log.force.sync.num = 128 (default)
2022-11-08 06:31:48,982 [om1-impl-thread1] INFO  server.RaftServerConfigKeys (ConfUtils.java:logGet(46)) - raft.server.log.statemachine.data.sync = true (default)
2022-11-08 06:31:48,982 [om1-impl-thread1] INFO  server.RaftServerConfigKeys (ConfUtils.java:logGet(46)) - raft.server.log.statemachine.data.sync.timeout = 10s (default)
2022-11-08 06:31:48,982 [om1-impl-thread1] INFO  server.RaftServerConfigKeys (ConfUtils.java:logGet(46)) - raft.server.log.statemachine.data.sync.timeout.retry = -1 (default)
2022-11-08 06:31:48,992 [om1-impl-thread1] INFO  server.RaftServerConfigKeys (ConfUtils.java:logGet(46)) - raft.server.log.write.buffer.size = 64KB (=65536) (default)
2022-11-08 06:31:48,992 [om1-impl-thread1] INFO  server.RaftServerConfigKeys (ConfUtils.java:logGet(46)) - raft.server.log.unsafe-flush.enabled = false (default)
2022-11-08 06:31:48,993 [om1-impl-thread1] INFO  server.RaftServerConfigKeys (ConfUtils.java:logGet(46)) - raft.server.log.async-flush.enabled = false (default)
2022-11-08 06:31:48,993 [om1-impl-thread1] INFO  server.RaftServerConfigKeys (ConfUtils.java:logGet(46)) - raft.server.log.statemachine.data.caching.enabled = false (default)
2022-11-08 06:31:49,000 [om1-impl-thread1] INFO  segmented.SegmentedRaftLogWorker (SegmentedRaftLogWorker.java:lambda$new$0(136)) - om1@group-C5BA1605619E-SegmentedRaftLogWorker: flushIndex: setUnconditionally 0 -> -1
2022-11-08 06:31:49,000 [om1-impl-thread1] INFO  segmented.SegmentedRaftLogWorker (SegmentedRaftLogWorker.java:lambda$new$0(136)) - om1@group-C5BA1605619E-SegmentedRaftLogWorker: safeCacheEvictIndex: setUnconditionally 0 -> -1
2022-11-08 06:31:49,001 [om1-impl-thread1] INFO  server.RaftServer$Division (RaftServerImpl.java:start(334)) - om1@group-C5BA1605619E: start as a follower, conf=-1: peers:[om1|rpc:localhost:9872|priority:0|startupRole:FOLLOWER]|listeners:[], old=null
2022-11-08 06:31:49,002 [om1-impl-thread1] INFO  server.RaftServer$Division (RaftServerImpl.java:setRole(321)) - om1@group-C5BA1605619E: changes role from      null to FOLLOWER at term 0 for startAsFollower
2022-11-08 06:31:49,004 [om1-impl-thread1] INFO  impl.RoleInfo (RoleInfo.java:updateAndGet(139)) - om1: start om1@group-C5BA1605619E-FollowerState
2022-11-08 06:31:49,004 [om1@group-C5BA1605619E-FollowerState] INFO  server.RaftServerConfigKeys (ConfUtils.java:logFallback(53)) - raft.server.rpc.first-election.timeout.min = 1s (fallback to raft.server.rpc.timeout.min)
2022-11-08 06:31:49,005 [om1@group-C5BA1605619E-FollowerState] INFO  server.RaftServerConfigKeys (ConfUtils.java:logFallback(53)) - raft.server.rpc.first-election.timeout.max = 1200ms (fallback to raft.server.rpc.timeout.max)
2022-11-08 06:31:49,005 [om1-impl-thread1] INFO  util.JmxRegister (JmxRegister.java:tryRegister(44)) - Successfully registered JMX Bean with object name Ratis:service=RaftServer,group=group-C5BA1605619E,id=om1
2022-11-08 06:31:49,007 [om1-impl-thread1] INFO  server.RaftServerConfigKeys (ConfUtils.java:logGet(46)) - raft.server.snapshot.auto.trigger.enabled = true (custom)
2022-11-08 06:31:49,007 [om1-impl-thread1] INFO  server.RaftServerConfigKeys (ConfUtils.java:logGet(46)) - raft.server.snapshot.auto.trigger.threshold = 400000 (default)
2022-11-08 06:31:49,008 [om1-impl-thread1] INFO  server.RaftServerConfigKeys (ConfUtils.java:logGet(46)) - raft.server.snapshot.retention.file.num = -1 (default)
2022-11-08 06:31:49,009 [om1-impl-thread1] INFO  server.RaftServerConfigKeys (ConfUtils.java:logGet(46)) - raft.server.log.purge.upto.snapshot.index = true (custom)
2022-11-08 06:31:49,011 [Listener at 127.0.0.1/40183] INFO  server.RaftServer (RaftServerProxy.java:startImpl(393)) - om1: start RPC server
2022-11-08 06:31:49,088 [Listener at 127.0.0.1/40183] INFO  server.GrpcService (GrpcService.java:startImpl(270)) - om1: GrpcService started, listening on 9872
2022-11-08 06:31:49,090 [JvmPauseMonitor0] INFO  util.JvmPauseMonitor (JvmPauseMonitor.java:run(105)) - JvmPauseMonitor-om1: Started
2022-11-08 06:31:49,090 [Listener at 127.0.0.1/40183] INFO  om.OzoneManager (OzoneManager.java:start(1501)) - Version File has different layout version (3) than OM DB (null). That is expected if this OM has never been finalized to a newer layout version.
2022-11-08 06:31:49,112 [Listener at 127.0.0.1/40183] INFO  http.BaseHttpServer (BaseHttpServer.java:newHttpServer2BuilderForOzone(213)) - Starting Web-server for ozoneManager at: http://0.0.0.0:0
2022-11-08 06:31:49,112 [Listener at 127.0.0.1/40183] INFO  http.BaseHttpServer (BaseHttpServer.java:<init>(108)) - Hadoop Security Enabled: false Ozone Security Enabled: false Ozone HTTP Security Enabled: false 
2022-11-08 06:31:49,114 [Listener at 127.0.0.1/40183] WARN  server.AuthenticationFilter (AuthenticationFilter.java:constructSecretProvider(240)) - Unable to initialize FileSignerSecretProvider, falling back to use random secrets. Reason: Could not read signature secret file: /home/runner/hadoop-http-auth-signature-secret
2022-11-08 06:31:49,115 [Listener at 127.0.0.1/40183] WARN  http.HttpRequestLog (HttpRequestLog.java:getRequestLog(103)) - Jetty request log can only be enabled using Log4j
2022-11-08 06:31:49,117 [Listener at 127.0.0.1/40183] INFO  http.HttpServer2 (HttpServer2.java:addGlobalFilter(1031)) - Added global filter 'safety' (class=org.apache.hadoop.hdds.server.http.HttpServer2$QuotingInputFilter)
2022-11-08 06:31:49,118 [Listener at 127.0.0.1/40183] INFO  http.HttpServer2 (HttpServer2.java:addFilter(1007)) - Added filter static_user_filter (class=org.apache.hadoop.http.lib.StaticUserWebFilter$StaticUserFilter) to context ozoneManager
2022-11-08 06:31:49,118 [Listener at 127.0.0.1/40183] INFO  http.HttpServer2 (HttpServer2.java:addFilter(1015)) - Added filter static_user_filter (class=org.apache.hadoop.http.lib.StaticUserWebFilter$StaticUserFilter) to context static
2022-11-08 06:31:49,118 [Listener at 127.0.0.1/40183] INFO  http.HttpServer2 (HttpServer2.java:addFilter(1015)) - Added filter static_user_filter (class=org.apache.hadoop.http.lib.StaticUserWebFilter$StaticUserFilter) to context logs
2022-11-08 06:31:49,121 [Listener at 127.0.0.1/40183] INFO  http.HttpServer2 (HttpServer2.java:bindListener(1250)) - Jetty bound to port 42887
2022-11-08 06:31:49,123 [Listener at 127.0.0.1/40183] INFO  server.Server (Server.java:doStart(375)) - jetty-9.4.49.v20220914; built: 2022-09-14T01:07:36.601Z; git: 4231a3b2e4cb8548a412a789936d640a97b1aa0a; jvm 1.8.0_345-b01
2022-11-08 06:31:49,132 [Listener at 127.0.0.1/40183] INFO  server.session (DefaultSessionIdManager.java:doStart(334)) - DefaultSessionIdManager workerName=node0
2022-11-08 06:31:49,132 [Listener at 127.0.0.1/40183] INFO  server.session (DefaultSessionIdManager.java:doStart(339)) - No SessionScavenger set, using defaults
2022-11-08 06:31:49,132 [Listener at 127.0.0.1/40183] INFO  server.session (HouseKeeper.java:startScavenging(132)) - node0 Scavenging every 660000ms
2022-11-08 06:31:49,133 [Listener at 127.0.0.1/40183] INFO  handler.ContextHandler (ContextHandler.java:doStart(921)) - Started o.e.j.s.ServletContextHandler@36c1b50d{logs,/logs,file:///home/runner/work/ozone/ozone/hadoop-ozone/integration-test/target/log,AVAILABLE}
2022-11-08 06:31:49,134 [Listener at 127.0.0.1/40183] INFO  handler.ContextHandler (ContextHandler.java:doStart(921)) - Started o.e.j.s.ServletContextHandler@71f164d6{static,/static,file:///home/runner/work/ozone/ozone/hadoop-ozone/integration-test/target/test-classes/webapps/static,AVAILABLE}
2022-11-08 06:31:49,139 [Listener at 127.0.0.1/40183] INFO  handler.ContextHandler (ContextHandler.java:doStart(921)) - Started o.e.j.w.WebAppContext@518a9c8a{ozoneManager,/,file:///home/runner/work/ozone/ozone/hadoop-ozone/integration-test/target/test-classes/webapps/ozoneManager/,AVAILABLE}{file:/home/runner/work/ozone/ozone/hadoop-ozone/integration-test/target/test-classes/webapps/ozoneManager}
2022-11-08 06:31:49,144 [Listener at 127.0.0.1/40183] INFO  server.AbstractConnector (AbstractConnector.java:doStart(333)) - Started ServerConnector@5fde6b8c{HTTP/1.1, (http/1.1)}{0.0.0.0:42887}
2022-11-08 06:31:49,146 [Listener at 127.0.0.1/40183] INFO  server.Server (Server.java:doStart(415)) - Started @8143ms
2022-11-08 06:31:49,146 [Listener at 127.0.0.1/40183] WARN  impl.MetricsSystemImpl (MetricsSystemImpl.java:register(279)) - Sink prometheus already exists!
2022-11-08 06:31:49,147 [Listener at 127.0.0.1/40183] INFO  http.BaseHttpServer (BaseHttpServer.java:updateConnectorAddress(333)) - HTTP server of ozoneManager listening at http://0.0.0.0:42887
2022-11-08 06:31:49,149 [IPC Server Responder] INFO  ipc.Server (Server.java:run(1512)) - IPC Server Responder: starting
2022-11-08 06:31:49,152 [IPC Server listener on 0] INFO  ipc.Server (Server.java:run(1352)) - IPC Server listener on 0: starting
2022-11-08 06:31:49,156 [Listener at 127.0.0.1/40183] INFO  om.OzoneManager (OzoneManager.java:startTrashEmptier(1922)) - Trash Interval set to 0. Files deleted won't move to trash
2022-11-08 06:31:49,162 [org.apache.hadoop.util.JvmPauseMonitor$Monitor@6bfa2da2] INFO  util.JvmPauseMonitor (JvmPauseMonitor.java:run(188)) - Starting JVM pause monitor
2022-11-08 06:31:49,330 [Listener at 127.0.0.1/40183] WARN  impl.MetricRegistriesImpl (MetricRegistriesImpl.java:addReporterRegistration(111)) - New reporters are added after registries were created. Some metrics will be missing from the reporter. Please add reporter before adding any new registry.
2022-11-08 06:31:49,330 [Listener at 127.0.0.1/40183] WARN  impl.MetricRegistriesImpl (MetricRegistriesImpl.java:addReporterRegistration(111)) - New reporters are added after registries were created. Some metrics will be missing from the reporter. Please add reporter before adding any new registry.
2022-11-08 06:31:49,330 [Listener at 127.0.0.1/40183] INFO  impl.MetricsSystemImpl (MetricsSystemImpl.java:init(158)) - HddsDatanode metrics system started (again)
2022-11-08 06:31:49,347 [Listener at 127.0.0.1/40183] INFO  ozone.HddsDatanodeService (HddsDatanodeService.java:start(236)) - HddsDatanodeService host:fv-az220-111.shdwizndlbjulinwhzhdmup5sb.jx.internal.cloudapp.net ip:10.1.0.244
2022-11-08 06:31:49,384 [Listener at 127.0.0.1/40183] INFO  upgrade.AbstractLayoutVersionManager (AbstractLayoutVersionManager.java:init(83)) - Initializing Layout version manager with metadata layout = DATANODE_SCHEMA_V3 (version = 4), software layout = DATANODE_SCHEMA_V3 (version = 4)
2022-11-08 06:31:49,436 [Listener at 127.0.0.1/40183] INFO  reflections.Reflections (Reflections.java:scan(232)) - Reflections took 51 ms to scan 7 urls, producing 139 keys and 336 values 
2022-11-08 06:31:49,440 [Listener at 127.0.0.1/40183] INFO  statemachine.DatanodeStateMachine (DatanodeStateMachine.java:getEndPointTaskThreadPoolSize(245)) - Datanode State Machine Task Thread Pool size 2
2022-11-08 06:31:49,500 [Listener at 127.0.0.1/40183] INFO  volume.HddsVolume (HddsVolume.java:<init>(117)) - Creating HddsVolume: /home/runner/work/ozone/ozone/hadoop-ozone/integration-test/target/test-dir/MiniOzoneClusterImpl-c53ae64f-4849-40e6-a4d6-552e28141f22/datanode-0/data-0/containers/hdds of storage type : DISK capacity : 9223372036854775807
2022-11-08 06:31:49,502 [Listener at 127.0.0.1/40183] INFO  volume.MutableVolumeSet (MutableVolumeSet.java:initializeVolumeSet(174)) - Added Volume : /home/runner/work/ozone/ozone/hadoop-ozone/integration-test/target/test-dir/MiniOzoneClusterImpl-c53ae64f-4849-40e6-a4d6-552e28141f22/datanode-0/data-0/containers/hdds to VolumeSet
2022-11-08 06:31:49,503 [Listener at 127.0.0.1/40183] INFO  volume.ThrottledAsyncChecker (ThrottledAsyncChecker.java:schedule(141)) - Scheduling a check for /home/runner/work/ozone/ozone/hadoop-ozone/integration-test/target/test-dir/MiniOzoneClusterImpl-c53ae64f-4849-40e6-a4d6-552e28141f22/datanode-0/data-0/containers/hdds
2022-11-08 06:31:49,530 [Listener at 127.0.0.1/40183] INFO  volume.StorageVolumeChecker (StorageVolumeChecker.java:checkAllVolumes(202)) - Scheduled health check for volume /home/runner/work/ozone/ozone/hadoop-ozone/integration-test/target/test-dir/MiniOzoneClusterImpl-c53ae64f-4849-40e6-a4d6-552e28141f22/datanode-0/data-0/containers/hdds
2022-11-08 06:31:49,550 [Listener at 127.0.0.1/40183] INFO  volume.MutableVolumeSet (MutableVolumeSet.java:initializeVolumeSet(174)) - Added Volume : /home/runner/work/ozone/ozone/hadoop-ozone/integration-test/target/test-dir/MiniOzoneClusterImpl-c53ae64f-4849-40e6-a4d6-552e28141f22/datanode-0/data/ratis to VolumeSet
2022-11-08 06:31:49,550 [Listener at 127.0.0.1/40183] INFO  volume.ThrottledAsyncChecker (ThrottledAsyncChecker.java:schedule(141)) - Scheduling a check for /home/runner/work/ozone/ozone/hadoop-ozone/integration-test/target/test-dir/MiniOzoneClusterImpl-c53ae64f-4849-40e6-a4d6-552e28141f22/datanode-0/data/ratis
2022-11-08 06:31:49,550 [Listener at 127.0.0.1/40183] INFO  volume.StorageVolumeChecker (StorageVolumeChecker.java:checkAllVolumes(202)) - Scheduled health check for volume /home/runner/work/ozone/ozone/hadoop-ozone/integration-test/target/test-dir/MiniOzoneClusterImpl-c53ae64f-4849-40e6-a4d6-552e28141f22/datanode-0/data/ratis
2022-11-08 06:31:49,578 [Thread-136] INFO  ozoneimpl.ContainerReader (ContainerReader.java:readVolume(175)) - Finish verifying containers on volume /home/runner/work/ozone/ozone/hadoop-ozone/integration-test/target/test-dir/MiniOzoneClusterImpl-c53ae64f-4849-40e6-a4d6-552e28141f22/datanode-0/data-0/containers/hdds
2022-11-08 06:31:49,578 [Listener at 127.0.0.1/40183] INFO  ozoneimpl.OzoneContainer (OzoneContainer.java:buildContainerSet(300)) - Build ContainerSet costs 0s
2022-11-08 06:31:49,629 [Listener at 127.0.0.1/40183] INFO  audit.AuditLogger (AuditLogger.java:refreshDebugCmdSet(126)) - Refresh DebugCmdSet for DNAudit to [].
2022-11-08 06:31:49,659 [Listener at 127.0.0.1/40183] INFO  server.RaftServer (ConfUtils.java:logGet(46)) - raft.rpc.type = GRPC (default)
2022-11-08 06:31:49,659 [Listener at 127.0.0.1/40183] INFO  grpc.GrpcConfigKeys (ConfUtils.java:logFallback(53)) - raft.grpc.admin.host = null (fallback to raft.grpc.server.host)
2022-11-08 06:31:49,660 [Listener at 127.0.0.1/40183] INFO  grpc.GrpcConfigKeys (ConfUtils.java:logGet(46)) - raft.grpc.admin.port = 0 (custom)
2022-11-08 06:31:49,660 [Listener at 127.0.0.1/40183] INFO  grpc.GrpcConfigKeys (ConfUtils.java:logFallback(53)) - raft.grpc.client.host = null (fallback to raft.grpc.server.host)
2022-11-08 06:31:49,660 [Listener at 127.0.0.1/40183] INFO  grpc.GrpcConfigKeys (ConfUtils.java:logGet(46)) - raft.grpc.client.port = 0 (custom)
2022-11-08 06:31:49,660 [Listener at 127.0.0.1/40183] INFO  grpc.GrpcConfigKeys (ConfUtils.java:logGet(46)) - raft.grpc.server.host = null (default)
2022-11-08 06:31:49,661 [Listener at 127.0.0.1/40183] INFO  grpc.GrpcConfigKeys (ConfUtils.java:logGet(46)) - raft.grpc.server.port = 0 (default)
2022-11-08 06:31:49,661 [Listener at 127.0.0.1/40183] INFO  server.GrpcService (ConfUtils.java:logGet(46)) - raft.grpc.message.size.max = 32MB (=33554432) (custom)
2022-11-08 06:31:49,661 [Listener at 127.0.0.1/40183] INFO  server.RaftServerConfigKeys (ConfUtils.java:logGet(46)) - raft.server.log.appender.buffer.byte-limit = 33554432 (custom)
2022-11-08 06:31:49,661 [Listener at 127.0.0.1/40183] INFO  server.GrpcService (ConfUtils.java:logGet(46)) - raft.grpc.flow.control.window = 5MB (=5242880) (custom)
2022-11-08 06:31:49,661 [Listener at 127.0.0.1/40183] INFO  server.RaftServerConfigKeys (ConfUtils.java:logGet(46)) - raft.server.rpc.request.timeout = 60s (custom)
2022-11-08 06:31:49,662 [Listener at 127.0.0.1/40183] INFO  grpc.GrpcConfigKeys (ConfUtils.java:logGet(46)) - raft.grpc.server.heartbeat.channel = true (default)
2022-11-08 06:31:49,662 [Listener at 127.0.0.1/40183] INFO  grpc.GrpcConfigKeys (ConfUtils.java:logGet(46)) - raft.grpc.server.async.request.thread.pool.cached = true (default)
2022-11-08 06:31:49,662 [Listener at 127.0.0.1/40183] INFO  grpc.GrpcConfigKeys (ConfUtils.java:logGet(46)) - raft.grpc.server.async.request.thread.pool.size = 32 (default)
2022-11-08 06:31:49,663 [Listener at 127.0.0.1/40183] INFO  impl.DataStreamServerImpl (ConfUtils.java:logGet(46)) - raft.datastream.type = DISABLED (default)
2022-11-08 06:31:49,664 [Listener at 127.0.0.1/40183] INFO  server.RaftServerConfigKeys (ConfUtils.java:logGet(46)) - raft.server.threadpool.proxy.cached = true (default)
2022-11-08 06:31:49,664 [Listener at 127.0.0.1/40183] INFO  server.RaftServerConfigKeys (ConfUtils.java:logGet(46)) - raft.server.threadpool.proxy.size = 0 (default)
2022-11-08 06:31:49,664 [Listener at 127.0.0.1/40183] INFO  server.RaftServerConfigKeys (ConfUtils.java:logGet(46)) - raft.server.rpc.slowness.timeout = 300s (custom)
2022-11-08 06:31:49,664 [Listener at 127.0.0.1/40183] INFO  server.RaftServerConfigKeys (ConfUtils.java:logGet(46)) - raft.server.leaderelection.leader.step-down.wait-time = 10s (default)
2022-11-08 06:31:49,665 [Listener at 127.0.0.1/40183] INFO  server.RaftServerConfigKeys (ConfUtils.java:logGet(46)) - raft.server.storage.dir = [/home/runner/work/ozone/ozone/hadoop-ozone/integration-test/target/test-dir/MiniOzoneClusterImpl-c53ae64f-4849-40e6-a4d6-552e28141f22/datanode-0/data/ratis] (custom)
2022-11-08 06:31:49,685 [Listener at 127.0.0.1/40183] INFO  server.XceiverServerGrpc (XceiverServerGrpc.java:<init>(132)) - GrpcServer channel type EpollServerSocketChannel
2022-11-08 06:31:49,757 [Listener at 127.0.0.1/40183] INFO  http.BaseHttpServer (BaseHttpServer.java:newHttpServer2BuilderForOzone(213)) - Starting Web-server for hddsDatanode at: http://0.0.0.0:0
2022-11-08 06:31:49,758 [Listener at 127.0.0.1/40183] INFO  http.BaseHttpServer (BaseHttpServer.java:<init>(108)) - Hadoop Security Enabled: false Ozone Security Enabled: false Ozone HTTP Security Enabled: false 
2022-11-08 06:31:49,759 [Listener at 127.0.0.1/40183] WARN  server.AuthenticationFilter (AuthenticationFilter.java:constructSecretProvider(240)) - Unable to initialize FileSignerSecretProvider, falling back to use random secrets. Reason: Could not read signature secret file: /home/runner/hadoop-http-auth-signature-secret
2022-11-08 06:31:49,760 [Listener at 127.0.0.1/40183] WARN  http.HttpRequestLog (HttpRequestLog.java:getRequestLog(103)) - Jetty request log can only be enabled using Log4j
2022-11-08 06:31:49,762 [Listener at 127.0.0.1/40183] INFO  http.HttpServer2 (HttpServer2.java:addGlobalFilter(1031)) - Added global filter 'safety' (class=org.apache.hadoop.hdds.server.http.HttpServer2$QuotingInputFilter)
2022-11-08 06:31:49,763 [Listener at 127.0.0.1/40183] INFO  http.HttpServer2 (HttpServer2.java:addFilter(1007)) - Added filter static_user_filter (class=org.apache.hadoop.http.lib.StaticUserWebFilter$StaticUserFilter) to context hddsDatanode
2022-11-08 06:31:49,763 [Listener at 127.0.0.1/40183] INFO  http.HttpServer2 (HttpServer2.java:addFilter(1015)) - Added filter static_user_filter (class=org.apache.hadoop.http.lib.StaticUserWebFilter$StaticUserFilter) to context static
2022-11-08 06:31:49,763 [Listener at 127.0.0.1/40183] INFO  http.HttpServer2 (HttpServer2.java:addFilter(1015)) - Added filter static_user_filter (class=org.apache.hadoop.http.lib.StaticUserWebFilter$StaticUserFilter) to context logs
2022-11-08 06:31:49,764 [Listener at 127.0.0.1/40183] INFO  http.HttpServer2 (HttpServer2.java:bindListener(1250)) - Jetty bound to port 41855
2022-11-08 06:31:49,764 [Listener at 127.0.0.1/40183] INFO  server.Server (Server.java:doStart(375)) - jetty-9.4.49.v20220914; built: 2022-09-14T01:07:36.601Z; git: 4231a3b2e4cb8548a412a789936d640a97b1aa0a; jvm 1.8.0_345-b01
2022-11-08 06:31:49,768 [Listener at 127.0.0.1/40183] INFO  server.session (DefaultSessionIdManager.java:doStart(334)) - DefaultSessionIdManager workerName=node0
2022-11-08 06:31:49,768 [Listener at 127.0.0.1/40183] INFO  server.session (DefaultSessionIdManager.java:doStart(339)) - No SessionScavenger set, using defaults
2022-11-08 06:31:49,768 [Listener at 127.0.0.1/40183] INFO  server.session (HouseKeeper.java:startScavenging(132)) - node0 Scavenging every 660000ms
2022-11-08 06:31:49,769 [Listener at 127.0.0.1/40183] INFO  handler.ContextHandler (ContextHandler.java:doStart(921)) - Started o.e.j.s.ServletContextHandler@21baa851{logs,/logs,file:///home/runner/work/ozone/ozone/hadoop-ozone/integration-test/target/log,AVAILABLE}
2022-11-08 06:31:49,770 [Listener at 127.0.0.1/40183] INFO  handler.ContextHandler (ContextHandler.java:doStart(921)) - Started o.e.j.s.ServletContextHandler@583916d3{static,/static,jar:file:/home/runner/.m2/repository/org/apache/ozone/hdds-container-service/1.3.0-SNAPSHOT/hdds-container-service-1.3.0-SNAPSHOT.jar!/webapps/static,AVAILABLE}
2022-11-08 06:31:49,980 [Listener at 127.0.0.1/40183] INFO  handler.ContextHandler (ContextHandler.java:doStart(921)) - Started o.e.j.w.WebAppContext@235bf36f{hddsDatanode,/,file:///tmp/jetty-0_0_0_0-41855-hdds-container-service-1_3_0-SNAPSHOT_jar-_-any-1798468634567617922/webapp/,AVAILABLE}{jar:file:/home/runner/.m2/repository/org/apache/ozone/hdds-container-service/1.3.0-SNAPSHOT/hdds-container-service-1.3.0-SNAPSHOT.jar!/webapps/hddsDatanode}
2022-11-08 06:31:49,981 [Listener at 127.0.0.1/40183] INFO  server.AbstractConnector (AbstractConnector.java:doStart(333)) - Started ServerConnector@42e454c5{HTTP/1.1, (http/1.1)}{0.0.0.0:41855}
2022-11-08 06:31:49,981 [Listener at 127.0.0.1/40183] INFO  server.Server (Server.java:doStart(415)) - Started @8978ms
2022-11-08 06:31:49,982 [Listener at 127.0.0.1/40183] WARN  impl.MetricsSystemImpl (MetricsSystemImpl.java:register(279)) - Sink prometheus already exists!
2022-11-08 06:31:49,982 [Listener at 127.0.0.1/40183] INFO  http.BaseHttpServer (BaseHttpServer.java:updateConnectorAddress(333)) - HTTP server of hddsDatanode listening at http://0.0.0.0:41855
2022-11-08 06:31:49,984 [Listener at 127.0.0.1/40183] WARN  impl.MetricRegistriesImpl (MetricRegistriesImpl.java:addReporterRegistration(111)) - New reporters are added after registries were created. Some metrics will be missing from the reporter. Please add reporter before adding any new registry.
2022-11-08 06:31:49,984 [Listener at 127.0.0.1/40183] WARN  impl.MetricRegistriesImpl (MetricRegistriesImpl.java:addReporterRegistration(111)) - New reporters are added after registries were created. Some metrics will be missing from the reporter. Please add reporter before adding any new registry.
2022-11-08 06:31:49,984 [Listener at 127.0.0.1/40183] INFO  impl.MetricsSystemImpl (MetricsSystemImpl.java:init(158)) - HddsDatanode metrics system started (again)
2022-11-08 06:31:49,998 [Datanode State Machine Daemon Thread] INFO  statemachine.DatanodeStateMachine (DatanodeStateMachine.java:lambda$startDaemon$0(505)) - Ozone container server started.
2022-11-08 06:31:50,009 [Listener at 127.0.0.1/40183] INFO  ozone.HddsDatanodeService (HddsDatanodeService.java:start(236)) - HddsDatanodeService host:fv-az220-111.shdwizndlbjulinwhzhdmup5sb.jx.internal.cloudapp.net ip:10.1.0.244
2022-11-08 06:31:50,010 [org.apache.hadoop.util.JvmPauseMonitor$Monitor@759e9bfd] INFO  util.JvmPauseMonitor (JvmPauseMonitor.java:run(188)) - Starting JVM pause monitor
2022-11-08 06:31:50,077 [Listener at 127.0.0.1/40183] INFO  upgrade.AbstractLayoutVersionManager (AbstractLayoutVersionManager.java:init(83)) - Initializing Layout version manager with metadata layout = DATANODE_SCHEMA_V3 (version = 4), software layout = DATANODE_SCHEMA_V3 (version = 4)
2022-11-08 06:31:50,118 [om1@group-C5BA1605619E-FollowerState] INFO  impl.FollowerState (FollowerState.java:run(143)) - om1@group-C5BA1605619E-FollowerState: change to CANDIDATE, lastRpcElapsedTime:1114404180ns, electionTimeout:1112ms
2022-11-08 06:31:50,119 [om1@group-C5BA1605619E-FollowerState] INFO  impl.RoleInfo (RoleInfo.java:shutdownFollowerState(110)) - om1: shutdown om1@group-C5BA1605619E-FollowerState
2022-11-08 06:31:50,120 [om1@group-C5BA1605619E-FollowerState] INFO  server.RaftServer$Division (RaftServerImpl.java:setRole(321)) - om1@group-C5BA1605619E: changes role from  FOLLOWER to CANDIDATE at term 0 for changeToCandidate
2022-11-08 06:31:50,123 [om1@group-C5BA1605619E-FollowerState] INFO  server.RaftServerConfigKeys (ConfUtils.java:logGet(46)) - raft.server.leaderelection.pre-vote = false (custom)
2022-11-08 06:31:50,123 [om1@group-C5BA1605619E-FollowerState] INFO  impl.RoleInfo (RoleInfo.java:updateAndGet(139)) - om1: start om1@group-C5BA1605619E-LeaderElection1
2022-11-08 06:31:50,141 [om1@group-C5BA1605619E-LeaderElection1] INFO  impl.LeaderElection (LeaderElection.java:askForVotes(312)) - om1@group-C5BA1605619E-LeaderElection1 ELECTION round 0: submit vote requests at term 1 for -1: peers:[om1|rpc:localhost:9872|priority:0|startupRole:FOLLOWER]|listeners:[], old=null
2022-11-08 06:31:50,144 [om1@group-C5BA1605619E-LeaderElection1] INFO  impl.LeaderElection (LeaderElection.java:askForVotes(314)) - om1@group-C5BA1605619E-LeaderElection1 ELECTION round 0: result PASSED (term=1)
2022-11-08 06:31:50,145 [om1@group-C5BA1605619E-LeaderElection1] INFO  impl.RoleInfo (RoleInfo.java:shutdownLeaderElection(130)) - om1: shutdown om1@group-C5BA1605619E-LeaderElection1
2022-11-08 06:31:50,149 [om1@group-C5BA1605619E-LeaderElection1] INFO  server.RaftServer$Division (RaftServerImpl.java:setRole(321)) - om1@group-C5BA1605619E: changes role from CANDIDATE to LEADER at term 1 for changeToLeader
2022-11-08 06:31:50,149 [om1@group-C5BA1605619E-LeaderElection1] INFO  server.RaftServer$Division (ServerState.java:setLeader(313)) - om1@group-C5BA1605619E: change Leader from null to om1 at term 1 for becomeLeader, leader elected after 2335ms
2022-11-08 06:31:50,160 [Listener at 127.0.0.1/40183] INFO  reflections.Reflections (Reflections.java:scan(232)) - Reflections took 81 ms to scan 7 urls, producing 139 keys and 336 values 
2022-11-08 06:31:50,161 [Listener at 127.0.0.1/40183] INFO  statemachine.DatanodeStateMachine (DatanodeStateMachine.java:getEndPointTaskThreadPoolSize(245)) - Datanode State Machine Task Thread Pool size 2
2022-11-08 06:31:50,164 [Listener at 127.0.0.1/40183] INFO  volume.HddsVolume (HddsVolume.java:<init>(117)) - Creating HddsVolume: /home/runner/work/ozone/ozone/hadoop-ozone/integration-test/target/test-dir/MiniOzoneClusterImpl-c53ae64f-4849-40e6-a4d6-552e28141f22/datanode-1/data-0/containers/hdds of storage type : DISK capacity : 9223372036854775807
2022-11-08 06:31:50,164 [Listener at 127.0.0.1/40183] INFO  volume.MutableVolumeSet (MutableVolumeSet.java:initializeVolumeSet(174)) - Added Volume : /home/runner/work/ozone/ozone/hadoop-ozone/integration-test/target/test-dir/MiniOzoneClusterImpl-c53ae64f-4849-40e6-a4d6-552e28141f22/datanode-1/data-0/containers/hdds to VolumeSet
2022-11-08 06:31:50,164 [Listener at 127.0.0.1/40183] INFO  volume.ThrottledAsyncChecker (ThrottledAsyncChecker.java:schedule(141)) - Scheduling a check for /home/runner/work/ozone/ozone/hadoop-ozone/integration-test/target/test-dir/MiniOzoneClusterImpl-c53ae64f-4849-40e6-a4d6-552e28141f22/datanode-1/data-0/containers/hdds
2022-11-08 06:31:50,165 [Listener at 127.0.0.1/40183] INFO  volume.StorageVolumeChecker (StorageVolumeChecker.java:checkAllVolumes(202)) - Scheduled health check for volume /home/runner/work/ozone/ozone/hadoop-ozone/integration-test/target/test-dir/MiniOzoneClusterImpl-c53ae64f-4849-40e6-a4d6-552e28141f22/datanode-1/data-0/containers/hdds
2022-11-08 06:31:50,176 [om1@group-C5BA1605619E-LeaderElection1] INFO  server.RaftServerConfigKeys (ConfUtils.java:logGet(46)) - raft.server.staging.catchup.gap = 1000 (default)
2022-11-08 06:31:50,179 [Listener at 127.0.0.1/40183] INFO  volume.MutableVolumeSet (MutableVolumeSet.java:initializeVolumeSet(174)) - Added Volume : /home/runner/work/ozone/ozone/hadoop-ozone/integration-test/target/test-dir/MiniOzoneClusterImpl-c53ae64f-4849-40e6-a4d6-552e28141f22/datanode-1/data/ratis to VolumeSet
2022-11-08 06:31:50,179 [Listener at 127.0.0.1/40183] INFO  volume.ThrottledAsyncChecker (ThrottledAsyncChecker.java:schedule(141)) - Scheduling a check for /home/runner/work/ozone/ozone/hadoop-ozone/integration-test/target/test-dir/MiniOzoneClusterImpl-c53ae64f-4849-40e6-a4d6-552e28141f22/datanode-1/data/ratis
2022-11-08 06:31:50,179 [Listener at 127.0.0.1/40183] INFO  volume.StorageVolumeChecker (StorageVolumeChecker.java:checkAllVolumes(202)) - Scheduled health check for volume /home/runner/work/ozone/ozone/hadoop-ozone/integration-test/target/test-dir/MiniOzoneClusterImpl-c53ae64f-4849-40e6-a4d6-552e28141f22/datanode-1/data/ratis
2022-11-08 06:31:50,192 [Thread-151] INFO  ozoneimpl.ContainerReader (ContainerReader.java:readVolume(175)) - Finish verifying containers on volume /home/runner/work/ozone/ozone/hadoop-ozone/integration-test/target/test-dir/MiniOzoneClusterImpl-c53ae64f-4849-40e6-a4d6-552e28141f22/datanode-1/data-0/containers/hdds
2022-11-08 06:31:50,194 [Listener at 127.0.0.1/40183] INFO  ozoneimpl.OzoneContainer (OzoneContainer.java:buildContainerSet(300)) - Build ContainerSet costs 0s
2022-11-08 06:31:50,198 [Listener at 127.0.0.1/40183] INFO  server.RaftServer (ConfUtils.java:logGet(46)) - raft.rpc.type = GRPC (default)
2022-11-08 06:31:50,198 [Listener at 127.0.0.1/40183] INFO  grpc.GrpcConfigKeys (ConfUtils.java:logFallback(53)) - raft.grpc.admin.host = null (fallback to raft.grpc.server.host)
2022-11-08 06:31:50,199 [Listener at 127.0.0.1/40183] INFO  grpc.GrpcConfigKeys (ConfUtils.java:logGet(46)) - raft.grpc.admin.port = 0 (custom)
2022-11-08 06:31:50,199 [Listener at 127.0.0.1/40183] INFO  grpc.GrpcConfigKeys (ConfUtils.java:logFallback(53)) - raft.grpc.client.host = null (fallback to raft.grpc.server.host)
2022-11-08 06:31:50,199 [Listener at 127.0.0.1/40183] INFO  grpc.GrpcConfigKeys (ConfUtils.java:logGet(46)) - raft.grpc.client.port = 0 (custom)
2022-11-08 06:31:50,199 [Listener at 127.0.0.1/40183] INFO  grpc.GrpcConfigKeys (ConfUtils.java:logGet(46)) - raft.grpc.server.host = null (default)
2022-11-08 06:31:50,199 [Listener at 127.0.0.1/40183] INFO  grpc.GrpcConfigKeys (ConfUtils.java:logGet(46)) - raft.grpc.server.port = 0 (default)
2022-11-08 06:31:50,199 [Listener at 127.0.0.1/40183] INFO  server.GrpcService (ConfUtils.java:logGet(46)) - raft.grpc.message.size.max = 32MB (=33554432) (custom)
2022-11-08 06:31:50,200 [Listener at 127.0.0.1/40183] INFO  server.RaftServerConfigKeys (ConfUtils.java:logGet(46)) - raft.server.log.appender.buffer.byte-limit = 33554432 (custom)
2022-11-08 06:31:50,200 [Listener at 127.0.0.1/40183] INFO  server.GrpcService (ConfUtils.java:logGet(46)) - raft.grpc.flow.control.window = 5MB (=5242880) (custom)
2022-11-08 06:31:50,200 [Listener at 127.0.0.1/40183] INFO  server.RaftServerConfigKeys (ConfUtils.java:logGet(46)) - raft.server.rpc.request.timeout = 60s (custom)
2022-11-08 06:31:50,200 [Listener at 127.0.0.1/40183] INFO  grpc.GrpcConfigKeys (ConfUtils.java:logGet(46)) - raft.grpc.server.heartbeat.channel = true (default)
2022-11-08 06:31:50,202 [Listener at 127.0.0.1/40183] INFO  grpc.GrpcConfigKeys (ConfUtils.java:logGet(46)) - raft.grpc.server.async.request.thread.pool.cached = true (default)
2022-11-08 06:31:50,202 [Listener at 127.0.0.1/40183] INFO  grpc.GrpcConfigKeys (ConfUtils.java:logGet(46)) - raft.grpc.server.async.request.thread.pool.size = 32 (default)
2022-11-08 06:31:50,203 [om1@group-C5BA1605619E-LeaderElection1] INFO  server.RaftServerConfigKeys (ConfUtils.java:logGet(46)) - raft.server.write.element-limit = 4096 (default)
2022-11-08 06:31:50,204 [Listener at 127.0.0.1/40183] INFO  impl.DataStreamServerImpl (ConfUtils.java:logGet(46)) - raft.datastream.type = DISABLED (default)
2022-11-08 06:31:50,207 [Listener at 127.0.0.1/40183] INFO  server.RaftServerConfigKeys (ConfUtils.java:logGet(46)) - raft.server.threadpool.proxy.cached = true (default)
2022-11-08 06:31:50,207 [Listener at 127.0.0.1/40183] INFO  server.RaftServerConfigKeys (ConfUtils.java:logGet(46)) - raft.server.threadpool.proxy.size = 0 (default)
2022-11-08 06:31:50,207 [Listener at 127.0.0.1/40183] INFO  server.RaftServerConfigKeys (ConfUtils.java:logGet(46)) - raft.server.rpc.slowness.timeout = 300s (custom)
2022-11-08 06:31:50,208 [Listener at 127.0.0.1/40183] INFO  server.RaftServerConfigKeys (ConfUtils.java:logGet(46)) - raft.server.leaderelection.leader.step-down.wait-time = 10s (default)
2022-11-08 06:31:50,208 [om1@group-C5BA1605619E-LeaderElection1] INFO  server.RaftServerConfigKeys (ConfUtils.java:logGet(46)) - raft.server.write.byte-limit = 64MB (=67108864) (default)
2022-11-08 06:31:50,210 [Listener at 127.0.0.1/40183] INFO  server.RaftServerConfigKeys (ConfUtils.java:logGet(46)) - raft.server.storage.dir = [/home/runner/work/ozone/ozone/hadoop-ozone/integration-test/target/test-dir/MiniOzoneClusterImpl-c53ae64f-4849-40e6-a4d6-552e28141f22/datanode-1/data/ratis] (custom)
2022-11-08 06:31:50,218 [Listener at 127.0.0.1/40183] INFO  server.XceiverServerGrpc (XceiverServerGrpc.java:<init>(132)) - GrpcServer channel type EpollServerSocketChannel
2022-11-08 06:31:50,222 [om1@group-C5BA1605619E-LeaderElection1] INFO  server.RaftServerConfigKeys (ConfUtils.java:logGet(46)) - raft.server.watch.timeout = 10s (default)
2022-11-08 06:31:50,224 [om1@group-C5BA1605619E-LeaderElection1] INFO  server.RaftServerConfigKeys (ConfUtils.java:logGet(46)) - raft.server.watch.timeout.denomination = 1s (default)
2022-11-08 06:31:50,225 [om1@group-C5BA1605619E-LeaderElection1] INFO  server.RaftServerConfigKeys (ConfUtils.java:logGet(46)) - raft.server.watch.element-limit = 65536 (default)
2022-11-08 06:31:50,231 [Listener at 127.0.0.1/40183] INFO  http.BaseHttpServer (BaseHttpServer.java:newHttpServer2BuilderForOzone(213)) - Starting Web-server for hddsDatanode at: http://0.0.0.0:0
2022-11-08 06:31:50,231 [Listener at 127.0.0.1/40183] INFO  http.BaseHttpServer (BaseHttpServer.java:<init>(108)) - Hadoop Security Enabled: false Ozone Security Enabled: false Ozone HTTP Security Enabled: false 
2022-11-08 06:31:50,232 [Listener at 127.0.0.1/40183] WARN  server.AuthenticationFilter (AuthenticationFilter.java:constructSecretProvider(240)) - Unable to initialize FileSignerSecretProvider, falling back to use random secrets. Reason: Could not read signature secret file: /home/runner/hadoop-http-auth-signature-secret
2022-11-08 06:31:50,237 [Listener at 127.0.0.1/40183] WARN  http.HttpRequestLog (HttpRequestLog.java:getRequestLog(103)) - Jetty request log can only be enabled using Log4j
2022-11-08 06:31:50,239 [Listener at 127.0.0.1/40183] INFO  http.HttpServer2 (HttpServer2.java:addGlobalFilter(1031)) - Added global filter 'safety' (class=org.apache.hadoop.hdds.server.http.HttpServer2$QuotingInputFilter)
2022-11-08 06:31:50,242 [Listener at 127.0.0.1/40183] INFO  http.HttpServer2 (HttpServer2.java:addFilter(1007)) - Added filter static_user_filter (class=org.apache.hadoop.http.lib.StaticUserWebFilter$StaticUserFilter) to context hddsDatanode
2022-11-08 06:31:50,242 [Listener at 127.0.0.1/40183] INFO  http.HttpServer2 (HttpServer2.java:addFilter(1015)) - Added filter static_user_filter (class=org.apache.hadoop.http.lib.StaticUserWebFilter$StaticUserFilter) to context logs
2022-11-08 06:31:50,242 [Listener at 127.0.0.1/40183] INFO  http.HttpServer2 (HttpServer2.java:addFilter(1015)) - Added filter static_user_filter (class=org.apache.hadoop.http.lib.StaticUserWebFilter$StaticUserFilter) to context static
2022-11-08 06:31:50,240 [om1@group-C5BA1605619E-LeaderElection1] INFO  server.RaftServerConfigKeys (ConfUtils.java:logGet(46)) - raft.server.write.element-limit = 4096 (default)
2022-11-08 06:31:50,245 [Listener at 127.0.0.1/40183] INFO  http.HttpServer2 (HttpServer2.java:bindListener(1250)) - Jetty bound to port 37223
2022-11-08 06:31:50,246 [Listener at 127.0.0.1/40183] INFO  server.Server (Server.java:doStart(375)) - jetty-9.4.49.v20220914; built: 2022-09-14T01:07:36.601Z; git: 4231a3b2e4cb8548a412a789936d640a97b1aa0a; jvm 1.8.0_345-b01
2022-11-08 06:31:50,247 [om1@group-C5BA1605619E-LeaderElection1] INFO  server.RaftServerConfigKeys (ConfUtils.java:logGet(46)) - raft.server.write.follower.gap.ratio.max = -1.0 (default)
2022-11-08 06:31:50,260 [om1@group-C5BA1605619E-LeaderElection1] INFO  impl.RoleInfo (RoleInfo.java:updateAndGet(139)) - om1: start om1@group-C5BA1605619E-LeaderStateImpl
2022-11-08 06:31:50,271 [Datanode State Machine Task Thread - 0] INFO  datanode.InitDatanodeState (InitDatanodeState.java:persistContainerDatanodeDetails(138)) - DatanodeDetails is persisted to /home/runner/work/ozone/ozone/hadoop-ozone/integration-test/target/test-dir/MiniOzoneClusterImpl-c53ae64f-4849-40e6-a4d6-552e28141f22/datanode-0/meta/datanode.id
2022-11-08 06:31:50,285 [Listener at 127.0.0.1/40183] INFO  server.session (DefaultSessionIdManager.java:doStart(334)) - DefaultSessionIdManager workerName=node0
2022-11-08 06:31:50,286 [Listener at 127.0.0.1/40183] INFO  server.session (DefaultSessionIdManager.java:doStart(339)) - No SessionScavenger set, using defaults
2022-11-08 06:31:50,286 [Listener at 127.0.0.1/40183] INFO  server.session (HouseKeeper.java:startScavenging(132)) - node0 Scavenging every 660000ms
2022-11-08 06:31:50,290 [Listener at 127.0.0.1/40183] INFO  handler.ContextHandler (ContextHandler.java:doStart(921)) - Started o.e.j.s.ServletContextHandler@7c55bf8d{logs,/logs,file:///home/runner/work/ozone/ozone/hadoop-ozone/integration-test/target/log,AVAILABLE}
2022-11-08 06:31:50,291 [Listener at 127.0.0.1/40183] INFO  handler.ContextHandler (ContextHandler.java:doStart(921)) - Started o.e.j.s.ServletContextHandler@bfcdc45{static,/static,jar:file:/home/runner/.m2/repository/org/apache/ozone/hdds-container-service/1.3.0-SNAPSHOT/hdds-container-service-1.3.0-SNAPSHOT.jar!/webapps/static,AVAILABLE}
2022-11-08 06:31:50,297 [om1@group-C5BA1605619E-LeaderElection1] INFO  segmented.SegmentedRaftLogWorker (SegmentedRaftLogWorker.java:startLogSegment(452)) - om1@group-C5BA1605619E-SegmentedRaftLogWorker: Starting segment from index:0
2022-11-08 06:31:50,380 [om1@group-C5BA1605619E-LeaderElection1] INFO  server.RaftServer$Division (ServerState.java:setRaftConf(430)) - om1@group-C5BA1605619E: set configuration 0: peers:[om1|rpc:localhost:9872|admin:|client:|dataStream:|priority:0|startupRole:FOLLOWER]|listeners:[], old=null
2022-11-08 06:31:50,421 [om1@group-C5BA1605619E-SegmentedRaftLogWorker] INFO  segmented.SegmentedRaftLogWorker (SegmentedRaftLogWorker.java:execute(656)) - om1@group-C5BA1605619E-SegmentedRaftLogWorker: created new log segment /home/runner/work/ozone/ozone/hadoop-ozone/integration-test/target/test-dir/MiniOzoneClusterImpl-c53ae64f-4849-40e6-a4d6-552e28141f22/ozone-meta/ratis/bf265839-605b-3f16-9796-c5ba1605619e/current/log_inprogress_0
2022-11-08 06:31:50,538 [om1@group-C5BA1605619E-StateMachineUpdater] INFO  ratis.OzoneManagerStateMachine (OzoneManagerStateMachine.java:notifyConfigurationChanged(192)) - Received Configuration change notification from Ratis. New Peer list:
[id: "om1"
address: "localhost:9872"
startupRole: FOLLOWER
]
2022-11-08 06:31:50,561 [Listener at 127.0.0.1/40183] INFO  handler.ContextHandler (ContextHandler.java:doStart(921)) - Started o.e.j.w.WebAppContext@2aee0895{hddsDatanode,/,file:///tmp/jetty-0_0_0_0-37223-hdds-container-service-1_3_0-SNAPSHOT_jar-_-any-8651646644720859633/webapp/,AVAILABLE}{jar:file:/home/runner/.m2/repository/org/apache/ozone/hdds-container-service/1.3.0-SNAPSHOT/hdds-container-service-1.3.0-SNAPSHOT.jar!/webapps/hddsDatanode}
2022-11-08 06:31:50,563 [Listener at 127.0.0.1/40183] INFO  server.AbstractConnector (AbstractConnector.java:doStart(333)) - Started ServerConnector@44082844{HTTP/1.1, (http/1.1)}{0.0.0.0:37223}
2022-11-08 06:31:50,563 [Listener at 127.0.0.1/40183] INFO  server.Server (Server.java:doStart(415)) - Started @9560ms
2022-11-08 06:31:50,563 [Listener at 127.0.0.1/40183] WARN  impl.MetricsSystemImpl (MetricsSystemImpl.java:register(279)) - Sink prometheus already exists!
2022-11-08 06:31:50,564 [Listener at 127.0.0.1/40183] INFO  http.BaseHttpServer (BaseHttpServer.java:updateConnectorAddress(333)) - HTTP server of hddsDatanode listening at http://0.0.0.0:37223
2022-11-08 06:31:50,565 [Listener at 127.0.0.1/40183] WARN  impl.MetricRegistriesImpl (MetricRegistriesImpl.java:addReporterRegistration(111)) - New reporters are added after registries were created. Some metrics will be missing from the reporter. Please add reporter before adding any new registry.
2022-11-08 06:31:50,565 [Listener at 127.0.0.1/40183] WARN  impl.MetricRegistriesImpl (MetricRegistriesImpl.java:addReporterRegistration(111)) - New reporters are added after registries were created. Some metrics will be missing from the reporter. Please add reporter before adding any new registry.
2022-11-08 06:31:50,565 [Listener at 127.0.0.1/40183] INFO  impl.MetricsSystemImpl (MetricsSystemImpl.java:init(158)) - HddsDatanode metrics system started (again)
2022-11-08 06:31:50,573 [Datanode State Machine Daemon Thread] INFO  statemachine.DatanodeStateMachine (DatanodeStateMachine.java:lambda$startDaemon$0(505)) - Ozone container server started.
2022-11-08 06:31:50,576 [org.apache.hadoop.util.JvmPauseMonitor$Monitor@5a347d77] INFO  util.JvmPauseMonitor (JvmPauseMonitor.java:run(188)) - Starting JVM pause monitor
2022-11-08 06:31:50,583 [Listener at 127.0.0.1/40183] INFO  ozone.HddsDatanodeService (HddsDatanodeService.java:start(236)) - HddsDatanodeService host:fv-az220-111.shdwizndlbjulinwhzhdmup5sb.jx.internal.cloudapp.net ip:10.1.0.244
2022-11-08 06:31:50,590 [Datanode State Machine Task Thread - 0] INFO  datanode.InitDatanodeState (InitDatanodeState.java:persistContainerDatanodeDetails(138)) - DatanodeDetails is persisted to /home/runner/work/ozone/ozone/hadoop-ozone/integration-test/target/test-dir/MiniOzoneClusterImpl-c53ae64f-4849-40e6-a4d6-552e28141f22/datanode-1/meta/datanode.id
2022-11-08 06:31:50,614 [Listener at 127.0.0.1/40183] INFO  upgrade.AbstractLayoutVersionManager (AbstractLayoutVersionManager.java:init(83)) - Initializing Layout version manager with metadata layout = DATANODE_SCHEMA_V3 (version = 4), software layout = DATANODE_SCHEMA_V3 (version = 4)
2022-11-08 06:31:50,673 [Listener at 127.0.0.1/40183] INFO  reflections.Reflections (Reflections.java:scan(232)) - Reflections took 55 ms to scan 7 urls, producing 139 keys and 336 values 
2022-11-08 06:31:50,675 [Listener at 127.0.0.1/40183] INFO  statemachine.DatanodeStateMachine (DatanodeStateMachine.java:getEndPointTaskThreadPoolSize(245)) - Datanode State Machine Task Thread Pool size 2
2022-11-08 06:31:50,677 [Listener at 127.0.0.1/40183] INFO  volume.HddsVolume (HddsVolume.java:<init>(117)) - Creating HddsVolume: /home/runner/work/ozone/ozone/hadoop-ozone/integration-test/target/test-dir/MiniOzoneClusterImpl-c53ae64f-4849-40e6-a4d6-552e28141f22/datanode-2/data-0/containers/hdds of storage type : DISK capacity : 9223372036854775807
2022-11-08 06:31:50,678 [Listener at 127.0.0.1/40183] INFO  volume.MutableVolumeSet (MutableVolumeSet.java:initializeVolumeSet(174)) - Added Volume : /home/runner/work/ozone/ozone/hadoop-ozone/integration-test/target/test-dir/MiniOzoneClusterImpl-c53ae64f-4849-40e6-a4d6-552e28141f22/datanode-2/data-0/containers/hdds to VolumeSet
2022-11-08 06:31:50,678 [Listener at 127.0.0.1/40183] INFO  volume.ThrottledAsyncChecker (ThrottledAsyncChecker.java:schedule(141)) - Scheduling a check for /home/runner/work/ozone/ozone/hadoop-ozone/integration-test/target/test-dir/MiniOzoneClusterImpl-c53ae64f-4849-40e6-a4d6-552e28141f22/datanode-2/data-0/containers/hdds
2022-11-08 06:31:50,681 [Listener at 127.0.0.1/40183] INFO  volume.StorageVolumeChecker (StorageVolumeChecker.java:checkAllVolumes(202)) - Scheduled health check for volume /home/runner/work/ozone/ozone/hadoop-ozone/integration-test/target/test-dir/MiniOzoneClusterImpl-c53ae64f-4849-40e6-a4d6-552e28141f22/datanode-2/data-0/containers/hdds
2022-11-08 06:31:50,694 [Listener at 127.0.0.1/40183] INFO  volume.MutableVolumeSet (MutableVolumeSet.java:initializeVolumeSet(174)) - Added Volume : /home/runner/work/ozone/ozone/hadoop-ozone/integration-test/target/test-dir/MiniOzoneClusterImpl-c53ae64f-4849-40e6-a4d6-552e28141f22/datanode-2/data/ratis to VolumeSet
2022-11-08 06:31:50,695 [Listener at 127.0.0.1/40183] INFO  volume.ThrottledAsyncChecker (ThrottledAsyncChecker.java:schedule(141)) - Scheduling a check for /home/runner/work/ozone/ozone/hadoop-ozone/integration-test/target/test-dir/MiniOzoneClusterImpl-c53ae64f-4849-40e6-a4d6-552e28141f22/datanode-2/data/ratis
2022-11-08 06:31:50,695 [Listener at 127.0.0.1/40183] INFO  volume.StorageVolumeChecker (StorageVolumeChecker.java:checkAllVolumes(202)) - Scheduled health check for volume /home/runner/work/ozone/ozone/hadoop-ozone/integration-test/target/test-dir/MiniOzoneClusterImpl-c53ae64f-4849-40e6-a4d6-552e28141f22/datanode-2/data/ratis
2022-11-08 06:31:50,707 [Thread-164] INFO  ozoneimpl.ContainerReader (ContainerReader.java:readVolume(175)) - Finish verifying containers on volume /home/runner/work/ozone/ozone/hadoop-ozone/integration-test/target/test-dir/MiniOzoneClusterImpl-c53ae64f-4849-40e6-a4d6-552e28141f22/datanode-2/data-0/containers/hdds
2022-11-08 06:31:50,707 [Listener at 127.0.0.1/40183] INFO  ozoneimpl.OzoneContainer (OzoneContainer.java:buildContainerSet(300)) - Build ContainerSet costs 0s
2022-11-08 06:31:50,710 [Listener at 127.0.0.1/40183] INFO  server.RaftServer (ConfUtils.java:logGet(46)) - raft.rpc.type = GRPC (default)
2022-11-08 06:31:50,711 [Listener at 127.0.0.1/40183] INFO  grpc.GrpcConfigKeys (ConfUtils.java:logFallback(53)) - raft.grpc.admin.host = null (fallback to raft.grpc.server.host)
2022-11-08 06:31:50,711 [Listener at 127.0.0.1/40183] INFO  grpc.GrpcConfigKeys (ConfUtils.java:logGet(46)) - raft.grpc.admin.port = 0 (custom)
2022-11-08 06:31:50,711 [Listener at 127.0.0.1/40183] INFO  grpc.GrpcConfigKeys (ConfUtils.java:logFallback(53)) - raft.grpc.client.host = null (fallback to raft.grpc.server.host)
2022-11-08 06:31:50,711 [Listener at 127.0.0.1/40183] INFO  grpc.GrpcConfigKeys (ConfUtils.java:logGet(46)) - raft.grpc.client.port = 0 (custom)
2022-11-08 06:31:50,711 [Listener at 127.0.0.1/40183] INFO  grpc.GrpcConfigKeys (ConfUtils.java:logGet(46)) - raft.grpc.server.host = null (default)
2022-11-08 06:31:50,712 [Listener at 127.0.0.1/40183] INFO  grpc.GrpcConfigKeys (ConfUtils.java:logGet(46)) - raft.grpc.server.port = 0 (default)
2022-11-08 06:31:50,712 [Listener at 127.0.0.1/40183] INFO  server.GrpcService (ConfUtils.java:logGet(46)) - raft.grpc.message.size.max = 32MB (=33554432) (custom)
2022-11-08 06:31:50,712 [Listener at 127.0.0.1/40183] INFO  server.RaftServerConfigKeys (ConfUtils.java:logGet(46)) - raft.server.log.appender.buffer.byte-limit = 33554432 (custom)
2022-11-08 06:31:50,712 [Listener at 127.0.0.1/40183] INFO  server.GrpcService (ConfUtils.java:logGet(46)) - raft.grpc.flow.control.window = 5MB (=5242880) (custom)
2022-11-08 06:31:50,712 [Listener at 127.0.0.1/40183] INFO  server.RaftServerConfigKeys (ConfUtils.java:logGet(46)) - raft.server.rpc.request.timeout = 60s (custom)
2022-11-08 06:31:50,712 [Listener at 127.0.0.1/40183] INFO  grpc.GrpcConfigKeys (ConfUtils.java:logGet(46)) - raft.grpc.server.heartbeat.channel = true (default)
2022-11-08 06:31:50,713 [Listener at 127.0.0.1/40183] INFO  grpc.GrpcConfigKeys (ConfUtils.java:logGet(46)) - raft.grpc.server.async.request.thread.pool.cached = true (default)
2022-11-08 06:31:50,715 [Listener at 127.0.0.1/40183] INFO  grpc.GrpcConfigKeys (ConfUtils.java:logGet(46)) - raft.grpc.server.async.request.thread.pool.size = 32 (default)
2022-11-08 06:31:50,716 [Listener at 127.0.0.1/40183] INFO  impl.DataStreamServerImpl (ConfUtils.java:logGet(46)) - raft.datastream.type = DISABLED (default)
2022-11-08 06:31:50,716 [Listener at 127.0.0.1/40183] INFO  server.RaftServerConfigKeys (ConfUtils.java:logGet(46)) - raft.server.threadpool.proxy.cached = true (default)
2022-11-08 06:31:50,716 [Listener at 127.0.0.1/40183] INFO  server.RaftServerConfigKeys (ConfUtils.java:logGet(46)) - raft.server.threadpool.proxy.size = 0 (default)
2022-11-08 06:31:50,717 [Listener at 127.0.0.1/40183] INFO  server.RaftServerConfigKeys (ConfUtils.java:logGet(46)) - raft.server.rpc.slowness.timeout = 300s (custom)
2022-11-08 06:31:50,717 [Listener at 127.0.0.1/40183] INFO  server.RaftServerConfigKeys (ConfUtils.java:logGet(46)) - raft.server.leaderelection.leader.step-down.wait-time = 10s (default)
2022-11-08 06:31:50,717 [Listener at 127.0.0.1/40183] INFO  server.RaftServerConfigKeys (ConfUtils.java:logGet(46)) - raft.server.storage.dir = [/home/runner/work/ozone/ozone/hadoop-ozone/integration-test/target/test-dir/MiniOzoneClusterImpl-c53ae64f-4849-40e6-a4d6-552e28141f22/datanode-2/data/ratis] (custom)
2022-11-08 06:31:50,723 [Listener at 127.0.0.1/40183] INFO  server.XceiverServerGrpc (XceiverServerGrpc.java:<init>(132)) - GrpcServer channel type EpollServerSocketChannel
2022-11-08 06:31:50,727 [Listener at 127.0.0.1/40183] INFO  http.BaseHttpServer (BaseHttpServer.java:newHttpServer2BuilderForOzone(213)) - Starting Web-server for hddsDatanode at: http://0.0.0.0:0
2022-11-08 06:31:50,727 [Listener at 127.0.0.1/40183] INFO  http.BaseHttpServer (BaseHttpServer.java:<init>(108)) - Hadoop Security Enabled: false Ozone Security Enabled: false Ozone HTTP Security Enabled: false 
2022-11-08 06:31:50,729 [Listener at 127.0.0.1/40183] WARN  server.AuthenticationFilter (AuthenticationFilter.java:constructSecretProvider(240)) - Unable to initialize FileSignerSecretProvider, falling back to use random secrets. Reason: Could not read signature secret file: /home/runner/hadoop-http-auth-signature-secret
2022-11-08 06:31:50,729 [Listener at 127.0.0.1/40183] WARN  http.HttpRequestLog (HttpRequestLog.java:getRequestLog(103)) - Jetty request log can only be enabled using Log4j
2022-11-08 06:31:50,736 [Listener at 127.0.0.1/40183] INFO  http.HttpServer2 (HttpServer2.java:addGlobalFilter(1031)) - Added global filter 'safety' (class=org.apache.hadoop.hdds.server.http.HttpServer2$QuotingInputFilter)
2022-11-08 06:31:50,737 [Listener at 127.0.0.1/40183] INFO  http.HttpServer2 (HttpServer2.java:addFilter(1007)) - Added filter static_user_filter (class=org.apache.hadoop.http.lib.StaticUserWebFilter$StaticUserFilter) to context hddsDatanode
2022-11-08 06:31:50,737 [Listener at 127.0.0.1/40183] INFO  http.HttpServer2 (HttpServer2.java:addFilter(1015)) - Added filter static_user_filter (class=org.apache.hadoop.http.lib.StaticUserWebFilter$StaticUserFilter) to context logs
2022-11-08 06:31:50,737 [Listener at 127.0.0.1/40183] INFO  http.HttpServer2 (HttpServer2.java:addFilter(1015)) - Added filter static_user_filter (class=org.apache.hadoop.http.lib.StaticUserWebFilter$StaticUserFilter) to context static
2022-11-08 06:31:50,738 [Listener at 127.0.0.1/40183] INFO  http.HttpServer2 (HttpServer2.java:bindListener(1250)) - Jetty bound to port 39177
2022-11-08 06:31:50,738 [Listener at 127.0.0.1/40183] INFO  server.Server (Server.java:doStart(375)) - jetty-9.4.49.v20220914; built: 2022-09-14T01:07:36.601Z; git: 4231a3b2e4cb8548a412a789936d640a97b1aa0a; jvm 1.8.0_345-b01
2022-11-08 06:31:50,743 [Listener at 127.0.0.1/40183] INFO  server.session (DefaultSessionIdManager.java:doStart(334)) - DefaultSessionIdManager workerName=node0
2022-11-08 06:31:50,744 [Listener at 127.0.0.1/40183] INFO  server.session (DefaultSessionIdManager.java:doStart(339)) - No SessionScavenger set, using defaults
2022-11-08 06:31:50,744 [Listener at 127.0.0.1/40183] INFO  server.session (HouseKeeper.java:startScavenging(132)) - node0 Scavenging every 660000ms
2022-11-08 06:31:50,745 [Listener at 127.0.0.1/40183] INFO  handler.ContextHandler (ContextHandler.java:doStart(921)) - Started o.e.j.s.ServletContextHandler@1d4d84fb{logs,/logs,file:///home/runner/work/ozone/ozone/hadoop-ozone/integration-test/target/log,AVAILABLE}
2022-11-08 06:31:50,745 [Listener at 127.0.0.1/40183] INFO  handler.ContextHandler (ContextHandler.java:doStart(921)) - Started o.e.j.s.ServletContextHandler@3eaa23{static,/static,jar:file:/home/runner/.m2/repository/org/apache/ozone/hdds-container-service/1.3.0-SNAPSHOT/hdds-container-service-1.3.0-SNAPSHOT.jar!/webapps/static,AVAILABLE}
2022-11-08 06:31:50,934 [Listener at 127.0.0.1/40183] INFO  handler.ContextHandler (ContextHandler.java:doStart(921)) - Started o.e.j.w.WebAppContext@69235038{hddsDatanode,/,file:///tmp/jetty-0_0_0_0-39177-hdds-container-service-1_3_0-SNAPSHOT_jar-_-any-1578530497412206928/webapp/,AVAILABLE}{jar:file:/home/runner/.m2/repository/org/apache/ozone/hdds-container-service/1.3.0-SNAPSHOT/hdds-container-service-1.3.0-SNAPSHOT.jar!/webapps/hddsDatanode}
2022-11-08 06:31:50,935 [Listener at 127.0.0.1/40183] INFO  server.AbstractConnector (AbstractConnector.java:doStart(333)) - Started ServerConnector@6c7114db{HTTP/1.1, (http/1.1)}{0.0.0.0:39177}
2022-11-08 06:31:50,935 [Listener at 127.0.0.1/40183] INFO  server.Server (Server.java:doStart(415)) - Started @9932ms
2022-11-08 06:31:50,936 [Listener at 127.0.0.1/40183] WARN  impl.MetricsSystemImpl (MetricsSystemImpl.java:register(279)) - Sink prometheus already exists!
2022-11-08 06:31:50,936 [Listener at 127.0.0.1/40183] INFO  http.BaseHttpServer (BaseHttpServer.java:updateConnectorAddress(333)) - HTTP server of hddsDatanode listening at http://0.0.0.0:39177
2022-11-08 06:31:50,937 [Datanode State Machine Daemon Thread] INFO  statemachine.DatanodeStateMachine (DatanodeStateMachine.java:lambda$startDaemon$0(505)) - Ozone container server started.
2022-11-08 06:31:50,941 [Listener at 127.0.0.1/40183] WARN  impl.MetricRegistriesImpl (MetricRegistriesImpl.java:addReporterRegistration(111)) - New reporters are added after registries were created. Some metrics will be missing from the reporter. Please add reporter before adding any new registry.
2022-11-08 06:31:50,942 [Listener at 127.0.0.1/40183] WARN  impl.MetricRegistriesImpl (MetricRegistriesImpl.java:addReporterRegistration(111)) - New reporters are added after registries were created. Some metrics will be missing from the reporter. Please add reporter before adding any new registry.
2022-11-08 06:31:50,942 [Listener at 127.0.0.1/40183] INFO  impl.MetricsSystemImpl (MetricsSystemImpl.java:init(158)) - HddsDatanode metrics system started (again)
2022-11-08 06:31:50,955 [Listener at 127.0.0.1/40183] INFO  ozone.HddsDatanodeService (HddsDatanodeService.java:start(236)) - HddsDatanodeService host:fv-az220-111.shdwizndlbjulinwhzhdmup5sb.jx.internal.cloudapp.net ip:10.1.0.244
2022-11-08 06:31:50,958 [org.apache.hadoop.util.JvmPauseMonitor$Monitor@6cefa9b5] INFO  util.JvmPauseMonitor (JvmPauseMonitor.java:run(188)) - Starting JVM pause monitor
2022-11-08 06:31:50,958 [Datanode State Machine Task Thread - 0] INFO  datanode.InitDatanodeState (InitDatanodeState.java:persistContainerDatanodeDetails(138)) - DatanodeDetails is persisted to /home/runner/work/ozone/ozone/hadoop-ozone/integration-test/target/test-dir/MiniOzoneClusterImpl-c53ae64f-4849-40e6-a4d6-552e28141f22/datanode-2/meta/datanode.id
2022-11-08 06:31:51,006 [Listener at 127.0.0.1/40183] INFO  upgrade.AbstractLayoutVersionManager (AbstractLayoutVersionManager.java:init(83)) - Initializing Layout version manager with metadata layout = DATANODE_SCHEMA_V3 (version = 4), software layout = DATANODE_SCHEMA_V3 (version = 4)
2022-11-08 06:31:51,055 [Listener at 127.0.0.1/40183] INFO  reflections.Reflections (Reflections.java:scan(232)) - Reflections took 48 ms to scan 7 urls, producing 139 keys and 336 values 
2022-11-08 06:31:51,057 [Listener at 127.0.0.1/40183] INFO  statemachine.DatanodeStateMachine (DatanodeStateMachine.java:getEndPointTaskThreadPoolSize(245)) - Datanode State Machine Task Thread Pool size 2
2022-11-08 06:31:51,063 [Listener at 127.0.0.1/40183] INFO  volume.HddsVolume (HddsVolume.java:<init>(117)) - Creating HddsVolume: /home/runner/work/ozone/ozone/hadoop-ozone/integration-test/target/test-dir/MiniOzoneClusterImpl-c53ae64f-4849-40e6-a4d6-552e28141f22/datanode-3/data-0/containers/hdds of storage type : DISK capacity : 9223372036854775807
2022-11-08 06:31:51,063 [Listener at 127.0.0.1/40183] INFO  volume.MutableVolumeSet (MutableVolumeSet.java:initializeVolumeSet(174)) - Added Volume : /home/runner/work/ozone/ozone/hadoop-ozone/integration-test/target/test-dir/MiniOzoneClusterImpl-c53ae64f-4849-40e6-a4d6-552e28141f22/datanode-3/data-0/containers/hdds to VolumeSet
2022-11-08 06:31:51,063 [Listener at 127.0.0.1/40183] INFO  volume.ThrottledAsyncChecker (ThrottledAsyncChecker.java:schedule(141)) - Scheduling a check for /home/runner/work/ozone/ozone/hadoop-ozone/integration-test/target/test-dir/MiniOzoneClusterImpl-c53ae64f-4849-40e6-a4d6-552e28141f22/datanode-3/data-0/containers/hdds
2022-11-08 06:31:51,073 [Listener at 127.0.0.1/40183] INFO  volume.StorageVolumeChecker (StorageVolumeChecker.java:checkAllVolumes(202)) - Scheduled health check for volume /home/runner/work/ozone/ozone/hadoop-ozone/integration-test/target/test-dir/MiniOzoneClusterImpl-c53ae64f-4849-40e6-a4d6-552e28141f22/datanode-3/data-0/containers/hdds
2022-11-08 06:31:51,087 [Listener at 127.0.0.1/40183] INFO  volume.MutableVolumeSet (MutableVolumeSet.java:initializeVolumeSet(174)) - Added Volume : /home/runner/work/ozone/ozone/hadoop-ozone/integration-test/target/test-dir/MiniOzoneClusterImpl-c53ae64f-4849-40e6-a4d6-552e28141f22/datanode-3/data/ratis to VolumeSet
2022-11-08 06:31:51,087 [Listener at 127.0.0.1/40183] INFO  volume.ThrottledAsyncChecker (ThrottledAsyncChecker.java:schedule(141)) - Scheduling a check for /home/runner/work/ozone/ozone/hadoop-ozone/integration-test/target/test-dir/MiniOzoneClusterImpl-c53ae64f-4849-40e6-a4d6-552e28141f22/datanode-3/data/ratis
2022-11-08 06:31:51,087 [Listener at 127.0.0.1/40183] INFO  volume.StorageVolumeChecker (StorageVolumeChecker.java:checkAllVolumes(202)) - Scheduled health check for volume /home/runner/work/ozone/ozone/hadoop-ozone/integration-test/target/test-dir/MiniOzoneClusterImpl-c53ae64f-4849-40e6-a4d6-552e28141f22/datanode-3/data/ratis
2022-11-08 06:31:51,101 [Thread-177] INFO  ozoneimpl.ContainerReader (ContainerReader.java:readVolume(175)) - Finish verifying containers on volume /home/runner/work/ozone/ozone/hadoop-ozone/integration-test/target/test-dir/MiniOzoneClusterImpl-c53ae64f-4849-40e6-a4d6-552e28141f22/datanode-3/data-0/containers/hdds
2022-11-08 06:31:51,101 [Listener at 127.0.0.1/40183] INFO  ozoneimpl.OzoneContainer (OzoneContainer.java:buildContainerSet(300)) - Build ContainerSet costs 0s
2022-11-08 06:31:51,104 [Listener at 127.0.0.1/40183] INFO  server.RaftServer (ConfUtils.java:logGet(46)) - raft.rpc.type = GRPC (default)
2022-11-08 06:31:51,105 [Listener at 127.0.0.1/40183] INFO  grpc.GrpcConfigKeys (ConfUtils.java:logFallback(53)) - raft.grpc.admin.host = null (fallback to raft.grpc.server.host)
2022-11-08 06:31:51,105 [Listener at 127.0.0.1/40183] INFO  grpc.GrpcConfigKeys (ConfUtils.java:logGet(46)) - raft.grpc.admin.port = 0 (custom)
2022-11-08 06:31:51,105 [Listener at 127.0.0.1/40183] INFO  grpc.GrpcConfigKeys (ConfUtils.java:logFallback(53)) - raft.grpc.client.host = null (fallback to raft.grpc.server.host)
2022-11-08 06:31:51,105 [Listener at 127.0.0.1/40183] INFO  grpc.GrpcConfigKeys (ConfUtils.java:logGet(46)) - raft.grpc.client.port = 0 (custom)
2022-11-08 06:31:51,105 [Listener at 127.0.0.1/40183] INFO  grpc.GrpcConfigKeys (ConfUtils.java:logGet(46)) - raft.grpc.server.host = null (default)
2022-11-08 06:31:51,105 [Listener at 127.0.0.1/40183] INFO  grpc.GrpcConfigKeys (ConfUtils.java:logGet(46)) - raft.grpc.server.port = 0 (default)
2022-11-08 06:31:51,106 [Listener at 127.0.0.1/40183] INFO  server.GrpcService (ConfUtils.java:logGet(46)) - raft.grpc.message.size.max = 32MB (=33554432) (custom)
2022-11-08 06:31:51,106 [Listener at 127.0.0.1/40183] INFO  server.RaftServerConfigKeys (ConfUtils.java:logGet(46)) - raft.server.log.appender.buffer.byte-limit = 33554432 (custom)
2022-11-08 06:31:51,106 [Listener at 127.0.0.1/40183] INFO  server.GrpcService (ConfUtils.java:logGet(46)) - raft.grpc.flow.control.window = 5MB (=5242880) (custom)
2022-11-08 06:31:51,106 [Listener at 127.0.0.1/40183] INFO  server.RaftServerConfigKeys (ConfUtils.java:logGet(46)) - raft.server.rpc.request.timeout = 60s (custom)
2022-11-08 06:31:51,107 [Listener at 127.0.0.1/40183] INFO  grpc.GrpcConfigKeys (ConfUtils.java:logGet(46)) - raft.grpc.server.heartbeat.channel = true (default)
2022-11-08 06:31:51,107 [Listener at 127.0.0.1/40183] INFO  grpc.GrpcConfigKeys (ConfUtils.java:logGet(46)) - raft.grpc.server.async.request.thread.pool.cached = true (default)
2022-11-08 06:31:51,107 [Listener at 127.0.0.1/40183] INFO  grpc.GrpcConfigKeys (ConfUtils.java:logGet(46)) - raft.grpc.server.async.request.thread.pool.size = 32 (default)
2022-11-08 06:31:51,108 [Listener at 127.0.0.1/40183] INFO  impl.DataStreamServerImpl (ConfUtils.java:logGet(46)) - raft.datastream.type = DISABLED (default)
2022-11-08 06:31:51,108 [Listener at 127.0.0.1/40183] INFO  server.RaftServerConfigKeys (ConfUtils.java:logGet(46)) - raft.server.threadpool.proxy.cached = true (default)
2022-11-08 06:31:51,109 [Listener at 127.0.0.1/40183] INFO  server.RaftServerConfigKeys (ConfUtils.java:logGet(46)) - raft.server.threadpool.proxy.size = 0 (default)
2022-11-08 06:31:51,109 [Listener at 127.0.0.1/40183] INFO  server.RaftServerConfigKeys (ConfUtils.java:logGet(46)) - raft.server.rpc.slowness.timeout = 300s (custom)
2022-11-08 06:31:51,109 [Listener at 127.0.0.1/40183] INFO  server.RaftServerConfigKeys (ConfUtils.java:logGet(46)) - raft.server.leaderelection.leader.step-down.wait-time = 10s (default)
2022-11-08 06:31:51,109 [Listener at 127.0.0.1/40183] INFO  server.RaftServerConfigKeys (ConfUtils.java:logGet(46)) - raft.server.storage.dir = [/home/runner/work/ozone/ozone/hadoop-ozone/integration-test/target/test-dir/MiniOzoneClusterImpl-c53ae64f-4849-40e6-a4d6-552e28141f22/datanode-3/data/ratis] (custom)
2022-11-08 06:31:51,115 [Listener at 127.0.0.1/40183] INFO  server.XceiverServerGrpc (XceiverServerGrpc.java:<init>(132)) - GrpcServer channel type EpollServerSocketChannel
2022-11-08 06:31:51,118 [Listener at 127.0.0.1/40183] INFO  http.BaseHttpServer (BaseHttpServer.java:newHttpServer2BuilderForOzone(213)) - Starting Web-server for hddsDatanode at: http://0.0.0.0:0
2022-11-08 06:31:51,119 [Listener at 127.0.0.1/40183] INFO  http.BaseHttpServer (BaseHttpServer.java:<init>(108)) - Hadoop Security Enabled: false Ozone Security Enabled: false Ozone HTTP Security Enabled: false 
2022-11-08 06:31:51,120 [Listener at 127.0.0.1/40183] WARN  server.AuthenticationFilter (AuthenticationFilter.java:constructSecretProvider(240)) - Unable to initialize FileSignerSecretProvider, falling back to use random secrets. Reason: Could not read signature secret file: /home/runner/hadoop-http-auth-signature-secret
2022-11-08 06:31:51,121 [Listener at 127.0.0.1/40183] WARN  http.HttpRequestLog (HttpRequestLog.java:getRequestLog(103)) - Jetty request log can only be enabled using Log4j
2022-11-08 06:31:51,122 [Listener at 127.0.0.1/40183] INFO  http.HttpServer2 (HttpServer2.java:addGlobalFilter(1031)) - Added global filter 'safety' (class=org.apache.hadoop.hdds.server.http.HttpServer2$QuotingInputFilter)
2022-11-08 06:31:51,123 [Listener at 127.0.0.1/40183] INFO  http.HttpServer2 (HttpServer2.java:addFilter(1007)) - Added filter static_user_filter (class=org.apache.hadoop.http.lib.StaticUserWebFilter$StaticUserFilter) to context hddsDatanode
2022-11-08 06:31:51,123 [Listener at 127.0.0.1/40183] INFO  http.HttpServer2 (HttpServer2.java:addFilter(1015)) - Added filter static_user_filter (class=org.apache.hadoop.http.lib.StaticUserWebFilter$StaticUserFilter) to context static
2022-11-08 06:31:51,124 [Listener at 127.0.0.1/40183] INFO  http.HttpServer2 (HttpServer2.java:addFilter(1015)) - Added filter static_user_filter (class=org.apache.hadoop.http.lib.StaticUserWebFilter$StaticUserFilter) to context logs
2022-11-08 06:31:51,124 [Listener at 127.0.0.1/40183] INFO  http.HttpServer2 (HttpServer2.java:bindListener(1250)) - Jetty bound to port 35827
2022-11-08 06:31:51,124 [Listener at 127.0.0.1/40183] INFO  server.Server (Server.java:doStart(375)) - jetty-9.4.49.v20220914; built: 2022-09-14T01:07:36.601Z; git: 4231a3b2e4cb8548a412a789936d640a97b1aa0a; jvm 1.8.0_345-b01
2022-11-08 06:31:51,138 [Listener at 127.0.0.1/40183] INFO  server.session (DefaultSessionIdManager.java:doStart(334)) - DefaultSessionIdManager workerName=node0
2022-11-08 06:31:51,138 [Listener at 127.0.0.1/40183] INFO  server.session (DefaultSessionIdManager.java:doStart(339)) - No SessionScavenger set, using defaults
2022-11-08 06:31:51,138 [Listener at 127.0.0.1/40183] INFO  server.session (HouseKeeper.java:startScavenging(132)) - node0 Scavenging every 660000ms
2022-11-08 06:31:51,139 [Listener at 127.0.0.1/40183] INFO  handler.ContextHandler (ContextHandler.java:doStart(921)) - Started o.e.j.s.ServletContextHandler@261052ac{logs,/logs,file:///home/runner/work/ozone/ozone/hadoop-ozone/integration-test/target/log,AVAILABLE}
2022-11-08 06:31:51,140 [Listener at 127.0.0.1/40183] INFO  handler.ContextHandler (ContextHandler.java:doStart(921)) - Started o.e.j.s.ServletContextHandler@21c06106{static,/static,jar:file:/home/runner/.m2/repository/org/apache/ozone/hdds-container-service/1.3.0-SNAPSHOT/hdds-container-service-1.3.0-SNAPSHOT.jar!/webapps/static,AVAILABLE}
2022-11-08 06:31:51,332 [Listener at 127.0.0.1/40183] INFO  handler.ContextHandler (ContextHandler.java:doStart(921)) - Started o.e.j.w.WebAppContext@47376146{hddsDatanode,/,file:///tmp/jetty-0_0_0_0-35827-hdds-container-service-1_3_0-SNAPSHOT_jar-_-any-3072021271387542223/webapp/,AVAILABLE}{jar:file:/home/runner/.m2/repository/org/apache/ozone/hdds-container-service/1.3.0-SNAPSHOT/hdds-container-service-1.3.0-SNAPSHOT.jar!/webapps/hddsDatanode}
2022-11-08 06:31:51,334 [Listener at 127.0.0.1/40183] INFO  server.AbstractConnector (AbstractConnector.java:doStart(333)) - Started ServerConnector@7e03fe2b{HTTP/1.1, (http/1.1)}{0.0.0.0:35827}
2022-11-08 06:31:51,334 [Listener at 127.0.0.1/40183] INFO  server.Server (Server.java:doStart(415)) - Started @10331ms
2022-11-08 06:31:51,334 [Listener at 127.0.0.1/40183] WARN  impl.MetricsSystemImpl (MetricsSystemImpl.java:register(279)) - Sink prometheus already exists!
2022-11-08 06:31:51,335 [Listener at 127.0.0.1/40183] INFO  http.BaseHttpServer (BaseHttpServer.java:updateConnectorAddress(333)) - HTTP server of hddsDatanode listening at http://0.0.0.0:35827
2022-11-08 06:31:51,335 [Datanode State Machine Daemon Thread] INFO  statemachine.DatanodeStateMachine (DatanodeStateMachine.java:lambda$startDaemon$0(505)) - Ozone container server started.
2022-11-08 06:31:51,336 [Listener at 127.0.0.1/40183] WARN  impl.MetricRegistriesImpl (MetricRegistriesImpl.java:addReporterRegistration(111)) - New reporters are added after registries were created. Some metrics will be missing from the reporter. Please add reporter before adding any new registry.
2022-11-08 06:31:51,338 [Listener at 127.0.0.1/40183] WARN  impl.MetricRegistriesImpl (MetricRegistriesImpl.java:addReporterRegistration(111)) - New reporters are added after registries were created. Some metrics will be missing from the reporter. Please add reporter before adding any new registry.
2022-11-08 06:31:51,338 [Listener at 127.0.0.1/40183] INFO  impl.MetricsSystemImpl (MetricsSystemImpl.java:init(158)) - HddsDatanode metrics system started (again)
2022-11-08 06:31:51,351 [Listener at 127.0.0.1/40183] INFO  ozone.HddsDatanodeService (HddsDatanodeService.java:start(236)) - HddsDatanodeService host:fv-az220-111.shdwizndlbjulinwhzhdmup5sb.jx.internal.cloudapp.net ip:10.1.0.244
2022-11-08 06:31:51,369 [org.apache.hadoop.util.JvmPauseMonitor$Monitor@535720] INFO  util.JvmPauseMonitor (JvmPauseMonitor.java:run(188)) - Starting JVM pause monitor
2022-11-08 06:31:51,371 [Datanode State Machine Task Thread - 0] INFO  datanode.InitDatanodeState (InitDatanodeState.java:persistContainerDatanodeDetails(138)) - DatanodeDetails is persisted to /home/runner/work/ozone/ozone/hadoop-ozone/integration-test/target/test-dir/MiniOzoneClusterImpl-c53ae64f-4849-40e6-a4d6-552e28141f22/datanode-3/meta/datanode.id
2022-11-08 06:31:51,393 [Listener at 127.0.0.1/40183] INFO  upgrade.AbstractLayoutVersionManager (AbstractLayoutVersionManager.java:init(83)) - Initializing Layout version manager with metadata layout = DATANODE_SCHEMA_V3 (version = 4), software layout = DATANODE_SCHEMA_V3 (version = 4)
2022-11-08 06:31:51,444 [Listener at 127.0.0.1/40183] INFO  reflections.Reflections (Reflections.java:scan(232)) - Reflections took 49 ms to scan 7 urls, producing 139 keys and 336 values 
2022-11-08 06:31:51,445 [Listener at 127.0.0.1/40183] INFO  statemachine.DatanodeStateMachine (DatanodeStateMachine.java:getEndPointTaskThreadPoolSize(245)) - Datanode State Machine Task Thread Pool size 2
2022-11-08 06:31:51,449 [Listener at 127.0.0.1/40183] INFO  volume.HddsVolume (HddsVolume.java:<init>(117)) - Creating HddsVolume: /home/runner/work/ozone/ozone/hadoop-ozone/integration-test/target/test-dir/MiniOzoneClusterImpl-c53ae64f-4849-40e6-a4d6-552e28141f22/datanode-4/data-0/containers/hdds of storage type : DISK capacity : 9223372036854775807
2022-11-08 06:31:51,449 [Listener at 127.0.0.1/40183] INFO  volume.MutableVolumeSet (MutableVolumeSet.java:initializeVolumeSet(174)) - Added Volume : /home/runner/work/ozone/ozone/hadoop-ozone/integration-test/target/test-dir/MiniOzoneClusterImpl-c53ae64f-4849-40e6-a4d6-552e28141f22/datanode-4/data-0/containers/hdds to VolumeSet
2022-11-08 06:31:51,449 [Listener at 127.0.0.1/40183] INFO  volume.ThrottledAsyncChecker (ThrottledAsyncChecker.java:schedule(141)) - Scheduling a check for /home/runner/work/ozone/ozone/hadoop-ozone/integration-test/target/test-dir/MiniOzoneClusterImpl-c53ae64f-4849-40e6-a4d6-552e28141f22/datanode-4/data-0/containers/hdds
2022-11-08 06:31:51,453 [Listener at 127.0.0.1/40183] INFO  volume.StorageVolumeChecker (StorageVolumeChecker.java:checkAllVolumes(202)) - Scheduled health check for volume /home/runner/work/ozone/ozone/hadoop-ozone/integration-test/target/test-dir/MiniOzoneClusterImpl-c53ae64f-4849-40e6-a4d6-552e28141f22/datanode-4/data-0/containers/hdds
2022-11-08 06:31:51,466 [Listener at 127.0.0.1/40183] INFO  volume.MutableVolumeSet (MutableVolumeSet.java:initializeVolumeSet(174)) - Added Volume : /home/runner/work/ozone/ozone/hadoop-ozone/integration-test/target/test-dir/MiniOzoneClusterImpl-c53ae64f-4849-40e6-a4d6-552e28141f22/datanode-4/data/ratis to VolumeSet
2022-11-08 06:31:51,466 [Listener at 127.0.0.1/40183] INFO  volume.ThrottledAsyncChecker (ThrottledAsyncChecker.java:schedule(141)) - Scheduling a check for /home/runner/work/ozone/ozone/hadoop-ozone/integration-test/target/test-dir/MiniOzoneClusterImpl-c53ae64f-4849-40e6-a4d6-552e28141f22/datanode-4/data/ratis
2022-11-08 06:31:51,467 [Listener at 127.0.0.1/40183] INFO  volume.StorageVolumeChecker (StorageVolumeChecker.java:checkAllVolumes(202)) - Scheduled health check for volume /home/runner/work/ozone/ozone/hadoop-ozone/integration-test/target/test-dir/MiniOzoneClusterImpl-c53ae64f-4849-40e6-a4d6-552e28141f22/datanode-4/data/ratis
2022-11-08 06:31:51,480 [Thread-190] INFO  ozoneimpl.ContainerReader (ContainerReader.java:readVolume(175)) - Finish verifying containers on volume /home/runner/work/ozone/ozone/hadoop-ozone/integration-test/target/test-dir/MiniOzoneClusterImpl-c53ae64f-4849-40e6-a4d6-552e28141f22/datanode-4/data-0/containers/hdds
2022-11-08 06:31:51,480 [Listener at 127.0.0.1/40183] INFO  ozoneimpl.OzoneContainer (OzoneContainer.java:buildContainerSet(300)) - Build ContainerSet costs 0s
2022-11-08 06:31:51,483 [Listener at 127.0.0.1/40183] INFO  server.RaftServer (ConfUtils.java:logGet(46)) - raft.rpc.type = GRPC (default)
2022-11-08 06:31:51,483 [Listener at 127.0.0.1/40183] INFO  grpc.GrpcConfigKeys (ConfUtils.java:logFallback(53)) - raft.grpc.admin.host = null (fallback to raft.grpc.server.host)
2022-11-08 06:31:51,484 [Listener at 127.0.0.1/40183] INFO  grpc.GrpcConfigKeys (ConfUtils.java:logGet(46)) - raft.grpc.admin.port = 0 (custom)
2022-11-08 06:31:51,484 [Listener at 127.0.0.1/40183] INFO  grpc.GrpcConfigKeys (ConfUtils.java:logFallback(53)) - raft.grpc.client.host = null (fallback to raft.grpc.server.host)
2022-11-08 06:31:51,484 [Listener at 127.0.0.1/40183] INFO  grpc.GrpcConfigKeys (ConfUtils.java:logGet(46)) - raft.grpc.client.port = 0 (custom)
2022-11-08 06:31:51,484 [Listener at 127.0.0.1/40183] INFO  grpc.GrpcConfigKeys (ConfUtils.java:logGet(46)) - raft.grpc.server.host = null (default)
2022-11-08 06:31:51,484 [Listener at 127.0.0.1/40183] INFO  grpc.GrpcConfigKeys (ConfUtils.java:logGet(46)) - raft.grpc.server.port = 0 (default)
2022-11-08 06:31:51,484 [Listener at 127.0.0.1/40183] INFO  server.GrpcService (ConfUtils.java:logGet(46)) - raft.grpc.message.size.max = 32MB (=33554432) (custom)
2022-11-08 06:31:51,484 [Listener at 127.0.0.1/40183] INFO  server.RaftServerConfigKeys (ConfUtils.java:logGet(46)) - raft.server.log.appender.buffer.byte-limit = 33554432 (custom)
2022-11-08 06:31:51,485 [Listener at 127.0.0.1/40183] INFO  server.GrpcService (ConfUtils.java:logGet(46)) - raft.grpc.flow.control.window = 5MB (=5242880) (custom)
2022-11-08 06:31:51,485 [Listener at 127.0.0.1/40183] INFO  server.RaftServerConfigKeys (ConfUtils.java:logGet(46)) - raft.server.rpc.request.timeout = 60s (custom)
2022-11-08 06:31:51,485 [Listener at 127.0.0.1/40183] INFO  grpc.GrpcConfigKeys (ConfUtils.java:logGet(46)) - raft.grpc.server.heartbeat.channel = true (default)
2022-11-08 06:31:51,485 [Listener at 127.0.0.1/40183] INFO  grpc.GrpcConfigKeys (ConfUtils.java:logGet(46)) - raft.grpc.server.async.request.thread.pool.cached = true (default)
2022-11-08 06:31:51,486 [Listener at 127.0.0.1/40183] INFO  grpc.GrpcConfigKeys (ConfUtils.java:logGet(46)) - raft.grpc.server.async.request.thread.pool.size = 32 (default)
2022-11-08 06:31:51,490 [Listener at 127.0.0.1/40183] INFO  impl.DataStreamServerImpl (ConfUtils.java:logGet(46)) - raft.datastream.type = DISABLED (default)
2022-11-08 06:31:51,490 [Listener at 127.0.0.1/40183] INFO  server.RaftServerConfigKeys (ConfUtils.java:logGet(46)) - raft.server.threadpool.proxy.cached = true (default)
2022-11-08 06:31:51,490 [Listener at 127.0.0.1/40183] INFO  server.RaftServerConfigKeys (ConfUtils.java:logGet(46)) - raft.server.threadpool.proxy.size = 0 (default)
2022-11-08 06:31:51,491 [Listener at 127.0.0.1/40183] INFO  server.RaftServerConfigKeys (ConfUtils.java:logGet(46)) - raft.server.rpc.slowness.timeout = 300s (custom)
2022-11-08 06:31:51,491 [Listener at 127.0.0.1/40183] INFO  server.RaftServerConfigKeys (ConfUtils.java:logGet(46)) - raft.server.leaderelection.leader.step-down.wait-time = 10s (default)
2022-11-08 06:31:51,491 [Listener at 127.0.0.1/40183] INFO  server.RaftServerConfigKeys (ConfUtils.java:logGet(46)) - raft.server.storage.dir = [/home/runner/work/ozone/ozone/hadoop-ozone/integration-test/target/test-dir/MiniOzoneClusterImpl-c53ae64f-4849-40e6-a4d6-552e28141f22/datanode-4/data/ratis] (custom)
2022-11-08 06:31:51,493 [Listener at 127.0.0.1/40183] INFO  server.XceiverServerGrpc (XceiverServerGrpc.java:<init>(132)) - GrpcServer channel type EpollServerSocketChannel
2022-11-08 06:31:51,497 [Listener at 127.0.0.1/40183] INFO  http.BaseHttpServer (BaseHttpServer.java:newHttpServer2BuilderForOzone(213)) - Starting Web-server for hddsDatanode at: http://0.0.0.0:0
2022-11-08 06:31:51,497 [Listener at 127.0.0.1/40183] INFO  http.BaseHttpServer (BaseHttpServer.java:<init>(108)) - Hadoop Security Enabled: false Ozone Security Enabled: false Ozone HTTP Security Enabled: false 
2022-11-08 06:31:51,498 [Listener at 127.0.0.1/40183] WARN  server.AuthenticationFilter (AuthenticationFilter.java:constructSecretProvider(240)) - Unable to initialize FileSignerSecretProvider, falling back to use random secrets. Reason: Could not read signature secret file: /home/runner/hadoop-http-auth-signature-secret
2022-11-08 06:31:51,499 [Listener at 127.0.0.1/40183] WARN  http.HttpRequestLog (HttpRequestLog.java:getRequestLog(103)) - Jetty request log can only be enabled using Log4j
2022-11-08 06:31:51,501 [Listener at 127.0.0.1/40183] INFO  http.HttpServer2 (HttpServer2.java:addGlobalFilter(1031)) - Added global filter 'safety' (class=org.apache.hadoop.hdds.server.http.HttpServer2$QuotingInputFilter)
2022-11-08 06:31:51,501 [Listener at 127.0.0.1/40183] INFO  http.HttpServer2 (HttpServer2.java:addFilter(1007)) - Added filter static_user_filter (class=org.apache.hadoop.http.lib.StaticUserWebFilter$StaticUserFilter) to context hddsDatanode
2022-11-08 06:31:51,502 [Listener at 127.0.0.1/40183] INFO  http.HttpServer2 (HttpServer2.java:addFilter(1015)) - Added filter static_user_filter (class=org.apache.hadoop.http.lib.StaticUserWebFilter$StaticUserFilter) to context logs
2022-11-08 06:31:51,502 [Listener at 127.0.0.1/40183] INFO  http.HttpServer2 (HttpServer2.java:addFilter(1015)) - Added filter static_user_filter (class=org.apache.hadoop.http.lib.StaticUserWebFilter$StaticUserFilter) to context static
2022-11-08 06:31:51,502 [Listener at 127.0.0.1/40183] INFO  http.HttpServer2 (HttpServer2.java:bindListener(1250)) - Jetty bound to port 33791
2022-11-08 06:31:51,503 [Listener at 127.0.0.1/40183] INFO  server.Server (Server.java:doStart(375)) - jetty-9.4.49.v20220914; built: 2022-09-14T01:07:36.601Z; git: 4231a3b2e4cb8548a412a789936d640a97b1aa0a; jvm 1.8.0_345-b01
2022-11-08 06:31:51,507 [Listener at 127.0.0.1/40183] INFO  server.session (DefaultSessionIdManager.java:doStart(334)) - DefaultSessionIdManager workerName=node0
2022-11-08 06:31:51,507 [Listener at 127.0.0.1/40183] INFO  server.session (DefaultSessionIdManager.java:doStart(339)) - No SessionScavenger set, using defaults
2022-11-08 06:31:51,508 [Listener at 127.0.0.1/40183] INFO  server.session (HouseKeeper.java:startScavenging(132)) - node0 Scavenging every 600000ms
2022-11-08 06:31:51,508 [Listener at 127.0.0.1/40183] INFO  handler.ContextHandler (ContextHandler.java:doStart(921)) - Started o.e.j.s.ServletContextHandler@55ad0169{logs,/logs,file:///home/runner/work/ozone/ozone/hadoop-ozone/integration-test/target/log,AVAILABLE}
2022-11-08 06:31:51,509 [Listener at 127.0.0.1/40183] INFO  handler.ContextHandler (ContextHandler.java:doStart(921)) - Started o.e.j.s.ServletContextHandler@557665b2{static,/static,jar:file:/home/runner/.m2/repository/org/apache/ozone/hdds-container-service/1.3.0-SNAPSHOT/hdds-container-service-1.3.0-SNAPSHOT.jar!/webapps/static,AVAILABLE}
2022-11-08 06:31:51,699 [Listener at 127.0.0.1/40183] INFO  handler.ContextHandler (ContextHandler.java:doStart(921)) - Started o.e.j.w.WebAppContext@617f624b{hddsDatanode,/,file:///tmp/jetty-0_0_0_0-33791-hdds-container-service-1_3_0-SNAPSHOT_jar-_-any-8381451120428084482/webapp/,AVAILABLE}{jar:file:/home/runner/.m2/repository/org/apache/ozone/hdds-container-service/1.3.0-SNAPSHOT/hdds-container-service-1.3.0-SNAPSHOT.jar!/webapps/hddsDatanode}
2022-11-08 06:31:51,701 [Listener at 127.0.0.1/40183] INFO  server.AbstractConnector (AbstractConnector.java:doStart(333)) - Started ServerConnector@26ec9871{HTTP/1.1, (http/1.1)}{0.0.0.0:33791}
2022-11-08 06:31:51,701 [Listener at 127.0.0.1/40183] INFO  server.Server (Server.java:doStart(415)) - Started @10698ms
2022-11-08 06:31:51,701 [Listener at 127.0.0.1/40183] WARN  impl.MetricsSystemImpl (MetricsSystemImpl.java:register(279)) - Sink prometheus already exists!
2022-11-08 06:31:51,702 [Listener at 127.0.0.1/40183] INFO  http.BaseHttpServer (BaseHttpServer.java:updateConnectorAddress(333)) - HTTP server of hddsDatanode listening at http://0.0.0.0:33791
2022-11-08 06:31:51,708 [Datanode State Machine Daemon Thread] INFO  statemachine.DatanodeStateMachine (DatanodeStateMachine.java:lambda$startDaemon$0(505)) - Ozone container server started.
2022-11-08 06:31:51,708 [Listener at 127.0.0.1/40183] WARN  impl.MetricRegistriesImpl (MetricRegistriesImpl.java:addReporterRegistration(111)) - New reporters are added after registries were created. Some metrics will be missing from the reporter. Please add reporter before adding any new registry.
2022-11-08 06:31:51,709 [Listener at 127.0.0.1/40183] WARN  impl.MetricRegistriesImpl (MetricRegistriesImpl.java:addReporterRegistration(111)) - New reporters are added after registries were created. Some metrics will be missing from the reporter. Please add reporter before adding any new registry.
2022-11-08 06:31:51,709 [Listener at 127.0.0.1/40183] INFO  impl.MetricsSystemImpl (MetricsSystemImpl.java:init(158)) - HddsDatanode metrics system started (again)
2022-11-08 06:31:51,723 [Listener at 127.0.0.1/40183] INFO  ozone.HddsDatanodeService (HddsDatanodeService.java:start(236)) - HddsDatanodeService host:fv-az220-111.shdwizndlbjulinwhzhdmup5sb.jx.internal.cloudapp.net ip:10.1.0.244
2022-11-08 06:31:51,723 [org.apache.hadoop.util.JvmPauseMonitor$Monitor@4078c51b] INFO  util.JvmPauseMonitor (JvmPauseMonitor.java:run(188)) - Starting JVM pause monitor
2022-11-08 06:31:51,731 [Datanode State Machine Task Thread - 0] INFO  datanode.InitDatanodeState (InitDatanodeState.java:persistContainerDatanodeDetails(138)) - DatanodeDetails is persisted to /home/runner/work/ozone/ozone/hadoop-ozone/integration-test/target/test-dir/MiniOzoneClusterImpl-c53ae64f-4849-40e6-a4d6-552e28141f22/datanode-4/meta/datanode.id
2022-11-08 06:31:51,751 [Listener at 127.0.0.1/40183] INFO  upgrade.AbstractLayoutVersionManager (AbstractLayoutVersionManager.java:init(83)) - Initializing Layout version manager with metadata layout = DATANODE_SCHEMA_V3 (version = 4), software layout = DATANODE_SCHEMA_V3 (version = 4)
2022-11-08 06:31:51,804 [Listener at 127.0.0.1/40183] INFO  reflections.Reflections (Reflections.java:scan(232)) - Reflections took 49 ms to scan 7 urls, producing 139 keys and 336 values 
2022-11-08 06:31:51,806 [Listener at 127.0.0.1/40183] INFO  statemachine.DatanodeStateMachine (DatanodeStateMachine.java:getEndPointTaskThreadPoolSize(245)) - Datanode State Machine Task Thread Pool size 2
2022-11-08 06:31:51,808 [Listener at 127.0.0.1/40183] INFO  volume.HddsVolume (HddsVolume.java:<init>(117)) - Creating HddsVolume: /home/runner/work/ozone/ozone/hadoop-ozone/integration-test/target/test-dir/MiniOzoneClusterImpl-c53ae64f-4849-40e6-a4d6-552e28141f22/datanode-5/data-0/containers/hdds of storage type : DISK capacity : 9223372036854775807
2022-11-08 06:31:51,808 [Listener at 127.0.0.1/40183] INFO  volume.MutableVolumeSet (MutableVolumeSet.java:initializeVolumeSet(174)) - Added Volume : /home/runner/work/ozone/ozone/hadoop-ozone/integration-test/target/test-dir/MiniOzoneClusterImpl-c53ae64f-4849-40e6-a4d6-552e28141f22/datanode-5/data-0/containers/hdds to VolumeSet
2022-11-08 06:31:51,808 [Listener at 127.0.0.1/40183] INFO  volume.ThrottledAsyncChecker (ThrottledAsyncChecker.java:schedule(141)) - Scheduling a check for /home/runner/work/ozone/ozone/hadoop-ozone/integration-test/target/test-dir/MiniOzoneClusterImpl-c53ae64f-4849-40e6-a4d6-552e28141f22/datanode-5/data-0/containers/hdds
2022-11-08 06:31:51,813 [Listener at 127.0.0.1/40183] INFO  volume.StorageVolumeChecker (StorageVolumeChecker.java:checkAllVolumes(202)) - Scheduled health check for volume /home/runner/work/ozone/ozone/hadoop-ozone/integration-test/target/test-dir/MiniOzoneClusterImpl-c53ae64f-4849-40e6-a4d6-552e28141f22/datanode-5/data-0/containers/hdds
2022-11-08 06:31:51,825 [Listener at 127.0.0.1/40183] INFO  volume.MutableVolumeSet (MutableVolumeSet.java:initializeVolumeSet(174)) - Added Volume : /home/runner/work/ozone/ozone/hadoop-ozone/integration-test/target/test-dir/MiniOzoneClusterImpl-c53ae64f-4849-40e6-a4d6-552e28141f22/datanode-5/data/ratis to VolumeSet
2022-11-08 06:31:51,825 [Listener at 127.0.0.1/40183] INFO  volume.ThrottledAsyncChecker (ThrottledAsyncChecker.java:schedule(141)) - Scheduling a check for /home/runner/work/ozone/ozone/hadoop-ozone/integration-test/target/test-dir/MiniOzoneClusterImpl-c53ae64f-4849-40e6-a4d6-552e28141f22/datanode-5/data/ratis
2022-11-08 06:31:51,826 [Listener at 127.0.0.1/40183] INFO  volume.StorageVolumeChecker (StorageVolumeChecker.java:checkAllVolumes(202)) - Scheduled health check for volume /home/runner/work/ozone/ozone/hadoop-ozone/integration-test/target/test-dir/MiniOzoneClusterImpl-c53ae64f-4849-40e6-a4d6-552e28141f22/datanode-5/data/ratis
2022-11-08 06:31:51,842 [Thread-203] INFO  ozoneimpl.ContainerReader (ContainerReader.java:readVolume(175)) - Finish verifying containers on volume /home/runner/work/ozone/ozone/hadoop-ozone/integration-test/target/test-dir/MiniOzoneClusterImpl-c53ae64f-4849-40e6-a4d6-552e28141f22/datanode-5/data-0/containers/hdds
2022-11-08 06:31:51,842 [Listener at 127.0.0.1/40183] INFO  ozoneimpl.OzoneContainer (OzoneContainer.java:buildContainerSet(300)) - Build ContainerSet costs 0s
2022-11-08 06:31:51,849 [Listener at 127.0.0.1/40183] INFO  server.RaftServer (ConfUtils.java:logGet(46)) - raft.rpc.type = GRPC (default)
2022-11-08 06:31:51,849 [Listener at 127.0.0.1/40183] INFO  grpc.GrpcConfigKeys (ConfUtils.java:logFallback(53)) - raft.grpc.admin.host = null (fallback to raft.grpc.server.host)
2022-11-08 06:31:51,849 [Listener at 127.0.0.1/40183] INFO  grpc.GrpcConfigKeys (ConfUtils.java:logGet(46)) - raft.grpc.admin.port = 0 (custom)
2022-11-08 06:31:51,849 [Listener at 127.0.0.1/40183] INFO  grpc.GrpcConfigKeys (ConfUtils.java:logFallback(53)) - raft.grpc.client.host = null (fallback to raft.grpc.server.host)
2022-11-08 06:31:51,850 [Listener at 127.0.0.1/40183] INFO  grpc.GrpcConfigKeys (ConfUtils.java:logGet(46)) - raft.grpc.client.port = 0 (custom)
2022-11-08 06:31:51,850 [Listener at 127.0.0.1/40183] INFO  grpc.GrpcConfigKeys (ConfUtils.java:logGet(46)) - raft.grpc.server.host = null (default)
2022-11-08 06:31:51,850 [Listener at 127.0.0.1/40183] INFO  grpc.GrpcConfigKeys (ConfUtils.java:logGet(46)) - raft.grpc.server.port = 0 (default)
2022-11-08 06:31:51,850 [Listener at 127.0.0.1/40183] INFO  server.GrpcService (ConfUtils.java:logGet(46)) - raft.grpc.message.size.max = 32MB (=33554432) (custom)
2022-11-08 06:31:51,850 [Listener at 127.0.0.1/40183] INFO  server.RaftServerConfigKeys (ConfUtils.java:logGet(46)) - raft.server.log.appender.buffer.byte-limit = 33554432 (custom)
2022-11-08 06:31:51,850 [Listener at 127.0.0.1/40183] INFO  server.GrpcService (ConfUtils.java:logGet(46)) - raft.grpc.flow.control.window = 5MB (=5242880) (custom)
2022-11-08 06:31:51,851 [Listener at 127.0.0.1/40183] INFO  server.RaftServerConfigKeys (ConfUtils.java:logGet(46)) - raft.server.rpc.request.timeout = 60s (custom)
2022-11-08 06:31:51,851 [Listener at 127.0.0.1/40183] INFO  grpc.GrpcConfigKeys (ConfUtils.java:logGet(46)) - raft.grpc.server.heartbeat.channel = true (default)
2022-11-08 06:31:51,851 [Listener at 127.0.0.1/40183] INFO  grpc.GrpcConfigKeys (ConfUtils.java:logGet(46)) - raft.grpc.server.async.request.thread.pool.cached = true (default)
2022-11-08 06:31:51,851 [Listener at 127.0.0.1/40183] INFO  grpc.GrpcConfigKeys (ConfUtils.java:logGet(46)) - raft.grpc.server.async.request.thread.pool.size = 32 (default)
2022-11-08 06:31:51,852 [Listener at 127.0.0.1/40183] INFO  impl.DataStreamServerImpl (ConfUtils.java:logGet(46)) - raft.datastream.type = DISABLED (default)
2022-11-08 06:31:51,852 [Listener at 127.0.0.1/40183] INFO  server.RaftServerConfigKeys (ConfUtils.java:logGet(46)) - raft.server.threadpool.proxy.cached = true (default)
2022-11-08 06:31:51,853 [Listener at 127.0.0.1/40183] INFO  server.RaftServerConfigKeys (ConfUtils.java:logGet(46)) - raft.server.threadpool.proxy.size = 0 (default)
2022-11-08 06:31:51,853 [Listener at 127.0.0.1/40183] INFO  server.RaftServerConfigKeys (ConfUtils.java:logGet(46)) - raft.server.rpc.slowness.timeout = 300s (custom)
2022-11-08 06:31:51,853 [Listener at 127.0.0.1/40183] INFO  server.RaftServerConfigKeys (ConfUtils.java:logGet(46)) - raft.server.leaderelection.leader.step-down.wait-time = 10s (default)
2022-11-08 06:31:51,853 [Listener at 127.0.0.1/40183] INFO  server.RaftServerConfigKeys (ConfUtils.java:logGet(46)) - raft.server.storage.dir = [/home/runner/work/ozone/ozone/hadoop-ozone/integration-test/target/test-dir/MiniOzoneClusterImpl-c53ae64f-4849-40e6-a4d6-552e28141f22/datanode-5/data/ratis] (custom)
2022-11-08 06:31:51,855 [Listener at 127.0.0.1/40183] INFO  server.XceiverServerGrpc (XceiverServerGrpc.java:<init>(132)) - GrpcServer channel type EpollServerSocketChannel
2022-11-08 06:31:51,860 [Listener at 127.0.0.1/40183] INFO  http.BaseHttpServer (BaseHttpServer.java:newHttpServer2BuilderForOzone(213)) - Starting Web-server for hddsDatanode at: http://0.0.0.0:0
2022-11-08 06:31:51,860 [Listener at 127.0.0.1/40183] INFO  http.BaseHttpServer (BaseHttpServer.java:<init>(108)) - Hadoop Security Enabled: false Ozone Security Enabled: false Ozone HTTP Security Enabled: false 
2022-11-08 06:31:51,861 [Listener at 127.0.0.1/40183] WARN  server.AuthenticationFilter (AuthenticationFilter.java:constructSecretProvider(240)) - Unable to initialize FileSignerSecretProvider, falling back to use random secrets. Reason: Could not read signature secret file: /home/runner/hadoop-http-auth-signature-secret
2022-11-08 06:31:51,862 [Listener at 127.0.0.1/40183] WARN  http.HttpRequestLog (HttpRequestLog.java:getRequestLog(103)) - Jetty request log can only be enabled using Log4j
2022-11-08 06:31:51,864 [Listener at 127.0.0.1/40183] INFO  http.HttpServer2 (HttpServer2.java:addGlobalFilter(1031)) - Added global filter 'safety' (class=org.apache.hadoop.hdds.server.http.HttpServer2$QuotingInputFilter)
2022-11-08 06:31:51,864 [Listener at 127.0.0.1/40183] INFO  http.HttpServer2 (HttpServer2.java:addFilter(1007)) - Added filter static_user_filter (class=org.apache.hadoop.http.lib.StaticUserWebFilter$StaticUserFilter) to context hddsDatanode
2022-11-08 06:31:51,864 [Listener at 127.0.0.1/40183] INFO  http.HttpServer2 (HttpServer2.java:addFilter(1015)) - Added filter static_user_filter (class=org.apache.hadoop.http.lib.StaticUserWebFilter$StaticUserFilter) to context logs
2022-11-08 06:31:51,865 [Listener at 127.0.0.1/40183] INFO  http.HttpServer2 (HttpServer2.java:addFilter(1015)) - Added filter static_user_filter (class=org.apache.hadoop.http.lib.StaticUserWebFilter$StaticUserFilter) to context static
2022-11-08 06:31:51,865 [Listener at 127.0.0.1/40183] INFO  http.HttpServer2 (HttpServer2.java:bindListener(1250)) - Jetty bound to port 45315
2022-11-08 06:31:51,865 [Listener at 127.0.0.1/40183] INFO  server.Server (Server.java:doStart(375)) - jetty-9.4.49.v20220914; built: 2022-09-14T01:07:36.601Z; git: 4231a3b2e4cb8548a412a789936d640a97b1aa0a; jvm 1.8.0_345-b01
2022-11-08 06:31:51,868 [Listener at 127.0.0.1/40183] INFO  server.session (DefaultSessionIdManager.java:doStart(334)) - DefaultSessionIdManager workerName=node0
2022-11-08 06:31:51,868 [Listener at 127.0.0.1/40183] INFO  server.session (DefaultSessionIdManager.java:doStart(339)) - No SessionScavenger set, using defaults
2022-11-08 06:31:51,868 [Listener at 127.0.0.1/40183] INFO  server.session (HouseKeeper.java:startScavenging(132)) - node0 Scavenging every 660000ms
2022-11-08 06:31:51,869 [Listener at 127.0.0.1/40183] INFO  handler.ContextHandler (ContextHandler.java:doStart(921)) - Started o.e.j.s.ServletContextHandler@31cec21b{logs,/logs,file:///home/runner/work/ozone/ozone/hadoop-ozone/integration-test/target/log,AVAILABLE}
2022-11-08 06:31:51,870 [Listener at 127.0.0.1/40183] INFO  handler.ContextHandler (ContextHandler.java:doStart(921)) - Started o.e.j.s.ServletContextHandler@5093612e{static,/static,jar:file:/home/runner/.m2/repository/org/apache/ozone/hdds-container-service/1.3.0-SNAPSHOT/hdds-container-service-1.3.0-SNAPSHOT.jar!/webapps/static,AVAILABLE}
2022-11-08 06:31:52,105 [Listener at 127.0.0.1/40183] INFO  handler.ContextHandler (ContextHandler.java:doStart(921)) - Started o.e.j.w.WebAppContext@734c0274{hddsDatanode,/,file:///tmp/jetty-0_0_0_0-45315-hdds-container-service-1_3_0-SNAPSHOT_jar-_-any-2806399537632681145/webapp/,AVAILABLE}{jar:file:/home/runner/.m2/repository/org/apache/ozone/hdds-container-service/1.3.0-SNAPSHOT/hdds-container-service-1.3.0-SNAPSHOT.jar!/webapps/hddsDatanode}
2022-11-08 06:31:52,107 [Listener at 127.0.0.1/40183] INFO  server.AbstractConnector (AbstractConnector.java:doStart(333)) - Started ServerConnector@72558d04{HTTP/1.1, (http/1.1)}{0.0.0.0:45315}
2022-11-08 06:31:52,108 [Listener at 127.0.0.1/40183] INFO  server.Server (Server.java:doStart(415)) - Started @11105ms
2022-11-08 06:31:52,108 [Listener at 127.0.0.1/40183] WARN  impl.MetricsSystemImpl (MetricsSystemImpl.java:register(279)) - Sink prometheus already exists!
2022-11-08 06:31:52,109 [Listener at 127.0.0.1/40183] INFO  http.BaseHttpServer (BaseHttpServer.java:updateConnectorAddress(333)) - HTTP server of hddsDatanode listening at http://0.0.0.0:45315
2022-11-08 06:31:52,110 [Listener at 127.0.0.1/40183] INFO  ozone.MiniOzoneClusterImpl (MiniOzoneClusterImpl.java:lambda$waitForClusterToBeReady$0(216)) - Waiting for nodes to be ready. Got 0 of 6 DN Heartbeats.
2022-11-08 06:31:52,111 [Listener at 127.0.0.1/40183] INFO  ozone.MiniOzoneClusterImpl (MiniOzoneClusterImpl.java:lambda$waitForClusterToBeReady$0(219)) - Waiting for cluster to exit safe mode
2022-11-08 06:31:52,111 [Listener at 127.0.0.1/40183] INFO  ozone.MiniOzoneClusterImpl (MiniOzoneClusterImpl.java:lambda$waitForClusterToBeReady$0(221)) - SCM became leader
2022-11-08 06:31:52,111 [Datanode State Machine Daemon Thread] INFO  statemachine.DatanodeStateMachine (DatanodeStateMachine.java:lambda$startDaemon$0(505)) - Ozone container server started.
2022-11-08 06:31:52,132 [org.apache.hadoop.util.JvmPauseMonitor$Monitor@5a008dbe] INFO  util.JvmPauseMonitor (JvmPauseMonitor.java:run(188)) - Starting JVM pause monitor
2022-11-08 06:31:52,132 [Datanode State Machine Task Thread - 0] INFO  datanode.InitDatanodeState (InitDatanodeState.java:persistContainerDatanodeDetails(138)) - DatanodeDetails is persisted to /home/runner/work/ozone/ozone/hadoop-ozone/integration-test/target/test-dir/MiniOzoneClusterImpl-c53ae64f-4849-40e6-a4d6-552e28141f22/datanode-5/meta/datanode.id
2022-11-08 06:31:52,181 [EndpointStateMachine task thread for /0.0.0.0:39283 - 0 ] INFO  utils.DatanodeStoreCache (DatanodeStoreCache.java:addDB(58)) - Added db /home/runner/work/ozone/ozone/hadoop-ozone/integration-test/target/test-dir/MiniOzoneClusterImpl-c53ae64f-4849-40e6-a4d6-552e28141f22/datanode-0/data-0/containers/hdds/c53ae64f-4849-40e6-a4d6-552e28141f22/DS-da314b66-1bd5-4237-be55-370c4e290f42/container.db to cache
2022-11-08 06:31:52,181 [EndpointStateMachine task thread for /0.0.0.0:39283 - 0 ] INFO  volume.HddsVolume (HddsVolume.java:createDbStore(307)) - SchemaV3 db is created and loaded at /home/runner/work/ozone/ozone/hadoop-ozone/integration-test/target/test-dir/MiniOzoneClusterImpl-c53ae64f-4849-40e6-a4d6-552e28141f22/datanode-0/data-0/containers/hdds/c53ae64f-4849-40e6-a4d6-552e28141f22/DS-da314b66-1bd5-4237-be55-370c4e290f42/container.db for volume DS-da314b66-1bd5-4237-be55-370c4e290f42
2022-11-08 06:31:52,182 [EndpointStateMachine task thread for /0.0.0.0:39283 - 0 ] INFO  ozoneimpl.OzoneContainer (OzoneContainer.java:start(378)) - Attempting to start container services.
2022-11-08 06:31:52,186 [EndpointStateMachine task thread for /0.0.0.0:39283 - 0 ] INFO  ozoneimpl.OzoneContainer (OzoneContainer.java:startContainerScrub(313)) - Background container scanner has been disabled.
2022-11-08 06:31:52,188 [EndpointStateMachine task thread for /0.0.0.0:39283 - 0 ] INFO  replication.ReplicationServer (ReplicationServer.java:start(111)) - ReplicationServer is started using port 36687
2022-11-08 06:31:52,191 [EndpointStateMachine task thread for /0.0.0.0:39283 - 0 ] INFO  ratis.XceiverServerRatis (XceiverServerRatis.java:start(481)) - Starting XceiverServerRatis ec4ff2c3-aedb-4237-8f96-8aa5e66a28ee
2022-11-08 06:31:52,191 [EndpointStateMachine task thread for /0.0.0.0:39283 - 0 ] INFO  server.RaftServer (RaftServerProxy.java:startImpl(393)) - ec4ff2c3-aedb-4237-8f96-8aa5e66a28ee: start RPC server
2022-11-08 06:31:52,195 [EndpointStateMachine task thread for /0.0.0.0:39283 - 0 ] INFO  server.GrpcService (GrpcService.java:startImpl(270)) - ec4ff2c3-aedb-4237-8f96-8aa5e66a28ee: GrpcService started, listening on 40923
2022-11-08 06:31:52,196 [EndpointStateMachine task thread for /0.0.0.0:39283 - 0 ] INFO  ratis.XceiverServerRatis (XceiverServerRatis.java:getRealPort(502)) - XceiverServerRatis ec4ff2c3-aedb-4237-8f96-8aa5e66a28ee is started using port 40923 for RATIS
2022-11-08 06:31:52,196 [EndpointStateMachine task thread for /0.0.0.0:39283 - 0 ] INFO  ratis.XceiverServerRatis (XceiverServerRatis.java:getRealPort(502)) - XceiverServerRatis ec4ff2c3-aedb-4237-8f96-8aa5e66a28ee is started using port 40923 for RATIS_ADMIN
2022-11-08 06:31:52,196 [EndpointStateMachine task thread for /0.0.0.0:39283 - 0 ] INFO  ratis.XceiverServerRatis (XceiverServerRatis.java:getRealPort(502)) - XceiverServerRatis ec4ff2c3-aedb-4237-8f96-8aa5e66a28ee is started using port 40923 for RATIS_SERVER
2022-11-08 06:31:52,196 [JvmPauseMonitor1] INFO  util.JvmPauseMonitor (JvmPauseMonitor.java:run(105)) - JvmPauseMonitor-ec4ff2c3-aedb-4237-8f96-8aa5e66a28ee: Started
2022-11-08 06:31:52,203 [EndpointStateMachine task thread for /0.0.0.0:39283 - 0 ] INFO  server.XceiverServerGrpc (XceiverServerGrpc.java:start(180)) - XceiverServerGrpc ec4ff2c3-aedb-4237-8f96-8aa5e66a28ee is started using port 33395
2022-11-08 06:31:52,623 [EndpointStateMachine task thread for /0.0.0.0:39283 - 0 ] INFO  utils.DatanodeStoreCache (DatanodeStoreCache.java:addDB(58)) - Added db /home/runner/work/ozone/ozone/hadoop-ozone/integration-test/target/test-dir/MiniOzoneClusterImpl-c53ae64f-4849-40e6-a4d6-552e28141f22/datanode-1/data-0/containers/hdds/c53ae64f-4849-40e6-a4d6-552e28141f22/DS-c34d0a85-79a9-4f53-ba6c-b3f3ed0cab81/container.db to cache
2022-11-08 06:31:52,624 [EndpointStateMachine task thread for /0.0.0.0:39283 - 0 ] INFO  volume.HddsVolume (HddsVolume.java:createDbStore(307)) - SchemaV3 db is created and loaded at /home/runner/work/ozone/ozone/hadoop-ozone/integration-test/target/test-dir/MiniOzoneClusterImpl-c53ae64f-4849-40e6-a4d6-552e28141f22/datanode-1/data-0/containers/hdds/c53ae64f-4849-40e6-a4d6-552e28141f22/DS-c34d0a85-79a9-4f53-ba6c-b3f3ed0cab81/container.db for volume DS-c34d0a85-79a9-4f53-ba6c-b3f3ed0cab81
2022-11-08 06:31:52,624 [EndpointStateMachine task thread for /0.0.0.0:39283 - 0 ] INFO  ozoneimpl.OzoneContainer (OzoneContainer.java:start(378)) - Attempting to start container services.
2022-11-08 06:31:52,624 [EndpointStateMachine task thread for /0.0.0.0:39283 - 0 ] INFO  ozoneimpl.OzoneContainer (OzoneContainer.java:startContainerScrub(313)) - Background container scanner has been disabled.
2022-11-08 06:31:52,626 [EndpointStateMachine task thread for /0.0.0.0:39283 - 0 ] INFO  replication.ReplicationServer (ReplicationServer.java:start(111)) - ReplicationServer is started using port 33999
2022-11-08 06:31:52,626 [EndpointStateMachine task thread for /0.0.0.0:39283 - 0 ] INFO  ratis.XceiverServerRatis (XceiverServerRatis.java:start(481)) - Starting XceiverServerRatis 976467f4-c66a-4ccc-8167-891a23ca4537
2022-11-08 06:31:52,627 [EndpointStateMachine task thread for /0.0.0.0:39283 - 0 ] INFO  server.RaftServer (RaftServerProxy.java:startImpl(393)) - 976467f4-c66a-4ccc-8167-891a23ca4537: start RPC server
2022-11-08 06:31:52,629 [EndpointStateMachine task thread for /0.0.0.0:39283 - 0 ] INFO  server.GrpcService (GrpcService.java:startImpl(270)) - 976467f4-c66a-4ccc-8167-891a23ca4537: GrpcService started, listening on 37157
2022-11-08 06:31:52,630 [EndpointStateMachine task thread for /0.0.0.0:39283 - 0 ] INFO  ratis.XceiverServerRatis (XceiverServerRatis.java:getRealPort(502)) - XceiverServerRatis 976467f4-c66a-4ccc-8167-891a23ca4537 is started using port 37157 for RATIS
2022-11-08 06:31:52,630 [EndpointStateMachine task thread for /0.0.0.0:39283 - 0 ] INFO  ratis.XceiverServerRatis (XceiverServerRatis.java:getRealPort(502)) - XceiverServerRatis 976467f4-c66a-4ccc-8167-891a23ca4537 is started using port 37157 for RATIS_ADMIN
2022-11-08 06:31:52,630 [EndpointStateMachine task thread for /0.0.0.0:39283 - 0 ] INFO  ratis.XceiverServerRatis (XceiverServerRatis.java:getRealPort(502)) - XceiverServerRatis 976467f4-c66a-4ccc-8167-891a23ca4537 is started using port 37157 for RATIS_SERVER
2022-11-08 06:31:52,630 [JvmPauseMonitor2] INFO  util.JvmPauseMonitor (JvmPauseMonitor.java:run(105)) - JvmPauseMonitor-976467f4-c66a-4ccc-8167-891a23ca4537: Started
2022-11-08 06:31:52,632 [EndpointStateMachine task thread for /0.0.0.0:39283 - 0 ] INFO  server.XceiverServerGrpc (XceiverServerGrpc.java:start(180)) - XceiverServerGrpc 976467f4-c66a-4ccc-8167-891a23ca4537 is started using port 39605
2022-11-08 06:31:52,997 [EndpointStateMachine task thread for /0.0.0.0:39283 - 0 ] INFO  utils.DatanodeStoreCache (DatanodeStoreCache.java:addDB(58)) - Added db /home/runner/work/ozone/ozone/hadoop-ozone/integration-test/target/test-dir/MiniOzoneClusterImpl-c53ae64f-4849-40e6-a4d6-552e28141f22/datanode-2/data-0/containers/hdds/c53ae64f-4849-40e6-a4d6-552e28141f22/DS-8315483b-7f79-4c7c-903b-60e9b97d541e/container.db to cache
2022-11-08 06:31:52,997 [EndpointStateMachine task thread for /0.0.0.0:39283 - 0 ] INFO  volume.HddsVolume (HddsVolume.java:createDbStore(307)) - SchemaV3 db is created and loaded at /home/runner/work/ozone/ozone/hadoop-ozone/integration-test/target/test-dir/MiniOzoneClusterImpl-c53ae64f-4849-40e6-a4d6-552e28141f22/datanode-2/data-0/containers/hdds/c53ae64f-4849-40e6-a4d6-552e28141f22/DS-8315483b-7f79-4c7c-903b-60e9b97d541e/container.db for volume DS-8315483b-7f79-4c7c-903b-60e9b97d541e
2022-11-08 06:31:52,997 [EndpointStateMachine task thread for /0.0.0.0:39283 - 0 ] INFO  ozoneimpl.OzoneContainer (OzoneContainer.java:start(378)) - Attempting to start container services.
2022-11-08 06:31:52,997 [EndpointStateMachine task thread for /0.0.0.0:39283 - 0 ] INFO  ozoneimpl.OzoneContainer (OzoneContainer.java:startContainerScrub(313)) - Background container scanner has been disabled.
2022-11-08 06:31:53,000 [EndpointStateMachine task thread for /0.0.0.0:39283 - 0 ] INFO  replication.ReplicationServer (ReplicationServer.java:start(111)) - ReplicationServer is started using port 38897
2022-11-08 06:31:53,000 [EndpointStateMachine task thread for /0.0.0.0:39283 - 0 ] INFO  ratis.XceiverServerRatis (XceiverServerRatis.java:start(481)) - Starting XceiverServerRatis 31d5b2a7-dd00-41c8-9482-fa5c506864d0
2022-11-08 06:31:53,010 [EndpointStateMachine task thread for /0.0.0.0:39283 - 0 ] INFO  server.RaftServer (RaftServerProxy.java:startImpl(393)) - 31d5b2a7-dd00-41c8-9482-fa5c506864d0: start RPC server
2022-11-08 06:31:53,011 [EndpointStateMachine task thread for /0.0.0.0:39283 - 0 ] INFO  server.GrpcService (GrpcService.java:startImpl(270)) - 31d5b2a7-dd00-41c8-9482-fa5c506864d0: GrpcService started, listening on 38699
2022-11-08 06:31:53,012 [EndpointStateMachine task thread for /0.0.0.0:39283 - 0 ] INFO  ratis.XceiverServerRatis (XceiverServerRatis.java:getRealPort(502)) - XceiverServerRatis 31d5b2a7-dd00-41c8-9482-fa5c506864d0 is started using port 38699 for RATIS
2022-11-08 06:31:53,012 [JvmPauseMonitor3] INFO  util.JvmPauseMonitor (JvmPauseMonitor.java:run(105)) - JvmPauseMonitor-31d5b2a7-dd00-41c8-9482-fa5c506864d0: Started
2022-11-08 06:31:53,012 [EndpointStateMachine task thread for /0.0.0.0:39283 - 0 ] INFO  ratis.XceiverServerRatis (XceiverServerRatis.java:getRealPort(502)) - XceiverServerRatis 31d5b2a7-dd00-41c8-9482-fa5c506864d0 is started using port 38699 for RATIS_ADMIN
2022-11-08 06:31:53,012 [EndpointStateMachine task thread for /0.0.0.0:39283 - 0 ] INFO  ratis.XceiverServerRatis (XceiverServerRatis.java:getRealPort(502)) - XceiverServerRatis 31d5b2a7-dd00-41c8-9482-fa5c506864d0 is started using port 38699 for RATIS_SERVER
2022-11-08 06:31:53,024 [EndpointStateMachine task thread for /0.0.0.0:39283 - 0 ] INFO  server.XceiverServerGrpc (XceiverServerGrpc.java:start(180)) - XceiverServerGrpc 31d5b2a7-dd00-41c8-9482-fa5c506864d0 is started using port 45835
2022-11-08 06:31:53,111 [Listener at 127.0.0.1/40183] INFO  ozone.MiniOzoneClusterImpl (MiniOzoneClusterImpl.java:lambda$waitForClusterToBeReady$0(216)) - Waiting for nodes to be ready. Got 0 of 6 DN Heartbeats.
2022-11-08 06:31:53,112 [Listener at 127.0.0.1/40183] INFO  ozone.MiniOzoneClusterImpl (MiniOzoneClusterImpl.java:lambda$waitForClusterToBeReady$0(219)) - Waiting for cluster to exit safe mode
2022-11-08 06:31:53,112 [Listener at 127.0.0.1/40183] INFO  ozone.MiniOzoneClusterImpl (MiniOzoneClusterImpl.java:lambda$waitForClusterToBeReady$0(221)) - SCM became leader
2022-11-08 06:31:53,411 [EndpointStateMachine task thread for /0.0.0.0:39283 - 0 ] INFO  utils.DatanodeStoreCache (DatanodeStoreCache.java:addDB(58)) - Added db /home/runner/work/ozone/ozone/hadoop-ozone/integration-test/target/test-dir/MiniOzoneClusterImpl-c53ae64f-4849-40e6-a4d6-552e28141f22/datanode-3/data-0/containers/hdds/c53ae64f-4849-40e6-a4d6-552e28141f22/DS-4b6f6371-cb6c-47a2-abbd-d8949eb69b01/container.db to cache
2022-11-08 06:31:53,411 [EndpointStateMachine task thread for /0.0.0.0:39283 - 0 ] INFO  volume.HddsVolume (HddsVolume.java:createDbStore(307)) - SchemaV3 db is created and loaded at /home/runner/work/ozone/ozone/hadoop-ozone/integration-test/target/test-dir/MiniOzoneClusterImpl-c53ae64f-4849-40e6-a4d6-552e28141f22/datanode-3/data-0/containers/hdds/c53ae64f-4849-40e6-a4d6-552e28141f22/DS-4b6f6371-cb6c-47a2-abbd-d8949eb69b01/container.db for volume DS-4b6f6371-cb6c-47a2-abbd-d8949eb69b01
2022-11-08 06:31:53,412 [EndpointStateMachine task thread for /0.0.0.0:39283 - 0 ] INFO  ozoneimpl.OzoneContainer (OzoneContainer.java:start(378)) - Attempting to start container services.
2022-11-08 06:31:53,412 [EndpointStateMachine task thread for /0.0.0.0:39283 - 0 ] INFO  ozoneimpl.OzoneContainer (OzoneContainer.java:startContainerScrub(313)) - Background container scanner has been disabled.
2022-11-08 06:31:53,416 [EndpointStateMachine task thread for /0.0.0.0:39283 - 0 ] INFO  replication.ReplicationServer (ReplicationServer.java:start(111)) - ReplicationServer is started using port 35871
2022-11-08 06:31:53,417 [EndpointStateMachine task thread for /0.0.0.0:39283 - 0 ] INFO  ratis.XceiverServerRatis (XceiverServerRatis.java:start(481)) - Starting XceiverServerRatis 2839026e-8851-4a4b-a6c3-ebe7d865c058
2022-11-08 06:31:53,417 [EndpointStateMachine task thread for /0.0.0.0:39283 - 0 ] INFO  server.RaftServer (RaftServerProxy.java:startImpl(393)) - 2839026e-8851-4a4b-a6c3-ebe7d865c058: start RPC server
2022-11-08 06:31:53,420 [EndpointStateMachine task thread for /0.0.0.0:39283 - 0 ] INFO  server.GrpcService (GrpcService.java:startImpl(270)) - 2839026e-8851-4a4b-a6c3-ebe7d865c058: GrpcService started, listening on 45877
2022-11-08 06:31:53,421 [EndpointStateMachine task thread for /0.0.0.0:39283 - 0 ] INFO  ratis.XceiverServerRatis (XceiverServerRatis.java:getRealPort(502)) - XceiverServerRatis 2839026e-8851-4a4b-a6c3-ebe7d865c058 is started using port 45877 for RATIS
2022-11-08 06:31:53,421 [JvmPauseMonitor4] INFO  util.JvmPauseMonitor (JvmPauseMonitor.java:run(105)) - JvmPauseMonitor-2839026e-8851-4a4b-a6c3-ebe7d865c058: Started
2022-11-08 06:31:53,421 [EndpointStateMachine task thread for /0.0.0.0:39283 - 0 ] INFO  ratis.XceiverServerRatis (XceiverServerRatis.java:getRealPort(502)) - XceiverServerRatis 2839026e-8851-4a4b-a6c3-ebe7d865c058 is started using port 45877 for RATIS_ADMIN
2022-11-08 06:31:53,421 [EndpointStateMachine task thread for /0.0.0.0:39283 - 0 ] INFO  ratis.XceiverServerRatis (XceiverServerRatis.java:getRealPort(502)) - XceiverServerRatis 2839026e-8851-4a4b-a6c3-ebe7d865c058 is started using port 45877 for RATIS_SERVER
2022-11-08 06:31:53,424 [EndpointStateMachine task thread for /0.0.0.0:39283 - 0 ] INFO  server.XceiverServerGrpc (XceiverServerGrpc.java:start(180)) - XceiverServerGrpc 2839026e-8851-4a4b-a6c3-ebe7d865c058 is started using port 42285
2022-11-08 06:31:53,766 [EndpointStateMachine task thread for /0.0.0.0:39283 - 0 ] INFO  utils.DatanodeStoreCache (DatanodeStoreCache.java:addDB(58)) - Added db /home/runner/work/ozone/ozone/hadoop-ozone/integration-test/target/test-dir/MiniOzoneClusterImpl-c53ae64f-4849-40e6-a4d6-552e28141f22/datanode-4/data-0/containers/hdds/c53ae64f-4849-40e6-a4d6-552e28141f22/DS-ae79ad22-bb9d-450b-bad5-7f281d128a64/container.db to cache
2022-11-08 06:31:53,766 [EndpointStateMachine task thread for /0.0.0.0:39283 - 0 ] INFO  volume.HddsVolume (HddsVolume.java:createDbStore(307)) - SchemaV3 db is created and loaded at /home/runner/work/ozone/ozone/hadoop-ozone/integration-test/target/test-dir/MiniOzoneClusterImpl-c53ae64f-4849-40e6-a4d6-552e28141f22/datanode-4/data-0/containers/hdds/c53ae64f-4849-40e6-a4d6-552e28141f22/DS-ae79ad22-bb9d-450b-bad5-7f281d128a64/container.db for volume DS-ae79ad22-bb9d-450b-bad5-7f281d128a64
2022-11-08 06:31:53,766 [EndpointStateMachine task thread for /0.0.0.0:39283 - 0 ] INFO  ozoneimpl.OzoneContainer (OzoneContainer.java:start(378)) - Attempting to start container services.
2022-11-08 06:31:53,766 [EndpointStateMachine task thread for /0.0.0.0:39283 - 0 ] INFO  ozoneimpl.OzoneContainer (OzoneContainer.java:startContainerScrub(313)) - Background container scanner has been disabled.
2022-11-08 06:31:53,769 [EndpointStateMachine task thread for /0.0.0.0:39283 - 0 ] INFO  replication.ReplicationServer (ReplicationServer.java:start(111)) - ReplicationServer is started using port 40879
2022-11-08 06:31:53,769 [EndpointStateMachine task thread for /0.0.0.0:39283 - 0 ] INFO  ratis.XceiverServerRatis (XceiverServerRatis.java:start(481)) - Starting XceiverServerRatis 6307e296-217c-47f6-b7e1-30640c7ce136
2022-11-08 06:31:53,773 [EndpointStateMachine task thread for /0.0.0.0:39283 - 0 ] INFO  server.RaftServer (RaftServerProxy.java:startImpl(393)) - 6307e296-217c-47f6-b7e1-30640c7ce136: start RPC server
2022-11-08 06:31:53,784 [EndpointStateMachine task thread for /0.0.0.0:39283 - 0 ] INFO  server.GrpcService (GrpcService.java:startImpl(270)) - 6307e296-217c-47f6-b7e1-30640c7ce136: GrpcService started, listening on 44105
2022-11-08 06:31:53,785 [EndpointStateMachine task thread for /0.0.0.0:39283 - 0 ] INFO  ratis.XceiverServerRatis (XceiverServerRatis.java:getRealPort(502)) - XceiverServerRatis 6307e296-217c-47f6-b7e1-30640c7ce136 is started using port 44105 for RATIS
2022-11-08 06:31:53,785 [EndpointStateMachine task thread for /0.0.0.0:39283 - 0 ] INFO  ratis.XceiverServerRatis (XceiverServerRatis.java:getRealPort(502)) - XceiverServerRatis 6307e296-217c-47f6-b7e1-30640c7ce136 is started using port 44105 for RATIS_ADMIN
2022-11-08 06:31:53,785 [EndpointStateMachine task thread for /0.0.0.0:39283 - 0 ] INFO  ratis.XceiverServerRatis (XceiverServerRatis.java:getRealPort(502)) - XceiverServerRatis 6307e296-217c-47f6-b7e1-30640c7ce136 is started using port 44105 for RATIS_SERVER
2022-11-08 06:31:53,786 [JvmPauseMonitor5] INFO  util.JvmPauseMonitor (JvmPauseMonitor.java:run(105)) - JvmPauseMonitor-6307e296-217c-47f6-b7e1-30640c7ce136: Started
2022-11-08 06:31:53,791 [EndpointStateMachine task thread for /0.0.0.0:39283 - 0 ] INFO  server.XceiverServerGrpc (XceiverServerGrpc.java:start(180)) - XceiverServerGrpc 6307e296-217c-47f6-b7e1-30640c7ce136 is started using port 39677
2022-11-08 06:31:54,049 [IPC Server handler 16 on default port 39283] INFO  net.NetworkTopologyImpl (NetworkTopologyImpl.java:add(112)) - Added a new node: /default-rack/ec4ff2c3-aedb-4237-8f96-8aa5e66a28ee
2022-11-08 06:31:54,051 [IPC Server handler 16 on default port 39283] INFO  node.SCMNodeManager (SCMNodeManager.java:register(397)) - Registered Data node : ec4ff2c3-aedb-4237-8f96-8aa5e66a28ee{ip: 10.1.0.244, host: fv-az220-111.shdwizndlbjulinwhzhdmup5sb.jx.internal.cloudapp.net, ports: [REPLICATION=36687, RATIS=40923, RATIS_ADMIN=40923, RATIS_SERVER=40923, STANDALONE=33395], networkLocation: /default-rack, certSerialId: null, persistedOpState: null, persistedOpStateExpiryEpochSec: 0}
2022-11-08 06:31:54,055 [EventQueue-NewNodeForNewNodeHandler] INFO  pipeline.BackgroundPipelineCreator (BackgroundPipelineCreator.java:notifyEventTriggered(276)) - trigger a one-shot run on RatisPipelineUtilsThread.
2022-11-08 06:31:54,063 [RatisPipelineUtilsThread - 0] INFO  pipeline.RatisPipelineProvider (RatisPipelineProvider.java:lambda$create$0(195)) - Sending CreatePipelineCommand for pipeline:PipelineID=79f23230-0e76-4fa7-aefb-6d953d836bdb to datanode:ec4ff2c3-aedb-4237-8f96-8aa5e66a28ee
2022-11-08 06:31:54,073 [RatisPipelineUtilsThread - 0] INFO  pipeline.PipelineStateManagerImpl (PipelineStateManagerImpl.java:addPipeline(103)) - Created pipeline Pipeline[ Id: 79f23230-0e76-4fa7-aefb-6d953d836bdb, Nodes: ec4ff2c3-aedb-4237-8f96-8aa5e66a28ee{ip: 10.1.0.244, host: fv-az220-111.shdwizndlbjulinwhzhdmup5sb.jx.internal.cloudapp.net, ports: [REPLICATION=36687, RATIS=40923, RATIS_ADMIN=40923, RATIS_SERVER=40923, STANDALONE=33395], networkLocation: /default-rack, certSerialId: null, persistedOpState: IN_SERVICE, persistedOpStateExpiryEpochSec: 0}, ReplicationConfig: RATIS/ONE, State:ALLOCATED, leaderId:, CreationTimestamp2022-11-08T06:31:54.062Z[Etc/UTC]].
2022-11-08 06:31:54,077 [EventQueue-NodeRegistrationContainerReportForContainerSafeModeRule] INFO  safemode.SCMSafeModeManager (SCMSafeModeManager.java:validateSafeModeExitRules(204)) - ContainerSafeModeRule rule is successfully validated
2022-11-08 06:31:54,086 [EventQueue-PipelineReportForOneReplicaPipelineSafeModeRule] INFO  safemode.SCMSafeModeManager (SCMSafeModeManager.java:validateSafeModeExitRules(204)) - AtleastOneDatanodeReportedRule rule is successfully validated
2022-11-08 06:31:54,086 [EventQueue-NodeRegistrationContainerReportForDataNodeSafeModeRule] INFO  safemode.SCMSafeModeManager (DataNodeSafeModeRule.java:process(71)) - SCM in safe mode. 1 DataNodes registered, 3 required.
2022-11-08 06:31:54,112 [Listener at 127.0.0.1/40183] INFO  ozone.MiniOzoneClusterImpl (MiniOzoneClusterImpl.java:lambda$waitForClusterToBeReady$0(216)) - Waiting for nodes to be ready. Got 1 of 6 DN Heartbeats.
2022-11-08 06:31:54,112 [Listener at 127.0.0.1/40183] INFO  ozone.MiniOzoneClusterImpl (MiniOzoneClusterImpl.java:lambda$waitForClusterToBeReady$0(219)) - Waiting for cluster to exit safe mode
2022-11-08 06:31:54,112 [Listener at 127.0.0.1/40183] INFO  ozone.MiniOzoneClusterImpl (MiniOzoneClusterImpl.java:lambda$waitForClusterToBeReady$0(221)) - SCM became leader
2022-11-08 06:31:54,172 [EndpointStateMachine task thread for /0.0.0.0:39283 - 0 ] INFO  utils.DatanodeStoreCache (DatanodeStoreCache.java:addDB(58)) - Added db /home/runner/work/ozone/ozone/hadoop-ozone/integration-test/target/test-dir/MiniOzoneClusterImpl-c53ae64f-4849-40e6-a4d6-552e28141f22/datanode-5/data-0/containers/hdds/c53ae64f-4849-40e6-a4d6-552e28141f22/DS-e35dd953-1907-49b6-b6f8-d38d272a4783/container.db to cache
2022-11-08 06:31:54,172 [EndpointStateMachine task thread for /0.0.0.0:39283 - 0 ] INFO  volume.HddsVolume (HddsVolume.java:createDbStore(307)) - SchemaV3 db is created and loaded at /home/runner/work/ozone/ozone/hadoop-ozone/integration-test/target/test-dir/MiniOzoneClusterImpl-c53ae64f-4849-40e6-a4d6-552e28141f22/datanode-5/data-0/containers/hdds/c53ae64f-4849-40e6-a4d6-552e28141f22/DS-e35dd953-1907-49b6-b6f8-d38d272a4783/container.db for volume DS-e35dd953-1907-49b6-b6f8-d38d272a4783
2022-11-08 06:31:54,173 [EndpointStateMachine task thread for /0.0.0.0:39283 - 0 ] INFO  ozoneimpl.OzoneContainer (OzoneContainer.java:start(378)) - Attempting to start container services.
2022-11-08 06:31:54,173 [EndpointStateMachine task thread for /0.0.0.0:39283 - 0 ] INFO  ozoneimpl.OzoneContainer (OzoneContainer.java:startContainerScrub(313)) - Background container scanner has been disabled.
2022-11-08 06:31:54,175 [EndpointStateMachine task thread for /0.0.0.0:39283 - 0 ] INFO  replication.ReplicationServer (ReplicationServer.java:start(111)) - ReplicationServer is started using port 37693
2022-11-08 06:31:54,176 [EndpointStateMachine task thread for /0.0.0.0:39283 - 0 ] INFO  ratis.XceiverServerRatis (XceiverServerRatis.java:start(481)) - Starting XceiverServerRatis ea638ff9-1ace-4fa2-9837-fa4aefb4be68
2022-11-08 06:31:54,176 [EndpointStateMachine task thread for /0.0.0.0:39283 - 0 ] INFO  server.RaftServer (RaftServerProxy.java:startImpl(393)) - ea638ff9-1ace-4fa2-9837-fa4aefb4be68: start RPC server
2022-11-08 06:31:54,178 [EndpointStateMachine task thread for /0.0.0.0:39283 - 0 ] INFO  server.GrpcService (GrpcService.java:startImpl(270)) - ea638ff9-1ace-4fa2-9837-fa4aefb4be68: GrpcService started, listening on 46199
2022-11-08 06:31:54,178 [EndpointStateMachine task thread for /0.0.0.0:39283 - 0 ] INFO  ratis.XceiverServerRatis (XceiverServerRatis.java:getRealPort(502)) - XceiverServerRatis ea638ff9-1ace-4fa2-9837-fa4aefb4be68 is started using port 46199 for RATIS
2022-11-08 06:31:54,179 [EndpointStateMachine task thread for /0.0.0.0:39283 - 0 ] INFO  ratis.XceiverServerRatis (XceiverServerRatis.java:getRealPort(502)) - XceiverServerRatis ea638ff9-1ace-4fa2-9837-fa4aefb4be68 is started using port 46199 for RATIS_ADMIN
2022-11-08 06:31:54,179 [EndpointStateMachine task thread for /0.0.0.0:39283 - 0 ] INFO  ratis.XceiverServerRatis (XceiverServerRatis.java:getRealPort(502)) - XceiverServerRatis ea638ff9-1ace-4fa2-9837-fa4aefb4be68 is started using port 46199 for RATIS_SERVER
2022-11-08 06:31:54,179 [JvmPauseMonitor6] INFO  util.JvmPauseMonitor (JvmPauseMonitor.java:run(105)) - JvmPauseMonitor-ea638ff9-1ace-4fa2-9837-fa4aefb4be68: Started
2022-11-08 06:31:54,181 [EndpointStateMachine task thread for /0.0.0.0:39283 - 0 ] INFO  server.XceiverServerGrpc (XceiverServerGrpc.java:start(180)) - XceiverServerGrpc ea638ff9-1ace-4fa2-9837-fa4aefb4be68 is started using port 33545
2022-11-08 06:31:54,580 [IPC Server handler 15 on default port 39283] INFO  net.NetworkTopologyImpl (NetworkTopologyImpl.java:add(112)) - Added a new node: /default-rack/976467f4-c66a-4ccc-8167-891a23ca4537
2022-11-08 06:31:54,581 [IPC Server handler 15 on default port 39283] INFO  node.SCMNodeManager (SCMNodeManager.java:register(397)) - Registered Data node : 976467f4-c66a-4ccc-8167-891a23ca4537{ip: 10.1.0.244, host: fv-az220-111.shdwizndlbjulinwhzhdmup5sb.jx.internal.cloudapp.net, ports: [REPLICATION=33999, RATIS=37157, RATIS_ADMIN=37157, RATIS_SERVER=37157, STANDALONE=39605], networkLocation: /default-rack, certSerialId: null, persistedOpState: null, persistedOpStateExpiryEpochSec: 0}
2022-11-08 06:31:54,582 [EventQueue-NewNodeForNewNodeHandler] INFO  pipeline.BackgroundPipelineCreator (BackgroundPipelineCreator.java:notifyEventTriggered(276)) - trigger a one-shot run on RatisPipelineUtilsThread.
2022-11-08 06:31:54,582 [EventQueue-NodeRegistrationContainerReportForDataNodeSafeModeRule] INFO  safemode.SCMSafeModeManager (DataNodeSafeModeRule.java:process(71)) - SCM in safe mode. 2 DataNodes registered, 3 required.
2022-11-08 06:31:54,583 [RatisPipelineUtilsThread - 0] INFO  pipeline.RatisPipelineProvider (RatisPipelineProvider.java:lambda$create$0(195)) - Sending CreatePipelineCommand for pipeline:PipelineID=a0a5b322-431d-4384-9cd1-19dddcd191ce to datanode:976467f4-c66a-4ccc-8167-891a23ca4537
2022-11-08 06:31:54,583 [RatisPipelineUtilsThread - 0] INFO  pipeline.PipelineStateManagerImpl (PipelineStateManagerImpl.java:addPipeline(103)) - Created pipeline Pipeline[ Id: a0a5b322-431d-4384-9cd1-19dddcd191ce, Nodes: 976467f4-c66a-4ccc-8167-891a23ca4537{ip: 10.1.0.244, host: fv-az220-111.shdwizndlbjulinwhzhdmup5sb.jx.internal.cloudapp.net, ports: [REPLICATION=33999, RATIS=37157, RATIS_ADMIN=37157, RATIS_SERVER=37157, STANDALONE=39605], networkLocation: /default-rack, certSerialId: null, persistedOpState: IN_SERVICE, persistedOpStateExpiryEpochSec: 0}, ReplicationConfig: RATIS/ONE, State:ALLOCATED, leaderId:, CreationTimestamp2022-11-08T06:31:54.583Z[Etc/UTC]].
2022-11-08 06:31:54,957 [IPC Server handler 16 on default port 39283] INFO  net.NetworkTopologyImpl (NetworkTopologyImpl.java:add(112)) - Added a new node: /default-rack/31d5b2a7-dd00-41c8-9482-fa5c506864d0
2022-11-08 06:31:54,957 [IPC Server handler 16 on default port 39283] INFO  node.SCMNodeManager (SCMNodeManager.java:register(397)) - Registered Data node : 31d5b2a7-dd00-41c8-9482-fa5c506864d0{ip: 10.1.0.244, host: fv-az220-111.shdwizndlbjulinwhzhdmup5sb.jx.internal.cloudapp.net, ports: [REPLICATION=38897, RATIS=38699, RATIS_ADMIN=38699, RATIS_SERVER=38699, STANDALONE=45835], networkLocation: /default-rack, certSerialId: null, persistedOpState: null, persistedOpStateExpiryEpochSec: 0}
2022-11-08 06:31:54,958 [EventQueue-NewNodeForNewNodeHandler] INFO  pipeline.BackgroundPipelineCreator (BackgroundPipelineCreator.java:notifyEventTriggered(276)) - trigger a one-shot run on RatisPipelineUtilsThread.
2022-11-08 06:31:54,962 [EventQueue-NodeRegistrationContainerReportForDataNodeSafeModeRule] INFO  safemode.SCMSafeModeManager (DataNodeSafeModeRule.java:process(71)) - SCM in safe mode. 3 DataNodes registered, 3 required.
2022-11-08 06:31:54,962 [EventQueue-NodeRegistrationContainerReportForDataNodeSafeModeRule] INFO  safemode.SCMSafeModeManager (SCMSafeModeManager.java:validateSafeModeExitRules(204)) - DataNodeSafeModeRule rule is successfully validated
2022-11-08 06:31:54,963 [EventQueue-NodeRegistrationContainerReportForDataNodeSafeModeRule] INFO  safemode.SCMSafeModeManager (SCMSafeModeManager.java:completePreCheck(233)) - All SCM safe mode pre check rules have passed
2022-11-08 06:31:54,963 [EventQueue-NodeRegistrationContainerReportForDataNodeSafeModeRule] WARN  events.EventQueue (EventQueue.java:fireEvent(216)) - No event handler registered for event TypedEvent{payloadType=SafeModeStatus, name='Safe mode status'}
2022-11-08 06:31:54,963 [EventQueue-NodeRegistrationContainerReportForDataNodeSafeModeRule] INFO  ha.SCMContext (SCMContext.java:updateSafeModeStatus(228)) - Update SafeModeStatus from SafeModeStatus{safeModeStatus=true, preCheckPassed=false} to SafeModeStatus{safeModeStatus=true, preCheckPassed=true}.
2022-11-08 06:31:54,963 [EventQueue-NodeRegistrationContainerReportForDataNodeSafeModeRule] INFO  pipeline.BackgroundPipelineCreator (BackgroundPipelineCreator.java:notifyEventTriggered(276)) - trigger a one-shot run on RatisPipelineUtilsThread.
2022-11-08 06:31:54,964 [RatisPipelineUtilsThread - 0] INFO  pipeline.RatisPipelineProvider (RatisPipelineProvider.java:lambda$create$0(195)) - Sending CreatePipelineCommand for pipeline:PipelineID=2f44df50-c276-49ee-ab0f-12b37f794426 to datanode:31d5b2a7-dd00-41c8-9482-fa5c506864d0
2022-11-08 06:31:54,965 [RatisPipelineUtilsThread - 0] INFO  pipeline.PipelineStateManagerImpl (PipelineStateManagerImpl.java:addPipeline(103)) - Created pipeline Pipeline[ Id: 2f44df50-c276-49ee-ab0f-12b37f794426, Nodes: 31d5b2a7-dd00-41c8-9482-fa5c506864d0{ip: 10.1.0.244, host: fv-az220-111.shdwizndlbjulinwhzhdmup5sb.jx.internal.cloudapp.net, ports: [REPLICATION=38897, RATIS=38699, RATIS_ADMIN=38699, RATIS_SERVER=38699, STANDALONE=45835], networkLocation: /default-rack, certSerialId: null, persistedOpState: IN_SERVICE, persistedOpStateExpiryEpochSec: 0}, ReplicationConfig: RATIS/ONE, State:ALLOCATED, leaderId:, CreationTimestamp2022-11-08T06:31:54.964Z[Etc/UTC]].
2022-11-08 06:31:54,969 [RatisPipelineUtilsThread - 0] INFO  pipeline.RatisPipelineProvider (RatisPipelineProvider.java:lambda$create$0(195)) - Sending CreatePipelineCommand for pipeline:PipelineID=657ca416-48e4-4e40-9c25-73c734729954 to datanode:976467f4-c66a-4ccc-8167-891a23ca4537
2022-11-08 06:31:54,969 [RatisPipelineUtilsThread - 0] INFO  pipeline.RatisPipelineProvider (RatisPipelineProvider.java:lambda$create$0(195)) - Sending CreatePipelineCommand for pipeline:PipelineID=657ca416-48e4-4e40-9c25-73c734729954 to datanode:ec4ff2c3-aedb-4237-8f96-8aa5e66a28ee
2022-11-08 06:31:54,969 [RatisPipelineUtilsThread - 0] INFO  pipeline.RatisPipelineProvider (RatisPipelineProvider.java:lambda$create$0(195)) - Sending CreatePipelineCommand for pipeline:PipelineID=657ca416-48e4-4e40-9c25-73c734729954 to datanode:31d5b2a7-dd00-41c8-9482-fa5c506864d0
2022-11-08 06:31:54,970 [RatisPipelineUtilsThread - 0] INFO  pipeline.PipelineStateManagerImpl (PipelineStateManagerImpl.java:addPipeline(103)) - Created pipeline Pipeline[ Id: 657ca416-48e4-4e40-9c25-73c734729954, Nodes: 976467f4-c66a-4ccc-8167-891a23ca4537{ip: 10.1.0.244, host: fv-az220-111.shdwizndlbjulinwhzhdmup5sb.jx.internal.cloudapp.net, ports: [REPLICATION=33999, RATIS=37157, RATIS_ADMIN=37157, RATIS_SERVER=37157, STANDALONE=39605], networkLocation: /default-rack, certSerialId: null, persistedOpState: IN_SERVICE, persistedOpStateExpiryEpochSec: 0}ec4ff2c3-aedb-4237-8f96-8aa5e66a28ee{ip: 10.1.0.244, host: fv-az220-111.shdwizndlbjulinwhzhdmup5sb.jx.internal.cloudapp.net, ports: [REPLICATION=36687, RATIS=40923, RATIS_ADMIN=40923, RATIS_SERVER=40923, STANDALONE=33395], networkLocation: /default-rack, certSerialId: null, persistedOpState: IN_SERVICE, persistedOpStateExpiryEpochSec: 0}31d5b2a7-dd00-41c8-9482-fa5c506864d0{ip: 10.1.0.244, host: fv-az220-111.shdwizndlbjulinwhzhdmup5sb.jx.internal.cloudapp.net, ports: [REPLICATION=38897, RATIS=38699, RATIS_ADMIN=38699, RATIS_SERVER=38699, STANDALONE=45835], networkLocation: /default-rack, certSerialId: null, persistedOpState: IN_SERVICE, persistedOpStateExpiryEpochSec: 0}, ReplicationConfig: RATIS/THREE, State:ALLOCATED, leaderId:, CreationTimestamp2022-11-08T06:31:54.969Z[Etc/UTC]].
2022-11-08 06:31:54,971 [RatisPipelineUtilsThread - 0] INFO  pipeline.RatisPipelineProvider (RatisPipelineProvider.java:lambda$create$0(195)) - Sending CreatePipelineCommand for pipeline:PipelineID=e0898281-40f4-4d8c-9eb1-f6e9697080ab to datanode:31d5b2a7-dd00-41c8-9482-fa5c506864d0
2022-11-08 06:31:54,971 [RatisPipelineUtilsThread - 0] INFO  pipeline.RatisPipelineProvider (RatisPipelineProvider.java:lambda$create$0(195)) - Sending CreatePipelineCommand for pipeline:PipelineID=e0898281-40f4-4d8c-9eb1-f6e9697080ab to datanode:ec4ff2c3-aedb-4237-8f96-8aa5e66a28ee
2022-11-08 06:31:54,971 [RatisPipelineUtilsThread - 0] INFO  pipeline.RatisPipelineProvider (RatisPipelineProvider.java:lambda$create$0(195)) - Sending CreatePipelineCommand for pipeline:PipelineID=e0898281-40f4-4d8c-9eb1-f6e9697080ab to datanode:976467f4-c66a-4ccc-8167-891a23ca4537
2022-11-08 06:31:54,972 [RatisPipelineUtilsThread - 0] INFO  pipeline.PipelineStateManagerImpl (PipelineStateManagerImpl.java:addPipeline(103)) - Created pipeline Pipeline[ Id: e0898281-40f4-4d8c-9eb1-f6e9697080ab, Nodes: 31d5b2a7-dd00-41c8-9482-fa5c506864d0{ip: 10.1.0.244, host: fv-az220-111.shdwizndlbjulinwhzhdmup5sb.jx.internal.cloudapp.net, ports: [REPLICATION=38897, RATIS=38699, RATIS_ADMIN=38699, RATIS_SERVER=38699, STANDALONE=45835], networkLocation: /default-rack, certSerialId: null, persistedOpState: IN_SERVICE, persistedOpStateExpiryEpochSec: 0}ec4ff2c3-aedb-4237-8f96-8aa5e66a28ee{ip: 10.1.0.244, host: fv-az220-111.shdwizndlbjulinwhzhdmup5sb.jx.internal.cloudapp.net, ports: [REPLICATION=36687, RATIS=40923, RATIS_ADMIN=40923, RATIS_SERVER=40923, STANDALONE=33395], networkLocation: /default-rack, certSerialId: null, persistedOpState: IN_SERVICE, persistedOpStateExpiryEpochSec: 0}976467f4-c66a-4ccc-8167-891a23ca4537{ip: 10.1.0.244, host: fv-az220-111.shdwizndlbjulinwhzhdmup5sb.jx.internal.cloudapp.net, ports: [REPLICATION=33999, RATIS=37157, RATIS_ADMIN=37157, RATIS_SERVER=37157, STANDALONE=39605], networkLocation: /default-rack, certSerialId: null, persistedOpState: IN_SERVICE, persistedOpStateExpiryEpochSec: 0}, ReplicationConfig: RATIS/THREE, State:ALLOCATED, leaderId:, CreationTimestamp2022-11-08T06:31:54.971Z[Etc/UTC]].
2022-11-08 06:31:54,972 [RatisPipelineUtilsThread - 0] INFO  pipeline.PipelineManagerImpl (PipelineManagerImpl.java:recordMetricsForPipeline(826)) - Pipeline: PipelineID=e0898281-40f4-4d8c-9eb1-f6e9697080ab contains same datanodes as previous pipelines: PipelineID=657ca416-48e4-4e40-9c25-73c734729954 nodeIds: 31d5b2a7-dd00-41c8-9482-fa5c506864d0, ec4ff2c3-aedb-4237-8f96-8aa5e66a28ee, 976467f4-c66a-4ccc-8167-891a23ca4537
2022-11-08 06:31:55,113 [Listener at 127.0.0.1/40183] INFO  ozone.MiniOzoneClusterImpl (MiniOzoneClusterImpl.java:lambda$waitForClusterToBeReady$0(216)) - Waiting for nodes to be ready. Got 3 of 6 DN Heartbeats.
2022-11-08 06:31:55,114 [Listener at 127.0.0.1/40183] INFO  ozone.MiniOzoneClusterImpl (MiniOzoneClusterImpl.java:lambda$waitForClusterToBeReady$0(219)) - Waiting for cluster to exit safe mode
2022-11-08 06:31:55,114 [Listener at 127.0.0.1/40183] INFO  ozone.MiniOzoneClusterImpl (MiniOzoneClusterImpl.java:lambda$waitForClusterToBeReady$0(221)) - SCM became leader
2022-11-08 06:31:55,372 [IPC Server handler 15 on default port 39283] INFO  net.NetworkTopologyImpl (NetworkTopologyImpl.java:add(112)) - Added a new node: /default-rack/2839026e-8851-4a4b-a6c3-ebe7d865c058
2022-11-08 06:31:55,372 [IPC Server handler 15 on default port 39283] INFO  node.SCMNodeManager (SCMNodeManager.java:register(397)) - Registered Data node : 2839026e-8851-4a4b-a6c3-ebe7d865c058{ip: 10.1.0.244, host: fv-az220-111.shdwizndlbjulinwhzhdmup5sb.jx.internal.cloudapp.net, ports: [REPLICATION=35871, RATIS=45877, RATIS_ADMIN=45877, RATIS_SERVER=45877, STANDALONE=42285], networkLocation: /default-rack, certSerialId: null, persistedOpState: null, persistedOpStateExpiryEpochSec: 0}
2022-11-08 06:31:55,372 [EventQueue-NewNodeForNewNodeHandler] INFO  pipeline.BackgroundPipelineCreator (BackgroundPipelineCreator.java:notifyEventTriggered(276)) - trigger a one-shot run on RatisPipelineUtilsThread.
2022-11-08 06:31:55,373 [RatisPipelineUtilsThread - 0] INFO  pipeline.RatisPipelineProvider (RatisPipelineProvider.java:lambda$create$0(195)) - Sending CreatePipelineCommand for pipeline:PipelineID=b5cd1cad-31d0-4510-8452-51534d1ffbd1 to datanode:2839026e-8851-4a4b-a6c3-ebe7d865c058
2022-11-08 06:31:55,374 [RatisPipelineUtilsThread - 0] INFO  pipeline.PipelineStateManagerImpl (PipelineStateManagerImpl.java:addPipeline(103)) - Created pipeline Pipeline[ Id: b5cd1cad-31d0-4510-8452-51534d1ffbd1, Nodes: 2839026e-8851-4a4b-a6c3-ebe7d865c058{ip: 10.1.0.244, host: fv-az220-111.shdwizndlbjulinwhzhdmup5sb.jx.internal.cloudapp.net, ports: [REPLICATION=35871, RATIS=45877, RATIS_ADMIN=45877, RATIS_SERVER=45877, STANDALONE=42285], networkLocation: /default-rack, certSerialId: null, persistedOpState: IN_SERVICE, persistedOpStateExpiryEpochSec: 0}, ReplicationConfig: RATIS/ONE, State:ALLOCATED, leaderId:, CreationTimestamp2022-11-08T06:31:55.373Z[Etc/UTC]].
2022-11-08 06:31:55,726 [IPC Server handler 19 on default port 39283] INFO  net.NetworkTopologyImpl (NetworkTopologyImpl.java:add(112)) - Added a new node: /default-rack/6307e296-217c-47f6-b7e1-30640c7ce136
2022-11-08 06:31:55,726 [IPC Server handler 19 on default port 39283] INFO  node.SCMNodeManager (SCMNodeManager.java:register(397)) - Registered Data node : 6307e296-217c-47f6-b7e1-30640c7ce136{ip: 10.1.0.244, host: fv-az220-111.shdwizndlbjulinwhzhdmup5sb.jx.internal.cloudapp.net, ports: [REPLICATION=40879, RATIS=44105, RATIS_ADMIN=44105, RATIS_SERVER=44105, STANDALONE=39677], networkLocation: /default-rack, certSerialId: null, persistedOpState: null, persistedOpStateExpiryEpochSec: 0}
2022-11-08 06:31:55,727 [EventQueue-NewNodeForNewNodeHandler] INFO  pipeline.BackgroundPipelineCreator (BackgroundPipelineCreator.java:notifyEventTriggered(276)) - trigger a one-shot run on RatisPipelineUtilsThread.
2022-11-08 06:31:55,729 [RatisPipelineUtilsThread - 0] INFO  pipeline.RatisPipelineProvider (RatisPipelineProvider.java:lambda$create$0(195)) - Sending CreatePipelineCommand for pipeline:PipelineID=6eceb67b-5210-41f7-952e-ea30693ab63e to datanode:6307e296-217c-47f6-b7e1-30640c7ce136
2022-11-08 06:31:55,730 [RatisPipelineUtilsThread - 0] INFO  pipeline.PipelineStateManagerImpl (PipelineStateManagerImpl.java:addPipeline(103)) - Created pipeline Pipeline[ Id: 6eceb67b-5210-41f7-952e-ea30693ab63e, Nodes: 6307e296-217c-47f6-b7e1-30640c7ce136{ip: 10.1.0.244, host: fv-az220-111.shdwizndlbjulinwhzhdmup5sb.jx.internal.cloudapp.net, ports: [REPLICATION=40879, RATIS=44105, RATIS_ADMIN=44105, RATIS_SERVER=44105, STANDALONE=39677], networkLocation: /default-rack, certSerialId: null, persistedOpState: IN_SERVICE, persistedOpStateExpiryEpochSec: 0}, ReplicationConfig: RATIS/ONE, State:ALLOCATED, leaderId:, CreationTimestamp2022-11-08T06:31:55.729Z[Etc/UTC]].
2022-11-08 06:31:56,115 [Listener at 127.0.0.1/40183] INFO  ozone.MiniOzoneClusterImpl (MiniOzoneClusterImpl.java:lambda$waitForClusterToBeReady$0(216)) - Waiting for nodes to be ready. Got 5 of 6 DN Heartbeats.
2022-11-08 06:31:56,115 [Listener at 127.0.0.1/40183] INFO  ozone.MiniOzoneClusterImpl (MiniOzoneClusterImpl.java:lambda$waitForClusterToBeReady$0(219)) - Waiting for cluster to exit safe mode
2022-11-08 06:31:56,115 [Listener at 127.0.0.1/40183] INFO  ozone.MiniOzoneClusterImpl (MiniOzoneClusterImpl.java:lambda$waitForClusterToBeReady$0(221)) - SCM became leader
2022-11-08 06:31:56,131 [IPC Server handler 15 on default port 39283] INFO  net.NetworkTopologyImpl (NetworkTopologyImpl.java:add(112)) - Added a new node: /default-rack/ea638ff9-1ace-4fa2-9837-fa4aefb4be68
2022-11-08 06:31:56,132 [IPC Server handler 15 on default port 39283] INFO  node.SCMNodeManager (SCMNodeManager.java:register(397)) - Registered Data node : ea638ff9-1ace-4fa2-9837-fa4aefb4be68{ip: 10.1.0.244, host: fv-az220-111.shdwizndlbjulinwhzhdmup5sb.jx.internal.cloudapp.net, ports: [REPLICATION=37693, RATIS=46199, RATIS_ADMIN=46199, RATIS_SERVER=46199, STANDALONE=33545], networkLocation: /default-rack, certSerialId: null, persistedOpState: null, persistedOpStateExpiryEpochSec: 0}
2022-11-08 06:31:56,132 [EventQueue-NewNodeForNewNodeHandler] INFO  pipeline.BackgroundPipelineCreator (BackgroundPipelineCreator.java:notifyEventTriggered(276)) - trigger a one-shot run on RatisPipelineUtilsThread.
2022-11-08 06:31:56,133 [RatisPipelineUtilsThread - 0] INFO  pipeline.RatisPipelineProvider (RatisPipelineProvider.java:lambda$create$0(195)) - Sending CreatePipelineCommand for pipeline:PipelineID=a637e4b5-bb2e-4b72-9208-4e379a91cd26 to datanode:ea638ff9-1ace-4fa2-9837-fa4aefb4be68
2022-11-08 06:31:56,134 [RatisPipelineUtilsThread - 0] INFO  pipeline.PipelineStateManagerImpl (PipelineStateManagerImpl.java:addPipeline(103)) - Created pipeline Pipeline[ Id: a637e4b5-bb2e-4b72-9208-4e379a91cd26, Nodes: ea638ff9-1ace-4fa2-9837-fa4aefb4be68{ip: 10.1.0.244, host: fv-az220-111.shdwizndlbjulinwhzhdmup5sb.jx.internal.cloudapp.net, ports: [REPLICATION=37693, RATIS=46199, RATIS_ADMIN=46199, RATIS_SERVER=46199, STANDALONE=33545], networkLocation: /default-rack, certSerialId: null, persistedOpState: IN_SERVICE, persistedOpStateExpiryEpochSec: 0}, ReplicationConfig: RATIS/ONE, State:ALLOCATED, leaderId:, CreationTimestamp2022-11-08T06:31:56.133Z[Etc/UTC]].
2022-11-08 06:31:56,135 [RatisPipelineUtilsThread - 0] INFO  pipeline.RatisPipelineProvider (RatisPipelineProvider.java:lambda$create$0(195)) - Sending CreatePipelineCommand for pipeline:PipelineID=75d1896c-4bf2-4229-ad72-51bca9dc5368 to datanode:ea638ff9-1ace-4fa2-9837-fa4aefb4be68
2022-11-08 06:31:56,135 [RatisPipelineUtilsThread - 0] INFO  pipeline.RatisPipelineProvider (RatisPipelineProvider.java:lambda$create$0(195)) - Sending CreatePipelineCommand for pipeline:PipelineID=75d1896c-4bf2-4229-ad72-51bca9dc5368 to datanode:2839026e-8851-4a4b-a6c3-ebe7d865c058
2022-11-08 06:31:56,135 [RatisPipelineUtilsThread - 0] INFO  pipeline.RatisPipelineProvider (RatisPipelineProvider.java:lambda$create$0(195)) - Sending CreatePipelineCommand for pipeline:PipelineID=75d1896c-4bf2-4229-ad72-51bca9dc5368 to datanode:6307e296-217c-47f6-b7e1-30640c7ce136
2022-11-08 06:31:56,135 [RatisPipelineUtilsThread - 0] INFO  pipeline.PipelineStateManagerImpl (PipelineStateManagerImpl.java:addPipeline(103)) - Created pipeline Pipeline[ Id: 75d1896c-4bf2-4229-ad72-51bca9dc5368, Nodes: ea638ff9-1ace-4fa2-9837-fa4aefb4be68{ip: 10.1.0.244, host: fv-az220-111.shdwizndlbjulinwhzhdmup5sb.jx.internal.cloudapp.net, ports: [REPLICATION=37693, RATIS=46199, RATIS_ADMIN=46199, RATIS_SERVER=46199, STANDALONE=33545], networkLocation: /default-rack, certSerialId: null, persistedOpState: IN_SERVICE, persistedOpStateExpiryEpochSec: 0}2839026e-8851-4a4b-a6c3-ebe7d865c058{ip: 10.1.0.244, host: fv-az220-111.shdwizndlbjulinwhzhdmup5sb.jx.internal.cloudapp.net, ports: [REPLICATION=35871, RATIS=45877, RATIS_ADMIN=45877, RATIS_SERVER=45877, STANDALONE=42285], networkLocation: /default-rack, certSerialId: null, persistedOpState: IN_SERVICE, persistedOpStateExpiryEpochSec: 0}6307e296-217c-47f6-b7e1-30640c7ce136{ip: 10.1.0.244, host: fv-az220-111.shdwizndlbjulinwhzhdmup5sb.jx.internal.cloudapp.net, ports: [REPLICATION=40879, RATIS=44105, RATIS_ADMIN=44105, RATIS_SERVER=44105, STANDALONE=39677], networkLocation: /default-rack, certSerialId: null, persistedOpState: IN_SERVICE, persistedOpStateExpiryEpochSec: 0}, ReplicationConfig: RATIS/THREE, State:ALLOCATED, leaderId:, CreationTimestamp2022-11-08T06:31:56.135Z[Etc/UTC]].
2022-11-08 06:31:56,138 [RatisPipelineUtilsThread - 0] INFO  pipeline.RatisPipelineProvider (RatisPipelineProvider.java:lambda$create$0(195)) - Sending CreatePipelineCommand for pipeline:PipelineID=e91c506a-b035-4381-920e-8d3bbcbe58db to datanode:2839026e-8851-4a4b-a6c3-ebe7d865c058
2022-11-08 06:31:56,138 [RatisPipelineUtilsThread - 0] INFO  pipeline.RatisPipelineProvider (RatisPipelineProvider.java:lambda$create$0(195)) - Sending CreatePipelineCommand for pipeline:PipelineID=e91c506a-b035-4381-920e-8d3bbcbe58db to datanode:6307e296-217c-47f6-b7e1-30640c7ce136
2022-11-08 06:31:56,138 [RatisPipelineUtilsThread - 0] INFO  pipeline.RatisPipelineProvider (RatisPipelineProvider.java:lambda$create$0(195)) - Sending CreatePipelineCommand for pipeline:PipelineID=e91c506a-b035-4381-920e-8d3bbcbe58db to datanode:ea638ff9-1ace-4fa2-9837-fa4aefb4be68
2022-11-08 06:31:56,140 [RatisPipelineUtilsThread - 0] INFO  pipeline.PipelineStateManagerImpl (PipelineStateManagerImpl.java:addPipeline(103)) - Created pipeline Pipeline[ Id: e91c506a-b035-4381-920e-8d3bbcbe58db, Nodes: 2839026e-8851-4a4b-a6c3-ebe7d865c058{ip: 10.1.0.244, host: fv-az220-111.shdwizndlbjulinwhzhdmup5sb.jx.internal.cloudapp.net, ports: [REPLICATION=35871, RATIS=45877, RATIS_ADMIN=45877, RATIS_SERVER=45877, STANDALONE=42285], networkLocation: /default-rack, certSerialId: null, persistedOpState: IN_SERVICE, persistedOpStateExpiryEpochSec: 0}6307e296-217c-47f6-b7e1-30640c7ce136{ip: 10.1.0.244, host: fv-az220-111.shdwizndlbjulinwhzhdmup5sb.jx.internal.cloudapp.net, ports: [REPLICATION=40879, RATIS=44105, RATIS_ADMIN=44105, RATIS_SERVER=44105, STANDALONE=39677], networkLocation: /default-rack, certSerialId: null, persistedOpState: IN_SERVICE, persistedOpStateExpiryEpochSec: 0}ea638ff9-1ace-4fa2-9837-fa4aefb4be68{ip: 10.1.0.244, host: fv-az220-111.shdwizndlbjulinwhzhdmup5sb.jx.internal.cloudapp.net, ports: [REPLICATION=37693, RATIS=46199, RATIS_ADMIN=46199, RATIS_SERVER=46199, STANDALONE=33545], networkLocation: /default-rack, certSerialId: null, persistedOpState: IN_SERVICE, persistedOpStateExpiryEpochSec: 0}, ReplicationConfig: RATIS/THREE, State:ALLOCATED, leaderId:, CreationTimestamp2022-11-08T06:31:56.138Z[Etc/UTC]].
2022-11-08 06:31:56,140 [RatisPipelineUtilsThread - 0] INFO  pipeline.PipelineManagerImpl (PipelineManagerImpl.java:recordMetricsForPipeline(826)) - Pipeline: PipelineID=e91c506a-b035-4381-920e-8d3bbcbe58db contains same datanodes as previous pipelines: PipelineID=75d1896c-4bf2-4229-ad72-51bca9dc5368 nodeIds: 2839026e-8851-4a4b-a6c3-ebe7d865c058, 6307e296-217c-47f6-b7e1-30640c7ce136, ea638ff9-1ace-4fa2-9837-fa4aefb4be68
2022-11-08 06:31:57,043 [Command processor thread] INFO  server.RaftServer (RaftServerProxy.java:addNew(96)) - ec4ff2c3-aedb-4237-8f96-8aa5e66a28ee: addNew group-6D953D836BDB:[ec4ff2c3-aedb-4237-8f96-8aa5e66a28ee|rpc:10.1.0.244:40923|priority:1|startupRole:FOLLOWER] returns group-6D953D836BDB:java.util.concurrent.CompletableFuture@406fc7d7[Not completed]
2022-11-08 06:31:57,063 [pool-72-thread-1] INFO  server.RaftServer$Division (RaftServerImpl.java:<init>(195)) - ec4ff2c3-aedb-4237-8f96-8aa5e66a28ee: new RaftServerImpl for group-6D953D836BDB:[ec4ff2c3-aedb-4237-8f96-8aa5e66a28ee|rpc:10.1.0.244:40923|priority:1|startupRole:FOLLOWER] with ContainerStateMachine:uninitialized
2022-11-08 06:31:57,063 [pool-72-thread-1] INFO  server.RaftServerConfigKeys (ConfUtils.java:logGet(46)) - raft.server.rpc.timeout.min = 5s (custom)
2022-11-08 06:31:57,063 [pool-72-thread-1] INFO  server.RaftServerConfigKeys (ConfUtils.java:logGet(46)) - raft.server.rpc.timeout.max = 5200ms (custom)
2022-11-08 06:31:57,063 [pool-72-thread-1] INFO  server.RaftServerConfigKeys (ConfUtils.java:logGet(46)) - raft.server.rpc.sleep.time = 25ms (default)
2022-11-08 06:31:57,063 [pool-72-thread-1] INFO  server.RaftServerConfigKeys (ConfUtils.java:logGet(46)) - raft.server.rpc.slowness.timeout = 300s (custom)
2022-11-08 06:31:57,063 [pool-72-thread-1] INFO  server.RaftServerConfigKeys (ConfUtils.java:logGet(46)) - raft.server.leaderelection.leader.step-down.wait-time = 10s (default)
2022-11-08 06:31:57,063 [pool-72-thread-1] INFO  server.RaftServerConfigKeys (ConfUtils.java:logGet(46)) - raft.server.sleep.deviation.threshold = 300ms (default)
2022-11-08 06:31:57,063 [pool-72-thread-1] INFO  server.RaftServer$Division (ServerState.java:<init>(118)) - ec4ff2c3-aedb-4237-8f96-8aa5e66a28ee@group-6D953D836BDB: ConfigurationManager, init=-1: peers:[ec4ff2c3-aedb-4237-8f96-8aa5e66a28ee|rpc:10.1.0.244:40923|priority:1|startupRole:FOLLOWER]|listeners:[], old=null, confs=<EMPTY_MAP>
2022-11-08 06:31:57,064 [pool-72-thread-1] INFO  server.RaftServerConfigKeys (ConfUtils.java:logGet(46)) - raft.server.storage.dir = [/home/runner/work/ozone/ozone/hadoop-ozone/integration-test/target/test-dir/MiniOzoneClusterImpl-c53ae64f-4849-40e6-a4d6-552e28141f22/datanode-0/data/ratis] (custom)
2022-11-08 06:31:57,064 [pool-72-thread-1] INFO  server.RaftServerConfigKeys (ConfUtils.java:logGet(46)) - raft.server.log.corruption.policy = EXCEPTION (default)
2022-11-08 06:31:57,064 [pool-72-thread-1] INFO  server.RaftServerConfigKeys (ConfUtils.java:logGet(46)) - raft.server.storage.free-space.min = 0MB (=0) (default)
2022-11-08 06:31:57,064 [pool-72-thread-1] INFO  server.RaftServerConfigKeys (ConfUtils.java:logGet(46)) - raft.server.notification.no-leader.timeout = 300s (custom)
2022-11-08 06:31:57,064 [pool-72-thread-1] INFO  server.RaftServerConfigKeys (ConfUtils.java:logGet(46)) - raft.server.retrycache.expirytime = 600000ms (custom)
2022-11-08 06:31:57,064 [pool-72-thread-1] INFO  server.RaftServerConfigKeys (ConfUtils.java:logGet(46)) - raft.server.retrycache.statistics.expirytime = 100μs (default)
2022-11-08 06:31:57,067 [pool-72-thread-1] INFO  server.RaftServerConfigKeys (ConfUtils.java:logGet(46)) - raft.server.log.appender.install.snapshot.enabled = false (custom)
2022-11-08 06:31:57,067 [pool-72-thread-1] INFO  server.RaftServerConfigKeys (ConfUtils.java:logGet(46)) - raft.server.threadpool.server.cached = true (default)
2022-11-08 06:31:57,067 [pool-72-thread-1] INFO  server.RaftServerConfigKeys (ConfUtils.java:logGet(46)) - raft.server.threadpool.server.size = 0 (default)
2022-11-08 06:31:57,067 [pool-72-thread-1] INFO  server.RaftServerConfigKeys (ConfUtils.java:logGet(46)) - raft.server.threadpool.client.cached = true (default)
2022-11-08 06:31:57,067 [pool-72-thread-1] INFO  server.RaftServerConfigKeys (ConfUtils.java:logGet(46)) - raft.server.threadpool.client.size = 0 (default)
2022-11-08 06:31:57,068 [pool-72-thread-1] INFO  storage.RaftStorageDirectory (RaftStorageDirectoryImpl.java:analyzeStorage(137)) - The storage directory /home/runner/work/ozone/ozone/hadoop-ozone/integration-test/target/test-dir/MiniOzoneClusterImpl-c53ae64f-4849-40e6-a4d6-552e28141f22/datanode-0/data/ratis/79f23230-0e76-4fa7-aefb-6d953d836bdb does not exist. Creating ...
2022-11-08 06:31:57,070 [pool-72-thread-1] INFO  storage.RaftStorageDirectory (RaftStorageDirectoryImpl.java:tryLock(231)) - Lock on /home/runner/work/ozone/ozone/hadoop-ozone/integration-test/target/test-dir/MiniOzoneClusterImpl-c53ae64f-4849-40e6-a4d6-552e28141f22/datanode-0/data/ratis/79f23230-0e76-4fa7-aefb-6d953d836bdb/in_use.lock acquired by nodename 12075@fv-az220-111
2022-11-08 06:31:57,071 [pool-72-thread-1] INFO  storage.RaftStorage (RaftStorageImpl.java:format(96)) - Storage directory /home/runner/work/ozone/ozone/hadoop-ozone/integration-test/target/test-dir/MiniOzoneClusterImpl-c53ae64f-4849-40e6-a4d6-552e28141f22/datanode-0/data/ratis/79f23230-0e76-4fa7-aefb-6d953d836bdb has been successfully formatted.
2022-11-08 06:31:57,077 [pool-72-thread-1] INFO  ratis.ContainerStateMachine (ContainerStateMachine.java:loadSnapshot(236)) - group-6D953D836BDB: The snapshot info is null. Setting the last applied indexto:(t:0, i:~)
2022-11-08 06:31:57,077 [pool-72-thread-1] INFO  server.RaftServerConfigKeys (ConfUtils.java:logGet(46)) - raft.server.log.use.memory = false (default)
2022-11-08 06:31:57,078 [pool-72-thread-1] INFO  server.RaftServerConfigKeys (ConfUtils.java:logGet(46)) - raft.server.log.purge.gap = 1000000 (custom)
2022-11-08 06:31:57,078 [pool-72-thread-1] INFO  server.RaftServerConfigKeys (ConfUtils.java:logGet(46)) - raft.server.log.appender.buffer.byte-limit = 33554432 (custom)
2022-11-08 06:31:57,078 [pool-72-thread-1] INFO  server.RaftServerConfigKeys (ConfUtils.java:logGet(46)) - raft.server.log.statemachine.data.read.timeout = 1000ms (default)
2022-11-08 06:31:57,078 [pool-72-thread-1] INFO  server.RaftServerConfigKeys (ConfUtils.java:logGet(46)) - raft.server.log.purge.preservation.log.num = 0 (default)
2022-11-08 06:31:57,078 [pool-72-thread-1] INFO  server.RaftServerConfigKeys (ConfUtils.java:logGet(46)) - raft.server.log.segment.size.max = 1048576 (custom)
2022-11-08 06:31:57,079 [pool-72-thread-1] INFO  server.RaftServerConfigKeys (ConfUtils.java:logGet(46)) - raft.server.log.segment.cache.num.max = 2 (custom)
2022-11-08 06:31:57,079 [pool-72-thread-1] INFO  server.RaftServerConfigKeys (ConfUtils.java:logGet(46)) - raft.server.log.segment.cache.size.max = 200MB (=209715200) (default)
2022-11-08 06:31:57,079 [pool-72-thread-1] INFO  segmented.SegmentedRaftLogWorker (SegmentedRaftLogWorker.java:<init>(191)) - new ec4ff2c3-aedb-4237-8f96-8aa5e66a28ee@group-6D953D836BDB-SegmentedRaftLogWorker for RaftStorageImpl:Storage Directory /home/runner/work/ozone/ozone/hadoop-ozone/integration-test/target/test-dir/MiniOzoneClusterImpl-c53ae64f-4849-40e6-a4d6-552e28141f22/datanode-0/data/ratis/79f23230-0e76-4fa7-aefb-6d953d836bdb
2022-11-08 06:31:57,079 [pool-72-thread-1] INFO  server.RaftServerConfigKeys (ConfUtils.java:logGet(46)) - raft.server.log.queue.byte-limit = 4294967296 (custom)
2022-11-08 06:31:57,079 [pool-72-thread-1] INFO  server.RaftServerConfigKeys (ConfUtils.java:logGet(46)) - raft.server.log.queue.element-limit = 1024 (custom)
2022-11-08 06:31:57,080 [pool-72-thread-1] INFO  server.RaftServerConfigKeys (ConfUtils.java:logGet(46)) - raft.server.log.segment.size.max = 1048576 (custom)
2022-11-08 06:31:57,080 [pool-72-thread-1] INFO  server.RaftServerConfigKeys (ConfUtils.java:logGet(46)) - raft.server.log.preallocated.size = 16384 (custom)
2022-11-08 06:31:57,080 [pool-72-thread-1] INFO  server.RaftServerConfigKeys (ConfUtils.java:logGet(46)) - raft.server.log.force.sync.num = 128 (default)
2022-11-08 06:31:57,080 [pool-72-thread-1] INFO  server.RaftServerConfigKeys (ConfUtils.java:logGet(46)) - raft.server.log.statemachine.data.sync = true (default)
2022-11-08 06:31:57,080 [pool-72-thread-1] INFO  server.RaftServerConfigKeys (ConfUtils.java:logGet(46)) - raft.server.log.statemachine.data.sync.timeout = 10s (default)
2022-11-08 06:31:57,080 [pool-72-thread-1] INFO  server.RaftServerConfigKeys (ConfUtils.java:logGet(46)) - raft.server.log.statemachine.data.sync.timeout.retry = -1 (default)
2022-11-08 06:31:57,082 [pool-72-thread-1] INFO  server.RaftServerConfigKeys (ConfUtils.java:logGet(46)) - raft.server.log.write.buffer.size = 1048576 (custom)
2022-11-08 06:31:57,082 [pool-72-thread-1] INFO  server.RaftServerConfigKeys (ConfUtils.java:logGet(46)) - raft.server.log.unsafe-flush.enabled = false (default)
2022-11-08 06:31:57,082 [pool-72-thread-1] INFO  server.RaftServerConfigKeys (ConfUtils.java:logGet(46)) - raft.server.log.async-flush.enabled = false (default)
2022-11-08 06:31:57,082 [pool-72-thread-1] INFO  server.RaftServerConfigKeys (ConfUtils.java:logGet(46)) - raft.server.log.statemachine.data.caching.enabled = true (custom)
2022-11-08 06:31:57,083 [pool-72-thread-1] INFO  segmented.SegmentedRaftLogWorker (SegmentedRaftLogWorker.java:lambda$new$0(136)) - ec4ff2c3-aedb-4237-8f96-8aa5e66a28ee@group-6D953D836BDB-SegmentedRaftLogWorker: flushIndex: setUnconditionally 0 -> -1
2022-11-08 06:31:57,083 [pool-72-thread-1] INFO  segmented.SegmentedRaftLogWorker (SegmentedRaftLogWorker.java:lambda$new$0(136)) - ec4ff2c3-aedb-4237-8f96-8aa5e66a28ee@group-6D953D836BDB-SegmentedRaftLogWorker: safeCacheEvictIndex: setUnconditionally 0 -> -1
2022-11-08 06:31:57,083 [pool-72-thread-1] INFO  server.RaftServer$Division (RaftServerImpl.java:start(334)) - ec4ff2c3-aedb-4237-8f96-8aa5e66a28ee@group-6D953D836BDB: start as a follower, conf=-1: peers:[ec4ff2c3-aedb-4237-8f96-8aa5e66a28ee|rpc:10.1.0.244:40923|priority:1|startupRole:FOLLOWER]|listeners:[], old=null
2022-11-08 06:31:57,083 [pool-72-thread-1] INFO  server.RaftServer$Division (RaftServerImpl.java:setRole(321)) - ec4ff2c3-aedb-4237-8f96-8aa5e66a28ee@group-6D953D836BDB: changes role from      null to FOLLOWER at term 0 for startAsFollower
2022-11-08 06:31:57,083 [pool-72-thread-1] INFO  impl.RoleInfo (RoleInfo.java:updateAndGet(139)) - ec4ff2c3-aedb-4237-8f96-8aa5e66a28ee: start ec4ff2c3-aedb-4237-8f96-8aa5e66a28ee@group-6D953D836BDB-FollowerState
2022-11-08 06:31:57,093 [pool-72-thread-1] INFO  util.JmxRegister (JmxRegister.java:tryRegister(44)) - Successfully registered JMX Bean with object name Ratis:service=RaftServer,group=group-6D953D836BDB,id=ec4ff2c3-aedb-4237-8f96-8aa5e66a28ee
2022-11-08 06:31:57,093 [pool-72-thread-1] INFO  server.RaftServerConfigKeys (ConfUtils.java:logGet(46)) - raft.server.snapshot.auto.trigger.enabled = true (custom)
2022-11-08 06:31:57,094 [pool-72-thread-1] INFO  server.RaftServerConfigKeys (ConfUtils.java:logGet(46)) - raft.server.snapshot.auto.trigger.threshold = 10000 (custom)
2022-11-08 06:31:57,094 [pool-72-thread-1] INFO  server.RaftServerConfigKeys (ConfUtils.java:logGet(46)) - raft.server.snapshot.retention.file.num = 5 (custom)
2022-11-08 06:31:57,094 [pool-72-thread-1] INFO  server.RaftServerConfigKeys (ConfUtils.java:logGet(46)) - raft.server.log.purge.upto.snapshot.index = false (default)
2022-11-08 06:31:57,095 [ec4ff2c3-aedb-4237-8f96-8aa5e66a28ee@group-6D953D836BDB-FollowerState] INFO  server.RaftServerConfigKeys (ConfUtils.java:logFallback(53)) - raft.server.rpc.first-election.timeout.min = 5s (fallback to raft.server.rpc.timeout.min)
2022-11-08 06:31:57,095 [ec4ff2c3-aedb-4237-8f96-8aa5e66a28ee@group-6D953D836BDB-FollowerState] INFO  server.RaftServerConfigKeys (ConfUtils.java:logFallback(53)) - raft.server.rpc.first-election.timeout.max = 5200ms (fallback to raft.server.rpc.timeout.max)
2022-11-08 06:31:57,107 [EventQueue-PipelineReportForPipelineReportHandler] INFO  pipeline.PipelineManagerImpl (PipelineManagerImpl.java:openPipeline(367)) - Pipeline Pipeline[ Id: 79f23230-0e76-4fa7-aefb-6d953d836bdb, Nodes: ec4ff2c3-aedb-4237-8f96-8aa5e66a28ee{ip: 10.1.0.244, host: fv-az220-111.shdwizndlbjulinwhzhdmup5sb.jx.internal.cloudapp.net, ports: [REPLICATION=36687, RATIS=40923, RATIS_ADMIN=40923, RATIS_SERVER=40923, STANDALONE=33395], networkLocation: /default-rack, certSerialId: null, persistedOpState: IN_SERVICE, persistedOpStateExpiryEpochSec: 0}, ReplicationConfig: RATIS/ONE, State:ALLOCATED, leaderId:ec4ff2c3-aedb-4237-8f96-8aa5e66a28ee, CreationTimestamp2022-11-08T06:31:54.062Z[Etc/UTC]] moved to OPEN state
2022-11-08 06:31:57,110 [EventQueue-OpenPipelineForHealthyPipelineSafeModeRule] INFO  safemode.SCMSafeModeManager (HealthyPipelineSafeModeRule.java:process(137)) - SCM in safe mode. Healthy pipelines reported count is 0, required healthy pipeline reported count is 1
2022-11-08 06:31:57,111 [Command processor thread] INFO  ratis.XceiverServerRatis (XceiverServerRatis.java:addGroup(765)) - Created group PipelineID=79f23230-0e76-4fa7-aefb-6d953d836bdb
2022-11-08 06:31:57,115 [Listener at 127.0.0.1/40183] INFO  ozone.MiniOzoneClusterImpl (MiniOzoneClusterImpl.java:lambda$waitForClusterToBeReady$0(216)) - Nodes are ready. Got 6 of 6 DN Heartbeats.
2022-11-08 06:31:57,115 [Listener at 127.0.0.1/40183] INFO  ozone.MiniOzoneClusterImpl (MiniOzoneClusterImpl.java:lambda$waitForClusterToBeReady$0(219)) - Waiting for cluster to exit safe mode
2022-11-08 06:31:57,116 [Listener at 127.0.0.1/40183] INFO  ozone.MiniOzoneClusterImpl (MiniOzoneClusterImpl.java:lambda$waitForClusterToBeReady$0(221)) - SCM became leader
2022-11-08 06:31:57,115 [Command processor thread] INFO  commandhandler.CreatePipelineCommandHandler (CreatePipelineCommandHandler.java:handle(113)) - Created Pipeline RATIS ONE PipelineID=79f23230-0e76-4fa7-aefb-6d953d836bdb.
2022-11-08 06:31:57,116 [Command processor thread] INFO  server.RaftServer (RaftServerProxy.java:addNew(96)) - ec4ff2c3-aedb-4237-8f96-8aa5e66a28ee: addNew group-73C734729954:[31d5b2a7-dd00-41c8-9482-fa5c506864d0|rpc:10.1.0.244:38699|priority:0|startupRole:FOLLOWER, 976467f4-c66a-4ccc-8167-891a23ca4537|rpc:10.1.0.244:37157|priority:1|startupRole:FOLLOWER, ec4ff2c3-aedb-4237-8f96-8aa5e66a28ee|rpc:10.1.0.244:40923|priority:0|startupRole:FOLLOWER] returns group-73C734729954:java.util.concurrent.CompletableFuture@558c80a3[Not completed]
2022-11-08 06:31:57,119 [pool-72-thread-1] INFO  server.RaftServer$Division (RaftServerImpl.java:<init>(195)) - ec4ff2c3-aedb-4237-8f96-8aa5e66a28ee: new RaftServerImpl for group-73C734729954:[31d5b2a7-dd00-41c8-9482-fa5c506864d0|rpc:10.1.0.244:38699|priority:0|startupRole:FOLLOWER, 976467f4-c66a-4ccc-8167-891a23ca4537|rpc:10.1.0.244:37157|priority:1|startupRole:FOLLOWER, ec4ff2c3-aedb-4237-8f96-8aa5e66a28ee|rpc:10.1.0.244:40923|priority:0|startupRole:FOLLOWER] with ContainerStateMachine:uninitialized
2022-11-08 06:31:57,119 [pool-72-thread-1] INFO  server.RaftServerConfigKeys (ConfUtils.java:logGet(46)) - raft.server.rpc.timeout.min = 5s (custom)
2022-11-08 06:31:57,119 [pool-72-thread-1] INFO  server.RaftServerConfigKeys (ConfUtils.java:logGet(46)) - raft.server.rpc.timeout.max = 5200ms (custom)
2022-11-08 06:31:57,119 [pool-72-thread-1] INFO  server.RaftServerConfigKeys (ConfUtils.java:logGet(46)) - raft.server.rpc.sleep.time = 25ms (default)
2022-11-08 06:31:57,119 [pool-72-thread-1] INFO  server.RaftServerConfigKeys (ConfUtils.java:logGet(46)) - raft.server.rpc.slowness.timeout = 300s (custom)
2022-11-08 06:31:57,119 [pool-72-thread-1] INFO  server.RaftServerConfigKeys (ConfUtils.java:logGet(46)) - raft.server.leaderelection.leader.step-down.wait-time = 10s (default)
2022-11-08 06:31:57,119 [pool-72-thread-1] INFO  server.RaftServerConfigKeys (ConfUtils.java:logGet(46)) - raft.server.sleep.deviation.threshold = 300ms (default)
2022-11-08 06:31:57,119 [pool-72-thread-1] INFO  server.RaftServer$Division (ServerState.java:<init>(118)) - ec4ff2c3-aedb-4237-8f96-8aa5e66a28ee@group-73C734729954: ConfigurationManager, init=-1: peers:[31d5b2a7-dd00-41c8-9482-fa5c506864d0|rpc:10.1.0.244:38699|priority:0|startupRole:FOLLOWER, 976467f4-c66a-4ccc-8167-891a23ca4537|rpc:10.1.0.244:37157|priority:1|startupRole:FOLLOWER, ec4ff2c3-aedb-4237-8f96-8aa5e66a28ee|rpc:10.1.0.244:40923|priority:0|startupRole:FOLLOWER]|listeners:[], old=null, confs=<EMPTY_MAP>
2022-11-08 06:31:57,119 [pool-72-thread-1] INFO  server.RaftServerConfigKeys (ConfUtils.java:logGet(46)) - raft.server.storage.dir = [/home/runner/work/ozone/ozone/hadoop-ozone/integration-test/target/test-dir/MiniOzoneClusterImpl-c53ae64f-4849-40e6-a4d6-552e28141f22/datanode-0/data/ratis] (custom)
2022-11-08 06:31:57,120 [pool-72-thread-1] INFO  server.RaftServerConfigKeys (ConfUtils.java:logGet(46)) - raft.server.log.corruption.policy = EXCEPTION (default)
2022-11-08 06:31:57,120 [pool-72-thread-1] INFO  server.RaftServerConfigKeys (ConfUtils.java:logGet(46)) - raft.server.storage.free-space.min = 0MB (=0) (default)
2022-11-08 06:31:57,120 [pool-72-thread-1] INFO  server.RaftServerConfigKeys (ConfUtils.java:logGet(46)) - raft.server.notification.no-leader.timeout = 300s (custom)
2022-11-08 06:31:57,120 [pool-72-thread-1] INFO  server.RaftServerConfigKeys (ConfUtils.java:logGet(46)) - raft.server.retrycache.expirytime = 600000ms (custom)
2022-11-08 06:31:57,120 [pool-72-thread-1] INFO  server.RaftServerConfigKeys (ConfUtils.java:logGet(46)) - raft.server.retrycache.statistics.expirytime = 100μs (default)
2022-11-08 06:31:57,122 [pool-72-thread-1] INFO  server.RaftServerConfigKeys (ConfUtils.java:logGet(46)) - raft.server.log.appender.install.snapshot.enabled = false (custom)
2022-11-08 06:31:57,122 [pool-72-thread-1] INFO  server.RaftServerConfigKeys (ConfUtils.java:logGet(46)) - raft.server.threadpool.server.cached = true (default)
2022-11-08 06:31:57,123 [pool-72-thread-1] INFO  server.RaftServerConfigKeys (ConfUtils.java:logGet(46)) - raft.server.threadpool.server.size = 0 (default)
2022-11-08 06:31:57,123 [pool-72-thread-1] INFO  server.RaftServerConfigKeys (ConfUtils.java:logGet(46)) - raft.server.threadpool.client.cached = true (default)
2022-11-08 06:31:57,123 [pool-72-thread-1] INFO  server.RaftServerConfigKeys (ConfUtils.java:logGet(46)) - raft.server.threadpool.client.size = 0 (default)
2022-11-08 06:31:57,123 [pool-72-thread-1] INFO  storage.RaftStorageDirectory (RaftStorageDirectoryImpl.java:analyzeStorage(137)) - The storage directory /home/runner/work/ozone/ozone/hadoop-ozone/integration-test/target/test-dir/MiniOzoneClusterImpl-c53ae64f-4849-40e6-a4d6-552e28141f22/datanode-0/data/ratis/657ca416-48e4-4e40-9c25-73c734729954 does not exist. Creating ...
2022-11-08 06:31:57,124 [pool-72-thread-1] INFO  storage.RaftStorageDirectory (RaftStorageDirectoryImpl.java:tryLock(231)) - Lock on /home/runner/work/ozone/ozone/hadoop-ozone/integration-test/target/test-dir/MiniOzoneClusterImpl-c53ae64f-4849-40e6-a4d6-552e28141f22/datanode-0/data/ratis/657ca416-48e4-4e40-9c25-73c734729954/in_use.lock acquired by nodename 12075@fv-az220-111
2022-11-08 06:31:57,126 [pool-72-thread-1] INFO  storage.RaftStorage (RaftStorageImpl.java:format(96)) - Storage directory /home/runner/work/ozone/ozone/hadoop-ozone/integration-test/target/test-dir/MiniOzoneClusterImpl-c53ae64f-4849-40e6-a4d6-552e28141f22/datanode-0/data/ratis/657ca416-48e4-4e40-9c25-73c734729954 has been successfully formatted.
2022-11-08 06:31:57,126 [pool-72-thread-1] INFO  ratis.ContainerStateMachine (ContainerStateMachine.java:loadSnapshot(236)) - group-73C734729954: The snapshot info is null. Setting the last applied indexto:(t:0, i:~)
2022-11-08 06:31:57,126 [pool-72-thread-1] INFO  server.RaftServerConfigKeys (ConfUtils.java:logGet(46)) - raft.server.log.use.memory = false (default)
2022-11-08 06:31:57,126 [pool-72-thread-1] INFO  server.RaftServerConfigKeys (ConfUtils.java:logGet(46)) - raft.server.log.purge.gap = 1000000 (custom)
2022-11-08 06:31:57,126 [pool-72-thread-1] INFO  server.RaftServerConfigKeys (ConfUtils.java:logGet(46)) - raft.server.log.appender.buffer.byte-limit = 33554432 (custom)
2022-11-08 06:31:57,127 [pool-72-thread-1] INFO  server.RaftServerConfigKeys (ConfUtils.java:logGet(46)) - raft.server.log.statemachine.data.read.timeout = 1000ms (default)
2022-11-08 06:31:57,127 [pool-72-thread-1] INFO  server.RaftServerConfigKeys (ConfUtils.java:logGet(46)) - raft.server.log.purge.preservation.log.num = 0 (default)
2022-11-08 06:31:57,128 [pool-72-thread-1] INFO  server.RaftServerConfigKeys (ConfUtils.java:logGet(46)) - raft.server.log.segment.size.max = 1048576 (custom)
2022-11-08 06:31:57,129 [EventQueue-OpenPipelineForHealthyPipelineSafeModeRule] INFO  safemode.SCMSafeModeManager (HealthyPipelineSafeModeRule.java:process(137)) - SCM in safe mode. Healthy pipelines reported count is 0, required healthy pipeline reported count is 1
2022-11-08 06:31:57,134 [pool-72-thread-1] INFO  server.RaftServerConfigKeys (ConfUtils.java:logGet(46)) - raft.server.log.segment.cache.num.max = 2 (custom)
2022-11-08 06:31:57,134 [pool-72-thread-1] INFO  server.RaftServerConfigKeys (ConfUtils.java:logGet(46)) - raft.server.log.segment.cache.size.max = 200MB (=209715200) (default)
2022-11-08 06:31:57,134 [pool-72-thread-1] INFO  segmented.SegmentedRaftLogWorker (SegmentedRaftLogWorker.java:<init>(191)) - new ec4ff2c3-aedb-4237-8f96-8aa5e66a28ee@group-73C734729954-SegmentedRaftLogWorker for RaftStorageImpl:Storage Directory /home/runner/work/ozone/ozone/hadoop-ozone/integration-test/target/test-dir/MiniOzoneClusterImpl-c53ae64f-4849-40e6-a4d6-552e28141f22/datanode-0/data/ratis/657ca416-48e4-4e40-9c25-73c734729954
2022-11-08 06:31:57,134 [pool-72-thread-1] INFO  server.RaftServerConfigKeys (ConfUtils.java:logGet(46)) - raft.server.log.queue.byte-limit = 4294967296 (custom)
2022-11-08 06:31:57,134 [pool-72-thread-1] INFO  server.RaftServerConfigKeys (ConfUtils.java:logGet(46)) - raft.server.log.queue.element-limit = 1024 (custom)
2022-11-08 06:31:57,134 [pool-72-thread-1] INFO  server.RaftServerConfigKeys (ConfUtils.java:logGet(46)) - raft.server.log.segment.size.max = 1048576 (custom)
2022-11-08 06:31:57,134 [pool-72-thread-1] INFO  server.RaftServerConfigKeys (ConfUtils.java:logGet(46)) - raft.server.log.preallocated.size = 16384 (custom)
2022-11-08 06:31:57,134 [pool-72-thread-1] INFO  server.RaftServerConfigKeys (ConfUtils.java:logGet(46)) - raft.server.log.force.sync.num = 128 (default)
2022-11-08 06:31:57,134 [pool-72-thread-1] INFO  server.RaftServerConfigKeys (ConfUtils.java:logGet(46)) - raft.server.log.statemachine.data.sync = true (default)
2022-11-08 06:31:57,134 [pool-72-thread-1] INFO  server.RaftServerConfigKeys (ConfUtils.java:logGet(46)) - raft.server.log.statemachine.data.sync.timeout = 10s (default)
2022-11-08 06:31:57,134 [pool-72-thread-1] INFO  server.RaftServerConfigKeys (ConfUtils.java:logGet(46)) - raft.server.log.statemachine.data.sync.timeout.retry = -1 (default)
2022-11-08 06:31:57,140 [pool-72-thread-1] INFO  server.RaftServerConfigKeys (ConfUtils.java:logGet(46)) - raft.server.log.write.buffer.size = 1048576 (custom)
2022-11-08 06:31:57,140 [pool-72-thread-1] INFO  server.RaftServerConfigKeys (ConfUtils.java:logGet(46)) - raft.server.log.unsafe-flush.enabled = false (default)
2022-11-08 06:31:57,140 [pool-72-thread-1] INFO  server.RaftServerConfigKeys (ConfUtils.java:logGet(46)) - raft.server.log.async-flush.enabled = false (default)
2022-11-08 06:31:57,140 [pool-72-thread-1] INFO  server.RaftServerConfigKeys (ConfUtils.java:logGet(46)) - raft.server.log.statemachine.data.caching.enabled = true (custom)
2022-11-08 06:31:57,140 [pool-72-thread-1] INFO  segmented.SegmentedRaftLogWorker (SegmentedRaftLogWorker.java:lambda$new$0(136)) - ec4ff2c3-aedb-4237-8f96-8aa5e66a28ee@group-73C734729954-SegmentedRaftLogWorker: flushIndex: setUnconditionally 0 -> -1
2022-11-08 06:31:57,140 [pool-72-thread-1] INFO  segmented.SegmentedRaftLogWorker (SegmentedRaftLogWorker.java:lambda$new$0(136)) - ec4ff2c3-aedb-4237-8f96-8aa5e66a28ee@group-73C734729954-SegmentedRaftLogWorker: safeCacheEvictIndex: setUnconditionally 0 -> -1
2022-11-08 06:31:57,142 [pool-72-thread-1] INFO  server.RaftServer$Division (RaftServerImpl.java:start(334)) - ec4ff2c3-aedb-4237-8f96-8aa5e66a28ee@group-73C734729954: start as a follower, conf=-1: peers:[31d5b2a7-dd00-41c8-9482-fa5c506864d0|rpc:10.1.0.244:38699|priority:0|startupRole:FOLLOWER, 976467f4-c66a-4ccc-8167-891a23ca4537|rpc:10.1.0.244:37157|priority:1|startupRole:FOLLOWER, ec4ff2c3-aedb-4237-8f96-8aa5e66a28ee|rpc:10.1.0.244:40923|priority:0|startupRole:FOLLOWER]|listeners:[], old=null
2022-11-08 06:31:57,142 [pool-72-thread-1] INFO  server.RaftServer$Division (RaftServerImpl.java:setRole(321)) - ec4ff2c3-aedb-4237-8f96-8aa5e66a28ee@group-73C734729954: changes role from      null to FOLLOWER at term 0 for startAsFollower
2022-11-08 06:31:57,142 [pool-72-thread-1] INFO  impl.RoleInfo (RoleInfo.java:updateAndGet(139)) - ec4ff2c3-aedb-4237-8f96-8aa5e66a28ee: start ec4ff2c3-aedb-4237-8f96-8aa5e66a28ee@group-73C734729954-FollowerState
2022-11-08 06:31:57,143 [pool-72-thread-1] INFO  util.JmxRegister (JmxRegister.java:tryRegister(44)) - Successfully registered JMX Bean with object name Ratis:service=RaftServer,group=group-73C734729954,id=ec4ff2c3-aedb-4237-8f96-8aa5e66a28ee
2022-11-08 06:31:57,143 [ec4ff2c3-aedb-4237-8f96-8aa5e66a28ee@group-73C734729954-FollowerState] INFO  server.RaftServerConfigKeys (ConfUtils.java:logFallback(53)) - raft.server.rpc.first-election.timeout.min = 5s (fallback to raft.server.rpc.timeout.min)
2022-11-08 06:31:57,143 [ec4ff2c3-aedb-4237-8f96-8aa5e66a28ee@group-73C734729954-FollowerState] INFO  server.RaftServerConfigKeys (ConfUtils.java:logFallback(53)) - raft.server.rpc.first-election.timeout.max = 5200ms (fallback to raft.server.rpc.timeout.max)
2022-11-08 06:31:57,143 [pool-72-thread-1] INFO  server.RaftServerConfigKeys (ConfUtils.java:logGet(46)) - raft.server.snapshot.auto.trigger.enabled = true (custom)
2022-11-08 06:31:57,144 [pool-72-thread-1] INFO  server.RaftServerConfigKeys (ConfUtils.java:logGet(46)) - raft.server.snapshot.auto.trigger.threshold = 10000 (custom)
2022-11-08 06:31:57,144 [pool-72-thread-1] INFO  server.RaftServerConfigKeys (ConfUtils.java:logGet(46)) - raft.server.snapshot.retention.file.num = 5 (custom)
2022-11-08 06:31:57,144 [pool-72-thread-1] INFO  server.RaftServerConfigKeys (ConfUtils.java:logGet(46)) - raft.server.log.purge.upto.snapshot.index = false (default)
2022-11-08 06:31:57,145 [Command processor thread] INFO  ratis.XceiverServerRatis (XceiverServerRatis.java:addGroup(765)) - Created group PipelineID=657ca416-48e4-4e40-9c25-73c734729954
2022-11-08 06:31:57,582 [Command processor thread] INFO  server.RaftServer (RaftServerProxy.java:addNew(96)) - 976467f4-c66a-4ccc-8167-891a23ca4537: addNew group-19DDDCD191CE:[976467f4-c66a-4ccc-8167-891a23ca4537|rpc:10.1.0.244:37157|priority:1|startupRole:FOLLOWER] returns group-19DDDCD191CE:java.util.concurrent.CompletableFuture@2ee2c999[Not completed]
2022-11-08 06:31:57,589 [pool-95-thread-1] INFO  server.RaftServer$Division (RaftServerImpl.java:<init>(195)) - 976467f4-c66a-4ccc-8167-891a23ca4537: new RaftServerImpl for group-19DDDCD191CE:[976467f4-c66a-4ccc-8167-891a23ca4537|rpc:10.1.0.244:37157|priority:1|startupRole:FOLLOWER] with ContainerStateMachine:uninitialized
2022-11-08 06:31:57,590 [pool-95-thread-1] INFO  server.RaftServerConfigKeys (ConfUtils.java:logGet(46)) - raft.server.rpc.timeout.min = 5s (custom)
2022-11-08 06:31:57,590 [pool-95-thread-1] INFO  server.RaftServerConfigKeys (ConfUtils.java:logGet(46)) - raft.server.rpc.timeout.max = 5200ms (custom)
2022-11-08 06:31:57,590 [pool-95-thread-1] INFO  server.RaftServerConfigKeys (ConfUtils.java:logGet(46)) - raft.server.rpc.sleep.time = 25ms (default)
2022-11-08 06:31:57,590 [pool-95-thread-1] INFO  server.RaftServerConfigKeys (ConfUtils.java:logGet(46)) - raft.server.rpc.slowness.timeout = 300s (custom)
2022-11-08 06:31:57,590 [pool-95-thread-1] INFO  server.RaftServerConfigKeys (ConfUtils.java:logGet(46)) - raft.server.leaderelection.leader.step-down.wait-time = 10s (default)
2022-11-08 06:31:57,590 [pool-95-thread-1] INFO  server.RaftServerConfigKeys (ConfUtils.java:logGet(46)) - raft.server.sleep.deviation.threshold = 300ms (default)
2022-11-08 06:31:57,591 [pool-95-thread-1] INFO  server.RaftServer$Division (ServerState.java:<init>(118)) - 976467f4-c66a-4ccc-8167-891a23ca4537@group-19DDDCD191CE: ConfigurationManager, init=-1: peers:[976467f4-c66a-4ccc-8167-891a23ca4537|rpc:10.1.0.244:37157|priority:1|startupRole:FOLLOWER]|listeners:[], old=null, confs=<EMPTY_MAP>
2022-11-08 06:31:57,591 [pool-95-thread-1] INFO  server.RaftServerConfigKeys (ConfUtils.java:logGet(46)) - raft.server.storage.dir = [/home/runner/work/ozone/ozone/hadoop-ozone/integration-test/target/test-dir/MiniOzoneClusterImpl-c53ae64f-4849-40e6-a4d6-552e28141f22/datanode-1/data/ratis] (custom)
2022-11-08 06:31:57,596 [pool-95-thread-1] INFO  server.RaftServerConfigKeys (ConfUtils.java:logGet(46)) - raft.server.log.corruption.policy = EXCEPTION (default)
2022-11-08 06:31:57,596 [pool-95-thread-1] INFO  server.RaftServerConfigKeys (ConfUtils.java:logGet(46)) - raft.server.storage.free-space.min = 0MB (=0) (default)
2022-11-08 06:31:57,596 [pool-95-thread-1] INFO  server.RaftServerConfigKeys (ConfUtils.java:logGet(46)) - raft.server.notification.no-leader.timeout = 300s (custom)
2022-11-08 06:31:57,596 [pool-95-thread-1] INFO  server.RaftServerConfigKeys (ConfUtils.java:logGet(46)) - raft.server.retrycache.expirytime = 600000ms (custom)
2022-11-08 06:31:57,596 [pool-95-thread-1] INFO  server.RaftServerConfigKeys (ConfUtils.java:logGet(46)) - raft.server.retrycache.statistics.expirytime = 100μs (default)
2022-11-08 06:31:57,605 [pool-95-thread-1] INFO  server.RaftServerConfigKeys (ConfUtils.java:logGet(46)) - raft.server.log.appender.install.snapshot.enabled = false (custom)
2022-11-08 06:31:57,605 [pool-95-thread-1] INFO  server.RaftServerConfigKeys (ConfUtils.java:logGet(46)) - raft.server.threadpool.server.cached = true (default)
2022-11-08 06:31:57,605 [pool-95-thread-1] INFO  server.RaftServerConfigKeys (ConfUtils.java:logGet(46)) - raft.server.threadpool.server.size = 0 (default)
2022-11-08 06:31:57,605 [pool-95-thread-1] INFO  server.RaftServerConfigKeys (ConfUtils.java:logGet(46)) - raft.server.threadpool.client.cached = true (default)
2022-11-08 06:31:57,605 [pool-95-thread-1] INFO  server.RaftServerConfigKeys (ConfUtils.java:logGet(46)) - raft.server.threadpool.client.size = 0 (default)
2022-11-08 06:31:57,605 [pool-95-thread-1] INFO  storage.RaftStorageDirectory (RaftStorageDirectoryImpl.java:analyzeStorage(137)) - The storage directory /home/runner/work/ozone/ozone/hadoop-ozone/integration-test/target/test-dir/MiniOzoneClusterImpl-c53ae64f-4849-40e6-a4d6-552e28141f22/datanode-1/data/ratis/a0a5b322-431d-4384-9cd1-19dddcd191ce does not exist. Creating ...
2022-11-08 06:31:57,609 [pool-95-thread-1] INFO  storage.RaftStorageDirectory (RaftStorageDirectoryImpl.java:tryLock(231)) - Lock on /home/runner/work/ozone/ozone/hadoop-ozone/integration-test/target/test-dir/MiniOzoneClusterImpl-c53ae64f-4849-40e6-a4d6-552e28141f22/datanode-1/data/ratis/a0a5b322-431d-4384-9cd1-19dddcd191ce/in_use.lock acquired by nodename 12075@fv-az220-111
2022-11-08 06:31:57,612 [pool-95-thread-1] INFO  storage.RaftStorage (RaftStorageImpl.java:format(96)) - Storage directory /home/runner/work/ozone/ozone/hadoop-ozone/integration-test/target/test-dir/MiniOzoneClusterImpl-c53ae64f-4849-40e6-a4d6-552e28141f22/datanode-1/data/ratis/a0a5b322-431d-4384-9cd1-19dddcd191ce has been successfully formatted.
2022-11-08 06:31:57,618 [pool-95-thread-1] INFO  ratis.ContainerStateMachine (ContainerStateMachine.java:loadSnapshot(236)) - group-19DDDCD191CE: The snapshot info is null. Setting the last applied indexto:(t:0, i:~)
2022-11-08 06:31:57,633 [pool-95-thread-1] INFO  server.RaftServerConfigKeys (ConfUtils.java:logGet(46)) - raft.server.log.use.memory = false (default)
2022-11-08 06:31:57,633 [pool-95-thread-1] INFO  server.RaftServerConfigKeys (ConfUtils.java:logGet(46)) - raft.server.log.purge.gap = 1000000 (custom)
2022-11-08 06:31:57,634 [pool-95-thread-1] INFO  server.RaftServerConfigKeys (ConfUtils.java:logGet(46)) - raft.server.log.appender.buffer.byte-limit = 33554432 (custom)
2022-11-08 06:31:57,634 [pool-95-thread-1] INFO  server.RaftServerConfigKeys (ConfUtils.java:logGet(46)) - raft.server.log.statemachine.data.read.timeout = 1000ms (default)
2022-11-08 06:31:57,634 [pool-95-thread-1] INFO  server.RaftServerConfigKeys (ConfUtils.java:logGet(46)) - raft.server.log.purge.preservation.log.num = 0 (default)
2022-11-08 06:31:57,634 [pool-95-thread-1] INFO  server.RaftServerConfigKeys (ConfUtils.java:logGet(46)) - raft.server.log.segment.size.max = 1048576 (custom)
2022-11-08 06:31:57,637 [pool-95-thread-1] INFO  server.RaftServerConfigKeys (ConfUtils.java:logGet(46)) - raft.server.log.segment.cache.num.max = 2 (custom)
2022-11-08 06:31:57,637 [pool-95-thread-1] INFO  server.RaftServerConfigKeys (ConfUtils.java:logGet(46)) - raft.server.log.segment.cache.size.max = 200MB (=209715200) (default)
2022-11-08 06:31:57,637 [pool-95-thread-1] INFO  segmented.SegmentedRaftLogWorker (SegmentedRaftLogWorker.java:<init>(191)) - new 976467f4-c66a-4ccc-8167-891a23ca4537@group-19DDDCD191CE-SegmentedRaftLogWorker for RaftStorageImpl:Storage Directory /home/runner/work/ozone/ozone/hadoop-ozone/integration-test/target/test-dir/MiniOzoneClusterImpl-c53ae64f-4849-40e6-a4d6-552e28141f22/datanode-1/data/ratis/a0a5b322-431d-4384-9cd1-19dddcd191ce
2022-11-08 06:31:57,637 [pool-95-thread-1] INFO  server.RaftServerConfigKeys (ConfUtils.java:logGet(46)) - raft.server.log.queue.byte-limit = 4294967296 (custom)
2022-11-08 06:31:57,637 [pool-95-thread-1] INFO  server.RaftServerConfigKeys (ConfUtils.java:logGet(46)) - raft.server.log.queue.element-limit = 1024 (custom)
2022-11-08 06:31:57,637 [pool-95-thread-1] INFO  server.RaftServerConfigKeys (ConfUtils.java:logGet(46)) - raft.server.log.segment.size.max = 1048576 (custom)
2022-11-08 06:31:57,638 [pool-95-thread-1] INFO  server.RaftServerConfigKeys (ConfUtils.java:logGet(46)) - raft.server.log.preallocated.size = 16384 (custom)
2022-11-08 06:31:57,638 [EventQueue-PipelineReportForPipelineReportHandler] INFO  pipeline.PipelineManagerImpl (PipelineManagerImpl.java:openPipeline(367)) - Pipeline Pipeline[ Id: a0a5b322-431d-4384-9cd1-19dddcd191ce, Nodes: 976467f4-c66a-4ccc-8167-891a23ca4537{ip: 10.1.0.244, host: fv-az220-111.shdwizndlbjulinwhzhdmup5sb.jx.internal.cloudapp.net, ports: [REPLICATION=33999, RATIS=37157, RATIS_ADMIN=37157, RATIS_SERVER=37157, STANDALONE=39605], networkLocation: /default-rack, certSerialId: null, persistedOpState: IN_SERVICE, persistedOpStateExpiryEpochSec: 0}, ReplicationConfig: RATIS/ONE, State:ALLOCATED, leaderId:976467f4-c66a-4ccc-8167-891a23ca4537, CreationTimestamp2022-11-08T06:31:54.583Z[Etc/UTC]] moved to OPEN state
2022-11-08 06:31:57,638 [pool-95-thread-1] INFO  server.RaftServerConfigKeys (ConfUtils.java:logGet(46)) - raft.server.log.force.sync.num = 128 (default)
2022-11-08 06:31:57,642 [pool-95-thread-1] INFO  server.RaftServerConfigKeys (ConfUtils.java:logGet(46)) - raft.server.log.statemachine.data.sync = true (default)
2022-11-08 06:31:57,642 [pool-95-thread-1] INFO  server.RaftServerConfigKeys (ConfUtils.java:logGet(46)) - raft.server.log.statemachine.data.sync.timeout = 10s (default)
2022-11-08 06:31:57,642 [pool-95-thread-1] INFO  server.RaftServerConfigKeys (ConfUtils.java:logGet(46)) - raft.server.log.statemachine.data.sync.timeout.retry = -1 (default)
2022-11-08 06:31:57,643 [EventQueue-OpenPipelineForHealthyPipelineSafeModeRule] INFO  safemode.SCMSafeModeManager (HealthyPipelineSafeModeRule.java:process(137)) - SCM in safe mode. Healthy pipelines reported count is 0, required healthy pipeline reported count is 1
2022-11-08 06:31:57,650 [pool-95-thread-1] INFO  server.RaftServerConfigKeys (ConfUtils.java:logGet(46)) - raft.server.log.write.buffer.size = 1048576 (custom)
2022-11-08 06:31:57,651 [pool-95-thread-1] INFO  server.RaftServerConfigKeys (ConfUtils.java:logGet(46)) - raft.server.log.unsafe-flush.enabled = false (default)
2022-11-08 06:31:57,651 [pool-95-thread-1] INFO  server.RaftServerConfigKeys (ConfUtils.java:logGet(46)) - raft.server.log.async-flush.enabled = false (default)
2022-11-08 06:31:57,651 [pool-95-thread-1] INFO  server.RaftServerConfigKeys (ConfUtils.java:logGet(46)) - raft.server.log.statemachine.data.caching.enabled = true (custom)
2022-11-08 06:31:57,651 [pool-95-thread-1] INFO  segmented.SegmentedRaftLogWorker (SegmentedRaftLogWorker.java:lambda$new$0(136)) - 976467f4-c66a-4ccc-8167-891a23ca4537@group-19DDDCD191CE-SegmentedRaftLogWorker: flushIndex: setUnconditionally 0 -> -1
2022-11-08 06:31:57,651 [pool-95-thread-1] INFO  segmented.SegmentedRaftLogWorker (SegmentedRaftLogWorker.java:lambda$new$0(136)) - 976467f4-c66a-4ccc-8167-891a23ca4537@group-19DDDCD191CE-SegmentedRaftLogWorker: safeCacheEvictIndex: setUnconditionally 0 -> -1
2022-11-08 06:31:57,655 [pool-95-thread-1] INFO  server.RaftServer$Division (RaftServerImpl.java:start(334)) - 976467f4-c66a-4ccc-8167-891a23ca4537@group-19DDDCD191CE: start as a follower, conf=-1: peers:[976467f4-c66a-4ccc-8167-891a23ca4537|rpc:10.1.0.244:37157|priority:1|startupRole:FOLLOWER]|listeners:[], old=null
2022-11-08 06:31:57,655 [pool-95-thread-1] INFO  server.RaftServer$Division (RaftServerImpl.java:setRole(321)) - 976467f4-c66a-4ccc-8167-891a23ca4537@group-19DDDCD191CE: changes role from      null to FOLLOWER at term 0 for startAsFollower
2022-11-08 06:31:57,655 [pool-95-thread-1] INFO  impl.RoleInfo (RoleInfo.java:updateAndGet(139)) - 976467f4-c66a-4ccc-8167-891a23ca4537: start 976467f4-c66a-4ccc-8167-891a23ca4537@group-19DDDCD191CE-FollowerState
2022-11-08 06:31:57,672 [976467f4-c66a-4ccc-8167-891a23ca4537@group-19DDDCD191CE-FollowerState] INFO  server.RaftServerConfigKeys (ConfUtils.java:logFallback(53)) - raft.server.rpc.first-election.timeout.min = 5s (fallback to raft.server.rpc.timeout.min)
2022-11-08 06:31:57,672 [976467f4-c66a-4ccc-8167-891a23ca4537@group-19DDDCD191CE-FollowerState] INFO  server.RaftServerConfigKeys (ConfUtils.java:logFallback(53)) - raft.server.rpc.first-election.timeout.max = 5200ms (fallback to raft.server.rpc.timeout.max)
2022-11-08 06:31:57,658 [pool-95-thread-1] INFO  util.JmxRegister (JmxRegister.java:tryRegister(44)) - Successfully registered JMX Bean with object name Ratis:service=RaftServer,group=group-19DDDCD191CE,id=976467f4-c66a-4ccc-8167-891a23ca4537
2022-11-08 06:31:57,677 [pool-95-thread-1] INFO  server.RaftServerConfigKeys (ConfUtils.java:logGet(46)) - raft.server.snapshot.auto.trigger.enabled = true (custom)
2022-11-08 06:31:57,677 [pool-95-thread-1] INFO  server.RaftServerConfigKeys (ConfUtils.java:logGet(46)) - raft.server.snapshot.auto.trigger.threshold = 10000 (custom)
2022-11-08 06:31:57,677 [pool-95-thread-1] INFO  server.RaftServerConfigKeys (ConfUtils.java:logGet(46)) - raft.server.snapshot.retention.file.num = 5 (custom)
2022-11-08 06:31:57,677 [pool-95-thread-1] INFO  server.RaftServerConfigKeys (ConfUtils.java:logGet(46)) - raft.server.log.purge.upto.snapshot.index = false (default)
2022-11-08 06:31:57,681 [Command processor thread] INFO  ratis.XceiverServerRatis (XceiverServerRatis.java:addGroup(765)) - Created group PipelineID=a0a5b322-431d-4384-9cd1-19dddcd191ce
2022-11-08 06:31:57,682 [Command processor thread] INFO  commandhandler.CreatePipelineCommandHandler (CreatePipelineCommandHandler.java:handle(113)) - Created Pipeline RATIS ONE PipelineID=a0a5b322-431d-4384-9cd1-19dddcd191ce.
2022-11-08 06:31:57,683 [Command processor thread] INFO  server.RaftServer (RaftServerProxy.java:addNew(96)) - 976467f4-c66a-4ccc-8167-891a23ca4537: addNew group-73C734729954:[31d5b2a7-dd00-41c8-9482-fa5c506864d0|rpc:10.1.0.244:38699|priority:0|startupRole:FOLLOWER, 976467f4-c66a-4ccc-8167-891a23ca4537|rpc:10.1.0.244:37157|priority:1|startupRole:FOLLOWER, ec4ff2c3-aedb-4237-8f96-8aa5e66a28ee|rpc:10.1.0.244:40923|priority:0|startupRole:FOLLOWER] returns group-73C734729954:java.util.concurrent.CompletableFuture@2add589d[Not completed]
2022-11-08 06:31:57,684 [pool-95-thread-1] INFO  server.RaftServer$Division (RaftServerImpl.java:<init>(195)) - 976467f4-c66a-4ccc-8167-891a23ca4537: new RaftServerImpl for group-73C734729954:[31d5b2a7-dd00-41c8-9482-fa5c506864d0|rpc:10.1.0.244:38699|priority:0|startupRole:FOLLOWER, 976467f4-c66a-4ccc-8167-891a23ca4537|rpc:10.1.0.244:37157|priority:1|startupRole:FOLLOWER, ec4ff2c3-aedb-4237-8f96-8aa5e66a28ee|rpc:10.1.0.244:40923|priority:0|startupRole:FOLLOWER] with ContainerStateMachine:uninitialized
2022-11-08 06:31:57,684 [pool-95-thread-1] INFO  server.RaftServerConfigKeys (ConfUtils.java:logGet(46)) - raft.server.rpc.timeout.min = 5s (custom)
2022-11-08 06:31:57,684 [pool-95-thread-1] INFO  server.RaftServerConfigKeys (ConfUtils.java:logGet(46)) - raft.server.rpc.timeout.max = 5200ms (custom)
2022-11-08 06:31:57,684 [pool-95-thread-1] INFO  server.RaftServerConfigKeys (ConfUtils.java:logGet(46)) - raft.server.rpc.sleep.time = 25ms (default)
2022-11-08 06:31:57,684 [pool-95-thread-1] INFO  server.RaftServerConfigKeys (ConfUtils.java:logGet(46)) - raft.server.rpc.slowness.timeout = 300s (custom)
2022-11-08 06:31:57,684 [pool-95-thread-1] INFO  server.RaftServerConfigKeys (ConfUtils.java:logGet(46)) - raft.server.leaderelection.leader.step-down.wait-time = 10s (default)
2022-11-08 06:31:57,684 [pool-95-thread-1] INFO  server.RaftServerConfigKeys (ConfUtils.java:logGet(46)) - raft.server.sleep.deviation.threshold = 300ms (default)
2022-11-08 06:31:57,685 [pool-95-thread-1] INFO  server.RaftServer$Division (ServerState.java:<init>(118)) - 976467f4-c66a-4ccc-8167-891a23ca4537@group-73C734729954: ConfigurationManager, init=-1: peers:[31d5b2a7-dd00-41c8-9482-fa5c506864d0|rpc:10.1.0.244:38699|priority:0|startupRole:FOLLOWER, 976467f4-c66a-4ccc-8167-891a23ca4537|rpc:10.1.0.244:37157|priority:1|startupRole:FOLLOWER, ec4ff2c3-aedb-4237-8f96-8aa5e66a28ee|rpc:10.1.0.244:40923|priority:0|startupRole:FOLLOWER]|listeners:[], old=null, confs=<EMPTY_MAP>
2022-11-08 06:31:57,685 [pool-95-thread-1] INFO  server.RaftServerConfigKeys (ConfUtils.java:logGet(46)) - raft.server.storage.dir = [/home/runner/work/ozone/ozone/hadoop-ozone/integration-test/target/test-dir/MiniOzoneClusterImpl-c53ae64f-4849-40e6-a4d6-552e28141f22/datanode-1/data/ratis] (custom)
2022-11-08 06:31:57,685 [pool-95-thread-1] INFO  server.RaftServerConfigKeys (ConfUtils.java:logGet(46)) - raft.server.log.corruption.policy = EXCEPTION (default)
2022-11-08 06:31:57,685 [pool-95-thread-1] INFO  server.RaftServerConfigKeys (ConfUtils.java:logGet(46)) - raft.server.storage.free-space.min = 0MB (=0) (default)
2022-11-08 06:31:57,685 [pool-95-thread-1] INFO  server.RaftServerConfigKeys (ConfUtils.java:logGet(46)) - raft.server.notification.no-leader.timeout = 300s (custom)
2022-11-08 06:31:57,685 [pool-95-thread-1] INFO  server.RaftServerConfigKeys (ConfUtils.java:logGet(46)) - raft.server.retrycache.expirytime = 600000ms (custom)
2022-11-08 06:31:57,685 [pool-95-thread-1] INFO  server.RaftServerConfigKeys (ConfUtils.java:logGet(46)) - raft.server.retrycache.statistics.expirytime = 100μs (default)
2022-11-08 06:31:57,687 [pool-95-thread-1] INFO  server.RaftServerConfigKeys (ConfUtils.java:logGet(46)) - raft.server.log.appender.install.snapshot.enabled = false (custom)
2022-11-08 06:31:57,687 [pool-95-thread-1] INFO  server.RaftServerConfigKeys (ConfUtils.java:logGet(46)) - raft.server.threadpool.server.cached = true (default)
2022-11-08 06:31:57,687 [pool-95-thread-1] INFO  server.RaftServerConfigKeys (ConfUtils.java:logGet(46)) - raft.server.threadpool.server.size = 0 (default)
2022-11-08 06:31:57,687 [pool-95-thread-1] INFO  server.RaftServerConfigKeys (ConfUtils.java:logGet(46)) - raft.server.threadpool.client.cached = true (default)
2022-11-08 06:31:57,687 [pool-95-thread-1] INFO  server.RaftServerConfigKeys (ConfUtils.java:logGet(46)) - raft.server.threadpool.client.size = 0 (default)
2022-11-08 06:31:57,687 [pool-95-thread-1] INFO  storage.RaftStorageDirectory (RaftStorageDirectoryImpl.java:analyzeStorage(137)) - The storage directory /home/runner/work/ozone/ozone/hadoop-ozone/integration-test/target/test-dir/MiniOzoneClusterImpl-c53ae64f-4849-40e6-a4d6-552e28141f22/datanode-1/data/ratis/657ca416-48e4-4e40-9c25-73c734729954 does not exist. Creating ...
2022-11-08 06:31:57,689 [pool-95-thread-1] INFO  storage.RaftStorageDirectory (RaftStorageDirectoryImpl.java:tryLock(231)) - Lock on /home/runner/work/ozone/ozone/hadoop-ozone/integration-test/target/test-dir/MiniOzoneClusterImpl-c53ae64f-4849-40e6-a4d6-552e28141f22/datanode-1/data/ratis/657ca416-48e4-4e40-9c25-73c734729954/in_use.lock acquired by nodename 12075@fv-az220-111
2022-11-08 06:31:57,690 [pool-95-thread-1] INFO  storage.RaftStorage (RaftStorageImpl.java:format(96)) - Storage directory /home/runner/work/ozone/ozone/hadoop-ozone/integration-test/target/test-dir/MiniOzoneClusterImpl-c53ae64f-4849-40e6-a4d6-552e28141f22/datanode-1/data/ratis/657ca416-48e4-4e40-9c25-73c734729954 has been successfully formatted.
2022-11-08 06:31:57,691 [pool-95-thread-1] INFO  ratis.ContainerStateMachine (ContainerStateMachine.java:loadSnapshot(236)) - group-73C734729954: The snapshot info is null. Setting the last applied indexto:(t:0, i:~)
2022-11-08 06:31:57,691 [pool-95-thread-1] INFO  server.RaftServerConfigKeys (ConfUtils.java:logGet(46)) - raft.server.log.use.memory = false (default)
2022-11-08 06:31:57,692 [pool-95-thread-1] INFO  server.RaftServerConfigKeys (ConfUtils.java:logGet(46)) - raft.server.log.purge.gap = 1000000 (custom)
2022-11-08 06:31:57,692 [pool-95-thread-1] INFO  server.RaftServerConfigKeys (ConfUtils.java:logGet(46)) - raft.server.log.appender.buffer.byte-limit = 33554432 (custom)
2022-11-08 06:31:57,692 [pool-95-thread-1] INFO  server.RaftServerConfigKeys (ConfUtils.java:logGet(46)) - raft.server.log.statemachine.data.read.timeout = 1000ms (default)
2022-11-08 06:31:57,692 [pool-95-thread-1] INFO  server.RaftServerConfigKeys (ConfUtils.java:logGet(46)) - raft.server.log.purge.preservation.log.num = 0 (default)
2022-11-08 06:31:57,692 [pool-95-thread-1] INFO  server.RaftServerConfigKeys (ConfUtils.java:logGet(46)) - raft.server.log.segment.size.max = 1048576 (custom)
2022-11-08 06:31:57,693 [pool-95-thread-1] INFO  server.RaftServerConfigKeys (ConfUtils.java:logGet(46)) - raft.server.log.segment.cache.num.max = 2 (custom)
2022-11-08 06:31:57,693 [pool-95-thread-1] INFO  server.RaftServerConfigKeys (ConfUtils.java:logGet(46)) - raft.server.log.segment.cache.size.max = 200MB (=209715200) (default)
2022-11-08 06:31:57,693 [pool-95-thread-1] INFO  segmented.SegmentedRaftLogWorker (SegmentedRaftLogWorker.java:<init>(191)) - new 976467f4-c66a-4ccc-8167-891a23ca4537@group-73C734729954-SegmentedRaftLogWorker for RaftStorageImpl:Storage Directory /home/runner/work/ozone/ozone/hadoop-ozone/integration-test/target/test-dir/MiniOzoneClusterImpl-c53ae64f-4849-40e6-a4d6-552e28141f22/datanode-1/data/ratis/657ca416-48e4-4e40-9c25-73c734729954
2022-11-08 06:31:57,693 [pool-95-thread-1] INFO  server.RaftServerConfigKeys (ConfUtils.java:logGet(46)) - raft.server.log.queue.byte-limit = 4294967296 (custom)
2022-11-08 06:31:57,693 [pool-95-thread-1] INFO  server.RaftServerConfigKeys (ConfUtils.java:logGet(46)) - raft.server.log.queue.element-limit = 1024 (custom)
2022-11-08 06:31:57,693 [pool-95-thread-1] INFO  server.RaftServerConfigKeys (ConfUtils.java:logGet(46)) - raft.server.log.segment.size.max = 1048576 (custom)
2022-11-08 06:31:57,693 [pool-95-thread-1] INFO  server.RaftServerConfigKeys (ConfUtils.java:logGet(46)) - raft.server.log.preallocated.size = 16384 (custom)
2022-11-08 06:31:57,694 [pool-95-thread-1] INFO  server.RaftServerConfigKeys (ConfUtils.java:logGet(46)) - raft.server.log.force.sync.num = 128 (default)
2022-11-08 06:31:57,694 [pool-95-thread-1] INFO  server.RaftServerConfigKeys (ConfUtils.java:logGet(46)) - raft.server.log.statemachine.data.sync = true (default)
2022-11-08 06:31:57,694 [pool-95-thread-1] INFO  server.RaftServerConfigKeys (ConfUtils.java:logGet(46)) - raft.server.log.statemachine.data.sync.timeout = 10s (default)
2022-11-08 06:31:57,694 [pool-95-thread-1] INFO  server.RaftServerConfigKeys (ConfUtils.java:logGet(46)) - raft.server.log.statemachine.data.sync.timeout.retry = -1 (default)
2022-11-08 06:31:57,702 [pool-95-thread-1] INFO  server.RaftServerConfigKeys (ConfUtils.java:logGet(46)) - raft.server.log.write.buffer.size = 1048576 (custom)
2022-11-08 06:31:57,702 [pool-95-thread-1] INFO  server.RaftServerConfigKeys (ConfUtils.java:logGet(46)) - raft.server.log.unsafe-flush.enabled = false (default)
2022-11-08 06:31:57,702 [pool-95-thread-1] INFO  server.RaftServerConfigKeys (ConfUtils.java:logGet(46)) - raft.server.log.async-flush.enabled = false (default)
2022-11-08 06:31:57,702 [pool-95-thread-1] INFO  server.RaftServerConfigKeys (ConfUtils.java:logGet(46)) - raft.server.log.statemachine.data.caching.enabled = true (custom)
2022-11-08 06:31:57,702 [pool-95-thread-1] INFO  segmented.SegmentedRaftLogWorker (SegmentedRaftLogWorker.java:lambda$new$0(136)) - 976467f4-c66a-4ccc-8167-891a23ca4537@group-73C734729954-SegmentedRaftLogWorker: flushIndex: setUnconditionally 0 -> -1
2022-11-08 06:31:57,702 [pool-95-thread-1] INFO  segmented.SegmentedRaftLogWorker (SegmentedRaftLogWorker.java:lambda$new$0(136)) - 976467f4-c66a-4ccc-8167-891a23ca4537@group-73C734729954-SegmentedRaftLogWorker: safeCacheEvictIndex: setUnconditionally 0 -> -1
2022-11-08 06:31:57,703 [EventQueue-OpenPipelineForHealthyPipelineSafeModeRule] INFO  safemode.SCMSafeModeManager (HealthyPipelineSafeModeRule.java:process(137)) - SCM in safe mode. Healthy pipelines reported count is 0, required healthy pipeline reported count is 1
2022-11-08 06:31:57,704 [pool-95-thread-1] INFO  server.RaftServer$Division (RaftServerImpl.java:start(334)) - 976467f4-c66a-4ccc-8167-891a23ca4537@group-73C734729954: start as a follower, conf=-1: peers:[31d5b2a7-dd00-41c8-9482-fa5c506864d0|rpc:10.1.0.244:38699|priority:0|startupRole:FOLLOWER, 976467f4-c66a-4ccc-8167-891a23ca4537|rpc:10.1.0.244:37157|priority:1|startupRole:FOLLOWER, ec4ff2c3-aedb-4237-8f96-8aa5e66a28ee|rpc:10.1.0.244:40923|priority:0|startupRole:FOLLOWER]|listeners:[], old=null
2022-11-08 06:31:57,729 [pool-95-thread-1] INFO  server.RaftServer$Division (RaftServerImpl.java:setRole(321)) - 976467f4-c66a-4ccc-8167-891a23ca4537@group-73C734729954: changes role from      null to FOLLOWER at term 0 for startAsFollower
2022-11-08 06:31:57,729 [pool-95-thread-1] INFO  impl.RoleInfo (RoleInfo.java:updateAndGet(139)) - 976467f4-c66a-4ccc-8167-891a23ca4537: start 976467f4-c66a-4ccc-8167-891a23ca4537@group-73C734729954-FollowerState
2022-11-08 06:31:57,736 [pool-95-thread-1] INFO  util.JmxRegister (JmxRegister.java:tryRegister(44)) - Successfully registered JMX Bean with object name Ratis:service=RaftServer,group=group-73C734729954,id=976467f4-c66a-4ccc-8167-891a23ca4537
2022-11-08 06:31:57,736 [pool-95-thread-1] INFO  server.RaftServerConfigKeys (ConfUtils.java:logGet(46)) - raft.server.snapshot.auto.trigger.enabled = true (custom)
2022-11-08 06:31:57,736 [pool-95-thread-1] INFO  server.RaftServerConfigKeys (ConfUtils.java:logGet(46)) - raft.server.snapshot.auto.trigger.threshold = 10000 (custom)
2022-11-08 06:31:57,736 [pool-95-thread-1] INFO  server.RaftServerConfigKeys (ConfUtils.java:logGet(46)) - raft.server.snapshot.retention.file.num = 5 (custom)
2022-11-08 06:31:57,736 [pool-95-thread-1] INFO  server.RaftServerConfigKeys (ConfUtils.java:logGet(46)) - raft.server.log.purge.upto.snapshot.index = false (default)
2022-11-08 06:31:57,737 [976467f4-c66a-4ccc-8167-891a23ca4537@group-73C734729954-FollowerState] INFO  server.RaftServerConfigKeys (ConfUtils.java:logFallback(53)) - raft.server.rpc.first-election.timeout.min = 5s (fallback to raft.server.rpc.timeout.min)
2022-11-08 06:31:57,737 [976467f4-c66a-4ccc-8167-891a23ca4537@group-73C734729954-FollowerState] INFO  server.RaftServerConfigKeys (ConfUtils.java:logFallback(53)) - raft.server.rpc.first-election.timeout.max = 5200ms (fallback to raft.server.rpc.timeout.max)
2022-11-08 06:31:57,737 [Command processor thread] INFO  ratis.XceiverServerRatis (XceiverServerRatis.java:addGroup(765)) - Created group PipelineID=657ca416-48e4-4e40-9c25-73c734729954
2022-11-08 06:31:57,930 [grpc-default-executor-0] INFO  server.RaftServer (RaftServerProxy.java:addNew(96)) - 31d5b2a7-dd00-41c8-9482-fa5c506864d0: addNew group-73C734729954:[31d5b2a7-dd00-41c8-9482-fa5c506864d0|rpc:10.1.0.244:38699|dataStream:|priority:0|startupRole:FOLLOWER, 976467f4-c66a-4ccc-8167-891a23ca4537|rpc:10.1.0.244:37157|dataStream:|priority:1|startupRole:FOLLOWER, ec4ff2c3-aedb-4237-8f96-8aa5e66a28ee|rpc:10.1.0.244:40923|dataStream:|priority:0|startupRole:FOLLOWER] returns group-73C734729954:java.util.concurrent.CompletableFuture@3e9b23b6[Not completed]
2022-11-08 06:31:57,942 [pool-118-thread-1] INFO  server.RaftServer$Division (RaftServerImpl.java:<init>(195)) - 31d5b2a7-dd00-41c8-9482-fa5c506864d0: new RaftServerImpl for group-73C734729954:[31d5b2a7-dd00-41c8-9482-fa5c506864d0|rpc:10.1.0.244:38699|dataStream:|priority:0|startupRole:FOLLOWER, 976467f4-c66a-4ccc-8167-891a23ca4537|rpc:10.1.0.244:37157|dataStream:|priority:1|startupRole:FOLLOWER, ec4ff2c3-aedb-4237-8f96-8aa5e66a28ee|rpc:10.1.0.244:40923|dataStream:|priority:0|startupRole:FOLLOWER] with ContainerStateMachine:uninitialized
2022-11-08 06:31:57,942 [pool-118-thread-1] INFO  server.RaftServerConfigKeys (ConfUtils.java:logGet(46)) - raft.server.rpc.timeout.min = 5s (custom)
2022-11-08 06:31:57,942 [pool-118-thread-1] INFO  server.RaftServerConfigKeys (ConfUtils.java:logGet(46)) - raft.server.rpc.timeout.max = 5200ms (custom)
2022-11-08 06:31:57,942 [pool-118-thread-1] INFO  server.RaftServerConfigKeys (ConfUtils.java:logGet(46)) - raft.server.rpc.sleep.time = 25ms (default)
2022-11-08 06:31:57,943 [pool-118-thread-1] INFO  server.RaftServerConfigKeys (ConfUtils.java:logGet(46)) - raft.server.rpc.slowness.timeout = 300s (custom)
2022-11-08 06:31:57,943 [pool-118-thread-1] INFO  server.RaftServerConfigKeys (ConfUtils.java:logGet(46)) - raft.server.leaderelection.leader.step-down.wait-time = 10s (default)
2022-11-08 06:31:57,943 [pool-118-thread-1] INFO  server.RaftServerConfigKeys (ConfUtils.java:logGet(46)) - raft.server.sleep.deviation.threshold = 300ms (default)
2022-11-08 06:31:57,943 [pool-118-thread-1] INFO  server.RaftServer$Division (ServerState.java:<init>(118)) - 31d5b2a7-dd00-41c8-9482-fa5c506864d0@group-73C734729954: ConfigurationManager, init=-1: peers:[31d5b2a7-dd00-41c8-9482-fa5c506864d0|rpc:10.1.0.244:38699|dataStream:|priority:0|startupRole:FOLLOWER, 976467f4-c66a-4ccc-8167-891a23ca4537|rpc:10.1.0.244:37157|dataStream:|priority:1|startupRole:FOLLOWER, ec4ff2c3-aedb-4237-8f96-8aa5e66a28ee|rpc:10.1.0.244:40923|dataStream:|priority:0|startupRole:FOLLOWER]|listeners:[], old=null, confs=<EMPTY_MAP>
2022-11-08 06:31:57,945 [pool-118-thread-1] INFO  server.RaftServerConfigKeys (ConfUtils.java:logGet(46)) - raft.server.storage.dir = [/home/runner/work/ozone/ozone/hadoop-ozone/integration-test/target/test-dir/MiniOzoneClusterImpl-c53ae64f-4849-40e6-a4d6-552e28141f22/datanode-2/data/ratis] (custom)
2022-11-08 06:31:57,945 [pool-118-thread-1] INFO  server.RaftServerConfigKeys (ConfUtils.java:logGet(46)) - raft.server.log.corruption.policy = EXCEPTION (default)
2022-11-08 06:31:57,945 [pool-118-thread-1] INFO  server.RaftServerConfigKeys (ConfUtils.java:logGet(46)) - raft.server.storage.free-space.min = 0MB (=0) (default)
2022-11-08 06:31:57,945 [pool-118-thread-1] INFO  server.RaftServerConfigKeys (ConfUtils.java:logGet(46)) - raft.server.notification.no-leader.timeout = 300s (custom)
2022-11-08 06:31:57,946 [pool-118-thread-1] INFO  server.RaftServerConfigKeys (ConfUtils.java:logGet(46)) - raft.server.retrycache.expirytime = 600000ms (custom)
2022-11-08 06:31:57,946 [pool-118-thread-1] INFO  server.RaftServerConfigKeys (ConfUtils.java:logGet(46)) - raft.server.retrycache.statistics.expirytime = 100μs (default)
2022-11-08 06:31:57,954 [Command processor thread] INFO  server.RaftServer (RaftServerProxy.java:addNew(96)) - 31d5b2a7-dd00-41c8-9482-fa5c506864d0: addNew group-12B37F794426:[31d5b2a7-dd00-41c8-9482-fa5c506864d0|rpc:10.1.0.244:38699|priority:1|startupRole:FOLLOWER] returns group-12B37F794426:java.util.concurrent.CompletableFuture@2124248a[Not completed]
2022-11-08 06:31:57,955 [Command processor thread] INFO  commandhandler.CreatePipelineCommandHandler (CreatePipelineCommandHandler.java:handle(113)) - Created Pipeline RATIS THREE PipelineID=657ca416-48e4-4e40-9c25-73c734729954.
2022-11-08 06:31:57,955 [Command processor thread] INFO  server.RaftServer (RaftServerProxy.java:addNew(96)) - 976467f4-c66a-4ccc-8167-891a23ca4537: addNew group-F6E9697080AB:[31d5b2a7-dd00-41c8-9482-fa5c506864d0|rpc:10.1.0.244:38699|priority:0|startupRole:FOLLOWER, 976467f4-c66a-4ccc-8167-891a23ca4537|rpc:10.1.0.244:37157|priority:0|startupRole:FOLLOWER, ec4ff2c3-aedb-4237-8f96-8aa5e66a28ee|rpc:10.1.0.244:40923|priority:1|startupRole:FOLLOWER] returns group-F6E9697080AB:java.util.concurrent.CompletableFuture@4f0663ed[Not completed]
2022-11-08 06:31:57,956 [pool-95-thread-1] INFO  server.RaftServer$Division (RaftServerImpl.java:<init>(195)) - 976467f4-c66a-4ccc-8167-891a23ca4537: new RaftServerImpl for group-F6E9697080AB:[31d5b2a7-dd00-41c8-9482-fa5c506864d0|rpc:10.1.0.244:38699|priority:0|startupRole:FOLLOWER, 976467f4-c66a-4ccc-8167-891a23ca4537|rpc:10.1.0.244:37157|priority:0|startupRole:FOLLOWER, ec4ff2c3-aedb-4237-8f96-8aa5e66a28ee|rpc:10.1.0.244:40923|priority:1|startupRole:FOLLOWER] with ContainerStateMachine:uninitialized
2022-11-08 06:31:57,956 [pool-95-thread-1] INFO  server.RaftServerConfigKeys (ConfUtils.java:logGet(46)) - raft.server.rpc.timeout.min = 5s (custom)
2022-11-08 06:31:57,957 [pool-95-thread-1] INFO  server.RaftServerConfigKeys (ConfUtils.java:logGet(46)) - raft.server.rpc.timeout.max = 5200ms (custom)
2022-11-08 06:31:57,957 [pool-95-thread-1] INFO  server.RaftServerConfigKeys (ConfUtils.java:logGet(46)) - raft.server.rpc.sleep.time = 25ms (default)
2022-11-08 06:31:57,957 [pool-95-thread-1] INFO  server.RaftServerConfigKeys (ConfUtils.java:logGet(46)) - raft.server.rpc.slowness.timeout = 300s (custom)
2022-11-08 06:31:57,957 [pool-95-thread-1] INFO  server.RaftServerConfigKeys (ConfUtils.java:logGet(46)) - raft.server.leaderelection.leader.step-down.wait-time = 10s (default)
2022-11-08 06:31:57,957 [pool-95-thread-1] INFO  server.RaftServerConfigKeys (ConfUtils.java:logGet(46)) - raft.server.sleep.deviation.threshold = 300ms (default)
2022-11-08 06:31:57,957 [pool-95-thread-1] INFO  server.RaftServer$Division (ServerState.java:<init>(118)) - 976467f4-c66a-4ccc-8167-891a23ca4537@group-F6E9697080AB: ConfigurationManager, init=-1: peers:[31d5b2a7-dd00-41c8-9482-fa5c506864d0|rpc:10.1.0.244:38699|priority:0|startupRole:FOLLOWER, 976467f4-c66a-4ccc-8167-891a23ca4537|rpc:10.1.0.244:37157|priority:0|startupRole:FOLLOWER, ec4ff2c3-aedb-4237-8f96-8aa5e66a28ee|rpc:10.1.0.244:40923|priority:1|startupRole:FOLLOWER]|listeners:[], old=null, confs=<EMPTY_MAP>
2022-11-08 06:31:57,957 [pool-95-thread-1] INFO  server.RaftServerConfigKeys (ConfUtils.java:logGet(46)) - raft.server.storage.dir = [/home/runner/work/ozone/ozone/hadoop-ozone/integration-test/target/test-dir/MiniOzoneClusterImpl-c53ae64f-4849-40e6-a4d6-552e28141f22/datanode-1/data/ratis] (custom)
2022-11-08 06:31:57,958 [pool-118-thread-1] INFO  server.RaftServerConfigKeys (ConfUtils.java:logGet(46)) - raft.server.log.appender.install.snapshot.enabled = false (custom)
2022-11-08 06:31:57,958 [pool-95-thread-1] INFO  server.RaftServerConfigKeys (ConfUtils.java:logGet(46)) - raft.server.log.corruption.policy = EXCEPTION (default)
2022-11-08 06:31:57,958 [pool-95-thread-1] INFO  server.RaftServerConfigKeys (ConfUtils.java:logGet(46)) - raft.server.storage.free-space.min = 0MB (=0) (default)
2022-11-08 06:31:57,958 [pool-95-thread-1] INFO  server.RaftServerConfigKeys (ConfUtils.java:logGet(46)) - raft.server.notification.no-leader.timeout = 300s (custom)
2022-11-08 06:31:57,959 [pool-95-thread-1] INFO  server.RaftServerConfigKeys (ConfUtils.java:logGet(46)) - raft.server.retrycache.expirytime = 600000ms (custom)
2022-11-08 06:31:57,959 [pool-95-thread-1] INFO  server.RaftServerConfigKeys (ConfUtils.java:logGet(46)) - raft.server.retrycache.statistics.expirytime = 100μs (default)
2022-11-08 06:31:57,958 [pool-118-thread-1] INFO  server.RaftServerConfigKeys (ConfUtils.java:logGet(46)) - raft.server.threadpool.server.cached = true (default)
2022-11-08 06:31:57,959 [pool-118-thread-1] INFO  server.RaftServerConfigKeys (ConfUtils.java:logGet(46)) - raft.server.threadpool.server.size = 0 (default)
2022-11-08 06:31:57,959 [pool-118-thread-1] INFO  server.RaftServerConfigKeys (ConfUtils.java:logGet(46)) - raft.server.threadpool.client.cached = true (default)
2022-11-08 06:31:57,959 [pool-118-thread-1] INFO  server.RaftServerConfigKeys (ConfUtils.java:logGet(46)) - raft.server.threadpool.client.size = 0 (default)
2022-11-08 06:31:57,960 [pool-118-thread-1] INFO  server.RaftServer$Division (RaftServerImpl.java:<init>(195)) - 31d5b2a7-dd00-41c8-9482-fa5c506864d0: new RaftServerImpl for group-12B37F794426:[31d5b2a7-dd00-41c8-9482-fa5c506864d0|rpc:10.1.0.244:38699|priority:1|startupRole:FOLLOWER] with ContainerStateMachine:uninitialized
2022-11-08 06:31:57,961 [pool-118-thread-1] INFO  server.RaftServerConfigKeys (ConfUtils.java:logGet(46)) - raft.server.rpc.timeout.min = 5s (custom)
2022-11-08 06:31:57,961 [pool-118-thread-1] INFO  server.RaftServerConfigKeys (ConfUtils.java:logGet(46)) - raft.server.rpc.timeout.max = 5200ms (custom)
2022-11-08 06:31:57,961 [pool-118-thread-1] INFO  server.RaftServerConfigKeys (ConfUtils.java:logGet(46)) - raft.server.rpc.sleep.time = 25ms (default)
2022-11-08 06:31:57,961 [pool-118-thread-1] INFO  server.RaftServerConfigKeys (ConfUtils.java:logGet(46)) - raft.server.rpc.slowness.timeout = 300s (custom)
2022-11-08 06:31:57,961 [pool-118-thread-1] INFO  server.RaftServerConfigKeys (ConfUtils.java:logGet(46)) - raft.server.leaderelection.leader.step-down.wait-time = 10s (default)
2022-11-08 06:31:57,961 [pool-118-thread-1] INFO  server.RaftServerConfigKeys (ConfUtils.java:logGet(46)) - raft.server.sleep.deviation.threshold = 300ms (default)
2022-11-08 06:31:57,962 [pool-118-thread-1] INFO  server.RaftServer$Division (ServerState.java:<init>(118)) - 31d5b2a7-dd00-41c8-9482-fa5c506864d0@group-12B37F794426: ConfigurationManager, init=-1: peers:[31d5b2a7-dd00-41c8-9482-fa5c506864d0|rpc:10.1.0.244:38699|priority:1|startupRole:FOLLOWER]|listeners:[], old=null, confs=<EMPTY_MAP>
2022-11-08 06:31:57,962 [pool-118-thread-1] INFO  server.RaftServerConfigKeys (ConfUtils.java:logGet(46)) - raft.server.storage.dir = [/home/runner/work/ozone/ozone/hadoop-ozone/integration-test/target/test-dir/MiniOzoneClusterImpl-c53ae64f-4849-40e6-a4d6-552e28141f22/datanode-2/data/ratis] (custom)
2022-11-08 06:31:57,962 [pool-118-thread-1] INFO  server.RaftServerConfigKeys (ConfUtils.java:logGet(46)) - raft.server.log.corruption.policy = EXCEPTION (default)
2022-11-08 06:31:57,962 [pool-118-thread-1] INFO  server.RaftServerConfigKeys (ConfUtils.java:logGet(46)) - raft.server.storage.free-space.min = 0MB (=0) (default)
2022-11-08 06:31:57,962 [pool-118-thread-1] INFO  server.RaftServerConfigKeys (ConfUtils.java:logGet(46)) - raft.server.notification.no-leader.timeout = 300s (custom)
2022-11-08 06:31:57,962 [pool-118-thread-1] INFO  server.RaftServerConfigKeys (ConfUtils.java:logGet(46)) - raft.server.retrycache.expirytime = 600000ms (custom)
2022-11-08 06:31:57,962 [pool-118-thread-1] INFO  server.RaftServerConfigKeys (ConfUtils.java:logGet(46)) - raft.server.retrycache.statistics.expirytime = 100μs (default)
2022-11-08 06:31:57,961 [pool-95-thread-1] INFO  server.RaftServerConfigKeys (ConfUtils.java:logGet(46)) - raft.server.log.appender.install.snapshot.enabled = false (custom)
2022-11-08 06:31:57,963 [pool-95-thread-1] INFO  server.RaftServerConfigKeys (ConfUtils.java:logGet(46)) - raft.server.threadpool.server.cached = true (default)
2022-11-08 06:31:57,963 [pool-95-thread-1] INFO  server.RaftServerConfigKeys (ConfUtils.java:logGet(46)) - raft.server.threadpool.server.size = 0 (default)
2022-11-08 06:31:57,963 [pool-95-thread-1] INFO  server.RaftServerConfigKeys (ConfUtils.java:logGet(46)) - raft.server.threadpool.client.cached = true (default)
2022-11-08 06:31:57,963 [pool-95-thread-1] INFO  server.RaftServerConfigKeys (ConfUtils.java:logGet(46)) - raft.server.threadpool.client.size = 0 (default)
2022-11-08 06:31:57,963 [pool-95-thread-1] INFO  storage.RaftStorageDirectory (RaftStorageDirectoryImpl.java:analyzeStorage(137)) - The storage directory /home/runner/work/ozone/ozone/hadoop-ozone/integration-test/target/test-dir/MiniOzoneClusterImpl-c53ae64f-4849-40e6-a4d6-552e28141f22/datanode-1/data/ratis/e0898281-40f4-4d8c-9eb1-f6e9697080ab does not exist. Creating ...
2022-11-08 06:31:57,964 [pool-118-thread-1] INFO  server.RaftServerConfigKeys (ConfUtils.java:logGet(46)) - raft.server.log.appender.install.snapshot.enabled = false (custom)
2022-11-08 06:31:57,964 [pool-118-thread-1] INFO  server.RaftServerConfigKeys (ConfUtils.java:logGet(46)) - raft.server.threadpool.server.cached = true (default)
2022-11-08 06:31:57,964 [pool-118-thread-1] INFO  server.RaftServerConfigKeys (ConfUtils.java:logGet(46)) - raft.server.threadpool.server.size = 0 (default)
2022-11-08 06:31:57,964 [pool-118-thread-1] INFO  server.RaftServerConfigKeys (ConfUtils.java:logGet(46)) - raft.server.threadpool.client.cached = true (default)
2022-11-08 06:31:57,964 [pool-118-thread-1] INFO  server.RaftServerConfigKeys (ConfUtils.java:logGet(46)) - raft.server.threadpool.client.size = 0 (default)
2022-11-08 06:31:57,964 [pool-118-thread-1] INFO  storage.RaftStorageDirectory (RaftStorageDirectoryImpl.java:analyzeStorage(137)) - The storage directory /home/runner/work/ozone/ozone/hadoop-ozone/integration-test/target/test-dir/MiniOzoneClusterImpl-c53ae64f-4849-40e6-a4d6-552e28141f22/datanode-2/data/ratis/657ca416-48e4-4e40-9c25-73c734729954 does not exist. Creating ...
2022-11-08 06:31:57,966 [pool-95-thread-1] INFO  storage.RaftStorageDirectory (RaftStorageDirectoryImpl.java:tryLock(231)) - Lock on /home/runner/work/ozone/ozone/hadoop-ozone/integration-test/target/test-dir/MiniOzoneClusterImpl-c53ae64f-4849-40e6-a4d6-552e28141f22/datanode-1/data/ratis/e0898281-40f4-4d8c-9eb1-f6e9697080ab/in_use.lock acquired by nodename 12075@fv-az220-111
2022-11-08 06:31:57,967 [pool-118-thread-1] INFO  storage.RaftStorageDirectory (RaftStorageDirectoryImpl.java:tryLock(231)) - Lock on /home/runner/work/ozone/ozone/hadoop-ozone/integration-test/target/test-dir/MiniOzoneClusterImpl-c53ae64f-4849-40e6-a4d6-552e28141f22/datanode-2/data/ratis/657ca416-48e4-4e40-9c25-73c734729954/in_use.lock acquired by nodename 12075@fv-az220-111
2022-11-08 06:31:57,967 [pool-95-thread-1] INFO  storage.RaftStorage (RaftStorageImpl.java:format(96)) - Storage directory /home/runner/work/ozone/ozone/hadoop-ozone/integration-test/target/test-dir/MiniOzoneClusterImpl-c53ae64f-4849-40e6-a4d6-552e28141f22/datanode-1/data/ratis/e0898281-40f4-4d8c-9eb1-f6e9697080ab has been successfully formatted.
2022-11-08 06:31:57,968 [pool-95-thread-1] INFO  ratis.ContainerStateMachine (ContainerStateMachine.java:loadSnapshot(236)) - group-F6E9697080AB: The snapshot info is null. Setting the last applied indexto:(t:0, i:~)
2022-11-08 06:31:57,968 [pool-95-thread-1] INFO  server.RaftServerConfigKeys (ConfUtils.java:logGet(46)) - raft.server.log.use.memory = false (default)
2022-11-08 06:31:57,968 [pool-95-thread-1] INFO  server.RaftServerConfigKeys (ConfUtils.java:logGet(46)) - raft.server.log.purge.gap = 1000000 (custom)
2022-11-08 06:31:57,968 [pool-95-thread-1] INFO  server.RaftServerConfigKeys (ConfUtils.java:logGet(46)) - raft.server.log.appender.buffer.byte-limit = 33554432 (custom)
2022-11-08 06:31:57,968 [pool-95-thread-1] INFO  server.RaftServerConfigKeys (ConfUtils.java:logGet(46)) - raft.server.log.statemachine.data.read.timeout = 1000ms (default)
2022-11-08 06:31:57,968 [pool-95-thread-1] INFO  server.RaftServerConfigKeys (ConfUtils.java:logGet(46)) - raft.server.log.purge.preservation.log.num = 0 (default)
2022-11-08 06:31:57,968 [pool-95-thread-1] INFO  server.RaftServerConfigKeys (ConfUtils.java:logGet(46)) - raft.server.log.segment.size.max = 1048576 (custom)
2022-11-08 06:31:57,971 [EventQueue-OpenPipelineForHealthyPipelineSafeModeRule] INFO  safemode.SCMSafeModeManager (HealthyPipelineSafeModeRule.java:process(137)) - SCM in safe mode. Healthy pipelines reported count is 0, required healthy pipeline reported count is 1
2022-11-08 06:31:57,972 [pool-95-thread-1] INFO  server.RaftServerConfigKeys (ConfUtils.java:logGet(46)) - raft.server.log.segment.cache.num.max = 2 (custom)
2022-11-08 06:31:57,972 [pool-95-thread-1] INFO  server.RaftServerConfigKeys (ConfUtils.java:logGet(46)) - raft.server.log.segment.cache.size.max = 200MB (=209715200) (default)
2022-11-08 06:31:57,972 [pool-95-thread-1] INFO  segmented.SegmentedRaftLogWorker (SegmentedRaftLogWorker.java:<init>(191)) - new 976467f4-c66a-4ccc-8167-891a23ca4537@group-F6E9697080AB-SegmentedRaftLogWorker for RaftStorageImpl:Storage Directory /home/runner/work/ozone/ozone/hadoop-ozone/integration-test/target/test-dir/MiniOzoneClusterImpl-c53ae64f-4849-40e6-a4d6-552e28141f22/datanode-1/data/ratis/e0898281-40f4-4d8c-9eb1-f6e9697080ab
2022-11-08 06:31:57,973 [pool-95-thread-1] INFO  server.RaftServerConfigKeys (ConfUtils.java:logGet(46)) - raft.server.log.queue.byte-limit = 4294967296 (custom)
2022-11-08 06:31:57,973 [pool-95-thread-1] INFO  server.RaftServerConfigKeys (ConfUtils.java:logGet(46)) - raft.server.log.queue.element-limit = 1024 (custom)
2022-11-08 06:31:57,973 [pool-95-thread-1] INFO  server.RaftServerConfigKeys (ConfUtils.java:logGet(46)) - raft.server.log.segment.size.max = 1048576 (custom)
2022-11-08 06:31:57,973 [pool-95-thread-1] INFO  server.RaftServerConfigKeys (ConfUtils.java:logGet(46)) - raft.server.log.preallocated.size = 16384 (custom)
2022-11-08 06:31:57,974 [pool-95-thread-1] INFO  server.RaftServerConfigKeys (ConfUtils.java:logGet(46)) - raft.server.log.force.sync.num = 128 (default)
2022-11-08 06:31:57,974 [pool-95-thread-1] INFO  server.RaftServerConfigKeys (ConfUtils.java:logGet(46)) - raft.server.log.statemachine.data.sync = true (default)
2022-11-08 06:31:57,974 [pool-95-thread-1] INFO  server.RaftServerConfigKeys (ConfUtils.java:logGet(46)) - raft.server.log.statemachine.data.sync.timeout = 10s (default)
2022-11-08 06:31:57,974 [pool-95-thread-1] INFO  server.RaftServerConfigKeys (ConfUtils.java:logGet(46)) - raft.server.log.statemachine.data.sync.timeout.retry = -1 (default)
2022-11-08 06:31:57,974 [pool-118-thread-1] INFO  storage.RaftStorage (RaftStorageImpl.java:format(96)) - Storage directory /home/runner/work/ozone/ozone/hadoop-ozone/integration-test/target/test-dir/MiniOzoneClusterImpl-c53ae64f-4849-40e6-a4d6-552e28141f22/datanode-2/data/ratis/657ca416-48e4-4e40-9c25-73c734729954 has been successfully formatted.
2022-11-08 06:31:57,975 [pool-118-thread-1] INFO  ratis.ContainerStateMachine (ContainerStateMachine.java:loadSnapshot(236)) - group-73C734729954: The snapshot info is null. Setting the last applied indexto:(t:0, i:~)
2022-11-08 06:31:57,975 [pool-118-thread-1] INFO  server.RaftServerConfigKeys (ConfUtils.java:logGet(46)) - raft.server.log.use.memory = false (default)
2022-11-08 06:31:57,975 [pool-118-thread-1] INFO  server.RaftServerConfigKeys (ConfUtils.java:logGet(46)) - raft.server.log.purge.gap = 1000000 (custom)
2022-11-08 06:31:57,975 [pool-118-thread-1] INFO  server.RaftServerConfigKeys (ConfUtils.java:logGet(46)) - raft.server.log.appender.buffer.byte-limit = 33554432 (custom)
2022-11-08 06:31:57,975 [pool-118-thread-1] INFO  server.RaftServerConfigKeys (ConfUtils.java:logGet(46)) - raft.server.log.statemachine.data.read.timeout = 1000ms (default)
2022-11-08 06:31:57,975 [pool-118-thread-1] INFO  server.RaftServerConfigKeys (ConfUtils.java:logGet(46)) - raft.server.log.purge.preservation.log.num = 0 (default)
2022-11-08 06:31:57,976 [pool-118-thread-1] INFO  server.RaftServerConfigKeys (ConfUtils.java:logGet(46)) - raft.server.log.segment.size.max = 1048576 (custom)
2022-11-08 06:31:57,977 [EventQueue-PipelineReportForPipelineReportHandler] INFO  pipeline.PipelineManagerImpl (PipelineManagerImpl.java:openPipeline(367)) - Pipeline Pipeline[ Id: 2f44df50-c276-49ee-ab0f-12b37f794426, Nodes: 31d5b2a7-dd00-41c8-9482-fa5c506864d0{ip: 10.1.0.244, host: fv-az220-111.shdwizndlbjulinwhzhdmup5sb.jx.internal.cloudapp.net, ports: [REPLICATION=38897, RATIS=38699, RATIS_ADMIN=38699, RATIS_SERVER=38699, STANDALONE=45835], networkLocation: /default-rack, certSerialId: null, persistedOpState: IN_SERVICE, persistedOpStateExpiryEpochSec: 0}, ReplicationConfig: RATIS/ONE, State:ALLOCATED, leaderId:31d5b2a7-dd00-41c8-9482-fa5c506864d0, CreationTimestamp2022-11-08T06:31:54.964Z[Etc/UTC]] moved to OPEN state
2022-11-08 06:31:57,978 [EventQueue-OpenPipelineForHealthyPipelineSafeModeRule] INFO  safemode.SCMSafeModeManager (HealthyPipelineSafeModeRule.java:process(137)) - SCM in safe mode. Healthy pipelines reported count is 0, required healthy pipeline reported count is 1
2022-11-08 06:31:57,980 [pool-118-thread-1] INFO  server.RaftServerConfigKeys (ConfUtils.java:logGet(46)) - raft.server.log.segment.cache.num.max = 2 (custom)
2022-11-08 06:31:57,981 [pool-118-thread-1] INFO  server.RaftServerConfigKeys (ConfUtils.java:logGet(46)) - raft.server.log.segment.cache.size.max = 200MB (=209715200) (default)
2022-11-08 06:31:57,981 [pool-118-thread-1] INFO  segmented.SegmentedRaftLogWorker (SegmentedRaftLogWorker.java:<init>(191)) - new 31d5b2a7-dd00-41c8-9482-fa5c506864d0@group-73C734729954-SegmentedRaftLogWorker for RaftStorageImpl:Storage Directory /home/runner/work/ozone/ozone/hadoop-ozone/integration-test/target/test-dir/MiniOzoneClusterImpl-c53ae64f-4849-40e6-a4d6-552e28141f22/datanode-2/data/ratis/657ca416-48e4-4e40-9c25-73c734729954
2022-11-08 06:31:57,982 [pool-118-thread-1] INFO  server.RaftServerConfigKeys (ConfUtils.java:logGet(46)) - raft.server.log.queue.byte-limit = 4294967296 (custom)
2022-11-08 06:31:57,982 [pool-118-thread-1] INFO  server.RaftServerConfigKeys (ConfUtils.java:logGet(46)) - raft.server.log.queue.element-limit = 1024 (custom)
2022-11-08 06:31:57,982 [pool-118-thread-1] INFO  server.RaftServerConfigKeys (ConfUtils.java:logGet(46)) - raft.server.log.segment.size.max = 1048576 (custom)
2022-11-08 06:31:57,982 [pool-118-thread-1] INFO  server.RaftServerConfigKeys (ConfUtils.java:logGet(46)) - raft.server.log.preallocated.size = 16384 (custom)
2022-11-08 06:31:57,982 [pool-118-thread-1] INFO  server.RaftServerConfigKeys (ConfUtils.java:logGet(46)) - raft.server.log.force.sync.num = 128 (default)
2022-11-08 06:31:57,982 [pool-118-thread-1] INFO  server.RaftServerConfigKeys (ConfUtils.java:logGet(46)) - raft.server.log.statemachine.data.sync = true (default)
2022-11-08 06:31:57,982 [pool-118-thread-1] INFO  server.RaftServerConfigKeys (ConfUtils.java:logGet(46)) - raft.server.log.statemachine.data.sync.timeout = 10s (default)
2022-11-08 06:31:57,982 [pool-118-thread-1] INFO  server.RaftServerConfigKeys (ConfUtils.java:logGet(46)) - raft.server.log.statemachine.data.sync.timeout.retry = -1 (default)
2022-11-08 06:31:57,983 [pool-118-thread-1] INFO  server.RaftServerConfigKeys (ConfUtils.java:logGet(46)) - raft.server.log.write.buffer.size = 1048576 (custom)
2022-11-08 06:31:57,983 [pool-118-thread-1] INFO  server.RaftServerConfigKeys (ConfUtils.java:logGet(46)) - raft.server.log.unsafe-flush.enabled = false (default)
2022-11-08 06:31:57,984 [pool-118-thread-1] INFO  server.RaftServerConfigKeys (ConfUtils.java:logGet(46)) - raft.server.log.async-flush.enabled = false (default)
2022-11-08 06:31:57,984 [pool-118-thread-1] INFO  server.RaftServerConfigKeys (ConfUtils.java:logGet(46)) - raft.server.log.statemachine.data.caching.enabled = true (custom)
2022-11-08 06:31:57,984 [pool-118-thread-1] INFO  segmented.SegmentedRaftLogWorker (SegmentedRaftLogWorker.java:lambda$new$0(136)) - 31d5b2a7-dd00-41c8-9482-fa5c506864d0@group-73C734729954-SegmentedRaftLogWorker: flushIndex: setUnconditionally 0 -> -1
2022-11-08 06:31:57,984 [pool-118-thread-1] INFO  segmented.SegmentedRaftLogWorker (SegmentedRaftLogWorker.java:lambda$new$0(136)) - 31d5b2a7-dd00-41c8-9482-fa5c506864d0@group-73C734729954-SegmentedRaftLogWorker: safeCacheEvictIndex: setUnconditionally 0 -> -1
2022-11-08 06:31:57,981 [pool-95-thread-1] INFO  server.RaftServerConfigKeys (ConfUtils.java:logGet(46)) - raft.server.log.write.buffer.size = 1048576 (custom)
2022-11-08 06:31:57,984 [pool-95-thread-1] INFO  server.RaftServerConfigKeys (ConfUtils.java:logGet(46)) - raft.server.log.unsafe-flush.enabled = false (default)
2022-11-08 06:31:57,984 [pool-95-thread-1] INFO  server.RaftServerConfigKeys (ConfUtils.java:logGet(46)) - raft.server.log.async-flush.enabled = false (default)
2022-11-08 06:31:57,984 [pool-95-thread-1] INFO  server.RaftServerConfigKeys (ConfUtils.java:logGet(46)) - raft.server.log.statemachine.data.caching.enabled = true (custom)
2022-11-08 06:31:57,985 [pool-95-thread-1] INFO  segmented.SegmentedRaftLogWorker (SegmentedRaftLogWorker.java:lambda$new$0(136)) - 976467f4-c66a-4ccc-8167-891a23ca4537@group-F6E9697080AB-SegmentedRaftLogWorker: flushIndex: setUnconditionally 0 -> -1
2022-11-08 06:31:57,985 [pool-95-thread-1] INFO  segmented.SegmentedRaftLogWorker (SegmentedRaftLogWorker.java:lambda$new$0(136)) - 976467f4-c66a-4ccc-8167-891a23ca4537@group-F6E9697080AB-SegmentedRaftLogWorker: safeCacheEvictIndex: setUnconditionally 0 -> -1
2022-11-08 06:31:57,988 [pool-118-thread-1] INFO  server.RaftServer$Division (RaftServerImpl.java:start(334)) - 31d5b2a7-dd00-41c8-9482-fa5c506864d0@group-73C734729954: start as a follower, conf=-1: peers:[31d5b2a7-dd00-41c8-9482-fa5c506864d0|rpc:10.1.0.244:38699|dataStream:|priority:0|startupRole:FOLLOWER, 976467f4-c66a-4ccc-8167-891a23ca4537|rpc:10.1.0.244:37157|dataStream:|priority:1|startupRole:FOLLOWER, ec4ff2c3-aedb-4237-8f96-8aa5e66a28ee|rpc:10.1.0.244:40923|dataStream:|priority:0|startupRole:FOLLOWER]|listeners:[], old=null
2022-11-08 06:31:57,989 [pool-118-thread-1] INFO  server.RaftServer$Division (RaftServerImpl.java:setRole(321)) - 31d5b2a7-dd00-41c8-9482-fa5c506864d0@group-73C734729954: changes role from      null to FOLLOWER at term 0 for startAsFollower
2022-11-08 06:31:57,989 [pool-95-thread-1] INFO  server.RaftServer$Division (RaftServerImpl.java:start(334)) - 976467f4-c66a-4ccc-8167-891a23ca4537@group-F6E9697080AB: start as a follower, conf=-1: peers:[31d5b2a7-dd00-41c8-9482-fa5c506864d0|rpc:10.1.0.244:38699|priority:0|startupRole:FOLLOWER, 976467f4-c66a-4ccc-8167-891a23ca4537|rpc:10.1.0.244:37157|priority:0|startupRole:FOLLOWER, ec4ff2c3-aedb-4237-8f96-8aa5e66a28ee|rpc:10.1.0.244:40923|priority:1|startupRole:FOLLOWER]|listeners:[], old=null
2022-11-08 06:31:57,990 [pool-95-thread-1] INFO  server.RaftServer$Division (RaftServerImpl.java:setRole(321)) - 976467f4-c66a-4ccc-8167-891a23ca4537@group-F6E9697080AB: changes role from      null to FOLLOWER at term 0 for startAsFollower
2022-11-08 06:31:57,990 [pool-95-thread-1] INFO  impl.RoleInfo (RoleInfo.java:updateAndGet(139)) - 976467f4-c66a-4ccc-8167-891a23ca4537: start 976467f4-c66a-4ccc-8167-891a23ca4537@group-F6E9697080AB-FollowerState
2022-11-08 06:31:57,997 [pool-95-thread-1] INFO  util.JmxRegister (JmxRegister.java:tryRegister(44)) - Successfully registered JMX Bean with object name Ratis:service=RaftServer,group=group-F6E9697080AB,id=976467f4-c66a-4ccc-8167-891a23ca4537
2022-11-08 06:31:57,997 [976467f4-c66a-4ccc-8167-891a23ca4537@group-F6E9697080AB-FollowerState] INFO  server.RaftServerConfigKeys (ConfUtils.java:logFallback(53)) - raft.server.rpc.first-election.timeout.min = 5s (fallback to raft.server.rpc.timeout.min)
2022-11-08 06:31:57,997 [pool-118-thread-1] INFO  impl.RoleInfo (RoleInfo.java:updateAndGet(139)) - 31d5b2a7-dd00-41c8-9482-fa5c506864d0: start 31d5b2a7-dd00-41c8-9482-fa5c506864d0@group-73C734729954-FollowerState
2022-11-08 06:31:57,997 [pool-95-thread-1] INFO  server.RaftServerConfigKeys (ConfUtils.java:logGet(46)) - raft.server.snapshot.auto.trigger.enabled = true (custom)
2022-11-08 06:31:57,998 [976467f4-c66a-4ccc-8167-891a23ca4537@group-F6E9697080AB-FollowerState] INFO  server.RaftServerConfigKeys (ConfUtils.java:logFallback(53)) - raft.server.rpc.first-election.timeout.max = 5200ms (fallback to raft.server.rpc.timeout.max)
2022-11-08 06:31:57,998 [pool-95-thread-1] INFO  server.RaftServerConfigKeys (ConfUtils.java:logGet(46)) - raft.server.snapshot.auto.trigger.threshold = 10000 (custom)
2022-11-08 06:31:57,998 [pool-95-thread-1] INFO  server.RaftServerConfigKeys (ConfUtils.java:logGet(46)) - raft.server.snapshot.retention.file.num = 5 (custom)
2022-11-08 06:31:57,998 [pool-95-thread-1] INFO  server.RaftServerConfigKeys (ConfUtils.java:logGet(46)) - raft.server.log.purge.upto.snapshot.index = false (default)
2022-11-08 06:31:58,001 [pool-118-thread-1] INFO  util.JmxRegister (JmxRegister.java:tryRegister(44)) - Successfully registered JMX Bean with object name Ratis:service=RaftServer,group=group-73C734729954,id=31d5b2a7-dd00-41c8-9482-fa5c506864d0
2022-11-08 06:31:58,001 [pool-118-thread-1] INFO  server.RaftServerConfigKeys (ConfUtils.java:logGet(46)) - raft.server.snapshot.auto.trigger.enabled = true (custom)
2022-11-08 06:31:58,001 [pool-118-thread-1] INFO  server.RaftServerConfigKeys (ConfUtils.java:logGet(46)) - raft.server.snapshot.auto.trigger.threshold = 10000 (custom)
2022-11-08 06:31:58,001 [pool-118-thread-1] INFO  server.RaftServerConfigKeys (ConfUtils.java:logGet(46)) - raft.server.snapshot.retention.file.num = 5 (custom)
2022-11-08 06:31:58,002 [pool-118-thread-1] INFO  server.RaftServerConfigKeys (ConfUtils.java:logGet(46)) - raft.server.log.purge.upto.snapshot.index = false (default)
2022-11-08 06:31:58,002 [31d5b2a7-dd00-41c8-9482-fa5c506864d0@group-73C734729954-FollowerState] INFO  server.RaftServerConfigKeys (ConfUtils.java:logFallback(53)) - raft.server.rpc.first-election.timeout.min = 5s (fallback to raft.server.rpc.timeout.min)
2022-11-08 06:31:58,002 [31d5b2a7-dd00-41c8-9482-fa5c506864d0@group-73C734729954-FollowerState] INFO  server.RaftServerConfigKeys (ConfUtils.java:logFallback(53)) - raft.server.rpc.first-election.timeout.max = 5200ms (fallback to raft.server.rpc.timeout.max)
2022-11-08 06:31:58,009 [pool-118-thread-1] INFO  storage.RaftStorageDirectory (RaftStorageDirectoryImpl.java:analyzeStorage(137)) - The storage directory /home/runner/work/ozone/ozone/hadoop-ozone/integration-test/target/test-dir/MiniOzoneClusterImpl-c53ae64f-4849-40e6-a4d6-552e28141f22/datanode-2/data/ratis/2f44df50-c276-49ee-ab0f-12b37f794426 does not exist. Creating ...
2022-11-08 06:31:58,012 [pool-118-thread-1] INFO  storage.RaftStorageDirectory (RaftStorageDirectoryImpl.java:tryLock(231)) - Lock on /home/runner/work/ozone/ozone/hadoop-ozone/integration-test/target/test-dir/MiniOzoneClusterImpl-c53ae64f-4849-40e6-a4d6-552e28141f22/datanode-2/data/ratis/2f44df50-c276-49ee-ab0f-12b37f794426/in_use.lock acquired by nodename 12075@fv-az220-111
2022-11-08 06:31:58,015 [pool-118-thread-1] INFO  storage.RaftStorage (RaftStorageImpl.java:format(96)) - Storage directory /home/runner/work/ozone/ozone/hadoop-ozone/integration-test/target/test-dir/MiniOzoneClusterImpl-c53ae64f-4849-40e6-a4d6-552e28141f22/datanode-2/data/ratis/2f44df50-c276-49ee-ab0f-12b37f794426 has been successfully formatted.
2022-11-08 06:31:58,017 [pool-118-thread-1] INFO  ratis.ContainerStateMachine (ContainerStateMachine.java:loadSnapshot(236)) - group-12B37F794426: The snapshot info is null. Setting the last applied indexto:(t:0, i:~)
2022-11-08 06:31:58,017 [pool-118-thread-1] INFO  server.RaftServerConfigKeys (ConfUtils.java:logGet(46)) - raft.server.log.use.memory = false (default)
2022-11-08 06:31:58,018 [pool-118-thread-1] INFO  server.RaftServerConfigKeys (ConfUtils.java:logGet(46)) - raft.server.log.purge.gap = 1000000 (custom)
2022-11-08 06:31:58,018 [pool-118-thread-1] INFO  server.RaftServerConfigKeys (ConfUtils.java:logGet(46)) - raft.server.log.appender.buffer.byte-limit = 33554432 (custom)
2022-11-08 06:31:58,018 [Command processor thread] INFO  ratis.XceiverServerRatis (XceiverServerRatis.java:addGroup(765)) - Created group PipelineID=e0898281-40f4-4d8c-9eb1-f6e9697080ab
2022-11-08 06:31:58,018 [pool-118-thread-1] INFO  server.RaftServerConfigKeys (ConfUtils.java:logGet(46)) - raft.server.log.statemachine.data.read.timeout = 1000ms (default)
2022-11-08 06:31:58,018 [pool-118-thread-1] INFO  server.RaftServerConfigKeys (ConfUtils.java:logGet(46)) - raft.server.log.purge.preservation.log.num = 0 (default)
2022-11-08 06:31:58,018 [pool-118-thread-1] INFO  server.RaftServerConfigKeys (ConfUtils.java:logGet(46)) - raft.server.log.segment.size.max = 1048576 (custom)
2022-11-08 06:31:58,019 [pool-118-thread-1] INFO  server.RaftServerConfigKeys (ConfUtils.java:logGet(46)) - raft.server.log.segment.cache.num.max = 2 (custom)
2022-11-08 06:31:58,019 [pool-118-thread-1] INFO  server.RaftServerConfigKeys (ConfUtils.java:logGet(46)) - raft.server.log.segment.cache.size.max = 200MB (=209715200) (default)
2022-11-08 06:31:58,019 [pool-118-thread-1] INFO  segmented.SegmentedRaftLogWorker (SegmentedRaftLogWorker.java:<init>(191)) - new 31d5b2a7-dd00-41c8-9482-fa5c506864d0@group-12B37F794426-SegmentedRaftLogWorker for RaftStorageImpl:Storage Directory /home/runner/work/ozone/ozone/hadoop-ozone/integration-test/target/test-dir/MiniOzoneClusterImpl-c53ae64f-4849-40e6-a4d6-552e28141f22/datanode-2/data/ratis/2f44df50-c276-49ee-ab0f-12b37f794426
2022-11-08 06:31:58,019 [pool-118-thread-1] INFO  server.RaftServerConfigKeys (ConfUtils.java:logGet(46)) - raft.server.log.queue.byte-limit = 4294967296 (custom)
2022-11-08 06:31:58,019 [pool-118-thread-1] INFO  server.RaftServerConfigKeys (ConfUtils.java:logGet(46)) - raft.server.log.queue.element-limit = 1024 (custom)
2022-11-08 06:31:58,019 [pool-118-thread-1] INFO  server.RaftServerConfigKeys (ConfUtils.java:logGet(46)) - raft.server.log.segment.size.max = 1048576 (custom)
2022-11-08 06:31:58,019 [pool-118-thread-1] INFO  server.RaftServerConfigKeys (ConfUtils.java:logGet(46)) - raft.server.log.preallocated.size = 16384 (custom)
2022-11-08 06:31:58,019 [pool-118-thread-1] INFO  server.RaftServerConfigKeys (ConfUtils.java:logGet(46)) - raft.server.log.force.sync.num = 128 (default)
2022-11-08 06:31:58,019 [pool-118-thread-1] INFO  server.RaftServerConfigKeys (ConfUtils.java:logGet(46)) - raft.server.log.statemachine.data.sync = true (default)
2022-11-08 06:31:58,019 [pool-118-thread-1] INFO  server.RaftServerConfigKeys (ConfUtils.java:logGet(46)) - raft.server.log.statemachine.data.sync.timeout = 10s (default)
2022-11-08 06:31:58,019 [pool-118-thread-1] INFO  server.RaftServerConfigKeys (ConfUtils.java:logGet(46)) - raft.server.log.statemachine.data.sync.timeout.retry = -1 (default)
2022-11-08 06:31:58,020 [pool-118-thread-1] INFO  server.RaftServerConfigKeys (ConfUtils.java:logGet(46)) - raft.server.log.write.buffer.size = 1048576 (custom)
2022-11-08 06:31:58,021 [pool-118-thread-1] INFO  server.RaftServerConfigKeys (ConfUtils.java:logGet(46)) - raft.server.log.unsafe-flush.enabled = false (default)
2022-11-08 06:31:58,021 [pool-118-thread-1] INFO  server.RaftServerConfigKeys (ConfUtils.java:logGet(46)) - raft.server.log.async-flush.enabled = false (default)
2022-11-08 06:31:58,029 [pool-118-thread-1] INFO  server.RaftServerConfigKeys (ConfUtils.java:logGet(46)) - raft.server.log.statemachine.data.caching.enabled = true (custom)
2022-11-08 06:31:58,030 [pool-118-thread-1] INFO  segmented.SegmentedRaftLogWorker (SegmentedRaftLogWorker.java:lambda$new$0(136)) - 31d5b2a7-dd00-41c8-9482-fa5c506864d0@group-12B37F794426-SegmentedRaftLogWorker: flushIndex: setUnconditionally 0 -> -1
2022-11-08 06:31:58,030 [pool-118-thread-1] INFO  segmented.SegmentedRaftLogWorker (SegmentedRaftLogWorker.java:lambda$new$0(136)) - 31d5b2a7-dd00-41c8-9482-fa5c506864d0@group-12B37F794426-SegmentedRaftLogWorker: safeCacheEvictIndex: setUnconditionally 0 -> -1
2022-11-08 06:31:58,032 [EventQueue-OpenPipelineForHealthyPipelineSafeModeRule] INFO  safemode.SCMSafeModeManager (HealthyPipelineSafeModeRule.java:process(137)) - SCM in safe mode. Healthy pipelines reported count is 0, required healthy pipeline reported count is 1
2022-11-08 06:31:58,047 [pool-118-thread-1] INFO  server.RaftServer$Division (RaftServerImpl.java:start(334)) - 31d5b2a7-dd00-41c8-9482-fa5c506864d0@group-12B37F794426: start as a follower, conf=-1: peers:[31d5b2a7-dd00-41c8-9482-fa5c506864d0|rpc:10.1.0.244:38699|priority:1|startupRole:FOLLOWER]|listeners:[], old=null
2022-11-08 06:31:58,047 [pool-118-thread-1] INFO  server.RaftServer$Division (RaftServerImpl.java:setRole(321)) - 31d5b2a7-dd00-41c8-9482-fa5c506864d0@group-12B37F794426: changes role from      null to FOLLOWER at term 0 for startAsFollower
2022-11-08 06:31:58,047 [pool-118-thread-1] INFO  impl.RoleInfo (RoleInfo.java:updateAndGet(139)) - 31d5b2a7-dd00-41c8-9482-fa5c506864d0: start 31d5b2a7-dd00-41c8-9482-fa5c506864d0@group-12B37F794426-FollowerState
2022-11-08 06:31:58,050 [pool-118-thread-1] INFO  util.JmxRegister (JmxRegister.java:tryRegister(44)) - Successfully registered JMX Bean with object name Ratis:service=RaftServer,group=group-12B37F794426,id=31d5b2a7-dd00-41c8-9482-fa5c506864d0
2022-11-08 06:31:58,055 [pool-118-thread-1] INFO  server.RaftServerConfigKeys (ConfUtils.java:logGet(46)) - raft.server.snapshot.auto.trigger.enabled = true (custom)
2022-11-08 06:31:58,055 [pool-118-thread-1] INFO  server.RaftServerConfigKeys (ConfUtils.java:logGet(46)) - raft.server.snapshot.auto.trigger.threshold = 10000 (custom)
2022-11-08 06:31:58,055 [pool-118-thread-1] INFO  server.RaftServerConfigKeys (ConfUtils.java:logGet(46)) - raft.server.snapshot.retention.file.num = 5 (custom)
2022-11-08 06:31:58,055 [pool-118-thread-1] INFO  server.RaftServerConfigKeys (ConfUtils.java:logGet(46)) - raft.server.log.purge.upto.snapshot.index = false (default)
2022-11-08 06:31:58,051 [31d5b2a7-dd00-41c8-9482-fa5c506864d0@group-12B37F794426-FollowerState] INFO  server.RaftServerConfigKeys (ConfUtils.java:logFallback(53)) - raft.server.rpc.first-election.timeout.min = 5s (fallback to raft.server.rpc.timeout.min)
2022-11-08 06:31:58,060 [31d5b2a7-dd00-41c8-9482-fa5c506864d0@group-12B37F794426-FollowerState] INFO  server.RaftServerConfigKeys (ConfUtils.java:logFallback(53)) - raft.server.rpc.first-election.timeout.max = 5200ms (fallback to raft.server.rpc.timeout.max)
2022-11-08 06:31:58,060 [Command processor thread] INFO  ratis.XceiverServerRatis (XceiverServerRatis.java:addGroup(765)) - Created group PipelineID=2f44df50-c276-49ee-ab0f-12b37f794426
2022-11-08 06:31:58,060 [Command processor thread] INFO  commandhandler.CreatePipelineCommandHandler (CreatePipelineCommandHandler.java:handle(113)) - Created Pipeline RATIS ONE PipelineID=2f44df50-c276-49ee-ab0f-12b37f794426.
2022-11-08 06:31:58,061 [Command processor thread] INFO  server.RaftServer (RaftServerProxy.java:addNew(96)) - 31d5b2a7-dd00-41c8-9482-fa5c506864d0: addNew group-F6E9697080AB:[31d5b2a7-dd00-41c8-9482-fa5c506864d0|rpc:10.1.0.244:38699|priority:0|startupRole:FOLLOWER, 976467f4-c66a-4ccc-8167-891a23ca4537|rpc:10.1.0.244:37157|priority:0|startupRole:FOLLOWER, ec4ff2c3-aedb-4237-8f96-8aa5e66a28ee|rpc:10.1.0.244:40923|priority:1|startupRole:FOLLOWER] returns group-F6E9697080AB:java.util.concurrent.CompletableFuture@2fe3cede[Not completed]
2022-11-08 06:31:58,062 [pool-118-thread-1] INFO  server.RaftServer$Division (RaftServerImpl.java:<init>(195)) - 31d5b2a7-dd00-41c8-9482-fa5c506864d0: new RaftServerImpl for group-F6E9697080AB:[31d5b2a7-dd00-41c8-9482-fa5c506864d0|rpc:10.1.0.244:38699|priority:0|startupRole:FOLLOWER, 976467f4-c66a-4ccc-8167-891a23ca4537|rpc:10.1.0.244:37157|priority:0|startupRole:FOLLOWER, ec4ff2c3-aedb-4237-8f96-8aa5e66a28ee|rpc:10.1.0.244:40923|priority:1|startupRole:FOLLOWER] with ContainerStateMachine:uninitialized
2022-11-08 06:31:58,062 [pool-118-thread-1] INFO  server.RaftServerConfigKeys (ConfUtils.java:logGet(46)) - raft.server.rpc.timeout.min = 5s (custom)
2022-11-08 06:31:58,062 [pool-118-thread-1] INFO  server.RaftServerConfigKeys (ConfUtils.java:logGet(46)) - raft.server.rpc.timeout.max = 5200ms (custom)
2022-11-08 06:31:58,062 [pool-118-thread-1] INFO  server.RaftServerConfigKeys (ConfUtils.java:logGet(46)) - raft.server.rpc.sleep.time = 25ms (default)
2022-11-08 06:31:58,062 [pool-118-thread-1] INFO  server.RaftServerConfigKeys (ConfUtils.java:logGet(46)) - raft.server.rpc.slowness.timeout = 300s (custom)
2022-11-08 06:31:58,062 [pool-118-thread-1] INFO  server.RaftServerConfigKeys (ConfUtils.java:logGet(46)) - raft.server.leaderelection.leader.step-down.wait-time = 10s (default)
2022-11-08 06:31:58,062 [pool-118-thread-1] INFO  server.RaftServerConfigKeys (ConfUtils.java:logGet(46)) - raft.server.sleep.deviation.threshold = 300ms (default)
2022-11-08 06:31:58,062 [pool-118-thread-1] INFO  server.RaftServer$Division (ServerState.java:<init>(118)) - 31d5b2a7-dd00-41c8-9482-fa5c506864d0@group-F6E9697080AB: ConfigurationManager, init=-1: peers:[31d5b2a7-dd00-41c8-9482-fa5c506864d0|rpc:10.1.0.244:38699|priority:0|startupRole:FOLLOWER, 976467f4-c66a-4ccc-8167-891a23ca4537|rpc:10.1.0.244:37157|priority:0|startupRole:FOLLOWER, ec4ff2c3-aedb-4237-8f96-8aa5e66a28ee|rpc:10.1.0.244:40923|priority:1|startupRole:FOLLOWER]|listeners:[], old=null, confs=<EMPTY_MAP>
2022-11-08 06:31:58,062 [pool-118-thread-1] INFO  server.RaftServerConfigKeys (ConfUtils.java:logGet(46)) - raft.server.storage.dir = [/home/runner/work/ozone/ozone/hadoop-ozone/integration-test/target/test-dir/MiniOzoneClusterImpl-c53ae64f-4849-40e6-a4d6-552e28141f22/datanode-2/data/ratis] (custom)
2022-11-08 06:31:58,062 [pool-118-thread-1] INFO  server.RaftServerConfigKeys (ConfUtils.java:logGet(46)) - raft.server.log.corruption.policy = EXCEPTION (default)
2022-11-08 06:31:58,063 [pool-118-thread-1] INFO  server.RaftServerConfigKeys (ConfUtils.java:logGet(46)) - raft.server.storage.free-space.min = 0MB (=0) (default)
2022-11-08 06:31:58,063 [pool-118-thread-1] INFO  server.RaftServerConfigKeys (ConfUtils.java:logGet(46)) - raft.server.notification.no-leader.timeout = 300s (custom)
2022-11-08 06:31:58,063 [pool-118-thread-1] INFO  server.RaftServerConfigKeys (ConfUtils.java:logGet(46)) - raft.server.retrycache.expirytime = 600000ms (custom)
2022-11-08 06:31:58,063 [pool-118-thread-1] INFO  server.RaftServerConfigKeys (ConfUtils.java:logGet(46)) - raft.server.retrycache.statistics.expirytime = 100μs (default)
2022-11-08 06:31:58,064 [pool-118-thread-1] INFO  server.RaftServerConfigKeys (ConfUtils.java:logGet(46)) - raft.server.log.appender.install.snapshot.enabled = false (custom)
2022-11-08 06:31:58,064 [pool-118-thread-1] INFO  server.RaftServerConfigKeys (ConfUtils.java:logGet(46)) - raft.server.threadpool.server.cached = true (default)
2022-11-08 06:31:58,064 [pool-118-thread-1] INFO  server.RaftServerConfigKeys (ConfUtils.java:logGet(46)) - raft.server.threadpool.server.size = 0 (default)
2022-11-08 06:31:58,064 [pool-118-thread-1] INFO  server.RaftServerConfigKeys (ConfUtils.java:logGet(46)) - raft.server.threadpool.client.cached = true (default)
2022-11-08 06:31:58,064 [pool-118-thread-1] INFO  server.RaftServerConfigKeys (ConfUtils.java:logGet(46)) - raft.server.threadpool.client.size = 0 (default)
2022-11-08 06:31:58,064 [pool-118-thread-1] INFO  storage.RaftStorageDirectory (RaftStorageDirectoryImpl.java:analyzeStorage(137)) - The storage directory /home/runner/work/ozone/ozone/hadoop-ozone/integration-test/target/test-dir/MiniOzoneClusterImpl-c53ae64f-4849-40e6-a4d6-552e28141f22/datanode-2/data/ratis/e0898281-40f4-4d8c-9eb1-f6e9697080ab does not exist. Creating ...
2022-11-08 06:31:58,070 [pool-118-thread-1] INFO  storage.RaftStorageDirectory (RaftStorageDirectoryImpl.java:tryLock(231)) - Lock on /home/runner/work/ozone/ozone/hadoop-ozone/integration-test/target/test-dir/MiniOzoneClusterImpl-c53ae64f-4849-40e6-a4d6-552e28141f22/datanode-2/data/ratis/e0898281-40f4-4d8c-9eb1-f6e9697080ab/in_use.lock acquired by nodename 12075@fv-az220-111
2022-11-08 06:31:58,072 [pool-118-thread-1] INFO  storage.RaftStorage (RaftStorageImpl.java:format(96)) - Storage directory /home/runner/work/ozone/ozone/hadoop-ozone/integration-test/target/test-dir/MiniOzoneClusterImpl-c53ae64f-4849-40e6-a4d6-552e28141f22/datanode-2/data/ratis/e0898281-40f4-4d8c-9eb1-f6e9697080ab has been successfully formatted.
2022-11-08 06:31:58,073 [pool-118-thread-1] INFO  ratis.ContainerStateMachine (ContainerStateMachine.java:loadSnapshot(236)) - group-F6E9697080AB: The snapshot info is null. Setting the last applied indexto:(t:0, i:~)
2022-11-08 06:31:58,073 [pool-118-thread-1] INFO  server.RaftServerConfigKeys (ConfUtils.java:logGet(46)) - raft.server.log.use.memory = false (default)
2022-11-08 06:31:58,073 [pool-118-thread-1] INFO  server.RaftServerConfigKeys (ConfUtils.java:logGet(46)) - raft.server.log.purge.gap = 1000000 (custom)
2022-11-08 06:31:58,073 [pool-118-thread-1] INFO  server.RaftServerConfigKeys (ConfUtils.java:logGet(46)) - raft.server.log.appender.buffer.byte-limit = 33554432 (custom)
2022-11-08 06:31:58,073 [pool-118-thread-1] INFO  server.RaftServerConfigKeys (ConfUtils.java:logGet(46)) - raft.server.log.statemachine.data.read.timeout = 1000ms (default)
2022-11-08 06:31:58,073 [pool-118-thread-1] INFO  server.RaftServerConfigKeys (ConfUtils.java:logGet(46)) - raft.server.log.purge.preservation.log.num = 0 (default)
2022-11-08 06:31:58,073 [pool-118-thread-1] INFO  server.RaftServerConfigKeys (ConfUtils.java:logGet(46)) - raft.server.log.segment.size.max = 1048576 (custom)
2022-11-08 06:31:58,074 [pool-118-thread-1] INFO  server.RaftServerConfigKeys (ConfUtils.java:logGet(46)) - raft.server.log.segment.cache.num.max = 2 (custom)
2022-11-08 06:31:58,074 [pool-118-thread-1] INFO  server.RaftServerConfigKeys (ConfUtils.java:logGet(46)) - raft.server.log.segment.cache.size.max = 200MB (=209715200) (default)
2022-11-08 06:31:58,074 [pool-118-thread-1] INFO  segmented.SegmentedRaftLogWorker (SegmentedRaftLogWorker.java:<init>(191)) - new 31d5b2a7-dd00-41c8-9482-fa5c506864d0@group-F6E9697080AB-SegmentedRaftLogWorker for RaftStorageImpl:Storage Directory /home/runner/work/ozone/ozone/hadoop-ozone/integration-test/target/test-dir/MiniOzoneClusterImpl-c53ae64f-4849-40e6-a4d6-552e28141f22/datanode-2/data/ratis/e0898281-40f4-4d8c-9eb1-f6e9697080ab
2022-11-08 06:31:58,074 [pool-118-thread-1] INFO  server.RaftServerConfigKeys (ConfUtils.java:logGet(46)) - raft.server.log.queue.byte-limit = 4294967296 (custom)
2022-11-08 06:31:58,074 [pool-118-thread-1] INFO  server.RaftServerConfigKeys (ConfUtils.java:logGet(46)) - raft.server.log.queue.element-limit = 1024 (custom)
2022-11-08 06:31:58,074 [pool-118-thread-1] INFO  server.RaftServerConfigKeys (ConfUtils.java:logGet(46)) - raft.server.log.segment.size.max = 1048576 (custom)
2022-11-08 06:31:58,074 [pool-118-thread-1] INFO  server.RaftServerConfigKeys (ConfUtils.java:logGet(46)) - raft.server.log.preallocated.size = 16384 (custom)
2022-11-08 06:31:58,074 [pool-118-thread-1] INFO  server.RaftServerConfigKeys (ConfUtils.java:logGet(46)) - raft.server.log.force.sync.num = 128 (default)
2022-11-08 06:31:58,074 [pool-118-thread-1] INFO  server.RaftServerConfigKeys (ConfUtils.java:logGet(46)) - raft.server.log.statemachine.data.sync = true (default)
2022-11-08 06:31:58,074 [pool-118-thread-1] INFO  server.RaftServerConfigKeys (ConfUtils.java:logGet(46)) - raft.server.log.statemachine.data.sync.timeout = 10s (default)
2022-11-08 06:31:58,074 [pool-118-thread-1] INFO  server.RaftServerConfigKeys (ConfUtils.java:logGet(46)) - raft.server.log.statemachine.data.sync.timeout.retry = -1 (default)
2022-11-08 06:31:58,075 [pool-118-thread-1] INFO  server.RaftServerConfigKeys (ConfUtils.java:logGet(46)) - raft.server.log.write.buffer.size = 1048576 (custom)
2022-11-08 06:31:58,076 [pool-118-thread-1] INFO  server.RaftServerConfigKeys (ConfUtils.java:logGet(46)) - raft.server.log.unsafe-flush.enabled = false (default)
2022-11-08 06:31:58,077 [pool-118-thread-1] INFO  server.RaftServerConfigKeys (ConfUtils.java:logGet(46)) - raft.server.log.async-flush.enabled = false (default)
2022-11-08 06:31:58,077 [pool-118-thread-1] INFO  server.RaftServerConfigKeys (ConfUtils.java:logGet(46)) - raft.server.log.statemachine.data.caching.enabled = true (custom)
2022-11-08 06:31:58,077 [pool-118-thread-1] INFO  segmented.SegmentedRaftLogWorker (SegmentedRaftLogWorker.java:lambda$new$0(136)) - 31d5b2a7-dd00-41c8-9482-fa5c506864d0@group-F6E9697080AB-SegmentedRaftLogWorker: flushIndex: setUnconditionally 0 -> -1
2022-11-08 06:31:58,077 [pool-118-thread-1] INFO  segmented.SegmentedRaftLogWorker (SegmentedRaftLogWorker.java:lambda$new$0(136)) - 31d5b2a7-dd00-41c8-9482-fa5c506864d0@group-F6E9697080AB-SegmentedRaftLogWorker: safeCacheEvictIndex: setUnconditionally 0 -> -1
2022-11-08 06:31:58,077 [pool-118-thread-1] INFO  server.RaftServer$Division (RaftServerImpl.java:start(334)) - 31d5b2a7-dd00-41c8-9482-fa5c506864d0@group-F6E9697080AB: start as a follower, conf=-1: peers:[31d5b2a7-dd00-41c8-9482-fa5c506864d0|rpc:10.1.0.244:38699|priority:0|startupRole:FOLLOWER, 976467f4-c66a-4ccc-8167-891a23ca4537|rpc:10.1.0.244:37157|priority:0|startupRole:FOLLOWER, ec4ff2c3-aedb-4237-8f96-8aa5e66a28ee|rpc:10.1.0.244:40923|priority:1|startupRole:FOLLOWER]|listeners:[], old=null
2022-11-08 06:31:58,078 [pool-118-thread-1] INFO  server.RaftServer$Division (RaftServerImpl.java:setRole(321)) - 31d5b2a7-dd00-41c8-9482-fa5c506864d0@group-F6E9697080AB: changes role from      null to FOLLOWER at term 0 for startAsFollower
2022-11-08 06:31:58,078 [pool-118-thread-1] INFO  impl.RoleInfo (RoleInfo.java:updateAndGet(139)) - 31d5b2a7-dd00-41c8-9482-fa5c506864d0: start 31d5b2a7-dd00-41c8-9482-fa5c506864d0@group-F6E9697080AB-FollowerState
2022-11-08 06:31:58,094 [pool-118-thread-1] INFO  util.JmxRegister (JmxRegister.java:tryRegister(44)) - Successfully registered JMX Bean with object name Ratis:service=RaftServer,group=group-F6E9697080AB,id=31d5b2a7-dd00-41c8-9482-fa5c506864d0
2022-11-08 06:31:58,094 [pool-118-thread-1] INFO  server.RaftServerConfigKeys (ConfUtils.java:logGet(46)) - raft.server.snapshot.auto.trigger.enabled = true (custom)
2022-11-08 06:31:58,094 [pool-118-thread-1] INFO  server.RaftServerConfigKeys (ConfUtils.java:logGet(46)) - raft.server.snapshot.auto.trigger.threshold = 10000 (custom)
2022-11-08 06:31:58,094 [Command processor thread] INFO  commandhandler.CreatePipelineCommandHandler (CreatePipelineCommandHandler.java:handle(113)) - Created Pipeline RATIS THREE PipelineID=657ca416-48e4-4e40-9c25-73c734729954.
2022-11-08 06:31:58,096 [Command processor thread] INFO  server.RaftServer (RaftServerProxy.java:addNew(96)) - ec4ff2c3-aedb-4237-8f96-8aa5e66a28ee: addNew group-F6E9697080AB:[31d5b2a7-dd00-41c8-9482-fa5c506864d0|rpc:10.1.0.244:38699|priority:0|startupRole:FOLLOWER, 976467f4-c66a-4ccc-8167-891a23ca4537|rpc:10.1.0.244:37157|priority:0|startupRole:FOLLOWER, ec4ff2c3-aedb-4237-8f96-8aa5e66a28ee|rpc:10.1.0.244:40923|priority:1|startupRole:FOLLOWER] returns group-F6E9697080AB:java.util.concurrent.CompletableFuture@3a886ea6[Not completed]
2022-11-08 06:31:58,095 [31d5b2a7-dd00-41c8-9482-fa5c506864d0@group-F6E9697080AB-FollowerState] INFO  server.RaftServerConfigKeys (ConfUtils.java:logFallback(53)) - raft.server.rpc.first-election.timeout.min = 5s (fallback to raft.server.rpc.timeout.min)
2022-11-08 06:31:58,097 [31d5b2a7-dd00-41c8-9482-fa5c506864d0@group-F6E9697080AB-FollowerState] INFO  server.RaftServerConfigKeys (ConfUtils.java:logFallback(53)) - raft.server.rpc.first-election.timeout.max = 5200ms (fallback to raft.server.rpc.timeout.max)
2022-11-08 06:31:58,097 [pool-72-thread-1] INFO  server.RaftServer$Division (RaftServerImpl.java:<init>(195)) - ec4ff2c3-aedb-4237-8f96-8aa5e66a28ee: new RaftServerImpl for group-F6E9697080AB:[31d5b2a7-dd00-41c8-9482-fa5c506864d0|rpc:10.1.0.244:38699|priority:0|startupRole:FOLLOWER, 976467f4-c66a-4ccc-8167-891a23ca4537|rpc:10.1.0.244:37157|priority:0|startupRole:FOLLOWER, ec4ff2c3-aedb-4237-8f96-8aa5e66a28ee|rpc:10.1.0.244:40923|priority:1|startupRole:FOLLOWER] with ContainerStateMachine:uninitialized
2022-11-08 06:31:58,098 [pool-118-thread-1] INFO  server.RaftServerConfigKeys (ConfUtils.java:logGet(46)) - raft.server.snapshot.retention.file.num = 5 (custom)
2022-11-08 06:31:58,099 [pool-72-thread-1] INFO  server.RaftServerConfigKeys (ConfUtils.java:logGet(46)) - raft.server.rpc.timeout.min = 5s (custom)
2022-11-08 06:31:58,100 [pool-72-thread-1] INFO  server.RaftServerConfigKeys (ConfUtils.java:logGet(46)) - raft.server.rpc.timeout.max = 5200ms (custom)
2022-11-08 06:31:58,100 [pool-72-thread-1] INFO  server.RaftServerConfigKeys (ConfUtils.java:logGet(46)) - raft.server.rpc.sleep.time = 25ms (default)
2022-11-08 06:31:58,100 [EventQueue-OpenPipelineForHealthyPipelineSafeModeRule] INFO  safemode.SCMSafeModeManager (HealthyPipelineSafeModeRule.java:process(137)) - SCM in safe mode. Healthy pipelines reported count is 0, required healthy pipeline reported count is 1
2022-11-08 06:31:58,099 [pool-118-thread-1] INFO  server.RaftServerConfigKeys (ConfUtils.java:logGet(46)) - raft.server.log.purge.upto.snapshot.index = false (default)
2022-11-08 06:31:58,101 [pool-72-thread-1] INFO  server.RaftServerConfigKeys (ConfUtils.java:logGet(46)) - raft.server.rpc.slowness.timeout = 300s (custom)
2022-11-08 06:31:58,101 [pool-72-thread-1] INFO  server.RaftServerConfigKeys (ConfUtils.java:logGet(46)) - raft.server.leaderelection.leader.step-down.wait-time = 10s (default)
2022-11-08 06:31:58,101 [pool-72-thread-1] INFO  server.RaftServerConfigKeys (ConfUtils.java:logGet(46)) - raft.server.sleep.deviation.threshold = 300ms (default)
2022-11-08 06:31:58,102 [pool-72-thread-1] INFO  server.RaftServer$Division (ServerState.java:<init>(118)) - ec4ff2c3-aedb-4237-8f96-8aa5e66a28ee@group-F6E9697080AB: ConfigurationManager, init=-1: peers:[31d5b2a7-dd00-41c8-9482-fa5c506864d0|rpc:10.1.0.244:38699|priority:0|startupRole:FOLLOWER, 976467f4-c66a-4ccc-8167-891a23ca4537|rpc:10.1.0.244:37157|priority:0|startupRole:FOLLOWER, ec4ff2c3-aedb-4237-8f96-8aa5e66a28ee|rpc:10.1.0.244:40923|priority:1|startupRole:FOLLOWER]|listeners:[], old=null, confs=<EMPTY_MAP>
2022-11-08 06:31:58,102 [pool-72-thread-1] INFO  server.RaftServerConfigKeys (ConfUtils.java:logGet(46)) - raft.server.storage.dir = [/home/runner/work/ozone/ozone/hadoop-ozone/integration-test/target/test-dir/MiniOzoneClusterImpl-c53ae64f-4849-40e6-a4d6-552e28141f22/datanode-0/data/ratis] (custom)
2022-11-08 06:31:58,102 [pool-72-thread-1] INFO  server.RaftServerConfigKeys (ConfUtils.java:logGet(46)) - raft.server.log.corruption.policy = EXCEPTION (default)
2022-11-08 06:31:58,102 [pool-72-thread-1] INFO  server.RaftServerConfigKeys (ConfUtils.java:logGet(46)) - raft.server.storage.free-space.min = 0MB (=0) (default)
2022-11-08 06:31:58,102 [pool-72-thread-1] INFO  server.RaftServerConfigKeys (ConfUtils.java:logGet(46)) - raft.server.notification.no-leader.timeout = 300s (custom)
2022-11-08 06:31:58,102 [pool-72-thread-1] INFO  server.RaftServerConfigKeys (ConfUtils.java:logGet(46)) - raft.server.retrycache.expirytime = 600000ms (custom)
2022-11-08 06:31:58,102 [pool-72-thread-1] INFO  server.RaftServerConfigKeys (ConfUtils.java:logGet(46)) - raft.server.retrycache.statistics.expirytime = 100μs (default)
2022-11-08 06:31:58,103 [Command processor thread] INFO  ratis.XceiverServerRatis (XceiverServerRatis.java:addGroup(765)) - Created group PipelineID=e0898281-40f4-4d8c-9eb1-f6e9697080ab
2022-11-08 06:31:58,106 [pool-72-thread-1] INFO  server.RaftServerConfigKeys (ConfUtils.java:logGet(46)) - raft.server.log.appender.install.snapshot.enabled = false (custom)
2022-11-08 06:31:58,114 [pool-72-thread-1] INFO  server.RaftServerConfigKeys (ConfUtils.java:logGet(46)) - raft.server.threadpool.server.cached = true (default)
2022-11-08 06:31:58,114 [pool-72-thread-1] INFO  server.RaftServerConfigKeys (ConfUtils.java:logGet(46)) - raft.server.threadpool.server.size = 0 (default)
2022-11-08 06:31:58,114 [pool-72-thread-1] INFO  server.RaftServerConfigKeys (ConfUtils.java:logGet(46)) - raft.server.threadpool.client.cached = true (default)
2022-11-08 06:31:58,114 [pool-72-thread-1] INFO  server.RaftServerConfigKeys (ConfUtils.java:logGet(46)) - raft.server.threadpool.client.size = 0 (default)
2022-11-08 06:31:58,114 [pool-72-thread-1] INFO  storage.RaftStorageDirectory (RaftStorageDirectoryImpl.java:analyzeStorage(137)) - The storage directory /home/runner/work/ozone/ozone/hadoop-ozone/integration-test/target/test-dir/MiniOzoneClusterImpl-c53ae64f-4849-40e6-a4d6-552e28141f22/datanode-0/data/ratis/e0898281-40f4-4d8c-9eb1-f6e9697080ab does not exist. Creating ...
2022-11-08 06:31:58,121 [pool-72-thread-1] INFO  storage.RaftStorageDirectory (RaftStorageDirectoryImpl.java:tryLock(231)) - Lock on /home/runner/work/ozone/ozone/hadoop-ozone/integration-test/target/test-dir/MiniOzoneClusterImpl-c53ae64f-4849-40e6-a4d6-552e28141f22/datanode-0/data/ratis/e0898281-40f4-4d8c-9eb1-f6e9697080ab/in_use.lock acquired by nodename 12075@fv-az220-111
2022-11-08 06:31:58,121 [Listener at 127.0.0.1/40183] INFO  ozone.MiniOzoneClusterImpl (MiniOzoneClusterImpl.java:lambda$waitForClusterToBeReady$0(216)) - Nodes are ready. Got 6 of 6 DN Heartbeats.
2022-11-08 06:31:58,122 [Listener at 127.0.0.1/40183] INFO  ozone.MiniOzoneClusterImpl (MiniOzoneClusterImpl.java:lambda$waitForClusterToBeReady$0(219)) - Waiting for cluster to exit safe mode
2022-11-08 06:31:58,122 [Listener at 127.0.0.1/40183] INFO  ozone.MiniOzoneClusterImpl (MiniOzoneClusterImpl.java:lambda$waitForClusterToBeReady$0(221)) - SCM became leader
2022-11-08 06:31:58,123 [pool-72-thread-1] INFO  storage.RaftStorage (RaftStorageImpl.java:format(96)) - Storage directory /home/runner/work/ozone/ozone/hadoop-ozone/integration-test/target/test-dir/MiniOzoneClusterImpl-c53ae64f-4849-40e6-a4d6-552e28141f22/datanode-0/data/ratis/e0898281-40f4-4d8c-9eb1-f6e9697080ab has been successfully formatted.
2022-11-08 06:31:58,124 [pool-72-thread-1] INFO  ratis.ContainerStateMachine (ContainerStateMachine.java:loadSnapshot(236)) - group-F6E9697080AB: The snapshot info is null. Setting the last applied indexto:(t:0, i:~)
2022-11-08 06:31:58,125 [pool-72-thread-1] INFO  server.RaftServerConfigKeys (ConfUtils.java:logGet(46)) - raft.server.log.use.memory = false (default)
2022-11-08 06:31:58,125 [pool-72-thread-1] INFO  server.RaftServerConfigKeys (ConfUtils.java:logGet(46)) - raft.server.log.purge.gap = 1000000 (custom)
2022-11-08 06:31:58,125 [pool-72-thread-1] INFO  server.RaftServerConfigKeys (ConfUtils.java:logGet(46)) - raft.server.log.appender.buffer.byte-limit = 33554432 (custom)
2022-11-08 06:31:58,125 [pool-72-thread-1] INFO  server.RaftServerConfigKeys (ConfUtils.java:logGet(46)) - raft.server.log.statemachine.data.read.timeout = 1000ms (default)
2022-11-08 06:31:58,125 [pool-72-thread-1] INFO  server.RaftServerConfigKeys (ConfUtils.java:logGet(46)) - raft.server.log.purge.preservation.log.num = 0 (default)
2022-11-08 06:31:58,125 [pool-72-thread-1] INFO  server.RaftServerConfigKeys (ConfUtils.java:logGet(46)) - raft.server.log.segment.size.max = 1048576 (custom)
2022-11-08 06:31:58,125 [pool-72-thread-1] INFO  server.RaftServerConfigKeys (ConfUtils.java:logGet(46)) - raft.server.log.segment.cache.num.max = 2 (custom)
2022-11-08 06:31:58,126 [pool-72-thread-1] INFO  server.RaftServerConfigKeys (ConfUtils.java:logGet(46)) - raft.server.log.segment.cache.size.max = 200MB (=209715200) (default)
2022-11-08 06:31:58,126 [pool-72-thread-1] INFO  segmented.SegmentedRaftLogWorker (SegmentedRaftLogWorker.java:<init>(191)) - new ec4ff2c3-aedb-4237-8f96-8aa5e66a28ee@group-F6E9697080AB-SegmentedRaftLogWorker for RaftStorageImpl:Storage Directory /home/runner/work/ozone/ozone/hadoop-ozone/integration-test/target/test-dir/MiniOzoneClusterImpl-c53ae64f-4849-40e6-a4d6-552e28141f22/datanode-0/data/ratis/e0898281-40f4-4d8c-9eb1-f6e9697080ab
2022-11-08 06:31:58,126 [pool-72-thread-1] INFO  server.RaftServerConfigKeys (ConfUtils.java:logGet(46)) - raft.server.log.queue.byte-limit = 4294967296 (custom)
2022-11-08 06:31:58,126 [pool-72-thread-1] INFO  server.RaftServerConfigKeys (ConfUtils.java:logGet(46)) - raft.server.log.queue.element-limit = 1024 (custom)
2022-11-08 06:31:58,126 [pool-72-thread-1] INFO  server.RaftServerConfigKeys (ConfUtils.java:logGet(46)) - raft.server.log.segment.size.max = 1048576 (custom)
2022-11-08 06:31:58,126 [pool-72-thread-1] INFO  server.RaftServerConfigKeys (ConfUtils.java:logGet(46)) - raft.server.log.preallocated.size = 16384 (custom)
2022-11-08 06:31:58,126 [pool-72-thread-1] INFO  server.RaftServerConfigKeys (ConfUtils.java:logGet(46)) - raft.server.log.force.sync.num = 128 (default)
2022-11-08 06:31:58,126 [pool-72-thread-1] INFO  server.RaftServerConfigKeys (ConfUtils.java:logGet(46)) - raft.server.log.statemachine.data.sync = true (default)
2022-11-08 06:31:58,127 [pool-72-thread-1] INFO  server.RaftServerConfigKeys (ConfUtils.java:logGet(46)) - raft.server.log.statemachine.data.sync.timeout = 10s (default)
2022-11-08 06:31:58,127 [pool-72-thread-1] INFO  server.RaftServerConfigKeys (ConfUtils.java:logGet(46)) - raft.server.log.statemachine.data.sync.timeout.retry = -1 (default)
2022-11-08 06:31:58,128 [pool-72-thread-1] INFO  server.RaftServerConfigKeys (ConfUtils.java:logGet(46)) - raft.server.log.write.buffer.size = 1048576 (custom)
2022-11-08 06:31:58,130 [pool-72-thread-1] INFO  server.RaftServerConfigKeys (ConfUtils.java:logGet(46)) - raft.server.log.unsafe-flush.enabled = false (default)
2022-11-08 06:31:58,130 [pool-72-thread-1] INFO  server.RaftServerConfigKeys (ConfUtils.java:logGet(46)) - raft.server.log.async-flush.enabled = false (default)
2022-11-08 06:31:58,130 [pool-72-thread-1] INFO  server.RaftServerConfigKeys (ConfUtils.java:logGet(46)) - raft.server.log.statemachine.data.caching.enabled = true (custom)
2022-11-08 06:31:58,130 [pool-72-thread-1] INFO  segmented.SegmentedRaftLogWorker (SegmentedRaftLogWorker.java:lambda$new$0(136)) - ec4ff2c3-aedb-4237-8f96-8aa5e66a28ee@group-F6E9697080AB-SegmentedRaftLogWorker: flushIndex: setUnconditionally 0 -> -1
2022-11-08 06:31:58,133 [pool-72-thread-1] INFO  segmented.SegmentedRaftLogWorker (SegmentedRaftLogWorker.java:lambda$new$0(136)) - ec4ff2c3-aedb-4237-8f96-8aa5e66a28ee@group-F6E9697080AB-SegmentedRaftLogWorker: safeCacheEvictIndex: setUnconditionally 0 -> -1
2022-11-08 06:31:58,135 [EventQueue-OpenPipelineForHealthyPipelineSafeModeRule] INFO  safemode.SCMSafeModeManager (HealthyPipelineSafeModeRule.java:process(137)) - SCM in safe mode. Healthy pipelines reported count is 0, required healthy pipeline reported count is 1
2022-11-08 06:31:58,147 [pool-72-thread-1] INFO  server.RaftServer$Division (RaftServerImpl.java:start(334)) - ec4ff2c3-aedb-4237-8f96-8aa5e66a28ee@group-F6E9697080AB: start as a follower, conf=-1: peers:[31d5b2a7-dd00-41c8-9482-fa5c506864d0|rpc:10.1.0.244:38699|priority:0|startupRole:FOLLOWER, 976467f4-c66a-4ccc-8167-891a23ca4537|rpc:10.1.0.244:37157|priority:0|startupRole:FOLLOWER, ec4ff2c3-aedb-4237-8f96-8aa5e66a28ee|rpc:10.1.0.244:40923|priority:1|startupRole:FOLLOWER]|listeners:[], old=null
2022-11-08 06:31:58,147 [pool-72-thread-1] INFO  server.RaftServer$Division (RaftServerImpl.java:setRole(321)) - ec4ff2c3-aedb-4237-8f96-8aa5e66a28ee@group-F6E9697080AB: changes role from      null to FOLLOWER at term 0 for startAsFollower
2022-11-08 06:31:58,147 [pool-72-thread-1] INFO  impl.RoleInfo (RoleInfo.java:updateAndGet(139)) - ec4ff2c3-aedb-4237-8f96-8aa5e66a28ee: start ec4ff2c3-aedb-4237-8f96-8aa5e66a28ee@group-F6E9697080AB-FollowerState
2022-11-08 06:31:58,148 [pool-72-thread-1] INFO  util.JmxRegister (JmxRegister.java:tryRegister(44)) - Successfully registered JMX Bean with object name Ratis:service=RaftServer,group=group-F6E9697080AB,id=ec4ff2c3-aedb-4237-8f96-8aa5e66a28ee
2022-11-08 06:31:58,148 [pool-72-thread-1] INFO  server.RaftServerConfigKeys (ConfUtils.java:logGet(46)) - raft.server.snapshot.auto.trigger.enabled = true (custom)
2022-11-08 06:31:58,148 [pool-72-thread-1] INFO  server.RaftServerConfigKeys (ConfUtils.java:logGet(46)) - raft.server.snapshot.auto.trigger.threshold = 10000 (custom)
2022-11-08 06:31:58,148 [pool-72-thread-1] INFO  server.RaftServerConfigKeys (ConfUtils.java:logGet(46)) - raft.server.snapshot.retention.file.num = 5 (custom)
2022-11-08 06:31:58,148 [pool-72-thread-1] INFO  server.RaftServerConfigKeys (ConfUtils.java:logGet(46)) - raft.server.log.purge.upto.snapshot.index = false (default)
2022-11-08 06:31:58,151 [ec4ff2c3-aedb-4237-8f96-8aa5e66a28ee@group-F6E9697080AB-FollowerState] INFO  server.RaftServerConfigKeys (ConfUtils.java:logFallback(53)) - raft.server.rpc.first-election.timeout.min = 5s (fallback to raft.server.rpc.timeout.min)
2022-11-08 06:31:58,151 [ec4ff2c3-aedb-4237-8f96-8aa5e66a28ee@group-F6E9697080AB-FollowerState] INFO  server.RaftServerConfigKeys (ConfUtils.java:logFallback(53)) - raft.server.rpc.first-election.timeout.max = 5200ms (fallback to raft.server.rpc.timeout.max)
2022-11-08 06:31:58,169 [Command processor thread] INFO  ratis.XceiverServerRatis (XceiverServerRatis.java:addGroup(765)) - Created group PipelineID=e0898281-40f4-4d8c-9eb1-f6e9697080ab
2022-11-08 06:31:58,258 [Command processor thread] INFO  commandhandler.CreatePipelineCommandHandler (CreatePipelineCommandHandler.java:handle(113)) - Created Pipeline RATIS THREE PipelineID=e0898281-40f4-4d8c-9eb1-f6e9697080ab.
2022-11-08 06:31:58,277 [Command processor thread] INFO  commandhandler.CreatePipelineCommandHandler (CreatePipelineCommandHandler.java:handle(113)) - Created Pipeline RATIS THREE PipelineID=e0898281-40f4-4d8c-9eb1-f6e9697080ab.
2022-11-08 06:31:58,288 [Command processor thread] INFO  commandhandler.CreatePipelineCommandHandler (CreatePipelineCommandHandler.java:handle(113)) - Created Pipeline RATIS THREE PipelineID=e0898281-40f4-4d8c-9eb1-f6e9697080ab.
2022-11-08 06:31:58,371 [Command processor thread] INFO  server.RaftServer (RaftServerProxy.java:addNew(96)) - 2839026e-8851-4a4b-a6c3-ebe7d865c058: addNew group-51534D1FFBD1:[2839026e-8851-4a4b-a6c3-ebe7d865c058|rpc:10.1.0.244:45877|priority:1|startupRole:FOLLOWER] returns group-51534D1FFBD1:java.util.concurrent.CompletableFuture@2325264a[Not completed]
2022-11-08 06:31:58,372 [pool-141-thread-1] INFO  server.RaftServer$Division (RaftServerImpl.java:<init>(195)) - 2839026e-8851-4a4b-a6c3-ebe7d865c058: new RaftServerImpl for group-51534D1FFBD1:[2839026e-8851-4a4b-a6c3-ebe7d865c058|rpc:10.1.0.244:45877|priority:1|startupRole:FOLLOWER] with ContainerStateMachine:uninitialized
2022-11-08 06:31:58,372 [pool-141-thread-1] INFO  server.RaftServerConfigKeys (ConfUtils.java:logGet(46)) - raft.server.rpc.timeout.min = 5s (custom)
2022-11-08 06:31:58,373 [pool-141-thread-1] INFO  server.RaftServerConfigKeys (ConfUtils.java:logGet(46)) - raft.server.rpc.timeout.max = 5200ms (custom)
2022-11-08 06:31:58,373 [pool-141-thread-1] INFO  server.RaftServerConfigKeys (ConfUtils.java:logGet(46)) - raft.server.rpc.sleep.time = 25ms (default)
2022-11-08 06:31:58,373 [pool-141-thread-1] INFO  server.RaftServerConfigKeys (ConfUtils.java:logGet(46)) - raft.server.rpc.slowness.timeout = 300s (custom)
2022-11-08 06:31:58,373 [pool-141-thread-1] INFO  server.RaftServerConfigKeys (ConfUtils.java:logGet(46)) - raft.server.leaderelection.leader.step-down.wait-time = 10s (default)
2022-11-08 06:31:58,373 [pool-141-thread-1] INFO  server.RaftServerConfigKeys (ConfUtils.java:logGet(46)) - raft.server.sleep.deviation.threshold = 300ms (default)
2022-11-08 06:31:58,373 [pool-141-thread-1] INFO  server.RaftServer$Division (ServerState.java:<init>(118)) - 2839026e-8851-4a4b-a6c3-ebe7d865c058@group-51534D1FFBD1: ConfigurationManager, init=-1: peers:[2839026e-8851-4a4b-a6c3-ebe7d865c058|rpc:10.1.0.244:45877|priority:1|startupRole:FOLLOWER]|listeners:[], old=null, confs=<EMPTY_MAP>
2022-11-08 06:31:58,373 [pool-141-thread-1] INFO  server.RaftServerConfigKeys (ConfUtils.java:logGet(46)) - raft.server.storage.dir = [/home/runner/work/ozone/ozone/hadoop-ozone/integration-test/target/test-dir/MiniOzoneClusterImpl-c53ae64f-4849-40e6-a4d6-552e28141f22/datanode-3/data/ratis] (custom)
2022-11-08 06:31:58,373 [pool-141-thread-1] INFO  server.RaftServerConfigKeys (ConfUtils.java:logGet(46)) - raft.server.log.corruption.policy = EXCEPTION (default)
2022-11-08 06:31:58,373 [pool-141-thread-1] INFO  server.RaftServerConfigKeys (ConfUtils.java:logGet(46)) - raft.server.storage.free-space.min = 0MB (=0) (default)
2022-11-08 06:31:58,373 [pool-141-thread-1] INFO  server.RaftServerConfigKeys (ConfUtils.java:logGet(46)) - raft.server.notification.no-leader.timeout = 300s (custom)
2022-11-08 06:31:58,373 [pool-141-thread-1] INFO  server.RaftServerConfigKeys (ConfUtils.java:logGet(46)) - raft.server.retrycache.expirytime = 600000ms (custom)
2022-11-08 06:31:58,374 [pool-141-thread-1] INFO  server.RaftServerConfigKeys (ConfUtils.java:logGet(46)) - raft.server.retrycache.statistics.expirytime = 100μs (default)
2022-11-08 06:31:58,376 [pool-141-thread-1] INFO  server.RaftServerConfigKeys (ConfUtils.java:logGet(46)) - raft.server.log.appender.install.snapshot.enabled = false (custom)
2022-11-08 06:31:58,376 [pool-141-thread-1] INFO  server.RaftServerConfigKeys (ConfUtils.java:logGet(46)) - raft.server.threadpool.server.cached = true (default)
2022-11-08 06:31:58,376 [pool-141-thread-1] INFO  server.RaftServerConfigKeys (ConfUtils.java:logGet(46)) - raft.server.threadpool.server.size = 0 (default)
2022-11-08 06:31:58,376 [pool-141-thread-1] INFO  server.RaftServerConfigKeys (ConfUtils.java:logGet(46)) - raft.server.threadpool.client.cached = true (default)
2022-11-08 06:31:58,376 [pool-141-thread-1] INFO  server.RaftServerConfigKeys (ConfUtils.java:logGet(46)) - raft.server.threadpool.client.size = 0 (default)
2022-11-08 06:31:58,376 [pool-141-thread-1] INFO  storage.RaftStorageDirectory (RaftStorageDirectoryImpl.java:analyzeStorage(137)) - The storage directory /home/runner/work/ozone/ozone/hadoop-ozone/integration-test/target/test-dir/MiniOzoneClusterImpl-c53ae64f-4849-40e6-a4d6-552e28141f22/datanode-3/data/ratis/b5cd1cad-31d0-4510-8452-51534d1ffbd1 does not exist. Creating ...
2022-11-08 06:31:58,378 [pool-141-thread-1] INFO  storage.RaftStorageDirectory (RaftStorageDirectoryImpl.java:tryLock(231)) - Lock on /home/runner/work/ozone/ozone/hadoop-ozone/integration-test/target/test-dir/MiniOzoneClusterImpl-c53ae64f-4849-40e6-a4d6-552e28141f22/datanode-3/data/ratis/b5cd1cad-31d0-4510-8452-51534d1ffbd1/in_use.lock acquired by nodename 12075@fv-az220-111
2022-11-08 06:31:58,379 [pool-141-thread-1] INFO  storage.RaftStorage (RaftStorageImpl.java:format(96)) - Storage directory /home/runner/work/ozone/ozone/hadoop-ozone/integration-test/target/test-dir/MiniOzoneClusterImpl-c53ae64f-4849-40e6-a4d6-552e28141f22/datanode-3/data/ratis/b5cd1cad-31d0-4510-8452-51534d1ffbd1 has been successfully formatted.
2022-11-08 06:31:58,380 [pool-141-thread-1] INFO  ratis.ContainerStateMachine (ContainerStateMachine.java:loadSnapshot(236)) - group-51534D1FFBD1: The snapshot info is null. Setting the last applied indexto:(t:0, i:~)
2022-11-08 06:31:58,380 [pool-141-thread-1] INFO  server.RaftServerConfigKeys (ConfUtils.java:logGet(46)) - raft.server.log.use.memory = false (default)
2022-11-08 06:31:58,380 [pool-141-thread-1] INFO  server.RaftServerConfigKeys (ConfUtils.java:logGet(46)) - raft.server.log.purge.gap = 1000000 (custom)
2022-11-08 06:31:58,380 [pool-141-thread-1] INFO  server.RaftServerConfigKeys (ConfUtils.java:logGet(46)) - raft.server.log.appender.buffer.byte-limit = 33554432 (custom)
2022-11-08 06:31:58,381 [pool-141-thread-1] INFO  server.RaftServerConfigKeys (ConfUtils.java:logGet(46)) - raft.server.log.statemachine.data.read.timeout = 1000ms (default)
2022-11-08 06:31:58,381 [pool-141-thread-1] INFO  server.RaftServerConfigKeys (ConfUtils.java:logGet(46)) - raft.server.log.purge.preservation.log.num = 0 (default)
2022-11-08 06:31:58,381 [pool-141-thread-1] INFO  server.RaftServerConfigKeys (ConfUtils.java:logGet(46)) - raft.server.log.segment.size.max = 1048576 (custom)
2022-11-08 06:31:58,383 [EventQueue-PipelineReportForPipelineReportHandler] INFO  pipeline.PipelineManagerImpl (PipelineManagerImpl.java:openPipeline(367)) - Pipeline Pipeline[ Id: b5cd1cad-31d0-4510-8452-51534d1ffbd1, Nodes: 2839026e-8851-4a4b-a6c3-ebe7d865c058{ip: 10.1.0.244, host: fv-az220-111.shdwizndlbjulinwhzhdmup5sb.jx.internal.cloudapp.net, ports: [REPLICATION=35871, RATIS=45877, RATIS_ADMIN=45877, RATIS_SERVER=45877, STANDALONE=42285], networkLocation: /default-rack, certSerialId: null, persistedOpState: IN_SERVICE, persistedOpStateExpiryEpochSec: 0}, ReplicationConfig: RATIS/ONE, State:ALLOCATED, leaderId:2839026e-8851-4a4b-a6c3-ebe7d865c058, CreationTimestamp2022-11-08T06:31:55.373Z[Etc/UTC]] moved to OPEN state
2022-11-08 06:31:58,383 [EventQueue-OpenPipelineForHealthyPipelineSafeModeRule] INFO  safemode.SCMSafeModeManager (HealthyPipelineSafeModeRule.java:process(137)) - SCM in safe mode. Healthy pipelines reported count is 0, required healthy pipeline reported count is 1
2022-11-08 06:31:58,384 [pool-141-thread-1] INFO  server.RaftServerConfigKeys (ConfUtils.java:logGet(46)) - raft.server.log.segment.cache.num.max = 2 (custom)
2022-11-08 06:31:58,385 [pool-141-thread-1] INFO  server.RaftServerConfigKeys (ConfUtils.java:logGet(46)) - raft.server.log.segment.cache.size.max = 200MB (=209715200) (default)
2022-11-08 06:31:58,385 [pool-141-thread-1] INFO  segmented.SegmentedRaftLogWorker (SegmentedRaftLogWorker.java:<init>(191)) - new 2839026e-8851-4a4b-a6c3-ebe7d865c058@group-51534D1FFBD1-SegmentedRaftLogWorker for RaftStorageImpl:Storage Directory /home/runner/work/ozone/ozone/hadoop-ozone/integration-test/target/test-dir/MiniOzoneClusterImpl-c53ae64f-4849-40e6-a4d6-552e28141f22/datanode-3/data/ratis/b5cd1cad-31d0-4510-8452-51534d1ffbd1
2022-11-08 06:31:58,385 [pool-141-thread-1] INFO  server.RaftServerConfigKeys (ConfUtils.java:logGet(46)) - raft.server.log.queue.byte-limit = 4294967296 (custom)
2022-11-08 06:31:58,385 [pool-141-thread-1] INFO  server.RaftServerConfigKeys (ConfUtils.java:logGet(46)) - raft.server.log.queue.element-limit = 1024 (custom)
2022-11-08 06:31:58,385 [pool-141-thread-1] INFO  server.RaftServerConfigKeys (ConfUtils.java:logGet(46)) - raft.server.log.segment.size.max = 1048576 (custom)
2022-11-08 06:31:58,385 [pool-141-thread-1] INFO  server.RaftServerConfigKeys (ConfUtils.java:logGet(46)) - raft.server.log.preallocated.size = 16384 (custom)
2022-11-08 06:31:58,385 [pool-141-thread-1] INFO  server.RaftServerConfigKeys (ConfUtils.java:logGet(46)) - raft.server.log.force.sync.num = 128 (default)
2022-11-08 06:31:58,385 [pool-141-thread-1] INFO  server.RaftServerConfigKeys (ConfUtils.java:logGet(46)) - raft.server.log.statemachine.data.sync = true (default)
2022-11-08 06:31:58,386 [pool-141-thread-1] INFO  server.RaftServerConfigKeys (ConfUtils.java:logGet(46)) - raft.server.log.statemachine.data.sync.timeout = 10s (default)
2022-11-08 06:31:58,386 [pool-141-thread-1] INFO  server.RaftServerConfigKeys (ConfUtils.java:logGet(46)) - raft.server.log.statemachine.data.sync.timeout.retry = -1 (default)
2022-11-08 06:31:58,386 [pool-141-thread-1] INFO  server.RaftServerConfigKeys (ConfUtils.java:logGet(46)) - raft.server.log.write.buffer.size = 1048576 (custom)
2022-11-08 06:31:58,387 [pool-141-thread-1] INFO  server.RaftServerConfigKeys (ConfUtils.java:logGet(46)) - raft.server.log.unsafe-flush.enabled = false (default)
2022-11-08 06:31:58,387 [pool-141-thread-1] INFO  server.RaftServerConfigKeys (ConfUtils.java:logGet(46)) - raft.server.log.async-flush.enabled = false (default)
2022-11-08 06:31:58,387 [pool-141-thread-1] INFO  server.RaftServerConfigKeys (ConfUtils.java:logGet(46)) - raft.server.log.statemachine.data.caching.enabled = true (custom)
2022-11-08 06:31:58,388 [pool-141-thread-1] INFO  segmented.SegmentedRaftLogWorker (SegmentedRaftLogWorker.java:lambda$new$0(136)) - 2839026e-8851-4a4b-a6c3-ebe7d865c058@group-51534D1FFBD1-SegmentedRaftLogWorker: flushIndex: setUnconditionally 0 -> -1
2022-11-08 06:31:58,388 [pool-141-thread-1] INFO  segmented.SegmentedRaftLogWorker (SegmentedRaftLogWorker.java:lambda$new$0(136)) - 2839026e-8851-4a4b-a6c3-ebe7d865c058@group-51534D1FFBD1-SegmentedRaftLogWorker: safeCacheEvictIndex: setUnconditionally 0 -> -1
2022-11-08 06:31:58,389 [pool-141-thread-1] INFO  server.RaftServer$Division (RaftServerImpl.java:start(334)) - 2839026e-8851-4a4b-a6c3-ebe7d865c058@group-51534D1FFBD1: start as a follower, conf=-1: peers:[2839026e-8851-4a4b-a6c3-ebe7d865c058|rpc:10.1.0.244:45877|priority:1|startupRole:FOLLOWER]|listeners:[], old=null
2022-11-08 06:31:58,389 [pool-141-thread-1] INFO  server.RaftServer$Division (RaftServerImpl.java:setRole(321)) - 2839026e-8851-4a4b-a6c3-ebe7d865c058@group-51534D1FFBD1: changes role from      null to FOLLOWER at term 0 for startAsFollower
2022-11-08 06:31:58,389 [pool-141-thread-1] INFO  impl.RoleInfo (RoleInfo.java:updateAndGet(139)) - 2839026e-8851-4a4b-a6c3-ebe7d865c058: start 2839026e-8851-4a4b-a6c3-ebe7d865c058@group-51534D1FFBD1-FollowerState
2022-11-08 06:31:58,389 [pool-141-thread-1] INFO  util.JmxRegister (JmxRegister.java:tryRegister(44)) - Successfully registered JMX Bean with object name Ratis:service=RaftServer,group=group-51534D1FFBD1,id=2839026e-8851-4a4b-a6c3-ebe7d865c058
2022-11-08 06:31:58,389 [pool-141-thread-1] INFO  server.RaftServerConfigKeys (ConfUtils.java:logGet(46)) - raft.server.snapshot.auto.trigger.enabled = true (custom)
2022-11-08 06:31:58,389 [pool-141-thread-1] INFO  server.RaftServerConfigKeys (ConfUtils.java:logGet(46)) - raft.server.snapshot.auto.trigger.threshold = 10000 (custom)
2022-11-08 06:31:58,389 [pool-141-thread-1] INFO  server.RaftServerConfigKeys (ConfUtils.java:logGet(46)) - raft.server.snapshot.retention.file.num = 5 (custom)
2022-11-08 06:31:58,389 [pool-141-thread-1] INFO  server.RaftServerConfigKeys (ConfUtils.java:logGet(46)) - raft.server.log.purge.upto.snapshot.index = false (default)
2022-11-08 06:31:58,390 [Command processor thread] INFO  ratis.XceiverServerRatis (XceiverServerRatis.java:addGroup(765)) - Created group PipelineID=b5cd1cad-31d0-4510-8452-51534d1ffbd1
2022-11-08 06:31:58,390 [Command processor thread] INFO  commandhandler.CreatePipelineCommandHandler (CreatePipelineCommandHandler.java:handle(113)) - Created Pipeline RATIS ONE PipelineID=b5cd1cad-31d0-4510-8452-51534d1ffbd1.
2022-11-08 06:31:58,390 [Command processor thread] INFO  server.RaftServer (RaftServerProxy.java:addNew(96)) - 2839026e-8851-4a4b-a6c3-ebe7d865c058: addNew group-51BCA9DC5368:[ea638ff9-1ace-4fa2-9837-fa4aefb4be68|rpc:10.1.0.244:46199|priority:0|startupRole:FOLLOWER, 2839026e-8851-4a4b-a6c3-ebe7d865c058|rpc:10.1.0.244:45877|priority:1|startupRole:FOLLOWER, 6307e296-217c-47f6-b7e1-30640c7ce136|rpc:10.1.0.244:44105|priority:0|startupRole:FOLLOWER] returns group-51BCA9DC5368:java.util.concurrent.CompletableFuture@271ab6f6[Not completed]
2022-11-08 06:31:58,390 [2839026e-8851-4a4b-a6c3-ebe7d865c058@group-51534D1FFBD1-FollowerState] INFO  server.RaftServerConfigKeys (ConfUtils.java:logFallback(53)) - raft.server.rpc.first-election.timeout.min = 5s (fallback to raft.server.rpc.timeout.min)
2022-11-08 06:31:58,391 [2839026e-8851-4a4b-a6c3-ebe7d865c058@group-51534D1FFBD1-FollowerState] INFO  server.RaftServerConfigKeys (ConfUtils.java:logFallback(53)) - raft.server.rpc.first-election.timeout.max = 5200ms (fallback to raft.server.rpc.timeout.max)
2022-11-08 06:31:58,391 [pool-141-thread-1] INFO  server.RaftServer$Division (RaftServerImpl.java:<init>(195)) - 2839026e-8851-4a4b-a6c3-ebe7d865c058: new RaftServerImpl for group-51BCA9DC5368:[ea638ff9-1ace-4fa2-9837-fa4aefb4be68|rpc:10.1.0.244:46199|priority:0|startupRole:FOLLOWER, 2839026e-8851-4a4b-a6c3-ebe7d865c058|rpc:10.1.0.244:45877|priority:1|startupRole:FOLLOWER, 6307e296-217c-47f6-b7e1-30640c7ce136|rpc:10.1.0.244:44105|priority:0|startupRole:FOLLOWER] with ContainerStateMachine:uninitialized
2022-11-08 06:31:58,392 [pool-141-thread-1] INFO  server.RaftServerConfigKeys (ConfUtils.java:logGet(46)) - raft.server.rpc.timeout.min = 5s (custom)
2022-11-08 06:31:58,392 [pool-141-thread-1] INFO  server.RaftServerConfigKeys (ConfUtils.java:logGet(46)) - raft.server.rpc.timeout.max = 5200ms (custom)
2022-11-08 06:31:58,392 [pool-141-thread-1] INFO  server.RaftServerConfigKeys (ConfUtils.java:logGet(46)) - raft.server.rpc.sleep.time = 25ms (default)
2022-11-08 06:31:58,392 [pool-141-thread-1] INFO  server.RaftServerConfigKeys (ConfUtils.java:logGet(46)) - raft.server.rpc.slowness.timeout = 300s (custom)
2022-11-08 06:31:58,392 [pool-141-thread-1] INFO  server.RaftServerConfigKeys (ConfUtils.java:logGet(46)) - raft.server.leaderelection.leader.step-down.wait-time = 10s (default)
2022-11-08 06:31:58,392 [pool-141-thread-1] INFO  server.RaftServerConfigKeys (ConfUtils.java:logGet(46)) - raft.server.sleep.deviation.threshold = 300ms (default)
2022-11-08 06:31:58,392 [pool-141-thread-1] INFO  server.RaftServer$Division (ServerState.java:<init>(118)) - 2839026e-8851-4a4b-a6c3-ebe7d865c058@group-51BCA9DC5368: ConfigurationManager, init=-1: peers:[ea638ff9-1ace-4fa2-9837-fa4aefb4be68|rpc:10.1.0.244:46199|priority:0|startupRole:FOLLOWER, 2839026e-8851-4a4b-a6c3-ebe7d865c058|rpc:10.1.0.244:45877|priority:1|startupRole:FOLLOWER, 6307e296-217c-47f6-b7e1-30640c7ce136|rpc:10.1.0.244:44105|priority:0|startupRole:FOLLOWER]|listeners:[], old=null, confs=<EMPTY_MAP>
2022-11-08 06:31:58,392 [pool-141-thread-1] INFO  server.RaftServerConfigKeys (ConfUtils.java:logGet(46)) - raft.server.storage.dir = [/home/runner/work/ozone/ozone/hadoop-ozone/integration-test/target/test-dir/MiniOzoneClusterImpl-c53ae64f-4849-40e6-a4d6-552e28141f22/datanode-3/data/ratis] (custom)
2022-11-08 06:31:58,393 [pool-141-thread-1] INFO  server.RaftServerConfigKeys (ConfUtils.java:logGet(46)) - raft.server.log.corruption.policy = EXCEPTION (default)
2022-11-08 06:31:58,393 [pool-141-thread-1] INFO  server.RaftServerConfigKeys (ConfUtils.java:logGet(46)) - raft.server.storage.free-space.min = 0MB (=0) (default)
2022-11-08 06:31:58,393 [pool-141-thread-1] INFO  server.RaftServerConfigKeys (ConfUtils.java:logGet(46)) - raft.server.notification.no-leader.timeout = 300s (custom)
2022-11-08 06:31:58,393 [pool-141-thread-1] INFO  server.RaftServerConfigKeys (ConfUtils.java:logGet(46)) - raft.server.retrycache.expirytime = 600000ms (custom)
2022-11-08 06:31:58,393 [pool-141-thread-1] INFO  server.RaftServerConfigKeys (ConfUtils.java:logGet(46)) - raft.server.retrycache.statistics.expirytime = 100μs (default)
2022-11-08 06:31:58,394 [pool-141-thread-1] INFO  server.RaftServerConfigKeys (ConfUtils.java:logGet(46)) - raft.server.log.appender.install.snapshot.enabled = false (custom)
2022-11-08 06:31:58,394 [pool-141-thread-1] INFO  server.RaftServerConfigKeys (ConfUtils.java:logGet(46)) - raft.server.threadpool.server.cached = true (default)
2022-11-08 06:31:58,394 [pool-141-thread-1] INFO  server.RaftServerConfigKeys (ConfUtils.java:logGet(46)) - raft.server.threadpool.server.size = 0 (default)
2022-11-08 06:31:58,394 [pool-141-thread-1] INFO  server.RaftServerConfigKeys (ConfUtils.java:logGet(46)) - raft.server.threadpool.client.cached = true (default)
2022-11-08 06:31:58,394 [pool-141-thread-1] INFO  server.RaftServerConfigKeys (ConfUtils.java:logGet(46)) - raft.server.threadpool.client.size = 0 (default)
2022-11-08 06:31:58,394 [pool-141-thread-1] INFO  storage.RaftStorageDirectory (RaftStorageDirectoryImpl.java:analyzeStorage(137)) - The storage directory /home/runner/work/ozone/ozone/hadoop-ozone/integration-test/target/test-dir/MiniOzoneClusterImpl-c53ae64f-4849-40e6-a4d6-552e28141f22/datanode-3/data/ratis/75d1896c-4bf2-4229-ad72-51bca9dc5368 does not exist. Creating ...
2022-11-08 06:31:58,395 [pool-141-thread-1] INFO  storage.RaftStorageDirectory (RaftStorageDirectoryImpl.java:tryLock(231)) - Lock on /home/runner/work/ozone/ozone/hadoop-ozone/integration-test/target/test-dir/MiniOzoneClusterImpl-c53ae64f-4849-40e6-a4d6-552e28141f22/datanode-3/data/ratis/75d1896c-4bf2-4229-ad72-51bca9dc5368/in_use.lock acquired by nodename 12075@fv-az220-111
2022-11-08 06:31:58,397 [pool-141-thread-1] INFO  storage.RaftStorage (RaftStorageImpl.java:format(96)) - Storage directory /home/runner/work/ozone/ozone/hadoop-ozone/integration-test/target/test-dir/MiniOzoneClusterImpl-c53ae64f-4849-40e6-a4d6-552e28141f22/datanode-3/data/ratis/75d1896c-4bf2-4229-ad72-51bca9dc5368 has been successfully formatted.
2022-11-08 06:31:58,398 [pool-141-thread-1] INFO  ratis.ContainerStateMachine (ContainerStateMachine.java:loadSnapshot(236)) - group-51BCA9DC5368: The snapshot info is null. Setting the last applied indexto:(t:0, i:~)
2022-11-08 06:31:58,398 [pool-141-thread-1] INFO  server.RaftServerConfigKeys (ConfUtils.java:logGet(46)) - raft.server.log.use.memory = false (default)
2022-11-08 06:31:58,400 [EventQueue-OpenPipelineForHealthyPipelineSafeModeRule] INFO  safemode.SCMSafeModeManager (HealthyPipelineSafeModeRule.java:process(137)) - SCM in safe mode. Healthy pipelines reported count is 0, required healthy pipeline reported count is 1
2022-11-08 06:31:58,405 [pool-141-thread-1] INFO  server.RaftServerConfigKeys (ConfUtils.java:logGet(46)) - raft.server.log.purge.gap = 1000000 (custom)
2022-11-08 06:31:58,406 [pool-141-thread-1] INFO  server.RaftServerConfigKeys (ConfUtils.java:logGet(46)) - raft.server.log.appender.buffer.byte-limit = 33554432 (custom)
2022-11-08 06:31:58,406 [pool-141-thread-1] INFO  server.RaftServerConfigKeys (ConfUtils.java:logGet(46)) - raft.server.log.statemachine.data.read.timeout = 1000ms (default)
2022-11-08 06:31:58,406 [pool-141-thread-1] INFO  server.RaftServerConfigKeys (ConfUtils.java:logGet(46)) - raft.server.log.purge.preservation.log.num = 0 (default)
2022-11-08 06:31:58,406 [pool-141-thread-1] INFO  server.RaftServerConfigKeys (ConfUtils.java:logGet(46)) - raft.server.log.segment.size.max = 1048576 (custom)
2022-11-08 06:31:58,407 [pool-141-thread-1] INFO  server.RaftServerConfigKeys (ConfUtils.java:logGet(46)) - raft.server.log.segment.cache.num.max = 2 (custom)
2022-11-08 06:31:58,407 [pool-141-thread-1] INFO  server.RaftServerConfigKeys (ConfUtils.java:logGet(46)) - raft.server.log.segment.cache.size.max = 200MB (=209715200) (default)
2022-11-08 06:31:58,407 [pool-141-thread-1] INFO  segmented.SegmentedRaftLogWorker (SegmentedRaftLogWorker.java:<init>(191)) - new 2839026e-8851-4a4b-a6c3-ebe7d865c058@group-51BCA9DC5368-SegmentedRaftLogWorker for RaftStorageImpl:Storage Directory /home/runner/work/ozone/ozone/hadoop-ozone/integration-test/target/test-dir/MiniOzoneClusterImpl-c53ae64f-4849-40e6-a4d6-552e28141f22/datanode-3/data/ratis/75d1896c-4bf2-4229-ad72-51bca9dc5368
2022-11-08 06:31:58,407 [pool-141-thread-1] INFO  server.RaftServerConfigKeys (ConfUtils.java:logGet(46)) - raft.server.log.queue.byte-limit = 4294967296 (custom)
2022-11-08 06:31:58,407 [pool-141-thread-1] INFO  server.RaftServerConfigKeys (ConfUtils.java:logGet(46)) - raft.server.log.queue.element-limit = 1024 (custom)
2022-11-08 06:31:58,407 [pool-141-thread-1] INFO  server.RaftServerConfigKeys (ConfUtils.java:logGet(46)) - raft.server.log.segment.size.max = 1048576 (custom)
2022-11-08 06:31:58,407 [pool-141-thread-1] INFO  server.RaftServerConfigKeys (ConfUtils.java:logGet(46)) - raft.server.log.preallocated.size = 16384 (custom)
2022-11-08 06:31:58,407 [pool-141-thread-1] INFO  server.RaftServerConfigKeys (ConfUtils.java:logGet(46)) - raft.server.log.force.sync.num = 128 (default)
2022-11-08 06:31:58,407 [pool-141-thread-1] INFO  server.RaftServerConfigKeys (ConfUtils.java:logGet(46)) - raft.server.log.statemachine.data.sync = true (default)
2022-11-08 06:31:58,407 [pool-141-thread-1] INFO  server.RaftServerConfigKeys (ConfUtils.java:logGet(46)) - raft.server.log.statemachine.data.sync.timeout = 10s (default)
2022-11-08 06:31:58,407 [pool-141-thread-1] INFO  server.RaftServerConfigKeys (ConfUtils.java:logGet(46)) - raft.server.log.statemachine.data.sync.timeout.retry = -1 (default)
2022-11-08 06:31:58,408 [pool-141-thread-1] INFO  server.RaftServerConfigKeys (ConfUtils.java:logGet(46)) - raft.server.log.write.buffer.size = 1048576 (custom)
2022-11-08 06:31:58,409 [pool-141-thread-1] INFO  server.RaftServerConfigKeys (ConfUtils.java:logGet(46)) - raft.server.log.unsafe-flush.enabled = false (default)
2022-11-08 06:31:58,411 [pool-141-thread-1] INFO  server.RaftServerConfigKeys (ConfUtils.java:logGet(46)) - raft.server.log.async-flush.enabled = false (default)
2022-11-08 06:31:58,411 [pool-141-thread-1] INFO  server.RaftServerConfigKeys (ConfUtils.java:logGet(46)) - raft.server.log.statemachine.data.caching.enabled = true (custom)
2022-11-08 06:31:58,412 [pool-141-thread-1] INFO  segmented.SegmentedRaftLogWorker (SegmentedRaftLogWorker.java:lambda$new$0(136)) - 2839026e-8851-4a4b-a6c3-ebe7d865c058@group-51BCA9DC5368-SegmentedRaftLogWorker: flushIndex: setUnconditionally 0 -> -1
2022-11-08 06:31:58,412 [pool-141-thread-1] INFO  segmented.SegmentedRaftLogWorker (SegmentedRaftLogWorker.java:lambda$new$0(136)) - 2839026e-8851-4a4b-a6c3-ebe7d865c058@group-51BCA9DC5368-SegmentedRaftLogWorker: safeCacheEvictIndex: setUnconditionally 0 -> -1
2022-11-08 06:31:58,413 [pool-141-thread-1] INFO  server.RaftServer$Division (RaftServerImpl.java:start(334)) - 2839026e-8851-4a4b-a6c3-ebe7d865c058@group-51BCA9DC5368: start as a follower, conf=-1: peers:[ea638ff9-1ace-4fa2-9837-fa4aefb4be68|rpc:10.1.0.244:46199|priority:0|startupRole:FOLLOWER, 2839026e-8851-4a4b-a6c3-ebe7d865c058|rpc:10.1.0.244:45877|priority:1|startupRole:FOLLOWER, 6307e296-217c-47f6-b7e1-30640c7ce136|rpc:10.1.0.244:44105|priority:0|startupRole:FOLLOWER]|listeners:[], old=null
2022-11-08 06:31:58,413 [pool-141-thread-1] INFO  server.RaftServer$Division (RaftServerImpl.java:setRole(321)) - 2839026e-8851-4a4b-a6c3-ebe7d865c058@group-51BCA9DC5368: changes role from      null to FOLLOWER at term 0 for startAsFollower
2022-11-08 06:31:58,413 [pool-141-thread-1] INFO  impl.RoleInfo (RoleInfo.java:updateAndGet(139)) - 2839026e-8851-4a4b-a6c3-ebe7d865c058: start 2839026e-8851-4a4b-a6c3-ebe7d865c058@group-51BCA9DC5368-FollowerState
2022-11-08 06:31:58,417 [pool-141-thread-1] INFO  util.JmxRegister (JmxRegister.java:tryRegister(44)) - Successfully registered JMX Bean with object name Ratis:service=RaftServer,group=group-51BCA9DC5368,id=2839026e-8851-4a4b-a6c3-ebe7d865c058
2022-11-08 06:31:58,417 [pool-141-thread-1] INFO  server.RaftServerConfigKeys (ConfUtils.java:logGet(46)) - raft.server.snapshot.auto.trigger.enabled = true (custom)
2022-11-08 06:31:58,417 [pool-141-thread-1] INFO  server.RaftServerConfigKeys (ConfUtils.java:logGet(46)) - raft.server.snapshot.auto.trigger.threshold = 10000 (custom)
2022-11-08 06:31:58,417 [pool-141-thread-1] INFO  server.RaftServerConfigKeys (ConfUtils.java:logGet(46)) - raft.server.snapshot.retention.file.num = 5 (custom)
2022-11-08 06:31:58,417 [pool-141-thread-1] INFO  server.RaftServerConfigKeys (ConfUtils.java:logGet(46)) - raft.server.log.purge.upto.snapshot.index = false (default)
2022-11-08 06:31:58,418 [2839026e-8851-4a4b-a6c3-ebe7d865c058@group-51BCA9DC5368-FollowerState] INFO  server.RaftServerConfigKeys (ConfUtils.java:logFallback(53)) - raft.server.rpc.first-election.timeout.min = 5s (fallback to raft.server.rpc.timeout.min)
2022-11-08 06:31:58,418 [2839026e-8851-4a4b-a6c3-ebe7d865c058@group-51BCA9DC5368-FollowerState] INFO  server.RaftServerConfigKeys (ConfUtils.java:logFallback(53)) - raft.server.rpc.first-election.timeout.max = 5200ms (fallback to raft.server.rpc.timeout.max)
2022-11-08 06:31:58,419 [Command processor thread] INFO  ratis.XceiverServerRatis (XceiverServerRatis.java:addGroup(765)) - Created group PipelineID=75d1896c-4bf2-4229-ad72-51bca9dc5368
2022-11-08 06:31:58,433 [grpc-default-executor-0] INFO  server.RaftServer (RaftServerProxy.java:addNew(96)) - ea638ff9-1ace-4fa2-9837-fa4aefb4be68: addNew group-51BCA9DC5368:[ea638ff9-1ace-4fa2-9837-fa4aefb4be68|rpc:10.1.0.244:46199|dataStream:|priority:0|startupRole:FOLLOWER, 2839026e-8851-4a4b-a6c3-ebe7d865c058|rpc:10.1.0.244:45877|dataStream:|priority:1|startupRole:FOLLOWER, 6307e296-217c-47f6-b7e1-30640c7ce136|rpc:10.1.0.244:44105|dataStream:|priority:0|startupRole:FOLLOWER] returns group-51BCA9DC5368:java.util.concurrent.CompletableFuture@340a7278[Not completed]
2022-11-08 06:31:58,435 [pool-187-thread-1] INFO  server.RaftServer$Division (RaftServerImpl.java:<init>(195)) - ea638ff9-1ace-4fa2-9837-fa4aefb4be68: new RaftServerImpl for group-51BCA9DC5368:[ea638ff9-1ace-4fa2-9837-fa4aefb4be68|rpc:10.1.0.244:46199|dataStream:|priority:0|startupRole:FOLLOWER, 2839026e-8851-4a4b-a6c3-ebe7d865c058|rpc:10.1.0.244:45877|dataStream:|priority:1|startupRole:FOLLOWER, 6307e296-217c-47f6-b7e1-30640c7ce136|rpc:10.1.0.244:44105|dataStream:|priority:0|startupRole:FOLLOWER] with ContainerStateMachine:uninitialized
2022-11-08 06:31:58,435 [pool-187-thread-1] INFO  server.RaftServerConfigKeys (ConfUtils.java:logGet(46)) - raft.server.rpc.timeout.min = 5s (custom)
2022-11-08 06:31:58,435 [pool-187-thread-1] INFO  server.RaftServerConfigKeys (ConfUtils.java:logGet(46)) - raft.server.rpc.timeout.max = 5200ms (custom)
2022-11-08 06:31:58,435 [pool-187-thread-1] INFO  server.RaftServerConfigKeys (ConfUtils.java:logGet(46)) - raft.server.rpc.sleep.time = 25ms (default)
2022-11-08 06:31:58,435 [pool-187-thread-1] INFO  server.RaftServerConfigKeys (ConfUtils.java:logGet(46)) - raft.server.rpc.slowness.timeout = 300s (custom)
2022-11-08 06:31:58,435 [pool-187-thread-1] INFO  server.RaftServerConfigKeys (ConfUtils.java:logGet(46)) - raft.server.leaderelection.leader.step-down.wait-time = 10s (default)
2022-11-08 06:31:58,435 [pool-187-thread-1] INFO  server.RaftServerConfigKeys (ConfUtils.java:logGet(46)) - raft.server.sleep.deviation.threshold = 300ms (default)
2022-11-08 06:31:58,435 [pool-187-thread-1] INFO  server.RaftServer$Division (ServerState.java:<init>(118)) - ea638ff9-1ace-4fa2-9837-fa4aefb4be68@group-51BCA9DC5368: ConfigurationManager, init=-1: peers:[ea638ff9-1ace-4fa2-9837-fa4aefb4be68|rpc:10.1.0.244:46199|dataStream:|priority:0|startupRole:FOLLOWER, 2839026e-8851-4a4b-a6c3-ebe7d865c058|rpc:10.1.0.244:45877|dataStream:|priority:1|startupRole:FOLLOWER, 6307e296-217c-47f6-b7e1-30640c7ce136|rpc:10.1.0.244:44105|dataStream:|priority:0|startupRole:FOLLOWER]|listeners:[], old=null, confs=<EMPTY_MAP>
2022-11-08 06:31:58,435 [pool-187-thread-1] INFO  server.RaftServerConfigKeys (ConfUtils.java:logGet(46)) - raft.server.storage.dir = [/home/runner/work/ozone/ozone/hadoop-ozone/integration-test/target/test-dir/MiniOzoneClusterImpl-c53ae64f-4849-40e6-a4d6-552e28141f22/datanode-5/data/ratis] (custom)
2022-11-08 06:31:58,435 [pool-187-thread-1] INFO  server.RaftServerConfigKeys (ConfUtils.java:logGet(46)) - raft.server.log.corruption.policy = EXCEPTION (default)
2022-11-08 06:31:58,435 [pool-187-thread-1] INFO  server.RaftServerConfigKeys (ConfUtils.java:logGet(46)) - raft.server.storage.free-space.min = 0MB (=0) (default)
2022-11-08 06:31:58,435 [pool-187-thread-1] INFO  server.RaftServerConfigKeys (ConfUtils.java:logGet(46)) - raft.server.notification.no-leader.timeout = 300s (custom)
2022-11-08 06:31:58,435 [pool-187-thread-1] INFO  server.RaftServerConfigKeys (ConfUtils.java:logGet(46)) - raft.server.retrycache.expirytime = 600000ms (custom)
2022-11-08 06:31:58,435 [pool-187-thread-1] INFO  server.RaftServerConfigKeys (ConfUtils.java:logGet(46)) - raft.server.retrycache.statistics.expirytime = 100μs (default)
2022-11-08 06:31:58,438 [pool-187-thread-1] INFO  server.RaftServerConfigKeys (ConfUtils.java:logGet(46)) - raft.server.log.appender.install.snapshot.enabled = false (custom)
2022-11-08 06:31:58,438 [pool-187-thread-1] INFO  server.RaftServerConfigKeys (ConfUtils.java:logGet(46)) - raft.server.threadpool.server.cached = true (default)
2022-11-08 06:31:58,438 [pool-187-thread-1] INFO  server.RaftServerConfigKeys (ConfUtils.java:logGet(46)) - raft.server.threadpool.server.size = 0 (default)
2022-11-08 06:31:58,438 [pool-187-thread-1] INFO  server.RaftServerConfigKeys (ConfUtils.java:logGet(46)) - raft.server.threadpool.client.cached = true (default)
2022-11-08 06:31:58,438 [pool-187-thread-1] INFO  server.RaftServerConfigKeys (ConfUtils.java:logGet(46)) - raft.server.threadpool.client.size = 0 (default)
2022-11-08 06:31:58,438 [pool-187-thread-1] INFO  storage.RaftStorageDirectory (RaftStorageDirectoryImpl.java:analyzeStorage(137)) - The storage directory /home/runner/work/ozone/ozone/hadoop-ozone/integration-test/target/test-dir/MiniOzoneClusterImpl-c53ae64f-4849-40e6-a4d6-552e28141f22/datanode-5/data/ratis/75d1896c-4bf2-4229-ad72-51bca9dc5368 does not exist. Creating ...
2022-11-08 06:31:58,439 [pool-187-thread-1] INFO  storage.RaftStorageDirectory (RaftStorageDirectoryImpl.java:tryLock(231)) - Lock on /home/runner/work/ozone/ozone/hadoop-ozone/integration-test/target/test-dir/MiniOzoneClusterImpl-c53ae64f-4849-40e6-a4d6-552e28141f22/datanode-5/data/ratis/75d1896c-4bf2-4229-ad72-51bca9dc5368/in_use.lock acquired by nodename 12075@fv-az220-111
2022-11-08 06:31:58,441 [pool-187-thread-1] INFO  storage.RaftStorage (RaftStorageImpl.java:format(96)) - Storage directory /home/runner/work/ozone/ozone/hadoop-ozone/integration-test/target/test-dir/MiniOzoneClusterImpl-c53ae64f-4849-40e6-a4d6-552e28141f22/datanode-5/data/ratis/75d1896c-4bf2-4229-ad72-51bca9dc5368 has been successfully formatted.
2022-11-08 06:31:58,444 [pool-187-thread-1] INFO  ratis.ContainerStateMachine (ContainerStateMachine.java:loadSnapshot(236)) - group-51BCA9DC5368: The snapshot info is null. Setting the last applied indexto:(t:0, i:~)
2022-11-08 06:31:58,446 [pool-187-thread-1] INFO  server.RaftServerConfigKeys (ConfUtils.java:logGet(46)) - raft.server.log.use.memory = false (default)
2022-11-08 06:31:58,446 [pool-187-thread-1] INFO  server.RaftServerConfigKeys (ConfUtils.java:logGet(46)) - raft.server.log.purge.gap = 1000000 (custom)
2022-11-08 06:31:58,446 [pool-187-thread-1] INFO  server.RaftServerConfigKeys (ConfUtils.java:logGet(46)) - raft.server.log.appender.buffer.byte-limit = 33554432 (custom)
2022-11-08 06:31:58,446 [pool-187-thread-1] INFO  server.RaftServerConfigKeys (ConfUtils.java:logGet(46)) - raft.server.log.statemachine.data.read.timeout = 1000ms (default)
2022-11-08 06:31:58,446 [pool-187-thread-1] INFO  server.RaftServerConfigKeys (ConfUtils.java:logGet(46)) - raft.server.log.purge.preservation.log.num = 0 (default)
2022-11-08 06:31:58,446 [pool-187-thread-1] INFO  server.RaftServerConfigKeys (ConfUtils.java:logGet(46)) - raft.server.log.segment.size.max = 1048576 (custom)
2022-11-08 06:31:58,447 [pool-187-thread-1] INFO  server.RaftServerConfigKeys (ConfUtils.java:logGet(46)) - raft.server.log.segment.cache.num.max = 2 (custom)
2022-11-08 06:31:58,447 [pool-187-thread-1] INFO  server.RaftServerConfigKeys (ConfUtils.java:logGet(46)) - raft.server.log.segment.cache.size.max = 200MB (=209715200) (default)
2022-11-08 06:31:58,447 [pool-187-thread-1] INFO  segmented.SegmentedRaftLogWorker (SegmentedRaftLogWorker.java:<init>(191)) - new ea638ff9-1ace-4fa2-9837-fa4aefb4be68@group-51BCA9DC5368-SegmentedRaftLogWorker for RaftStorageImpl:Storage Directory /home/runner/work/ozone/ozone/hadoop-ozone/integration-test/target/test-dir/MiniOzoneClusterImpl-c53ae64f-4849-40e6-a4d6-552e28141f22/datanode-5/data/ratis/75d1896c-4bf2-4229-ad72-51bca9dc5368
2022-11-08 06:31:58,447 [pool-187-thread-1] INFO  server.RaftServerConfigKeys (ConfUtils.java:logGet(46)) - raft.server.log.queue.byte-limit = 4294967296 (custom)
2022-11-08 06:31:58,447 [pool-187-thread-1] INFO  server.RaftServerConfigKeys (ConfUtils.java:logGet(46)) - raft.server.log.queue.element-limit = 1024 (custom)
2022-11-08 06:31:58,447 [pool-187-thread-1] INFO  server.RaftServerConfigKeys (ConfUtils.java:logGet(46)) - raft.server.log.segment.size.max = 1048576 (custom)
2022-11-08 06:31:58,447 [pool-187-thread-1] INFO  server.RaftServerConfigKeys (ConfUtils.java:logGet(46)) - raft.server.log.preallocated.size = 16384 (custom)
2022-11-08 06:31:58,447 [pool-187-thread-1] INFO  server.RaftServerConfigKeys (ConfUtils.java:logGet(46)) - raft.server.log.force.sync.num = 128 (default)
2022-11-08 06:31:58,447 [pool-187-thread-1] INFO  server.RaftServerConfigKeys (ConfUtils.java:logGet(46)) - raft.server.log.statemachine.data.sync = true (default)
2022-11-08 06:31:58,447 [pool-187-thread-1] INFO  server.RaftServerConfigKeys (ConfUtils.java:logGet(46)) - raft.server.log.statemachine.data.sync.timeout = 10s (default)
2022-11-08 06:31:58,447 [pool-187-thread-1] INFO  server.RaftServerConfigKeys (ConfUtils.java:logGet(46)) - raft.server.log.statemachine.data.sync.timeout.retry = -1 (default)
2022-11-08 06:31:58,450 [pool-187-thread-1] INFO  server.RaftServerConfigKeys (ConfUtils.java:logGet(46)) - raft.server.log.write.buffer.size = 1048576 (custom)
2022-11-08 06:31:58,452 [pool-187-thread-1] INFO  server.RaftServerConfigKeys (ConfUtils.java:logGet(46)) - raft.server.log.unsafe-flush.enabled = false (default)
2022-11-08 06:31:58,452 [pool-187-thread-1] INFO  server.RaftServerConfigKeys (ConfUtils.java:logGet(46)) - raft.server.log.async-flush.enabled = false (default)
2022-11-08 06:31:58,452 [pool-187-thread-1] INFO  server.RaftServerConfigKeys (ConfUtils.java:logGet(46)) - raft.server.log.statemachine.data.caching.enabled = true (custom)
2022-11-08 06:31:58,452 [pool-187-thread-1] INFO  segmented.SegmentedRaftLogWorker (SegmentedRaftLogWorker.java:lambda$new$0(136)) - ea638ff9-1ace-4fa2-9837-fa4aefb4be68@group-51BCA9DC5368-SegmentedRaftLogWorker: flushIndex: setUnconditionally 0 -> -1
2022-11-08 06:31:58,452 [pool-187-thread-1] INFO  segmented.SegmentedRaftLogWorker (SegmentedRaftLogWorker.java:lambda$new$0(136)) - ea638ff9-1ace-4fa2-9837-fa4aefb4be68@group-51BCA9DC5368-SegmentedRaftLogWorker: safeCacheEvictIndex: setUnconditionally 0 -> -1
2022-11-08 06:31:58,452 [pool-187-thread-1] INFO  server.RaftServer$Division (RaftServerImpl.java:start(334)) - ea638ff9-1ace-4fa2-9837-fa4aefb4be68@group-51BCA9DC5368: start as a follower, conf=-1: peers:[ea638ff9-1ace-4fa2-9837-fa4aefb4be68|rpc:10.1.0.244:46199|dataStream:|priority:0|startupRole:FOLLOWER, 2839026e-8851-4a4b-a6c3-ebe7d865c058|rpc:10.1.0.244:45877|dataStream:|priority:1|startupRole:FOLLOWER, 6307e296-217c-47f6-b7e1-30640c7ce136|rpc:10.1.0.244:44105|dataStream:|priority:0|startupRole:FOLLOWER]|listeners:[], old=null
2022-11-08 06:31:58,453 [pool-187-thread-1] INFO  server.RaftServer$Division (RaftServerImpl.java:setRole(321)) - ea638ff9-1ace-4fa2-9837-fa4aefb4be68@group-51BCA9DC5368: changes role from      null to FOLLOWER at term 0 for startAsFollower
2022-11-08 06:31:58,453 [pool-187-thread-1] INFO  impl.RoleInfo (RoleInfo.java:updateAndGet(139)) - ea638ff9-1ace-4fa2-9837-fa4aefb4be68: start ea638ff9-1ace-4fa2-9837-fa4aefb4be68@group-51BCA9DC5368-FollowerState
2022-11-08 06:31:58,453 [pool-187-thread-1] INFO  util.JmxRegister (JmxRegister.java:tryRegister(44)) - Successfully registered JMX Bean with object name Ratis:service=RaftServer,group=group-51BCA9DC5368,id=ea638ff9-1ace-4fa2-9837-fa4aefb4be68
2022-11-08 06:31:58,453 [pool-187-thread-1] INFO  server.RaftServerConfigKeys (ConfUtils.java:logGet(46)) - raft.server.snapshot.auto.trigger.enabled = true (custom)
2022-11-08 06:31:58,453 [pool-187-thread-1] INFO  server.RaftServerConfigKeys (ConfUtils.java:logGet(46)) - raft.server.snapshot.auto.trigger.threshold = 10000 (custom)
2022-11-08 06:31:58,453 [pool-187-thread-1] INFO  server.RaftServerConfigKeys (ConfUtils.java:logGet(46)) - raft.server.snapshot.retention.file.num = 5 (custom)
2022-11-08 06:31:58,453 [pool-187-thread-1] INFO  server.RaftServerConfigKeys (ConfUtils.java:logGet(46)) - raft.server.log.purge.upto.snapshot.index = false (default)
2022-11-08 06:31:58,457 [ea638ff9-1ace-4fa2-9837-fa4aefb4be68@group-51BCA9DC5368-FollowerState] INFO  server.RaftServerConfigKeys (ConfUtils.java:logFallback(53)) - raft.server.rpc.first-election.timeout.min = 5s (fallback to raft.server.rpc.timeout.min)
2022-11-08 06:31:58,466 [ea638ff9-1ace-4fa2-9837-fa4aefb4be68@group-51BCA9DC5368-FollowerState] INFO  server.RaftServerConfigKeys (ConfUtils.java:logFallback(53)) - raft.server.rpc.first-election.timeout.max = 5200ms (fallback to raft.server.rpc.timeout.max)
2022-11-08 06:31:58,497 [grpc-default-executor-0] INFO  server.RaftServer (RaftServerProxy.java:addNew(96)) - 6307e296-217c-47f6-b7e1-30640c7ce136: addNew group-51BCA9DC5368:[ea638ff9-1ace-4fa2-9837-fa4aefb4be68|rpc:10.1.0.244:46199|dataStream:|priority:0|startupRole:FOLLOWER, 2839026e-8851-4a4b-a6c3-ebe7d865c058|rpc:10.1.0.244:45877|dataStream:|priority:1|startupRole:FOLLOWER, 6307e296-217c-47f6-b7e1-30640c7ce136|rpc:10.1.0.244:44105|dataStream:|priority:0|startupRole:FOLLOWER] returns group-51BCA9DC5368:java.util.concurrent.CompletableFuture@229ed184[Not completed]
2022-11-08 06:31:58,500 [pool-164-thread-1] INFO  server.RaftServer$Division (RaftServerImpl.java:<init>(195)) - 6307e296-217c-47f6-b7e1-30640c7ce136: new RaftServerImpl for group-51BCA9DC5368:[ea638ff9-1ace-4fa2-9837-fa4aefb4be68|rpc:10.1.0.244:46199|dataStream:|priority:0|startupRole:FOLLOWER, 2839026e-8851-4a4b-a6c3-ebe7d865c058|rpc:10.1.0.244:45877|dataStream:|priority:1|startupRole:FOLLOWER, 6307e296-217c-47f6-b7e1-30640c7ce136|rpc:10.1.0.244:44105|dataStream:|priority:0|startupRole:FOLLOWER] with ContainerStateMachine:uninitialized
2022-11-08 06:31:58,500 [pool-164-thread-1] INFO  server.RaftServerConfigKeys (ConfUtils.java:logGet(46)) - raft.server.rpc.timeout.min = 5s (custom)
2022-11-08 06:31:58,500 [pool-164-thread-1] INFO  server.RaftServerConfigKeys (ConfUtils.java:logGet(46)) - raft.server.rpc.timeout.max = 5200ms (custom)
2022-11-08 06:31:58,500 [pool-164-thread-1] INFO  server.RaftServerConfigKeys (ConfUtils.java:logGet(46)) - raft.server.rpc.sleep.time = 25ms (default)
2022-11-08 06:31:58,500 [pool-164-thread-1] INFO  server.RaftServerConfigKeys (ConfUtils.java:logGet(46)) - raft.server.rpc.slowness.timeout = 300s (custom)
2022-11-08 06:31:58,500 [pool-164-thread-1] INFO  server.RaftServerConfigKeys (ConfUtils.java:logGet(46)) - raft.server.leaderelection.leader.step-down.wait-time = 10s (default)
2022-11-08 06:31:58,500 [pool-164-thread-1] INFO  server.RaftServerConfigKeys (ConfUtils.java:logGet(46)) - raft.server.sleep.deviation.threshold = 300ms (default)
2022-11-08 06:31:58,500 [pool-164-thread-1] INFO  server.RaftServer$Division (ServerState.java:<init>(118)) - 6307e296-217c-47f6-b7e1-30640c7ce136@group-51BCA9DC5368: ConfigurationManager, init=-1: peers:[ea638ff9-1ace-4fa2-9837-fa4aefb4be68|rpc:10.1.0.244:46199|dataStream:|priority:0|startupRole:FOLLOWER, 2839026e-8851-4a4b-a6c3-ebe7d865c058|rpc:10.1.0.244:45877|dataStream:|priority:1|startupRole:FOLLOWER, 6307e296-217c-47f6-b7e1-30640c7ce136|rpc:10.1.0.244:44105|dataStream:|priority:0|startupRole:FOLLOWER]|listeners:[], old=null, confs=<EMPTY_MAP>
2022-11-08 06:31:58,500 [pool-164-thread-1] INFO  server.RaftServerConfigKeys (ConfUtils.java:logGet(46)) - raft.server.storage.dir = [/home/runner/work/ozone/ozone/hadoop-ozone/integration-test/target/test-dir/MiniOzoneClusterImpl-c53ae64f-4849-40e6-a4d6-552e28141f22/datanode-4/data/ratis] (custom)
2022-11-08 06:31:58,501 [pool-164-thread-1] INFO  server.RaftServerConfigKeys (ConfUtils.java:logGet(46)) - raft.server.log.corruption.policy = EXCEPTION (default)
2022-11-08 06:31:58,501 [pool-164-thread-1] INFO  server.RaftServerConfigKeys (ConfUtils.java:logGet(46)) - raft.server.storage.free-space.min = 0MB (=0) (default)
2022-11-08 06:31:58,502 [pool-164-thread-1] INFO  server.RaftServerConfigKeys (ConfUtils.java:logGet(46)) - raft.server.notification.no-leader.timeout = 300s (custom)
2022-11-08 06:31:58,502 [pool-164-thread-1] INFO  server.RaftServerConfigKeys (ConfUtils.java:logGet(46)) - raft.server.retrycache.expirytime = 600000ms (custom)
2022-11-08 06:31:58,502 [pool-164-thread-1] INFO  server.RaftServerConfigKeys (ConfUtils.java:logGet(46)) - raft.server.retrycache.statistics.expirytime = 100μs (default)
2022-11-08 06:31:58,506 [pool-164-thread-1] INFO  server.RaftServerConfigKeys (ConfUtils.java:logGet(46)) - raft.server.log.appender.install.snapshot.enabled = false (custom)
2022-11-08 06:31:58,506 [pool-164-thread-1] INFO  server.RaftServerConfigKeys (ConfUtils.java:logGet(46)) - raft.server.threadpool.server.cached = true (default)
2022-11-08 06:31:58,506 [pool-164-thread-1] INFO  server.RaftServerConfigKeys (ConfUtils.java:logGet(46)) - raft.server.threadpool.server.size = 0 (default)
2022-11-08 06:31:58,506 [pool-164-thread-1] INFO  server.RaftServerConfigKeys (ConfUtils.java:logGet(46)) - raft.server.threadpool.client.cached = true (default)
2022-11-08 06:31:58,506 [pool-164-thread-1] INFO  server.RaftServerConfigKeys (ConfUtils.java:logGet(46)) - raft.server.threadpool.client.size = 0 (default)
2022-11-08 06:31:58,506 [pool-164-thread-1] INFO  storage.RaftStorageDirectory (RaftStorageDirectoryImpl.java:analyzeStorage(137)) - The storage directory /home/runner/work/ozone/ozone/hadoop-ozone/integration-test/target/test-dir/MiniOzoneClusterImpl-c53ae64f-4849-40e6-a4d6-552e28141f22/datanode-4/data/ratis/75d1896c-4bf2-4229-ad72-51bca9dc5368 does not exist. Creating ...
2022-11-08 06:31:58,508 [pool-164-thread-1] INFO  storage.RaftStorageDirectory (RaftStorageDirectoryImpl.java:tryLock(231)) - Lock on /home/runner/work/ozone/ozone/hadoop-ozone/integration-test/target/test-dir/MiniOzoneClusterImpl-c53ae64f-4849-40e6-a4d6-552e28141f22/datanode-4/data/ratis/75d1896c-4bf2-4229-ad72-51bca9dc5368/in_use.lock acquired by nodename 12075@fv-az220-111
2022-11-08 06:31:58,511 [pool-164-thread-1] INFO  storage.RaftStorage (RaftStorageImpl.java:format(96)) - Storage directory /home/runner/work/ozone/ozone/hadoop-ozone/integration-test/target/test-dir/MiniOzoneClusterImpl-c53ae64f-4849-40e6-a4d6-552e28141f22/datanode-4/data/ratis/75d1896c-4bf2-4229-ad72-51bca9dc5368 has been successfully formatted.
2022-11-08 06:31:58,512 [pool-164-thread-1] INFO  ratis.ContainerStateMachine (ContainerStateMachine.java:loadSnapshot(236)) - group-51BCA9DC5368: The snapshot info is null. Setting the last applied indexto:(t:0, i:~)
2022-11-08 06:31:58,512 [pool-164-thread-1] INFO  server.RaftServerConfigKeys (ConfUtils.java:logGet(46)) - raft.server.log.use.memory = false (default)
2022-11-08 06:31:58,512 [pool-164-thread-1] INFO  server.RaftServerConfigKeys (ConfUtils.java:logGet(46)) - raft.server.log.purge.gap = 1000000 (custom)
2022-11-08 06:31:58,512 [pool-164-thread-1] INFO  server.RaftServerConfigKeys (ConfUtils.java:logGet(46)) - raft.server.log.appender.buffer.byte-limit = 33554432 (custom)
2022-11-08 06:31:58,512 [pool-164-thread-1] INFO  server.RaftServerConfigKeys (ConfUtils.java:logGet(46)) - raft.server.log.statemachine.data.read.timeout = 1000ms (default)
2022-11-08 06:31:58,514 [pool-164-thread-1] INFO  server.RaftServerConfigKeys (ConfUtils.java:logGet(46)) - raft.server.log.purge.preservation.log.num = 0 (default)
2022-11-08 06:31:58,515 [pool-164-thread-1] INFO  server.RaftServerConfigKeys (ConfUtils.java:logGet(46)) - raft.server.log.segment.size.max = 1048576 (custom)
2022-11-08 06:31:58,515 [pool-164-thread-1] INFO  server.RaftServerConfigKeys (ConfUtils.java:logGet(46)) - raft.server.log.segment.cache.num.max = 2 (custom)
2022-11-08 06:31:58,515 [pool-164-thread-1] INFO  server.RaftServerConfigKeys (ConfUtils.java:logGet(46)) - raft.server.log.segment.cache.size.max = 200MB (=209715200) (default)
2022-11-08 06:31:58,515 [pool-164-thread-1] INFO  segmented.SegmentedRaftLogWorker (SegmentedRaftLogWorker.java:<init>(191)) - new 6307e296-217c-47f6-b7e1-30640c7ce136@group-51BCA9DC5368-SegmentedRaftLogWorker for RaftStorageImpl:Storage Directory /home/runner/work/ozone/ozone/hadoop-ozone/integration-test/target/test-dir/MiniOzoneClusterImpl-c53ae64f-4849-40e6-a4d6-552e28141f22/datanode-4/data/ratis/75d1896c-4bf2-4229-ad72-51bca9dc5368
2022-11-08 06:31:58,515 [pool-164-thread-1] INFO  server.RaftServerConfigKeys (ConfUtils.java:logGet(46)) - raft.server.log.queue.byte-limit = 4294967296 (custom)
2022-11-08 06:31:58,516 [pool-164-thread-1] INFO  server.RaftServerConfigKeys (ConfUtils.java:logGet(46)) - raft.server.log.queue.element-limit = 1024 (custom)
2022-11-08 06:31:58,517 [pool-164-thread-1] INFO  server.RaftServerConfigKeys (ConfUtils.java:logGet(46)) - raft.server.log.segment.size.max = 1048576 (custom)
2022-11-08 06:31:58,517 [pool-164-thread-1] INFO  server.RaftServerConfigKeys (ConfUtils.java:logGet(46)) - raft.server.log.preallocated.size = 16384 (custom)
2022-11-08 06:31:58,517 [pool-164-thread-1] INFO  server.RaftServerConfigKeys (ConfUtils.java:logGet(46)) - raft.server.log.force.sync.num = 128 (default)
2022-11-08 06:31:58,517 [pool-164-thread-1] INFO  server.RaftServerConfigKeys (ConfUtils.java:logGet(46)) - raft.server.log.statemachine.data.sync = true (default)
2022-11-08 06:31:58,517 [pool-164-thread-1] INFO  server.RaftServerConfigKeys (ConfUtils.java:logGet(46)) - raft.server.log.statemachine.data.sync.timeout = 10s (default)
2022-11-08 06:31:58,517 [pool-164-thread-1] INFO  server.RaftServerConfigKeys (ConfUtils.java:logGet(46)) - raft.server.log.statemachine.data.sync.timeout.retry = -1 (default)
2022-11-08 06:31:58,519 [pool-164-thread-1] INFO  server.RaftServerConfigKeys (ConfUtils.java:logGet(46)) - raft.server.log.write.buffer.size = 1048576 (custom)
2022-11-08 06:31:58,521 [pool-164-thread-1] INFO  server.RaftServerConfigKeys (ConfUtils.java:logGet(46)) - raft.server.log.unsafe-flush.enabled = false (default)
2022-11-08 06:31:58,521 [pool-164-thread-1] INFO  server.RaftServerConfigKeys (ConfUtils.java:logGet(46)) - raft.server.log.async-flush.enabled = false (default)
2022-11-08 06:31:58,521 [pool-164-thread-1] INFO  server.RaftServerConfigKeys (ConfUtils.java:logGet(46)) - raft.server.log.statemachine.data.caching.enabled = true (custom)
2022-11-08 06:31:58,522 [pool-164-thread-1] INFO  segmented.SegmentedRaftLogWorker (SegmentedRaftLogWorker.java:lambda$new$0(136)) - 6307e296-217c-47f6-b7e1-30640c7ce136@group-51BCA9DC5368-SegmentedRaftLogWorker: flushIndex: setUnconditionally 0 -> -1
2022-11-08 06:31:58,522 [pool-164-thread-1] INFO  segmented.SegmentedRaftLogWorker (SegmentedRaftLogWorker.java:lambda$new$0(136)) - 6307e296-217c-47f6-b7e1-30640c7ce136@group-51BCA9DC5368-SegmentedRaftLogWorker: safeCacheEvictIndex: setUnconditionally 0 -> -1
2022-11-08 06:31:58,529 [pool-164-thread-1] INFO  server.RaftServer$Division (RaftServerImpl.java:start(334)) - 6307e296-217c-47f6-b7e1-30640c7ce136@group-51BCA9DC5368: start as a follower, conf=-1: peers:[ea638ff9-1ace-4fa2-9837-fa4aefb4be68|rpc:10.1.0.244:46199|dataStream:|priority:0|startupRole:FOLLOWER, 2839026e-8851-4a4b-a6c3-ebe7d865c058|rpc:10.1.0.244:45877|dataStream:|priority:1|startupRole:FOLLOWER, 6307e296-217c-47f6-b7e1-30640c7ce136|rpc:10.1.0.244:44105|dataStream:|priority:0|startupRole:FOLLOWER]|listeners:[], old=null
2022-11-08 06:31:58,529 [pool-164-thread-1] INFO  server.RaftServer$Division (RaftServerImpl.java:setRole(321)) - 6307e296-217c-47f6-b7e1-30640c7ce136@group-51BCA9DC5368: changes role from      null to FOLLOWER at term 0 for startAsFollower
2022-11-08 06:31:58,529 [pool-164-thread-1] INFO  impl.RoleInfo (RoleInfo.java:updateAndGet(139)) - 6307e296-217c-47f6-b7e1-30640c7ce136: start 6307e296-217c-47f6-b7e1-30640c7ce136@group-51BCA9DC5368-FollowerState
2022-11-08 06:31:58,531 [pool-164-thread-1] INFO  util.JmxRegister (JmxRegister.java:tryRegister(44)) - Successfully registered JMX Bean with object name Ratis:service=RaftServer,group=group-51BCA9DC5368,id=6307e296-217c-47f6-b7e1-30640c7ce136
2022-11-08 06:31:58,531 [pool-164-thread-1] INFO  server.RaftServerConfigKeys (ConfUtils.java:logGet(46)) - raft.server.snapshot.auto.trigger.enabled = true (custom)
2022-11-08 06:31:58,531 [pool-164-thread-1] INFO  server.RaftServerConfigKeys (ConfUtils.java:logGet(46)) - raft.server.snapshot.auto.trigger.threshold = 10000 (custom)
2022-11-08 06:31:58,531 [pool-164-thread-1] INFO  server.RaftServerConfigKeys (ConfUtils.java:logGet(46)) - raft.server.snapshot.retention.file.num = 5 (custom)
2022-11-08 06:31:58,531 [pool-164-thread-1] INFO  server.RaftServerConfigKeys (ConfUtils.java:logGet(46)) - raft.server.log.purge.upto.snapshot.index = false (default)
2022-11-08 06:31:58,531 [6307e296-217c-47f6-b7e1-30640c7ce136@group-51BCA9DC5368-FollowerState] INFO  server.RaftServerConfigKeys (ConfUtils.java:logFallback(53)) - raft.server.rpc.first-election.timeout.min = 5s (fallback to raft.server.rpc.timeout.min)
2022-11-08 06:31:58,534 [6307e296-217c-47f6-b7e1-30640c7ce136@group-51BCA9DC5368-FollowerState] INFO  server.RaftServerConfigKeys (ConfUtils.java:logFallback(53)) - raft.server.rpc.first-election.timeout.max = 5200ms (fallback to raft.server.rpc.timeout.max)
2022-11-08 06:31:58,542 [Command processor thread] INFO  commandhandler.CreatePipelineCommandHandler (CreatePipelineCommandHandler.java:handle(113)) - Created Pipeline RATIS THREE PipelineID=75d1896c-4bf2-4229-ad72-51bca9dc5368.
2022-11-08 06:31:58,543 [Command processor thread] INFO  server.RaftServer (RaftServerProxy.java:addNew(96)) - 2839026e-8851-4a4b-a6c3-ebe7d865c058: addNew group-8D3BBCBE58DB:[ea638ff9-1ace-4fa2-9837-fa4aefb4be68|rpc:10.1.0.244:46199|priority:0|startupRole:FOLLOWER, 2839026e-8851-4a4b-a6c3-ebe7d865c058|rpc:10.1.0.244:45877|priority:0|startupRole:FOLLOWER, 6307e296-217c-47f6-b7e1-30640c7ce136|rpc:10.1.0.244:44105|priority:1|startupRole:FOLLOWER] returns group-8D3BBCBE58DB:java.util.concurrent.CompletableFuture@426b5679[Not completed]
2022-11-08 06:31:58,544 [pool-141-thread-1] INFO  server.RaftServer$Division (RaftServerImpl.java:<init>(195)) - 2839026e-8851-4a4b-a6c3-ebe7d865c058: new RaftServerImpl for group-8D3BBCBE58DB:[ea638ff9-1ace-4fa2-9837-fa4aefb4be68|rpc:10.1.0.244:46199|priority:0|startupRole:FOLLOWER, 2839026e-8851-4a4b-a6c3-ebe7d865c058|rpc:10.1.0.244:45877|priority:0|startupRole:FOLLOWER, 6307e296-217c-47f6-b7e1-30640c7ce136|rpc:10.1.0.244:44105|priority:1|startupRole:FOLLOWER] with ContainerStateMachine:uninitialized
2022-11-08 06:31:58,544 [pool-141-thread-1] INFO  server.RaftServerConfigKeys (ConfUtils.java:logGet(46)) - raft.server.rpc.timeout.min = 5s (custom)
2022-11-08 06:31:58,544 [pool-141-thread-1] INFO  server.RaftServerConfigKeys (ConfUtils.java:logGet(46)) - raft.server.rpc.timeout.max = 5200ms (custom)
2022-11-08 06:31:58,544 [pool-141-thread-1] INFO  server.RaftServerConfigKeys (ConfUtils.java:logGet(46)) - raft.server.rpc.sleep.time = 25ms (default)
2022-11-08 06:31:58,544 [pool-141-thread-1] INFO  server.RaftServerConfigKeys (ConfUtils.java:logGet(46)) - raft.server.rpc.slowness.timeout = 300s (custom)
2022-11-08 06:31:58,544 [pool-141-thread-1] INFO  server.RaftServerConfigKeys (ConfUtils.java:logGet(46)) - raft.server.leaderelection.leader.step-down.wait-time = 10s (default)
2022-11-08 06:31:58,545 [pool-141-thread-1] INFO  server.RaftServerConfigKeys (ConfUtils.java:logGet(46)) - raft.server.sleep.deviation.threshold = 300ms (default)
2022-11-08 06:31:58,545 [pool-141-thread-1] INFO  server.RaftServer$Division (ServerState.java:<init>(118)) - 2839026e-8851-4a4b-a6c3-ebe7d865c058@group-8D3BBCBE58DB: ConfigurationManager, init=-1: peers:[ea638ff9-1ace-4fa2-9837-fa4aefb4be68|rpc:10.1.0.244:46199|priority:0|startupRole:FOLLOWER, 2839026e-8851-4a4b-a6c3-ebe7d865c058|rpc:10.1.0.244:45877|priority:0|startupRole:FOLLOWER, 6307e296-217c-47f6-b7e1-30640c7ce136|rpc:10.1.0.244:44105|priority:1|startupRole:FOLLOWER]|listeners:[], old=null, confs=<EMPTY_MAP>
2022-11-08 06:31:58,545 [pool-141-thread-1] INFO  server.RaftServerConfigKeys (ConfUtils.java:logGet(46)) - raft.server.storage.dir = [/home/runner/work/ozone/ozone/hadoop-ozone/integration-test/target/test-dir/MiniOzoneClusterImpl-c53ae64f-4849-40e6-a4d6-552e28141f22/datanode-3/data/ratis] (custom)
2022-11-08 06:31:58,545 [pool-141-thread-1] INFO  server.RaftServerConfigKeys (ConfUtils.java:logGet(46)) - raft.server.log.corruption.policy = EXCEPTION (default)
2022-11-08 06:31:58,545 [pool-141-thread-1] INFO  server.RaftServerConfigKeys (ConfUtils.java:logGet(46)) - raft.server.storage.free-space.min = 0MB (=0) (default)
2022-11-08 06:31:58,545 [pool-141-thread-1] INFO  server.RaftServerConfigKeys (ConfUtils.java:logGet(46)) - raft.server.notification.no-leader.timeout = 300s (custom)
2022-11-08 06:31:58,545 [pool-141-thread-1] INFO  server.RaftServerConfigKeys (ConfUtils.java:logGet(46)) - raft.server.retrycache.expirytime = 600000ms (custom)
2022-11-08 06:31:58,545 [pool-141-thread-1] INFO  server.RaftServerConfigKeys (ConfUtils.java:logGet(46)) - raft.server.retrycache.statistics.expirytime = 100μs (default)
2022-11-08 06:31:58,546 [pool-141-thread-1] INFO  server.RaftServerConfigKeys (ConfUtils.java:logGet(46)) - raft.server.log.appender.install.snapshot.enabled = false (custom)
2022-11-08 06:31:58,546 [pool-141-thread-1] INFO  server.RaftServerConfigKeys (ConfUtils.java:logGet(46)) - raft.server.threadpool.server.cached = true (default)
2022-11-08 06:31:58,546 [pool-141-thread-1] INFO  server.RaftServerConfigKeys (ConfUtils.java:logGet(46)) - raft.server.threadpool.server.size = 0 (default)
2022-11-08 06:31:58,546 [pool-141-thread-1] INFO  server.RaftServerConfigKeys (ConfUtils.java:logGet(46)) - raft.server.threadpool.client.cached = true (default)
2022-11-08 06:31:58,547 [pool-141-thread-1] INFO  server.RaftServerConfigKeys (ConfUtils.java:logGet(46)) - raft.server.threadpool.client.size = 0 (default)
2022-11-08 06:31:58,547 [pool-141-thread-1] INFO  storage.RaftStorageDirectory (RaftStorageDirectoryImpl.java:analyzeStorage(137)) - The storage directory /home/runner/work/ozone/ozone/hadoop-ozone/integration-test/target/test-dir/MiniOzoneClusterImpl-c53ae64f-4849-40e6-a4d6-552e28141f22/datanode-3/data/ratis/e91c506a-b035-4381-920e-8d3bbcbe58db does not exist. Creating ...
2022-11-08 06:31:58,549 [pool-141-thread-1] INFO  storage.RaftStorageDirectory (RaftStorageDirectoryImpl.java:tryLock(231)) - Lock on /home/runner/work/ozone/ozone/hadoop-ozone/integration-test/target/test-dir/MiniOzoneClusterImpl-c53ae64f-4849-40e6-a4d6-552e28141f22/datanode-3/data/ratis/e91c506a-b035-4381-920e-8d3bbcbe58db/in_use.lock acquired by nodename 12075@fv-az220-111
2022-11-08 06:31:58,558 [pool-141-thread-1] INFO  storage.RaftStorage (RaftStorageImpl.java:format(96)) - Storage directory /home/runner/work/ozone/ozone/hadoop-ozone/integration-test/target/test-dir/MiniOzoneClusterImpl-c53ae64f-4849-40e6-a4d6-552e28141f22/datanode-3/data/ratis/e91c506a-b035-4381-920e-8d3bbcbe58db has been successfully formatted.
2022-11-08 06:31:58,558 [pool-141-thread-1] INFO  ratis.ContainerStateMachine (ContainerStateMachine.java:loadSnapshot(236)) - group-8D3BBCBE58DB: The snapshot info is null. Setting the last applied indexto:(t:0, i:~)
2022-11-08 06:31:58,558 [pool-141-thread-1] INFO  server.RaftServerConfigKeys (ConfUtils.java:logGet(46)) - raft.server.log.use.memory = false (default)
2022-11-08 06:31:58,558 [pool-141-thread-1] INFO  server.RaftServerConfigKeys (ConfUtils.java:logGet(46)) - raft.server.log.purge.gap = 1000000 (custom)
2022-11-08 06:31:58,558 [pool-141-thread-1] INFO  server.RaftServerConfigKeys (ConfUtils.java:logGet(46)) - raft.server.log.appender.buffer.byte-limit = 33554432 (custom)
2022-11-08 06:31:58,558 [pool-141-thread-1] INFO  server.RaftServerConfigKeys (ConfUtils.java:logGet(46)) - raft.server.log.statemachine.data.read.timeout = 1000ms (default)
2022-11-08 06:31:58,558 [pool-141-thread-1] INFO  server.RaftServerConfigKeys (ConfUtils.java:logGet(46)) - raft.server.log.purge.preservation.log.num = 0 (default)
2022-11-08 06:31:58,559 [pool-141-thread-1] INFO  server.RaftServerConfigKeys (ConfUtils.java:logGet(46)) - raft.server.log.segment.size.max = 1048576 (custom)
2022-11-08 06:31:58,559 [pool-141-thread-1] INFO  server.RaftServerConfigKeys (ConfUtils.java:logGet(46)) - raft.server.log.segment.cache.num.max = 2 (custom)
2022-11-08 06:31:58,559 [pool-141-thread-1] INFO  server.RaftServerConfigKeys (ConfUtils.java:logGet(46)) - raft.server.log.segment.cache.size.max = 200MB (=209715200) (default)
2022-11-08 06:31:58,559 [pool-141-thread-1] INFO  segmented.SegmentedRaftLogWorker (SegmentedRaftLogWorker.java:<init>(191)) - new 2839026e-8851-4a4b-a6c3-ebe7d865c058@group-8D3BBCBE58DB-SegmentedRaftLogWorker for RaftStorageImpl:Storage Directory /home/runner/work/ozone/ozone/hadoop-ozone/integration-test/target/test-dir/MiniOzoneClusterImpl-c53ae64f-4849-40e6-a4d6-552e28141f22/datanode-3/data/ratis/e91c506a-b035-4381-920e-8d3bbcbe58db
2022-11-08 06:31:58,559 [pool-141-thread-1] INFO  server.RaftServerConfigKeys (ConfUtils.java:logGet(46)) - raft.server.log.queue.byte-limit = 4294967296 (custom)
2022-11-08 06:31:58,559 [pool-141-thread-1] INFO  server.RaftServerConfigKeys (ConfUtils.java:logGet(46)) - raft.server.log.queue.element-limit = 1024 (custom)
2022-11-08 06:31:58,559 [pool-141-thread-1] INFO  server.RaftServerConfigKeys (ConfUtils.java:logGet(46)) - raft.server.log.segment.size.max = 1048576 (custom)
2022-11-08 06:31:58,559 [pool-141-thread-1] INFO  server.RaftServerConfigKeys (ConfUtils.java:logGet(46)) - raft.server.log.preallocated.size = 16384 (custom)
2022-11-08 06:31:58,559 [pool-141-thread-1] INFO  server.RaftServerConfigKeys (ConfUtils.java:logGet(46)) - raft.server.log.force.sync.num = 128 (default)
2022-11-08 06:31:58,559 [pool-141-thread-1] INFO  server.RaftServerConfigKeys (ConfUtils.java:logGet(46)) - raft.server.log.statemachine.data.sync = true (default)
2022-11-08 06:31:58,559 [pool-141-thread-1] INFO  server.RaftServerConfigKeys (ConfUtils.java:logGet(46)) - raft.server.log.statemachine.data.sync.timeout = 10s (default)
2022-11-08 06:31:58,559 [pool-141-thread-1] INFO  server.RaftServerConfigKeys (ConfUtils.java:logGet(46)) - raft.server.log.statemachine.data.sync.timeout.retry = -1 (default)
2022-11-08 06:31:58,560 [pool-141-thread-1] INFO  server.RaftServerConfigKeys (ConfUtils.java:logGet(46)) - raft.server.log.write.buffer.size = 1048576 (custom)
2022-11-08 06:31:58,561 [pool-141-thread-1] INFO  server.RaftServerConfigKeys (ConfUtils.java:logGet(46)) - raft.server.log.unsafe-flush.enabled = false (default)
2022-11-08 06:31:58,561 [pool-141-thread-1] INFO  server.RaftServerConfigKeys (ConfUtils.java:logGet(46)) - raft.server.log.async-flush.enabled = false (default)
2022-11-08 06:31:58,561 [pool-141-thread-1] INFO  server.RaftServerConfigKeys (ConfUtils.java:logGet(46)) - raft.server.log.statemachine.data.caching.enabled = true (custom)
2022-11-08 06:31:58,561 [pool-141-thread-1] INFO  segmented.SegmentedRaftLogWorker (SegmentedRaftLogWorker.java:lambda$new$0(136)) - 2839026e-8851-4a4b-a6c3-ebe7d865c058@group-8D3BBCBE58DB-SegmentedRaftLogWorker: flushIndex: setUnconditionally 0 -> -1
2022-11-08 06:31:58,561 [pool-141-thread-1] INFO  segmented.SegmentedRaftLogWorker (SegmentedRaftLogWorker.java:lambda$new$0(136)) - 2839026e-8851-4a4b-a6c3-ebe7d865c058@group-8D3BBCBE58DB-SegmentedRaftLogWorker: safeCacheEvictIndex: setUnconditionally 0 -> -1
2022-11-08 06:31:58,562 [pool-141-thread-1] INFO  server.RaftServer$Division (RaftServerImpl.java:start(334)) - 2839026e-8851-4a4b-a6c3-ebe7d865c058@group-8D3BBCBE58DB: start as a follower, conf=-1: peers:[ea638ff9-1ace-4fa2-9837-fa4aefb4be68|rpc:10.1.0.244:46199|priority:0|startupRole:FOLLOWER, 2839026e-8851-4a4b-a6c3-ebe7d865c058|rpc:10.1.0.244:45877|priority:0|startupRole:FOLLOWER, 6307e296-217c-47f6-b7e1-30640c7ce136|rpc:10.1.0.244:44105|priority:1|startupRole:FOLLOWER]|listeners:[], old=null
2022-11-08 06:31:58,562 [pool-141-thread-1] INFO  server.RaftServer$Division (RaftServerImpl.java:setRole(321)) - 2839026e-8851-4a4b-a6c3-ebe7d865c058@group-8D3BBCBE58DB: changes role from      null to FOLLOWER at term 0 for startAsFollower
2022-11-08 06:31:58,562 [pool-141-thread-1] INFO  impl.RoleInfo (RoleInfo.java:updateAndGet(139)) - 2839026e-8851-4a4b-a6c3-ebe7d865c058: start 2839026e-8851-4a4b-a6c3-ebe7d865c058@group-8D3BBCBE58DB-FollowerState
2022-11-08 06:31:58,565 [pool-141-thread-1] INFO  util.JmxRegister (JmxRegister.java:tryRegister(44)) - Successfully registered JMX Bean with object name Ratis:service=RaftServer,group=group-8D3BBCBE58DB,id=2839026e-8851-4a4b-a6c3-ebe7d865c058
2022-11-08 06:31:58,565 [pool-141-thread-1] INFO  server.RaftServerConfigKeys (ConfUtils.java:logGet(46)) - raft.server.snapshot.auto.trigger.enabled = true (custom)
2022-11-08 06:31:58,565 [pool-141-thread-1] INFO  server.RaftServerConfigKeys (ConfUtils.java:logGet(46)) - raft.server.snapshot.auto.trigger.threshold = 10000 (custom)
2022-11-08 06:31:58,565 [pool-141-thread-1] INFO  server.RaftServerConfigKeys (ConfUtils.java:logGet(46)) - raft.server.snapshot.retention.file.num = 5 (custom)
2022-11-08 06:31:58,566 [pool-141-thread-1] INFO  server.RaftServerConfigKeys (ConfUtils.java:logGet(46)) - raft.server.log.purge.upto.snapshot.index = false (default)
2022-11-08 06:31:58,566 [2839026e-8851-4a4b-a6c3-ebe7d865c058@group-8D3BBCBE58DB-FollowerState] INFO  server.RaftServerConfigKeys (ConfUtils.java:logFallback(53)) - raft.server.rpc.first-election.timeout.min = 5s (fallback to raft.server.rpc.timeout.min)
2022-11-08 06:31:58,568 [Command processor thread] INFO  ratis.XceiverServerRatis (XceiverServerRatis.java:addGroup(765)) - Created group PipelineID=e91c506a-b035-4381-920e-8d3bbcbe58db
2022-11-08 06:31:58,573 [EventQueue-OpenPipelineForHealthyPipelineSafeModeRule] INFO  safemode.SCMSafeModeManager (HealthyPipelineSafeModeRule.java:process(137)) - SCM in safe mode. Healthy pipelines reported count is 0, required healthy pipeline reported count is 1
2022-11-08 06:31:58,582 [2839026e-8851-4a4b-a6c3-ebe7d865c058@group-8D3BBCBE58DB-FollowerState] INFO  server.RaftServerConfigKeys (ConfUtils.java:logFallback(53)) - raft.server.rpc.first-election.timeout.max = 5200ms (fallback to raft.server.rpc.timeout.max)
2022-11-08 06:31:58,591 [grpc-default-executor-0] INFO  server.RaftServer (RaftServerProxy.java:addNew(96)) - 6307e296-217c-47f6-b7e1-30640c7ce136: addNew group-8D3BBCBE58DB:[ea638ff9-1ace-4fa2-9837-fa4aefb4be68|rpc:10.1.0.244:46199|dataStream:|priority:0|startupRole:FOLLOWER, 2839026e-8851-4a4b-a6c3-ebe7d865c058|rpc:10.1.0.244:45877|dataStream:|priority:0|startupRole:FOLLOWER, 6307e296-217c-47f6-b7e1-30640c7ce136|rpc:10.1.0.244:44105|dataStream:|priority:1|startupRole:FOLLOWER] returns group-8D3BBCBE58DB:java.util.concurrent.CompletableFuture@72dc57bd[Not completed]
2022-11-08 06:31:58,592 [pool-164-thread-1] INFO  server.RaftServer$Division (RaftServerImpl.java:<init>(195)) - 6307e296-217c-47f6-b7e1-30640c7ce136: new RaftServerImpl for group-8D3BBCBE58DB:[ea638ff9-1ace-4fa2-9837-fa4aefb4be68|rpc:10.1.0.244:46199|dataStream:|priority:0|startupRole:FOLLOWER, 2839026e-8851-4a4b-a6c3-ebe7d865c058|rpc:10.1.0.244:45877|dataStream:|priority:0|startupRole:FOLLOWER, 6307e296-217c-47f6-b7e1-30640c7ce136|rpc:10.1.0.244:44105|dataStream:|priority:1|startupRole:FOLLOWER] with ContainerStateMachine:uninitialized
2022-11-08 06:31:58,593 [pool-164-thread-1] INFO  server.RaftServerConfigKeys (ConfUtils.java:logGet(46)) - raft.server.rpc.timeout.min = 5s (custom)
2022-11-08 06:31:58,593 [pool-164-thread-1] INFO  server.RaftServerConfigKeys (ConfUtils.java:logGet(46)) - raft.server.rpc.timeout.max = 5200ms (custom)
2022-11-08 06:31:58,593 [pool-164-thread-1] INFO  server.RaftServerConfigKeys (ConfUtils.java:logGet(46)) - raft.server.rpc.sleep.time = 25ms (default)
2022-11-08 06:31:58,593 [pool-164-thread-1] INFO  server.RaftServerConfigKeys (ConfUtils.java:logGet(46)) - raft.server.rpc.slowness.timeout = 300s (custom)
2022-11-08 06:31:58,593 [pool-164-thread-1] INFO  server.RaftServerConfigKeys (ConfUtils.java:logGet(46)) - raft.server.leaderelection.leader.step-down.wait-time = 10s (default)
2022-11-08 06:31:58,593 [pool-164-thread-1] INFO  server.RaftServerConfigKeys (ConfUtils.java:logGet(46)) - raft.server.sleep.deviation.threshold = 300ms (default)
2022-11-08 06:31:58,593 [pool-164-thread-1] INFO  server.RaftServer$Division (ServerState.java:<init>(118)) - 6307e296-217c-47f6-b7e1-30640c7ce136@group-8D3BBCBE58DB: ConfigurationManager, init=-1: peers:[ea638ff9-1ace-4fa2-9837-fa4aefb4be68|rpc:10.1.0.244:46199|dataStream:|priority:0|startupRole:FOLLOWER, 2839026e-8851-4a4b-a6c3-ebe7d865c058|rpc:10.1.0.244:45877|dataStream:|priority:0|startupRole:FOLLOWER, 6307e296-217c-47f6-b7e1-30640c7ce136|rpc:10.1.0.244:44105|dataStream:|priority:1|startupRole:FOLLOWER]|listeners:[], old=null, confs=<EMPTY_MAP>
2022-11-08 06:31:58,593 [pool-164-thread-1] INFO  server.RaftServerConfigKeys (ConfUtils.java:logGet(46)) - raft.server.storage.dir = [/home/runner/work/ozone/ozone/hadoop-ozone/integration-test/target/test-dir/MiniOzoneClusterImpl-c53ae64f-4849-40e6-a4d6-552e28141f22/datanode-4/data/ratis] (custom)
2022-11-08 06:31:58,593 [pool-164-thread-1] INFO  server.RaftServerConfigKeys (ConfUtils.java:logGet(46)) - raft.server.log.corruption.policy = EXCEPTION (default)
2022-11-08 06:31:58,593 [pool-164-thread-1] INFO  server.RaftServerConfigKeys (ConfUtils.java:logGet(46)) - raft.server.storage.free-space.min = 0MB (=0) (default)
2022-11-08 06:31:58,594 [pool-164-thread-1] INFO  server.RaftServerConfigKeys (ConfUtils.java:logGet(46)) - raft.server.notification.no-leader.timeout = 300s (custom)
2022-11-08 06:31:58,594 [pool-164-thread-1] INFO  server.RaftServerConfigKeys (ConfUtils.java:logGet(46)) - raft.server.retrycache.expirytime = 600000ms (custom)
2022-11-08 06:31:58,594 [pool-164-thread-1] INFO  server.RaftServerConfigKeys (ConfUtils.java:logGet(46)) - raft.server.retrycache.statistics.expirytime = 100μs (default)
2022-11-08 06:31:58,595 [pool-164-thread-1] INFO  server.RaftServerConfigKeys (ConfUtils.java:logGet(46)) - raft.server.log.appender.install.snapshot.enabled = false (custom)
2022-11-08 06:31:58,595 [pool-164-thread-1] INFO  server.RaftServerConfigKeys (ConfUtils.java:logGet(46)) - raft.server.threadpool.server.cached = true (default)
2022-11-08 06:31:58,595 [pool-164-thread-1] INFO  server.RaftServerConfigKeys (ConfUtils.java:logGet(46)) - raft.server.threadpool.server.size = 0 (default)
2022-11-08 06:31:58,595 [pool-164-thread-1] INFO  server.RaftServerConfigKeys (ConfUtils.java:logGet(46)) - raft.server.threadpool.client.cached = true (default)
2022-11-08 06:31:58,595 [pool-164-thread-1] INFO  server.RaftServerConfigKeys (ConfUtils.java:logGet(46)) - raft.server.threadpool.client.size = 0 (default)
2022-11-08 06:31:58,595 [pool-164-thread-1] INFO  storage.RaftStorageDirectory (RaftStorageDirectoryImpl.java:analyzeStorage(137)) - The storage directory /home/runner/work/ozone/ozone/hadoop-ozone/integration-test/target/test-dir/MiniOzoneClusterImpl-c53ae64f-4849-40e6-a4d6-552e28141f22/datanode-4/data/ratis/e91c506a-b035-4381-920e-8d3bbcbe58db does not exist. Creating ...
2022-11-08 06:31:58,598 [pool-164-thread-1] INFO  storage.RaftStorageDirectory (RaftStorageDirectoryImpl.java:tryLock(231)) - Lock on /home/runner/work/ozone/ozone/hadoop-ozone/integration-test/target/test-dir/MiniOzoneClusterImpl-c53ae64f-4849-40e6-a4d6-552e28141f22/datanode-4/data/ratis/e91c506a-b035-4381-920e-8d3bbcbe58db/in_use.lock acquired by nodename 12075@fv-az220-111
2022-11-08 06:31:58,600 [pool-164-thread-1] INFO  storage.RaftStorage (RaftStorageImpl.java:format(96)) - Storage directory /home/runner/work/ozone/ozone/hadoop-ozone/integration-test/target/test-dir/MiniOzoneClusterImpl-c53ae64f-4849-40e6-a4d6-552e28141f22/datanode-4/data/ratis/e91c506a-b035-4381-920e-8d3bbcbe58db has been successfully formatted.
2022-11-08 06:31:58,601 [pool-164-thread-1] INFO  ratis.ContainerStateMachine (ContainerStateMachine.java:loadSnapshot(236)) - group-8D3BBCBE58DB: The snapshot info is null. Setting the last applied indexto:(t:0, i:~)
2022-11-08 06:31:58,601 [pool-164-thread-1] INFO  server.RaftServerConfigKeys (ConfUtils.java:logGet(46)) - raft.server.log.use.memory = false (default)
2022-11-08 06:31:58,601 [pool-164-thread-1] INFO  server.RaftServerConfigKeys (ConfUtils.java:logGet(46)) - raft.server.log.purge.gap = 1000000 (custom)
2022-11-08 06:31:58,601 [pool-164-thread-1] INFO  server.RaftServerConfigKeys (ConfUtils.java:logGet(46)) - raft.server.log.appender.buffer.byte-limit = 33554432 (custom)
2022-11-08 06:31:58,601 [pool-164-thread-1] INFO  server.RaftServerConfigKeys (ConfUtils.java:logGet(46)) - raft.server.log.statemachine.data.read.timeout = 1000ms (default)
2022-11-08 06:31:58,601 [pool-164-thread-1] INFO  server.RaftServerConfigKeys (ConfUtils.java:logGet(46)) - raft.server.log.purge.preservation.log.num = 0 (default)
2022-11-08 06:31:58,601 [pool-164-thread-1] INFO  server.RaftServerConfigKeys (ConfUtils.java:logGet(46)) - raft.server.log.segment.size.max = 1048576 (custom)
2022-11-08 06:31:58,602 [pool-164-thread-1] INFO  server.RaftServerConfigKeys (ConfUtils.java:logGet(46)) - raft.server.log.segment.cache.num.max = 2 (custom)
2022-11-08 06:31:58,602 [pool-164-thread-1] INFO  server.RaftServerConfigKeys (ConfUtils.java:logGet(46)) - raft.server.log.segment.cache.size.max = 200MB (=209715200) (default)
2022-11-08 06:31:58,603 [pool-164-thread-1] INFO  segmented.SegmentedRaftLogWorker (SegmentedRaftLogWorker.java:<init>(191)) - new 6307e296-217c-47f6-b7e1-30640c7ce136@group-8D3BBCBE58DB-SegmentedRaftLogWorker for RaftStorageImpl:Storage Directory /home/runner/work/ozone/ozone/hadoop-ozone/integration-test/target/test-dir/MiniOzoneClusterImpl-c53ae64f-4849-40e6-a4d6-552e28141f22/datanode-4/data/ratis/e91c506a-b035-4381-920e-8d3bbcbe58db
2022-11-08 06:31:58,604 [pool-164-thread-1] INFO  server.RaftServerConfigKeys (ConfUtils.java:logGet(46)) - raft.server.log.queue.byte-limit = 4294967296 (custom)
2022-11-08 06:31:58,604 [pool-164-thread-1] INFO  server.RaftServerConfigKeys (ConfUtils.java:logGet(46)) - raft.server.log.queue.element-limit = 1024 (custom)
2022-11-08 06:31:58,604 [pool-164-thread-1] INFO  server.RaftServerConfigKeys (ConfUtils.java:logGet(46)) - raft.server.log.segment.size.max = 1048576 (custom)
2022-11-08 06:31:58,604 [pool-164-thread-1] INFO  server.RaftServerConfigKeys (ConfUtils.java:logGet(46)) - raft.server.log.preallocated.size = 16384 (custom)
2022-11-08 06:31:58,604 [pool-164-thread-1] INFO  server.RaftServerConfigKeys (ConfUtils.java:logGet(46)) - raft.server.log.force.sync.num = 128 (default)
2022-11-08 06:31:58,604 [pool-164-thread-1] INFO  server.RaftServerConfigKeys (ConfUtils.java:logGet(46)) - raft.server.log.statemachine.data.sync = true (default)
2022-11-08 06:31:58,604 [pool-164-thread-1] INFO  server.RaftServerConfigKeys (ConfUtils.java:logGet(46)) - raft.server.log.statemachine.data.sync.timeout = 10s (default)
2022-11-08 06:31:58,604 [pool-164-thread-1] INFO  server.RaftServerConfigKeys (ConfUtils.java:logGet(46)) - raft.server.log.statemachine.data.sync.timeout.retry = -1 (default)
2022-11-08 06:31:58,605 [pool-164-thread-1] INFO  server.RaftServerConfigKeys (ConfUtils.java:logGet(46)) - raft.server.log.write.buffer.size = 1048576 (custom)
2022-11-08 06:31:58,606 [pool-164-thread-1] INFO  server.RaftServerConfigKeys (ConfUtils.java:logGet(46)) - raft.server.log.unsafe-flush.enabled = false (default)
2022-11-08 06:31:58,606 [pool-164-thread-1] INFO  server.RaftServerConfigKeys (ConfUtils.java:logGet(46)) - raft.server.log.async-flush.enabled = false (default)
2022-11-08 06:31:58,606 [pool-164-thread-1] INFO  server.RaftServerConfigKeys (ConfUtils.java:logGet(46)) - raft.server.log.statemachine.data.caching.enabled = true (custom)
2022-11-08 06:31:58,607 [pool-164-thread-1] INFO  segmented.SegmentedRaftLogWorker (SegmentedRaftLogWorker.java:lambda$new$0(136)) - 6307e296-217c-47f6-b7e1-30640c7ce136@group-8D3BBCBE58DB-SegmentedRaftLogWorker: flushIndex: setUnconditionally 0 -> -1
2022-11-08 06:31:58,607 [pool-164-thread-1] INFO  segmented.SegmentedRaftLogWorker (SegmentedRaftLogWorker.java:lambda$new$0(136)) - 6307e296-217c-47f6-b7e1-30640c7ce136@group-8D3BBCBE58DB-SegmentedRaftLogWorker: safeCacheEvictIndex: setUnconditionally 0 -> -1
2022-11-08 06:31:58,607 [pool-164-thread-1] INFO  server.RaftServer$Division (RaftServerImpl.java:start(334)) - 6307e296-217c-47f6-b7e1-30640c7ce136@group-8D3BBCBE58DB: start as a follower, conf=-1: peers:[ea638ff9-1ace-4fa2-9837-fa4aefb4be68|rpc:10.1.0.244:46199|dataStream:|priority:0|startupRole:FOLLOWER, 2839026e-8851-4a4b-a6c3-ebe7d865c058|rpc:10.1.0.244:45877|dataStream:|priority:0|startupRole:FOLLOWER, 6307e296-217c-47f6-b7e1-30640c7ce136|rpc:10.1.0.244:44105|dataStream:|priority:1|startupRole:FOLLOWER]|listeners:[], old=null
2022-11-08 06:31:58,607 [pool-164-thread-1] INFO  server.RaftServer$Division (RaftServerImpl.java:setRole(321)) - 6307e296-217c-47f6-b7e1-30640c7ce136@group-8D3BBCBE58DB: changes role from      null to FOLLOWER at term 0 for startAsFollower
2022-11-08 06:31:58,607 [pool-164-thread-1] INFO  impl.RoleInfo (RoleInfo.java:updateAndGet(139)) - 6307e296-217c-47f6-b7e1-30640c7ce136: start 6307e296-217c-47f6-b7e1-30640c7ce136@group-8D3BBCBE58DB-FollowerState
2022-11-08 06:31:58,608 [pool-164-thread-1] INFO  util.JmxRegister (JmxRegister.java:tryRegister(44)) - Successfully registered JMX Bean with object name Ratis:service=RaftServer,group=group-8D3BBCBE58DB,id=6307e296-217c-47f6-b7e1-30640c7ce136
2022-11-08 06:31:58,608 [pool-164-thread-1] INFO  server.RaftServerConfigKeys (ConfUtils.java:logGet(46)) - raft.server.snapshot.auto.trigger.enabled = true (custom)
2022-11-08 06:31:58,608 [pool-164-thread-1] INFO  server.RaftServerConfigKeys (ConfUtils.java:logGet(46)) - raft.server.snapshot.auto.trigger.threshold = 10000 (custom)
2022-11-08 06:31:58,608 [pool-164-thread-1] INFO  server.RaftServerConfigKeys (ConfUtils.java:logGet(46)) - raft.server.snapshot.retention.file.num = 5 (custom)
2022-11-08 06:31:58,608 [pool-164-thread-1] INFO  server.RaftServerConfigKeys (ConfUtils.java:logGet(46)) - raft.server.log.purge.upto.snapshot.index = false (default)
2022-11-08 06:31:58,608 [6307e296-217c-47f6-b7e1-30640c7ce136@group-8D3BBCBE58DB-FollowerState] INFO  server.RaftServerConfigKeys (ConfUtils.java:logFallback(53)) - raft.server.rpc.first-election.timeout.min = 5s (fallback to raft.server.rpc.timeout.min)
2022-11-08 06:31:58,609 [6307e296-217c-47f6-b7e1-30640c7ce136@group-8D3BBCBE58DB-FollowerState] INFO  server.RaftServerConfigKeys (ConfUtils.java:logFallback(53)) - raft.server.rpc.first-election.timeout.max = 5200ms (fallback to raft.server.rpc.timeout.max)
2022-11-08 06:31:58,635 [grpc-default-executor-0] INFO  server.RaftServer (RaftServerProxy.java:addNew(96)) - ea638ff9-1ace-4fa2-9837-fa4aefb4be68: addNew group-8D3BBCBE58DB:[ea638ff9-1ace-4fa2-9837-fa4aefb4be68|rpc:10.1.0.244:46199|dataStream:|priority:0|startupRole:FOLLOWER, 2839026e-8851-4a4b-a6c3-ebe7d865c058|rpc:10.1.0.244:45877|dataStream:|priority:0|startupRole:FOLLOWER, 6307e296-217c-47f6-b7e1-30640c7ce136|rpc:10.1.0.244:44105|dataStream:|priority:1|startupRole:FOLLOWER] returns group-8D3BBCBE58DB:java.util.concurrent.CompletableFuture@1e8104f0[Not completed]
2022-11-08 06:31:58,636 [pool-187-thread-1] INFO  server.RaftServer$Division (RaftServerImpl.java:<init>(195)) - ea638ff9-1ace-4fa2-9837-fa4aefb4be68: new RaftServerImpl for group-8D3BBCBE58DB:[ea638ff9-1ace-4fa2-9837-fa4aefb4be68|rpc:10.1.0.244:46199|dataStream:|priority:0|startupRole:FOLLOWER, 2839026e-8851-4a4b-a6c3-ebe7d865c058|rpc:10.1.0.244:45877|dataStream:|priority:0|startupRole:FOLLOWER, 6307e296-217c-47f6-b7e1-30640c7ce136|rpc:10.1.0.244:44105|dataStream:|priority:1|startupRole:FOLLOWER] with ContainerStateMachine:uninitialized
2022-11-08 06:31:58,636 [pool-187-thread-1] INFO  server.RaftServerConfigKeys (ConfUtils.java:logGet(46)) - raft.server.rpc.timeout.min = 5s (custom)
2022-11-08 06:31:58,636 [pool-187-thread-1] INFO  server.RaftServerConfigKeys (ConfUtils.java:logGet(46)) - raft.server.rpc.timeout.max = 5200ms (custom)
2022-11-08 06:31:58,636 [pool-187-thread-1] INFO  server.RaftServerConfigKeys (ConfUtils.java:logGet(46)) - raft.server.rpc.sleep.time = 25ms (default)
2022-11-08 06:31:58,636 [pool-187-thread-1] INFO  server.RaftServerConfigKeys (ConfUtils.java:logGet(46)) - raft.server.rpc.slowness.timeout = 300s (custom)
2022-11-08 06:31:58,636 [pool-187-thread-1] INFO  server.RaftServerConfigKeys (ConfUtils.java:logGet(46)) - raft.server.leaderelection.leader.step-down.wait-time = 10s (default)
2022-11-08 06:31:58,637 [pool-187-thread-1] INFO  server.RaftServerConfigKeys (ConfUtils.java:logGet(46)) - raft.server.sleep.deviation.threshold = 300ms (default)
2022-11-08 06:31:58,637 [pool-187-thread-1] INFO  server.RaftServer$Division (ServerState.java:<init>(118)) - ea638ff9-1ace-4fa2-9837-fa4aefb4be68@group-8D3BBCBE58DB: ConfigurationManager, init=-1: peers:[ea638ff9-1ace-4fa2-9837-fa4aefb4be68|rpc:10.1.0.244:46199|dataStream:|priority:0|startupRole:FOLLOWER, 2839026e-8851-4a4b-a6c3-ebe7d865c058|rpc:10.1.0.244:45877|dataStream:|priority:0|startupRole:FOLLOWER, 6307e296-217c-47f6-b7e1-30640c7ce136|rpc:10.1.0.244:44105|dataStream:|priority:1|startupRole:FOLLOWER]|listeners:[], old=null, confs=<EMPTY_MAP>
2022-11-08 06:31:58,637 [pool-187-thread-1] INFO  server.RaftServerConfigKeys (ConfUtils.java:logGet(46)) - raft.server.storage.dir = [/home/runner/work/ozone/ozone/hadoop-ozone/integration-test/target/test-dir/MiniOzoneClusterImpl-c53ae64f-4849-40e6-a4d6-552e28141f22/datanode-5/data/ratis] (custom)
2022-11-08 06:31:58,637 [pool-187-thread-1] INFO  server.RaftServerConfigKeys (ConfUtils.java:logGet(46)) - raft.server.log.corruption.policy = EXCEPTION (default)
2022-11-08 06:31:58,637 [pool-187-thread-1] INFO  server.RaftServerConfigKeys (ConfUtils.java:logGet(46)) - raft.server.storage.free-space.min = 0MB (=0) (default)
2022-11-08 06:31:58,639 [pool-187-thread-1] INFO  server.RaftServerConfigKeys (ConfUtils.java:logGet(46)) - raft.server.notification.no-leader.timeout = 300s (custom)
2022-11-08 06:31:58,639 [pool-187-thread-1] INFO  server.RaftServerConfigKeys (ConfUtils.java:logGet(46)) - raft.server.retrycache.expirytime = 600000ms (custom)
2022-11-08 06:31:58,639 [pool-187-thread-1] INFO  server.RaftServerConfigKeys (ConfUtils.java:logGet(46)) - raft.server.retrycache.statistics.expirytime = 100μs (default)
2022-11-08 06:31:58,641 [pool-187-thread-1] INFO  server.RaftServerConfigKeys (ConfUtils.java:logGet(46)) - raft.server.log.appender.install.snapshot.enabled = false (custom)
2022-11-08 06:31:58,641 [pool-187-thread-1] INFO  server.RaftServerConfigKeys (ConfUtils.java:logGet(46)) - raft.server.threadpool.server.cached = true (default)
2022-11-08 06:31:58,641 [pool-187-thread-1] INFO  server.RaftServerConfigKeys (ConfUtils.java:logGet(46)) - raft.server.threadpool.server.size = 0 (default)
2022-11-08 06:31:58,641 [pool-187-thread-1] INFO  server.RaftServerConfigKeys (ConfUtils.java:logGet(46)) - raft.server.threadpool.client.cached = true (default)
2022-11-08 06:31:58,641 [pool-187-thread-1] INFO  server.RaftServerConfigKeys (ConfUtils.java:logGet(46)) - raft.server.threadpool.client.size = 0 (default)
2022-11-08 06:31:58,641 [pool-187-thread-1] INFO  storage.RaftStorageDirectory (RaftStorageDirectoryImpl.java:analyzeStorage(137)) - The storage directory /home/runner/work/ozone/ozone/hadoop-ozone/integration-test/target/test-dir/MiniOzoneClusterImpl-c53ae64f-4849-40e6-a4d6-552e28141f22/datanode-5/data/ratis/e91c506a-b035-4381-920e-8d3bbcbe58db does not exist. Creating ...
2022-11-08 06:31:58,643 [pool-187-thread-1] INFO  storage.RaftStorageDirectory (RaftStorageDirectoryImpl.java:tryLock(231)) - Lock on /home/runner/work/ozone/ozone/hadoop-ozone/integration-test/target/test-dir/MiniOzoneClusterImpl-c53ae64f-4849-40e6-a4d6-552e28141f22/datanode-5/data/ratis/e91c506a-b035-4381-920e-8d3bbcbe58db/in_use.lock acquired by nodename 12075@fv-az220-111
2022-11-08 06:31:58,645 [pool-187-thread-1] INFO  storage.RaftStorage (RaftStorageImpl.java:format(96)) - Storage directory /home/runner/work/ozone/ozone/hadoop-ozone/integration-test/target/test-dir/MiniOzoneClusterImpl-c53ae64f-4849-40e6-a4d6-552e28141f22/datanode-5/data/ratis/e91c506a-b035-4381-920e-8d3bbcbe58db has been successfully formatted.
2022-11-08 06:31:58,646 [pool-187-thread-1] INFO  ratis.ContainerStateMachine (ContainerStateMachine.java:loadSnapshot(236)) - group-8D3BBCBE58DB: The snapshot info is null. Setting the last applied indexto:(t:0, i:~)
2022-11-08 06:31:58,646 [pool-187-thread-1] INFO  server.RaftServerConfigKeys (ConfUtils.java:logGet(46)) - raft.server.log.use.memory = false (default)
2022-11-08 06:31:58,646 [pool-187-thread-1] INFO  server.RaftServerConfigKeys (ConfUtils.java:logGet(46)) - raft.server.log.purge.gap = 1000000 (custom)
2022-11-08 06:31:58,646 [pool-187-thread-1] INFO  server.RaftServerConfigKeys (ConfUtils.java:logGet(46)) - raft.server.log.appender.buffer.byte-limit = 33554432 (custom)
2022-11-08 06:31:58,646 [pool-187-thread-1] INFO  server.RaftServerConfigKeys (ConfUtils.java:logGet(46)) - raft.server.log.statemachine.data.read.timeout = 1000ms (default)
2022-11-08 06:31:58,646 [pool-187-thread-1] INFO  server.RaftServerConfigKeys (ConfUtils.java:logGet(46)) - raft.server.log.purge.preservation.log.num = 0 (default)
2022-11-08 06:31:58,646 [pool-187-thread-1] INFO  server.RaftServerConfigKeys (ConfUtils.java:logGet(46)) - raft.server.log.segment.size.max = 1048576 (custom)
2022-11-08 06:31:58,647 [pool-187-thread-1] INFO  server.RaftServerConfigKeys (ConfUtils.java:logGet(46)) - raft.server.log.segment.cache.num.max = 2 (custom)
2022-11-08 06:31:58,647 [pool-187-thread-1] INFO  server.RaftServerConfigKeys (ConfUtils.java:logGet(46)) - raft.server.log.segment.cache.size.max = 200MB (=209715200) (default)
2022-11-08 06:31:58,647 [pool-187-thread-1] INFO  segmented.SegmentedRaftLogWorker (SegmentedRaftLogWorker.java:<init>(191)) - new ea638ff9-1ace-4fa2-9837-fa4aefb4be68@group-8D3BBCBE58DB-SegmentedRaftLogWorker for RaftStorageImpl:Storage Directory /home/runner/work/ozone/ozone/hadoop-ozone/integration-test/target/test-dir/MiniOzoneClusterImpl-c53ae64f-4849-40e6-a4d6-552e28141f22/datanode-5/data/ratis/e91c506a-b035-4381-920e-8d3bbcbe58db
2022-11-08 06:31:58,647 [pool-187-thread-1] INFO  server.RaftServerConfigKeys (ConfUtils.java:logGet(46)) - raft.server.log.queue.byte-limit = 4294967296 (custom)
2022-11-08 06:31:58,647 [pool-187-thread-1] INFO  server.RaftServerConfigKeys (ConfUtils.java:logGet(46)) - raft.server.log.queue.element-limit = 1024 (custom)
2022-11-08 06:31:58,647 [pool-187-thread-1] INFO  server.RaftServerConfigKeys (ConfUtils.java:logGet(46)) - raft.server.log.segment.size.max = 1048576 (custom)
2022-11-08 06:31:58,647 [pool-187-thread-1] INFO  server.RaftServerConfigKeys (ConfUtils.java:logGet(46)) - raft.server.log.preallocated.size = 16384 (custom)
2022-11-08 06:31:58,647 [pool-187-thread-1] INFO  server.RaftServerConfigKeys (ConfUtils.java:logGet(46)) - raft.server.log.force.sync.num = 128 (default)
2022-11-08 06:31:58,647 [pool-187-thread-1] INFO  server.RaftServerConfigKeys (ConfUtils.java:logGet(46)) - raft.server.log.statemachine.data.sync = true (default)
2022-11-08 06:31:58,647 [pool-187-thread-1] INFO  server.RaftServerConfigKeys (ConfUtils.java:logGet(46)) - raft.server.log.statemachine.data.sync.timeout = 10s (default)
2022-11-08 06:31:58,647 [pool-187-thread-1] INFO  server.RaftServerConfigKeys (ConfUtils.java:logGet(46)) - raft.server.log.statemachine.data.sync.timeout.retry = -1 (default)
2022-11-08 06:31:58,649 [pool-187-thread-1] INFO  server.RaftServerConfigKeys (ConfUtils.java:logGet(46)) - raft.server.log.write.buffer.size = 1048576 (custom)
2022-11-08 06:31:58,650 [pool-187-thread-1] INFO  server.RaftServerConfigKeys (ConfUtils.java:logGet(46)) - raft.server.log.unsafe-flush.enabled = false (default)
2022-11-08 06:31:58,650 [pool-187-thread-1] INFO  server.RaftServerConfigKeys (ConfUtils.java:logGet(46)) - raft.server.log.async-flush.enabled = false (default)
2022-11-08 06:31:58,650 [pool-187-thread-1] INFO  server.RaftServerConfigKeys (ConfUtils.java:logGet(46)) - raft.server.log.statemachine.data.caching.enabled = true (custom)
2022-11-08 06:31:58,650 [pool-187-thread-1] INFO  segmented.SegmentedRaftLogWorker (SegmentedRaftLogWorker.java:lambda$new$0(136)) - ea638ff9-1ace-4fa2-9837-fa4aefb4be68@group-8D3BBCBE58DB-SegmentedRaftLogWorker: flushIndex: setUnconditionally 0 -> -1
2022-11-08 06:31:58,650 [pool-187-thread-1] INFO  segmented.SegmentedRaftLogWorker (SegmentedRaftLogWorker.java:lambda$new$0(136)) - ea638ff9-1ace-4fa2-9837-fa4aefb4be68@group-8D3BBCBE58DB-SegmentedRaftLogWorker: safeCacheEvictIndex: setUnconditionally 0 -> -1
2022-11-08 06:31:58,651 [pool-187-thread-1] INFO  server.RaftServer$Division (RaftServerImpl.java:start(334)) - ea638ff9-1ace-4fa2-9837-fa4aefb4be68@group-8D3BBCBE58DB: start as a follower, conf=-1: peers:[ea638ff9-1ace-4fa2-9837-fa4aefb4be68|rpc:10.1.0.244:46199|dataStream:|priority:0|startupRole:FOLLOWER, 2839026e-8851-4a4b-a6c3-ebe7d865c058|rpc:10.1.0.244:45877|dataStream:|priority:0|startupRole:FOLLOWER, 6307e296-217c-47f6-b7e1-30640c7ce136|rpc:10.1.0.244:44105|dataStream:|priority:1|startupRole:FOLLOWER]|listeners:[], old=null
2022-11-08 06:31:58,651 [pool-187-thread-1] INFO  server.RaftServer$Division (RaftServerImpl.java:setRole(321)) - ea638ff9-1ace-4fa2-9837-fa4aefb4be68@group-8D3BBCBE58DB: changes role from      null to FOLLOWER at term 0 for startAsFollower
2022-11-08 06:31:58,651 [pool-187-thread-1] INFO  impl.RoleInfo (RoleInfo.java:updateAndGet(139)) - ea638ff9-1ace-4fa2-9837-fa4aefb4be68: start ea638ff9-1ace-4fa2-9837-fa4aefb4be68@group-8D3BBCBE58DB-FollowerState
2022-11-08 06:31:58,653 [pool-187-thread-1] INFO  util.JmxRegister (JmxRegister.java:tryRegister(44)) - Successfully registered JMX Bean with object name Ratis:service=RaftServer,group=group-8D3BBCBE58DB,id=ea638ff9-1ace-4fa2-9837-fa4aefb4be68
2022-11-08 06:31:58,653 [pool-187-thread-1] INFO  server.RaftServerConfigKeys (ConfUtils.java:logGet(46)) - raft.server.snapshot.auto.trigger.enabled = true (custom)
2022-11-08 06:31:58,653 [pool-187-thread-1] INFO  server.RaftServerConfigKeys (ConfUtils.java:logGet(46)) - raft.server.snapshot.auto.trigger.threshold = 10000 (custom)
2022-11-08 06:31:58,653 [pool-187-thread-1] INFO  server.RaftServerConfigKeys (ConfUtils.java:logGet(46)) - raft.server.snapshot.retention.file.num = 5 (custom)
2022-11-08 06:31:58,653 [pool-187-thread-1] INFO  server.RaftServerConfigKeys (ConfUtils.java:logGet(46)) - raft.server.log.purge.upto.snapshot.index = false (default)
2022-11-08 06:31:58,654 [ea638ff9-1ace-4fa2-9837-fa4aefb4be68@group-8D3BBCBE58DB-FollowerState] INFO  server.RaftServerConfigKeys (ConfUtils.java:logFallback(53)) - raft.server.rpc.first-election.timeout.min = 5s (fallback to raft.server.rpc.timeout.min)
2022-11-08 06:31:58,666 [ea638ff9-1ace-4fa2-9837-fa4aefb4be68@group-8D3BBCBE58DB-FollowerState] INFO  server.RaftServerConfigKeys (ConfUtils.java:logFallback(53)) - raft.server.rpc.first-election.timeout.max = 5200ms (fallback to raft.server.rpc.timeout.max)
2022-11-08 06:31:58,671 [Command processor thread] INFO  commandhandler.CreatePipelineCommandHandler (CreatePipelineCommandHandler.java:handle(113)) - Created Pipeline RATIS THREE PipelineID=e91c506a-b035-4381-920e-8d3bbcbe58db.
2022-11-08 06:31:58,724 [Command processor thread] INFO  server.RaftServer (RaftServerProxy.java:addNew(96)) - 6307e296-217c-47f6-b7e1-30640c7ce136: addNew group-EA30693AB63E:[6307e296-217c-47f6-b7e1-30640c7ce136|rpc:10.1.0.244:44105|priority:1|startupRole:FOLLOWER] returns group-EA30693AB63E:java.util.concurrent.CompletableFuture@7fbce5ca[Not completed]
2022-11-08 06:31:58,725 [pool-164-thread-1] INFO  server.RaftServer$Division (RaftServerImpl.java:<init>(195)) - 6307e296-217c-47f6-b7e1-30640c7ce136: new RaftServerImpl for group-EA30693AB63E:[6307e296-217c-47f6-b7e1-30640c7ce136|rpc:10.1.0.244:44105|priority:1|startupRole:FOLLOWER] with ContainerStateMachine:uninitialized
2022-11-08 06:31:58,726 [pool-164-thread-1] INFO  server.RaftServerConfigKeys (ConfUtils.java:logGet(46)) - raft.server.rpc.timeout.min = 5s (custom)
2022-11-08 06:31:58,726 [pool-164-thread-1] INFO  server.RaftServerConfigKeys (ConfUtils.java:logGet(46)) - raft.server.rpc.timeout.max = 5200ms (custom)
2022-11-08 06:31:58,726 [pool-164-thread-1] INFO  server.RaftServerConfigKeys (ConfUtils.java:logGet(46)) - raft.server.rpc.sleep.time = 25ms (default)
2022-11-08 06:31:58,726 [pool-164-thread-1] INFO  server.RaftServerConfigKeys (ConfUtils.java:logGet(46)) - raft.server.rpc.slowness.timeout = 300s (custom)
2022-11-08 06:31:58,726 [pool-164-thread-1] INFO  server.RaftServerConfigKeys (ConfUtils.java:logGet(46)) - raft.server.leaderelection.leader.step-down.wait-time = 10s (default)
2022-11-08 06:31:58,726 [pool-164-thread-1] INFO  server.RaftServerConfigKeys (ConfUtils.java:logGet(46)) - raft.server.sleep.deviation.threshold = 300ms (default)
2022-11-08 06:31:58,726 [pool-164-thread-1] INFO  server.RaftServer$Division (ServerState.java:<init>(118)) - 6307e296-217c-47f6-b7e1-30640c7ce136@group-EA30693AB63E: ConfigurationManager, init=-1: peers:[6307e296-217c-47f6-b7e1-30640c7ce136|rpc:10.1.0.244:44105|priority:1|startupRole:FOLLOWER]|listeners:[], old=null, confs=<EMPTY_MAP>
2022-11-08 06:31:58,726 [pool-164-thread-1] INFO  server.RaftServerConfigKeys (ConfUtils.java:logGet(46)) - raft.server.storage.dir = [/home/runner/work/ozone/ozone/hadoop-ozone/integration-test/target/test-dir/MiniOzoneClusterImpl-c53ae64f-4849-40e6-a4d6-552e28141f22/datanode-4/data/ratis] (custom)
2022-11-08 06:31:58,726 [pool-164-thread-1] INFO  server.RaftServerConfigKeys (ConfUtils.java:logGet(46)) - raft.server.log.corruption.policy = EXCEPTION (default)
2022-11-08 06:31:58,726 [pool-164-thread-1] INFO  server.RaftServerConfigKeys (ConfUtils.java:logGet(46)) - raft.server.storage.free-space.min = 0MB (=0) (default)
2022-11-08 06:31:58,726 [pool-164-thread-1] INFO  server.RaftServerConfigKeys (ConfUtils.java:logGet(46)) - raft.server.notification.no-leader.timeout = 300s (custom)
2022-11-08 06:31:58,727 [pool-164-thread-1] INFO  server.RaftServerConfigKeys (ConfUtils.java:logGet(46)) - raft.server.retrycache.expirytime = 600000ms (custom)
2022-11-08 06:31:58,727 [pool-164-thread-1] INFO  server.RaftServerConfigKeys (ConfUtils.java:logGet(46)) - raft.server.retrycache.statistics.expirytime = 100μs (default)
2022-11-08 06:31:58,727 [pool-164-thread-1] INFO  server.RaftServerConfigKeys (ConfUtils.java:logGet(46)) - raft.server.log.appender.install.snapshot.enabled = false (custom)
2022-11-08 06:31:58,728 [pool-164-thread-1] INFO  server.RaftServerConfigKeys (ConfUtils.java:logGet(46)) - raft.server.threadpool.server.cached = true (default)
2022-11-08 06:31:58,728 [pool-164-thread-1] INFO  server.RaftServerConfigKeys (ConfUtils.java:logGet(46)) - raft.server.threadpool.server.size = 0 (default)
2022-11-08 06:31:58,728 [pool-164-thread-1] INFO  server.RaftServerConfigKeys (ConfUtils.java:logGet(46)) - raft.server.threadpool.client.cached = true (default)
2022-11-08 06:31:58,728 [pool-164-thread-1] INFO  server.RaftServerConfigKeys (ConfUtils.java:logGet(46)) - raft.server.threadpool.client.size = 0 (default)
2022-11-08 06:31:58,728 [pool-164-thread-1] INFO  storage.RaftStorageDirectory (RaftStorageDirectoryImpl.java:analyzeStorage(137)) - The storage directory /home/runner/work/ozone/ozone/hadoop-ozone/integration-test/target/test-dir/MiniOzoneClusterImpl-c53ae64f-4849-40e6-a4d6-552e28141f22/datanode-4/data/ratis/6eceb67b-5210-41f7-952e-ea30693ab63e does not exist. Creating ...
2022-11-08 06:31:58,729 [pool-164-thread-1] INFO  storage.RaftStorageDirectory (RaftStorageDirectoryImpl.java:tryLock(231)) - Lock on /home/runner/work/ozone/ozone/hadoop-ozone/integration-test/target/test-dir/MiniOzoneClusterImpl-c53ae64f-4849-40e6-a4d6-552e28141f22/datanode-4/data/ratis/6eceb67b-5210-41f7-952e-ea30693ab63e/in_use.lock acquired by nodename 12075@fv-az220-111
2022-11-08 06:31:58,731 [pool-164-thread-1] INFO  storage.RaftStorage (RaftStorageImpl.java:format(96)) - Storage directory /home/runner/work/ozone/ozone/hadoop-ozone/integration-test/target/test-dir/MiniOzoneClusterImpl-c53ae64f-4849-40e6-a4d6-552e28141f22/datanode-4/data/ratis/6eceb67b-5210-41f7-952e-ea30693ab63e has been successfully formatted.
2022-11-08 06:31:58,732 [pool-164-thread-1] INFO  ratis.ContainerStateMachine (ContainerStateMachine.java:loadSnapshot(236)) - group-EA30693AB63E: The snapshot info is null. Setting the last applied indexto:(t:0, i:~)
2022-11-08 06:31:58,732 [pool-164-thread-1] INFO  server.RaftServerConfigKeys (ConfUtils.java:logGet(46)) - raft.server.log.use.memory = false (default)
2022-11-08 06:31:58,732 [pool-164-thread-1] INFO  server.RaftServerConfigKeys (ConfUtils.java:logGet(46)) - raft.server.log.purge.gap = 1000000 (custom)
2022-11-08 06:31:58,732 [pool-164-thread-1] INFO  server.RaftServerConfigKeys (ConfUtils.java:logGet(46)) - raft.server.log.appender.buffer.byte-limit = 33554432 (custom)
2022-11-08 06:31:58,732 [pool-164-thread-1] INFO  server.RaftServerConfigKeys (ConfUtils.java:logGet(46)) - raft.server.log.statemachine.data.read.timeout = 1000ms (default)
2022-11-08 06:31:58,732 [pool-164-thread-1] INFO  server.RaftServerConfigKeys (ConfUtils.java:logGet(46)) - raft.server.log.purge.preservation.log.num = 0 (default)
2022-11-08 06:31:58,735 [EventQueue-PipelineReportForPipelineReportHandler] INFO  pipeline.PipelineManagerImpl (PipelineManagerImpl.java:openPipeline(367)) - Pipeline Pipeline[ Id: 6eceb67b-5210-41f7-952e-ea30693ab63e, Nodes: 6307e296-217c-47f6-b7e1-30640c7ce136{ip: 10.1.0.244, host: fv-az220-111.shdwizndlbjulinwhzhdmup5sb.jx.internal.cloudapp.net, ports: [REPLICATION=40879, RATIS=44105, RATIS_ADMIN=44105, RATIS_SERVER=44105, STANDALONE=39677], networkLocation: /default-rack, certSerialId: null, persistedOpState: IN_SERVICE, persistedOpStateExpiryEpochSec: 0}, ReplicationConfig: RATIS/ONE, State:ALLOCATED, leaderId:6307e296-217c-47f6-b7e1-30640c7ce136, CreationTimestamp2022-11-08T06:31:55.729Z[Etc/UTC]] moved to OPEN state
2022-11-08 06:31:58,735 [pool-164-thread-1] INFO  server.RaftServerConfigKeys (ConfUtils.java:logGet(46)) - raft.server.log.segment.size.max = 1048576 (custom)
2022-11-08 06:31:58,735 [EventQueue-OpenPipelineForHealthyPipelineSafeModeRule] INFO  safemode.SCMSafeModeManager (HealthyPipelineSafeModeRule.java:process(137)) - SCM in safe mode. Healthy pipelines reported count is 0, required healthy pipeline reported count is 1
2022-11-08 06:31:58,736 [pool-164-thread-1] INFO  server.RaftServerConfigKeys (ConfUtils.java:logGet(46)) - raft.server.log.segment.cache.num.max = 2 (custom)
2022-11-08 06:31:58,736 [pool-164-thread-1] INFO  server.RaftServerConfigKeys (ConfUtils.java:logGet(46)) - raft.server.log.segment.cache.size.max = 200MB (=209715200) (default)
2022-11-08 06:31:58,736 [pool-164-thread-1] INFO  segmented.SegmentedRaftLogWorker (SegmentedRaftLogWorker.java:<init>(191)) - new 6307e296-217c-47f6-b7e1-30640c7ce136@group-EA30693AB63E-SegmentedRaftLogWorker for RaftStorageImpl:Storage Directory /home/runner/work/ozone/ozone/hadoop-ozone/integration-test/target/test-dir/MiniOzoneClusterImpl-c53ae64f-4849-40e6-a4d6-552e28141f22/datanode-4/data/ratis/6eceb67b-5210-41f7-952e-ea30693ab63e
2022-11-08 06:31:58,737 [pool-164-thread-1] INFO  server.RaftServerConfigKeys (ConfUtils.java:logGet(46)) - raft.server.log.queue.byte-limit = 4294967296 (custom)
2022-11-08 06:31:58,737 [pool-164-thread-1] INFO  server.RaftServerConfigKeys (ConfUtils.java:logGet(46)) - raft.server.log.queue.element-limit = 1024 (custom)
2022-11-08 06:31:58,737 [pool-164-thread-1] INFO  server.RaftServerConfigKeys (ConfUtils.java:logGet(46)) - raft.server.log.segment.size.max = 1048576 (custom)
2022-11-08 06:31:58,737 [pool-164-thread-1] INFO  server.RaftServerConfigKeys (ConfUtils.java:logGet(46)) - raft.server.log.preallocated.size = 16384 (custom)
2022-11-08 06:31:58,737 [pool-164-thread-1] INFO  server.RaftServerConfigKeys (ConfUtils.java:logGet(46)) - raft.server.log.force.sync.num = 128 (default)
2022-11-08 06:31:58,737 [pool-164-thread-1] INFO  server.RaftServerConfigKeys (ConfUtils.java:logGet(46)) - raft.server.log.statemachine.data.sync = true (default)
2022-11-08 06:31:58,737 [pool-164-thread-1] INFO  server.RaftServerConfigKeys (ConfUtils.java:logGet(46)) - raft.server.log.statemachine.data.sync.timeout = 10s (default)
2022-11-08 06:31:58,737 [pool-164-thread-1] INFO  server.RaftServerConfigKeys (ConfUtils.java:logGet(46)) - raft.server.log.statemachine.data.sync.timeout.retry = -1 (default)
2022-11-08 06:31:58,738 [pool-164-thread-1] INFO  server.RaftServerConfigKeys (ConfUtils.java:logGet(46)) - raft.server.log.write.buffer.size = 1048576 (custom)
2022-11-08 06:31:58,739 [pool-164-thread-1] INFO  server.RaftServerConfigKeys (ConfUtils.java:logGet(46)) - raft.server.log.unsafe-flush.enabled = false (default)
2022-11-08 06:31:58,739 [pool-164-thread-1] INFO  server.RaftServerConfigKeys (ConfUtils.java:logGet(46)) - raft.server.log.async-flush.enabled = false (default)
2022-11-08 06:31:58,739 [pool-164-thread-1] INFO  server.RaftServerConfigKeys (ConfUtils.java:logGet(46)) - raft.server.log.statemachine.data.caching.enabled = true (custom)
2022-11-08 06:31:58,739 [pool-164-thread-1] INFO  segmented.SegmentedRaftLogWorker (SegmentedRaftLogWorker.java:lambda$new$0(136)) - 6307e296-217c-47f6-b7e1-30640c7ce136@group-EA30693AB63E-SegmentedRaftLogWorker: flushIndex: setUnconditionally 0 -> -1
2022-11-08 06:31:58,739 [pool-164-thread-1] INFO  segmented.SegmentedRaftLogWorker (SegmentedRaftLogWorker.java:lambda$new$0(136)) - 6307e296-217c-47f6-b7e1-30640c7ce136@group-EA30693AB63E-SegmentedRaftLogWorker: safeCacheEvictIndex: setUnconditionally 0 -> -1
2022-11-08 06:31:58,739 [pool-164-thread-1] INFO  server.RaftServer$Division (RaftServerImpl.java:start(334)) - 6307e296-217c-47f6-b7e1-30640c7ce136@group-EA30693AB63E: start as a follower, conf=-1: peers:[6307e296-217c-47f6-b7e1-30640c7ce136|rpc:10.1.0.244:44105|priority:1|startupRole:FOLLOWER]|listeners:[], old=null
2022-11-08 06:31:58,739 [pool-164-thread-1] INFO  server.RaftServer$Division (RaftServerImpl.java:setRole(321)) - 6307e296-217c-47f6-b7e1-30640c7ce136@group-EA30693AB63E: changes role from      null to FOLLOWER at term 0 for startAsFollower
2022-11-08 06:31:58,739 [pool-164-thread-1] INFO  impl.RoleInfo (RoleInfo.java:updateAndGet(139)) - 6307e296-217c-47f6-b7e1-30640c7ce136: start 6307e296-217c-47f6-b7e1-30640c7ce136@group-EA30693AB63E-FollowerState
2022-11-08 06:31:58,741 [pool-164-thread-1] INFO  util.JmxRegister (JmxRegister.java:tryRegister(44)) - Successfully registered JMX Bean with object name Ratis:service=RaftServer,group=group-EA30693AB63E,id=6307e296-217c-47f6-b7e1-30640c7ce136
2022-11-08 06:31:58,741 [pool-164-thread-1] INFO  server.RaftServerConfigKeys (ConfUtils.java:logGet(46)) - raft.server.snapshot.auto.trigger.enabled = true (custom)
2022-11-08 06:31:58,741 [pool-164-thread-1] INFO  server.RaftServerConfigKeys (ConfUtils.java:logGet(46)) - raft.server.snapshot.auto.trigger.threshold = 10000 (custom)
2022-11-08 06:31:58,742 [pool-164-thread-1] INFO  server.RaftServerConfigKeys (ConfUtils.java:logGet(46)) - raft.server.snapshot.retention.file.num = 5 (custom)
2022-11-08 06:31:58,742 [pool-164-thread-1] INFO  server.RaftServerConfigKeys (ConfUtils.java:logGet(46)) - raft.server.log.purge.upto.snapshot.index = false (default)
2022-11-08 06:31:58,743 [6307e296-217c-47f6-b7e1-30640c7ce136@group-EA30693AB63E-FollowerState] INFO  server.RaftServerConfigKeys (ConfUtils.java:logFallback(53)) - raft.server.rpc.first-election.timeout.min = 5s (fallback to raft.server.rpc.timeout.min)
2022-11-08 06:31:58,743 [6307e296-217c-47f6-b7e1-30640c7ce136@group-EA30693AB63E-FollowerState] INFO  server.RaftServerConfigKeys (ConfUtils.java:logFallback(53)) - raft.server.rpc.first-election.timeout.max = 5200ms (fallback to raft.server.rpc.timeout.max)
2022-11-08 06:31:58,745 [Command processor thread] INFO  ratis.XceiverServerRatis (XceiverServerRatis.java:addGroup(765)) - Created group PipelineID=6eceb67b-5210-41f7-952e-ea30693ab63e
2022-11-08 06:31:58,746 [Command processor thread] INFO  commandhandler.CreatePipelineCommandHandler (CreatePipelineCommandHandler.java:handle(113)) - Created Pipeline RATIS ONE PipelineID=6eceb67b-5210-41f7-952e-ea30693ab63e.
2022-11-08 06:31:59,122 [Listener at 127.0.0.1/40183] INFO  ozone.MiniOzoneClusterImpl (MiniOzoneClusterImpl.java:lambda$waitForClusterToBeReady$0(216)) - Nodes are ready. Got 6 of 6 DN Heartbeats.
2022-11-08 06:31:59,123 [Listener at 127.0.0.1/40183] INFO  ozone.MiniOzoneClusterImpl (MiniOzoneClusterImpl.java:lambda$waitForClusterToBeReady$0(219)) - Waiting for cluster to exit safe mode
2022-11-08 06:31:59,123 [Listener at 127.0.0.1/40183] INFO  ozone.MiniOzoneClusterImpl (MiniOzoneClusterImpl.java:lambda$waitForClusterToBeReady$0(221)) - SCM became leader
2022-11-08 06:31:59,128 [Command processor thread] INFO  server.RaftServer (RaftServerProxy.java:addNew(96)) - ea638ff9-1ace-4fa2-9837-fa4aefb4be68: addNew group-4E379A91CD26:[ea638ff9-1ace-4fa2-9837-fa4aefb4be68|rpc:10.1.0.244:46199|priority:1|startupRole:FOLLOWER] returns group-4E379A91CD26:java.util.concurrent.CompletableFuture@58c347cd[Not completed]
2022-11-08 06:31:59,130 [pool-187-thread-1] INFO  server.RaftServer$Division (RaftServerImpl.java:<init>(195)) - ea638ff9-1ace-4fa2-9837-fa4aefb4be68: new RaftServerImpl for group-4E379A91CD26:[ea638ff9-1ace-4fa2-9837-fa4aefb4be68|rpc:10.1.0.244:46199|priority:1|startupRole:FOLLOWER] with ContainerStateMachine:uninitialized
2022-11-08 06:31:59,130 [pool-187-thread-1] INFO  server.RaftServerConfigKeys (ConfUtils.java:logGet(46)) - raft.server.rpc.timeout.min = 5s (custom)
2022-11-08 06:31:59,130 [pool-187-thread-1] INFO  server.RaftServerConfigKeys (ConfUtils.java:logGet(46)) - raft.server.rpc.timeout.max = 5200ms (custom)
2022-11-08 06:31:59,130 [pool-187-thread-1] INFO  server.RaftServerConfigKeys (ConfUtils.java:logGet(46)) - raft.server.rpc.sleep.time = 25ms (default)
2022-11-08 06:31:59,130 [pool-187-thread-1] INFO  server.RaftServerConfigKeys (ConfUtils.java:logGet(46)) - raft.server.rpc.slowness.timeout = 300s (custom)
2022-11-08 06:31:59,130 [pool-187-thread-1] INFO  server.RaftServerConfigKeys (ConfUtils.java:logGet(46)) - raft.server.leaderelection.leader.step-down.wait-time = 10s (default)
2022-11-08 06:31:59,130 [pool-187-thread-1] INFO  server.RaftServerConfigKeys (ConfUtils.java:logGet(46)) - raft.server.sleep.deviation.threshold = 300ms (default)
2022-11-08 06:31:59,130 [pool-187-thread-1] INFO  server.RaftServer$Division (ServerState.java:<init>(118)) - ea638ff9-1ace-4fa2-9837-fa4aefb4be68@group-4E379A91CD26: ConfigurationManager, init=-1: peers:[ea638ff9-1ace-4fa2-9837-fa4aefb4be68|rpc:10.1.0.244:46199|priority:1|startupRole:FOLLOWER]|listeners:[], old=null, confs=<EMPTY_MAP>
2022-11-08 06:31:59,130 [pool-187-thread-1] INFO  server.RaftServerConfigKeys (ConfUtils.java:logGet(46)) - raft.server.storage.dir = [/home/runner/work/ozone/ozone/hadoop-ozone/integration-test/target/test-dir/MiniOzoneClusterImpl-c53ae64f-4849-40e6-a4d6-552e28141f22/datanode-5/data/ratis] (custom)
2022-11-08 06:31:59,130 [pool-187-thread-1] INFO  server.RaftServerConfigKeys (ConfUtils.java:logGet(46)) - raft.server.log.corruption.policy = EXCEPTION (default)
2022-11-08 06:31:59,130 [pool-187-thread-1] INFO  server.RaftServerConfigKeys (ConfUtils.java:logGet(46)) - raft.server.storage.free-space.min = 0MB (=0) (default)
2022-11-08 06:31:59,131 [pool-187-thread-1] INFO  server.RaftServerConfigKeys (ConfUtils.java:logGet(46)) - raft.server.notification.no-leader.timeout = 300s (custom)
2022-11-08 06:31:59,131 [pool-187-thread-1] INFO  server.RaftServerConfigKeys (ConfUtils.java:logGet(46)) - raft.server.retrycache.expirytime = 600000ms (custom)
2022-11-08 06:31:59,131 [pool-187-thread-1] INFO  server.RaftServerConfigKeys (ConfUtils.java:logGet(46)) - raft.server.retrycache.statistics.expirytime = 100μs (default)
2022-11-08 06:31:59,132 [pool-187-thread-1] INFO  server.RaftServerConfigKeys (ConfUtils.java:logGet(46)) - raft.server.log.appender.install.snapshot.enabled = false (custom)
2022-11-08 06:31:59,132 [pool-187-thread-1] INFO  server.RaftServerConfigKeys (ConfUtils.java:logGet(46)) - raft.server.threadpool.server.cached = true (default)
2022-11-08 06:31:59,132 [pool-187-thread-1] INFO  server.RaftServerConfigKeys (ConfUtils.java:logGet(46)) - raft.server.threadpool.server.size = 0 (default)
2022-11-08 06:31:59,132 [pool-187-thread-1] INFO  server.RaftServerConfigKeys (ConfUtils.java:logGet(46)) - raft.server.threadpool.client.cached = true (default)
2022-11-08 06:31:59,132 [pool-187-thread-1] INFO  server.RaftServerConfigKeys (ConfUtils.java:logGet(46)) - raft.server.threadpool.client.size = 0 (default)
2022-11-08 06:31:59,132 [pool-187-thread-1] INFO  storage.RaftStorageDirectory (RaftStorageDirectoryImpl.java:analyzeStorage(137)) - The storage directory /home/runner/work/ozone/ozone/hadoop-ozone/integration-test/target/test-dir/MiniOzoneClusterImpl-c53ae64f-4849-40e6-a4d6-552e28141f22/datanode-5/data/ratis/a637e4b5-bb2e-4b72-9208-4e379a91cd26 does not exist. Creating ...
2022-11-08 06:31:59,134 [pool-187-thread-1] INFO  storage.RaftStorageDirectory (RaftStorageDirectoryImpl.java:tryLock(231)) - Lock on /home/runner/work/ozone/ozone/hadoop-ozone/integration-test/target/test-dir/MiniOzoneClusterImpl-c53ae64f-4849-40e6-a4d6-552e28141f22/datanode-5/data/ratis/a637e4b5-bb2e-4b72-9208-4e379a91cd26/in_use.lock acquired by nodename 12075@fv-az220-111
2022-11-08 06:31:59,136 [pool-187-thread-1] INFO  storage.RaftStorage (RaftStorageImpl.java:format(96)) - Storage directory /home/runner/work/ozone/ozone/hadoop-ozone/integration-test/target/test-dir/MiniOzoneClusterImpl-c53ae64f-4849-40e6-a4d6-552e28141f22/datanode-5/data/ratis/a637e4b5-bb2e-4b72-9208-4e379a91cd26 has been successfully formatted.
2022-11-08 06:31:59,136 [pool-187-thread-1] INFO  ratis.ContainerStateMachine (ContainerStateMachine.java:loadSnapshot(236)) - group-4E379A91CD26: The snapshot info is null. Setting the last applied indexto:(t:0, i:~)
2022-11-08 06:31:59,137 [pool-187-thread-1] INFO  server.RaftServerConfigKeys (ConfUtils.java:logGet(46)) - raft.server.log.use.memory = false (default)
2022-11-08 06:31:59,137 [pool-187-thread-1] INFO  server.RaftServerConfigKeys (ConfUtils.java:logGet(46)) - raft.server.log.purge.gap = 1000000 (custom)
2022-11-08 06:31:59,137 [pool-187-thread-1] INFO  server.RaftServerConfigKeys (ConfUtils.java:logGet(46)) - raft.server.log.appender.buffer.byte-limit = 33554432 (custom)
2022-11-08 06:31:59,137 [pool-187-thread-1] INFO  server.RaftServerConfigKeys (ConfUtils.java:logGet(46)) - raft.server.log.statemachine.data.read.timeout = 1000ms (default)
2022-11-08 06:31:59,137 [pool-187-thread-1] INFO  server.RaftServerConfigKeys (ConfUtils.java:logGet(46)) - raft.server.log.purge.preservation.log.num = 0 (default)
2022-11-08 06:31:59,137 [pool-187-thread-1] INFO  server.RaftServerConfigKeys (ConfUtils.java:logGet(46)) - raft.server.log.segment.size.max = 1048576 (custom)
2022-11-08 06:31:59,139 [EventQueue-PipelineReportForPipelineReportHandler] INFO  pipeline.PipelineManagerImpl (PipelineManagerImpl.java:openPipeline(367)) - Pipeline Pipeline[ Id: a637e4b5-bb2e-4b72-9208-4e379a91cd26, Nodes: ea638ff9-1ace-4fa2-9837-fa4aefb4be68{ip: 10.1.0.244, host: fv-az220-111.shdwizndlbjulinwhzhdmup5sb.jx.internal.cloudapp.net, ports: [REPLICATION=37693, RATIS=46199, RATIS_ADMIN=46199, RATIS_SERVER=46199, STANDALONE=33545], networkLocation: /default-rack, certSerialId: null, persistedOpState: IN_SERVICE, persistedOpStateExpiryEpochSec: 0}, ReplicationConfig: RATIS/ONE, State:ALLOCATED, leaderId:ea638ff9-1ace-4fa2-9837-fa4aefb4be68, CreationTimestamp2022-11-08T06:31:56.133Z[Etc/UTC]] moved to OPEN state
2022-11-08 06:31:59,139 [pool-187-thread-1] INFO  server.RaftServerConfigKeys (ConfUtils.java:logGet(46)) - raft.server.log.segment.cache.num.max = 2 (custom)
2022-11-08 06:31:59,139 [pool-187-thread-1] INFO  server.RaftServerConfigKeys (ConfUtils.java:logGet(46)) - raft.server.log.segment.cache.size.max = 200MB (=209715200) (default)
2022-11-08 06:31:59,140 [pool-187-thread-1] INFO  segmented.SegmentedRaftLogWorker (SegmentedRaftLogWorker.java:<init>(191)) - new ea638ff9-1ace-4fa2-9837-fa4aefb4be68@group-4E379A91CD26-SegmentedRaftLogWorker for RaftStorageImpl:Storage Directory /home/runner/work/ozone/ozone/hadoop-ozone/integration-test/target/test-dir/MiniOzoneClusterImpl-c53ae64f-4849-40e6-a4d6-552e28141f22/datanode-5/data/ratis/a637e4b5-bb2e-4b72-9208-4e379a91cd26
2022-11-08 06:31:59,140 [pool-187-thread-1] INFO  server.RaftServerConfigKeys (ConfUtils.java:logGet(46)) - raft.server.log.queue.byte-limit = 4294967296 (custom)
2022-11-08 06:31:59,140 [pool-187-thread-1] INFO  server.RaftServerConfigKeys (ConfUtils.java:logGet(46)) - raft.server.log.queue.element-limit = 1024 (custom)
2022-11-08 06:31:59,140 [pool-187-thread-1] INFO  server.RaftServerConfigKeys (ConfUtils.java:logGet(46)) - raft.server.log.segment.size.max = 1048576 (custom)
2022-11-08 06:31:59,140 [pool-187-thread-1] INFO  server.RaftServerConfigKeys (ConfUtils.java:logGet(46)) - raft.server.log.preallocated.size = 16384 (custom)
2022-11-08 06:31:59,140 [pool-187-thread-1] INFO  server.RaftServerConfigKeys (ConfUtils.java:logGet(46)) - raft.server.log.force.sync.num = 128 (default)
2022-11-08 06:31:59,140 [pool-187-thread-1] INFO  server.RaftServerConfigKeys (ConfUtils.java:logGet(46)) - raft.server.log.statemachine.data.sync = true (default)
2022-11-08 06:31:59,140 [pool-187-thread-1] INFO  server.RaftServerConfigKeys (ConfUtils.java:logGet(46)) - raft.server.log.statemachine.data.sync.timeout = 10s (default)
2022-11-08 06:31:59,140 [pool-187-thread-1] INFO  server.RaftServerConfigKeys (ConfUtils.java:logGet(46)) - raft.server.log.statemachine.data.sync.timeout.retry = -1 (default)
2022-11-08 06:31:59,140 [EventQueue-OpenPipelineForHealthyPipelineSafeModeRule] INFO  safemode.SCMSafeModeManager (HealthyPipelineSafeModeRule.java:process(137)) - SCM in safe mode. Healthy pipelines reported count is 0, required healthy pipeline reported count is 1
2022-11-08 06:31:59,144 [pool-187-thread-1] INFO  server.RaftServerConfigKeys (ConfUtils.java:logGet(46)) - raft.server.log.write.buffer.size = 1048576 (custom)
2022-11-08 06:31:59,145 [pool-187-thread-1] INFO  server.RaftServerConfigKeys (ConfUtils.java:logGet(46)) - raft.server.log.unsafe-flush.enabled = false (default)
2022-11-08 06:31:59,145 [pool-187-thread-1] INFO  server.RaftServerConfigKeys (ConfUtils.java:logGet(46)) - raft.server.log.async-flush.enabled = false (default)
2022-11-08 06:31:59,145 [pool-187-thread-1] INFO  server.RaftServerConfigKeys (ConfUtils.java:logGet(46)) - raft.server.log.statemachine.data.caching.enabled = true (custom)
2022-11-08 06:31:59,146 [pool-187-thread-1] INFO  segmented.SegmentedRaftLogWorker (SegmentedRaftLogWorker.java:lambda$new$0(136)) - ea638ff9-1ace-4fa2-9837-fa4aefb4be68@group-4E379A91CD26-SegmentedRaftLogWorker: flushIndex: setUnconditionally 0 -> -1
2022-11-08 06:31:59,146 [pool-187-thread-1] INFO  segmented.SegmentedRaftLogWorker (SegmentedRaftLogWorker.java:lambda$new$0(136)) - ea638ff9-1ace-4fa2-9837-fa4aefb4be68@group-4E379A91CD26-SegmentedRaftLogWorker: safeCacheEvictIndex: setUnconditionally 0 -> -1
2022-11-08 06:31:59,147 [pool-187-thread-1] INFO  server.RaftServer$Division (RaftServerImpl.java:start(334)) - ea638ff9-1ace-4fa2-9837-fa4aefb4be68@group-4E379A91CD26: start as a follower, conf=-1: peers:[ea638ff9-1ace-4fa2-9837-fa4aefb4be68|rpc:10.1.0.244:46199|priority:1|startupRole:FOLLOWER]|listeners:[], old=null
2022-11-08 06:31:59,147 [pool-187-thread-1] INFO  server.RaftServer$Division (RaftServerImpl.java:setRole(321)) - ea638ff9-1ace-4fa2-9837-fa4aefb4be68@group-4E379A91CD26: changes role from      null to FOLLOWER at term 0 for startAsFollower
2022-11-08 06:31:59,147 [pool-187-thread-1] INFO  impl.RoleInfo (RoleInfo.java:updateAndGet(139)) - ea638ff9-1ace-4fa2-9837-fa4aefb4be68: start ea638ff9-1ace-4fa2-9837-fa4aefb4be68@group-4E379A91CD26-FollowerState
2022-11-08 06:31:59,151 [pool-187-thread-1] INFO  util.JmxRegister (JmxRegister.java:tryRegister(44)) - Successfully registered JMX Bean with object name Ratis:service=RaftServer,group=group-4E379A91CD26,id=ea638ff9-1ace-4fa2-9837-fa4aefb4be68
2022-11-08 06:31:59,151 [pool-187-thread-1] INFO  server.RaftServerConfigKeys (ConfUtils.java:logGet(46)) - raft.server.snapshot.auto.trigger.enabled = true (custom)
2022-11-08 06:31:59,151 [pool-187-thread-1] INFO  server.RaftServerConfigKeys (ConfUtils.java:logGet(46)) - raft.server.snapshot.auto.trigger.threshold = 10000 (custom)
2022-11-08 06:31:59,151 [pool-187-thread-1] INFO  server.RaftServerConfigKeys (ConfUtils.java:logGet(46)) - raft.server.snapshot.retention.file.num = 5 (custom)
2022-11-08 06:31:59,151 [pool-187-thread-1] INFO  server.RaftServerConfigKeys (ConfUtils.java:logGet(46)) - raft.server.log.purge.upto.snapshot.index = false (default)
2022-11-08 06:31:59,152 [ea638ff9-1ace-4fa2-9837-fa4aefb4be68@group-4E379A91CD26-FollowerState] INFO  server.RaftServerConfigKeys (ConfUtils.java:logFallback(53)) - raft.server.rpc.first-election.timeout.min = 5s (fallback to raft.server.rpc.timeout.min)
2022-11-08 06:31:59,152 [ea638ff9-1ace-4fa2-9837-fa4aefb4be68@group-4E379A91CD26-FollowerState] INFO  server.RaftServerConfigKeys (ConfUtils.java:logFallback(53)) - raft.server.rpc.first-election.timeout.max = 5200ms (fallback to raft.server.rpc.timeout.max)
2022-11-08 06:31:59,153 [Command processor thread] INFO  ratis.XceiverServerRatis (XceiverServerRatis.java:addGroup(765)) - Created group PipelineID=a637e4b5-bb2e-4b72-9208-4e379a91cd26
2022-11-08 06:31:59,153 [Command processor thread] INFO  commandhandler.CreatePipelineCommandHandler (CreatePipelineCommandHandler.java:handle(113)) - Created Pipeline RATIS ONE PipelineID=a637e4b5-bb2e-4b72-9208-4e379a91cd26.
2022-11-08 06:32:00,123 [Listener at 127.0.0.1/40183] INFO  ozone.MiniOzoneClusterImpl (MiniOzoneClusterImpl.java:lambda$waitForClusterToBeReady$0(216)) - Nodes are ready. Got 6 of 6 DN Heartbeats.
2022-11-08 06:32:00,124 [Listener at 127.0.0.1/40183] INFO  ozone.MiniOzoneClusterImpl (MiniOzoneClusterImpl.java:lambda$waitForClusterToBeReady$0(219)) - Waiting for cluster to exit safe mode
2022-11-08 06:32:00,124 [Listener at 127.0.0.1/40183] INFO  ozone.MiniOzoneClusterImpl (MiniOzoneClusterImpl.java:lambda$waitForClusterToBeReady$0(221)) - SCM became leader
2022-11-08 06:32:01,124 [Listener at 127.0.0.1/40183] INFO  ozone.MiniOzoneClusterImpl (MiniOzoneClusterImpl.java:lambda$waitForClusterToBeReady$0(216)) - Nodes are ready. Got 6 of 6 DN Heartbeats.
2022-11-08 06:32:01,124 [Listener at 127.0.0.1/40183] INFO  ozone.MiniOzoneClusterImpl (MiniOzoneClusterImpl.java:lambda$waitForClusterToBeReady$0(219)) - Waiting for cluster to exit safe mode
2022-11-08 06:32:01,124 [Listener at 127.0.0.1/40183] INFO  ozone.MiniOzoneClusterImpl (MiniOzoneClusterImpl.java:lambda$waitForClusterToBeReady$0(221)) - SCM became leader
2022-11-08 06:32:02,125 [Listener at 127.0.0.1/40183] INFO  ozone.MiniOzoneClusterImpl (MiniOzoneClusterImpl.java:lambda$waitForClusterToBeReady$0(216)) - Nodes are ready. Got 6 of 6 DN Heartbeats.
2022-11-08 06:32:02,125 [Listener at 127.0.0.1/40183] INFO  ozone.MiniOzoneClusterImpl (MiniOzoneClusterImpl.java:lambda$waitForClusterToBeReady$0(219)) - Waiting for cluster to exit safe mode
2022-11-08 06:32:02,125 [Listener at 127.0.0.1/40183] INFO  ozone.MiniOzoneClusterImpl (MiniOzoneClusterImpl.java:lambda$waitForClusterToBeReady$0(221)) - SCM became leader
2022-11-08 06:32:02,256 [ec4ff2c3-aedb-4237-8f96-8aa5e66a28ee@group-6D953D836BDB-FollowerState] INFO  impl.FollowerState (FollowerState.java:run(143)) - ec4ff2c3-aedb-4237-8f96-8aa5e66a28ee@group-6D953D836BDB-FollowerState: change to CANDIDATE, lastRpcElapsedTime:5172876115ns, electionTimeout:5161ms
2022-11-08 06:32:02,257 [ec4ff2c3-aedb-4237-8f96-8aa5e66a28ee@group-6D953D836BDB-FollowerState] INFO  impl.RoleInfo (RoleInfo.java:shutdownFollowerState(110)) - ec4ff2c3-aedb-4237-8f96-8aa5e66a28ee: shutdown ec4ff2c3-aedb-4237-8f96-8aa5e66a28ee@group-6D953D836BDB-FollowerState
2022-11-08 06:32:02,257 [ec4ff2c3-aedb-4237-8f96-8aa5e66a28ee@group-6D953D836BDB-FollowerState] INFO  server.RaftServer$Division (RaftServerImpl.java:setRole(321)) - ec4ff2c3-aedb-4237-8f96-8aa5e66a28ee@group-6D953D836BDB: changes role from  FOLLOWER to CANDIDATE at term 0 for changeToCandidate
2022-11-08 06:32:02,258 [ec4ff2c3-aedb-4237-8f96-8aa5e66a28ee@group-6D953D836BDB-FollowerState] INFO  server.RaftServerConfigKeys (ConfUtils.java:logGet(46)) - raft.server.leaderelection.pre-vote = false (custom)
2022-11-08 06:32:02,258 [ec4ff2c3-aedb-4237-8f96-8aa5e66a28ee@group-6D953D836BDB-FollowerState] INFO  impl.RoleInfo (RoleInfo.java:updateAndGet(139)) - ec4ff2c3-aedb-4237-8f96-8aa5e66a28ee: start ec4ff2c3-aedb-4237-8f96-8aa5e66a28ee@group-6D953D836BDB-LeaderElection2
2022-11-08 06:32:02,263 [ec4ff2c3-aedb-4237-8f96-8aa5e66a28ee@group-6D953D836BDB-LeaderElection2] INFO  impl.LeaderElection (LeaderElection.java:askForVotes(312)) - ec4ff2c3-aedb-4237-8f96-8aa5e66a28ee@group-6D953D836BDB-LeaderElection2 ELECTION round 0: submit vote requests at term 1 for -1: peers:[ec4ff2c3-aedb-4237-8f96-8aa5e66a28ee|rpc:10.1.0.244:40923|priority:1|startupRole:FOLLOWER]|listeners:[], old=null
2022-11-08 06:32:02,263 [ec4ff2c3-aedb-4237-8f96-8aa5e66a28ee@group-6D953D836BDB-LeaderElection2] INFO  impl.LeaderElection (LeaderElection.java:askForVotes(314)) - ec4ff2c3-aedb-4237-8f96-8aa5e66a28ee@group-6D953D836BDB-LeaderElection2 ELECTION round 0: result PASSED (term=1)
2022-11-08 06:32:02,263 [ec4ff2c3-aedb-4237-8f96-8aa5e66a28ee@group-6D953D836BDB-LeaderElection2] INFO  impl.RoleInfo (RoleInfo.java:shutdownLeaderElection(130)) - ec4ff2c3-aedb-4237-8f96-8aa5e66a28ee: shutdown ec4ff2c3-aedb-4237-8f96-8aa5e66a28ee@group-6D953D836BDB-LeaderElection2
2022-11-08 06:32:02,263 [ec4ff2c3-aedb-4237-8f96-8aa5e66a28ee@group-6D953D836BDB-LeaderElection2] INFO  server.RaftServer$Division (RaftServerImpl.java:setRole(321)) - ec4ff2c3-aedb-4237-8f96-8aa5e66a28ee@group-6D953D836BDB: changes role from CANDIDATE to LEADER at term 1 for changeToLeader
2022-11-08 06:32:02,263 [ec4ff2c3-aedb-4237-8f96-8aa5e66a28ee@group-6D953D836BDB-LeaderElection2] INFO  ratis.XceiverServerRatis (XceiverServerRatis.java:handleLeaderChangedNotification(863)) - Leader change notification received for group: group-6D953D836BDB with new leaderId: ec4ff2c3-aedb-4237-8f96-8aa5e66a28ee
2022-11-08 06:32:02,264 [ec4ff2c3-aedb-4237-8f96-8aa5e66a28ee@group-6D953D836BDB-LeaderElection2] INFO  server.RaftServer$Division (ServerState.java:setLeader(313)) - ec4ff2c3-aedb-4237-8f96-8aa5e66a28ee@group-6D953D836BDB: change Leader from null to ec4ff2c3-aedb-4237-8f96-8aa5e66a28ee at term 1 for becomeLeader, leader elected after 5199ms
2022-11-08 06:32:02,264 [ec4ff2c3-aedb-4237-8f96-8aa5e66a28ee@group-6D953D836BDB-LeaderElection2] INFO  server.RaftServerConfigKeys (ConfUtils.java:logGet(46)) - raft.server.staging.catchup.gap = 1000 (default)
2022-11-08 06:32:02,266 [ec4ff2c3-aedb-4237-8f96-8aa5e66a28ee@group-6D953D836BDB-LeaderElection2] INFO  server.RaftServerConfigKeys (ConfUtils.java:logGet(46)) - raft.server.write.element-limit = 1024 (custom)
2022-11-08 06:32:02,266 [ec4ff2c3-aedb-4237-8f96-8aa5e66a28ee@group-6D953D836BDB-LeaderElection2] INFO  server.RaftServerConfigKeys (ConfUtils.java:logGet(46)) - raft.server.write.byte-limit = 1024 M (=1073741824) (custom)
2022-11-08 06:32:02,266 [ec4ff2c3-aedb-4237-8f96-8aa5e66a28ee@group-6D953D836BDB-LeaderElection2] INFO  server.RaftServerConfigKeys (ConfUtils.java:logGet(46)) - raft.server.watch.timeout = 180s (custom)
2022-11-08 06:32:02,267 [ec4ff2c3-aedb-4237-8f96-8aa5e66a28ee@group-6D953D836BDB-LeaderElection2] INFO  server.RaftServerConfigKeys (ConfUtils.java:logGet(46)) - raft.server.watch.timeout.denomination = 1s (default)
2022-11-08 06:32:02,267 [ec4ff2c3-aedb-4237-8f96-8aa5e66a28ee@group-6D953D836BDB-LeaderElection2] INFO  server.RaftServerConfigKeys (ConfUtils.java:logGet(46)) - raft.server.watch.element-limit = 65536 (default)
2022-11-08 06:32:02,267 [ec4ff2c3-aedb-4237-8f96-8aa5e66a28ee@group-6D953D836BDB-LeaderElection2] INFO  server.RaftServerConfigKeys (ConfUtils.java:logGet(46)) - raft.server.write.element-limit = 1024 (custom)
2022-11-08 06:32:02,267 [ec4ff2c3-aedb-4237-8f96-8aa5e66a28ee@group-6D953D836BDB-LeaderElection2] INFO  server.RaftServerConfigKeys (ConfUtils.java:logGet(46)) - raft.server.write.follower.gap.ratio.max = -1.0 (default)
2022-11-08 06:32:02,267 [ec4ff2c3-aedb-4237-8f96-8aa5e66a28ee@group-6D953D836BDB-LeaderElection2] INFO  impl.RoleInfo (RoleInfo.java:updateAndGet(139)) - ec4ff2c3-aedb-4237-8f96-8aa5e66a28ee: start ec4ff2c3-aedb-4237-8f96-8aa5e66a28ee@group-6D953D836BDB-LeaderStateImpl
2022-11-08 06:32:02,267 [EventQueue-OpenPipelineForHealthyPipelineSafeModeRule] INFO  safemode.SCMSafeModeManager (HealthyPipelineSafeModeRule.java:process(137)) - SCM in safe mode. Healthy pipelines reported count is 0, required healthy pipeline reported count is 1
2022-11-08 06:32:02,267 [ec4ff2c3-aedb-4237-8f96-8aa5e66a28ee@group-6D953D836BDB-LeaderElection2] INFO  segmented.SegmentedRaftLogWorker (SegmentedRaftLogWorker.java:startLogSegment(452)) - ec4ff2c3-aedb-4237-8f96-8aa5e66a28ee@group-6D953D836BDB-SegmentedRaftLogWorker: Starting segment from index:0
2022-11-08 06:32:02,270 [ec4ff2c3-aedb-4237-8f96-8aa5e66a28ee@group-6D953D836BDB-LeaderElection2] INFO  server.RaftServer$Division (ServerState.java:setRaftConf(430)) - ec4ff2c3-aedb-4237-8f96-8aa5e66a28ee@group-6D953D836BDB: set configuration 0: peers:[ec4ff2c3-aedb-4237-8f96-8aa5e66a28ee|rpc:10.1.0.244:40923|dataStream:|priority:1|startupRole:FOLLOWER]|listeners:[], old=null
2022-11-08 06:32:02,271 [ec4ff2c3-aedb-4237-8f96-8aa5e66a28ee@group-6D953D836BDB-SegmentedRaftLogWorker] INFO  segmented.SegmentedRaftLogWorker (SegmentedRaftLogWorker.java:execute(656)) - ec4ff2c3-aedb-4237-8f96-8aa5e66a28ee@group-6D953D836BDB-SegmentedRaftLogWorker: created new log segment /home/runner/work/ozone/ozone/hadoop-ozone/integration-test/target/test-dir/MiniOzoneClusterImpl-c53ae64f-4849-40e6-a4d6-552e28141f22/datanode-0/data/ratis/79f23230-0e76-4fa7-aefb-6d953d836bdb/current/log_inprogress_0
2022-11-08 06:32:02,321 [ec4ff2c3-aedb-4237-8f96-8aa5e66a28ee@group-73C734729954-FollowerState] INFO  impl.FollowerState (FollowerState.java:run(143)) - ec4ff2c3-aedb-4237-8f96-8aa5e66a28ee@group-73C734729954-FollowerState: change to CANDIDATE, lastRpcElapsedTime:5178814056ns, electionTimeout:5178ms
2022-11-08 06:32:02,322 [ec4ff2c3-aedb-4237-8f96-8aa5e66a28ee@group-73C734729954-FollowerState] INFO  impl.RoleInfo (RoleInfo.java:shutdownFollowerState(110)) - ec4ff2c3-aedb-4237-8f96-8aa5e66a28ee: shutdown ec4ff2c3-aedb-4237-8f96-8aa5e66a28ee@group-73C734729954-FollowerState
2022-11-08 06:32:02,322 [ec4ff2c3-aedb-4237-8f96-8aa5e66a28ee@group-73C734729954-FollowerState] INFO  server.RaftServer$Division (RaftServerImpl.java:setRole(321)) - ec4ff2c3-aedb-4237-8f96-8aa5e66a28ee@group-73C734729954: changes role from  FOLLOWER to CANDIDATE at term 0 for changeToCandidate
2022-11-08 06:32:02,323 [ec4ff2c3-aedb-4237-8f96-8aa5e66a28ee@group-73C734729954-FollowerState] INFO  server.RaftServerConfigKeys (ConfUtils.java:logGet(46)) - raft.server.leaderelection.pre-vote = false (custom)
2022-11-08 06:32:02,323 [ec4ff2c3-aedb-4237-8f96-8aa5e66a28ee@group-73C734729954-FollowerState] INFO  impl.RoleInfo (RoleInfo.java:updateAndGet(139)) - ec4ff2c3-aedb-4237-8f96-8aa5e66a28ee: start ec4ff2c3-aedb-4237-8f96-8aa5e66a28ee@group-73C734729954-LeaderElection3
2022-11-08 06:32:02,328 [ec4ff2c3-aedb-4237-8f96-8aa5e66a28ee@group-73C734729954-LeaderElection3] INFO  impl.LeaderElection (LeaderElection.java:askForVotes(312)) - ec4ff2c3-aedb-4237-8f96-8aa5e66a28ee@group-73C734729954-LeaderElection3 ELECTION round 0: submit vote requests at term 1 for -1: peers:[31d5b2a7-dd00-41c8-9482-fa5c506864d0|rpc:10.1.0.244:38699|priority:0|startupRole:FOLLOWER, 976467f4-c66a-4ccc-8167-891a23ca4537|rpc:10.1.0.244:37157|priority:1|startupRole:FOLLOWER, ec4ff2c3-aedb-4237-8f96-8aa5e66a28ee|rpc:10.1.0.244:40923|priority:0|startupRole:FOLLOWER]|listeners:[], old=null
2022-11-08 06:32:02,335 [ec4ff2c3-aedb-4237-8f96-8aa5e66a28ee@group-73C734729954-LeaderElection3-1] INFO  server.GrpcServerProtocolClient (GrpcServerProtocolClient.java:<init>(63)) - Build channel for 31d5b2a7-dd00-41c8-9482-fa5c506864d0
2022-11-08 06:32:02,340 [ec4ff2c3-aedb-4237-8f96-8aa5e66a28ee@group-73C734729954-LeaderElection3] INFO  server.RaftServerConfigKeys (ConfUtils.java:logFallback(53)) - raft.server.rpc.first-election.timeout.min = 5s (fallback to raft.server.rpc.timeout.min)
2022-11-08 06:32:02,340 [ec4ff2c3-aedb-4237-8f96-8aa5e66a28ee@group-73C734729954-LeaderElection3] INFO  server.RaftServerConfigKeys (ConfUtils.java:logFallback(53)) - raft.server.rpc.first-election.timeout.max = 5200ms (fallback to raft.server.rpc.timeout.max)
2022-11-08 06:32:02,342 [ec4ff2c3-aedb-4237-8f96-8aa5e66a28ee@group-73C734729954-LeaderElection3-2] INFO  server.GrpcServerProtocolClient (GrpcServerProtocolClient.java:<init>(63)) - Build channel for 976467f4-c66a-4ccc-8167-891a23ca4537
2022-11-08 06:32:02,360 [grpc-default-executor-0] INFO  server.RaftServer$Division (RaftServerImpl.java:requestVote(1218)) - 31d5b2a7-dd00-41c8-9482-fa5c506864d0@group-73C734729954: receive requestVote(ELECTION, ec4ff2c3-aedb-4237-8f96-8aa5e66a28ee, group-73C734729954, 1, (t:0, i:0))
2022-11-08 06:32:02,362 [grpc-default-executor-0] INFO  impl.VoteContext (VoteContext.java:log(48)) - 31d5b2a7-dd00-41c8-9482-fa5c506864d0@group-73C734729954-FOLLOWER: accept ELECTION from ec4ff2c3-aedb-4237-8f96-8aa5e66a28ee: our priority 0 <= candidate's priority 0
2022-11-08 06:32:02,363 [grpc-default-executor-0] INFO  server.RaftServer$Division (RaftServerImpl.java:setRole(321)) - 31d5b2a7-dd00-41c8-9482-fa5c506864d0@group-73C734729954: changes role from  FOLLOWER to FOLLOWER at term 1 for candidate:ec4ff2c3-aedb-4237-8f96-8aa5e66a28ee
2022-11-08 06:32:02,363 [grpc-default-executor-0] INFO  impl.RoleInfo (RoleInfo.java:shutdownFollowerState(110)) - 31d5b2a7-dd00-41c8-9482-fa5c506864d0: shutdown 31d5b2a7-dd00-41c8-9482-fa5c506864d0@group-73C734729954-FollowerState
2022-11-08 06:32:02,363 [31d5b2a7-dd00-41c8-9482-fa5c506864d0@group-73C734729954-FollowerState] INFO  impl.FollowerState (FollowerState.java:run(152)) - 31d5b2a7-dd00-41c8-9482-fa5c506864d0@group-73C734729954-FollowerState was interrupted
2022-11-08 06:32:02,365 [grpc-default-executor-0] INFO  impl.RoleInfo (RoleInfo.java:updateAndGet(139)) - 31d5b2a7-dd00-41c8-9482-fa5c506864d0: start 31d5b2a7-dd00-41c8-9482-fa5c506864d0@group-73C734729954-FollowerState
2022-11-08 06:32:02,373 [31d5b2a7-dd00-41c8-9482-fa5c506864d0@group-73C734729954-FollowerState] INFO  server.RaftServerConfigKeys (ConfUtils.java:logFallback(53)) - raft.server.rpc.first-election.timeout.min = 5s (fallback to raft.server.rpc.timeout.min)
2022-11-08 06:32:02,374 [31d5b2a7-dd00-41c8-9482-fa5c506864d0@group-73C734729954-FollowerState] INFO  server.RaftServerConfigKeys (ConfUtils.java:logFallback(53)) - raft.server.rpc.first-election.timeout.max = 5200ms (fallback to raft.server.rpc.timeout.max)
2022-11-08 06:32:02,377 [grpc-default-executor-0] INFO  server.RaftServer$Division (RaftServerImpl.java:requestVote(1251)) - 31d5b2a7-dd00-41c8-9482-fa5c506864d0@group-73C734729954 replies to ELECTION vote request: ec4ff2c3-aedb-4237-8f96-8aa5e66a28ee<-31d5b2a7-dd00-41c8-9482-fa5c506864d0#0:OK-t1. Peer's state: 31d5b2a7-dd00-41c8-9482-fa5c506864d0@group-73C734729954:t1, leader=null, voted=ec4ff2c3-aedb-4237-8f96-8aa5e66a28ee, raftlog=Memoized:31d5b2a7-dd00-41c8-9482-fa5c506864d0@group-73C734729954-SegmentedRaftLog:OPENED:c-1, conf=-1: peers:[31d5b2a7-dd00-41c8-9482-fa5c506864d0|rpc:10.1.0.244:38699|dataStream:|priority:0|startupRole:FOLLOWER, 976467f4-c66a-4ccc-8167-891a23ca4537|rpc:10.1.0.244:37157|dataStream:|priority:1|startupRole:FOLLOWER, ec4ff2c3-aedb-4237-8f96-8aa5e66a28ee|rpc:10.1.0.244:40923|dataStream:|priority:0|startupRole:FOLLOWER]|listeners:[], old=null
2022-11-08 06:32:02,379 [grpc-default-executor-1] INFO  server.RaftServer$Division (RaftServerImpl.java:requestVote(1218)) - 976467f4-c66a-4ccc-8167-891a23ca4537@group-73C734729954: receive requestVote(ELECTION, ec4ff2c3-aedb-4237-8f96-8aa5e66a28ee, group-73C734729954, 1, (t:0, i:0))
2022-11-08 06:32:02,379 [grpc-default-executor-1] INFO  impl.VoteContext (VoteContext.java:log(48)) - 976467f4-c66a-4ccc-8167-891a23ca4537@group-73C734729954-FOLLOWER: reject ELECTION from ec4ff2c3-aedb-4237-8f96-8aa5e66a28ee: our priority 1 > candidate's priority 0
2022-11-08 06:32:02,379 [grpc-default-executor-1] INFO  server.RaftServer$Division (RaftServerImpl.java:setRole(321)) - 976467f4-c66a-4ccc-8167-891a23ca4537@group-73C734729954: changes role from  FOLLOWER to FOLLOWER at term 1 for candidate:ec4ff2c3-aedb-4237-8f96-8aa5e66a28ee
2022-11-08 06:32:02,380 [grpc-default-executor-1] INFO  impl.RoleInfo (RoleInfo.java:shutdownFollowerState(110)) - 976467f4-c66a-4ccc-8167-891a23ca4537: shutdown 976467f4-c66a-4ccc-8167-891a23ca4537@group-73C734729954-FollowerState
2022-11-08 06:32:02,380 [976467f4-c66a-4ccc-8167-891a23ca4537@group-73C734729954-FollowerState] INFO  impl.FollowerState (FollowerState.java:run(152)) - 976467f4-c66a-4ccc-8167-891a23ca4537@group-73C734729954-FollowerState was interrupted
2022-11-08 06:32:02,380 [grpc-default-executor-1] INFO  impl.RoleInfo (RoleInfo.java:updateAndGet(139)) - 976467f4-c66a-4ccc-8167-891a23ca4537: start 976467f4-c66a-4ccc-8167-891a23ca4537@group-73C734729954-FollowerState
2022-11-08 06:32:02,382 [976467f4-c66a-4ccc-8167-891a23ca4537@group-73C734729954-FollowerState] INFO  server.RaftServerConfigKeys (ConfUtils.java:logFallback(53)) - raft.server.rpc.first-election.timeout.min = 5s (fallback to raft.server.rpc.timeout.min)
2022-11-08 06:32:02,382 [976467f4-c66a-4ccc-8167-891a23ca4537@group-73C734729954-FollowerState] INFO  server.RaftServerConfigKeys (ConfUtils.java:logFallback(53)) - raft.server.rpc.first-election.timeout.max = 5200ms (fallback to raft.server.rpc.timeout.max)
2022-11-08 06:32:02,383 [grpc-default-executor-1] INFO  server.RaftServer$Division (RaftServerImpl.java:requestVote(1251)) - 976467f4-c66a-4ccc-8167-891a23ca4537@group-73C734729954 replies to ELECTION vote request: ec4ff2c3-aedb-4237-8f96-8aa5e66a28ee<-976467f4-c66a-4ccc-8167-891a23ca4537#0:FAIL-t1. Peer's state: 976467f4-c66a-4ccc-8167-891a23ca4537@group-73C734729954:t1, leader=null, voted=null, raftlog=Memoized:976467f4-c66a-4ccc-8167-891a23ca4537@group-73C734729954-SegmentedRaftLog:OPENED:c-1, conf=-1: peers:[31d5b2a7-dd00-41c8-9482-fa5c506864d0|rpc:10.1.0.244:38699|priority:0|startupRole:FOLLOWER, 976467f4-c66a-4ccc-8167-891a23ca4537|rpc:10.1.0.244:37157|priority:1|startupRole:FOLLOWER, ec4ff2c3-aedb-4237-8f96-8aa5e66a28ee|rpc:10.1.0.244:40923|priority:0|startupRole:FOLLOWER]|listeners:[], old=null
2022-11-08 06:32:02,386 [ec4ff2c3-aedb-4237-8f96-8aa5e66a28ee@group-73C734729954-LeaderElection3] INFO  impl.LeaderElection (LeaderElection.java:logAndReturn(90)) - ec4ff2c3-aedb-4237-8f96-8aa5e66a28ee@group-73C734729954-LeaderElection3: ELECTION REJECTED received 2 response(s) and 0 exception(s):
2022-11-08 06:32:02,386 [ec4ff2c3-aedb-4237-8f96-8aa5e66a28ee@group-73C734729954-LeaderElection3] INFO  impl.LeaderElection (LeaderElection.java:logAndReturn(94)) -   Response 0: ec4ff2c3-aedb-4237-8f96-8aa5e66a28ee<-31d5b2a7-dd00-41c8-9482-fa5c506864d0#0:OK-t1
2022-11-08 06:32:02,386 [ec4ff2c3-aedb-4237-8f96-8aa5e66a28ee@group-73C734729954-LeaderElection3] INFO  impl.LeaderElection (LeaderElection.java:logAndReturn(94)) -   Response 1: ec4ff2c3-aedb-4237-8f96-8aa5e66a28ee<-976467f4-c66a-4ccc-8167-891a23ca4537#0:FAIL-t1
2022-11-08 06:32:02,386 [ec4ff2c3-aedb-4237-8f96-8aa5e66a28ee@group-73C734729954-LeaderElection3] INFO  impl.LeaderElection (LeaderElection.java:askForVotes(314)) - ec4ff2c3-aedb-4237-8f96-8aa5e66a28ee@group-73C734729954-LeaderElection3 ELECTION round 0: result REJECTED
2022-11-08 06:32:02,387 [ec4ff2c3-aedb-4237-8f96-8aa5e66a28ee@group-73C734729954-LeaderElection3] INFO  server.RaftServer$Division (RaftServerImpl.java:setRole(321)) - ec4ff2c3-aedb-4237-8f96-8aa5e66a28ee@group-73C734729954: changes role from CANDIDATE to FOLLOWER at term 1 for REJECTED
2022-11-08 06:32:02,388 [ec4ff2c3-aedb-4237-8f96-8aa5e66a28ee@group-73C734729954-LeaderElection3] INFO  impl.RoleInfo (RoleInfo.java:shutdownLeaderElection(130)) - ec4ff2c3-aedb-4237-8f96-8aa5e66a28ee: shutdown ec4ff2c3-aedb-4237-8f96-8aa5e66a28ee@group-73C734729954-LeaderElection3
2022-11-08 06:32:02,388 [ec4ff2c3-aedb-4237-8f96-8aa5e66a28ee@group-73C734729954-LeaderElection3] INFO  impl.RoleInfo (RoleInfo.java:updateAndGet(139)) - ec4ff2c3-aedb-4237-8f96-8aa5e66a28ee: start ec4ff2c3-aedb-4237-8f96-8aa5e66a28ee@group-73C734729954-FollowerState
2022-11-08 06:32:02,394 [ec4ff2c3-aedb-4237-8f96-8aa5e66a28ee@group-73C734729954-FollowerState] INFO  server.RaftServerConfigKeys (ConfUtils.java:logFallback(53)) - raft.server.rpc.first-election.timeout.min = 5s (fallback to raft.server.rpc.timeout.min)
2022-11-08 06:32:02,395 [ec4ff2c3-aedb-4237-8f96-8aa5e66a28ee@group-73C734729954-FollowerState] INFO  server.RaftServerConfigKeys (ConfUtils.java:logFallback(53)) - raft.server.rpc.first-election.timeout.max = 5200ms (fallback to raft.server.rpc.timeout.max)
2022-11-08 06:32:02,679 [976467f4-c66a-4ccc-8167-891a23ca4537@group-19DDDCD191CE-FollowerState] INFO  impl.FollowerState (FollowerState.java:run(143)) - 976467f4-c66a-4ccc-8167-891a23ca4537@group-19DDDCD191CE-FollowerState: change to CANDIDATE, lastRpcElapsedTime:5024084088ns, electionTimeout:5007ms
2022-11-08 06:32:02,679 [976467f4-c66a-4ccc-8167-891a23ca4537@group-19DDDCD191CE-FollowerState] INFO  impl.RoleInfo (RoleInfo.java:shutdownFollowerState(110)) - 976467f4-c66a-4ccc-8167-891a23ca4537: shutdown 976467f4-c66a-4ccc-8167-891a23ca4537@group-19DDDCD191CE-FollowerState
2022-11-08 06:32:02,679 [976467f4-c66a-4ccc-8167-891a23ca4537@group-19DDDCD191CE-FollowerState] INFO  server.RaftServer$Division (RaftServerImpl.java:setRole(321)) - 976467f4-c66a-4ccc-8167-891a23ca4537@group-19DDDCD191CE: changes role from  FOLLOWER to CANDIDATE at term 0 for changeToCandidate
2022-11-08 06:32:02,680 [976467f4-c66a-4ccc-8167-891a23ca4537@group-19DDDCD191CE-FollowerState] INFO  server.RaftServerConfigKeys (ConfUtils.java:logGet(46)) - raft.server.leaderelection.pre-vote = false (custom)
2022-11-08 06:32:02,681 [976467f4-c66a-4ccc-8167-891a23ca4537@group-19DDDCD191CE-FollowerState] INFO  impl.RoleInfo (RoleInfo.java:updateAndGet(139)) - 976467f4-c66a-4ccc-8167-891a23ca4537: start 976467f4-c66a-4ccc-8167-891a23ca4537@group-19DDDCD191CE-LeaderElection4
2022-11-08 06:32:02,686 [976467f4-c66a-4ccc-8167-891a23ca4537@group-19DDDCD191CE-LeaderElection4] INFO  impl.LeaderElection (LeaderElection.java:askForVotes(312)) - 976467f4-c66a-4ccc-8167-891a23ca4537@group-19DDDCD191CE-LeaderElection4 ELECTION round 0: submit vote requests at term 1 for -1: peers:[976467f4-c66a-4ccc-8167-891a23ca4537|rpc:10.1.0.244:37157|priority:1|startupRole:FOLLOWER]|listeners:[], old=null
2022-11-08 06:32:02,686 [976467f4-c66a-4ccc-8167-891a23ca4537@group-19DDDCD191CE-LeaderElection4] INFO  impl.LeaderElection (LeaderElection.java:askForVotes(314)) - 976467f4-c66a-4ccc-8167-891a23ca4537@group-19DDDCD191CE-LeaderElection4 ELECTION round 0: result PASSED (term=1)
2022-11-08 06:32:02,686 [976467f4-c66a-4ccc-8167-891a23ca4537@group-19DDDCD191CE-LeaderElection4] INFO  impl.RoleInfo (RoleInfo.java:shutdownLeaderElection(130)) - 976467f4-c66a-4ccc-8167-891a23ca4537: shutdown 976467f4-c66a-4ccc-8167-891a23ca4537@group-19DDDCD191CE-LeaderElection4
2022-11-08 06:32:02,686 [976467f4-c66a-4ccc-8167-891a23ca4537@group-19DDDCD191CE-LeaderElection4] INFO  server.RaftServer$Division (RaftServerImpl.java:setRole(321)) - 976467f4-c66a-4ccc-8167-891a23ca4537@group-19DDDCD191CE: changes role from CANDIDATE to LEADER at term 1 for changeToLeader
2022-11-08 06:32:02,687 [976467f4-c66a-4ccc-8167-891a23ca4537@group-19DDDCD191CE-LeaderElection4] INFO  ratis.XceiverServerRatis (XceiverServerRatis.java:handleLeaderChangedNotification(863)) - Leader change notification received for group: group-19DDDCD191CE with new leaderId: 976467f4-c66a-4ccc-8167-891a23ca4537
2022-11-08 06:32:02,687 [976467f4-c66a-4ccc-8167-891a23ca4537@group-19DDDCD191CE-LeaderElection4] INFO  server.RaftServer$Division (ServerState.java:setLeader(313)) - 976467f4-c66a-4ccc-8167-891a23ca4537@group-19DDDCD191CE: change Leader from null to 976467f4-c66a-4ccc-8167-891a23ca4537 at term 1 for becomeLeader, leader elected after 5090ms
2022-11-08 06:32:02,687 [976467f4-c66a-4ccc-8167-891a23ca4537@group-19DDDCD191CE-LeaderElection4] INFO  server.RaftServerConfigKeys (ConfUtils.java:logGet(46)) - raft.server.staging.catchup.gap = 1000 (default)
2022-11-08 06:32:02,687 [976467f4-c66a-4ccc-8167-891a23ca4537@group-19DDDCD191CE-LeaderElection4] INFO  server.RaftServerConfigKeys (ConfUtils.java:logGet(46)) - raft.server.write.element-limit = 1024 (custom)
2022-11-08 06:32:02,687 [976467f4-c66a-4ccc-8167-891a23ca4537@group-19DDDCD191CE-LeaderElection4] INFO  server.RaftServerConfigKeys (ConfUtils.java:logGet(46)) - raft.server.write.byte-limit = 1024 M (=1073741824) (custom)
2022-11-08 06:32:02,687 [976467f4-c66a-4ccc-8167-891a23ca4537@group-19DDDCD191CE-LeaderElection4] INFO  server.RaftServerConfigKeys (ConfUtils.java:logGet(46)) - raft.server.watch.timeout = 180s (custom)
2022-11-08 06:32:02,688 [976467f4-c66a-4ccc-8167-891a23ca4537@group-19DDDCD191CE-LeaderElection4] INFO  server.RaftServerConfigKeys (ConfUtils.java:logGet(46)) - raft.server.watch.timeout.denomination = 1s (default)
2022-11-08 06:32:02,688 [976467f4-c66a-4ccc-8167-891a23ca4537@group-19DDDCD191CE-LeaderElection4] INFO  server.RaftServerConfigKeys (ConfUtils.java:logGet(46)) - raft.server.watch.element-limit = 65536 (default)
2022-11-08 06:32:02,688 [EventQueue-OpenPipelineForHealthyPipelineSafeModeRule] INFO  safemode.SCMSafeModeManager (HealthyPipelineSafeModeRule.java:process(137)) - SCM in safe mode. Healthy pipelines reported count is 0, required healthy pipeline reported count is 1
2022-11-08 06:32:02,689 [976467f4-c66a-4ccc-8167-891a23ca4537@group-19DDDCD191CE-LeaderElection4] INFO  server.RaftServerConfigKeys (ConfUtils.java:logGet(46)) - raft.server.write.element-limit = 1024 (custom)
2022-11-08 06:32:02,689 [976467f4-c66a-4ccc-8167-891a23ca4537@group-19DDDCD191CE-LeaderElection4] INFO  server.RaftServerConfigKeys (ConfUtils.java:logGet(46)) - raft.server.write.follower.gap.ratio.max = -1.0 (default)
2022-11-08 06:32:02,689 [976467f4-c66a-4ccc-8167-891a23ca4537@group-19DDDCD191CE-LeaderElection4] INFO  impl.RoleInfo (RoleInfo.java:updateAndGet(139)) - 976467f4-c66a-4ccc-8167-891a23ca4537: start 976467f4-c66a-4ccc-8167-891a23ca4537@group-19DDDCD191CE-LeaderStateImpl
2022-11-08 06:32:02,689 [976467f4-c66a-4ccc-8167-891a23ca4537@group-19DDDCD191CE-LeaderElection4] INFO  segmented.SegmentedRaftLogWorker (SegmentedRaftLogWorker.java:startLogSegment(452)) - 976467f4-c66a-4ccc-8167-891a23ca4537@group-19DDDCD191CE-SegmentedRaftLogWorker: Starting segment from index:0
2022-11-08 06:32:02,695 [976467f4-c66a-4ccc-8167-891a23ca4537@group-19DDDCD191CE-SegmentedRaftLogWorker] INFO  segmented.SegmentedRaftLogWorker (SegmentedRaftLogWorker.java:execute(656)) - 976467f4-c66a-4ccc-8167-891a23ca4537@group-19DDDCD191CE-SegmentedRaftLogWorker: created new log segment /home/runner/work/ozone/ozone/hadoop-ozone/integration-test/target/test-dir/MiniOzoneClusterImpl-c53ae64f-4849-40e6-a4d6-552e28141f22/datanode-1/data/ratis/a0a5b322-431d-4384-9cd1-19dddcd191ce/current/log_inprogress_0
2022-11-08 06:32:02,695 [976467f4-c66a-4ccc-8167-891a23ca4537@group-19DDDCD191CE-LeaderElection4] INFO  server.RaftServer$Division (ServerState.java:setRaftConf(430)) - 976467f4-c66a-4ccc-8167-891a23ca4537@group-19DDDCD191CE: set configuration 0: peers:[976467f4-c66a-4ccc-8167-891a23ca4537|rpc:10.1.0.244:37157|dataStream:|priority:1|startupRole:FOLLOWER]|listeners:[], old=null
2022-11-08 06:32:03,083 [31d5b2a7-dd00-41c8-9482-fa5c506864d0@group-12B37F794426-FollowerState] INFO  impl.FollowerState (FollowerState.java:run(143)) - 31d5b2a7-dd00-41c8-9482-fa5c506864d0@group-12B37F794426-FollowerState: change to CANDIDATE, lastRpcElapsedTime:5036229009ns, electionTimeout:5023ms
2022-11-08 06:32:03,083 [31d5b2a7-dd00-41c8-9482-fa5c506864d0@group-12B37F794426-FollowerState] INFO  impl.RoleInfo (RoleInfo.java:shutdownFollowerState(110)) - 31d5b2a7-dd00-41c8-9482-fa5c506864d0: shutdown 31d5b2a7-dd00-41c8-9482-fa5c506864d0@group-12B37F794426-FollowerState
2022-11-08 06:32:03,084 [31d5b2a7-dd00-41c8-9482-fa5c506864d0@group-12B37F794426-FollowerState] INFO  server.RaftServer$Division (RaftServerImpl.java:setRole(321)) - 31d5b2a7-dd00-41c8-9482-fa5c506864d0@group-12B37F794426: changes role from  FOLLOWER to CANDIDATE at term 0 for changeToCandidate
2022-11-08 06:32:03,085 [31d5b2a7-dd00-41c8-9482-fa5c506864d0@group-12B37F794426-FollowerState] INFO  server.RaftServerConfigKeys (ConfUtils.java:logGet(46)) - raft.server.leaderelection.pre-vote = false (custom)
2022-11-08 06:32:03,085 [31d5b2a7-dd00-41c8-9482-fa5c506864d0@group-12B37F794426-FollowerState] INFO  impl.RoleInfo (RoleInfo.java:updateAndGet(139)) - 31d5b2a7-dd00-41c8-9482-fa5c506864d0: start 31d5b2a7-dd00-41c8-9482-fa5c506864d0@group-12B37F794426-LeaderElection5
2022-11-08 06:32:03,089 [31d5b2a7-dd00-41c8-9482-fa5c506864d0@group-12B37F794426-LeaderElection5] INFO  impl.LeaderElection (LeaderElection.java:askForVotes(312)) - 31d5b2a7-dd00-41c8-9482-fa5c506864d0@group-12B37F794426-LeaderElection5 ELECTION round 0: submit vote requests at term 1 for -1: peers:[31d5b2a7-dd00-41c8-9482-fa5c506864d0|rpc:10.1.0.244:38699|priority:1|startupRole:FOLLOWER]|listeners:[], old=null
2022-11-08 06:32:03,089 [31d5b2a7-dd00-41c8-9482-fa5c506864d0@group-12B37F794426-LeaderElection5] INFO  impl.LeaderElection (LeaderElection.java:askForVotes(314)) - 31d5b2a7-dd00-41c8-9482-fa5c506864d0@group-12B37F794426-LeaderElection5 ELECTION round 0: result PASSED (term=1)
2022-11-08 06:32:03,089 [31d5b2a7-dd00-41c8-9482-fa5c506864d0@group-12B37F794426-LeaderElection5] INFO  impl.RoleInfo (RoleInfo.java:shutdownLeaderElection(130)) - 31d5b2a7-dd00-41c8-9482-fa5c506864d0: shutdown 31d5b2a7-dd00-41c8-9482-fa5c506864d0@group-12B37F794426-LeaderElection5
2022-11-08 06:32:03,090 [31d5b2a7-dd00-41c8-9482-fa5c506864d0@group-12B37F794426-LeaderElection5] INFO  server.RaftServer$Division (RaftServerImpl.java:setRole(321)) - 31d5b2a7-dd00-41c8-9482-fa5c506864d0@group-12B37F794426: changes role from CANDIDATE to LEADER at term 1 for changeToLeader
2022-11-08 06:32:03,090 [31d5b2a7-dd00-41c8-9482-fa5c506864d0@group-12B37F794426-LeaderElection5] INFO  ratis.XceiverServerRatis (XceiverServerRatis.java:handleLeaderChangedNotification(863)) - Leader change notification received for group: group-12B37F794426 with new leaderId: 31d5b2a7-dd00-41c8-9482-fa5c506864d0
2022-11-08 06:32:03,090 [31d5b2a7-dd00-41c8-9482-fa5c506864d0@group-12B37F794426-LeaderElection5] INFO  server.RaftServer$Division (ServerState.java:setLeader(313)) - 31d5b2a7-dd00-41c8-9482-fa5c506864d0@group-12B37F794426: change Leader from null to 31d5b2a7-dd00-41c8-9482-fa5c506864d0 at term 1 for becomeLeader, leader elected after 5127ms
2022-11-08 06:32:03,090 [31d5b2a7-dd00-41c8-9482-fa5c506864d0@group-12B37F794426-LeaderElection5] INFO  server.RaftServerConfigKeys (ConfUtils.java:logGet(46)) - raft.server.staging.catchup.gap = 1000 (default)
2022-11-08 06:32:03,090 [31d5b2a7-dd00-41c8-9482-fa5c506864d0@group-12B37F794426-LeaderElection5] INFO  server.RaftServerConfigKeys (ConfUtils.java:logGet(46)) - raft.server.write.element-limit = 1024 (custom)
2022-11-08 06:32:03,090 [31d5b2a7-dd00-41c8-9482-fa5c506864d0@group-12B37F794426-LeaderElection5] INFO  server.RaftServerConfigKeys (ConfUtils.java:logGet(46)) - raft.server.write.byte-limit = 1024 M (=1073741824) (custom)
2022-11-08 06:32:03,091 [31d5b2a7-dd00-41c8-9482-fa5c506864d0@group-12B37F794426-LeaderElection5] INFO  server.RaftServerConfigKeys (ConfUtils.java:logGet(46)) - raft.server.watch.timeout = 180s (custom)
2022-11-08 06:32:03,091 [31d5b2a7-dd00-41c8-9482-fa5c506864d0@group-12B37F794426-LeaderElection5] INFO  server.RaftServerConfigKeys (ConfUtils.java:logGet(46)) - raft.server.watch.timeout.denomination = 1s (default)
2022-11-08 06:32:03,091 [31d5b2a7-dd00-41c8-9482-fa5c506864d0@group-12B37F794426-LeaderElection5] INFO  server.RaftServerConfigKeys (ConfUtils.java:logGet(46)) - raft.server.watch.element-limit = 65536 (default)
2022-11-08 06:32:03,091 [31d5b2a7-dd00-41c8-9482-fa5c506864d0@group-12B37F794426-LeaderElection5] INFO  server.RaftServerConfigKeys (ConfUtils.java:logGet(46)) - raft.server.write.element-limit = 1024 (custom)
2022-11-08 06:32:03,091 [31d5b2a7-dd00-41c8-9482-fa5c506864d0@group-12B37F794426-LeaderElection5] INFO  server.RaftServerConfigKeys (ConfUtils.java:logGet(46)) - raft.server.write.follower.gap.ratio.max = -1.0 (default)
2022-11-08 06:32:03,091 [31d5b2a7-dd00-41c8-9482-fa5c506864d0@group-12B37F794426-LeaderElection5] INFO  impl.RoleInfo (RoleInfo.java:updateAndGet(139)) - 31d5b2a7-dd00-41c8-9482-fa5c506864d0: start 31d5b2a7-dd00-41c8-9482-fa5c506864d0@group-12B37F794426-LeaderStateImpl
2022-11-08 06:32:03,091 [31d5b2a7-dd00-41c8-9482-fa5c506864d0@group-12B37F794426-LeaderElection5] INFO  segmented.SegmentedRaftLogWorker (SegmentedRaftLogWorker.java:startLogSegment(452)) - 31d5b2a7-dd00-41c8-9482-fa5c506864d0@group-12B37F794426-SegmentedRaftLogWorker: Starting segment from index:0
2022-11-08 06:32:03,092 [EventQueue-OpenPipelineForHealthyPipelineSafeModeRule] INFO  safemode.SCMSafeModeManager (HealthyPipelineSafeModeRule.java:process(137)) - SCM in safe mode. Healthy pipelines reported count is 0, required healthy pipeline reported count is 1
2022-11-08 06:32:03,094 [31d5b2a7-dd00-41c8-9482-fa5c506864d0@group-12B37F794426-SegmentedRaftLogWorker] INFO  segmented.SegmentedRaftLogWorker (SegmentedRaftLogWorker.java:execute(656)) - 31d5b2a7-dd00-41c8-9482-fa5c506864d0@group-12B37F794426-SegmentedRaftLogWorker: created new log segment /home/runner/work/ozone/ozone/hadoop-ozone/integration-test/target/test-dir/MiniOzoneClusterImpl-c53ae64f-4849-40e6-a4d6-552e28141f22/datanode-2/data/ratis/2f44df50-c276-49ee-ab0f-12b37f794426/current/log_inprogress_0
2022-11-08 06:32:03,097 [31d5b2a7-dd00-41c8-9482-fa5c506864d0@group-12B37F794426-LeaderElection5] INFO  server.RaftServer$Division (ServerState.java:setRaftConf(430)) - 31d5b2a7-dd00-41c8-9482-fa5c506864d0@group-12B37F794426: set configuration 0: peers:[31d5b2a7-dd00-41c8-9482-fa5c506864d0|rpc:10.1.0.244:38699|dataStream:|priority:1|startupRole:FOLLOWER]|listeners:[], old=null
2022-11-08 06:32:03,114 [976467f4-c66a-4ccc-8167-891a23ca4537@group-F6E9697080AB-FollowerState] INFO  impl.FollowerState (FollowerState.java:run(143)) - 976467f4-c66a-4ccc-8167-891a23ca4537@group-F6E9697080AB-FollowerState: change to CANDIDATE, lastRpcElapsedTime:5123981143ns, electionTimeout:5116ms
2022-11-08 06:32:03,114 [976467f4-c66a-4ccc-8167-891a23ca4537@group-F6E9697080AB-FollowerState] INFO  impl.RoleInfo (RoleInfo.java:shutdownFollowerState(110)) - 976467f4-c66a-4ccc-8167-891a23ca4537: shutdown 976467f4-c66a-4ccc-8167-891a23ca4537@group-F6E9697080AB-FollowerState
2022-11-08 06:32:03,114 [976467f4-c66a-4ccc-8167-891a23ca4537@group-F6E9697080AB-FollowerState] INFO  server.RaftServer$Division (RaftServerImpl.java:setRole(321)) - 976467f4-c66a-4ccc-8167-891a23ca4537@group-F6E9697080AB: changes role from  FOLLOWER to CANDIDATE at term 0 for changeToCandidate
2022-11-08 06:32:03,115 [976467f4-c66a-4ccc-8167-891a23ca4537@group-F6E9697080AB-FollowerState] INFO  server.RaftServerConfigKeys (ConfUtils.java:logGet(46)) - raft.server.leaderelection.pre-vote = false (custom)
2022-11-08 06:32:03,115 [976467f4-c66a-4ccc-8167-891a23ca4537@group-F6E9697080AB-FollowerState] INFO  impl.RoleInfo (RoleInfo.java:updateAndGet(139)) - 976467f4-c66a-4ccc-8167-891a23ca4537: start 976467f4-c66a-4ccc-8167-891a23ca4537@group-F6E9697080AB-LeaderElection6
2022-11-08 06:32:03,119 [976467f4-c66a-4ccc-8167-891a23ca4537@group-F6E9697080AB-LeaderElection6] INFO  impl.LeaderElection (LeaderElection.java:askForVotes(312)) - 976467f4-c66a-4ccc-8167-891a23ca4537@group-F6E9697080AB-LeaderElection6 ELECTION round 0: submit vote requests at term 1 for -1: peers:[31d5b2a7-dd00-41c8-9482-fa5c506864d0|rpc:10.1.0.244:38699|priority:0|startupRole:FOLLOWER, 976467f4-c66a-4ccc-8167-891a23ca4537|rpc:10.1.0.244:37157|priority:0|startupRole:FOLLOWER, ec4ff2c3-aedb-4237-8f96-8aa5e66a28ee|rpc:10.1.0.244:40923|priority:1|startupRole:FOLLOWER]|listeners:[], old=null
2022-11-08 06:32:03,119 [976467f4-c66a-4ccc-8167-891a23ca4537@group-F6E9697080AB-LeaderElection6] INFO  server.RaftServerConfigKeys (ConfUtils.java:logFallback(53)) - raft.server.rpc.first-election.timeout.min = 5s (fallback to raft.server.rpc.timeout.min)
2022-11-08 06:32:03,120 [976467f4-c66a-4ccc-8167-891a23ca4537@group-F6E9697080AB-LeaderElection6-1] INFO  server.GrpcServerProtocolClient (GrpcServerProtocolClient.java:<init>(63)) - Build channel for 31d5b2a7-dd00-41c8-9482-fa5c506864d0
2022-11-08 06:32:03,120 [976467f4-c66a-4ccc-8167-891a23ca4537@group-F6E9697080AB-LeaderElection6] INFO  server.RaftServerConfigKeys (ConfUtils.java:logFallback(53)) - raft.server.rpc.first-election.timeout.max = 5200ms (fallback to raft.server.rpc.timeout.max)
2022-11-08 06:32:03,124 [976467f4-c66a-4ccc-8167-891a23ca4537@group-F6E9697080AB-LeaderElection6-2] INFO  server.GrpcServerProtocolClient (GrpcServerProtocolClient.java:<init>(63)) - Build channel for ec4ff2c3-aedb-4237-8f96-8aa5e66a28ee
2022-11-08 06:32:03,126 [Listener at 127.0.0.1/40183] INFO  ozone.MiniOzoneClusterImpl (MiniOzoneClusterImpl.java:lambda$waitForClusterToBeReady$0(216)) - Nodes are ready. Got 6 of 6 DN Heartbeats.
2022-11-08 06:32:03,126 [Listener at 127.0.0.1/40183] INFO  ozone.MiniOzoneClusterImpl (MiniOzoneClusterImpl.java:lambda$waitForClusterToBeReady$0(219)) - Waiting for cluster to exit safe mode
2022-11-08 06:32:03,126 [Listener at 127.0.0.1/40183] INFO  ozone.MiniOzoneClusterImpl (MiniOzoneClusterImpl.java:lambda$waitForClusterToBeReady$0(221)) - SCM became leader
2022-11-08 06:32:03,145 [grpc-default-executor-1] INFO  server.RaftServer$Division (RaftServerImpl.java:requestVote(1218)) - ec4ff2c3-aedb-4237-8f96-8aa5e66a28ee@group-F6E9697080AB: receive requestVote(ELECTION, 976467f4-c66a-4ccc-8167-891a23ca4537, group-F6E9697080AB, 1, (t:0, i:0))
2022-11-08 06:32:03,145 [grpc-default-executor-0] INFO  server.RaftServer$Division (RaftServerImpl.java:requestVote(1218)) - 31d5b2a7-dd00-41c8-9482-fa5c506864d0@group-F6E9697080AB: receive requestVote(ELECTION, 976467f4-c66a-4ccc-8167-891a23ca4537, group-F6E9697080AB, 1, (t:0, i:0))
2022-11-08 06:32:03,145 [grpc-default-executor-1] INFO  impl.VoteContext (VoteContext.java:log(48)) - ec4ff2c3-aedb-4237-8f96-8aa5e66a28ee@group-F6E9697080AB-FOLLOWER: reject ELECTION from 976467f4-c66a-4ccc-8167-891a23ca4537: our priority 1 > candidate's priority 0
2022-11-08 06:32:03,145 [grpc-default-executor-1] INFO  server.RaftServer$Division (RaftServerImpl.java:setRole(321)) - ec4ff2c3-aedb-4237-8f96-8aa5e66a28ee@group-F6E9697080AB: changes role from  FOLLOWER to FOLLOWER at term 1 for candidate:976467f4-c66a-4ccc-8167-891a23ca4537
2022-11-08 06:32:03,145 [grpc-default-executor-1] INFO  impl.RoleInfo (RoleInfo.java:shutdownFollowerState(110)) - ec4ff2c3-aedb-4237-8f96-8aa5e66a28ee: shutdown ec4ff2c3-aedb-4237-8f96-8aa5e66a28ee@group-F6E9697080AB-FollowerState
2022-11-08 06:32:03,145 [grpc-default-executor-0] INFO  impl.VoteContext (VoteContext.java:log(48)) - 31d5b2a7-dd00-41c8-9482-fa5c506864d0@group-F6E9697080AB-FOLLOWER: accept ELECTION from 976467f4-c66a-4ccc-8167-891a23ca4537: our priority 0 <= candidate's priority 0
2022-11-08 06:32:03,146 [ec4ff2c3-aedb-4237-8f96-8aa5e66a28ee@group-F6E9697080AB-FollowerState] INFO  impl.FollowerState (FollowerState.java:run(152)) - ec4ff2c3-aedb-4237-8f96-8aa5e66a28ee@group-F6E9697080AB-FollowerState was interrupted
2022-11-08 06:32:03,146 [grpc-default-executor-0] INFO  server.RaftServer$Division (RaftServerImpl.java:setRole(321)) - 31d5b2a7-dd00-41c8-9482-fa5c506864d0@group-F6E9697080AB: changes role from  FOLLOWER to FOLLOWER at term 1 for candidate:976467f4-c66a-4ccc-8167-891a23ca4537
2022-11-08 06:32:03,146 [grpc-default-executor-0] INFO  impl.RoleInfo (RoleInfo.java:shutdownFollowerState(110)) - 31d5b2a7-dd00-41c8-9482-fa5c506864d0: shutdown 31d5b2a7-dd00-41c8-9482-fa5c506864d0@group-F6E9697080AB-FollowerState
2022-11-08 06:32:03,146 [grpc-default-executor-1] INFO  impl.RoleInfo (RoleInfo.java:updateAndGet(139)) - ec4ff2c3-aedb-4237-8f96-8aa5e66a28ee: start ec4ff2c3-aedb-4237-8f96-8aa5e66a28ee@group-F6E9697080AB-FollowerState
2022-11-08 06:32:03,148 [grpc-default-executor-1] INFO  server.RaftServer$Division (RaftServerImpl.java:requestVote(1251)) - ec4ff2c3-aedb-4237-8f96-8aa5e66a28ee@group-F6E9697080AB replies to ELECTION vote request: 976467f4-c66a-4ccc-8167-891a23ca4537<-ec4ff2c3-aedb-4237-8f96-8aa5e66a28ee#0:FAIL-t1. Peer's state: ec4ff2c3-aedb-4237-8f96-8aa5e66a28ee@group-F6E9697080AB:t1, leader=null, voted=null, raftlog=Memoized:ec4ff2c3-aedb-4237-8f96-8aa5e66a28ee@group-F6E9697080AB-SegmentedRaftLog:OPENED:c-1, conf=-1: peers:[31d5b2a7-dd00-41c8-9482-fa5c506864d0|rpc:10.1.0.244:38699|priority:0|startupRole:FOLLOWER, 976467f4-c66a-4ccc-8167-891a23ca4537|rpc:10.1.0.244:37157|priority:0|startupRole:FOLLOWER, ec4ff2c3-aedb-4237-8f96-8aa5e66a28ee|rpc:10.1.0.244:40923|priority:1|startupRole:FOLLOWER]|listeners:[], old=null
2022-11-08 06:32:03,149 [31d5b2a7-dd00-41c8-9482-fa5c506864d0@group-F6E9697080AB-FollowerState] INFO  impl.FollowerState (FollowerState.java:run(152)) - 31d5b2a7-dd00-41c8-9482-fa5c506864d0@group-F6E9697080AB-FollowerState was interrupted
2022-11-08 06:32:03,149 [grpc-default-executor-0] INFO  impl.RoleInfo (RoleInfo.java:updateAndGet(139)) - 31d5b2a7-dd00-41c8-9482-fa5c506864d0: start 31d5b2a7-dd00-41c8-9482-fa5c506864d0@group-F6E9697080AB-FollowerState
2022-11-08 06:32:03,151 [ec4ff2c3-aedb-4237-8f96-8aa5e66a28ee@group-F6E9697080AB-FollowerState] INFO  server.RaftServerConfigKeys (ConfUtils.java:logFallback(53)) - raft.server.rpc.first-election.timeout.min = 5s (fallback to raft.server.rpc.timeout.min)
2022-11-08 06:32:03,152 [ec4ff2c3-aedb-4237-8f96-8aa5e66a28ee@group-F6E9697080AB-FollowerState] INFO  server.RaftServerConfigKeys (ConfUtils.java:logFallback(53)) - raft.server.rpc.first-election.timeout.max = 5200ms (fallback to raft.server.rpc.timeout.max)
2022-11-08 06:32:03,152 [976467f4-c66a-4ccc-8167-891a23ca4537@group-F6E9697080AB-LeaderElection6] INFO  impl.LeaderElection (LeaderElection.java:logAndReturn(90)) - 976467f4-c66a-4ccc-8167-891a23ca4537@group-F6E9697080AB-LeaderElection6: ELECTION REJECTED received 1 response(s) and 0 exception(s):
2022-11-08 06:32:03,152 [976467f4-c66a-4ccc-8167-891a23ca4537@group-F6E9697080AB-LeaderElection6] INFO  impl.LeaderElection (LeaderElection.java:logAndReturn(94)) -   Response 0: 976467f4-c66a-4ccc-8167-891a23ca4537<-ec4ff2c3-aedb-4237-8f96-8aa5e66a28ee#0:FAIL-t1
2022-11-08 06:32:03,152 [976467f4-c66a-4ccc-8167-891a23ca4537@group-F6E9697080AB-LeaderElection6] INFO  impl.LeaderElection (LeaderElection.java:askForVotes(314)) - 976467f4-c66a-4ccc-8167-891a23ca4537@group-F6E9697080AB-LeaderElection6 ELECTION round 0: result REJECTED
2022-11-08 06:32:03,152 [976467f4-c66a-4ccc-8167-891a23ca4537@group-F6E9697080AB-LeaderElection6] INFO  server.RaftServer$Division (RaftServerImpl.java:setRole(321)) - 976467f4-c66a-4ccc-8167-891a23ca4537@group-F6E9697080AB: changes role from CANDIDATE to FOLLOWER at term 1 for REJECTED
2022-11-08 06:32:03,152 [976467f4-c66a-4ccc-8167-891a23ca4537@group-F6E9697080AB-LeaderElection6] INFO  impl.RoleInfo (RoleInfo.java:shutdownLeaderElection(130)) - 976467f4-c66a-4ccc-8167-891a23ca4537: shutdown 976467f4-c66a-4ccc-8167-891a23ca4537@group-F6E9697080AB-LeaderElection6
2022-11-08 06:32:03,152 [976467f4-c66a-4ccc-8167-891a23ca4537@group-F6E9697080AB-LeaderElection6] INFO  impl.RoleInfo (RoleInfo.java:updateAndGet(139)) - 976467f4-c66a-4ccc-8167-891a23ca4537: start 976467f4-c66a-4ccc-8167-891a23ca4537@group-F6E9697080AB-FollowerState
2022-11-08 06:32:03,153 [grpc-default-executor-0] INFO  server.RaftServer$Division (RaftServerImpl.java:requestVote(1251)) - 31d5b2a7-dd00-41c8-9482-fa5c506864d0@group-F6E9697080AB replies to ELECTION vote request: 976467f4-c66a-4ccc-8167-891a23ca4537<-31d5b2a7-dd00-41c8-9482-fa5c506864d0#0:OK-t1. Peer's state: 31d5b2a7-dd00-41c8-9482-fa5c506864d0@group-F6E9697080AB:t1, leader=null, voted=976467f4-c66a-4ccc-8167-891a23ca4537, raftlog=Memoized:31d5b2a7-dd00-41c8-9482-fa5c506864d0@group-F6E9697080AB-SegmentedRaftLog:OPENED:c-1, conf=-1: peers:[31d5b2a7-dd00-41c8-9482-fa5c506864d0|rpc:10.1.0.244:38699|priority:0|startupRole:FOLLOWER, 976467f4-c66a-4ccc-8167-891a23ca4537|rpc:10.1.0.244:37157|priority:0|startupRole:FOLLOWER, ec4ff2c3-aedb-4237-8f96-8aa5e66a28ee|rpc:10.1.0.244:40923|priority:1|startupRole:FOLLOWER]|listeners:[], old=null
2022-11-08 06:32:03,153 [31d5b2a7-dd00-41c8-9482-fa5c506864d0@group-F6E9697080AB-FollowerState] INFO  server.RaftServerConfigKeys (ConfUtils.java:logFallback(53)) - raft.server.rpc.first-election.timeout.min = 5s (fallback to raft.server.rpc.timeout.min)
2022-11-08 06:32:03,153 [31d5b2a7-dd00-41c8-9482-fa5c506864d0@group-F6E9697080AB-FollowerState] INFO  server.RaftServerConfigKeys (ConfUtils.java:logFallback(53)) - raft.server.rpc.first-election.timeout.max = 5200ms (fallback to raft.server.rpc.timeout.max)
2022-11-08 06:32:03,153 [976467f4-c66a-4ccc-8167-891a23ca4537@group-F6E9697080AB-FollowerState] INFO  server.RaftServerConfigKeys (ConfUtils.java:logFallback(53)) - raft.server.rpc.first-election.timeout.min = 5s (fallback to raft.server.rpc.timeout.min)
2022-11-08 06:32:03,156 [976467f4-c66a-4ccc-8167-891a23ca4537@group-F6E9697080AB-FollowerState] INFO  server.RaftServerConfigKeys (ConfUtils.java:logFallback(53)) - raft.server.rpc.first-election.timeout.max = 5200ms (fallback to raft.server.rpc.timeout.max)
2022-11-08 06:32:03,483 [ea638ff9-1ace-4fa2-9837-fa4aefb4be68@group-51BCA9DC5368-FollowerState] INFO  impl.FollowerState (FollowerState.java:run(143)) - ea638ff9-1ace-4fa2-9837-fa4aefb4be68@group-51BCA9DC5368-FollowerState: change to CANDIDATE, lastRpcElapsedTime:5030288157ns, electionTimeout:5017ms
2022-11-08 06:32:03,483 [ea638ff9-1ace-4fa2-9837-fa4aefb4be68@group-51BCA9DC5368-FollowerState] INFO  impl.RoleInfo (RoleInfo.java:shutdownFollowerState(110)) - ea638ff9-1ace-4fa2-9837-fa4aefb4be68: shutdown ea638ff9-1ace-4fa2-9837-fa4aefb4be68@group-51BCA9DC5368-FollowerState
2022-11-08 06:32:03,483 [ea638ff9-1ace-4fa2-9837-fa4aefb4be68@group-51BCA9DC5368-FollowerState] INFO  server.RaftServer$Division (RaftServerImpl.java:setRole(321)) - ea638ff9-1ace-4fa2-9837-fa4aefb4be68@group-51BCA9DC5368: changes role from  FOLLOWER to CANDIDATE at term 0 for changeToCandidate
2022-11-08 06:32:03,484 [ea638ff9-1ace-4fa2-9837-fa4aefb4be68@group-51BCA9DC5368-FollowerState] INFO  server.RaftServerConfigKeys (ConfUtils.java:logGet(46)) - raft.server.leaderelection.pre-vote = false (custom)
2022-11-08 06:32:03,484 [ea638ff9-1ace-4fa2-9837-fa4aefb4be68@group-51BCA9DC5368-FollowerState] INFO  impl.RoleInfo (RoleInfo.java:updateAndGet(139)) - ea638ff9-1ace-4fa2-9837-fa4aefb4be68: start ea638ff9-1ace-4fa2-9837-fa4aefb4be68@group-51BCA9DC5368-LeaderElection7
2022-11-08 06:32:03,486 [2839026e-8851-4a4b-a6c3-ebe7d865c058@group-51534D1FFBD1-FollowerState] INFO  impl.FollowerState (FollowerState.java:run(143)) - 2839026e-8851-4a4b-a6c3-ebe7d865c058@group-51534D1FFBD1-FollowerState: change to CANDIDATE, lastRpcElapsedTime:5096960696ns, electionTimeout:5095ms
2022-11-08 06:32:03,486 [2839026e-8851-4a4b-a6c3-ebe7d865c058@group-51534D1FFBD1-FollowerState] INFO  impl.RoleInfo (RoleInfo.java:shutdownFollowerState(110)) - 2839026e-8851-4a4b-a6c3-ebe7d865c058: shutdown 2839026e-8851-4a4b-a6c3-ebe7d865c058@group-51534D1FFBD1-FollowerState
2022-11-08 06:32:03,486 [2839026e-8851-4a4b-a6c3-ebe7d865c058@group-51534D1FFBD1-FollowerState] INFO  server.RaftServer$Division (RaftServerImpl.java:setRole(321)) - 2839026e-8851-4a4b-a6c3-ebe7d865c058@group-51534D1FFBD1: changes role from  FOLLOWER to CANDIDATE at term 0 for changeToCandidate
2022-11-08 06:32:03,487 [2839026e-8851-4a4b-a6c3-ebe7d865c058@group-51534D1FFBD1-FollowerState] INFO  server.RaftServerConfigKeys (ConfUtils.java:logGet(46)) - raft.server.leaderelection.pre-vote = false (custom)
2022-11-08 06:32:03,487 [2839026e-8851-4a4b-a6c3-ebe7d865c058@group-51534D1FFBD1-FollowerState] INFO  impl.RoleInfo (RoleInfo.java:updateAndGet(139)) - 2839026e-8851-4a4b-a6c3-ebe7d865c058: start 2839026e-8851-4a4b-a6c3-ebe7d865c058@group-51534D1FFBD1-LeaderElection8
2022-11-08 06:32:03,495 [ea638ff9-1ace-4fa2-9837-fa4aefb4be68@group-51BCA9DC5368-LeaderElection7] INFO  impl.LeaderElection (LeaderElection.java:askForVotes(312)) - ea638ff9-1ace-4fa2-9837-fa4aefb4be68@group-51BCA9DC5368-LeaderElection7 ELECTION round 0: submit vote requests at term 1 for -1: peers:[ea638ff9-1ace-4fa2-9837-fa4aefb4be68|rpc:10.1.0.244:46199|dataStream:|priority:0|startupRole:FOLLOWER, 2839026e-8851-4a4b-a6c3-ebe7d865c058|rpc:10.1.0.244:45877|dataStream:|priority:1|startupRole:FOLLOWER, 6307e296-217c-47f6-b7e1-30640c7ce136|rpc:10.1.0.244:44105|dataStream:|priority:0|startupRole:FOLLOWER]|listeners:[], old=null
2022-11-08 06:32:03,495 [2839026e-8851-4a4b-a6c3-ebe7d865c058@group-51534D1FFBD1-LeaderElection8] INFO  impl.LeaderElection (LeaderElection.java:askForVotes(312)) - 2839026e-8851-4a4b-a6c3-ebe7d865c058@group-51534D1FFBD1-LeaderElection8 ELECTION round 0: submit vote requests at term 1 for -1: peers:[2839026e-8851-4a4b-a6c3-ebe7d865c058|rpc:10.1.0.244:45877|priority:1|startupRole:FOLLOWER]|listeners:[], old=null
2022-11-08 06:32:03,496 [2839026e-8851-4a4b-a6c3-ebe7d865c058@group-51534D1FFBD1-LeaderElection8] INFO  impl.LeaderElection (LeaderElection.java:askForVotes(314)) - 2839026e-8851-4a4b-a6c3-ebe7d865c058@group-51534D1FFBD1-LeaderElection8 ELECTION round 0: result PASSED (term=1)
2022-11-08 06:32:03,496 [2839026e-8851-4a4b-a6c3-ebe7d865c058@group-51534D1FFBD1-LeaderElection8] INFO  impl.RoleInfo (RoleInfo.java:shutdownLeaderElection(130)) - 2839026e-8851-4a4b-a6c3-ebe7d865c058: shutdown 2839026e-8851-4a4b-a6c3-ebe7d865c058@group-51534D1FFBD1-LeaderElection8
2022-11-08 06:32:03,496 [ea638ff9-1ace-4fa2-9837-fa4aefb4be68@group-51BCA9DC5368-LeaderElection7-1] INFO  server.GrpcServerProtocolClient (GrpcServerProtocolClient.java:<init>(63)) - Build channel for 2839026e-8851-4a4b-a6c3-ebe7d865c058
2022-11-08 06:32:03,496 [2839026e-8851-4a4b-a6c3-ebe7d865c058@group-51534D1FFBD1-LeaderElection8] INFO  server.RaftServer$Division (RaftServerImpl.java:setRole(321)) - 2839026e-8851-4a4b-a6c3-ebe7d865c058@group-51534D1FFBD1: changes role from CANDIDATE to LEADER at term 1 for changeToLeader
2022-11-08 06:32:03,497 [2839026e-8851-4a4b-a6c3-ebe7d865c058@group-51534D1FFBD1-LeaderElection8] INFO  ratis.XceiverServerRatis (XceiverServerRatis.java:handleLeaderChangedNotification(863)) - Leader change notification received for group: group-51534D1FFBD1 with new leaderId: 2839026e-8851-4a4b-a6c3-ebe7d865c058
2022-11-08 06:32:03,497 [ea638ff9-1ace-4fa2-9837-fa4aefb4be68@group-51BCA9DC5368-LeaderElection7-2] INFO  server.GrpcServerProtocolClient (GrpcServerProtocolClient.java:<init>(63)) - Build channel for 6307e296-217c-47f6-b7e1-30640c7ce136
2022-11-08 06:32:03,497 [ea638ff9-1ace-4fa2-9837-fa4aefb4be68@group-51BCA9DC5368-LeaderElection7] INFO  server.RaftServerConfigKeys (ConfUtils.java:logFallback(53)) - raft.server.rpc.first-election.timeout.min = 5s (fallback to raft.server.rpc.timeout.min)
2022-11-08 06:32:03,497 [ea638ff9-1ace-4fa2-9837-fa4aefb4be68@group-51BCA9DC5368-LeaderElection7] INFO  server.RaftServerConfigKeys (ConfUtils.java:logFallback(53)) - raft.server.rpc.first-election.timeout.max = 5200ms (fallback to raft.server.rpc.timeout.max)
2022-11-08 06:32:03,498 [2839026e-8851-4a4b-a6c3-ebe7d865c058@group-51534D1FFBD1-LeaderElection8] INFO  server.RaftServer$Division (ServerState.java:setLeader(313)) - 2839026e-8851-4a4b-a6c3-ebe7d865c058@group-51534D1FFBD1: change Leader from null to 2839026e-8851-4a4b-a6c3-ebe7d865c058 at term 1 for becomeLeader, leader elected after 5123ms
2022-11-08 06:32:03,498 [2839026e-8851-4a4b-a6c3-ebe7d865c058@group-51534D1FFBD1-LeaderElection8] INFO  server.RaftServerConfigKeys (ConfUtils.java:logGet(46)) - raft.server.staging.catchup.gap = 1000 (default)
2022-11-08 06:32:03,500 [EventQueue-OpenPipelineForHealthyPipelineSafeModeRule] INFO  safemode.SCMSafeModeManager (HealthyPipelineSafeModeRule.java:process(137)) - SCM in safe mode. Healthy pipelines reported count is 0, required healthy pipeline reported count is 1
2022-11-08 06:32:03,511 [2839026e-8851-4a4b-a6c3-ebe7d865c058@group-51534D1FFBD1-LeaderElection8] INFO  server.RaftServerConfigKeys (ConfUtils.java:logGet(46)) - raft.server.write.element-limit = 1024 (custom)
2022-11-08 06:32:03,511 [2839026e-8851-4a4b-a6c3-ebe7d865c058@group-51534D1FFBD1-LeaderElection8] INFO  server.RaftServerConfigKeys (ConfUtils.java:logGet(46)) - raft.server.write.byte-limit = 1024 M (=1073741824) (custom)
2022-11-08 06:32:03,511 [2839026e-8851-4a4b-a6c3-ebe7d865c058@group-51534D1FFBD1-LeaderElection8] INFO  server.RaftServerConfigKeys (ConfUtils.java:logGet(46)) - raft.server.watch.timeout = 180s (custom)
2022-11-08 06:32:03,511 [2839026e-8851-4a4b-a6c3-ebe7d865c058@group-51534D1FFBD1-LeaderElection8] INFO  server.RaftServerConfigKeys (ConfUtils.java:logGet(46)) - raft.server.watch.timeout.denomination = 1s (default)
2022-11-08 06:32:03,511 [2839026e-8851-4a4b-a6c3-ebe7d865c058@group-51534D1FFBD1-LeaderElection8] INFO  server.RaftServerConfigKeys (ConfUtils.java:logGet(46)) - raft.server.watch.element-limit = 65536 (default)
2022-11-08 06:32:03,511 [2839026e-8851-4a4b-a6c3-ebe7d865c058@group-51534D1FFBD1-LeaderElection8] INFO  server.RaftServerConfigKeys (ConfUtils.java:logGet(46)) - raft.server.write.element-limit = 1024 (custom)
2022-11-08 06:32:03,511 [2839026e-8851-4a4b-a6c3-ebe7d865c058@group-51534D1FFBD1-LeaderElection8] INFO  server.RaftServerConfigKeys (ConfUtils.java:logGet(46)) - raft.server.write.follower.gap.ratio.max = -1.0 (default)
2022-11-08 06:32:03,512 [2839026e-8851-4a4b-a6c3-ebe7d865c058@group-51534D1FFBD1-LeaderElection8] INFO  impl.RoleInfo (RoleInfo.java:updateAndGet(139)) - 2839026e-8851-4a4b-a6c3-ebe7d865c058: start 2839026e-8851-4a4b-a6c3-ebe7d865c058@group-51534D1FFBD1-LeaderStateImpl
2022-11-08 06:32:03,512 [2839026e-8851-4a4b-a6c3-ebe7d865c058@group-51534D1FFBD1-LeaderElection8] INFO  segmented.SegmentedRaftLogWorker (SegmentedRaftLogWorker.java:startLogSegment(452)) - 2839026e-8851-4a4b-a6c3-ebe7d865c058@group-51534D1FFBD1-SegmentedRaftLogWorker: Starting segment from index:0
2022-11-08 06:32:03,515 [2839026e-8851-4a4b-a6c3-ebe7d865c058@group-51534D1FFBD1-SegmentedRaftLogWorker] INFO  segmented.SegmentedRaftLogWorker (SegmentedRaftLogWorker.java:execute(656)) - 2839026e-8851-4a4b-a6c3-ebe7d865c058@group-51534D1FFBD1-SegmentedRaftLogWorker: created new log segment /home/runner/work/ozone/ozone/hadoop-ozone/integration-test/target/test-dir/MiniOzoneClusterImpl-c53ae64f-4849-40e6-a4d6-552e28141f22/datanode-3/data/ratis/b5cd1cad-31d0-4510-8452-51534d1ffbd1/current/log_inprogress_0
2022-11-08 06:32:03,522 [2839026e-8851-4a4b-a6c3-ebe7d865c058@group-51534D1FFBD1-LeaderElection8] INFO  server.RaftServer$Division (ServerState.java:setRaftConf(430)) - 2839026e-8851-4a4b-a6c3-ebe7d865c058@group-51534D1FFBD1: set configuration 0: peers:[2839026e-8851-4a4b-a6c3-ebe7d865c058|rpc:10.1.0.244:45877|dataStream:|priority:1|startupRole:FOLLOWER]|listeners:[], old=null
2022-11-08 06:32:03,533 [grpc-default-executor-0] INFO  server.RaftServer$Division (RaftServerImpl.java:requestVote(1218)) - 2839026e-8851-4a4b-a6c3-ebe7d865c058@group-51BCA9DC5368: receive requestVote(ELECTION, ea638ff9-1ace-4fa2-9837-fa4aefb4be68, group-51BCA9DC5368, 1, (t:0, i:0))
2022-11-08 06:32:03,533 [grpc-default-executor-1] INFO  server.RaftServer$Division (RaftServerImpl.java:requestVote(1218)) - 6307e296-217c-47f6-b7e1-30640c7ce136@group-51BCA9DC5368: receive requestVote(ELECTION, ea638ff9-1ace-4fa2-9837-fa4aefb4be68, group-51BCA9DC5368, 1, (t:0, i:0))
2022-11-08 06:32:03,533 [grpc-default-executor-0] INFO  impl.VoteContext (VoteContext.java:log(48)) - 2839026e-8851-4a4b-a6c3-ebe7d865c058@group-51BCA9DC5368-FOLLOWER: reject ELECTION from ea638ff9-1ace-4fa2-9837-fa4aefb4be68: our priority 1 > candidate's priority 0
2022-11-08 06:32:03,533 [grpc-default-executor-1] INFO  impl.VoteContext (VoteContext.java:log(48)) - 6307e296-217c-47f6-b7e1-30640c7ce136@group-51BCA9DC5368-FOLLOWER: accept ELECTION from ea638ff9-1ace-4fa2-9837-fa4aefb4be68: our priority 0 <= candidate's priority 0
2022-11-08 06:32:03,533 [grpc-default-executor-0] INFO  server.RaftServer$Division (RaftServerImpl.java:setRole(321)) - 2839026e-8851-4a4b-a6c3-ebe7d865c058@group-51BCA9DC5368: changes role from  FOLLOWER to FOLLOWER at term 1 for candidate:ea638ff9-1ace-4fa2-9837-fa4aefb4be68
2022-11-08 06:32:03,534 [grpc-default-executor-0] INFO  impl.RoleInfo (RoleInfo.java:shutdownFollowerState(110)) - 2839026e-8851-4a4b-a6c3-ebe7d865c058: shutdown 2839026e-8851-4a4b-a6c3-ebe7d865c058@group-51BCA9DC5368-FollowerState
2022-11-08 06:32:03,534 [grpc-default-executor-1] INFO  server.RaftServer$Division (RaftServerImpl.java:setRole(321)) - 6307e296-217c-47f6-b7e1-30640c7ce136@group-51BCA9DC5368: changes role from  FOLLOWER to FOLLOWER at term 1 for candidate:ea638ff9-1ace-4fa2-9837-fa4aefb4be68
2022-11-08 06:32:03,534 [grpc-default-executor-1] INFO  impl.RoleInfo (RoleInfo.java:shutdownFollowerState(110)) - 6307e296-217c-47f6-b7e1-30640c7ce136: shutdown 6307e296-217c-47f6-b7e1-30640c7ce136@group-51BCA9DC5368-FollowerState
2022-11-08 06:32:03,534 [6307e296-217c-47f6-b7e1-30640c7ce136@group-51BCA9DC5368-FollowerState] INFO  impl.FollowerState (FollowerState.java:run(152)) - 6307e296-217c-47f6-b7e1-30640c7ce136@group-51BCA9DC5368-FollowerState was interrupted
2022-11-08 06:32:03,534 [2839026e-8851-4a4b-a6c3-ebe7d865c058@group-51BCA9DC5368-FollowerState] INFO  impl.FollowerState (FollowerState.java:run(152)) - 2839026e-8851-4a4b-a6c3-ebe7d865c058@group-51BCA9DC5368-FollowerState was interrupted
2022-11-08 06:32:03,536 [grpc-default-executor-0] INFO  impl.RoleInfo (RoleInfo.java:updateAndGet(139)) - 2839026e-8851-4a4b-a6c3-ebe7d865c058: start 2839026e-8851-4a4b-a6c3-ebe7d865c058@group-51BCA9DC5368-FollowerState
2022-11-08 06:32:03,537 [grpc-default-executor-1] INFO  impl.RoleInfo (RoleInfo.java:updateAndGet(139)) - 6307e296-217c-47f6-b7e1-30640c7ce136: start 6307e296-217c-47f6-b7e1-30640c7ce136@group-51BCA9DC5368-FollowerState
2022-11-08 06:32:03,537 [2839026e-8851-4a4b-a6c3-ebe7d865c058@group-51BCA9DC5368-FollowerState] INFO  server.RaftServerConfigKeys (ConfUtils.java:logFallback(53)) - raft.server.rpc.first-election.timeout.min = 5s (fallback to raft.server.rpc.timeout.min)
2022-11-08 06:32:03,538 [2839026e-8851-4a4b-a6c3-ebe7d865c058@group-51BCA9DC5368-FollowerState] INFO  server.RaftServerConfigKeys (ConfUtils.java:logFallback(53)) - raft.server.rpc.first-election.timeout.max = 5200ms (fallback to raft.server.rpc.timeout.max)
2022-11-08 06:32:03,539 [grpc-default-executor-0] INFO  server.RaftServer$Division (RaftServerImpl.java:requestVote(1251)) - 2839026e-8851-4a4b-a6c3-ebe7d865c058@group-51BCA9DC5368 replies to ELECTION vote request: ea638ff9-1ace-4fa2-9837-fa4aefb4be68<-2839026e-8851-4a4b-a6c3-ebe7d865c058#0:FAIL-t1. Peer's state: 2839026e-8851-4a4b-a6c3-ebe7d865c058@group-51BCA9DC5368:t1, leader=null, voted=null, raftlog=Memoized:2839026e-8851-4a4b-a6c3-ebe7d865c058@group-51BCA9DC5368-SegmentedRaftLog:OPENED:c-1, conf=-1: peers:[ea638ff9-1ace-4fa2-9837-fa4aefb4be68|rpc:10.1.0.244:46199|priority:0|startupRole:FOLLOWER, 2839026e-8851-4a4b-a6c3-ebe7d865c058|rpc:10.1.0.244:45877|priority:1|startupRole:FOLLOWER, 6307e296-217c-47f6-b7e1-30640c7ce136|rpc:10.1.0.244:44105|priority:0|startupRole:FOLLOWER]|listeners:[], old=null
2022-11-08 06:32:03,546 [grpc-default-executor-1] INFO  server.RaftServer$Division (RaftServerImpl.java:requestVote(1251)) - 6307e296-217c-47f6-b7e1-30640c7ce136@group-51BCA9DC5368 replies to ELECTION vote request: ea638ff9-1ace-4fa2-9837-fa4aefb4be68<-6307e296-217c-47f6-b7e1-30640c7ce136#0:OK-t1. Peer's state: 6307e296-217c-47f6-b7e1-30640c7ce136@group-51BCA9DC5368:t1, leader=null, voted=ea638ff9-1ace-4fa2-9837-fa4aefb4be68, raftlog=Memoized:6307e296-217c-47f6-b7e1-30640c7ce136@group-51BCA9DC5368-SegmentedRaftLog:OPENED:c-1, conf=-1: peers:[ea638ff9-1ace-4fa2-9837-fa4aefb4be68|rpc:10.1.0.244:46199|dataStream:|priority:0|startupRole:FOLLOWER, 2839026e-8851-4a4b-a6c3-ebe7d865c058|rpc:10.1.0.244:45877|dataStream:|priority:1|startupRole:FOLLOWER, 6307e296-217c-47f6-b7e1-30640c7ce136|rpc:10.1.0.244:44105|dataStream:|priority:0|startupRole:FOLLOWER]|listeners:[], old=null
2022-11-08 06:32:03,547 [ea638ff9-1ace-4fa2-9837-fa4aefb4be68@group-51BCA9DC5368-LeaderElection7] INFO  impl.LeaderElection (LeaderElection.java:logAndReturn(90)) - ea638ff9-1ace-4fa2-9837-fa4aefb4be68@group-51BCA9DC5368-LeaderElection7: ELECTION REJECTED received 1 response(s) and 0 exception(s):
2022-11-08 06:32:03,547 [ea638ff9-1ace-4fa2-9837-fa4aefb4be68@group-51BCA9DC5368-LeaderElection7] INFO  impl.LeaderElection (LeaderElection.java:logAndReturn(94)) -   Response 0: ea638ff9-1ace-4fa2-9837-fa4aefb4be68<-2839026e-8851-4a4b-a6c3-ebe7d865c058#0:FAIL-t1
2022-11-08 06:32:03,548 [ea638ff9-1ace-4fa2-9837-fa4aefb4be68@group-51BCA9DC5368-LeaderElection7] INFO  impl.LeaderElection (LeaderElection.java:askForVotes(314)) - ea638ff9-1ace-4fa2-9837-fa4aefb4be68@group-51BCA9DC5368-LeaderElection7 ELECTION round 0: result REJECTED
2022-11-08 06:32:03,548 [ea638ff9-1ace-4fa2-9837-fa4aefb4be68@group-51BCA9DC5368-LeaderElection7] INFO  server.RaftServer$Division (RaftServerImpl.java:setRole(321)) - ea638ff9-1ace-4fa2-9837-fa4aefb4be68@group-51BCA9DC5368: changes role from CANDIDATE to FOLLOWER at term 1 for REJECTED
2022-11-08 06:32:03,548 [ea638ff9-1ace-4fa2-9837-fa4aefb4be68@group-51BCA9DC5368-LeaderElection7] INFO  impl.RoleInfo (RoleInfo.java:shutdownLeaderElection(130)) - ea638ff9-1ace-4fa2-9837-fa4aefb4be68: shutdown ea638ff9-1ace-4fa2-9837-fa4aefb4be68@group-51BCA9DC5368-LeaderElection7
2022-11-08 06:32:03,548 [ea638ff9-1ace-4fa2-9837-fa4aefb4be68@group-51BCA9DC5368-LeaderElection7] INFO  impl.RoleInfo (RoleInfo.java:updateAndGet(139)) - ea638ff9-1ace-4fa2-9837-fa4aefb4be68: start ea638ff9-1ace-4fa2-9837-fa4aefb4be68@group-51BCA9DC5368-FollowerState
2022-11-08 06:32:03,549 [6307e296-217c-47f6-b7e1-30640c7ce136@group-51BCA9DC5368-FollowerState] INFO  server.RaftServerConfigKeys (ConfUtils.java:logFallback(53)) - raft.server.rpc.first-election.timeout.min = 5s (fallback to raft.server.rpc.timeout.min)
2022-11-08 06:32:03,549 [6307e296-217c-47f6-b7e1-30640c7ce136@group-51BCA9DC5368-FollowerState] INFO  server.RaftServerConfigKeys (ConfUtils.java:logFallback(53)) - raft.server.rpc.first-election.timeout.max = 5200ms (fallback to raft.server.rpc.timeout.max)
2022-11-08 06:32:03,550 [ea638ff9-1ace-4fa2-9837-fa4aefb4be68@group-51BCA9DC5368-FollowerState] INFO  server.RaftServerConfigKeys (ConfUtils.java:logFallback(53)) - raft.server.rpc.first-election.timeout.min = 5s (fallback to raft.server.rpc.timeout.min)
2022-11-08 06:32:03,551 [ea638ff9-1ace-4fa2-9837-fa4aefb4be68@group-51BCA9DC5368-FollowerState] INFO  server.RaftServerConfigKeys (ConfUtils.java:logFallback(53)) - raft.server.rpc.first-election.timeout.max = 5200ms (fallback to raft.server.rpc.timeout.max)
2022-11-08 06:32:03,656 [2839026e-8851-4a4b-a6c3-ebe7d865c058@group-8D3BBCBE58DB-FollowerState] INFO  impl.FollowerState (FollowerState.java:run(143)) - 2839026e-8851-4a4b-a6c3-ebe7d865c058@group-8D3BBCBE58DB-FollowerState: change to CANDIDATE, lastRpcElapsedTime:5094167930ns, electionTimeout:5074ms
2022-11-08 06:32:03,656 [2839026e-8851-4a4b-a6c3-ebe7d865c058@group-8D3BBCBE58DB-FollowerState] INFO  impl.RoleInfo (RoleInfo.java:shutdownFollowerState(110)) - 2839026e-8851-4a4b-a6c3-ebe7d865c058: shutdown 2839026e-8851-4a4b-a6c3-ebe7d865c058@group-8D3BBCBE58DB-FollowerState
2022-11-08 06:32:03,656 [2839026e-8851-4a4b-a6c3-ebe7d865c058@group-8D3BBCBE58DB-FollowerState] INFO  server.RaftServer$Division (RaftServerImpl.java:setRole(321)) - 2839026e-8851-4a4b-a6c3-ebe7d865c058@group-8D3BBCBE58DB: changes role from  FOLLOWER to CANDIDATE at term 0 for changeToCandidate
2022-11-08 06:32:03,656 [2839026e-8851-4a4b-a6c3-ebe7d865c058@group-8D3BBCBE58DB-FollowerState] INFO  server.RaftServerConfigKeys (ConfUtils.java:logGet(46)) - raft.server.leaderelection.pre-vote = false (custom)
2022-11-08 06:32:03,656 [2839026e-8851-4a4b-a6c3-ebe7d865c058@group-8D3BBCBE58DB-FollowerState] INFO  impl.RoleInfo (RoleInfo.java:updateAndGet(139)) - 2839026e-8851-4a4b-a6c3-ebe7d865c058: start 2839026e-8851-4a4b-a6c3-ebe7d865c058@group-8D3BBCBE58DB-LeaderElection9
2022-11-08 06:32:03,660 [2839026e-8851-4a4b-a6c3-ebe7d865c058@group-8D3BBCBE58DB-LeaderElection9] INFO  impl.LeaderElection (LeaderElection.java:askForVotes(312)) - 2839026e-8851-4a4b-a6c3-ebe7d865c058@group-8D3BBCBE58DB-LeaderElection9 ELECTION round 0: submit vote requests at term 1 for -1: peers:[ea638ff9-1ace-4fa2-9837-fa4aefb4be68|rpc:10.1.0.244:46199|priority:0|startupRole:FOLLOWER, 2839026e-8851-4a4b-a6c3-ebe7d865c058|rpc:10.1.0.244:45877|priority:0|startupRole:FOLLOWER, 6307e296-217c-47f6-b7e1-30640c7ce136|rpc:10.1.0.244:44105|priority:1|startupRole:FOLLOWER]|listeners:[], old=null
2022-11-08 06:32:03,661 [2839026e-8851-4a4b-a6c3-ebe7d865c058@group-8D3BBCBE58DB-LeaderElection9] INFO  server.RaftServerConfigKeys (ConfUtils.java:logFallback(53)) - raft.server.rpc.first-election.timeout.min = 5s (fallback to raft.server.rpc.timeout.min)
2022-11-08 06:32:03,661 [2839026e-8851-4a4b-a6c3-ebe7d865c058@group-8D3BBCBE58DB-LeaderElection9-1] INFO  server.GrpcServerProtocolClient (GrpcServerProtocolClient.java:<init>(63)) - Build channel for ea638ff9-1ace-4fa2-9837-fa4aefb4be68
2022-11-08 06:32:03,661 [2839026e-8851-4a4b-a6c3-ebe7d865c058@group-8D3BBCBE58DB-LeaderElection9] INFO  server.RaftServerConfigKeys (ConfUtils.java:logFallback(53)) - raft.server.rpc.first-election.timeout.max = 5200ms (fallback to raft.server.rpc.timeout.max)
2022-11-08 06:32:03,662 [2839026e-8851-4a4b-a6c3-ebe7d865c058@group-8D3BBCBE58DB-LeaderElection9-2] INFO  server.GrpcServerProtocolClient (GrpcServerProtocolClient.java:<init>(63)) - Build channel for 6307e296-217c-47f6-b7e1-30640c7ce136
2022-11-08 06:32:03,671 [grpc-default-executor-1] INFO  server.RaftServer$Division (RaftServerImpl.java:requestVote(1218)) - 6307e296-217c-47f6-b7e1-30640c7ce136@group-8D3BBCBE58DB: receive requestVote(ELECTION, 2839026e-8851-4a4b-a6c3-ebe7d865c058, group-8D3BBCBE58DB, 1, (t:0, i:0))
2022-11-08 06:32:03,671 [grpc-default-executor-1] INFO  impl.VoteContext (VoteContext.java:log(48)) - 6307e296-217c-47f6-b7e1-30640c7ce136@group-8D3BBCBE58DB-FOLLOWER: reject ELECTION from 2839026e-8851-4a4b-a6c3-ebe7d865c058: our priority 1 > candidate's priority 0
2022-11-08 06:32:03,671 [grpc-default-executor-1] INFO  server.RaftServer$Division (RaftServerImpl.java:setRole(321)) - 6307e296-217c-47f6-b7e1-30640c7ce136@group-8D3BBCBE58DB: changes role from  FOLLOWER to FOLLOWER at term 1 for candidate:2839026e-8851-4a4b-a6c3-ebe7d865c058
2022-11-08 06:32:03,671 [grpc-default-executor-1] INFO  impl.RoleInfo (RoleInfo.java:shutdownFollowerState(110)) - 6307e296-217c-47f6-b7e1-30640c7ce136: shutdown 6307e296-217c-47f6-b7e1-30640c7ce136@group-8D3BBCBE58DB-FollowerState
2022-11-08 06:32:03,671 [grpc-default-executor-1] INFO  impl.RoleInfo (RoleInfo.java:updateAndGet(139)) - 6307e296-217c-47f6-b7e1-30640c7ce136: start 6307e296-217c-47f6-b7e1-30640c7ce136@group-8D3BBCBE58DB-FollowerState
2022-11-08 06:32:03,671 [6307e296-217c-47f6-b7e1-30640c7ce136@group-8D3BBCBE58DB-FollowerState] INFO  impl.FollowerState (FollowerState.java:run(152)) - 6307e296-217c-47f6-b7e1-30640c7ce136@group-8D3BBCBE58DB-FollowerState was interrupted
2022-11-08 06:32:03,674 [6307e296-217c-47f6-b7e1-30640c7ce136@group-8D3BBCBE58DB-FollowerState] INFO  server.RaftServerConfigKeys (ConfUtils.java:logFallback(53)) - raft.server.rpc.first-election.timeout.min = 5s (fallback to raft.server.rpc.timeout.min)
2022-11-08 06:32:03,674 [6307e296-217c-47f6-b7e1-30640c7ce136@group-8D3BBCBE58DB-FollowerState] INFO  server.RaftServerConfigKeys (ConfUtils.java:logFallback(53)) - raft.server.rpc.first-election.timeout.max = 5200ms (fallback to raft.server.rpc.timeout.max)
2022-11-08 06:32:03,674 [grpc-default-executor-1] INFO  server.RaftServer$Division (RaftServerImpl.java:requestVote(1251)) - 6307e296-217c-47f6-b7e1-30640c7ce136@group-8D3BBCBE58DB replies to ELECTION vote request: 2839026e-8851-4a4b-a6c3-ebe7d865c058<-6307e296-217c-47f6-b7e1-30640c7ce136#0:FAIL-t1. Peer's state: 6307e296-217c-47f6-b7e1-30640c7ce136@group-8D3BBCBE58DB:t1, leader=null, voted=null, raftlog=Memoized:6307e296-217c-47f6-b7e1-30640c7ce136@group-8D3BBCBE58DB-SegmentedRaftLog:OPENED:c-1, conf=-1: peers:[ea638ff9-1ace-4fa2-9837-fa4aefb4be68|rpc:10.1.0.244:46199|dataStream:|priority:0|startupRole:FOLLOWER, 2839026e-8851-4a4b-a6c3-ebe7d865c058|rpc:10.1.0.244:45877|dataStream:|priority:0|startupRole:FOLLOWER, 6307e296-217c-47f6-b7e1-30640c7ce136|rpc:10.1.0.244:44105|dataStream:|priority:1|startupRole:FOLLOWER]|listeners:[], old=null
2022-11-08 06:32:03,680 [2839026e-8851-4a4b-a6c3-ebe7d865c058@group-8D3BBCBE58DB-LeaderElection9] INFO  impl.LeaderElection (LeaderElection.java:logAndReturn(90)) - 2839026e-8851-4a4b-a6c3-ebe7d865c058@group-8D3BBCBE58DB-LeaderElection9: ELECTION REJECTED received 1 response(s) and 0 exception(s):
2022-11-08 06:32:03,680 [2839026e-8851-4a4b-a6c3-ebe7d865c058@group-8D3BBCBE58DB-LeaderElection9] INFO  impl.LeaderElection (LeaderElection.java:logAndReturn(94)) -   Response 0: 2839026e-8851-4a4b-a6c3-ebe7d865c058<-6307e296-217c-47f6-b7e1-30640c7ce136#0:FAIL-t1
2022-11-08 06:32:03,680 [2839026e-8851-4a4b-a6c3-ebe7d865c058@group-8D3BBCBE58DB-LeaderElection9] INFO  impl.LeaderElection (LeaderElection.java:askForVotes(314)) - 2839026e-8851-4a4b-a6c3-ebe7d865c058@group-8D3BBCBE58DB-LeaderElection9 ELECTION round 0: result REJECTED
2022-11-08 06:32:03,680 [2839026e-8851-4a4b-a6c3-ebe7d865c058@group-8D3BBCBE58DB-LeaderElection9] INFO  server.RaftServer$Division (RaftServerImpl.java:setRole(321)) - 2839026e-8851-4a4b-a6c3-ebe7d865c058@group-8D3BBCBE58DB: changes role from CANDIDATE to FOLLOWER at term 1 for REJECTED
2022-11-08 06:32:03,680 [2839026e-8851-4a4b-a6c3-ebe7d865c058@group-8D3BBCBE58DB-LeaderElection9] INFO  impl.RoleInfo (RoleInfo.java:shutdownLeaderElection(130)) - 2839026e-8851-4a4b-a6c3-ebe7d865c058: shutdown 2839026e-8851-4a4b-a6c3-ebe7d865c058@group-8D3BBCBE58DB-LeaderElection9
2022-11-08 06:32:03,681 [2839026e-8851-4a4b-a6c3-ebe7d865c058@group-8D3BBCBE58DB-LeaderElection9] INFO  impl.RoleInfo (RoleInfo.java:updateAndGet(139)) - 2839026e-8851-4a4b-a6c3-ebe7d865c058: start 2839026e-8851-4a4b-a6c3-ebe7d865c058@group-8D3BBCBE58DB-FollowerState
2022-11-08 06:32:03,683 [2839026e-8851-4a4b-a6c3-ebe7d865c058@group-8D3BBCBE58DB-FollowerState] INFO  server.RaftServerConfigKeys (ConfUtils.java:logFallback(53)) - raft.server.rpc.first-election.timeout.min = 5s (fallback to raft.server.rpc.timeout.min)
2022-11-08 06:32:03,690 [grpc-default-executor-1] INFO  server.RaftServer$Division (RaftServerImpl.java:requestVote(1218)) - ea638ff9-1ace-4fa2-9837-fa4aefb4be68@group-8D3BBCBE58DB: receive requestVote(ELECTION, 2839026e-8851-4a4b-a6c3-ebe7d865c058, group-8D3BBCBE58DB, 1, (t:0, i:0))
2022-11-08 06:32:03,690 [2839026e-8851-4a4b-a6c3-ebe7d865c058@group-8D3BBCBE58DB-FollowerState] INFO  server.RaftServerConfigKeys (ConfUtils.java:logFallback(53)) - raft.server.rpc.first-election.timeout.max = 5200ms (fallback to raft.server.rpc.timeout.max)
2022-11-08 06:32:03,690 [grpc-default-executor-1] INFO  impl.VoteContext (VoteContext.java:log(48)) - ea638ff9-1ace-4fa2-9837-fa4aefb4be68@group-8D3BBCBE58DB-FOLLOWER: accept ELECTION from 2839026e-8851-4a4b-a6c3-ebe7d865c058: our priority 0 <= candidate's priority 0
2022-11-08 06:32:03,690 [grpc-default-executor-1] INFO  server.RaftServer$Division (RaftServerImpl.java:setRole(321)) - ea638ff9-1ace-4fa2-9837-fa4aefb4be68@group-8D3BBCBE58DB: changes role from  FOLLOWER to FOLLOWER at term 1 for candidate:2839026e-8851-4a4b-a6c3-ebe7d865c058
2022-11-08 06:32:03,690 [grpc-default-executor-1] INFO  impl.RoleInfo (RoleInfo.java:shutdownFollowerState(110)) - ea638ff9-1ace-4fa2-9837-fa4aefb4be68: shutdown ea638ff9-1ace-4fa2-9837-fa4aefb4be68@group-8D3BBCBE58DB-FollowerState
2022-11-08 06:32:03,690 [grpc-default-executor-1] INFO  impl.RoleInfo (RoleInfo.java:updateAndGet(139)) - ea638ff9-1ace-4fa2-9837-fa4aefb4be68: start ea638ff9-1ace-4fa2-9837-fa4aefb4be68@group-8D3BBCBE58DB-FollowerState
2022-11-08 06:32:03,690 [ea638ff9-1ace-4fa2-9837-fa4aefb4be68@group-8D3BBCBE58DB-FollowerState] INFO  impl.FollowerState (FollowerState.java:run(152)) - ea638ff9-1ace-4fa2-9837-fa4aefb4be68@group-8D3BBCBE58DB-FollowerState was interrupted
2022-11-08 06:32:03,692 [ea638ff9-1ace-4fa2-9837-fa4aefb4be68@group-8D3BBCBE58DB-FollowerState] INFO  server.RaftServerConfigKeys (ConfUtils.java:logFallback(53)) - raft.server.rpc.first-election.timeout.min = 5s (fallback to raft.server.rpc.timeout.min)
2022-11-08 06:32:03,692 [ea638ff9-1ace-4fa2-9837-fa4aefb4be68@group-8D3BBCBE58DB-FollowerState] INFO  server.RaftServerConfigKeys (ConfUtils.java:logFallback(53)) - raft.server.rpc.first-election.timeout.max = 5200ms (fallback to raft.server.rpc.timeout.max)
2022-11-08 06:32:03,693 [grpc-default-executor-1] INFO  server.RaftServer$Division (RaftServerImpl.java:requestVote(1251)) - ea638ff9-1ace-4fa2-9837-fa4aefb4be68@group-8D3BBCBE58DB replies to ELECTION vote request: 2839026e-8851-4a4b-a6c3-ebe7d865c058<-ea638ff9-1ace-4fa2-9837-fa4aefb4be68#0:OK-t1. Peer's state: ea638ff9-1ace-4fa2-9837-fa4aefb4be68@group-8D3BBCBE58DB:t1, leader=null, voted=2839026e-8851-4a4b-a6c3-ebe7d865c058, raftlog=Memoized:ea638ff9-1ace-4fa2-9837-fa4aefb4be68@group-8D3BBCBE58DB-SegmentedRaftLog:OPENED:c-1, conf=-1: peers:[ea638ff9-1ace-4fa2-9837-fa4aefb4be68|rpc:10.1.0.244:46199|dataStream:|priority:0|startupRole:FOLLOWER, 2839026e-8851-4a4b-a6c3-ebe7d865c058|rpc:10.1.0.244:45877|dataStream:|priority:0|startupRole:FOLLOWER, 6307e296-217c-47f6-b7e1-30640c7ce136|rpc:10.1.0.244:44105|dataStream:|priority:1|startupRole:FOLLOWER]|listeners:[], old=null
2022-11-08 06:32:03,842 [6307e296-217c-47f6-b7e1-30640c7ce136@group-EA30693AB63E-FollowerState] INFO  impl.FollowerState (FollowerState.java:run(143)) - 6307e296-217c-47f6-b7e1-30640c7ce136@group-EA30693AB63E-FollowerState: change to CANDIDATE, lastRpcElapsedTime:5102684667ns, electionTimeout:5099ms
2022-11-08 06:32:03,842 [6307e296-217c-47f6-b7e1-30640c7ce136@group-EA30693AB63E-FollowerState] INFO  impl.RoleInfo (RoleInfo.java:shutdownFollowerState(110)) - 6307e296-217c-47f6-b7e1-30640c7ce136: shutdown 6307e296-217c-47f6-b7e1-30640c7ce136@group-EA30693AB63E-FollowerState
2022-11-08 06:32:03,842 [6307e296-217c-47f6-b7e1-30640c7ce136@group-EA30693AB63E-FollowerState] INFO  server.RaftServer$Division (RaftServerImpl.java:setRole(321)) - 6307e296-217c-47f6-b7e1-30640c7ce136@group-EA30693AB63E: changes role from  FOLLOWER to CANDIDATE at term 0 for changeToCandidate
2022-11-08 06:32:03,842 [6307e296-217c-47f6-b7e1-30640c7ce136@group-EA30693AB63E-FollowerState] INFO  server.RaftServerConfigKeys (ConfUtils.java:logGet(46)) - raft.server.leaderelection.pre-vote = false (custom)
2022-11-08 06:32:03,843 [6307e296-217c-47f6-b7e1-30640c7ce136@group-EA30693AB63E-FollowerState] INFO  impl.RoleInfo (RoleInfo.java:updateAndGet(139)) - 6307e296-217c-47f6-b7e1-30640c7ce136: start 6307e296-217c-47f6-b7e1-30640c7ce136@group-EA30693AB63E-LeaderElection10
2022-11-08 06:32:03,846 [6307e296-217c-47f6-b7e1-30640c7ce136@group-EA30693AB63E-LeaderElection10] INFO  impl.LeaderElection (LeaderElection.java:askForVotes(312)) - 6307e296-217c-47f6-b7e1-30640c7ce136@group-EA30693AB63E-LeaderElection10 ELECTION round 0: submit vote requests at term 1 for -1: peers:[6307e296-217c-47f6-b7e1-30640c7ce136|rpc:10.1.0.244:44105|priority:1|startupRole:FOLLOWER]|listeners:[], old=null
2022-11-08 06:32:03,849 [6307e296-217c-47f6-b7e1-30640c7ce136@group-EA30693AB63E-LeaderElection10] INFO  impl.LeaderElection (LeaderElection.java:askForVotes(314)) - 6307e296-217c-47f6-b7e1-30640c7ce136@group-EA30693AB63E-LeaderElection10 ELECTION round 0: result PASSED (term=1)
2022-11-08 06:32:03,849 [6307e296-217c-47f6-b7e1-30640c7ce136@group-EA30693AB63E-LeaderElection10] INFO  impl.RoleInfo (RoleInfo.java:shutdownLeaderElection(130)) - 6307e296-217c-47f6-b7e1-30640c7ce136: shutdown 6307e296-217c-47f6-b7e1-30640c7ce136@group-EA30693AB63E-LeaderElection10
2022-11-08 06:32:03,849 [6307e296-217c-47f6-b7e1-30640c7ce136@group-EA30693AB63E-LeaderElection10] INFO  server.RaftServer$Division (RaftServerImpl.java:setRole(321)) - 6307e296-217c-47f6-b7e1-30640c7ce136@group-EA30693AB63E: changes role from CANDIDATE to LEADER at term 1 for changeToLeader
2022-11-08 06:32:03,849 [6307e296-217c-47f6-b7e1-30640c7ce136@group-EA30693AB63E-LeaderElection10] INFO  ratis.XceiverServerRatis (XceiverServerRatis.java:handleLeaderChangedNotification(863)) - Leader change notification received for group: group-EA30693AB63E with new leaderId: 6307e296-217c-47f6-b7e1-30640c7ce136
2022-11-08 06:32:03,851 [EventQueue-OpenPipelineForHealthyPipelineSafeModeRule] INFO  safemode.SCMSafeModeManager (HealthyPipelineSafeModeRule.java:process(137)) - SCM in safe mode. Healthy pipelines reported count is 0, required healthy pipeline reported count is 1
2022-11-08 06:32:03,852 [6307e296-217c-47f6-b7e1-30640c7ce136@group-EA30693AB63E-LeaderElection10] INFO  server.RaftServer$Division (ServerState.java:setLeader(313)) - 6307e296-217c-47f6-b7e1-30640c7ce136@group-EA30693AB63E: change Leader from null to 6307e296-217c-47f6-b7e1-30640c7ce136 at term 1 for becomeLeader, leader elected after 5122ms
2022-11-08 06:32:03,852 [6307e296-217c-47f6-b7e1-30640c7ce136@group-EA30693AB63E-LeaderElection10] INFO  server.RaftServerConfigKeys (ConfUtils.java:logGet(46)) - raft.server.staging.catchup.gap = 1000 (default)
2022-11-08 06:32:03,852 [6307e296-217c-47f6-b7e1-30640c7ce136@group-EA30693AB63E-LeaderElection10] INFO  server.RaftServerConfigKeys (ConfUtils.java:logGet(46)) - raft.server.write.element-limit = 1024 (custom)
2022-11-08 06:32:03,852 [6307e296-217c-47f6-b7e1-30640c7ce136@group-EA30693AB63E-LeaderElection10] INFO  server.RaftServerConfigKeys (ConfUtils.java:logGet(46)) - raft.server.write.byte-limit = 1024 M (=1073741824) (custom)
2022-11-08 06:32:03,853 [6307e296-217c-47f6-b7e1-30640c7ce136@group-EA30693AB63E-LeaderElection10] INFO  server.RaftServerConfigKeys (ConfUtils.java:logGet(46)) - raft.server.watch.timeout = 180s (custom)
2022-11-08 06:32:03,853 [6307e296-217c-47f6-b7e1-30640c7ce136@group-EA30693AB63E-LeaderElection10] INFO  server.RaftServerConfigKeys (ConfUtils.java:logGet(46)) - raft.server.watch.timeout.denomination = 1s (default)
2022-11-08 06:32:03,853 [6307e296-217c-47f6-b7e1-30640c7ce136@group-EA30693AB63E-LeaderElection10] INFO  server.RaftServerConfigKeys (ConfUtils.java:logGet(46)) - raft.server.watch.element-limit = 65536 (default)
2022-11-08 06:32:03,853 [6307e296-217c-47f6-b7e1-30640c7ce136@group-EA30693AB63E-LeaderElection10] INFO  server.RaftServerConfigKeys (ConfUtils.java:logGet(46)) - raft.server.write.element-limit = 1024 (custom)
2022-11-08 06:32:03,853 [6307e296-217c-47f6-b7e1-30640c7ce136@group-EA30693AB63E-LeaderElection10] INFO  server.RaftServerConfigKeys (ConfUtils.java:logGet(46)) - raft.server.write.follower.gap.ratio.max = -1.0 (default)
2022-11-08 06:32:03,853 [6307e296-217c-47f6-b7e1-30640c7ce136@group-EA30693AB63E-LeaderElection10] INFO  impl.RoleInfo (RoleInfo.java:updateAndGet(139)) - 6307e296-217c-47f6-b7e1-30640c7ce136: start 6307e296-217c-47f6-b7e1-30640c7ce136@group-EA30693AB63E-LeaderStateImpl
2022-11-08 06:32:03,853 [6307e296-217c-47f6-b7e1-30640c7ce136@group-EA30693AB63E-LeaderElection10] INFO  segmented.SegmentedRaftLogWorker (SegmentedRaftLogWorker.java:startLogSegment(452)) - 6307e296-217c-47f6-b7e1-30640c7ce136@group-EA30693AB63E-SegmentedRaftLogWorker: Starting segment from index:0
2022-11-08 06:32:03,855 [6307e296-217c-47f6-b7e1-30640c7ce136@group-EA30693AB63E-LeaderElection10] INFO  server.RaftServer$Division (ServerState.java:setRaftConf(430)) - 6307e296-217c-47f6-b7e1-30640c7ce136@group-EA30693AB63E: set configuration 0: peers:[6307e296-217c-47f6-b7e1-30640c7ce136|rpc:10.1.0.244:44105|dataStream:|priority:1|startupRole:FOLLOWER]|listeners:[], old=null
2022-11-08 06:32:03,856 [6307e296-217c-47f6-b7e1-30640c7ce136@group-EA30693AB63E-SegmentedRaftLogWorker] INFO  segmented.SegmentedRaftLogWorker (SegmentedRaftLogWorker.java:execute(656)) - 6307e296-217c-47f6-b7e1-30640c7ce136@group-EA30693AB63E-SegmentedRaftLogWorker: created new log segment /home/runner/work/ozone/ozone/hadoop-ozone/integration-test/target/test-dir/MiniOzoneClusterImpl-c53ae64f-4849-40e6-a4d6-552e28141f22/datanode-4/data/ratis/6eceb67b-5210-41f7-952e-ea30693ab63e/current/log_inprogress_0
2022-11-08 06:32:04,126 [Listener at 127.0.0.1/40183] INFO  ozone.MiniOzoneClusterImpl (MiniOzoneClusterImpl.java:lambda$waitForClusterToBeReady$0(216)) - Nodes are ready. Got 6 of 6 DN Heartbeats.
2022-11-08 06:32:04,127 [Listener at 127.0.0.1/40183] INFO  ozone.MiniOzoneClusterImpl (MiniOzoneClusterImpl.java:lambda$waitForClusterToBeReady$0(219)) - Waiting for cluster to exit safe mode
2022-11-08 06:32:04,127 [Listener at 127.0.0.1/40183] INFO  ozone.MiniOzoneClusterImpl (MiniOzoneClusterImpl.java:lambda$waitForClusterToBeReady$0(221)) - SCM became leader
2022-11-08 06:32:04,206 [ea638ff9-1ace-4fa2-9837-fa4aefb4be68@group-4E379A91CD26-FollowerState] INFO  impl.FollowerState (FollowerState.java:run(143)) - ea638ff9-1ace-4fa2-9837-fa4aefb4be68@group-4E379A91CD26-FollowerState: change to CANDIDATE, lastRpcElapsedTime:5059221065ns, electionTimeout:5054ms
2022-11-08 06:32:04,206 [ea638ff9-1ace-4fa2-9837-fa4aefb4be68@group-4E379A91CD26-FollowerState] INFO  impl.RoleInfo (RoleInfo.java:shutdownFollowerState(110)) - ea638ff9-1ace-4fa2-9837-fa4aefb4be68: shutdown ea638ff9-1ace-4fa2-9837-fa4aefb4be68@group-4E379A91CD26-FollowerState
2022-11-08 06:32:04,207 [ea638ff9-1ace-4fa2-9837-fa4aefb4be68@group-4E379A91CD26-FollowerState] INFO  server.RaftServer$Division (RaftServerImpl.java:setRole(321)) - ea638ff9-1ace-4fa2-9837-fa4aefb4be68@group-4E379A91CD26: changes role from  FOLLOWER to CANDIDATE at term 0 for changeToCandidate
2022-11-08 06:32:04,207 [ea638ff9-1ace-4fa2-9837-fa4aefb4be68@group-4E379A91CD26-FollowerState] INFO  server.RaftServerConfigKeys (ConfUtils.java:logGet(46)) - raft.server.leaderelection.pre-vote = false (custom)
2022-11-08 06:32:04,207 [ea638ff9-1ace-4fa2-9837-fa4aefb4be68@group-4E379A91CD26-FollowerState] INFO  impl.RoleInfo (RoleInfo.java:updateAndGet(139)) - ea638ff9-1ace-4fa2-9837-fa4aefb4be68: start ea638ff9-1ace-4fa2-9837-fa4aefb4be68@group-4E379A91CD26-LeaderElection11
2022-11-08 06:32:04,211 [ea638ff9-1ace-4fa2-9837-fa4aefb4be68@group-4E379A91CD26-LeaderElection11] INFO  impl.LeaderElection (LeaderElection.java:askForVotes(312)) - ea638ff9-1ace-4fa2-9837-fa4aefb4be68@group-4E379A91CD26-LeaderElection11 ELECTION round 0: submit vote requests at term 1 for -1: peers:[ea638ff9-1ace-4fa2-9837-fa4aefb4be68|rpc:10.1.0.244:46199|priority:1|startupRole:FOLLOWER]|listeners:[], old=null
2022-11-08 06:32:04,211 [ea638ff9-1ace-4fa2-9837-fa4aefb4be68@group-4E379A91CD26-LeaderElection11] INFO  impl.LeaderElection (LeaderElection.java:askForVotes(314)) - ea638ff9-1ace-4fa2-9837-fa4aefb4be68@group-4E379A91CD26-LeaderElection11 ELECTION round 0: result PASSED (term=1)
2022-11-08 06:32:04,211 [ea638ff9-1ace-4fa2-9837-fa4aefb4be68@group-4E379A91CD26-LeaderElection11] INFO  impl.RoleInfo (RoleInfo.java:shutdownLeaderElection(130)) - ea638ff9-1ace-4fa2-9837-fa4aefb4be68: shutdown ea638ff9-1ace-4fa2-9837-fa4aefb4be68@group-4E379A91CD26-LeaderElection11
2022-11-08 06:32:04,211 [ea638ff9-1ace-4fa2-9837-fa4aefb4be68@group-4E379A91CD26-LeaderElection11] INFO  server.RaftServer$Division (RaftServerImpl.java:setRole(321)) - ea638ff9-1ace-4fa2-9837-fa4aefb4be68@group-4E379A91CD26: changes role from CANDIDATE to LEADER at term 1 for changeToLeader
2022-11-08 06:32:04,211 [ea638ff9-1ace-4fa2-9837-fa4aefb4be68@group-4E379A91CD26-LeaderElection11] INFO  ratis.XceiverServerRatis (XceiverServerRatis.java:handleLeaderChangedNotification(863)) - Leader change notification received for group: group-4E379A91CD26 with new leaderId: ea638ff9-1ace-4fa2-9837-fa4aefb4be68
2022-11-08 06:32:04,212 [ea638ff9-1ace-4fa2-9837-fa4aefb4be68@group-4E379A91CD26-LeaderElection11] INFO  server.RaftServer$Division (ServerState.java:setLeader(313)) - ea638ff9-1ace-4fa2-9837-fa4aefb4be68@group-4E379A91CD26: change Leader from null to ea638ff9-1ace-4fa2-9837-fa4aefb4be68 at term 1 for becomeLeader, leader elected after 5080ms
2022-11-08 06:32:04,212 [ea638ff9-1ace-4fa2-9837-fa4aefb4be68@group-4E379A91CD26-LeaderElection11] INFO  server.RaftServerConfigKeys (ConfUtils.java:logGet(46)) - raft.server.staging.catchup.gap = 1000 (default)
2022-11-08 06:32:04,214 [EventQueue-OpenPipelineForHealthyPipelineSafeModeRule] INFO  safemode.SCMSafeModeManager (HealthyPipelineSafeModeRule.java:process(137)) - SCM in safe mode. Healthy pipelines reported count is 0, required healthy pipeline reported count is 1
2022-11-08 06:32:04,217 [ea638ff9-1ace-4fa2-9837-fa4aefb4be68@group-4E379A91CD26-LeaderElection11] INFO  server.RaftServerConfigKeys (ConfUtils.java:logGet(46)) - raft.server.write.element-limit = 1024 (custom)
2022-11-08 06:32:04,218 [ea638ff9-1ace-4fa2-9837-fa4aefb4be68@group-4E379A91CD26-LeaderElection11] INFO  server.RaftServerConfigKeys (ConfUtils.java:logGet(46)) - raft.server.write.byte-limit = 1024 M (=1073741824) (custom)
2022-11-08 06:32:04,218 [ea638ff9-1ace-4fa2-9837-fa4aefb4be68@group-4E379A91CD26-LeaderElection11] INFO  server.RaftServerConfigKeys (ConfUtils.java:logGet(46)) - raft.server.watch.timeout = 180s (custom)
2022-11-08 06:32:04,218 [ea638ff9-1ace-4fa2-9837-fa4aefb4be68@group-4E379A91CD26-LeaderElection11] INFO  server.RaftServerConfigKeys (ConfUtils.java:logGet(46)) - raft.server.watch.timeout.denomination = 1s (default)
2022-11-08 06:32:04,218 [ea638ff9-1ace-4fa2-9837-fa4aefb4be68@group-4E379A91CD26-LeaderElection11] INFO  server.RaftServerConfigKeys (ConfUtils.java:logGet(46)) - raft.server.watch.element-limit = 65536 (default)
2022-11-08 06:32:04,219 [ea638ff9-1ace-4fa2-9837-fa4aefb4be68@group-4E379A91CD26-LeaderElection11] INFO  server.RaftServerConfigKeys (ConfUtils.java:logGet(46)) - raft.server.write.element-limit = 1024 (custom)
2022-11-08 06:32:04,219 [ea638ff9-1ace-4fa2-9837-fa4aefb4be68@group-4E379A91CD26-LeaderElection11] INFO  server.RaftServerConfigKeys (ConfUtils.java:logGet(46)) - raft.server.write.follower.gap.ratio.max = -1.0 (default)
2022-11-08 06:32:04,219 [ea638ff9-1ace-4fa2-9837-fa4aefb4be68@group-4E379A91CD26-LeaderElection11] INFO  impl.RoleInfo (RoleInfo.java:updateAndGet(139)) - ea638ff9-1ace-4fa2-9837-fa4aefb4be68: start ea638ff9-1ace-4fa2-9837-fa4aefb4be68@group-4E379A91CD26-LeaderStateImpl
2022-11-08 06:32:04,219 [ea638ff9-1ace-4fa2-9837-fa4aefb4be68@group-4E379A91CD26-LeaderElection11] INFO  segmented.SegmentedRaftLogWorker (SegmentedRaftLogWorker.java:startLogSegment(452)) - ea638ff9-1ace-4fa2-9837-fa4aefb4be68@group-4E379A91CD26-SegmentedRaftLogWorker: Starting segment from index:0
2022-11-08 06:32:04,221 [ea638ff9-1ace-4fa2-9837-fa4aefb4be68@group-4E379A91CD26-SegmentedRaftLogWorker] INFO  segmented.SegmentedRaftLogWorker (SegmentedRaftLogWorker.java:execute(656)) - ea638ff9-1ace-4fa2-9837-fa4aefb4be68@group-4E379A91CD26-SegmentedRaftLogWorker: created new log segment /home/runner/work/ozone/ozone/hadoop-ozone/integration-test/target/test-dir/MiniOzoneClusterImpl-c53ae64f-4849-40e6-a4d6-552e28141f22/datanode-5/data/ratis/a637e4b5-bb2e-4b72-9208-4e379a91cd26/current/log_inprogress_0
2022-11-08 06:32:04,221 [ea638ff9-1ace-4fa2-9837-fa4aefb4be68@group-4E379A91CD26-LeaderElection11] INFO  server.RaftServer$Division (ServerState.java:setRaftConf(430)) - ea638ff9-1ace-4fa2-9837-fa4aefb4be68@group-4E379A91CD26: set configuration 0: peers:[ea638ff9-1ace-4fa2-9837-fa4aefb4be68|rpc:10.1.0.244:46199|dataStream:|priority:1|startupRole:FOLLOWER]|listeners:[], old=null
2022-11-08 06:32:05,127 [Listener at 127.0.0.1/40183] INFO  ozone.MiniOzoneClusterImpl (MiniOzoneClusterImpl.java:lambda$waitForClusterToBeReady$0(216)) - Nodes are ready. Got 6 of 6 DN Heartbeats.
2022-11-08 06:32:05,127 [Listener at 127.0.0.1/40183] INFO  ozone.MiniOzoneClusterImpl (MiniOzoneClusterImpl.java:lambda$waitForClusterToBeReady$0(219)) - Waiting for cluster to exit safe mode
2022-11-08 06:32:05,127 [Listener at 127.0.0.1/40183] INFO  ozone.MiniOzoneClusterImpl (MiniOzoneClusterImpl.java:lambda$waitForClusterToBeReady$0(221)) - SCM became leader
2022-11-08 06:32:06,128 [Listener at 127.0.0.1/40183] INFO  ozone.MiniOzoneClusterImpl (MiniOzoneClusterImpl.java:lambda$waitForClusterToBeReady$0(216)) - Nodes are ready. Got 6 of 6 DN Heartbeats.
2022-11-08 06:32:06,128 [Listener at 127.0.0.1/40183] INFO  ozone.MiniOzoneClusterImpl (MiniOzoneClusterImpl.java:lambda$waitForClusterToBeReady$0(219)) - Waiting for cluster to exit safe mode
2022-11-08 06:32:06,128 [Listener at 127.0.0.1/40183] INFO  ozone.MiniOzoneClusterImpl (MiniOzoneClusterImpl.java:lambda$waitForClusterToBeReady$0(221)) - SCM became leader
2022-11-08 06:32:07,128 [Listener at 127.0.0.1/40183] INFO  ozone.MiniOzoneClusterImpl (MiniOzoneClusterImpl.java:lambda$waitForClusterToBeReady$0(216)) - Nodes are ready. Got 6 of 6 DN Heartbeats.
2022-11-08 06:32:07,129 [Listener at 127.0.0.1/40183] INFO  ozone.MiniOzoneClusterImpl (MiniOzoneClusterImpl.java:lambda$waitForClusterToBeReady$0(219)) - Waiting for cluster to exit safe mode
2022-11-08 06:32:07,129 [Listener at 127.0.0.1/40183] INFO  ozone.MiniOzoneClusterImpl (MiniOzoneClusterImpl.java:lambda$waitForClusterToBeReady$0(221)) - SCM became leader
2022-11-08 06:32:07,461 [31d5b2a7-dd00-41c8-9482-fa5c506864d0@group-73C734729954-FollowerState] INFO  impl.FollowerState (FollowerState.java:run(143)) - 31d5b2a7-dd00-41c8-9482-fa5c506864d0@group-73C734729954-FollowerState: change to CANDIDATE, lastRpcElapsedTime:5086612395ns, electionTimeout:5086ms
2022-11-08 06:32:07,461 [31d5b2a7-dd00-41c8-9482-fa5c506864d0@group-73C734729954-FollowerState] INFO  impl.RoleInfo (RoleInfo.java:shutdownFollowerState(110)) - 31d5b2a7-dd00-41c8-9482-fa5c506864d0: shutdown 31d5b2a7-dd00-41c8-9482-fa5c506864d0@group-73C734729954-FollowerState
2022-11-08 06:32:07,461 [31d5b2a7-dd00-41c8-9482-fa5c506864d0@group-73C734729954-FollowerState] INFO  server.RaftServer$Division (RaftServerImpl.java:setRole(321)) - 31d5b2a7-dd00-41c8-9482-fa5c506864d0@group-73C734729954: changes role from  FOLLOWER to CANDIDATE at term 1 for changeToCandidate
2022-11-08 06:32:07,461 [31d5b2a7-dd00-41c8-9482-fa5c506864d0@group-73C734729954-FollowerState] INFO  server.RaftServerConfigKeys (ConfUtils.java:logGet(46)) - raft.server.leaderelection.pre-vote = false (custom)
2022-11-08 06:32:07,461 [31d5b2a7-dd00-41c8-9482-fa5c506864d0@group-73C734729954-FollowerState] INFO  impl.RoleInfo (RoleInfo.java:updateAndGet(139)) - 31d5b2a7-dd00-41c8-9482-fa5c506864d0: start 31d5b2a7-dd00-41c8-9482-fa5c506864d0@group-73C734729954-LeaderElection12
2022-11-08 06:32:07,466 [31d5b2a7-dd00-41c8-9482-fa5c506864d0@group-73C734729954-LeaderElection12] INFO  impl.LeaderElection (LeaderElection.java:askForVotes(312)) - 31d5b2a7-dd00-41c8-9482-fa5c506864d0@group-73C734729954-LeaderElection12 ELECTION round 0: submit vote requests at term 2 for -1: peers:[31d5b2a7-dd00-41c8-9482-fa5c506864d0|rpc:10.1.0.244:38699|dataStream:|priority:0|startupRole:FOLLOWER, 976467f4-c66a-4ccc-8167-891a23ca4537|rpc:10.1.0.244:37157|dataStream:|priority:1|startupRole:FOLLOWER, ec4ff2c3-aedb-4237-8f96-8aa5e66a28ee|rpc:10.1.0.244:40923|dataStream:|priority:0|startupRole:FOLLOWER]|listeners:[], old=null
2022-11-08 06:32:07,467 [31d5b2a7-dd00-41c8-9482-fa5c506864d0@group-73C734729954-LeaderElection12-1] INFO  server.GrpcServerProtocolClient (GrpcServerProtocolClient.java:<init>(63)) - Build channel for 976467f4-c66a-4ccc-8167-891a23ca4537
2022-11-08 06:32:07,469 [31d5b2a7-dd00-41c8-9482-fa5c506864d0@group-73C734729954-LeaderElection12] INFO  server.RaftServerConfigKeys (ConfUtils.java:logFallback(53)) - raft.server.rpc.first-election.timeout.min = 5s (fallback to raft.server.rpc.timeout.min)
2022-11-08 06:32:07,469 [31d5b2a7-dd00-41c8-9482-fa5c506864d0@group-73C734729954-LeaderElection12] INFO  server.RaftServerConfigKeys (ConfUtils.java:logFallback(53)) - raft.server.rpc.first-election.timeout.max = 5200ms (fallback to raft.server.rpc.timeout.max)
2022-11-08 06:32:07,470 [31d5b2a7-dd00-41c8-9482-fa5c506864d0@group-73C734729954-LeaderElection12-2] INFO  server.GrpcServerProtocolClient (GrpcServerProtocolClient.java:<init>(63)) - Build channel for ec4ff2c3-aedb-4237-8f96-8aa5e66a28ee
2022-11-08 06:32:07,478 [grpc-default-executor-1] INFO  server.RaftServer$Division (RaftServerImpl.java:requestVote(1218)) - 976467f4-c66a-4ccc-8167-891a23ca4537@group-73C734729954: receive requestVote(ELECTION, 31d5b2a7-dd00-41c8-9482-fa5c506864d0, group-73C734729954, 2, (t:0, i:0))
2022-11-08 06:32:07,478 [grpc-default-executor-1] INFO  impl.VoteContext (VoteContext.java:log(48)) - 976467f4-c66a-4ccc-8167-891a23ca4537@group-73C734729954-FOLLOWER: reject ELECTION from 31d5b2a7-dd00-41c8-9482-fa5c506864d0: our priority 1 > candidate's priority 0
2022-11-08 06:32:07,479 [grpc-default-executor-1] INFO  server.RaftServer$Division (RaftServerImpl.java:setRole(321)) - 976467f4-c66a-4ccc-8167-891a23ca4537@group-73C734729954: changes role from  FOLLOWER to FOLLOWER at term 2 for candidate:31d5b2a7-dd00-41c8-9482-fa5c506864d0
2022-11-08 06:32:07,479 [grpc-default-executor-1] INFO  impl.RoleInfo (RoleInfo.java:shutdownFollowerState(110)) - 976467f4-c66a-4ccc-8167-891a23ca4537: shutdown 976467f4-c66a-4ccc-8167-891a23ca4537@group-73C734729954-FollowerState
2022-11-08 06:32:07,479 [grpc-default-executor-1] INFO  impl.RoleInfo (RoleInfo.java:updateAndGet(139)) - 976467f4-c66a-4ccc-8167-891a23ca4537: start 976467f4-c66a-4ccc-8167-891a23ca4537@group-73C734729954-FollowerState
2022-11-08 06:32:07,479 [976467f4-c66a-4ccc-8167-891a23ca4537@group-73C734729954-FollowerState] INFO  impl.FollowerState (FollowerState.java:run(152)) - 976467f4-c66a-4ccc-8167-891a23ca4537@group-73C734729954-FollowerState was interrupted
2022-11-08 06:32:07,482 [976467f4-c66a-4ccc-8167-891a23ca4537@group-73C734729954-FollowerState] INFO  server.RaftServerConfigKeys (ConfUtils.java:logFallback(53)) - raft.server.rpc.first-election.timeout.min = 5s (fallback to raft.server.rpc.timeout.min)
2022-11-08 06:32:07,482 [976467f4-c66a-4ccc-8167-891a23ca4537@group-73C734729954-FollowerState] INFO  server.RaftServerConfigKeys (ConfUtils.java:logFallback(53)) - raft.server.rpc.first-election.timeout.max = 5200ms (fallback to raft.server.rpc.timeout.max)
2022-11-08 06:32:07,483 [grpc-default-executor-1] INFO  server.RaftServer$Division (RaftServerImpl.java:requestVote(1251)) - 976467f4-c66a-4ccc-8167-891a23ca4537@group-73C734729954 replies to ELECTION vote request: 31d5b2a7-dd00-41c8-9482-fa5c506864d0<-976467f4-c66a-4ccc-8167-891a23ca4537#0:FAIL-t2. Peer's state: 976467f4-c66a-4ccc-8167-891a23ca4537@group-73C734729954:t2, leader=null, voted=null, raftlog=Memoized:976467f4-c66a-4ccc-8167-891a23ca4537@group-73C734729954-SegmentedRaftLog:OPENED:c-1, conf=-1: peers:[31d5b2a7-dd00-41c8-9482-fa5c506864d0|rpc:10.1.0.244:38699|priority:0|startupRole:FOLLOWER, 976467f4-c66a-4ccc-8167-891a23ca4537|rpc:10.1.0.244:37157|priority:1|startupRole:FOLLOWER, ec4ff2c3-aedb-4237-8f96-8aa5e66a28ee|rpc:10.1.0.244:40923|priority:0|startupRole:FOLLOWER]|listeners:[], old=null
2022-11-08 06:32:07,487 [grpc-default-executor-1] INFO  server.RaftServer$Division (RaftServerImpl.java:requestVote(1218)) - ec4ff2c3-aedb-4237-8f96-8aa5e66a28ee@group-73C734729954: receive requestVote(ELECTION, 31d5b2a7-dd00-41c8-9482-fa5c506864d0, group-73C734729954, 2, (t:0, i:0))
2022-11-08 06:32:07,487 [grpc-default-executor-1] INFO  impl.VoteContext (VoteContext.java:log(48)) - ec4ff2c3-aedb-4237-8f96-8aa5e66a28ee@group-73C734729954-FOLLOWER: accept ELECTION from 31d5b2a7-dd00-41c8-9482-fa5c506864d0: our priority 0 <= candidate's priority 0
2022-11-08 06:32:07,487 [grpc-default-executor-1] INFO  server.RaftServer$Division (RaftServerImpl.java:setRole(321)) - ec4ff2c3-aedb-4237-8f96-8aa5e66a28ee@group-73C734729954: changes role from  FOLLOWER to FOLLOWER at term 2 for candidate:31d5b2a7-dd00-41c8-9482-fa5c506864d0
2022-11-08 06:32:07,487 [grpc-default-executor-1] INFO  impl.RoleInfo (RoleInfo.java:shutdownFollowerState(110)) - ec4ff2c3-aedb-4237-8f96-8aa5e66a28ee: shutdown ec4ff2c3-aedb-4237-8f96-8aa5e66a28ee@group-73C734729954-FollowerState
2022-11-08 06:32:07,488 [grpc-default-executor-1] INFO  impl.RoleInfo (RoleInfo.java:updateAndGet(139)) - ec4ff2c3-aedb-4237-8f96-8aa5e66a28ee: start ec4ff2c3-aedb-4237-8f96-8aa5e66a28ee@group-73C734729954-FollowerState
2022-11-08 06:32:07,488 [ec4ff2c3-aedb-4237-8f96-8aa5e66a28ee@group-73C734729954-FollowerState] INFO  impl.FollowerState (FollowerState.java:run(152)) - ec4ff2c3-aedb-4237-8f96-8aa5e66a28ee@group-73C734729954-FollowerState was interrupted
2022-11-08 06:32:07,500 [grpc-default-executor-1] INFO  server.RaftServer$Division (RaftServerImpl.java:requestVote(1251)) - ec4ff2c3-aedb-4237-8f96-8aa5e66a28ee@group-73C734729954 replies to ELECTION vote request: 31d5b2a7-dd00-41c8-9482-fa5c506864d0<-ec4ff2c3-aedb-4237-8f96-8aa5e66a28ee#0:OK-t2. Peer's state: ec4ff2c3-aedb-4237-8f96-8aa5e66a28ee@group-73C734729954:t2, leader=null, voted=31d5b2a7-dd00-41c8-9482-fa5c506864d0, raftlog=Memoized:ec4ff2c3-aedb-4237-8f96-8aa5e66a28ee@group-73C734729954-SegmentedRaftLog:OPENED:c-1, conf=-1: peers:[31d5b2a7-dd00-41c8-9482-fa5c506864d0|rpc:10.1.0.244:38699|priority:0|startupRole:FOLLOWER, 976467f4-c66a-4ccc-8167-891a23ca4537|rpc:10.1.0.244:37157|priority:1|startupRole:FOLLOWER, ec4ff2c3-aedb-4237-8f96-8aa5e66a28ee|rpc:10.1.0.244:40923|priority:0|startupRole:FOLLOWER]|listeners:[], old=null
2022-11-08 06:32:07,500 [31d5b2a7-dd00-41c8-9482-fa5c506864d0@group-73C734729954-LeaderElection12] INFO  impl.LeaderElection (LeaderElection.java:logAndReturn(90)) - 31d5b2a7-dd00-41c8-9482-fa5c506864d0@group-73C734729954-LeaderElection12: ELECTION REJECTED received 1 response(s) and 0 exception(s):
2022-11-08 06:32:07,500 [ec4ff2c3-aedb-4237-8f96-8aa5e66a28ee@group-73C734729954-FollowerState] INFO  server.RaftServerConfigKeys (ConfUtils.java:logFallback(53)) - raft.server.rpc.first-election.timeout.min = 5s (fallback to raft.server.rpc.timeout.min)
2022-11-08 06:32:07,500 [31d5b2a7-dd00-41c8-9482-fa5c506864d0@group-73C734729954-LeaderElection12] INFO  impl.LeaderElection (LeaderElection.java:logAndReturn(94)) -   Response 0: 31d5b2a7-dd00-41c8-9482-fa5c506864d0<-976467f4-c66a-4ccc-8167-891a23ca4537#0:FAIL-t2
2022-11-08 06:32:07,500 [ec4ff2c3-aedb-4237-8f96-8aa5e66a28ee@group-73C734729954-FollowerState] INFO  server.RaftServerConfigKeys (ConfUtils.java:logFallback(53)) - raft.server.rpc.first-election.timeout.max = 5200ms (fallback to raft.server.rpc.timeout.max)
2022-11-08 06:32:07,500 [31d5b2a7-dd00-41c8-9482-fa5c506864d0@group-73C734729954-LeaderElection12] INFO  impl.LeaderElection (LeaderElection.java:askForVotes(314)) - 31d5b2a7-dd00-41c8-9482-fa5c506864d0@group-73C734729954-LeaderElection12 ELECTION round 0: result REJECTED
2022-11-08 06:32:07,503 [31d5b2a7-dd00-41c8-9482-fa5c506864d0@group-73C734729954-LeaderElection12] INFO  server.RaftServer$Division (RaftServerImpl.java:setRole(321)) - 31d5b2a7-dd00-41c8-9482-fa5c506864d0@group-73C734729954: changes role from CANDIDATE to FOLLOWER at term 2 for REJECTED
2022-11-08 06:32:07,503 [31d5b2a7-dd00-41c8-9482-fa5c506864d0@group-73C734729954-LeaderElection12] INFO  impl.RoleInfo (RoleInfo.java:shutdownLeaderElection(130)) - 31d5b2a7-dd00-41c8-9482-fa5c506864d0: shutdown 31d5b2a7-dd00-41c8-9482-fa5c506864d0@group-73C734729954-LeaderElection12
2022-11-08 06:32:07,503 [31d5b2a7-dd00-41c8-9482-fa5c506864d0@group-73C734729954-LeaderElection12] INFO  impl.RoleInfo (RoleInfo.java:updateAndGet(139)) - 31d5b2a7-dd00-41c8-9482-fa5c506864d0: start 31d5b2a7-dd00-41c8-9482-fa5c506864d0@group-73C734729954-FollowerState
2022-11-08 06:32:07,503 [31d5b2a7-dd00-41c8-9482-fa5c506864d0@group-73C734729954-FollowerState] INFO  server.RaftServerConfigKeys (ConfUtils.java:logFallback(53)) - raft.server.rpc.first-election.timeout.min = 5s (fallback to raft.server.rpc.timeout.min)
2022-11-08 06:32:07,503 [31d5b2a7-dd00-41c8-9482-fa5c506864d0@group-73C734729954-FollowerState] INFO  server.RaftServerConfigKeys (ConfUtils.java:logFallback(53)) - raft.server.rpc.first-election.timeout.max = 5200ms (fallback to raft.server.rpc.timeout.max)
2022-11-08 06:32:08,129 [Listener at 127.0.0.1/40183] INFO  ozone.MiniOzoneClusterImpl (MiniOzoneClusterImpl.java:lambda$waitForClusterToBeReady$0(216)) - Nodes are ready. Got 6 of 6 DN Heartbeats.
2022-11-08 06:32:08,130 [Listener at 127.0.0.1/40183] INFO  ozone.MiniOzoneClusterImpl (MiniOzoneClusterImpl.java:lambda$waitForClusterToBeReady$0(219)) - Waiting for cluster to exit safe mode
2022-11-08 06:32:08,130 [Listener at 127.0.0.1/40183] INFO  ozone.MiniOzoneClusterImpl (MiniOzoneClusterImpl.java:lambda$waitForClusterToBeReady$0(221)) - SCM became leader
2022-11-08 06:32:08,278 [ec4ff2c3-aedb-4237-8f96-8aa5e66a28ee@group-F6E9697080AB-FollowerState] INFO  impl.FollowerState (FollowerState.java:run(143)) - ec4ff2c3-aedb-4237-8f96-8aa5e66a28ee@group-F6E9697080AB-FollowerState: change to CANDIDATE, lastRpcElapsedTime:5131473914ns, electionTimeout:5125ms
2022-11-08 06:32:08,278 [ec4ff2c3-aedb-4237-8f96-8aa5e66a28ee@group-F6E9697080AB-FollowerState] INFO  impl.RoleInfo (RoleInfo.java:shutdownFollowerState(110)) - ec4ff2c3-aedb-4237-8f96-8aa5e66a28ee: shutdown ec4ff2c3-aedb-4237-8f96-8aa5e66a28ee@group-F6E9697080AB-FollowerState
2022-11-08 06:32:08,278 [ec4ff2c3-aedb-4237-8f96-8aa5e66a28ee@group-F6E9697080AB-FollowerState] INFO  server.RaftServer$Division (RaftServerImpl.java:setRole(321)) - ec4ff2c3-aedb-4237-8f96-8aa5e66a28ee@group-F6E9697080AB: changes role from  FOLLOWER to CANDIDATE at term 1 for changeToCandidate
2022-11-08 06:32:08,278 [ec4ff2c3-aedb-4237-8f96-8aa5e66a28ee@group-F6E9697080AB-FollowerState] INFO  server.RaftServerConfigKeys (ConfUtils.java:logGet(46)) - raft.server.leaderelection.pre-vote = false (custom)
2022-11-08 06:32:08,278 [ec4ff2c3-aedb-4237-8f96-8aa5e66a28ee@group-F6E9697080AB-FollowerState] INFO  impl.RoleInfo (RoleInfo.java:updateAndGet(139)) - ec4ff2c3-aedb-4237-8f96-8aa5e66a28ee: start ec4ff2c3-aedb-4237-8f96-8aa5e66a28ee@group-F6E9697080AB-LeaderElection13
2022-11-08 06:32:08,280 [ec4ff2c3-aedb-4237-8f96-8aa5e66a28ee@group-F6E9697080AB-LeaderElection13] INFO  impl.LeaderElection (LeaderElection.java:askForVotes(312)) - ec4ff2c3-aedb-4237-8f96-8aa5e66a28ee@group-F6E9697080AB-LeaderElection13 ELECTION round 0: submit vote requests at term 2 for -1: peers:[31d5b2a7-dd00-41c8-9482-fa5c506864d0|rpc:10.1.0.244:38699|priority:0|startupRole:FOLLOWER, 976467f4-c66a-4ccc-8167-891a23ca4537|rpc:10.1.0.244:37157|priority:0|startupRole:FOLLOWER, ec4ff2c3-aedb-4237-8f96-8aa5e66a28ee|rpc:10.1.0.244:40923|priority:1|startupRole:FOLLOWER]|listeners:[], old=null
2022-11-08 06:32:08,281 [ec4ff2c3-aedb-4237-8f96-8aa5e66a28ee@group-F6E9697080AB-LeaderElection13] INFO  server.RaftServerConfigKeys (ConfUtils.java:logFallback(53)) - raft.server.rpc.first-election.timeout.min = 5s (fallback to raft.server.rpc.timeout.min)
2022-11-08 06:32:08,281 [ec4ff2c3-aedb-4237-8f96-8aa5e66a28ee@group-F6E9697080AB-LeaderElection13] INFO  server.RaftServerConfigKeys (ConfUtils.java:logFallback(53)) - raft.server.rpc.first-election.timeout.max = 5200ms (fallback to raft.server.rpc.timeout.max)
2022-11-08 06:32:08,285 [grpc-default-executor-0] INFO  server.RaftServer$Division (RaftServerImpl.java:requestVote(1218)) - 31d5b2a7-dd00-41c8-9482-fa5c506864d0@group-F6E9697080AB: receive requestVote(ELECTION, ec4ff2c3-aedb-4237-8f96-8aa5e66a28ee, group-F6E9697080AB, 2, (t:0, i:0))
2022-11-08 06:32:08,285 [grpc-default-executor-0] INFO  impl.VoteContext (VoteContext.java:log(48)) - 31d5b2a7-dd00-41c8-9482-fa5c506864d0@group-F6E9697080AB-FOLLOWER: accept ELECTION from ec4ff2c3-aedb-4237-8f96-8aa5e66a28ee: our priority 0 <= candidate's priority 1
2022-11-08 06:32:08,285 [grpc-default-executor-0] INFO  server.RaftServer$Division (RaftServerImpl.java:setRole(321)) - 31d5b2a7-dd00-41c8-9482-fa5c506864d0@group-F6E9697080AB: changes role from  FOLLOWER to FOLLOWER at term 2 for candidate:ec4ff2c3-aedb-4237-8f96-8aa5e66a28ee
2022-11-08 06:32:08,286 [grpc-default-executor-0] INFO  impl.RoleInfo (RoleInfo.java:shutdownFollowerState(110)) - 31d5b2a7-dd00-41c8-9482-fa5c506864d0: shutdown 31d5b2a7-dd00-41c8-9482-fa5c506864d0@group-F6E9697080AB-FollowerState
2022-11-08 06:32:08,286 [grpc-default-executor-0] INFO  impl.RoleInfo (RoleInfo.java:updateAndGet(139)) - 31d5b2a7-dd00-41c8-9482-fa5c506864d0: start 31d5b2a7-dd00-41c8-9482-fa5c506864d0@group-F6E9697080AB-FollowerState
2022-11-08 06:32:08,286 [grpc-default-executor-1] INFO  server.RaftServer$Division (RaftServerImpl.java:requestVote(1218)) - 976467f4-c66a-4ccc-8167-891a23ca4537@group-F6E9697080AB: receive requestVote(ELECTION, ec4ff2c3-aedb-4237-8f96-8aa5e66a28ee, group-F6E9697080AB, 2, (t:0, i:0))
2022-11-08 06:32:08,286 [grpc-default-executor-1] INFO  impl.VoteContext (VoteContext.java:log(48)) - 976467f4-c66a-4ccc-8167-891a23ca4537@group-F6E9697080AB-FOLLOWER: accept ELECTION from ec4ff2c3-aedb-4237-8f96-8aa5e66a28ee: our priority 0 <= candidate's priority 1
2022-11-08 06:32:08,286 [grpc-default-executor-1] INFO  server.RaftServer$Division (RaftServerImpl.java:setRole(321)) - 976467f4-c66a-4ccc-8167-891a23ca4537@group-F6E9697080AB: changes role from  FOLLOWER to FOLLOWER at term 2 for candidate:ec4ff2c3-aedb-4237-8f96-8aa5e66a28ee
2022-11-08 06:32:08,286 [grpc-default-executor-1] INFO  impl.RoleInfo (RoleInfo.java:shutdownFollowerState(110)) - 976467f4-c66a-4ccc-8167-891a23ca4537: shutdown 976467f4-c66a-4ccc-8167-891a23ca4537@group-F6E9697080AB-FollowerState
2022-11-08 06:32:08,287 [grpc-default-executor-1] INFO  impl.RoleInfo (RoleInfo.java:updateAndGet(139)) - 976467f4-c66a-4ccc-8167-891a23ca4537: start 976467f4-c66a-4ccc-8167-891a23ca4537@group-F6E9697080AB-FollowerState
2022-11-08 06:32:08,287 [976467f4-c66a-4ccc-8167-891a23ca4537@group-F6E9697080AB-FollowerState] INFO  impl.FollowerState (FollowerState.java:run(152)) - 976467f4-c66a-4ccc-8167-891a23ca4537@group-F6E9697080AB-FollowerState was interrupted
2022-11-08 06:32:08,287 [31d5b2a7-dd00-41c8-9482-fa5c506864d0@group-F6E9697080AB-FollowerState] INFO  impl.FollowerState (FollowerState.java:run(152)) - 31d5b2a7-dd00-41c8-9482-fa5c506864d0@group-F6E9697080AB-FollowerState was interrupted
2022-11-08 06:32:08,287 [31d5b2a7-dd00-41c8-9482-fa5c506864d0@group-F6E9697080AB-FollowerState] INFO  server.RaftServerConfigKeys (ConfUtils.java:logFallback(53)) - raft.server.rpc.first-election.timeout.min = 5s (fallback to raft.server.rpc.timeout.min)
2022-11-08 06:32:08,287 [31d5b2a7-dd00-41c8-9482-fa5c506864d0@group-F6E9697080AB-FollowerState] INFO  server.RaftServerConfigKeys (ConfUtils.java:logFallback(53)) - raft.server.rpc.first-election.timeout.max = 5200ms (fallback to raft.server.rpc.timeout.max)
2022-11-08 06:32:08,288 [grpc-default-executor-0] INFO  server.RaftServer$Division (RaftServerImpl.java:requestVote(1251)) - 31d5b2a7-dd00-41c8-9482-fa5c506864d0@group-F6E9697080AB replies to ELECTION vote request: ec4ff2c3-aedb-4237-8f96-8aa5e66a28ee<-31d5b2a7-dd00-41c8-9482-fa5c506864d0#0:OK-t2. Peer's state: 31d5b2a7-dd00-41c8-9482-fa5c506864d0@group-F6E9697080AB:t2, leader=null, voted=ec4ff2c3-aedb-4237-8f96-8aa5e66a28ee, raftlog=Memoized:31d5b2a7-dd00-41c8-9482-fa5c506864d0@group-F6E9697080AB-SegmentedRaftLog:OPENED:c-1, conf=-1: peers:[31d5b2a7-dd00-41c8-9482-fa5c506864d0|rpc:10.1.0.244:38699|priority:0|startupRole:FOLLOWER, 976467f4-c66a-4ccc-8167-891a23ca4537|rpc:10.1.0.244:37157|priority:0|startupRole:FOLLOWER, ec4ff2c3-aedb-4237-8f96-8aa5e66a28ee|rpc:10.1.0.244:40923|priority:1|startupRole:FOLLOWER]|listeners:[], old=null
2022-11-08 06:32:08,289 [976467f4-c66a-4ccc-8167-891a23ca4537@group-F6E9697080AB-FollowerState] INFO  server.RaftServerConfigKeys (ConfUtils.java:logFallback(53)) - raft.server.rpc.first-election.timeout.min = 5s (fallback to raft.server.rpc.timeout.min)
2022-11-08 06:32:08,289 [976467f4-c66a-4ccc-8167-891a23ca4537@group-F6E9697080AB-FollowerState] INFO  server.RaftServerConfigKeys (ConfUtils.java:logFallback(53)) - raft.server.rpc.first-election.timeout.max = 5200ms (fallback to raft.server.rpc.timeout.max)
2022-11-08 06:32:08,290 [ec4ff2c3-aedb-4237-8f96-8aa5e66a28ee@group-F6E9697080AB-LeaderElection13] INFO  impl.LeaderElection (LeaderElection.java:logAndReturn(90)) - ec4ff2c3-aedb-4237-8f96-8aa5e66a28ee@group-F6E9697080AB-LeaderElection13: ELECTION PASSED received 1 response(s) and 0 exception(s):
2022-11-08 06:32:08,290 [ec4ff2c3-aedb-4237-8f96-8aa5e66a28ee@group-F6E9697080AB-LeaderElection13] INFO  impl.LeaderElection (LeaderElection.java:logAndReturn(94)) -   Response 0: ec4ff2c3-aedb-4237-8f96-8aa5e66a28ee<-31d5b2a7-dd00-41c8-9482-fa5c506864d0#0:OK-t2
2022-11-08 06:32:08,290 [ec4ff2c3-aedb-4237-8f96-8aa5e66a28ee@group-F6E9697080AB-LeaderElection13] INFO  impl.LeaderElection (LeaderElection.java:askForVotes(314)) - ec4ff2c3-aedb-4237-8f96-8aa5e66a28ee@group-F6E9697080AB-LeaderElection13 ELECTION round 0: result PASSED
2022-11-08 06:32:08,290 [ec4ff2c3-aedb-4237-8f96-8aa5e66a28ee@group-F6E9697080AB-LeaderElection13] INFO  impl.RoleInfo (RoleInfo.java:shutdownLeaderElection(130)) - ec4ff2c3-aedb-4237-8f96-8aa5e66a28ee: shutdown ec4ff2c3-aedb-4237-8f96-8aa5e66a28ee@group-F6E9697080AB-LeaderElection13
2022-11-08 06:32:08,291 [ec4ff2c3-aedb-4237-8f96-8aa5e66a28ee@group-F6E9697080AB-LeaderElection13] INFO  server.RaftServer$Division (RaftServerImpl.java:setRole(321)) - ec4ff2c3-aedb-4237-8f96-8aa5e66a28ee@group-F6E9697080AB: changes role from CANDIDATE to LEADER at term 2 for changeToLeader
2022-11-08 06:32:08,291 [ec4ff2c3-aedb-4237-8f96-8aa5e66a28ee@group-F6E9697080AB-LeaderElection13] INFO  ratis.XceiverServerRatis (XceiverServerRatis.java:handleLeaderChangedNotification(863)) - Leader change notification received for group: group-F6E9697080AB with new leaderId: ec4ff2c3-aedb-4237-8f96-8aa5e66a28ee
2022-11-08 06:32:08,291 [grpc-default-executor-1] INFO  server.RaftServer$Division (RaftServerImpl.java:requestVote(1251)) - 976467f4-c66a-4ccc-8167-891a23ca4537@group-F6E9697080AB replies to ELECTION vote request: ec4ff2c3-aedb-4237-8f96-8aa5e66a28ee<-976467f4-c66a-4ccc-8167-891a23ca4537#0:OK-t2. Peer's state: 976467f4-c66a-4ccc-8167-891a23ca4537@group-F6E9697080AB:t2, leader=null, voted=ec4ff2c3-aedb-4237-8f96-8aa5e66a28ee, raftlog=Memoized:976467f4-c66a-4ccc-8167-891a23ca4537@group-F6E9697080AB-SegmentedRaftLog:OPENED:c-1, conf=-1: peers:[31d5b2a7-dd00-41c8-9482-fa5c506864d0|rpc:10.1.0.244:38699|priority:0|startupRole:FOLLOWER, 976467f4-c66a-4ccc-8167-891a23ca4537|rpc:10.1.0.244:37157|priority:0|startupRole:FOLLOWER, ec4ff2c3-aedb-4237-8f96-8aa5e66a28ee|rpc:10.1.0.244:40923|priority:1|startupRole:FOLLOWER]|listeners:[], old=null
2022-11-08 06:32:08,291 [ec4ff2c3-aedb-4237-8f96-8aa5e66a28ee@group-F6E9697080AB-LeaderElection13] INFO  server.RaftServer$Division (ServerState.java:setLeader(313)) - ec4ff2c3-aedb-4237-8f96-8aa5e66a28ee@group-F6E9697080AB: change Leader from null to ec4ff2c3-aedb-4237-8f96-8aa5e66a28ee at term 2 for becomeLeader, leader elected after 10188ms
2022-11-08 06:32:08,291 [ec4ff2c3-aedb-4237-8f96-8aa5e66a28ee@group-F6E9697080AB-LeaderElection13] INFO  server.RaftServerConfigKeys (ConfUtils.java:logGet(46)) - raft.server.staging.catchup.gap = 1000 (default)
2022-11-08 06:32:08,291 [ec4ff2c3-aedb-4237-8f96-8aa5e66a28ee@group-F6E9697080AB-LeaderElection13] INFO  server.RaftServerConfigKeys (ConfUtils.java:logGet(46)) - raft.server.write.element-limit = 1024 (custom)
2022-11-08 06:32:08,291 [ec4ff2c3-aedb-4237-8f96-8aa5e66a28ee@group-F6E9697080AB-LeaderElection13] INFO  server.RaftServerConfigKeys (ConfUtils.java:logGet(46)) - raft.server.write.byte-limit = 1024 M (=1073741824) (custom)
2022-11-08 06:32:08,292 [ec4ff2c3-aedb-4237-8f96-8aa5e66a28ee@group-F6E9697080AB-LeaderElection13] INFO  server.RaftServerConfigKeys (ConfUtils.java:logGet(46)) - raft.server.watch.timeout = 180s (custom)
2022-11-08 06:32:08,292 [ec4ff2c3-aedb-4237-8f96-8aa5e66a28ee@group-F6E9697080AB-LeaderElection13] INFO  server.RaftServerConfigKeys (ConfUtils.java:logGet(46)) - raft.server.watch.timeout.denomination = 1s (default)
2022-11-08 06:32:08,292 [ec4ff2c3-aedb-4237-8f96-8aa5e66a28ee@group-F6E9697080AB-LeaderElection13] INFO  server.RaftServerConfigKeys (ConfUtils.java:logGet(46)) - raft.server.watch.element-limit = 65536 (default)
2022-11-08 06:32:08,292 [ec4ff2c3-aedb-4237-8f96-8aa5e66a28ee@group-F6E9697080AB-LeaderElection13] INFO  server.RaftServerConfigKeys (ConfUtils.java:logGet(46)) - raft.server.write.element-limit = 1024 (custom)
2022-11-08 06:32:08,292 [ec4ff2c3-aedb-4237-8f96-8aa5e66a28ee@group-F6E9697080AB-LeaderElection13] INFO  server.RaftServerConfigKeys (ConfUtils.java:logGet(46)) - raft.server.write.follower.gap.ratio.max = -1.0 (default)
2022-11-08 06:32:08,295 [EventQueue-PipelineReportForPipelineReportHandler] INFO  pipeline.PipelineManagerImpl (PipelineManagerImpl.java:openPipeline(367)) - Pipeline Pipeline[ Id: e0898281-40f4-4d8c-9eb1-f6e9697080ab, Nodes: 31d5b2a7-dd00-41c8-9482-fa5c506864d0{ip: 10.1.0.244, host: fv-az220-111.shdwizndlbjulinwhzhdmup5sb.jx.internal.cloudapp.net, ports: [REPLICATION=38897, RATIS=38699, RATIS_ADMIN=38699, RATIS_SERVER=38699, STANDALONE=45835], networkLocation: /default-rack, certSerialId: null, persistedOpState: IN_SERVICE, persistedOpStateExpiryEpochSec: 0}ec4ff2c3-aedb-4237-8f96-8aa5e66a28ee{ip: 10.1.0.244, host: fv-az220-111.shdwizndlbjulinwhzhdmup5sb.jx.internal.cloudapp.net, ports: [REPLICATION=36687, RATIS=40923, RATIS_ADMIN=40923, RATIS_SERVER=40923, STANDALONE=33395], networkLocation: /default-rack, certSerialId: null, persistedOpState: IN_SERVICE, persistedOpStateExpiryEpochSec: 0}976467f4-c66a-4ccc-8167-891a23ca4537{ip: 10.1.0.244, host: fv-az220-111.shdwizndlbjulinwhzhdmup5sb.jx.internal.cloudapp.net, ports: [REPLICATION=33999, RATIS=37157, RATIS_ADMIN=37157, RATIS_SERVER=37157, STANDALONE=39605], networkLocation: /default-rack, certSerialId: null, persistedOpState: IN_SERVICE, persistedOpStateExpiryEpochSec: 0}, ReplicationConfig: RATIS/THREE, State:ALLOCATED, leaderId:ec4ff2c3-aedb-4237-8f96-8aa5e66a28ee, CreationTimestamp2022-11-08T06:31:54.971Z[Etc/UTC]] moved to OPEN state
2022-11-08 06:32:08,295 [EventQueue-OpenPipelineForHealthyPipelineSafeModeRule] INFO  safemode.SCMSafeModeManager (HealthyPipelineSafeModeRule.java:process(137)) - SCM in safe mode. Healthy pipelines reported count is 1, required healthy pipeline reported count is 1
2022-11-08 06:32:08,295 [EventQueue-OpenPipelineForHealthyPipelineSafeModeRule] INFO  safemode.SCMSafeModeManager (SCMSafeModeManager.java:validateSafeModeExitRules(204)) - HealthyPipelineSafeModeRule rule is successfully validated
2022-11-08 06:32:08,295 [EventQueue-OpenPipelineForHealthyPipelineSafeModeRule] INFO  safemode.SCMSafeModeManager (SCMSafeModeManager.java:validateSafeModeExitRules(219)) - ScmSafeModeManager, all rules are successfully validated
2022-11-08 06:32:08,295 [EventQueue-OpenPipelineForHealthyPipelineSafeModeRule] INFO  safemode.SCMSafeModeManager (SCMSafeModeManager.java:exitSafeMode(248)) - SCM exiting safe mode.
2022-11-08 06:32:08,296 [EventQueue-OpenPipelineForHealthyPipelineSafeModeRule] WARN  events.EventQueue (EventQueue.java:fireEvent(216)) - No event handler registered for event TypedEvent{payloadType=SafeModeStatus, name='Safe mode status'}
2022-11-08 06:32:08,296 [EventQueue-OpenPipelineForHealthyPipelineSafeModeRule] INFO  ha.SCMContext (SCMContext.java:updateSafeModeStatus(228)) - Update SafeModeStatus from SafeModeStatus{safeModeStatus=true, preCheckPassed=true} to SafeModeStatus{safeModeStatus=false, preCheckPassed=true}.
2022-11-08 06:32:08,296 [EventQueue-OpenPipelineForHealthyPipelineSafeModeRule] INFO  pipeline.BackgroundPipelineCreator (BackgroundPipelineCreator.java:notifyStatusChanged(254)) - Service BackgroundPipelineCreator transitions to RUNNING.
2022-11-08 06:32:08,296 [EventQueue-OpenPipelineForHealthyPipelineSafeModeRule] INFO  BackgroundPipelineScrubber (BackgroundSCMService.java:notifyStatusChanged(82)) - Service BackgroundPipelineScrubber transitions to RUNNING.
2022-11-08 06:32:08,296 [EventQueue-OpenPipelineForHealthyPipelineSafeModeRule] INFO  ExpiredContainerReplicaOpScrubber (BackgroundSCMService.java:notifyStatusChanged(82)) - Service ExpiredContainerReplicaOpScrubber transitions to RUNNING.
2022-11-08 06:32:08,296 [EventQueue-OpenPipelineForHealthyPipelineSafeModeRule] INFO  replication.ReplicationManager (ReplicationManager.java:notifyStatusChanged(798)) - Service ReplicationManager transitions to RUNNING.
2022-11-08 06:32:08,306 [EventQueue-OpenPipelineForHealthyPipelineSafeModeRule] WARN  balancer.ContainerBalancer (ContainerBalancer.java:shouldRun(131)) - Could not find persisted configuration for ContainerBalancer when checking if ContainerBalancer should run. ContainerBalancer should not run now.
2022-11-08 06:32:08,311 [ec4ff2c3-aedb-4237-8f96-8aa5e66a28ee@group-F6E9697080AB-LeaderElection13] INFO  server.RaftServerConfigKeys (ConfUtils.java:logGet(46)) - raft.server.log.appender.snapshot.chunk.size.max = 16MB (=16777216) (default)
2022-11-08 06:32:08,311 [ec4ff2c3-aedb-4237-8f96-8aa5e66a28ee@group-F6E9697080AB-LeaderElection13] INFO  server.RaftServerConfigKeys (ConfUtils.java:logGet(46)) - raft.server.log.appender.buffer.byte-limit = 33554432 (custom)
2022-11-08 06:32:08,311 [ec4ff2c3-aedb-4237-8f96-8aa5e66a28ee@group-F6E9697080AB-LeaderElection13] INFO  server.RaftServerConfigKeys (ConfUtils.java:logGet(46)) - raft.server.log.appender.buffer.element-limit = 1 (custom)
2022-11-08 06:32:08,314 [ec4ff2c3-aedb-4237-8f96-8aa5e66a28ee@group-F6E9697080AB-LeaderElection13] INFO  grpc.GrpcConfigKeys (ConfUtils.java:logGet(46)) - raft.grpc.server.leader.outstanding.appends.max = 128 (default)
2022-11-08 06:32:08,314 [ec4ff2c3-aedb-4237-8f96-8aa5e66a28ee@group-F6E9697080AB-LeaderElection13] INFO  server.RaftServerConfigKeys (ConfUtils.java:logGet(46)) - raft.server.rpc.request.timeout = 60s (custom)
2022-11-08 06:32:08,314 [ec4ff2c3-aedb-4237-8f96-8aa5e66a28ee@group-F6E9697080AB-LeaderElection13] INFO  server.RaftServerConfigKeys (ConfUtils.java:logGet(46)) - raft.server.log.appender.install.snapshot.enabled = false (custom)
2022-11-08 06:32:08,314 [ec4ff2c3-aedb-4237-8f96-8aa5e66a28ee@group-F6E9697080AB-LeaderElection13] INFO  grpc.GrpcConfigKeys (ConfUtils.java:logGet(46)) - raft.grpc.server.heartbeat.channel = true (default)
2022-11-08 06:32:08,314 [ec4ff2c3-aedb-4237-8f96-8aa5e66a28ee@group-F6E9697080AB-LeaderElection13] INFO  server.RaftServerConfigKeys (ConfUtils.java:logGet(46)) - raft.server.log.appender.wait-time.min = 10ms (default)
2022-11-08 06:32:08,316 [ec4ff2c3-aedb-4237-8f96-8aa5e66a28ee@group-F6E9697080AB-LeaderElection13] INFO  server.RaftServerConfigKeys (ConfUtils.java:logGet(46)) - raft.server.log.appender.snapshot.chunk.size.max = 16MB (=16777216) (default)
2022-11-08 06:32:08,317 [ec4ff2c3-aedb-4237-8f96-8aa5e66a28ee@group-F6E9697080AB-LeaderElection13] INFO  server.RaftServerConfigKeys (ConfUtils.java:logGet(46)) - raft.server.log.appender.buffer.byte-limit = 33554432 (custom)
2022-11-08 06:32:08,317 [ec4ff2c3-aedb-4237-8f96-8aa5e66a28ee@group-F6E9697080AB-LeaderElection13] INFO  server.RaftServerConfigKeys (ConfUtils.java:logGet(46)) - raft.server.log.appender.buffer.element-limit = 1 (custom)
2022-11-08 06:32:08,317 [ec4ff2c3-aedb-4237-8f96-8aa5e66a28ee@group-F6E9697080AB-LeaderElection13] INFO  grpc.GrpcConfigKeys (ConfUtils.java:logGet(46)) - raft.grpc.server.leader.outstanding.appends.max = 128 (default)
2022-11-08 06:32:08,317 [ec4ff2c3-aedb-4237-8f96-8aa5e66a28ee@group-F6E9697080AB-LeaderElection13] INFO  server.RaftServerConfigKeys (ConfUtils.java:logGet(46)) - raft.server.rpc.request.timeout = 60s (custom)
2022-11-08 06:32:08,317 [ec4ff2c3-aedb-4237-8f96-8aa5e66a28ee@group-F6E9697080AB-LeaderElection13] INFO  server.RaftServerConfigKeys (ConfUtils.java:logGet(46)) - raft.server.log.appender.install.snapshot.enabled = false (custom)
2022-11-08 06:32:08,317 [ec4ff2c3-aedb-4237-8f96-8aa5e66a28ee@group-F6E9697080AB-LeaderElection13] INFO  grpc.GrpcConfigKeys (ConfUtils.java:logGet(46)) - raft.grpc.server.heartbeat.channel = true (default)
2022-11-08 06:32:08,317 [ec4ff2c3-aedb-4237-8f96-8aa5e66a28ee@group-F6E9697080AB-LeaderElection13] INFO  server.RaftServerConfigKeys (ConfUtils.java:logGet(46)) - raft.server.log.appender.wait-time.min = 10ms (default)
2022-11-08 06:32:08,318 [ec4ff2c3-aedb-4237-8f96-8aa5e66a28ee@group-F6E9697080AB-LeaderElection13] INFO  impl.RoleInfo (RoleInfo.java:updateAndGet(139)) - ec4ff2c3-aedb-4237-8f96-8aa5e66a28ee: start ec4ff2c3-aedb-4237-8f96-8aa5e66a28ee@group-F6E9697080AB-LeaderStateImpl
2022-11-08 06:32:08,318 [ec4ff2c3-aedb-4237-8f96-8aa5e66a28ee@group-F6E9697080AB-LeaderElection13] INFO  segmented.SegmentedRaftLogWorker (SegmentedRaftLogWorker.java:startLogSegment(452)) - ec4ff2c3-aedb-4237-8f96-8aa5e66a28ee@group-F6E9697080AB-SegmentedRaftLogWorker: Starting segment from index:0
2022-11-08 06:32:08,320 [ec4ff2c3-aedb-4237-8f96-8aa5e66a28ee@group-F6E9697080AB-SegmentedRaftLogWorker] INFO  segmented.SegmentedRaftLogWorker (SegmentedRaftLogWorker.java:execute(656)) - ec4ff2c3-aedb-4237-8f96-8aa5e66a28ee@group-F6E9697080AB-SegmentedRaftLogWorker: created new log segment /home/runner/work/ozone/ozone/hadoop-ozone/integration-test/target/test-dir/MiniOzoneClusterImpl-c53ae64f-4849-40e6-a4d6-552e28141f22/datanode-0/data/ratis/e0898281-40f4-4d8c-9eb1-f6e9697080ab/current/log_inprogress_0
2022-11-08 06:32:08,326 [ec4ff2c3-aedb-4237-8f96-8aa5e66a28ee@group-F6E9697080AB-LeaderElection13] INFO  server.RaftServer$Division (ServerState.java:setRaftConf(430)) - ec4ff2c3-aedb-4237-8f96-8aa5e66a28ee@group-F6E9697080AB: set configuration 0: peers:[31d5b2a7-dd00-41c8-9482-fa5c506864d0|rpc:10.1.0.244:38699|dataStream:|priority:0|startupRole:FOLLOWER, 976467f4-c66a-4ccc-8167-891a23ca4537|rpc:10.1.0.244:37157|dataStream:|priority:0|startupRole:FOLLOWER, ec4ff2c3-aedb-4237-8f96-8aa5e66a28ee|rpc:10.1.0.244:40923|dataStream:|priority:1|startupRole:FOLLOWER]|listeners:[], old=null
2022-11-08 06:32:08,351 [976467f4-c66a-4ccc-8167-891a23ca4537-server-thread1] INFO  ratis.XceiverServerRatis (XceiverServerRatis.java:handleLeaderChangedNotification(863)) - Leader change notification received for group: group-F6E9697080AB with new leaderId: ec4ff2c3-aedb-4237-8f96-8aa5e66a28ee
2022-11-08 06:32:08,351 [976467f4-c66a-4ccc-8167-891a23ca4537-server-thread1] INFO  server.RaftServer$Division (ServerState.java:setLeader(313)) - 976467f4-c66a-4ccc-8167-891a23ca4537@group-F6E9697080AB: change Leader from null to ec4ff2c3-aedb-4237-8f96-8aa5e66a28ee at term 2 for appendEntries, leader elected after 10392ms
2022-11-08 06:32:08,352 [31d5b2a7-dd00-41c8-9482-fa5c506864d0-server-thread1] INFO  ratis.XceiverServerRatis (XceiverServerRatis.java:handleLeaderChangedNotification(863)) - Leader change notification received for group: group-F6E9697080AB with new leaderId: ec4ff2c3-aedb-4237-8f96-8aa5e66a28ee
2022-11-08 06:32:08,352 [31d5b2a7-dd00-41c8-9482-fa5c506864d0-server-thread1] INFO  server.RaftServer$Division (ServerState.java:setLeader(313)) - 31d5b2a7-dd00-41c8-9482-fa5c506864d0@group-F6E9697080AB: change Leader from null to ec4ff2c3-aedb-4237-8f96-8aa5e66a28ee at term 2 for appendEntries, leader elected after 10289ms
2022-11-08 06:32:08,383 [976467f4-c66a-4ccc-8167-891a23ca4537-server-thread2] INFO  server.RaftServer$Division (ServerState.java:setRaftConf(430)) - 976467f4-c66a-4ccc-8167-891a23ca4537@group-F6E9697080AB: set configuration 0: peers:[31d5b2a7-dd00-41c8-9482-fa5c506864d0|rpc:10.1.0.244:38699|dataStream:|priority:0|startupRole:FOLLOWER, 976467f4-c66a-4ccc-8167-891a23ca4537|rpc:10.1.0.244:37157|dataStream:|priority:0|startupRole:FOLLOWER, ec4ff2c3-aedb-4237-8f96-8aa5e66a28ee|rpc:10.1.0.244:40923|dataStream:|priority:1|startupRole:FOLLOWER]|listeners:[], old=null
2022-11-08 06:32:08,384 [976467f4-c66a-4ccc-8167-891a23ca4537-server-thread2] INFO  segmented.SegmentedRaftLogWorker (SegmentedRaftLogWorker.java:startLogSegment(452)) - 976467f4-c66a-4ccc-8167-891a23ca4537@group-F6E9697080AB-SegmentedRaftLogWorker: Starting segment from index:0
2022-11-08 06:32:08,385 [31d5b2a7-dd00-41c8-9482-fa5c506864d0-server-thread2] INFO  server.RaftServer$Division (ServerState.java:setRaftConf(430)) - 31d5b2a7-dd00-41c8-9482-fa5c506864d0@group-F6E9697080AB: set configuration 0: peers:[31d5b2a7-dd00-41c8-9482-fa5c506864d0|rpc:10.1.0.244:38699|dataStream:|priority:0|startupRole:FOLLOWER, 976467f4-c66a-4ccc-8167-891a23ca4537|rpc:10.1.0.244:37157|dataStream:|priority:0|startupRole:FOLLOWER, ec4ff2c3-aedb-4237-8f96-8aa5e66a28ee|rpc:10.1.0.244:40923|dataStream:|priority:1|startupRole:FOLLOWER]|listeners:[], old=null
2022-11-08 06:32:08,385 [31d5b2a7-dd00-41c8-9482-fa5c506864d0-server-thread2] INFO  segmented.SegmentedRaftLogWorker (SegmentedRaftLogWorker.java:startLogSegment(452)) - 31d5b2a7-dd00-41c8-9482-fa5c506864d0@group-F6E9697080AB-SegmentedRaftLogWorker: Starting segment from index:0
2022-11-08 06:32:08,387 [976467f4-c66a-4ccc-8167-891a23ca4537@group-F6E9697080AB-SegmentedRaftLogWorker] INFO  segmented.SegmentedRaftLogWorker (SegmentedRaftLogWorker.java:execute(656)) - 976467f4-c66a-4ccc-8167-891a23ca4537@group-F6E9697080AB-SegmentedRaftLogWorker: created new log segment /home/runner/work/ozone/ozone/hadoop-ozone/integration-test/target/test-dir/MiniOzoneClusterImpl-c53ae64f-4849-40e6-a4d6-552e28141f22/datanode-1/data/ratis/e0898281-40f4-4d8c-9eb1-f6e9697080ab/current/log_inprogress_0
2022-11-08 06:32:08,387 [31d5b2a7-dd00-41c8-9482-fa5c506864d0@group-F6E9697080AB-SegmentedRaftLogWorker] INFO  segmented.SegmentedRaftLogWorker (SegmentedRaftLogWorker.java:execute(656)) - 31d5b2a7-dd00-41c8-9482-fa5c506864d0@group-F6E9697080AB-SegmentedRaftLogWorker: created new log segment /home/runner/work/ozone/ozone/hadoop-ozone/integration-test/target/test-dir/MiniOzoneClusterImpl-c53ae64f-4849-40e6-a4d6-552e28141f22/datanode-2/data/ratis/e0898281-40f4-4d8c-9eb1-f6e9697080ab/current/log_inprogress_0
2022-11-08 06:32:08,701 [2839026e-8851-4a4b-a6c3-ebe7d865c058@group-51BCA9DC5368-FollowerState] INFO  impl.FollowerState (FollowerState.java:run(143)) - 2839026e-8851-4a4b-a6c3-ebe7d865c058@group-51BCA9DC5368-FollowerState: change to CANDIDATE, lastRpcElapsedTime:5164965827ns, electionTimeout:5162ms
2022-11-08 06:32:08,701 [2839026e-8851-4a4b-a6c3-ebe7d865c058@group-51BCA9DC5368-FollowerState] INFO  impl.RoleInfo (RoleInfo.java:shutdownFollowerState(110)) - 2839026e-8851-4a4b-a6c3-ebe7d865c058: shutdown 2839026e-8851-4a4b-a6c3-ebe7d865c058@group-51BCA9DC5368-FollowerState
2022-11-08 06:32:08,701 [2839026e-8851-4a4b-a6c3-ebe7d865c058@group-51BCA9DC5368-FollowerState] INFO  server.RaftServer$Division (RaftServerImpl.java:setRole(321)) - 2839026e-8851-4a4b-a6c3-ebe7d865c058@group-51BCA9DC5368: changes role from  FOLLOWER to CANDIDATE at term 1 for changeToCandidate
2022-11-08 06:32:08,701 [2839026e-8851-4a4b-a6c3-ebe7d865c058@group-51BCA9DC5368-FollowerState] INFO  server.RaftServerConfigKeys (ConfUtils.java:logGet(46)) - raft.server.leaderelection.pre-vote = false (custom)
2022-11-08 06:32:08,701 [2839026e-8851-4a4b-a6c3-ebe7d865c058@group-51BCA9DC5368-FollowerState] INFO  impl.RoleInfo (RoleInfo.java:updateAndGet(139)) - 2839026e-8851-4a4b-a6c3-ebe7d865c058: start 2839026e-8851-4a4b-a6c3-ebe7d865c058@group-51BCA9DC5368-LeaderElection14
2022-11-08 06:32:08,703 [2839026e-8851-4a4b-a6c3-ebe7d865c058@group-51BCA9DC5368-LeaderElection14] INFO  impl.LeaderElection (LeaderElection.java:askForVotes(312)) - 2839026e-8851-4a4b-a6c3-ebe7d865c058@group-51BCA9DC5368-LeaderElection14 ELECTION round 0: submit vote requests at term 2 for -1: peers:[ea638ff9-1ace-4fa2-9837-fa4aefb4be68|rpc:10.1.0.244:46199|priority:0|startupRole:FOLLOWER, 2839026e-8851-4a4b-a6c3-ebe7d865c058|rpc:10.1.0.244:45877|priority:1|startupRole:FOLLOWER, 6307e296-217c-47f6-b7e1-30640c7ce136|rpc:10.1.0.244:44105|priority:0|startupRole:FOLLOWER]|listeners:[], old=null
2022-11-08 06:32:08,704 [2839026e-8851-4a4b-a6c3-ebe7d865c058@group-51BCA9DC5368-LeaderElection14] INFO  server.RaftServerConfigKeys (ConfUtils.java:logFallback(53)) - raft.server.rpc.first-election.timeout.min = 5s (fallback to raft.server.rpc.timeout.min)
2022-11-08 06:32:08,704 [2839026e-8851-4a4b-a6c3-ebe7d865c058@group-51BCA9DC5368-LeaderElection14] INFO  server.RaftServerConfigKeys (ConfUtils.java:logFallback(53)) - raft.server.rpc.first-election.timeout.max = 5200ms (fallback to raft.server.rpc.timeout.max)
2022-11-08 06:32:08,708 [grpc-default-executor-3] INFO  server.RaftServer$Division (RaftServerImpl.java:requestVote(1218)) - ea638ff9-1ace-4fa2-9837-fa4aefb4be68@group-51BCA9DC5368: receive requestVote(ELECTION, 2839026e-8851-4a4b-a6c3-ebe7d865c058, group-51BCA9DC5368, 2, (t:0, i:0))
2022-11-08 06:32:08,708 [grpc-default-executor-3] INFO  impl.VoteContext (VoteContext.java:log(48)) - ea638ff9-1ace-4fa2-9837-fa4aefb4be68@group-51BCA9DC5368-FOLLOWER: accept ELECTION from 2839026e-8851-4a4b-a6c3-ebe7d865c058: our priority 0 <= candidate's priority 1
2022-11-08 06:32:08,708 [grpc-default-executor-3] INFO  server.RaftServer$Division (RaftServerImpl.java:setRole(321)) - ea638ff9-1ace-4fa2-9837-fa4aefb4be68@group-51BCA9DC5368: changes role from  FOLLOWER to FOLLOWER at term 2 for candidate:2839026e-8851-4a4b-a6c3-ebe7d865c058
2022-11-08 06:32:08,708 [grpc-default-executor-3] INFO  impl.RoleInfo (RoleInfo.java:shutdownFollowerState(110)) - ea638ff9-1ace-4fa2-9837-fa4aefb4be68: shutdown ea638ff9-1ace-4fa2-9837-fa4aefb4be68@group-51BCA9DC5368-FollowerState
2022-11-08 06:32:08,708 [grpc-default-executor-3] INFO  impl.RoleInfo (RoleInfo.java:updateAndGet(139)) - ea638ff9-1ace-4fa2-9837-fa4aefb4be68: start ea638ff9-1ace-4fa2-9837-fa4aefb4be68@group-51BCA9DC5368-FollowerState
2022-11-08 06:32:08,709 [ea638ff9-1ace-4fa2-9837-fa4aefb4be68@group-51BCA9DC5368-FollowerState] INFO  impl.FollowerState (FollowerState.java:run(152)) - ea638ff9-1ace-4fa2-9837-fa4aefb4be68@group-51BCA9DC5368-FollowerState was interrupted
2022-11-08 06:32:08,711 [ea638ff9-1ace-4fa2-9837-fa4aefb4be68@group-51BCA9DC5368-FollowerState] INFO  server.RaftServerConfigKeys (ConfUtils.java:logFallback(53)) - raft.server.rpc.first-election.timeout.min = 5s (fallback to raft.server.rpc.timeout.min)
2022-11-08 06:32:08,711 [grpc-default-executor-0] INFO  server.RaftServer$Division (RaftServerImpl.java:requestVote(1218)) - 6307e296-217c-47f6-b7e1-30640c7ce136@group-51BCA9DC5368: receive requestVote(ELECTION, 2839026e-8851-4a4b-a6c3-ebe7d865c058, group-51BCA9DC5368, 2, (t:0, i:0))
2022-11-08 06:32:08,711 [ea638ff9-1ace-4fa2-9837-fa4aefb4be68@group-51BCA9DC5368-FollowerState] INFO  server.RaftServerConfigKeys (ConfUtils.java:logFallback(53)) - raft.server.rpc.first-election.timeout.max = 5200ms (fallback to raft.server.rpc.timeout.max)
2022-11-08 06:32:08,712 [6307e296-217c-47f6-b7e1-30640c7ce136@group-51BCA9DC5368-FollowerState] INFO  impl.FollowerState (FollowerState.java:run(143)) - 6307e296-217c-47f6-b7e1-30640c7ce136@group-51BCA9DC5368-FollowerState: change to CANDIDATE, lastRpcElapsedTime:5166130439ns, electionTimeout:5161ms
2022-11-08 06:32:08,712 [6307e296-217c-47f6-b7e1-30640c7ce136@group-51BCA9DC5368-FollowerState] INFO  impl.RoleInfo (RoleInfo.java:shutdownFollowerState(110)) - 6307e296-217c-47f6-b7e1-30640c7ce136: shutdown 6307e296-217c-47f6-b7e1-30640c7ce136@group-51BCA9DC5368-FollowerState
2022-11-08 06:32:08,712 [6307e296-217c-47f6-b7e1-30640c7ce136@group-51BCA9DC5368-FollowerState] INFO  server.RaftServer$Division (RaftServerImpl.java:setRole(321)) - 6307e296-217c-47f6-b7e1-30640c7ce136@group-51BCA9DC5368: changes role from  FOLLOWER to CANDIDATE at term 1 for changeToCandidate
2022-11-08 06:32:08,712 [grpc-default-executor-3] INFO  server.RaftServer$Division (RaftServerImpl.java:requestVote(1251)) - ea638ff9-1ace-4fa2-9837-fa4aefb4be68@group-51BCA9DC5368 replies to ELECTION vote request: 2839026e-8851-4a4b-a6c3-ebe7d865c058<-ea638ff9-1ace-4fa2-9837-fa4aefb4be68#0:OK-t2. Peer's state: ea638ff9-1ace-4fa2-9837-fa4aefb4be68@group-51BCA9DC5368:t2, leader=null, voted=2839026e-8851-4a4b-a6c3-ebe7d865c058, raftlog=Memoized:ea638ff9-1ace-4fa2-9837-fa4aefb4be68@group-51BCA9DC5368-SegmentedRaftLog:OPENED:c-1, conf=-1: peers:[ea638ff9-1ace-4fa2-9837-fa4aefb4be68|rpc:10.1.0.244:46199|dataStream:|priority:0|startupRole:FOLLOWER, 2839026e-8851-4a4b-a6c3-ebe7d865c058|rpc:10.1.0.244:45877|dataStream:|priority:1|startupRole:FOLLOWER, 6307e296-217c-47f6-b7e1-30640c7ce136|rpc:10.1.0.244:44105|dataStream:|priority:0|startupRole:FOLLOWER]|listeners:[], old=null
2022-11-08 06:32:08,714 [6307e296-217c-47f6-b7e1-30640c7ce136@group-51BCA9DC5368-FollowerState] INFO  server.RaftServerConfigKeys (ConfUtils.java:logGet(46)) - raft.server.leaderelection.pre-vote = false (custom)
2022-11-08 06:32:08,714 [6307e296-217c-47f6-b7e1-30640c7ce136@group-51BCA9DC5368-FollowerState] INFO  impl.RoleInfo (RoleInfo.java:updateAndGet(139)) - 6307e296-217c-47f6-b7e1-30640c7ce136: start 6307e296-217c-47f6-b7e1-30640c7ce136@group-51BCA9DC5368-LeaderElection15
2022-11-08 06:32:08,714 [grpc-default-executor-0] INFO  impl.VoteContext (VoteContext.java:log(48)) - 6307e296-217c-47f6-b7e1-30640c7ce136@group-51BCA9DC5368-CANDIDATE: accept ELECTION from 2839026e-8851-4a4b-a6c3-ebe7d865c058: our priority 0 <= candidate's priority 1
2022-11-08 06:32:08,714 [grpc-default-executor-0] INFO  server.RaftServer$Division (RaftServerImpl.java:setRole(321)) - 6307e296-217c-47f6-b7e1-30640c7ce136@group-51BCA9DC5368: changes role from CANDIDATE to FOLLOWER at term 2 for candidate:2839026e-8851-4a4b-a6c3-ebe7d865c058
2022-11-08 06:32:08,714 [grpc-default-executor-0] INFO  impl.RoleInfo (RoleInfo.java:shutdownLeaderElection(130)) - 6307e296-217c-47f6-b7e1-30640c7ce136: shutdown 6307e296-217c-47f6-b7e1-30640c7ce136@group-51BCA9DC5368-LeaderElection15
2022-11-08 06:32:08,714 [grpc-default-executor-0] INFO  impl.RoleInfo (RoleInfo.java:updateAndGet(139)) - 6307e296-217c-47f6-b7e1-30640c7ce136: start 6307e296-217c-47f6-b7e1-30640c7ce136@group-51BCA9DC5368-FollowerState
2022-11-08 06:32:08,715 [6307e296-217c-47f6-b7e1-30640c7ce136@group-51BCA9DC5368-LeaderElection15] INFO  impl.LeaderElection (LeaderElection.java:run(233)) - 6307e296-217c-47f6-b7e1-30640c7ce136@group-51BCA9DC5368-LeaderElection15: skip running since this is already CLOSING
2022-11-08 06:32:08,715 [2839026e-8851-4a4b-a6c3-ebe7d865c058@group-51BCA9DC5368-LeaderElection14] INFO  impl.LeaderElection (LeaderElection.java:logAndReturn(90)) - 2839026e-8851-4a4b-a6c3-ebe7d865c058@group-51BCA9DC5368-LeaderElection14: ELECTION PASSED received 1 response(s) and 0 exception(s):
2022-11-08 06:32:08,715 [2839026e-8851-4a4b-a6c3-ebe7d865c058@group-51BCA9DC5368-LeaderElection14] INFO  impl.LeaderElection (LeaderElection.java:logAndReturn(94)) -   Response 0: 2839026e-8851-4a4b-a6c3-ebe7d865c058<-ea638ff9-1ace-4fa2-9837-fa4aefb4be68#0:OK-t2
2022-11-08 06:32:08,715 [2839026e-8851-4a4b-a6c3-ebe7d865c058@group-51BCA9DC5368-LeaderElection14] INFO  impl.LeaderElection (LeaderElection.java:askForVotes(314)) - 2839026e-8851-4a4b-a6c3-ebe7d865c058@group-51BCA9DC5368-LeaderElection14 ELECTION round 0: result PASSED
2022-11-08 06:32:08,715 [2839026e-8851-4a4b-a6c3-ebe7d865c058@group-51BCA9DC5368-LeaderElection14] INFO  impl.RoleInfo (RoleInfo.java:shutdownLeaderElection(130)) - 2839026e-8851-4a4b-a6c3-ebe7d865c058: shutdown 2839026e-8851-4a4b-a6c3-ebe7d865c058@group-51BCA9DC5368-LeaderElection14
2022-11-08 06:32:08,715 [2839026e-8851-4a4b-a6c3-ebe7d865c058@group-51BCA9DC5368-LeaderElection14] INFO  server.RaftServer$Division (RaftServerImpl.java:setRole(321)) - 2839026e-8851-4a4b-a6c3-ebe7d865c058@group-51BCA9DC5368: changes role from CANDIDATE to LEADER at term 2 for changeToLeader
2022-11-08 06:32:08,715 [2839026e-8851-4a4b-a6c3-ebe7d865c058@group-51BCA9DC5368-LeaderElection14] INFO  ratis.XceiverServerRatis (XceiverServerRatis.java:handleLeaderChangedNotification(863)) - Leader change notification received for group: group-51BCA9DC5368 with new leaderId: 2839026e-8851-4a4b-a6c3-ebe7d865c058
2022-11-08 06:32:08,722 [grpc-default-executor-0] INFO  server.RaftServer$Division (RaftServerImpl.java:requestVote(1251)) - 6307e296-217c-47f6-b7e1-30640c7ce136@group-51BCA9DC5368 replies to ELECTION vote request: 2839026e-8851-4a4b-a6c3-ebe7d865c058<-6307e296-217c-47f6-b7e1-30640c7ce136#0:OK-t2. Peer's state: 6307e296-217c-47f6-b7e1-30640c7ce136@group-51BCA9DC5368:t2, leader=null, voted=2839026e-8851-4a4b-a6c3-ebe7d865c058, raftlog=Memoized:6307e296-217c-47f6-b7e1-30640c7ce136@group-51BCA9DC5368-SegmentedRaftLog:OPENED:c-1, conf=-1: peers:[ea638ff9-1ace-4fa2-9837-fa4aefb4be68|rpc:10.1.0.244:46199|dataStream:|priority:0|startupRole:FOLLOWER, 2839026e-8851-4a4b-a6c3-ebe7d865c058|rpc:10.1.0.244:45877|dataStream:|priority:1|startupRole:FOLLOWER, 6307e296-217c-47f6-b7e1-30640c7ce136|rpc:10.1.0.244:44105|dataStream:|priority:0|startupRole:FOLLOWER]|listeners:[], old=null
2022-11-08 06:32:08,722 [2839026e-8851-4a4b-a6c3-ebe7d865c058@group-51BCA9DC5368-LeaderElection14] INFO  server.RaftServer$Division (ServerState.java:setLeader(313)) - 2839026e-8851-4a4b-a6c3-ebe7d865c058@group-51BCA9DC5368: change Leader from null to 2839026e-8851-4a4b-a6c3-ebe7d865c058 at term 2 for becomeLeader, leader elected after 10322ms
2022-11-08 06:32:08,722 [2839026e-8851-4a4b-a6c3-ebe7d865c058@group-51BCA9DC5368-LeaderElection14] INFO  server.RaftServerConfigKeys (ConfUtils.java:logGet(46)) - raft.server.staging.catchup.gap = 1000 (default)
2022-11-08 06:32:08,722 [2839026e-8851-4a4b-a6c3-ebe7d865c058@group-51BCA9DC5368-LeaderElection14] INFO  server.RaftServerConfigKeys (ConfUtils.java:logGet(46)) - raft.server.write.element-limit = 1024 (custom)
2022-11-08 06:32:08,722 [2839026e-8851-4a4b-a6c3-ebe7d865c058@group-51BCA9DC5368-LeaderElection14] INFO  server.RaftServerConfigKeys (ConfUtils.java:logGet(46)) - raft.server.write.byte-limit = 1024 M (=1073741824) (custom)
2022-11-08 06:32:08,723 [2839026e-8851-4a4b-a6c3-ebe7d865c058@group-51BCA9DC5368-LeaderElection14] INFO  server.RaftServerConfigKeys (ConfUtils.java:logGet(46)) - raft.server.watch.timeout = 180s (custom)
2022-11-08 06:32:08,723 [2839026e-8851-4a4b-a6c3-ebe7d865c058@group-51BCA9DC5368-LeaderElection14] INFO  server.RaftServerConfigKeys (ConfUtils.java:logGet(46)) - raft.server.watch.timeout.denomination = 1s (default)
2022-11-08 06:32:08,723 [2839026e-8851-4a4b-a6c3-ebe7d865c058@group-51BCA9DC5368-LeaderElection14] INFO  server.RaftServerConfigKeys (ConfUtils.java:logGet(46)) - raft.server.watch.element-limit = 65536 (default)
2022-11-08 06:32:08,723 [2839026e-8851-4a4b-a6c3-ebe7d865c058@group-51BCA9DC5368-LeaderElection14] INFO  server.RaftServerConfigKeys (ConfUtils.java:logGet(46)) - raft.server.write.element-limit = 1024 (custom)
2022-11-08 06:32:08,723 [2839026e-8851-4a4b-a6c3-ebe7d865c058@group-51BCA9DC5368-LeaderElection14] INFO  server.RaftServerConfigKeys (ConfUtils.java:logGet(46)) - raft.server.write.follower.gap.ratio.max = -1.0 (default)
2022-11-08 06:32:08,724 [2839026e-8851-4a4b-a6c3-ebe7d865c058@group-51BCA9DC5368-LeaderElection14] INFO  server.RaftServerConfigKeys (ConfUtils.java:logGet(46)) - raft.server.log.appender.snapshot.chunk.size.max = 16MB (=16777216) (default)
2022-11-08 06:32:08,724 [2839026e-8851-4a4b-a6c3-ebe7d865c058@group-51BCA9DC5368-LeaderElection14] INFO  server.RaftServerConfigKeys (ConfUtils.java:logGet(46)) - raft.server.log.appender.buffer.byte-limit = 33554432 (custom)
2022-11-08 06:32:08,724 [2839026e-8851-4a4b-a6c3-ebe7d865c058@group-51BCA9DC5368-LeaderElection14] INFO  server.RaftServerConfigKeys (ConfUtils.java:logGet(46)) - raft.server.log.appender.buffer.element-limit = 1 (custom)
2022-11-08 06:32:08,725 [EventQueue-PipelineReportForPipelineReportHandler] INFO  pipeline.PipelineManagerImpl (PipelineManagerImpl.java:openPipeline(367)) - Pipeline Pipeline[ Id: 75d1896c-4bf2-4229-ad72-51bca9dc5368, Nodes: ea638ff9-1ace-4fa2-9837-fa4aefb4be68{ip: 10.1.0.244, host: fv-az220-111.shdwizndlbjulinwhzhdmup5sb.jx.internal.cloudapp.net, ports: [REPLICATION=37693, RATIS=46199, RATIS_ADMIN=46199, RATIS_SERVER=46199, STANDALONE=33545], networkLocation: /default-rack, certSerialId: null, persistedOpState: IN_SERVICE, persistedOpStateExpiryEpochSec: 0}2839026e-8851-4a4b-a6c3-ebe7d865c058{ip: 10.1.0.244, host: fv-az220-111.shdwizndlbjulinwhzhdmup5sb.jx.internal.cloudapp.net, ports: [REPLICATION=35871, RATIS=45877, RATIS_ADMIN=45877, RATIS_SERVER=45877, STANDALONE=42285], networkLocation: /default-rack, certSerialId: null, persistedOpState: IN_SERVICE, persistedOpStateExpiryEpochSec: 0}6307e296-217c-47f6-b7e1-30640c7ce136{ip: 10.1.0.244, host: fv-az220-111.shdwizndlbjulinwhzhdmup5sb.jx.internal.cloudapp.net, ports: [REPLICATION=40879, RATIS=44105, RATIS_ADMIN=44105, RATIS_SERVER=44105, STANDALONE=39677], networkLocation: /default-rack, certSerialId: null, persistedOpState: IN_SERVICE, persistedOpStateExpiryEpochSec: 0}, ReplicationConfig: RATIS/THREE, State:ALLOCATED, leaderId:2839026e-8851-4a4b-a6c3-ebe7d865c058, CreationTimestamp2022-11-08T06:31:56.135Z[Etc/UTC]] moved to OPEN state
2022-11-08 06:32:08,724 [2839026e-8851-4a4b-a6c3-ebe7d865c058@group-51BCA9DC5368-LeaderElection14] INFO  grpc.GrpcConfigKeys (ConfUtils.java:logGet(46)) - raft.grpc.server.leader.outstanding.appends.max = 128 (default)
2022-11-08 06:32:08,726 [2839026e-8851-4a4b-a6c3-ebe7d865c058@group-51BCA9DC5368-LeaderElection14] INFO  server.RaftServerConfigKeys (ConfUtils.java:logGet(46)) - raft.server.rpc.request.timeout = 60s (custom)
2022-11-08 06:32:08,726 [2839026e-8851-4a4b-a6c3-ebe7d865c058@group-51BCA9DC5368-LeaderElection14] INFO  server.RaftServerConfigKeys (ConfUtils.java:logGet(46)) - raft.server.log.appender.install.snapshot.enabled = false (custom)
2022-11-08 06:32:08,726 [2839026e-8851-4a4b-a6c3-ebe7d865c058@group-51BCA9DC5368-LeaderElection14] INFO  grpc.GrpcConfigKeys (ConfUtils.java:logGet(46)) - raft.grpc.server.heartbeat.channel = true (default)
2022-11-08 06:32:08,726 [2839026e-8851-4a4b-a6c3-ebe7d865c058@group-51BCA9DC5368-LeaderElection14] INFO  server.RaftServerConfigKeys (ConfUtils.java:logGet(46)) - raft.server.log.appender.wait-time.min = 10ms (default)
2022-11-08 06:32:08,726 [6307e296-217c-47f6-b7e1-30640c7ce136@group-51BCA9DC5368-FollowerState] INFO  server.RaftServerConfigKeys (ConfUtils.java:logFallback(53)) - raft.server.rpc.first-election.timeout.min = 5s (fallback to raft.server.rpc.timeout.min)
2022-11-08 06:32:08,726 [6307e296-217c-47f6-b7e1-30640c7ce136@group-51BCA9DC5368-FollowerState] INFO  server.RaftServerConfigKeys (ConfUtils.java:logFallback(53)) - raft.server.rpc.first-election.timeout.max = 5200ms (fallback to raft.server.rpc.timeout.max)
2022-11-08 06:32:08,730 [2839026e-8851-4a4b-a6c3-ebe7d865c058@group-51BCA9DC5368-LeaderElection14] INFO  server.RaftServerConfigKeys (ConfUtils.java:logGet(46)) - raft.server.log.appender.snapshot.chunk.size.max = 16MB (=16777216) (default)
2022-11-08 06:32:08,730 [2839026e-8851-4a4b-a6c3-ebe7d865c058@group-51BCA9DC5368-LeaderElection14] INFO  server.RaftServerConfigKeys (ConfUtils.java:logGet(46)) - raft.server.log.appender.buffer.byte-limit = 33554432 (custom)
2022-11-08 06:32:08,730 [2839026e-8851-4a4b-a6c3-ebe7d865c058@group-51BCA9DC5368-LeaderElection14] INFO  server.RaftServerConfigKeys (ConfUtils.java:logGet(46)) - raft.server.log.appender.buffer.element-limit = 1 (custom)
2022-11-08 06:32:08,730 [2839026e-8851-4a4b-a6c3-ebe7d865c058@group-51BCA9DC5368-LeaderElection14] INFO  grpc.GrpcConfigKeys (ConfUtils.java:logGet(46)) - raft.grpc.server.leader.outstanding.appends.max = 128 (default)
2022-11-08 06:32:08,730 [2839026e-8851-4a4b-a6c3-ebe7d865c058@group-51BCA9DC5368-LeaderElection14] INFO  server.RaftServerConfigKeys (ConfUtils.java:logGet(46)) - raft.server.rpc.request.timeout = 60s (custom)
2022-11-08 06:32:08,730 [2839026e-8851-4a4b-a6c3-ebe7d865c058@group-51BCA9DC5368-LeaderElection14] INFO  server.RaftServerConfigKeys (ConfUtils.java:logGet(46)) - raft.server.log.appender.install.snapshot.enabled = false (custom)
2022-11-08 06:32:08,730 [2839026e-8851-4a4b-a6c3-ebe7d865c058@group-51BCA9DC5368-LeaderElection14] INFO  grpc.GrpcConfigKeys (ConfUtils.java:logGet(46)) - raft.grpc.server.heartbeat.channel = true (default)
2022-11-08 06:32:08,730 [2839026e-8851-4a4b-a6c3-ebe7d865c058@group-51BCA9DC5368-LeaderElection14] INFO  server.RaftServerConfigKeys (ConfUtils.java:logGet(46)) - raft.server.log.appender.wait-time.min = 10ms (default)
2022-11-08 06:32:08,730 [2839026e-8851-4a4b-a6c3-ebe7d865c058@group-51BCA9DC5368-LeaderElection14] INFO  impl.RoleInfo (RoleInfo.java:updateAndGet(139)) - 2839026e-8851-4a4b-a6c3-ebe7d865c058: start 2839026e-8851-4a4b-a6c3-ebe7d865c058@group-51BCA9DC5368-LeaderStateImpl
2022-11-08 06:32:08,731 [2839026e-8851-4a4b-a6c3-ebe7d865c058@group-51BCA9DC5368-LeaderElection14] INFO  segmented.SegmentedRaftLogWorker (SegmentedRaftLogWorker.java:startLogSegment(452)) - 2839026e-8851-4a4b-a6c3-ebe7d865c058@group-51BCA9DC5368-SegmentedRaftLogWorker: Starting segment from index:0
2022-11-08 06:32:08,732 [2839026e-8851-4a4b-a6c3-ebe7d865c058@group-51BCA9DC5368-SegmentedRaftLogWorker] INFO  segmented.SegmentedRaftLogWorker (SegmentedRaftLogWorker.java:execute(656)) - 2839026e-8851-4a4b-a6c3-ebe7d865c058@group-51BCA9DC5368-SegmentedRaftLogWorker: created new log segment /home/runner/work/ozone/ozone/hadoop-ozone/integration-test/target/test-dir/MiniOzoneClusterImpl-c53ae64f-4849-40e6-a4d6-552e28141f22/datanode-3/data/ratis/75d1896c-4bf2-4229-ad72-51bca9dc5368/current/log_inprogress_0
2022-11-08 06:32:08,742 [2839026e-8851-4a4b-a6c3-ebe7d865c058@group-51BCA9DC5368-LeaderElection14] INFO  server.RaftServer$Division (ServerState.java:setRaftConf(430)) - 2839026e-8851-4a4b-a6c3-ebe7d865c058@group-51BCA9DC5368: set configuration 0: peers:[ea638ff9-1ace-4fa2-9837-fa4aefb4be68|rpc:10.1.0.244:46199|dataStream:|priority:0|startupRole:FOLLOWER, 2839026e-8851-4a4b-a6c3-ebe7d865c058|rpc:10.1.0.244:45877|dataStream:|priority:1|startupRole:FOLLOWER, 6307e296-217c-47f6-b7e1-30640c7ce136|rpc:10.1.0.244:44105|dataStream:|priority:0|startupRole:FOLLOWER]|listeners:[], old=null
2022-11-08 06:32:08,749 [ea638ff9-1ace-4fa2-9837-fa4aefb4be68-server-thread1] INFO  ratis.XceiverServerRatis (XceiverServerRatis.java:handleLeaderChangedNotification(863)) - Leader change notification received for group: group-51BCA9DC5368 with new leaderId: 2839026e-8851-4a4b-a6c3-ebe7d865c058
2022-11-08 06:32:08,749 [ea638ff9-1ace-4fa2-9837-fa4aefb4be68-server-thread1] INFO  server.RaftServer$Division (ServerState.java:setLeader(313)) - ea638ff9-1ace-4fa2-9837-fa4aefb4be68@group-51BCA9DC5368: change Leader from null to 2839026e-8851-4a4b-a6c3-ebe7d865c058 at term 2 for appendEntries, leader elected after 10313ms
2022-11-08 06:32:08,751 [6307e296-217c-47f6-b7e1-30640c7ce136-server-thread1] INFO  ratis.XceiverServerRatis (XceiverServerRatis.java:handleLeaderChangedNotification(863)) - Leader change notification received for group: group-51BCA9DC5368 with new leaderId: 2839026e-8851-4a4b-a6c3-ebe7d865c058
2022-11-08 06:32:08,751 [6307e296-217c-47f6-b7e1-30640c7ce136-server-thread1] INFO  server.RaftServer$Division (ServerState.java:setLeader(313)) - 6307e296-217c-47f6-b7e1-30640c7ce136@group-51BCA9DC5368: change Leader from null to 2839026e-8851-4a4b-a6c3-ebe7d865c058 at term 2 for appendEntries, leader elected after 10249ms
2022-11-08 06:32:08,757 [6307e296-217c-47f6-b7e1-30640c7ce136@group-8D3BBCBE58DB-FollowerState] INFO  impl.FollowerState (FollowerState.java:run(143)) - 6307e296-217c-47f6-b7e1-30640c7ce136@group-8D3BBCBE58DB-FollowerState: change to CANDIDATE, lastRpcElapsedTime:5086053389ns, electionTimeout:5080ms
2022-11-08 06:32:08,758 [6307e296-217c-47f6-b7e1-30640c7ce136@group-8D3BBCBE58DB-FollowerState] INFO  impl.RoleInfo (RoleInfo.java:shutdownFollowerState(110)) - 6307e296-217c-47f6-b7e1-30640c7ce136: shutdown 6307e296-217c-47f6-b7e1-30640c7ce136@group-8D3BBCBE58DB-FollowerState
2022-11-08 06:32:08,758 [6307e296-217c-47f6-b7e1-30640c7ce136@group-8D3BBCBE58DB-FollowerState] INFO  server.RaftServer$Division (RaftServerImpl.java:setRole(321)) - 6307e296-217c-47f6-b7e1-30640c7ce136@group-8D3BBCBE58DB: changes role from  FOLLOWER to CANDIDATE at term 1 for changeToCandidate
2022-11-08 06:32:08,758 [6307e296-217c-47f6-b7e1-30640c7ce136@group-8D3BBCBE58DB-FollowerState] INFO  server.RaftServerConfigKeys (ConfUtils.java:logGet(46)) - raft.server.leaderelection.pre-vote = false (custom)
2022-11-08 06:32:08,758 [6307e296-217c-47f6-b7e1-30640c7ce136@group-8D3BBCBE58DB-FollowerState] INFO  impl.RoleInfo (RoleInfo.java:updateAndGet(139)) - 6307e296-217c-47f6-b7e1-30640c7ce136: start 6307e296-217c-47f6-b7e1-30640c7ce136@group-8D3BBCBE58DB-LeaderElection16
2022-11-08 06:32:08,760 [ea638ff9-1ace-4fa2-9837-fa4aefb4be68-server-thread2] INFO  server.RaftServer$Division (ServerState.java:setRaftConf(430)) - ea638ff9-1ace-4fa2-9837-fa4aefb4be68@group-51BCA9DC5368: set configuration 0: peers:[ea638ff9-1ace-4fa2-9837-fa4aefb4be68|rpc:10.1.0.244:46199|dataStream:|priority:0|startupRole:FOLLOWER, 2839026e-8851-4a4b-a6c3-ebe7d865c058|rpc:10.1.0.244:45877|dataStream:|priority:1|startupRole:FOLLOWER, 6307e296-217c-47f6-b7e1-30640c7ce136|rpc:10.1.0.244:44105|dataStream:|priority:0|startupRole:FOLLOWER]|listeners:[], old=null
2022-11-08 06:32:08,761 [6307e296-217c-47f6-b7e1-30640c7ce136-server-thread2] INFO  server.RaftServer$Division (ServerState.java:setRaftConf(430)) - 6307e296-217c-47f6-b7e1-30640c7ce136@group-51BCA9DC5368: set configuration 0: peers:[ea638ff9-1ace-4fa2-9837-fa4aefb4be68|rpc:10.1.0.244:46199|dataStream:|priority:0|startupRole:FOLLOWER, 2839026e-8851-4a4b-a6c3-ebe7d865c058|rpc:10.1.0.244:45877|dataStream:|priority:1|startupRole:FOLLOWER, 6307e296-217c-47f6-b7e1-30640c7ce136|rpc:10.1.0.244:44105|dataStream:|priority:0|startupRole:FOLLOWER]|listeners:[], old=null
2022-11-08 06:32:08,761 [6307e296-217c-47f6-b7e1-30640c7ce136-server-thread2] INFO  segmented.SegmentedRaftLogWorker (SegmentedRaftLogWorker.java:startLogSegment(452)) - 6307e296-217c-47f6-b7e1-30640c7ce136@group-51BCA9DC5368-SegmentedRaftLogWorker: Starting segment from index:0
2022-11-08 06:32:08,762 [ea638ff9-1ace-4fa2-9837-fa4aefb4be68-server-thread2] INFO  segmented.SegmentedRaftLogWorker (SegmentedRaftLogWorker.java:startLogSegment(452)) - ea638ff9-1ace-4fa2-9837-fa4aefb4be68@group-51BCA9DC5368-SegmentedRaftLogWorker: Starting segment from index:0
2022-11-08 06:32:08,763 [6307e296-217c-47f6-b7e1-30640c7ce136@group-51BCA9DC5368-SegmentedRaftLogWorker] INFO  segmented.SegmentedRaftLogWorker (SegmentedRaftLogWorker.java:execute(656)) - 6307e296-217c-47f6-b7e1-30640c7ce136@group-51BCA9DC5368-SegmentedRaftLogWorker: created new log segment /home/runner/work/ozone/ozone/hadoop-ozone/integration-test/target/test-dir/MiniOzoneClusterImpl-c53ae64f-4849-40e6-a4d6-552e28141f22/datanode-4/data/ratis/75d1896c-4bf2-4229-ad72-51bca9dc5368/current/log_inprogress_0
2022-11-08 06:32:08,768 [ea638ff9-1ace-4fa2-9837-fa4aefb4be68@group-51BCA9DC5368-SegmentedRaftLogWorker] INFO  segmented.SegmentedRaftLogWorker (SegmentedRaftLogWorker.java:execute(656)) - ea638ff9-1ace-4fa2-9837-fa4aefb4be68@group-51BCA9DC5368-SegmentedRaftLogWorker: created new log segment /home/runner/work/ozone/ozone/hadoop-ozone/integration-test/target/test-dir/MiniOzoneClusterImpl-c53ae64f-4849-40e6-a4d6-552e28141f22/datanode-5/data/ratis/75d1896c-4bf2-4229-ad72-51bca9dc5368/current/log_inprogress_0
2022-11-08 06:32:08,773 [6307e296-217c-47f6-b7e1-30640c7ce136@group-8D3BBCBE58DB-LeaderElection16] INFO  impl.LeaderElection (LeaderElection.java:askForVotes(312)) - 6307e296-217c-47f6-b7e1-30640c7ce136@group-8D3BBCBE58DB-LeaderElection16 ELECTION round 0: submit vote requests at term 2 for -1: peers:[ea638ff9-1ace-4fa2-9837-fa4aefb4be68|rpc:10.1.0.244:46199|dataStream:|priority:0|startupRole:FOLLOWER, 2839026e-8851-4a4b-a6c3-ebe7d865c058|rpc:10.1.0.244:45877|dataStream:|priority:0|startupRole:FOLLOWER, 6307e296-217c-47f6-b7e1-30640c7ce136|rpc:10.1.0.244:44105|dataStream:|priority:1|startupRole:FOLLOWER]|listeners:[], old=null
2022-11-08 06:32:08,774 [6307e296-217c-47f6-b7e1-30640c7ce136@group-8D3BBCBE58DB-LeaderElection16-1] INFO  server.GrpcServerProtocolClient (GrpcServerProtocolClient.java:<init>(63)) - Build channel for ea638ff9-1ace-4fa2-9837-fa4aefb4be68
2022-11-08 06:32:08,776 [6307e296-217c-47f6-b7e1-30640c7ce136@group-8D3BBCBE58DB-LeaderElection16] INFO  server.RaftServerConfigKeys (ConfUtils.java:logFallback(53)) - raft.server.rpc.first-election.timeout.min = 5s (fallback to raft.server.rpc.timeout.min)
2022-11-08 06:32:08,777 [6307e296-217c-47f6-b7e1-30640c7ce136@group-8D3BBCBE58DB-LeaderElection16-2] INFO  server.GrpcServerProtocolClient (GrpcServerProtocolClient.java:<init>(63)) - Build channel for 2839026e-8851-4a4b-a6c3-ebe7d865c058
2022-11-08 06:32:08,777 [6307e296-217c-47f6-b7e1-30640c7ce136@group-8D3BBCBE58DB-LeaderElection16] INFO  server.RaftServerConfigKeys (ConfUtils.java:logFallback(53)) - raft.server.rpc.first-election.timeout.max = 5200ms (fallback to raft.server.rpc.timeout.max)
2022-11-08 06:32:08,789 [grpc-default-executor-2] INFO  server.RaftServer$Division (RaftServerImpl.java:requestVote(1218)) - 2839026e-8851-4a4b-a6c3-ebe7d865c058@group-8D3BBCBE58DB: receive requestVote(ELECTION, 6307e296-217c-47f6-b7e1-30640c7ce136, group-8D3BBCBE58DB, 2, (t:0, i:0))
2022-11-08 06:32:08,789 [grpc-default-executor-2] INFO  impl.VoteContext (VoteContext.java:log(48)) - 2839026e-8851-4a4b-a6c3-ebe7d865c058@group-8D3BBCBE58DB-FOLLOWER: accept ELECTION from 6307e296-217c-47f6-b7e1-30640c7ce136: our priority 0 <= candidate's priority 1
2022-11-08 06:32:08,789 [grpc-default-executor-2] INFO  server.RaftServer$Division (RaftServerImpl.java:setRole(321)) - 2839026e-8851-4a4b-a6c3-ebe7d865c058@group-8D3BBCBE58DB: changes role from  FOLLOWER to FOLLOWER at term 2 for candidate:6307e296-217c-47f6-b7e1-30640c7ce136
2022-11-08 06:32:08,789 [grpc-default-executor-2] INFO  impl.RoleInfo (RoleInfo.java:shutdownFollowerState(110)) - 2839026e-8851-4a4b-a6c3-ebe7d865c058: shutdown 2839026e-8851-4a4b-a6c3-ebe7d865c058@group-8D3BBCBE58DB-FollowerState
2022-11-08 06:32:08,790 [grpc-default-executor-2] INFO  impl.RoleInfo (RoleInfo.java:updateAndGet(139)) - 2839026e-8851-4a4b-a6c3-ebe7d865c058: start 2839026e-8851-4a4b-a6c3-ebe7d865c058@group-8D3BBCBE58DB-FollowerState
2022-11-08 06:32:08,789 [grpc-default-executor-1] INFO  server.RaftServer$Division (RaftServerImpl.java:requestVote(1218)) - ea638ff9-1ace-4fa2-9837-fa4aefb4be68@group-8D3BBCBE58DB: receive requestVote(ELECTION, 6307e296-217c-47f6-b7e1-30640c7ce136, group-8D3BBCBE58DB, 2, (t:0, i:0))
2022-11-08 06:32:08,790 [grpc-default-executor-1] INFO  impl.VoteContext (VoteContext.java:log(48)) - ea638ff9-1ace-4fa2-9837-fa4aefb4be68@group-8D3BBCBE58DB-FOLLOWER: accept ELECTION from 6307e296-217c-47f6-b7e1-30640c7ce136: our priority 0 <= candidate's priority 1
2022-11-08 06:32:08,790 [grpc-default-executor-1] INFO  server.RaftServer$Division (RaftServerImpl.java:setRole(321)) - ea638ff9-1ace-4fa2-9837-fa4aefb4be68@group-8D3BBCBE58DB: changes role from  FOLLOWER to FOLLOWER at term 2 for candidate:6307e296-217c-47f6-b7e1-30640c7ce136
2022-11-08 06:32:08,790 [grpc-default-executor-1] INFO  impl.RoleInfo (RoleInfo.java:shutdownFollowerState(110)) - ea638ff9-1ace-4fa2-9837-fa4aefb4be68: shutdown ea638ff9-1ace-4fa2-9837-fa4aefb4be68@group-8D3BBCBE58DB-FollowerState
2022-11-08 06:32:08,790 [grpc-default-executor-1] INFO  impl.RoleInfo (RoleInfo.java:updateAndGet(139)) - ea638ff9-1ace-4fa2-9837-fa4aefb4be68: start ea638ff9-1ace-4fa2-9837-fa4aefb4be68@group-8D3BBCBE58DB-FollowerState
2022-11-08 06:32:08,790 [2839026e-8851-4a4b-a6c3-ebe7d865c058@group-8D3BBCBE58DB-FollowerState] INFO  impl.FollowerState (FollowerState.java:run(152)) - 2839026e-8851-4a4b-a6c3-ebe7d865c058@group-8D3BBCBE58DB-FollowerState was interrupted
2022-11-08 06:32:08,790 [ea638ff9-1ace-4fa2-9837-fa4aefb4be68@group-8D3BBCBE58DB-FollowerState] INFO  impl.FollowerState (FollowerState.java:run(152)) - ea638ff9-1ace-4fa2-9837-fa4aefb4be68@group-8D3BBCBE58DB-FollowerState was interrupted
2022-11-08 06:32:08,791 [2839026e-8851-4a4b-a6c3-ebe7d865c058@group-8D3BBCBE58DB-FollowerState] INFO  server.RaftServerConfigKeys (ConfUtils.java:logFallback(53)) - raft.server.rpc.first-election.timeout.min = 5s (fallback to raft.server.rpc.timeout.min)
2022-11-08 06:32:08,791 [2839026e-8851-4a4b-a6c3-ebe7d865c058@group-8D3BBCBE58DB-FollowerState] INFO  server.RaftServerConfigKeys (ConfUtils.java:logFallback(53)) - raft.server.rpc.first-election.timeout.max = 5200ms (fallback to raft.server.rpc.timeout.max)
2022-11-08 06:32:08,792 [grpc-default-executor-2] INFO  server.RaftServer$Division (RaftServerImpl.java:requestVote(1251)) - 2839026e-8851-4a4b-a6c3-ebe7d865c058@group-8D3BBCBE58DB replies to ELECTION vote request: 6307e296-217c-47f6-b7e1-30640c7ce136<-2839026e-8851-4a4b-a6c3-ebe7d865c058#0:OK-t2. Peer's state: 2839026e-8851-4a4b-a6c3-ebe7d865c058@group-8D3BBCBE58DB:t2, leader=null, voted=6307e296-217c-47f6-b7e1-30640c7ce136, raftlog=Memoized:2839026e-8851-4a4b-a6c3-ebe7d865c058@group-8D3BBCBE58DB-SegmentedRaftLog:OPENED:c-1, conf=-1: peers:[ea638ff9-1ace-4fa2-9837-fa4aefb4be68|rpc:10.1.0.244:46199|priority:0|startupRole:FOLLOWER, 2839026e-8851-4a4b-a6c3-ebe7d865c058|rpc:10.1.0.244:45877|priority:0|startupRole:FOLLOWER, 6307e296-217c-47f6-b7e1-30640c7ce136|rpc:10.1.0.244:44105|priority:1|startupRole:FOLLOWER]|listeners:[], old=null
2022-11-08 06:32:08,792 [grpc-default-executor-1] INFO  server.RaftServer$Division (RaftServerImpl.java:requestVote(1251)) - ea638ff9-1ace-4fa2-9837-fa4aefb4be68@group-8D3BBCBE58DB replies to ELECTION vote request: 6307e296-217c-47f6-b7e1-30640c7ce136<-ea638ff9-1ace-4fa2-9837-fa4aefb4be68#0:OK-t2. Peer's state: ea638ff9-1ace-4fa2-9837-fa4aefb4be68@group-8D3BBCBE58DB:t2, leader=null, voted=6307e296-217c-47f6-b7e1-30640c7ce136, raftlog=Memoized:ea638ff9-1ace-4fa2-9837-fa4aefb4be68@group-8D3BBCBE58DB-SegmentedRaftLog:OPENED:c-1, conf=-1: peers:[ea638ff9-1ace-4fa2-9837-fa4aefb4be68|rpc:10.1.0.244:46199|dataStream:|priority:0|startupRole:FOLLOWER, 2839026e-8851-4a4b-a6c3-ebe7d865c058|rpc:10.1.0.244:45877|dataStream:|priority:0|startupRole:FOLLOWER, 6307e296-217c-47f6-b7e1-30640c7ce136|rpc:10.1.0.244:44105|dataStream:|priority:1|startupRole:FOLLOWER]|listeners:[], old=null
2022-11-08 06:32:08,793 [6307e296-217c-47f6-b7e1-30640c7ce136@group-8D3BBCBE58DB-LeaderElection16] INFO  impl.LeaderElection (LeaderElection.java:logAndReturn(90)) - 6307e296-217c-47f6-b7e1-30640c7ce136@group-8D3BBCBE58DB-LeaderElection16: ELECTION PASSED received 1 response(s) and 0 exception(s):
2022-11-08 06:32:08,793 [6307e296-217c-47f6-b7e1-30640c7ce136@group-8D3BBCBE58DB-LeaderElection16] INFO  impl.LeaderElection (LeaderElection.java:logAndReturn(94)) -   Response 0: 6307e296-217c-47f6-b7e1-30640c7ce136<-2839026e-8851-4a4b-a6c3-ebe7d865c058#0:OK-t2
2022-11-08 06:32:08,793 [6307e296-217c-47f6-b7e1-30640c7ce136@group-8D3BBCBE58DB-LeaderElection16] INFO  impl.LeaderElection (LeaderElection.java:askForVotes(314)) - 6307e296-217c-47f6-b7e1-30640c7ce136@group-8D3BBCBE58DB-LeaderElection16 ELECTION round 0: result PASSED
2022-11-08 06:32:08,793 [6307e296-217c-47f6-b7e1-30640c7ce136@group-8D3BBCBE58DB-LeaderElection16] INFO  impl.RoleInfo (RoleInfo.java:shutdownLeaderElection(130)) - 6307e296-217c-47f6-b7e1-30640c7ce136: shutdown 6307e296-217c-47f6-b7e1-30640c7ce136@group-8D3BBCBE58DB-LeaderElection16
2022-11-08 06:32:08,798 [6307e296-217c-47f6-b7e1-30640c7ce136@group-8D3BBCBE58DB-LeaderElection16] INFO  server.RaftServer$Division (RaftServerImpl.java:setRole(321)) - 6307e296-217c-47f6-b7e1-30640c7ce136@group-8D3BBCBE58DB: changes role from CANDIDATE to LEADER at term 2 for changeToLeader
2022-11-08 06:32:08,798 [6307e296-217c-47f6-b7e1-30640c7ce136@group-8D3BBCBE58DB-LeaderElection16] INFO  ratis.XceiverServerRatis (XceiverServerRatis.java:handleLeaderChangedNotification(863)) - Leader change notification received for group: group-8D3BBCBE58DB with new leaderId: 6307e296-217c-47f6-b7e1-30640c7ce136
2022-11-08 06:32:08,798 [6307e296-217c-47f6-b7e1-30640c7ce136@group-8D3BBCBE58DB-LeaderElection16] INFO  server.RaftServer$Division (ServerState.java:setLeader(313)) - 6307e296-217c-47f6-b7e1-30640c7ce136@group-8D3BBCBE58DB: change Leader from null to 6307e296-217c-47f6-b7e1-30640c7ce136 at term 2 for becomeLeader, leader elected after 10204ms
2022-11-08 06:32:08,798 [6307e296-217c-47f6-b7e1-30640c7ce136@group-8D3BBCBE58DB-LeaderElection16] INFO  server.RaftServerConfigKeys (ConfUtils.java:logGet(46)) - raft.server.staging.catchup.gap = 1000 (default)
2022-11-08 06:32:08,798 [6307e296-217c-47f6-b7e1-30640c7ce136@group-8D3BBCBE58DB-LeaderElection16] INFO  server.RaftServerConfigKeys (ConfUtils.java:logGet(46)) - raft.server.write.element-limit = 1024 (custom)
2022-11-08 06:32:08,798 [6307e296-217c-47f6-b7e1-30640c7ce136@group-8D3BBCBE58DB-LeaderElection16] INFO  server.RaftServerConfigKeys (ConfUtils.java:logGet(46)) - raft.server.write.byte-limit = 1024 M (=1073741824) (custom)
2022-11-08 06:32:08,800 [ea638ff9-1ace-4fa2-9837-fa4aefb4be68@group-8D3BBCBE58DB-FollowerState] INFO  server.RaftServerConfigKeys (ConfUtils.java:logFallback(53)) - raft.server.rpc.first-election.timeout.min = 5s (fallback to raft.server.rpc.timeout.min)
2022-11-08 06:32:08,801 [EventQueue-PipelineReportForPipelineReportHandler] INFO  pipeline.PipelineManagerImpl (PipelineManagerImpl.java:openPipeline(367)) - Pipeline Pipeline[ Id: e91c506a-b035-4381-920e-8d3bbcbe58db, Nodes: 2839026e-8851-4a4b-a6c3-ebe7d865c058{ip: 10.1.0.244, host: fv-az220-111.shdwizndlbjulinwhzhdmup5sb.jx.internal.cloudapp.net, ports: [REPLICATION=35871, RATIS=45877, RATIS_ADMIN=45877, RATIS_SERVER=45877, STANDALONE=42285], networkLocation: /default-rack, certSerialId: null, persistedOpState: IN_SERVICE, persistedOpStateExpiryEpochSec: 0}6307e296-217c-47f6-b7e1-30640c7ce136{ip: 10.1.0.244, host: fv-az220-111.shdwizndlbjulinwhzhdmup5sb.jx.internal.cloudapp.net, ports: [REPLICATION=40879, RATIS=44105, RATIS_ADMIN=44105, RATIS_SERVER=44105, STANDALONE=39677], networkLocation: /default-rack, certSerialId: null, persistedOpState: IN_SERVICE, persistedOpStateExpiryEpochSec: 0}ea638ff9-1ace-4fa2-9837-fa4aefb4be68{ip: 10.1.0.244, host: fv-az220-111.shdwizndlbjulinwhzhdmup5sb.jx.internal.cloudapp.net, ports: [REPLICATION=37693, RATIS=46199, RATIS_ADMIN=46199, RATIS_SERVER=46199, STANDALONE=33545], networkLocation: /default-rack, certSerialId: null, persistedOpState: IN_SERVICE, persistedOpStateExpiryEpochSec: 0}, ReplicationConfig: RATIS/THREE, State:ALLOCATED, leaderId:6307e296-217c-47f6-b7e1-30640c7ce136, CreationTimestamp2022-11-08T06:31:56.138Z[Etc/UTC]] moved to OPEN state
2022-11-08 06:32:08,800 [6307e296-217c-47f6-b7e1-30640c7ce136@group-8D3BBCBE58DB-LeaderElection16] INFO  server.RaftServerConfigKeys (ConfUtils.java:logGet(46)) - raft.server.watch.timeout = 180s (custom)
2022-11-08 06:32:08,803 [6307e296-217c-47f6-b7e1-30640c7ce136@group-8D3BBCBE58DB-LeaderElection16] INFO  server.RaftServerConfigKeys (ConfUtils.java:logGet(46)) - raft.server.watch.timeout.denomination = 1s (default)
2022-11-08 06:32:08,803 [6307e296-217c-47f6-b7e1-30640c7ce136@group-8D3BBCBE58DB-LeaderElection16] INFO  server.RaftServerConfigKeys (ConfUtils.java:logGet(46)) - raft.server.watch.element-limit = 65536 (default)
2022-11-08 06:32:08,803 [6307e296-217c-47f6-b7e1-30640c7ce136@group-8D3BBCBE58DB-LeaderElection16] INFO  server.RaftServerConfigKeys (ConfUtils.java:logGet(46)) - raft.server.write.element-limit = 1024 (custom)
2022-11-08 06:32:08,803 [6307e296-217c-47f6-b7e1-30640c7ce136@group-8D3BBCBE58DB-LeaderElection16] INFO  server.RaftServerConfigKeys (ConfUtils.java:logGet(46)) - raft.server.write.follower.gap.ratio.max = -1.0 (default)
2022-11-08 06:32:08,804 [6307e296-217c-47f6-b7e1-30640c7ce136@group-8D3BBCBE58DB-LeaderElection16] INFO  server.RaftServerConfigKeys (ConfUtils.java:logGet(46)) - raft.server.log.appender.snapshot.chunk.size.max = 16MB (=16777216) (default)
2022-11-08 06:32:08,804 [6307e296-217c-47f6-b7e1-30640c7ce136@group-8D3BBCBE58DB-LeaderElection16] INFO  server.RaftServerConfigKeys (ConfUtils.java:logGet(46)) - raft.server.log.appender.buffer.byte-limit = 33554432 (custom)
2022-11-08 06:32:08,804 [6307e296-217c-47f6-b7e1-30640c7ce136@group-8D3BBCBE58DB-LeaderElection16] INFO  server.RaftServerConfigKeys (ConfUtils.java:logGet(46)) - raft.server.log.appender.buffer.element-limit = 1 (custom)
2022-11-08 06:32:08,804 [6307e296-217c-47f6-b7e1-30640c7ce136@group-8D3BBCBE58DB-LeaderElection16] INFO  grpc.GrpcConfigKeys (ConfUtils.java:logGet(46)) - raft.grpc.server.leader.outstanding.appends.max = 128 (default)
2022-11-08 06:32:08,804 [6307e296-217c-47f6-b7e1-30640c7ce136@group-8D3BBCBE58DB-LeaderElection16] INFO  server.RaftServerConfigKeys (ConfUtils.java:logGet(46)) - raft.server.rpc.request.timeout = 60s (custom)
2022-11-08 06:32:08,804 [6307e296-217c-47f6-b7e1-30640c7ce136@group-8D3BBCBE58DB-LeaderElection16] INFO  server.RaftServerConfigKeys (ConfUtils.java:logGet(46)) - raft.server.log.appender.install.snapshot.enabled = false (custom)
2022-11-08 06:32:08,804 [6307e296-217c-47f6-b7e1-30640c7ce136@group-8D3BBCBE58DB-LeaderElection16] INFO  grpc.GrpcConfigKeys (ConfUtils.java:logGet(46)) - raft.grpc.server.heartbeat.channel = true (default)
2022-11-08 06:32:08,804 [6307e296-217c-47f6-b7e1-30640c7ce136@group-8D3BBCBE58DB-LeaderElection16] INFO  server.RaftServerConfigKeys (ConfUtils.java:logGet(46)) - raft.server.log.appender.wait-time.min = 10ms (default)
2022-11-08 06:32:08,805 [6307e296-217c-47f6-b7e1-30640c7ce136@group-8D3BBCBE58DB-LeaderElection16] INFO  server.RaftServerConfigKeys (ConfUtils.java:logGet(46)) - raft.server.log.appender.snapshot.chunk.size.max = 16MB (=16777216) (default)
2022-11-08 06:32:08,805 [6307e296-217c-47f6-b7e1-30640c7ce136@group-8D3BBCBE58DB-LeaderElection16] INFO  server.RaftServerConfigKeys (ConfUtils.java:logGet(46)) - raft.server.log.appender.buffer.byte-limit = 33554432 (custom)
2022-11-08 06:32:08,805 [6307e296-217c-47f6-b7e1-30640c7ce136@group-8D3BBCBE58DB-LeaderElection16] INFO  server.RaftServerConfigKeys (ConfUtils.java:logGet(46)) - raft.server.log.appender.buffer.element-limit = 1 (custom)
2022-11-08 06:32:08,806 [6307e296-217c-47f6-b7e1-30640c7ce136@group-8D3BBCBE58DB-LeaderElection16] INFO  grpc.GrpcConfigKeys (ConfUtils.java:logGet(46)) - raft.grpc.server.leader.outstanding.appends.max = 128 (default)
2022-11-08 06:32:08,806 [6307e296-217c-47f6-b7e1-30640c7ce136@group-8D3BBCBE58DB-LeaderElection16] INFO  server.RaftServerConfigKeys (ConfUtils.java:logGet(46)) - raft.server.rpc.request.timeout = 60s (custom)
2022-11-08 06:32:08,806 [6307e296-217c-47f6-b7e1-30640c7ce136@group-8D3BBCBE58DB-LeaderElection16] INFO  server.RaftServerConfigKeys (ConfUtils.java:logGet(46)) - raft.server.log.appender.install.snapshot.enabled = false (custom)
2022-11-08 06:32:08,806 [6307e296-217c-47f6-b7e1-30640c7ce136@group-8D3BBCBE58DB-LeaderElection16] INFO  grpc.GrpcConfigKeys (ConfUtils.java:logGet(46)) - raft.grpc.server.heartbeat.channel = true (default)
2022-11-08 06:32:08,806 [6307e296-217c-47f6-b7e1-30640c7ce136@group-8D3BBCBE58DB-LeaderElection16] INFO  server.RaftServerConfigKeys (ConfUtils.java:logGet(46)) - raft.server.log.appender.wait-time.min = 10ms (default)
2022-11-08 06:32:08,806 [6307e296-217c-47f6-b7e1-30640c7ce136@group-8D3BBCBE58DB-LeaderElection16] INFO  impl.RoleInfo (RoleInfo.java:updateAndGet(139)) - 6307e296-217c-47f6-b7e1-30640c7ce136: start 6307e296-217c-47f6-b7e1-30640c7ce136@group-8D3BBCBE58DB-LeaderStateImpl
2022-11-08 06:32:08,806 [6307e296-217c-47f6-b7e1-30640c7ce136@group-8D3BBCBE58DB-LeaderElection16] INFO  segmented.SegmentedRaftLogWorker (SegmentedRaftLogWorker.java:startLogSegment(452)) - 6307e296-217c-47f6-b7e1-30640c7ce136@group-8D3BBCBE58DB-SegmentedRaftLogWorker: Starting segment from index:0
2022-11-08 06:32:08,807 [ea638ff9-1ace-4fa2-9837-fa4aefb4be68@group-8D3BBCBE58DB-FollowerState] INFO  server.RaftServerConfigKeys (ConfUtils.java:logFallback(53)) - raft.server.rpc.first-election.timeout.max = 5200ms (fallback to raft.server.rpc.timeout.max)
2022-11-08 06:32:08,808 [6307e296-217c-47f6-b7e1-30640c7ce136@group-8D3BBCBE58DB-SegmentedRaftLogWorker] INFO  segmented.SegmentedRaftLogWorker (SegmentedRaftLogWorker.java:execute(656)) - 6307e296-217c-47f6-b7e1-30640c7ce136@group-8D3BBCBE58DB-SegmentedRaftLogWorker: created new log segment /home/runner/work/ozone/ozone/hadoop-ozone/integration-test/target/test-dir/MiniOzoneClusterImpl-c53ae64f-4849-40e6-a4d6-552e28141f22/datanode-4/data/ratis/e91c506a-b035-4381-920e-8d3bbcbe58db/current/log_inprogress_0
2022-11-08 06:32:08,818 [6307e296-217c-47f6-b7e1-30640c7ce136@group-8D3BBCBE58DB-LeaderElection16] INFO  server.RaftServer$Division (ServerState.java:setRaftConf(430)) - 6307e296-217c-47f6-b7e1-30640c7ce136@group-8D3BBCBE58DB: set configuration 0: peers:[ea638ff9-1ace-4fa2-9837-fa4aefb4be68|rpc:10.1.0.244:46199|dataStream:|priority:0|startupRole:FOLLOWER, 2839026e-8851-4a4b-a6c3-ebe7d865c058|rpc:10.1.0.244:45877|dataStream:|priority:0|startupRole:FOLLOWER, 6307e296-217c-47f6-b7e1-30640c7ce136|rpc:10.1.0.244:44105|dataStream:|priority:1|startupRole:FOLLOWER]|listeners:[], old=null
2022-11-08 06:32:08,827 [2839026e-8851-4a4b-a6c3-ebe7d865c058-server-thread1] INFO  ratis.XceiverServerRatis (XceiverServerRatis.java:handleLeaderChangedNotification(863)) - Leader change notification received for group: group-8D3BBCBE58DB with new leaderId: 6307e296-217c-47f6-b7e1-30640c7ce136
2022-11-08 06:32:08,827 [2839026e-8851-4a4b-a6c3-ebe7d865c058-server-thread1] INFO  server.RaftServer$Division (ServerState.java:setLeader(313)) - 2839026e-8851-4a4b-a6c3-ebe7d865c058@group-8D3BBCBE58DB: change Leader from null to 6307e296-217c-47f6-b7e1-30640c7ce136 at term 2 for appendEntries, leader elected after 10281ms
2022-11-08 06:32:08,831 [ea638ff9-1ace-4fa2-9837-fa4aefb4be68-server-thread2] INFO  ratis.XceiverServerRatis (XceiverServerRatis.java:handleLeaderChangedNotification(863)) - Leader change notification received for group: group-8D3BBCBE58DB with new leaderId: 6307e296-217c-47f6-b7e1-30640c7ce136
2022-11-08 06:32:08,832 [ea638ff9-1ace-4fa2-9837-fa4aefb4be68-server-thread2] INFO  server.RaftServer$Division (ServerState.java:setLeader(313)) - ea638ff9-1ace-4fa2-9837-fa4aefb4be68@group-8D3BBCBE58DB: change Leader from null to 6307e296-217c-47f6-b7e1-30640c7ce136 at term 2 for appendEntries, leader elected after 10192ms
2022-11-08 06:32:08,832 [2839026e-8851-4a4b-a6c3-ebe7d865c058-server-thread1] INFO  server.RaftServer$Division (ServerState.java:setRaftConf(430)) - 2839026e-8851-4a4b-a6c3-ebe7d865c058@group-8D3BBCBE58DB: set configuration 0: peers:[ea638ff9-1ace-4fa2-9837-fa4aefb4be68|rpc:10.1.0.244:46199|dataStream:|priority:0|startupRole:FOLLOWER, 2839026e-8851-4a4b-a6c3-ebe7d865c058|rpc:10.1.0.244:45877|dataStream:|priority:0|startupRole:FOLLOWER, 6307e296-217c-47f6-b7e1-30640c7ce136|rpc:10.1.0.244:44105|dataStream:|priority:1|startupRole:FOLLOWER]|listeners:[], old=null
2022-11-08 06:32:08,832 [2839026e-8851-4a4b-a6c3-ebe7d865c058-server-thread1] INFO  segmented.SegmentedRaftLogWorker (SegmentedRaftLogWorker.java:startLogSegment(452)) - 2839026e-8851-4a4b-a6c3-ebe7d865c058@group-8D3BBCBE58DB-SegmentedRaftLogWorker: Starting segment from index:0
2022-11-08 06:32:08,833 [ea638ff9-1ace-4fa2-9837-fa4aefb4be68-server-thread2] INFO  server.RaftServer$Division (ServerState.java:setRaftConf(430)) - ea638ff9-1ace-4fa2-9837-fa4aefb4be68@group-8D3BBCBE58DB: set configuration 0: peers:[ea638ff9-1ace-4fa2-9837-fa4aefb4be68|rpc:10.1.0.244:46199|dataStream:|priority:0|startupRole:FOLLOWER, 2839026e-8851-4a4b-a6c3-ebe7d865c058|rpc:10.1.0.244:45877|dataStream:|priority:0|startupRole:FOLLOWER, 6307e296-217c-47f6-b7e1-30640c7ce136|rpc:10.1.0.244:44105|dataStream:|priority:1|startupRole:FOLLOWER]|listeners:[], old=null
2022-11-08 06:32:08,833 [ea638ff9-1ace-4fa2-9837-fa4aefb4be68-server-thread2] INFO  segmented.SegmentedRaftLogWorker (SegmentedRaftLogWorker.java:startLogSegment(452)) - ea638ff9-1ace-4fa2-9837-fa4aefb4be68@group-8D3BBCBE58DB-SegmentedRaftLogWorker: Starting segment from index:0
2022-11-08 06:32:08,835 [ea638ff9-1ace-4fa2-9837-fa4aefb4be68@group-8D3BBCBE58DB-SegmentedRaftLogWorker] INFO  segmented.SegmentedRaftLogWorker (SegmentedRaftLogWorker.java:execute(656)) - ea638ff9-1ace-4fa2-9837-fa4aefb4be68@group-8D3BBCBE58DB-SegmentedRaftLogWorker: created new log segment /home/runner/work/ozone/ozone/hadoop-ozone/integration-test/target/test-dir/MiniOzoneClusterImpl-c53ae64f-4849-40e6-a4d6-552e28141f22/datanode-5/data/ratis/e91c506a-b035-4381-920e-8d3bbcbe58db/current/log_inprogress_0
2022-11-08 06:32:08,836 [2839026e-8851-4a4b-a6c3-ebe7d865c058@group-8D3BBCBE58DB-SegmentedRaftLogWorker] INFO  segmented.SegmentedRaftLogWorker (SegmentedRaftLogWorker.java:execute(656)) - 2839026e-8851-4a4b-a6c3-ebe7d865c058@group-8D3BBCBE58DB-SegmentedRaftLogWorker: created new log segment /home/runner/work/ozone/ozone/hadoop-ozone/integration-test/target/test-dir/MiniOzoneClusterImpl-c53ae64f-4849-40e6-a4d6-552e28141f22/datanode-3/data/ratis/e91c506a-b035-4381-920e-8d3bbcbe58db/current/log_inprogress_0
2022-11-08 06:32:09,130 [Listener at 127.0.0.1/40183] INFO  ozone.MiniOzoneClusterImpl (MiniOzoneClusterImpl.java:lambda$waitForClusterToBeReady$0(216)) - Nodes are ready. Got 6 of 6 DN Heartbeats.
2022-11-08 06:32:09,130 [Listener at 127.0.0.1/40183] INFO  ozone.MiniOzoneClusterImpl (MiniOzoneClusterImpl.java:lambda$waitForClusterToBeReady$0(219)) - Cluster exits safe mode
2022-11-08 06:32:09,130 [Listener at 127.0.0.1/40183] INFO  ozone.MiniOzoneClusterImpl (MiniOzoneClusterImpl.java:lambda$waitForClusterToBeReady$0(221)) - SCM became leader
2022-11-08 06:32:09,134 [Listener at 127.0.0.1/40183] INFO  pipeline.PipelineManagerImpl (PipelineManagerImpl.java:closePipeline(442)) - Pipeline Pipeline[ Id: e0898281-40f4-4d8c-9eb1-f6e9697080ab, Nodes: 31d5b2a7-dd00-41c8-9482-fa5c506864d0{ip: 10.1.0.244, host: fv-az220-111.shdwizndlbjulinwhzhdmup5sb.jx.internal.cloudapp.net, ports: [REPLICATION=38897, RATIS=38699, RATIS_ADMIN=38699, RATIS_SERVER=38699, STANDALONE=45835], networkLocation: /default-rack, certSerialId: null, persistedOpState: IN_SERVICE, persistedOpStateExpiryEpochSec: 0}ec4ff2c3-aedb-4237-8f96-8aa5e66a28ee{ip: 10.1.0.244, host: fv-az220-111.shdwizndlbjulinwhzhdmup5sb.jx.internal.cloudapp.net, ports: [REPLICATION=36687, RATIS=40923, RATIS_ADMIN=40923, RATIS_SERVER=40923, STANDALONE=33395], networkLocation: /default-rack, certSerialId: null, persistedOpState: IN_SERVICE, persistedOpStateExpiryEpochSec: 0}976467f4-c66a-4ccc-8167-891a23ca4537{ip: 10.1.0.244, host: fv-az220-111.shdwizndlbjulinwhzhdmup5sb.jx.internal.cloudapp.net, ports: [REPLICATION=33999, RATIS=37157, RATIS_ADMIN=37157, RATIS_SERVER=37157, STANDALONE=39605], networkLocation: /default-rack, certSerialId: null, persistedOpState: IN_SERVICE, persistedOpStateExpiryEpochSec: 0}, ReplicationConfig: RATIS/THREE, State:OPEN, leaderId:ec4ff2c3-aedb-4237-8f96-8aa5e66a28ee, CreationTimestamp2022-11-08T06:31:54.971Z[Etc/UTC]] moved to CLOSED state
2022-11-08 06:32:09,135 [Listener at 127.0.0.1/40183] INFO  pipeline.RatisPipelineProvider (RatisPipelineProvider.java:lambda$close$1(244)) - Send pipeline:PipelineID=e0898281-40f4-4d8c-9eb1-f6e9697080ab close command to datanode 31d5b2a7-dd00-41c8-9482-fa5c506864d0
2022-11-08 06:32:09,135 [Listener at 127.0.0.1/40183] INFO  pipeline.RatisPipelineProvider (RatisPipelineProvider.java:lambda$close$1(244)) - Send pipeline:PipelineID=e0898281-40f4-4d8c-9eb1-f6e9697080ab close command to datanode ec4ff2c3-aedb-4237-8f96-8aa5e66a28ee
2022-11-08 06:32:09,135 [Listener at 127.0.0.1/40183] INFO  pipeline.RatisPipelineProvider (RatisPipelineProvider.java:lambda$close$1(244)) - Send pipeline:PipelineID=e0898281-40f4-4d8c-9eb1-f6e9697080ab close command to datanode 976467f4-c66a-4ccc-8167-891a23ca4537
2022-11-08 06:32:09,136 [Listener at 127.0.0.1/40183] INFO  pipeline.PipelineStateManagerImpl (PipelineStateManagerImpl.java:removePipeline(245)) - Pipeline Pipeline[ Id: e0898281-40f4-4d8c-9eb1-f6e9697080ab, Nodes: 31d5b2a7-dd00-41c8-9482-fa5c506864d0{ip: 10.1.0.244, host: fv-az220-111.shdwizndlbjulinwhzhdmup5sb.jx.internal.cloudapp.net, ports: [REPLICATION=38897, RATIS=38699, RATIS_ADMIN=38699, RATIS_SERVER=38699, STANDALONE=45835], networkLocation: /default-rack, certSerialId: null, persistedOpState: IN_SERVICE, persistedOpStateExpiryEpochSec: 0}ec4ff2c3-aedb-4237-8f96-8aa5e66a28ee{ip: 10.1.0.244, host: fv-az220-111.shdwizndlbjulinwhzhdmup5sb.jx.internal.cloudapp.net, ports: [REPLICATION=36687, RATIS=40923, RATIS_ADMIN=40923, RATIS_SERVER=40923, STANDALONE=33395], networkLocation: /default-rack, certSerialId: null, persistedOpState: IN_SERVICE, persistedOpStateExpiryEpochSec: 0}976467f4-c66a-4ccc-8167-891a23ca4537{ip: 10.1.0.244, host: fv-az220-111.shdwizndlbjulinwhzhdmup5sb.jx.internal.cloudapp.net, ports: [REPLICATION=33999, RATIS=37157, RATIS_ADMIN=37157, RATIS_SERVER=37157, STANDALONE=39605], networkLocation: /default-rack, certSerialId: null, persistedOpState: IN_SERVICE, persistedOpStateExpiryEpochSec: 0}, ReplicationConfig: RATIS/THREE, State:CLOSED, leaderId:ec4ff2c3-aedb-4237-8f96-8aa5e66a28ee, CreationTimestamp2022-11-08T06:31:54.971Z[Etc/UTC]] removed.
2022-11-08 06:32:09,137 [Listener at 127.0.0.1/40183] INFO  pipeline.PipelineManagerImpl (PipelineManagerImpl.java:closePipeline(442)) - Pipeline Pipeline[ Id: 75d1896c-4bf2-4229-ad72-51bca9dc5368, Nodes: ea638ff9-1ace-4fa2-9837-fa4aefb4be68{ip: 10.1.0.244, host: fv-az220-111.shdwizndlbjulinwhzhdmup5sb.jx.internal.cloudapp.net, ports: [REPLICATION=37693, RATIS=46199, RATIS_ADMIN=46199, RATIS_SERVER=46199, STANDALONE=33545], networkLocation: /default-rack, certSerialId: null, persistedOpState: IN_SERVICE, persistedOpStateExpiryEpochSec: 0}2839026e-8851-4a4b-a6c3-ebe7d865c058{ip: 10.1.0.244, host: fv-az220-111.shdwizndlbjulinwhzhdmup5sb.jx.internal.cloudapp.net, ports: [REPLICATION=35871, RATIS=45877, RATIS_ADMIN=45877, RATIS_SERVER=45877, STANDALONE=42285], networkLocation: /default-rack, certSerialId: null, persistedOpState: IN_SERVICE, persistedOpStateExpiryEpochSec: 0}6307e296-217c-47f6-b7e1-30640c7ce136{ip: 10.1.0.244, host: fv-az220-111.shdwizndlbjulinwhzhdmup5sb.jx.internal.cloudapp.net, ports: [REPLICATION=40879, RATIS=44105, RATIS_ADMIN=44105, RATIS_SERVER=44105, STANDALONE=39677], networkLocation: /default-rack, certSerialId: null, persistedOpState: IN_SERVICE, persistedOpStateExpiryEpochSec: 0}, ReplicationConfig: RATIS/THREE, State:OPEN, leaderId:2839026e-8851-4a4b-a6c3-ebe7d865c058, CreationTimestamp2022-11-08T06:31:56.135Z[Etc/UTC]] moved to CLOSED state
2022-11-08 06:32:09,137 [Listener at 127.0.0.1/40183] INFO  pipeline.RatisPipelineProvider (RatisPipelineProvider.java:lambda$close$1(244)) - Send pipeline:PipelineID=75d1896c-4bf2-4229-ad72-51bca9dc5368 close command to datanode ea638ff9-1ace-4fa2-9837-fa4aefb4be68
2022-11-08 06:32:09,137 [Listener at 127.0.0.1/40183] INFO  pipeline.RatisPipelineProvider (RatisPipelineProvider.java:lambda$close$1(244)) - Send pipeline:PipelineID=75d1896c-4bf2-4229-ad72-51bca9dc5368 close command to datanode 2839026e-8851-4a4b-a6c3-ebe7d865c058
2022-11-08 06:32:09,138 [Listener at 127.0.0.1/40183] INFO  pipeline.RatisPipelineProvider (RatisPipelineProvider.java:lambda$close$1(244)) - Send pipeline:PipelineID=75d1896c-4bf2-4229-ad72-51bca9dc5368 close command to datanode 6307e296-217c-47f6-b7e1-30640c7ce136
2022-11-08 06:32:09,138 [Listener at 127.0.0.1/40183] INFO  pipeline.PipelineStateManagerImpl (PipelineStateManagerImpl.java:removePipeline(245)) - Pipeline Pipeline[ Id: 75d1896c-4bf2-4229-ad72-51bca9dc5368, Nodes: ea638ff9-1ace-4fa2-9837-fa4aefb4be68{ip: 10.1.0.244, host: fv-az220-111.shdwizndlbjulinwhzhdmup5sb.jx.internal.cloudapp.net, ports: [REPLICATION=37693, RATIS=46199, RATIS_ADMIN=46199, RATIS_SERVER=46199, STANDALONE=33545], networkLocation: /default-rack, certSerialId: null, persistedOpState: IN_SERVICE, persistedOpStateExpiryEpochSec: 0}2839026e-8851-4a4b-a6c3-ebe7d865c058{ip: 10.1.0.244, host: fv-az220-111.shdwizndlbjulinwhzhdmup5sb.jx.internal.cloudapp.net, ports: [REPLICATION=35871, RATIS=45877, RATIS_ADMIN=45877, RATIS_SERVER=45877, STANDALONE=42285], networkLocation: /default-rack, certSerialId: null, persistedOpState: IN_SERVICE, persistedOpStateExpiryEpochSec: 0}6307e296-217c-47f6-b7e1-30640c7ce136{ip: 10.1.0.244, host: fv-az220-111.shdwizndlbjulinwhzhdmup5sb.jx.internal.cloudapp.net, ports: [REPLICATION=40879, RATIS=44105, RATIS_ADMIN=44105, RATIS_SERVER=44105, STANDALONE=39677], networkLocation: /default-rack, certSerialId: null, persistedOpState: IN_SERVICE, persistedOpStateExpiryEpochSec: 0}, ReplicationConfig: RATIS/THREE, State:CLOSED, leaderId:2839026e-8851-4a4b-a6c3-ebe7d865c058, CreationTimestamp2022-11-08T06:31:56.135Z[Etc/UTC]] removed.
2022-11-08 06:32:09,139 [Listener at 127.0.0.1/40183] INFO  pipeline.PipelineManagerImpl (PipelineManagerImpl.java:closePipeline(442)) - Pipeline Pipeline[ Id: e91c506a-b035-4381-920e-8d3bbcbe58db, Nodes: 2839026e-8851-4a4b-a6c3-ebe7d865c058{ip: 10.1.0.244, host: fv-az220-111.shdwizndlbjulinwhzhdmup5sb.jx.internal.cloudapp.net, ports: [REPLICATION=35871, RATIS=45877, RATIS_ADMIN=45877, RATIS_SERVER=45877, STANDALONE=42285], networkLocation: /default-rack, certSerialId: null, persistedOpState: IN_SERVICE, persistedOpStateExpiryEpochSec: 0}6307e296-217c-47f6-b7e1-30640c7ce136{ip: 10.1.0.244, host: fv-az220-111.shdwizndlbjulinwhzhdmup5sb.jx.internal.cloudapp.net, ports: [REPLICATION=40879, RATIS=44105, RATIS_ADMIN=44105, RATIS_SERVER=44105, STANDALONE=39677], networkLocation: /default-rack, certSerialId: null, persistedOpState: IN_SERVICE, persistedOpStateExpiryEpochSec: 0}ea638ff9-1ace-4fa2-9837-fa4aefb4be68{ip: 10.1.0.244, host: fv-az220-111.shdwizndlbjulinwhzhdmup5sb.jx.internal.cloudapp.net, ports: [REPLICATION=37693, RATIS=46199, RATIS_ADMIN=46199, RATIS_SERVER=46199, STANDALONE=33545], networkLocation: /default-rack, certSerialId: null, persistedOpState: IN_SERVICE, persistedOpStateExpiryEpochSec: 0}, ReplicationConfig: RATIS/THREE, State:OPEN, leaderId:6307e296-217c-47f6-b7e1-30640c7ce136, CreationTimestamp2022-11-08T06:31:56.138Z[Etc/UTC]] moved to CLOSED state
2022-11-08 06:32:09,139 [Listener at 127.0.0.1/40183] INFO  pipeline.RatisPipelineProvider (RatisPipelineProvider.java:lambda$close$1(244)) - Send pipeline:PipelineID=e91c506a-b035-4381-920e-8d3bbcbe58db close command to datanode 2839026e-8851-4a4b-a6c3-ebe7d865c058
2022-11-08 06:32:09,139 [Listener at 127.0.0.1/40183] INFO  pipeline.RatisPipelineProvider (RatisPipelineProvider.java:lambda$close$1(244)) - Send pipeline:PipelineID=e91c506a-b035-4381-920e-8d3bbcbe58db close command to datanode 6307e296-217c-47f6-b7e1-30640c7ce136
2022-11-08 06:32:09,139 [Listener at 127.0.0.1/40183] INFO  pipeline.RatisPipelineProvider (RatisPipelineProvider.java:lambda$close$1(244)) - Send pipeline:PipelineID=e91c506a-b035-4381-920e-8d3bbcbe58db close command to datanode ea638ff9-1ace-4fa2-9837-fa4aefb4be68
2022-11-08 06:32:09,140 [Listener at 127.0.0.1/40183] INFO  pipeline.PipelineStateManagerImpl (PipelineStateManagerImpl.java:removePipeline(245)) - Pipeline Pipeline[ Id: e91c506a-b035-4381-920e-8d3bbcbe58db, Nodes: 2839026e-8851-4a4b-a6c3-ebe7d865c058{ip: 10.1.0.244, host: fv-az220-111.shdwizndlbjulinwhzhdmup5sb.jx.internal.cloudapp.net, ports: [REPLICATION=35871, RATIS=45877, RATIS_ADMIN=45877, RATIS_SERVER=45877, STANDALONE=42285], networkLocation: /default-rack, certSerialId: null, persistedOpState: IN_SERVICE, persistedOpStateExpiryEpochSec: 0}6307e296-217c-47f6-b7e1-30640c7ce136{ip: 10.1.0.244, host: fv-az220-111.shdwizndlbjulinwhzhdmup5sb.jx.internal.cloudapp.net, ports: [REPLICATION=40879, RATIS=44105, RATIS_ADMIN=44105, RATIS_SERVER=44105, STANDALONE=39677], networkLocation: /default-rack, certSerialId: null, persistedOpState: IN_SERVICE, persistedOpStateExpiryEpochSec: 0}ea638ff9-1ace-4fa2-9837-fa4aefb4be68{ip: 10.1.0.244, host: fv-az220-111.shdwizndlbjulinwhzhdmup5sb.jx.internal.cloudapp.net, ports: [REPLICATION=37693, RATIS=46199, RATIS_ADMIN=46199, RATIS_SERVER=46199, STANDALONE=33545], networkLocation: /default-rack, certSerialId: null, persistedOpState: IN_SERVICE, persistedOpStateExpiryEpochSec: 0}, ReplicationConfig: RATIS/THREE, State:CLOSED, leaderId:6307e296-217c-47f6-b7e1-30640c7ce136, CreationTimestamp2022-11-08T06:31:56.138Z[Etc/UTC]] removed.
2022-11-08 06:32:11,212 [Command processor thread] INFO  server.RaftServer (RaftServerProxy.java:remove(107)) - ea638ff9-1ace-4fa2-9837-fa4aefb4be68: remove  FOLLOWER ea638ff9-1ace-4fa2-9837-fa4aefb4be68@group-51BCA9DC5368:t2, leader=2839026e-8851-4a4b-a6c3-ebe7d865c058, voted=2839026e-8851-4a4b-a6c3-ebe7d865c058, raftlog=Memoized:ea638ff9-1ace-4fa2-9837-fa4aefb4be68@group-51BCA9DC5368-SegmentedRaftLog:OPENED:c0, conf=0: peers:[ea638ff9-1ace-4fa2-9837-fa4aefb4be68|rpc:10.1.0.244:46199|dataStream:|priority:0|startupRole:FOLLOWER, 2839026e-8851-4a4b-a6c3-ebe7d865c058|rpc:10.1.0.244:45877|dataStream:|priority:1|startupRole:FOLLOWER, 6307e296-217c-47f6-b7e1-30640c7ce136|rpc:10.1.0.244:44105|dataStream:|priority:0|startupRole:FOLLOWER]|listeners:[], old=null RUNNING
2022-11-08 06:32:11,214 [Command processor thread] INFO  server.RaftServer$Division (RaftServerImpl.java:lambda$close$4(458)) - ea638ff9-1ace-4fa2-9837-fa4aefb4be68@group-51BCA9DC5368: shutdown
2022-11-08 06:32:11,215 [Command processor thread] INFO  util.JmxRegister (JmxRegister.java:unregister(73)) - Successfully un-registered JMX Bean with object name Ratis:service=RaftServer,group=group-51BCA9DC5368,id=ea638ff9-1ace-4fa2-9837-fa4aefb4be68
2022-11-08 06:32:11,215 [Command processor thread] INFO  impl.RoleInfo (RoleInfo.java:shutdownFollowerState(110)) - ea638ff9-1ace-4fa2-9837-fa4aefb4be68: shutdown ea638ff9-1ace-4fa2-9837-fa4aefb4be68@group-51BCA9DC5368-FollowerState
2022-11-08 06:32:11,215 [ea638ff9-1ace-4fa2-9837-fa4aefb4be68@group-51BCA9DC5368-FollowerState] INFO  impl.FollowerState (FollowerState.java:run(152)) - ea638ff9-1ace-4fa2-9837-fa4aefb4be68@group-51BCA9DC5368-FollowerState was interrupted
2022-11-08 06:32:11,215 [ea638ff9-1ace-4fa2-9837-fa4aefb4be68@group-51BCA9DC5368-StateMachineUpdater] INFO  ratis.ContainerStateMachine (ContainerStateMachine.java:takeSnapshot(304)) - group-51BCA9DC5368: Taking a snapshot at:(t:2, i:0) file /home/runner/work/ozone/ozone/hadoop-ozone/integration-test/target/test-dir/MiniOzoneClusterImpl-c53ae64f-4849-40e6-a4d6-552e28141f22/datanode-5/data/ratis/75d1896c-4bf2-4229-ad72-51bca9dc5368/sm/snapshot.2_0
2022-11-08 06:32:11,226 [Command processor thread] INFO  impl.StateMachineUpdater (StateMachineUpdater.java:stopAndJoin(153)) - ea638ff9-1ace-4fa2-9837-fa4aefb4be68@group-51BCA9DC5368-StateMachineUpdater: set stopIndex = 0
2022-11-08 06:32:11,258 [ea638ff9-1ace-4fa2-9837-fa4aefb4be68@group-51BCA9DC5368-StateMachineUpdater] INFO  ratis.ContainerStateMachine (ContainerStateMachine.java:takeSnapshot(315)) - group-51BCA9DC5368: Finished taking a snapshot at:(t:2, i:0) file:/home/runner/work/ozone/ozone/hadoop-ozone/integration-test/target/test-dir/MiniOzoneClusterImpl-c53ae64f-4849-40e6-a4d6-552e28141f22/datanode-5/data/ratis/75d1896c-4bf2-4229-ad72-51bca9dc5368/sm/snapshot.2_0 took: 42 ms
2022-11-08 06:32:11,260 [ea638ff9-1ace-4fa2-9837-fa4aefb4be68@group-51BCA9DC5368-StateMachineUpdater] INFO  impl.StateMachineUpdater (StateMachineUpdater.java:takeSnapshot(287)) - ea638ff9-1ace-4fa2-9837-fa4aefb4be68@group-51BCA9DC5368-StateMachineUpdater: Took a snapshot at index 0
2022-11-08 06:32:11,261 [ea638ff9-1ace-4fa2-9837-fa4aefb4be68@group-51BCA9DC5368-StateMachineUpdater] INFO  impl.StateMachineUpdater (StateMachineUpdater.java:lambda$new$0(92)) - ea638ff9-1ace-4fa2-9837-fa4aefb4be68@group-51BCA9DC5368-StateMachineUpdater: snapshotIndex: updateIncreasingly -1 -> 0
2022-11-08 06:32:11,264 [Command processor thread] INFO  server.RaftServer$Division (ServerState.java:close(466)) - ea638ff9-1ace-4fa2-9837-fa4aefb4be68@group-51BCA9DC5368: closes. applyIndex: 0
2022-11-08 06:32:11,265 [ea638ff9-1ace-4fa2-9837-fa4aefb4be68@group-51BCA9DC5368-SegmentedRaftLogWorker] INFO  segmented.SegmentedRaftLogWorker (SegmentedRaftLogWorker.java:run(345)) - ea638ff9-1ace-4fa2-9837-fa4aefb4be68@group-51BCA9DC5368-SegmentedRaftLogWorker was interrupted, exiting. There are 0 tasks remaining in the queue.
2022-11-08 06:32:11,268 [Command processor thread] INFO  segmented.SegmentedRaftLogWorker (SegmentedRaftLogWorker.java:close(255)) - ea638ff9-1ace-4fa2-9837-fa4aefb4be68@group-51BCA9DC5368-SegmentedRaftLogWorker close()
2022-11-08 06:32:11,276 [Command processor thread] INFO  server.RaftServer$Division (RaftServerImpl.java:groupRemove(428)) - ea638ff9-1ace-4fa2-9837-fa4aefb4be68@group-51BCA9DC5368: Succeed to remove RaftStorageDirectory Storage Directory /home/runner/work/ozone/ozone/hadoop-ozone/integration-test/target/test-dir/MiniOzoneClusterImpl-c53ae64f-4849-40e6-a4d6-552e28141f22/datanode-5/data/ratis/75d1896c-4bf2-4229-ad72-51bca9dc5368
2022-11-08 06:32:11,277 [Command processor thread] INFO  commandhandler.ClosePipelineCommandHandler (ClosePipelineCommandHandler.java:handle(78)) - Close Pipeline PipelineID=75d1896c-4bf2-4229-ad72-51bca9dc5368 command on datanode ea638ff9-1ace-4fa2-9837-fa4aefb4be68.
2022-11-08 06:32:11,277 [Command processor thread] INFO  server.RaftServer (RaftServerProxy.java:remove(107)) - ea638ff9-1ace-4fa2-9837-fa4aefb4be68: remove  FOLLOWER ea638ff9-1ace-4fa2-9837-fa4aefb4be68@group-8D3BBCBE58DB:t2, leader=6307e296-217c-47f6-b7e1-30640c7ce136, voted=6307e296-217c-47f6-b7e1-30640c7ce136, raftlog=Memoized:ea638ff9-1ace-4fa2-9837-fa4aefb4be68@group-8D3BBCBE58DB-SegmentedRaftLog:OPENED:c0, conf=0: peers:[ea638ff9-1ace-4fa2-9837-fa4aefb4be68|rpc:10.1.0.244:46199|dataStream:|priority:0|startupRole:FOLLOWER, 2839026e-8851-4a4b-a6c3-ebe7d865c058|rpc:10.1.0.244:45877|dataStream:|priority:0|startupRole:FOLLOWER, 6307e296-217c-47f6-b7e1-30640c7ce136|rpc:10.1.0.244:44105|dataStream:|priority:1|startupRole:FOLLOWER]|listeners:[], old=null RUNNING
2022-11-08 06:32:11,277 [Command processor thread] INFO  server.RaftServer$Division (RaftServerImpl.java:lambda$close$4(458)) - ea638ff9-1ace-4fa2-9837-fa4aefb4be68@group-8D3BBCBE58DB: shutdown
2022-11-08 06:32:11,277 [Command processor thread] INFO  util.JmxRegister (JmxRegister.java:unregister(73)) - Successfully un-registered JMX Bean with object name Ratis:service=RaftServer,group=group-8D3BBCBE58DB,id=ea638ff9-1ace-4fa2-9837-fa4aefb4be68
2022-11-08 06:32:11,277 [Command processor thread] INFO  impl.RoleInfo (RoleInfo.java:shutdownFollowerState(110)) - ea638ff9-1ace-4fa2-9837-fa4aefb4be68: shutdown ea638ff9-1ace-4fa2-9837-fa4aefb4be68@group-8D3BBCBE58DB-FollowerState
2022-11-08 06:32:11,277 [ea638ff9-1ace-4fa2-9837-fa4aefb4be68@group-8D3BBCBE58DB-FollowerState] INFO  impl.FollowerState (FollowerState.java:run(152)) - ea638ff9-1ace-4fa2-9837-fa4aefb4be68@group-8D3BBCBE58DB-FollowerState was interrupted
2022-11-08 06:32:11,277 [ea638ff9-1ace-4fa2-9837-fa4aefb4be68@group-8D3BBCBE58DB-StateMachineUpdater] INFO  ratis.ContainerStateMachine (ContainerStateMachine.java:takeSnapshot(304)) - group-8D3BBCBE58DB: Taking a snapshot at:(t:2, i:0) file /home/runner/work/ozone/ozone/hadoop-ozone/integration-test/target/test-dir/MiniOzoneClusterImpl-c53ae64f-4849-40e6-a4d6-552e28141f22/datanode-5/data/ratis/e91c506a-b035-4381-920e-8d3bbcbe58db/sm/snapshot.2_0
2022-11-08 06:32:11,279 [Command processor thread] INFO  impl.StateMachineUpdater (StateMachineUpdater.java:stopAndJoin(153)) - ea638ff9-1ace-4fa2-9837-fa4aefb4be68@group-8D3BBCBE58DB-StateMachineUpdater: set stopIndex = 0
2022-11-08 06:32:11,279 [ea638ff9-1ace-4fa2-9837-fa4aefb4be68@group-8D3BBCBE58DB-StateMachineUpdater] INFO  ratis.ContainerStateMachine (ContainerStateMachine.java:takeSnapshot(315)) - group-8D3BBCBE58DB: Finished taking a snapshot at:(t:2, i:0) file:/home/runner/work/ozone/ozone/hadoop-ozone/integration-test/target/test-dir/MiniOzoneClusterImpl-c53ae64f-4849-40e6-a4d6-552e28141f22/datanode-5/data/ratis/e91c506a-b035-4381-920e-8d3bbcbe58db/sm/snapshot.2_0 took: 2 ms
2022-11-08 06:32:11,280 [ea638ff9-1ace-4fa2-9837-fa4aefb4be68@group-8D3BBCBE58DB-StateMachineUpdater] INFO  impl.StateMachineUpdater (StateMachineUpdater.java:takeSnapshot(287)) - ea638ff9-1ace-4fa2-9837-fa4aefb4be68@group-8D3BBCBE58DB-StateMachineUpdater: Took a snapshot at index 0
2022-11-08 06:32:11,280 [ea638ff9-1ace-4fa2-9837-fa4aefb4be68@group-8D3BBCBE58DB-StateMachineUpdater] INFO  impl.StateMachineUpdater (StateMachineUpdater.java:lambda$new$0(92)) - ea638ff9-1ace-4fa2-9837-fa4aefb4be68@group-8D3BBCBE58DB-StateMachineUpdater: snapshotIndex: updateIncreasingly -1 -> 0
2022-11-08 06:32:11,280 [Command processor thread] INFO  server.RaftServer$Division (ServerState.java:close(466)) - ea638ff9-1ace-4fa2-9837-fa4aefb4be68@group-8D3BBCBE58DB: closes. applyIndex: 0
2022-11-08 06:32:11,280 [ea638ff9-1ace-4fa2-9837-fa4aefb4be68@group-8D3BBCBE58DB-SegmentedRaftLogWorker] INFO  segmented.SegmentedRaftLogWorker (SegmentedRaftLogWorker.java:run(345)) - ea638ff9-1ace-4fa2-9837-fa4aefb4be68@group-8D3BBCBE58DB-SegmentedRaftLogWorker was interrupted, exiting. There are 0 tasks remaining in the queue.
2022-11-08 06:32:11,281 [Command processor thread] INFO  segmented.SegmentedRaftLogWorker (SegmentedRaftLogWorker.java:close(255)) - ea638ff9-1ace-4fa2-9837-fa4aefb4be68@group-8D3BBCBE58DB-SegmentedRaftLogWorker close()
2022-11-08 06:32:11,284 [Command processor thread] INFO  server.RaftServer$Division (RaftServerImpl.java:groupRemove(428)) - ea638ff9-1ace-4fa2-9837-fa4aefb4be68@group-8D3BBCBE58DB: Succeed to remove RaftStorageDirectory Storage Directory /home/runner/work/ozone/ozone/hadoop-ozone/integration-test/target/test-dir/MiniOzoneClusterImpl-c53ae64f-4849-40e6-a4d6-552e28141f22/datanode-5/data/ratis/e91c506a-b035-4381-920e-8d3bbcbe58db
2022-11-08 06:32:11,284 [Command processor thread] INFO  commandhandler.ClosePipelineCommandHandler (ClosePipelineCommandHandler.java:handle(78)) - Close Pipeline PipelineID=e91c506a-b035-4381-920e-8d3bbcbe58db command on datanode ea638ff9-1ace-4fa2-9837-fa4aefb4be68.
2022-11-08 06:32:11,292 [Command processor thread] INFO  server.RaftServer (RaftServerProxy.java:remove(107)) - ec4ff2c3-aedb-4237-8f96-8aa5e66a28ee: remove    LEADER ec4ff2c3-aedb-4237-8f96-8aa5e66a28ee@group-F6E9697080AB:t2, leader=ec4ff2c3-aedb-4237-8f96-8aa5e66a28ee, voted=ec4ff2c3-aedb-4237-8f96-8aa5e66a28ee, raftlog=Memoized:ec4ff2c3-aedb-4237-8f96-8aa5e66a28ee@group-F6E9697080AB-SegmentedRaftLog:OPENED:c0, conf=0: peers:[31d5b2a7-dd00-41c8-9482-fa5c506864d0|rpc:10.1.0.244:38699|dataStream:|priority:0|startupRole:FOLLOWER, 976467f4-c66a-4ccc-8167-891a23ca4537|rpc:10.1.0.244:37157|dataStream:|priority:0|startupRole:FOLLOWER, ec4ff2c3-aedb-4237-8f96-8aa5e66a28ee|rpc:10.1.0.244:40923|dataStream:|priority:1|startupRole:FOLLOWER]|listeners:[], old=null RUNNING
2022-11-08 06:32:11,292 [Command processor thread] INFO  server.RaftServer$Division (RaftServerImpl.java:lambda$close$4(458)) - ec4ff2c3-aedb-4237-8f96-8aa5e66a28ee@group-F6E9697080AB: shutdown
2022-11-08 06:32:11,292 [Command processor thread] INFO  util.JmxRegister (JmxRegister.java:unregister(73)) - Successfully un-registered JMX Bean with object name Ratis:service=RaftServer,group=group-F6E9697080AB,id=ec4ff2c3-aedb-4237-8f96-8aa5e66a28ee
2022-11-08 06:32:11,292 [Command processor thread] INFO  impl.RoleInfo (RoleInfo.java:shutdownLeaderState(93)) - ec4ff2c3-aedb-4237-8f96-8aa5e66a28ee: shutdown ec4ff2c3-aedb-4237-8f96-8aa5e66a28ee@group-F6E9697080AB-LeaderStateImpl
2022-11-08 06:32:11,293 [ec4ff2c3-aedb-4237-8f96-8aa5e66a28ee@group-F6E9697080AB->31d5b2a7-dd00-41c8-9482-fa5c506864d0-GrpcLogAppender-LogAppenderDaemon] WARN  server.GrpcLogAppender (GrpcLogAppender.java:mayWait(200)) - ec4ff2c3-aedb-4237-8f96-8aa5e66a28ee@group-F6E9697080AB->31d5b2a7-dd00-41c8-9482-fa5c506864d0-GrpcLogAppender: Wait interrupted by java.lang.InterruptedException
2022-11-08 06:32:11,293 [Command processor thread] INFO  impl.PendingRequests (PendingRequests.java:sendNotLeaderResponses(282)) - ec4ff2c3-aedb-4237-8f96-8aa5e66a28ee@group-F6E9697080AB-PendingRequests: sendNotLeaderResponses
2022-11-08 06:32:11,294 [ec4ff2c3-aedb-4237-8f96-8aa5e66a28ee@group-F6E9697080AB-StateMachineUpdater] INFO  ratis.ContainerStateMachine (ContainerStateMachine.java:takeSnapshot(304)) - group-F6E9697080AB: Taking a snapshot at:(t:2, i:0) file /home/runner/work/ozone/ozone/hadoop-ozone/integration-test/target/test-dir/MiniOzoneClusterImpl-c53ae64f-4849-40e6-a4d6-552e28141f22/datanode-0/data/ratis/e0898281-40f4-4d8c-9eb1-f6e9697080ab/sm/snapshot.2_0
2022-11-08 06:32:11,294 [Command processor thread] INFO  impl.StateMachineUpdater (StateMachineUpdater.java:stopAndJoin(153)) - ec4ff2c3-aedb-4237-8f96-8aa5e66a28ee@group-F6E9697080AB-StateMachineUpdater: set stopIndex = 0
2022-11-08 06:32:11,295 [grpc-default-executor-4] INFO  server.GrpcServerProtocolService (GrpcServerProtocolService.java:onCompleted(145)) - 31d5b2a7-dd00-41c8-9482-fa5c506864d0: Completed APPEND_ENTRIES, lastRequest: null
2022-11-08 06:32:11,296 [ec4ff2c3-aedb-4237-8f96-8aa5e66a28ee@group-F6E9697080AB-StateMachineUpdater] INFO  ratis.ContainerStateMachine (ContainerStateMachine.java:takeSnapshot(315)) - group-F6E9697080AB: Finished taking a snapshot at:(t:2, i:0) file:/home/runner/work/ozone/ozone/hadoop-ozone/integration-test/target/test-dir/MiniOzoneClusterImpl-c53ae64f-4849-40e6-a4d6-552e28141f22/datanode-0/data/ratis/e0898281-40f4-4d8c-9eb1-f6e9697080ab/sm/snapshot.2_0 took: 2 ms
2022-11-08 06:32:11,297 [ec4ff2c3-aedb-4237-8f96-8aa5e66a28ee@group-F6E9697080AB-StateMachineUpdater] INFO  impl.StateMachineUpdater (StateMachineUpdater.java:takeSnapshot(287)) - ec4ff2c3-aedb-4237-8f96-8aa5e66a28ee@group-F6E9697080AB-StateMachineUpdater: Took a snapshot at index 0
2022-11-08 06:32:11,297 [ec4ff2c3-aedb-4237-8f96-8aa5e66a28ee@group-F6E9697080AB-StateMachineUpdater] INFO  impl.StateMachineUpdater (StateMachineUpdater.java:lambda$new$0(92)) - ec4ff2c3-aedb-4237-8f96-8aa5e66a28ee@group-F6E9697080AB-StateMachineUpdater: snapshotIndex: updateIncreasingly -1 -> 0
2022-11-08 06:32:11,297 [Command processor thread] INFO  server.RaftServer$Division (ServerState.java:close(466)) - ec4ff2c3-aedb-4237-8f96-8aa5e66a28ee@group-F6E9697080AB: closes. applyIndex: 0
2022-11-08 06:32:11,296 [grpc-default-executor-0] INFO  server.GrpcLogAppender (GrpcLogAppender.java:onCompleted(415)) - ec4ff2c3-aedb-4237-8f96-8aa5e66a28ee@group-F6E9697080AB->31d5b2a7-dd00-41c8-9482-fa5c506864d0-AppendLogResponseHandler: follower responses appendEntries COMPLETED
2022-11-08 06:32:11,300 [grpc-default-executor-0] INFO  leader.FollowerInfo (FollowerInfoImpl.java:lambda$new$0(48)) - ec4ff2c3-aedb-4237-8f96-8aa5e66a28ee@group-F6E9697080AB->31d5b2a7-dd00-41c8-9482-fa5c506864d0: nextIndex: updateUnconditionally 1 -> 0
2022-11-08 06:32:11,301 [ec4ff2c3-aedb-4237-8f96-8aa5e66a28ee@group-F6E9697080AB-SegmentedRaftLogWorker] INFO  segmented.SegmentedRaftLogWorker (SegmentedRaftLogWorker.java:run(345)) - ec4ff2c3-aedb-4237-8f96-8aa5e66a28ee@group-F6E9697080AB-SegmentedRaftLogWorker was interrupted, exiting. There are 0 tasks remaining in the queue.
2022-11-08 06:32:11,294 [ec4ff2c3-aedb-4237-8f96-8aa5e66a28ee@group-F6E9697080AB->976467f4-c66a-4ccc-8167-891a23ca4537-GrpcLogAppender-LogAppenderDaemon] WARN  server.GrpcLogAppender (GrpcLogAppender.java:mayWait(200)) - ec4ff2c3-aedb-4237-8f96-8aa5e66a28ee@group-F6E9697080AB->976467f4-c66a-4ccc-8167-891a23ca4537-GrpcLogAppender: Wait interrupted by java.lang.InterruptedException
2022-11-08 06:32:11,296 [grpc-default-executor-1] INFO  server.GrpcServerProtocolService (GrpcServerProtocolService.java:onCompleted(145)) - 31d5b2a7-dd00-41c8-9482-fa5c506864d0: Completed APPEND_ENTRIES, lastRequest: ec4ff2c3-aedb-4237-8f96-8aa5e66a28ee->31d5b2a7-dd00-41c8-9482-fa5c506864d0#1-t2,previous=(t:0, i:0),leaderCommit=0,initializing? true,entries: size=1, first=(t:2, i:0), CONFIGURATIONENTRY(current:id: "31d5b2a7-dd00-41c8-9482-fa5c506864d0"
address: "10.1.0.244:38699"
clientAddress: "10.1.0.244:38699"
adminAddress: "10.1.0.244:38699"
startupRole: FOLLOWER
,id: "976467f4-c66a-4ccc-8167-891a23ca4537"
address: "10.1.0.244:37157"
clientAddress: "10.1.0.244:37157"
adminAddress: "10.1.0.244:37157"
startupRole: FOLLOWER
,id: "ec4ff2c3-aedb-4237-8f96-8aa5e66a28ee"
address: "10.1.0.244:40923"
priority: 1
clientAddress: "10.1.0.244:40923"
adminAddress: "10.1.0.244:40923"
startupRole: FOLLOWER
, old:)
2022-11-08 06:32:11,302 [grpc-default-executor-3] INFO  server.GrpcLogAppender (GrpcLogAppender.java:onCompleted(415)) - ec4ff2c3-aedb-4237-8f96-8aa5e66a28ee@group-F6E9697080AB->31d5b2a7-dd00-41c8-9482-fa5c506864d0-AppendLogResponseHandler: follower responses appendEntries COMPLETED
2022-11-08 06:32:11,303 [grpc-default-executor-4] INFO  server.GrpcServerProtocolService (GrpcServerProtocolService.java:onCompleted(145)) - 976467f4-c66a-4ccc-8167-891a23ca4537: Completed APPEND_ENTRIES, lastRequest: ec4ff2c3-aedb-4237-8f96-8aa5e66a28ee->976467f4-c66a-4ccc-8167-891a23ca4537#1-t2,previous=(t:0, i:0),leaderCommit=0,initializing? true,entries: size=1, first=(t:2, i:0), CONFIGURATIONENTRY(current:id: "31d5b2a7-dd00-41c8-9482-fa5c506864d0"
address: "10.1.0.244:38699"
clientAddress: "10.1.0.244:38699"
adminAddress: "10.1.0.244:38699"
startupRole: FOLLOWER
,id: "976467f4-c66a-4ccc-8167-891a23ca4537"
address: "10.1.0.244:37157"
clientAddress: "10.1.0.244:37157"
adminAddress: "10.1.0.244:37157"
startupRole: FOLLOWER
,id: "ec4ff2c3-aedb-4237-8f96-8aa5e66a28ee"
address: "10.1.0.244:40923"
priority: 1
clientAddress: "10.1.0.244:40923"
adminAddress: "10.1.0.244:40923"
startupRole: FOLLOWER
, old:)
2022-11-08 06:32:11,303 [grpc-default-executor-0] INFO  server.GrpcServerProtocolService (GrpcServerProtocolService.java:onCompleted(145)) - 976467f4-c66a-4ccc-8167-891a23ca4537: Completed APPEND_ENTRIES, lastRequest: null
2022-11-08 06:32:11,303 [grpc-default-executor-1] INFO  server.GrpcLogAppender (GrpcLogAppender.java:onCompleted(415)) - ec4ff2c3-aedb-4237-8f96-8aa5e66a28ee@group-F6E9697080AB->976467f4-c66a-4ccc-8167-891a23ca4537-AppendLogResponseHandler: follower responses appendEntries COMPLETED
2022-11-08 06:32:11,304 [Command processor thread] INFO  segmented.SegmentedRaftLogWorker (SegmentedRaftLogWorker.java:close(255)) - ec4ff2c3-aedb-4237-8f96-8aa5e66a28ee@group-F6E9697080AB-SegmentedRaftLogWorker close()
2022-11-08 06:32:11,304 [grpc-default-executor-1] INFO  leader.FollowerInfo (FollowerInfoImpl.java:lambda$new$0(48)) - ec4ff2c3-aedb-4237-8f96-8aa5e66a28ee@group-F6E9697080AB->976467f4-c66a-4ccc-8167-891a23ca4537: nextIndex: updateUnconditionally 1 -> 0
2022-11-08 06:32:11,305 [grpc-default-executor-5] INFO  server.GrpcLogAppender (GrpcLogAppender.java:onCompleted(415)) - ec4ff2c3-aedb-4237-8f96-8aa5e66a28ee@group-F6E9697080AB->976467f4-c66a-4ccc-8167-891a23ca4537-AppendLogResponseHandler: follower responses appendEntries COMPLETED
2022-11-08 06:32:11,303 [grpc-default-executor-3] INFO  leader.FollowerInfo (FollowerInfoImpl.java:lambda$new$0(48)) - ec4ff2c3-aedb-4237-8f96-8aa5e66a28ee@group-F6E9697080AB->31d5b2a7-dd00-41c8-9482-fa5c506864d0: nextIndex: updateUnconditionally 0 -> 0
2022-11-08 06:32:11,305 [grpc-default-executor-5] INFO  leader.FollowerInfo (FollowerInfoImpl.java:lambda$new$0(48)) - ec4ff2c3-aedb-4237-8f96-8aa5e66a28ee@group-F6E9697080AB->976467f4-c66a-4ccc-8167-891a23ca4537: nextIndex: updateUnconditionally 0 -> 0
2022-11-08 06:32:11,307 [Command processor thread] INFO  server.RaftServer$Division (RaftServerImpl.java:groupRemove(428)) - ec4ff2c3-aedb-4237-8f96-8aa5e66a28ee@group-F6E9697080AB: Succeed to remove RaftStorageDirectory Storage Directory /home/runner/work/ozone/ozone/hadoop-ozone/integration-test/target/test-dir/MiniOzoneClusterImpl-c53ae64f-4849-40e6-a4d6-552e28141f22/datanode-0/data/ratis/e0898281-40f4-4d8c-9eb1-f6e9697080ab
2022-11-08 06:32:11,307 [Command processor thread] INFO  commandhandler.ClosePipelineCommandHandler (ClosePipelineCommandHandler.java:handle(78)) - Close Pipeline PipelineID=e0898281-40f4-4d8c-9eb1-f6e9697080ab command on datanode ec4ff2c3-aedb-4237-8f96-8aa5e66a28ee.
2022-11-08 06:32:11,689 [Command processor thread] INFO  server.RaftServer (RaftServerProxy.java:remove(107)) - 976467f4-c66a-4ccc-8167-891a23ca4537: remove  FOLLOWER 976467f4-c66a-4ccc-8167-891a23ca4537@group-F6E9697080AB:t2, leader=ec4ff2c3-aedb-4237-8f96-8aa5e66a28ee, voted=ec4ff2c3-aedb-4237-8f96-8aa5e66a28ee, raftlog=Memoized:976467f4-c66a-4ccc-8167-891a23ca4537@group-F6E9697080AB-SegmentedRaftLog:OPENED:c0, conf=0: peers:[31d5b2a7-dd00-41c8-9482-fa5c506864d0|rpc:10.1.0.244:38699|dataStream:|priority:0|startupRole:FOLLOWER, 976467f4-c66a-4ccc-8167-891a23ca4537|rpc:10.1.0.244:37157|dataStream:|priority:0|startupRole:FOLLOWER, ec4ff2c3-aedb-4237-8f96-8aa5e66a28ee|rpc:10.1.0.244:40923|dataStream:|priority:1|startupRole:FOLLOWER]|listeners:[], old=null RUNNING
2022-11-08 06:32:11,689 [Command processor thread] INFO  server.RaftServer$Division (RaftServerImpl.java:lambda$close$4(458)) - 976467f4-c66a-4ccc-8167-891a23ca4537@group-F6E9697080AB: shutdown
2022-11-08 06:32:11,689 [Command processor thread] INFO  util.JmxRegister (JmxRegister.java:unregister(73)) - Successfully un-registered JMX Bean with object name Ratis:service=RaftServer,group=group-F6E9697080AB,id=976467f4-c66a-4ccc-8167-891a23ca4537
2022-11-08 06:32:11,689 [Command processor thread] INFO  impl.RoleInfo (RoleInfo.java:shutdownFollowerState(110)) - 976467f4-c66a-4ccc-8167-891a23ca4537: shutdown 976467f4-c66a-4ccc-8167-891a23ca4537@group-F6E9697080AB-FollowerState
2022-11-08 06:32:11,689 [Command processor thread] INFO  impl.StateMachineUpdater (StateMachineUpdater.java:stopAndJoin(153)) - 976467f4-c66a-4ccc-8167-891a23ca4537@group-F6E9697080AB-StateMachineUpdater: set stopIndex = 0
2022-11-08 06:32:11,689 [976467f4-c66a-4ccc-8167-891a23ca4537@group-F6E9697080AB-FollowerState] INFO  impl.FollowerState (FollowerState.java:run(152)) - 976467f4-c66a-4ccc-8167-891a23ca4537@group-F6E9697080AB-FollowerState was interrupted
2022-11-08 06:32:11,691 [976467f4-c66a-4ccc-8167-891a23ca4537@group-F6E9697080AB-StateMachineUpdater] INFO  ratis.ContainerStateMachine (ContainerStateMachine.java:takeSnapshot(304)) - group-F6E9697080AB: Taking a snapshot at:(t:2, i:0) file /home/runner/work/ozone/ozone/hadoop-ozone/integration-test/target/test-dir/MiniOzoneClusterImpl-c53ae64f-4849-40e6-a4d6-552e28141f22/datanode-1/data/ratis/e0898281-40f4-4d8c-9eb1-f6e9697080ab/sm/snapshot.2_0
2022-11-08 06:32:11,692 [976467f4-c66a-4ccc-8167-891a23ca4537@group-F6E9697080AB-StateMachineUpdater] INFO  ratis.ContainerStateMachine (ContainerStateMachine.java:takeSnapshot(315)) - group-F6E9697080AB: Finished taking a snapshot at:(t:2, i:0) file:/home/runner/work/ozone/ozone/hadoop-ozone/integration-test/target/test-dir/MiniOzoneClusterImpl-c53ae64f-4849-40e6-a4d6-552e28141f22/datanode-1/data/ratis/e0898281-40f4-4d8c-9eb1-f6e9697080ab/sm/snapshot.2_0 took: 1 ms
2022-11-08 06:32:11,692 [976467f4-c66a-4ccc-8167-891a23ca4537@group-F6E9697080AB-StateMachineUpdater] INFO  impl.StateMachineUpdater (StateMachineUpdater.java:takeSnapshot(287)) - 976467f4-c66a-4ccc-8167-891a23ca4537@group-F6E9697080AB-StateMachineUpdater: Took a snapshot at index 0
2022-11-08 06:32:11,693 [976467f4-c66a-4ccc-8167-891a23ca4537@group-F6E9697080AB-StateMachineUpdater] INFO  impl.StateMachineUpdater (StateMachineUpdater.java:lambda$new$0(92)) - 976467f4-c66a-4ccc-8167-891a23ca4537@group-F6E9697080AB-StateMachineUpdater: snapshotIndex: updateIncreasingly -1 -> 0
2022-11-08 06:32:11,693 [Command processor thread] INFO  server.RaftServer$Division (ServerState.java:close(466)) - 976467f4-c66a-4ccc-8167-891a23ca4537@group-F6E9697080AB: closes. applyIndex: 0
2022-11-08 06:32:11,693 [976467f4-c66a-4ccc-8167-891a23ca4537@group-F6E9697080AB-SegmentedRaftLogWorker] INFO  segmented.SegmentedRaftLogWorker (SegmentedRaftLogWorker.java:run(345)) - 976467f4-c66a-4ccc-8167-891a23ca4537@group-F6E9697080AB-SegmentedRaftLogWorker was interrupted, exiting. There are 0 tasks remaining in the queue.
2022-11-08 06:32:11,694 [Command processor thread] INFO  segmented.SegmentedRaftLogWorker (SegmentedRaftLogWorker.java:close(255)) - 976467f4-c66a-4ccc-8167-891a23ca4537@group-F6E9697080AB-SegmentedRaftLogWorker close()
2022-11-08 06:32:11,696 [Command processor thread] INFO  server.RaftServer$Division (RaftServerImpl.java:groupRemove(428)) - 976467f4-c66a-4ccc-8167-891a23ca4537@group-F6E9697080AB: Succeed to remove RaftStorageDirectory Storage Directory /home/runner/work/ozone/ozone/hadoop-ozone/integration-test/target/test-dir/MiniOzoneClusterImpl-c53ae64f-4849-40e6-a4d6-552e28141f22/datanode-1/data/ratis/e0898281-40f4-4d8c-9eb1-f6e9697080ab
2022-11-08 06:32:11,697 [Command processor thread] INFO  commandhandler.ClosePipelineCommandHandler (ClosePipelineCommandHandler.java:handle(78)) - Close Pipeline PipelineID=e0898281-40f4-4d8c-9eb1-f6e9697080ab command on datanode 976467f4-c66a-4ccc-8167-891a23ca4537.
2022-11-08 06:32:11,723 [Command processor thread] INFO  server.RaftServer (RaftServerProxy.java:remove(107)) - 2839026e-8851-4a4b-a6c3-ebe7d865c058: remove    LEADER 2839026e-8851-4a4b-a6c3-ebe7d865c058@group-51BCA9DC5368:t2, leader=2839026e-8851-4a4b-a6c3-ebe7d865c058, voted=2839026e-8851-4a4b-a6c3-ebe7d865c058, raftlog=Memoized:2839026e-8851-4a4b-a6c3-ebe7d865c058@group-51BCA9DC5368-SegmentedRaftLog:OPENED:c0, conf=0: peers:[ea638ff9-1ace-4fa2-9837-fa4aefb4be68|rpc:10.1.0.244:46199|dataStream:|priority:0|startupRole:FOLLOWER, 2839026e-8851-4a4b-a6c3-ebe7d865c058|rpc:10.1.0.244:45877|dataStream:|priority:1|startupRole:FOLLOWER, 6307e296-217c-47f6-b7e1-30640c7ce136|rpc:10.1.0.244:44105|dataStream:|priority:0|startupRole:FOLLOWER]|listeners:[], old=null RUNNING
2022-11-08 06:32:11,723 [Command processor thread] INFO  server.RaftServer$Division (RaftServerImpl.java:lambda$close$4(458)) - 2839026e-8851-4a4b-a6c3-ebe7d865c058@group-51BCA9DC5368: shutdown
2022-11-08 06:32:11,723 [Command processor thread] INFO  util.JmxRegister (JmxRegister.java:unregister(73)) - Successfully un-registered JMX Bean with object name Ratis:service=RaftServer,group=group-51BCA9DC5368,id=2839026e-8851-4a4b-a6c3-ebe7d865c058
2022-11-08 06:32:11,723 [Command processor thread] INFO  impl.RoleInfo (RoleInfo.java:shutdownLeaderState(93)) - 2839026e-8851-4a4b-a6c3-ebe7d865c058: shutdown 2839026e-8851-4a4b-a6c3-ebe7d865c058@group-51BCA9DC5368-LeaderStateImpl
2022-11-08 06:32:11,724 [2839026e-8851-4a4b-a6c3-ebe7d865c058@group-51BCA9DC5368->ea638ff9-1ace-4fa2-9837-fa4aefb4be68-GrpcLogAppender-LogAppenderDaemon] WARN  server.GrpcLogAppender (GrpcLogAppender.java:mayWait(200)) - 2839026e-8851-4a4b-a6c3-ebe7d865c058@group-51BCA9DC5368->ea638ff9-1ace-4fa2-9837-fa4aefb4be68-GrpcLogAppender: Wait interrupted by java.lang.InterruptedException
2022-11-08 06:32:11,724 [Command processor thread] INFO  impl.PendingRequests (PendingRequests.java:sendNotLeaderResponses(282)) - 2839026e-8851-4a4b-a6c3-ebe7d865c058@group-51BCA9DC5368-PendingRequests: sendNotLeaderResponses
2022-11-08 06:32:11,725 [Command processor thread] INFO  impl.StateMachineUpdater (StateMachineUpdater.java:stopAndJoin(153)) - 2839026e-8851-4a4b-a6c3-ebe7d865c058@group-51BCA9DC5368-StateMachineUpdater: set stopIndex = 0
2022-11-08 06:32:11,725 [2839026e-8851-4a4b-a6c3-ebe7d865c058@group-51BCA9DC5368-StateMachineUpdater] INFO  ratis.ContainerStateMachine (ContainerStateMachine.java:takeSnapshot(304)) - group-51BCA9DC5368: Taking a snapshot at:(t:2, i:0) file /home/runner/work/ozone/ozone/hadoop-ozone/integration-test/target/test-dir/MiniOzoneClusterImpl-c53ae64f-4849-40e6-a4d6-552e28141f22/datanode-3/data/ratis/75d1896c-4bf2-4229-ad72-51bca9dc5368/sm/snapshot.2_0
2022-11-08 06:32:11,725 [grpc-default-executor-5] INFO  server.GrpcServerProtocolService (GrpcServerProtocolService.java:onCompleted(145)) - ea638ff9-1ace-4fa2-9837-fa4aefb4be68: Completed APPEND_ENTRIES, lastRequest: null
2022-11-08 06:32:11,727 [2839026e-8851-4a4b-a6c3-ebe7d865c058@group-51BCA9DC5368->6307e296-217c-47f6-b7e1-30640c7ce136-GrpcLogAppender-LogAppenderDaemon] WARN  server.GrpcLogAppender (GrpcLogAppender.java:mayWait(200)) - 2839026e-8851-4a4b-a6c3-ebe7d865c058@group-51BCA9DC5368->6307e296-217c-47f6-b7e1-30640c7ce136-GrpcLogAppender: Wait interrupted by java.lang.InterruptedException
2022-11-08 06:32:11,728 [grpc-default-executor-3] INFO  server.GrpcServerProtocolService (GrpcServerProtocolService.java:onCompleted(145)) - ea638ff9-1ace-4fa2-9837-fa4aefb4be68: Completed APPEND_ENTRIES, lastRequest: 2839026e-8851-4a4b-a6c3-ebe7d865c058->ea638ff9-1ace-4fa2-9837-fa4aefb4be68#1-t2,previous=(t:0, i:0),leaderCommit=0,initializing? true,entries: size=1, first=(t:2, i:0), CONFIGURATIONENTRY(current:id: "ea638ff9-1ace-4fa2-9837-fa4aefb4be68"
address: "10.1.0.244:46199"
clientAddress: "10.1.0.244:46199"
adminAddress: "10.1.0.244:46199"
startupRole: FOLLOWER
,id: "2839026e-8851-4a4b-a6c3-ebe7d865c058"
address: "10.1.0.244:45877"
priority: 1
clientAddress: "10.1.0.244:45877"
adminAddress: "10.1.0.244:45877"
startupRole: FOLLOWER
,id: "6307e296-217c-47f6-b7e1-30640c7ce136"
address: "10.1.0.244:44105"
clientAddress: "10.1.0.244:44105"
adminAddress: "10.1.0.244:44105"
startupRole: FOLLOWER
, old:)
2022-11-08 06:32:11,729 [grpc-default-executor-5] INFO  server.GrpcServerProtocolService (GrpcServerProtocolService.java:onCompleted(145)) - 6307e296-217c-47f6-b7e1-30640c7ce136: Completed APPEND_ENTRIES, lastRequest: 2839026e-8851-4a4b-a6c3-ebe7d865c058->6307e296-217c-47f6-b7e1-30640c7ce136#1-t2,previous=(t:0, i:0),leaderCommit=0,initializing? true,entries: size=1, first=(t:2, i:0), CONFIGURATIONENTRY(current:id: "ea638ff9-1ace-4fa2-9837-fa4aefb4be68"
address: "10.1.0.244:46199"
clientAddress: "10.1.0.244:46199"
adminAddress: "10.1.0.244:46199"
startupRole: FOLLOWER
,id: "2839026e-8851-4a4b-a6c3-ebe7d865c058"
address: "10.1.0.244:45877"
priority: 1
clientAddress: "10.1.0.244:45877"
adminAddress: "10.1.0.244:45877"
startupRole: FOLLOWER
,id: "6307e296-217c-47f6-b7e1-30640c7ce136"
address: "10.1.0.244:44105"
clientAddress: "10.1.0.244:44105"
adminAddress: "10.1.0.244:44105"
startupRole: FOLLOWER
, old:)
2022-11-08 06:32:11,730 [grpc-default-executor-3] INFO  server.GrpcLogAppender (GrpcLogAppender.java:onCompleted(415)) - 2839026e-8851-4a4b-a6c3-ebe7d865c058@group-51BCA9DC5368->6307e296-217c-47f6-b7e1-30640c7ce136-AppendLogResponseHandler: follower responses appendEntries COMPLETED
2022-11-08 06:32:11,733 [2839026e-8851-4a4b-a6c3-ebe7d865c058@group-51BCA9DC5368-StateMachineUpdater] INFO  ratis.ContainerStateMachine (ContainerStateMachine.java:takeSnapshot(315)) - group-51BCA9DC5368: Finished taking a snapshot at:(t:2, i:0) file:/home/runner/work/ozone/ozone/hadoop-ozone/integration-test/target/test-dir/MiniOzoneClusterImpl-c53ae64f-4849-40e6-a4d6-552e28141f22/datanode-3/data/ratis/75d1896c-4bf2-4229-ad72-51bca9dc5368/sm/snapshot.2_0 took: 7 ms
2022-11-08 06:32:11,733 [2839026e-8851-4a4b-a6c3-ebe7d865c058@group-51BCA9DC5368-StateMachineUpdater] INFO  impl.StateMachineUpdater (StateMachineUpdater.java:takeSnapshot(287)) - 2839026e-8851-4a4b-a6c3-ebe7d865c058@group-51BCA9DC5368-StateMachineUpdater: Took a snapshot at index 0
2022-11-08 06:32:11,733 [2839026e-8851-4a4b-a6c3-ebe7d865c058@group-51BCA9DC5368-StateMachineUpdater] INFO  impl.StateMachineUpdater (StateMachineUpdater.java:lambda$new$0(92)) - 2839026e-8851-4a4b-a6c3-ebe7d865c058@group-51BCA9DC5368-StateMachineUpdater: snapshotIndex: updateIncreasingly -1 -> 0
2022-11-08 06:32:11,733 [Command processor thread] INFO  server.RaftServer$Division (ServerState.java:close(466)) - 2839026e-8851-4a4b-a6c3-ebe7d865c058@group-51BCA9DC5368: closes. applyIndex: 0
2022-11-08 06:32:11,733 [grpc-default-executor-5] INFO  server.GrpcLogAppender (GrpcLogAppender.java:onCompleted(415)) - 2839026e-8851-4a4b-a6c3-ebe7d865c058@group-51BCA9DC5368->ea638ff9-1ace-4fa2-9837-fa4aefb4be68-AppendLogResponseHandler: follower responses appendEntries COMPLETED
2022-11-08 06:32:11,734 [grpc-default-executor-5] INFO  leader.FollowerInfo (FollowerInfoImpl.java:lambda$new$0(48)) - 2839026e-8851-4a4b-a6c3-ebe7d865c058@group-51BCA9DC5368->ea638ff9-1ace-4fa2-9837-fa4aefb4be68: nextIndex: updateUnconditionally 1 -> 0
2022-11-08 06:32:11,734 [2839026e-8851-4a4b-a6c3-ebe7d865c058@group-51BCA9DC5368-SegmentedRaftLogWorker] INFO  segmented.SegmentedRaftLogWorker (SegmentedRaftLogWorker.java:run(345)) - 2839026e-8851-4a4b-a6c3-ebe7d865c058@group-51BCA9DC5368-SegmentedRaftLogWorker was interrupted, exiting. There are 0 tasks remaining in the queue.
2022-11-08 06:32:11,735 [Command processor thread] INFO  segmented.SegmentedRaftLogWorker (SegmentedRaftLogWorker.java:close(255)) - 2839026e-8851-4a4b-a6c3-ebe7d865c058@group-51BCA9DC5368-SegmentedRaftLogWorker close()
2022-11-08 06:32:11,736 [Command processor thread] INFO  server.RaftServer$Division (RaftServerImpl.java:groupRemove(428)) - 2839026e-8851-4a4b-a6c3-ebe7d865c058@group-51BCA9DC5368: Succeed to remove RaftStorageDirectory Storage Directory /home/runner/work/ozone/ozone/hadoop-ozone/integration-test/target/test-dir/MiniOzoneClusterImpl-c53ae64f-4849-40e6-a4d6-552e28141f22/datanode-3/data/ratis/75d1896c-4bf2-4229-ad72-51bca9dc5368
2022-11-08 06:32:11,736 [Command processor thread] INFO  commandhandler.ClosePipelineCommandHandler (ClosePipelineCommandHandler.java:handle(78)) - Close Pipeline PipelineID=75d1896c-4bf2-4229-ad72-51bca9dc5368 command on datanode 2839026e-8851-4a4b-a6c3-ebe7d865c058.
2022-11-08 06:32:11,737 [Command processor thread] INFO  server.RaftServer (RaftServerProxy.java:remove(107)) - 2839026e-8851-4a4b-a6c3-ebe7d865c058: remove  FOLLOWER 2839026e-8851-4a4b-a6c3-ebe7d865c058@group-8D3BBCBE58DB:t2, leader=6307e296-217c-47f6-b7e1-30640c7ce136, voted=6307e296-217c-47f6-b7e1-30640c7ce136, raftlog=Memoized:2839026e-8851-4a4b-a6c3-ebe7d865c058@group-8D3BBCBE58DB-SegmentedRaftLog:OPENED:c0, conf=0: peers:[ea638ff9-1ace-4fa2-9837-fa4aefb4be68|rpc:10.1.0.244:46199|dataStream:|priority:0|startupRole:FOLLOWER, 2839026e-8851-4a4b-a6c3-ebe7d865c058|rpc:10.1.0.244:45877|dataStream:|priority:0|startupRole:FOLLOWER, 6307e296-217c-47f6-b7e1-30640c7ce136|rpc:10.1.0.244:44105|dataStream:|priority:1|startupRole:FOLLOWER]|listeners:[], old=null RUNNING
2022-11-08 06:32:11,737 [Command processor thread] INFO  server.RaftServer$Division (RaftServerImpl.java:lambda$close$4(458)) - 2839026e-8851-4a4b-a6c3-ebe7d865c058@group-8D3BBCBE58DB: shutdown
2022-11-08 06:32:11,737 [Command processor thread] INFO  util.JmxRegister (JmxRegister.java:unregister(73)) - Successfully un-registered JMX Bean with object name Ratis:service=RaftServer,group=group-8D3BBCBE58DB,id=2839026e-8851-4a4b-a6c3-ebe7d865c058
2022-11-08 06:32:11,737 [Command processor thread] INFO  impl.RoleInfo (RoleInfo.java:shutdownFollowerState(110)) - 2839026e-8851-4a4b-a6c3-ebe7d865c058: shutdown 2839026e-8851-4a4b-a6c3-ebe7d865c058@group-8D3BBCBE58DB-FollowerState
2022-11-08 06:32:11,737 [Command processor thread] INFO  impl.StateMachineUpdater (StateMachineUpdater.java:stopAndJoin(153)) - 2839026e-8851-4a4b-a6c3-ebe7d865c058@group-8D3BBCBE58DB-StateMachineUpdater: set stopIndex = 0
2022-11-08 06:32:11,737 [2839026e-8851-4a4b-a6c3-ebe7d865c058@group-8D3BBCBE58DB-FollowerState] INFO  impl.FollowerState (FollowerState.java:run(152)) - 2839026e-8851-4a4b-a6c3-ebe7d865c058@group-8D3BBCBE58DB-FollowerState was interrupted
2022-11-08 06:32:11,737 [grpc-default-executor-3] INFO  leader.FollowerInfo (FollowerInfoImpl.java:lambda$new$0(48)) - 2839026e-8851-4a4b-a6c3-ebe7d865c058@group-51BCA9DC5368->6307e296-217c-47f6-b7e1-30640c7ce136: nextIndex: updateUnconditionally 1 -> 0
2022-11-08 06:32:11,739 [2839026e-8851-4a4b-a6c3-ebe7d865c058@group-8D3BBCBE58DB-StateMachineUpdater] INFO  ratis.ContainerStateMachine (ContainerStateMachine.java:takeSnapshot(304)) - group-8D3BBCBE58DB: Taking a snapshot at:(t:2, i:0) file /home/runner/work/ozone/ozone/hadoop-ozone/integration-test/target/test-dir/MiniOzoneClusterImpl-c53ae64f-4849-40e6-a4d6-552e28141f22/datanode-3/data/ratis/e91c506a-b035-4381-920e-8d3bbcbe58db/sm/snapshot.2_0
2022-11-08 06:32:11,739 [grpc-default-executor-3] INFO  server.GrpcServerProtocolService (GrpcServerProtocolService.java:onCompleted(145)) - 6307e296-217c-47f6-b7e1-30640c7ce136: Completed APPEND_ENTRIES, lastRequest: null
2022-11-08 06:32:11,739 [grpc-default-executor-3] INFO  server.GrpcLogAppender (GrpcLogAppender.java:onCompleted(415)) - 2839026e-8851-4a4b-a6c3-ebe7d865c058@group-51BCA9DC5368->ea638ff9-1ace-4fa2-9837-fa4aefb4be68-AppendLogResponseHandler: follower responses appendEntries COMPLETED
2022-11-08 06:32:11,739 [grpc-default-executor-3] INFO  leader.FollowerInfo (FollowerInfoImpl.java:lambda$new$0(48)) - 2839026e-8851-4a4b-a6c3-ebe7d865c058@group-51BCA9DC5368->ea638ff9-1ace-4fa2-9837-fa4aefb4be68: nextIndex: updateUnconditionally 0 -> 0
2022-11-08 06:32:11,740 [2839026e-8851-4a4b-a6c3-ebe7d865c058@group-8D3BBCBE58DB-StateMachineUpdater] INFO  ratis.ContainerStateMachine (ContainerStateMachine.java:takeSnapshot(315)) - group-8D3BBCBE58DB: Finished taking a snapshot at:(t:2, i:0) file:/home/runner/work/ozone/ozone/hadoop-ozone/integration-test/target/test-dir/MiniOzoneClusterImpl-c53ae64f-4849-40e6-a4d6-552e28141f22/datanode-3/data/ratis/e91c506a-b035-4381-920e-8d3bbcbe58db/sm/snapshot.2_0 took: 1 ms
2022-11-08 06:32:11,740 [grpc-default-executor-5] INFO  server.GrpcLogAppender (GrpcLogAppender.java:onCompleted(415)) - 2839026e-8851-4a4b-a6c3-ebe7d865c058@group-51BCA9DC5368->6307e296-217c-47f6-b7e1-30640c7ce136-AppendLogResponseHandler: follower responses appendEntries COMPLETED
2022-11-08 06:32:11,740 [grpc-default-executor-5] INFO  leader.FollowerInfo (FollowerInfoImpl.java:lambda$new$0(48)) - 2839026e-8851-4a4b-a6c3-ebe7d865c058@group-51BCA9DC5368->6307e296-217c-47f6-b7e1-30640c7ce136: nextIndex: updateUnconditionally 0 -> 0
2022-11-08 06:32:11,740 [2839026e-8851-4a4b-a6c3-ebe7d865c058@group-8D3BBCBE58DB-StateMachineUpdater] INFO  impl.StateMachineUpdater (StateMachineUpdater.java:takeSnapshot(287)) - 2839026e-8851-4a4b-a6c3-ebe7d865c058@group-8D3BBCBE58DB-StateMachineUpdater: Took a snapshot at index 0
2022-11-08 06:32:11,740 [2839026e-8851-4a4b-a6c3-ebe7d865c058@group-8D3BBCBE58DB-StateMachineUpdater] INFO  impl.StateMachineUpdater (StateMachineUpdater.java:lambda$new$0(92)) - 2839026e-8851-4a4b-a6c3-ebe7d865c058@group-8D3BBCBE58DB-StateMachineUpdater: snapshotIndex: updateIncreasingly -1 -> 0
2022-11-08 06:32:11,743 [Command processor thread] INFO  server.RaftServer$Division (ServerState.java:close(466)) - 2839026e-8851-4a4b-a6c3-ebe7d865c058@group-8D3BBCBE58DB: closes. applyIndex: 0
2022-11-08 06:32:11,743 [2839026e-8851-4a4b-a6c3-ebe7d865c058@group-8D3BBCBE58DB-SegmentedRaftLogWorker] INFO  segmented.SegmentedRaftLogWorker (SegmentedRaftLogWorker.java:run(345)) - 2839026e-8851-4a4b-a6c3-ebe7d865c058@group-8D3BBCBE58DB-SegmentedRaftLogWorker was interrupted, exiting. There are 0 tasks remaining in the queue.
2022-11-08 06:32:11,744 [Command processor thread] INFO  segmented.SegmentedRaftLogWorker (SegmentedRaftLogWorker.java:close(255)) - 2839026e-8851-4a4b-a6c3-ebe7d865c058@group-8D3BBCBE58DB-SegmentedRaftLogWorker close()
2022-11-08 06:32:11,746 [Command processor thread] INFO  server.RaftServer$Division (RaftServerImpl.java:groupRemove(428)) - 2839026e-8851-4a4b-a6c3-ebe7d865c058@group-8D3BBCBE58DB: Succeed to remove RaftStorageDirectory Storage Directory /home/runner/work/ozone/ozone/hadoop-ozone/integration-test/target/test-dir/MiniOzoneClusterImpl-c53ae64f-4849-40e6-a4d6-552e28141f22/datanode-3/data/ratis/e91c506a-b035-4381-920e-8d3bbcbe58db
2022-11-08 06:32:11,746 [Command processor thread] INFO  commandhandler.ClosePipelineCommandHandler (ClosePipelineCommandHandler.java:handle(78)) - Close Pipeline PipelineID=e91c506a-b035-4381-920e-8d3bbcbe58db command on datanode 2839026e-8851-4a4b-a6c3-ebe7d865c058.
2022-11-08 06:32:11,798 [Command processor thread] INFO  server.RaftServer (RaftServerProxy.java:remove(107)) - 6307e296-217c-47f6-b7e1-30640c7ce136: remove  FOLLOWER 6307e296-217c-47f6-b7e1-30640c7ce136@group-51BCA9DC5368:t2, leader=2839026e-8851-4a4b-a6c3-ebe7d865c058, voted=2839026e-8851-4a4b-a6c3-ebe7d865c058, raftlog=Memoized:6307e296-217c-47f6-b7e1-30640c7ce136@group-51BCA9DC5368-SegmentedRaftLog:OPENED:c0, conf=0: peers:[ea638ff9-1ace-4fa2-9837-fa4aefb4be68|rpc:10.1.0.244:46199|dataStream:|priority:0|startupRole:FOLLOWER, 2839026e-8851-4a4b-a6c3-ebe7d865c058|rpc:10.1.0.244:45877|dataStream:|priority:1|startupRole:FOLLOWER, 6307e296-217c-47f6-b7e1-30640c7ce136|rpc:10.1.0.244:44105|dataStream:|priority:0|startupRole:FOLLOWER]|listeners:[], old=null RUNNING
2022-11-08 06:32:11,798 [Command processor thread] INFO  server.RaftServer$Division (RaftServerImpl.java:lambda$close$4(458)) - 6307e296-217c-47f6-b7e1-30640c7ce136@group-51BCA9DC5368: shutdown
2022-11-08 06:32:11,799 [Command processor thread] INFO  util.JmxRegister (JmxRegister.java:unregister(73)) - Successfully un-registered JMX Bean with object name Ratis:service=RaftServer,group=group-51BCA9DC5368,id=6307e296-217c-47f6-b7e1-30640c7ce136
2022-11-08 06:32:11,799 [Command processor thread] INFO  impl.RoleInfo (RoleInfo.java:shutdownFollowerState(110)) - 6307e296-217c-47f6-b7e1-30640c7ce136: shutdown 6307e296-217c-47f6-b7e1-30640c7ce136@group-51BCA9DC5368-FollowerState
2022-11-08 06:32:11,799 [Command processor thread] INFO  impl.StateMachineUpdater (StateMachineUpdater.java:stopAndJoin(153)) - 6307e296-217c-47f6-b7e1-30640c7ce136@group-51BCA9DC5368-StateMachineUpdater: set stopIndex = 0
2022-11-08 06:32:11,799 [6307e296-217c-47f6-b7e1-30640c7ce136@group-51BCA9DC5368-FollowerState] INFO  impl.FollowerState (FollowerState.java:run(152)) - 6307e296-217c-47f6-b7e1-30640c7ce136@group-51BCA9DC5368-FollowerState was interrupted
2022-11-08 06:32:11,800 [6307e296-217c-47f6-b7e1-30640c7ce136@group-51BCA9DC5368-StateMachineUpdater] INFO  ratis.ContainerStateMachine (ContainerStateMachine.java:takeSnapshot(304)) - group-51BCA9DC5368: Taking a snapshot at:(t:2, i:0) file /home/runner/work/ozone/ozone/hadoop-ozone/integration-test/target/test-dir/MiniOzoneClusterImpl-c53ae64f-4849-40e6-a4d6-552e28141f22/datanode-4/data/ratis/75d1896c-4bf2-4229-ad72-51bca9dc5368/sm/snapshot.2_0
2022-11-08 06:32:11,801 [6307e296-217c-47f6-b7e1-30640c7ce136@group-51BCA9DC5368-StateMachineUpdater] INFO  ratis.ContainerStateMachine (ContainerStateMachine.java:takeSnapshot(315)) - group-51BCA9DC5368: Finished taking a snapshot at:(t:2, i:0) file:/home/runner/work/ozone/ozone/hadoop-ozone/integration-test/target/test-dir/MiniOzoneClusterImpl-c53ae64f-4849-40e6-a4d6-552e28141f22/datanode-4/data/ratis/75d1896c-4bf2-4229-ad72-51bca9dc5368/sm/snapshot.2_0 took: 1 ms
2022-11-08 06:32:11,801 [6307e296-217c-47f6-b7e1-30640c7ce136@group-51BCA9DC5368-StateMachineUpdater] INFO  impl.StateMachineUpdater (StateMachineUpdater.java:takeSnapshot(287)) - 6307e296-217c-47f6-b7e1-30640c7ce136@group-51BCA9DC5368-StateMachineUpdater: Took a snapshot at index 0
2022-11-08 06:32:11,801 [6307e296-217c-47f6-b7e1-30640c7ce136@group-51BCA9DC5368-StateMachineUpdater] INFO  impl.StateMachineUpdater (StateMachineUpdater.java:lambda$new$0(92)) - 6307e296-217c-47f6-b7e1-30640c7ce136@group-51BCA9DC5368-StateMachineUpdater: snapshotIndex: updateIncreasingly -1 -> 0
2022-11-08 06:32:11,802 [Command processor thread] INFO  server.RaftServer$Division (ServerState.java:close(466)) - 6307e296-217c-47f6-b7e1-30640c7ce136@group-51BCA9DC5368: closes. applyIndex: 0
2022-11-08 06:32:11,802 [6307e296-217c-47f6-b7e1-30640c7ce136@group-51BCA9DC5368-SegmentedRaftLogWorker] INFO  segmented.SegmentedRaftLogWorker (SegmentedRaftLogWorker.java:run(345)) - 6307e296-217c-47f6-b7e1-30640c7ce136@group-51BCA9DC5368-SegmentedRaftLogWorker was interrupted, exiting. There are 0 tasks remaining in the queue.
2022-11-08 06:32:11,803 [Command processor thread] INFO  segmented.SegmentedRaftLogWorker (SegmentedRaftLogWorker.java:close(255)) - 6307e296-217c-47f6-b7e1-30640c7ce136@group-51BCA9DC5368-SegmentedRaftLogWorker close()
2022-11-08 06:32:11,805 [Command processor thread] INFO  server.RaftServer$Division (RaftServerImpl.java:groupRemove(428)) - 6307e296-217c-47f6-b7e1-30640c7ce136@group-51BCA9DC5368: Succeed to remove RaftStorageDirectory Storage Directory /home/runner/work/ozone/ozone/hadoop-ozone/integration-test/target/test-dir/MiniOzoneClusterImpl-c53ae64f-4849-40e6-a4d6-552e28141f22/datanode-4/data/ratis/75d1896c-4bf2-4229-ad72-51bca9dc5368
2022-11-08 06:32:11,805 [Command processor thread] INFO  commandhandler.ClosePipelineCommandHandler (ClosePipelineCommandHandler.java:handle(78)) - Close Pipeline PipelineID=75d1896c-4bf2-4229-ad72-51bca9dc5368 command on datanode 6307e296-217c-47f6-b7e1-30640c7ce136.
2022-11-08 06:32:11,805 [Command processor thread] INFO  server.RaftServer (RaftServerProxy.java:remove(107)) - 6307e296-217c-47f6-b7e1-30640c7ce136: remove    LEADER 6307e296-217c-47f6-b7e1-30640c7ce136@group-8D3BBCBE58DB:t2, leader=6307e296-217c-47f6-b7e1-30640c7ce136, voted=6307e296-217c-47f6-b7e1-30640c7ce136, raftlog=Memoized:6307e296-217c-47f6-b7e1-30640c7ce136@group-8D3BBCBE58DB-SegmentedRaftLog:OPENED:c0, conf=0: peers:[ea638ff9-1ace-4fa2-9837-fa4aefb4be68|rpc:10.1.0.244:46199|dataStream:|priority:0|startupRole:FOLLOWER, 2839026e-8851-4a4b-a6c3-ebe7d865c058|rpc:10.1.0.244:45877|dataStream:|priority:0|startupRole:FOLLOWER, 6307e296-217c-47f6-b7e1-30640c7ce136|rpc:10.1.0.244:44105|dataStream:|priority:1|startupRole:FOLLOWER]|listeners:[], old=null RUNNING
2022-11-08 06:32:11,805 [Command processor thread] INFO  server.RaftServer$Division (RaftServerImpl.java:lambda$close$4(458)) - 6307e296-217c-47f6-b7e1-30640c7ce136@group-8D3BBCBE58DB: shutdown
2022-11-08 06:32:11,806 [Command processor thread] INFO  util.JmxRegister (JmxRegister.java:unregister(73)) - Successfully un-registered JMX Bean with object name Ratis:service=RaftServer,group=group-8D3BBCBE58DB,id=6307e296-217c-47f6-b7e1-30640c7ce136
2022-11-08 06:32:11,806 [Command processor thread] INFO  impl.RoleInfo (RoleInfo.java:shutdownLeaderState(93)) - 6307e296-217c-47f6-b7e1-30640c7ce136: shutdown 6307e296-217c-47f6-b7e1-30640c7ce136@group-8D3BBCBE58DB-LeaderStateImpl
2022-11-08 06:32:11,806 [6307e296-217c-47f6-b7e1-30640c7ce136@group-8D3BBCBE58DB->ea638ff9-1ace-4fa2-9837-fa4aefb4be68-GrpcLogAppender-LogAppenderDaemon] WARN  server.GrpcLogAppender (GrpcLogAppender.java:mayWait(200)) - 6307e296-217c-47f6-b7e1-30640c7ce136@group-8D3BBCBE58DB->ea638ff9-1ace-4fa2-9837-fa4aefb4be68-GrpcLogAppender: Wait interrupted by java.lang.InterruptedException
2022-11-08 06:32:11,806 [6307e296-217c-47f6-b7e1-30640c7ce136@group-8D3BBCBE58DB->2839026e-8851-4a4b-a6c3-ebe7d865c058-GrpcLogAppender-LogAppenderDaemon] WARN  server.GrpcLogAppender (GrpcLogAppender.java:mayWait(200)) - 6307e296-217c-47f6-b7e1-30640c7ce136@group-8D3BBCBE58DB->2839026e-8851-4a4b-a6c3-ebe7d865c058-GrpcLogAppender: Wait interrupted by java.lang.InterruptedException
2022-11-08 06:32:11,808 [grpc-default-executor-3] INFO  server.GrpcServerProtocolService (GrpcServerProtocolService.java:onCompleted(145)) - 2839026e-8851-4a4b-a6c3-ebe7d865c058: Completed APPEND_ENTRIES, lastRequest: null
2022-11-08 06:32:11,806 [Command processor thread] INFO  impl.PendingRequests (PendingRequests.java:sendNotLeaderResponses(282)) - 6307e296-217c-47f6-b7e1-30640c7ce136@group-8D3BBCBE58DB-PendingRequests: sendNotLeaderResponses
2022-11-08 06:32:11,810 [grpc-default-executor-3] INFO  server.GrpcServerProtocolService (GrpcServerProtocolService.java:onCompleted(145)) - ea638ff9-1ace-4fa2-9837-fa4aefb4be68: Completed APPEND_ENTRIES, lastRequest: null
2022-11-08 06:32:11,810 [grpc-default-executor-5] INFO  server.GrpcServerProtocolService (GrpcServerProtocolService.java:onCompleted(145)) - 2839026e-8851-4a4b-a6c3-ebe7d865c058: Completed APPEND_ENTRIES, lastRequest: 6307e296-217c-47f6-b7e1-30640c7ce136->2839026e-8851-4a4b-a6c3-ebe7d865c058#1-t2,previous=(t:0, i:0),leaderCommit=0,initializing? true,entries: size=1, first=(t:2, i:0), CONFIGURATIONENTRY(current:id: "ea638ff9-1ace-4fa2-9837-fa4aefb4be68"
address: "10.1.0.244:46199"
clientAddress: "10.1.0.244:46199"
adminAddress: "10.1.0.244:46199"
startupRole: FOLLOWER
,id: "2839026e-8851-4a4b-a6c3-ebe7d865c058"
address: "10.1.0.244:45877"
clientAddress: "10.1.0.244:45877"
adminAddress: "10.1.0.244:45877"
startupRole: FOLLOWER
,id: "6307e296-217c-47f6-b7e1-30640c7ce136"
address: "10.1.0.244:44105"
priority: 1
clientAddress: "10.1.0.244:44105"
adminAddress: "10.1.0.244:44105"
startupRole: FOLLOWER
, old:)
2022-11-08 06:32:11,814 [grpc-default-executor-0] INFO  server.GrpcLogAppender (GrpcLogAppender.java:onCompleted(415)) - 6307e296-217c-47f6-b7e1-30640c7ce136@group-8D3BBCBE58DB->2839026e-8851-4a4b-a6c3-ebe7d865c058-AppendLogResponseHandler: follower responses appendEntries COMPLETED
2022-11-08 06:32:11,815 [grpc-default-executor-0] INFO  leader.FollowerInfo (FollowerInfoImpl.java:lambda$new$0(48)) - 6307e296-217c-47f6-b7e1-30640c7ce136@group-8D3BBCBE58DB->2839026e-8851-4a4b-a6c3-ebe7d865c058: nextIndex: updateUnconditionally 1 -> 0
2022-11-08 06:32:11,815 [grpc-default-executor-3] INFO  server.GrpcLogAppender (GrpcLogAppender.java:onCompleted(415)) - 6307e296-217c-47f6-b7e1-30640c7ce136@group-8D3BBCBE58DB->2839026e-8851-4a4b-a6c3-ebe7d865c058-AppendLogResponseHandler: follower responses appendEntries COMPLETED
2022-11-08 06:32:11,815 [grpc-default-executor-0] INFO  server.GrpcLogAppender (GrpcLogAppender.java:onCompleted(415)) - 6307e296-217c-47f6-b7e1-30640c7ce136@group-8D3BBCBE58DB->ea638ff9-1ace-4fa2-9837-fa4aefb4be68-AppendLogResponseHandler: follower responses appendEntries COMPLETED
2022-11-08 06:32:11,816 [grpc-default-executor-0] INFO  leader.FollowerInfo (FollowerInfoImpl.java:lambda$new$0(48)) - 6307e296-217c-47f6-b7e1-30640c7ce136@group-8D3BBCBE58DB->ea638ff9-1ace-4fa2-9837-fa4aefb4be68: nextIndex: updateUnconditionally 1 -> 0
2022-11-08 06:32:11,814 [Command processor thread] INFO  impl.StateMachineUpdater (StateMachineUpdater.java:stopAndJoin(153)) - 6307e296-217c-47f6-b7e1-30640c7ce136@group-8D3BBCBE58DB-StateMachineUpdater: set stopIndex = 0
2022-11-08 06:32:11,814 [6307e296-217c-47f6-b7e1-30640c7ce136@group-8D3BBCBE58DB-StateMachineUpdater] INFO  ratis.ContainerStateMachine (ContainerStateMachine.java:takeSnapshot(304)) - group-8D3BBCBE58DB: Taking a snapshot at:(t:2, i:0) file /home/runner/work/ozone/ozone/hadoop-ozone/integration-test/target/test-dir/MiniOzoneClusterImpl-c53ae64f-4849-40e6-a4d6-552e28141f22/datanode-4/data/ratis/e91c506a-b035-4381-920e-8d3bbcbe58db/sm/snapshot.2_0
2022-11-08 06:32:11,814 [grpc-default-executor-4] INFO  server.GrpcServerProtocolService (GrpcServerProtocolService.java:onCompleted(145)) - ea638ff9-1ace-4fa2-9837-fa4aefb4be68: Completed APPEND_ENTRIES, lastRequest: 6307e296-217c-47f6-b7e1-30640c7ce136->ea638ff9-1ace-4fa2-9837-fa4aefb4be68#1-t2,previous=(t:0, i:0),leaderCommit=0,initializing? true,entries: size=1, first=(t:2, i:0), CONFIGURATIONENTRY(current:id: "ea638ff9-1ace-4fa2-9837-fa4aefb4be68"
address: "10.1.0.244:46199"
clientAddress: "10.1.0.244:46199"
adminAddress: "10.1.0.244:46199"
startupRole: FOLLOWER
,id: "2839026e-8851-4a4b-a6c3-ebe7d865c058"
address: "10.1.0.244:45877"
clientAddress: "10.1.0.244:45877"
adminAddress: "10.1.0.244:45877"
startupRole: FOLLOWER
,id: "6307e296-217c-47f6-b7e1-30640c7ce136"
address: "10.1.0.244:44105"
priority: 1
clientAddress: "10.1.0.244:44105"
adminAddress: "10.1.0.244:44105"
startupRole: FOLLOWER
, old:)
2022-11-08 06:32:11,816 [grpc-default-executor-3] INFO  leader.FollowerInfo (FollowerInfoImpl.java:lambda$new$0(48)) - 6307e296-217c-47f6-b7e1-30640c7ce136@group-8D3BBCBE58DB->2839026e-8851-4a4b-a6c3-ebe7d865c058: nextIndex: updateUnconditionally 0 -> 0
2022-11-08 06:32:11,817 [6307e296-217c-47f6-b7e1-30640c7ce136@group-8D3BBCBE58DB-StateMachineUpdater] INFO  ratis.ContainerStateMachine (ContainerStateMachine.java:takeSnapshot(315)) - group-8D3BBCBE58DB: Finished taking a snapshot at:(t:2, i:0) file:/home/runner/work/ozone/ozone/hadoop-ozone/integration-test/target/test-dir/MiniOzoneClusterImpl-c53ae64f-4849-40e6-a4d6-552e28141f22/datanode-4/data/ratis/e91c506a-b035-4381-920e-8d3bbcbe58db/sm/snapshot.2_0 took: 3 ms
2022-11-08 06:32:11,817 [6307e296-217c-47f6-b7e1-30640c7ce136@group-8D3BBCBE58DB-StateMachineUpdater] INFO  impl.StateMachineUpdater (StateMachineUpdater.java:takeSnapshot(287)) - 6307e296-217c-47f6-b7e1-30640c7ce136@group-8D3BBCBE58DB-StateMachineUpdater: Took a snapshot at index 0
2022-11-08 06:32:11,817 [6307e296-217c-47f6-b7e1-30640c7ce136@group-8D3BBCBE58DB-StateMachineUpdater] INFO  impl.StateMachineUpdater (StateMachineUpdater.java:lambda$new$0(92)) - 6307e296-217c-47f6-b7e1-30640c7ce136@group-8D3BBCBE58DB-StateMachineUpdater: snapshotIndex: updateIncreasingly -1 -> 0
2022-11-08 06:32:11,818 [grpc-default-executor-5] INFO  server.GrpcLogAppender (GrpcLogAppender.java:onCompleted(415)) - 6307e296-217c-47f6-b7e1-30640c7ce136@group-8D3BBCBE58DB->ea638ff9-1ace-4fa2-9837-fa4aefb4be68-AppendLogResponseHandler: follower responses appendEntries COMPLETED
2022-11-08 06:32:11,818 [grpc-default-executor-5] INFO  leader.FollowerInfo (FollowerInfoImpl.java:lambda$new$0(48)) - 6307e296-217c-47f6-b7e1-30640c7ce136@group-8D3BBCBE58DB->ea638ff9-1ace-4fa2-9837-fa4aefb4be68: nextIndex: updateUnconditionally 0 -> 0
2022-11-08 06:32:11,818 [Command processor thread] INFO  server.RaftServer$Division (ServerState.java:close(466)) - 6307e296-217c-47f6-b7e1-30640c7ce136@group-8D3BBCBE58DB: closes. applyIndex: 0
2022-11-08 06:32:11,818 [6307e296-217c-47f6-b7e1-30640c7ce136@group-8D3BBCBE58DB-SegmentedRaftLogWorker] INFO  segmented.SegmentedRaftLogWorker (SegmentedRaftLogWorker.java:run(345)) - 6307e296-217c-47f6-b7e1-30640c7ce136@group-8D3BBCBE58DB-SegmentedRaftLogWorker was interrupted, exiting. There are 0 tasks remaining in the queue.
2022-11-08 06:32:11,821 [Command processor thread] INFO  segmented.SegmentedRaftLogWorker (SegmentedRaftLogWorker.java:close(255)) - 6307e296-217c-47f6-b7e1-30640c7ce136@group-8D3BBCBE58DB-SegmentedRaftLogWorker close()
2022-11-08 06:32:11,823 [Command processor thread] INFO  server.RaftServer$Division (RaftServerImpl.java:groupRemove(428)) - 6307e296-217c-47f6-b7e1-30640c7ce136@group-8D3BBCBE58DB: Succeed to remove RaftStorageDirectory Storage Directory /home/runner/work/ozone/ozone/hadoop-ozone/integration-test/target/test-dir/MiniOzoneClusterImpl-c53ae64f-4849-40e6-a4d6-552e28141f22/datanode-4/data/ratis/e91c506a-b035-4381-920e-8d3bbcbe58db
2022-11-08 06:32:11,823 [Command processor thread] INFO  commandhandler.ClosePipelineCommandHandler (ClosePipelineCommandHandler.java:handle(78)) - Close Pipeline PipelineID=e91c506a-b035-4381-920e-8d3bbcbe58db command on datanode 6307e296-217c-47f6-b7e1-30640c7ce136.
2022-11-08 06:32:12,090 [Command processor thread] INFO  server.RaftServer (RaftServerProxy.java:remove(107)) - 31d5b2a7-dd00-41c8-9482-fa5c506864d0: remove  FOLLOWER 31d5b2a7-dd00-41c8-9482-fa5c506864d0@group-F6E9697080AB:t2, leader=ec4ff2c3-aedb-4237-8f96-8aa5e66a28ee, voted=ec4ff2c3-aedb-4237-8f96-8aa5e66a28ee, raftlog=Memoized:31d5b2a7-dd00-41c8-9482-fa5c506864d0@group-F6E9697080AB-SegmentedRaftLog:OPENED:c0, conf=0: peers:[31d5b2a7-dd00-41c8-9482-fa5c506864d0|rpc:10.1.0.244:38699|dataStream:|priority:0|startupRole:FOLLOWER, 976467f4-c66a-4ccc-8167-891a23ca4537|rpc:10.1.0.244:37157|dataStream:|priority:0|startupRole:FOLLOWER, ec4ff2c3-aedb-4237-8f96-8aa5e66a28ee|rpc:10.1.0.244:40923|dataStream:|priority:1|startupRole:FOLLOWER]|listeners:[], old=null RUNNING
2022-11-08 06:32:12,090 [Command processor thread] INFO  server.RaftServer$Division (RaftServerImpl.java:lambda$close$4(458)) - 31d5b2a7-dd00-41c8-9482-fa5c506864d0@group-F6E9697080AB: shutdown
2022-11-08 06:32:12,090 [Command processor thread] INFO  util.JmxRegister (JmxRegister.java:unregister(73)) - Successfully un-registered JMX Bean with object name Ratis:service=RaftServer,group=group-F6E9697080AB,id=31d5b2a7-dd00-41c8-9482-fa5c506864d0
2022-11-08 06:32:12,090 [Command processor thread] INFO  impl.RoleInfo (RoleInfo.java:shutdownFollowerState(110)) - 31d5b2a7-dd00-41c8-9482-fa5c506864d0: shutdown 31d5b2a7-dd00-41c8-9482-fa5c506864d0@group-F6E9697080AB-FollowerState
2022-11-08 06:32:12,091 [Command processor thread] INFO  impl.StateMachineUpdater (StateMachineUpdater.java:stopAndJoin(153)) - 31d5b2a7-dd00-41c8-9482-fa5c506864d0@group-F6E9697080AB-StateMachineUpdater: set stopIndex = 0
2022-11-08 06:32:12,091 [31d5b2a7-dd00-41c8-9482-fa5c506864d0@group-F6E9697080AB-FollowerState] INFO  impl.FollowerState (FollowerState.java:run(152)) - 31d5b2a7-dd00-41c8-9482-fa5c506864d0@group-F6E9697080AB-FollowerState was interrupted
2022-11-08 06:32:12,092 [31d5b2a7-dd00-41c8-9482-fa5c506864d0@group-F6E9697080AB-StateMachineUpdater] INFO  ratis.ContainerStateMachine (ContainerStateMachine.java:takeSnapshot(304)) - group-F6E9697080AB: Taking a snapshot at:(t:2, i:0) file /home/runner/work/ozone/ozone/hadoop-ozone/integration-test/target/test-dir/MiniOzoneClusterImpl-c53ae64f-4849-40e6-a4d6-552e28141f22/datanode-2/data/ratis/e0898281-40f4-4d8c-9eb1-f6e9697080ab/sm/snapshot.2_0
2022-11-08 06:32:12,093 [31d5b2a7-dd00-41c8-9482-fa5c506864d0@group-F6E9697080AB-StateMachineUpdater] INFO  ratis.ContainerStateMachine (ContainerStateMachine.java:takeSnapshot(315)) - group-F6E9697080AB: Finished taking a snapshot at:(t:2, i:0) file:/home/runner/work/ozone/ozone/hadoop-ozone/integration-test/target/test-dir/MiniOzoneClusterImpl-c53ae64f-4849-40e6-a4d6-552e28141f22/datanode-2/data/ratis/e0898281-40f4-4d8c-9eb1-f6e9697080ab/sm/snapshot.2_0 took: 1 ms
2022-11-08 06:32:12,093 [31d5b2a7-dd00-41c8-9482-fa5c506864d0@group-F6E9697080AB-StateMachineUpdater] INFO  impl.StateMachineUpdater (StateMachineUpdater.java:takeSnapshot(287)) - 31d5b2a7-dd00-41c8-9482-fa5c506864d0@group-F6E9697080AB-StateMachineUpdater: Took a snapshot at index 0
2022-11-08 06:32:12,093 [31d5b2a7-dd00-41c8-9482-fa5c506864d0@group-F6E9697080AB-StateMachineUpdater] INFO  impl.StateMachineUpdater (StateMachineUpdater.java:lambda$new$0(92)) - 31d5b2a7-dd00-41c8-9482-fa5c506864d0@group-F6E9697080AB-StateMachineUpdater: snapshotIndex: updateIncreasingly -1 -> 0
2022-11-08 06:32:12,094 [Command processor thread] INFO  server.RaftServer$Division (ServerState.java:close(466)) - 31d5b2a7-dd00-41c8-9482-fa5c506864d0@group-F6E9697080AB: closes. applyIndex: 0
2022-11-08 06:32:12,094 [31d5b2a7-dd00-41c8-9482-fa5c506864d0@group-F6E9697080AB-SegmentedRaftLogWorker] INFO  segmented.SegmentedRaftLogWorker (SegmentedRaftLogWorker.java:run(345)) - 31d5b2a7-dd00-41c8-9482-fa5c506864d0@group-F6E9697080AB-SegmentedRaftLogWorker was interrupted, exiting. There are 0 tasks remaining in the queue.
2022-11-08 06:32:12,095 [Command processor thread] INFO  segmented.SegmentedRaftLogWorker (SegmentedRaftLogWorker.java:close(255)) - 31d5b2a7-dd00-41c8-9482-fa5c506864d0@group-F6E9697080AB-SegmentedRaftLogWorker close()
2022-11-08 06:32:12,098 [Command processor thread] INFO  server.RaftServer$Division (RaftServerImpl.java:groupRemove(428)) - 31d5b2a7-dd00-41c8-9482-fa5c506864d0@group-F6E9697080AB: Succeed to remove RaftStorageDirectory Storage Directory /home/runner/work/ozone/ozone/hadoop-ozone/integration-test/target/test-dir/MiniOzoneClusterImpl-c53ae64f-4849-40e6-a4d6-552e28141f22/datanode-2/data/ratis/e0898281-40f4-4d8c-9eb1-f6e9697080ab
2022-11-08 06:32:12,098 [Command processor thread] INFO  commandhandler.ClosePipelineCommandHandler (ClosePipelineCommandHandler.java:handle(78)) - Close Pipeline PipelineID=e0898281-40f4-4d8c-9eb1-f6e9697080ab command on datanode 31d5b2a7-dd00-41c8-9482-fa5c506864d0.
2022-11-08 06:32:12,606 [ec4ff2c3-aedb-4237-8f96-8aa5e66a28ee@group-73C734729954-FollowerState] INFO  impl.FollowerState (FollowerState.java:run(143)) - ec4ff2c3-aedb-4237-8f96-8aa5e66a28ee@group-73C734729954-FollowerState: change to CANDIDATE, lastRpcElapsedTime:5105984429ns, electionTimeout:5105ms
2022-11-08 06:32:12,606 [ec4ff2c3-aedb-4237-8f96-8aa5e66a28ee@group-73C734729954-FollowerState] INFO  impl.RoleInfo (RoleInfo.java:shutdownFollowerState(110)) - ec4ff2c3-aedb-4237-8f96-8aa5e66a28ee: shutdown ec4ff2c3-aedb-4237-8f96-8aa5e66a28ee@group-73C734729954-FollowerState
2022-11-08 06:32:12,606 [ec4ff2c3-aedb-4237-8f96-8aa5e66a28ee@group-73C734729954-FollowerState] INFO  server.RaftServer$Division (RaftServerImpl.java:setRole(321)) - ec4ff2c3-aedb-4237-8f96-8aa5e66a28ee@group-73C734729954: changes role from  FOLLOWER to CANDIDATE at term 2 for changeToCandidate
2022-11-08 06:32:12,606 [ec4ff2c3-aedb-4237-8f96-8aa5e66a28ee@group-73C734729954-FollowerState] INFO  server.RaftServerConfigKeys (ConfUtils.java:logGet(46)) - raft.server.leaderelection.pre-vote = false (custom)
2022-11-08 06:32:12,606 [ec4ff2c3-aedb-4237-8f96-8aa5e66a28ee@group-73C734729954-FollowerState] INFO  impl.RoleInfo (RoleInfo.java:updateAndGet(139)) - ec4ff2c3-aedb-4237-8f96-8aa5e66a28ee: start ec4ff2c3-aedb-4237-8f96-8aa5e66a28ee@group-73C734729954-LeaderElection17
2022-11-08 06:32:12,609 [ec4ff2c3-aedb-4237-8f96-8aa5e66a28ee@group-73C734729954-LeaderElection17] INFO  impl.LeaderElection (LeaderElection.java:askForVotes(312)) - ec4ff2c3-aedb-4237-8f96-8aa5e66a28ee@group-73C734729954-LeaderElection17 ELECTION round 0: submit vote requests at term 3 for -1: peers:[31d5b2a7-dd00-41c8-9482-fa5c506864d0|rpc:10.1.0.244:38699|priority:0|startupRole:FOLLOWER, 976467f4-c66a-4ccc-8167-891a23ca4537|rpc:10.1.0.244:37157|priority:1|startupRole:FOLLOWER, ec4ff2c3-aedb-4237-8f96-8aa5e66a28ee|rpc:10.1.0.244:40923|priority:0|startupRole:FOLLOWER]|listeners:[], old=null
2022-11-08 06:32:12,610 [ec4ff2c3-aedb-4237-8f96-8aa5e66a28ee@group-73C734729954-LeaderElection17] INFO  server.RaftServerConfigKeys (ConfUtils.java:logFallback(53)) - raft.server.rpc.first-election.timeout.min = 5s (fallback to raft.server.rpc.timeout.min)
2022-11-08 06:32:12,610 [ec4ff2c3-aedb-4237-8f96-8aa5e66a28ee@group-73C734729954-LeaderElection17] INFO  server.RaftServerConfigKeys (ConfUtils.java:logFallback(53)) - raft.server.rpc.first-election.timeout.max = 5200ms (fallback to raft.server.rpc.timeout.max)
2022-11-08 06:32:12,613 [grpc-default-executor-3] INFO  server.RaftServer$Division (RaftServerImpl.java:requestVote(1218)) - 976467f4-c66a-4ccc-8167-891a23ca4537@group-73C734729954: receive requestVote(ELECTION, ec4ff2c3-aedb-4237-8f96-8aa5e66a28ee, group-73C734729954, 3, (t:0, i:0))
2022-11-08 06:32:12,613 [grpc-default-executor-3] INFO  impl.VoteContext (VoteContext.java:log(48)) - 976467f4-c66a-4ccc-8167-891a23ca4537@group-73C734729954-FOLLOWER: reject ELECTION from ec4ff2c3-aedb-4237-8f96-8aa5e66a28ee: our priority 1 > candidate's priority 0
2022-11-08 06:32:12,614 [grpc-default-executor-3] INFO  server.RaftServer$Division (RaftServerImpl.java:setRole(321)) - 976467f4-c66a-4ccc-8167-891a23ca4537@group-73C734729954: changes role from  FOLLOWER to FOLLOWER at term 3 for candidate:ec4ff2c3-aedb-4237-8f96-8aa5e66a28ee
2022-11-08 06:32:12,614 [grpc-default-executor-3] INFO  impl.RoleInfo (RoleInfo.java:shutdownFollowerState(110)) - 976467f4-c66a-4ccc-8167-891a23ca4537: shutdown 976467f4-c66a-4ccc-8167-891a23ca4537@group-73C734729954-FollowerState
2022-11-08 06:32:12,614 [grpc-default-executor-3] INFO  impl.RoleInfo (RoleInfo.java:updateAndGet(139)) - 976467f4-c66a-4ccc-8167-891a23ca4537: start 976467f4-c66a-4ccc-8167-891a23ca4537@group-73C734729954-FollowerState
2022-11-08 06:32:12,614 [976467f4-c66a-4ccc-8167-891a23ca4537@group-73C734729954-FollowerState] INFO  impl.FollowerState (FollowerState.java:run(152)) - 976467f4-c66a-4ccc-8167-891a23ca4537@group-73C734729954-FollowerState was interrupted
2022-11-08 06:32:12,614 [grpc-default-executor-5] INFO  server.RaftServer$Division (RaftServerImpl.java:requestVote(1218)) - 31d5b2a7-dd00-41c8-9482-fa5c506864d0@group-73C734729954: receive requestVote(ELECTION, ec4ff2c3-aedb-4237-8f96-8aa5e66a28ee, group-73C734729954, 3, (t:0, i:0))
2022-11-08 06:32:12,614 [grpc-default-executor-5] INFO  impl.VoteContext (VoteContext.java:log(48)) - 31d5b2a7-dd00-41c8-9482-fa5c506864d0@group-73C734729954-FOLLOWER: accept ELECTION from ec4ff2c3-aedb-4237-8f96-8aa5e66a28ee: our priority 0 <= candidate's priority 0
2022-11-08 06:32:12,614 [grpc-default-executor-5] INFO  server.RaftServer$Division (RaftServerImpl.java:setRole(321)) - 31d5b2a7-dd00-41c8-9482-fa5c506864d0@group-73C734729954: changes role from  FOLLOWER to FOLLOWER at term 3 for candidate:ec4ff2c3-aedb-4237-8f96-8aa5e66a28ee
2022-11-08 06:32:12,614 [grpc-default-executor-5] INFO  impl.RoleInfo (RoleInfo.java:shutdownFollowerState(110)) - 31d5b2a7-dd00-41c8-9482-fa5c506864d0: shutdown 31d5b2a7-dd00-41c8-9482-fa5c506864d0@group-73C734729954-FollowerState
2022-11-08 06:32:12,618 [grpc-default-executor-5] INFO  impl.RoleInfo (RoleInfo.java:updateAndGet(139)) - 31d5b2a7-dd00-41c8-9482-fa5c506864d0: start 31d5b2a7-dd00-41c8-9482-fa5c506864d0@group-73C734729954-FollowerState
2022-11-08 06:32:12,618 [31d5b2a7-dd00-41c8-9482-fa5c506864d0@group-73C734729954-FollowerState] INFO  impl.FollowerState (FollowerState.java:run(152)) - 31d5b2a7-dd00-41c8-9482-fa5c506864d0@group-73C734729954-FollowerState was interrupted
2022-11-08 06:32:12,622 [grpc-default-executor-5] INFO  server.RaftServer$Division (RaftServerImpl.java:requestVote(1251)) - 31d5b2a7-dd00-41c8-9482-fa5c506864d0@group-73C734729954 replies to ELECTION vote request: ec4ff2c3-aedb-4237-8f96-8aa5e66a28ee<-31d5b2a7-dd00-41c8-9482-fa5c506864d0#0:OK-t3. Peer's state: 31d5b2a7-dd00-41c8-9482-fa5c506864d0@group-73C734729954:t3, leader=null, voted=ec4ff2c3-aedb-4237-8f96-8aa5e66a28ee, raftlog=Memoized:31d5b2a7-dd00-41c8-9482-fa5c506864d0@group-73C734729954-SegmentedRaftLog:OPENED:c-1, conf=-1: peers:[31d5b2a7-dd00-41c8-9482-fa5c506864d0|rpc:10.1.0.244:38699|dataStream:|priority:0|startupRole:FOLLOWER, 976467f4-c66a-4ccc-8167-891a23ca4537|rpc:10.1.0.244:37157|dataStream:|priority:1|startupRole:FOLLOWER, ec4ff2c3-aedb-4237-8f96-8aa5e66a28ee|rpc:10.1.0.244:40923|dataStream:|priority:0|startupRole:FOLLOWER]|listeners:[], old=null
2022-11-08 06:32:12,622 [grpc-default-executor-3] INFO  server.RaftServer$Division (RaftServerImpl.java:requestVote(1251)) - 976467f4-c66a-4ccc-8167-891a23ca4537@group-73C734729954 replies to ELECTION vote request: ec4ff2c3-aedb-4237-8f96-8aa5e66a28ee<-976467f4-c66a-4ccc-8167-891a23ca4537#0:FAIL-t3. Peer's state: 976467f4-c66a-4ccc-8167-891a23ca4537@group-73C734729954:t3, leader=null, voted=null, raftlog=Memoized:976467f4-c66a-4ccc-8167-891a23ca4537@group-73C734729954-SegmentedRaftLog:OPENED:c-1, conf=-1: peers:[31d5b2a7-dd00-41c8-9482-fa5c506864d0|rpc:10.1.0.244:38699|priority:0|startupRole:FOLLOWER, 976467f4-c66a-4ccc-8167-891a23ca4537|rpc:10.1.0.244:37157|priority:1|startupRole:FOLLOWER, ec4ff2c3-aedb-4237-8f96-8aa5e66a28ee|rpc:10.1.0.244:40923|priority:0|startupRole:FOLLOWER]|listeners:[], old=null
2022-11-08 06:32:12,623 [31d5b2a7-dd00-41c8-9482-fa5c506864d0@group-73C734729954-FollowerState] INFO  server.RaftServerConfigKeys (ConfUtils.java:logFallback(53)) - raft.server.rpc.first-election.timeout.min = 5s (fallback to raft.server.rpc.timeout.min)
2022-11-08 06:32:12,623 [31d5b2a7-dd00-41c8-9482-fa5c506864d0@group-73C734729954-FollowerState] INFO  server.RaftServerConfigKeys (ConfUtils.java:logFallback(53)) - raft.server.rpc.first-election.timeout.max = 5200ms (fallback to raft.server.rpc.timeout.max)
2022-11-08 06:32:12,623 [976467f4-c66a-4ccc-8167-891a23ca4537@group-73C734729954-FollowerState] INFO  server.RaftServerConfigKeys (ConfUtils.java:logFallback(53)) - raft.server.rpc.first-election.timeout.min = 5s (fallback to raft.server.rpc.timeout.min)
2022-11-08 06:32:12,623 [976467f4-c66a-4ccc-8167-891a23ca4537@group-73C734729954-FollowerState] INFO  server.RaftServerConfigKeys (ConfUtils.java:logFallback(53)) - raft.server.rpc.first-election.timeout.max = 5200ms (fallback to raft.server.rpc.timeout.max)
2022-11-08 06:32:12,628 [ec4ff2c3-aedb-4237-8f96-8aa5e66a28ee@group-73C734729954-LeaderElection17] INFO  impl.LeaderElection (LeaderElection.java:logAndReturn(90)) - ec4ff2c3-aedb-4237-8f96-8aa5e66a28ee@group-73C734729954-LeaderElection17: ELECTION REJECTED received 2 response(s) and 0 exception(s):
2022-11-08 06:32:12,628 [ec4ff2c3-aedb-4237-8f96-8aa5e66a28ee@group-73C734729954-LeaderElection17] INFO  impl.LeaderElection (LeaderElection.java:logAndReturn(94)) -   Response 0: ec4ff2c3-aedb-4237-8f96-8aa5e66a28ee<-31d5b2a7-dd00-41c8-9482-fa5c506864d0#0:OK-t3
2022-11-08 06:32:12,628 [ec4ff2c3-aedb-4237-8f96-8aa5e66a28ee@group-73C734729954-LeaderElection17] INFO  impl.LeaderElection (LeaderElection.java:logAndReturn(94)) -   Response 1: ec4ff2c3-aedb-4237-8f96-8aa5e66a28ee<-976467f4-c66a-4ccc-8167-891a23ca4537#0:FAIL-t3
2022-11-08 06:32:12,628 [ec4ff2c3-aedb-4237-8f96-8aa5e66a28ee@group-73C734729954-LeaderElection17] INFO  impl.LeaderElection (LeaderElection.java:askForVotes(314)) - ec4ff2c3-aedb-4237-8f96-8aa5e66a28ee@group-73C734729954-LeaderElection17 ELECTION round 0: result REJECTED
2022-11-08 06:32:12,628 [ec4ff2c3-aedb-4237-8f96-8aa5e66a28ee@group-73C734729954-LeaderElection17] INFO  server.RaftServer$Division (RaftServerImpl.java:setRole(321)) - ec4ff2c3-aedb-4237-8f96-8aa5e66a28ee@group-73C734729954: changes role from CANDIDATE to FOLLOWER at term 3 for REJECTED
2022-11-08 06:32:12,628 [ec4ff2c3-aedb-4237-8f96-8aa5e66a28ee@group-73C734729954-LeaderElection17] INFO  impl.RoleInfo (RoleInfo.java:shutdownLeaderElection(130)) - ec4ff2c3-aedb-4237-8f96-8aa5e66a28ee: shutdown ec4ff2c3-aedb-4237-8f96-8aa5e66a28ee@group-73C734729954-LeaderElection17
2022-11-08 06:32:12,628 [ec4ff2c3-aedb-4237-8f96-8aa5e66a28ee@group-73C734729954-LeaderElection17] INFO  impl.RoleInfo (RoleInfo.java:updateAndGet(139)) - ec4ff2c3-aedb-4237-8f96-8aa5e66a28ee: start ec4ff2c3-aedb-4237-8f96-8aa5e66a28ee@group-73C734729954-FollowerState
2022-11-08 06:32:12,628 [ec4ff2c3-aedb-4237-8f96-8aa5e66a28ee@group-73C734729954-FollowerState] INFO  server.RaftServerConfigKeys (ConfUtils.java:logFallback(53)) - raft.server.rpc.first-election.timeout.min = 5s (fallback to raft.server.rpc.timeout.min)
2022-11-08 06:32:12,628 [ec4ff2c3-aedb-4237-8f96-8aa5e66a28ee@group-73C734729954-FollowerState] INFO  server.RaftServerConfigKeys (ConfUtils.java:logFallback(53)) - raft.server.rpc.first-election.timeout.max = 5200ms (fallback to raft.server.rpc.timeout.max)
2022-11-08 06:32:14,494 [Under Replicated Processor] INFO  replication.UnderReplicatedProcessor (UnderReplicatedProcessor.java:processAll(92)) - Processed 0 under replicated containers, failed processing 0
2022-11-08 06:32:14,502 [Over Replicated Processor] INFO  replication.OverReplicatedProcessor (OverReplicatedProcessor.java:processAll(90)) - Processed 0 over replicated containers, failed processing 0
2022-11-08 06:32:17,637 [31d5b2a7-dd00-41c8-9482-fa5c506864d0@group-73C734729954-FollowerState] INFO  impl.FollowerState (FollowerState.java:run(143)) - 31d5b2a7-dd00-41c8-9482-fa5c506864d0@group-73C734729954-FollowerState: change to CANDIDATE, lastRpcElapsedTime:5015123537ns, electionTimeout:5014ms
2022-11-08 06:32:17,637 [31d5b2a7-dd00-41c8-9482-fa5c506864d0@group-73C734729954-FollowerState] INFO  impl.RoleInfo (RoleInfo.java:shutdownFollowerState(110)) - 31d5b2a7-dd00-41c8-9482-fa5c506864d0: shutdown 31d5b2a7-dd00-41c8-9482-fa5c506864d0@group-73C734729954-FollowerState
2022-11-08 06:32:17,637 [31d5b2a7-dd00-41c8-9482-fa5c506864d0@group-73C734729954-FollowerState] INFO  server.RaftServer$Division (RaftServerImpl.java:setRole(321)) - 31d5b2a7-dd00-41c8-9482-fa5c506864d0@group-73C734729954: changes role from  FOLLOWER to CANDIDATE at term 3 for changeToCandidate
2022-11-08 06:32:17,637 [31d5b2a7-dd00-41c8-9482-fa5c506864d0@group-73C734729954-FollowerState] INFO  server.RaftServerConfigKeys (ConfUtils.java:logGet(46)) - raft.server.leaderelection.pre-vote = false (custom)
2022-11-08 06:32:17,637 [31d5b2a7-dd00-41c8-9482-fa5c506864d0@group-73C734729954-FollowerState] INFO  impl.RoleInfo (RoleInfo.java:updateAndGet(139)) - 31d5b2a7-dd00-41c8-9482-fa5c506864d0: start 31d5b2a7-dd00-41c8-9482-fa5c506864d0@group-73C734729954-LeaderElection18
2022-11-08 06:32:17,641 [31d5b2a7-dd00-41c8-9482-fa5c506864d0@group-73C734729954-LeaderElection18] INFO  impl.LeaderElection (LeaderElection.java:askForVotes(312)) - 31d5b2a7-dd00-41c8-9482-fa5c506864d0@group-73C734729954-LeaderElection18 ELECTION round 0: submit vote requests at term 4 for -1: peers:[31d5b2a7-dd00-41c8-9482-fa5c506864d0|rpc:10.1.0.244:38699|dataStream:|priority:0|startupRole:FOLLOWER, 976467f4-c66a-4ccc-8167-891a23ca4537|rpc:10.1.0.244:37157|dataStream:|priority:1|startupRole:FOLLOWER, ec4ff2c3-aedb-4237-8f96-8aa5e66a28ee|rpc:10.1.0.244:40923|dataStream:|priority:0|startupRole:FOLLOWER]|listeners:[], old=null
2022-11-08 06:32:17,641 [31d5b2a7-dd00-41c8-9482-fa5c506864d0@group-73C734729954-LeaderElection18] INFO  server.RaftServerConfigKeys (ConfUtils.java:logFallback(53)) - raft.server.rpc.first-election.timeout.min = 5s (fallback to raft.server.rpc.timeout.min)
2022-11-08 06:32:17,641 [31d5b2a7-dd00-41c8-9482-fa5c506864d0@group-73C734729954-LeaderElection18] INFO  server.RaftServerConfigKeys (ConfUtils.java:logFallback(53)) - raft.server.rpc.first-election.timeout.max = 5200ms (fallback to raft.server.rpc.timeout.max)
2022-11-08 06:32:17,644 [grpc-default-executor-5] INFO  server.RaftServer$Division (RaftServerImpl.java:requestVote(1218)) - 976467f4-c66a-4ccc-8167-891a23ca4537@group-73C734729954: receive requestVote(ELECTION, 31d5b2a7-dd00-41c8-9482-fa5c506864d0, group-73C734729954, 4, (t:0, i:0))
2022-11-08 06:32:17,645 [grpc-default-executor-5] INFO  impl.VoteContext (VoteContext.java:log(48)) - 976467f4-c66a-4ccc-8167-891a23ca4537@group-73C734729954-FOLLOWER: reject ELECTION from 31d5b2a7-dd00-41c8-9482-fa5c506864d0: our priority 1 > candidate's priority 0
2022-11-08 06:32:17,645 [grpc-default-executor-5] INFO  server.RaftServer$Division (RaftServerImpl.java:setRole(321)) - 976467f4-c66a-4ccc-8167-891a23ca4537@group-73C734729954: changes role from  FOLLOWER to FOLLOWER at term 4 for candidate:31d5b2a7-dd00-41c8-9482-fa5c506864d0
2022-11-08 06:32:17,645 [grpc-default-executor-5] INFO  impl.RoleInfo (RoleInfo.java:shutdownFollowerState(110)) - 976467f4-c66a-4ccc-8167-891a23ca4537: shutdown 976467f4-c66a-4ccc-8167-891a23ca4537@group-73C734729954-FollowerState
2022-11-08 06:32:17,645 [grpc-default-executor-5] INFO  impl.RoleInfo (RoleInfo.java:updateAndGet(139)) - 976467f4-c66a-4ccc-8167-891a23ca4537: start 976467f4-c66a-4ccc-8167-891a23ca4537@group-73C734729954-FollowerState
2022-11-08 06:32:17,645 [976467f4-c66a-4ccc-8167-891a23ca4537@group-73C734729954-FollowerState] INFO  impl.FollowerState (FollowerState.java:run(152)) - 976467f4-c66a-4ccc-8167-891a23ca4537@group-73C734729954-FollowerState was interrupted
2022-11-08 06:32:17,647 [grpc-default-executor-5] INFO  server.RaftServer$Division (RaftServerImpl.java:requestVote(1251)) - 976467f4-c66a-4ccc-8167-891a23ca4537@group-73C734729954 replies to ELECTION vote request: 31d5b2a7-dd00-41c8-9482-fa5c506864d0<-976467f4-c66a-4ccc-8167-891a23ca4537#0:FAIL-t4. Peer's state: 976467f4-c66a-4ccc-8167-891a23ca4537@group-73C734729954:t4, leader=null, voted=null, raftlog=Memoized:976467f4-c66a-4ccc-8167-891a23ca4537@group-73C734729954-SegmentedRaftLog:OPENED:c-1, conf=-1: peers:[31d5b2a7-dd00-41c8-9482-fa5c506864d0|rpc:10.1.0.244:38699|priority:0|startupRole:FOLLOWER, 976467f4-c66a-4ccc-8167-891a23ca4537|rpc:10.1.0.244:37157|priority:1|startupRole:FOLLOWER, ec4ff2c3-aedb-4237-8f96-8aa5e66a28ee|rpc:10.1.0.244:40923|priority:0|startupRole:FOLLOWER]|listeners:[], old=null
2022-11-08 06:32:17,649 [grpc-default-executor-5] INFO  server.RaftServer$Division (RaftServerImpl.java:requestVote(1218)) - ec4ff2c3-aedb-4237-8f96-8aa5e66a28ee@group-73C734729954: receive requestVote(ELECTION, 31d5b2a7-dd00-41c8-9482-fa5c506864d0, group-73C734729954, 4, (t:0, i:0))
2022-11-08 06:32:17,649 [grpc-default-executor-5] INFO  impl.VoteContext (VoteContext.java:log(48)) - ec4ff2c3-aedb-4237-8f96-8aa5e66a28ee@group-73C734729954-FOLLOWER: accept ELECTION from 31d5b2a7-dd00-41c8-9482-fa5c506864d0: our priority 0 <= candidate's priority 0
2022-11-08 06:32:17,650 [grpc-default-executor-5] INFO  server.RaftServer$Division (RaftServerImpl.java:setRole(321)) - ec4ff2c3-aedb-4237-8f96-8aa5e66a28ee@group-73C734729954: changes role from  FOLLOWER to FOLLOWER at term 4 for candidate:31d5b2a7-dd00-41c8-9482-fa5c506864d0
2022-11-08 06:32:17,650 [grpc-default-executor-5] INFO  impl.RoleInfo (RoleInfo.java:shutdownFollowerState(110)) - ec4ff2c3-aedb-4237-8f96-8aa5e66a28ee: shutdown ec4ff2c3-aedb-4237-8f96-8aa5e66a28ee@group-73C734729954-FollowerState
2022-11-08 06:32:17,650 [grpc-default-executor-5] INFO  impl.RoleInfo (RoleInfo.java:updateAndGet(139)) - ec4ff2c3-aedb-4237-8f96-8aa5e66a28ee: start ec4ff2c3-aedb-4237-8f96-8aa5e66a28ee@group-73C734729954-FollowerState
2022-11-08 06:32:17,650 [ec4ff2c3-aedb-4237-8f96-8aa5e66a28ee@group-73C734729954-FollowerState] INFO  impl.FollowerState (FollowerState.java:run(152)) - ec4ff2c3-aedb-4237-8f96-8aa5e66a28ee@group-73C734729954-FollowerState was interrupted
2022-11-08 06:32:17,652 [976467f4-c66a-4ccc-8167-891a23ca4537@group-73C734729954-FollowerState] INFO  server.RaftServerConfigKeys (ConfUtils.java:logFallback(53)) - raft.server.rpc.first-election.timeout.min = 5s (fallback to raft.server.rpc.timeout.min)
2022-11-08 06:32:17,653 [976467f4-c66a-4ccc-8167-891a23ca4537@group-73C734729954-FollowerState] INFO  server.RaftServerConfigKeys (ConfUtils.java:logFallback(53)) - raft.server.rpc.first-election.timeout.max = 5200ms (fallback to raft.server.rpc.timeout.max)
2022-11-08 06:32:17,662 [ec4ff2c3-aedb-4237-8f96-8aa5e66a28ee@group-73C734729954-FollowerState] INFO  server.RaftServerConfigKeys (ConfUtils.java:logFallback(53)) - raft.server.rpc.first-election.timeout.min = 5s (fallback to raft.server.rpc.timeout.min)
2022-11-08 06:32:17,662 [ec4ff2c3-aedb-4237-8f96-8aa5e66a28ee@group-73C734729954-FollowerState] INFO  server.RaftServerConfigKeys (ConfUtils.java:logFallback(53)) - raft.server.rpc.first-election.timeout.max = 5200ms (fallback to raft.server.rpc.timeout.max)
2022-11-08 06:32:17,663 [grpc-default-executor-5] INFO  server.RaftServer$Division (RaftServerImpl.java:requestVote(1251)) - ec4ff2c3-aedb-4237-8f96-8aa5e66a28ee@group-73C734729954 replies to ELECTION vote request: 31d5b2a7-dd00-41c8-9482-fa5c506864d0<-ec4ff2c3-aedb-4237-8f96-8aa5e66a28ee#0:OK-t4. Peer's state: ec4ff2c3-aedb-4237-8f96-8aa5e66a28ee@group-73C734729954:t4, leader=null, voted=31d5b2a7-dd00-41c8-9482-fa5c506864d0, raftlog=Memoized:ec4ff2c3-aedb-4237-8f96-8aa5e66a28ee@group-73C734729954-SegmentedRaftLog:OPENED:c-1, conf=-1: peers:[31d5b2a7-dd00-41c8-9482-fa5c506864d0|rpc:10.1.0.244:38699|priority:0|startupRole:FOLLOWER, 976467f4-c66a-4ccc-8167-891a23ca4537|rpc:10.1.0.244:37157|priority:1|startupRole:FOLLOWER, ec4ff2c3-aedb-4237-8f96-8aa5e66a28ee|rpc:10.1.0.244:40923|priority:0|startupRole:FOLLOWER]|listeners:[], old=null
2022-11-08 06:32:17,662 [31d5b2a7-dd00-41c8-9482-fa5c506864d0@group-73C734729954-LeaderElection18] INFO  impl.LeaderElection (LeaderElection.java:logAndReturn(90)) - 31d5b2a7-dd00-41c8-9482-fa5c506864d0@group-73C734729954-LeaderElection18: ELECTION REJECTED received 1 response(s) and 0 exception(s):
2022-11-08 06:32:17,664 [31d5b2a7-dd00-41c8-9482-fa5c506864d0@group-73C734729954-LeaderElection18] INFO  impl.LeaderElection (LeaderElection.java:logAndReturn(94)) -   Response 0: 31d5b2a7-dd00-41c8-9482-fa5c506864d0<-976467f4-c66a-4ccc-8167-891a23ca4537#0:FAIL-t4
2022-11-08 06:32:17,664 [31d5b2a7-dd00-41c8-9482-fa5c506864d0@group-73C734729954-LeaderElection18] INFO  impl.LeaderElection (LeaderElection.java:askForVotes(314)) - 31d5b2a7-dd00-41c8-9482-fa5c506864d0@group-73C734729954-LeaderElection18 ELECTION round 0: result REJECTED
2022-11-08 06:32:17,664 [31d5b2a7-dd00-41c8-9482-fa5c506864d0@group-73C734729954-LeaderElection18] INFO  server.RaftServer$Division (RaftServerImpl.java:setRole(321)) - 31d5b2a7-dd00-41c8-9482-fa5c506864d0@group-73C734729954: changes role from CANDIDATE to FOLLOWER at term 4 for REJECTED
2022-11-08 06:32:17,664 [31d5b2a7-dd00-41c8-9482-fa5c506864d0@group-73C734729954-LeaderElection18] INFO  impl.RoleInfo (RoleInfo.java:shutdownLeaderElection(130)) - 31d5b2a7-dd00-41c8-9482-fa5c506864d0: shutdown 31d5b2a7-dd00-41c8-9482-fa5c506864d0@group-73C734729954-LeaderElection18
2022-11-08 06:32:17,664 [31d5b2a7-dd00-41c8-9482-fa5c506864d0@group-73C734729954-LeaderElection18] INFO  impl.RoleInfo (RoleInfo.java:updateAndGet(139)) - 31d5b2a7-dd00-41c8-9482-fa5c506864d0: start 31d5b2a7-dd00-41c8-9482-fa5c506864d0@group-73C734729954-FollowerState
2022-11-08 06:32:17,666 [31d5b2a7-dd00-41c8-9482-fa5c506864d0@group-73C734729954-FollowerState] INFO  server.RaftServerConfigKeys (ConfUtils.java:logFallback(53)) - raft.server.rpc.first-election.timeout.min = 5s (fallback to raft.server.rpc.timeout.min)
2022-11-08 06:32:17,666 [31d5b2a7-dd00-41c8-9482-fa5c506864d0@group-73C734729954-FollowerState] INFO  server.RaftServerConfigKeys (ConfUtils.java:logFallback(53)) - raft.server.rpc.first-election.timeout.max = 5200ms (fallback to raft.server.rpc.timeout.max)
2022-11-08 06:32:22,660 [976467f4-c66a-4ccc-8167-891a23ca4537@group-73C734729954-FollowerState] INFO  impl.FollowerState (FollowerState.java:run(143)) - 976467f4-c66a-4ccc-8167-891a23ca4537@group-73C734729954-FollowerState: change to CANDIDATE, lastRpcElapsedTime:5014317043ns, electionTimeout:5007ms
2022-11-08 06:32:22,660 [976467f4-c66a-4ccc-8167-891a23ca4537@group-73C734729954-FollowerState] INFO  impl.RoleInfo (RoleInfo.java:shutdownFollowerState(110)) - 976467f4-c66a-4ccc-8167-891a23ca4537: shutdown 976467f4-c66a-4ccc-8167-891a23ca4537@group-73C734729954-FollowerState
2022-11-08 06:32:22,660 [976467f4-c66a-4ccc-8167-891a23ca4537@group-73C734729954-FollowerState] INFO  server.RaftServer$Division (RaftServerImpl.java:setRole(321)) - 976467f4-c66a-4ccc-8167-891a23ca4537@group-73C734729954: changes role from  FOLLOWER to CANDIDATE at term 4 for changeToCandidate
2022-11-08 06:32:22,660 [976467f4-c66a-4ccc-8167-891a23ca4537@group-73C734729954-FollowerState] INFO  server.RaftServerConfigKeys (ConfUtils.java:logGet(46)) - raft.server.leaderelection.pre-vote = false (custom)
2022-11-08 06:32:22,660 [976467f4-c66a-4ccc-8167-891a23ca4537@group-73C734729954-FollowerState] INFO  impl.RoleInfo (RoleInfo.java:updateAndGet(139)) - 976467f4-c66a-4ccc-8167-891a23ca4537: start 976467f4-c66a-4ccc-8167-891a23ca4537@group-73C734729954-LeaderElection19
2022-11-08 06:32:22,664 [976467f4-c66a-4ccc-8167-891a23ca4537@group-73C734729954-LeaderElection19] INFO  impl.LeaderElection (LeaderElection.java:askForVotes(312)) - 976467f4-c66a-4ccc-8167-891a23ca4537@group-73C734729954-LeaderElection19 ELECTION round 0: submit vote requests at term 5 for -1: peers:[31d5b2a7-dd00-41c8-9482-fa5c506864d0|rpc:10.1.0.244:38699|priority:0|startupRole:FOLLOWER, 976467f4-c66a-4ccc-8167-891a23ca4537|rpc:10.1.0.244:37157|priority:1|startupRole:FOLLOWER, ec4ff2c3-aedb-4237-8f96-8aa5e66a28ee|rpc:10.1.0.244:40923|priority:0|startupRole:FOLLOWER]|listeners:[], old=null
2022-11-08 06:32:22,665 [976467f4-c66a-4ccc-8167-891a23ca4537@group-73C734729954-LeaderElection19] INFO  server.RaftServerConfigKeys (ConfUtils.java:logFallback(53)) - raft.server.rpc.first-election.timeout.min = 5s (fallback to raft.server.rpc.timeout.min)
2022-11-08 06:32:22,666 [976467f4-c66a-4ccc-8167-891a23ca4537@group-73C734729954-LeaderElection19] INFO  server.RaftServerConfigKeys (ConfUtils.java:logFallback(53)) - raft.server.rpc.first-election.timeout.max = 5200ms (fallback to raft.server.rpc.timeout.max)
2022-11-08 06:32:22,671 [grpc-default-executor-3] INFO  server.RaftServer$Division (RaftServerImpl.java:requestVote(1218)) - 31d5b2a7-dd00-41c8-9482-fa5c506864d0@group-73C734729954: receive requestVote(ELECTION, 976467f4-c66a-4ccc-8167-891a23ca4537, group-73C734729954, 5, (t:0, i:0))
2022-11-08 06:32:22,671 [grpc-default-executor-3] INFO  impl.VoteContext (VoteContext.java:log(48)) - 31d5b2a7-dd00-41c8-9482-fa5c506864d0@group-73C734729954-FOLLOWER: accept ELECTION from 976467f4-c66a-4ccc-8167-891a23ca4537: our priority 0 <= candidate's priority 1
2022-11-08 06:32:22,671 [grpc-default-executor-3] INFO  server.RaftServer$Division (RaftServerImpl.java:setRole(321)) - 31d5b2a7-dd00-41c8-9482-fa5c506864d0@group-73C734729954: changes role from  FOLLOWER to FOLLOWER at term 5 for candidate:976467f4-c66a-4ccc-8167-891a23ca4537
2022-11-08 06:32:22,671 [grpc-default-executor-3] INFO  impl.RoleInfo (RoleInfo.java:shutdownFollowerState(110)) - 31d5b2a7-dd00-41c8-9482-fa5c506864d0: shutdown 31d5b2a7-dd00-41c8-9482-fa5c506864d0@group-73C734729954-FollowerState
2022-11-08 06:32:22,671 [grpc-default-executor-3] INFO  impl.RoleInfo (RoleInfo.java:updateAndGet(139)) - 31d5b2a7-dd00-41c8-9482-fa5c506864d0: start 31d5b2a7-dd00-41c8-9482-fa5c506864d0@group-73C734729954-FollowerState
2022-11-08 06:32:22,671 [31d5b2a7-dd00-41c8-9482-fa5c506864d0@group-73C734729954-FollowerState] INFO  impl.FollowerState (FollowerState.java:run(152)) - 31d5b2a7-dd00-41c8-9482-fa5c506864d0@group-73C734729954-FollowerState was interrupted
2022-11-08 06:32:22,671 [grpc-default-executor-5] INFO  server.RaftServer$Division (RaftServerImpl.java:requestVote(1218)) - ec4ff2c3-aedb-4237-8f96-8aa5e66a28ee@group-73C734729954: receive requestVote(ELECTION, 976467f4-c66a-4ccc-8167-891a23ca4537, group-73C734729954, 5, (t:0, i:0))
2022-11-08 06:32:22,672 [grpc-default-executor-5] INFO  impl.VoteContext (VoteContext.java:log(48)) - ec4ff2c3-aedb-4237-8f96-8aa5e66a28ee@group-73C734729954-FOLLOWER: accept ELECTION from 976467f4-c66a-4ccc-8167-891a23ca4537: our priority 0 <= candidate's priority 1
2022-11-08 06:32:22,672 [grpc-default-executor-5] INFO  server.RaftServer$Division (RaftServerImpl.java:setRole(321)) - ec4ff2c3-aedb-4237-8f96-8aa5e66a28ee@group-73C734729954: changes role from  FOLLOWER to FOLLOWER at term 5 for candidate:976467f4-c66a-4ccc-8167-891a23ca4537
2022-11-08 06:32:22,672 [grpc-default-executor-5] INFO  impl.RoleInfo (RoleInfo.java:shutdownFollowerState(110)) - ec4ff2c3-aedb-4237-8f96-8aa5e66a28ee: shutdown ec4ff2c3-aedb-4237-8f96-8aa5e66a28ee@group-73C734729954-FollowerState
2022-11-08 06:32:22,672 [grpc-default-executor-5] INFO  impl.RoleInfo (RoleInfo.java:updateAndGet(139)) - ec4ff2c3-aedb-4237-8f96-8aa5e66a28ee: start ec4ff2c3-aedb-4237-8f96-8aa5e66a28ee@group-73C734729954-FollowerState
2022-11-08 06:32:22,673 [ec4ff2c3-aedb-4237-8f96-8aa5e66a28ee@group-73C734729954-FollowerState] INFO  impl.FollowerState (FollowerState.java:run(152)) - ec4ff2c3-aedb-4237-8f96-8aa5e66a28ee@group-73C734729954-FollowerState was interrupted
2022-11-08 06:32:22,673 [31d5b2a7-dd00-41c8-9482-fa5c506864d0@group-73C734729954-FollowerState] INFO  server.RaftServerConfigKeys (ConfUtils.java:logFallback(53)) - raft.server.rpc.first-election.timeout.min = 5s (fallback to raft.server.rpc.timeout.min)
2022-11-08 06:32:22,673 [31d5b2a7-dd00-41c8-9482-fa5c506864d0@group-73C734729954-FollowerState] INFO  server.RaftServerConfigKeys (ConfUtils.java:logFallback(53)) - raft.server.rpc.first-election.timeout.max = 5200ms (fallback to raft.server.rpc.timeout.max)
2022-11-08 06:32:22,681 [ec4ff2c3-aedb-4237-8f96-8aa5e66a28ee@group-73C734729954-FollowerState] INFO  server.RaftServerConfigKeys (ConfUtils.java:logFallback(53)) - raft.server.rpc.first-election.timeout.min = 5s (fallback to raft.server.rpc.timeout.min)
2022-11-08 06:32:22,681 [ec4ff2c3-aedb-4237-8f96-8aa5e66a28ee@group-73C734729954-FollowerState] INFO  server.RaftServerConfigKeys (ConfUtils.java:logFallback(53)) - raft.server.rpc.first-election.timeout.max = 5200ms (fallback to raft.server.rpc.timeout.max)
2022-11-08 06:32:22,681 [grpc-default-executor-3] INFO  server.RaftServer$Division (RaftServerImpl.java:requestVote(1251)) - 31d5b2a7-dd00-41c8-9482-fa5c506864d0@group-73C734729954 replies to ELECTION vote request: 976467f4-c66a-4ccc-8167-891a23ca4537<-31d5b2a7-dd00-41c8-9482-fa5c506864d0#0:OK-t5. Peer's state: 31d5b2a7-dd00-41c8-9482-fa5c506864d0@group-73C734729954:t5, leader=null, voted=976467f4-c66a-4ccc-8167-891a23ca4537, raftlog=Memoized:31d5b2a7-dd00-41c8-9482-fa5c506864d0@group-73C734729954-SegmentedRaftLog:OPENED:c-1, conf=-1: peers:[31d5b2a7-dd00-41c8-9482-fa5c506864d0|rpc:10.1.0.244:38699|dataStream:|priority:0|startupRole:FOLLOWER, 976467f4-c66a-4ccc-8167-891a23ca4537|rpc:10.1.0.244:37157|dataStream:|priority:1|startupRole:FOLLOWER, ec4ff2c3-aedb-4237-8f96-8aa5e66a28ee|rpc:10.1.0.244:40923|dataStream:|priority:0|startupRole:FOLLOWER]|listeners:[], old=null
2022-11-08 06:32:22,682 [grpc-default-executor-5] INFO  server.RaftServer$Division (RaftServerImpl.java:requestVote(1251)) - ec4ff2c3-aedb-4237-8f96-8aa5e66a28ee@group-73C734729954 replies to ELECTION vote request: 976467f4-c66a-4ccc-8167-891a23ca4537<-ec4ff2c3-aedb-4237-8f96-8aa5e66a28ee#0:OK-t5. Peer's state: ec4ff2c3-aedb-4237-8f96-8aa5e66a28ee@group-73C734729954:t5, leader=null, voted=976467f4-c66a-4ccc-8167-891a23ca4537, raftlog=Memoized:ec4ff2c3-aedb-4237-8f96-8aa5e66a28ee@group-73C734729954-SegmentedRaftLog:OPENED:c-1, conf=-1: peers:[31d5b2a7-dd00-41c8-9482-fa5c506864d0|rpc:10.1.0.244:38699|priority:0|startupRole:FOLLOWER, 976467f4-c66a-4ccc-8167-891a23ca4537|rpc:10.1.0.244:37157|priority:1|startupRole:FOLLOWER, ec4ff2c3-aedb-4237-8f96-8aa5e66a28ee|rpc:10.1.0.244:40923|priority:0|startupRole:FOLLOWER]|listeners:[], old=null
2022-11-08 06:32:22,683 [976467f4-c66a-4ccc-8167-891a23ca4537@group-73C734729954-LeaderElection19] INFO  impl.LeaderElection (LeaderElection.java:logAndReturn(90)) - 976467f4-c66a-4ccc-8167-891a23ca4537@group-73C734729954-LeaderElection19: ELECTION PASSED received 1 response(s) and 0 exception(s):
2022-11-08 06:32:22,683 [976467f4-c66a-4ccc-8167-891a23ca4537@group-73C734729954-LeaderElection19] INFO  impl.LeaderElection (LeaderElection.java:logAndReturn(94)) -   Response 0: 976467f4-c66a-4ccc-8167-891a23ca4537<-ec4ff2c3-aedb-4237-8f96-8aa5e66a28ee#0:OK-t5
2022-11-08 06:32:22,684 [976467f4-c66a-4ccc-8167-891a23ca4537@group-73C734729954-LeaderElection19] INFO  impl.LeaderElection (LeaderElection.java:askForVotes(314)) - 976467f4-c66a-4ccc-8167-891a23ca4537@group-73C734729954-LeaderElection19 ELECTION round 0: result PASSED
2022-11-08 06:32:22,684 [976467f4-c66a-4ccc-8167-891a23ca4537@group-73C734729954-LeaderElection19] INFO  impl.RoleInfo (RoleInfo.java:shutdownLeaderElection(130)) - 976467f4-c66a-4ccc-8167-891a23ca4537: shutdown 976467f4-c66a-4ccc-8167-891a23ca4537@group-73C734729954-LeaderElection19
2022-11-08 06:32:22,684 [976467f4-c66a-4ccc-8167-891a23ca4537@group-73C734729954-LeaderElection19] INFO  server.RaftServer$Division (RaftServerImpl.java:setRole(321)) - 976467f4-c66a-4ccc-8167-891a23ca4537@group-73C734729954: changes role from CANDIDATE to LEADER at term 5 for changeToLeader
2022-11-08 06:32:22,684 [976467f4-c66a-4ccc-8167-891a23ca4537@group-73C734729954-LeaderElection19] INFO  ratis.XceiverServerRatis (XceiverServerRatis.java:handleLeaderChangedNotification(863)) - Leader change notification received for group: group-73C734729954 with new leaderId: 976467f4-c66a-4ccc-8167-891a23ca4537
2022-11-08 06:32:22,684 [976467f4-c66a-4ccc-8167-891a23ca4537@group-73C734729954-LeaderElection19] INFO  server.RaftServer$Division (ServerState.java:setLeader(313)) - 976467f4-c66a-4ccc-8167-891a23ca4537@group-73C734729954: change Leader from null to 976467f4-c66a-4ccc-8167-891a23ca4537 at term 5 for becomeLeader, leader elected after 24998ms
2022-11-08 06:32:22,684 [976467f4-c66a-4ccc-8167-891a23ca4537@group-73C734729954-LeaderElection19] INFO  server.RaftServerConfigKeys (ConfUtils.java:logGet(46)) - raft.server.staging.catchup.gap = 1000 (default)
2022-11-08 06:32:22,684 [976467f4-c66a-4ccc-8167-891a23ca4537@group-73C734729954-LeaderElection19] INFO  server.RaftServerConfigKeys (ConfUtils.java:logGet(46)) - raft.server.write.element-limit = 1024 (custom)
2022-11-08 06:32:22,684 [976467f4-c66a-4ccc-8167-891a23ca4537@group-73C734729954-LeaderElection19] INFO  server.RaftServerConfigKeys (ConfUtils.java:logGet(46)) - raft.server.write.byte-limit = 1024 M (=1073741824) (custom)
2022-11-08 06:32:22,684 [976467f4-c66a-4ccc-8167-891a23ca4537@group-73C734729954-LeaderElection19] INFO  server.RaftServerConfigKeys (ConfUtils.java:logGet(46)) - raft.server.watch.timeout = 180s (custom)
2022-11-08 06:32:22,685 [976467f4-c66a-4ccc-8167-891a23ca4537@group-73C734729954-LeaderElection19] INFO  server.RaftServerConfigKeys (ConfUtils.java:logGet(46)) - raft.server.watch.timeout.denomination = 1s (default)
2022-11-08 06:32:22,685 [976467f4-c66a-4ccc-8167-891a23ca4537@group-73C734729954-LeaderElection19] INFO  server.RaftServerConfigKeys (ConfUtils.java:logGet(46)) - raft.server.watch.element-limit = 65536 (default)
2022-11-08 06:32:22,685 [976467f4-c66a-4ccc-8167-891a23ca4537@group-73C734729954-LeaderElection19] INFO  server.RaftServerConfigKeys (ConfUtils.java:logGet(46)) - raft.server.write.element-limit = 1024 (custom)
2022-11-08 06:32:22,685 [976467f4-c66a-4ccc-8167-891a23ca4537@group-73C734729954-LeaderElection19] INFO  server.RaftServerConfigKeys (ConfUtils.java:logGet(46)) - raft.server.write.follower.gap.ratio.max = -1.0 (default)
2022-11-08 06:32:22,686 [976467f4-c66a-4ccc-8167-891a23ca4537@group-73C734729954-LeaderElection19] INFO  server.RaftServerConfigKeys (ConfUtils.java:logGet(46)) - raft.server.log.appender.snapshot.chunk.size.max = 16MB (=16777216) (default)
2022-11-08 06:32:22,686 [976467f4-c66a-4ccc-8167-891a23ca4537@group-73C734729954-LeaderElection19] INFO  server.RaftServerConfigKeys (ConfUtils.java:logGet(46)) - raft.server.log.appender.buffer.byte-limit = 33554432 (custom)
2022-11-08 06:32:22,686 [976467f4-c66a-4ccc-8167-891a23ca4537@group-73C734729954-LeaderElection19] INFO  server.RaftServerConfigKeys (ConfUtils.java:logGet(46)) - raft.server.log.appender.buffer.element-limit = 1 (custom)
2022-11-08 06:32:22,686 [976467f4-c66a-4ccc-8167-891a23ca4537@group-73C734729954-LeaderElection19] INFO  grpc.GrpcConfigKeys (ConfUtils.java:logGet(46)) - raft.grpc.server.leader.outstanding.appends.max = 128 (default)
2022-11-08 06:32:22,686 [976467f4-c66a-4ccc-8167-891a23ca4537@group-73C734729954-LeaderElection19] INFO  server.RaftServerConfigKeys (ConfUtils.java:logGet(46)) - raft.server.rpc.request.timeout = 60s (custom)
2022-11-08 06:32:22,687 [976467f4-c66a-4ccc-8167-891a23ca4537@group-73C734729954-LeaderElection19] INFO  server.RaftServerConfigKeys (ConfUtils.java:logGet(46)) - raft.server.log.appender.install.snapshot.enabled = false (custom)
2022-11-08 06:32:22,687 [976467f4-c66a-4ccc-8167-891a23ca4537@group-73C734729954-LeaderElection19] INFO  grpc.GrpcConfigKeys (ConfUtils.java:logGet(46)) - raft.grpc.server.heartbeat.channel = true (default)
2022-11-08 06:32:22,687 [976467f4-c66a-4ccc-8167-891a23ca4537@group-73C734729954-LeaderElection19] INFO  server.RaftServerConfigKeys (ConfUtils.java:logGet(46)) - raft.server.log.appender.wait-time.min = 10ms (default)
2022-11-08 06:32:22,687 [EventQueue-PipelineReportForPipelineReportHandler] INFO  pipeline.PipelineManagerImpl (PipelineManagerImpl.java:openPipeline(367)) - Pipeline Pipeline[ Id: 657ca416-48e4-4e40-9c25-73c734729954, Nodes: 976467f4-c66a-4ccc-8167-891a23ca4537{ip: 10.1.0.244, host: fv-az220-111.shdwizndlbjulinwhzhdmup5sb.jx.internal.cloudapp.net, ports: [REPLICATION=33999, RATIS=37157, RATIS_ADMIN=37157, RATIS_SERVER=37157, STANDALONE=39605], networkLocation: /default-rack, certSerialId: null, persistedOpState: IN_SERVICE, persistedOpStateExpiryEpochSec: 0}ec4ff2c3-aedb-4237-8f96-8aa5e66a28ee{ip: 10.1.0.244, host: fv-az220-111.shdwizndlbjulinwhzhdmup5sb.jx.internal.cloudapp.net, ports: [REPLICATION=36687, RATIS=40923, RATIS_ADMIN=40923, RATIS_SERVER=40923, STANDALONE=33395], networkLocation: /default-rack, certSerialId: null, persistedOpState: IN_SERVICE, persistedOpStateExpiryEpochSec: 0}31d5b2a7-dd00-41c8-9482-fa5c506864d0{ip: 10.1.0.244, host: fv-az220-111.shdwizndlbjulinwhzhdmup5sb.jx.internal.cloudapp.net, ports: [REPLICATION=38897, RATIS=38699, RATIS_ADMIN=38699, RATIS_SERVER=38699, STANDALONE=45835], networkLocation: /default-rack, certSerialId: null, persistedOpState: IN_SERVICE, persistedOpStateExpiryEpochSec: 0}, ReplicationConfig: RATIS/THREE, State:ALLOCATED, leaderId:976467f4-c66a-4ccc-8167-891a23ca4537, CreationTimestamp2022-11-08T06:31:54.969Z[Etc/UTC]] moved to OPEN state
2022-11-08 06:32:22,687 [976467f4-c66a-4ccc-8167-891a23ca4537@group-73C734729954-LeaderElection19] INFO  server.RaftServerConfigKeys (ConfUtils.java:logGet(46)) - raft.server.log.appender.snapshot.chunk.size.max = 16MB (=16777216) (default)
2022-11-08 06:32:22,687 [976467f4-c66a-4ccc-8167-891a23ca4537@group-73C734729954-LeaderElection19] INFO  server.RaftServerConfigKeys (ConfUtils.java:logGet(46)) - raft.server.log.appender.buffer.byte-limit = 33554432 (custom)
2022-11-08 06:32:22,687 [976467f4-c66a-4ccc-8167-891a23ca4537@group-73C734729954-LeaderElection19] INFO  server.RaftServerConfigKeys (ConfUtils.java:logGet(46)) - raft.server.log.appender.buffer.element-limit = 1 (custom)
2022-11-08 06:32:22,688 [976467f4-c66a-4ccc-8167-891a23ca4537@group-73C734729954-LeaderElection19] INFO  grpc.GrpcConfigKeys (ConfUtils.java:logGet(46)) - raft.grpc.server.leader.outstanding.appends.max = 128 (default)
2022-11-08 06:32:22,688 [976467f4-c66a-4ccc-8167-891a23ca4537@group-73C734729954-LeaderElection19] INFO  server.RaftServerConfigKeys (ConfUtils.java:logGet(46)) - raft.server.rpc.request.timeout = 60s (custom)
2022-11-08 06:32:22,688 [976467f4-c66a-4ccc-8167-891a23ca4537@group-73C734729954-LeaderElection19] INFO  server.RaftServerConfigKeys (ConfUtils.java:logGet(46)) - raft.server.log.appender.install.snapshot.enabled = false (custom)
2022-11-08 06:32:22,688 [976467f4-c66a-4ccc-8167-891a23ca4537@group-73C734729954-LeaderElection19] INFO  grpc.GrpcConfigKeys (ConfUtils.java:logGet(46)) - raft.grpc.server.heartbeat.channel = true (default)
2022-11-08 06:32:22,688 [976467f4-c66a-4ccc-8167-891a23ca4537@group-73C734729954-LeaderElection19] INFO  server.RaftServerConfigKeys (ConfUtils.java:logGet(46)) - raft.server.log.appender.wait-time.min = 10ms (default)
2022-11-08 06:32:22,688 [976467f4-c66a-4ccc-8167-891a23ca4537@group-73C734729954-LeaderElection19] INFO  impl.RoleInfo (RoleInfo.java:updateAndGet(139)) - 976467f4-c66a-4ccc-8167-891a23ca4537: start 976467f4-c66a-4ccc-8167-891a23ca4537@group-73C734729954-LeaderStateImpl
2022-11-08 06:32:22,688 [976467f4-c66a-4ccc-8167-891a23ca4537@group-73C734729954-LeaderElection19] INFO  segmented.SegmentedRaftLogWorker (SegmentedRaftLogWorker.java:startLogSegment(452)) - 976467f4-c66a-4ccc-8167-891a23ca4537@group-73C734729954-SegmentedRaftLogWorker: Starting segment from index:0
2022-11-08 06:32:22,690 [976467f4-c66a-4ccc-8167-891a23ca4537@group-73C734729954-SegmentedRaftLogWorker] INFO  segmented.SegmentedRaftLogWorker (SegmentedRaftLogWorker.java:execute(656)) - 976467f4-c66a-4ccc-8167-891a23ca4537@group-73C734729954-SegmentedRaftLogWorker: created new log segment /home/runner/work/ozone/ozone/hadoop-ozone/integration-test/target/test-dir/MiniOzoneClusterImpl-c53ae64f-4849-40e6-a4d6-552e28141f22/datanode-1/data/ratis/657ca416-48e4-4e40-9c25-73c734729954/current/log_inprogress_0
2022-11-08 06:32:22,692 [976467f4-c66a-4ccc-8167-891a23ca4537@group-73C734729954-LeaderElection19] INFO  server.RaftServer$Division (ServerState.java:setRaftConf(430)) - 976467f4-c66a-4ccc-8167-891a23ca4537@group-73C734729954: set configuration 0: peers:[31d5b2a7-dd00-41c8-9482-fa5c506864d0|rpc:10.1.0.244:38699|dataStream:|priority:0|startupRole:FOLLOWER, 976467f4-c66a-4ccc-8167-891a23ca4537|rpc:10.1.0.244:37157|dataStream:|priority:1|startupRole:FOLLOWER, ec4ff2c3-aedb-4237-8f96-8aa5e66a28ee|rpc:10.1.0.244:40923|dataStream:|priority:0|startupRole:FOLLOWER]|listeners:[], old=null
2022-11-08 06:32:22,713 [31d5b2a7-dd00-41c8-9482-fa5c506864d0-server-thread1] INFO  ratis.XceiverServerRatis (XceiverServerRatis.java:handleLeaderChangedNotification(863)) - Leader change notification received for group: group-73C734729954 with new leaderId: 976467f4-c66a-4ccc-8167-891a23ca4537
2022-11-08 06:32:22,713 [31d5b2a7-dd00-41c8-9482-fa5c506864d0-server-thread1] INFO  server.RaftServer$Division (ServerState.java:setLeader(313)) - 31d5b2a7-dd00-41c8-9482-fa5c506864d0@group-73C734729954: change Leader from null to 976467f4-c66a-4ccc-8167-891a23ca4537 at term 5 for appendEntries, leader elected after 24767ms
2022-11-08 06:32:22,713 [ec4ff2c3-aedb-4237-8f96-8aa5e66a28ee-server-thread1] INFO  ratis.XceiverServerRatis (XceiverServerRatis.java:handleLeaderChangedNotification(863)) - Leader change notification received for group: group-73C734729954 with new leaderId: 976467f4-c66a-4ccc-8167-891a23ca4537
2022-11-08 06:32:22,713 [ec4ff2c3-aedb-4237-8f96-8aa5e66a28ee-server-thread1] INFO  server.RaftServer$Division (ServerState.java:setLeader(313)) - ec4ff2c3-aedb-4237-8f96-8aa5e66a28ee@group-73C734729954: change Leader from null to 976467f4-c66a-4ccc-8167-891a23ca4537 at term 5 for appendEntries, leader elected after 25593ms
2022-11-08 06:32:22,732 [31d5b2a7-dd00-41c8-9482-fa5c506864d0-server-thread3] INFO  server.RaftServer$Division (ServerState.java:setRaftConf(430)) - 31d5b2a7-dd00-41c8-9482-fa5c506864d0@group-73C734729954: set configuration 0: peers:[31d5b2a7-dd00-41c8-9482-fa5c506864d0|rpc:10.1.0.244:38699|dataStream:|priority:0|startupRole:FOLLOWER, 976467f4-c66a-4ccc-8167-891a23ca4537|rpc:10.1.0.244:37157|dataStream:|priority:1|startupRole:FOLLOWER, ec4ff2c3-aedb-4237-8f96-8aa5e66a28ee|rpc:10.1.0.244:40923|dataStream:|priority:0|startupRole:FOLLOWER]|listeners:[], old=null
2022-11-08 06:32:22,732 [31d5b2a7-dd00-41c8-9482-fa5c506864d0-server-thread3] INFO  segmented.SegmentedRaftLogWorker (SegmentedRaftLogWorker.java:startLogSegment(452)) - 31d5b2a7-dd00-41c8-9482-fa5c506864d0@group-73C734729954-SegmentedRaftLogWorker: Starting segment from index:0
2022-11-08 06:32:22,733 [ec4ff2c3-aedb-4237-8f96-8aa5e66a28ee-server-thread3] INFO  server.RaftServer$Division (ServerState.java:setRaftConf(430)) - ec4ff2c3-aedb-4237-8f96-8aa5e66a28ee@group-73C734729954: set configuration 0: peers:[31d5b2a7-dd00-41c8-9482-fa5c506864d0|rpc:10.1.0.244:38699|dataStream:|priority:0|startupRole:FOLLOWER, 976467f4-c66a-4ccc-8167-891a23ca4537|rpc:10.1.0.244:37157|dataStream:|priority:1|startupRole:FOLLOWER, ec4ff2c3-aedb-4237-8f96-8aa5e66a28ee|rpc:10.1.0.244:40923|dataStream:|priority:0|startupRole:FOLLOWER]|listeners:[], old=null
2022-11-08 06:32:22,733 [ec4ff2c3-aedb-4237-8f96-8aa5e66a28ee-server-thread3] INFO  segmented.SegmentedRaftLogWorker (SegmentedRaftLogWorker.java:startLogSegment(452)) - ec4ff2c3-aedb-4237-8f96-8aa5e66a28ee@group-73C734729954-SegmentedRaftLogWorker: Starting segment from index:0
2022-11-08 06:32:22,734 [31d5b2a7-dd00-41c8-9482-fa5c506864d0@group-73C734729954-SegmentedRaftLogWorker] INFO  segmented.SegmentedRaftLogWorker (SegmentedRaftLogWorker.java:execute(656)) - 31d5b2a7-dd00-41c8-9482-fa5c506864d0@group-73C734729954-SegmentedRaftLogWorker: created new log segment /home/runner/work/ozone/ozone/hadoop-ozone/integration-test/target/test-dir/MiniOzoneClusterImpl-c53ae64f-4849-40e6-a4d6-552e28141f22/datanode-2/data/ratis/657ca416-48e4-4e40-9c25-73c734729954/current/log_inprogress_0
2022-11-08 06:32:22,736 [ec4ff2c3-aedb-4237-8f96-8aa5e66a28ee@group-73C734729954-SegmentedRaftLogWorker] INFO  segmented.SegmentedRaftLogWorker (SegmentedRaftLogWorker.java:execute(656)) - ec4ff2c3-aedb-4237-8f96-8aa5e66a28ee@group-73C734729954-SegmentedRaftLogWorker: created new log segment /home/runner/work/ozone/ozone/hadoop-ozone/integration-test/target/test-dir/MiniOzoneClusterImpl-c53ae64f-4849-40e6-a4d6-552e28141f22/datanode-0/data/ratis/657ca416-48e4-4e40-9c25-73c734729954/current/log_inprogress_0
2022-11-08 06:32:44,494 [Under Replicated Processor] INFO  replication.UnderReplicatedProcessor (UnderReplicatedProcessor.java:processAll(92)) - Processed 0 under replicated containers, failed processing 0
2022-11-08 06:32:44,502 [Over Replicated Processor] INFO  replication.OverReplicatedProcessor (OverReplicatedProcessor.java:processAll(90)) - Processed 0 over replicated containers, failed processing 0
2022-11-08 06:33:09,250 [Listener at 127.0.0.1/40183] INFO  ozone.MiniOzoneClusterImpl (MiniOzoneClusterImpl.java:shutdown(448)) - Shutting down the Mini Ozone Cluster
2022-11-08 06:33:09,250 [Listener at 127.0.0.1/40183] INFO  ozone.MiniOzoneClusterImpl (MiniOzoneClusterImpl.java:stop(463)) - Stopping the Mini Ozone Cluster
2022-11-08 06:33:09,251 [Listener at 127.0.0.1/40183] INFO  ozone.MiniOzoneClusterImpl (MiniOzoneClusterImpl.java:stopOM(545)) - Stopping the OzoneManager
2022-11-08 06:33:09,251 [Listener at 127.0.0.1/40183] INFO  om.OzoneManager (OzoneManager.java:stop(2037)) - om1[localhost:0]: Stopping Ozone Manager
2022-11-08 06:33:09,251 [Listener at 127.0.0.1/40183] INFO  ipc.Server (Server.java:stop(3428)) - Stopping server on 40183
2022-11-08 06:33:09,252 [IPC Server listener on 0] INFO  ipc.Server (Server.java:run(1384)) - Stopping IPC Server listener on 0
2022-11-08 06:33:09,252 [IPC Server Responder] INFO  ipc.Server (Server.java:run(1517)) - Stopping IPC Server Responder
2022-11-08 06:33:09,253 [Listener at 127.0.0.1/40183] INFO  server.RaftServer (RaftServerProxy.java:lambda$close$6(409)) - om1: close
2022-11-08 06:33:09,254 [Listener at 127.0.0.1/40183] INFO  server.GrpcService (GrpcService.java:closeImpl(279)) - om1: shutdown server GrpcServerProtocolService now
2022-11-08 06:33:09,260 [om1-impl-thread2] INFO  server.RaftServer$Division (RaftServerImpl.java:lambda$close$4(458)) - om1@group-C5BA1605619E: shutdown
2022-11-08 06:33:09,260 [om1-impl-thread2] INFO  util.JmxRegister (JmxRegister.java:unregister(73)) - Successfully un-registered JMX Bean with object name Ratis:service=RaftServer,group=group-C5BA1605619E,id=om1
2022-11-08 06:33:09,260 [om1-impl-thread2] INFO  impl.RoleInfo (RoleInfo.java:shutdownLeaderState(93)) - om1: shutdown om1@group-C5BA1605619E-LeaderStateImpl
2022-11-08 06:33:09,260 [om1-impl-thread2] INFO  impl.PendingRequests (PendingRequests.java:sendNotLeaderResponses(282)) - om1@group-C5BA1605619E-PendingRequests: sendNotLeaderResponses
2022-11-08 06:33:09,265 [Listener at 127.0.0.1/40183] INFO  server.GrpcService (GrpcService.java:closeImpl(288)) - om1: shutdown server GrpcServerProtocolService successfully
2022-11-08 06:33:09,265 [om1-impl-thread2] INFO  impl.StateMachineUpdater (StateMachineUpdater.java:stopAndJoin(153)) - om1@group-C5BA1605619E-StateMachineUpdater: set stopIndex = 2
2022-11-08 06:33:09,265 [om1@group-C5BA1605619E-StateMachineUpdater] INFO  ratis.OzoneManagerStateMachine (OzoneManagerStateMachine.java:takeSnapshot(445)) - Current Snapshot Index (t:1, i:2)
2022-11-08 06:33:09,266 [om1@group-C5BA1605619E-StateMachineUpdater] INFO  impl.StateMachineUpdater (StateMachineUpdater.java:takeSnapshot(287)) - om1@group-C5BA1605619E-StateMachineUpdater: Took a snapshot at index 2
2022-11-08 06:33:09,267 [om1@group-C5BA1605619E-StateMachineUpdater] INFO  impl.StateMachineUpdater (StateMachineUpdater.java:lambda$new$0(92)) - om1@group-C5BA1605619E-StateMachineUpdater: snapshotIndex: updateIncreasingly -1 -> 2
2022-11-08 06:33:09,267 [om1@group-C5BA1605619E-StateMachineUpdater] INFO  ratis.OzoneManagerStateMachine (OzoneManagerStateMachine.java:close(499)) - StateMachine has shutdown. Shutdown OzoneManager if not already shutdown.
2022-11-08 06:33:09,267 [om1@group-C5BA1605619E-StateMachineUpdater] INFO  ratis.OzoneManagerDoubleBuffer (OzoneManagerDoubleBuffer.java:stop(466)) - Stopping OMDoubleBuffer flush thread
2022-11-08 06:33:09,267 [OMDoubleBufferFlushThread] INFO  ratis.OzoneManagerDoubleBuffer (OzoneManagerDoubleBuffer.java:flushTransactions(385)) - OMDoubleBuffer flush thread OMDoubleBufferFlushThread is interrupted and will exit.
2022-11-08 06:33:09,268 [om1-impl-thread2] INFO  server.RaftServer$Division (ServerState.java:close(466)) - om1@group-C5BA1605619E: closes. applyIndex: 2
2022-11-08 06:33:09,268 [om1@group-C5BA1605619E-SegmentedRaftLogWorker] INFO  segmented.SegmentedRaftLogWorker (SegmentedRaftLogWorker.java:run(345)) - om1@group-C5BA1605619E-SegmentedRaftLogWorker was interrupted, exiting. There are 0 tasks remaining in the queue.
2022-11-08 06:33:09,270 [om1-impl-thread2] INFO  segmented.SegmentedRaftLogWorker (SegmentedRaftLogWorker.java:close(255)) - om1@group-C5BA1605619E-SegmentedRaftLogWorker close()
2022-11-08 06:33:09,273 [JvmPauseMonitor0] INFO  util.JvmPauseMonitor (JvmPauseMonitor.java:run(111)) - JvmPauseMonitor-om1: Stopped
2022-11-08 06:33:09,273 [Listener at 127.0.0.1/40183] INFO  ratis.OzoneManagerStateMachine (OzoneManagerStateMachine.java:close(499)) - StateMachine has shutdown. Shutdown OzoneManager if not already shutdown.
2022-11-08 06:33:09,273 [Listener at 127.0.0.1/40183] INFO  ratis.OzoneManagerDoubleBuffer (OzoneManagerDoubleBuffer.java:stop(478)) - OMDoubleBuffer flush thread is not running.
2022-11-08 06:33:09,274 [Listener at 127.0.0.1/40183] INFO  utils.BackgroundService (BackgroundService.java:shutdown(141)) - Shutting down service KeyDeletingService
2022-11-08 06:33:09,274 [Listener at 127.0.0.1/40183] INFO  utils.BackgroundService (BackgroundService.java:shutdown(141)) - Shutting down service DirectoryDeletingService
2022-11-08 06:33:09,274 [Listener at 127.0.0.1/40183] INFO  utils.BackgroundService (BackgroundService.java:shutdown(141)) - Shutting down service OpenKeyCleanupService
2022-11-08 06:33:09,277 [Listener at 127.0.0.1/40183] INFO  handler.ContextHandler (ContextHandler.java:doStop(1159)) - Stopped o.e.j.w.WebAppContext@518a9c8a{ozoneManager,/,null,STOPPED}{file:/home/runner/work/ozone/ozone/hadoop-ozone/integration-test/target/test-classes/webapps/ozoneManager}
2022-11-08 06:33:09,281 [Listener at 127.0.0.1/40183] INFO  server.AbstractConnector (AbstractConnector.java:doStop(383)) - Stopped ServerConnector@5fde6b8c{HTTP/1.1, (http/1.1)}{0.0.0.0:0}
2022-11-08 06:33:09,281 [Listener at 127.0.0.1/40183] INFO  server.session (HouseKeeper.java:stopScavenging(149)) - node0 Stopped scavenging
2022-11-08 06:33:09,281 [Listener at 127.0.0.1/40183] INFO  handler.ContextHandler (ContextHandler.java:doStop(1159)) - Stopped o.e.j.s.ServletContextHandler@71f164d6{static,/static,file:///home/runner/work/ozone/ozone/hadoop-ozone/integration-test/target/test-classes/webapps/static,STOPPED}
2022-11-08 06:33:09,282 [Listener at 127.0.0.1/40183] INFO  handler.ContextHandler (ContextHandler.java:doStop(1159)) - Stopped o.e.j.s.ServletContextHandler@36c1b50d{logs,/logs,file:///home/runner/work/ozone/ozone/hadoop-ozone/integration-test/target/log,STOPPED}
2022-11-08 06:33:09,289 [Listener at 127.0.0.1/40183] INFO  ozone.MiniOzoneClusterImpl (MiniOzoneClusterImpl.java:stopDatanodes(522)) - Stopping the HddsDatanodes
2022-11-08 06:33:09,293 [Listener at 127.0.0.1/40183] INFO  ozoneimpl.OzoneContainer (OzoneContainer.java:stop(400)) - Attempting to stop container services.
2022-11-08 06:33:09,298 [ForkJoinPool.commonPool-worker-0] INFO  ozoneimpl.OzoneContainer (OzoneContainer.java:stop(400)) - Attempting to stop container services.
2022-11-08 06:33:09,300 [Listener at 127.0.0.1/40183] INFO  server.RaftServer (RaftServerProxy.java:lambda$close$6(409)) - 2839026e-8851-4a4b-a6c3-ebe7d865c058: close
2022-11-08 06:33:09,301 [ForkJoinPool.commonPool-worker-0] INFO  server.RaftServer (RaftServerProxy.java:lambda$close$6(409)) - 976467f4-c66a-4ccc-8167-891a23ca4537: close
2022-11-08 06:33:09,301 [Listener at 127.0.0.1/40183] INFO  server.GrpcService (GrpcService.java:closeImpl(279)) - 2839026e-8851-4a4b-a6c3-ebe7d865c058: shutdown server GrpcServerProtocolService now
2022-11-08 06:33:09,301 [976467f4-c66a-4ccc-8167-891a23ca4537-impl-thread2] INFO  server.RaftServer$Division (RaftServerImpl.java:lambda$close$4(458)) - 976467f4-c66a-4ccc-8167-891a23ca4537@group-73C734729954: shutdown
2022-11-08 06:33:09,301 [976467f4-c66a-4ccc-8167-891a23ca4537-impl-thread2] INFO  util.JmxRegister (JmxRegister.java:unregister(73)) - Successfully un-registered JMX Bean with object name Ratis:service=RaftServer,group=group-73C734729954,id=976467f4-c66a-4ccc-8167-891a23ca4537
2022-11-08 06:33:09,301 [976467f4-c66a-4ccc-8167-891a23ca4537-impl-thread2] INFO  impl.RoleInfo (RoleInfo.java:shutdownLeaderState(93)) - 976467f4-c66a-4ccc-8167-891a23ca4537: shutdown 976467f4-c66a-4ccc-8167-891a23ca4537@group-73C734729954-LeaderStateImpl
2022-11-08 06:33:09,305 [2839026e-8851-4a4b-a6c3-ebe7d865c058-impl-thread2] INFO  server.RaftServer$Division (RaftServerImpl.java:lambda$close$4(458)) - 2839026e-8851-4a4b-a6c3-ebe7d865c058@group-51534D1FFBD1: shutdown
2022-11-08 06:33:09,305 [2839026e-8851-4a4b-a6c3-ebe7d865c058-impl-thread2] INFO  util.JmxRegister (JmxRegister.java:unregister(73)) - Successfully un-registered JMX Bean with object name Ratis:service=RaftServer,group=group-51534D1FFBD1,id=2839026e-8851-4a4b-a6c3-ebe7d865c058
2022-11-08 06:33:09,305 [2839026e-8851-4a4b-a6c3-ebe7d865c058-impl-thread2] INFO  impl.RoleInfo (RoleInfo.java:shutdownLeaderState(93)) - 2839026e-8851-4a4b-a6c3-ebe7d865c058: shutdown 2839026e-8851-4a4b-a6c3-ebe7d865c058@group-51534D1FFBD1-LeaderStateImpl
2022-11-08 06:33:09,306 [2839026e-8851-4a4b-a6c3-ebe7d865c058-impl-thread2] INFO  impl.PendingRequests (PendingRequests.java:sendNotLeaderResponses(282)) - 2839026e-8851-4a4b-a6c3-ebe7d865c058@group-51534D1FFBD1-PendingRequests: sendNotLeaderResponses
2022-11-08 06:33:09,306 [2839026e-8851-4a4b-a6c3-ebe7d865c058@group-51534D1FFBD1-StateMachineUpdater] INFO  ratis.ContainerStateMachine (ContainerStateMachine.java:takeSnapshot(304)) - group-51534D1FFBD1: Taking a snapshot at:(t:1, i:0) file /home/runner/work/ozone/ozone/hadoop-ozone/integration-test/target/test-dir/MiniOzoneClusterImpl-c53ae64f-4849-40e6-a4d6-552e28141f22/datanode-3/data/ratis/b5cd1cad-31d0-4510-8452-51534d1ffbd1/sm/snapshot.1_0
2022-11-08 06:33:09,306 [2839026e-8851-4a4b-a6c3-ebe7d865c058-impl-thread2] INFO  impl.StateMachineUpdater (StateMachineUpdater.java:stopAndJoin(153)) - 2839026e-8851-4a4b-a6c3-ebe7d865c058@group-51534D1FFBD1-StateMachineUpdater: set stopIndex = 0
2022-11-08 06:33:09,306 [ForkJoinPool.commonPool-worker-0] INFO  server.GrpcService (GrpcService.java:closeImpl(279)) - 976467f4-c66a-4ccc-8167-891a23ca4537: shutdown server GrpcServerProtocolService now
2022-11-08 06:33:09,310 [Listener at 127.0.0.1/40183] INFO  server.GrpcServerProtocolClient (GrpcServerProtocolClient.java:close(111)) - ea638ff9-1ace-4fa2-9837-fa4aefb4be68 Close channels
2022-11-08 06:33:09,310 [976467f4-c66a-4ccc-8167-891a23ca4537-impl-thread2] INFO  impl.PendingRequests (PendingRequests.java:sendNotLeaderResponses(282)) - 976467f4-c66a-4ccc-8167-891a23ca4537@group-73C734729954-PendingRequests: sendNotLeaderResponses
2022-11-08 06:33:09,310 [976467f4-c66a-4ccc-8167-891a23ca4537-impl-thread2] INFO  impl.StateMachineUpdater (StateMachineUpdater.java:stopAndJoin(153)) - 976467f4-c66a-4ccc-8167-891a23ca4537@group-73C734729954-StateMachineUpdater: set stopIndex = 0
2022-11-08 06:33:09,310 [976467f4-c66a-4ccc-8167-891a23ca4537@group-73C734729954-StateMachineUpdater] INFO  ratis.ContainerStateMachine (ContainerStateMachine.java:takeSnapshot(304)) - group-73C734729954: Taking a snapshot at:(t:5, i:0) file /home/runner/work/ozone/ozone/hadoop-ozone/integration-test/target/test-dir/MiniOzoneClusterImpl-c53ae64f-4849-40e6-a4d6-552e28141f22/datanode-1/data/ratis/657ca416-48e4-4e40-9c25-73c734729954/sm/snapshot.5_0
2022-11-08 06:33:09,311 [976467f4-c66a-4ccc-8167-891a23ca4537-impl-thread3] INFO  server.RaftServer$Division (RaftServerImpl.java:lambda$close$4(458)) - 976467f4-c66a-4ccc-8167-891a23ca4537@group-19DDDCD191CE: shutdown
2022-11-08 06:33:09,311 [976467f4-c66a-4ccc-8167-891a23ca4537@group-73C734729954-StateMachineUpdater] INFO  ratis.ContainerStateMachine (ContainerStateMachine.java:takeSnapshot(315)) - group-73C734729954: Finished taking a snapshot at:(t:5, i:0) file:/home/runner/work/ozone/ozone/hadoop-ozone/integration-test/target/test-dir/MiniOzoneClusterImpl-c53ae64f-4849-40e6-a4d6-552e28141f22/datanode-1/data/ratis/657ca416-48e4-4e40-9c25-73c734729954/sm/snapshot.5_0 took: 1 ms
2022-11-08 06:33:09,311 [976467f4-c66a-4ccc-8167-891a23ca4537@group-73C734729954->ec4ff2c3-aedb-4237-8f96-8aa5e66a28ee-GrpcLogAppender-LogAppenderDaemon] WARN  server.GrpcLogAppender (GrpcLogAppender.java:mayWait(200)) - 976467f4-c66a-4ccc-8167-891a23ca4537@group-73C734729954->ec4ff2c3-aedb-4237-8f96-8aa5e66a28ee-GrpcLogAppender: Wait interrupted by java.lang.InterruptedException
2022-11-08 06:33:09,311 [976467f4-c66a-4ccc-8167-891a23ca4537@group-73C734729954-StateMachineUpdater] INFO  impl.StateMachineUpdater (StateMachineUpdater.java:takeSnapshot(287)) - 976467f4-c66a-4ccc-8167-891a23ca4537@group-73C734729954-StateMachineUpdater: Took a snapshot at index 0
2022-11-08 06:33:09,312 [2839026e-8851-4a4b-a6c3-ebe7d865c058@group-51534D1FFBD1-StateMachineUpdater] INFO  ratis.ContainerStateMachine (ContainerStateMachine.java:takeSnapshot(315)) - group-51534D1FFBD1: Finished taking a snapshot at:(t:1, i:0) file:/home/runner/work/ozone/ozone/hadoop-ozone/integration-test/target/test-dir/MiniOzoneClusterImpl-c53ae64f-4849-40e6-a4d6-552e28141f22/datanode-3/data/ratis/b5cd1cad-31d0-4510-8452-51534d1ffbd1/sm/snapshot.1_0 took: 5 ms
2022-11-08 06:33:09,312 [976467f4-c66a-4ccc-8167-891a23ca4537@group-73C734729954-StateMachineUpdater] INFO  impl.StateMachineUpdater (StateMachineUpdater.java:lambda$new$0(92)) - 976467f4-c66a-4ccc-8167-891a23ca4537@group-73C734729954-StateMachineUpdater: snapshotIndex: updateIncreasingly -1 -> 0
2022-11-08 06:33:09,312 [2839026e-8851-4a4b-a6c3-ebe7d865c058@group-51534D1FFBD1-StateMachineUpdater] INFO  impl.StateMachineUpdater (StateMachineUpdater.java:takeSnapshot(287)) - 2839026e-8851-4a4b-a6c3-ebe7d865c058@group-51534D1FFBD1-StateMachineUpdater: Took a snapshot at index 0
2022-11-08 06:33:09,312 [2839026e-8851-4a4b-a6c3-ebe7d865c058@group-51534D1FFBD1-StateMachineUpdater] INFO  impl.StateMachineUpdater (StateMachineUpdater.java:lambda$new$0(92)) - 2839026e-8851-4a4b-a6c3-ebe7d865c058@group-51534D1FFBD1-StateMachineUpdater: snapshotIndex: updateIncreasingly -1 -> 0
2022-11-08 06:33:09,312 [2839026e-8851-4a4b-a6c3-ebe7d865c058-impl-thread2] INFO  server.RaftServer$Division (ServerState.java:close(466)) - 2839026e-8851-4a4b-a6c3-ebe7d865c058@group-51534D1FFBD1: closes. applyIndex: 0
2022-11-08 06:33:09,312 [976467f4-c66a-4ccc-8167-891a23ca4537@group-73C734729954->31d5b2a7-dd00-41c8-9482-fa5c506864d0-GrpcLogAppender-LogAppenderDaemon] WARN  server.GrpcLogAppender (GrpcLogAppender.java:mayWait(200)) - 976467f4-c66a-4ccc-8167-891a23ca4537@group-73C734729954->31d5b2a7-dd00-41c8-9482-fa5c506864d0-GrpcLogAppender: Wait interrupted by java.lang.InterruptedException
2022-11-08 06:33:09,313 [2839026e-8851-4a4b-a6c3-ebe7d865c058@group-51534D1FFBD1-SegmentedRaftLogWorker] INFO  segmented.SegmentedRaftLogWorker (SegmentedRaftLogWorker.java:run(345)) - 2839026e-8851-4a4b-a6c3-ebe7d865c058@group-51534D1FFBD1-SegmentedRaftLogWorker was interrupted, exiting. There are 0 tasks remaining in the queue.
2022-11-08 06:33:09,314 [976467f4-c66a-4ccc-8167-891a23ca4537-impl-thread2] INFO  server.RaftServer$Division (ServerState.java:close(466)) - 976467f4-c66a-4ccc-8167-891a23ca4537@group-73C734729954: closes. applyIndex: 0
2022-11-08 06:33:09,315 [2839026e-8851-4a4b-a6c3-ebe7d865c058-impl-thread2] INFO  segmented.SegmentedRaftLogWorker (SegmentedRaftLogWorker.java:close(255)) - 2839026e-8851-4a4b-a6c3-ebe7d865c058@group-51534D1FFBD1-SegmentedRaftLogWorker close()
2022-11-08 06:33:09,315 [ForkJoinPool.commonPool-worker-0] INFO  server.GrpcServerProtocolClient (GrpcServerProtocolClient.java:close(111)) - 31d5b2a7-dd00-41c8-9482-fa5c506864d0 Close channels
2022-11-08 06:33:09,316 [976467f4-c66a-4ccc-8167-891a23ca4537@group-73C734729954-SegmentedRaftLogWorker] INFO  segmented.SegmentedRaftLogWorker (SegmentedRaftLogWorker.java:run(345)) - 976467f4-c66a-4ccc-8167-891a23ca4537@group-73C734729954-SegmentedRaftLogWorker was interrupted, exiting. There are 0 tasks remaining in the queue.
2022-11-08 06:33:09,317 [976467f4-c66a-4ccc-8167-891a23ca4537-impl-thread2] INFO  segmented.SegmentedRaftLogWorker (SegmentedRaftLogWorker.java:close(255)) - 976467f4-c66a-4ccc-8167-891a23ca4537@group-73C734729954-SegmentedRaftLogWorker close()
2022-11-08 06:33:09,318 [976467f4-c66a-4ccc-8167-891a23ca4537-impl-thread3] INFO  util.JmxRegister (JmxRegister.java:unregister(73)) - Successfully un-registered JMX Bean with object name Ratis:service=RaftServer,group=group-19DDDCD191CE,id=976467f4-c66a-4ccc-8167-891a23ca4537
2022-11-08 06:33:09,318 [976467f4-c66a-4ccc-8167-891a23ca4537-impl-thread3] INFO  impl.RoleInfo (RoleInfo.java:shutdownLeaderState(93)) - 976467f4-c66a-4ccc-8167-891a23ca4537: shutdown 976467f4-c66a-4ccc-8167-891a23ca4537@group-19DDDCD191CE-LeaderStateImpl
2022-11-08 06:33:09,318 [976467f4-c66a-4ccc-8167-891a23ca4537-impl-thread3] INFO  impl.PendingRequests (PendingRequests.java:sendNotLeaderResponses(282)) - 976467f4-c66a-4ccc-8167-891a23ca4537@group-19DDDCD191CE-PendingRequests: sendNotLeaderResponses
2022-11-08 06:33:09,319 [976467f4-c66a-4ccc-8167-891a23ca4537-impl-thread3] INFO  impl.StateMachineUpdater (StateMachineUpdater.java:stopAndJoin(153)) - 976467f4-c66a-4ccc-8167-891a23ca4537@group-19DDDCD191CE-StateMachineUpdater: set stopIndex = 0
2022-11-08 06:33:09,319 [976467f4-c66a-4ccc-8167-891a23ca4537@group-19DDDCD191CE-StateMachineUpdater] INFO  ratis.ContainerStateMachine (ContainerStateMachine.java:takeSnapshot(304)) - group-19DDDCD191CE: Taking a snapshot at:(t:1, i:0) file /home/runner/work/ozone/ozone/hadoop-ozone/integration-test/target/test-dir/MiniOzoneClusterImpl-c53ae64f-4849-40e6-a4d6-552e28141f22/datanode-1/data/ratis/a0a5b322-431d-4384-9cd1-19dddcd191ce/sm/snapshot.1_0
2022-11-08 06:33:09,321 [976467f4-c66a-4ccc-8167-891a23ca4537@group-19DDDCD191CE-StateMachineUpdater] INFO  ratis.ContainerStateMachine (ContainerStateMachine.java:takeSnapshot(315)) - group-19DDDCD191CE: Finished taking a snapshot at:(t:1, i:0) file:/home/runner/work/ozone/ozone/hadoop-ozone/integration-test/target/test-dir/MiniOzoneClusterImpl-c53ae64f-4849-40e6-a4d6-552e28141f22/datanode-1/data/ratis/a0a5b322-431d-4384-9cd1-19dddcd191ce/sm/snapshot.1_0 took: 1 ms
2022-11-08 06:33:09,321 [976467f4-c66a-4ccc-8167-891a23ca4537@group-19DDDCD191CE-StateMachineUpdater] INFO  impl.StateMachineUpdater (StateMachineUpdater.java:takeSnapshot(287)) - 976467f4-c66a-4ccc-8167-891a23ca4537@group-19DDDCD191CE-StateMachineUpdater: Took a snapshot at index 0
2022-11-08 06:33:09,321 [976467f4-c66a-4ccc-8167-891a23ca4537@group-19DDDCD191CE-StateMachineUpdater] INFO  impl.StateMachineUpdater (StateMachineUpdater.java:lambda$new$0(92)) - 976467f4-c66a-4ccc-8167-891a23ca4537@group-19DDDCD191CE-StateMachineUpdater: snapshotIndex: updateIncreasingly -1 -> 0
2022-11-08 06:33:09,321 [976467f4-c66a-4ccc-8167-891a23ca4537-impl-thread3] INFO  server.RaftServer$Division (ServerState.java:close(466)) - 976467f4-c66a-4ccc-8167-891a23ca4537@group-19DDDCD191CE: closes. applyIndex: 0
2022-11-08 06:33:09,321 [976467f4-c66a-4ccc-8167-891a23ca4537@group-19DDDCD191CE-SegmentedRaftLogWorker] INFO  segmented.SegmentedRaftLogWorker (SegmentedRaftLogWorker.java:run(345)) - 976467f4-c66a-4ccc-8167-891a23ca4537@group-19DDDCD191CE-SegmentedRaftLogWorker was interrupted, exiting. There are 0 tasks remaining in the queue.
2022-11-08 06:33:09,321 [976467f4-c66a-4ccc-8167-891a23ca4537-impl-thread3] INFO  segmented.SegmentedRaftLogWorker (SegmentedRaftLogWorker.java:close(255)) - 976467f4-c66a-4ccc-8167-891a23ca4537@group-19DDDCD191CE-SegmentedRaftLogWorker close()
2022-11-08 06:33:09,322 [Listener at 127.0.0.1/40183] INFO  server.GrpcServerProtocolClient (GrpcServerProtocolClient.java:close(111)) - 6307e296-217c-47f6-b7e1-30640c7ce136 Close channels
2022-11-08 06:33:09,323 [grpc-default-executor-5] INFO  server.GrpcServerProtocolService (GrpcServerProtocolService.java:onCompleted(145)) - ec4ff2c3-aedb-4237-8f96-8aa5e66a28ee: Completed APPEND_ENTRIES, lastRequest: null
2022-11-08 06:33:09,324 [grpc-default-executor-1] INFO  server.GrpcServerProtocolService (GrpcServerProtocolService.java:onCompleted(145)) - ec4ff2c3-aedb-4237-8f96-8aa5e66a28ee: Completed APPEND_ENTRIES, lastRequest: 976467f4-c66a-4ccc-8167-891a23ca4537->ec4ff2c3-aedb-4237-8f96-8aa5e66a28ee#1-t5,previous=(t:0, i:0),leaderCommit=0,initializing? true,entries: size=1, first=(t:5, i:0), CONFIGURATIONENTRY(current:id: "31d5b2a7-dd00-41c8-9482-fa5c506864d0"
address: "10.1.0.244:38699"
clientAddress: "10.1.0.244:38699"
adminAddress: "10.1.0.244:38699"
startupRole: FOLLOWER
,id: "976467f4-c66a-4ccc-8167-891a23ca4537"
address: "10.1.0.244:37157"
priority: 1
clientAddress: "10.1.0.244:37157"
adminAddress: "10.1.0.244:37157"
startupRole: FOLLOWER
,id: "ec4ff2c3-aedb-4237-8f96-8aa5e66a28ee"
address: "10.1.0.244:40923"
clientAddress: "10.1.0.244:40923"
adminAddress: "10.1.0.244:40923"
startupRole: FOLLOWER
, old:)
2022-11-08 06:33:09,324 [grpc-default-executor-5] INFO  server.GrpcServerProtocolService (GrpcServerProtocolService.java:onCompleted(145)) - 31d5b2a7-dd00-41c8-9482-fa5c506864d0: Completed APPEND_ENTRIES, lastRequest: 976467f4-c66a-4ccc-8167-891a23ca4537->31d5b2a7-dd00-41c8-9482-fa5c506864d0#1-t5,previous=(t:0, i:0),leaderCommit=0,initializing? true,entries: size=1, first=(t:5, i:0), CONFIGURATIONENTRY(current:id: "31d5b2a7-dd00-41c8-9482-fa5c506864d0"
address: "10.1.0.244:38699"
clientAddress: "10.1.0.244:38699"
adminAddress: "10.1.0.244:38699"
startupRole: FOLLOWER
,id: "976467f4-c66a-4ccc-8167-891a23ca4537"
address: "10.1.0.244:37157"
priority: 1
clientAddress: "10.1.0.244:37157"
adminAddress: "10.1.0.244:37157"
startupRole: FOLLOWER
,id: "ec4ff2c3-aedb-4237-8f96-8aa5e66a28ee"
address: "10.1.0.244:40923"
clientAddress: "10.1.0.244:40923"
adminAddress: "10.1.0.244:40923"
startupRole: FOLLOWER
, old:)
2022-11-08 06:33:09,326 [grpc-default-executor-5] INFO  server.GrpcServerProtocolService (GrpcServerProtocolService.java:onCompleted(145)) - 31d5b2a7-dd00-41c8-9482-fa5c506864d0: Completed APPEND_ENTRIES, lastRequest: null
2022-11-08 06:33:09,334 [Listener at 127.0.0.1/40183] INFO  server.GrpcService (GrpcService.java:closeImpl(288)) - 2839026e-8851-4a4b-a6c3-ebe7d865c058: shutdown server GrpcServerProtocolService successfully
2022-11-08 06:33:09,334 [JvmPauseMonitor4] INFO  util.JvmPauseMonitor (JvmPauseMonitor.java:run(111)) - JvmPauseMonitor-2839026e-8851-4a4b-a6c3-ebe7d865c058: Stopped
2022-11-08 06:33:09,334 [grpc-default-executor-5] INFO  server.GrpcLogAppender (GrpcLogAppender.java:onCompleted(415)) - 976467f4-c66a-4ccc-8167-891a23ca4537@group-73C734729954->ec4ff2c3-aedb-4237-8f96-8aa5e66a28ee-AppendLogResponseHandler: follower responses appendEntries COMPLETED
2022-11-08 06:33:09,334 [grpc-default-executor-5] INFO  leader.FollowerInfo (FollowerInfoImpl.java:lambda$new$0(48)) - 976467f4-c66a-4ccc-8167-891a23ca4537@group-73C734729954->ec4ff2c3-aedb-4237-8f96-8aa5e66a28ee: nextIndex: updateUnconditionally 1 -> 0
2022-11-08 06:33:09,339 [grpc-default-executor-1] INFO  server.GrpcLogAppender (GrpcLogAppender.java:onCompleted(415)) - 976467f4-c66a-4ccc-8167-891a23ca4537@group-73C734729954->31d5b2a7-dd00-41c8-9482-fa5c506864d0-AppendLogResponseHandler: follower responses appendEntries COMPLETED
2022-11-08 06:33:09,340 [grpc-default-executor-1] WARN  server.GrpcLogAppender (GrpcLogAppender.java:resetClient(137)) - 976467f4-c66a-4ccc-8167-891a23ca4537@group-73C734729954->31d5b2a7-dd00-41c8-9482-fa5c506864d0-GrpcLogAppender: Failed to getClient for 31d5b2a7-dd00-41c8-9482-fa5c506864d0
org.apache.ratis.protocol.exceptions.AlreadyClosedException: 976467f4-c66a-4ccc-8167-891a23ca4537 is already CLOSED
	at org.apache.ratis.util.PeerProxyMap$PeerAndProxy.getProxy(PeerProxyMap.java:61)
	at org.apache.ratis.util.PeerProxyMap.getProxy(PeerProxyMap.java:115)
	at org.apache.ratis.grpc.server.GrpcLogAppender.getClient(GrpcLogAppender.java:116)
	at org.apache.ratis.grpc.server.GrpcLogAppender.resetClient(GrpcLogAppender.java:121)
	at org.apache.ratis.grpc.server.GrpcLogAppender.access$500(GrpcLogAppender.java:58)
	at org.apache.ratis.grpc.server.GrpcLogAppender$AppendLogResponseHandler.onCompleted(GrpcLogAppender.java:416)
	at org.apache.ratis.thirdparty.io.grpc.stub.ClientCalls$StreamObserverToCallListenerAdapter.onClose(ClientCalls.java:485)
	at org.apache.ratis.thirdparty.io.grpc.internal.DelayedClientCall$DelayedListener$3.run(DelayedClientCall.java:468)
	at org.apache.ratis.thirdparty.io.grpc.internal.DelayedClientCall$DelayedListener.delayOrExecute(DelayedClientCall.java:432)
	at org.apache.ratis.thirdparty.io.grpc.internal.DelayedClientCall$DelayedListener.onClose(DelayedClientCall.java:465)
	at org.apache.ratis.thirdparty.io.grpc.internal.ClientCallImpl.closeObserver(ClientCallImpl.java:562)
	at org.apache.ratis.thirdparty.io.grpc.internal.ClientCallImpl.access$300(ClientCallImpl.java:70)
	at org.apache.ratis.thirdparty.io.grpc.internal.ClientCallImpl$ClientStreamListenerImpl$1StreamClosed.runInternal(ClientCallImpl.java:743)
	at org.apache.ratis.thirdparty.io.grpc.internal.ClientCallImpl$ClientStreamListenerImpl$1StreamClosed.runInContext(ClientCallImpl.java:722)
	at org.apache.ratis.thirdparty.io.grpc.internal.ContextRunnable.run(ContextRunnable.java:37)
	at org.apache.ratis.thirdparty.io.grpc.internal.SerializingExecutor.run(SerializingExecutor.java:133)
	at java.util.concurrent.ThreadPoolExecutor.runWorker(ThreadPoolExecutor.java:1149)
	at java.util.concurrent.ThreadPoolExecutor$Worker.run(ThreadPoolExecutor.java:624)
	at java.lang.Thread.run(Thread.java:750)
2022-11-08 06:33:09,342 [grpc-default-executor-2] INFO  server.GrpcLogAppender (GrpcLogAppender.java:onCompleted(415)) - 976467f4-c66a-4ccc-8167-891a23ca4537@group-73C734729954->ec4ff2c3-aedb-4237-8f96-8aa5e66a28ee-AppendLogResponseHandler: follower responses appendEntries COMPLETED
2022-11-08 06:33:09,342 [grpc-default-executor-2] INFO  leader.FollowerInfo (FollowerInfoImpl.java:lambda$new$0(48)) - 976467f4-c66a-4ccc-8167-891a23ca4537@group-73C734729954->ec4ff2c3-aedb-4237-8f96-8aa5e66a28ee: nextIndex: updateUnconditionally 0 -> 0
2022-11-08 06:33:09,342 [grpc-default-executor-5] INFO  server.GrpcLogAppender (GrpcLogAppender.java:onCompleted(415)) - 976467f4-c66a-4ccc-8167-891a23ca4537@group-73C734729954->31d5b2a7-dd00-41c8-9482-fa5c506864d0-AppendLogResponseHandler: follower responses appendEntries COMPLETED
2022-11-08 06:33:09,342 [grpc-default-executor-5] WARN  server.GrpcLogAppender (GrpcLogAppender.java:resetClient(137)) - 976467f4-c66a-4ccc-8167-891a23ca4537@group-73C734729954->31d5b2a7-dd00-41c8-9482-fa5c506864d0-GrpcLogAppender: Failed to getClient for 31d5b2a7-dd00-41c8-9482-fa5c506864d0
org.apache.ratis.protocol.exceptions.AlreadyClosedException: 976467f4-c66a-4ccc-8167-891a23ca4537 is already CLOSED
	at org.apache.ratis.util.PeerProxyMap$PeerAndProxy.getProxy(PeerProxyMap.java:61)
	at org.apache.ratis.util.PeerProxyMap.getProxy(PeerProxyMap.java:115)
	at org.apache.ratis.grpc.server.GrpcLogAppender.getClient(GrpcLogAppender.java:116)
	at org.apache.ratis.grpc.server.GrpcLogAppender.resetClient(GrpcLogAppender.java:121)
	at org.apache.ratis.grpc.server.GrpcLogAppender.access$500(GrpcLogAppender.java:58)
	at org.apache.ratis.grpc.server.GrpcLogAppender$AppendLogResponseHandler.onCompleted(GrpcLogAppender.java:416)
	at org.apache.ratis.thirdparty.io.grpc.stub.ClientCalls$StreamObserverToCallListenerAdapter.onClose(ClientCalls.java:485)
	at org.apache.ratis.thirdparty.io.grpc.internal.ClientCallImpl.closeObserver(ClientCallImpl.java:562)
	at org.apache.ratis.thirdparty.io.grpc.internal.ClientCallImpl.access$300(ClientCallImpl.java:70)
	at org.apache.ratis.thirdparty.io.grpc.internal.ClientCallImpl$ClientStreamListenerImpl$1StreamClosed.runInternal(ClientCallImpl.java:743)
	at org.apache.ratis.thirdparty.io.grpc.internal.ClientCallImpl$ClientStreamListenerImpl$1StreamClosed.runInContext(ClientCallImpl.java:722)
	at org.apache.ratis.thirdparty.io.grpc.internal.ContextRunnable.run(ContextRunnable.java:37)
	at org.apache.ratis.thirdparty.io.grpc.internal.SerializingExecutor.run(SerializingExecutor.java:133)
	at java.util.concurrent.ThreadPoolExecutor.runWorker(ThreadPoolExecutor.java:1149)
	at java.util.concurrent.ThreadPoolExecutor$Worker.run(ThreadPoolExecutor.java:624)
	at java.lang.Thread.run(Thread.java:750)
2022-11-08 06:33:09,344 [ForkJoinPool.commonPool-worker-0] INFO  server.GrpcServerProtocolClient (GrpcServerProtocolClient.java:close(111)) - ec4ff2c3-aedb-4237-8f96-8aa5e66a28ee Close channels
2022-11-08 06:33:09,345 [ForkJoinPool.commonPool-worker-0] INFO  server.GrpcService (GrpcService.java:closeImpl(288)) - 976467f4-c66a-4ccc-8167-891a23ca4537: shutdown server GrpcServerProtocolService successfully
2022-11-08 06:33:09,346 [JvmPauseMonitor2] INFO  util.JvmPauseMonitor (JvmPauseMonitor.java:run(111)) - JvmPauseMonitor-976467f4-c66a-4ccc-8167-891a23ca4537: Stopped
2022-11-08 06:33:11,370 [ForkJoinPool.commonPool-worker-0] INFO  volume.HddsVolume (HddsVolume.java:closeDbStore(338)) - SchemaV3 db is stopped at /home/runner/work/ozone/ozone/hadoop-ozone/integration-test/target/test-dir/MiniOzoneClusterImpl-c53ae64f-4849-40e6-a4d6-552e28141f22/datanode-1/data-0/containers/hdds/c53ae64f-4849-40e6-a4d6-552e28141f22/DS-c34d0a85-79a9-4f53-ba6c-b3f3ed0cab81/container.db for volume DS-c34d0a85-79a9-4f53-ba6c-b3f3ed0cab81
2022-11-08 06:33:11,370 [ForkJoinPool.commonPool-worker-0] INFO  utils.BackgroundService (BackgroundService.java:shutdown(141)) - Shutting down service BlockDeletingService
2022-11-08 06:33:11,371 [Listener at 127.0.0.1/40183] INFO  volume.HddsVolume (HddsVolume.java:closeDbStore(338)) - SchemaV3 db is stopped at /home/runner/work/ozone/ozone/hadoop-ozone/integration-test/target/test-dir/MiniOzoneClusterImpl-c53ae64f-4849-40e6-a4d6-552e28141f22/datanode-3/data-0/containers/hdds/c53ae64f-4849-40e6-a4d6-552e28141f22/DS-4b6f6371-cb6c-47a2-abbd-d8949eb69b01/container.db for volume DS-4b6f6371-cb6c-47a2-abbd-d8949eb69b01
2022-11-08 06:33:11,371 [Listener at 127.0.0.1/40183] INFO  utils.BackgroundService (BackgroundService.java:shutdown(141)) - Shutting down service BlockDeletingService
2022-11-08 06:33:11,371 [ForkJoinPool.commonPool-worker-0] INFO  utils.BackgroundService (BackgroundService.java:shutdown(141)) - Shutting down service StaleRecoveringContainerScrubbingService
2022-11-08 06:33:11,372 [Listener at 127.0.0.1/40183] INFO  utils.BackgroundService (BackgroundService.java:shutdown(141)) - Shutting down service StaleRecoveringContainerScrubbingService
2022-11-08 06:33:11,374 [Listener at 127.0.0.1/40183] INFO  statemachine.DatanodeStateMachine (DatanodeStateMachine.java:stopDaemon(593)) - Ozone container server stopped.
2022-11-08 06:33:11,375 [ForkJoinPool.commonPool-worker-0] INFO  statemachine.DatanodeStateMachine (DatanodeStateMachine.java:stopDaemon(593)) - Ozone container server stopped.
2022-11-08 06:33:11,387 [Listener at 127.0.0.1/40183] INFO  handler.ContextHandler (ContextHandler.java:doStop(1159)) - Stopped o.e.j.w.WebAppContext@47376146{hddsDatanode,/,null,STOPPED}{jar:file:/home/runner/.m2/repository/org/apache/ozone/hdds-container-service/1.3.0-SNAPSHOT/hdds-container-service-1.3.0-SNAPSHOT.jar!/webapps/hddsDatanode}
2022-11-08 06:33:11,388 [Listener at 127.0.0.1/40183] INFO  server.AbstractConnector (AbstractConnector.java:doStop(383)) - Stopped ServerConnector@7e03fe2b{HTTP/1.1, (http/1.1)}{0.0.0.0:0}
2022-11-08 06:33:11,388 [Listener at 127.0.0.1/40183] INFO  server.session (HouseKeeper.java:stopScavenging(149)) - node0 Stopped scavenging
2022-11-08 06:33:11,389 [Listener at 127.0.0.1/40183] INFO  handler.ContextHandler (ContextHandler.java:doStop(1159)) - Stopped o.e.j.s.ServletContextHandler@21c06106{static,/static,jar:file:/home/runner/.m2/repository/org/apache/ozone/hdds-container-service/1.3.0-SNAPSHOT/hdds-container-service-1.3.0-SNAPSHOT.jar!/webapps/static,STOPPED}
2022-11-08 06:33:11,389 [Listener at 127.0.0.1/40183] INFO  handler.ContextHandler (ContextHandler.java:doStop(1159)) - Stopped o.e.j.s.ServletContextHandler@261052ac{logs,/logs,file:///home/runner/work/ozone/ozone/hadoop-ozone/integration-test/target/log,STOPPED}
2022-11-08 06:33:11,392 [Listener at 127.0.0.1/40183] INFO  ozoneimpl.OzoneContainer (OzoneContainer.java:stop(400)) - Attempting to stop container services.
2022-11-08 06:33:11,394 [Listener at 127.0.0.1/40183] INFO  server.RaftServer (RaftServerProxy.java:lambda$close$6(409)) - ea638ff9-1ace-4fa2-9837-fa4aefb4be68: close
2022-11-08 06:33:11,398 [Listener at 127.0.0.1/40183] INFO  server.GrpcService (GrpcService.java:closeImpl(279)) - ea638ff9-1ace-4fa2-9837-fa4aefb4be68: shutdown server GrpcServerProtocolService now
2022-11-08 06:33:11,398 [ea638ff9-1ace-4fa2-9837-fa4aefb4be68-impl-thread2] INFO  server.RaftServer$Division (RaftServerImpl.java:lambda$close$4(458)) - ea638ff9-1ace-4fa2-9837-fa4aefb4be68@group-4E379A91CD26: shutdown
2022-11-08 06:33:11,398 [ea638ff9-1ace-4fa2-9837-fa4aefb4be68-impl-thread2] INFO  util.JmxRegister (JmxRegister.java:unregister(73)) - Successfully un-registered JMX Bean with object name Ratis:service=RaftServer,group=group-4E379A91CD26,id=ea638ff9-1ace-4fa2-9837-fa4aefb4be68
2022-11-08 06:33:11,398 [ea638ff9-1ace-4fa2-9837-fa4aefb4be68-impl-thread2] INFO  impl.RoleInfo (RoleInfo.java:shutdownLeaderState(93)) - ea638ff9-1ace-4fa2-9837-fa4aefb4be68: shutdown ea638ff9-1ace-4fa2-9837-fa4aefb4be68@group-4E379A91CD26-LeaderStateImpl
2022-11-08 06:33:11,403 [ea638ff9-1ace-4fa2-9837-fa4aefb4be68-impl-thread2] INFO  impl.PendingRequests (PendingRequests.java:sendNotLeaderResponses(282)) - ea638ff9-1ace-4fa2-9837-fa4aefb4be68@group-4E379A91CD26-PendingRequests: sendNotLeaderResponses
2022-11-08 06:33:11,404 [ea638ff9-1ace-4fa2-9837-fa4aefb4be68@group-4E379A91CD26-StateMachineUpdater] INFO  ratis.ContainerStateMachine (ContainerStateMachine.java:takeSnapshot(304)) - group-4E379A91CD26: Taking a snapshot at:(t:1, i:0) file /home/runner/work/ozone/ozone/hadoop-ozone/integration-test/target/test-dir/MiniOzoneClusterImpl-c53ae64f-4849-40e6-a4d6-552e28141f22/datanode-5/data/ratis/a637e4b5-bb2e-4b72-9208-4e379a91cd26/sm/snapshot.1_0
2022-11-08 06:33:11,405 [Listener at 127.0.0.1/40183] INFO  server.GrpcServerProtocolClient (GrpcServerProtocolClient.java:close(111)) - 2839026e-8851-4a4b-a6c3-ebe7d865c058 Close channels
2022-11-08 06:33:11,406 [Listener at 127.0.0.1/40183] INFO  server.GrpcServerProtocolClient (GrpcServerProtocolClient.java:close(111)) - 6307e296-217c-47f6-b7e1-30640c7ce136 Close channels
2022-11-08 06:33:11,406 [Listener at 127.0.0.1/40183] INFO  server.GrpcService (GrpcService.java:closeImpl(288)) - ea638ff9-1ace-4fa2-9837-fa4aefb4be68: shutdown server GrpcServerProtocolService successfully
2022-11-08 06:33:11,407 [ea638ff9-1ace-4fa2-9837-fa4aefb4be68-impl-thread2] INFO  impl.StateMachineUpdater (StateMachineUpdater.java:stopAndJoin(153)) - ea638ff9-1ace-4fa2-9837-fa4aefb4be68@group-4E379A91CD26-StateMachineUpdater: set stopIndex = 0
2022-11-08 06:33:11,409 [ea638ff9-1ace-4fa2-9837-fa4aefb4be68@group-4E379A91CD26-StateMachineUpdater] INFO  ratis.ContainerStateMachine (ContainerStateMachine.java:takeSnapshot(315)) - group-4E379A91CD26: Finished taking a snapshot at:(t:1, i:0) file:/home/runner/work/ozone/ozone/hadoop-ozone/integration-test/target/test-dir/MiniOzoneClusterImpl-c53ae64f-4849-40e6-a4d6-552e28141f22/datanode-5/data/ratis/a637e4b5-bb2e-4b72-9208-4e379a91cd26/sm/snapshot.1_0 took: 5 ms
2022-11-08 06:33:11,410 [ea638ff9-1ace-4fa2-9837-fa4aefb4be68@group-4E379A91CD26-StateMachineUpdater] INFO  impl.StateMachineUpdater (StateMachineUpdater.java:takeSnapshot(287)) - ea638ff9-1ace-4fa2-9837-fa4aefb4be68@group-4E379A91CD26-StateMachineUpdater: Took a snapshot at index 0
2022-11-08 06:33:11,410 [ea638ff9-1ace-4fa2-9837-fa4aefb4be68@group-4E379A91CD26-StateMachineUpdater] INFO  impl.StateMachineUpdater (StateMachineUpdater.java:lambda$new$0(92)) - ea638ff9-1ace-4fa2-9837-fa4aefb4be68@group-4E379A91CD26-StateMachineUpdater: snapshotIndex: updateIncreasingly -1 -> 0
2022-11-08 06:33:11,410 [ea638ff9-1ace-4fa2-9837-fa4aefb4be68-impl-thread2] INFO  server.RaftServer$Division (ServerState.java:close(466)) - ea638ff9-1ace-4fa2-9837-fa4aefb4be68@group-4E379A91CD26: closes. applyIndex: 0
2022-11-08 06:33:11,410 [ea638ff9-1ace-4fa2-9837-fa4aefb4be68@group-4E379A91CD26-SegmentedRaftLogWorker] INFO  segmented.SegmentedRaftLogWorker (SegmentedRaftLogWorker.java:run(345)) - ea638ff9-1ace-4fa2-9837-fa4aefb4be68@group-4E379A91CD26-SegmentedRaftLogWorker was interrupted, exiting. There are 0 tasks remaining in the queue.
2022-11-08 06:33:11,411 [ea638ff9-1ace-4fa2-9837-fa4aefb4be68-impl-thread2] INFO  segmented.SegmentedRaftLogWorker (SegmentedRaftLogWorker.java:close(255)) - ea638ff9-1ace-4fa2-9837-fa4aefb4be68@group-4E379A91CD26-SegmentedRaftLogWorker close()
2022-11-08 06:33:11,412 [JvmPauseMonitor6] INFO  util.JvmPauseMonitor (JvmPauseMonitor.java:run(111)) - JvmPauseMonitor-ea638ff9-1ace-4fa2-9837-fa4aefb4be68: Stopped
2022-11-08 06:33:11,415 [ForkJoinPool.commonPool-worker-0] INFO  handler.ContextHandler (ContextHandler.java:doStop(1159)) - Stopped o.e.j.w.WebAppContext@2aee0895{hddsDatanode,/,null,STOPPED}{jar:file:/home/runner/.m2/repository/org/apache/ozone/hdds-container-service/1.3.0-SNAPSHOT/hdds-container-service-1.3.0-SNAPSHOT.jar!/webapps/hddsDatanode}
2022-11-08 06:33:11,416 [ForkJoinPool.commonPool-worker-0] INFO  server.AbstractConnector (AbstractConnector.java:doStop(383)) - Stopped ServerConnector@44082844{HTTP/1.1, (http/1.1)}{0.0.0.0:0}
2022-11-08 06:33:11,416 [ForkJoinPool.commonPool-worker-0] INFO  server.session (HouseKeeper.java:stopScavenging(149)) - node0 Stopped scavenging
2022-11-08 06:33:11,418 [ForkJoinPool.commonPool-worker-0] INFO  handler.ContextHandler (ContextHandler.java:doStop(1159)) - Stopped o.e.j.s.ServletContextHandler@bfcdc45{static,/static,jar:file:/home/runner/.m2/repository/org/apache/ozone/hdds-container-service/1.3.0-SNAPSHOT/hdds-container-service-1.3.0-SNAPSHOT.jar!/webapps/static,STOPPED}
2022-11-08 06:33:11,419 [ForkJoinPool.commonPool-worker-0] INFO  handler.ContextHandler (ContextHandler.java:doStop(1159)) - Stopped o.e.j.s.ServletContextHandler@7c55bf8d{logs,/logs,file:///home/runner/work/ozone/ozone/hadoop-ozone/integration-test/target/log,STOPPED}
2022-11-08 06:33:11,423 [ForkJoinPool.commonPool-worker-0] INFO  ozoneimpl.OzoneContainer (OzoneContainer.java:stop(400)) - Attempting to stop container services.
2022-11-08 06:33:11,424 [ForkJoinPool.commonPool-worker-0] INFO  server.RaftServer (RaftServerProxy.java:lambda$close$6(409)) - 31d5b2a7-dd00-41c8-9482-fa5c506864d0: close
2022-11-08 06:33:11,425 [31d5b2a7-dd00-41c8-9482-fa5c506864d0-impl-thread2] INFO  server.RaftServer$Division (RaftServerImpl.java:lambda$close$4(458)) - 31d5b2a7-dd00-41c8-9482-fa5c506864d0@group-73C734729954: shutdown
2022-11-08 06:33:11,425 [31d5b2a7-dd00-41c8-9482-fa5c506864d0-impl-thread2] INFO  util.JmxRegister (JmxRegister.java:unregister(73)) - Successfully un-registered JMX Bean with object name Ratis:service=RaftServer,group=group-73C734729954,id=31d5b2a7-dd00-41c8-9482-fa5c506864d0
2022-11-08 06:33:11,425 [31d5b2a7-dd00-41c8-9482-fa5c506864d0-impl-thread2] INFO  impl.RoleInfo (RoleInfo.java:shutdownFollowerState(110)) - 31d5b2a7-dd00-41c8-9482-fa5c506864d0: shutdown 31d5b2a7-dd00-41c8-9482-fa5c506864d0@group-73C734729954-FollowerState
2022-11-08 06:33:11,426 [ForkJoinPool.commonPool-worker-0] INFO  server.GrpcService (GrpcService.java:closeImpl(279)) - 31d5b2a7-dd00-41c8-9482-fa5c506864d0: shutdown server GrpcServerProtocolService now
2022-11-08 06:33:11,427 [ForkJoinPool.commonPool-worker-0] INFO  server.GrpcServerProtocolClient (GrpcServerProtocolClient.java:close(111)) - 976467f4-c66a-4ccc-8167-891a23ca4537 Close channels
2022-11-08 06:33:11,427 [31d5b2a7-dd00-41c8-9482-fa5c506864d0-impl-thread2] INFO  impl.StateMachineUpdater (StateMachineUpdater.java:stopAndJoin(153)) - 31d5b2a7-dd00-41c8-9482-fa5c506864d0@group-73C734729954-StateMachineUpdater: set stopIndex = 0
2022-11-08 06:33:11,427 [31d5b2a7-dd00-41c8-9482-fa5c506864d0@group-73C734729954-FollowerState] INFO  impl.FollowerState (FollowerState.java:run(152)) - 31d5b2a7-dd00-41c8-9482-fa5c506864d0@group-73C734729954-FollowerState was interrupted
2022-11-08 06:33:11,428 [ForkJoinPool.commonPool-worker-0] INFO  server.GrpcServerProtocolClient (GrpcServerProtocolClient.java:close(111)) - ec4ff2c3-aedb-4237-8f96-8aa5e66a28ee Close channels
2022-11-08 06:33:11,429 [31d5b2a7-dd00-41c8-9482-fa5c506864d0@group-73C734729954-StateMachineUpdater] INFO  ratis.ContainerStateMachine (ContainerStateMachine.java:takeSnapshot(304)) - group-73C734729954: Taking a snapshot at:(t:5, i:0) file /home/runner/work/ozone/ozone/hadoop-ozone/integration-test/target/test-dir/MiniOzoneClusterImpl-c53ae64f-4849-40e6-a4d6-552e28141f22/datanode-2/data/ratis/657ca416-48e4-4e40-9c25-73c734729954/sm/snapshot.5_0
2022-11-08 06:33:11,429 [31d5b2a7-dd00-41c8-9482-fa5c506864d0-impl-thread3] INFO  server.RaftServer$Division (RaftServerImpl.java:lambda$close$4(458)) - 31d5b2a7-dd00-41c8-9482-fa5c506864d0@group-12B37F794426: shutdown
2022-11-08 06:33:11,430 [31d5b2a7-dd00-41c8-9482-fa5c506864d0-impl-thread3] INFO  util.JmxRegister (JmxRegister.java:unregister(73)) - Successfully un-registered JMX Bean with object name Ratis:service=RaftServer,group=group-12B37F794426,id=31d5b2a7-dd00-41c8-9482-fa5c506864d0
2022-11-08 06:33:11,430 [31d5b2a7-dd00-41c8-9482-fa5c506864d0-impl-thread3] INFO  impl.RoleInfo (RoleInfo.java:shutdownLeaderState(93)) - 31d5b2a7-dd00-41c8-9482-fa5c506864d0: shutdown 31d5b2a7-dd00-41c8-9482-fa5c506864d0@group-12B37F794426-LeaderStateImpl
2022-11-08 06:33:11,430 [31d5b2a7-dd00-41c8-9482-fa5c506864d0-impl-thread3] INFO  impl.PendingRequests (PendingRequests.java:sendNotLeaderResponses(282)) - 31d5b2a7-dd00-41c8-9482-fa5c506864d0@group-12B37F794426-PendingRequests: sendNotLeaderResponses
2022-11-08 06:33:11,430 [31d5b2a7-dd00-41c8-9482-fa5c506864d0-impl-thread3] INFO  impl.StateMachineUpdater (StateMachineUpdater.java:stopAndJoin(153)) - 31d5b2a7-dd00-41c8-9482-fa5c506864d0@group-12B37F794426-StateMachineUpdater: set stopIndex = 0
2022-11-08 06:33:11,430 [31d5b2a7-dd00-41c8-9482-fa5c506864d0@group-12B37F794426-StateMachineUpdater] INFO  ratis.ContainerStateMachine (ContainerStateMachine.java:takeSnapshot(304)) - group-12B37F794426: Taking a snapshot at:(t:1, i:0) file /home/runner/work/ozone/ozone/hadoop-ozone/integration-test/target/test-dir/MiniOzoneClusterImpl-c53ae64f-4849-40e6-a4d6-552e28141f22/datanode-2/data/ratis/2f44df50-c276-49ee-ab0f-12b37f794426/sm/snapshot.1_0
2022-11-08 06:33:11,431 [31d5b2a7-dd00-41c8-9482-fa5c506864d0@group-73C734729954-StateMachineUpdater] INFO  ratis.ContainerStateMachine (ContainerStateMachine.java:takeSnapshot(315)) - group-73C734729954: Finished taking a snapshot at:(t:5, i:0) file:/home/runner/work/ozone/ozone/hadoop-ozone/integration-test/target/test-dir/MiniOzoneClusterImpl-c53ae64f-4849-40e6-a4d6-552e28141f22/datanode-2/data/ratis/657ca416-48e4-4e40-9c25-73c734729954/sm/snapshot.5_0 took: 2 ms
2022-11-08 06:33:11,431 [ForkJoinPool.commonPool-worker-0] INFO  server.GrpcService (GrpcService.java:closeImpl(288)) - 31d5b2a7-dd00-41c8-9482-fa5c506864d0: shutdown server GrpcServerProtocolService successfully
2022-11-08 06:33:11,431 [31d5b2a7-dd00-41c8-9482-fa5c506864d0@group-73C734729954-StateMachineUpdater] INFO  impl.StateMachineUpdater (StateMachineUpdater.java:takeSnapshot(287)) - 31d5b2a7-dd00-41c8-9482-fa5c506864d0@group-73C734729954-StateMachineUpdater: Took a snapshot at index 0
2022-11-08 06:33:11,431 [31d5b2a7-dd00-41c8-9482-fa5c506864d0@group-73C734729954-StateMachineUpdater] INFO  impl.StateMachineUpdater (StateMachineUpdater.java:lambda$new$0(92)) - 31d5b2a7-dd00-41c8-9482-fa5c506864d0@group-73C734729954-StateMachineUpdater: snapshotIndex: updateIncreasingly -1 -> 0
2022-11-08 06:33:11,431 [31d5b2a7-dd00-41c8-9482-fa5c506864d0-impl-thread2] INFO  server.RaftServer$Division (ServerState.java:close(466)) - 31d5b2a7-dd00-41c8-9482-fa5c506864d0@group-73C734729954: closes. applyIndex: 0
2022-11-08 06:33:11,433 [31d5b2a7-dd00-41c8-9482-fa5c506864d0@group-73C734729954-SegmentedRaftLogWorker] INFO  segmented.SegmentedRaftLogWorker (SegmentedRaftLogWorker.java:run(345)) - 31d5b2a7-dd00-41c8-9482-fa5c506864d0@group-73C734729954-SegmentedRaftLogWorker was interrupted, exiting. There are 0 tasks remaining in the queue.
2022-11-08 06:33:11,433 [31d5b2a7-dd00-41c8-9482-fa5c506864d0@group-12B37F794426-StateMachineUpdater] INFO  ratis.ContainerStateMachine (ContainerStateMachine.java:takeSnapshot(315)) - group-12B37F794426: Finished taking a snapshot at:(t:1, i:0) file:/home/runner/work/ozone/ozone/hadoop-ozone/integration-test/target/test-dir/MiniOzoneClusterImpl-c53ae64f-4849-40e6-a4d6-552e28141f22/datanode-2/data/ratis/2f44df50-c276-49ee-ab0f-12b37f794426/sm/snapshot.1_0 took: 2 ms
2022-11-08 06:33:11,433 [31d5b2a7-dd00-41c8-9482-fa5c506864d0@group-12B37F794426-StateMachineUpdater] INFO  impl.StateMachineUpdater (StateMachineUpdater.java:takeSnapshot(287)) - 31d5b2a7-dd00-41c8-9482-fa5c506864d0@group-12B37F794426-StateMachineUpdater: Took a snapshot at index 0
2022-11-08 06:33:11,433 [31d5b2a7-dd00-41c8-9482-fa5c506864d0@group-12B37F794426-StateMachineUpdater] INFO  impl.StateMachineUpdater (StateMachineUpdater.java:lambda$new$0(92)) - 31d5b2a7-dd00-41c8-9482-fa5c506864d0@group-12B37F794426-StateMachineUpdater: snapshotIndex: updateIncreasingly -1 -> 0
2022-11-08 06:33:11,434 [31d5b2a7-dd00-41c8-9482-fa5c506864d0-impl-thread3] INFO  server.RaftServer$Division (ServerState.java:close(466)) - 31d5b2a7-dd00-41c8-9482-fa5c506864d0@group-12B37F794426: closes. applyIndex: 0
2022-11-08 06:33:11,434 [31d5b2a7-dd00-41c8-9482-fa5c506864d0-impl-thread2] INFO  segmented.SegmentedRaftLogWorker (SegmentedRaftLogWorker.java:close(255)) - 31d5b2a7-dd00-41c8-9482-fa5c506864d0@group-73C734729954-SegmentedRaftLogWorker close()
2022-11-08 06:33:11,434 [31d5b2a7-dd00-41c8-9482-fa5c506864d0@group-12B37F794426-SegmentedRaftLogWorker] INFO  segmented.SegmentedRaftLogWorker (SegmentedRaftLogWorker.java:run(345)) - 31d5b2a7-dd00-41c8-9482-fa5c506864d0@group-12B37F794426-SegmentedRaftLogWorker was interrupted, exiting. There are 0 tasks remaining in the queue.
2022-11-08 06:33:11,437 [31d5b2a7-dd00-41c8-9482-fa5c506864d0-impl-thread3] INFO  segmented.SegmentedRaftLogWorker (SegmentedRaftLogWorker.java:close(255)) - 31d5b2a7-dd00-41c8-9482-fa5c506864d0@group-12B37F794426-SegmentedRaftLogWorker close()
2022-11-08 06:33:11,438 [JvmPauseMonitor3] INFO  util.JvmPauseMonitor (JvmPauseMonitor.java:run(111)) - JvmPauseMonitor-31d5b2a7-dd00-41c8-9482-fa5c506864d0: Stopped
2022-11-08 06:33:13,419 [Listener at 127.0.0.1/40183] INFO  volume.HddsVolume (HddsVolume.java:closeDbStore(338)) - SchemaV3 db is stopped at /home/runner/work/ozone/ozone/hadoop-ozone/integration-test/target/test-dir/MiniOzoneClusterImpl-c53ae64f-4849-40e6-a4d6-552e28141f22/datanode-5/data-0/containers/hdds/c53ae64f-4849-40e6-a4d6-552e28141f22/DS-e35dd953-1907-49b6-b6f8-d38d272a4783/container.db for volume DS-e35dd953-1907-49b6-b6f8-d38d272a4783
2022-11-08 06:33:13,419 [Listener at 127.0.0.1/40183] INFO  utils.BackgroundService (BackgroundService.java:shutdown(141)) - Shutting down service BlockDeletingService
2022-11-08 06:33:13,421 [Listener at 127.0.0.1/40183] INFO  utils.BackgroundService (BackgroundService.java:shutdown(141)) - Shutting down service StaleRecoveringContainerScrubbingService
2022-11-08 06:33:13,423 [Listener at 127.0.0.1/40183] INFO  statemachine.DatanodeStateMachine (DatanodeStateMachine.java:stopDaemon(593)) - Ozone container server stopped.
2022-11-08 06:33:13,432 [Listener at 127.0.0.1/40183] INFO  handler.ContextHandler (ContextHandler.java:doStop(1159)) - Stopped o.e.j.w.WebAppContext@734c0274{hddsDatanode,/,null,STOPPED}{jar:file:/home/runner/.m2/repository/org/apache/ozone/hdds-container-service/1.3.0-SNAPSHOT/hdds-container-service-1.3.0-SNAPSHOT.jar!/webapps/hddsDatanode}
2022-11-08 06:33:13,433 [Listener at 127.0.0.1/40183] INFO  server.AbstractConnector (AbstractConnector.java:doStop(383)) - Stopped ServerConnector@72558d04{HTTP/1.1, (http/1.1)}{0.0.0.0:0}
2022-11-08 06:33:13,433 [Listener at 127.0.0.1/40183] INFO  server.session (HouseKeeper.java:stopScavenging(149)) - node0 Stopped scavenging
2022-11-08 06:33:13,434 [Listener at 127.0.0.1/40183] INFO  handler.ContextHandler (ContextHandler.java:doStop(1159)) - Stopped o.e.j.s.ServletContextHandler@5093612e{static,/static,jar:file:/home/runner/.m2/repository/org/apache/ozone/hdds-container-service/1.3.0-SNAPSHOT/hdds-container-service-1.3.0-SNAPSHOT.jar!/webapps/static,STOPPED}
2022-11-08 06:33:13,434 [Listener at 127.0.0.1/40183] INFO  handler.ContextHandler (ContextHandler.java:doStop(1159)) - Stopped o.e.j.s.ServletContextHandler@31cec21b{logs,/logs,file:///home/runner/work/ozone/ozone/hadoop-ozone/integration-test/target/log,STOPPED}
2022-11-08 06:33:13,437 [Listener at 127.0.0.1/40183] INFO  ozoneimpl.OzoneContainer (OzoneContainer.java:stop(400)) - Attempting to stop container services.
2022-11-08 06:33:13,444 [ForkJoinPool.commonPool-worker-0] INFO  volume.HddsVolume (HddsVolume.java:closeDbStore(338)) - SchemaV3 db is stopped at /home/runner/work/ozone/ozone/hadoop-ozone/integration-test/target/test-dir/MiniOzoneClusterImpl-c53ae64f-4849-40e6-a4d6-552e28141f22/datanode-2/data-0/containers/hdds/c53ae64f-4849-40e6-a4d6-552e28141f22/DS-8315483b-7f79-4c7c-903b-60e9b97d541e/container.db for volume DS-8315483b-7f79-4c7c-903b-60e9b97d541e
2022-11-08 06:33:13,445 [ForkJoinPool.commonPool-worker-0] INFO  utils.BackgroundService (BackgroundService.java:shutdown(141)) - Shutting down service BlockDeletingService
2022-11-08 06:33:13,445 [Listener at 127.0.0.1/40183] INFO  server.RaftServer (RaftServerProxy.java:lambda$close$6(409)) - 6307e296-217c-47f6-b7e1-30640c7ce136: close
2022-11-08 06:33:13,445 [ForkJoinPool.commonPool-worker-0] INFO  utils.BackgroundService (BackgroundService.java:shutdown(141)) - Shutting down service StaleRecoveringContainerScrubbingService
2022-11-08 06:33:13,446 [Listener at 127.0.0.1/40183] INFO  server.GrpcService (GrpcService.java:closeImpl(279)) - 6307e296-217c-47f6-b7e1-30640c7ce136: shutdown server GrpcServerProtocolService now
2022-11-08 06:33:13,447 [ForkJoinPool.commonPool-worker-0] INFO  statemachine.DatanodeStateMachine (DatanodeStateMachine.java:stopDaemon(593)) - Ozone container server stopped.
2022-11-08 06:33:13,448 [Listener at 127.0.0.1/40183] INFO  server.GrpcServerProtocolClient (GrpcServerProtocolClient.java:close(111)) - ea638ff9-1ace-4fa2-9837-fa4aefb4be68 Close channels
2022-11-08 06:33:13,449 [6307e296-217c-47f6-b7e1-30640c7ce136-impl-thread2] INFO  server.RaftServer$Division (RaftServerImpl.java:lambda$close$4(458)) - 6307e296-217c-47f6-b7e1-30640c7ce136@group-EA30693AB63E: shutdown
2022-11-08 06:33:13,451 [6307e296-217c-47f6-b7e1-30640c7ce136-impl-thread2] INFO  util.JmxRegister (JmxRegister.java:unregister(73)) - Successfully un-registered JMX Bean with object name Ratis:service=RaftServer,group=group-EA30693AB63E,id=6307e296-217c-47f6-b7e1-30640c7ce136
2022-11-08 06:33:13,451 [6307e296-217c-47f6-b7e1-30640c7ce136-impl-thread2] INFO  impl.RoleInfo (RoleInfo.java:shutdownLeaderState(93)) - 6307e296-217c-47f6-b7e1-30640c7ce136: shutdown 6307e296-217c-47f6-b7e1-30640c7ce136@group-EA30693AB63E-LeaderStateImpl
2022-11-08 06:33:13,451 [6307e296-217c-47f6-b7e1-30640c7ce136-impl-thread2] INFO  impl.PendingRequests (PendingRequests.java:sendNotLeaderResponses(282)) - 6307e296-217c-47f6-b7e1-30640c7ce136@group-EA30693AB63E-PendingRequests: sendNotLeaderResponses
2022-11-08 06:33:13,451 [6307e296-217c-47f6-b7e1-30640c7ce136@group-EA30693AB63E-StateMachineUpdater] INFO  ratis.ContainerStateMachine (ContainerStateMachine.java:takeSnapshot(304)) - group-EA30693AB63E: Taking a snapshot at:(t:1, i:0) file /home/runner/work/ozone/ozone/hadoop-ozone/integration-test/target/test-dir/MiniOzoneClusterImpl-c53ae64f-4849-40e6-a4d6-552e28141f22/datanode-4/data/ratis/6eceb67b-5210-41f7-952e-ea30693ab63e/sm/snapshot.1_0
2022-11-08 06:33:13,452 [6307e296-217c-47f6-b7e1-30640c7ce136-impl-thread2] INFO  impl.StateMachineUpdater (StateMachineUpdater.java:stopAndJoin(153)) - 6307e296-217c-47f6-b7e1-30640c7ce136@group-EA30693AB63E-StateMachineUpdater: set stopIndex = 0
2022-11-08 06:33:13,453 [Listener at 127.0.0.1/40183] INFO  server.GrpcServerProtocolClient (GrpcServerProtocolClient.java:close(111)) - 2839026e-8851-4a4b-a6c3-ebe7d865c058 Close channels
2022-11-08 06:33:13,454 [Listener at 127.0.0.1/40183] INFO  server.GrpcService (GrpcService.java:closeImpl(288)) - 6307e296-217c-47f6-b7e1-30640c7ce136: shutdown server GrpcServerProtocolService successfully
2022-11-08 06:33:13,454 [6307e296-217c-47f6-b7e1-30640c7ce136@group-EA30693AB63E-StateMachineUpdater] INFO  ratis.ContainerStateMachine (ContainerStateMachine.java:takeSnapshot(315)) - group-EA30693AB63E: Finished taking a snapshot at:(t:1, i:0) file:/home/runner/work/ozone/ozone/hadoop-ozone/integration-test/target/test-dir/MiniOzoneClusterImpl-c53ae64f-4849-40e6-a4d6-552e28141f22/datanode-4/data/ratis/6eceb67b-5210-41f7-952e-ea30693ab63e/sm/snapshot.1_0 took: 3 ms
2022-11-08 06:33:13,455 [6307e296-217c-47f6-b7e1-30640c7ce136@group-EA30693AB63E-StateMachineUpdater] INFO  impl.StateMachineUpdater (StateMachineUpdater.java:takeSnapshot(287)) - 6307e296-217c-47f6-b7e1-30640c7ce136@group-EA30693AB63E-StateMachineUpdater: Took a snapshot at index 0
2022-11-08 06:33:13,455 [6307e296-217c-47f6-b7e1-30640c7ce136@group-EA30693AB63E-StateMachineUpdater] INFO  impl.StateMachineUpdater (StateMachineUpdater.java:lambda$new$0(92)) - 6307e296-217c-47f6-b7e1-30640c7ce136@group-EA30693AB63E-StateMachineUpdater: snapshotIndex: updateIncreasingly -1 -> 0
2022-11-08 06:33:13,455 [6307e296-217c-47f6-b7e1-30640c7ce136-impl-thread2] INFO  server.RaftServer$Division (ServerState.java:close(466)) - 6307e296-217c-47f6-b7e1-30640c7ce136@group-EA30693AB63E: closes. applyIndex: 0
2022-11-08 06:33:13,460 [6307e296-217c-47f6-b7e1-30640c7ce136@group-EA30693AB63E-SegmentedRaftLogWorker] INFO  segmented.SegmentedRaftLogWorker (SegmentedRaftLogWorker.java:run(345)) - 6307e296-217c-47f6-b7e1-30640c7ce136@group-EA30693AB63E-SegmentedRaftLogWorker was interrupted, exiting. There are 0 tasks remaining in the queue.
2022-11-08 06:33:13,461 [6307e296-217c-47f6-b7e1-30640c7ce136-impl-thread2] INFO  segmented.SegmentedRaftLogWorker (SegmentedRaftLogWorker.java:close(255)) - 6307e296-217c-47f6-b7e1-30640c7ce136@group-EA30693AB63E-SegmentedRaftLogWorker close()
2022-11-08 06:33:13,461 [JvmPauseMonitor5] INFO  util.JvmPauseMonitor (JvmPauseMonitor.java:run(111)) - JvmPauseMonitor-6307e296-217c-47f6-b7e1-30640c7ce136: Stopped
2022-11-08 06:33:13,468 [ForkJoinPool.commonPool-worker-0] INFO  handler.ContextHandler (ContextHandler.java:doStop(1159)) - Stopped o.e.j.w.WebAppContext@69235038{hddsDatanode,/,null,STOPPED}{jar:file:/home/runner/.m2/repository/org/apache/ozone/hdds-container-service/1.3.0-SNAPSHOT/hdds-container-service-1.3.0-SNAPSHOT.jar!/webapps/hddsDatanode}
2022-11-08 06:33:13,469 [ForkJoinPool.commonPool-worker-0] INFO  server.AbstractConnector (AbstractConnector.java:doStop(383)) - Stopped ServerConnector@6c7114db{HTTP/1.1, (http/1.1)}{0.0.0.0:0}
2022-11-08 06:33:13,469 [ForkJoinPool.commonPool-worker-0] INFO  server.session (HouseKeeper.java:stopScavenging(149)) - node0 Stopped scavenging
2022-11-08 06:33:13,470 [ForkJoinPool.commonPool-worker-0] INFO  handler.ContextHandler (ContextHandler.java:doStop(1159)) - Stopped o.e.j.s.ServletContextHandler@3eaa23{static,/static,jar:file:/home/runner/.m2/repository/org/apache/ozone/hdds-container-service/1.3.0-SNAPSHOT/hdds-container-service-1.3.0-SNAPSHOT.jar!/webapps/static,STOPPED}
2022-11-08 06:33:13,471 [ForkJoinPool.commonPool-worker-0] INFO  handler.ContextHandler (ContextHandler.java:doStop(1159)) - Stopped o.e.j.s.ServletContextHandler@1d4d84fb{logs,/logs,file:///home/runner/work/ozone/ozone/hadoop-ozone/integration-test/target/log,STOPPED}
2022-11-08 06:33:13,474 [ForkJoinPool.commonPool-worker-0] INFO  ozoneimpl.OzoneContainer (OzoneContainer.java:stop(400)) - Attempting to stop container services.
2022-11-08 06:33:13,475 [ForkJoinPool.commonPool-worker-0] INFO  server.RaftServer (RaftServerProxy.java:lambda$close$6(409)) - ec4ff2c3-aedb-4237-8f96-8aa5e66a28ee: close
2022-11-08 06:33:13,476 [ec4ff2c3-aedb-4237-8f96-8aa5e66a28ee-impl-thread2] INFO  server.RaftServer$Division (RaftServerImpl.java:lambda$close$4(458)) - ec4ff2c3-aedb-4237-8f96-8aa5e66a28ee@group-6D953D836BDB: shutdown
2022-11-08 06:33:13,476 [ec4ff2c3-aedb-4237-8f96-8aa5e66a28ee-impl-thread2] INFO  util.JmxRegister (JmxRegister.java:unregister(73)) - Successfully un-registered JMX Bean with object name Ratis:service=RaftServer,group=group-6D953D836BDB,id=ec4ff2c3-aedb-4237-8f96-8aa5e66a28ee
2022-11-08 06:33:13,476 [ec4ff2c3-aedb-4237-8f96-8aa5e66a28ee-impl-thread2] INFO  impl.RoleInfo (RoleInfo.java:shutdownLeaderState(93)) - ec4ff2c3-aedb-4237-8f96-8aa5e66a28ee: shutdown ec4ff2c3-aedb-4237-8f96-8aa5e66a28ee@group-6D953D836BDB-LeaderStateImpl
2022-11-08 06:33:13,476 [ec4ff2c3-aedb-4237-8f96-8aa5e66a28ee-impl-thread2] INFO  impl.PendingRequests (PendingRequests.java:sendNotLeaderResponses(282)) - ec4ff2c3-aedb-4237-8f96-8aa5e66a28ee@group-6D953D836BDB-PendingRequests: sendNotLeaderResponses
2022-11-08 06:33:13,477 [ec4ff2c3-aedb-4237-8f96-8aa5e66a28ee-impl-thread2] INFO  impl.StateMachineUpdater (StateMachineUpdater.java:stopAndJoin(153)) - ec4ff2c3-aedb-4237-8f96-8aa5e66a28ee@group-6D953D836BDB-StateMachineUpdater: set stopIndex = 0
2022-11-08 06:33:13,477 [ForkJoinPool.commonPool-worker-0] INFO  server.GrpcService (GrpcService.java:closeImpl(279)) - ec4ff2c3-aedb-4237-8f96-8aa5e66a28ee: shutdown server GrpcServerProtocolService now
2022-11-08 06:33:13,477 [ec4ff2c3-aedb-4237-8f96-8aa5e66a28ee@group-6D953D836BDB-StateMachineUpdater] INFO  ratis.ContainerStateMachine (ContainerStateMachine.java:takeSnapshot(304)) - group-6D953D836BDB: Taking a snapshot at:(t:1, i:0) file /home/runner/work/ozone/ozone/hadoop-ozone/integration-test/target/test-dir/MiniOzoneClusterImpl-c53ae64f-4849-40e6-a4d6-552e28141f22/datanode-0/data/ratis/79f23230-0e76-4fa7-aefb-6d953d836bdb/sm/snapshot.1_0
2022-11-08 06:33:13,482 [ForkJoinPool.commonPool-worker-0] INFO  server.GrpcServerProtocolClient (GrpcServerProtocolClient.java:close(111)) - 31d5b2a7-dd00-41c8-9482-fa5c506864d0 Close channels
2022-11-08 06:33:13,482 [ec4ff2c3-aedb-4237-8f96-8aa5e66a28ee-impl-thread3] INFO  server.RaftServer$Division (RaftServerImpl.java:lambda$close$4(458)) - ec4ff2c3-aedb-4237-8f96-8aa5e66a28ee@group-73C734729954: shutdown
2022-11-08 06:33:13,483 [ec4ff2c3-aedb-4237-8f96-8aa5e66a28ee-impl-thread3] INFO  util.JmxRegister (JmxRegister.java:unregister(73)) - Successfully un-registered JMX Bean with object name Ratis:service=RaftServer,group=group-73C734729954,id=ec4ff2c3-aedb-4237-8f96-8aa5e66a28ee
2022-11-08 06:33:13,483 [ec4ff2c3-aedb-4237-8f96-8aa5e66a28ee-impl-thread3] INFO  impl.RoleInfo (RoleInfo.java:shutdownFollowerState(110)) - ec4ff2c3-aedb-4237-8f96-8aa5e66a28ee: shutdown ec4ff2c3-aedb-4237-8f96-8aa5e66a28ee@group-73C734729954-FollowerState
2022-11-08 06:33:13,483 [ec4ff2c3-aedb-4237-8f96-8aa5e66a28ee@group-73C734729954-FollowerState] INFO  impl.FollowerState (FollowerState.java:run(152)) - ec4ff2c3-aedb-4237-8f96-8aa5e66a28ee@group-73C734729954-FollowerState was interrupted
2022-11-08 06:33:13,483 [ec4ff2c3-aedb-4237-8f96-8aa5e66a28ee-impl-thread3] INFO  impl.StateMachineUpdater (StateMachineUpdater.java:stopAndJoin(153)) - ec4ff2c3-aedb-4237-8f96-8aa5e66a28ee@group-73C734729954-StateMachineUpdater: set stopIndex = 0
2022-11-08 06:33:13,483 [ec4ff2c3-aedb-4237-8f96-8aa5e66a28ee@group-6D953D836BDB-StateMachineUpdater] INFO  ratis.ContainerStateMachine (ContainerStateMachine.java:takeSnapshot(315)) - group-6D953D836BDB: Finished taking a snapshot at:(t:1, i:0) file:/home/runner/work/ozone/ozone/hadoop-ozone/integration-test/target/test-dir/MiniOzoneClusterImpl-c53ae64f-4849-40e6-a4d6-552e28141f22/datanode-0/data/ratis/79f23230-0e76-4fa7-aefb-6d953d836bdb/sm/snapshot.1_0 took: 7 ms
2022-11-08 06:33:13,483 [ec4ff2c3-aedb-4237-8f96-8aa5e66a28ee@group-73C734729954-StateMachineUpdater] INFO  ratis.ContainerStateMachine (ContainerStateMachine.java:takeSnapshot(304)) - group-73C734729954: Taking a snapshot at:(t:5, i:0) file /home/runner/work/ozone/ozone/hadoop-ozone/integration-test/target/test-dir/MiniOzoneClusterImpl-c53ae64f-4849-40e6-a4d6-552e28141f22/datanode-0/data/ratis/657ca416-48e4-4e40-9c25-73c734729954/sm/snapshot.5_0
2022-11-08 06:33:13,484 [ec4ff2c3-aedb-4237-8f96-8aa5e66a28ee@group-6D953D836BDB-StateMachineUpdater] INFO  impl.StateMachineUpdater (StateMachineUpdater.java:takeSnapshot(287)) - ec4ff2c3-aedb-4237-8f96-8aa5e66a28ee@group-6D953D836BDB-StateMachineUpdater: Took a snapshot at index 0
2022-11-08 06:33:13,484 [ec4ff2c3-aedb-4237-8f96-8aa5e66a28ee@group-6D953D836BDB-StateMachineUpdater] INFO  impl.StateMachineUpdater (StateMachineUpdater.java:lambda$new$0(92)) - ec4ff2c3-aedb-4237-8f96-8aa5e66a28ee@group-6D953D836BDB-StateMachineUpdater: snapshotIndex: updateIncreasingly -1 -> 0
2022-11-08 06:33:13,484 [ec4ff2c3-aedb-4237-8f96-8aa5e66a28ee-impl-thread2] INFO  server.RaftServer$Division (ServerState.java:close(466)) - ec4ff2c3-aedb-4237-8f96-8aa5e66a28ee@group-6D953D836BDB: closes. applyIndex: 0
2022-11-08 06:33:13,484 [ec4ff2c3-aedb-4237-8f96-8aa5e66a28ee@group-6D953D836BDB-SegmentedRaftLogWorker] INFO  segmented.SegmentedRaftLogWorker (SegmentedRaftLogWorker.java:run(345)) - ec4ff2c3-aedb-4237-8f96-8aa5e66a28ee@group-6D953D836BDB-SegmentedRaftLogWorker was interrupted, exiting. There are 0 tasks remaining in the queue.
2022-11-08 06:33:13,484 [ec4ff2c3-aedb-4237-8f96-8aa5e66a28ee-impl-thread2] INFO  segmented.SegmentedRaftLogWorker (SegmentedRaftLogWorker.java:close(255)) - ec4ff2c3-aedb-4237-8f96-8aa5e66a28ee@group-6D953D836BDB-SegmentedRaftLogWorker close()
2022-11-08 06:33:13,485 [ec4ff2c3-aedb-4237-8f96-8aa5e66a28ee@group-73C734729954-StateMachineUpdater] INFO  ratis.ContainerStateMachine (ContainerStateMachine.java:takeSnapshot(315)) - group-73C734729954: Finished taking a snapshot at:(t:5, i:0) file:/home/runner/work/ozone/ozone/hadoop-ozone/integration-test/target/test-dir/MiniOzoneClusterImpl-c53ae64f-4849-40e6-a4d6-552e28141f22/datanode-0/data/ratis/657ca416-48e4-4e40-9c25-73c734729954/sm/snapshot.5_0 took: 2 ms
2022-11-08 06:33:13,486 [ec4ff2c3-aedb-4237-8f96-8aa5e66a28ee@group-73C734729954-StateMachineUpdater] INFO  impl.StateMachineUpdater (StateMachineUpdater.java:takeSnapshot(287)) - ec4ff2c3-aedb-4237-8f96-8aa5e66a28ee@group-73C734729954-StateMachineUpdater: Took a snapshot at index 0
2022-11-08 06:33:13,486 [ec4ff2c3-aedb-4237-8f96-8aa5e66a28ee@group-73C734729954-StateMachineUpdater] INFO  impl.StateMachineUpdater (StateMachineUpdater.java:lambda$new$0(92)) - ec4ff2c3-aedb-4237-8f96-8aa5e66a28ee@group-73C734729954-StateMachineUpdater: snapshotIndex: updateIncreasingly -1 -> 0
2022-11-08 06:33:13,487 [ec4ff2c3-aedb-4237-8f96-8aa5e66a28ee-impl-thread3] INFO  server.RaftServer$Division (ServerState.java:close(466)) - ec4ff2c3-aedb-4237-8f96-8aa5e66a28ee@group-73C734729954: closes. applyIndex: 0
2022-11-08 06:33:13,487 [ForkJoinPool.commonPool-worker-0] INFO  server.GrpcServerProtocolClient (GrpcServerProtocolClient.java:close(111)) - 976467f4-c66a-4ccc-8167-891a23ca4537 Close channels
2022-11-08 06:33:13,487 [ForkJoinPool.commonPool-worker-0] INFO  server.GrpcService (GrpcService.java:closeImpl(288)) - ec4ff2c3-aedb-4237-8f96-8aa5e66a28ee: shutdown server GrpcServerProtocolService successfully
2022-11-08 06:33:13,488 [ec4ff2c3-aedb-4237-8f96-8aa5e66a28ee@group-73C734729954-SegmentedRaftLogWorker] INFO  segmented.SegmentedRaftLogWorker (SegmentedRaftLogWorker.java:run(345)) - ec4ff2c3-aedb-4237-8f96-8aa5e66a28ee@group-73C734729954-SegmentedRaftLogWorker was interrupted, exiting. There are 0 tasks remaining in the queue.
2022-11-08 06:33:13,489 [ec4ff2c3-aedb-4237-8f96-8aa5e66a28ee-impl-thread3] INFO  segmented.SegmentedRaftLogWorker (SegmentedRaftLogWorker.java:close(255)) - ec4ff2c3-aedb-4237-8f96-8aa5e66a28ee@group-73C734729954-SegmentedRaftLogWorker close()
2022-11-08 06:33:13,490 [JvmPauseMonitor1] INFO  util.JvmPauseMonitor (JvmPauseMonitor.java:run(111)) - JvmPauseMonitor-ec4ff2c3-aedb-4237-8f96-8aa5e66a28ee: Stopped
2022-11-08 06:33:14,495 [Under Replicated Processor] INFO  replication.UnderReplicatedProcessor (UnderReplicatedProcessor.java:processAll(92)) - Processed 0 under replicated containers, failed processing 0
2022-11-08 06:33:14,502 [Over Replicated Processor] INFO  replication.OverReplicatedProcessor (OverReplicatedProcessor.java:processAll(90)) - Processed 0 over replicated containers, failed processing 0
2022-11-08 06:33:15,466 [Listener at 127.0.0.1/40183] INFO  volume.HddsVolume (HddsVolume.java:closeDbStore(338)) - SchemaV3 db is stopped at /home/runner/work/ozone/ozone/hadoop-ozone/integration-test/target/test-dir/MiniOzoneClusterImpl-c53ae64f-4849-40e6-a4d6-552e28141f22/datanode-4/data-0/containers/hdds/c53ae64f-4849-40e6-a4d6-552e28141f22/DS-ae79ad22-bb9d-450b-bad5-7f281d128a64/container.db for volume DS-ae79ad22-bb9d-450b-bad5-7f281d128a64
2022-11-08 06:33:15,466 [Listener at 127.0.0.1/40183] INFO  utils.BackgroundService (BackgroundService.java:shutdown(141)) - Shutting down service BlockDeletingService
2022-11-08 06:33:15,467 [Listener at 127.0.0.1/40183] INFO  utils.BackgroundService (BackgroundService.java:shutdown(141)) - Shutting down service StaleRecoveringContainerScrubbingService
2022-11-08 06:33:15,469 [Listener at 127.0.0.1/40183] INFO  statemachine.DatanodeStateMachine (DatanodeStateMachine.java:stopDaemon(593)) - Ozone container server stopped.
2022-11-08 06:33:15,478 [Listener at 127.0.0.1/40183] INFO  handler.ContextHandler (ContextHandler.java:doStop(1159)) - Stopped o.e.j.w.WebAppContext@617f624b{hddsDatanode,/,null,STOPPED}{jar:file:/home/runner/.m2/repository/org/apache/ozone/hdds-container-service/1.3.0-SNAPSHOT/hdds-container-service-1.3.0-SNAPSHOT.jar!/webapps/hddsDatanode}
2022-11-08 06:33:15,479 [Listener at 127.0.0.1/40183] INFO  server.AbstractConnector (AbstractConnector.java:doStop(383)) - Stopped ServerConnector@26ec9871{HTTP/1.1, (http/1.1)}{0.0.0.0:0}
2022-11-08 06:33:15,479 [Listener at 127.0.0.1/40183] INFO  server.session (HouseKeeper.java:stopScavenging(149)) - node0 Stopped scavenging
2022-11-08 06:33:15,480 [Listener at 127.0.0.1/40183] INFO  handler.ContextHandler (ContextHandler.java:doStop(1159)) - Stopped o.e.j.s.ServletContextHandler@557665b2{static,/static,jar:file:/home/runner/.m2/repository/org/apache/ozone/hdds-container-service/1.3.0-SNAPSHOT/hdds-container-service-1.3.0-SNAPSHOT.jar!/webapps/static,STOPPED}
2022-11-08 06:33:15,480 [Listener at 127.0.0.1/40183] INFO  handler.ContextHandler (ContextHandler.java:doStop(1159)) - Stopped o.e.j.s.ServletContextHandler@55ad0169{logs,/logs,file:///home/runner/work/ozone/ozone/hadoop-ozone/integration-test/target/log,STOPPED}
2022-11-08 06:33:15,496 [ForkJoinPool.commonPool-worker-0] INFO  volume.HddsVolume (HddsVolume.java:closeDbStore(338)) - SchemaV3 db is stopped at /home/runner/work/ozone/ozone/hadoop-ozone/integration-test/target/test-dir/MiniOzoneClusterImpl-c53ae64f-4849-40e6-a4d6-552e28141f22/datanode-0/data-0/containers/hdds/c53ae64f-4849-40e6-a4d6-552e28141f22/DS-da314b66-1bd5-4237-be55-370c4e290f42/container.db for volume DS-da314b66-1bd5-4237-be55-370c4e290f42
2022-11-08 06:33:15,496 [ForkJoinPool.commonPool-worker-0] INFO  utils.BackgroundService (BackgroundService.java:shutdown(141)) - Shutting down service BlockDeletingService
2022-11-08 06:33:15,497 [ForkJoinPool.commonPool-worker-0] INFO  utils.BackgroundService (BackgroundService.java:shutdown(141)) - Shutting down service StaleRecoveringContainerScrubbingService
2022-11-08 06:33:15,498 [ForkJoinPool.commonPool-worker-0] INFO  statemachine.DatanodeStateMachine (DatanodeStateMachine.java:stopDaemon(593)) - Ozone container server stopped.
2022-11-08 06:33:15,508 [ForkJoinPool.commonPool-worker-0] INFO  handler.ContextHandler (ContextHandler.java:doStop(1159)) - Stopped o.e.j.w.WebAppContext@235bf36f{hddsDatanode,/,null,STOPPED}{jar:file:/home/runner/.m2/repository/org/apache/ozone/hdds-container-service/1.3.0-SNAPSHOT/hdds-container-service-1.3.0-SNAPSHOT.jar!/webapps/hddsDatanode}
2022-11-08 06:33:15,509 [ForkJoinPool.commonPool-worker-0] INFO  server.AbstractConnector (AbstractConnector.java:doStop(383)) - Stopped ServerConnector@42e454c5{HTTP/1.1, (http/1.1)}{0.0.0.0:0}
2022-11-08 06:33:15,509 [ForkJoinPool.commonPool-worker-0] INFO  server.session (HouseKeeper.java:stopScavenging(149)) - node0 Stopped scavenging
2022-11-08 06:33:15,509 [ForkJoinPool.commonPool-worker-0] INFO  handler.ContextHandler (ContextHandler.java:doStop(1159)) - Stopped o.e.j.s.ServletContextHandler@583916d3{static,/static,jar:file:/home/runner/.m2/repository/org/apache/ozone/hdds-container-service/1.3.0-SNAPSHOT/hdds-container-service-1.3.0-SNAPSHOT.jar!/webapps/static,STOPPED}
2022-11-08 06:33:15,510 [ForkJoinPool.commonPool-worker-0] INFO  handler.ContextHandler (ContextHandler.java:doStop(1159)) - Stopped o.e.j.s.ServletContextHandler@21baa851{logs,/logs,file:///home/runner/work/ozone/ozone/hadoop-ozone/integration-test/target/log,STOPPED}
2022-11-08 06:33:15,512 [Listener at 127.0.0.1/40183] INFO  ozone.MiniOzoneClusterImpl (MiniOzoneClusterImpl.java:stopSCM(537)) - Stopping the StorageContainerManager
2022-11-08 06:33:15,512 [Listener at 127.0.0.1/40183] INFO  server.StorageContainerManager (StorageContainerManager.java:stop(1545)) - Container Balancer is not running.
2022-11-08 06:33:15,513 [Listener at 127.0.0.1/40183] INFO  server.StorageContainerManager (StorageContainerManager.java:stop(1552)) - Stopping Replication Manager Service.
2022-11-08 06:33:15,513 [Listener at 127.0.0.1/40183] INFO  replication.ReplicationManager (ReplicationManager.java:stop(273)) - Stopping Replication Monitor Thread.
2022-11-08 06:33:15,513 [Under Replicated Processor] WARN  replication.UnderReplicatedProcessor (UnderReplicatedProcessor.java:run(148)) - Under Replicated Processor interrupted. Exiting...
2022-11-08 06:33:15,513 [ReplicationMonitor] INFO  replication.ReplicationManager (ReplicationManager.java:run(579)) - Replication Monitor Thread is stopped
2022-11-08 06:33:15,513 [Listener at 127.0.0.1/40183] INFO  server.StorageContainerManager (StorageContainerManager.java:stop(1559)) - Stopping the Datanode Admin Monitor.
2022-11-08 06:33:15,514 [Over Replicated Processor] WARN  replication.OverReplicatedProcessor (OverReplicatedProcessor.java:run(137)) - Over Replicated Processor interrupted. Exiting...
2022-11-08 06:33:15,514 [Listener at 127.0.0.1/40183] INFO  server.StorageContainerManager (StorageContainerManager.java:stop(1566)) - Stopping Lease Manager of the command watchers
2022-11-08 06:33:15,514 [Listener at 127.0.0.1/40183] INFO  server.StorageContainerManager (StorageContainerManager.java:stop(1573)) - Stopping datanode service RPC server
2022-11-08 06:33:15,514 [Listener at 127.0.0.1/40183] INFO  server.SCMDatanodeProtocolServer (SCMDatanodeProtocolServer.java:stop(414)) - Stopping the RPC server for DataNodes
2022-11-08 06:33:15,514 [Listener at 127.0.0.1/40183] INFO  ipc.Server (Server.java:stop(3428)) - Stopping server on 39283
2022-11-08 06:33:15,517 [IPC Server listener on 0] INFO  ipc.Server (Server.java:run(1384)) - Stopping IPC Server listener on 0
2022-11-08 06:33:15,518 [IPC Server Responder] INFO  ipc.Server (Server.java:run(1517)) - Stopping IPC Server Responder
2022-11-08 06:33:16,312 [SCM Heartbeat Processing Thread - 0] WARN  node.NodeStateManager (NodeStateManager.java:scheduleNextHealthCheck(870)) - Current Thread is interrupted, shutting down HB processing thread for Node Manager.
2022-11-08 06:33:16,312 [Listener at 127.0.0.1/40183] INFO  server.StorageContainerManager (StorageContainerManager.java:stop(1581)) - Stopping block service RPC server
2022-11-08 06:33:16,312 [Listener at 127.0.0.1/40183] INFO  server.SCMBlockProtocolServer (SCMBlockProtocolServer.java:stop(161)) - Stopping the RPC server for Block Protocol
2022-11-08 06:33:16,313 [Listener at 127.0.0.1/40183] INFO  ipc.Server (Server.java:stop(3428)) - Stopping server on 45385
2022-11-08 06:33:16,315 [IPC Server listener on 0] INFO  ipc.Server (Server.java:run(1384)) - Stopping IPC Server listener on 0
2022-11-08 06:33:16,316 [IPC Server Responder] INFO  ipc.Server (Server.java:run(1517)) - Stopping IPC Server Responder
2022-11-08 06:33:16,316 [Listener at 127.0.0.1/40183] INFO  server.StorageContainerManager (StorageContainerManager.java:stop(1588)) - Stopping the StorageContainerLocationProtocol RPC server
2022-11-08 06:33:16,316 [Listener at 127.0.0.1/40183] INFO  server.SCMClientProtocolServer (SCMClientProtocolServer.java:stop(179)) - Stopping the RPC server for Client Protocol
2022-11-08 06:33:16,316 [Listener at 127.0.0.1/40183] INFO  ipc.Server (Server.java:stop(3428)) - Stopping server on 41227
2022-11-08 06:33:16,318 [IPC Server listener on 0] INFO  ipc.Server (Server.java:run(1384)) - Stopping IPC Server listener on 0
2022-11-08 06:33:16,318 [Listener at 127.0.0.1/40183] INFO  server.StorageContainerManager (StorageContainerManager.java:stop(1595)) - Stopping Storage Container Manager HTTP server.
2022-11-08 06:33:16,318 [IPC Server Responder] INFO  ipc.Server (Server.java:run(1517)) - Stopping IPC Server Responder
2022-11-08 06:33:16,320 [Listener at 127.0.0.1/40183] INFO  handler.ContextHandler (ContextHandler.java:doStop(1159)) - Stopped o.e.j.w.WebAppContext@1952ad9d{scm,/,null,STOPPED}{file:/home/runner/work/ozone/ozone/hadoop-ozone/integration-test/target/test-classes/webapps/scm}
2022-11-08 06:33:16,324 [Listener at 127.0.0.1/40183] INFO  server.AbstractConnector (AbstractConnector.java:doStop(383)) - Stopped ServerConnector@75559cd9{HTTP/1.1, (http/1.1)}{0.0.0.0:0}
2022-11-08 06:33:16,324 [Listener at 127.0.0.1/40183] INFO  server.session (HouseKeeper.java:stopScavenging(149)) - node0 Stopped scavenging
2022-11-08 06:33:16,324 [Listener at 127.0.0.1/40183] INFO  handler.ContextHandler (ContextHandler.java:doStop(1159)) - Stopped o.e.j.s.ServletContextHandler@34588991{static,/static,file:///home/runner/work/ozone/ozone/hadoop-ozone/integration-test/target/test-classes/webapps/static,STOPPED}
2022-11-08 06:33:16,324 [Listener at 127.0.0.1/40183] INFO  handler.ContextHandler (ContextHandler.java:doStop(1159)) - Stopped o.e.j.s.ServletContextHandler@37dc7661{logs,/logs,file:///home/runner/work/ozone/ozone/hadoop-ozone/integration-test/target/log,STOPPED}
2022-11-08 06:33:16,326 [Listener at 127.0.0.1/40183] INFO  server.StorageContainerManager (StorageContainerManager.java:stop(1601)) - Stopping SCM LayoutVersionManager Service.
2022-11-08 06:33:16,326 [Listener at 127.0.0.1/40183] INFO  server.StorageContainerManager (StorageContainerManager.java:stop(1609)) - Stopping Block Manager Service.
2022-11-08 06:33:16,326 [Listener at 127.0.0.1/40183] INFO  utils.BackgroundService (BackgroundService.java:shutdown(141)) - Shutting down service SCMBlockDeletingService
2022-11-08 06:33:16,326 [Listener at 127.0.0.1/40183] INFO  utils.BackgroundService (BackgroundService.java:shutdown(141)) - Shutting down service SCMBlockDeletingService
2022-11-08 06:33:16,327 [Listener at 127.0.0.1/40183] INFO  server.StorageContainerManager (StorageContainerManager.java:stop(1636)) - Stopping SCM Event Queue.
2022-11-08 06:33:16,330 [Listener at 127.0.0.1/40183] INFO  server.StorageContainerManager (StorageContainerManager.java:stop(1647)) - Stopping SCM HA services.
2022-11-08 06:33:16,330 [Listener at 127.0.0.1/40183] INFO  pipeline.BackgroundPipelineCreator (BackgroundPipelineCreator.java:stop(149)) - Stopping RatisPipelineUtilsThread.
2022-11-08 06:33:16,331 [RatisPipelineUtilsThread - 0] WARN  pipeline.BackgroundPipelineCreator (BackgroundPipelineCreator.java:run(180)) - RatisPipelineUtilsThread is interrupted.
2022-11-08 06:33:16,331 [Listener at 127.0.0.1/40183] INFO  BackgroundPipelineScrubber (BackgroundSCMService.java:stop(131)) - Stopping BackgroundPipelineScrubber Service.
2022-11-08 06:33:16,331 [BackgroundPipelineScrubberThread] WARN  BackgroundPipelineScrubber (BackgroundSCMService.java:run(115)) - BackgroundPipelineScrubber is interrupted, exit
2022-11-08 06:33:16,332 [Listener at 127.0.0.1/40183] INFO  impl.MetricsSystemImpl (MetricsSystemImpl.java:stop(210)) - Stopping HddsDatanode metrics system...
2022-11-08 06:33:16,336 [prometheus] INFO  impl.MetricsSinkAdapter (MetricsSinkAdapter.java:publishMetricsFromQueue(141)) - prometheus thread interrupted.
2022-11-08 06:33:16,336 [Listener at 127.0.0.1/40183] INFO  impl.MetricsSystemImpl (MetricsSystemImpl.java:stop(216)) - HddsDatanode metrics system stopped.
2022-11-08 06:33:16,337 [Listener at 127.0.0.1/40183] WARN  pipeline.BackgroundPipelineCreator (BackgroundPipelineCreator.java:stop(145)) - RatisPipelineUtilsThread is not running, just ignore.
2022-11-08 06:33:16,337 [Listener at 127.0.0.1/40183] INFO  BackgroundPipelineScrubber (BackgroundSCMService.java:stop(126)) - BackgroundPipelineScrubber Service is not running, skip stop.
2022-11-08 06:33:16,337 [ExpiredContainerReplicaOpScrubberThread] WARN  ExpiredContainerReplicaOpScrubber (BackgroundSCMService.java:run(115)) - ExpiredContainerReplicaOpScrubber is interrupted, exit
2022-11-08 06:33:16,337 [Listener at 127.0.0.1/40183] INFO  ExpiredContainerReplicaOpScrubber (BackgroundSCMService.java:stop(131)) - Stopping ExpiredContainerReplicaOpScrubber Service.
2022-11-08 06:33:16,338 [Listener at 127.0.0.1/40183] INFO  utils.BackgroundService (BackgroundService.java:shutdown(141)) - Shutting down service SCMBlockDeletingService
2022-11-08 06:33:16,338 [Listener at 127.0.0.1/40183] INFO  replication.ReplicationManager (ReplicationManager.java:stop(281)) - Replication Monitor Thread is not running.
2022-11-08 06:33:16,338 [Listener at 127.0.0.1/40183] WARN  balancer.ContainerBalancer (ContainerBalancer.java:stop(322)) - Cannot stop Container Balancer because it's not running or stopping
2022-11-08 06:33:16,338 [Listener at 127.0.0.1/40183] INFO  server.StorageContainerManager (StorageContainerManager.java:stop(1665)) - Stopping SCM MetadataStore.
]]></system-out>
  </testcase>
  <testcase name="testPipelineCreationOnNodeRestart" classname="org.apache.hadoop.hdds.scm.pipeline.TestRatisPipelineCreateAndDestroy" time="31.393">
    <system-out><![CDATA[2022-11-08 06:33:16,456 [Listener at 127.0.0.1/40183] WARN  server.ServerUtils (ServerUtils.java:getScmDbDir(148)) - ozone.scm.db.dirs is not configured. We recommend adding this setting. Falling back to ozone.metadata.dirs instead.
2022-11-08 06:33:16,461 [Listener at 127.0.0.1/40183] WARN  server.ServerUtils (ServerUtils.java:getScmDbDir(148)) - ozone.scm.db.dirs is not configured. We recommend adding this setting. Falling back to ozone.metadata.dirs instead.
2022-11-08 06:33:16,462 [Listener at 127.0.0.1/40183] INFO  ha.SCMHANodeDetails (SCMHANodeDetails.java:loadSCMHAConfig(209)) - ServiceID for StorageContainerManager is null
2022-11-08 06:33:16,462 [Listener at 127.0.0.1/40183] INFO  ha.SCMHANodeDetails (SCMHANodeDetails.java:loadSCMHAConfig(214)) - ozone.scm.default.service.id is not defined, falling back to ozone.scm.service.ids to find serviceID for StorageContainerManager if it is HA enabled cluster
2022-11-08 06:33:16,463 [Listener at 127.0.0.1/40183] WARN  utils.HAUtils (HAUtils.java:getMetaDir(342)) - ozone.scm.db.dirs is not configured. We recommend adding this setting. Falling back to ozone.metadata.dirs instead.
2022-11-08 06:33:16,464 [Listener at 127.0.0.1/40183] WARN  db.DBStoreBuilder (DBStoreBuilder.java:applyDBDefinition(144)) - ozone.scm.db.dirs is not configured. We recommend adding this setting. Falling back to ozone.metadata.dirs instead.
2022-11-08 06:33:16,608 [Listener at 127.0.0.1/40183] INFO  net.NodeSchemaLoader (NodeSchemaLoader.java:loadSchemaFromFile(129)) - Loading schema from [jar:file:/home/runner/.m2/repository/org/apache/ozone/hdds-common/1.3.0-SNAPSHOT/hdds-common-1.3.0-SNAPSHOT.jar!/network-topology-default.xml]
2022-11-08 06:33:16,608 [Listener at 127.0.0.1/40183] INFO  net.NodeSchemaLoader (NodeSchemaLoader.java:loadSchema(176)) - Loading network topology layer schema file
2022-11-08 06:33:16,611 [Listener at 127.0.0.1/40183] INFO  upgrade.AbstractLayoutVersionManager (AbstractLayoutVersionManager.java:init(83)) - Initializing Layout version manager with metadata layout = DATANODE_SCHEMA_V3 (version = 4), software layout = DATANODE_SCHEMA_V3 (version = 4)
2022-11-08 06:33:16,660 [Listener at 127.0.0.1/40183] INFO  reflections.Reflections (Reflections.java:scan(232)) - Reflections took 48 ms to scan 7 urls, producing 139 keys and 336 values 
2022-11-08 06:33:16,663 [Listener at 127.0.0.1/40183] INFO  ha.SequenceIdGenerator (SequenceIdGenerator.java:upgradeToSequenceId(349)) - upgrade localId to 109611004723200000
2022-11-08 06:33:16,663 [Listener at 127.0.0.1/40183] INFO  ha.SequenceIdGenerator (SequenceIdGenerator.java:upgradeToSequenceId(359)) - upgrade delTxnId to 0
2022-11-08 06:33:16,664 [Listener at 127.0.0.1/40183] INFO  ha.SequenceIdGenerator (SequenceIdGenerator.java:upgradeToSequenceId(376)) - upgrade containerId to 0
2022-11-08 06:33:16,664 [Listener at 127.0.0.1/40183] INFO  ha.SequenceIdGenerator (SequenceIdGenerator.java:<init>(220)) - Init the HA SequenceIdGenerator.
2022-11-08 06:33:16,664 [Listener at 127.0.0.1/40183] WARN  server.ServerUtils (ServerUtils.java:sanitizeUserArgs(67)) - ozone.scm.stale.node.interval value = 5000 is smaller than min = 6000 based on the key value of hdds.heartbeat.interval, reset to the min value 6000.
2022-11-08 06:33:16,664 [Listener at 127.0.0.1/40183] WARN  server.ServerUtils (ServerUtils.java:sanitizeUserArgs(67)) - ozone.scm.stale.node.interval value = 5000 is smaller than min = 6000 based on the key value of hdds.heartbeat.interval, reset to the min value 6000.
2022-11-08 06:33:16,665 [Listener at 127.0.0.1/40183] INFO  node.SCMNodeManager (SCMNodeManager.java:<init>(149)) - Entering startup safe mode.
2022-11-08 06:33:16,666 [Listener at 127.0.0.1/40183] INFO  algorithms.ContainerPlacementPolicyFactory (ContainerPlacementPolicyFactory.java:getPolicyInternal(86)) - Create container placement policy of type org.apache.hadoop.hdds.scm.container.placement.algorithms.SCMContainerPlacementRandom
2022-11-08 06:33:16,666 [Listener at 127.0.0.1/40183] INFO  algorithms.ContainerPlacementPolicyFactory (ContainerPlacementPolicyFactory.java:getPolicyInternal(86)) - Create container placement policy of type org.apache.hadoop.hdds.scm.container.placement.algorithms.SCMContainerPlacementRackScatter
2022-11-08 06:33:16,666 [Listener at 127.0.0.1/40183] INFO  pipeline.PipelineStateManagerImpl (PipelineStateManagerImpl.java:initialize(78)) - No pipeline exists in current db
2022-11-08 06:33:16,666 [Listener at 127.0.0.1/40183] INFO  algorithms.LeaderChoosePolicyFactory (LeaderChoosePolicyFactory.java:getPolicy(57)) - Create leader choose policy of type org.apache.hadoop.hdds.scm.pipeline.leader.choose.algorithms.MinLeaderCountChoosePolicy
2022-11-08 06:33:16,666 [Listener at 127.0.0.1/40183] INFO  algorithms.ContainerPlacementPolicyFactory (ContainerPlacementPolicyFactory.java:getPolicyInternal(86)) - Create container placement policy of type org.apache.hadoop.hdds.scm.container.placement.algorithms.SCMContainerPlacementRackScatter
2022-11-08 06:33:16,667 [Listener at 127.0.0.1/40183] INFO  ha.SCMServiceManager (SCMServiceManager.java:register(42)) - Registering service BackgroundPipelineCreator.
2022-11-08 06:33:16,667 [Listener at 127.0.0.1/40183] INFO  pipeline.BackgroundPipelineCreator (BackgroundPipelineCreator.java:start(124)) - Starting RatisPipelineUtilsThread.
2022-11-08 06:33:16,671 [Listener at 127.0.0.1/40183] INFO  BackgroundPipelineScrubber (BackgroundSCMService.java:start(68)) - Starting BackgroundPipelineScrubber Service.
2022-11-08 06:33:16,671 [Listener at 127.0.0.1/40183] INFO  ha.SCMServiceManager (SCMServiceManager.java:register(42)) - Registering service BackgroundPipelineScrubber.
2022-11-08 06:33:16,671 [Listener at 127.0.0.1/40183] INFO  ExpiredContainerReplicaOpScrubber (BackgroundSCMService.java:start(68)) - Starting ExpiredContainerReplicaOpScrubber Service.
2022-11-08 06:33:16,671 [Listener at 127.0.0.1/40183] INFO  ha.SCMServiceManager (SCMServiceManager.java:register(42)) - Registering service ExpiredContainerReplicaOpScrubber.
2022-11-08 06:33:16,673 [Listener at 127.0.0.1/40183] INFO  algorithms.PipelineChoosePolicyFactory (PipelineChoosePolicyFactory.java:createPipelineChoosePolicyFromClass(73)) - Create pipeline choose policy of type org.apache.hadoop.hdds.scm.pipeline.choose.algorithms.RandomPipelineChoosePolicy
2022-11-08 06:33:16,673 [Listener at 127.0.0.1/40183] INFO  ha.SCMServiceManager (SCMServiceManager.java:register(42)) - Registering service SCMBlockDeletingService.
2022-11-08 06:33:16,674 [Listener at 127.0.0.1/40183] INFO  replication.ReplicationManager (ReplicationManager.java:start(239)) - Starting Replication Monitor Thread.
2022-11-08 06:33:16,675 [ReplicationMonitor] INFO  replication.ReplicationManager (ReplicationManager.java:processAll(307)) - Replication Manager is not ready to run until 3000ms after safemode exit
2022-11-08 06:33:16,675 [Listener at 127.0.0.1/40183] INFO  ha.SCMServiceManager (SCMServiceManager.java:register(42)) - Registering service ReplicationManager.
2022-11-08 06:33:16,675 [Listener at 127.0.0.1/40183] INFO  safemode.ContainerSafeModeRule (ContainerSafeModeRule.java:<init>(89)) - containers with one replica threshold count 0
2022-11-08 06:33:16,675 [Listener at 127.0.0.1/40183] INFO  safemode.HealthyPipelineSafeModeRule (HealthyPipelineSafeModeRule.java:initializeRule(169)) - Total pipeline count is 0, healthy pipeline threshold count is 1
2022-11-08 06:33:16,676 [Listener at 127.0.0.1/40183] INFO  safemode.OneReplicaPipelineSafeModeRule (OneReplicaPipelineSafeModeRule.java:initializeRule(180)) - Total pipeline count is 0, pipeline's with at least one datanode reported threshold count is 0
2022-11-08 06:33:16,676 [Listener at 127.0.0.1/40183] INFO  ipc.CallQueueManager (CallQueueManager.java:<init>(90)) - Using callQueue: class java.util.concurrent.LinkedBlockingQueue, queueCapacity: 2000, scheduler: class org.apache.hadoop.ipc.DefaultRpcScheduler, ipcBackoff: false.
2022-11-08 06:33:16,677 [Socket Reader #1 for port 0] INFO  ipc.Server (Server.java:run(1273)) - Starting Socket Reader #1 for port 0
2022-11-08 06:33:16,678 [Listener at 0.0.0.0/35735] INFO  ipc.CallQueueManager (CallQueueManager.java:<init>(90)) - Using callQueue: class java.util.concurrent.LinkedBlockingQueue, queueCapacity: 2000, scheduler: class org.apache.hadoop.ipc.DefaultRpcScheduler, ipcBackoff: false.
2022-11-08 06:33:16,679 [Socket Reader #1 for port 0] INFO  ipc.Server (Server.java:run(1273)) - Starting Socket Reader #1 for port 0
2022-11-08 06:33:16,682 [Listener at 0.0.0.0/41215] INFO  ipc.CallQueueManager (CallQueueManager.java:<init>(90)) - Using callQueue: class java.util.concurrent.LinkedBlockingQueue, queueCapacity: 2000, scheduler: class org.apache.hadoop.ipc.DefaultRpcScheduler, ipcBackoff: false.
2022-11-08 06:33:16,682 [Socket Reader #1 for port 0] INFO  ipc.Server (Server.java:run(1273)) - Starting Socket Reader #1 for port 0
2022-11-08 06:33:16,685 [Listener at 0.0.0.0/46189] INFO  ha.SCMServiceManager (SCMServiceManager.java:register(42)) - Registering service ContainerBalancer.
2022-11-08 06:33:16,686 [Listener at 0.0.0.0/46189] INFO  server.StorageContainerManager (StorageContainerManager.java:<init>(415)) - 
Container Balancer status:
Key                            Value
Running                        true
Container Balancer Configuration values:
Key                                                Value
Threshold                                          10
Max Datanodes to Involve per Iteration(percent)    20
Max Size to Move per Iteration                     500GB
Max Size Entering Target per Iteration             26GB
Max Size Leaving Source per Iteration              26GB

2022-11-08 06:33:16,686 [Listener at 0.0.0.0/46189] WARN  events.EventQueue (EventQueue.java:fireEvent(216)) - No event handler registered for event TypedEvent{payloadType=SafeModeStatus, name='Safe mode status'}
2022-11-08 06:33:16,686 [Listener at 0.0.0.0/46189] INFO  ha.SCMContext (SCMContext.java:updateSafeModeStatus(228)) - Update SafeModeStatus from SafeModeStatus{safeModeStatus=true, preCheckPassed=false} to SafeModeStatus{safeModeStatus=true, preCheckPassed=false}.
2022-11-08 06:33:16,686 [Listener at 0.0.0.0/46189] INFO  server.StorageContainerManager (StorageContainerManager.java:start(1449)) - StorageContainerLocationProtocol RPC server is listening at /0.0.0.0:46189
2022-11-08 06:33:16,688 [Listener at 0.0.0.0/46189] WARN  impl.MetricsConfig (MetricsConfig.java:loadFirst(136)) - Cannot locate configuration: tried hadoop-metrics2-storagecontainermanager.properties,hadoop-metrics2.properties
2022-11-08 06:33:16,689 [Listener at 0.0.0.0/46189] INFO  impl.MetricsSystemImpl (MetricsSystemImpl.java:startTimer(378)) - Scheduled Metric snapshot period at 10 second(s).
2022-11-08 06:33:16,689 [Listener at 0.0.0.0/46189] INFO  impl.MetricsSystemImpl (MetricsSystemImpl.java:start(191)) - StorageContainerManager metrics system started
2022-11-08 06:33:16,702 [Listener at 0.0.0.0/46189] INFO  impl.MetricsSinkAdapter (MetricsSinkAdapter.java:start(204)) - Sink prometheus started
2022-11-08 06:33:16,706 [Listener at 0.0.0.0/46189] INFO  impl.MetricsSystemImpl (MetricsSystemImpl.java:registerSink(305)) - Registered sink prometheus
2022-11-08 06:33:16,726 [Listener at 0.0.0.0/46189] INFO  server.SCMClientProtocolServer (SCMClientProtocolServer.java:start(170)) - RPC server for Client  is listening at /0.0.0.0:46189
2022-11-08 06:33:16,726 [IPC Server Responder] INFO  ipc.Server (Server.java:run(1512)) - IPC Server Responder: starting
2022-11-08 06:33:16,732 [IPC Server listener on 0] INFO  ipc.Server (Server.java:run(1352)) - IPC Server listener on 0: starting
2022-11-08 06:33:16,735 [Listener at 0.0.0.0/46189] INFO  server.StorageContainerManager (StorageContainerManager.java:start(1464)) - ScmBlockLocationProtocol RPC server is listening at /0.0.0.0:41215
2022-11-08 06:33:16,761 [Listener at 0.0.0.0/46189] INFO  server.SCMBlockProtocolServer (SCMBlockProtocolServer.java:start(152)) - RPC server for Block Protocol is listening at /0.0.0.0:41215
2022-11-08 06:33:16,761 [IPC Server Responder] INFO  ipc.Server (Server.java:run(1512)) - IPC Server Responder: starting
2022-11-08 06:33:16,762 [IPC Server listener on 0] INFO  ipc.Server (Server.java:run(1352)) - IPC Server listener on 0: starting
2022-11-08 06:33:16,771 [Listener at 0.0.0.0/46189] INFO  server.SCMDatanodeProtocolServer (SCMDatanodeProtocolServer.java:start(186)) - ScmDatanodeProtocol RPC server for DataNodes is listening at /0.0.0.0:35735
2022-11-08 06:33:16,777 [IPC Server Responder] INFO  ipc.Server (Server.java:run(1512)) - IPC Server Responder: starting
2022-11-08 06:33:16,777 [IPC Server listener on 0] INFO  ipc.Server (Server.java:run(1352)) - IPC Server listener on 0: starting
2022-11-08 06:33:16,780 [org.apache.hadoop.util.JvmPauseMonitor$Monitor@4ce66c79] INFO  util.JvmPauseMonitor (JvmPauseMonitor.java:run(188)) - Starting JVM pause monitor
2022-11-08 06:33:16,781 [Listener at 0.0.0.0/46189] INFO  http.BaseHttpServer (BaseHttpServer.java:newHttpServer2BuilderForOzone(213)) - Starting Web-server for scm at: http://0.0.0.0:0
2022-11-08 06:33:16,781 [Listener at 0.0.0.0/46189] INFO  http.BaseHttpServer (BaseHttpServer.java:<init>(108)) - Hadoop Security Enabled: false Ozone Security Enabled: false Ozone HTTP Security Enabled: false 
2022-11-08 06:33:16,782 [Listener at 0.0.0.0/46189] WARN  server.AuthenticationFilter (AuthenticationFilter.java:constructSecretProvider(240)) - Unable to initialize FileSignerSecretProvider, falling back to use random secrets. Reason: Could not read signature secret file: /home/runner/hadoop-http-auth-signature-secret
2022-11-08 06:33:16,784 [Listener at 0.0.0.0/46189] WARN  http.HttpRequestLog (HttpRequestLog.java:getRequestLog(103)) - Jetty request log can only be enabled using Log4j
2022-11-08 06:33:16,786 [Listener at 0.0.0.0/46189] INFO  http.HttpServer2 (HttpServer2.java:addGlobalFilter(1031)) - Added global filter 'safety' (class=org.apache.hadoop.hdds.server.http.HttpServer2$QuotingInputFilter)
2022-11-08 06:33:16,787 [Listener at 0.0.0.0/46189] INFO  http.HttpServer2 (HttpServer2.java:addFilter(1007)) - Added filter static_user_filter (class=org.apache.hadoop.http.lib.StaticUserWebFilter$StaticUserFilter) to context scm
2022-11-08 06:33:16,787 [Listener at 0.0.0.0/46189] INFO  http.HttpServer2 (HttpServer2.java:addFilter(1015)) - Added filter static_user_filter (class=org.apache.hadoop.http.lib.StaticUserWebFilter$StaticUserFilter) to context logs
2022-11-08 06:33:16,787 [Listener at 0.0.0.0/46189] INFO  http.HttpServer2 (HttpServer2.java:addFilter(1015)) - Added filter static_user_filter (class=org.apache.hadoop.http.lib.StaticUserWebFilter$StaticUserFilter) to context static
2022-11-08 06:33:16,788 [Listener at 0.0.0.0/46189] INFO  http.HttpServer2 (HttpServer2.java:bindListener(1250)) - Jetty bound to port 35093
2022-11-08 06:33:16,788 [Listener at 0.0.0.0/46189] INFO  server.Server (Server.java:doStart(375)) - jetty-9.4.49.v20220914; built: 2022-09-14T01:07:36.601Z; git: 4231a3b2e4cb8548a412a789936d640a97b1aa0a; jvm 1.8.0_345-b01
2022-11-08 06:33:16,790 [Listener at 0.0.0.0/46189] INFO  server.session (DefaultSessionIdManager.java:doStart(334)) - DefaultSessionIdManager workerName=node0
2022-11-08 06:33:16,790 [Listener at 0.0.0.0/46189] INFO  server.session (DefaultSessionIdManager.java:doStart(339)) - No SessionScavenger set, using defaults
2022-11-08 06:33:16,790 [Listener at 0.0.0.0/46189] INFO  server.session (HouseKeeper.java:startScavenging(132)) - node0 Scavenging every 660000ms
2022-11-08 06:33:16,791 [Listener at 0.0.0.0/46189] INFO  handler.ContextHandler (ContextHandler.java:doStart(921)) - Started o.e.j.s.ServletContextHandler@21249add{logs,/logs,file:///home/runner/work/ozone/ozone/hadoop-ozone/integration-test/target/log,AVAILABLE}
2022-11-08 06:33:16,792 [Listener at 0.0.0.0/46189] INFO  handler.ContextHandler (ContextHandler.java:doStart(921)) - Started o.e.j.s.ServletContextHandler@7c5f2945{static,/static,file:///home/runner/work/ozone/ozone/hadoop-ozone/integration-test/target/test-classes/webapps/static,AVAILABLE}
2022-11-08 06:33:16,796 [Listener at 0.0.0.0/46189] INFO  handler.ContextHandler (ContextHandler.java:doStart(921)) - Started o.e.j.w.WebAppContext@58c0becb{scm,/,file:///home/runner/work/ozone/ozone/hadoop-ozone/integration-test/target/test-classes/webapps/scm/,AVAILABLE}{file:/home/runner/work/ozone/ozone/hadoop-ozone/integration-test/target/test-classes/webapps/scm}
2022-11-08 06:33:16,797 [Listener at 0.0.0.0/46189] INFO  server.AbstractConnector (AbstractConnector.java:doStart(333)) - Started ServerConnector@28f87cc{HTTP/1.1, (http/1.1)}{0.0.0.0:35093}
2022-11-08 06:33:16,797 [Listener at 0.0.0.0/46189] INFO  server.Server (Server.java:doStart(415)) - Started @95794ms
2022-11-08 06:33:16,797 [Listener at 0.0.0.0/46189] WARN  impl.MetricsSystemImpl (MetricsSystemImpl.java:register(279)) - Sink prometheus already exists!
2022-11-08 06:33:16,798 [Listener at 0.0.0.0/46189] INFO  http.BaseHttpServer (BaseHttpServer.java:updateConnectorAddress(333)) - HTTP server of scm listening at http://0.0.0.0:35093
2022-11-08 06:33:16,798 [Listener at 0.0.0.0/46189] WARN  server.ServerUtils (ServerUtils.java:getDBPath(225)) - ozone.om.db.dirs is not configured. We recommend adding this setting. Falling back to ozone.metadata.dirs instead.
2022-11-08 06:33:16,800 [Listener at 0.0.0.0/46189] INFO  ha.OMHANodeDetails (OMHANodeDetails.java:loadOMHAConfig(115)) - ozone.om.internal.service.id is not defined, falling back to ozone.om.service.ids to find serviceID for OzoneManager if it is HA enabled cluster
2022-11-08 06:33:16,801 [Listener at 0.0.0.0/46189] INFO  ha.OMHANodeDetails (OMHANodeDetails.java:loadOMHAConfig(226)) - Configuration does not have ozone.om.address set. Falling back to the default OM address /127.0.0.1:0
2022-11-08 06:33:16,801 [Listener at 0.0.0.0/46189] INFO  ha.OMHANodeDetails (OMHANodeDetails.java:getOMNodeDetailsForNonHA(254)) - OM Service ID is not set. Setting it to the default ID: omServiceIdDefault
2022-11-08 06:33:16,801 [Listener at 0.0.0.0/46189] INFO  ha.OMHANodeDetails (OMHANodeDetails.java:getOMNodeDetailsForNonHA(261)) - OM Node ID is not set. Setting it to the default ID: om1
2022-11-08 06:33:16,801 [Listener at 0.0.0.0/46189] WARN  server.ServerUtils (ServerUtils.java:getDBPath(225)) - ozone.om.db.dirs is not configured. We recommend adding this setting. Falling back to ozone.metadata.dirs instead.
2022-11-08 06:33:16,805 [Listener at 0.0.0.0/46189] INFO  upgrade.AbstractLayoutVersionManager (AbstractLayoutVersionManager.java:init(83)) - Initializing Layout version manager with metadata layout = MULTITENANCY_SCHEMA (version = 3), software layout = MULTITENANCY_SCHEMA (version = 3)
2022-11-08 06:33:16,891 [Listener at 0.0.0.0/46189] INFO  reflections.Reflections (Reflections.java:scan(232)) - Reflections took 84 ms to scan 2 urls, producing 154 keys and 428 values [using 2 cores]
2022-11-08 06:33:16,891 [Listener at 0.0.0.0/46189] INFO  upgrade.OMLayoutVersionManager (OMLayoutVersionManager.java:lambda$0(115)) - Skipping Upgrade Action MockOmUpgradeAction since it has been finalized.
2022-11-08 06:33:16,891 [Listener at 0.0.0.0/46189] WARN  server.ServerUtils (ServerUtils.java:getDBPath(225)) - ozone.om.db.dirs is not configured. We recommend adding this setting. Falling back to ozone.metadata.dirs instead.
2022-11-08 06:33:16,892 [Listener at 0.0.0.0/46189] INFO  proxy.SCMBlockLocationFailoverProxyProvider (SCMBlockLocationFailoverProxyProvider.java:<init>(114)) - Created block location fail-over proxy with 1 nodes: [nodeId=scmNodeId,nodeAddress=/0.0.0.0:41215]
2022-11-08 06:33:16,894 [Listener at 0.0.0.0/46189] INFO  proxy.SCMBlockLocationFailoverProxyProvider (SCMBlockLocationFailoverProxyProvider.java:<init>(114)) - Created block location fail-over proxy with 1 nodes: [nodeId=scmNodeId,nodeAddress=/0.0.0.0:41215]
2022-11-08 06:33:16,900 [Listener at 0.0.0.0/46189] WARN  server.ServerUtils (ServerUtils.java:getDBPath(225)) - ozone.om.db.dirs is not configured. We recommend adding this setting. Falling back to ozone.metadata.dirs instead.
2022-11-08 06:33:16,900 [Listener at 0.0.0.0/46189] INFO  codec.OmKeyInfoCodec (OmKeyInfoCodec.java:<init>(49)) - OmKeyInfoCodec ignorePipeline = true
2022-11-08 06:33:16,900 [Listener at 0.0.0.0/46189] INFO  codec.RepeatedOmKeyInfoCodec (RepeatedOmKeyInfoCodec.java:<init>(41)) - RepeatedOmKeyInfoCodec ignorePipeline = true
2022-11-08 06:33:17,116 [Listener at 0.0.0.0/46189] INFO  om.OzoneManager (OzoneManager.java:instantiateServices(715)) - S3 Multi-Tenancy is disabled
2022-11-08 06:33:17,118 [Listener at 0.0.0.0/46189] INFO  om.OzoneManager (OzoneManager.java:addS3GVolumeToDB(4395)) - Created Volume s3v With Owner runner required for S3Gateway operations.
2022-11-08 06:33:17,118 [Listener at 0.0.0.0/46189] WARN  server.ServerUtils (ServerUtils.java:getDefaultRatisDirectory(237)) - Storage directory for Ratis is not configured. It is a good idea to map this to an SSD disk. Falling back to ozone.metadata.dirs
2022-11-08 06:33:17,118 [Listener at 0.0.0.0/46189] WARN  utils.OzoneManagerRatisUtils (OzoneManagerRatisUtils.java:getOMRatisSnapshotDirectory(434)) - ozone.om.ratis.snapshot.dir is not configured. Falling back to ozone.metadata.dirs config
2022-11-08 06:33:17,119 [Listener at 0.0.0.0/46189] WARN  server.ServerUtils (ServerUtils.java:getDefaultRatisDirectory(237)) - Storage directory for Ratis is not configured. It is a good idea to map this to an SSD disk. Falling back to ozone.metadata.dirs
2022-11-08 06:33:17,120 [Listener at 0.0.0.0/46189] INFO  ratis.OzoneManagerRatisServer (OzoneManagerRatisServer.java:<init>(160)) - Instantiating OM Ratis server with groupID: omServiceIdDefault and peers: localhost:9872
2022-11-08 06:33:17,120 [Listener at 0.0.0.0/46189] INFO  ratis.OzoneManagerStateMachine (OzoneManagerStateMachine.java:loadSnapshotInfoFromDB(636)) - LastAppliedIndex is set from TransactionInfo from OM DB as (t:0, i:~)
2022-11-08 06:33:17,121 [Listener at 0.0.0.0/46189] INFO  server.RaftServer (ConfUtils.java:logGet(46)) - raft.rpc.type = GRPC (default)
2022-11-08 06:33:17,121 [Listener at 0.0.0.0/46189] INFO  grpc.GrpcConfigKeys (ConfUtils.java:logFallback(53)) - raft.grpc.admin.host = null (fallback to raft.grpc.server.host)
2022-11-08 06:33:17,121 [Listener at 0.0.0.0/46189] INFO  grpc.GrpcConfigKeys (ConfUtils.java:logFallback(53)) - raft.grpc.admin.port = 9872 (fallback to raft.grpc.server.port)
2022-11-08 06:33:17,121 [Listener at 0.0.0.0/46189] INFO  grpc.GrpcConfigKeys (ConfUtils.java:logFallback(53)) - raft.grpc.client.host = null (fallback to raft.grpc.server.host)
2022-11-08 06:33:17,121 [Listener at 0.0.0.0/46189] INFO  grpc.GrpcConfigKeys (ConfUtils.java:logFallback(53)) - raft.grpc.client.port = 9872 (fallback to raft.grpc.server.port)
2022-11-08 06:33:17,122 [Listener at 0.0.0.0/46189] INFO  grpc.GrpcConfigKeys (ConfUtils.java:logGet(46)) - raft.grpc.server.host = null (default)
2022-11-08 06:33:17,122 [Listener at 0.0.0.0/46189] INFO  grpc.GrpcConfigKeys (ConfUtils.java:logGet(46)) - raft.grpc.server.port = 9872 (custom)
2022-11-08 06:33:17,122 [Listener at 0.0.0.0/46189] INFO  server.GrpcService (ConfUtils.java:logGet(46)) - raft.grpc.message.size.max = 33554432 (custom)
2022-11-08 06:33:17,122 [Listener at 0.0.0.0/46189] INFO  server.RaftServerConfigKeys (ConfUtils.java:logGet(46)) - raft.server.log.appender.buffer.byte-limit = 33554432 (custom)
2022-11-08 06:33:17,122 [Listener at 0.0.0.0/46189] INFO  server.GrpcService (ConfUtils.java:logGet(46)) - raft.grpc.flow.control.window = 1MB (=1048576) (default)
2022-11-08 06:33:17,122 [Listener at 0.0.0.0/46189] INFO  server.RaftServerConfigKeys (ConfUtils.java:logGet(46)) - raft.server.rpc.request.timeout = 3000ms (default)
2022-11-08 06:33:17,122 [Listener at 0.0.0.0/46189] INFO  grpc.GrpcConfigKeys (ConfUtils.java:logGet(46)) - raft.grpc.server.heartbeat.channel = true (default)
2022-11-08 06:33:17,123 [Listener at 0.0.0.0/46189] INFO  grpc.GrpcConfigKeys (ConfUtils.java:logGet(46)) - raft.grpc.server.async.request.thread.pool.cached = true (default)
2022-11-08 06:33:17,123 [Listener at 0.0.0.0/46189] INFO  grpc.GrpcConfigKeys (ConfUtils.java:logGet(46)) - raft.grpc.server.async.request.thread.pool.size = 32 (default)
2022-11-08 06:33:17,124 [Listener at 0.0.0.0/46189] INFO  impl.DataStreamServerImpl (ConfUtils.java:logGet(46)) - raft.datastream.type = DISABLED (default)
2022-11-08 06:33:17,124 [Listener at 0.0.0.0/46189] INFO  server.RaftServerConfigKeys (ConfUtils.java:logGet(46)) - raft.server.threadpool.proxy.cached = true (default)
2022-11-08 06:33:17,125 [Listener at 0.0.0.0/46189] INFO  server.RaftServerConfigKeys (ConfUtils.java:logGet(46)) - raft.server.threadpool.proxy.size = 0 (default)
2022-11-08 06:33:17,125 [Listener at 0.0.0.0/46189] INFO  server.RaftServerConfigKeys (ConfUtils.java:logGet(46)) - raft.server.rpc.slowness.timeout = 120s (custom)
2022-11-08 06:33:17,125 [Listener at 0.0.0.0/46189] INFO  server.RaftServerConfigKeys (ConfUtils.java:logGet(46)) - raft.server.leaderelection.leader.step-down.wait-time = 10s (default)
2022-11-08 06:33:17,125 [Listener at 0.0.0.0/46189] INFO  server.RaftServerConfigKeys (ConfUtils.java:logGet(46)) - raft.server.storage.dir = [/home/runner/work/ozone/ozone/hadoop-ozone/integration-test/target/test-dir/MiniOzoneClusterImpl-b4f26986-4eb4-4ecd-9efe-6fbc1efd26b6/ozone-meta/ratis] (custom)
2022-11-08 06:33:17,129 [Listener at 0.0.0.0/46189] INFO  server.RaftServer (RaftServerProxy.java:addNew(96)) - om1: addNew group-C5BA1605619E:[om1|rpc:localhost:9872|priority:0|startupRole:FOLLOWER] returns group-C5BA1605619E:java.util.concurrent.CompletableFuture@5f971e3d[Not completed]
2022-11-08 06:33:17,129 [Listener at 0.0.0.0/46189] INFO  om.OzoneManager (OzoneManager.java:initializeRatisServer(1978)) - OzoneManager Ratis server initialized at port 9872
2022-11-08 06:33:17,130 [Listener at 0.0.0.0/46189] INFO  om.OzoneManager (OzoneManager.java:getRpcServer(1104)) - Creating RPC Server
2022-11-08 06:33:17,132 [pool-293-thread-1] INFO  server.RaftServer$Division (RaftServerImpl.java:<init>(195)) - om1: new RaftServerImpl for group-C5BA1605619E:[om1|rpc:localhost:9872|priority:0|startupRole:FOLLOWER] with OzoneManagerStateMachine:uninitialized
2022-11-08 06:33:17,132 [pool-293-thread-1] INFO  server.RaftServerConfigKeys (ConfUtils.java:logGet(46)) - raft.server.rpc.timeout.min = 1s (custom)
2022-11-08 06:33:17,132 [pool-293-thread-1] INFO  server.RaftServerConfigKeys (ConfUtils.java:logGet(46)) - raft.server.rpc.timeout.max = 1200ms (custom)
2022-11-08 06:33:17,132 [pool-293-thread-1] INFO  server.RaftServerConfigKeys (ConfUtils.java:logGet(46)) - raft.server.rpc.sleep.time = 25ms (default)
2022-11-08 06:33:17,132 [pool-293-thread-1] INFO  server.RaftServerConfigKeys (ConfUtils.java:logGet(46)) - raft.server.rpc.slowness.timeout = 120s (custom)
2022-11-08 06:33:17,132 [pool-293-thread-1] INFO  server.RaftServerConfigKeys (ConfUtils.java:logGet(46)) - raft.server.leaderelection.leader.step-down.wait-time = 10s (default)
2022-11-08 06:33:17,132 [pool-293-thread-1] INFO  server.RaftServerConfigKeys (ConfUtils.java:logGet(46)) - raft.server.sleep.deviation.threshold = 300ms (default)
2022-11-08 06:33:17,132 [pool-293-thread-1] INFO  server.RaftServer$Division (ServerState.java:<init>(118)) - om1@group-C5BA1605619E: ConfigurationManager, init=-1: peers:[om1|rpc:localhost:9872|priority:0|startupRole:FOLLOWER]|listeners:[], old=null, confs=<EMPTY_MAP>
2022-11-08 06:33:17,132 [pool-293-thread-1] INFO  server.RaftServerConfigKeys (ConfUtils.java:logGet(46)) - raft.server.storage.dir = [/home/runner/work/ozone/ozone/hadoop-ozone/integration-test/target/test-dir/MiniOzoneClusterImpl-b4f26986-4eb4-4ecd-9efe-6fbc1efd26b6/ozone-meta/ratis] (custom)
2022-11-08 06:33:17,132 [pool-293-thread-1] INFO  server.RaftServerConfigKeys (ConfUtils.java:logGet(46)) - raft.server.log.corruption.policy = EXCEPTION (default)
2022-11-08 06:33:17,132 [pool-293-thread-1] INFO  server.RaftServerConfigKeys (ConfUtils.java:logGet(46)) - raft.server.storage.free-space.min = 0MB (=0) (default)
2022-11-08 06:33:17,132 [pool-293-thread-1] INFO  server.RaftServerConfigKeys (ConfUtils.java:logGet(46)) - raft.server.notification.no-leader.timeout = 120s (custom)
2022-11-08 06:33:17,132 [pool-293-thread-1] INFO  server.RaftServerConfigKeys (ConfUtils.java:logGet(46)) - raft.server.retrycache.expirytime = 300s (custom)
2022-11-08 06:33:17,133 [pool-293-thread-1] INFO  server.RaftServerConfigKeys (ConfUtils.java:logGet(46)) - raft.server.retrycache.statistics.expirytime = 100μs (default)
2022-11-08 06:33:17,134 [pool-293-thread-1] INFO  server.RaftServerConfigKeys (ConfUtils.java:logGet(46)) - raft.server.log.appender.install.snapshot.enabled = false (custom)
2022-11-08 06:33:17,134 [pool-293-thread-1] INFO  server.RaftServerConfigKeys (ConfUtils.java:logGet(46)) - raft.server.threadpool.server.cached = true (default)
2022-11-08 06:33:17,134 [pool-293-thread-1] INFO  server.RaftServerConfigKeys (ConfUtils.java:logGet(46)) - raft.server.threadpool.server.size = 0 (default)
2022-11-08 06:33:17,134 [pool-293-thread-1] INFO  server.RaftServerConfigKeys (ConfUtils.java:logGet(46)) - raft.server.threadpool.client.cached = true (default)
2022-11-08 06:33:17,134 [pool-293-thread-1] INFO  server.RaftServerConfigKeys (ConfUtils.java:logGet(46)) - raft.server.threadpool.client.size = 0 (default)
2022-11-08 06:33:17,546 [Listener at 0.0.0.0/46189] INFO  reflections.Reflections (Reflections.java:scan(232)) - Reflections took 415 ms to scan 19 urls, producing 67 keys and 4312 values [using 2 cores]
2022-11-08 06:33:17,547 [Listener at 0.0.0.0/46189] INFO  ipc.CallQueueManager (CallQueueManager.java:<init>(90)) - Using callQueue: class java.util.concurrent.LinkedBlockingQueue, queueCapacity: 2000, scheduler: class org.apache.hadoop.ipc.DefaultRpcScheduler, ipcBackoff: false.
2022-11-08 06:33:17,549 [Socket Reader #1 for port 0] INFO  ipc.Server (Server.java:run(1273)) - Starting Socket Reader #1 for port 0
2022-11-08 06:33:17,578 [Listener at 127.0.0.1/39611] INFO  impl.MetricsSystemImpl (MetricsSystemImpl.java:init(158)) - OzoneManager metrics system started (again)
2022-11-08 06:33:17,591 [Listener at 127.0.0.1/39611] INFO  om.OzoneManager (OzoneManager.java:start(1485)) - OzoneManager RPC server is listening at localhost/127.0.0.1:39611
2022-11-08 06:33:17,591 [Listener at 127.0.0.1/39611] INFO  ratis.OzoneManagerRatisServer (OzoneManagerRatisServer.java:start(555)) - Starting OzoneManagerRatisServer om1 at port 9872
2022-11-08 06:33:17,591 [om1-impl-thread1] INFO  storage.RaftStorageDirectory (RaftStorageDirectoryImpl.java:analyzeStorage(137)) - The storage directory /home/runner/work/ozone/ozone/hadoop-ozone/integration-test/target/test-dir/MiniOzoneClusterImpl-b4f26986-4eb4-4ecd-9efe-6fbc1efd26b6/ozone-meta/ratis/bf265839-605b-3f16-9796-c5ba1605619e does not exist. Creating ...
2022-11-08 06:33:17,594 [om1-impl-thread1] INFO  storage.RaftStorageDirectory (RaftStorageDirectoryImpl.java:tryLock(231)) - Lock on /home/runner/work/ozone/ozone/hadoop-ozone/integration-test/target/test-dir/MiniOzoneClusterImpl-b4f26986-4eb4-4ecd-9efe-6fbc1efd26b6/ozone-meta/ratis/bf265839-605b-3f16-9796-c5ba1605619e/in_use.lock acquired by nodename 12075@fv-az220-111
2022-11-08 06:33:17,596 [om1-impl-thread1] INFO  storage.RaftStorage (RaftStorageImpl.java:format(96)) - Storage directory /home/runner/work/ozone/ozone/hadoop-ozone/integration-test/target/test-dir/MiniOzoneClusterImpl-b4f26986-4eb4-4ecd-9efe-6fbc1efd26b6/ozone-meta/ratis/bf265839-605b-3f16-9796-c5ba1605619e has been successfully formatted.
2022-11-08 06:33:17,596 [om1-impl-thread1] INFO  server.RaftServerConfigKeys (ConfUtils.java:logGet(46)) - raft.server.log.use.memory = false (default)
2022-11-08 06:33:17,596 [om1-impl-thread1] INFO  server.RaftServerConfigKeys (ConfUtils.java:logGet(46)) - raft.server.log.purge.gap = 1000000 (custom)
2022-11-08 06:33:17,596 [om1-impl-thread1] INFO  server.RaftServerConfigKeys (ConfUtils.java:logGet(46)) - raft.server.log.appender.buffer.byte-limit = 33554432 (custom)
2022-11-08 06:33:17,596 [om1-impl-thread1] INFO  server.RaftServerConfigKeys (ConfUtils.java:logGet(46)) - raft.server.log.statemachine.data.read.timeout = 1000ms (default)
2022-11-08 06:33:17,596 [om1-impl-thread1] INFO  server.RaftServerConfigKeys (ConfUtils.java:logGet(46)) - raft.server.log.purge.preservation.log.num = 0 (default)
2022-11-08 06:33:17,597 [om1-impl-thread1] INFO  server.RaftServerConfigKeys (ConfUtils.java:logGet(46)) - raft.server.log.segment.size.max = 4194304 (custom)
2022-11-08 06:33:17,597 [om1-impl-thread1] INFO  server.RaftServerConfigKeys (ConfUtils.java:logGet(46)) - raft.server.log.segment.cache.num.max = 2 (custom)
2022-11-08 06:33:17,597 [om1-impl-thread1] INFO  server.RaftServerConfigKeys (ConfUtils.java:logGet(46)) - raft.server.log.segment.cache.size.max = 200MB (=209715200) (default)
2022-11-08 06:33:17,597 [om1-impl-thread1] INFO  segmented.SegmentedRaftLogWorker (SegmentedRaftLogWorker.java:<init>(191)) - new om1@group-C5BA1605619E-SegmentedRaftLogWorker for RaftStorageImpl:Storage Directory /home/runner/work/ozone/ozone/hadoop-ozone/integration-test/target/test-dir/MiniOzoneClusterImpl-b4f26986-4eb4-4ecd-9efe-6fbc1efd26b6/ozone-meta/ratis/bf265839-605b-3f16-9796-c5ba1605619e
2022-11-08 06:33:17,597 [om1-impl-thread1] INFO  server.RaftServerConfigKeys (ConfUtils.java:logGet(46)) - raft.server.log.queue.byte-limit = 64MB (=67108864) (default)
2022-11-08 06:33:17,597 [om1-impl-thread1] INFO  server.RaftServerConfigKeys (ConfUtils.java:logGet(46)) - raft.server.log.queue.element-limit = 4096 (default)
2022-11-08 06:33:17,597 [om1-impl-thread1] INFO  server.RaftServerConfigKeys (ConfUtils.java:logGet(46)) - raft.server.log.segment.size.max = 4194304 (custom)
2022-11-08 06:33:17,597 [om1-impl-thread1] INFO  server.RaftServerConfigKeys (ConfUtils.java:logGet(46)) - raft.server.log.preallocated.size = 4194304 (custom)
2022-11-08 06:33:17,597 [om1-impl-thread1] INFO  server.RaftServerConfigKeys (ConfUtils.java:logGet(46)) - raft.server.log.force.sync.num = 128 (default)
2022-11-08 06:33:17,597 [om1-impl-thread1] INFO  server.RaftServerConfigKeys (ConfUtils.java:logGet(46)) - raft.server.log.statemachine.data.sync = true (default)
2022-11-08 06:33:17,597 [om1-impl-thread1] INFO  server.RaftServerConfigKeys (ConfUtils.java:logGet(46)) - raft.server.log.statemachine.data.sync.timeout = 10s (default)
2022-11-08 06:33:17,597 [om1-impl-thread1] INFO  server.RaftServerConfigKeys (ConfUtils.java:logGet(46)) - raft.server.log.statemachine.data.sync.timeout.retry = -1 (default)
2022-11-08 06:33:17,598 [om1-impl-thread1] INFO  server.RaftServerConfigKeys (ConfUtils.java:logGet(46)) - raft.server.log.write.buffer.size = 64KB (=65536) (default)
2022-11-08 06:33:17,598 [om1-impl-thread1] INFO  server.RaftServerConfigKeys (ConfUtils.java:logGet(46)) - raft.server.log.unsafe-flush.enabled = false (default)
2022-11-08 06:33:17,598 [om1-impl-thread1] INFO  server.RaftServerConfigKeys (ConfUtils.java:logGet(46)) - raft.server.log.async-flush.enabled = false (default)
2022-11-08 06:33:17,598 [om1-impl-thread1] INFO  server.RaftServerConfigKeys (ConfUtils.java:logGet(46)) - raft.server.log.statemachine.data.caching.enabled = false (default)
2022-11-08 06:33:17,599 [om1-impl-thread1] INFO  segmented.SegmentedRaftLogWorker (SegmentedRaftLogWorker.java:lambda$new$0(136)) - om1@group-C5BA1605619E-SegmentedRaftLogWorker: flushIndex: setUnconditionally 0 -> -1
2022-11-08 06:33:17,599 [om1-impl-thread1] INFO  segmented.SegmentedRaftLogWorker (SegmentedRaftLogWorker.java:lambda$new$0(136)) - om1@group-C5BA1605619E-SegmentedRaftLogWorker: safeCacheEvictIndex: setUnconditionally 0 -> -1
2022-11-08 06:33:17,599 [om1-impl-thread1] INFO  server.RaftServer$Division (RaftServerImpl.java:start(334)) - om1@group-C5BA1605619E: start as a follower, conf=-1: peers:[om1|rpc:localhost:9872|priority:0|startupRole:FOLLOWER]|listeners:[], old=null
2022-11-08 06:33:17,599 [om1-impl-thread1] INFO  server.RaftServer$Division (RaftServerImpl.java:setRole(321)) - om1@group-C5BA1605619E: changes role from      null to FOLLOWER at term 0 for startAsFollower
2022-11-08 06:33:17,599 [om1-impl-thread1] INFO  impl.RoleInfo (RoleInfo.java:updateAndGet(139)) - om1: start om1@group-C5BA1605619E-FollowerState
2022-11-08 06:33:17,602 [om1-impl-thread1] INFO  util.JmxRegister (JmxRegister.java:tryRegister(44)) - Successfully registered JMX Bean with object name Ratis:service=RaftServer,group=group-C5BA1605619E,id=om1
2022-11-08 06:33:17,602 [om1-impl-thread1] INFO  server.RaftServerConfigKeys (ConfUtils.java:logGet(46)) - raft.server.snapshot.auto.trigger.enabled = true (custom)
2022-11-08 06:33:17,602 [om1-impl-thread1] INFO  server.RaftServerConfigKeys (ConfUtils.java:logGet(46)) - raft.server.snapshot.auto.trigger.threshold = 400000 (default)
2022-11-08 06:33:17,602 [om1-impl-thread1] INFO  server.RaftServerConfigKeys (ConfUtils.java:logGet(46)) - raft.server.snapshot.retention.file.num = -1 (default)
2022-11-08 06:33:17,602 [om1-impl-thread1] INFO  server.RaftServerConfigKeys (ConfUtils.java:logGet(46)) - raft.server.log.purge.upto.snapshot.index = true (custom)
2022-11-08 06:33:17,603 [Listener at 127.0.0.1/39611] INFO  server.RaftServer (RaftServerProxy.java:startImpl(393)) - om1: start RPC server
2022-11-08 06:33:17,605 [om1@group-C5BA1605619E-FollowerState] INFO  server.RaftServerConfigKeys (ConfUtils.java:logFallback(53)) - raft.server.rpc.first-election.timeout.min = 1s (fallback to raft.server.rpc.timeout.min)
2022-11-08 06:33:17,605 [om1@group-C5BA1605619E-FollowerState] INFO  server.RaftServerConfigKeys (ConfUtils.java:logFallback(53)) - raft.server.rpc.first-election.timeout.max = 1200ms (fallback to raft.server.rpc.timeout.max)
2022-11-08 06:33:17,607 [Listener at 127.0.0.1/39611] INFO  server.GrpcService (GrpcService.java:startImpl(270)) - om1: GrpcService started, listening on 9872
2022-11-08 06:33:17,608 [Listener at 127.0.0.1/39611] INFO  om.OzoneManager (OzoneManager.java:start(1501)) - Version File has different layout version (3) than OM DB (null). That is expected if this OM has never been finalized to a newer layout version.
2022-11-08 06:33:17,608 [JvmPauseMonitor7] INFO  util.JvmPauseMonitor (JvmPauseMonitor.java:run(105)) - JvmPauseMonitor-om1: Started
2022-11-08 06:33:17,615 [Listener at 127.0.0.1/39611] INFO  http.BaseHttpServer (BaseHttpServer.java:newHttpServer2BuilderForOzone(213)) - Starting Web-server for ozoneManager at: http://0.0.0.0:0
2022-11-08 06:33:17,616 [Listener at 127.0.0.1/39611] INFO  http.BaseHttpServer (BaseHttpServer.java:<init>(108)) - Hadoop Security Enabled: false Ozone Security Enabled: false Ozone HTTP Security Enabled: false 
2022-11-08 06:33:17,617 [Listener at 127.0.0.1/39611] WARN  server.AuthenticationFilter (AuthenticationFilter.java:constructSecretProvider(240)) - Unable to initialize FileSignerSecretProvider, falling back to use random secrets. Reason: Could not read signature secret file: /home/runner/hadoop-http-auth-signature-secret
2022-11-08 06:33:17,621 [Listener at 127.0.0.1/39611] WARN  http.HttpRequestLog (HttpRequestLog.java:getRequestLog(103)) - Jetty request log can only be enabled using Log4j
2022-11-08 06:33:17,623 [Listener at 127.0.0.1/39611] INFO  http.HttpServer2 (HttpServer2.java:addGlobalFilter(1031)) - Added global filter 'safety' (class=org.apache.hadoop.hdds.server.http.HttpServer2$QuotingInputFilter)
2022-11-08 06:33:17,624 [Listener at 127.0.0.1/39611] INFO  http.HttpServer2 (HttpServer2.java:addFilter(1007)) - Added filter static_user_filter (class=org.apache.hadoop.http.lib.StaticUserWebFilter$StaticUserFilter) to context ozoneManager
2022-11-08 06:33:17,624 [Listener at 127.0.0.1/39611] INFO  http.HttpServer2 (HttpServer2.java:addFilter(1015)) - Added filter static_user_filter (class=org.apache.hadoop.http.lib.StaticUserWebFilter$StaticUserFilter) to context logs
2022-11-08 06:33:17,624 [Listener at 127.0.0.1/39611] INFO  http.HttpServer2 (HttpServer2.java:addFilter(1015)) - Added filter static_user_filter (class=org.apache.hadoop.http.lib.StaticUserWebFilter$StaticUserFilter) to context static
2022-11-08 06:33:17,625 [Listener at 127.0.0.1/39611] INFO  http.HttpServer2 (HttpServer2.java:bindListener(1250)) - Jetty bound to port 33303
2022-11-08 06:33:17,625 [Listener at 127.0.0.1/39611] INFO  server.Server (Server.java:doStart(375)) - jetty-9.4.49.v20220914; built: 2022-09-14T01:07:36.601Z; git: 4231a3b2e4cb8548a412a789936d640a97b1aa0a; jvm 1.8.0_345-b01
2022-11-08 06:33:17,632 [Listener at 127.0.0.1/39611] INFO  server.session (DefaultSessionIdManager.java:doStart(334)) - DefaultSessionIdManager workerName=node0
2022-11-08 06:33:17,632 [Listener at 127.0.0.1/39611] INFO  server.session (DefaultSessionIdManager.java:doStart(339)) - No SessionScavenger set, using defaults
2022-11-08 06:33:17,633 [Listener at 127.0.0.1/39611] INFO  server.session (HouseKeeper.java:startScavenging(132)) - node0 Scavenging every 600000ms
2022-11-08 06:33:17,634 [Listener at 127.0.0.1/39611] INFO  handler.ContextHandler (ContextHandler.java:doStart(921)) - Started o.e.j.s.ServletContextHandler@6dc9e869{logs,/logs,file:///home/runner/work/ozone/ozone/hadoop-ozone/integration-test/target/log,AVAILABLE}
2022-11-08 06:33:17,634 [Listener at 127.0.0.1/39611] INFO  handler.ContextHandler (ContextHandler.java:doStart(921)) - Started o.e.j.s.ServletContextHandler@32f5a26b{static,/static,file:///home/runner/work/ozone/ozone/hadoop-ozone/integration-test/target/test-classes/webapps/static,AVAILABLE}
2022-11-08 06:33:17,641 [Listener at 127.0.0.1/39611] INFO  handler.ContextHandler (ContextHandler.java:doStart(921)) - Started o.e.j.w.WebAppContext@2495d489{ozoneManager,/,file:///home/runner/work/ozone/ozone/hadoop-ozone/integration-test/target/test-classes/webapps/ozoneManager/,AVAILABLE}{file:/home/runner/work/ozone/ozone/hadoop-ozone/integration-test/target/test-classes/webapps/ozoneManager}
2022-11-08 06:33:17,643 [Listener at 127.0.0.1/39611] INFO  server.AbstractConnector (AbstractConnector.java:doStart(333)) - Started ServerConnector@2e191007{HTTP/1.1, (http/1.1)}{0.0.0.0:33303}
2022-11-08 06:33:17,643 [Listener at 127.0.0.1/39611] INFO  server.Server (Server.java:doStart(415)) - Started @96640ms
2022-11-08 06:33:17,643 [Listener at 127.0.0.1/39611] WARN  impl.MetricsSystemImpl (MetricsSystemImpl.java:register(279)) - Sink prometheus already exists!
2022-11-08 06:33:17,644 [Listener at 127.0.0.1/39611] INFO  http.BaseHttpServer (BaseHttpServer.java:updateConnectorAddress(333)) - HTTP server of ozoneManager listening at http://0.0.0.0:33303
2022-11-08 06:33:17,644 [IPC Server Responder] INFO  ipc.Server (Server.java:run(1512)) - IPC Server Responder: starting
2022-11-08 06:33:17,649 [IPC Server listener on 0] INFO  ipc.Server (Server.java:run(1352)) - IPC Server listener on 0: starting
2022-11-08 06:33:17,656 [Listener at 127.0.0.1/39611] INFO  om.OzoneManager (OzoneManager.java:startTrashEmptier(1922)) - Trash Interval set to 0. Files deleted won't move to trash
2022-11-08 06:33:17,671 [org.apache.hadoop.util.JvmPauseMonitor$Monitor@175c25dd] INFO  util.JvmPauseMonitor (JvmPauseMonitor.java:run(188)) - Starting JVM pause monitor
2022-11-08 06:33:17,673 [Listener at 127.0.0.1/39611] WARN  impl.MetricRegistriesImpl (MetricRegistriesImpl.java:addReporterRegistration(111)) - New reporters are added after registries were created. Some metrics will be missing from the reporter. Please add reporter before adding any new registry.
2022-11-08 06:33:17,674 [Listener at 127.0.0.1/39611] WARN  impl.MetricRegistriesImpl (MetricRegistriesImpl.java:addReporterRegistration(111)) - New reporters are added after registries were created. Some metrics will be missing from the reporter. Please add reporter before adding any new registry.
2022-11-08 06:33:17,674 [Listener at 127.0.0.1/39611] INFO  impl.MetricsSystemImpl (MetricsSystemImpl.java:init(158)) - HddsDatanode metrics system started (again)
2022-11-08 06:33:17,688 [Listener at 127.0.0.1/39611] INFO  ozone.HddsDatanodeService (HddsDatanodeService.java:start(236)) - HddsDatanodeService host:fv-az220-111.shdwizndlbjulinwhzhdmup5sb.jx.internal.cloudapp.net ip:10.1.0.244
2022-11-08 06:33:17,715 [Listener at 127.0.0.1/39611] INFO  upgrade.AbstractLayoutVersionManager (AbstractLayoutVersionManager.java:init(83)) - Initializing Layout version manager with metadata layout = DATANODE_SCHEMA_V3 (version = 4), software layout = DATANODE_SCHEMA_V3 (version = 4)
2022-11-08 06:33:17,767 [Listener at 127.0.0.1/39611] INFO  reflections.Reflections (Reflections.java:scan(232)) - Reflections took 51 ms to scan 7 urls, producing 139 keys and 336 values 
2022-11-08 06:33:17,768 [Listener at 127.0.0.1/39611] INFO  statemachine.DatanodeStateMachine (DatanodeStateMachine.java:getEndPointTaskThreadPoolSize(245)) - Datanode State Machine Task Thread Pool size 2
2022-11-08 06:33:17,771 [Listener at 127.0.0.1/39611] INFO  volume.HddsVolume (HddsVolume.java:<init>(117)) - Creating HddsVolume: /home/runner/work/ozone/ozone/hadoop-ozone/integration-test/target/test-dir/MiniOzoneClusterImpl-b4f26986-4eb4-4ecd-9efe-6fbc1efd26b6/datanode-0/data-0/containers/hdds of storage type : DISK capacity : 9223372036854775807
2022-11-08 06:33:17,771 [Listener at 127.0.0.1/39611] INFO  volume.MutableVolumeSet (MutableVolumeSet.java:initializeVolumeSet(174)) - Added Volume : /home/runner/work/ozone/ozone/hadoop-ozone/integration-test/target/test-dir/MiniOzoneClusterImpl-b4f26986-4eb4-4ecd-9efe-6fbc1efd26b6/datanode-0/data-0/containers/hdds to VolumeSet
2022-11-08 06:33:17,771 [Listener at 127.0.0.1/39611] INFO  volume.ThrottledAsyncChecker (ThrottledAsyncChecker.java:schedule(141)) - Scheduling a check for /home/runner/work/ozone/ozone/hadoop-ozone/integration-test/target/test-dir/MiniOzoneClusterImpl-b4f26986-4eb4-4ecd-9efe-6fbc1efd26b6/datanode-0/data-0/containers/hdds
2022-11-08 06:33:17,779 [Listener at 127.0.0.1/39611] INFO  volume.StorageVolumeChecker (StorageVolumeChecker.java:checkAllVolumes(202)) - Scheduled health check for volume /home/runner/work/ozone/ozone/hadoop-ozone/integration-test/target/test-dir/MiniOzoneClusterImpl-b4f26986-4eb4-4ecd-9efe-6fbc1efd26b6/datanode-0/data-0/containers/hdds
2022-11-08 06:33:17,792 [Listener at 127.0.0.1/39611] INFO  volume.MutableVolumeSet (MutableVolumeSet.java:initializeVolumeSet(174)) - Added Volume : /home/runner/work/ozone/ozone/hadoop-ozone/integration-test/target/test-dir/MiniOzoneClusterImpl-b4f26986-4eb4-4ecd-9efe-6fbc1efd26b6/datanode-0/data/ratis to VolumeSet
2022-11-08 06:33:17,792 [Listener at 127.0.0.1/39611] INFO  volume.ThrottledAsyncChecker (ThrottledAsyncChecker.java:schedule(141)) - Scheduling a check for /home/runner/work/ozone/ozone/hadoop-ozone/integration-test/target/test-dir/MiniOzoneClusterImpl-b4f26986-4eb4-4ecd-9efe-6fbc1efd26b6/datanode-0/data/ratis
2022-11-08 06:33:17,792 [Listener at 127.0.0.1/39611] INFO  volume.StorageVolumeChecker (StorageVolumeChecker.java:checkAllVolumes(202)) - Scheduled health check for volume /home/runner/work/ozone/ozone/hadoop-ozone/integration-test/target/test-dir/MiniOzoneClusterImpl-b4f26986-4eb4-4ecd-9efe-6fbc1efd26b6/datanode-0/data/ratis
2022-11-08 06:33:17,804 [Thread-573] INFO  ozoneimpl.ContainerReader (ContainerReader.java:readVolume(175)) - Finish verifying containers on volume /home/runner/work/ozone/ozone/hadoop-ozone/integration-test/target/test-dir/MiniOzoneClusterImpl-b4f26986-4eb4-4ecd-9efe-6fbc1efd26b6/datanode-0/data-0/containers/hdds
2022-11-08 06:33:17,804 [Listener at 127.0.0.1/39611] INFO  ozoneimpl.OzoneContainer (OzoneContainer.java:buildContainerSet(300)) - Build ContainerSet costs 0s
2022-11-08 06:33:17,806 [Listener at 127.0.0.1/39611] INFO  server.RaftServer (ConfUtils.java:logGet(46)) - raft.rpc.type = GRPC (default)
2022-11-08 06:33:17,807 [Listener at 127.0.0.1/39611] INFO  grpc.GrpcConfigKeys (ConfUtils.java:logFallback(53)) - raft.grpc.admin.host = null (fallback to raft.grpc.server.host)
2022-11-08 06:33:17,807 [Listener at 127.0.0.1/39611] INFO  grpc.GrpcConfigKeys (ConfUtils.java:logGet(46)) - raft.grpc.admin.port = 0 (custom)
2022-11-08 06:33:17,807 [Listener at 127.0.0.1/39611] INFO  grpc.GrpcConfigKeys (ConfUtils.java:logFallback(53)) - raft.grpc.client.host = null (fallback to raft.grpc.server.host)
2022-11-08 06:33:17,807 [Listener at 127.0.0.1/39611] INFO  grpc.GrpcConfigKeys (ConfUtils.java:logGet(46)) - raft.grpc.client.port = 0 (custom)
2022-11-08 06:33:17,807 [Listener at 127.0.0.1/39611] INFO  grpc.GrpcConfigKeys (ConfUtils.java:logGet(46)) - raft.grpc.server.host = null (default)
2022-11-08 06:33:17,807 [Listener at 127.0.0.1/39611] INFO  grpc.GrpcConfigKeys (ConfUtils.java:logGet(46)) - raft.grpc.server.port = 0 (default)
2022-11-08 06:33:17,807 [Listener at 127.0.0.1/39611] INFO  server.GrpcService (ConfUtils.java:logGet(46)) - raft.grpc.message.size.max = 32MB (=33554432) (custom)
2022-11-08 06:33:17,808 [Listener at 127.0.0.1/39611] INFO  server.RaftServerConfigKeys (ConfUtils.java:logGet(46)) - raft.server.log.appender.buffer.byte-limit = 33554432 (custom)
2022-11-08 06:33:17,808 [Listener at 127.0.0.1/39611] INFO  server.GrpcService (ConfUtils.java:logGet(46)) - raft.grpc.flow.control.window = 5MB (=5242880) (custom)
2022-11-08 06:33:17,808 [Listener at 127.0.0.1/39611] INFO  server.RaftServerConfigKeys (ConfUtils.java:logGet(46)) - raft.server.rpc.request.timeout = 60s (custom)
2022-11-08 06:33:17,808 [Listener at 127.0.0.1/39611] INFO  grpc.GrpcConfigKeys (ConfUtils.java:logGet(46)) - raft.grpc.server.heartbeat.channel = true (default)
2022-11-08 06:33:17,808 [Listener at 127.0.0.1/39611] INFO  grpc.GrpcConfigKeys (ConfUtils.java:logGet(46)) - raft.grpc.server.async.request.thread.pool.cached = true (default)
2022-11-08 06:33:17,808 [Listener at 127.0.0.1/39611] INFO  grpc.GrpcConfigKeys (ConfUtils.java:logGet(46)) - raft.grpc.server.async.request.thread.pool.size = 32 (default)
2022-11-08 06:33:17,809 [Listener at 127.0.0.1/39611] INFO  impl.DataStreamServerImpl (ConfUtils.java:logGet(46)) - raft.datastream.type = DISABLED (default)
2022-11-08 06:33:17,810 [Listener at 127.0.0.1/39611] INFO  server.RaftServerConfigKeys (ConfUtils.java:logGet(46)) - raft.server.threadpool.proxy.cached = true (default)
2022-11-08 06:33:17,810 [Listener at 127.0.0.1/39611] INFO  server.RaftServerConfigKeys (ConfUtils.java:logGet(46)) - raft.server.threadpool.proxy.size = 0 (default)
2022-11-08 06:33:17,810 [Listener at 127.0.0.1/39611] INFO  server.RaftServerConfigKeys (ConfUtils.java:logGet(46)) - raft.server.rpc.slowness.timeout = 300s (custom)
2022-11-08 06:33:17,810 [Listener at 127.0.0.1/39611] INFO  server.RaftServerConfigKeys (ConfUtils.java:logGet(46)) - raft.server.leaderelection.leader.step-down.wait-time = 10s (default)
2022-11-08 06:33:17,810 [Listener at 127.0.0.1/39611] INFO  server.RaftServerConfigKeys (ConfUtils.java:logGet(46)) - raft.server.storage.dir = [/home/runner/work/ozone/ozone/hadoop-ozone/integration-test/target/test-dir/MiniOzoneClusterImpl-b4f26986-4eb4-4ecd-9efe-6fbc1efd26b6/datanode-0/data/ratis] (custom)
2022-11-08 06:33:17,812 [Listener at 127.0.0.1/39611] INFO  server.XceiverServerGrpc (XceiverServerGrpc.java:<init>(132)) - GrpcServer channel type EpollServerSocketChannel
2022-11-08 06:33:17,815 [Listener at 127.0.0.1/39611] INFO  http.BaseHttpServer (BaseHttpServer.java:newHttpServer2BuilderForOzone(213)) - Starting Web-server for hddsDatanode at: http://0.0.0.0:0
2022-11-08 06:33:17,815 [Listener at 127.0.0.1/39611] INFO  http.BaseHttpServer (BaseHttpServer.java:<init>(108)) - Hadoop Security Enabled: false Ozone Security Enabled: false Ozone HTTP Security Enabled: false 
2022-11-08 06:33:17,816 [Listener at 127.0.0.1/39611] WARN  server.AuthenticationFilter (AuthenticationFilter.java:constructSecretProvider(240)) - Unable to initialize FileSignerSecretProvider, falling back to use random secrets. Reason: Could not read signature secret file: /home/runner/hadoop-http-auth-signature-secret
2022-11-08 06:33:17,817 [Listener at 127.0.0.1/39611] WARN  http.HttpRequestLog (HttpRequestLog.java:getRequestLog(103)) - Jetty request log can only be enabled using Log4j
2022-11-08 06:33:17,818 [Listener at 127.0.0.1/39611] INFO  http.HttpServer2 (HttpServer2.java:addGlobalFilter(1031)) - Added global filter 'safety' (class=org.apache.hadoop.hdds.server.http.HttpServer2$QuotingInputFilter)
2022-11-08 06:33:17,819 [Listener at 127.0.0.1/39611] INFO  http.HttpServer2 (HttpServer2.java:addFilter(1007)) - Added filter static_user_filter (class=org.apache.hadoop.http.lib.StaticUserWebFilter$StaticUserFilter) to context hddsDatanode
2022-11-08 06:33:17,819 [Listener at 127.0.0.1/39611] INFO  http.HttpServer2 (HttpServer2.java:addFilter(1015)) - Added filter static_user_filter (class=org.apache.hadoop.http.lib.StaticUserWebFilter$StaticUserFilter) to context static
2022-11-08 06:33:17,819 [Listener at 127.0.0.1/39611] INFO  http.HttpServer2 (HttpServer2.java:addFilter(1015)) - Added filter static_user_filter (class=org.apache.hadoop.http.lib.StaticUserWebFilter$StaticUserFilter) to context logs
2022-11-08 06:33:17,820 [Listener at 127.0.0.1/39611] INFO  http.HttpServer2 (HttpServer2.java:bindListener(1250)) - Jetty bound to port 40277
2022-11-08 06:33:17,820 [Listener at 127.0.0.1/39611] INFO  server.Server (Server.java:doStart(375)) - jetty-9.4.49.v20220914; built: 2022-09-14T01:07:36.601Z; git: 4231a3b2e4cb8548a412a789936d640a97b1aa0a; jvm 1.8.0_345-b01
2022-11-08 06:33:17,845 [Listener at 127.0.0.1/39611] INFO  server.session (DefaultSessionIdManager.java:doStart(334)) - DefaultSessionIdManager workerName=node0
2022-11-08 06:33:17,846 [Listener at 127.0.0.1/39611] INFO  server.session (DefaultSessionIdManager.java:doStart(339)) - No SessionScavenger set, using defaults
2022-11-08 06:33:17,846 [Listener at 127.0.0.1/39611] INFO  server.session (HouseKeeper.java:startScavenging(132)) - node0 Scavenging every 660000ms
2022-11-08 06:33:17,850 [Listener at 127.0.0.1/39611] INFO  handler.ContextHandler (ContextHandler.java:doStart(921)) - Started o.e.j.s.ServletContextHandler@39e723da{logs,/logs,file:///home/runner/work/ozone/ozone/hadoop-ozone/integration-test/target/log,AVAILABLE}
2022-11-08 06:33:17,850 [Listener at 127.0.0.1/39611] INFO  handler.ContextHandler (ContextHandler.java:doStart(921)) - Started o.e.j.s.ServletContextHandler@26b730f3{static,/static,jar:file:/home/runner/.m2/repository/org/apache/ozone/hdds-container-service/1.3.0-SNAPSHOT/hdds-container-service-1.3.0-SNAPSHOT.jar!/webapps/static,AVAILABLE}
2022-11-08 06:33:18,039 [Listener at 127.0.0.1/39611] INFO  handler.ContextHandler (ContextHandler.java:doStart(921)) - Started o.e.j.w.WebAppContext@76991b36{hddsDatanode,/,file:///tmp/jetty-0_0_0_0-40277-hdds-container-service-1_3_0-SNAPSHOT_jar-_-any-8985335893830295307/webapp/,AVAILABLE}{jar:file:/home/runner/.m2/repository/org/apache/ozone/hdds-container-service/1.3.0-SNAPSHOT/hdds-container-service-1.3.0-SNAPSHOT.jar!/webapps/hddsDatanode}
2022-11-08 06:33:18,041 [Listener at 127.0.0.1/39611] INFO  server.AbstractConnector (AbstractConnector.java:doStart(333)) - Started ServerConnector@565e0e8f{HTTP/1.1, (http/1.1)}{0.0.0.0:40277}
2022-11-08 06:33:18,041 [Listener at 127.0.0.1/39611] INFO  server.Server (Server.java:doStart(415)) - Started @97038ms
2022-11-08 06:33:18,041 [Listener at 127.0.0.1/39611] WARN  impl.MetricsSystemImpl (MetricsSystemImpl.java:register(279)) - Sink prometheus already exists!
2022-11-08 06:33:18,042 [Listener at 127.0.0.1/39611] INFO  http.BaseHttpServer (BaseHttpServer.java:updateConnectorAddress(333)) - HTTP server of hddsDatanode listening at http://0.0.0.0:40277
2022-11-08 06:33:18,045 [Listener at 127.0.0.1/39611] WARN  impl.MetricRegistriesImpl (MetricRegistriesImpl.java:addReporterRegistration(111)) - New reporters are added after registries were created. Some metrics will be missing from the reporter. Please add reporter before adding any new registry.
2022-11-08 06:33:18,046 [Listener at 127.0.0.1/39611] WARN  impl.MetricRegistriesImpl (MetricRegistriesImpl.java:addReporterRegistration(111)) - New reporters are added after registries were created. Some metrics will be missing from the reporter. Please add reporter before adding any new registry.
2022-11-08 06:33:18,046 [Listener at 127.0.0.1/39611] INFO  impl.MetricsSystemImpl (MetricsSystemImpl.java:init(158)) - HddsDatanode metrics system started (again)
2022-11-08 06:33:18,049 [Datanode State Machine Daemon Thread] INFO  statemachine.DatanodeStateMachine (DatanodeStateMachine.java:lambda$startDaemon$0(505)) - Ozone container server started.
2022-11-08 06:33:18,072 [Listener at 127.0.0.1/39611] INFO  ozone.HddsDatanodeService (HddsDatanodeService.java:start(236)) - HddsDatanodeService host:fv-az220-111.shdwizndlbjulinwhzhdmup5sb.jx.internal.cloudapp.net ip:10.1.0.244
2022-11-08 06:33:18,073 [org.apache.hadoop.util.JvmPauseMonitor$Monitor@386bdf98] INFO  util.JvmPauseMonitor (JvmPauseMonitor.java:run(188)) - Starting JVM pause monitor
2022-11-08 06:33:18,084 [Datanode State Machine Task Thread - 0] INFO  datanode.InitDatanodeState (InitDatanodeState.java:persistContainerDatanodeDetails(138)) - DatanodeDetails is persisted to /home/runner/work/ozone/ozone/hadoop-ozone/integration-test/target/test-dir/MiniOzoneClusterImpl-b4f26986-4eb4-4ecd-9efe-6fbc1efd26b6/datanode-0/meta/datanode.id
2022-11-08 06:33:18,106 [Listener at 127.0.0.1/39611] INFO  upgrade.AbstractLayoutVersionManager (AbstractLayoutVersionManager.java:init(83)) - Initializing Layout version manager with metadata layout = DATANODE_SCHEMA_V3 (version = 4), software layout = DATANODE_SCHEMA_V3 (version = 4)
2022-11-08 06:33:18,157 [Listener at 127.0.0.1/39611] INFO  reflections.Reflections (Reflections.java:scan(232)) - Reflections took 49 ms to scan 7 urls, producing 139 keys and 336 values 
2022-11-08 06:33:18,159 [Listener at 127.0.0.1/39611] INFO  statemachine.DatanodeStateMachine (DatanodeStateMachine.java:getEndPointTaskThreadPoolSize(245)) - Datanode State Machine Task Thread Pool size 2
2022-11-08 06:33:18,161 [Listener at 127.0.0.1/39611] INFO  volume.HddsVolume (HddsVolume.java:<init>(117)) - Creating HddsVolume: /home/runner/work/ozone/ozone/hadoop-ozone/integration-test/target/test-dir/MiniOzoneClusterImpl-b4f26986-4eb4-4ecd-9efe-6fbc1efd26b6/datanode-1/data-0/containers/hdds of storage type : DISK capacity : 9223372036854775807
2022-11-08 06:33:18,161 [Listener at 127.0.0.1/39611] INFO  volume.MutableVolumeSet (MutableVolumeSet.java:initializeVolumeSet(174)) - Added Volume : /home/runner/work/ozone/ozone/hadoop-ozone/integration-test/target/test-dir/MiniOzoneClusterImpl-b4f26986-4eb4-4ecd-9efe-6fbc1efd26b6/datanode-1/data-0/containers/hdds to VolumeSet
2022-11-08 06:33:18,161 [Listener at 127.0.0.1/39611] INFO  volume.ThrottledAsyncChecker (ThrottledAsyncChecker.java:schedule(141)) - Scheduling a check for /home/runner/work/ozone/ozone/hadoop-ozone/integration-test/target/test-dir/MiniOzoneClusterImpl-b4f26986-4eb4-4ecd-9efe-6fbc1efd26b6/datanode-1/data-0/containers/hdds
2022-11-08 06:33:18,169 [Listener at 127.0.0.1/39611] INFO  volume.StorageVolumeChecker (StorageVolumeChecker.java:checkAllVolumes(202)) - Scheduled health check for volume /home/runner/work/ozone/ozone/hadoop-ozone/integration-test/target/test-dir/MiniOzoneClusterImpl-b4f26986-4eb4-4ecd-9efe-6fbc1efd26b6/datanode-1/data-0/containers/hdds
2022-11-08 06:33:18,183 [Listener at 127.0.0.1/39611] INFO  volume.MutableVolumeSet (MutableVolumeSet.java:initializeVolumeSet(174)) - Added Volume : /home/runner/work/ozone/ozone/hadoop-ozone/integration-test/target/test-dir/MiniOzoneClusterImpl-b4f26986-4eb4-4ecd-9efe-6fbc1efd26b6/datanode-1/data/ratis to VolumeSet
2022-11-08 06:33:18,183 [Listener at 127.0.0.1/39611] INFO  volume.ThrottledAsyncChecker (ThrottledAsyncChecker.java:schedule(141)) - Scheduling a check for /home/runner/work/ozone/ozone/hadoop-ozone/integration-test/target/test-dir/MiniOzoneClusterImpl-b4f26986-4eb4-4ecd-9efe-6fbc1efd26b6/datanode-1/data/ratis
2022-11-08 06:33:18,183 [Listener at 127.0.0.1/39611] INFO  volume.StorageVolumeChecker (StorageVolumeChecker.java:checkAllVolumes(202)) - Scheduled health check for volume /home/runner/work/ozone/ozone/hadoop-ozone/integration-test/target/test-dir/MiniOzoneClusterImpl-b4f26986-4eb4-4ecd-9efe-6fbc1efd26b6/datanode-1/data/ratis
2022-11-08 06:33:18,205 [Thread-586] INFO  ozoneimpl.ContainerReader (ContainerReader.java:readVolume(175)) - Finish verifying containers on volume /home/runner/work/ozone/ozone/hadoop-ozone/integration-test/target/test-dir/MiniOzoneClusterImpl-b4f26986-4eb4-4ecd-9efe-6fbc1efd26b6/datanode-1/data-0/containers/hdds
2022-11-08 06:33:18,205 [Listener at 127.0.0.1/39611] INFO  ozoneimpl.OzoneContainer (OzoneContainer.java:buildContainerSet(300)) - Build ContainerSet costs 0s
2022-11-08 06:33:18,208 [Listener at 127.0.0.1/39611] INFO  server.RaftServer (ConfUtils.java:logGet(46)) - raft.rpc.type = GRPC (default)
2022-11-08 06:33:18,208 [Listener at 127.0.0.1/39611] INFO  grpc.GrpcConfigKeys (ConfUtils.java:logFallback(53)) - raft.grpc.admin.host = null (fallback to raft.grpc.server.host)
2022-11-08 06:33:18,208 [Listener at 127.0.0.1/39611] INFO  grpc.GrpcConfigKeys (ConfUtils.java:logGet(46)) - raft.grpc.admin.port = 0 (custom)
2022-11-08 06:33:18,209 [Listener at 127.0.0.1/39611] INFO  grpc.GrpcConfigKeys (ConfUtils.java:logFallback(53)) - raft.grpc.client.host = null (fallback to raft.grpc.server.host)
2022-11-08 06:33:18,209 [Listener at 127.0.0.1/39611] INFO  grpc.GrpcConfigKeys (ConfUtils.java:logGet(46)) - raft.grpc.client.port = 0 (custom)
2022-11-08 06:33:18,209 [Listener at 127.0.0.1/39611] INFO  grpc.GrpcConfigKeys (ConfUtils.java:logGet(46)) - raft.grpc.server.host = null (default)
2022-11-08 06:33:18,209 [Listener at 127.0.0.1/39611] INFO  grpc.GrpcConfigKeys (ConfUtils.java:logGet(46)) - raft.grpc.server.port = 0 (default)
2022-11-08 06:33:18,209 [Listener at 127.0.0.1/39611] INFO  server.GrpcService (ConfUtils.java:logGet(46)) - raft.grpc.message.size.max = 32MB (=33554432) (custom)
2022-11-08 06:33:18,209 [Listener at 127.0.0.1/39611] INFO  server.RaftServerConfigKeys (ConfUtils.java:logGet(46)) - raft.server.log.appender.buffer.byte-limit = 33554432 (custom)
2022-11-08 06:33:18,210 [Listener at 127.0.0.1/39611] INFO  server.GrpcService (ConfUtils.java:logGet(46)) - raft.grpc.flow.control.window = 5MB (=5242880) (custom)
2022-11-08 06:33:18,210 [Listener at 127.0.0.1/39611] INFO  server.RaftServerConfigKeys (ConfUtils.java:logGet(46)) - raft.server.rpc.request.timeout = 60s (custom)
2022-11-08 06:33:18,210 [Listener at 127.0.0.1/39611] INFO  grpc.GrpcConfigKeys (ConfUtils.java:logGet(46)) - raft.grpc.server.heartbeat.channel = true (default)
2022-11-08 06:33:18,210 [Listener at 127.0.0.1/39611] INFO  grpc.GrpcConfigKeys (ConfUtils.java:logGet(46)) - raft.grpc.server.async.request.thread.pool.cached = true (default)
2022-11-08 06:33:18,210 [Listener at 127.0.0.1/39611] INFO  grpc.GrpcConfigKeys (ConfUtils.java:logGet(46)) - raft.grpc.server.async.request.thread.pool.size = 32 (default)
2022-11-08 06:33:18,211 [Listener at 127.0.0.1/39611] INFO  impl.DataStreamServerImpl (ConfUtils.java:logGet(46)) - raft.datastream.type = DISABLED (default)
2022-11-08 06:33:18,211 [Listener at 127.0.0.1/39611] INFO  server.RaftServerConfigKeys (ConfUtils.java:logGet(46)) - raft.server.threadpool.proxy.cached = true (default)
2022-11-08 06:33:18,212 [Listener at 127.0.0.1/39611] INFO  server.RaftServerConfigKeys (ConfUtils.java:logGet(46)) - raft.server.threadpool.proxy.size = 0 (default)
2022-11-08 06:33:18,212 [Listener at 127.0.0.1/39611] INFO  server.RaftServerConfigKeys (ConfUtils.java:logGet(46)) - raft.server.rpc.slowness.timeout = 300s (custom)
2022-11-08 06:33:18,212 [Listener at 127.0.0.1/39611] INFO  server.RaftServerConfigKeys (ConfUtils.java:logGet(46)) - raft.server.leaderelection.leader.step-down.wait-time = 10s (default)
2022-11-08 06:33:18,212 [Listener at 127.0.0.1/39611] INFO  server.RaftServerConfigKeys (ConfUtils.java:logGet(46)) - raft.server.storage.dir = [/home/runner/work/ozone/ozone/hadoop-ozone/integration-test/target/test-dir/MiniOzoneClusterImpl-b4f26986-4eb4-4ecd-9efe-6fbc1efd26b6/datanode-1/data/ratis] (custom)
2022-11-08 06:33:18,214 [Listener at 127.0.0.1/39611] INFO  server.XceiverServerGrpc (XceiverServerGrpc.java:<init>(132)) - GrpcServer channel type EpollServerSocketChannel
2022-11-08 06:33:18,222 [Listener at 127.0.0.1/39611] INFO  http.BaseHttpServer (BaseHttpServer.java:newHttpServer2BuilderForOzone(213)) - Starting Web-server for hddsDatanode at: http://0.0.0.0:0
2022-11-08 06:33:18,222 [Listener at 127.0.0.1/39611] INFO  http.BaseHttpServer (BaseHttpServer.java:<init>(108)) - Hadoop Security Enabled: false Ozone Security Enabled: false Ozone HTTP Security Enabled: false 
2022-11-08 06:33:18,223 [Listener at 127.0.0.1/39611] WARN  server.AuthenticationFilter (AuthenticationFilter.java:constructSecretProvider(240)) - Unable to initialize FileSignerSecretProvider, falling back to use random secrets. Reason: Could not read signature secret file: /home/runner/hadoop-http-auth-signature-secret
2022-11-08 06:33:18,224 [Listener at 127.0.0.1/39611] WARN  http.HttpRequestLog (HttpRequestLog.java:getRequestLog(103)) - Jetty request log can only be enabled using Log4j
2022-11-08 06:33:18,225 [Listener at 127.0.0.1/39611] INFO  http.HttpServer2 (HttpServer2.java:addGlobalFilter(1031)) - Added global filter 'safety' (class=org.apache.hadoop.hdds.server.http.HttpServer2$QuotingInputFilter)
2022-11-08 06:33:18,226 [Listener at 127.0.0.1/39611] INFO  http.HttpServer2 (HttpServer2.java:addFilter(1007)) - Added filter static_user_filter (class=org.apache.hadoop.http.lib.StaticUserWebFilter$StaticUserFilter) to context hddsDatanode
2022-11-08 06:33:18,226 [Listener at 127.0.0.1/39611] INFO  http.HttpServer2 (HttpServer2.java:addFilter(1015)) - Added filter static_user_filter (class=org.apache.hadoop.http.lib.StaticUserWebFilter$StaticUserFilter) to context static
2022-11-08 06:33:18,226 [Listener at 127.0.0.1/39611] INFO  http.HttpServer2 (HttpServer2.java:addFilter(1015)) - Added filter static_user_filter (class=org.apache.hadoop.http.lib.StaticUserWebFilter$StaticUserFilter) to context logs
2022-11-08 06:33:18,227 [Listener at 127.0.0.1/39611] INFO  http.HttpServer2 (HttpServer2.java:bindListener(1250)) - Jetty bound to port 36645
2022-11-08 06:33:18,227 [Listener at 127.0.0.1/39611] INFO  server.Server (Server.java:doStart(375)) - jetty-9.4.49.v20220914; built: 2022-09-14T01:07:36.601Z; git: 4231a3b2e4cb8548a412a789936d640a97b1aa0a; jvm 1.8.0_345-b01
2022-11-08 06:33:18,229 [Listener at 127.0.0.1/39611] INFO  server.session (DefaultSessionIdManager.java:doStart(334)) - DefaultSessionIdManager workerName=node0
2022-11-08 06:33:18,230 [Listener at 127.0.0.1/39611] INFO  server.session (DefaultSessionIdManager.java:doStart(339)) - No SessionScavenger set, using defaults
2022-11-08 06:33:18,230 [Listener at 127.0.0.1/39611] INFO  server.session (HouseKeeper.java:startScavenging(132)) - node0 Scavenging every 660000ms
2022-11-08 06:33:18,231 [Listener at 127.0.0.1/39611] INFO  handler.ContextHandler (ContextHandler.java:doStart(921)) - Started o.e.j.s.ServletContextHandler@60f66861{logs,/logs,file:///home/runner/work/ozone/ozone/hadoop-ozone/integration-test/target/log,AVAILABLE}
2022-11-08 06:33:18,231 [Listener at 127.0.0.1/39611] INFO  handler.ContextHandler (ContextHandler.java:doStart(921)) - Started o.e.j.s.ServletContextHandler@7589a53a{static,/static,jar:file:/home/runner/.m2/repository/org/apache/ozone/hdds-container-service/1.3.0-SNAPSHOT/hdds-container-service-1.3.0-SNAPSHOT.jar!/webapps/static,AVAILABLE}
2022-11-08 06:33:18,438 [Listener at 127.0.0.1/39611] INFO  handler.ContextHandler (ContextHandler.java:doStart(921)) - Started o.e.j.w.WebAppContext@65cb9158{hddsDatanode,/,file:///tmp/jetty-0_0_0_0-36645-hdds-container-service-1_3_0-SNAPSHOT_jar-_-any-5287784161638560697/webapp/,AVAILABLE}{jar:file:/home/runner/.m2/repository/org/apache/ozone/hdds-container-service/1.3.0-SNAPSHOT/hdds-container-service-1.3.0-SNAPSHOT.jar!/webapps/hddsDatanode}
2022-11-08 06:33:18,440 [Listener at 127.0.0.1/39611] INFO  server.AbstractConnector (AbstractConnector.java:doStart(333)) - Started ServerConnector@31524d39{HTTP/1.1, (http/1.1)}{0.0.0.0:36645}
2022-11-08 06:33:18,440 [Listener at 127.0.0.1/39611] INFO  server.Server (Server.java:doStart(415)) - Started @97437ms
2022-11-08 06:33:18,440 [Listener at 127.0.0.1/39611] WARN  impl.MetricsSystemImpl (MetricsSystemImpl.java:register(279)) - Sink prometheus already exists!
2022-11-08 06:33:18,441 [Listener at 127.0.0.1/39611] INFO  http.BaseHttpServer (BaseHttpServer.java:updateConnectorAddress(333)) - HTTP server of hddsDatanode listening at http://0.0.0.0:36645
2022-11-08 06:33:18,442 [Listener at 127.0.0.1/39611] WARN  impl.MetricRegistriesImpl (MetricRegistriesImpl.java:addReporterRegistration(111)) - New reporters are added after registries were created. Some metrics will be missing from the reporter. Please add reporter before adding any new registry.
2022-11-08 06:33:18,442 [Listener at 127.0.0.1/39611] WARN  impl.MetricRegistriesImpl (MetricRegistriesImpl.java:addReporterRegistration(111)) - New reporters are added after registries were created. Some metrics will be missing from the reporter. Please add reporter before adding any new registry.
2022-11-08 06:33:18,442 [Listener at 127.0.0.1/39611] INFO  impl.MetricsSystemImpl (MetricsSystemImpl.java:init(158)) - HddsDatanode metrics system started (again)
2022-11-08 06:33:18,449 [Datanode State Machine Daemon Thread] INFO  statemachine.DatanodeStateMachine (DatanodeStateMachine.java:lambda$startDaemon$0(505)) - Ozone container server started.
2022-11-08 06:33:18,458 [Listener at 127.0.0.1/39611] INFO  ozone.HddsDatanodeService (HddsDatanodeService.java:start(236)) - HddsDatanodeService host:fv-az220-111.shdwizndlbjulinwhzhdmup5sb.jx.internal.cloudapp.net ip:10.1.0.244
2022-11-08 06:33:18,467 [org.apache.hadoop.util.JvmPauseMonitor$Monitor@1ba3196f] INFO  util.JvmPauseMonitor (JvmPauseMonitor.java:run(188)) - Starting JVM pause monitor
2022-11-08 06:33:18,471 [Datanode State Machine Task Thread - 0] INFO  datanode.InitDatanodeState (InitDatanodeState.java:persistContainerDatanodeDetails(138)) - DatanodeDetails is persisted to /home/runner/work/ozone/ozone/hadoop-ozone/integration-test/target/test-dir/MiniOzoneClusterImpl-b4f26986-4eb4-4ecd-9efe-6fbc1efd26b6/datanode-1/meta/datanode.id
2022-11-08 06:33:18,491 [Listener at 127.0.0.1/39611] INFO  upgrade.AbstractLayoutVersionManager (AbstractLayoutVersionManager.java:init(83)) - Initializing Layout version manager with metadata layout = DATANODE_SCHEMA_V3 (version = 4), software layout = DATANODE_SCHEMA_V3 (version = 4)
2022-11-08 06:33:18,776 [om1@group-C5BA1605619E-FollowerState] INFO  impl.FollowerState (FollowerState.java:run(143)) - om1@group-C5BA1605619E-FollowerState: change to CANDIDATE, lastRpcElapsedTime:1177190208ns, electionTimeout:1068ms
2022-11-08 06:33:18,777 [om1@group-C5BA1605619E-FollowerState] INFO  impl.RoleInfo (RoleInfo.java:shutdownFollowerState(110)) - om1: shutdown om1@group-C5BA1605619E-FollowerState
2022-11-08 06:33:18,777 [om1@group-C5BA1605619E-FollowerState] INFO  server.RaftServer$Division (RaftServerImpl.java:setRole(321)) - om1@group-C5BA1605619E: changes role from  FOLLOWER to CANDIDATE at term 0 for changeToCandidate
2022-11-08 06:33:18,777 [om1@group-C5BA1605619E-FollowerState] INFO  server.RaftServerConfigKeys (ConfUtils.java:logGet(46)) - raft.server.leaderelection.pre-vote = false (custom)
2022-11-08 06:33:18,777 [om1@group-C5BA1605619E-FollowerState] INFO  impl.RoleInfo (RoleInfo.java:updateAndGet(139)) - om1: start om1@group-C5BA1605619E-LeaderElection20
2022-11-08 06:33:18,778 [JvmPauseMonitor7] WARN  util.JvmPauseMonitor (JvmPauseMonitor.java:detectPause(126)) - JvmPauseMonitor-om1: Detected pause in JVM or host machine (eg GC): pause of approximately 169157272ns.
GC pool 'PS MarkSweep' had collection(s): count=1 time=175ms
GC pool 'PS Scavenge' had collection(s): count=1 time=77ms
2022-11-08 06:33:18,795 [om1@group-C5BA1605619E-LeaderElection20] INFO  impl.LeaderElection (LeaderElection.java:askForVotes(312)) - om1@group-C5BA1605619E-LeaderElection20 ELECTION round 0: submit vote requests at term 1 for -1: peers:[om1|rpc:localhost:9872|priority:0|startupRole:FOLLOWER]|listeners:[], old=null
2022-11-08 06:33:18,795 [om1@group-C5BA1605619E-LeaderElection20] INFO  impl.LeaderElection (LeaderElection.java:askForVotes(314)) - om1@group-C5BA1605619E-LeaderElection20 ELECTION round 0: result PASSED (term=1)
2022-11-08 06:33:18,795 [om1@group-C5BA1605619E-LeaderElection20] INFO  impl.RoleInfo (RoleInfo.java:shutdownLeaderElection(130)) - om1: shutdown om1@group-C5BA1605619E-LeaderElection20
2022-11-08 06:33:18,795 [om1@group-C5BA1605619E-LeaderElection20] INFO  server.RaftServer$Division (RaftServerImpl.java:setRole(321)) - om1@group-C5BA1605619E: changes role from CANDIDATE to LEADER at term 1 for changeToLeader
2022-11-08 06:33:18,795 [om1@group-C5BA1605619E-LeaderElection20] INFO  server.RaftServer$Division (ServerState.java:setLeader(313)) - om1@group-C5BA1605619E: change Leader from null to om1 at term 1 for becomeLeader, leader elected after 1662ms
2022-11-08 06:33:18,795 [om1@group-C5BA1605619E-LeaderElection20] INFO  server.RaftServerConfigKeys (ConfUtils.java:logGet(46)) - raft.server.staging.catchup.gap = 1000 (default)
2022-11-08 06:33:18,795 [om1@group-C5BA1605619E-LeaderElection20] INFO  server.RaftServerConfigKeys (ConfUtils.java:logGet(46)) - raft.server.write.element-limit = 4096 (default)
2022-11-08 06:33:18,795 [om1@group-C5BA1605619E-LeaderElection20] INFO  server.RaftServerConfigKeys (ConfUtils.java:logGet(46)) - raft.server.write.byte-limit = 64MB (=67108864) (default)
2022-11-08 06:33:18,796 [om1@group-C5BA1605619E-LeaderElection20] INFO  server.RaftServerConfigKeys (ConfUtils.java:logGet(46)) - raft.server.watch.timeout = 10s (default)
2022-11-08 06:33:18,796 [om1@group-C5BA1605619E-LeaderElection20] INFO  server.RaftServerConfigKeys (ConfUtils.java:logGet(46)) - raft.server.watch.timeout.denomination = 1s (default)
2022-11-08 06:33:18,796 [om1@group-C5BA1605619E-LeaderElection20] INFO  server.RaftServerConfigKeys (ConfUtils.java:logGet(46)) - raft.server.watch.element-limit = 65536 (default)
2022-11-08 06:33:18,796 [om1@group-C5BA1605619E-LeaderElection20] INFO  server.RaftServerConfigKeys (ConfUtils.java:logGet(46)) - raft.server.write.element-limit = 4096 (default)
2022-11-08 06:33:18,797 [om1@group-C5BA1605619E-LeaderElection20] INFO  server.RaftServerConfigKeys (ConfUtils.java:logGet(46)) - raft.server.write.follower.gap.ratio.max = -1.0 (default)
2022-11-08 06:33:18,797 [om1@group-C5BA1605619E-LeaderElection20] INFO  impl.RoleInfo (RoleInfo.java:updateAndGet(139)) - om1: start om1@group-C5BA1605619E-LeaderStateImpl
2022-11-08 06:33:18,797 [om1@group-C5BA1605619E-LeaderElection20] INFO  segmented.SegmentedRaftLogWorker (SegmentedRaftLogWorker.java:startLogSegment(452)) - om1@group-C5BA1605619E-SegmentedRaftLogWorker: Starting segment from index:0
2022-11-08 06:33:18,816 [om1@group-C5BA1605619E-LeaderElection20] INFO  server.RaftServer$Division (ServerState.java:setRaftConf(430)) - om1@group-C5BA1605619E: set configuration 0: peers:[om1|rpc:localhost:9872|admin:|client:|dataStream:|priority:0|startupRole:FOLLOWER]|listeners:[], old=null
2022-11-08 06:33:18,817 [om1@group-C5BA1605619E-SegmentedRaftLogWorker] INFO  segmented.SegmentedRaftLogWorker (SegmentedRaftLogWorker.java:execute(656)) - om1@group-C5BA1605619E-SegmentedRaftLogWorker: created new log segment /home/runner/work/ozone/ozone/hadoop-ozone/integration-test/target/test-dir/MiniOzoneClusterImpl-b4f26986-4eb4-4ecd-9efe-6fbc1efd26b6/ozone-meta/ratis/bf265839-605b-3f16-9796-c5ba1605619e/current/log_inprogress_0
2022-11-08 06:33:18,819 [om1@group-C5BA1605619E-StateMachineUpdater] INFO  ratis.OzoneManagerStateMachine (OzoneManagerStateMachine.java:notifyConfigurationChanged(192)) - Received Configuration change notification from Ratis. New Peer list:
[id: "om1"
address: "localhost:9872"
startupRole: FOLLOWER
]
2022-11-08 06:33:18,825 [Listener at 127.0.0.1/39611] INFO  reflections.Reflections (Reflections.java:scan(232)) - Reflections took 332 ms to scan 7 urls, producing 139 keys and 336 values 
2022-11-08 06:33:18,826 [Listener at 127.0.0.1/39611] INFO  statemachine.DatanodeStateMachine (DatanodeStateMachine.java:getEndPointTaskThreadPoolSize(245)) - Datanode State Machine Task Thread Pool size 2
2022-11-08 06:33:18,828 [Listener at 127.0.0.1/39611] INFO  volume.HddsVolume (HddsVolume.java:<init>(117)) - Creating HddsVolume: /home/runner/work/ozone/ozone/hadoop-ozone/integration-test/target/test-dir/MiniOzoneClusterImpl-b4f26986-4eb4-4ecd-9efe-6fbc1efd26b6/datanode-2/data-0/containers/hdds of storage type : DISK capacity : 9223372036854775807
2022-11-08 06:33:18,829 [Listener at 127.0.0.1/39611] INFO  volume.MutableVolumeSet (MutableVolumeSet.java:initializeVolumeSet(174)) - Added Volume : /home/runner/work/ozone/ozone/hadoop-ozone/integration-test/target/test-dir/MiniOzoneClusterImpl-b4f26986-4eb4-4ecd-9efe-6fbc1efd26b6/datanode-2/data-0/containers/hdds to VolumeSet
2022-11-08 06:33:18,829 [Listener at 127.0.0.1/39611] INFO  volume.ThrottledAsyncChecker (ThrottledAsyncChecker.java:schedule(141)) - Scheduling a check for /home/runner/work/ozone/ozone/hadoop-ozone/integration-test/target/test-dir/MiniOzoneClusterImpl-b4f26986-4eb4-4ecd-9efe-6fbc1efd26b6/datanode-2/data-0/containers/hdds
2022-11-08 06:33:18,830 [Listener at 127.0.0.1/39611] INFO  volume.StorageVolumeChecker (StorageVolumeChecker.java:checkAllVolumes(202)) - Scheduled health check for volume /home/runner/work/ozone/ozone/hadoop-ozone/integration-test/target/test-dir/MiniOzoneClusterImpl-b4f26986-4eb4-4ecd-9efe-6fbc1efd26b6/datanode-2/data-0/containers/hdds
2022-11-08 06:33:18,842 [Listener at 127.0.0.1/39611] INFO  volume.MutableVolumeSet (MutableVolumeSet.java:initializeVolumeSet(174)) - Added Volume : /home/runner/work/ozone/ozone/hadoop-ozone/integration-test/target/test-dir/MiniOzoneClusterImpl-b4f26986-4eb4-4ecd-9efe-6fbc1efd26b6/datanode-2/data/ratis to VolumeSet
2022-11-08 06:33:18,842 [Listener at 127.0.0.1/39611] INFO  volume.ThrottledAsyncChecker (ThrottledAsyncChecker.java:schedule(141)) - Scheduling a check for /home/runner/work/ozone/ozone/hadoop-ozone/integration-test/target/test-dir/MiniOzoneClusterImpl-b4f26986-4eb4-4ecd-9efe-6fbc1efd26b6/datanode-2/data/ratis
2022-11-08 06:33:18,843 [Listener at 127.0.0.1/39611] INFO  volume.StorageVolumeChecker (StorageVolumeChecker.java:checkAllVolumes(202)) - Scheduled health check for volume /home/runner/work/ozone/ozone/hadoop-ozone/integration-test/target/test-dir/MiniOzoneClusterImpl-b4f26986-4eb4-4ecd-9efe-6fbc1efd26b6/datanode-2/data/ratis
2022-11-08 06:33:18,854 [Thread-601] INFO  ozoneimpl.ContainerReader (ContainerReader.java:readVolume(175)) - Finish verifying containers on volume /home/runner/work/ozone/ozone/hadoop-ozone/integration-test/target/test-dir/MiniOzoneClusterImpl-b4f26986-4eb4-4ecd-9efe-6fbc1efd26b6/datanode-2/data-0/containers/hdds
2022-11-08 06:33:18,854 [Listener at 127.0.0.1/39611] INFO  ozoneimpl.OzoneContainer (OzoneContainer.java:buildContainerSet(300)) - Build ContainerSet costs 0s
2022-11-08 06:33:18,856 [Listener at 127.0.0.1/39611] INFO  server.RaftServer (ConfUtils.java:logGet(46)) - raft.rpc.type = GRPC (default)
2022-11-08 06:33:18,857 [Listener at 127.0.0.1/39611] INFO  grpc.GrpcConfigKeys (ConfUtils.java:logFallback(53)) - raft.grpc.admin.host = null (fallback to raft.grpc.server.host)
2022-11-08 06:33:18,857 [Listener at 127.0.0.1/39611] INFO  grpc.GrpcConfigKeys (ConfUtils.java:logGet(46)) - raft.grpc.admin.port = 0 (custom)
2022-11-08 06:33:18,857 [Listener at 127.0.0.1/39611] INFO  grpc.GrpcConfigKeys (ConfUtils.java:logFallback(53)) - raft.grpc.client.host = null (fallback to raft.grpc.server.host)
2022-11-08 06:33:18,857 [Listener at 127.0.0.1/39611] INFO  grpc.GrpcConfigKeys (ConfUtils.java:logGet(46)) - raft.grpc.client.port = 0 (custom)
2022-11-08 06:33:18,857 [Listener at 127.0.0.1/39611] INFO  grpc.GrpcConfigKeys (ConfUtils.java:logGet(46)) - raft.grpc.server.host = null (default)
2022-11-08 06:33:18,857 [Listener at 127.0.0.1/39611] INFO  grpc.GrpcConfigKeys (ConfUtils.java:logGet(46)) - raft.grpc.server.port = 0 (default)
2022-11-08 06:33:18,858 [Listener at 127.0.0.1/39611] INFO  server.GrpcService (ConfUtils.java:logGet(46)) - raft.grpc.message.size.max = 32MB (=33554432) (custom)
2022-11-08 06:33:18,858 [Listener at 127.0.0.1/39611] INFO  server.RaftServerConfigKeys (ConfUtils.java:logGet(46)) - raft.server.log.appender.buffer.byte-limit = 33554432 (custom)
2022-11-08 06:33:18,858 [Listener at 127.0.0.1/39611] INFO  server.GrpcService (ConfUtils.java:logGet(46)) - raft.grpc.flow.control.window = 5MB (=5242880) (custom)
2022-11-08 06:33:18,858 [Listener at 127.0.0.1/39611] INFO  server.RaftServerConfigKeys (ConfUtils.java:logGet(46)) - raft.server.rpc.request.timeout = 60s (custom)
2022-11-08 06:33:18,858 [Listener at 127.0.0.1/39611] INFO  grpc.GrpcConfigKeys (ConfUtils.java:logGet(46)) - raft.grpc.server.heartbeat.channel = true (default)
2022-11-08 06:33:18,861 [Listener at 127.0.0.1/39611] INFO  grpc.GrpcConfigKeys (ConfUtils.java:logGet(46)) - raft.grpc.server.async.request.thread.pool.cached = true (default)
2022-11-08 06:33:18,861 [Listener at 127.0.0.1/39611] INFO  grpc.GrpcConfigKeys (ConfUtils.java:logGet(46)) - raft.grpc.server.async.request.thread.pool.size = 32 (default)
2022-11-08 06:33:18,862 [Listener at 127.0.0.1/39611] INFO  impl.DataStreamServerImpl (ConfUtils.java:logGet(46)) - raft.datastream.type = DISABLED (default)
2022-11-08 06:33:18,862 [Listener at 127.0.0.1/39611] INFO  server.RaftServerConfigKeys (ConfUtils.java:logGet(46)) - raft.server.threadpool.proxy.cached = true (default)
2022-11-08 06:33:18,862 [Listener at 127.0.0.1/39611] INFO  server.RaftServerConfigKeys (ConfUtils.java:logGet(46)) - raft.server.threadpool.proxy.size = 0 (default)
2022-11-08 06:33:18,863 [Listener at 127.0.0.1/39611] INFO  server.RaftServerConfigKeys (ConfUtils.java:logGet(46)) - raft.server.rpc.slowness.timeout = 300s (custom)
2022-11-08 06:33:18,863 [Listener at 127.0.0.1/39611] INFO  server.RaftServerConfigKeys (ConfUtils.java:logGet(46)) - raft.server.leaderelection.leader.step-down.wait-time = 10s (default)
2022-11-08 06:33:18,863 [Listener at 127.0.0.1/39611] INFO  server.RaftServerConfigKeys (ConfUtils.java:logGet(46)) - raft.server.storage.dir = [/home/runner/work/ozone/ozone/hadoop-ozone/integration-test/target/test-dir/MiniOzoneClusterImpl-b4f26986-4eb4-4ecd-9efe-6fbc1efd26b6/datanode-2/data/ratis] (custom)
2022-11-08 06:33:18,865 [Listener at 127.0.0.1/39611] INFO  server.XceiverServerGrpc (XceiverServerGrpc.java:<init>(132)) - GrpcServer channel type EpollServerSocketChannel
2022-11-08 06:33:18,868 [Listener at 127.0.0.1/39611] INFO  http.BaseHttpServer (BaseHttpServer.java:newHttpServer2BuilderForOzone(213)) - Starting Web-server for hddsDatanode at: http://0.0.0.0:0
2022-11-08 06:33:18,868 [Listener at 127.0.0.1/39611] INFO  http.BaseHttpServer (BaseHttpServer.java:<init>(108)) - Hadoop Security Enabled: false Ozone Security Enabled: false Ozone HTTP Security Enabled: false 
2022-11-08 06:33:18,869 [Listener at 127.0.0.1/39611] WARN  server.AuthenticationFilter (AuthenticationFilter.java:constructSecretProvider(240)) - Unable to initialize FileSignerSecretProvider, falling back to use random secrets. Reason: Could not read signature secret file: /home/runner/hadoop-http-auth-signature-secret
2022-11-08 06:33:18,870 [Listener at 127.0.0.1/39611] WARN  http.HttpRequestLog (HttpRequestLog.java:getRequestLog(103)) - Jetty request log can only be enabled using Log4j
2022-11-08 06:33:18,871 [Listener at 127.0.0.1/39611] INFO  http.HttpServer2 (HttpServer2.java:addGlobalFilter(1031)) - Added global filter 'safety' (class=org.apache.hadoop.hdds.server.http.HttpServer2$QuotingInputFilter)
2022-11-08 06:33:18,872 [Listener at 127.0.0.1/39611] INFO  http.HttpServer2 (HttpServer2.java:addFilter(1007)) - Added filter static_user_filter (class=org.apache.hadoop.http.lib.StaticUserWebFilter$StaticUserFilter) to context hddsDatanode
2022-11-08 06:33:18,872 [Listener at 127.0.0.1/39611] INFO  http.HttpServer2 (HttpServer2.java:addFilter(1015)) - Added filter static_user_filter (class=org.apache.hadoop.http.lib.StaticUserWebFilter$StaticUserFilter) to context logs
2022-11-08 06:33:18,872 [Listener at 127.0.0.1/39611] INFO  http.HttpServer2 (HttpServer2.java:addFilter(1015)) - Added filter static_user_filter (class=org.apache.hadoop.http.lib.StaticUserWebFilter$StaticUserFilter) to context static
2022-11-08 06:33:18,873 [Listener at 127.0.0.1/39611] INFO  http.HttpServer2 (HttpServer2.java:bindListener(1250)) - Jetty bound to port 42089
2022-11-08 06:33:18,873 [Listener at 127.0.0.1/39611] INFO  server.Server (Server.java:doStart(375)) - jetty-9.4.49.v20220914; built: 2022-09-14T01:07:36.601Z; git: 4231a3b2e4cb8548a412a789936d640a97b1aa0a; jvm 1.8.0_345-b01
2022-11-08 06:33:18,874 [Listener at 127.0.0.1/39611] INFO  server.session (DefaultSessionIdManager.java:doStart(334)) - DefaultSessionIdManager workerName=node0
2022-11-08 06:33:18,875 [Listener at 127.0.0.1/39611] INFO  server.session (DefaultSessionIdManager.java:doStart(339)) - No SessionScavenger set, using defaults
2022-11-08 06:33:18,875 [Listener at 127.0.0.1/39611] INFO  server.session (HouseKeeper.java:startScavenging(132)) - node0 Scavenging every 600000ms
2022-11-08 06:33:18,876 [Listener at 127.0.0.1/39611] INFO  handler.ContextHandler (ContextHandler.java:doStart(921)) - Started o.e.j.s.ServletContextHandler@45d46151{logs,/logs,file:///home/runner/work/ozone/ozone/hadoop-ozone/integration-test/target/log,AVAILABLE}
2022-11-08 06:33:18,876 [Listener at 127.0.0.1/39611] INFO  handler.ContextHandler (ContextHandler.java:doStart(921)) - Started o.e.j.s.ServletContextHandler@798f8f25{static,/static,jar:file:/home/runner/.m2/repository/org/apache/ozone/hdds-container-service/1.3.0-SNAPSHOT/hdds-container-service-1.3.0-SNAPSHOT.jar!/webapps/static,AVAILABLE}
2022-11-08 06:33:19,063 [Listener at 127.0.0.1/39611] INFO  handler.ContextHandler (ContextHandler.java:doStart(921)) - Started o.e.j.w.WebAppContext@187c5844{hddsDatanode,/,file:///tmp/jetty-0_0_0_0-42089-hdds-container-service-1_3_0-SNAPSHOT_jar-_-any-1361717525114811321/webapp/,AVAILABLE}{jar:file:/home/runner/.m2/repository/org/apache/ozone/hdds-container-service/1.3.0-SNAPSHOT/hdds-container-service-1.3.0-SNAPSHOT.jar!/webapps/hddsDatanode}
2022-11-08 06:33:19,065 [Listener at 127.0.0.1/39611] INFO  server.AbstractConnector (AbstractConnector.java:doStart(333)) - Started ServerConnector@3500ab03{HTTP/1.1, (http/1.1)}{0.0.0.0:42089}
2022-11-08 06:33:19,065 [Listener at 127.0.0.1/39611] INFO  server.Server (Server.java:doStart(415)) - Started @98062ms
2022-11-08 06:33:19,065 [Listener at 127.0.0.1/39611] WARN  impl.MetricsSystemImpl (MetricsSystemImpl.java:register(279)) - Sink prometheus already exists!
2022-11-08 06:33:19,066 [Listener at 127.0.0.1/39611] INFO  http.BaseHttpServer (BaseHttpServer.java:updateConnectorAddress(333)) - HTTP server of hddsDatanode listening at http://0.0.0.0:42089
2022-11-08 06:33:19,067 [Datanode State Machine Daemon Thread] INFO  statemachine.DatanodeStateMachine (DatanodeStateMachine.java:lambda$startDaemon$0(505)) - Ozone container server started.
2022-11-08 06:33:19,067 [Listener at 127.0.0.1/39611] INFO  ozone.MiniOzoneClusterImpl (MiniOzoneClusterImpl.java:lambda$waitForClusterToBeReady$0(216)) - Waiting for nodes to be ready. Got 0 of 3 DN Heartbeats.
2022-11-08 06:33:19,068 [Listener at 127.0.0.1/39611] INFO  ozone.MiniOzoneClusterImpl (MiniOzoneClusterImpl.java:lambda$waitForClusterToBeReady$0(219)) - Waiting for cluster to exit safe mode
2022-11-08 06:33:19,068 [Listener at 127.0.0.1/39611] INFO  ozone.MiniOzoneClusterImpl (MiniOzoneClusterImpl.java:lambda$waitForClusterToBeReady$0(221)) - SCM became leader
2022-11-08 06:33:19,073 [org.apache.hadoop.util.JvmPauseMonitor$Monitor@5bd9f959] INFO  util.JvmPauseMonitor (JvmPauseMonitor.java:run(188)) - Starting JVM pause monitor
2022-11-08 06:33:19,075 [Datanode State Machine Task Thread - 0] INFO  datanode.InitDatanodeState (InitDatanodeState.java:persistContainerDatanodeDetails(138)) - DatanodeDetails is persisted to /home/runner/work/ozone/ozone/hadoop-ozone/integration-test/target/test-dir/MiniOzoneClusterImpl-b4f26986-4eb4-4ecd-9efe-6fbc1efd26b6/datanode-2/meta/datanode.id
2022-11-08 06:33:20,069 [Listener at 127.0.0.1/39611] INFO  ozone.MiniOzoneClusterImpl (MiniOzoneClusterImpl.java:lambda$waitForClusterToBeReady$0(216)) - Waiting for nodes to be ready. Got 0 of 3 DN Heartbeats.
2022-11-08 06:33:20,069 [Listener at 127.0.0.1/39611] INFO  ozone.MiniOzoneClusterImpl (MiniOzoneClusterImpl.java:lambda$waitForClusterToBeReady$0(219)) - Waiting for cluster to exit safe mode
2022-11-08 06:33:20,069 [Listener at 127.0.0.1/39611] INFO  ozone.MiniOzoneClusterImpl (MiniOzoneClusterImpl.java:lambda$waitForClusterToBeReady$0(221)) - SCM became leader
2022-11-08 06:33:20,116 [EndpointStateMachine task thread for /0.0.0.0:35735 - 0 ] INFO  utils.DatanodeStoreCache (DatanodeStoreCache.java:addDB(58)) - Added db /home/runner/work/ozone/ozone/hadoop-ozone/integration-test/target/test-dir/MiniOzoneClusterImpl-b4f26986-4eb4-4ecd-9efe-6fbc1efd26b6/datanode-0/data-0/containers/hdds/b4f26986-4eb4-4ecd-9efe-6fbc1efd26b6/DS-6d13cae2-c8a6-4285-9dae-b805bd463183/container.db to cache
2022-11-08 06:33:20,116 [EndpointStateMachine task thread for /0.0.0.0:35735 - 0 ] INFO  volume.HddsVolume (HddsVolume.java:createDbStore(307)) - SchemaV3 db is created and loaded at /home/runner/work/ozone/ozone/hadoop-ozone/integration-test/target/test-dir/MiniOzoneClusterImpl-b4f26986-4eb4-4ecd-9efe-6fbc1efd26b6/datanode-0/data-0/containers/hdds/b4f26986-4eb4-4ecd-9efe-6fbc1efd26b6/DS-6d13cae2-c8a6-4285-9dae-b805bd463183/container.db for volume DS-6d13cae2-c8a6-4285-9dae-b805bd463183
2022-11-08 06:33:20,117 [EndpointStateMachine task thread for /0.0.0.0:35735 - 0 ] INFO  ozoneimpl.OzoneContainer (OzoneContainer.java:start(378)) - Attempting to start container services.
2022-11-08 06:33:20,117 [EndpointStateMachine task thread for /0.0.0.0:35735 - 0 ] INFO  ozoneimpl.OzoneContainer (OzoneContainer.java:startContainerScrub(313)) - Background container scanner has been disabled.
2022-11-08 06:33:20,120 [EndpointStateMachine task thread for /0.0.0.0:35735 - 0 ] INFO  replication.ReplicationServer (ReplicationServer.java:start(111)) - ReplicationServer is started using port 42663
2022-11-08 06:33:20,120 [EndpointStateMachine task thread for /0.0.0.0:35735 - 0 ] INFO  ratis.XceiverServerRatis (XceiverServerRatis.java:start(481)) - Starting XceiverServerRatis d1e5d709-e257-453b-a807-acff1c76fb8f
2022-11-08 06:33:20,121 [EndpointStateMachine task thread for /0.0.0.0:35735 - 0 ] INFO  server.RaftServer (RaftServerProxy.java:startImpl(393)) - d1e5d709-e257-453b-a807-acff1c76fb8f: start RPC server
2022-11-08 06:33:20,122 [EndpointStateMachine task thread for /0.0.0.0:35735 - 0 ] INFO  server.GrpcService (GrpcService.java:startImpl(270)) - d1e5d709-e257-453b-a807-acff1c76fb8f: GrpcService started, listening on 38117
2022-11-08 06:33:20,123 [EndpointStateMachine task thread for /0.0.0.0:35735 - 0 ] INFO  ratis.XceiverServerRatis (XceiverServerRatis.java:getRealPort(502)) - XceiverServerRatis d1e5d709-e257-453b-a807-acff1c76fb8f is started using port 38117 for RATIS
2022-11-08 06:33:20,123 [JvmPauseMonitor8] INFO  util.JvmPauseMonitor (JvmPauseMonitor.java:run(105)) - JvmPauseMonitor-d1e5d709-e257-453b-a807-acff1c76fb8f: Started
2022-11-08 06:33:20,123 [EndpointStateMachine task thread for /0.0.0.0:35735 - 0 ] INFO  ratis.XceiverServerRatis (XceiverServerRatis.java:getRealPort(502)) - XceiverServerRatis d1e5d709-e257-453b-a807-acff1c76fb8f is started using port 38117 for RATIS_ADMIN
2022-11-08 06:33:20,123 [EndpointStateMachine task thread for /0.0.0.0:35735 - 0 ] INFO  ratis.XceiverServerRatis (XceiverServerRatis.java:getRealPort(502)) - XceiverServerRatis d1e5d709-e257-453b-a807-acff1c76fb8f is started using port 38117 for RATIS_SERVER
2022-11-08 06:33:20,125 [EndpointStateMachine task thread for /0.0.0.0:35735 - 0 ] INFO  server.XceiverServerGrpc (XceiverServerGrpc.java:start(180)) - XceiverServerGrpc d1e5d709-e257-453b-a807-acff1c76fb8f is started using port 36453
2022-11-08 06:33:20,511 [EndpointStateMachine task thread for /0.0.0.0:35735 - 0 ] INFO  utils.DatanodeStoreCache (DatanodeStoreCache.java:addDB(58)) - Added db /home/runner/work/ozone/ozone/hadoop-ozone/integration-test/target/test-dir/MiniOzoneClusterImpl-b4f26986-4eb4-4ecd-9efe-6fbc1efd26b6/datanode-1/data-0/containers/hdds/b4f26986-4eb4-4ecd-9efe-6fbc1efd26b6/DS-eca9a5e7-96b7-40fa-a10d-b353667f0f5e/container.db to cache
2022-11-08 06:33:20,511 [EndpointStateMachine task thread for /0.0.0.0:35735 - 0 ] INFO  volume.HddsVolume (HddsVolume.java:createDbStore(307)) - SchemaV3 db is created and loaded at /home/runner/work/ozone/ozone/hadoop-ozone/integration-test/target/test-dir/MiniOzoneClusterImpl-b4f26986-4eb4-4ecd-9efe-6fbc1efd26b6/datanode-1/data-0/containers/hdds/b4f26986-4eb4-4ecd-9efe-6fbc1efd26b6/DS-eca9a5e7-96b7-40fa-a10d-b353667f0f5e/container.db for volume DS-eca9a5e7-96b7-40fa-a10d-b353667f0f5e
2022-11-08 06:33:20,512 [EndpointStateMachine task thread for /0.0.0.0:35735 - 0 ] INFO  ozoneimpl.OzoneContainer (OzoneContainer.java:start(378)) - Attempting to start container services.
2022-11-08 06:33:20,512 [EndpointStateMachine task thread for /0.0.0.0:35735 - 0 ] INFO  ozoneimpl.OzoneContainer (OzoneContainer.java:startContainerScrub(313)) - Background container scanner has been disabled.
2022-11-08 06:33:20,514 [EndpointStateMachine task thread for /0.0.0.0:35735 - 0 ] INFO  replication.ReplicationServer (ReplicationServer.java:start(111)) - ReplicationServer is started using port 40397
2022-11-08 06:33:20,514 [EndpointStateMachine task thread for /0.0.0.0:35735 - 0 ] INFO  ratis.XceiverServerRatis (XceiverServerRatis.java:start(481)) - Starting XceiverServerRatis fd3bdcb5-514c-4dac-86eb-5773e16bc7f6
2022-11-08 06:33:20,515 [EndpointStateMachine task thread for /0.0.0.0:35735 - 0 ] INFO  server.RaftServer (RaftServerProxy.java:startImpl(393)) - fd3bdcb5-514c-4dac-86eb-5773e16bc7f6: start RPC server
2022-11-08 06:33:20,516 [EndpointStateMachine task thread for /0.0.0.0:35735 - 0 ] INFO  server.GrpcService (GrpcService.java:startImpl(270)) - fd3bdcb5-514c-4dac-86eb-5773e16bc7f6: GrpcService started, listening on 40815
2022-11-08 06:33:20,517 [EndpointStateMachine task thread for /0.0.0.0:35735 - 0 ] INFO  ratis.XceiverServerRatis (XceiverServerRatis.java:getRealPort(502)) - XceiverServerRatis fd3bdcb5-514c-4dac-86eb-5773e16bc7f6 is started using port 40815 for RATIS
2022-11-08 06:33:20,517 [EndpointStateMachine task thread for /0.0.0.0:35735 - 0 ] INFO  ratis.XceiverServerRatis (XceiverServerRatis.java:getRealPort(502)) - XceiverServerRatis fd3bdcb5-514c-4dac-86eb-5773e16bc7f6 is started using port 40815 for RATIS_ADMIN
2022-11-08 06:33:20,517 [JvmPauseMonitor9] INFO  util.JvmPauseMonitor (JvmPauseMonitor.java:run(105)) - JvmPauseMonitor-fd3bdcb5-514c-4dac-86eb-5773e16bc7f6: Started
2022-11-08 06:33:20,517 [EndpointStateMachine task thread for /0.0.0.0:35735 - 0 ] INFO  ratis.XceiverServerRatis (XceiverServerRatis.java:getRealPort(502)) - XceiverServerRatis fd3bdcb5-514c-4dac-86eb-5773e16bc7f6 is started using port 40815 for RATIS_SERVER
2022-11-08 06:33:20,519 [EndpointStateMachine task thread for /0.0.0.0:35735 - 0 ] INFO  server.XceiverServerGrpc (XceiverServerGrpc.java:start(180)) - XceiverServerGrpc fd3bdcb5-514c-4dac-86eb-5773e16bc7f6 is started using port 39111
2022-11-08 06:33:21,070 [Listener at 127.0.0.1/39611] INFO  ozone.MiniOzoneClusterImpl (MiniOzoneClusterImpl.java:lambda$waitForClusterToBeReady$0(216)) - Waiting for nodes to be ready. Got 0 of 3 DN Heartbeats.
2022-11-08 06:33:21,070 [Listener at 127.0.0.1/39611] INFO  ozone.MiniOzoneClusterImpl (MiniOzoneClusterImpl.java:lambda$waitForClusterToBeReady$0(219)) - Waiting for cluster to exit safe mode
2022-11-08 06:33:21,070 [Listener at 127.0.0.1/39611] INFO  ozone.MiniOzoneClusterImpl (MiniOzoneClusterImpl.java:lambda$waitForClusterToBeReady$0(221)) - SCM became leader
2022-11-08 06:33:21,114 [EndpointStateMachine task thread for /0.0.0.0:35735 - 0 ] INFO  utils.DatanodeStoreCache (DatanodeStoreCache.java:addDB(58)) - Added db /home/runner/work/ozone/ozone/hadoop-ozone/integration-test/target/test-dir/MiniOzoneClusterImpl-b4f26986-4eb4-4ecd-9efe-6fbc1efd26b6/datanode-2/data-0/containers/hdds/b4f26986-4eb4-4ecd-9efe-6fbc1efd26b6/DS-a6700826-eaf4-409f-ae9b-a543387cae47/container.db to cache
2022-11-08 06:33:21,114 [EndpointStateMachine task thread for /0.0.0.0:35735 - 0 ] INFO  volume.HddsVolume (HddsVolume.java:createDbStore(307)) - SchemaV3 db is created and loaded at /home/runner/work/ozone/ozone/hadoop-ozone/integration-test/target/test-dir/MiniOzoneClusterImpl-b4f26986-4eb4-4ecd-9efe-6fbc1efd26b6/datanode-2/data-0/containers/hdds/b4f26986-4eb4-4ecd-9efe-6fbc1efd26b6/DS-a6700826-eaf4-409f-ae9b-a543387cae47/container.db for volume DS-a6700826-eaf4-409f-ae9b-a543387cae47
2022-11-08 06:33:21,115 [EndpointStateMachine task thread for /0.0.0.0:35735 - 0 ] INFO  ozoneimpl.OzoneContainer (OzoneContainer.java:start(378)) - Attempting to start container services.
2022-11-08 06:33:21,115 [EndpointStateMachine task thread for /0.0.0.0:35735 - 0 ] INFO  ozoneimpl.OzoneContainer (OzoneContainer.java:startContainerScrub(313)) - Background container scanner has been disabled.
2022-11-08 06:33:21,117 [EndpointStateMachine task thread for /0.0.0.0:35735 - 0 ] INFO  replication.ReplicationServer (ReplicationServer.java:start(111)) - ReplicationServer is started using port 46789
2022-11-08 06:33:21,118 [EndpointStateMachine task thread for /0.0.0.0:35735 - 0 ] INFO  ratis.XceiverServerRatis (XceiverServerRatis.java:start(481)) - Starting XceiverServerRatis 99ee034f-b39b-4991-99d2-5a13f1bd518d
2022-11-08 06:33:21,118 [EndpointStateMachine task thread for /0.0.0.0:35735 - 0 ] INFO  server.RaftServer (RaftServerProxy.java:startImpl(393)) - 99ee034f-b39b-4991-99d2-5a13f1bd518d: start RPC server
2022-11-08 06:33:21,120 [EndpointStateMachine task thread for /0.0.0.0:35735 - 0 ] INFO  server.GrpcService (GrpcService.java:startImpl(270)) - 99ee034f-b39b-4991-99d2-5a13f1bd518d: GrpcService started, listening on 38741
2022-11-08 06:33:21,120 [EndpointStateMachine task thread for /0.0.0.0:35735 - 0 ] INFO  ratis.XceiverServerRatis (XceiverServerRatis.java:getRealPort(502)) - XceiverServerRatis 99ee034f-b39b-4991-99d2-5a13f1bd518d is started using port 38741 for RATIS
2022-11-08 06:33:21,120 [EndpointStateMachine task thread for /0.0.0.0:35735 - 0 ] INFO  ratis.XceiverServerRatis (XceiverServerRatis.java:getRealPort(502)) - XceiverServerRatis 99ee034f-b39b-4991-99d2-5a13f1bd518d is started using port 38741 for RATIS_ADMIN
2022-11-08 06:33:21,120 [JvmPauseMonitor10] INFO  util.JvmPauseMonitor (JvmPauseMonitor.java:run(105)) - JvmPauseMonitor-99ee034f-b39b-4991-99d2-5a13f1bd518d: Started
2022-11-08 06:33:21,120 [EndpointStateMachine task thread for /0.0.0.0:35735 - 0 ] INFO  ratis.XceiverServerRatis (XceiverServerRatis.java:getRealPort(502)) - XceiverServerRatis 99ee034f-b39b-4991-99d2-5a13f1bd518d is started using port 38741 for RATIS_SERVER
2022-11-08 06:33:21,125 [EndpointStateMachine task thread for /0.0.0.0:35735 - 0 ] INFO  server.XceiverServerGrpc (XceiverServerGrpc.java:start(180)) - XceiverServerGrpc 99ee034f-b39b-4991-99d2-5a13f1bd518d is started using port 34257
2022-11-08 06:33:22,070 [Listener at 127.0.0.1/39611] INFO  ozone.MiniOzoneClusterImpl (MiniOzoneClusterImpl.java:lambda$waitForClusterToBeReady$0(216)) - Waiting for nodes to be ready. Got 0 of 3 DN Heartbeats.
2022-11-08 06:33:22,071 [Listener at 127.0.0.1/39611] INFO  ozone.MiniOzoneClusterImpl (MiniOzoneClusterImpl.java:lambda$waitForClusterToBeReady$0(219)) - Waiting for cluster to exit safe mode
2022-11-08 06:33:22,071 [Listener at 127.0.0.1/39611] INFO  ozone.MiniOzoneClusterImpl (MiniOzoneClusterImpl.java:lambda$waitForClusterToBeReady$0(221)) - SCM became leader
2022-11-08 06:33:22,075 [IPC Server handler 0 on default port 35735] INFO  net.NetworkTopologyImpl (NetworkTopologyImpl.java:add(112)) - Added a new node: /default-rack/d1e5d709-e257-453b-a807-acff1c76fb8f
2022-11-08 06:33:22,075 [IPC Server handler 0 on default port 35735] INFO  node.SCMNodeManager (SCMNodeManager.java:register(397)) - Registered Data node : d1e5d709-e257-453b-a807-acff1c76fb8f{ip: 10.1.0.244, host: fv-az220-111.shdwizndlbjulinwhzhdmup5sb.jx.internal.cloudapp.net, ports: [REPLICATION=42663, RATIS=38117, RATIS_ADMIN=38117, RATIS_SERVER=38117, STANDALONE=36453], networkLocation: /default-rack, certSerialId: null, persistedOpState: null, persistedOpStateExpiryEpochSec: 0}
2022-11-08 06:33:22,077 [EventQueue-NodeRegistrationContainerReportForContainerSafeModeRule] INFO  safemode.SCMSafeModeManager (SCMSafeModeManager.java:validateSafeModeExitRules(204)) - ContainerSafeModeRule rule is successfully validated
2022-11-08 06:33:22,077 [EventQueue-NodeRegistrationContainerReportForDataNodeSafeModeRule] INFO  safemode.SCMSafeModeManager (DataNodeSafeModeRule.java:process(71)) - SCM in safe mode. 1 DataNodes registered, 3 required.
2022-11-08 06:33:22,082 [EventQueue-NewNodeForNewNodeHandler] INFO  pipeline.BackgroundPipelineCreator (BackgroundPipelineCreator.java:notifyEventTriggered(276)) - trigger a one-shot run on RatisPipelineUtilsThread.
2022-11-08 06:33:22,082 [RatisPipelineUtilsThread - 0] INFO  pipeline.RatisPipelineProvider (RatisPipelineProvider.java:lambda$create$0(195)) - Sending CreatePipelineCommand for pipeline:PipelineID=5463439c-a236-4603-ba29-a694e237ea82 to datanode:d1e5d709-e257-453b-a807-acff1c76fb8f
2022-11-08 06:33:22,086 [EventQueue-PipelineReportForOneReplicaPipelineSafeModeRule] INFO  safemode.SCMSafeModeManager (SCMSafeModeManager.java:validateSafeModeExitRules(204)) - AtleastOneDatanodeReportedRule rule is successfully validated
2022-11-08 06:33:22,086 [RatisPipelineUtilsThread - 0] INFO  pipeline.PipelineStateManagerImpl (PipelineStateManagerImpl.java:addPipeline(103)) - Created pipeline Pipeline[ Id: 5463439c-a236-4603-ba29-a694e237ea82, Nodes: d1e5d709-e257-453b-a807-acff1c76fb8f{ip: 10.1.0.244, host: fv-az220-111.shdwizndlbjulinwhzhdmup5sb.jx.internal.cloudapp.net, ports: [REPLICATION=42663, RATIS=38117, RATIS_ADMIN=38117, RATIS_SERVER=38117, STANDALONE=36453], networkLocation: /default-rack, certSerialId: null, persistedOpState: IN_SERVICE, persistedOpStateExpiryEpochSec: 0}, ReplicationConfig: RATIS/ONE, State:ALLOCATED, leaderId:, CreationTimestamp2022-11-08T06:33:22.082Z[Etc/UTC]].
2022-11-08 06:33:22,468 [IPC Server handler 3 on default port 35735] INFO  net.NetworkTopologyImpl (NetworkTopologyImpl.java:add(112)) - Added a new node: /default-rack/fd3bdcb5-514c-4dac-86eb-5773e16bc7f6
2022-11-08 06:33:22,468 [IPC Server handler 3 on default port 35735] INFO  node.SCMNodeManager (SCMNodeManager.java:register(397)) - Registered Data node : fd3bdcb5-514c-4dac-86eb-5773e16bc7f6{ip: 10.1.0.244, host: fv-az220-111.shdwizndlbjulinwhzhdmup5sb.jx.internal.cloudapp.net, ports: [REPLICATION=40397, RATIS=40815, RATIS_ADMIN=40815, RATIS_SERVER=40815, STANDALONE=39111], networkLocation: /default-rack, certSerialId: null, persistedOpState: null, persistedOpStateExpiryEpochSec: 0}
2022-11-08 06:33:22,469 [EventQueue-NewNodeForNewNodeHandler] INFO  pipeline.BackgroundPipelineCreator (BackgroundPipelineCreator.java:notifyEventTriggered(276)) - trigger a one-shot run on RatisPipelineUtilsThread.
2022-11-08 06:33:22,469 [EventQueue-NodeRegistrationContainerReportForDataNodeSafeModeRule] INFO  safemode.SCMSafeModeManager (DataNodeSafeModeRule.java:process(71)) - SCM in safe mode. 2 DataNodes registered, 3 required.
2022-11-08 06:33:22,470 [RatisPipelineUtilsThread - 0] INFO  pipeline.RatisPipelineProvider (RatisPipelineProvider.java:lambda$create$0(195)) - Sending CreatePipelineCommand for pipeline:PipelineID=6913a0da-7bb4-402d-ab00-9676ef610cb3 to datanode:fd3bdcb5-514c-4dac-86eb-5773e16bc7f6
2022-11-08 06:33:22,470 [RatisPipelineUtilsThread - 0] INFO  pipeline.PipelineStateManagerImpl (PipelineStateManagerImpl.java:addPipeline(103)) - Created pipeline Pipeline[ Id: 6913a0da-7bb4-402d-ab00-9676ef610cb3, Nodes: fd3bdcb5-514c-4dac-86eb-5773e16bc7f6{ip: 10.1.0.244, host: fv-az220-111.shdwizndlbjulinwhzhdmup5sb.jx.internal.cloudapp.net, ports: [REPLICATION=40397, RATIS=40815, RATIS_ADMIN=40815, RATIS_SERVER=40815, STANDALONE=39111], networkLocation: /default-rack, certSerialId: null, persistedOpState: IN_SERVICE, persistedOpStateExpiryEpochSec: 0}, ReplicationConfig: RATIS/ONE, State:ALLOCATED, leaderId:, CreationTimestamp2022-11-08T06:33:22.470Z[Etc/UTC]].
2022-11-08 06:33:23,071 [Listener at 127.0.0.1/39611] INFO  ozone.MiniOzoneClusterImpl (MiniOzoneClusterImpl.java:lambda$waitForClusterToBeReady$0(216)) - Waiting for nodes to be ready. Got 2 of 3 DN Heartbeats.
2022-11-08 06:33:23,072 [Listener at 127.0.0.1/39611] INFO  ozone.MiniOzoneClusterImpl (MiniOzoneClusterImpl.java:lambda$waitForClusterToBeReady$0(219)) - Waiting for cluster to exit safe mode
2022-11-08 06:33:23,072 [Listener at 127.0.0.1/39611] INFO  ozone.MiniOzoneClusterImpl (MiniOzoneClusterImpl.java:lambda$waitForClusterToBeReady$0(221)) - SCM became leader
2022-11-08 06:33:23,076 [IPC Server handler 0 on default port 35735] INFO  net.NetworkTopologyImpl (NetworkTopologyImpl.java:add(112)) - Added a new node: /default-rack/99ee034f-b39b-4991-99d2-5a13f1bd518d
2022-11-08 06:33:23,076 [IPC Server handler 0 on default port 35735] INFO  node.SCMNodeManager (SCMNodeManager.java:register(397)) - Registered Data node : 99ee034f-b39b-4991-99d2-5a13f1bd518d{ip: 10.1.0.244, host: fv-az220-111.shdwizndlbjulinwhzhdmup5sb.jx.internal.cloudapp.net, ports: [REPLICATION=46789, RATIS=38741, RATIS_ADMIN=38741, RATIS_SERVER=38741, STANDALONE=34257], networkLocation: /default-rack, certSerialId: null, persistedOpState: null, persistedOpStateExpiryEpochSec: 0}
2022-11-08 06:33:23,076 [EventQueue-NewNodeForNewNodeHandler] INFO  pipeline.BackgroundPipelineCreator (BackgroundPipelineCreator.java:notifyEventTriggered(276)) - trigger a one-shot run on RatisPipelineUtilsThread.
2022-11-08 06:33:23,077 [EventQueue-NodeRegistrationContainerReportForDataNodeSafeModeRule] INFO  safemode.SCMSafeModeManager (DataNodeSafeModeRule.java:process(71)) - SCM in safe mode. 3 DataNodes registered, 3 required.
2022-11-08 06:33:23,077 [EventQueue-NodeRegistrationContainerReportForDataNodeSafeModeRule] INFO  safemode.SCMSafeModeManager (SCMSafeModeManager.java:validateSafeModeExitRules(204)) - DataNodeSafeModeRule rule is successfully validated
2022-11-08 06:33:23,077 [EventQueue-NodeRegistrationContainerReportForDataNodeSafeModeRule] INFO  safemode.SCMSafeModeManager (SCMSafeModeManager.java:completePreCheck(233)) - All SCM safe mode pre check rules have passed
2022-11-08 06:33:23,077 [EventQueue-NodeRegistrationContainerReportForDataNodeSafeModeRule] WARN  events.EventQueue (EventQueue.java:fireEvent(216)) - No event handler registered for event TypedEvent{payloadType=SafeModeStatus, name='Safe mode status'}
2022-11-08 06:33:23,077 [EventQueue-NodeRegistrationContainerReportForDataNodeSafeModeRule] INFO  ha.SCMContext (SCMContext.java:updateSafeModeStatus(228)) - Update SafeModeStatus from SafeModeStatus{safeModeStatus=true, preCheckPassed=false} to SafeModeStatus{safeModeStatus=true, preCheckPassed=true}.
2022-11-08 06:33:23,077 [EventQueue-NodeRegistrationContainerReportForDataNodeSafeModeRule] INFO  pipeline.BackgroundPipelineCreator (BackgroundPipelineCreator.java:notifyEventTriggered(276)) - trigger a one-shot run on RatisPipelineUtilsThread.
2022-11-08 06:33:23,077 [RatisPipelineUtilsThread - 0] INFO  pipeline.RatisPipelineProvider (RatisPipelineProvider.java:lambda$create$0(195)) - Sending CreatePipelineCommand for pipeline:PipelineID=5f5358c9-4e19-4da4-878b-347ba50e2c61 to datanode:99ee034f-b39b-4991-99d2-5a13f1bd518d
2022-11-08 06:33:23,078 [RatisPipelineUtilsThread - 0] INFO  pipeline.PipelineStateManagerImpl (PipelineStateManagerImpl.java:addPipeline(103)) - Created pipeline Pipeline[ Id: 5f5358c9-4e19-4da4-878b-347ba50e2c61, Nodes: 99ee034f-b39b-4991-99d2-5a13f1bd518d{ip: 10.1.0.244, host: fv-az220-111.shdwizndlbjulinwhzhdmup5sb.jx.internal.cloudapp.net, ports: [REPLICATION=46789, RATIS=38741, RATIS_ADMIN=38741, RATIS_SERVER=38741, STANDALONE=34257], networkLocation: /default-rack, certSerialId: null, persistedOpState: IN_SERVICE, persistedOpStateExpiryEpochSec: 0}, ReplicationConfig: RATIS/ONE, State:ALLOCATED, leaderId:, CreationTimestamp2022-11-08T06:33:23.077Z[Etc/UTC]].
2022-11-08 06:33:23,078 [RatisPipelineUtilsThread - 0] INFO  pipeline.RatisPipelineProvider (RatisPipelineProvider.java:lambda$create$0(195)) - Sending CreatePipelineCommand for pipeline:PipelineID=68ac76f0-d2ad-46a9-a038-10c2f7a22406 to datanode:99ee034f-b39b-4991-99d2-5a13f1bd518d
2022-11-08 06:33:23,078 [RatisPipelineUtilsThread - 0] INFO  pipeline.RatisPipelineProvider (RatisPipelineProvider.java:lambda$create$0(195)) - Sending CreatePipelineCommand for pipeline:PipelineID=68ac76f0-d2ad-46a9-a038-10c2f7a22406 to datanode:fd3bdcb5-514c-4dac-86eb-5773e16bc7f6
2022-11-08 06:33:23,078 [RatisPipelineUtilsThread - 0] INFO  pipeline.RatisPipelineProvider (RatisPipelineProvider.java:lambda$create$0(195)) - Sending CreatePipelineCommand for pipeline:PipelineID=68ac76f0-d2ad-46a9-a038-10c2f7a22406 to datanode:d1e5d709-e257-453b-a807-acff1c76fb8f
2022-11-08 06:33:23,079 [RatisPipelineUtilsThread - 0] INFO  pipeline.PipelineStateManagerImpl (PipelineStateManagerImpl.java:addPipeline(103)) - Created pipeline Pipeline[ Id: 68ac76f0-d2ad-46a9-a038-10c2f7a22406, Nodes: 99ee034f-b39b-4991-99d2-5a13f1bd518d{ip: 10.1.0.244, host: fv-az220-111.shdwizndlbjulinwhzhdmup5sb.jx.internal.cloudapp.net, ports: [REPLICATION=46789, RATIS=38741, RATIS_ADMIN=38741, RATIS_SERVER=38741, STANDALONE=34257], networkLocation: /default-rack, certSerialId: null, persistedOpState: IN_SERVICE, persistedOpStateExpiryEpochSec: 0}fd3bdcb5-514c-4dac-86eb-5773e16bc7f6{ip: 10.1.0.244, host: fv-az220-111.shdwizndlbjulinwhzhdmup5sb.jx.internal.cloudapp.net, ports: [REPLICATION=40397, RATIS=40815, RATIS_ADMIN=40815, RATIS_SERVER=40815, STANDALONE=39111], networkLocation: /default-rack, certSerialId: null, persistedOpState: IN_SERVICE, persistedOpStateExpiryEpochSec: 0}d1e5d709-e257-453b-a807-acff1c76fb8f{ip: 10.1.0.244, host: fv-az220-111.shdwizndlbjulinwhzhdmup5sb.jx.internal.cloudapp.net, ports: [REPLICATION=42663, RATIS=38117, RATIS_ADMIN=38117, RATIS_SERVER=38117, STANDALONE=36453], networkLocation: /default-rack, certSerialId: null, persistedOpState: IN_SERVICE, persistedOpStateExpiryEpochSec: 0}, ReplicationConfig: RATIS/THREE, State:ALLOCATED, leaderId:, CreationTimestamp2022-11-08T06:33:23.078Z[Etc/UTC]].
2022-11-08 06:33:23,079 [RatisPipelineUtilsThread - 0] INFO  pipeline.RatisPipelineProvider (RatisPipelineProvider.java:lambda$create$0(195)) - Sending CreatePipelineCommand for pipeline:PipelineID=89621da0-c006-468a-8101-d390d398fa22 to datanode:d1e5d709-e257-453b-a807-acff1c76fb8f
2022-11-08 06:33:23,079 [RatisPipelineUtilsThread - 0] INFO  pipeline.RatisPipelineProvider (RatisPipelineProvider.java:lambda$create$0(195)) - Sending CreatePipelineCommand for pipeline:PipelineID=89621da0-c006-468a-8101-d390d398fa22 to datanode:fd3bdcb5-514c-4dac-86eb-5773e16bc7f6
2022-11-08 06:33:23,079 [RatisPipelineUtilsThread - 0] INFO  pipeline.RatisPipelineProvider (RatisPipelineProvider.java:lambda$create$0(195)) - Sending CreatePipelineCommand for pipeline:PipelineID=89621da0-c006-468a-8101-d390d398fa22 to datanode:99ee034f-b39b-4991-99d2-5a13f1bd518d
2022-11-08 06:33:23,080 [RatisPipelineUtilsThread - 0] INFO  pipeline.PipelineStateManagerImpl (PipelineStateManagerImpl.java:addPipeline(103)) - Created pipeline Pipeline[ Id: 89621da0-c006-468a-8101-d390d398fa22, Nodes: d1e5d709-e257-453b-a807-acff1c76fb8f{ip: 10.1.0.244, host: fv-az220-111.shdwizndlbjulinwhzhdmup5sb.jx.internal.cloudapp.net, ports: [REPLICATION=42663, RATIS=38117, RATIS_ADMIN=38117, RATIS_SERVER=38117, STANDALONE=36453], networkLocation: /default-rack, certSerialId: null, persistedOpState: IN_SERVICE, persistedOpStateExpiryEpochSec: 0}fd3bdcb5-514c-4dac-86eb-5773e16bc7f6{ip: 10.1.0.244, host: fv-az220-111.shdwizndlbjulinwhzhdmup5sb.jx.internal.cloudapp.net, ports: [REPLICATION=40397, RATIS=40815, RATIS_ADMIN=40815, RATIS_SERVER=40815, STANDALONE=39111], networkLocation: /default-rack, certSerialId: null, persistedOpState: IN_SERVICE, persistedOpStateExpiryEpochSec: 0}99ee034f-b39b-4991-99d2-5a13f1bd518d{ip: 10.1.0.244, host: fv-az220-111.shdwizndlbjulinwhzhdmup5sb.jx.internal.cloudapp.net, ports: [REPLICATION=46789, RATIS=38741, RATIS_ADMIN=38741, RATIS_SERVER=38741, STANDALONE=34257], networkLocation: /default-rack, certSerialId: null, persistedOpState: IN_SERVICE, persistedOpStateExpiryEpochSec: 0}, ReplicationConfig: RATIS/THREE, State:ALLOCATED, leaderId:, CreationTimestamp2022-11-08T06:33:23.079Z[Etc/UTC]].
2022-11-08 06:33:23,080 [RatisPipelineUtilsThread - 0] INFO  pipeline.PipelineManagerImpl (PipelineManagerImpl.java:recordMetricsForPipeline(826)) - Pipeline: PipelineID=89621da0-c006-468a-8101-d390d398fa22 contains same datanodes as previous pipelines: PipelineID=68ac76f0-d2ad-46a9-a038-10c2f7a22406 nodeIds: d1e5d709-e257-453b-a807-acff1c76fb8f, fd3bdcb5-514c-4dac-86eb-5773e16bc7f6, 99ee034f-b39b-4991-99d2-5a13f1bd518d
2022-11-08 06:33:24,072 [Listener at 127.0.0.1/39611] INFO  ozone.MiniOzoneClusterImpl (MiniOzoneClusterImpl.java:lambda$waitForClusterToBeReady$0(216)) - Nodes are ready. Got 3 of 3 DN Heartbeats.
2022-11-08 06:33:24,072 [Listener at 127.0.0.1/39611] INFO  ozone.MiniOzoneClusterImpl (MiniOzoneClusterImpl.java:lambda$waitForClusterToBeReady$0(219)) - Waiting for cluster to exit safe mode
2022-11-08 06:33:24,073 [Listener at 127.0.0.1/39611] INFO  ozone.MiniOzoneClusterImpl (MiniOzoneClusterImpl.java:lambda$waitForClusterToBeReady$0(221)) - SCM became leader
2022-11-08 06:33:25,073 [Listener at 127.0.0.1/39611] INFO  ozone.MiniOzoneClusterImpl (MiniOzoneClusterImpl.java:lambda$waitForClusterToBeReady$0(216)) - Nodes are ready. Got 3 of 3 DN Heartbeats.
2022-11-08 06:33:25,073 [Listener at 127.0.0.1/39611] INFO  ozone.MiniOzoneClusterImpl (MiniOzoneClusterImpl.java:lambda$waitForClusterToBeReady$0(219)) - Waiting for cluster to exit safe mode
2022-11-08 06:33:25,073 [Listener at 127.0.0.1/39611] INFO  ozone.MiniOzoneClusterImpl (MiniOzoneClusterImpl.java:lambda$waitForClusterToBeReady$0(221)) - SCM became leader
2022-11-08 06:33:25,075 [Command processor thread] INFO  server.RaftServer (RaftServerProxy.java:addNew(96)) - d1e5d709-e257-453b-a807-acff1c76fb8f: addNew group-A694E237EA82:[d1e5d709-e257-453b-a807-acff1c76fb8f|rpc:10.1.0.244:38117|priority:1|startupRole:FOLLOWER] returns group-A694E237EA82:java.util.concurrent.CompletableFuture@3f24f2b5[Not completed]
2022-11-08 06:33:25,076 [pool-308-thread-1] INFO  server.RaftServer$Division (RaftServerImpl.java:<init>(195)) - d1e5d709-e257-453b-a807-acff1c76fb8f: new RaftServerImpl for group-A694E237EA82:[d1e5d709-e257-453b-a807-acff1c76fb8f|rpc:10.1.0.244:38117|priority:1|startupRole:FOLLOWER] with ContainerStateMachine:uninitialized
2022-11-08 06:33:25,077 [pool-308-thread-1] INFO  server.RaftServerConfigKeys (ConfUtils.java:logGet(46)) - raft.server.rpc.timeout.min = 5s (custom)
2022-11-08 06:33:25,077 [pool-308-thread-1] INFO  server.RaftServerConfigKeys (ConfUtils.java:logGet(46)) - raft.server.rpc.timeout.max = 5200ms (custom)
2022-11-08 06:33:25,077 [pool-308-thread-1] INFO  server.RaftServerConfigKeys (ConfUtils.java:logGet(46)) - raft.server.rpc.sleep.time = 25ms (default)
2022-11-08 06:33:25,077 [pool-308-thread-1] INFO  server.RaftServerConfigKeys (ConfUtils.java:logGet(46)) - raft.server.rpc.slowness.timeout = 300s (custom)
2022-11-08 06:33:25,077 [pool-308-thread-1] INFO  server.RaftServerConfigKeys (ConfUtils.java:logGet(46)) - raft.server.leaderelection.leader.step-down.wait-time = 10s (default)
2022-11-08 06:33:25,077 [pool-308-thread-1] INFO  server.RaftServerConfigKeys (ConfUtils.java:logGet(46)) - raft.server.sleep.deviation.threshold = 300ms (default)
2022-11-08 06:33:25,077 [pool-308-thread-1] INFO  server.RaftServer$Division (ServerState.java:<init>(118)) - d1e5d709-e257-453b-a807-acff1c76fb8f@group-A694E237EA82: ConfigurationManager, init=-1: peers:[d1e5d709-e257-453b-a807-acff1c76fb8f|rpc:10.1.0.244:38117|priority:1|startupRole:FOLLOWER]|listeners:[], old=null, confs=<EMPTY_MAP>
2022-11-08 06:33:25,077 [pool-308-thread-1] INFO  server.RaftServerConfigKeys (ConfUtils.java:logGet(46)) - raft.server.storage.dir = [/home/runner/work/ozone/ozone/hadoop-ozone/integration-test/target/test-dir/MiniOzoneClusterImpl-b4f26986-4eb4-4ecd-9efe-6fbc1efd26b6/datanode-0/data/ratis] (custom)
2022-11-08 06:33:25,077 [pool-308-thread-1] INFO  server.RaftServerConfigKeys (ConfUtils.java:logGet(46)) - raft.server.log.corruption.policy = EXCEPTION (default)
2022-11-08 06:33:25,077 [pool-308-thread-1] INFO  server.RaftServerConfigKeys (ConfUtils.java:logGet(46)) - raft.server.storage.free-space.min = 0MB (=0) (default)
2022-11-08 06:33:25,077 [pool-308-thread-1] INFO  server.RaftServerConfigKeys (ConfUtils.java:logGet(46)) - raft.server.notification.no-leader.timeout = 300s (custom)
2022-11-08 06:33:25,077 [pool-308-thread-1] INFO  server.RaftServerConfigKeys (ConfUtils.java:logGet(46)) - raft.server.retrycache.expirytime = 600000ms (custom)
2022-11-08 06:33:25,077 [pool-308-thread-1] INFO  server.RaftServerConfigKeys (ConfUtils.java:logGet(46)) - raft.server.retrycache.statistics.expirytime = 100μs (default)
2022-11-08 06:33:25,079 [pool-308-thread-1] INFO  server.RaftServerConfigKeys (ConfUtils.java:logGet(46)) - raft.server.log.appender.install.snapshot.enabled = false (custom)
2022-11-08 06:33:25,079 [pool-308-thread-1] INFO  server.RaftServerConfigKeys (ConfUtils.java:logGet(46)) - raft.server.threadpool.server.cached = true (default)
2022-11-08 06:33:25,079 [pool-308-thread-1] INFO  server.RaftServerConfigKeys (ConfUtils.java:logGet(46)) - raft.server.threadpool.server.size = 0 (default)
2022-11-08 06:33:25,079 [pool-308-thread-1] INFO  server.RaftServerConfigKeys (ConfUtils.java:logGet(46)) - raft.server.threadpool.client.cached = true (default)
2022-11-08 06:33:25,079 [pool-308-thread-1] INFO  server.RaftServerConfigKeys (ConfUtils.java:logGet(46)) - raft.server.threadpool.client.size = 0 (default)
2022-11-08 06:33:25,079 [pool-308-thread-1] INFO  storage.RaftStorageDirectory (RaftStorageDirectoryImpl.java:analyzeStorage(137)) - The storage directory /home/runner/work/ozone/ozone/hadoop-ozone/integration-test/target/test-dir/MiniOzoneClusterImpl-b4f26986-4eb4-4ecd-9efe-6fbc1efd26b6/datanode-0/data/ratis/5463439c-a236-4603-ba29-a694e237ea82 does not exist. Creating ...
2022-11-08 06:33:25,081 [pool-308-thread-1] INFO  storage.RaftStorageDirectory (RaftStorageDirectoryImpl.java:tryLock(231)) - Lock on /home/runner/work/ozone/ozone/hadoop-ozone/integration-test/target/test-dir/MiniOzoneClusterImpl-b4f26986-4eb4-4ecd-9efe-6fbc1efd26b6/datanode-0/data/ratis/5463439c-a236-4603-ba29-a694e237ea82/in_use.lock acquired by nodename 12075@fv-az220-111
2022-11-08 06:33:25,084 [pool-308-thread-1] INFO  storage.RaftStorage (RaftStorageImpl.java:format(96)) - Storage directory /home/runner/work/ozone/ozone/hadoop-ozone/integration-test/target/test-dir/MiniOzoneClusterImpl-b4f26986-4eb4-4ecd-9efe-6fbc1efd26b6/datanode-0/data/ratis/5463439c-a236-4603-ba29-a694e237ea82 has been successfully formatted.
2022-11-08 06:33:25,085 [pool-308-thread-1] INFO  ratis.ContainerStateMachine (ContainerStateMachine.java:loadSnapshot(236)) - group-A694E237EA82: The snapshot info is null. Setting the last applied indexto:(t:0, i:~)
2022-11-08 06:33:25,085 [pool-308-thread-1] INFO  server.RaftServerConfigKeys (ConfUtils.java:logGet(46)) - raft.server.log.use.memory = false (default)
2022-11-08 06:33:25,085 [pool-308-thread-1] INFO  server.RaftServerConfigKeys (ConfUtils.java:logGet(46)) - raft.server.log.purge.gap = 1000000 (custom)
2022-11-08 06:33:25,085 [pool-308-thread-1] INFO  server.RaftServerConfigKeys (ConfUtils.java:logGet(46)) - raft.server.log.appender.buffer.byte-limit = 33554432 (custom)
2022-11-08 06:33:25,085 [pool-308-thread-1] INFO  server.RaftServerConfigKeys (ConfUtils.java:logGet(46)) - raft.server.log.statemachine.data.read.timeout = 1000ms (default)
2022-11-08 06:33:25,085 [pool-308-thread-1] INFO  server.RaftServerConfigKeys (ConfUtils.java:logGet(46)) - raft.server.log.purge.preservation.log.num = 0 (default)
2022-11-08 06:33:25,086 [EventQueue-PipelineReportForPipelineReportHandler] INFO  pipeline.PipelineManagerImpl (PipelineManagerImpl.java:openPipeline(367)) - Pipeline Pipeline[ Id: 5463439c-a236-4603-ba29-a694e237ea82, Nodes: d1e5d709-e257-453b-a807-acff1c76fb8f{ip: 10.1.0.244, host: fv-az220-111.shdwizndlbjulinwhzhdmup5sb.jx.internal.cloudapp.net, ports: [REPLICATION=42663, RATIS=38117, RATIS_ADMIN=38117, RATIS_SERVER=38117, STANDALONE=36453], networkLocation: /default-rack, certSerialId: null, persistedOpState: IN_SERVICE, persistedOpStateExpiryEpochSec: 0}, ReplicationConfig: RATIS/ONE, State:ALLOCATED, leaderId:d1e5d709-e257-453b-a807-acff1c76fb8f, CreationTimestamp2022-11-08T06:33:22.082Z[Etc/UTC]] moved to OPEN state
2022-11-08 06:33:25,086 [pool-308-thread-1] INFO  server.RaftServerConfigKeys (ConfUtils.java:logGet(46)) - raft.server.log.segment.size.max = 1048576 (custom)
2022-11-08 06:33:25,087 [pool-308-thread-1] INFO  server.RaftServerConfigKeys (ConfUtils.java:logGet(46)) - raft.server.log.segment.cache.num.max = 2 (custom)
2022-11-08 06:33:25,087 [pool-308-thread-1] INFO  server.RaftServerConfigKeys (ConfUtils.java:logGet(46)) - raft.server.log.segment.cache.size.max = 200MB (=209715200) (default)
2022-11-08 06:33:25,087 [pool-308-thread-1] INFO  segmented.SegmentedRaftLogWorker (SegmentedRaftLogWorker.java:<init>(191)) - new d1e5d709-e257-453b-a807-acff1c76fb8f@group-A694E237EA82-SegmentedRaftLogWorker for RaftStorageImpl:Storage Directory /home/runner/work/ozone/ozone/hadoop-ozone/integration-test/target/test-dir/MiniOzoneClusterImpl-b4f26986-4eb4-4ecd-9efe-6fbc1efd26b6/datanode-0/data/ratis/5463439c-a236-4603-ba29-a694e237ea82
2022-11-08 06:33:25,087 [pool-308-thread-1] INFO  server.RaftServerConfigKeys (ConfUtils.java:logGet(46)) - raft.server.log.queue.byte-limit = 4294967296 (custom)
2022-11-08 06:33:25,087 [pool-308-thread-1] INFO  server.RaftServerConfigKeys (ConfUtils.java:logGet(46)) - raft.server.log.queue.element-limit = 1024 (custom)
2022-11-08 06:33:25,087 [pool-308-thread-1] INFO  server.RaftServerConfigKeys (ConfUtils.java:logGet(46)) - raft.server.log.segment.size.max = 1048576 (custom)
2022-11-08 06:33:25,087 [pool-308-thread-1] INFO  server.RaftServerConfigKeys (ConfUtils.java:logGet(46)) - raft.server.log.preallocated.size = 16384 (custom)
2022-11-08 06:33:25,088 [pool-308-thread-1] INFO  server.RaftServerConfigKeys (ConfUtils.java:logGet(46)) - raft.server.log.force.sync.num = 128 (default)
2022-11-08 06:33:25,088 [pool-308-thread-1] INFO  server.RaftServerConfigKeys (ConfUtils.java:logGet(46)) - raft.server.log.statemachine.data.sync = true (default)
2022-11-08 06:33:25,088 [pool-308-thread-1] INFO  server.RaftServerConfigKeys (ConfUtils.java:logGet(46)) - raft.server.log.statemachine.data.sync.timeout = 10s (default)
2022-11-08 06:33:25,088 [pool-308-thread-1] INFO  server.RaftServerConfigKeys (ConfUtils.java:logGet(46)) - raft.server.log.statemachine.data.sync.timeout.retry = -1 (default)
2022-11-08 06:33:25,092 [EventQueue-OpenPipelineForHealthyPipelineSafeModeRule] INFO  safemode.SCMSafeModeManager (HealthyPipelineSafeModeRule.java:process(137)) - SCM in safe mode. Healthy pipelines reported count is 0, required healthy pipeline reported count is 1
2022-11-08 06:33:25,093 [pool-308-thread-1] INFO  server.RaftServerConfigKeys (ConfUtils.java:logGet(46)) - raft.server.log.write.buffer.size = 1048576 (custom)
2022-11-08 06:33:25,093 [pool-308-thread-1] INFO  server.RaftServerConfigKeys (ConfUtils.java:logGet(46)) - raft.server.log.unsafe-flush.enabled = false (default)
2022-11-08 06:33:25,094 [pool-308-thread-1] INFO  server.RaftServerConfigKeys (ConfUtils.java:logGet(46)) - raft.server.log.async-flush.enabled = false (default)
2022-11-08 06:33:25,094 [pool-308-thread-1] INFO  server.RaftServerConfigKeys (ConfUtils.java:logGet(46)) - raft.server.log.statemachine.data.caching.enabled = true (custom)
2022-11-08 06:33:25,094 [pool-308-thread-1] INFO  segmented.SegmentedRaftLogWorker (SegmentedRaftLogWorker.java:lambda$new$0(136)) - d1e5d709-e257-453b-a807-acff1c76fb8f@group-A694E237EA82-SegmentedRaftLogWorker: flushIndex: setUnconditionally 0 -> -1
2022-11-08 06:33:25,094 [pool-308-thread-1] INFO  segmented.SegmentedRaftLogWorker (SegmentedRaftLogWorker.java:lambda$new$0(136)) - d1e5d709-e257-453b-a807-acff1c76fb8f@group-A694E237EA82-SegmentedRaftLogWorker: safeCacheEvictIndex: setUnconditionally 0 -> -1
2022-11-08 06:33:25,096 [pool-308-thread-1] INFO  server.RaftServer$Division (RaftServerImpl.java:start(334)) - d1e5d709-e257-453b-a807-acff1c76fb8f@group-A694E237EA82: start as a follower, conf=-1: peers:[d1e5d709-e257-453b-a807-acff1c76fb8f|rpc:10.1.0.244:38117|priority:1|startupRole:FOLLOWER]|listeners:[], old=null
2022-11-08 06:33:25,096 [pool-308-thread-1] INFO  server.RaftServer$Division (RaftServerImpl.java:setRole(321)) - d1e5d709-e257-453b-a807-acff1c76fb8f@group-A694E237EA82: changes role from      null to FOLLOWER at term 0 for startAsFollower
2022-11-08 06:33:25,096 [pool-308-thread-1] INFO  impl.RoleInfo (RoleInfo.java:updateAndGet(139)) - d1e5d709-e257-453b-a807-acff1c76fb8f: start d1e5d709-e257-453b-a807-acff1c76fb8f@group-A694E237EA82-FollowerState
2022-11-08 06:33:25,097 [pool-308-thread-1] INFO  util.JmxRegister (JmxRegister.java:tryRegister(44)) - Successfully registered JMX Bean with object name Ratis:service=RaftServer,group=group-A694E237EA82,id=d1e5d709-e257-453b-a807-acff1c76fb8f
2022-11-08 06:33:25,097 [d1e5d709-e257-453b-a807-acff1c76fb8f@group-A694E237EA82-FollowerState] INFO  server.RaftServerConfigKeys (ConfUtils.java:logFallback(53)) - raft.server.rpc.first-election.timeout.min = 5s (fallback to raft.server.rpc.timeout.min)
2022-11-08 06:33:25,097 [pool-308-thread-1] INFO  server.RaftServerConfigKeys (ConfUtils.java:logGet(46)) - raft.server.snapshot.auto.trigger.enabled = true (custom)
2022-11-08 06:33:25,097 [d1e5d709-e257-453b-a807-acff1c76fb8f@group-A694E237EA82-FollowerState] INFO  server.RaftServerConfigKeys (ConfUtils.java:logFallback(53)) - raft.server.rpc.first-election.timeout.max = 5200ms (fallback to raft.server.rpc.timeout.max)
2022-11-08 06:33:25,097 [pool-308-thread-1] INFO  server.RaftServerConfigKeys (ConfUtils.java:logGet(46)) - raft.server.snapshot.auto.trigger.threshold = 10000 (custom)
2022-11-08 06:33:25,097 [pool-308-thread-1] INFO  server.RaftServerConfigKeys (ConfUtils.java:logGet(46)) - raft.server.snapshot.retention.file.num = 5 (custom)
2022-11-08 06:33:25,097 [pool-308-thread-1] INFO  server.RaftServerConfigKeys (ConfUtils.java:logGet(46)) - raft.server.log.purge.upto.snapshot.index = false (default)
2022-11-08 06:33:25,098 [Command processor thread] INFO  ratis.XceiverServerRatis (XceiverServerRatis.java:addGroup(765)) - Created group PipelineID=5463439c-a236-4603-ba29-a694e237ea82
2022-11-08 06:33:25,098 [Command processor thread] INFO  commandhandler.CreatePipelineCommandHandler (CreatePipelineCommandHandler.java:handle(113)) - Created Pipeline RATIS ONE PipelineID=5463439c-a236-4603-ba29-a694e237ea82.
2022-11-08 06:33:25,098 [Command processor thread] INFO  server.RaftServer (RaftServerProxy.java:addNew(96)) - d1e5d709-e257-453b-a807-acff1c76fb8f: addNew group-10C2F7A22406:[fd3bdcb5-514c-4dac-86eb-5773e16bc7f6|rpc:10.1.0.244:40815|priority:0|startupRole:FOLLOWER, 99ee034f-b39b-4991-99d2-5a13f1bd518d|rpc:10.1.0.244:38741|priority:0|startupRole:FOLLOWER, d1e5d709-e257-453b-a807-acff1c76fb8f|rpc:10.1.0.244:38117|priority:1|startupRole:FOLLOWER] returns group-10C2F7A22406:java.util.concurrent.CompletableFuture@3b1b6189[Not completed]
2022-11-08 06:33:25,099 [pool-308-thread-1] INFO  server.RaftServer$Division (RaftServerImpl.java:<init>(195)) - d1e5d709-e257-453b-a807-acff1c76fb8f: new RaftServerImpl for group-10C2F7A22406:[fd3bdcb5-514c-4dac-86eb-5773e16bc7f6|rpc:10.1.0.244:40815|priority:0|startupRole:FOLLOWER, 99ee034f-b39b-4991-99d2-5a13f1bd518d|rpc:10.1.0.244:38741|priority:0|startupRole:FOLLOWER, d1e5d709-e257-453b-a807-acff1c76fb8f|rpc:10.1.0.244:38117|priority:1|startupRole:FOLLOWER] with ContainerStateMachine:uninitialized
2022-11-08 06:33:25,099 [pool-308-thread-1] INFO  server.RaftServerConfigKeys (ConfUtils.java:logGet(46)) - raft.server.rpc.timeout.min = 5s (custom)
2022-11-08 06:33:25,099 [pool-308-thread-1] INFO  server.RaftServerConfigKeys (ConfUtils.java:logGet(46)) - raft.server.rpc.timeout.max = 5200ms (custom)
2022-11-08 06:33:25,099 [pool-308-thread-1] INFO  server.RaftServerConfigKeys (ConfUtils.java:logGet(46)) - raft.server.rpc.sleep.time = 25ms (default)
2022-11-08 06:33:25,099 [pool-308-thread-1] INFO  server.RaftServerConfigKeys (ConfUtils.java:logGet(46)) - raft.server.rpc.slowness.timeout = 300s (custom)
2022-11-08 06:33:25,099 [pool-308-thread-1] INFO  server.RaftServerConfigKeys (ConfUtils.java:logGet(46)) - raft.server.leaderelection.leader.step-down.wait-time = 10s (default)
2022-11-08 06:33:25,099 [pool-308-thread-1] INFO  server.RaftServerConfigKeys (ConfUtils.java:logGet(46)) - raft.server.sleep.deviation.threshold = 300ms (default)
2022-11-08 06:33:25,099 [pool-308-thread-1] INFO  server.RaftServer$Division (ServerState.java:<init>(118)) - d1e5d709-e257-453b-a807-acff1c76fb8f@group-10C2F7A22406: ConfigurationManager, init=-1: peers:[fd3bdcb5-514c-4dac-86eb-5773e16bc7f6|rpc:10.1.0.244:40815|priority:0|startupRole:FOLLOWER, 99ee034f-b39b-4991-99d2-5a13f1bd518d|rpc:10.1.0.244:38741|priority:0|startupRole:FOLLOWER, d1e5d709-e257-453b-a807-acff1c76fb8f|rpc:10.1.0.244:38117|priority:1|startupRole:FOLLOWER]|listeners:[], old=null, confs=<EMPTY_MAP>
2022-11-08 06:33:25,099 [pool-308-thread-1] INFO  server.RaftServerConfigKeys (ConfUtils.java:logGet(46)) - raft.server.storage.dir = [/home/runner/work/ozone/ozone/hadoop-ozone/integration-test/target/test-dir/MiniOzoneClusterImpl-b4f26986-4eb4-4ecd-9efe-6fbc1efd26b6/datanode-0/data/ratis] (custom)
2022-11-08 06:33:25,100 [pool-308-thread-1] INFO  server.RaftServerConfigKeys (ConfUtils.java:logGet(46)) - raft.server.log.corruption.policy = EXCEPTION (default)
2022-11-08 06:33:25,100 [pool-308-thread-1] INFO  server.RaftServerConfigKeys (ConfUtils.java:logGet(46)) - raft.server.storage.free-space.min = 0MB (=0) (default)
2022-11-08 06:33:25,100 [pool-308-thread-1] INFO  server.RaftServerConfigKeys (ConfUtils.java:logGet(46)) - raft.server.notification.no-leader.timeout = 300s (custom)
2022-11-08 06:33:25,100 [pool-308-thread-1] INFO  server.RaftServerConfigKeys (ConfUtils.java:logGet(46)) - raft.server.retrycache.expirytime = 600000ms (custom)
2022-11-08 06:33:25,100 [pool-308-thread-1] INFO  server.RaftServerConfigKeys (ConfUtils.java:logGet(46)) - raft.server.retrycache.statistics.expirytime = 100μs (default)
2022-11-08 06:33:25,101 [pool-308-thread-1] INFO  server.RaftServerConfigKeys (ConfUtils.java:logGet(46)) - raft.server.log.appender.install.snapshot.enabled = false (custom)
2022-11-08 06:33:25,101 [pool-308-thread-1] INFO  server.RaftServerConfigKeys (ConfUtils.java:logGet(46)) - raft.server.threadpool.server.cached = true (default)
2022-11-08 06:33:25,101 [pool-308-thread-1] INFO  server.RaftServerConfigKeys (ConfUtils.java:logGet(46)) - raft.server.threadpool.server.size = 0 (default)
2022-11-08 06:33:25,101 [pool-308-thread-1] INFO  server.RaftServerConfigKeys (ConfUtils.java:logGet(46)) - raft.server.threadpool.client.cached = true (default)
2022-11-08 06:33:25,101 [pool-308-thread-1] INFO  server.RaftServerConfigKeys (ConfUtils.java:logGet(46)) - raft.server.threadpool.client.size = 0 (default)
2022-11-08 06:33:25,101 [pool-308-thread-1] INFO  storage.RaftStorageDirectory (RaftStorageDirectoryImpl.java:analyzeStorage(137)) - The storage directory /home/runner/work/ozone/ozone/hadoop-ozone/integration-test/target/test-dir/MiniOzoneClusterImpl-b4f26986-4eb4-4ecd-9efe-6fbc1efd26b6/datanode-0/data/ratis/68ac76f0-d2ad-46a9-a038-10c2f7a22406 does not exist. Creating ...
2022-11-08 06:33:25,103 [pool-308-thread-1] INFO  storage.RaftStorageDirectory (RaftStorageDirectoryImpl.java:tryLock(231)) - Lock on /home/runner/work/ozone/ozone/hadoop-ozone/integration-test/target/test-dir/MiniOzoneClusterImpl-b4f26986-4eb4-4ecd-9efe-6fbc1efd26b6/datanode-0/data/ratis/68ac76f0-d2ad-46a9-a038-10c2f7a22406/in_use.lock acquired by nodename 12075@fv-az220-111
2022-11-08 06:33:25,105 [pool-308-thread-1] INFO  storage.RaftStorage (RaftStorageImpl.java:format(96)) - Storage directory /home/runner/work/ozone/ozone/hadoop-ozone/integration-test/target/test-dir/MiniOzoneClusterImpl-b4f26986-4eb4-4ecd-9efe-6fbc1efd26b6/datanode-0/data/ratis/68ac76f0-d2ad-46a9-a038-10c2f7a22406 has been successfully formatted.
2022-11-08 06:33:25,105 [pool-308-thread-1] INFO  ratis.ContainerStateMachine (ContainerStateMachine.java:loadSnapshot(236)) - group-10C2F7A22406: The snapshot info is null. Setting the last applied indexto:(t:0, i:~)
2022-11-08 06:33:25,105 [pool-308-thread-1] INFO  server.RaftServerConfigKeys (ConfUtils.java:logGet(46)) - raft.server.log.use.memory = false (default)
2022-11-08 06:33:25,105 [pool-308-thread-1] INFO  server.RaftServerConfigKeys (ConfUtils.java:logGet(46)) - raft.server.log.purge.gap = 1000000 (custom)
2022-11-08 06:33:25,105 [pool-308-thread-1] INFO  server.RaftServerConfigKeys (ConfUtils.java:logGet(46)) - raft.server.log.appender.buffer.byte-limit = 33554432 (custom)
2022-11-08 06:33:25,105 [pool-308-thread-1] INFO  server.RaftServerConfigKeys (ConfUtils.java:logGet(46)) - raft.server.log.statemachine.data.read.timeout = 1000ms (default)
2022-11-08 06:33:25,105 [pool-308-thread-1] INFO  server.RaftServerConfigKeys (ConfUtils.java:logGet(46)) - raft.server.log.purge.preservation.log.num = 0 (default)
2022-11-08 06:33:25,106 [pool-308-thread-1] INFO  server.RaftServerConfigKeys (ConfUtils.java:logGet(46)) - raft.server.log.segment.size.max = 1048576 (custom)
2022-11-08 06:33:25,106 [EventQueue-OpenPipelineForHealthyPipelineSafeModeRule] INFO  safemode.SCMSafeModeManager (HealthyPipelineSafeModeRule.java:process(137)) - SCM in safe mode. Healthy pipelines reported count is 0, required healthy pipeline reported count is 1
2022-11-08 06:33:25,106 [pool-308-thread-1] INFO  server.RaftServerConfigKeys (ConfUtils.java:logGet(46)) - raft.server.log.segment.cache.num.max = 2 (custom)
2022-11-08 06:33:25,107 [pool-308-thread-1] INFO  server.RaftServerConfigKeys (ConfUtils.java:logGet(46)) - raft.server.log.segment.cache.size.max = 200MB (=209715200) (default)
2022-11-08 06:33:25,107 [pool-308-thread-1] INFO  segmented.SegmentedRaftLogWorker (SegmentedRaftLogWorker.java:<init>(191)) - new d1e5d709-e257-453b-a807-acff1c76fb8f@group-10C2F7A22406-SegmentedRaftLogWorker for RaftStorageImpl:Storage Directory /home/runner/work/ozone/ozone/hadoop-ozone/integration-test/target/test-dir/MiniOzoneClusterImpl-b4f26986-4eb4-4ecd-9efe-6fbc1efd26b6/datanode-0/data/ratis/68ac76f0-d2ad-46a9-a038-10c2f7a22406
2022-11-08 06:33:25,107 [pool-308-thread-1] INFO  server.RaftServerConfigKeys (ConfUtils.java:logGet(46)) - raft.server.log.queue.byte-limit = 4294967296 (custom)
2022-11-08 06:33:25,107 [pool-308-thread-1] INFO  server.RaftServerConfigKeys (ConfUtils.java:logGet(46)) - raft.server.log.queue.element-limit = 1024 (custom)
2022-11-08 06:33:25,107 [pool-308-thread-1] INFO  server.RaftServerConfigKeys (ConfUtils.java:logGet(46)) - raft.server.log.segment.size.max = 1048576 (custom)
2022-11-08 06:33:25,107 [pool-308-thread-1] INFO  server.RaftServerConfigKeys (ConfUtils.java:logGet(46)) - raft.server.log.preallocated.size = 16384 (custom)
2022-11-08 06:33:25,107 [pool-308-thread-1] INFO  server.RaftServerConfigKeys (ConfUtils.java:logGet(46)) - raft.server.log.force.sync.num = 128 (default)
2022-11-08 06:33:25,107 [pool-308-thread-1] INFO  server.RaftServerConfigKeys (ConfUtils.java:logGet(46)) - raft.server.log.statemachine.data.sync = true (default)
2022-11-08 06:33:25,107 [pool-308-thread-1] INFO  server.RaftServerConfigKeys (ConfUtils.java:logGet(46)) - raft.server.log.statemachine.data.sync.timeout = 10s (default)
2022-11-08 06:33:25,107 [pool-308-thread-1] INFO  server.RaftServerConfigKeys (ConfUtils.java:logGet(46)) - raft.server.log.statemachine.data.sync.timeout.retry = -1 (default)
2022-11-08 06:33:25,108 [pool-308-thread-1] INFO  server.RaftServerConfigKeys (ConfUtils.java:logGet(46)) - raft.server.log.write.buffer.size = 1048576 (custom)
2022-11-08 06:33:25,109 [pool-308-thread-1] INFO  server.RaftServerConfigKeys (ConfUtils.java:logGet(46)) - raft.server.log.unsafe-flush.enabled = false (default)
2022-11-08 06:33:25,109 [pool-308-thread-1] INFO  server.RaftServerConfigKeys (ConfUtils.java:logGet(46)) - raft.server.log.async-flush.enabled = false (default)
2022-11-08 06:33:25,109 [pool-308-thread-1] INFO  server.RaftServerConfigKeys (ConfUtils.java:logGet(46)) - raft.server.log.statemachine.data.caching.enabled = true (custom)
2022-11-08 06:33:25,109 [pool-308-thread-1] INFO  segmented.SegmentedRaftLogWorker (SegmentedRaftLogWorker.java:lambda$new$0(136)) - d1e5d709-e257-453b-a807-acff1c76fb8f@group-10C2F7A22406-SegmentedRaftLogWorker: flushIndex: setUnconditionally 0 -> -1
2022-11-08 06:33:25,109 [pool-308-thread-1] INFO  segmented.SegmentedRaftLogWorker (SegmentedRaftLogWorker.java:lambda$new$0(136)) - d1e5d709-e257-453b-a807-acff1c76fb8f@group-10C2F7A22406-SegmentedRaftLogWorker: safeCacheEvictIndex: setUnconditionally 0 -> -1
2022-11-08 06:33:25,109 [pool-308-thread-1] INFO  server.RaftServer$Division (RaftServerImpl.java:start(334)) - d1e5d709-e257-453b-a807-acff1c76fb8f@group-10C2F7A22406: start as a follower, conf=-1: peers:[fd3bdcb5-514c-4dac-86eb-5773e16bc7f6|rpc:10.1.0.244:40815|priority:0|startupRole:FOLLOWER, 99ee034f-b39b-4991-99d2-5a13f1bd518d|rpc:10.1.0.244:38741|priority:0|startupRole:FOLLOWER, d1e5d709-e257-453b-a807-acff1c76fb8f|rpc:10.1.0.244:38117|priority:1|startupRole:FOLLOWER]|listeners:[], old=null
2022-11-08 06:33:25,109 [pool-308-thread-1] INFO  server.RaftServer$Division (RaftServerImpl.java:setRole(321)) - d1e5d709-e257-453b-a807-acff1c76fb8f@group-10C2F7A22406: changes role from      null to FOLLOWER at term 0 for startAsFollower
2022-11-08 06:33:25,109 [pool-308-thread-1] INFO  impl.RoleInfo (RoleInfo.java:updateAndGet(139)) - d1e5d709-e257-453b-a807-acff1c76fb8f: start d1e5d709-e257-453b-a807-acff1c76fb8f@group-10C2F7A22406-FollowerState
2022-11-08 06:33:25,110 [pool-308-thread-1] INFO  util.JmxRegister (JmxRegister.java:tryRegister(44)) - Successfully registered JMX Bean with object name Ratis:service=RaftServer,group=group-10C2F7A22406,id=d1e5d709-e257-453b-a807-acff1c76fb8f
2022-11-08 06:33:25,110 [pool-308-thread-1] INFO  server.RaftServerConfigKeys (ConfUtils.java:logGet(46)) - raft.server.snapshot.auto.trigger.enabled = true (custom)
2022-11-08 06:33:25,110 [pool-308-thread-1] INFO  server.RaftServerConfigKeys (ConfUtils.java:logGet(46)) - raft.server.snapshot.auto.trigger.threshold = 10000 (custom)
2022-11-08 06:33:25,110 [pool-308-thread-1] INFO  server.RaftServerConfigKeys (ConfUtils.java:logGet(46)) - raft.server.snapshot.retention.file.num = 5 (custom)
2022-11-08 06:33:25,110 [pool-308-thread-1] INFO  server.RaftServerConfigKeys (ConfUtils.java:logGet(46)) - raft.server.log.purge.upto.snapshot.index = false (default)
2022-11-08 06:33:25,111 [Command processor thread] INFO  ratis.XceiverServerRatis (XceiverServerRatis.java:addGroup(765)) - Created group PipelineID=68ac76f0-d2ad-46a9-a038-10c2f7a22406
2022-11-08 06:33:25,114 [d1e5d709-e257-453b-a807-acff1c76fb8f@group-10C2F7A22406-FollowerState] INFO  server.RaftServerConfigKeys (ConfUtils.java:logFallback(53)) - raft.server.rpc.first-election.timeout.min = 5s (fallback to raft.server.rpc.timeout.min)
2022-11-08 06:33:25,114 [d1e5d709-e257-453b-a807-acff1c76fb8f@group-10C2F7A22406-FollowerState] INFO  server.RaftServerConfigKeys (ConfUtils.java:logFallback(53)) - raft.server.rpc.first-election.timeout.max = 5200ms (fallback to raft.server.rpc.timeout.max)
2022-11-08 06:33:25,133 [grpc-default-executor-0] INFO  server.RaftServer (RaftServerProxy.java:addNew(96)) - 99ee034f-b39b-4991-99d2-5a13f1bd518d: addNew group-10C2F7A22406:[fd3bdcb5-514c-4dac-86eb-5773e16bc7f6|rpc:10.1.0.244:40815|dataStream:|priority:0|startupRole:FOLLOWER, 99ee034f-b39b-4991-99d2-5a13f1bd518d|rpc:10.1.0.244:38741|dataStream:|priority:0|startupRole:FOLLOWER, d1e5d709-e257-453b-a807-acff1c76fb8f|rpc:10.1.0.244:38117|dataStream:|priority:1|startupRole:FOLLOWER] returns group-10C2F7A22406:java.util.concurrent.CompletableFuture@6fe0627c[Not completed]
2022-11-08 06:33:25,134 [pool-354-thread-1] INFO  server.RaftServer$Division (RaftServerImpl.java:<init>(195)) - 99ee034f-b39b-4991-99d2-5a13f1bd518d: new RaftServerImpl for group-10C2F7A22406:[fd3bdcb5-514c-4dac-86eb-5773e16bc7f6|rpc:10.1.0.244:40815|dataStream:|priority:0|startupRole:FOLLOWER, 99ee034f-b39b-4991-99d2-5a13f1bd518d|rpc:10.1.0.244:38741|dataStream:|priority:0|startupRole:FOLLOWER, d1e5d709-e257-453b-a807-acff1c76fb8f|rpc:10.1.0.244:38117|dataStream:|priority:1|startupRole:FOLLOWER] with ContainerStateMachine:uninitialized
2022-11-08 06:33:25,134 [pool-354-thread-1] INFO  server.RaftServerConfigKeys (ConfUtils.java:logGet(46)) - raft.server.rpc.timeout.min = 5s (custom)
2022-11-08 06:33:25,134 [pool-354-thread-1] INFO  server.RaftServerConfigKeys (ConfUtils.java:logGet(46)) - raft.server.rpc.timeout.max = 5200ms (custom)
2022-11-08 06:33:25,134 [pool-354-thread-1] INFO  server.RaftServerConfigKeys (ConfUtils.java:logGet(46)) - raft.server.rpc.sleep.time = 25ms (default)
2022-11-08 06:33:25,134 [pool-354-thread-1] INFO  server.RaftServerConfigKeys (ConfUtils.java:logGet(46)) - raft.server.rpc.slowness.timeout = 300s (custom)
2022-11-08 06:33:25,134 [pool-354-thread-1] INFO  server.RaftServerConfigKeys (ConfUtils.java:logGet(46)) - raft.server.leaderelection.leader.step-down.wait-time = 10s (default)
2022-11-08 06:33:25,134 [pool-354-thread-1] INFO  server.RaftServerConfigKeys (ConfUtils.java:logGet(46)) - raft.server.sleep.deviation.threshold = 300ms (default)
2022-11-08 06:33:25,135 [pool-354-thread-1] INFO  server.RaftServer$Division (ServerState.java:<init>(118)) - 99ee034f-b39b-4991-99d2-5a13f1bd518d@group-10C2F7A22406: ConfigurationManager, init=-1: peers:[fd3bdcb5-514c-4dac-86eb-5773e16bc7f6|rpc:10.1.0.244:40815|dataStream:|priority:0|startupRole:FOLLOWER, 99ee034f-b39b-4991-99d2-5a13f1bd518d|rpc:10.1.0.244:38741|dataStream:|priority:0|startupRole:FOLLOWER, d1e5d709-e257-453b-a807-acff1c76fb8f|rpc:10.1.0.244:38117|dataStream:|priority:1|startupRole:FOLLOWER]|listeners:[], old=null, confs=<EMPTY_MAP>
2022-11-08 06:33:25,135 [pool-354-thread-1] INFO  server.RaftServerConfigKeys (ConfUtils.java:logGet(46)) - raft.server.storage.dir = [/home/runner/work/ozone/ozone/hadoop-ozone/integration-test/target/test-dir/MiniOzoneClusterImpl-b4f26986-4eb4-4ecd-9efe-6fbc1efd26b6/datanode-2/data/ratis] (custom)
2022-11-08 06:33:25,135 [pool-354-thread-1] INFO  server.RaftServerConfigKeys (ConfUtils.java:logGet(46)) - raft.server.log.corruption.policy = EXCEPTION (default)
2022-11-08 06:33:25,135 [pool-354-thread-1] INFO  server.RaftServerConfigKeys (ConfUtils.java:logGet(46)) - raft.server.storage.free-space.min = 0MB (=0) (default)
2022-11-08 06:33:25,135 [pool-354-thread-1] INFO  server.RaftServerConfigKeys (ConfUtils.java:logGet(46)) - raft.server.notification.no-leader.timeout = 300s (custom)
2022-11-08 06:33:25,135 [pool-354-thread-1] INFO  server.RaftServerConfigKeys (ConfUtils.java:logGet(46)) - raft.server.retrycache.expirytime = 600000ms (custom)
2022-11-08 06:33:25,135 [pool-354-thread-1] INFO  server.RaftServerConfigKeys (ConfUtils.java:logGet(46)) - raft.server.retrycache.statistics.expirytime = 100μs (default)
2022-11-08 06:33:25,136 [pool-354-thread-1] INFO  server.RaftServerConfigKeys (ConfUtils.java:logGet(46)) - raft.server.log.appender.install.snapshot.enabled = false (custom)
2022-11-08 06:33:25,136 [pool-354-thread-1] INFO  server.RaftServerConfigKeys (ConfUtils.java:logGet(46)) - raft.server.threadpool.server.cached = true (default)
2022-11-08 06:33:25,136 [pool-354-thread-1] INFO  server.RaftServerConfigKeys (ConfUtils.java:logGet(46)) - raft.server.threadpool.server.size = 0 (default)
2022-11-08 06:33:25,136 [pool-354-thread-1] INFO  server.RaftServerConfigKeys (ConfUtils.java:logGet(46)) - raft.server.threadpool.client.cached = true (default)
2022-11-08 06:33:25,136 [pool-354-thread-1] INFO  server.RaftServerConfigKeys (ConfUtils.java:logGet(46)) - raft.server.threadpool.client.size = 0 (default)
2022-11-08 06:33:25,137 [pool-354-thread-1] INFO  storage.RaftStorageDirectory (RaftStorageDirectoryImpl.java:analyzeStorage(137)) - The storage directory /home/runner/work/ozone/ozone/hadoop-ozone/integration-test/target/test-dir/MiniOzoneClusterImpl-b4f26986-4eb4-4ecd-9efe-6fbc1efd26b6/datanode-2/data/ratis/68ac76f0-d2ad-46a9-a038-10c2f7a22406 does not exist. Creating ...
2022-11-08 06:33:25,138 [pool-354-thread-1] INFO  storage.RaftStorageDirectory (RaftStorageDirectoryImpl.java:tryLock(231)) - Lock on /home/runner/work/ozone/ozone/hadoop-ozone/integration-test/target/test-dir/MiniOzoneClusterImpl-b4f26986-4eb4-4ecd-9efe-6fbc1efd26b6/datanode-2/data/ratis/68ac76f0-d2ad-46a9-a038-10c2f7a22406/in_use.lock acquired by nodename 12075@fv-az220-111
2022-11-08 06:33:25,140 [pool-354-thread-1] INFO  storage.RaftStorage (RaftStorageImpl.java:format(96)) - Storage directory /home/runner/work/ozone/ozone/hadoop-ozone/integration-test/target/test-dir/MiniOzoneClusterImpl-b4f26986-4eb4-4ecd-9efe-6fbc1efd26b6/datanode-2/data/ratis/68ac76f0-d2ad-46a9-a038-10c2f7a22406 has been successfully formatted.
2022-11-08 06:33:25,140 [pool-354-thread-1] INFO  ratis.ContainerStateMachine (ContainerStateMachine.java:loadSnapshot(236)) - group-10C2F7A22406: The snapshot info is null. Setting the last applied indexto:(t:0, i:~)
2022-11-08 06:33:25,141 [pool-354-thread-1] INFO  server.RaftServerConfigKeys (ConfUtils.java:logGet(46)) - raft.server.log.use.memory = false (default)
2022-11-08 06:33:25,141 [pool-354-thread-1] INFO  server.RaftServerConfigKeys (ConfUtils.java:logGet(46)) - raft.server.log.purge.gap = 1000000 (custom)
2022-11-08 06:33:25,141 [pool-354-thread-1] INFO  server.RaftServerConfigKeys (ConfUtils.java:logGet(46)) - raft.server.log.appender.buffer.byte-limit = 33554432 (custom)
2022-11-08 06:33:25,141 [pool-354-thread-1] INFO  server.RaftServerConfigKeys (ConfUtils.java:logGet(46)) - raft.server.log.statemachine.data.read.timeout = 1000ms (default)
2022-11-08 06:33:25,141 [pool-354-thread-1] INFO  server.RaftServerConfigKeys (ConfUtils.java:logGet(46)) - raft.server.log.purge.preservation.log.num = 0 (default)
2022-11-08 06:33:25,142 [pool-354-thread-1] INFO  server.RaftServerConfigKeys (ConfUtils.java:logGet(46)) - raft.server.log.segment.size.max = 1048576 (custom)
2022-11-08 06:33:25,142 [pool-354-thread-1] INFO  server.RaftServerConfigKeys (ConfUtils.java:logGet(46)) - raft.server.log.segment.cache.num.max = 2 (custom)
2022-11-08 06:33:25,142 [pool-354-thread-1] INFO  server.RaftServerConfigKeys (ConfUtils.java:logGet(46)) - raft.server.log.segment.cache.size.max = 200MB (=209715200) (default)
2022-11-08 06:33:25,142 [pool-354-thread-1] INFO  segmented.SegmentedRaftLogWorker (SegmentedRaftLogWorker.java:<init>(191)) - new 99ee034f-b39b-4991-99d2-5a13f1bd518d@group-10C2F7A22406-SegmentedRaftLogWorker for RaftStorageImpl:Storage Directory /home/runner/work/ozone/ozone/hadoop-ozone/integration-test/target/test-dir/MiniOzoneClusterImpl-b4f26986-4eb4-4ecd-9efe-6fbc1efd26b6/datanode-2/data/ratis/68ac76f0-d2ad-46a9-a038-10c2f7a22406
2022-11-08 06:33:25,143 [pool-354-thread-1] INFO  server.RaftServerConfigKeys (ConfUtils.java:logGet(46)) - raft.server.log.queue.byte-limit = 4294967296 (custom)
2022-11-08 06:33:25,143 [pool-354-thread-1] INFO  server.RaftServerConfigKeys (ConfUtils.java:logGet(46)) - raft.server.log.queue.element-limit = 1024 (custom)
2022-11-08 06:33:25,143 [pool-354-thread-1] INFO  server.RaftServerConfigKeys (ConfUtils.java:logGet(46)) - raft.server.log.segment.size.max = 1048576 (custom)
2022-11-08 06:33:25,143 [pool-354-thread-1] INFO  server.RaftServerConfigKeys (ConfUtils.java:logGet(46)) - raft.server.log.preallocated.size = 16384 (custom)
2022-11-08 06:33:25,143 [pool-354-thread-1] INFO  server.RaftServerConfigKeys (ConfUtils.java:logGet(46)) - raft.server.log.force.sync.num = 128 (default)
2022-11-08 06:33:25,143 [pool-354-thread-1] INFO  server.RaftServerConfigKeys (ConfUtils.java:logGet(46)) - raft.server.log.statemachine.data.sync = true (default)
2022-11-08 06:33:25,143 [pool-354-thread-1] INFO  server.RaftServerConfigKeys (ConfUtils.java:logGet(46)) - raft.server.log.statemachine.data.sync.timeout = 10s (default)
2022-11-08 06:33:25,143 [pool-354-thread-1] INFO  server.RaftServerConfigKeys (ConfUtils.java:logGet(46)) - raft.server.log.statemachine.data.sync.timeout.retry = -1 (default)
2022-11-08 06:33:25,144 [pool-354-thread-1] INFO  server.RaftServerConfigKeys (ConfUtils.java:logGet(46)) - raft.server.log.write.buffer.size = 1048576 (custom)
2022-11-08 06:33:25,144 [pool-354-thread-1] INFO  server.RaftServerConfigKeys (ConfUtils.java:logGet(46)) - raft.server.log.unsafe-flush.enabled = false (default)
2022-11-08 06:33:25,144 [pool-354-thread-1] INFO  server.RaftServerConfigKeys (ConfUtils.java:logGet(46)) - raft.server.log.async-flush.enabled = false (default)
2022-11-08 06:33:25,145 [pool-354-thread-1] INFO  server.RaftServerConfigKeys (ConfUtils.java:logGet(46)) - raft.server.log.statemachine.data.caching.enabled = true (custom)
2022-11-08 06:33:25,145 [pool-354-thread-1] INFO  segmented.SegmentedRaftLogWorker (SegmentedRaftLogWorker.java:lambda$new$0(136)) - 99ee034f-b39b-4991-99d2-5a13f1bd518d@group-10C2F7A22406-SegmentedRaftLogWorker: flushIndex: setUnconditionally 0 -> -1
2022-11-08 06:33:25,145 [pool-354-thread-1] INFO  segmented.SegmentedRaftLogWorker (SegmentedRaftLogWorker.java:lambda$new$0(136)) - 99ee034f-b39b-4991-99d2-5a13f1bd518d@group-10C2F7A22406-SegmentedRaftLogWorker: safeCacheEvictIndex: setUnconditionally 0 -> -1
2022-11-08 06:33:25,145 [pool-354-thread-1] INFO  server.RaftServer$Division (RaftServerImpl.java:start(334)) - 99ee034f-b39b-4991-99d2-5a13f1bd518d@group-10C2F7A22406: start as a follower, conf=-1: peers:[fd3bdcb5-514c-4dac-86eb-5773e16bc7f6|rpc:10.1.0.244:40815|dataStream:|priority:0|startupRole:FOLLOWER, 99ee034f-b39b-4991-99d2-5a13f1bd518d|rpc:10.1.0.244:38741|dataStream:|priority:0|startupRole:FOLLOWER, d1e5d709-e257-453b-a807-acff1c76fb8f|rpc:10.1.0.244:38117|dataStream:|priority:1|startupRole:FOLLOWER]|listeners:[], old=null
2022-11-08 06:33:25,145 [pool-354-thread-1] INFO  server.RaftServer$Division (RaftServerImpl.java:setRole(321)) - 99ee034f-b39b-4991-99d2-5a13f1bd518d@group-10C2F7A22406: changes role from      null to FOLLOWER at term 0 for startAsFollower
2022-11-08 06:33:25,145 [pool-354-thread-1] INFO  impl.RoleInfo (RoleInfo.java:updateAndGet(139)) - 99ee034f-b39b-4991-99d2-5a13f1bd518d: start 99ee034f-b39b-4991-99d2-5a13f1bd518d@group-10C2F7A22406-FollowerState
2022-11-08 06:33:25,149 [pool-354-thread-1] INFO  util.JmxRegister (JmxRegister.java:tryRegister(44)) - Successfully registered JMX Bean with object name Ratis:service=RaftServer,group=group-10C2F7A22406,id=99ee034f-b39b-4991-99d2-5a13f1bd518d
2022-11-08 06:33:25,149 [pool-354-thread-1] INFO  server.RaftServerConfigKeys (ConfUtils.java:logGet(46)) - raft.server.snapshot.auto.trigger.enabled = true (custom)
2022-11-08 06:33:25,149 [pool-354-thread-1] INFO  server.RaftServerConfigKeys (ConfUtils.java:logGet(46)) - raft.server.snapshot.auto.trigger.threshold = 10000 (custom)
2022-11-08 06:33:25,149 [pool-354-thread-1] INFO  server.RaftServerConfigKeys (ConfUtils.java:logGet(46)) - raft.server.snapshot.retention.file.num = 5 (custom)
2022-11-08 06:33:25,149 [pool-354-thread-1] INFO  server.RaftServerConfigKeys (ConfUtils.java:logGet(46)) - raft.server.log.purge.upto.snapshot.index = false (default)
2022-11-08 06:33:25,150 [99ee034f-b39b-4991-99d2-5a13f1bd518d@group-10C2F7A22406-FollowerState] INFO  server.RaftServerConfigKeys (ConfUtils.java:logFallback(53)) - raft.server.rpc.first-election.timeout.min = 5s (fallback to raft.server.rpc.timeout.min)
2022-11-08 06:33:25,150 [99ee034f-b39b-4991-99d2-5a13f1bd518d@group-10C2F7A22406-FollowerState] INFO  server.RaftServerConfigKeys (ConfUtils.java:logFallback(53)) - raft.server.rpc.first-election.timeout.max = 5200ms (fallback to raft.server.rpc.timeout.max)
2022-11-08 06:33:25,189 [grpc-default-executor-0] INFO  server.RaftServer (RaftServerProxy.java:addNew(96)) - fd3bdcb5-514c-4dac-86eb-5773e16bc7f6: addNew group-10C2F7A22406:[fd3bdcb5-514c-4dac-86eb-5773e16bc7f6|rpc:10.1.0.244:40815|dataStream:|priority:0|startupRole:FOLLOWER, 99ee034f-b39b-4991-99d2-5a13f1bd518d|rpc:10.1.0.244:38741|dataStream:|priority:0|startupRole:FOLLOWER, d1e5d709-e257-453b-a807-acff1c76fb8f|rpc:10.1.0.244:38117|dataStream:|priority:1|startupRole:FOLLOWER] returns group-10C2F7A22406:java.util.concurrent.CompletableFuture@233b3cd8[Not completed]
2022-11-08 06:33:25,191 [pool-331-thread-1] INFO  server.RaftServer$Division (RaftServerImpl.java:<init>(195)) - fd3bdcb5-514c-4dac-86eb-5773e16bc7f6: new RaftServerImpl for group-10C2F7A22406:[fd3bdcb5-514c-4dac-86eb-5773e16bc7f6|rpc:10.1.0.244:40815|dataStream:|priority:0|startupRole:FOLLOWER, 99ee034f-b39b-4991-99d2-5a13f1bd518d|rpc:10.1.0.244:38741|dataStream:|priority:0|startupRole:FOLLOWER, d1e5d709-e257-453b-a807-acff1c76fb8f|rpc:10.1.0.244:38117|dataStream:|priority:1|startupRole:FOLLOWER] with ContainerStateMachine:uninitialized
2022-11-08 06:33:25,191 [pool-331-thread-1] INFO  server.RaftServerConfigKeys (ConfUtils.java:logGet(46)) - raft.server.rpc.timeout.min = 5s (custom)
2022-11-08 06:33:25,192 [pool-331-thread-1] INFO  server.RaftServerConfigKeys (ConfUtils.java:logGet(46)) - raft.server.rpc.timeout.max = 5200ms (custom)
2022-11-08 06:33:25,192 [pool-331-thread-1] INFO  server.RaftServerConfigKeys (ConfUtils.java:logGet(46)) - raft.server.rpc.sleep.time = 25ms (default)
2022-11-08 06:33:25,192 [pool-331-thread-1] INFO  server.RaftServerConfigKeys (ConfUtils.java:logGet(46)) - raft.server.rpc.slowness.timeout = 300s (custom)
2022-11-08 06:33:25,192 [pool-331-thread-1] INFO  server.RaftServerConfigKeys (ConfUtils.java:logGet(46)) - raft.server.leaderelection.leader.step-down.wait-time = 10s (default)
2022-11-08 06:33:25,192 [pool-331-thread-1] INFO  server.RaftServerConfigKeys (ConfUtils.java:logGet(46)) - raft.server.sleep.deviation.threshold = 300ms (default)
2022-11-08 06:33:25,192 [pool-331-thread-1] INFO  server.RaftServer$Division (ServerState.java:<init>(118)) - fd3bdcb5-514c-4dac-86eb-5773e16bc7f6@group-10C2F7A22406: ConfigurationManager, init=-1: peers:[fd3bdcb5-514c-4dac-86eb-5773e16bc7f6|rpc:10.1.0.244:40815|dataStream:|priority:0|startupRole:FOLLOWER, 99ee034f-b39b-4991-99d2-5a13f1bd518d|rpc:10.1.0.244:38741|dataStream:|priority:0|startupRole:FOLLOWER, d1e5d709-e257-453b-a807-acff1c76fb8f|rpc:10.1.0.244:38117|dataStream:|priority:1|startupRole:FOLLOWER]|listeners:[], old=null, confs=<EMPTY_MAP>
2022-11-08 06:33:25,192 [pool-331-thread-1] INFO  server.RaftServerConfigKeys (ConfUtils.java:logGet(46)) - raft.server.storage.dir = [/home/runner/work/ozone/ozone/hadoop-ozone/integration-test/target/test-dir/MiniOzoneClusterImpl-b4f26986-4eb4-4ecd-9efe-6fbc1efd26b6/datanode-1/data/ratis] (custom)
2022-11-08 06:33:25,192 [pool-331-thread-1] INFO  server.RaftServerConfigKeys (ConfUtils.java:logGet(46)) - raft.server.log.corruption.policy = EXCEPTION (default)
2022-11-08 06:33:25,192 [pool-331-thread-1] INFO  server.RaftServerConfigKeys (ConfUtils.java:logGet(46)) - raft.server.storage.free-space.min = 0MB (=0) (default)
2022-11-08 06:33:25,192 [pool-331-thread-1] INFO  server.RaftServerConfigKeys (ConfUtils.java:logGet(46)) - raft.server.notification.no-leader.timeout = 300s (custom)
2022-11-08 06:33:25,192 [pool-331-thread-1] INFO  server.RaftServerConfigKeys (ConfUtils.java:logGet(46)) - raft.server.retrycache.expirytime = 600000ms (custom)
2022-11-08 06:33:25,193 [pool-331-thread-1] INFO  server.RaftServerConfigKeys (ConfUtils.java:logGet(46)) - raft.server.retrycache.statistics.expirytime = 100μs (default)
2022-11-08 06:33:25,194 [pool-331-thread-1] INFO  server.RaftServerConfigKeys (ConfUtils.java:logGet(46)) - raft.server.log.appender.install.snapshot.enabled = false (custom)
2022-11-08 06:33:25,194 [pool-331-thread-1] INFO  server.RaftServerConfigKeys (ConfUtils.java:logGet(46)) - raft.server.threadpool.server.cached = true (default)
2022-11-08 06:33:25,194 [pool-331-thread-1] INFO  server.RaftServerConfigKeys (ConfUtils.java:logGet(46)) - raft.server.threadpool.server.size = 0 (default)
2022-11-08 06:33:25,194 [pool-331-thread-1] INFO  server.RaftServerConfigKeys (ConfUtils.java:logGet(46)) - raft.server.threadpool.client.cached = true (default)
2022-11-08 06:33:25,194 [pool-331-thread-1] INFO  server.RaftServerConfigKeys (ConfUtils.java:logGet(46)) - raft.server.threadpool.client.size = 0 (default)
2022-11-08 06:33:25,194 [pool-331-thread-1] INFO  storage.RaftStorageDirectory (RaftStorageDirectoryImpl.java:analyzeStorage(137)) - The storage directory /home/runner/work/ozone/ozone/hadoop-ozone/integration-test/target/test-dir/MiniOzoneClusterImpl-b4f26986-4eb4-4ecd-9efe-6fbc1efd26b6/datanode-1/data/ratis/68ac76f0-d2ad-46a9-a038-10c2f7a22406 does not exist. Creating ...
2022-11-08 06:33:25,195 [pool-331-thread-1] INFO  storage.RaftStorageDirectory (RaftStorageDirectoryImpl.java:tryLock(231)) - Lock on /home/runner/work/ozone/ozone/hadoop-ozone/integration-test/target/test-dir/MiniOzoneClusterImpl-b4f26986-4eb4-4ecd-9efe-6fbc1efd26b6/datanode-1/data/ratis/68ac76f0-d2ad-46a9-a038-10c2f7a22406/in_use.lock acquired by nodename 12075@fv-az220-111
2022-11-08 06:33:25,197 [pool-331-thread-1] INFO  storage.RaftStorage (RaftStorageImpl.java:format(96)) - Storage directory /home/runner/work/ozone/ozone/hadoop-ozone/integration-test/target/test-dir/MiniOzoneClusterImpl-b4f26986-4eb4-4ecd-9efe-6fbc1efd26b6/datanode-1/data/ratis/68ac76f0-d2ad-46a9-a038-10c2f7a22406 has been successfully formatted.
2022-11-08 06:33:25,198 [pool-331-thread-1] INFO  ratis.ContainerStateMachine (ContainerStateMachine.java:loadSnapshot(236)) - group-10C2F7A22406: The snapshot info is null. Setting the last applied indexto:(t:0, i:~)
2022-11-08 06:33:25,198 [pool-331-thread-1] INFO  server.RaftServerConfigKeys (ConfUtils.java:logGet(46)) - raft.server.log.use.memory = false (default)
2022-11-08 06:33:25,200 [pool-331-thread-1] INFO  server.RaftServerConfigKeys (ConfUtils.java:logGet(46)) - raft.server.log.purge.gap = 1000000 (custom)
2022-11-08 06:33:25,200 [pool-331-thread-1] INFO  server.RaftServerConfigKeys (ConfUtils.java:logGet(46)) - raft.server.log.appender.buffer.byte-limit = 33554432 (custom)
2022-11-08 06:33:25,200 [pool-331-thread-1] INFO  server.RaftServerConfigKeys (ConfUtils.java:logGet(46)) - raft.server.log.statemachine.data.read.timeout = 1000ms (default)
2022-11-08 06:33:25,200 [pool-331-thread-1] INFO  server.RaftServerConfigKeys (ConfUtils.java:logGet(46)) - raft.server.log.purge.preservation.log.num = 0 (default)
2022-11-08 06:33:25,201 [pool-331-thread-1] INFO  server.RaftServerConfigKeys (ConfUtils.java:logGet(46)) - raft.server.log.segment.size.max = 1048576 (custom)
2022-11-08 06:33:25,201 [pool-331-thread-1] INFO  server.RaftServerConfigKeys (ConfUtils.java:logGet(46)) - raft.server.log.segment.cache.num.max = 2 (custom)
2022-11-08 06:33:25,201 [pool-331-thread-1] INFO  server.RaftServerConfigKeys (ConfUtils.java:logGet(46)) - raft.server.log.segment.cache.size.max = 200MB (=209715200) (default)
2022-11-08 06:33:25,201 [pool-331-thread-1] INFO  segmented.SegmentedRaftLogWorker (SegmentedRaftLogWorker.java:<init>(191)) - new fd3bdcb5-514c-4dac-86eb-5773e16bc7f6@group-10C2F7A22406-SegmentedRaftLogWorker for RaftStorageImpl:Storage Directory /home/runner/work/ozone/ozone/hadoop-ozone/integration-test/target/test-dir/MiniOzoneClusterImpl-b4f26986-4eb4-4ecd-9efe-6fbc1efd26b6/datanode-1/data/ratis/68ac76f0-d2ad-46a9-a038-10c2f7a22406
2022-11-08 06:33:25,201 [pool-331-thread-1] INFO  server.RaftServerConfigKeys (ConfUtils.java:logGet(46)) - raft.server.log.queue.byte-limit = 4294967296 (custom)
2022-11-08 06:33:25,201 [pool-331-thread-1] INFO  server.RaftServerConfigKeys (ConfUtils.java:logGet(46)) - raft.server.log.queue.element-limit = 1024 (custom)
2022-11-08 06:33:25,201 [pool-331-thread-1] INFO  server.RaftServerConfigKeys (ConfUtils.java:logGet(46)) - raft.server.log.segment.size.max = 1048576 (custom)
2022-11-08 06:33:25,201 [pool-331-thread-1] INFO  server.RaftServerConfigKeys (ConfUtils.java:logGet(46)) - raft.server.log.preallocated.size = 16384 (custom)
2022-11-08 06:33:25,201 [pool-331-thread-1] INFO  server.RaftServerConfigKeys (ConfUtils.java:logGet(46)) - raft.server.log.force.sync.num = 128 (default)
2022-11-08 06:33:25,201 [pool-331-thread-1] INFO  server.RaftServerConfigKeys (ConfUtils.java:logGet(46)) - raft.server.log.statemachine.data.sync = true (default)
2022-11-08 06:33:25,201 [pool-331-thread-1] INFO  server.RaftServerConfigKeys (ConfUtils.java:logGet(46)) - raft.server.log.statemachine.data.sync.timeout = 10s (default)
2022-11-08 06:33:25,201 [pool-331-thread-1] INFO  server.RaftServerConfigKeys (ConfUtils.java:logGet(46)) - raft.server.log.statemachine.data.sync.timeout.retry = -1 (default)
2022-11-08 06:33:25,202 [pool-331-thread-1] INFO  server.RaftServerConfigKeys (ConfUtils.java:logGet(46)) - raft.server.log.write.buffer.size = 1048576 (custom)
2022-11-08 06:33:25,202 [pool-331-thread-1] INFO  server.RaftServerConfigKeys (ConfUtils.java:logGet(46)) - raft.server.log.unsafe-flush.enabled = false (default)
2022-11-08 06:33:25,203 [pool-331-thread-1] INFO  server.RaftServerConfigKeys (ConfUtils.java:logGet(46)) - raft.server.log.async-flush.enabled = false (default)
2022-11-08 06:33:25,203 [pool-331-thread-1] INFO  server.RaftServerConfigKeys (ConfUtils.java:logGet(46)) - raft.server.log.statemachine.data.caching.enabled = true (custom)
2022-11-08 06:33:25,203 [pool-331-thread-1] INFO  segmented.SegmentedRaftLogWorker (SegmentedRaftLogWorker.java:lambda$new$0(136)) - fd3bdcb5-514c-4dac-86eb-5773e16bc7f6@group-10C2F7A22406-SegmentedRaftLogWorker: flushIndex: setUnconditionally 0 -> -1
2022-11-08 06:33:25,203 [pool-331-thread-1] INFO  segmented.SegmentedRaftLogWorker (SegmentedRaftLogWorker.java:lambda$new$0(136)) - fd3bdcb5-514c-4dac-86eb-5773e16bc7f6@group-10C2F7A22406-SegmentedRaftLogWorker: safeCacheEvictIndex: setUnconditionally 0 -> -1
2022-11-08 06:33:25,205 [pool-331-thread-1] INFO  server.RaftServer$Division (RaftServerImpl.java:start(334)) - fd3bdcb5-514c-4dac-86eb-5773e16bc7f6@group-10C2F7A22406: start as a follower, conf=-1: peers:[fd3bdcb5-514c-4dac-86eb-5773e16bc7f6|rpc:10.1.0.244:40815|dataStream:|priority:0|startupRole:FOLLOWER, 99ee034f-b39b-4991-99d2-5a13f1bd518d|rpc:10.1.0.244:38741|dataStream:|priority:0|startupRole:FOLLOWER, d1e5d709-e257-453b-a807-acff1c76fb8f|rpc:10.1.0.244:38117|dataStream:|priority:1|startupRole:FOLLOWER]|listeners:[], old=null
2022-11-08 06:33:25,205 [pool-331-thread-1] INFO  server.RaftServer$Division (RaftServerImpl.java:setRole(321)) - fd3bdcb5-514c-4dac-86eb-5773e16bc7f6@group-10C2F7A22406: changes role from      null to FOLLOWER at term 0 for startAsFollower
2022-11-08 06:33:25,207 [pool-331-thread-1] INFO  impl.RoleInfo (RoleInfo.java:updateAndGet(139)) - fd3bdcb5-514c-4dac-86eb-5773e16bc7f6: start fd3bdcb5-514c-4dac-86eb-5773e16bc7f6@group-10C2F7A22406-FollowerState
2022-11-08 06:33:25,212 [pool-331-thread-1] INFO  util.JmxRegister (JmxRegister.java:tryRegister(44)) - Successfully registered JMX Bean with object name Ratis:service=RaftServer,group=group-10C2F7A22406,id=fd3bdcb5-514c-4dac-86eb-5773e16bc7f6
2022-11-08 06:33:25,212 [fd3bdcb5-514c-4dac-86eb-5773e16bc7f6@group-10C2F7A22406-FollowerState] INFO  server.RaftServerConfigKeys (ConfUtils.java:logFallback(53)) - raft.server.rpc.first-election.timeout.min = 5s (fallback to raft.server.rpc.timeout.min)
2022-11-08 06:33:25,212 [pool-331-thread-1] INFO  server.RaftServerConfigKeys (ConfUtils.java:logGet(46)) - raft.server.snapshot.auto.trigger.enabled = true (custom)
2022-11-08 06:33:25,213 [fd3bdcb5-514c-4dac-86eb-5773e16bc7f6@group-10C2F7A22406-FollowerState] INFO  server.RaftServerConfigKeys (ConfUtils.java:logFallback(53)) - raft.server.rpc.first-election.timeout.max = 5200ms (fallback to raft.server.rpc.timeout.max)
2022-11-08 06:33:25,213 [pool-331-thread-1] INFO  server.RaftServerConfigKeys (ConfUtils.java:logGet(46)) - raft.server.snapshot.auto.trigger.threshold = 10000 (custom)
2022-11-08 06:33:25,213 [pool-331-thread-1] INFO  server.RaftServerConfigKeys (ConfUtils.java:logGet(46)) - raft.server.snapshot.retention.file.num = 5 (custom)
2022-11-08 06:33:25,213 [pool-331-thread-1] INFO  server.RaftServerConfigKeys (ConfUtils.java:logGet(46)) - raft.server.log.purge.upto.snapshot.index = false (default)
2022-11-08 06:33:25,219 [Command processor thread] INFO  commandhandler.CreatePipelineCommandHandler (CreatePipelineCommandHandler.java:handle(113)) - Created Pipeline RATIS THREE PipelineID=68ac76f0-d2ad-46a9-a038-10c2f7a22406.
2022-11-08 06:33:25,219 [Command processor thread] INFO  server.RaftServer (RaftServerProxy.java:addNew(96)) - d1e5d709-e257-453b-a807-acff1c76fb8f: addNew group-D390D398FA22:[fd3bdcb5-514c-4dac-86eb-5773e16bc7f6|rpc:10.1.0.244:40815|priority:0|startupRole:FOLLOWER, 99ee034f-b39b-4991-99d2-5a13f1bd518d|rpc:10.1.0.244:38741|priority:1|startupRole:FOLLOWER, d1e5d709-e257-453b-a807-acff1c76fb8f|rpc:10.1.0.244:38117|priority:0|startupRole:FOLLOWER] returns group-D390D398FA22:java.util.concurrent.CompletableFuture@4a05cd7f[Not completed]
2022-11-08 06:33:25,220 [pool-308-thread-1] INFO  server.RaftServer$Division (RaftServerImpl.java:<init>(195)) - d1e5d709-e257-453b-a807-acff1c76fb8f: new RaftServerImpl for group-D390D398FA22:[fd3bdcb5-514c-4dac-86eb-5773e16bc7f6|rpc:10.1.0.244:40815|priority:0|startupRole:FOLLOWER, 99ee034f-b39b-4991-99d2-5a13f1bd518d|rpc:10.1.0.244:38741|priority:1|startupRole:FOLLOWER, d1e5d709-e257-453b-a807-acff1c76fb8f|rpc:10.1.0.244:38117|priority:0|startupRole:FOLLOWER] with ContainerStateMachine:uninitialized
2022-11-08 06:33:25,220 [pool-308-thread-1] INFO  server.RaftServerConfigKeys (ConfUtils.java:logGet(46)) - raft.server.rpc.timeout.min = 5s (custom)
2022-11-08 06:33:25,221 [pool-308-thread-1] INFO  server.RaftServerConfigKeys (ConfUtils.java:logGet(46)) - raft.server.rpc.timeout.max = 5200ms (custom)
2022-11-08 06:33:25,221 [pool-308-thread-1] INFO  server.RaftServerConfigKeys (ConfUtils.java:logGet(46)) - raft.server.rpc.sleep.time = 25ms (default)
2022-11-08 06:33:25,221 [pool-308-thread-1] INFO  server.RaftServerConfigKeys (ConfUtils.java:logGet(46)) - raft.server.rpc.slowness.timeout = 300s (custom)
2022-11-08 06:33:25,221 [pool-308-thread-1] INFO  server.RaftServerConfigKeys (ConfUtils.java:logGet(46)) - raft.server.leaderelection.leader.step-down.wait-time = 10s (default)
2022-11-08 06:33:25,221 [pool-308-thread-1] INFO  server.RaftServerConfigKeys (ConfUtils.java:logGet(46)) - raft.server.sleep.deviation.threshold = 300ms (default)
2022-11-08 06:33:25,221 [pool-308-thread-1] INFO  server.RaftServer$Division (ServerState.java:<init>(118)) - d1e5d709-e257-453b-a807-acff1c76fb8f@group-D390D398FA22: ConfigurationManager, init=-1: peers:[fd3bdcb5-514c-4dac-86eb-5773e16bc7f6|rpc:10.1.0.244:40815|priority:0|startupRole:FOLLOWER, 99ee034f-b39b-4991-99d2-5a13f1bd518d|rpc:10.1.0.244:38741|priority:1|startupRole:FOLLOWER, d1e5d709-e257-453b-a807-acff1c76fb8f|rpc:10.1.0.244:38117|priority:0|startupRole:FOLLOWER]|listeners:[], old=null, confs=<EMPTY_MAP>
2022-11-08 06:33:25,221 [pool-308-thread-1] INFO  server.RaftServerConfigKeys (ConfUtils.java:logGet(46)) - raft.server.storage.dir = [/home/runner/work/ozone/ozone/hadoop-ozone/integration-test/target/test-dir/MiniOzoneClusterImpl-b4f26986-4eb4-4ecd-9efe-6fbc1efd26b6/datanode-0/data/ratis] (custom)
2022-11-08 06:33:25,221 [pool-308-thread-1] INFO  server.RaftServerConfigKeys (ConfUtils.java:logGet(46)) - raft.server.log.corruption.policy = EXCEPTION (default)
2022-11-08 06:33:25,221 [pool-308-thread-1] INFO  server.RaftServerConfigKeys (ConfUtils.java:logGet(46)) - raft.server.storage.free-space.min = 0MB (=0) (default)
2022-11-08 06:33:25,221 [pool-308-thread-1] INFO  server.RaftServerConfigKeys (ConfUtils.java:logGet(46)) - raft.server.notification.no-leader.timeout = 300s (custom)
2022-11-08 06:33:25,221 [pool-308-thread-1] INFO  server.RaftServerConfigKeys (ConfUtils.java:logGet(46)) - raft.server.retrycache.expirytime = 600000ms (custom)
2022-11-08 06:33:25,221 [pool-308-thread-1] INFO  server.RaftServerConfigKeys (ConfUtils.java:logGet(46)) - raft.server.retrycache.statistics.expirytime = 100μs (default)
2022-11-08 06:33:25,222 [pool-308-thread-1] INFO  server.RaftServerConfigKeys (ConfUtils.java:logGet(46)) - raft.server.log.appender.install.snapshot.enabled = false (custom)
2022-11-08 06:33:25,222 [pool-308-thread-1] INFO  server.RaftServerConfigKeys (ConfUtils.java:logGet(46)) - raft.server.threadpool.server.cached = true (default)
2022-11-08 06:33:25,222 [pool-308-thread-1] INFO  server.RaftServerConfigKeys (ConfUtils.java:logGet(46)) - raft.server.threadpool.server.size = 0 (default)
2022-11-08 06:33:25,222 [pool-308-thread-1] INFO  server.RaftServerConfigKeys (ConfUtils.java:logGet(46)) - raft.server.threadpool.client.cached = true (default)
2022-11-08 06:33:25,222 [pool-308-thread-1] INFO  server.RaftServerConfigKeys (ConfUtils.java:logGet(46)) - raft.server.threadpool.client.size = 0 (default)
2022-11-08 06:33:25,222 [pool-308-thread-1] INFO  storage.RaftStorageDirectory (RaftStorageDirectoryImpl.java:analyzeStorage(137)) - The storage directory /home/runner/work/ozone/ozone/hadoop-ozone/integration-test/target/test-dir/MiniOzoneClusterImpl-b4f26986-4eb4-4ecd-9efe-6fbc1efd26b6/datanode-0/data/ratis/89621da0-c006-468a-8101-d390d398fa22 does not exist. Creating ...
2022-11-08 06:33:25,225 [pool-308-thread-1] INFO  storage.RaftStorageDirectory (RaftStorageDirectoryImpl.java:tryLock(231)) - Lock on /home/runner/work/ozone/ozone/hadoop-ozone/integration-test/target/test-dir/MiniOzoneClusterImpl-b4f26986-4eb4-4ecd-9efe-6fbc1efd26b6/datanode-0/data/ratis/89621da0-c006-468a-8101-d390d398fa22/in_use.lock acquired by nodename 12075@fv-az220-111
2022-11-08 06:33:25,227 [pool-308-thread-1] INFO  storage.RaftStorage (RaftStorageImpl.java:format(96)) - Storage directory /home/runner/work/ozone/ozone/hadoop-ozone/integration-test/target/test-dir/MiniOzoneClusterImpl-b4f26986-4eb4-4ecd-9efe-6fbc1efd26b6/datanode-0/data/ratis/89621da0-c006-468a-8101-d390d398fa22 has been successfully formatted.
2022-11-08 06:33:25,228 [pool-308-thread-1] INFO  ratis.ContainerStateMachine (ContainerStateMachine.java:loadSnapshot(236)) - group-D390D398FA22: The snapshot info is null. Setting the last applied indexto:(t:0, i:~)
2022-11-08 06:33:25,228 [pool-308-thread-1] INFO  server.RaftServerConfigKeys (ConfUtils.java:logGet(46)) - raft.server.log.use.memory = false (default)
2022-11-08 06:33:25,228 [pool-308-thread-1] INFO  server.RaftServerConfigKeys (ConfUtils.java:logGet(46)) - raft.server.log.purge.gap = 1000000 (custom)
2022-11-08 06:33:25,228 [pool-308-thread-1] INFO  server.RaftServerConfigKeys (ConfUtils.java:logGet(46)) - raft.server.log.appender.buffer.byte-limit = 33554432 (custom)
2022-11-08 06:33:25,228 [pool-308-thread-1] INFO  server.RaftServerConfigKeys (ConfUtils.java:logGet(46)) - raft.server.log.statemachine.data.read.timeout = 1000ms (default)
2022-11-08 06:33:25,228 [EventQueue-OpenPipelineForHealthyPipelineSafeModeRule] INFO  safemode.SCMSafeModeManager (HealthyPipelineSafeModeRule.java:process(137)) - SCM in safe mode. Healthy pipelines reported count is 0, required healthy pipeline reported count is 1
2022-11-08 06:33:25,229 [pool-308-thread-1] INFO  server.RaftServerConfigKeys (ConfUtils.java:logGet(46)) - raft.server.log.purge.preservation.log.num = 0 (default)
2022-11-08 06:33:25,230 [pool-308-thread-1] INFO  server.RaftServerConfigKeys (ConfUtils.java:logGet(46)) - raft.server.log.segment.size.max = 1048576 (custom)
2022-11-08 06:33:25,230 [pool-308-thread-1] INFO  server.RaftServerConfigKeys (ConfUtils.java:logGet(46)) - raft.server.log.segment.cache.num.max = 2 (custom)
2022-11-08 06:33:25,230 [pool-308-thread-1] INFO  server.RaftServerConfigKeys (ConfUtils.java:logGet(46)) - raft.server.log.segment.cache.size.max = 200MB (=209715200) (default)
2022-11-08 06:33:25,230 [pool-308-thread-1] INFO  segmented.SegmentedRaftLogWorker (SegmentedRaftLogWorker.java:<init>(191)) - new d1e5d709-e257-453b-a807-acff1c76fb8f@group-D390D398FA22-SegmentedRaftLogWorker for RaftStorageImpl:Storage Directory /home/runner/work/ozone/ozone/hadoop-ozone/integration-test/target/test-dir/MiniOzoneClusterImpl-b4f26986-4eb4-4ecd-9efe-6fbc1efd26b6/datanode-0/data/ratis/89621da0-c006-468a-8101-d390d398fa22
2022-11-08 06:33:25,230 [pool-308-thread-1] INFO  server.RaftServerConfigKeys (ConfUtils.java:logGet(46)) - raft.server.log.queue.byte-limit = 4294967296 (custom)
2022-11-08 06:33:25,230 [pool-308-thread-1] INFO  server.RaftServerConfigKeys (ConfUtils.java:logGet(46)) - raft.server.log.queue.element-limit = 1024 (custom)
2022-11-08 06:33:25,230 [pool-308-thread-1] INFO  server.RaftServerConfigKeys (ConfUtils.java:logGet(46)) - raft.server.log.segment.size.max = 1048576 (custom)
2022-11-08 06:33:25,230 [pool-308-thread-1] INFO  server.RaftServerConfigKeys (ConfUtils.java:logGet(46)) - raft.server.log.preallocated.size = 16384 (custom)
2022-11-08 06:33:25,230 [pool-308-thread-1] INFO  server.RaftServerConfigKeys (ConfUtils.java:logGet(46)) - raft.server.log.force.sync.num = 128 (default)
2022-11-08 06:33:25,230 [pool-308-thread-1] INFO  server.RaftServerConfigKeys (ConfUtils.java:logGet(46)) - raft.server.log.statemachine.data.sync = true (default)
2022-11-08 06:33:25,230 [pool-308-thread-1] INFO  server.RaftServerConfigKeys (ConfUtils.java:logGet(46)) - raft.server.log.statemachine.data.sync.timeout = 10s (default)
2022-11-08 06:33:25,231 [pool-308-thread-1] INFO  server.RaftServerConfigKeys (ConfUtils.java:logGet(46)) - raft.server.log.statemachine.data.sync.timeout.retry = -1 (default)
2022-11-08 06:33:25,231 [pool-308-thread-1] INFO  server.RaftServerConfigKeys (ConfUtils.java:logGet(46)) - raft.server.log.write.buffer.size = 1048576 (custom)
2022-11-08 06:33:25,232 [pool-308-thread-1] INFO  server.RaftServerConfigKeys (ConfUtils.java:logGet(46)) - raft.server.log.unsafe-flush.enabled = false (default)
2022-11-08 06:33:25,232 [pool-308-thread-1] INFO  server.RaftServerConfigKeys (ConfUtils.java:logGet(46)) - raft.server.log.async-flush.enabled = false (default)
2022-11-08 06:33:25,232 [pool-308-thread-1] INFO  server.RaftServerConfigKeys (ConfUtils.java:logGet(46)) - raft.server.log.statemachine.data.caching.enabled = true (custom)
2022-11-08 06:33:25,232 [pool-308-thread-1] INFO  segmented.SegmentedRaftLogWorker (SegmentedRaftLogWorker.java:lambda$new$0(136)) - d1e5d709-e257-453b-a807-acff1c76fb8f@group-D390D398FA22-SegmentedRaftLogWorker: flushIndex: setUnconditionally 0 -> -1
2022-11-08 06:33:25,232 [pool-308-thread-1] INFO  segmented.SegmentedRaftLogWorker (SegmentedRaftLogWorker.java:lambda$new$0(136)) - d1e5d709-e257-453b-a807-acff1c76fb8f@group-D390D398FA22-SegmentedRaftLogWorker: safeCacheEvictIndex: setUnconditionally 0 -> -1
2022-11-08 06:33:25,235 [pool-308-thread-1] INFO  server.RaftServer$Division (RaftServerImpl.java:start(334)) - d1e5d709-e257-453b-a807-acff1c76fb8f@group-D390D398FA22: start as a follower, conf=-1: peers:[fd3bdcb5-514c-4dac-86eb-5773e16bc7f6|rpc:10.1.0.244:40815|priority:0|startupRole:FOLLOWER, 99ee034f-b39b-4991-99d2-5a13f1bd518d|rpc:10.1.0.244:38741|priority:1|startupRole:FOLLOWER, d1e5d709-e257-453b-a807-acff1c76fb8f|rpc:10.1.0.244:38117|priority:0|startupRole:FOLLOWER]|listeners:[], old=null
2022-11-08 06:33:25,235 [pool-308-thread-1] INFO  server.RaftServer$Division (RaftServerImpl.java:setRole(321)) - d1e5d709-e257-453b-a807-acff1c76fb8f@group-D390D398FA22: changes role from      null to FOLLOWER at term 0 for startAsFollower
2022-11-08 06:33:25,235 [pool-308-thread-1] INFO  impl.RoleInfo (RoleInfo.java:updateAndGet(139)) - d1e5d709-e257-453b-a807-acff1c76fb8f: start d1e5d709-e257-453b-a807-acff1c76fb8f@group-D390D398FA22-FollowerState
2022-11-08 06:33:25,235 [pool-308-thread-1] INFO  util.JmxRegister (JmxRegister.java:tryRegister(44)) - Successfully registered JMX Bean with object name Ratis:service=RaftServer,group=group-D390D398FA22,id=d1e5d709-e257-453b-a807-acff1c76fb8f
2022-11-08 06:33:25,235 [d1e5d709-e257-453b-a807-acff1c76fb8f@group-D390D398FA22-FollowerState] INFO  server.RaftServerConfigKeys (ConfUtils.java:logFallback(53)) - raft.server.rpc.first-election.timeout.min = 5s (fallback to raft.server.rpc.timeout.min)
2022-11-08 06:33:25,235 [pool-308-thread-1] INFO  server.RaftServerConfigKeys (ConfUtils.java:logGet(46)) - raft.server.snapshot.auto.trigger.enabled = true (custom)
2022-11-08 06:33:25,235 [d1e5d709-e257-453b-a807-acff1c76fb8f@group-D390D398FA22-FollowerState] INFO  server.RaftServerConfigKeys (ConfUtils.java:logFallback(53)) - raft.server.rpc.first-election.timeout.max = 5200ms (fallback to raft.server.rpc.timeout.max)
2022-11-08 06:33:25,236 [pool-308-thread-1] INFO  server.RaftServerConfigKeys (ConfUtils.java:logGet(46)) - raft.server.snapshot.auto.trigger.threshold = 10000 (custom)
2022-11-08 06:33:25,237 [pool-308-thread-1] INFO  server.RaftServerConfigKeys (ConfUtils.java:logGet(46)) - raft.server.snapshot.retention.file.num = 5 (custom)
2022-11-08 06:33:25,237 [pool-308-thread-1] INFO  server.RaftServerConfigKeys (ConfUtils.java:logGet(46)) - raft.server.log.purge.upto.snapshot.index = false (default)
2022-11-08 06:33:25,237 [Command processor thread] INFO  ratis.XceiverServerRatis (XceiverServerRatis.java:addGroup(765)) - Created group PipelineID=89621da0-c006-468a-8101-d390d398fa22
2022-11-08 06:33:25,244 [grpc-default-executor-0] INFO  server.RaftServer (RaftServerProxy.java:addNew(96)) - fd3bdcb5-514c-4dac-86eb-5773e16bc7f6: addNew group-D390D398FA22:[fd3bdcb5-514c-4dac-86eb-5773e16bc7f6|rpc:10.1.0.244:40815|dataStream:|priority:0|startupRole:FOLLOWER, 99ee034f-b39b-4991-99d2-5a13f1bd518d|rpc:10.1.0.244:38741|dataStream:|priority:1|startupRole:FOLLOWER, d1e5d709-e257-453b-a807-acff1c76fb8f|rpc:10.1.0.244:38117|dataStream:|priority:0|startupRole:FOLLOWER] returns group-D390D398FA22:java.util.concurrent.CompletableFuture@3ed80176[Not completed]
2022-11-08 06:33:25,244 [pool-331-thread-1] INFO  server.RaftServer$Division (RaftServerImpl.java:<init>(195)) - fd3bdcb5-514c-4dac-86eb-5773e16bc7f6: new RaftServerImpl for group-D390D398FA22:[fd3bdcb5-514c-4dac-86eb-5773e16bc7f6|rpc:10.1.0.244:40815|dataStream:|priority:0|startupRole:FOLLOWER, 99ee034f-b39b-4991-99d2-5a13f1bd518d|rpc:10.1.0.244:38741|dataStream:|priority:1|startupRole:FOLLOWER, d1e5d709-e257-453b-a807-acff1c76fb8f|rpc:10.1.0.244:38117|dataStream:|priority:0|startupRole:FOLLOWER] with ContainerStateMachine:uninitialized
2022-11-08 06:33:25,244 [pool-331-thread-1] INFO  server.RaftServerConfigKeys (ConfUtils.java:logGet(46)) - raft.server.rpc.timeout.min = 5s (custom)
2022-11-08 06:33:25,245 [pool-331-thread-1] INFO  server.RaftServerConfigKeys (ConfUtils.java:logGet(46)) - raft.server.rpc.timeout.max = 5200ms (custom)
2022-11-08 06:33:25,245 [pool-331-thread-1] INFO  server.RaftServerConfigKeys (ConfUtils.java:logGet(46)) - raft.server.rpc.sleep.time = 25ms (default)
2022-11-08 06:33:25,245 [pool-331-thread-1] INFO  server.RaftServerConfigKeys (ConfUtils.java:logGet(46)) - raft.server.rpc.slowness.timeout = 300s (custom)
2022-11-08 06:33:25,245 [pool-331-thread-1] INFO  server.RaftServerConfigKeys (ConfUtils.java:logGet(46)) - raft.server.leaderelection.leader.step-down.wait-time = 10s (default)
2022-11-08 06:33:25,245 [pool-331-thread-1] INFO  server.RaftServerConfigKeys (ConfUtils.java:logGet(46)) - raft.server.sleep.deviation.threshold = 300ms (default)
2022-11-08 06:33:25,245 [pool-331-thread-1] INFO  server.RaftServer$Division (ServerState.java:<init>(118)) - fd3bdcb5-514c-4dac-86eb-5773e16bc7f6@group-D390D398FA22: ConfigurationManager, init=-1: peers:[fd3bdcb5-514c-4dac-86eb-5773e16bc7f6|rpc:10.1.0.244:40815|dataStream:|priority:0|startupRole:FOLLOWER, 99ee034f-b39b-4991-99d2-5a13f1bd518d|rpc:10.1.0.244:38741|dataStream:|priority:1|startupRole:FOLLOWER, d1e5d709-e257-453b-a807-acff1c76fb8f|rpc:10.1.0.244:38117|dataStream:|priority:0|startupRole:FOLLOWER]|listeners:[], old=null, confs=<EMPTY_MAP>
2022-11-08 06:33:25,245 [pool-331-thread-1] INFO  server.RaftServerConfigKeys (ConfUtils.java:logGet(46)) - raft.server.storage.dir = [/home/runner/work/ozone/ozone/hadoop-ozone/integration-test/target/test-dir/MiniOzoneClusterImpl-b4f26986-4eb4-4ecd-9efe-6fbc1efd26b6/datanode-1/data/ratis] (custom)
2022-11-08 06:33:25,245 [pool-331-thread-1] INFO  server.RaftServerConfigKeys (ConfUtils.java:logGet(46)) - raft.server.log.corruption.policy = EXCEPTION (default)
2022-11-08 06:33:25,245 [pool-331-thread-1] INFO  server.RaftServerConfigKeys (ConfUtils.java:logGet(46)) - raft.server.storage.free-space.min = 0MB (=0) (default)
2022-11-08 06:33:25,245 [pool-331-thread-1] INFO  server.RaftServerConfigKeys (ConfUtils.java:logGet(46)) - raft.server.notification.no-leader.timeout = 300s (custom)
2022-11-08 06:33:25,245 [pool-331-thread-1] INFO  server.RaftServerConfigKeys (ConfUtils.java:logGet(46)) - raft.server.retrycache.expirytime = 600000ms (custom)
2022-11-08 06:33:25,245 [pool-331-thread-1] INFO  server.RaftServerConfigKeys (ConfUtils.java:logGet(46)) - raft.server.retrycache.statistics.expirytime = 100μs (default)
2022-11-08 06:33:25,246 [pool-331-thread-1] INFO  server.RaftServerConfigKeys (ConfUtils.java:logGet(46)) - raft.server.log.appender.install.snapshot.enabled = false (custom)
2022-11-08 06:33:25,246 [pool-331-thread-1] INFO  server.RaftServerConfigKeys (ConfUtils.java:logGet(46)) - raft.server.threadpool.server.cached = true (default)
2022-11-08 06:33:25,246 [pool-331-thread-1] INFO  server.RaftServerConfigKeys (ConfUtils.java:logGet(46)) - raft.server.threadpool.server.size = 0 (default)
2022-11-08 06:33:25,246 [pool-331-thread-1] INFO  server.RaftServerConfigKeys (ConfUtils.java:logGet(46)) - raft.server.threadpool.client.cached = true (default)
2022-11-08 06:33:25,247 [pool-331-thread-1] INFO  server.RaftServerConfigKeys (ConfUtils.java:logGet(46)) - raft.server.threadpool.client.size = 0 (default)
2022-11-08 06:33:25,247 [pool-331-thread-1] INFO  storage.RaftStorageDirectory (RaftStorageDirectoryImpl.java:analyzeStorage(137)) - The storage directory /home/runner/work/ozone/ozone/hadoop-ozone/integration-test/target/test-dir/MiniOzoneClusterImpl-b4f26986-4eb4-4ecd-9efe-6fbc1efd26b6/datanode-1/data/ratis/89621da0-c006-468a-8101-d390d398fa22 does not exist. Creating ...
2022-11-08 06:33:25,248 [pool-331-thread-1] INFO  storage.RaftStorageDirectory (RaftStorageDirectoryImpl.java:tryLock(231)) - Lock on /home/runner/work/ozone/ozone/hadoop-ozone/integration-test/target/test-dir/MiniOzoneClusterImpl-b4f26986-4eb4-4ecd-9efe-6fbc1efd26b6/datanode-1/data/ratis/89621da0-c006-468a-8101-d390d398fa22/in_use.lock acquired by nodename 12075@fv-az220-111
2022-11-08 06:33:25,249 [pool-331-thread-1] INFO  storage.RaftStorage (RaftStorageImpl.java:format(96)) - Storage directory /home/runner/work/ozone/ozone/hadoop-ozone/integration-test/target/test-dir/MiniOzoneClusterImpl-b4f26986-4eb4-4ecd-9efe-6fbc1efd26b6/datanode-1/data/ratis/89621da0-c006-468a-8101-d390d398fa22 has been successfully formatted.
2022-11-08 06:33:25,250 [pool-331-thread-1] INFO  ratis.ContainerStateMachine (ContainerStateMachine.java:loadSnapshot(236)) - group-D390D398FA22: The snapshot info is null. Setting the last applied indexto:(t:0, i:~)
2022-11-08 06:33:25,250 [pool-331-thread-1] INFO  server.RaftServerConfigKeys (ConfUtils.java:logGet(46)) - raft.server.log.use.memory = false (default)
2022-11-08 06:33:25,250 [pool-331-thread-1] INFO  server.RaftServerConfigKeys (ConfUtils.java:logGet(46)) - raft.server.log.purge.gap = 1000000 (custom)
2022-11-08 06:33:25,250 [pool-331-thread-1] INFO  server.RaftServerConfigKeys (ConfUtils.java:logGet(46)) - raft.server.log.appender.buffer.byte-limit = 33554432 (custom)
2022-11-08 06:33:25,250 [pool-331-thread-1] INFO  server.RaftServerConfigKeys (ConfUtils.java:logGet(46)) - raft.server.log.statemachine.data.read.timeout = 1000ms (default)
2022-11-08 06:33:25,250 [pool-331-thread-1] INFO  server.RaftServerConfigKeys (ConfUtils.java:logGet(46)) - raft.server.log.purge.preservation.log.num = 0 (default)
2022-11-08 06:33:25,250 [pool-331-thread-1] INFO  server.RaftServerConfigKeys (ConfUtils.java:logGet(46)) - raft.server.log.segment.size.max = 1048576 (custom)
2022-11-08 06:33:25,251 [pool-331-thread-1] INFO  server.RaftServerConfigKeys (ConfUtils.java:logGet(46)) - raft.server.log.segment.cache.num.max = 2 (custom)
2022-11-08 06:33:25,251 [pool-331-thread-1] INFO  server.RaftServerConfigKeys (ConfUtils.java:logGet(46)) - raft.server.log.segment.cache.size.max = 200MB (=209715200) (default)
2022-11-08 06:33:25,251 [pool-331-thread-1] INFO  segmented.SegmentedRaftLogWorker (SegmentedRaftLogWorker.java:<init>(191)) - new fd3bdcb5-514c-4dac-86eb-5773e16bc7f6@group-D390D398FA22-SegmentedRaftLogWorker for RaftStorageImpl:Storage Directory /home/runner/work/ozone/ozone/hadoop-ozone/integration-test/target/test-dir/MiniOzoneClusterImpl-b4f26986-4eb4-4ecd-9efe-6fbc1efd26b6/datanode-1/data/ratis/89621da0-c006-468a-8101-d390d398fa22
2022-11-08 06:33:25,252 [pool-331-thread-1] INFO  server.RaftServerConfigKeys (ConfUtils.java:logGet(46)) - raft.server.log.queue.byte-limit = 4294967296 (custom)
2022-11-08 06:33:25,252 [pool-331-thread-1] INFO  server.RaftServerConfigKeys (ConfUtils.java:logGet(46)) - raft.server.log.queue.element-limit = 1024 (custom)
2022-11-08 06:33:25,252 [pool-331-thread-1] INFO  server.RaftServerConfigKeys (ConfUtils.java:logGet(46)) - raft.server.log.segment.size.max = 1048576 (custom)
2022-11-08 06:33:25,252 [pool-331-thread-1] INFO  server.RaftServerConfigKeys (ConfUtils.java:logGet(46)) - raft.server.log.preallocated.size = 16384 (custom)
2022-11-08 06:33:25,252 [pool-331-thread-1] INFO  server.RaftServerConfigKeys (ConfUtils.java:logGet(46)) - raft.server.log.force.sync.num = 128 (default)
2022-11-08 06:33:25,252 [pool-331-thread-1] INFO  server.RaftServerConfigKeys (ConfUtils.java:logGet(46)) - raft.server.log.statemachine.data.sync = true (default)
2022-11-08 06:33:25,252 [pool-331-thread-1] INFO  server.RaftServerConfigKeys (ConfUtils.java:logGet(46)) - raft.server.log.statemachine.data.sync.timeout = 10s (default)
2022-11-08 06:33:25,252 [pool-331-thread-1] INFO  server.RaftServerConfigKeys (ConfUtils.java:logGet(46)) - raft.server.log.statemachine.data.sync.timeout.retry = -1 (default)
2022-11-08 06:33:25,253 [pool-331-thread-1] INFO  server.RaftServerConfigKeys (ConfUtils.java:logGet(46)) - raft.server.log.write.buffer.size = 1048576 (custom)
2022-11-08 06:33:25,253 [pool-331-thread-1] INFO  server.RaftServerConfigKeys (ConfUtils.java:logGet(46)) - raft.server.log.unsafe-flush.enabled = false (default)
2022-11-08 06:33:25,253 [pool-331-thread-1] INFO  server.RaftServerConfigKeys (ConfUtils.java:logGet(46)) - raft.server.log.async-flush.enabled = false (default)
2022-11-08 06:33:25,253 [pool-331-thread-1] INFO  server.RaftServerConfigKeys (ConfUtils.java:logGet(46)) - raft.server.log.statemachine.data.caching.enabled = true (custom)
2022-11-08 06:33:25,253 [pool-331-thread-1] INFO  segmented.SegmentedRaftLogWorker (SegmentedRaftLogWorker.java:lambda$new$0(136)) - fd3bdcb5-514c-4dac-86eb-5773e16bc7f6@group-D390D398FA22-SegmentedRaftLogWorker: flushIndex: setUnconditionally 0 -> -1
2022-11-08 06:33:25,253 [pool-331-thread-1] INFO  segmented.SegmentedRaftLogWorker (SegmentedRaftLogWorker.java:lambda$new$0(136)) - fd3bdcb5-514c-4dac-86eb-5773e16bc7f6@group-D390D398FA22-SegmentedRaftLogWorker: safeCacheEvictIndex: setUnconditionally 0 -> -1
2022-11-08 06:33:25,254 [pool-331-thread-1] INFO  server.RaftServer$Division (RaftServerImpl.java:start(334)) - fd3bdcb5-514c-4dac-86eb-5773e16bc7f6@group-D390D398FA22: start as a follower, conf=-1: peers:[fd3bdcb5-514c-4dac-86eb-5773e16bc7f6|rpc:10.1.0.244:40815|dataStream:|priority:0|startupRole:FOLLOWER, 99ee034f-b39b-4991-99d2-5a13f1bd518d|rpc:10.1.0.244:38741|dataStream:|priority:1|startupRole:FOLLOWER, d1e5d709-e257-453b-a807-acff1c76fb8f|rpc:10.1.0.244:38117|dataStream:|priority:0|startupRole:FOLLOWER]|listeners:[], old=null
2022-11-08 06:33:25,254 [pool-331-thread-1] INFO  server.RaftServer$Division (RaftServerImpl.java:setRole(321)) - fd3bdcb5-514c-4dac-86eb-5773e16bc7f6@group-D390D398FA22: changes role from      null to FOLLOWER at term 0 for startAsFollower
2022-11-08 06:33:25,254 [pool-331-thread-1] INFO  impl.RoleInfo (RoleInfo.java:updateAndGet(139)) - fd3bdcb5-514c-4dac-86eb-5773e16bc7f6: start fd3bdcb5-514c-4dac-86eb-5773e16bc7f6@group-D390D398FA22-FollowerState
2022-11-08 06:33:25,257 [pool-331-thread-1] INFO  util.JmxRegister (JmxRegister.java:tryRegister(44)) - Successfully registered JMX Bean with object name Ratis:service=RaftServer,group=group-D390D398FA22,id=fd3bdcb5-514c-4dac-86eb-5773e16bc7f6
2022-11-08 06:33:25,257 [pool-331-thread-1] INFO  server.RaftServerConfigKeys (ConfUtils.java:logGet(46)) - raft.server.snapshot.auto.trigger.enabled = true (custom)
2022-11-08 06:33:25,257 [pool-331-thread-1] INFO  server.RaftServerConfigKeys (ConfUtils.java:logGet(46)) - raft.server.snapshot.auto.trigger.threshold = 10000 (custom)
2022-11-08 06:33:25,257 [pool-331-thread-1] INFO  server.RaftServerConfigKeys (ConfUtils.java:logGet(46)) - raft.server.snapshot.retention.file.num = 5 (custom)
2022-11-08 06:33:25,257 [pool-331-thread-1] INFO  server.RaftServerConfigKeys (ConfUtils.java:logGet(46)) - raft.server.log.purge.upto.snapshot.index = false (default)
2022-11-08 06:33:25,258 [fd3bdcb5-514c-4dac-86eb-5773e16bc7f6@group-D390D398FA22-FollowerState] INFO  server.RaftServerConfigKeys (ConfUtils.java:logFallback(53)) - raft.server.rpc.first-election.timeout.min = 5s (fallback to raft.server.rpc.timeout.min)
2022-11-08 06:33:25,258 [fd3bdcb5-514c-4dac-86eb-5773e16bc7f6@group-D390D398FA22-FollowerState] INFO  server.RaftServerConfigKeys (ConfUtils.java:logFallback(53)) - raft.server.rpc.first-election.timeout.max = 5200ms (fallback to raft.server.rpc.timeout.max)
2022-11-08 06:33:25,277 [grpc-default-executor-0] INFO  server.RaftServer (RaftServerProxy.java:addNew(96)) - 99ee034f-b39b-4991-99d2-5a13f1bd518d: addNew group-D390D398FA22:[fd3bdcb5-514c-4dac-86eb-5773e16bc7f6|rpc:10.1.0.244:40815|dataStream:|priority:0|startupRole:FOLLOWER, 99ee034f-b39b-4991-99d2-5a13f1bd518d|rpc:10.1.0.244:38741|dataStream:|priority:1|startupRole:FOLLOWER, d1e5d709-e257-453b-a807-acff1c76fb8f|rpc:10.1.0.244:38117|dataStream:|priority:0|startupRole:FOLLOWER] returns group-D390D398FA22:java.util.concurrent.CompletableFuture@13239c84[Not completed]
2022-11-08 06:33:25,278 [pool-354-thread-1] INFO  server.RaftServer$Division (RaftServerImpl.java:<init>(195)) - 99ee034f-b39b-4991-99d2-5a13f1bd518d: new RaftServerImpl for group-D390D398FA22:[fd3bdcb5-514c-4dac-86eb-5773e16bc7f6|rpc:10.1.0.244:40815|dataStream:|priority:0|startupRole:FOLLOWER, 99ee034f-b39b-4991-99d2-5a13f1bd518d|rpc:10.1.0.244:38741|dataStream:|priority:1|startupRole:FOLLOWER, d1e5d709-e257-453b-a807-acff1c76fb8f|rpc:10.1.0.244:38117|dataStream:|priority:0|startupRole:FOLLOWER] with ContainerStateMachine:uninitialized
2022-11-08 06:33:25,278 [pool-354-thread-1] INFO  server.RaftServerConfigKeys (ConfUtils.java:logGet(46)) - raft.server.rpc.timeout.min = 5s (custom)
2022-11-08 06:33:25,278 [pool-354-thread-1] INFO  server.RaftServerConfigKeys (ConfUtils.java:logGet(46)) - raft.server.rpc.timeout.max = 5200ms (custom)
2022-11-08 06:33:25,278 [pool-354-thread-1] INFO  server.RaftServerConfigKeys (ConfUtils.java:logGet(46)) - raft.server.rpc.sleep.time = 25ms (default)
2022-11-08 06:33:25,278 [pool-354-thread-1] INFO  server.RaftServerConfigKeys (ConfUtils.java:logGet(46)) - raft.server.rpc.slowness.timeout = 300s (custom)
2022-11-08 06:33:25,278 [pool-354-thread-1] INFO  server.RaftServerConfigKeys (ConfUtils.java:logGet(46)) - raft.server.leaderelection.leader.step-down.wait-time = 10s (default)
2022-11-08 06:33:25,278 [pool-354-thread-1] INFO  server.RaftServerConfigKeys (ConfUtils.java:logGet(46)) - raft.server.sleep.deviation.threshold = 300ms (default)
2022-11-08 06:33:25,278 [pool-354-thread-1] INFO  server.RaftServer$Division (ServerState.java:<init>(118)) - 99ee034f-b39b-4991-99d2-5a13f1bd518d@group-D390D398FA22: ConfigurationManager, init=-1: peers:[fd3bdcb5-514c-4dac-86eb-5773e16bc7f6|rpc:10.1.0.244:40815|dataStream:|priority:0|startupRole:FOLLOWER, 99ee034f-b39b-4991-99d2-5a13f1bd518d|rpc:10.1.0.244:38741|dataStream:|priority:1|startupRole:FOLLOWER, d1e5d709-e257-453b-a807-acff1c76fb8f|rpc:10.1.0.244:38117|dataStream:|priority:0|startupRole:FOLLOWER]|listeners:[], old=null, confs=<EMPTY_MAP>
2022-11-08 06:33:25,278 [pool-354-thread-1] INFO  server.RaftServerConfigKeys (ConfUtils.java:logGet(46)) - raft.server.storage.dir = [/home/runner/work/ozone/ozone/hadoop-ozone/integration-test/target/test-dir/MiniOzoneClusterImpl-b4f26986-4eb4-4ecd-9efe-6fbc1efd26b6/datanode-2/data/ratis] (custom)
2022-11-08 06:33:25,279 [pool-354-thread-1] INFO  server.RaftServerConfigKeys (ConfUtils.java:logGet(46)) - raft.server.log.corruption.policy = EXCEPTION (default)
2022-11-08 06:33:25,279 [pool-354-thread-1] INFO  server.RaftServerConfigKeys (ConfUtils.java:logGet(46)) - raft.server.storage.free-space.min = 0MB (=0) (default)
2022-11-08 06:33:25,279 [pool-354-thread-1] INFO  server.RaftServerConfigKeys (ConfUtils.java:logGet(46)) - raft.server.notification.no-leader.timeout = 300s (custom)
2022-11-08 06:33:25,279 [pool-354-thread-1] INFO  server.RaftServerConfigKeys (ConfUtils.java:logGet(46)) - raft.server.retrycache.expirytime = 600000ms (custom)
2022-11-08 06:33:25,279 [pool-354-thread-1] INFO  server.RaftServerConfigKeys (ConfUtils.java:logGet(46)) - raft.server.retrycache.statistics.expirytime = 100μs (default)
2022-11-08 06:33:25,280 [pool-354-thread-1] INFO  server.RaftServerConfigKeys (ConfUtils.java:logGet(46)) - raft.server.log.appender.install.snapshot.enabled = false (custom)
2022-11-08 06:33:25,280 [pool-354-thread-1] INFO  server.RaftServerConfigKeys (ConfUtils.java:logGet(46)) - raft.server.threadpool.server.cached = true (default)
2022-11-08 06:33:25,280 [pool-354-thread-1] INFO  server.RaftServerConfigKeys (ConfUtils.java:logGet(46)) - raft.server.threadpool.server.size = 0 (default)
2022-11-08 06:33:25,280 [pool-354-thread-1] INFO  server.RaftServerConfigKeys (ConfUtils.java:logGet(46)) - raft.server.threadpool.client.cached = true (default)
2022-11-08 06:33:25,280 [pool-354-thread-1] INFO  server.RaftServerConfigKeys (ConfUtils.java:logGet(46)) - raft.server.threadpool.client.size = 0 (default)
2022-11-08 06:33:25,280 [pool-354-thread-1] INFO  storage.RaftStorageDirectory (RaftStorageDirectoryImpl.java:analyzeStorage(137)) - The storage directory /home/runner/work/ozone/ozone/hadoop-ozone/integration-test/target/test-dir/MiniOzoneClusterImpl-b4f26986-4eb4-4ecd-9efe-6fbc1efd26b6/datanode-2/data/ratis/89621da0-c006-468a-8101-d390d398fa22 does not exist. Creating ...
2022-11-08 06:33:25,282 [pool-354-thread-1] INFO  storage.RaftStorageDirectory (RaftStorageDirectoryImpl.java:tryLock(231)) - Lock on /home/runner/work/ozone/ozone/hadoop-ozone/integration-test/target/test-dir/MiniOzoneClusterImpl-b4f26986-4eb4-4ecd-9efe-6fbc1efd26b6/datanode-2/data/ratis/89621da0-c006-468a-8101-d390d398fa22/in_use.lock acquired by nodename 12075@fv-az220-111
2022-11-08 06:33:25,283 [pool-354-thread-1] INFO  storage.RaftStorage (RaftStorageImpl.java:format(96)) - Storage directory /home/runner/work/ozone/ozone/hadoop-ozone/integration-test/target/test-dir/MiniOzoneClusterImpl-b4f26986-4eb4-4ecd-9efe-6fbc1efd26b6/datanode-2/data/ratis/89621da0-c006-468a-8101-d390d398fa22 has been successfully formatted.
2022-11-08 06:33:25,284 [pool-354-thread-1] INFO  ratis.ContainerStateMachine (ContainerStateMachine.java:loadSnapshot(236)) - group-D390D398FA22: The snapshot info is null. Setting the last applied indexto:(t:0, i:~)
2022-11-08 06:33:25,284 [pool-354-thread-1] INFO  server.RaftServerConfigKeys (ConfUtils.java:logGet(46)) - raft.server.log.use.memory = false (default)
2022-11-08 06:33:25,284 [pool-354-thread-1] INFO  server.RaftServerConfigKeys (ConfUtils.java:logGet(46)) - raft.server.log.purge.gap = 1000000 (custom)
2022-11-08 06:33:25,284 [pool-354-thread-1] INFO  server.RaftServerConfigKeys (ConfUtils.java:logGet(46)) - raft.server.log.appender.buffer.byte-limit = 33554432 (custom)
2022-11-08 06:33:25,284 [pool-354-thread-1] INFO  server.RaftServerConfigKeys (ConfUtils.java:logGet(46)) - raft.server.log.statemachine.data.read.timeout = 1000ms (default)
2022-11-08 06:33:25,284 [pool-354-thread-1] INFO  server.RaftServerConfigKeys (ConfUtils.java:logGet(46)) - raft.server.log.purge.preservation.log.num = 0 (default)
2022-11-08 06:33:25,284 [pool-354-thread-1] INFO  server.RaftServerConfigKeys (ConfUtils.java:logGet(46)) - raft.server.log.segment.size.max = 1048576 (custom)
2022-11-08 06:33:25,286 [pool-354-thread-1] INFO  server.RaftServerConfigKeys (ConfUtils.java:logGet(46)) - raft.server.log.segment.cache.num.max = 2 (custom)
2022-11-08 06:33:25,286 [pool-354-thread-1] INFO  server.RaftServerConfigKeys (ConfUtils.java:logGet(46)) - raft.server.log.segment.cache.size.max = 200MB (=209715200) (default)
2022-11-08 06:33:25,286 [pool-354-thread-1] INFO  segmented.SegmentedRaftLogWorker (SegmentedRaftLogWorker.java:<init>(191)) - new 99ee034f-b39b-4991-99d2-5a13f1bd518d@group-D390D398FA22-SegmentedRaftLogWorker for RaftStorageImpl:Storage Directory /home/runner/work/ozone/ozone/hadoop-ozone/integration-test/target/test-dir/MiniOzoneClusterImpl-b4f26986-4eb4-4ecd-9efe-6fbc1efd26b6/datanode-2/data/ratis/89621da0-c006-468a-8101-d390d398fa22
2022-11-08 06:33:25,286 [pool-354-thread-1] INFO  server.RaftServerConfigKeys (ConfUtils.java:logGet(46)) - raft.server.log.queue.byte-limit = 4294967296 (custom)
2022-11-08 06:33:25,286 [pool-354-thread-1] INFO  server.RaftServerConfigKeys (ConfUtils.java:logGet(46)) - raft.server.log.queue.element-limit = 1024 (custom)
2022-11-08 06:33:25,286 [pool-354-thread-1] INFO  server.RaftServerConfigKeys (ConfUtils.java:logGet(46)) - raft.server.log.segment.size.max = 1048576 (custom)
2022-11-08 06:33:25,286 [pool-354-thread-1] INFO  server.RaftServerConfigKeys (ConfUtils.java:logGet(46)) - raft.server.log.preallocated.size = 16384 (custom)
2022-11-08 06:33:25,286 [pool-354-thread-1] INFO  server.RaftServerConfigKeys (ConfUtils.java:logGet(46)) - raft.server.log.force.sync.num = 128 (default)
2022-11-08 06:33:25,286 [pool-354-thread-1] INFO  server.RaftServerConfigKeys (ConfUtils.java:logGet(46)) - raft.server.log.statemachine.data.sync = true (default)
2022-11-08 06:33:25,286 [pool-354-thread-1] INFO  server.RaftServerConfigKeys (ConfUtils.java:logGet(46)) - raft.server.log.statemachine.data.sync.timeout = 10s (default)
2022-11-08 06:33:25,286 [pool-354-thread-1] INFO  server.RaftServerConfigKeys (ConfUtils.java:logGet(46)) - raft.server.log.statemachine.data.sync.timeout.retry = -1 (default)
2022-11-08 06:33:25,288 [pool-354-thread-1] INFO  server.RaftServerConfigKeys (ConfUtils.java:logGet(46)) - raft.server.log.write.buffer.size = 1048576 (custom)
2022-11-08 06:33:25,290 [pool-354-thread-1] INFO  server.RaftServerConfigKeys (ConfUtils.java:logGet(46)) - raft.server.log.unsafe-flush.enabled = false (default)
2022-11-08 06:33:25,290 [pool-354-thread-1] INFO  server.RaftServerConfigKeys (ConfUtils.java:logGet(46)) - raft.server.log.async-flush.enabled = false (default)
2022-11-08 06:33:25,290 [pool-354-thread-1] INFO  server.RaftServerConfigKeys (ConfUtils.java:logGet(46)) - raft.server.log.statemachine.data.caching.enabled = true (custom)
2022-11-08 06:33:25,290 [pool-354-thread-1] INFO  segmented.SegmentedRaftLogWorker (SegmentedRaftLogWorker.java:lambda$new$0(136)) - 99ee034f-b39b-4991-99d2-5a13f1bd518d@group-D390D398FA22-SegmentedRaftLogWorker: flushIndex: setUnconditionally 0 -> -1
2022-11-08 06:33:25,290 [pool-354-thread-1] INFO  segmented.SegmentedRaftLogWorker (SegmentedRaftLogWorker.java:lambda$new$0(136)) - 99ee034f-b39b-4991-99d2-5a13f1bd518d@group-D390D398FA22-SegmentedRaftLogWorker: safeCacheEvictIndex: setUnconditionally 0 -> -1
2022-11-08 06:33:25,296 [pool-354-thread-1] INFO  server.RaftServer$Division (RaftServerImpl.java:start(334)) - 99ee034f-b39b-4991-99d2-5a13f1bd518d@group-D390D398FA22: start as a follower, conf=-1: peers:[fd3bdcb5-514c-4dac-86eb-5773e16bc7f6|rpc:10.1.0.244:40815|dataStream:|priority:0|startupRole:FOLLOWER, 99ee034f-b39b-4991-99d2-5a13f1bd518d|rpc:10.1.0.244:38741|dataStream:|priority:1|startupRole:FOLLOWER, d1e5d709-e257-453b-a807-acff1c76fb8f|rpc:10.1.0.244:38117|dataStream:|priority:0|startupRole:FOLLOWER]|listeners:[], old=null
2022-11-08 06:33:25,296 [pool-354-thread-1] INFO  server.RaftServer$Division (RaftServerImpl.java:setRole(321)) - 99ee034f-b39b-4991-99d2-5a13f1bd518d@group-D390D398FA22: changes role from      null to FOLLOWER at term 0 for startAsFollower
2022-11-08 06:33:25,296 [pool-354-thread-1] INFO  impl.RoleInfo (RoleInfo.java:updateAndGet(139)) - 99ee034f-b39b-4991-99d2-5a13f1bd518d: start 99ee034f-b39b-4991-99d2-5a13f1bd518d@group-D390D398FA22-FollowerState
2022-11-08 06:33:25,297 [pool-354-thread-1] INFO  util.JmxRegister (JmxRegister.java:tryRegister(44)) - Successfully registered JMX Bean with object name Ratis:service=RaftServer,group=group-D390D398FA22,id=99ee034f-b39b-4991-99d2-5a13f1bd518d
2022-11-08 06:33:25,297 [pool-354-thread-1] INFO  server.RaftServerConfigKeys (ConfUtils.java:logGet(46)) - raft.server.snapshot.auto.trigger.enabled = true (custom)
2022-11-08 06:33:25,297 [pool-354-thread-1] INFO  server.RaftServerConfigKeys (ConfUtils.java:logGet(46)) - raft.server.snapshot.auto.trigger.threshold = 10000 (custom)
2022-11-08 06:33:25,297 [pool-354-thread-1] INFO  server.RaftServerConfigKeys (ConfUtils.java:logGet(46)) - raft.server.snapshot.retention.file.num = 5 (custom)
2022-11-08 06:33:25,297 [pool-354-thread-1] INFO  server.RaftServerConfigKeys (ConfUtils.java:logGet(46)) - raft.server.log.purge.upto.snapshot.index = false (default)
2022-11-08 06:33:25,297 [99ee034f-b39b-4991-99d2-5a13f1bd518d@group-D390D398FA22-FollowerState] INFO  server.RaftServerConfigKeys (ConfUtils.java:logFallback(53)) - raft.server.rpc.first-election.timeout.min = 5s (fallback to raft.server.rpc.timeout.min)
2022-11-08 06:33:25,297 [99ee034f-b39b-4991-99d2-5a13f1bd518d@group-D390D398FA22-FollowerState] INFO  server.RaftServerConfigKeys (ConfUtils.java:logFallback(53)) - raft.server.rpc.first-election.timeout.max = 5200ms (fallback to raft.server.rpc.timeout.max)
2022-11-08 06:33:25,303 [Command processor thread] INFO  commandhandler.CreatePipelineCommandHandler (CreatePipelineCommandHandler.java:handle(113)) - Created Pipeline RATIS THREE PipelineID=89621da0-c006-468a-8101-d390d398fa22.
2022-11-08 06:33:25,467 [Command processor thread] INFO  server.RaftServer (RaftServerProxy.java:addNew(96)) - fd3bdcb5-514c-4dac-86eb-5773e16bc7f6: addNew group-9676EF610CB3:[fd3bdcb5-514c-4dac-86eb-5773e16bc7f6|rpc:10.1.0.244:40815|priority:1|startupRole:FOLLOWER] returns group-9676EF610CB3:java.util.concurrent.CompletableFuture@13afb71b[Not completed]
2022-11-08 06:33:25,468 [pool-331-thread-1] INFO  server.RaftServer$Division (RaftServerImpl.java:<init>(195)) - fd3bdcb5-514c-4dac-86eb-5773e16bc7f6: new RaftServerImpl for group-9676EF610CB3:[fd3bdcb5-514c-4dac-86eb-5773e16bc7f6|rpc:10.1.0.244:40815|priority:1|startupRole:FOLLOWER] with ContainerStateMachine:uninitialized
2022-11-08 06:33:25,468 [pool-331-thread-1] INFO  server.RaftServerConfigKeys (ConfUtils.java:logGet(46)) - raft.server.rpc.timeout.min = 5s (custom)
2022-11-08 06:33:25,468 [pool-331-thread-1] INFO  server.RaftServerConfigKeys (ConfUtils.java:logGet(46)) - raft.server.rpc.timeout.max = 5200ms (custom)
2022-11-08 06:33:25,468 [pool-331-thread-1] INFO  server.RaftServerConfigKeys (ConfUtils.java:logGet(46)) - raft.server.rpc.sleep.time = 25ms (default)
2022-11-08 06:33:25,468 [pool-331-thread-1] INFO  server.RaftServerConfigKeys (ConfUtils.java:logGet(46)) - raft.server.rpc.slowness.timeout = 300s (custom)
2022-11-08 06:33:25,468 [pool-331-thread-1] INFO  server.RaftServerConfigKeys (ConfUtils.java:logGet(46)) - raft.server.leaderelection.leader.step-down.wait-time = 10s (default)
2022-11-08 06:33:25,468 [pool-331-thread-1] INFO  server.RaftServerConfigKeys (ConfUtils.java:logGet(46)) - raft.server.sleep.deviation.threshold = 300ms (default)
2022-11-08 06:33:25,469 [pool-331-thread-1] INFO  server.RaftServer$Division (ServerState.java:<init>(118)) - fd3bdcb5-514c-4dac-86eb-5773e16bc7f6@group-9676EF610CB3: ConfigurationManager, init=-1: peers:[fd3bdcb5-514c-4dac-86eb-5773e16bc7f6|rpc:10.1.0.244:40815|priority:1|startupRole:FOLLOWER]|listeners:[], old=null, confs=<EMPTY_MAP>
2022-11-08 06:33:25,469 [pool-331-thread-1] INFO  server.RaftServerConfigKeys (ConfUtils.java:logGet(46)) - raft.server.storage.dir = [/home/runner/work/ozone/ozone/hadoop-ozone/integration-test/target/test-dir/MiniOzoneClusterImpl-b4f26986-4eb4-4ecd-9efe-6fbc1efd26b6/datanode-1/data/ratis] (custom)
2022-11-08 06:33:25,469 [pool-331-thread-1] INFO  server.RaftServerConfigKeys (ConfUtils.java:logGet(46)) - raft.server.log.corruption.policy = EXCEPTION (default)
2022-11-08 06:33:25,469 [pool-331-thread-1] INFO  server.RaftServerConfigKeys (ConfUtils.java:logGet(46)) - raft.server.storage.free-space.min = 0MB (=0) (default)
2022-11-08 06:33:25,469 [pool-331-thread-1] INFO  server.RaftServerConfigKeys (ConfUtils.java:logGet(46)) - raft.server.notification.no-leader.timeout = 300s (custom)
2022-11-08 06:33:25,469 [pool-331-thread-1] INFO  server.RaftServerConfigKeys (ConfUtils.java:logGet(46)) - raft.server.retrycache.expirytime = 600000ms (custom)
2022-11-08 06:33:25,469 [pool-331-thread-1] INFO  server.RaftServerConfigKeys (ConfUtils.java:logGet(46)) - raft.server.retrycache.statistics.expirytime = 100μs (default)
2022-11-08 06:33:25,470 [pool-331-thread-1] INFO  server.RaftServerConfigKeys (ConfUtils.java:logGet(46)) - raft.server.log.appender.install.snapshot.enabled = false (custom)
2022-11-08 06:33:25,470 [pool-331-thread-1] INFO  server.RaftServerConfigKeys (ConfUtils.java:logGet(46)) - raft.server.threadpool.server.cached = true (default)
2022-11-08 06:33:25,470 [pool-331-thread-1] INFO  server.RaftServerConfigKeys (ConfUtils.java:logGet(46)) - raft.server.threadpool.server.size = 0 (default)
2022-11-08 06:33:25,471 [pool-331-thread-1] INFO  server.RaftServerConfigKeys (ConfUtils.java:logGet(46)) - raft.server.threadpool.client.cached = true (default)
2022-11-08 06:33:25,471 [pool-331-thread-1] INFO  server.RaftServerConfigKeys (ConfUtils.java:logGet(46)) - raft.server.threadpool.client.size = 0 (default)
2022-11-08 06:33:25,471 [pool-331-thread-1] INFO  storage.RaftStorageDirectory (RaftStorageDirectoryImpl.java:analyzeStorage(137)) - The storage directory /home/runner/work/ozone/ozone/hadoop-ozone/integration-test/target/test-dir/MiniOzoneClusterImpl-b4f26986-4eb4-4ecd-9efe-6fbc1efd26b6/datanode-1/data/ratis/6913a0da-7bb4-402d-ab00-9676ef610cb3 does not exist. Creating ...
2022-11-08 06:33:25,473 [pool-331-thread-1] INFO  storage.RaftStorageDirectory (RaftStorageDirectoryImpl.java:tryLock(231)) - Lock on /home/runner/work/ozone/ozone/hadoop-ozone/integration-test/target/test-dir/MiniOzoneClusterImpl-b4f26986-4eb4-4ecd-9efe-6fbc1efd26b6/datanode-1/data/ratis/6913a0da-7bb4-402d-ab00-9676ef610cb3/in_use.lock acquired by nodename 12075@fv-az220-111
2022-11-08 06:33:25,475 [pool-331-thread-1] INFO  storage.RaftStorage (RaftStorageImpl.java:format(96)) - Storage directory /home/runner/work/ozone/ozone/hadoop-ozone/integration-test/target/test-dir/MiniOzoneClusterImpl-b4f26986-4eb4-4ecd-9efe-6fbc1efd26b6/datanode-1/data/ratis/6913a0da-7bb4-402d-ab00-9676ef610cb3 has been successfully formatted.
2022-11-08 06:33:25,475 [pool-331-thread-1] INFO  ratis.ContainerStateMachine (ContainerStateMachine.java:loadSnapshot(236)) - group-9676EF610CB3: The snapshot info is null. Setting the last applied indexto:(t:0, i:~)
2022-11-08 06:33:25,475 [pool-331-thread-1] INFO  server.RaftServerConfigKeys (ConfUtils.java:logGet(46)) - raft.server.log.use.memory = false (default)
2022-11-08 06:33:25,475 [pool-331-thread-1] INFO  server.RaftServerConfigKeys (ConfUtils.java:logGet(46)) - raft.server.log.purge.gap = 1000000 (custom)
2022-11-08 06:33:25,475 [pool-331-thread-1] INFO  server.RaftServerConfigKeys (ConfUtils.java:logGet(46)) - raft.server.log.appender.buffer.byte-limit = 33554432 (custom)
2022-11-08 06:33:25,475 [pool-331-thread-1] INFO  server.RaftServerConfigKeys (ConfUtils.java:logGet(46)) - raft.server.log.statemachine.data.read.timeout = 1000ms (default)
2022-11-08 06:33:25,476 [pool-331-thread-1] INFO  server.RaftServerConfigKeys (ConfUtils.java:logGet(46)) - raft.server.log.purge.preservation.log.num = 0 (default)
2022-11-08 06:33:25,476 [pool-331-thread-1] INFO  server.RaftServerConfigKeys (ConfUtils.java:logGet(46)) - raft.server.log.segment.size.max = 1048576 (custom)
2022-11-08 06:33:25,476 [pool-331-thread-1] INFO  server.RaftServerConfigKeys (ConfUtils.java:logGet(46)) - raft.server.log.segment.cache.num.max = 2 (custom)
2022-11-08 06:33:25,476 [pool-331-thread-1] INFO  server.RaftServerConfigKeys (ConfUtils.java:logGet(46)) - raft.server.log.segment.cache.size.max = 200MB (=209715200) (default)
2022-11-08 06:33:25,476 [pool-331-thread-1] INFO  segmented.SegmentedRaftLogWorker (SegmentedRaftLogWorker.java:<init>(191)) - new fd3bdcb5-514c-4dac-86eb-5773e16bc7f6@group-9676EF610CB3-SegmentedRaftLogWorker for RaftStorageImpl:Storage Directory /home/runner/work/ozone/ozone/hadoop-ozone/integration-test/target/test-dir/MiniOzoneClusterImpl-b4f26986-4eb4-4ecd-9efe-6fbc1efd26b6/datanode-1/data/ratis/6913a0da-7bb4-402d-ab00-9676ef610cb3
2022-11-08 06:33:25,476 [pool-331-thread-1] INFO  server.RaftServerConfigKeys (ConfUtils.java:logGet(46)) - raft.server.log.queue.byte-limit = 4294967296 (custom)
2022-11-08 06:33:25,477 [pool-331-thread-1] INFO  server.RaftServerConfigKeys (ConfUtils.java:logGet(46)) - raft.server.log.queue.element-limit = 1024 (custom)
2022-11-08 06:33:25,477 [pool-331-thread-1] INFO  server.RaftServerConfigKeys (ConfUtils.java:logGet(46)) - raft.server.log.segment.size.max = 1048576 (custom)
2022-11-08 06:33:25,477 [pool-331-thread-1] INFO  server.RaftServerConfigKeys (ConfUtils.java:logGet(46)) - raft.server.log.preallocated.size = 16384 (custom)
2022-11-08 06:33:25,477 [pool-331-thread-1] INFO  server.RaftServerConfigKeys (ConfUtils.java:logGet(46)) - raft.server.log.force.sync.num = 128 (default)
2022-11-08 06:33:25,477 [pool-331-thread-1] INFO  server.RaftServerConfigKeys (ConfUtils.java:logGet(46)) - raft.server.log.statemachine.data.sync = true (default)
2022-11-08 06:33:25,477 [EventQueue-PipelineReportForPipelineReportHandler] INFO  pipeline.PipelineManagerImpl (PipelineManagerImpl.java:openPipeline(367)) - Pipeline Pipeline[ Id: 6913a0da-7bb4-402d-ab00-9676ef610cb3, Nodes: fd3bdcb5-514c-4dac-86eb-5773e16bc7f6{ip: 10.1.0.244, host: fv-az220-111.shdwizndlbjulinwhzhdmup5sb.jx.internal.cloudapp.net, ports: [REPLICATION=40397, RATIS=40815, RATIS_ADMIN=40815, RATIS_SERVER=40815, STANDALONE=39111], networkLocation: /default-rack, certSerialId: null, persistedOpState: IN_SERVICE, persistedOpStateExpiryEpochSec: 0}, ReplicationConfig: RATIS/ONE, State:ALLOCATED, leaderId:fd3bdcb5-514c-4dac-86eb-5773e16bc7f6, CreationTimestamp2022-11-08T06:33:22.470Z[Etc/UTC]] moved to OPEN state
2022-11-08 06:33:25,477 [pool-331-thread-1] INFO  server.RaftServerConfigKeys (ConfUtils.java:logGet(46)) - raft.server.log.statemachine.data.sync.timeout = 10s (default)
2022-11-08 06:33:25,477 [pool-331-thread-1] INFO  server.RaftServerConfigKeys (ConfUtils.java:logGet(46)) - raft.server.log.statemachine.data.sync.timeout.retry = -1 (default)
2022-11-08 06:33:25,477 [EventQueue-OpenPipelineForHealthyPipelineSafeModeRule] INFO  safemode.SCMSafeModeManager (HealthyPipelineSafeModeRule.java:process(137)) - SCM in safe mode. Healthy pipelines reported count is 0, required healthy pipeline reported count is 1
2022-11-08 06:33:25,478 [pool-331-thread-1] INFO  server.RaftServerConfigKeys (ConfUtils.java:logGet(46)) - raft.server.log.write.buffer.size = 1048576 (custom)
2022-11-08 06:33:25,478 [pool-331-thread-1] INFO  server.RaftServerConfigKeys (ConfUtils.java:logGet(46)) - raft.server.log.unsafe-flush.enabled = false (default)
2022-11-08 06:33:25,478 [pool-331-thread-1] INFO  server.RaftServerConfigKeys (ConfUtils.java:logGet(46)) - raft.server.log.async-flush.enabled = false (default)
2022-11-08 06:33:25,478 [pool-331-thread-1] INFO  server.RaftServerConfigKeys (ConfUtils.java:logGet(46)) - raft.server.log.statemachine.data.caching.enabled = true (custom)
2022-11-08 06:33:25,479 [pool-331-thread-1] INFO  segmented.SegmentedRaftLogWorker (SegmentedRaftLogWorker.java:lambda$new$0(136)) - fd3bdcb5-514c-4dac-86eb-5773e16bc7f6@group-9676EF610CB3-SegmentedRaftLogWorker: flushIndex: setUnconditionally 0 -> -1
2022-11-08 06:33:25,479 [pool-331-thread-1] INFO  segmented.SegmentedRaftLogWorker (SegmentedRaftLogWorker.java:lambda$new$0(136)) - fd3bdcb5-514c-4dac-86eb-5773e16bc7f6@group-9676EF610CB3-SegmentedRaftLogWorker: safeCacheEvictIndex: setUnconditionally 0 -> -1
2022-11-08 06:33:25,489 [pool-331-thread-1] INFO  server.RaftServer$Division (RaftServerImpl.java:start(334)) - fd3bdcb5-514c-4dac-86eb-5773e16bc7f6@group-9676EF610CB3: start as a follower, conf=-1: peers:[fd3bdcb5-514c-4dac-86eb-5773e16bc7f6|rpc:10.1.0.244:40815|priority:1|startupRole:FOLLOWER]|listeners:[], old=null
2022-11-08 06:33:25,489 [pool-331-thread-1] INFO  server.RaftServer$Division (RaftServerImpl.java:setRole(321)) - fd3bdcb5-514c-4dac-86eb-5773e16bc7f6@group-9676EF610CB3: changes role from      null to FOLLOWER at term 0 for startAsFollower
2022-11-08 06:33:25,489 [pool-331-thread-1] INFO  impl.RoleInfo (RoleInfo.java:updateAndGet(139)) - fd3bdcb5-514c-4dac-86eb-5773e16bc7f6: start fd3bdcb5-514c-4dac-86eb-5773e16bc7f6@group-9676EF610CB3-FollowerState
2022-11-08 06:33:25,490 [pool-331-thread-1] INFO  util.JmxRegister (JmxRegister.java:tryRegister(44)) - Successfully registered JMX Bean with object name Ratis:service=RaftServer,group=group-9676EF610CB3,id=fd3bdcb5-514c-4dac-86eb-5773e16bc7f6
2022-11-08 06:33:25,490 [pool-331-thread-1] INFO  server.RaftServerConfigKeys (ConfUtils.java:logGet(46)) - raft.server.snapshot.auto.trigger.enabled = true (custom)
2022-11-08 06:33:25,490 [pool-331-thread-1] INFO  server.RaftServerConfigKeys (ConfUtils.java:logGet(46)) - raft.server.snapshot.auto.trigger.threshold = 10000 (custom)
2022-11-08 06:33:25,490 [pool-331-thread-1] INFO  server.RaftServerConfigKeys (ConfUtils.java:logGet(46)) - raft.server.snapshot.retention.file.num = 5 (custom)
2022-11-08 06:33:25,490 [pool-331-thread-1] INFO  server.RaftServerConfigKeys (ConfUtils.java:logGet(46)) - raft.server.log.purge.upto.snapshot.index = false (default)
2022-11-08 06:33:25,491 [fd3bdcb5-514c-4dac-86eb-5773e16bc7f6@group-9676EF610CB3-FollowerState] INFO  server.RaftServerConfigKeys (ConfUtils.java:logFallback(53)) - raft.server.rpc.first-election.timeout.min = 5s (fallback to raft.server.rpc.timeout.min)
2022-11-08 06:33:25,491 [fd3bdcb5-514c-4dac-86eb-5773e16bc7f6@group-9676EF610CB3-FollowerState] INFO  server.RaftServerConfigKeys (ConfUtils.java:logFallback(53)) - raft.server.rpc.first-election.timeout.max = 5200ms (fallback to raft.server.rpc.timeout.max)
2022-11-08 06:33:25,493 [Command processor thread] INFO  ratis.XceiverServerRatis (XceiverServerRatis.java:addGroup(765)) - Created group PipelineID=6913a0da-7bb4-402d-ab00-9676ef610cb3
2022-11-08 06:33:25,493 [Command processor thread] INFO  commandhandler.CreatePipelineCommandHandler (CreatePipelineCommandHandler.java:handle(113)) - Created Pipeline RATIS ONE PipelineID=6913a0da-7bb4-402d-ab00-9676ef610cb3.
2022-11-08 06:33:26,074 [Listener at 127.0.0.1/39611] INFO  ozone.MiniOzoneClusterImpl (MiniOzoneClusterImpl.java:lambda$waitForClusterToBeReady$0(216)) - Nodes are ready. Got 3 of 3 DN Heartbeats.
2022-11-08 06:33:26,074 [Listener at 127.0.0.1/39611] INFO  ozone.MiniOzoneClusterImpl (MiniOzoneClusterImpl.java:lambda$waitForClusterToBeReady$0(219)) - Waiting for cluster to exit safe mode
2022-11-08 06:33:26,074 [Listener at 127.0.0.1/39611] INFO  ozone.MiniOzoneClusterImpl (MiniOzoneClusterImpl.java:lambda$waitForClusterToBeReady$0(221)) - SCM became leader
2022-11-08 06:33:26,075 [Command processor thread] INFO  server.RaftServer (RaftServerProxy.java:addNew(96)) - 99ee034f-b39b-4991-99d2-5a13f1bd518d: addNew group-347BA50E2C61:[99ee034f-b39b-4991-99d2-5a13f1bd518d|rpc:10.1.0.244:38741|priority:1|startupRole:FOLLOWER] returns group-347BA50E2C61:java.util.concurrent.CompletableFuture@c53079d[Not completed]
2022-11-08 06:33:26,076 [pool-354-thread-1] INFO  server.RaftServer$Division (RaftServerImpl.java:<init>(195)) - 99ee034f-b39b-4991-99d2-5a13f1bd518d: new RaftServerImpl for group-347BA50E2C61:[99ee034f-b39b-4991-99d2-5a13f1bd518d|rpc:10.1.0.244:38741|priority:1|startupRole:FOLLOWER] with ContainerStateMachine:uninitialized
2022-11-08 06:33:26,076 [pool-354-thread-1] INFO  server.RaftServerConfigKeys (ConfUtils.java:logGet(46)) - raft.server.rpc.timeout.min = 5s (custom)
2022-11-08 06:33:26,076 [pool-354-thread-1] INFO  server.RaftServerConfigKeys (ConfUtils.java:logGet(46)) - raft.server.rpc.timeout.max = 5200ms (custom)
2022-11-08 06:33:26,076 [pool-354-thread-1] INFO  server.RaftServerConfigKeys (ConfUtils.java:logGet(46)) - raft.server.rpc.sleep.time = 25ms (default)
2022-11-08 06:33:26,076 [pool-354-thread-1] INFO  server.RaftServerConfigKeys (ConfUtils.java:logGet(46)) - raft.server.rpc.slowness.timeout = 300s (custom)
2022-11-08 06:33:26,076 [pool-354-thread-1] INFO  server.RaftServerConfigKeys (ConfUtils.java:logGet(46)) - raft.server.leaderelection.leader.step-down.wait-time = 10s (default)
2022-11-08 06:33:26,076 [pool-354-thread-1] INFO  server.RaftServerConfigKeys (ConfUtils.java:logGet(46)) - raft.server.sleep.deviation.threshold = 300ms (default)
2022-11-08 06:33:26,076 [pool-354-thread-1] INFO  server.RaftServer$Division (ServerState.java:<init>(118)) - 99ee034f-b39b-4991-99d2-5a13f1bd518d@group-347BA50E2C61: ConfigurationManager, init=-1: peers:[99ee034f-b39b-4991-99d2-5a13f1bd518d|rpc:10.1.0.244:38741|priority:1|startupRole:FOLLOWER]|listeners:[], old=null, confs=<EMPTY_MAP>
2022-11-08 06:33:26,076 [pool-354-thread-1] INFO  server.RaftServerConfigKeys (ConfUtils.java:logGet(46)) - raft.server.storage.dir = [/home/runner/work/ozone/ozone/hadoop-ozone/integration-test/target/test-dir/MiniOzoneClusterImpl-b4f26986-4eb4-4ecd-9efe-6fbc1efd26b6/datanode-2/data/ratis] (custom)
2022-11-08 06:33:26,076 [pool-354-thread-1] INFO  server.RaftServerConfigKeys (ConfUtils.java:logGet(46)) - raft.server.log.corruption.policy = EXCEPTION (default)
2022-11-08 06:33:26,076 [pool-354-thread-1] INFO  server.RaftServerConfigKeys (ConfUtils.java:logGet(46)) - raft.server.storage.free-space.min = 0MB (=0) (default)
2022-11-08 06:33:26,077 [pool-354-thread-1] INFO  server.RaftServerConfigKeys (ConfUtils.java:logGet(46)) - raft.server.notification.no-leader.timeout = 300s (custom)
2022-11-08 06:33:26,077 [pool-354-thread-1] INFO  server.RaftServerConfigKeys (ConfUtils.java:logGet(46)) - raft.server.retrycache.expirytime = 600000ms (custom)
2022-11-08 06:33:26,077 [pool-354-thread-1] INFO  server.RaftServerConfigKeys (ConfUtils.java:logGet(46)) - raft.server.retrycache.statistics.expirytime = 100μs (default)
2022-11-08 06:33:26,078 [pool-354-thread-1] INFO  server.RaftServerConfigKeys (ConfUtils.java:logGet(46)) - raft.server.log.appender.install.snapshot.enabled = false (custom)
2022-11-08 06:33:26,078 [pool-354-thread-1] INFO  server.RaftServerConfigKeys (ConfUtils.java:logGet(46)) - raft.server.threadpool.server.cached = true (default)
2022-11-08 06:33:26,078 [pool-354-thread-1] INFO  server.RaftServerConfigKeys (ConfUtils.java:logGet(46)) - raft.server.threadpool.server.size = 0 (default)
2022-11-08 06:33:26,078 [pool-354-thread-1] INFO  server.RaftServerConfigKeys (ConfUtils.java:logGet(46)) - raft.server.threadpool.client.cached = true (default)
2022-11-08 06:33:26,078 [pool-354-thread-1] INFO  server.RaftServerConfigKeys (ConfUtils.java:logGet(46)) - raft.server.threadpool.client.size = 0 (default)
2022-11-08 06:33:26,078 [pool-354-thread-1] INFO  storage.RaftStorageDirectory (RaftStorageDirectoryImpl.java:analyzeStorage(137)) - The storage directory /home/runner/work/ozone/ozone/hadoop-ozone/integration-test/target/test-dir/MiniOzoneClusterImpl-b4f26986-4eb4-4ecd-9efe-6fbc1efd26b6/datanode-2/data/ratis/5f5358c9-4e19-4da4-878b-347ba50e2c61 does not exist. Creating ...
2022-11-08 06:33:26,080 [pool-354-thread-1] INFO  storage.RaftStorageDirectory (RaftStorageDirectoryImpl.java:tryLock(231)) - Lock on /home/runner/work/ozone/ozone/hadoop-ozone/integration-test/target/test-dir/MiniOzoneClusterImpl-b4f26986-4eb4-4ecd-9efe-6fbc1efd26b6/datanode-2/data/ratis/5f5358c9-4e19-4da4-878b-347ba50e2c61/in_use.lock acquired by nodename 12075@fv-az220-111
2022-11-08 06:33:26,081 [pool-354-thread-1] INFO  storage.RaftStorage (RaftStorageImpl.java:format(96)) - Storage directory /home/runner/work/ozone/ozone/hadoop-ozone/integration-test/target/test-dir/MiniOzoneClusterImpl-b4f26986-4eb4-4ecd-9efe-6fbc1efd26b6/datanode-2/data/ratis/5f5358c9-4e19-4da4-878b-347ba50e2c61 has been successfully formatted.
2022-11-08 06:33:26,082 [pool-354-thread-1] INFO  ratis.ContainerStateMachine (ContainerStateMachine.java:loadSnapshot(236)) - group-347BA50E2C61: The snapshot info is null. Setting the last applied indexto:(t:0, i:~)
2022-11-08 06:33:26,082 [pool-354-thread-1] INFO  server.RaftServerConfigKeys (ConfUtils.java:logGet(46)) - raft.server.log.use.memory = false (default)
2022-11-08 06:33:26,082 [pool-354-thread-1] INFO  server.RaftServerConfigKeys (ConfUtils.java:logGet(46)) - raft.server.log.purge.gap = 1000000 (custom)
2022-11-08 06:33:26,082 [pool-354-thread-1] INFO  server.RaftServerConfigKeys (ConfUtils.java:logGet(46)) - raft.server.log.appender.buffer.byte-limit = 33554432 (custom)
2022-11-08 06:33:26,082 [pool-354-thread-1] INFO  server.RaftServerConfigKeys (ConfUtils.java:logGet(46)) - raft.server.log.statemachine.data.read.timeout = 1000ms (default)
2022-11-08 06:33:26,082 [pool-354-thread-1] INFO  server.RaftServerConfigKeys (ConfUtils.java:logGet(46)) - raft.server.log.purge.preservation.log.num = 0 (default)
2022-11-08 06:33:26,082 [pool-354-thread-1] INFO  server.RaftServerConfigKeys (ConfUtils.java:logGet(46)) - raft.server.log.segment.size.max = 1048576 (custom)
2022-11-08 06:33:26,083 [pool-354-thread-1] INFO  server.RaftServerConfigKeys (ConfUtils.java:logGet(46)) - raft.server.log.segment.cache.num.max = 2 (custom)
2022-11-08 06:33:26,083 [pool-354-thread-1] INFO  server.RaftServerConfigKeys (ConfUtils.java:logGet(46)) - raft.server.log.segment.cache.size.max = 200MB (=209715200) (default)
2022-11-08 06:33:26,083 [pool-354-thread-1] INFO  segmented.SegmentedRaftLogWorker (SegmentedRaftLogWorker.java:<init>(191)) - new 99ee034f-b39b-4991-99d2-5a13f1bd518d@group-347BA50E2C61-SegmentedRaftLogWorker for RaftStorageImpl:Storage Directory /home/runner/work/ozone/ozone/hadoop-ozone/integration-test/target/test-dir/MiniOzoneClusterImpl-b4f26986-4eb4-4ecd-9efe-6fbc1efd26b6/datanode-2/data/ratis/5f5358c9-4e19-4da4-878b-347ba50e2c61
2022-11-08 06:33:26,083 [pool-354-thread-1] INFO  server.RaftServerConfigKeys (ConfUtils.java:logGet(46)) - raft.server.log.queue.byte-limit = 4294967296 (custom)
2022-11-08 06:33:26,083 [pool-354-thread-1] INFO  server.RaftServerConfigKeys (ConfUtils.java:logGet(46)) - raft.server.log.queue.element-limit = 1024 (custom)
2022-11-08 06:33:26,083 [pool-354-thread-1] INFO  server.RaftServerConfigKeys (ConfUtils.java:logGet(46)) - raft.server.log.segment.size.max = 1048576 (custom)
2022-11-08 06:33:26,083 [pool-354-thread-1] INFO  server.RaftServerConfigKeys (ConfUtils.java:logGet(46)) - raft.server.log.preallocated.size = 16384 (custom)
2022-11-08 06:33:26,083 [pool-354-thread-1] INFO  server.RaftServerConfigKeys (ConfUtils.java:logGet(46)) - raft.server.log.force.sync.num = 128 (default)
2022-11-08 06:33:26,083 [pool-354-thread-1] INFO  server.RaftServerConfigKeys (ConfUtils.java:logGet(46)) - raft.server.log.statemachine.data.sync = true (default)
2022-11-08 06:33:26,083 [pool-354-thread-1] INFO  server.RaftServerConfigKeys (ConfUtils.java:logGet(46)) - raft.server.log.statemachine.data.sync.timeout = 10s (default)
2022-11-08 06:33:26,083 [pool-354-thread-1] INFO  server.RaftServerConfigKeys (ConfUtils.java:logGet(46)) - raft.server.log.statemachine.data.sync.timeout.retry = -1 (default)
2022-11-08 06:33:26,084 [pool-354-thread-1] INFO  server.RaftServerConfigKeys (ConfUtils.java:logGet(46)) - raft.server.log.write.buffer.size = 1048576 (custom)
2022-11-08 06:33:26,085 [EventQueue-PipelineReportForPipelineReportHandler] INFO  pipeline.PipelineManagerImpl (PipelineManagerImpl.java:openPipeline(367)) - Pipeline Pipeline[ Id: 5f5358c9-4e19-4da4-878b-347ba50e2c61, Nodes: 99ee034f-b39b-4991-99d2-5a13f1bd518d{ip: 10.1.0.244, host: fv-az220-111.shdwizndlbjulinwhzhdmup5sb.jx.internal.cloudapp.net, ports: [REPLICATION=46789, RATIS=38741, RATIS_ADMIN=38741, RATIS_SERVER=38741, STANDALONE=34257], networkLocation: /default-rack, certSerialId: null, persistedOpState: IN_SERVICE, persistedOpStateExpiryEpochSec: 0}, ReplicationConfig: RATIS/ONE, State:ALLOCATED, leaderId:99ee034f-b39b-4991-99d2-5a13f1bd518d, CreationTimestamp2022-11-08T06:33:23.077Z[Etc/UTC]] moved to OPEN state
2022-11-08 06:33:26,086 [EventQueue-OpenPipelineForHealthyPipelineSafeModeRule] INFO  safemode.SCMSafeModeManager (HealthyPipelineSafeModeRule.java:process(137)) - SCM in safe mode. Healthy pipelines reported count is 0, required healthy pipeline reported count is 1
2022-11-08 06:33:26,087 [pool-354-thread-1] INFO  server.RaftServerConfigKeys (ConfUtils.java:logGet(46)) - raft.server.log.unsafe-flush.enabled = false (default)
2022-11-08 06:33:26,087 [pool-354-thread-1] INFO  server.RaftServerConfigKeys (ConfUtils.java:logGet(46)) - raft.server.log.async-flush.enabled = false (default)
2022-11-08 06:33:26,087 [pool-354-thread-1] INFO  server.RaftServerConfigKeys (ConfUtils.java:logGet(46)) - raft.server.log.statemachine.data.caching.enabled = true (custom)
2022-11-08 06:33:26,087 [pool-354-thread-1] INFO  segmented.SegmentedRaftLogWorker (SegmentedRaftLogWorker.java:lambda$new$0(136)) - 99ee034f-b39b-4991-99d2-5a13f1bd518d@group-347BA50E2C61-SegmentedRaftLogWorker: flushIndex: setUnconditionally 0 -> -1
2022-11-08 06:33:26,087 [pool-354-thread-1] INFO  segmented.SegmentedRaftLogWorker (SegmentedRaftLogWorker.java:lambda$new$0(136)) - 99ee034f-b39b-4991-99d2-5a13f1bd518d@group-347BA50E2C61-SegmentedRaftLogWorker: safeCacheEvictIndex: setUnconditionally 0 -> -1
2022-11-08 06:33:26,087 [pool-354-thread-1] INFO  server.RaftServer$Division (RaftServerImpl.java:start(334)) - 99ee034f-b39b-4991-99d2-5a13f1bd518d@group-347BA50E2C61: start as a follower, conf=-1: peers:[99ee034f-b39b-4991-99d2-5a13f1bd518d|rpc:10.1.0.244:38741|priority:1|startupRole:FOLLOWER]|listeners:[], old=null
2022-11-08 06:33:26,087 [pool-354-thread-1] INFO  server.RaftServer$Division (RaftServerImpl.java:setRole(321)) - 99ee034f-b39b-4991-99d2-5a13f1bd518d@group-347BA50E2C61: changes role from      null to FOLLOWER at term 0 for startAsFollower
2022-11-08 06:33:26,087 [pool-354-thread-1] INFO  impl.RoleInfo (RoleInfo.java:updateAndGet(139)) - 99ee034f-b39b-4991-99d2-5a13f1bd518d: start 99ee034f-b39b-4991-99d2-5a13f1bd518d@group-347BA50E2C61-FollowerState
2022-11-08 06:33:26,089 [pool-354-thread-1] INFO  util.JmxRegister (JmxRegister.java:tryRegister(44)) - Successfully registered JMX Bean with object name Ratis:service=RaftServer,group=group-347BA50E2C61,id=99ee034f-b39b-4991-99d2-5a13f1bd518d
2022-11-08 06:33:26,089 [pool-354-thread-1] INFO  server.RaftServerConfigKeys (ConfUtils.java:logGet(46)) - raft.server.snapshot.auto.trigger.enabled = true (custom)
2022-11-08 06:33:26,089 [pool-354-thread-1] INFO  server.RaftServerConfigKeys (ConfUtils.java:logGet(46)) - raft.server.snapshot.auto.trigger.threshold = 10000 (custom)
2022-11-08 06:33:26,089 [pool-354-thread-1] INFO  server.RaftServerConfigKeys (ConfUtils.java:logGet(46)) - raft.server.snapshot.retention.file.num = 5 (custom)
2022-11-08 06:33:26,089 [pool-354-thread-1] INFO  server.RaftServerConfigKeys (ConfUtils.java:logGet(46)) - raft.server.log.purge.upto.snapshot.index = false (default)
2022-11-08 06:33:26,090 [99ee034f-b39b-4991-99d2-5a13f1bd518d@group-347BA50E2C61-FollowerState] INFO  server.RaftServerConfigKeys (ConfUtils.java:logFallback(53)) - raft.server.rpc.first-election.timeout.min = 5s (fallback to raft.server.rpc.timeout.min)
2022-11-08 06:33:26,090 [99ee034f-b39b-4991-99d2-5a13f1bd518d@group-347BA50E2C61-FollowerState] INFO  server.RaftServerConfigKeys (ConfUtils.java:logFallback(53)) - raft.server.rpc.first-election.timeout.max = 5200ms (fallback to raft.server.rpc.timeout.max)
2022-11-08 06:33:26,092 [Command processor thread] INFO  ratis.XceiverServerRatis (XceiverServerRatis.java:addGroup(765)) - Created group PipelineID=5f5358c9-4e19-4da4-878b-347ba50e2c61
2022-11-08 06:33:26,092 [Command processor thread] INFO  commandhandler.CreatePipelineCommandHandler (CreatePipelineCommandHandler.java:handle(113)) - Created Pipeline RATIS ONE PipelineID=5f5358c9-4e19-4da4-878b-347ba50e2c61.
2022-11-08 06:33:27,074 [Listener at 127.0.0.1/39611] INFO  ozone.MiniOzoneClusterImpl (MiniOzoneClusterImpl.java:lambda$waitForClusterToBeReady$0(216)) - Nodes are ready. Got 3 of 3 DN Heartbeats.
2022-11-08 06:33:27,075 [Listener at 127.0.0.1/39611] INFO  ozone.MiniOzoneClusterImpl (MiniOzoneClusterImpl.java:lambda$waitForClusterToBeReady$0(219)) - Waiting for cluster to exit safe mode
2022-11-08 06:33:27,075 [Listener at 127.0.0.1/39611] INFO  ozone.MiniOzoneClusterImpl (MiniOzoneClusterImpl.java:lambda$waitForClusterToBeReady$0(221)) - SCM became leader
2022-11-08 06:33:28,075 [Listener at 127.0.0.1/39611] INFO  ozone.MiniOzoneClusterImpl (MiniOzoneClusterImpl.java:lambda$waitForClusterToBeReady$0(216)) - Nodes are ready. Got 3 of 3 DN Heartbeats.
2022-11-08 06:33:28,076 [Listener at 127.0.0.1/39611] INFO  ozone.MiniOzoneClusterImpl (MiniOzoneClusterImpl.java:lambda$waitForClusterToBeReady$0(219)) - Waiting for cluster to exit safe mode
2022-11-08 06:33:28,076 [Listener at 127.0.0.1/39611] INFO  ozone.MiniOzoneClusterImpl (MiniOzoneClusterImpl.java:lambda$waitForClusterToBeReady$0(221)) - SCM became leader
2022-11-08 06:33:29,076 [Listener at 127.0.0.1/39611] INFO  ozone.MiniOzoneClusterImpl (MiniOzoneClusterImpl.java:lambda$waitForClusterToBeReady$0(216)) - Nodes are ready. Got 3 of 3 DN Heartbeats.
2022-11-08 06:33:29,077 [Listener at 127.0.0.1/39611] INFO  ozone.MiniOzoneClusterImpl (MiniOzoneClusterImpl.java:lambda$waitForClusterToBeReady$0(219)) - Waiting for cluster to exit safe mode
2022-11-08 06:33:29,077 [Listener at 127.0.0.1/39611] INFO  ozone.MiniOzoneClusterImpl (MiniOzoneClusterImpl.java:lambda$waitForClusterToBeReady$0(221)) - SCM became leader
2022-11-08 06:33:30,077 [Listener at 127.0.0.1/39611] INFO  ozone.MiniOzoneClusterImpl (MiniOzoneClusterImpl.java:lambda$waitForClusterToBeReady$0(216)) - Nodes are ready. Got 3 of 3 DN Heartbeats.
2022-11-08 06:33:30,077 [Listener at 127.0.0.1/39611] INFO  ozone.MiniOzoneClusterImpl (MiniOzoneClusterImpl.java:lambda$waitForClusterToBeReady$0(219)) - Waiting for cluster to exit safe mode
2022-11-08 06:33:30,077 [Listener at 127.0.0.1/39611] INFO  ozone.MiniOzoneClusterImpl (MiniOzoneClusterImpl.java:lambda$waitForClusterToBeReady$0(221)) - SCM became leader
2022-11-08 06:33:30,109 [d1e5d709-e257-453b-a807-acff1c76fb8f@group-A694E237EA82-FollowerState] INFO  impl.FollowerState (FollowerState.java:run(143)) - d1e5d709-e257-453b-a807-acff1c76fb8f@group-A694E237EA82-FollowerState: change to CANDIDATE, lastRpcElapsedTime:5012627585ns, electionTimeout:5012ms
2022-11-08 06:33:30,109 [d1e5d709-e257-453b-a807-acff1c76fb8f@group-A694E237EA82-FollowerState] INFO  impl.RoleInfo (RoleInfo.java:shutdownFollowerState(110)) - d1e5d709-e257-453b-a807-acff1c76fb8f: shutdown d1e5d709-e257-453b-a807-acff1c76fb8f@group-A694E237EA82-FollowerState
2022-11-08 06:33:30,109 [d1e5d709-e257-453b-a807-acff1c76fb8f@group-A694E237EA82-FollowerState] INFO  server.RaftServer$Division (RaftServerImpl.java:setRole(321)) - d1e5d709-e257-453b-a807-acff1c76fb8f@group-A694E237EA82: changes role from  FOLLOWER to CANDIDATE at term 0 for changeToCandidate
2022-11-08 06:33:30,109 [d1e5d709-e257-453b-a807-acff1c76fb8f@group-A694E237EA82-FollowerState] INFO  server.RaftServerConfigKeys (ConfUtils.java:logGet(46)) - raft.server.leaderelection.pre-vote = false (custom)
2022-11-08 06:33:30,109 [d1e5d709-e257-453b-a807-acff1c76fb8f@group-A694E237EA82-FollowerState] INFO  impl.RoleInfo (RoleInfo.java:updateAndGet(139)) - d1e5d709-e257-453b-a807-acff1c76fb8f: start d1e5d709-e257-453b-a807-acff1c76fb8f@group-A694E237EA82-LeaderElection21
2022-11-08 06:33:30,117 [d1e5d709-e257-453b-a807-acff1c76fb8f@group-A694E237EA82-LeaderElection21] INFO  impl.LeaderElection (LeaderElection.java:askForVotes(312)) - d1e5d709-e257-453b-a807-acff1c76fb8f@group-A694E237EA82-LeaderElection21 ELECTION round 0: submit vote requests at term 1 for -1: peers:[d1e5d709-e257-453b-a807-acff1c76fb8f|rpc:10.1.0.244:38117|priority:1|startupRole:FOLLOWER]|listeners:[], old=null
2022-11-08 06:33:30,117 [d1e5d709-e257-453b-a807-acff1c76fb8f@group-A694E237EA82-LeaderElection21] INFO  impl.LeaderElection (LeaderElection.java:askForVotes(314)) - d1e5d709-e257-453b-a807-acff1c76fb8f@group-A694E237EA82-LeaderElection21 ELECTION round 0: result PASSED (term=1)
2022-11-08 06:33:30,117 [d1e5d709-e257-453b-a807-acff1c76fb8f@group-A694E237EA82-LeaderElection21] INFO  impl.RoleInfo (RoleInfo.java:shutdownLeaderElection(130)) - d1e5d709-e257-453b-a807-acff1c76fb8f: shutdown d1e5d709-e257-453b-a807-acff1c76fb8f@group-A694E237EA82-LeaderElection21
2022-11-08 06:33:30,117 [d1e5d709-e257-453b-a807-acff1c76fb8f@group-A694E237EA82-LeaderElection21] INFO  server.RaftServer$Division (RaftServerImpl.java:setRole(321)) - d1e5d709-e257-453b-a807-acff1c76fb8f@group-A694E237EA82: changes role from CANDIDATE to LEADER at term 1 for changeToLeader
2022-11-08 06:33:30,118 [d1e5d709-e257-453b-a807-acff1c76fb8f@group-A694E237EA82-LeaderElection21] INFO  ratis.XceiverServerRatis (XceiverServerRatis.java:handleLeaderChangedNotification(863)) - Leader change notification received for group: group-A694E237EA82 with new leaderId: d1e5d709-e257-453b-a807-acff1c76fb8f
2022-11-08 06:33:30,118 [d1e5d709-e257-453b-a807-acff1c76fb8f@group-A694E237EA82-LeaderElection21] INFO  server.RaftServer$Division (ServerState.java:setLeader(313)) - d1e5d709-e257-453b-a807-acff1c76fb8f@group-A694E237EA82: change Leader from null to d1e5d709-e257-453b-a807-acff1c76fb8f at term 1 for becomeLeader, leader elected after 5040ms
2022-11-08 06:33:30,118 [d1e5d709-e257-453b-a807-acff1c76fb8f@group-A694E237EA82-LeaderElection21] INFO  server.RaftServerConfigKeys (ConfUtils.java:logGet(46)) - raft.server.staging.catchup.gap = 1000 (default)
2022-11-08 06:33:30,118 [d1e5d709-e257-453b-a807-acff1c76fb8f@group-A694E237EA82-LeaderElection21] INFO  server.RaftServerConfigKeys (ConfUtils.java:logGet(46)) - raft.server.write.element-limit = 1024 (custom)
2022-11-08 06:33:30,118 [d1e5d709-e257-453b-a807-acff1c76fb8f@group-A694E237EA82-LeaderElection21] INFO  server.RaftServerConfigKeys (ConfUtils.java:logGet(46)) - raft.server.write.byte-limit = 1024 M (=1073741824) (custom)
2022-11-08 06:33:30,119 [EventQueue-OpenPipelineForHealthyPipelineSafeModeRule] INFO  safemode.SCMSafeModeManager (HealthyPipelineSafeModeRule.java:process(137)) - SCM in safe mode. Healthy pipelines reported count is 0, required healthy pipeline reported count is 1
2022-11-08 06:33:30,124 [d1e5d709-e257-453b-a807-acff1c76fb8f@group-A694E237EA82-LeaderElection21] INFO  server.RaftServerConfigKeys (ConfUtils.java:logGet(46)) - raft.server.watch.timeout = 180s (custom)
2022-11-08 06:33:30,124 [d1e5d709-e257-453b-a807-acff1c76fb8f@group-A694E237EA82-LeaderElection21] INFO  server.RaftServerConfigKeys (ConfUtils.java:logGet(46)) - raft.server.watch.timeout.denomination = 1s (default)
2022-11-08 06:33:30,124 [d1e5d709-e257-453b-a807-acff1c76fb8f@group-A694E237EA82-LeaderElection21] INFO  server.RaftServerConfigKeys (ConfUtils.java:logGet(46)) - raft.server.watch.element-limit = 65536 (default)
2022-11-08 06:33:30,124 [d1e5d709-e257-453b-a807-acff1c76fb8f@group-A694E237EA82-LeaderElection21] INFO  server.RaftServerConfigKeys (ConfUtils.java:logGet(46)) - raft.server.write.element-limit = 1024 (custom)
2022-11-08 06:33:30,124 [d1e5d709-e257-453b-a807-acff1c76fb8f@group-A694E237EA82-LeaderElection21] INFO  server.RaftServerConfigKeys (ConfUtils.java:logGet(46)) - raft.server.write.follower.gap.ratio.max = -1.0 (default)
2022-11-08 06:33:30,124 [d1e5d709-e257-453b-a807-acff1c76fb8f@group-A694E237EA82-LeaderElection21] INFO  impl.RoleInfo (RoleInfo.java:updateAndGet(139)) - d1e5d709-e257-453b-a807-acff1c76fb8f: start d1e5d709-e257-453b-a807-acff1c76fb8f@group-A694E237EA82-LeaderStateImpl
2022-11-08 06:33:30,124 [d1e5d709-e257-453b-a807-acff1c76fb8f@group-A694E237EA82-LeaderElection21] INFO  segmented.SegmentedRaftLogWorker (SegmentedRaftLogWorker.java:startLogSegment(452)) - d1e5d709-e257-453b-a807-acff1c76fb8f@group-A694E237EA82-SegmentedRaftLogWorker: Starting segment from index:0
2022-11-08 06:33:30,127 [d1e5d709-e257-453b-a807-acff1c76fb8f@group-A694E237EA82-SegmentedRaftLogWorker] INFO  segmented.SegmentedRaftLogWorker (SegmentedRaftLogWorker.java:execute(656)) - d1e5d709-e257-453b-a807-acff1c76fb8f@group-A694E237EA82-SegmentedRaftLogWorker: created new log segment /home/runner/work/ozone/ozone/hadoop-ozone/integration-test/target/test-dir/MiniOzoneClusterImpl-b4f26986-4eb4-4ecd-9efe-6fbc1efd26b6/datanode-0/data/ratis/5463439c-a236-4603-ba29-a694e237ea82/current/log_inprogress_0
2022-11-08 06:33:30,128 [d1e5d709-e257-453b-a807-acff1c76fb8f@group-A694E237EA82-LeaderElection21] INFO  server.RaftServer$Division (ServerState.java:setRaftConf(430)) - d1e5d709-e257-453b-a807-acff1c76fb8f@group-A694E237EA82: set configuration 0: peers:[d1e5d709-e257-453b-a807-acff1c76fb8f|rpc:10.1.0.244:38117|dataStream:|priority:1|startupRole:FOLLOWER]|listeners:[], old=null
2022-11-08 06:33:30,153 [99ee034f-b39b-4991-99d2-5a13f1bd518d@group-10C2F7A22406-FollowerState] INFO  impl.FollowerState (FollowerState.java:run(143)) - 99ee034f-b39b-4991-99d2-5a13f1bd518d@group-10C2F7A22406-FollowerState: change to CANDIDATE, lastRpcElapsedTime:5008056441ns, electionTimeout:5003ms
2022-11-08 06:33:30,153 [99ee034f-b39b-4991-99d2-5a13f1bd518d@group-10C2F7A22406-FollowerState] INFO  impl.RoleInfo (RoleInfo.java:shutdownFollowerState(110)) - 99ee034f-b39b-4991-99d2-5a13f1bd518d: shutdown 99ee034f-b39b-4991-99d2-5a13f1bd518d@group-10C2F7A22406-FollowerState
2022-11-08 06:33:30,153 [99ee034f-b39b-4991-99d2-5a13f1bd518d@group-10C2F7A22406-FollowerState] INFO  server.RaftServer$Division (RaftServerImpl.java:setRole(321)) - 99ee034f-b39b-4991-99d2-5a13f1bd518d@group-10C2F7A22406: changes role from  FOLLOWER to CANDIDATE at term 0 for changeToCandidate
2022-11-08 06:33:30,153 [99ee034f-b39b-4991-99d2-5a13f1bd518d@group-10C2F7A22406-FollowerState] INFO  server.RaftServerConfigKeys (ConfUtils.java:logGet(46)) - raft.server.leaderelection.pre-vote = false (custom)
2022-11-08 06:33:30,154 [99ee034f-b39b-4991-99d2-5a13f1bd518d@group-10C2F7A22406-FollowerState] INFO  impl.RoleInfo (RoleInfo.java:updateAndGet(139)) - 99ee034f-b39b-4991-99d2-5a13f1bd518d: start 99ee034f-b39b-4991-99d2-5a13f1bd518d@group-10C2F7A22406-LeaderElection22
2022-11-08 06:33:30,160 [99ee034f-b39b-4991-99d2-5a13f1bd518d@group-10C2F7A22406-LeaderElection22] INFO  impl.LeaderElection (LeaderElection.java:askForVotes(312)) - 99ee034f-b39b-4991-99d2-5a13f1bd518d@group-10C2F7A22406-LeaderElection22 ELECTION round 0: submit vote requests at term 1 for -1: peers:[fd3bdcb5-514c-4dac-86eb-5773e16bc7f6|rpc:10.1.0.244:40815|dataStream:|priority:0|startupRole:FOLLOWER, 99ee034f-b39b-4991-99d2-5a13f1bd518d|rpc:10.1.0.244:38741|dataStream:|priority:0|startupRole:FOLLOWER, d1e5d709-e257-453b-a807-acff1c76fb8f|rpc:10.1.0.244:38117|dataStream:|priority:1|startupRole:FOLLOWER]|listeners:[], old=null
2022-11-08 06:33:30,161 [99ee034f-b39b-4991-99d2-5a13f1bd518d@group-10C2F7A22406-LeaderElection22] INFO  server.RaftServerConfigKeys (ConfUtils.java:logFallback(53)) - raft.server.rpc.first-election.timeout.min = 5s (fallback to raft.server.rpc.timeout.min)
2022-11-08 06:33:30,161 [99ee034f-b39b-4991-99d2-5a13f1bd518d@group-10C2F7A22406-LeaderElection22] INFO  server.RaftServerConfigKeys (ConfUtils.java:logFallback(53)) - raft.server.rpc.first-election.timeout.max = 5200ms (fallback to raft.server.rpc.timeout.max)
2022-11-08 06:33:30,161 [99ee034f-b39b-4991-99d2-5a13f1bd518d@group-10C2F7A22406-LeaderElection22-1] INFO  server.GrpcServerProtocolClient (GrpcServerProtocolClient.java:<init>(63)) - Build channel for fd3bdcb5-514c-4dac-86eb-5773e16bc7f6
2022-11-08 06:33:30,161 [99ee034f-b39b-4991-99d2-5a13f1bd518d@group-10C2F7A22406-LeaderElection22-2] INFO  server.GrpcServerProtocolClient (GrpcServerProtocolClient.java:<init>(63)) - Build channel for d1e5d709-e257-453b-a807-acff1c76fb8f
2022-11-08 06:33:30,166 [d1e5d709-e257-453b-a807-acff1c76fb8f@group-10C2F7A22406-FollowerState] INFO  impl.FollowerState (FollowerState.java:run(143)) - d1e5d709-e257-453b-a807-acff1c76fb8f@group-10C2F7A22406-FollowerState: change to CANDIDATE, lastRpcElapsedTime:5056943103ns, electionTimeout:5052ms
2022-11-08 06:33:30,167 [d1e5d709-e257-453b-a807-acff1c76fb8f@group-10C2F7A22406-FollowerState] INFO  impl.RoleInfo (RoleInfo.java:shutdownFollowerState(110)) - d1e5d709-e257-453b-a807-acff1c76fb8f: shutdown d1e5d709-e257-453b-a807-acff1c76fb8f@group-10C2F7A22406-FollowerState
2022-11-08 06:33:30,167 [d1e5d709-e257-453b-a807-acff1c76fb8f@group-10C2F7A22406-FollowerState] INFO  server.RaftServer$Division (RaftServerImpl.java:setRole(321)) - d1e5d709-e257-453b-a807-acff1c76fb8f@group-10C2F7A22406: changes role from  FOLLOWER to CANDIDATE at term 0 for changeToCandidate
2022-11-08 06:33:30,167 [d1e5d709-e257-453b-a807-acff1c76fb8f@group-10C2F7A22406-FollowerState] INFO  server.RaftServerConfigKeys (ConfUtils.java:logGet(46)) - raft.server.leaderelection.pre-vote = false (custom)
2022-11-08 06:33:30,167 [d1e5d709-e257-453b-a807-acff1c76fb8f@group-10C2F7A22406-FollowerState] INFO  impl.RoleInfo (RoleInfo.java:updateAndGet(139)) - d1e5d709-e257-453b-a807-acff1c76fb8f: start d1e5d709-e257-453b-a807-acff1c76fb8f@group-10C2F7A22406-LeaderElection23
2022-11-08 06:33:30,175 [d1e5d709-e257-453b-a807-acff1c76fb8f@group-10C2F7A22406-LeaderElection23] INFO  impl.LeaderElection (LeaderElection.java:askForVotes(312)) - d1e5d709-e257-453b-a807-acff1c76fb8f@group-10C2F7A22406-LeaderElection23 ELECTION round 0: submit vote requests at term 1 for -1: peers:[fd3bdcb5-514c-4dac-86eb-5773e16bc7f6|rpc:10.1.0.244:40815|priority:0|startupRole:FOLLOWER, 99ee034f-b39b-4991-99d2-5a13f1bd518d|rpc:10.1.0.244:38741|priority:0|startupRole:FOLLOWER, d1e5d709-e257-453b-a807-acff1c76fb8f|rpc:10.1.0.244:38117|priority:1|startupRole:FOLLOWER]|listeners:[], old=null
2022-11-08 06:33:30,175 [grpc-default-executor-0] INFO  server.RaftServer$Division (RaftServerImpl.java:requestVote(1218)) - d1e5d709-e257-453b-a807-acff1c76fb8f@group-10C2F7A22406: receive requestVote(ELECTION, 99ee034f-b39b-4991-99d2-5a13f1bd518d, group-10C2F7A22406, 1, (t:0, i:0))
2022-11-08 06:33:30,175 [d1e5d709-e257-453b-a807-acff1c76fb8f@group-10C2F7A22406-LeaderElection23-1] INFO  server.GrpcServerProtocolClient (GrpcServerProtocolClient.java:<init>(63)) - Build channel for fd3bdcb5-514c-4dac-86eb-5773e16bc7f6
2022-11-08 06:33:30,175 [grpc-default-executor-0] INFO  impl.VoteContext (VoteContext.java:log(48)) - d1e5d709-e257-453b-a807-acff1c76fb8f@group-10C2F7A22406-CANDIDATE: reject ELECTION from 99ee034f-b39b-4991-99d2-5a13f1bd518d: already has voted for d1e5d709-e257-453b-a807-acff1c76fb8f at current term 1
2022-11-08 06:33:30,175 [grpc-default-executor-0] INFO  server.RaftServer$Division (RaftServerImpl.java:requestVote(1251)) - d1e5d709-e257-453b-a807-acff1c76fb8f@group-10C2F7A22406 replies to ELECTION vote request: 99ee034f-b39b-4991-99d2-5a13f1bd518d<-d1e5d709-e257-453b-a807-acff1c76fb8f#0:FAIL-t1. Peer's state: d1e5d709-e257-453b-a807-acff1c76fb8f@group-10C2F7A22406:t1, leader=null, voted=d1e5d709-e257-453b-a807-acff1c76fb8f, raftlog=Memoized:d1e5d709-e257-453b-a807-acff1c76fb8f@group-10C2F7A22406-SegmentedRaftLog:OPENED:c-1, conf=-1: peers:[fd3bdcb5-514c-4dac-86eb-5773e16bc7f6|rpc:10.1.0.244:40815|priority:0|startupRole:FOLLOWER, 99ee034f-b39b-4991-99d2-5a13f1bd518d|rpc:10.1.0.244:38741|priority:0|startupRole:FOLLOWER, d1e5d709-e257-453b-a807-acff1c76fb8f|rpc:10.1.0.244:38117|priority:1|startupRole:FOLLOWER]|listeners:[], old=null
2022-11-08 06:33:30,180 [d1e5d709-e257-453b-a807-acff1c76fb8f@group-10C2F7A22406-LeaderElection23] INFO  server.RaftServerConfigKeys (ConfUtils.java:logFallback(53)) - raft.server.rpc.first-election.timeout.min = 5s (fallback to raft.server.rpc.timeout.min)
2022-11-08 06:33:30,180 [d1e5d709-e257-453b-a807-acff1c76fb8f@group-10C2F7A22406-LeaderElection23] INFO  server.RaftServerConfigKeys (ConfUtils.java:logFallback(53)) - raft.server.rpc.first-election.timeout.max = 5200ms (fallback to raft.server.rpc.timeout.max)
2022-11-08 06:33:30,180 [d1e5d709-e257-453b-a807-acff1c76fb8f@group-10C2F7A22406-LeaderElection23-2] INFO  server.GrpcServerProtocolClient (GrpcServerProtocolClient.java:<init>(63)) - Build channel for 99ee034f-b39b-4991-99d2-5a13f1bd518d
2022-11-08 06:33:30,184 [grpc-default-executor-0] INFO  server.RaftServer$Division (RaftServerImpl.java:requestVote(1218)) - fd3bdcb5-514c-4dac-86eb-5773e16bc7f6@group-10C2F7A22406: receive requestVote(ELECTION, 99ee034f-b39b-4991-99d2-5a13f1bd518d, group-10C2F7A22406, 1, (t:0, i:0))
2022-11-08 06:33:30,185 [grpc-default-executor-0] INFO  impl.VoteContext (VoteContext.java:log(48)) - fd3bdcb5-514c-4dac-86eb-5773e16bc7f6@group-10C2F7A22406-FOLLOWER: accept ELECTION from 99ee034f-b39b-4991-99d2-5a13f1bd518d: our priority 0 <= candidate's priority 0
2022-11-08 06:33:30,185 [grpc-default-executor-0] INFO  server.RaftServer$Division (RaftServerImpl.java:setRole(321)) - fd3bdcb5-514c-4dac-86eb-5773e16bc7f6@group-10C2F7A22406: changes role from  FOLLOWER to FOLLOWER at term 1 for candidate:99ee034f-b39b-4991-99d2-5a13f1bd518d
2022-11-08 06:33:30,185 [grpc-default-executor-0] INFO  impl.RoleInfo (RoleInfo.java:shutdownFollowerState(110)) - fd3bdcb5-514c-4dac-86eb-5773e16bc7f6: shutdown fd3bdcb5-514c-4dac-86eb-5773e16bc7f6@group-10C2F7A22406-FollowerState
2022-11-08 06:33:30,181 [99ee034f-b39b-4991-99d2-5a13f1bd518d@group-10C2F7A22406-LeaderElection22] INFO  impl.LeaderElection (LeaderElection.java:logAndReturn(90)) - 99ee034f-b39b-4991-99d2-5a13f1bd518d@group-10C2F7A22406-LeaderElection22: ELECTION REJECTED received 1 response(s) and 0 exception(s):
2022-11-08 06:33:30,186 [99ee034f-b39b-4991-99d2-5a13f1bd518d@group-10C2F7A22406-LeaderElection22] INFO  impl.LeaderElection (LeaderElection.java:logAndReturn(94)) -   Response 0: 99ee034f-b39b-4991-99d2-5a13f1bd518d<-d1e5d709-e257-453b-a807-acff1c76fb8f#0:FAIL-t1
2022-11-08 06:33:30,187 [99ee034f-b39b-4991-99d2-5a13f1bd518d@group-10C2F7A22406-LeaderElection22] INFO  impl.LeaderElection (LeaderElection.java:askForVotes(314)) - 99ee034f-b39b-4991-99d2-5a13f1bd518d@group-10C2F7A22406-LeaderElection22 ELECTION round 0: result REJECTED
2022-11-08 06:33:30,187 [grpc-default-executor-0] INFO  impl.RoleInfo (RoleInfo.java:updateAndGet(139)) - fd3bdcb5-514c-4dac-86eb-5773e16bc7f6: start fd3bdcb5-514c-4dac-86eb-5773e16bc7f6@group-10C2F7A22406-FollowerState
2022-11-08 06:33:30,187 [fd3bdcb5-514c-4dac-86eb-5773e16bc7f6@group-10C2F7A22406-FollowerState] INFO  impl.FollowerState (FollowerState.java:run(152)) - fd3bdcb5-514c-4dac-86eb-5773e16bc7f6@group-10C2F7A22406-FollowerState was interrupted
2022-11-08 06:33:30,187 [99ee034f-b39b-4991-99d2-5a13f1bd518d@group-10C2F7A22406-LeaderElection22] INFO  server.RaftServer$Division (RaftServerImpl.java:setRole(321)) - 99ee034f-b39b-4991-99d2-5a13f1bd518d@group-10C2F7A22406: changes role from CANDIDATE to FOLLOWER at term 1 for REJECTED
2022-11-08 06:33:30,187 [99ee034f-b39b-4991-99d2-5a13f1bd518d@group-10C2F7A22406-LeaderElection22] INFO  impl.RoleInfo (RoleInfo.java:shutdownLeaderElection(130)) - 99ee034f-b39b-4991-99d2-5a13f1bd518d: shutdown 99ee034f-b39b-4991-99d2-5a13f1bd518d@group-10C2F7A22406-LeaderElection22
2022-11-08 06:33:30,187 [grpc-default-executor-1] INFO  server.RaftServer$Division (RaftServerImpl.java:requestVote(1218)) - fd3bdcb5-514c-4dac-86eb-5773e16bc7f6@group-10C2F7A22406: receive requestVote(ELECTION, d1e5d709-e257-453b-a807-acff1c76fb8f, group-10C2F7A22406, 1, (t:0, i:0))
2022-11-08 06:33:30,188 [99ee034f-b39b-4991-99d2-5a13f1bd518d@group-10C2F7A22406-LeaderElection22] INFO  impl.RoleInfo (RoleInfo.java:updateAndGet(139)) - 99ee034f-b39b-4991-99d2-5a13f1bd518d: start 99ee034f-b39b-4991-99d2-5a13f1bd518d@group-10C2F7A22406-FollowerState
2022-11-08 06:33:30,188 [fd3bdcb5-514c-4dac-86eb-5773e16bc7f6@group-10C2F7A22406-FollowerState] INFO  server.RaftServerConfigKeys (ConfUtils.java:logFallback(53)) - raft.server.rpc.first-election.timeout.min = 5s (fallback to raft.server.rpc.timeout.min)
2022-11-08 06:33:30,188 [fd3bdcb5-514c-4dac-86eb-5773e16bc7f6@group-10C2F7A22406-FollowerState] INFO  server.RaftServerConfigKeys (ConfUtils.java:logFallback(53)) - raft.server.rpc.first-election.timeout.max = 5200ms (fallback to raft.server.rpc.timeout.max)
2022-11-08 06:33:30,189 [99ee034f-b39b-4991-99d2-5a13f1bd518d@group-10C2F7A22406-FollowerState] INFO  server.RaftServerConfigKeys (ConfUtils.java:logFallback(53)) - raft.server.rpc.first-election.timeout.min = 5s (fallback to raft.server.rpc.timeout.min)
2022-11-08 06:33:30,189 [99ee034f-b39b-4991-99d2-5a13f1bd518d@group-10C2F7A22406-FollowerState] INFO  server.RaftServerConfigKeys (ConfUtils.java:logFallback(53)) - raft.server.rpc.first-election.timeout.max = 5200ms (fallback to raft.server.rpc.timeout.max)
2022-11-08 06:33:30,191 [grpc-default-executor-0] INFO  server.RaftServer$Division (RaftServerImpl.java:requestVote(1251)) - fd3bdcb5-514c-4dac-86eb-5773e16bc7f6@group-10C2F7A22406 replies to ELECTION vote request: 99ee034f-b39b-4991-99d2-5a13f1bd518d<-fd3bdcb5-514c-4dac-86eb-5773e16bc7f6#0:OK-t1. Peer's state: fd3bdcb5-514c-4dac-86eb-5773e16bc7f6@group-10C2F7A22406:t1, leader=null, voted=99ee034f-b39b-4991-99d2-5a13f1bd518d, raftlog=Memoized:fd3bdcb5-514c-4dac-86eb-5773e16bc7f6@group-10C2F7A22406-SegmentedRaftLog:OPENED:c-1, conf=-1: peers:[fd3bdcb5-514c-4dac-86eb-5773e16bc7f6|rpc:10.1.0.244:40815|dataStream:|priority:0|startupRole:FOLLOWER, 99ee034f-b39b-4991-99d2-5a13f1bd518d|rpc:10.1.0.244:38741|dataStream:|priority:0|startupRole:FOLLOWER, d1e5d709-e257-453b-a807-acff1c76fb8f|rpc:10.1.0.244:38117|dataStream:|priority:1|startupRole:FOLLOWER]|listeners:[], old=null
2022-11-08 06:33:30,191 [grpc-default-executor-1] INFO  impl.VoteContext (VoteContext.java:log(48)) - fd3bdcb5-514c-4dac-86eb-5773e16bc7f6@group-10C2F7A22406-FOLLOWER: reject ELECTION from d1e5d709-e257-453b-a807-acff1c76fb8f: already has voted for 99ee034f-b39b-4991-99d2-5a13f1bd518d at current term 1
2022-11-08 06:33:30,191 [grpc-default-executor-1] INFO  server.RaftServer$Division (RaftServerImpl.java:requestVote(1251)) - fd3bdcb5-514c-4dac-86eb-5773e16bc7f6@group-10C2F7A22406 replies to ELECTION vote request: d1e5d709-e257-453b-a807-acff1c76fb8f<-fd3bdcb5-514c-4dac-86eb-5773e16bc7f6#0:FAIL-t1. Peer's state: fd3bdcb5-514c-4dac-86eb-5773e16bc7f6@group-10C2F7A22406:t1, leader=null, voted=99ee034f-b39b-4991-99d2-5a13f1bd518d, raftlog=Memoized:fd3bdcb5-514c-4dac-86eb-5773e16bc7f6@group-10C2F7A22406-SegmentedRaftLog:OPENED:c-1, conf=-1: peers:[fd3bdcb5-514c-4dac-86eb-5773e16bc7f6|rpc:10.1.0.244:40815|dataStream:|priority:0|startupRole:FOLLOWER, 99ee034f-b39b-4991-99d2-5a13f1bd518d|rpc:10.1.0.244:38741|dataStream:|priority:0|startupRole:FOLLOWER, d1e5d709-e257-453b-a807-acff1c76fb8f|rpc:10.1.0.244:38117|dataStream:|priority:1|startupRole:FOLLOWER]|listeners:[], old=null
2022-11-08 06:33:30,202 [grpc-default-executor-2] INFO  server.RaftServer$Division (RaftServerImpl.java:requestVote(1218)) - 99ee034f-b39b-4991-99d2-5a13f1bd518d@group-10C2F7A22406: receive requestVote(ELECTION, d1e5d709-e257-453b-a807-acff1c76fb8f, group-10C2F7A22406, 1, (t:0, i:0))
2022-11-08 06:33:30,202 [grpc-default-executor-2] INFO  impl.VoteContext (VoteContext.java:log(48)) - 99ee034f-b39b-4991-99d2-5a13f1bd518d@group-10C2F7A22406-FOLLOWER: reject ELECTION from d1e5d709-e257-453b-a807-acff1c76fb8f: already has voted for 99ee034f-b39b-4991-99d2-5a13f1bd518d at current term 1
2022-11-08 06:33:30,202 [grpc-default-executor-2] INFO  server.RaftServer$Division (RaftServerImpl.java:requestVote(1251)) - 99ee034f-b39b-4991-99d2-5a13f1bd518d@group-10C2F7A22406 replies to ELECTION vote request: d1e5d709-e257-453b-a807-acff1c76fb8f<-99ee034f-b39b-4991-99d2-5a13f1bd518d#0:FAIL-t1. Peer's state: 99ee034f-b39b-4991-99d2-5a13f1bd518d@group-10C2F7A22406:t1, leader=null, voted=99ee034f-b39b-4991-99d2-5a13f1bd518d, raftlog=Memoized:99ee034f-b39b-4991-99d2-5a13f1bd518d@group-10C2F7A22406-SegmentedRaftLog:OPENED:c-1, conf=-1: peers:[fd3bdcb5-514c-4dac-86eb-5773e16bc7f6|rpc:10.1.0.244:40815|dataStream:|priority:0|startupRole:FOLLOWER, 99ee034f-b39b-4991-99d2-5a13f1bd518d|rpc:10.1.0.244:38741|dataStream:|priority:0|startupRole:FOLLOWER, d1e5d709-e257-453b-a807-acff1c76fb8f|rpc:10.1.0.244:38117|dataStream:|priority:1|startupRole:FOLLOWER]|listeners:[], old=null
2022-11-08 06:33:30,204 [d1e5d709-e257-453b-a807-acff1c76fb8f@group-10C2F7A22406-LeaderElection23] INFO  impl.LeaderElection (LeaderElection.java:logAndReturn(90)) - d1e5d709-e257-453b-a807-acff1c76fb8f@group-10C2F7A22406-LeaderElection23: ELECTION REJECTED received 2 response(s) and 0 exception(s):
2022-11-08 06:33:30,204 [d1e5d709-e257-453b-a807-acff1c76fb8f@group-10C2F7A22406-LeaderElection23] INFO  impl.LeaderElection (LeaderElection.java:logAndReturn(94)) -   Response 0: d1e5d709-e257-453b-a807-acff1c76fb8f<-fd3bdcb5-514c-4dac-86eb-5773e16bc7f6#0:FAIL-t1
2022-11-08 06:33:30,204 [d1e5d709-e257-453b-a807-acff1c76fb8f@group-10C2F7A22406-LeaderElection23] INFO  impl.LeaderElection (LeaderElection.java:logAndReturn(94)) -   Response 1: d1e5d709-e257-453b-a807-acff1c76fb8f<-99ee034f-b39b-4991-99d2-5a13f1bd518d#0:FAIL-t1
2022-11-08 06:33:30,204 [d1e5d709-e257-453b-a807-acff1c76fb8f@group-10C2F7A22406-LeaderElection23] INFO  impl.LeaderElection (LeaderElection.java:askForVotes(314)) - d1e5d709-e257-453b-a807-acff1c76fb8f@group-10C2F7A22406-LeaderElection23 ELECTION round 0: result REJECTED
2022-11-08 06:33:30,204 [d1e5d709-e257-453b-a807-acff1c76fb8f@group-10C2F7A22406-LeaderElection23] INFO  server.RaftServer$Division (RaftServerImpl.java:setRole(321)) - d1e5d709-e257-453b-a807-acff1c76fb8f@group-10C2F7A22406: changes role from CANDIDATE to FOLLOWER at term 1 for REJECTED
2022-11-08 06:33:30,204 [d1e5d709-e257-453b-a807-acff1c76fb8f@group-10C2F7A22406-LeaderElection23] INFO  impl.RoleInfo (RoleInfo.java:shutdownLeaderElection(130)) - d1e5d709-e257-453b-a807-acff1c76fb8f: shutdown d1e5d709-e257-453b-a807-acff1c76fb8f@group-10C2F7A22406-LeaderElection23
2022-11-08 06:33:30,204 [d1e5d709-e257-453b-a807-acff1c76fb8f@group-10C2F7A22406-LeaderElection23] INFO  impl.RoleInfo (RoleInfo.java:updateAndGet(139)) - d1e5d709-e257-453b-a807-acff1c76fb8f: start d1e5d709-e257-453b-a807-acff1c76fb8f@group-10C2F7A22406-FollowerState
2022-11-08 06:33:30,207 [d1e5d709-e257-453b-a807-acff1c76fb8f@group-10C2F7A22406-FollowerState] INFO  server.RaftServerConfigKeys (ConfUtils.java:logFallback(53)) - raft.server.rpc.first-election.timeout.min = 5s (fallback to raft.server.rpc.timeout.min)
2022-11-08 06:33:30,207 [d1e5d709-e257-453b-a807-acff1c76fb8f@group-10C2F7A22406-FollowerState] INFO  server.RaftServerConfigKeys (ConfUtils.java:logFallback(53)) - raft.server.rpc.first-election.timeout.max = 5200ms (fallback to raft.server.rpc.timeout.max)
2022-11-08 06:33:30,282 [fd3bdcb5-514c-4dac-86eb-5773e16bc7f6@group-D390D398FA22-FollowerState] INFO  impl.FollowerState (FollowerState.java:run(143)) - fd3bdcb5-514c-4dac-86eb-5773e16bc7f6@group-D390D398FA22-FollowerState: change to CANDIDATE, lastRpcElapsedTime:5028544635ns, electionTimeout:5024ms
2022-11-08 06:33:30,282 [fd3bdcb5-514c-4dac-86eb-5773e16bc7f6@group-D390D398FA22-FollowerState] INFO  impl.RoleInfo (RoleInfo.java:shutdownFollowerState(110)) - fd3bdcb5-514c-4dac-86eb-5773e16bc7f6: shutdown fd3bdcb5-514c-4dac-86eb-5773e16bc7f6@group-D390D398FA22-FollowerState
2022-11-08 06:33:30,283 [fd3bdcb5-514c-4dac-86eb-5773e16bc7f6@group-D390D398FA22-FollowerState] INFO  server.RaftServer$Division (RaftServerImpl.java:setRole(321)) - fd3bdcb5-514c-4dac-86eb-5773e16bc7f6@group-D390D398FA22: changes role from  FOLLOWER to CANDIDATE at term 0 for changeToCandidate
2022-11-08 06:33:30,283 [fd3bdcb5-514c-4dac-86eb-5773e16bc7f6@group-D390D398FA22-FollowerState] INFO  server.RaftServerConfigKeys (ConfUtils.java:logGet(46)) - raft.server.leaderelection.pre-vote = false (custom)
2022-11-08 06:33:30,283 [fd3bdcb5-514c-4dac-86eb-5773e16bc7f6@group-D390D398FA22-FollowerState] INFO  impl.RoleInfo (RoleInfo.java:updateAndGet(139)) - fd3bdcb5-514c-4dac-86eb-5773e16bc7f6: start fd3bdcb5-514c-4dac-86eb-5773e16bc7f6@group-D390D398FA22-LeaderElection24
2022-11-08 06:33:30,288 [fd3bdcb5-514c-4dac-86eb-5773e16bc7f6@group-D390D398FA22-LeaderElection24] INFO  impl.LeaderElection (LeaderElection.java:askForVotes(312)) - fd3bdcb5-514c-4dac-86eb-5773e16bc7f6@group-D390D398FA22-LeaderElection24 ELECTION round 0: submit vote requests at term 1 for -1: peers:[fd3bdcb5-514c-4dac-86eb-5773e16bc7f6|rpc:10.1.0.244:40815|dataStream:|priority:0|startupRole:FOLLOWER, 99ee034f-b39b-4991-99d2-5a13f1bd518d|rpc:10.1.0.244:38741|dataStream:|priority:1|startupRole:FOLLOWER, d1e5d709-e257-453b-a807-acff1c76fb8f|rpc:10.1.0.244:38117|dataStream:|priority:0|startupRole:FOLLOWER]|listeners:[], old=null
2022-11-08 06:33:30,289 [fd3bdcb5-514c-4dac-86eb-5773e16bc7f6@group-D390D398FA22-LeaderElection24] INFO  server.RaftServerConfigKeys (ConfUtils.java:logFallback(53)) - raft.server.rpc.first-election.timeout.min = 5s (fallback to raft.server.rpc.timeout.min)
2022-11-08 06:33:30,289 [fd3bdcb5-514c-4dac-86eb-5773e16bc7f6@group-D390D398FA22-LeaderElection24-1] INFO  server.GrpcServerProtocolClient (GrpcServerProtocolClient.java:<init>(63)) - Build channel for 99ee034f-b39b-4991-99d2-5a13f1bd518d
2022-11-08 06:33:30,289 [fd3bdcb5-514c-4dac-86eb-5773e16bc7f6@group-D390D398FA22-LeaderElection24] INFO  server.RaftServerConfigKeys (ConfUtils.java:logFallback(53)) - raft.server.rpc.first-election.timeout.max = 5200ms (fallback to raft.server.rpc.timeout.max)
2022-11-08 06:33:30,290 [fd3bdcb5-514c-4dac-86eb-5773e16bc7f6@group-D390D398FA22-LeaderElection24-2] INFO  server.GrpcServerProtocolClient (GrpcServerProtocolClient.java:<init>(63)) - Build channel for d1e5d709-e257-453b-a807-acff1c76fb8f
2022-11-08 06:33:30,298 [grpc-default-executor-2] INFO  server.RaftServer$Division (RaftServerImpl.java:requestVote(1218)) - 99ee034f-b39b-4991-99d2-5a13f1bd518d@group-D390D398FA22: receive requestVote(ELECTION, fd3bdcb5-514c-4dac-86eb-5773e16bc7f6, group-D390D398FA22, 1, (t:0, i:0))
2022-11-08 06:33:30,298 [grpc-default-executor-2] INFO  impl.VoteContext (VoteContext.java:log(48)) - 99ee034f-b39b-4991-99d2-5a13f1bd518d@group-D390D398FA22-FOLLOWER: reject ELECTION from fd3bdcb5-514c-4dac-86eb-5773e16bc7f6: our priority 1 > candidate's priority 0
2022-11-08 06:33:30,298 [grpc-default-executor-2] INFO  server.RaftServer$Division (RaftServerImpl.java:setRole(321)) - 99ee034f-b39b-4991-99d2-5a13f1bd518d@group-D390D398FA22: changes role from  FOLLOWER to FOLLOWER at term 1 for candidate:fd3bdcb5-514c-4dac-86eb-5773e16bc7f6
2022-11-08 06:33:30,298 [grpc-default-executor-2] INFO  impl.RoleInfo (RoleInfo.java:shutdownFollowerState(110)) - 99ee034f-b39b-4991-99d2-5a13f1bd518d: shutdown 99ee034f-b39b-4991-99d2-5a13f1bd518d@group-D390D398FA22-FollowerState
2022-11-08 06:33:30,298 [grpc-default-executor-2] INFO  impl.RoleInfo (RoleInfo.java:updateAndGet(139)) - 99ee034f-b39b-4991-99d2-5a13f1bd518d: start 99ee034f-b39b-4991-99d2-5a13f1bd518d@group-D390D398FA22-FollowerState
2022-11-08 06:33:30,298 [99ee034f-b39b-4991-99d2-5a13f1bd518d@group-D390D398FA22-FollowerState] INFO  impl.FollowerState (FollowerState.java:run(152)) - 99ee034f-b39b-4991-99d2-5a13f1bd518d@group-D390D398FA22-FollowerState was interrupted
2022-11-08 06:33:30,300 [99ee034f-b39b-4991-99d2-5a13f1bd518d@group-D390D398FA22-FollowerState] INFO  server.RaftServerConfigKeys (ConfUtils.java:logFallback(53)) - raft.server.rpc.first-election.timeout.min = 5s (fallback to raft.server.rpc.timeout.min)
2022-11-08 06:33:30,300 [99ee034f-b39b-4991-99d2-5a13f1bd518d@group-D390D398FA22-FollowerState] INFO  server.RaftServerConfigKeys (ConfUtils.java:logFallback(53)) - raft.server.rpc.first-election.timeout.max = 5200ms (fallback to raft.server.rpc.timeout.max)
2022-11-08 06:33:30,302 [grpc-default-executor-2] INFO  server.RaftServer$Division (RaftServerImpl.java:requestVote(1251)) - 99ee034f-b39b-4991-99d2-5a13f1bd518d@group-D390D398FA22 replies to ELECTION vote request: fd3bdcb5-514c-4dac-86eb-5773e16bc7f6<-99ee034f-b39b-4991-99d2-5a13f1bd518d#0:FAIL-t1. Peer's state: 99ee034f-b39b-4991-99d2-5a13f1bd518d@group-D390D398FA22:t1, leader=null, voted=null, raftlog=Memoized:99ee034f-b39b-4991-99d2-5a13f1bd518d@group-D390D398FA22-SegmentedRaftLog:OPENED:c-1, conf=-1: peers:[fd3bdcb5-514c-4dac-86eb-5773e16bc7f6|rpc:10.1.0.244:40815|dataStream:|priority:0|startupRole:FOLLOWER, 99ee034f-b39b-4991-99d2-5a13f1bd518d|rpc:10.1.0.244:38741|dataStream:|priority:1|startupRole:FOLLOWER, d1e5d709-e257-453b-a807-acff1c76fb8f|rpc:10.1.0.244:38117|dataStream:|priority:0|startupRole:FOLLOWER]|listeners:[], old=null
2022-11-08 06:33:30,306 [fd3bdcb5-514c-4dac-86eb-5773e16bc7f6@group-D390D398FA22-LeaderElection24] INFO  impl.LeaderElection (LeaderElection.java:logAndReturn(90)) - fd3bdcb5-514c-4dac-86eb-5773e16bc7f6@group-D390D398FA22-LeaderElection24: ELECTION REJECTED received 1 response(s) and 0 exception(s):
2022-11-08 06:33:30,306 [fd3bdcb5-514c-4dac-86eb-5773e16bc7f6@group-D390D398FA22-LeaderElection24] INFO  impl.LeaderElection (LeaderElection.java:logAndReturn(94)) -   Response 0: fd3bdcb5-514c-4dac-86eb-5773e16bc7f6<-99ee034f-b39b-4991-99d2-5a13f1bd518d#0:FAIL-t1
2022-11-08 06:33:30,307 [fd3bdcb5-514c-4dac-86eb-5773e16bc7f6@group-D390D398FA22-LeaderElection24] INFO  impl.LeaderElection (LeaderElection.java:askForVotes(314)) - fd3bdcb5-514c-4dac-86eb-5773e16bc7f6@group-D390D398FA22-LeaderElection24 ELECTION round 0: result REJECTED
2022-11-08 06:33:30,307 [fd3bdcb5-514c-4dac-86eb-5773e16bc7f6@group-D390D398FA22-LeaderElection24] INFO  server.RaftServer$Division (RaftServerImpl.java:setRole(321)) - fd3bdcb5-514c-4dac-86eb-5773e16bc7f6@group-D390D398FA22: changes role from CANDIDATE to FOLLOWER at term 1 for REJECTED
2022-11-08 06:33:30,307 [fd3bdcb5-514c-4dac-86eb-5773e16bc7f6@group-D390D398FA22-LeaderElection24] INFO  impl.RoleInfo (RoleInfo.java:shutdownLeaderElection(130)) - fd3bdcb5-514c-4dac-86eb-5773e16bc7f6: shutdown fd3bdcb5-514c-4dac-86eb-5773e16bc7f6@group-D390D398FA22-LeaderElection24
2022-11-08 06:33:30,307 [fd3bdcb5-514c-4dac-86eb-5773e16bc7f6@group-D390D398FA22-LeaderElection24] INFO  impl.RoleInfo (RoleInfo.java:updateAndGet(139)) - fd3bdcb5-514c-4dac-86eb-5773e16bc7f6: start fd3bdcb5-514c-4dac-86eb-5773e16bc7f6@group-D390D398FA22-FollowerState
2022-11-08 06:33:30,307 [fd3bdcb5-514c-4dac-86eb-5773e16bc7f6@group-D390D398FA22-FollowerState] INFO  server.RaftServerConfigKeys (ConfUtils.java:logFallback(53)) - raft.server.rpc.first-election.timeout.min = 5s (fallback to raft.server.rpc.timeout.min)
2022-11-08 06:33:30,307 [fd3bdcb5-514c-4dac-86eb-5773e16bc7f6@group-D390D398FA22-FollowerState] INFO  server.RaftServerConfigKeys (ConfUtils.java:logFallback(53)) - raft.server.rpc.first-election.timeout.max = 5200ms (fallback to raft.server.rpc.timeout.max)
2022-11-08 06:33:30,307 [grpc-default-executor-2] INFO  server.RaftServer$Division (RaftServerImpl.java:requestVote(1218)) - d1e5d709-e257-453b-a807-acff1c76fb8f@group-D390D398FA22: receive requestVote(ELECTION, fd3bdcb5-514c-4dac-86eb-5773e16bc7f6, group-D390D398FA22, 1, (t:0, i:0))
2022-11-08 06:33:30,307 [grpc-default-executor-2] INFO  impl.VoteContext (VoteContext.java:log(48)) - d1e5d709-e257-453b-a807-acff1c76fb8f@group-D390D398FA22-FOLLOWER: accept ELECTION from fd3bdcb5-514c-4dac-86eb-5773e16bc7f6: our priority 0 <= candidate's priority 0
2022-11-08 06:33:30,307 [grpc-default-executor-2] INFO  server.RaftServer$Division (RaftServerImpl.java:setRole(321)) - d1e5d709-e257-453b-a807-acff1c76fb8f@group-D390D398FA22: changes role from  FOLLOWER to FOLLOWER at term 1 for candidate:fd3bdcb5-514c-4dac-86eb-5773e16bc7f6
2022-11-08 06:33:30,307 [grpc-default-executor-2] INFO  impl.RoleInfo (RoleInfo.java:shutdownFollowerState(110)) - d1e5d709-e257-453b-a807-acff1c76fb8f: shutdown d1e5d709-e257-453b-a807-acff1c76fb8f@group-D390D398FA22-FollowerState
2022-11-08 06:33:30,307 [grpc-default-executor-2] INFO  impl.RoleInfo (RoleInfo.java:updateAndGet(139)) - d1e5d709-e257-453b-a807-acff1c76fb8f: start d1e5d709-e257-453b-a807-acff1c76fb8f@group-D390D398FA22-FollowerState
2022-11-08 06:33:30,308 [d1e5d709-e257-453b-a807-acff1c76fb8f@group-D390D398FA22-FollowerState] INFO  impl.FollowerState (FollowerState.java:run(152)) - d1e5d709-e257-453b-a807-acff1c76fb8f@group-D390D398FA22-FollowerState was interrupted
2022-11-08 06:33:30,310 [d1e5d709-e257-453b-a807-acff1c76fb8f@group-D390D398FA22-FollowerState] INFO  server.RaftServerConfigKeys (ConfUtils.java:logFallback(53)) - raft.server.rpc.first-election.timeout.min = 5s (fallback to raft.server.rpc.timeout.min)
2022-11-08 06:33:30,310 [d1e5d709-e257-453b-a807-acff1c76fb8f@group-D390D398FA22-FollowerState] INFO  server.RaftServerConfigKeys (ConfUtils.java:logFallback(53)) - raft.server.rpc.first-election.timeout.max = 5200ms (fallback to raft.server.rpc.timeout.max)
2022-11-08 06:33:30,311 [grpc-default-executor-2] INFO  server.RaftServer$Division (RaftServerImpl.java:requestVote(1251)) - d1e5d709-e257-453b-a807-acff1c76fb8f@group-D390D398FA22 replies to ELECTION vote request: fd3bdcb5-514c-4dac-86eb-5773e16bc7f6<-d1e5d709-e257-453b-a807-acff1c76fb8f#0:OK-t1. Peer's state: d1e5d709-e257-453b-a807-acff1c76fb8f@group-D390D398FA22:t1, leader=null, voted=fd3bdcb5-514c-4dac-86eb-5773e16bc7f6, raftlog=Memoized:d1e5d709-e257-453b-a807-acff1c76fb8f@group-D390D398FA22-SegmentedRaftLog:OPENED:c-1, conf=-1: peers:[fd3bdcb5-514c-4dac-86eb-5773e16bc7f6|rpc:10.1.0.244:40815|priority:0|startupRole:FOLLOWER, 99ee034f-b39b-4991-99d2-5a13f1bd518d|rpc:10.1.0.244:38741|priority:1|startupRole:FOLLOWER, d1e5d709-e257-453b-a807-acff1c76fb8f|rpc:10.1.0.244:38117|priority:0|startupRole:FOLLOWER]|listeners:[], old=null
2022-11-08 06:33:30,584 [fd3bdcb5-514c-4dac-86eb-5773e16bc7f6@group-9676EF610CB3-FollowerState] INFO  impl.FollowerState (FollowerState.java:run(143)) - fd3bdcb5-514c-4dac-86eb-5773e16bc7f6@group-9676EF610CB3-FollowerState: change to CANDIDATE, lastRpcElapsedTime:5094419457ns, electionTimeout:5093ms
2022-11-08 06:33:30,584 [fd3bdcb5-514c-4dac-86eb-5773e16bc7f6@group-9676EF610CB3-FollowerState] INFO  impl.RoleInfo (RoleInfo.java:shutdownFollowerState(110)) - fd3bdcb5-514c-4dac-86eb-5773e16bc7f6: shutdown fd3bdcb5-514c-4dac-86eb-5773e16bc7f6@group-9676EF610CB3-FollowerState
2022-11-08 06:33:30,584 [fd3bdcb5-514c-4dac-86eb-5773e16bc7f6@group-9676EF610CB3-FollowerState] INFO  server.RaftServer$Division (RaftServerImpl.java:setRole(321)) - fd3bdcb5-514c-4dac-86eb-5773e16bc7f6@group-9676EF610CB3: changes role from  FOLLOWER to CANDIDATE at term 0 for changeToCandidate
2022-11-08 06:33:30,584 [fd3bdcb5-514c-4dac-86eb-5773e16bc7f6@group-9676EF610CB3-FollowerState] INFO  server.RaftServerConfigKeys (ConfUtils.java:logGet(46)) - raft.server.leaderelection.pre-vote = false (custom)
2022-11-08 06:33:30,584 [fd3bdcb5-514c-4dac-86eb-5773e16bc7f6@group-9676EF610CB3-FollowerState] INFO  impl.RoleInfo (RoleInfo.java:updateAndGet(139)) - fd3bdcb5-514c-4dac-86eb-5773e16bc7f6: start fd3bdcb5-514c-4dac-86eb-5773e16bc7f6@group-9676EF610CB3-LeaderElection25
2022-11-08 06:33:30,588 [fd3bdcb5-514c-4dac-86eb-5773e16bc7f6@group-9676EF610CB3-LeaderElection25] INFO  impl.LeaderElection (LeaderElection.java:askForVotes(312)) - fd3bdcb5-514c-4dac-86eb-5773e16bc7f6@group-9676EF610CB3-LeaderElection25 ELECTION round 0: submit vote requests at term 1 for -1: peers:[fd3bdcb5-514c-4dac-86eb-5773e16bc7f6|rpc:10.1.0.244:40815|priority:1|startupRole:FOLLOWER]|listeners:[], old=null
2022-11-08 06:33:30,588 [fd3bdcb5-514c-4dac-86eb-5773e16bc7f6@group-9676EF610CB3-LeaderElection25] INFO  impl.LeaderElection (LeaderElection.java:askForVotes(314)) - fd3bdcb5-514c-4dac-86eb-5773e16bc7f6@group-9676EF610CB3-LeaderElection25 ELECTION round 0: result PASSED (term=1)
2022-11-08 06:33:30,588 [fd3bdcb5-514c-4dac-86eb-5773e16bc7f6@group-9676EF610CB3-LeaderElection25] INFO  impl.RoleInfo (RoleInfo.java:shutdownLeaderElection(130)) - fd3bdcb5-514c-4dac-86eb-5773e16bc7f6: shutdown fd3bdcb5-514c-4dac-86eb-5773e16bc7f6@group-9676EF610CB3-LeaderElection25
2022-11-08 06:33:30,588 [fd3bdcb5-514c-4dac-86eb-5773e16bc7f6@group-9676EF610CB3-LeaderElection25] INFO  server.RaftServer$Division (RaftServerImpl.java:setRole(321)) - fd3bdcb5-514c-4dac-86eb-5773e16bc7f6@group-9676EF610CB3: changes role from CANDIDATE to LEADER at term 1 for changeToLeader
2022-11-08 06:33:30,588 [fd3bdcb5-514c-4dac-86eb-5773e16bc7f6@group-9676EF610CB3-LeaderElection25] INFO  ratis.XceiverServerRatis (XceiverServerRatis.java:handleLeaderChangedNotification(863)) - Leader change notification received for group: group-9676EF610CB3 with new leaderId: fd3bdcb5-514c-4dac-86eb-5773e16bc7f6
2022-11-08 06:33:30,588 [fd3bdcb5-514c-4dac-86eb-5773e16bc7f6@group-9676EF610CB3-LeaderElection25] INFO  server.RaftServer$Division (ServerState.java:setLeader(313)) - fd3bdcb5-514c-4dac-86eb-5773e16bc7f6@group-9676EF610CB3: change Leader from null to fd3bdcb5-514c-4dac-86eb-5773e16bc7f6 at term 1 for becomeLeader, leader elected after 5119ms
2022-11-08 06:33:30,588 [fd3bdcb5-514c-4dac-86eb-5773e16bc7f6@group-9676EF610CB3-LeaderElection25] INFO  server.RaftServerConfigKeys (ConfUtils.java:logGet(46)) - raft.server.staging.catchup.gap = 1000 (default)
2022-11-08 06:33:30,589 [fd3bdcb5-514c-4dac-86eb-5773e16bc7f6@group-9676EF610CB3-LeaderElection25] INFO  server.RaftServerConfigKeys (ConfUtils.java:logGet(46)) - raft.server.write.element-limit = 1024 (custom)
2022-11-08 06:33:30,589 [fd3bdcb5-514c-4dac-86eb-5773e16bc7f6@group-9676EF610CB3-LeaderElection25] INFO  server.RaftServerConfigKeys (ConfUtils.java:logGet(46)) - raft.server.write.byte-limit = 1024 M (=1073741824) (custom)
2022-11-08 06:33:30,589 [fd3bdcb5-514c-4dac-86eb-5773e16bc7f6@group-9676EF610CB3-LeaderElection25] INFO  server.RaftServerConfigKeys (ConfUtils.java:logGet(46)) - raft.server.watch.timeout = 180s (custom)
2022-11-08 06:33:30,590 [fd3bdcb5-514c-4dac-86eb-5773e16bc7f6@group-9676EF610CB3-LeaderElection25] INFO  server.RaftServerConfigKeys (ConfUtils.java:logGet(46)) - raft.server.watch.timeout.denomination = 1s (default)
2022-11-08 06:33:30,590 [EventQueue-OpenPipelineForHealthyPipelineSafeModeRule] INFO  safemode.SCMSafeModeManager (HealthyPipelineSafeModeRule.java:process(137)) - SCM in safe mode. Healthy pipelines reported count is 0, required healthy pipeline reported count is 1
2022-11-08 06:33:30,590 [fd3bdcb5-514c-4dac-86eb-5773e16bc7f6@group-9676EF610CB3-LeaderElection25] INFO  server.RaftServerConfigKeys (ConfUtils.java:logGet(46)) - raft.server.watch.element-limit = 65536 (default)
2022-11-08 06:33:30,590 [fd3bdcb5-514c-4dac-86eb-5773e16bc7f6@group-9676EF610CB3-LeaderElection25] INFO  server.RaftServerConfigKeys (ConfUtils.java:logGet(46)) - raft.server.write.element-limit = 1024 (custom)
2022-11-08 06:33:30,590 [fd3bdcb5-514c-4dac-86eb-5773e16bc7f6@group-9676EF610CB3-LeaderElection25] INFO  server.RaftServerConfigKeys (ConfUtils.java:logGet(46)) - raft.server.write.follower.gap.ratio.max = -1.0 (default)
2022-11-08 06:33:30,590 [fd3bdcb5-514c-4dac-86eb-5773e16bc7f6@group-9676EF610CB3-LeaderElection25] INFO  impl.RoleInfo (RoleInfo.java:updateAndGet(139)) - fd3bdcb5-514c-4dac-86eb-5773e16bc7f6: start fd3bdcb5-514c-4dac-86eb-5773e16bc7f6@group-9676EF610CB3-LeaderStateImpl
2022-11-08 06:33:30,590 [fd3bdcb5-514c-4dac-86eb-5773e16bc7f6@group-9676EF610CB3-LeaderElection25] INFO  segmented.SegmentedRaftLogWorker (SegmentedRaftLogWorker.java:startLogSegment(452)) - fd3bdcb5-514c-4dac-86eb-5773e16bc7f6@group-9676EF610CB3-SegmentedRaftLogWorker: Starting segment from index:0
2022-11-08 06:33:30,594 [fd3bdcb5-514c-4dac-86eb-5773e16bc7f6@group-9676EF610CB3-LeaderElection25] INFO  server.RaftServer$Division (ServerState.java:setRaftConf(430)) - fd3bdcb5-514c-4dac-86eb-5773e16bc7f6@group-9676EF610CB3: set configuration 0: peers:[fd3bdcb5-514c-4dac-86eb-5773e16bc7f6|rpc:10.1.0.244:40815|dataStream:|priority:1|startupRole:FOLLOWER]|listeners:[], old=null
2022-11-08 06:33:30,594 [fd3bdcb5-514c-4dac-86eb-5773e16bc7f6@group-9676EF610CB3-SegmentedRaftLogWorker] INFO  segmented.SegmentedRaftLogWorker (SegmentedRaftLogWorker.java:execute(656)) - fd3bdcb5-514c-4dac-86eb-5773e16bc7f6@group-9676EF610CB3-SegmentedRaftLogWorker: created new log segment /home/runner/work/ozone/ozone/hadoop-ozone/integration-test/target/test-dir/MiniOzoneClusterImpl-b4f26986-4eb4-4ecd-9efe-6fbc1efd26b6/datanode-1/data/ratis/6913a0da-7bb4-402d-ab00-9676ef610cb3/current/log_inprogress_0
2022-11-08 06:33:31,078 [Listener at 127.0.0.1/39611] INFO  ozone.MiniOzoneClusterImpl (MiniOzoneClusterImpl.java:lambda$waitForClusterToBeReady$0(216)) - Nodes are ready. Got 3 of 3 DN Heartbeats.
2022-11-08 06:33:31,078 [Listener at 127.0.0.1/39611] INFO  ozone.MiniOzoneClusterImpl (MiniOzoneClusterImpl.java:lambda$waitForClusterToBeReady$0(219)) - Waiting for cluster to exit safe mode
2022-11-08 06:33:31,078 [Listener at 127.0.0.1/39611] INFO  ozone.MiniOzoneClusterImpl (MiniOzoneClusterImpl.java:lambda$waitForClusterToBeReady$0(221)) - SCM became leader
2022-11-08 06:33:31,159 [99ee034f-b39b-4991-99d2-5a13f1bd518d@group-347BA50E2C61-FollowerState] INFO  impl.FollowerState (FollowerState.java:run(143)) - 99ee034f-b39b-4991-99d2-5a13f1bd518d@group-347BA50E2C61-FollowerState: change to CANDIDATE, lastRpcElapsedTime:5071803141ns, electionTimeout:5069ms
2022-11-08 06:33:31,159 [99ee034f-b39b-4991-99d2-5a13f1bd518d@group-347BA50E2C61-FollowerState] INFO  impl.RoleInfo (RoleInfo.java:shutdownFollowerState(110)) - 99ee034f-b39b-4991-99d2-5a13f1bd518d: shutdown 99ee034f-b39b-4991-99d2-5a13f1bd518d@group-347BA50E2C61-FollowerState
2022-11-08 06:33:31,159 [99ee034f-b39b-4991-99d2-5a13f1bd518d@group-347BA50E2C61-FollowerState] INFO  server.RaftServer$Division (RaftServerImpl.java:setRole(321)) - 99ee034f-b39b-4991-99d2-5a13f1bd518d@group-347BA50E2C61: changes role from  FOLLOWER to CANDIDATE at term 0 for changeToCandidate
2022-11-08 06:33:31,160 [99ee034f-b39b-4991-99d2-5a13f1bd518d@group-347BA50E2C61-FollowerState] INFO  server.RaftServerConfigKeys (ConfUtils.java:logGet(46)) - raft.server.leaderelection.pre-vote = false (custom)
2022-11-08 06:33:31,160 [99ee034f-b39b-4991-99d2-5a13f1bd518d@group-347BA50E2C61-FollowerState] INFO  impl.RoleInfo (RoleInfo.java:updateAndGet(139)) - 99ee034f-b39b-4991-99d2-5a13f1bd518d: start 99ee034f-b39b-4991-99d2-5a13f1bd518d@group-347BA50E2C61-LeaderElection26
2022-11-08 06:33:31,164 [99ee034f-b39b-4991-99d2-5a13f1bd518d@group-347BA50E2C61-LeaderElection26] INFO  impl.LeaderElection (LeaderElection.java:askForVotes(312)) - 99ee034f-b39b-4991-99d2-5a13f1bd518d@group-347BA50E2C61-LeaderElection26 ELECTION round 0: submit vote requests at term 1 for -1: peers:[99ee034f-b39b-4991-99d2-5a13f1bd518d|rpc:10.1.0.244:38741|priority:1|startupRole:FOLLOWER]|listeners:[], old=null
2022-11-08 06:33:31,164 [99ee034f-b39b-4991-99d2-5a13f1bd518d@group-347BA50E2C61-LeaderElection26] INFO  impl.LeaderElection (LeaderElection.java:askForVotes(314)) - 99ee034f-b39b-4991-99d2-5a13f1bd518d@group-347BA50E2C61-LeaderElection26 ELECTION round 0: result PASSED (term=1)
2022-11-08 06:33:31,164 [99ee034f-b39b-4991-99d2-5a13f1bd518d@group-347BA50E2C61-LeaderElection26] INFO  impl.RoleInfo (RoleInfo.java:shutdownLeaderElection(130)) - 99ee034f-b39b-4991-99d2-5a13f1bd518d: shutdown 99ee034f-b39b-4991-99d2-5a13f1bd518d@group-347BA50E2C61-LeaderElection26
2022-11-08 06:33:31,164 [99ee034f-b39b-4991-99d2-5a13f1bd518d@group-347BA50E2C61-LeaderElection26] INFO  server.RaftServer$Division (RaftServerImpl.java:setRole(321)) - 99ee034f-b39b-4991-99d2-5a13f1bd518d@group-347BA50E2C61: changes role from CANDIDATE to LEADER at term 1 for changeToLeader
2022-11-08 06:33:31,164 [99ee034f-b39b-4991-99d2-5a13f1bd518d@group-347BA50E2C61-LeaderElection26] INFO  ratis.XceiverServerRatis (XceiverServerRatis.java:handleLeaderChangedNotification(863)) - Leader change notification received for group: group-347BA50E2C61 with new leaderId: 99ee034f-b39b-4991-99d2-5a13f1bd518d
2022-11-08 06:33:31,165 [99ee034f-b39b-4991-99d2-5a13f1bd518d@group-347BA50E2C61-LeaderElection26] INFO  server.RaftServer$Division (ServerState.java:setLeader(313)) - 99ee034f-b39b-4991-99d2-5a13f1bd518d@group-347BA50E2C61: change Leader from null to 99ee034f-b39b-4991-99d2-5a13f1bd518d at term 1 for becomeLeader, leader elected after 5087ms
2022-11-08 06:33:31,165 [99ee034f-b39b-4991-99d2-5a13f1bd518d@group-347BA50E2C61-LeaderElection26] INFO  server.RaftServerConfigKeys (ConfUtils.java:logGet(46)) - raft.server.staging.catchup.gap = 1000 (default)
2022-11-08 06:33:31,165 [99ee034f-b39b-4991-99d2-5a13f1bd518d@group-347BA50E2C61-LeaderElection26] INFO  server.RaftServerConfigKeys (ConfUtils.java:logGet(46)) - raft.server.write.element-limit = 1024 (custom)
2022-11-08 06:33:31,165 [99ee034f-b39b-4991-99d2-5a13f1bd518d@group-347BA50E2C61-LeaderElection26] INFO  server.RaftServerConfigKeys (ConfUtils.java:logGet(46)) - raft.server.write.byte-limit = 1024 M (=1073741824) (custom)
2022-11-08 06:33:31,166 [99ee034f-b39b-4991-99d2-5a13f1bd518d@group-347BA50E2C61-LeaderElection26] INFO  server.RaftServerConfigKeys (ConfUtils.java:logGet(46)) - raft.server.watch.timeout = 180s (custom)
2022-11-08 06:33:31,166 [99ee034f-b39b-4991-99d2-5a13f1bd518d@group-347BA50E2C61-LeaderElection26] INFO  server.RaftServerConfigKeys (ConfUtils.java:logGet(46)) - raft.server.watch.timeout.denomination = 1s (default)
2022-11-08 06:33:31,166 [99ee034f-b39b-4991-99d2-5a13f1bd518d@group-347BA50E2C61-LeaderElection26] INFO  server.RaftServerConfigKeys (ConfUtils.java:logGet(46)) - raft.server.watch.element-limit = 65536 (default)
2022-11-08 06:33:31,166 [99ee034f-b39b-4991-99d2-5a13f1bd518d@group-347BA50E2C61-LeaderElection26] INFO  server.RaftServerConfigKeys (ConfUtils.java:logGet(46)) - raft.server.write.element-limit = 1024 (custom)
2022-11-08 06:33:31,166 [99ee034f-b39b-4991-99d2-5a13f1bd518d@group-347BA50E2C61-LeaderElection26] INFO  server.RaftServerConfigKeys (ConfUtils.java:logGet(46)) - raft.server.write.follower.gap.ratio.max = -1.0 (default)
2022-11-08 06:33:31,166 [99ee034f-b39b-4991-99d2-5a13f1bd518d@group-347BA50E2C61-LeaderElection26] INFO  impl.RoleInfo (RoleInfo.java:updateAndGet(139)) - 99ee034f-b39b-4991-99d2-5a13f1bd518d: start 99ee034f-b39b-4991-99d2-5a13f1bd518d@group-347BA50E2C61-LeaderStateImpl
2022-11-08 06:33:31,166 [EventQueue-OpenPipelineForHealthyPipelineSafeModeRule] INFO  safemode.SCMSafeModeManager (HealthyPipelineSafeModeRule.java:process(137)) - SCM in safe mode. Healthy pipelines reported count is 0, required healthy pipeline reported count is 1
2022-11-08 06:33:31,166 [99ee034f-b39b-4991-99d2-5a13f1bd518d@group-347BA50E2C61-LeaderElection26] INFO  segmented.SegmentedRaftLogWorker (SegmentedRaftLogWorker.java:startLogSegment(452)) - 99ee034f-b39b-4991-99d2-5a13f1bd518d@group-347BA50E2C61-SegmentedRaftLogWorker: Starting segment from index:0
2022-11-08 06:33:31,167 [99ee034f-b39b-4991-99d2-5a13f1bd518d@group-347BA50E2C61-LeaderElection26] INFO  server.RaftServer$Division (ServerState.java:setRaftConf(430)) - 99ee034f-b39b-4991-99d2-5a13f1bd518d@group-347BA50E2C61: set configuration 0: peers:[99ee034f-b39b-4991-99d2-5a13f1bd518d|rpc:10.1.0.244:38741|dataStream:|priority:1|startupRole:FOLLOWER]|listeners:[], old=null
2022-11-08 06:33:31,169 [99ee034f-b39b-4991-99d2-5a13f1bd518d@group-347BA50E2C61-SegmentedRaftLogWorker] INFO  segmented.SegmentedRaftLogWorker (SegmentedRaftLogWorker.java:execute(656)) - 99ee034f-b39b-4991-99d2-5a13f1bd518d@group-347BA50E2C61-SegmentedRaftLogWorker: created new log segment /home/runner/work/ozone/ozone/hadoop-ozone/integration-test/target/test-dir/MiniOzoneClusterImpl-b4f26986-4eb4-4ecd-9efe-6fbc1efd26b6/datanode-2/data/ratis/5f5358c9-4e19-4da4-878b-347ba50e2c61/current/log_inprogress_0
2022-11-08 06:33:32,078 [Listener at 127.0.0.1/39611] INFO  ozone.MiniOzoneClusterImpl (MiniOzoneClusterImpl.java:lambda$waitForClusterToBeReady$0(216)) - Nodes are ready. Got 3 of 3 DN Heartbeats.
2022-11-08 06:33:32,079 [Listener at 127.0.0.1/39611] INFO  ozone.MiniOzoneClusterImpl (MiniOzoneClusterImpl.java:lambda$waitForClusterToBeReady$0(219)) - Waiting for cluster to exit safe mode
2022-11-08 06:33:32,079 [Listener at 127.0.0.1/39611] INFO  ozone.MiniOzoneClusterImpl (MiniOzoneClusterImpl.java:lambda$waitForClusterToBeReady$0(221)) - SCM became leader
2022-11-08 06:33:33,079 [Listener at 127.0.0.1/39611] INFO  ozone.MiniOzoneClusterImpl (MiniOzoneClusterImpl.java:lambda$waitForClusterToBeReady$0(216)) - Nodes are ready. Got 3 of 3 DN Heartbeats.
2022-11-08 06:33:33,079 [Listener at 127.0.0.1/39611] INFO  ozone.MiniOzoneClusterImpl (MiniOzoneClusterImpl.java:lambda$waitForClusterToBeReady$0(219)) - Waiting for cluster to exit safe mode
2022-11-08 06:33:33,080 [Listener at 127.0.0.1/39611] INFO  ozone.MiniOzoneClusterImpl (MiniOzoneClusterImpl.java:lambda$waitForClusterToBeReady$0(221)) - SCM became leader
2022-11-08 06:33:34,080 [Listener at 127.0.0.1/39611] INFO  ozone.MiniOzoneClusterImpl (MiniOzoneClusterImpl.java:lambda$waitForClusterToBeReady$0(216)) - Nodes are ready. Got 3 of 3 DN Heartbeats.
2022-11-08 06:33:34,080 [Listener at 127.0.0.1/39611] INFO  ozone.MiniOzoneClusterImpl (MiniOzoneClusterImpl.java:lambda$waitForClusterToBeReady$0(219)) - Waiting for cluster to exit safe mode
2022-11-08 06:33:34,080 [Listener at 127.0.0.1/39611] INFO  ozone.MiniOzoneClusterImpl (MiniOzoneClusterImpl.java:lambda$waitForClusterToBeReady$0(221)) - SCM became leader
2022-11-08 06:33:35,081 [Listener at 127.0.0.1/39611] INFO  ozone.MiniOzoneClusterImpl (MiniOzoneClusterImpl.java:lambda$waitForClusterToBeReady$0(216)) - Nodes are ready. Got 3 of 3 DN Heartbeats.
2022-11-08 06:33:35,081 [Listener at 127.0.0.1/39611] INFO  ozone.MiniOzoneClusterImpl (MiniOzoneClusterImpl.java:lambda$waitForClusterToBeReady$0(219)) - Waiting for cluster to exit safe mode
2022-11-08 06:33:35,081 [Listener at 127.0.0.1/39611] INFO  ozone.MiniOzoneClusterImpl (MiniOzoneClusterImpl.java:lambda$waitForClusterToBeReady$0(221)) - SCM became leader
2022-11-08 06:33:35,297 [fd3bdcb5-514c-4dac-86eb-5773e16bc7f6@group-10C2F7A22406-FollowerState] INFO  server.RaftServerConfigKeys (ConfUtils.java:logFallback(53)) - raft.server.rpc.first-election.timeout.min = 5s (fallback to raft.server.rpc.timeout.min)
2022-11-08 06:33:35,297 [fd3bdcb5-514c-4dac-86eb-5773e16bc7f6@group-10C2F7A22406-FollowerState] INFO  server.RaftServerConfigKeys (ConfUtils.java:logFallback(53)) - raft.server.rpc.first-election.timeout.max = 5200ms (fallback to raft.server.rpc.timeout.max)
2022-11-08 06:33:35,353 [99ee034f-b39b-4991-99d2-5a13f1bd518d@group-D390D398FA22-FollowerState] INFO  impl.FollowerState (FollowerState.java:run(143)) - 99ee034f-b39b-4991-99d2-5a13f1bd518d@group-D390D398FA22-FollowerState: change to CANDIDATE, lastRpcElapsedTime:5055338766ns, electionTimeout:5052ms
2022-11-08 06:33:35,354 [99ee034f-b39b-4991-99d2-5a13f1bd518d@group-D390D398FA22-FollowerState] INFO  impl.RoleInfo (RoleInfo.java:shutdownFollowerState(110)) - 99ee034f-b39b-4991-99d2-5a13f1bd518d: shutdown 99ee034f-b39b-4991-99d2-5a13f1bd518d@group-D390D398FA22-FollowerState
2022-11-08 06:33:35,354 [99ee034f-b39b-4991-99d2-5a13f1bd518d@group-D390D398FA22-FollowerState] INFO  server.RaftServer$Division (RaftServerImpl.java:setRole(321)) - 99ee034f-b39b-4991-99d2-5a13f1bd518d@group-D390D398FA22: changes role from  FOLLOWER to CANDIDATE at term 1 for changeToCandidate
2022-11-08 06:33:35,354 [99ee034f-b39b-4991-99d2-5a13f1bd518d@group-D390D398FA22-FollowerState] INFO  server.RaftServerConfigKeys (ConfUtils.java:logGet(46)) - raft.server.leaderelection.pre-vote = false (custom)
2022-11-08 06:33:35,354 [99ee034f-b39b-4991-99d2-5a13f1bd518d@group-D390D398FA22-FollowerState] INFO  impl.RoleInfo (RoleInfo.java:updateAndGet(139)) - 99ee034f-b39b-4991-99d2-5a13f1bd518d: start 99ee034f-b39b-4991-99d2-5a13f1bd518d@group-D390D398FA22-LeaderElection27
2022-11-08 06:33:35,359 [d1e5d709-e257-453b-a807-acff1c76fb8f@group-10C2F7A22406-FollowerState] INFO  impl.FollowerState (FollowerState.java:run(143)) - d1e5d709-e257-453b-a807-acff1c76fb8f@group-10C2F7A22406-FollowerState: change to CANDIDATE, lastRpcElapsedTime:5155398312ns, electionTimeout:5152ms
2022-11-08 06:33:35,359 [d1e5d709-e257-453b-a807-acff1c76fb8f@group-10C2F7A22406-FollowerState] INFO  impl.RoleInfo (RoleInfo.java:shutdownFollowerState(110)) - d1e5d709-e257-453b-a807-acff1c76fb8f: shutdown d1e5d709-e257-453b-a807-acff1c76fb8f@group-10C2F7A22406-FollowerState
2022-11-08 06:33:35,360 [d1e5d709-e257-453b-a807-acff1c76fb8f@group-10C2F7A22406-FollowerState] INFO  server.RaftServer$Division (RaftServerImpl.java:setRole(321)) - d1e5d709-e257-453b-a807-acff1c76fb8f@group-10C2F7A22406: changes role from  FOLLOWER to CANDIDATE at term 1 for changeToCandidate
2022-11-08 06:33:35,360 [d1e5d709-e257-453b-a807-acff1c76fb8f@group-10C2F7A22406-FollowerState] INFO  server.RaftServerConfigKeys (ConfUtils.java:logGet(46)) - raft.server.leaderelection.pre-vote = false (custom)
2022-11-08 06:33:35,360 [d1e5d709-e257-453b-a807-acff1c76fb8f@group-10C2F7A22406-FollowerState] INFO  impl.RoleInfo (RoleInfo.java:updateAndGet(139)) - d1e5d709-e257-453b-a807-acff1c76fb8f: start d1e5d709-e257-453b-a807-acff1c76fb8f@group-10C2F7A22406-LeaderElection28
2022-11-08 06:33:35,362 [99ee034f-b39b-4991-99d2-5a13f1bd518d@group-D390D398FA22-LeaderElection27] INFO  impl.LeaderElection (LeaderElection.java:askForVotes(312)) - 99ee034f-b39b-4991-99d2-5a13f1bd518d@group-D390D398FA22-LeaderElection27 ELECTION round 0: submit vote requests at term 2 for -1: peers:[fd3bdcb5-514c-4dac-86eb-5773e16bc7f6|rpc:10.1.0.244:40815|dataStream:|priority:0|startupRole:FOLLOWER, 99ee034f-b39b-4991-99d2-5a13f1bd518d|rpc:10.1.0.244:38741|dataStream:|priority:1|startupRole:FOLLOWER, d1e5d709-e257-453b-a807-acff1c76fb8f|rpc:10.1.0.244:38117|dataStream:|priority:0|startupRole:FOLLOWER]|listeners:[], old=null
2022-11-08 06:33:35,363 [99ee034f-b39b-4991-99d2-5a13f1bd518d@group-D390D398FA22-LeaderElection27] INFO  server.RaftServerConfigKeys (ConfUtils.java:logFallback(53)) - raft.server.rpc.first-election.timeout.min = 5s (fallback to raft.server.rpc.timeout.min)
2022-11-08 06:33:35,363 [99ee034f-b39b-4991-99d2-5a13f1bd518d@group-D390D398FA22-LeaderElection27] INFO  server.RaftServerConfigKeys (ConfUtils.java:logFallback(53)) - raft.server.rpc.first-election.timeout.max = 5200ms (fallback to raft.server.rpc.timeout.max)
2022-11-08 06:33:35,366 [grpc-default-executor-1] INFO  server.RaftServer$Division (RaftServerImpl.java:requestVote(1218)) - d1e5d709-e257-453b-a807-acff1c76fb8f@group-D390D398FA22: receive requestVote(ELECTION, 99ee034f-b39b-4991-99d2-5a13f1bd518d, group-D390D398FA22, 2, (t:0, i:0))
2022-11-08 06:33:35,367 [grpc-default-executor-1] INFO  impl.VoteContext (VoteContext.java:log(48)) - d1e5d709-e257-453b-a807-acff1c76fb8f@group-D390D398FA22-FOLLOWER: accept ELECTION from 99ee034f-b39b-4991-99d2-5a13f1bd518d: our priority 0 <= candidate's priority 1
2022-11-08 06:33:35,367 [grpc-default-executor-1] INFO  server.RaftServer$Division (RaftServerImpl.java:setRole(321)) - d1e5d709-e257-453b-a807-acff1c76fb8f@group-D390D398FA22: changes role from  FOLLOWER to FOLLOWER at term 2 for candidate:99ee034f-b39b-4991-99d2-5a13f1bd518d
2022-11-08 06:33:35,367 [grpc-default-executor-1] INFO  impl.RoleInfo (RoleInfo.java:shutdownFollowerState(110)) - d1e5d709-e257-453b-a807-acff1c76fb8f: shutdown d1e5d709-e257-453b-a807-acff1c76fb8f@group-D390D398FA22-FollowerState
2022-11-08 06:33:35,367 [grpc-default-executor-1] INFO  impl.RoleInfo (RoleInfo.java:updateAndGet(139)) - d1e5d709-e257-453b-a807-acff1c76fb8f: start d1e5d709-e257-453b-a807-acff1c76fb8f@group-D390D398FA22-FollowerState
2022-11-08 06:33:35,367 [d1e5d709-e257-453b-a807-acff1c76fb8f@group-D390D398FA22-FollowerState] INFO  impl.FollowerState (FollowerState.java:run(152)) - d1e5d709-e257-453b-a807-acff1c76fb8f@group-D390D398FA22-FollowerState was interrupted
2022-11-08 06:33:35,367 [d1e5d709-e257-453b-a807-acff1c76fb8f@group-10C2F7A22406-LeaderElection28] INFO  impl.LeaderElection (LeaderElection.java:askForVotes(312)) - d1e5d709-e257-453b-a807-acff1c76fb8f@group-10C2F7A22406-LeaderElection28 ELECTION round 0: submit vote requests at term 2 for -1: peers:[fd3bdcb5-514c-4dac-86eb-5773e16bc7f6|rpc:10.1.0.244:40815|priority:0|startupRole:FOLLOWER, 99ee034f-b39b-4991-99d2-5a13f1bd518d|rpc:10.1.0.244:38741|priority:0|startupRole:FOLLOWER, d1e5d709-e257-453b-a807-acff1c76fb8f|rpc:10.1.0.244:38117|priority:1|startupRole:FOLLOWER]|listeners:[], old=null
2022-11-08 06:33:35,368 [grpc-default-executor-2] INFO  server.RaftServer$Division (RaftServerImpl.java:requestVote(1218)) - fd3bdcb5-514c-4dac-86eb-5773e16bc7f6@group-D390D398FA22: receive requestVote(ELECTION, 99ee034f-b39b-4991-99d2-5a13f1bd518d, group-D390D398FA22, 2, (t:0, i:0))
2022-11-08 06:33:35,368 [grpc-default-executor-2] INFO  impl.VoteContext (VoteContext.java:log(48)) - fd3bdcb5-514c-4dac-86eb-5773e16bc7f6@group-D390D398FA22-FOLLOWER: accept ELECTION from 99ee034f-b39b-4991-99d2-5a13f1bd518d: our priority 0 <= candidate's priority 1
2022-11-08 06:33:35,368 [grpc-default-executor-2] INFO  server.RaftServer$Division (RaftServerImpl.java:setRole(321)) - fd3bdcb5-514c-4dac-86eb-5773e16bc7f6@group-D390D398FA22: changes role from  FOLLOWER to FOLLOWER at term 2 for candidate:99ee034f-b39b-4991-99d2-5a13f1bd518d
2022-11-08 06:33:35,368 [grpc-default-executor-2] INFO  impl.RoleInfo (RoleInfo.java:shutdownFollowerState(110)) - fd3bdcb5-514c-4dac-86eb-5773e16bc7f6: shutdown fd3bdcb5-514c-4dac-86eb-5773e16bc7f6@group-D390D398FA22-FollowerState
2022-11-08 06:33:35,368 [grpc-default-executor-2] INFO  impl.RoleInfo (RoleInfo.java:updateAndGet(139)) - fd3bdcb5-514c-4dac-86eb-5773e16bc7f6: start fd3bdcb5-514c-4dac-86eb-5773e16bc7f6@group-D390D398FA22-FollowerState
2022-11-08 06:33:35,368 [fd3bdcb5-514c-4dac-86eb-5773e16bc7f6@group-D390D398FA22-FollowerState] INFO  impl.FollowerState (FollowerState.java:run(152)) - fd3bdcb5-514c-4dac-86eb-5773e16bc7f6@group-D390D398FA22-FollowerState was interrupted
2022-11-08 06:33:35,368 [d1e5d709-e257-453b-a807-acff1c76fb8f@group-D390D398FA22-FollowerState] INFO  server.RaftServerConfigKeys (ConfUtils.java:logFallback(53)) - raft.server.rpc.first-election.timeout.min = 5s (fallback to raft.server.rpc.timeout.min)
2022-11-08 06:33:35,368 [d1e5d709-e257-453b-a807-acff1c76fb8f@group-D390D398FA22-FollowerState] INFO  server.RaftServerConfigKeys (ConfUtils.java:logFallback(53)) - raft.server.rpc.first-election.timeout.max = 5200ms (fallback to raft.server.rpc.timeout.max)
2022-11-08 06:33:35,374 [grpc-default-executor-1] INFO  server.RaftServer$Division (RaftServerImpl.java:requestVote(1251)) - d1e5d709-e257-453b-a807-acff1c76fb8f@group-D390D398FA22 replies to ELECTION vote request: 99ee034f-b39b-4991-99d2-5a13f1bd518d<-d1e5d709-e257-453b-a807-acff1c76fb8f#0:OK-t2. Peer's state: d1e5d709-e257-453b-a807-acff1c76fb8f@group-D390D398FA22:t2, leader=null, voted=99ee034f-b39b-4991-99d2-5a13f1bd518d, raftlog=Memoized:d1e5d709-e257-453b-a807-acff1c76fb8f@group-D390D398FA22-SegmentedRaftLog:OPENED:c-1, conf=-1: peers:[fd3bdcb5-514c-4dac-86eb-5773e16bc7f6|rpc:10.1.0.244:40815|priority:0|startupRole:FOLLOWER, 99ee034f-b39b-4991-99d2-5a13f1bd518d|rpc:10.1.0.244:38741|priority:1|startupRole:FOLLOWER, d1e5d709-e257-453b-a807-acff1c76fb8f|rpc:10.1.0.244:38117|priority:0|startupRole:FOLLOWER]|listeners:[], old=null
2022-11-08 06:33:35,375 [grpc-default-executor-1] INFO  server.RaftServer$Division (RaftServerImpl.java:requestVote(1218)) - fd3bdcb5-514c-4dac-86eb-5773e16bc7f6@group-10C2F7A22406: receive requestVote(ELECTION, d1e5d709-e257-453b-a807-acff1c76fb8f, group-10C2F7A22406, 2, (t:0, i:0))
2022-11-08 06:33:35,376 [grpc-default-executor-1] INFO  impl.VoteContext (VoteContext.java:log(48)) - fd3bdcb5-514c-4dac-86eb-5773e16bc7f6@group-10C2F7A22406-FOLLOWER: accept ELECTION from d1e5d709-e257-453b-a807-acff1c76fb8f: our priority 0 <= candidate's priority 1
2022-11-08 06:33:35,376 [grpc-default-executor-1] INFO  server.RaftServer$Division (RaftServerImpl.java:setRole(321)) - fd3bdcb5-514c-4dac-86eb-5773e16bc7f6@group-10C2F7A22406: changes role from  FOLLOWER to FOLLOWER at term 2 for candidate:d1e5d709-e257-453b-a807-acff1c76fb8f
2022-11-08 06:33:35,376 [grpc-default-executor-1] INFO  impl.RoleInfo (RoleInfo.java:shutdownFollowerState(110)) - fd3bdcb5-514c-4dac-86eb-5773e16bc7f6: shutdown fd3bdcb5-514c-4dac-86eb-5773e16bc7f6@group-10C2F7A22406-FollowerState
2022-11-08 06:33:35,376 [grpc-default-executor-1] INFO  impl.RoleInfo (RoleInfo.java:updateAndGet(139)) - fd3bdcb5-514c-4dac-86eb-5773e16bc7f6: start fd3bdcb5-514c-4dac-86eb-5773e16bc7f6@group-10C2F7A22406-FollowerState
2022-11-08 06:33:35,376 [fd3bdcb5-514c-4dac-86eb-5773e16bc7f6@group-10C2F7A22406-FollowerState] INFO  impl.FollowerState (FollowerState.java:run(152)) - fd3bdcb5-514c-4dac-86eb-5773e16bc7f6@group-10C2F7A22406-FollowerState was interrupted
2022-11-08 06:33:35,376 [99ee034f-b39b-4991-99d2-5a13f1bd518d@group-D390D398FA22-LeaderElection27] INFO  impl.LeaderElection (LeaderElection.java:logAndReturn(90)) - 99ee034f-b39b-4991-99d2-5a13f1bd518d@group-D390D398FA22-LeaderElection27: ELECTION PASSED received 1 response(s) and 0 exception(s):
2022-11-08 06:33:35,376 [99ee034f-b39b-4991-99d2-5a13f1bd518d@group-D390D398FA22-LeaderElection27] INFO  impl.LeaderElection (LeaderElection.java:logAndReturn(94)) -   Response 0: 99ee034f-b39b-4991-99d2-5a13f1bd518d<-d1e5d709-e257-453b-a807-acff1c76fb8f#0:OK-t2
2022-11-08 06:33:35,377 [grpc-default-executor-2] INFO  server.RaftServer$Division (RaftServerImpl.java:requestVote(1251)) - fd3bdcb5-514c-4dac-86eb-5773e16bc7f6@group-D390D398FA22 replies to ELECTION vote request: 99ee034f-b39b-4991-99d2-5a13f1bd518d<-fd3bdcb5-514c-4dac-86eb-5773e16bc7f6#0:OK-t2. Peer's state: fd3bdcb5-514c-4dac-86eb-5773e16bc7f6@group-D390D398FA22:t2, leader=null, voted=99ee034f-b39b-4991-99d2-5a13f1bd518d, raftlog=Memoized:fd3bdcb5-514c-4dac-86eb-5773e16bc7f6@group-D390D398FA22-SegmentedRaftLog:OPENED:c-1, conf=-1: peers:[fd3bdcb5-514c-4dac-86eb-5773e16bc7f6|rpc:10.1.0.244:40815|dataStream:|priority:0|startupRole:FOLLOWER, 99ee034f-b39b-4991-99d2-5a13f1bd518d|rpc:10.1.0.244:38741|dataStream:|priority:1|startupRole:FOLLOWER, d1e5d709-e257-453b-a807-acff1c76fb8f|rpc:10.1.0.244:38117|dataStream:|priority:0|startupRole:FOLLOWER]|listeners:[], old=null
2022-11-08 06:33:35,377 [fd3bdcb5-514c-4dac-86eb-5773e16bc7f6@group-D390D398FA22-FollowerState] INFO  server.RaftServerConfigKeys (ConfUtils.java:logFallback(53)) - raft.server.rpc.first-election.timeout.min = 5s (fallback to raft.server.rpc.timeout.min)
2022-11-08 06:33:35,377 [fd3bdcb5-514c-4dac-86eb-5773e16bc7f6@group-D390D398FA22-FollowerState] INFO  server.RaftServerConfigKeys (ConfUtils.java:logFallback(53)) - raft.server.rpc.first-election.timeout.max = 5200ms (fallback to raft.server.rpc.timeout.max)
2022-11-08 06:33:35,377 [d1e5d709-e257-453b-a807-acff1c76fb8f@group-10C2F7A22406-LeaderElection28] INFO  server.RaftServerConfigKeys (ConfUtils.java:logFallback(53)) - raft.server.rpc.first-election.timeout.min = 5s (fallback to raft.server.rpc.timeout.min)
2022-11-08 06:33:35,377 [d1e5d709-e257-453b-a807-acff1c76fb8f@group-10C2F7A22406-LeaderElection28] INFO  server.RaftServerConfigKeys (ConfUtils.java:logFallback(53)) - raft.server.rpc.first-election.timeout.max = 5200ms (fallback to raft.server.rpc.timeout.max)
2022-11-08 06:33:35,378 [grpc-default-executor-1] INFO  server.RaftServer$Division (RaftServerImpl.java:requestVote(1251)) - fd3bdcb5-514c-4dac-86eb-5773e16bc7f6@group-10C2F7A22406 replies to ELECTION vote request: d1e5d709-e257-453b-a807-acff1c76fb8f<-fd3bdcb5-514c-4dac-86eb-5773e16bc7f6#0:OK-t2. Peer's state: fd3bdcb5-514c-4dac-86eb-5773e16bc7f6@group-10C2F7A22406:t2, leader=null, voted=d1e5d709-e257-453b-a807-acff1c76fb8f, raftlog=Memoized:fd3bdcb5-514c-4dac-86eb-5773e16bc7f6@group-10C2F7A22406-SegmentedRaftLog:OPENED:c-1, conf=-1: peers:[fd3bdcb5-514c-4dac-86eb-5773e16bc7f6|rpc:10.1.0.244:40815|dataStream:|priority:0|startupRole:FOLLOWER, 99ee034f-b39b-4991-99d2-5a13f1bd518d|rpc:10.1.0.244:38741|dataStream:|priority:0|startupRole:FOLLOWER, d1e5d709-e257-453b-a807-acff1c76fb8f|rpc:10.1.0.244:38117|dataStream:|priority:1|startupRole:FOLLOWER]|listeners:[], old=null
2022-11-08 06:33:35,379 [grpc-default-executor-1] INFO  server.RaftServer$Division (RaftServerImpl.java:requestVote(1218)) - 99ee034f-b39b-4991-99d2-5a13f1bd518d@group-10C2F7A22406: receive requestVote(ELECTION, d1e5d709-e257-453b-a807-acff1c76fb8f, group-10C2F7A22406, 2, (t:0, i:0))
2022-11-08 06:33:35,379 [grpc-default-executor-1] INFO  impl.VoteContext (VoteContext.java:log(48)) - 99ee034f-b39b-4991-99d2-5a13f1bd518d@group-10C2F7A22406-FOLLOWER: accept ELECTION from d1e5d709-e257-453b-a807-acff1c76fb8f: our priority 0 <= candidate's priority 1
2022-11-08 06:33:35,380 [grpc-default-executor-1] INFO  server.RaftServer$Division (RaftServerImpl.java:setRole(321)) - 99ee034f-b39b-4991-99d2-5a13f1bd518d@group-10C2F7A22406: changes role from  FOLLOWER to FOLLOWER at term 2 for candidate:d1e5d709-e257-453b-a807-acff1c76fb8f
2022-11-08 06:33:35,380 [grpc-default-executor-1] INFO  impl.RoleInfo (RoleInfo.java:shutdownFollowerState(110)) - 99ee034f-b39b-4991-99d2-5a13f1bd518d: shutdown 99ee034f-b39b-4991-99d2-5a13f1bd518d@group-10C2F7A22406-FollowerState
2022-11-08 06:33:35,380 [grpc-default-executor-1] INFO  impl.RoleInfo (RoleInfo.java:updateAndGet(139)) - 99ee034f-b39b-4991-99d2-5a13f1bd518d: start 99ee034f-b39b-4991-99d2-5a13f1bd518d@group-10C2F7A22406-FollowerState
2022-11-08 06:33:35,380 [99ee034f-b39b-4991-99d2-5a13f1bd518d@group-10C2F7A22406-FollowerState] INFO  impl.FollowerState (FollowerState.java:run(152)) - 99ee034f-b39b-4991-99d2-5a13f1bd518d@group-10C2F7A22406-FollowerState was interrupted
2022-11-08 06:33:35,381 [fd3bdcb5-514c-4dac-86eb-5773e16bc7f6@group-10C2F7A22406-FollowerState] INFO  server.RaftServerConfigKeys (ConfUtils.java:logFallback(53)) - raft.server.rpc.first-election.timeout.min = 5s (fallback to raft.server.rpc.timeout.min)
2022-11-08 06:33:35,381 [fd3bdcb5-514c-4dac-86eb-5773e16bc7f6@group-10C2F7A22406-FollowerState] INFO  server.RaftServerConfigKeys (ConfUtils.java:logFallback(53)) - raft.server.rpc.first-election.timeout.max = 5200ms (fallback to raft.server.rpc.timeout.max)
2022-11-08 06:33:35,386 [99ee034f-b39b-4991-99d2-5a13f1bd518d@group-D390D398FA22-LeaderElection27] INFO  impl.LeaderElection (LeaderElection.java:askForVotes(314)) - 99ee034f-b39b-4991-99d2-5a13f1bd518d@group-D390D398FA22-LeaderElection27 ELECTION round 0: result PASSED
2022-11-08 06:33:35,386 [99ee034f-b39b-4991-99d2-5a13f1bd518d@group-D390D398FA22-LeaderElection27] INFO  impl.RoleInfo (RoleInfo.java:shutdownLeaderElection(130)) - 99ee034f-b39b-4991-99d2-5a13f1bd518d: shutdown 99ee034f-b39b-4991-99d2-5a13f1bd518d@group-D390D398FA22-LeaderElection27
2022-11-08 06:33:35,386 [99ee034f-b39b-4991-99d2-5a13f1bd518d@group-D390D398FA22-LeaderElection27] INFO  server.RaftServer$Division (RaftServerImpl.java:setRole(321)) - 99ee034f-b39b-4991-99d2-5a13f1bd518d@group-D390D398FA22: changes role from CANDIDATE to LEADER at term 2 for changeToLeader
2022-11-08 06:33:35,386 [99ee034f-b39b-4991-99d2-5a13f1bd518d@group-D390D398FA22-LeaderElection27] INFO  ratis.XceiverServerRatis (XceiverServerRatis.java:handleLeaderChangedNotification(863)) - Leader change notification received for group: group-D390D398FA22 with new leaderId: 99ee034f-b39b-4991-99d2-5a13f1bd518d
2022-11-08 06:33:35,386 [99ee034f-b39b-4991-99d2-5a13f1bd518d@group-D390D398FA22-LeaderElection27] INFO  server.RaftServer$Division (ServerState.java:setLeader(313)) - 99ee034f-b39b-4991-99d2-5a13f1bd518d@group-D390D398FA22: change Leader from null to 99ee034f-b39b-4991-99d2-5a13f1bd518d at term 2 for becomeLeader, leader elected after 10107ms
2022-11-08 06:33:35,386 [99ee034f-b39b-4991-99d2-5a13f1bd518d@group-D390D398FA22-LeaderElection27] INFO  server.RaftServerConfigKeys (ConfUtils.java:logGet(46)) - raft.server.staging.catchup.gap = 1000 (default)
2022-11-08 06:33:35,386 [99ee034f-b39b-4991-99d2-5a13f1bd518d@group-D390D398FA22-LeaderElection27] INFO  server.RaftServerConfigKeys (ConfUtils.java:logGet(46)) - raft.server.write.element-limit = 1024 (custom)
2022-11-08 06:33:35,387 [99ee034f-b39b-4991-99d2-5a13f1bd518d@group-D390D398FA22-LeaderElection27] INFO  server.RaftServerConfigKeys (ConfUtils.java:logGet(46)) - raft.server.write.byte-limit = 1024 M (=1073741824) (custom)
2022-11-08 06:33:35,387 [99ee034f-b39b-4991-99d2-5a13f1bd518d@group-D390D398FA22-LeaderElection27] INFO  server.RaftServerConfigKeys (ConfUtils.java:logGet(46)) - raft.server.watch.timeout = 180s (custom)
2022-11-08 06:33:35,387 [99ee034f-b39b-4991-99d2-5a13f1bd518d@group-D390D398FA22-LeaderElection27] INFO  server.RaftServerConfigKeys (ConfUtils.java:logGet(46)) - raft.server.watch.timeout.denomination = 1s (default)
2022-11-08 06:33:35,387 [99ee034f-b39b-4991-99d2-5a13f1bd518d@group-D390D398FA22-LeaderElection27] INFO  server.RaftServerConfigKeys (ConfUtils.java:logGet(46)) - raft.server.watch.element-limit = 65536 (default)
2022-11-08 06:33:35,387 [99ee034f-b39b-4991-99d2-5a13f1bd518d@group-D390D398FA22-LeaderElection27] INFO  server.RaftServerConfigKeys (ConfUtils.java:logGet(46)) - raft.server.write.element-limit = 1024 (custom)
2022-11-08 06:33:35,387 [99ee034f-b39b-4991-99d2-5a13f1bd518d@group-D390D398FA22-LeaderElection27] INFO  server.RaftServerConfigKeys (ConfUtils.java:logGet(46)) - raft.server.write.follower.gap.ratio.max = -1.0 (default)
2022-11-08 06:33:35,387 [99ee034f-b39b-4991-99d2-5a13f1bd518d@group-D390D398FA22-LeaderElection27] INFO  server.RaftServerConfigKeys (ConfUtils.java:logGet(46)) - raft.server.log.appender.snapshot.chunk.size.max = 16MB (=16777216) (default)
2022-11-08 06:33:35,388 [99ee034f-b39b-4991-99d2-5a13f1bd518d@group-D390D398FA22-LeaderElection27] INFO  server.RaftServerConfigKeys (ConfUtils.java:logGet(46)) - raft.server.log.appender.buffer.byte-limit = 33554432 (custom)
2022-11-08 06:33:35,388 [99ee034f-b39b-4991-99d2-5a13f1bd518d@group-D390D398FA22-LeaderElection27] INFO  server.RaftServerConfigKeys (ConfUtils.java:logGet(46)) - raft.server.log.appender.buffer.element-limit = 1 (custom)
2022-11-08 06:33:35,388 [99ee034f-b39b-4991-99d2-5a13f1bd518d@group-D390D398FA22-LeaderElection27] INFO  grpc.GrpcConfigKeys (ConfUtils.java:logGet(46)) - raft.grpc.server.leader.outstanding.appends.max = 128 (default)
2022-11-08 06:33:35,388 [99ee034f-b39b-4991-99d2-5a13f1bd518d@group-D390D398FA22-LeaderElection27] INFO  server.RaftServerConfigKeys (ConfUtils.java:logGet(46)) - raft.server.rpc.request.timeout = 60s (custom)
2022-11-08 06:33:35,388 [99ee034f-b39b-4991-99d2-5a13f1bd518d@group-D390D398FA22-LeaderElection27] INFO  server.RaftServerConfigKeys (ConfUtils.java:logGet(46)) - raft.server.log.appender.install.snapshot.enabled = false (custom)
2022-11-08 06:33:35,388 [99ee034f-b39b-4991-99d2-5a13f1bd518d@group-D390D398FA22-LeaderElection27] INFO  grpc.GrpcConfigKeys (ConfUtils.java:logGet(46)) - raft.grpc.server.heartbeat.channel = true (default)
2022-11-08 06:33:35,388 [99ee034f-b39b-4991-99d2-5a13f1bd518d@group-D390D398FA22-LeaderElection27] INFO  server.RaftServerConfigKeys (ConfUtils.java:logGet(46)) - raft.server.log.appender.wait-time.min = 10ms (default)
2022-11-08 06:33:35,389 [99ee034f-b39b-4991-99d2-5a13f1bd518d@group-D390D398FA22-LeaderElection27] INFO  server.RaftServerConfigKeys (ConfUtils.java:logGet(46)) - raft.server.log.appender.snapshot.chunk.size.max = 16MB (=16777216) (default)
2022-11-08 06:33:35,389 [99ee034f-b39b-4991-99d2-5a13f1bd518d@group-D390D398FA22-LeaderElection27] INFO  server.RaftServerConfigKeys (ConfUtils.java:logGet(46)) - raft.server.log.appender.buffer.byte-limit = 33554432 (custom)
2022-11-08 06:33:35,389 [99ee034f-b39b-4991-99d2-5a13f1bd518d@group-D390D398FA22-LeaderElection27] INFO  server.RaftServerConfigKeys (ConfUtils.java:logGet(46)) - raft.server.log.appender.buffer.element-limit = 1 (custom)
2022-11-08 06:33:35,389 [99ee034f-b39b-4991-99d2-5a13f1bd518d@group-D390D398FA22-LeaderElection27] INFO  grpc.GrpcConfigKeys (ConfUtils.java:logGet(46)) - raft.grpc.server.leader.outstanding.appends.max = 128 (default)
2022-11-08 06:33:35,389 [99ee034f-b39b-4991-99d2-5a13f1bd518d@group-D390D398FA22-LeaderElection27] INFO  server.RaftServerConfigKeys (ConfUtils.java:logGet(46)) - raft.server.rpc.request.timeout = 60s (custom)
2022-11-08 06:33:35,389 [99ee034f-b39b-4991-99d2-5a13f1bd518d@group-D390D398FA22-LeaderElection27] INFO  server.RaftServerConfigKeys (ConfUtils.java:logGet(46)) - raft.server.log.appender.install.snapshot.enabled = false (custom)
2022-11-08 06:33:35,389 [99ee034f-b39b-4991-99d2-5a13f1bd518d@group-D390D398FA22-LeaderElection27] INFO  grpc.GrpcConfigKeys (ConfUtils.java:logGet(46)) - raft.grpc.server.heartbeat.channel = true (default)
2022-11-08 06:33:35,389 [99ee034f-b39b-4991-99d2-5a13f1bd518d@group-D390D398FA22-LeaderElection27] INFO  server.RaftServerConfigKeys (ConfUtils.java:logGet(46)) - raft.server.log.appender.wait-time.min = 10ms (default)
2022-11-08 06:33:35,390 [99ee034f-b39b-4991-99d2-5a13f1bd518d@group-D390D398FA22-LeaderElection27] INFO  impl.RoleInfo (RoleInfo.java:updateAndGet(139)) - 99ee034f-b39b-4991-99d2-5a13f1bd518d: start 99ee034f-b39b-4991-99d2-5a13f1bd518d@group-D390D398FA22-LeaderStateImpl
2022-11-08 06:33:35,391 [99ee034f-b39b-4991-99d2-5a13f1bd518d@group-D390D398FA22-LeaderElection27] INFO  segmented.SegmentedRaftLogWorker (SegmentedRaftLogWorker.java:startLogSegment(452)) - 99ee034f-b39b-4991-99d2-5a13f1bd518d@group-D390D398FA22-SegmentedRaftLogWorker: Starting segment from index:0
2022-11-08 06:33:35,390 [d1e5d709-e257-453b-a807-acff1c76fb8f@group-10C2F7A22406-LeaderElection28] INFO  impl.LeaderElection (LeaderElection.java:logAndReturn(90)) - d1e5d709-e257-453b-a807-acff1c76fb8f@group-10C2F7A22406-LeaderElection28: ELECTION PASSED received 1 response(s) and 0 exception(s):
2022-11-08 06:33:35,391 [d1e5d709-e257-453b-a807-acff1c76fb8f@group-10C2F7A22406-LeaderElection28] INFO  impl.LeaderElection (LeaderElection.java:logAndReturn(94)) -   Response 0: d1e5d709-e257-453b-a807-acff1c76fb8f<-fd3bdcb5-514c-4dac-86eb-5773e16bc7f6#0:OK-t2
2022-11-08 06:33:35,391 [d1e5d709-e257-453b-a807-acff1c76fb8f@group-10C2F7A22406-LeaderElection28] INFO  impl.LeaderElection (LeaderElection.java:askForVotes(314)) - d1e5d709-e257-453b-a807-acff1c76fb8f@group-10C2F7A22406-LeaderElection28 ELECTION round 0: result PASSED
2022-11-08 06:33:35,391 [d1e5d709-e257-453b-a807-acff1c76fb8f@group-10C2F7A22406-LeaderElection28] INFO  impl.RoleInfo (RoleInfo.java:shutdownLeaderElection(130)) - d1e5d709-e257-453b-a807-acff1c76fb8f: shutdown d1e5d709-e257-453b-a807-acff1c76fb8f@group-10C2F7A22406-LeaderElection28
2022-11-08 06:33:35,391 [d1e5d709-e257-453b-a807-acff1c76fb8f@group-10C2F7A22406-LeaderElection28] INFO  server.RaftServer$Division (RaftServerImpl.java:setRole(321)) - d1e5d709-e257-453b-a807-acff1c76fb8f@group-10C2F7A22406: changes role from CANDIDATE to LEADER at term 2 for changeToLeader
2022-11-08 06:33:35,391 [d1e5d709-e257-453b-a807-acff1c76fb8f@group-10C2F7A22406-LeaderElection28] INFO  ratis.XceiverServerRatis (XceiverServerRatis.java:handleLeaderChangedNotification(863)) - Leader change notification received for group: group-10C2F7A22406 with new leaderId: d1e5d709-e257-453b-a807-acff1c76fb8f
2022-11-08 06:33:35,390 [EventQueue-PipelineReportForPipelineReportHandler] INFO  pipeline.PipelineManagerImpl (PipelineManagerImpl.java:openPipeline(367)) - Pipeline Pipeline[ Id: 89621da0-c006-468a-8101-d390d398fa22, Nodes: d1e5d709-e257-453b-a807-acff1c76fb8f{ip: 10.1.0.244, host: fv-az220-111.shdwizndlbjulinwhzhdmup5sb.jx.internal.cloudapp.net, ports: [REPLICATION=42663, RATIS=38117, RATIS_ADMIN=38117, RATIS_SERVER=38117, STANDALONE=36453], networkLocation: /default-rack, certSerialId: null, persistedOpState: IN_SERVICE, persistedOpStateExpiryEpochSec: 0}fd3bdcb5-514c-4dac-86eb-5773e16bc7f6{ip: 10.1.0.244, host: fv-az220-111.shdwizndlbjulinwhzhdmup5sb.jx.internal.cloudapp.net, ports: [REPLICATION=40397, RATIS=40815, RATIS_ADMIN=40815, RATIS_SERVER=40815, STANDALONE=39111], networkLocation: /default-rack, certSerialId: null, persistedOpState: IN_SERVICE, persistedOpStateExpiryEpochSec: 0}99ee034f-b39b-4991-99d2-5a13f1bd518d{ip: 10.1.0.244, host: fv-az220-111.shdwizndlbjulinwhzhdmup5sb.jx.internal.cloudapp.net, ports: [REPLICATION=46789, RATIS=38741, RATIS_ADMIN=38741, RATIS_SERVER=38741, STANDALONE=34257], networkLocation: /default-rack, certSerialId: null, persistedOpState: IN_SERVICE, persistedOpStateExpiryEpochSec: 0}, ReplicationConfig: RATIS/THREE, State:ALLOCATED, leaderId:99ee034f-b39b-4991-99d2-5a13f1bd518d, CreationTimestamp2022-11-08T06:33:23.079Z[Etc/UTC]] moved to OPEN state
2022-11-08 06:33:35,392 [99ee034f-b39b-4991-99d2-5a13f1bd518d@group-D390D398FA22-SegmentedRaftLogWorker] INFO  segmented.SegmentedRaftLogWorker (SegmentedRaftLogWorker.java:execute(656)) - 99ee034f-b39b-4991-99d2-5a13f1bd518d@group-D390D398FA22-SegmentedRaftLogWorker: created new log segment /home/runner/work/ozone/ozone/hadoop-ozone/integration-test/target/test-dir/MiniOzoneClusterImpl-b4f26986-4eb4-4ecd-9efe-6fbc1efd26b6/datanode-2/data/ratis/89621da0-c006-468a-8101-d390d398fa22/current/log_inprogress_0
2022-11-08 06:33:35,394 [EventQueue-OpenPipelineForHealthyPipelineSafeModeRule] INFO  safemode.SCMSafeModeManager (HealthyPipelineSafeModeRule.java:process(137)) - SCM in safe mode. Healthy pipelines reported count is 1, required healthy pipeline reported count is 1
2022-11-08 06:33:35,394 [EventQueue-OpenPipelineForHealthyPipelineSafeModeRule] INFO  safemode.SCMSafeModeManager (SCMSafeModeManager.java:validateSafeModeExitRules(204)) - HealthyPipelineSafeModeRule rule is successfully validated
2022-11-08 06:33:35,394 [EventQueue-OpenPipelineForHealthyPipelineSafeModeRule] INFO  safemode.SCMSafeModeManager (SCMSafeModeManager.java:validateSafeModeExitRules(219)) - ScmSafeModeManager, all rules are successfully validated
2022-11-08 06:33:35,394 [EventQueue-OpenPipelineForHealthyPipelineSafeModeRule] INFO  safemode.SCMSafeModeManager (SCMSafeModeManager.java:exitSafeMode(248)) - SCM exiting safe mode.
2022-11-08 06:33:35,394 [EventQueue-OpenPipelineForHealthyPipelineSafeModeRule] WARN  events.EventQueue (EventQueue.java:fireEvent(216)) - No event handler registered for event TypedEvent{payloadType=SafeModeStatus, name='Safe mode status'}
2022-11-08 06:33:35,394 [EventQueue-OpenPipelineForHealthyPipelineSafeModeRule] INFO  ha.SCMContext (SCMContext.java:updateSafeModeStatus(228)) - Update SafeModeStatus from SafeModeStatus{safeModeStatus=true, preCheckPassed=true} to SafeModeStatus{safeModeStatus=false, preCheckPassed=true}.
2022-11-08 06:33:35,394 [EventQueue-OpenPipelineForHealthyPipelineSafeModeRule] INFO  pipeline.BackgroundPipelineCreator (BackgroundPipelineCreator.java:notifyStatusChanged(254)) - Service BackgroundPipelineCreator transitions to RUNNING.
2022-11-08 06:33:35,394 [EventQueue-OpenPipelineForHealthyPipelineSafeModeRule] INFO  BackgroundPipelineScrubber (BackgroundSCMService.java:notifyStatusChanged(82)) - Service BackgroundPipelineScrubber transitions to RUNNING.
2022-11-08 06:33:35,394 [EventQueue-OpenPipelineForHealthyPipelineSafeModeRule] INFO  ExpiredContainerReplicaOpScrubber (BackgroundSCMService.java:notifyStatusChanged(82)) - Service ExpiredContainerReplicaOpScrubber transitions to RUNNING.
2022-11-08 06:33:35,394 [EventQueue-OpenPipelineForHealthyPipelineSafeModeRule] INFO  replication.ReplicationManager (ReplicationManager.java:notifyStatusChanged(798)) - Service ReplicationManager transitions to RUNNING.
2022-11-08 06:33:35,390 [99ee034f-b39b-4991-99d2-5a13f1bd518d@group-10C2F7A22406-FollowerState] INFO  server.RaftServerConfigKeys (ConfUtils.java:logFallback(53)) - raft.server.rpc.first-election.timeout.min = 5s (fallback to raft.server.rpc.timeout.min)
2022-11-08 06:33:35,394 [EventQueue-OpenPipelineForHealthyPipelineSafeModeRule] WARN  balancer.ContainerBalancer (ContainerBalancer.java:shouldRun(131)) - Could not find persisted configuration for ContainerBalancer when checking if ContainerBalancer should run. ContainerBalancer should not run now.
2022-11-08 06:33:35,394 [99ee034f-b39b-4991-99d2-5a13f1bd518d@group-10C2F7A22406-FollowerState] INFO  server.RaftServerConfigKeys (ConfUtils.java:logFallback(53)) - raft.server.rpc.first-election.timeout.max = 5200ms (fallback to raft.server.rpc.timeout.max)
2022-11-08 06:33:35,392 [grpc-default-executor-1] INFO  server.RaftServer$Division (RaftServerImpl.java:requestVote(1251)) - 99ee034f-b39b-4991-99d2-5a13f1bd518d@group-10C2F7A22406 replies to ELECTION vote request: d1e5d709-e257-453b-a807-acff1c76fb8f<-99ee034f-b39b-4991-99d2-5a13f1bd518d#0:OK-t2. Peer's state: 99ee034f-b39b-4991-99d2-5a13f1bd518d@group-10C2F7A22406:t2, leader=null, voted=d1e5d709-e257-453b-a807-acff1c76fb8f, raftlog=Memoized:99ee034f-b39b-4991-99d2-5a13f1bd518d@group-10C2F7A22406-SegmentedRaftLog:OPENED:c-1, conf=-1: peers:[fd3bdcb5-514c-4dac-86eb-5773e16bc7f6|rpc:10.1.0.244:40815|dataStream:|priority:0|startupRole:FOLLOWER, 99ee034f-b39b-4991-99d2-5a13f1bd518d|rpc:10.1.0.244:38741|dataStream:|priority:0|startupRole:FOLLOWER, d1e5d709-e257-453b-a807-acff1c76fb8f|rpc:10.1.0.244:38117|dataStream:|priority:1|startupRole:FOLLOWER]|listeners:[], old=null
2022-11-08 06:33:35,397 [d1e5d709-e257-453b-a807-acff1c76fb8f@group-10C2F7A22406-LeaderElection28] INFO  server.RaftServer$Division (ServerState.java:setLeader(313)) - d1e5d709-e257-453b-a807-acff1c76fb8f@group-10C2F7A22406: change Leader from null to d1e5d709-e257-453b-a807-acff1c76fb8f at term 2 for becomeLeader, leader elected after 10291ms
2022-11-08 06:33:35,397 [d1e5d709-e257-453b-a807-acff1c76fb8f@group-10C2F7A22406-LeaderElection28] INFO  server.RaftServerConfigKeys (ConfUtils.java:logGet(46)) - raft.server.staging.catchup.gap = 1000 (default)
2022-11-08 06:33:35,397 [d1e5d709-e257-453b-a807-acff1c76fb8f@group-10C2F7A22406-LeaderElection28] INFO  server.RaftServerConfigKeys (ConfUtils.java:logGet(46)) - raft.server.write.element-limit = 1024 (custom)
2022-11-08 06:33:35,397 [d1e5d709-e257-453b-a807-acff1c76fb8f@group-10C2F7A22406-LeaderElection28] INFO  server.RaftServerConfigKeys (ConfUtils.java:logGet(46)) - raft.server.write.byte-limit = 1024 M (=1073741824) (custom)
2022-11-08 06:33:35,397 [d1e5d709-e257-453b-a807-acff1c76fb8f@group-10C2F7A22406-LeaderElection28] INFO  server.RaftServerConfigKeys (ConfUtils.java:logGet(46)) - raft.server.watch.timeout = 180s (custom)
2022-11-08 06:33:35,397 [d1e5d709-e257-453b-a807-acff1c76fb8f@group-10C2F7A22406-LeaderElection28] INFO  server.RaftServerConfigKeys (ConfUtils.java:logGet(46)) - raft.server.watch.timeout.denomination = 1s (default)
2022-11-08 06:33:35,397 [d1e5d709-e257-453b-a807-acff1c76fb8f@group-10C2F7A22406-LeaderElection28] INFO  server.RaftServerConfigKeys (ConfUtils.java:logGet(46)) - raft.server.watch.element-limit = 65536 (default)
2022-11-08 06:33:35,397 [d1e5d709-e257-453b-a807-acff1c76fb8f@group-10C2F7A22406-LeaderElection28] INFO  server.RaftServerConfigKeys (ConfUtils.java:logGet(46)) - raft.server.write.element-limit = 1024 (custom)
2022-11-08 06:33:35,397 [d1e5d709-e257-453b-a807-acff1c76fb8f@group-10C2F7A22406-LeaderElection28] INFO  server.RaftServerConfigKeys (ConfUtils.java:logGet(46)) - raft.server.write.follower.gap.ratio.max = -1.0 (default)
2022-11-08 06:33:35,398 [99ee034f-b39b-4991-99d2-5a13f1bd518d@group-D390D398FA22-LeaderElection27] INFO  server.RaftServer$Division (ServerState.java:setRaftConf(430)) - 99ee034f-b39b-4991-99d2-5a13f1bd518d@group-D390D398FA22: set configuration 0: peers:[fd3bdcb5-514c-4dac-86eb-5773e16bc7f6|rpc:10.1.0.244:40815|dataStream:|priority:0|startupRole:FOLLOWER, 99ee034f-b39b-4991-99d2-5a13f1bd518d|rpc:10.1.0.244:38741|dataStream:|priority:1|startupRole:FOLLOWER, d1e5d709-e257-453b-a807-acff1c76fb8f|rpc:10.1.0.244:38117|dataStream:|priority:0|startupRole:FOLLOWER]|listeners:[], old=null
2022-11-08 06:33:35,398 [d1e5d709-e257-453b-a807-acff1c76fb8f@group-10C2F7A22406-LeaderElection28] INFO  server.RaftServerConfigKeys (ConfUtils.java:logGet(46)) - raft.server.log.appender.snapshot.chunk.size.max = 16MB (=16777216) (default)
2022-11-08 06:33:35,398 [d1e5d709-e257-453b-a807-acff1c76fb8f@group-10C2F7A22406-LeaderElection28] INFO  server.RaftServerConfigKeys (ConfUtils.java:logGet(46)) - raft.server.log.appender.buffer.byte-limit = 33554432 (custom)
2022-11-08 06:33:35,398 [d1e5d709-e257-453b-a807-acff1c76fb8f@group-10C2F7A22406-LeaderElection28] INFO  server.RaftServerConfigKeys (ConfUtils.java:logGet(46)) - raft.server.log.appender.buffer.element-limit = 1 (custom)
2022-11-08 06:33:35,398 [d1e5d709-e257-453b-a807-acff1c76fb8f@group-10C2F7A22406-LeaderElection28] INFO  grpc.GrpcConfigKeys (ConfUtils.java:logGet(46)) - raft.grpc.server.leader.outstanding.appends.max = 128 (default)
2022-11-08 06:33:35,398 [d1e5d709-e257-453b-a807-acff1c76fb8f@group-10C2F7A22406-LeaderElection28] INFO  server.RaftServerConfigKeys (ConfUtils.java:logGet(46)) - raft.server.rpc.request.timeout = 60s (custom)
2022-11-08 06:33:35,398 [d1e5d709-e257-453b-a807-acff1c76fb8f@group-10C2F7A22406-LeaderElection28] INFO  server.RaftServerConfigKeys (ConfUtils.java:logGet(46)) - raft.server.log.appender.install.snapshot.enabled = false (custom)
2022-11-08 06:33:35,398 [d1e5d709-e257-453b-a807-acff1c76fb8f@group-10C2F7A22406-LeaderElection28] INFO  grpc.GrpcConfigKeys (ConfUtils.java:logGet(46)) - raft.grpc.server.heartbeat.channel = true (default)
2022-11-08 06:33:35,398 [d1e5d709-e257-453b-a807-acff1c76fb8f@group-10C2F7A22406-LeaderElection28] INFO  server.RaftServerConfigKeys (ConfUtils.java:logGet(46)) - raft.server.log.appender.wait-time.min = 10ms (default)
2022-11-08 06:33:35,401 [EventQueue-PipelineReportForPipelineReportHandler] INFO  pipeline.PipelineManagerImpl (PipelineManagerImpl.java:openPipeline(367)) - Pipeline Pipeline[ Id: 68ac76f0-d2ad-46a9-a038-10c2f7a22406, Nodes: 99ee034f-b39b-4991-99d2-5a13f1bd518d{ip: 10.1.0.244, host: fv-az220-111.shdwizndlbjulinwhzhdmup5sb.jx.internal.cloudapp.net, ports: [REPLICATION=46789, RATIS=38741, RATIS_ADMIN=38741, RATIS_SERVER=38741, STANDALONE=34257], networkLocation: /default-rack, certSerialId: null, persistedOpState: IN_SERVICE, persistedOpStateExpiryEpochSec: 0}fd3bdcb5-514c-4dac-86eb-5773e16bc7f6{ip: 10.1.0.244, host: fv-az220-111.shdwizndlbjulinwhzhdmup5sb.jx.internal.cloudapp.net, ports: [REPLICATION=40397, RATIS=40815, RATIS_ADMIN=40815, RATIS_SERVER=40815, STANDALONE=39111], networkLocation: /default-rack, certSerialId: null, persistedOpState: IN_SERVICE, persistedOpStateExpiryEpochSec: 0}d1e5d709-e257-453b-a807-acff1c76fb8f{ip: 10.1.0.244, host: fv-az220-111.shdwizndlbjulinwhzhdmup5sb.jx.internal.cloudapp.net, ports: [REPLICATION=42663, RATIS=38117, RATIS_ADMIN=38117, RATIS_SERVER=38117, STANDALONE=36453], networkLocation: /default-rack, certSerialId: null, persistedOpState: IN_SERVICE, persistedOpStateExpiryEpochSec: 0}, ReplicationConfig: RATIS/THREE, State:ALLOCATED, leaderId:d1e5d709-e257-453b-a807-acff1c76fb8f, CreationTimestamp2022-11-08T06:33:23.078Z[Etc/UTC]] moved to OPEN state
2022-11-08 06:33:35,403 [d1e5d709-e257-453b-a807-acff1c76fb8f@group-10C2F7A22406-LeaderElection28] INFO  server.RaftServerConfigKeys (ConfUtils.java:logGet(46)) - raft.server.log.appender.snapshot.chunk.size.max = 16MB (=16777216) (default)
2022-11-08 06:33:35,403 [d1e5d709-e257-453b-a807-acff1c76fb8f@group-10C2F7A22406-LeaderElection28] INFO  server.RaftServerConfigKeys (ConfUtils.java:logGet(46)) - raft.server.log.appender.buffer.byte-limit = 33554432 (custom)
2022-11-08 06:33:35,403 [d1e5d709-e257-453b-a807-acff1c76fb8f@group-10C2F7A22406-LeaderElection28] INFO  server.RaftServerConfigKeys (ConfUtils.java:logGet(46)) - raft.server.log.appender.buffer.element-limit = 1 (custom)
2022-11-08 06:33:35,403 [d1e5d709-e257-453b-a807-acff1c76fb8f@group-10C2F7A22406-LeaderElection28] INFO  grpc.GrpcConfigKeys (ConfUtils.java:logGet(46)) - raft.grpc.server.leader.outstanding.appends.max = 128 (default)
2022-11-08 06:33:35,403 [d1e5d709-e257-453b-a807-acff1c76fb8f@group-10C2F7A22406-LeaderElection28] INFO  server.RaftServerConfigKeys (ConfUtils.java:logGet(46)) - raft.server.rpc.request.timeout = 60s (custom)
2022-11-08 06:33:35,403 [d1e5d709-e257-453b-a807-acff1c76fb8f@group-10C2F7A22406-LeaderElection28] INFO  server.RaftServerConfigKeys (ConfUtils.java:logGet(46)) - raft.server.log.appender.install.snapshot.enabled = false (custom)
2022-11-08 06:33:35,403 [d1e5d709-e257-453b-a807-acff1c76fb8f@group-10C2F7A22406-LeaderElection28] INFO  grpc.GrpcConfigKeys (ConfUtils.java:logGet(46)) - raft.grpc.server.heartbeat.channel = true (default)
2022-11-08 06:33:35,403 [d1e5d709-e257-453b-a807-acff1c76fb8f@group-10C2F7A22406-LeaderElection28] INFO  server.RaftServerConfigKeys (ConfUtils.java:logGet(46)) - raft.server.log.appender.wait-time.min = 10ms (default)
2022-11-08 06:33:35,403 [d1e5d709-e257-453b-a807-acff1c76fb8f@group-10C2F7A22406-LeaderElection28] INFO  impl.RoleInfo (RoleInfo.java:updateAndGet(139)) - d1e5d709-e257-453b-a807-acff1c76fb8f: start d1e5d709-e257-453b-a807-acff1c76fb8f@group-10C2F7A22406-LeaderStateImpl
2022-11-08 06:33:35,404 [d1e5d709-e257-453b-a807-acff1c76fb8f@group-10C2F7A22406-LeaderElection28] INFO  segmented.SegmentedRaftLogWorker (SegmentedRaftLogWorker.java:startLogSegment(452)) - d1e5d709-e257-453b-a807-acff1c76fb8f@group-10C2F7A22406-SegmentedRaftLogWorker: Starting segment from index:0
2022-11-08 06:33:35,406 [d1e5d709-e257-453b-a807-acff1c76fb8f@group-10C2F7A22406-SegmentedRaftLogWorker] INFO  segmented.SegmentedRaftLogWorker (SegmentedRaftLogWorker.java:execute(656)) - d1e5d709-e257-453b-a807-acff1c76fb8f@group-10C2F7A22406-SegmentedRaftLogWorker: created new log segment /home/runner/work/ozone/ozone/hadoop-ozone/integration-test/target/test-dir/MiniOzoneClusterImpl-b4f26986-4eb4-4ecd-9efe-6fbc1efd26b6/datanode-0/data/ratis/68ac76f0-d2ad-46a9-a038-10c2f7a22406/current/log_inprogress_0
2022-11-08 06:33:35,414 [d1e5d709-e257-453b-a807-acff1c76fb8f@group-10C2F7A22406-LeaderElection28] INFO  server.RaftServer$Division (ServerState.java:setRaftConf(430)) - d1e5d709-e257-453b-a807-acff1c76fb8f@group-10C2F7A22406: set configuration 0: peers:[fd3bdcb5-514c-4dac-86eb-5773e16bc7f6|rpc:10.1.0.244:40815|dataStream:|priority:0|startupRole:FOLLOWER, 99ee034f-b39b-4991-99d2-5a13f1bd518d|rpc:10.1.0.244:38741|dataStream:|priority:0|startupRole:FOLLOWER, d1e5d709-e257-453b-a807-acff1c76fb8f|rpc:10.1.0.244:38117|dataStream:|priority:1|startupRole:FOLLOWER]|listeners:[], old=null
2022-11-08 06:33:35,415 [d1e5d709-e257-453b-a807-acff1c76fb8f-server-thread1] INFO  ratis.XceiverServerRatis (XceiverServerRatis.java:handleLeaderChangedNotification(863)) - Leader change notification received for group: group-D390D398FA22 with new leaderId: 99ee034f-b39b-4991-99d2-5a13f1bd518d
2022-11-08 06:33:35,416 [d1e5d709-e257-453b-a807-acff1c76fb8f-server-thread1] INFO  server.RaftServer$Division (ServerState.java:setLeader(313)) - d1e5d709-e257-453b-a807-acff1c76fb8f@group-D390D398FA22: change Leader from null to 99ee034f-b39b-4991-99d2-5a13f1bd518d at term 2 for appendEntries, leader elected after 10194ms
2022-11-08 06:33:35,422 [fd3bdcb5-514c-4dac-86eb-5773e16bc7f6-server-thread1] INFO  ratis.XceiverServerRatis (XceiverServerRatis.java:handleLeaderChangedNotification(863)) - Leader change notification received for group: group-D390D398FA22 with new leaderId: 99ee034f-b39b-4991-99d2-5a13f1bd518d
2022-11-08 06:33:35,423 [fd3bdcb5-514c-4dac-86eb-5773e16bc7f6-server-thread1] INFO  server.RaftServer$Division (ServerState.java:setLeader(313)) - fd3bdcb5-514c-4dac-86eb-5773e16bc7f6@group-D390D398FA22: change Leader from null to 99ee034f-b39b-4991-99d2-5a13f1bd518d at term 2 for appendEntries, leader elected after 10177ms
2022-11-08 06:33:35,434 [fd3bdcb5-514c-4dac-86eb-5773e16bc7f6-server-thread1] INFO  ratis.XceiverServerRatis (XceiverServerRatis.java:handleLeaderChangedNotification(863)) - Leader change notification received for group: group-10C2F7A22406 with new leaderId: d1e5d709-e257-453b-a807-acff1c76fb8f
2022-11-08 06:33:35,434 [fd3bdcb5-514c-4dac-86eb-5773e16bc7f6-server-thread1] INFO  server.RaftServer$Division (ServerState.java:setLeader(313)) - fd3bdcb5-514c-4dac-86eb-5773e16bc7f6@group-10C2F7A22406: change Leader from null to d1e5d709-e257-453b-a807-acff1c76fb8f at term 2 for appendEntries, leader elected after 10241ms
2022-11-08 06:33:35,439 [fd3bdcb5-514c-4dac-86eb-5773e16bc7f6-server-thread2] INFO  server.RaftServer$Division (ServerState.java:setRaftConf(430)) - fd3bdcb5-514c-4dac-86eb-5773e16bc7f6@group-D390D398FA22: set configuration 0: peers:[fd3bdcb5-514c-4dac-86eb-5773e16bc7f6|rpc:10.1.0.244:40815|dataStream:|priority:0|startupRole:FOLLOWER, 99ee034f-b39b-4991-99d2-5a13f1bd518d|rpc:10.1.0.244:38741|dataStream:|priority:1|startupRole:FOLLOWER, d1e5d709-e257-453b-a807-acff1c76fb8f|rpc:10.1.0.244:38117|dataStream:|priority:0|startupRole:FOLLOWER]|listeners:[], old=null
2022-11-08 06:33:35,439 [fd3bdcb5-514c-4dac-86eb-5773e16bc7f6-server-thread2] INFO  segmented.SegmentedRaftLogWorker (SegmentedRaftLogWorker.java:startLogSegment(452)) - fd3bdcb5-514c-4dac-86eb-5773e16bc7f6@group-D390D398FA22-SegmentedRaftLogWorker: Starting segment from index:0
2022-11-08 06:33:35,441 [fd3bdcb5-514c-4dac-86eb-5773e16bc7f6@group-D390D398FA22-SegmentedRaftLogWorker] INFO  segmented.SegmentedRaftLogWorker (SegmentedRaftLogWorker.java:execute(656)) - fd3bdcb5-514c-4dac-86eb-5773e16bc7f6@group-D390D398FA22-SegmentedRaftLogWorker: created new log segment /home/runner/work/ozone/ozone/hadoop-ozone/integration-test/target/test-dir/MiniOzoneClusterImpl-b4f26986-4eb4-4ecd-9efe-6fbc1efd26b6/datanode-1/data/ratis/89621da0-c006-468a-8101-d390d398fa22/current/log_inprogress_0
2022-11-08 06:33:35,445 [d1e5d709-e257-453b-a807-acff1c76fb8f-server-thread2] INFO  server.RaftServer$Division (ServerState.java:setRaftConf(430)) - d1e5d709-e257-453b-a807-acff1c76fb8f@group-D390D398FA22: set configuration 0: peers:[fd3bdcb5-514c-4dac-86eb-5773e16bc7f6|rpc:10.1.0.244:40815|dataStream:|priority:0|startupRole:FOLLOWER, 99ee034f-b39b-4991-99d2-5a13f1bd518d|rpc:10.1.0.244:38741|dataStream:|priority:1|startupRole:FOLLOWER, d1e5d709-e257-453b-a807-acff1c76fb8f|rpc:10.1.0.244:38117|dataStream:|priority:0|startupRole:FOLLOWER]|listeners:[], old=null
2022-11-08 06:33:35,446 [fd3bdcb5-514c-4dac-86eb-5773e16bc7f6-server-thread2] INFO  server.RaftServer$Division (ServerState.java:setRaftConf(430)) - fd3bdcb5-514c-4dac-86eb-5773e16bc7f6@group-10C2F7A22406: set configuration 0: peers:[fd3bdcb5-514c-4dac-86eb-5773e16bc7f6|rpc:10.1.0.244:40815|dataStream:|priority:0|startupRole:FOLLOWER, 99ee034f-b39b-4991-99d2-5a13f1bd518d|rpc:10.1.0.244:38741|dataStream:|priority:0|startupRole:FOLLOWER, d1e5d709-e257-453b-a807-acff1c76fb8f|rpc:10.1.0.244:38117|dataStream:|priority:1|startupRole:FOLLOWER]|listeners:[], old=null
2022-11-08 06:33:35,446 [d1e5d709-e257-453b-a807-acff1c76fb8f-server-thread2] INFO  segmented.SegmentedRaftLogWorker (SegmentedRaftLogWorker.java:startLogSegment(452)) - d1e5d709-e257-453b-a807-acff1c76fb8f@group-D390D398FA22-SegmentedRaftLogWorker: Starting segment from index:0
2022-11-08 06:33:35,447 [99ee034f-b39b-4991-99d2-5a13f1bd518d-server-thread1] INFO  ratis.XceiverServerRatis (XceiverServerRatis.java:handleLeaderChangedNotification(863)) - Leader change notification received for group: group-10C2F7A22406 with new leaderId: d1e5d709-e257-453b-a807-acff1c76fb8f
2022-11-08 06:33:35,447 [99ee034f-b39b-4991-99d2-5a13f1bd518d-server-thread1] INFO  server.RaftServer$Division (ServerState.java:setLeader(313)) - 99ee034f-b39b-4991-99d2-5a13f1bd518d@group-10C2F7A22406: change Leader from null to d1e5d709-e257-453b-a807-acff1c76fb8f at term 2 for appendEntries, leader elected after 10311ms
2022-11-08 06:33:35,449 [99ee034f-b39b-4991-99d2-5a13f1bd518d-server-thread2] INFO  server.RaftServer$Division (ServerState.java:setRaftConf(430)) - 99ee034f-b39b-4991-99d2-5a13f1bd518d@group-10C2F7A22406: set configuration 0: peers:[fd3bdcb5-514c-4dac-86eb-5773e16bc7f6|rpc:10.1.0.244:40815|dataStream:|priority:0|startupRole:FOLLOWER, 99ee034f-b39b-4991-99d2-5a13f1bd518d|rpc:10.1.0.244:38741|dataStream:|priority:0|startupRole:FOLLOWER, d1e5d709-e257-453b-a807-acff1c76fb8f|rpc:10.1.0.244:38117|dataStream:|priority:1|startupRole:FOLLOWER]|listeners:[], old=null
2022-11-08 06:33:35,450 [fd3bdcb5-514c-4dac-86eb-5773e16bc7f6-server-thread2] INFO  segmented.SegmentedRaftLogWorker (SegmentedRaftLogWorker.java:startLogSegment(452)) - fd3bdcb5-514c-4dac-86eb-5773e16bc7f6@group-10C2F7A22406-SegmentedRaftLogWorker: Starting segment from index:0
2022-11-08 06:33:35,451 [99ee034f-b39b-4991-99d2-5a13f1bd518d-server-thread2] INFO  segmented.SegmentedRaftLogWorker (SegmentedRaftLogWorker.java:startLogSegment(452)) - 99ee034f-b39b-4991-99d2-5a13f1bd518d@group-10C2F7A22406-SegmentedRaftLogWorker: Starting segment from index:0
2022-11-08 06:33:35,452 [d1e5d709-e257-453b-a807-acff1c76fb8f@group-D390D398FA22-SegmentedRaftLogWorker] INFO  segmented.SegmentedRaftLogWorker (SegmentedRaftLogWorker.java:execute(656)) - d1e5d709-e257-453b-a807-acff1c76fb8f@group-D390D398FA22-SegmentedRaftLogWorker: created new log segment /home/runner/work/ozone/ozone/hadoop-ozone/integration-test/target/test-dir/MiniOzoneClusterImpl-b4f26986-4eb4-4ecd-9efe-6fbc1efd26b6/datanode-0/data/ratis/89621da0-c006-468a-8101-d390d398fa22/current/log_inprogress_0
2022-11-08 06:33:35,453 [99ee034f-b39b-4991-99d2-5a13f1bd518d@group-10C2F7A22406-SegmentedRaftLogWorker] INFO  segmented.SegmentedRaftLogWorker (SegmentedRaftLogWorker.java:execute(656)) - 99ee034f-b39b-4991-99d2-5a13f1bd518d@group-10C2F7A22406-SegmentedRaftLogWorker: created new log segment /home/runner/work/ozone/ozone/hadoop-ozone/integration-test/target/test-dir/MiniOzoneClusterImpl-b4f26986-4eb4-4ecd-9efe-6fbc1efd26b6/datanode-2/data/ratis/68ac76f0-d2ad-46a9-a038-10c2f7a22406/current/log_inprogress_0
2022-11-08 06:33:35,453 [fd3bdcb5-514c-4dac-86eb-5773e16bc7f6@group-10C2F7A22406-SegmentedRaftLogWorker] INFO  segmented.SegmentedRaftLogWorker (SegmentedRaftLogWorker.java:execute(656)) - fd3bdcb5-514c-4dac-86eb-5773e16bc7f6@group-10C2F7A22406-SegmentedRaftLogWorker: created new log segment /home/runner/work/ozone/ozone/hadoop-ozone/integration-test/target/test-dir/MiniOzoneClusterImpl-b4f26986-4eb4-4ecd-9efe-6fbc1efd26b6/datanode-1/data/ratis/68ac76f0-d2ad-46a9-a038-10c2f7a22406/current/log_inprogress_0
2022-11-08 06:33:36,081 [Listener at 127.0.0.1/39611] INFO  ozone.MiniOzoneClusterImpl (MiniOzoneClusterImpl.java:lambda$waitForClusterToBeReady$0(216)) - Nodes are ready. Got 3 of 3 DN Heartbeats.
2022-11-08 06:33:36,082 [Listener at 127.0.0.1/39611] INFO  ozone.MiniOzoneClusterImpl (MiniOzoneClusterImpl.java:lambda$waitForClusterToBeReady$0(219)) - Cluster exits safe mode
2022-11-08 06:33:36,082 [Listener at 127.0.0.1/39611] INFO  ozone.MiniOzoneClusterImpl (MiniOzoneClusterImpl.java:lambda$waitForClusterToBeReady$0(221)) - SCM became leader
2022-11-08 06:33:36,083 [Listener at 127.0.0.1/39611] INFO  ozoneimpl.OzoneContainer (OzoneContainer.java:stop(400)) - Attempting to stop container services.
2022-11-08 06:33:36,086 [Listener at 127.0.0.1/39611] INFO  server.RaftServer (RaftServerProxy.java:lambda$close$6(409)) - d1e5d709-e257-453b-a807-acff1c76fb8f: close
2022-11-08 06:33:36,087 [d1e5d709-e257-453b-a807-acff1c76fb8f-impl-thread1] INFO  server.RaftServer$Division (RaftServerImpl.java:lambda$close$4(458)) - d1e5d709-e257-453b-a807-acff1c76fb8f@group-A694E237EA82: shutdown
2022-11-08 06:33:36,087 [d1e5d709-e257-453b-a807-acff1c76fb8f-impl-thread1] INFO  util.JmxRegister (JmxRegister.java:unregister(73)) - Successfully un-registered JMX Bean with object name Ratis:service=RaftServer,group=group-A694E237EA82,id=d1e5d709-e257-453b-a807-acff1c76fb8f
2022-11-08 06:33:36,087 [d1e5d709-e257-453b-a807-acff1c76fb8f-impl-thread1] INFO  impl.RoleInfo (RoleInfo.java:shutdownLeaderState(93)) - d1e5d709-e257-453b-a807-acff1c76fb8f: shutdown d1e5d709-e257-453b-a807-acff1c76fb8f@group-A694E237EA82-LeaderStateImpl
2022-11-08 06:33:36,087 [d1e5d709-e257-453b-a807-acff1c76fb8f-impl-thread2] INFO  server.RaftServer$Division (RaftServerImpl.java:lambda$close$4(458)) - d1e5d709-e257-453b-a807-acff1c76fb8f@group-D390D398FA22: shutdown
2022-11-08 06:33:36,087 [d1e5d709-e257-453b-a807-acff1c76fb8f-impl-thread1] INFO  impl.PendingRequests (PendingRequests.java:sendNotLeaderResponses(282)) - d1e5d709-e257-453b-a807-acff1c76fb8f@group-A694E237EA82-PendingRequests: sendNotLeaderResponses
2022-11-08 06:33:36,087 [Listener at 127.0.0.1/39611] INFO  server.GrpcService (GrpcService.java:closeImpl(279)) - d1e5d709-e257-453b-a807-acff1c76fb8f: shutdown server GrpcServerProtocolService now
2022-11-08 06:33:36,087 [d1e5d709-e257-453b-a807-acff1c76fb8f-impl-thread2] INFO  util.JmxRegister (JmxRegister.java:unregister(73)) - Successfully un-registered JMX Bean with object name Ratis:service=RaftServer,group=group-D390D398FA22,id=d1e5d709-e257-453b-a807-acff1c76fb8f
2022-11-08 06:33:36,087 [d1e5d709-e257-453b-a807-acff1c76fb8f-impl-thread2] INFO  impl.RoleInfo (RoleInfo.java:shutdownFollowerState(110)) - d1e5d709-e257-453b-a807-acff1c76fb8f: shutdown d1e5d709-e257-453b-a807-acff1c76fb8f@group-D390D398FA22-FollowerState
2022-11-08 06:33:36,087 [d1e5d709-e257-453b-a807-acff1c76fb8f-impl-thread1] INFO  impl.StateMachineUpdater (StateMachineUpdater.java:stopAndJoin(153)) - d1e5d709-e257-453b-a807-acff1c76fb8f@group-A694E237EA82-StateMachineUpdater: set stopIndex = 0
2022-11-08 06:33:36,087 [d1e5d709-e257-453b-a807-acff1c76fb8f@group-D390D398FA22-FollowerState] INFO  impl.FollowerState (FollowerState.java:run(152)) - d1e5d709-e257-453b-a807-acff1c76fb8f@group-D390D398FA22-FollowerState was interrupted
2022-11-08 06:33:36,090 [d1e5d709-e257-453b-a807-acff1c76fb8f-impl-thread2] INFO  impl.StateMachineUpdater (StateMachineUpdater.java:stopAndJoin(153)) - d1e5d709-e257-453b-a807-acff1c76fb8f@group-D390D398FA22-StateMachineUpdater: set stopIndex = 0
2022-11-08 06:33:36,090 [d1e5d709-e257-453b-a807-acff1c76fb8f@group-D390D398FA22-StateMachineUpdater] INFO  ratis.ContainerStateMachine (ContainerStateMachine.java:takeSnapshot(304)) - group-D390D398FA22: Taking a snapshot at:(t:2, i:0) file /home/runner/work/ozone/ozone/hadoop-ozone/integration-test/target/test-dir/MiniOzoneClusterImpl-b4f26986-4eb4-4ecd-9efe-6fbc1efd26b6/datanode-0/data/ratis/89621da0-c006-468a-8101-d390d398fa22/sm/snapshot.2_0
2022-11-08 06:33:36,090 [d1e5d709-e257-453b-a807-acff1c76fb8f-impl-thread3] INFO  server.RaftServer$Division (RaftServerImpl.java:lambda$close$4(458)) - d1e5d709-e257-453b-a807-acff1c76fb8f@group-10C2F7A22406: shutdown
2022-11-08 06:33:36,090 [d1e5d709-e257-453b-a807-acff1c76fb8f-impl-thread3] INFO  util.JmxRegister (JmxRegister.java:unregister(73)) - Successfully un-registered JMX Bean with object name Ratis:service=RaftServer,group=group-10C2F7A22406,id=d1e5d709-e257-453b-a807-acff1c76fb8f
2022-11-08 06:33:36,090 [d1e5d709-e257-453b-a807-acff1c76fb8f-impl-thread3] INFO  impl.RoleInfo (RoleInfo.java:shutdownLeaderState(93)) - d1e5d709-e257-453b-a807-acff1c76fb8f: shutdown d1e5d709-e257-453b-a807-acff1c76fb8f@group-10C2F7A22406-LeaderStateImpl
2022-11-08 06:33:36,091 [d1e5d709-e257-453b-a807-acff1c76fb8f@group-10C2F7A22406->fd3bdcb5-514c-4dac-86eb-5773e16bc7f6-GrpcLogAppender-LogAppenderDaemon] WARN  server.GrpcLogAppender (GrpcLogAppender.java:mayWait(200)) - d1e5d709-e257-453b-a807-acff1c76fb8f@group-10C2F7A22406->fd3bdcb5-514c-4dac-86eb-5773e16bc7f6-GrpcLogAppender: Wait interrupted by java.lang.InterruptedException
2022-11-08 06:33:36,091 [d1e5d709-e257-453b-a807-acff1c76fb8f@group-10C2F7A22406->99ee034f-b39b-4991-99d2-5a13f1bd518d-GrpcLogAppender-LogAppenderDaemon] WARN  server.GrpcLogAppender (GrpcLogAppender.java:mayWait(200)) - d1e5d709-e257-453b-a807-acff1c76fb8f@group-10C2F7A22406->99ee034f-b39b-4991-99d2-5a13f1bd518d-GrpcLogAppender: Wait interrupted by java.lang.InterruptedException
2022-11-08 06:33:36,091 [d1e5d709-e257-453b-a807-acff1c76fb8f-impl-thread3] INFO  impl.PendingRequests (PendingRequests.java:sendNotLeaderResponses(282)) - d1e5d709-e257-453b-a807-acff1c76fb8f@group-10C2F7A22406-PendingRequests: sendNotLeaderResponses
2022-11-08 06:33:36,091 [d1e5d709-e257-453b-a807-acff1c76fb8f-impl-thread3] INFO  impl.StateMachineUpdater (StateMachineUpdater.java:stopAndJoin(153)) - d1e5d709-e257-453b-a807-acff1c76fb8f@group-10C2F7A22406-StateMachineUpdater: set stopIndex = 0
2022-11-08 06:33:36,091 [d1e5d709-e257-453b-a807-acff1c76fb8f@group-10C2F7A22406-StateMachineUpdater] INFO  ratis.ContainerStateMachine (ContainerStateMachine.java:takeSnapshot(304)) - group-10C2F7A22406: Taking a snapshot at:(t:2, i:0) file /home/runner/work/ozone/ozone/hadoop-ozone/integration-test/target/test-dir/MiniOzoneClusterImpl-b4f26986-4eb4-4ecd-9efe-6fbc1efd26b6/datanode-0/data/ratis/68ac76f0-d2ad-46a9-a038-10c2f7a22406/sm/snapshot.2_0
2022-11-08 06:33:36,092 [grpc-default-executor-1] INFO  server.GrpcServerProtocolService (GrpcServerProtocolService.java:onCompleted(145)) - fd3bdcb5-514c-4dac-86eb-5773e16bc7f6: Completed APPEND_ENTRIES, lastRequest: d1e5d709-e257-453b-a807-acff1c76fb8f->fd3bdcb5-514c-4dac-86eb-5773e16bc7f6#1-t2,previous=(t:0, i:0),leaderCommit=0,initializing? true,entries: size=1, first=(t:2, i:0), CONFIGURATIONENTRY(current:id: "fd3bdcb5-514c-4dac-86eb-5773e16bc7f6"
address: "10.1.0.244:40815"
clientAddress: "10.1.0.244:40815"
adminAddress: "10.1.0.244:40815"
startupRole: FOLLOWER
,id: "99ee034f-b39b-4991-99d2-5a13f1bd518d"
address: "10.1.0.244:38741"
clientAddress: "10.1.0.244:38741"
adminAddress: "10.1.0.244:38741"
startupRole: FOLLOWER
,id: "d1e5d709-e257-453b-a807-acff1c76fb8f"
address: "10.1.0.244:38117"
priority: 1
clientAddress: "10.1.0.244:38117"
adminAddress: "10.1.0.244:38117"
startupRole: FOLLOWER
, old:)
2022-11-08 06:33:36,092 [grpc-default-executor-4] INFO  server.GrpcServerProtocolService (GrpcServerProtocolService.java:onCompleted(145)) - 99ee034f-b39b-4991-99d2-5a13f1bd518d: Completed APPEND_ENTRIES, lastRequest: d1e5d709-e257-453b-a807-acff1c76fb8f->99ee034f-b39b-4991-99d2-5a13f1bd518d#1-t2,previous=(t:0, i:0),leaderCommit=0,initializing? true,entries: size=1, first=(t:2, i:0), CONFIGURATIONENTRY(current:id: "fd3bdcb5-514c-4dac-86eb-5773e16bc7f6"
address: "10.1.0.244:40815"
clientAddress: "10.1.0.244:40815"
adminAddress: "10.1.0.244:40815"
startupRole: FOLLOWER
,id: "99ee034f-b39b-4991-99d2-5a13f1bd518d"
address: "10.1.0.244:38741"
clientAddress: "10.1.0.244:38741"
adminAddress: "10.1.0.244:38741"
startupRole: FOLLOWER
,id: "d1e5d709-e257-453b-a807-acff1c76fb8f"
address: "10.1.0.244:38117"
priority: 1
clientAddress: "10.1.0.244:38117"
adminAddress: "10.1.0.244:38117"
startupRole: FOLLOWER
, old:)
2022-11-08 06:33:36,093 [grpc-default-executor-7] INFO  server.GrpcServerProtocolService (GrpcServerProtocolService.java:onCompleted(145)) - 99ee034f-b39b-4991-99d2-5a13f1bd518d: Completed APPEND_ENTRIES, lastRequest: null
2022-11-08 06:33:36,093 [d1e5d709-e257-453b-a807-acff1c76fb8f@group-10C2F7A22406-StateMachineUpdater] INFO  ratis.ContainerStateMachine (ContainerStateMachine.java:takeSnapshot(315)) - group-10C2F7A22406: Finished taking a snapshot at:(t:2, i:0) file:/home/runner/work/ozone/ozone/hadoop-ozone/integration-test/target/test-dir/MiniOzoneClusterImpl-b4f26986-4eb4-4ecd-9efe-6fbc1efd26b6/datanode-0/data/ratis/68ac76f0-d2ad-46a9-a038-10c2f7a22406/sm/snapshot.2_0 took: 1 ms
2022-11-08 06:33:36,093 [d1e5d709-e257-453b-a807-acff1c76fb8f@group-10C2F7A22406-StateMachineUpdater] INFO  impl.StateMachineUpdater (StateMachineUpdater.java:takeSnapshot(287)) - d1e5d709-e257-453b-a807-acff1c76fb8f@group-10C2F7A22406-StateMachineUpdater: Took a snapshot at index 0
2022-11-08 06:33:36,093 [d1e5d709-e257-453b-a807-acff1c76fb8f@group-10C2F7A22406-StateMachineUpdater] INFO  impl.StateMachineUpdater (StateMachineUpdater.java:lambda$new$0(92)) - d1e5d709-e257-453b-a807-acff1c76fb8f@group-10C2F7A22406-StateMachineUpdater: snapshotIndex: updateIncreasingly -1 -> 0
2022-11-08 06:33:36,093 [d1e5d709-e257-453b-a807-acff1c76fb8f-impl-thread3] INFO  server.RaftServer$Division (ServerState.java:close(466)) - d1e5d709-e257-453b-a807-acff1c76fb8f@group-10C2F7A22406: closes. applyIndex: 0
2022-11-08 06:33:36,093 [d1e5d709-e257-453b-a807-acff1c76fb8f@group-10C2F7A22406-SegmentedRaftLogWorker] INFO  segmented.SegmentedRaftLogWorker (SegmentedRaftLogWorker.java:run(345)) - d1e5d709-e257-453b-a807-acff1c76fb8f@group-10C2F7A22406-SegmentedRaftLogWorker was interrupted, exiting. There are 0 tasks remaining in the queue.
2022-11-08 06:33:36,094 [grpc-default-executor-7] INFO  server.GrpcServerProtocolService (GrpcServerProtocolService.java:onCompleted(145)) - fd3bdcb5-514c-4dac-86eb-5773e16bc7f6: Completed APPEND_ENTRIES, lastRequest: null
2022-11-08 06:33:36,094 [d1e5d709-e257-453b-a807-acff1c76fb8f@group-D390D398FA22-StateMachineUpdater] INFO  ratis.ContainerStateMachine (ContainerStateMachine.java:takeSnapshot(315)) - group-D390D398FA22: Finished taking a snapshot at:(t:2, i:0) file:/home/runner/work/ozone/ozone/hadoop-ozone/integration-test/target/test-dir/MiniOzoneClusterImpl-b4f26986-4eb4-4ecd-9efe-6fbc1efd26b6/datanode-0/data/ratis/89621da0-c006-468a-8101-d390d398fa22/sm/snapshot.2_0 took: 4 ms
2022-11-08 06:33:36,094 [d1e5d709-e257-453b-a807-acff1c76fb8f@group-D390D398FA22-StateMachineUpdater] INFO  impl.StateMachineUpdater (StateMachineUpdater.java:takeSnapshot(287)) - d1e5d709-e257-453b-a807-acff1c76fb8f@group-D390D398FA22-StateMachineUpdater: Took a snapshot at index 0
2022-11-08 06:33:36,094 [d1e5d709-e257-453b-a807-acff1c76fb8f@group-D390D398FA22-StateMachineUpdater] INFO  impl.StateMachineUpdater (StateMachineUpdater.java:lambda$new$0(92)) - d1e5d709-e257-453b-a807-acff1c76fb8f@group-D390D398FA22-StateMachineUpdater: snapshotIndex: updateIncreasingly -1 -> 0
2022-11-08 06:33:36,094 [d1e5d709-e257-453b-a807-acff1c76fb8f-impl-thread2] INFO  server.RaftServer$Division (ServerState.java:close(466)) - d1e5d709-e257-453b-a807-acff1c76fb8f@group-D390D398FA22: closes. applyIndex: 0
2022-11-08 06:33:36,094 [d1e5d709-e257-453b-a807-acff1c76fb8f@group-D390D398FA22-SegmentedRaftLogWorker] INFO  segmented.SegmentedRaftLogWorker (SegmentedRaftLogWorker.java:run(345)) - d1e5d709-e257-453b-a807-acff1c76fb8f@group-D390D398FA22-SegmentedRaftLogWorker was interrupted, exiting. There are 0 tasks remaining in the queue.
2022-11-08 06:33:36,095 [grpc-default-executor-4] INFO  server.GrpcLogAppender (GrpcLogAppender.java:onCompleted(415)) - d1e5d709-e257-453b-a807-acff1c76fb8f@group-10C2F7A22406->fd3bdcb5-514c-4dac-86eb-5773e16bc7f6-AppendLogResponseHandler: follower responses appendEntries COMPLETED
2022-11-08 06:33:36,095 [grpc-default-executor-4] INFO  leader.FollowerInfo (FollowerInfoImpl.java:lambda$new$0(48)) - d1e5d709-e257-453b-a807-acff1c76fb8f@group-10C2F7A22406->fd3bdcb5-514c-4dac-86eb-5773e16bc7f6: nextIndex: updateUnconditionally 1 -> 0
2022-11-08 06:33:36,095 [grpc-default-executor-1] INFO  server.GrpcLogAppender (GrpcLogAppender.java:onCompleted(415)) - d1e5d709-e257-453b-a807-acff1c76fb8f@group-10C2F7A22406->99ee034f-b39b-4991-99d2-5a13f1bd518d-AppendLogResponseHandler: follower responses appendEntries COMPLETED
2022-11-08 06:33:36,095 [grpc-default-executor-1] INFO  leader.FollowerInfo (FollowerInfoImpl.java:lambda$new$0(48)) - d1e5d709-e257-453b-a807-acff1c76fb8f@group-10C2F7A22406->99ee034f-b39b-4991-99d2-5a13f1bd518d: nextIndex: updateUnconditionally 1 -> 0
2022-11-08 06:33:36,096 [grpc-default-executor-7] INFO  server.GrpcLogAppender (GrpcLogAppender.java:onCompleted(415)) - d1e5d709-e257-453b-a807-acff1c76fb8f@group-10C2F7A22406->fd3bdcb5-514c-4dac-86eb-5773e16bc7f6-AppendLogResponseHandler: follower responses appendEntries COMPLETED
2022-11-08 06:33:36,096 [grpc-default-executor-7] INFO  leader.FollowerInfo (FollowerInfoImpl.java:lambda$new$0(48)) - d1e5d709-e257-453b-a807-acff1c76fb8f@group-10C2F7A22406->fd3bdcb5-514c-4dac-86eb-5773e16bc7f6: nextIndex: updateUnconditionally 0 -> 0
2022-11-08 06:33:36,096 [d1e5d709-e257-453b-a807-acff1c76fb8f@group-A694E237EA82-StateMachineUpdater] INFO  ratis.ContainerStateMachine (ContainerStateMachine.java:takeSnapshot(304)) - group-A694E237EA82: Taking a snapshot at:(t:1, i:0) file /home/runner/work/ozone/ozone/hadoop-ozone/integration-test/target/test-dir/MiniOzoneClusterImpl-b4f26986-4eb4-4ecd-9efe-6fbc1efd26b6/datanode-0/data/ratis/5463439c-a236-4603-ba29-a694e237ea82/sm/snapshot.1_0
2022-11-08 06:33:36,098 [d1e5d709-e257-453b-a807-acff1c76fb8f@group-A694E237EA82-StateMachineUpdater] INFO  ratis.ContainerStateMachine (ContainerStateMachine.java:takeSnapshot(315)) - group-A694E237EA82: Finished taking a snapshot at:(t:1, i:0) file:/home/runner/work/ozone/ozone/hadoop-ozone/integration-test/target/test-dir/MiniOzoneClusterImpl-b4f26986-4eb4-4ecd-9efe-6fbc1efd26b6/datanode-0/data/ratis/5463439c-a236-4603-ba29-a694e237ea82/sm/snapshot.1_0 took: 1 ms
2022-11-08 06:33:36,098 [d1e5d709-e257-453b-a807-acff1c76fb8f@group-A694E237EA82-StateMachineUpdater] INFO  impl.StateMachineUpdater (StateMachineUpdater.java:takeSnapshot(287)) - d1e5d709-e257-453b-a807-acff1c76fb8f@group-A694E237EA82-StateMachineUpdater: Took a snapshot at index 0
2022-11-08 06:33:36,098 [d1e5d709-e257-453b-a807-acff1c76fb8f@group-A694E237EA82-StateMachineUpdater] INFO  impl.StateMachineUpdater (StateMachineUpdater.java:lambda$new$0(92)) - d1e5d709-e257-453b-a807-acff1c76fb8f@group-A694E237EA82-StateMachineUpdater: snapshotIndex: updateIncreasingly -1 -> 0
2022-11-08 06:33:36,101 [d1e5d709-e257-453b-a807-acff1c76fb8f-impl-thread1] INFO  server.RaftServer$Division (ServerState.java:close(466)) - d1e5d709-e257-453b-a807-acff1c76fb8f@group-A694E237EA82: closes. applyIndex: 0
2022-11-08 06:33:36,101 [d1e5d709-e257-453b-a807-acff1c76fb8f@group-A694E237EA82-SegmentedRaftLogWorker] INFO  segmented.SegmentedRaftLogWorker (SegmentedRaftLogWorker.java:run(345)) - d1e5d709-e257-453b-a807-acff1c76fb8f@group-A694E237EA82-SegmentedRaftLogWorker was interrupted, exiting. There are 0 tasks remaining in the queue.
2022-11-08 06:33:36,101 [grpc-default-executor-6] INFO  server.GrpcLogAppender (GrpcLogAppender.java:onCompleted(415)) - d1e5d709-e257-453b-a807-acff1c76fb8f@group-10C2F7A22406->99ee034f-b39b-4991-99d2-5a13f1bd518d-AppendLogResponseHandler: follower responses appendEntries COMPLETED
2022-11-08 06:33:36,101 [grpc-default-executor-6] INFO  leader.FollowerInfo (FollowerInfoImpl.java:lambda$new$0(48)) - d1e5d709-e257-453b-a807-acff1c76fb8f@group-10C2F7A22406->99ee034f-b39b-4991-99d2-5a13f1bd518d: nextIndex: updateUnconditionally 0 -> 0
2022-11-08 06:33:36,102 [d1e5d709-e257-453b-a807-acff1c76fb8f-impl-thread2] INFO  segmented.SegmentedRaftLogWorker (SegmentedRaftLogWorker.java:close(255)) - d1e5d709-e257-453b-a807-acff1c76fb8f@group-D390D398FA22-SegmentedRaftLogWorker close()
2022-11-08 06:33:36,102 [Listener at 127.0.0.1/39611] INFO  server.GrpcServerProtocolClient (GrpcServerProtocolClient.java:close(111)) - fd3bdcb5-514c-4dac-86eb-5773e16bc7f6 Close channels
2022-11-08 06:33:36,105 [grpc-default-executor-7] WARN  server.GrpcServerProtocolService (LogUtils.java:warn(122)) - d1e5d709-e257-453b-a807-acff1c76fb8f: installSnapshot onError, lastRequest: 99ee034f-b39b-4991-99d2-5a13f1bd518d->d1e5d709-e257-453b-a807-acff1c76fb8f#1-t2,previous=(t:0, i:0),leaderCommit=0,initializing? true,entries: size=1, first=(t:2, i:0), CONFIGURATIONENTRY(current:id: "fd3bdcb5-514c-4dac-86eb-5773e16bc7f6"
address: "10.1.0.244:40815"
clientAddress: "10.1.0.244:40815"
adminAddress: "10.1.0.244:40815"
startupRole: FOLLOWER
,id: "99ee034f-b39b-4991-99d2-5a13f1bd518d"
address: "10.1.0.244:38741"
priority: 1
clientAddress: "10.1.0.244:38741"
adminAddress: "10.1.0.244:38741"
startupRole: FOLLOWER
,id: "d1e5d709-e257-453b-a807-acff1c76fb8f"
address: "10.1.0.244:38117"
clientAddress: "10.1.0.244:38117"
adminAddress: "10.1.0.244:38117"
startupRole: FOLLOWER
, old:): org.apache.ratis.thirdparty.io.grpc.StatusRuntimeException: CANCELLED: client cancelled
2022-11-08 06:33:36,112 [grpc-default-executor-7] WARN  server.GrpcServerProtocolService (LogUtils.java:warn(122)) - d1e5d709-e257-453b-a807-acff1c76fb8f: installSnapshot onError, lastRequest: null: org.apache.ratis.thirdparty.io.grpc.StatusRuntimeException: CANCELLED: client cancelled
2022-11-08 06:33:36,112 [d1e5d709-e257-453b-a807-acff1c76fb8f-impl-thread1] INFO  segmented.SegmentedRaftLogWorker (SegmentedRaftLogWorker.java:close(255)) - d1e5d709-e257-453b-a807-acff1c76fb8f@group-A694E237EA82-SegmentedRaftLogWorker close()
2022-11-08 06:33:36,113 [d1e5d709-e257-453b-a807-acff1c76fb8f-impl-thread3] INFO  segmented.SegmentedRaftLogWorker (SegmentedRaftLogWorker.java:close(255)) - d1e5d709-e257-453b-a807-acff1c76fb8f@group-10C2F7A22406-SegmentedRaftLogWorker close()
2022-11-08 06:33:36,113 [grpc-default-executor-7] WARN  server.GrpcLogAppender (LogUtils.java:warn(122)) - 99ee034f-b39b-4991-99d2-5a13f1bd518d@group-D390D398FA22->d1e5d709-e257-453b-a807-acff1c76fb8f-AppendLogResponseHandler: Failed appendEntries: org.apache.ratis.thirdparty.io.grpc.StatusRuntimeException: CANCELLED: RST_STREAM closed stream. HTTP/2 error code: CANCEL
2022-11-08 06:33:36,113 [grpc-default-executor-7] WARN  server.GrpcLogAppender (GrpcLogAppender.java:resetClient(131)) - 99ee034f-b39b-4991-99d2-5a13f1bd518d@group-D390D398FA22->d1e5d709-e257-453b-a807-acff1c76fb8f-GrpcLogAppender: Leader has not got in touch with Follower 99ee034f-b39b-4991-99d2-5a13f1bd518d@group-D390D398FA22->d1e5d709-e257-453b-a807-acff1c76fb8f(c0,m0,n1, attendVote=true, lastRpcSendTime=689, lastRpcResponseTime=655) yet, just keep nextIndex unchanged and retry.
2022-11-08 06:33:36,118 [grpc-default-executor-7] WARN  server.GrpcLogAppender (LogUtils.java:warn(122)) - 99ee034f-b39b-4991-99d2-5a13f1bd518d@group-D390D398FA22->d1e5d709-e257-453b-a807-acff1c76fb8f-AppendLogResponseHandler: Failed appendEntries: org.apache.ratis.thirdparty.io.grpc.StatusRuntimeException: CANCELLED: RST_STREAM closed stream. HTTP/2 error code: CANCEL
2022-11-08 06:33:36,119 [grpc-default-executor-7] WARN  server.GrpcLogAppender (GrpcLogAppender.java:resetClient(131)) - 99ee034f-b39b-4991-99d2-5a13f1bd518d@group-D390D398FA22->d1e5d709-e257-453b-a807-acff1c76fb8f-GrpcLogAppender: Leader has not got in touch with Follower 99ee034f-b39b-4991-99d2-5a13f1bd518d@group-D390D398FA22->d1e5d709-e257-453b-a807-acff1c76fb8f(c0,m0,n1, attendVote=true, lastRpcSendTime=695, lastRpcResponseTime=661) yet, just keep nextIndex unchanged and retry.
2022-11-08 06:33:36,122 [Listener at 127.0.0.1/39611] INFO  server.GrpcServerProtocolClient (GrpcServerProtocolClient.java:close(111)) - 99ee034f-b39b-4991-99d2-5a13f1bd518d Close channels
2022-11-08 06:33:36,125 [Listener at 127.0.0.1/39611] INFO  server.GrpcService (GrpcService.java:closeImpl(288)) - d1e5d709-e257-453b-a807-acff1c76fb8f: shutdown server GrpcServerProtocolService successfully
2022-11-08 06:33:36,127 [JvmPauseMonitor8] INFO  util.JvmPauseMonitor (JvmPauseMonitor.java:run(111)) - JvmPauseMonitor-d1e5d709-e257-453b-a807-acff1c76fb8f: Stopped
2022-11-08 06:33:37,968 [grpc-default-executor-7] WARN  server.GrpcLogAppender (LogUtils.java:warn(122)) - 99ee034f-b39b-4991-99d2-5a13f1bd518d@group-D390D398FA22->d1e5d709-e257-453b-a807-acff1c76fb8f-AppendLogResponseHandler: Failed appendEntries: org.apache.ratis.thirdparty.io.grpc.StatusRuntimeException: UNAVAILABLE: io exception
2022-11-08 06:33:37,970 [grpc-default-executor-1] WARN  server.GrpcLogAppender (LogUtils.java:warn(122)) - 99ee034f-b39b-4991-99d2-5a13f1bd518d@group-D390D398FA22->d1e5d709-e257-453b-a807-acff1c76fb8f-AppendLogResponseHandler: Failed appendEntries: org.apache.ratis.thirdparty.io.grpc.StatusRuntimeException: UNAVAILABLE: io exception
2022-11-08 06:33:37,971 [grpc-default-executor-7] WARN  server.GrpcLogAppender (GrpcLogAppender.java:resetClient(131)) - 99ee034f-b39b-4991-99d2-5a13f1bd518d@group-D390D398FA22->d1e5d709-e257-453b-a807-acff1c76fb8f-GrpcLogAppender: Leader has not got in touch with Follower 99ee034f-b39b-4991-99d2-5a13f1bd518d@group-D390D398FA22->d1e5d709-e257-453b-a807-acff1c76fb8f(c0,m0,n1, attendVote=true, lastRpcSendTime=1, lastRpcResponseTime=2513) yet, just keep nextIndex unchanged and retry.
2022-11-08 06:33:37,972 [grpc-default-executor-1] WARN  server.GrpcLogAppender (GrpcLogAppender.java:resetClient(131)) - 99ee034f-b39b-4991-99d2-5a13f1bd518d@group-D390D398FA22->d1e5d709-e257-453b-a807-acff1c76fb8f-GrpcLogAppender: Leader has not got in touch with Follower 99ee034f-b39b-4991-99d2-5a13f1bd518d@group-D390D398FA22->d1e5d709-e257-453b-a807-acff1c76fb8f(c0,m0,n1, attendVote=true, lastRpcSendTime=3, lastRpcResponseTime=2514) yet, just keep nextIndex unchanged and retry.
2022-11-08 06:33:38,139 [Listener at 127.0.0.1/39611] INFO  volume.HddsVolume (HddsVolume.java:closeDbStore(338)) - SchemaV3 db is stopped at /home/runner/work/ozone/ozone/hadoop-ozone/integration-test/target/test-dir/MiniOzoneClusterImpl-b4f26986-4eb4-4ecd-9efe-6fbc1efd26b6/datanode-0/data-0/containers/hdds/b4f26986-4eb4-4ecd-9efe-6fbc1efd26b6/DS-6d13cae2-c8a6-4285-9dae-b805bd463183/container.db for volume DS-6d13cae2-c8a6-4285-9dae-b805bd463183
2022-11-08 06:33:38,139 [Listener at 127.0.0.1/39611] INFO  utils.BackgroundService (BackgroundService.java:shutdown(141)) - Shutting down service BlockDeletingService
2022-11-08 06:33:38,140 [Listener at 127.0.0.1/39611] INFO  utils.BackgroundService (BackgroundService.java:shutdown(141)) - Shutting down service StaleRecoveringContainerScrubbingService
2022-11-08 06:33:38,143 [Listener at 127.0.0.1/39611] INFO  statemachine.DatanodeStateMachine (DatanodeStateMachine.java:stopDaemon(593)) - Ozone container server stopped.
2022-11-08 06:33:38,152 [Listener at 127.0.0.1/39611] INFO  handler.ContextHandler (ContextHandler.java:doStop(1159)) - Stopped o.e.j.w.WebAppContext@76991b36{hddsDatanode,/,null,STOPPED}{jar:file:/home/runner/.m2/repository/org/apache/ozone/hdds-container-service/1.3.0-SNAPSHOT/hdds-container-service-1.3.0-SNAPSHOT.jar!/webapps/hddsDatanode}
2022-11-08 06:33:38,155 [Listener at 127.0.0.1/39611] INFO  server.AbstractConnector (AbstractConnector.java:doStop(383)) - Stopped ServerConnector@565e0e8f{HTTP/1.1, (http/1.1)}{0.0.0.0:0}
2022-11-08 06:33:38,155 [Listener at 127.0.0.1/39611] INFO  server.session (HouseKeeper.java:stopScavenging(149)) - node0 Stopped scavenging
2022-11-08 06:33:38,155 [Listener at 127.0.0.1/39611] INFO  handler.ContextHandler (ContextHandler.java:doStop(1159)) - Stopped o.e.j.s.ServletContextHandler@26b730f3{static,/static,jar:file:/home/runner/.m2/repository/org/apache/ozone/hdds-container-service/1.3.0-SNAPSHOT/hdds-container-service-1.3.0-SNAPSHOT.jar!/webapps/static,STOPPED}
2022-11-08 06:33:38,157 [Listener at 127.0.0.1/39611] INFO  handler.ContextHandler (ContextHandler.java:doStop(1159)) - Stopped o.e.j.s.ServletContextHandler@39e723da{logs,/logs,file:///home/runner/work/ozone/ozone/hadoop-ozone/integration-test/target/log,STOPPED}
2022-11-08 06:33:38,161 [Listener at 127.0.0.1/39611] INFO  ozoneimpl.OzoneContainer (OzoneContainer.java:stop(400)) - Attempting to stop container services.
2022-11-08 06:33:38,162 [Listener at 127.0.0.1/39611] INFO  server.RaftServer (RaftServerProxy.java:lambda$close$6(409)) - fd3bdcb5-514c-4dac-86eb-5773e16bc7f6: close
2022-11-08 06:33:38,162 [fd3bdcb5-514c-4dac-86eb-5773e16bc7f6-impl-thread1] INFO  server.RaftServer$Division (RaftServerImpl.java:lambda$close$4(458)) - fd3bdcb5-514c-4dac-86eb-5773e16bc7f6@group-9676EF610CB3: shutdown
2022-11-08 06:33:38,162 [fd3bdcb5-514c-4dac-86eb-5773e16bc7f6-impl-thread1] INFO  util.JmxRegister (JmxRegister.java:unregister(73)) - Successfully un-registered JMX Bean with object name Ratis:service=RaftServer,group=group-9676EF610CB3,id=fd3bdcb5-514c-4dac-86eb-5773e16bc7f6
2022-11-08 06:33:38,162 [fd3bdcb5-514c-4dac-86eb-5773e16bc7f6-impl-thread1] INFO  impl.RoleInfo (RoleInfo.java:shutdownLeaderState(93)) - fd3bdcb5-514c-4dac-86eb-5773e16bc7f6: shutdown fd3bdcb5-514c-4dac-86eb-5773e16bc7f6@group-9676EF610CB3-LeaderStateImpl
2022-11-08 06:33:38,162 [fd3bdcb5-514c-4dac-86eb-5773e16bc7f6-impl-thread2] INFO  server.RaftServer$Division (RaftServerImpl.java:lambda$close$4(458)) - fd3bdcb5-514c-4dac-86eb-5773e16bc7f6@group-D390D398FA22: shutdown
2022-11-08 06:33:38,163 [fd3bdcb5-514c-4dac-86eb-5773e16bc7f6-impl-thread1] INFO  impl.PendingRequests (PendingRequests.java:sendNotLeaderResponses(282)) - fd3bdcb5-514c-4dac-86eb-5773e16bc7f6@group-9676EF610CB3-PendingRequests: sendNotLeaderResponses
2022-11-08 06:33:38,163 [fd3bdcb5-514c-4dac-86eb-5773e16bc7f6-impl-thread2] INFO  util.JmxRegister (JmxRegister.java:unregister(73)) - Successfully un-registered JMX Bean with object name Ratis:service=RaftServer,group=group-D390D398FA22,id=fd3bdcb5-514c-4dac-86eb-5773e16bc7f6
2022-11-08 06:33:38,165 [fd3bdcb5-514c-4dac-86eb-5773e16bc7f6-impl-thread2] INFO  impl.RoleInfo (RoleInfo.java:shutdownFollowerState(110)) - fd3bdcb5-514c-4dac-86eb-5773e16bc7f6: shutdown fd3bdcb5-514c-4dac-86eb-5773e16bc7f6@group-D390D398FA22-FollowerState
2022-11-08 06:33:38,165 [fd3bdcb5-514c-4dac-86eb-5773e16bc7f6@group-9676EF610CB3-StateMachineUpdater] INFO  ratis.ContainerStateMachine (ContainerStateMachine.java:takeSnapshot(304)) - group-9676EF610CB3: Taking a snapshot at:(t:1, i:0) file /home/runner/work/ozone/ozone/hadoop-ozone/integration-test/target/test-dir/MiniOzoneClusterImpl-b4f26986-4eb4-4ecd-9efe-6fbc1efd26b6/datanode-1/data/ratis/6913a0da-7bb4-402d-ab00-9676ef610cb3/sm/snapshot.1_0
2022-11-08 06:33:38,163 [fd3bdcb5-514c-4dac-86eb-5773e16bc7f6-impl-thread1] INFO  impl.StateMachineUpdater (StateMachineUpdater.java:stopAndJoin(153)) - fd3bdcb5-514c-4dac-86eb-5773e16bc7f6@group-9676EF610CB3-StateMachineUpdater: set stopIndex = 0
2022-11-08 06:33:38,168 [fd3bdcb5-514c-4dac-86eb-5773e16bc7f6@group-9676EF610CB3-StateMachineUpdater] INFO  ratis.ContainerStateMachine (ContainerStateMachine.java:takeSnapshot(315)) - group-9676EF610CB3: Finished taking a snapshot at:(t:1, i:0) file:/home/runner/work/ozone/ozone/hadoop-ozone/integration-test/target/test-dir/MiniOzoneClusterImpl-b4f26986-4eb4-4ecd-9efe-6fbc1efd26b6/datanode-1/data/ratis/6913a0da-7bb4-402d-ab00-9676ef610cb3/sm/snapshot.1_0 took: 3 ms
2022-11-08 06:33:38,169 [fd3bdcb5-514c-4dac-86eb-5773e16bc7f6@group-9676EF610CB3-StateMachineUpdater] INFO  impl.StateMachineUpdater (StateMachineUpdater.java:takeSnapshot(287)) - fd3bdcb5-514c-4dac-86eb-5773e16bc7f6@group-9676EF610CB3-StateMachineUpdater: Took a snapshot at index 0
2022-11-08 06:33:38,169 [fd3bdcb5-514c-4dac-86eb-5773e16bc7f6@group-9676EF610CB3-StateMachineUpdater] INFO  impl.StateMachineUpdater (StateMachineUpdater.java:lambda$new$0(92)) - fd3bdcb5-514c-4dac-86eb-5773e16bc7f6@group-9676EF610CB3-StateMachineUpdater: snapshotIndex: updateIncreasingly -1 -> 0
2022-11-08 06:33:38,169 [fd3bdcb5-514c-4dac-86eb-5773e16bc7f6-impl-thread1] INFO  server.RaftServer$Division (ServerState.java:close(466)) - fd3bdcb5-514c-4dac-86eb-5773e16bc7f6@group-9676EF610CB3: closes. applyIndex: 0
2022-11-08 06:33:38,170 [Listener at 127.0.0.1/39611] INFO  server.GrpcService (GrpcService.java:closeImpl(279)) - fd3bdcb5-514c-4dac-86eb-5773e16bc7f6: shutdown server GrpcServerProtocolService now
2022-11-08 06:33:38,170 [fd3bdcb5-514c-4dac-86eb-5773e16bc7f6@group-9676EF610CB3-SegmentedRaftLogWorker] INFO  segmented.SegmentedRaftLogWorker (SegmentedRaftLogWorker.java:run(345)) - fd3bdcb5-514c-4dac-86eb-5773e16bc7f6@group-9676EF610CB3-SegmentedRaftLogWorker was interrupted, exiting. There are 0 tasks remaining in the queue.
2022-11-08 06:33:38,175 [fd3bdcb5-514c-4dac-86eb-5773e16bc7f6-impl-thread2] INFO  impl.StateMachineUpdater (StateMachineUpdater.java:stopAndJoin(153)) - fd3bdcb5-514c-4dac-86eb-5773e16bc7f6@group-D390D398FA22-StateMachineUpdater: set stopIndex = 0
2022-11-08 06:33:38,175 [fd3bdcb5-514c-4dac-86eb-5773e16bc7f6@group-D390D398FA22-StateMachineUpdater] INFO  ratis.ContainerStateMachine (ContainerStateMachine.java:takeSnapshot(304)) - group-D390D398FA22: Taking a snapshot at:(t:2, i:0) file /home/runner/work/ozone/ozone/hadoop-ozone/integration-test/target/test-dir/MiniOzoneClusterImpl-b4f26986-4eb4-4ecd-9efe-6fbc1efd26b6/datanode-1/data/ratis/89621da0-c006-468a-8101-d390d398fa22/sm/snapshot.2_0
2022-11-08 06:33:38,175 [fd3bdcb5-514c-4dac-86eb-5773e16bc7f6@group-D390D398FA22-FollowerState] INFO  impl.FollowerState (FollowerState.java:run(152)) - fd3bdcb5-514c-4dac-86eb-5773e16bc7f6@group-D390D398FA22-FollowerState was interrupted
2022-11-08 06:33:38,177 [fd3bdcb5-514c-4dac-86eb-5773e16bc7f6-impl-thread1] INFO  segmented.SegmentedRaftLogWorker (SegmentedRaftLogWorker.java:close(255)) - fd3bdcb5-514c-4dac-86eb-5773e16bc7f6@group-9676EF610CB3-SegmentedRaftLogWorker close()
2022-11-08 06:33:38,178 [fd3bdcb5-514c-4dac-86eb-5773e16bc7f6@group-D390D398FA22-StateMachineUpdater] INFO  ratis.ContainerStateMachine (ContainerStateMachine.java:takeSnapshot(315)) - group-D390D398FA22: Finished taking a snapshot at:(t:2, i:0) file:/home/runner/work/ozone/ozone/hadoop-ozone/integration-test/target/test-dir/MiniOzoneClusterImpl-b4f26986-4eb4-4ecd-9efe-6fbc1efd26b6/datanode-1/data/ratis/89621da0-c006-468a-8101-d390d398fa22/sm/snapshot.2_0 took: 2 ms
2022-11-08 06:33:38,178 [fd3bdcb5-514c-4dac-86eb-5773e16bc7f6@group-D390D398FA22-StateMachineUpdater] INFO  impl.StateMachineUpdater (StateMachineUpdater.java:takeSnapshot(287)) - fd3bdcb5-514c-4dac-86eb-5773e16bc7f6@group-D390D398FA22-StateMachineUpdater: Took a snapshot at index 0
2022-11-08 06:33:38,178 [fd3bdcb5-514c-4dac-86eb-5773e16bc7f6@group-D390D398FA22-StateMachineUpdater] INFO  impl.StateMachineUpdater (StateMachineUpdater.java:lambda$new$0(92)) - fd3bdcb5-514c-4dac-86eb-5773e16bc7f6@group-D390D398FA22-StateMachineUpdater: snapshotIndex: updateIncreasingly -1 -> 0
2022-11-08 06:33:38,179 [grpc-default-executor-7] WARN  server.GrpcServerProtocolService (LogUtils.java:warn(122)) - fd3bdcb5-514c-4dac-86eb-5773e16bc7f6: installSnapshot onError, lastRequest: null: org.apache.ratis.thirdparty.io.grpc.StatusRuntimeException: CANCELLED: client cancelled
2022-11-08 06:33:38,179 [grpc-default-executor-5] WARN  server.GrpcLogAppender (LogUtils.java:warn(122)) - 99ee034f-b39b-4991-99d2-5a13f1bd518d@group-D390D398FA22->fd3bdcb5-514c-4dac-86eb-5773e16bc7f6-AppendLogResponseHandler: Failed appendEntries: org.apache.ratis.thirdparty.io.grpc.StatusRuntimeException: CANCELLED: RST_STREAM closed stream. HTTP/2 error code: CANCEL
2022-11-08 06:33:38,179 [grpc-default-executor-5] WARN  server.GrpcLogAppender (GrpcLogAppender.java:resetClient(131)) - 99ee034f-b39b-4991-99d2-5a13f1bd518d@group-D390D398FA22->fd3bdcb5-514c-4dac-86eb-5773e16bc7f6-GrpcLogAppender: Leader has not got in touch with Follower 99ee034f-b39b-4991-99d2-5a13f1bd518d@group-D390D398FA22->fd3bdcb5-514c-4dac-86eb-5773e16bc7f6(c0,m0,n1, attendVote=true, lastRpcSendTime=225, lastRpcResponseTime=222) yet, just keep nextIndex unchanged and retry.
2022-11-08 06:33:38,179 [grpc-default-executor-2] WARN  server.GrpcLogAppender (LogUtils.java:warn(122)) - 99ee034f-b39b-4991-99d2-5a13f1bd518d@group-D390D398FA22->fd3bdcb5-514c-4dac-86eb-5773e16bc7f6-AppendLogResponseHandler: Failed appendEntries: org.apache.ratis.thirdparty.io.grpc.StatusRuntimeException: CANCELLED: RST_STREAM closed stream. HTTP/2 error code: CANCEL
2022-11-08 06:33:38,179 [grpc-default-executor-2] WARN  server.GrpcLogAppender (GrpcLogAppender.java:resetClient(131)) - 99ee034f-b39b-4991-99d2-5a13f1bd518d@group-D390D398FA22->fd3bdcb5-514c-4dac-86eb-5773e16bc7f6-GrpcLogAppender: Leader has not got in touch with Follower 99ee034f-b39b-4991-99d2-5a13f1bd518d@group-D390D398FA22->fd3bdcb5-514c-4dac-86eb-5773e16bc7f6(c0,m0,n1, attendVote=true, lastRpcSendTime=225, lastRpcResponseTime=222) yet, just keep nextIndex unchanged and retry.
2022-11-08 06:33:38,180 [fd3bdcb5-514c-4dac-86eb-5773e16bc7f6-impl-thread2] INFO  server.RaftServer$Division (ServerState.java:close(466)) - fd3bdcb5-514c-4dac-86eb-5773e16bc7f6@group-D390D398FA22: closes. applyIndex: 0
2022-11-08 06:33:38,180 [grpc-default-executor-4] WARN  server.GrpcServerProtocolService (LogUtils.java:warn(122)) - fd3bdcb5-514c-4dac-86eb-5773e16bc7f6: installSnapshot onError, lastRequest: 99ee034f-b39b-4991-99d2-5a13f1bd518d->fd3bdcb5-514c-4dac-86eb-5773e16bc7f6#1-t2,previous=(t:0, i:0),leaderCommit=0,initializing? true,entries: size=1, first=(t:2, i:0), CONFIGURATIONENTRY(current:id: "fd3bdcb5-514c-4dac-86eb-5773e16bc7f6"
address: "10.1.0.244:40815"
clientAddress: "10.1.0.244:40815"
adminAddress: "10.1.0.244:40815"
startupRole: FOLLOWER
,id: "99ee034f-b39b-4991-99d2-5a13f1bd518d"
address: "10.1.0.244:38741"
priority: 1
clientAddress: "10.1.0.244:38741"
adminAddress: "10.1.0.244:38741"
startupRole: FOLLOWER
,id: "d1e5d709-e257-453b-a807-acff1c76fb8f"
address: "10.1.0.244:38117"
clientAddress: "10.1.0.244:38117"
adminAddress: "10.1.0.244:38117"
startupRole: FOLLOWER
, old:): org.apache.ratis.thirdparty.io.grpc.StatusRuntimeException: CANCELLED: client cancelled
2022-11-08 06:33:38,189 [Listener at 127.0.0.1/39611] INFO  server.GrpcServerProtocolClient (GrpcServerProtocolClient.java:close(111)) - 99ee034f-b39b-4991-99d2-5a13f1bd518d Close channels
2022-11-08 06:33:38,190 [fd3bdcb5-514c-4dac-86eb-5773e16bc7f6@group-D390D398FA22-SegmentedRaftLogWorker] INFO  segmented.SegmentedRaftLogWorker (SegmentedRaftLogWorker.java:run(345)) - fd3bdcb5-514c-4dac-86eb-5773e16bc7f6@group-D390D398FA22-SegmentedRaftLogWorker was interrupted, exiting. There are 0 tasks remaining in the queue.
2022-11-08 06:33:38,198 [fd3bdcb5-514c-4dac-86eb-5773e16bc7f6-impl-thread3] INFO  server.RaftServer$Division (RaftServerImpl.java:lambda$close$4(458)) - fd3bdcb5-514c-4dac-86eb-5773e16bc7f6@group-10C2F7A22406: shutdown
2022-11-08 06:33:38,198 [fd3bdcb5-514c-4dac-86eb-5773e16bc7f6-impl-thread3] INFO  util.JmxRegister (JmxRegister.java:unregister(73)) - Successfully un-registered JMX Bean with object name Ratis:service=RaftServer,group=group-10C2F7A22406,id=fd3bdcb5-514c-4dac-86eb-5773e16bc7f6
2022-11-08 06:33:38,198 [fd3bdcb5-514c-4dac-86eb-5773e16bc7f6-impl-thread2] INFO  segmented.SegmentedRaftLogWorker (SegmentedRaftLogWorker.java:close(255)) - fd3bdcb5-514c-4dac-86eb-5773e16bc7f6@group-D390D398FA22-SegmentedRaftLogWorker close()
2022-11-08 06:33:38,198 [fd3bdcb5-514c-4dac-86eb-5773e16bc7f6-impl-thread3] INFO  impl.RoleInfo (RoleInfo.java:shutdownFollowerState(110)) - fd3bdcb5-514c-4dac-86eb-5773e16bc7f6: shutdown fd3bdcb5-514c-4dac-86eb-5773e16bc7f6@group-10C2F7A22406-FollowerState
2022-11-08 06:33:38,199 [Listener at 127.0.0.1/39611] INFO  server.GrpcServerProtocolClient (GrpcServerProtocolClient.java:close(111)) - d1e5d709-e257-453b-a807-acff1c76fb8f Close channels
2022-11-08 06:33:38,205 [fd3bdcb5-514c-4dac-86eb-5773e16bc7f6-impl-thread3] INFO  impl.StateMachineUpdater (StateMachineUpdater.java:stopAndJoin(153)) - fd3bdcb5-514c-4dac-86eb-5773e16bc7f6@group-10C2F7A22406-StateMachineUpdater: set stopIndex = 0
2022-11-08 06:33:38,206 [fd3bdcb5-514c-4dac-86eb-5773e16bc7f6@group-10C2F7A22406-FollowerState] INFO  impl.FollowerState (FollowerState.java:run(152)) - fd3bdcb5-514c-4dac-86eb-5773e16bc7f6@group-10C2F7A22406-FollowerState was interrupted
2022-11-08 06:33:38,206 [fd3bdcb5-514c-4dac-86eb-5773e16bc7f6@group-10C2F7A22406-StateMachineUpdater] INFO  ratis.ContainerStateMachine (ContainerStateMachine.java:takeSnapshot(304)) - group-10C2F7A22406: Taking a snapshot at:(t:2, i:0) file /home/runner/work/ozone/ozone/hadoop-ozone/integration-test/target/test-dir/MiniOzoneClusterImpl-b4f26986-4eb4-4ecd-9efe-6fbc1efd26b6/datanode-1/data/ratis/68ac76f0-d2ad-46a9-a038-10c2f7a22406/sm/snapshot.2_0
2022-11-08 06:33:38,207 [Listener at 127.0.0.1/39611] INFO  server.GrpcService (GrpcService.java:closeImpl(288)) - fd3bdcb5-514c-4dac-86eb-5773e16bc7f6: shutdown server GrpcServerProtocolService successfully
2022-11-08 06:33:38,207 [fd3bdcb5-514c-4dac-86eb-5773e16bc7f6@group-10C2F7A22406-StateMachineUpdater] INFO  ratis.ContainerStateMachine (ContainerStateMachine.java:takeSnapshot(315)) - group-10C2F7A22406: Finished taking a snapshot at:(t:2, i:0) file:/home/runner/work/ozone/ozone/hadoop-ozone/integration-test/target/test-dir/MiniOzoneClusterImpl-b4f26986-4eb4-4ecd-9efe-6fbc1efd26b6/datanode-1/data/ratis/68ac76f0-d2ad-46a9-a038-10c2f7a22406/sm/snapshot.2_0 took: 2 ms
2022-11-08 06:33:38,208 [fd3bdcb5-514c-4dac-86eb-5773e16bc7f6@group-10C2F7A22406-StateMachineUpdater] INFO  impl.StateMachineUpdater (StateMachineUpdater.java:takeSnapshot(287)) - fd3bdcb5-514c-4dac-86eb-5773e16bc7f6@group-10C2F7A22406-StateMachineUpdater: Took a snapshot at index 0
2022-11-08 06:33:38,208 [fd3bdcb5-514c-4dac-86eb-5773e16bc7f6@group-10C2F7A22406-StateMachineUpdater] INFO  impl.StateMachineUpdater (StateMachineUpdater.java:lambda$new$0(92)) - fd3bdcb5-514c-4dac-86eb-5773e16bc7f6@group-10C2F7A22406-StateMachineUpdater: snapshotIndex: updateIncreasingly -1 -> 0
2022-11-08 06:33:38,208 [fd3bdcb5-514c-4dac-86eb-5773e16bc7f6-impl-thread3] INFO  server.RaftServer$Division (ServerState.java:close(466)) - fd3bdcb5-514c-4dac-86eb-5773e16bc7f6@group-10C2F7A22406: closes. applyIndex: 0
2022-11-08 06:33:38,208 [fd3bdcb5-514c-4dac-86eb-5773e16bc7f6@group-10C2F7A22406-SegmentedRaftLogWorker] INFO  segmented.SegmentedRaftLogWorker (SegmentedRaftLogWorker.java:run(345)) - fd3bdcb5-514c-4dac-86eb-5773e16bc7f6@group-10C2F7A22406-SegmentedRaftLogWorker was interrupted, exiting. There are 0 tasks remaining in the queue.
2022-11-08 06:33:38,209 [fd3bdcb5-514c-4dac-86eb-5773e16bc7f6-impl-thread3] INFO  segmented.SegmentedRaftLogWorker (SegmentedRaftLogWorker.java:close(255)) - fd3bdcb5-514c-4dac-86eb-5773e16bc7f6@group-10C2F7A22406-SegmentedRaftLogWorker close()
2022-11-08 06:33:38,210 [JvmPauseMonitor9] INFO  util.JvmPauseMonitor (JvmPauseMonitor.java:run(111)) - JvmPauseMonitor-fd3bdcb5-514c-4dac-86eb-5773e16bc7f6: Stopped
2022-11-08 06:33:39,219 [grpc-default-executor-2] WARN  server.GrpcLogAppender (LogUtils.java:warn(122)) - 99ee034f-b39b-4991-99d2-5a13f1bd518d@group-D390D398FA22->d1e5d709-e257-453b-a807-acff1c76fb8f-AppendLogResponseHandler: Failed appendEntries: org.apache.ratis.thirdparty.io.grpc.StatusRuntimeException: UNAVAILABLE: io exception
2022-11-08 06:33:39,219 [grpc-default-executor-4] WARN  server.GrpcLogAppender (LogUtils.java:warn(122)) - 99ee034f-b39b-4991-99d2-5a13f1bd518d@group-D390D398FA22->d1e5d709-e257-453b-a807-acff1c76fb8f-AppendLogResponseHandler: Failed appendEntries: org.apache.ratis.thirdparty.io.grpc.StatusRuntimeException: UNAVAILABLE: io exception
2022-11-08 06:33:39,221 [grpc-default-executor-2] WARN  server.GrpcLogAppender (GrpcLogAppender.java:resetClient(131)) - 99ee034f-b39b-4991-99d2-5a13f1bd518d@group-D390D398FA22->d1e5d709-e257-453b-a807-acff1c76fb8f-GrpcLogAppender: Leader has not got in touch with Follower 99ee034f-b39b-4991-99d2-5a13f1bd518d@group-D390D398FA22->d1e5d709-e257-453b-a807-acff1c76fb8f(c0,m0,n1, attendVote=true, lastRpcSendTime=1251, lastRpcResponseTime=3763) yet, just keep nextIndex unchanged and retry.
2022-11-08 06:33:39,223 [grpc-default-executor-4] WARN  server.GrpcLogAppender (GrpcLogAppender.java:resetClient(131)) - 99ee034f-b39b-4991-99d2-5a13f1bd518d@group-D390D398FA22->d1e5d709-e257-453b-a807-acff1c76fb8f-GrpcLogAppender: Leader has not got in touch with Follower 99ee034f-b39b-4991-99d2-5a13f1bd518d@group-D390D398FA22->d1e5d709-e257-453b-a807-acff1c76fb8f(c0,m0,n1, attendVote=true, lastRpcSendTime=1254, lastRpcResponseTime=3765) yet, just keep nextIndex unchanged and retry.
2022-11-08 06:33:39,225 [grpc-default-executor-4] WARN  server.GrpcLogAppender (LogUtils.java:warn(122)) - 99ee034f-b39b-4991-99d2-5a13f1bd518d@group-D390D398FA22->d1e5d709-e257-453b-a807-acff1c76fb8f-AppendLogResponseHandler: Failed appendEntries: org.apache.ratis.thirdparty.io.grpc.StatusRuntimeException: UNAVAILABLE: io exception
2022-11-08 06:33:39,226 [grpc-default-executor-2] WARN  server.GrpcLogAppender (LogUtils.java:warn(122)) - 99ee034f-b39b-4991-99d2-5a13f1bd518d@group-D390D398FA22->d1e5d709-e257-453b-a807-acff1c76fb8f-AppendLogResponseHandler: Failed appendEntries: org.apache.ratis.thirdparty.io.grpc.StatusRuntimeException: UNAVAILABLE: io exception
2022-11-08 06:33:39,226 [grpc-default-executor-4] WARN  server.GrpcLogAppender (GrpcLogAppender.java:resetClient(131)) - 99ee034f-b39b-4991-99d2-5a13f1bd518d@group-D390D398FA22->d1e5d709-e257-453b-a807-acff1c76fb8f-GrpcLogAppender: Leader has not got in touch with Follower 99ee034f-b39b-4991-99d2-5a13f1bd518d@group-D390D398FA22->d1e5d709-e257-453b-a807-acff1c76fb8f(c0,m0,n1, attendVote=true, lastRpcSendTime=1257, lastRpcResponseTime=3768) yet, just keep nextIndex unchanged and retry.
2022-11-08 06:33:39,228 [grpc-default-executor-2] WARN  server.GrpcLogAppender (GrpcLogAppender.java:resetClient(131)) - 99ee034f-b39b-4991-99d2-5a13f1bd518d@group-D390D398FA22->d1e5d709-e257-453b-a807-acff1c76fb8f-GrpcLogAppender: Leader has not got in touch with Follower 99ee034f-b39b-4991-99d2-5a13f1bd518d@group-D390D398FA22->d1e5d709-e257-453b-a807-acff1c76fb8f(c0,m0,n1, attendVote=true, lastRpcSendTime=1259, lastRpcResponseTime=3770) yet, just keep nextIndex unchanged and retry.
2022-11-08 06:33:39,229 [grpc-default-executor-2] WARN  server.GrpcLogAppender (LogUtils.java:warn(122)) - 99ee034f-b39b-4991-99d2-5a13f1bd518d@group-D390D398FA22->d1e5d709-e257-453b-a807-acff1c76fb8f-AppendLogResponseHandler: Failed appendEntries: org.apache.ratis.thirdparty.io.grpc.StatusRuntimeException: UNAVAILABLE: io exception
2022-11-08 06:33:39,229 [grpc-default-executor-4] WARN  server.GrpcLogAppender (LogUtils.java:warn(122)) - 99ee034f-b39b-4991-99d2-5a13f1bd518d@group-D390D398FA22->d1e5d709-e257-453b-a807-acff1c76fb8f-AppendLogResponseHandler: Failed appendEntries: org.apache.ratis.thirdparty.io.grpc.StatusRuntimeException: UNAVAILABLE: io exception
2022-11-08 06:33:39,230 [grpc-default-executor-2] WARN  server.GrpcLogAppender (GrpcLogAppender.java:resetClient(131)) - 99ee034f-b39b-4991-99d2-5a13f1bd518d@group-D390D398FA22->d1e5d709-e257-453b-a807-acff1c76fb8f-GrpcLogAppender: Leader has not got in touch with Follower 99ee034f-b39b-4991-99d2-5a13f1bd518d@group-D390D398FA22->d1e5d709-e257-453b-a807-acff1c76fb8f(c0,m0,n1, attendVote=true, lastRpcSendTime=1261, lastRpcResponseTime=3772) yet, just keep nextIndex unchanged and retry.
2022-11-08 06:33:39,230 [grpc-default-executor-4] WARN  server.GrpcLogAppender (GrpcLogAppender.java:resetClient(131)) - 99ee034f-b39b-4991-99d2-5a13f1bd518d@group-D390D398FA22->d1e5d709-e257-453b-a807-acff1c76fb8f-GrpcLogAppender: Leader has not got in touch with Follower 99ee034f-b39b-4991-99d2-5a13f1bd518d@group-D390D398FA22->d1e5d709-e257-453b-a807-acff1c76fb8f(c0,m0,n1, attendVote=true, lastRpcSendTime=1261, lastRpcResponseTime=3772) yet, just keep nextIndex unchanged and retry.
2022-11-08 06:33:39,231 [grpc-default-executor-4] WARN  server.GrpcLogAppender (LogUtils.java:warn(122)) - 99ee034f-b39b-4991-99d2-5a13f1bd518d@group-D390D398FA22->d1e5d709-e257-453b-a807-acff1c76fb8f-AppendLogResponseHandler: Failed appendEntries: org.apache.ratis.thirdparty.io.grpc.StatusRuntimeException: UNAVAILABLE: io exception
2022-11-08 06:33:39,231 [grpc-default-executor-2] WARN  server.GrpcLogAppender (LogUtils.java:warn(122)) - 99ee034f-b39b-4991-99d2-5a13f1bd518d@group-D390D398FA22->d1e5d709-e257-453b-a807-acff1c76fb8f-AppendLogResponseHandler: Failed appendEntries: org.apache.ratis.thirdparty.io.grpc.StatusRuntimeException: UNAVAILABLE: io exception
2022-11-08 06:33:39,232 [grpc-default-executor-4] WARN  server.GrpcLogAppender (GrpcLogAppender.java:resetClient(131)) - 99ee034f-b39b-4991-99d2-5a13f1bd518d@group-D390D398FA22->d1e5d709-e257-453b-a807-acff1c76fb8f-GrpcLogAppender: Leader has not got in touch with Follower 99ee034f-b39b-4991-99d2-5a13f1bd518d@group-D390D398FA22->d1e5d709-e257-453b-a807-acff1c76fb8f(c0,m0,n1, attendVote=true, lastRpcSendTime=1263, lastRpcResponseTime=3774) yet, just keep nextIndex unchanged and retry.
2022-11-08 06:33:39,233 [grpc-default-executor-2] WARN  server.GrpcLogAppender (GrpcLogAppender.java:resetClient(131)) - 99ee034f-b39b-4991-99d2-5a13f1bd518d@group-D390D398FA22->d1e5d709-e257-453b-a807-acff1c76fb8f-GrpcLogAppender: Leader has not got in touch with Follower 99ee034f-b39b-4991-99d2-5a13f1bd518d@group-D390D398FA22->d1e5d709-e257-453b-a807-acff1c76fb8f(c0,m0,n1, attendVote=true, lastRpcSendTime=1264, lastRpcResponseTime=3775) yet, just keep nextIndex unchanged and retry.
2022-11-08 06:33:39,242 [grpc-default-executor-2] WARN  server.GrpcLogAppender (LogUtils.java:warn(122)) - 99ee034f-b39b-4991-99d2-5a13f1bd518d@group-D390D398FA22->d1e5d709-e257-453b-a807-acff1c76fb8f-AppendLogResponseHandler: Failed appendEntries: org.apache.ratis.thirdparty.io.grpc.StatusRuntimeException: UNAVAILABLE: io exception
2022-11-08 06:33:39,243 [grpc-default-executor-4] WARN  server.GrpcLogAppender (LogUtils.java:warn(122)) - 99ee034f-b39b-4991-99d2-5a13f1bd518d@group-D390D398FA22->d1e5d709-e257-453b-a807-acff1c76fb8f-AppendLogResponseHandler: Failed appendEntries: org.apache.ratis.thirdparty.io.grpc.StatusRuntimeException: UNAVAILABLE: io exception
2022-11-08 06:33:39,243 [grpc-default-executor-2] WARN  server.GrpcLogAppender (GrpcLogAppender.java:resetClient(131)) - 99ee034f-b39b-4991-99d2-5a13f1bd518d@group-D390D398FA22->d1e5d709-e257-453b-a807-acff1c76fb8f-GrpcLogAppender: Leader has not got in touch with Follower 99ee034f-b39b-4991-99d2-5a13f1bd518d@group-D390D398FA22->d1e5d709-e257-453b-a807-acff1c76fb8f(c0,m0,n1, attendVote=true, lastRpcSendTime=1274, lastRpcResponseTime=3785) yet, just keep nextIndex unchanged and retry.
2022-11-08 06:33:39,243 [grpc-default-executor-4] WARN  server.GrpcLogAppender (GrpcLogAppender.java:resetClient(131)) - 99ee034f-b39b-4991-99d2-5a13f1bd518d@group-D390D398FA22->d1e5d709-e257-453b-a807-acff1c76fb8f-GrpcLogAppender: Leader has not got in touch with Follower 99ee034f-b39b-4991-99d2-5a13f1bd518d@group-D390D398FA22->d1e5d709-e257-453b-a807-acff1c76fb8f(c0,m0,n1, attendVote=true, lastRpcSendTime=1274, lastRpcResponseTime=3785) yet, just keep nextIndex unchanged and retry.
2022-11-08 06:33:39,245 [grpc-default-executor-4] WARN  server.GrpcLogAppender (LogUtils.java:warn(122)) - 99ee034f-b39b-4991-99d2-5a13f1bd518d@group-D390D398FA22->d1e5d709-e257-453b-a807-acff1c76fb8f-AppendLogResponseHandler: Failed appendEntries: org.apache.ratis.thirdparty.io.grpc.StatusRuntimeException: UNAVAILABLE: io exception
2022-11-08 06:33:39,246 [grpc-default-executor-2] WARN  server.GrpcLogAppender (LogUtils.java:warn(122)) - 99ee034f-b39b-4991-99d2-5a13f1bd518d@group-D390D398FA22->d1e5d709-e257-453b-a807-acff1c76fb8f-AppendLogResponseHandler: Failed appendEntries: org.apache.ratis.thirdparty.io.grpc.StatusRuntimeException: UNAVAILABLE: io exception
2022-11-08 06:33:39,246 [grpc-default-executor-4] WARN  server.GrpcLogAppender (GrpcLogAppender.java:resetClient(131)) - 99ee034f-b39b-4991-99d2-5a13f1bd518d@group-D390D398FA22->d1e5d709-e257-453b-a807-acff1c76fb8f-GrpcLogAppender: Leader has not got in touch with Follower 99ee034f-b39b-4991-99d2-5a13f1bd518d@group-D390D398FA22->d1e5d709-e257-453b-a807-acff1c76fb8f(c0,m0,n1, attendVote=true, lastRpcSendTime=1277, lastRpcResponseTime=3788) yet, just keep nextIndex unchanged and retry.
2022-11-08 06:33:39,247 [grpc-default-executor-2] WARN  server.GrpcLogAppender (GrpcLogAppender.java:resetClient(131)) - 99ee034f-b39b-4991-99d2-5a13f1bd518d@group-D390D398FA22->d1e5d709-e257-453b-a807-acff1c76fb8f-GrpcLogAppender: Leader has not got in touch with Follower 99ee034f-b39b-4991-99d2-5a13f1bd518d@group-D390D398FA22->d1e5d709-e257-453b-a807-acff1c76fb8f(c0,m0,n1, attendVote=true, lastRpcSendTime=1278, lastRpcResponseTime=3789) yet, just keep nextIndex unchanged and retry.
2022-11-08 06:33:39,249 [grpc-default-executor-2] WARN  server.GrpcLogAppender (LogUtils.java:warn(122)) - 99ee034f-b39b-4991-99d2-5a13f1bd518d@group-D390D398FA22->d1e5d709-e257-453b-a807-acff1c76fb8f-AppendLogResponseHandler: Failed appendEntries: org.apache.ratis.thirdparty.io.grpc.StatusRuntimeException: UNAVAILABLE: io exception
2022-11-08 06:33:39,249 [grpc-default-executor-4] WARN  server.GrpcLogAppender (LogUtils.java:warn(122)) - 99ee034f-b39b-4991-99d2-5a13f1bd518d@group-D390D398FA22->d1e5d709-e257-453b-a807-acff1c76fb8f-AppendLogResponseHandler: Failed appendEntries: org.apache.ratis.thirdparty.io.grpc.StatusRuntimeException: UNAVAILABLE: io exception
2022-11-08 06:33:39,249 [grpc-default-executor-2] WARN  server.GrpcLogAppender (GrpcLogAppender.java:resetClient(131)) - 99ee034f-b39b-4991-99d2-5a13f1bd518d@group-D390D398FA22->d1e5d709-e257-453b-a807-acff1c76fb8f-GrpcLogAppender: Leader has not got in touch with Follower 99ee034f-b39b-4991-99d2-5a13f1bd518d@group-D390D398FA22->d1e5d709-e257-453b-a807-acff1c76fb8f(c0,m0,n1, attendVote=true, lastRpcSendTime=1280, lastRpcResponseTime=3791) yet, just keep nextIndex unchanged and retry.
2022-11-08 06:33:39,250 [grpc-default-executor-4] WARN  server.GrpcLogAppender (GrpcLogAppender.java:resetClient(131)) - 99ee034f-b39b-4991-99d2-5a13f1bd518d@group-D390D398FA22->d1e5d709-e257-453b-a807-acff1c76fb8f-GrpcLogAppender: Leader has not got in touch with Follower 99ee034f-b39b-4991-99d2-5a13f1bd518d@group-D390D398FA22->d1e5d709-e257-453b-a807-acff1c76fb8f(c0,m0,n1, attendVote=true, lastRpcSendTime=1280, lastRpcResponseTime=3792) yet, just keep nextIndex unchanged and retry.
2022-11-08 06:33:39,250 [grpc-default-executor-4] WARN  server.GrpcLogAppender (LogUtils.java:warn(122)) - 99ee034f-b39b-4991-99d2-5a13f1bd518d@group-D390D398FA22->d1e5d709-e257-453b-a807-acff1c76fb8f-AppendLogResponseHandler: Failed appendEntries: org.apache.ratis.thirdparty.io.grpc.StatusRuntimeException: UNAVAILABLE: io exception
2022-11-08 06:33:39,250 [grpc-default-executor-2] WARN  server.GrpcLogAppender (LogUtils.java:warn(122)) - 99ee034f-b39b-4991-99d2-5a13f1bd518d@group-D390D398FA22->d1e5d709-e257-453b-a807-acff1c76fb8f-AppendLogResponseHandler: Failed appendEntries: org.apache.ratis.thirdparty.io.grpc.StatusRuntimeException: UNAVAILABLE: io exception
2022-11-08 06:33:39,251 [grpc-default-executor-4] WARN  server.GrpcLogAppender (GrpcLogAppender.java:resetClient(131)) - 99ee034f-b39b-4991-99d2-5a13f1bd518d@group-D390D398FA22->d1e5d709-e257-453b-a807-acff1c76fb8f-GrpcLogAppender: Leader has not got in touch with Follower 99ee034f-b39b-4991-99d2-5a13f1bd518d@group-D390D398FA22->d1e5d709-e257-453b-a807-acff1c76fb8f(c0,m0,n1, attendVote=true, lastRpcSendTime=1282, lastRpcResponseTime=3793) yet, just keep nextIndex unchanged and retry.
2022-11-08 06:33:39,252 [grpc-default-executor-2] WARN  server.GrpcLogAppender (GrpcLogAppender.java:resetClient(131)) - 99ee034f-b39b-4991-99d2-5a13f1bd518d@group-D390D398FA22->d1e5d709-e257-453b-a807-acff1c76fb8f-GrpcLogAppender: Leader has not got in touch with Follower 99ee034f-b39b-4991-99d2-5a13f1bd518d@group-D390D398FA22->d1e5d709-e257-453b-a807-acff1c76fb8f(c0,m0,n1, attendVote=true, lastRpcSendTime=1283, lastRpcResponseTime=3794) yet, just keep nextIndex unchanged and retry.
2022-11-08 06:33:39,253 [grpc-default-executor-2] WARN  server.GrpcLogAppender (LogUtils.java:warn(122)) - 99ee034f-b39b-4991-99d2-5a13f1bd518d@group-D390D398FA22->d1e5d709-e257-453b-a807-acff1c76fb8f-AppendLogResponseHandler: Failed appendEntries: org.apache.ratis.thirdparty.io.grpc.StatusRuntimeException: UNAVAILABLE: io exception
2022-11-08 06:33:39,253 [grpc-default-executor-4] WARN  server.GrpcLogAppender (LogUtils.java:warn(122)) - 99ee034f-b39b-4991-99d2-5a13f1bd518d@group-D390D398FA22->d1e5d709-e257-453b-a807-acff1c76fb8f-AppendLogResponseHandler: Failed appendEntries: org.apache.ratis.thirdparty.io.grpc.StatusRuntimeException: UNAVAILABLE: io exception
2022-11-08 06:33:39,254 [grpc-default-executor-2] WARN  server.GrpcLogAppender (GrpcLogAppender.java:resetClient(131)) - 99ee034f-b39b-4991-99d2-5a13f1bd518d@group-D390D398FA22->d1e5d709-e257-453b-a807-acff1c76fb8f-GrpcLogAppender: Leader has not got in touch with Follower 99ee034f-b39b-4991-99d2-5a13f1bd518d@group-D390D398FA22->d1e5d709-e257-453b-a807-acff1c76fb8f(c0,m0,n1, attendVote=true, lastRpcSendTime=0, lastRpcResponseTime=3796) yet, just keep nextIndex unchanged and retry.
2022-11-08 06:33:39,255 [grpc-default-executor-4] WARN  server.GrpcLogAppender (GrpcLogAppender.java:resetClient(131)) - 99ee034f-b39b-4991-99d2-5a13f1bd518d@group-D390D398FA22->d1e5d709-e257-453b-a807-acff1c76fb8f-GrpcLogAppender: Leader has not got in touch with Follower 99ee034f-b39b-4991-99d2-5a13f1bd518d@group-D390D398FA22->d1e5d709-e257-453b-a807-acff1c76fb8f(c0,m0,n1, attendVote=true, lastRpcSendTime=1, lastRpcResponseTime=3797) yet, just keep nextIndex unchanged and retry.
2022-11-08 06:33:40,225 [Listener at 127.0.0.1/39611] INFO  volume.HddsVolume (HddsVolume.java:closeDbStore(338)) - SchemaV3 db is stopped at /home/runner/work/ozone/ozone/hadoop-ozone/integration-test/target/test-dir/MiniOzoneClusterImpl-b4f26986-4eb4-4ecd-9efe-6fbc1efd26b6/datanode-1/data-0/containers/hdds/b4f26986-4eb4-4ecd-9efe-6fbc1efd26b6/DS-eca9a5e7-96b7-40fa-a10d-b353667f0f5e/container.db for volume DS-eca9a5e7-96b7-40fa-a10d-b353667f0f5e
2022-11-08 06:33:40,225 [Listener at 127.0.0.1/39611] INFO  utils.BackgroundService (BackgroundService.java:shutdown(141)) - Shutting down service BlockDeletingService
2022-11-08 06:33:40,226 [Listener at 127.0.0.1/39611] INFO  utils.BackgroundService (BackgroundService.java:shutdown(141)) - Shutting down service StaleRecoveringContainerScrubbingService
2022-11-08 06:33:40,235 [Listener at 127.0.0.1/39611] INFO  statemachine.DatanodeStateMachine (DatanodeStateMachine.java:stopDaemon(593)) - Ozone container server stopped.
2022-11-08 06:33:40,248 [Listener at 127.0.0.1/39611] INFO  handler.ContextHandler (ContextHandler.java:doStop(1159)) - Stopped o.e.j.w.WebAppContext@65cb9158{hddsDatanode,/,null,STOPPED}{jar:file:/home/runner/.m2/repository/org/apache/ozone/hdds-container-service/1.3.0-SNAPSHOT/hdds-container-service-1.3.0-SNAPSHOT.jar!/webapps/hddsDatanode}
2022-11-08 06:33:40,250 [Listener at 127.0.0.1/39611] INFO  server.AbstractConnector (AbstractConnector.java:doStop(383)) - Stopped ServerConnector@31524d39{HTTP/1.1, (http/1.1)}{0.0.0.0:0}
2022-11-08 06:33:40,252 [Listener at 127.0.0.1/39611] INFO  server.session (HouseKeeper.java:stopScavenging(149)) - node0 Stopped scavenging
2022-11-08 06:33:40,252 [Listener at 127.0.0.1/39611] INFO  handler.ContextHandler (ContextHandler.java:doStop(1159)) - Stopped o.e.j.s.ServletContextHandler@7589a53a{static,/static,jar:file:/home/runner/.m2/repository/org/apache/ozone/hdds-container-service/1.3.0-SNAPSHOT/hdds-container-service-1.3.0-SNAPSHOT.jar!/webapps/static,STOPPED}
2022-11-08 06:33:40,253 [Listener at 127.0.0.1/39611] INFO  handler.ContextHandler (ContextHandler.java:doStop(1159)) - Stopped o.e.j.s.ServletContextHandler@60f66861{logs,/logs,file:///home/runner/work/ozone/ozone/hadoop-ozone/integration-test/target/log,STOPPED}
2022-11-08 06:33:40,262 [Listener at 127.0.0.1/39611] INFO  ozoneimpl.OzoneContainer (OzoneContainer.java:stop(400)) - Attempting to stop container services.
2022-11-08 06:33:40,263 [Listener at 127.0.0.1/39611] INFO  server.RaftServer (RaftServerProxy.java:lambda$close$6(409)) - 99ee034f-b39b-4991-99d2-5a13f1bd518d: close
2022-11-08 06:33:40,263 [99ee034f-b39b-4991-99d2-5a13f1bd518d-impl-thread1] INFO  server.RaftServer$Division (RaftServerImpl.java:lambda$close$4(458)) - 99ee034f-b39b-4991-99d2-5a13f1bd518d@group-D390D398FA22: shutdown
2022-11-08 06:33:40,264 [99ee034f-b39b-4991-99d2-5a13f1bd518d-impl-thread1] INFO  util.JmxRegister (JmxRegister.java:unregister(73)) - Successfully un-registered JMX Bean with object name Ratis:service=RaftServer,group=group-D390D398FA22,id=99ee034f-b39b-4991-99d2-5a13f1bd518d
2022-11-08 06:33:40,264 [99ee034f-b39b-4991-99d2-5a13f1bd518d-impl-thread1] INFO  impl.RoleInfo (RoleInfo.java:shutdownLeaderState(93)) - 99ee034f-b39b-4991-99d2-5a13f1bd518d: shutdown 99ee034f-b39b-4991-99d2-5a13f1bd518d@group-D390D398FA22-LeaderStateImpl
2022-11-08 06:33:40,268 [99ee034f-b39b-4991-99d2-5a13f1bd518d-impl-thread1] INFO  impl.PendingRequests (PendingRequests.java:sendNotLeaderResponses(282)) - 99ee034f-b39b-4991-99d2-5a13f1bd518d@group-D390D398FA22-PendingRequests: sendNotLeaderResponses
2022-11-08 06:33:40,268 [99ee034f-b39b-4991-99d2-5a13f1bd518d-impl-thread2] INFO  server.RaftServer$Division (RaftServerImpl.java:lambda$close$4(458)) - 99ee034f-b39b-4991-99d2-5a13f1bd518d@group-10C2F7A22406: shutdown
2022-11-08 06:33:40,268 [99ee034f-b39b-4991-99d2-5a13f1bd518d-impl-thread2] INFO  util.JmxRegister (JmxRegister.java:unregister(73)) - Successfully un-registered JMX Bean with object name Ratis:service=RaftServer,group=group-10C2F7A22406,id=99ee034f-b39b-4991-99d2-5a13f1bd518d
2022-11-08 06:33:40,268 [99ee034f-b39b-4991-99d2-5a13f1bd518d-impl-thread2] INFO  impl.RoleInfo (RoleInfo.java:shutdownFollowerState(110)) - 99ee034f-b39b-4991-99d2-5a13f1bd518d: shutdown 99ee034f-b39b-4991-99d2-5a13f1bd518d@group-10C2F7A22406-FollowerState
2022-11-08 06:33:40,268 [Listener at 127.0.0.1/39611] INFO  server.GrpcService (GrpcService.java:closeImpl(279)) - 99ee034f-b39b-4991-99d2-5a13f1bd518d: shutdown server GrpcServerProtocolService now
2022-11-08 06:33:40,269 [99ee034f-b39b-4991-99d2-5a13f1bd518d@group-D390D398FA22-StateMachineUpdater] INFO  ratis.ContainerStateMachine (ContainerStateMachine.java:takeSnapshot(304)) - group-D390D398FA22: Taking a snapshot at:(t:2, i:0) file /home/runner/work/ozone/ozone/hadoop-ozone/integration-test/target/test-dir/MiniOzoneClusterImpl-b4f26986-4eb4-4ecd-9efe-6fbc1efd26b6/datanode-2/data/ratis/89621da0-c006-468a-8101-d390d398fa22/sm/snapshot.2_0
2022-11-08 06:33:40,269 [99ee034f-b39b-4991-99d2-5a13f1bd518d@group-10C2F7A22406-FollowerState] INFO  impl.FollowerState (FollowerState.java:run(152)) - 99ee034f-b39b-4991-99d2-5a13f1bd518d@group-10C2F7A22406-FollowerState was interrupted
2022-11-08 06:33:40,269 [99ee034f-b39b-4991-99d2-5a13f1bd518d@group-10C2F7A22406-StateMachineUpdater] INFO  ratis.ContainerStateMachine (ContainerStateMachine.java:takeSnapshot(304)) - group-10C2F7A22406: Taking a snapshot at:(t:2, i:0) file /home/runner/work/ozone/ozone/hadoop-ozone/integration-test/target/test-dir/MiniOzoneClusterImpl-b4f26986-4eb4-4ecd-9efe-6fbc1efd26b6/datanode-2/data/ratis/68ac76f0-d2ad-46a9-a038-10c2f7a22406/sm/snapshot.2_0
2022-11-08 06:33:40,269 [99ee034f-b39b-4991-99d2-5a13f1bd518d-impl-thread2] INFO  impl.StateMachineUpdater (StateMachineUpdater.java:stopAndJoin(153)) - 99ee034f-b39b-4991-99d2-5a13f1bd518d@group-10C2F7A22406-StateMachineUpdater: set stopIndex = 0
2022-11-08 06:33:40,270 [99ee034f-b39b-4991-99d2-5a13f1bd518d-impl-thread3] INFO  server.RaftServer$Division (RaftServerImpl.java:lambda$close$4(458)) - 99ee034f-b39b-4991-99d2-5a13f1bd518d@group-347BA50E2C61: shutdown
2022-11-08 06:33:40,270 [99ee034f-b39b-4991-99d2-5a13f1bd518d-impl-thread3] INFO  util.JmxRegister (JmxRegister.java:unregister(73)) - Successfully un-registered JMX Bean with object name Ratis:service=RaftServer,group=group-347BA50E2C61,id=99ee034f-b39b-4991-99d2-5a13f1bd518d
2022-11-08 06:33:40,270 [99ee034f-b39b-4991-99d2-5a13f1bd518d-impl-thread3] INFO  impl.RoleInfo (RoleInfo.java:shutdownLeaderState(93)) - 99ee034f-b39b-4991-99d2-5a13f1bd518d: shutdown 99ee034f-b39b-4991-99d2-5a13f1bd518d@group-347BA50E2C61-LeaderStateImpl
2022-11-08 06:33:40,270 [99ee034f-b39b-4991-99d2-5a13f1bd518d-impl-thread3] INFO  impl.PendingRequests (PendingRequests.java:sendNotLeaderResponses(282)) - 99ee034f-b39b-4991-99d2-5a13f1bd518d@group-347BA50E2C61-PendingRequests: sendNotLeaderResponses
2022-11-08 06:33:40,271 [99ee034f-b39b-4991-99d2-5a13f1bd518d@group-D390D398FA22-StateMachineUpdater] INFO  ratis.ContainerStateMachine (ContainerStateMachine.java:takeSnapshot(315)) - group-D390D398FA22: Finished taking a snapshot at:(t:2, i:0) file:/home/runner/work/ozone/ozone/hadoop-ozone/integration-test/target/test-dir/MiniOzoneClusterImpl-b4f26986-4eb4-4ecd-9efe-6fbc1efd26b6/datanode-2/data/ratis/89621da0-c006-468a-8101-d390d398fa22/sm/snapshot.2_0 took: 2 ms
2022-11-08 06:33:40,271 [99ee034f-b39b-4991-99d2-5a13f1bd518d@group-D390D398FA22-StateMachineUpdater] INFO  impl.StateMachineUpdater (StateMachineUpdater.java:takeSnapshot(287)) - 99ee034f-b39b-4991-99d2-5a13f1bd518d@group-D390D398FA22-StateMachineUpdater: Took a snapshot at index 0
2022-11-08 06:33:40,271 [99ee034f-b39b-4991-99d2-5a13f1bd518d@group-D390D398FA22-StateMachineUpdater] INFO  impl.StateMachineUpdater (StateMachineUpdater.java:lambda$new$0(92)) - 99ee034f-b39b-4991-99d2-5a13f1bd518d@group-D390D398FA22-StateMachineUpdater: snapshotIndex: updateIncreasingly -1 -> 0
2022-11-08 06:33:40,271 [99ee034f-b39b-4991-99d2-5a13f1bd518d@group-10C2F7A22406-StateMachineUpdater] INFO  ratis.ContainerStateMachine (ContainerStateMachine.java:takeSnapshot(315)) - group-10C2F7A22406: Finished taking a snapshot at:(t:2, i:0) file:/home/runner/work/ozone/ozone/hadoop-ozone/integration-test/target/test-dir/MiniOzoneClusterImpl-b4f26986-4eb4-4ecd-9efe-6fbc1efd26b6/datanode-2/data/ratis/68ac76f0-d2ad-46a9-a038-10c2f7a22406/sm/snapshot.2_0 took: 2 ms
2022-11-08 06:33:40,268 [99ee034f-b39b-4991-99d2-5a13f1bd518d-impl-thread1] INFO  impl.StateMachineUpdater (StateMachineUpdater.java:stopAndJoin(153)) - 99ee034f-b39b-4991-99d2-5a13f1bd518d@group-D390D398FA22-StateMachineUpdater: set stopIndex = 0
2022-11-08 06:33:40,272 [99ee034f-b39b-4991-99d2-5a13f1bd518d-impl-thread1] INFO  server.RaftServer$Division (ServerState.java:close(466)) - 99ee034f-b39b-4991-99d2-5a13f1bd518d@group-D390D398FA22: closes. applyIndex: 0
2022-11-08 06:33:40,272 [99ee034f-b39b-4991-99d2-5a13f1bd518d@group-10C2F7A22406-StateMachineUpdater] INFO  impl.StateMachineUpdater (StateMachineUpdater.java:takeSnapshot(287)) - 99ee034f-b39b-4991-99d2-5a13f1bd518d@group-10C2F7A22406-StateMachineUpdater: Took a snapshot at index 0
2022-11-08 06:33:40,272 [99ee034f-b39b-4991-99d2-5a13f1bd518d@group-10C2F7A22406-StateMachineUpdater] INFO  impl.StateMachineUpdater (StateMachineUpdater.java:lambda$new$0(92)) - 99ee034f-b39b-4991-99d2-5a13f1bd518d@group-10C2F7A22406-StateMachineUpdater: snapshotIndex: updateIncreasingly -1 -> 0
2022-11-08 06:33:40,272 [99ee034f-b39b-4991-99d2-5a13f1bd518d-impl-thread2] INFO  server.RaftServer$Division (ServerState.java:close(466)) - 99ee034f-b39b-4991-99d2-5a13f1bd518d@group-10C2F7A22406: closes. applyIndex: 0
2022-11-08 06:33:40,272 [99ee034f-b39b-4991-99d2-5a13f1bd518d@group-D390D398FA22->d1e5d709-e257-453b-a807-acff1c76fb8f-GrpcLogAppender-LogAppenderDaemon] ERROR leader.LogAppenderDaemon (LogAppenderDaemon.java:run(87)) - 99ee034f-b39b-4991-99d2-5a13f1bd518d@group-D390D398FA22->d1e5d709-e257-453b-a807-acff1c76fb8f-GrpcLogAppender-LogAppenderDaemon failed
java.lang.IllegalArgumentException: 99ee034f-b39b-4991-99d2-5a13f1bd518d@group-D390D398FA22-SegmentedRaftLog is expected to be opened but it is CLOSED
	at org.apache.ratis.util.OpenCloseState.assertOpen(OpenCloseState.java:63)
	at org.apache.ratis.server.raftlog.RaftLogBase.checkLogState(RaftLogBase.java:111)
	at org.apache.ratis.server.raftlog.segmented.SegmentedRaftLog.getTermIndex(SegmentedRaftLog.java:323)
	at org.apache.ratis.server.leader.LogAppenderBase.getPrevious(LogAppenderBase.java:148)
	at org.apache.ratis.server.leader.LogAppenderBase.newAppendEntriesRequest(LogAppenderBase.java:168)
	at org.apache.ratis.grpc.server.GrpcLogAppender.appendLog(GrpcLogAppender.java:271)
	at org.apache.ratis.grpc.server.GrpcLogAppender.run(GrpcLogAppender.java:168)
	at org.apache.ratis.server.leader.LogAppenderDaemon.run(LogAppenderDaemon.java:78)
	at java.lang.Thread.run(Thread.java:750)
Caused by: org.apache.ratis.util.OpenCloseState$CloseTrace: Close 99ee034f-b39b-4991-99d2-5a13f1bd518d@group-D390D398FA22-SegmentedRaftLog
	at org.apache.ratis.util.OpenCloseState.lambda$close$1(OpenCloseState.java:109)
	at java.util.concurrent.atomic.AtomicReference.getAndUpdate(AtomicReference.java:160)
	at org.apache.ratis.util.OpenCloseState.close(OpenCloseState.java:109)
	at org.apache.ratis.server.raftlog.RaftLogBase.close(RaftLogBase.java:365)
	at org.apache.ratis.server.raftlog.segmented.SegmentedRaftLog.close(SegmentedRaftLog.java:506)
	at org.apache.ratis.server.impl.ServerState.close(ServerState.java:468)
	at org.apache.ratis.server.impl.RaftServerImpl.lambda$close$4(RaftServerImpl.java:480)
	at org.apache.ratis.util.LifeCycle.lambda$checkStateAndClose$4(LifeCycle.java:299)
	at org.apache.ratis.util.LifeCycle.checkStateAndClose(LifeCycle.java:319)
	at org.apache.ratis.util.LifeCycle.checkStateAndClose(LifeCycle.java:297)
	at org.apache.ratis.server.impl.RaftServerImpl.close(RaftServerImpl.java:457)
	at org.apache.ratis.server.impl.RaftServerProxy$ImplMap.close(RaftServerProxy.java:132)
	at org.apache.ratis.server.impl.RaftServerProxy$ImplMap.lambda$close$0(RaftServerProxy.java:119)
	at org.apache.ratis.util.ConcurrentUtils.accept(ConcurrentUtils.java:173)
	at org.apache.ratis.util.ConcurrentUtils.lambda$null$3(ConcurrentUtils.java:165)
	at java.util.concurrent.ThreadPoolExecutor.runWorker(ThreadPoolExecutor.java:1149)
	at java.util.concurrent.ThreadPoolExecutor$Worker.run(ThreadPoolExecutor.java:624)
	... 1 more
2022-11-08 06:33:40,274 [99ee034f-b39b-4991-99d2-5a13f1bd518d@group-D390D398FA22-SegmentedRaftLogWorker] INFO  segmented.SegmentedRaftLogWorker (SegmentedRaftLogWorker.java:run(345)) - 99ee034f-b39b-4991-99d2-5a13f1bd518d@group-D390D398FA22-SegmentedRaftLogWorker was interrupted, exiting. There are 0 tasks remaining in the queue.
2022-11-08 06:33:40,274 [99ee034f-b39b-4991-99d2-5a13f1bd518d@group-10C2F7A22406-SegmentedRaftLogWorker] INFO  segmented.SegmentedRaftLogWorker (SegmentedRaftLogWorker.java:run(345)) - 99ee034f-b39b-4991-99d2-5a13f1bd518d@group-10C2F7A22406-SegmentedRaftLogWorker was interrupted, exiting. There are 0 tasks remaining in the queue.
2022-11-08 06:33:40,275 [99ee034f-b39b-4991-99d2-5a13f1bd518d-impl-thread1] INFO  segmented.SegmentedRaftLogWorker (SegmentedRaftLogWorker.java:close(255)) - 99ee034f-b39b-4991-99d2-5a13f1bd518d@group-D390D398FA22-SegmentedRaftLogWorker close()
2022-11-08 06:33:40,277 [Listener at 127.0.0.1/39611] INFO  server.GrpcServerProtocolClient (GrpcServerProtocolClient.java:close(111)) - fd3bdcb5-514c-4dac-86eb-5773e16bc7f6 Close channels
2022-11-08 06:33:40,278 [99ee034f-b39b-4991-99d2-5a13f1bd518d-impl-thread2] INFO  segmented.SegmentedRaftLogWorker (SegmentedRaftLogWorker.java:close(255)) - 99ee034f-b39b-4991-99d2-5a13f1bd518d@group-10C2F7A22406-SegmentedRaftLogWorker close()
2022-11-08 06:33:40,278 [99ee034f-b39b-4991-99d2-5a13f1bd518d-impl-thread3] INFO  impl.StateMachineUpdater (StateMachineUpdater.java:stopAndJoin(153)) - 99ee034f-b39b-4991-99d2-5a13f1bd518d@group-347BA50E2C61-StateMachineUpdater: set stopIndex = 0
2022-11-08 06:33:40,278 [99ee034f-b39b-4991-99d2-5a13f1bd518d@group-347BA50E2C61-StateMachineUpdater] INFO  ratis.ContainerStateMachine (ContainerStateMachine.java:takeSnapshot(304)) - group-347BA50E2C61: Taking a snapshot at:(t:1, i:0) file /home/runner/work/ozone/ozone/hadoop-ozone/integration-test/target/test-dir/MiniOzoneClusterImpl-b4f26986-4eb4-4ecd-9efe-6fbc1efd26b6/datanode-2/data/ratis/5f5358c9-4e19-4da4-878b-347ba50e2c61/sm/snapshot.1_0
2022-11-08 06:33:40,279 [Listener at 127.0.0.1/39611] INFO  server.GrpcServerProtocolClient (GrpcServerProtocolClient.java:close(111)) - d1e5d709-e257-453b-a807-acff1c76fb8f Close channels
2022-11-08 06:33:40,280 [99ee034f-b39b-4991-99d2-5a13f1bd518d@group-347BA50E2C61-StateMachineUpdater] INFO  ratis.ContainerStateMachine (ContainerStateMachine.java:takeSnapshot(315)) - group-347BA50E2C61: Finished taking a snapshot at:(t:1, i:0) file:/home/runner/work/ozone/ozone/hadoop-ozone/integration-test/target/test-dir/MiniOzoneClusterImpl-b4f26986-4eb4-4ecd-9efe-6fbc1efd26b6/datanode-2/data/ratis/5f5358c9-4e19-4da4-878b-347ba50e2c61/sm/snapshot.1_0 took: 1 ms
2022-11-08 06:33:40,281 [Listener at 127.0.0.1/39611] INFO  server.GrpcService (GrpcService.java:closeImpl(288)) - 99ee034f-b39b-4991-99d2-5a13f1bd518d: shutdown server GrpcServerProtocolService successfully
2022-11-08 06:33:40,281 [99ee034f-b39b-4991-99d2-5a13f1bd518d@group-347BA50E2C61-StateMachineUpdater] INFO  impl.StateMachineUpdater (StateMachineUpdater.java:takeSnapshot(287)) - 99ee034f-b39b-4991-99d2-5a13f1bd518d@group-347BA50E2C61-StateMachineUpdater: Took a snapshot at index 0
2022-11-08 06:33:40,281 [99ee034f-b39b-4991-99d2-5a13f1bd518d@group-347BA50E2C61-StateMachineUpdater] INFO  impl.StateMachineUpdater (StateMachineUpdater.java:lambda$new$0(92)) - 99ee034f-b39b-4991-99d2-5a13f1bd518d@group-347BA50E2C61-StateMachineUpdater: snapshotIndex: updateIncreasingly -1 -> 0
2022-11-08 06:33:40,281 [99ee034f-b39b-4991-99d2-5a13f1bd518d-impl-thread3] INFO  server.RaftServer$Division (ServerState.java:close(466)) - 99ee034f-b39b-4991-99d2-5a13f1bd518d@group-347BA50E2C61: closes. applyIndex: 0
2022-11-08 06:33:40,281 [99ee034f-b39b-4991-99d2-5a13f1bd518d@group-347BA50E2C61-SegmentedRaftLogWorker] INFO  segmented.SegmentedRaftLogWorker (SegmentedRaftLogWorker.java:run(345)) - 99ee034f-b39b-4991-99d2-5a13f1bd518d@group-347BA50E2C61-SegmentedRaftLogWorker was interrupted, exiting. There are 0 tasks remaining in the queue.
2022-11-08 06:33:40,284 [99ee034f-b39b-4991-99d2-5a13f1bd518d-impl-thread3] INFO  segmented.SegmentedRaftLogWorker (SegmentedRaftLogWorker.java:close(255)) - 99ee034f-b39b-4991-99d2-5a13f1bd518d@group-347BA50E2C61-SegmentedRaftLogWorker close()
2022-11-08 06:33:40,284 [JvmPauseMonitor10] INFO  util.JvmPauseMonitor (JvmPauseMonitor.java:run(111)) - JvmPauseMonitor-99ee034f-b39b-4991-99d2-5a13f1bd518d: Stopped
2022-11-08 06:33:41,782 [EventQueue-StaleNodeForStaleNodeHandler] INFO  node.StaleNodeHandler (StaleNodeHandler.java:onMessage(59)) - Datanode d1e5d709-e257-453b-a807-acff1c76fb8f{ip: 10.1.0.244, host: fv-az220-111.shdwizndlbjulinwhzhdmup5sb.jx.internal.cloudapp.net, ports: [REPLICATION=42663, RATIS=38117, RATIS_ADMIN=38117, RATIS_SERVER=38117, STANDALONE=36453], networkLocation: /default-rack, certSerialId: null, persistedOpState: IN_SERVICE, persistedOpStateExpiryEpochSec: 0} moved to stale state. Finalizing its pipelines [PipelineID=5463439c-a236-4603-ba29-a694e237ea82, PipelineID=89621da0-c006-468a-8101-d390d398fa22, PipelineID=68ac76f0-d2ad-46a9-a038-10c2f7a22406]
2022-11-08 06:33:41,783 [EventQueue-StaleNodeForStaleNodeHandler] INFO  pipeline.PipelineManagerImpl (PipelineManagerImpl.java:closePipeline(442)) - Pipeline Pipeline[ Id: 5463439c-a236-4603-ba29-a694e237ea82, Nodes: d1e5d709-e257-453b-a807-acff1c76fb8f{ip: 10.1.0.244, host: fv-az220-111.shdwizndlbjulinwhzhdmup5sb.jx.internal.cloudapp.net, ports: [REPLICATION=42663, RATIS=38117, RATIS_ADMIN=38117, RATIS_SERVER=38117, STANDALONE=36453], networkLocation: /default-rack, certSerialId: null, persistedOpState: IN_SERVICE, persistedOpStateExpiryEpochSec: 0}, ReplicationConfig: RATIS/ONE, State:OPEN, leaderId:d1e5d709-e257-453b-a807-acff1c76fb8f, CreationTimestamp2022-11-08T06:33:22.082Z[Etc/UTC]] moved to CLOSED state
2022-11-08 06:33:41,783 [EventQueue-StaleNodeForStaleNodeHandler] INFO  pipeline.PipelineManagerImpl (PipelineManagerImpl.java:closePipeline(442)) - Pipeline Pipeline[ Id: 89621da0-c006-468a-8101-d390d398fa22, Nodes: d1e5d709-e257-453b-a807-acff1c76fb8f{ip: 10.1.0.244, host: fv-az220-111.shdwizndlbjulinwhzhdmup5sb.jx.internal.cloudapp.net, ports: [REPLICATION=42663, RATIS=38117, RATIS_ADMIN=38117, RATIS_SERVER=38117, STANDALONE=36453], networkLocation: /default-rack, certSerialId: null, persistedOpState: IN_SERVICE, persistedOpStateExpiryEpochSec: 0}fd3bdcb5-514c-4dac-86eb-5773e16bc7f6{ip: 10.1.0.244, host: fv-az220-111.shdwizndlbjulinwhzhdmup5sb.jx.internal.cloudapp.net, ports: [REPLICATION=40397, RATIS=40815, RATIS_ADMIN=40815, RATIS_SERVER=40815, STANDALONE=39111], networkLocation: /default-rack, certSerialId: null, persistedOpState: IN_SERVICE, persistedOpStateExpiryEpochSec: 0}99ee034f-b39b-4991-99d2-5a13f1bd518d{ip: 10.1.0.244, host: fv-az220-111.shdwizndlbjulinwhzhdmup5sb.jx.internal.cloudapp.net, ports: [REPLICATION=46789, RATIS=38741, RATIS_ADMIN=38741, RATIS_SERVER=38741, STANDALONE=34257], networkLocation: /default-rack, certSerialId: null, persistedOpState: IN_SERVICE, persistedOpStateExpiryEpochSec: 0}, ReplicationConfig: RATIS/THREE, State:OPEN, leaderId:99ee034f-b39b-4991-99d2-5a13f1bd518d, CreationTimestamp2022-11-08T06:33:23.079Z[Etc/UTC]] moved to CLOSED state
2022-11-08 06:33:41,784 [EventQueue-StaleNodeForStaleNodeHandler] INFO  pipeline.PipelineManagerImpl (PipelineManagerImpl.java:closePipeline(442)) - Pipeline Pipeline[ Id: 68ac76f0-d2ad-46a9-a038-10c2f7a22406, Nodes: 99ee034f-b39b-4991-99d2-5a13f1bd518d{ip: 10.1.0.244, host: fv-az220-111.shdwizndlbjulinwhzhdmup5sb.jx.internal.cloudapp.net, ports: [REPLICATION=46789, RATIS=38741, RATIS_ADMIN=38741, RATIS_SERVER=38741, STANDALONE=34257], networkLocation: /default-rack, certSerialId: null, persistedOpState: IN_SERVICE, persistedOpStateExpiryEpochSec: 0}fd3bdcb5-514c-4dac-86eb-5773e16bc7f6{ip: 10.1.0.244, host: fv-az220-111.shdwizndlbjulinwhzhdmup5sb.jx.internal.cloudapp.net, ports: [REPLICATION=40397, RATIS=40815, RATIS_ADMIN=40815, RATIS_SERVER=40815, STANDALONE=39111], networkLocation: /default-rack, certSerialId: null, persistedOpState: IN_SERVICE, persistedOpStateExpiryEpochSec: 0}d1e5d709-e257-453b-a807-acff1c76fb8f{ip: 10.1.0.244, host: fv-az220-111.shdwizndlbjulinwhzhdmup5sb.jx.internal.cloudapp.net, ports: [REPLICATION=42663, RATIS=38117, RATIS_ADMIN=38117, RATIS_SERVER=38117, STANDALONE=36453], networkLocation: /default-rack, certSerialId: null, persistedOpState: IN_SERVICE, persistedOpStateExpiryEpochSec: 0}, ReplicationConfig: RATIS/THREE, State:OPEN, leaderId:d1e5d709-e257-453b-a807-acff1c76fb8f, CreationTimestamp2022-11-08T06:33:23.078Z[Etc/UTC]] moved to CLOSED state
2022-11-08 06:33:42,289 [Listener at 127.0.0.1/39611] INFO  volume.HddsVolume (HddsVolume.java:closeDbStore(338)) - SchemaV3 db is stopped at /home/runner/work/ozone/ozone/hadoop-ozone/integration-test/target/test-dir/MiniOzoneClusterImpl-b4f26986-4eb4-4ecd-9efe-6fbc1efd26b6/datanode-2/data-0/containers/hdds/b4f26986-4eb4-4ecd-9efe-6fbc1efd26b6/DS-a6700826-eaf4-409f-ae9b-a543387cae47/container.db for volume DS-a6700826-eaf4-409f-ae9b-a543387cae47
2022-11-08 06:33:42,289 [Listener at 127.0.0.1/39611] INFO  utils.BackgroundService (BackgroundService.java:shutdown(141)) - Shutting down service BlockDeletingService
2022-11-08 06:33:42,291 [Listener at 127.0.0.1/39611] INFO  utils.BackgroundService (BackgroundService.java:shutdown(141)) - Shutting down service StaleRecoveringContainerScrubbingService
2022-11-08 06:33:42,292 [Listener at 127.0.0.1/39611] INFO  statemachine.DatanodeStateMachine (DatanodeStateMachine.java:stopDaemon(593)) - Ozone container server stopped.
2022-11-08 06:33:42,301 [Listener at 127.0.0.1/39611] INFO  handler.ContextHandler (ContextHandler.java:doStop(1159)) - Stopped o.e.j.w.WebAppContext@187c5844{hddsDatanode,/,null,STOPPED}{jar:file:/home/runner/.m2/repository/org/apache/ozone/hdds-container-service/1.3.0-SNAPSHOT/hdds-container-service-1.3.0-SNAPSHOT.jar!/webapps/hddsDatanode}
2022-11-08 06:33:42,302 [Listener at 127.0.0.1/39611] INFO  server.AbstractConnector (AbstractConnector.java:doStop(383)) - Stopped ServerConnector@3500ab03{HTTP/1.1, (http/1.1)}{0.0.0.0:0}
2022-11-08 06:33:42,302 [Listener at 127.0.0.1/39611] INFO  server.session (HouseKeeper.java:stopScavenging(149)) - node0 Stopped scavenging
2022-11-08 06:33:42,303 [Listener at 127.0.0.1/39611] INFO  handler.ContextHandler (ContextHandler.java:doStop(1159)) - Stopped o.e.j.s.ServletContextHandler@798f8f25{static,/static,jar:file:/home/runner/.m2/repository/org/apache/ozone/hdds-container-service/1.3.0-SNAPSHOT/hdds-container-service-1.3.0-SNAPSHOT.jar!/webapps/static,STOPPED}
2022-11-08 06:33:42,303 [Listener at 127.0.0.1/39611] INFO  handler.ContextHandler (ContextHandler.java:doStop(1159)) - Stopped o.e.j.s.ServletContextHandler@45d46151{logs,/logs,file:///home/runner/work/ozone/ozone/hadoop-ozone/integration-test/target/log,STOPPED}
2022-11-08 06:33:42,782 [EventQueue-StaleNodeForStaleNodeHandler] INFO  node.StaleNodeHandler (StaleNodeHandler.java:onMessage(59)) - Datanode fd3bdcb5-514c-4dac-86eb-5773e16bc7f6{ip: 10.1.0.244, host: fv-az220-111.shdwizndlbjulinwhzhdmup5sb.jx.internal.cloudapp.net, ports: [REPLICATION=40397, RATIS=40815, RATIS_ADMIN=40815, RATIS_SERVER=40815, STANDALONE=39111], networkLocation: /default-rack, certSerialId: null, persistedOpState: IN_SERVICE, persistedOpStateExpiryEpochSec: 0} moved to stale state. Finalizing its pipelines [PipelineID=6913a0da-7bb4-402d-ab00-9676ef610cb3, PipelineID=89621da0-c006-468a-8101-d390d398fa22, PipelineID=68ac76f0-d2ad-46a9-a038-10c2f7a22406]
2022-11-08 06:33:42,783 [EventQueue-StaleNodeForStaleNodeHandler] INFO  pipeline.PipelineManagerImpl (PipelineManagerImpl.java:closePipeline(442)) - Pipeline Pipeline[ Id: 6913a0da-7bb4-402d-ab00-9676ef610cb3, Nodes: fd3bdcb5-514c-4dac-86eb-5773e16bc7f6{ip: 10.1.0.244, host: fv-az220-111.shdwizndlbjulinwhzhdmup5sb.jx.internal.cloudapp.net, ports: [REPLICATION=40397, RATIS=40815, RATIS_ADMIN=40815, RATIS_SERVER=40815, STANDALONE=39111], networkLocation: /default-rack, certSerialId: null, persistedOpState: IN_SERVICE, persistedOpStateExpiryEpochSec: 0}, ReplicationConfig: RATIS/ONE, State:OPEN, leaderId:fd3bdcb5-514c-4dac-86eb-5773e16bc7f6, CreationTimestamp2022-11-08T06:33:22.470Z[Etc/UTC]] moved to CLOSED state
2022-11-08 06:33:45,783 [EventQueue-StaleNodeForStaleNodeHandler] INFO  node.StaleNodeHandler (StaleNodeHandler.java:onMessage(59)) - Datanode 99ee034f-b39b-4991-99d2-5a13f1bd518d{ip: 10.1.0.244, host: fv-az220-111.shdwizndlbjulinwhzhdmup5sb.jx.internal.cloudapp.net, ports: [REPLICATION=46789, RATIS=38741, RATIS_ADMIN=38741, RATIS_SERVER=38741, STANDALONE=34257], networkLocation: /default-rack, certSerialId: null, persistedOpState: IN_SERVICE, persistedOpStateExpiryEpochSec: 0} moved to stale state. Finalizing its pipelines [PipelineID=89621da0-c006-468a-8101-d390d398fa22, PipelineID=68ac76f0-d2ad-46a9-a038-10c2f7a22406, PipelineID=5f5358c9-4e19-4da4-878b-347ba50e2c61]
2022-11-08 06:33:45,783 [EventQueue-StaleNodeForStaleNodeHandler] INFO  pipeline.PipelineManagerImpl (PipelineManagerImpl.java:closePipeline(442)) - Pipeline Pipeline[ Id: 5f5358c9-4e19-4da4-878b-347ba50e2c61, Nodes: 99ee034f-b39b-4991-99d2-5a13f1bd518d{ip: 10.1.0.244, host: fv-az220-111.shdwizndlbjulinwhzhdmup5sb.jx.internal.cloudapp.net, ports: [REPLICATION=46789, RATIS=38741, RATIS_ADMIN=38741, RATIS_SERVER=38741, STANDALONE=34257], networkLocation: /default-rack, certSerialId: null, persistedOpState: IN_SERVICE, persistedOpStateExpiryEpochSec: 0}, ReplicationConfig: RATIS/ONE, State:OPEN, leaderId:99ee034f-b39b-4991-99d2-5a13f1bd518d, CreationTimestamp2022-11-08T06:33:23.077Z[Etc/UTC]] moved to CLOSED state
2022-11-08 06:33:45,811 [Listener at 127.0.0.1/39611] ERROR pipeline.PipelinePlacementPolicy (PipelinePlacementPolicy.java:filterViableNodes(130)) - No healthy node found to allocate container.
2022-11-08 06:33:45,813 [Listener at 127.0.0.1/39611] INFO  impl.MetricsSystemImpl (MetricsSystemImpl.java:init(158)) - HddsDatanode metrics system started (again)
2022-11-08 06:33:45,862 [Listener at 127.0.0.1/39611] INFO  ozone.HddsDatanodeService (HddsDatanodeService.java:start(236)) - HddsDatanodeService host:fv-az220-111.shdwizndlbjulinwhzhdmup5sb.jx.internal.cloudapp.net ip:10.1.0.244
2022-11-08 06:33:45,880 [Listener at 127.0.0.1/39611] INFO  upgrade.AbstractLayoutVersionManager (AbstractLayoutVersionManager.java:init(83)) - Initializing Layout version manager with metadata layout = DATANODE_SCHEMA_V3 (version = 4), software layout = DATANODE_SCHEMA_V3 (version = 4)
2022-11-08 06:33:45,927 [Listener at 127.0.0.1/39611] INFO  reflections.Reflections (Reflections.java:scan(232)) - Reflections took 45 ms to scan 7 urls, producing 139 keys and 336 values 
2022-11-08 06:33:45,929 [Listener at 127.0.0.1/39611] INFO  statemachine.DatanodeStateMachine (DatanodeStateMachine.java:getEndPointTaskThreadPoolSize(245)) - Datanode State Machine Task Thread Pool size 2
2022-11-08 06:33:45,934 [Listener at 127.0.0.1/39611] INFO  volume.HddsVolume (HddsVolume.java:<init>(117)) - Creating HddsVolume: /home/runner/work/ozone/ozone/hadoop-ozone/integration-test/target/test-dir/MiniOzoneClusterImpl-b4f26986-4eb4-4ecd-9efe-6fbc1efd26b6/datanode-0/data-0/containers/hdds of storage type : DISK capacity : 9223372036854775807
2022-11-08 06:33:45,935 [Listener at 127.0.0.1/39611] INFO  volume.MutableVolumeSet (MutableVolumeSet.java:initializeVolumeSet(174)) - Added Volume : /home/runner/work/ozone/ozone/hadoop-ozone/integration-test/target/test-dir/MiniOzoneClusterImpl-b4f26986-4eb4-4ecd-9efe-6fbc1efd26b6/datanode-0/data-0/containers/hdds to VolumeSet
2022-11-08 06:33:45,935 [Listener at 127.0.0.1/39611] INFO  volume.ThrottledAsyncChecker (ThrottledAsyncChecker.java:schedule(141)) - Scheduling a check for /home/runner/work/ozone/ozone/hadoop-ozone/integration-test/target/test-dir/MiniOzoneClusterImpl-b4f26986-4eb4-4ecd-9efe-6fbc1efd26b6/datanode-0/data-0/containers/hdds
2022-11-08 06:33:45,939 [Listener at 127.0.0.1/39611] INFO  volume.StorageVolumeChecker (StorageVolumeChecker.java:checkAllVolumes(202)) - Scheduled health check for volume /home/runner/work/ozone/ozone/hadoop-ozone/integration-test/target/test-dir/MiniOzoneClusterImpl-b4f26986-4eb4-4ecd-9efe-6fbc1efd26b6/datanode-0/data-0/containers/hdds
2022-11-08 06:33:45,962 [Listener at 127.0.0.1/39611] INFO  volume.MutableVolumeSet (MutableVolumeSet.java:initializeVolumeSet(174)) - Added Volume : /home/runner/work/ozone/ozone/hadoop-ozone/integration-test/target/test-dir/MiniOzoneClusterImpl-b4f26986-4eb4-4ecd-9efe-6fbc1efd26b6/datanode-0/data/ratis to VolumeSet
2022-11-08 06:33:45,964 [Listener at 127.0.0.1/39611] INFO  volume.ThrottledAsyncChecker (ThrottledAsyncChecker.java:schedule(141)) - Scheduling a check for /home/runner/work/ozone/ozone/hadoop-ozone/integration-test/target/test-dir/MiniOzoneClusterImpl-b4f26986-4eb4-4ecd-9efe-6fbc1efd26b6/datanode-0/data/ratis
2022-11-08 06:33:45,964 [Listener at 127.0.0.1/39611] INFO  volume.StorageVolumeChecker (StorageVolumeChecker.java:checkAllVolumes(202)) - Scheduled health check for volume /home/runner/work/ozone/ozone/hadoop-ozone/integration-test/target/test-dir/MiniOzoneClusterImpl-b4f26986-4eb4-4ecd-9efe-6fbc1efd26b6/datanode-0/data/ratis
2022-11-08 06:33:45,994 [Listener at 127.0.0.1/39611] INFO  utils.DatanodeStoreCache (DatanodeStoreCache.java:addDB(58)) - Added db /home/runner/work/ozone/ozone/hadoop-ozone/integration-test/target/test-dir/MiniOzoneClusterImpl-b4f26986-4eb4-4ecd-9efe-6fbc1efd26b6/datanode-0/data-0/containers/hdds/b4f26986-4eb4-4ecd-9efe-6fbc1efd26b6/DS-6d13cae2-c8a6-4285-9dae-b805bd463183/container.db to cache
2022-11-08 06:33:45,995 [Listener at 127.0.0.1/39611] INFO  volume.HddsVolume (HddsVolume.java:loadDbStore(260)) - SchemaV3 db is loaded at /home/runner/work/ozone/ozone/hadoop-ozone/integration-test/target/test-dir/MiniOzoneClusterImpl-b4f26986-4eb4-4ecd-9efe-6fbc1efd26b6/datanode-0/data-0/containers/hdds/b4f26986-4eb4-4ecd-9efe-6fbc1efd26b6/DS-6d13cae2-c8a6-4285-9dae-b805bd463183/container.db for volume DS-6d13cae2-c8a6-4285-9dae-b805bd463183
2022-11-08 06:33:45,997 [Thread-713] INFO  ozoneimpl.ContainerReader (ContainerReader.java:readVolume(145)) - Start to verify containers on volume /home/runner/work/ozone/ozone/hadoop-ozone/integration-test/target/test-dir/MiniOzoneClusterImpl-b4f26986-4eb4-4ecd-9efe-6fbc1efd26b6/datanode-0/data-0/containers/hdds
2022-11-08 06:33:45,998 [Thread-713] INFO  ozoneimpl.ContainerReader (ContainerReader.java:readVolume(175)) - Finish verifying containers on volume /home/runner/work/ozone/ozone/hadoop-ozone/integration-test/target/test-dir/MiniOzoneClusterImpl-b4f26986-4eb4-4ecd-9efe-6fbc1efd26b6/datanode-0/data-0/containers/hdds
2022-11-08 06:33:45,998 [Listener at 127.0.0.1/39611] INFO  ozoneimpl.OzoneContainer (OzoneContainer.java:buildContainerSet(300)) - Build ContainerSet costs 0s
2022-11-08 06:33:46,001 [Listener at 127.0.0.1/39611] INFO  server.RaftServer (ConfUtils.java:logGet(46)) - raft.rpc.type = GRPC (default)
2022-11-08 06:33:46,002 [Listener at 127.0.0.1/39611] INFO  grpc.GrpcConfigKeys (ConfUtils.java:logFallback(53)) - raft.grpc.admin.host = null (fallback to raft.grpc.server.host)
2022-11-08 06:33:46,002 [Listener at 127.0.0.1/39611] INFO  grpc.GrpcConfigKeys (ConfUtils.java:logGet(46)) - raft.grpc.admin.port = 38117 (custom)
2022-11-08 06:33:46,002 [Listener at 127.0.0.1/39611] INFO  grpc.GrpcConfigKeys (ConfUtils.java:logFallback(53)) - raft.grpc.client.host = null (fallback to raft.grpc.server.host)
2022-11-08 06:33:46,002 [Listener at 127.0.0.1/39611] INFO  grpc.GrpcConfigKeys (ConfUtils.java:logGet(46)) - raft.grpc.client.port = 38117 (custom)
2022-11-08 06:33:46,002 [Listener at 127.0.0.1/39611] INFO  grpc.GrpcConfigKeys (ConfUtils.java:logGet(46)) - raft.grpc.server.host = null (default)
2022-11-08 06:33:46,002 [Listener at 127.0.0.1/39611] INFO  grpc.GrpcConfigKeys (ConfUtils.java:logGet(46)) - raft.grpc.server.port = 38117 (custom)
2022-11-08 06:33:46,002 [Listener at 127.0.0.1/39611] INFO  server.GrpcService (ConfUtils.java:logGet(46)) - raft.grpc.message.size.max = 32MB (=33554432) (custom)
2022-11-08 06:33:46,003 [Listener at 127.0.0.1/39611] INFO  server.RaftServerConfigKeys (ConfUtils.java:logGet(46)) - raft.server.log.appender.buffer.byte-limit = 33554432 (custom)
2022-11-08 06:33:46,003 [Listener at 127.0.0.1/39611] INFO  server.GrpcService (ConfUtils.java:logGet(46)) - raft.grpc.flow.control.window = 5MB (=5242880) (custom)
2022-11-08 06:33:46,003 [Listener at 127.0.0.1/39611] INFO  server.RaftServerConfigKeys (ConfUtils.java:logGet(46)) - raft.server.rpc.request.timeout = 60s (custom)
2022-11-08 06:33:46,003 [Listener at 127.0.0.1/39611] INFO  grpc.GrpcConfigKeys (ConfUtils.java:logGet(46)) - raft.grpc.server.heartbeat.channel = true (default)
2022-11-08 06:33:46,003 [Listener at 127.0.0.1/39611] INFO  grpc.GrpcConfigKeys (ConfUtils.java:logGet(46)) - raft.grpc.server.async.request.thread.pool.cached = true (default)
2022-11-08 06:33:46,003 [Listener at 127.0.0.1/39611] INFO  grpc.GrpcConfigKeys (ConfUtils.java:logGet(46)) - raft.grpc.server.async.request.thread.pool.size = 32 (default)
2022-11-08 06:33:46,005 [Listener at 127.0.0.1/39611] INFO  impl.DataStreamServerImpl (ConfUtils.java:logGet(46)) - raft.datastream.type = DISABLED (default)
2022-11-08 06:33:46,005 [Listener at 127.0.0.1/39611] INFO  server.RaftServerConfigKeys (ConfUtils.java:logGet(46)) - raft.server.threadpool.proxy.cached = true (default)
2022-11-08 06:33:46,005 [Listener at 127.0.0.1/39611] INFO  server.RaftServerConfigKeys (ConfUtils.java:logGet(46)) - raft.server.threadpool.proxy.size = 0 (default)
2022-11-08 06:33:46,006 [Listener at 127.0.0.1/39611] INFO  server.RaftServerConfigKeys (ConfUtils.java:logGet(46)) - raft.server.rpc.slowness.timeout = 300s (custom)
2022-11-08 06:33:46,006 [Listener at 127.0.0.1/39611] INFO  server.RaftServerConfigKeys (ConfUtils.java:logGet(46)) - raft.server.leaderelection.leader.step-down.wait-time = 10s (default)
2022-11-08 06:33:46,006 [Listener at 127.0.0.1/39611] INFO  server.RaftServerConfigKeys (ConfUtils.java:logGet(46)) - raft.server.storage.dir = [/home/runner/work/ozone/ozone/hadoop-ozone/integration-test/target/test-dir/MiniOzoneClusterImpl-b4f26986-4eb4-4ecd-9efe-6fbc1efd26b6/datanode-0/data/ratis] (custom)
2022-11-08 06:33:46,010 [d1e5d709-e257-453b-a807-acff1c76fb8f-impl-thread1] INFO  server.RaftServer (RaftServerProxy.java:initGroupDir(251)) - d1e5d709-e257-453b-a807-acff1c76fb8f: found a subdirectory /home/runner/work/ozone/ozone/hadoop-ozone/integration-test/target/test-dir/MiniOzoneClusterImpl-b4f26986-4eb4-4ecd-9efe-6fbc1efd26b6/datanode-0/data/ratis/89621da0-c006-468a-8101-d390d398fa22
2022-11-08 06:33:46,012 [d1e5d709-e257-453b-a807-acff1c76fb8f-impl-thread1] INFO  server.RaftServer (RaftServerProxy.java:addNew(96)) - d1e5d709-e257-453b-a807-acff1c76fb8f: addNew group-D390D398FA22:[] returns group-D390D398FA22:java.util.concurrent.CompletableFuture@e915ec3[Not completed]
2022-11-08 06:33:46,012 [d1e5d709-e257-453b-a807-acff1c76fb8f-impl-thread1] INFO  server.RaftServer (RaftServerProxy.java:initGroupDir(251)) - d1e5d709-e257-453b-a807-acff1c76fb8f: found a subdirectory /home/runner/work/ozone/ozone/hadoop-ozone/integration-test/target/test-dir/MiniOzoneClusterImpl-b4f26986-4eb4-4ecd-9efe-6fbc1efd26b6/datanode-0/data/ratis/68ac76f0-d2ad-46a9-a038-10c2f7a22406
2022-11-08 06:33:46,012 [d1e5d709-e257-453b-a807-acff1c76fb8f-impl-thread1] INFO  server.RaftServer (RaftServerProxy.java:addNew(96)) - d1e5d709-e257-453b-a807-acff1c76fb8f: addNew group-10C2F7A22406:[] returns group-10C2F7A22406:java.util.concurrent.CompletableFuture@aaedbc9[Not completed]
2022-11-08 06:33:46,013 [d1e5d709-e257-453b-a807-acff1c76fb8f-impl-thread1] INFO  server.RaftServer (RaftServerProxy.java:initGroupDir(251)) - d1e5d709-e257-453b-a807-acff1c76fb8f: found a subdirectory /home/runner/work/ozone/ozone/hadoop-ozone/integration-test/target/test-dir/MiniOzoneClusterImpl-b4f26986-4eb4-4ecd-9efe-6fbc1efd26b6/datanode-0/data/ratis/5463439c-a236-4603-ba29-a694e237ea82
2022-11-08 06:33:46,013 [d1e5d709-e257-453b-a807-acff1c76fb8f-impl-thread1] INFO  server.RaftServer (RaftServerProxy.java:addNew(96)) - d1e5d709-e257-453b-a807-acff1c76fb8f: addNew group-A694E237EA82:[] returns group-A694E237EA82:java.util.concurrent.CompletableFuture@4fac54f8[Not completed]
2022-11-08 06:33:46,014 [Listener at 127.0.0.1/39611] INFO  server.XceiverServerGrpc (XceiverServerGrpc.java:<init>(132)) - GrpcServer channel type EpollServerSocketChannel
2022-11-08 06:33:46,019 [pool-402-thread-1] INFO  server.RaftServer$Division (RaftServerImpl.java:<init>(195)) - d1e5d709-e257-453b-a807-acff1c76fb8f: new RaftServerImpl for group-D390D398FA22:[] with ContainerStateMachine:uninitialized
2022-11-08 06:33:46,019 [pool-402-thread-1] INFO  server.RaftServerConfigKeys (ConfUtils.java:logGet(46)) - raft.server.rpc.timeout.min = 5s (custom)
2022-11-08 06:33:46,019 [pool-402-thread-1] INFO  server.RaftServerConfigKeys (ConfUtils.java:logGet(46)) - raft.server.rpc.timeout.max = 5200ms (custom)
2022-11-08 06:33:46,019 [pool-402-thread-1] INFO  server.RaftServerConfigKeys (ConfUtils.java:logGet(46)) - raft.server.rpc.sleep.time = 25ms (default)
2022-11-08 06:33:46,019 [pool-402-thread-1] INFO  server.RaftServerConfigKeys (ConfUtils.java:logGet(46)) - raft.server.rpc.slowness.timeout = 300s (custom)
2022-11-08 06:33:46,019 [pool-402-thread-1] INFO  server.RaftServerConfigKeys (ConfUtils.java:logGet(46)) - raft.server.leaderelection.leader.step-down.wait-time = 10s (default)
2022-11-08 06:33:46,019 [pool-402-thread-1] INFO  server.RaftServerConfigKeys (ConfUtils.java:logGet(46)) - raft.server.sleep.deviation.threshold = 300ms (default)
2022-11-08 06:33:46,019 [pool-402-thread-1] INFO  server.RaftServer$Division (ServerState.java:<init>(118)) - d1e5d709-e257-453b-a807-acff1c76fb8f@group-D390D398FA22: ConfigurationManager, init=-1: peers:[]|listeners:[], old=null, confs=<EMPTY_MAP>
2022-11-08 06:33:46,019 [pool-402-thread-1] INFO  server.RaftServerConfigKeys (ConfUtils.java:logGet(46)) - raft.server.storage.dir = [/home/runner/work/ozone/ozone/hadoop-ozone/integration-test/target/test-dir/MiniOzoneClusterImpl-b4f26986-4eb4-4ecd-9efe-6fbc1efd26b6/datanode-0/data/ratis] (custom)
2022-11-08 06:33:46,019 [pool-402-thread-1] INFO  server.RaftServerConfigKeys (ConfUtils.java:logGet(46)) - raft.server.log.corruption.policy = EXCEPTION (default)
2022-11-08 06:33:46,019 [pool-402-thread-1] INFO  server.RaftServerConfigKeys (ConfUtils.java:logGet(46)) - raft.server.storage.free-space.min = 0MB (=0) (default)
2022-11-08 06:33:46,019 [pool-402-thread-1] INFO  server.RaftServerConfigKeys (ConfUtils.java:logGet(46)) - raft.server.notification.no-leader.timeout = 300s (custom)
2022-11-08 06:33:46,019 [pool-402-thread-1] INFO  server.RaftServerConfigKeys (ConfUtils.java:logGet(46)) - raft.server.retrycache.expirytime = 600000ms (custom)
2022-11-08 06:33:46,019 [pool-402-thread-1] INFO  server.RaftServerConfigKeys (ConfUtils.java:logGet(46)) - raft.server.retrycache.statistics.expirytime = 100μs (default)
2022-11-08 06:33:46,021 [pool-402-thread-1] INFO  server.RaftServerConfigKeys (ConfUtils.java:logGet(46)) - raft.server.log.appender.install.snapshot.enabled = false (custom)
2022-11-08 06:33:46,021 [pool-402-thread-1] INFO  server.RaftServerConfigKeys (ConfUtils.java:logGet(46)) - raft.server.threadpool.server.cached = true (default)
2022-11-08 06:33:46,021 [pool-402-thread-1] INFO  server.RaftServerConfigKeys (ConfUtils.java:logGet(46)) - raft.server.threadpool.server.size = 0 (default)
2022-11-08 06:33:46,021 [pool-402-thread-1] INFO  server.RaftServerConfigKeys (ConfUtils.java:logGet(46)) - raft.server.threadpool.client.cached = true (default)
2022-11-08 06:33:46,021 [pool-402-thread-1] INFO  server.RaftServerConfigKeys (ConfUtils.java:logGet(46)) - raft.server.threadpool.client.size = 0 (default)
2022-11-08 06:33:46,022 [pool-402-thread-1] INFO  server.RaftServer$Division (RaftServerImpl.java:<init>(195)) - d1e5d709-e257-453b-a807-acff1c76fb8f: new RaftServerImpl for group-10C2F7A22406:[] with ContainerStateMachine:uninitialized
2022-11-08 06:33:46,022 [pool-402-thread-1] INFO  server.RaftServerConfigKeys (ConfUtils.java:logGet(46)) - raft.server.rpc.timeout.min = 5s (custom)
2022-11-08 06:33:46,022 [pool-402-thread-1] INFO  server.RaftServerConfigKeys (ConfUtils.java:logGet(46)) - raft.server.rpc.timeout.max = 5200ms (custom)
2022-11-08 06:33:46,022 [pool-402-thread-1] INFO  server.RaftServerConfigKeys (ConfUtils.java:logGet(46)) - raft.server.rpc.sleep.time = 25ms (default)
2022-11-08 06:33:46,022 [pool-402-thread-1] INFO  server.RaftServerConfigKeys (ConfUtils.java:logGet(46)) - raft.server.rpc.slowness.timeout = 300s (custom)
2022-11-08 06:33:46,022 [pool-402-thread-1] INFO  server.RaftServerConfigKeys (ConfUtils.java:logGet(46)) - raft.server.leaderelection.leader.step-down.wait-time = 10s (default)
2022-11-08 06:33:46,022 [pool-402-thread-1] INFO  server.RaftServerConfigKeys (ConfUtils.java:logGet(46)) - raft.server.sleep.deviation.threshold = 300ms (default)
2022-11-08 06:33:46,022 [pool-402-thread-1] INFO  server.RaftServer$Division (ServerState.java:<init>(118)) - d1e5d709-e257-453b-a807-acff1c76fb8f@group-10C2F7A22406: ConfigurationManager, init=-1: peers:[]|listeners:[], old=null, confs=<EMPTY_MAP>
2022-11-08 06:33:46,022 [pool-402-thread-1] INFO  server.RaftServerConfigKeys (ConfUtils.java:logGet(46)) - raft.server.storage.dir = [/home/runner/work/ozone/ozone/hadoop-ozone/integration-test/target/test-dir/MiniOzoneClusterImpl-b4f26986-4eb4-4ecd-9efe-6fbc1efd26b6/datanode-0/data/ratis] (custom)
2022-11-08 06:33:46,022 [pool-402-thread-1] INFO  server.RaftServerConfigKeys (ConfUtils.java:logGet(46)) - raft.server.log.corruption.policy = EXCEPTION (default)
2022-11-08 06:33:46,022 [pool-402-thread-1] INFO  server.RaftServerConfigKeys (ConfUtils.java:logGet(46)) - raft.server.storage.free-space.min = 0MB (=0) (default)
2022-11-08 06:33:46,023 [pool-402-thread-1] INFO  server.RaftServerConfigKeys (ConfUtils.java:logGet(46)) - raft.server.notification.no-leader.timeout = 300s (custom)
2022-11-08 06:33:46,023 [pool-402-thread-1] INFO  server.RaftServerConfigKeys (ConfUtils.java:logGet(46)) - raft.server.retrycache.expirytime = 600000ms (custom)
2022-11-08 06:33:46,023 [pool-402-thread-1] INFO  server.RaftServerConfigKeys (ConfUtils.java:logGet(46)) - raft.server.retrycache.statistics.expirytime = 100μs (default)
2022-11-08 06:33:46,024 [pool-402-thread-1] INFO  server.RaftServerConfigKeys (ConfUtils.java:logGet(46)) - raft.server.log.appender.install.snapshot.enabled = false (custom)
2022-11-08 06:33:46,024 [pool-402-thread-1] INFO  server.RaftServerConfigKeys (ConfUtils.java:logGet(46)) - raft.server.threadpool.server.cached = true (default)
2022-11-08 06:33:46,024 [pool-402-thread-1] INFO  server.RaftServerConfigKeys (ConfUtils.java:logGet(46)) - raft.server.threadpool.server.size = 0 (default)
2022-11-08 06:33:46,024 [pool-402-thread-1] INFO  server.RaftServerConfigKeys (ConfUtils.java:logGet(46)) - raft.server.threadpool.client.cached = true (default)
2022-11-08 06:33:46,024 [pool-402-thread-1] INFO  server.RaftServerConfigKeys (ConfUtils.java:logGet(46)) - raft.server.threadpool.client.size = 0 (default)
2022-11-08 06:33:46,025 [pool-402-thread-1] INFO  server.RaftServer$Division (RaftServerImpl.java:<init>(195)) - d1e5d709-e257-453b-a807-acff1c76fb8f: new RaftServerImpl for group-A694E237EA82:[] with ContainerStateMachine:uninitialized
2022-11-08 06:33:46,025 [pool-402-thread-1] INFO  server.RaftServerConfigKeys (ConfUtils.java:logGet(46)) - raft.server.rpc.timeout.min = 5s (custom)
2022-11-08 06:33:46,025 [pool-402-thread-1] INFO  server.RaftServerConfigKeys (ConfUtils.java:logGet(46)) - raft.server.rpc.timeout.max = 5200ms (custom)
2022-11-08 06:33:46,025 [pool-402-thread-1] INFO  server.RaftServerConfigKeys (ConfUtils.java:logGet(46)) - raft.server.rpc.sleep.time = 25ms (default)
2022-11-08 06:33:46,025 [pool-402-thread-1] INFO  server.RaftServerConfigKeys (ConfUtils.java:logGet(46)) - raft.server.rpc.slowness.timeout = 300s (custom)
2022-11-08 06:33:46,025 [pool-402-thread-1] INFO  server.RaftServerConfigKeys (ConfUtils.java:logGet(46)) - raft.server.leaderelection.leader.step-down.wait-time = 10s (default)
2022-11-08 06:33:46,025 [pool-402-thread-1] INFO  server.RaftServerConfigKeys (ConfUtils.java:logGet(46)) - raft.server.sleep.deviation.threshold = 300ms (default)
2022-11-08 06:33:46,025 [pool-402-thread-1] INFO  server.RaftServer$Division (ServerState.java:<init>(118)) - d1e5d709-e257-453b-a807-acff1c76fb8f@group-A694E237EA82: ConfigurationManager, init=-1: peers:[]|listeners:[], old=null, confs=<EMPTY_MAP>
2022-11-08 06:33:46,025 [pool-402-thread-1] INFO  server.RaftServerConfigKeys (ConfUtils.java:logGet(46)) - raft.server.storage.dir = [/home/runner/work/ozone/ozone/hadoop-ozone/integration-test/target/test-dir/MiniOzoneClusterImpl-b4f26986-4eb4-4ecd-9efe-6fbc1efd26b6/datanode-0/data/ratis] (custom)
2022-11-08 06:33:46,025 [pool-402-thread-1] INFO  server.RaftServerConfigKeys (ConfUtils.java:logGet(46)) - raft.server.log.corruption.policy = EXCEPTION (default)
2022-11-08 06:33:46,026 [pool-402-thread-1] INFO  server.RaftServerConfigKeys (ConfUtils.java:logGet(46)) - raft.server.storage.free-space.min = 0MB (=0) (default)
2022-11-08 06:33:46,026 [pool-402-thread-1] INFO  server.RaftServerConfigKeys (ConfUtils.java:logGet(46)) - raft.server.notification.no-leader.timeout = 300s (custom)
2022-11-08 06:33:46,026 [pool-402-thread-1] INFO  server.RaftServerConfigKeys (ConfUtils.java:logGet(46)) - raft.server.retrycache.expirytime = 600000ms (custom)
2022-11-08 06:33:46,026 [pool-402-thread-1] INFO  server.RaftServerConfigKeys (ConfUtils.java:logGet(46)) - raft.server.retrycache.statistics.expirytime = 100μs (default)
2022-11-08 06:33:46,027 [pool-402-thread-1] INFO  server.RaftServerConfigKeys (ConfUtils.java:logGet(46)) - raft.server.log.appender.install.snapshot.enabled = false (custom)
2022-11-08 06:33:46,027 [pool-402-thread-1] INFO  server.RaftServerConfigKeys (ConfUtils.java:logGet(46)) - raft.server.threadpool.server.cached = true (default)
2022-11-08 06:33:46,027 [pool-402-thread-1] INFO  server.RaftServerConfigKeys (ConfUtils.java:logGet(46)) - raft.server.threadpool.server.size = 0 (default)
2022-11-08 06:33:46,027 [pool-402-thread-1] INFO  server.RaftServerConfigKeys (ConfUtils.java:logGet(46)) - raft.server.threadpool.client.cached = true (default)
2022-11-08 06:33:46,027 [pool-402-thread-1] INFO  server.RaftServerConfigKeys (ConfUtils.java:logGet(46)) - raft.server.threadpool.client.size = 0 (default)
2022-11-08 06:33:46,029 [Listener at 127.0.0.1/39611] INFO  http.BaseHttpServer (BaseHttpServer.java:newHttpServer2BuilderForOzone(213)) - Starting Web-server for hddsDatanode at: http://0.0.0.0:40277
2022-11-08 06:33:46,029 [Listener at 127.0.0.1/39611] INFO  http.BaseHttpServer (BaseHttpServer.java:<init>(108)) - Hadoop Security Enabled: false Ozone Security Enabled: false Ozone HTTP Security Enabled: false 
2022-11-08 06:33:46,031 [Listener at 127.0.0.1/39611] WARN  server.AuthenticationFilter (AuthenticationFilter.java:constructSecretProvider(240)) - Unable to initialize FileSignerSecretProvider, falling back to use random secrets. Reason: Could not read signature secret file: /home/runner/hadoop-http-auth-signature-secret
2022-11-08 06:33:46,031 [Listener at 127.0.0.1/39611] WARN  http.HttpRequestLog (HttpRequestLog.java:getRequestLog(103)) - Jetty request log can only be enabled using Log4j
2022-11-08 06:33:46,033 [Listener at 127.0.0.1/39611] INFO  http.HttpServer2 (HttpServer2.java:addGlobalFilter(1031)) - Added global filter 'safety' (class=org.apache.hadoop.hdds.server.http.HttpServer2$QuotingInputFilter)
2022-11-08 06:33:46,034 [Listener at 127.0.0.1/39611] INFO  http.HttpServer2 (HttpServer2.java:addFilter(1007)) - Added filter static_user_filter (class=org.apache.hadoop.http.lib.StaticUserWebFilter$StaticUserFilter) to context hddsDatanode
2022-11-08 06:33:46,034 [Listener at 127.0.0.1/39611] INFO  http.HttpServer2 (HttpServer2.java:addFilter(1015)) - Added filter static_user_filter (class=org.apache.hadoop.http.lib.StaticUserWebFilter$StaticUserFilter) to context logs
2022-11-08 06:33:46,034 [Listener at 127.0.0.1/39611] INFO  http.HttpServer2 (HttpServer2.java:addFilter(1015)) - Added filter static_user_filter (class=org.apache.hadoop.http.lib.StaticUserWebFilter$StaticUserFilter) to context static
2022-11-08 06:33:46,035 [Listener at 127.0.0.1/39611] INFO  http.HttpServer2 (HttpServer2.java:bindListener(1250)) - Jetty bound to port 40277
2022-11-08 06:33:46,035 [Listener at 127.0.0.1/39611] INFO  server.Server (Server.java:doStart(375)) - jetty-9.4.49.v20220914; built: 2022-09-14T01:07:36.601Z; git: 4231a3b2e4cb8548a412a789936d640a97b1aa0a; jvm 1.8.0_345-b01
2022-11-08 06:33:46,036 [Listener at 127.0.0.1/39611] INFO  server.session (DefaultSessionIdManager.java:doStart(334)) - DefaultSessionIdManager workerName=node0
2022-11-08 06:33:46,037 [Listener at 127.0.0.1/39611] INFO  server.session (DefaultSessionIdManager.java:doStart(339)) - No SessionScavenger set, using defaults
2022-11-08 06:33:46,037 [Listener at 127.0.0.1/39611] INFO  server.session (HouseKeeper.java:startScavenging(132)) - node0 Scavenging every 600000ms
2022-11-08 06:33:46,038 [Listener at 127.0.0.1/39611] INFO  handler.ContextHandler (ContextHandler.java:doStart(921)) - Started o.e.j.s.ServletContextHandler@263a5cf2{logs,/logs,file:///home/runner/work/ozone/ozone/hadoop-ozone/integration-test/target/log,AVAILABLE}
2022-11-08 06:33:46,038 [Listener at 127.0.0.1/39611] INFO  handler.ContextHandler (ContextHandler.java:doStart(921)) - Started o.e.j.s.ServletContextHandler@59de2e13{static,/static,jar:file:/home/runner/.m2/repository/org/apache/ozone/hdds-container-service/1.3.0-SNAPSHOT/hdds-container-service-1.3.0-SNAPSHOT.jar!/webapps/static,AVAILABLE}
2022-11-08 06:33:46,232 [Listener at 127.0.0.1/39611] INFO  handler.ContextHandler (ContextHandler.java:doStart(921)) - Started o.e.j.w.WebAppContext@70a56d5d{hddsDatanode,/,file:///tmp/jetty-0_0_0_0-40277-hdds-container-service-1_3_0-SNAPSHOT_jar-_-any-5594349321541419263/webapp/,AVAILABLE}{jar:file:/home/runner/.m2/repository/org/apache/ozone/hdds-container-service/1.3.0-SNAPSHOT/hdds-container-service-1.3.0-SNAPSHOT.jar!/webapps/hddsDatanode}
2022-11-08 06:33:46,233 [Listener at 127.0.0.1/39611] INFO  server.AbstractConnector (AbstractConnector.java:doStart(333)) - Started ServerConnector@59edc1e7{HTTP/1.1, (http/1.1)}{0.0.0.0:40277}
2022-11-08 06:33:46,233 [Listener at 127.0.0.1/39611] INFO  server.Server (Server.java:doStart(415)) - Started @125230ms
2022-11-08 06:33:46,233 [Listener at 127.0.0.1/39611] WARN  impl.MetricsSystemImpl (MetricsSystemImpl.java:register(279)) - Sink prometheus already exists!
2022-11-08 06:33:46,234 [Listener at 127.0.0.1/39611] INFO  http.BaseHttpServer (BaseHttpServer.java:updateConnectorAddress(333)) - HTTP server of hddsDatanode listening at http://0.0.0.0:40277
2022-11-08 06:33:46,239 [Datanode State Machine Daemon Thread] INFO  statemachine.DatanodeStateMachine (DatanodeStateMachine.java:lambda$startDaemon$0(505)) - Ozone container server started.
2022-11-08 06:33:46,240 [Listener at 127.0.0.1/39611] WARN  impl.MetricRegistriesImpl (MetricRegistriesImpl.java:addReporterRegistration(111)) - New reporters are added after registries were created. Some metrics will be missing from the reporter. Please add reporter before adding any new registry.
2022-11-08 06:33:46,240 [Listener at 127.0.0.1/39611] WARN  impl.MetricRegistriesImpl (MetricRegistriesImpl.java:addReporterRegistration(111)) - New reporters are added after registries were created. Some metrics will be missing from the reporter. Please add reporter before adding any new registry.
2022-11-08 06:33:46,240 [Listener at 127.0.0.1/39611] INFO  impl.MetricsSystemImpl (MetricsSystemImpl.java:init(158)) - HddsDatanode metrics system started (again)
2022-11-08 06:33:46,254 [Listener at 127.0.0.1/39611] INFO  ozone.HddsDatanodeService (HddsDatanodeService.java:start(236)) - HddsDatanodeService host:fv-az220-111.shdwizndlbjulinwhzhdmup5sb.jx.internal.cloudapp.net ip:10.1.0.244
2022-11-08 06:33:46,260 [org.apache.hadoop.util.JvmPauseMonitor$Monitor@1540f8a8] INFO  util.JvmPauseMonitor (JvmPauseMonitor.java:run(188)) - Starting JVM pause monitor
2022-11-08 06:33:46,263 [Datanode State Machine Task Thread - 0] INFO  datanode.InitDatanodeState (InitDatanodeState.java:persistContainerDatanodeDetails(138)) - DatanodeDetails is persisted to /home/runner/work/ozone/ozone/hadoop-ozone/integration-test/target/test-dir/MiniOzoneClusterImpl-b4f26986-4eb4-4ecd-9efe-6fbc1efd26b6/datanode-0/meta/datanode.id
2022-11-08 06:33:46,271 [Listener at 127.0.0.1/39611] INFO  upgrade.AbstractLayoutVersionManager (AbstractLayoutVersionManager.java:init(83)) - Initializing Layout version manager with metadata layout = DATANODE_SCHEMA_V3 (version = 4), software layout = DATANODE_SCHEMA_V3 (version = 4)
2022-11-08 06:33:46,323 [Listener at 127.0.0.1/39611] INFO  reflections.Reflections (Reflections.java:scan(232)) - Reflections took 50 ms to scan 7 urls, producing 139 keys and 336 values 
2022-11-08 06:33:46,324 [Listener at 127.0.0.1/39611] INFO  statemachine.DatanodeStateMachine (DatanodeStateMachine.java:getEndPointTaskThreadPoolSize(245)) - Datanode State Machine Task Thread Pool size 2
2022-11-08 06:33:46,326 [Listener at 127.0.0.1/39611] INFO  volume.HddsVolume (HddsVolume.java:<init>(117)) - Creating HddsVolume: /home/runner/work/ozone/ozone/hadoop-ozone/integration-test/target/test-dir/MiniOzoneClusterImpl-b4f26986-4eb4-4ecd-9efe-6fbc1efd26b6/datanode-1/data-0/containers/hdds of storage type : DISK capacity : 9223372036854775807
2022-11-08 06:33:46,326 [Listener at 127.0.0.1/39611] INFO  volume.MutableVolumeSet (MutableVolumeSet.java:initializeVolumeSet(174)) - Added Volume : /home/runner/work/ozone/ozone/hadoop-ozone/integration-test/target/test-dir/MiniOzoneClusterImpl-b4f26986-4eb4-4ecd-9efe-6fbc1efd26b6/datanode-1/data-0/containers/hdds to VolumeSet
2022-11-08 06:33:46,327 [Listener at 127.0.0.1/39611] INFO  volume.ThrottledAsyncChecker (ThrottledAsyncChecker.java:schedule(141)) - Scheduling a check for /home/runner/work/ozone/ozone/hadoop-ozone/integration-test/target/test-dir/MiniOzoneClusterImpl-b4f26986-4eb4-4ecd-9efe-6fbc1efd26b6/datanode-1/data-0/containers/hdds
2022-11-08 06:33:46,333 [Listener at 127.0.0.1/39611] INFO  volume.StorageVolumeChecker (StorageVolumeChecker.java:checkAllVolumes(202)) - Scheduled health check for volume /home/runner/work/ozone/ozone/hadoop-ozone/integration-test/target/test-dir/MiniOzoneClusterImpl-b4f26986-4eb4-4ecd-9efe-6fbc1efd26b6/datanode-1/data-0/containers/hdds
2022-11-08 06:33:46,346 [Listener at 127.0.0.1/39611] INFO  volume.MutableVolumeSet (MutableVolumeSet.java:initializeVolumeSet(174)) - Added Volume : /home/runner/work/ozone/ozone/hadoop-ozone/integration-test/target/test-dir/MiniOzoneClusterImpl-b4f26986-4eb4-4ecd-9efe-6fbc1efd26b6/datanode-1/data/ratis to VolumeSet
2022-11-08 06:33:46,346 [Listener at 127.0.0.1/39611] INFO  volume.ThrottledAsyncChecker (ThrottledAsyncChecker.java:schedule(141)) - Scheduling a check for /home/runner/work/ozone/ozone/hadoop-ozone/integration-test/target/test-dir/MiniOzoneClusterImpl-b4f26986-4eb4-4ecd-9efe-6fbc1efd26b6/datanode-1/data/ratis
2022-11-08 06:33:46,346 [Listener at 127.0.0.1/39611] INFO  volume.StorageVolumeChecker (StorageVolumeChecker.java:checkAllVolumes(202)) - Scheduled health check for volume /home/runner/work/ozone/ozone/hadoop-ozone/integration-test/target/test-dir/MiniOzoneClusterImpl-b4f26986-4eb4-4ecd-9efe-6fbc1efd26b6/datanode-1/data/ratis
2022-11-08 06:33:46,373 [Listener at 127.0.0.1/39611] INFO  utils.DatanodeStoreCache (DatanodeStoreCache.java:addDB(58)) - Added db /home/runner/work/ozone/ozone/hadoop-ozone/integration-test/target/test-dir/MiniOzoneClusterImpl-b4f26986-4eb4-4ecd-9efe-6fbc1efd26b6/datanode-1/data-0/containers/hdds/b4f26986-4eb4-4ecd-9efe-6fbc1efd26b6/DS-eca9a5e7-96b7-40fa-a10d-b353667f0f5e/container.db to cache
2022-11-08 06:33:46,374 [Listener at 127.0.0.1/39611] INFO  volume.HddsVolume (HddsVolume.java:loadDbStore(260)) - SchemaV3 db is loaded at /home/runner/work/ozone/ozone/hadoop-ozone/integration-test/target/test-dir/MiniOzoneClusterImpl-b4f26986-4eb4-4ecd-9efe-6fbc1efd26b6/datanode-1/data-0/containers/hdds/b4f26986-4eb4-4ecd-9efe-6fbc1efd26b6/DS-eca9a5e7-96b7-40fa-a10d-b353667f0f5e/container.db for volume DS-eca9a5e7-96b7-40fa-a10d-b353667f0f5e
2022-11-08 06:33:46,374 [Thread-726] INFO  ozoneimpl.ContainerReader (ContainerReader.java:readVolume(145)) - Start to verify containers on volume /home/runner/work/ozone/ozone/hadoop-ozone/integration-test/target/test-dir/MiniOzoneClusterImpl-b4f26986-4eb4-4ecd-9efe-6fbc1efd26b6/datanode-1/data-0/containers/hdds
2022-11-08 06:33:46,374 [Thread-726] INFO  ozoneimpl.ContainerReader (ContainerReader.java:readVolume(175)) - Finish verifying containers on volume /home/runner/work/ozone/ozone/hadoop-ozone/integration-test/target/test-dir/MiniOzoneClusterImpl-b4f26986-4eb4-4ecd-9efe-6fbc1efd26b6/datanode-1/data-0/containers/hdds
2022-11-08 06:33:46,374 [Listener at 127.0.0.1/39611] INFO  ozoneimpl.OzoneContainer (OzoneContainer.java:buildContainerSet(300)) - Build ContainerSet costs 0s
2022-11-08 06:33:46,376 [Listener at 127.0.0.1/39611] INFO  server.RaftServer (ConfUtils.java:logGet(46)) - raft.rpc.type = GRPC (default)
2022-11-08 06:33:46,376 [Listener at 127.0.0.1/39611] INFO  grpc.GrpcConfigKeys (ConfUtils.java:logFallback(53)) - raft.grpc.admin.host = null (fallback to raft.grpc.server.host)
2022-11-08 06:33:46,377 [Listener at 127.0.0.1/39611] INFO  grpc.GrpcConfigKeys (ConfUtils.java:logGet(46)) - raft.grpc.admin.port = 40815 (custom)
2022-11-08 06:33:46,377 [Listener at 127.0.0.1/39611] INFO  grpc.GrpcConfigKeys (ConfUtils.java:logFallback(53)) - raft.grpc.client.host = null (fallback to raft.grpc.server.host)
2022-11-08 06:33:46,377 [Listener at 127.0.0.1/39611] INFO  grpc.GrpcConfigKeys (ConfUtils.java:logGet(46)) - raft.grpc.client.port = 40815 (custom)
2022-11-08 06:33:46,377 [Listener at 127.0.0.1/39611] INFO  grpc.GrpcConfigKeys (ConfUtils.java:logGet(46)) - raft.grpc.server.host = null (default)
2022-11-08 06:33:46,377 [Listener at 127.0.0.1/39611] INFO  grpc.GrpcConfigKeys (ConfUtils.java:logGet(46)) - raft.grpc.server.port = 40815 (custom)
2022-11-08 06:33:46,377 [Listener at 127.0.0.1/39611] INFO  server.GrpcService (ConfUtils.java:logGet(46)) - raft.grpc.message.size.max = 32MB (=33554432) (custom)
2022-11-08 06:33:46,377 [Listener at 127.0.0.1/39611] INFO  server.RaftServerConfigKeys (ConfUtils.java:logGet(46)) - raft.server.log.appender.buffer.byte-limit = 33554432 (custom)
2022-11-08 06:33:46,378 [Listener at 127.0.0.1/39611] INFO  server.GrpcService (ConfUtils.java:logGet(46)) - raft.grpc.flow.control.window = 5MB (=5242880) (custom)
2022-11-08 06:33:46,378 [Listener at 127.0.0.1/39611] INFO  server.RaftServerConfigKeys (ConfUtils.java:logGet(46)) - raft.server.rpc.request.timeout = 60s (custom)
2022-11-08 06:33:46,378 [Listener at 127.0.0.1/39611] INFO  grpc.GrpcConfigKeys (ConfUtils.java:logGet(46)) - raft.grpc.server.heartbeat.channel = true (default)
2022-11-08 06:33:46,378 [Listener at 127.0.0.1/39611] INFO  grpc.GrpcConfigKeys (ConfUtils.java:logGet(46)) - raft.grpc.server.async.request.thread.pool.cached = true (default)
2022-11-08 06:33:46,378 [Listener at 127.0.0.1/39611] INFO  grpc.GrpcConfigKeys (ConfUtils.java:logGet(46)) - raft.grpc.server.async.request.thread.pool.size = 32 (default)
2022-11-08 06:33:46,379 [Listener at 127.0.0.1/39611] INFO  impl.DataStreamServerImpl (ConfUtils.java:logGet(46)) - raft.datastream.type = DISABLED (default)
2022-11-08 06:33:46,380 [Listener at 127.0.0.1/39611] INFO  server.RaftServerConfigKeys (ConfUtils.java:logGet(46)) - raft.server.threadpool.proxy.cached = true (default)
2022-11-08 06:33:46,380 [Listener at 127.0.0.1/39611] INFO  server.RaftServerConfigKeys (ConfUtils.java:logGet(46)) - raft.server.threadpool.proxy.size = 0 (default)
2022-11-08 06:33:46,380 [Listener at 127.0.0.1/39611] INFO  server.RaftServerConfigKeys (ConfUtils.java:logGet(46)) - raft.server.rpc.slowness.timeout = 300s (custom)
2022-11-08 06:33:46,380 [Listener at 127.0.0.1/39611] INFO  server.RaftServerConfigKeys (ConfUtils.java:logGet(46)) - raft.server.leaderelection.leader.step-down.wait-time = 10s (default)
2022-11-08 06:33:46,380 [Listener at 127.0.0.1/39611] INFO  server.RaftServerConfigKeys (ConfUtils.java:logGet(46)) - raft.server.storage.dir = [/home/runner/work/ozone/ozone/hadoop-ozone/integration-test/target/test-dir/MiniOzoneClusterImpl-b4f26986-4eb4-4ecd-9efe-6fbc1efd26b6/datanode-1/data/ratis] (custom)
2022-11-08 06:33:46,381 [fd3bdcb5-514c-4dac-86eb-5773e16bc7f6-impl-thread1] INFO  server.RaftServer (RaftServerProxy.java:initGroupDir(251)) - fd3bdcb5-514c-4dac-86eb-5773e16bc7f6: found a subdirectory /home/runner/work/ozone/ozone/hadoop-ozone/integration-test/target/test-dir/MiniOzoneClusterImpl-b4f26986-4eb4-4ecd-9efe-6fbc1efd26b6/datanode-1/data/ratis/89621da0-c006-468a-8101-d390d398fa22
2022-11-08 06:33:46,381 [fd3bdcb5-514c-4dac-86eb-5773e16bc7f6-impl-thread1] INFO  server.RaftServer (RaftServerProxy.java:addNew(96)) - fd3bdcb5-514c-4dac-86eb-5773e16bc7f6: addNew group-D390D398FA22:[] returns group-D390D398FA22:java.util.concurrent.CompletableFuture@1ac42506[Not completed]
2022-11-08 06:33:46,381 [fd3bdcb5-514c-4dac-86eb-5773e16bc7f6-impl-thread1] INFO  server.RaftServer (RaftServerProxy.java:initGroupDir(251)) - fd3bdcb5-514c-4dac-86eb-5773e16bc7f6: found a subdirectory /home/runner/work/ozone/ozone/hadoop-ozone/integration-test/target/test-dir/MiniOzoneClusterImpl-b4f26986-4eb4-4ecd-9efe-6fbc1efd26b6/datanode-1/data/ratis/6913a0da-7bb4-402d-ab00-9676ef610cb3
2022-11-08 06:33:46,381 [fd3bdcb5-514c-4dac-86eb-5773e16bc7f6-impl-thread1] INFO  server.RaftServer (RaftServerProxy.java:addNew(96)) - fd3bdcb5-514c-4dac-86eb-5773e16bc7f6: addNew group-9676EF610CB3:[] returns group-9676EF610CB3:java.util.concurrent.CompletableFuture@1efba286[Not completed]
2022-11-08 06:33:46,382 [fd3bdcb5-514c-4dac-86eb-5773e16bc7f6-impl-thread1] INFO  server.RaftServer (RaftServerProxy.java:initGroupDir(251)) - fd3bdcb5-514c-4dac-86eb-5773e16bc7f6: found a subdirectory /home/runner/work/ozone/ozone/hadoop-ozone/integration-test/target/test-dir/MiniOzoneClusterImpl-b4f26986-4eb4-4ecd-9efe-6fbc1efd26b6/datanode-1/data/ratis/68ac76f0-d2ad-46a9-a038-10c2f7a22406
2022-11-08 06:33:46,382 [fd3bdcb5-514c-4dac-86eb-5773e16bc7f6-impl-thread1] INFO  server.RaftServer (RaftServerProxy.java:addNew(96)) - fd3bdcb5-514c-4dac-86eb-5773e16bc7f6: addNew group-10C2F7A22406:[] returns group-10C2F7A22406:java.util.concurrent.CompletableFuture@5bf92f3d[Not completed]
2022-11-08 06:33:46,383 [Listener at 127.0.0.1/39611] INFO  server.XceiverServerGrpc (XceiverServerGrpc.java:<init>(132)) - GrpcServer channel type EpollServerSocketChannel
2022-11-08 06:33:46,386 [pool-432-thread-1] INFO  server.RaftServer$Division (RaftServerImpl.java:<init>(195)) - fd3bdcb5-514c-4dac-86eb-5773e16bc7f6: new RaftServerImpl for group-D390D398FA22:[] with ContainerStateMachine:uninitialized
2022-11-08 06:33:46,386 [pool-432-thread-1] INFO  server.RaftServerConfigKeys (ConfUtils.java:logGet(46)) - raft.server.rpc.timeout.min = 5s (custom)
2022-11-08 06:33:46,386 [pool-432-thread-1] INFO  server.RaftServerConfigKeys (ConfUtils.java:logGet(46)) - raft.server.rpc.timeout.max = 5200ms (custom)
2022-11-08 06:33:46,386 [pool-432-thread-1] INFO  server.RaftServerConfigKeys (ConfUtils.java:logGet(46)) - raft.server.rpc.sleep.time = 25ms (default)
2022-11-08 06:33:46,386 [pool-432-thread-1] INFO  server.RaftServerConfigKeys (ConfUtils.java:logGet(46)) - raft.server.rpc.slowness.timeout = 300s (custom)
2022-11-08 06:33:46,386 [pool-432-thread-1] INFO  server.RaftServerConfigKeys (ConfUtils.java:logGet(46)) - raft.server.leaderelection.leader.step-down.wait-time = 10s (default)
2022-11-08 06:33:46,386 [pool-432-thread-1] INFO  server.RaftServerConfigKeys (ConfUtils.java:logGet(46)) - raft.server.sleep.deviation.threshold = 300ms (default)
2022-11-08 06:33:46,386 [pool-432-thread-1] INFO  server.RaftServer$Division (ServerState.java:<init>(118)) - fd3bdcb5-514c-4dac-86eb-5773e16bc7f6@group-D390D398FA22: ConfigurationManager, init=-1: peers:[]|listeners:[], old=null, confs=<EMPTY_MAP>
2022-11-08 06:33:46,386 [pool-432-thread-1] INFO  server.RaftServerConfigKeys (ConfUtils.java:logGet(46)) - raft.server.storage.dir = [/home/runner/work/ozone/ozone/hadoop-ozone/integration-test/target/test-dir/MiniOzoneClusterImpl-b4f26986-4eb4-4ecd-9efe-6fbc1efd26b6/datanode-1/data/ratis] (custom)
2022-11-08 06:33:46,386 [pool-432-thread-1] INFO  server.RaftServerConfigKeys (ConfUtils.java:logGet(46)) - raft.server.log.corruption.policy = EXCEPTION (default)
2022-11-08 06:33:46,386 [pool-432-thread-1] INFO  server.RaftServerConfigKeys (ConfUtils.java:logGet(46)) - raft.server.storage.free-space.min = 0MB (=0) (default)
2022-11-08 06:33:46,386 [pool-432-thread-1] INFO  server.RaftServerConfigKeys (ConfUtils.java:logGet(46)) - raft.server.notification.no-leader.timeout = 300s (custom)
2022-11-08 06:33:46,386 [pool-432-thread-1] INFO  server.RaftServerConfigKeys (ConfUtils.java:logGet(46)) - raft.server.retrycache.expirytime = 600000ms (custom)
2022-11-08 06:33:46,386 [pool-432-thread-1] INFO  server.RaftServerConfigKeys (ConfUtils.java:logGet(46)) - raft.server.retrycache.statistics.expirytime = 100μs (default)
2022-11-08 06:33:46,387 [pool-432-thread-1] INFO  server.RaftServerConfigKeys (ConfUtils.java:logGet(46)) - raft.server.log.appender.install.snapshot.enabled = false (custom)
2022-11-08 06:33:46,387 [pool-432-thread-1] INFO  server.RaftServerConfigKeys (ConfUtils.java:logGet(46)) - raft.server.threadpool.server.cached = true (default)
2022-11-08 06:33:46,387 [pool-432-thread-1] INFO  server.RaftServerConfigKeys (ConfUtils.java:logGet(46)) - raft.server.threadpool.server.size = 0 (default)
2022-11-08 06:33:46,387 [pool-432-thread-1] INFO  server.RaftServerConfigKeys (ConfUtils.java:logGet(46)) - raft.server.threadpool.client.cached = true (default)
2022-11-08 06:33:46,387 [pool-432-thread-1] INFO  server.RaftServerConfigKeys (ConfUtils.java:logGet(46)) - raft.server.threadpool.client.size = 0 (default)
2022-11-08 06:33:46,388 [pool-432-thread-1] INFO  server.RaftServer$Division (RaftServerImpl.java:<init>(195)) - fd3bdcb5-514c-4dac-86eb-5773e16bc7f6: new RaftServerImpl for group-9676EF610CB3:[] with ContainerStateMachine:uninitialized
2022-11-08 06:33:46,388 [pool-432-thread-1] INFO  server.RaftServerConfigKeys (ConfUtils.java:logGet(46)) - raft.server.rpc.timeout.min = 5s (custom)
2022-11-08 06:33:46,388 [pool-432-thread-1] INFO  server.RaftServerConfigKeys (ConfUtils.java:logGet(46)) - raft.server.rpc.timeout.max = 5200ms (custom)
2022-11-08 06:33:46,388 [pool-432-thread-1] INFO  server.RaftServerConfigKeys (ConfUtils.java:logGet(46)) - raft.server.rpc.sleep.time = 25ms (default)
2022-11-08 06:33:46,388 [pool-432-thread-1] INFO  server.RaftServerConfigKeys (ConfUtils.java:logGet(46)) - raft.server.rpc.slowness.timeout = 300s (custom)
2022-11-08 06:33:46,388 [pool-432-thread-1] INFO  server.RaftServerConfigKeys (ConfUtils.java:logGet(46)) - raft.server.leaderelection.leader.step-down.wait-time = 10s (default)
2022-11-08 06:33:46,388 [pool-432-thread-1] INFO  server.RaftServerConfigKeys (ConfUtils.java:logGet(46)) - raft.server.sleep.deviation.threshold = 300ms (default)
2022-11-08 06:33:46,388 [pool-432-thread-1] INFO  server.RaftServer$Division (ServerState.java:<init>(118)) - fd3bdcb5-514c-4dac-86eb-5773e16bc7f6@group-9676EF610CB3: ConfigurationManager, init=-1: peers:[]|listeners:[], old=null, confs=<EMPTY_MAP>
2022-11-08 06:33:46,388 [pool-432-thread-1] INFO  server.RaftServerConfigKeys (ConfUtils.java:logGet(46)) - raft.server.storage.dir = [/home/runner/work/ozone/ozone/hadoop-ozone/integration-test/target/test-dir/MiniOzoneClusterImpl-b4f26986-4eb4-4ecd-9efe-6fbc1efd26b6/datanode-1/data/ratis] (custom)
2022-11-08 06:33:46,389 [pool-432-thread-1] INFO  server.RaftServerConfigKeys (ConfUtils.java:logGet(46)) - raft.server.log.corruption.policy = EXCEPTION (default)
2022-11-08 06:33:46,389 [pool-432-thread-1] INFO  server.RaftServerConfigKeys (ConfUtils.java:logGet(46)) - raft.server.storage.free-space.min = 0MB (=0) (default)
2022-11-08 06:33:46,389 [pool-432-thread-1] INFO  server.RaftServerConfigKeys (ConfUtils.java:logGet(46)) - raft.server.notification.no-leader.timeout = 300s (custom)
2022-11-08 06:33:46,389 [pool-432-thread-1] INFO  server.RaftServerConfigKeys (ConfUtils.java:logGet(46)) - raft.server.retrycache.expirytime = 600000ms (custom)
2022-11-08 06:33:46,389 [pool-432-thread-1] INFO  server.RaftServerConfigKeys (ConfUtils.java:logGet(46)) - raft.server.retrycache.statistics.expirytime = 100μs (default)
2022-11-08 06:33:46,390 [pool-432-thread-1] INFO  server.RaftServerConfigKeys (ConfUtils.java:logGet(46)) - raft.server.log.appender.install.snapshot.enabled = false (custom)
2022-11-08 06:33:46,390 [pool-432-thread-1] INFO  server.RaftServerConfigKeys (ConfUtils.java:logGet(46)) - raft.server.threadpool.server.cached = true (default)
2022-11-08 06:33:46,390 [pool-432-thread-1] INFO  server.RaftServerConfigKeys (ConfUtils.java:logGet(46)) - raft.server.threadpool.server.size = 0 (default)
2022-11-08 06:33:46,390 [pool-432-thread-1] INFO  server.RaftServerConfigKeys (ConfUtils.java:logGet(46)) - raft.server.threadpool.client.cached = true (default)
2022-11-08 06:33:46,390 [pool-432-thread-1] INFO  server.RaftServerConfigKeys (ConfUtils.java:logGet(46)) - raft.server.threadpool.client.size = 0 (default)
2022-11-08 06:33:46,390 [pool-432-thread-1] INFO  server.RaftServer$Division (RaftServerImpl.java:<init>(195)) - fd3bdcb5-514c-4dac-86eb-5773e16bc7f6: new RaftServerImpl for group-10C2F7A22406:[] with ContainerStateMachine:uninitialized
2022-11-08 06:33:46,391 [pool-432-thread-1] INFO  server.RaftServerConfigKeys (ConfUtils.java:logGet(46)) - raft.server.rpc.timeout.min = 5s (custom)
2022-11-08 06:33:46,391 [pool-432-thread-1] INFO  server.RaftServerConfigKeys (ConfUtils.java:logGet(46)) - raft.server.rpc.timeout.max = 5200ms (custom)
2022-11-08 06:33:46,391 [pool-432-thread-1] INFO  server.RaftServerConfigKeys (ConfUtils.java:logGet(46)) - raft.server.rpc.sleep.time = 25ms (default)
2022-11-08 06:33:46,391 [pool-432-thread-1] INFO  server.RaftServerConfigKeys (ConfUtils.java:logGet(46)) - raft.server.rpc.slowness.timeout = 300s (custom)
2022-11-08 06:33:46,391 [pool-432-thread-1] INFO  server.RaftServerConfigKeys (ConfUtils.java:logGet(46)) - raft.server.leaderelection.leader.step-down.wait-time = 10s (default)
2022-11-08 06:33:46,391 [pool-432-thread-1] INFO  server.RaftServerConfigKeys (ConfUtils.java:logGet(46)) - raft.server.sleep.deviation.threshold = 300ms (default)
2022-11-08 06:33:46,391 [pool-432-thread-1] INFO  server.RaftServer$Division (ServerState.java:<init>(118)) - fd3bdcb5-514c-4dac-86eb-5773e16bc7f6@group-10C2F7A22406: ConfigurationManager, init=-1: peers:[]|listeners:[], old=null, confs=<EMPTY_MAP>
2022-11-08 06:33:46,391 [pool-432-thread-1] INFO  server.RaftServerConfigKeys (ConfUtils.java:logGet(46)) - raft.server.storage.dir = [/home/runner/work/ozone/ozone/hadoop-ozone/integration-test/target/test-dir/MiniOzoneClusterImpl-b4f26986-4eb4-4ecd-9efe-6fbc1efd26b6/datanode-1/data/ratis] (custom)
2022-11-08 06:33:46,391 [pool-432-thread-1] INFO  server.RaftServerConfigKeys (ConfUtils.java:logGet(46)) - raft.server.log.corruption.policy = EXCEPTION (default)
2022-11-08 06:33:46,391 [pool-432-thread-1] INFO  server.RaftServerConfigKeys (ConfUtils.java:logGet(46)) - raft.server.storage.free-space.min = 0MB (=0) (default)
2022-11-08 06:33:46,391 [pool-432-thread-1] INFO  server.RaftServerConfigKeys (ConfUtils.java:logGet(46)) - raft.server.notification.no-leader.timeout = 300s (custom)
2022-11-08 06:33:46,391 [pool-432-thread-1] INFO  server.RaftServerConfigKeys (ConfUtils.java:logGet(46)) - raft.server.retrycache.expirytime = 600000ms (custom)
2022-11-08 06:33:46,391 [pool-432-thread-1] INFO  server.RaftServerConfigKeys (ConfUtils.java:logGet(46)) - raft.server.retrycache.statistics.expirytime = 100μs (default)
2022-11-08 06:33:46,392 [pool-432-thread-1] INFO  server.RaftServerConfigKeys (ConfUtils.java:logGet(46)) - raft.server.log.appender.install.snapshot.enabled = false (custom)
2022-11-08 06:33:46,392 [pool-432-thread-1] INFO  server.RaftServerConfigKeys (ConfUtils.java:logGet(46)) - raft.server.threadpool.server.cached = true (default)
2022-11-08 06:33:46,392 [pool-432-thread-1] INFO  server.RaftServerConfigKeys (ConfUtils.java:logGet(46)) - raft.server.threadpool.server.size = 0 (default)
2022-11-08 06:33:46,392 [pool-432-thread-1] INFO  server.RaftServerConfigKeys (ConfUtils.java:logGet(46)) - raft.server.threadpool.client.cached = true (default)
2022-11-08 06:33:46,392 [pool-432-thread-1] INFO  server.RaftServerConfigKeys (ConfUtils.java:logGet(46)) - raft.server.threadpool.client.size = 0 (default)
2022-11-08 06:33:46,393 [Listener at 127.0.0.1/39611] INFO  http.BaseHttpServer (BaseHttpServer.java:newHttpServer2BuilderForOzone(213)) - Starting Web-server for hddsDatanode at: http://0.0.0.0:36645
2022-11-08 06:33:46,393 [Listener at 127.0.0.1/39611] INFO  http.BaseHttpServer (BaseHttpServer.java:<init>(108)) - Hadoop Security Enabled: false Ozone Security Enabled: false Ozone HTTP Security Enabled: false 
2022-11-08 06:33:46,394 [Listener at 127.0.0.1/39611] WARN  server.AuthenticationFilter (AuthenticationFilter.java:constructSecretProvider(240)) - Unable to initialize FileSignerSecretProvider, falling back to use random secrets. Reason: Could not read signature secret file: /home/runner/hadoop-http-auth-signature-secret
2022-11-08 06:33:46,395 [Listener at 127.0.0.1/39611] WARN  http.HttpRequestLog (HttpRequestLog.java:getRequestLog(103)) - Jetty request log can only be enabled using Log4j
2022-11-08 06:33:46,396 [Listener at 127.0.0.1/39611] INFO  http.HttpServer2 (HttpServer2.java:addGlobalFilter(1031)) - Added global filter 'safety' (class=org.apache.hadoop.hdds.server.http.HttpServer2$QuotingInputFilter)
2022-11-08 06:33:46,397 [Listener at 127.0.0.1/39611] INFO  http.HttpServer2 (HttpServer2.java:addFilter(1007)) - Added filter static_user_filter (class=org.apache.hadoop.http.lib.StaticUserWebFilter$StaticUserFilter) to context hddsDatanode
2022-11-08 06:33:46,397 [Listener at 127.0.0.1/39611] INFO  http.HttpServer2 (HttpServer2.java:addFilter(1015)) - Added filter static_user_filter (class=org.apache.hadoop.http.lib.StaticUserWebFilter$StaticUserFilter) to context static
2022-11-08 06:33:46,397 [Listener at 127.0.0.1/39611] INFO  http.HttpServer2 (HttpServer2.java:addFilter(1015)) - Added filter static_user_filter (class=org.apache.hadoop.http.lib.StaticUserWebFilter$StaticUserFilter) to context logs
2022-11-08 06:33:46,398 [Listener at 127.0.0.1/39611] INFO  http.HttpServer2 (HttpServer2.java:bindListener(1250)) - Jetty bound to port 36645
2022-11-08 06:33:46,398 [Listener at 127.0.0.1/39611] INFO  server.Server (Server.java:doStart(375)) - jetty-9.4.49.v20220914; built: 2022-09-14T01:07:36.601Z; git: 4231a3b2e4cb8548a412a789936d640a97b1aa0a; jvm 1.8.0_345-b01
2022-11-08 06:33:46,418 [Listener at 127.0.0.1/39611] INFO  server.session (DefaultSessionIdManager.java:doStart(334)) - DefaultSessionIdManager workerName=node0
2022-11-08 06:33:46,418 [Listener at 127.0.0.1/39611] INFO  server.session (DefaultSessionIdManager.java:doStart(339)) - No SessionScavenger set, using defaults
2022-11-08 06:33:46,418 [Listener at 127.0.0.1/39611] INFO  server.session (HouseKeeper.java:startScavenging(132)) - node0 Scavenging every 660000ms
2022-11-08 06:33:46,419 [Listener at 127.0.0.1/39611] INFO  handler.ContextHandler (ContextHandler.java:doStart(921)) - Started o.e.j.s.ServletContextHandler@529d2e69{logs,/logs,file:///home/runner/work/ozone/ozone/hadoop-ozone/integration-test/target/log,AVAILABLE}
2022-11-08 06:33:46,420 [Listener at 127.0.0.1/39611] INFO  handler.ContextHandler (ContextHandler.java:doStart(921)) - Started o.e.j.s.ServletContextHandler@56158d84{static,/static,jar:file:/home/runner/.m2/repository/org/apache/ozone/hdds-container-service/1.3.0-SNAPSHOT/hdds-container-service-1.3.0-SNAPSHOT.jar!/webapps/static,AVAILABLE}
2022-11-08 06:33:46,633 [Listener at 127.0.0.1/39611] INFO  handler.ContextHandler (ContextHandler.java:doStart(921)) - Started o.e.j.w.WebAppContext@2a5c851b{hddsDatanode,/,file:///tmp/jetty-0_0_0_0-36645-hdds-container-service-1_3_0-SNAPSHOT_jar-_-any-8193165177511214210/webapp/,AVAILABLE}{jar:file:/home/runner/.m2/repository/org/apache/ozone/hdds-container-service/1.3.0-SNAPSHOT/hdds-container-service-1.3.0-SNAPSHOT.jar!/webapps/hddsDatanode}
2022-11-08 06:33:46,634 [Listener at 127.0.0.1/39611] INFO  server.AbstractConnector (AbstractConnector.java:doStart(333)) - Started ServerConnector@535708fd{HTTP/1.1, (http/1.1)}{0.0.0.0:36645}
2022-11-08 06:33:46,635 [Listener at 127.0.0.1/39611] INFO  server.Server (Server.java:doStart(415)) - Started @125632ms
2022-11-08 06:33:46,635 [Listener at 127.0.0.1/39611] WARN  impl.MetricsSystemImpl (MetricsSystemImpl.java:register(279)) - Sink prometheus already exists!
2022-11-08 06:33:46,636 [Listener at 127.0.0.1/39611] INFO  http.BaseHttpServer (BaseHttpServer.java:updateConnectorAddress(333)) - HTTP server of hddsDatanode listening at http://0.0.0.0:36645
2022-11-08 06:33:46,637 [Datanode State Machine Daemon Thread] INFO  statemachine.DatanodeStateMachine (DatanodeStateMachine.java:lambda$startDaemon$0(505)) - Ozone container server started.
2022-11-08 06:33:46,638 [Listener at 127.0.0.1/39611] WARN  impl.MetricRegistriesImpl (MetricRegistriesImpl.java:addReporterRegistration(111)) - New reporters are added after registries were created. Some metrics will be missing from the reporter. Please add reporter before adding any new registry.
2022-11-08 06:33:46,639 [Listener at 127.0.0.1/39611] WARN  impl.MetricRegistriesImpl (MetricRegistriesImpl.java:addReporterRegistration(111)) - New reporters are added after registries were created. Some metrics will be missing from the reporter. Please add reporter before adding any new registry.
2022-11-08 06:33:46,639 [Listener at 127.0.0.1/39611] INFO  impl.MetricsSystemImpl (MetricsSystemImpl.java:init(158)) - HddsDatanode metrics system started (again)
2022-11-08 06:33:46,649 [org.apache.hadoop.util.JvmPauseMonitor$Monitor@76691008] INFO  util.JvmPauseMonitor (JvmPauseMonitor.java:run(188)) - Starting JVM pause monitor
2022-11-08 06:33:46,652 [Datanode State Machine Task Thread - 0] INFO  datanode.InitDatanodeState (InitDatanodeState.java:persistContainerDatanodeDetails(138)) - DatanodeDetails is persisted to /home/runner/work/ozone/ozone/hadoop-ozone/integration-test/target/test-dir/MiniOzoneClusterImpl-b4f26986-4eb4-4ecd-9efe-6fbc1efd26b6/datanode-1/meta/datanode.id
2022-11-08 06:33:46,656 [Listener at 127.0.0.1/39611] INFO  ozone.HddsDatanodeService (HddsDatanodeService.java:start(236)) - HddsDatanodeService host:fv-az220-111.shdwizndlbjulinwhzhdmup5sb.jx.internal.cloudapp.net ip:10.1.0.244
2022-11-08 06:33:46,670 [Listener at 127.0.0.1/39611] INFO  upgrade.AbstractLayoutVersionManager (AbstractLayoutVersionManager.java:init(83)) - Initializing Layout version manager with metadata layout = DATANODE_SCHEMA_V3 (version = 4), software layout = DATANODE_SCHEMA_V3 (version = 4)
2022-11-08 06:33:46,675 [Over Replicated Processor] INFO  replication.OverReplicatedProcessor (OverReplicatedProcessor.java:processAll(90)) - Processed 0 over replicated containers, failed processing 0
2022-11-08 06:33:46,676 [Under Replicated Processor] INFO  replication.UnderReplicatedProcessor (UnderReplicatedProcessor.java:processAll(92)) - Processed 0 under replicated containers, failed processing 0
2022-11-08 06:33:46,731 [Listener at 127.0.0.1/39611] INFO  reflections.Reflections (Reflections.java:scan(232)) - Reflections took 60 ms to scan 7 urls, producing 139 keys and 336 values 
2022-11-08 06:33:46,733 [Listener at 127.0.0.1/39611] INFO  statemachine.DatanodeStateMachine (DatanodeStateMachine.java:getEndPointTaskThreadPoolSize(245)) - Datanode State Machine Task Thread Pool size 2
2022-11-08 06:33:46,735 [Listener at 127.0.0.1/39611] INFO  volume.HddsVolume (HddsVolume.java:<init>(117)) - Creating HddsVolume: /home/runner/work/ozone/ozone/hadoop-ozone/integration-test/target/test-dir/MiniOzoneClusterImpl-b4f26986-4eb4-4ecd-9efe-6fbc1efd26b6/datanode-2/data-0/containers/hdds of storage type : DISK capacity : 9223372036854775807
2022-11-08 06:33:46,735 [Listener at 127.0.0.1/39611] INFO  volume.MutableVolumeSet (MutableVolumeSet.java:initializeVolumeSet(174)) - Added Volume : /home/runner/work/ozone/ozone/hadoop-ozone/integration-test/target/test-dir/MiniOzoneClusterImpl-b4f26986-4eb4-4ecd-9efe-6fbc1efd26b6/datanode-2/data-0/containers/hdds to VolumeSet
2022-11-08 06:33:46,735 [Listener at 127.0.0.1/39611] INFO  volume.ThrottledAsyncChecker (ThrottledAsyncChecker.java:schedule(141)) - Scheduling a check for /home/runner/work/ozone/ozone/hadoop-ozone/integration-test/target/test-dir/MiniOzoneClusterImpl-b4f26986-4eb4-4ecd-9efe-6fbc1efd26b6/datanode-2/data-0/containers/hdds
2022-11-08 06:33:46,741 [Listener at 127.0.0.1/39611] INFO  volume.StorageVolumeChecker (StorageVolumeChecker.java:checkAllVolumes(202)) - Scheduled health check for volume /home/runner/work/ozone/ozone/hadoop-ozone/integration-test/target/test-dir/MiniOzoneClusterImpl-b4f26986-4eb4-4ecd-9efe-6fbc1efd26b6/datanode-2/data-0/containers/hdds
2022-11-08 06:33:46,755 [Listener at 127.0.0.1/39611] INFO  volume.MutableVolumeSet (MutableVolumeSet.java:initializeVolumeSet(174)) - Added Volume : /home/runner/work/ozone/ozone/hadoop-ozone/integration-test/target/test-dir/MiniOzoneClusterImpl-b4f26986-4eb4-4ecd-9efe-6fbc1efd26b6/datanode-2/data/ratis to VolumeSet
2022-11-08 06:33:46,755 [Listener at 127.0.0.1/39611] INFO  volume.ThrottledAsyncChecker (ThrottledAsyncChecker.java:schedule(141)) - Scheduling a check for /home/runner/work/ozone/ozone/hadoop-ozone/integration-test/target/test-dir/MiniOzoneClusterImpl-b4f26986-4eb4-4ecd-9efe-6fbc1efd26b6/datanode-2/data/ratis
2022-11-08 06:33:46,755 [Listener at 127.0.0.1/39611] INFO  volume.StorageVolumeChecker (StorageVolumeChecker.java:checkAllVolumes(202)) - Scheduled health check for volume /home/runner/work/ozone/ozone/hadoop-ozone/integration-test/target/test-dir/MiniOzoneClusterImpl-b4f26986-4eb4-4ecd-9efe-6fbc1efd26b6/datanode-2/data/ratis
2022-11-08 06:33:46,786 [Listener at 127.0.0.1/39611] INFO  utils.DatanodeStoreCache (DatanodeStoreCache.java:addDB(58)) - Added db /home/runner/work/ozone/ozone/hadoop-ozone/integration-test/target/test-dir/MiniOzoneClusterImpl-b4f26986-4eb4-4ecd-9efe-6fbc1efd26b6/datanode-2/data-0/containers/hdds/b4f26986-4eb4-4ecd-9efe-6fbc1efd26b6/DS-a6700826-eaf4-409f-ae9b-a543387cae47/container.db to cache
2022-11-08 06:33:46,786 [Listener at 127.0.0.1/39611] INFO  volume.HddsVolume (HddsVolume.java:loadDbStore(260)) - SchemaV3 db is loaded at /home/runner/work/ozone/ozone/hadoop-ozone/integration-test/target/test-dir/MiniOzoneClusterImpl-b4f26986-4eb4-4ecd-9efe-6fbc1efd26b6/datanode-2/data-0/containers/hdds/b4f26986-4eb4-4ecd-9efe-6fbc1efd26b6/DS-a6700826-eaf4-409f-ae9b-a543387cae47/container.db for volume DS-a6700826-eaf4-409f-ae9b-a543387cae47
2022-11-08 06:33:46,786 [Thread-739] INFO  ozoneimpl.ContainerReader (ContainerReader.java:readVolume(145)) - Start to verify containers on volume /home/runner/work/ozone/ozone/hadoop-ozone/integration-test/target/test-dir/MiniOzoneClusterImpl-b4f26986-4eb4-4ecd-9efe-6fbc1efd26b6/datanode-2/data-0/containers/hdds
2022-11-08 06:33:46,786 [Thread-739] INFO  ozoneimpl.ContainerReader (ContainerReader.java:readVolume(175)) - Finish verifying containers on volume /home/runner/work/ozone/ozone/hadoop-ozone/integration-test/target/test-dir/MiniOzoneClusterImpl-b4f26986-4eb4-4ecd-9efe-6fbc1efd26b6/datanode-2/data-0/containers/hdds
2022-11-08 06:33:46,787 [Listener at 127.0.0.1/39611] INFO  ozoneimpl.OzoneContainer (OzoneContainer.java:buildContainerSet(300)) - Build ContainerSet costs 0s
2022-11-08 06:33:46,789 [Listener at 127.0.0.1/39611] INFO  server.RaftServer (ConfUtils.java:logGet(46)) - raft.rpc.type = GRPC (default)
2022-11-08 06:33:46,789 [Listener at 127.0.0.1/39611] INFO  grpc.GrpcConfigKeys (ConfUtils.java:logFallback(53)) - raft.grpc.admin.host = null (fallback to raft.grpc.server.host)
2022-11-08 06:33:46,789 [Listener at 127.0.0.1/39611] INFO  grpc.GrpcConfigKeys (ConfUtils.java:logGet(46)) - raft.grpc.admin.port = 38741 (custom)
2022-11-08 06:33:46,789 [Listener at 127.0.0.1/39611] INFO  grpc.GrpcConfigKeys (ConfUtils.java:logFallback(53)) - raft.grpc.client.host = null (fallback to raft.grpc.server.host)
2022-11-08 06:33:46,790 [Listener at 127.0.0.1/39611] INFO  grpc.GrpcConfigKeys (ConfUtils.java:logGet(46)) - raft.grpc.client.port = 38741 (custom)
2022-11-08 06:33:46,790 [Listener at 127.0.0.1/39611] INFO  grpc.GrpcConfigKeys (ConfUtils.java:logGet(46)) - raft.grpc.server.host = null (default)
2022-11-08 06:33:46,790 [Listener at 127.0.0.1/39611] INFO  grpc.GrpcConfigKeys (ConfUtils.java:logGet(46)) - raft.grpc.server.port = 38741 (custom)
2022-11-08 06:33:46,790 [Listener at 127.0.0.1/39611] INFO  server.GrpcService (ConfUtils.java:logGet(46)) - raft.grpc.message.size.max = 32MB (=33554432) (custom)
2022-11-08 06:33:46,790 [Listener at 127.0.0.1/39611] INFO  server.RaftServerConfigKeys (ConfUtils.java:logGet(46)) - raft.server.log.appender.buffer.byte-limit = 33554432 (custom)
2022-11-08 06:33:46,790 [Listener at 127.0.0.1/39611] INFO  server.GrpcService (ConfUtils.java:logGet(46)) - raft.grpc.flow.control.window = 5MB (=5242880) (custom)
2022-11-08 06:33:46,790 [Listener at 127.0.0.1/39611] INFO  server.RaftServerConfigKeys (ConfUtils.java:logGet(46)) - raft.server.rpc.request.timeout = 60s (custom)
2022-11-08 06:33:46,791 [Listener at 127.0.0.1/39611] INFO  grpc.GrpcConfigKeys (ConfUtils.java:logGet(46)) - raft.grpc.server.heartbeat.channel = true (default)
2022-11-08 06:33:46,791 [Listener at 127.0.0.1/39611] INFO  grpc.GrpcConfigKeys (ConfUtils.java:logGet(46)) - raft.grpc.server.async.request.thread.pool.cached = true (default)
2022-11-08 06:33:46,791 [Listener at 127.0.0.1/39611] INFO  grpc.GrpcConfigKeys (ConfUtils.java:logGet(46)) - raft.grpc.server.async.request.thread.pool.size = 32 (default)
2022-11-08 06:33:46,792 [Listener at 127.0.0.1/39611] INFO  impl.DataStreamServerImpl (ConfUtils.java:logGet(46)) - raft.datastream.type = DISABLED (default)
2022-11-08 06:33:46,792 [Listener at 127.0.0.1/39611] INFO  server.RaftServerConfigKeys (ConfUtils.java:logGet(46)) - raft.server.threadpool.proxy.cached = true (default)
2022-11-08 06:33:46,792 [Listener at 127.0.0.1/39611] INFO  server.RaftServerConfigKeys (ConfUtils.java:logGet(46)) - raft.server.threadpool.proxy.size = 0 (default)
2022-11-08 06:33:46,793 [Listener at 127.0.0.1/39611] INFO  server.RaftServerConfigKeys (ConfUtils.java:logGet(46)) - raft.server.rpc.slowness.timeout = 300s (custom)
2022-11-08 06:33:46,793 [Listener at 127.0.0.1/39611] INFO  server.RaftServerConfigKeys (ConfUtils.java:logGet(46)) - raft.server.leaderelection.leader.step-down.wait-time = 10s (default)
2022-11-08 06:33:46,793 [Listener at 127.0.0.1/39611] INFO  server.RaftServerConfigKeys (ConfUtils.java:logGet(46)) - raft.server.storage.dir = [/home/runner/work/ozone/ozone/hadoop-ozone/integration-test/target/test-dir/MiniOzoneClusterImpl-b4f26986-4eb4-4ecd-9efe-6fbc1efd26b6/datanode-2/data/ratis] (custom)
2022-11-08 06:33:46,793 [99ee034f-b39b-4991-99d2-5a13f1bd518d-impl-thread1] INFO  server.RaftServer (RaftServerProxy.java:initGroupDir(251)) - 99ee034f-b39b-4991-99d2-5a13f1bd518d: found a subdirectory /home/runner/work/ozone/ozone/hadoop-ozone/integration-test/target/test-dir/MiniOzoneClusterImpl-b4f26986-4eb4-4ecd-9efe-6fbc1efd26b6/datanode-2/data/ratis/89621da0-c006-468a-8101-d390d398fa22
2022-11-08 06:33:46,794 [99ee034f-b39b-4991-99d2-5a13f1bd518d-impl-thread1] INFO  server.RaftServer (RaftServerProxy.java:addNew(96)) - 99ee034f-b39b-4991-99d2-5a13f1bd518d: addNew group-D390D398FA22:[] returns group-D390D398FA22:java.util.concurrent.CompletableFuture@71309884[Not completed]
2022-11-08 06:33:46,794 [99ee034f-b39b-4991-99d2-5a13f1bd518d-impl-thread1] INFO  server.RaftServer (RaftServerProxy.java:initGroupDir(251)) - 99ee034f-b39b-4991-99d2-5a13f1bd518d: found a subdirectory /home/runner/work/ozone/ozone/hadoop-ozone/integration-test/target/test-dir/MiniOzoneClusterImpl-b4f26986-4eb4-4ecd-9efe-6fbc1efd26b6/datanode-2/data/ratis/68ac76f0-d2ad-46a9-a038-10c2f7a22406
2022-11-08 06:33:46,794 [99ee034f-b39b-4991-99d2-5a13f1bd518d-impl-thread1] INFO  server.RaftServer (RaftServerProxy.java:addNew(96)) - 99ee034f-b39b-4991-99d2-5a13f1bd518d: addNew group-10C2F7A22406:[] returns group-10C2F7A22406:java.util.concurrent.CompletableFuture@750f127a[Not completed]
2022-11-08 06:33:46,794 [99ee034f-b39b-4991-99d2-5a13f1bd518d-impl-thread1] INFO  server.RaftServer (RaftServerProxy.java:initGroupDir(251)) - 99ee034f-b39b-4991-99d2-5a13f1bd518d: found a subdirectory /home/runner/work/ozone/ozone/hadoop-ozone/integration-test/target/test-dir/MiniOzoneClusterImpl-b4f26986-4eb4-4ecd-9efe-6fbc1efd26b6/datanode-2/data/ratis/5f5358c9-4e19-4da4-878b-347ba50e2c61
2022-11-08 06:33:46,794 [99ee034f-b39b-4991-99d2-5a13f1bd518d-impl-thread1] INFO  server.RaftServer (RaftServerProxy.java:addNew(96)) - 99ee034f-b39b-4991-99d2-5a13f1bd518d: addNew group-347BA50E2C61:[] returns group-347BA50E2C61:java.util.concurrent.CompletableFuture@300d92bf[Not completed]
2022-11-08 06:33:46,795 [Listener at 127.0.0.1/39611] INFO  server.XceiverServerGrpc (XceiverServerGrpc.java:<init>(132)) - GrpcServer channel type EpollServerSocketChannel
2022-11-08 06:33:46,799 [Listener at 127.0.0.1/39611] INFO  http.BaseHttpServer (BaseHttpServer.java:newHttpServer2BuilderForOzone(213)) - Starting Web-server for hddsDatanode at: http://0.0.0.0:42089
2022-11-08 06:33:46,800 [Listener at 127.0.0.1/39611] INFO  http.BaseHttpServer (BaseHttpServer.java:<init>(108)) - Hadoop Security Enabled: false Ozone Security Enabled: false Ozone HTTP Security Enabled: false 
2022-11-08 06:33:46,801 [Listener at 127.0.0.1/39611] WARN  server.AuthenticationFilter (AuthenticationFilter.java:constructSecretProvider(240)) - Unable to initialize FileSignerSecretProvider, falling back to use random secrets. Reason: Could not read signature secret file: /home/runner/hadoop-http-auth-signature-secret
2022-11-08 06:33:46,802 [Listener at 127.0.0.1/39611] WARN  http.HttpRequestLog (HttpRequestLog.java:getRequestLog(103)) - Jetty request log can only be enabled using Log4j
2022-11-08 06:33:46,802 [pool-462-thread-1] INFO  server.RaftServer$Division (RaftServerImpl.java:<init>(195)) - 99ee034f-b39b-4991-99d2-5a13f1bd518d: new RaftServerImpl for group-D390D398FA22:[] with ContainerStateMachine:uninitialized
2022-11-08 06:33:46,802 [pool-462-thread-1] INFO  server.RaftServerConfigKeys (ConfUtils.java:logGet(46)) - raft.server.rpc.timeout.min = 5s (custom)
2022-11-08 06:33:46,802 [pool-462-thread-1] INFO  server.RaftServerConfigKeys (ConfUtils.java:logGet(46)) - raft.server.rpc.timeout.max = 5200ms (custom)
2022-11-08 06:33:46,802 [pool-462-thread-1] INFO  server.RaftServerConfigKeys (ConfUtils.java:logGet(46)) - raft.server.rpc.sleep.time = 25ms (default)
2022-11-08 06:33:46,802 [pool-462-thread-1] INFO  server.RaftServerConfigKeys (ConfUtils.java:logGet(46)) - raft.server.rpc.slowness.timeout = 300s (custom)
2022-11-08 06:33:46,802 [pool-462-thread-1] INFO  server.RaftServerConfigKeys (ConfUtils.java:logGet(46)) - raft.server.leaderelection.leader.step-down.wait-time = 10s (default)
2022-11-08 06:33:46,802 [pool-462-thread-1] INFO  server.RaftServerConfigKeys (ConfUtils.java:logGet(46)) - raft.server.sleep.deviation.threshold = 300ms (default)
2022-11-08 06:33:46,803 [pool-462-thread-1] INFO  server.RaftServer$Division (ServerState.java:<init>(118)) - 99ee034f-b39b-4991-99d2-5a13f1bd518d@group-D390D398FA22: ConfigurationManager, init=-1: peers:[]|listeners:[], old=null, confs=<EMPTY_MAP>
2022-11-08 06:33:46,803 [pool-462-thread-1] INFO  server.RaftServerConfigKeys (ConfUtils.java:logGet(46)) - raft.server.storage.dir = [/home/runner/work/ozone/ozone/hadoop-ozone/integration-test/target/test-dir/MiniOzoneClusterImpl-b4f26986-4eb4-4ecd-9efe-6fbc1efd26b6/datanode-2/data/ratis] (custom)
2022-11-08 06:33:46,803 [pool-462-thread-1] INFO  server.RaftServerConfigKeys (ConfUtils.java:logGet(46)) - raft.server.log.corruption.policy = EXCEPTION (default)
2022-11-08 06:33:46,803 [pool-462-thread-1] INFO  server.RaftServerConfigKeys (ConfUtils.java:logGet(46)) - raft.server.storage.free-space.min = 0MB (=0) (default)
2022-11-08 06:33:46,803 [pool-462-thread-1] INFO  server.RaftServerConfigKeys (ConfUtils.java:logGet(46)) - raft.server.notification.no-leader.timeout = 300s (custom)
2022-11-08 06:33:46,803 [pool-462-thread-1] INFO  server.RaftServerConfigKeys (ConfUtils.java:logGet(46)) - raft.server.retrycache.expirytime = 600000ms (custom)
2022-11-08 06:33:46,803 [pool-462-thread-1] INFO  server.RaftServerConfigKeys (ConfUtils.java:logGet(46)) - raft.server.retrycache.statistics.expirytime = 100μs (default)
2022-11-08 06:33:46,803 [Listener at 127.0.0.1/39611] INFO  http.HttpServer2 (HttpServer2.java:addGlobalFilter(1031)) - Added global filter 'safety' (class=org.apache.hadoop.hdds.server.http.HttpServer2$QuotingInputFilter)
2022-11-08 06:33:46,804 [Listener at 127.0.0.1/39611] INFO  http.HttpServer2 (HttpServer2.java:addFilter(1007)) - Added filter static_user_filter (class=org.apache.hadoop.http.lib.StaticUserWebFilter$StaticUserFilter) to context hddsDatanode
2022-11-08 06:33:46,804 [Listener at 127.0.0.1/39611] INFO  http.HttpServer2 (HttpServer2.java:addFilter(1015)) - Added filter static_user_filter (class=org.apache.hadoop.http.lib.StaticUserWebFilter$StaticUserFilter) to context logs
2022-11-08 06:33:46,804 [Listener at 127.0.0.1/39611] INFO  http.HttpServer2 (HttpServer2.java:addFilter(1015)) - Added filter static_user_filter (class=org.apache.hadoop.http.lib.StaticUserWebFilter$StaticUserFilter) to context static
2022-11-08 06:33:46,806 [pool-462-thread-1] INFO  server.RaftServerConfigKeys (ConfUtils.java:logGet(46)) - raft.server.log.appender.install.snapshot.enabled = false (custom)
2022-11-08 06:33:46,806 [pool-462-thread-1] INFO  server.RaftServerConfigKeys (ConfUtils.java:logGet(46)) - raft.server.threadpool.server.cached = true (default)
2022-11-08 06:33:46,806 [pool-462-thread-1] INFO  server.RaftServerConfigKeys (ConfUtils.java:logGet(46)) - raft.server.threadpool.server.size = 0 (default)
2022-11-08 06:33:46,806 [pool-462-thread-1] INFO  server.RaftServerConfigKeys (ConfUtils.java:logGet(46)) - raft.server.threadpool.client.cached = true (default)
2022-11-08 06:33:46,806 [pool-462-thread-1] INFO  server.RaftServerConfigKeys (ConfUtils.java:logGet(46)) - raft.server.threadpool.client.size = 0 (default)
2022-11-08 06:33:46,807 [pool-462-thread-1] INFO  server.RaftServer$Division (RaftServerImpl.java:<init>(195)) - 99ee034f-b39b-4991-99d2-5a13f1bd518d: new RaftServerImpl for group-10C2F7A22406:[] with ContainerStateMachine:uninitialized
2022-11-08 06:33:46,807 [pool-462-thread-1] INFO  server.RaftServerConfigKeys (ConfUtils.java:logGet(46)) - raft.server.rpc.timeout.min = 5s (custom)
2022-11-08 06:33:46,807 [pool-462-thread-1] INFO  server.RaftServerConfigKeys (ConfUtils.java:logGet(46)) - raft.server.rpc.timeout.max = 5200ms (custom)
2022-11-08 06:33:46,807 [pool-462-thread-1] INFO  server.RaftServerConfigKeys (ConfUtils.java:logGet(46)) - raft.server.rpc.sleep.time = 25ms (default)
2022-11-08 06:33:46,807 [pool-462-thread-1] INFO  server.RaftServerConfigKeys (ConfUtils.java:logGet(46)) - raft.server.rpc.slowness.timeout = 300s (custom)
2022-11-08 06:33:46,807 [pool-462-thread-1] INFO  server.RaftServerConfigKeys (ConfUtils.java:logGet(46)) - raft.server.leaderelection.leader.step-down.wait-time = 10s (default)
2022-11-08 06:33:46,807 [pool-462-thread-1] INFO  server.RaftServerConfigKeys (ConfUtils.java:logGet(46)) - raft.server.sleep.deviation.threshold = 300ms (default)
2022-11-08 06:33:46,808 [pool-462-thread-1] INFO  server.RaftServer$Division (ServerState.java:<init>(118)) - 99ee034f-b39b-4991-99d2-5a13f1bd518d@group-10C2F7A22406: ConfigurationManager, init=-1: peers:[]|listeners:[], old=null, confs=<EMPTY_MAP>
2022-11-08 06:33:46,808 [pool-462-thread-1] INFO  server.RaftServerConfigKeys (ConfUtils.java:logGet(46)) - raft.server.storage.dir = [/home/runner/work/ozone/ozone/hadoop-ozone/integration-test/target/test-dir/MiniOzoneClusterImpl-b4f26986-4eb4-4ecd-9efe-6fbc1efd26b6/datanode-2/data/ratis] (custom)
2022-11-08 06:33:46,808 [pool-462-thread-1] INFO  server.RaftServerConfigKeys (ConfUtils.java:logGet(46)) - raft.server.log.corruption.policy = EXCEPTION (default)
2022-11-08 06:33:46,808 [pool-462-thread-1] INFO  server.RaftServerConfigKeys (ConfUtils.java:logGet(46)) - raft.server.storage.free-space.min = 0MB (=0) (default)
2022-11-08 06:33:46,808 [pool-462-thread-1] INFO  server.RaftServerConfigKeys (ConfUtils.java:logGet(46)) - raft.server.notification.no-leader.timeout = 300s (custom)
2022-11-08 06:33:46,808 [pool-462-thread-1] INFO  server.RaftServerConfigKeys (ConfUtils.java:logGet(46)) - raft.server.retrycache.expirytime = 600000ms (custom)
2022-11-08 06:33:46,808 [pool-462-thread-1] INFO  server.RaftServerConfigKeys (ConfUtils.java:logGet(46)) - raft.server.retrycache.statistics.expirytime = 100μs (default)
2022-11-08 06:33:46,809 [Listener at 127.0.0.1/39611] INFO  http.HttpServer2 (HttpServer2.java:bindListener(1250)) - Jetty bound to port 42089
2022-11-08 06:33:46,809 [pool-462-thread-1] INFO  server.RaftServerConfigKeys (ConfUtils.java:logGet(46)) - raft.server.log.appender.install.snapshot.enabled = false (custom)
2022-11-08 06:33:46,809 [Listener at 127.0.0.1/39611] INFO  server.Server (Server.java:doStart(375)) - jetty-9.4.49.v20220914; built: 2022-09-14T01:07:36.601Z; git: 4231a3b2e4cb8548a412a789936d640a97b1aa0a; jvm 1.8.0_345-b01
2022-11-08 06:33:46,810 [pool-462-thread-1] INFO  server.RaftServerConfigKeys (ConfUtils.java:logGet(46)) - raft.server.threadpool.server.cached = true (default)
2022-11-08 06:33:46,810 [pool-462-thread-1] INFO  server.RaftServerConfigKeys (ConfUtils.java:logGet(46)) - raft.server.threadpool.server.size = 0 (default)
2022-11-08 06:33:46,810 [pool-462-thread-1] INFO  server.RaftServerConfigKeys (ConfUtils.java:logGet(46)) - raft.server.threadpool.client.cached = true (default)
2022-11-08 06:33:46,810 [pool-462-thread-1] INFO  server.RaftServerConfigKeys (ConfUtils.java:logGet(46)) - raft.server.threadpool.client.size = 0 (default)
2022-11-08 06:33:46,811 [pool-462-thread-1] INFO  server.RaftServer$Division (RaftServerImpl.java:<init>(195)) - 99ee034f-b39b-4991-99d2-5a13f1bd518d: new RaftServerImpl for group-347BA50E2C61:[] with ContainerStateMachine:uninitialized
2022-11-08 06:33:46,811 [pool-462-thread-1] INFO  server.RaftServerConfigKeys (ConfUtils.java:logGet(46)) - raft.server.rpc.timeout.min = 5s (custom)
2022-11-08 06:33:46,811 [pool-462-thread-1] INFO  server.RaftServerConfigKeys (ConfUtils.java:logGet(46)) - raft.server.rpc.timeout.max = 5200ms (custom)
2022-11-08 06:33:46,811 [pool-462-thread-1] INFO  server.RaftServerConfigKeys (ConfUtils.java:logGet(46)) - raft.server.rpc.sleep.time = 25ms (default)
2022-11-08 06:33:46,811 [pool-462-thread-1] INFO  server.RaftServerConfigKeys (ConfUtils.java:logGet(46)) - raft.server.rpc.slowness.timeout = 300s (custom)
2022-11-08 06:33:46,811 [pool-462-thread-1] INFO  server.RaftServerConfigKeys (ConfUtils.java:logGet(46)) - raft.server.leaderelection.leader.step-down.wait-time = 10s (default)
2022-11-08 06:33:46,811 [pool-462-thread-1] INFO  server.RaftServerConfigKeys (ConfUtils.java:logGet(46)) - raft.server.sleep.deviation.threshold = 300ms (default)
2022-11-08 06:33:46,811 [pool-462-thread-1] INFO  server.RaftServer$Division (ServerState.java:<init>(118)) - 99ee034f-b39b-4991-99d2-5a13f1bd518d@group-347BA50E2C61: ConfigurationManager, init=-1: peers:[]|listeners:[], old=null, confs=<EMPTY_MAP>
2022-11-08 06:33:46,811 [pool-462-thread-1] INFO  server.RaftServerConfigKeys (ConfUtils.java:logGet(46)) - raft.server.storage.dir = [/home/runner/work/ozone/ozone/hadoop-ozone/integration-test/target/test-dir/MiniOzoneClusterImpl-b4f26986-4eb4-4ecd-9efe-6fbc1efd26b6/datanode-2/data/ratis] (custom)
2022-11-08 06:33:46,811 [pool-462-thread-1] INFO  server.RaftServerConfigKeys (ConfUtils.java:logGet(46)) - raft.server.log.corruption.policy = EXCEPTION (default)
2022-11-08 06:33:46,811 [pool-462-thread-1] INFO  server.RaftServerConfigKeys (ConfUtils.java:logGet(46)) - raft.server.storage.free-space.min = 0MB (=0) (default)
2022-11-08 06:33:46,811 [pool-462-thread-1] INFO  server.RaftServerConfigKeys (ConfUtils.java:logGet(46)) - raft.server.notification.no-leader.timeout = 300s (custom)
2022-11-08 06:33:46,811 [pool-462-thread-1] INFO  server.RaftServerConfigKeys (ConfUtils.java:logGet(46)) - raft.server.retrycache.expirytime = 600000ms (custom)
2022-11-08 06:33:46,811 [pool-462-thread-1] INFO  server.RaftServerConfigKeys (ConfUtils.java:logGet(46)) - raft.server.retrycache.statistics.expirytime = 100μs (default)
2022-11-08 06:33:46,813 [pool-462-thread-1] INFO  server.RaftServerConfigKeys (ConfUtils.java:logGet(46)) - raft.server.log.appender.install.snapshot.enabled = false (custom)
2022-11-08 06:33:46,813 [pool-462-thread-1] INFO  server.RaftServerConfigKeys (ConfUtils.java:logGet(46)) - raft.server.threadpool.server.cached = true (default)
2022-11-08 06:33:46,813 [pool-462-thread-1] INFO  server.RaftServerConfigKeys (ConfUtils.java:logGet(46)) - raft.server.threadpool.server.size = 0 (default)
2022-11-08 06:33:46,813 [pool-462-thread-1] INFO  server.RaftServerConfigKeys (ConfUtils.java:logGet(46)) - raft.server.threadpool.client.cached = true (default)
2022-11-08 06:33:46,813 [pool-462-thread-1] INFO  server.RaftServerConfigKeys (ConfUtils.java:logGet(46)) - raft.server.threadpool.client.size = 0 (default)
2022-11-08 06:33:46,815 [Listener at 127.0.0.1/39611] INFO  server.session (DefaultSessionIdManager.java:doStart(334)) - DefaultSessionIdManager workerName=node0
2022-11-08 06:33:46,815 [Listener at 127.0.0.1/39611] INFO  server.session (DefaultSessionIdManager.java:doStart(339)) - No SessionScavenger set, using defaults
2022-11-08 06:33:46,816 [Listener at 127.0.0.1/39611] INFO  server.session (HouseKeeper.java:startScavenging(132)) - node0 Scavenging every 660000ms
2022-11-08 06:33:46,817 [Listener at 127.0.0.1/39611] INFO  handler.ContextHandler (ContextHandler.java:doStart(921)) - Started o.e.j.s.ServletContextHandler@507c1e19{logs,/logs,file:///home/runner/work/ozone/ozone/hadoop-ozone/integration-test/target/log,AVAILABLE}
2022-11-08 06:33:46,817 [Listener at 127.0.0.1/39611] INFO  handler.ContextHandler (ContextHandler.java:doStart(921)) - Started o.e.j.s.ServletContextHandler@4906e4cd{static,/static,jar:file:/home/runner/.m2/repository/org/apache/ozone/hdds-container-service/1.3.0-SNAPSHOT/hdds-container-service-1.3.0-SNAPSHOT.jar!/webapps/static,AVAILABLE}
2022-11-08 06:33:47,008 [Listener at 127.0.0.1/39611] INFO  handler.ContextHandler (ContextHandler.java:doStart(921)) - Started o.e.j.w.WebAppContext@5c38ce9a{hddsDatanode,/,file:///tmp/jetty-0_0_0_0-42089-hdds-container-service-1_3_0-SNAPSHOT_jar-_-any-1171303568240327539/webapp/,AVAILABLE}{jar:file:/home/runner/.m2/repository/org/apache/ozone/hdds-container-service/1.3.0-SNAPSHOT/hdds-container-service-1.3.0-SNAPSHOT.jar!/webapps/hddsDatanode}
2022-11-08 06:33:47,009 [Listener at 127.0.0.1/39611] INFO  server.AbstractConnector (AbstractConnector.java:doStart(333)) - Started ServerConnector@66e63575{HTTP/1.1, (http/1.1)}{0.0.0.0:42089}
2022-11-08 06:33:47,010 [Listener at 127.0.0.1/39611] INFO  server.Server (Server.java:doStart(415)) - Started @126007ms
2022-11-08 06:33:47,010 [Listener at 127.0.0.1/39611] WARN  impl.MetricsSystemImpl (MetricsSystemImpl.java:register(279)) - Sink prometheus already exists!
2022-11-08 06:33:47,010 [Listener at 127.0.0.1/39611] INFO  http.BaseHttpServer (BaseHttpServer.java:updateConnectorAddress(333)) - HTTP server of hddsDatanode listening at http://0.0.0.0:42089
2022-11-08 06:33:47,012 [Datanode State Machine Daemon Thread] INFO  statemachine.DatanodeStateMachine (DatanodeStateMachine.java:lambda$startDaemon$0(505)) - Ozone container server started.
2022-11-08 06:33:47,013 [Listener at 127.0.0.1/39611] INFO  pipeline.PipelineManagerImpl (PipelineManagerImpl.java:closePipeline(442)) - Pipeline Pipeline[ Id: 89621da0-c006-468a-8101-d390d398fa22, Nodes: d1e5d709-e257-453b-a807-acff1c76fb8f{ip: 10.1.0.244, host: fv-az220-111.shdwizndlbjulinwhzhdmup5sb.jx.internal.cloudapp.net, ports: [REPLICATION=42663, RATIS=38117, RATIS_ADMIN=38117, RATIS_SERVER=38117, STANDALONE=36453], networkLocation: /default-rack, certSerialId: null, persistedOpState: IN_SERVICE, persistedOpStateExpiryEpochSec: 0}fd3bdcb5-514c-4dac-86eb-5773e16bc7f6{ip: 10.1.0.244, host: fv-az220-111.shdwizndlbjulinwhzhdmup5sb.jx.internal.cloudapp.net, ports: [REPLICATION=40397, RATIS=40815, RATIS_ADMIN=40815, RATIS_SERVER=40815, STANDALONE=39111], networkLocation: /default-rack, certSerialId: null, persistedOpState: IN_SERVICE, persistedOpStateExpiryEpochSec: 0}99ee034f-b39b-4991-99d2-5a13f1bd518d{ip: 10.1.0.244, host: fv-az220-111.shdwizndlbjulinwhzhdmup5sb.jx.internal.cloudapp.net, ports: [REPLICATION=46789, RATIS=38741, RATIS_ADMIN=38741, RATIS_SERVER=38741, STANDALONE=34257], networkLocation: /default-rack, certSerialId: null, persistedOpState: IN_SERVICE, persistedOpStateExpiryEpochSec: 0}, ReplicationConfig: RATIS/THREE, State:OPEN, leaderId:99ee034f-b39b-4991-99d2-5a13f1bd518d, CreationTimestamp2022-11-08T06:33:23.079Z[Etc/UTC]] moved to CLOSED state
2022-11-08 06:33:47,013 [Listener at 127.0.0.1/39611] INFO  pipeline.RatisPipelineProvider (RatisPipelineProvider.java:lambda$close$1(244)) - Send pipeline:PipelineID=89621da0-c006-468a-8101-d390d398fa22 close command to datanode d1e5d709-e257-453b-a807-acff1c76fb8f
2022-11-08 06:33:47,014 [Listener at 127.0.0.1/39611] INFO  pipeline.RatisPipelineProvider (RatisPipelineProvider.java:lambda$close$1(244)) - Send pipeline:PipelineID=89621da0-c006-468a-8101-d390d398fa22 close command to datanode fd3bdcb5-514c-4dac-86eb-5773e16bc7f6
2022-11-08 06:33:47,014 [Listener at 127.0.0.1/39611] INFO  pipeline.RatisPipelineProvider (RatisPipelineProvider.java:lambda$close$1(244)) - Send pipeline:PipelineID=89621da0-c006-468a-8101-d390d398fa22 close command to datanode 99ee034f-b39b-4991-99d2-5a13f1bd518d
2022-11-08 06:33:47,018 [Listener at 127.0.0.1/39611] INFO  pipeline.PipelineStateManagerImpl (PipelineStateManagerImpl.java:removePipeline(245)) - Pipeline Pipeline[ Id: 89621da0-c006-468a-8101-d390d398fa22, Nodes: d1e5d709-e257-453b-a807-acff1c76fb8f{ip: 10.1.0.244, host: fv-az220-111.shdwizndlbjulinwhzhdmup5sb.jx.internal.cloudapp.net, ports: [REPLICATION=42663, RATIS=38117, RATIS_ADMIN=38117, RATIS_SERVER=38117, STANDALONE=36453], networkLocation: /default-rack, certSerialId: null, persistedOpState: IN_SERVICE, persistedOpStateExpiryEpochSec: 0}fd3bdcb5-514c-4dac-86eb-5773e16bc7f6{ip: 10.1.0.244, host: fv-az220-111.shdwizndlbjulinwhzhdmup5sb.jx.internal.cloudapp.net, ports: [REPLICATION=40397, RATIS=40815, RATIS_ADMIN=40815, RATIS_SERVER=40815, STANDALONE=39111], networkLocation: /default-rack, certSerialId: null, persistedOpState: IN_SERVICE, persistedOpStateExpiryEpochSec: 0}99ee034f-b39b-4991-99d2-5a13f1bd518d{ip: 10.1.0.244, host: fv-az220-111.shdwizndlbjulinwhzhdmup5sb.jx.internal.cloudapp.net, ports: [REPLICATION=46789, RATIS=38741, RATIS_ADMIN=38741, RATIS_SERVER=38741, STANDALONE=34257], networkLocation: /default-rack, certSerialId: null, persistedOpState: IN_SERVICE, persistedOpStateExpiryEpochSec: 0}, ReplicationConfig: RATIS/THREE, State:CLOSED, leaderId:99ee034f-b39b-4991-99d2-5a13f1bd518d, CreationTimestamp2022-11-08T06:33:23.079Z[Etc/UTC]] removed.
2022-11-08 06:33:47,021 [Listener at 127.0.0.1/39611] INFO  pipeline.PipelineManagerImpl (PipelineManagerImpl.java:closePipeline(442)) - Pipeline Pipeline[ Id: 68ac76f0-d2ad-46a9-a038-10c2f7a22406, Nodes: 99ee034f-b39b-4991-99d2-5a13f1bd518d{ip: 10.1.0.244, host: fv-az220-111.shdwizndlbjulinwhzhdmup5sb.jx.internal.cloudapp.net, ports: [REPLICATION=46789, RATIS=38741, RATIS_ADMIN=38741, RATIS_SERVER=38741, STANDALONE=34257], networkLocation: /default-rack, certSerialId: null, persistedOpState: IN_SERVICE, persistedOpStateExpiryEpochSec: 0}fd3bdcb5-514c-4dac-86eb-5773e16bc7f6{ip: 10.1.0.244, host: fv-az220-111.shdwizndlbjulinwhzhdmup5sb.jx.internal.cloudapp.net, ports: [REPLICATION=40397, RATIS=40815, RATIS_ADMIN=40815, RATIS_SERVER=40815, STANDALONE=39111], networkLocation: /default-rack, certSerialId: null, persistedOpState: IN_SERVICE, persistedOpStateExpiryEpochSec: 0}d1e5d709-e257-453b-a807-acff1c76fb8f{ip: 10.1.0.244, host: fv-az220-111.shdwizndlbjulinwhzhdmup5sb.jx.internal.cloudapp.net, ports: [REPLICATION=42663, RATIS=38117, RATIS_ADMIN=38117, RATIS_SERVER=38117, STANDALONE=36453], networkLocation: /default-rack, certSerialId: null, persistedOpState: IN_SERVICE, persistedOpStateExpiryEpochSec: 0}, ReplicationConfig: RATIS/THREE, State:OPEN, leaderId:d1e5d709-e257-453b-a807-acff1c76fb8f, CreationTimestamp2022-11-08T06:33:23.078Z[Etc/UTC]] moved to CLOSED state
2022-11-08 06:33:47,021 [Listener at 127.0.0.1/39611] INFO  pipeline.RatisPipelineProvider (RatisPipelineProvider.java:lambda$close$1(244)) - Send pipeline:PipelineID=68ac76f0-d2ad-46a9-a038-10c2f7a22406 close command to datanode 99ee034f-b39b-4991-99d2-5a13f1bd518d
2022-11-08 06:33:47,021 [Listener at 127.0.0.1/39611] INFO  pipeline.RatisPipelineProvider (RatisPipelineProvider.java:lambda$close$1(244)) - Send pipeline:PipelineID=68ac76f0-d2ad-46a9-a038-10c2f7a22406 close command to datanode fd3bdcb5-514c-4dac-86eb-5773e16bc7f6
2022-11-08 06:33:47,021 [Listener at 127.0.0.1/39611] INFO  pipeline.RatisPipelineProvider (RatisPipelineProvider.java:lambda$close$1(244)) - Send pipeline:PipelineID=68ac76f0-d2ad-46a9-a038-10c2f7a22406 close command to datanode d1e5d709-e257-453b-a807-acff1c76fb8f
2022-11-08 06:33:47,022 [Listener at 127.0.0.1/39611] INFO  pipeline.PipelineStateManagerImpl (PipelineStateManagerImpl.java:removePipeline(245)) - Pipeline Pipeline[ Id: 68ac76f0-d2ad-46a9-a038-10c2f7a22406, Nodes: 99ee034f-b39b-4991-99d2-5a13f1bd518d{ip: 10.1.0.244, host: fv-az220-111.shdwizndlbjulinwhzhdmup5sb.jx.internal.cloudapp.net, ports: [REPLICATION=46789, RATIS=38741, RATIS_ADMIN=38741, RATIS_SERVER=38741, STANDALONE=34257], networkLocation: /default-rack, certSerialId: null, persistedOpState: IN_SERVICE, persistedOpStateExpiryEpochSec: 0}fd3bdcb5-514c-4dac-86eb-5773e16bc7f6{ip: 10.1.0.244, host: fv-az220-111.shdwizndlbjulinwhzhdmup5sb.jx.internal.cloudapp.net, ports: [REPLICATION=40397, RATIS=40815, RATIS_ADMIN=40815, RATIS_SERVER=40815, STANDALONE=39111], networkLocation: /default-rack, certSerialId: null, persistedOpState: IN_SERVICE, persistedOpStateExpiryEpochSec: 0}d1e5d709-e257-453b-a807-acff1c76fb8f{ip: 10.1.0.244, host: fv-az220-111.shdwizndlbjulinwhzhdmup5sb.jx.internal.cloudapp.net, ports: [REPLICATION=42663, RATIS=38117, RATIS_ADMIN=38117, RATIS_SERVER=38117, STANDALONE=36453], networkLocation: /default-rack, certSerialId: null, persistedOpState: IN_SERVICE, persistedOpStateExpiryEpochSec: 0}, ReplicationConfig: RATIS/THREE, State:CLOSED, leaderId:d1e5d709-e257-453b-a807-acff1c76fb8f, CreationTimestamp2022-11-08T06:33:23.078Z[Etc/UTC]] removed.
2022-11-08 06:33:47,024 [Listener at 127.0.0.1/39611] INFO  ozone.MiniOzoneClusterImpl (MiniOzoneClusterImpl.java:shutdown(448)) - Shutting down the Mini Ozone Cluster
2022-11-08 06:33:47,024 [Listener at 127.0.0.1/39611] INFO  ozone.MiniOzoneClusterImpl (MiniOzoneClusterImpl.java:stop(463)) - Stopping the Mini Ozone Cluster
2022-11-08 06:33:47,024 [Listener at 127.0.0.1/39611] INFO  ozone.MiniOzoneClusterImpl (MiniOzoneClusterImpl.java:stopOM(545)) - Stopping the OzoneManager
2022-11-08 06:33:47,025 [Listener at 127.0.0.1/39611] INFO  om.OzoneManager (OzoneManager.java:stop(2037)) - om1[localhost:0]: Stopping Ozone Manager
2022-11-08 06:33:47,025 [Listener at 127.0.0.1/39611] INFO  ipc.Server (Server.java:stop(3428)) - Stopping server on 39611
2022-11-08 06:33:47,038 [IPC Server listener on 0] INFO  ipc.Server (Server.java:run(1384)) - Stopping IPC Server listener on 0
2022-11-08 06:33:47,038 [IPC Server Responder] INFO  ipc.Server (Server.java:run(1517)) - Stopping IPC Server Responder
2022-11-08 06:33:47,038 [Listener at 127.0.0.1/39611] INFO  server.RaftServer (RaftServerProxy.java:lambda$close$6(409)) - om1: close
2022-11-08 06:33:47,038 [Listener at 127.0.0.1/39611] INFO  server.GrpcService (GrpcService.java:closeImpl(279)) - om1: shutdown server GrpcServerProtocolService now
2022-11-08 06:33:47,038 [om1-impl-thread1] INFO  server.RaftServer$Division (RaftServerImpl.java:lambda$close$4(458)) - om1@group-C5BA1605619E: shutdown
2022-11-08 06:33:47,040 [om1-impl-thread1] INFO  util.JmxRegister (JmxRegister.java:unregister(73)) - Successfully un-registered JMX Bean with object name Ratis:service=RaftServer,group=group-C5BA1605619E,id=om1
2022-11-08 06:33:47,040 [om1-impl-thread1] INFO  impl.RoleInfo (RoleInfo.java:shutdownLeaderState(93)) - om1: shutdown om1@group-C5BA1605619E-LeaderStateImpl
2022-11-08 06:33:47,041 [om1-impl-thread1] INFO  impl.PendingRequests (PendingRequests.java:sendNotLeaderResponses(282)) - om1@group-C5BA1605619E-PendingRequests: sendNotLeaderResponses
2022-11-08 06:33:47,041 [om1-impl-thread1] INFO  impl.StateMachineUpdater (StateMachineUpdater.java:stopAndJoin(153)) - om1@group-C5BA1605619E-StateMachineUpdater: set stopIndex = 0
2022-11-08 06:33:47,046 [om1@group-C5BA1605619E-StateMachineUpdater] INFO  ratis.OzoneManagerStateMachine (OzoneManagerStateMachine.java:takeSnapshot(445)) - Current Snapshot Index (t:1, i:0)
2022-11-08 06:33:47,046 [om1@group-C5BA1605619E-StateMachineUpdater] INFO  impl.StateMachineUpdater (StateMachineUpdater.java:takeSnapshot(287)) - om1@group-C5BA1605619E-StateMachineUpdater: Took a snapshot at index 0
2022-11-08 06:33:47,046 [om1@group-C5BA1605619E-StateMachineUpdater] INFO  impl.StateMachineUpdater (StateMachineUpdater.java:lambda$new$0(92)) - om1@group-C5BA1605619E-StateMachineUpdater: snapshotIndex: updateIncreasingly -1 -> 0
2022-11-08 06:33:47,046 [om1@group-C5BA1605619E-StateMachineUpdater] INFO  ratis.OzoneManagerStateMachine (OzoneManagerStateMachine.java:close(499)) - StateMachine has shutdown. Shutdown OzoneManager if not already shutdown.
2022-11-08 06:33:47,046 [om1@group-C5BA1605619E-StateMachineUpdater] INFO  ratis.OzoneManagerDoubleBuffer (OzoneManagerDoubleBuffer.java:stop(466)) - Stopping OMDoubleBuffer flush thread
2022-11-08 06:33:47,046 [Listener at 127.0.0.1/39611] INFO  server.GrpcService (GrpcService.java:closeImpl(288)) - om1: shutdown server GrpcServerProtocolService successfully
2022-11-08 06:33:47,046 [OMDoubleBufferFlushThread] INFO  ratis.OzoneManagerDoubleBuffer (OzoneManagerDoubleBuffer.java:flushTransactions(385)) - OMDoubleBuffer flush thread OMDoubleBufferFlushThread is interrupted and will exit.
2022-11-08 06:33:47,047 [org.apache.hadoop.util.JvmPauseMonitor$Monitor@706f7ed8] INFO  util.JvmPauseMonitor (JvmPauseMonitor.java:run(188)) - Starting JVM pause monitor
2022-11-08 06:33:47,047 [om1-impl-thread1] INFO  server.RaftServer$Division (ServerState.java:close(466)) - om1@group-C5BA1605619E: closes. applyIndex: 0
2022-11-08 06:33:47,047 [om1@group-C5BA1605619E-SegmentedRaftLogWorker] INFO  segmented.SegmentedRaftLogWorker (SegmentedRaftLogWorker.java:run(345)) - om1@group-C5BA1605619E-SegmentedRaftLogWorker was interrupted, exiting. There are 0 tasks remaining in the queue.
2022-11-08 06:33:47,048 [om1-impl-thread1] INFO  segmented.SegmentedRaftLogWorker (SegmentedRaftLogWorker.java:close(255)) - om1@group-C5BA1605619E-SegmentedRaftLogWorker close()
2022-11-08 06:33:47,049 [JvmPauseMonitor7] INFO  util.JvmPauseMonitor (JvmPauseMonitor.java:run(111)) - JvmPauseMonitor-om1: Stopped
2022-11-08 06:33:47,049 [Listener at 127.0.0.1/39611] INFO  ratis.OzoneManagerStateMachine (OzoneManagerStateMachine.java:close(499)) - StateMachine has shutdown. Shutdown OzoneManager if not already shutdown.
2022-11-08 06:33:47,049 [Listener at 127.0.0.1/39611] INFO  ratis.OzoneManagerDoubleBuffer (OzoneManagerDoubleBuffer.java:stop(478)) - OMDoubleBuffer flush thread is not running.
2022-11-08 06:33:47,049 [Listener at 127.0.0.1/39611] INFO  utils.BackgroundService (BackgroundService.java:shutdown(141)) - Shutting down service KeyDeletingService
2022-11-08 06:33:47,050 [Datanode State Machine Task Thread - 0] INFO  datanode.InitDatanodeState (InitDatanodeState.java:persistContainerDatanodeDetails(138)) - DatanodeDetails is persisted to /home/runner/work/ozone/ozone/hadoop-ozone/integration-test/target/test-dir/MiniOzoneClusterImpl-b4f26986-4eb4-4ecd-9efe-6fbc1efd26b6/datanode-2/meta/datanode.id
2022-11-08 06:33:47,052 [Listener at 127.0.0.1/39611] INFO  utils.BackgroundService (BackgroundService.java:shutdown(141)) - Shutting down service DirectoryDeletingService
2022-11-08 06:33:47,053 [Listener at 127.0.0.1/39611] INFO  utils.BackgroundService (BackgroundService.java:shutdown(141)) - Shutting down service OpenKeyCleanupService
2022-11-08 06:33:47,053 [Listener at 127.0.0.1/39611] INFO  handler.ContextHandler (ContextHandler.java:doStop(1159)) - Stopped o.e.j.w.WebAppContext@2495d489{ozoneManager,/,null,STOPPED}{file:/home/runner/work/ozone/ozone/hadoop-ozone/integration-test/target/test-classes/webapps/ozoneManager}
2022-11-08 06:33:47,054 [Listener at 127.0.0.1/39611] INFO  server.AbstractConnector (AbstractConnector.java:doStop(383)) - Stopped ServerConnector@2e191007{HTTP/1.1, (http/1.1)}{0.0.0.0:0}
2022-11-08 06:33:47,054 [Listener at 127.0.0.1/39611] INFO  server.session (HouseKeeper.java:stopScavenging(149)) - node0 Stopped scavenging
2022-11-08 06:33:47,054 [Listener at 127.0.0.1/39611] INFO  handler.ContextHandler (ContextHandler.java:doStop(1159)) - Stopped o.e.j.s.ServletContextHandler@32f5a26b{static,/static,file:///home/runner/work/ozone/ozone/hadoop-ozone/integration-test/target/test-classes/webapps/static,STOPPED}
2022-11-08 06:33:47,055 [Listener at 127.0.0.1/39611] INFO  handler.ContextHandler (ContextHandler.java:doStop(1159)) - Stopped o.e.j.s.ServletContextHandler@6dc9e869{logs,/logs,file:///home/runner/work/ozone/ozone/hadoop-ozone/integration-test/target/log,STOPPED}
2022-11-08 06:33:47,058 [Listener at 127.0.0.1/39611] INFO  ozone.MiniOzoneClusterImpl (MiniOzoneClusterImpl.java:stopDatanodes(522)) - Stopping the HddsDatanodes
2022-11-08 06:33:47,061 [ForkJoinPool.commonPool-worker-0] INFO  ozoneimpl.OzoneContainer (OzoneContainer.java:stop(400)) - Attempting to stop container services.
2022-11-08 06:33:47,062 [Listener at 127.0.0.1/39611] INFO  ozoneimpl.OzoneContainer (OzoneContainer.java:stop(400)) - Attempting to stop container services.
2022-11-08 06:33:47,064 [Listener at 127.0.0.1/39611] INFO  volume.HddsVolume (HddsVolume.java:closeDbStore(338)) - SchemaV3 db is stopped at /home/runner/work/ozone/ozone/hadoop-ozone/integration-test/target/test-dir/MiniOzoneClusterImpl-b4f26986-4eb4-4ecd-9efe-6fbc1efd26b6/datanode-1/data-0/containers/hdds/b4f26986-4eb4-4ecd-9efe-6fbc1efd26b6/DS-eca9a5e7-96b7-40fa-a10d-b353667f0f5e/container.db for volume DS-eca9a5e7-96b7-40fa-a10d-b353667f0f5e
2022-11-08 06:33:47,065 [Listener at 127.0.0.1/39611] INFO  utils.BackgroundService (BackgroundService.java:shutdown(141)) - Shutting down service BlockDeletingService
2022-11-08 06:33:47,066 [Listener at 127.0.0.1/39611] INFO  utils.BackgroundService (BackgroundService.java:shutdown(141)) - Shutting down service StaleRecoveringContainerScrubbingService
2022-11-08 06:33:47,074 [ForkJoinPool.commonPool-worker-0] INFO  volume.HddsVolume (HddsVolume.java:closeDbStore(338)) - SchemaV3 db is stopped at /home/runner/work/ozone/ozone/hadoop-ozone/integration-test/target/test-dir/MiniOzoneClusterImpl-b4f26986-4eb4-4ecd-9efe-6fbc1efd26b6/datanode-0/data-0/containers/hdds/b4f26986-4eb4-4ecd-9efe-6fbc1efd26b6/DS-6d13cae2-c8a6-4285-9dae-b805bd463183/container.db for volume DS-6d13cae2-c8a6-4285-9dae-b805bd463183
2022-11-08 06:33:47,075 [ForkJoinPool.commonPool-worker-0] INFO  utils.BackgroundService (BackgroundService.java:shutdown(141)) - Shutting down service BlockDeletingService
2022-11-08 06:33:47,075 [ForkJoinPool.commonPool-worker-0] INFO  utils.BackgroundService (BackgroundService.java:shutdown(141)) - Shutting down service StaleRecoveringContainerScrubbingService
2022-11-08 06:33:47,078 [ForkJoinPool.commonPool-worker-0] INFO  statemachine.DatanodeStateMachine (DatanodeStateMachine.java:stopDaemon(593)) - Ozone container server stopped.
2022-11-08 06:33:47,078 [Listener at 127.0.0.1/39611] INFO  statemachine.DatanodeStateMachine (DatanodeStateMachine.java:stopDaemon(593)) - Ozone container server stopped.
2022-11-08 06:33:47,091 [ForkJoinPool.commonPool-worker-0] INFO  handler.ContextHandler (ContextHandler.java:doStop(1159)) - Stopped o.e.j.w.WebAppContext@70a56d5d{hddsDatanode,/,null,STOPPED}{jar:file:/home/runner/.m2/repository/org/apache/ozone/hdds-container-service/1.3.0-SNAPSHOT/hdds-container-service-1.3.0-SNAPSHOT.jar!/webapps/hddsDatanode}
2022-11-08 06:33:47,092 [ForkJoinPool.commonPool-worker-0] INFO  server.AbstractConnector (AbstractConnector.java:doStop(383)) - Stopped ServerConnector@59edc1e7{HTTP/1.1, (http/1.1)}{0.0.0.0:40277}
2022-11-08 06:33:47,092 [ForkJoinPool.commonPool-worker-0] INFO  server.session (HouseKeeper.java:stopScavenging(149)) - node0 Stopped scavenging
2022-11-08 06:33:47,092 [ForkJoinPool.commonPool-worker-0] INFO  handler.ContextHandler (ContextHandler.java:doStop(1159)) - Stopped o.e.j.s.ServletContextHandler@59de2e13{static,/static,jar:file:/home/runner/.m2/repository/org/apache/ozone/hdds-container-service/1.3.0-SNAPSHOT/hdds-container-service-1.3.0-SNAPSHOT.jar!/webapps/static,STOPPED}
2022-11-08 06:33:47,093 [ForkJoinPool.commonPool-worker-0] INFO  handler.ContextHandler (ContextHandler.java:doStop(1159)) - Stopped o.e.j.s.ServletContextHandler@263a5cf2{logs,/logs,file:///home/runner/work/ozone/ozone/hadoop-ozone/integration-test/target/log,STOPPED}
2022-11-08 06:33:47,095 [ForkJoinPool.commonPool-worker-0] INFO  ozoneimpl.OzoneContainer (OzoneContainer.java:stop(400)) - Attempting to stop container services.
2022-11-08 06:33:47,101 [ForkJoinPool.commonPool-worker-0] INFO  volume.HddsVolume (HddsVolume.java:closeDbStore(338)) - SchemaV3 db is stopped at /home/runner/work/ozone/ozone/hadoop-ozone/integration-test/target/test-dir/MiniOzoneClusterImpl-b4f26986-4eb4-4ecd-9efe-6fbc1efd26b6/datanode-2/data-0/containers/hdds/b4f26986-4eb4-4ecd-9efe-6fbc1efd26b6/DS-a6700826-eaf4-409f-ae9b-a543387cae47/container.db for volume DS-a6700826-eaf4-409f-ae9b-a543387cae47
2022-11-08 06:33:47,101 [ForkJoinPool.commonPool-worker-0] INFO  utils.BackgroundService (BackgroundService.java:shutdown(141)) - Shutting down service BlockDeletingService
2022-11-08 06:33:47,102 [ForkJoinPool.commonPool-worker-0] INFO  utils.BackgroundService (BackgroundService.java:shutdown(141)) - Shutting down service StaleRecoveringContainerScrubbingService
2022-11-08 06:33:47,103 [ForkJoinPool.commonPool-worker-0] INFO  statemachine.DatanodeStateMachine (DatanodeStateMachine.java:stopDaemon(593)) - Ozone container server stopped.
2022-11-08 06:33:47,104 [Listener at 127.0.0.1/39611] INFO  handler.ContextHandler (ContextHandler.java:doStop(1159)) - Stopped o.e.j.w.WebAppContext@2a5c851b{hddsDatanode,/,null,STOPPED}{jar:file:/home/runner/.m2/repository/org/apache/ozone/hdds-container-service/1.3.0-SNAPSHOT/hdds-container-service-1.3.0-SNAPSHOT.jar!/webapps/hddsDatanode}
2022-11-08 06:33:47,105 [Listener at 127.0.0.1/39611] INFO  server.AbstractConnector (AbstractConnector.java:doStop(383)) - Stopped ServerConnector@535708fd{HTTP/1.1, (http/1.1)}{0.0.0.0:36645}
2022-11-08 06:33:47,105 [Listener at 127.0.0.1/39611] INFO  server.session (HouseKeeper.java:stopScavenging(149)) - node0 Stopped scavenging
2022-11-08 06:33:47,106 [Listener at 127.0.0.1/39611] INFO  handler.ContextHandler (ContextHandler.java:doStop(1159)) - Stopped o.e.j.s.ServletContextHandler@56158d84{static,/static,jar:file:/home/runner/.m2/repository/org/apache/ozone/hdds-container-service/1.3.0-SNAPSHOT/hdds-container-service-1.3.0-SNAPSHOT.jar!/webapps/static,STOPPED}
2022-11-08 06:33:47,106 [Listener at 127.0.0.1/39611] INFO  handler.ContextHandler (ContextHandler.java:doStop(1159)) - Stopped o.e.j.s.ServletContextHandler@529d2e69{logs,/logs,file:///home/runner/work/ozone/ozone/hadoop-ozone/integration-test/target/log,STOPPED}
2022-11-08 06:33:47,113 [ForkJoinPool.commonPool-worker-0] INFO  handler.ContextHandler (ContextHandler.java:doStop(1159)) - Stopped o.e.j.w.WebAppContext@5c38ce9a{hddsDatanode,/,null,STOPPED}{jar:file:/home/runner/.m2/repository/org/apache/ozone/hdds-container-service/1.3.0-SNAPSHOT/hdds-container-service-1.3.0-SNAPSHOT.jar!/webapps/hddsDatanode}
2022-11-08 06:33:47,113 [ForkJoinPool.commonPool-worker-0] INFO  server.AbstractConnector (AbstractConnector.java:doStop(383)) - Stopped ServerConnector@66e63575{HTTP/1.1, (http/1.1)}{0.0.0.0:42089}
2022-11-08 06:33:47,113 [ForkJoinPool.commonPool-worker-0] INFO  server.session (HouseKeeper.java:stopScavenging(149)) - node0 Stopped scavenging
2022-11-08 06:33:47,114 [ForkJoinPool.commonPool-worker-0] INFO  handler.ContextHandler (ContextHandler.java:doStop(1159)) - Stopped o.e.j.s.ServletContextHandler@4906e4cd{static,/static,jar:file:/home/runner/.m2/repository/org/apache/ozone/hdds-container-service/1.3.0-SNAPSHOT/hdds-container-service-1.3.0-SNAPSHOT.jar!/webapps/static,STOPPED}
2022-11-08 06:33:47,114 [ForkJoinPool.commonPool-worker-0] INFO  handler.ContextHandler (ContextHandler.java:doStop(1159)) - Stopped o.e.j.s.ServletContextHandler@507c1e19{logs,/logs,file:///home/runner/work/ozone/ozone/hadoop-ozone/integration-test/target/log,STOPPED}
2022-11-08 06:33:47,115 [Listener at 127.0.0.1/39611] INFO  ozone.MiniOzoneClusterImpl (MiniOzoneClusterImpl.java:stopSCM(537)) - Stopping the StorageContainerManager
2022-11-08 06:33:47,115 [Listener at 127.0.0.1/39611] INFO  server.StorageContainerManager (StorageContainerManager.java:stop(1545)) - Container Balancer is not running.
2022-11-08 06:33:47,116 [Listener at 127.0.0.1/39611] INFO  server.StorageContainerManager (StorageContainerManager.java:stop(1552)) - Stopping Replication Manager Service.
2022-11-08 06:33:47,116 [Listener at 127.0.0.1/39611] INFO  replication.ReplicationManager (ReplicationManager.java:stop(273)) - Stopping Replication Monitor Thread.
2022-11-08 06:33:47,116 [Under Replicated Processor] WARN  replication.UnderReplicatedProcessor (UnderReplicatedProcessor.java:run(148)) - Under Replicated Processor interrupted. Exiting...
2022-11-08 06:33:47,116 [Over Replicated Processor] WARN  replication.OverReplicatedProcessor (OverReplicatedProcessor.java:run(137)) - Over Replicated Processor interrupted. Exiting...
2022-11-08 06:33:47,116 [ReplicationMonitor] INFO  replication.ReplicationManager (ReplicationManager.java:run(579)) - Replication Monitor Thread is stopped
2022-11-08 06:33:47,116 [Listener at 127.0.0.1/39611] INFO  server.StorageContainerManager (StorageContainerManager.java:stop(1559)) - Stopping the Datanode Admin Monitor.
2022-11-08 06:33:47,116 [Listener at 127.0.0.1/39611] INFO  server.StorageContainerManager (StorageContainerManager.java:stop(1566)) - Stopping Lease Manager of the command watchers
2022-11-08 06:33:47,117 [Listener at 127.0.0.1/39611] INFO  server.StorageContainerManager (StorageContainerManager.java:stop(1573)) - Stopping datanode service RPC server
2022-11-08 06:33:47,117 [Listener at 127.0.0.1/39611] INFO  server.SCMDatanodeProtocolServer (SCMDatanodeProtocolServer.java:stop(414)) - Stopping the RPC server for DataNodes
2022-11-08 06:33:47,117 [Listener at 127.0.0.1/39611] INFO  ipc.Server (Server.java:stop(3428)) - Stopping server on 35735
2022-11-08 06:33:47,120 [IPC Server listener on 0] INFO  ipc.Server (Server.java:run(1384)) - Stopping IPC Server listener on 0
2022-11-08 06:33:47,121 [IPC Server Responder] INFO  ipc.Server (Server.java:run(1517)) - Stopping IPC Server Responder
2022-11-08 06:33:47,783 [SCM Heartbeat Processing Thread - 0] WARN  node.NodeStateManager (NodeStateManager.java:scheduleNextHealthCheck(870)) - Current Thread is interrupted, shutting down HB processing thread for Node Manager.
2022-11-08 06:33:47,783 [Listener at 127.0.0.1/39611] INFO  server.StorageContainerManager (StorageContainerManager.java:stop(1581)) - Stopping block service RPC server
2022-11-08 06:33:47,783 [Listener at 127.0.0.1/39611] INFO  server.SCMBlockProtocolServer (SCMBlockProtocolServer.java:stop(161)) - Stopping the RPC server for Block Protocol
2022-11-08 06:33:47,783 [Listener at 127.0.0.1/39611] INFO  ipc.Server (Server.java:stop(3428)) - Stopping server on 41215
2022-11-08 06:33:47,786 [IPC Server listener on 0] INFO  ipc.Server (Server.java:run(1384)) - Stopping IPC Server listener on 0
2022-11-08 06:33:47,786 [IPC Server Responder] INFO  ipc.Server (Server.java:run(1517)) - Stopping IPC Server Responder
2022-11-08 06:33:47,789 [Listener at 127.0.0.1/39611] INFO  server.StorageContainerManager (StorageContainerManager.java:stop(1588)) - Stopping the StorageContainerLocationProtocol RPC server
2022-11-08 06:33:47,789 [Listener at 127.0.0.1/39611] INFO  server.SCMClientProtocolServer (SCMClientProtocolServer.java:stop(179)) - Stopping the RPC server for Client Protocol
2022-11-08 06:33:47,790 [Listener at 127.0.0.1/39611] INFO  ipc.Server (Server.java:stop(3428)) - Stopping server on 46189
2022-11-08 06:33:47,792 [IPC Server listener on 0] INFO  ipc.Server (Server.java:run(1384)) - Stopping IPC Server listener on 0
2022-11-08 06:33:47,792 [IPC Server Responder] INFO  ipc.Server (Server.java:run(1517)) - Stopping IPC Server Responder
2022-11-08 06:33:47,792 [Listener at 127.0.0.1/39611] INFO  server.StorageContainerManager (StorageContainerManager.java:stop(1595)) - Stopping Storage Container Manager HTTP server.
2022-11-08 06:33:47,793 [Listener at 127.0.0.1/39611] INFO  handler.ContextHandler (ContextHandler.java:doStop(1159)) - Stopped o.e.j.w.WebAppContext@58c0becb{scm,/,null,STOPPED}{file:/home/runner/work/ozone/ozone/hadoop-ozone/integration-test/target/test-classes/webapps/scm}
2022-11-08 06:33:47,794 [Listener at 127.0.0.1/39611] INFO  server.AbstractConnector (AbstractConnector.java:doStop(383)) - Stopped ServerConnector@28f87cc{HTTP/1.1, (http/1.1)}{0.0.0.0:0}
2022-11-08 06:33:47,794 [Listener at 127.0.0.1/39611] INFO  server.session (HouseKeeper.java:stopScavenging(149)) - node0 Stopped scavenging
2022-11-08 06:33:47,794 [Listener at 127.0.0.1/39611] INFO  handler.ContextHandler (ContextHandler.java:doStop(1159)) - Stopped o.e.j.s.ServletContextHandler@7c5f2945{static,/static,file:///home/runner/work/ozone/ozone/hadoop-ozone/integration-test/target/test-classes/webapps/static,STOPPED}
2022-11-08 06:33:47,795 [Listener at 127.0.0.1/39611] INFO  handler.ContextHandler (ContextHandler.java:doStop(1159)) - Stopped o.e.j.s.ServletContextHandler@21249add{logs,/logs,file:///home/runner/work/ozone/ozone/hadoop-ozone/integration-test/target/log,STOPPED}
2022-11-08 06:33:47,796 [Listener at 127.0.0.1/39611] INFO  server.StorageContainerManager (StorageContainerManager.java:stop(1601)) - Stopping SCM LayoutVersionManager Service.
2022-11-08 06:33:47,796 [Listener at 127.0.0.1/39611] INFO  server.StorageContainerManager (StorageContainerManager.java:stop(1609)) - Stopping Block Manager Service.
2022-11-08 06:33:47,796 [Listener at 127.0.0.1/39611] INFO  utils.BackgroundService (BackgroundService.java:shutdown(141)) - Shutting down service SCMBlockDeletingService
2022-11-08 06:33:47,796 [Listener at 127.0.0.1/39611] INFO  utils.BackgroundService (BackgroundService.java:shutdown(141)) - Shutting down service SCMBlockDeletingService
2022-11-08 06:33:47,796 [Listener at 127.0.0.1/39611] INFO  server.StorageContainerManager (StorageContainerManager.java:stop(1636)) - Stopping SCM Event Queue.
2022-11-08 06:33:47,798 [Listener at 127.0.0.1/39611] INFO  server.StorageContainerManager (StorageContainerManager.java:stop(1647)) - Stopping SCM HA services.
2022-11-08 06:33:47,798 [Listener at 127.0.0.1/39611] INFO  pipeline.BackgroundPipelineCreator (BackgroundPipelineCreator.java:stop(149)) - Stopping RatisPipelineUtilsThread.
2022-11-08 06:33:47,798 [RatisPipelineUtilsThread - 0] WARN  pipeline.BackgroundPipelineCreator (BackgroundPipelineCreator.java:run(180)) - RatisPipelineUtilsThread is interrupted.
2022-11-08 06:33:47,798 [BackgroundPipelineScrubberThread] WARN  BackgroundPipelineScrubber (BackgroundSCMService.java:run(115)) - BackgroundPipelineScrubber is interrupted, exit
2022-11-08 06:33:47,798 [Listener at 127.0.0.1/39611] INFO  BackgroundPipelineScrubber (BackgroundSCMService.java:stop(131)) - Stopping BackgroundPipelineScrubber Service.
2022-11-08 06:33:47,800 [Listener at 127.0.0.1/39611] INFO  impl.MetricsSystemImpl (MetricsSystemImpl.java:stop(210)) - Stopping HddsDatanode metrics system...
2022-11-08 06:33:47,806 [prometheus] INFO  impl.MetricsSinkAdapter (MetricsSinkAdapter.java:publishMetricsFromQueue(141)) - prometheus thread interrupted.
2022-11-08 06:33:47,806 [Listener at 127.0.0.1/39611] INFO  impl.MetricsSystemImpl (MetricsSystemImpl.java:stop(216)) - HddsDatanode metrics system stopped.
2022-11-08 06:33:47,806 [Listener at 127.0.0.1/39611] WARN  pipeline.BackgroundPipelineCreator (BackgroundPipelineCreator.java:stop(145)) - RatisPipelineUtilsThread is not running, just ignore.
2022-11-08 06:33:47,807 [Listener at 127.0.0.1/39611] INFO  BackgroundPipelineScrubber (BackgroundSCMService.java:stop(126)) - BackgroundPipelineScrubber Service is not running, skip stop.
2022-11-08 06:33:47,807 [Listener at 127.0.0.1/39611] INFO  ExpiredContainerReplicaOpScrubber (BackgroundSCMService.java:stop(131)) - Stopping ExpiredContainerReplicaOpScrubber Service.
2022-11-08 06:33:47,807 [Listener at 127.0.0.1/39611] INFO  utils.BackgroundService (BackgroundService.java:shutdown(141)) - Shutting down service SCMBlockDeletingService
2022-11-08 06:33:47,807 [ExpiredContainerReplicaOpScrubberThread] WARN  ExpiredContainerReplicaOpScrubber (BackgroundSCMService.java:run(115)) - ExpiredContainerReplicaOpScrubber is interrupted, exit
2022-11-08 06:33:47,807 [Listener at 127.0.0.1/39611] INFO  replication.ReplicationManager (ReplicationManager.java:stop(281)) - Replication Monitor Thread is not running.
2022-11-08 06:33:47,807 [Listener at 127.0.0.1/39611] WARN  balancer.ContainerBalancer (ContainerBalancer.java:stop(322)) - Cannot stop Container Balancer because it's not running or stopping
2022-11-08 06:33:47,807 [Listener at 127.0.0.1/39611] INFO  server.StorageContainerManager (StorageContainerManager.java:stop(1665)) - Stopping SCM MetadataStore.
]]></system-out>
  </testcase>
  <testcase name="testAutomaticPipelineCreationDisablingFactorONE" classname="org.apache.hadoop.hdds.scm.pipeline.TestRatisPipelineCreateAndDestroy" time="37.269">
    <system-out><![CDATA[2022-11-08 06:33:47,849 [Listener at 127.0.0.1/39611] WARN  server.ServerUtils (ServerUtils.java:getScmDbDir(148)) - ozone.scm.db.dirs is not configured. We recommend adding this setting. Falling back to ozone.metadata.dirs instead.
2022-11-08 06:33:47,853 [Listener at 127.0.0.1/39611] WARN  server.ServerUtils (ServerUtils.java:getScmDbDir(148)) - ozone.scm.db.dirs is not configured. We recommend adding this setting. Falling back to ozone.metadata.dirs instead.
2022-11-08 06:33:47,853 [Listener at 127.0.0.1/39611] INFO  ha.SCMHANodeDetails (SCMHANodeDetails.java:loadSCMHAConfig(209)) - ServiceID for StorageContainerManager is null
2022-11-08 06:33:47,853 [Listener at 127.0.0.1/39611] INFO  ha.SCMHANodeDetails (SCMHANodeDetails.java:loadSCMHAConfig(214)) - ozone.scm.default.service.id is not defined, falling back to ozone.scm.service.ids to find serviceID for StorageContainerManager if it is HA enabled cluster
2022-11-08 06:33:47,854 [Listener at 127.0.0.1/39611] WARN  utils.HAUtils (HAUtils.java:getMetaDir(342)) - ozone.scm.db.dirs is not configured. We recommend adding this setting. Falling back to ozone.metadata.dirs instead.
2022-11-08 06:33:47,854 [Listener at 127.0.0.1/39611] WARN  db.DBStoreBuilder (DBStoreBuilder.java:applyDBDefinition(144)) - ozone.scm.db.dirs is not configured. We recommend adding this setting. Falling back to ozone.metadata.dirs instead.
2022-11-08 06:33:47,994 [Listener at 127.0.0.1/39611] INFO  net.NodeSchemaLoader (NodeSchemaLoader.java:loadSchemaFromFile(129)) - Loading schema from [jar:file:/home/runner/.m2/repository/org/apache/ozone/hdds-common/1.3.0-SNAPSHOT/hdds-common-1.3.0-SNAPSHOT.jar!/network-topology-default.xml]
2022-11-08 06:33:47,994 [Listener at 127.0.0.1/39611] INFO  net.NodeSchemaLoader (NodeSchemaLoader.java:loadSchema(176)) - Loading network topology layer schema file
2022-11-08 06:33:47,997 [Listener at 127.0.0.1/39611] INFO  upgrade.AbstractLayoutVersionManager (AbstractLayoutVersionManager.java:init(83)) - Initializing Layout version manager with metadata layout = DATANODE_SCHEMA_V3 (version = 4), software layout = DATANODE_SCHEMA_V3 (version = 4)
2022-11-08 06:33:48,044 [Listener at 127.0.0.1/39611] INFO  reflections.Reflections (Reflections.java:scan(232)) - Reflections took 45 ms to scan 7 urls, producing 139 keys and 336 values 
2022-11-08 06:33:48,046 [Listener at 127.0.0.1/39611] INFO  ha.SequenceIdGenerator (SequenceIdGenerator.java:upgradeToSequenceId(349)) - upgrade localId to 109611004723200000
2022-11-08 06:33:48,046 [Listener at 127.0.0.1/39611] INFO  ha.SequenceIdGenerator (SequenceIdGenerator.java:upgradeToSequenceId(359)) - upgrade delTxnId to 0
2022-11-08 06:33:48,046 [Listener at 127.0.0.1/39611] INFO  ha.SequenceIdGenerator (SequenceIdGenerator.java:upgradeToSequenceId(376)) - upgrade containerId to 0
2022-11-08 06:33:48,047 [Listener at 127.0.0.1/39611] INFO  ha.SequenceIdGenerator (SequenceIdGenerator.java:<init>(220)) - Init the HA SequenceIdGenerator.
2022-11-08 06:33:48,047 [Listener at 127.0.0.1/39611] INFO  node.SCMNodeManager (SCMNodeManager.java:<init>(149)) - Entering startup safe mode.
2022-11-08 06:33:48,048 [Listener at 127.0.0.1/39611] INFO  algorithms.ContainerPlacementPolicyFactory (ContainerPlacementPolicyFactory.java:getPolicyInternal(86)) - Create container placement policy of type org.apache.hadoop.hdds.scm.container.placement.algorithms.SCMContainerPlacementRandom
2022-11-08 06:33:48,048 [Listener at 127.0.0.1/39611] INFO  algorithms.ContainerPlacementPolicyFactory (ContainerPlacementPolicyFactory.java:getPolicyInternal(86)) - Create container placement policy of type org.apache.hadoop.hdds.scm.container.placement.algorithms.SCMContainerPlacementRackScatter
2022-11-08 06:33:48,048 [Listener at 127.0.0.1/39611] INFO  pipeline.PipelineStateManagerImpl (PipelineStateManagerImpl.java:initialize(78)) - No pipeline exists in current db
2022-11-08 06:33:48,048 [Listener at 127.0.0.1/39611] INFO  algorithms.LeaderChoosePolicyFactory (LeaderChoosePolicyFactory.java:getPolicy(57)) - Create leader choose policy of type org.apache.hadoop.hdds.scm.pipeline.leader.choose.algorithms.MinLeaderCountChoosePolicy
2022-11-08 06:33:48,049 [Listener at 127.0.0.1/39611] INFO  algorithms.ContainerPlacementPolicyFactory (ContainerPlacementPolicyFactory.java:getPolicyInternal(86)) - Create container placement policy of type org.apache.hadoop.hdds.scm.container.placement.algorithms.SCMContainerPlacementRackScatter
2022-11-08 06:33:48,049 [Listener at 127.0.0.1/39611] INFO  ha.SCMServiceManager (SCMServiceManager.java:register(42)) - Registering service BackgroundPipelineCreator.
2022-11-08 06:33:48,049 [Listener at 127.0.0.1/39611] INFO  pipeline.BackgroundPipelineCreator (BackgroundPipelineCreator.java:start(124)) - Starting RatisPipelineUtilsThread.
2022-11-08 06:33:48,049 [Listener at 127.0.0.1/39611] INFO  BackgroundPipelineScrubber (BackgroundSCMService.java:start(68)) - Starting BackgroundPipelineScrubber Service.
2022-11-08 06:33:48,050 [Listener at 127.0.0.1/39611] INFO  ha.SCMServiceManager (SCMServiceManager.java:register(42)) - Registering service BackgroundPipelineScrubber.
2022-11-08 06:33:48,050 [Listener at 127.0.0.1/39611] INFO  ExpiredContainerReplicaOpScrubber (BackgroundSCMService.java:start(68)) - Starting ExpiredContainerReplicaOpScrubber Service.
2022-11-08 06:33:48,050 [Listener at 127.0.0.1/39611] INFO  ha.SCMServiceManager (SCMServiceManager.java:register(42)) - Registering service ExpiredContainerReplicaOpScrubber.
2022-11-08 06:33:48,051 [Listener at 127.0.0.1/39611] INFO  algorithms.PipelineChoosePolicyFactory (PipelineChoosePolicyFactory.java:createPipelineChoosePolicyFromClass(73)) - Create pipeline choose policy of type org.apache.hadoop.hdds.scm.pipeline.choose.algorithms.RandomPipelineChoosePolicy
2022-11-08 06:33:48,052 [Listener at 127.0.0.1/39611] INFO  ha.SCMServiceManager (SCMServiceManager.java:register(42)) - Registering service SCMBlockDeletingService.
2022-11-08 06:33:48,052 [Listener at 127.0.0.1/39611] INFO  replication.ReplicationManager (ReplicationManager.java:start(239)) - Starting Replication Monitor Thread.
2022-11-08 06:33:48,053 [Listener at 127.0.0.1/39611] INFO  ha.SCMServiceManager (SCMServiceManager.java:register(42)) - Registering service ReplicationManager.
2022-11-08 06:33:48,053 [Listener at 127.0.0.1/39611] INFO  safemode.ContainerSafeModeRule (ContainerSafeModeRule.java:<init>(89)) - containers with one replica threshold count 0
2022-11-08 06:33:48,058 [Listener at 127.0.0.1/39611] INFO  safemode.HealthyPipelineSafeModeRule (HealthyPipelineSafeModeRule.java:initializeRule(169)) - Total pipeline count is 0, healthy pipeline threshold count is 1
2022-11-08 06:33:48,058 [Listener at 127.0.0.1/39611] INFO  safemode.OneReplicaPipelineSafeModeRule (OneReplicaPipelineSafeModeRule.java:initializeRule(180)) - Total pipeline count is 0, pipeline's with at least one datanode reported threshold count is 0
2022-11-08 06:33:48,058 [ReplicationMonitor] INFO  replication.ReplicationManager (ReplicationManager.java:processAll(307)) - Replication Manager is not ready to run until 3000ms after safemode exit
2022-11-08 06:33:48,059 [Listener at 127.0.0.1/39611] INFO  ipc.CallQueueManager (CallQueueManager.java:<init>(90)) - Using callQueue: class java.util.concurrent.LinkedBlockingQueue, queueCapacity: 2000, scheduler: class org.apache.hadoop.ipc.DefaultRpcScheduler, ipcBackoff: false.
2022-11-08 06:33:48,059 [Socket Reader #1 for port 0] INFO  ipc.Server (Server.java:run(1273)) - Starting Socket Reader #1 for port 0
2022-11-08 06:33:48,060 [Listener at 0.0.0.0/33211] INFO  ipc.CallQueueManager (CallQueueManager.java:<init>(90)) - Using callQueue: class java.util.concurrent.LinkedBlockingQueue, queueCapacity: 2000, scheduler: class org.apache.hadoop.ipc.DefaultRpcScheduler, ipcBackoff: false.
2022-11-08 06:33:48,061 [Socket Reader #1 for port 0] INFO  ipc.Server (Server.java:run(1273)) - Starting Socket Reader #1 for port 0
2022-11-08 06:33:48,061 [Listener at 0.0.0.0/32905] INFO  ipc.CallQueueManager (CallQueueManager.java:<init>(90)) - Using callQueue: class java.util.concurrent.LinkedBlockingQueue, queueCapacity: 2000, scheduler: class org.apache.hadoop.ipc.DefaultRpcScheduler, ipcBackoff: false.
2022-11-08 06:33:48,062 [Socket Reader #1 for port 0] INFO  ipc.Server (Server.java:run(1273)) - Starting Socket Reader #1 for port 0
2022-11-08 06:33:48,066 [Listener at 0.0.0.0/34973] INFO  ha.SCMServiceManager (SCMServiceManager.java:register(42)) - Registering service ContainerBalancer.
2022-11-08 06:33:48,066 [Listener at 0.0.0.0/34973] INFO  server.StorageContainerManager (StorageContainerManager.java:<init>(415)) - 
Container Balancer status:
Key                            Value
Running                        true
Container Balancer Configuration values:
Key                                                Value
Threshold                                          10
Max Datanodes to Involve per Iteration(percent)    20
Max Size to Move per Iteration                     500GB
Max Size Entering Target per Iteration             26GB
Max Size Leaving Source per Iteration              26GB

2022-11-08 06:33:48,067 [Listener at 0.0.0.0/34973] WARN  events.EventQueue (EventQueue.java:fireEvent(216)) - No event handler registered for event TypedEvent{payloadType=SafeModeStatus, name='Safe mode status'}
2022-11-08 06:33:48,067 [Listener at 0.0.0.0/34973] INFO  ha.SCMContext (SCMContext.java:updateSafeModeStatus(228)) - Update SafeModeStatus from SafeModeStatus{safeModeStatus=true, preCheckPassed=false} to SafeModeStatus{safeModeStatus=true, preCheckPassed=false}.
2022-11-08 06:33:48,067 [Listener at 0.0.0.0/34973] INFO  server.StorageContainerManager (StorageContainerManager.java:start(1449)) - StorageContainerLocationProtocol RPC server is listening at /0.0.0.0:34973
2022-11-08 06:33:48,069 [Listener at 0.0.0.0/34973] WARN  impl.MetricsConfig (MetricsConfig.java:loadFirst(136)) - Cannot locate configuration: tried hadoop-metrics2-storagecontainermanager.properties,hadoop-metrics2.properties
2022-11-08 06:33:48,070 [Listener at 0.0.0.0/34973] INFO  impl.MetricsSystemImpl (MetricsSystemImpl.java:startTimer(378)) - Scheduled Metric snapshot period at 10 second(s).
2022-11-08 06:33:48,070 [Listener at 0.0.0.0/34973] INFO  impl.MetricsSystemImpl (MetricsSystemImpl.java:start(191)) - StorageContainerManager metrics system started
2022-11-08 06:33:48,077 [Listener at 0.0.0.0/34973] INFO  impl.MetricsSinkAdapter (MetricsSinkAdapter.java:start(204)) - Sink prometheus started
2022-11-08 06:33:48,077 [Listener at 0.0.0.0/34973] INFO  impl.MetricsSystemImpl (MetricsSystemImpl.java:registerSink(305)) - Registered sink prometheus
2022-11-08 06:33:48,113 [Listener at 0.0.0.0/34973] INFO  server.SCMClientProtocolServer (SCMClientProtocolServer.java:start(170)) - RPC server for Client  is listening at /0.0.0.0:34973
2022-11-08 06:33:48,117 [IPC Server Responder] INFO  ipc.Server (Server.java:run(1512)) - IPC Server Responder: starting
2022-11-08 06:33:48,117 [IPC Server listener on 0] INFO  ipc.Server (Server.java:run(1352)) - IPC Server listener on 0: starting
2022-11-08 06:33:48,120 [Listener at 0.0.0.0/34973] INFO  server.StorageContainerManager (StorageContainerManager.java:start(1464)) - ScmBlockLocationProtocol RPC server is listening at /0.0.0.0:32905
2022-11-08 06:33:48,120 [Listener at 0.0.0.0/34973] INFO  server.SCMBlockProtocolServer (SCMBlockProtocolServer.java:start(152)) - RPC server for Block Protocol is listening at /0.0.0.0:32905
2022-11-08 06:33:48,121 [IPC Server Responder] INFO  ipc.Server (Server.java:run(1512)) - IPC Server Responder: starting
2022-11-08 06:33:48,121 [IPC Server listener on 0] INFO  ipc.Server (Server.java:run(1352)) - IPC Server listener on 0: starting
2022-11-08 06:33:48,125 [Listener at 0.0.0.0/34973] INFO  server.SCMDatanodeProtocolServer (SCMDatanodeProtocolServer.java:start(186)) - ScmDatanodeProtocol RPC server for DataNodes is listening at /0.0.0.0:33211
2022-11-08 06:33:48,125 [IPC Server Responder] INFO  ipc.Server (Server.java:run(1512)) - IPC Server Responder: starting
2022-11-08 06:33:48,126 [IPC Server listener on 0] INFO  ipc.Server (Server.java:run(1352)) - IPC Server listener on 0: starting
2022-11-08 06:33:48,134 [Listener at 0.0.0.0/34973] INFO  http.BaseHttpServer (BaseHttpServer.java:newHttpServer2BuilderForOzone(213)) - Starting Web-server for scm at: http://0.0.0.0:0
2022-11-08 06:33:48,134 [Listener at 0.0.0.0/34973] INFO  http.BaseHttpServer (BaseHttpServer.java:<init>(108)) - Hadoop Security Enabled: false Ozone Security Enabled: false Ozone HTTP Security Enabled: false 
2022-11-08 06:33:48,138 [org.apache.hadoop.util.JvmPauseMonitor$Monitor@5090eafd] INFO  util.JvmPauseMonitor (JvmPauseMonitor.java:run(188)) - Starting JVM pause monitor
2022-11-08 06:33:48,139 [Listener at 0.0.0.0/34973] WARN  server.AuthenticationFilter (AuthenticationFilter.java:constructSecretProvider(240)) - Unable to initialize FileSignerSecretProvider, falling back to use random secrets. Reason: Could not read signature secret file: /home/runner/hadoop-http-auth-signature-secret
2022-11-08 06:33:48,141 [Listener at 0.0.0.0/34973] WARN  http.HttpRequestLog (HttpRequestLog.java:getRequestLog(103)) - Jetty request log can only be enabled using Log4j
2022-11-08 06:33:48,143 [Listener at 0.0.0.0/34973] INFO  http.HttpServer2 (HttpServer2.java:addGlobalFilter(1031)) - Added global filter 'safety' (class=org.apache.hadoop.hdds.server.http.HttpServer2$QuotingInputFilter)
2022-11-08 06:33:48,144 [Listener at 0.0.0.0/34973] INFO  http.HttpServer2 (HttpServer2.java:addFilter(1007)) - Added filter static_user_filter (class=org.apache.hadoop.http.lib.StaticUserWebFilter$StaticUserFilter) to context scm
2022-11-08 06:33:48,144 [Listener at 0.0.0.0/34973] INFO  http.HttpServer2 (HttpServer2.java:addFilter(1015)) - Added filter static_user_filter (class=org.apache.hadoop.http.lib.StaticUserWebFilter$StaticUserFilter) to context logs
2022-11-08 06:33:48,144 [Listener at 0.0.0.0/34973] INFO  http.HttpServer2 (HttpServer2.java:addFilter(1015)) - Added filter static_user_filter (class=org.apache.hadoop.http.lib.StaticUserWebFilter$StaticUserFilter) to context static
2022-11-08 06:33:48,146 [Listener at 0.0.0.0/34973] INFO  http.HttpServer2 (HttpServer2.java:bindListener(1250)) - Jetty bound to port 41255
2022-11-08 06:33:48,146 [Listener at 0.0.0.0/34973] INFO  server.Server (Server.java:doStart(375)) - jetty-9.4.49.v20220914; built: 2022-09-14T01:07:36.601Z; git: 4231a3b2e4cb8548a412a789936d640a97b1aa0a; jvm 1.8.0_345-b01
2022-11-08 06:33:48,148 [Listener at 0.0.0.0/34973] INFO  server.session (DefaultSessionIdManager.java:doStart(334)) - DefaultSessionIdManager workerName=node0
2022-11-08 06:33:48,148 [Listener at 0.0.0.0/34973] INFO  server.session (DefaultSessionIdManager.java:doStart(339)) - No SessionScavenger set, using defaults
2022-11-08 06:33:48,148 [Listener at 0.0.0.0/34973] INFO  server.session (HouseKeeper.java:startScavenging(132)) - node0 Scavenging every 660000ms
2022-11-08 06:33:48,149 [Listener at 0.0.0.0/34973] INFO  handler.ContextHandler (ContextHandler.java:doStart(921)) - Started o.e.j.s.ServletContextHandler@3ce30c43{logs,/logs,file:///home/runner/work/ozone/ozone/hadoop-ozone/integration-test/target/log,AVAILABLE}
2022-11-08 06:33:48,150 [Listener at 0.0.0.0/34973] INFO  handler.ContextHandler (ContextHandler.java:doStart(921)) - Started o.e.j.s.ServletContextHandler@3bc49af9{static,/static,file:///home/runner/work/ozone/ozone/hadoop-ozone/integration-test/target/test-classes/webapps/static,AVAILABLE}
2022-11-08 06:33:48,154 [Listener at 0.0.0.0/34973] INFO  handler.ContextHandler (ContextHandler.java:doStart(921)) - Started o.e.j.w.WebAppContext@3db4ba49{scm,/,file:///home/runner/work/ozone/ozone/hadoop-ozone/integration-test/target/test-classes/webapps/scm/,AVAILABLE}{file:/home/runner/work/ozone/ozone/hadoop-ozone/integration-test/target/test-classes/webapps/scm}
2022-11-08 06:33:48,159 [Listener at 0.0.0.0/34973] INFO  server.AbstractConnector (AbstractConnector.java:doStart(333)) - Started ServerConnector@1c26d322{HTTP/1.1, (http/1.1)}{0.0.0.0:41255}
2022-11-08 06:33:48,159 [Listener at 0.0.0.0/34973] INFO  server.Server (Server.java:doStart(415)) - Started @127156ms
2022-11-08 06:33:48,159 [Listener at 0.0.0.0/34973] WARN  impl.MetricsSystemImpl (MetricsSystemImpl.java:register(279)) - Sink prometheus already exists!
2022-11-08 06:33:48,160 [Listener at 0.0.0.0/34973] INFO  http.BaseHttpServer (BaseHttpServer.java:updateConnectorAddress(333)) - HTTP server of scm listening at http://0.0.0.0:41255
2022-11-08 06:33:48,160 [Listener at 0.0.0.0/34973] WARN  server.ServerUtils (ServerUtils.java:getDBPath(225)) - ozone.om.db.dirs is not configured. We recommend adding this setting. Falling back to ozone.metadata.dirs instead.
2022-11-08 06:33:48,163 [Listener at 0.0.0.0/34973] INFO  ha.OMHANodeDetails (OMHANodeDetails.java:loadOMHAConfig(115)) - ozone.om.internal.service.id is not defined, falling back to ozone.om.service.ids to find serviceID for OzoneManager if it is HA enabled cluster
2022-11-08 06:33:48,164 [Listener at 0.0.0.0/34973] INFO  ha.OMHANodeDetails (OMHANodeDetails.java:loadOMHAConfig(226)) - Configuration does not have ozone.om.address set. Falling back to the default OM address /127.0.0.1:0
2022-11-08 06:33:48,164 [Listener at 0.0.0.0/34973] INFO  ha.OMHANodeDetails (OMHANodeDetails.java:getOMNodeDetailsForNonHA(254)) - OM Service ID is not set. Setting it to the default ID: omServiceIdDefault
2022-11-08 06:33:48,164 [Listener at 0.0.0.0/34973] INFO  ha.OMHANodeDetails (OMHANodeDetails.java:getOMNodeDetailsForNonHA(261)) - OM Node ID is not set. Setting it to the default ID: om1
2022-11-08 06:33:48,164 [Listener at 0.0.0.0/34973] WARN  server.ServerUtils (ServerUtils.java:getDBPath(225)) - ozone.om.db.dirs is not configured. We recommend adding this setting. Falling back to ozone.metadata.dirs instead.
2022-11-08 06:33:48,165 [Listener at 0.0.0.0/34973] INFO  upgrade.AbstractLayoutVersionManager (AbstractLayoutVersionManager.java:init(83)) - Initializing Layout version manager with metadata layout = MULTITENANCY_SCHEMA (version = 3), software layout = MULTITENANCY_SCHEMA (version = 3)
2022-11-08 06:33:48,240 [Listener at 0.0.0.0/34973] INFO  reflections.Reflections (Reflections.java:scan(232)) - Reflections took 74 ms to scan 2 urls, producing 154 keys and 428 values [using 2 cores]
2022-11-08 06:33:48,241 [Listener at 0.0.0.0/34973] INFO  upgrade.OMLayoutVersionManager (OMLayoutVersionManager.java:lambda$0(115)) - Skipping Upgrade Action MockOmUpgradeAction since it has been finalized.
2022-11-08 06:33:48,241 [Listener at 0.0.0.0/34973] WARN  server.ServerUtils (ServerUtils.java:getDBPath(225)) - ozone.om.db.dirs is not configured. We recommend adding this setting. Falling back to ozone.metadata.dirs instead.
2022-11-08 06:33:48,242 [Listener at 0.0.0.0/34973] INFO  proxy.SCMBlockLocationFailoverProxyProvider (SCMBlockLocationFailoverProxyProvider.java:<init>(114)) - Created block location fail-over proxy with 1 nodes: [nodeId=scmNodeId,nodeAddress=/0.0.0.0:32905]
2022-11-08 06:33:48,244 [Listener at 0.0.0.0/34973] INFO  proxy.SCMBlockLocationFailoverProxyProvider (SCMBlockLocationFailoverProxyProvider.java:<init>(114)) - Created block location fail-over proxy with 1 nodes: [nodeId=scmNodeId,nodeAddress=/0.0.0.0:32905]
2022-11-08 06:33:48,249 [Listener at 0.0.0.0/34973] WARN  server.ServerUtils (ServerUtils.java:getDBPath(225)) - ozone.om.db.dirs is not configured. We recommend adding this setting. Falling back to ozone.metadata.dirs instead.
2022-11-08 06:33:48,249 [Listener at 0.0.0.0/34973] INFO  codec.OmKeyInfoCodec (OmKeyInfoCodec.java:<init>(49)) - OmKeyInfoCodec ignorePipeline = true
2022-11-08 06:33:48,249 [Listener at 0.0.0.0/34973] INFO  codec.RepeatedOmKeyInfoCodec (RepeatedOmKeyInfoCodec.java:<init>(41)) - RepeatedOmKeyInfoCodec ignorePipeline = true
2022-11-08 06:33:48,453 [Listener at 0.0.0.0/34973] INFO  om.OzoneManager (OzoneManager.java:instantiateServices(715)) - S3 Multi-Tenancy is disabled
2022-11-08 06:33:48,457 [Listener at 0.0.0.0/34973] INFO  om.OzoneManager (OzoneManager.java:addS3GVolumeToDB(4395)) - Created Volume s3v With Owner runner required for S3Gateway operations.
2022-11-08 06:33:48,457 [Listener at 0.0.0.0/34973] WARN  server.ServerUtils (ServerUtils.java:getDefaultRatisDirectory(237)) - Storage directory for Ratis is not configured. It is a good idea to map this to an SSD disk. Falling back to ozone.metadata.dirs
2022-11-08 06:33:48,457 [Listener at 0.0.0.0/34973] WARN  utils.OzoneManagerRatisUtils (OzoneManagerRatisUtils.java:getOMRatisSnapshotDirectory(434)) - ozone.om.ratis.snapshot.dir is not configured. Falling back to ozone.metadata.dirs config
2022-11-08 06:33:48,458 [Listener at 0.0.0.0/34973] WARN  server.ServerUtils (ServerUtils.java:getDefaultRatisDirectory(237)) - Storage directory for Ratis is not configured. It is a good idea to map this to an SSD disk. Falling back to ozone.metadata.dirs
2022-11-08 06:33:48,459 [Listener at 0.0.0.0/34973] INFO  ratis.OzoneManagerRatisServer (OzoneManagerRatisServer.java:<init>(160)) - Instantiating OM Ratis server with groupID: omServiceIdDefault and peers: localhost:9872
2022-11-08 06:33:48,459 [Listener at 0.0.0.0/34973] INFO  ratis.OzoneManagerStateMachine (OzoneManagerStateMachine.java:loadSnapshotInfoFromDB(636)) - LastAppliedIndex is set from TransactionInfo from OM DB as (t:0, i:~)
2022-11-08 06:33:48,460 [Listener at 0.0.0.0/34973] INFO  server.RaftServer (ConfUtils.java:logGet(46)) - raft.rpc.type = GRPC (default)
2022-11-08 06:33:48,460 [Listener at 0.0.0.0/34973] INFO  grpc.GrpcConfigKeys (ConfUtils.java:logFallback(53)) - raft.grpc.admin.host = null (fallback to raft.grpc.server.host)
2022-11-08 06:33:48,460 [Listener at 0.0.0.0/34973] INFO  grpc.GrpcConfigKeys (ConfUtils.java:logFallback(53)) - raft.grpc.admin.port = 9872 (fallback to raft.grpc.server.port)
2022-11-08 06:33:48,460 [Listener at 0.0.0.0/34973] INFO  grpc.GrpcConfigKeys (ConfUtils.java:logFallback(53)) - raft.grpc.client.host = null (fallback to raft.grpc.server.host)
2022-11-08 06:33:48,460 [Listener at 0.0.0.0/34973] INFO  grpc.GrpcConfigKeys (ConfUtils.java:logFallback(53)) - raft.grpc.client.port = 9872 (fallback to raft.grpc.server.port)
2022-11-08 06:33:48,460 [Listener at 0.0.0.0/34973] INFO  grpc.GrpcConfigKeys (ConfUtils.java:logGet(46)) - raft.grpc.server.host = null (default)
2022-11-08 06:33:48,461 [Listener at 0.0.0.0/34973] INFO  grpc.GrpcConfigKeys (ConfUtils.java:logGet(46)) - raft.grpc.server.port = 9872 (custom)
2022-11-08 06:33:48,461 [Listener at 0.0.0.0/34973] INFO  server.GrpcService (ConfUtils.java:logGet(46)) - raft.grpc.message.size.max = 33554432 (custom)
2022-11-08 06:33:48,461 [Listener at 0.0.0.0/34973] INFO  server.RaftServerConfigKeys (ConfUtils.java:logGet(46)) - raft.server.log.appender.buffer.byte-limit = 33554432 (custom)
2022-11-08 06:33:48,461 [Listener at 0.0.0.0/34973] INFO  server.GrpcService (ConfUtils.java:logGet(46)) - raft.grpc.flow.control.window = 1MB (=1048576) (default)
2022-11-08 06:33:48,461 [Listener at 0.0.0.0/34973] INFO  server.RaftServerConfigKeys (ConfUtils.java:logGet(46)) - raft.server.rpc.request.timeout = 3000ms (default)
2022-11-08 06:33:48,461 [Listener at 0.0.0.0/34973] INFO  grpc.GrpcConfigKeys (ConfUtils.java:logGet(46)) - raft.grpc.server.heartbeat.channel = true (default)
2022-11-08 06:33:48,461 [Listener at 0.0.0.0/34973] INFO  grpc.GrpcConfigKeys (ConfUtils.java:logGet(46)) - raft.grpc.server.async.request.thread.pool.cached = true (default)
2022-11-08 06:33:48,462 [Listener at 0.0.0.0/34973] INFO  grpc.GrpcConfigKeys (ConfUtils.java:logGet(46)) - raft.grpc.server.async.request.thread.pool.size = 32 (default)
2022-11-08 06:33:48,463 [Listener at 0.0.0.0/34973] INFO  impl.DataStreamServerImpl (ConfUtils.java:logGet(46)) - raft.datastream.type = DISABLED (default)
2022-11-08 06:33:48,463 [Listener at 0.0.0.0/34973] INFO  server.RaftServerConfigKeys (ConfUtils.java:logGet(46)) - raft.server.threadpool.proxy.cached = true (default)
2022-11-08 06:33:48,463 [Listener at 0.0.0.0/34973] INFO  server.RaftServerConfigKeys (ConfUtils.java:logGet(46)) - raft.server.threadpool.proxy.size = 0 (default)
2022-11-08 06:33:48,463 [Listener at 0.0.0.0/34973] INFO  server.RaftServerConfigKeys (ConfUtils.java:logGet(46)) - raft.server.rpc.slowness.timeout = 120s (custom)
2022-11-08 06:33:48,464 [Listener at 0.0.0.0/34973] INFO  server.RaftServerConfigKeys (ConfUtils.java:logGet(46)) - raft.server.leaderelection.leader.step-down.wait-time = 10s (default)
2022-11-08 06:33:48,464 [Listener at 0.0.0.0/34973] INFO  server.RaftServerConfigKeys (ConfUtils.java:logGet(46)) - raft.server.storage.dir = [/home/runner/work/ozone/ozone/hadoop-ozone/integration-test/target/test-dir/MiniOzoneClusterImpl-8e06ede3-228e-44b7-a612-3acc89ebc779/ozone-meta/ratis] (custom)
2022-11-08 06:33:48,465 [Listener at 0.0.0.0/34973] INFO  server.RaftServer (RaftServerProxy.java:addNew(96)) - om1: addNew group-C5BA1605619E:[om1|rpc:localhost:9872|priority:0|startupRole:FOLLOWER] returns group-C5BA1605619E:java.util.concurrent.CompletableFuture@57f70a49[Not completed]
2022-11-08 06:33:48,465 [Listener at 0.0.0.0/34973] INFO  om.OzoneManager (OzoneManager.java:initializeRatisServer(1978)) - OzoneManager Ratis server initialized at port 9872
2022-11-08 06:33:48,465 [pool-529-thread-1] INFO  server.RaftServer$Division (RaftServerImpl.java:<init>(195)) - om1: new RaftServerImpl for group-C5BA1605619E:[om1|rpc:localhost:9872|priority:0|startupRole:FOLLOWER] with OzoneManagerStateMachine:uninitialized
2022-11-08 06:33:48,465 [pool-529-thread-1] INFO  server.RaftServerConfigKeys (ConfUtils.java:logGet(46)) - raft.server.rpc.timeout.min = 1s (custom)
2022-11-08 06:33:48,465 [pool-529-thread-1] INFO  server.RaftServerConfigKeys (ConfUtils.java:logGet(46)) - raft.server.rpc.timeout.max = 1200ms (custom)
2022-11-08 06:33:48,465 [pool-529-thread-1] INFO  server.RaftServerConfigKeys (ConfUtils.java:logGet(46)) - raft.server.rpc.sleep.time = 25ms (default)
2022-11-08 06:33:48,465 [pool-529-thread-1] INFO  server.RaftServerConfigKeys (ConfUtils.java:logGet(46)) - raft.server.rpc.slowness.timeout = 120s (custom)
2022-11-08 06:33:48,465 [pool-529-thread-1] INFO  server.RaftServerConfigKeys (ConfUtils.java:logGet(46)) - raft.server.leaderelection.leader.step-down.wait-time = 10s (default)
2022-11-08 06:33:48,465 [pool-529-thread-1] INFO  server.RaftServerConfigKeys (ConfUtils.java:logGet(46)) - raft.server.sleep.deviation.threshold = 300ms (default)
2022-11-08 06:33:48,465 [pool-529-thread-1] INFO  server.RaftServer$Division (ServerState.java:<init>(118)) - om1@group-C5BA1605619E: ConfigurationManager, init=-1: peers:[om1|rpc:localhost:9872|priority:0|startupRole:FOLLOWER]|listeners:[], old=null, confs=<EMPTY_MAP>
2022-11-08 06:33:48,465 [pool-529-thread-1] INFO  server.RaftServerConfigKeys (ConfUtils.java:logGet(46)) - raft.server.storage.dir = [/home/runner/work/ozone/ozone/hadoop-ozone/integration-test/target/test-dir/MiniOzoneClusterImpl-8e06ede3-228e-44b7-a612-3acc89ebc779/ozone-meta/ratis] (custom)
2022-11-08 06:33:48,466 [Listener at 0.0.0.0/34973] INFO  om.OzoneManager (OzoneManager.java:getRpcServer(1104)) - Creating RPC Server
2022-11-08 06:33:48,466 [pool-529-thread-1] INFO  server.RaftServerConfigKeys (ConfUtils.java:logGet(46)) - raft.server.log.corruption.policy = EXCEPTION (default)
2022-11-08 06:33:48,466 [pool-529-thread-1] INFO  server.RaftServerConfigKeys (ConfUtils.java:logGet(46)) - raft.server.storage.free-space.min = 0MB (=0) (default)
2022-11-08 06:33:48,466 [pool-529-thread-1] INFO  server.RaftServerConfigKeys (ConfUtils.java:logGet(46)) - raft.server.notification.no-leader.timeout = 120s (custom)
2022-11-08 06:33:48,466 [pool-529-thread-1] INFO  server.RaftServerConfigKeys (ConfUtils.java:logGet(46)) - raft.server.retrycache.expirytime = 300s (custom)
2022-11-08 06:33:48,466 [pool-529-thread-1] INFO  server.RaftServerConfigKeys (ConfUtils.java:logGet(46)) - raft.server.retrycache.statistics.expirytime = 100μs (default)
2022-11-08 06:33:48,468 [pool-529-thread-1] INFO  server.RaftServerConfigKeys (ConfUtils.java:logGet(46)) - raft.server.log.appender.install.snapshot.enabled = false (custom)
2022-11-08 06:33:48,468 [pool-529-thread-1] INFO  server.RaftServerConfigKeys (ConfUtils.java:logGet(46)) - raft.server.threadpool.server.cached = true (default)
2022-11-08 06:33:48,468 [pool-529-thread-1] INFO  server.RaftServerConfigKeys (ConfUtils.java:logGet(46)) - raft.server.threadpool.server.size = 0 (default)
2022-11-08 06:33:48,468 [pool-529-thread-1] INFO  server.RaftServerConfigKeys (ConfUtils.java:logGet(46)) - raft.server.threadpool.client.cached = true (default)
2022-11-08 06:33:48,468 [pool-529-thread-1] INFO  server.RaftServerConfigKeys (ConfUtils.java:logGet(46)) - raft.server.threadpool.client.size = 0 (default)
2022-11-08 06:33:48,913 [Listener at 0.0.0.0/34973] INFO  reflections.Reflections (Reflections.java:scan(232)) - Reflections took 446 ms to scan 19 urls, producing 67 keys and 4312 values [using 2 cores]
2022-11-08 06:33:48,915 [Listener at 0.0.0.0/34973] INFO  ipc.CallQueueManager (CallQueueManager.java:<init>(90)) - Using callQueue: class java.util.concurrent.LinkedBlockingQueue, queueCapacity: 2000, scheduler: class org.apache.hadoop.ipc.DefaultRpcScheduler, ipcBackoff: false.
2022-11-08 06:33:48,916 [Socket Reader #1 for port 0] INFO  ipc.Server (Server.java:run(1273)) - Starting Socket Reader #1 for port 0
2022-11-08 06:33:48,935 [Listener at 127.0.0.1/44321] INFO  impl.MetricsSystemImpl (MetricsSystemImpl.java:init(158)) - OzoneManager metrics system started (again)
2022-11-08 06:33:48,947 [Listener at 127.0.0.1/44321] INFO  om.OzoneManager (OzoneManager.java:start(1485)) - OzoneManager RPC server is listening at localhost/127.0.0.1:44321
2022-11-08 06:33:48,947 [Listener at 127.0.0.1/44321] INFO  ratis.OzoneManagerRatisServer (OzoneManagerRatisServer.java:start(555)) - Starting OzoneManagerRatisServer om1 at port 9872
2022-11-08 06:33:48,947 [om1-impl-thread1] INFO  storage.RaftStorageDirectory (RaftStorageDirectoryImpl.java:analyzeStorage(137)) - The storage directory /home/runner/work/ozone/ozone/hadoop-ozone/integration-test/target/test-dir/MiniOzoneClusterImpl-8e06ede3-228e-44b7-a612-3acc89ebc779/ozone-meta/ratis/bf265839-605b-3f16-9796-c5ba1605619e does not exist. Creating ...
2022-11-08 06:33:48,949 [om1-impl-thread1] INFO  storage.RaftStorageDirectory (RaftStorageDirectoryImpl.java:tryLock(231)) - Lock on /home/runner/work/ozone/ozone/hadoop-ozone/integration-test/target/test-dir/MiniOzoneClusterImpl-8e06ede3-228e-44b7-a612-3acc89ebc779/ozone-meta/ratis/bf265839-605b-3f16-9796-c5ba1605619e/in_use.lock acquired by nodename 12075@fv-az220-111
2022-11-08 06:33:48,951 [om1-impl-thread1] INFO  storage.RaftStorage (RaftStorageImpl.java:format(96)) - Storage directory /home/runner/work/ozone/ozone/hadoop-ozone/integration-test/target/test-dir/MiniOzoneClusterImpl-8e06ede3-228e-44b7-a612-3acc89ebc779/ozone-meta/ratis/bf265839-605b-3f16-9796-c5ba1605619e has been successfully formatted.
2022-11-08 06:33:48,952 [om1-impl-thread1] INFO  server.RaftServerConfigKeys (ConfUtils.java:logGet(46)) - raft.server.log.use.memory = false (default)
2022-11-08 06:33:48,952 [om1-impl-thread1] INFO  server.RaftServerConfigKeys (ConfUtils.java:logGet(46)) - raft.server.log.purge.gap = 1000000 (custom)
2022-11-08 06:33:48,952 [om1-impl-thread1] INFO  server.RaftServerConfigKeys (ConfUtils.java:logGet(46)) - raft.server.log.appender.buffer.byte-limit = 33554432 (custom)
2022-11-08 06:33:48,952 [om1-impl-thread1] INFO  server.RaftServerConfigKeys (ConfUtils.java:logGet(46)) - raft.server.log.statemachine.data.read.timeout = 1000ms (default)
2022-11-08 06:33:48,952 [om1-impl-thread1] INFO  server.RaftServerConfigKeys (ConfUtils.java:logGet(46)) - raft.server.log.purge.preservation.log.num = 0 (default)
2022-11-08 06:33:48,952 [om1-impl-thread1] INFO  server.RaftServerConfigKeys (ConfUtils.java:logGet(46)) - raft.server.log.segment.size.max = 4194304 (custom)
2022-11-08 06:33:48,952 [om1-impl-thread1] INFO  server.RaftServerConfigKeys (ConfUtils.java:logGet(46)) - raft.server.log.segment.cache.num.max = 2 (custom)
2022-11-08 06:33:48,953 [om1-impl-thread1] INFO  server.RaftServerConfigKeys (ConfUtils.java:logGet(46)) - raft.server.log.segment.cache.size.max = 200MB (=209715200) (default)
2022-11-08 06:33:48,953 [om1-impl-thread1] INFO  segmented.SegmentedRaftLogWorker (SegmentedRaftLogWorker.java:<init>(191)) - new om1@group-C5BA1605619E-SegmentedRaftLogWorker for RaftStorageImpl:Storage Directory /home/runner/work/ozone/ozone/hadoop-ozone/integration-test/target/test-dir/MiniOzoneClusterImpl-8e06ede3-228e-44b7-a612-3acc89ebc779/ozone-meta/ratis/bf265839-605b-3f16-9796-c5ba1605619e
2022-11-08 06:33:48,953 [om1-impl-thread1] INFO  server.RaftServerConfigKeys (ConfUtils.java:logGet(46)) - raft.server.log.queue.byte-limit = 64MB (=67108864) (default)
2022-11-08 06:33:48,953 [om1-impl-thread1] INFO  server.RaftServerConfigKeys (ConfUtils.java:logGet(46)) - raft.server.log.queue.element-limit = 4096 (default)
2022-11-08 06:33:48,953 [om1-impl-thread1] INFO  server.RaftServerConfigKeys (ConfUtils.java:logGet(46)) - raft.server.log.segment.size.max = 4194304 (custom)
2022-11-08 06:33:48,953 [om1-impl-thread1] INFO  server.RaftServerConfigKeys (ConfUtils.java:logGet(46)) - raft.server.log.preallocated.size = 4194304 (custom)
2022-11-08 06:33:48,953 [om1-impl-thread1] INFO  server.RaftServerConfigKeys (ConfUtils.java:logGet(46)) - raft.server.log.force.sync.num = 128 (default)
2022-11-08 06:33:48,953 [om1-impl-thread1] INFO  server.RaftServerConfigKeys (ConfUtils.java:logGet(46)) - raft.server.log.statemachine.data.sync = true (default)
2022-11-08 06:33:48,953 [om1-impl-thread1] INFO  server.RaftServerConfigKeys (ConfUtils.java:logGet(46)) - raft.server.log.statemachine.data.sync.timeout = 10s (default)
2022-11-08 06:33:48,953 [om1-impl-thread1] INFO  server.RaftServerConfigKeys (ConfUtils.java:logGet(46)) - raft.server.log.statemachine.data.sync.timeout.retry = -1 (default)
2022-11-08 06:33:48,954 [om1-impl-thread1] INFO  server.RaftServerConfigKeys (ConfUtils.java:logGet(46)) - raft.server.log.write.buffer.size = 64KB (=65536) (default)
2022-11-08 06:33:48,954 [om1-impl-thread1] INFO  server.RaftServerConfigKeys (ConfUtils.java:logGet(46)) - raft.server.log.unsafe-flush.enabled = false (default)
2022-11-08 06:33:48,954 [om1-impl-thread1] INFO  server.RaftServerConfigKeys (ConfUtils.java:logGet(46)) - raft.server.log.async-flush.enabled = false (default)
2022-11-08 06:33:48,954 [om1-impl-thread1] INFO  server.RaftServerConfigKeys (ConfUtils.java:logGet(46)) - raft.server.log.statemachine.data.caching.enabled = false (default)
2022-11-08 06:33:48,954 [om1-impl-thread1] INFO  segmented.SegmentedRaftLogWorker (SegmentedRaftLogWorker.java:lambda$new$0(136)) - om1@group-C5BA1605619E-SegmentedRaftLogWorker: flushIndex: setUnconditionally 0 -> -1
2022-11-08 06:33:48,954 [om1-impl-thread1] INFO  segmented.SegmentedRaftLogWorker (SegmentedRaftLogWorker.java:lambda$new$0(136)) - om1@group-C5BA1605619E-SegmentedRaftLogWorker: safeCacheEvictIndex: setUnconditionally 0 -> -1
2022-11-08 06:33:48,955 [om1-impl-thread1] INFO  server.RaftServer$Division (RaftServerImpl.java:start(334)) - om1@group-C5BA1605619E: start as a follower, conf=-1: peers:[om1|rpc:localhost:9872|priority:0|startupRole:FOLLOWER]|listeners:[], old=null
2022-11-08 06:33:48,955 [om1-impl-thread1] INFO  server.RaftServer$Division (RaftServerImpl.java:setRole(321)) - om1@group-C5BA1605619E: changes role from      null to FOLLOWER at term 0 for startAsFollower
2022-11-08 06:33:48,955 [om1-impl-thread1] INFO  impl.RoleInfo (RoleInfo.java:updateAndGet(139)) - om1: start om1@group-C5BA1605619E-FollowerState
2022-11-08 06:33:48,955 [om1-impl-thread1] INFO  util.JmxRegister (JmxRegister.java:tryRegister(44)) - Successfully registered JMX Bean with object name Ratis:service=RaftServer,group=group-C5BA1605619E,id=om1
2022-11-08 06:33:48,955 [om1-impl-thread1] INFO  server.RaftServerConfigKeys (ConfUtils.java:logGet(46)) - raft.server.snapshot.auto.trigger.enabled = true (custom)
2022-11-08 06:33:48,955 [om1-impl-thread1] INFO  server.RaftServerConfigKeys (ConfUtils.java:logGet(46)) - raft.server.snapshot.auto.trigger.threshold = 400000 (default)
2022-11-08 06:33:48,955 [om1-impl-thread1] INFO  server.RaftServerConfigKeys (ConfUtils.java:logGet(46)) - raft.server.snapshot.retention.file.num = -1 (default)
2022-11-08 06:33:48,955 [om1-impl-thread1] INFO  server.RaftServerConfigKeys (ConfUtils.java:logGet(46)) - raft.server.log.purge.upto.snapshot.index = true (custom)
2022-11-08 06:33:48,956 [om1@group-C5BA1605619E-FollowerState] INFO  server.RaftServerConfigKeys (ConfUtils.java:logFallback(53)) - raft.server.rpc.first-election.timeout.min = 1s (fallback to raft.server.rpc.timeout.min)
2022-11-08 06:33:48,956 [om1@group-C5BA1605619E-FollowerState] INFO  server.RaftServerConfigKeys (ConfUtils.java:logFallback(53)) - raft.server.rpc.first-election.timeout.max = 1200ms (fallback to raft.server.rpc.timeout.max)
2022-11-08 06:33:48,957 [Listener at 127.0.0.1/44321] INFO  server.RaftServer (RaftServerProxy.java:startImpl(393)) - om1: start RPC server
2022-11-08 06:33:48,961 [Listener at 127.0.0.1/44321] INFO  server.GrpcService (GrpcService.java:startImpl(270)) - om1: GrpcService started, listening on 9872
2022-11-08 06:33:48,962 [Listener at 127.0.0.1/44321] INFO  om.OzoneManager (OzoneManager.java:start(1501)) - Version File has different layout version (3) than OM DB (null). That is expected if this OM has never been finalized to a newer layout version.
2022-11-08 06:33:48,962 [JvmPauseMonitor11] INFO  util.JvmPauseMonitor (JvmPauseMonitor.java:run(105)) - JvmPauseMonitor-om1: Started
2022-11-08 06:33:48,970 [Listener at 127.0.0.1/44321] INFO  http.BaseHttpServer (BaseHttpServer.java:newHttpServer2BuilderForOzone(213)) - Starting Web-server for ozoneManager at: http://0.0.0.0:0
2022-11-08 06:33:48,970 [Listener at 127.0.0.1/44321] INFO  http.BaseHttpServer (BaseHttpServer.java:<init>(108)) - Hadoop Security Enabled: false Ozone Security Enabled: false Ozone HTTP Security Enabled: false 
2022-11-08 06:33:48,972 [Listener at 127.0.0.1/44321] WARN  server.AuthenticationFilter (AuthenticationFilter.java:constructSecretProvider(240)) - Unable to initialize FileSignerSecretProvider, falling back to use random secrets. Reason: Could not read signature secret file: /home/runner/hadoop-http-auth-signature-secret
2022-11-08 06:33:48,974 [Listener at 127.0.0.1/44321] WARN  http.HttpRequestLog (HttpRequestLog.java:getRequestLog(103)) - Jetty request log can only be enabled using Log4j
2022-11-08 06:33:48,975 [Listener at 127.0.0.1/44321] INFO  http.HttpServer2 (HttpServer2.java:addGlobalFilter(1031)) - Added global filter 'safety' (class=org.apache.hadoop.hdds.server.http.HttpServer2$QuotingInputFilter)
2022-11-08 06:33:48,976 [Listener at 127.0.0.1/44321] INFO  http.HttpServer2 (HttpServer2.java:addFilter(1007)) - Added filter static_user_filter (class=org.apache.hadoop.http.lib.StaticUserWebFilter$StaticUserFilter) to context ozoneManager
2022-11-08 06:33:48,976 [Listener at 127.0.0.1/44321] INFO  http.HttpServer2 (HttpServer2.java:addFilter(1015)) - Added filter static_user_filter (class=org.apache.hadoop.http.lib.StaticUserWebFilter$StaticUserFilter) to context logs
2022-11-08 06:33:48,976 [Listener at 127.0.0.1/44321] INFO  http.HttpServer2 (HttpServer2.java:addFilter(1015)) - Added filter static_user_filter (class=org.apache.hadoop.http.lib.StaticUserWebFilter$StaticUserFilter) to context static
2022-11-08 06:33:48,977 [Listener at 127.0.0.1/44321] INFO  http.HttpServer2 (HttpServer2.java:bindListener(1250)) - Jetty bound to port 43665
2022-11-08 06:33:48,977 [Listener at 127.0.0.1/44321] INFO  server.Server (Server.java:doStart(375)) - jetty-9.4.49.v20220914; built: 2022-09-14T01:07:36.601Z; git: 4231a3b2e4cb8548a412a789936d640a97b1aa0a; jvm 1.8.0_345-b01
2022-11-08 06:33:48,978 [Listener at 127.0.0.1/44321] INFO  server.session (DefaultSessionIdManager.java:doStart(334)) - DefaultSessionIdManager workerName=node0
2022-11-08 06:33:48,979 [Listener at 127.0.0.1/44321] INFO  server.session (DefaultSessionIdManager.java:doStart(339)) - No SessionScavenger set, using defaults
2022-11-08 06:33:48,979 [Listener at 127.0.0.1/44321] INFO  server.session (HouseKeeper.java:startScavenging(132)) - node0 Scavenging every 600000ms
2022-11-08 06:33:48,982 [Listener at 127.0.0.1/44321] INFO  handler.ContextHandler (ContextHandler.java:doStart(921)) - Started o.e.j.s.ServletContextHandler@5636f71b{logs,/logs,file:///home/runner/work/ozone/ozone/hadoop-ozone/integration-test/target/log,AVAILABLE}
2022-11-08 06:33:48,982 [Listener at 127.0.0.1/44321] INFO  handler.ContextHandler (ContextHandler.java:doStart(921)) - Started o.e.j.s.ServletContextHandler@3a82ff5{static,/static,file:///home/runner/work/ozone/ozone/hadoop-ozone/integration-test/target/test-classes/webapps/static,AVAILABLE}
2022-11-08 06:33:48,985 [Listener at 127.0.0.1/44321] INFO  handler.ContextHandler (ContextHandler.java:doStart(921)) - Started o.e.j.w.WebAppContext@7c26b384{ozoneManager,/,file:///home/runner/work/ozone/ozone/hadoop-ozone/integration-test/target/test-classes/webapps/ozoneManager/,AVAILABLE}{file:/home/runner/work/ozone/ozone/hadoop-ozone/integration-test/target/test-classes/webapps/ozoneManager}
2022-11-08 06:33:48,986 [Listener at 127.0.0.1/44321] INFO  server.AbstractConnector (AbstractConnector.java:doStart(333)) - Started ServerConnector@d13ab4d{HTTP/1.1, (http/1.1)}{0.0.0.0:43665}
2022-11-08 06:33:48,987 [Listener at 127.0.0.1/44321] INFO  server.Server (Server.java:doStart(415)) - Started @127984ms
2022-11-08 06:33:48,987 [Listener at 127.0.0.1/44321] WARN  impl.MetricsSystemImpl (MetricsSystemImpl.java:register(279)) - Sink prometheus already exists!
2022-11-08 06:33:48,987 [Listener at 127.0.0.1/44321] INFO  http.BaseHttpServer (BaseHttpServer.java:updateConnectorAddress(333)) - HTTP server of ozoneManager listening at http://0.0.0.0:43665
2022-11-08 06:33:48,988 [IPC Server Responder] INFO  ipc.Server (Server.java:run(1512)) - IPC Server Responder: starting
2022-11-08 06:33:48,988 [IPC Server listener on 0] INFO  ipc.Server (Server.java:run(1352)) - IPC Server listener on 0: starting
2022-11-08 06:33:49,013 [Listener at 127.0.0.1/44321] INFO  om.OzoneManager (OzoneManager.java:startTrashEmptier(1922)) - Trash Interval set to 0. Files deleted won't move to trash
2022-11-08 06:33:49,023 [org.apache.hadoop.util.JvmPauseMonitor$Monitor@2ef1df73] INFO  util.JvmPauseMonitor (JvmPauseMonitor.java:run(188)) - Starting JVM pause monitor
2022-11-08 06:33:49,037 [Listener at 127.0.0.1/44321] WARN  impl.MetricRegistriesImpl (MetricRegistriesImpl.java:addReporterRegistration(111)) - New reporters are added after registries were created. Some metrics will be missing from the reporter. Please add reporter before adding any new registry.
2022-11-08 06:33:49,037 [Listener at 127.0.0.1/44321] WARN  impl.MetricRegistriesImpl (MetricRegistriesImpl.java:addReporterRegistration(111)) - New reporters are added after registries were created. Some metrics will be missing from the reporter. Please add reporter before adding any new registry.
2022-11-08 06:33:49,038 [Listener at 127.0.0.1/44321] INFO  impl.MetricsSystemImpl (MetricsSystemImpl.java:init(158)) - HddsDatanode metrics system started (again)
2022-11-08 06:33:49,050 [Listener at 127.0.0.1/44321] INFO  ozone.HddsDatanodeService (HddsDatanodeService.java:start(236)) - HddsDatanodeService host:fv-az220-111.shdwizndlbjulinwhzhdmup5sb.jx.internal.cloudapp.net ip:10.1.0.244
2022-11-08 06:33:49,079 [Listener at 127.0.0.1/44321] INFO  upgrade.AbstractLayoutVersionManager (AbstractLayoutVersionManager.java:init(83)) - Initializing Layout version manager with metadata layout = DATANODE_SCHEMA_V3 (version = 4), software layout = DATANODE_SCHEMA_V3 (version = 4)
2022-11-08 06:33:49,128 [Listener at 127.0.0.1/44321] INFO  reflections.Reflections (Reflections.java:scan(232)) - Reflections took 47 ms to scan 7 urls, producing 139 keys and 336 values 
2022-11-08 06:33:49,130 [Listener at 127.0.0.1/44321] INFO  statemachine.DatanodeStateMachine (DatanodeStateMachine.java:getEndPointTaskThreadPoolSize(245)) - Datanode State Machine Task Thread Pool size 2
2022-11-08 06:33:49,132 [Listener at 127.0.0.1/44321] INFO  volume.HddsVolume (HddsVolume.java:<init>(117)) - Creating HddsVolume: /home/runner/work/ozone/ozone/hadoop-ozone/integration-test/target/test-dir/MiniOzoneClusterImpl-8e06ede3-228e-44b7-a612-3acc89ebc779/datanode-0/data-0/containers/hdds of storage type : DISK capacity : 9223372036854775807
2022-11-08 06:33:49,132 [Listener at 127.0.0.1/44321] INFO  volume.MutableVolumeSet (MutableVolumeSet.java:initializeVolumeSet(174)) - Added Volume : /home/runner/work/ozone/ozone/hadoop-ozone/integration-test/target/test-dir/MiniOzoneClusterImpl-8e06ede3-228e-44b7-a612-3acc89ebc779/datanode-0/data-0/containers/hdds to VolumeSet
2022-11-08 06:33:49,132 [Listener at 127.0.0.1/44321] INFO  volume.ThrottledAsyncChecker (ThrottledAsyncChecker.java:schedule(141)) - Scheduling a check for /home/runner/work/ozone/ozone/hadoop-ozone/integration-test/target/test-dir/MiniOzoneClusterImpl-8e06ede3-228e-44b7-a612-3acc89ebc779/datanode-0/data-0/containers/hdds
2022-11-08 06:33:49,139 [Listener at 127.0.0.1/44321] INFO  volume.StorageVolumeChecker (StorageVolumeChecker.java:checkAllVolumes(202)) - Scheduled health check for volume /home/runner/work/ozone/ozone/hadoop-ozone/integration-test/target/test-dir/MiniOzoneClusterImpl-8e06ede3-228e-44b7-a612-3acc89ebc779/datanode-0/data-0/containers/hdds
2022-11-08 06:33:49,152 [Listener at 127.0.0.1/44321] INFO  volume.MutableVolumeSet (MutableVolumeSet.java:initializeVolumeSet(174)) - Added Volume : /home/runner/work/ozone/ozone/hadoop-ozone/integration-test/target/test-dir/MiniOzoneClusterImpl-8e06ede3-228e-44b7-a612-3acc89ebc779/datanode-0/data/ratis to VolumeSet
2022-11-08 06:33:49,152 [Listener at 127.0.0.1/44321] INFO  volume.ThrottledAsyncChecker (ThrottledAsyncChecker.java:schedule(141)) - Scheduling a check for /home/runner/work/ozone/ozone/hadoop-ozone/integration-test/target/test-dir/MiniOzoneClusterImpl-8e06ede3-228e-44b7-a612-3acc89ebc779/datanode-0/data/ratis
2022-11-08 06:33:49,152 [Listener at 127.0.0.1/44321] INFO  volume.StorageVolumeChecker (StorageVolumeChecker.java:checkAllVolumes(202)) - Scheduled health check for volume /home/runner/work/ozone/ozone/hadoop-ozone/integration-test/target/test-dir/MiniOzoneClusterImpl-8e06ede3-228e-44b7-a612-3acc89ebc779/datanode-0/data/ratis
2022-11-08 06:33:49,164 [Thread-881] INFO  ozoneimpl.ContainerReader (ContainerReader.java:readVolume(175)) - Finish verifying containers on volume /home/runner/work/ozone/ozone/hadoop-ozone/integration-test/target/test-dir/MiniOzoneClusterImpl-8e06ede3-228e-44b7-a612-3acc89ebc779/datanode-0/data-0/containers/hdds
2022-11-08 06:33:49,164 [Listener at 127.0.0.1/44321] INFO  ozoneimpl.OzoneContainer (OzoneContainer.java:buildContainerSet(300)) - Build ContainerSet costs 0s
2022-11-08 06:33:49,166 [Listener at 127.0.0.1/44321] INFO  server.RaftServer (ConfUtils.java:logGet(46)) - raft.rpc.type = GRPC (default)
2022-11-08 06:33:49,167 [Listener at 127.0.0.1/44321] INFO  grpc.GrpcConfigKeys (ConfUtils.java:logFallback(53)) - raft.grpc.admin.host = null (fallback to raft.grpc.server.host)
2022-11-08 06:33:49,167 [Listener at 127.0.0.1/44321] INFO  grpc.GrpcConfigKeys (ConfUtils.java:logGet(46)) - raft.grpc.admin.port = 0 (custom)
2022-11-08 06:33:49,167 [Listener at 127.0.0.1/44321] INFO  grpc.GrpcConfigKeys (ConfUtils.java:logFallback(53)) - raft.grpc.client.host = null (fallback to raft.grpc.server.host)
2022-11-08 06:33:49,167 [Listener at 127.0.0.1/44321] INFO  grpc.GrpcConfigKeys (ConfUtils.java:logGet(46)) - raft.grpc.client.port = 0 (custom)
2022-11-08 06:33:49,167 [Listener at 127.0.0.1/44321] INFO  grpc.GrpcConfigKeys (ConfUtils.java:logGet(46)) - raft.grpc.server.host = null (default)
2022-11-08 06:33:49,167 [Listener at 127.0.0.1/44321] INFO  grpc.GrpcConfigKeys (ConfUtils.java:logGet(46)) - raft.grpc.server.port = 0 (default)
2022-11-08 06:33:49,168 [Listener at 127.0.0.1/44321] INFO  server.GrpcService (ConfUtils.java:logGet(46)) - raft.grpc.message.size.max = 32MB (=33554432) (custom)
2022-11-08 06:33:49,168 [Listener at 127.0.0.1/44321] INFO  server.RaftServerConfigKeys (ConfUtils.java:logGet(46)) - raft.server.log.appender.buffer.byte-limit = 33554432 (custom)
2022-11-08 06:33:49,168 [Listener at 127.0.0.1/44321] INFO  server.GrpcService (ConfUtils.java:logGet(46)) - raft.grpc.flow.control.window = 5MB (=5242880) (custom)
2022-11-08 06:33:49,168 [Listener at 127.0.0.1/44321] INFO  server.RaftServerConfigKeys (ConfUtils.java:logGet(46)) - raft.server.rpc.request.timeout = 60s (custom)
2022-11-08 06:33:49,168 [Listener at 127.0.0.1/44321] INFO  grpc.GrpcConfigKeys (ConfUtils.java:logGet(46)) - raft.grpc.server.heartbeat.channel = true (default)
2022-11-08 06:33:49,168 [Listener at 127.0.0.1/44321] INFO  grpc.GrpcConfigKeys (ConfUtils.java:logGet(46)) - raft.grpc.server.async.request.thread.pool.cached = true (default)
2022-11-08 06:33:49,168 [Listener at 127.0.0.1/44321] INFO  grpc.GrpcConfigKeys (ConfUtils.java:logGet(46)) - raft.grpc.server.async.request.thread.pool.size = 32 (default)
2022-11-08 06:33:49,169 [Listener at 127.0.0.1/44321] INFO  impl.DataStreamServerImpl (ConfUtils.java:logGet(46)) - raft.datastream.type = DISABLED (default)
2022-11-08 06:33:49,170 [Listener at 127.0.0.1/44321] INFO  server.RaftServerConfigKeys (ConfUtils.java:logGet(46)) - raft.server.threadpool.proxy.cached = true (default)
2022-11-08 06:33:49,170 [Listener at 127.0.0.1/44321] INFO  server.RaftServerConfigKeys (ConfUtils.java:logGet(46)) - raft.server.threadpool.proxy.size = 0 (default)
2022-11-08 06:33:49,170 [Listener at 127.0.0.1/44321] INFO  server.RaftServerConfigKeys (ConfUtils.java:logGet(46)) - raft.server.rpc.slowness.timeout = 300s (custom)
2022-11-08 06:33:49,170 [Listener at 127.0.0.1/44321] INFO  server.RaftServerConfigKeys (ConfUtils.java:logGet(46)) - raft.server.leaderelection.leader.step-down.wait-time = 10s (default)
2022-11-08 06:33:49,171 [Listener at 127.0.0.1/44321] INFO  server.RaftServerConfigKeys (ConfUtils.java:logGet(46)) - raft.server.storage.dir = [/home/runner/work/ozone/ozone/hadoop-ozone/integration-test/target/test-dir/MiniOzoneClusterImpl-8e06ede3-228e-44b7-a612-3acc89ebc779/datanode-0/data/ratis] (custom)
2022-11-08 06:33:49,172 [Listener at 127.0.0.1/44321] INFO  server.XceiverServerGrpc (XceiverServerGrpc.java:<init>(132)) - GrpcServer channel type EpollServerSocketChannel
2022-11-08 06:33:49,175 [Listener at 127.0.0.1/44321] INFO  http.BaseHttpServer (BaseHttpServer.java:newHttpServer2BuilderForOzone(213)) - Starting Web-server for hddsDatanode at: http://0.0.0.0:0
2022-11-08 06:33:49,175 [Listener at 127.0.0.1/44321] INFO  http.BaseHttpServer (BaseHttpServer.java:<init>(108)) - Hadoop Security Enabled: false Ozone Security Enabled: false Ozone HTTP Security Enabled: false 
2022-11-08 06:33:49,176 [Listener at 127.0.0.1/44321] WARN  server.AuthenticationFilter (AuthenticationFilter.java:constructSecretProvider(240)) - Unable to initialize FileSignerSecretProvider, falling back to use random secrets. Reason: Could not read signature secret file: /home/runner/hadoop-http-auth-signature-secret
2022-11-08 06:33:49,177 [Listener at 127.0.0.1/44321] WARN  http.HttpRequestLog (HttpRequestLog.java:getRequestLog(103)) - Jetty request log can only be enabled using Log4j
2022-11-08 06:33:49,178 [Listener at 127.0.0.1/44321] INFO  http.HttpServer2 (HttpServer2.java:addGlobalFilter(1031)) - Added global filter 'safety' (class=org.apache.hadoop.hdds.server.http.HttpServer2$QuotingInputFilter)
2022-11-08 06:33:49,179 [Listener at 127.0.0.1/44321] INFO  http.HttpServer2 (HttpServer2.java:addFilter(1007)) - Added filter static_user_filter (class=org.apache.hadoop.http.lib.StaticUserWebFilter$StaticUserFilter) to context hddsDatanode
2022-11-08 06:33:49,179 [Listener at 127.0.0.1/44321] INFO  http.HttpServer2 (HttpServer2.java:addFilter(1015)) - Added filter static_user_filter (class=org.apache.hadoop.http.lib.StaticUserWebFilter$StaticUserFilter) to context logs
2022-11-08 06:33:49,179 [Listener at 127.0.0.1/44321] INFO  http.HttpServer2 (HttpServer2.java:addFilter(1015)) - Added filter static_user_filter (class=org.apache.hadoop.http.lib.StaticUserWebFilter$StaticUserFilter) to context static
2022-11-08 06:33:49,179 [Listener at 127.0.0.1/44321] INFO  http.HttpServer2 (HttpServer2.java:bindListener(1250)) - Jetty bound to port 32951
2022-11-08 06:33:49,179 [Listener at 127.0.0.1/44321] INFO  server.Server (Server.java:doStart(375)) - jetty-9.4.49.v20220914; built: 2022-09-14T01:07:36.601Z; git: 4231a3b2e4cb8548a412a789936d640a97b1aa0a; jvm 1.8.0_345-b01
2022-11-08 06:33:49,181 [Listener at 127.0.0.1/44321] INFO  server.session (DefaultSessionIdManager.java:doStart(334)) - DefaultSessionIdManager workerName=node0
2022-11-08 06:33:49,181 [Listener at 127.0.0.1/44321] INFO  server.session (DefaultSessionIdManager.java:doStart(339)) - No SessionScavenger set, using defaults
2022-11-08 06:33:49,181 [Listener at 127.0.0.1/44321] INFO  server.session (HouseKeeper.java:startScavenging(132)) - node0 Scavenging every 600000ms
2022-11-08 06:33:49,182 [Listener at 127.0.0.1/44321] INFO  handler.ContextHandler (ContextHandler.java:doStart(921)) - Started o.e.j.s.ServletContextHandler@65e30b24{logs,/logs,file:///home/runner/work/ozone/ozone/hadoop-ozone/integration-test/target/log,AVAILABLE}
2022-11-08 06:33:49,182 [Listener at 127.0.0.1/44321] INFO  handler.ContextHandler (ContextHandler.java:doStart(921)) - Started o.e.j.s.ServletContextHandler@badbf43{static,/static,jar:file:/home/runner/.m2/repository/org/apache/ozone/hdds-container-service/1.3.0-SNAPSHOT/hdds-container-service-1.3.0-SNAPSHOT.jar!/webapps/static,AVAILABLE}
2022-11-08 06:33:49,429 [Listener at 127.0.0.1/44321] INFO  handler.ContextHandler (ContextHandler.java:doStart(921)) - Started o.e.j.w.WebAppContext@3ab04840{hddsDatanode,/,file:///tmp/jetty-0_0_0_0-32951-hdds-container-service-1_3_0-SNAPSHOT_jar-_-any-3108368141417008718/webapp/,AVAILABLE}{jar:file:/home/runner/.m2/repository/org/apache/ozone/hdds-container-service/1.3.0-SNAPSHOT/hdds-container-service-1.3.0-SNAPSHOT.jar!/webapps/hddsDatanode}
2022-11-08 06:33:49,431 [Listener at 127.0.0.1/44321] INFO  server.AbstractConnector (AbstractConnector.java:doStart(333)) - Started ServerConnector@7758f478{HTTP/1.1, (http/1.1)}{0.0.0.0:32951}
2022-11-08 06:33:49,431 [Listener at 127.0.0.1/44321] INFO  server.Server (Server.java:doStart(415)) - Started @128428ms
2022-11-08 06:33:49,431 [Listener at 127.0.0.1/44321] WARN  impl.MetricsSystemImpl (MetricsSystemImpl.java:register(279)) - Sink prometheus already exists!
2022-11-08 06:33:49,432 [Listener at 127.0.0.1/44321] INFO  http.BaseHttpServer (BaseHttpServer.java:updateConnectorAddress(333)) - HTTP server of hddsDatanode listening at http://0.0.0.0:32951
2022-11-08 06:33:49,432 [Datanode State Machine Daemon Thread] INFO  statemachine.DatanodeStateMachine (DatanodeStateMachine.java:lambda$startDaemon$0(505)) - Ozone container server started.
2022-11-08 06:33:49,432 [Listener at 127.0.0.1/44321] WARN  impl.MetricRegistriesImpl (MetricRegistriesImpl.java:addReporterRegistration(111)) - New reporters are added after registries were created. Some metrics will be missing from the reporter. Please add reporter before adding any new registry.
2022-11-08 06:33:49,433 [Listener at 127.0.0.1/44321] WARN  impl.MetricRegistriesImpl (MetricRegistriesImpl.java:addReporterRegistration(111)) - New reporters are added after registries were created. Some metrics will be missing from the reporter. Please add reporter before adding any new registry.
2022-11-08 06:33:49,433 [Listener at 127.0.0.1/44321] INFO  impl.MetricsSystemImpl (MetricsSystemImpl.java:init(158)) - HddsDatanode metrics system started (again)
2022-11-08 06:33:49,444 [org.apache.hadoop.util.JvmPauseMonitor$Monitor@1106e289] INFO  util.JvmPauseMonitor (JvmPauseMonitor.java:run(188)) - Starting JVM pause monitor
2022-11-08 06:33:49,446 [Listener at 127.0.0.1/44321] INFO  ozone.HddsDatanodeService (HddsDatanodeService.java:start(236)) - HddsDatanodeService host:fv-az220-111.shdwizndlbjulinwhzhdmup5sb.jx.internal.cloudapp.net ip:10.1.0.244
2022-11-08 06:33:49,456 [Datanode State Machine Task Thread - 0] INFO  datanode.InitDatanodeState (InitDatanodeState.java:persistContainerDatanodeDetails(138)) - DatanodeDetails is persisted to /home/runner/work/ozone/ozone/hadoop-ozone/integration-test/target/test-dir/MiniOzoneClusterImpl-8e06ede3-228e-44b7-a612-3acc89ebc779/datanode-0/meta/datanode.id
2022-11-08 06:33:49,478 [Listener at 127.0.0.1/44321] INFO  upgrade.AbstractLayoutVersionManager (AbstractLayoutVersionManager.java:init(83)) - Initializing Layout version manager with metadata layout = DATANODE_SCHEMA_V3 (version = 4), software layout = DATANODE_SCHEMA_V3 (version = 4)
2022-11-08 06:33:49,528 [Listener at 127.0.0.1/44321] INFO  reflections.Reflections (Reflections.java:scan(232)) - Reflections took 49 ms to scan 7 urls, producing 139 keys and 336 values 
2022-11-08 06:33:49,530 [Listener at 127.0.0.1/44321] INFO  statemachine.DatanodeStateMachine (DatanodeStateMachine.java:getEndPointTaskThreadPoolSize(245)) - Datanode State Machine Task Thread Pool size 2
2022-11-08 06:33:49,542 [Listener at 127.0.0.1/44321] INFO  volume.HddsVolume (HddsVolume.java:<init>(117)) - Creating HddsVolume: /home/runner/work/ozone/ozone/hadoop-ozone/integration-test/target/test-dir/MiniOzoneClusterImpl-8e06ede3-228e-44b7-a612-3acc89ebc779/datanode-1/data-0/containers/hdds of storage type : DISK capacity : 9223372036854775807
2022-11-08 06:33:49,543 [Listener at 127.0.0.1/44321] INFO  volume.MutableVolumeSet (MutableVolumeSet.java:initializeVolumeSet(174)) - Added Volume : /home/runner/work/ozone/ozone/hadoop-ozone/integration-test/target/test-dir/MiniOzoneClusterImpl-8e06ede3-228e-44b7-a612-3acc89ebc779/datanode-1/data-0/containers/hdds to VolumeSet
2022-11-08 06:33:49,543 [Listener at 127.0.0.1/44321] INFO  volume.ThrottledAsyncChecker (ThrottledAsyncChecker.java:schedule(141)) - Scheduling a check for /home/runner/work/ozone/ozone/hadoop-ozone/integration-test/target/test-dir/MiniOzoneClusterImpl-8e06ede3-228e-44b7-a612-3acc89ebc779/datanode-1/data-0/containers/hdds
2022-11-08 06:33:49,557 [Listener at 127.0.0.1/44321] INFO  volume.StorageVolumeChecker (StorageVolumeChecker.java:checkAllVolumes(202)) - Scheduled health check for volume /home/runner/work/ozone/ozone/hadoop-ozone/integration-test/target/test-dir/MiniOzoneClusterImpl-8e06ede3-228e-44b7-a612-3acc89ebc779/datanode-1/data-0/containers/hdds
2022-11-08 06:33:49,570 [Listener at 127.0.0.1/44321] INFO  volume.MutableVolumeSet (MutableVolumeSet.java:initializeVolumeSet(174)) - Added Volume : /home/runner/work/ozone/ozone/hadoop-ozone/integration-test/target/test-dir/MiniOzoneClusterImpl-8e06ede3-228e-44b7-a612-3acc89ebc779/datanode-1/data/ratis to VolumeSet
2022-11-08 06:33:49,571 [Listener at 127.0.0.1/44321] INFO  volume.ThrottledAsyncChecker (ThrottledAsyncChecker.java:schedule(141)) - Scheduling a check for /home/runner/work/ozone/ozone/hadoop-ozone/integration-test/target/test-dir/MiniOzoneClusterImpl-8e06ede3-228e-44b7-a612-3acc89ebc779/datanode-1/data/ratis
2022-11-08 06:33:49,571 [Listener at 127.0.0.1/44321] INFO  volume.StorageVolumeChecker (StorageVolumeChecker.java:checkAllVolumes(202)) - Scheduled health check for volume /home/runner/work/ozone/ozone/hadoop-ozone/integration-test/target/test-dir/MiniOzoneClusterImpl-8e06ede3-228e-44b7-a612-3acc89ebc779/datanode-1/data/ratis
2022-11-08 06:33:49,589 [Thread-894] INFO  ozoneimpl.ContainerReader (ContainerReader.java:readVolume(175)) - Finish verifying containers on volume /home/runner/work/ozone/ozone/hadoop-ozone/integration-test/target/test-dir/MiniOzoneClusterImpl-8e06ede3-228e-44b7-a612-3acc89ebc779/datanode-1/data-0/containers/hdds
2022-11-08 06:33:49,590 [Listener at 127.0.0.1/44321] INFO  ozoneimpl.OzoneContainer (OzoneContainer.java:buildContainerSet(300)) - Build ContainerSet costs 0s
2022-11-08 06:33:49,591 [Listener at 127.0.0.1/44321] INFO  server.RaftServer (ConfUtils.java:logGet(46)) - raft.rpc.type = GRPC (default)
2022-11-08 06:33:49,592 [Listener at 127.0.0.1/44321] INFO  grpc.GrpcConfigKeys (ConfUtils.java:logFallback(53)) - raft.grpc.admin.host = null (fallback to raft.grpc.server.host)
2022-11-08 06:33:49,592 [Listener at 127.0.0.1/44321] INFO  grpc.GrpcConfigKeys (ConfUtils.java:logGet(46)) - raft.grpc.admin.port = 0 (custom)
2022-11-08 06:33:49,592 [Listener at 127.0.0.1/44321] INFO  grpc.GrpcConfigKeys (ConfUtils.java:logFallback(53)) - raft.grpc.client.host = null (fallback to raft.grpc.server.host)
2022-11-08 06:33:49,592 [Listener at 127.0.0.1/44321] INFO  grpc.GrpcConfigKeys (ConfUtils.java:logGet(46)) - raft.grpc.client.port = 0 (custom)
2022-11-08 06:33:49,592 [Listener at 127.0.0.1/44321] INFO  grpc.GrpcConfigKeys (ConfUtils.java:logGet(46)) - raft.grpc.server.host = null (default)
2022-11-08 06:33:49,592 [Listener at 127.0.0.1/44321] INFO  grpc.GrpcConfigKeys (ConfUtils.java:logGet(46)) - raft.grpc.server.port = 0 (default)
2022-11-08 06:33:49,593 [Listener at 127.0.0.1/44321] INFO  server.GrpcService (ConfUtils.java:logGet(46)) - raft.grpc.message.size.max = 32MB (=33554432) (custom)
2022-11-08 06:33:49,593 [Listener at 127.0.0.1/44321] INFO  server.RaftServerConfigKeys (ConfUtils.java:logGet(46)) - raft.server.log.appender.buffer.byte-limit = 33554432 (custom)
2022-11-08 06:33:49,593 [Listener at 127.0.0.1/44321] INFO  server.GrpcService (ConfUtils.java:logGet(46)) - raft.grpc.flow.control.window = 5MB (=5242880) (custom)
2022-11-08 06:33:49,593 [Listener at 127.0.0.1/44321] INFO  server.RaftServerConfigKeys (ConfUtils.java:logGet(46)) - raft.server.rpc.request.timeout = 60s (custom)
2022-11-08 06:33:49,593 [Listener at 127.0.0.1/44321] INFO  grpc.GrpcConfigKeys (ConfUtils.java:logGet(46)) - raft.grpc.server.heartbeat.channel = true (default)
2022-11-08 06:33:49,593 [Listener at 127.0.0.1/44321] INFO  grpc.GrpcConfigKeys (ConfUtils.java:logGet(46)) - raft.grpc.server.async.request.thread.pool.cached = true (default)
2022-11-08 06:33:49,594 [Listener at 127.0.0.1/44321] INFO  grpc.GrpcConfigKeys (ConfUtils.java:logGet(46)) - raft.grpc.server.async.request.thread.pool.size = 32 (default)
2022-11-08 06:33:49,595 [Listener at 127.0.0.1/44321] INFO  impl.DataStreamServerImpl (ConfUtils.java:logGet(46)) - raft.datastream.type = DISABLED (default)
2022-11-08 06:33:49,595 [Listener at 127.0.0.1/44321] INFO  server.RaftServerConfigKeys (ConfUtils.java:logGet(46)) - raft.server.threadpool.proxy.cached = true (default)
2022-11-08 06:33:49,595 [Listener at 127.0.0.1/44321] INFO  server.RaftServerConfigKeys (ConfUtils.java:logGet(46)) - raft.server.threadpool.proxy.size = 0 (default)
2022-11-08 06:33:49,595 [Listener at 127.0.0.1/44321] INFO  server.RaftServerConfigKeys (ConfUtils.java:logGet(46)) - raft.server.rpc.slowness.timeout = 300s (custom)
2022-11-08 06:33:49,595 [Listener at 127.0.0.1/44321] INFO  server.RaftServerConfigKeys (ConfUtils.java:logGet(46)) - raft.server.leaderelection.leader.step-down.wait-time = 10s (default)
2022-11-08 06:33:49,596 [Listener at 127.0.0.1/44321] INFO  server.RaftServerConfigKeys (ConfUtils.java:logGet(46)) - raft.server.storage.dir = [/home/runner/work/ozone/ozone/hadoop-ozone/integration-test/target/test-dir/MiniOzoneClusterImpl-8e06ede3-228e-44b7-a612-3acc89ebc779/datanode-1/data/ratis] (custom)
2022-11-08 06:33:49,597 [Listener at 127.0.0.1/44321] INFO  server.XceiverServerGrpc (XceiverServerGrpc.java:<init>(132)) - GrpcServer channel type EpollServerSocketChannel
2022-11-08 06:33:49,600 [Listener at 127.0.0.1/44321] INFO  http.BaseHttpServer (BaseHttpServer.java:newHttpServer2BuilderForOzone(213)) - Starting Web-server for hddsDatanode at: http://0.0.0.0:0
2022-11-08 06:33:49,600 [Listener at 127.0.0.1/44321] INFO  http.BaseHttpServer (BaseHttpServer.java:<init>(108)) - Hadoop Security Enabled: false Ozone Security Enabled: false Ozone HTTP Security Enabled: false 
2022-11-08 06:33:49,603 [Listener at 127.0.0.1/44321] WARN  server.AuthenticationFilter (AuthenticationFilter.java:constructSecretProvider(240)) - Unable to initialize FileSignerSecretProvider, falling back to use random secrets. Reason: Could not read signature secret file: /home/runner/hadoop-http-auth-signature-secret
2022-11-08 06:33:49,605 [Listener at 127.0.0.1/44321] WARN  http.HttpRequestLog (HttpRequestLog.java:getRequestLog(103)) - Jetty request log can only be enabled using Log4j
2022-11-08 06:33:49,607 [Listener at 127.0.0.1/44321] INFO  http.HttpServer2 (HttpServer2.java:addGlobalFilter(1031)) - Added global filter 'safety' (class=org.apache.hadoop.hdds.server.http.HttpServer2$QuotingInputFilter)
2022-11-08 06:33:49,607 [Listener at 127.0.0.1/44321] INFO  http.HttpServer2 (HttpServer2.java:addFilter(1007)) - Added filter static_user_filter (class=org.apache.hadoop.http.lib.StaticUserWebFilter$StaticUserFilter) to context hddsDatanode
2022-11-08 06:33:49,607 [Listener at 127.0.0.1/44321] INFO  http.HttpServer2 (HttpServer2.java:addFilter(1015)) - Added filter static_user_filter (class=org.apache.hadoop.http.lib.StaticUserWebFilter$StaticUserFilter) to context logs
2022-11-08 06:33:49,607 [Listener at 127.0.0.1/44321] INFO  http.HttpServer2 (HttpServer2.java:addFilter(1015)) - Added filter static_user_filter (class=org.apache.hadoop.http.lib.StaticUserWebFilter$StaticUserFilter) to context static
2022-11-08 06:33:49,608 [Listener at 127.0.0.1/44321] INFO  http.HttpServer2 (HttpServer2.java:bindListener(1250)) - Jetty bound to port 45227
2022-11-08 06:33:49,608 [Listener at 127.0.0.1/44321] INFO  server.Server (Server.java:doStart(375)) - jetty-9.4.49.v20220914; built: 2022-09-14T01:07:36.601Z; git: 4231a3b2e4cb8548a412a789936d640a97b1aa0a; jvm 1.8.0_345-b01
2022-11-08 06:33:49,611 [Listener at 127.0.0.1/44321] INFO  server.session (DefaultSessionIdManager.java:doStart(334)) - DefaultSessionIdManager workerName=node0
2022-11-08 06:33:49,611 [Listener at 127.0.0.1/44321] INFO  server.session (DefaultSessionIdManager.java:doStart(339)) - No SessionScavenger set, using defaults
2022-11-08 06:33:49,612 [Listener at 127.0.0.1/44321] INFO  server.session (HouseKeeper.java:startScavenging(132)) - node0 Scavenging every 600000ms
2022-11-08 06:33:49,613 [Listener at 127.0.0.1/44321] INFO  handler.ContextHandler (ContextHandler.java:doStart(921)) - Started o.e.j.s.ServletContextHandler@33459a1c{logs,/logs,file:///home/runner/work/ozone/ozone/hadoop-ozone/integration-test/target/log,AVAILABLE}
2022-11-08 06:33:49,614 [Listener at 127.0.0.1/44321] INFO  handler.ContextHandler (ContextHandler.java:doStart(921)) - Started o.e.j.s.ServletContextHandler@4465326b{static,/static,jar:file:/home/runner/.m2/repository/org/apache/ozone/hdds-container-service/1.3.0-SNAPSHOT/hdds-container-service-1.3.0-SNAPSHOT.jar!/webapps/static,AVAILABLE}
2022-11-08 06:33:49,807 [Listener at 127.0.0.1/44321] INFO  handler.ContextHandler (ContextHandler.java:doStart(921)) - Started o.e.j.w.WebAppContext@39a7de2a{hddsDatanode,/,file:///tmp/jetty-0_0_0_0-45227-hdds-container-service-1_3_0-SNAPSHOT_jar-_-any-2854772005765699469/webapp/,AVAILABLE}{jar:file:/home/runner/.m2/repository/org/apache/ozone/hdds-container-service/1.3.0-SNAPSHOT/hdds-container-service-1.3.0-SNAPSHOT.jar!/webapps/hddsDatanode}
2022-11-08 06:33:49,809 [Listener at 127.0.0.1/44321] INFO  server.AbstractConnector (AbstractConnector.java:doStart(333)) - Started ServerConnector@6e1421ff{HTTP/1.1, (http/1.1)}{0.0.0.0:45227}
2022-11-08 06:33:49,809 [Listener at 127.0.0.1/44321] INFO  server.Server (Server.java:doStart(415)) - Started @128806ms
2022-11-08 06:33:49,809 [Listener at 127.0.0.1/44321] WARN  impl.MetricsSystemImpl (MetricsSystemImpl.java:register(279)) - Sink prometheus already exists!
2022-11-08 06:33:49,810 [Listener at 127.0.0.1/44321] INFO  http.BaseHttpServer (BaseHttpServer.java:updateConnectorAddress(333)) - HTTP server of hddsDatanode listening at http://0.0.0.0:45227
2022-11-08 06:33:49,810 [Datanode State Machine Daemon Thread] INFO  statemachine.DatanodeStateMachine (DatanodeStateMachine.java:lambda$startDaemon$0(505)) - Ozone container server started.
2022-11-08 06:33:49,810 [Listener at 127.0.0.1/44321] WARN  impl.MetricRegistriesImpl (MetricRegistriesImpl.java:addReporterRegistration(111)) - New reporters are added after registries were created. Some metrics will be missing from the reporter. Please add reporter before adding any new registry.
2022-11-08 06:33:49,812 [Listener at 127.0.0.1/44321] WARN  impl.MetricRegistriesImpl (MetricRegistriesImpl.java:addReporterRegistration(111)) - New reporters are added after registries were created. Some metrics will be missing from the reporter. Please add reporter before adding any new registry.
2022-11-08 06:33:49,812 [Listener at 127.0.0.1/44321] INFO  impl.MetricsSystemImpl (MetricsSystemImpl.java:init(158)) - HddsDatanode metrics system started (again)
2022-11-08 06:33:49,824 [Listener at 127.0.0.1/44321] INFO  ozone.HddsDatanodeService (HddsDatanodeService.java:start(236)) - HddsDatanodeService host:fv-az220-111.shdwizndlbjulinwhzhdmup5sb.jx.internal.cloudapp.net ip:10.1.0.244
2022-11-08 06:33:49,824 [org.apache.hadoop.util.JvmPauseMonitor$Monitor@1c98056d] INFO  util.JvmPauseMonitor (JvmPauseMonitor.java:run(188)) - Starting JVM pause monitor
2022-11-08 06:33:49,828 [Datanode State Machine Task Thread - 0] INFO  datanode.InitDatanodeState (InitDatanodeState.java:persistContainerDatanodeDetails(138)) - DatanodeDetails is persisted to /home/runner/work/ozone/ozone/hadoop-ozone/integration-test/target/test-dir/MiniOzoneClusterImpl-8e06ede3-228e-44b7-a612-3acc89ebc779/datanode-1/meta/datanode.id
2022-11-08 06:33:49,851 [Listener at 127.0.0.1/44321] INFO  upgrade.AbstractLayoutVersionManager (AbstractLayoutVersionManager.java:init(83)) - Initializing Layout version manager with metadata layout = DATANODE_SCHEMA_V3 (version = 4), software layout = DATANODE_SCHEMA_V3 (version = 4)
2022-11-08 06:33:49,898 [Listener at 127.0.0.1/44321] INFO  reflections.Reflections (Reflections.java:scan(232)) - Reflections took 46 ms to scan 7 urls, producing 139 keys and 336 values 
2022-11-08 06:33:49,901 [Listener at 127.0.0.1/44321] INFO  statemachine.DatanodeStateMachine (DatanodeStateMachine.java:getEndPointTaskThreadPoolSize(245)) - Datanode State Machine Task Thread Pool size 2
2022-11-08 06:33:49,905 [Listener at 127.0.0.1/44321] INFO  volume.HddsVolume (HddsVolume.java:<init>(117)) - Creating HddsVolume: /home/runner/work/ozone/ozone/hadoop-ozone/integration-test/target/test-dir/MiniOzoneClusterImpl-8e06ede3-228e-44b7-a612-3acc89ebc779/datanode-2/data-0/containers/hdds of storage type : DISK capacity : 9223372036854775807
2022-11-08 06:33:49,905 [Listener at 127.0.0.1/44321] INFO  volume.MutableVolumeSet (MutableVolumeSet.java:initializeVolumeSet(174)) - Added Volume : /home/runner/work/ozone/ozone/hadoop-ozone/integration-test/target/test-dir/MiniOzoneClusterImpl-8e06ede3-228e-44b7-a612-3acc89ebc779/datanode-2/data-0/containers/hdds to VolumeSet
2022-11-08 06:33:49,905 [Listener at 127.0.0.1/44321] INFO  volume.ThrottledAsyncChecker (ThrottledAsyncChecker.java:schedule(141)) - Scheduling a check for /home/runner/work/ozone/ozone/hadoop-ozone/integration-test/target/test-dir/MiniOzoneClusterImpl-8e06ede3-228e-44b7-a612-3acc89ebc779/datanode-2/data-0/containers/hdds
2022-11-08 06:33:49,908 [Listener at 127.0.0.1/44321] INFO  volume.StorageVolumeChecker (StorageVolumeChecker.java:checkAllVolumes(202)) - Scheduled health check for volume /home/runner/work/ozone/ozone/hadoop-ozone/integration-test/target/test-dir/MiniOzoneClusterImpl-8e06ede3-228e-44b7-a612-3acc89ebc779/datanode-2/data-0/containers/hdds
2022-11-08 06:33:49,921 [Listener at 127.0.0.1/44321] INFO  volume.MutableVolumeSet (MutableVolumeSet.java:initializeVolumeSet(174)) - Added Volume : /home/runner/work/ozone/ozone/hadoop-ozone/integration-test/target/test-dir/MiniOzoneClusterImpl-8e06ede3-228e-44b7-a612-3acc89ebc779/datanode-2/data/ratis to VolumeSet
2022-11-08 06:33:49,921 [Listener at 127.0.0.1/44321] INFO  volume.ThrottledAsyncChecker (ThrottledAsyncChecker.java:schedule(141)) - Scheduling a check for /home/runner/work/ozone/ozone/hadoop-ozone/integration-test/target/test-dir/MiniOzoneClusterImpl-8e06ede3-228e-44b7-a612-3acc89ebc779/datanode-2/data/ratis
2022-11-08 06:33:49,921 [Listener at 127.0.0.1/44321] INFO  volume.StorageVolumeChecker (StorageVolumeChecker.java:checkAllVolumes(202)) - Scheduled health check for volume /home/runner/work/ozone/ozone/hadoop-ozone/integration-test/target/test-dir/MiniOzoneClusterImpl-8e06ede3-228e-44b7-a612-3acc89ebc779/datanode-2/data/ratis
2022-11-08 06:33:49,933 [Thread-907] INFO  ozoneimpl.ContainerReader (ContainerReader.java:readVolume(175)) - Finish verifying containers on volume /home/runner/work/ozone/ozone/hadoop-ozone/integration-test/target/test-dir/MiniOzoneClusterImpl-8e06ede3-228e-44b7-a612-3acc89ebc779/datanode-2/data-0/containers/hdds
2022-11-08 06:33:49,933 [Listener at 127.0.0.1/44321] INFO  ozoneimpl.OzoneContainer (OzoneContainer.java:buildContainerSet(300)) - Build ContainerSet costs 0s
2022-11-08 06:33:49,935 [Listener at 127.0.0.1/44321] INFO  server.RaftServer (ConfUtils.java:logGet(46)) - raft.rpc.type = GRPC (default)
2022-11-08 06:33:49,935 [Listener at 127.0.0.1/44321] INFO  grpc.GrpcConfigKeys (ConfUtils.java:logFallback(53)) - raft.grpc.admin.host = null (fallback to raft.grpc.server.host)
2022-11-08 06:33:49,935 [Listener at 127.0.0.1/44321] INFO  grpc.GrpcConfigKeys (ConfUtils.java:logGet(46)) - raft.grpc.admin.port = 0 (custom)
2022-11-08 06:33:49,935 [Listener at 127.0.0.1/44321] INFO  grpc.GrpcConfigKeys (ConfUtils.java:logFallback(53)) - raft.grpc.client.host = null (fallback to raft.grpc.server.host)
2022-11-08 06:33:49,935 [Listener at 127.0.0.1/44321] INFO  grpc.GrpcConfigKeys (ConfUtils.java:logGet(46)) - raft.grpc.client.port = 0 (custom)
2022-11-08 06:33:49,936 [Listener at 127.0.0.1/44321] INFO  grpc.GrpcConfigKeys (ConfUtils.java:logGet(46)) - raft.grpc.server.host = null (default)
2022-11-08 06:33:49,936 [Listener at 127.0.0.1/44321] INFO  grpc.GrpcConfigKeys (ConfUtils.java:logGet(46)) - raft.grpc.server.port = 0 (default)
2022-11-08 06:33:49,936 [Listener at 127.0.0.1/44321] INFO  server.GrpcService (ConfUtils.java:logGet(46)) - raft.grpc.message.size.max = 32MB (=33554432) (custom)
2022-11-08 06:33:49,936 [Listener at 127.0.0.1/44321] INFO  server.RaftServerConfigKeys (ConfUtils.java:logGet(46)) - raft.server.log.appender.buffer.byte-limit = 33554432 (custom)
2022-11-08 06:33:49,936 [Listener at 127.0.0.1/44321] INFO  server.GrpcService (ConfUtils.java:logGet(46)) - raft.grpc.flow.control.window = 5MB (=5242880) (custom)
2022-11-08 06:33:49,936 [Listener at 127.0.0.1/44321] INFO  server.RaftServerConfigKeys (ConfUtils.java:logGet(46)) - raft.server.rpc.request.timeout = 60s (custom)
2022-11-08 06:33:49,936 [Listener at 127.0.0.1/44321] INFO  grpc.GrpcConfigKeys (ConfUtils.java:logGet(46)) - raft.grpc.server.heartbeat.channel = true (default)
2022-11-08 06:33:49,937 [Listener at 127.0.0.1/44321] INFO  grpc.GrpcConfigKeys (ConfUtils.java:logGet(46)) - raft.grpc.server.async.request.thread.pool.cached = true (default)
2022-11-08 06:33:49,937 [Listener at 127.0.0.1/44321] INFO  grpc.GrpcConfigKeys (ConfUtils.java:logGet(46)) - raft.grpc.server.async.request.thread.pool.size = 32 (default)
2022-11-08 06:33:49,941 [Listener at 127.0.0.1/44321] INFO  impl.DataStreamServerImpl (ConfUtils.java:logGet(46)) - raft.datastream.type = DISABLED (default)
2022-11-08 06:33:49,941 [Listener at 127.0.0.1/44321] INFO  server.RaftServerConfigKeys (ConfUtils.java:logGet(46)) - raft.server.threadpool.proxy.cached = true (default)
2022-11-08 06:33:49,942 [Listener at 127.0.0.1/44321] INFO  server.RaftServerConfigKeys (ConfUtils.java:logGet(46)) - raft.server.threadpool.proxy.size = 0 (default)
2022-11-08 06:33:49,942 [Listener at 127.0.0.1/44321] INFO  server.RaftServerConfigKeys (ConfUtils.java:logGet(46)) - raft.server.rpc.slowness.timeout = 300s (custom)
2022-11-08 06:33:49,942 [Listener at 127.0.0.1/44321] INFO  server.RaftServerConfigKeys (ConfUtils.java:logGet(46)) - raft.server.leaderelection.leader.step-down.wait-time = 10s (default)
2022-11-08 06:33:49,942 [Listener at 127.0.0.1/44321] INFO  server.RaftServerConfigKeys (ConfUtils.java:logGet(46)) - raft.server.storage.dir = [/home/runner/work/ozone/ozone/hadoop-ozone/integration-test/target/test-dir/MiniOzoneClusterImpl-8e06ede3-228e-44b7-a612-3acc89ebc779/datanode-2/data/ratis] (custom)
2022-11-08 06:33:49,943 [Listener at 127.0.0.1/44321] INFO  server.XceiverServerGrpc (XceiverServerGrpc.java:<init>(132)) - GrpcServer channel type EpollServerSocketChannel
2022-11-08 06:33:49,946 [Listener at 127.0.0.1/44321] INFO  http.BaseHttpServer (BaseHttpServer.java:newHttpServer2BuilderForOzone(213)) - Starting Web-server for hddsDatanode at: http://0.0.0.0:0
2022-11-08 06:33:49,946 [Listener at 127.0.0.1/44321] INFO  http.BaseHttpServer (BaseHttpServer.java:<init>(108)) - Hadoop Security Enabled: false Ozone Security Enabled: false Ozone HTTP Security Enabled: false 
2022-11-08 06:33:49,947 [Listener at 127.0.0.1/44321] WARN  server.AuthenticationFilter (AuthenticationFilter.java:constructSecretProvider(240)) - Unable to initialize FileSignerSecretProvider, falling back to use random secrets. Reason: Could not read signature secret file: /home/runner/hadoop-http-auth-signature-secret
2022-11-08 06:33:49,948 [Listener at 127.0.0.1/44321] WARN  http.HttpRequestLog (HttpRequestLog.java:getRequestLog(103)) - Jetty request log can only be enabled using Log4j
2022-11-08 06:33:49,950 [Listener at 127.0.0.1/44321] INFO  http.HttpServer2 (HttpServer2.java:addGlobalFilter(1031)) - Added global filter 'safety' (class=org.apache.hadoop.hdds.server.http.HttpServer2$QuotingInputFilter)
2022-11-08 06:33:49,950 [Listener at 127.0.0.1/44321] INFO  http.HttpServer2 (HttpServer2.java:addFilter(1007)) - Added filter static_user_filter (class=org.apache.hadoop.http.lib.StaticUserWebFilter$StaticUserFilter) to context hddsDatanode
2022-11-08 06:33:49,950 [Listener at 127.0.0.1/44321] INFO  http.HttpServer2 (HttpServer2.java:addFilter(1015)) - Added filter static_user_filter (class=org.apache.hadoop.http.lib.StaticUserWebFilter$StaticUserFilter) to context static
2022-11-08 06:33:49,950 [Listener at 127.0.0.1/44321] INFO  http.HttpServer2 (HttpServer2.java:addFilter(1015)) - Added filter static_user_filter (class=org.apache.hadoop.http.lib.StaticUserWebFilter$StaticUserFilter) to context logs
2022-11-08 06:33:49,954 [Listener at 127.0.0.1/44321] INFO  http.HttpServer2 (HttpServer2.java:bindListener(1250)) - Jetty bound to port 44547
2022-11-08 06:33:49,954 [Listener at 127.0.0.1/44321] INFO  server.Server (Server.java:doStart(375)) - jetty-9.4.49.v20220914; built: 2022-09-14T01:07:36.601Z; git: 4231a3b2e4cb8548a412a789936d640a97b1aa0a; jvm 1.8.0_345-b01
2022-11-08 06:33:49,955 [Listener at 127.0.0.1/44321] INFO  server.session (DefaultSessionIdManager.java:doStart(334)) - DefaultSessionIdManager workerName=node0
2022-11-08 06:33:49,956 [Listener at 127.0.0.1/44321] INFO  server.session (DefaultSessionIdManager.java:doStart(339)) - No SessionScavenger set, using defaults
2022-11-08 06:33:49,956 [Listener at 127.0.0.1/44321] INFO  server.session (HouseKeeper.java:startScavenging(132)) - node0 Scavenging every 660000ms
2022-11-08 06:33:49,957 [Listener at 127.0.0.1/44321] INFO  handler.ContextHandler (ContextHandler.java:doStart(921)) - Started o.e.j.s.ServletContextHandler@11359920{logs,/logs,file:///home/runner/work/ozone/ozone/hadoop-ozone/integration-test/target/log,AVAILABLE}
2022-11-08 06:33:49,957 [Listener at 127.0.0.1/44321] INFO  handler.ContextHandler (ContextHandler.java:doStart(921)) - Started o.e.j.s.ServletContextHandler@2cfe99df{static,/static,jar:file:/home/runner/.m2/repository/org/apache/ozone/hdds-container-service/1.3.0-SNAPSHOT/hdds-container-service-1.3.0-SNAPSHOT.jar!/webapps/static,AVAILABLE}
2022-11-08 06:33:49,965 [om1@group-C5BA1605619E-FollowerState] INFO  impl.FollowerState (FollowerState.java:run(143)) - om1@group-C5BA1605619E-FollowerState: change to CANDIDATE, lastRpcElapsedTime:1010186419ns, electionTimeout:1009ms
2022-11-08 06:33:49,965 [om1@group-C5BA1605619E-FollowerState] INFO  impl.RoleInfo (RoleInfo.java:shutdownFollowerState(110)) - om1: shutdown om1@group-C5BA1605619E-FollowerState
2022-11-08 06:33:49,965 [om1@group-C5BA1605619E-FollowerState] INFO  server.RaftServer$Division (RaftServerImpl.java:setRole(321)) - om1@group-C5BA1605619E: changes role from  FOLLOWER to CANDIDATE at term 0 for changeToCandidate
2022-11-08 06:33:49,965 [om1@group-C5BA1605619E-FollowerState] INFO  server.RaftServerConfigKeys (ConfUtils.java:logGet(46)) - raft.server.leaderelection.pre-vote = false (custom)
2022-11-08 06:33:49,965 [om1@group-C5BA1605619E-FollowerState] INFO  impl.RoleInfo (RoleInfo.java:updateAndGet(139)) - om1: start om1@group-C5BA1605619E-LeaderElection29
2022-11-08 06:33:49,974 [om1@group-C5BA1605619E-LeaderElection29] INFO  impl.LeaderElection (LeaderElection.java:askForVotes(312)) - om1@group-C5BA1605619E-LeaderElection29 ELECTION round 0: submit vote requests at term 1 for -1: peers:[om1|rpc:localhost:9872|priority:0|startupRole:FOLLOWER]|listeners:[], old=null
2022-11-08 06:33:49,974 [om1@group-C5BA1605619E-LeaderElection29] INFO  impl.LeaderElection (LeaderElection.java:askForVotes(314)) - om1@group-C5BA1605619E-LeaderElection29 ELECTION round 0: result PASSED (term=1)
2022-11-08 06:33:49,974 [om1@group-C5BA1605619E-LeaderElection29] INFO  impl.RoleInfo (RoleInfo.java:shutdownLeaderElection(130)) - om1: shutdown om1@group-C5BA1605619E-LeaderElection29
2022-11-08 06:33:49,974 [om1@group-C5BA1605619E-LeaderElection29] INFO  server.RaftServer$Division (RaftServerImpl.java:setRole(321)) - om1@group-C5BA1605619E: changes role from CANDIDATE to LEADER at term 1 for changeToLeader
2022-11-08 06:33:49,974 [om1@group-C5BA1605619E-LeaderElection29] INFO  server.RaftServer$Division (ServerState.java:setLeader(313)) - om1@group-C5BA1605619E: change Leader from null to om1 at term 1 for becomeLeader, leader elected after 1508ms
2022-11-08 06:33:49,974 [om1@group-C5BA1605619E-LeaderElection29] INFO  server.RaftServerConfigKeys (ConfUtils.java:logGet(46)) - raft.server.staging.catchup.gap = 1000 (default)
2022-11-08 06:33:49,975 [om1@group-C5BA1605619E-LeaderElection29] INFO  server.RaftServerConfigKeys (ConfUtils.java:logGet(46)) - raft.server.write.element-limit = 4096 (default)
2022-11-08 06:33:49,975 [om1@group-C5BA1605619E-LeaderElection29] INFO  server.RaftServerConfigKeys (ConfUtils.java:logGet(46)) - raft.server.write.byte-limit = 64MB (=67108864) (default)
2022-11-08 06:33:49,976 [om1@group-C5BA1605619E-LeaderElection29] INFO  server.RaftServerConfigKeys (ConfUtils.java:logGet(46)) - raft.server.watch.timeout = 10s (default)
2022-11-08 06:33:49,976 [om1@group-C5BA1605619E-LeaderElection29] INFO  server.RaftServerConfigKeys (ConfUtils.java:logGet(46)) - raft.server.watch.timeout.denomination = 1s (default)
2022-11-08 06:33:49,976 [om1@group-C5BA1605619E-LeaderElection29] INFO  server.RaftServerConfigKeys (ConfUtils.java:logGet(46)) - raft.server.watch.element-limit = 65536 (default)
2022-11-08 06:33:49,976 [om1@group-C5BA1605619E-LeaderElection29] INFO  server.RaftServerConfigKeys (ConfUtils.java:logGet(46)) - raft.server.write.element-limit = 4096 (default)
2022-11-08 06:33:49,976 [om1@group-C5BA1605619E-LeaderElection29] INFO  server.RaftServerConfigKeys (ConfUtils.java:logGet(46)) - raft.server.write.follower.gap.ratio.max = -1.0 (default)
2022-11-08 06:33:49,976 [om1@group-C5BA1605619E-LeaderElection29] INFO  impl.RoleInfo (RoleInfo.java:updateAndGet(139)) - om1: start om1@group-C5BA1605619E-LeaderStateImpl
2022-11-08 06:33:49,976 [om1@group-C5BA1605619E-LeaderElection29] INFO  segmented.SegmentedRaftLogWorker (SegmentedRaftLogWorker.java:startLogSegment(452)) - om1@group-C5BA1605619E-SegmentedRaftLogWorker: Starting segment from index:0
2022-11-08 06:33:49,986 [om1@group-C5BA1605619E-LeaderElection29] INFO  server.RaftServer$Division (ServerState.java:setRaftConf(430)) - om1@group-C5BA1605619E: set configuration 0: peers:[om1|rpc:localhost:9872|admin:|client:|dataStream:|priority:0|startupRole:FOLLOWER]|listeners:[], old=null
2022-11-08 06:33:49,991 [om1@group-C5BA1605619E-SegmentedRaftLogWorker] INFO  segmented.SegmentedRaftLogWorker (SegmentedRaftLogWorker.java:execute(656)) - om1@group-C5BA1605619E-SegmentedRaftLogWorker: created new log segment /home/runner/work/ozone/ozone/hadoop-ozone/integration-test/target/test-dir/MiniOzoneClusterImpl-8e06ede3-228e-44b7-a612-3acc89ebc779/ozone-meta/ratis/bf265839-605b-3f16-9796-c5ba1605619e/current/log_inprogress_0
2022-11-08 06:33:49,993 [om1@group-C5BA1605619E-StateMachineUpdater] INFO  ratis.OzoneManagerStateMachine (OzoneManagerStateMachine.java:notifyConfigurationChanged(192)) - Received Configuration change notification from Ratis. New Peer list:
[id: "om1"
address: "localhost:9872"
startupRole: FOLLOWER
]
2022-11-08 06:33:50,158 [Listener at 127.0.0.1/44321] INFO  handler.ContextHandler (ContextHandler.java:doStart(921)) - Started o.e.j.w.WebAppContext@10cf15c0{hddsDatanode,/,file:///tmp/jetty-0_0_0_0-44547-hdds-container-service-1_3_0-SNAPSHOT_jar-_-any-6909212384055281308/webapp/,AVAILABLE}{jar:file:/home/runner/.m2/repository/org/apache/ozone/hdds-container-service/1.3.0-SNAPSHOT/hdds-container-service-1.3.0-SNAPSHOT.jar!/webapps/hddsDatanode}
2022-11-08 06:33:50,159 [Listener at 127.0.0.1/44321] INFO  server.AbstractConnector (AbstractConnector.java:doStart(333)) - Started ServerConnector@3f8bd4b1{HTTP/1.1, (http/1.1)}{0.0.0.0:44547}
2022-11-08 06:33:50,160 [Listener at 127.0.0.1/44321] INFO  server.Server (Server.java:doStart(415)) - Started @129157ms
2022-11-08 06:33:50,160 [Listener at 127.0.0.1/44321] WARN  impl.MetricsSystemImpl (MetricsSystemImpl.java:register(279)) - Sink prometheus already exists!
2022-11-08 06:33:50,161 [Listener at 127.0.0.1/44321] INFO  http.BaseHttpServer (BaseHttpServer.java:updateConnectorAddress(333)) - HTTP server of hddsDatanode listening at http://0.0.0.0:44547
2022-11-08 06:33:50,161 [Datanode State Machine Daemon Thread] INFO  statemachine.DatanodeStateMachine (DatanodeStateMachine.java:lambda$startDaemon$0(505)) - Ozone container server started.
2022-11-08 06:33:50,161 [Listener at 127.0.0.1/44321] WARN  impl.MetricRegistriesImpl (MetricRegistriesImpl.java:addReporterRegistration(111)) - New reporters are added after registries were created. Some metrics will be missing from the reporter. Please add reporter before adding any new registry.
2022-11-08 06:33:50,163 [Listener at 127.0.0.1/44321] WARN  impl.MetricRegistriesImpl (MetricRegistriesImpl.java:addReporterRegistration(111)) - New reporters are added after registries were created. Some metrics will be missing from the reporter. Please add reporter before adding any new registry.
2022-11-08 06:33:50,163 [Listener at 127.0.0.1/44321] INFO  impl.MetricsSystemImpl (MetricsSystemImpl.java:init(158)) - HddsDatanode metrics system started (again)
2022-11-08 06:33:50,175 [Listener at 127.0.0.1/44321] INFO  ozone.HddsDatanodeService (HddsDatanodeService.java:start(236)) - HddsDatanodeService host:fv-az220-111.shdwizndlbjulinwhzhdmup5sb.jx.internal.cloudapp.net ip:10.1.0.244
2022-11-08 06:33:50,176 [org.apache.hadoop.util.JvmPauseMonitor$Monitor@19e70a27] INFO  util.JvmPauseMonitor (JvmPauseMonitor.java:run(188)) - Starting JVM pause monitor
2022-11-08 06:33:50,178 [Datanode State Machine Task Thread - 0] INFO  datanode.InitDatanodeState (InitDatanodeState.java:persistContainerDatanodeDetails(138)) - DatanodeDetails is persisted to /home/runner/work/ozone/ozone/hadoop-ozone/integration-test/target/test-dir/MiniOzoneClusterImpl-8e06ede3-228e-44b7-a612-3acc89ebc779/datanode-2/meta/datanode.id
2022-11-08 06:33:50,201 [Listener at 127.0.0.1/44321] INFO  upgrade.AbstractLayoutVersionManager (AbstractLayoutVersionManager.java:init(83)) - Initializing Layout version manager with metadata layout = DATANODE_SCHEMA_V3 (version = 4), software layout = DATANODE_SCHEMA_V3 (version = 4)
2022-11-08 06:33:50,248 [Listener at 127.0.0.1/44321] INFO  reflections.Reflections (Reflections.java:scan(232)) - Reflections took 45 ms to scan 7 urls, producing 139 keys and 336 values 
2022-11-08 06:33:50,250 [Listener at 127.0.0.1/44321] INFO  statemachine.DatanodeStateMachine (DatanodeStateMachine.java:getEndPointTaskThreadPoolSize(245)) - Datanode State Machine Task Thread Pool size 2
2022-11-08 06:33:50,254 [Listener at 127.0.0.1/44321] INFO  volume.HddsVolume (HddsVolume.java:<init>(117)) - Creating HddsVolume: /home/runner/work/ozone/ozone/hadoop-ozone/integration-test/target/test-dir/MiniOzoneClusterImpl-8e06ede3-228e-44b7-a612-3acc89ebc779/datanode-3/data-0/containers/hdds of storage type : DISK capacity : 9223372036854775807
2022-11-08 06:33:50,254 [Listener at 127.0.0.1/44321] INFO  volume.MutableVolumeSet (MutableVolumeSet.java:initializeVolumeSet(174)) - Added Volume : /home/runner/work/ozone/ozone/hadoop-ozone/integration-test/target/test-dir/MiniOzoneClusterImpl-8e06ede3-228e-44b7-a612-3acc89ebc779/datanode-3/data-0/containers/hdds to VolumeSet
2022-11-08 06:33:50,254 [Listener at 127.0.0.1/44321] INFO  volume.ThrottledAsyncChecker (ThrottledAsyncChecker.java:schedule(141)) - Scheduling a check for /home/runner/work/ozone/ozone/hadoop-ozone/integration-test/target/test-dir/MiniOzoneClusterImpl-8e06ede3-228e-44b7-a612-3acc89ebc779/datanode-3/data-0/containers/hdds
2022-11-08 06:33:50,261 [Listener at 127.0.0.1/44321] INFO  volume.StorageVolumeChecker (StorageVolumeChecker.java:checkAllVolumes(202)) - Scheduled health check for volume /home/runner/work/ozone/ozone/hadoop-ozone/integration-test/target/test-dir/MiniOzoneClusterImpl-8e06ede3-228e-44b7-a612-3acc89ebc779/datanode-3/data-0/containers/hdds
2022-11-08 06:33:50,273 [Listener at 127.0.0.1/44321] INFO  volume.MutableVolumeSet (MutableVolumeSet.java:initializeVolumeSet(174)) - Added Volume : /home/runner/work/ozone/ozone/hadoop-ozone/integration-test/target/test-dir/MiniOzoneClusterImpl-8e06ede3-228e-44b7-a612-3acc89ebc779/datanode-3/data/ratis to VolumeSet
2022-11-08 06:33:50,273 [Listener at 127.0.0.1/44321] INFO  volume.ThrottledAsyncChecker (ThrottledAsyncChecker.java:schedule(141)) - Scheduling a check for /home/runner/work/ozone/ozone/hadoop-ozone/integration-test/target/test-dir/MiniOzoneClusterImpl-8e06ede3-228e-44b7-a612-3acc89ebc779/datanode-3/data/ratis
2022-11-08 06:33:50,274 [Listener at 127.0.0.1/44321] INFO  volume.StorageVolumeChecker (StorageVolumeChecker.java:checkAllVolumes(202)) - Scheduled health check for volume /home/runner/work/ozone/ozone/hadoop-ozone/integration-test/target/test-dir/MiniOzoneClusterImpl-8e06ede3-228e-44b7-a612-3acc89ebc779/datanode-3/data/ratis
2022-11-08 06:33:50,285 [Thread-922] INFO  ozoneimpl.ContainerReader (ContainerReader.java:readVolume(175)) - Finish verifying containers on volume /home/runner/work/ozone/ozone/hadoop-ozone/integration-test/target/test-dir/MiniOzoneClusterImpl-8e06ede3-228e-44b7-a612-3acc89ebc779/datanode-3/data-0/containers/hdds
2022-11-08 06:33:50,285 [Listener at 127.0.0.1/44321] INFO  ozoneimpl.OzoneContainer (OzoneContainer.java:buildContainerSet(300)) - Build ContainerSet costs 0s
2022-11-08 06:33:50,287 [Listener at 127.0.0.1/44321] INFO  server.RaftServer (ConfUtils.java:logGet(46)) - raft.rpc.type = GRPC (default)
2022-11-08 06:33:50,288 [Listener at 127.0.0.1/44321] INFO  grpc.GrpcConfigKeys (ConfUtils.java:logFallback(53)) - raft.grpc.admin.host = null (fallback to raft.grpc.server.host)
2022-11-08 06:33:50,288 [Listener at 127.0.0.1/44321] INFO  grpc.GrpcConfigKeys (ConfUtils.java:logGet(46)) - raft.grpc.admin.port = 0 (custom)
2022-11-08 06:33:50,288 [Listener at 127.0.0.1/44321] INFO  grpc.GrpcConfigKeys (ConfUtils.java:logFallback(53)) - raft.grpc.client.host = null (fallback to raft.grpc.server.host)
2022-11-08 06:33:50,288 [Listener at 127.0.0.1/44321] INFO  grpc.GrpcConfigKeys (ConfUtils.java:logGet(46)) - raft.grpc.client.port = 0 (custom)
2022-11-08 06:33:50,288 [Listener at 127.0.0.1/44321] INFO  grpc.GrpcConfigKeys (ConfUtils.java:logGet(46)) - raft.grpc.server.host = null (default)
2022-11-08 06:33:50,288 [Listener at 127.0.0.1/44321] INFO  grpc.GrpcConfigKeys (ConfUtils.java:logGet(46)) - raft.grpc.server.port = 0 (default)
2022-11-08 06:33:50,289 [Listener at 127.0.0.1/44321] INFO  server.GrpcService (ConfUtils.java:logGet(46)) - raft.grpc.message.size.max = 32MB (=33554432) (custom)
2022-11-08 06:33:50,289 [Listener at 127.0.0.1/44321] INFO  server.RaftServerConfigKeys (ConfUtils.java:logGet(46)) - raft.server.log.appender.buffer.byte-limit = 33554432 (custom)
2022-11-08 06:33:50,289 [Listener at 127.0.0.1/44321] INFO  server.GrpcService (ConfUtils.java:logGet(46)) - raft.grpc.flow.control.window = 5MB (=5242880) (custom)
2022-11-08 06:33:50,289 [Listener at 127.0.0.1/44321] INFO  server.RaftServerConfigKeys (ConfUtils.java:logGet(46)) - raft.server.rpc.request.timeout = 60s (custom)
2022-11-08 06:33:50,289 [Listener at 127.0.0.1/44321] INFO  grpc.GrpcConfigKeys (ConfUtils.java:logGet(46)) - raft.grpc.server.heartbeat.channel = true (default)
2022-11-08 06:33:50,289 [Listener at 127.0.0.1/44321] INFO  grpc.GrpcConfigKeys (ConfUtils.java:logGet(46)) - raft.grpc.server.async.request.thread.pool.cached = true (default)
2022-11-08 06:33:50,289 [Listener at 127.0.0.1/44321] INFO  grpc.GrpcConfigKeys (ConfUtils.java:logGet(46)) - raft.grpc.server.async.request.thread.pool.size = 32 (default)
2022-11-08 06:33:50,291 [Listener at 127.0.0.1/44321] INFO  impl.DataStreamServerImpl (ConfUtils.java:logGet(46)) - raft.datastream.type = DISABLED (default)
2022-11-08 06:33:50,291 [Listener at 127.0.0.1/44321] INFO  server.RaftServerConfigKeys (ConfUtils.java:logGet(46)) - raft.server.threadpool.proxy.cached = true (default)
2022-11-08 06:33:50,291 [Listener at 127.0.0.1/44321] INFO  server.RaftServerConfigKeys (ConfUtils.java:logGet(46)) - raft.server.threadpool.proxy.size = 0 (default)
2022-11-08 06:33:50,291 [Listener at 127.0.0.1/44321] INFO  server.RaftServerConfigKeys (ConfUtils.java:logGet(46)) - raft.server.rpc.slowness.timeout = 300s (custom)
2022-11-08 06:33:50,291 [Listener at 127.0.0.1/44321] INFO  server.RaftServerConfigKeys (ConfUtils.java:logGet(46)) - raft.server.leaderelection.leader.step-down.wait-time = 10s (default)
2022-11-08 06:33:50,291 [Listener at 127.0.0.1/44321] INFO  server.RaftServerConfigKeys (ConfUtils.java:logGet(46)) - raft.server.storage.dir = [/home/runner/work/ozone/ozone/hadoop-ozone/integration-test/target/test-dir/MiniOzoneClusterImpl-8e06ede3-228e-44b7-a612-3acc89ebc779/datanode-3/data/ratis] (custom)
2022-11-08 06:33:50,294 [Listener at 127.0.0.1/44321] INFO  server.XceiverServerGrpc (XceiverServerGrpc.java:<init>(132)) - GrpcServer channel type EpollServerSocketChannel
2022-11-08 06:33:50,299 [Listener at 127.0.0.1/44321] INFO  http.BaseHttpServer (BaseHttpServer.java:newHttpServer2BuilderForOzone(213)) - Starting Web-server for hddsDatanode at: http://0.0.0.0:0
2022-11-08 06:33:50,299 [Listener at 127.0.0.1/44321] INFO  http.BaseHttpServer (BaseHttpServer.java:<init>(108)) - Hadoop Security Enabled: false Ozone Security Enabled: false Ozone HTTP Security Enabled: false 
2022-11-08 06:33:50,300 [Listener at 127.0.0.1/44321] WARN  server.AuthenticationFilter (AuthenticationFilter.java:constructSecretProvider(240)) - Unable to initialize FileSignerSecretProvider, falling back to use random secrets. Reason: Could not read signature secret file: /home/runner/hadoop-http-auth-signature-secret
2022-11-08 06:33:50,302 [Listener at 127.0.0.1/44321] WARN  http.HttpRequestLog (HttpRequestLog.java:getRequestLog(103)) - Jetty request log can only be enabled using Log4j
2022-11-08 06:33:50,303 [Listener at 127.0.0.1/44321] INFO  http.HttpServer2 (HttpServer2.java:addGlobalFilter(1031)) - Added global filter 'safety' (class=org.apache.hadoop.hdds.server.http.HttpServer2$QuotingInputFilter)
2022-11-08 06:33:50,304 [Listener at 127.0.0.1/44321] INFO  http.HttpServer2 (HttpServer2.java:addFilter(1007)) - Added filter static_user_filter (class=org.apache.hadoop.http.lib.StaticUserWebFilter$StaticUserFilter) to context hddsDatanode
2022-11-08 06:33:50,304 [Listener at 127.0.0.1/44321] INFO  http.HttpServer2 (HttpServer2.java:addFilter(1015)) - Added filter static_user_filter (class=org.apache.hadoop.http.lib.StaticUserWebFilter$StaticUserFilter) to context static
2022-11-08 06:33:50,304 [Listener at 127.0.0.1/44321] INFO  http.HttpServer2 (HttpServer2.java:addFilter(1015)) - Added filter static_user_filter (class=org.apache.hadoop.http.lib.StaticUserWebFilter$StaticUserFilter) to context logs
2022-11-08 06:33:50,305 [Listener at 127.0.0.1/44321] INFO  http.HttpServer2 (HttpServer2.java:bindListener(1250)) - Jetty bound to port 46817
2022-11-08 06:33:50,305 [Listener at 127.0.0.1/44321] INFO  server.Server (Server.java:doStart(375)) - jetty-9.4.49.v20220914; built: 2022-09-14T01:07:36.601Z; git: 4231a3b2e4cb8548a412a789936d640a97b1aa0a; jvm 1.8.0_345-b01
2022-11-08 06:33:50,337 [Listener at 127.0.0.1/44321] INFO  server.session (DefaultSessionIdManager.java:doStart(334)) - DefaultSessionIdManager workerName=node0
2022-11-08 06:33:50,337 [Listener at 127.0.0.1/44321] INFO  server.session (DefaultSessionIdManager.java:doStart(339)) - No SessionScavenger set, using defaults
2022-11-08 06:33:50,338 [Listener at 127.0.0.1/44321] INFO  server.session (HouseKeeper.java:startScavenging(132)) - node0 Scavenging every 660000ms
2022-11-08 06:33:50,344 [Listener at 127.0.0.1/44321] INFO  handler.ContextHandler (ContextHandler.java:doStart(921)) - Started o.e.j.s.ServletContextHandler@4693a0fc{logs,/logs,file:///home/runner/work/ozone/ozone/hadoop-ozone/integration-test/target/log,AVAILABLE}
2022-11-08 06:33:50,344 [Listener at 127.0.0.1/44321] INFO  handler.ContextHandler (ContextHandler.java:doStart(921)) - Started o.e.j.s.ServletContextHandler@74cf34a3{static,/static,jar:file:/home/runner/.m2/repository/org/apache/ozone/hdds-container-service/1.3.0-SNAPSHOT/hdds-container-service-1.3.0-SNAPSHOT.jar!/webapps/static,AVAILABLE}
2022-11-08 06:33:50,545 [Listener at 127.0.0.1/44321] INFO  handler.ContextHandler (ContextHandler.java:doStart(921)) - Started o.e.j.w.WebAppContext@331ea1fe{hddsDatanode,/,file:///tmp/jetty-0_0_0_0-46817-hdds-container-service-1_3_0-SNAPSHOT_jar-_-any-3365304618115588059/webapp/,AVAILABLE}{jar:file:/home/runner/.m2/repository/org/apache/ozone/hdds-container-service/1.3.0-SNAPSHOT/hdds-container-service-1.3.0-SNAPSHOT.jar!/webapps/hddsDatanode}
2022-11-08 06:33:50,546 [Listener at 127.0.0.1/44321] INFO  server.AbstractConnector (AbstractConnector.java:doStart(333)) - Started ServerConnector@6b7961a1{HTTP/1.1, (http/1.1)}{0.0.0.0:46817}
2022-11-08 06:33:50,547 [Listener at 127.0.0.1/44321] INFO  server.Server (Server.java:doStart(415)) - Started @129544ms
2022-11-08 06:33:50,547 [Listener at 127.0.0.1/44321] WARN  impl.MetricsSystemImpl (MetricsSystemImpl.java:register(279)) - Sink prometheus already exists!
2022-11-08 06:33:50,547 [Listener at 127.0.0.1/44321] INFO  http.BaseHttpServer (BaseHttpServer.java:updateConnectorAddress(333)) - HTTP server of hddsDatanode listening at http://0.0.0.0:46817
2022-11-08 06:33:50,548 [Datanode State Machine Daemon Thread] INFO  statemachine.DatanodeStateMachine (DatanodeStateMachine.java:lambda$startDaemon$0(505)) - Ozone container server started.
2022-11-08 06:33:50,548 [Listener at 127.0.0.1/44321] WARN  impl.MetricRegistriesImpl (MetricRegistriesImpl.java:addReporterRegistration(111)) - New reporters are added after registries were created. Some metrics will be missing from the reporter. Please add reporter before adding any new registry.
2022-11-08 06:33:50,549 [Listener at 127.0.0.1/44321] WARN  impl.MetricRegistriesImpl (MetricRegistriesImpl.java:addReporterRegistration(111)) - New reporters are added after registries were created. Some metrics will be missing from the reporter. Please add reporter before adding any new registry.
2022-11-08 06:33:50,549 [Listener at 127.0.0.1/44321] INFO  impl.MetricsSystemImpl (MetricsSystemImpl.java:init(158)) - HddsDatanode metrics system started (again)
2022-11-08 06:33:50,555 [org.apache.hadoop.util.JvmPauseMonitor$Monitor@3d7612c6] INFO  util.JvmPauseMonitor (JvmPauseMonitor.java:run(188)) - Starting JVM pause monitor
2022-11-08 06:33:50,562 [Listener at 127.0.0.1/44321] INFO  ozone.HddsDatanodeService (HddsDatanodeService.java:start(236)) - HddsDatanodeService host:fv-az220-111.shdwizndlbjulinwhzhdmup5sb.jx.internal.cloudapp.net ip:10.1.0.244
2022-11-08 06:33:50,571 [Datanode State Machine Task Thread - 0] INFO  datanode.InitDatanodeState (InitDatanodeState.java:persistContainerDatanodeDetails(138)) - DatanodeDetails is persisted to /home/runner/work/ozone/ozone/hadoop-ozone/integration-test/target/test-dir/MiniOzoneClusterImpl-8e06ede3-228e-44b7-a612-3acc89ebc779/datanode-3/meta/datanode.id
2022-11-08 06:33:50,591 [Listener at 127.0.0.1/44321] INFO  upgrade.AbstractLayoutVersionManager (AbstractLayoutVersionManager.java:init(83)) - Initializing Layout version manager with metadata layout = DATANODE_SCHEMA_V3 (version = 4), software layout = DATANODE_SCHEMA_V3 (version = 4)
2022-11-08 06:33:50,637 [Listener at 127.0.0.1/44321] INFO  reflections.Reflections (Reflections.java:scan(232)) - Reflections took 45 ms to scan 7 urls, producing 139 keys and 336 values 
2022-11-08 06:33:50,639 [Listener at 127.0.0.1/44321] INFO  statemachine.DatanodeStateMachine (DatanodeStateMachine.java:getEndPointTaskThreadPoolSize(245)) - Datanode State Machine Task Thread Pool size 2
2022-11-08 06:33:50,640 [Listener at 127.0.0.1/44321] INFO  volume.HddsVolume (HddsVolume.java:<init>(117)) - Creating HddsVolume: /home/runner/work/ozone/ozone/hadoop-ozone/integration-test/target/test-dir/MiniOzoneClusterImpl-8e06ede3-228e-44b7-a612-3acc89ebc779/datanode-4/data-0/containers/hdds of storage type : DISK capacity : 9223372036854775807
2022-11-08 06:33:50,640 [Listener at 127.0.0.1/44321] INFO  volume.MutableVolumeSet (MutableVolumeSet.java:initializeVolumeSet(174)) - Added Volume : /home/runner/work/ozone/ozone/hadoop-ozone/integration-test/target/test-dir/MiniOzoneClusterImpl-8e06ede3-228e-44b7-a612-3acc89ebc779/datanode-4/data-0/containers/hdds to VolumeSet
2022-11-08 06:33:50,641 [Listener at 127.0.0.1/44321] INFO  volume.ThrottledAsyncChecker (ThrottledAsyncChecker.java:schedule(141)) - Scheduling a check for /home/runner/work/ozone/ozone/hadoop-ozone/integration-test/target/test-dir/MiniOzoneClusterImpl-8e06ede3-228e-44b7-a612-3acc89ebc779/datanode-4/data-0/containers/hdds
2022-11-08 06:33:50,641 [Listener at 127.0.0.1/44321] INFO  volume.StorageVolumeChecker (StorageVolumeChecker.java:checkAllVolumes(202)) - Scheduled health check for volume /home/runner/work/ozone/ozone/hadoop-ozone/integration-test/target/test-dir/MiniOzoneClusterImpl-8e06ede3-228e-44b7-a612-3acc89ebc779/datanode-4/data-0/containers/hdds
2022-11-08 06:33:50,653 [Listener at 127.0.0.1/44321] INFO  volume.MutableVolumeSet (MutableVolumeSet.java:initializeVolumeSet(174)) - Added Volume : /home/runner/work/ozone/ozone/hadoop-ozone/integration-test/target/test-dir/MiniOzoneClusterImpl-8e06ede3-228e-44b7-a612-3acc89ebc779/datanode-4/data/ratis to VolumeSet
2022-11-08 06:33:50,653 [Listener at 127.0.0.1/44321] INFO  volume.ThrottledAsyncChecker (ThrottledAsyncChecker.java:schedule(141)) - Scheduling a check for /home/runner/work/ozone/ozone/hadoop-ozone/integration-test/target/test-dir/MiniOzoneClusterImpl-8e06ede3-228e-44b7-a612-3acc89ebc779/datanode-4/data/ratis
2022-11-08 06:33:50,653 [Listener at 127.0.0.1/44321] INFO  volume.StorageVolumeChecker (StorageVolumeChecker.java:checkAllVolumes(202)) - Scheduled health check for volume /home/runner/work/ozone/ozone/hadoop-ozone/integration-test/target/test-dir/MiniOzoneClusterImpl-8e06ede3-228e-44b7-a612-3acc89ebc779/datanode-4/data/ratis
2022-11-08 06:33:50,665 [Thread-935] INFO  ozoneimpl.ContainerReader (ContainerReader.java:readVolume(175)) - Finish verifying containers on volume /home/runner/work/ozone/ozone/hadoop-ozone/integration-test/target/test-dir/MiniOzoneClusterImpl-8e06ede3-228e-44b7-a612-3acc89ebc779/datanode-4/data-0/containers/hdds
2022-11-08 06:33:50,665 [Listener at 127.0.0.1/44321] INFO  ozoneimpl.OzoneContainer (OzoneContainer.java:buildContainerSet(300)) - Build ContainerSet costs 0s
2022-11-08 06:33:50,667 [Listener at 127.0.0.1/44321] INFO  server.RaftServer (ConfUtils.java:logGet(46)) - raft.rpc.type = GRPC (default)
2022-11-08 06:33:50,667 [Listener at 127.0.0.1/44321] INFO  grpc.GrpcConfigKeys (ConfUtils.java:logFallback(53)) - raft.grpc.admin.host = null (fallback to raft.grpc.server.host)
2022-11-08 06:33:50,667 [Listener at 127.0.0.1/44321] INFO  grpc.GrpcConfigKeys (ConfUtils.java:logGet(46)) - raft.grpc.admin.port = 0 (custom)
2022-11-08 06:33:50,667 [Listener at 127.0.0.1/44321] INFO  grpc.GrpcConfigKeys (ConfUtils.java:logFallback(53)) - raft.grpc.client.host = null (fallback to raft.grpc.server.host)
2022-11-08 06:33:50,667 [Listener at 127.0.0.1/44321] INFO  grpc.GrpcConfigKeys (ConfUtils.java:logGet(46)) - raft.grpc.client.port = 0 (custom)
2022-11-08 06:33:50,668 [Listener at 127.0.0.1/44321] INFO  grpc.GrpcConfigKeys (ConfUtils.java:logGet(46)) - raft.grpc.server.host = null (default)
2022-11-08 06:33:50,668 [Listener at 127.0.0.1/44321] INFO  grpc.GrpcConfigKeys (ConfUtils.java:logGet(46)) - raft.grpc.server.port = 0 (default)
2022-11-08 06:33:50,668 [Listener at 127.0.0.1/44321] INFO  server.GrpcService (ConfUtils.java:logGet(46)) - raft.grpc.message.size.max = 32MB (=33554432) (custom)
2022-11-08 06:33:50,668 [Listener at 127.0.0.1/44321] INFO  server.RaftServerConfigKeys (ConfUtils.java:logGet(46)) - raft.server.log.appender.buffer.byte-limit = 33554432 (custom)
2022-11-08 06:33:50,668 [Listener at 127.0.0.1/44321] INFO  server.GrpcService (ConfUtils.java:logGet(46)) - raft.grpc.flow.control.window = 5MB (=5242880) (custom)
2022-11-08 06:33:50,668 [Listener at 127.0.0.1/44321] INFO  server.RaftServerConfigKeys (ConfUtils.java:logGet(46)) - raft.server.rpc.request.timeout = 60s (custom)
2022-11-08 06:33:50,668 [Listener at 127.0.0.1/44321] INFO  grpc.GrpcConfigKeys (ConfUtils.java:logGet(46)) - raft.grpc.server.heartbeat.channel = true (default)
2022-11-08 06:33:50,668 [Listener at 127.0.0.1/44321] INFO  grpc.GrpcConfigKeys (ConfUtils.java:logGet(46)) - raft.grpc.server.async.request.thread.pool.cached = true (default)
2022-11-08 06:33:50,669 [Listener at 127.0.0.1/44321] INFO  grpc.GrpcConfigKeys (ConfUtils.java:logGet(46)) - raft.grpc.server.async.request.thread.pool.size = 32 (default)
2022-11-08 06:33:50,670 [Listener at 127.0.0.1/44321] INFO  impl.DataStreamServerImpl (ConfUtils.java:logGet(46)) - raft.datastream.type = DISABLED (default)
2022-11-08 06:33:50,670 [Listener at 127.0.0.1/44321] INFO  server.RaftServerConfigKeys (ConfUtils.java:logGet(46)) - raft.server.threadpool.proxy.cached = true (default)
2022-11-08 06:33:50,670 [Listener at 127.0.0.1/44321] INFO  server.RaftServerConfigKeys (ConfUtils.java:logGet(46)) - raft.server.threadpool.proxy.size = 0 (default)
2022-11-08 06:33:50,670 [Listener at 127.0.0.1/44321] INFO  server.RaftServerConfigKeys (ConfUtils.java:logGet(46)) - raft.server.rpc.slowness.timeout = 300s (custom)
2022-11-08 06:33:50,670 [Listener at 127.0.0.1/44321] INFO  server.RaftServerConfigKeys (ConfUtils.java:logGet(46)) - raft.server.leaderelection.leader.step-down.wait-time = 10s (default)
2022-11-08 06:33:50,670 [Listener at 127.0.0.1/44321] INFO  server.RaftServerConfigKeys (ConfUtils.java:logGet(46)) - raft.server.storage.dir = [/home/runner/work/ozone/ozone/hadoop-ozone/integration-test/target/test-dir/MiniOzoneClusterImpl-8e06ede3-228e-44b7-a612-3acc89ebc779/datanode-4/data/ratis] (custom)
2022-11-08 06:33:50,672 [Listener at 127.0.0.1/44321] INFO  server.XceiverServerGrpc (XceiverServerGrpc.java:<init>(132)) - GrpcServer channel type EpollServerSocketChannel
2022-11-08 06:33:50,674 [Listener at 127.0.0.1/44321] INFO  http.BaseHttpServer (BaseHttpServer.java:newHttpServer2BuilderForOzone(213)) - Starting Web-server for hddsDatanode at: http://0.0.0.0:0
2022-11-08 06:33:50,675 [Listener at 127.0.0.1/44321] INFO  http.BaseHttpServer (BaseHttpServer.java:<init>(108)) - Hadoop Security Enabled: false Ozone Security Enabled: false Ozone HTTP Security Enabled: false 
2022-11-08 06:33:50,676 [Listener at 127.0.0.1/44321] WARN  server.AuthenticationFilter (AuthenticationFilter.java:constructSecretProvider(240)) - Unable to initialize FileSignerSecretProvider, falling back to use random secrets. Reason: Could not read signature secret file: /home/runner/hadoop-http-auth-signature-secret
2022-11-08 06:33:50,676 [Listener at 127.0.0.1/44321] WARN  http.HttpRequestLog (HttpRequestLog.java:getRequestLog(103)) - Jetty request log can only be enabled using Log4j
2022-11-08 06:33:50,677 [Listener at 127.0.0.1/44321] INFO  http.HttpServer2 (HttpServer2.java:addGlobalFilter(1031)) - Added global filter 'safety' (class=org.apache.hadoop.hdds.server.http.HttpServer2$QuotingInputFilter)
2022-11-08 06:33:50,678 [Listener at 127.0.0.1/44321] INFO  http.HttpServer2 (HttpServer2.java:addFilter(1007)) - Added filter static_user_filter (class=org.apache.hadoop.http.lib.StaticUserWebFilter$StaticUserFilter) to context hddsDatanode
2022-11-08 06:33:50,678 [Listener at 127.0.0.1/44321] INFO  http.HttpServer2 (HttpServer2.java:addFilter(1015)) - Added filter static_user_filter (class=org.apache.hadoop.http.lib.StaticUserWebFilter$StaticUserFilter) to context static
2022-11-08 06:33:50,678 [Listener at 127.0.0.1/44321] INFO  http.HttpServer2 (HttpServer2.java:addFilter(1015)) - Added filter static_user_filter (class=org.apache.hadoop.http.lib.StaticUserWebFilter$StaticUserFilter) to context logs
2022-11-08 06:33:50,678 [Listener at 127.0.0.1/44321] INFO  http.HttpServer2 (HttpServer2.java:bindListener(1250)) - Jetty bound to port 43881
2022-11-08 06:33:50,679 [Listener at 127.0.0.1/44321] INFO  server.Server (Server.java:doStart(375)) - jetty-9.4.49.v20220914; built: 2022-09-14T01:07:36.601Z; git: 4231a3b2e4cb8548a412a789936d640a97b1aa0a; jvm 1.8.0_345-b01
2022-11-08 06:33:50,680 [Listener at 127.0.0.1/44321] INFO  server.session (DefaultSessionIdManager.java:doStart(334)) - DefaultSessionIdManager workerName=node0
2022-11-08 06:33:50,680 [Listener at 127.0.0.1/44321] INFO  server.session (DefaultSessionIdManager.java:doStart(339)) - No SessionScavenger set, using defaults
2022-11-08 06:33:50,680 [Listener at 127.0.0.1/44321] INFO  server.session (HouseKeeper.java:startScavenging(132)) - node0 Scavenging every 660000ms
2022-11-08 06:33:50,681 [Listener at 127.0.0.1/44321] INFO  handler.ContextHandler (ContextHandler.java:doStart(921)) - Started o.e.j.s.ServletContextHandler@1927ac40{logs,/logs,file:///home/runner/work/ozone/ozone/hadoop-ozone/integration-test/target/log,AVAILABLE}
2022-11-08 06:33:50,681 [Listener at 127.0.0.1/44321] INFO  handler.ContextHandler (ContextHandler.java:doStart(921)) - Started o.e.j.s.ServletContextHandler@3fba73f{static,/static,jar:file:/home/runner/.m2/repository/org/apache/ozone/hdds-container-service/1.3.0-SNAPSHOT/hdds-container-service-1.3.0-SNAPSHOT.jar!/webapps/static,AVAILABLE}
2022-11-08 06:33:50,868 [Listener at 127.0.0.1/44321] INFO  handler.ContextHandler (ContextHandler.java:doStart(921)) - Started o.e.j.w.WebAppContext@8b4bb6d{hddsDatanode,/,file:///tmp/jetty-0_0_0_0-43881-hdds-container-service-1_3_0-SNAPSHOT_jar-_-any-6073947982434635088/webapp/,AVAILABLE}{jar:file:/home/runner/.m2/repository/org/apache/ozone/hdds-container-service/1.3.0-SNAPSHOT/hdds-container-service-1.3.0-SNAPSHOT.jar!/webapps/hddsDatanode}
2022-11-08 06:33:50,871 [Listener at 127.0.0.1/44321] INFO  server.AbstractConnector (AbstractConnector.java:doStart(333)) - Started ServerConnector@58886ff9{HTTP/1.1, (http/1.1)}{0.0.0.0:43881}
2022-11-08 06:33:50,871 [Listener at 127.0.0.1/44321] INFO  server.Server (Server.java:doStart(415)) - Started @129868ms
2022-11-08 06:33:50,871 [Listener at 127.0.0.1/44321] WARN  impl.MetricsSystemImpl (MetricsSystemImpl.java:register(279)) - Sink prometheus already exists!
2022-11-08 06:33:50,872 [Listener at 127.0.0.1/44321] INFO  http.BaseHttpServer (BaseHttpServer.java:updateConnectorAddress(333)) - HTTP server of hddsDatanode listening at http://0.0.0.0:43881
2022-11-08 06:33:50,873 [Listener at 127.0.0.1/44321] WARN  impl.MetricRegistriesImpl (MetricRegistriesImpl.java:addReporterRegistration(111)) - New reporters are added after registries were created. Some metrics will be missing from the reporter. Please add reporter before adding any new registry.
2022-11-08 06:33:50,873 [Listener at 127.0.0.1/44321] WARN  impl.MetricRegistriesImpl (MetricRegistriesImpl.java:addReporterRegistration(111)) - New reporters are added after registries were created. Some metrics will be missing from the reporter. Please add reporter before adding any new registry.
2022-11-08 06:33:50,874 [Listener at 127.0.0.1/44321] INFO  impl.MetricsSystemImpl (MetricsSystemImpl.java:init(158)) - HddsDatanode metrics system started (again)
2022-11-08 06:33:50,878 [Datanode State Machine Daemon Thread] INFO  statemachine.DatanodeStateMachine (DatanodeStateMachine.java:lambda$startDaemon$0(505)) - Ozone container server started.
2022-11-08 06:33:50,888 [org.apache.hadoop.util.JvmPauseMonitor$Monitor@4fab1428] INFO  util.JvmPauseMonitor (JvmPauseMonitor.java:run(188)) - Starting JVM pause monitor
2022-11-08 06:33:50,896 [Listener at 127.0.0.1/44321] INFO  ozone.HddsDatanodeService (HddsDatanodeService.java:start(236)) - HddsDatanodeService host:fv-az220-111.shdwizndlbjulinwhzhdmup5sb.jx.internal.cloudapp.net ip:10.1.0.244
2022-11-08 06:33:50,897 [Datanode State Machine Task Thread - 0] INFO  datanode.InitDatanodeState (InitDatanodeState.java:persistContainerDatanodeDetails(138)) - DatanodeDetails is persisted to /home/runner/work/ozone/ozone/hadoop-ozone/integration-test/target/test-dir/MiniOzoneClusterImpl-8e06ede3-228e-44b7-a612-3acc89ebc779/datanode-4/meta/datanode.id
2022-11-08 06:33:50,930 [Listener at 127.0.0.1/44321] INFO  upgrade.AbstractLayoutVersionManager (AbstractLayoutVersionManager.java:init(83)) - Initializing Layout version manager with metadata layout = DATANODE_SCHEMA_V3 (version = 4), software layout = DATANODE_SCHEMA_V3 (version = 4)
2022-11-08 06:33:50,981 [Listener at 127.0.0.1/44321] INFO  reflections.Reflections (Reflections.java:scan(232)) - Reflections took 50 ms to scan 7 urls, producing 139 keys and 336 values 
2022-11-08 06:33:50,985 [Listener at 127.0.0.1/44321] INFO  statemachine.DatanodeStateMachine (DatanodeStateMachine.java:getEndPointTaskThreadPoolSize(245)) - Datanode State Machine Task Thread Pool size 2
2022-11-08 06:33:50,992 [Listener at 127.0.0.1/44321] INFO  volume.HddsVolume (HddsVolume.java:<init>(117)) - Creating HddsVolume: /home/runner/work/ozone/ozone/hadoop-ozone/integration-test/target/test-dir/MiniOzoneClusterImpl-8e06ede3-228e-44b7-a612-3acc89ebc779/datanode-5/data-0/containers/hdds of storage type : DISK capacity : 9223372036854775807
2022-11-08 06:33:50,992 [Listener at 127.0.0.1/44321] INFO  volume.MutableVolumeSet (MutableVolumeSet.java:initializeVolumeSet(174)) - Added Volume : /home/runner/work/ozone/ozone/hadoop-ozone/integration-test/target/test-dir/MiniOzoneClusterImpl-8e06ede3-228e-44b7-a612-3acc89ebc779/datanode-5/data-0/containers/hdds to VolumeSet
2022-11-08 06:33:50,993 [Listener at 127.0.0.1/44321] INFO  volume.ThrottledAsyncChecker (ThrottledAsyncChecker.java:schedule(141)) - Scheduling a check for /home/runner/work/ozone/ozone/hadoop-ozone/integration-test/target/test-dir/MiniOzoneClusterImpl-8e06ede3-228e-44b7-a612-3acc89ebc779/datanode-5/data-0/containers/hdds
2022-11-08 06:33:50,993 [Listener at 127.0.0.1/44321] INFO  volume.StorageVolumeChecker (StorageVolumeChecker.java:checkAllVolumes(202)) - Scheduled health check for volume /home/runner/work/ozone/ozone/hadoop-ozone/integration-test/target/test-dir/MiniOzoneClusterImpl-8e06ede3-228e-44b7-a612-3acc89ebc779/datanode-5/data-0/containers/hdds
2022-11-08 06:33:51,010 [Listener at 127.0.0.1/44321] INFO  volume.MutableVolumeSet (MutableVolumeSet.java:initializeVolumeSet(174)) - Added Volume : /home/runner/work/ozone/ozone/hadoop-ozone/integration-test/target/test-dir/MiniOzoneClusterImpl-8e06ede3-228e-44b7-a612-3acc89ebc779/datanode-5/data/ratis to VolumeSet
2022-11-08 06:33:51,010 [Listener at 127.0.0.1/44321] INFO  volume.ThrottledAsyncChecker (ThrottledAsyncChecker.java:schedule(141)) - Scheduling a check for /home/runner/work/ozone/ozone/hadoop-ozone/integration-test/target/test-dir/MiniOzoneClusterImpl-8e06ede3-228e-44b7-a612-3acc89ebc779/datanode-5/data/ratis
2022-11-08 06:33:51,010 [Listener at 127.0.0.1/44321] INFO  volume.StorageVolumeChecker (StorageVolumeChecker.java:checkAllVolumes(202)) - Scheduled health check for volume /home/runner/work/ozone/ozone/hadoop-ozone/integration-test/target/test-dir/MiniOzoneClusterImpl-8e06ede3-228e-44b7-a612-3acc89ebc779/datanode-5/data/ratis
2022-11-08 06:33:51,022 [Thread-948] INFO  ozoneimpl.ContainerReader (ContainerReader.java:readVolume(175)) - Finish verifying containers on volume /home/runner/work/ozone/ozone/hadoop-ozone/integration-test/target/test-dir/MiniOzoneClusterImpl-8e06ede3-228e-44b7-a612-3acc89ebc779/datanode-5/data-0/containers/hdds
2022-11-08 06:33:51,022 [Listener at 127.0.0.1/44321] INFO  ozoneimpl.OzoneContainer (OzoneContainer.java:buildContainerSet(300)) - Build ContainerSet costs 0s
2022-11-08 06:33:51,024 [Listener at 127.0.0.1/44321] INFO  server.RaftServer (ConfUtils.java:logGet(46)) - raft.rpc.type = GRPC (default)
2022-11-08 06:33:51,024 [Listener at 127.0.0.1/44321] INFO  grpc.GrpcConfigKeys (ConfUtils.java:logFallback(53)) - raft.grpc.admin.host = null (fallback to raft.grpc.server.host)
2022-11-08 06:33:51,024 [Listener at 127.0.0.1/44321] INFO  grpc.GrpcConfigKeys (ConfUtils.java:logGet(46)) - raft.grpc.admin.port = 0 (custom)
2022-11-08 06:33:51,025 [Listener at 127.0.0.1/44321] INFO  grpc.GrpcConfigKeys (ConfUtils.java:logFallback(53)) - raft.grpc.client.host = null (fallback to raft.grpc.server.host)
2022-11-08 06:33:51,026 [Listener at 127.0.0.1/44321] INFO  grpc.GrpcConfigKeys (ConfUtils.java:logGet(46)) - raft.grpc.client.port = 0 (custom)
2022-11-08 06:33:51,026 [Listener at 127.0.0.1/44321] INFO  grpc.GrpcConfigKeys (ConfUtils.java:logGet(46)) - raft.grpc.server.host = null (default)
2022-11-08 06:33:51,026 [Listener at 127.0.0.1/44321] INFO  grpc.GrpcConfigKeys (ConfUtils.java:logGet(46)) - raft.grpc.server.port = 0 (default)
2022-11-08 06:33:51,026 [Listener at 127.0.0.1/44321] INFO  server.GrpcService (ConfUtils.java:logGet(46)) - raft.grpc.message.size.max = 32MB (=33554432) (custom)
2022-11-08 06:33:51,026 [Listener at 127.0.0.1/44321] INFO  server.RaftServerConfigKeys (ConfUtils.java:logGet(46)) - raft.server.log.appender.buffer.byte-limit = 33554432 (custom)
2022-11-08 06:33:51,027 [Listener at 127.0.0.1/44321] INFO  server.GrpcService (ConfUtils.java:logGet(46)) - raft.grpc.flow.control.window = 5MB (=5242880) (custom)
2022-11-08 06:33:51,027 [Listener at 127.0.0.1/44321] INFO  server.RaftServerConfigKeys (ConfUtils.java:logGet(46)) - raft.server.rpc.request.timeout = 60s (custom)
2022-11-08 06:33:51,027 [Listener at 127.0.0.1/44321] INFO  grpc.GrpcConfigKeys (ConfUtils.java:logGet(46)) - raft.grpc.server.heartbeat.channel = true (default)
2022-11-08 06:33:51,027 [Listener at 127.0.0.1/44321] INFO  grpc.GrpcConfigKeys (ConfUtils.java:logGet(46)) - raft.grpc.server.async.request.thread.pool.cached = true (default)
2022-11-08 06:33:51,027 [Listener at 127.0.0.1/44321] INFO  grpc.GrpcConfigKeys (ConfUtils.java:logGet(46)) - raft.grpc.server.async.request.thread.pool.size = 32 (default)
2022-11-08 06:33:51,028 [Listener at 127.0.0.1/44321] INFO  impl.DataStreamServerImpl (ConfUtils.java:logGet(46)) - raft.datastream.type = DISABLED (default)
2022-11-08 06:33:51,028 [Listener at 127.0.0.1/44321] INFO  server.RaftServerConfigKeys (ConfUtils.java:logGet(46)) - raft.server.threadpool.proxy.cached = true (default)
2022-11-08 06:33:51,029 [Listener at 127.0.0.1/44321] INFO  server.RaftServerConfigKeys (ConfUtils.java:logGet(46)) - raft.server.threadpool.proxy.size = 0 (default)
2022-11-08 06:33:51,029 [Listener at 127.0.0.1/44321] INFO  server.RaftServerConfigKeys (ConfUtils.java:logGet(46)) - raft.server.rpc.slowness.timeout = 300s (custom)
2022-11-08 06:33:51,029 [Listener at 127.0.0.1/44321] INFO  server.RaftServerConfigKeys (ConfUtils.java:logGet(46)) - raft.server.leaderelection.leader.step-down.wait-time = 10s (default)
2022-11-08 06:33:51,029 [Listener at 127.0.0.1/44321] INFO  server.RaftServerConfigKeys (ConfUtils.java:logGet(46)) - raft.server.storage.dir = [/home/runner/work/ozone/ozone/hadoop-ozone/integration-test/target/test-dir/MiniOzoneClusterImpl-8e06ede3-228e-44b7-a612-3acc89ebc779/datanode-5/data/ratis] (custom)
2022-11-08 06:33:51,031 [Listener at 127.0.0.1/44321] INFO  server.XceiverServerGrpc (XceiverServerGrpc.java:<init>(132)) - GrpcServer channel type EpollServerSocketChannel
2022-11-08 06:33:51,034 [Listener at 127.0.0.1/44321] INFO  http.BaseHttpServer (BaseHttpServer.java:newHttpServer2BuilderForOzone(213)) - Starting Web-server for hddsDatanode at: http://0.0.0.0:0
2022-11-08 06:33:51,034 [Listener at 127.0.0.1/44321] INFO  http.BaseHttpServer (BaseHttpServer.java:<init>(108)) - Hadoop Security Enabled: false Ozone Security Enabled: false Ozone HTTP Security Enabled: false 
2022-11-08 06:33:51,036 [Listener at 127.0.0.1/44321] WARN  server.AuthenticationFilter (AuthenticationFilter.java:constructSecretProvider(240)) - Unable to initialize FileSignerSecretProvider, falling back to use random secrets. Reason: Could not read signature secret file: /home/runner/hadoop-http-auth-signature-secret
2022-11-08 06:33:51,039 [Listener at 127.0.0.1/44321] WARN  http.HttpRequestLog (HttpRequestLog.java:getRequestLog(103)) - Jetty request log can only be enabled using Log4j
2022-11-08 06:33:51,040 [Listener at 127.0.0.1/44321] INFO  http.HttpServer2 (HttpServer2.java:addGlobalFilter(1031)) - Added global filter 'safety' (class=org.apache.hadoop.hdds.server.http.HttpServer2$QuotingInputFilter)
2022-11-08 06:33:51,040 [Listener at 127.0.0.1/44321] INFO  http.HttpServer2 (HttpServer2.java:addFilter(1007)) - Added filter static_user_filter (class=org.apache.hadoop.http.lib.StaticUserWebFilter$StaticUserFilter) to context hddsDatanode
2022-11-08 06:33:51,040 [Listener at 127.0.0.1/44321] INFO  http.HttpServer2 (HttpServer2.java:addFilter(1015)) - Added filter static_user_filter (class=org.apache.hadoop.http.lib.StaticUserWebFilter$StaticUserFilter) to context logs
2022-11-08 06:33:51,040 [Listener at 127.0.0.1/44321] INFO  http.HttpServer2 (HttpServer2.java:addFilter(1015)) - Added filter static_user_filter (class=org.apache.hadoop.http.lib.StaticUserWebFilter$StaticUserFilter) to context static
2022-11-08 06:33:51,041 [Listener at 127.0.0.1/44321] INFO  http.HttpServer2 (HttpServer2.java:bindListener(1250)) - Jetty bound to port 40615
2022-11-08 06:33:51,042 [Listener at 127.0.0.1/44321] INFO  server.Server (Server.java:doStart(375)) - jetty-9.4.49.v20220914; built: 2022-09-14T01:07:36.601Z; git: 4231a3b2e4cb8548a412a789936d640a97b1aa0a; jvm 1.8.0_345-b01
2022-11-08 06:33:51,044 [Listener at 127.0.0.1/44321] INFO  server.session (DefaultSessionIdManager.java:doStart(334)) - DefaultSessionIdManager workerName=node0
2022-11-08 06:33:51,044 [Listener at 127.0.0.1/44321] INFO  server.session (DefaultSessionIdManager.java:doStart(339)) - No SessionScavenger set, using defaults
2022-11-08 06:33:51,044 [Listener at 127.0.0.1/44321] INFO  server.session (HouseKeeper.java:startScavenging(132)) - node0 Scavenging every 660000ms
2022-11-08 06:33:51,045 [Listener at 127.0.0.1/44321] INFO  handler.ContextHandler (ContextHandler.java:doStart(921)) - Started o.e.j.s.ServletContextHandler@35fd00a0{logs,/logs,file:///home/runner/work/ozone/ozone/hadoop-ozone/integration-test/target/log,AVAILABLE}
2022-11-08 06:33:51,045 [Listener at 127.0.0.1/44321] INFO  handler.ContextHandler (ContextHandler.java:doStart(921)) - Started o.e.j.s.ServletContextHandler@58cfd81{static,/static,jar:file:/home/runner/.m2/repository/org/apache/ozone/hdds-container-service/1.3.0-SNAPSHOT/hdds-container-service-1.3.0-SNAPSHOT.jar!/webapps/static,AVAILABLE}
2022-11-08 06:33:51,235 [Listener at 127.0.0.1/44321] INFO  handler.ContextHandler (ContextHandler.java:doStart(921)) - Started o.e.j.w.WebAppContext@351cd23c{hddsDatanode,/,file:///tmp/jetty-0_0_0_0-40615-hdds-container-service-1_3_0-SNAPSHOT_jar-_-any-5319733610675665658/webapp/,AVAILABLE}{jar:file:/home/runner/.m2/repository/org/apache/ozone/hdds-container-service/1.3.0-SNAPSHOT/hdds-container-service-1.3.0-SNAPSHOT.jar!/webapps/hddsDatanode}
2022-11-08 06:33:51,238 [Listener at 127.0.0.1/44321] INFO  server.AbstractConnector (AbstractConnector.java:doStart(333)) - Started ServerConnector@22c16f5f{HTTP/1.1, (http/1.1)}{0.0.0.0:40615}
2022-11-08 06:33:51,238 [Listener at 127.0.0.1/44321] INFO  server.Server (Server.java:doStart(415)) - Started @130235ms
2022-11-08 06:33:51,238 [Listener at 127.0.0.1/44321] WARN  impl.MetricsSystemImpl (MetricsSystemImpl.java:register(279)) - Sink prometheus already exists!
2022-11-08 06:33:51,239 [Listener at 127.0.0.1/44321] INFO  http.BaseHttpServer (BaseHttpServer.java:updateConnectorAddress(333)) - HTTP server of hddsDatanode listening at http://0.0.0.0:40615
2022-11-08 06:33:51,239 [Datanode State Machine Daemon Thread] INFO  statemachine.DatanodeStateMachine (DatanodeStateMachine.java:lambda$startDaemon$0(505)) - Ozone container server started.
2022-11-08 06:33:51,242 [Listener at 127.0.0.1/44321] INFO  ozone.MiniOzoneClusterImpl (MiniOzoneClusterImpl.java:lambda$waitForClusterToBeReady$0(216)) - Waiting for nodes to be ready. Got 0 of 6 DN Heartbeats.
2022-11-08 06:33:51,242 [Listener at 127.0.0.1/44321] INFO  ozone.MiniOzoneClusterImpl (MiniOzoneClusterImpl.java:lambda$waitForClusterToBeReady$0(219)) - Waiting for cluster to exit safe mode
2022-11-08 06:33:51,242 [Listener at 127.0.0.1/44321] INFO  ozone.MiniOzoneClusterImpl (MiniOzoneClusterImpl.java:lambda$waitForClusterToBeReady$0(221)) - SCM became leader
2022-11-08 06:33:51,245 [org.apache.hadoop.util.JvmPauseMonitor$Monitor@9079432] INFO  util.JvmPauseMonitor (JvmPauseMonitor.java:run(188)) - Starting JVM pause monitor
2022-11-08 06:33:51,248 [Datanode State Machine Task Thread - 0] INFO  datanode.InitDatanodeState (InitDatanodeState.java:persistContainerDatanodeDetails(138)) - DatanodeDetails is persisted to /home/runner/work/ozone/ozone/hadoop-ozone/integration-test/target/test-dir/MiniOzoneClusterImpl-8e06ede3-228e-44b7-a612-3acc89ebc779/datanode-5/meta/datanode.id
2022-11-08 06:33:51,490 [EndpointStateMachine task thread for /0.0.0.0:33211 - 0 ] INFO  utils.DatanodeStoreCache (DatanodeStoreCache.java:addDB(58)) - Added db /home/runner/work/ozone/ozone/hadoop-ozone/integration-test/target/test-dir/MiniOzoneClusterImpl-8e06ede3-228e-44b7-a612-3acc89ebc779/datanode-0/data-0/containers/hdds/8e06ede3-228e-44b7-a612-3acc89ebc779/DS-04ad90fd-82b7-4674-88d6-f19566514c3c/container.db to cache
2022-11-08 06:33:51,490 [EndpointStateMachine task thread for /0.0.0.0:33211 - 0 ] INFO  volume.HddsVolume (HddsVolume.java:createDbStore(307)) - SchemaV3 db is created and loaded at /home/runner/work/ozone/ozone/hadoop-ozone/integration-test/target/test-dir/MiniOzoneClusterImpl-8e06ede3-228e-44b7-a612-3acc89ebc779/datanode-0/data-0/containers/hdds/8e06ede3-228e-44b7-a612-3acc89ebc779/DS-04ad90fd-82b7-4674-88d6-f19566514c3c/container.db for volume DS-04ad90fd-82b7-4674-88d6-f19566514c3c
2022-11-08 06:33:51,490 [EndpointStateMachine task thread for /0.0.0.0:33211 - 0 ] INFO  ozoneimpl.OzoneContainer (OzoneContainer.java:start(378)) - Attempting to start container services.
2022-11-08 06:33:51,490 [EndpointStateMachine task thread for /0.0.0.0:33211 - 0 ] INFO  ozoneimpl.OzoneContainer (OzoneContainer.java:startContainerScrub(313)) - Background container scanner has been disabled.
2022-11-08 06:33:51,493 [EndpointStateMachine task thread for /0.0.0.0:33211 - 0 ] INFO  replication.ReplicationServer (ReplicationServer.java:start(111)) - ReplicationServer is started using port 33329
2022-11-08 06:33:51,495 [EndpointStateMachine task thread for /0.0.0.0:33211 - 0 ] INFO  ratis.XceiverServerRatis (XceiverServerRatis.java:start(481)) - Starting XceiverServerRatis 7cdbd1b5-097b-4b08-9783-327855de8893
2022-11-08 06:33:51,495 [EndpointStateMachine task thread for /0.0.0.0:33211 - 0 ] INFO  server.RaftServer (RaftServerProxy.java:startImpl(393)) - 7cdbd1b5-097b-4b08-9783-327855de8893: start RPC server
2022-11-08 06:33:51,498 [EndpointStateMachine task thread for /0.0.0.0:33211 - 0 ] INFO  server.GrpcService (GrpcService.java:startImpl(270)) - 7cdbd1b5-097b-4b08-9783-327855de8893: GrpcService started, listening on 38963
2022-11-08 06:33:51,498 [EndpointStateMachine task thread for /0.0.0.0:33211 - 0 ] INFO  ratis.XceiverServerRatis (XceiverServerRatis.java:getRealPort(502)) - XceiverServerRatis 7cdbd1b5-097b-4b08-9783-327855de8893 is started using port 38963 for RATIS
2022-11-08 06:33:51,498 [EndpointStateMachine task thread for /0.0.0.0:33211 - 0 ] INFO  ratis.XceiverServerRatis (XceiverServerRatis.java:getRealPort(502)) - XceiverServerRatis 7cdbd1b5-097b-4b08-9783-327855de8893 is started using port 38963 for RATIS_ADMIN
2022-11-08 06:33:51,498 [JvmPauseMonitor12] INFO  util.JvmPauseMonitor (JvmPauseMonitor.java:run(105)) - JvmPauseMonitor-7cdbd1b5-097b-4b08-9783-327855de8893: Started
2022-11-08 06:33:51,498 [EndpointStateMachine task thread for /0.0.0.0:33211 - 0 ] INFO  ratis.XceiverServerRatis (XceiverServerRatis.java:getRealPort(502)) - XceiverServerRatis 7cdbd1b5-097b-4b08-9783-327855de8893 is started using port 38963 for RATIS_SERVER
2022-11-08 06:33:51,500 [EndpointStateMachine task thread for /0.0.0.0:33211 - 0 ] INFO  server.XceiverServerGrpc (XceiverServerGrpc.java:start(180)) - XceiverServerGrpc 7cdbd1b5-097b-4b08-9783-327855de8893 is started using port 42841
2022-11-08 06:33:51,869 [EndpointStateMachine task thread for /0.0.0.0:33211 - 0 ] INFO  utils.DatanodeStoreCache (DatanodeStoreCache.java:addDB(58)) - Added db /home/runner/work/ozone/ozone/hadoop-ozone/integration-test/target/test-dir/MiniOzoneClusterImpl-8e06ede3-228e-44b7-a612-3acc89ebc779/datanode-1/data-0/containers/hdds/8e06ede3-228e-44b7-a612-3acc89ebc779/DS-1263b9a6-05c4-43f9-861c-fce2c350a26a/container.db to cache
2022-11-08 06:33:51,869 [EndpointStateMachine task thread for /0.0.0.0:33211 - 0 ] INFO  volume.HddsVolume (HddsVolume.java:createDbStore(307)) - SchemaV3 db is created and loaded at /home/runner/work/ozone/ozone/hadoop-ozone/integration-test/target/test-dir/MiniOzoneClusterImpl-8e06ede3-228e-44b7-a612-3acc89ebc779/datanode-1/data-0/containers/hdds/8e06ede3-228e-44b7-a612-3acc89ebc779/DS-1263b9a6-05c4-43f9-861c-fce2c350a26a/container.db for volume DS-1263b9a6-05c4-43f9-861c-fce2c350a26a
2022-11-08 06:33:51,870 [EndpointStateMachine task thread for /0.0.0.0:33211 - 0 ] INFO  ozoneimpl.OzoneContainer (OzoneContainer.java:start(378)) - Attempting to start container services.
2022-11-08 06:33:51,870 [EndpointStateMachine task thread for /0.0.0.0:33211 - 0 ] INFO  ozoneimpl.OzoneContainer (OzoneContainer.java:startContainerScrub(313)) - Background container scanner has been disabled.
2022-11-08 06:33:51,872 [EndpointStateMachine task thread for /0.0.0.0:33211 - 0 ] INFO  replication.ReplicationServer (ReplicationServer.java:start(111)) - ReplicationServer is started using port 46617
2022-11-08 06:33:51,873 [EndpointStateMachine task thread for /0.0.0.0:33211 - 0 ] INFO  ratis.XceiverServerRatis (XceiverServerRatis.java:start(481)) - Starting XceiverServerRatis f5a08da9-e999-4666-9813-af0703791aee
2022-11-08 06:33:51,873 [EndpointStateMachine task thread for /0.0.0.0:33211 - 0 ] INFO  server.RaftServer (RaftServerProxy.java:startImpl(393)) - f5a08da9-e999-4666-9813-af0703791aee: start RPC server
2022-11-08 06:33:51,875 [EndpointStateMachine task thread for /0.0.0.0:33211 - 0 ] INFO  server.GrpcService (GrpcService.java:startImpl(270)) - f5a08da9-e999-4666-9813-af0703791aee: GrpcService started, listening on 37541
2022-11-08 06:33:51,875 [EndpointStateMachine task thread for /0.0.0.0:33211 - 0 ] INFO  ratis.XceiverServerRatis (XceiverServerRatis.java:getRealPort(502)) - XceiverServerRatis f5a08da9-e999-4666-9813-af0703791aee is started using port 37541 for RATIS
2022-11-08 06:33:51,875 [JvmPauseMonitor13] INFO  util.JvmPauseMonitor (JvmPauseMonitor.java:run(105)) - JvmPauseMonitor-f5a08da9-e999-4666-9813-af0703791aee: Started
2022-11-08 06:33:51,875 [EndpointStateMachine task thread for /0.0.0.0:33211 - 0 ] INFO  ratis.XceiverServerRatis (XceiverServerRatis.java:getRealPort(502)) - XceiverServerRatis f5a08da9-e999-4666-9813-af0703791aee is started using port 37541 for RATIS_ADMIN
2022-11-08 06:33:51,875 [EndpointStateMachine task thread for /0.0.0.0:33211 - 0 ] INFO  ratis.XceiverServerRatis (XceiverServerRatis.java:getRealPort(502)) - XceiverServerRatis f5a08da9-e999-4666-9813-af0703791aee is started using port 37541 for RATIS_SERVER
2022-11-08 06:33:51,878 [EndpointStateMachine task thread for /0.0.0.0:33211 - 0 ] INFO  server.XceiverServerGrpc (XceiverServerGrpc.java:start(180)) - XceiverServerGrpc f5a08da9-e999-4666-9813-af0703791aee is started using port 36761
2022-11-08 06:33:52,214 [EndpointStateMachine task thread for /0.0.0.0:33211 - 0 ] INFO  utils.DatanodeStoreCache (DatanodeStoreCache.java:addDB(58)) - Added db /home/runner/work/ozone/ozone/hadoop-ozone/integration-test/target/test-dir/MiniOzoneClusterImpl-8e06ede3-228e-44b7-a612-3acc89ebc779/datanode-2/data-0/containers/hdds/8e06ede3-228e-44b7-a612-3acc89ebc779/DS-adb80659-b749-4e9b-958f-d48e7f489de5/container.db to cache
2022-11-08 06:33:52,214 [EndpointStateMachine task thread for /0.0.0.0:33211 - 0 ] INFO  volume.HddsVolume (HddsVolume.java:createDbStore(307)) - SchemaV3 db is created and loaded at /home/runner/work/ozone/ozone/hadoop-ozone/integration-test/target/test-dir/MiniOzoneClusterImpl-8e06ede3-228e-44b7-a612-3acc89ebc779/datanode-2/data-0/containers/hdds/8e06ede3-228e-44b7-a612-3acc89ebc779/DS-adb80659-b749-4e9b-958f-d48e7f489de5/container.db for volume DS-adb80659-b749-4e9b-958f-d48e7f489de5
2022-11-08 06:33:52,214 [EndpointStateMachine task thread for /0.0.0.0:33211 - 0 ] INFO  ozoneimpl.OzoneContainer (OzoneContainer.java:start(378)) - Attempting to start container services.
2022-11-08 06:33:52,214 [EndpointStateMachine task thread for /0.0.0.0:33211 - 0 ] INFO  ozoneimpl.OzoneContainer (OzoneContainer.java:startContainerScrub(313)) - Background container scanner has been disabled.
2022-11-08 06:33:52,217 [EndpointStateMachine task thread for /0.0.0.0:33211 - 0 ] INFO  replication.ReplicationServer (ReplicationServer.java:start(111)) - ReplicationServer is started using port 43205
2022-11-08 06:33:52,218 [EndpointStateMachine task thread for /0.0.0.0:33211 - 0 ] INFO  ratis.XceiverServerRatis (XceiverServerRatis.java:start(481)) - Starting XceiverServerRatis 73b7dc0c-af7c-46fd-8914-03b4db151d45
2022-11-08 06:33:52,220 [EndpointStateMachine task thread for /0.0.0.0:33211 - 0 ] INFO  server.RaftServer (RaftServerProxy.java:startImpl(393)) - 73b7dc0c-af7c-46fd-8914-03b4db151d45: start RPC server
2022-11-08 06:33:52,222 [EndpointStateMachine task thread for /0.0.0.0:33211 - 0 ] INFO  server.GrpcService (GrpcService.java:startImpl(270)) - 73b7dc0c-af7c-46fd-8914-03b4db151d45: GrpcService started, listening on 39667
2022-11-08 06:33:52,222 [EndpointStateMachine task thread for /0.0.0.0:33211 - 0 ] INFO  ratis.XceiverServerRatis (XceiverServerRatis.java:getRealPort(502)) - XceiverServerRatis 73b7dc0c-af7c-46fd-8914-03b4db151d45 is started using port 39667 for RATIS
2022-11-08 06:33:52,222 [EndpointStateMachine task thread for /0.0.0.0:33211 - 0 ] INFO  ratis.XceiverServerRatis (XceiverServerRatis.java:getRealPort(502)) - XceiverServerRatis 73b7dc0c-af7c-46fd-8914-03b4db151d45 is started using port 39667 for RATIS_ADMIN
2022-11-08 06:33:52,222 [JvmPauseMonitor14] INFO  util.JvmPauseMonitor (JvmPauseMonitor.java:run(105)) - JvmPauseMonitor-73b7dc0c-af7c-46fd-8914-03b4db151d45: Started
2022-11-08 06:33:52,222 [EndpointStateMachine task thread for /0.0.0.0:33211 - 0 ] INFO  ratis.XceiverServerRatis (XceiverServerRatis.java:getRealPort(502)) - XceiverServerRatis 73b7dc0c-af7c-46fd-8914-03b4db151d45 is started using port 39667 for RATIS_SERVER
2022-11-08 06:33:52,226 [EndpointStateMachine task thread for /0.0.0.0:33211 - 0 ] INFO  server.XceiverServerGrpc (XceiverServerGrpc.java:start(180)) - XceiverServerGrpc 73b7dc0c-af7c-46fd-8914-03b4db151d45 is started using port 38347
2022-11-08 06:33:52,243 [Listener at 127.0.0.1/44321] INFO  ozone.MiniOzoneClusterImpl (MiniOzoneClusterImpl.java:lambda$waitForClusterToBeReady$0(216)) - Waiting for nodes to be ready. Got 0 of 6 DN Heartbeats.
2022-11-08 06:33:52,243 [Listener at 127.0.0.1/44321] INFO  ozone.MiniOzoneClusterImpl (MiniOzoneClusterImpl.java:lambda$waitForClusterToBeReady$0(219)) - Waiting for cluster to exit safe mode
2022-11-08 06:33:52,243 [Listener at 127.0.0.1/44321] INFO  ozone.MiniOzoneClusterImpl (MiniOzoneClusterImpl.java:lambda$waitForClusterToBeReady$0(221)) - SCM became leader
2022-11-08 06:33:52,597 [EndpointStateMachine task thread for /0.0.0.0:33211 - 0 ] INFO  utils.DatanodeStoreCache (DatanodeStoreCache.java:addDB(58)) - Added db /home/runner/work/ozone/ozone/hadoop-ozone/integration-test/target/test-dir/MiniOzoneClusterImpl-8e06ede3-228e-44b7-a612-3acc89ebc779/datanode-3/data-0/containers/hdds/8e06ede3-228e-44b7-a612-3acc89ebc779/DS-7363f2c8-6496-4b29-a087-ffc6a3f6c440/container.db to cache
2022-11-08 06:33:52,597 [EndpointStateMachine task thread for /0.0.0.0:33211 - 0 ] INFO  volume.HddsVolume (HddsVolume.java:createDbStore(307)) - SchemaV3 db is created and loaded at /home/runner/work/ozone/ozone/hadoop-ozone/integration-test/target/test-dir/MiniOzoneClusterImpl-8e06ede3-228e-44b7-a612-3acc89ebc779/datanode-3/data-0/containers/hdds/8e06ede3-228e-44b7-a612-3acc89ebc779/DS-7363f2c8-6496-4b29-a087-ffc6a3f6c440/container.db for volume DS-7363f2c8-6496-4b29-a087-ffc6a3f6c440
2022-11-08 06:33:52,597 [EndpointStateMachine task thread for /0.0.0.0:33211 - 0 ] INFO  ozoneimpl.OzoneContainer (OzoneContainer.java:start(378)) - Attempting to start container services.
2022-11-08 06:33:52,597 [EndpointStateMachine task thread for /0.0.0.0:33211 - 0 ] INFO  ozoneimpl.OzoneContainer (OzoneContainer.java:startContainerScrub(313)) - Background container scanner has been disabled.
2022-11-08 06:33:52,600 [EndpointStateMachine task thread for /0.0.0.0:33211 - 0 ] INFO  replication.ReplicationServer (ReplicationServer.java:start(111)) - ReplicationServer is started using port 41145
2022-11-08 06:33:52,600 [EndpointStateMachine task thread for /0.0.0.0:33211 - 0 ] INFO  ratis.XceiverServerRatis (XceiverServerRatis.java:start(481)) - Starting XceiverServerRatis 8077194d-366f-483b-b4d6-5a7a28c3c7f8
2022-11-08 06:33:52,601 [EndpointStateMachine task thread for /0.0.0.0:33211 - 0 ] INFO  server.RaftServer (RaftServerProxy.java:startImpl(393)) - 8077194d-366f-483b-b4d6-5a7a28c3c7f8: start RPC server
2022-11-08 06:33:52,604 [EndpointStateMachine task thread for /0.0.0.0:33211 - 0 ] INFO  server.GrpcService (GrpcService.java:startImpl(270)) - 8077194d-366f-483b-b4d6-5a7a28c3c7f8: GrpcService started, listening on 38223
2022-11-08 06:33:52,604 [EndpointStateMachine task thread for /0.0.0.0:33211 - 0 ] INFO  ratis.XceiverServerRatis (XceiverServerRatis.java:getRealPort(502)) - XceiverServerRatis 8077194d-366f-483b-b4d6-5a7a28c3c7f8 is started using port 38223 for RATIS
2022-11-08 06:33:52,604 [EndpointStateMachine task thread for /0.0.0.0:33211 - 0 ] INFO  ratis.XceiverServerRatis (XceiverServerRatis.java:getRealPort(502)) - XceiverServerRatis 8077194d-366f-483b-b4d6-5a7a28c3c7f8 is started using port 38223 for RATIS_ADMIN
2022-11-08 06:33:52,604 [JvmPauseMonitor15] INFO  util.JvmPauseMonitor (JvmPauseMonitor.java:run(105)) - JvmPauseMonitor-8077194d-366f-483b-b4d6-5a7a28c3c7f8: Started
2022-11-08 06:33:52,604 [EndpointStateMachine task thread for /0.0.0.0:33211 - 0 ] INFO  ratis.XceiverServerRatis (XceiverServerRatis.java:getRealPort(502)) - XceiverServerRatis 8077194d-366f-483b-b4d6-5a7a28c3c7f8 is started using port 38223 for RATIS_SERVER
2022-11-08 06:33:52,606 [EndpointStateMachine task thread for /0.0.0.0:33211 - 0 ] INFO  server.XceiverServerGrpc (XceiverServerGrpc.java:start(180)) - XceiverServerGrpc 8077194d-366f-483b-b4d6-5a7a28c3c7f8 is started using port 46269
2022-11-08 06:33:52,928 [EndpointStateMachine task thread for /0.0.0.0:33211 - 0 ] INFO  utils.DatanodeStoreCache (DatanodeStoreCache.java:addDB(58)) - Added db /home/runner/work/ozone/ozone/hadoop-ozone/integration-test/target/test-dir/MiniOzoneClusterImpl-8e06ede3-228e-44b7-a612-3acc89ebc779/datanode-4/data-0/containers/hdds/8e06ede3-228e-44b7-a612-3acc89ebc779/DS-44e46356-fc5d-42b2-8f23-3d7a39055499/container.db to cache
2022-11-08 06:33:52,928 [EndpointStateMachine task thread for /0.0.0.0:33211 - 0 ] INFO  volume.HddsVolume (HddsVolume.java:createDbStore(307)) - SchemaV3 db is created and loaded at /home/runner/work/ozone/ozone/hadoop-ozone/integration-test/target/test-dir/MiniOzoneClusterImpl-8e06ede3-228e-44b7-a612-3acc89ebc779/datanode-4/data-0/containers/hdds/8e06ede3-228e-44b7-a612-3acc89ebc779/DS-44e46356-fc5d-42b2-8f23-3d7a39055499/container.db for volume DS-44e46356-fc5d-42b2-8f23-3d7a39055499
2022-11-08 06:33:52,928 [EndpointStateMachine task thread for /0.0.0.0:33211 - 0 ] INFO  ozoneimpl.OzoneContainer (OzoneContainer.java:start(378)) - Attempting to start container services.
2022-11-08 06:33:52,928 [EndpointStateMachine task thread for /0.0.0.0:33211 - 0 ] INFO  ozoneimpl.OzoneContainer (OzoneContainer.java:startContainerScrub(313)) - Background container scanner has been disabled.
2022-11-08 06:33:52,931 [EndpointStateMachine task thread for /0.0.0.0:33211 - 0 ] INFO  replication.ReplicationServer (ReplicationServer.java:start(111)) - ReplicationServer is started using port 42543
2022-11-08 06:33:52,931 [EndpointStateMachine task thread for /0.0.0.0:33211 - 0 ] INFO  ratis.XceiverServerRatis (XceiverServerRatis.java:start(481)) - Starting XceiverServerRatis 193b940e-06e0-49a5-9247-5c39d5b56c1b
2022-11-08 06:33:52,932 [EndpointStateMachine task thread for /0.0.0.0:33211 - 0 ] INFO  server.RaftServer (RaftServerProxy.java:startImpl(393)) - 193b940e-06e0-49a5-9247-5c39d5b56c1b: start RPC server
2022-11-08 06:33:52,936 [EndpointStateMachine task thread for /0.0.0.0:33211 - 0 ] INFO  server.GrpcService (GrpcService.java:startImpl(270)) - 193b940e-06e0-49a5-9247-5c39d5b56c1b: GrpcService started, listening on 41285
2022-11-08 06:33:52,936 [EndpointStateMachine task thread for /0.0.0.0:33211 - 0 ] INFO  ratis.XceiverServerRatis (XceiverServerRatis.java:getRealPort(502)) - XceiverServerRatis 193b940e-06e0-49a5-9247-5c39d5b56c1b is started using port 41285 for RATIS
2022-11-08 06:33:52,936 [EndpointStateMachine task thread for /0.0.0.0:33211 - 0 ] INFO  ratis.XceiverServerRatis (XceiverServerRatis.java:getRealPort(502)) - XceiverServerRatis 193b940e-06e0-49a5-9247-5c39d5b56c1b is started using port 41285 for RATIS_ADMIN
2022-11-08 06:33:52,936 [JvmPauseMonitor16] INFO  util.JvmPauseMonitor (JvmPauseMonitor.java:run(105)) - JvmPauseMonitor-193b940e-06e0-49a5-9247-5c39d5b56c1b: Started
2022-11-08 06:33:52,936 [EndpointStateMachine task thread for /0.0.0.0:33211 - 0 ] INFO  ratis.XceiverServerRatis (XceiverServerRatis.java:getRealPort(502)) - XceiverServerRatis 193b940e-06e0-49a5-9247-5c39d5b56c1b is started using port 41285 for RATIS_SERVER
2022-11-08 06:33:52,938 [EndpointStateMachine task thread for /0.0.0.0:33211 - 0 ] INFO  server.XceiverServerGrpc (XceiverServerGrpc.java:start(180)) - XceiverServerGrpc 193b940e-06e0-49a5-9247-5c39d5b56c1b is started using port 41205
2022-11-08 06:33:53,243 [Listener at 127.0.0.1/44321] INFO  ozone.MiniOzoneClusterImpl (MiniOzoneClusterImpl.java:lambda$waitForClusterToBeReady$0(216)) - Waiting for nodes to be ready. Got 0 of 6 DN Heartbeats.
2022-11-08 06:33:53,244 [Listener at 127.0.0.1/44321] INFO  ozone.MiniOzoneClusterImpl (MiniOzoneClusterImpl.java:lambda$waitForClusterToBeReady$0(219)) - Waiting for cluster to exit safe mode
2022-11-08 06:33:53,244 [Listener at 127.0.0.1/44321] INFO  ozone.MiniOzoneClusterImpl (MiniOzoneClusterImpl.java:lambda$waitForClusterToBeReady$0(221)) - SCM became leader
2022-11-08 06:33:53,289 [EndpointStateMachine task thread for /0.0.0.0:33211 - 0 ] INFO  utils.DatanodeStoreCache (DatanodeStoreCache.java:addDB(58)) - Added db /home/runner/work/ozone/ozone/hadoop-ozone/integration-test/target/test-dir/MiniOzoneClusterImpl-8e06ede3-228e-44b7-a612-3acc89ebc779/datanode-5/data-0/containers/hdds/8e06ede3-228e-44b7-a612-3acc89ebc779/DS-5f47bca3-868f-4075-b56d-8bcdc3d70426/container.db to cache
2022-11-08 06:33:53,289 [EndpointStateMachine task thread for /0.0.0.0:33211 - 0 ] INFO  volume.HddsVolume (HddsVolume.java:createDbStore(307)) - SchemaV3 db is created and loaded at /home/runner/work/ozone/ozone/hadoop-ozone/integration-test/target/test-dir/MiniOzoneClusterImpl-8e06ede3-228e-44b7-a612-3acc89ebc779/datanode-5/data-0/containers/hdds/8e06ede3-228e-44b7-a612-3acc89ebc779/DS-5f47bca3-868f-4075-b56d-8bcdc3d70426/container.db for volume DS-5f47bca3-868f-4075-b56d-8bcdc3d70426
2022-11-08 06:33:53,289 [EndpointStateMachine task thread for /0.0.0.0:33211 - 0 ] INFO  ozoneimpl.OzoneContainer (OzoneContainer.java:start(378)) - Attempting to start container services.
2022-11-08 06:33:53,289 [EndpointStateMachine task thread for /0.0.0.0:33211 - 0 ] INFO  ozoneimpl.OzoneContainer (OzoneContainer.java:startContainerScrub(313)) - Background container scanner has been disabled.
2022-11-08 06:33:53,292 [EndpointStateMachine task thread for /0.0.0.0:33211 - 0 ] INFO  replication.ReplicationServer (ReplicationServer.java:start(111)) - ReplicationServer is started using port 36993
2022-11-08 06:33:53,293 [EndpointStateMachine task thread for /0.0.0.0:33211 - 0 ] INFO  ratis.XceiverServerRatis (XceiverServerRatis.java:start(481)) - Starting XceiverServerRatis d15a650e-2ebd-40cb-9b6d-ba61193ce2f9
2022-11-08 06:33:53,293 [EndpointStateMachine task thread for /0.0.0.0:33211 - 0 ] INFO  server.RaftServer (RaftServerProxy.java:startImpl(393)) - d15a650e-2ebd-40cb-9b6d-ba61193ce2f9: start RPC server
2022-11-08 06:33:53,296 [EndpointStateMachine task thread for /0.0.0.0:33211 - 0 ] INFO  server.GrpcService (GrpcService.java:startImpl(270)) - d15a650e-2ebd-40cb-9b6d-ba61193ce2f9: GrpcService started, listening on 33395
2022-11-08 06:33:53,297 [EndpointStateMachine task thread for /0.0.0.0:33211 - 0 ] INFO  ratis.XceiverServerRatis (XceiverServerRatis.java:getRealPort(502)) - XceiverServerRatis d15a650e-2ebd-40cb-9b6d-ba61193ce2f9 is started using port 33395 for RATIS
2022-11-08 06:33:53,297 [EndpointStateMachine task thread for /0.0.0.0:33211 - 0 ] INFO  ratis.XceiverServerRatis (XceiverServerRatis.java:getRealPort(502)) - XceiverServerRatis d15a650e-2ebd-40cb-9b6d-ba61193ce2f9 is started using port 33395 for RATIS_ADMIN
2022-11-08 06:33:53,297 [EndpointStateMachine task thread for /0.0.0.0:33211 - 0 ] INFO  ratis.XceiverServerRatis (XceiverServerRatis.java:getRealPort(502)) - XceiverServerRatis d15a650e-2ebd-40cb-9b6d-ba61193ce2f9 is started using port 33395 for RATIS_SERVER
2022-11-08 06:33:53,297 [JvmPauseMonitor17] INFO  util.JvmPauseMonitor (JvmPauseMonitor.java:run(105)) - JvmPauseMonitor-d15a650e-2ebd-40cb-9b6d-ba61193ce2f9: Started
2022-11-08 06:33:53,302 [EndpointStateMachine task thread for /0.0.0.0:33211 - 0 ] INFO  server.XceiverServerGrpc (XceiverServerGrpc.java:start(180)) - XceiverServerGrpc d15a650e-2ebd-40cb-9b6d-ba61193ce2f9 is started using port 40661
2022-11-08 06:33:53,445 [IPC Server handler 2 on default port 33211] INFO  net.NetworkTopologyImpl (NetworkTopologyImpl.java:add(112)) - Added a new node: /default-rack/7cdbd1b5-097b-4b08-9783-327855de8893
2022-11-08 06:33:53,445 [IPC Server handler 2 on default port 33211] INFO  node.SCMNodeManager (SCMNodeManager.java:register(397)) - Registered Data node : 7cdbd1b5-097b-4b08-9783-327855de8893{ip: 10.1.0.244, host: fv-az220-111.shdwizndlbjulinwhzhdmup5sb.jx.internal.cloudapp.net, ports: [REPLICATION=33329, RATIS=38963, RATIS_ADMIN=38963, RATIS_SERVER=38963, STANDALONE=42841], networkLocation: /default-rack, certSerialId: null, persistedOpState: null, persistedOpStateExpiryEpochSec: 0}
2022-11-08 06:33:53,449 [EventQueue-NodeRegistrationContainerReportForContainerSafeModeRule] INFO  safemode.SCMSafeModeManager (SCMSafeModeManager.java:validateSafeModeExitRules(204)) - ContainerSafeModeRule rule is successfully validated
2022-11-08 06:33:53,449 [EventQueue-NodeRegistrationContainerReportForDataNodeSafeModeRule] INFO  safemode.SCMSafeModeManager (DataNodeSafeModeRule.java:process(71)) - SCM in safe mode. 1 DataNodes registered, 3 required.
2022-11-08 06:33:53,454 [EventQueue-NewNodeForNewNodeHandler] INFO  pipeline.BackgroundPipelineCreator (BackgroundPipelineCreator.java:notifyEventTriggered(276)) - trigger a one-shot run on RatisPipelineUtilsThread.
2022-11-08 06:33:53,456 [EventQueue-PipelineReportForOneReplicaPipelineSafeModeRule] INFO  safemode.SCMSafeModeManager (SCMSafeModeManager.java:validateSafeModeExitRules(204)) - AtleastOneDatanodeReportedRule rule is successfully validated
2022-11-08 06:33:53,826 [IPC Server handler 3 on default port 33211] INFO  net.NetworkTopologyImpl (NetworkTopologyImpl.java:add(112)) - Added a new node: /default-rack/f5a08da9-e999-4666-9813-af0703791aee
2022-11-08 06:33:53,826 [IPC Server handler 3 on default port 33211] INFO  node.SCMNodeManager (SCMNodeManager.java:register(397)) - Registered Data node : f5a08da9-e999-4666-9813-af0703791aee{ip: 10.1.0.244, host: fv-az220-111.shdwizndlbjulinwhzhdmup5sb.jx.internal.cloudapp.net, ports: [REPLICATION=46617, RATIS=37541, RATIS_ADMIN=37541, RATIS_SERVER=37541, STANDALONE=36761], networkLocation: /default-rack, certSerialId: null, persistedOpState: null, persistedOpStateExpiryEpochSec: 0}
2022-11-08 06:33:53,826 [EventQueue-NewNodeForNewNodeHandler] INFO  pipeline.BackgroundPipelineCreator (BackgroundPipelineCreator.java:notifyEventTriggered(276)) - trigger a one-shot run on RatisPipelineUtilsThread.
2022-11-08 06:33:53,827 [EventQueue-NodeRegistrationContainerReportForDataNodeSafeModeRule] INFO  safemode.SCMSafeModeManager (DataNodeSafeModeRule.java:process(71)) - SCM in safe mode. 2 DataNodes registered, 3 required.
2022-11-08 06:33:54,176 [IPC Server handler 0 on default port 33211] INFO  net.NetworkTopologyImpl (NetworkTopologyImpl.java:add(112)) - Added a new node: /default-rack/73b7dc0c-af7c-46fd-8914-03b4db151d45
2022-11-08 06:33:54,177 [IPC Server handler 0 on default port 33211] INFO  node.SCMNodeManager (SCMNodeManager.java:register(397)) - Registered Data node : 73b7dc0c-af7c-46fd-8914-03b4db151d45{ip: 10.1.0.244, host: fv-az220-111.shdwizndlbjulinwhzhdmup5sb.jx.internal.cloudapp.net, ports: [REPLICATION=43205, RATIS=39667, RATIS_ADMIN=39667, RATIS_SERVER=39667, STANDALONE=38347], networkLocation: /default-rack, certSerialId: null, persistedOpState: null, persistedOpStateExpiryEpochSec: 0}
2022-11-08 06:33:54,177 [EventQueue-NewNodeForNewNodeHandler] INFO  pipeline.BackgroundPipelineCreator (BackgroundPipelineCreator.java:notifyEventTriggered(276)) - trigger a one-shot run on RatisPipelineUtilsThread.
2022-11-08 06:33:54,177 [EventQueue-NodeRegistrationContainerReportForDataNodeSafeModeRule] INFO  safemode.SCMSafeModeManager (DataNodeSafeModeRule.java:process(71)) - SCM in safe mode. 3 DataNodes registered, 3 required.
2022-11-08 06:33:54,177 [EventQueue-NodeRegistrationContainerReportForDataNodeSafeModeRule] INFO  safemode.SCMSafeModeManager (SCMSafeModeManager.java:validateSafeModeExitRules(204)) - DataNodeSafeModeRule rule is successfully validated
2022-11-08 06:33:54,177 [EventQueue-NodeRegistrationContainerReportForDataNodeSafeModeRule] INFO  safemode.SCMSafeModeManager (SCMSafeModeManager.java:completePreCheck(233)) - All SCM safe mode pre check rules have passed
2022-11-08 06:33:54,178 [EventQueue-NodeRegistrationContainerReportForDataNodeSafeModeRule] WARN  events.EventQueue (EventQueue.java:fireEvent(216)) - No event handler registered for event TypedEvent{payloadType=SafeModeStatus, name='Safe mode status'}
2022-11-08 06:33:54,178 [EventQueue-NodeRegistrationContainerReportForDataNodeSafeModeRule] INFO  ha.SCMContext (SCMContext.java:updateSafeModeStatus(228)) - Update SafeModeStatus from SafeModeStatus{safeModeStatus=true, preCheckPassed=false} to SafeModeStatus{safeModeStatus=true, preCheckPassed=true}.
2022-11-08 06:33:54,178 [EventQueue-NodeRegistrationContainerReportForDataNodeSafeModeRule] INFO  pipeline.BackgroundPipelineCreator (BackgroundPipelineCreator.java:notifyEventTriggered(276)) - trigger a one-shot run on RatisPipelineUtilsThread.
2022-11-08 06:33:54,178 [RatisPipelineUtilsThread - 0] INFO  pipeline.RatisPipelineProvider (RatisPipelineProvider.java:lambda$create$0(195)) - Sending CreatePipelineCommand for pipeline:PipelineID=c7bdac37-5e27-4073-b229-10203fd77499 to datanode:f5a08da9-e999-4666-9813-af0703791aee
2022-11-08 06:33:54,178 [RatisPipelineUtilsThread - 0] INFO  pipeline.RatisPipelineProvider (RatisPipelineProvider.java:lambda$create$0(195)) - Sending CreatePipelineCommand for pipeline:PipelineID=c7bdac37-5e27-4073-b229-10203fd77499 to datanode:7cdbd1b5-097b-4b08-9783-327855de8893
2022-11-08 06:33:54,178 [RatisPipelineUtilsThread - 0] INFO  pipeline.RatisPipelineProvider (RatisPipelineProvider.java:lambda$create$0(195)) - Sending CreatePipelineCommand for pipeline:PipelineID=c7bdac37-5e27-4073-b229-10203fd77499 to datanode:73b7dc0c-af7c-46fd-8914-03b4db151d45
2022-11-08 06:33:54,180 [RatisPipelineUtilsThread - 0] INFO  pipeline.PipelineStateManagerImpl (PipelineStateManagerImpl.java:addPipeline(103)) - Created pipeline Pipeline[ Id: c7bdac37-5e27-4073-b229-10203fd77499, Nodes: f5a08da9-e999-4666-9813-af0703791aee{ip: 10.1.0.244, host: fv-az220-111.shdwizndlbjulinwhzhdmup5sb.jx.internal.cloudapp.net, ports: [REPLICATION=46617, RATIS=37541, RATIS_ADMIN=37541, RATIS_SERVER=37541, STANDALONE=36761], networkLocation: /default-rack, certSerialId: null, persistedOpState: IN_SERVICE, persistedOpStateExpiryEpochSec: 0}7cdbd1b5-097b-4b08-9783-327855de8893{ip: 10.1.0.244, host: fv-az220-111.shdwizndlbjulinwhzhdmup5sb.jx.internal.cloudapp.net, ports: [REPLICATION=33329, RATIS=38963, RATIS_ADMIN=38963, RATIS_SERVER=38963, STANDALONE=42841], networkLocation: /default-rack, certSerialId: null, persistedOpState: IN_SERVICE, persistedOpStateExpiryEpochSec: 0}73b7dc0c-af7c-46fd-8914-03b4db151d45{ip: 10.1.0.244, host: fv-az220-111.shdwizndlbjulinwhzhdmup5sb.jx.internal.cloudapp.net, ports: [REPLICATION=43205, RATIS=39667, RATIS_ADMIN=39667, RATIS_SERVER=39667, STANDALONE=38347], networkLocation: /default-rack, certSerialId: null, persistedOpState: IN_SERVICE, persistedOpStateExpiryEpochSec: 0}, ReplicationConfig: RATIS/THREE, State:ALLOCATED, leaderId:, CreationTimestamp2022-11-08T06:33:54.178Z[Etc/UTC]].
2022-11-08 06:33:54,180 [RatisPipelineUtilsThread - 0] INFO  pipeline.RatisPipelineProvider (RatisPipelineProvider.java:lambda$create$0(195)) - Sending CreatePipelineCommand for pipeline:PipelineID=6a7aadb6-ec28-4675-a933-a09aeb66014f to datanode:f5a08da9-e999-4666-9813-af0703791aee
2022-11-08 06:33:54,180 [RatisPipelineUtilsThread - 0] INFO  pipeline.RatisPipelineProvider (RatisPipelineProvider.java:lambda$create$0(195)) - Sending CreatePipelineCommand for pipeline:PipelineID=6a7aadb6-ec28-4675-a933-a09aeb66014f to datanode:73b7dc0c-af7c-46fd-8914-03b4db151d45
2022-11-08 06:33:54,180 [RatisPipelineUtilsThread - 0] INFO  pipeline.RatisPipelineProvider (RatisPipelineProvider.java:lambda$create$0(195)) - Sending CreatePipelineCommand for pipeline:PipelineID=6a7aadb6-ec28-4675-a933-a09aeb66014f to datanode:7cdbd1b5-097b-4b08-9783-327855de8893
2022-11-08 06:33:54,181 [RatisPipelineUtilsThread - 0] INFO  pipeline.PipelineStateManagerImpl (PipelineStateManagerImpl.java:addPipeline(103)) - Created pipeline Pipeline[ Id: 6a7aadb6-ec28-4675-a933-a09aeb66014f, Nodes: f5a08da9-e999-4666-9813-af0703791aee{ip: 10.1.0.244, host: fv-az220-111.shdwizndlbjulinwhzhdmup5sb.jx.internal.cloudapp.net, ports: [REPLICATION=46617, RATIS=37541, RATIS_ADMIN=37541, RATIS_SERVER=37541, STANDALONE=36761], networkLocation: /default-rack, certSerialId: null, persistedOpState: IN_SERVICE, persistedOpStateExpiryEpochSec: 0}73b7dc0c-af7c-46fd-8914-03b4db151d45{ip: 10.1.0.244, host: fv-az220-111.shdwizndlbjulinwhzhdmup5sb.jx.internal.cloudapp.net, ports: [REPLICATION=43205, RATIS=39667, RATIS_ADMIN=39667, RATIS_SERVER=39667, STANDALONE=38347], networkLocation: /default-rack, certSerialId: null, persistedOpState: IN_SERVICE, persistedOpStateExpiryEpochSec: 0}7cdbd1b5-097b-4b08-9783-327855de8893{ip: 10.1.0.244, host: fv-az220-111.shdwizndlbjulinwhzhdmup5sb.jx.internal.cloudapp.net, ports: [REPLICATION=33329, RATIS=38963, RATIS_ADMIN=38963, RATIS_SERVER=38963, STANDALONE=42841], networkLocation: /default-rack, certSerialId: null, persistedOpState: IN_SERVICE, persistedOpStateExpiryEpochSec: 0}, ReplicationConfig: RATIS/THREE, State:ALLOCATED, leaderId:, CreationTimestamp2022-11-08T06:33:54.180Z[Etc/UTC]].
2022-11-08 06:33:54,181 [RatisPipelineUtilsThread - 0] INFO  pipeline.PipelineManagerImpl (PipelineManagerImpl.java:recordMetricsForPipeline(826)) - Pipeline: PipelineID=6a7aadb6-ec28-4675-a933-a09aeb66014f contains same datanodes as previous pipelines: PipelineID=c7bdac37-5e27-4073-b229-10203fd77499 nodeIds: f5a08da9-e999-4666-9813-af0703791aee, 73b7dc0c-af7c-46fd-8914-03b4db151d45, 7cdbd1b5-097b-4b08-9783-327855de8893
2022-11-08 06:33:54,244 [Listener at 127.0.0.1/44321] INFO  ozone.MiniOzoneClusterImpl (MiniOzoneClusterImpl.java:lambda$waitForClusterToBeReady$0(216)) - Waiting for nodes to be ready. Got 3 of 6 DN Heartbeats.
2022-11-08 06:33:54,244 [Listener at 127.0.0.1/44321] INFO  ozone.MiniOzoneClusterImpl (MiniOzoneClusterImpl.java:lambda$waitForClusterToBeReady$0(219)) - Waiting for cluster to exit safe mode
2022-11-08 06:33:54,244 [Listener at 127.0.0.1/44321] INFO  ozone.MiniOzoneClusterImpl (MiniOzoneClusterImpl.java:lambda$waitForClusterToBeReady$0(221)) - SCM became leader
2022-11-08 06:33:54,557 [IPC Server handler 3 on default port 33211] INFO  net.NetworkTopologyImpl (NetworkTopologyImpl.java:add(112)) - Added a new node: /default-rack/8077194d-366f-483b-b4d6-5a7a28c3c7f8
2022-11-08 06:33:54,557 [IPC Server handler 3 on default port 33211] INFO  node.SCMNodeManager (SCMNodeManager.java:register(397)) - Registered Data node : 8077194d-366f-483b-b4d6-5a7a28c3c7f8{ip: 10.1.0.244, host: fv-az220-111.shdwizndlbjulinwhzhdmup5sb.jx.internal.cloudapp.net, ports: [REPLICATION=41145, RATIS=38223, RATIS_ADMIN=38223, RATIS_SERVER=38223, STANDALONE=46269], networkLocation: /default-rack, certSerialId: null, persistedOpState: null, persistedOpStateExpiryEpochSec: 0}
2022-11-08 06:33:54,558 [EventQueue-NewNodeForNewNodeHandler] INFO  pipeline.BackgroundPipelineCreator (BackgroundPipelineCreator.java:notifyEventTriggered(276)) - trigger a one-shot run on RatisPipelineUtilsThread.
2022-11-08 06:33:54,891 [IPC Server handler 4 on default port 33211] INFO  net.NetworkTopologyImpl (NetworkTopologyImpl.java:add(112)) - Added a new node: /default-rack/193b940e-06e0-49a5-9247-5c39d5b56c1b
2022-11-08 06:33:54,891 [IPC Server handler 4 on default port 33211] INFO  node.SCMNodeManager (SCMNodeManager.java:register(397)) - Registered Data node : 193b940e-06e0-49a5-9247-5c39d5b56c1b{ip: 10.1.0.244, host: fv-az220-111.shdwizndlbjulinwhzhdmup5sb.jx.internal.cloudapp.net, ports: [REPLICATION=42543, RATIS=41285, RATIS_ADMIN=41285, RATIS_SERVER=41285, STANDALONE=41205], networkLocation: /default-rack, certSerialId: null, persistedOpState: null, persistedOpStateExpiryEpochSec: 0}
2022-11-08 06:33:54,892 [EventQueue-NewNodeForNewNodeHandler] INFO  pipeline.BackgroundPipelineCreator (BackgroundPipelineCreator.java:notifyEventTriggered(276)) - trigger a one-shot run on RatisPipelineUtilsThread.
2022-11-08 06:33:55,245 [Listener at 127.0.0.1/44321] INFO  ozone.MiniOzoneClusterImpl (MiniOzoneClusterImpl.java:lambda$waitForClusterToBeReady$0(216)) - Waiting for nodes to be ready. Got 5 of 6 DN Heartbeats.
2022-11-08 06:33:55,245 [Listener at 127.0.0.1/44321] INFO  ozone.MiniOzoneClusterImpl (MiniOzoneClusterImpl.java:lambda$waitForClusterToBeReady$0(219)) - Waiting for cluster to exit safe mode
2022-11-08 06:33:55,245 [Listener at 127.0.0.1/44321] INFO  ozone.MiniOzoneClusterImpl (MiniOzoneClusterImpl.java:lambda$waitForClusterToBeReady$0(221)) - SCM became leader
2022-11-08 06:33:55,247 [IPC Server handler 1 on default port 33211] INFO  net.NetworkTopologyImpl (NetworkTopologyImpl.java:add(112)) - Added a new node: /default-rack/d15a650e-2ebd-40cb-9b6d-ba61193ce2f9
2022-11-08 06:33:55,247 [IPC Server handler 1 on default port 33211] INFO  node.SCMNodeManager (SCMNodeManager.java:register(397)) - Registered Data node : d15a650e-2ebd-40cb-9b6d-ba61193ce2f9{ip: 10.1.0.244, host: fv-az220-111.shdwizndlbjulinwhzhdmup5sb.jx.internal.cloudapp.net, ports: [REPLICATION=36993, RATIS=33395, RATIS_ADMIN=33395, RATIS_SERVER=33395, STANDALONE=40661], networkLocation: /default-rack, certSerialId: null, persistedOpState: null, persistedOpStateExpiryEpochSec: 0}
2022-11-08 06:33:55,247 [EventQueue-NewNodeForNewNodeHandler] INFO  pipeline.BackgroundPipelineCreator (BackgroundPipelineCreator.java:notifyEventTriggered(276)) - trigger a one-shot run on RatisPipelineUtilsThread.
2022-11-08 06:33:55,247 [RatisPipelineUtilsThread - 0] INFO  pipeline.RatisPipelineProvider (RatisPipelineProvider.java:lambda$create$0(195)) - Sending CreatePipelineCommand for pipeline:PipelineID=b9dd9320-e1e2-41f1-aa16-fbdb94237a5e to datanode:8077194d-366f-483b-b4d6-5a7a28c3c7f8
2022-11-08 06:33:55,248 [RatisPipelineUtilsThread - 0] INFO  pipeline.RatisPipelineProvider (RatisPipelineProvider.java:lambda$create$0(195)) - Sending CreatePipelineCommand for pipeline:PipelineID=b9dd9320-e1e2-41f1-aa16-fbdb94237a5e to datanode:193b940e-06e0-49a5-9247-5c39d5b56c1b
2022-11-08 06:33:55,248 [RatisPipelineUtilsThread - 0] INFO  pipeline.RatisPipelineProvider (RatisPipelineProvider.java:lambda$create$0(195)) - Sending CreatePipelineCommand for pipeline:PipelineID=b9dd9320-e1e2-41f1-aa16-fbdb94237a5e to datanode:d15a650e-2ebd-40cb-9b6d-ba61193ce2f9
2022-11-08 06:33:55,248 [RatisPipelineUtilsThread - 0] INFO  pipeline.PipelineStateManagerImpl (PipelineStateManagerImpl.java:addPipeline(103)) - Created pipeline Pipeline[ Id: b9dd9320-e1e2-41f1-aa16-fbdb94237a5e, Nodes: 8077194d-366f-483b-b4d6-5a7a28c3c7f8{ip: 10.1.0.244, host: fv-az220-111.shdwizndlbjulinwhzhdmup5sb.jx.internal.cloudapp.net, ports: [REPLICATION=41145, RATIS=38223, RATIS_ADMIN=38223, RATIS_SERVER=38223, STANDALONE=46269], networkLocation: /default-rack, certSerialId: null, persistedOpState: IN_SERVICE, persistedOpStateExpiryEpochSec: 0}193b940e-06e0-49a5-9247-5c39d5b56c1b{ip: 10.1.0.244, host: fv-az220-111.shdwizndlbjulinwhzhdmup5sb.jx.internal.cloudapp.net, ports: [REPLICATION=42543, RATIS=41285, RATIS_ADMIN=41285, RATIS_SERVER=41285, STANDALONE=41205], networkLocation: /default-rack, certSerialId: null, persistedOpState: IN_SERVICE, persistedOpStateExpiryEpochSec: 0}d15a650e-2ebd-40cb-9b6d-ba61193ce2f9{ip: 10.1.0.244, host: fv-az220-111.shdwizndlbjulinwhzhdmup5sb.jx.internal.cloudapp.net, ports: [REPLICATION=36993, RATIS=33395, RATIS_ADMIN=33395, RATIS_SERVER=33395, STANDALONE=40661], networkLocation: /default-rack, certSerialId: null, persistedOpState: IN_SERVICE, persistedOpStateExpiryEpochSec: 0}, ReplicationConfig: RATIS/THREE, State:ALLOCATED, leaderId:, CreationTimestamp2022-11-08T06:33:55.247Z[Etc/UTC]].
2022-11-08 06:33:55,249 [RatisPipelineUtilsThread - 0] INFO  pipeline.RatisPipelineProvider (RatisPipelineProvider.java:lambda$create$0(195)) - Sending CreatePipelineCommand for pipeline:PipelineID=e702fae6-23a0-4e82-a6cc-91ce96bbafa1 to datanode:d15a650e-2ebd-40cb-9b6d-ba61193ce2f9
2022-11-08 06:33:55,249 [RatisPipelineUtilsThread - 0] INFO  pipeline.RatisPipelineProvider (RatisPipelineProvider.java:lambda$create$0(195)) - Sending CreatePipelineCommand for pipeline:PipelineID=e702fae6-23a0-4e82-a6cc-91ce96bbafa1 to datanode:193b940e-06e0-49a5-9247-5c39d5b56c1b
2022-11-08 06:33:55,249 [RatisPipelineUtilsThread - 0] INFO  pipeline.RatisPipelineProvider (RatisPipelineProvider.java:lambda$create$0(195)) - Sending CreatePipelineCommand for pipeline:PipelineID=e702fae6-23a0-4e82-a6cc-91ce96bbafa1 to datanode:8077194d-366f-483b-b4d6-5a7a28c3c7f8
2022-11-08 06:33:55,250 [RatisPipelineUtilsThread - 0] INFO  pipeline.PipelineStateManagerImpl (PipelineStateManagerImpl.java:addPipeline(103)) - Created pipeline Pipeline[ Id: e702fae6-23a0-4e82-a6cc-91ce96bbafa1, Nodes: d15a650e-2ebd-40cb-9b6d-ba61193ce2f9{ip: 10.1.0.244, host: fv-az220-111.shdwizndlbjulinwhzhdmup5sb.jx.internal.cloudapp.net, ports: [REPLICATION=36993, RATIS=33395, RATIS_ADMIN=33395, RATIS_SERVER=33395, STANDALONE=40661], networkLocation: /default-rack, certSerialId: null, persistedOpState: IN_SERVICE, persistedOpStateExpiryEpochSec: 0}193b940e-06e0-49a5-9247-5c39d5b56c1b{ip: 10.1.0.244, host: fv-az220-111.shdwizndlbjulinwhzhdmup5sb.jx.internal.cloudapp.net, ports: [REPLICATION=42543, RATIS=41285, RATIS_ADMIN=41285, RATIS_SERVER=41285, STANDALONE=41205], networkLocation: /default-rack, certSerialId: null, persistedOpState: IN_SERVICE, persistedOpStateExpiryEpochSec: 0}8077194d-366f-483b-b4d6-5a7a28c3c7f8{ip: 10.1.0.244, host: fv-az220-111.shdwizndlbjulinwhzhdmup5sb.jx.internal.cloudapp.net, ports: [REPLICATION=41145, RATIS=38223, RATIS_ADMIN=38223, RATIS_SERVER=38223, STANDALONE=46269], networkLocation: /default-rack, certSerialId: null, persistedOpState: IN_SERVICE, persistedOpStateExpiryEpochSec: 0}, ReplicationConfig: RATIS/THREE, State:ALLOCATED, leaderId:, CreationTimestamp2022-11-08T06:33:55.249Z[Etc/UTC]].
2022-11-08 06:33:55,250 [RatisPipelineUtilsThread - 0] INFO  pipeline.PipelineManagerImpl (PipelineManagerImpl.java:recordMetricsForPipeline(826)) - Pipeline: PipelineID=e702fae6-23a0-4e82-a6cc-91ce96bbafa1 contains same datanodes as previous pipelines: PipelineID=b9dd9320-e1e2-41f1-aa16-fbdb94237a5e nodeIds: d15a650e-2ebd-40cb-9b6d-ba61193ce2f9, 193b940e-06e0-49a5-9247-5c39d5b56c1b, 8077194d-366f-483b-b4d6-5a7a28c3c7f8
2022-11-08 06:33:56,245 [Listener at 127.0.0.1/44321] INFO  ozone.MiniOzoneClusterImpl (MiniOzoneClusterImpl.java:lambda$waitForClusterToBeReady$0(216)) - Nodes are ready. Got 6 of 6 DN Heartbeats.
2022-11-08 06:33:56,246 [Listener at 127.0.0.1/44321] INFO  ozone.MiniOzoneClusterImpl (MiniOzoneClusterImpl.java:lambda$waitForClusterToBeReady$0(219)) - Waiting for cluster to exit safe mode
2022-11-08 06:33:56,246 [Listener at 127.0.0.1/44321] INFO  ozone.MiniOzoneClusterImpl (MiniOzoneClusterImpl.java:lambda$waitForClusterToBeReady$0(221)) - SCM became leader
2022-11-08 06:33:56,445 [Command processor thread] INFO  server.RaftServer (RaftServerProxy.java:addNew(96)) - 7cdbd1b5-097b-4b08-9783-327855de8893: addNew group-10203FD77499:[7cdbd1b5-097b-4b08-9783-327855de8893|rpc:10.1.0.244:38963|priority:0|startupRole:FOLLOWER, f5a08da9-e999-4666-9813-af0703791aee|rpc:10.1.0.244:37541|priority:1|startupRole:FOLLOWER, 73b7dc0c-af7c-46fd-8914-03b4db151d45|rpc:10.1.0.244:39667|priority:0|startupRole:FOLLOWER] returns group-10203FD77499:java.util.concurrent.CompletableFuture@39f324e9[Not completed]
2022-11-08 06:33:56,447 [pool-544-thread-1] INFO  server.RaftServer$Division (RaftServerImpl.java:<init>(195)) - 7cdbd1b5-097b-4b08-9783-327855de8893: new RaftServerImpl for group-10203FD77499:[7cdbd1b5-097b-4b08-9783-327855de8893|rpc:10.1.0.244:38963|priority:0|startupRole:FOLLOWER, f5a08da9-e999-4666-9813-af0703791aee|rpc:10.1.0.244:37541|priority:1|startupRole:FOLLOWER, 73b7dc0c-af7c-46fd-8914-03b4db151d45|rpc:10.1.0.244:39667|priority:0|startupRole:FOLLOWER] with ContainerStateMachine:uninitialized
2022-11-08 06:33:56,447 [pool-544-thread-1] INFO  server.RaftServerConfigKeys (ConfUtils.java:logGet(46)) - raft.server.rpc.timeout.min = 5s (custom)
2022-11-08 06:33:56,447 [pool-544-thread-1] INFO  server.RaftServerConfigKeys (ConfUtils.java:logGet(46)) - raft.server.rpc.timeout.max = 5200ms (custom)
2022-11-08 06:33:56,447 [pool-544-thread-1] INFO  server.RaftServerConfigKeys (ConfUtils.java:logGet(46)) - raft.server.rpc.sleep.time = 25ms (default)
2022-11-08 06:33:56,447 [pool-544-thread-1] INFO  server.RaftServerConfigKeys (ConfUtils.java:logGet(46)) - raft.server.rpc.slowness.timeout = 300s (custom)
2022-11-08 06:33:56,447 [pool-544-thread-1] INFO  server.RaftServerConfigKeys (ConfUtils.java:logGet(46)) - raft.server.leaderelection.leader.step-down.wait-time = 10s (default)
2022-11-08 06:33:56,447 [pool-544-thread-1] INFO  server.RaftServerConfigKeys (ConfUtils.java:logGet(46)) - raft.server.sleep.deviation.threshold = 300ms (default)
2022-11-08 06:33:56,447 [pool-544-thread-1] INFO  server.RaftServer$Division (ServerState.java:<init>(118)) - 7cdbd1b5-097b-4b08-9783-327855de8893@group-10203FD77499: ConfigurationManager, init=-1: peers:[7cdbd1b5-097b-4b08-9783-327855de8893|rpc:10.1.0.244:38963|priority:0|startupRole:FOLLOWER, f5a08da9-e999-4666-9813-af0703791aee|rpc:10.1.0.244:37541|priority:1|startupRole:FOLLOWER, 73b7dc0c-af7c-46fd-8914-03b4db151d45|rpc:10.1.0.244:39667|priority:0|startupRole:FOLLOWER]|listeners:[], old=null, confs=<EMPTY_MAP>
2022-11-08 06:33:56,447 [pool-544-thread-1] INFO  server.RaftServerConfigKeys (ConfUtils.java:logGet(46)) - raft.server.storage.dir = [/home/runner/work/ozone/ozone/hadoop-ozone/integration-test/target/test-dir/MiniOzoneClusterImpl-8e06ede3-228e-44b7-a612-3acc89ebc779/datanode-0/data/ratis] (custom)
2022-11-08 06:33:56,447 [pool-544-thread-1] INFO  server.RaftServerConfigKeys (ConfUtils.java:logGet(46)) - raft.server.log.corruption.policy = EXCEPTION (default)
2022-11-08 06:33:56,447 [pool-544-thread-1] INFO  server.RaftServerConfigKeys (ConfUtils.java:logGet(46)) - raft.server.storage.free-space.min = 0MB (=0) (default)
2022-11-08 06:33:56,447 [pool-544-thread-1] INFO  server.RaftServerConfigKeys (ConfUtils.java:logGet(46)) - raft.server.notification.no-leader.timeout = 300s (custom)
2022-11-08 06:33:56,447 [pool-544-thread-1] INFO  server.RaftServerConfigKeys (ConfUtils.java:logGet(46)) - raft.server.retrycache.expirytime = 600000ms (custom)
2022-11-08 06:33:56,447 [pool-544-thread-1] INFO  server.RaftServerConfigKeys (ConfUtils.java:logGet(46)) - raft.server.retrycache.statistics.expirytime = 100μs (default)
2022-11-08 06:33:56,449 [pool-544-thread-1] INFO  server.RaftServerConfigKeys (ConfUtils.java:logGet(46)) - raft.server.log.appender.install.snapshot.enabled = false (custom)
2022-11-08 06:33:56,449 [pool-544-thread-1] INFO  server.RaftServerConfigKeys (ConfUtils.java:logGet(46)) - raft.server.threadpool.server.cached = true (default)
2022-11-08 06:33:56,449 [pool-544-thread-1] INFO  server.RaftServerConfigKeys (ConfUtils.java:logGet(46)) - raft.server.threadpool.server.size = 0 (default)
2022-11-08 06:33:56,449 [pool-544-thread-1] INFO  server.RaftServerConfigKeys (ConfUtils.java:logGet(46)) - raft.server.threadpool.client.cached = true (default)
2022-11-08 06:33:56,449 [pool-544-thread-1] INFO  server.RaftServerConfigKeys (ConfUtils.java:logGet(46)) - raft.server.threadpool.client.size = 0 (default)
2022-11-08 06:33:56,449 [pool-544-thread-1] INFO  storage.RaftStorageDirectory (RaftStorageDirectoryImpl.java:analyzeStorage(137)) - The storage directory /home/runner/work/ozone/ozone/hadoop-ozone/integration-test/target/test-dir/MiniOzoneClusterImpl-8e06ede3-228e-44b7-a612-3acc89ebc779/datanode-0/data/ratis/c7bdac37-5e27-4073-b229-10203fd77499 does not exist. Creating ...
2022-11-08 06:33:56,451 [pool-544-thread-1] INFO  storage.RaftStorageDirectory (RaftStorageDirectoryImpl.java:tryLock(231)) - Lock on /home/runner/work/ozone/ozone/hadoop-ozone/integration-test/target/test-dir/MiniOzoneClusterImpl-8e06ede3-228e-44b7-a612-3acc89ebc779/datanode-0/data/ratis/c7bdac37-5e27-4073-b229-10203fd77499/in_use.lock acquired by nodename 12075@fv-az220-111
2022-11-08 06:33:56,453 [pool-544-thread-1] INFO  storage.RaftStorage (RaftStorageImpl.java:format(96)) - Storage directory /home/runner/work/ozone/ozone/hadoop-ozone/integration-test/target/test-dir/MiniOzoneClusterImpl-8e06ede3-228e-44b7-a612-3acc89ebc779/datanode-0/data/ratis/c7bdac37-5e27-4073-b229-10203fd77499 has been successfully formatted.
2022-11-08 06:33:56,454 [pool-544-thread-1] INFO  ratis.ContainerStateMachine (ContainerStateMachine.java:loadSnapshot(236)) - group-10203FD77499: The snapshot info is null. Setting the last applied indexto:(t:0, i:~)
2022-11-08 06:33:56,454 [pool-544-thread-1] INFO  server.RaftServerConfigKeys (ConfUtils.java:logGet(46)) - raft.server.log.use.memory = false (default)
2022-11-08 06:33:56,454 [pool-544-thread-1] INFO  server.RaftServerConfigKeys (ConfUtils.java:logGet(46)) - raft.server.log.purge.gap = 1000000 (custom)
2022-11-08 06:33:56,454 [pool-544-thread-1] INFO  server.RaftServerConfigKeys (ConfUtils.java:logGet(46)) - raft.server.log.appender.buffer.byte-limit = 33554432 (custom)
2022-11-08 06:33:56,454 [pool-544-thread-1] INFO  server.RaftServerConfigKeys (ConfUtils.java:logGet(46)) - raft.server.log.statemachine.data.read.timeout = 1000ms (default)
2022-11-08 06:33:56,454 [pool-544-thread-1] INFO  server.RaftServerConfigKeys (ConfUtils.java:logGet(46)) - raft.server.log.purge.preservation.log.num = 0 (default)
2022-11-08 06:33:56,454 [pool-544-thread-1] INFO  server.RaftServerConfigKeys (ConfUtils.java:logGet(46)) - raft.server.log.segment.size.max = 1048576 (custom)
2022-11-08 06:33:56,455 [pool-544-thread-1] INFO  server.RaftServerConfigKeys (ConfUtils.java:logGet(46)) - raft.server.log.segment.cache.num.max = 2 (custom)
2022-11-08 06:33:56,455 [pool-544-thread-1] INFO  server.RaftServerConfigKeys (ConfUtils.java:logGet(46)) - raft.server.log.segment.cache.size.max = 200MB (=209715200) (default)
2022-11-08 06:33:56,455 [pool-544-thread-1] INFO  segmented.SegmentedRaftLogWorker (SegmentedRaftLogWorker.java:<init>(191)) - new 7cdbd1b5-097b-4b08-9783-327855de8893@group-10203FD77499-SegmentedRaftLogWorker for RaftStorageImpl:Storage Directory /home/runner/work/ozone/ozone/hadoop-ozone/integration-test/target/test-dir/MiniOzoneClusterImpl-8e06ede3-228e-44b7-a612-3acc89ebc779/datanode-0/data/ratis/c7bdac37-5e27-4073-b229-10203fd77499
2022-11-08 06:33:56,455 [pool-544-thread-1] INFO  server.RaftServerConfigKeys (ConfUtils.java:logGet(46)) - raft.server.log.queue.byte-limit = 4294967296 (custom)
2022-11-08 06:33:56,455 [pool-544-thread-1] INFO  server.RaftServerConfigKeys (ConfUtils.java:logGet(46)) - raft.server.log.queue.element-limit = 1024 (custom)
2022-11-08 06:33:56,455 [pool-544-thread-1] INFO  server.RaftServerConfigKeys (ConfUtils.java:logGet(46)) - raft.server.log.segment.size.max = 1048576 (custom)
2022-11-08 06:33:56,455 [pool-544-thread-1] INFO  server.RaftServerConfigKeys (ConfUtils.java:logGet(46)) - raft.server.log.preallocated.size = 16384 (custom)
2022-11-08 06:33:56,455 [pool-544-thread-1] INFO  server.RaftServerConfigKeys (ConfUtils.java:logGet(46)) - raft.server.log.force.sync.num = 128 (default)
2022-11-08 06:33:56,455 [pool-544-thread-1] INFO  server.RaftServerConfigKeys (ConfUtils.java:logGet(46)) - raft.server.log.statemachine.data.sync = true (default)
2022-11-08 06:33:56,456 [pool-544-thread-1] INFO  server.RaftServerConfigKeys (ConfUtils.java:logGet(46)) - raft.server.log.statemachine.data.sync.timeout = 10s (default)
2022-11-08 06:33:56,456 [pool-544-thread-1] INFO  server.RaftServerConfigKeys (ConfUtils.java:logGet(46)) - raft.server.log.statemachine.data.sync.timeout.retry = -1 (default)
2022-11-08 06:33:56,457 [pool-544-thread-1] INFO  server.RaftServerConfigKeys (ConfUtils.java:logGet(46)) - raft.server.log.write.buffer.size = 1048576 (custom)
2022-11-08 06:33:56,457 [pool-544-thread-1] INFO  server.RaftServerConfigKeys (ConfUtils.java:logGet(46)) - raft.server.log.unsafe-flush.enabled = false (default)
2022-11-08 06:33:56,457 [pool-544-thread-1] INFO  server.RaftServerConfigKeys (ConfUtils.java:logGet(46)) - raft.server.log.async-flush.enabled = false (default)
2022-11-08 06:33:56,457 [pool-544-thread-1] INFO  server.RaftServerConfigKeys (ConfUtils.java:logGet(46)) - raft.server.log.statemachine.data.caching.enabled = true (custom)
2022-11-08 06:33:56,457 [pool-544-thread-1] INFO  segmented.SegmentedRaftLogWorker (SegmentedRaftLogWorker.java:lambda$new$0(136)) - 7cdbd1b5-097b-4b08-9783-327855de8893@group-10203FD77499-SegmentedRaftLogWorker: flushIndex: setUnconditionally 0 -> -1
2022-11-08 06:33:56,457 [pool-544-thread-1] INFO  segmented.SegmentedRaftLogWorker (SegmentedRaftLogWorker.java:lambda$new$0(136)) - 7cdbd1b5-097b-4b08-9783-327855de8893@group-10203FD77499-SegmentedRaftLogWorker: safeCacheEvictIndex: setUnconditionally 0 -> -1
2022-11-08 06:33:56,458 [pool-544-thread-1] INFO  server.RaftServer$Division (RaftServerImpl.java:start(334)) - 7cdbd1b5-097b-4b08-9783-327855de8893@group-10203FD77499: start as a follower, conf=-1: peers:[7cdbd1b5-097b-4b08-9783-327855de8893|rpc:10.1.0.244:38963|priority:0|startupRole:FOLLOWER, f5a08da9-e999-4666-9813-af0703791aee|rpc:10.1.0.244:37541|priority:1|startupRole:FOLLOWER, 73b7dc0c-af7c-46fd-8914-03b4db151d45|rpc:10.1.0.244:39667|priority:0|startupRole:FOLLOWER]|listeners:[], old=null
2022-11-08 06:33:56,458 [pool-544-thread-1] INFO  server.RaftServer$Division (RaftServerImpl.java:setRole(321)) - 7cdbd1b5-097b-4b08-9783-327855de8893@group-10203FD77499: changes role from      null to FOLLOWER at term 0 for startAsFollower
2022-11-08 06:33:56,458 [pool-544-thread-1] INFO  impl.RoleInfo (RoleInfo.java:updateAndGet(139)) - 7cdbd1b5-097b-4b08-9783-327855de8893: start 7cdbd1b5-097b-4b08-9783-327855de8893@group-10203FD77499-FollowerState
2022-11-08 06:33:56,458 [pool-544-thread-1] INFO  util.JmxRegister (JmxRegister.java:tryRegister(44)) - Successfully registered JMX Bean with object name Ratis:service=RaftServer,group=group-10203FD77499,id=7cdbd1b5-097b-4b08-9783-327855de8893
2022-11-08 06:33:56,458 [7cdbd1b5-097b-4b08-9783-327855de8893@group-10203FD77499-FollowerState] INFO  server.RaftServerConfigKeys (ConfUtils.java:logFallback(53)) - raft.server.rpc.first-election.timeout.min = 5s (fallback to raft.server.rpc.timeout.min)
2022-11-08 06:33:56,458 [pool-544-thread-1] INFO  server.RaftServerConfigKeys (ConfUtils.java:logGet(46)) - raft.server.snapshot.auto.trigger.enabled = true (custom)
2022-11-08 06:33:56,458 [7cdbd1b5-097b-4b08-9783-327855de8893@group-10203FD77499-FollowerState] INFO  server.RaftServerConfigKeys (ConfUtils.java:logFallback(53)) - raft.server.rpc.first-election.timeout.max = 5200ms (fallback to raft.server.rpc.timeout.max)
2022-11-08 06:33:56,458 [pool-544-thread-1] INFO  server.RaftServerConfigKeys (ConfUtils.java:logGet(46)) - raft.server.snapshot.auto.trigger.threshold = 10000 (custom)
2022-11-08 06:33:56,458 [pool-544-thread-1] INFO  server.RaftServerConfigKeys (ConfUtils.java:logGet(46)) - raft.server.snapshot.retention.file.num = 5 (custom)
2022-11-08 06:33:56,458 [pool-544-thread-1] INFO  server.RaftServerConfigKeys (ConfUtils.java:logGet(46)) - raft.server.log.purge.upto.snapshot.index = false (default)
2022-11-08 06:33:56,459 [Command processor thread] INFO  ratis.XceiverServerRatis (XceiverServerRatis.java:addGroup(765)) - Created group PipelineID=c7bdac37-5e27-4073-b229-10203fd77499
2022-11-08 06:33:56,470 [grpc-default-executor-0] INFO  server.RaftServer (RaftServerProxy.java:addNew(96)) - f5a08da9-e999-4666-9813-af0703791aee: addNew group-10203FD77499:[7cdbd1b5-097b-4b08-9783-327855de8893|rpc:10.1.0.244:38963|dataStream:|priority:0|startupRole:FOLLOWER, f5a08da9-e999-4666-9813-af0703791aee|rpc:10.1.0.244:37541|dataStream:|priority:1|startupRole:FOLLOWER, 73b7dc0c-af7c-46fd-8914-03b4db151d45|rpc:10.1.0.244:39667|dataStream:|priority:0|startupRole:FOLLOWER] returns group-10203FD77499:java.util.concurrent.CompletableFuture@7489c654[Not completed]
2022-11-08 06:33:56,471 [pool-567-thread-1] INFO  server.RaftServer$Division (RaftServerImpl.java:<init>(195)) - f5a08da9-e999-4666-9813-af0703791aee: new RaftServerImpl for group-10203FD77499:[7cdbd1b5-097b-4b08-9783-327855de8893|rpc:10.1.0.244:38963|dataStream:|priority:0|startupRole:FOLLOWER, f5a08da9-e999-4666-9813-af0703791aee|rpc:10.1.0.244:37541|dataStream:|priority:1|startupRole:FOLLOWER, 73b7dc0c-af7c-46fd-8914-03b4db151d45|rpc:10.1.0.244:39667|dataStream:|priority:0|startupRole:FOLLOWER] with ContainerStateMachine:uninitialized
2022-11-08 06:33:56,471 [pool-567-thread-1] INFO  server.RaftServerConfigKeys (ConfUtils.java:logGet(46)) - raft.server.rpc.timeout.min = 5s (custom)
2022-11-08 06:33:56,471 [pool-567-thread-1] INFO  server.RaftServerConfigKeys (ConfUtils.java:logGet(46)) - raft.server.rpc.timeout.max = 5200ms (custom)
2022-11-08 06:33:56,471 [pool-567-thread-1] INFO  server.RaftServerConfigKeys (ConfUtils.java:logGet(46)) - raft.server.rpc.sleep.time = 25ms (default)
2022-11-08 06:33:56,471 [pool-567-thread-1] INFO  server.RaftServerConfigKeys (ConfUtils.java:logGet(46)) - raft.server.rpc.slowness.timeout = 300s (custom)
2022-11-08 06:33:56,471 [pool-567-thread-1] INFO  server.RaftServerConfigKeys (ConfUtils.java:logGet(46)) - raft.server.leaderelection.leader.step-down.wait-time = 10s (default)
2022-11-08 06:33:56,471 [pool-567-thread-1] INFO  server.RaftServerConfigKeys (ConfUtils.java:logGet(46)) - raft.server.sleep.deviation.threshold = 300ms (default)
2022-11-08 06:33:56,471 [pool-567-thread-1] INFO  server.RaftServer$Division (ServerState.java:<init>(118)) - f5a08da9-e999-4666-9813-af0703791aee@group-10203FD77499: ConfigurationManager, init=-1: peers:[7cdbd1b5-097b-4b08-9783-327855de8893|rpc:10.1.0.244:38963|dataStream:|priority:0|startupRole:FOLLOWER, f5a08da9-e999-4666-9813-af0703791aee|rpc:10.1.0.244:37541|dataStream:|priority:1|startupRole:FOLLOWER, 73b7dc0c-af7c-46fd-8914-03b4db151d45|rpc:10.1.0.244:39667|dataStream:|priority:0|startupRole:FOLLOWER]|listeners:[], old=null, confs=<EMPTY_MAP>
2022-11-08 06:33:56,471 [pool-567-thread-1] INFO  server.RaftServerConfigKeys (ConfUtils.java:logGet(46)) - raft.server.storage.dir = [/home/runner/work/ozone/ozone/hadoop-ozone/integration-test/target/test-dir/MiniOzoneClusterImpl-8e06ede3-228e-44b7-a612-3acc89ebc779/datanode-1/data/ratis] (custom)
2022-11-08 06:33:56,471 [pool-567-thread-1] INFO  server.RaftServerConfigKeys (ConfUtils.java:logGet(46)) - raft.server.log.corruption.policy = EXCEPTION (default)
2022-11-08 06:33:56,471 [pool-567-thread-1] INFO  server.RaftServerConfigKeys (ConfUtils.java:logGet(46)) - raft.server.storage.free-space.min = 0MB (=0) (default)
2022-11-08 06:33:56,471 [pool-567-thread-1] INFO  server.RaftServerConfigKeys (ConfUtils.java:logGet(46)) - raft.server.notification.no-leader.timeout = 300s (custom)
2022-11-08 06:33:56,471 [pool-567-thread-1] INFO  server.RaftServerConfigKeys (ConfUtils.java:logGet(46)) - raft.server.retrycache.expirytime = 600000ms (custom)
2022-11-08 06:33:56,471 [pool-567-thread-1] INFO  server.RaftServerConfigKeys (ConfUtils.java:logGet(46)) - raft.server.retrycache.statistics.expirytime = 100μs (default)
2022-11-08 06:33:56,473 [pool-567-thread-1] INFO  server.RaftServerConfigKeys (ConfUtils.java:logGet(46)) - raft.server.log.appender.install.snapshot.enabled = false (custom)
2022-11-08 06:33:56,473 [pool-567-thread-1] INFO  server.RaftServerConfigKeys (ConfUtils.java:logGet(46)) - raft.server.threadpool.server.cached = true (default)
2022-11-08 06:33:56,473 [pool-567-thread-1] INFO  server.RaftServerConfigKeys (ConfUtils.java:logGet(46)) - raft.server.threadpool.server.size = 0 (default)
2022-11-08 06:33:56,473 [pool-567-thread-1] INFO  server.RaftServerConfigKeys (ConfUtils.java:logGet(46)) - raft.server.threadpool.client.cached = true (default)
2022-11-08 06:33:56,473 [pool-567-thread-1] INFO  server.RaftServerConfigKeys (ConfUtils.java:logGet(46)) - raft.server.threadpool.client.size = 0 (default)
2022-11-08 06:33:56,473 [pool-567-thread-1] INFO  storage.RaftStorageDirectory (RaftStorageDirectoryImpl.java:analyzeStorage(137)) - The storage directory /home/runner/work/ozone/ozone/hadoop-ozone/integration-test/target/test-dir/MiniOzoneClusterImpl-8e06ede3-228e-44b7-a612-3acc89ebc779/datanode-1/data/ratis/c7bdac37-5e27-4073-b229-10203fd77499 does not exist. Creating ...
2022-11-08 06:33:56,475 [pool-567-thread-1] INFO  storage.RaftStorageDirectory (RaftStorageDirectoryImpl.java:tryLock(231)) - Lock on /home/runner/work/ozone/ozone/hadoop-ozone/integration-test/target/test-dir/MiniOzoneClusterImpl-8e06ede3-228e-44b7-a612-3acc89ebc779/datanode-1/data/ratis/c7bdac37-5e27-4073-b229-10203fd77499/in_use.lock acquired by nodename 12075@fv-az220-111
2022-11-08 06:33:56,477 [pool-567-thread-1] INFO  storage.RaftStorage (RaftStorageImpl.java:format(96)) - Storage directory /home/runner/work/ozone/ozone/hadoop-ozone/integration-test/target/test-dir/MiniOzoneClusterImpl-8e06ede3-228e-44b7-a612-3acc89ebc779/datanode-1/data/ratis/c7bdac37-5e27-4073-b229-10203fd77499 has been successfully formatted.
2022-11-08 06:33:56,478 [pool-567-thread-1] INFO  ratis.ContainerStateMachine (ContainerStateMachine.java:loadSnapshot(236)) - group-10203FD77499: The snapshot info is null. Setting the last applied indexto:(t:0, i:~)
2022-11-08 06:33:56,478 [pool-567-thread-1] INFO  server.RaftServerConfigKeys (ConfUtils.java:logGet(46)) - raft.server.log.use.memory = false (default)
2022-11-08 06:33:56,478 [pool-567-thread-1] INFO  server.RaftServerConfigKeys (ConfUtils.java:logGet(46)) - raft.server.log.purge.gap = 1000000 (custom)
2022-11-08 06:33:56,478 [pool-567-thread-1] INFO  server.RaftServerConfigKeys (ConfUtils.java:logGet(46)) - raft.server.log.appender.buffer.byte-limit = 33554432 (custom)
2022-11-08 06:33:56,478 [pool-567-thread-1] INFO  server.RaftServerConfigKeys (ConfUtils.java:logGet(46)) - raft.server.log.statemachine.data.read.timeout = 1000ms (default)
2022-11-08 06:33:56,478 [pool-567-thread-1] INFO  server.RaftServerConfigKeys (ConfUtils.java:logGet(46)) - raft.server.log.purge.preservation.log.num = 0 (default)
2022-11-08 06:33:56,478 [pool-567-thread-1] INFO  server.RaftServerConfigKeys (ConfUtils.java:logGet(46)) - raft.server.log.segment.size.max = 1048576 (custom)
2022-11-08 06:33:56,479 [pool-567-thread-1] INFO  server.RaftServerConfigKeys (ConfUtils.java:logGet(46)) - raft.server.log.segment.cache.num.max = 2 (custom)
2022-11-08 06:33:56,479 [pool-567-thread-1] INFO  server.RaftServerConfigKeys (ConfUtils.java:logGet(46)) - raft.server.log.segment.cache.size.max = 200MB (=209715200) (default)
2022-11-08 06:33:56,479 [pool-567-thread-1] INFO  segmented.SegmentedRaftLogWorker (SegmentedRaftLogWorker.java:<init>(191)) - new f5a08da9-e999-4666-9813-af0703791aee@group-10203FD77499-SegmentedRaftLogWorker for RaftStorageImpl:Storage Directory /home/runner/work/ozone/ozone/hadoop-ozone/integration-test/target/test-dir/MiniOzoneClusterImpl-8e06ede3-228e-44b7-a612-3acc89ebc779/datanode-1/data/ratis/c7bdac37-5e27-4073-b229-10203fd77499
2022-11-08 06:33:56,479 [pool-567-thread-1] INFO  server.RaftServerConfigKeys (ConfUtils.java:logGet(46)) - raft.server.log.queue.byte-limit = 4294967296 (custom)
2022-11-08 06:33:56,479 [pool-567-thread-1] INFO  server.RaftServerConfigKeys (ConfUtils.java:logGet(46)) - raft.server.log.queue.element-limit = 1024 (custom)
2022-11-08 06:33:56,479 [pool-567-thread-1] INFO  server.RaftServerConfigKeys (ConfUtils.java:logGet(46)) - raft.server.log.segment.size.max = 1048576 (custom)
2022-11-08 06:33:56,479 [pool-567-thread-1] INFO  server.RaftServerConfigKeys (ConfUtils.java:logGet(46)) - raft.server.log.preallocated.size = 16384 (custom)
2022-11-08 06:33:56,479 [pool-567-thread-1] INFO  server.RaftServerConfigKeys (ConfUtils.java:logGet(46)) - raft.server.log.force.sync.num = 128 (default)
2022-11-08 06:33:56,479 [pool-567-thread-1] INFO  server.RaftServerConfigKeys (ConfUtils.java:logGet(46)) - raft.server.log.statemachine.data.sync = true (default)
2022-11-08 06:33:56,479 [pool-567-thread-1] INFO  server.RaftServerConfigKeys (ConfUtils.java:logGet(46)) - raft.server.log.statemachine.data.sync.timeout = 10s (default)
2022-11-08 06:33:56,479 [pool-567-thread-1] INFO  server.RaftServerConfigKeys (ConfUtils.java:logGet(46)) - raft.server.log.statemachine.data.sync.timeout.retry = -1 (default)
2022-11-08 06:33:56,480 [pool-567-thread-1] INFO  server.RaftServerConfigKeys (ConfUtils.java:logGet(46)) - raft.server.log.write.buffer.size = 1048576 (custom)
2022-11-08 06:33:56,481 [pool-567-thread-1] INFO  server.RaftServerConfigKeys (ConfUtils.java:logGet(46)) - raft.server.log.unsafe-flush.enabled = false (default)
2022-11-08 06:33:56,481 [pool-567-thread-1] INFO  server.RaftServerConfigKeys (ConfUtils.java:logGet(46)) - raft.server.log.async-flush.enabled = false (default)
2022-11-08 06:33:56,481 [pool-567-thread-1] INFO  server.RaftServerConfigKeys (ConfUtils.java:logGet(46)) - raft.server.log.statemachine.data.caching.enabled = true (custom)
2022-11-08 06:33:56,481 [pool-567-thread-1] INFO  segmented.SegmentedRaftLogWorker (SegmentedRaftLogWorker.java:lambda$new$0(136)) - f5a08da9-e999-4666-9813-af0703791aee@group-10203FD77499-SegmentedRaftLogWorker: flushIndex: setUnconditionally 0 -> -1
2022-11-08 06:33:56,481 [pool-567-thread-1] INFO  segmented.SegmentedRaftLogWorker (SegmentedRaftLogWorker.java:lambda$new$0(136)) - f5a08da9-e999-4666-9813-af0703791aee@group-10203FD77499-SegmentedRaftLogWorker: safeCacheEvictIndex: setUnconditionally 0 -> -1
2022-11-08 06:33:56,482 [pool-567-thread-1] INFO  server.RaftServer$Division (RaftServerImpl.java:start(334)) - f5a08da9-e999-4666-9813-af0703791aee@group-10203FD77499: start as a follower, conf=-1: peers:[7cdbd1b5-097b-4b08-9783-327855de8893|rpc:10.1.0.244:38963|dataStream:|priority:0|startupRole:FOLLOWER, f5a08da9-e999-4666-9813-af0703791aee|rpc:10.1.0.244:37541|dataStream:|priority:1|startupRole:FOLLOWER, 73b7dc0c-af7c-46fd-8914-03b4db151d45|rpc:10.1.0.244:39667|dataStream:|priority:0|startupRole:FOLLOWER]|listeners:[], old=null
2022-11-08 06:33:56,482 [pool-567-thread-1] INFO  server.RaftServer$Division (RaftServerImpl.java:setRole(321)) - f5a08da9-e999-4666-9813-af0703791aee@group-10203FD77499: changes role from      null to FOLLOWER at term 0 for startAsFollower
2022-11-08 06:33:56,482 [pool-567-thread-1] INFO  impl.RoleInfo (RoleInfo.java:updateAndGet(139)) - f5a08da9-e999-4666-9813-af0703791aee: start f5a08da9-e999-4666-9813-af0703791aee@group-10203FD77499-FollowerState
2022-11-08 06:33:56,482 [pool-567-thread-1] INFO  util.JmxRegister (JmxRegister.java:tryRegister(44)) - Successfully registered JMX Bean with object name Ratis:service=RaftServer,group=group-10203FD77499,id=f5a08da9-e999-4666-9813-af0703791aee
2022-11-08 06:33:56,482 [f5a08da9-e999-4666-9813-af0703791aee@group-10203FD77499-FollowerState] INFO  server.RaftServerConfigKeys (ConfUtils.java:logFallback(53)) - raft.server.rpc.first-election.timeout.min = 5s (fallback to raft.server.rpc.timeout.min)
2022-11-08 06:33:56,482 [pool-567-thread-1] INFO  server.RaftServerConfigKeys (ConfUtils.java:logGet(46)) - raft.server.snapshot.auto.trigger.enabled = true (custom)
2022-11-08 06:33:56,482 [pool-567-thread-1] INFO  server.RaftServerConfigKeys (ConfUtils.java:logGet(46)) - raft.server.snapshot.auto.trigger.threshold = 10000 (custom)
2022-11-08 06:33:56,482 [f5a08da9-e999-4666-9813-af0703791aee@group-10203FD77499-FollowerState] INFO  server.RaftServerConfigKeys (ConfUtils.java:logFallback(53)) - raft.server.rpc.first-election.timeout.max = 5200ms (fallback to raft.server.rpc.timeout.max)
2022-11-08 06:33:56,482 [pool-567-thread-1] INFO  server.RaftServerConfigKeys (ConfUtils.java:logGet(46)) - raft.server.snapshot.retention.file.num = 5 (custom)
2022-11-08 06:33:56,482 [pool-567-thread-1] INFO  server.RaftServerConfigKeys (ConfUtils.java:logGet(46)) - raft.server.log.purge.upto.snapshot.index = false (default)
2022-11-08 06:33:56,499 [grpc-default-executor-0] INFO  server.RaftServer (RaftServerProxy.java:addNew(96)) - 73b7dc0c-af7c-46fd-8914-03b4db151d45: addNew group-10203FD77499:[7cdbd1b5-097b-4b08-9783-327855de8893|rpc:10.1.0.244:38963|dataStream:|priority:0|startupRole:FOLLOWER, f5a08da9-e999-4666-9813-af0703791aee|rpc:10.1.0.244:37541|dataStream:|priority:1|startupRole:FOLLOWER, 73b7dc0c-af7c-46fd-8914-03b4db151d45|rpc:10.1.0.244:39667|dataStream:|priority:0|startupRole:FOLLOWER] returns group-10203FD77499:java.util.concurrent.CompletableFuture@30d747ca[Not completed]
2022-11-08 06:33:56,500 [pool-590-thread-1] INFO  server.RaftServer$Division (RaftServerImpl.java:<init>(195)) - 73b7dc0c-af7c-46fd-8914-03b4db151d45: new RaftServerImpl for group-10203FD77499:[7cdbd1b5-097b-4b08-9783-327855de8893|rpc:10.1.0.244:38963|dataStream:|priority:0|startupRole:FOLLOWER, f5a08da9-e999-4666-9813-af0703791aee|rpc:10.1.0.244:37541|dataStream:|priority:1|startupRole:FOLLOWER, 73b7dc0c-af7c-46fd-8914-03b4db151d45|rpc:10.1.0.244:39667|dataStream:|priority:0|startupRole:FOLLOWER] with ContainerStateMachine:uninitialized
2022-11-08 06:33:56,500 [pool-590-thread-1] INFO  server.RaftServerConfigKeys (ConfUtils.java:logGet(46)) - raft.server.rpc.timeout.min = 5s (custom)
2022-11-08 06:33:56,500 [pool-590-thread-1] INFO  server.RaftServerConfigKeys (ConfUtils.java:logGet(46)) - raft.server.rpc.timeout.max = 5200ms (custom)
2022-11-08 06:33:56,500 [pool-590-thread-1] INFO  server.RaftServerConfigKeys (ConfUtils.java:logGet(46)) - raft.server.rpc.sleep.time = 25ms (default)
2022-11-08 06:33:56,500 [pool-590-thread-1] INFO  server.RaftServerConfigKeys (ConfUtils.java:logGet(46)) - raft.server.rpc.slowness.timeout = 300s (custom)
2022-11-08 06:33:56,500 [pool-590-thread-1] INFO  server.RaftServerConfigKeys (ConfUtils.java:logGet(46)) - raft.server.leaderelection.leader.step-down.wait-time = 10s (default)
2022-11-08 06:33:56,500 [pool-590-thread-1] INFO  server.RaftServerConfigKeys (ConfUtils.java:logGet(46)) - raft.server.sleep.deviation.threshold = 300ms (default)
2022-11-08 06:33:56,500 [pool-590-thread-1] INFO  server.RaftServer$Division (ServerState.java:<init>(118)) - 73b7dc0c-af7c-46fd-8914-03b4db151d45@group-10203FD77499: ConfigurationManager, init=-1: peers:[7cdbd1b5-097b-4b08-9783-327855de8893|rpc:10.1.0.244:38963|dataStream:|priority:0|startupRole:FOLLOWER, f5a08da9-e999-4666-9813-af0703791aee|rpc:10.1.0.244:37541|dataStream:|priority:1|startupRole:FOLLOWER, 73b7dc0c-af7c-46fd-8914-03b4db151d45|rpc:10.1.0.244:39667|dataStream:|priority:0|startupRole:FOLLOWER]|listeners:[], old=null, confs=<EMPTY_MAP>
2022-11-08 06:33:56,500 [pool-590-thread-1] INFO  server.RaftServerConfigKeys (ConfUtils.java:logGet(46)) - raft.server.storage.dir = [/home/runner/work/ozone/ozone/hadoop-ozone/integration-test/target/test-dir/MiniOzoneClusterImpl-8e06ede3-228e-44b7-a612-3acc89ebc779/datanode-2/data/ratis] (custom)
2022-11-08 06:33:56,500 [pool-590-thread-1] INFO  server.RaftServerConfigKeys (ConfUtils.java:logGet(46)) - raft.server.log.corruption.policy = EXCEPTION (default)
2022-11-08 06:33:56,501 [pool-590-thread-1] INFO  server.RaftServerConfigKeys (ConfUtils.java:logGet(46)) - raft.server.storage.free-space.min = 0MB (=0) (default)
2022-11-08 06:33:56,501 [pool-590-thread-1] INFO  server.RaftServerConfigKeys (ConfUtils.java:logGet(46)) - raft.server.notification.no-leader.timeout = 300s (custom)
2022-11-08 06:33:56,501 [pool-590-thread-1] INFO  server.RaftServerConfigKeys (ConfUtils.java:logGet(46)) - raft.server.retrycache.expirytime = 600000ms (custom)
2022-11-08 06:33:56,501 [pool-590-thread-1] INFO  server.RaftServerConfigKeys (ConfUtils.java:logGet(46)) - raft.server.retrycache.statistics.expirytime = 100μs (default)
2022-11-08 06:33:56,502 [pool-590-thread-1] INFO  server.RaftServerConfigKeys (ConfUtils.java:logGet(46)) - raft.server.log.appender.install.snapshot.enabled = false (custom)
2022-11-08 06:33:56,502 [pool-590-thread-1] INFO  server.RaftServerConfigKeys (ConfUtils.java:logGet(46)) - raft.server.threadpool.server.cached = true (default)
2022-11-08 06:33:56,502 [pool-590-thread-1] INFO  server.RaftServerConfigKeys (ConfUtils.java:logGet(46)) - raft.server.threadpool.server.size = 0 (default)
2022-11-08 06:33:56,502 [pool-590-thread-1] INFO  server.RaftServerConfigKeys (ConfUtils.java:logGet(46)) - raft.server.threadpool.client.cached = true (default)
2022-11-08 06:33:56,502 [pool-590-thread-1] INFO  server.RaftServerConfigKeys (ConfUtils.java:logGet(46)) - raft.server.threadpool.client.size = 0 (default)
2022-11-08 06:33:56,502 [pool-590-thread-1] INFO  storage.RaftStorageDirectory (RaftStorageDirectoryImpl.java:analyzeStorage(137)) - The storage directory /home/runner/work/ozone/ozone/hadoop-ozone/integration-test/target/test-dir/MiniOzoneClusterImpl-8e06ede3-228e-44b7-a612-3acc89ebc779/datanode-2/data/ratis/c7bdac37-5e27-4073-b229-10203fd77499 does not exist. Creating ...
2022-11-08 06:33:56,504 [pool-590-thread-1] INFO  storage.RaftStorageDirectory (RaftStorageDirectoryImpl.java:tryLock(231)) - Lock on /home/runner/work/ozone/ozone/hadoop-ozone/integration-test/target/test-dir/MiniOzoneClusterImpl-8e06ede3-228e-44b7-a612-3acc89ebc779/datanode-2/data/ratis/c7bdac37-5e27-4073-b229-10203fd77499/in_use.lock acquired by nodename 12075@fv-az220-111
2022-11-08 06:33:56,505 [pool-590-thread-1] INFO  storage.RaftStorage (RaftStorageImpl.java:format(96)) - Storage directory /home/runner/work/ozone/ozone/hadoop-ozone/integration-test/target/test-dir/MiniOzoneClusterImpl-8e06ede3-228e-44b7-a612-3acc89ebc779/datanode-2/data/ratis/c7bdac37-5e27-4073-b229-10203fd77499 has been successfully formatted.
2022-11-08 06:33:56,506 [pool-590-thread-1] INFO  ratis.ContainerStateMachine (ContainerStateMachine.java:loadSnapshot(236)) - group-10203FD77499: The snapshot info is null. Setting the last applied indexto:(t:0, i:~)
2022-11-08 06:33:56,506 [pool-590-thread-1] INFO  server.RaftServerConfigKeys (ConfUtils.java:logGet(46)) - raft.server.log.use.memory = false (default)
2022-11-08 06:33:56,506 [pool-590-thread-1] INFO  server.RaftServerConfigKeys (ConfUtils.java:logGet(46)) - raft.server.log.purge.gap = 1000000 (custom)
2022-11-08 06:33:56,507 [pool-590-thread-1] INFO  server.RaftServerConfigKeys (ConfUtils.java:logGet(46)) - raft.server.log.appender.buffer.byte-limit = 33554432 (custom)
2022-11-08 06:33:56,507 [pool-590-thread-1] INFO  server.RaftServerConfigKeys (ConfUtils.java:logGet(46)) - raft.server.log.statemachine.data.read.timeout = 1000ms (default)
2022-11-08 06:33:56,507 [pool-590-thread-1] INFO  server.RaftServerConfigKeys (ConfUtils.java:logGet(46)) - raft.server.log.purge.preservation.log.num = 0 (default)
2022-11-08 06:33:56,510 [pool-590-thread-1] INFO  server.RaftServerConfigKeys (ConfUtils.java:logGet(46)) - raft.server.log.segment.size.max = 1048576 (custom)
2022-11-08 06:33:56,511 [pool-590-thread-1] INFO  server.RaftServerConfigKeys (ConfUtils.java:logGet(46)) - raft.server.log.segment.cache.num.max = 2 (custom)
2022-11-08 06:33:56,511 [pool-590-thread-1] INFO  server.RaftServerConfigKeys (ConfUtils.java:logGet(46)) - raft.server.log.segment.cache.size.max = 200MB (=209715200) (default)
2022-11-08 06:33:56,511 [pool-590-thread-1] INFO  segmented.SegmentedRaftLogWorker (SegmentedRaftLogWorker.java:<init>(191)) - new 73b7dc0c-af7c-46fd-8914-03b4db151d45@group-10203FD77499-SegmentedRaftLogWorker for RaftStorageImpl:Storage Directory /home/runner/work/ozone/ozone/hadoop-ozone/integration-test/target/test-dir/MiniOzoneClusterImpl-8e06ede3-228e-44b7-a612-3acc89ebc779/datanode-2/data/ratis/c7bdac37-5e27-4073-b229-10203fd77499
2022-11-08 06:33:56,511 [pool-590-thread-1] INFO  server.RaftServerConfigKeys (ConfUtils.java:logGet(46)) - raft.server.log.queue.byte-limit = 4294967296 (custom)
2022-11-08 06:33:56,511 [pool-590-thread-1] INFO  server.RaftServerConfigKeys (ConfUtils.java:logGet(46)) - raft.server.log.queue.element-limit = 1024 (custom)
2022-11-08 06:33:56,511 [pool-590-thread-1] INFO  server.RaftServerConfigKeys (ConfUtils.java:logGet(46)) - raft.server.log.segment.size.max = 1048576 (custom)
2022-11-08 06:33:56,511 [pool-590-thread-1] INFO  server.RaftServerConfigKeys (ConfUtils.java:logGet(46)) - raft.server.log.preallocated.size = 16384 (custom)
2022-11-08 06:33:56,511 [pool-590-thread-1] INFO  server.RaftServerConfigKeys (ConfUtils.java:logGet(46)) - raft.server.log.force.sync.num = 128 (default)
2022-11-08 06:33:56,511 [pool-590-thread-1] INFO  server.RaftServerConfigKeys (ConfUtils.java:logGet(46)) - raft.server.log.statemachine.data.sync = true (default)
2022-11-08 06:33:56,511 [pool-590-thread-1] INFO  server.RaftServerConfigKeys (ConfUtils.java:logGet(46)) - raft.server.log.statemachine.data.sync.timeout = 10s (default)
2022-11-08 06:33:56,511 [pool-590-thread-1] INFO  server.RaftServerConfigKeys (ConfUtils.java:logGet(46)) - raft.server.log.statemachine.data.sync.timeout.retry = -1 (default)
2022-11-08 06:33:56,512 [pool-590-thread-1] INFO  server.RaftServerConfigKeys (ConfUtils.java:logGet(46)) - raft.server.log.write.buffer.size = 1048576 (custom)
2022-11-08 06:33:56,513 [pool-590-thread-1] INFO  server.RaftServerConfigKeys (ConfUtils.java:logGet(46)) - raft.server.log.unsafe-flush.enabled = false (default)
2022-11-08 06:33:56,513 [pool-590-thread-1] INFO  server.RaftServerConfigKeys (ConfUtils.java:logGet(46)) - raft.server.log.async-flush.enabled = false (default)
2022-11-08 06:33:56,513 [pool-590-thread-1] INFO  server.RaftServerConfigKeys (ConfUtils.java:logGet(46)) - raft.server.log.statemachine.data.caching.enabled = true (custom)
2022-11-08 06:33:56,513 [pool-590-thread-1] INFO  segmented.SegmentedRaftLogWorker (SegmentedRaftLogWorker.java:lambda$new$0(136)) - 73b7dc0c-af7c-46fd-8914-03b4db151d45@group-10203FD77499-SegmentedRaftLogWorker: flushIndex: setUnconditionally 0 -> -1
2022-11-08 06:33:56,513 [pool-590-thread-1] INFO  segmented.SegmentedRaftLogWorker (SegmentedRaftLogWorker.java:lambda$new$0(136)) - 73b7dc0c-af7c-46fd-8914-03b4db151d45@group-10203FD77499-SegmentedRaftLogWorker: safeCacheEvictIndex: setUnconditionally 0 -> -1
2022-11-08 06:33:56,514 [pool-590-thread-1] INFO  server.RaftServer$Division (RaftServerImpl.java:start(334)) - 73b7dc0c-af7c-46fd-8914-03b4db151d45@group-10203FD77499: start as a follower, conf=-1: peers:[7cdbd1b5-097b-4b08-9783-327855de8893|rpc:10.1.0.244:38963|dataStream:|priority:0|startupRole:FOLLOWER, f5a08da9-e999-4666-9813-af0703791aee|rpc:10.1.0.244:37541|dataStream:|priority:1|startupRole:FOLLOWER, 73b7dc0c-af7c-46fd-8914-03b4db151d45|rpc:10.1.0.244:39667|dataStream:|priority:0|startupRole:FOLLOWER]|listeners:[], old=null
2022-11-08 06:33:56,514 [pool-590-thread-1] INFO  server.RaftServer$Division (RaftServerImpl.java:setRole(321)) - 73b7dc0c-af7c-46fd-8914-03b4db151d45@group-10203FD77499: changes role from      null to FOLLOWER at term 0 for startAsFollower
2022-11-08 06:33:56,514 [pool-590-thread-1] INFO  impl.RoleInfo (RoleInfo.java:updateAndGet(139)) - 73b7dc0c-af7c-46fd-8914-03b4db151d45: start 73b7dc0c-af7c-46fd-8914-03b4db151d45@group-10203FD77499-FollowerState
2022-11-08 06:33:56,514 [pool-590-thread-1] INFO  util.JmxRegister (JmxRegister.java:tryRegister(44)) - Successfully registered JMX Bean with object name Ratis:service=RaftServer,group=group-10203FD77499,id=73b7dc0c-af7c-46fd-8914-03b4db151d45
2022-11-08 06:33:56,514 [73b7dc0c-af7c-46fd-8914-03b4db151d45@group-10203FD77499-FollowerState] INFO  server.RaftServerConfigKeys (ConfUtils.java:logFallback(53)) - raft.server.rpc.first-election.timeout.min = 5s (fallback to raft.server.rpc.timeout.min)
2022-11-08 06:33:56,514 [pool-590-thread-1] INFO  server.RaftServerConfigKeys (ConfUtils.java:logGet(46)) - raft.server.snapshot.auto.trigger.enabled = true (custom)
2022-11-08 06:33:56,514 [73b7dc0c-af7c-46fd-8914-03b4db151d45@group-10203FD77499-FollowerState] INFO  server.RaftServerConfigKeys (ConfUtils.java:logFallback(53)) - raft.server.rpc.first-election.timeout.max = 5200ms (fallback to raft.server.rpc.timeout.max)
2022-11-08 06:33:56,514 [pool-590-thread-1] INFO  server.RaftServerConfigKeys (ConfUtils.java:logGet(46)) - raft.server.snapshot.auto.trigger.threshold = 10000 (custom)
2022-11-08 06:33:56,516 [pool-590-thread-1] INFO  server.RaftServerConfigKeys (ConfUtils.java:logGet(46)) - raft.server.snapshot.retention.file.num = 5 (custom)
2022-11-08 06:33:56,516 [pool-590-thread-1] INFO  server.RaftServerConfigKeys (ConfUtils.java:logGet(46)) - raft.server.log.purge.upto.snapshot.index = false (default)
2022-11-08 06:33:56,520 [Command processor thread] INFO  commandhandler.CreatePipelineCommandHandler (CreatePipelineCommandHandler.java:handle(113)) - Created Pipeline RATIS THREE PipelineID=c7bdac37-5e27-4073-b229-10203fd77499.
2022-11-08 06:33:56,520 [Command processor thread] INFO  server.RaftServer (RaftServerProxy.java:addNew(96)) - 7cdbd1b5-097b-4b08-9783-327855de8893: addNew group-A09AEB66014F:[7cdbd1b5-097b-4b08-9783-327855de8893|rpc:10.1.0.244:38963|priority:0|startupRole:FOLLOWER, f5a08da9-e999-4666-9813-af0703791aee|rpc:10.1.0.244:37541|priority:0|startupRole:FOLLOWER, 73b7dc0c-af7c-46fd-8914-03b4db151d45|rpc:10.1.0.244:39667|priority:1|startupRole:FOLLOWER] returns group-A09AEB66014F:java.util.concurrent.CompletableFuture@458d82cc[Not completed]
2022-11-08 06:33:56,521 [pool-544-thread-1] INFO  server.RaftServer$Division (RaftServerImpl.java:<init>(195)) - 7cdbd1b5-097b-4b08-9783-327855de8893: new RaftServerImpl for group-A09AEB66014F:[7cdbd1b5-097b-4b08-9783-327855de8893|rpc:10.1.0.244:38963|priority:0|startupRole:FOLLOWER, f5a08da9-e999-4666-9813-af0703791aee|rpc:10.1.0.244:37541|priority:0|startupRole:FOLLOWER, 73b7dc0c-af7c-46fd-8914-03b4db151d45|rpc:10.1.0.244:39667|priority:1|startupRole:FOLLOWER] with ContainerStateMachine:uninitialized
2022-11-08 06:33:56,521 [pool-544-thread-1] INFO  server.RaftServerConfigKeys (ConfUtils.java:logGet(46)) - raft.server.rpc.timeout.min = 5s (custom)
2022-11-08 06:33:56,521 [pool-544-thread-1] INFO  server.RaftServerConfigKeys (ConfUtils.java:logGet(46)) - raft.server.rpc.timeout.max = 5200ms (custom)
2022-11-08 06:33:56,521 [pool-544-thread-1] INFO  server.RaftServerConfigKeys (ConfUtils.java:logGet(46)) - raft.server.rpc.sleep.time = 25ms (default)
2022-11-08 06:33:56,521 [pool-544-thread-1] INFO  server.RaftServerConfigKeys (ConfUtils.java:logGet(46)) - raft.server.rpc.slowness.timeout = 300s (custom)
2022-11-08 06:33:56,521 [pool-544-thread-1] INFO  server.RaftServerConfigKeys (ConfUtils.java:logGet(46)) - raft.server.leaderelection.leader.step-down.wait-time = 10s (default)
2022-11-08 06:33:56,521 [pool-544-thread-1] INFO  server.RaftServerConfigKeys (ConfUtils.java:logGet(46)) - raft.server.sleep.deviation.threshold = 300ms (default)
2022-11-08 06:33:56,521 [pool-544-thread-1] INFO  server.RaftServer$Division (ServerState.java:<init>(118)) - 7cdbd1b5-097b-4b08-9783-327855de8893@group-A09AEB66014F: ConfigurationManager, init=-1: peers:[7cdbd1b5-097b-4b08-9783-327855de8893|rpc:10.1.0.244:38963|priority:0|startupRole:FOLLOWER, f5a08da9-e999-4666-9813-af0703791aee|rpc:10.1.0.244:37541|priority:0|startupRole:FOLLOWER, 73b7dc0c-af7c-46fd-8914-03b4db151d45|rpc:10.1.0.244:39667|priority:1|startupRole:FOLLOWER]|listeners:[], old=null, confs=<EMPTY_MAP>
2022-11-08 06:33:56,522 [pool-544-thread-1] INFO  server.RaftServerConfigKeys (ConfUtils.java:logGet(46)) - raft.server.storage.dir = [/home/runner/work/ozone/ozone/hadoop-ozone/integration-test/target/test-dir/MiniOzoneClusterImpl-8e06ede3-228e-44b7-a612-3acc89ebc779/datanode-0/data/ratis] (custom)
2022-11-08 06:33:56,522 [pool-544-thread-1] INFO  server.RaftServerConfigKeys (ConfUtils.java:logGet(46)) - raft.server.log.corruption.policy = EXCEPTION (default)
2022-11-08 06:33:56,522 [pool-544-thread-1] INFO  server.RaftServerConfigKeys (ConfUtils.java:logGet(46)) - raft.server.storage.free-space.min = 0MB (=0) (default)
2022-11-08 06:33:56,522 [pool-544-thread-1] INFO  server.RaftServerConfigKeys (ConfUtils.java:logGet(46)) - raft.server.notification.no-leader.timeout = 300s (custom)
2022-11-08 06:33:56,522 [pool-544-thread-1] INFO  server.RaftServerConfigKeys (ConfUtils.java:logGet(46)) - raft.server.retrycache.expirytime = 600000ms (custom)
2022-11-08 06:33:56,522 [pool-544-thread-1] INFO  server.RaftServerConfigKeys (ConfUtils.java:logGet(46)) - raft.server.retrycache.statistics.expirytime = 100μs (default)
2022-11-08 06:33:56,523 [pool-544-thread-1] INFO  server.RaftServerConfigKeys (ConfUtils.java:logGet(46)) - raft.server.log.appender.install.snapshot.enabled = false (custom)
2022-11-08 06:33:56,523 [pool-544-thread-1] INFO  server.RaftServerConfigKeys (ConfUtils.java:logGet(46)) - raft.server.threadpool.server.cached = true (default)
2022-11-08 06:33:56,523 [pool-544-thread-1] INFO  server.RaftServerConfigKeys (ConfUtils.java:logGet(46)) - raft.server.threadpool.server.size = 0 (default)
2022-11-08 06:33:56,523 [pool-544-thread-1] INFO  server.RaftServerConfigKeys (ConfUtils.java:logGet(46)) - raft.server.threadpool.client.cached = true (default)
2022-11-08 06:33:56,523 [pool-544-thread-1] INFO  server.RaftServerConfigKeys (ConfUtils.java:logGet(46)) - raft.server.threadpool.client.size = 0 (default)
2022-11-08 06:33:56,523 [pool-544-thread-1] INFO  storage.RaftStorageDirectory (RaftStorageDirectoryImpl.java:analyzeStorage(137)) - The storage directory /home/runner/work/ozone/ozone/hadoop-ozone/integration-test/target/test-dir/MiniOzoneClusterImpl-8e06ede3-228e-44b7-a612-3acc89ebc779/datanode-0/data/ratis/6a7aadb6-ec28-4675-a933-a09aeb66014f does not exist. Creating ...
2022-11-08 06:33:56,525 [pool-544-thread-1] INFO  storage.RaftStorageDirectory (RaftStorageDirectoryImpl.java:tryLock(231)) - Lock on /home/runner/work/ozone/ozone/hadoop-ozone/integration-test/target/test-dir/MiniOzoneClusterImpl-8e06ede3-228e-44b7-a612-3acc89ebc779/datanode-0/data/ratis/6a7aadb6-ec28-4675-a933-a09aeb66014f/in_use.lock acquired by nodename 12075@fv-az220-111
2022-11-08 06:33:56,526 [pool-544-thread-1] INFO  storage.RaftStorage (RaftStorageImpl.java:format(96)) - Storage directory /home/runner/work/ozone/ozone/hadoop-ozone/integration-test/target/test-dir/MiniOzoneClusterImpl-8e06ede3-228e-44b7-a612-3acc89ebc779/datanode-0/data/ratis/6a7aadb6-ec28-4675-a933-a09aeb66014f has been successfully formatted.
2022-11-08 06:33:56,527 [pool-544-thread-1] INFO  ratis.ContainerStateMachine (ContainerStateMachine.java:loadSnapshot(236)) - group-A09AEB66014F: The snapshot info is null. Setting the last applied indexto:(t:0, i:~)
2022-11-08 06:33:56,527 [pool-544-thread-1] INFO  server.RaftServerConfigKeys (ConfUtils.java:logGet(46)) - raft.server.log.use.memory = false (default)
2022-11-08 06:33:56,527 [pool-544-thread-1] INFO  server.RaftServerConfigKeys (ConfUtils.java:logGet(46)) - raft.server.log.purge.gap = 1000000 (custom)
2022-11-08 06:33:56,527 [pool-544-thread-1] INFO  server.RaftServerConfigKeys (ConfUtils.java:logGet(46)) - raft.server.log.appender.buffer.byte-limit = 33554432 (custom)
2022-11-08 06:33:56,527 [pool-544-thread-1] INFO  server.RaftServerConfigKeys (ConfUtils.java:logGet(46)) - raft.server.log.statemachine.data.read.timeout = 1000ms (default)
2022-11-08 06:33:56,527 [pool-544-thread-1] INFO  server.RaftServerConfigKeys (ConfUtils.java:logGet(46)) - raft.server.log.purge.preservation.log.num = 0 (default)
2022-11-08 06:33:56,527 [pool-544-thread-1] INFO  server.RaftServerConfigKeys (ConfUtils.java:logGet(46)) - raft.server.log.segment.size.max = 1048576 (custom)
2022-11-08 06:33:56,528 [pool-544-thread-1] INFO  server.RaftServerConfigKeys (ConfUtils.java:logGet(46)) - raft.server.log.segment.cache.num.max = 2 (custom)
2022-11-08 06:33:56,528 [pool-544-thread-1] INFO  server.RaftServerConfigKeys (ConfUtils.java:logGet(46)) - raft.server.log.segment.cache.size.max = 200MB (=209715200) (default)
2022-11-08 06:33:56,528 [pool-544-thread-1] INFO  segmented.SegmentedRaftLogWorker (SegmentedRaftLogWorker.java:<init>(191)) - new 7cdbd1b5-097b-4b08-9783-327855de8893@group-A09AEB66014F-SegmentedRaftLogWorker for RaftStorageImpl:Storage Directory /home/runner/work/ozone/ozone/hadoop-ozone/integration-test/target/test-dir/MiniOzoneClusterImpl-8e06ede3-228e-44b7-a612-3acc89ebc779/datanode-0/data/ratis/6a7aadb6-ec28-4675-a933-a09aeb66014f
2022-11-08 06:33:56,528 [pool-544-thread-1] INFO  server.RaftServerConfigKeys (ConfUtils.java:logGet(46)) - raft.server.log.queue.byte-limit = 4294967296 (custom)
2022-11-08 06:33:56,528 [pool-544-thread-1] INFO  server.RaftServerConfigKeys (ConfUtils.java:logGet(46)) - raft.server.log.queue.element-limit = 1024 (custom)
2022-11-08 06:33:56,528 [pool-544-thread-1] INFO  server.RaftServerConfigKeys (ConfUtils.java:logGet(46)) - raft.server.log.segment.size.max = 1048576 (custom)
2022-11-08 06:33:56,528 [pool-544-thread-1] INFO  server.RaftServerConfigKeys (ConfUtils.java:logGet(46)) - raft.server.log.preallocated.size = 16384 (custom)
2022-11-08 06:33:56,528 [pool-544-thread-1] INFO  server.RaftServerConfigKeys (ConfUtils.java:logGet(46)) - raft.server.log.force.sync.num = 128 (default)
2022-11-08 06:33:56,528 [pool-544-thread-1] INFO  server.RaftServerConfigKeys (ConfUtils.java:logGet(46)) - raft.server.log.statemachine.data.sync = true (default)
2022-11-08 06:33:56,528 [pool-544-thread-1] INFO  server.RaftServerConfigKeys (ConfUtils.java:logGet(46)) - raft.server.log.statemachine.data.sync.timeout = 10s (default)
2022-11-08 06:33:56,529 [pool-544-thread-1] INFO  server.RaftServerConfigKeys (ConfUtils.java:logGet(46)) - raft.server.log.statemachine.data.sync.timeout.retry = -1 (default)
2022-11-08 06:33:56,530 [pool-544-thread-1] INFO  server.RaftServerConfigKeys (ConfUtils.java:logGet(46)) - raft.server.log.write.buffer.size = 1048576 (custom)
2022-11-08 06:33:56,530 [pool-544-thread-1] INFO  server.RaftServerConfigKeys (ConfUtils.java:logGet(46)) - raft.server.log.unsafe-flush.enabled = false (default)
2022-11-08 06:33:56,530 [pool-544-thread-1] INFO  server.RaftServerConfigKeys (ConfUtils.java:logGet(46)) - raft.server.log.async-flush.enabled = false (default)
2022-11-08 06:33:56,530 [pool-544-thread-1] INFO  server.RaftServerConfigKeys (ConfUtils.java:logGet(46)) - raft.server.log.statemachine.data.caching.enabled = true (custom)
2022-11-08 06:33:56,530 [pool-544-thread-1] INFO  segmented.SegmentedRaftLogWorker (SegmentedRaftLogWorker.java:lambda$new$0(136)) - 7cdbd1b5-097b-4b08-9783-327855de8893@group-A09AEB66014F-SegmentedRaftLogWorker: flushIndex: setUnconditionally 0 -> -1
2022-11-08 06:33:56,530 [pool-544-thread-1] INFO  segmented.SegmentedRaftLogWorker (SegmentedRaftLogWorker.java:lambda$new$0(136)) - 7cdbd1b5-097b-4b08-9783-327855de8893@group-A09AEB66014F-SegmentedRaftLogWorker: safeCacheEvictIndex: setUnconditionally 0 -> -1
2022-11-08 06:33:56,530 [pool-544-thread-1] INFO  server.RaftServer$Division (RaftServerImpl.java:start(334)) - 7cdbd1b5-097b-4b08-9783-327855de8893@group-A09AEB66014F: start as a follower, conf=-1: peers:[7cdbd1b5-097b-4b08-9783-327855de8893|rpc:10.1.0.244:38963|priority:0|startupRole:FOLLOWER, f5a08da9-e999-4666-9813-af0703791aee|rpc:10.1.0.244:37541|priority:0|startupRole:FOLLOWER, 73b7dc0c-af7c-46fd-8914-03b4db151d45|rpc:10.1.0.244:39667|priority:1|startupRole:FOLLOWER]|listeners:[], old=null
2022-11-08 06:33:56,530 [pool-544-thread-1] INFO  server.RaftServer$Division (RaftServerImpl.java:setRole(321)) - 7cdbd1b5-097b-4b08-9783-327855de8893@group-A09AEB66014F: changes role from      null to FOLLOWER at term 0 for startAsFollower
2022-11-08 06:33:56,530 [pool-544-thread-1] INFO  impl.RoleInfo (RoleInfo.java:updateAndGet(139)) - 7cdbd1b5-097b-4b08-9783-327855de8893: start 7cdbd1b5-097b-4b08-9783-327855de8893@group-A09AEB66014F-FollowerState
2022-11-08 06:33:56,531 [pool-544-thread-1] INFO  util.JmxRegister (JmxRegister.java:tryRegister(44)) - Successfully registered JMX Bean with object name Ratis:service=RaftServer,group=group-A09AEB66014F,id=7cdbd1b5-097b-4b08-9783-327855de8893
2022-11-08 06:33:56,531 [7cdbd1b5-097b-4b08-9783-327855de8893@group-A09AEB66014F-FollowerState] INFO  server.RaftServerConfigKeys (ConfUtils.java:logFallback(53)) - raft.server.rpc.first-election.timeout.min = 5s (fallback to raft.server.rpc.timeout.min)
2022-11-08 06:33:56,531 [pool-544-thread-1] INFO  server.RaftServerConfigKeys (ConfUtils.java:logGet(46)) - raft.server.snapshot.auto.trigger.enabled = true (custom)
2022-11-08 06:33:56,531 [7cdbd1b5-097b-4b08-9783-327855de8893@group-A09AEB66014F-FollowerState] INFO  server.RaftServerConfigKeys (ConfUtils.java:logFallback(53)) - raft.server.rpc.first-election.timeout.max = 5200ms (fallback to raft.server.rpc.timeout.max)
2022-11-08 06:33:56,531 [pool-544-thread-1] INFO  server.RaftServerConfigKeys (ConfUtils.java:logGet(46)) - raft.server.snapshot.auto.trigger.threshold = 10000 (custom)
2022-11-08 06:33:56,531 [pool-544-thread-1] INFO  server.RaftServerConfigKeys (ConfUtils.java:logGet(46)) - raft.server.snapshot.retention.file.num = 5 (custom)
2022-11-08 06:33:56,531 [pool-544-thread-1] INFO  server.RaftServerConfigKeys (ConfUtils.java:logGet(46)) - raft.server.log.purge.upto.snapshot.index = false (default)
2022-11-08 06:33:56,532 [Command processor thread] INFO  ratis.XceiverServerRatis (XceiverServerRatis.java:addGroup(765)) - Created group PipelineID=6a7aadb6-ec28-4675-a933-a09aeb66014f
2022-11-08 06:33:56,544 [grpc-default-executor-0] INFO  server.RaftServer (RaftServerProxy.java:addNew(96)) - f5a08da9-e999-4666-9813-af0703791aee: addNew group-A09AEB66014F:[7cdbd1b5-097b-4b08-9783-327855de8893|rpc:10.1.0.244:38963|dataStream:|priority:0|startupRole:FOLLOWER, f5a08da9-e999-4666-9813-af0703791aee|rpc:10.1.0.244:37541|dataStream:|priority:0|startupRole:FOLLOWER, 73b7dc0c-af7c-46fd-8914-03b4db151d45|rpc:10.1.0.244:39667|dataStream:|priority:1|startupRole:FOLLOWER] returns group-A09AEB66014F:java.util.concurrent.CompletableFuture@f951bf0[Not completed]
2022-11-08 06:33:56,545 [pool-567-thread-1] INFO  server.RaftServer$Division (RaftServerImpl.java:<init>(195)) - f5a08da9-e999-4666-9813-af0703791aee: new RaftServerImpl for group-A09AEB66014F:[7cdbd1b5-097b-4b08-9783-327855de8893|rpc:10.1.0.244:38963|dataStream:|priority:0|startupRole:FOLLOWER, f5a08da9-e999-4666-9813-af0703791aee|rpc:10.1.0.244:37541|dataStream:|priority:0|startupRole:FOLLOWER, 73b7dc0c-af7c-46fd-8914-03b4db151d45|rpc:10.1.0.244:39667|dataStream:|priority:1|startupRole:FOLLOWER] with ContainerStateMachine:uninitialized
2022-11-08 06:33:56,545 [pool-567-thread-1] INFO  server.RaftServerConfigKeys (ConfUtils.java:logGet(46)) - raft.server.rpc.timeout.min = 5s (custom)
2022-11-08 06:33:56,545 [pool-567-thread-1] INFO  server.RaftServerConfigKeys (ConfUtils.java:logGet(46)) - raft.server.rpc.timeout.max = 5200ms (custom)
2022-11-08 06:33:56,545 [pool-567-thread-1] INFO  server.RaftServerConfigKeys (ConfUtils.java:logGet(46)) - raft.server.rpc.sleep.time = 25ms (default)
2022-11-08 06:33:56,545 [pool-567-thread-1] INFO  server.RaftServerConfigKeys (ConfUtils.java:logGet(46)) - raft.server.rpc.slowness.timeout = 300s (custom)
2022-11-08 06:33:56,545 [pool-567-thread-1] INFO  server.RaftServerConfigKeys (ConfUtils.java:logGet(46)) - raft.server.leaderelection.leader.step-down.wait-time = 10s (default)
2022-11-08 06:33:56,545 [pool-567-thread-1] INFO  server.RaftServerConfigKeys (ConfUtils.java:logGet(46)) - raft.server.sleep.deviation.threshold = 300ms (default)
2022-11-08 06:33:56,545 [pool-567-thread-1] INFO  server.RaftServer$Division (ServerState.java:<init>(118)) - f5a08da9-e999-4666-9813-af0703791aee@group-A09AEB66014F: ConfigurationManager, init=-1: peers:[7cdbd1b5-097b-4b08-9783-327855de8893|rpc:10.1.0.244:38963|dataStream:|priority:0|startupRole:FOLLOWER, f5a08da9-e999-4666-9813-af0703791aee|rpc:10.1.0.244:37541|dataStream:|priority:0|startupRole:FOLLOWER, 73b7dc0c-af7c-46fd-8914-03b4db151d45|rpc:10.1.0.244:39667|dataStream:|priority:1|startupRole:FOLLOWER]|listeners:[], old=null, confs=<EMPTY_MAP>
2022-11-08 06:33:56,545 [pool-567-thread-1] INFO  server.RaftServerConfigKeys (ConfUtils.java:logGet(46)) - raft.server.storage.dir = [/home/runner/work/ozone/ozone/hadoop-ozone/integration-test/target/test-dir/MiniOzoneClusterImpl-8e06ede3-228e-44b7-a612-3acc89ebc779/datanode-1/data/ratis] (custom)
2022-11-08 06:33:56,545 [pool-567-thread-1] INFO  server.RaftServerConfigKeys (ConfUtils.java:logGet(46)) - raft.server.log.corruption.policy = EXCEPTION (default)
2022-11-08 06:33:56,545 [pool-567-thread-1] INFO  server.RaftServerConfigKeys (ConfUtils.java:logGet(46)) - raft.server.storage.free-space.min = 0MB (=0) (default)
2022-11-08 06:33:56,545 [pool-567-thread-1] INFO  server.RaftServerConfigKeys (ConfUtils.java:logGet(46)) - raft.server.notification.no-leader.timeout = 300s (custom)
2022-11-08 06:33:56,545 [pool-567-thread-1] INFO  server.RaftServerConfigKeys (ConfUtils.java:logGet(46)) - raft.server.retrycache.expirytime = 600000ms (custom)
2022-11-08 06:33:56,545 [pool-567-thread-1] INFO  server.RaftServerConfigKeys (ConfUtils.java:logGet(46)) - raft.server.retrycache.statistics.expirytime = 100μs (default)
2022-11-08 06:33:56,547 [pool-567-thread-1] INFO  server.RaftServerConfigKeys (ConfUtils.java:logGet(46)) - raft.server.log.appender.install.snapshot.enabled = false (custom)
2022-11-08 06:33:56,547 [pool-567-thread-1] INFO  server.RaftServerConfigKeys (ConfUtils.java:logGet(46)) - raft.server.threadpool.server.cached = true (default)
2022-11-08 06:33:56,547 [pool-567-thread-1] INFO  server.RaftServerConfigKeys (ConfUtils.java:logGet(46)) - raft.server.threadpool.server.size = 0 (default)
2022-11-08 06:33:56,547 [pool-567-thread-1] INFO  server.RaftServerConfigKeys (ConfUtils.java:logGet(46)) - raft.server.threadpool.client.cached = true (default)
2022-11-08 06:33:56,547 [pool-567-thread-1] INFO  server.RaftServerConfigKeys (ConfUtils.java:logGet(46)) - raft.server.threadpool.client.size = 0 (default)
2022-11-08 06:33:56,547 [pool-567-thread-1] INFO  storage.RaftStorageDirectory (RaftStorageDirectoryImpl.java:analyzeStorage(137)) - The storage directory /home/runner/work/ozone/ozone/hadoop-ozone/integration-test/target/test-dir/MiniOzoneClusterImpl-8e06ede3-228e-44b7-a612-3acc89ebc779/datanode-1/data/ratis/6a7aadb6-ec28-4675-a933-a09aeb66014f does not exist. Creating ...
2022-11-08 06:33:56,549 [pool-567-thread-1] INFO  storage.RaftStorageDirectory (RaftStorageDirectoryImpl.java:tryLock(231)) - Lock on /home/runner/work/ozone/ozone/hadoop-ozone/integration-test/target/test-dir/MiniOzoneClusterImpl-8e06ede3-228e-44b7-a612-3acc89ebc779/datanode-1/data/ratis/6a7aadb6-ec28-4675-a933-a09aeb66014f/in_use.lock acquired by nodename 12075@fv-az220-111
2022-11-08 06:33:56,551 [pool-567-thread-1] INFO  storage.RaftStorage (RaftStorageImpl.java:format(96)) - Storage directory /home/runner/work/ozone/ozone/hadoop-ozone/integration-test/target/test-dir/MiniOzoneClusterImpl-8e06ede3-228e-44b7-a612-3acc89ebc779/datanode-1/data/ratis/6a7aadb6-ec28-4675-a933-a09aeb66014f has been successfully formatted.
2022-11-08 06:33:56,551 [pool-567-thread-1] INFO  ratis.ContainerStateMachine (ContainerStateMachine.java:loadSnapshot(236)) - group-A09AEB66014F: The snapshot info is null. Setting the last applied indexto:(t:0, i:~)
2022-11-08 06:33:56,551 [pool-567-thread-1] INFO  server.RaftServerConfigKeys (ConfUtils.java:logGet(46)) - raft.server.log.use.memory = false (default)
2022-11-08 06:33:56,551 [pool-567-thread-1] INFO  server.RaftServerConfigKeys (ConfUtils.java:logGet(46)) - raft.server.log.purge.gap = 1000000 (custom)
2022-11-08 06:33:56,551 [pool-567-thread-1] INFO  server.RaftServerConfigKeys (ConfUtils.java:logGet(46)) - raft.server.log.appender.buffer.byte-limit = 33554432 (custom)
2022-11-08 06:33:56,551 [pool-567-thread-1] INFO  server.RaftServerConfigKeys (ConfUtils.java:logGet(46)) - raft.server.log.statemachine.data.read.timeout = 1000ms (default)
2022-11-08 06:33:56,551 [pool-567-thread-1] INFO  server.RaftServerConfigKeys (ConfUtils.java:logGet(46)) - raft.server.log.purge.preservation.log.num = 0 (default)
2022-11-08 06:33:56,552 [pool-567-thread-1] INFO  server.RaftServerConfigKeys (ConfUtils.java:logGet(46)) - raft.server.log.segment.size.max = 1048576 (custom)
2022-11-08 06:33:56,553 [pool-567-thread-1] INFO  server.RaftServerConfigKeys (ConfUtils.java:logGet(46)) - raft.server.log.segment.cache.num.max = 2 (custom)
2022-11-08 06:33:56,553 [pool-567-thread-1] INFO  server.RaftServerConfigKeys (ConfUtils.java:logGet(46)) - raft.server.log.segment.cache.size.max = 200MB (=209715200) (default)
2022-11-08 06:33:56,553 [pool-567-thread-1] INFO  segmented.SegmentedRaftLogWorker (SegmentedRaftLogWorker.java:<init>(191)) - new f5a08da9-e999-4666-9813-af0703791aee@group-A09AEB66014F-SegmentedRaftLogWorker for RaftStorageImpl:Storage Directory /home/runner/work/ozone/ozone/hadoop-ozone/integration-test/target/test-dir/MiniOzoneClusterImpl-8e06ede3-228e-44b7-a612-3acc89ebc779/datanode-1/data/ratis/6a7aadb6-ec28-4675-a933-a09aeb66014f
2022-11-08 06:33:56,553 [pool-567-thread-1] INFO  server.RaftServerConfigKeys (ConfUtils.java:logGet(46)) - raft.server.log.queue.byte-limit = 4294967296 (custom)
2022-11-08 06:33:56,553 [pool-567-thread-1] INFO  server.RaftServerConfigKeys (ConfUtils.java:logGet(46)) - raft.server.log.queue.element-limit = 1024 (custom)
2022-11-08 06:33:56,553 [pool-567-thread-1] INFO  server.RaftServerConfigKeys (ConfUtils.java:logGet(46)) - raft.server.log.segment.size.max = 1048576 (custom)
2022-11-08 06:33:56,553 [pool-567-thread-1] INFO  server.RaftServerConfigKeys (ConfUtils.java:logGet(46)) - raft.server.log.preallocated.size = 16384 (custom)
2022-11-08 06:33:56,553 [pool-567-thread-1] INFO  server.RaftServerConfigKeys (ConfUtils.java:logGet(46)) - raft.server.log.force.sync.num = 128 (default)
2022-11-08 06:33:56,553 [pool-567-thread-1] INFO  server.RaftServerConfigKeys (ConfUtils.java:logGet(46)) - raft.server.log.statemachine.data.sync = true (default)
2022-11-08 06:33:56,553 [pool-567-thread-1] INFO  server.RaftServerConfigKeys (ConfUtils.java:logGet(46)) - raft.server.log.statemachine.data.sync.timeout = 10s (default)
2022-11-08 06:33:56,553 [pool-567-thread-1] INFO  server.RaftServerConfigKeys (ConfUtils.java:logGet(46)) - raft.server.log.statemachine.data.sync.timeout.retry = -1 (default)
2022-11-08 06:33:56,555 [pool-567-thread-1] INFO  server.RaftServerConfigKeys (ConfUtils.java:logGet(46)) - raft.server.log.write.buffer.size = 1048576 (custom)
2022-11-08 06:33:56,555 [pool-567-thread-1] INFO  server.RaftServerConfigKeys (ConfUtils.java:logGet(46)) - raft.server.log.unsafe-flush.enabled = false (default)
2022-11-08 06:33:56,555 [pool-567-thread-1] INFO  server.RaftServerConfigKeys (ConfUtils.java:logGet(46)) - raft.server.log.async-flush.enabled = false (default)
2022-11-08 06:33:56,555 [pool-567-thread-1] INFO  server.RaftServerConfigKeys (ConfUtils.java:logGet(46)) - raft.server.log.statemachine.data.caching.enabled = true (custom)
2022-11-08 06:33:56,556 [pool-567-thread-1] INFO  segmented.SegmentedRaftLogWorker (SegmentedRaftLogWorker.java:lambda$new$0(136)) - f5a08da9-e999-4666-9813-af0703791aee@group-A09AEB66014F-SegmentedRaftLogWorker: flushIndex: setUnconditionally 0 -> -1
2022-11-08 06:33:56,556 [pool-567-thread-1] INFO  segmented.SegmentedRaftLogWorker (SegmentedRaftLogWorker.java:lambda$new$0(136)) - f5a08da9-e999-4666-9813-af0703791aee@group-A09AEB66014F-SegmentedRaftLogWorker: safeCacheEvictIndex: setUnconditionally 0 -> -1
2022-11-08 06:33:56,558 [pool-567-thread-1] INFO  server.RaftServer$Division (RaftServerImpl.java:start(334)) - f5a08da9-e999-4666-9813-af0703791aee@group-A09AEB66014F: start as a follower, conf=-1: peers:[7cdbd1b5-097b-4b08-9783-327855de8893|rpc:10.1.0.244:38963|dataStream:|priority:0|startupRole:FOLLOWER, f5a08da9-e999-4666-9813-af0703791aee|rpc:10.1.0.244:37541|dataStream:|priority:0|startupRole:FOLLOWER, 73b7dc0c-af7c-46fd-8914-03b4db151d45|rpc:10.1.0.244:39667|dataStream:|priority:1|startupRole:FOLLOWER]|listeners:[], old=null
2022-11-08 06:33:56,558 [pool-567-thread-1] INFO  server.RaftServer$Division (RaftServerImpl.java:setRole(321)) - f5a08da9-e999-4666-9813-af0703791aee@group-A09AEB66014F: changes role from      null to FOLLOWER at term 0 for startAsFollower
2022-11-08 06:33:56,558 [pool-567-thread-1] INFO  impl.RoleInfo (RoleInfo.java:updateAndGet(139)) - f5a08da9-e999-4666-9813-af0703791aee: start f5a08da9-e999-4666-9813-af0703791aee@group-A09AEB66014F-FollowerState
2022-11-08 06:33:56,561 [pool-567-thread-1] INFO  util.JmxRegister (JmxRegister.java:tryRegister(44)) - Successfully registered JMX Bean with object name Ratis:service=RaftServer,group=group-A09AEB66014F,id=f5a08da9-e999-4666-9813-af0703791aee
2022-11-08 06:33:56,561 [pool-567-thread-1] INFO  server.RaftServerConfigKeys (ConfUtils.java:logGet(46)) - raft.server.snapshot.auto.trigger.enabled = true (custom)
2022-11-08 06:33:56,561 [pool-567-thread-1] INFO  server.RaftServerConfigKeys (ConfUtils.java:logGet(46)) - raft.server.snapshot.auto.trigger.threshold = 10000 (custom)
2022-11-08 06:33:56,561 [pool-567-thread-1] INFO  server.RaftServerConfigKeys (ConfUtils.java:logGet(46)) - raft.server.snapshot.retention.file.num = 5 (custom)
2022-11-08 06:33:56,561 [pool-567-thread-1] INFO  server.RaftServerConfigKeys (ConfUtils.java:logGet(46)) - raft.server.log.purge.upto.snapshot.index = false (default)
2022-11-08 06:33:56,562 [f5a08da9-e999-4666-9813-af0703791aee@group-A09AEB66014F-FollowerState] INFO  server.RaftServerConfigKeys (ConfUtils.java:logFallback(53)) - raft.server.rpc.first-election.timeout.min = 5s (fallback to raft.server.rpc.timeout.min)
2022-11-08 06:33:56,562 [f5a08da9-e999-4666-9813-af0703791aee@group-A09AEB66014F-FollowerState] INFO  server.RaftServerConfigKeys (ConfUtils.java:logFallback(53)) - raft.server.rpc.first-election.timeout.max = 5200ms (fallback to raft.server.rpc.timeout.max)
2022-11-08 06:33:56,583 [grpc-default-executor-0] INFO  server.RaftServer (RaftServerProxy.java:addNew(96)) - 73b7dc0c-af7c-46fd-8914-03b4db151d45: addNew group-A09AEB66014F:[7cdbd1b5-097b-4b08-9783-327855de8893|rpc:10.1.0.244:38963|dataStream:|priority:0|startupRole:FOLLOWER, f5a08da9-e999-4666-9813-af0703791aee|rpc:10.1.0.244:37541|dataStream:|priority:0|startupRole:FOLLOWER, 73b7dc0c-af7c-46fd-8914-03b4db151d45|rpc:10.1.0.244:39667|dataStream:|priority:1|startupRole:FOLLOWER] returns group-A09AEB66014F:java.util.concurrent.CompletableFuture@3c8a72a3[Not completed]
2022-11-08 06:33:56,584 [pool-590-thread-1] INFO  server.RaftServer$Division (RaftServerImpl.java:<init>(195)) - 73b7dc0c-af7c-46fd-8914-03b4db151d45: new RaftServerImpl for group-A09AEB66014F:[7cdbd1b5-097b-4b08-9783-327855de8893|rpc:10.1.0.244:38963|dataStream:|priority:0|startupRole:FOLLOWER, f5a08da9-e999-4666-9813-af0703791aee|rpc:10.1.0.244:37541|dataStream:|priority:0|startupRole:FOLLOWER, 73b7dc0c-af7c-46fd-8914-03b4db151d45|rpc:10.1.0.244:39667|dataStream:|priority:1|startupRole:FOLLOWER] with ContainerStateMachine:uninitialized
2022-11-08 06:33:56,584 [pool-590-thread-1] INFO  server.RaftServerConfigKeys (ConfUtils.java:logGet(46)) - raft.server.rpc.timeout.min = 5s (custom)
2022-11-08 06:33:56,584 [pool-590-thread-1] INFO  server.RaftServerConfigKeys (ConfUtils.java:logGet(46)) - raft.server.rpc.timeout.max = 5200ms (custom)
2022-11-08 06:33:56,584 [pool-590-thread-1] INFO  server.RaftServerConfigKeys (ConfUtils.java:logGet(46)) - raft.server.rpc.sleep.time = 25ms (default)
2022-11-08 06:33:56,584 [pool-590-thread-1] INFO  server.RaftServerConfigKeys (ConfUtils.java:logGet(46)) - raft.server.rpc.slowness.timeout = 300s (custom)
2022-11-08 06:33:56,584 [pool-590-thread-1] INFO  server.RaftServerConfigKeys (ConfUtils.java:logGet(46)) - raft.server.leaderelection.leader.step-down.wait-time = 10s (default)
2022-11-08 06:33:56,584 [pool-590-thread-1] INFO  server.RaftServerConfigKeys (ConfUtils.java:logGet(46)) - raft.server.sleep.deviation.threshold = 300ms (default)
2022-11-08 06:33:56,584 [pool-590-thread-1] INFO  server.RaftServer$Division (ServerState.java:<init>(118)) - 73b7dc0c-af7c-46fd-8914-03b4db151d45@group-A09AEB66014F: ConfigurationManager, init=-1: peers:[7cdbd1b5-097b-4b08-9783-327855de8893|rpc:10.1.0.244:38963|dataStream:|priority:0|startupRole:FOLLOWER, f5a08da9-e999-4666-9813-af0703791aee|rpc:10.1.0.244:37541|dataStream:|priority:0|startupRole:FOLLOWER, 73b7dc0c-af7c-46fd-8914-03b4db151d45|rpc:10.1.0.244:39667|dataStream:|priority:1|startupRole:FOLLOWER]|listeners:[], old=null, confs=<EMPTY_MAP>
2022-11-08 06:33:56,584 [pool-590-thread-1] INFO  server.RaftServerConfigKeys (ConfUtils.java:logGet(46)) - raft.server.storage.dir = [/home/runner/work/ozone/ozone/hadoop-ozone/integration-test/target/test-dir/MiniOzoneClusterImpl-8e06ede3-228e-44b7-a612-3acc89ebc779/datanode-2/data/ratis] (custom)
2022-11-08 06:33:56,584 [pool-590-thread-1] INFO  server.RaftServerConfigKeys (ConfUtils.java:logGet(46)) - raft.server.log.corruption.policy = EXCEPTION (default)
2022-11-08 06:33:56,584 [pool-590-thread-1] INFO  server.RaftServerConfigKeys (ConfUtils.java:logGet(46)) - raft.server.storage.free-space.min = 0MB (=0) (default)
2022-11-08 06:33:56,585 [pool-590-thread-1] INFO  server.RaftServerConfigKeys (ConfUtils.java:logGet(46)) - raft.server.notification.no-leader.timeout = 300s (custom)
2022-11-08 06:33:56,585 [pool-590-thread-1] INFO  server.RaftServerConfigKeys (ConfUtils.java:logGet(46)) - raft.server.retrycache.expirytime = 600000ms (custom)
2022-11-08 06:33:56,585 [pool-590-thread-1] INFO  server.RaftServerConfigKeys (ConfUtils.java:logGet(46)) - raft.server.retrycache.statistics.expirytime = 100μs (default)
2022-11-08 06:33:56,586 [pool-590-thread-1] INFO  server.RaftServerConfigKeys (ConfUtils.java:logGet(46)) - raft.server.log.appender.install.snapshot.enabled = false (custom)
2022-11-08 06:33:56,586 [pool-590-thread-1] INFO  server.RaftServerConfigKeys (ConfUtils.java:logGet(46)) - raft.server.threadpool.server.cached = true (default)
2022-11-08 06:33:56,586 [pool-590-thread-1] INFO  server.RaftServerConfigKeys (ConfUtils.java:logGet(46)) - raft.server.threadpool.server.size = 0 (default)
2022-11-08 06:33:56,586 [pool-590-thread-1] INFO  server.RaftServerConfigKeys (ConfUtils.java:logGet(46)) - raft.server.threadpool.client.cached = true (default)
2022-11-08 06:33:56,586 [pool-590-thread-1] INFO  server.RaftServerConfigKeys (ConfUtils.java:logGet(46)) - raft.server.threadpool.client.size = 0 (default)
2022-11-08 06:33:56,586 [pool-590-thread-1] INFO  storage.RaftStorageDirectory (RaftStorageDirectoryImpl.java:analyzeStorage(137)) - The storage directory /home/runner/work/ozone/ozone/hadoop-ozone/integration-test/target/test-dir/MiniOzoneClusterImpl-8e06ede3-228e-44b7-a612-3acc89ebc779/datanode-2/data/ratis/6a7aadb6-ec28-4675-a933-a09aeb66014f does not exist. Creating ...
2022-11-08 06:33:56,588 [pool-590-thread-1] INFO  storage.RaftStorageDirectory (RaftStorageDirectoryImpl.java:tryLock(231)) - Lock on /home/runner/work/ozone/ozone/hadoop-ozone/integration-test/target/test-dir/MiniOzoneClusterImpl-8e06ede3-228e-44b7-a612-3acc89ebc779/datanode-2/data/ratis/6a7aadb6-ec28-4675-a933-a09aeb66014f/in_use.lock acquired by nodename 12075@fv-az220-111
2022-11-08 06:33:56,591 [pool-590-thread-1] INFO  storage.RaftStorage (RaftStorageImpl.java:format(96)) - Storage directory /home/runner/work/ozone/ozone/hadoop-ozone/integration-test/target/test-dir/MiniOzoneClusterImpl-8e06ede3-228e-44b7-a612-3acc89ebc779/datanode-2/data/ratis/6a7aadb6-ec28-4675-a933-a09aeb66014f has been successfully formatted.
2022-11-08 06:33:56,591 [pool-590-thread-1] INFO  ratis.ContainerStateMachine (ContainerStateMachine.java:loadSnapshot(236)) - group-A09AEB66014F: The snapshot info is null. Setting the last applied indexto:(t:0, i:~)
2022-11-08 06:33:56,591 [pool-590-thread-1] INFO  server.RaftServerConfigKeys (ConfUtils.java:logGet(46)) - raft.server.log.use.memory = false (default)
2022-11-08 06:33:56,594 [pool-590-thread-1] INFO  server.RaftServerConfigKeys (ConfUtils.java:logGet(46)) - raft.server.log.purge.gap = 1000000 (custom)
2022-11-08 06:33:56,594 [pool-590-thread-1] INFO  server.RaftServerConfigKeys (ConfUtils.java:logGet(46)) - raft.server.log.appender.buffer.byte-limit = 33554432 (custom)
2022-11-08 06:33:56,594 [pool-590-thread-1] INFO  server.RaftServerConfigKeys (ConfUtils.java:logGet(46)) - raft.server.log.statemachine.data.read.timeout = 1000ms (default)
2022-11-08 06:33:56,594 [pool-590-thread-1] INFO  server.RaftServerConfigKeys (ConfUtils.java:logGet(46)) - raft.server.log.purge.preservation.log.num = 0 (default)
2022-11-08 06:33:56,594 [pool-590-thread-1] INFO  server.RaftServerConfigKeys (ConfUtils.java:logGet(46)) - raft.server.log.segment.size.max = 1048576 (custom)
2022-11-08 06:33:56,595 [pool-590-thread-1] INFO  server.RaftServerConfigKeys (ConfUtils.java:logGet(46)) - raft.server.log.segment.cache.num.max = 2 (custom)
2022-11-08 06:33:56,595 [pool-590-thread-1] INFO  server.RaftServerConfigKeys (ConfUtils.java:logGet(46)) - raft.server.log.segment.cache.size.max = 200MB (=209715200) (default)
2022-11-08 06:33:56,595 [pool-590-thread-1] INFO  segmented.SegmentedRaftLogWorker (SegmentedRaftLogWorker.java:<init>(191)) - new 73b7dc0c-af7c-46fd-8914-03b4db151d45@group-A09AEB66014F-SegmentedRaftLogWorker for RaftStorageImpl:Storage Directory /home/runner/work/ozone/ozone/hadoop-ozone/integration-test/target/test-dir/MiniOzoneClusterImpl-8e06ede3-228e-44b7-a612-3acc89ebc779/datanode-2/data/ratis/6a7aadb6-ec28-4675-a933-a09aeb66014f
2022-11-08 06:33:56,595 [pool-590-thread-1] INFO  server.RaftServerConfigKeys (ConfUtils.java:logGet(46)) - raft.server.log.queue.byte-limit = 4294967296 (custom)
2022-11-08 06:33:56,595 [pool-590-thread-1] INFO  server.RaftServerConfigKeys (ConfUtils.java:logGet(46)) - raft.server.log.queue.element-limit = 1024 (custom)
2022-11-08 06:33:56,595 [pool-590-thread-1] INFO  server.RaftServerConfigKeys (ConfUtils.java:logGet(46)) - raft.server.log.segment.size.max = 1048576 (custom)
2022-11-08 06:33:56,595 [pool-590-thread-1] INFO  server.RaftServerConfigKeys (ConfUtils.java:logGet(46)) - raft.server.log.preallocated.size = 16384 (custom)
2022-11-08 06:33:56,595 [pool-590-thread-1] INFO  server.RaftServerConfigKeys (ConfUtils.java:logGet(46)) - raft.server.log.force.sync.num = 128 (default)
2022-11-08 06:33:56,595 [pool-590-thread-1] INFO  server.RaftServerConfigKeys (ConfUtils.java:logGet(46)) - raft.server.log.statemachine.data.sync = true (default)
2022-11-08 06:33:56,595 [pool-590-thread-1] INFO  server.RaftServerConfigKeys (ConfUtils.java:logGet(46)) - raft.server.log.statemachine.data.sync.timeout = 10s (default)
2022-11-08 06:33:56,595 [pool-590-thread-1] INFO  server.RaftServerConfigKeys (ConfUtils.java:logGet(46)) - raft.server.log.statemachine.data.sync.timeout.retry = -1 (default)
2022-11-08 06:33:56,596 [pool-590-thread-1] INFO  server.RaftServerConfigKeys (ConfUtils.java:logGet(46)) - raft.server.log.write.buffer.size = 1048576 (custom)
2022-11-08 06:33:56,597 [pool-590-thread-1] INFO  server.RaftServerConfigKeys (ConfUtils.java:logGet(46)) - raft.server.log.unsafe-flush.enabled = false (default)
2022-11-08 06:33:56,597 [pool-590-thread-1] INFO  server.RaftServerConfigKeys (ConfUtils.java:logGet(46)) - raft.server.log.async-flush.enabled = false (default)
2022-11-08 06:33:56,597 [pool-590-thread-1] INFO  server.RaftServerConfigKeys (ConfUtils.java:logGet(46)) - raft.server.log.statemachine.data.caching.enabled = true (custom)
2022-11-08 06:33:56,597 [pool-590-thread-1] INFO  segmented.SegmentedRaftLogWorker (SegmentedRaftLogWorker.java:lambda$new$0(136)) - 73b7dc0c-af7c-46fd-8914-03b4db151d45@group-A09AEB66014F-SegmentedRaftLogWorker: flushIndex: setUnconditionally 0 -> -1
2022-11-08 06:33:56,597 [pool-590-thread-1] INFO  segmented.SegmentedRaftLogWorker (SegmentedRaftLogWorker.java:lambda$new$0(136)) - 73b7dc0c-af7c-46fd-8914-03b4db151d45@group-A09AEB66014F-SegmentedRaftLogWorker: safeCacheEvictIndex: setUnconditionally 0 -> -1
2022-11-08 06:33:56,597 [pool-590-thread-1] INFO  server.RaftServer$Division (RaftServerImpl.java:start(334)) - 73b7dc0c-af7c-46fd-8914-03b4db151d45@group-A09AEB66014F: start as a follower, conf=-1: peers:[7cdbd1b5-097b-4b08-9783-327855de8893|rpc:10.1.0.244:38963|dataStream:|priority:0|startupRole:FOLLOWER, f5a08da9-e999-4666-9813-af0703791aee|rpc:10.1.0.244:37541|dataStream:|priority:0|startupRole:FOLLOWER, 73b7dc0c-af7c-46fd-8914-03b4db151d45|rpc:10.1.0.244:39667|dataStream:|priority:1|startupRole:FOLLOWER]|listeners:[], old=null
2022-11-08 06:33:56,597 [pool-590-thread-1] INFO  server.RaftServer$Division (RaftServerImpl.java:setRole(321)) - 73b7dc0c-af7c-46fd-8914-03b4db151d45@group-A09AEB66014F: changes role from      null to FOLLOWER at term 0 for startAsFollower
2022-11-08 06:33:56,598 [pool-590-thread-1] INFO  impl.RoleInfo (RoleInfo.java:updateAndGet(139)) - 73b7dc0c-af7c-46fd-8914-03b4db151d45: start 73b7dc0c-af7c-46fd-8914-03b4db151d45@group-A09AEB66014F-FollowerState
2022-11-08 06:33:56,600 [pool-590-thread-1] INFO  util.JmxRegister (JmxRegister.java:tryRegister(44)) - Successfully registered JMX Bean with object name Ratis:service=RaftServer,group=group-A09AEB66014F,id=73b7dc0c-af7c-46fd-8914-03b4db151d45
2022-11-08 06:33:56,600 [pool-590-thread-1] INFO  server.RaftServerConfigKeys (ConfUtils.java:logGet(46)) - raft.server.snapshot.auto.trigger.enabled = true (custom)
2022-11-08 06:33:56,600 [pool-590-thread-1] INFO  server.RaftServerConfigKeys (ConfUtils.java:logGet(46)) - raft.server.snapshot.auto.trigger.threshold = 10000 (custom)
2022-11-08 06:33:56,600 [pool-590-thread-1] INFO  server.RaftServerConfigKeys (ConfUtils.java:logGet(46)) - raft.server.snapshot.retention.file.num = 5 (custom)
2022-11-08 06:33:56,600 [pool-590-thread-1] INFO  server.RaftServerConfigKeys (ConfUtils.java:logGet(46)) - raft.server.log.purge.upto.snapshot.index = false (default)
2022-11-08 06:33:56,601 [73b7dc0c-af7c-46fd-8914-03b4db151d45@group-A09AEB66014F-FollowerState] INFO  server.RaftServerConfigKeys (ConfUtils.java:logFallback(53)) - raft.server.rpc.first-election.timeout.min = 5s (fallback to raft.server.rpc.timeout.min)
2022-11-08 06:33:56,601 [73b7dc0c-af7c-46fd-8914-03b4db151d45@group-A09AEB66014F-FollowerState] INFO  server.RaftServerConfigKeys (ConfUtils.java:logFallback(53)) - raft.server.rpc.first-election.timeout.max = 5200ms (fallback to raft.server.rpc.timeout.max)
2022-11-08 06:33:56,606 [Command processor thread] INFO  commandhandler.CreatePipelineCommandHandler (CreatePipelineCommandHandler.java:handle(113)) - Created Pipeline RATIS THREE PipelineID=6a7aadb6-ec28-4675-a933-a09aeb66014f.
2022-11-08 06:33:57,246 [Listener at 127.0.0.1/44321] INFO  ozone.MiniOzoneClusterImpl (MiniOzoneClusterImpl.java:lambda$waitForClusterToBeReady$0(216)) - Nodes are ready. Got 6 of 6 DN Heartbeats.
2022-11-08 06:33:57,246 [Listener at 127.0.0.1/44321] INFO  ozone.MiniOzoneClusterImpl (MiniOzoneClusterImpl.java:lambda$waitForClusterToBeReady$0(219)) - Waiting for cluster to exit safe mode
2022-11-08 06:33:57,246 [Listener at 127.0.0.1/44321] INFO  ozone.MiniOzoneClusterImpl (MiniOzoneClusterImpl.java:lambda$waitForClusterToBeReady$0(221)) - SCM became leader
2022-11-08 06:33:57,557 [Command processor thread] INFO  server.RaftServer (RaftServerProxy.java:addNew(96)) - 8077194d-366f-483b-b4d6-5a7a28c3c7f8: addNew group-FBDB94237A5E:[193b940e-06e0-49a5-9247-5c39d5b56c1b|rpc:10.1.0.244:41285|priority:1|startupRole:FOLLOWER, d15a650e-2ebd-40cb-9b6d-ba61193ce2f9|rpc:10.1.0.244:33395|priority:0|startupRole:FOLLOWER, 8077194d-366f-483b-b4d6-5a7a28c3c7f8|rpc:10.1.0.244:38223|priority:0|startupRole:FOLLOWER] returns group-FBDB94237A5E:java.util.concurrent.CompletableFuture@5198ea0c[Not completed]
2022-11-08 06:33:57,558 [pool-613-thread-1] INFO  server.RaftServer$Division (RaftServerImpl.java:<init>(195)) - 8077194d-366f-483b-b4d6-5a7a28c3c7f8: new RaftServerImpl for group-FBDB94237A5E:[193b940e-06e0-49a5-9247-5c39d5b56c1b|rpc:10.1.0.244:41285|priority:1|startupRole:FOLLOWER, d15a650e-2ebd-40cb-9b6d-ba61193ce2f9|rpc:10.1.0.244:33395|priority:0|startupRole:FOLLOWER, 8077194d-366f-483b-b4d6-5a7a28c3c7f8|rpc:10.1.0.244:38223|priority:0|startupRole:FOLLOWER] with ContainerStateMachine:uninitialized
2022-11-08 06:33:57,559 [pool-613-thread-1] INFO  server.RaftServerConfigKeys (ConfUtils.java:logGet(46)) - raft.server.rpc.timeout.min = 5s (custom)
2022-11-08 06:33:57,559 [pool-613-thread-1] INFO  server.RaftServerConfigKeys (ConfUtils.java:logGet(46)) - raft.server.rpc.timeout.max = 5200ms (custom)
2022-11-08 06:33:57,559 [pool-613-thread-1] INFO  server.RaftServerConfigKeys (ConfUtils.java:logGet(46)) - raft.server.rpc.sleep.time = 25ms (default)
2022-11-08 06:33:57,559 [pool-613-thread-1] INFO  server.RaftServerConfigKeys (ConfUtils.java:logGet(46)) - raft.server.rpc.slowness.timeout = 300s (custom)
2022-11-08 06:33:57,559 [pool-613-thread-1] INFO  server.RaftServerConfigKeys (ConfUtils.java:logGet(46)) - raft.server.leaderelection.leader.step-down.wait-time = 10s (default)
2022-11-08 06:33:57,559 [pool-613-thread-1] INFO  server.RaftServerConfigKeys (ConfUtils.java:logGet(46)) - raft.server.sleep.deviation.threshold = 300ms (default)
2022-11-08 06:33:57,559 [pool-613-thread-1] INFO  server.RaftServer$Division (ServerState.java:<init>(118)) - 8077194d-366f-483b-b4d6-5a7a28c3c7f8@group-FBDB94237A5E: ConfigurationManager, init=-1: peers:[193b940e-06e0-49a5-9247-5c39d5b56c1b|rpc:10.1.0.244:41285|priority:1|startupRole:FOLLOWER, d15a650e-2ebd-40cb-9b6d-ba61193ce2f9|rpc:10.1.0.244:33395|priority:0|startupRole:FOLLOWER, 8077194d-366f-483b-b4d6-5a7a28c3c7f8|rpc:10.1.0.244:38223|priority:0|startupRole:FOLLOWER]|listeners:[], old=null, confs=<EMPTY_MAP>
2022-11-08 06:33:57,559 [pool-613-thread-1] INFO  server.RaftServerConfigKeys (ConfUtils.java:logGet(46)) - raft.server.storage.dir = [/home/runner/work/ozone/ozone/hadoop-ozone/integration-test/target/test-dir/MiniOzoneClusterImpl-8e06ede3-228e-44b7-a612-3acc89ebc779/datanode-3/data/ratis] (custom)
2022-11-08 06:33:57,559 [pool-613-thread-1] INFO  server.RaftServerConfigKeys (ConfUtils.java:logGet(46)) - raft.server.log.corruption.policy = EXCEPTION (default)
2022-11-08 06:33:57,559 [pool-613-thread-1] INFO  server.RaftServerConfigKeys (ConfUtils.java:logGet(46)) - raft.server.storage.free-space.min = 0MB (=0) (default)
2022-11-08 06:33:57,559 [pool-613-thread-1] INFO  server.RaftServerConfigKeys (ConfUtils.java:logGet(46)) - raft.server.notification.no-leader.timeout = 300s (custom)
2022-11-08 06:33:57,559 [pool-613-thread-1] INFO  server.RaftServerConfigKeys (ConfUtils.java:logGet(46)) - raft.server.retrycache.expirytime = 600000ms (custom)
2022-11-08 06:33:57,559 [pool-613-thread-1] INFO  server.RaftServerConfigKeys (ConfUtils.java:logGet(46)) - raft.server.retrycache.statistics.expirytime = 100μs (default)
2022-11-08 06:33:57,561 [pool-613-thread-1] INFO  server.RaftServerConfigKeys (ConfUtils.java:logGet(46)) - raft.server.log.appender.install.snapshot.enabled = false (custom)
2022-11-08 06:33:57,561 [pool-613-thread-1] INFO  server.RaftServerConfigKeys (ConfUtils.java:logGet(46)) - raft.server.threadpool.server.cached = true (default)
2022-11-08 06:33:57,561 [pool-613-thread-1] INFO  server.RaftServerConfigKeys (ConfUtils.java:logGet(46)) - raft.server.threadpool.server.size = 0 (default)
2022-11-08 06:33:57,561 [pool-613-thread-1] INFO  server.RaftServerConfigKeys (ConfUtils.java:logGet(46)) - raft.server.threadpool.client.cached = true (default)
2022-11-08 06:33:57,561 [pool-613-thread-1] INFO  server.RaftServerConfigKeys (ConfUtils.java:logGet(46)) - raft.server.threadpool.client.size = 0 (default)
2022-11-08 06:33:57,561 [pool-613-thread-1] INFO  storage.RaftStorageDirectory (RaftStorageDirectoryImpl.java:analyzeStorage(137)) - The storage directory /home/runner/work/ozone/ozone/hadoop-ozone/integration-test/target/test-dir/MiniOzoneClusterImpl-8e06ede3-228e-44b7-a612-3acc89ebc779/datanode-3/data/ratis/b9dd9320-e1e2-41f1-aa16-fbdb94237a5e does not exist. Creating ...
2022-11-08 06:33:57,563 [pool-613-thread-1] INFO  storage.RaftStorageDirectory (RaftStorageDirectoryImpl.java:tryLock(231)) - Lock on /home/runner/work/ozone/ozone/hadoop-ozone/integration-test/target/test-dir/MiniOzoneClusterImpl-8e06ede3-228e-44b7-a612-3acc89ebc779/datanode-3/data/ratis/b9dd9320-e1e2-41f1-aa16-fbdb94237a5e/in_use.lock acquired by nodename 12075@fv-az220-111
2022-11-08 06:33:57,565 [pool-613-thread-1] INFO  storage.RaftStorage (RaftStorageImpl.java:format(96)) - Storage directory /home/runner/work/ozone/ozone/hadoop-ozone/integration-test/target/test-dir/MiniOzoneClusterImpl-8e06ede3-228e-44b7-a612-3acc89ebc779/datanode-3/data/ratis/b9dd9320-e1e2-41f1-aa16-fbdb94237a5e has been successfully formatted.
2022-11-08 06:33:57,566 [pool-613-thread-1] INFO  ratis.ContainerStateMachine (ContainerStateMachine.java:loadSnapshot(236)) - group-FBDB94237A5E: The snapshot info is null. Setting the last applied indexto:(t:0, i:~)
2022-11-08 06:33:57,566 [pool-613-thread-1] INFO  server.RaftServerConfigKeys (ConfUtils.java:logGet(46)) - raft.server.log.use.memory = false (default)
2022-11-08 06:33:57,567 [pool-613-thread-1] INFO  server.RaftServerConfigKeys (ConfUtils.java:logGet(46)) - raft.server.log.purge.gap = 1000000 (custom)
2022-11-08 06:33:57,567 [pool-613-thread-1] INFO  server.RaftServerConfigKeys (ConfUtils.java:logGet(46)) - raft.server.log.appender.buffer.byte-limit = 33554432 (custom)
2022-11-08 06:33:57,567 [pool-613-thread-1] INFO  server.RaftServerConfigKeys (ConfUtils.java:logGet(46)) - raft.server.log.statemachine.data.read.timeout = 1000ms (default)
2022-11-08 06:33:57,567 [pool-613-thread-1] INFO  server.RaftServerConfigKeys (ConfUtils.java:logGet(46)) - raft.server.log.purge.preservation.log.num = 0 (default)
2022-11-08 06:33:57,568 [pool-613-thread-1] INFO  server.RaftServerConfigKeys (ConfUtils.java:logGet(46)) - raft.server.log.segment.size.max = 1048576 (custom)
2022-11-08 06:33:57,568 [pool-613-thread-1] INFO  server.RaftServerConfigKeys (ConfUtils.java:logGet(46)) - raft.server.log.segment.cache.num.max = 2 (custom)
2022-11-08 06:33:57,569 [pool-613-thread-1] INFO  server.RaftServerConfigKeys (ConfUtils.java:logGet(46)) - raft.server.log.segment.cache.size.max = 200MB (=209715200) (default)
2022-11-08 06:33:57,569 [pool-613-thread-1] INFO  segmented.SegmentedRaftLogWorker (SegmentedRaftLogWorker.java:<init>(191)) - new 8077194d-366f-483b-b4d6-5a7a28c3c7f8@group-FBDB94237A5E-SegmentedRaftLogWorker for RaftStorageImpl:Storage Directory /home/runner/work/ozone/ozone/hadoop-ozone/integration-test/target/test-dir/MiniOzoneClusterImpl-8e06ede3-228e-44b7-a612-3acc89ebc779/datanode-3/data/ratis/b9dd9320-e1e2-41f1-aa16-fbdb94237a5e
2022-11-08 06:33:57,569 [pool-613-thread-1] INFO  server.RaftServerConfigKeys (ConfUtils.java:logGet(46)) - raft.server.log.queue.byte-limit = 4294967296 (custom)
2022-11-08 06:33:57,569 [pool-613-thread-1] INFO  server.RaftServerConfigKeys (ConfUtils.java:logGet(46)) - raft.server.log.queue.element-limit = 1024 (custom)
2022-11-08 06:33:57,569 [pool-613-thread-1] INFO  server.RaftServerConfigKeys (ConfUtils.java:logGet(46)) - raft.server.log.segment.size.max = 1048576 (custom)
2022-11-08 06:33:57,569 [pool-613-thread-1] INFO  server.RaftServerConfigKeys (ConfUtils.java:logGet(46)) - raft.server.log.preallocated.size = 16384 (custom)
2022-11-08 06:33:57,569 [pool-613-thread-1] INFO  server.RaftServerConfigKeys (ConfUtils.java:logGet(46)) - raft.server.log.force.sync.num = 128 (default)
2022-11-08 06:33:57,569 [pool-613-thread-1] INFO  server.RaftServerConfigKeys (ConfUtils.java:logGet(46)) - raft.server.log.statemachine.data.sync = true (default)
2022-11-08 06:33:57,569 [pool-613-thread-1] INFO  server.RaftServerConfigKeys (ConfUtils.java:logGet(46)) - raft.server.log.statemachine.data.sync.timeout = 10s (default)
2022-11-08 06:33:57,569 [pool-613-thread-1] INFO  server.RaftServerConfigKeys (ConfUtils.java:logGet(46)) - raft.server.log.statemachine.data.sync.timeout.retry = -1 (default)
2022-11-08 06:33:57,570 [pool-613-thread-1] INFO  server.RaftServerConfigKeys (ConfUtils.java:logGet(46)) - raft.server.log.write.buffer.size = 1048576 (custom)
2022-11-08 06:33:57,571 [pool-613-thread-1] INFO  server.RaftServerConfigKeys (ConfUtils.java:logGet(46)) - raft.server.log.unsafe-flush.enabled = false (default)
2022-11-08 06:33:57,571 [pool-613-thread-1] INFO  server.RaftServerConfigKeys (ConfUtils.java:logGet(46)) - raft.server.log.async-flush.enabled = false (default)
2022-11-08 06:33:57,571 [pool-613-thread-1] INFO  server.RaftServerConfigKeys (ConfUtils.java:logGet(46)) - raft.server.log.statemachine.data.caching.enabled = true (custom)
2022-11-08 06:33:57,571 [pool-613-thread-1] INFO  segmented.SegmentedRaftLogWorker (SegmentedRaftLogWorker.java:lambda$new$0(136)) - 8077194d-366f-483b-b4d6-5a7a28c3c7f8@group-FBDB94237A5E-SegmentedRaftLogWorker: flushIndex: setUnconditionally 0 -> -1
2022-11-08 06:33:57,571 [pool-613-thread-1] INFO  segmented.SegmentedRaftLogWorker (SegmentedRaftLogWorker.java:lambda$new$0(136)) - 8077194d-366f-483b-b4d6-5a7a28c3c7f8@group-FBDB94237A5E-SegmentedRaftLogWorker: safeCacheEvictIndex: setUnconditionally 0 -> -1
2022-11-08 06:33:57,571 [pool-613-thread-1] INFO  server.RaftServer$Division (RaftServerImpl.java:start(334)) - 8077194d-366f-483b-b4d6-5a7a28c3c7f8@group-FBDB94237A5E: start as a follower, conf=-1: peers:[193b940e-06e0-49a5-9247-5c39d5b56c1b|rpc:10.1.0.244:41285|priority:1|startupRole:FOLLOWER, d15a650e-2ebd-40cb-9b6d-ba61193ce2f9|rpc:10.1.0.244:33395|priority:0|startupRole:FOLLOWER, 8077194d-366f-483b-b4d6-5a7a28c3c7f8|rpc:10.1.0.244:38223|priority:0|startupRole:FOLLOWER]|listeners:[], old=null
2022-11-08 06:33:57,571 [pool-613-thread-1] INFO  server.RaftServer$Division (RaftServerImpl.java:setRole(321)) - 8077194d-366f-483b-b4d6-5a7a28c3c7f8@group-FBDB94237A5E: changes role from      null to FOLLOWER at term 0 for startAsFollower
2022-11-08 06:33:57,571 [pool-613-thread-1] INFO  impl.RoleInfo (RoleInfo.java:updateAndGet(139)) - 8077194d-366f-483b-b4d6-5a7a28c3c7f8: start 8077194d-366f-483b-b4d6-5a7a28c3c7f8@group-FBDB94237A5E-FollowerState
2022-11-08 06:33:57,572 [pool-613-thread-1] INFO  util.JmxRegister (JmxRegister.java:tryRegister(44)) - Successfully registered JMX Bean with object name Ratis:service=RaftServer,group=group-FBDB94237A5E,id=8077194d-366f-483b-b4d6-5a7a28c3c7f8
2022-11-08 06:33:57,572 [pool-613-thread-1] INFO  server.RaftServerConfigKeys (ConfUtils.java:logGet(46)) - raft.server.snapshot.auto.trigger.enabled = true (custom)
2022-11-08 06:33:57,572 [pool-613-thread-1] INFO  server.RaftServerConfigKeys (ConfUtils.java:logGet(46)) - raft.server.snapshot.auto.trigger.threshold = 10000 (custom)
2022-11-08 06:33:57,572 [pool-613-thread-1] INFO  server.RaftServerConfigKeys (ConfUtils.java:logGet(46)) - raft.server.snapshot.retention.file.num = 5 (custom)
2022-11-08 06:33:57,572 [pool-613-thread-1] INFO  server.RaftServerConfigKeys (ConfUtils.java:logGet(46)) - raft.server.log.purge.upto.snapshot.index = false (default)
2022-11-08 06:33:57,573 [8077194d-366f-483b-b4d6-5a7a28c3c7f8@group-FBDB94237A5E-FollowerState] INFO  server.RaftServerConfigKeys (ConfUtils.java:logFallback(53)) - raft.server.rpc.first-election.timeout.min = 5s (fallback to raft.server.rpc.timeout.min)
2022-11-08 06:33:57,573 [8077194d-366f-483b-b4d6-5a7a28c3c7f8@group-FBDB94237A5E-FollowerState] INFO  server.RaftServerConfigKeys (ConfUtils.java:logFallback(53)) - raft.server.rpc.first-election.timeout.max = 5200ms (fallback to raft.server.rpc.timeout.max)
2022-11-08 06:33:57,573 [Command processor thread] INFO  ratis.XceiverServerRatis (XceiverServerRatis.java:addGroup(765)) - Created group PipelineID=b9dd9320-e1e2-41f1-aa16-fbdb94237a5e
2022-11-08 06:33:57,583 [grpc-default-executor-0] INFO  server.RaftServer (RaftServerProxy.java:addNew(96)) - 193b940e-06e0-49a5-9247-5c39d5b56c1b: addNew group-FBDB94237A5E:[193b940e-06e0-49a5-9247-5c39d5b56c1b|rpc:10.1.0.244:41285|dataStream:|priority:1|startupRole:FOLLOWER, d15a650e-2ebd-40cb-9b6d-ba61193ce2f9|rpc:10.1.0.244:33395|dataStream:|priority:0|startupRole:FOLLOWER, 8077194d-366f-483b-b4d6-5a7a28c3c7f8|rpc:10.1.0.244:38223|dataStream:|priority:0|startupRole:FOLLOWER] returns group-FBDB94237A5E:java.util.concurrent.CompletableFuture@4d30eba9[Not completed]
2022-11-08 06:33:57,584 [pool-636-thread-1] INFO  server.RaftServer$Division (RaftServerImpl.java:<init>(195)) - 193b940e-06e0-49a5-9247-5c39d5b56c1b: new RaftServerImpl for group-FBDB94237A5E:[193b940e-06e0-49a5-9247-5c39d5b56c1b|rpc:10.1.0.244:41285|dataStream:|priority:1|startupRole:FOLLOWER, d15a650e-2ebd-40cb-9b6d-ba61193ce2f9|rpc:10.1.0.244:33395|dataStream:|priority:0|startupRole:FOLLOWER, 8077194d-366f-483b-b4d6-5a7a28c3c7f8|rpc:10.1.0.244:38223|dataStream:|priority:0|startupRole:FOLLOWER] with ContainerStateMachine:uninitialized
2022-11-08 06:33:57,584 [pool-636-thread-1] INFO  server.RaftServerConfigKeys (ConfUtils.java:logGet(46)) - raft.server.rpc.timeout.min = 5s (custom)
2022-11-08 06:33:57,584 [pool-636-thread-1] INFO  server.RaftServerConfigKeys (ConfUtils.java:logGet(46)) - raft.server.rpc.timeout.max = 5200ms (custom)
2022-11-08 06:33:57,584 [pool-636-thread-1] INFO  server.RaftServerConfigKeys (ConfUtils.java:logGet(46)) - raft.server.rpc.sleep.time = 25ms (default)
2022-11-08 06:33:57,584 [pool-636-thread-1] INFO  server.RaftServerConfigKeys (ConfUtils.java:logGet(46)) - raft.server.rpc.slowness.timeout = 300s (custom)
2022-11-08 06:33:57,584 [pool-636-thread-1] INFO  server.RaftServerConfigKeys (ConfUtils.java:logGet(46)) - raft.server.leaderelection.leader.step-down.wait-time = 10s (default)
2022-11-08 06:33:57,584 [pool-636-thread-1] INFO  server.RaftServerConfigKeys (ConfUtils.java:logGet(46)) - raft.server.sleep.deviation.threshold = 300ms (default)
2022-11-08 06:33:57,584 [pool-636-thread-1] INFO  server.RaftServer$Division (ServerState.java:<init>(118)) - 193b940e-06e0-49a5-9247-5c39d5b56c1b@group-FBDB94237A5E: ConfigurationManager, init=-1: peers:[193b940e-06e0-49a5-9247-5c39d5b56c1b|rpc:10.1.0.244:41285|dataStream:|priority:1|startupRole:FOLLOWER, d15a650e-2ebd-40cb-9b6d-ba61193ce2f9|rpc:10.1.0.244:33395|dataStream:|priority:0|startupRole:FOLLOWER, 8077194d-366f-483b-b4d6-5a7a28c3c7f8|rpc:10.1.0.244:38223|dataStream:|priority:0|startupRole:FOLLOWER]|listeners:[], old=null, confs=<EMPTY_MAP>
2022-11-08 06:33:57,584 [pool-636-thread-1] INFO  server.RaftServerConfigKeys (ConfUtils.java:logGet(46)) - raft.server.storage.dir = [/home/runner/work/ozone/ozone/hadoop-ozone/integration-test/target/test-dir/MiniOzoneClusterImpl-8e06ede3-228e-44b7-a612-3acc89ebc779/datanode-4/data/ratis] (custom)
2022-11-08 06:33:57,584 [pool-636-thread-1] INFO  server.RaftServerConfigKeys (ConfUtils.java:logGet(46)) - raft.server.log.corruption.policy = EXCEPTION (default)
2022-11-08 06:33:57,584 [pool-636-thread-1] INFO  server.RaftServerConfigKeys (ConfUtils.java:logGet(46)) - raft.server.storage.free-space.min = 0MB (=0) (default)
2022-11-08 06:33:57,584 [pool-636-thread-1] INFO  server.RaftServerConfigKeys (ConfUtils.java:logGet(46)) - raft.server.notification.no-leader.timeout = 300s (custom)
2022-11-08 06:33:57,584 [pool-636-thread-1] INFO  server.RaftServerConfigKeys (ConfUtils.java:logGet(46)) - raft.server.retrycache.expirytime = 600000ms (custom)
2022-11-08 06:33:57,584 [pool-636-thread-1] INFO  server.RaftServerConfigKeys (ConfUtils.java:logGet(46)) - raft.server.retrycache.statistics.expirytime = 100μs (default)
2022-11-08 06:33:57,586 [pool-636-thread-1] INFO  server.RaftServerConfigKeys (ConfUtils.java:logGet(46)) - raft.server.log.appender.install.snapshot.enabled = false (custom)
2022-11-08 06:33:57,586 [pool-636-thread-1] INFO  server.RaftServerConfigKeys (ConfUtils.java:logGet(46)) - raft.server.threadpool.server.cached = true (default)
2022-11-08 06:33:57,586 [pool-636-thread-1] INFO  server.RaftServerConfigKeys (ConfUtils.java:logGet(46)) - raft.server.threadpool.server.size = 0 (default)
2022-11-08 06:33:57,586 [pool-636-thread-1] INFO  server.RaftServerConfigKeys (ConfUtils.java:logGet(46)) - raft.server.threadpool.client.cached = true (default)
2022-11-08 06:33:57,586 [pool-636-thread-1] INFO  server.RaftServerConfigKeys (ConfUtils.java:logGet(46)) - raft.server.threadpool.client.size = 0 (default)
2022-11-08 06:33:57,586 [pool-636-thread-1] INFO  storage.RaftStorageDirectory (RaftStorageDirectoryImpl.java:analyzeStorage(137)) - The storage directory /home/runner/work/ozone/ozone/hadoop-ozone/integration-test/target/test-dir/MiniOzoneClusterImpl-8e06ede3-228e-44b7-a612-3acc89ebc779/datanode-4/data/ratis/b9dd9320-e1e2-41f1-aa16-fbdb94237a5e does not exist. Creating ...
2022-11-08 06:33:57,588 [pool-636-thread-1] INFO  storage.RaftStorageDirectory (RaftStorageDirectoryImpl.java:tryLock(231)) - Lock on /home/runner/work/ozone/ozone/hadoop-ozone/integration-test/target/test-dir/MiniOzoneClusterImpl-8e06ede3-228e-44b7-a612-3acc89ebc779/datanode-4/data/ratis/b9dd9320-e1e2-41f1-aa16-fbdb94237a5e/in_use.lock acquired by nodename 12075@fv-az220-111
2022-11-08 06:33:57,590 [pool-636-thread-1] INFO  storage.RaftStorage (RaftStorageImpl.java:format(96)) - Storage directory /home/runner/work/ozone/ozone/hadoop-ozone/integration-test/target/test-dir/MiniOzoneClusterImpl-8e06ede3-228e-44b7-a612-3acc89ebc779/datanode-4/data/ratis/b9dd9320-e1e2-41f1-aa16-fbdb94237a5e has been successfully formatted.
2022-11-08 06:33:57,591 [pool-636-thread-1] INFO  ratis.ContainerStateMachine (ContainerStateMachine.java:loadSnapshot(236)) - group-FBDB94237A5E: The snapshot info is null. Setting the last applied indexto:(t:0, i:~)
2022-11-08 06:33:57,591 [pool-636-thread-1] INFO  server.RaftServerConfigKeys (ConfUtils.java:logGet(46)) - raft.server.log.use.memory = false (default)
2022-11-08 06:33:57,592 [pool-636-thread-1] INFO  server.RaftServerConfigKeys (ConfUtils.java:logGet(46)) - raft.server.log.purge.gap = 1000000 (custom)
2022-11-08 06:33:57,592 [pool-636-thread-1] INFO  server.RaftServerConfigKeys (ConfUtils.java:logGet(46)) - raft.server.log.appender.buffer.byte-limit = 33554432 (custom)
2022-11-08 06:33:57,592 [pool-636-thread-1] INFO  server.RaftServerConfigKeys (ConfUtils.java:logGet(46)) - raft.server.log.statemachine.data.read.timeout = 1000ms (default)
2022-11-08 06:33:57,592 [pool-636-thread-1] INFO  server.RaftServerConfigKeys (ConfUtils.java:logGet(46)) - raft.server.log.purge.preservation.log.num = 0 (default)
2022-11-08 06:33:57,592 [pool-636-thread-1] INFO  server.RaftServerConfigKeys (ConfUtils.java:logGet(46)) - raft.server.log.segment.size.max = 1048576 (custom)
2022-11-08 06:33:57,593 [pool-636-thread-1] INFO  server.RaftServerConfigKeys (ConfUtils.java:logGet(46)) - raft.server.log.segment.cache.num.max = 2 (custom)
2022-11-08 06:33:57,593 [pool-636-thread-1] INFO  server.RaftServerConfigKeys (ConfUtils.java:logGet(46)) - raft.server.log.segment.cache.size.max = 200MB (=209715200) (default)
2022-11-08 06:33:57,593 [pool-636-thread-1] INFO  segmented.SegmentedRaftLogWorker (SegmentedRaftLogWorker.java:<init>(191)) - new 193b940e-06e0-49a5-9247-5c39d5b56c1b@group-FBDB94237A5E-SegmentedRaftLogWorker for RaftStorageImpl:Storage Directory /home/runner/work/ozone/ozone/hadoop-ozone/integration-test/target/test-dir/MiniOzoneClusterImpl-8e06ede3-228e-44b7-a612-3acc89ebc779/datanode-4/data/ratis/b9dd9320-e1e2-41f1-aa16-fbdb94237a5e
2022-11-08 06:33:57,593 [pool-636-thread-1] INFO  server.RaftServerConfigKeys (ConfUtils.java:logGet(46)) - raft.server.log.queue.byte-limit = 4294967296 (custom)
2022-11-08 06:33:57,593 [pool-636-thread-1] INFO  server.RaftServerConfigKeys (ConfUtils.java:logGet(46)) - raft.server.log.queue.element-limit = 1024 (custom)
2022-11-08 06:33:57,593 [pool-636-thread-1] INFO  server.RaftServerConfigKeys (ConfUtils.java:logGet(46)) - raft.server.log.segment.size.max = 1048576 (custom)
2022-11-08 06:33:57,593 [pool-636-thread-1] INFO  server.RaftServerConfigKeys (ConfUtils.java:logGet(46)) - raft.server.log.preallocated.size = 16384 (custom)
2022-11-08 06:33:57,593 [pool-636-thread-1] INFO  server.RaftServerConfigKeys (ConfUtils.java:logGet(46)) - raft.server.log.force.sync.num = 128 (default)
2022-11-08 06:33:57,593 [pool-636-thread-1] INFO  server.RaftServerConfigKeys (ConfUtils.java:logGet(46)) - raft.server.log.statemachine.data.sync = true (default)
2022-11-08 06:33:57,593 [pool-636-thread-1] INFO  server.RaftServerConfigKeys (ConfUtils.java:logGet(46)) - raft.server.log.statemachine.data.sync.timeout = 10s (default)
2022-11-08 06:33:57,593 [pool-636-thread-1] INFO  server.RaftServerConfigKeys (ConfUtils.java:logGet(46)) - raft.server.log.statemachine.data.sync.timeout.retry = -1 (default)
2022-11-08 06:33:57,594 [pool-636-thread-1] INFO  server.RaftServerConfigKeys (ConfUtils.java:logGet(46)) - raft.server.log.write.buffer.size = 1048576 (custom)
2022-11-08 06:33:57,595 [pool-636-thread-1] INFO  server.RaftServerConfigKeys (ConfUtils.java:logGet(46)) - raft.server.log.unsafe-flush.enabled = false (default)
2022-11-08 06:33:57,595 [pool-636-thread-1] INFO  server.RaftServerConfigKeys (ConfUtils.java:logGet(46)) - raft.server.log.async-flush.enabled = false (default)
2022-11-08 06:33:57,595 [pool-636-thread-1] INFO  server.RaftServerConfigKeys (ConfUtils.java:logGet(46)) - raft.server.log.statemachine.data.caching.enabled = true (custom)
2022-11-08 06:33:57,595 [pool-636-thread-1] INFO  segmented.SegmentedRaftLogWorker (SegmentedRaftLogWorker.java:lambda$new$0(136)) - 193b940e-06e0-49a5-9247-5c39d5b56c1b@group-FBDB94237A5E-SegmentedRaftLogWorker: flushIndex: setUnconditionally 0 -> -1
2022-11-08 06:33:57,595 [pool-636-thread-1] INFO  segmented.SegmentedRaftLogWorker (SegmentedRaftLogWorker.java:lambda$new$0(136)) - 193b940e-06e0-49a5-9247-5c39d5b56c1b@group-FBDB94237A5E-SegmentedRaftLogWorker: safeCacheEvictIndex: setUnconditionally 0 -> -1
2022-11-08 06:33:57,604 [pool-636-thread-1] INFO  server.RaftServer$Division (RaftServerImpl.java:start(334)) - 193b940e-06e0-49a5-9247-5c39d5b56c1b@group-FBDB94237A5E: start as a follower, conf=-1: peers:[193b940e-06e0-49a5-9247-5c39d5b56c1b|rpc:10.1.0.244:41285|dataStream:|priority:1|startupRole:FOLLOWER, d15a650e-2ebd-40cb-9b6d-ba61193ce2f9|rpc:10.1.0.244:33395|dataStream:|priority:0|startupRole:FOLLOWER, 8077194d-366f-483b-b4d6-5a7a28c3c7f8|rpc:10.1.0.244:38223|dataStream:|priority:0|startupRole:FOLLOWER]|listeners:[], old=null
2022-11-08 06:33:57,604 [pool-636-thread-1] INFO  server.RaftServer$Division (RaftServerImpl.java:setRole(321)) - 193b940e-06e0-49a5-9247-5c39d5b56c1b@group-FBDB94237A5E: changes role from      null to FOLLOWER at term 0 for startAsFollower
2022-11-08 06:33:57,604 [pool-636-thread-1] INFO  impl.RoleInfo (RoleInfo.java:updateAndGet(139)) - 193b940e-06e0-49a5-9247-5c39d5b56c1b: start 193b940e-06e0-49a5-9247-5c39d5b56c1b@group-FBDB94237A5E-FollowerState
2022-11-08 06:33:57,604 [pool-636-thread-1] INFO  util.JmxRegister (JmxRegister.java:tryRegister(44)) - Successfully registered JMX Bean with object name Ratis:service=RaftServer,group=group-FBDB94237A5E,id=193b940e-06e0-49a5-9247-5c39d5b56c1b
2022-11-08 06:33:57,604 [pool-636-thread-1] INFO  server.RaftServerConfigKeys (ConfUtils.java:logGet(46)) - raft.server.snapshot.auto.trigger.enabled = true (custom)
2022-11-08 06:33:57,604 [pool-636-thread-1] INFO  server.RaftServerConfigKeys (ConfUtils.java:logGet(46)) - raft.server.snapshot.auto.trigger.threshold = 10000 (custom)
2022-11-08 06:33:57,604 [pool-636-thread-1] INFO  server.RaftServerConfigKeys (ConfUtils.java:logGet(46)) - raft.server.snapshot.retention.file.num = 5 (custom)
2022-11-08 06:33:57,604 [pool-636-thread-1] INFO  server.RaftServerConfigKeys (ConfUtils.java:logGet(46)) - raft.server.log.purge.upto.snapshot.index = false (default)
2022-11-08 06:33:57,605 [193b940e-06e0-49a5-9247-5c39d5b56c1b@group-FBDB94237A5E-FollowerState] INFO  server.RaftServerConfigKeys (ConfUtils.java:logFallback(53)) - raft.server.rpc.first-election.timeout.min = 5s (fallback to raft.server.rpc.timeout.min)
2022-11-08 06:33:57,605 [193b940e-06e0-49a5-9247-5c39d5b56c1b@group-FBDB94237A5E-FollowerState] INFO  server.RaftServerConfigKeys (ConfUtils.java:logFallback(53)) - raft.server.rpc.first-election.timeout.max = 5200ms (fallback to raft.server.rpc.timeout.max)
2022-11-08 06:33:57,625 [grpc-default-executor-0] INFO  server.RaftServer (RaftServerProxy.java:addNew(96)) - d15a650e-2ebd-40cb-9b6d-ba61193ce2f9: addNew group-FBDB94237A5E:[193b940e-06e0-49a5-9247-5c39d5b56c1b|rpc:10.1.0.244:41285|dataStream:|priority:1|startupRole:FOLLOWER, d15a650e-2ebd-40cb-9b6d-ba61193ce2f9|rpc:10.1.0.244:33395|dataStream:|priority:0|startupRole:FOLLOWER, 8077194d-366f-483b-b4d6-5a7a28c3c7f8|rpc:10.1.0.244:38223|dataStream:|priority:0|startupRole:FOLLOWER] returns group-FBDB94237A5E:java.util.concurrent.CompletableFuture@3cce3642[Not completed]
2022-11-08 06:33:57,626 [pool-659-thread-1] INFO  server.RaftServer$Division (RaftServerImpl.java:<init>(195)) - d15a650e-2ebd-40cb-9b6d-ba61193ce2f9: new RaftServerImpl for group-FBDB94237A5E:[193b940e-06e0-49a5-9247-5c39d5b56c1b|rpc:10.1.0.244:41285|dataStream:|priority:1|startupRole:FOLLOWER, d15a650e-2ebd-40cb-9b6d-ba61193ce2f9|rpc:10.1.0.244:33395|dataStream:|priority:0|startupRole:FOLLOWER, 8077194d-366f-483b-b4d6-5a7a28c3c7f8|rpc:10.1.0.244:38223|dataStream:|priority:0|startupRole:FOLLOWER] with ContainerStateMachine:uninitialized
2022-11-08 06:33:57,626 [pool-659-thread-1] INFO  server.RaftServerConfigKeys (ConfUtils.java:logGet(46)) - raft.server.rpc.timeout.min = 5s (custom)
2022-11-08 06:33:57,626 [pool-659-thread-1] INFO  server.RaftServerConfigKeys (ConfUtils.java:logGet(46)) - raft.server.rpc.timeout.max = 5200ms (custom)
2022-11-08 06:33:57,626 [pool-659-thread-1] INFO  server.RaftServerConfigKeys (ConfUtils.java:logGet(46)) - raft.server.rpc.sleep.time = 25ms (default)
2022-11-08 06:33:57,626 [pool-659-thread-1] INFO  server.RaftServerConfigKeys (ConfUtils.java:logGet(46)) - raft.server.rpc.slowness.timeout = 300s (custom)
2022-11-08 06:33:57,626 [pool-659-thread-1] INFO  server.RaftServerConfigKeys (ConfUtils.java:logGet(46)) - raft.server.leaderelection.leader.step-down.wait-time = 10s (default)
2022-11-08 06:33:57,628 [pool-659-thread-1] INFO  server.RaftServerConfigKeys (ConfUtils.java:logGet(46)) - raft.server.sleep.deviation.threshold = 300ms (default)
2022-11-08 06:33:57,628 [pool-659-thread-1] INFO  server.RaftServer$Division (ServerState.java:<init>(118)) - d15a650e-2ebd-40cb-9b6d-ba61193ce2f9@group-FBDB94237A5E: ConfigurationManager, init=-1: peers:[193b940e-06e0-49a5-9247-5c39d5b56c1b|rpc:10.1.0.244:41285|dataStream:|priority:1|startupRole:FOLLOWER, d15a650e-2ebd-40cb-9b6d-ba61193ce2f9|rpc:10.1.0.244:33395|dataStream:|priority:0|startupRole:FOLLOWER, 8077194d-366f-483b-b4d6-5a7a28c3c7f8|rpc:10.1.0.244:38223|dataStream:|priority:0|startupRole:FOLLOWER]|listeners:[], old=null, confs=<EMPTY_MAP>
2022-11-08 06:33:57,628 [pool-659-thread-1] INFO  server.RaftServerConfigKeys (ConfUtils.java:logGet(46)) - raft.server.storage.dir = [/home/runner/work/ozone/ozone/hadoop-ozone/integration-test/target/test-dir/MiniOzoneClusterImpl-8e06ede3-228e-44b7-a612-3acc89ebc779/datanode-5/data/ratis] (custom)
2022-11-08 06:33:57,628 [pool-659-thread-1] INFO  server.RaftServerConfigKeys (ConfUtils.java:logGet(46)) - raft.server.log.corruption.policy = EXCEPTION (default)
2022-11-08 06:33:57,628 [pool-659-thread-1] INFO  server.RaftServerConfigKeys (ConfUtils.java:logGet(46)) - raft.server.storage.free-space.min = 0MB (=0) (default)
2022-11-08 06:33:57,628 [pool-659-thread-1] INFO  server.RaftServerConfigKeys (ConfUtils.java:logGet(46)) - raft.server.notification.no-leader.timeout = 300s (custom)
2022-11-08 06:33:57,628 [pool-659-thread-1] INFO  server.RaftServerConfigKeys (ConfUtils.java:logGet(46)) - raft.server.retrycache.expirytime = 600000ms (custom)
2022-11-08 06:33:57,628 [pool-659-thread-1] INFO  server.RaftServerConfigKeys (ConfUtils.java:logGet(46)) - raft.server.retrycache.statistics.expirytime = 100μs (default)
2022-11-08 06:33:57,638 [pool-659-thread-1] INFO  server.RaftServerConfigKeys (ConfUtils.java:logGet(46)) - raft.server.log.appender.install.snapshot.enabled = false (custom)
2022-11-08 06:33:57,638 [pool-659-thread-1] INFO  server.RaftServerConfigKeys (ConfUtils.java:logGet(46)) - raft.server.threadpool.server.cached = true (default)
2022-11-08 06:33:57,638 [pool-659-thread-1] INFO  server.RaftServerConfigKeys (ConfUtils.java:logGet(46)) - raft.server.threadpool.server.size = 0 (default)
2022-11-08 06:33:57,638 [pool-659-thread-1] INFO  server.RaftServerConfigKeys (ConfUtils.java:logGet(46)) - raft.server.threadpool.client.cached = true (default)
2022-11-08 06:33:57,638 [pool-659-thread-1] INFO  server.RaftServerConfigKeys (ConfUtils.java:logGet(46)) - raft.server.threadpool.client.size = 0 (default)
2022-11-08 06:33:57,638 [pool-659-thread-1] INFO  storage.RaftStorageDirectory (RaftStorageDirectoryImpl.java:analyzeStorage(137)) - The storage directory /home/runner/work/ozone/ozone/hadoop-ozone/integration-test/target/test-dir/MiniOzoneClusterImpl-8e06ede3-228e-44b7-a612-3acc89ebc779/datanode-5/data/ratis/b9dd9320-e1e2-41f1-aa16-fbdb94237a5e does not exist. Creating ...
2022-11-08 06:33:57,640 [pool-659-thread-1] INFO  storage.RaftStorageDirectory (RaftStorageDirectoryImpl.java:tryLock(231)) - Lock on /home/runner/work/ozone/ozone/hadoop-ozone/integration-test/target/test-dir/MiniOzoneClusterImpl-8e06ede3-228e-44b7-a612-3acc89ebc779/datanode-5/data/ratis/b9dd9320-e1e2-41f1-aa16-fbdb94237a5e/in_use.lock acquired by nodename 12075@fv-az220-111
2022-11-08 06:33:57,642 [pool-659-thread-1] INFO  storage.RaftStorage (RaftStorageImpl.java:format(96)) - Storage directory /home/runner/work/ozone/ozone/hadoop-ozone/integration-test/target/test-dir/MiniOzoneClusterImpl-8e06ede3-228e-44b7-a612-3acc89ebc779/datanode-5/data/ratis/b9dd9320-e1e2-41f1-aa16-fbdb94237a5e has been successfully formatted.
2022-11-08 06:33:57,643 [pool-659-thread-1] INFO  ratis.ContainerStateMachine (ContainerStateMachine.java:loadSnapshot(236)) - group-FBDB94237A5E: The snapshot info is null. Setting the last applied indexto:(t:0, i:~)
2022-11-08 06:33:57,643 [pool-659-thread-1] INFO  server.RaftServerConfigKeys (ConfUtils.java:logGet(46)) - raft.server.log.use.memory = false (default)
2022-11-08 06:33:57,643 [pool-659-thread-1] INFO  server.RaftServerConfigKeys (ConfUtils.java:logGet(46)) - raft.server.log.purge.gap = 1000000 (custom)
2022-11-08 06:33:57,643 [pool-659-thread-1] INFO  server.RaftServerConfigKeys (ConfUtils.java:logGet(46)) - raft.server.log.appender.buffer.byte-limit = 33554432 (custom)
2022-11-08 06:33:57,643 [pool-659-thread-1] INFO  server.RaftServerConfigKeys (ConfUtils.java:logGet(46)) - raft.server.log.statemachine.data.read.timeout = 1000ms (default)
2022-11-08 06:33:57,643 [pool-659-thread-1] INFO  server.RaftServerConfigKeys (ConfUtils.java:logGet(46)) - raft.server.log.purge.preservation.log.num = 0 (default)
2022-11-08 06:33:57,644 [pool-659-thread-1] INFO  server.RaftServerConfigKeys (ConfUtils.java:logGet(46)) - raft.server.log.segment.size.max = 1048576 (custom)
2022-11-08 06:33:57,645 [pool-659-thread-1] INFO  server.RaftServerConfigKeys (ConfUtils.java:logGet(46)) - raft.server.log.segment.cache.num.max = 2 (custom)
2022-11-08 06:33:57,645 [pool-659-thread-1] INFO  server.RaftServerConfigKeys (ConfUtils.java:logGet(46)) - raft.server.log.segment.cache.size.max = 200MB (=209715200) (default)
2022-11-08 06:33:57,645 [pool-659-thread-1] INFO  segmented.SegmentedRaftLogWorker (SegmentedRaftLogWorker.java:<init>(191)) - new d15a650e-2ebd-40cb-9b6d-ba61193ce2f9@group-FBDB94237A5E-SegmentedRaftLogWorker for RaftStorageImpl:Storage Directory /home/runner/work/ozone/ozone/hadoop-ozone/integration-test/target/test-dir/MiniOzoneClusterImpl-8e06ede3-228e-44b7-a612-3acc89ebc779/datanode-5/data/ratis/b9dd9320-e1e2-41f1-aa16-fbdb94237a5e
2022-11-08 06:33:57,645 [pool-659-thread-1] INFO  server.RaftServerConfigKeys (ConfUtils.java:logGet(46)) - raft.server.log.queue.byte-limit = 4294967296 (custom)
2022-11-08 06:33:57,645 [pool-659-thread-1] INFO  server.RaftServerConfigKeys (ConfUtils.java:logGet(46)) - raft.server.log.queue.element-limit = 1024 (custom)
2022-11-08 06:33:57,645 [pool-659-thread-1] INFO  server.RaftServerConfigKeys (ConfUtils.java:logGet(46)) - raft.server.log.segment.size.max = 1048576 (custom)
2022-11-08 06:33:57,645 [pool-659-thread-1] INFO  server.RaftServerConfigKeys (ConfUtils.java:logGet(46)) - raft.server.log.preallocated.size = 16384 (custom)
2022-11-08 06:33:57,645 [pool-659-thread-1] INFO  server.RaftServerConfigKeys (ConfUtils.java:logGet(46)) - raft.server.log.force.sync.num = 128 (default)
2022-11-08 06:33:57,645 [pool-659-thread-1] INFO  server.RaftServerConfigKeys (ConfUtils.java:logGet(46)) - raft.server.log.statemachine.data.sync = true (default)
2022-11-08 06:33:57,645 [pool-659-thread-1] INFO  server.RaftServerConfigKeys (ConfUtils.java:logGet(46)) - raft.server.log.statemachine.data.sync.timeout = 10s (default)
2022-11-08 06:33:57,645 [pool-659-thread-1] INFO  server.RaftServerConfigKeys (ConfUtils.java:logGet(46)) - raft.server.log.statemachine.data.sync.timeout.retry = -1 (default)
2022-11-08 06:33:57,647 [pool-659-thread-1] INFO  server.RaftServerConfigKeys (ConfUtils.java:logGet(46)) - raft.server.log.write.buffer.size = 1048576 (custom)
2022-11-08 06:33:57,647 [pool-659-thread-1] INFO  server.RaftServerConfigKeys (ConfUtils.java:logGet(46)) - raft.server.log.unsafe-flush.enabled = false (default)
2022-11-08 06:33:57,647 [pool-659-thread-1] INFO  server.RaftServerConfigKeys (ConfUtils.java:logGet(46)) - raft.server.log.async-flush.enabled = false (default)
2022-11-08 06:33:57,647 [pool-659-thread-1] INFO  server.RaftServerConfigKeys (ConfUtils.java:logGet(46)) - raft.server.log.statemachine.data.caching.enabled = true (custom)
2022-11-08 06:33:57,647 [pool-659-thread-1] INFO  segmented.SegmentedRaftLogWorker (SegmentedRaftLogWorker.java:lambda$new$0(136)) - d15a650e-2ebd-40cb-9b6d-ba61193ce2f9@group-FBDB94237A5E-SegmentedRaftLogWorker: flushIndex: setUnconditionally 0 -> -1
2022-11-08 06:33:57,647 [pool-659-thread-1] INFO  segmented.SegmentedRaftLogWorker (SegmentedRaftLogWorker.java:lambda$new$0(136)) - d15a650e-2ebd-40cb-9b6d-ba61193ce2f9@group-FBDB94237A5E-SegmentedRaftLogWorker: safeCacheEvictIndex: setUnconditionally 0 -> -1
2022-11-08 06:33:57,649 [pool-659-thread-1] INFO  server.RaftServer$Division (RaftServerImpl.java:start(334)) - d15a650e-2ebd-40cb-9b6d-ba61193ce2f9@group-FBDB94237A5E: start as a follower, conf=-1: peers:[193b940e-06e0-49a5-9247-5c39d5b56c1b|rpc:10.1.0.244:41285|dataStream:|priority:1|startupRole:FOLLOWER, d15a650e-2ebd-40cb-9b6d-ba61193ce2f9|rpc:10.1.0.244:33395|dataStream:|priority:0|startupRole:FOLLOWER, 8077194d-366f-483b-b4d6-5a7a28c3c7f8|rpc:10.1.0.244:38223|dataStream:|priority:0|startupRole:FOLLOWER]|listeners:[], old=null
2022-11-08 06:33:57,649 [pool-659-thread-1] INFO  server.RaftServer$Division (RaftServerImpl.java:setRole(321)) - d15a650e-2ebd-40cb-9b6d-ba61193ce2f9@group-FBDB94237A5E: changes role from      null to FOLLOWER at term 0 for startAsFollower
2022-11-08 06:33:57,649 [pool-659-thread-1] INFO  impl.RoleInfo (RoleInfo.java:updateAndGet(139)) - d15a650e-2ebd-40cb-9b6d-ba61193ce2f9: start d15a650e-2ebd-40cb-9b6d-ba61193ce2f9@group-FBDB94237A5E-FollowerState
2022-11-08 06:33:57,652 [pool-659-thread-1] INFO  util.JmxRegister (JmxRegister.java:tryRegister(44)) - Successfully registered JMX Bean with object name Ratis:service=RaftServer,group=group-FBDB94237A5E,id=d15a650e-2ebd-40cb-9b6d-ba61193ce2f9
2022-11-08 06:33:57,652 [d15a650e-2ebd-40cb-9b6d-ba61193ce2f9@group-FBDB94237A5E-FollowerState] INFO  server.RaftServerConfigKeys (ConfUtils.java:logFallback(53)) - raft.server.rpc.first-election.timeout.min = 5s (fallback to raft.server.rpc.timeout.min)
2022-11-08 06:33:57,652 [pool-659-thread-1] INFO  server.RaftServerConfigKeys (ConfUtils.java:logGet(46)) - raft.server.snapshot.auto.trigger.enabled = true (custom)
2022-11-08 06:33:57,652 [d15a650e-2ebd-40cb-9b6d-ba61193ce2f9@group-FBDB94237A5E-FollowerState] INFO  server.RaftServerConfigKeys (ConfUtils.java:logFallback(53)) - raft.server.rpc.first-election.timeout.max = 5200ms (fallback to raft.server.rpc.timeout.max)
2022-11-08 06:33:57,652 [pool-659-thread-1] INFO  server.RaftServerConfigKeys (ConfUtils.java:logGet(46)) - raft.server.snapshot.auto.trigger.threshold = 10000 (custom)
2022-11-08 06:33:57,652 [pool-659-thread-1] INFO  server.RaftServerConfigKeys (ConfUtils.java:logGet(46)) - raft.server.snapshot.retention.file.num = 5 (custom)
2022-11-08 06:33:57,653 [pool-659-thread-1] INFO  server.RaftServerConfigKeys (ConfUtils.java:logGet(46)) - raft.server.log.purge.upto.snapshot.index = false (default)
2022-11-08 06:33:57,658 [Command processor thread] INFO  commandhandler.CreatePipelineCommandHandler (CreatePipelineCommandHandler.java:handle(113)) - Created Pipeline RATIS THREE PipelineID=b9dd9320-e1e2-41f1-aa16-fbdb94237a5e.
2022-11-08 06:33:57,658 [Command processor thread] INFO  server.RaftServer (RaftServerProxy.java:addNew(96)) - 8077194d-366f-483b-b4d6-5a7a28c3c7f8: addNew group-91CE96BBAFA1:[193b940e-06e0-49a5-9247-5c39d5b56c1b|rpc:10.1.0.244:41285|priority:0|startupRole:FOLLOWER, d15a650e-2ebd-40cb-9b6d-ba61193ce2f9|rpc:10.1.0.244:33395|priority:0|startupRole:FOLLOWER, 8077194d-366f-483b-b4d6-5a7a28c3c7f8|rpc:10.1.0.244:38223|priority:1|startupRole:FOLLOWER] returns group-91CE96BBAFA1:java.util.concurrent.CompletableFuture@72caae71[Not completed]
2022-11-08 06:33:57,659 [pool-613-thread-1] INFO  server.RaftServer$Division (RaftServerImpl.java:<init>(195)) - 8077194d-366f-483b-b4d6-5a7a28c3c7f8: new RaftServerImpl for group-91CE96BBAFA1:[193b940e-06e0-49a5-9247-5c39d5b56c1b|rpc:10.1.0.244:41285|priority:0|startupRole:FOLLOWER, d15a650e-2ebd-40cb-9b6d-ba61193ce2f9|rpc:10.1.0.244:33395|priority:0|startupRole:FOLLOWER, 8077194d-366f-483b-b4d6-5a7a28c3c7f8|rpc:10.1.0.244:38223|priority:1|startupRole:FOLLOWER] with ContainerStateMachine:uninitialized
2022-11-08 06:33:57,659 [pool-613-thread-1] INFO  server.RaftServerConfigKeys (ConfUtils.java:logGet(46)) - raft.server.rpc.timeout.min = 5s (custom)
2022-11-08 06:33:57,659 [pool-613-thread-1] INFO  server.RaftServerConfigKeys (ConfUtils.java:logGet(46)) - raft.server.rpc.timeout.max = 5200ms (custom)
2022-11-08 06:33:57,659 [pool-613-thread-1] INFO  server.RaftServerConfigKeys (ConfUtils.java:logGet(46)) - raft.server.rpc.sleep.time = 25ms (default)
2022-11-08 06:33:57,659 [pool-613-thread-1] INFO  server.RaftServerConfigKeys (ConfUtils.java:logGet(46)) - raft.server.rpc.slowness.timeout = 300s (custom)
2022-11-08 06:33:57,659 [pool-613-thread-1] INFO  server.RaftServerConfigKeys (ConfUtils.java:logGet(46)) - raft.server.leaderelection.leader.step-down.wait-time = 10s (default)
2022-11-08 06:33:57,659 [pool-613-thread-1] INFO  server.RaftServerConfigKeys (ConfUtils.java:logGet(46)) - raft.server.sleep.deviation.threshold = 300ms (default)
2022-11-08 06:33:57,659 [pool-613-thread-1] INFO  server.RaftServer$Division (ServerState.java:<init>(118)) - 8077194d-366f-483b-b4d6-5a7a28c3c7f8@group-91CE96BBAFA1: ConfigurationManager, init=-1: peers:[193b940e-06e0-49a5-9247-5c39d5b56c1b|rpc:10.1.0.244:41285|priority:0|startupRole:FOLLOWER, d15a650e-2ebd-40cb-9b6d-ba61193ce2f9|rpc:10.1.0.244:33395|priority:0|startupRole:FOLLOWER, 8077194d-366f-483b-b4d6-5a7a28c3c7f8|rpc:10.1.0.244:38223|priority:1|startupRole:FOLLOWER]|listeners:[], old=null, confs=<EMPTY_MAP>
2022-11-08 06:33:57,659 [pool-613-thread-1] INFO  server.RaftServerConfigKeys (ConfUtils.java:logGet(46)) - raft.server.storage.dir = [/home/runner/work/ozone/ozone/hadoop-ozone/integration-test/target/test-dir/MiniOzoneClusterImpl-8e06ede3-228e-44b7-a612-3acc89ebc779/datanode-3/data/ratis] (custom)
2022-11-08 06:33:57,659 [pool-613-thread-1] INFO  server.RaftServerConfigKeys (ConfUtils.java:logGet(46)) - raft.server.log.corruption.policy = EXCEPTION (default)
2022-11-08 06:33:57,660 [pool-613-thread-1] INFO  server.RaftServerConfigKeys (ConfUtils.java:logGet(46)) - raft.server.storage.free-space.min = 0MB (=0) (default)
2022-11-08 06:33:57,660 [pool-613-thread-1] INFO  server.RaftServerConfigKeys (ConfUtils.java:logGet(46)) - raft.server.notification.no-leader.timeout = 300s (custom)
2022-11-08 06:33:57,660 [pool-613-thread-1] INFO  server.RaftServerConfigKeys (ConfUtils.java:logGet(46)) - raft.server.retrycache.expirytime = 600000ms (custom)
2022-11-08 06:33:57,660 [pool-613-thread-1] INFO  server.RaftServerConfigKeys (ConfUtils.java:logGet(46)) - raft.server.retrycache.statistics.expirytime = 100μs (default)
2022-11-08 06:33:57,661 [pool-613-thread-1] INFO  server.RaftServerConfigKeys (ConfUtils.java:logGet(46)) - raft.server.log.appender.install.snapshot.enabled = false (custom)
2022-11-08 06:33:57,661 [pool-613-thread-1] INFO  server.RaftServerConfigKeys (ConfUtils.java:logGet(46)) - raft.server.threadpool.server.cached = true (default)
2022-11-08 06:33:57,661 [pool-613-thread-1] INFO  server.RaftServerConfigKeys (ConfUtils.java:logGet(46)) - raft.server.threadpool.server.size = 0 (default)
2022-11-08 06:33:57,661 [pool-613-thread-1] INFO  server.RaftServerConfigKeys (ConfUtils.java:logGet(46)) - raft.server.threadpool.client.cached = true (default)
2022-11-08 06:33:57,661 [pool-613-thread-1] INFO  server.RaftServerConfigKeys (ConfUtils.java:logGet(46)) - raft.server.threadpool.client.size = 0 (default)
2022-11-08 06:33:57,661 [pool-613-thread-1] INFO  storage.RaftStorageDirectory (RaftStorageDirectoryImpl.java:analyzeStorage(137)) - The storage directory /home/runner/work/ozone/ozone/hadoop-ozone/integration-test/target/test-dir/MiniOzoneClusterImpl-8e06ede3-228e-44b7-a612-3acc89ebc779/datanode-3/data/ratis/e702fae6-23a0-4e82-a6cc-91ce96bbafa1 does not exist. Creating ...
2022-11-08 06:33:57,663 [pool-613-thread-1] INFO  storage.RaftStorageDirectory (RaftStorageDirectoryImpl.java:tryLock(231)) - Lock on /home/runner/work/ozone/ozone/hadoop-ozone/integration-test/target/test-dir/MiniOzoneClusterImpl-8e06ede3-228e-44b7-a612-3acc89ebc779/datanode-3/data/ratis/e702fae6-23a0-4e82-a6cc-91ce96bbafa1/in_use.lock acquired by nodename 12075@fv-az220-111
2022-11-08 06:33:57,664 [pool-613-thread-1] INFO  storage.RaftStorage (RaftStorageImpl.java:format(96)) - Storage directory /home/runner/work/ozone/ozone/hadoop-ozone/integration-test/target/test-dir/MiniOzoneClusterImpl-8e06ede3-228e-44b7-a612-3acc89ebc779/datanode-3/data/ratis/e702fae6-23a0-4e82-a6cc-91ce96bbafa1 has been successfully formatted.
2022-11-08 06:33:57,665 [pool-613-thread-1] INFO  ratis.ContainerStateMachine (ContainerStateMachine.java:loadSnapshot(236)) - group-91CE96BBAFA1: The snapshot info is null. Setting the last applied indexto:(t:0, i:~)
2022-11-08 06:33:57,665 [pool-613-thread-1] INFO  server.RaftServerConfigKeys (ConfUtils.java:logGet(46)) - raft.server.log.use.memory = false (default)
2022-11-08 06:33:57,665 [pool-613-thread-1] INFO  server.RaftServerConfigKeys (ConfUtils.java:logGet(46)) - raft.server.log.purge.gap = 1000000 (custom)
2022-11-08 06:33:57,665 [pool-613-thread-1] INFO  server.RaftServerConfigKeys (ConfUtils.java:logGet(46)) - raft.server.log.appender.buffer.byte-limit = 33554432 (custom)
2022-11-08 06:33:57,665 [pool-613-thread-1] INFO  server.RaftServerConfigKeys (ConfUtils.java:logGet(46)) - raft.server.log.statemachine.data.read.timeout = 1000ms (default)
2022-11-08 06:33:57,665 [pool-613-thread-1] INFO  server.RaftServerConfigKeys (ConfUtils.java:logGet(46)) - raft.server.log.purge.preservation.log.num = 0 (default)
2022-11-08 06:33:57,665 [pool-613-thread-1] INFO  server.RaftServerConfigKeys (ConfUtils.java:logGet(46)) - raft.server.log.segment.size.max = 1048576 (custom)
2022-11-08 06:33:57,666 [pool-613-thread-1] INFO  server.RaftServerConfigKeys (ConfUtils.java:logGet(46)) - raft.server.log.segment.cache.num.max = 2 (custom)
2022-11-08 06:33:57,666 [pool-613-thread-1] INFO  server.RaftServerConfigKeys (ConfUtils.java:logGet(46)) - raft.server.log.segment.cache.size.max = 200MB (=209715200) (default)
2022-11-08 06:33:57,666 [pool-613-thread-1] INFO  segmented.SegmentedRaftLogWorker (SegmentedRaftLogWorker.java:<init>(191)) - new 8077194d-366f-483b-b4d6-5a7a28c3c7f8@group-91CE96BBAFA1-SegmentedRaftLogWorker for RaftStorageImpl:Storage Directory /home/runner/work/ozone/ozone/hadoop-ozone/integration-test/target/test-dir/MiniOzoneClusterImpl-8e06ede3-228e-44b7-a612-3acc89ebc779/datanode-3/data/ratis/e702fae6-23a0-4e82-a6cc-91ce96bbafa1
2022-11-08 06:33:57,666 [pool-613-thread-1] INFO  server.RaftServerConfigKeys (ConfUtils.java:logGet(46)) - raft.server.log.queue.byte-limit = 4294967296 (custom)
2022-11-08 06:33:57,666 [pool-613-thread-1] INFO  server.RaftServerConfigKeys (ConfUtils.java:logGet(46)) - raft.server.log.queue.element-limit = 1024 (custom)
2022-11-08 06:33:57,666 [pool-613-thread-1] INFO  server.RaftServerConfigKeys (ConfUtils.java:logGet(46)) - raft.server.log.segment.size.max = 1048576 (custom)
2022-11-08 06:33:57,667 [pool-613-thread-1] INFO  server.RaftServerConfigKeys (ConfUtils.java:logGet(46)) - raft.server.log.preallocated.size = 16384 (custom)
2022-11-08 06:33:57,667 [pool-613-thread-1] INFO  server.RaftServerConfigKeys (ConfUtils.java:logGet(46)) - raft.server.log.force.sync.num = 128 (default)
2022-11-08 06:33:57,667 [pool-613-thread-1] INFO  server.RaftServerConfigKeys (ConfUtils.java:logGet(46)) - raft.server.log.statemachine.data.sync = true (default)
2022-11-08 06:33:57,667 [pool-613-thread-1] INFO  server.RaftServerConfigKeys (ConfUtils.java:logGet(46)) - raft.server.log.statemachine.data.sync.timeout = 10s (default)
2022-11-08 06:33:57,667 [pool-613-thread-1] INFO  server.RaftServerConfigKeys (ConfUtils.java:logGet(46)) - raft.server.log.statemachine.data.sync.timeout.retry = -1 (default)
2022-11-08 06:33:57,668 [pool-613-thread-1] INFO  server.RaftServerConfigKeys (ConfUtils.java:logGet(46)) - raft.server.log.write.buffer.size = 1048576 (custom)
2022-11-08 06:33:57,669 [pool-613-thread-1] INFO  server.RaftServerConfigKeys (ConfUtils.java:logGet(46)) - raft.server.log.unsafe-flush.enabled = false (default)
2022-11-08 06:33:57,669 [pool-613-thread-1] INFO  server.RaftServerConfigKeys (ConfUtils.java:logGet(46)) - raft.server.log.async-flush.enabled = false (default)
2022-11-08 06:33:57,669 [pool-613-thread-1] INFO  server.RaftServerConfigKeys (ConfUtils.java:logGet(46)) - raft.server.log.statemachine.data.caching.enabled = true (custom)
2022-11-08 06:33:57,669 [pool-613-thread-1] INFO  segmented.SegmentedRaftLogWorker (SegmentedRaftLogWorker.java:lambda$new$0(136)) - 8077194d-366f-483b-b4d6-5a7a28c3c7f8@group-91CE96BBAFA1-SegmentedRaftLogWorker: flushIndex: setUnconditionally 0 -> -1
2022-11-08 06:33:57,669 [pool-613-thread-1] INFO  segmented.SegmentedRaftLogWorker (SegmentedRaftLogWorker.java:lambda$new$0(136)) - 8077194d-366f-483b-b4d6-5a7a28c3c7f8@group-91CE96BBAFA1-SegmentedRaftLogWorker: safeCacheEvictIndex: setUnconditionally 0 -> -1
2022-11-08 06:33:57,669 [pool-613-thread-1] INFO  server.RaftServer$Division (RaftServerImpl.java:start(334)) - 8077194d-366f-483b-b4d6-5a7a28c3c7f8@group-91CE96BBAFA1: start as a follower, conf=-1: peers:[193b940e-06e0-49a5-9247-5c39d5b56c1b|rpc:10.1.0.244:41285|priority:0|startupRole:FOLLOWER, d15a650e-2ebd-40cb-9b6d-ba61193ce2f9|rpc:10.1.0.244:33395|priority:0|startupRole:FOLLOWER, 8077194d-366f-483b-b4d6-5a7a28c3c7f8|rpc:10.1.0.244:38223|priority:1|startupRole:FOLLOWER]|listeners:[], old=null
2022-11-08 06:33:57,669 [pool-613-thread-1] INFO  server.RaftServer$Division (RaftServerImpl.java:setRole(321)) - 8077194d-366f-483b-b4d6-5a7a28c3c7f8@group-91CE96BBAFA1: changes role from      null to FOLLOWER at term 0 for startAsFollower
2022-11-08 06:33:57,669 [pool-613-thread-1] INFO  impl.RoleInfo (RoleInfo.java:updateAndGet(139)) - 8077194d-366f-483b-b4d6-5a7a28c3c7f8: start 8077194d-366f-483b-b4d6-5a7a28c3c7f8@group-91CE96BBAFA1-FollowerState
2022-11-08 06:33:57,670 [8077194d-366f-483b-b4d6-5a7a28c3c7f8@group-91CE96BBAFA1-FollowerState] INFO  server.RaftServerConfigKeys (ConfUtils.java:logFallback(53)) - raft.server.rpc.first-election.timeout.min = 5s (fallback to raft.server.rpc.timeout.min)
2022-11-08 06:33:57,670 [pool-613-thread-1] INFO  util.JmxRegister (JmxRegister.java:tryRegister(44)) - Successfully registered JMX Bean with object name Ratis:service=RaftServer,group=group-91CE96BBAFA1,id=8077194d-366f-483b-b4d6-5a7a28c3c7f8
2022-11-08 06:33:57,670 [pool-613-thread-1] INFO  server.RaftServerConfigKeys (ConfUtils.java:logGet(46)) - raft.server.snapshot.auto.trigger.enabled = true (custom)
2022-11-08 06:33:57,670 [pool-613-thread-1] INFO  server.RaftServerConfigKeys (ConfUtils.java:logGet(46)) - raft.server.snapshot.auto.trigger.threshold = 10000 (custom)
2022-11-08 06:33:57,670 [pool-613-thread-1] INFO  server.RaftServerConfigKeys (ConfUtils.java:logGet(46)) - raft.server.snapshot.retention.file.num = 5 (custom)
2022-11-08 06:33:57,670 [8077194d-366f-483b-b4d6-5a7a28c3c7f8@group-91CE96BBAFA1-FollowerState] INFO  server.RaftServerConfigKeys (ConfUtils.java:logFallback(53)) - raft.server.rpc.first-election.timeout.max = 5200ms (fallback to raft.server.rpc.timeout.max)
2022-11-08 06:33:57,670 [pool-613-thread-1] INFO  server.RaftServerConfigKeys (ConfUtils.java:logGet(46)) - raft.server.log.purge.upto.snapshot.index = false (default)
2022-11-08 06:33:57,671 [Command processor thread] INFO  ratis.XceiverServerRatis (XceiverServerRatis.java:addGroup(765)) - Created group PipelineID=e702fae6-23a0-4e82-a6cc-91ce96bbafa1
2022-11-08 06:33:57,679 [grpc-default-executor-0] INFO  server.RaftServer (RaftServerProxy.java:addNew(96)) - d15a650e-2ebd-40cb-9b6d-ba61193ce2f9: addNew group-91CE96BBAFA1:[193b940e-06e0-49a5-9247-5c39d5b56c1b|rpc:10.1.0.244:41285|dataStream:|priority:0|startupRole:FOLLOWER, d15a650e-2ebd-40cb-9b6d-ba61193ce2f9|rpc:10.1.0.244:33395|dataStream:|priority:0|startupRole:FOLLOWER, 8077194d-366f-483b-b4d6-5a7a28c3c7f8|rpc:10.1.0.244:38223|dataStream:|priority:1|startupRole:FOLLOWER] returns group-91CE96BBAFA1:java.util.concurrent.CompletableFuture@5b3b2900[Not completed]
2022-11-08 06:33:57,679 [pool-659-thread-1] INFO  server.RaftServer$Division (RaftServerImpl.java:<init>(195)) - d15a650e-2ebd-40cb-9b6d-ba61193ce2f9: new RaftServerImpl for group-91CE96BBAFA1:[193b940e-06e0-49a5-9247-5c39d5b56c1b|rpc:10.1.0.244:41285|dataStream:|priority:0|startupRole:FOLLOWER, d15a650e-2ebd-40cb-9b6d-ba61193ce2f9|rpc:10.1.0.244:33395|dataStream:|priority:0|startupRole:FOLLOWER, 8077194d-366f-483b-b4d6-5a7a28c3c7f8|rpc:10.1.0.244:38223|dataStream:|priority:1|startupRole:FOLLOWER] with ContainerStateMachine:uninitialized
2022-11-08 06:33:57,680 [pool-659-thread-1] INFO  server.RaftServerConfigKeys (ConfUtils.java:logGet(46)) - raft.server.rpc.timeout.min = 5s (custom)
2022-11-08 06:33:57,680 [pool-659-thread-1] INFO  server.RaftServerConfigKeys (ConfUtils.java:logGet(46)) - raft.server.rpc.timeout.max = 5200ms (custom)
2022-11-08 06:33:57,680 [pool-659-thread-1] INFO  server.RaftServerConfigKeys (ConfUtils.java:logGet(46)) - raft.server.rpc.sleep.time = 25ms (default)
2022-11-08 06:33:57,680 [pool-659-thread-1] INFO  server.RaftServerConfigKeys (ConfUtils.java:logGet(46)) - raft.server.rpc.slowness.timeout = 300s (custom)
2022-11-08 06:33:57,680 [pool-659-thread-1] INFO  server.RaftServerConfigKeys (ConfUtils.java:logGet(46)) - raft.server.leaderelection.leader.step-down.wait-time = 10s (default)
2022-11-08 06:33:57,680 [pool-659-thread-1] INFO  server.RaftServerConfigKeys (ConfUtils.java:logGet(46)) - raft.server.sleep.deviation.threshold = 300ms (default)
2022-11-08 06:33:57,680 [pool-659-thread-1] INFO  server.RaftServer$Division (ServerState.java:<init>(118)) - d15a650e-2ebd-40cb-9b6d-ba61193ce2f9@group-91CE96BBAFA1: ConfigurationManager, init=-1: peers:[193b940e-06e0-49a5-9247-5c39d5b56c1b|rpc:10.1.0.244:41285|dataStream:|priority:0|startupRole:FOLLOWER, d15a650e-2ebd-40cb-9b6d-ba61193ce2f9|rpc:10.1.0.244:33395|dataStream:|priority:0|startupRole:FOLLOWER, 8077194d-366f-483b-b4d6-5a7a28c3c7f8|rpc:10.1.0.244:38223|dataStream:|priority:1|startupRole:FOLLOWER]|listeners:[], old=null, confs=<EMPTY_MAP>
2022-11-08 06:33:57,680 [pool-659-thread-1] INFO  server.RaftServerConfigKeys (ConfUtils.java:logGet(46)) - raft.server.storage.dir = [/home/runner/work/ozone/ozone/hadoop-ozone/integration-test/target/test-dir/MiniOzoneClusterImpl-8e06ede3-228e-44b7-a612-3acc89ebc779/datanode-5/data/ratis] (custom)
2022-11-08 06:33:57,680 [pool-659-thread-1] INFO  server.RaftServerConfigKeys (ConfUtils.java:logGet(46)) - raft.server.log.corruption.policy = EXCEPTION (default)
2022-11-08 06:33:57,680 [pool-659-thread-1] INFO  server.RaftServerConfigKeys (ConfUtils.java:logGet(46)) - raft.server.storage.free-space.min = 0MB (=0) (default)
2022-11-08 06:33:57,680 [pool-659-thread-1] INFO  server.RaftServerConfigKeys (ConfUtils.java:logGet(46)) - raft.server.notification.no-leader.timeout = 300s (custom)
2022-11-08 06:33:57,680 [pool-659-thread-1] INFO  server.RaftServerConfigKeys (ConfUtils.java:logGet(46)) - raft.server.retrycache.expirytime = 600000ms (custom)
2022-11-08 06:33:57,680 [pool-659-thread-1] INFO  server.RaftServerConfigKeys (ConfUtils.java:logGet(46)) - raft.server.retrycache.statistics.expirytime = 100μs (default)
2022-11-08 06:33:57,682 [pool-659-thread-1] INFO  server.RaftServerConfigKeys (ConfUtils.java:logGet(46)) - raft.server.log.appender.install.snapshot.enabled = false (custom)
2022-11-08 06:33:57,682 [pool-659-thread-1] INFO  server.RaftServerConfigKeys (ConfUtils.java:logGet(46)) - raft.server.threadpool.server.cached = true (default)
2022-11-08 06:33:57,682 [pool-659-thread-1] INFO  server.RaftServerConfigKeys (ConfUtils.java:logGet(46)) - raft.server.threadpool.server.size = 0 (default)
2022-11-08 06:33:57,682 [pool-659-thread-1] INFO  server.RaftServerConfigKeys (ConfUtils.java:logGet(46)) - raft.server.threadpool.client.cached = true (default)
2022-11-08 06:33:57,682 [pool-659-thread-1] INFO  server.RaftServerConfigKeys (ConfUtils.java:logGet(46)) - raft.server.threadpool.client.size = 0 (default)
2022-11-08 06:33:57,682 [pool-659-thread-1] INFO  storage.RaftStorageDirectory (RaftStorageDirectoryImpl.java:analyzeStorage(137)) - The storage directory /home/runner/work/ozone/ozone/hadoop-ozone/integration-test/target/test-dir/MiniOzoneClusterImpl-8e06ede3-228e-44b7-a612-3acc89ebc779/datanode-5/data/ratis/e702fae6-23a0-4e82-a6cc-91ce96bbafa1 does not exist. Creating ...
2022-11-08 06:33:57,683 [pool-659-thread-1] INFO  storage.RaftStorageDirectory (RaftStorageDirectoryImpl.java:tryLock(231)) - Lock on /home/runner/work/ozone/ozone/hadoop-ozone/integration-test/target/test-dir/MiniOzoneClusterImpl-8e06ede3-228e-44b7-a612-3acc89ebc779/datanode-5/data/ratis/e702fae6-23a0-4e82-a6cc-91ce96bbafa1/in_use.lock acquired by nodename 12075@fv-az220-111
2022-11-08 06:33:57,685 [pool-659-thread-1] INFO  storage.RaftStorage (RaftStorageImpl.java:format(96)) - Storage directory /home/runner/work/ozone/ozone/hadoop-ozone/integration-test/target/test-dir/MiniOzoneClusterImpl-8e06ede3-228e-44b7-a612-3acc89ebc779/datanode-5/data/ratis/e702fae6-23a0-4e82-a6cc-91ce96bbafa1 has been successfully formatted.
2022-11-08 06:33:57,686 [pool-659-thread-1] INFO  ratis.ContainerStateMachine (ContainerStateMachine.java:loadSnapshot(236)) - group-91CE96BBAFA1: The snapshot info is null. Setting the last applied indexto:(t:0, i:~)
2022-11-08 06:33:57,686 [pool-659-thread-1] INFO  server.RaftServerConfigKeys (ConfUtils.java:logGet(46)) - raft.server.log.use.memory = false (default)
2022-11-08 06:33:57,687 [pool-659-thread-1] INFO  server.RaftServerConfigKeys (ConfUtils.java:logGet(46)) - raft.server.log.purge.gap = 1000000 (custom)
2022-11-08 06:33:57,688 [pool-659-thread-1] INFO  server.RaftServerConfigKeys (ConfUtils.java:logGet(46)) - raft.server.log.appender.buffer.byte-limit = 33554432 (custom)
2022-11-08 06:33:57,688 [pool-659-thread-1] INFO  server.RaftServerConfigKeys (ConfUtils.java:logGet(46)) - raft.server.log.statemachine.data.read.timeout = 1000ms (default)
2022-11-08 06:33:57,688 [pool-659-thread-1] INFO  server.RaftServerConfigKeys (ConfUtils.java:logGet(46)) - raft.server.log.purge.preservation.log.num = 0 (default)
2022-11-08 06:33:57,688 [pool-659-thread-1] INFO  server.RaftServerConfigKeys (ConfUtils.java:logGet(46)) - raft.server.log.segment.size.max = 1048576 (custom)
2022-11-08 06:33:57,688 [pool-659-thread-1] INFO  server.RaftServerConfigKeys (ConfUtils.java:logGet(46)) - raft.server.log.segment.cache.num.max = 2 (custom)
2022-11-08 06:33:57,688 [pool-659-thread-1] INFO  server.RaftServerConfigKeys (ConfUtils.java:logGet(46)) - raft.server.log.segment.cache.size.max = 200MB (=209715200) (default)
2022-11-08 06:33:57,688 [pool-659-thread-1] INFO  segmented.SegmentedRaftLogWorker (SegmentedRaftLogWorker.java:<init>(191)) - new d15a650e-2ebd-40cb-9b6d-ba61193ce2f9@group-91CE96BBAFA1-SegmentedRaftLogWorker for RaftStorageImpl:Storage Directory /home/runner/work/ozone/ozone/hadoop-ozone/integration-test/target/test-dir/MiniOzoneClusterImpl-8e06ede3-228e-44b7-a612-3acc89ebc779/datanode-5/data/ratis/e702fae6-23a0-4e82-a6cc-91ce96bbafa1
2022-11-08 06:33:57,689 [pool-659-thread-1] INFO  server.RaftServerConfigKeys (ConfUtils.java:logGet(46)) - raft.server.log.queue.byte-limit = 4294967296 (custom)
2022-11-08 06:33:57,689 [pool-659-thread-1] INFO  server.RaftServerConfigKeys (ConfUtils.java:logGet(46)) - raft.server.log.queue.element-limit = 1024 (custom)
2022-11-08 06:33:57,689 [pool-659-thread-1] INFO  server.RaftServerConfigKeys (ConfUtils.java:logGet(46)) - raft.server.log.segment.size.max = 1048576 (custom)
2022-11-08 06:33:57,689 [pool-659-thread-1] INFO  server.RaftServerConfigKeys (ConfUtils.java:logGet(46)) - raft.server.log.preallocated.size = 16384 (custom)
2022-11-08 06:33:57,689 [pool-659-thread-1] INFO  server.RaftServerConfigKeys (ConfUtils.java:logGet(46)) - raft.server.log.force.sync.num = 128 (default)
2022-11-08 06:33:57,689 [pool-659-thread-1] INFO  server.RaftServerConfigKeys (ConfUtils.java:logGet(46)) - raft.server.log.statemachine.data.sync = true (default)
2022-11-08 06:33:57,689 [pool-659-thread-1] INFO  server.RaftServerConfigKeys (ConfUtils.java:logGet(46)) - raft.server.log.statemachine.data.sync.timeout = 10s (default)
2022-11-08 06:33:57,689 [pool-659-thread-1] INFO  server.RaftServerConfigKeys (ConfUtils.java:logGet(46)) - raft.server.log.statemachine.data.sync.timeout.retry = -1 (default)
2022-11-08 06:33:57,691 [pool-659-thread-1] INFO  server.RaftServerConfigKeys (ConfUtils.java:logGet(46)) - raft.server.log.write.buffer.size = 1048576 (custom)
2022-11-08 06:33:57,691 [pool-659-thread-1] INFO  server.RaftServerConfigKeys (ConfUtils.java:logGet(46)) - raft.server.log.unsafe-flush.enabled = false (default)
2022-11-08 06:33:57,691 [pool-659-thread-1] INFO  server.RaftServerConfigKeys (ConfUtils.java:logGet(46)) - raft.server.log.async-flush.enabled = false (default)
2022-11-08 06:33:57,691 [pool-659-thread-1] INFO  server.RaftServerConfigKeys (ConfUtils.java:logGet(46)) - raft.server.log.statemachine.data.caching.enabled = true (custom)
2022-11-08 06:33:57,691 [pool-659-thread-1] INFO  segmented.SegmentedRaftLogWorker (SegmentedRaftLogWorker.java:lambda$new$0(136)) - d15a650e-2ebd-40cb-9b6d-ba61193ce2f9@group-91CE96BBAFA1-SegmentedRaftLogWorker: flushIndex: setUnconditionally 0 -> -1
2022-11-08 06:33:57,691 [pool-659-thread-1] INFO  segmented.SegmentedRaftLogWorker (SegmentedRaftLogWorker.java:lambda$new$0(136)) - d15a650e-2ebd-40cb-9b6d-ba61193ce2f9@group-91CE96BBAFA1-SegmentedRaftLogWorker: safeCacheEvictIndex: setUnconditionally 0 -> -1
2022-11-08 06:33:57,691 [pool-659-thread-1] INFO  server.RaftServer$Division (RaftServerImpl.java:start(334)) - d15a650e-2ebd-40cb-9b6d-ba61193ce2f9@group-91CE96BBAFA1: start as a follower, conf=-1: peers:[193b940e-06e0-49a5-9247-5c39d5b56c1b|rpc:10.1.0.244:41285|dataStream:|priority:0|startupRole:FOLLOWER, d15a650e-2ebd-40cb-9b6d-ba61193ce2f9|rpc:10.1.0.244:33395|dataStream:|priority:0|startupRole:FOLLOWER, 8077194d-366f-483b-b4d6-5a7a28c3c7f8|rpc:10.1.0.244:38223|dataStream:|priority:1|startupRole:FOLLOWER]|listeners:[], old=null
2022-11-08 06:33:57,691 [pool-659-thread-1] INFO  server.RaftServer$Division (RaftServerImpl.java:setRole(321)) - d15a650e-2ebd-40cb-9b6d-ba61193ce2f9@group-91CE96BBAFA1: changes role from      null to FOLLOWER at term 0 for startAsFollower
2022-11-08 06:33:57,691 [pool-659-thread-1] INFO  impl.RoleInfo (RoleInfo.java:updateAndGet(139)) - d15a650e-2ebd-40cb-9b6d-ba61193ce2f9: start d15a650e-2ebd-40cb-9b6d-ba61193ce2f9@group-91CE96BBAFA1-FollowerState
2022-11-08 06:33:57,693 [pool-659-thread-1] INFO  util.JmxRegister (JmxRegister.java:tryRegister(44)) - Successfully registered JMX Bean with object name Ratis:service=RaftServer,group=group-91CE96BBAFA1,id=d15a650e-2ebd-40cb-9b6d-ba61193ce2f9
2022-11-08 06:33:57,693 [pool-659-thread-1] INFO  server.RaftServerConfigKeys (ConfUtils.java:logGet(46)) - raft.server.snapshot.auto.trigger.enabled = true (custom)
2022-11-08 06:33:57,693 [pool-659-thread-1] INFO  server.RaftServerConfigKeys (ConfUtils.java:logGet(46)) - raft.server.snapshot.auto.trigger.threshold = 10000 (custom)
2022-11-08 06:33:57,693 [pool-659-thread-1] INFO  server.RaftServerConfigKeys (ConfUtils.java:logGet(46)) - raft.server.snapshot.retention.file.num = 5 (custom)
2022-11-08 06:33:57,693 [pool-659-thread-1] INFO  server.RaftServerConfigKeys (ConfUtils.java:logGet(46)) - raft.server.log.purge.upto.snapshot.index = false (default)
2022-11-08 06:33:57,694 [d15a650e-2ebd-40cb-9b6d-ba61193ce2f9@group-91CE96BBAFA1-FollowerState] INFO  server.RaftServerConfigKeys (ConfUtils.java:logFallback(53)) - raft.server.rpc.first-election.timeout.min = 5s (fallback to raft.server.rpc.timeout.min)
2022-11-08 06:33:57,694 [d15a650e-2ebd-40cb-9b6d-ba61193ce2f9@group-91CE96BBAFA1-FollowerState] INFO  server.RaftServerConfigKeys (ConfUtils.java:logFallback(53)) - raft.server.rpc.first-election.timeout.max = 5200ms (fallback to raft.server.rpc.timeout.max)
2022-11-08 06:33:57,718 [grpc-default-executor-0] INFO  server.RaftServer (RaftServerProxy.java:addNew(96)) - 193b940e-06e0-49a5-9247-5c39d5b56c1b: addNew group-91CE96BBAFA1:[193b940e-06e0-49a5-9247-5c39d5b56c1b|rpc:10.1.0.244:41285|dataStream:|priority:0|startupRole:FOLLOWER, d15a650e-2ebd-40cb-9b6d-ba61193ce2f9|rpc:10.1.0.244:33395|dataStream:|priority:0|startupRole:FOLLOWER, 8077194d-366f-483b-b4d6-5a7a28c3c7f8|rpc:10.1.0.244:38223|dataStream:|priority:1|startupRole:FOLLOWER] returns group-91CE96BBAFA1:java.util.concurrent.CompletableFuture@48cb47f5[Not completed]
2022-11-08 06:33:57,719 [pool-636-thread-1] INFO  server.RaftServer$Division (RaftServerImpl.java:<init>(195)) - 193b940e-06e0-49a5-9247-5c39d5b56c1b: new RaftServerImpl for group-91CE96BBAFA1:[193b940e-06e0-49a5-9247-5c39d5b56c1b|rpc:10.1.0.244:41285|dataStream:|priority:0|startupRole:FOLLOWER, d15a650e-2ebd-40cb-9b6d-ba61193ce2f9|rpc:10.1.0.244:33395|dataStream:|priority:0|startupRole:FOLLOWER, 8077194d-366f-483b-b4d6-5a7a28c3c7f8|rpc:10.1.0.244:38223|dataStream:|priority:1|startupRole:FOLLOWER] with ContainerStateMachine:uninitialized
2022-11-08 06:33:57,719 [pool-636-thread-1] INFO  server.RaftServerConfigKeys (ConfUtils.java:logGet(46)) - raft.server.rpc.timeout.min = 5s (custom)
2022-11-08 06:33:57,719 [pool-636-thread-1] INFO  server.RaftServerConfigKeys (ConfUtils.java:logGet(46)) - raft.server.rpc.timeout.max = 5200ms (custom)
2022-11-08 06:33:57,719 [pool-636-thread-1] INFO  server.RaftServerConfigKeys (ConfUtils.java:logGet(46)) - raft.server.rpc.sleep.time = 25ms (default)
2022-11-08 06:33:57,719 [pool-636-thread-1] INFO  server.RaftServerConfigKeys (ConfUtils.java:logGet(46)) - raft.server.rpc.slowness.timeout = 300s (custom)
2022-11-08 06:33:57,719 [pool-636-thread-1] INFO  server.RaftServerConfigKeys (ConfUtils.java:logGet(46)) - raft.server.leaderelection.leader.step-down.wait-time = 10s (default)
2022-11-08 06:33:57,719 [pool-636-thread-1] INFO  server.RaftServerConfigKeys (ConfUtils.java:logGet(46)) - raft.server.sleep.deviation.threshold = 300ms (default)
2022-11-08 06:33:57,719 [pool-636-thread-1] INFO  server.RaftServer$Division (ServerState.java:<init>(118)) - 193b940e-06e0-49a5-9247-5c39d5b56c1b@group-91CE96BBAFA1: ConfigurationManager, init=-1: peers:[193b940e-06e0-49a5-9247-5c39d5b56c1b|rpc:10.1.0.244:41285|dataStream:|priority:0|startupRole:FOLLOWER, d15a650e-2ebd-40cb-9b6d-ba61193ce2f9|rpc:10.1.0.244:33395|dataStream:|priority:0|startupRole:FOLLOWER, 8077194d-366f-483b-b4d6-5a7a28c3c7f8|rpc:10.1.0.244:38223|dataStream:|priority:1|startupRole:FOLLOWER]|listeners:[], old=null, confs=<EMPTY_MAP>
2022-11-08 06:33:57,719 [pool-636-thread-1] INFO  server.RaftServerConfigKeys (ConfUtils.java:logGet(46)) - raft.server.storage.dir = [/home/runner/work/ozone/ozone/hadoop-ozone/integration-test/target/test-dir/MiniOzoneClusterImpl-8e06ede3-228e-44b7-a612-3acc89ebc779/datanode-4/data/ratis] (custom)
2022-11-08 06:33:57,719 [pool-636-thread-1] INFO  server.RaftServerConfigKeys (ConfUtils.java:logGet(46)) - raft.server.log.corruption.policy = EXCEPTION (default)
2022-11-08 06:33:57,719 [pool-636-thread-1] INFO  server.RaftServerConfigKeys (ConfUtils.java:logGet(46)) - raft.server.storage.free-space.min = 0MB (=0) (default)
2022-11-08 06:33:57,719 [pool-636-thread-1] INFO  server.RaftServerConfigKeys (ConfUtils.java:logGet(46)) - raft.server.notification.no-leader.timeout = 300s (custom)
2022-11-08 06:33:57,719 [pool-636-thread-1] INFO  server.RaftServerConfigKeys (ConfUtils.java:logGet(46)) - raft.server.retrycache.expirytime = 600000ms (custom)
2022-11-08 06:33:57,719 [pool-636-thread-1] INFO  server.RaftServerConfigKeys (ConfUtils.java:logGet(46)) - raft.server.retrycache.statistics.expirytime = 100μs (default)
2022-11-08 06:33:57,721 [pool-636-thread-1] INFO  server.RaftServerConfigKeys (ConfUtils.java:logGet(46)) - raft.server.log.appender.install.snapshot.enabled = false (custom)
2022-11-08 06:33:57,721 [pool-636-thread-1] INFO  server.RaftServerConfigKeys (ConfUtils.java:logGet(46)) - raft.server.threadpool.server.cached = true (default)
2022-11-08 06:33:57,721 [pool-636-thread-1] INFO  server.RaftServerConfigKeys (ConfUtils.java:logGet(46)) - raft.server.threadpool.server.size = 0 (default)
2022-11-08 06:33:57,721 [pool-636-thread-1] INFO  server.RaftServerConfigKeys (ConfUtils.java:logGet(46)) - raft.server.threadpool.client.cached = true (default)
2022-11-08 06:33:57,721 [pool-636-thread-1] INFO  server.RaftServerConfigKeys (ConfUtils.java:logGet(46)) - raft.server.threadpool.client.size = 0 (default)
2022-11-08 06:33:57,721 [pool-636-thread-1] INFO  storage.RaftStorageDirectory (RaftStorageDirectoryImpl.java:analyzeStorage(137)) - The storage directory /home/runner/work/ozone/ozone/hadoop-ozone/integration-test/target/test-dir/MiniOzoneClusterImpl-8e06ede3-228e-44b7-a612-3acc89ebc779/datanode-4/data/ratis/e702fae6-23a0-4e82-a6cc-91ce96bbafa1 does not exist. Creating ...
2022-11-08 06:33:57,723 [pool-636-thread-1] INFO  storage.RaftStorageDirectory (RaftStorageDirectoryImpl.java:tryLock(231)) - Lock on /home/runner/work/ozone/ozone/hadoop-ozone/integration-test/target/test-dir/MiniOzoneClusterImpl-8e06ede3-228e-44b7-a612-3acc89ebc779/datanode-4/data/ratis/e702fae6-23a0-4e82-a6cc-91ce96bbafa1/in_use.lock acquired by nodename 12075@fv-az220-111
2022-11-08 06:33:57,725 [pool-636-thread-1] INFO  storage.RaftStorage (RaftStorageImpl.java:format(96)) - Storage directory /home/runner/work/ozone/ozone/hadoop-ozone/integration-test/target/test-dir/MiniOzoneClusterImpl-8e06ede3-228e-44b7-a612-3acc89ebc779/datanode-4/data/ratis/e702fae6-23a0-4e82-a6cc-91ce96bbafa1 has been successfully formatted.
2022-11-08 06:33:57,726 [pool-636-thread-1] INFO  ratis.ContainerStateMachine (ContainerStateMachine.java:loadSnapshot(236)) - group-91CE96BBAFA1: The snapshot info is null. Setting the last applied indexto:(t:0, i:~)
2022-11-08 06:33:57,726 [pool-636-thread-1] INFO  server.RaftServerConfigKeys (ConfUtils.java:logGet(46)) - raft.server.log.use.memory = false (default)
2022-11-08 06:33:57,726 [pool-636-thread-1] INFO  server.RaftServerConfigKeys (ConfUtils.java:logGet(46)) - raft.server.log.purge.gap = 1000000 (custom)
2022-11-08 06:33:57,726 [pool-636-thread-1] INFO  server.RaftServerConfigKeys (ConfUtils.java:logGet(46)) - raft.server.log.appender.buffer.byte-limit = 33554432 (custom)
2022-11-08 06:33:57,726 [pool-636-thread-1] INFO  server.RaftServerConfigKeys (ConfUtils.java:logGet(46)) - raft.server.log.statemachine.data.read.timeout = 1000ms (default)
2022-11-08 06:33:57,726 [pool-636-thread-1] INFO  server.RaftServerConfigKeys (ConfUtils.java:logGet(46)) - raft.server.log.purge.preservation.log.num = 0 (default)
2022-11-08 06:33:57,726 [pool-636-thread-1] INFO  server.RaftServerConfigKeys (ConfUtils.java:logGet(46)) - raft.server.log.segment.size.max = 1048576 (custom)
2022-11-08 06:33:57,727 [pool-636-thread-1] INFO  server.RaftServerConfigKeys (ConfUtils.java:logGet(46)) - raft.server.log.segment.cache.num.max = 2 (custom)
2022-11-08 06:33:57,727 [pool-636-thread-1] INFO  server.RaftServerConfigKeys (ConfUtils.java:logGet(46)) - raft.server.log.segment.cache.size.max = 200MB (=209715200) (default)
2022-11-08 06:33:57,727 [pool-636-thread-1] INFO  segmented.SegmentedRaftLogWorker (SegmentedRaftLogWorker.java:<init>(191)) - new 193b940e-06e0-49a5-9247-5c39d5b56c1b@group-91CE96BBAFA1-SegmentedRaftLogWorker for RaftStorageImpl:Storage Directory /home/runner/work/ozone/ozone/hadoop-ozone/integration-test/target/test-dir/MiniOzoneClusterImpl-8e06ede3-228e-44b7-a612-3acc89ebc779/datanode-4/data/ratis/e702fae6-23a0-4e82-a6cc-91ce96bbafa1
2022-11-08 06:33:57,727 [pool-636-thread-1] INFO  server.RaftServerConfigKeys (ConfUtils.java:logGet(46)) - raft.server.log.queue.byte-limit = 4294967296 (custom)
2022-11-08 06:33:57,728 [pool-636-thread-1] INFO  server.RaftServerConfigKeys (ConfUtils.java:logGet(46)) - raft.server.log.queue.element-limit = 1024 (custom)
2022-11-08 06:33:57,728 [pool-636-thread-1] INFO  server.RaftServerConfigKeys (ConfUtils.java:logGet(46)) - raft.server.log.segment.size.max = 1048576 (custom)
2022-11-08 06:33:57,728 [pool-636-thread-1] INFO  server.RaftServerConfigKeys (ConfUtils.java:logGet(46)) - raft.server.log.preallocated.size = 16384 (custom)
2022-11-08 06:33:57,728 [pool-636-thread-1] INFO  server.RaftServerConfigKeys (ConfUtils.java:logGet(46)) - raft.server.log.force.sync.num = 128 (default)
2022-11-08 06:33:57,728 [pool-636-thread-1] INFO  server.RaftServerConfigKeys (ConfUtils.java:logGet(46)) - raft.server.log.statemachine.data.sync = true (default)
2022-11-08 06:33:57,728 [pool-636-thread-1] INFO  server.RaftServerConfigKeys (ConfUtils.java:logGet(46)) - raft.server.log.statemachine.data.sync.timeout = 10s (default)
2022-11-08 06:33:57,728 [pool-636-thread-1] INFO  server.RaftServerConfigKeys (ConfUtils.java:logGet(46)) - raft.server.log.statemachine.data.sync.timeout.retry = -1 (default)
2022-11-08 06:33:57,729 [pool-636-thread-1] INFO  server.RaftServerConfigKeys (ConfUtils.java:logGet(46)) - raft.server.log.write.buffer.size = 1048576 (custom)
2022-11-08 06:33:57,730 [pool-636-thread-1] INFO  server.RaftServerConfigKeys (ConfUtils.java:logGet(46)) - raft.server.log.unsafe-flush.enabled = false (default)
2022-11-08 06:33:57,730 [pool-636-thread-1] INFO  server.RaftServerConfigKeys (ConfUtils.java:logGet(46)) - raft.server.log.async-flush.enabled = false (default)
2022-11-08 06:33:57,730 [pool-636-thread-1] INFO  server.RaftServerConfigKeys (ConfUtils.java:logGet(46)) - raft.server.log.statemachine.data.caching.enabled = true (custom)
2022-11-08 06:33:57,731 [pool-636-thread-1] INFO  segmented.SegmentedRaftLogWorker (SegmentedRaftLogWorker.java:lambda$new$0(136)) - 193b940e-06e0-49a5-9247-5c39d5b56c1b@group-91CE96BBAFA1-SegmentedRaftLogWorker: flushIndex: setUnconditionally 0 -> -1
2022-11-08 06:33:57,731 [pool-636-thread-1] INFO  segmented.SegmentedRaftLogWorker (SegmentedRaftLogWorker.java:lambda$new$0(136)) - 193b940e-06e0-49a5-9247-5c39d5b56c1b@group-91CE96BBAFA1-SegmentedRaftLogWorker: safeCacheEvictIndex: setUnconditionally 0 -> -1
2022-11-08 06:33:57,731 [pool-636-thread-1] INFO  server.RaftServer$Division (RaftServerImpl.java:start(334)) - 193b940e-06e0-49a5-9247-5c39d5b56c1b@group-91CE96BBAFA1: start as a follower, conf=-1: peers:[193b940e-06e0-49a5-9247-5c39d5b56c1b|rpc:10.1.0.244:41285|dataStream:|priority:0|startupRole:FOLLOWER, d15a650e-2ebd-40cb-9b6d-ba61193ce2f9|rpc:10.1.0.244:33395|dataStream:|priority:0|startupRole:FOLLOWER, 8077194d-366f-483b-b4d6-5a7a28c3c7f8|rpc:10.1.0.244:38223|dataStream:|priority:1|startupRole:FOLLOWER]|listeners:[], old=null
2022-11-08 06:33:57,731 [pool-636-thread-1] INFO  server.RaftServer$Division (RaftServerImpl.java:setRole(321)) - 193b940e-06e0-49a5-9247-5c39d5b56c1b@group-91CE96BBAFA1: changes role from      null to FOLLOWER at term 0 for startAsFollower
2022-11-08 06:33:57,731 [pool-636-thread-1] INFO  impl.RoleInfo (RoleInfo.java:updateAndGet(139)) - 193b940e-06e0-49a5-9247-5c39d5b56c1b: start 193b940e-06e0-49a5-9247-5c39d5b56c1b@group-91CE96BBAFA1-FollowerState
2022-11-08 06:33:57,736 [pool-636-thread-1] INFO  util.JmxRegister (JmxRegister.java:tryRegister(44)) - Successfully registered JMX Bean with object name Ratis:service=RaftServer,group=group-91CE96BBAFA1,id=193b940e-06e0-49a5-9247-5c39d5b56c1b
2022-11-08 06:33:57,736 [pool-636-thread-1] INFO  server.RaftServerConfigKeys (ConfUtils.java:logGet(46)) - raft.server.snapshot.auto.trigger.enabled = true (custom)
2022-11-08 06:33:57,736 [pool-636-thread-1] INFO  server.RaftServerConfigKeys (ConfUtils.java:logGet(46)) - raft.server.snapshot.auto.trigger.threshold = 10000 (custom)
2022-11-08 06:33:57,736 [pool-636-thread-1] INFO  server.RaftServerConfigKeys (ConfUtils.java:logGet(46)) - raft.server.snapshot.retention.file.num = 5 (custom)
2022-11-08 06:33:57,736 [pool-636-thread-1] INFO  server.RaftServerConfigKeys (ConfUtils.java:logGet(46)) - raft.server.log.purge.upto.snapshot.index = false (default)
2022-11-08 06:33:57,737 [193b940e-06e0-49a5-9247-5c39d5b56c1b@group-91CE96BBAFA1-FollowerState] INFO  server.RaftServerConfigKeys (ConfUtils.java:logFallback(53)) - raft.server.rpc.first-election.timeout.min = 5s (fallback to raft.server.rpc.timeout.min)
2022-11-08 06:33:57,737 [193b940e-06e0-49a5-9247-5c39d5b56c1b@group-91CE96BBAFA1-FollowerState] INFO  server.RaftServerConfigKeys (ConfUtils.java:logFallback(53)) - raft.server.rpc.first-election.timeout.max = 5200ms (fallback to raft.server.rpc.timeout.max)
2022-11-08 06:33:57,749 [Command processor thread] INFO  commandhandler.CreatePipelineCommandHandler (CreatePipelineCommandHandler.java:handle(113)) - Created Pipeline RATIS THREE PipelineID=e702fae6-23a0-4e82-a6cc-91ce96bbafa1.
2022-11-08 06:33:58,247 [Listener at 127.0.0.1/44321] INFO  ozone.MiniOzoneClusterImpl (MiniOzoneClusterImpl.java:lambda$waitForClusterToBeReady$0(216)) - Nodes are ready. Got 6 of 6 DN Heartbeats.
2022-11-08 06:33:58,247 [Listener at 127.0.0.1/44321] INFO  ozone.MiniOzoneClusterImpl (MiniOzoneClusterImpl.java:lambda$waitForClusterToBeReady$0(219)) - Waiting for cluster to exit safe mode
2022-11-08 06:33:58,247 [Listener at 127.0.0.1/44321] INFO  ozone.MiniOzoneClusterImpl (MiniOzoneClusterImpl.java:lambda$waitForClusterToBeReady$0(221)) - SCM became leader
2022-11-08 06:33:59,248 [Listener at 127.0.0.1/44321] INFO  ozone.MiniOzoneClusterImpl (MiniOzoneClusterImpl.java:lambda$waitForClusterToBeReady$0(216)) - Nodes are ready. Got 6 of 6 DN Heartbeats.
2022-11-08 06:33:59,248 [Listener at 127.0.0.1/44321] INFO  ozone.MiniOzoneClusterImpl (MiniOzoneClusterImpl.java:lambda$waitForClusterToBeReady$0(219)) - Waiting for cluster to exit safe mode
2022-11-08 06:33:59,248 [Listener at 127.0.0.1/44321] INFO  ozone.MiniOzoneClusterImpl (MiniOzoneClusterImpl.java:lambda$waitForClusterToBeReady$0(221)) - SCM became leader
2022-11-08 06:34:00,248 [Listener at 127.0.0.1/44321] INFO  ozone.MiniOzoneClusterImpl (MiniOzoneClusterImpl.java:lambda$waitForClusterToBeReady$0(216)) - Nodes are ready. Got 6 of 6 DN Heartbeats.
2022-11-08 06:34:00,249 [Listener at 127.0.0.1/44321] INFO  ozone.MiniOzoneClusterImpl (MiniOzoneClusterImpl.java:lambda$waitForClusterToBeReady$0(219)) - Waiting for cluster to exit safe mode
2022-11-08 06:34:00,249 [Listener at 127.0.0.1/44321] INFO  ozone.MiniOzoneClusterImpl (MiniOzoneClusterImpl.java:lambda$waitForClusterToBeReady$0(221)) - SCM became leader
2022-11-08 06:34:01,249 [Listener at 127.0.0.1/44321] INFO  ozone.MiniOzoneClusterImpl (MiniOzoneClusterImpl.java:lambda$waitForClusterToBeReady$0(216)) - Nodes are ready. Got 6 of 6 DN Heartbeats.
2022-11-08 06:34:01,249 [Listener at 127.0.0.1/44321] INFO  ozone.MiniOzoneClusterImpl (MiniOzoneClusterImpl.java:lambda$waitForClusterToBeReady$0(219)) - Waiting for cluster to exit safe mode
2022-11-08 06:34:01,250 [Listener at 127.0.0.1/44321] INFO  ozone.MiniOzoneClusterImpl (MiniOzoneClusterImpl.java:lambda$waitForClusterToBeReady$0(221)) - SCM became leader
2022-11-08 06:34:01,540 [73b7dc0c-af7c-46fd-8914-03b4db151d45@group-10203FD77499-FollowerState] INFO  impl.FollowerState (FollowerState.java:run(143)) - 73b7dc0c-af7c-46fd-8914-03b4db151d45@group-10203FD77499-FollowerState: change to CANDIDATE, lastRpcElapsedTime:5026647662ns, electionTimeout:5024ms
2022-11-08 06:34:01,541 [73b7dc0c-af7c-46fd-8914-03b4db151d45@group-10203FD77499-FollowerState] INFO  impl.RoleInfo (RoleInfo.java:shutdownFollowerState(110)) - 73b7dc0c-af7c-46fd-8914-03b4db151d45: shutdown 73b7dc0c-af7c-46fd-8914-03b4db151d45@group-10203FD77499-FollowerState
2022-11-08 06:34:01,541 [73b7dc0c-af7c-46fd-8914-03b4db151d45@group-10203FD77499-FollowerState] INFO  server.RaftServer$Division (RaftServerImpl.java:setRole(321)) - 73b7dc0c-af7c-46fd-8914-03b4db151d45@group-10203FD77499: changes role from  FOLLOWER to CANDIDATE at term 0 for changeToCandidate
2022-11-08 06:34:01,541 [73b7dc0c-af7c-46fd-8914-03b4db151d45@group-10203FD77499-FollowerState] INFO  server.RaftServerConfigKeys (ConfUtils.java:logGet(46)) - raft.server.leaderelection.pre-vote = false (custom)
2022-11-08 06:34:01,541 [73b7dc0c-af7c-46fd-8914-03b4db151d45@group-10203FD77499-FollowerState] INFO  impl.RoleInfo (RoleInfo.java:updateAndGet(139)) - 73b7dc0c-af7c-46fd-8914-03b4db151d45: start 73b7dc0c-af7c-46fd-8914-03b4db151d45@group-10203FD77499-LeaderElection30
2022-11-08 06:34:01,551 [73b7dc0c-af7c-46fd-8914-03b4db151d45@group-10203FD77499-LeaderElection30] INFO  impl.LeaderElection (LeaderElection.java:askForVotes(312)) - 73b7dc0c-af7c-46fd-8914-03b4db151d45@group-10203FD77499-LeaderElection30 ELECTION round 0: submit vote requests at term 1 for -1: peers:[7cdbd1b5-097b-4b08-9783-327855de8893|rpc:10.1.0.244:38963|dataStream:|priority:0|startupRole:FOLLOWER, f5a08da9-e999-4666-9813-af0703791aee|rpc:10.1.0.244:37541|dataStream:|priority:1|startupRole:FOLLOWER, 73b7dc0c-af7c-46fd-8914-03b4db151d45|rpc:10.1.0.244:39667|dataStream:|priority:0|startupRole:FOLLOWER]|listeners:[], old=null
2022-11-08 06:34:01,552 [73b7dc0c-af7c-46fd-8914-03b4db151d45@group-10203FD77499-LeaderElection30-1] INFO  server.GrpcServerProtocolClient (GrpcServerProtocolClient.java:<init>(63)) - Build channel for 7cdbd1b5-097b-4b08-9783-327855de8893
2022-11-08 06:34:01,555 [73b7dc0c-af7c-46fd-8914-03b4db151d45@group-10203FD77499-LeaderElection30] INFO  server.RaftServerConfigKeys (ConfUtils.java:logFallback(53)) - raft.server.rpc.first-election.timeout.min = 5s (fallback to raft.server.rpc.timeout.min)
2022-11-08 06:34:01,555 [73b7dc0c-af7c-46fd-8914-03b4db151d45@group-10203FD77499-LeaderElection30] INFO  server.RaftServerConfigKeys (ConfUtils.java:logFallback(53)) - raft.server.rpc.first-election.timeout.max = 5200ms (fallback to raft.server.rpc.timeout.max)
2022-11-08 06:34:01,555 [73b7dc0c-af7c-46fd-8914-03b4db151d45@group-10203FD77499-LeaderElection30-2] INFO  server.GrpcServerProtocolClient (GrpcServerProtocolClient.java:<init>(63)) - Build channel for f5a08da9-e999-4666-9813-af0703791aee
2022-11-08 06:34:01,563 [grpc-default-executor-0] INFO  server.RaftServer$Division (RaftServerImpl.java:requestVote(1218)) - f5a08da9-e999-4666-9813-af0703791aee@group-10203FD77499: receive requestVote(ELECTION, 73b7dc0c-af7c-46fd-8914-03b4db151d45, group-10203FD77499, 1, (t:0, i:0))
2022-11-08 06:34:01,563 [grpc-default-executor-0] INFO  impl.VoteContext (VoteContext.java:log(48)) - f5a08da9-e999-4666-9813-af0703791aee@group-10203FD77499-FOLLOWER: reject ELECTION from 73b7dc0c-af7c-46fd-8914-03b4db151d45: our priority 1 > candidate's priority 0
2022-11-08 06:34:01,563 [grpc-default-executor-0] INFO  server.RaftServer$Division (RaftServerImpl.java:setRole(321)) - f5a08da9-e999-4666-9813-af0703791aee@group-10203FD77499: changes role from  FOLLOWER to FOLLOWER at term 1 for candidate:73b7dc0c-af7c-46fd-8914-03b4db151d45
2022-11-08 06:34:01,563 [grpc-default-executor-0] INFO  impl.RoleInfo (RoleInfo.java:shutdownFollowerState(110)) - f5a08da9-e999-4666-9813-af0703791aee: shutdown f5a08da9-e999-4666-9813-af0703791aee@group-10203FD77499-FollowerState
2022-11-08 06:34:01,563 [grpc-default-executor-0] INFO  impl.RoleInfo (RoleInfo.java:updateAndGet(139)) - f5a08da9-e999-4666-9813-af0703791aee: start f5a08da9-e999-4666-9813-af0703791aee@group-10203FD77499-FollowerState
2022-11-08 06:34:01,563 [f5a08da9-e999-4666-9813-af0703791aee@group-10203FD77499-FollowerState] INFO  impl.FollowerState (FollowerState.java:run(152)) - f5a08da9-e999-4666-9813-af0703791aee@group-10203FD77499-FollowerState was interrupted
2022-11-08 06:34:01,564 [grpc-default-executor-1] INFO  server.RaftServer$Division (RaftServerImpl.java:requestVote(1218)) - 7cdbd1b5-097b-4b08-9783-327855de8893@group-10203FD77499: receive requestVote(ELECTION, 73b7dc0c-af7c-46fd-8914-03b4db151d45, group-10203FD77499, 1, (t:0, i:0))
2022-11-08 06:34:01,564 [grpc-default-executor-1] INFO  impl.VoteContext (VoteContext.java:log(48)) - 7cdbd1b5-097b-4b08-9783-327855de8893@group-10203FD77499-FOLLOWER: accept ELECTION from 73b7dc0c-af7c-46fd-8914-03b4db151d45: our priority 0 <= candidate's priority 0
2022-11-08 06:34:01,564 [grpc-default-executor-1] INFO  server.RaftServer$Division (RaftServerImpl.java:setRole(321)) - 7cdbd1b5-097b-4b08-9783-327855de8893@group-10203FD77499: changes role from  FOLLOWER to FOLLOWER at term 1 for candidate:73b7dc0c-af7c-46fd-8914-03b4db151d45
2022-11-08 06:34:01,564 [grpc-default-executor-1] INFO  impl.RoleInfo (RoleInfo.java:shutdownFollowerState(110)) - 7cdbd1b5-097b-4b08-9783-327855de8893: shutdown 7cdbd1b5-097b-4b08-9783-327855de8893@group-10203FD77499-FollowerState
2022-11-08 06:34:01,570 [grpc-default-executor-1] INFO  impl.RoleInfo (RoleInfo.java:updateAndGet(139)) - 7cdbd1b5-097b-4b08-9783-327855de8893: start 7cdbd1b5-097b-4b08-9783-327855de8893@group-10203FD77499-FollowerState
2022-11-08 06:34:01,570 [grpc-default-executor-0] INFO  server.RaftServer$Division (RaftServerImpl.java:requestVote(1251)) - f5a08da9-e999-4666-9813-af0703791aee@group-10203FD77499 replies to ELECTION vote request: 73b7dc0c-af7c-46fd-8914-03b4db151d45<-f5a08da9-e999-4666-9813-af0703791aee#0:FAIL-t1. Peer's state: f5a08da9-e999-4666-9813-af0703791aee@group-10203FD77499:t1, leader=null, voted=null, raftlog=Memoized:f5a08da9-e999-4666-9813-af0703791aee@group-10203FD77499-SegmentedRaftLog:OPENED:c-1, conf=-1: peers:[7cdbd1b5-097b-4b08-9783-327855de8893|rpc:10.1.0.244:38963|dataStream:|priority:0|startupRole:FOLLOWER, f5a08da9-e999-4666-9813-af0703791aee|rpc:10.1.0.244:37541|dataStream:|priority:1|startupRole:FOLLOWER, 73b7dc0c-af7c-46fd-8914-03b4db151d45|rpc:10.1.0.244:39667|dataStream:|priority:0|startupRole:FOLLOWER]|listeners:[], old=null
2022-11-08 06:34:01,577 [f5a08da9-e999-4666-9813-af0703791aee@group-10203FD77499-FollowerState] INFO  server.RaftServerConfigKeys (ConfUtils.java:logFallback(53)) - raft.server.rpc.first-election.timeout.min = 5s (fallback to raft.server.rpc.timeout.min)
2022-11-08 06:34:01,577 [f5a08da9-e999-4666-9813-af0703791aee@group-10203FD77499-FollowerState] INFO  server.RaftServerConfigKeys (ConfUtils.java:logFallback(53)) - raft.server.rpc.first-election.timeout.max = 5200ms (fallback to raft.server.rpc.timeout.max)
2022-11-08 06:34:01,577 [7cdbd1b5-097b-4b08-9783-327855de8893@group-10203FD77499-FollowerState] INFO  server.RaftServerConfigKeys (ConfUtils.java:logFallback(53)) - raft.server.rpc.first-election.timeout.min = 5s (fallback to raft.server.rpc.timeout.min)
2022-11-08 06:34:01,577 [7cdbd1b5-097b-4b08-9783-327855de8893@group-10203FD77499-FollowerState] INFO  server.RaftServerConfigKeys (ConfUtils.java:logFallback(53)) - raft.server.rpc.first-election.timeout.max = 5200ms (fallback to raft.server.rpc.timeout.max)
2022-11-08 06:34:01,577 [7cdbd1b5-097b-4b08-9783-327855de8893@group-10203FD77499-FollowerState] INFO  impl.FollowerState (FollowerState.java:run(152)) - 7cdbd1b5-097b-4b08-9783-327855de8893@group-10203FD77499-FollowerState was interrupted
2022-11-08 06:34:01,578 [73b7dc0c-af7c-46fd-8914-03b4db151d45@group-10203FD77499-LeaderElection30] INFO  impl.LeaderElection (LeaderElection.java:logAndReturn(90)) - 73b7dc0c-af7c-46fd-8914-03b4db151d45@group-10203FD77499-LeaderElection30: ELECTION REJECTED received 1 response(s) and 0 exception(s):
2022-11-08 06:34:01,578 [73b7dc0c-af7c-46fd-8914-03b4db151d45@group-10203FD77499-LeaderElection30] INFO  impl.LeaderElection (LeaderElection.java:logAndReturn(94)) -   Response 0: 73b7dc0c-af7c-46fd-8914-03b4db151d45<-f5a08da9-e999-4666-9813-af0703791aee#0:FAIL-t1
2022-11-08 06:34:01,579 [73b7dc0c-af7c-46fd-8914-03b4db151d45@group-10203FD77499-LeaderElection30] INFO  impl.LeaderElection (LeaderElection.java:askForVotes(314)) - 73b7dc0c-af7c-46fd-8914-03b4db151d45@group-10203FD77499-LeaderElection30 ELECTION round 0: result REJECTED
2022-11-08 06:34:01,579 [73b7dc0c-af7c-46fd-8914-03b4db151d45@group-10203FD77499-LeaderElection30] INFO  server.RaftServer$Division (RaftServerImpl.java:setRole(321)) - 73b7dc0c-af7c-46fd-8914-03b4db151d45@group-10203FD77499: changes role from CANDIDATE to FOLLOWER at term 1 for REJECTED
2022-11-08 06:34:01,579 [73b7dc0c-af7c-46fd-8914-03b4db151d45@group-10203FD77499-LeaderElection30] INFO  impl.RoleInfo (RoleInfo.java:shutdownLeaderElection(130)) - 73b7dc0c-af7c-46fd-8914-03b4db151d45: shutdown 73b7dc0c-af7c-46fd-8914-03b4db151d45@group-10203FD77499-LeaderElection30
2022-11-08 06:34:01,579 [73b7dc0c-af7c-46fd-8914-03b4db151d45@group-10203FD77499-LeaderElection30] INFO  impl.RoleInfo (RoleInfo.java:updateAndGet(139)) - 73b7dc0c-af7c-46fd-8914-03b4db151d45: start 73b7dc0c-af7c-46fd-8914-03b4db151d45@group-10203FD77499-FollowerState
2022-11-08 06:34:01,579 [73b7dc0c-af7c-46fd-8914-03b4db151d45@group-10203FD77499-FollowerState] INFO  server.RaftServerConfigKeys (ConfUtils.java:logFallback(53)) - raft.server.rpc.first-election.timeout.min = 5s (fallback to raft.server.rpc.timeout.min)
2022-11-08 06:34:01,579 [73b7dc0c-af7c-46fd-8914-03b4db151d45@group-10203FD77499-FollowerState] INFO  server.RaftServerConfigKeys (ConfUtils.java:logFallback(53)) - raft.server.rpc.first-election.timeout.max = 5200ms (fallback to raft.server.rpc.timeout.max)
2022-11-08 06:34:01,579 [grpc-default-executor-1] INFO  server.RaftServer$Division (RaftServerImpl.java:requestVote(1251)) - 7cdbd1b5-097b-4b08-9783-327855de8893@group-10203FD77499 replies to ELECTION vote request: 73b7dc0c-af7c-46fd-8914-03b4db151d45<-7cdbd1b5-097b-4b08-9783-327855de8893#0:OK-t1. Peer's state: 7cdbd1b5-097b-4b08-9783-327855de8893@group-10203FD77499:t1, leader=null, voted=73b7dc0c-af7c-46fd-8914-03b4db151d45, raftlog=Memoized:7cdbd1b5-097b-4b08-9783-327855de8893@group-10203FD77499-SegmentedRaftLog:OPENED:c-1, conf=-1: peers:[7cdbd1b5-097b-4b08-9783-327855de8893|rpc:10.1.0.244:38963|priority:0|startupRole:FOLLOWER, f5a08da9-e999-4666-9813-af0703791aee|rpc:10.1.0.244:37541|priority:1|startupRole:FOLLOWER, 73b7dc0c-af7c-46fd-8914-03b4db151d45|rpc:10.1.0.244:39667|priority:0|startupRole:FOLLOWER]|listeners:[], old=null
2022-11-08 06:34:01,682 [7cdbd1b5-097b-4b08-9783-327855de8893@group-A09AEB66014F-FollowerState] INFO  impl.FollowerState (FollowerState.java:run(143)) - 7cdbd1b5-097b-4b08-9783-327855de8893@group-A09AEB66014F-FollowerState: change to CANDIDATE, lastRpcElapsedTime:5151534051ns, electionTimeout:5151ms
2022-11-08 06:34:01,682 [7cdbd1b5-097b-4b08-9783-327855de8893@group-A09AEB66014F-FollowerState] INFO  impl.RoleInfo (RoleInfo.java:shutdownFollowerState(110)) - 7cdbd1b5-097b-4b08-9783-327855de8893: shutdown 7cdbd1b5-097b-4b08-9783-327855de8893@group-A09AEB66014F-FollowerState
2022-11-08 06:34:01,682 [7cdbd1b5-097b-4b08-9783-327855de8893@group-A09AEB66014F-FollowerState] INFO  server.RaftServer$Division (RaftServerImpl.java:setRole(321)) - 7cdbd1b5-097b-4b08-9783-327855de8893@group-A09AEB66014F: changes role from  FOLLOWER to CANDIDATE at term 0 for changeToCandidate
2022-11-08 06:34:01,682 [7cdbd1b5-097b-4b08-9783-327855de8893@group-A09AEB66014F-FollowerState] INFO  server.RaftServerConfigKeys (ConfUtils.java:logGet(46)) - raft.server.leaderelection.pre-vote = false (custom)
2022-11-08 06:34:01,682 [7cdbd1b5-097b-4b08-9783-327855de8893@group-A09AEB66014F-FollowerState] INFO  impl.RoleInfo (RoleInfo.java:updateAndGet(139)) - 7cdbd1b5-097b-4b08-9783-327855de8893: start 7cdbd1b5-097b-4b08-9783-327855de8893@group-A09AEB66014F-LeaderElection31
2022-11-08 06:34:01,687 [7cdbd1b5-097b-4b08-9783-327855de8893@group-A09AEB66014F-LeaderElection31] INFO  impl.LeaderElection (LeaderElection.java:askForVotes(312)) - 7cdbd1b5-097b-4b08-9783-327855de8893@group-A09AEB66014F-LeaderElection31 ELECTION round 0: submit vote requests at term 1 for -1: peers:[7cdbd1b5-097b-4b08-9783-327855de8893|rpc:10.1.0.244:38963|priority:0|startupRole:FOLLOWER, f5a08da9-e999-4666-9813-af0703791aee|rpc:10.1.0.244:37541|priority:0|startupRole:FOLLOWER, 73b7dc0c-af7c-46fd-8914-03b4db151d45|rpc:10.1.0.244:39667|priority:1|startupRole:FOLLOWER]|listeners:[], old=null
2022-11-08 06:34:01,687 [7cdbd1b5-097b-4b08-9783-327855de8893@group-A09AEB66014F-LeaderElection31] INFO  server.RaftServerConfigKeys (ConfUtils.java:logFallback(53)) - raft.server.rpc.first-election.timeout.min = 5s (fallback to raft.server.rpc.timeout.min)
2022-11-08 06:34:01,687 [7cdbd1b5-097b-4b08-9783-327855de8893@group-A09AEB66014F-LeaderElection31-1] INFO  server.GrpcServerProtocolClient (GrpcServerProtocolClient.java:<init>(63)) - Build channel for f5a08da9-e999-4666-9813-af0703791aee
2022-11-08 06:34:01,687 [7cdbd1b5-097b-4b08-9783-327855de8893@group-A09AEB66014F-LeaderElection31] INFO  server.RaftServerConfigKeys (ConfUtils.java:logFallback(53)) - raft.server.rpc.first-election.timeout.max = 5200ms (fallback to raft.server.rpc.timeout.max)
2022-11-08 06:34:01,687 [7cdbd1b5-097b-4b08-9783-327855de8893@group-A09AEB66014F-LeaderElection31-2] INFO  server.GrpcServerProtocolClient (GrpcServerProtocolClient.java:<init>(63)) - Build channel for 73b7dc0c-af7c-46fd-8914-03b4db151d45
2022-11-08 06:34:01,689 [73b7dc0c-af7c-46fd-8914-03b4db151d45@group-A09AEB66014F-FollowerState] INFO  impl.FollowerState (FollowerState.java:run(143)) - 73b7dc0c-af7c-46fd-8914-03b4db151d45@group-A09AEB66014F-FollowerState: change to CANDIDATE, lastRpcElapsedTime:5091653182ns, electionTimeout:5088ms
2022-11-08 06:34:01,689 [73b7dc0c-af7c-46fd-8914-03b4db151d45@group-A09AEB66014F-FollowerState] INFO  impl.RoleInfo (RoleInfo.java:shutdownFollowerState(110)) - 73b7dc0c-af7c-46fd-8914-03b4db151d45: shutdown 73b7dc0c-af7c-46fd-8914-03b4db151d45@group-A09AEB66014F-FollowerState
2022-11-08 06:34:01,689 [73b7dc0c-af7c-46fd-8914-03b4db151d45@group-A09AEB66014F-FollowerState] INFO  server.RaftServer$Division (RaftServerImpl.java:setRole(321)) - 73b7dc0c-af7c-46fd-8914-03b4db151d45@group-A09AEB66014F: changes role from  FOLLOWER to CANDIDATE at term 0 for changeToCandidate
2022-11-08 06:34:01,690 [73b7dc0c-af7c-46fd-8914-03b4db151d45@group-A09AEB66014F-FollowerState] INFO  server.RaftServerConfigKeys (ConfUtils.java:logGet(46)) - raft.server.leaderelection.pre-vote = false (custom)
2022-11-08 06:34:01,690 [73b7dc0c-af7c-46fd-8914-03b4db151d45@group-A09AEB66014F-FollowerState] INFO  impl.RoleInfo (RoleInfo.java:updateAndGet(139)) - 73b7dc0c-af7c-46fd-8914-03b4db151d45: start 73b7dc0c-af7c-46fd-8914-03b4db151d45@group-A09AEB66014F-LeaderElection32
2022-11-08 06:34:01,695 [73b7dc0c-af7c-46fd-8914-03b4db151d45@group-A09AEB66014F-LeaderElection32] INFO  impl.LeaderElection (LeaderElection.java:askForVotes(312)) - 73b7dc0c-af7c-46fd-8914-03b4db151d45@group-A09AEB66014F-LeaderElection32 ELECTION round 0: submit vote requests at term 1 for -1: peers:[7cdbd1b5-097b-4b08-9783-327855de8893|rpc:10.1.0.244:38963|dataStream:|priority:0|startupRole:FOLLOWER, f5a08da9-e999-4666-9813-af0703791aee|rpc:10.1.0.244:37541|dataStream:|priority:0|startupRole:FOLLOWER, 73b7dc0c-af7c-46fd-8914-03b4db151d45|rpc:10.1.0.244:39667|dataStream:|priority:1|startupRole:FOLLOWER]|listeners:[], old=null
2022-11-08 06:34:01,695 [grpc-default-executor-1] INFO  server.RaftServer$Division (RaftServerImpl.java:requestVote(1218)) - 73b7dc0c-af7c-46fd-8914-03b4db151d45@group-A09AEB66014F: receive requestVote(ELECTION, 7cdbd1b5-097b-4b08-9783-327855de8893, group-A09AEB66014F, 1, (t:0, i:0))
2022-11-08 06:34:01,695 [grpc-default-executor-1] INFO  impl.VoteContext (VoteContext.java:log(48)) - 73b7dc0c-af7c-46fd-8914-03b4db151d45@group-A09AEB66014F-CANDIDATE: reject ELECTION from 7cdbd1b5-097b-4b08-9783-327855de8893: already has voted for 73b7dc0c-af7c-46fd-8914-03b4db151d45 at current term 1
2022-11-08 06:34:01,696 [grpc-default-executor-1] INFO  server.RaftServer$Division (RaftServerImpl.java:requestVote(1251)) - 73b7dc0c-af7c-46fd-8914-03b4db151d45@group-A09AEB66014F replies to ELECTION vote request: 7cdbd1b5-097b-4b08-9783-327855de8893<-73b7dc0c-af7c-46fd-8914-03b4db151d45#0:FAIL-t1. Peer's state: 73b7dc0c-af7c-46fd-8914-03b4db151d45@group-A09AEB66014F:t1, leader=null, voted=73b7dc0c-af7c-46fd-8914-03b4db151d45, raftlog=Memoized:73b7dc0c-af7c-46fd-8914-03b4db151d45@group-A09AEB66014F-SegmentedRaftLog:OPENED:c-1, conf=-1: peers:[7cdbd1b5-097b-4b08-9783-327855de8893|rpc:10.1.0.244:38963|dataStream:|priority:0|startupRole:FOLLOWER, f5a08da9-e999-4666-9813-af0703791aee|rpc:10.1.0.244:37541|dataStream:|priority:0|startupRole:FOLLOWER, 73b7dc0c-af7c-46fd-8914-03b4db151d45|rpc:10.1.0.244:39667|dataStream:|priority:1|startupRole:FOLLOWER]|listeners:[], old=null
2022-11-08 06:34:01,702 [73b7dc0c-af7c-46fd-8914-03b4db151d45@group-A09AEB66014F-LeaderElection32] INFO  server.RaftServerConfigKeys (ConfUtils.java:logFallback(53)) - raft.server.rpc.first-election.timeout.min = 5s (fallback to raft.server.rpc.timeout.min)
2022-11-08 06:34:01,702 [73b7dc0c-af7c-46fd-8914-03b4db151d45@group-A09AEB66014F-LeaderElection32] INFO  server.RaftServerConfigKeys (ConfUtils.java:logFallback(53)) - raft.server.rpc.first-election.timeout.max = 5200ms (fallback to raft.server.rpc.timeout.max)
2022-11-08 06:34:01,703 [7cdbd1b5-097b-4b08-9783-327855de8893@group-A09AEB66014F-LeaderElection31] INFO  impl.LeaderElection (LeaderElection.java:logAndReturn(90)) - 7cdbd1b5-097b-4b08-9783-327855de8893@group-A09AEB66014F-LeaderElection31: ELECTION REJECTED received 1 response(s) and 0 exception(s):
2022-11-08 06:34:01,703 [7cdbd1b5-097b-4b08-9783-327855de8893@group-A09AEB66014F-LeaderElection31] INFO  impl.LeaderElection (LeaderElection.java:logAndReturn(94)) -   Response 0: 7cdbd1b5-097b-4b08-9783-327855de8893<-73b7dc0c-af7c-46fd-8914-03b4db151d45#0:FAIL-t1
2022-11-08 06:34:01,703 [7cdbd1b5-097b-4b08-9783-327855de8893@group-A09AEB66014F-LeaderElection31] INFO  impl.LeaderElection (LeaderElection.java:askForVotes(314)) - 7cdbd1b5-097b-4b08-9783-327855de8893@group-A09AEB66014F-LeaderElection31 ELECTION round 0: result REJECTED
2022-11-08 06:34:01,703 [7cdbd1b5-097b-4b08-9783-327855de8893@group-A09AEB66014F-LeaderElection31] INFO  server.RaftServer$Division (RaftServerImpl.java:setRole(321)) - 7cdbd1b5-097b-4b08-9783-327855de8893@group-A09AEB66014F: changes role from CANDIDATE to FOLLOWER at term 1 for REJECTED
2022-11-08 06:34:01,703 [7cdbd1b5-097b-4b08-9783-327855de8893@group-A09AEB66014F-LeaderElection31] INFO  impl.RoleInfo (RoleInfo.java:shutdownLeaderElection(130)) - 7cdbd1b5-097b-4b08-9783-327855de8893: shutdown 7cdbd1b5-097b-4b08-9783-327855de8893@group-A09AEB66014F-LeaderElection31
2022-11-08 06:34:01,703 [7cdbd1b5-097b-4b08-9783-327855de8893@group-A09AEB66014F-LeaderElection31] INFO  impl.RoleInfo (RoleInfo.java:updateAndGet(139)) - 7cdbd1b5-097b-4b08-9783-327855de8893: start 7cdbd1b5-097b-4b08-9783-327855de8893@group-A09AEB66014F-FollowerState
2022-11-08 06:34:01,705 [grpc-default-executor-1] INFO  server.RaftServer$Division (RaftServerImpl.java:requestVote(1218)) - 7cdbd1b5-097b-4b08-9783-327855de8893@group-A09AEB66014F: receive requestVote(ELECTION, 73b7dc0c-af7c-46fd-8914-03b4db151d45, group-A09AEB66014F, 1, (t:0, i:0))
2022-11-08 06:34:01,706 [grpc-default-executor-0] INFO  server.RaftServer$Division (RaftServerImpl.java:requestVote(1218)) - f5a08da9-e999-4666-9813-af0703791aee@group-A09AEB66014F: receive requestVote(ELECTION, 73b7dc0c-af7c-46fd-8914-03b4db151d45, group-A09AEB66014F, 1, (t:0, i:0))
2022-11-08 06:34:01,706 [grpc-default-executor-0] INFO  impl.VoteContext (VoteContext.java:log(48)) - f5a08da9-e999-4666-9813-af0703791aee@group-A09AEB66014F-FOLLOWER: accept ELECTION from 73b7dc0c-af7c-46fd-8914-03b4db151d45: our priority 0 <= candidate's priority 1
2022-11-08 06:34:01,706 [grpc-default-executor-0] INFO  server.RaftServer$Division (RaftServerImpl.java:setRole(321)) - f5a08da9-e999-4666-9813-af0703791aee@group-A09AEB66014F: changes role from  FOLLOWER to FOLLOWER at term 1 for candidate:73b7dc0c-af7c-46fd-8914-03b4db151d45
2022-11-08 06:34:01,706 [grpc-default-executor-0] INFO  impl.RoleInfo (RoleInfo.java:shutdownFollowerState(110)) - f5a08da9-e999-4666-9813-af0703791aee: shutdown f5a08da9-e999-4666-9813-af0703791aee@group-A09AEB66014F-FollowerState
2022-11-08 06:34:01,707 [grpc-default-executor-1] INFO  impl.VoteContext (VoteContext.java:log(48)) - 7cdbd1b5-097b-4b08-9783-327855de8893@group-A09AEB66014F-FOLLOWER: reject ELECTION from 73b7dc0c-af7c-46fd-8914-03b4db151d45: already has voted for 7cdbd1b5-097b-4b08-9783-327855de8893 at current term 1
2022-11-08 06:34:01,707 [grpc-default-executor-1] INFO  server.RaftServer$Division (RaftServerImpl.java:requestVote(1251)) - 7cdbd1b5-097b-4b08-9783-327855de8893@group-A09AEB66014F replies to ELECTION vote request: 73b7dc0c-af7c-46fd-8914-03b4db151d45<-7cdbd1b5-097b-4b08-9783-327855de8893#0:FAIL-t1. Peer's state: 7cdbd1b5-097b-4b08-9783-327855de8893@group-A09AEB66014F:t1, leader=null, voted=7cdbd1b5-097b-4b08-9783-327855de8893, raftlog=Memoized:7cdbd1b5-097b-4b08-9783-327855de8893@group-A09AEB66014F-SegmentedRaftLog:OPENED:c-1, conf=-1: peers:[7cdbd1b5-097b-4b08-9783-327855de8893|rpc:10.1.0.244:38963|priority:0|startupRole:FOLLOWER, f5a08da9-e999-4666-9813-af0703791aee|rpc:10.1.0.244:37541|priority:0|startupRole:FOLLOWER, 73b7dc0c-af7c-46fd-8914-03b4db151d45|rpc:10.1.0.244:39667|priority:1|startupRole:FOLLOWER]|listeners:[], old=null
2022-11-08 06:34:01,708 [7cdbd1b5-097b-4b08-9783-327855de8893@group-A09AEB66014F-FollowerState] INFO  server.RaftServerConfigKeys (ConfUtils.java:logFallback(53)) - raft.server.rpc.first-election.timeout.min = 5s (fallback to raft.server.rpc.timeout.min)
2022-11-08 06:34:01,708 [7cdbd1b5-097b-4b08-9783-327855de8893@group-A09AEB66014F-FollowerState] INFO  server.RaftServerConfigKeys (ConfUtils.java:logFallback(53)) - raft.server.rpc.first-election.timeout.max = 5200ms (fallback to raft.server.rpc.timeout.max)
2022-11-08 06:34:01,708 [grpc-default-executor-0] INFO  impl.RoleInfo (RoleInfo.java:updateAndGet(139)) - f5a08da9-e999-4666-9813-af0703791aee: start f5a08da9-e999-4666-9813-af0703791aee@group-A09AEB66014F-FollowerState
2022-11-08 06:34:01,708 [f5a08da9-e999-4666-9813-af0703791aee@group-A09AEB66014F-FollowerState] INFO  impl.FollowerState (FollowerState.java:run(152)) - f5a08da9-e999-4666-9813-af0703791aee@group-A09AEB66014F-FollowerState was interrupted
2022-11-08 06:34:01,710 [f5a08da9-e999-4666-9813-af0703791aee@group-A09AEB66014F-FollowerState] INFO  server.RaftServerConfigKeys (ConfUtils.java:logFallback(53)) - raft.server.rpc.first-election.timeout.min = 5s (fallback to raft.server.rpc.timeout.min)
2022-11-08 06:34:01,710 [f5a08da9-e999-4666-9813-af0703791aee@group-A09AEB66014F-FollowerState] INFO  server.RaftServerConfigKeys (ConfUtils.java:logFallback(53)) - raft.server.rpc.first-election.timeout.max = 5200ms (fallback to raft.server.rpc.timeout.max)
2022-11-08 06:34:01,711 [grpc-default-executor-0] INFO  server.RaftServer$Division (RaftServerImpl.java:requestVote(1251)) - f5a08da9-e999-4666-9813-af0703791aee@group-A09AEB66014F replies to ELECTION vote request: 73b7dc0c-af7c-46fd-8914-03b4db151d45<-f5a08da9-e999-4666-9813-af0703791aee#0:OK-t1. Peer's state: f5a08da9-e999-4666-9813-af0703791aee@group-A09AEB66014F:t1, leader=null, voted=73b7dc0c-af7c-46fd-8914-03b4db151d45, raftlog=Memoized:f5a08da9-e999-4666-9813-af0703791aee@group-A09AEB66014F-SegmentedRaftLog:OPENED:c-1, conf=-1: peers:[7cdbd1b5-097b-4b08-9783-327855de8893|rpc:10.1.0.244:38963|dataStream:|priority:0|startupRole:FOLLOWER, f5a08da9-e999-4666-9813-af0703791aee|rpc:10.1.0.244:37541|dataStream:|priority:0|startupRole:FOLLOWER, 73b7dc0c-af7c-46fd-8914-03b4db151d45|rpc:10.1.0.244:39667|dataStream:|priority:1|startupRole:FOLLOWER]|listeners:[], old=null
2022-11-08 06:34:01,712 [73b7dc0c-af7c-46fd-8914-03b4db151d45@group-A09AEB66014F-LeaderElection32] INFO  impl.LeaderElection (LeaderElection.java:logAndReturn(90)) - 73b7dc0c-af7c-46fd-8914-03b4db151d45@group-A09AEB66014F-LeaderElection32: ELECTION PASSED received 2 response(s) and 0 exception(s):
2022-11-08 06:34:01,712 [73b7dc0c-af7c-46fd-8914-03b4db151d45@group-A09AEB66014F-LeaderElection32] INFO  impl.LeaderElection (LeaderElection.java:logAndReturn(94)) -   Response 0: 73b7dc0c-af7c-46fd-8914-03b4db151d45<-7cdbd1b5-097b-4b08-9783-327855de8893#0:FAIL-t1
2022-11-08 06:34:01,712 [73b7dc0c-af7c-46fd-8914-03b4db151d45@group-A09AEB66014F-LeaderElection32] INFO  impl.LeaderElection (LeaderElection.java:logAndReturn(94)) -   Response 1: 73b7dc0c-af7c-46fd-8914-03b4db151d45<-f5a08da9-e999-4666-9813-af0703791aee#0:OK-t1
2022-11-08 06:34:01,712 [73b7dc0c-af7c-46fd-8914-03b4db151d45@group-A09AEB66014F-LeaderElection32] INFO  impl.LeaderElection (LeaderElection.java:askForVotes(314)) - 73b7dc0c-af7c-46fd-8914-03b4db151d45@group-A09AEB66014F-LeaderElection32 ELECTION round 0: result PASSED
2022-11-08 06:34:01,712 [73b7dc0c-af7c-46fd-8914-03b4db151d45@group-A09AEB66014F-LeaderElection32] INFO  impl.RoleInfo (RoleInfo.java:shutdownLeaderElection(130)) - 73b7dc0c-af7c-46fd-8914-03b4db151d45: shutdown 73b7dc0c-af7c-46fd-8914-03b4db151d45@group-A09AEB66014F-LeaderElection32
2022-11-08 06:34:01,712 [73b7dc0c-af7c-46fd-8914-03b4db151d45@group-A09AEB66014F-LeaderElection32] INFO  server.RaftServer$Division (RaftServerImpl.java:setRole(321)) - 73b7dc0c-af7c-46fd-8914-03b4db151d45@group-A09AEB66014F: changes role from CANDIDATE to LEADER at term 1 for changeToLeader
2022-11-08 06:34:01,712 [73b7dc0c-af7c-46fd-8914-03b4db151d45@group-A09AEB66014F-LeaderElection32] INFO  ratis.XceiverServerRatis (XceiverServerRatis.java:handleLeaderChangedNotification(863)) - Leader change notification received for group: group-A09AEB66014F with new leaderId: 73b7dc0c-af7c-46fd-8914-03b4db151d45
2022-11-08 06:34:01,713 [73b7dc0c-af7c-46fd-8914-03b4db151d45@group-A09AEB66014F-LeaderElection32] INFO  server.RaftServer$Division (ServerState.java:setLeader(313)) - 73b7dc0c-af7c-46fd-8914-03b4db151d45@group-A09AEB66014F: change Leader from null to 73b7dc0c-af7c-46fd-8914-03b4db151d45 at term 1 for becomeLeader, leader elected after 5127ms
2022-11-08 06:34:01,713 [73b7dc0c-af7c-46fd-8914-03b4db151d45@group-A09AEB66014F-LeaderElection32] INFO  server.RaftServerConfigKeys (ConfUtils.java:logGet(46)) - raft.server.staging.catchup.gap = 1000 (default)
2022-11-08 06:34:01,713 [73b7dc0c-af7c-46fd-8914-03b4db151d45@group-A09AEB66014F-LeaderElection32] INFO  server.RaftServerConfigKeys (ConfUtils.java:logGet(46)) - raft.server.write.element-limit = 1024 (custom)
2022-11-08 06:34:01,713 [73b7dc0c-af7c-46fd-8914-03b4db151d45@group-A09AEB66014F-LeaderElection32] INFO  server.RaftServerConfigKeys (ConfUtils.java:logGet(46)) - raft.server.write.byte-limit = 1024 M (=1073741824) (custom)
2022-11-08 06:34:01,713 [grpc-default-executor-2] INFO  server.RaftServer$Division (RaftServerImpl.java:requestVote(1218)) - f5a08da9-e999-4666-9813-af0703791aee@group-A09AEB66014F: receive requestVote(ELECTION, 7cdbd1b5-097b-4b08-9783-327855de8893, group-A09AEB66014F, 1, (t:0, i:0))
2022-11-08 06:34:01,713 [73b7dc0c-af7c-46fd-8914-03b4db151d45@group-A09AEB66014F-LeaderElection32] INFO  server.RaftServerConfigKeys (ConfUtils.java:logGet(46)) - raft.server.watch.timeout = 180s (custom)
2022-11-08 06:34:01,714 [grpc-default-executor-2] INFO  impl.VoteContext (VoteContext.java:log(48)) - f5a08da9-e999-4666-9813-af0703791aee@group-A09AEB66014F-FOLLOWER: reject ELECTION from 7cdbd1b5-097b-4b08-9783-327855de8893: already has voted for 73b7dc0c-af7c-46fd-8914-03b4db151d45 at current term 1
2022-11-08 06:34:01,714 [grpc-default-executor-2] INFO  server.RaftServer$Division (RaftServerImpl.java:requestVote(1251)) - f5a08da9-e999-4666-9813-af0703791aee@group-A09AEB66014F replies to ELECTION vote request: 7cdbd1b5-097b-4b08-9783-327855de8893<-f5a08da9-e999-4666-9813-af0703791aee#0:FAIL-t1. Peer's state: f5a08da9-e999-4666-9813-af0703791aee@group-A09AEB66014F:t1, leader=null, voted=73b7dc0c-af7c-46fd-8914-03b4db151d45, raftlog=Memoized:f5a08da9-e999-4666-9813-af0703791aee@group-A09AEB66014F-SegmentedRaftLog:OPENED:c-1, conf=-1: peers:[7cdbd1b5-097b-4b08-9783-327855de8893|rpc:10.1.0.244:38963|dataStream:|priority:0|startupRole:FOLLOWER, f5a08da9-e999-4666-9813-af0703791aee|rpc:10.1.0.244:37541|dataStream:|priority:0|startupRole:FOLLOWER, 73b7dc0c-af7c-46fd-8914-03b4db151d45|rpc:10.1.0.244:39667|dataStream:|priority:1|startupRole:FOLLOWER]|listeners:[], old=null
2022-11-08 06:34:01,714 [73b7dc0c-af7c-46fd-8914-03b4db151d45@group-A09AEB66014F-LeaderElection32] INFO  server.RaftServerConfigKeys (ConfUtils.java:logGet(46)) - raft.server.watch.timeout.denomination = 1s (default)
2022-11-08 06:34:01,715 [73b7dc0c-af7c-46fd-8914-03b4db151d45@group-A09AEB66014F-LeaderElection32] INFO  server.RaftServerConfigKeys (ConfUtils.java:logGet(46)) - raft.server.watch.element-limit = 65536 (default)
2022-11-08 06:34:01,715 [73b7dc0c-af7c-46fd-8914-03b4db151d45@group-A09AEB66014F-LeaderElection32] INFO  server.RaftServerConfigKeys (ConfUtils.java:logGet(46)) - raft.server.write.element-limit = 1024 (custom)
2022-11-08 06:34:01,715 [73b7dc0c-af7c-46fd-8914-03b4db151d45@group-A09AEB66014F-LeaderElection32] INFO  server.RaftServerConfigKeys (ConfUtils.java:logGet(46)) - raft.server.write.follower.gap.ratio.max = -1.0 (default)
2022-11-08 06:34:01,717 [73b7dc0c-af7c-46fd-8914-03b4db151d45@group-A09AEB66014F-LeaderElection32] INFO  server.RaftServerConfigKeys (ConfUtils.java:logGet(46)) - raft.server.log.appender.snapshot.chunk.size.max = 16MB (=16777216) (default)
2022-11-08 06:34:01,717 [73b7dc0c-af7c-46fd-8914-03b4db151d45@group-A09AEB66014F-LeaderElection32] INFO  server.RaftServerConfigKeys (ConfUtils.java:logGet(46)) - raft.server.log.appender.buffer.byte-limit = 33554432 (custom)
2022-11-08 06:34:01,717 [73b7dc0c-af7c-46fd-8914-03b4db151d45@group-A09AEB66014F-LeaderElection32] INFO  server.RaftServerConfigKeys (ConfUtils.java:logGet(46)) - raft.server.log.appender.buffer.element-limit = 1 (custom)
2022-11-08 06:34:01,717 [73b7dc0c-af7c-46fd-8914-03b4db151d45@group-A09AEB66014F-LeaderElection32] INFO  grpc.GrpcConfigKeys (ConfUtils.java:logGet(46)) - raft.grpc.server.leader.outstanding.appends.max = 128 (default)
2022-11-08 06:34:01,717 [73b7dc0c-af7c-46fd-8914-03b4db151d45@group-A09AEB66014F-LeaderElection32] INFO  server.RaftServerConfigKeys (ConfUtils.java:logGet(46)) - raft.server.rpc.request.timeout = 60s (custom)
2022-11-08 06:34:01,717 [73b7dc0c-af7c-46fd-8914-03b4db151d45@group-A09AEB66014F-LeaderElection32] INFO  server.RaftServerConfigKeys (ConfUtils.java:logGet(46)) - raft.server.log.appender.install.snapshot.enabled = false (custom)
2022-11-08 06:34:01,717 [73b7dc0c-af7c-46fd-8914-03b4db151d45@group-A09AEB66014F-LeaderElection32] INFO  grpc.GrpcConfigKeys (ConfUtils.java:logGet(46)) - raft.grpc.server.heartbeat.channel = true (default)
2022-11-08 06:34:01,717 [73b7dc0c-af7c-46fd-8914-03b4db151d45@group-A09AEB66014F-LeaderElection32] INFO  server.RaftServerConfigKeys (ConfUtils.java:logGet(46)) - raft.server.log.appender.wait-time.min = 10ms (default)
2022-11-08 06:34:01,718 [EventQueue-PipelineReportForPipelineReportHandler] INFO  pipeline.PipelineManagerImpl (PipelineManagerImpl.java:openPipeline(367)) - Pipeline Pipeline[ Id: 6a7aadb6-ec28-4675-a933-a09aeb66014f, Nodes: f5a08da9-e999-4666-9813-af0703791aee{ip: 10.1.0.244, host: fv-az220-111.shdwizndlbjulinwhzhdmup5sb.jx.internal.cloudapp.net, ports: [REPLICATION=46617, RATIS=37541, RATIS_ADMIN=37541, RATIS_SERVER=37541, STANDALONE=36761], networkLocation: /default-rack, certSerialId: null, persistedOpState: IN_SERVICE, persistedOpStateExpiryEpochSec: 0}73b7dc0c-af7c-46fd-8914-03b4db151d45{ip: 10.1.0.244, host: fv-az220-111.shdwizndlbjulinwhzhdmup5sb.jx.internal.cloudapp.net, ports: [REPLICATION=43205, RATIS=39667, RATIS_ADMIN=39667, RATIS_SERVER=39667, STANDALONE=38347], networkLocation: /default-rack, certSerialId: null, persistedOpState: IN_SERVICE, persistedOpStateExpiryEpochSec: 0}7cdbd1b5-097b-4b08-9783-327855de8893{ip: 10.1.0.244, host: fv-az220-111.shdwizndlbjulinwhzhdmup5sb.jx.internal.cloudapp.net, ports: [REPLICATION=33329, RATIS=38963, RATIS_ADMIN=38963, RATIS_SERVER=38963, STANDALONE=42841], networkLocation: /default-rack, certSerialId: null, persistedOpState: IN_SERVICE, persistedOpStateExpiryEpochSec: 0}, ReplicationConfig: RATIS/THREE, State:ALLOCATED, leaderId:73b7dc0c-af7c-46fd-8914-03b4db151d45, CreationTimestamp2022-11-08T06:33:54.180Z[Etc/UTC]] moved to OPEN state
2022-11-08 06:34:01,720 [73b7dc0c-af7c-46fd-8914-03b4db151d45@group-A09AEB66014F-LeaderElection32] INFO  server.RaftServerConfigKeys (ConfUtils.java:logGet(46)) - raft.server.log.appender.snapshot.chunk.size.max = 16MB (=16777216) (default)
2022-11-08 06:34:01,720 [73b7dc0c-af7c-46fd-8914-03b4db151d45@group-A09AEB66014F-LeaderElection32] INFO  server.RaftServerConfigKeys (ConfUtils.java:logGet(46)) - raft.server.log.appender.buffer.byte-limit = 33554432 (custom)
2022-11-08 06:34:01,720 [73b7dc0c-af7c-46fd-8914-03b4db151d45@group-A09AEB66014F-LeaderElection32] INFO  server.RaftServerConfigKeys (ConfUtils.java:logGet(46)) - raft.server.log.appender.buffer.element-limit = 1 (custom)
2022-11-08 06:34:01,720 [73b7dc0c-af7c-46fd-8914-03b4db151d45@group-A09AEB66014F-LeaderElection32] INFO  grpc.GrpcConfigKeys (ConfUtils.java:logGet(46)) - raft.grpc.server.leader.outstanding.appends.max = 128 (default)
2022-11-08 06:34:01,720 [73b7dc0c-af7c-46fd-8914-03b4db151d45@group-A09AEB66014F-LeaderElection32] INFO  server.RaftServerConfigKeys (ConfUtils.java:logGet(46)) - raft.server.rpc.request.timeout = 60s (custom)
2022-11-08 06:34:01,720 [73b7dc0c-af7c-46fd-8914-03b4db151d45@group-A09AEB66014F-LeaderElection32] INFO  server.RaftServerConfigKeys (ConfUtils.java:logGet(46)) - raft.server.log.appender.install.snapshot.enabled = false (custom)
2022-11-08 06:34:01,720 [73b7dc0c-af7c-46fd-8914-03b4db151d45@group-A09AEB66014F-LeaderElection32] INFO  grpc.GrpcConfigKeys (ConfUtils.java:logGet(46)) - raft.grpc.server.heartbeat.channel = true (default)
2022-11-08 06:34:01,720 [73b7dc0c-af7c-46fd-8914-03b4db151d45@group-A09AEB66014F-LeaderElection32] INFO  server.RaftServerConfigKeys (ConfUtils.java:logGet(46)) - raft.server.log.appender.wait-time.min = 10ms (default)
2022-11-08 06:34:01,721 [73b7dc0c-af7c-46fd-8914-03b4db151d45@group-A09AEB66014F-LeaderElection32] INFO  impl.RoleInfo (RoleInfo.java:updateAndGet(139)) - 73b7dc0c-af7c-46fd-8914-03b4db151d45: start 73b7dc0c-af7c-46fd-8914-03b4db151d45@group-A09AEB66014F-LeaderStateImpl
2022-11-08 06:34:01,721 [73b7dc0c-af7c-46fd-8914-03b4db151d45@group-A09AEB66014F-LeaderElection32] INFO  segmented.SegmentedRaftLogWorker (SegmentedRaftLogWorker.java:startLogSegment(452)) - 73b7dc0c-af7c-46fd-8914-03b4db151d45@group-A09AEB66014F-SegmentedRaftLogWorker: Starting segment from index:0
2022-11-08 06:34:01,723 [73b7dc0c-af7c-46fd-8914-03b4db151d45@group-A09AEB66014F-SegmentedRaftLogWorker] INFO  segmented.SegmentedRaftLogWorker (SegmentedRaftLogWorker.java:execute(656)) - 73b7dc0c-af7c-46fd-8914-03b4db151d45@group-A09AEB66014F-SegmentedRaftLogWorker: created new log segment /home/runner/work/ozone/ozone/hadoop-ozone/integration-test/target/test-dir/MiniOzoneClusterImpl-8e06ede3-228e-44b7-a612-3acc89ebc779/datanode-2/data/ratis/6a7aadb6-ec28-4675-a933-a09aeb66014f/current/log_inprogress_0
2022-11-08 06:34:01,726 [EventQueue-OpenPipelineForHealthyPipelineSafeModeRule] INFO  safemode.SCMSafeModeManager (HealthyPipelineSafeModeRule.java:process(137)) - SCM in safe mode. Healthy pipelines reported count is 1, required healthy pipeline reported count is 1
2022-11-08 06:34:01,726 [EventQueue-OpenPipelineForHealthyPipelineSafeModeRule] INFO  safemode.SCMSafeModeManager (SCMSafeModeManager.java:validateSafeModeExitRules(204)) - HealthyPipelineSafeModeRule rule is successfully validated
2022-11-08 06:34:01,726 [EventQueue-OpenPipelineForHealthyPipelineSafeModeRule] INFO  safemode.SCMSafeModeManager (SCMSafeModeManager.java:validateSafeModeExitRules(219)) - ScmSafeModeManager, all rules are successfully validated
2022-11-08 06:34:01,726 [73b7dc0c-af7c-46fd-8914-03b4db151d45@group-A09AEB66014F-LeaderElection32] INFO  server.RaftServer$Division (ServerState.java:setRaftConf(430)) - 73b7dc0c-af7c-46fd-8914-03b4db151d45@group-A09AEB66014F: set configuration 0: peers:[7cdbd1b5-097b-4b08-9783-327855de8893|rpc:10.1.0.244:38963|dataStream:|priority:0|startupRole:FOLLOWER, f5a08da9-e999-4666-9813-af0703791aee|rpc:10.1.0.244:37541|dataStream:|priority:0|startupRole:FOLLOWER, 73b7dc0c-af7c-46fd-8914-03b4db151d45|rpc:10.1.0.244:39667|dataStream:|priority:1|startupRole:FOLLOWER]|listeners:[], old=null
2022-11-08 06:34:01,726 [EventQueue-OpenPipelineForHealthyPipelineSafeModeRule] INFO  safemode.SCMSafeModeManager (SCMSafeModeManager.java:exitSafeMode(248)) - SCM exiting safe mode.
2022-11-08 06:34:01,727 [EventQueue-OpenPipelineForHealthyPipelineSafeModeRule] WARN  events.EventQueue (EventQueue.java:fireEvent(216)) - No event handler registered for event TypedEvent{payloadType=SafeModeStatus, name='Safe mode status'}
2022-11-08 06:34:01,727 [EventQueue-OpenPipelineForHealthyPipelineSafeModeRule] INFO  ha.SCMContext (SCMContext.java:updateSafeModeStatus(228)) - Update SafeModeStatus from SafeModeStatus{safeModeStatus=true, preCheckPassed=true} to SafeModeStatus{safeModeStatus=false, preCheckPassed=true}.
2022-11-08 06:34:01,727 [EventQueue-OpenPipelineForHealthyPipelineSafeModeRule] INFO  pipeline.BackgroundPipelineCreator (BackgroundPipelineCreator.java:notifyStatusChanged(254)) - Service BackgroundPipelineCreator transitions to RUNNING.
2022-11-08 06:34:01,727 [EventQueue-OpenPipelineForHealthyPipelineSafeModeRule] INFO  BackgroundPipelineScrubber (BackgroundSCMService.java:notifyStatusChanged(82)) - Service BackgroundPipelineScrubber transitions to RUNNING.
2022-11-08 06:34:01,727 [EventQueue-OpenPipelineForHealthyPipelineSafeModeRule] INFO  ExpiredContainerReplicaOpScrubber (BackgroundSCMService.java:notifyStatusChanged(82)) - Service ExpiredContainerReplicaOpScrubber transitions to RUNNING.
2022-11-08 06:34:01,727 [EventQueue-OpenPipelineForHealthyPipelineSafeModeRule] INFO  replication.ReplicationManager (ReplicationManager.java:notifyStatusChanged(798)) - Service ReplicationManager transitions to RUNNING.
2022-11-08 06:34:01,727 [EventQueue-OpenPipelineForHealthyPipelineSafeModeRule] WARN  balancer.ContainerBalancer (ContainerBalancer.java:shouldRun(131)) - Could not find persisted configuration for ContainerBalancer when checking if ContainerBalancer should run. ContainerBalancer should not run now.
2022-11-08 06:34:01,738 [7cdbd1b5-097b-4b08-9783-327855de8893-server-thread1] INFO  ratis.XceiverServerRatis (XceiverServerRatis.java:handleLeaderChangedNotification(863)) - Leader change notification received for group: group-A09AEB66014F with new leaderId: 73b7dc0c-af7c-46fd-8914-03b4db151d45
2022-11-08 06:34:01,738 [7cdbd1b5-097b-4b08-9783-327855de8893-server-thread1] INFO  server.RaftServer$Division (ServerState.java:setLeader(313)) - 7cdbd1b5-097b-4b08-9783-327855de8893@group-A09AEB66014F: change Leader from null to 73b7dc0c-af7c-46fd-8914-03b4db151d45 at term 1 for appendEntries, leader elected after 5216ms
2022-11-08 06:34:01,741 [7cdbd1b5-097b-4b08-9783-327855de8893-server-thread1] INFO  server.RaftServer$Division (ServerState.java:setRaftConf(430)) - 7cdbd1b5-097b-4b08-9783-327855de8893@group-A09AEB66014F: set configuration 0: peers:[7cdbd1b5-097b-4b08-9783-327855de8893|rpc:10.1.0.244:38963|dataStream:|priority:0|startupRole:FOLLOWER, f5a08da9-e999-4666-9813-af0703791aee|rpc:10.1.0.244:37541|dataStream:|priority:0|startupRole:FOLLOWER, 73b7dc0c-af7c-46fd-8914-03b4db151d45|rpc:10.1.0.244:39667|dataStream:|priority:1|startupRole:FOLLOWER]|listeners:[], old=null
2022-11-08 06:34:01,741 [7cdbd1b5-097b-4b08-9783-327855de8893-server-thread1] INFO  segmented.SegmentedRaftLogWorker (SegmentedRaftLogWorker.java:startLogSegment(452)) - 7cdbd1b5-097b-4b08-9783-327855de8893@group-A09AEB66014F-SegmentedRaftLogWorker: Starting segment from index:0
2022-11-08 06:34:01,746 [7cdbd1b5-097b-4b08-9783-327855de8893@group-A09AEB66014F-SegmentedRaftLogWorker] INFO  segmented.SegmentedRaftLogWorker (SegmentedRaftLogWorker.java:execute(656)) - 7cdbd1b5-097b-4b08-9783-327855de8893@group-A09AEB66014F-SegmentedRaftLogWorker: created new log segment /home/runner/work/ozone/ozone/hadoop-ozone/integration-test/target/test-dir/MiniOzoneClusterImpl-8e06ede3-228e-44b7-a612-3acc89ebc779/datanode-0/data/ratis/6a7aadb6-ec28-4675-a933-a09aeb66014f/current/log_inprogress_0
2022-11-08 06:34:01,759 [f5a08da9-e999-4666-9813-af0703791aee-server-thread1] INFO  ratis.XceiverServerRatis (XceiverServerRatis.java:handleLeaderChangedNotification(863)) - Leader change notification received for group: group-A09AEB66014F with new leaderId: 73b7dc0c-af7c-46fd-8914-03b4db151d45
2022-11-08 06:34:01,759 [f5a08da9-e999-4666-9813-af0703791aee-server-thread1] INFO  server.RaftServer$Division (ServerState.java:setLeader(313)) - f5a08da9-e999-4666-9813-af0703791aee@group-A09AEB66014F: change Leader from null to 73b7dc0c-af7c-46fd-8914-03b4db151d45 at term 1 for appendEntries, leader elected after 5213ms
2022-11-08 06:34:01,763 [f5a08da9-e999-4666-9813-af0703791aee-server-thread1] INFO  server.RaftServer$Division (ServerState.java:setRaftConf(430)) - f5a08da9-e999-4666-9813-af0703791aee@group-A09AEB66014F: set configuration 0: peers:[7cdbd1b5-097b-4b08-9783-327855de8893|rpc:10.1.0.244:38963|dataStream:|priority:0|startupRole:FOLLOWER, f5a08da9-e999-4666-9813-af0703791aee|rpc:10.1.0.244:37541|dataStream:|priority:0|startupRole:FOLLOWER, 73b7dc0c-af7c-46fd-8914-03b4db151d45|rpc:10.1.0.244:39667|dataStream:|priority:1|startupRole:FOLLOWER]|listeners:[], old=null
2022-11-08 06:34:01,763 [f5a08da9-e999-4666-9813-af0703791aee-server-thread1] INFO  segmented.SegmentedRaftLogWorker (SegmentedRaftLogWorker.java:startLogSegment(452)) - f5a08da9-e999-4666-9813-af0703791aee@group-A09AEB66014F-SegmentedRaftLogWorker: Starting segment from index:0
2022-11-08 06:34:01,766 [f5a08da9-e999-4666-9813-af0703791aee@group-A09AEB66014F-SegmentedRaftLogWorker] INFO  segmented.SegmentedRaftLogWorker (SegmentedRaftLogWorker.java:execute(656)) - f5a08da9-e999-4666-9813-af0703791aee@group-A09AEB66014F-SegmentedRaftLogWorker: created new log segment /home/runner/work/ozone/ozone/hadoop-ozone/integration-test/target/test-dir/MiniOzoneClusterImpl-8e06ede3-228e-44b7-a612-3acc89ebc779/datanode-1/data/ratis/6a7aadb6-ec28-4675-a933-a09aeb66014f/current/log_inprogress_0
2022-11-08 06:34:02,250 [Listener at 127.0.0.1/44321] INFO  ozone.MiniOzoneClusterImpl (MiniOzoneClusterImpl.java:lambda$waitForClusterToBeReady$0(216)) - Nodes are ready. Got 6 of 6 DN Heartbeats.
2022-11-08 06:34:02,250 [Listener at 127.0.0.1/44321] INFO  ozone.MiniOzoneClusterImpl (MiniOzoneClusterImpl.java:lambda$waitForClusterToBeReady$0(219)) - Cluster exits safe mode
2022-11-08 06:34:02,250 [Listener at 127.0.0.1/44321] INFO  ozone.MiniOzoneClusterImpl (MiniOzoneClusterImpl.java:lambda$waitForClusterToBeReady$0(221)) - SCM became leader
2022-11-08 06:34:02,653 [8077194d-366f-483b-b4d6-5a7a28c3c7f8@group-FBDB94237A5E-FollowerState] INFO  impl.FollowerState (FollowerState.java:run(143)) - 8077194d-366f-483b-b4d6-5a7a28c3c7f8@group-FBDB94237A5E-FollowerState: change to CANDIDATE, lastRpcElapsedTime:5081285772ns, electionTimeout:5080ms
2022-11-08 06:34:02,653 [8077194d-366f-483b-b4d6-5a7a28c3c7f8@group-FBDB94237A5E-FollowerState] INFO  impl.RoleInfo (RoleInfo.java:shutdownFollowerState(110)) - 8077194d-366f-483b-b4d6-5a7a28c3c7f8: shutdown 8077194d-366f-483b-b4d6-5a7a28c3c7f8@group-FBDB94237A5E-FollowerState
2022-11-08 06:34:02,653 [8077194d-366f-483b-b4d6-5a7a28c3c7f8@group-FBDB94237A5E-FollowerState] INFO  server.RaftServer$Division (RaftServerImpl.java:setRole(321)) - 8077194d-366f-483b-b4d6-5a7a28c3c7f8@group-FBDB94237A5E: changes role from  FOLLOWER to CANDIDATE at term 0 for changeToCandidate
2022-11-08 06:34:02,653 [8077194d-366f-483b-b4d6-5a7a28c3c7f8@group-FBDB94237A5E-FollowerState] INFO  server.RaftServerConfigKeys (ConfUtils.java:logGet(46)) - raft.server.leaderelection.pre-vote = false (custom)
2022-11-08 06:34:02,653 [8077194d-366f-483b-b4d6-5a7a28c3c7f8@group-FBDB94237A5E-FollowerState] INFO  impl.RoleInfo (RoleInfo.java:updateAndGet(139)) - 8077194d-366f-483b-b4d6-5a7a28c3c7f8: start 8077194d-366f-483b-b4d6-5a7a28c3c7f8@group-FBDB94237A5E-LeaderElection33
2022-11-08 06:34:02,657 [8077194d-366f-483b-b4d6-5a7a28c3c7f8@group-FBDB94237A5E-LeaderElection33] INFO  impl.LeaderElection (LeaderElection.java:askForVotes(312)) - 8077194d-366f-483b-b4d6-5a7a28c3c7f8@group-FBDB94237A5E-LeaderElection33 ELECTION round 0: submit vote requests at term 1 for -1: peers:[193b940e-06e0-49a5-9247-5c39d5b56c1b|rpc:10.1.0.244:41285|priority:1|startupRole:FOLLOWER, d15a650e-2ebd-40cb-9b6d-ba61193ce2f9|rpc:10.1.0.244:33395|priority:0|startupRole:FOLLOWER, 8077194d-366f-483b-b4d6-5a7a28c3c7f8|rpc:10.1.0.244:38223|priority:0|startupRole:FOLLOWER]|listeners:[], old=null
2022-11-08 06:34:02,658 [8077194d-366f-483b-b4d6-5a7a28c3c7f8@group-FBDB94237A5E-LeaderElection33] INFO  server.RaftServerConfigKeys (ConfUtils.java:logFallback(53)) - raft.server.rpc.first-election.timeout.min = 5s (fallback to raft.server.rpc.timeout.min)
2022-11-08 06:34:02,658 [8077194d-366f-483b-b4d6-5a7a28c3c7f8@group-FBDB94237A5E-LeaderElection33] INFO  server.RaftServerConfigKeys (ConfUtils.java:logFallback(53)) - raft.server.rpc.first-election.timeout.max = 5200ms (fallback to raft.server.rpc.timeout.max)
2022-11-08 06:34:02,658 [8077194d-366f-483b-b4d6-5a7a28c3c7f8@group-FBDB94237A5E-LeaderElection33-1] INFO  server.GrpcServerProtocolClient (GrpcServerProtocolClient.java:<init>(63)) - Build channel for 193b940e-06e0-49a5-9247-5c39d5b56c1b
2022-11-08 06:34:02,658 [8077194d-366f-483b-b4d6-5a7a28c3c7f8@group-FBDB94237A5E-LeaderElection33-2] INFO  server.GrpcServerProtocolClient (GrpcServerProtocolClient.java:<init>(63)) - Build channel for d15a650e-2ebd-40cb-9b6d-ba61193ce2f9
2022-11-08 06:34:02,673 [grpc-default-executor-4] INFO  server.RaftServer$Division (RaftServerImpl.java:requestVote(1218)) - 193b940e-06e0-49a5-9247-5c39d5b56c1b@group-FBDB94237A5E: receive requestVote(ELECTION, 8077194d-366f-483b-b4d6-5a7a28c3c7f8, group-FBDB94237A5E, 1, (t:0, i:0))
2022-11-08 06:34:02,673 [grpc-default-executor-4] INFO  impl.VoteContext (VoteContext.java:log(48)) - 193b940e-06e0-49a5-9247-5c39d5b56c1b@group-FBDB94237A5E-FOLLOWER: reject ELECTION from 8077194d-366f-483b-b4d6-5a7a28c3c7f8: our priority 1 > candidate's priority 0
2022-11-08 06:34:02,673 [grpc-default-executor-4] INFO  server.RaftServer$Division (RaftServerImpl.java:setRole(321)) - 193b940e-06e0-49a5-9247-5c39d5b56c1b@group-FBDB94237A5E: changes role from  FOLLOWER to FOLLOWER at term 1 for candidate:8077194d-366f-483b-b4d6-5a7a28c3c7f8
2022-11-08 06:34:02,673 [grpc-default-executor-4] INFO  impl.RoleInfo (RoleInfo.java:shutdownFollowerState(110)) - 193b940e-06e0-49a5-9247-5c39d5b56c1b: shutdown 193b940e-06e0-49a5-9247-5c39d5b56c1b@group-FBDB94237A5E-FollowerState
2022-11-08 06:34:02,673 [grpc-default-executor-4] INFO  impl.RoleInfo (RoleInfo.java:updateAndGet(139)) - 193b940e-06e0-49a5-9247-5c39d5b56c1b: start 193b940e-06e0-49a5-9247-5c39d5b56c1b@group-FBDB94237A5E-FollowerState
2022-11-08 06:34:02,674 [193b940e-06e0-49a5-9247-5c39d5b56c1b@group-FBDB94237A5E-FollowerState] INFO  impl.FollowerState (FollowerState.java:run(152)) - 193b940e-06e0-49a5-9247-5c39d5b56c1b@group-FBDB94237A5E-FollowerState was interrupted
2022-11-08 06:34:02,674 [193b940e-06e0-49a5-9247-5c39d5b56c1b@group-FBDB94237A5E-FollowerState] INFO  server.RaftServerConfigKeys (ConfUtils.java:logFallback(53)) - raft.server.rpc.first-election.timeout.min = 5s (fallback to raft.server.rpc.timeout.min)
2022-11-08 06:34:02,674 [193b940e-06e0-49a5-9247-5c39d5b56c1b@group-FBDB94237A5E-FollowerState] INFO  server.RaftServerConfigKeys (ConfUtils.java:logFallback(53)) - raft.server.rpc.first-election.timeout.max = 5200ms (fallback to raft.server.rpc.timeout.max)
2022-11-08 06:34:02,676 [grpc-default-executor-4] INFO  server.RaftServer$Division (RaftServerImpl.java:requestVote(1251)) - 193b940e-06e0-49a5-9247-5c39d5b56c1b@group-FBDB94237A5E replies to ELECTION vote request: 8077194d-366f-483b-b4d6-5a7a28c3c7f8<-193b940e-06e0-49a5-9247-5c39d5b56c1b#0:FAIL-t1. Peer's state: 193b940e-06e0-49a5-9247-5c39d5b56c1b@group-FBDB94237A5E:t1, leader=null, voted=null, raftlog=Memoized:193b940e-06e0-49a5-9247-5c39d5b56c1b@group-FBDB94237A5E-SegmentedRaftLog:OPENED:c-1, conf=-1: peers:[193b940e-06e0-49a5-9247-5c39d5b56c1b|rpc:10.1.0.244:41285|dataStream:|priority:1|startupRole:FOLLOWER, d15a650e-2ebd-40cb-9b6d-ba61193ce2f9|rpc:10.1.0.244:33395|dataStream:|priority:0|startupRole:FOLLOWER, 8077194d-366f-483b-b4d6-5a7a28c3c7f8|rpc:10.1.0.244:38223|dataStream:|priority:0|startupRole:FOLLOWER]|listeners:[], old=null
2022-11-08 06:34:02,677 [grpc-default-executor-5] INFO  server.RaftServer$Division (RaftServerImpl.java:requestVote(1218)) - d15a650e-2ebd-40cb-9b6d-ba61193ce2f9@group-FBDB94237A5E: receive requestVote(ELECTION, 8077194d-366f-483b-b4d6-5a7a28c3c7f8, group-FBDB94237A5E, 1, (t:0, i:0))
2022-11-08 06:34:02,677 [grpc-default-executor-5] INFO  impl.VoteContext (VoteContext.java:log(48)) - d15a650e-2ebd-40cb-9b6d-ba61193ce2f9@group-FBDB94237A5E-FOLLOWER: accept ELECTION from 8077194d-366f-483b-b4d6-5a7a28c3c7f8: our priority 0 <= candidate's priority 0
2022-11-08 06:34:02,677 [grpc-default-executor-5] INFO  server.RaftServer$Division (RaftServerImpl.java:setRole(321)) - d15a650e-2ebd-40cb-9b6d-ba61193ce2f9@group-FBDB94237A5E: changes role from  FOLLOWER to FOLLOWER at term 1 for candidate:8077194d-366f-483b-b4d6-5a7a28c3c7f8
2022-11-08 06:34:02,677 [grpc-default-executor-5] INFO  impl.RoleInfo (RoleInfo.java:shutdownFollowerState(110)) - d15a650e-2ebd-40cb-9b6d-ba61193ce2f9: shutdown d15a650e-2ebd-40cb-9b6d-ba61193ce2f9@group-FBDB94237A5E-FollowerState
2022-11-08 06:34:02,677 [grpc-default-executor-5] INFO  impl.RoleInfo (RoleInfo.java:updateAndGet(139)) - d15a650e-2ebd-40cb-9b6d-ba61193ce2f9: start d15a650e-2ebd-40cb-9b6d-ba61193ce2f9@group-FBDB94237A5E-FollowerState
2022-11-08 06:34:02,677 [d15a650e-2ebd-40cb-9b6d-ba61193ce2f9@group-FBDB94237A5E-FollowerState] INFO  impl.FollowerState (FollowerState.java:run(152)) - d15a650e-2ebd-40cb-9b6d-ba61193ce2f9@group-FBDB94237A5E-FollowerState was interrupted
2022-11-08 06:34:02,683 [d15a650e-2ebd-40cb-9b6d-ba61193ce2f9@group-FBDB94237A5E-FollowerState] INFO  server.RaftServerConfigKeys (ConfUtils.java:logFallback(53)) - raft.server.rpc.first-election.timeout.min = 5s (fallback to raft.server.rpc.timeout.min)
2022-11-08 06:34:02,683 [8077194d-366f-483b-b4d6-5a7a28c3c7f8@group-FBDB94237A5E-LeaderElection33] INFO  impl.LeaderElection (LeaderElection.java:logAndReturn(90)) - 8077194d-366f-483b-b4d6-5a7a28c3c7f8@group-FBDB94237A5E-LeaderElection33: ELECTION REJECTED received 1 response(s) and 0 exception(s):
2022-11-08 06:34:02,683 [d15a650e-2ebd-40cb-9b6d-ba61193ce2f9@group-FBDB94237A5E-FollowerState] INFO  server.RaftServerConfigKeys (ConfUtils.java:logFallback(53)) - raft.server.rpc.first-election.timeout.max = 5200ms (fallback to raft.server.rpc.timeout.max)
2022-11-08 06:34:02,683 [8077194d-366f-483b-b4d6-5a7a28c3c7f8@group-FBDB94237A5E-LeaderElection33] INFO  impl.LeaderElection (LeaderElection.java:logAndReturn(94)) -   Response 0: 8077194d-366f-483b-b4d6-5a7a28c3c7f8<-193b940e-06e0-49a5-9247-5c39d5b56c1b#0:FAIL-t1
2022-11-08 06:34:02,683 [8077194d-366f-483b-b4d6-5a7a28c3c7f8@group-FBDB94237A5E-LeaderElection33] INFO  impl.LeaderElection (LeaderElection.java:askForVotes(314)) - 8077194d-366f-483b-b4d6-5a7a28c3c7f8@group-FBDB94237A5E-LeaderElection33 ELECTION round 0: result REJECTED
2022-11-08 06:34:02,683 [8077194d-366f-483b-b4d6-5a7a28c3c7f8@group-FBDB94237A5E-LeaderElection33] INFO  server.RaftServer$Division (RaftServerImpl.java:setRole(321)) - 8077194d-366f-483b-b4d6-5a7a28c3c7f8@group-FBDB94237A5E: changes role from CANDIDATE to FOLLOWER at term 1 for REJECTED
2022-11-08 06:34:02,683 [8077194d-366f-483b-b4d6-5a7a28c3c7f8@group-FBDB94237A5E-LeaderElection33] INFO  impl.RoleInfo (RoleInfo.java:shutdownLeaderElection(130)) - 8077194d-366f-483b-b4d6-5a7a28c3c7f8: shutdown 8077194d-366f-483b-b4d6-5a7a28c3c7f8@group-FBDB94237A5E-LeaderElection33
2022-11-08 06:34:02,683 [8077194d-366f-483b-b4d6-5a7a28c3c7f8@group-FBDB94237A5E-LeaderElection33] INFO  impl.RoleInfo (RoleInfo.java:updateAndGet(139)) - 8077194d-366f-483b-b4d6-5a7a28c3c7f8: start 8077194d-366f-483b-b4d6-5a7a28c3c7f8@group-FBDB94237A5E-FollowerState
2022-11-08 06:34:02,683 [8077194d-366f-483b-b4d6-5a7a28c3c7f8@group-FBDB94237A5E-FollowerState] INFO  server.RaftServerConfigKeys (ConfUtils.java:logFallback(53)) - raft.server.rpc.first-election.timeout.min = 5s (fallback to raft.server.rpc.timeout.min)
2022-11-08 06:34:02,683 [8077194d-366f-483b-b4d6-5a7a28c3c7f8@group-FBDB94237A5E-FollowerState] INFO  server.RaftServerConfigKeys (ConfUtils.java:logFallback(53)) - raft.server.rpc.first-election.timeout.max = 5200ms (fallback to raft.server.rpc.timeout.max)
2022-11-08 06:34:02,684 [grpc-default-executor-5] INFO  server.RaftServer$Division (RaftServerImpl.java:requestVote(1251)) - d15a650e-2ebd-40cb-9b6d-ba61193ce2f9@group-FBDB94237A5E replies to ELECTION vote request: 8077194d-366f-483b-b4d6-5a7a28c3c7f8<-d15a650e-2ebd-40cb-9b6d-ba61193ce2f9#0:OK-t1. Peer's state: d15a650e-2ebd-40cb-9b6d-ba61193ce2f9@group-FBDB94237A5E:t1, leader=null, voted=8077194d-366f-483b-b4d6-5a7a28c3c7f8, raftlog=Memoized:d15a650e-2ebd-40cb-9b6d-ba61193ce2f9@group-FBDB94237A5E-SegmentedRaftLog:OPENED:c-1, conf=-1: peers:[193b940e-06e0-49a5-9247-5c39d5b56c1b|rpc:10.1.0.244:41285|dataStream:|priority:1|startupRole:FOLLOWER, d15a650e-2ebd-40cb-9b6d-ba61193ce2f9|rpc:10.1.0.244:33395|dataStream:|priority:0|startupRole:FOLLOWER, 8077194d-366f-483b-b4d6-5a7a28c3c7f8|rpc:10.1.0.244:38223|dataStream:|priority:0|startupRole:FOLLOWER]|listeners:[], old=null
2022-11-08 06:34:02,776 [d15a650e-2ebd-40cb-9b6d-ba61193ce2f9@group-91CE96BBAFA1-FollowerState] INFO  impl.FollowerState (FollowerState.java:run(143)) - d15a650e-2ebd-40cb-9b6d-ba61193ce2f9@group-91CE96BBAFA1-FollowerState: change to CANDIDATE, lastRpcElapsedTime:5084759702ns, electionTimeout:5082ms
2022-11-08 06:34:02,776 [d15a650e-2ebd-40cb-9b6d-ba61193ce2f9@group-91CE96BBAFA1-FollowerState] INFO  impl.RoleInfo (RoleInfo.java:shutdownFollowerState(110)) - d15a650e-2ebd-40cb-9b6d-ba61193ce2f9: shutdown d15a650e-2ebd-40cb-9b6d-ba61193ce2f9@group-91CE96BBAFA1-FollowerState
2022-11-08 06:34:02,777 [d15a650e-2ebd-40cb-9b6d-ba61193ce2f9@group-91CE96BBAFA1-FollowerState] INFO  server.RaftServer$Division (RaftServerImpl.java:setRole(321)) - d15a650e-2ebd-40cb-9b6d-ba61193ce2f9@group-91CE96BBAFA1: changes role from  FOLLOWER to CANDIDATE at term 0 for changeToCandidate
2022-11-08 06:34:02,777 [d15a650e-2ebd-40cb-9b6d-ba61193ce2f9@group-91CE96BBAFA1-FollowerState] INFO  server.RaftServerConfigKeys (ConfUtils.java:logGet(46)) - raft.server.leaderelection.pre-vote = false (custom)
2022-11-08 06:34:02,777 [d15a650e-2ebd-40cb-9b6d-ba61193ce2f9@group-91CE96BBAFA1-FollowerState] INFO  impl.RoleInfo (RoleInfo.java:updateAndGet(139)) - d15a650e-2ebd-40cb-9b6d-ba61193ce2f9: start d15a650e-2ebd-40cb-9b6d-ba61193ce2f9@group-91CE96BBAFA1-LeaderElection34
2022-11-08 06:34:02,782 [d15a650e-2ebd-40cb-9b6d-ba61193ce2f9@group-91CE96BBAFA1-LeaderElection34] INFO  impl.LeaderElection (LeaderElection.java:askForVotes(312)) - d15a650e-2ebd-40cb-9b6d-ba61193ce2f9@group-91CE96BBAFA1-LeaderElection34 ELECTION round 0: submit vote requests at term 1 for -1: peers:[193b940e-06e0-49a5-9247-5c39d5b56c1b|rpc:10.1.0.244:41285|dataStream:|priority:0|startupRole:FOLLOWER, d15a650e-2ebd-40cb-9b6d-ba61193ce2f9|rpc:10.1.0.244:33395|dataStream:|priority:0|startupRole:FOLLOWER, 8077194d-366f-483b-b4d6-5a7a28c3c7f8|rpc:10.1.0.244:38223|dataStream:|priority:1|startupRole:FOLLOWER]|listeners:[], old=null
2022-11-08 06:34:02,782 [d15a650e-2ebd-40cb-9b6d-ba61193ce2f9@group-91CE96BBAFA1-LeaderElection34] INFO  server.RaftServerConfigKeys (ConfUtils.java:logFallback(53)) - raft.server.rpc.first-election.timeout.min = 5s (fallback to raft.server.rpc.timeout.min)
2022-11-08 06:34:02,782 [d15a650e-2ebd-40cb-9b6d-ba61193ce2f9@group-91CE96BBAFA1-LeaderElection34-1] INFO  server.GrpcServerProtocolClient (GrpcServerProtocolClient.java:<init>(63)) - Build channel for 193b940e-06e0-49a5-9247-5c39d5b56c1b
2022-11-08 06:34:02,782 [d15a650e-2ebd-40cb-9b6d-ba61193ce2f9@group-91CE96BBAFA1-LeaderElection34] INFO  server.RaftServerConfigKeys (ConfUtils.java:logFallback(53)) - raft.server.rpc.first-election.timeout.max = 5200ms (fallback to raft.server.rpc.timeout.max)
2022-11-08 06:34:02,782 [d15a650e-2ebd-40cb-9b6d-ba61193ce2f9@group-91CE96BBAFA1-LeaderElection34-2] INFO  server.GrpcServerProtocolClient (GrpcServerProtocolClient.java:<init>(63)) - Build channel for 8077194d-366f-483b-b4d6-5a7a28c3c7f8
2022-11-08 06:34:02,795 [grpc-default-executor-4] INFO  server.RaftServer$Division (RaftServerImpl.java:requestVote(1218)) - 193b940e-06e0-49a5-9247-5c39d5b56c1b@group-91CE96BBAFA1: receive requestVote(ELECTION, d15a650e-2ebd-40cb-9b6d-ba61193ce2f9, group-91CE96BBAFA1, 1, (t:0, i:0))
2022-11-08 06:34:02,795 [grpc-default-executor-4] INFO  impl.VoteContext (VoteContext.java:log(48)) - 193b940e-06e0-49a5-9247-5c39d5b56c1b@group-91CE96BBAFA1-FOLLOWER: accept ELECTION from d15a650e-2ebd-40cb-9b6d-ba61193ce2f9: our priority 0 <= candidate's priority 0
2022-11-08 06:34:02,795 [grpc-default-executor-4] INFO  server.RaftServer$Division (RaftServerImpl.java:setRole(321)) - 193b940e-06e0-49a5-9247-5c39d5b56c1b@group-91CE96BBAFA1: changes role from  FOLLOWER to FOLLOWER at term 1 for candidate:d15a650e-2ebd-40cb-9b6d-ba61193ce2f9
2022-11-08 06:34:02,795 [grpc-default-executor-4] INFO  impl.RoleInfo (RoleInfo.java:shutdownFollowerState(110)) - 193b940e-06e0-49a5-9247-5c39d5b56c1b: shutdown 193b940e-06e0-49a5-9247-5c39d5b56c1b@group-91CE96BBAFA1-FollowerState
2022-11-08 06:34:02,795 [grpc-default-executor-4] INFO  impl.RoleInfo (RoleInfo.java:updateAndGet(139)) - 193b940e-06e0-49a5-9247-5c39d5b56c1b: start 193b940e-06e0-49a5-9247-5c39d5b56c1b@group-91CE96BBAFA1-FollowerState
2022-11-08 06:34:02,795 [193b940e-06e0-49a5-9247-5c39d5b56c1b@group-91CE96BBAFA1-FollowerState] INFO  impl.FollowerState (FollowerState.java:run(152)) - 193b940e-06e0-49a5-9247-5c39d5b56c1b@group-91CE96BBAFA1-FollowerState was interrupted
2022-11-08 06:34:02,795 [grpc-default-executor-5] INFO  server.RaftServer$Division (RaftServerImpl.java:requestVote(1218)) - 8077194d-366f-483b-b4d6-5a7a28c3c7f8@group-91CE96BBAFA1: receive requestVote(ELECTION, d15a650e-2ebd-40cb-9b6d-ba61193ce2f9, group-91CE96BBAFA1, 1, (t:0, i:0))
2022-11-08 06:34:02,795 [grpc-default-executor-5] INFO  impl.VoteContext (VoteContext.java:log(48)) - 8077194d-366f-483b-b4d6-5a7a28c3c7f8@group-91CE96BBAFA1-FOLLOWER: reject ELECTION from d15a650e-2ebd-40cb-9b6d-ba61193ce2f9: our priority 1 > candidate's priority 0
2022-11-08 06:34:02,795 [grpc-default-executor-5] INFO  server.RaftServer$Division (RaftServerImpl.java:setRole(321)) - 8077194d-366f-483b-b4d6-5a7a28c3c7f8@group-91CE96BBAFA1: changes role from  FOLLOWER to FOLLOWER at term 1 for candidate:d15a650e-2ebd-40cb-9b6d-ba61193ce2f9
2022-11-08 06:34:02,795 [grpc-default-executor-5] INFO  impl.RoleInfo (RoleInfo.java:shutdownFollowerState(110)) - 8077194d-366f-483b-b4d6-5a7a28c3c7f8: shutdown 8077194d-366f-483b-b4d6-5a7a28c3c7f8@group-91CE96BBAFA1-FollowerState
2022-11-08 06:34:02,798 [grpc-default-executor-5] INFO  impl.RoleInfo (RoleInfo.java:updateAndGet(139)) - 8077194d-366f-483b-b4d6-5a7a28c3c7f8: start 8077194d-366f-483b-b4d6-5a7a28c3c7f8@group-91CE96BBAFA1-FollowerState
2022-11-08 06:34:02,798 [8077194d-366f-483b-b4d6-5a7a28c3c7f8@group-91CE96BBAFA1-FollowerState] INFO  impl.FollowerState (FollowerState.java:run(152)) - 8077194d-366f-483b-b4d6-5a7a28c3c7f8@group-91CE96BBAFA1-FollowerState was interrupted
2022-11-08 06:34:02,798 [8077194d-366f-483b-b4d6-5a7a28c3c7f8@group-91CE96BBAFA1-FollowerState] INFO  server.RaftServerConfigKeys (ConfUtils.java:logFallback(53)) - raft.server.rpc.first-election.timeout.min = 5s (fallback to raft.server.rpc.timeout.min)
2022-11-08 06:34:02,798 [8077194d-366f-483b-b4d6-5a7a28c3c7f8@group-91CE96BBAFA1-FollowerState] INFO  server.RaftServerConfigKeys (ConfUtils.java:logFallback(53)) - raft.server.rpc.first-election.timeout.max = 5200ms (fallback to raft.server.rpc.timeout.max)
2022-11-08 06:34:02,806 [193b940e-06e0-49a5-9247-5c39d5b56c1b@group-91CE96BBAFA1-FollowerState] INFO  server.RaftServerConfigKeys (ConfUtils.java:logFallback(53)) - raft.server.rpc.first-election.timeout.min = 5s (fallback to raft.server.rpc.timeout.min)
2022-11-08 06:34:02,807 [193b940e-06e0-49a5-9247-5c39d5b56c1b@group-91CE96BBAFA1-FollowerState] INFO  server.RaftServerConfigKeys (ConfUtils.java:logFallback(53)) - raft.server.rpc.first-election.timeout.max = 5200ms (fallback to raft.server.rpc.timeout.max)
2022-11-08 06:34:02,807 [grpc-default-executor-5] INFO  server.RaftServer$Division (RaftServerImpl.java:requestVote(1251)) - 8077194d-366f-483b-b4d6-5a7a28c3c7f8@group-91CE96BBAFA1 replies to ELECTION vote request: d15a650e-2ebd-40cb-9b6d-ba61193ce2f9<-8077194d-366f-483b-b4d6-5a7a28c3c7f8#0:FAIL-t1. Peer's state: 8077194d-366f-483b-b4d6-5a7a28c3c7f8@group-91CE96BBAFA1:t1, leader=null, voted=null, raftlog=Memoized:8077194d-366f-483b-b4d6-5a7a28c3c7f8@group-91CE96BBAFA1-SegmentedRaftLog:OPENED:c-1, conf=-1: peers:[193b940e-06e0-49a5-9247-5c39d5b56c1b|rpc:10.1.0.244:41285|priority:0|startupRole:FOLLOWER, d15a650e-2ebd-40cb-9b6d-ba61193ce2f9|rpc:10.1.0.244:33395|priority:0|startupRole:FOLLOWER, 8077194d-366f-483b-b4d6-5a7a28c3c7f8|rpc:10.1.0.244:38223|priority:1|startupRole:FOLLOWER]|listeners:[], old=null
2022-11-08 06:34:02,808 [grpc-default-executor-4] INFO  server.RaftServer$Division (RaftServerImpl.java:requestVote(1251)) - 193b940e-06e0-49a5-9247-5c39d5b56c1b@group-91CE96BBAFA1 replies to ELECTION vote request: d15a650e-2ebd-40cb-9b6d-ba61193ce2f9<-193b940e-06e0-49a5-9247-5c39d5b56c1b#0:OK-t1. Peer's state: 193b940e-06e0-49a5-9247-5c39d5b56c1b@group-91CE96BBAFA1:t1, leader=null, voted=d15a650e-2ebd-40cb-9b6d-ba61193ce2f9, raftlog=Memoized:193b940e-06e0-49a5-9247-5c39d5b56c1b@group-91CE96BBAFA1-SegmentedRaftLog:OPENED:c-1, conf=-1: peers:[193b940e-06e0-49a5-9247-5c39d5b56c1b|rpc:10.1.0.244:41285|dataStream:|priority:0|startupRole:FOLLOWER, d15a650e-2ebd-40cb-9b6d-ba61193ce2f9|rpc:10.1.0.244:33395|dataStream:|priority:0|startupRole:FOLLOWER, 8077194d-366f-483b-b4d6-5a7a28c3c7f8|rpc:10.1.0.244:38223|dataStream:|priority:1|startupRole:FOLLOWER]|listeners:[], old=null
2022-11-08 06:34:02,809 [d15a650e-2ebd-40cb-9b6d-ba61193ce2f9@group-91CE96BBAFA1-LeaderElection34] INFO  impl.LeaderElection (LeaderElection.java:logAndReturn(90)) - d15a650e-2ebd-40cb-9b6d-ba61193ce2f9@group-91CE96BBAFA1-LeaderElection34: ELECTION REJECTED received 1 response(s) and 0 exception(s):
2022-11-08 06:34:02,809 [d15a650e-2ebd-40cb-9b6d-ba61193ce2f9@group-91CE96BBAFA1-LeaderElection34] INFO  impl.LeaderElection (LeaderElection.java:logAndReturn(94)) -   Response 0: d15a650e-2ebd-40cb-9b6d-ba61193ce2f9<-8077194d-366f-483b-b4d6-5a7a28c3c7f8#0:FAIL-t1
2022-11-08 06:34:02,809 [d15a650e-2ebd-40cb-9b6d-ba61193ce2f9@group-91CE96BBAFA1-LeaderElection34] INFO  impl.LeaderElection (LeaderElection.java:askForVotes(314)) - d15a650e-2ebd-40cb-9b6d-ba61193ce2f9@group-91CE96BBAFA1-LeaderElection34 ELECTION round 0: result REJECTED
2022-11-08 06:34:02,809 [d15a650e-2ebd-40cb-9b6d-ba61193ce2f9@group-91CE96BBAFA1-LeaderElection34] INFO  server.RaftServer$Division (RaftServerImpl.java:setRole(321)) - d15a650e-2ebd-40cb-9b6d-ba61193ce2f9@group-91CE96BBAFA1: changes role from CANDIDATE to FOLLOWER at term 1 for REJECTED
2022-11-08 06:34:02,809 [d15a650e-2ebd-40cb-9b6d-ba61193ce2f9@group-91CE96BBAFA1-LeaderElection34] INFO  impl.RoleInfo (RoleInfo.java:shutdownLeaderElection(130)) - d15a650e-2ebd-40cb-9b6d-ba61193ce2f9: shutdown d15a650e-2ebd-40cb-9b6d-ba61193ce2f9@group-91CE96BBAFA1-LeaderElection34
2022-11-08 06:34:02,809 [d15a650e-2ebd-40cb-9b6d-ba61193ce2f9@group-91CE96BBAFA1-LeaderElection34] INFO  impl.RoleInfo (RoleInfo.java:updateAndGet(139)) - d15a650e-2ebd-40cb-9b6d-ba61193ce2f9: start d15a650e-2ebd-40cb-9b6d-ba61193ce2f9@group-91CE96BBAFA1-FollowerState
2022-11-08 06:34:02,809 [d15a650e-2ebd-40cb-9b6d-ba61193ce2f9@group-91CE96BBAFA1-FollowerState] INFO  server.RaftServerConfigKeys (ConfUtils.java:logFallback(53)) - raft.server.rpc.first-election.timeout.min = 5s (fallback to raft.server.rpc.timeout.min)
2022-11-08 06:34:02,809 [d15a650e-2ebd-40cb-9b6d-ba61193ce2f9@group-91CE96BBAFA1-FollowerState] INFO  server.RaftServerConfigKeys (ConfUtils.java:logFallback(53)) - raft.server.rpc.first-election.timeout.max = 5200ms (fallback to raft.server.rpc.timeout.max)
2022-11-08 06:34:06,598 [f5a08da9-e999-4666-9813-af0703791aee@group-10203FD77499-FollowerState] INFO  impl.FollowerState (FollowerState.java:run(143)) - f5a08da9-e999-4666-9813-af0703791aee@group-10203FD77499-FollowerState: change to CANDIDATE, lastRpcElapsedTime:5035182802ns, electionTimeout:5020ms
2022-11-08 06:34:06,598 [f5a08da9-e999-4666-9813-af0703791aee@group-10203FD77499-FollowerState] INFO  impl.RoleInfo (RoleInfo.java:shutdownFollowerState(110)) - f5a08da9-e999-4666-9813-af0703791aee: shutdown f5a08da9-e999-4666-9813-af0703791aee@group-10203FD77499-FollowerState
2022-11-08 06:34:06,598 [f5a08da9-e999-4666-9813-af0703791aee@group-10203FD77499-FollowerState] INFO  server.RaftServer$Division (RaftServerImpl.java:setRole(321)) - f5a08da9-e999-4666-9813-af0703791aee@group-10203FD77499: changes role from  FOLLOWER to CANDIDATE at term 1 for changeToCandidate
2022-11-08 06:34:06,599 [f5a08da9-e999-4666-9813-af0703791aee@group-10203FD77499-FollowerState] INFO  server.RaftServerConfigKeys (ConfUtils.java:logGet(46)) - raft.server.leaderelection.pre-vote = false (custom)
2022-11-08 06:34:06,599 [f5a08da9-e999-4666-9813-af0703791aee@group-10203FD77499-FollowerState] INFO  impl.RoleInfo (RoleInfo.java:updateAndGet(139)) - f5a08da9-e999-4666-9813-af0703791aee: start f5a08da9-e999-4666-9813-af0703791aee@group-10203FD77499-LeaderElection35
2022-11-08 06:34:06,600 [7cdbd1b5-097b-4b08-9783-327855de8893@group-10203FD77499-FollowerState] INFO  server.RaftServerConfigKeys (ConfUtils.java:logFallback(53)) - raft.server.rpc.first-election.timeout.min = 5s (fallback to raft.server.rpc.timeout.min)
2022-11-08 06:34:06,601 [7cdbd1b5-097b-4b08-9783-327855de8893@group-10203FD77499-FollowerState] INFO  server.RaftServerConfigKeys (ConfUtils.java:logFallback(53)) - raft.server.rpc.first-election.timeout.max = 5200ms (fallback to raft.server.rpc.timeout.max)
2022-11-08 06:34:06,602 [f5a08da9-e999-4666-9813-af0703791aee@group-10203FD77499-LeaderElection35] INFO  impl.LeaderElection (LeaderElection.java:askForVotes(312)) - f5a08da9-e999-4666-9813-af0703791aee@group-10203FD77499-LeaderElection35 ELECTION round 0: submit vote requests at term 2 for -1: peers:[7cdbd1b5-097b-4b08-9783-327855de8893|rpc:10.1.0.244:38963|dataStream:|priority:0|startupRole:FOLLOWER, f5a08da9-e999-4666-9813-af0703791aee|rpc:10.1.0.244:37541|dataStream:|priority:1|startupRole:FOLLOWER, 73b7dc0c-af7c-46fd-8914-03b4db151d45|rpc:10.1.0.244:39667|dataStream:|priority:0|startupRole:FOLLOWER]|listeners:[], old=null
2022-11-08 06:34:06,603 [f5a08da9-e999-4666-9813-af0703791aee@group-10203FD77499-LeaderElection35-1] INFO  server.GrpcServerProtocolClient (GrpcServerProtocolClient.java:<init>(63)) - Build channel for 7cdbd1b5-097b-4b08-9783-327855de8893
2022-11-08 06:34:06,606 [f5a08da9-e999-4666-9813-af0703791aee@group-10203FD77499-LeaderElection35] INFO  server.RaftServerConfigKeys (ConfUtils.java:logFallback(53)) - raft.server.rpc.first-election.timeout.min = 5s (fallback to raft.server.rpc.timeout.min)
2022-11-08 06:34:06,606 [f5a08da9-e999-4666-9813-af0703791aee@group-10203FD77499-LeaderElection35] INFO  server.RaftServerConfigKeys (ConfUtils.java:logFallback(53)) - raft.server.rpc.first-election.timeout.max = 5200ms (fallback to raft.server.rpc.timeout.max)
2022-11-08 06:34:06,606 [f5a08da9-e999-4666-9813-af0703791aee@group-10203FD77499-LeaderElection35-2] INFO  server.GrpcServerProtocolClient (GrpcServerProtocolClient.java:<init>(63)) - Build channel for 73b7dc0c-af7c-46fd-8914-03b4db151d45
2022-11-08 06:34:06,608 [grpc-default-executor-5] INFO  server.RaftServer$Division (RaftServerImpl.java:requestVote(1218)) - 7cdbd1b5-097b-4b08-9783-327855de8893@group-10203FD77499: receive requestVote(ELECTION, f5a08da9-e999-4666-9813-af0703791aee, group-10203FD77499, 2, (t:0, i:0))
2022-11-08 06:34:06,609 [grpc-default-executor-5] INFO  impl.VoteContext (VoteContext.java:log(48)) - 7cdbd1b5-097b-4b08-9783-327855de8893@group-10203FD77499-FOLLOWER: accept ELECTION from f5a08da9-e999-4666-9813-af0703791aee: our priority 0 <= candidate's priority 1
2022-11-08 06:34:06,609 [grpc-default-executor-5] INFO  server.RaftServer$Division (RaftServerImpl.java:setRole(321)) - 7cdbd1b5-097b-4b08-9783-327855de8893@group-10203FD77499: changes role from  FOLLOWER to FOLLOWER at term 2 for candidate:f5a08da9-e999-4666-9813-af0703791aee
2022-11-08 06:34:06,609 [grpc-default-executor-5] INFO  impl.RoleInfo (RoleInfo.java:shutdownFollowerState(110)) - 7cdbd1b5-097b-4b08-9783-327855de8893: shutdown 7cdbd1b5-097b-4b08-9783-327855de8893@group-10203FD77499-FollowerState
2022-11-08 06:34:06,609 [grpc-default-executor-5] INFO  impl.RoleInfo (RoleInfo.java:updateAndGet(139)) - 7cdbd1b5-097b-4b08-9783-327855de8893: start 7cdbd1b5-097b-4b08-9783-327855de8893@group-10203FD77499-FollowerState
2022-11-08 06:34:06,609 [7cdbd1b5-097b-4b08-9783-327855de8893@group-10203FD77499-FollowerState] INFO  impl.FollowerState (FollowerState.java:run(152)) - 7cdbd1b5-097b-4b08-9783-327855de8893@group-10203FD77499-FollowerState was interrupted
2022-11-08 06:34:06,610 [7cdbd1b5-097b-4b08-9783-327855de8893@group-10203FD77499-FollowerState] INFO  server.RaftServerConfigKeys (ConfUtils.java:logFallback(53)) - raft.server.rpc.first-election.timeout.min = 5s (fallback to raft.server.rpc.timeout.min)
2022-11-08 06:34:06,610 [7cdbd1b5-097b-4b08-9783-327855de8893@group-10203FD77499-FollowerState] INFO  server.RaftServerConfigKeys (ConfUtils.java:logFallback(53)) - raft.server.rpc.first-election.timeout.max = 5200ms (fallback to raft.server.rpc.timeout.max)
2022-11-08 06:34:06,611 [grpc-default-executor-5] INFO  server.RaftServer$Division (RaftServerImpl.java:requestVote(1251)) - 7cdbd1b5-097b-4b08-9783-327855de8893@group-10203FD77499 replies to ELECTION vote request: f5a08da9-e999-4666-9813-af0703791aee<-7cdbd1b5-097b-4b08-9783-327855de8893#0:OK-t2. Peer's state: 7cdbd1b5-097b-4b08-9783-327855de8893@group-10203FD77499:t2, leader=null, voted=f5a08da9-e999-4666-9813-af0703791aee, raftlog=Memoized:7cdbd1b5-097b-4b08-9783-327855de8893@group-10203FD77499-SegmentedRaftLog:OPENED:c-1, conf=-1: peers:[7cdbd1b5-097b-4b08-9783-327855de8893|rpc:10.1.0.244:38963|priority:0|startupRole:FOLLOWER, f5a08da9-e999-4666-9813-af0703791aee|rpc:10.1.0.244:37541|priority:1|startupRole:FOLLOWER, 73b7dc0c-af7c-46fd-8914-03b4db151d45|rpc:10.1.0.244:39667|priority:0|startupRole:FOLLOWER]|listeners:[], old=null
2022-11-08 06:34:06,615 [f5a08da9-e999-4666-9813-af0703791aee@group-10203FD77499-LeaderElection35] INFO  impl.LeaderElection (LeaderElection.java:logAndReturn(90)) - f5a08da9-e999-4666-9813-af0703791aee@group-10203FD77499-LeaderElection35: ELECTION PASSED received 1 response(s) and 0 exception(s):
2022-11-08 06:34:06,615 [f5a08da9-e999-4666-9813-af0703791aee@group-10203FD77499-LeaderElection35] INFO  impl.LeaderElection (LeaderElection.java:logAndReturn(94)) -   Response 0: f5a08da9-e999-4666-9813-af0703791aee<-7cdbd1b5-097b-4b08-9783-327855de8893#0:OK-t2
2022-11-08 06:34:06,615 [f5a08da9-e999-4666-9813-af0703791aee@group-10203FD77499-LeaderElection35] INFO  impl.LeaderElection (LeaderElection.java:askForVotes(314)) - f5a08da9-e999-4666-9813-af0703791aee@group-10203FD77499-LeaderElection35 ELECTION round 0: result PASSED
2022-11-08 06:34:06,615 [f5a08da9-e999-4666-9813-af0703791aee@group-10203FD77499-LeaderElection35] INFO  impl.RoleInfo (RoleInfo.java:shutdownLeaderElection(130)) - f5a08da9-e999-4666-9813-af0703791aee: shutdown f5a08da9-e999-4666-9813-af0703791aee@group-10203FD77499-LeaderElection35
2022-11-08 06:34:06,615 [f5a08da9-e999-4666-9813-af0703791aee@group-10203FD77499-LeaderElection35] INFO  server.RaftServer$Division (RaftServerImpl.java:setRole(321)) - f5a08da9-e999-4666-9813-af0703791aee@group-10203FD77499: changes role from CANDIDATE to LEADER at term 2 for changeToLeader
2022-11-08 06:34:06,615 [f5a08da9-e999-4666-9813-af0703791aee@group-10203FD77499-LeaderElection35] INFO  ratis.XceiverServerRatis (XceiverServerRatis.java:handleLeaderChangedNotification(863)) - Leader change notification received for group: group-10203FD77499 with new leaderId: f5a08da9-e999-4666-9813-af0703791aee
2022-11-08 06:34:06,615 [f5a08da9-e999-4666-9813-af0703791aee@group-10203FD77499-LeaderElection35] INFO  server.RaftServer$Division (ServerState.java:setLeader(313)) - f5a08da9-e999-4666-9813-af0703791aee@group-10203FD77499: change Leader from null to f5a08da9-e999-4666-9813-af0703791aee at term 2 for becomeLeader, leader elected after 10143ms
2022-11-08 06:34:06,615 [f5a08da9-e999-4666-9813-af0703791aee@group-10203FD77499-LeaderElection35] INFO  server.RaftServerConfigKeys (ConfUtils.java:logGet(46)) - raft.server.staging.catchup.gap = 1000 (default)
2022-11-08 06:34:06,615 [grpc-default-executor-5] INFO  server.RaftServer$Division (RaftServerImpl.java:requestVote(1218)) - 73b7dc0c-af7c-46fd-8914-03b4db151d45@group-10203FD77499: receive requestVote(ELECTION, f5a08da9-e999-4666-9813-af0703791aee, group-10203FD77499, 2, (t:0, i:0))
2022-11-08 06:34:06,615 [grpc-default-executor-5] INFO  impl.VoteContext (VoteContext.java:log(48)) - 73b7dc0c-af7c-46fd-8914-03b4db151d45@group-10203FD77499-FOLLOWER: accept ELECTION from f5a08da9-e999-4666-9813-af0703791aee: our priority 0 <= candidate's priority 1
2022-11-08 06:34:06,615 [f5a08da9-e999-4666-9813-af0703791aee@group-10203FD77499-LeaderElection35] INFO  server.RaftServerConfigKeys (ConfUtils.java:logGet(46)) - raft.server.write.element-limit = 1024 (custom)
2022-11-08 06:34:06,615 [f5a08da9-e999-4666-9813-af0703791aee@group-10203FD77499-LeaderElection35] INFO  server.RaftServerConfigKeys (ConfUtils.java:logGet(46)) - raft.server.write.byte-limit = 1024 M (=1073741824) (custom)
2022-11-08 06:34:06,615 [grpc-default-executor-5] INFO  server.RaftServer$Division (RaftServerImpl.java:setRole(321)) - 73b7dc0c-af7c-46fd-8914-03b4db151d45@group-10203FD77499: changes role from  FOLLOWER to FOLLOWER at term 2 for candidate:f5a08da9-e999-4666-9813-af0703791aee
2022-11-08 06:34:06,616 [grpc-default-executor-5] INFO  impl.RoleInfo (RoleInfo.java:shutdownFollowerState(110)) - 73b7dc0c-af7c-46fd-8914-03b4db151d45: shutdown 73b7dc0c-af7c-46fd-8914-03b4db151d45@group-10203FD77499-FollowerState
2022-11-08 06:34:06,616 [grpc-default-executor-5] INFO  impl.RoleInfo (RoleInfo.java:updateAndGet(139)) - 73b7dc0c-af7c-46fd-8914-03b4db151d45: start 73b7dc0c-af7c-46fd-8914-03b4db151d45@group-10203FD77499-FollowerState
2022-11-08 06:34:06,616 [73b7dc0c-af7c-46fd-8914-03b4db151d45@group-10203FD77499-FollowerState] INFO  impl.FollowerState (FollowerState.java:run(152)) - 73b7dc0c-af7c-46fd-8914-03b4db151d45@group-10203FD77499-FollowerState was interrupted
2022-11-08 06:34:06,616 [f5a08da9-e999-4666-9813-af0703791aee@group-10203FD77499-LeaderElection35] INFO  server.RaftServerConfigKeys (ConfUtils.java:logGet(46)) - raft.server.watch.timeout = 180s (custom)
2022-11-08 06:34:06,616 [f5a08da9-e999-4666-9813-af0703791aee@group-10203FD77499-LeaderElection35] INFO  server.RaftServerConfigKeys (ConfUtils.java:logGet(46)) - raft.server.watch.timeout.denomination = 1s (default)
2022-11-08 06:34:06,616 [f5a08da9-e999-4666-9813-af0703791aee@group-10203FD77499-LeaderElection35] INFO  server.RaftServerConfigKeys (ConfUtils.java:logGet(46)) - raft.server.watch.element-limit = 65536 (default)
2022-11-08 06:34:06,616 [f5a08da9-e999-4666-9813-af0703791aee@group-10203FD77499-LeaderElection35] INFO  server.RaftServerConfigKeys (ConfUtils.java:logGet(46)) - raft.server.write.element-limit = 1024 (custom)
2022-11-08 06:34:06,616 [f5a08da9-e999-4666-9813-af0703791aee@group-10203FD77499-LeaderElection35] INFO  server.RaftServerConfigKeys (ConfUtils.java:logGet(46)) - raft.server.write.follower.gap.ratio.max = -1.0 (default)
2022-11-08 06:34:06,617 [f5a08da9-e999-4666-9813-af0703791aee@group-10203FD77499-LeaderElection35] INFO  server.RaftServerConfigKeys (ConfUtils.java:logGet(46)) - raft.server.log.appender.snapshot.chunk.size.max = 16MB (=16777216) (default)
2022-11-08 06:34:06,617 [f5a08da9-e999-4666-9813-af0703791aee@group-10203FD77499-LeaderElection35] INFO  server.RaftServerConfigKeys (ConfUtils.java:logGet(46)) - raft.server.log.appender.buffer.byte-limit = 33554432 (custom)
2022-11-08 06:34:06,617 [f5a08da9-e999-4666-9813-af0703791aee@group-10203FD77499-LeaderElection35] INFO  server.RaftServerConfigKeys (ConfUtils.java:logGet(46)) - raft.server.log.appender.buffer.element-limit = 1 (custom)
2022-11-08 06:34:06,618 [73b7dc0c-af7c-46fd-8914-03b4db151d45@group-10203FD77499-FollowerState] INFO  server.RaftServerConfigKeys (ConfUtils.java:logFallback(53)) - raft.server.rpc.first-election.timeout.min = 5s (fallback to raft.server.rpc.timeout.min)
2022-11-08 06:34:06,618 [73b7dc0c-af7c-46fd-8914-03b4db151d45@group-10203FD77499-FollowerState] INFO  server.RaftServerConfigKeys (ConfUtils.java:logFallback(53)) - raft.server.rpc.first-election.timeout.max = 5200ms (fallback to raft.server.rpc.timeout.max)
2022-11-08 06:34:06,619 [grpc-default-executor-5] INFO  server.RaftServer$Division (RaftServerImpl.java:requestVote(1251)) - 73b7dc0c-af7c-46fd-8914-03b4db151d45@group-10203FD77499 replies to ELECTION vote request: f5a08da9-e999-4666-9813-af0703791aee<-73b7dc0c-af7c-46fd-8914-03b4db151d45#0:OK-t2. Peer's state: 73b7dc0c-af7c-46fd-8914-03b4db151d45@group-10203FD77499:t2, leader=null, voted=f5a08da9-e999-4666-9813-af0703791aee, raftlog=Memoized:73b7dc0c-af7c-46fd-8914-03b4db151d45@group-10203FD77499-SegmentedRaftLog:OPENED:c-1, conf=-1: peers:[7cdbd1b5-097b-4b08-9783-327855de8893|rpc:10.1.0.244:38963|dataStream:|priority:0|startupRole:FOLLOWER, f5a08da9-e999-4666-9813-af0703791aee|rpc:10.1.0.244:37541|dataStream:|priority:1|startupRole:FOLLOWER, 73b7dc0c-af7c-46fd-8914-03b4db151d45|rpc:10.1.0.244:39667|dataStream:|priority:0|startupRole:FOLLOWER]|listeners:[], old=null
2022-11-08 06:34:06,622 [f5a08da9-e999-4666-9813-af0703791aee@group-10203FD77499-LeaderElection35] INFO  grpc.GrpcConfigKeys (ConfUtils.java:logGet(46)) - raft.grpc.server.leader.outstanding.appends.max = 128 (default)
2022-11-08 06:34:06,622 [f5a08da9-e999-4666-9813-af0703791aee@group-10203FD77499-LeaderElection35] INFO  server.RaftServerConfigKeys (ConfUtils.java:logGet(46)) - raft.server.rpc.request.timeout = 60s (custom)
2022-11-08 06:34:06,622 [f5a08da9-e999-4666-9813-af0703791aee@group-10203FD77499-LeaderElection35] INFO  server.RaftServerConfigKeys (ConfUtils.java:logGet(46)) - raft.server.log.appender.install.snapshot.enabled = false (custom)
2022-11-08 06:34:06,622 [f5a08da9-e999-4666-9813-af0703791aee@group-10203FD77499-LeaderElection35] INFO  grpc.GrpcConfigKeys (ConfUtils.java:logGet(46)) - raft.grpc.server.heartbeat.channel = true (default)
2022-11-08 06:34:06,622 [f5a08da9-e999-4666-9813-af0703791aee@group-10203FD77499-LeaderElection35] INFO  server.RaftServerConfigKeys (ConfUtils.java:logGet(46)) - raft.server.log.appender.wait-time.min = 10ms (default)
2022-11-08 06:34:06,623 [f5a08da9-e999-4666-9813-af0703791aee@group-10203FD77499-LeaderElection35] INFO  server.RaftServerConfigKeys (ConfUtils.java:logGet(46)) - raft.server.log.appender.snapshot.chunk.size.max = 16MB (=16777216) (default)
2022-11-08 06:34:06,623 [f5a08da9-e999-4666-9813-af0703791aee@group-10203FD77499-LeaderElection35] INFO  server.RaftServerConfigKeys (ConfUtils.java:logGet(46)) - raft.server.log.appender.buffer.byte-limit = 33554432 (custom)
2022-11-08 06:34:06,623 [f5a08da9-e999-4666-9813-af0703791aee@group-10203FD77499-LeaderElection35] INFO  server.RaftServerConfigKeys (ConfUtils.java:logGet(46)) - raft.server.log.appender.buffer.element-limit = 1 (custom)
2022-11-08 06:34:06,623 [f5a08da9-e999-4666-9813-af0703791aee@group-10203FD77499-LeaderElection35] INFO  grpc.GrpcConfigKeys (ConfUtils.java:logGet(46)) - raft.grpc.server.leader.outstanding.appends.max = 128 (default)
2022-11-08 06:34:06,623 [f5a08da9-e999-4666-9813-af0703791aee@group-10203FD77499-LeaderElection35] INFO  server.RaftServerConfigKeys (ConfUtils.java:logGet(46)) - raft.server.rpc.request.timeout = 60s (custom)
2022-11-08 06:34:06,624 [f5a08da9-e999-4666-9813-af0703791aee@group-10203FD77499-LeaderElection35] INFO  server.RaftServerConfigKeys (ConfUtils.java:logGet(46)) - raft.server.log.appender.install.snapshot.enabled = false (custom)
2022-11-08 06:34:06,624 [f5a08da9-e999-4666-9813-af0703791aee@group-10203FD77499-LeaderElection35] INFO  grpc.GrpcConfigKeys (ConfUtils.java:logGet(46)) - raft.grpc.server.heartbeat.channel = true (default)
2022-11-08 06:34:06,624 [f5a08da9-e999-4666-9813-af0703791aee@group-10203FD77499-LeaderElection35] INFO  server.RaftServerConfigKeys (ConfUtils.java:logGet(46)) - raft.server.log.appender.wait-time.min = 10ms (default)
2022-11-08 06:34:06,624 [f5a08da9-e999-4666-9813-af0703791aee@group-10203FD77499-LeaderElection35] INFO  impl.RoleInfo (RoleInfo.java:updateAndGet(139)) - f5a08da9-e999-4666-9813-af0703791aee: start f5a08da9-e999-4666-9813-af0703791aee@group-10203FD77499-LeaderStateImpl
2022-11-08 06:34:06,624 [f5a08da9-e999-4666-9813-af0703791aee@group-10203FD77499-LeaderElection35] INFO  segmented.SegmentedRaftLogWorker (SegmentedRaftLogWorker.java:startLogSegment(452)) - f5a08da9-e999-4666-9813-af0703791aee@group-10203FD77499-SegmentedRaftLogWorker: Starting segment from index:0
2022-11-08 06:34:06,626 [EventQueue-PipelineReportForPipelineReportHandler] INFO  pipeline.PipelineManagerImpl (PipelineManagerImpl.java:openPipeline(367)) - Pipeline Pipeline[ Id: c7bdac37-5e27-4073-b229-10203fd77499, Nodes: f5a08da9-e999-4666-9813-af0703791aee{ip: 10.1.0.244, host: fv-az220-111.shdwizndlbjulinwhzhdmup5sb.jx.internal.cloudapp.net, ports: [REPLICATION=46617, RATIS=37541, RATIS_ADMIN=37541, RATIS_SERVER=37541, STANDALONE=36761], networkLocation: /default-rack, certSerialId: null, persistedOpState: IN_SERVICE, persistedOpStateExpiryEpochSec: 0}7cdbd1b5-097b-4b08-9783-327855de8893{ip: 10.1.0.244, host: fv-az220-111.shdwizndlbjulinwhzhdmup5sb.jx.internal.cloudapp.net, ports: [REPLICATION=33329, RATIS=38963, RATIS_ADMIN=38963, RATIS_SERVER=38963, STANDALONE=42841], networkLocation: /default-rack, certSerialId: null, persistedOpState: IN_SERVICE, persistedOpStateExpiryEpochSec: 0}73b7dc0c-af7c-46fd-8914-03b4db151d45{ip: 10.1.0.244, host: fv-az220-111.shdwizndlbjulinwhzhdmup5sb.jx.internal.cloudapp.net, ports: [REPLICATION=43205, RATIS=39667, RATIS_ADMIN=39667, RATIS_SERVER=39667, STANDALONE=38347], networkLocation: /default-rack, certSerialId: null, persistedOpState: IN_SERVICE, persistedOpStateExpiryEpochSec: 0}, ReplicationConfig: RATIS/THREE, State:ALLOCATED, leaderId:f5a08da9-e999-4666-9813-af0703791aee, CreationTimestamp2022-11-08T06:33:54.178Z[Etc/UTC]] moved to OPEN state
2022-11-08 06:34:06,628 [f5a08da9-e999-4666-9813-af0703791aee@group-10203FD77499-SegmentedRaftLogWorker] INFO  segmented.SegmentedRaftLogWorker (SegmentedRaftLogWorker.java:execute(656)) - f5a08da9-e999-4666-9813-af0703791aee@group-10203FD77499-SegmentedRaftLogWorker: created new log segment /home/runner/work/ozone/ozone/hadoop-ozone/integration-test/target/test-dir/MiniOzoneClusterImpl-8e06ede3-228e-44b7-a612-3acc89ebc779/datanode-1/data/ratis/c7bdac37-5e27-4073-b229-10203fd77499/current/log_inprogress_0
2022-11-08 06:34:06,631 [73b7dc0c-af7c-46fd-8914-03b4db151d45-server-thread1] INFO  ratis.XceiverServerRatis (XceiverServerRatis.java:handleLeaderChangedNotification(863)) - Leader change notification received for group: group-10203FD77499 with new leaderId: f5a08da9-e999-4666-9813-af0703791aee
2022-11-08 06:34:06,631 [73b7dc0c-af7c-46fd-8914-03b4db151d45-server-thread1] INFO  server.RaftServer$Division (ServerState.java:setLeader(313)) - 73b7dc0c-af7c-46fd-8914-03b4db151d45@group-10203FD77499: change Leader from null to f5a08da9-e999-4666-9813-af0703791aee at term 2 for appendEntries, leader elected after 10130ms
2022-11-08 06:34:06,632 [f5a08da9-e999-4666-9813-af0703791aee@group-10203FD77499-LeaderElection35] INFO  server.RaftServer$Division (ServerState.java:setRaftConf(430)) - f5a08da9-e999-4666-9813-af0703791aee@group-10203FD77499: set configuration 0: peers:[7cdbd1b5-097b-4b08-9783-327855de8893|rpc:10.1.0.244:38963|dataStream:|priority:0|startupRole:FOLLOWER, f5a08da9-e999-4666-9813-af0703791aee|rpc:10.1.0.244:37541|dataStream:|priority:1|startupRole:FOLLOWER, 73b7dc0c-af7c-46fd-8914-03b4db151d45|rpc:10.1.0.244:39667|dataStream:|priority:0|startupRole:FOLLOWER]|listeners:[], old=null
2022-11-08 06:34:06,642 [73b7dc0c-af7c-46fd-8914-03b4db151d45-server-thread1] INFO  server.RaftServer$Division (ServerState.java:setRaftConf(430)) - 73b7dc0c-af7c-46fd-8914-03b4db151d45@group-10203FD77499: set configuration 0: peers:[7cdbd1b5-097b-4b08-9783-327855de8893|rpc:10.1.0.244:38963|dataStream:|priority:0|startupRole:FOLLOWER, f5a08da9-e999-4666-9813-af0703791aee|rpc:10.1.0.244:37541|dataStream:|priority:1|startupRole:FOLLOWER, 73b7dc0c-af7c-46fd-8914-03b4db151d45|rpc:10.1.0.244:39667|dataStream:|priority:0|startupRole:FOLLOWER]|listeners:[], old=null
2022-11-08 06:34:06,642 [73b7dc0c-af7c-46fd-8914-03b4db151d45-server-thread1] INFO  segmented.SegmentedRaftLogWorker (SegmentedRaftLogWorker.java:startLogSegment(452)) - 73b7dc0c-af7c-46fd-8914-03b4db151d45@group-10203FD77499-SegmentedRaftLogWorker: Starting segment from index:0
2022-11-08 06:34:06,644 [73b7dc0c-af7c-46fd-8914-03b4db151d45@group-10203FD77499-SegmentedRaftLogWorker] INFO  segmented.SegmentedRaftLogWorker (SegmentedRaftLogWorker.java:execute(656)) - 73b7dc0c-af7c-46fd-8914-03b4db151d45@group-10203FD77499-SegmentedRaftLogWorker: created new log segment /home/runner/work/ozone/ozone/hadoop-ozone/integration-test/target/test-dir/MiniOzoneClusterImpl-8e06ede3-228e-44b7-a612-3acc89ebc779/datanode-2/data/ratis/c7bdac37-5e27-4073-b229-10203fd77499/current/log_inprogress_0
2022-11-08 06:34:06,644 [7cdbd1b5-097b-4b08-9783-327855de8893-server-thread2] INFO  ratis.XceiverServerRatis (XceiverServerRatis.java:handleLeaderChangedNotification(863)) - Leader change notification received for group: group-10203FD77499 with new leaderId: f5a08da9-e999-4666-9813-af0703791aee
2022-11-08 06:34:06,645 [7cdbd1b5-097b-4b08-9783-327855de8893-server-thread2] INFO  server.RaftServer$Division (ServerState.java:setLeader(313)) - 7cdbd1b5-097b-4b08-9783-327855de8893@group-10203FD77499: change Leader from null to f5a08da9-e999-4666-9813-af0703791aee at term 2 for appendEntries, leader elected after 10197ms
2022-11-08 06:34:06,647 [7cdbd1b5-097b-4b08-9783-327855de8893-server-thread2] INFO  server.RaftServer$Division (ServerState.java:setRaftConf(430)) - 7cdbd1b5-097b-4b08-9783-327855de8893@group-10203FD77499: set configuration 0: peers:[7cdbd1b5-097b-4b08-9783-327855de8893|rpc:10.1.0.244:38963|dataStream:|priority:0|startupRole:FOLLOWER, f5a08da9-e999-4666-9813-af0703791aee|rpc:10.1.0.244:37541|dataStream:|priority:1|startupRole:FOLLOWER, 73b7dc0c-af7c-46fd-8914-03b4db151d45|rpc:10.1.0.244:39667|dataStream:|priority:0|startupRole:FOLLOWER]|listeners:[], old=null
2022-11-08 06:34:06,652 [7cdbd1b5-097b-4b08-9783-327855de8893-server-thread2] INFO  segmented.SegmentedRaftLogWorker (SegmentedRaftLogWorker.java:startLogSegment(452)) - 7cdbd1b5-097b-4b08-9783-327855de8893@group-10203FD77499-SegmentedRaftLogWorker: Starting segment from index:0
2022-11-08 06:34:06,655 [7cdbd1b5-097b-4b08-9783-327855de8893@group-10203FD77499-SegmentedRaftLogWorker] INFO  segmented.SegmentedRaftLogWorker (SegmentedRaftLogWorker.java:execute(656)) - 7cdbd1b5-097b-4b08-9783-327855de8893@group-10203FD77499-SegmentedRaftLogWorker: created new log segment /home/runner/work/ozone/ozone/hadoop-ozone/integration-test/target/test-dir/MiniOzoneClusterImpl-8e06ede3-228e-44b7-a612-3acc89ebc779/datanode-0/data/ratis/c7bdac37-5e27-4073-b229-10203fd77499/current/log_inprogress_0
2022-11-08 06:34:06,655 [Listener at 127.0.0.1/44321] INFO  pipeline.PipelineManagerImpl (PipelineManagerImpl.java:closePipeline(442)) - Pipeline Pipeline[ Id: 6a7aadb6-ec28-4675-a933-a09aeb66014f, Nodes: f5a08da9-e999-4666-9813-af0703791aee{ip: 10.1.0.244, host: fv-az220-111.shdwizndlbjulinwhzhdmup5sb.jx.internal.cloudapp.net, ports: [REPLICATION=46617, RATIS=37541, RATIS_ADMIN=37541, RATIS_SERVER=37541, STANDALONE=36761], networkLocation: /default-rack, certSerialId: null, persistedOpState: IN_SERVICE, persistedOpStateExpiryEpochSec: 0}73b7dc0c-af7c-46fd-8914-03b4db151d45{ip: 10.1.0.244, host: fv-az220-111.shdwizndlbjulinwhzhdmup5sb.jx.internal.cloudapp.net, ports: [REPLICATION=43205, RATIS=39667, RATIS_ADMIN=39667, RATIS_SERVER=39667, STANDALONE=38347], networkLocation: /default-rack, certSerialId: null, persistedOpState: IN_SERVICE, persistedOpStateExpiryEpochSec: 0}7cdbd1b5-097b-4b08-9783-327855de8893{ip: 10.1.0.244, host: fv-az220-111.shdwizndlbjulinwhzhdmup5sb.jx.internal.cloudapp.net, ports: [REPLICATION=33329, RATIS=38963, RATIS_ADMIN=38963, RATIS_SERVER=38963, STANDALONE=42841], networkLocation: /default-rack, certSerialId: null, persistedOpState: IN_SERVICE, persistedOpStateExpiryEpochSec: 0}, ReplicationConfig: RATIS/THREE, State:OPEN, leaderId:73b7dc0c-af7c-46fd-8914-03b4db151d45, CreationTimestamp2022-11-08T06:33:54.180Z[Etc/UTC]] moved to CLOSED state
2022-11-08 06:34:06,656 [Listener at 127.0.0.1/44321] INFO  pipeline.RatisPipelineProvider (RatisPipelineProvider.java:lambda$close$1(244)) - Send pipeline:PipelineID=6a7aadb6-ec28-4675-a933-a09aeb66014f close command to datanode f5a08da9-e999-4666-9813-af0703791aee
2022-11-08 06:34:06,656 [Listener at 127.0.0.1/44321] INFO  pipeline.RatisPipelineProvider (RatisPipelineProvider.java:lambda$close$1(244)) - Send pipeline:PipelineID=6a7aadb6-ec28-4675-a933-a09aeb66014f close command to datanode 73b7dc0c-af7c-46fd-8914-03b4db151d45
2022-11-08 06:34:06,656 [Listener at 127.0.0.1/44321] INFO  pipeline.RatisPipelineProvider (RatisPipelineProvider.java:lambda$close$1(244)) - Send pipeline:PipelineID=6a7aadb6-ec28-4675-a933-a09aeb66014f close command to datanode 7cdbd1b5-097b-4b08-9783-327855de8893
2022-11-08 06:34:06,659 [Listener at 127.0.0.1/44321] INFO  pipeline.PipelineStateManagerImpl (PipelineStateManagerImpl.java:removePipeline(245)) - Pipeline Pipeline[ Id: 6a7aadb6-ec28-4675-a933-a09aeb66014f, Nodes: f5a08da9-e999-4666-9813-af0703791aee{ip: 10.1.0.244, host: fv-az220-111.shdwizndlbjulinwhzhdmup5sb.jx.internal.cloudapp.net, ports: [REPLICATION=46617, RATIS=37541, RATIS_ADMIN=37541, RATIS_SERVER=37541, STANDALONE=36761], networkLocation: /default-rack, certSerialId: null, persistedOpState: IN_SERVICE, persistedOpStateExpiryEpochSec: 0}73b7dc0c-af7c-46fd-8914-03b4db151d45{ip: 10.1.0.244, host: fv-az220-111.shdwizndlbjulinwhzhdmup5sb.jx.internal.cloudapp.net, ports: [REPLICATION=43205, RATIS=39667, RATIS_ADMIN=39667, RATIS_SERVER=39667, STANDALONE=38347], networkLocation: /default-rack, certSerialId: null, persistedOpState: IN_SERVICE, persistedOpStateExpiryEpochSec: 0}7cdbd1b5-097b-4b08-9783-327855de8893{ip: 10.1.0.244, host: fv-az220-111.shdwizndlbjulinwhzhdmup5sb.jx.internal.cloudapp.net, ports: [REPLICATION=33329, RATIS=38963, RATIS_ADMIN=38963, RATIS_SERVER=38963, STANDALONE=42841], networkLocation: /default-rack, certSerialId: null, persistedOpState: IN_SERVICE, persistedOpStateExpiryEpochSec: 0}, ReplicationConfig: RATIS/THREE, State:CLOSED, leaderId:73b7dc0c-af7c-46fd-8914-03b4db151d45, CreationTimestamp2022-11-08T06:33:54.180Z[Etc/UTC]] removed.
2022-11-08 06:34:06,659 [Listener at 127.0.0.1/44321] INFO  pipeline.PipelineManagerImpl (PipelineManagerImpl.java:closePipeline(442)) - Pipeline Pipeline[ Id: c7bdac37-5e27-4073-b229-10203fd77499, Nodes: f5a08da9-e999-4666-9813-af0703791aee{ip: 10.1.0.244, host: fv-az220-111.shdwizndlbjulinwhzhdmup5sb.jx.internal.cloudapp.net, ports: [REPLICATION=46617, RATIS=37541, RATIS_ADMIN=37541, RATIS_SERVER=37541, STANDALONE=36761], networkLocation: /default-rack, certSerialId: null, persistedOpState: IN_SERVICE, persistedOpStateExpiryEpochSec: 0}7cdbd1b5-097b-4b08-9783-327855de8893{ip: 10.1.0.244, host: fv-az220-111.shdwizndlbjulinwhzhdmup5sb.jx.internal.cloudapp.net, ports: [REPLICATION=33329, RATIS=38963, RATIS_ADMIN=38963, RATIS_SERVER=38963, STANDALONE=42841], networkLocation: /default-rack, certSerialId: null, persistedOpState: IN_SERVICE, persistedOpStateExpiryEpochSec: 0}73b7dc0c-af7c-46fd-8914-03b4db151d45{ip: 10.1.0.244, host: fv-az220-111.shdwizndlbjulinwhzhdmup5sb.jx.internal.cloudapp.net, ports: [REPLICATION=43205, RATIS=39667, RATIS_ADMIN=39667, RATIS_SERVER=39667, STANDALONE=38347], networkLocation: /default-rack, certSerialId: null, persistedOpState: IN_SERVICE, persistedOpStateExpiryEpochSec: 0}, ReplicationConfig: RATIS/THREE, State:OPEN, leaderId:f5a08da9-e999-4666-9813-af0703791aee, CreationTimestamp2022-11-08T06:33:54.178Z[Etc/UTC]] moved to CLOSED state
2022-11-08 06:34:06,660 [Listener at 127.0.0.1/44321] INFO  pipeline.RatisPipelineProvider (RatisPipelineProvider.java:lambda$close$1(244)) - Send pipeline:PipelineID=c7bdac37-5e27-4073-b229-10203fd77499 close command to datanode f5a08da9-e999-4666-9813-af0703791aee
2022-11-08 06:34:06,660 [Listener at 127.0.0.1/44321] INFO  pipeline.RatisPipelineProvider (RatisPipelineProvider.java:lambda$close$1(244)) - Send pipeline:PipelineID=c7bdac37-5e27-4073-b229-10203fd77499 close command to datanode 7cdbd1b5-097b-4b08-9783-327855de8893
2022-11-08 06:34:06,660 [Listener at 127.0.0.1/44321] INFO  pipeline.RatisPipelineProvider (RatisPipelineProvider.java:lambda$close$1(244)) - Send pipeline:PipelineID=c7bdac37-5e27-4073-b229-10203fd77499 close command to datanode 73b7dc0c-af7c-46fd-8914-03b4db151d45
2022-11-08 06:34:06,663 [Listener at 127.0.0.1/44321] INFO  pipeline.PipelineStateManagerImpl (PipelineStateManagerImpl.java:removePipeline(245)) - Pipeline Pipeline[ Id: c7bdac37-5e27-4073-b229-10203fd77499, Nodes: f5a08da9-e999-4666-9813-af0703791aee{ip: 10.1.0.244, host: fv-az220-111.shdwizndlbjulinwhzhdmup5sb.jx.internal.cloudapp.net, ports: [REPLICATION=46617, RATIS=37541, RATIS_ADMIN=37541, RATIS_SERVER=37541, STANDALONE=36761], networkLocation: /default-rack, certSerialId: null, persistedOpState: IN_SERVICE, persistedOpStateExpiryEpochSec: 0}7cdbd1b5-097b-4b08-9783-327855de8893{ip: 10.1.0.244, host: fv-az220-111.shdwizndlbjulinwhzhdmup5sb.jx.internal.cloudapp.net, ports: [REPLICATION=33329, RATIS=38963, RATIS_ADMIN=38963, RATIS_SERVER=38963, STANDALONE=42841], networkLocation: /default-rack, certSerialId: null, persistedOpState: IN_SERVICE, persistedOpStateExpiryEpochSec: 0}73b7dc0c-af7c-46fd-8914-03b4db151d45{ip: 10.1.0.244, host: fv-az220-111.shdwizndlbjulinwhzhdmup5sb.jx.internal.cloudapp.net, ports: [REPLICATION=43205, RATIS=39667, RATIS_ADMIN=39667, RATIS_SERVER=39667, STANDALONE=38347], networkLocation: /default-rack, certSerialId: null, persistedOpState: IN_SERVICE, persistedOpStateExpiryEpochSec: 0}, ReplicationConfig: RATIS/THREE, State:CLOSED, leaderId:f5a08da9-e999-4666-9813-af0703791aee, CreationTimestamp2022-11-08T06:33:54.178Z[Etc/UTC]] removed.
2022-11-08 06:34:07,753 [d15a650e-2ebd-40cb-9b6d-ba61193ce2f9@group-FBDB94237A5E-FollowerState] INFO  impl.FollowerState (FollowerState.java:run(143)) - d15a650e-2ebd-40cb-9b6d-ba61193ce2f9@group-FBDB94237A5E-FollowerState: change to CANDIDATE, lastRpcElapsedTime:5068495293ns, electionTimeout:5067ms
2022-11-08 06:34:07,753 [d15a650e-2ebd-40cb-9b6d-ba61193ce2f9@group-FBDB94237A5E-FollowerState] INFO  impl.RoleInfo (RoleInfo.java:shutdownFollowerState(110)) - d15a650e-2ebd-40cb-9b6d-ba61193ce2f9: shutdown d15a650e-2ebd-40cb-9b6d-ba61193ce2f9@group-FBDB94237A5E-FollowerState
2022-11-08 06:34:07,753 [d15a650e-2ebd-40cb-9b6d-ba61193ce2f9@group-FBDB94237A5E-FollowerState] INFO  server.RaftServer$Division (RaftServerImpl.java:setRole(321)) - d15a650e-2ebd-40cb-9b6d-ba61193ce2f9@group-FBDB94237A5E: changes role from  FOLLOWER to CANDIDATE at term 1 for changeToCandidate
2022-11-08 06:34:07,753 [d15a650e-2ebd-40cb-9b6d-ba61193ce2f9@group-FBDB94237A5E-FollowerState] INFO  server.RaftServerConfigKeys (ConfUtils.java:logGet(46)) - raft.server.leaderelection.pre-vote = false (custom)
2022-11-08 06:34:07,753 [d15a650e-2ebd-40cb-9b6d-ba61193ce2f9@group-FBDB94237A5E-FollowerState] INFO  impl.RoleInfo (RoleInfo.java:updateAndGet(139)) - d15a650e-2ebd-40cb-9b6d-ba61193ce2f9: start d15a650e-2ebd-40cb-9b6d-ba61193ce2f9@group-FBDB94237A5E-LeaderElection36
2022-11-08 06:34:07,759 [d15a650e-2ebd-40cb-9b6d-ba61193ce2f9@group-FBDB94237A5E-LeaderElection36] INFO  impl.LeaderElection (LeaderElection.java:askForVotes(312)) - d15a650e-2ebd-40cb-9b6d-ba61193ce2f9@group-FBDB94237A5E-LeaderElection36 ELECTION round 0: submit vote requests at term 2 for -1: peers:[193b940e-06e0-49a5-9247-5c39d5b56c1b|rpc:10.1.0.244:41285|dataStream:|priority:1|startupRole:FOLLOWER, d15a650e-2ebd-40cb-9b6d-ba61193ce2f9|rpc:10.1.0.244:33395|dataStream:|priority:0|startupRole:FOLLOWER, 8077194d-366f-483b-b4d6-5a7a28c3c7f8|rpc:10.1.0.244:38223|dataStream:|priority:0|startupRole:FOLLOWER]|listeners:[], old=null
2022-11-08 06:34:07,760 [d15a650e-2ebd-40cb-9b6d-ba61193ce2f9@group-FBDB94237A5E-LeaderElection36] INFO  server.RaftServerConfigKeys (ConfUtils.java:logFallback(53)) - raft.server.rpc.first-election.timeout.min = 5s (fallback to raft.server.rpc.timeout.min)
2022-11-08 06:34:07,760 [d15a650e-2ebd-40cb-9b6d-ba61193ce2f9@group-FBDB94237A5E-LeaderElection36] INFO  server.RaftServerConfigKeys (ConfUtils.java:logFallback(53)) - raft.server.rpc.first-election.timeout.max = 5200ms (fallback to raft.server.rpc.timeout.max)
2022-11-08 06:34:07,763 [grpc-default-executor-4] INFO  server.RaftServer$Division (RaftServerImpl.java:requestVote(1218)) - 193b940e-06e0-49a5-9247-5c39d5b56c1b@group-FBDB94237A5E: receive requestVote(ELECTION, d15a650e-2ebd-40cb-9b6d-ba61193ce2f9, group-FBDB94237A5E, 2, (t:0, i:0))
2022-11-08 06:34:07,763 [grpc-default-executor-4] INFO  impl.VoteContext (VoteContext.java:log(48)) - 193b940e-06e0-49a5-9247-5c39d5b56c1b@group-FBDB94237A5E-FOLLOWER: reject ELECTION from d15a650e-2ebd-40cb-9b6d-ba61193ce2f9: our priority 1 > candidate's priority 0
2022-11-08 06:34:07,764 [grpc-default-executor-4] INFO  server.RaftServer$Division (RaftServerImpl.java:setRole(321)) - 193b940e-06e0-49a5-9247-5c39d5b56c1b@group-FBDB94237A5E: changes role from  FOLLOWER to FOLLOWER at term 2 for candidate:d15a650e-2ebd-40cb-9b6d-ba61193ce2f9
2022-11-08 06:34:07,764 [grpc-default-executor-4] INFO  impl.RoleInfo (RoleInfo.java:shutdownFollowerState(110)) - 193b940e-06e0-49a5-9247-5c39d5b56c1b: shutdown 193b940e-06e0-49a5-9247-5c39d5b56c1b@group-FBDB94237A5E-FollowerState
2022-11-08 06:34:07,764 [grpc-default-executor-4] INFO  impl.RoleInfo (RoleInfo.java:updateAndGet(139)) - 193b940e-06e0-49a5-9247-5c39d5b56c1b: start 193b940e-06e0-49a5-9247-5c39d5b56c1b@group-FBDB94237A5E-FollowerState
2022-11-08 06:34:07,764 [193b940e-06e0-49a5-9247-5c39d5b56c1b@group-FBDB94237A5E-FollowerState] INFO  impl.FollowerState (FollowerState.java:run(152)) - 193b940e-06e0-49a5-9247-5c39d5b56c1b@group-FBDB94237A5E-FollowerState was interrupted
2022-11-08 06:34:07,764 [grpc-default-executor-5] INFO  server.RaftServer$Division (RaftServerImpl.java:requestVote(1218)) - 8077194d-366f-483b-b4d6-5a7a28c3c7f8@group-FBDB94237A5E: receive requestVote(ELECTION, d15a650e-2ebd-40cb-9b6d-ba61193ce2f9, group-FBDB94237A5E, 2, (t:0, i:0))
2022-11-08 06:34:07,764 [grpc-default-executor-5] INFO  impl.VoteContext (VoteContext.java:log(48)) - 8077194d-366f-483b-b4d6-5a7a28c3c7f8@group-FBDB94237A5E-FOLLOWER: accept ELECTION from d15a650e-2ebd-40cb-9b6d-ba61193ce2f9: our priority 0 <= candidate's priority 0
2022-11-08 06:34:07,764 [grpc-default-executor-5] INFO  server.RaftServer$Division (RaftServerImpl.java:setRole(321)) - 8077194d-366f-483b-b4d6-5a7a28c3c7f8@group-FBDB94237A5E: changes role from  FOLLOWER to FOLLOWER at term 2 for candidate:d15a650e-2ebd-40cb-9b6d-ba61193ce2f9
2022-11-08 06:34:07,764 [grpc-default-executor-5] INFO  impl.RoleInfo (RoleInfo.java:shutdownFollowerState(110)) - 8077194d-366f-483b-b4d6-5a7a28c3c7f8: shutdown 8077194d-366f-483b-b4d6-5a7a28c3c7f8@group-FBDB94237A5E-FollowerState
2022-11-08 06:34:07,767 [grpc-default-executor-5] INFO  impl.RoleInfo (RoleInfo.java:updateAndGet(139)) - 8077194d-366f-483b-b4d6-5a7a28c3c7f8: start 8077194d-366f-483b-b4d6-5a7a28c3c7f8@group-FBDB94237A5E-FollowerState
2022-11-08 06:34:07,768 [193b940e-06e0-49a5-9247-5c39d5b56c1b@group-FBDB94237A5E-FollowerState] INFO  server.RaftServerConfigKeys (ConfUtils.java:logFallback(53)) - raft.server.rpc.first-election.timeout.min = 5s (fallback to raft.server.rpc.timeout.min)
2022-11-08 06:34:07,768 [8077194d-366f-483b-b4d6-5a7a28c3c7f8@group-FBDB94237A5E-FollowerState] INFO  impl.FollowerState (FollowerState.java:run(152)) - 8077194d-366f-483b-b4d6-5a7a28c3c7f8@group-FBDB94237A5E-FollowerState was interrupted
2022-11-08 06:34:07,768 [193b940e-06e0-49a5-9247-5c39d5b56c1b@group-FBDB94237A5E-FollowerState] INFO  server.RaftServerConfigKeys (ConfUtils.java:logFallback(53)) - raft.server.rpc.first-election.timeout.max = 5200ms (fallback to raft.server.rpc.timeout.max)
2022-11-08 06:34:07,770 [grpc-default-executor-4] INFO  server.RaftServer$Division (RaftServerImpl.java:requestVote(1251)) - 193b940e-06e0-49a5-9247-5c39d5b56c1b@group-FBDB94237A5E replies to ELECTION vote request: d15a650e-2ebd-40cb-9b6d-ba61193ce2f9<-193b940e-06e0-49a5-9247-5c39d5b56c1b#0:FAIL-t2. Peer's state: 193b940e-06e0-49a5-9247-5c39d5b56c1b@group-FBDB94237A5E:t2, leader=null, voted=null, raftlog=Memoized:193b940e-06e0-49a5-9247-5c39d5b56c1b@group-FBDB94237A5E-SegmentedRaftLog:OPENED:c-1, conf=-1: peers:[193b940e-06e0-49a5-9247-5c39d5b56c1b|rpc:10.1.0.244:41285|dataStream:|priority:1|startupRole:FOLLOWER, d15a650e-2ebd-40cb-9b6d-ba61193ce2f9|rpc:10.1.0.244:33395|dataStream:|priority:0|startupRole:FOLLOWER, 8077194d-366f-483b-b4d6-5a7a28c3c7f8|rpc:10.1.0.244:38223|dataStream:|priority:0|startupRole:FOLLOWER]|listeners:[], old=null
2022-11-08 06:34:07,770 [8077194d-366f-483b-b4d6-5a7a28c3c7f8@group-FBDB94237A5E-FollowerState] INFO  server.RaftServerConfigKeys (ConfUtils.java:logFallback(53)) - raft.server.rpc.first-election.timeout.min = 5s (fallback to raft.server.rpc.timeout.min)
2022-11-08 06:34:07,770 [8077194d-366f-483b-b4d6-5a7a28c3c7f8@group-FBDB94237A5E-FollowerState] INFO  server.RaftServerConfigKeys (ConfUtils.java:logFallback(53)) - raft.server.rpc.first-election.timeout.max = 5200ms (fallback to raft.server.rpc.timeout.max)
2022-11-08 06:34:07,772 [d15a650e-2ebd-40cb-9b6d-ba61193ce2f9@group-FBDB94237A5E-LeaderElection36] INFO  impl.LeaderElection (LeaderElection.java:logAndReturn(90)) - d15a650e-2ebd-40cb-9b6d-ba61193ce2f9@group-FBDB94237A5E-LeaderElection36: ELECTION REJECTED received 1 response(s) and 0 exception(s):
2022-11-08 06:34:07,772 [d15a650e-2ebd-40cb-9b6d-ba61193ce2f9@group-FBDB94237A5E-LeaderElection36] INFO  impl.LeaderElection (LeaderElection.java:logAndReturn(94)) -   Response 0: d15a650e-2ebd-40cb-9b6d-ba61193ce2f9<-193b940e-06e0-49a5-9247-5c39d5b56c1b#0:FAIL-t2
2022-11-08 06:34:07,770 [grpc-default-executor-5] INFO  server.RaftServer$Division (RaftServerImpl.java:requestVote(1251)) - 8077194d-366f-483b-b4d6-5a7a28c3c7f8@group-FBDB94237A5E replies to ELECTION vote request: d15a650e-2ebd-40cb-9b6d-ba61193ce2f9<-8077194d-366f-483b-b4d6-5a7a28c3c7f8#0:OK-t2. Peer's state: 8077194d-366f-483b-b4d6-5a7a28c3c7f8@group-FBDB94237A5E:t2, leader=null, voted=d15a650e-2ebd-40cb-9b6d-ba61193ce2f9, raftlog=Memoized:8077194d-366f-483b-b4d6-5a7a28c3c7f8@group-FBDB94237A5E-SegmentedRaftLog:OPENED:c-1, conf=-1: peers:[193b940e-06e0-49a5-9247-5c39d5b56c1b|rpc:10.1.0.244:41285|priority:1|startupRole:FOLLOWER, d15a650e-2ebd-40cb-9b6d-ba61193ce2f9|rpc:10.1.0.244:33395|priority:0|startupRole:FOLLOWER, 8077194d-366f-483b-b4d6-5a7a28c3c7f8|rpc:10.1.0.244:38223|priority:0|startupRole:FOLLOWER]|listeners:[], old=null
2022-11-08 06:34:07,772 [d15a650e-2ebd-40cb-9b6d-ba61193ce2f9@group-FBDB94237A5E-LeaderElection36] INFO  impl.LeaderElection (LeaderElection.java:askForVotes(314)) - d15a650e-2ebd-40cb-9b6d-ba61193ce2f9@group-FBDB94237A5E-LeaderElection36 ELECTION round 0: result REJECTED
2022-11-08 06:34:07,772 [d15a650e-2ebd-40cb-9b6d-ba61193ce2f9@group-FBDB94237A5E-LeaderElection36] INFO  server.RaftServer$Division (RaftServerImpl.java:setRole(321)) - d15a650e-2ebd-40cb-9b6d-ba61193ce2f9@group-FBDB94237A5E: changes role from CANDIDATE to FOLLOWER at term 2 for REJECTED
2022-11-08 06:34:07,772 [d15a650e-2ebd-40cb-9b6d-ba61193ce2f9@group-FBDB94237A5E-LeaderElection36] INFO  impl.RoleInfo (RoleInfo.java:shutdownLeaderElection(130)) - d15a650e-2ebd-40cb-9b6d-ba61193ce2f9: shutdown d15a650e-2ebd-40cb-9b6d-ba61193ce2f9@group-FBDB94237A5E-LeaderElection36
2022-11-08 06:34:07,773 [d15a650e-2ebd-40cb-9b6d-ba61193ce2f9@group-FBDB94237A5E-LeaderElection36] INFO  impl.RoleInfo (RoleInfo.java:updateAndGet(139)) - d15a650e-2ebd-40cb-9b6d-ba61193ce2f9: start d15a650e-2ebd-40cb-9b6d-ba61193ce2f9@group-FBDB94237A5E-FollowerState
2022-11-08 06:34:07,773 [d15a650e-2ebd-40cb-9b6d-ba61193ce2f9@group-FBDB94237A5E-FollowerState] INFO  server.RaftServerConfigKeys (ConfUtils.java:logFallback(53)) - raft.server.rpc.first-election.timeout.min = 5s (fallback to raft.server.rpc.timeout.min)
2022-11-08 06:34:07,774 [d15a650e-2ebd-40cb-9b6d-ba61193ce2f9@group-FBDB94237A5E-FollowerState] INFO  server.RaftServerConfigKeys (ConfUtils.java:logFallback(53)) - raft.server.rpc.first-election.timeout.max = 5200ms (fallback to raft.server.rpc.timeout.max)
2022-11-08 06:34:07,809 [8077194d-366f-483b-b4d6-5a7a28c3c7f8@group-91CE96BBAFA1-FollowerState] INFO  impl.FollowerState (FollowerState.java:run(143)) - 8077194d-366f-483b-b4d6-5a7a28c3c7f8@group-91CE96BBAFA1-FollowerState: change to CANDIDATE, lastRpcElapsedTime:5011514552ns, electionTimeout:5011ms
2022-11-08 06:34:07,810 [8077194d-366f-483b-b4d6-5a7a28c3c7f8@group-91CE96BBAFA1-FollowerState] INFO  impl.RoleInfo (RoleInfo.java:shutdownFollowerState(110)) - 8077194d-366f-483b-b4d6-5a7a28c3c7f8: shutdown 8077194d-366f-483b-b4d6-5a7a28c3c7f8@group-91CE96BBAFA1-FollowerState
2022-11-08 06:34:07,810 [8077194d-366f-483b-b4d6-5a7a28c3c7f8@group-91CE96BBAFA1-FollowerState] INFO  server.RaftServer$Division (RaftServerImpl.java:setRole(321)) - 8077194d-366f-483b-b4d6-5a7a28c3c7f8@group-91CE96BBAFA1: changes role from  FOLLOWER to CANDIDATE at term 1 for changeToCandidate
2022-11-08 06:34:07,810 [8077194d-366f-483b-b4d6-5a7a28c3c7f8@group-91CE96BBAFA1-FollowerState] INFO  server.RaftServerConfigKeys (ConfUtils.java:logGet(46)) - raft.server.leaderelection.pre-vote = false (custom)
2022-11-08 06:34:07,810 [8077194d-366f-483b-b4d6-5a7a28c3c7f8@group-91CE96BBAFA1-FollowerState] INFO  impl.RoleInfo (RoleInfo.java:updateAndGet(139)) - 8077194d-366f-483b-b4d6-5a7a28c3c7f8: start 8077194d-366f-483b-b4d6-5a7a28c3c7f8@group-91CE96BBAFA1-LeaderElection37
2022-11-08 06:34:07,814 [8077194d-366f-483b-b4d6-5a7a28c3c7f8@group-91CE96BBAFA1-LeaderElection37] INFO  impl.LeaderElection (LeaderElection.java:askForVotes(312)) - 8077194d-366f-483b-b4d6-5a7a28c3c7f8@group-91CE96BBAFA1-LeaderElection37 ELECTION round 0: submit vote requests at term 2 for -1: peers:[193b940e-06e0-49a5-9247-5c39d5b56c1b|rpc:10.1.0.244:41285|priority:0|startupRole:FOLLOWER, d15a650e-2ebd-40cb-9b6d-ba61193ce2f9|rpc:10.1.0.244:33395|priority:0|startupRole:FOLLOWER, 8077194d-366f-483b-b4d6-5a7a28c3c7f8|rpc:10.1.0.244:38223|priority:1|startupRole:FOLLOWER]|listeners:[], old=null
2022-11-08 06:34:07,814 [8077194d-366f-483b-b4d6-5a7a28c3c7f8@group-91CE96BBAFA1-LeaderElection37] INFO  server.RaftServerConfigKeys (ConfUtils.java:logFallback(53)) - raft.server.rpc.first-election.timeout.min = 5s (fallback to raft.server.rpc.timeout.min)
2022-11-08 06:34:07,814 [8077194d-366f-483b-b4d6-5a7a28c3c7f8@group-91CE96BBAFA1-LeaderElection37] INFO  server.RaftServerConfigKeys (ConfUtils.java:logFallback(53)) - raft.server.rpc.first-election.timeout.max = 5200ms (fallback to raft.server.rpc.timeout.max)
2022-11-08 06:34:07,817 [grpc-default-executor-5] INFO  server.RaftServer$Division (RaftServerImpl.java:requestVote(1218)) - 193b940e-06e0-49a5-9247-5c39d5b56c1b@group-91CE96BBAFA1: receive requestVote(ELECTION, 8077194d-366f-483b-b4d6-5a7a28c3c7f8, group-91CE96BBAFA1, 2, (t:0, i:0))
2022-11-08 06:34:07,817 [grpc-default-executor-5] INFO  impl.VoteContext (VoteContext.java:log(48)) - 193b940e-06e0-49a5-9247-5c39d5b56c1b@group-91CE96BBAFA1-FOLLOWER: accept ELECTION from 8077194d-366f-483b-b4d6-5a7a28c3c7f8: our priority 0 <= candidate's priority 1
2022-11-08 06:34:07,817 [grpc-default-executor-5] INFO  server.RaftServer$Division (RaftServerImpl.java:setRole(321)) - 193b940e-06e0-49a5-9247-5c39d5b56c1b@group-91CE96BBAFA1: changes role from  FOLLOWER to FOLLOWER at term 2 for candidate:8077194d-366f-483b-b4d6-5a7a28c3c7f8
2022-11-08 06:34:07,817 [grpc-default-executor-5] INFO  impl.RoleInfo (RoleInfo.java:shutdownFollowerState(110)) - 193b940e-06e0-49a5-9247-5c39d5b56c1b: shutdown 193b940e-06e0-49a5-9247-5c39d5b56c1b@group-91CE96BBAFA1-FollowerState
2022-11-08 06:34:07,817 [grpc-default-executor-5] INFO  impl.RoleInfo (RoleInfo.java:updateAndGet(139)) - 193b940e-06e0-49a5-9247-5c39d5b56c1b: start 193b940e-06e0-49a5-9247-5c39d5b56c1b@group-91CE96BBAFA1-FollowerState
2022-11-08 06:34:07,817 [193b940e-06e0-49a5-9247-5c39d5b56c1b@group-91CE96BBAFA1-FollowerState] INFO  impl.FollowerState (FollowerState.java:run(152)) - 193b940e-06e0-49a5-9247-5c39d5b56c1b@group-91CE96BBAFA1-FollowerState was interrupted
2022-11-08 06:34:07,825 [193b940e-06e0-49a5-9247-5c39d5b56c1b@group-91CE96BBAFA1-FollowerState] INFO  server.RaftServerConfigKeys (ConfUtils.java:logFallback(53)) - raft.server.rpc.first-election.timeout.min = 5s (fallback to raft.server.rpc.timeout.min)
2022-11-08 06:34:07,825 [grpc-default-executor-4] INFO  server.RaftServer$Division (RaftServerImpl.java:requestVote(1218)) - d15a650e-2ebd-40cb-9b6d-ba61193ce2f9@group-91CE96BBAFA1: receive requestVote(ELECTION, 8077194d-366f-483b-b4d6-5a7a28c3c7f8, group-91CE96BBAFA1, 2, (t:0, i:0))
2022-11-08 06:34:07,825 [grpc-default-executor-4] INFO  impl.VoteContext (VoteContext.java:log(48)) - d15a650e-2ebd-40cb-9b6d-ba61193ce2f9@group-91CE96BBAFA1-FOLLOWER: accept ELECTION from 8077194d-366f-483b-b4d6-5a7a28c3c7f8: our priority 0 <= candidate's priority 1
2022-11-08 06:34:07,825 [grpc-default-executor-4] INFO  server.RaftServer$Division (RaftServerImpl.java:setRole(321)) - d15a650e-2ebd-40cb-9b6d-ba61193ce2f9@group-91CE96BBAFA1: changes role from  FOLLOWER to FOLLOWER at term 2 for candidate:8077194d-366f-483b-b4d6-5a7a28c3c7f8
2022-11-08 06:34:07,825 [grpc-default-executor-4] INFO  impl.RoleInfo (RoleInfo.java:shutdownFollowerState(110)) - d15a650e-2ebd-40cb-9b6d-ba61193ce2f9: shutdown d15a650e-2ebd-40cb-9b6d-ba61193ce2f9@group-91CE96BBAFA1-FollowerState
2022-11-08 06:34:07,825 [grpc-default-executor-5] INFO  server.RaftServer$Division (RaftServerImpl.java:requestVote(1251)) - 193b940e-06e0-49a5-9247-5c39d5b56c1b@group-91CE96BBAFA1 replies to ELECTION vote request: 8077194d-366f-483b-b4d6-5a7a28c3c7f8<-193b940e-06e0-49a5-9247-5c39d5b56c1b#0:OK-t2. Peer's state: 193b940e-06e0-49a5-9247-5c39d5b56c1b@group-91CE96BBAFA1:t2, leader=null, voted=8077194d-366f-483b-b4d6-5a7a28c3c7f8, raftlog=Memoized:193b940e-06e0-49a5-9247-5c39d5b56c1b@group-91CE96BBAFA1-SegmentedRaftLog:OPENED:c-1, conf=-1: peers:[193b940e-06e0-49a5-9247-5c39d5b56c1b|rpc:10.1.0.244:41285|dataStream:|priority:0|startupRole:FOLLOWER, d15a650e-2ebd-40cb-9b6d-ba61193ce2f9|rpc:10.1.0.244:33395|dataStream:|priority:0|startupRole:FOLLOWER, 8077194d-366f-483b-b4d6-5a7a28c3c7f8|rpc:10.1.0.244:38223|dataStream:|priority:1|startupRole:FOLLOWER]|listeners:[], old=null
2022-11-08 06:34:07,825 [d15a650e-2ebd-40cb-9b6d-ba61193ce2f9@group-91CE96BBAFA1-FollowerState] INFO  impl.FollowerState (FollowerState.java:run(152)) - d15a650e-2ebd-40cb-9b6d-ba61193ce2f9@group-91CE96BBAFA1-FollowerState was interrupted
2022-11-08 06:34:07,825 [193b940e-06e0-49a5-9247-5c39d5b56c1b@group-91CE96BBAFA1-FollowerState] INFO  server.RaftServerConfigKeys (ConfUtils.java:logFallback(53)) - raft.server.rpc.first-election.timeout.max = 5200ms (fallback to raft.server.rpc.timeout.max)
2022-11-08 06:34:07,825 [grpc-default-executor-4] INFO  impl.RoleInfo (RoleInfo.java:updateAndGet(139)) - d15a650e-2ebd-40cb-9b6d-ba61193ce2f9: start d15a650e-2ebd-40cb-9b6d-ba61193ce2f9@group-91CE96BBAFA1-FollowerState
2022-11-08 06:34:07,829 [d15a650e-2ebd-40cb-9b6d-ba61193ce2f9@group-91CE96BBAFA1-FollowerState] INFO  server.RaftServerConfigKeys (ConfUtils.java:logFallback(53)) - raft.server.rpc.first-election.timeout.min = 5s (fallback to raft.server.rpc.timeout.min)
2022-11-08 06:34:07,829 [8077194d-366f-483b-b4d6-5a7a28c3c7f8@group-91CE96BBAFA1-LeaderElection37] INFO  impl.LeaderElection (LeaderElection.java:logAndReturn(90)) - 8077194d-366f-483b-b4d6-5a7a28c3c7f8@group-91CE96BBAFA1-LeaderElection37: ELECTION PASSED received 1 response(s) and 0 exception(s):
2022-11-08 06:34:07,829 [d15a650e-2ebd-40cb-9b6d-ba61193ce2f9@group-91CE96BBAFA1-FollowerState] INFO  server.RaftServerConfigKeys (ConfUtils.java:logFallback(53)) - raft.server.rpc.first-election.timeout.max = 5200ms (fallback to raft.server.rpc.timeout.max)
2022-11-08 06:34:07,829 [8077194d-366f-483b-b4d6-5a7a28c3c7f8@group-91CE96BBAFA1-LeaderElection37] INFO  impl.LeaderElection (LeaderElection.java:logAndReturn(94)) -   Response 0: 8077194d-366f-483b-b4d6-5a7a28c3c7f8<-193b940e-06e0-49a5-9247-5c39d5b56c1b#0:OK-t2
2022-11-08 06:34:07,829 [8077194d-366f-483b-b4d6-5a7a28c3c7f8@group-91CE96BBAFA1-LeaderElection37] INFO  impl.LeaderElection (LeaderElection.java:askForVotes(314)) - 8077194d-366f-483b-b4d6-5a7a28c3c7f8@group-91CE96BBAFA1-LeaderElection37 ELECTION round 0: result PASSED
2022-11-08 06:34:07,830 [8077194d-366f-483b-b4d6-5a7a28c3c7f8@group-91CE96BBAFA1-LeaderElection37] INFO  impl.RoleInfo (RoleInfo.java:shutdownLeaderElection(130)) - 8077194d-366f-483b-b4d6-5a7a28c3c7f8: shutdown 8077194d-366f-483b-b4d6-5a7a28c3c7f8@group-91CE96BBAFA1-LeaderElection37
2022-11-08 06:34:07,830 [8077194d-366f-483b-b4d6-5a7a28c3c7f8@group-91CE96BBAFA1-LeaderElection37] INFO  server.RaftServer$Division (RaftServerImpl.java:setRole(321)) - 8077194d-366f-483b-b4d6-5a7a28c3c7f8@group-91CE96BBAFA1: changes role from CANDIDATE to LEADER at term 2 for changeToLeader
2022-11-08 06:34:07,830 [8077194d-366f-483b-b4d6-5a7a28c3c7f8@group-91CE96BBAFA1-LeaderElection37] INFO  ratis.XceiverServerRatis (XceiverServerRatis.java:handleLeaderChangedNotification(863)) - Leader change notification received for group: group-91CE96BBAFA1 with new leaderId: 8077194d-366f-483b-b4d6-5a7a28c3c7f8
2022-11-08 06:34:07,830 [8077194d-366f-483b-b4d6-5a7a28c3c7f8@group-91CE96BBAFA1-LeaderElection37] INFO  server.RaftServer$Division (ServerState.java:setLeader(313)) - 8077194d-366f-483b-b4d6-5a7a28c3c7f8@group-91CE96BBAFA1: change Leader from null to 8077194d-366f-483b-b4d6-5a7a28c3c7f8 at term 2 for becomeLeader, leader elected after 10170ms
2022-11-08 06:34:07,830 [8077194d-366f-483b-b4d6-5a7a28c3c7f8@group-91CE96BBAFA1-LeaderElection37] INFO  server.RaftServerConfigKeys (ConfUtils.java:logGet(46)) - raft.server.staging.catchup.gap = 1000 (default)
2022-11-08 06:34:07,830 [8077194d-366f-483b-b4d6-5a7a28c3c7f8@group-91CE96BBAFA1-LeaderElection37] INFO  server.RaftServerConfigKeys (ConfUtils.java:logGet(46)) - raft.server.write.element-limit = 1024 (custom)
2022-11-08 06:34:07,830 [8077194d-366f-483b-b4d6-5a7a28c3c7f8@group-91CE96BBAFA1-LeaderElection37] INFO  server.RaftServerConfigKeys (ConfUtils.java:logGet(46)) - raft.server.write.byte-limit = 1024 M (=1073741824) (custom)
2022-11-08 06:34:07,830 [8077194d-366f-483b-b4d6-5a7a28c3c7f8@group-91CE96BBAFA1-LeaderElection37] INFO  server.RaftServerConfigKeys (ConfUtils.java:logGet(46)) - raft.server.watch.timeout = 180s (custom)
2022-11-08 06:34:07,830 [8077194d-366f-483b-b4d6-5a7a28c3c7f8@group-91CE96BBAFA1-LeaderElection37] INFO  server.RaftServerConfigKeys (ConfUtils.java:logGet(46)) - raft.server.watch.timeout.denomination = 1s (default)
2022-11-08 06:34:07,830 [8077194d-366f-483b-b4d6-5a7a28c3c7f8@group-91CE96BBAFA1-LeaderElection37] INFO  server.RaftServerConfigKeys (ConfUtils.java:logGet(46)) - raft.server.watch.element-limit = 65536 (default)
2022-11-08 06:34:07,831 [8077194d-366f-483b-b4d6-5a7a28c3c7f8@group-91CE96BBAFA1-LeaderElection37] INFO  server.RaftServerConfigKeys (ConfUtils.java:logGet(46)) - raft.server.write.element-limit = 1024 (custom)
2022-11-08 06:34:07,831 [8077194d-366f-483b-b4d6-5a7a28c3c7f8@group-91CE96BBAFA1-LeaderElection37] INFO  server.RaftServerConfigKeys (ConfUtils.java:logGet(46)) - raft.server.write.follower.gap.ratio.max = -1.0 (default)
2022-11-08 06:34:07,831 [8077194d-366f-483b-b4d6-5a7a28c3c7f8@group-91CE96BBAFA1-LeaderElection37] INFO  server.RaftServerConfigKeys (ConfUtils.java:logGet(46)) - raft.server.log.appender.snapshot.chunk.size.max = 16MB (=16777216) (default)
2022-11-08 06:34:07,831 [8077194d-366f-483b-b4d6-5a7a28c3c7f8@group-91CE96BBAFA1-LeaderElection37] INFO  server.RaftServerConfigKeys (ConfUtils.java:logGet(46)) - raft.server.log.appender.buffer.byte-limit = 33554432 (custom)
2022-11-08 06:34:07,831 [8077194d-366f-483b-b4d6-5a7a28c3c7f8@group-91CE96BBAFA1-LeaderElection37] INFO  server.RaftServerConfigKeys (ConfUtils.java:logGet(46)) - raft.server.log.appender.buffer.element-limit = 1 (custom)
2022-11-08 06:34:07,832 [8077194d-366f-483b-b4d6-5a7a28c3c7f8@group-91CE96BBAFA1-LeaderElection37] INFO  grpc.GrpcConfigKeys (ConfUtils.java:logGet(46)) - raft.grpc.server.leader.outstanding.appends.max = 128 (default)
2022-11-08 06:34:07,832 [8077194d-366f-483b-b4d6-5a7a28c3c7f8@group-91CE96BBAFA1-LeaderElection37] INFO  server.RaftServerConfigKeys (ConfUtils.java:logGet(46)) - raft.server.rpc.request.timeout = 60s (custom)
2022-11-08 06:34:07,832 [8077194d-366f-483b-b4d6-5a7a28c3c7f8@group-91CE96BBAFA1-LeaderElection37] INFO  server.RaftServerConfigKeys (ConfUtils.java:logGet(46)) - raft.server.log.appender.install.snapshot.enabled = false (custom)
2022-11-08 06:34:07,832 [8077194d-366f-483b-b4d6-5a7a28c3c7f8@group-91CE96BBAFA1-LeaderElection37] INFO  grpc.GrpcConfigKeys (ConfUtils.java:logGet(46)) - raft.grpc.server.heartbeat.channel = true (default)
2022-11-08 06:34:07,832 [8077194d-366f-483b-b4d6-5a7a28c3c7f8@group-91CE96BBAFA1-LeaderElection37] INFO  server.RaftServerConfigKeys (ConfUtils.java:logGet(46)) - raft.server.log.appender.wait-time.min = 10ms (default)
2022-11-08 06:34:07,833 [8077194d-366f-483b-b4d6-5a7a28c3c7f8@group-91CE96BBAFA1-LeaderElection37] INFO  server.RaftServerConfigKeys (ConfUtils.java:logGet(46)) - raft.server.log.appender.snapshot.chunk.size.max = 16MB (=16777216) (default)
2022-11-08 06:34:07,833 [8077194d-366f-483b-b4d6-5a7a28c3c7f8@group-91CE96BBAFA1-LeaderElection37] INFO  server.RaftServerConfigKeys (ConfUtils.java:logGet(46)) - raft.server.log.appender.buffer.byte-limit = 33554432 (custom)
2022-11-08 06:34:07,833 [8077194d-366f-483b-b4d6-5a7a28c3c7f8@group-91CE96BBAFA1-LeaderElection37] INFO  server.RaftServerConfigKeys (ConfUtils.java:logGet(46)) - raft.server.log.appender.buffer.element-limit = 1 (custom)
2022-11-08 06:34:07,833 [8077194d-366f-483b-b4d6-5a7a28c3c7f8@group-91CE96BBAFA1-LeaderElection37] INFO  grpc.GrpcConfigKeys (ConfUtils.java:logGet(46)) - raft.grpc.server.leader.outstanding.appends.max = 128 (default)
2022-11-08 06:34:07,833 [8077194d-366f-483b-b4d6-5a7a28c3c7f8@group-91CE96BBAFA1-LeaderElection37] INFO  server.RaftServerConfigKeys (ConfUtils.java:logGet(46)) - raft.server.rpc.request.timeout = 60s (custom)
2022-11-08 06:34:07,834 [grpc-default-executor-4] INFO  server.RaftServer$Division (RaftServerImpl.java:requestVote(1251)) - d15a650e-2ebd-40cb-9b6d-ba61193ce2f9@group-91CE96BBAFA1 replies to ELECTION vote request: 8077194d-366f-483b-b4d6-5a7a28c3c7f8<-d15a650e-2ebd-40cb-9b6d-ba61193ce2f9#0:OK-t2. Peer's state: d15a650e-2ebd-40cb-9b6d-ba61193ce2f9@group-91CE96BBAFA1:t2, leader=null, voted=8077194d-366f-483b-b4d6-5a7a28c3c7f8, raftlog=Memoized:d15a650e-2ebd-40cb-9b6d-ba61193ce2f9@group-91CE96BBAFA1-SegmentedRaftLog:OPENED:c-1, conf=-1: peers:[193b940e-06e0-49a5-9247-5c39d5b56c1b|rpc:10.1.0.244:41285|dataStream:|priority:0|startupRole:FOLLOWER, d15a650e-2ebd-40cb-9b6d-ba61193ce2f9|rpc:10.1.0.244:33395|dataStream:|priority:0|startupRole:FOLLOWER, 8077194d-366f-483b-b4d6-5a7a28c3c7f8|rpc:10.1.0.244:38223|dataStream:|priority:1|startupRole:FOLLOWER]|listeners:[], old=null
2022-11-08 06:34:07,837 [EventQueue-PipelineReportForPipelineReportHandler] INFO  pipeline.PipelineManagerImpl (PipelineManagerImpl.java:openPipeline(367)) - Pipeline Pipeline[ Id: e702fae6-23a0-4e82-a6cc-91ce96bbafa1, Nodes: d15a650e-2ebd-40cb-9b6d-ba61193ce2f9{ip: 10.1.0.244, host: fv-az220-111.shdwizndlbjulinwhzhdmup5sb.jx.internal.cloudapp.net, ports: [REPLICATION=36993, RATIS=33395, RATIS_ADMIN=33395, RATIS_SERVER=33395, STANDALONE=40661], networkLocation: /default-rack, certSerialId: null, persistedOpState: IN_SERVICE, persistedOpStateExpiryEpochSec: 0}193b940e-06e0-49a5-9247-5c39d5b56c1b{ip: 10.1.0.244, host: fv-az220-111.shdwizndlbjulinwhzhdmup5sb.jx.internal.cloudapp.net, ports: [REPLICATION=42543, RATIS=41285, RATIS_ADMIN=41285, RATIS_SERVER=41285, STANDALONE=41205], networkLocation: /default-rack, certSerialId: null, persistedOpState: IN_SERVICE, persistedOpStateExpiryEpochSec: 0}8077194d-366f-483b-b4d6-5a7a28c3c7f8{ip: 10.1.0.244, host: fv-az220-111.shdwizndlbjulinwhzhdmup5sb.jx.internal.cloudapp.net, ports: [REPLICATION=41145, RATIS=38223, RATIS_ADMIN=38223, RATIS_SERVER=38223, STANDALONE=46269], networkLocation: /default-rack, certSerialId: null, persistedOpState: IN_SERVICE, persistedOpStateExpiryEpochSec: 0}, ReplicationConfig: RATIS/THREE, State:ALLOCATED, leaderId:8077194d-366f-483b-b4d6-5a7a28c3c7f8, CreationTimestamp2022-11-08T06:33:55.249Z[Etc/UTC]] moved to OPEN state
2022-11-08 06:34:07,840 [8077194d-366f-483b-b4d6-5a7a28c3c7f8@group-91CE96BBAFA1-LeaderElection37] INFO  server.RaftServerConfigKeys (ConfUtils.java:logGet(46)) - raft.server.log.appender.install.snapshot.enabled = false (custom)
2022-11-08 06:34:07,840 [8077194d-366f-483b-b4d6-5a7a28c3c7f8@group-91CE96BBAFA1-LeaderElection37] INFO  grpc.GrpcConfigKeys (ConfUtils.java:logGet(46)) - raft.grpc.server.heartbeat.channel = true (default)
2022-11-08 06:34:07,840 [8077194d-366f-483b-b4d6-5a7a28c3c7f8@group-91CE96BBAFA1-LeaderElection37] INFO  server.RaftServerConfigKeys (ConfUtils.java:logGet(46)) - raft.server.log.appender.wait-time.min = 10ms (default)
2022-11-08 06:34:07,840 [8077194d-366f-483b-b4d6-5a7a28c3c7f8@group-91CE96BBAFA1-LeaderElection37] INFO  impl.RoleInfo (RoleInfo.java:updateAndGet(139)) - 8077194d-366f-483b-b4d6-5a7a28c3c7f8: start 8077194d-366f-483b-b4d6-5a7a28c3c7f8@group-91CE96BBAFA1-LeaderStateImpl
2022-11-08 06:34:07,840 [8077194d-366f-483b-b4d6-5a7a28c3c7f8@group-91CE96BBAFA1-LeaderElection37] INFO  segmented.SegmentedRaftLogWorker (SegmentedRaftLogWorker.java:startLogSegment(452)) - 8077194d-366f-483b-b4d6-5a7a28c3c7f8@group-91CE96BBAFA1-SegmentedRaftLogWorker: Starting segment from index:0
2022-11-08 06:34:07,848 [8077194d-366f-483b-b4d6-5a7a28c3c7f8@group-91CE96BBAFA1-LeaderElection37] INFO  server.RaftServer$Division (ServerState.java:setRaftConf(430)) - 8077194d-366f-483b-b4d6-5a7a28c3c7f8@group-91CE96BBAFA1: set configuration 0: peers:[193b940e-06e0-49a5-9247-5c39d5b56c1b|rpc:10.1.0.244:41285|dataStream:|priority:0|startupRole:FOLLOWER, d15a650e-2ebd-40cb-9b6d-ba61193ce2f9|rpc:10.1.0.244:33395|dataStream:|priority:0|startupRole:FOLLOWER, 8077194d-366f-483b-b4d6-5a7a28c3c7f8|rpc:10.1.0.244:38223|dataStream:|priority:1|startupRole:FOLLOWER]|listeners:[], old=null
2022-11-08 06:34:07,848 [8077194d-366f-483b-b4d6-5a7a28c3c7f8@group-91CE96BBAFA1-SegmentedRaftLogWorker] INFO  segmented.SegmentedRaftLogWorker (SegmentedRaftLogWorker.java:execute(656)) - 8077194d-366f-483b-b4d6-5a7a28c3c7f8@group-91CE96BBAFA1-SegmentedRaftLogWorker: created new log segment /home/runner/work/ozone/ozone/hadoop-ozone/integration-test/target/test-dir/MiniOzoneClusterImpl-8e06ede3-228e-44b7-a612-3acc89ebc779/datanode-3/data/ratis/e702fae6-23a0-4e82-a6cc-91ce96bbafa1/current/log_inprogress_0
2022-11-08 06:34:07,853 [d15a650e-2ebd-40cb-9b6d-ba61193ce2f9-server-thread1] INFO  ratis.XceiverServerRatis (XceiverServerRatis.java:handleLeaderChangedNotification(863)) - Leader change notification received for group: group-91CE96BBAFA1 with new leaderId: 8077194d-366f-483b-b4d6-5a7a28c3c7f8
2022-11-08 06:34:07,853 [d15a650e-2ebd-40cb-9b6d-ba61193ce2f9-server-thread1] INFO  server.RaftServer$Division (ServerState.java:setLeader(313)) - d15a650e-2ebd-40cb-9b6d-ba61193ce2f9@group-91CE96BBAFA1: change Leader from null to 8077194d-366f-483b-b4d6-5a7a28c3c7f8 at term 2 for appendEntries, leader elected after 10173ms
2022-11-08 06:34:07,859 [d15a650e-2ebd-40cb-9b6d-ba61193ce2f9-server-thread1] INFO  server.RaftServer$Division (ServerState.java:setRaftConf(430)) - d15a650e-2ebd-40cb-9b6d-ba61193ce2f9@group-91CE96BBAFA1: set configuration 0: peers:[193b940e-06e0-49a5-9247-5c39d5b56c1b|rpc:10.1.0.244:41285|dataStream:|priority:0|startupRole:FOLLOWER, d15a650e-2ebd-40cb-9b6d-ba61193ce2f9|rpc:10.1.0.244:33395|dataStream:|priority:0|startupRole:FOLLOWER, 8077194d-366f-483b-b4d6-5a7a28c3c7f8|rpc:10.1.0.244:38223|dataStream:|priority:1|startupRole:FOLLOWER]|listeners:[], old=null
2022-11-08 06:34:07,860 [d15a650e-2ebd-40cb-9b6d-ba61193ce2f9-server-thread1] INFO  segmented.SegmentedRaftLogWorker (SegmentedRaftLogWorker.java:startLogSegment(452)) - d15a650e-2ebd-40cb-9b6d-ba61193ce2f9@group-91CE96BBAFA1-SegmentedRaftLogWorker: Starting segment from index:0
2022-11-08 06:34:07,862 [193b940e-06e0-49a5-9247-5c39d5b56c1b-server-thread1] INFO  ratis.XceiverServerRatis (XceiverServerRatis.java:handleLeaderChangedNotification(863)) - Leader change notification received for group: group-91CE96BBAFA1 with new leaderId: 8077194d-366f-483b-b4d6-5a7a28c3c7f8
2022-11-08 06:34:07,862 [193b940e-06e0-49a5-9247-5c39d5b56c1b-server-thread1] INFO  server.RaftServer$Division (ServerState.java:setLeader(313)) - 193b940e-06e0-49a5-9247-5c39d5b56c1b@group-91CE96BBAFA1: change Leader from null to 8077194d-366f-483b-b4d6-5a7a28c3c7f8 at term 2 for appendEntries, leader elected after 10142ms
2022-11-08 06:34:07,863 [d15a650e-2ebd-40cb-9b6d-ba61193ce2f9@group-91CE96BBAFA1-SegmentedRaftLogWorker] INFO  segmented.SegmentedRaftLogWorker (SegmentedRaftLogWorker.java:execute(656)) - d15a650e-2ebd-40cb-9b6d-ba61193ce2f9@group-91CE96BBAFA1-SegmentedRaftLogWorker: created new log segment /home/runner/work/ozone/ozone/hadoop-ozone/integration-test/target/test-dir/MiniOzoneClusterImpl-8e06ede3-228e-44b7-a612-3acc89ebc779/datanode-5/data/ratis/e702fae6-23a0-4e82-a6cc-91ce96bbafa1/current/log_inprogress_0
2022-11-08 06:34:07,870 [193b940e-06e0-49a5-9247-5c39d5b56c1b-server-thread2] INFO  server.RaftServer$Division (ServerState.java:setRaftConf(430)) - 193b940e-06e0-49a5-9247-5c39d5b56c1b@group-91CE96BBAFA1: set configuration 0: peers:[193b940e-06e0-49a5-9247-5c39d5b56c1b|rpc:10.1.0.244:41285|dataStream:|priority:0|startupRole:FOLLOWER, d15a650e-2ebd-40cb-9b6d-ba61193ce2f9|rpc:10.1.0.244:33395|dataStream:|priority:0|startupRole:FOLLOWER, 8077194d-366f-483b-b4d6-5a7a28c3c7f8|rpc:10.1.0.244:38223|dataStream:|priority:1|startupRole:FOLLOWER]|listeners:[], old=null
2022-11-08 06:34:07,873 [193b940e-06e0-49a5-9247-5c39d5b56c1b-server-thread2] INFO  segmented.SegmentedRaftLogWorker (SegmentedRaftLogWorker.java:startLogSegment(452)) - 193b940e-06e0-49a5-9247-5c39d5b56c1b@group-91CE96BBAFA1-SegmentedRaftLogWorker: Starting segment from index:0
2022-11-08 06:34:07,875 [193b940e-06e0-49a5-9247-5c39d5b56c1b@group-91CE96BBAFA1-SegmentedRaftLogWorker] INFO  segmented.SegmentedRaftLogWorker (SegmentedRaftLogWorker.java:execute(656)) - 193b940e-06e0-49a5-9247-5c39d5b56c1b@group-91CE96BBAFA1-SegmentedRaftLogWorker: created new log segment /home/runner/work/ozone/ozone/hadoop-ozone/integration-test/target/test-dir/MiniOzoneClusterImpl-8e06ede3-228e-44b7-a612-3acc89ebc779/datanode-4/data/ratis/e702fae6-23a0-4e82-a6cc-91ce96bbafa1/current/log_inprogress_0
2022-11-08 06:34:08,715 [Command processor thread] INFO  server.RaftServer (RaftServerProxy.java:remove(107)) - 73b7dc0c-af7c-46fd-8914-03b4db151d45: remove    LEADER 73b7dc0c-af7c-46fd-8914-03b4db151d45@group-A09AEB66014F:t1, leader=73b7dc0c-af7c-46fd-8914-03b4db151d45, voted=73b7dc0c-af7c-46fd-8914-03b4db151d45, raftlog=Memoized:73b7dc0c-af7c-46fd-8914-03b4db151d45@group-A09AEB66014F-SegmentedRaftLog:OPENED:c0, conf=0: peers:[7cdbd1b5-097b-4b08-9783-327855de8893|rpc:10.1.0.244:38963|dataStream:|priority:0|startupRole:FOLLOWER, f5a08da9-e999-4666-9813-af0703791aee|rpc:10.1.0.244:37541|dataStream:|priority:0|startupRole:FOLLOWER, 73b7dc0c-af7c-46fd-8914-03b4db151d45|rpc:10.1.0.244:39667|dataStream:|priority:1|startupRole:FOLLOWER]|listeners:[], old=null RUNNING
2022-11-08 06:34:08,715 [Command processor thread] INFO  server.RaftServer$Division (RaftServerImpl.java:lambda$close$4(458)) - 73b7dc0c-af7c-46fd-8914-03b4db151d45@group-A09AEB66014F: shutdown
2022-11-08 06:34:08,715 [Command processor thread] INFO  util.JmxRegister (JmxRegister.java:unregister(73)) - Successfully un-registered JMX Bean with object name Ratis:service=RaftServer,group=group-A09AEB66014F,id=73b7dc0c-af7c-46fd-8914-03b4db151d45
2022-11-08 06:34:08,715 [Command processor thread] INFO  impl.RoleInfo (RoleInfo.java:shutdownLeaderState(93)) - 73b7dc0c-af7c-46fd-8914-03b4db151d45: shutdown 73b7dc0c-af7c-46fd-8914-03b4db151d45@group-A09AEB66014F-LeaderStateImpl
2022-11-08 06:34:08,715 [Command processor thread] INFO  impl.PendingRequests (PendingRequests.java:sendNotLeaderResponses(282)) - 73b7dc0c-af7c-46fd-8914-03b4db151d45@group-A09AEB66014F-PendingRequests: sendNotLeaderResponses
2022-11-08 06:34:08,715 [73b7dc0c-af7c-46fd-8914-03b4db151d45@group-A09AEB66014F->7cdbd1b5-097b-4b08-9783-327855de8893-GrpcLogAppender-LogAppenderDaemon] WARN  server.GrpcLogAppender (GrpcLogAppender.java:mayWait(200)) - 73b7dc0c-af7c-46fd-8914-03b4db151d45@group-A09AEB66014F->7cdbd1b5-097b-4b08-9783-327855de8893-GrpcLogAppender: Wait interrupted by java.lang.InterruptedException
2022-11-08 06:34:08,716 [73b7dc0c-af7c-46fd-8914-03b4db151d45@group-A09AEB66014F->f5a08da9-e999-4666-9813-af0703791aee-GrpcLogAppender-LogAppenderDaemon] WARN  server.GrpcLogAppender (GrpcLogAppender.java:mayWait(200)) - 73b7dc0c-af7c-46fd-8914-03b4db151d45@group-A09AEB66014F->f5a08da9-e999-4666-9813-af0703791aee-GrpcLogAppender: Wait interrupted by java.lang.InterruptedException
2022-11-08 06:34:08,716 [Command processor thread] INFO  impl.StateMachineUpdater (StateMachineUpdater.java:stopAndJoin(153)) - 73b7dc0c-af7c-46fd-8914-03b4db151d45@group-A09AEB66014F-StateMachineUpdater: set stopIndex = 0
2022-11-08 06:34:08,716 [grpc-default-executor-1] INFO  server.GrpcServerProtocolService (GrpcServerProtocolService.java:onCompleted(145)) - 7cdbd1b5-097b-4b08-9783-327855de8893: Completed APPEND_ENTRIES, lastRequest: null
2022-11-08 06:34:08,717 [grpc-default-executor-4] INFO  server.GrpcServerProtocolService (GrpcServerProtocolService.java:onCompleted(145)) - f5a08da9-e999-4666-9813-af0703791aee: Completed APPEND_ENTRIES, lastRequest: 73b7dc0c-af7c-46fd-8914-03b4db151d45->f5a08da9-e999-4666-9813-af0703791aee#1-t1,previous=(t:0, i:0),leaderCommit=0,initializing? true,entries: size=1, first=(t:1, i:0), CONFIGURATIONENTRY(current:id: "7cdbd1b5-097b-4b08-9783-327855de8893"
address: "10.1.0.244:38963"
clientAddress: "10.1.0.244:38963"
adminAddress: "10.1.0.244:38963"
startupRole: FOLLOWER
,id: "f5a08da9-e999-4666-9813-af0703791aee"
address: "10.1.0.244:37541"
clientAddress: "10.1.0.244:37541"
adminAddress: "10.1.0.244:37541"
startupRole: FOLLOWER
,id: "73b7dc0c-af7c-46fd-8914-03b4db151d45"
address: "10.1.0.244:39667"
priority: 1
clientAddress: "10.1.0.244:39667"
adminAddress: "10.1.0.244:39667"
startupRole: FOLLOWER
, old:)
2022-11-08 06:34:08,717 [grpc-default-executor-5] INFO  server.GrpcServerProtocolService (GrpcServerProtocolService.java:onCompleted(145)) - 7cdbd1b5-097b-4b08-9783-327855de8893: Completed APPEND_ENTRIES, lastRequest: 73b7dc0c-af7c-46fd-8914-03b4db151d45->7cdbd1b5-097b-4b08-9783-327855de8893#1-t1,previous=(t:0, i:0),leaderCommit=0,initializing? true,entries: size=1, first=(t:1, i:0), CONFIGURATIONENTRY(current:id: "7cdbd1b5-097b-4b08-9783-327855de8893"
address: "10.1.0.244:38963"
clientAddress: "10.1.0.244:38963"
adminAddress: "10.1.0.244:38963"
startupRole: FOLLOWER
,id: "f5a08da9-e999-4666-9813-af0703791aee"
address: "10.1.0.244:37541"
clientAddress: "10.1.0.244:37541"
adminAddress: "10.1.0.244:37541"
startupRole: FOLLOWER
,id: "73b7dc0c-af7c-46fd-8914-03b4db151d45"
address: "10.1.0.244:39667"
priority: 1
clientAddress: "10.1.0.244:39667"
adminAddress: "10.1.0.244:39667"
startupRole: FOLLOWER
, old:)
2022-11-08 06:34:08,717 [grpc-default-executor-2] INFO  server.GrpcServerProtocolService (GrpcServerProtocolService.java:onCompleted(145)) - f5a08da9-e999-4666-9813-af0703791aee: Completed APPEND_ENTRIES, lastRequest: null
2022-11-08 06:34:08,717 [73b7dc0c-af7c-46fd-8914-03b4db151d45@group-A09AEB66014F-StateMachineUpdater] INFO  ratis.ContainerStateMachine (ContainerStateMachine.java:takeSnapshot(304)) - group-A09AEB66014F: Taking a snapshot at:(t:1, i:0) file /home/runner/work/ozone/ozone/hadoop-ozone/integration-test/target/test-dir/MiniOzoneClusterImpl-8e06ede3-228e-44b7-a612-3acc89ebc779/datanode-2/data/ratis/6a7aadb6-ec28-4675-a933-a09aeb66014f/sm/snapshot.1_0
2022-11-08 06:34:08,718 [grpc-default-executor-4] INFO  server.GrpcLogAppender (GrpcLogAppender.java:onCompleted(415)) - 73b7dc0c-af7c-46fd-8914-03b4db151d45@group-A09AEB66014F->f5a08da9-e999-4666-9813-af0703791aee-AppendLogResponseHandler: follower responses appendEntries COMPLETED
2022-11-08 06:34:08,718 [grpc-default-executor-4] INFO  leader.FollowerInfo (FollowerInfoImpl.java:lambda$new$0(48)) - 73b7dc0c-af7c-46fd-8914-03b4db151d45@group-A09AEB66014F->f5a08da9-e999-4666-9813-af0703791aee: nextIndex: updateUnconditionally 1 -> 0
2022-11-08 06:34:08,722 [grpc-default-executor-1] INFO  server.GrpcLogAppender (GrpcLogAppender.java:onCompleted(415)) - 73b7dc0c-af7c-46fd-8914-03b4db151d45@group-A09AEB66014F->7cdbd1b5-097b-4b08-9783-327855de8893-AppendLogResponseHandler: follower responses appendEntries COMPLETED
2022-11-08 06:34:08,722 [grpc-default-executor-4] INFO  server.GrpcLogAppender (GrpcLogAppender.java:onCompleted(415)) - 73b7dc0c-af7c-46fd-8914-03b4db151d45@group-A09AEB66014F->7cdbd1b5-097b-4b08-9783-327855de8893-AppendLogResponseHandler: follower responses appendEntries COMPLETED
2022-11-08 06:34:08,723 [grpc-default-executor-1] INFO  leader.FollowerInfo (FollowerInfoImpl.java:lambda$new$0(48)) - 73b7dc0c-af7c-46fd-8914-03b4db151d45@group-A09AEB66014F->7cdbd1b5-097b-4b08-9783-327855de8893: nextIndex: updateUnconditionally 1 -> 0
2022-11-08 06:34:08,723 [73b7dc0c-af7c-46fd-8914-03b4db151d45@group-A09AEB66014F-StateMachineUpdater] INFO  ratis.ContainerStateMachine (ContainerStateMachine.java:takeSnapshot(315)) - group-A09AEB66014F: Finished taking a snapshot at:(t:1, i:0) file:/home/runner/work/ozone/ozone/hadoop-ozone/integration-test/target/test-dir/MiniOzoneClusterImpl-8e06ede3-228e-44b7-a612-3acc89ebc779/datanode-2/data/ratis/6a7aadb6-ec28-4675-a933-a09aeb66014f/sm/snapshot.1_0 took: 5 ms
2022-11-08 06:34:08,723 [73b7dc0c-af7c-46fd-8914-03b4db151d45@group-A09AEB66014F-StateMachineUpdater] INFO  impl.StateMachineUpdater (StateMachineUpdater.java:takeSnapshot(287)) - 73b7dc0c-af7c-46fd-8914-03b4db151d45@group-A09AEB66014F-StateMachineUpdater: Took a snapshot at index 0
2022-11-08 06:34:08,723 [73b7dc0c-af7c-46fd-8914-03b4db151d45@group-A09AEB66014F-StateMachineUpdater] INFO  impl.StateMachineUpdater (StateMachineUpdater.java:lambda$new$0(92)) - 73b7dc0c-af7c-46fd-8914-03b4db151d45@group-A09AEB66014F-StateMachineUpdater: snapshotIndex: updateIncreasingly -1 -> 0
2022-11-08 06:34:08,723 [grpc-default-executor-0] INFO  server.GrpcLogAppender (GrpcLogAppender.java:onCompleted(415)) - 73b7dc0c-af7c-46fd-8914-03b4db151d45@group-A09AEB66014F->f5a08da9-e999-4666-9813-af0703791aee-AppendLogResponseHandler: follower responses appendEntries COMPLETED
2022-11-08 06:34:08,724 [grpc-default-executor-0] INFO  leader.FollowerInfo (FollowerInfoImpl.java:lambda$new$0(48)) - 73b7dc0c-af7c-46fd-8914-03b4db151d45@group-A09AEB66014F->f5a08da9-e999-4666-9813-af0703791aee: nextIndex: updateUnconditionally 0 -> 0
2022-11-08 06:34:08,724 [grpc-default-executor-4] INFO  leader.FollowerInfo (FollowerInfoImpl.java:lambda$new$0(48)) - 73b7dc0c-af7c-46fd-8914-03b4db151d45@group-A09AEB66014F->7cdbd1b5-097b-4b08-9783-327855de8893: nextIndex: updateUnconditionally 0 -> 0
2022-11-08 06:34:08,724 [Command processor thread] INFO  server.RaftServer$Division (ServerState.java:close(466)) - 73b7dc0c-af7c-46fd-8914-03b4db151d45@group-A09AEB66014F: closes. applyIndex: 0
2022-11-08 06:34:08,724 [73b7dc0c-af7c-46fd-8914-03b4db151d45@group-A09AEB66014F-SegmentedRaftLogWorker] INFO  segmented.SegmentedRaftLogWorker (SegmentedRaftLogWorker.java:run(345)) - 73b7dc0c-af7c-46fd-8914-03b4db151d45@group-A09AEB66014F-SegmentedRaftLogWorker was interrupted, exiting. There are 0 tasks remaining in the queue.
2022-11-08 06:34:08,726 [Command processor thread] INFO  segmented.SegmentedRaftLogWorker (SegmentedRaftLogWorker.java:close(255)) - 73b7dc0c-af7c-46fd-8914-03b4db151d45@group-A09AEB66014F-SegmentedRaftLogWorker close()
2022-11-08 06:34:08,731 [Command processor thread] INFO  server.RaftServer$Division (RaftServerImpl.java:groupRemove(428)) - 73b7dc0c-af7c-46fd-8914-03b4db151d45@group-A09AEB66014F: Succeed to remove RaftStorageDirectory Storage Directory /home/runner/work/ozone/ozone/hadoop-ozone/integration-test/target/test-dir/MiniOzoneClusterImpl-8e06ede3-228e-44b7-a612-3acc89ebc779/datanode-2/data/ratis/6a7aadb6-ec28-4675-a933-a09aeb66014f
2022-11-08 06:34:08,731 [Command processor thread] INFO  commandhandler.ClosePipelineCommandHandler (ClosePipelineCommandHandler.java:handle(78)) - Close Pipeline PipelineID=6a7aadb6-ec28-4675-a933-a09aeb66014f command on datanode 73b7dc0c-af7c-46fd-8914-03b4db151d45.
2022-11-08 06:34:08,731 [Command processor thread] INFO  server.RaftServer (RaftServerProxy.java:remove(107)) - 73b7dc0c-af7c-46fd-8914-03b4db151d45: remove  FOLLOWER 73b7dc0c-af7c-46fd-8914-03b4db151d45@group-10203FD77499:t2, leader=f5a08da9-e999-4666-9813-af0703791aee, voted=f5a08da9-e999-4666-9813-af0703791aee, raftlog=Memoized:73b7dc0c-af7c-46fd-8914-03b4db151d45@group-10203FD77499-SegmentedRaftLog:OPENED:c0, conf=0: peers:[7cdbd1b5-097b-4b08-9783-327855de8893|rpc:10.1.0.244:38963|dataStream:|priority:0|startupRole:FOLLOWER, f5a08da9-e999-4666-9813-af0703791aee|rpc:10.1.0.244:37541|dataStream:|priority:1|startupRole:FOLLOWER, 73b7dc0c-af7c-46fd-8914-03b4db151d45|rpc:10.1.0.244:39667|dataStream:|priority:0|startupRole:FOLLOWER]|listeners:[], old=null RUNNING
2022-11-08 06:34:08,731 [Command processor thread] INFO  server.RaftServer$Division (RaftServerImpl.java:lambda$close$4(458)) - 73b7dc0c-af7c-46fd-8914-03b4db151d45@group-10203FD77499: shutdown
2022-11-08 06:34:08,731 [Command processor thread] INFO  util.JmxRegister (JmxRegister.java:unregister(73)) - Successfully un-registered JMX Bean with object name Ratis:service=RaftServer,group=group-10203FD77499,id=73b7dc0c-af7c-46fd-8914-03b4db151d45
2022-11-08 06:34:08,732 [Command processor thread] INFO  impl.RoleInfo (RoleInfo.java:shutdownFollowerState(110)) - 73b7dc0c-af7c-46fd-8914-03b4db151d45: shutdown 73b7dc0c-af7c-46fd-8914-03b4db151d45@group-10203FD77499-FollowerState
2022-11-08 06:34:08,732 [Command processor thread] INFO  impl.StateMachineUpdater (StateMachineUpdater.java:stopAndJoin(153)) - 73b7dc0c-af7c-46fd-8914-03b4db151d45@group-10203FD77499-StateMachineUpdater: set stopIndex = 0
2022-11-08 06:34:08,732 [73b7dc0c-af7c-46fd-8914-03b4db151d45@group-10203FD77499-FollowerState] INFO  impl.FollowerState (FollowerState.java:run(152)) - 73b7dc0c-af7c-46fd-8914-03b4db151d45@group-10203FD77499-FollowerState was interrupted
2022-11-08 06:34:08,732 [73b7dc0c-af7c-46fd-8914-03b4db151d45@group-10203FD77499-StateMachineUpdater] INFO  ratis.ContainerStateMachine (ContainerStateMachine.java:takeSnapshot(304)) - group-10203FD77499: Taking a snapshot at:(t:2, i:0) file /home/runner/work/ozone/ozone/hadoop-ozone/integration-test/target/test-dir/MiniOzoneClusterImpl-8e06ede3-228e-44b7-a612-3acc89ebc779/datanode-2/data/ratis/c7bdac37-5e27-4073-b229-10203fd77499/sm/snapshot.2_0
2022-11-08 06:34:08,733 [73b7dc0c-af7c-46fd-8914-03b4db151d45@group-10203FD77499-StateMachineUpdater] INFO  ratis.ContainerStateMachine (ContainerStateMachine.java:takeSnapshot(315)) - group-10203FD77499: Finished taking a snapshot at:(t:2, i:0) file:/home/runner/work/ozone/ozone/hadoop-ozone/integration-test/target/test-dir/MiniOzoneClusterImpl-8e06ede3-228e-44b7-a612-3acc89ebc779/datanode-2/data/ratis/c7bdac37-5e27-4073-b229-10203fd77499/sm/snapshot.2_0 took: 1 ms
2022-11-08 06:34:08,733 [73b7dc0c-af7c-46fd-8914-03b4db151d45@group-10203FD77499-StateMachineUpdater] INFO  impl.StateMachineUpdater (StateMachineUpdater.java:takeSnapshot(287)) - 73b7dc0c-af7c-46fd-8914-03b4db151d45@group-10203FD77499-StateMachineUpdater: Took a snapshot at index 0
2022-11-08 06:34:08,733 [73b7dc0c-af7c-46fd-8914-03b4db151d45@group-10203FD77499-StateMachineUpdater] INFO  impl.StateMachineUpdater (StateMachineUpdater.java:lambda$new$0(92)) - 73b7dc0c-af7c-46fd-8914-03b4db151d45@group-10203FD77499-StateMachineUpdater: snapshotIndex: updateIncreasingly -1 -> 0
2022-11-08 06:34:08,733 [Command processor thread] INFO  server.RaftServer$Division (ServerState.java:close(466)) - 73b7dc0c-af7c-46fd-8914-03b4db151d45@group-10203FD77499: closes. applyIndex: 0
2022-11-08 06:34:08,734 [73b7dc0c-af7c-46fd-8914-03b4db151d45@group-10203FD77499-SegmentedRaftLogWorker] INFO  segmented.SegmentedRaftLogWorker (SegmentedRaftLogWorker.java:run(345)) - 73b7dc0c-af7c-46fd-8914-03b4db151d45@group-10203FD77499-SegmentedRaftLogWorker was interrupted, exiting. There are 0 tasks remaining in the queue.
2022-11-08 06:34:08,734 [Command processor thread] INFO  segmented.SegmentedRaftLogWorker (SegmentedRaftLogWorker.java:close(255)) - 73b7dc0c-af7c-46fd-8914-03b4db151d45@group-10203FD77499-SegmentedRaftLogWorker close()
2022-11-08 06:34:08,736 [Command processor thread] INFO  server.RaftServer$Division (RaftServerImpl.java:groupRemove(428)) - 73b7dc0c-af7c-46fd-8914-03b4db151d45@group-10203FD77499: Succeed to remove RaftStorageDirectory Storage Directory /home/runner/work/ozone/ozone/hadoop-ozone/integration-test/target/test-dir/MiniOzoneClusterImpl-8e06ede3-228e-44b7-a612-3acc89ebc779/datanode-2/data/ratis/c7bdac37-5e27-4073-b229-10203fd77499
2022-11-08 06:34:08,736 [Command processor thread] INFO  commandhandler.ClosePipelineCommandHandler (ClosePipelineCommandHandler.java:handle(78)) - Close Pipeline PipelineID=c7bdac37-5e27-4073-b229-10203fd77499 command on datanode 73b7dc0c-af7c-46fd-8914-03b4db151d45.
2022-11-08 06:34:09,527 [Command processor thread] INFO  server.RaftServer (RaftServerProxy.java:remove(107)) - 7cdbd1b5-097b-4b08-9783-327855de8893: remove  FOLLOWER 7cdbd1b5-097b-4b08-9783-327855de8893@group-A09AEB66014F:t1, leader=73b7dc0c-af7c-46fd-8914-03b4db151d45, voted=7cdbd1b5-097b-4b08-9783-327855de8893, raftlog=Memoized:7cdbd1b5-097b-4b08-9783-327855de8893@group-A09AEB66014F-SegmentedRaftLog:OPENED:c0, conf=0: peers:[7cdbd1b5-097b-4b08-9783-327855de8893|rpc:10.1.0.244:38963|dataStream:|priority:0|startupRole:FOLLOWER, f5a08da9-e999-4666-9813-af0703791aee|rpc:10.1.0.244:37541|dataStream:|priority:0|startupRole:FOLLOWER, 73b7dc0c-af7c-46fd-8914-03b4db151d45|rpc:10.1.0.244:39667|dataStream:|priority:1|startupRole:FOLLOWER]|listeners:[], old=null RUNNING
2022-11-08 06:34:09,527 [Command processor thread] INFO  server.RaftServer$Division (RaftServerImpl.java:lambda$close$4(458)) - 7cdbd1b5-097b-4b08-9783-327855de8893@group-A09AEB66014F: shutdown
2022-11-08 06:34:09,527 [Command processor thread] INFO  util.JmxRegister (JmxRegister.java:unregister(73)) - Successfully un-registered JMX Bean with object name Ratis:service=RaftServer,group=group-A09AEB66014F,id=7cdbd1b5-097b-4b08-9783-327855de8893
2022-11-08 06:34:09,527 [Command processor thread] INFO  impl.RoleInfo (RoleInfo.java:shutdownFollowerState(110)) - 7cdbd1b5-097b-4b08-9783-327855de8893: shutdown 7cdbd1b5-097b-4b08-9783-327855de8893@group-A09AEB66014F-FollowerState
2022-11-08 06:34:09,527 [Command processor thread] INFO  impl.StateMachineUpdater (StateMachineUpdater.java:stopAndJoin(153)) - 7cdbd1b5-097b-4b08-9783-327855de8893@group-A09AEB66014F-StateMachineUpdater: set stopIndex = 0
2022-11-08 06:34:09,528 [7cdbd1b5-097b-4b08-9783-327855de8893@group-A09AEB66014F-FollowerState] INFO  impl.FollowerState (FollowerState.java:run(152)) - 7cdbd1b5-097b-4b08-9783-327855de8893@group-A09AEB66014F-FollowerState was interrupted
2022-11-08 06:34:09,529 [7cdbd1b5-097b-4b08-9783-327855de8893@group-A09AEB66014F-StateMachineUpdater] INFO  ratis.ContainerStateMachine (ContainerStateMachine.java:takeSnapshot(304)) - group-A09AEB66014F: Taking a snapshot at:(t:1, i:0) file /home/runner/work/ozone/ozone/hadoop-ozone/integration-test/target/test-dir/MiniOzoneClusterImpl-8e06ede3-228e-44b7-a612-3acc89ebc779/datanode-0/data/ratis/6a7aadb6-ec28-4675-a933-a09aeb66014f/sm/snapshot.1_0
2022-11-08 06:34:09,531 [7cdbd1b5-097b-4b08-9783-327855de8893@group-A09AEB66014F-StateMachineUpdater] INFO  ratis.ContainerStateMachine (ContainerStateMachine.java:takeSnapshot(315)) - group-A09AEB66014F: Finished taking a snapshot at:(t:1, i:0) file:/home/runner/work/ozone/ozone/hadoop-ozone/integration-test/target/test-dir/MiniOzoneClusterImpl-8e06ede3-228e-44b7-a612-3acc89ebc779/datanode-0/data/ratis/6a7aadb6-ec28-4675-a933-a09aeb66014f/sm/snapshot.1_0 took: 2 ms
2022-11-08 06:34:09,531 [7cdbd1b5-097b-4b08-9783-327855de8893@group-A09AEB66014F-StateMachineUpdater] INFO  impl.StateMachineUpdater (StateMachineUpdater.java:takeSnapshot(287)) - 7cdbd1b5-097b-4b08-9783-327855de8893@group-A09AEB66014F-StateMachineUpdater: Took a snapshot at index 0
2022-11-08 06:34:09,531 [7cdbd1b5-097b-4b08-9783-327855de8893@group-A09AEB66014F-StateMachineUpdater] INFO  impl.StateMachineUpdater (StateMachineUpdater.java:lambda$new$0(92)) - 7cdbd1b5-097b-4b08-9783-327855de8893@group-A09AEB66014F-StateMachineUpdater: snapshotIndex: updateIncreasingly -1 -> 0
2022-11-08 06:34:09,532 [Command processor thread] INFO  server.RaftServer$Division (ServerState.java:close(466)) - 7cdbd1b5-097b-4b08-9783-327855de8893@group-A09AEB66014F: closes. applyIndex: 0
2022-11-08 06:34:09,532 [7cdbd1b5-097b-4b08-9783-327855de8893@group-A09AEB66014F-SegmentedRaftLogWorker] INFO  segmented.SegmentedRaftLogWorker (SegmentedRaftLogWorker.java:run(345)) - 7cdbd1b5-097b-4b08-9783-327855de8893@group-A09AEB66014F-SegmentedRaftLogWorker was interrupted, exiting. There are 0 tasks remaining in the queue.
2022-11-08 06:34:09,533 [Command processor thread] INFO  segmented.SegmentedRaftLogWorker (SegmentedRaftLogWorker.java:close(255)) - 7cdbd1b5-097b-4b08-9783-327855de8893@group-A09AEB66014F-SegmentedRaftLogWorker close()
2022-11-08 06:34:09,539 [Command processor thread] INFO  server.RaftServer$Division (RaftServerImpl.java:groupRemove(428)) - 7cdbd1b5-097b-4b08-9783-327855de8893@group-A09AEB66014F: Succeed to remove RaftStorageDirectory Storage Directory /home/runner/work/ozone/ozone/hadoop-ozone/integration-test/target/test-dir/MiniOzoneClusterImpl-8e06ede3-228e-44b7-a612-3acc89ebc779/datanode-0/data/ratis/6a7aadb6-ec28-4675-a933-a09aeb66014f
2022-11-08 06:34:09,539 [Command processor thread] INFO  commandhandler.ClosePipelineCommandHandler (ClosePipelineCommandHandler.java:handle(78)) - Close Pipeline PipelineID=6a7aadb6-ec28-4675-a933-a09aeb66014f command on datanode 7cdbd1b5-097b-4b08-9783-327855de8893.
2022-11-08 06:34:09,540 [Command processor thread] INFO  server.RaftServer (RaftServerProxy.java:remove(107)) - 7cdbd1b5-097b-4b08-9783-327855de8893: remove  FOLLOWER 7cdbd1b5-097b-4b08-9783-327855de8893@group-10203FD77499:t2, leader=f5a08da9-e999-4666-9813-af0703791aee, voted=f5a08da9-e999-4666-9813-af0703791aee, raftlog=Memoized:7cdbd1b5-097b-4b08-9783-327855de8893@group-10203FD77499-SegmentedRaftLog:OPENED:c0, conf=0: peers:[7cdbd1b5-097b-4b08-9783-327855de8893|rpc:10.1.0.244:38963|dataStream:|priority:0|startupRole:FOLLOWER, f5a08da9-e999-4666-9813-af0703791aee|rpc:10.1.0.244:37541|dataStream:|priority:1|startupRole:FOLLOWER, 73b7dc0c-af7c-46fd-8914-03b4db151d45|rpc:10.1.0.244:39667|dataStream:|priority:0|startupRole:FOLLOWER]|listeners:[], old=null RUNNING
2022-11-08 06:34:09,540 [Command processor thread] INFO  server.RaftServer$Division (RaftServerImpl.java:lambda$close$4(458)) - 7cdbd1b5-097b-4b08-9783-327855de8893@group-10203FD77499: shutdown
2022-11-08 06:34:09,540 [Command processor thread] INFO  util.JmxRegister (JmxRegister.java:unregister(73)) - Successfully un-registered JMX Bean with object name Ratis:service=RaftServer,group=group-10203FD77499,id=7cdbd1b5-097b-4b08-9783-327855de8893
2022-11-08 06:34:09,540 [Command processor thread] INFO  impl.RoleInfo (RoleInfo.java:shutdownFollowerState(110)) - 7cdbd1b5-097b-4b08-9783-327855de8893: shutdown 7cdbd1b5-097b-4b08-9783-327855de8893@group-10203FD77499-FollowerState
2022-11-08 06:34:09,540 [7cdbd1b5-097b-4b08-9783-327855de8893@group-10203FD77499-FollowerState] INFO  impl.FollowerState (FollowerState.java:run(152)) - 7cdbd1b5-097b-4b08-9783-327855de8893@group-10203FD77499-FollowerState was interrupted
2022-11-08 06:34:09,541 [Command processor thread] INFO  impl.StateMachineUpdater (StateMachineUpdater.java:stopAndJoin(153)) - 7cdbd1b5-097b-4b08-9783-327855de8893@group-10203FD77499-StateMachineUpdater: set stopIndex = 0
2022-11-08 06:34:09,541 [7cdbd1b5-097b-4b08-9783-327855de8893@group-10203FD77499-StateMachineUpdater] INFO  ratis.ContainerStateMachine (ContainerStateMachine.java:takeSnapshot(304)) - group-10203FD77499: Taking a snapshot at:(t:2, i:0) file /home/runner/work/ozone/ozone/hadoop-ozone/integration-test/target/test-dir/MiniOzoneClusterImpl-8e06ede3-228e-44b7-a612-3acc89ebc779/datanode-0/data/ratis/c7bdac37-5e27-4073-b229-10203fd77499/sm/snapshot.2_0
2022-11-08 06:34:09,542 [7cdbd1b5-097b-4b08-9783-327855de8893@group-10203FD77499-StateMachineUpdater] INFO  ratis.ContainerStateMachine (ContainerStateMachine.java:takeSnapshot(315)) - group-10203FD77499: Finished taking a snapshot at:(t:2, i:0) file:/home/runner/work/ozone/ozone/hadoop-ozone/integration-test/target/test-dir/MiniOzoneClusterImpl-8e06ede3-228e-44b7-a612-3acc89ebc779/datanode-0/data/ratis/c7bdac37-5e27-4073-b229-10203fd77499/sm/snapshot.2_0 took: 1 ms
2022-11-08 06:34:09,542 [7cdbd1b5-097b-4b08-9783-327855de8893@group-10203FD77499-StateMachineUpdater] INFO  impl.StateMachineUpdater (StateMachineUpdater.java:takeSnapshot(287)) - 7cdbd1b5-097b-4b08-9783-327855de8893@group-10203FD77499-StateMachineUpdater: Took a snapshot at index 0
2022-11-08 06:34:09,542 [7cdbd1b5-097b-4b08-9783-327855de8893@group-10203FD77499-StateMachineUpdater] INFO  impl.StateMachineUpdater (StateMachineUpdater.java:lambda$new$0(92)) - 7cdbd1b5-097b-4b08-9783-327855de8893@group-10203FD77499-StateMachineUpdater: snapshotIndex: updateIncreasingly -1 -> 0
2022-11-08 06:34:09,542 [Command processor thread] INFO  server.RaftServer$Division (ServerState.java:close(466)) - 7cdbd1b5-097b-4b08-9783-327855de8893@group-10203FD77499: closes. applyIndex: 0
2022-11-08 06:34:09,542 [7cdbd1b5-097b-4b08-9783-327855de8893@group-10203FD77499-SegmentedRaftLogWorker] INFO  segmented.SegmentedRaftLogWorker (SegmentedRaftLogWorker.java:run(345)) - 7cdbd1b5-097b-4b08-9783-327855de8893@group-10203FD77499-SegmentedRaftLogWorker was interrupted, exiting. There are 0 tasks remaining in the queue.
2022-11-08 06:34:09,543 [Command processor thread] INFO  segmented.SegmentedRaftLogWorker (SegmentedRaftLogWorker.java:close(255)) - 7cdbd1b5-097b-4b08-9783-327855de8893@group-10203FD77499-SegmentedRaftLogWorker close()
2022-11-08 06:34:09,546 [Command processor thread] INFO  server.RaftServer$Division (RaftServerImpl.java:groupRemove(428)) - 7cdbd1b5-097b-4b08-9783-327855de8893@group-10203FD77499: Succeed to remove RaftStorageDirectory Storage Directory /home/runner/work/ozone/ozone/hadoop-ozone/integration-test/target/test-dir/MiniOzoneClusterImpl-8e06ede3-228e-44b7-a612-3acc89ebc779/datanode-0/data/ratis/c7bdac37-5e27-4073-b229-10203fd77499
2022-11-08 06:34:09,546 [Command processor thread] INFO  commandhandler.ClosePipelineCommandHandler (ClosePipelineCommandHandler.java:handle(78)) - Close Pipeline PipelineID=c7bdac37-5e27-4073-b229-10203fd77499 command on datanode 7cdbd1b5-097b-4b08-9783-327855de8893.
2022-11-08 06:34:09,618 [Command processor thread] INFO  server.RaftServer (RaftServerProxy.java:remove(107)) - f5a08da9-e999-4666-9813-af0703791aee: remove  FOLLOWER f5a08da9-e999-4666-9813-af0703791aee@group-A09AEB66014F:t1, leader=73b7dc0c-af7c-46fd-8914-03b4db151d45, voted=73b7dc0c-af7c-46fd-8914-03b4db151d45, raftlog=Memoized:f5a08da9-e999-4666-9813-af0703791aee@group-A09AEB66014F-SegmentedRaftLog:OPENED:c0, conf=0: peers:[7cdbd1b5-097b-4b08-9783-327855de8893|rpc:10.1.0.244:38963|dataStream:|priority:0|startupRole:FOLLOWER, f5a08da9-e999-4666-9813-af0703791aee|rpc:10.1.0.244:37541|dataStream:|priority:0|startupRole:FOLLOWER, 73b7dc0c-af7c-46fd-8914-03b4db151d45|rpc:10.1.0.244:39667|dataStream:|priority:1|startupRole:FOLLOWER]|listeners:[], old=null RUNNING
2022-11-08 06:34:09,618 [Command processor thread] INFO  server.RaftServer$Division (RaftServerImpl.java:lambda$close$4(458)) - f5a08da9-e999-4666-9813-af0703791aee@group-A09AEB66014F: shutdown
2022-11-08 06:34:09,618 [Command processor thread] INFO  util.JmxRegister (JmxRegister.java:unregister(73)) - Successfully un-registered JMX Bean with object name Ratis:service=RaftServer,group=group-A09AEB66014F,id=f5a08da9-e999-4666-9813-af0703791aee
2022-11-08 06:34:09,618 [Command processor thread] INFO  impl.RoleInfo (RoleInfo.java:shutdownFollowerState(110)) - f5a08da9-e999-4666-9813-af0703791aee: shutdown f5a08da9-e999-4666-9813-af0703791aee@group-A09AEB66014F-FollowerState
2022-11-08 06:34:09,618 [Command processor thread] INFO  impl.StateMachineUpdater (StateMachineUpdater.java:stopAndJoin(153)) - f5a08da9-e999-4666-9813-af0703791aee@group-A09AEB66014F-StateMachineUpdater: set stopIndex = 0
2022-11-08 06:34:09,618 [f5a08da9-e999-4666-9813-af0703791aee@group-A09AEB66014F-FollowerState] INFO  impl.FollowerState (FollowerState.java:run(152)) - f5a08da9-e999-4666-9813-af0703791aee@group-A09AEB66014F-FollowerState was interrupted
2022-11-08 06:34:09,620 [f5a08da9-e999-4666-9813-af0703791aee@group-A09AEB66014F-StateMachineUpdater] INFO  ratis.ContainerStateMachine (ContainerStateMachine.java:takeSnapshot(304)) - group-A09AEB66014F: Taking a snapshot at:(t:1, i:0) file /home/runner/work/ozone/ozone/hadoop-ozone/integration-test/target/test-dir/MiniOzoneClusterImpl-8e06ede3-228e-44b7-a612-3acc89ebc779/datanode-1/data/ratis/6a7aadb6-ec28-4675-a933-a09aeb66014f/sm/snapshot.1_0
2022-11-08 06:34:09,621 [f5a08da9-e999-4666-9813-af0703791aee@group-A09AEB66014F-StateMachineUpdater] INFO  ratis.ContainerStateMachine (ContainerStateMachine.java:takeSnapshot(315)) - group-A09AEB66014F: Finished taking a snapshot at:(t:1, i:0) file:/home/runner/work/ozone/ozone/hadoop-ozone/integration-test/target/test-dir/MiniOzoneClusterImpl-8e06ede3-228e-44b7-a612-3acc89ebc779/datanode-1/data/ratis/6a7aadb6-ec28-4675-a933-a09aeb66014f/sm/snapshot.1_0 took: 1 ms
2022-11-08 06:34:09,621 [f5a08da9-e999-4666-9813-af0703791aee@group-A09AEB66014F-StateMachineUpdater] INFO  impl.StateMachineUpdater (StateMachineUpdater.java:takeSnapshot(287)) - f5a08da9-e999-4666-9813-af0703791aee@group-A09AEB66014F-StateMachineUpdater: Took a snapshot at index 0
2022-11-08 06:34:09,621 [f5a08da9-e999-4666-9813-af0703791aee@group-A09AEB66014F-StateMachineUpdater] INFO  impl.StateMachineUpdater (StateMachineUpdater.java:lambda$new$0(92)) - f5a08da9-e999-4666-9813-af0703791aee@group-A09AEB66014F-StateMachineUpdater: snapshotIndex: updateIncreasingly -1 -> 0
2022-11-08 06:34:09,621 [Command processor thread] INFO  server.RaftServer$Division (ServerState.java:close(466)) - f5a08da9-e999-4666-9813-af0703791aee@group-A09AEB66014F: closes. applyIndex: 0
2022-11-08 06:34:09,622 [f5a08da9-e999-4666-9813-af0703791aee@group-A09AEB66014F-SegmentedRaftLogWorker] INFO  segmented.SegmentedRaftLogWorker (SegmentedRaftLogWorker.java:run(345)) - f5a08da9-e999-4666-9813-af0703791aee@group-A09AEB66014F-SegmentedRaftLogWorker was interrupted, exiting. There are 0 tasks remaining in the queue.
2022-11-08 06:34:09,623 [Command processor thread] INFO  segmented.SegmentedRaftLogWorker (SegmentedRaftLogWorker.java:close(255)) - f5a08da9-e999-4666-9813-af0703791aee@group-A09AEB66014F-SegmentedRaftLogWorker close()
2022-11-08 06:34:09,625 [Command processor thread] INFO  server.RaftServer$Division (RaftServerImpl.java:groupRemove(428)) - f5a08da9-e999-4666-9813-af0703791aee@group-A09AEB66014F: Succeed to remove RaftStorageDirectory Storage Directory /home/runner/work/ozone/ozone/hadoop-ozone/integration-test/target/test-dir/MiniOzoneClusterImpl-8e06ede3-228e-44b7-a612-3acc89ebc779/datanode-1/data/ratis/6a7aadb6-ec28-4675-a933-a09aeb66014f
2022-11-08 06:34:09,625 [Command processor thread] INFO  commandhandler.ClosePipelineCommandHandler (ClosePipelineCommandHandler.java:handle(78)) - Close Pipeline PipelineID=6a7aadb6-ec28-4675-a933-a09aeb66014f command on datanode f5a08da9-e999-4666-9813-af0703791aee.
2022-11-08 06:34:09,625 [Command processor thread] INFO  server.RaftServer (RaftServerProxy.java:remove(107)) - f5a08da9-e999-4666-9813-af0703791aee: remove    LEADER f5a08da9-e999-4666-9813-af0703791aee@group-10203FD77499:t2, leader=f5a08da9-e999-4666-9813-af0703791aee, voted=f5a08da9-e999-4666-9813-af0703791aee, raftlog=Memoized:f5a08da9-e999-4666-9813-af0703791aee@group-10203FD77499-SegmentedRaftLog:OPENED:c0, conf=0: peers:[7cdbd1b5-097b-4b08-9783-327855de8893|rpc:10.1.0.244:38963|dataStream:|priority:0|startupRole:FOLLOWER, f5a08da9-e999-4666-9813-af0703791aee|rpc:10.1.0.244:37541|dataStream:|priority:1|startupRole:FOLLOWER, 73b7dc0c-af7c-46fd-8914-03b4db151d45|rpc:10.1.0.244:39667|dataStream:|priority:0|startupRole:FOLLOWER]|listeners:[], old=null RUNNING
2022-11-08 06:34:09,625 [Command processor thread] INFO  server.RaftServer$Division (RaftServerImpl.java:lambda$close$4(458)) - f5a08da9-e999-4666-9813-af0703791aee@group-10203FD77499: shutdown
2022-11-08 06:34:09,625 [Command processor thread] INFO  util.JmxRegister (JmxRegister.java:unregister(73)) - Successfully un-registered JMX Bean with object name Ratis:service=RaftServer,group=group-10203FD77499,id=f5a08da9-e999-4666-9813-af0703791aee
2022-11-08 06:34:09,625 [Command processor thread] INFO  impl.RoleInfo (RoleInfo.java:shutdownLeaderState(93)) - f5a08da9-e999-4666-9813-af0703791aee: shutdown f5a08da9-e999-4666-9813-af0703791aee@group-10203FD77499-LeaderStateImpl
2022-11-08 06:34:09,625 [f5a08da9-e999-4666-9813-af0703791aee@group-10203FD77499->7cdbd1b5-097b-4b08-9783-327855de8893-GrpcLogAppender-LogAppenderDaemon] WARN  server.GrpcLogAppender (GrpcLogAppender.java:mayWait(200)) - f5a08da9-e999-4666-9813-af0703791aee@group-10203FD77499->7cdbd1b5-097b-4b08-9783-327855de8893-GrpcLogAppender: Wait interrupted by java.lang.InterruptedException
2022-11-08 06:34:09,625 [Command processor thread] INFO  impl.PendingRequests (PendingRequests.java:sendNotLeaderResponses(282)) - f5a08da9-e999-4666-9813-af0703791aee@group-10203FD77499-PendingRequests: sendNotLeaderResponses
2022-11-08 06:34:09,626 [grpc-default-executor-0] INFO  server.GrpcServerProtocolService (GrpcServerProtocolService.java:onCompleted(145)) - 7cdbd1b5-097b-4b08-9783-327855de8893: Completed APPEND_ENTRIES, lastRequest: null
2022-11-08 06:34:09,625 [f5a08da9-e999-4666-9813-af0703791aee@group-10203FD77499->73b7dc0c-af7c-46fd-8914-03b4db151d45-GrpcLogAppender-LogAppenderDaemon] WARN  server.GrpcLogAppender (GrpcLogAppender.java:mayWait(200)) - f5a08da9-e999-4666-9813-af0703791aee@group-10203FD77499->73b7dc0c-af7c-46fd-8914-03b4db151d45-GrpcLogAppender: Wait interrupted by java.lang.InterruptedException
2022-11-08 06:34:09,626 [grpc-default-executor-4] INFO  server.GrpcServerProtocolService (GrpcServerProtocolService.java:onCompleted(145)) - 7cdbd1b5-097b-4b08-9783-327855de8893: Completed APPEND_ENTRIES, lastRequest: f5a08da9-e999-4666-9813-af0703791aee->7cdbd1b5-097b-4b08-9783-327855de8893#1-t2,previous=(t:0, i:0),leaderCommit=0,initializing? true,entries: size=1, first=(t:2, i:0), CONFIGURATIONENTRY(current:id: "7cdbd1b5-097b-4b08-9783-327855de8893"
address: "10.1.0.244:38963"
clientAddress: "10.1.0.244:38963"
adminAddress: "10.1.0.244:38963"
startupRole: FOLLOWER
,id: "f5a08da9-e999-4666-9813-af0703791aee"
address: "10.1.0.244:37541"
priority: 1
clientAddress: "10.1.0.244:37541"
adminAddress: "10.1.0.244:37541"
startupRole: FOLLOWER
,id: "73b7dc0c-af7c-46fd-8914-03b4db151d45"
address: "10.1.0.244:39667"
clientAddress: "10.1.0.244:39667"
adminAddress: "10.1.0.244:39667"
startupRole: FOLLOWER
, old:)
2022-11-08 06:34:09,628 [grpc-default-executor-1] INFO  server.GrpcServerProtocolService (GrpcServerProtocolService.java:onCompleted(145)) - 73b7dc0c-af7c-46fd-8914-03b4db151d45: Completed APPEND_ENTRIES, lastRequest: f5a08da9-e999-4666-9813-af0703791aee->73b7dc0c-af7c-46fd-8914-03b4db151d45#1-t2,previous=(t:0, i:0),leaderCommit=0,initializing? true,entries: size=1, first=(t:2, i:0), CONFIGURATIONENTRY(current:id: "7cdbd1b5-097b-4b08-9783-327855de8893"
address: "10.1.0.244:38963"
clientAddress: "10.1.0.244:38963"
adminAddress: "10.1.0.244:38963"
startupRole: FOLLOWER
,id: "f5a08da9-e999-4666-9813-af0703791aee"
address: "10.1.0.244:37541"
priority: 1
clientAddress: "10.1.0.244:37541"
adminAddress: "10.1.0.244:37541"
startupRole: FOLLOWER
,id: "73b7dc0c-af7c-46fd-8914-03b4db151d45"
address: "10.1.0.244:39667"
clientAddress: "10.1.0.244:39667"
adminAddress: "10.1.0.244:39667"
startupRole: FOLLOWER
, old:)
2022-11-08 06:34:09,628 [grpc-default-executor-2] INFO  server.GrpcLogAppender (GrpcLogAppender.java:onCompleted(415)) - f5a08da9-e999-4666-9813-af0703791aee@group-10203FD77499->7cdbd1b5-097b-4b08-9783-327855de8893-AppendLogResponseHandler: follower responses appendEntries COMPLETED
2022-11-08 06:34:09,628 [grpc-default-executor-2] INFO  leader.FollowerInfo (FollowerInfoImpl.java:lambda$new$0(48)) - f5a08da9-e999-4666-9813-af0703791aee@group-10203FD77499->7cdbd1b5-097b-4b08-9783-327855de8893: nextIndex: updateUnconditionally 1 -> 0
2022-11-08 06:34:09,628 [grpc-default-executor-2] INFO  server.GrpcLogAppender (GrpcLogAppender.java:onCompleted(415)) - f5a08da9-e999-4666-9813-af0703791aee@group-10203FD77499->7cdbd1b5-097b-4b08-9783-327855de8893-AppendLogResponseHandler: follower responses appendEntries COMPLETED
2022-11-08 06:34:09,629 [grpc-default-executor-2] INFO  leader.FollowerInfo (FollowerInfoImpl.java:lambda$new$0(48)) - f5a08da9-e999-4666-9813-af0703791aee@group-10203FD77499->7cdbd1b5-097b-4b08-9783-327855de8893: nextIndex: updateUnconditionally 0 -> 0
2022-11-08 06:34:09,629 [grpc-default-executor-1] INFO  server.GrpcServerProtocolService (GrpcServerProtocolService.java:onCompleted(145)) - 73b7dc0c-af7c-46fd-8914-03b4db151d45: Completed APPEND_ENTRIES, lastRequest: null
2022-11-08 06:34:09,629 [grpc-default-executor-0] INFO  server.GrpcLogAppender (GrpcLogAppender.java:onCompleted(415)) - f5a08da9-e999-4666-9813-af0703791aee@group-10203FD77499->73b7dc0c-af7c-46fd-8914-03b4db151d45-AppendLogResponseHandler: follower responses appendEntries COMPLETED
2022-11-08 06:34:09,629 [grpc-default-executor-0] INFO  leader.FollowerInfo (FollowerInfoImpl.java:lambda$new$0(48)) - f5a08da9-e999-4666-9813-af0703791aee@group-10203FD77499->73b7dc0c-af7c-46fd-8914-03b4db151d45: nextIndex: updateUnconditionally 1 -> 0
2022-11-08 06:34:09,630 [grpc-default-executor-1] INFO  server.GrpcLogAppender (GrpcLogAppender.java:onCompleted(415)) - f5a08da9-e999-4666-9813-af0703791aee@group-10203FD77499->73b7dc0c-af7c-46fd-8914-03b4db151d45-AppendLogResponseHandler: follower responses appendEntries COMPLETED
2022-11-08 06:34:09,631 [grpc-default-executor-1] INFO  leader.FollowerInfo (FollowerInfoImpl.java:lambda$new$0(48)) - f5a08da9-e999-4666-9813-af0703791aee@group-10203FD77499->73b7dc0c-af7c-46fd-8914-03b4db151d45: nextIndex: updateUnconditionally 0 -> 0
2022-11-08 06:34:09,631 [f5a08da9-e999-4666-9813-af0703791aee@group-10203FD77499-StateMachineUpdater] INFO  ratis.ContainerStateMachine (ContainerStateMachine.java:takeSnapshot(304)) - group-10203FD77499: Taking a snapshot at:(t:2, i:0) file /home/runner/work/ozone/ozone/hadoop-ozone/integration-test/target/test-dir/MiniOzoneClusterImpl-8e06ede3-228e-44b7-a612-3acc89ebc779/datanode-1/data/ratis/c7bdac37-5e27-4073-b229-10203fd77499/sm/snapshot.2_0
2022-11-08 06:34:09,631 [Command processor thread] INFO  impl.StateMachineUpdater (StateMachineUpdater.java:stopAndJoin(153)) - f5a08da9-e999-4666-9813-af0703791aee@group-10203FD77499-StateMachineUpdater: set stopIndex = 0
2022-11-08 06:34:09,632 [f5a08da9-e999-4666-9813-af0703791aee@group-10203FD77499-StateMachineUpdater] INFO  ratis.ContainerStateMachine (ContainerStateMachine.java:takeSnapshot(315)) - group-10203FD77499: Finished taking a snapshot at:(t:2, i:0) file:/home/runner/work/ozone/ozone/hadoop-ozone/integration-test/target/test-dir/MiniOzoneClusterImpl-8e06ede3-228e-44b7-a612-3acc89ebc779/datanode-1/data/ratis/c7bdac37-5e27-4073-b229-10203fd77499/sm/snapshot.2_0 took: 1 ms
2022-11-08 06:34:09,633 [f5a08da9-e999-4666-9813-af0703791aee@group-10203FD77499-StateMachineUpdater] INFO  impl.StateMachineUpdater (StateMachineUpdater.java:takeSnapshot(287)) - f5a08da9-e999-4666-9813-af0703791aee@group-10203FD77499-StateMachineUpdater: Took a snapshot at index 0
2022-11-08 06:34:09,633 [f5a08da9-e999-4666-9813-af0703791aee@group-10203FD77499-StateMachineUpdater] INFO  impl.StateMachineUpdater (StateMachineUpdater.java:lambda$new$0(92)) - f5a08da9-e999-4666-9813-af0703791aee@group-10203FD77499-StateMachineUpdater: snapshotIndex: updateIncreasingly -1 -> 0
2022-11-08 06:34:09,633 [Command processor thread] INFO  server.RaftServer$Division (ServerState.java:close(466)) - f5a08da9-e999-4666-9813-af0703791aee@group-10203FD77499: closes. applyIndex: 0
2022-11-08 06:34:09,633 [f5a08da9-e999-4666-9813-af0703791aee@group-10203FD77499-SegmentedRaftLogWorker] INFO  segmented.SegmentedRaftLogWorker (SegmentedRaftLogWorker.java:run(345)) - f5a08da9-e999-4666-9813-af0703791aee@group-10203FD77499-SegmentedRaftLogWorker was interrupted, exiting. There are 0 tasks remaining in the queue.
2022-11-08 06:34:09,634 [Command processor thread] INFO  segmented.SegmentedRaftLogWorker (SegmentedRaftLogWorker.java:close(255)) - f5a08da9-e999-4666-9813-af0703791aee@group-10203FD77499-SegmentedRaftLogWorker close()
2022-11-08 06:34:09,636 [Command processor thread] INFO  server.RaftServer$Division (RaftServerImpl.java:groupRemove(428)) - f5a08da9-e999-4666-9813-af0703791aee@group-10203FD77499: Succeed to remove RaftStorageDirectory Storage Directory /home/runner/work/ozone/ozone/hadoop-ozone/integration-test/target/test-dir/MiniOzoneClusterImpl-8e06ede3-228e-44b7-a612-3acc89ebc779/datanode-1/data/ratis/c7bdac37-5e27-4073-b229-10203fd77499
2022-11-08 06:34:09,636 [Command processor thread] INFO  commandhandler.ClosePipelineCommandHandler (ClosePipelineCommandHandler.java:handle(78)) - Close Pipeline PipelineID=c7bdac37-5e27-4073-b229-10203fd77499 command on datanode f5a08da9-e999-4666-9813-af0703791aee.
2022-11-08 06:34:12,827 [8077194d-366f-483b-b4d6-5a7a28c3c7f8@group-FBDB94237A5E-FollowerState] INFO  impl.FollowerState (FollowerState.java:run(143)) - 8077194d-366f-483b-b4d6-5a7a28c3c7f8@group-FBDB94237A5E-FollowerState: change to CANDIDATE, lastRpcElapsedTime:5056760204ns, electionTimeout:5056ms
2022-11-08 06:34:12,827 [8077194d-366f-483b-b4d6-5a7a28c3c7f8@group-FBDB94237A5E-FollowerState] INFO  impl.RoleInfo (RoleInfo.java:shutdownFollowerState(110)) - 8077194d-366f-483b-b4d6-5a7a28c3c7f8: shutdown 8077194d-366f-483b-b4d6-5a7a28c3c7f8@group-FBDB94237A5E-FollowerState
2022-11-08 06:34:12,827 [8077194d-366f-483b-b4d6-5a7a28c3c7f8@group-FBDB94237A5E-FollowerState] INFO  server.RaftServer$Division (RaftServerImpl.java:setRole(321)) - 8077194d-366f-483b-b4d6-5a7a28c3c7f8@group-FBDB94237A5E: changes role from  FOLLOWER to CANDIDATE at term 2 for changeToCandidate
2022-11-08 06:34:12,827 [8077194d-366f-483b-b4d6-5a7a28c3c7f8@group-FBDB94237A5E-FollowerState] INFO  server.RaftServerConfigKeys (ConfUtils.java:logGet(46)) - raft.server.leaderelection.pre-vote = false (custom)
2022-11-08 06:34:12,827 [8077194d-366f-483b-b4d6-5a7a28c3c7f8@group-FBDB94237A5E-FollowerState] INFO  impl.RoleInfo (RoleInfo.java:updateAndGet(139)) - 8077194d-366f-483b-b4d6-5a7a28c3c7f8: start 8077194d-366f-483b-b4d6-5a7a28c3c7f8@group-FBDB94237A5E-LeaderElection38
2022-11-08 06:34:12,832 [8077194d-366f-483b-b4d6-5a7a28c3c7f8@group-FBDB94237A5E-LeaderElection38] INFO  impl.LeaderElection (LeaderElection.java:askForVotes(312)) - 8077194d-366f-483b-b4d6-5a7a28c3c7f8@group-FBDB94237A5E-LeaderElection38 ELECTION round 0: submit vote requests at term 3 for -1: peers:[193b940e-06e0-49a5-9247-5c39d5b56c1b|rpc:10.1.0.244:41285|priority:1|startupRole:FOLLOWER, d15a650e-2ebd-40cb-9b6d-ba61193ce2f9|rpc:10.1.0.244:33395|priority:0|startupRole:FOLLOWER, 8077194d-366f-483b-b4d6-5a7a28c3c7f8|rpc:10.1.0.244:38223|priority:0|startupRole:FOLLOWER]|listeners:[], old=null
2022-11-08 06:34:12,833 [8077194d-366f-483b-b4d6-5a7a28c3c7f8@group-FBDB94237A5E-LeaderElection38] INFO  server.RaftServerConfigKeys (ConfUtils.java:logFallback(53)) - raft.server.rpc.first-election.timeout.min = 5s (fallback to raft.server.rpc.timeout.min)
2022-11-08 06:34:12,833 [8077194d-366f-483b-b4d6-5a7a28c3c7f8@group-FBDB94237A5E-LeaderElection38] INFO  server.RaftServerConfigKeys (ConfUtils.java:logFallback(53)) - raft.server.rpc.first-election.timeout.max = 5200ms (fallback to raft.server.rpc.timeout.max)
2022-11-08 06:34:12,834 [grpc-default-executor-1] INFO  server.RaftServer$Division (RaftServerImpl.java:requestVote(1218)) - 193b940e-06e0-49a5-9247-5c39d5b56c1b@group-FBDB94237A5E: receive requestVote(ELECTION, 8077194d-366f-483b-b4d6-5a7a28c3c7f8, group-FBDB94237A5E, 3, (t:0, i:0))
2022-11-08 06:34:12,836 [grpc-default-executor-1] INFO  impl.VoteContext (VoteContext.java:log(48)) - 193b940e-06e0-49a5-9247-5c39d5b56c1b@group-FBDB94237A5E-FOLLOWER: reject ELECTION from 8077194d-366f-483b-b4d6-5a7a28c3c7f8: our priority 1 > candidate's priority 0
2022-11-08 06:34:12,836 [grpc-default-executor-1] INFO  server.RaftServer$Division (RaftServerImpl.java:setRole(321)) - 193b940e-06e0-49a5-9247-5c39d5b56c1b@group-FBDB94237A5E: changes role from  FOLLOWER to FOLLOWER at term 3 for candidate:8077194d-366f-483b-b4d6-5a7a28c3c7f8
2022-11-08 06:34:12,836 [grpc-default-executor-1] INFO  impl.RoleInfo (RoleInfo.java:shutdownFollowerState(110)) - 193b940e-06e0-49a5-9247-5c39d5b56c1b: shutdown 193b940e-06e0-49a5-9247-5c39d5b56c1b@group-FBDB94237A5E-FollowerState
2022-11-08 06:34:12,836 [grpc-default-executor-1] INFO  impl.RoleInfo (RoleInfo.java:updateAndGet(139)) - 193b940e-06e0-49a5-9247-5c39d5b56c1b: start 193b940e-06e0-49a5-9247-5c39d5b56c1b@group-FBDB94237A5E-FollowerState
2022-11-08 06:34:12,836 [193b940e-06e0-49a5-9247-5c39d5b56c1b@group-FBDB94237A5E-FollowerState] INFO  server.RaftServerConfigKeys (ConfUtils.java:logFallback(53)) - raft.server.rpc.first-election.timeout.min = 5s (fallback to raft.server.rpc.timeout.min)
2022-11-08 06:34:12,836 [193b940e-06e0-49a5-9247-5c39d5b56c1b@group-FBDB94237A5E-FollowerState] INFO  server.RaftServerConfigKeys (ConfUtils.java:logFallback(53)) - raft.server.rpc.first-election.timeout.max = 5200ms (fallback to raft.server.rpc.timeout.max)
2022-11-08 06:34:12,836 [193b940e-06e0-49a5-9247-5c39d5b56c1b@group-FBDB94237A5E-FollowerState] INFO  impl.FollowerState (FollowerState.java:run(152)) - 193b940e-06e0-49a5-9247-5c39d5b56c1b@group-FBDB94237A5E-FollowerState was interrupted
2022-11-08 06:34:12,838 [grpc-default-executor-4] INFO  server.RaftServer$Division (RaftServerImpl.java:requestVote(1218)) - d15a650e-2ebd-40cb-9b6d-ba61193ce2f9@group-FBDB94237A5E: receive requestVote(ELECTION, 8077194d-366f-483b-b4d6-5a7a28c3c7f8, group-FBDB94237A5E, 3, (t:0, i:0))
2022-11-08 06:34:12,838 [grpc-default-executor-4] INFO  impl.VoteContext (VoteContext.java:log(48)) - d15a650e-2ebd-40cb-9b6d-ba61193ce2f9@group-FBDB94237A5E-FOLLOWER: accept ELECTION from 8077194d-366f-483b-b4d6-5a7a28c3c7f8: our priority 0 <= candidate's priority 0
2022-11-08 06:34:12,838 [grpc-default-executor-1] INFO  server.RaftServer$Division (RaftServerImpl.java:requestVote(1251)) - 193b940e-06e0-49a5-9247-5c39d5b56c1b@group-FBDB94237A5E replies to ELECTION vote request: 8077194d-366f-483b-b4d6-5a7a28c3c7f8<-193b940e-06e0-49a5-9247-5c39d5b56c1b#0:FAIL-t3. Peer's state: 193b940e-06e0-49a5-9247-5c39d5b56c1b@group-FBDB94237A5E:t3, leader=null, voted=null, raftlog=Memoized:193b940e-06e0-49a5-9247-5c39d5b56c1b@group-FBDB94237A5E-SegmentedRaftLog:OPENED:c-1, conf=-1: peers:[193b940e-06e0-49a5-9247-5c39d5b56c1b|rpc:10.1.0.244:41285|dataStream:|priority:1|startupRole:FOLLOWER, d15a650e-2ebd-40cb-9b6d-ba61193ce2f9|rpc:10.1.0.244:33395|dataStream:|priority:0|startupRole:FOLLOWER, 8077194d-366f-483b-b4d6-5a7a28c3c7f8|rpc:10.1.0.244:38223|dataStream:|priority:0|startupRole:FOLLOWER]|listeners:[], old=null
2022-11-08 06:34:12,838 [grpc-default-executor-4] INFO  server.RaftServer$Division (RaftServerImpl.java:setRole(321)) - d15a650e-2ebd-40cb-9b6d-ba61193ce2f9@group-FBDB94237A5E: changes role from  FOLLOWER to FOLLOWER at term 3 for candidate:8077194d-366f-483b-b4d6-5a7a28c3c7f8
2022-11-08 06:34:12,838 [grpc-default-executor-4] INFO  impl.RoleInfo (RoleInfo.java:shutdownFollowerState(110)) - d15a650e-2ebd-40cb-9b6d-ba61193ce2f9: shutdown d15a650e-2ebd-40cb-9b6d-ba61193ce2f9@group-FBDB94237A5E-FollowerState
2022-11-08 06:34:12,838 [grpc-default-executor-4] INFO  impl.RoleInfo (RoleInfo.java:updateAndGet(139)) - d15a650e-2ebd-40cb-9b6d-ba61193ce2f9: start d15a650e-2ebd-40cb-9b6d-ba61193ce2f9@group-FBDB94237A5E-FollowerState
2022-11-08 06:34:12,838 [d15a650e-2ebd-40cb-9b6d-ba61193ce2f9@group-FBDB94237A5E-FollowerState] INFO  impl.FollowerState (FollowerState.java:run(152)) - d15a650e-2ebd-40cb-9b6d-ba61193ce2f9@group-FBDB94237A5E-FollowerState was interrupted
2022-11-08 06:34:12,846 [8077194d-366f-483b-b4d6-5a7a28c3c7f8@group-FBDB94237A5E-LeaderElection38] INFO  impl.LeaderElection (LeaderElection.java:logAndReturn(90)) - 8077194d-366f-483b-b4d6-5a7a28c3c7f8@group-FBDB94237A5E-LeaderElection38: ELECTION REJECTED received 1 response(s) and 0 exception(s):
2022-11-08 06:34:12,846 [8077194d-366f-483b-b4d6-5a7a28c3c7f8@group-FBDB94237A5E-LeaderElection38] INFO  impl.LeaderElection (LeaderElection.java:logAndReturn(94)) -   Response 0: 8077194d-366f-483b-b4d6-5a7a28c3c7f8<-193b940e-06e0-49a5-9247-5c39d5b56c1b#0:FAIL-t3
2022-11-08 06:34:12,846 [8077194d-366f-483b-b4d6-5a7a28c3c7f8@group-FBDB94237A5E-LeaderElection38] INFO  impl.LeaderElection (LeaderElection.java:askForVotes(314)) - 8077194d-366f-483b-b4d6-5a7a28c3c7f8@group-FBDB94237A5E-LeaderElection38 ELECTION round 0: result REJECTED
2022-11-08 06:34:12,846 [8077194d-366f-483b-b4d6-5a7a28c3c7f8@group-FBDB94237A5E-LeaderElection38] INFO  server.RaftServer$Division (RaftServerImpl.java:setRole(321)) - 8077194d-366f-483b-b4d6-5a7a28c3c7f8@group-FBDB94237A5E: changes role from CANDIDATE to FOLLOWER at term 3 for REJECTED
2022-11-08 06:34:12,846 [8077194d-366f-483b-b4d6-5a7a28c3c7f8@group-FBDB94237A5E-LeaderElection38] INFO  impl.RoleInfo (RoleInfo.java:shutdownLeaderElection(130)) - 8077194d-366f-483b-b4d6-5a7a28c3c7f8: shutdown 8077194d-366f-483b-b4d6-5a7a28c3c7f8@group-FBDB94237A5E-LeaderElection38
2022-11-08 06:34:12,846 [8077194d-366f-483b-b4d6-5a7a28c3c7f8@group-FBDB94237A5E-LeaderElection38] INFO  impl.RoleInfo (RoleInfo.java:updateAndGet(139)) - 8077194d-366f-483b-b4d6-5a7a28c3c7f8: start 8077194d-366f-483b-b4d6-5a7a28c3c7f8@group-FBDB94237A5E-FollowerState
2022-11-08 06:34:12,847 [8077194d-366f-483b-b4d6-5a7a28c3c7f8@group-FBDB94237A5E-FollowerState] INFO  server.RaftServerConfigKeys (ConfUtils.java:logFallback(53)) - raft.server.rpc.first-election.timeout.min = 5s (fallback to raft.server.rpc.timeout.min)
2022-11-08 06:34:12,847 [d15a650e-2ebd-40cb-9b6d-ba61193ce2f9@group-FBDB94237A5E-FollowerState] INFO  server.RaftServerConfigKeys (ConfUtils.java:logFallback(53)) - raft.server.rpc.first-election.timeout.min = 5s (fallback to raft.server.rpc.timeout.min)
2022-11-08 06:34:12,847 [d15a650e-2ebd-40cb-9b6d-ba61193ce2f9@group-FBDB94237A5E-FollowerState] INFO  server.RaftServerConfigKeys (ConfUtils.java:logFallback(53)) - raft.server.rpc.first-election.timeout.max = 5200ms (fallback to raft.server.rpc.timeout.max)
2022-11-08 06:34:12,847 [8077194d-366f-483b-b4d6-5a7a28c3c7f8@group-FBDB94237A5E-FollowerState] INFO  server.RaftServerConfigKeys (ConfUtils.java:logFallback(53)) - raft.server.rpc.first-election.timeout.max = 5200ms (fallback to raft.server.rpc.timeout.max)
2022-11-08 06:34:12,850 [grpc-default-executor-4] INFO  server.RaftServer$Division (RaftServerImpl.java:requestVote(1251)) - d15a650e-2ebd-40cb-9b6d-ba61193ce2f9@group-FBDB94237A5E replies to ELECTION vote request: 8077194d-366f-483b-b4d6-5a7a28c3c7f8<-d15a650e-2ebd-40cb-9b6d-ba61193ce2f9#0:OK-t3. Peer's state: d15a650e-2ebd-40cb-9b6d-ba61193ce2f9@group-FBDB94237A5E:t3, leader=null, voted=8077194d-366f-483b-b4d6-5a7a28c3c7f8, raftlog=Memoized:d15a650e-2ebd-40cb-9b6d-ba61193ce2f9@group-FBDB94237A5E-SegmentedRaftLog:OPENED:c-1, conf=-1: peers:[193b940e-06e0-49a5-9247-5c39d5b56c1b|rpc:10.1.0.244:41285|dataStream:|priority:1|startupRole:FOLLOWER, d15a650e-2ebd-40cb-9b6d-ba61193ce2f9|rpc:10.1.0.244:33395|dataStream:|priority:0|startupRole:FOLLOWER, 8077194d-366f-483b-b4d6-5a7a28c3c7f8|rpc:10.1.0.244:38223|dataStream:|priority:0|startupRole:FOLLOWER]|listeners:[], old=null
2022-11-08 06:34:17,865 [193b940e-06e0-49a5-9247-5c39d5b56c1b@group-FBDB94237A5E-FollowerState] INFO  impl.FollowerState (FollowerState.java:run(143)) - 193b940e-06e0-49a5-9247-5c39d5b56c1b@group-FBDB94237A5E-FollowerState: change to CANDIDATE, lastRpcElapsedTime:5029699491ns, electionTimeout:5029ms
2022-11-08 06:34:17,866 [193b940e-06e0-49a5-9247-5c39d5b56c1b@group-FBDB94237A5E-FollowerState] INFO  impl.RoleInfo (RoleInfo.java:shutdownFollowerState(110)) - 193b940e-06e0-49a5-9247-5c39d5b56c1b: shutdown 193b940e-06e0-49a5-9247-5c39d5b56c1b@group-FBDB94237A5E-FollowerState
2022-11-08 06:34:17,866 [193b940e-06e0-49a5-9247-5c39d5b56c1b@group-FBDB94237A5E-FollowerState] INFO  server.RaftServer$Division (RaftServerImpl.java:setRole(321)) - 193b940e-06e0-49a5-9247-5c39d5b56c1b@group-FBDB94237A5E: changes role from  FOLLOWER to CANDIDATE at term 3 for changeToCandidate
2022-11-08 06:34:17,866 [193b940e-06e0-49a5-9247-5c39d5b56c1b@group-FBDB94237A5E-FollowerState] INFO  server.RaftServerConfigKeys (ConfUtils.java:logGet(46)) - raft.server.leaderelection.pre-vote = false (custom)
2022-11-08 06:34:17,866 [193b940e-06e0-49a5-9247-5c39d5b56c1b@group-FBDB94237A5E-FollowerState] INFO  impl.RoleInfo (RoleInfo.java:updateAndGet(139)) - 193b940e-06e0-49a5-9247-5c39d5b56c1b: start 193b940e-06e0-49a5-9247-5c39d5b56c1b@group-FBDB94237A5E-LeaderElection39
2022-11-08 06:34:17,871 [193b940e-06e0-49a5-9247-5c39d5b56c1b@group-FBDB94237A5E-LeaderElection39] INFO  impl.LeaderElection (LeaderElection.java:askForVotes(312)) - 193b940e-06e0-49a5-9247-5c39d5b56c1b@group-FBDB94237A5E-LeaderElection39 ELECTION round 0: submit vote requests at term 4 for -1: peers:[193b940e-06e0-49a5-9247-5c39d5b56c1b|rpc:10.1.0.244:41285|dataStream:|priority:1|startupRole:FOLLOWER, d15a650e-2ebd-40cb-9b6d-ba61193ce2f9|rpc:10.1.0.244:33395|dataStream:|priority:0|startupRole:FOLLOWER, 8077194d-366f-483b-b4d6-5a7a28c3c7f8|rpc:10.1.0.244:38223|dataStream:|priority:0|startupRole:FOLLOWER]|listeners:[], old=null
2022-11-08 06:34:17,872 [193b940e-06e0-49a5-9247-5c39d5b56c1b@group-FBDB94237A5E-LeaderElection39-1] INFO  server.GrpcServerProtocolClient (GrpcServerProtocolClient.java:<init>(63)) - Build channel for d15a650e-2ebd-40cb-9b6d-ba61193ce2f9
2022-11-08 06:34:17,872 [193b940e-06e0-49a5-9247-5c39d5b56c1b@group-FBDB94237A5E-LeaderElection39] INFO  server.RaftServerConfigKeys (ConfUtils.java:logFallback(53)) - raft.server.rpc.first-election.timeout.min = 5s (fallback to raft.server.rpc.timeout.min)
2022-11-08 06:34:17,872 [193b940e-06e0-49a5-9247-5c39d5b56c1b@group-FBDB94237A5E-LeaderElection39] INFO  server.RaftServerConfigKeys (ConfUtils.java:logFallback(53)) - raft.server.rpc.first-election.timeout.max = 5200ms (fallback to raft.server.rpc.timeout.max)
2022-11-08 06:34:17,872 [193b940e-06e0-49a5-9247-5c39d5b56c1b@group-FBDB94237A5E-LeaderElection39-2] INFO  server.GrpcServerProtocolClient (GrpcServerProtocolClient.java:<init>(63)) - Build channel for 8077194d-366f-483b-b4d6-5a7a28c3c7f8
2022-11-08 06:34:17,878 [grpc-default-executor-4] INFO  server.RaftServer$Division (RaftServerImpl.java:requestVote(1218)) - 8077194d-366f-483b-b4d6-5a7a28c3c7f8@group-FBDB94237A5E: receive requestVote(ELECTION, 193b940e-06e0-49a5-9247-5c39d5b56c1b, group-FBDB94237A5E, 4, (t:0, i:0))
2022-11-08 06:34:17,878 [grpc-default-executor-4] INFO  impl.VoteContext (VoteContext.java:log(48)) - 8077194d-366f-483b-b4d6-5a7a28c3c7f8@group-FBDB94237A5E-FOLLOWER: accept ELECTION from 193b940e-06e0-49a5-9247-5c39d5b56c1b: our priority 0 <= candidate's priority 1
2022-11-08 06:34:17,878 [grpc-default-executor-4] INFO  server.RaftServer$Division (RaftServerImpl.java:setRole(321)) - 8077194d-366f-483b-b4d6-5a7a28c3c7f8@group-FBDB94237A5E: changes role from  FOLLOWER to FOLLOWER at term 4 for candidate:193b940e-06e0-49a5-9247-5c39d5b56c1b
2022-11-08 06:34:17,879 [grpc-default-executor-4] INFO  impl.RoleInfo (RoleInfo.java:shutdownFollowerState(110)) - 8077194d-366f-483b-b4d6-5a7a28c3c7f8: shutdown 8077194d-366f-483b-b4d6-5a7a28c3c7f8@group-FBDB94237A5E-FollowerState
2022-11-08 06:34:17,879 [grpc-default-executor-4] INFO  impl.RoleInfo (RoleInfo.java:updateAndGet(139)) - 8077194d-366f-483b-b4d6-5a7a28c3c7f8: start 8077194d-366f-483b-b4d6-5a7a28c3c7f8@group-FBDB94237A5E-FollowerState
2022-11-08 06:34:17,879 [8077194d-366f-483b-b4d6-5a7a28c3c7f8@group-FBDB94237A5E-FollowerState] INFO  impl.FollowerState (FollowerState.java:run(152)) - 8077194d-366f-483b-b4d6-5a7a28c3c7f8@group-FBDB94237A5E-FollowerState was interrupted
2022-11-08 06:34:17,879 [8077194d-366f-483b-b4d6-5a7a28c3c7f8@group-FBDB94237A5E-FollowerState] INFO  server.RaftServerConfigKeys (ConfUtils.java:logFallback(53)) - raft.server.rpc.first-election.timeout.min = 5s (fallback to raft.server.rpc.timeout.min)
2022-11-08 06:34:17,879 [8077194d-366f-483b-b4d6-5a7a28c3c7f8@group-FBDB94237A5E-FollowerState] INFO  server.RaftServerConfigKeys (ConfUtils.java:logFallback(53)) - raft.server.rpc.first-election.timeout.max = 5200ms (fallback to raft.server.rpc.timeout.max)
2022-11-08 06:34:17,881 [grpc-default-executor-4] INFO  server.RaftServer$Division (RaftServerImpl.java:requestVote(1251)) - 8077194d-366f-483b-b4d6-5a7a28c3c7f8@group-FBDB94237A5E replies to ELECTION vote request: 193b940e-06e0-49a5-9247-5c39d5b56c1b<-8077194d-366f-483b-b4d6-5a7a28c3c7f8#0:OK-t4. Peer's state: 8077194d-366f-483b-b4d6-5a7a28c3c7f8@group-FBDB94237A5E:t4, leader=null, voted=193b940e-06e0-49a5-9247-5c39d5b56c1b, raftlog=Memoized:8077194d-366f-483b-b4d6-5a7a28c3c7f8@group-FBDB94237A5E-SegmentedRaftLog:OPENED:c-1, conf=-1: peers:[193b940e-06e0-49a5-9247-5c39d5b56c1b|rpc:10.1.0.244:41285|priority:1|startupRole:FOLLOWER, d15a650e-2ebd-40cb-9b6d-ba61193ce2f9|rpc:10.1.0.244:33395|priority:0|startupRole:FOLLOWER, 8077194d-366f-483b-b4d6-5a7a28c3c7f8|rpc:10.1.0.244:38223|priority:0|startupRole:FOLLOWER]|listeners:[], old=null
2022-11-08 06:34:17,884 [193b940e-06e0-49a5-9247-5c39d5b56c1b@group-FBDB94237A5E-LeaderElection39] INFO  impl.LeaderElection (LeaderElection.java:logAndReturn(90)) - 193b940e-06e0-49a5-9247-5c39d5b56c1b@group-FBDB94237A5E-LeaderElection39: ELECTION PASSED received 1 response(s) and 0 exception(s):
2022-11-08 06:34:17,884 [193b940e-06e0-49a5-9247-5c39d5b56c1b@group-FBDB94237A5E-LeaderElection39] INFO  impl.LeaderElection (LeaderElection.java:logAndReturn(94)) -   Response 0: 193b940e-06e0-49a5-9247-5c39d5b56c1b<-8077194d-366f-483b-b4d6-5a7a28c3c7f8#0:OK-t4
2022-11-08 06:34:17,884 [193b940e-06e0-49a5-9247-5c39d5b56c1b@group-FBDB94237A5E-LeaderElection39] INFO  impl.LeaderElection (LeaderElection.java:askForVotes(314)) - 193b940e-06e0-49a5-9247-5c39d5b56c1b@group-FBDB94237A5E-LeaderElection39 ELECTION round 0: result PASSED
2022-11-08 06:34:17,884 [193b940e-06e0-49a5-9247-5c39d5b56c1b@group-FBDB94237A5E-LeaderElection39] INFO  impl.RoleInfo (RoleInfo.java:shutdownLeaderElection(130)) - 193b940e-06e0-49a5-9247-5c39d5b56c1b: shutdown 193b940e-06e0-49a5-9247-5c39d5b56c1b@group-FBDB94237A5E-LeaderElection39
2022-11-08 06:34:17,884 [193b940e-06e0-49a5-9247-5c39d5b56c1b@group-FBDB94237A5E-LeaderElection39] INFO  server.RaftServer$Division (RaftServerImpl.java:setRole(321)) - 193b940e-06e0-49a5-9247-5c39d5b56c1b@group-FBDB94237A5E: changes role from CANDIDATE to LEADER at term 4 for changeToLeader
2022-11-08 06:34:17,884 [193b940e-06e0-49a5-9247-5c39d5b56c1b@group-FBDB94237A5E-LeaderElection39] INFO  ratis.XceiverServerRatis (XceiverServerRatis.java:handleLeaderChangedNotification(863)) - Leader change notification received for group: group-FBDB94237A5E with new leaderId: 193b940e-06e0-49a5-9247-5c39d5b56c1b
2022-11-08 06:34:17,884 [193b940e-06e0-49a5-9247-5c39d5b56c1b@group-FBDB94237A5E-LeaderElection39] INFO  server.RaftServer$Division (ServerState.java:setLeader(313)) - 193b940e-06e0-49a5-9247-5c39d5b56c1b@group-FBDB94237A5E: change Leader from null to 193b940e-06e0-49a5-9247-5c39d5b56c1b at term 4 for becomeLeader, leader elected after 20299ms
2022-11-08 06:34:17,885 [193b940e-06e0-49a5-9247-5c39d5b56c1b@group-FBDB94237A5E-LeaderElection39] INFO  server.RaftServerConfigKeys (ConfUtils.java:logGet(46)) - raft.server.staging.catchup.gap = 1000 (default)
2022-11-08 06:34:17,885 [193b940e-06e0-49a5-9247-5c39d5b56c1b@group-FBDB94237A5E-LeaderElection39] INFO  server.RaftServerConfigKeys (ConfUtils.java:logGet(46)) - raft.server.write.element-limit = 1024 (custom)
2022-11-08 06:34:17,885 [193b940e-06e0-49a5-9247-5c39d5b56c1b@group-FBDB94237A5E-LeaderElection39] INFO  server.RaftServerConfigKeys (ConfUtils.java:logGet(46)) - raft.server.write.byte-limit = 1024 M (=1073741824) (custom)
2022-11-08 06:34:17,885 [193b940e-06e0-49a5-9247-5c39d5b56c1b@group-FBDB94237A5E-LeaderElection39] INFO  server.RaftServerConfigKeys (ConfUtils.java:logGet(46)) - raft.server.watch.timeout = 180s (custom)
2022-11-08 06:34:17,885 [193b940e-06e0-49a5-9247-5c39d5b56c1b@group-FBDB94237A5E-LeaderElection39] INFO  server.RaftServerConfigKeys (ConfUtils.java:logGet(46)) - raft.server.watch.timeout.denomination = 1s (default)
2022-11-08 06:34:17,885 [193b940e-06e0-49a5-9247-5c39d5b56c1b@group-FBDB94237A5E-LeaderElection39] INFO  server.RaftServerConfigKeys (ConfUtils.java:logGet(46)) - raft.server.watch.element-limit = 65536 (default)
2022-11-08 06:34:17,885 [193b940e-06e0-49a5-9247-5c39d5b56c1b@group-FBDB94237A5E-LeaderElection39] INFO  server.RaftServerConfigKeys (ConfUtils.java:logGet(46)) - raft.server.write.element-limit = 1024 (custom)
2022-11-08 06:34:17,885 [193b940e-06e0-49a5-9247-5c39d5b56c1b@group-FBDB94237A5E-LeaderElection39] INFO  server.RaftServerConfigKeys (ConfUtils.java:logGet(46)) - raft.server.write.follower.gap.ratio.max = -1.0 (default)
2022-11-08 06:34:17,885 [grpc-default-executor-1] INFO  server.RaftServer$Division (RaftServerImpl.java:requestVote(1218)) - d15a650e-2ebd-40cb-9b6d-ba61193ce2f9@group-FBDB94237A5E: receive requestVote(ELECTION, 193b940e-06e0-49a5-9247-5c39d5b56c1b, group-FBDB94237A5E, 4, (t:0, i:0))
2022-11-08 06:34:17,885 [grpc-default-executor-1] INFO  impl.VoteContext (VoteContext.java:log(48)) - d15a650e-2ebd-40cb-9b6d-ba61193ce2f9@group-FBDB94237A5E-FOLLOWER: accept ELECTION from 193b940e-06e0-49a5-9247-5c39d5b56c1b: our priority 0 <= candidate's priority 1
2022-11-08 06:34:17,886 [grpc-default-executor-1] INFO  server.RaftServer$Division (RaftServerImpl.java:setRole(321)) - d15a650e-2ebd-40cb-9b6d-ba61193ce2f9@group-FBDB94237A5E: changes role from  FOLLOWER to FOLLOWER at term 4 for candidate:193b940e-06e0-49a5-9247-5c39d5b56c1b
2022-11-08 06:34:17,886 [grpc-default-executor-1] INFO  impl.RoleInfo (RoleInfo.java:shutdownFollowerState(110)) - d15a650e-2ebd-40cb-9b6d-ba61193ce2f9: shutdown d15a650e-2ebd-40cb-9b6d-ba61193ce2f9@group-FBDB94237A5E-FollowerState
2022-11-08 06:34:17,886 [grpc-default-executor-1] INFO  impl.RoleInfo (RoleInfo.java:updateAndGet(139)) - d15a650e-2ebd-40cb-9b6d-ba61193ce2f9: start d15a650e-2ebd-40cb-9b6d-ba61193ce2f9@group-FBDB94237A5E-FollowerState
2022-11-08 06:34:17,886 [d15a650e-2ebd-40cb-9b6d-ba61193ce2f9@group-FBDB94237A5E-FollowerState] INFO  impl.FollowerState (FollowerState.java:run(152)) - d15a650e-2ebd-40cb-9b6d-ba61193ce2f9@group-FBDB94237A5E-FollowerState was interrupted
2022-11-08 06:34:17,893 [193b940e-06e0-49a5-9247-5c39d5b56c1b@group-FBDB94237A5E-LeaderElection39] INFO  server.RaftServerConfigKeys (ConfUtils.java:logGet(46)) - raft.server.log.appender.snapshot.chunk.size.max = 16MB (=16777216) (default)
2022-11-08 06:34:17,893 [193b940e-06e0-49a5-9247-5c39d5b56c1b@group-FBDB94237A5E-LeaderElection39] INFO  server.RaftServerConfigKeys (ConfUtils.java:logGet(46)) - raft.server.log.appender.buffer.byte-limit = 33554432 (custom)
2022-11-08 06:34:17,893 [193b940e-06e0-49a5-9247-5c39d5b56c1b@group-FBDB94237A5E-LeaderElection39] INFO  server.RaftServerConfigKeys (ConfUtils.java:logGet(46)) - raft.server.log.appender.buffer.element-limit = 1 (custom)
2022-11-08 06:34:17,893 [193b940e-06e0-49a5-9247-5c39d5b56c1b@group-FBDB94237A5E-LeaderElection39] INFO  grpc.GrpcConfigKeys (ConfUtils.java:logGet(46)) - raft.grpc.server.leader.outstanding.appends.max = 128 (default)
2022-11-08 06:34:17,893 [193b940e-06e0-49a5-9247-5c39d5b56c1b@group-FBDB94237A5E-LeaderElection39] INFO  server.RaftServerConfigKeys (ConfUtils.java:logGet(46)) - raft.server.rpc.request.timeout = 60s (custom)
2022-11-08 06:34:17,894 [193b940e-06e0-49a5-9247-5c39d5b56c1b@group-FBDB94237A5E-LeaderElection39] INFO  server.RaftServerConfigKeys (ConfUtils.java:logGet(46)) - raft.server.log.appender.install.snapshot.enabled = false (custom)
2022-11-08 06:34:17,894 [193b940e-06e0-49a5-9247-5c39d5b56c1b@group-FBDB94237A5E-LeaderElection39] INFO  grpc.GrpcConfigKeys (ConfUtils.java:logGet(46)) - raft.grpc.server.heartbeat.channel = true (default)
2022-11-08 06:34:17,894 [193b940e-06e0-49a5-9247-5c39d5b56c1b@group-FBDB94237A5E-LeaderElection39] INFO  server.RaftServerConfigKeys (ConfUtils.java:logGet(46)) - raft.server.log.appender.wait-time.min = 10ms (default)
2022-11-08 06:34:17,895 [193b940e-06e0-49a5-9247-5c39d5b56c1b@group-FBDB94237A5E-LeaderElection39] INFO  server.RaftServerConfigKeys (ConfUtils.java:logGet(46)) - raft.server.log.appender.snapshot.chunk.size.max = 16MB (=16777216) (default)
2022-11-08 06:34:17,895 [EventQueue-PipelineReportForPipelineReportHandler] INFO  pipeline.PipelineManagerImpl (PipelineManagerImpl.java:openPipeline(367)) - Pipeline Pipeline[ Id: b9dd9320-e1e2-41f1-aa16-fbdb94237a5e, Nodes: 8077194d-366f-483b-b4d6-5a7a28c3c7f8{ip: 10.1.0.244, host: fv-az220-111.shdwizndlbjulinwhzhdmup5sb.jx.internal.cloudapp.net, ports: [REPLICATION=41145, RATIS=38223, RATIS_ADMIN=38223, RATIS_SERVER=38223, STANDALONE=46269], networkLocation: /default-rack, certSerialId: null, persistedOpState: IN_SERVICE, persistedOpStateExpiryEpochSec: 0}193b940e-06e0-49a5-9247-5c39d5b56c1b{ip: 10.1.0.244, host: fv-az220-111.shdwizndlbjulinwhzhdmup5sb.jx.internal.cloudapp.net, ports: [REPLICATION=42543, RATIS=41285, RATIS_ADMIN=41285, RATIS_SERVER=41285, STANDALONE=41205], networkLocation: /default-rack, certSerialId: null, persistedOpState: IN_SERVICE, persistedOpStateExpiryEpochSec: 0}d15a650e-2ebd-40cb-9b6d-ba61193ce2f9{ip: 10.1.0.244, host: fv-az220-111.shdwizndlbjulinwhzhdmup5sb.jx.internal.cloudapp.net, ports: [REPLICATION=36993, RATIS=33395, RATIS_ADMIN=33395, RATIS_SERVER=33395, STANDALONE=40661], networkLocation: /default-rack, certSerialId: null, persistedOpState: IN_SERVICE, persistedOpStateExpiryEpochSec: 0}, ReplicationConfig: RATIS/THREE, State:ALLOCATED, leaderId:193b940e-06e0-49a5-9247-5c39d5b56c1b, CreationTimestamp2022-11-08T06:33:55.247Z[Etc/UTC]] moved to OPEN state
2022-11-08 06:34:17,896 [d15a650e-2ebd-40cb-9b6d-ba61193ce2f9@group-FBDB94237A5E-FollowerState] INFO  server.RaftServerConfigKeys (ConfUtils.java:logFallback(53)) - raft.server.rpc.first-election.timeout.min = 5s (fallback to raft.server.rpc.timeout.min)
2022-11-08 06:34:17,896 [d15a650e-2ebd-40cb-9b6d-ba61193ce2f9@group-FBDB94237A5E-FollowerState] INFO  server.RaftServerConfigKeys (ConfUtils.java:logFallback(53)) - raft.server.rpc.first-election.timeout.max = 5200ms (fallback to raft.server.rpc.timeout.max)
2022-11-08 06:34:17,901 [grpc-default-executor-1] INFO  server.RaftServer$Division (RaftServerImpl.java:requestVote(1251)) - d15a650e-2ebd-40cb-9b6d-ba61193ce2f9@group-FBDB94237A5E replies to ELECTION vote request: 193b940e-06e0-49a5-9247-5c39d5b56c1b<-d15a650e-2ebd-40cb-9b6d-ba61193ce2f9#0:OK-t4. Peer's state: d15a650e-2ebd-40cb-9b6d-ba61193ce2f9@group-FBDB94237A5E:t4, leader=null, voted=193b940e-06e0-49a5-9247-5c39d5b56c1b, raftlog=Memoized:d15a650e-2ebd-40cb-9b6d-ba61193ce2f9@group-FBDB94237A5E-SegmentedRaftLog:OPENED:c-1, conf=-1: peers:[193b940e-06e0-49a5-9247-5c39d5b56c1b|rpc:10.1.0.244:41285|dataStream:|priority:1|startupRole:FOLLOWER, d15a650e-2ebd-40cb-9b6d-ba61193ce2f9|rpc:10.1.0.244:33395|dataStream:|priority:0|startupRole:FOLLOWER, 8077194d-366f-483b-b4d6-5a7a28c3c7f8|rpc:10.1.0.244:38223|dataStream:|priority:0|startupRole:FOLLOWER]|listeners:[], old=null
2022-11-08 06:34:17,902 [193b940e-06e0-49a5-9247-5c39d5b56c1b@group-FBDB94237A5E-LeaderElection39] INFO  server.RaftServerConfigKeys (ConfUtils.java:logGet(46)) - raft.server.log.appender.buffer.byte-limit = 33554432 (custom)
2022-11-08 06:34:17,902 [193b940e-06e0-49a5-9247-5c39d5b56c1b@group-FBDB94237A5E-LeaderElection39] INFO  server.RaftServerConfigKeys (ConfUtils.java:logGet(46)) - raft.server.log.appender.buffer.element-limit = 1 (custom)
2022-11-08 06:34:17,902 [193b940e-06e0-49a5-9247-5c39d5b56c1b@group-FBDB94237A5E-LeaderElection39] INFO  grpc.GrpcConfigKeys (ConfUtils.java:logGet(46)) - raft.grpc.server.leader.outstanding.appends.max = 128 (default)
2022-11-08 06:34:17,902 [193b940e-06e0-49a5-9247-5c39d5b56c1b@group-FBDB94237A5E-LeaderElection39] INFO  server.RaftServerConfigKeys (ConfUtils.java:logGet(46)) - raft.server.rpc.request.timeout = 60s (custom)
2022-11-08 06:34:17,902 [193b940e-06e0-49a5-9247-5c39d5b56c1b@group-FBDB94237A5E-LeaderElection39] INFO  server.RaftServerConfigKeys (ConfUtils.java:logGet(46)) - raft.server.log.appender.install.snapshot.enabled = false (custom)
2022-11-08 06:34:17,902 [193b940e-06e0-49a5-9247-5c39d5b56c1b@group-FBDB94237A5E-LeaderElection39] INFO  grpc.GrpcConfigKeys (ConfUtils.java:logGet(46)) - raft.grpc.server.heartbeat.channel = true (default)
2022-11-08 06:34:17,902 [193b940e-06e0-49a5-9247-5c39d5b56c1b@group-FBDB94237A5E-LeaderElection39] INFO  server.RaftServerConfigKeys (ConfUtils.java:logGet(46)) - raft.server.log.appender.wait-time.min = 10ms (default)
2022-11-08 06:34:17,902 [193b940e-06e0-49a5-9247-5c39d5b56c1b@group-FBDB94237A5E-LeaderElection39] INFO  impl.RoleInfo (RoleInfo.java:updateAndGet(139)) - 193b940e-06e0-49a5-9247-5c39d5b56c1b: start 193b940e-06e0-49a5-9247-5c39d5b56c1b@group-FBDB94237A5E-LeaderStateImpl
2022-11-08 06:34:17,903 [193b940e-06e0-49a5-9247-5c39d5b56c1b@group-FBDB94237A5E-LeaderElection39] INFO  segmented.SegmentedRaftLogWorker (SegmentedRaftLogWorker.java:startLogSegment(452)) - 193b940e-06e0-49a5-9247-5c39d5b56c1b@group-FBDB94237A5E-SegmentedRaftLogWorker: Starting segment from index:0
2022-11-08 06:34:17,905 [193b940e-06e0-49a5-9247-5c39d5b56c1b@group-FBDB94237A5E-SegmentedRaftLogWorker] INFO  segmented.SegmentedRaftLogWorker (SegmentedRaftLogWorker.java:execute(656)) - 193b940e-06e0-49a5-9247-5c39d5b56c1b@group-FBDB94237A5E-SegmentedRaftLogWorker: created new log segment /home/runner/work/ozone/ozone/hadoop-ozone/integration-test/target/test-dir/MiniOzoneClusterImpl-8e06ede3-228e-44b7-a612-3acc89ebc779/datanode-4/data/ratis/b9dd9320-e1e2-41f1-aa16-fbdb94237a5e/current/log_inprogress_0
2022-11-08 06:34:17,906 [193b940e-06e0-49a5-9247-5c39d5b56c1b@group-FBDB94237A5E-LeaderElection39] INFO  server.RaftServer$Division (ServerState.java:setRaftConf(430)) - 193b940e-06e0-49a5-9247-5c39d5b56c1b@group-FBDB94237A5E: set configuration 0: peers:[193b940e-06e0-49a5-9247-5c39d5b56c1b|rpc:10.1.0.244:41285|dataStream:|priority:1|startupRole:FOLLOWER, d15a650e-2ebd-40cb-9b6d-ba61193ce2f9|rpc:10.1.0.244:33395|dataStream:|priority:0|startupRole:FOLLOWER, 8077194d-366f-483b-b4d6-5a7a28c3c7f8|rpc:10.1.0.244:38223|dataStream:|priority:0|startupRole:FOLLOWER]|listeners:[], old=null
2022-11-08 06:34:17,917 [d15a650e-2ebd-40cb-9b6d-ba61193ce2f9-server-thread1] INFO  ratis.XceiverServerRatis (XceiverServerRatis.java:handleLeaderChangedNotification(863)) - Leader change notification received for group: group-FBDB94237A5E with new leaderId: 193b940e-06e0-49a5-9247-5c39d5b56c1b
2022-11-08 06:34:17,917 [d15a650e-2ebd-40cb-9b6d-ba61193ce2f9-server-thread1] INFO  server.RaftServer$Division (ServerState.java:setLeader(313)) - d15a650e-2ebd-40cb-9b6d-ba61193ce2f9@group-FBDB94237A5E: change Leader from null to 193b940e-06e0-49a5-9247-5c39d5b56c1b at term 4 for appendEntries, leader elected after 20288ms
2022-11-08 06:34:17,917 [8077194d-366f-483b-b4d6-5a7a28c3c7f8-server-thread1] INFO  ratis.XceiverServerRatis (XceiverServerRatis.java:handleLeaderChangedNotification(863)) - Leader change notification received for group: group-FBDB94237A5E with new leaderId: 193b940e-06e0-49a5-9247-5c39d5b56c1b
2022-11-08 06:34:17,917 [8077194d-366f-483b-b4d6-5a7a28c3c7f8-server-thread1] INFO  server.RaftServer$Division (ServerState.java:setLeader(313)) - 8077194d-366f-483b-b4d6-5a7a28c3c7f8@group-FBDB94237A5E: change Leader from null to 193b940e-06e0-49a5-9247-5c39d5b56c1b at term 4 for appendEntries, leader elected after 20357ms
2022-11-08 06:34:17,930 [d15a650e-2ebd-40cb-9b6d-ba61193ce2f9-server-thread2] INFO  server.RaftServer$Division (ServerState.java:setRaftConf(430)) - d15a650e-2ebd-40cb-9b6d-ba61193ce2f9@group-FBDB94237A5E: set configuration 0: peers:[193b940e-06e0-49a5-9247-5c39d5b56c1b|rpc:10.1.0.244:41285|dataStream:|priority:1|startupRole:FOLLOWER, d15a650e-2ebd-40cb-9b6d-ba61193ce2f9|rpc:10.1.0.244:33395|dataStream:|priority:0|startupRole:FOLLOWER, 8077194d-366f-483b-b4d6-5a7a28c3c7f8|rpc:10.1.0.244:38223|dataStream:|priority:0|startupRole:FOLLOWER]|listeners:[], old=null
2022-11-08 06:34:17,934 [8077194d-366f-483b-b4d6-5a7a28c3c7f8-server-thread2] INFO  server.RaftServer$Division (ServerState.java:setRaftConf(430)) - 8077194d-366f-483b-b4d6-5a7a28c3c7f8@group-FBDB94237A5E: set configuration 0: peers:[193b940e-06e0-49a5-9247-5c39d5b56c1b|rpc:10.1.0.244:41285|dataStream:|priority:1|startupRole:FOLLOWER, d15a650e-2ebd-40cb-9b6d-ba61193ce2f9|rpc:10.1.0.244:33395|dataStream:|priority:0|startupRole:FOLLOWER, 8077194d-366f-483b-b4d6-5a7a28c3c7f8|rpc:10.1.0.244:38223|dataStream:|priority:0|startupRole:FOLLOWER]|listeners:[], old=null
2022-11-08 06:34:17,934 [d15a650e-2ebd-40cb-9b6d-ba61193ce2f9-server-thread2] INFO  segmented.SegmentedRaftLogWorker (SegmentedRaftLogWorker.java:startLogSegment(452)) - d15a650e-2ebd-40cb-9b6d-ba61193ce2f9@group-FBDB94237A5E-SegmentedRaftLogWorker: Starting segment from index:0
2022-11-08 06:34:17,936 [8077194d-366f-483b-b4d6-5a7a28c3c7f8-server-thread2] INFO  segmented.SegmentedRaftLogWorker (SegmentedRaftLogWorker.java:startLogSegment(452)) - 8077194d-366f-483b-b4d6-5a7a28c3c7f8@group-FBDB94237A5E-SegmentedRaftLogWorker: Starting segment from index:0
2022-11-08 06:34:17,938 [d15a650e-2ebd-40cb-9b6d-ba61193ce2f9@group-FBDB94237A5E-SegmentedRaftLogWorker] INFO  segmented.SegmentedRaftLogWorker (SegmentedRaftLogWorker.java:execute(656)) - d15a650e-2ebd-40cb-9b6d-ba61193ce2f9@group-FBDB94237A5E-SegmentedRaftLogWorker: created new log segment /home/runner/work/ozone/ozone/hadoop-ozone/integration-test/target/test-dir/MiniOzoneClusterImpl-8e06ede3-228e-44b7-a612-3acc89ebc779/datanode-5/data/ratis/b9dd9320-e1e2-41f1-aa16-fbdb94237a5e/current/log_inprogress_0
2022-11-08 06:34:17,938 [8077194d-366f-483b-b4d6-5a7a28c3c7f8@group-FBDB94237A5E-SegmentedRaftLogWorker] INFO  segmented.SegmentedRaftLogWorker (SegmentedRaftLogWorker.java:execute(656)) - 8077194d-366f-483b-b4d6-5a7a28c3c7f8@group-FBDB94237A5E-SegmentedRaftLogWorker: created new log segment /home/runner/work/ozone/ozone/hadoop-ozone/integration-test/target/test-dir/MiniOzoneClusterImpl-8e06ede3-228e-44b7-a612-3acc89ebc779/datanode-3/data/ratis/b9dd9320-e1e2-41f1-aa16-fbdb94237a5e/current/log_inprogress_0
2022-11-08 06:34:17,978 [Listener at 127.0.0.1/44321] INFO  ozone.MiniOzoneClusterImpl (MiniOzoneClusterImpl.java:shutdown(448)) - Shutting down the Mini Ozone Cluster
2022-11-08 06:34:17,978 [Listener at 127.0.0.1/44321] INFO  ozone.MiniOzoneClusterImpl (MiniOzoneClusterImpl.java:stop(463)) - Stopping the Mini Ozone Cluster
2022-11-08 06:34:17,978 [Listener at 127.0.0.1/44321] INFO  ozone.MiniOzoneClusterImpl (MiniOzoneClusterImpl.java:stopOM(545)) - Stopping the OzoneManager
2022-11-08 06:34:17,978 [Listener at 127.0.0.1/44321] INFO  om.OzoneManager (OzoneManager.java:stop(2037)) - om1[localhost:0]: Stopping Ozone Manager
2022-11-08 06:34:17,978 [Listener at 127.0.0.1/44321] INFO  ipc.Server (Server.java:stop(3428)) - Stopping server on 44321
2022-11-08 06:34:17,984 [Listener at 127.0.0.1/44321] INFO  server.RaftServer (RaftServerProxy.java:lambda$close$6(409)) - om1: close
2022-11-08 06:34:17,984 [Listener at 127.0.0.1/44321] INFO  server.GrpcService (GrpcService.java:closeImpl(279)) - om1: shutdown server GrpcServerProtocolService now
2022-11-08 06:34:17,985 [om1-impl-thread1] INFO  server.RaftServer$Division (RaftServerImpl.java:lambda$close$4(458)) - om1@group-C5BA1605619E: shutdown
2022-11-08 06:34:17,985 [om1-impl-thread1] INFO  util.JmxRegister (JmxRegister.java:unregister(73)) - Successfully un-registered JMX Bean with object name Ratis:service=RaftServer,group=group-C5BA1605619E,id=om1
2022-11-08 06:34:17,985 [om1-impl-thread1] INFO  impl.RoleInfo (RoleInfo.java:shutdownLeaderState(93)) - om1: shutdown om1@group-C5BA1605619E-LeaderStateImpl
2022-11-08 06:34:17,985 [om1-impl-thread1] INFO  impl.PendingRequests (PendingRequests.java:sendNotLeaderResponses(282)) - om1@group-C5BA1605619E-PendingRequests: sendNotLeaderResponses
2022-11-08 06:34:17,986 [om1-impl-thread1] INFO  impl.StateMachineUpdater (StateMachineUpdater.java:stopAndJoin(153)) - om1@group-C5BA1605619E-StateMachineUpdater: set stopIndex = 0
2022-11-08 06:34:17,986 [IPC Server Responder] INFO  ipc.Server (Server.java:run(1517)) - Stopping IPC Server Responder
2022-11-08 06:34:17,986 [om1@group-C5BA1605619E-StateMachineUpdater] INFO  ratis.OzoneManagerStateMachine (OzoneManagerStateMachine.java:takeSnapshot(445)) - Current Snapshot Index (t:1, i:0)
2022-11-08 06:34:17,986 [IPC Server listener on 0] INFO  ipc.Server (Server.java:run(1384)) - Stopping IPC Server listener on 0
2022-11-08 06:34:17,986 [om1@group-C5BA1605619E-StateMachineUpdater] INFO  impl.StateMachineUpdater (StateMachineUpdater.java:takeSnapshot(287)) - om1@group-C5BA1605619E-StateMachineUpdater: Took a snapshot at index 0
2022-11-08 06:34:17,986 [om1@group-C5BA1605619E-StateMachineUpdater] INFO  impl.StateMachineUpdater (StateMachineUpdater.java:lambda$new$0(92)) - om1@group-C5BA1605619E-StateMachineUpdater: snapshotIndex: updateIncreasingly -1 -> 0
2022-11-08 06:34:17,986 [Listener at 127.0.0.1/44321] INFO  server.GrpcService (GrpcService.java:closeImpl(288)) - om1: shutdown server GrpcServerProtocolService successfully
2022-11-08 06:34:17,986 [om1@group-C5BA1605619E-StateMachineUpdater] INFO  ratis.OzoneManagerStateMachine (OzoneManagerStateMachine.java:close(499)) - StateMachine has shutdown. Shutdown OzoneManager if not already shutdown.
2022-11-08 06:34:17,987 [om1@group-C5BA1605619E-StateMachineUpdater] INFO  ratis.OzoneManagerDoubleBuffer (OzoneManagerDoubleBuffer.java:stop(466)) - Stopping OMDoubleBuffer flush thread
2022-11-08 06:34:17,988 [OMDoubleBufferFlushThread] INFO  ratis.OzoneManagerDoubleBuffer (OzoneManagerDoubleBuffer.java:flushTransactions(385)) - OMDoubleBuffer flush thread OMDoubleBufferFlushThread is interrupted and will exit.
2022-11-08 06:34:17,988 [om1-impl-thread1] INFO  server.RaftServer$Division (ServerState.java:close(466)) - om1@group-C5BA1605619E: closes. applyIndex: 0
2022-11-08 06:34:17,989 [om1@group-C5BA1605619E-SegmentedRaftLogWorker] INFO  segmented.SegmentedRaftLogWorker (SegmentedRaftLogWorker.java:run(345)) - om1@group-C5BA1605619E-SegmentedRaftLogWorker was interrupted, exiting. There are 0 tasks remaining in the queue.
2022-11-08 06:34:17,990 [om1-impl-thread1] INFO  segmented.SegmentedRaftLogWorker (SegmentedRaftLogWorker.java:close(255)) - om1@group-C5BA1605619E-SegmentedRaftLogWorker close()
2022-11-08 06:34:17,990 [JvmPauseMonitor11] INFO  util.JvmPauseMonitor (JvmPauseMonitor.java:run(111)) - JvmPauseMonitor-om1: Stopped
2022-11-08 06:34:17,990 [Listener at 127.0.0.1/44321] INFO  ratis.OzoneManagerStateMachine (OzoneManagerStateMachine.java:close(499)) - StateMachine has shutdown. Shutdown OzoneManager if not already shutdown.
2022-11-08 06:34:17,991 [Listener at 127.0.0.1/44321] INFO  ratis.OzoneManagerDoubleBuffer (OzoneManagerDoubleBuffer.java:stop(478)) - OMDoubleBuffer flush thread is not running.
2022-11-08 06:34:17,991 [Listener at 127.0.0.1/44321] INFO  utils.BackgroundService (BackgroundService.java:shutdown(141)) - Shutting down service KeyDeletingService
2022-11-08 06:34:17,991 [Listener at 127.0.0.1/44321] INFO  utils.BackgroundService (BackgroundService.java:shutdown(141)) - Shutting down service DirectoryDeletingService
2022-11-08 06:34:17,991 [Listener at 127.0.0.1/44321] INFO  utils.BackgroundService (BackgroundService.java:shutdown(141)) - Shutting down service OpenKeyCleanupService
2022-11-08 06:34:17,992 [Listener at 127.0.0.1/44321] INFO  handler.ContextHandler (ContextHandler.java:doStop(1159)) - Stopped o.e.j.w.WebAppContext@7c26b384{ozoneManager,/,null,STOPPED}{file:/home/runner/work/ozone/ozone/hadoop-ozone/integration-test/target/test-classes/webapps/ozoneManager}
2022-11-08 06:34:17,993 [Listener at 127.0.0.1/44321] INFO  server.AbstractConnector (AbstractConnector.java:doStop(383)) - Stopped ServerConnector@d13ab4d{HTTP/1.1, (http/1.1)}{0.0.0.0:0}
2022-11-08 06:34:17,993 [Listener at 127.0.0.1/44321] INFO  server.session (HouseKeeper.java:stopScavenging(149)) - node0 Stopped scavenging
2022-11-08 06:34:17,993 [Listener at 127.0.0.1/44321] INFO  handler.ContextHandler (ContextHandler.java:doStop(1159)) - Stopped o.e.j.s.ServletContextHandler@3a82ff5{static,/static,file:///home/runner/work/ozone/ozone/hadoop-ozone/integration-test/target/test-classes/webapps/static,STOPPED}
2022-11-08 06:34:17,993 [Listener at 127.0.0.1/44321] INFO  handler.ContextHandler (ContextHandler.java:doStop(1159)) - Stopped o.e.j.s.ServletContextHandler@5636f71b{logs,/logs,file:///home/runner/work/ozone/ozone/hadoop-ozone/integration-test/target/log,STOPPED}
2022-11-08 06:34:17,995 [Listener at 127.0.0.1/44321] INFO  ozone.MiniOzoneClusterImpl (MiniOzoneClusterImpl.java:stopDatanodes(522)) - Stopping the HddsDatanodes
2022-11-08 06:34:17,998 [ForkJoinPool.commonPool-worker-0] INFO  ozoneimpl.OzoneContainer (OzoneContainer.java:stop(400)) - Attempting to stop container services.
2022-11-08 06:34:17,998 [Listener at 127.0.0.1/44321] INFO  ozoneimpl.OzoneContainer (OzoneContainer.java:stop(400)) - Attempting to stop container services.
2022-11-08 06:34:17,998 [ForkJoinPool.commonPool-worker-0] INFO  server.RaftServer (RaftServerProxy.java:lambda$close$6(409)) - f5a08da9-e999-4666-9813-af0703791aee: close
2022-11-08 06:34:17,999 [ForkJoinPool.commonPool-worker-0] INFO  server.GrpcService (GrpcService.java:closeImpl(279)) - f5a08da9-e999-4666-9813-af0703791aee: shutdown server GrpcServerProtocolService now
2022-11-08 06:34:18,000 [Listener at 127.0.0.1/44321] INFO  server.RaftServer (RaftServerProxy.java:lambda$close$6(409)) - 8077194d-366f-483b-b4d6-5a7a28c3c7f8: close
2022-11-08 06:34:18,001 [Listener at 127.0.0.1/44321] INFO  server.GrpcService (GrpcService.java:closeImpl(279)) - 8077194d-366f-483b-b4d6-5a7a28c3c7f8: shutdown server GrpcServerProtocolService now
2022-11-08 06:34:18,001 [8077194d-366f-483b-b4d6-5a7a28c3c7f8-impl-thread1] INFO  server.RaftServer$Division (RaftServerImpl.java:lambda$close$4(458)) - 8077194d-366f-483b-b4d6-5a7a28c3c7f8@group-FBDB94237A5E: shutdown
2022-11-08 06:34:18,008 [8077194d-366f-483b-b4d6-5a7a28c3c7f8-impl-thread1] INFO  util.JmxRegister (JmxRegister.java:unregister(73)) - Successfully un-registered JMX Bean with object name Ratis:service=RaftServer,group=group-FBDB94237A5E,id=8077194d-366f-483b-b4d6-5a7a28c3c7f8
2022-11-08 06:34:18,008 [8077194d-366f-483b-b4d6-5a7a28c3c7f8-impl-thread1] INFO  impl.RoleInfo (RoleInfo.java:shutdownFollowerState(110)) - 8077194d-366f-483b-b4d6-5a7a28c3c7f8: shutdown 8077194d-366f-483b-b4d6-5a7a28c3c7f8@group-FBDB94237A5E-FollowerState
2022-11-08 06:34:18,009 [8077194d-366f-483b-b4d6-5a7a28c3c7f8-impl-thread1] INFO  impl.StateMachineUpdater (StateMachineUpdater.java:stopAndJoin(153)) - 8077194d-366f-483b-b4d6-5a7a28c3c7f8@group-FBDB94237A5E-StateMachineUpdater: set stopIndex = 0
2022-11-08 06:34:18,009 [8077194d-366f-483b-b4d6-5a7a28c3c7f8@group-FBDB94237A5E-FollowerState] INFO  impl.FollowerState (FollowerState.java:run(152)) - 8077194d-366f-483b-b4d6-5a7a28c3c7f8@group-FBDB94237A5E-FollowerState was interrupted
2022-11-08 06:34:18,009 [8077194d-366f-483b-b4d6-5a7a28c3c7f8@group-FBDB94237A5E-StateMachineUpdater] INFO  ratis.ContainerStateMachine (ContainerStateMachine.java:takeSnapshot(304)) - group-FBDB94237A5E: Taking a snapshot at:(t:4, i:0) file /home/runner/work/ozone/ozone/hadoop-ozone/integration-test/target/test-dir/MiniOzoneClusterImpl-8e06ede3-228e-44b7-a612-3acc89ebc779/datanode-3/data/ratis/b9dd9320-e1e2-41f1-aa16-fbdb94237a5e/sm/snapshot.4_0
2022-11-08 06:34:18,010 [8077194d-366f-483b-b4d6-5a7a28c3c7f8-impl-thread2] INFO  server.RaftServer$Division (RaftServerImpl.java:lambda$close$4(458)) - 8077194d-366f-483b-b4d6-5a7a28c3c7f8@group-91CE96BBAFA1: shutdown
2022-11-08 06:34:18,011 [8077194d-366f-483b-b4d6-5a7a28c3c7f8-impl-thread2] INFO  util.JmxRegister (JmxRegister.java:unregister(73)) - Successfully un-registered JMX Bean with object name Ratis:service=RaftServer,group=group-91CE96BBAFA1,id=8077194d-366f-483b-b4d6-5a7a28c3c7f8
2022-11-08 06:34:18,011 [8077194d-366f-483b-b4d6-5a7a28c3c7f8-impl-thread2] INFO  impl.RoleInfo (RoleInfo.java:shutdownLeaderState(93)) - 8077194d-366f-483b-b4d6-5a7a28c3c7f8: shutdown 8077194d-366f-483b-b4d6-5a7a28c3c7f8@group-91CE96BBAFA1-LeaderStateImpl
2022-11-08 06:34:18,011 [8077194d-366f-483b-b4d6-5a7a28c3c7f8@group-91CE96BBAFA1->193b940e-06e0-49a5-9247-5c39d5b56c1b-GrpcLogAppender-LogAppenderDaemon] WARN  server.GrpcLogAppender (GrpcLogAppender.java:mayWait(200)) - 8077194d-366f-483b-b4d6-5a7a28c3c7f8@group-91CE96BBAFA1->193b940e-06e0-49a5-9247-5c39d5b56c1b-GrpcLogAppender: Wait interrupted by java.lang.InterruptedException
2022-11-08 06:34:18,010 [8077194d-366f-483b-b4d6-5a7a28c3c7f8@group-FBDB94237A5E-StateMachineUpdater] INFO  ratis.ContainerStateMachine (ContainerStateMachine.java:takeSnapshot(315)) - group-FBDB94237A5E: Finished taking a snapshot at:(t:4, i:0) file:/home/runner/work/ozone/ozone/hadoop-ozone/integration-test/target/test-dir/MiniOzoneClusterImpl-8e06ede3-228e-44b7-a612-3acc89ebc779/datanode-3/data/ratis/b9dd9320-e1e2-41f1-aa16-fbdb94237a5e/sm/snapshot.4_0 took: 2 ms
2022-11-08 06:34:18,012 [8077194d-366f-483b-b4d6-5a7a28c3c7f8@group-FBDB94237A5E-StateMachineUpdater] INFO  impl.StateMachineUpdater (StateMachineUpdater.java:takeSnapshot(287)) - 8077194d-366f-483b-b4d6-5a7a28c3c7f8@group-FBDB94237A5E-StateMachineUpdater: Took a snapshot at index 0
2022-11-08 06:34:18,012 [8077194d-366f-483b-b4d6-5a7a28c3c7f8@group-FBDB94237A5E-StateMachineUpdater] INFO  impl.StateMachineUpdater (StateMachineUpdater.java:lambda$new$0(92)) - 8077194d-366f-483b-b4d6-5a7a28c3c7f8@group-FBDB94237A5E-StateMachineUpdater: snapshotIndex: updateIncreasingly -1 -> 0
2022-11-08 06:34:18,012 [8077194d-366f-483b-b4d6-5a7a28c3c7f8@group-91CE96BBAFA1->d15a650e-2ebd-40cb-9b6d-ba61193ce2f9-GrpcLogAppender-LogAppenderDaemon] WARN  server.GrpcLogAppender (GrpcLogAppender.java:mayWait(200)) - 8077194d-366f-483b-b4d6-5a7a28c3c7f8@group-91CE96BBAFA1->d15a650e-2ebd-40cb-9b6d-ba61193ce2f9-GrpcLogAppender: Wait interrupted by java.lang.InterruptedException
2022-11-08 06:34:18,013 [8077194d-366f-483b-b4d6-5a7a28c3c7f8-impl-thread2] INFO  impl.PendingRequests (PendingRequests.java:sendNotLeaderResponses(282)) - 8077194d-366f-483b-b4d6-5a7a28c3c7f8@group-91CE96BBAFA1-PendingRequests: sendNotLeaderResponses
2022-11-08 06:34:18,013 [grpc-default-executor-5] INFO  server.GrpcServerProtocolService (GrpcServerProtocolService.java:onCompleted(145)) - d15a650e-2ebd-40cb-9b6d-ba61193ce2f9: Completed APPEND_ENTRIES, lastRequest: 8077194d-366f-483b-b4d6-5a7a28c3c7f8->d15a650e-2ebd-40cb-9b6d-ba61193ce2f9#1-t2,previous=(t:0, i:0),leaderCommit=0,initializing? true,entries: size=1, first=(t:2, i:0), CONFIGURATIONENTRY(current:id: "193b940e-06e0-49a5-9247-5c39d5b56c1b"
address: "10.1.0.244:41285"
clientAddress: "10.1.0.244:41285"
adminAddress: "10.1.0.244:41285"
startupRole: FOLLOWER
,id: "d15a650e-2ebd-40cb-9b6d-ba61193ce2f9"
address: "10.1.0.244:33395"
clientAddress: "10.1.0.244:33395"
adminAddress: "10.1.0.244:33395"
startupRole: FOLLOWER
,id: "8077194d-366f-483b-b4d6-5a7a28c3c7f8"
address: "10.1.0.244:38223"
priority: 1
clientAddress: "10.1.0.244:38223"
adminAddress: "10.1.0.244:38223"
startupRole: FOLLOWER
, old:)
2022-11-08 06:34:18,017 [8077194d-366f-483b-b4d6-5a7a28c3c7f8-impl-thread1] INFO  server.RaftServer$Division (ServerState.java:close(466)) - 8077194d-366f-483b-b4d6-5a7a28c3c7f8@group-FBDB94237A5E: closes. applyIndex: 0
2022-11-08 06:34:18,010 [grpc-default-executor-0] WARN  server.GrpcServerProtocolService (LogUtils.java:warn(122)) - 8077194d-366f-483b-b4d6-5a7a28c3c7f8: installSnapshot onError, lastRequest: null: org.apache.ratis.thirdparty.io.grpc.StatusRuntimeException: CANCELLED: client cancelled
2022-11-08 06:34:18,017 [8077194d-366f-483b-b4d6-5a7a28c3c7f8@group-91CE96BBAFA1-StateMachineUpdater] INFO  ratis.ContainerStateMachine (ContainerStateMachine.java:takeSnapshot(304)) - group-91CE96BBAFA1: Taking a snapshot at:(t:2, i:0) file /home/runner/work/ozone/ozone/hadoop-ozone/integration-test/target/test-dir/MiniOzoneClusterImpl-8e06ede3-228e-44b7-a612-3acc89ebc779/datanode-3/data/ratis/e702fae6-23a0-4e82-a6cc-91ce96bbafa1/sm/snapshot.2_0
2022-11-08 06:34:18,016 [grpc-default-executor-3] WARN  server.GrpcLogAppender (LogUtils.java:warn(122)) - 193b940e-06e0-49a5-9247-5c39d5b56c1b@group-FBDB94237A5E->8077194d-366f-483b-b4d6-5a7a28c3c7f8-AppendLogResponseHandler: Failed appendEntries: org.apache.ratis.thirdparty.io.grpc.StatusRuntimeException: CANCELLED: RST_STREAM closed stream. HTTP/2 error code: CANCEL
2022-11-08 06:34:18,017 [grpc-default-executor-0] INFO  server.GrpcServerProtocolService (GrpcServerProtocolService.java:onCompleted(145)) - 193b940e-06e0-49a5-9247-5c39d5b56c1b: Completed APPEND_ENTRIES, lastRequest: null
2022-11-08 06:34:18,017 [grpc-default-executor-5] INFO  server.GrpcServerProtocolService (GrpcServerProtocolService.java:onCompleted(145)) - 193b940e-06e0-49a5-9247-5c39d5b56c1b: Completed APPEND_ENTRIES, lastRequest: 8077194d-366f-483b-b4d6-5a7a28c3c7f8->193b940e-06e0-49a5-9247-5c39d5b56c1b#1-t2,previous=(t:0, i:0),leaderCommit=0,initializing? true,entries: size=1, first=(t:2, i:0), CONFIGURATIONENTRY(current:id: "193b940e-06e0-49a5-9247-5c39d5b56c1b"
address: "10.1.0.244:41285"
clientAddress: "10.1.0.244:41285"
adminAddress: "10.1.0.244:41285"
startupRole: FOLLOWER
,id: "d15a650e-2ebd-40cb-9b6d-ba61193ce2f9"
address: "10.1.0.244:33395"
clientAddress: "10.1.0.244:33395"
adminAddress: "10.1.0.244:33395"
startupRole: FOLLOWER
,id: "8077194d-366f-483b-b4d6-5a7a28c3c7f8"
address: "10.1.0.244:38223"
priority: 1
clientAddress: "10.1.0.244:38223"
adminAddress: "10.1.0.244:38223"
startupRole: FOLLOWER
, old:)
2022-11-08 06:34:18,018 [grpc-default-executor-1] WARN  server.GrpcLogAppender (LogUtils.java:warn(122)) - 193b940e-06e0-49a5-9247-5c39d5b56c1b@group-FBDB94237A5E->8077194d-366f-483b-b4d6-5a7a28c3c7f8-AppendLogResponseHandler: Failed appendEntries: org.apache.ratis.thirdparty.io.grpc.StatusRuntimeException: CANCELLED: RST_STREAM closed stream. HTTP/2 error code: CANCEL
2022-11-08 06:34:18,018 [grpc-default-executor-3] WARN  server.GrpcLogAppender (GrpcLogAppender.java:resetClient(131)) - 193b940e-06e0-49a5-9247-5c39d5b56c1b@group-FBDB94237A5E->8077194d-366f-483b-b4d6-5a7a28c3c7f8-GrpcLogAppender: Leader has not got in touch with Follower 193b940e-06e0-49a5-9247-5c39d5b56c1b@group-FBDB94237A5E->8077194d-366f-483b-b4d6-5a7a28c3c7f8(c0,m0,n1, attendVote=true, lastRpcSendTime=89, lastRpcResponseTime=77) yet, just keep nextIndex unchanged and retry.
2022-11-08 06:34:18,016 [8077194d-366f-483b-b4d6-5a7a28c3c7f8-impl-thread2] INFO  impl.StateMachineUpdater (StateMachineUpdater.java:stopAndJoin(153)) - 8077194d-366f-483b-b4d6-5a7a28c3c7f8@group-91CE96BBAFA1-StateMachineUpdater: set stopIndex = 0
2022-11-08 06:34:18,016 [ForkJoinPool.commonPool-worker-0] INFO  server.GrpcServerProtocolClient (GrpcServerProtocolClient.java:close(111)) - 7cdbd1b5-097b-4b08-9783-327855de8893 Close channels
2022-11-08 06:34:18,019 [grpc-default-executor-2] WARN  server.GrpcServerProtocolService (LogUtils.java:warn(122)) - 8077194d-366f-483b-b4d6-5a7a28c3c7f8: installSnapshot onError, lastRequest: 193b940e-06e0-49a5-9247-5c39d5b56c1b->8077194d-366f-483b-b4d6-5a7a28c3c7f8#1-t4,previous=(t:0, i:0),leaderCommit=0,initializing? true,entries: size=1, first=(t:4, i:0), CONFIGURATIONENTRY(current:id: "193b940e-06e0-49a5-9247-5c39d5b56c1b"
address: "10.1.0.244:41285"
priority: 1
clientAddress: "10.1.0.244:41285"
adminAddress: "10.1.0.244:41285"
startupRole: FOLLOWER
,id: "d15a650e-2ebd-40cb-9b6d-ba61193ce2f9"
address: "10.1.0.244:33395"
clientAddress: "10.1.0.244:33395"
adminAddress: "10.1.0.244:33395"
startupRole: FOLLOWER
,id: "8077194d-366f-483b-b4d6-5a7a28c3c7f8"
address: "10.1.0.244:38223"
clientAddress: "10.1.0.244:38223"
adminAddress: "10.1.0.244:38223"
startupRole: FOLLOWER
, old:): org.apache.ratis.thirdparty.io.grpc.StatusRuntimeException: CANCELLED: client cancelled
2022-11-08 06:34:18,016 [Listener at 127.0.0.1/44321] INFO  server.GrpcServerProtocolClient (GrpcServerProtocolClient.java:close(111)) - 193b940e-06e0-49a5-9247-5c39d5b56c1b Close channels
2022-11-08 06:34:18,020 [grpc-default-executor-6] INFO  server.GrpcServerProtocolService (GrpcServerProtocolService.java:onCompleted(145)) - d15a650e-2ebd-40cb-9b6d-ba61193ce2f9: Completed APPEND_ENTRIES, lastRequest: null
2022-11-08 06:34:18,018 [grpc-default-executor-1] WARN  server.GrpcLogAppender (GrpcLogAppender.java:resetClient(131)) - 193b940e-06e0-49a5-9247-5c39d5b56c1b@group-FBDB94237A5E->8077194d-366f-483b-b4d6-5a7a28c3c7f8-GrpcLogAppender: Leader has not got in touch with Follower 193b940e-06e0-49a5-9247-5c39d5b56c1b@group-FBDB94237A5E->8077194d-366f-483b-b4d6-5a7a28c3c7f8(c0,m0,n1, attendVote=true, lastRpcSendTime=89, lastRpcResponseTime=78) yet, just keep nextIndex unchanged and retry.
2022-11-08 06:34:18,018 [8077194d-366f-483b-b4d6-5a7a28c3c7f8@group-91CE96BBAFA1-StateMachineUpdater] INFO  ratis.ContainerStateMachine (ContainerStateMachine.java:takeSnapshot(315)) - group-91CE96BBAFA1: Finished taking a snapshot at:(t:2, i:0) file:/home/runner/work/ozone/ozone/hadoop-ozone/integration-test/target/test-dir/MiniOzoneClusterImpl-8e06ede3-228e-44b7-a612-3acc89ebc779/datanode-3/data/ratis/e702fae6-23a0-4e82-a6cc-91ce96bbafa1/sm/snapshot.2_0 took: 2 ms
2022-11-08 06:34:18,029 [8077194d-366f-483b-b4d6-5a7a28c3c7f8@group-91CE96BBAFA1-StateMachineUpdater] INFO  impl.StateMachineUpdater (StateMachineUpdater.java:takeSnapshot(287)) - 8077194d-366f-483b-b4d6-5a7a28c3c7f8@group-91CE96BBAFA1-StateMachineUpdater: Took a snapshot at index 0
2022-11-08 06:34:18,029 [8077194d-366f-483b-b4d6-5a7a28c3c7f8@group-91CE96BBAFA1-StateMachineUpdater] INFO  impl.StateMachineUpdater (StateMachineUpdater.java:lambda$new$0(92)) - 8077194d-366f-483b-b4d6-5a7a28c3c7f8@group-91CE96BBAFA1-StateMachineUpdater: snapshotIndex: updateIncreasingly -1 -> 0
2022-11-08 06:34:18,029 [8077194d-366f-483b-b4d6-5a7a28c3c7f8-impl-thread2] INFO  server.RaftServer$Division (ServerState.java:close(466)) - 8077194d-366f-483b-b4d6-5a7a28c3c7f8@group-91CE96BBAFA1: closes. applyIndex: 0
2022-11-08 06:34:18,017 [8077194d-366f-483b-b4d6-5a7a28c3c7f8@group-FBDB94237A5E-SegmentedRaftLogWorker] INFO  segmented.SegmentedRaftLogWorker (SegmentedRaftLogWorker.java:run(345)) - 8077194d-366f-483b-b4d6-5a7a28c3c7f8@group-FBDB94237A5E-SegmentedRaftLogWorker was interrupted, exiting. There are 0 tasks remaining in the queue.
2022-11-08 06:34:18,032 [ForkJoinPool.commonPool-worker-0] INFO  server.GrpcServerProtocolClient (GrpcServerProtocolClient.java:close(111)) - 73b7dc0c-af7c-46fd-8914-03b4db151d45 Close channels
2022-11-08 06:34:18,032 [Listener at 127.0.0.1/44321] INFO  server.GrpcServerProtocolClient (GrpcServerProtocolClient.java:close(111)) - d15a650e-2ebd-40cb-9b6d-ba61193ce2f9 Close channels
2022-11-08 06:34:18,032 [8077194d-366f-483b-b4d6-5a7a28c3c7f8@group-91CE96BBAFA1-SegmentedRaftLogWorker] INFO  segmented.SegmentedRaftLogWorker (SegmentedRaftLogWorker.java:run(345)) - 8077194d-366f-483b-b4d6-5a7a28c3c7f8@group-91CE96BBAFA1-SegmentedRaftLogWorker was interrupted, exiting. There are 0 tasks remaining in the queue.
2022-11-08 06:34:18,022 [grpc-default-executor-3] INFO  server.GrpcLogAppender (GrpcLogAppender.java:onCompleted(415)) - 8077194d-366f-483b-b4d6-5a7a28c3c7f8@group-91CE96BBAFA1->193b940e-06e0-49a5-9247-5c39d5b56c1b-AppendLogResponseHandler: follower responses appendEntries COMPLETED
2022-11-08 06:34:18,033 [grpc-default-executor-3] WARN  server.GrpcLogAppender (GrpcLogAppender.java:resetClient(137)) - 8077194d-366f-483b-b4d6-5a7a28c3c7f8@group-91CE96BBAFA1->193b940e-06e0-49a5-9247-5c39d5b56c1b-GrpcLogAppender: Failed to getClient for 193b940e-06e0-49a5-9247-5c39d5b56c1b
org.apache.ratis.protocol.exceptions.AlreadyClosedException: 8077194d-366f-483b-b4d6-5a7a28c3c7f8 is already CLOSED
	at org.apache.ratis.util.PeerProxyMap$PeerAndProxy.getProxy(PeerProxyMap.java:61)
	at org.apache.ratis.util.PeerProxyMap.getProxy(PeerProxyMap.java:115)
	at org.apache.ratis.grpc.server.GrpcLogAppender.getClient(GrpcLogAppender.java:116)
	at org.apache.ratis.grpc.server.GrpcLogAppender.resetClient(GrpcLogAppender.java:121)
	at org.apache.ratis.grpc.server.GrpcLogAppender.access$500(GrpcLogAppender.java:58)
	at org.apache.ratis.grpc.server.GrpcLogAppender$AppendLogResponseHandler.onCompleted(GrpcLogAppender.java:416)
	at org.apache.ratis.thirdparty.io.grpc.stub.ClientCalls$StreamObserverToCallListenerAdapter.onClose(ClientCalls.java:485)
	at org.apache.ratis.thirdparty.io.grpc.internal.ClientCallImpl.closeObserver(ClientCallImpl.java:562)
	at org.apache.ratis.thirdparty.io.grpc.internal.ClientCallImpl.access$300(ClientCallImpl.java:70)
	at org.apache.ratis.thirdparty.io.grpc.internal.ClientCallImpl$ClientStreamListenerImpl$1StreamClosed.runInternal(ClientCallImpl.java:743)
	at org.apache.ratis.thirdparty.io.grpc.internal.ClientCallImpl$ClientStreamListenerImpl$1StreamClosed.runInContext(ClientCallImpl.java:722)
	at org.apache.ratis.thirdparty.io.grpc.internal.ContextRunnable.run(ContextRunnable.java:37)
	at org.apache.ratis.thirdparty.io.grpc.internal.SerializingExecutor.run(SerializingExecutor.java:133)
	at java.util.concurrent.ThreadPoolExecutor.runWorker(ThreadPoolExecutor.java:1149)
	at java.util.concurrent.ThreadPoolExecutor$Worker.run(ThreadPoolExecutor.java:624)
	at java.lang.Thread.run(Thread.java:750)
2022-11-08 06:34:18,021 [grpc-default-executor-0] INFO  server.GrpcLogAppender (GrpcLogAppender.java:onCompleted(415)) - 8077194d-366f-483b-b4d6-5a7a28c3c7f8@group-91CE96BBAFA1->d15a650e-2ebd-40cb-9b6d-ba61193ce2f9-AppendLogResponseHandler: follower responses appendEntries COMPLETED
2022-11-08 06:34:18,033 [grpc-default-executor-0] WARN  server.GrpcLogAppender (GrpcLogAppender.java:resetClient(137)) - 8077194d-366f-483b-b4d6-5a7a28c3c7f8@group-91CE96BBAFA1->d15a650e-2ebd-40cb-9b6d-ba61193ce2f9-GrpcLogAppender: Failed to getClient for d15a650e-2ebd-40cb-9b6d-ba61193ce2f9
org.apache.ratis.protocol.exceptions.AlreadyClosedException: 8077194d-366f-483b-b4d6-5a7a28c3c7f8 is already CLOSED
	at org.apache.ratis.util.PeerProxyMap$PeerAndProxy.getProxy(PeerProxyMap.java:61)
	at org.apache.ratis.util.PeerProxyMap.getProxy(PeerProxyMap.java:115)
	at org.apache.ratis.grpc.server.GrpcLogAppender.getClient(GrpcLogAppender.java:116)
	at org.apache.ratis.grpc.server.GrpcLogAppender.resetClient(GrpcLogAppender.java:121)
	at org.apache.ratis.grpc.server.GrpcLogAppender.access$500(GrpcLogAppender.java:58)
	at org.apache.ratis.grpc.server.GrpcLogAppender$AppendLogResponseHandler.onCompleted(GrpcLogAppender.java:416)
	at org.apache.ratis.thirdparty.io.grpc.stub.ClientCalls$StreamObserverToCallListenerAdapter.onClose(ClientCalls.java:485)
	at org.apache.ratis.thirdparty.io.grpc.internal.ClientCallImpl.closeObserver(ClientCallImpl.java:562)
	at org.apache.ratis.thirdparty.io.grpc.internal.ClientCallImpl.access$300(ClientCallImpl.java:70)
	at org.apache.ratis.thirdparty.io.grpc.internal.ClientCallImpl$ClientStreamListenerImpl$1StreamClosed.runInternal(ClientCallImpl.java:743)
	at org.apache.ratis.thirdparty.io.grpc.internal.ClientCallImpl$ClientStreamListenerImpl$1StreamClosed.runInContext(ClientCallImpl.java:722)
	at org.apache.ratis.thirdparty.io.grpc.internal.ContextRunnable.run(ContextRunnable.java:37)
	at org.apache.ratis.thirdparty.io.grpc.internal.SerializingExecutor.run(SerializingExecutor.java:133)
	at java.util.concurrent.ThreadPoolExecutor.runWorker(ThreadPoolExecutor.java:1149)
	at java.util.concurrent.ThreadPoolExecutor$Worker.run(ThreadPoolExecutor.java:624)
	at java.lang.Thread.run(Thread.java:750)
2022-11-08 06:34:18,021 [grpc-default-executor-4] INFO  server.GrpcLogAppender (GrpcLogAppender.java:onCompleted(415)) - 8077194d-366f-483b-b4d6-5a7a28c3c7f8@group-91CE96BBAFA1->193b940e-06e0-49a5-9247-5c39d5b56c1b-AppendLogResponseHandler: follower responses appendEntries COMPLETED
2022-11-08 06:34:18,033 [grpc-default-executor-4] WARN  server.GrpcLogAppender (GrpcLogAppender.java:resetClient(137)) - 8077194d-366f-483b-b4d6-5a7a28c3c7f8@group-91CE96BBAFA1->193b940e-06e0-49a5-9247-5c39d5b56c1b-GrpcLogAppender: Failed to getClient for 193b940e-06e0-49a5-9247-5c39d5b56c1b
org.apache.ratis.protocol.exceptions.AlreadyClosedException: 8077194d-366f-483b-b4d6-5a7a28c3c7f8 is already CLOSED
	at org.apache.ratis.util.PeerProxyMap$PeerAndProxy.getProxy(PeerProxyMap.java:61)
	at org.apache.ratis.util.PeerProxyMap.getProxy(PeerProxyMap.java:115)
	at org.apache.ratis.grpc.server.GrpcLogAppender.getClient(GrpcLogAppender.java:116)
	at org.apache.ratis.grpc.server.GrpcLogAppender.resetClient(GrpcLogAppender.java:121)
	at org.apache.ratis.grpc.server.GrpcLogAppender.access$500(GrpcLogAppender.java:58)
	at org.apache.ratis.grpc.server.GrpcLogAppender$AppendLogResponseHandler.onCompleted(GrpcLogAppender.java:416)
	at org.apache.ratis.thirdparty.io.grpc.stub.ClientCalls$StreamObserverToCallListenerAdapter.onClose(ClientCalls.java:485)
	at org.apache.ratis.thirdparty.io.grpc.internal.ClientCallImpl.closeObserver(ClientCallImpl.java:562)
	at org.apache.ratis.thirdparty.io.grpc.internal.ClientCallImpl.access$300(ClientCallImpl.java:70)
	at org.apache.ratis.thirdparty.io.grpc.internal.ClientCallImpl$ClientStreamListenerImpl$1StreamClosed.runInternal(ClientCallImpl.java:743)
	at org.apache.ratis.thirdparty.io.grpc.internal.ClientCallImpl$ClientStreamListenerImpl$1StreamClosed.runInContext(ClientCallImpl.java:722)
	at org.apache.ratis.thirdparty.io.grpc.internal.ContextRunnable.run(ContextRunnable.java:37)
	at org.apache.ratis.thirdparty.io.grpc.internal.SerializingExecutor.run(SerializingExecutor.java:133)
	at java.util.concurrent.ThreadPoolExecutor.runWorker(ThreadPoolExecutor.java:1149)
	at java.util.concurrent.ThreadPoolExecutor$Worker.run(ThreadPoolExecutor.java:624)
	at java.lang.Thread.run(Thread.java:750)
2022-11-08 06:34:18,034 [Listener at 127.0.0.1/44321] INFO  server.GrpcService (GrpcService.java:closeImpl(288)) - 8077194d-366f-483b-b4d6-5a7a28c3c7f8: shutdown server GrpcServerProtocolService successfully
2022-11-08 06:34:18,035 [ForkJoinPool.commonPool-worker-0] INFO  server.GrpcService (GrpcService.java:closeImpl(288)) - f5a08da9-e999-4666-9813-af0703791aee: shutdown server GrpcServerProtocolService successfully
2022-11-08 06:34:18,035 [JvmPauseMonitor13] INFO  util.JvmPauseMonitor (JvmPauseMonitor.java:run(111)) - JvmPauseMonitor-f5a08da9-e999-4666-9813-af0703791aee: Stopped
2022-11-08 06:34:18,044 [grpc-default-executor-1] INFO  server.GrpcLogAppender (GrpcLogAppender.java:onCompleted(415)) - 8077194d-366f-483b-b4d6-5a7a28c3c7f8@group-91CE96BBAFA1->d15a650e-2ebd-40cb-9b6d-ba61193ce2f9-AppendLogResponseHandler: follower responses appendEntries COMPLETED
2022-11-08 06:34:18,044 [grpc-default-executor-1] WARN  server.GrpcLogAppender (GrpcLogAppender.java:resetClient(137)) - 8077194d-366f-483b-b4d6-5a7a28c3c7f8@group-91CE96BBAFA1->d15a650e-2ebd-40cb-9b6d-ba61193ce2f9-GrpcLogAppender: Failed to getClient for d15a650e-2ebd-40cb-9b6d-ba61193ce2f9
org.apache.ratis.protocol.exceptions.AlreadyClosedException: 8077194d-366f-483b-b4d6-5a7a28c3c7f8 is already CLOSED
	at org.apache.ratis.util.PeerProxyMap$PeerAndProxy.getProxy(PeerProxyMap.java:61)
	at org.apache.ratis.util.PeerProxyMap.getProxy(PeerProxyMap.java:115)
	at org.apache.ratis.grpc.server.GrpcLogAppender.getClient(GrpcLogAppender.java:116)
	at org.apache.ratis.grpc.server.GrpcLogAppender.resetClient(GrpcLogAppender.java:121)
	at org.apache.ratis.grpc.server.GrpcLogAppender.access$500(GrpcLogAppender.java:58)
	at org.apache.ratis.grpc.server.GrpcLogAppender$AppendLogResponseHandler.onCompleted(GrpcLogAppender.java:416)
	at org.apache.ratis.thirdparty.io.grpc.stub.ClientCalls$StreamObserverToCallListenerAdapter.onClose(ClientCalls.java:485)
	at org.apache.ratis.thirdparty.io.grpc.internal.DelayedClientCall$DelayedListener$3.run(DelayedClientCall.java:468)
	at org.apache.ratis.thirdparty.io.grpc.internal.DelayedClientCall$DelayedListener.delayOrExecute(DelayedClientCall.java:432)
	at org.apache.ratis.thirdparty.io.grpc.internal.DelayedClientCall$DelayedListener.onClose(DelayedClientCall.java:465)
	at org.apache.ratis.thirdparty.io.grpc.internal.ClientCallImpl.closeObserver(ClientCallImpl.java:562)
	at org.apache.ratis.thirdparty.io.grpc.internal.ClientCallImpl.access$300(ClientCallImpl.java:70)
	at org.apache.ratis.thirdparty.io.grpc.internal.ClientCallImpl$ClientStreamListenerImpl$1StreamClosed.runInternal(ClientCallImpl.java:743)
	at org.apache.ratis.thirdparty.io.grpc.internal.ClientCallImpl$ClientStreamListenerImpl$1StreamClosed.runInContext(ClientCallImpl.java:722)
	at org.apache.ratis.thirdparty.io.grpc.internal.ContextRunnable.run(ContextRunnable.java:37)
	at org.apache.ratis.thirdparty.io.grpc.internal.SerializingExecutor.run(SerializingExecutor.java:133)
	at java.util.concurrent.ThreadPoolExecutor.runWorker(ThreadPoolExecutor.java:1149)
	at java.util.concurrent.ThreadPoolExecutor$Worker.run(ThreadPoolExecutor.java:624)
	at java.lang.Thread.run(Thread.java:750)
2022-11-08 06:34:18,044 [8077194d-366f-483b-b4d6-5a7a28c3c7f8-impl-thread2] INFO  segmented.SegmentedRaftLogWorker (SegmentedRaftLogWorker.java:close(255)) - 8077194d-366f-483b-b4d6-5a7a28c3c7f8@group-91CE96BBAFA1-SegmentedRaftLogWorker close()
2022-11-08 06:34:18,046 [8077194d-366f-483b-b4d6-5a7a28c3c7f8-impl-thread1] INFO  segmented.SegmentedRaftLogWorker (SegmentedRaftLogWorker.java:close(255)) - 8077194d-366f-483b-b4d6-5a7a28c3c7f8@group-FBDB94237A5E-SegmentedRaftLogWorker close()
2022-11-08 06:34:18,051 [JvmPauseMonitor15] INFO  util.JvmPauseMonitor (JvmPauseMonitor.java:run(111)) - JvmPauseMonitor-8077194d-366f-483b-b4d6-5a7a28c3c7f8: Stopped
2022-11-08 06:34:18,076 [Over Replicated Processor] INFO  replication.OverReplicatedProcessor (OverReplicatedProcessor.java:processAll(90)) - Processed 0 over replicated containers, failed processing 0
2022-11-08 06:34:18,083 [Under Replicated Processor] INFO  replication.UnderReplicatedProcessor (UnderReplicatedProcessor.java:processAll(92)) - Processed 0 under replicated containers, failed processing 0
2022-11-08 06:34:20,060 [ForkJoinPool.commonPool-worker-0] INFO  volume.HddsVolume (HddsVolume.java:closeDbStore(338)) - SchemaV3 db is stopped at /home/runner/work/ozone/ozone/hadoop-ozone/integration-test/target/test-dir/MiniOzoneClusterImpl-8e06ede3-228e-44b7-a612-3acc89ebc779/datanode-1/data-0/containers/hdds/8e06ede3-228e-44b7-a612-3acc89ebc779/DS-1263b9a6-05c4-43f9-861c-fce2c350a26a/container.db for volume DS-1263b9a6-05c4-43f9-861c-fce2c350a26a
2022-11-08 06:34:20,065 [ForkJoinPool.commonPool-worker-0] INFO  utils.BackgroundService (BackgroundService.java:shutdown(141)) - Shutting down service BlockDeletingService
2022-11-08 06:34:20,066 [ForkJoinPool.commonPool-worker-0] INFO  utils.BackgroundService (BackgroundService.java:shutdown(141)) - Shutting down service StaleRecoveringContainerScrubbingService
2022-11-08 06:34:20,070 [Listener at 127.0.0.1/44321] INFO  volume.HddsVolume (HddsVolume.java:closeDbStore(338)) - SchemaV3 db is stopped at /home/runner/work/ozone/ozone/hadoop-ozone/integration-test/target/test-dir/MiniOzoneClusterImpl-8e06ede3-228e-44b7-a612-3acc89ebc779/datanode-3/data-0/containers/hdds/8e06ede3-228e-44b7-a612-3acc89ebc779/DS-7363f2c8-6496-4b29-a087-ffc6a3f6c440/container.db for volume DS-7363f2c8-6496-4b29-a087-ffc6a3f6c440
2022-11-08 06:34:20,070 [Listener at 127.0.0.1/44321] INFO  utils.BackgroundService (BackgroundService.java:shutdown(141)) - Shutting down service BlockDeletingService
2022-11-08 06:34:20,071 [Listener at 127.0.0.1/44321] INFO  utils.BackgroundService (BackgroundService.java:shutdown(141)) - Shutting down service StaleRecoveringContainerScrubbingService
2022-11-08 06:34:20,073 [Listener at 127.0.0.1/44321] INFO  statemachine.DatanodeStateMachine (DatanodeStateMachine.java:stopDaemon(593)) - Ozone container server stopped.
2022-11-08 06:34:20,082 [ForkJoinPool.commonPool-worker-0] INFO  statemachine.DatanodeStateMachine (DatanodeStateMachine.java:stopDaemon(593)) - Ozone container server stopped.
2022-11-08 06:34:20,084 [Listener at 127.0.0.1/44321] INFO  handler.ContextHandler (ContextHandler.java:doStop(1159)) - Stopped o.e.j.w.WebAppContext@331ea1fe{hddsDatanode,/,null,STOPPED}{jar:file:/home/runner/.m2/repository/org/apache/ozone/hdds-container-service/1.3.0-SNAPSHOT/hdds-container-service-1.3.0-SNAPSHOT.jar!/webapps/hddsDatanode}
2022-11-08 06:34:20,090 [Listener at 127.0.0.1/44321] INFO  server.AbstractConnector (AbstractConnector.java:doStop(383)) - Stopped ServerConnector@6b7961a1{HTTP/1.1, (http/1.1)}{0.0.0.0:0}
2022-11-08 06:34:20,090 [Listener at 127.0.0.1/44321] INFO  server.session (HouseKeeper.java:stopScavenging(149)) - node0 Stopped scavenging
2022-11-08 06:34:20,090 [Listener at 127.0.0.1/44321] INFO  handler.ContextHandler (ContextHandler.java:doStop(1159)) - Stopped o.e.j.s.ServletContextHandler@74cf34a3{static,/static,jar:file:/home/runner/.m2/repository/org/apache/ozone/hdds-container-service/1.3.0-SNAPSHOT/hdds-container-service-1.3.0-SNAPSHOT.jar!/webapps/static,STOPPED}
2022-11-08 06:34:20,090 [Listener at 127.0.0.1/44321] INFO  handler.ContextHandler (ContextHandler.java:doStop(1159)) - Stopped o.e.j.s.ServletContextHandler@4693a0fc{logs,/logs,file:///home/runner/work/ozone/ozone/hadoop-ozone/integration-test/target/log,STOPPED}
2022-11-08 06:34:20,093 [Listener at 127.0.0.1/44321] INFO  ozoneimpl.OzoneContainer (OzoneContainer.java:stop(400)) - Attempting to stop container services.
2022-11-08 06:34:20,094 [Listener at 127.0.0.1/44321] INFO  server.RaftServer (RaftServerProxy.java:lambda$close$6(409)) - d15a650e-2ebd-40cb-9b6d-ba61193ce2f9: close
2022-11-08 06:34:20,094 [d15a650e-2ebd-40cb-9b6d-ba61193ce2f9-impl-thread1] INFO  server.RaftServer$Division (RaftServerImpl.java:lambda$close$4(458)) - d15a650e-2ebd-40cb-9b6d-ba61193ce2f9@group-FBDB94237A5E: shutdown
2022-11-08 06:34:20,094 [Listener at 127.0.0.1/44321] INFO  server.GrpcService (GrpcService.java:closeImpl(279)) - d15a650e-2ebd-40cb-9b6d-ba61193ce2f9: shutdown server GrpcServerProtocolService now
2022-11-08 06:34:20,094 [d15a650e-2ebd-40cb-9b6d-ba61193ce2f9-impl-thread1] INFO  util.JmxRegister (JmxRegister.java:unregister(73)) - Successfully un-registered JMX Bean with object name Ratis:service=RaftServer,group=group-FBDB94237A5E,id=d15a650e-2ebd-40cb-9b6d-ba61193ce2f9
2022-11-08 06:34:20,095 [d15a650e-2ebd-40cb-9b6d-ba61193ce2f9-impl-thread1] INFO  impl.RoleInfo (RoleInfo.java:shutdownFollowerState(110)) - d15a650e-2ebd-40cb-9b6d-ba61193ce2f9: shutdown d15a650e-2ebd-40cb-9b6d-ba61193ce2f9@group-FBDB94237A5E-FollowerState
2022-11-08 06:34:20,095 [d15a650e-2ebd-40cb-9b6d-ba61193ce2f9-impl-thread1] INFO  impl.StateMachineUpdater (StateMachineUpdater.java:stopAndJoin(153)) - d15a650e-2ebd-40cb-9b6d-ba61193ce2f9@group-FBDB94237A5E-StateMachineUpdater: set stopIndex = 0
2022-11-08 06:34:20,095 [d15a650e-2ebd-40cb-9b6d-ba61193ce2f9@group-FBDB94237A5E-FollowerState] INFO  impl.FollowerState (FollowerState.java:run(152)) - d15a650e-2ebd-40cb-9b6d-ba61193ce2f9@group-FBDB94237A5E-FollowerState was interrupted
2022-11-08 06:34:20,099 [grpc-default-executor-4] WARN  server.GrpcServerProtocolService (LogUtils.java:warn(122)) - d15a650e-2ebd-40cb-9b6d-ba61193ce2f9: installSnapshot onError, lastRequest: 193b940e-06e0-49a5-9247-5c39d5b56c1b->d15a650e-2ebd-40cb-9b6d-ba61193ce2f9#1-t4,previous=(t:0, i:0),leaderCommit=0,initializing? true,entries: size=1, first=(t:4, i:0), CONFIGURATIONENTRY(current:id: "193b940e-06e0-49a5-9247-5c39d5b56c1b"
address: "10.1.0.244:41285"
priority: 1
clientAddress: "10.1.0.244:41285"
adminAddress: "10.1.0.244:41285"
startupRole: FOLLOWER
,id: "d15a650e-2ebd-40cb-9b6d-ba61193ce2f9"
address: "10.1.0.244:33395"
clientAddress: "10.1.0.244:33395"
adminAddress: "10.1.0.244:33395"
startupRole: FOLLOWER
,id: "8077194d-366f-483b-b4d6-5a7a28c3c7f8"
address: "10.1.0.244:38223"
clientAddress: "10.1.0.244:38223"
adminAddress: "10.1.0.244:38223"
startupRole: FOLLOWER
, old:): org.apache.ratis.thirdparty.io.grpc.StatusRuntimeException: CANCELLED: client cancelled
2022-11-08 06:34:20,099 [grpc-default-executor-3] WARN  server.GrpcServerProtocolService (LogUtils.java:warn(122)) - d15a650e-2ebd-40cb-9b6d-ba61193ce2f9: installSnapshot onError, lastRequest: null: org.apache.ratis.thirdparty.io.grpc.StatusRuntimeException: CANCELLED: client cancelled
2022-11-08 06:34:20,099 [grpc-default-executor-7] WARN  server.GrpcLogAppender (LogUtils.java:warn(122)) - 193b940e-06e0-49a5-9247-5c39d5b56c1b@group-FBDB94237A5E->d15a650e-2ebd-40cb-9b6d-ba61193ce2f9-AppendLogResponseHandler: Failed appendEntries: org.apache.ratis.thirdparty.io.grpc.StatusRuntimeException: CANCELLED: RST_STREAM closed stream. HTTP/2 error code: CANCEL
2022-11-08 06:34:20,099 [Listener at 127.0.0.1/44321] INFO  server.GrpcServerProtocolClient (GrpcServerProtocolClient.java:close(111)) - 193b940e-06e0-49a5-9247-5c39d5b56c1b Close channels
2022-11-08 06:34:20,099 [d15a650e-2ebd-40cb-9b6d-ba61193ce2f9-impl-thread2] INFO  server.RaftServer$Division (RaftServerImpl.java:lambda$close$4(458)) - d15a650e-2ebd-40cb-9b6d-ba61193ce2f9@group-91CE96BBAFA1: shutdown
2022-11-08 06:34:20,099 [grpc-default-executor-7] WARN  server.GrpcLogAppender (GrpcLogAppender.java:resetClient(131)) - 193b940e-06e0-49a5-9247-5c39d5b56c1b@group-FBDB94237A5E->d15a650e-2ebd-40cb-9b6d-ba61193ce2f9-GrpcLogAppender: Leader has not got in touch with Follower 193b940e-06e0-49a5-9247-5c39d5b56c1b@group-FBDB94237A5E->d15a650e-2ebd-40cb-9b6d-ba61193ce2f9(c0,m0,n1, attendVote=true, lastRpcSendTime=2171, lastRpcResponseTime=2158) yet, just keep nextIndex unchanged and retry.
2022-11-08 06:34:20,099 [grpc-default-executor-1] WARN  server.GrpcLogAppender (LogUtils.java:warn(122)) - 193b940e-06e0-49a5-9247-5c39d5b56c1b@group-FBDB94237A5E->d15a650e-2ebd-40cb-9b6d-ba61193ce2f9-AppendLogResponseHandler: Failed appendEntries: org.apache.ratis.thirdparty.io.grpc.StatusRuntimeException: CANCELLED: RST_STREAM closed stream. HTTP/2 error code: CANCEL
2022-11-08 06:34:20,100 [grpc-default-executor-1] WARN  server.GrpcLogAppender (GrpcLogAppender.java:resetClient(131)) - 193b940e-06e0-49a5-9247-5c39d5b56c1b@group-FBDB94237A5E->d15a650e-2ebd-40cb-9b6d-ba61193ce2f9-GrpcLogAppender: Leader has not got in touch with Follower 193b940e-06e0-49a5-9247-5c39d5b56c1b@group-FBDB94237A5E->d15a650e-2ebd-40cb-9b6d-ba61193ce2f9(c0,m0,n1, attendVote=true, lastRpcSendTime=2172, lastRpcResponseTime=2159) yet, just keep nextIndex unchanged and retry.
2022-11-08 06:34:20,106 [d15a650e-2ebd-40cb-9b6d-ba61193ce2f9@group-FBDB94237A5E-StateMachineUpdater] INFO  ratis.ContainerStateMachine (ContainerStateMachine.java:takeSnapshot(304)) - group-FBDB94237A5E: Taking a snapshot at:(t:4, i:0) file /home/runner/work/ozone/ozone/hadoop-ozone/integration-test/target/test-dir/MiniOzoneClusterImpl-8e06ede3-228e-44b7-a612-3acc89ebc779/datanode-5/data/ratis/b9dd9320-e1e2-41f1-aa16-fbdb94237a5e/sm/snapshot.4_0
2022-11-08 06:34:20,106 [Listener at 127.0.0.1/44321] INFO  server.GrpcServerProtocolClient (GrpcServerProtocolClient.java:close(111)) - 8077194d-366f-483b-b4d6-5a7a28c3c7f8 Close channels
2022-11-08 06:34:20,106 [Listener at 127.0.0.1/44321] INFO  server.GrpcService (GrpcService.java:closeImpl(288)) - d15a650e-2ebd-40cb-9b6d-ba61193ce2f9: shutdown server GrpcServerProtocolService successfully
2022-11-08 06:34:20,107 [d15a650e-2ebd-40cb-9b6d-ba61193ce2f9-impl-thread2] INFO  util.JmxRegister (JmxRegister.java:unregister(73)) - Successfully un-registered JMX Bean with object name Ratis:service=RaftServer,group=group-91CE96BBAFA1,id=d15a650e-2ebd-40cb-9b6d-ba61193ce2f9
2022-11-08 06:34:20,107 [d15a650e-2ebd-40cb-9b6d-ba61193ce2f9-impl-thread2] INFO  impl.RoleInfo (RoleInfo.java:shutdownFollowerState(110)) - d15a650e-2ebd-40cb-9b6d-ba61193ce2f9: shutdown d15a650e-2ebd-40cb-9b6d-ba61193ce2f9@group-91CE96BBAFA1-FollowerState
2022-11-08 06:34:20,107 [d15a650e-2ebd-40cb-9b6d-ba61193ce2f9-impl-thread2] INFO  impl.StateMachineUpdater (StateMachineUpdater.java:stopAndJoin(153)) - d15a650e-2ebd-40cb-9b6d-ba61193ce2f9@group-91CE96BBAFA1-StateMachineUpdater: set stopIndex = 0
2022-11-08 06:34:20,108 [ForkJoinPool.commonPool-worker-0] INFO  handler.ContextHandler (ContextHandler.java:doStop(1159)) - Stopped o.e.j.w.WebAppContext@39a7de2a{hddsDatanode,/,null,STOPPED}{jar:file:/home/runner/.m2/repository/org/apache/ozone/hdds-container-service/1.3.0-SNAPSHOT/hdds-container-service-1.3.0-SNAPSHOT.jar!/webapps/hddsDatanode}
2022-11-08 06:34:20,108 [d15a650e-2ebd-40cb-9b6d-ba61193ce2f9@group-FBDB94237A5E-StateMachineUpdater] INFO  ratis.ContainerStateMachine (ContainerStateMachine.java:takeSnapshot(315)) - group-FBDB94237A5E: Finished taking a snapshot at:(t:4, i:0) file:/home/runner/work/ozone/ozone/hadoop-ozone/integration-test/target/test-dir/MiniOzoneClusterImpl-8e06ede3-228e-44b7-a612-3acc89ebc779/datanode-5/data/ratis/b9dd9320-e1e2-41f1-aa16-fbdb94237a5e/sm/snapshot.4_0 took: 2 ms
2022-11-08 06:34:20,108 [d15a650e-2ebd-40cb-9b6d-ba61193ce2f9@group-FBDB94237A5E-StateMachineUpdater] INFO  impl.StateMachineUpdater (StateMachineUpdater.java:takeSnapshot(287)) - d15a650e-2ebd-40cb-9b6d-ba61193ce2f9@group-FBDB94237A5E-StateMachineUpdater: Took a snapshot at index 0
2022-11-08 06:34:20,108 [d15a650e-2ebd-40cb-9b6d-ba61193ce2f9@group-FBDB94237A5E-StateMachineUpdater] INFO  impl.StateMachineUpdater (StateMachineUpdater.java:lambda$new$0(92)) - d15a650e-2ebd-40cb-9b6d-ba61193ce2f9@group-FBDB94237A5E-StateMachineUpdater: snapshotIndex: updateIncreasingly -1 -> 0
2022-11-08 06:34:20,108 [d15a650e-2ebd-40cb-9b6d-ba61193ce2f9-impl-thread1] INFO  server.RaftServer$Division (ServerState.java:close(466)) - d15a650e-2ebd-40cb-9b6d-ba61193ce2f9@group-FBDB94237A5E: closes. applyIndex: 0
2022-11-08 06:34:20,109 [d15a650e-2ebd-40cb-9b6d-ba61193ce2f9@group-91CE96BBAFA1-FollowerState] INFO  impl.FollowerState (FollowerState.java:run(152)) - d15a650e-2ebd-40cb-9b6d-ba61193ce2f9@group-91CE96BBAFA1-FollowerState was interrupted
2022-11-08 06:34:20,109 [ForkJoinPool.commonPool-worker-0] INFO  server.AbstractConnector (AbstractConnector.java:doStop(383)) - Stopped ServerConnector@6e1421ff{HTTP/1.1, (http/1.1)}{0.0.0.0:0}
2022-11-08 06:34:20,109 [ForkJoinPool.commonPool-worker-0] INFO  server.session (HouseKeeper.java:stopScavenging(149)) - node0 Stopped scavenging
2022-11-08 06:34:20,110 [d15a650e-2ebd-40cb-9b6d-ba61193ce2f9@group-FBDB94237A5E-SegmentedRaftLogWorker] INFO  segmented.SegmentedRaftLogWorker (SegmentedRaftLogWorker.java:run(345)) - d15a650e-2ebd-40cb-9b6d-ba61193ce2f9@group-FBDB94237A5E-SegmentedRaftLogWorker was interrupted, exiting. There are 0 tasks remaining in the queue.
2022-11-08 06:34:20,110 [d15a650e-2ebd-40cb-9b6d-ba61193ce2f9@group-91CE96BBAFA1-StateMachineUpdater] INFO  ratis.ContainerStateMachine (ContainerStateMachine.java:takeSnapshot(304)) - group-91CE96BBAFA1: Taking a snapshot at:(t:2, i:0) file /home/runner/work/ozone/ozone/hadoop-ozone/integration-test/target/test-dir/MiniOzoneClusterImpl-8e06ede3-228e-44b7-a612-3acc89ebc779/datanode-5/data/ratis/e702fae6-23a0-4e82-a6cc-91ce96bbafa1/sm/snapshot.2_0
2022-11-08 06:34:20,114 [d15a650e-2ebd-40cb-9b6d-ba61193ce2f9@group-91CE96BBAFA1-StateMachineUpdater] INFO  ratis.ContainerStateMachine (ContainerStateMachine.java:takeSnapshot(315)) - group-91CE96BBAFA1: Finished taking a snapshot at:(t:2, i:0) file:/home/runner/work/ozone/ozone/hadoop-ozone/integration-test/target/test-dir/MiniOzoneClusterImpl-8e06ede3-228e-44b7-a612-3acc89ebc779/datanode-5/data/ratis/e702fae6-23a0-4e82-a6cc-91ce96bbafa1/sm/snapshot.2_0 took: 4 ms
2022-11-08 06:34:20,114 [d15a650e-2ebd-40cb-9b6d-ba61193ce2f9@group-91CE96BBAFA1-StateMachineUpdater] INFO  impl.StateMachineUpdater (StateMachineUpdater.java:takeSnapshot(287)) - d15a650e-2ebd-40cb-9b6d-ba61193ce2f9@group-91CE96BBAFA1-StateMachineUpdater: Took a snapshot at index 0
2022-11-08 06:34:20,114 [d15a650e-2ebd-40cb-9b6d-ba61193ce2f9@group-91CE96BBAFA1-StateMachineUpdater] INFO  impl.StateMachineUpdater (StateMachineUpdater.java:lambda$new$0(92)) - d15a650e-2ebd-40cb-9b6d-ba61193ce2f9@group-91CE96BBAFA1-StateMachineUpdater: snapshotIndex: updateIncreasingly -1 -> 0
2022-11-08 06:34:20,114 [d15a650e-2ebd-40cb-9b6d-ba61193ce2f9-impl-thread2] INFO  server.RaftServer$Division (ServerState.java:close(466)) - d15a650e-2ebd-40cb-9b6d-ba61193ce2f9@group-91CE96BBAFA1: closes. applyIndex: 0
2022-11-08 06:34:20,114 [d15a650e-2ebd-40cb-9b6d-ba61193ce2f9@group-91CE96BBAFA1-SegmentedRaftLogWorker] INFO  segmented.SegmentedRaftLogWorker (SegmentedRaftLogWorker.java:run(345)) - d15a650e-2ebd-40cb-9b6d-ba61193ce2f9@group-91CE96BBAFA1-SegmentedRaftLogWorker was interrupted, exiting. There are 0 tasks remaining in the queue.
2022-11-08 06:34:20,115 [ForkJoinPool.commonPool-worker-0] INFO  handler.ContextHandler (ContextHandler.java:doStop(1159)) - Stopped o.e.j.s.ServletContextHandler@4465326b{static,/static,jar:file:/home/runner/.m2/repository/org/apache/ozone/hdds-container-service/1.3.0-SNAPSHOT/hdds-container-service-1.3.0-SNAPSHOT.jar!/webapps/static,STOPPED}
2022-11-08 06:34:20,115 [d15a650e-2ebd-40cb-9b6d-ba61193ce2f9-impl-thread1] INFO  segmented.SegmentedRaftLogWorker (SegmentedRaftLogWorker.java:close(255)) - d15a650e-2ebd-40cb-9b6d-ba61193ce2f9@group-FBDB94237A5E-SegmentedRaftLogWorker close()
2022-11-08 06:34:20,115 [d15a650e-2ebd-40cb-9b6d-ba61193ce2f9-impl-thread2] INFO  segmented.SegmentedRaftLogWorker (SegmentedRaftLogWorker.java:close(255)) - d15a650e-2ebd-40cb-9b6d-ba61193ce2f9@group-91CE96BBAFA1-SegmentedRaftLogWorker close()
2022-11-08 06:34:20,117 [ForkJoinPool.commonPool-worker-0] INFO  handler.ContextHandler (ContextHandler.java:doStop(1159)) - Stopped o.e.j.s.ServletContextHandler@33459a1c{logs,/logs,file:///home/runner/work/ozone/ozone/hadoop-ozone/integration-test/target/log,STOPPED}
2022-11-08 06:34:20,119 [JvmPauseMonitor17] INFO  util.JvmPauseMonitor (JvmPauseMonitor.java:run(111)) - JvmPauseMonitor-d15a650e-2ebd-40cb-9b6d-ba61193ce2f9: Stopped
2022-11-08 06:34:20,126 [ForkJoinPool.commonPool-worker-0] INFO  ozoneimpl.OzoneContainer (OzoneContainer.java:stop(400)) - Attempting to stop container services.
2022-11-08 06:34:20,127 [ForkJoinPool.commonPool-worker-0] INFO  server.RaftServer (RaftServerProxy.java:lambda$close$6(409)) - 73b7dc0c-af7c-46fd-8914-03b4db151d45: close
2022-11-08 06:34:20,127 [ForkJoinPool.commonPool-worker-0] INFO  server.GrpcService (GrpcService.java:closeImpl(279)) - 73b7dc0c-af7c-46fd-8914-03b4db151d45: shutdown server GrpcServerProtocolService now
2022-11-08 06:34:20,129 [ForkJoinPool.commonPool-worker-0] INFO  server.GrpcServerProtocolClient (GrpcServerProtocolClient.java:close(111)) - 7cdbd1b5-097b-4b08-9783-327855de8893 Close channels
2022-11-08 06:34:20,133 [ForkJoinPool.commonPool-worker-0] INFO  server.GrpcServerProtocolClient (GrpcServerProtocolClient.java:close(111)) - f5a08da9-e999-4666-9813-af0703791aee Close channels
2022-11-08 06:34:20,133 [ForkJoinPool.commonPool-worker-0] INFO  server.GrpcService (GrpcService.java:closeImpl(288)) - 73b7dc0c-af7c-46fd-8914-03b4db151d45: shutdown server GrpcServerProtocolService successfully
2022-11-08 06:34:20,133 [JvmPauseMonitor14] INFO  util.JvmPauseMonitor (JvmPauseMonitor.java:run(111)) - JvmPauseMonitor-73b7dc0c-af7c-46fd-8914-03b4db151d45: Stopped
2022-11-08 06:34:20,444 [grpc-default-executor-7] WARN  server.GrpcLogAppender (LogUtils.java:warn(122)) - 193b940e-06e0-49a5-9247-5c39d5b56c1b@group-FBDB94237A5E->8077194d-366f-483b-b4d6-5a7a28c3c7f8-AppendLogResponseHandler: Failed appendEntries: org.apache.ratis.thirdparty.io.grpc.StatusRuntimeException: UNAVAILABLE: io exception
2022-11-08 06:34:20,446 [grpc-default-executor-3] WARN  server.GrpcLogAppender (LogUtils.java:warn(122)) - 193b940e-06e0-49a5-9247-5c39d5b56c1b@group-FBDB94237A5E->8077194d-366f-483b-b4d6-5a7a28c3c7f8-AppendLogResponseHandler: Failed appendEntries: org.apache.ratis.thirdparty.io.grpc.StatusRuntimeException: UNAVAILABLE: io exception
2022-11-08 06:34:20,446 [grpc-default-executor-3] WARN  server.GrpcLogAppender (GrpcLogAppender.java:resetClient(131)) - 193b940e-06e0-49a5-9247-5c39d5b56c1b@group-FBDB94237A5E->8077194d-366f-483b-b4d6-5a7a28c3c7f8-GrpcLogAppender: Leader has not got in touch with Follower 193b940e-06e0-49a5-9247-5c39d5b56c1b@group-FBDB94237A5E->8077194d-366f-483b-b4d6-5a7a28c3c7f8(c0,m0,n1, attendVote=true, lastRpcSendTime=3, lastRpcResponseTime=2505) yet, just keep nextIndex unchanged and retry.
2022-11-08 06:34:20,447 [grpc-default-executor-7] WARN  server.GrpcLogAppender (GrpcLogAppender.java:resetClient(131)) - 193b940e-06e0-49a5-9247-5c39d5b56c1b@group-FBDB94237A5E->8077194d-366f-483b-b4d6-5a7a28c3c7f8-GrpcLogAppender: Leader has not got in touch with Follower 193b940e-06e0-49a5-9247-5c39d5b56c1b@group-FBDB94237A5E->8077194d-366f-483b-b4d6-5a7a28c3c7f8(c0,m0,n1, attendVote=true, lastRpcSendTime=3, lastRpcResponseTime=2506) yet, just keep nextIndex unchanged and retry.
2022-11-08 06:34:20,449 [grpc-default-executor-1] WARN  server.GrpcLogAppender (LogUtils.java:warn(122)) - 193b940e-06e0-49a5-9247-5c39d5b56c1b@group-FBDB94237A5E->d15a650e-2ebd-40cb-9b6d-ba61193ce2f9-AppendLogResponseHandler: Failed appendEntries: org.apache.ratis.thirdparty.io.grpc.StatusRuntimeException: UNAVAILABLE: io exception
2022-11-08 06:34:20,449 [grpc-default-executor-1] WARN  server.GrpcLogAppender (GrpcLogAppender.java:resetClient(131)) - 193b940e-06e0-49a5-9247-5c39d5b56c1b@group-FBDB94237A5E->d15a650e-2ebd-40cb-9b6d-ba61193ce2f9-GrpcLogAppender: Leader has not got in touch with Follower 193b940e-06e0-49a5-9247-5c39d5b56c1b@group-FBDB94237A5E->d15a650e-2ebd-40cb-9b6d-ba61193ce2f9(c0,m0,n1, attendVote=true, lastRpcSendTime=2, lastRpcResponseTime=2508) yet, just keep nextIndex unchanged and retry.
2022-11-08 06:34:20,450 [grpc-default-executor-1] WARN  server.GrpcLogAppender (LogUtils.java:warn(122)) - 193b940e-06e0-49a5-9247-5c39d5b56c1b@group-FBDB94237A5E->d15a650e-2ebd-40cb-9b6d-ba61193ce2f9-AppendLogResponseHandler: Failed appendEntries: org.apache.ratis.thirdparty.io.grpc.StatusRuntimeException: UNAVAILABLE: io exception
2022-11-08 06:34:20,450 [grpc-default-executor-1] WARN  server.GrpcLogAppender (GrpcLogAppender.java:resetClient(131)) - 193b940e-06e0-49a5-9247-5c39d5b56c1b@group-FBDB94237A5E->d15a650e-2ebd-40cb-9b6d-ba61193ce2f9-GrpcLogAppender: Leader has not got in touch with Follower 193b940e-06e0-49a5-9247-5c39d5b56c1b@group-FBDB94237A5E->d15a650e-2ebd-40cb-9b6d-ba61193ce2f9(c0,m0,n1, attendVote=true, lastRpcSendTime=2, lastRpcResponseTime=2508) yet, just keep nextIndex unchanged and retry.
2022-11-08 06:34:21,712 [grpc-default-executor-7] WARN  server.GrpcLogAppender (LogUtils.java:warn(122)) - 193b940e-06e0-49a5-9247-5c39d5b56c1b@group-FBDB94237A5E->d15a650e-2ebd-40cb-9b6d-ba61193ce2f9-AppendLogResponseHandler: Failed appendEntries: org.apache.ratis.thirdparty.io.grpc.StatusRuntimeException: UNAVAILABLE: io exception
2022-11-08 06:34:21,713 [grpc-default-executor-7] WARN  server.GrpcLogAppender (GrpcLogAppender.java:resetClient(131)) - 193b940e-06e0-49a5-9247-5c39d5b56c1b@group-FBDB94237A5E->d15a650e-2ebd-40cb-9b6d-ba61193ce2f9-GrpcLogAppender: Leader has not got in touch with Follower 193b940e-06e0-49a5-9247-5c39d5b56c1b@group-FBDB94237A5E->d15a650e-2ebd-40cb-9b6d-ba61193ce2f9(c0,m0,n1, attendVote=true, lastRpcSendTime=1, lastRpcResponseTime=3772) yet, just keep nextIndex unchanged and retry.
2022-11-08 06:34:21,714 [grpc-default-executor-0] WARN  server.GrpcLogAppender (LogUtils.java:warn(122)) - 193b940e-06e0-49a5-9247-5c39d5b56c1b@group-FBDB94237A5E->8077194d-366f-483b-b4d6-5a7a28c3c7f8-AppendLogResponseHandler: Failed appendEntries: org.apache.ratis.thirdparty.io.grpc.StatusRuntimeException: UNAVAILABLE: io exception
2022-11-08 06:34:21,714 [grpc-default-executor-0] WARN  server.GrpcLogAppender (GrpcLogAppender.java:resetClient(131)) - 193b940e-06e0-49a5-9247-5c39d5b56c1b@group-FBDB94237A5E->8077194d-366f-483b-b4d6-5a7a28c3c7f8-GrpcLogAppender: Leader has not got in touch with Follower 193b940e-06e0-49a5-9247-5c39d5b56c1b@group-FBDB94237A5E->8077194d-366f-483b-b4d6-5a7a28c3c7f8(c0,m0,n1, attendVote=true, lastRpcSendTime=1, lastRpcResponseTime=3773) yet, just keep nextIndex unchanged and retry.
2022-11-08 06:34:21,712 [grpc-default-executor-1] WARN  server.GrpcLogAppender (LogUtils.java:warn(122)) - 193b940e-06e0-49a5-9247-5c39d5b56c1b@group-FBDB94237A5E->d15a650e-2ebd-40cb-9b6d-ba61193ce2f9-AppendLogResponseHandler: Failed appendEntries: org.apache.ratis.thirdparty.io.grpc.StatusRuntimeException: UNAVAILABLE: io exception
2022-11-08 06:34:21,716 [grpc-default-executor-1] WARN  server.GrpcLogAppender (GrpcLogAppender.java:resetClient(131)) - 193b940e-06e0-49a5-9247-5c39d5b56c1b@group-FBDB94237A5E->d15a650e-2ebd-40cb-9b6d-ba61193ce2f9-GrpcLogAppender: Leader has not got in touch with Follower 193b940e-06e0-49a5-9247-5c39d5b56c1b@group-FBDB94237A5E->d15a650e-2ebd-40cb-9b6d-ba61193ce2f9(c0,m0,n1, attendVote=true, lastRpcSendTime=3, lastRpcResponseTime=3774) yet, just keep nextIndex unchanged and retry.
2022-11-08 06:34:21,712 [grpc-default-executor-3] WARN  server.GrpcLogAppender (LogUtils.java:warn(122)) - 193b940e-06e0-49a5-9247-5c39d5b56c1b@group-FBDB94237A5E->8077194d-366f-483b-b4d6-5a7a28c3c7f8-AppendLogResponseHandler: Failed appendEntries: org.apache.ratis.thirdparty.io.grpc.StatusRuntimeException: UNAVAILABLE: io exception
2022-11-08 06:34:21,719 [grpc-default-executor-3] WARN  server.GrpcLogAppender (GrpcLogAppender.java:resetClient(131)) - 193b940e-06e0-49a5-9247-5c39d5b56c1b@group-FBDB94237A5E->8077194d-366f-483b-b4d6-5a7a28c3c7f8-GrpcLogAppender: Leader has not got in touch with Follower 193b940e-06e0-49a5-9247-5c39d5b56c1b@group-FBDB94237A5E->8077194d-366f-483b-b4d6-5a7a28c3c7f8(c0,m0,n1, attendVote=true, lastRpcSendTime=6, lastRpcResponseTime=3778) yet, just keep nextIndex unchanged and retry.
2022-11-08 06:34:22,158 [ForkJoinPool.commonPool-worker-0] INFO  volume.HddsVolume (HddsVolume.java:closeDbStore(338)) - SchemaV3 db is stopped at /home/runner/work/ozone/ozone/hadoop-ozone/integration-test/target/test-dir/MiniOzoneClusterImpl-8e06ede3-228e-44b7-a612-3acc89ebc779/datanode-2/data-0/containers/hdds/8e06ede3-228e-44b7-a612-3acc89ebc779/DS-adb80659-b749-4e9b-958f-d48e7f489de5/container.db for volume DS-adb80659-b749-4e9b-958f-d48e7f489de5
2022-11-08 06:34:22,158 [Listener at 127.0.0.1/44321] INFO  volume.HddsVolume (HddsVolume.java:closeDbStore(338)) - SchemaV3 db is stopped at /home/runner/work/ozone/ozone/hadoop-ozone/integration-test/target/test-dir/MiniOzoneClusterImpl-8e06ede3-228e-44b7-a612-3acc89ebc779/datanode-5/data-0/containers/hdds/8e06ede3-228e-44b7-a612-3acc89ebc779/DS-5f47bca3-868f-4075-b56d-8bcdc3d70426/container.db for volume DS-5f47bca3-868f-4075-b56d-8bcdc3d70426
2022-11-08 06:34:22,159 [Listener at 127.0.0.1/44321] INFO  utils.BackgroundService (BackgroundService.java:shutdown(141)) - Shutting down service BlockDeletingService
2022-11-08 06:34:22,159 [Listener at 127.0.0.1/44321] INFO  utils.BackgroundService (BackgroundService.java:shutdown(141)) - Shutting down service StaleRecoveringContainerScrubbingService
2022-11-08 06:34:22,174 [ForkJoinPool.commonPool-worker-0] INFO  utils.BackgroundService (BackgroundService.java:shutdown(141)) - Shutting down service BlockDeletingService
2022-11-08 06:34:22,175 [ForkJoinPool.commonPool-worker-0] INFO  utils.BackgroundService (BackgroundService.java:shutdown(141)) - Shutting down service StaleRecoveringContainerScrubbingService
2022-11-08 06:34:22,190 [Listener at 127.0.0.1/44321] INFO  statemachine.DatanodeStateMachine (DatanodeStateMachine.java:stopDaemon(593)) - Ozone container server stopped.
2022-11-08 06:34:22,200 [Listener at 127.0.0.1/44321] INFO  handler.ContextHandler (ContextHandler.java:doStop(1159)) - Stopped o.e.j.w.WebAppContext@351cd23c{hddsDatanode,/,null,STOPPED}{jar:file:/home/runner/.m2/repository/org/apache/ozone/hdds-container-service/1.3.0-SNAPSHOT/hdds-container-service-1.3.0-SNAPSHOT.jar!/webapps/hddsDatanode}
2022-11-08 06:34:22,202 [ForkJoinPool.commonPool-worker-0] INFO  statemachine.DatanodeStateMachine (DatanodeStateMachine.java:stopDaemon(593)) - Ozone container server stopped.
2022-11-08 06:34:22,212 [Listener at 127.0.0.1/44321] INFO  server.AbstractConnector (AbstractConnector.java:doStop(383)) - Stopped ServerConnector@22c16f5f{HTTP/1.1, (http/1.1)}{0.0.0.0:0}
2022-11-08 06:34:22,212 [Listener at 127.0.0.1/44321] INFO  server.session (HouseKeeper.java:stopScavenging(149)) - node0 Stopped scavenging
2022-11-08 06:34:22,213 [Listener at 127.0.0.1/44321] INFO  handler.ContextHandler (ContextHandler.java:doStop(1159)) - Stopped o.e.j.s.ServletContextHandler@58cfd81{static,/static,jar:file:/home/runner/.m2/repository/org/apache/ozone/hdds-container-service/1.3.0-SNAPSHOT/hdds-container-service-1.3.0-SNAPSHOT.jar!/webapps/static,STOPPED}
2022-11-08 06:34:22,213 [Listener at 127.0.0.1/44321] INFO  handler.ContextHandler (ContextHandler.java:doStop(1159)) - Stopped o.e.j.s.ServletContextHandler@35fd00a0{logs,/logs,file:///home/runner/work/ozone/ozone/hadoop-ozone/integration-test/target/log,STOPPED}
2022-11-08 06:34:22,222 [ForkJoinPool.commonPool-worker-0] INFO  handler.ContextHandler (ContextHandler.java:doStop(1159)) - Stopped o.e.j.w.WebAppContext@10cf15c0{hddsDatanode,/,null,STOPPED}{jar:file:/home/runner/.m2/repository/org/apache/ozone/hdds-container-service/1.3.0-SNAPSHOT/hdds-container-service-1.3.0-SNAPSHOT.jar!/webapps/hddsDatanode}
2022-11-08 06:34:22,223 [ForkJoinPool.commonPool-worker-0] INFO  server.AbstractConnector (AbstractConnector.java:doStop(383)) - Stopped ServerConnector@3f8bd4b1{HTTP/1.1, (http/1.1)}{0.0.0.0:0}
2022-11-08 06:34:22,223 [ForkJoinPool.commonPool-worker-0] INFO  server.session (HouseKeeper.java:stopScavenging(149)) - node0 Stopped scavenging
2022-11-08 06:34:22,225 [ForkJoinPool.commonPool-worker-0] INFO  handler.ContextHandler (ContextHandler.java:doStop(1159)) - Stopped o.e.j.s.ServletContextHandler@2cfe99df{static,/static,jar:file:/home/runner/.m2/repository/org/apache/ozone/hdds-container-service/1.3.0-SNAPSHOT/hdds-container-service-1.3.0-SNAPSHOT.jar!/webapps/static,STOPPED}
2022-11-08 06:34:22,225 [ForkJoinPool.commonPool-worker-0] INFO  handler.ContextHandler (ContextHandler.java:doStop(1159)) - Stopped o.e.j.s.ServletContextHandler@11359920{logs,/logs,file:///home/runner/work/ozone/ozone/hadoop-ozone/integration-test/target/log,STOPPED}
2022-11-08 06:34:22,225 [Listener at 127.0.0.1/44321] INFO  ozoneimpl.OzoneContainer (OzoneContainer.java:stop(400)) - Attempting to stop container services.
2022-11-08 06:34:22,227 [Listener at 127.0.0.1/44321] INFO  server.RaftServer (RaftServerProxy.java:lambda$close$6(409)) - 193b940e-06e0-49a5-9247-5c39d5b56c1b: close
2022-11-08 06:34:22,227 [193b940e-06e0-49a5-9247-5c39d5b56c1b-impl-thread1] INFO  server.RaftServer$Division (RaftServerImpl.java:lambda$close$4(458)) - 193b940e-06e0-49a5-9247-5c39d5b56c1b@group-FBDB94237A5E: shutdown
2022-11-08 06:34:22,227 [193b940e-06e0-49a5-9247-5c39d5b56c1b-impl-thread1] INFO  util.JmxRegister (JmxRegister.java:unregister(73)) - Successfully un-registered JMX Bean with object name Ratis:service=RaftServer,group=group-FBDB94237A5E,id=193b940e-06e0-49a5-9247-5c39d5b56c1b
2022-11-08 06:34:22,227 [193b940e-06e0-49a5-9247-5c39d5b56c1b-impl-thread1] INFO  impl.RoleInfo (RoleInfo.java:shutdownLeaderState(93)) - 193b940e-06e0-49a5-9247-5c39d5b56c1b: shutdown 193b940e-06e0-49a5-9247-5c39d5b56c1b@group-FBDB94237A5E-LeaderStateImpl
2022-11-08 06:34:22,227 [193b940e-06e0-49a5-9247-5c39d5b56c1b-impl-thread1] INFO  impl.PendingRequests (PendingRequests.java:sendNotLeaderResponses(282)) - 193b940e-06e0-49a5-9247-5c39d5b56c1b@group-FBDB94237A5E-PendingRequests: sendNotLeaderResponses
2022-11-08 06:34:22,228 [193b940e-06e0-49a5-9247-5c39d5b56c1b-impl-thread1] INFO  impl.StateMachineUpdater (StateMachineUpdater.java:stopAndJoin(153)) - 193b940e-06e0-49a5-9247-5c39d5b56c1b@group-FBDB94237A5E-StateMachineUpdater: set stopIndex = 0
2022-11-08 06:34:22,229 [193b940e-06e0-49a5-9247-5c39d5b56c1b@group-FBDB94237A5E-StateMachineUpdater] INFO  ratis.ContainerStateMachine (ContainerStateMachine.java:takeSnapshot(304)) - group-FBDB94237A5E: Taking a snapshot at:(t:4, i:0) file /home/runner/work/ozone/ozone/hadoop-ozone/integration-test/target/test-dir/MiniOzoneClusterImpl-8e06ede3-228e-44b7-a612-3acc89ebc779/datanode-4/data/ratis/b9dd9320-e1e2-41f1-aa16-fbdb94237a5e/sm/snapshot.4_0
2022-11-08 06:34:22,231 [193b940e-06e0-49a5-9247-5c39d5b56c1b@group-FBDB94237A5E-StateMachineUpdater] INFO  ratis.ContainerStateMachine (ContainerStateMachine.java:takeSnapshot(315)) - group-FBDB94237A5E: Finished taking a snapshot at:(t:4, i:0) file:/home/runner/work/ozone/ozone/hadoop-ozone/integration-test/target/test-dir/MiniOzoneClusterImpl-8e06ede3-228e-44b7-a612-3acc89ebc779/datanode-4/data/ratis/b9dd9320-e1e2-41f1-aa16-fbdb94237a5e/sm/snapshot.4_0 took: 1 ms
2022-11-08 06:34:22,231 [193b940e-06e0-49a5-9247-5c39d5b56c1b@group-FBDB94237A5E-StateMachineUpdater] INFO  impl.StateMachineUpdater (StateMachineUpdater.java:takeSnapshot(287)) - 193b940e-06e0-49a5-9247-5c39d5b56c1b@group-FBDB94237A5E-StateMachineUpdater: Took a snapshot at index 0
2022-11-08 06:34:22,231 [193b940e-06e0-49a5-9247-5c39d5b56c1b@group-FBDB94237A5E-StateMachineUpdater] INFO  impl.StateMachineUpdater (StateMachineUpdater.java:lambda$new$0(92)) - 193b940e-06e0-49a5-9247-5c39d5b56c1b@group-FBDB94237A5E-StateMachineUpdater: snapshotIndex: updateIncreasingly -1 -> 0
2022-11-08 06:34:22,231 [193b940e-06e0-49a5-9247-5c39d5b56c1b-impl-thread1] INFO  server.RaftServer$Division (ServerState.java:close(466)) - 193b940e-06e0-49a5-9247-5c39d5b56c1b@group-FBDB94237A5E: closes. applyIndex: 0
2022-11-08 06:34:22,233 [193b940e-06e0-49a5-9247-5c39d5b56c1b@group-FBDB94237A5E-SegmentedRaftLogWorker] INFO  segmented.SegmentedRaftLogWorker (SegmentedRaftLogWorker.java:run(345)) - 193b940e-06e0-49a5-9247-5c39d5b56c1b@group-FBDB94237A5E-SegmentedRaftLogWorker was interrupted, exiting. There are 0 tasks remaining in the queue.
2022-11-08 06:34:22,233 [Listener at 127.0.0.1/44321] INFO  server.GrpcService (GrpcService.java:closeImpl(279)) - 193b940e-06e0-49a5-9247-5c39d5b56c1b: shutdown server GrpcServerProtocolService now
2022-11-08 06:34:22,235 [193b940e-06e0-49a5-9247-5c39d5b56c1b-impl-thread1] INFO  segmented.SegmentedRaftLogWorker (SegmentedRaftLogWorker.java:close(255)) - 193b940e-06e0-49a5-9247-5c39d5b56c1b@group-FBDB94237A5E-SegmentedRaftLogWorker close()
2022-11-08 06:34:22,235 [ForkJoinPool.commonPool-worker-0] INFO  ozoneimpl.OzoneContainer (OzoneContainer.java:stop(400)) - Attempting to stop container services.
2022-11-08 06:34:22,236 [Listener at 127.0.0.1/44321] INFO  server.GrpcServerProtocolClient (GrpcServerProtocolClient.java:close(111)) - d15a650e-2ebd-40cb-9b6d-ba61193ce2f9 Close channels
2022-11-08 06:34:22,236 [Listener at 127.0.0.1/44321] INFO  server.GrpcServerProtocolClient (GrpcServerProtocolClient.java:close(111)) - 8077194d-366f-483b-b4d6-5a7a28c3c7f8 Close channels
2022-11-08 06:34:22,237 [Listener at 127.0.0.1/44321] INFO  server.GrpcService (GrpcService.java:closeImpl(288)) - 193b940e-06e0-49a5-9247-5c39d5b56c1b: shutdown server GrpcServerProtocolService successfully
2022-11-08 06:34:22,237 [193b940e-06e0-49a5-9247-5c39d5b56c1b-impl-thread2] INFO  server.RaftServer$Division (RaftServerImpl.java:lambda$close$4(458)) - 193b940e-06e0-49a5-9247-5c39d5b56c1b@group-91CE96BBAFA1: shutdown
2022-11-08 06:34:22,237 [193b940e-06e0-49a5-9247-5c39d5b56c1b-impl-thread2] INFO  util.JmxRegister (JmxRegister.java:unregister(73)) - Successfully un-registered JMX Bean with object name Ratis:service=RaftServer,group=group-91CE96BBAFA1,id=193b940e-06e0-49a5-9247-5c39d5b56c1b
2022-11-08 06:34:22,237 [193b940e-06e0-49a5-9247-5c39d5b56c1b-impl-thread2] INFO  impl.RoleInfo (RoleInfo.java:shutdownFollowerState(110)) - 193b940e-06e0-49a5-9247-5c39d5b56c1b: shutdown 193b940e-06e0-49a5-9247-5c39d5b56c1b@group-91CE96BBAFA1-FollowerState
2022-11-08 06:34:22,238 [ForkJoinPool.commonPool-worker-0] INFO  server.RaftServer (RaftServerProxy.java:lambda$close$6(409)) - 7cdbd1b5-097b-4b08-9783-327855de8893: close
2022-11-08 06:34:22,238 [ForkJoinPool.commonPool-worker-0] INFO  server.GrpcService (GrpcService.java:closeImpl(279)) - 7cdbd1b5-097b-4b08-9783-327855de8893: shutdown server GrpcServerProtocolService now
2022-11-08 06:34:22,242 [193b940e-06e0-49a5-9247-5c39d5b56c1b@group-91CE96BBAFA1-FollowerState] INFO  impl.FollowerState (FollowerState.java:run(152)) - 193b940e-06e0-49a5-9247-5c39d5b56c1b@group-91CE96BBAFA1-FollowerState was interrupted
2022-11-08 06:34:22,242 [193b940e-06e0-49a5-9247-5c39d5b56c1b-impl-thread2] INFO  impl.StateMachineUpdater (StateMachineUpdater.java:stopAndJoin(153)) - 193b940e-06e0-49a5-9247-5c39d5b56c1b@group-91CE96BBAFA1-StateMachineUpdater: set stopIndex = 0
2022-11-08 06:34:22,242 [ForkJoinPool.commonPool-worker-0] INFO  server.GrpcServerProtocolClient (GrpcServerProtocolClient.java:close(111)) - f5a08da9-e999-4666-9813-af0703791aee Close channels
2022-11-08 06:34:22,243 [193b940e-06e0-49a5-9247-5c39d5b56c1b@group-91CE96BBAFA1-StateMachineUpdater] INFO  ratis.ContainerStateMachine (ContainerStateMachine.java:takeSnapshot(304)) - group-91CE96BBAFA1: Taking a snapshot at:(t:2, i:0) file /home/runner/work/ozone/ozone/hadoop-ozone/integration-test/target/test-dir/MiniOzoneClusterImpl-8e06ede3-228e-44b7-a612-3acc89ebc779/datanode-4/data/ratis/e702fae6-23a0-4e82-a6cc-91ce96bbafa1/sm/snapshot.2_0
2022-11-08 06:34:22,243 [193b940e-06e0-49a5-9247-5c39d5b56c1b@group-91CE96BBAFA1-StateMachineUpdater] INFO  ratis.ContainerStateMachine (ContainerStateMachine.java:takeSnapshot(315)) - group-91CE96BBAFA1: Finished taking a snapshot at:(t:2, i:0) file:/home/runner/work/ozone/ozone/hadoop-ozone/integration-test/target/test-dir/MiniOzoneClusterImpl-8e06ede3-228e-44b7-a612-3acc89ebc779/datanode-4/data/ratis/e702fae6-23a0-4e82-a6cc-91ce96bbafa1/sm/snapshot.2_0 took: 1 ms
2022-11-08 06:34:22,244 [ForkJoinPool.commonPool-worker-0] INFO  server.GrpcServerProtocolClient (GrpcServerProtocolClient.java:close(111)) - 73b7dc0c-af7c-46fd-8914-03b4db151d45 Close channels
2022-11-08 06:34:22,244 [193b940e-06e0-49a5-9247-5c39d5b56c1b@group-91CE96BBAFA1-StateMachineUpdater] INFO  impl.StateMachineUpdater (StateMachineUpdater.java:takeSnapshot(287)) - 193b940e-06e0-49a5-9247-5c39d5b56c1b@group-91CE96BBAFA1-StateMachineUpdater: Took a snapshot at index 0
2022-11-08 06:34:22,244 [ForkJoinPool.commonPool-worker-0] INFO  server.GrpcService (GrpcService.java:closeImpl(288)) - 7cdbd1b5-097b-4b08-9783-327855de8893: shutdown server GrpcServerProtocolService successfully
2022-11-08 06:34:22,244 [193b940e-06e0-49a5-9247-5c39d5b56c1b@group-91CE96BBAFA1-StateMachineUpdater] INFO  impl.StateMachineUpdater (StateMachineUpdater.java:lambda$new$0(92)) - 193b940e-06e0-49a5-9247-5c39d5b56c1b@group-91CE96BBAFA1-StateMachineUpdater: snapshotIndex: updateIncreasingly -1 -> 0
2022-11-08 06:34:22,244 [193b940e-06e0-49a5-9247-5c39d5b56c1b-impl-thread2] INFO  server.RaftServer$Division (ServerState.java:close(466)) - 193b940e-06e0-49a5-9247-5c39d5b56c1b@group-91CE96BBAFA1: closes. applyIndex: 0
2022-11-08 06:34:22,245 [JvmPauseMonitor12] INFO  util.JvmPauseMonitor (JvmPauseMonitor.java:run(111)) - JvmPauseMonitor-7cdbd1b5-097b-4b08-9783-327855de8893: Stopped
2022-11-08 06:34:22,245 [193b940e-06e0-49a5-9247-5c39d5b56c1b@group-91CE96BBAFA1-SegmentedRaftLogWorker] INFO  segmented.SegmentedRaftLogWorker (SegmentedRaftLogWorker.java:run(345)) - 193b940e-06e0-49a5-9247-5c39d5b56c1b@group-91CE96BBAFA1-SegmentedRaftLogWorker was interrupted, exiting. There are 0 tasks remaining in the queue.
2022-11-08 06:34:22,245 [193b940e-06e0-49a5-9247-5c39d5b56c1b-impl-thread2] INFO  segmented.SegmentedRaftLogWorker (SegmentedRaftLogWorker.java:close(255)) - 193b940e-06e0-49a5-9247-5c39d5b56c1b@group-91CE96BBAFA1-SegmentedRaftLogWorker close()
2022-11-08 06:34:22,246 [JvmPauseMonitor16] INFO  util.JvmPauseMonitor (JvmPauseMonitor.java:run(111)) - JvmPauseMonitor-193b940e-06e0-49a5-9247-5c39d5b56c1b: Stopped
2022-11-08 06:34:24,252 [Listener at 127.0.0.1/44321] INFO  volume.HddsVolume (HddsVolume.java:closeDbStore(338)) - SchemaV3 db is stopped at /home/runner/work/ozone/ozone/hadoop-ozone/integration-test/target/test-dir/MiniOzoneClusterImpl-8e06ede3-228e-44b7-a612-3acc89ebc779/datanode-4/data-0/containers/hdds/8e06ede3-228e-44b7-a612-3acc89ebc779/DS-44e46356-fc5d-42b2-8f23-3d7a39055499/container.db for volume DS-44e46356-fc5d-42b2-8f23-3d7a39055499
2022-11-08 06:34:24,252 [Listener at 127.0.0.1/44321] INFO  utils.BackgroundService (BackgroundService.java:shutdown(141)) - Shutting down service BlockDeletingService
2022-11-08 06:34:24,255 [ForkJoinPool.commonPool-worker-0] INFO  volume.HddsVolume (HddsVolume.java:closeDbStore(338)) - SchemaV3 db is stopped at /home/runner/work/ozone/ozone/hadoop-ozone/integration-test/target/test-dir/MiniOzoneClusterImpl-8e06ede3-228e-44b7-a612-3acc89ebc779/datanode-0/data-0/containers/hdds/8e06ede3-228e-44b7-a612-3acc89ebc779/DS-04ad90fd-82b7-4674-88d6-f19566514c3c/container.db for volume DS-04ad90fd-82b7-4674-88d6-f19566514c3c
2022-11-08 06:34:24,255 [Listener at 127.0.0.1/44321] INFO  utils.BackgroundService (BackgroundService.java:shutdown(141)) - Shutting down service StaleRecoveringContainerScrubbingService
2022-11-08 06:34:24,256 [ForkJoinPool.commonPool-worker-0] INFO  utils.BackgroundService (BackgroundService.java:shutdown(141)) - Shutting down service BlockDeletingService
2022-11-08 06:34:24,257 [ForkJoinPool.commonPool-worker-0] INFO  utils.BackgroundService (BackgroundService.java:shutdown(141)) - Shutting down service StaleRecoveringContainerScrubbingService
2022-11-08 06:34:24,258 [Listener at 127.0.0.1/44321] INFO  statemachine.DatanodeStateMachine (DatanodeStateMachine.java:stopDaemon(593)) - Ozone container server stopped.
2022-11-08 06:34:24,271 [ForkJoinPool.commonPool-worker-0] INFO  statemachine.DatanodeStateMachine (DatanodeStateMachine.java:stopDaemon(593)) - Ozone container server stopped.
2022-11-08 06:34:24,274 [Listener at 127.0.0.1/44321] INFO  handler.ContextHandler (ContextHandler.java:doStop(1159)) - Stopped o.e.j.w.WebAppContext@8b4bb6d{hddsDatanode,/,null,STOPPED}{jar:file:/home/runner/.m2/repository/org/apache/ozone/hdds-container-service/1.3.0-SNAPSHOT/hdds-container-service-1.3.0-SNAPSHOT.jar!/webapps/hddsDatanode}
2022-11-08 06:34:24,274 [Listener at 127.0.0.1/44321] INFO  server.AbstractConnector (AbstractConnector.java:doStop(383)) - Stopped ServerConnector@58886ff9{HTTP/1.1, (http/1.1)}{0.0.0.0:0}
2022-11-08 06:34:24,274 [Listener at 127.0.0.1/44321] INFO  server.session (HouseKeeper.java:stopScavenging(149)) - node0 Stopped scavenging
2022-11-08 06:34:24,275 [Listener at 127.0.0.1/44321] INFO  handler.ContextHandler (ContextHandler.java:doStop(1159)) - Stopped o.e.j.s.ServletContextHandler@3fba73f{static,/static,jar:file:/home/runner/.m2/repository/org/apache/ozone/hdds-container-service/1.3.0-SNAPSHOT/hdds-container-service-1.3.0-SNAPSHOT.jar!/webapps/static,STOPPED}
2022-11-08 06:34:24,275 [Listener at 127.0.0.1/44321] INFO  handler.ContextHandler (ContextHandler.java:doStop(1159)) - Stopped o.e.j.s.ServletContextHandler@1927ac40{logs,/logs,file:///home/runner/work/ozone/ozone/hadoop-ozone/integration-test/target/log,STOPPED}
2022-11-08 06:34:24,284 [ForkJoinPool.commonPool-worker-0] INFO  handler.ContextHandler (ContextHandler.java:doStop(1159)) - Stopped o.e.j.w.WebAppContext@3ab04840{hddsDatanode,/,null,STOPPED}{jar:file:/home/runner/.m2/repository/org/apache/ozone/hdds-container-service/1.3.0-SNAPSHOT/hdds-container-service-1.3.0-SNAPSHOT.jar!/webapps/hddsDatanode}
2022-11-08 06:34:24,284 [ForkJoinPool.commonPool-worker-0] INFO  server.AbstractConnector (AbstractConnector.java:doStop(383)) - Stopped ServerConnector@7758f478{HTTP/1.1, (http/1.1)}{0.0.0.0:0}
2022-11-08 06:34:24,284 [ForkJoinPool.commonPool-worker-0] INFO  server.session (HouseKeeper.java:stopScavenging(149)) - node0 Stopped scavenging
2022-11-08 06:34:24,284 [ForkJoinPool.commonPool-worker-0] INFO  handler.ContextHandler (ContextHandler.java:doStop(1159)) - Stopped o.e.j.s.ServletContextHandler@badbf43{static,/static,jar:file:/home/runner/.m2/repository/org/apache/ozone/hdds-container-service/1.3.0-SNAPSHOT/hdds-container-service-1.3.0-SNAPSHOT.jar!/webapps/static,STOPPED}
2022-11-08 06:34:24,285 [ForkJoinPool.commonPool-worker-0] INFO  handler.ContextHandler (ContextHandler.java:doStop(1159)) - Stopped o.e.j.s.ServletContextHandler@65e30b24{logs,/logs,file:///home/runner/work/ozone/ozone/hadoop-ozone/integration-test/target/log,STOPPED}
2022-11-08 06:34:24,286 [Listener at 127.0.0.1/44321] INFO  ozone.MiniOzoneClusterImpl (MiniOzoneClusterImpl.java:stopSCM(537)) - Stopping the StorageContainerManager
2022-11-08 06:34:24,286 [Listener at 127.0.0.1/44321] INFO  server.StorageContainerManager (StorageContainerManager.java:stop(1545)) - Container Balancer is not running.
2022-11-08 06:34:24,286 [Listener at 127.0.0.1/44321] INFO  server.StorageContainerManager (StorageContainerManager.java:stop(1552)) - Stopping Replication Manager Service.
2022-11-08 06:34:24,287 [Listener at 127.0.0.1/44321] INFO  replication.ReplicationManager (ReplicationManager.java:stop(273)) - Stopping Replication Monitor Thread.
2022-11-08 06:34:24,287 [Listener at 127.0.0.1/44321] INFO  server.StorageContainerManager (StorageContainerManager.java:stop(1559)) - Stopping the Datanode Admin Monitor.
2022-11-08 06:34:24,287 [Listener at 127.0.0.1/44321] INFO  server.StorageContainerManager (StorageContainerManager.java:stop(1566)) - Stopping Lease Manager of the command watchers
2022-11-08 06:34:24,287 [Listener at 127.0.0.1/44321] INFO  server.StorageContainerManager (StorageContainerManager.java:stop(1573)) - Stopping datanode service RPC server
2022-11-08 06:34:24,287 [Listener at 127.0.0.1/44321] INFO  server.SCMDatanodeProtocolServer (SCMDatanodeProtocolServer.java:stop(414)) - Stopping the RPC server for DataNodes
2022-11-08 06:34:24,287 [Listener at 127.0.0.1/44321] INFO  ipc.Server (Server.java:stop(3428)) - Stopping server on 33211
2022-11-08 06:34:24,289 [Over Replicated Processor] WARN  replication.OverReplicatedProcessor (OverReplicatedProcessor.java:run(137)) - Over Replicated Processor interrupted. Exiting...
2022-11-08 06:34:24,293 [Under Replicated Processor] WARN  replication.UnderReplicatedProcessor (UnderReplicatedProcessor.java:run(148)) - Under Replicated Processor interrupted. Exiting...
2022-11-08 06:34:24,293 [ReplicationMonitor] INFO  replication.ReplicationManager (ReplicationManager.java:run(579)) - Replication Monitor Thread is stopped
2022-11-08 06:34:24,294 [IPC Server listener on 0] INFO  ipc.Server (Server.java:run(1384)) - Stopping IPC Server listener on 0
2022-11-08 06:34:24,294 [IPC Server Responder] INFO  ipc.Server (Server.java:run(1517)) - Stopping IPC Server Responder
2022-11-08 06:34:25,056 [SCM Heartbeat Processing Thread - 0] WARN  node.NodeStateManager (NodeStateManager.java:scheduleNextHealthCheck(870)) - Current Thread is interrupted, shutting down HB processing thread for Node Manager.
2022-11-08 06:34:25,056 [Listener at 127.0.0.1/44321] INFO  server.StorageContainerManager (StorageContainerManager.java:stop(1581)) - Stopping block service RPC server
2022-11-08 06:34:25,056 [Listener at 127.0.0.1/44321] INFO  server.SCMBlockProtocolServer (SCMBlockProtocolServer.java:stop(161)) - Stopping the RPC server for Block Protocol
2022-11-08 06:34:25,056 [Listener at 127.0.0.1/44321] INFO  ipc.Server (Server.java:stop(3428)) - Stopping server on 32905
2022-11-08 06:34:25,058 [IPC Server listener on 0] INFO  ipc.Server (Server.java:run(1384)) - Stopping IPC Server listener on 0
2022-11-08 06:34:25,060 [IPC Server Responder] INFO  ipc.Server (Server.java:run(1517)) - Stopping IPC Server Responder
2022-11-08 06:34:25,060 [Listener at 127.0.0.1/44321] INFO  server.StorageContainerManager (StorageContainerManager.java:stop(1588)) - Stopping the StorageContainerLocationProtocol RPC server
2022-11-08 06:34:25,060 [Listener at 127.0.0.1/44321] INFO  server.SCMClientProtocolServer (SCMClientProtocolServer.java:stop(179)) - Stopping the RPC server for Client Protocol
2022-11-08 06:34:25,060 [Listener at 127.0.0.1/44321] INFO  ipc.Server (Server.java:stop(3428)) - Stopping server on 34973
2022-11-08 06:34:25,062 [IPC Server Responder] INFO  ipc.Server (Server.java:run(1517)) - Stopping IPC Server Responder
2022-11-08 06:34:25,062 [IPC Server listener on 0] INFO  ipc.Server (Server.java:run(1384)) - Stopping IPC Server listener on 0
2022-11-08 06:34:25,064 [Listener at 127.0.0.1/44321] INFO  server.StorageContainerManager (StorageContainerManager.java:stop(1595)) - Stopping Storage Container Manager HTTP server.
2022-11-08 06:34:25,065 [Listener at 127.0.0.1/44321] INFO  handler.ContextHandler (ContextHandler.java:doStop(1159)) - Stopped o.e.j.w.WebAppContext@3db4ba49{scm,/,null,STOPPED}{file:/home/runner/work/ozone/ozone/hadoop-ozone/integration-test/target/test-classes/webapps/scm}
2022-11-08 06:34:25,065 [Listener at 127.0.0.1/44321] INFO  server.AbstractConnector (AbstractConnector.java:doStop(383)) - Stopped ServerConnector@1c26d322{HTTP/1.1, (http/1.1)}{0.0.0.0:0}
2022-11-08 06:34:25,065 [Listener at 127.0.0.1/44321] INFO  server.session (HouseKeeper.java:stopScavenging(149)) - node0 Stopped scavenging
2022-11-08 06:34:25,066 [Listener at 127.0.0.1/44321] INFO  handler.ContextHandler (ContextHandler.java:doStop(1159)) - Stopped o.e.j.s.ServletContextHandler@3bc49af9{static,/static,file:///home/runner/work/ozone/ozone/hadoop-ozone/integration-test/target/test-classes/webapps/static,STOPPED}
2022-11-08 06:34:25,066 [Listener at 127.0.0.1/44321] INFO  handler.ContextHandler (ContextHandler.java:doStop(1159)) - Stopped o.e.j.s.ServletContextHandler@3ce30c43{logs,/logs,file:///home/runner/work/ozone/ozone/hadoop-ozone/integration-test/target/log,STOPPED}
2022-11-08 06:34:25,067 [Listener at 127.0.0.1/44321] INFO  server.StorageContainerManager (StorageContainerManager.java:stop(1601)) - Stopping SCM LayoutVersionManager Service.
2022-11-08 06:34:25,067 [Listener at 127.0.0.1/44321] INFO  server.StorageContainerManager (StorageContainerManager.java:stop(1609)) - Stopping Block Manager Service.
2022-11-08 06:34:25,067 [Listener at 127.0.0.1/44321] INFO  utils.BackgroundService (BackgroundService.java:shutdown(141)) - Shutting down service SCMBlockDeletingService
2022-11-08 06:34:25,067 [Listener at 127.0.0.1/44321] INFO  utils.BackgroundService (BackgroundService.java:shutdown(141)) - Shutting down service SCMBlockDeletingService
2022-11-08 06:34:25,068 [Listener at 127.0.0.1/44321] INFO  server.StorageContainerManager (StorageContainerManager.java:stop(1636)) - Stopping SCM Event Queue.
2022-11-08 06:34:25,069 [Listener at 127.0.0.1/44321] INFO  server.StorageContainerManager (StorageContainerManager.java:stop(1647)) - Stopping SCM HA services.
2022-11-08 06:34:25,069 [Listener at 127.0.0.1/44321] INFO  pipeline.BackgroundPipelineCreator (BackgroundPipelineCreator.java:stop(149)) - Stopping RatisPipelineUtilsThread.
2022-11-08 06:34:25,069 [RatisPipelineUtilsThread - 0] WARN  pipeline.BackgroundPipelineCreator (BackgroundPipelineCreator.java:run(180)) - RatisPipelineUtilsThread is interrupted.
2022-11-08 06:34:25,070 [BackgroundPipelineScrubberThread] WARN  BackgroundPipelineScrubber (BackgroundSCMService.java:run(115)) - BackgroundPipelineScrubber is interrupted, exit
2022-11-08 06:34:25,070 [Listener at 127.0.0.1/44321] INFO  BackgroundPipelineScrubber (BackgroundSCMService.java:stop(131)) - Stopping BackgroundPipelineScrubber Service.
2022-11-08 06:34:25,070 [Listener at 127.0.0.1/44321] INFO  impl.MetricsSystemImpl (MetricsSystemImpl.java:stop(210)) - Stopping HddsDatanode metrics system...
2022-11-08 06:34:25,073 [prometheus] INFO  impl.MetricsSinkAdapter (MetricsSinkAdapter.java:publishMetricsFromQueue(141)) - prometheus thread interrupted.
2022-11-08 06:34:25,073 [Listener at 127.0.0.1/44321] INFO  impl.MetricsSystemImpl (MetricsSystemImpl.java:stop(216)) - HddsDatanode metrics system stopped.
2022-11-08 06:34:25,074 [Listener at 127.0.0.1/44321] WARN  pipeline.BackgroundPipelineCreator (BackgroundPipelineCreator.java:stop(145)) - RatisPipelineUtilsThread is not running, just ignore.
2022-11-08 06:34:25,074 [Listener at 127.0.0.1/44321] INFO  BackgroundPipelineScrubber (BackgroundSCMService.java:stop(126)) - BackgroundPipelineScrubber Service is not running, skip stop.
2022-11-08 06:34:25,074 [ExpiredContainerReplicaOpScrubberThread] WARN  ExpiredContainerReplicaOpScrubber (BackgroundSCMService.java:run(115)) - ExpiredContainerReplicaOpScrubber is interrupted, exit
2022-11-08 06:34:25,074 [Listener at 127.0.0.1/44321] INFO  ExpiredContainerReplicaOpScrubber (BackgroundSCMService.java:stop(131)) - Stopping ExpiredContainerReplicaOpScrubber Service.
2022-11-08 06:34:25,074 [Listener at 127.0.0.1/44321] INFO  utils.BackgroundService (BackgroundService.java:shutdown(141)) - Shutting down service SCMBlockDeletingService
2022-11-08 06:34:25,074 [Listener at 127.0.0.1/44321] INFO  replication.ReplicationManager (ReplicationManager.java:stop(281)) - Replication Monitor Thread is not running.
2022-11-08 06:34:25,074 [Listener at 127.0.0.1/44321] WARN  balancer.ContainerBalancer (ContainerBalancer.java:stop(322)) - Cannot stop Container Balancer because it's not running or stopping
2022-11-08 06:34:25,075 [Listener at 127.0.0.1/44321] INFO  server.StorageContainerManager (StorageContainerManager.java:stop(1665)) - Stopping SCM MetadataStore.
]]></system-out>
  </testcase>
</testsuite>