<?xml version="1.0" encoding="UTF-8"?>
<testsuite xmlns:xsi="http://www.w3.org/2001/XMLSchema-instance" xsi:noNamespaceSchemaLocation="https://maven.apache.org/surefire/maven-surefire-plugin/xsd/surefire-test-report-3.0.xsd" version="3.0" name="org.apache.hadoop.hdds.scm.storage.TestContainerCommandsEC" time="74.403" tests="15" errors="0" skipped="0" failures="0">
  <properties>
    <property name="awt.toolkit" value="sun.awt.X11.XToolkit"/>
    <property name="file.encoding.pkg" value="sun.io"/>
    <property name="java.specification.version" value="1.8"/>
    <property name="sun.cpu.isalist" value=""/>
    <property name="sun.jnu.encoding" value="UTF-8"/>
    <property name="java.class.path" value="/home/runner/work/ozone/ozone/hadoop-ozone/integration-test/target/test-classes:/home/runner/work/ozone/ozone/hadoop-ozone/integration-test/target/classes:/home/runner/.m2/repository/org/apache/ozone/ozone-common/1.4.0-SNAPSHOT/ozone-common-1.4.0-SNAPSHOT.jar:/home/runner/.m2/repository/io/grpc/grpc-netty/1.51.1/grpc-netty-1.51.1.jar:/home/runner/.m2/repository/io/grpc/grpc-core/1.51.1/grpc-core-1.51.1.jar:/home/runner/.m2/repository/com/google/android/annotations/4.1.1.4/annotations-4.1.1.4.jar:/home/runner/.m2/repository/org/codehaus/mojo/animal-sniffer-annotations/1.21/animal-sniffer-annotations-1.21.jar:/home/runner/.m2/repository/com/google/errorprone/error_prone_annotations/2.2.0/error_prone_annotations-2.2.0.jar:/home/runner/.m2/repository/io/perfmark/perfmark-api/0.25.0/perfmark-api-0.25.0.jar:/home/runner/.m2/repository/io/netty/netty-codec-http2/4.1.86.Final/netty-codec-http2-4.1.86.Final.jar:/home/runner/.m2/repository/io/netty/netty-common/4.1.86.Final/netty-common-4.1.86.Final.jar:/home/runner/.m2/repository/io/netty/netty-buffer/4.1.86.Final/netty-buffer-4.1.86.Final.jar:/home/runner/.m2/repository/io/netty/netty-codec-http/4.1.86.Final/netty-codec-http-4.1.86.Final.jar:/home/runner/.m2/repository/io/netty/netty-handler-proxy/4.1.86.Final/netty-handler-proxy-4.1.86.Final.jar:/home/runner/.m2/repository/io/netty/netty-codec-socks/4.1.86.Final/netty-codec-socks-4.1.86.Final.jar:/home/runner/.m2/repository/io/netty/netty-tcnative-boringssl-static/2.0.54.Final/netty-tcnative-boringssl-static-2.0.54.Final.jar:/home/runner/.m2/repository/io/netty/netty-tcnative-classes/2.0.54.Final/netty-tcnative-classes-2.0.54.Final.jar:/home/runner/.m2/repository/io/netty/netty-tcnative-boringssl-static/2.0.54.Final/netty-tcnative-boringssl-static-2.0.54.Final-linux-x86_64.jar:/home/runner/.m2/repository/io/netty/netty-tcnative-boringssl-static/2.0.54.Final/netty-tcnative-boringssl-static-2.0.54.Final-linux-aarch_64.jar:/home/runner/.m2/repository/io/netty/netty-tcnative-boringssl-static/2.0.54.Final/netty-tcnative-boringssl-static-2.0.54.Final-osx-x86_64.jar:/home/runner/.m2/repository/io/netty/netty-tcnative-boringssl-static/2.0.54.Final/netty-tcnative-boringssl-static-2.0.54.Final-osx-aarch_64.jar:/home/runner/.m2/repository/io/netty/netty-tcnative-boringssl-static/2.0.54.Final/netty-tcnative-boringssl-static-2.0.54.Final-windows-x86_64.jar:/home/runner/.m2/repository/org/apache/commons/commons-compress/1.21/commons-compress-1.21.jar:/home/runner/.m2/repository/org/apache/ozone/hdds-common/1.4.0-SNAPSHOT/hdds-common-1.4.0-SNAPSHOT.jar:/home/runner/.m2/repository/org/apache/ozone/hdds-client/1.4.0-SNAPSHOT/hdds-client-1.4.0-SNAPSHOT.jar:/home/runner/.m2/repository/org/apache/ozone/ozone-interface-client/1.4.0-SNAPSHOT/ozone-interface-client-1.4.0-SNAPSHOT.jar:/home/runner/.m2/repository/org/apache/hadoop/hadoop-hdfs-client/3.3.5/hadoop-hdfs-client-3.3.5.jar:/home/runner/.m2/repository/com/squareup/okhttp3/okhttp/4.9.3/okhttp-4.9.3.jar:/home/runner/.m2/repository/com/squareup/okio/okio/2.8.0/okio-2.8.0.jar:/home/runner/.m2/repository/org/jetbrains/kotlin/kotlin-stdlib-common/1.6.21/kotlin-stdlib-common-1.6.21.jar:/home/runner/.m2/repository/org/apache/ozone/hdds-test-utils/1.4.0-SNAPSHOT/hdds-test-utils-1.4.0-SNAPSHOT.jar:/home/runner/.m2/repository/com/google/guava/guava/31.1-jre/guava-31.1-jre.jar:/home/runner/.m2/repository/com/google/guava/failureaccess/1.0.1/failureaccess-1.0.1.jar:/home/runner/.m2/repository/com/google/guava/listenablefuture/9999.0-empty-to-avoid-conflict-with-guava/listenablefuture-9999.0-empty-to-avoid-conflict-with-guava.jar:/home/runner/.m2/repository/com/google/code/findbugs/jsr305/3.0.0/jsr305-3.0.0.jar:/home/runner/.m2/repository/org/checkerframework/checker-qual/3.12.0/checker-qual-3.12.0.jar:/home/runner/.m2/repository/com/google/j2objc/j2objc-annotations/1.3/j2objc-annotations-1.3.jar:/home/runner/.m2/repository/commons-io/commons-io/2.11.0/commons-io-2.11.0.jar:/home/runner/.m2/repository/commons-logging/commons-logging/1.2/commons-logging-1.2.jar:/home/runner/.m2/repository/ch/qos/reload4j/reload4j/1.2.22/reload4j-1.2.22.jar:/home/runner/.m2/repository/org/slf4j/slf4j-api/1.7.36/slf4j-api-1.7.36.jar:/home/runner/.m2/repository/org/apache/ozone/hdds-server-scm/1.4.0-SNAPSHOT/hdds-server-scm-1.4.0-SNAPSHOT.jar:/home/runner/.m2/repository/org/apache/ozone/hdds-container-service/1.4.0-SNAPSHOT/hdds-container-service-1.4.0-SNAPSHOT.jar:/home/runner/.m2/repository/org/apache/ozone/hdds-hadoop-dependency-server/1.4.0-SNAPSHOT/hdds-hadoop-dependency-server-1.4.0-SNAPSHOT.jar:/home/runner/.m2/repository/org/apache/hadoop/hadoop-hdfs/3.3.5/hadoop-hdfs-3.3.5.jar:/home/runner/.m2/repository/commons-daemon/commons-daemon/1.0.13/commons-daemon-1.0.13.jar:/home/runner/.m2/repository/org/apache/ozone/hdds-server-framework/1.4.0-SNAPSHOT/hdds-server-framework-1.4.0-SNAPSHOT.jar:/home/runner/.m2/repository/io/dropwizard/metrics/metrics-core/3.2.4/metrics-core-3.2.4.jar:/home/runner/.m2/repository/org/apache/commons/commons-text/1.4/commons-text-1.4.jar:/home/runner/.m2/repository/org/bouncycastle/bcprov-jdk15on/1.67/bcprov-jdk15on-1.67.jar:/home/runner/.m2/repository/com/google/protobuf/protobuf-java/2.5.0/protobuf-java-2.5.0.jar:/home/runner/.m2/repository/org/apache/ozone/hdds-server-framework/1.4.0-SNAPSHOT/hdds-server-framework-1.4.0-SNAPSHOT-tests.jar:/home/runner/.m2/repository/org/apache/ozone/hdds-interface-server/1.4.0-SNAPSHOT/hdds-interface-server-1.4.0-SNAPSHOT.jar:/home/runner/.m2/repository/org/apache/ozone/hdds-interface-admin/1.4.0-SNAPSHOT/hdds-interface-admin-1.4.0-SNAPSHOT.jar:/home/runner/.m2/repository/org/apache/ozone/hdds-managed-rocksdb/1.4.0-SNAPSHOT/hdds-managed-rocksdb-1.4.0-SNAPSHOT.jar:/home/runner/.m2/repository/org/rocksdb/rocksdbjni/7.7.3/rocksdbjni-7.7.3.jar:/home/runner/.m2/repository/org/slf4j/slf4j-reload4j/1.7.36/slf4j-reload4j-1.7.36.jar:/home/runner/.m2/repository/org/apache/commons/commons-configuration2/2.1.1/commons-configuration2-2.1.1.jar:/home/runner/.m2/repository/org/apache/logging/log4j/log4j-core/2.17.1/log4j-core-2.17.1.jar:/home/runner/.m2/repository/com/lmax/disruptor/3.4.2/disruptor-3.4.2.jar:/home/runner/.m2/repository/org/eclipse/jetty/jetty-util/9.4.51.v20230217/jetty-util-9.4.51.v20230217.jar:/home/runner/.m2/repository/org/eclipse/jetty/jetty-server/9.4.51.v20230217/jetty-server-9.4.51.v20230217.jar:/home/runner/.m2/repository/org/eclipse/jetty/jetty-http/9.4.51.v20230217/jetty-http-9.4.51.v20230217.jar:/home/runner/.m2/repository/org/eclipse/jetty/jetty-io/9.4.51.v20230217/jetty-io-9.4.51.v20230217.jar:/home/runner/.m2/repository/org/eclipse/jetty/jetty-servlet/9.4.51.v20230217/jetty-servlet-9.4.51.v20230217.jar:/home/runner/.m2/repository/org/eclipse/jetty/jetty-security/9.4.51.v20230217/jetty-security-9.4.51.v20230217.jar:/home/runner/.m2/repository/org/eclipse/jetty/jetty-util-ajax/9.4.51.v20230217/jetty-util-ajax-9.4.51.v20230217.jar:/home/runner/.m2/repository/org/eclipse/jetty/jetty-webapp/9.4.51.v20230217/jetty-webapp-9.4.51.v20230217.jar:/home/runner/.m2/repository/org/eclipse/jetty/jetty-xml/9.4.51.v20230217/jetty-xml-9.4.51.v20230217.jar:/home/runner/.m2/repository/org/apache/ratis/ratis-server/2.5.1/ratis-server-2.5.1.jar:/home/runner/.m2/repository/org/apache/ratis/ratis-thirdparty-misc/1.0.4/ratis-thirdparty-misc-1.0.4.jar:/home/runner/.m2/repository/org/apache/ratis/ratis-proto/2.5.1/ratis-proto-2.5.1.jar:/home/runner/.m2/repository/org/apache/ratis/ratis-common/2.5.1/ratis-common-2.5.1.jar:/home/runner/.m2/repository/org/apache/ratis/ratis-client/2.5.1/ratis-client-2.5.1.jar:/home/runner/.m2/repository/org/apache/ratis/ratis-server-api/2.5.1/ratis-server-api-2.5.1.jar:/home/runner/.m2/repository/org/apache/ratis/ratis-metrics/2.5.1/ratis-metrics-2.5.1.jar:/home/runner/.m2/repository/io/prometheus/simpleclient_dropwizard/0.7.0/simpleclient_dropwizard-0.7.0.jar:/home/runner/.m2/repository/io/prometheus/simpleclient/0.7.0/simpleclient-0.7.0.jar:/home/runner/.m2/repository/io/prometheus/simpleclient_common/0.7.0/simpleclient_common-0.7.0.jar:/home/runner/.m2/repository/com/fasterxml/jackson/datatype/jackson-datatype-jsr310/2.13.4/jackson-datatype-jsr310-2.13.4.jar:/home/runner/.m2/repository/com/fasterxml/jackson/core/jackson-core/2.13.4/jackson-core-2.13.4.jar:/home/runner/.m2/repository/com/github/spotbugs/spotbugs-annotations/3.1.12/spotbugs-annotations-3.1.12.jar:/home/runner/.m2/repository/org/apache/ozone/rocksdb-checkpoint-differ/1.4.0-SNAPSHOT/rocksdb-checkpoint-differ-1.4.0-SNAPSHOT.jar:/home/runner/.m2/repository/org/awaitility/awaitility/4.2.0/awaitility-4.2.0.jar:/home/runner/.m2/repository/org/hamcrest/hamcrest/2.1/hamcrest-2.1.jar:/home/runner/.m2/repository/org/apache/ozone/ozone-manager/1.4.0-SNAPSHOT/ozone-manager-1.4.0-SNAPSHOT.jar:/home/runner/.m2/repository/org/aspectj/aspectjrt/1.9.7/aspectjrt-1.9.7.jar:/home/runner/.m2/repository/org/aspectj/aspectjweaver/1.9.7/aspectjweaver-1.9.7.jar:/home/runner/.m2/repository/org/apache/ozone/hdds-interface-client/1.4.0-SNAPSHOT/hdds-interface-client-1.4.0-SNAPSHOT.jar:/home/runner/.m2/repository/org/apache/hadoop/thirdparty/hadoop-shaded-protobuf_3_7/1.1.1/hadoop-shaded-protobuf_3_7-1.1.1.jar:/home/runner/.m2/repository/org/apache/ozone/ozone-interface-storage/1.4.0-SNAPSHOT/ozone-interface-storage-1.4.0-SNAPSHOT.jar:/home/runner/.m2/repository/org/reflections/reflections/0.9.11/reflections-0.9.11.jar:/home/runner/.m2/repository/com/sun/jersey/jersey-client/1.19/jersey-client-1.19.jar:/home/runner/.m2/repository/org/codehaus/jackson/jackson-core-asl/1.9.13/jackson-core-asl-1.9.13.jar:/home/runner/.m2/repository/org/codehaus/jackson/jackson-mapper-asl/1.9.13/jackson-mapper-asl-1.9.13.jar:/home/runner/.m2/repository/org/codehaus/jackson/jackson-jaxrs/1.9.13/jackson-jaxrs-1.9.13.jar:/home/runner/.m2/repository/org/apache/ranger/ranger-intg/2.3.0/ranger-intg-2.3.0.jar:/home/runner/.m2/repository/org/apache/ranger/ranger-plugins-common/2.3.0/ranger-plugins-common-2.3.0.jar:/home/runner/.m2/repository/commons-lang/commons-lang/2.6/commons-lang-2.6.jar:/home/runner/.m2/repository/org/apache/ranger/ranger-plugins-cred/2.3.0/ranger-plugins-cred-2.3.0.jar:/home/runner/.m2/repository/org/apache/ranger/ranger-plugins-audit/2.3.0/ranger-plugins-audit-2.3.0.jar:/home/runner/.m2/repository/org/eclipse/jetty/jetty-client/9.4.51.v20230217/jetty-client-9.4.51.v20230217.jar:/home/runner/.m2/repository/org/apache/httpcomponents/httpmime/4.5.6/httpmime-4.5.6.jar:/home/runner/.m2/repository/org/apache/httpcomponents/httpcore-nio/4.4.13/httpcore-nio-4.4.13.jar:/home/runner/.m2/repository/org/apache/httpcomponents/httpasyncclient/4.1.3/httpasyncclient-4.1.3.jar:/home/runner/.m2/repository/com/carrotsearch/hppc/0.8.0/hppc-0.8.0.jar:/home/runner/.m2/repository/org/apache/orc/orc-core/1.5.8/orc-core-1.5.8.jar:/home/runner/.m2/repository/net/java/dev/jna/jna/5.2.0/jna-5.2.0.jar:/home/runner/.m2/repository/net/java/dev/jna/jna-platform/5.2.0/jna-platform-5.2.0.jar:/home/runner/.m2/repository/com/kstruct/gethostname4j/0.0.2/gethostname4j-0.0.2.jar:/home/runner/.m2/repository/org/apache/ranger/ranger-plugin-classloader/2.3.0/ranger-plugin-classloader-2.3.0.jar:/home/runner/.m2/repository/org/apache/ozone/hdds-rocks-native/1.4.0-SNAPSHOT/hdds-rocks-native-1.4.0-SNAPSHOT.jar:/home/runner/.m2/repository/org/apache/hadoop/hadoop-minikdc/3.3.5/hadoop-minikdc-3.3.5.jar:/home/runner/.m2/repository/org/apache/kerby/kerb-simplekdc/1.0.1/kerb-simplekdc-1.0.1.jar:/home/runner/.m2/repository/org/apache/kerby/kerb-client/1.0.1/kerb-client-1.0.1.jar:/home/runner/.m2/repository/org/apache/kerby/kerby-config/1.0.1/kerby-config-1.0.1.jar:/home/runner/.m2/repository/org/apache/kerby/kerb-common/1.0.1/kerb-common-1.0.1.jar:/home/runner/.m2/repository/org/apache/kerby/kerb-crypto/1.0.1/kerb-crypto-1.0.1.jar:/home/runner/.m2/repository/org/apache/kerby/kerb-util/1.0.1/kerb-util-1.0.1.jar:/home/runner/.m2/repository/org/apache/kerby/token-provider/1.0.1/token-provider-1.0.1.jar:/home/runner/.m2/repository/org/apache/kerby/kerb-admin/1.0.1/kerb-admin-1.0.1.jar:/home/runner/.m2/repository/org/apache/kerby/kerb-server/1.0.1/kerb-server-1.0.1.jar:/home/runner/.m2/repository/org/apache/kerby/kerb-identity/1.0.1/kerb-identity-1.0.1.jar:/home/runner/.m2/repository/org/apache/kerby/kerby-xdr/1.0.1/kerby-xdr-1.0.1.jar:/home/runner/.m2/repository/org/apache/ozone/ozone-s3gateway/1.4.0-SNAPSHOT/ozone-s3gateway-1.4.0-SNAPSHOT.jar:/home/runner/.m2/repository/org/javassist/javassist/3.21.0-GA/javassist-3.21.0-GA.jar:/home/runner/.m2/repository/org/jboss/weld/servlet/weld-servlet-shaded/3.1.9.Final/weld-servlet-shaded-3.1.9.Final.jar:/home/runner/.m2/repository/org/glassfish/jersey/containers/jersey-container-servlet-core/2.34/jersey-container-servlet-core-2.34.jar:/home/runner/.m2/repository/org/glassfish/hk2/external/jakarta.inject/2.6.1/jakarta.inject-2.6.1.jar:/home/runner/.m2/repository/org/glassfish/jersey/core/jersey-common/2.34/jersey-common-2.34.jar:/home/runner/.m2/repository/jakarta/ws/rs/jakarta.ws.rs-api/2.1.6/jakarta.ws.rs-api-2.1.6.jar:/home/runner/.m2/repository/org/glassfish/jersey/ext/cdi/jersey-cdi1x/2.34/jersey-cdi1x-2.34.jar:/home/runner/.m2/repository/org/glassfish/jersey/inject/jersey-hk2/2.34/jersey-hk2-2.34.jar:/home/runner/.m2/repository/org/glassfish/hk2/hk2-locator/2.6.1/hk2-locator-2.6.1.jar:/home/runner/.m2/repository/org/glassfish/jersey/media/jersey-media-jaxb/2.34/jersey-media-jaxb-2.34.jar:/home/runner/.m2/repository/org/glassfish/hk2/osgi-resource-locator/1.0.3/osgi-resource-locator-1.0.3.jar:/home/runner/.m2/repository/org/glassfish/hk2/hk2-api/2.5.0/hk2-api-2.5.0.jar:/home/runner/.m2/repository/org/glassfish/hk2/hk2-utils/2.5.0/hk2-utils-2.5.0.jar:/home/runner/.m2/repository/org/glassfish/hk2/external/aopalliance-repackaged/2.5.0/aopalliance-repackaged-2.5.0.jar:/home/runner/.m2/repository/com/fasterxml/jackson/dataformat/jackson-dataformat-xml/2.13.4/jackson-dataformat-xml-2.13.4.jar:/home/runner/.m2/repository/org/codehaus/woodstox/stax2-api/4.2.1/stax2-api-4.2.1.jar:/home/runner/.m2/repository/com/fasterxml/woodstox/woodstox-core/5.4.0/woodstox-core-5.4.0.jar:/home/runner/.m2/repository/com/fasterxml/jackson/module/jackson-module-jaxb-annotations/2.13.4/jackson-module-jaxb-annotations-2.13.4.jar:/home/runner/.m2/repository/jakarta/xml/bind/jakarta.xml.bind-api/2.3.3/jakarta.xml.bind-api-2.3.3.jar:/home/runner/.m2/repository/jakarta/activation/jakarta.activation-api/1.2.2/jakarta.activation-api-1.2.2.jar:/home/runner/.m2/repository/javax/enterprise/cdi-api/2.0/cdi-api-2.0.jar:/home/runner/.m2/repository/javax/el/javax.el-api/3.0.0/javax.el-api-3.0.0.jar:/home/runner/.m2/repository/javax/interceptor/javax.interceptor-api/1.2/javax.interceptor-api-1.2.jar:/home/runner/.m2/repository/javax/inject/javax.inject/1/javax.inject-1.jar:/home/runner/.m2/repository/javax/xml/bind/jaxb-api/2.3.0/jaxb-api-2.3.0.jar:/home/runner/.m2/repository/org/glassfish/jaxb/jaxb-runtime/2.3.0.1/jaxb-runtime-2.3.0.1.jar:/home/runner/.m2/repository/org/glassfish/jaxb/jaxb-core/2.3.0.1/jaxb-core-2.3.0.1.jar:/home/runner/.m2/repository/org/glassfish/jaxb/txw2/2.3.0.1/txw2-2.3.0.1.jar:/home/runner/.m2/repository/com/sun/istack/istack-commons-runtime/3.0.5/istack-commons-runtime-3.0.5.jar:/home/runner/.m2/repository/org/jvnet/staxex/stax-ex/1.7.8/stax-ex-1.7.8.jar:/home/runner/.m2/repository/com/sun/xml/fastinfoset/FastInfoset/1.2.13/FastInfoset-1.2.13.jar:/home/runner/.m2/repository/javax/activation/activation/1.1.1/activation-1.1.1.jar:/home/runner/.m2/repository/io/grpc/grpc-protobuf/1.51.1/grpc-protobuf-1.51.1.jar:/home/runner/.m2/repository/io/grpc/grpc-api/1.51.1/grpc-api-1.51.1.jar:/home/runner/.m2/repository/io/grpc/grpc-context/1.51.1/grpc-context-1.51.1.jar:/home/runner/.m2/repository/com/google/api/grpc/proto-google-common-protos/2.9.0/proto-google-common-protos-2.9.0.jar:/home/runner/.m2/repository/io/grpc/grpc-protobuf-lite/1.51.1/grpc-protobuf-lite-1.51.1.jar:/home/runner/.m2/repository/io/grpc/grpc-stub/1.51.1/grpc-stub-1.51.1.jar:/home/runner/.m2/repository/io/netty/netty-transport/4.1.86.Final/netty-transport-4.1.86.Final.jar:/home/runner/.m2/repository/io/netty/netty-resolver/4.1.86.Final/netty-resolver-4.1.86.Final.jar:/home/runner/.m2/repository/org/apache/ozone/ozone-csi/1.4.0-SNAPSHOT/ozone-csi-1.4.0-SNAPSHOT.jar:/home/runner/.m2/repository/com/google/protobuf/protobuf-java-util/3.19.6/protobuf-java-util-3.19.6.jar:/home/runner/.m2/repository/com/google/code/gson/gson/2.9.0/gson-2.9.0.jar:/home/runner/.m2/repository/org/apache/ozone/hdds-config/1.4.0-SNAPSHOT/hdds-config-1.4.0-SNAPSHOT.jar:/home/runner/.m2/repository/io/netty/netty-transport-native-epoll/4.1.86.Final/netty-transport-native-epoll-4.1.86.Final-linux-x86_64.jar:/home/runner/.m2/repository/io/netty/netty-transport-classes-epoll/4.1.86.Final/netty-transport-classes-epoll-4.1.86.Final.jar:/home/runner/.m2/repository/io/netty/netty-transport-native-unix-common/4.1.86.Final/netty-transport-native-unix-common-4.1.86.Final.jar:/home/runner/.m2/repository/org/apache/ozone/ozone-recon/1.4.0-SNAPSHOT/ozone-recon-1.4.0-SNAPSHOT.jar:/home/runner/.m2/repository/org/apache/ozone/ozone-reconcodegen/1.4.0-SNAPSHOT/ozone-reconcodegen-1.4.0-SNAPSHOT.jar:/home/runner/.m2/repository/com/google/inject/guice/5.1.0/guice-5.1.0.jar:/home/runner/.m2/repository/aopalliance/aopalliance/1.0/aopalliance-1.0.jar:/home/runner/.m2/repository/com/google/inject/extensions/guice-assistedinject/5.1.0/guice-assistedinject-5.1.0.jar:/home/runner/.m2/repository/com/google/inject/extensions/guice-servlet/5.1.0/guice-servlet-5.1.0.jar:/home/runner/.m2/repository/org/glassfish/jersey/containers/jersey-container-servlet/2.34/jersey-container-servlet-2.34.jar:/home/runner/.m2/repository/org/glassfish/hk2/guice-bridge/2.5.0/guice-bridge-2.5.0.jar:/home/runner/.m2/repository/org/glassfish/jersey/core/jersey-server/2.34/jersey-server-2.34.jar:/home/runner/.m2/repository/org/glassfish/jersey/core/jersey-client/2.34/jersey-client-2.34.jar:/home/runner/.m2/repository/jakarta/annotation/jakarta.annotation-api/1.3.5/jakarta.annotation-api-1.3.5.jar:/home/runner/.m2/repository/jakarta/validation/jakarta.validation-api/2.0.2/jakarta.validation-api-2.0.2.jar:/home/runner/.m2/repository/org/glassfish/jersey/media/jersey-media-json-jackson/2.34/jersey-media-json-jackson-2.34.jar:/home/runner/.m2/repository/org/glassfish/jersey/ext/jersey-entity-filtering/2.34/jersey-entity-filtering-2.34.jar:/home/runner/.m2/repository/org/jooq/jooq/3.11.10/jooq-3.11.10.jar:/home/runner/.m2/repository/org/jooq/jooq-meta/3.11.10/jooq-meta-3.11.10.jar:/home/runner/.m2/repository/org/jooq/jooq-codegen/3.11.10/jooq-codegen-3.11.10.jar:/home/runner/.m2/repository/com/jolbox/bonecp/0.8.0.RELEASE/bonecp-0.8.0.RELEASE.jar:/home/runner/.m2/repository/org/apache/derby/derby/10.14.2.0/derby-10.14.2.0.jar:/home/runner/.m2/repository/org/xerial/sqlite-jdbc/3.25.2/sqlite-jdbc-3.25.2.jar:/home/runner/.m2/repository/org/springframework/spring-jdbc/5.3.27/spring-jdbc-5.3.27.jar:/home/runner/.m2/repository/org/springframework/spring-beans/5.3.27/spring-beans-5.3.27.jar:/home/runner/.m2/repository/org/springframework/spring-core/5.3.27/spring-core-5.3.27.jar:/home/runner/.m2/repository/org/springframework/spring-tx/5.3.27/spring-tx-5.3.27.jar:/home/runner/.m2/repository/org/apache/ozone/ozone-client/1.4.0-SNAPSHOT/ozone-client-1.4.0-SNAPSHOT.jar:/home/runner/.m2/repository/org/apache/ozone/hdds-erasurecode/1.4.0-SNAPSHOT/hdds-erasurecode-1.4.0-SNAPSHOT.jar:/home/runner/.m2/repository/org/apache/ozone/ozone-filesystem/1.4.0-SNAPSHOT/ozone-filesystem-1.4.0-SNAPSHOT.jar:/home/runner/.m2/repository/org/apache/ozone/ozone-filesystem-common/1.4.0-SNAPSHOT/ozone-filesystem-common-1.4.0-SNAPSHOT.jar:/home/runner/.m2/repository/org/apache/ozone/ozone-tools/1.4.0-SNAPSHOT/ozone-tools-1.4.0-SNAPSHOT.jar:/home/runner/.m2/repository/com/amazonaws/aws-java-sdk-core/1.12.261/aws-java-sdk-core-1.12.261.jar:/home/runner/.m2/repository/org/apache/httpcomponents/httpclient/4.5.13/httpclient-4.5.13.jar:/home/runner/.m2/repository/org/apache/httpcomponents/httpcore/4.4.13/httpcore-4.4.13.jar:/home/runner/.m2/repository/software/amazon/ion/ion-java/1.0.2/ion-java-1.0.2.jar:/home/runner/.m2/repository/com/fasterxml/jackson/dataformat/jackson-dataformat-cbor/2.13.4/jackson-dataformat-cbor-2.13.4.jar:/home/runner/.m2/repository/joda-time/joda-time/2.10.6/joda-time-2.10.6.jar:/home/runner/.m2/repository/com/amazonaws/aws-java-sdk-s3/1.12.261/aws-java-sdk-s3-1.12.261.jar:/home/runner/.m2/repository/com/amazonaws/aws-java-sdk-kms/1.12.261/aws-java-sdk-kms-1.12.261.jar:/home/runner/.m2/repository/com/amazonaws/jmespath-java/1.12.261/jmespath-java-1.12.261.jar:/home/runner/.m2/repository/org/kohsuke/metainf-services/metainf-services/1.8/metainf-services-1.8.jar:/home/runner/.m2/repository/org/apache/ozone/hdds-tools/1.4.0-SNAPSHOT/hdds-tools-1.4.0-SNAPSHOT.jar:/home/runner/.m2/repository/org/apache/ratis/ratis-tools/2.5.1/ratis-tools-2.5.1.jar:/home/runner/.m2/repository/commons-cli/commons-cli/1.2/commons-cli-1.2.jar:/home/runner/.m2/repository/org/apache/commons/commons-lang3/3.7/commons-lang3-3.7.jar:/home/runner/.m2/repository/org/apache/ozone/ozone-manager/1.4.0-SNAPSHOT/ozone-manager-1.4.0-SNAPSHOT-tests.jar:/home/runner/.m2/repository/org/apache/ozone/hdds-common/1.4.0-SNAPSHOT/hdds-common-1.4.0-SNAPSHOT-tests.jar:/home/runner/.m2/repository/org/apache/ozone/hdds-hadoop-dependency-client/1.4.0-SNAPSHOT/hdds-hadoop-dependency-client-1.4.0-SNAPSHOT.jar:/home/runner/.m2/repository/info/picocli/picocli/4.6.1/picocli-4.6.1.jar:/home/runner/.m2/repository/com/fasterxml/jackson/core/jackson-annotations/2.13.4/jackson-annotations-2.13.4.jar:/home/runner/.m2/repository/org/apache/ozone/hdds-annotation-processing/1.4.0-SNAPSHOT/hdds-annotation-processing-1.4.0-SNAPSHOT.jar:/home/runner/.m2/repository/javax/annotation/javax.annotation-api/1.2/javax.annotation-api-1.2.jar:/home/runner/.m2/repository/org/apache/ratis/ratis-netty/2.5.1/ratis-netty-2.5.1.jar:/home/runner/.m2/repository/org/apache/ratis/ratis-grpc/2.5.1/ratis-grpc-2.5.1.jar:/home/runner/.m2/repository/org/apache/logging/log4j/log4j-api/2.17.1/log4j-api-2.17.1.jar:/home/runner/.m2/repository/org/apache/commons/commons-pool2/2.6.0/commons-pool2-2.6.0.jar:/home/runner/.m2/repository/org/bouncycastle/bcpkix-jdk15on/1.67/bcpkix-jdk15on-1.67.jar:/home/runner/.m2/repository/commons-validator/commons-validator/1.6/commons-validator-1.6.jar:/home/runner/.m2/repository/commons-beanutils/commons-beanutils/1.9.4/commons-beanutils-1.9.4.jar:/home/runner/.m2/repository/commons-digester/commons-digester/1.8.1/commons-digester-1.8.1.jar:/home/runner/.m2/repository/commons-collections/commons-collections/3.2.2/commons-collections-3.2.2.jar:/home/runner/.m2/repository/io/jaegertracing/jaeger-client/1.6.0/jaeger-client-1.6.0.jar:/home/runner/.m2/repository/io/jaegertracing/jaeger-thrift/1.6.0/jaeger-thrift-1.6.0.jar:/home/runner/.m2/repository/org/apache/thrift/libthrift/0.14.1/libthrift-0.14.1.jar:/home/runner/.m2/repository/io/jaegertracing/jaeger-core/1.6.0/jaeger-core-1.6.0.jar:/home/runner/.m2/repository/io/jaegertracing/jaeger-tracerresolver/1.6.0/jaeger-tracerresolver-1.6.0.jar:/home/runner/.m2/repository/io/opentracing/contrib/opentracing-tracerresolver/0.1.8/opentracing-tracerresolver-0.1.8.jar:/home/runner/.m2/repository/org/jetbrains/kotlin/kotlin-stdlib/1.6.21/kotlin-stdlib-1.6.21.jar:/home/runner/.m2/repository/org/jetbrains/annotations/13.0/annotations-13.0.jar:/home/runner/.m2/repository/io/opentracing/opentracing-util/0.33.0/opentracing-util-0.33.0.jar:/home/runner/.m2/repository/io/opentracing/opentracing-api/0.33.0/opentracing-api-0.33.0.jar:/home/runner/.m2/repository/io/opentracing/opentracing-noop/0.33.0/opentracing-noop-0.33.0.jar:/home/runner/.m2/repository/org/yaml/snakeyaml/2.0/snakeyaml-2.0.jar:/home/runner/.m2/repository/junit/junit/4.13.1/junit-4.13.1.jar:/home/runner/.m2/repository/org/hamcrest/hamcrest-core/1.3/hamcrest-core-1.3.jar:/home/runner/.m2/repository/org/junit/jupiter/junit-jupiter-api/5.8.2/junit-jupiter-api-5.8.2.jar:/home/runner/.m2/repository/org/opentest4j/opentest4j/1.2.0/opentest4j-1.2.0.jar:/home/runner/.m2/repository/org/junit/platform/junit-platform-commons/1.8.2/junit-platform-commons-1.8.2.jar:/home/runner/.m2/repository/org/apiguardian/apiguardian-api/1.1.2/apiguardian-api-1.1.2.jar:/home/runner/.m2/repository/org/junit/jupiter/junit-jupiter-params/5.8.2/junit-jupiter-params-5.8.2.jar:/home/runner/.m2/repository/org/junit/jupiter/junit-jupiter-migrationsupport/5.8.2/junit-jupiter-migrationsupport-5.8.2.jar:/home/runner/.m2/repository/org/junit/jupiter/junit-jupiter-engine/5.8.2/junit-jupiter-engine-5.8.2.jar:/home/runner/.m2/repository/org/junit/platform/junit-platform-engine/1.8.2/junit-platform-engine-1.8.2.jar:/home/runner/.m2/repository/org/junit/vintage/junit-vintage-engine/5.8.2/junit-vintage-engine-5.8.2.jar:/home/runner/.m2/repository/org/junit/platform/junit-platform-launcher/1.8.2/junit-platform-launcher-1.8.2.jar:/home/runner/.m2/repository/org/mockito/mockito-core/2.28.2/mockito-core-2.28.2.jar:/home/runner/.m2/repository/net/bytebuddy/byte-buddy/1.9.10/byte-buddy-1.9.10.jar:/home/runner/.m2/repository/net/bytebuddy/byte-buddy-agent/1.9.10/byte-buddy-agent-1.9.10.jar:/home/runner/.m2/repository/org/objenesis/objenesis/1.0/objenesis-1.0.jar:/home/runner/.m2/repository/org/apache/hadoop/hadoop-kms/3.3.5/hadoop-kms-3.3.5.jar:/home/runner/.m2/repository/org/apache/hadoop/hadoop-auth/3.3.5/hadoop-auth-3.3.5.jar:/home/runner/.m2/repository/com/nimbusds/nimbus-jose-jwt/9.8.1/nimbus-jose-jwt-9.8.1.jar:/home/runner/.m2/repository/com/github/stephenc/jcip/jcip-annotations/1.0-1/jcip-annotations-1.0-1.jar:/home/runner/.m2/repository/net/minidev/json-smart/2.4.7/json-smart-2.4.7.jar:/home/runner/.m2/repository/net/minidev/accessors-smart/2.4.7/accessors-smart-2.4.7.jar:/home/runner/.m2/repository/org/ow2/asm/asm/5.0.4/asm-5.0.4.jar:/home/runner/.m2/repository/org/apache/zookeeper/zookeeper/3.5.6/zookeeper-3.5.6.jar:/home/runner/.m2/repository/org/apache/zookeeper/zookeeper-jute/3.5.6/zookeeper-jute-3.5.6.jar:/home/runner/.m2/repository/org/apache/yetus/audience-annotations/0.5.0/audience-annotations-0.5.0.jar:/home/runner/.m2/repository/org/apache/curator/curator-framework/4.2.0/curator-framework-4.2.0.jar:/home/runner/.m2/repository/org/apache/hadoop/thirdparty/hadoop-shaded-guava/1.1.1/hadoop-shaded-guava-1.1.1.jar:/home/runner/.m2/repository/com/sun/jersey/jersey-core/1.19/jersey-core-1.19.jar:/home/runner/.m2/repository/javax/ws/rs/jsr311-api/1.1.1/jsr311-api-1.1.1.jar:/home/runner/.m2/repository/com/sun/jersey/jersey-server/1.19/jersey-server-1.19.jar:/home/runner/.m2/repository/javax/servlet/javax.servlet-api/3.1.0/javax.servlet-api-3.1.0.jar:/home/runner/.m2/repository/org/apache/hadoop/hadoop-common/3.3.5/hadoop-common-3.3.5.jar:/home/runner/.m2/repository/org/apache/commons/commons-math3/3.1.1/commons-math3-3.1.1.jar:/home/runner/.m2/repository/commons-net/commons-net/3.9.0/commons-net-3.9.0.jar:/home/runner/.m2/repository/com/sun/jersey/jersey-servlet/1.19/jersey-servlet-1.19.jar:/home/runner/.m2/repository/com/github/pjfanning/jersey-json/1.20/jersey-json-1.20.jar:/home/runner/.m2/repository/org/codehaus/jettison/jettison/1.1/jettison-1.1.jar:/home/runner/.m2/repository/com/sun/xml/bind/jaxb-impl/2.2.3-1/jaxb-impl-2.2.3-1.jar:/home/runner/.m2/repository/com/google/re2j/re2j/1.1/re2j-1.1.jar:/home/runner/.m2/repository/com/jcraft/jsch/0.1.54/jsch-0.1.54.jar:/home/runner/.m2/repository/org/apache/curator/curator-client/4.2.0/curator-client-4.2.0.jar:/home/runner/.m2/repository/org/apache/curator/curator-recipes/4.2.0/curator-recipes-4.2.0.jar:/home/runner/.m2/repository/org/apache/kerby/kerb-core/1.0.1/kerb-core-1.0.1.jar:/home/runner/.m2/repository/org/apache/kerby/kerby-pkix/1.0.1/kerby-pkix-1.0.1.jar:/home/runner/.m2/repository/org/apache/kerby/kerby-asn1/1.0.1/kerby-asn1-1.0.1.jar:/home/runner/.m2/repository/org/apache/kerby/kerby-util/1.0.1/kerby-util-1.0.1.jar:/home/runner/.m2/repository/dnsjava/dnsjava/2.1.7/dnsjava-2.1.7.jar:/home/runner/.m2/repository/org/xerial/snappy/snappy-java/1.1.8.2/snappy-java-1.1.8.2.jar:/home/runner/.m2/repository/com/fasterxml/jackson/core/jackson-databind/2.13.4.2/jackson-databind-2.13.4.2.jar:/home/runner/.m2/repository/org/apache/hadoop/hadoop-kms/3.3.5/hadoop-kms-3.3.5-tests.jar:/home/runner/.m2/repository/org/apache/ozone/hdds-server-scm/1.4.0-SNAPSHOT/hdds-server-scm-1.4.0-SNAPSHOT-tests.jar:/home/runner/.m2/repository/org/apache/ozone/hdds-container-service/1.4.0-SNAPSHOT/hdds-container-service-1.4.0-SNAPSHOT-tests.jar:/home/runner/.m2/repository/com/github/luben/zstd-jni/1.5.2-5/zstd-jni-1.5.2-5.jar:/home/runner/.m2/repository/commons-codec/commons-codec/1.15/commons-codec-1.15.jar:/home/runner/.m2/repository/io/netty/netty-codec/4.1.86.Final/netty-codec-4.1.86.Final.jar:/home/runner/.m2/repository/io/netty/netty-handler/4.1.86.Final/netty-handler-4.1.86.Final.jar:/home/runner/.m2/repository/org/apache/ozone/hdds-hadoop-dependency-test/1.4.0-SNAPSHOT/hdds-hadoop-dependency-test-1.4.0-SNAPSHOT.jar:/home/runner/.m2/repository/org/apache/hadoop/hadoop-common/3.3.5/hadoop-common-3.3.5-tests.jar:/home/runner/.m2/repository/org/apache/hadoop/hadoop-hdfs/3.3.5/hadoop-hdfs-3.3.5-tests.jar:/home/runner/.m2/repository/org/assertj/assertj-core/3.12.2/assertj-core-3.12.2.jar:/home/runner/.m2/repository/org/apache/hadoop/hadoop-distcp/3.3.5/hadoop-distcp-3.3.5.jar:/home/runner/.m2/repository/org/apache/hadoop/hadoop-mapreduce-client-jobclient/3.3.5/hadoop-mapreduce-client-jobclient-3.3.5.jar:/home/runner/.m2/repository/org/apache/hadoop/hadoop-mapreduce-client-common/3.3.5/hadoop-mapreduce-client-common-3.3.5.jar:/home/runner/.m2/repository/org/apache/hadoop/hadoop-yarn-common/3.3.5/hadoop-yarn-common-3.3.5.jar:/home/runner/.m2/repository/org/apache/hadoop/hadoop-yarn-api/3.3.5/hadoop-yarn-api-3.3.5.jar:/home/runner/.m2/repository/com/sun/jersey/contribs/jersey-guice/1.19/jersey-guice-1.19.jar:/home/runner/.m2/repository/com/fasterxml/jackson/jaxrs/jackson-jaxrs-json-provider/2.13.4/jackson-jaxrs-json-provider-2.13.4.jar:/home/runner/.m2/repository/com/fasterxml/jackson/jaxrs/jackson-jaxrs-base/2.13.4/jackson-jaxrs-base-2.13.4.jar:/home/runner/.m2/repository/org/apache/hadoop/hadoop-yarn-client/3.3.5/hadoop-yarn-client-3.3.5.jar:/home/runner/.m2/repository/org/eclipse/jetty/websocket/websocket-client/9.4.48.v20220622/websocket-client-9.4.48.v20220622.jar:/home/runner/.m2/repository/org/eclipse/jetty/websocket/websocket-common/9.4.48.v20220622/websocket-common-9.4.48.v20220622.jar:/home/runner/.m2/repository/org/eclipse/jetty/websocket/websocket-api/9.4.48.v20220622/websocket-api-9.4.48.v20220622.jar:/home/runner/.m2/repository/org/jline/jline/3.9.0/jline-3.9.0.jar:/home/runner/.m2/repository/org/apache/hadoop/hadoop-mapreduce-client-core/3.3.5/hadoop-mapreduce-client-core-3.3.5.jar:/home/runner/.m2/repository/org/apache/avro/avro/1.7.7/avro-1.7.7.jar:/home/runner/.m2/repository/com/thoughtworks/paranamer/paranamer/2.3/paranamer-2.3.jar:/home/runner/.m2/repository/org/apache/hadoop/hadoop-annotations/3.3.5/hadoop-annotations-3.3.5.jar:/usr/lib/jvm/temurin-8-jdk-amd64/jre/../lib/tools.jar:/home/runner/.m2/repository/io/netty/netty/3.10.6.Final/netty-3.10.6.Final.jar:/home/runner/.m2/repository/org/apache/hadoop/hadoop-distcp/3.3.5/hadoop-distcp-3.3.5-tests.jar:/home/runner/.m2/repository/org/slf4j/jul-to-slf4j/1.7.36/jul-to-slf4j-1.7.36.jar:"/>
    <property name="java.vm.vendor" value="Temurin"/>
    <property name="sun.arch.data.model" value="64"/>
    <property name="test.build.dir" value="/home/runner/work/ozone/ozone/hadoop-ozone/integration-test/target/test-dir"/>
    <property name="test.cache.data" value=""/>
    <property name="java.vendor.url" value="https://adoptium.net/"/>
    <property name="user.timezone" value="Etc/UTC"/>
    <property name="java.vm.specification.version" value="1.8"/>
    <property name="os.name" value="Linux"/>
    <property name="test.build.data" value="/home/runner/work/ozone/ozone/hadoop-ozone/integration-test/target/test-dir"/>
    <property name="sun.java.launcher" value="SUN_STANDARD"/>
    <property name="sun.boot.library.path" value="/usr/lib/jvm/temurin-8-jdk-amd64/jre/lib/amd64"/>
    <property name="sun.java.command" value="/home/runner/work/ozone/ozone/hadoop-ozone/integration-test/target/surefire/surefirebooter3166629341564492386.jar /home/runner/work/ozone/ozone/hadoop-ozone/integration-test/target/surefire 2023-05-18T02-42-56_393-jvmRun1 surefire5315966914785511830tmp surefire_56885336465686152839tmp"/>
    <property name="surefire.test.class.path" value="/home/runner/work/ozone/ozone/hadoop-ozone/integration-test/target/test-classes:/home/runner/work/ozone/ozone/hadoop-ozone/integration-test/target/classes:/home/runner/.m2/repository/org/apache/ozone/ozone-common/1.4.0-SNAPSHOT/ozone-common-1.4.0-SNAPSHOT.jar:/home/runner/.m2/repository/io/grpc/grpc-netty/1.51.1/grpc-netty-1.51.1.jar:/home/runner/.m2/repository/io/grpc/grpc-core/1.51.1/grpc-core-1.51.1.jar:/home/runner/.m2/repository/com/google/android/annotations/4.1.1.4/annotations-4.1.1.4.jar:/home/runner/.m2/repository/org/codehaus/mojo/animal-sniffer-annotations/1.21/animal-sniffer-annotations-1.21.jar:/home/runner/.m2/repository/com/google/errorprone/error_prone_annotations/2.2.0/error_prone_annotations-2.2.0.jar:/home/runner/.m2/repository/io/perfmark/perfmark-api/0.25.0/perfmark-api-0.25.0.jar:/home/runner/.m2/repository/io/netty/netty-codec-http2/4.1.86.Final/netty-codec-http2-4.1.86.Final.jar:/home/runner/.m2/repository/io/netty/netty-common/4.1.86.Final/netty-common-4.1.86.Final.jar:/home/runner/.m2/repository/io/netty/netty-buffer/4.1.86.Final/netty-buffer-4.1.86.Final.jar:/home/runner/.m2/repository/io/netty/netty-codec-http/4.1.86.Final/netty-codec-http-4.1.86.Final.jar:/home/runner/.m2/repository/io/netty/netty-handler-proxy/4.1.86.Final/netty-handler-proxy-4.1.86.Final.jar:/home/runner/.m2/repository/io/netty/netty-codec-socks/4.1.86.Final/netty-codec-socks-4.1.86.Final.jar:/home/runner/.m2/repository/io/netty/netty-tcnative-boringssl-static/2.0.54.Final/netty-tcnative-boringssl-static-2.0.54.Final.jar:/home/runner/.m2/repository/io/netty/netty-tcnative-classes/2.0.54.Final/netty-tcnative-classes-2.0.54.Final.jar:/home/runner/.m2/repository/io/netty/netty-tcnative-boringssl-static/2.0.54.Final/netty-tcnative-boringssl-static-2.0.54.Final-linux-x86_64.jar:/home/runner/.m2/repository/io/netty/netty-tcnative-boringssl-static/2.0.54.Final/netty-tcnative-boringssl-static-2.0.54.Final-linux-aarch_64.jar:/home/runner/.m2/repository/io/netty/netty-tcnative-boringssl-static/2.0.54.Final/netty-tcnative-boringssl-static-2.0.54.Final-osx-x86_64.jar:/home/runner/.m2/repository/io/netty/netty-tcnative-boringssl-static/2.0.54.Final/netty-tcnative-boringssl-static-2.0.54.Final-osx-aarch_64.jar:/home/runner/.m2/repository/io/netty/netty-tcnative-boringssl-static/2.0.54.Final/netty-tcnative-boringssl-static-2.0.54.Final-windows-x86_64.jar:/home/runner/.m2/repository/org/apache/commons/commons-compress/1.21/commons-compress-1.21.jar:/home/runner/.m2/repository/org/apache/ozone/hdds-common/1.4.0-SNAPSHOT/hdds-common-1.4.0-SNAPSHOT.jar:/home/runner/.m2/repository/org/apache/ozone/hdds-client/1.4.0-SNAPSHOT/hdds-client-1.4.0-SNAPSHOT.jar:/home/runner/.m2/repository/org/apache/ozone/ozone-interface-client/1.4.0-SNAPSHOT/ozone-interface-client-1.4.0-SNAPSHOT.jar:/home/runner/.m2/repository/org/apache/hadoop/hadoop-hdfs-client/3.3.5/hadoop-hdfs-client-3.3.5.jar:/home/runner/.m2/repository/com/squareup/okhttp3/okhttp/4.9.3/okhttp-4.9.3.jar:/home/runner/.m2/repository/com/squareup/okio/okio/2.8.0/okio-2.8.0.jar:/home/runner/.m2/repository/org/jetbrains/kotlin/kotlin-stdlib-common/1.6.21/kotlin-stdlib-common-1.6.21.jar:/home/runner/.m2/repository/org/apache/ozone/hdds-test-utils/1.4.0-SNAPSHOT/hdds-test-utils-1.4.0-SNAPSHOT.jar:/home/runner/.m2/repository/com/google/guava/guava/31.1-jre/guava-31.1-jre.jar:/home/runner/.m2/repository/com/google/guava/failureaccess/1.0.1/failureaccess-1.0.1.jar:/home/runner/.m2/repository/com/google/guava/listenablefuture/9999.0-empty-to-avoid-conflict-with-guava/listenablefuture-9999.0-empty-to-avoid-conflict-with-guava.jar:/home/runner/.m2/repository/com/google/code/findbugs/jsr305/3.0.0/jsr305-3.0.0.jar:/home/runner/.m2/repository/org/checkerframework/checker-qual/3.12.0/checker-qual-3.12.0.jar:/home/runner/.m2/repository/com/google/j2objc/j2objc-annotations/1.3/j2objc-annotations-1.3.jar:/home/runner/.m2/repository/commons-io/commons-io/2.11.0/commons-io-2.11.0.jar:/home/runner/.m2/repository/commons-logging/commons-logging/1.2/commons-logging-1.2.jar:/home/runner/.m2/repository/ch/qos/reload4j/reload4j/1.2.22/reload4j-1.2.22.jar:/home/runner/.m2/repository/org/slf4j/slf4j-api/1.7.36/slf4j-api-1.7.36.jar:/home/runner/.m2/repository/org/apache/ozone/hdds-server-scm/1.4.0-SNAPSHOT/hdds-server-scm-1.4.0-SNAPSHOT.jar:/home/runner/.m2/repository/org/apache/ozone/hdds-container-service/1.4.0-SNAPSHOT/hdds-container-service-1.4.0-SNAPSHOT.jar:/home/runner/.m2/repository/org/apache/ozone/hdds-hadoop-dependency-server/1.4.0-SNAPSHOT/hdds-hadoop-dependency-server-1.4.0-SNAPSHOT.jar:/home/runner/.m2/repository/org/apache/hadoop/hadoop-hdfs/3.3.5/hadoop-hdfs-3.3.5.jar:/home/runner/.m2/repository/commons-daemon/commons-daemon/1.0.13/commons-daemon-1.0.13.jar:/home/runner/.m2/repository/org/apache/ozone/hdds-server-framework/1.4.0-SNAPSHOT/hdds-server-framework-1.4.0-SNAPSHOT.jar:/home/runner/.m2/repository/io/dropwizard/metrics/metrics-core/3.2.4/metrics-core-3.2.4.jar:/home/runner/.m2/repository/org/apache/commons/commons-text/1.4/commons-text-1.4.jar:/home/runner/.m2/repository/org/bouncycastle/bcprov-jdk15on/1.67/bcprov-jdk15on-1.67.jar:/home/runner/.m2/repository/com/google/protobuf/protobuf-java/2.5.0/protobuf-java-2.5.0.jar:/home/runner/.m2/repository/org/apache/ozone/hdds-server-framework/1.4.0-SNAPSHOT/hdds-server-framework-1.4.0-SNAPSHOT-tests.jar:/home/runner/.m2/repository/org/apache/ozone/hdds-interface-server/1.4.0-SNAPSHOT/hdds-interface-server-1.4.0-SNAPSHOT.jar:/home/runner/.m2/repository/org/apache/ozone/hdds-interface-admin/1.4.0-SNAPSHOT/hdds-interface-admin-1.4.0-SNAPSHOT.jar:/home/runner/.m2/repository/org/apache/ozone/hdds-managed-rocksdb/1.4.0-SNAPSHOT/hdds-managed-rocksdb-1.4.0-SNAPSHOT.jar:/home/runner/.m2/repository/org/rocksdb/rocksdbjni/7.7.3/rocksdbjni-7.7.3.jar:/home/runner/.m2/repository/org/slf4j/slf4j-reload4j/1.7.36/slf4j-reload4j-1.7.36.jar:/home/runner/.m2/repository/org/apache/commons/commons-configuration2/2.1.1/commons-configuration2-2.1.1.jar:/home/runner/.m2/repository/org/apache/logging/log4j/log4j-core/2.17.1/log4j-core-2.17.1.jar:/home/runner/.m2/repository/com/lmax/disruptor/3.4.2/disruptor-3.4.2.jar:/home/runner/.m2/repository/org/eclipse/jetty/jetty-util/9.4.51.v20230217/jetty-util-9.4.51.v20230217.jar:/home/runner/.m2/repository/org/eclipse/jetty/jetty-server/9.4.51.v20230217/jetty-server-9.4.51.v20230217.jar:/home/runner/.m2/repository/org/eclipse/jetty/jetty-http/9.4.51.v20230217/jetty-http-9.4.51.v20230217.jar:/home/runner/.m2/repository/org/eclipse/jetty/jetty-io/9.4.51.v20230217/jetty-io-9.4.51.v20230217.jar:/home/runner/.m2/repository/org/eclipse/jetty/jetty-servlet/9.4.51.v20230217/jetty-servlet-9.4.51.v20230217.jar:/home/runner/.m2/repository/org/eclipse/jetty/jetty-security/9.4.51.v20230217/jetty-security-9.4.51.v20230217.jar:/home/runner/.m2/repository/org/eclipse/jetty/jetty-util-ajax/9.4.51.v20230217/jetty-util-ajax-9.4.51.v20230217.jar:/home/runner/.m2/repository/org/eclipse/jetty/jetty-webapp/9.4.51.v20230217/jetty-webapp-9.4.51.v20230217.jar:/home/runner/.m2/repository/org/eclipse/jetty/jetty-xml/9.4.51.v20230217/jetty-xml-9.4.51.v20230217.jar:/home/runner/.m2/repository/org/apache/ratis/ratis-server/2.5.1/ratis-server-2.5.1.jar:/home/runner/.m2/repository/org/apache/ratis/ratis-thirdparty-misc/1.0.4/ratis-thirdparty-misc-1.0.4.jar:/home/runner/.m2/repository/org/apache/ratis/ratis-proto/2.5.1/ratis-proto-2.5.1.jar:/home/runner/.m2/repository/org/apache/ratis/ratis-common/2.5.1/ratis-common-2.5.1.jar:/home/runner/.m2/repository/org/apache/ratis/ratis-client/2.5.1/ratis-client-2.5.1.jar:/home/runner/.m2/repository/org/apache/ratis/ratis-server-api/2.5.1/ratis-server-api-2.5.1.jar:/home/runner/.m2/repository/org/apache/ratis/ratis-metrics/2.5.1/ratis-metrics-2.5.1.jar:/home/runner/.m2/repository/io/prometheus/simpleclient_dropwizard/0.7.0/simpleclient_dropwizard-0.7.0.jar:/home/runner/.m2/repository/io/prometheus/simpleclient/0.7.0/simpleclient-0.7.0.jar:/home/runner/.m2/repository/io/prometheus/simpleclient_common/0.7.0/simpleclient_common-0.7.0.jar:/home/runner/.m2/repository/com/fasterxml/jackson/datatype/jackson-datatype-jsr310/2.13.4/jackson-datatype-jsr310-2.13.4.jar:/home/runner/.m2/repository/com/fasterxml/jackson/core/jackson-core/2.13.4/jackson-core-2.13.4.jar:/home/runner/.m2/repository/com/github/spotbugs/spotbugs-annotations/3.1.12/spotbugs-annotations-3.1.12.jar:/home/runner/.m2/repository/org/apache/ozone/rocksdb-checkpoint-differ/1.4.0-SNAPSHOT/rocksdb-checkpoint-differ-1.4.0-SNAPSHOT.jar:/home/runner/.m2/repository/org/awaitility/awaitility/4.2.0/awaitility-4.2.0.jar:/home/runner/.m2/repository/org/hamcrest/hamcrest/2.1/hamcrest-2.1.jar:/home/runner/.m2/repository/org/apache/ozone/ozone-manager/1.4.0-SNAPSHOT/ozone-manager-1.4.0-SNAPSHOT.jar:/home/runner/.m2/repository/org/aspectj/aspectjrt/1.9.7/aspectjrt-1.9.7.jar:/home/runner/.m2/repository/org/aspectj/aspectjweaver/1.9.7/aspectjweaver-1.9.7.jar:/home/runner/.m2/repository/org/apache/ozone/hdds-interface-client/1.4.0-SNAPSHOT/hdds-interface-client-1.4.0-SNAPSHOT.jar:/home/runner/.m2/repository/org/apache/hadoop/thirdparty/hadoop-shaded-protobuf_3_7/1.1.1/hadoop-shaded-protobuf_3_7-1.1.1.jar:/home/runner/.m2/repository/org/apache/ozone/ozone-interface-storage/1.4.0-SNAPSHOT/ozone-interface-storage-1.4.0-SNAPSHOT.jar:/home/runner/.m2/repository/org/reflections/reflections/0.9.11/reflections-0.9.11.jar:/home/runner/.m2/repository/com/sun/jersey/jersey-client/1.19/jersey-client-1.19.jar:/home/runner/.m2/repository/org/codehaus/jackson/jackson-core-asl/1.9.13/jackson-core-asl-1.9.13.jar:/home/runner/.m2/repository/org/codehaus/jackson/jackson-mapper-asl/1.9.13/jackson-mapper-asl-1.9.13.jar:/home/runner/.m2/repository/org/codehaus/jackson/jackson-jaxrs/1.9.13/jackson-jaxrs-1.9.13.jar:/home/runner/.m2/repository/org/apache/ranger/ranger-intg/2.3.0/ranger-intg-2.3.0.jar:/home/runner/.m2/repository/org/apache/ranger/ranger-plugins-common/2.3.0/ranger-plugins-common-2.3.0.jar:/home/runner/.m2/repository/commons-lang/commons-lang/2.6/commons-lang-2.6.jar:/home/runner/.m2/repository/org/apache/ranger/ranger-plugins-cred/2.3.0/ranger-plugins-cred-2.3.0.jar:/home/runner/.m2/repository/org/apache/ranger/ranger-plugins-audit/2.3.0/ranger-plugins-audit-2.3.0.jar:/home/runner/.m2/repository/org/eclipse/jetty/jetty-client/9.4.51.v20230217/jetty-client-9.4.51.v20230217.jar:/home/runner/.m2/repository/org/apache/httpcomponents/httpmime/4.5.6/httpmime-4.5.6.jar:/home/runner/.m2/repository/org/apache/httpcomponents/httpcore-nio/4.4.13/httpcore-nio-4.4.13.jar:/home/runner/.m2/repository/org/apache/httpcomponents/httpasyncclient/4.1.3/httpasyncclient-4.1.3.jar:/home/runner/.m2/repository/com/carrotsearch/hppc/0.8.0/hppc-0.8.0.jar:/home/runner/.m2/repository/org/apache/orc/orc-core/1.5.8/orc-core-1.5.8.jar:/home/runner/.m2/repository/net/java/dev/jna/jna/5.2.0/jna-5.2.0.jar:/home/runner/.m2/repository/net/java/dev/jna/jna-platform/5.2.0/jna-platform-5.2.0.jar:/home/runner/.m2/repository/com/kstruct/gethostname4j/0.0.2/gethostname4j-0.0.2.jar:/home/runner/.m2/repository/org/apache/ranger/ranger-plugin-classloader/2.3.0/ranger-plugin-classloader-2.3.0.jar:/home/runner/.m2/repository/org/apache/ozone/hdds-rocks-native/1.4.0-SNAPSHOT/hdds-rocks-native-1.4.0-SNAPSHOT.jar:/home/runner/.m2/repository/org/apache/hadoop/hadoop-minikdc/3.3.5/hadoop-minikdc-3.3.5.jar:/home/runner/.m2/repository/org/apache/kerby/kerb-simplekdc/1.0.1/kerb-simplekdc-1.0.1.jar:/home/runner/.m2/repository/org/apache/kerby/kerb-client/1.0.1/kerb-client-1.0.1.jar:/home/runner/.m2/repository/org/apache/kerby/kerby-config/1.0.1/kerby-config-1.0.1.jar:/home/runner/.m2/repository/org/apache/kerby/kerb-common/1.0.1/kerb-common-1.0.1.jar:/home/runner/.m2/repository/org/apache/kerby/kerb-crypto/1.0.1/kerb-crypto-1.0.1.jar:/home/runner/.m2/repository/org/apache/kerby/kerb-util/1.0.1/kerb-util-1.0.1.jar:/home/runner/.m2/repository/org/apache/kerby/token-provider/1.0.1/token-provider-1.0.1.jar:/home/runner/.m2/repository/org/apache/kerby/kerb-admin/1.0.1/kerb-admin-1.0.1.jar:/home/runner/.m2/repository/org/apache/kerby/kerb-server/1.0.1/kerb-server-1.0.1.jar:/home/runner/.m2/repository/org/apache/kerby/kerb-identity/1.0.1/kerb-identity-1.0.1.jar:/home/runner/.m2/repository/org/apache/kerby/kerby-xdr/1.0.1/kerby-xdr-1.0.1.jar:/home/runner/.m2/repository/org/apache/ozone/ozone-s3gateway/1.4.0-SNAPSHOT/ozone-s3gateway-1.4.0-SNAPSHOT.jar:/home/runner/.m2/repository/org/javassist/javassist/3.21.0-GA/javassist-3.21.0-GA.jar:/home/runner/.m2/repository/org/jboss/weld/servlet/weld-servlet-shaded/3.1.9.Final/weld-servlet-shaded-3.1.9.Final.jar:/home/runner/.m2/repository/org/glassfish/jersey/containers/jersey-container-servlet-core/2.34/jersey-container-servlet-core-2.34.jar:/home/runner/.m2/repository/org/glassfish/hk2/external/jakarta.inject/2.6.1/jakarta.inject-2.6.1.jar:/home/runner/.m2/repository/org/glassfish/jersey/core/jersey-common/2.34/jersey-common-2.34.jar:/home/runner/.m2/repository/jakarta/ws/rs/jakarta.ws.rs-api/2.1.6/jakarta.ws.rs-api-2.1.6.jar:/home/runner/.m2/repository/org/glassfish/jersey/ext/cdi/jersey-cdi1x/2.34/jersey-cdi1x-2.34.jar:/home/runner/.m2/repository/org/glassfish/jersey/inject/jersey-hk2/2.34/jersey-hk2-2.34.jar:/home/runner/.m2/repository/org/glassfish/hk2/hk2-locator/2.6.1/hk2-locator-2.6.1.jar:/home/runner/.m2/repository/org/glassfish/jersey/media/jersey-media-jaxb/2.34/jersey-media-jaxb-2.34.jar:/home/runner/.m2/repository/org/glassfish/hk2/osgi-resource-locator/1.0.3/osgi-resource-locator-1.0.3.jar:/home/runner/.m2/repository/org/glassfish/hk2/hk2-api/2.5.0/hk2-api-2.5.0.jar:/home/runner/.m2/repository/org/glassfish/hk2/hk2-utils/2.5.0/hk2-utils-2.5.0.jar:/home/runner/.m2/repository/org/glassfish/hk2/external/aopalliance-repackaged/2.5.0/aopalliance-repackaged-2.5.0.jar:/home/runner/.m2/repository/com/fasterxml/jackson/dataformat/jackson-dataformat-xml/2.13.4/jackson-dataformat-xml-2.13.4.jar:/home/runner/.m2/repository/org/codehaus/woodstox/stax2-api/4.2.1/stax2-api-4.2.1.jar:/home/runner/.m2/repository/com/fasterxml/woodstox/woodstox-core/5.4.0/woodstox-core-5.4.0.jar:/home/runner/.m2/repository/com/fasterxml/jackson/module/jackson-module-jaxb-annotations/2.13.4/jackson-module-jaxb-annotations-2.13.4.jar:/home/runner/.m2/repository/jakarta/xml/bind/jakarta.xml.bind-api/2.3.3/jakarta.xml.bind-api-2.3.3.jar:/home/runner/.m2/repository/jakarta/activation/jakarta.activation-api/1.2.2/jakarta.activation-api-1.2.2.jar:/home/runner/.m2/repository/javax/enterprise/cdi-api/2.0/cdi-api-2.0.jar:/home/runner/.m2/repository/javax/el/javax.el-api/3.0.0/javax.el-api-3.0.0.jar:/home/runner/.m2/repository/javax/interceptor/javax.interceptor-api/1.2/javax.interceptor-api-1.2.jar:/home/runner/.m2/repository/javax/inject/javax.inject/1/javax.inject-1.jar:/home/runner/.m2/repository/javax/xml/bind/jaxb-api/2.3.0/jaxb-api-2.3.0.jar:/home/runner/.m2/repository/org/glassfish/jaxb/jaxb-runtime/2.3.0.1/jaxb-runtime-2.3.0.1.jar:/home/runner/.m2/repository/org/glassfish/jaxb/jaxb-core/2.3.0.1/jaxb-core-2.3.0.1.jar:/home/runner/.m2/repository/org/glassfish/jaxb/txw2/2.3.0.1/txw2-2.3.0.1.jar:/home/runner/.m2/repository/com/sun/istack/istack-commons-runtime/3.0.5/istack-commons-runtime-3.0.5.jar:/home/runner/.m2/repository/org/jvnet/staxex/stax-ex/1.7.8/stax-ex-1.7.8.jar:/home/runner/.m2/repository/com/sun/xml/fastinfoset/FastInfoset/1.2.13/FastInfoset-1.2.13.jar:/home/runner/.m2/repository/javax/activation/activation/1.1.1/activation-1.1.1.jar:/home/runner/.m2/repository/io/grpc/grpc-protobuf/1.51.1/grpc-protobuf-1.51.1.jar:/home/runner/.m2/repository/io/grpc/grpc-api/1.51.1/grpc-api-1.51.1.jar:/home/runner/.m2/repository/io/grpc/grpc-context/1.51.1/grpc-context-1.51.1.jar:/home/runner/.m2/repository/com/google/api/grpc/proto-google-common-protos/2.9.0/proto-google-common-protos-2.9.0.jar:/home/runner/.m2/repository/io/grpc/grpc-protobuf-lite/1.51.1/grpc-protobuf-lite-1.51.1.jar:/home/runner/.m2/repository/io/grpc/grpc-stub/1.51.1/grpc-stub-1.51.1.jar:/home/runner/.m2/repository/io/netty/netty-transport/4.1.86.Final/netty-transport-4.1.86.Final.jar:/home/runner/.m2/repository/io/netty/netty-resolver/4.1.86.Final/netty-resolver-4.1.86.Final.jar:/home/runner/.m2/repository/org/apache/ozone/ozone-csi/1.4.0-SNAPSHOT/ozone-csi-1.4.0-SNAPSHOT.jar:/home/runner/.m2/repository/com/google/protobuf/protobuf-java-util/3.19.6/protobuf-java-util-3.19.6.jar:/home/runner/.m2/repository/com/google/code/gson/gson/2.9.0/gson-2.9.0.jar:/home/runner/.m2/repository/org/apache/ozone/hdds-config/1.4.0-SNAPSHOT/hdds-config-1.4.0-SNAPSHOT.jar:/home/runner/.m2/repository/io/netty/netty-transport-native-epoll/4.1.86.Final/netty-transport-native-epoll-4.1.86.Final-linux-x86_64.jar:/home/runner/.m2/repository/io/netty/netty-transport-classes-epoll/4.1.86.Final/netty-transport-classes-epoll-4.1.86.Final.jar:/home/runner/.m2/repository/io/netty/netty-transport-native-unix-common/4.1.86.Final/netty-transport-native-unix-common-4.1.86.Final.jar:/home/runner/.m2/repository/org/apache/ozone/ozone-recon/1.4.0-SNAPSHOT/ozone-recon-1.4.0-SNAPSHOT.jar:/home/runner/.m2/repository/org/apache/ozone/ozone-reconcodegen/1.4.0-SNAPSHOT/ozone-reconcodegen-1.4.0-SNAPSHOT.jar:/home/runner/.m2/repository/com/google/inject/guice/5.1.0/guice-5.1.0.jar:/home/runner/.m2/repository/aopalliance/aopalliance/1.0/aopalliance-1.0.jar:/home/runner/.m2/repository/com/google/inject/extensions/guice-assistedinject/5.1.0/guice-assistedinject-5.1.0.jar:/home/runner/.m2/repository/com/google/inject/extensions/guice-servlet/5.1.0/guice-servlet-5.1.0.jar:/home/runner/.m2/repository/org/glassfish/jersey/containers/jersey-container-servlet/2.34/jersey-container-servlet-2.34.jar:/home/runner/.m2/repository/org/glassfish/hk2/guice-bridge/2.5.0/guice-bridge-2.5.0.jar:/home/runner/.m2/repository/org/glassfish/jersey/core/jersey-server/2.34/jersey-server-2.34.jar:/home/runner/.m2/repository/org/glassfish/jersey/core/jersey-client/2.34/jersey-client-2.34.jar:/home/runner/.m2/repository/jakarta/annotation/jakarta.annotation-api/1.3.5/jakarta.annotation-api-1.3.5.jar:/home/runner/.m2/repository/jakarta/validation/jakarta.validation-api/2.0.2/jakarta.validation-api-2.0.2.jar:/home/runner/.m2/repository/org/glassfish/jersey/media/jersey-media-json-jackson/2.34/jersey-media-json-jackson-2.34.jar:/home/runner/.m2/repository/org/glassfish/jersey/ext/jersey-entity-filtering/2.34/jersey-entity-filtering-2.34.jar:/home/runner/.m2/repository/org/jooq/jooq/3.11.10/jooq-3.11.10.jar:/home/runner/.m2/repository/org/jooq/jooq-meta/3.11.10/jooq-meta-3.11.10.jar:/home/runner/.m2/repository/org/jooq/jooq-codegen/3.11.10/jooq-codegen-3.11.10.jar:/home/runner/.m2/repository/com/jolbox/bonecp/0.8.0.RELEASE/bonecp-0.8.0.RELEASE.jar:/home/runner/.m2/repository/org/apache/derby/derby/10.14.2.0/derby-10.14.2.0.jar:/home/runner/.m2/repository/org/xerial/sqlite-jdbc/3.25.2/sqlite-jdbc-3.25.2.jar:/home/runner/.m2/repository/org/springframework/spring-jdbc/5.3.27/spring-jdbc-5.3.27.jar:/home/runner/.m2/repository/org/springframework/spring-beans/5.3.27/spring-beans-5.3.27.jar:/home/runner/.m2/repository/org/springframework/spring-core/5.3.27/spring-core-5.3.27.jar:/home/runner/.m2/repository/org/springframework/spring-tx/5.3.27/spring-tx-5.3.27.jar:/home/runner/.m2/repository/org/apache/ozone/ozone-client/1.4.0-SNAPSHOT/ozone-client-1.4.0-SNAPSHOT.jar:/home/runner/.m2/repository/org/apache/ozone/hdds-erasurecode/1.4.0-SNAPSHOT/hdds-erasurecode-1.4.0-SNAPSHOT.jar:/home/runner/.m2/repository/org/apache/ozone/ozone-filesystem/1.4.0-SNAPSHOT/ozone-filesystem-1.4.0-SNAPSHOT.jar:/home/runner/.m2/repository/org/apache/ozone/ozone-filesystem-common/1.4.0-SNAPSHOT/ozone-filesystem-common-1.4.0-SNAPSHOT.jar:/home/runner/.m2/repository/org/apache/ozone/ozone-tools/1.4.0-SNAPSHOT/ozone-tools-1.4.0-SNAPSHOT.jar:/home/runner/.m2/repository/com/amazonaws/aws-java-sdk-core/1.12.261/aws-java-sdk-core-1.12.261.jar:/home/runner/.m2/repository/org/apache/httpcomponents/httpclient/4.5.13/httpclient-4.5.13.jar:/home/runner/.m2/repository/org/apache/httpcomponents/httpcore/4.4.13/httpcore-4.4.13.jar:/home/runner/.m2/repository/software/amazon/ion/ion-java/1.0.2/ion-java-1.0.2.jar:/home/runner/.m2/repository/com/fasterxml/jackson/dataformat/jackson-dataformat-cbor/2.13.4/jackson-dataformat-cbor-2.13.4.jar:/home/runner/.m2/repository/joda-time/joda-time/2.10.6/joda-time-2.10.6.jar:/home/runner/.m2/repository/com/amazonaws/aws-java-sdk-s3/1.12.261/aws-java-sdk-s3-1.12.261.jar:/home/runner/.m2/repository/com/amazonaws/aws-java-sdk-kms/1.12.261/aws-java-sdk-kms-1.12.261.jar:/home/runner/.m2/repository/com/amazonaws/jmespath-java/1.12.261/jmespath-java-1.12.261.jar:/home/runner/.m2/repository/org/kohsuke/metainf-services/metainf-services/1.8/metainf-services-1.8.jar:/home/runner/.m2/repository/org/apache/ozone/hdds-tools/1.4.0-SNAPSHOT/hdds-tools-1.4.0-SNAPSHOT.jar:/home/runner/.m2/repository/org/apache/ratis/ratis-tools/2.5.1/ratis-tools-2.5.1.jar:/home/runner/.m2/repository/commons-cli/commons-cli/1.2/commons-cli-1.2.jar:/home/runner/.m2/repository/org/apache/commons/commons-lang3/3.7/commons-lang3-3.7.jar:/home/runner/.m2/repository/org/apache/ozone/ozone-manager/1.4.0-SNAPSHOT/ozone-manager-1.4.0-SNAPSHOT-tests.jar:/home/runner/.m2/repository/org/apache/ozone/hdds-common/1.4.0-SNAPSHOT/hdds-common-1.4.0-SNAPSHOT-tests.jar:/home/runner/.m2/repository/org/apache/ozone/hdds-hadoop-dependency-client/1.4.0-SNAPSHOT/hdds-hadoop-dependency-client-1.4.0-SNAPSHOT.jar:/home/runner/.m2/repository/info/picocli/picocli/4.6.1/picocli-4.6.1.jar:/home/runner/.m2/repository/com/fasterxml/jackson/core/jackson-annotations/2.13.4/jackson-annotations-2.13.4.jar:/home/runner/.m2/repository/org/apache/ozone/hdds-annotation-processing/1.4.0-SNAPSHOT/hdds-annotation-processing-1.4.0-SNAPSHOT.jar:/home/runner/.m2/repository/javax/annotation/javax.annotation-api/1.2/javax.annotation-api-1.2.jar:/home/runner/.m2/repository/org/apache/ratis/ratis-netty/2.5.1/ratis-netty-2.5.1.jar:/home/runner/.m2/repository/org/apache/ratis/ratis-grpc/2.5.1/ratis-grpc-2.5.1.jar:/home/runner/.m2/repository/org/apache/logging/log4j/log4j-api/2.17.1/log4j-api-2.17.1.jar:/home/runner/.m2/repository/org/apache/commons/commons-pool2/2.6.0/commons-pool2-2.6.0.jar:/home/runner/.m2/repository/org/bouncycastle/bcpkix-jdk15on/1.67/bcpkix-jdk15on-1.67.jar:/home/runner/.m2/repository/commons-validator/commons-validator/1.6/commons-validator-1.6.jar:/home/runner/.m2/repository/commons-beanutils/commons-beanutils/1.9.4/commons-beanutils-1.9.4.jar:/home/runner/.m2/repository/commons-digester/commons-digester/1.8.1/commons-digester-1.8.1.jar:/home/runner/.m2/repository/commons-collections/commons-collections/3.2.2/commons-collections-3.2.2.jar:/home/runner/.m2/repository/io/jaegertracing/jaeger-client/1.6.0/jaeger-client-1.6.0.jar:/home/runner/.m2/repository/io/jaegertracing/jaeger-thrift/1.6.0/jaeger-thrift-1.6.0.jar:/home/runner/.m2/repository/org/apache/thrift/libthrift/0.14.1/libthrift-0.14.1.jar:/home/runner/.m2/repository/io/jaegertracing/jaeger-core/1.6.0/jaeger-core-1.6.0.jar:/home/runner/.m2/repository/io/jaegertracing/jaeger-tracerresolver/1.6.0/jaeger-tracerresolver-1.6.0.jar:/home/runner/.m2/repository/io/opentracing/contrib/opentracing-tracerresolver/0.1.8/opentracing-tracerresolver-0.1.8.jar:/home/runner/.m2/repository/org/jetbrains/kotlin/kotlin-stdlib/1.6.21/kotlin-stdlib-1.6.21.jar:/home/runner/.m2/repository/org/jetbrains/annotations/13.0/annotations-13.0.jar:/home/runner/.m2/repository/io/opentracing/opentracing-util/0.33.0/opentracing-util-0.33.0.jar:/home/runner/.m2/repository/io/opentracing/opentracing-api/0.33.0/opentracing-api-0.33.0.jar:/home/runner/.m2/repository/io/opentracing/opentracing-noop/0.33.0/opentracing-noop-0.33.0.jar:/home/runner/.m2/repository/org/yaml/snakeyaml/2.0/snakeyaml-2.0.jar:/home/runner/.m2/repository/junit/junit/4.13.1/junit-4.13.1.jar:/home/runner/.m2/repository/org/hamcrest/hamcrest-core/1.3/hamcrest-core-1.3.jar:/home/runner/.m2/repository/org/junit/jupiter/junit-jupiter-api/5.8.2/junit-jupiter-api-5.8.2.jar:/home/runner/.m2/repository/org/opentest4j/opentest4j/1.2.0/opentest4j-1.2.0.jar:/home/runner/.m2/repository/org/junit/platform/junit-platform-commons/1.8.2/junit-platform-commons-1.8.2.jar:/home/runner/.m2/repository/org/apiguardian/apiguardian-api/1.1.2/apiguardian-api-1.1.2.jar:/home/runner/.m2/repository/org/junit/jupiter/junit-jupiter-params/5.8.2/junit-jupiter-params-5.8.2.jar:/home/runner/.m2/repository/org/junit/jupiter/junit-jupiter-migrationsupport/5.8.2/junit-jupiter-migrationsupport-5.8.2.jar:/home/runner/.m2/repository/org/junit/jupiter/junit-jupiter-engine/5.8.2/junit-jupiter-engine-5.8.2.jar:/home/runner/.m2/repository/org/junit/platform/junit-platform-engine/1.8.2/junit-platform-engine-1.8.2.jar:/home/runner/.m2/repository/org/junit/vintage/junit-vintage-engine/5.8.2/junit-vintage-engine-5.8.2.jar:/home/runner/.m2/repository/org/junit/platform/junit-platform-launcher/1.8.2/junit-platform-launcher-1.8.2.jar:/home/runner/.m2/repository/org/mockito/mockito-core/2.28.2/mockito-core-2.28.2.jar:/home/runner/.m2/repository/net/bytebuddy/byte-buddy/1.9.10/byte-buddy-1.9.10.jar:/home/runner/.m2/repository/net/bytebuddy/byte-buddy-agent/1.9.10/byte-buddy-agent-1.9.10.jar:/home/runner/.m2/repository/org/objenesis/objenesis/1.0/objenesis-1.0.jar:/home/runner/.m2/repository/org/apache/hadoop/hadoop-kms/3.3.5/hadoop-kms-3.3.5.jar:/home/runner/.m2/repository/org/apache/hadoop/hadoop-auth/3.3.5/hadoop-auth-3.3.5.jar:/home/runner/.m2/repository/com/nimbusds/nimbus-jose-jwt/9.8.1/nimbus-jose-jwt-9.8.1.jar:/home/runner/.m2/repository/com/github/stephenc/jcip/jcip-annotations/1.0-1/jcip-annotations-1.0-1.jar:/home/runner/.m2/repository/net/minidev/json-smart/2.4.7/json-smart-2.4.7.jar:/home/runner/.m2/repository/net/minidev/accessors-smart/2.4.7/accessors-smart-2.4.7.jar:/home/runner/.m2/repository/org/ow2/asm/asm/5.0.4/asm-5.0.4.jar:/home/runner/.m2/repository/org/apache/zookeeper/zookeeper/3.5.6/zookeeper-3.5.6.jar:/home/runner/.m2/repository/org/apache/zookeeper/zookeeper-jute/3.5.6/zookeeper-jute-3.5.6.jar:/home/runner/.m2/repository/org/apache/yetus/audience-annotations/0.5.0/audience-annotations-0.5.0.jar:/home/runner/.m2/repository/org/apache/curator/curator-framework/4.2.0/curator-framework-4.2.0.jar:/home/runner/.m2/repository/org/apache/hadoop/thirdparty/hadoop-shaded-guava/1.1.1/hadoop-shaded-guava-1.1.1.jar:/home/runner/.m2/repository/com/sun/jersey/jersey-core/1.19/jersey-core-1.19.jar:/home/runner/.m2/repository/javax/ws/rs/jsr311-api/1.1.1/jsr311-api-1.1.1.jar:/home/runner/.m2/repository/com/sun/jersey/jersey-server/1.19/jersey-server-1.19.jar:/home/runner/.m2/repository/javax/servlet/javax.servlet-api/3.1.0/javax.servlet-api-3.1.0.jar:/home/runner/.m2/repository/org/apache/hadoop/hadoop-common/3.3.5/hadoop-common-3.3.5.jar:/home/runner/.m2/repository/org/apache/commons/commons-math3/3.1.1/commons-math3-3.1.1.jar:/home/runner/.m2/repository/commons-net/commons-net/3.9.0/commons-net-3.9.0.jar:/home/runner/.m2/repository/com/sun/jersey/jersey-servlet/1.19/jersey-servlet-1.19.jar:/home/runner/.m2/repository/com/github/pjfanning/jersey-json/1.20/jersey-json-1.20.jar:/home/runner/.m2/repository/org/codehaus/jettison/jettison/1.1/jettison-1.1.jar:/home/runner/.m2/repository/com/sun/xml/bind/jaxb-impl/2.2.3-1/jaxb-impl-2.2.3-1.jar:/home/runner/.m2/repository/com/google/re2j/re2j/1.1/re2j-1.1.jar:/home/runner/.m2/repository/com/jcraft/jsch/0.1.54/jsch-0.1.54.jar:/home/runner/.m2/repository/org/apache/curator/curator-client/4.2.0/curator-client-4.2.0.jar:/home/runner/.m2/repository/org/apache/curator/curator-recipes/4.2.0/curator-recipes-4.2.0.jar:/home/runner/.m2/repository/org/apache/kerby/kerb-core/1.0.1/kerb-core-1.0.1.jar:/home/runner/.m2/repository/org/apache/kerby/kerby-pkix/1.0.1/kerby-pkix-1.0.1.jar:/home/runner/.m2/repository/org/apache/kerby/kerby-asn1/1.0.1/kerby-asn1-1.0.1.jar:/home/runner/.m2/repository/org/apache/kerby/kerby-util/1.0.1/kerby-util-1.0.1.jar:/home/runner/.m2/repository/dnsjava/dnsjava/2.1.7/dnsjava-2.1.7.jar:/home/runner/.m2/repository/org/xerial/snappy/snappy-java/1.1.8.2/snappy-java-1.1.8.2.jar:/home/runner/.m2/repository/com/fasterxml/jackson/core/jackson-databind/2.13.4.2/jackson-databind-2.13.4.2.jar:/home/runner/.m2/repository/org/apache/hadoop/hadoop-kms/3.3.5/hadoop-kms-3.3.5-tests.jar:/home/runner/.m2/repository/org/apache/ozone/hdds-server-scm/1.4.0-SNAPSHOT/hdds-server-scm-1.4.0-SNAPSHOT-tests.jar:/home/runner/.m2/repository/org/apache/ozone/hdds-container-service/1.4.0-SNAPSHOT/hdds-container-service-1.4.0-SNAPSHOT-tests.jar:/home/runner/.m2/repository/com/github/luben/zstd-jni/1.5.2-5/zstd-jni-1.5.2-5.jar:/home/runner/.m2/repository/commons-codec/commons-codec/1.15/commons-codec-1.15.jar:/home/runner/.m2/repository/io/netty/netty-codec/4.1.86.Final/netty-codec-4.1.86.Final.jar:/home/runner/.m2/repository/io/netty/netty-handler/4.1.86.Final/netty-handler-4.1.86.Final.jar:/home/runner/.m2/repository/org/apache/ozone/hdds-hadoop-dependency-test/1.4.0-SNAPSHOT/hdds-hadoop-dependency-test-1.4.0-SNAPSHOT.jar:/home/runner/.m2/repository/org/apache/hadoop/hadoop-common/3.3.5/hadoop-common-3.3.5-tests.jar:/home/runner/.m2/repository/org/apache/hadoop/hadoop-hdfs/3.3.5/hadoop-hdfs-3.3.5-tests.jar:/home/runner/.m2/repository/org/assertj/assertj-core/3.12.2/assertj-core-3.12.2.jar:/home/runner/.m2/repository/org/apache/hadoop/hadoop-distcp/3.3.5/hadoop-distcp-3.3.5.jar:/home/runner/.m2/repository/org/apache/hadoop/hadoop-mapreduce-client-jobclient/3.3.5/hadoop-mapreduce-client-jobclient-3.3.5.jar:/home/runner/.m2/repository/org/apache/hadoop/hadoop-mapreduce-client-common/3.3.5/hadoop-mapreduce-client-common-3.3.5.jar:/home/runner/.m2/repository/org/apache/hadoop/hadoop-yarn-common/3.3.5/hadoop-yarn-common-3.3.5.jar:/home/runner/.m2/repository/org/apache/hadoop/hadoop-yarn-api/3.3.5/hadoop-yarn-api-3.3.5.jar:/home/runner/.m2/repository/com/sun/jersey/contribs/jersey-guice/1.19/jersey-guice-1.19.jar:/home/runner/.m2/repository/com/fasterxml/jackson/jaxrs/jackson-jaxrs-json-provider/2.13.4/jackson-jaxrs-json-provider-2.13.4.jar:/home/runner/.m2/repository/com/fasterxml/jackson/jaxrs/jackson-jaxrs-base/2.13.4/jackson-jaxrs-base-2.13.4.jar:/home/runner/.m2/repository/org/apache/hadoop/hadoop-yarn-client/3.3.5/hadoop-yarn-client-3.3.5.jar:/home/runner/.m2/repository/org/eclipse/jetty/websocket/websocket-client/9.4.48.v20220622/websocket-client-9.4.48.v20220622.jar:/home/runner/.m2/repository/org/eclipse/jetty/websocket/websocket-common/9.4.48.v20220622/websocket-common-9.4.48.v20220622.jar:/home/runner/.m2/repository/org/eclipse/jetty/websocket/websocket-api/9.4.48.v20220622/websocket-api-9.4.48.v20220622.jar:/home/runner/.m2/repository/org/jline/jline/3.9.0/jline-3.9.0.jar:/home/runner/.m2/repository/org/apache/hadoop/hadoop-mapreduce-client-core/3.3.5/hadoop-mapreduce-client-core-3.3.5.jar:/home/runner/.m2/repository/org/apache/avro/avro/1.7.7/avro-1.7.7.jar:/home/runner/.m2/repository/com/thoughtworks/paranamer/paranamer/2.3/paranamer-2.3.jar:/home/runner/.m2/repository/org/apache/hadoop/hadoop-annotations/3.3.5/hadoop-annotations-3.3.5.jar:/usr/lib/jvm/temurin-8-jdk-amd64/jre/../lib/tools.jar:/home/runner/.m2/repository/io/netty/netty/3.10.6.Final/netty-3.10.6.Final.jar:/home/runner/.m2/repository/org/apache/hadoop/hadoop-distcp/3.3.5/hadoop-distcp-3.3.5-tests.jar:/home/runner/.m2/repository/org/slf4j/jul-to-slf4j/1.7.36/jul-to-slf4j-1.7.36.jar:"/>
    <property name="sun.cpu.endian" value="little"/>
    <property name="user.home" value="/home/runner"/>
    <property name="user.language" value="en"/>
    <property name="java.specification.vendor" value="Oracle Corporation"/>
    <property name="java.home" value="/usr/lib/jvm/temurin-8-jdk-amd64/jre"/>
    <property name="java.security.krb5.conf" value="/home/runner/work/ozone/ozone/hadoop-ozone/integration-test/target/test-classes/krb5.conf"/>
    <property name="basedir" value="/home/runner/work/ozone/ozone/hadoop-ozone/integration-test"/>
    <property name="file.separator" value="/"/>
    <property name="line.separator" value="&#10;"/>
    <property name="java.vm.specification.vendor" value="Oracle Corporation"/>
    <property name="java.specification.name" value="Java Platform API Specification"/>
    <property name="java.awt.graphicsenv" value="sun.awt.X11GraphicsEnvironment"/>
    <property name="skip.installnpx" value="true"/>
    <property name="surefire.real.class.path" value="/home/runner/work/ozone/ozone/hadoop-ozone/integration-test/target/surefire/surefirebooter3166629341564492386.jar:/home/runner/.m2/repository/org/jacoco/org.jacoco.agent/0.8.5/org.jacoco.agent-0.8.5-runtime.jar"/>
    <property name="hadoop.log.dir" value="/home/runner/work/ozone/ozone/hadoop-ozone/integration-test/target/log"/>
    <property name="sun.boot.class.path" value="/usr/lib/jvm/temurin-8-jdk-amd64/jre/lib/resources.jar:/usr/lib/jvm/temurin-8-jdk-amd64/jre/lib/rt.jar:/usr/lib/jvm/temurin-8-jdk-amd64/jre/lib/sunrsasign.jar:/usr/lib/jvm/temurin-8-jdk-amd64/jre/lib/jsse.jar:/usr/lib/jvm/temurin-8-jdk-amd64/jre/lib/jce.jar:/usr/lib/jvm/temurin-8-jdk-amd64/jre/lib/charsets.jar:/usr/lib/jvm/temurin-8-jdk-amd64/jre/lib/jfr.jar:/usr/lib/jvm/temurin-8-jdk-amd64/jre/classes"/>
    <property name="sun.management.compiler" value="HotSpot 64-Bit Tiered Compilers"/>
    <property name="skip.npx" value="true"/>
    <property name="java.runtime.version" value="1.8.0_362-b09"/>
    <property name="java.net.preferIPv4Stack" value="true"/>
    <property name="user.name" value="runner"/>
    <property name="path.separator" value=":"/>
    <property name="java.security.egd" value="file:///dev/urandom"/>
    <property name="os.version" value="5.15.0-1037-azure"/>
    <property name="java.endorsed.dirs" value="/usr/lib/jvm/temurin-8-jdk-amd64/jre/lib/endorsed"/>
    <property name="java.runtime.name" value="OpenJDK Runtime Environment"/>
    <property name="file.encoding" value="UTF-8"/>
    <property name="java.vm.name" value="OpenJDK 64-Bit Server VM"/>
    <property name="test.build.webapps" value=""/>
    <property name="localRepository" value="/home/runner/.m2/repository"/>
    <property name="jetty.git.hash" value="b45c405e4544384de066f814ed42ae3dceacdd49"/>
    <property name="java.vendor.url.bug" value="https://github.com/adoptium/adoptium-support/issues"/>
    <property name="java.io.tmpdir" value="/tmp"/>
    <property name="require.test.libhadoop" value=""/>
    <property name="java.version" value="1.8.0_362"/>
    <property name="user.dir" value="/home/runner/work/ozone/ozone/hadoop-ozone/integration-test"/>
    <property name="os.arch" value="amd64"/>
    <property name="java.vm.specification.name" value="Java Virtual Machine Specification"/>
    <property name="test.build.classes" value="/home/runner/work/ozone/ozone/hadoop-ozone/integration-test/target/test-classes"/>
    <property name="java.awt.printerjob" value="sun.print.PSPrinterJob"/>
    <property name="sun.os.patch.level" value="unknown"/>
    <property name="org.apache.ratis.thirdparty.io.netty.allocator.useCacheForAllThreads" value="false"/>
    <property name="hadoop.tmp.dir" value="/home/runner/work/ozone/ozone/hadoop-ozone/integration-test/target/tmp"/>
    <property name="java.library.path" value="/usr/java/packages/lib/amd64:/usr/lib64:/lib64:/lib:/usr/lib"/>
    <property name="java.vm.info" value="mixed mode"/>
    <property name="java.vendor" value="Temurin"/>
    <property name="java.vm.version" value="25.362-b09"/>
    <property name="java.specification.maintenance.version" value="4"/>
    <property name="java.ext.dirs" value="/usr/lib/jvm/temurin-8-jdk-amd64/jre/lib/ext:/usr/java/packages/lib/ext"/>
    <property name="sun.io.unicode.encoding" value="UnicodeLittle"/>
    <property name="java.class.version" value="52.0"/>
  </properties>
  <testcase name="testECReconstructionCoordinatorShouldCleanupContainersOnFailure" classname="org.apache.hadoop.hdds.scm.storage.TestContainerCommandsEC" time="30.734">
    <system-out><![CDATA[2023-05-18 02:46:55,438 [main] INFO  audit.AuditLogger (AuditLogger.java:refreshDebugCmdSet(126)) - Refresh DebugCmdSet for OMAudit to [].
2023-05-18 02:46:57,048 [main] INFO  utils.SelfSignedCertificate (SelfSignedCertificate.java:generateCertificate(153)) - Certificate 1 is issued by CN=rootCA@localhost,OU=scm1,O=cluster1 to CN=rootCA@localhost,OU=scm1,O=cluster1, valid from Thu May 18 02:46:56 UTC 2023 to Sun Jun 25 02:46:56 UTC 2028
2023-05-18 02:46:57,171 [main] WARN  server.ServerUtils (ServerUtils.java:getScmDbDir(148)) - ozone.scm.db.dirs is not configured. We recommend adding this setting. Falling back to ozone.metadata.dirs instead.
2023-05-18 02:46:57,337 [main] INFO  reflections.Reflections (Reflections.java:scan(232)) - Reflections took 129 ms to scan 7 urls, producing 156 keys and 367 values 
2023-05-18 02:46:57,439 [main] WARN  server.ServerUtils (ServerUtils.java:getScmDbDir(148)) - ozone.scm.db.dirs is not configured. We recommend adding this setting. Falling back to ozone.metadata.dirs instead.
2023-05-18 02:46:57,443 [main] INFO  ha.SCMHANodeDetails (SCMHANodeDetails.java:loadSCMHAConfig(209)) - ServiceID for StorageContainerManager is null
2023-05-18 02:46:57,447 [main] WARN  ha.SCMHANodeDetails (SCMHANodeDetails.java:validateSCMHAConfig(182)) - Invalid config ozone.scm.ratis.enable. The config was not specified, but the default value true conflicts with the expected config value false. Falling back to the expected value. Current State of SCM: SCM is running in Non-HA without Ratis Ratis SCM -> Non Ratis SCM or Non HA SCM -> HA SCM is not supported
2023-05-18 02:46:57,447 [main] INFO  ha.SCMHANodeDetails (SCMHANodeDetails.java:loadSCMHAConfig(214)) - ozone.scm.default.service.id is not defined, falling back to ozone.scm.service.ids to find serviceID for StorageContainerManager if it is HA enabled cluster
2023-05-18 02:46:57,604 [main] WARN  utils.HAUtils (HAUtils.java:getMetaDir(350)) - ozone.scm.db.dirs is not configured. We recommend adding this setting. Falling back to ozone.metadata.dirs instead.
2023-05-18 02:46:57,739 [main] WARN  db.DBStoreBuilder (DBStoreBuilder.java:applyDBDefinition(164)) - ozone.scm.db.dirs is not configured. We recommend adding this setting. Falling back to ozone.metadata.dirs instead.
2023-05-18 02:46:57,941 [main] INFO  net.NodeSchemaLoader (NodeSchemaLoader.java:loadSchemaFromFile(129)) - Loading schema from [jar:file:/home/runner/.m2/repository/org/apache/ozone/hdds-common/1.4.0-SNAPSHOT/hdds-common-1.4.0-SNAPSHOT.jar!/network-topology-default.xml]
2023-05-18 02:46:57,943 [main] INFO  net.NodeSchemaLoader (NodeSchemaLoader.java:loadSchema(176)) - Loading network topology layer schema file
2023-05-18 02:46:58,066 [main] INFO  metrics.MetricRegistries (MetricRegistriesLoader.java:load(64)) - Loaded MetricRegistries class org.apache.ratis.metrics.impl.MetricRegistriesImpl
2023-05-18 02:46:58,086 [main] INFO  upgrade.AbstractLayoutVersionManager (AbstractLayoutVersionManager.java:init(83)) - Initializing Layout version manager with metadata layout = WEBUI_PORTS_IN_DATANODEDETAILS (version = 6), software layout = WEBUI_PORTS_IN_DATANODEDETAILS (version = 6)
2023-05-18 02:46:58,209 [main] INFO  ha.SequenceIdGenerator (SequenceIdGenerator.java:upgradeToSequenceId(349)) - upgrade localId to 111677748019200000
2023-05-18 02:46:58,210 [main] INFO  ha.SequenceIdGenerator (SequenceIdGenerator.java:upgradeToSequenceId(359)) - upgrade delTxnId to 0
2023-05-18 02:46:58,214 [main] INFO  ha.SequenceIdGenerator (SequenceIdGenerator.java:upgradeToSequenceId(376)) - upgrade containerId to 0
2023-05-18 02:46:58,218 [main] INFO  ha.SequenceIdGenerator (SequenceIdGenerator.java:<init>(220)) - Init the HA SequenceIdGenerator.
2023-05-18 02:46:58,264 [main] WARN  server.ServerUtils (ServerUtils.java:sanitizeUserArgs(73)) - ozone.scm.stale.node.interval value = 300000 is larger than max = 100000 based on the key value of ozone.scm.heartbeat.thread.interval, reset to the max value 100000.
2023-05-18 02:46:58,264 [main] WARN  server.ServerUtils (ServerUtils.java:sanitizeUserArgs(73)) - ozone.scm.stale.node.interval value = 300000 is larger than max = 100000 based on the key value of ozone.scm.heartbeat.thread.interval, reset to the max value 100000.
2023-05-18 02:46:58,270 [main] INFO  node.SCMNodeManager (SCMNodeManager.java:<init>(159)) - Entering startup safe mode.
2023-05-18 02:46:58,285 [main] INFO  algorithms.ContainerPlacementPolicyFactory (ContainerPlacementPolicyFactory.java:getPolicyInternal(86)) - Create container placement policy of type org.apache.hadoop.hdds.scm.container.placement.algorithms.SCMContainerPlacementRackAware
2023-05-18 02:46:58,289 [main] INFO  algorithms.ContainerPlacementPolicyFactory (ContainerPlacementPolicyFactory.java:getPolicyInternal(86)) - Create container placement policy of type org.apache.hadoop.hdds.scm.container.placement.algorithms.SCMContainerPlacementRackScatter
2023-05-18 02:46:58,297 [main] INFO  pipeline.PipelineStateManagerImpl (PipelineStateManagerImpl.java:initialize(78)) - No pipeline exists in current db
2023-05-18 02:46:58,328 [main] INFO  algorithms.LeaderChoosePolicyFactory (LeaderChoosePolicyFactory.java:getPolicy(57)) - Create leader choose policy of type org.apache.hadoop.hdds.scm.pipeline.leader.choose.algorithms.MinLeaderCountChoosePolicy
2023-05-18 02:46:58,328 [main] INFO  algorithms.ContainerPlacementPolicyFactory (ContainerPlacementPolicyFactory.java:getPolicyInternal(86)) - Create container placement policy of type org.apache.hadoop.hdds.scm.container.placement.algorithms.SCMContainerPlacementRackScatter
2023-05-18 02:46:58,334 [main] INFO  ha.SCMServiceManager (SCMServiceManager.java:register(42)) - Registering service BackgroundPipelineCreator.
2023-05-18 02:46:58,334 [main] INFO  pipeline.BackgroundPipelineCreator (BackgroundPipelineCreator.java:start(124)) - Starting RatisPipelineUtilsThread.
2023-05-18 02:46:58,337 [main] INFO  BackgroundPipelineScrubber (BackgroundSCMService.java:start(68)) - Starting BackgroundPipelineScrubber Service.
2023-05-18 02:46:58,341 [main] INFO  ha.SCMServiceManager (SCMServiceManager.java:register(42)) - Registering service BackgroundPipelineScrubber.
2023-05-18 02:46:58,347 [main] INFO  ExpiredContainerReplicaOpScrubber (BackgroundSCMService.java:start(68)) - Starting ExpiredContainerReplicaOpScrubber Service.
2023-05-18 02:46:58,348 [main] INFO  ha.SCMServiceManager (SCMServiceManager.java:register(42)) - Registering service ExpiredContainerReplicaOpScrubber.
2023-05-18 02:46:58,395 [main] INFO  algorithms.PipelineChoosePolicyFactory (PipelineChoosePolicyFactory.java:createPipelineChoosePolicyFromClass(73)) - Create pipeline choose policy of type org.apache.hadoop.hdds.scm.pipeline.choose.algorithms.RandomPipelineChoosePolicy
2023-05-18 02:46:58,410 [main] INFO  ha.SCMServiceManager (SCMServiceManager.java:register(42)) - Registering service SCMBlockDeletingService.
2023-05-18 02:46:58,468 [main] INFO  replication.ReplicationManager (ReplicationManager.java:start(300)) - Starting Replication Monitor Thread.
2023-05-18 02:46:58,475 [main] INFO  ha.SCMServiceManager (SCMServiceManager.java:register(42)) - Registering service ReplicationManager.
2023-05-18 02:46:58,485 [ReplicationMonitor] INFO  replication.ReplicationManager (ReplicationManager.java:processAll(375)) - Replication Manager is not ready to run until 3000ms after safemode exit
2023-05-18 02:46:58,488 [main] INFO  safemode.ContainerSafeModeRule (ContainerSafeModeRule.java:<init>(89)) - containers with one replica threshold count 0
2023-05-18 02:46:58,492 [main] INFO  safemode.HealthyPipelineSafeModeRule (HealthyPipelineSafeModeRule.java:initializeRule(169)) - Total pipeline count is 0, healthy pipeline threshold count is 1
2023-05-18 02:46:58,494 [main] INFO  safemode.OneReplicaPipelineSafeModeRule (OneReplicaPipelineSafeModeRule.java:initializeRule(180)) - Total pipeline count is 0, pipeline's with at least one datanode reported threshold count is 0
2023-05-18 02:46:58,535 [main] INFO  server.StorageContainerManager (StorageContainerManager.java:<init>(403)) - SCM start with adminUsers: [runner]
2023-05-18 02:46:58,565 [main] INFO  audit.AuditLogger (AuditLogger.java:refreshDebugCmdSet(126)) - Refresh DebugCmdSet for SCMAudit to [].
2023-05-18 02:46:58,597 [main] INFO  ipc.CallQueueManager (CallQueueManager.java:<init>(90)) - Using callQueue: class java.util.concurrent.LinkedBlockingQueue, queueCapacity: 2000, scheduler: class org.apache.hadoop.ipc.DefaultRpcScheduler, ipcBackoff: false.
2023-05-18 02:46:58,637 [Socket Reader #1 for port 15002] INFO  ipc.Server (Server.java:run(1319)) - Starting Socket Reader #1 for port 15002
2023-05-18 02:46:58,690 [Listener at 0.0.0.0/15002] INFO  audit.AuditLogger (AuditLogger.java:refreshDebugCmdSet(126)) - Refresh DebugCmdSet for SCMAudit to [].
2023-05-18 02:46:58,695 [Listener at 0.0.0.0/15002] INFO  ipc.CallQueueManager (CallQueueManager.java:<init>(90)) - Using callQueue: class java.util.concurrent.LinkedBlockingQueue, queueCapacity: 2000, scheduler: class org.apache.hadoop.ipc.DefaultRpcScheduler, ipcBackoff: false.
2023-05-18 02:46:58,696 [Socket Reader #1 for port 15001] INFO  ipc.Server (Server.java:run(1319)) - Starting Socket Reader #1 for port 15001
2023-05-18 02:46:58,726 [Listener at 0.0.0.0/15001] INFO  audit.AuditLogger (AuditLogger.java:refreshDebugCmdSet(126)) - Refresh DebugCmdSet for SCMAudit to [].
2023-05-18 02:46:58,737 [Listener at 0.0.0.0/15001] INFO  ipc.CallQueueManager (CallQueueManager.java:<init>(90)) - Using callQueue: class java.util.concurrent.LinkedBlockingQueue, queueCapacity: 2000, scheduler: class org.apache.hadoop.ipc.DefaultRpcScheduler, ipcBackoff: false.
2023-05-18 02:46:58,741 [Socket Reader #1 for port 15000] INFO  ipc.Server (Server.java:run(1319)) - Starting Socket Reader #1 for port 15000
2023-05-18 02:46:58,799 [Listener at 0.0.0.0/15000] INFO  ha.SCMServiceManager (SCMServiceManager.java:register(42)) - Registering service ContainerBalancer.
2023-05-18 02:46:58,799 [Listener at 0.0.0.0/15000] INFO  server.StorageContainerManager (StorageContainerManager.java:<init>(420)) - 
Container Balancer status:
Key                            Value
Running                        false
Container Balancer Configuration values:
Key                                                Value
Threshold                                          10
Max Datanodes to Involve per Iteration(percent)    20
Max Size to Move per Iteration                     500GB
Max Size Entering Target per Iteration             26GB
Max Size Leaving Source per Iteration              26GB

2023-05-18 02:46:58,801 [Listener at 0.0.0.0/15000] INFO  ha.SCMContext (SCMContext.java:updateSafeModeStatus(228)) - Update SafeModeStatus from SafeModeStatus{safeModeStatus=true, preCheckPassed=false} to SafeModeStatus{safeModeStatus=true, preCheckPassed=false}.
2023-05-18 02:46:58,809 [Listener at 0.0.0.0/15000] INFO  server.StorageContainerManager (StorageContainerManager.java:start(1477)) - StorageContainerLocationProtocol RPC server is listening at /0.0.0.0:15000
2023-05-18 02:46:58,888 [Listener at 0.0.0.0/15000] WARN  impl.MetricsConfig (MetricsConfig.java:loadFirst(136)) - Cannot locate configuration: tried hadoop-metrics2-storagecontainermanager.properties,hadoop-metrics2.properties
2023-05-18 02:46:58,905 [Listener at 0.0.0.0/15000] INFO  impl.MetricsSystemImpl (MetricsSystemImpl.java:startTimer(378)) - Scheduled Metric snapshot period at 10 second(s).
2023-05-18 02:46:58,905 [Listener at 0.0.0.0/15000] INFO  impl.MetricsSystemImpl (MetricsSystemImpl.java:start(191)) - StorageContainerManager metrics system started
2023-05-18 02:46:58,982 [Listener at 0.0.0.0/15000] INFO  server.SCMClientProtocolServer (SCMClientProtocolServer.java:start(199)) - RPC server for Client  is listening at /0.0.0.0:15000
2023-05-18 02:46:58,982 [IPC Server Responder] INFO  ipc.Server (Server.java:run(1558)) - IPC Server Responder: starting
2023-05-18 02:46:58,991 [Listener at 0.0.0.0/15000] INFO  server.StorageContainerManager (StorageContainerManager.java:start(1491)) - ScmBlockLocationProtocol RPC server is listening at /0.0.0.0:15001
2023-05-18 02:46:58,992 [Listener at 0.0.0.0/15000] INFO  server.SCMBlockProtocolServer (SCMBlockProtocolServer.java:start(152)) - RPC server for Block Protocol is listening at /0.0.0.0:15001
2023-05-18 02:46:58,993 [IPC Server Responder] INFO  ipc.Server (Server.java:run(1558)) - IPC Server Responder: starting
2023-05-18 02:46:58,993 [IPC Server listener on 15001] INFO  ipc.Server (Server.java:run(1398)) - IPC Server listener on 15001: starting
2023-05-18 02:46:58,996 [Listener at 0.0.0.0/15000] INFO  server.SCMDatanodeProtocolServer (SCMDatanodeProtocolServer.java:start(193)) - ScmDatanodeProtocol RPC server for DataNodes is listening at /0.0.0.0:15002
2023-05-18 02:46:58,997 [IPC Server Responder] INFO  ipc.Server (Server.java:run(1558)) - IPC Server Responder: starting
2023-05-18 02:46:58,997 [IPC Server listener on 15002] INFO  ipc.Server (Server.java:run(1398)) - IPC Server listener on 15002: starting
2023-05-18 02:46:59,005 [IPC Server listener on 15000] INFO  ipc.Server (Server.java:run(1398)) - IPC Server listener on 15000: starting
2023-05-18 02:46:59,019 [org.apache.hadoop.util.JvmPauseMonitor$Monitor@189f2184] INFO  util.JvmPauseMonitor (JvmPauseMonitor.java:run(188)) - Starting JVM pause monitor
2023-05-18 02:46:59,023 [Listener at 0.0.0.0/15000] INFO  http.BaseHttpServer (BaseHttpServer.java:newHttpServer2BuilderForOzone(224)) - Starting Web-server for scm at: http://0.0.0.0:15003
2023-05-18 02:46:59,024 [Listener at 0.0.0.0/15000] INFO  http.BaseHttpServer (BaseHttpServer.java:<init>(111)) - Hadoop Security Enabled: false Ozone Security Enabled: false Ozone HTTP Security Enabled: false 
2023-05-18 02:46:59,049 [Listener at 0.0.0.0/15000] INFO  util.log (Log.java:initialized(170)) - Logging initialized @5495ms to org.eclipse.jetty.util.log.Slf4jLog
2023-05-18 02:46:59,142 [Listener at 0.0.0.0/15000] WARN  server.AuthenticationFilter (AuthenticationFilter.java:constructSecretProvider(240)) - Unable to initialize FileSignerSecretProvider, falling back to use random secrets. Reason: Could not read signature secret file: /home/runner/hadoop-http-auth-signature-secret
2023-05-18 02:46:59,148 [Listener at 0.0.0.0/15000] INFO  http.HttpRequestLog (HttpRequestLog.java:getRequestLog(86)) - Http request log for http.requests.scm is not defined
2023-05-18 02:46:59,155 [Listener at 0.0.0.0/15000] INFO  http.HttpServer2 (HttpServer2.java:addGlobalFilter(1031)) - Added global filter 'safety' (class=org.apache.hadoop.hdds.server.http.HttpServer2$QuotingInputFilter)
2023-05-18 02:46:59,159 [Listener at 0.0.0.0/15000] INFO  http.HttpServer2 (HttpServer2.java:addFilter(1007)) - Added filter static_user_filter (class=org.apache.hadoop.http.lib.StaticUserWebFilter$StaticUserFilter) to context scm
2023-05-18 02:46:59,159 [Listener at 0.0.0.0/15000] INFO  http.HttpServer2 (HttpServer2.java:addFilter(1015)) - Added filter static_user_filter (class=org.apache.hadoop.http.lib.StaticUserWebFilter$StaticUserFilter) to context static
2023-05-18 02:46:59,160 [Listener at 0.0.0.0/15000] INFO  http.HttpServer2 (HttpServer2.java:addFilter(1015)) - Added filter static_user_filter (class=org.apache.hadoop.http.lib.StaticUserWebFilter$StaticUserFilter) to context logs
2023-05-18 02:46:59,199 [Listener at 0.0.0.0/15000] INFO  http.BaseHttpServer (BaseHttpServer.java:<init>(190)) - HTTP server of scm uses base directory /home/runner/work/ozone/ozone/hadoop-ozone/integration-test/target/test-dir/MiniOzoneClusterImpl-522acec6-bbe2-4bbe-92e7-576262f261c3/ozone-meta/webserver
2023-05-18 02:46:59,200 [Listener at 0.0.0.0/15000] INFO  http.HttpServer2 (HttpServer2.java:bindListener(1250)) - Jetty bound to port 15003
2023-05-18 02:46:59,202 [Listener at 0.0.0.0/15000] INFO  server.Server (Server.java:doStart(375)) - jetty-9.4.51.v20230217; built: 2023-02-17T08:19:37.309Z; git: b45c405e4544384de066f814ed42ae3dceacdd49; jvm 1.8.0_362-b09
2023-05-18 02:46:59,236 [Listener at 0.0.0.0/15000] INFO  server.session (DefaultSessionIdManager.java:doStart(334)) - DefaultSessionIdManager workerName=node0
2023-05-18 02:46:59,237 [Listener at 0.0.0.0/15000] INFO  server.session (DefaultSessionIdManager.java:doStart(339)) - No SessionScavenger set, using defaults
2023-05-18 02:46:59,238 [Listener at 0.0.0.0/15000] INFO  server.session (HouseKeeper.java:startScavenging(132)) - node0 Scavenging every 660000ms
2023-05-18 02:46:59,250 [Listener at 0.0.0.0/15000] INFO  handler.ContextHandler (ContextHandler.java:doStart(921)) - Started o.e.j.s.ServletContextHandler@424ebf5b{logs,/logs,file:///home/runner/work/ozone/ozone/hadoop-ozone/integration-test/target/log,AVAILABLE}
2023-05-18 02:46:59,251 [Listener at 0.0.0.0/15000] INFO  handler.ContextHandler (ContextHandler.java:doStart(921)) - Started o.e.j.s.ServletContextHandler@5a75bad4{static,/static,file:///home/runner/work/ozone/ozone/hadoop-ozone/integration-test/target/test-classes/webapps/static,AVAILABLE}
2023-05-18 02:46:59,294 [Listener at 0.0.0.0/15000] INFO  handler.ContextHandler (ContextHandler.java:doStart(921)) - Started o.e.j.w.WebAppContext@fbc1de9{scm,/,file:///home/runner/work/ozone/ozone/hadoop-ozone/integration-test/target/test-classes/webapps/scm/,AVAILABLE}{file:/home/runner/work/ozone/ozone/hadoop-ozone/integration-test/target/test-classes/webapps/scm}
2023-05-18 02:46:59,303 [Listener at 0.0.0.0/15000] INFO  server.AbstractConnector (AbstractConnector.java:doStart(333)) - Started ServerConnector@3e966e67{HTTP/1.1, (http/1.1)}{0.0.0.0:15003}
2023-05-18 02:46:59,303 [Listener at 0.0.0.0/15000] INFO  server.Server (Server.java:doStart(415)) - Started @5750ms
2023-05-18 02:46:59,307 [Listener at 0.0.0.0/15000] INFO  impl.MetricsSinkAdapter (MetricsSinkAdapter.java:start(204)) - Sink prometheus started
2023-05-18 02:46:59,308 [Listener at 0.0.0.0/15000] INFO  impl.MetricsSystemImpl (MetricsSystemImpl.java:registerSink(305)) - Registered sink prometheus
2023-05-18 02:46:59,309 [Listener at 0.0.0.0/15000] INFO  http.BaseHttpServer (BaseHttpServer.java:updateConnectorAddress(344)) - HTTP server of scm listening at http://0.0.0.0:15003
2023-05-18 02:46:59,313 [Listener at 0.0.0.0/15000] WARN  server.ServerUtils (ServerUtils.java:getDBPath(225)) - ozone.om.db.dirs is not configured. We recommend adding this setting. Falling back to ozone.metadata.dirs instead.
2023-05-18 02:46:59,324 [Listener at 0.0.0.0/15000] INFO  ha.OMHANodeDetails (OMHANodeDetails.java:loadOMHAConfig(115)) - ozone.om.internal.service.id is not defined, falling back to ozone.om.service.ids to find serviceID for OzoneManager if it is HA enabled cluster
2023-05-18 02:46:59,328 [Listener at 0.0.0.0/15000] INFO  ha.OMHANodeDetails (OMHANodeDetails.java:loadOMHAConfig(226)) - Configuration does not have ozone.om.address set. Falling back to the default OM address /127.0.0.1:15004
2023-05-18 02:46:59,330 [Listener at 0.0.0.0/15000] INFO  ha.OMHANodeDetails (OMHANodeDetails.java:getOMNodeDetailsForNonHA(254)) - OM Service ID is not set. Setting it to the default ID: omServiceIdDefault
2023-05-18 02:46:59,330 [Listener at 0.0.0.0/15000] INFO  ha.OMHANodeDetails (OMHANodeDetails.java:getOMNodeDetailsForNonHA(261)) - OM Node ID is not set. Setting it to the default ID: om1
2023-05-18 02:46:59,334 [Listener at 0.0.0.0/15000] WARN  server.ServerUtils (ServerUtils.java:getDBPath(225)) - ozone.om.db.dirs is not configured. We recommend adding this setting. Falling back to ozone.metadata.dirs instead.
2023-05-18 02:46:59,336 [Listener at 0.0.0.0/15000] INFO  upgrade.AbstractLayoutVersionManager (AbstractLayoutVersionManager.java:init(83)) - Initializing Layout version manager with metadata layout = HSYNC (version = 4), software layout = HSYNC (version = 4)
2023-05-18 02:46:59,439 [Listener at 0.0.0.0/15000] INFO  reflections.Reflections (Reflections.java:scan(232)) - Reflections took 100 ms to scan 2 urls, producing 172 keys and 479 values [using 2 cores]
2023-05-18 02:46:59,445 [Listener at 0.0.0.0/15000] INFO  upgrade.OMLayoutVersionManager (OMLayoutVersionManager.java:lambda$0(115)) - Skipping Upgrade Action MockOmUpgradeAction since it has been finalized.
2023-05-18 02:46:59,450 [Listener at 0.0.0.0/15000] WARN  server.ServerUtils (ServerUtils.java:getDBPath(225)) - ozone.om.db.dirs is not configured. We recommend adding this setting. Falling back to ozone.metadata.dirs instead.
2023-05-18 02:46:59,596 [Listener at 0.0.0.0/15000] INFO  proxy.SCMBlockLocationFailoverProxyProvider (SCMBlockLocationFailoverProxyProvider.java:<init>(114)) - Created block location fail-over proxy with 1 nodes: [nodeId=scmNodeId,nodeAddress=/0.0.0.0:15001]
2023-05-18 02:46:59,702 [Listener at 0.0.0.0/15000] INFO  om.OzoneManager (OzoneManager.java:<init>(644)) - OM start with adminUsers: [runner]
2023-05-18 02:46:59,720 [Listener at 0.0.0.0/15000] WARN  server.ServerUtils (ServerUtils.java:getDBPath(225)) - ozone.om.db.dirs is not configured. We recommend adding this setting. Falling back to ozone.metadata.dirs instead.
2023-05-18 02:46:59,738 [Listener at 0.0.0.0/15000] INFO  codec.OmKeyInfoCodec (OmKeyInfoCodec.java:<init>(49)) - OmKeyInfoCodec ignorePipeline = true
2023-05-18 02:46:59,739 [Listener at 0.0.0.0/15000] INFO  codec.RepeatedOmKeyInfoCodec (RepeatedOmKeyInfoCodec.java:<init>(41)) - RepeatedOmKeyInfoCodec ignorePipeline = true
2023-05-18 02:46:59,942 [Listener at 0.0.0.0/15000] INFO  om.OzoneManager (OzoneManager.java:instantiateServices(774)) - S3 Multi-Tenancy is disabled
2023-05-18 02:46:59,951 [Listener at 0.0.0.0/15000] INFO  security.OzoneSecretStore (OzoneSecretStore.java:loadState(69)) - Loaded 0 tokens
2023-05-18 02:46:59,952 [Listener at 0.0.0.0/15000] INFO  security.OzoneDelegationTokenSecretManager (OzoneDelegationTokenSecretManager.java:loadTokenSecretState(530)) - Loading token state into token manager.
2023-05-18 02:46:59,976 [Listener at 0.0.0.0/15000] INFO  om.OmSnapshotManager (OmSnapshotManager.java:<init>(171)) - Ozone filesystem snapshot feature is enabled.
2023-05-18 02:46:59,979 [Listener at 0.0.0.0/15000] WARN  server.ServerUtils (ServerUtils.java:getDBPath(225)) - ozone.om.snapshot.diff.db.dir is not configured. We recommend adding this setting. Falling back to ozone.metadata.dirs instead.
2023-05-18 02:47:00,086 [Listener at 0.0.0.0/15000] INFO  om.OzoneManager (OzoneManager.java:addS3GVolumeToDB(4301)) - Created Volume s3v With Owner runner required for S3Gateway operations.
2023-05-18 02:47:00,152 [Listener at 0.0.0.0/15000] WARN  server.ServerUtils (ServerUtils.java:getDefaultRatisDirectory(237)) - Storage directory for Ratis is not configured. It is a good idea to map this to an SSD disk. Falling back to ozone.metadata.dirs
2023-05-18 02:47:00,152 [Listener at 0.0.0.0/15000] WARN  utils.OzoneManagerRatisUtils (OzoneManagerRatisUtils.java:getOMRatisSnapshotDirectory(456)) - ozone.om.ratis.snapshot.dir is not configured. Falling back to ozone.metadata.dirs config
2023-05-18 02:47:00,169 [Listener at 0.0.0.0/15000] WARN  server.ServerUtils (ServerUtils.java:getDefaultRatisDirectory(237)) - Storage directory for Ratis is not configured. It is a good idea to map this to an SSD disk. Falling back to ozone.metadata.dirs
2023-05-18 02:47:00,202 [Listener at 0.0.0.0/15000] INFO  ratis.OzoneManagerRatisServer (OzoneManagerRatisServer.java:<init>(163)) - Instantiating OM Ratis server with groupID: omServiceIdDefault and peers: localhost:15007
2023-05-18 02:47:00,211 [Listener at 0.0.0.0/15000] INFO  ratis.OzoneManagerStateMachine (OzoneManagerStateMachine.java:loadSnapshotInfoFromDB(670)) - LastAppliedIndex is set from TransactionInfo from OM DB as (t:0, i:~)
2023-05-18 02:47:00,259 [Listener at 0.0.0.0/15000] INFO  server.RaftServer (ConfUtils.java:logGet(46)) - raft.rpc.type = GRPC (default)
2023-05-18 02:47:00,268 [Listener at 0.0.0.0/15000] INFO  grpc.GrpcConfigKeys (ConfUtils.java:logFallback(53)) - raft.grpc.admin.host = null (fallback to raft.grpc.server.host)
2023-05-18 02:47:00,269 [Listener at 0.0.0.0/15000] INFO  grpc.GrpcConfigKeys (ConfUtils.java:logFallback(53)) - raft.grpc.admin.port = 15007 (fallback to raft.grpc.server.port)
2023-05-18 02:47:00,270 [Listener at 0.0.0.0/15000] INFO  grpc.GrpcConfigKeys (ConfUtils.java:logFallback(53)) - raft.grpc.client.host = null (fallback to raft.grpc.server.host)
2023-05-18 02:47:00,270 [Listener at 0.0.0.0/15000] INFO  grpc.GrpcConfigKeys (ConfUtils.java:logFallback(53)) - raft.grpc.client.port = 15007 (fallback to raft.grpc.server.port)
2023-05-18 02:47:00,271 [Listener at 0.0.0.0/15000] INFO  grpc.GrpcConfigKeys (ConfUtils.java:logGet(46)) - raft.grpc.server.host = null (default)
2023-05-18 02:47:00,271 [Listener at 0.0.0.0/15000] INFO  grpc.GrpcConfigKeys (ConfUtils.java:logGet(46)) - raft.grpc.server.port = 15007 (custom)
2023-05-18 02:47:00,272 [Listener at 0.0.0.0/15000] INFO  server.GrpcService (ConfUtils.java:logGet(46)) - raft.grpc.message.size.max = 33554432 (custom)
2023-05-18 02:47:00,273 [Listener at 0.0.0.0/15000] INFO  server.RaftServerConfigKeys (ConfUtils.java:logGet(46)) - raft.server.log.appender.buffer.byte-limit = 33554432 (custom)
2023-05-18 02:47:00,273 [Listener at 0.0.0.0/15000] INFO  server.GrpcService (ConfUtils.java:logGet(46)) - raft.grpc.flow.control.window = 1MB (=1048576) (default)
2023-05-18 02:47:00,274 [Listener at 0.0.0.0/15000] INFO  server.RaftServerConfigKeys (ConfUtils.java:logGet(46)) - raft.server.rpc.request.timeout = 3000ms (default)
2023-05-18 02:47:00,286 [Listener at 0.0.0.0/15000] INFO  grpc.GrpcConfigKeys (ConfUtils.java:logGet(46)) - raft.grpc.server.heartbeat.channel = true (default)
2023-05-18 02:47:00,289 [Listener at 0.0.0.0/15000] INFO  grpc.GrpcConfigKeys (ConfUtils.java:logGet(46)) - raft.grpc.server.async.request.thread.pool.cached = true (default)
2023-05-18 02:47:00,290 [Listener at 0.0.0.0/15000] INFO  grpc.GrpcConfigKeys (ConfUtils.java:logGet(46)) - raft.grpc.server.async.request.thread.pool.size = 32 (default)
2023-05-18 02:47:00,502 [Listener at 0.0.0.0/15000] INFO  impl.DataStreamServerImpl (ConfUtils.java:logGet(46)) - raft.datastream.type = DISABLED (default)
2023-05-18 02:47:00,505 [Listener at 0.0.0.0/15000] INFO  server.RaftServerConfigKeys (ConfUtils.java:logGet(46)) - raft.server.threadpool.proxy.cached = true (default)
2023-05-18 02:47:00,505 [Listener at 0.0.0.0/15000] INFO  server.RaftServerConfigKeys (ConfUtils.java:logGet(46)) - raft.server.threadpool.proxy.size = 0 (default)
2023-05-18 02:47:00,506 [Listener at 0.0.0.0/15000] INFO  server.RaftServerConfigKeys (ConfUtils.java:logGet(46)) - raft.server.rpc.slowness.timeout = 120s (custom)
2023-05-18 02:47:00,506 [Listener at 0.0.0.0/15000] INFO  server.RaftServerConfigKeys (ConfUtils.java:logGet(46)) - raft.server.leaderelection.leader.step-down.wait-time = 10s (default)
2023-05-18 02:47:00,509 [Listener at 0.0.0.0/15000] INFO  server.RaftServerConfigKeys (ConfUtils.java:logGet(46)) - raft.server.storage.dir = [/home/runner/work/ozone/ozone/hadoop-ozone/integration-test/target/test-dir/MiniOzoneClusterImpl-522acec6-bbe2-4bbe-92e7-576262f261c3/ozone-meta/ratis] (custom)
2023-05-18 02:47:00,521 [Listener at 0.0.0.0/15000] INFO  server.RaftServer (RaftServerProxy.java:addNew(98)) - om1: addNew group-C5BA1605619E:[om1|rpc:localhost:15007|priority:0|startupRole:FOLLOWER] returns group-C5BA1605619E:java.util.concurrent.CompletableFuture@27ad844d[Not completed]
2023-05-18 02:47:00,522 [Listener at 0.0.0.0/15000] INFO  om.OzoneManager (OzoneManager.java:initializeRatisServer(2137)) - OzoneManager Ratis server initialized at port 15007
2023-05-18 02:47:00,526 [Listener at 0.0.0.0/15000] INFO  om.OzoneManager (OzoneManager.java:getRpcServer(1184)) - Creating RPC Server
2023-05-18 02:47:00,553 [om1-groupManagement] INFO  server.RaftServer$Division (RaftServerImpl.java:<init>(198)) - om1: new RaftServerImpl for group-C5BA1605619E:[om1|rpc:localhost:15007|priority:0|startupRole:FOLLOWER] with OzoneManagerStateMachine:uninitialized
2023-05-18 02:47:00,562 [om1-groupManagement] INFO  server.RaftServerConfigKeys (ConfUtils.java:logGet(46)) - raft.server.rpc.timeout.min = 1s (custom)
2023-05-18 02:47:00,569 [om1-groupManagement] INFO  server.RaftServerConfigKeys (ConfUtils.java:logGet(46)) - raft.server.rpc.timeout.max = 1200ms (custom)
2023-05-18 02:47:00,569 [om1-groupManagement] INFO  server.RaftServerConfigKeys (ConfUtils.java:logGet(46)) - raft.server.rpc.sleep.time = 25ms (default)
2023-05-18 02:47:00,569 [om1-groupManagement] INFO  server.RaftServerConfigKeys (ConfUtils.java:logGet(46)) - raft.server.rpc.slowness.timeout = 120s (custom)
2023-05-18 02:47:00,570 [om1-groupManagement] INFO  server.RaftServerConfigKeys (ConfUtils.java:logGet(46)) - raft.server.leaderelection.leader.step-down.wait-time = 10s (default)
2023-05-18 02:47:00,570 [om1-groupManagement] INFO  server.RaftServerConfigKeys (ConfUtils.java:logGet(46)) - raft.server.sleep.deviation.threshold = 300ms (default)
2023-05-18 02:47:00,576 [om1-groupManagement] INFO  server.RaftServer$Division (ServerState.java:<init>(120)) - om1@group-C5BA1605619E: ConfigurationManager, init=-1: peers:[om1|rpc:localhost:15007|priority:0|startupRole:FOLLOWER]|listeners:[], old=null, confs=<EMPTY_MAP>
2023-05-18 02:47:00,577 [om1-groupManagement] INFO  server.RaftServerConfigKeys (ConfUtils.java:logGet(46)) - raft.server.storage.dir = [/home/runner/work/ozone/ozone/hadoop-ozone/integration-test/target/test-dir/MiniOzoneClusterImpl-522acec6-bbe2-4bbe-92e7-576262f261c3/ozone-meta/ratis] (custom)
2023-05-18 02:47:00,592 [om1-groupManagement] INFO  server.RaftServerConfigKeys (ConfUtils.java:logGet(46)) - raft.server.log.corruption.policy = EXCEPTION (default)
2023-05-18 02:47:00,593 [om1-groupManagement] INFO  server.RaftServerConfigKeys (ConfUtils.java:logGet(46)) - raft.server.storage.free-space.min = 0MB (=0) (default)
2023-05-18 02:47:00,605 [om1-groupManagement] INFO  server.RaftServerConfigKeys (ConfUtils.java:logGet(46)) - raft.server.notification.no-leader.timeout = 120s (custom)
2023-05-18 02:47:00,608 [om1-groupManagement] INFO  server.RaftServerConfigKeys (ConfUtils.java:logGet(46)) - raft.server.read.timeout = 10s (default)
2023-05-18 02:47:00,611 [om1-groupManagement] INFO  server.RaftServerConfigKeys (ConfUtils.java:logGet(46)) - raft.server.retrycache.expirytime = 300s (custom)
2023-05-18 02:47:00,612 [om1-groupManagement] INFO  server.RaftServerConfigKeys (ConfUtils.java:logGet(46)) - raft.server.retrycache.statistics.expirytime = 100μs (default)
2023-05-18 02:47:00,668 [om1-groupManagement] INFO  server.RaftServerConfigKeys (ConfUtils.java:logGet(46)) - raft.server.read.option = DEFAULT (default)
2023-05-18 02:47:00,723 [om1-groupManagement] INFO  server.RaftServerConfigKeys (ConfUtils.java:logGet(46)) - raft.server.rpc.request.timeout = 3000ms (default)
2023-05-18 02:47:00,728 [om1-groupManagement] INFO  server.RaftServerConfigKeys (ConfUtils.java:logGet(46)) - raft.server.log.appender.install.snapshot.enabled = false (custom)
2023-05-18 02:47:00,730 [om1-groupManagement] INFO  server.RaftServerConfigKeys (ConfUtils.java:logGet(46)) - raft.server.threadpool.server.cached = true (default)
2023-05-18 02:47:00,730 [om1-groupManagement] INFO  server.RaftServerConfigKeys (ConfUtils.java:logGet(46)) - raft.server.threadpool.server.size = 0 (default)
2023-05-18 02:47:00,732 [om1-groupManagement] INFO  server.RaftServerConfigKeys (ConfUtils.java:logGet(46)) - raft.server.threadpool.client.cached = true (default)
2023-05-18 02:47:00,732 [om1-groupManagement] INFO  server.RaftServerConfigKeys (ConfUtils.java:logGet(46)) - raft.server.threadpool.client.size = 0 (default)
2023-05-18 02:47:01,378 [Listener at 0.0.0.0/15000] INFO  reflections.Reflections (Reflections.java:scan(232)) - Reflections took 761 ms to scan 19 urls, producing 69 keys and 5183 values [using 2 cores]
2023-05-18 02:47:01,683 [Listener at 0.0.0.0/15000] INFO  ipc.CallQueueManager (CallQueueManager.java:<init>(90)) - Using callQueue: class java.util.concurrent.LinkedBlockingQueue, queueCapacity: 2000, scheduler: class org.apache.hadoop.ipc.DefaultRpcScheduler, ipcBackoff: false.
2023-05-18 02:47:01,690 [Socket Reader #1 for port 15004] INFO  ipc.Server (Server.java:run(1319)) - Starting Socket Reader #1 for port 15004
2023-05-18 02:47:01,754 [Listener at 127.0.0.1/15004] INFO  impl.MetricsSystemImpl (MetricsSystemImpl.java:init(158)) - OzoneManager metrics system started (again)
2023-05-18 02:47:01,767 [Listener at 127.0.0.1/15004] INFO  om.OzoneManager (OzoneManager.java:start(1605)) - OzoneManager RPC server is listening at localhost/127.0.0.1:15004
2023-05-18 02:47:01,767 [Listener at 127.0.0.1/15004] INFO  ratis.OzoneManagerRatisServer (OzoneManagerRatisServer.java:start(558)) - Starting OzoneManagerRatisServer om1 at port 15007
2023-05-18 02:47:01,770 [om1-impl-thread1] INFO  storage.RaftStorageDirectory (RaftStorageDirectoryImpl.java:analyzeStorage(137)) - The storage directory /home/runner/work/ozone/ozone/hadoop-ozone/integration-test/target/test-dir/MiniOzoneClusterImpl-522acec6-bbe2-4bbe-92e7-576262f261c3/ozone-meta/ratis/bf265839-605b-3f16-9796-c5ba1605619e does not exist. Creating ...
2023-05-18 02:47:01,774 [om1-impl-thread1] INFO  storage.RaftStorageDirectory (RaftStorageDirectoryImpl.java:tryLock(231)) - Lock on /home/runner/work/ozone/ozone/hadoop-ozone/integration-test/target/test-dir/MiniOzoneClusterImpl-522acec6-bbe2-4bbe-92e7-576262f261c3/ozone-meta/ratis/bf265839-605b-3f16-9796-c5ba1605619e/in_use.lock acquired by nodename 9353@fv-az180-414
2023-05-18 02:47:01,779 [om1-impl-thread1] INFO  storage.RaftStorage (RaftStorageImpl.java:format(96)) - Storage directory /home/runner/work/ozone/ozone/hadoop-ozone/integration-test/target/test-dir/MiniOzoneClusterImpl-522acec6-bbe2-4bbe-92e7-576262f261c3/ozone-meta/ratis/bf265839-605b-3f16-9796-c5ba1605619e has been successfully formatted.
2023-05-18 02:47:01,782 [om1-impl-thread1] INFO  server.RaftServerConfigKeys (ConfUtils.java:logGet(46)) - raft.server.log.use.memory = false (default)
2023-05-18 02:47:01,789 [om1-impl-thread1] INFO  server.RaftServerConfigKeys (ConfUtils.java:logGet(46)) - raft.server.log.purge.gap = 1000000 (custom)
2023-05-18 02:47:01,789 [om1-impl-thread1] INFO  server.RaftServerConfigKeys (ConfUtils.java:logGet(46)) - raft.server.log.appender.buffer.byte-limit = 33554432 (custom)
2023-05-18 02:47:01,790 [om1-impl-thread1] INFO  server.RaftServerConfigKeys (ConfUtils.java:logGet(46)) - raft.server.log.statemachine.data.read.timeout = 1000ms (default)
2023-05-18 02:47:01,791 [om1-impl-thread1] INFO  server.RaftServerConfigKeys (ConfUtils.java:logGet(46)) - raft.server.log.purge.preservation.log.num = 0 (default)
2023-05-18 02:47:01,793 [om1-impl-thread1] INFO  server.RaftServerConfigKeys (ConfUtils.java:logGet(46)) - raft.server.log.segment.size.max = 4194304 (custom)
2023-05-18 02:47:01,798 [om1-impl-thread1] INFO  server.RaftServerConfigKeys (ConfUtils.java:logGet(46)) - raft.server.log.segment.cache.num.max = 2 (custom)
2023-05-18 02:47:01,799 [om1-impl-thread1] INFO  server.RaftServerConfigKeys (ConfUtils.java:logGet(46)) - raft.server.log.segment.cache.size.max = 200MB (=209715200) (default)
2023-05-18 02:47:01,799 [om1-impl-thread1] INFO  server.RaftServerConfigKeys (ConfUtils.java:logGet(46)) - raft.server.log.appender.buffer.byte-limit = 33554432 (custom)
2023-05-18 02:47:01,804 [om1-impl-thread1] INFO  segmented.SegmentedRaftLogWorker (SegmentedRaftLogWorker.java:<init>(188)) - new om1@group-C5BA1605619E-SegmentedRaftLogWorker for RaftStorageImpl:Storage Directory /home/runner/work/ozone/ozone/hadoop-ozone/integration-test/target/test-dir/MiniOzoneClusterImpl-522acec6-bbe2-4bbe-92e7-576262f261c3/ozone-meta/ratis/bf265839-605b-3f16-9796-c5ba1605619e
2023-05-18 02:47:01,804 [om1-impl-thread1] INFO  server.RaftServerConfigKeys (ConfUtils.java:logGet(46)) - raft.server.log.queue.byte-limit = 64MB (=67108864) (default)
2023-05-18 02:47:01,805 [om1-impl-thread1] INFO  server.RaftServerConfigKeys (ConfUtils.java:logGet(46)) - raft.server.log.queue.element-limit = 4096 (default)
2023-05-18 02:47:01,806 [om1-impl-thread1] INFO  server.RaftServerConfigKeys (ConfUtils.java:logGet(46)) - raft.server.log.segment.size.max = 4194304 (custom)
2023-05-18 02:47:01,806 [om1-impl-thread1] INFO  server.RaftServerConfigKeys (ConfUtils.java:logGet(46)) - raft.server.log.preallocated.size = 4194304 (custom)
2023-05-18 02:47:01,806 [om1-impl-thread1] INFO  server.RaftServerConfigKeys (ConfUtils.java:logGet(46)) - raft.server.log.force.sync.num = 128 (default)
2023-05-18 02:47:01,807 [om1-impl-thread1] INFO  server.RaftServerConfigKeys (ConfUtils.java:logGet(46)) - raft.server.log.statemachine.data.sync = true (default)
2023-05-18 02:47:01,807 [om1-impl-thread1] INFO  server.RaftServerConfigKeys (ConfUtils.java:logGet(46)) - raft.server.log.statemachine.data.sync.timeout = 10s (default)
2023-05-18 02:47:01,808 [om1-impl-thread1] INFO  server.RaftServerConfigKeys (ConfUtils.java:logGet(46)) - raft.server.log.statemachine.data.sync.timeout.retry = -1 (default)
2023-05-18 02:47:01,816 [om1-impl-thread1] INFO  server.RaftServerConfigKeys (ConfUtils.java:logGet(46)) - raft.server.log.write.buffer.size = 64KB (=65536) (default)
2023-05-18 02:47:01,816 [om1-impl-thread1] INFO  server.RaftServerConfigKeys (ConfUtils.java:logGet(46)) - raft.server.log.appender.buffer.byte-limit = 33554432 (custom)
2023-05-18 02:47:01,821 [om1-impl-thread1] INFO  server.RaftServerConfigKeys (ConfUtils.java:logGet(46)) - raft.server.log.unsafe-flush.enabled = false (default)
2023-05-18 02:47:01,822 [om1-impl-thread1] INFO  server.RaftServerConfigKeys (ConfUtils.java:logGet(46)) - raft.server.log.async-flush.enabled = false (default)
2023-05-18 02:47:01,822 [om1-impl-thread1] INFO  server.RaftServerConfigKeys (ConfUtils.java:logGet(46)) - raft.server.log.statemachine.data.caching.enabled = false (default)
2023-05-18 02:47:01,829 [om1-impl-thread1] INFO  segmented.SegmentedRaftLogWorker (SegmentedRaftLogWorker.java:lambda$new$0(135)) - om1@group-C5BA1605619E-SegmentedRaftLogWorker: flushIndex: setUnconditionally 0 -> -1
2023-05-18 02:47:01,829 [om1-impl-thread1] INFO  segmented.SegmentedRaftLogWorker (SegmentedRaftLogWorker.java:lambda$new$0(135)) - om1@group-C5BA1605619E-SegmentedRaftLogWorker: safeCacheEvictIndex: setUnconditionally 0 -> -1
2023-05-18 02:47:01,831 [om1-impl-thread1] INFO  server.RaftServer$Division (RaftServerImpl.java:start(342)) - om1@group-C5BA1605619E: start as a follower, conf=-1: peers:[om1|rpc:localhost:15007|priority:0|startupRole:FOLLOWER]|listeners:[], old=null
2023-05-18 02:47:01,833 [om1-impl-thread1] INFO  server.RaftServer$Division (RaftServerImpl.java:setRole(329)) - om1@group-C5BA1605619E: changes role from      null to FOLLOWER at term 0 for startAsFollower
2023-05-18 02:47:01,835 [om1-impl-thread1] INFO  impl.RoleInfo (RoleInfo.java:updateAndGet(139)) - om1: start om1@group-C5BA1605619E-FollowerState
2023-05-18 02:47:01,836 [om1-impl-thread1] INFO  util.JmxRegister (JmxRegister.java:tryRegister(44)) - Successfully registered JMX Bean with object name Ratis:service=RaftServer,group=group-C5BA1605619E,id=om1
2023-05-18 02:47:01,838 [om1-impl-thread1] INFO  server.RaftServerConfigKeys (ConfUtils.java:logGet(46)) - raft.server.snapshot.auto.trigger.enabled = true (custom)
2023-05-18 02:47:01,838 [om1-impl-thread1] INFO  server.RaftServerConfigKeys (ConfUtils.java:logGet(46)) - raft.server.snapshot.auto.trigger.threshold = 400000 (default)
2023-05-18 02:47:01,839 [om1-impl-thread1] INFO  server.RaftServerConfigKeys (ConfUtils.java:logGet(46)) - raft.server.snapshot.retention.file.num = -1 (default)
2023-05-18 02:47:01,839 [om1-impl-thread1] INFO  server.RaftServerConfigKeys (ConfUtils.java:logGet(46)) - raft.server.log.purge.upto.snapshot.index = true (custom)
2023-05-18 02:47:01,841 [om1@group-C5BA1605619E-FollowerState] INFO  server.RaftServerConfigKeys (ConfUtils.java:logFallback(53)) - raft.server.rpc.first-election.timeout.min = 1s (fallback to raft.server.rpc.timeout.min)
2023-05-18 02:47:01,841 [om1@group-C5BA1605619E-FollowerState] INFO  server.RaftServerConfigKeys (ConfUtils.java:logFallback(53)) - raft.server.rpc.first-election.timeout.max = 1200ms (fallback to raft.server.rpc.timeout.max)
2023-05-18 02:47:01,849 [Listener at 127.0.0.1/15004] INFO  server.RaftServer (RaftServerProxy.java:startImpl(400)) - om1: start RPC server
2023-05-18 02:47:01,894 [Listener at 127.0.0.1/15004] INFO  server.GrpcService (GrpcService.java:startImpl(302)) - om1: GrpcService started, listening on 15007
2023-05-18 02:47:01,897 [Listener at 127.0.0.1/15004] INFO  om.OzoneManager (OzoneManager.java:start(1621)) - Version File has different layout version (4) than OM DB (null). That is expected if this OM has never been finalized to a newer layout version.
2023-05-18 02:47:01,906 [JvmPauseMonitor0] INFO  util.JvmPauseMonitor (JvmPauseMonitor.java:run(103)) - JvmPauseMonitor-om1: Started
2023-05-18 02:47:01,930 [Listener at 127.0.0.1/15004] INFO  http.BaseHttpServer (BaseHttpServer.java:newHttpServer2BuilderForOzone(224)) - Starting Web-server for ozoneManager at: http://0.0.0.0:15005
2023-05-18 02:47:01,930 [Listener at 127.0.0.1/15004] INFO  http.BaseHttpServer (BaseHttpServer.java:<init>(111)) - Hadoop Security Enabled: false Ozone Security Enabled: false Ozone HTTP Security Enabled: false 
2023-05-18 02:47:01,931 [Listener at 127.0.0.1/15004] WARN  server.AuthenticationFilter (AuthenticationFilter.java:constructSecretProvider(240)) - Unable to initialize FileSignerSecretProvider, falling back to use random secrets. Reason: Could not read signature secret file: /home/runner/hadoop-http-auth-signature-secret
2023-05-18 02:47:01,936 [Listener at 127.0.0.1/15004] INFO  http.HttpRequestLog (HttpRequestLog.java:getRequestLog(86)) - Http request log for http.requests.ozoneManager is not defined
2023-05-18 02:47:01,937 [Listener at 127.0.0.1/15004] INFO  http.HttpServer2 (HttpServer2.java:addGlobalFilter(1031)) - Added global filter 'safety' (class=org.apache.hadoop.hdds.server.http.HttpServer2$QuotingInputFilter)
2023-05-18 02:47:01,938 [Listener at 127.0.0.1/15004] INFO  http.HttpServer2 (HttpServer2.java:addFilter(1007)) - Added filter static_user_filter (class=org.apache.hadoop.http.lib.StaticUserWebFilter$StaticUserFilter) to context ozoneManager
2023-05-18 02:47:01,939 [Listener at 127.0.0.1/15004] INFO  http.HttpServer2 (HttpServer2.java:addFilter(1015)) - Added filter static_user_filter (class=org.apache.hadoop.http.lib.StaticUserWebFilter$StaticUserFilter) to context static
2023-05-18 02:47:01,939 [Listener at 127.0.0.1/15004] INFO  http.HttpServer2 (HttpServer2.java:addFilter(1015)) - Added filter static_user_filter (class=org.apache.hadoop.http.lib.StaticUserWebFilter$StaticUserFilter) to context logs
2023-05-18 02:47:01,940 [Listener at 127.0.0.1/15004] INFO  http.BaseHttpServer (BaseHttpServer.java:<init>(190)) - HTTP server of ozoneManager uses base directory /home/runner/work/ozone/ozone/hadoop-ozone/integration-test/target/test-dir/MiniOzoneClusterImpl-522acec6-bbe2-4bbe-92e7-576262f261c3/ozone-meta/webserver
2023-05-18 02:47:01,942 [Listener at 127.0.0.1/15004] INFO  http.HttpServer2 (HttpServer2.java:bindListener(1250)) - Jetty bound to port 15005
2023-05-18 02:47:01,942 [Listener at 127.0.0.1/15004] INFO  server.Server (Server.java:doStart(375)) - jetty-9.4.51.v20230217; built: 2023-02-17T08:19:37.309Z; git: b45c405e4544384de066f814ed42ae3dceacdd49; jvm 1.8.0_362-b09
2023-05-18 02:47:01,944 [Listener at 127.0.0.1/15004] INFO  server.session (DefaultSessionIdManager.java:doStart(334)) - DefaultSessionIdManager workerName=node0
2023-05-18 02:47:01,945 [Listener at 127.0.0.1/15004] INFO  server.session (DefaultSessionIdManager.java:doStart(339)) - No SessionScavenger set, using defaults
2023-05-18 02:47:01,945 [Listener at 127.0.0.1/15004] INFO  server.session (HouseKeeper.java:startScavenging(132)) - node0 Scavenging every 600000ms
2023-05-18 02:47:01,946 [Listener at 127.0.0.1/15004] INFO  handler.ContextHandler (ContextHandler.java:doStart(921)) - Started o.e.j.s.ServletContextHandler@599e79b6{logs,/logs,file:///home/runner/work/ozone/ozone/hadoop-ozone/integration-test/target/log,AVAILABLE}
2023-05-18 02:47:01,947 [Listener at 127.0.0.1/15004] INFO  handler.ContextHandler (ContextHandler.java:doStart(921)) - Started o.e.j.s.ServletContextHandler@2cca9ab9{static,/static,file:///home/runner/work/ozone/ozone/hadoop-ozone/integration-test/target/test-classes/webapps/static,AVAILABLE}
2023-05-18 02:47:01,954 [Listener at 127.0.0.1/15004] INFO  handler.ContextHandler (ContextHandler.java:doStart(921)) - Started o.e.j.w.WebAppContext@19b5f793{ozoneManager,/,file:///home/runner/work/ozone/ozone/hadoop-ozone/integration-test/target/test-classes/webapps/ozoneManager/,AVAILABLE}{file:/home/runner/work/ozone/ozone/hadoop-ozone/integration-test/target/test-classes/webapps/ozoneManager}
2023-05-18 02:47:01,956 [Listener at 127.0.0.1/15004] INFO  server.AbstractConnector (AbstractConnector.java:doStart(333)) - Started ServerConnector@6bdb0635{HTTP/1.1, (http/1.1)}{0.0.0.0:15005}
2023-05-18 02:47:01,956 [Listener at 127.0.0.1/15004] INFO  server.Server (Server.java:doStart(415)) - Started @8403ms
2023-05-18 02:47:01,956 [Listener at 127.0.0.1/15004] WARN  impl.MetricsSystemImpl (MetricsSystemImpl.java:register(279)) - Sink prometheus already exists!
2023-05-18 02:47:01,957 [Listener at 127.0.0.1/15004] INFO  http.BaseHttpServer (BaseHttpServer.java:updateConnectorAddress(344)) - HTTP server of ozoneManager listening at http://0.0.0.0:15005
2023-05-18 02:47:01,958 [IPC Server Responder] INFO  ipc.Server (Server.java:run(1558)) - IPC Server Responder: starting
2023-05-18 02:47:01,958 [IPC Server listener on 15004] INFO  ipc.Server (Server.java:run(1398)) - IPC Server listener on 15004: starting
2023-05-18 02:47:01,961 [Listener at 127.0.0.1/15004] INFO  om.OzoneManager (OzoneManager.java:startTrashEmptier(2081)) - Trash Interval set to 0. Files deleted won't move to trash
2023-05-18 02:47:01,971 [org.apache.hadoop.util.JvmPauseMonitor$Monitor@1a4f91ad] INFO  util.JvmPauseMonitor (JvmPauseMonitor.java:run(188)) - Starting JVM pause monitor
2023-05-18 02:47:02,130 [Listener at 127.0.0.1/15004] WARN  impl.MetricRegistriesImpl (MetricRegistriesImpl.java:addReporterRegistration(111)) - New reporters are added after registries were created. Some metrics will be missing from the reporter. Please add reporter before adding any new registry.
2023-05-18 02:47:02,130 [Listener at 127.0.0.1/15004] WARN  impl.MetricRegistriesImpl (MetricRegistriesImpl.java:addReporterRegistration(111)) - New reporters are added after registries were created. Some metrics will be missing from the reporter. Please add reporter before adding any new registry.
2023-05-18 02:47:02,131 [Listener at 127.0.0.1/15004] INFO  impl.MetricsSystemImpl (MetricsSystemImpl.java:init(158)) - HddsDatanode metrics system started (again)
2023-05-18 02:47:02,152 [Listener at 127.0.0.1/15004] INFO  ozone.HddsDatanodeService (HddsDatanodeService.java:start(252)) - HddsDatanodeService host:fv-az180-414.aibneqh1mxpuhl3tnnuy2ifbce.bx.internal.cloudapp.net ip:10.1.1.154
2023-05-18 02:47:02,181 [Listener at 127.0.0.1/15004] INFO  upgrade.AbstractLayoutVersionManager (AbstractLayoutVersionManager.java:init(83)) - Initializing Layout version manager with metadata layout = WEBUI_PORTS_IN_DATANODEDETAILS (version = 6), software layout = WEBUI_PORTS_IN_DATANODEDETAILS (version = 6)
2023-05-18 02:47:02,184 [Listener at 127.0.0.1/15004] INFO  statemachine.DatanodeStateMachine (DatanodeStateMachine.java:getEndPointTaskThreadPoolSize(267)) - Datanode State Machine Task Thread Pool size 2
2023-05-18 02:47:02,300 [Listener at 127.0.0.1/15004] INFO  volume.HddsVolume (HddsVolume.java:<init>(130)) - Creating HddsVolume: /home/runner/work/ozone/ozone/hadoop-ozone/integration-test/target/test-dir/MiniOzoneClusterImpl-522acec6-bbe2-4bbe-92e7-576262f261c3/datanode-0/data-0/containers/hdds of storage type : DISK capacity : 9223372036854775807
2023-05-18 02:47:02,303 [Listener at 127.0.0.1/15004] INFO  volume.MutableVolumeSet (MutableVolumeSet.java:initializeVolumeSet(175)) - Added Volume : /home/runner/work/ozone/ozone/hadoop-ozone/integration-test/target/test-dir/MiniOzoneClusterImpl-522acec6-bbe2-4bbe-92e7-576262f261c3/datanode-0/data-0/containers/hdds to VolumeSet
2023-05-18 02:47:02,304 [Listener at 127.0.0.1/15004] INFO  volume.ThrottledAsyncChecker (ThrottledAsyncChecker.java:schedule(141)) - Scheduling a check for /home/runner/work/ozone/ozone/hadoop-ozone/integration-test/target/test-dir/MiniOzoneClusterImpl-522acec6-bbe2-4bbe-92e7-576262f261c3/datanode-0/data-0/containers/hdds
2023-05-18 02:47:02,318 [Listener at 127.0.0.1/15004] INFO  volume.StorageVolumeChecker (StorageVolumeChecker.java:checkAllVolumes(202)) - Scheduled health check for volume /home/runner/work/ozone/ozone/hadoop-ozone/integration-test/target/test-dir/MiniOzoneClusterImpl-522acec6-bbe2-4bbe-92e7-576262f261c3/datanode-0/data-0/containers/hdds
2023-05-18 02:47:02,334 [Listener at 127.0.0.1/15004] INFO  volume.MutableVolumeSet (MutableVolumeSet.java:initializeVolumeSet(175)) - Added Volume : /home/runner/work/ozone/ozone/hadoop-ozone/integration-test/target/test-dir/MiniOzoneClusterImpl-522acec6-bbe2-4bbe-92e7-576262f261c3/datanode-0/data/ratis to VolumeSet
2023-05-18 02:47:02,335 [Listener at 127.0.0.1/15004] INFO  volume.ThrottledAsyncChecker (ThrottledAsyncChecker.java:schedule(141)) - Scheduling a check for /home/runner/work/ozone/ozone/hadoop-ozone/integration-test/target/test-dir/MiniOzoneClusterImpl-522acec6-bbe2-4bbe-92e7-576262f261c3/datanode-0/data/ratis
2023-05-18 02:47:02,335 [Listener at 127.0.0.1/15004] INFO  volume.StorageVolumeChecker (StorageVolumeChecker.java:checkAllVolumes(202)) - Scheduled health check for volume /home/runner/work/ozone/ozone/hadoop-ozone/integration-test/target/test-dir/MiniOzoneClusterImpl-522acec6-bbe2-4bbe-92e7-576262f261c3/datanode-0/data/ratis
2023-05-18 02:47:02,358 [Thread-140] INFO  ozoneimpl.ContainerReader (ContainerReader.java:readVolume(175)) - Finish verifying containers on volume /home/runner/work/ozone/ozone/hadoop-ozone/integration-test/target/test-dir/MiniOzoneClusterImpl-522acec6-bbe2-4bbe-92e7-576262f261c3/datanode-0/data-0/containers/hdds
2023-05-18 02:47:02,358 [Listener at 127.0.0.1/15004] INFO  ozoneimpl.OzoneContainer (OzoneContainer.java:buildContainerSet(303)) - Build ContainerSet costs 0s
2023-05-18 02:47:02,402 [Listener at 127.0.0.1/15004] INFO  audit.AuditLogger (AuditLogger.java:refreshDebugCmdSet(126)) - Refresh DebugCmdSet for DNAudit to [].
2023-05-18 02:47:02,429 [Listener at 127.0.0.1/15004] INFO  server.RaftServer (ConfUtils.java:logGet(46)) - raft.rpc.type = GRPC (default)
2023-05-18 02:47:02,430 [Listener at 127.0.0.1/15004] INFO  grpc.GrpcConfigKeys (ConfUtils.java:logFallback(53)) - raft.grpc.admin.host = null (fallback to raft.grpc.server.host)
2023-05-18 02:47:02,430 [Listener at 127.0.0.1/15004] INFO  grpc.GrpcConfigKeys (ConfUtils.java:logGet(46)) - raft.grpc.admin.port = 15012 (custom)
2023-05-18 02:47:02,430 [Listener at 127.0.0.1/15004] INFO  grpc.GrpcConfigKeys (ConfUtils.java:logFallback(53)) - raft.grpc.client.host = null (fallback to raft.grpc.server.host)
2023-05-18 02:47:02,430 [Listener at 127.0.0.1/15004] INFO  grpc.GrpcConfigKeys (ConfUtils.java:logGet(46)) - raft.grpc.client.port = 15011 (custom)
2023-05-18 02:47:02,430 [Listener at 127.0.0.1/15004] INFO  grpc.GrpcConfigKeys (ConfUtils.java:logGet(46)) - raft.grpc.server.host = null (default)
2023-05-18 02:47:02,430 [Listener at 127.0.0.1/15004] INFO  grpc.GrpcConfigKeys (ConfUtils.java:logGet(46)) - raft.grpc.server.port = 15013 (custom)
2023-05-18 02:47:02,431 [Listener at 127.0.0.1/15004] INFO  server.GrpcService (ConfUtils.java:logGet(46)) - raft.grpc.message.size.max = 32MB (=33554432) (custom)
2023-05-18 02:47:02,431 [Listener at 127.0.0.1/15004] INFO  server.RaftServerConfigKeys (ConfUtils.java:logGet(46)) - raft.server.log.appender.buffer.byte-limit = 33554432 (custom)
2023-05-18 02:47:02,431 [Listener at 127.0.0.1/15004] INFO  server.GrpcService (ConfUtils.java:logGet(46)) - raft.grpc.flow.control.window = 5MB (=5242880) (custom)
2023-05-18 02:47:02,431 [Listener at 127.0.0.1/15004] INFO  server.RaftServerConfigKeys (ConfUtils.java:logGet(46)) - raft.server.rpc.request.timeout = 60s (custom)
2023-05-18 02:47:02,431 [Listener at 127.0.0.1/15004] INFO  grpc.GrpcConfigKeys (ConfUtils.java:logGet(46)) - raft.grpc.server.heartbeat.channel = true (default)
2023-05-18 02:47:02,431 [Listener at 127.0.0.1/15004] INFO  grpc.GrpcConfigKeys (ConfUtils.java:logGet(46)) - raft.grpc.server.async.request.thread.pool.cached = true (default)
2023-05-18 02:47:02,432 [Listener at 127.0.0.1/15004] INFO  grpc.GrpcConfigKeys (ConfUtils.java:logGet(46)) - raft.grpc.server.async.request.thread.pool.size = 32 (default)
2023-05-18 02:47:02,434 [Listener at 127.0.0.1/15004] INFO  impl.DataStreamServerImpl (ConfUtils.java:logGet(46)) - raft.datastream.type = NETTY (custom)
2023-05-18 02:47:02,442 [Listener at 127.0.0.1/15004] INFO  server.RaftServerConfigKeys (ConfUtils.java:logGet(46)) - raft.server.data-stream.async.request.thread.pool.cached = false (default)
2023-05-18 02:47:02,443 [Listener at 127.0.0.1/15004] INFO  server.RaftServerConfigKeys (ConfUtils.java:logGet(46)) - raft.server.data-stream.async.request.thread.pool.size = 20 (custom)
2023-05-18 02:47:02,443 [Listener at 127.0.0.1/15004] INFO  server.RaftServerConfigKeys (ConfUtils.java:logGet(46)) - raft.server.data-stream.async.write.thread.pool.size = 16 (default)
2023-05-18 02:47:02,444 [Listener at 127.0.0.1/15004] INFO  server.RaftServerConfigKeys (ConfUtils.java:logGet(46)) - raft.server.data-stream.client.pool.size = 10 (default)
2023-05-18 02:47:02,446 [Listener at 127.0.0.1/15004] INFO  netty.NettyConfigKeys$DataStream (ConfUtils.java:logGet(46)) - raft.netty.dataStream.server.use-epoll = false (default)
2023-05-18 02:47:02,447 [Listener at 127.0.0.1/15004] INFO  netty.NettyConfigKeys$DataStream (ConfUtils.java:logGet(46)) - raft.netty.dataStream.server.boss-group.size = 0 (default)
2023-05-18 02:47:02,452 [Listener at 127.0.0.1/15004] INFO  netty.NettyConfigKeys$DataStream (ConfUtils.java:logGet(46)) - raft.netty.dataStream.server.worker-group.size = 0 (default)
2023-05-18 02:47:02,453 [Listener at 127.0.0.1/15004] INFO  netty.NettyConfigKeys$DataStream (ConfUtils.java:logGet(46)) - raft.netty.dataStream.server.tls.conf = null (default)
2023-05-18 02:47:02,455 [Listener at 127.0.0.1/15004] INFO  netty.NettyConfigKeys$DataStream (ConfUtils.java:logGet(46)) - raft.netty.dataStream.host = null (default)
2023-05-18 02:47:02,455 [Listener at 127.0.0.1/15004] INFO  netty.NettyConfigKeys$DataStream (ConfUtils.java:logGet(46)) - raft.netty.dataStream.port = 15014 (custom)
2023-05-18 02:47:02,463 [Listener at 127.0.0.1/15004] INFO  server.RaftServerConfigKeys (ConfUtils.java:logGet(46)) - raft.server.threadpool.proxy.cached = true (default)
2023-05-18 02:47:02,463 [Listener at 127.0.0.1/15004] INFO  server.RaftServerConfigKeys (ConfUtils.java:logGet(46)) - raft.server.threadpool.proxy.size = 0 (default)
2023-05-18 02:47:02,463 [Listener at 127.0.0.1/15004] INFO  server.RaftServerConfigKeys (ConfUtils.java:logGet(46)) - raft.server.rpc.slowness.timeout = 300s (custom)
2023-05-18 02:47:02,463 [Listener at 127.0.0.1/15004] INFO  server.RaftServerConfigKeys (ConfUtils.java:logGet(46)) - raft.server.leaderelection.leader.step-down.wait-time = 10s (default)
2023-05-18 02:47:02,463 [Listener at 127.0.0.1/15004] INFO  server.RaftServerConfigKeys (ConfUtils.java:logGet(46)) - raft.server.storage.dir = [/home/runner/work/ozone/ozone/hadoop-ozone/integration-test/target/test-dir/MiniOzoneClusterImpl-522acec6-bbe2-4bbe-92e7-576262f261c3/datanode-0/data/ratis] (custom)
2023-05-18 02:47:02,485 [a884725c-3443-458c-8df7-7c5a51101be7-NettyServerStreamRpc-bossGroup--thread1] INFO  logging.LoggingHandler (AbstractInternalLogger.java:log(148)) - [id: 0xa57f723a] REGISTERED
2023-05-18 02:47:02,486 [a884725c-3443-458c-8df7-7c5a51101be7-NettyServerStreamRpc-bossGroup--thread1] INFO  logging.LoggingHandler (AbstractInternalLogger.java:log(148)) - [id: 0xa57f723a] BIND: 0.0.0.0/0.0.0.0:15014
2023-05-18 02:47:02,486 [a884725c-3443-458c-8df7-7c5a51101be7-NettyServerStreamRpc-bossGroup--thread1] INFO  logging.LoggingHandler (AbstractInternalLogger.java:log(148)) - [id: 0xa57f723a, L:/0:0:0:0:0:0:0:0:15014] ACTIVE
2023-05-18 02:47:02,495 [Listener at 127.0.0.1/15004] INFO  server.XceiverServerGrpc (XceiverServerGrpc.java:<init>(132)) - GrpcServer channel type EpollServerSocketChannel
2023-05-18 02:47:02,532 [Listener at 127.0.0.1/15004] INFO  replication.ReplicationSupervisor (ReplicationSupervisor.java:nodeStateUpdated(296)) - Node state updated to IN_SERVICE, scaling executor pool size to 10
2023-05-18 02:47:02,553 [Listener at 127.0.0.1/15004] INFO  token.OzoneBlockTokenSecretManager (OzoneSecretManager.java:updateCurrentKey(175)) - Updating current master key for generating tokens. Cert id 1339200402336
2023-05-18 02:47:02,556 [Listener at 127.0.0.1/15004] INFO  token.ContainerTokenSecretManager (OzoneSecretManager.java:updateCurrentKey(175)) - Updating current master key for generating tokens. Cert id 1339200402336
2023-05-18 02:47:02,582 [Listener at 127.0.0.1/15004] INFO  http.BaseHttpServer (BaseHttpServer.java:newHttpServer2BuilderForOzone(224)) - Starting Web-server for hddsDatanode at: http://0.0.0.0:15009
2023-05-18 02:47:02,583 [Listener at 127.0.0.1/15004] INFO  http.BaseHttpServer (BaseHttpServer.java:<init>(111)) - Hadoop Security Enabled: false Ozone Security Enabled: false Ozone HTTP Security Enabled: false 
2023-05-18 02:47:02,584 [Listener at 127.0.0.1/15004] WARN  server.AuthenticationFilter (AuthenticationFilter.java:constructSecretProvider(240)) - Unable to initialize FileSignerSecretProvider, falling back to use random secrets. Reason: Could not read signature secret file: /home/runner/hadoop-http-auth-signature-secret
2023-05-18 02:47:02,585 [Listener at 127.0.0.1/15004] INFO  http.HttpRequestLog (HttpRequestLog.java:getRequestLog(86)) - Http request log for http.requests.hddsDatanode is not defined
2023-05-18 02:47:02,587 [Listener at 127.0.0.1/15004] INFO  http.HttpServer2 (HttpServer2.java:addGlobalFilter(1031)) - Added global filter 'safety' (class=org.apache.hadoop.hdds.server.http.HttpServer2$QuotingInputFilter)
2023-05-18 02:47:02,588 [Listener at 127.0.0.1/15004] INFO  http.HttpServer2 (HttpServer2.java:addFilter(1007)) - Added filter static_user_filter (class=org.apache.hadoop.http.lib.StaticUserWebFilter$StaticUserFilter) to context hddsDatanode
2023-05-18 02:47:02,588 [Listener at 127.0.0.1/15004] INFO  http.HttpServer2 (HttpServer2.java:addFilter(1015)) - Added filter static_user_filter (class=org.apache.hadoop.http.lib.StaticUserWebFilter$StaticUserFilter) to context logs
2023-05-18 02:47:02,588 [Listener at 127.0.0.1/15004] INFO  http.HttpServer2 (HttpServer2.java:addFilter(1015)) - Added filter static_user_filter (class=org.apache.hadoop.http.lib.StaticUserWebFilter$StaticUserFilter) to context static
2023-05-18 02:47:02,589 [Listener at 127.0.0.1/15004] INFO  http.BaseHttpServer (BaseHttpServer.java:<init>(190)) - HTTP server of hddsDatanode uses base directory /home/runner/work/ozone/ozone/hadoop-ozone/integration-test/target/test-dir/MiniOzoneClusterImpl-522acec6-bbe2-4bbe-92e7-576262f261c3/datanode-0/meta/webserver
2023-05-18 02:47:02,589 [Listener at 127.0.0.1/15004] INFO  http.HttpServer2 (HttpServer2.java:bindListener(1250)) - Jetty bound to port 15009
2023-05-18 02:47:02,589 [Listener at 127.0.0.1/15004] INFO  server.Server (Server.java:doStart(375)) - jetty-9.4.51.v20230217; built: 2023-02-17T08:19:37.309Z; git: b45c405e4544384de066f814ed42ae3dceacdd49; jvm 1.8.0_362-b09
2023-05-18 02:47:02,591 [Listener at 127.0.0.1/15004] INFO  server.session (DefaultSessionIdManager.java:doStart(334)) - DefaultSessionIdManager workerName=node0
2023-05-18 02:47:02,591 [Listener at 127.0.0.1/15004] INFO  server.session (DefaultSessionIdManager.java:doStart(339)) - No SessionScavenger set, using defaults
2023-05-18 02:47:02,592 [Listener at 127.0.0.1/15004] INFO  server.session (HouseKeeper.java:startScavenging(132)) - node0 Scavenging every 660000ms
2023-05-18 02:47:02,593 [Listener at 127.0.0.1/15004] INFO  handler.ContextHandler (ContextHandler.java:doStart(921)) - Started o.e.j.s.ServletContextHandler@5fc9593d{logs,/logs,file:///home/runner/work/ozone/ozone/hadoop-ozone/integration-test/target/log,AVAILABLE}
2023-05-18 02:47:02,594 [Listener at 127.0.0.1/15004] INFO  handler.ContextHandler (ContextHandler.java:doStart(921)) - Started o.e.j.s.ServletContextHandler@418068a7{static,/static,jar:file:/home/runner/.m2/repository/org/apache/ozone/hdds-container-service/1.4.0-SNAPSHOT/hdds-container-service-1.4.0-SNAPSHOT.jar!/webapps/static,AVAILABLE}
2023-05-18 02:47:02,806 [Listener at 127.0.0.1/15004] INFO  handler.ContextHandler (ContextHandler.java:doStart(921)) - Started o.e.j.w.WebAppContext@553c2c70{hddsDatanode,/,file:///home/runner/work/ozone/ozone/hadoop-ozone/integration-test/target/test-dir/MiniOzoneClusterImpl-522acec6-bbe2-4bbe-92e7-576262f261c3/datanode-0/meta/webserver/jetty-0_0_0_0-15009-hdds-container-service-1_4_0-SNAPSHOT_jar-_-any-1567447991370564379/webapp/,AVAILABLE}{jar:file:/home/runner/.m2/repository/org/apache/ozone/hdds-container-service/1.4.0-SNAPSHOT/hdds-container-service-1.4.0-SNAPSHOT.jar!/webapps/hddsDatanode}
2023-05-18 02:47:02,807 [Listener at 127.0.0.1/15004] INFO  server.AbstractConnector (AbstractConnector.java:doStart(333)) - Started ServerConnector@6da51e86{HTTP/1.1, (http/1.1)}{0.0.0.0:15009}
2023-05-18 02:47:02,808 [Listener at 127.0.0.1/15004] INFO  server.Server (Server.java:doStart(415)) - Started @9254ms
2023-05-18 02:47:02,808 [Listener at 127.0.0.1/15004] WARN  impl.MetricsSystemImpl (MetricsSystemImpl.java:register(279)) - Sink prometheus already exists!
2023-05-18 02:47:02,808 [Listener at 127.0.0.1/15004] INFO  http.BaseHttpServer (BaseHttpServer.java:updateConnectorAddress(344)) - HTTP server of hddsDatanode listening at http://0.0.0.0:15009
2023-05-18 02:47:02,813 [Listener at 127.0.0.1/15004] WARN  impl.MetricRegistriesImpl (MetricRegistriesImpl.java:addReporterRegistration(111)) - New reporters are added after registries were created. Some metrics will be missing from the reporter. Please add reporter before adding any new registry.
2023-05-18 02:47:02,813 [Listener at 127.0.0.1/15004] WARN  impl.MetricRegistriesImpl (MetricRegistriesImpl.java:addReporterRegistration(111)) - New reporters are added after registries were created. Some metrics will be missing from the reporter. Please add reporter before adding any new registry.
2023-05-18 02:47:02,813 [Listener at 127.0.0.1/15004] INFO  impl.MetricsSystemImpl (MetricsSystemImpl.java:init(158)) - HddsDatanode metrics system started (again)
2023-05-18 02:47:02,817 [Datanode State Machine Daemon Thread] INFO  statemachine.DatanodeStateMachine (DatanodeStateMachine.java:lambda$startDaemon$0(524)) - Ozone container server started.
2023-05-18 02:47:02,831 [Listener at 127.0.0.1/15004] INFO  ozone.HddsDatanodeService (HddsDatanodeService.java:start(252)) - HddsDatanodeService host:fv-az180-414.aibneqh1mxpuhl3tnnuy2ifbce.bx.internal.cloudapp.net ip:10.1.1.154
2023-05-18 02:47:02,836 [org.apache.hadoop.util.JvmPauseMonitor$Monitor@2e0c19cc] INFO  util.JvmPauseMonitor (JvmPauseMonitor.java:run(188)) - Starting JVM pause monitor
2023-05-18 02:47:02,893 [Listener at 127.0.0.1/15004] INFO  upgrade.AbstractLayoutVersionManager (AbstractLayoutVersionManager.java:init(83)) - Initializing Layout version manager with metadata layout = WEBUI_PORTS_IN_DATANODEDETAILS (version = 6), software layout = WEBUI_PORTS_IN_DATANODEDETAILS (version = 6)
2023-05-18 02:47:02,895 [Listener at 127.0.0.1/15004] INFO  statemachine.DatanodeStateMachine (DatanodeStateMachine.java:getEndPointTaskThreadPoolSize(267)) - Datanode State Machine Task Thread Pool size 2
2023-05-18 02:47:02,907 [Listener at 127.0.0.1/15004] INFO  volume.HddsVolume (HddsVolume.java:<init>(130)) - Creating HddsVolume: /home/runner/work/ozone/ozone/hadoop-ozone/integration-test/target/test-dir/MiniOzoneClusterImpl-522acec6-bbe2-4bbe-92e7-576262f261c3/datanode-1/data-0/containers/hdds of storage type : DISK capacity : 9223372036854775807
2023-05-18 02:47:02,908 [Listener at 127.0.0.1/15004] INFO  volume.MutableVolumeSet (MutableVolumeSet.java:initializeVolumeSet(175)) - Added Volume : /home/runner/work/ozone/ozone/hadoop-ozone/integration-test/target/test-dir/MiniOzoneClusterImpl-522acec6-bbe2-4bbe-92e7-576262f261c3/datanode-1/data-0/containers/hdds to VolumeSet
2023-05-18 02:47:02,909 [Listener at 127.0.0.1/15004] INFO  volume.ThrottledAsyncChecker (ThrottledAsyncChecker.java:schedule(141)) - Scheduling a check for /home/runner/work/ozone/ozone/hadoop-ozone/integration-test/target/test-dir/MiniOzoneClusterImpl-522acec6-bbe2-4bbe-92e7-576262f261c3/datanode-1/data-0/containers/hdds
2023-05-18 02:47:02,915 [Listener at 127.0.0.1/15004] INFO  volume.StorageVolumeChecker (StorageVolumeChecker.java:checkAllVolumes(202)) - Scheduled health check for volume /home/runner/work/ozone/ozone/hadoop-ozone/integration-test/target/test-dir/MiniOzoneClusterImpl-522acec6-bbe2-4bbe-92e7-576262f261c3/datanode-1/data-0/containers/hdds
2023-05-18 02:47:02,940 [Listener at 127.0.0.1/15004] INFO  volume.MutableVolumeSet (MutableVolumeSet.java:initializeVolumeSet(175)) - Added Volume : /home/runner/work/ozone/ozone/hadoop-ozone/integration-test/target/test-dir/MiniOzoneClusterImpl-522acec6-bbe2-4bbe-92e7-576262f261c3/datanode-1/data/ratis to VolumeSet
2023-05-18 02:47:02,947 [Listener at 127.0.0.1/15004] INFO  volume.ThrottledAsyncChecker (ThrottledAsyncChecker.java:schedule(141)) - Scheduling a check for /home/runner/work/ozone/ozone/hadoop-ozone/integration-test/target/test-dir/MiniOzoneClusterImpl-522acec6-bbe2-4bbe-92e7-576262f261c3/datanode-1/data/ratis
2023-05-18 02:47:02,948 [Listener at 127.0.0.1/15004] INFO  volume.StorageVolumeChecker (StorageVolumeChecker.java:checkAllVolumes(202)) - Scheduled health check for volume /home/runner/work/ozone/ozone/hadoop-ozone/integration-test/target/test-dir/MiniOzoneClusterImpl-522acec6-bbe2-4bbe-92e7-576262f261c3/datanode-1/data/ratis
2023-05-18 02:47:02,952 [Datanode State Machine Task Thread - 0] INFO  datanode.InitDatanodeState (InitDatanodeState.java:persistContainerDatanodeDetails(138)) - DatanodeDetails is persisted to /home/runner/work/ozone/ozone/hadoop-ozone/integration-test/target/test-dir/MiniOzoneClusterImpl-522acec6-bbe2-4bbe-92e7-576262f261c3/datanode-0/meta/datanode.id
2023-05-18 02:47:02,963 [Thread-154] INFO  ozoneimpl.ContainerReader (ContainerReader.java:readVolume(175)) - Finish verifying containers on volume /home/runner/work/ozone/ozone/hadoop-ozone/integration-test/target/test-dir/MiniOzoneClusterImpl-522acec6-bbe2-4bbe-92e7-576262f261c3/datanode-1/data-0/containers/hdds
2023-05-18 02:47:02,965 [Listener at 127.0.0.1/15004] INFO  ozoneimpl.OzoneContainer (OzoneContainer.java:buildContainerSet(303)) - Build ContainerSet costs 0s
2023-05-18 02:47:02,969 [Listener at 127.0.0.1/15004] INFO  server.RaftServer (ConfUtils.java:logGet(46)) - raft.rpc.type = GRPC (default)
2023-05-18 02:47:02,969 [Listener at 127.0.0.1/15004] INFO  grpc.GrpcConfigKeys (ConfUtils.java:logFallback(53)) - raft.grpc.admin.host = null (fallback to raft.grpc.server.host)
2023-05-18 02:47:02,969 [Listener at 127.0.0.1/15004] INFO  grpc.GrpcConfigKeys (ConfUtils.java:logGet(46)) - raft.grpc.admin.port = 15020 (custom)
2023-05-18 02:47:02,969 [Listener at 127.0.0.1/15004] INFO  grpc.GrpcConfigKeys (ConfUtils.java:logFallback(53)) - raft.grpc.client.host = null (fallback to raft.grpc.server.host)
2023-05-18 02:47:02,969 [Listener at 127.0.0.1/15004] INFO  grpc.GrpcConfigKeys (ConfUtils.java:logGet(46)) - raft.grpc.client.port = 15019 (custom)
2023-05-18 02:47:02,970 [Listener at 127.0.0.1/15004] INFO  grpc.GrpcConfigKeys (ConfUtils.java:logGet(46)) - raft.grpc.server.host = null (default)
2023-05-18 02:47:02,970 [Listener at 127.0.0.1/15004] INFO  grpc.GrpcConfigKeys (ConfUtils.java:logGet(46)) - raft.grpc.server.port = 15021 (custom)
2023-05-18 02:47:02,970 [Listener at 127.0.0.1/15004] INFO  server.GrpcService (ConfUtils.java:logGet(46)) - raft.grpc.message.size.max = 32MB (=33554432) (custom)
2023-05-18 02:47:02,970 [Listener at 127.0.0.1/15004] INFO  server.RaftServerConfigKeys (ConfUtils.java:logGet(46)) - raft.server.log.appender.buffer.byte-limit = 33554432 (custom)
2023-05-18 02:47:02,971 [Listener at 127.0.0.1/15004] INFO  server.GrpcService (ConfUtils.java:logGet(46)) - raft.grpc.flow.control.window = 5MB (=5242880) (custom)
2023-05-18 02:47:02,971 [Listener at 127.0.0.1/15004] INFO  server.RaftServerConfigKeys (ConfUtils.java:logGet(46)) - raft.server.rpc.request.timeout = 60s (custom)
2023-05-18 02:47:02,971 [Listener at 127.0.0.1/15004] INFO  grpc.GrpcConfigKeys (ConfUtils.java:logGet(46)) - raft.grpc.server.heartbeat.channel = true (default)
2023-05-18 02:47:02,973 [Listener at 127.0.0.1/15004] INFO  grpc.GrpcConfigKeys (ConfUtils.java:logGet(46)) - raft.grpc.server.async.request.thread.pool.cached = true (default)
2023-05-18 02:47:02,974 [Listener at 127.0.0.1/15004] INFO  grpc.GrpcConfigKeys (ConfUtils.java:logGet(46)) - raft.grpc.server.async.request.thread.pool.size = 32 (default)
2023-05-18 02:47:02,974 [om1@group-C5BA1605619E-FollowerState] INFO  impl.FollowerState (FollowerState.java:run(143)) - om1@group-C5BA1605619E-FollowerState: change to CANDIDATE, lastRpcElapsedTime:1139400936ns, electionTimeout:1128ms
2023-05-18 02:47:02,975 [om1@group-C5BA1605619E-FollowerState] INFO  impl.RoleInfo (RoleInfo.java:shutdownFollowerState(110)) - om1: shutdown om1@group-C5BA1605619E-FollowerState
2023-05-18 02:47:02,976 [om1@group-C5BA1605619E-FollowerState] INFO  server.RaftServer$Division (RaftServerImpl.java:setRole(329)) - om1@group-C5BA1605619E: changes role from  FOLLOWER to CANDIDATE at term 0 for changeToCandidate
2023-05-18 02:47:02,978 [Listener at 127.0.0.1/15004] INFO  impl.DataStreamServerImpl (ConfUtils.java:logGet(46)) - raft.datastream.type = NETTY (custom)
2023-05-18 02:47:02,979 [om1@group-C5BA1605619E-FollowerState] INFO  server.RaftServerConfigKeys (ConfUtils.java:logGet(46)) - raft.server.leaderelection.pre-vote = true (default)
2023-05-18 02:47:02,979 [om1@group-C5BA1605619E-FollowerState] INFO  impl.RoleInfo (RoleInfo.java:updateAndGet(139)) - om1: start om1@group-C5BA1605619E-LeaderElection1
2023-05-18 02:47:03,007 [Listener at 127.0.0.1/15004] INFO  server.RaftServerConfigKeys (ConfUtils.java:logGet(46)) - raft.server.data-stream.async.request.thread.pool.cached = false (default)
2023-05-18 02:47:03,013 [Listener at 127.0.0.1/15004] INFO  server.RaftServerConfigKeys (ConfUtils.java:logGet(46)) - raft.server.data-stream.async.request.thread.pool.size = 20 (custom)
2023-05-18 02:47:03,013 [Listener at 127.0.0.1/15004] INFO  server.RaftServerConfigKeys (ConfUtils.java:logGet(46)) - raft.server.data-stream.async.write.thread.pool.size = 16 (default)
2023-05-18 02:47:03,013 [Listener at 127.0.0.1/15004] INFO  server.RaftServerConfigKeys (ConfUtils.java:logGet(46)) - raft.server.data-stream.client.pool.size = 10 (default)
2023-05-18 02:47:03,014 [Listener at 127.0.0.1/15004] INFO  netty.NettyConfigKeys$DataStream (ConfUtils.java:logGet(46)) - raft.netty.dataStream.server.use-epoll = false (default)
2023-05-18 02:47:03,014 [Listener at 127.0.0.1/15004] INFO  netty.NettyConfigKeys$DataStream (ConfUtils.java:logGet(46)) - raft.netty.dataStream.server.boss-group.size = 0 (default)
2023-05-18 02:47:03,014 [Listener at 127.0.0.1/15004] INFO  netty.NettyConfigKeys$DataStream (ConfUtils.java:logGet(46)) - raft.netty.dataStream.server.worker-group.size = 0 (default)
2023-05-18 02:47:03,015 [Listener at 127.0.0.1/15004] INFO  netty.NettyConfigKeys$DataStream (ConfUtils.java:logGet(46)) - raft.netty.dataStream.server.tls.conf = null (default)
2023-05-18 02:47:03,015 [Listener at 127.0.0.1/15004] INFO  netty.NettyConfigKeys$DataStream (ConfUtils.java:logGet(46)) - raft.netty.dataStream.host = null (default)
2023-05-18 02:47:03,015 [Listener at 127.0.0.1/15004] INFO  netty.NettyConfigKeys$DataStream (ConfUtils.java:logGet(46)) - raft.netty.dataStream.port = 15022 (custom)
2023-05-18 02:47:03,017 [Listener at 127.0.0.1/15004] INFO  server.RaftServerConfigKeys (ConfUtils.java:logGet(46)) - raft.server.threadpool.proxy.cached = true (default)
2023-05-18 02:47:03,017 [Listener at 127.0.0.1/15004] INFO  server.RaftServerConfigKeys (ConfUtils.java:logGet(46)) - raft.server.threadpool.proxy.size = 0 (default)
2023-05-18 02:47:03,017 [Listener at 127.0.0.1/15004] INFO  server.RaftServerConfigKeys (ConfUtils.java:logGet(46)) - raft.server.rpc.slowness.timeout = 300s (custom)
2023-05-18 02:47:03,017 [Listener at 127.0.0.1/15004] INFO  server.RaftServerConfigKeys (ConfUtils.java:logGet(46)) - raft.server.leaderelection.leader.step-down.wait-time = 10s (default)
2023-05-18 02:47:03,018 [Listener at 127.0.0.1/15004] INFO  server.RaftServerConfigKeys (ConfUtils.java:logGet(46)) - raft.server.storage.dir = [/home/runner/work/ozone/ozone/hadoop-ozone/integration-test/target/test-dir/MiniOzoneClusterImpl-522acec6-bbe2-4bbe-92e7-576262f261c3/datanode-1/data/ratis] (custom)
2023-05-18 02:47:03,020 [om1@group-C5BA1605619E-LeaderElection1] INFO  impl.LeaderElection (LeaderElection.java:askForVotes(321)) - om1@group-C5BA1605619E-LeaderElection1 PRE_VOTE round 0: submit vote requests at term 0 for -1: peers:[om1|rpc:localhost:15007|priority:0|startupRole:FOLLOWER]|listeners:[], old=null
2023-05-18 02:47:03,021 [om1@group-C5BA1605619E-LeaderElection1] INFO  impl.LeaderElection (LeaderElection.java:askForVotes(323)) - om1@group-C5BA1605619E-LeaderElection1 PRE_VOTE round 0: result PASSED (term=0)
2023-05-18 02:47:03,022 [om1@group-C5BA1605619E-LeaderElection1] INFO  impl.LeaderElection (LeaderElection.java:askForVotes(321)) - om1@group-C5BA1605619E-LeaderElection1 ELECTION round 0: submit vote requests at term 1 for -1: peers:[om1|rpc:localhost:15007|priority:0|startupRole:FOLLOWER]|listeners:[], old=null
2023-05-18 02:47:03,022 [om1@group-C5BA1605619E-LeaderElection1] INFO  impl.LeaderElection (LeaderElection.java:askForVotes(323)) - om1@group-C5BA1605619E-LeaderElection1 ELECTION round 0: result PASSED (term=1)
2023-05-18 02:47:03,024 [om1@group-C5BA1605619E-LeaderElection1] INFO  impl.RoleInfo (RoleInfo.java:shutdownLeaderElection(130)) - om1: shutdown om1@group-C5BA1605619E-LeaderElection1
2023-05-18 02:47:03,024 [om1@group-C5BA1605619E-LeaderElection1] INFO  server.RaftServer$Division (RaftServerImpl.java:setRole(329)) - om1@group-C5BA1605619E: changes role from CANDIDATE to LEADER at term 1 for changeToLeader
2023-05-18 02:47:03,026 [om1@group-C5BA1605619E-LeaderElection1] INFO  server.RaftServer$Division (ServerState.java:setLeader(317)) - om1@group-C5BA1605619E: change Leader from null to om1 at term 1 for becomeLeader, leader elected after 2420ms
2023-05-18 02:47:03,024 [Listener at 127.0.0.1/15004] INFO  server.XceiverServerGrpc (XceiverServerGrpc.java:<init>(132)) - GrpcServer channel type EpollServerSocketChannel
2023-05-18 02:47:03,031 [Listener at 127.0.0.1/15004] INFO  replication.ReplicationSupervisor (ReplicationSupervisor.java:nodeStateUpdated(296)) - Node state updated to IN_SERVICE, scaling executor pool size to 10
2023-05-18 02:47:03,032 [Listener at 127.0.0.1/15004] INFO  token.OzoneBlockTokenSecretManager (OzoneSecretManager.java:updateCurrentKey(175)) - Updating current master key for generating tokens. Cert id 1339200402336
2023-05-18 02:47:03,033 [Listener at 127.0.0.1/15004] INFO  token.ContainerTokenSecretManager (OzoneSecretManager.java:updateCurrentKey(175)) - Updating current master key for generating tokens. Cert id 1339200402336
2023-05-18 02:47:03,022 [a754d4c8-bbdd-415d-ab5e-ea5caa73cb25-NettyServerStreamRpc-bossGroup--thread1] INFO  logging.LoggingHandler (AbstractInternalLogger.java:log(148)) - [id: 0x8ff1870f] REGISTERED
2023-05-18 02:47:03,033 [a754d4c8-bbdd-415d-ab5e-ea5caa73cb25-NettyServerStreamRpc-bossGroup--thread1] INFO  logging.LoggingHandler (AbstractInternalLogger.java:log(148)) - [id: 0x8ff1870f] BIND: 0.0.0.0/0.0.0.0:15022
2023-05-18 02:47:03,033 [a754d4c8-bbdd-415d-ab5e-ea5caa73cb25-NettyServerStreamRpc-bossGroup--thread1] INFO  logging.LoggingHandler (AbstractInternalLogger.java:log(148)) - [id: 0x8ff1870f, L:/0:0:0:0:0:0:0:0:15022] ACTIVE
2023-05-18 02:47:03,038 [Listener at 127.0.0.1/15004] INFO  http.BaseHttpServer (BaseHttpServer.java:newHttpServer2BuilderForOzone(224)) - Starting Web-server for hddsDatanode at: http://0.0.0.0:15017
2023-05-18 02:47:03,038 [Listener at 127.0.0.1/15004] INFO  http.BaseHttpServer (BaseHttpServer.java:<init>(111)) - Hadoop Security Enabled: false Ozone Security Enabled: false Ozone HTTP Security Enabled: false 
2023-05-18 02:47:03,039 [Listener at 127.0.0.1/15004] WARN  server.AuthenticationFilter (AuthenticationFilter.java:constructSecretProvider(240)) - Unable to initialize FileSignerSecretProvider, falling back to use random secrets. Reason: Could not read signature secret file: /home/runner/hadoop-http-auth-signature-secret
2023-05-18 02:47:03,040 [Listener at 127.0.0.1/15004] INFO  http.HttpRequestLog (HttpRequestLog.java:getRequestLog(86)) - Http request log for http.requests.hddsDatanode is not defined
2023-05-18 02:47:03,041 [om1@group-C5BA1605619E-LeaderElection1] INFO  server.RaftServerConfigKeys (ConfUtils.java:logGet(46)) - raft.server.staging.catchup.gap = 1000 (default)
2023-05-18 02:47:03,045 [om1@group-C5BA1605619E-LeaderElection1] INFO  server.RaftServerConfigKeys (ConfUtils.java:logGet(46)) - raft.server.write.element-limit = 4096 (default)
2023-05-18 02:47:03,045 [om1@group-C5BA1605619E-LeaderElection1] INFO  server.RaftServerConfigKeys (ConfUtils.java:logGet(46)) - raft.server.write.byte-limit = 64MB (=67108864) (default)
2023-05-18 02:47:03,049 [om1@group-C5BA1605619E-LeaderElection1] INFO  server.RaftServerConfigKeys (ConfUtils.java:logGet(46)) - raft.server.watch.timeout = 10s (default)
2023-05-18 02:47:03,049 [om1@group-C5BA1605619E-LeaderElection1] INFO  server.RaftServerConfigKeys (ConfUtils.java:logGet(46)) - raft.server.watch.timeout.denomination = 1s (default)
2023-05-18 02:47:03,049 [om1@group-C5BA1605619E-LeaderElection1] INFO  server.RaftServerConfigKeys (ConfUtils.java:logGet(46)) - raft.server.watch.element-limit = 65536 (default)
2023-05-18 02:47:03,054 [om1@group-C5BA1605619E-LeaderElection1] INFO  server.RaftServerConfigKeys (ConfUtils.java:logGet(46)) - raft.server.write.element-limit = 4096 (default)
2023-05-18 02:47:03,055 [om1@group-C5BA1605619E-LeaderElection1] INFO  server.RaftServerConfigKeys (ConfUtils.java:logGet(46)) - raft.server.write.follower.gap.ratio.max = -1.0 (default)
2023-05-18 02:47:03,056 [Listener at 127.0.0.1/15004] INFO  http.HttpServer2 (HttpServer2.java:addGlobalFilter(1031)) - Added global filter 'safety' (class=org.apache.hadoop.hdds.server.http.HttpServer2$QuotingInputFilter)
2023-05-18 02:47:03,057 [om1@group-C5BA1605619E-LeaderElection1] INFO  impl.RoleInfo (RoleInfo.java:updateAndGet(139)) - om1: start om1@group-C5BA1605619E-LeaderStateImpl
2023-05-18 02:47:03,059 [Listener at 127.0.0.1/15004] INFO  http.HttpServer2 (HttpServer2.java:addFilter(1007)) - Added filter static_user_filter (class=org.apache.hadoop.http.lib.StaticUserWebFilter$StaticUserFilter) to context hddsDatanode
2023-05-18 02:47:03,059 [Listener at 127.0.0.1/15004] INFO  http.HttpServer2 (HttpServer2.java:addFilter(1015)) - Added filter static_user_filter (class=org.apache.hadoop.http.lib.StaticUserWebFilter$StaticUserFilter) to context logs
2023-05-18 02:47:03,059 [Listener at 127.0.0.1/15004] INFO  http.HttpServer2 (HttpServer2.java:addFilter(1015)) - Added filter static_user_filter (class=org.apache.hadoop.http.lib.StaticUserWebFilter$StaticUserFilter) to context static
2023-05-18 02:47:03,061 [Listener at 127.0.0.1/15004] INFO  http.BaseHttpServer (BaseHttpServer.java:<init>(190)) - HTTP server of hddsDatanode uses base directory /home/runner/work/ozone/ozone/hadoop-ozone/integration-test/target/test-dir/MiniOzoneClusterImpl-522acec6-bbe2-4bbe-92e7-576262f261c3/datanode-1/meta/webserver
2023-05-18 02:47:03,061 [Listener at 127.0.0.1/15004] INFO  http.HttpServer2 (HttpServer2.java:bindListener(1250)) - Jetty bound to port 15017
2023-05-18 02:47:03,062 [Listener at 127.0.0.1/15004] INFO  server.Server (Server.java:doStart(375)) - jetty-9.4.51.v20230217; built: 2023-02-17T08:19:37.309Z; git: b45c405e4544384de066f814ed42ae3dceacdd49; jvm 1.8.0_362-b09
2023-05-18 02:47:03,086 [Listener at 127.0.0.1/15004] INFO  server.session (DefaultSessionIdManager.java:doStart(334)) - DefaultSessionIdManager workerName=node0
2023-05-18 02:47:03,087 [Listener at 127.0.0.1/15004] INFO  server.session (DefaultSessionIdManager.java:doStart(339)) - No SessionScavenger set, using defaults
2023-05-18 02:47:03,087 [Listener at 127.0.0.1/15004] INFO  server.session (HouseKeeper.java:startScavenging(132)) - node0 Scavenging every 600000ms
2023-05-18 02:47:03,089 [Listener at 127.0.0.1/15004] INFO  handler.ContextHandler (ContextHandler.java:doStart(921)) - Started o.e.j.s.ServletContextHandler@4f4f94e8{logs,/logs,file:///home/runner/work/ozone/ozone/hadoop-ozone/integration-test/target/log,AVAILABLE}
2023-05-18 02:47:03,090 [Listener at 127.0.0.1/15004] INFO  handler.ContextHandler (ContextHandler.java:doStart(921)) - Started o.e.j.s.ServletContextHandler@13705509{static,/static,jar:file:/home/runner/.m2/repository/org/apache/ozone/hdds-container-service/1.4.0-SNAPSHOT/hdds-container-service-1.4.0-SNAPSHOT.jar!/webapps/static,AVAILABLE}
2023-05-18 02:47:03,093 [om1@group-C5BA1605619E-LeaderElection1] INFO  segmented.SegmentedRaftLogWorker (SegmentedRaftLogWorker.java:startLogSegment(447)) - om1@group-C5BA1605619E-SegmentedRaftLogWorker: Starting segment from index:0
2023-05-18 02:47:03,171 [om1@group-C5BA1605619E-LeaderElection1] INFO  server.RaftServer$Division (ServerState.java:setRaftConf(434)) - om1@group-C5BA1605619E: set configuration 0: peers:[om1|rpc:localhost:15007|admin:|client:|dataStream:|priority:0|startupRole:FOLLOWER]|listeners:[], old=null
2023-05-18 02:47:03,223 [om1@group-C5BA1605619E-SegmentedRaftLogWorker] INFO  segmented.SegmentedRaftLogWorker (SegmentedRaftLogWorker.java:execute(651)) - om1@group-C5BA1605619E-SegmentedRaftLogWorker: created new log segment /home/runner/work/ozone/ozone/hadoop-ozone/integration-test/target/test-dir/MiniOzoneClusterImpl-522acec6-bbe2-4bbe-92e7-576262f261c3/ozone-meta/ratis/bf265839-605b-3f16-9796-c5ba1605619e/current/log_inprogress_0
2023-05-18 02:47:03,320 [om1@group-C5BA1605619E-StateMachineUpdater] INFO  ratis.OzoneManagerStateMachine (OzoneManagerStateMachine.java:notifyConfigurationChanged(201)) - Received Configuration change notification from Ratis. New Peer list:
[id: "om1"
address: "localhost:15007"
startupRole: FOLLOWER
]
2023-05-18 02:47:03,356 [Listener at 127.0.0.1/15004] INFO  handler.ContextHandler (ContextHandler.java:doStart(921)) - Started o.e.j.w.WebAppContext@3592e216{hddsDatanode,/,file:///home/runner/work/ozone/ozone/hadoop-ozone/integration-test/target/test-dir/MiniOzoneClusterImpl-522acec6-bbe2-4bbe-92e7-576262f261c3/datanode-1/meta/webserver/jetty-0_0_0_0-15017-hdds-container-service-1_4_0-SNAPSHOT_jar-_-any-6857165899232744490/webapp/,AVAILABLE}{jar:file:/home/runner/.m2/repository/org/apache/ozone/hdds-container-service/1.4.0-SNAPSHOT/hdds-container-service-1.4.0-SNAPSHOT.jar!/webapps/hddsDatanode}
2023-05-18 02:47:03,357 [Listener at 127.0.0.1/15004] INFO  server.AbstractConnector (AbstractConnector.java:doStart(333)) - Started ServerConnector@bb1da04{HTTP/1.1, (http/1.1)}{0.0.0.0:15017}
2023-05-18 02:47:03,358 [Listener at 127.0.0.1/15004] INFO  server.Server (Server.java:doStart(415)) - Started @9804ms
2023-05-18 02:47:03,358 [Listener at 127.0.0.1/15004] WARN  impl.MetricsSystemImpl (MetricsSystemImpl.java:register(279)) - Sink prometheus already exists!
2023-05-18 02:47:03,358 [Listener at 127.0.0.1/15004] INFO  http.BaseHttpServer (BaseHttpServer.java:updateConnectorAddress(344)) - HTTP server of hddsDatanode listening at http://0.0.0.0:15017
2023-05-18 02:47:03,359 [Datanode State Machine Daemon Thread] INFO  statemachine.DatanodeStateMachine (DatanodeStateMachine.java:lambda$startDaemon$0(524)) - Ozone container server started.
2023-05-18 02:47:03,360 [Listener at 127.0.0.1/15004] WARN  impl.MetricRegistriesImpl (MetricRegistriesImpl.java:addReporterRegistration(111)) - New reporters are added after registries were created. Some metrics will be missing from the reporter. Please add reporter before adding any new registry.
2023-05-18 02:47:03,360 [Listener at 127.0.0.1/15004] WARN  impl.MetricRegistriesImpl (MetricRegistriesImpl.java:addReporterRegistration(111)) - New reporters are added after registries were created. Some metrics will be missing from the reporter. Please add reporter before adding any new registry.
2023-05-18 02:47:03,360 [Listener at 127.0.0.1/15004] INFO  impl.MetricsSystemImpl (MetricsSystemImpl.java:init(158)) - HddsDatanode metrics system started (again)
2023-05-18 02:47:03,375 [Listener at 127.0.0.1/15004] INFO  ozone.HddsDatanodeService (HddsDatanodeService.java:start(252)) - HddsDatanodeService host:fv-az180-414.aibneqh1mxpuhl3tnnuy2ifbce.bx.internal.cloudapp.net ip:10.1.1.154
2023-05-18 02:47:03,384 [org.apache.hadoop.util.JvmPauseMonitor$Monitor@7dc0c7c2] INFO  util.JvmPauseMonitor (JvmPauseMonitor.java:run(188)) - Starting JVM pause monitor
2023-05-18 02:47:03,393 [Datanode State Machine Task Thread - 0] INFO  datanode.InitDatanodeState (InitDatanodeState.java:persistContainerDatanodeDetails(138)) - DatanodeDetails is persisted to /home/runner/work/ozone/ozone/hadoop-ozone/integration-test/target/test-dir/MiniOzoneClusterImpl-522acec6-bbe2-4bbe-92e7-576262f261c3/datanode-1/meta/datanode.id
2023-05-18 02:47:03,401 [Listener at 127.0.0.1/15004] INFO  upgrade.AbstractLayoutVersionManager (AbstractLayoutVersionManager.java:init(83)) - Initializing Layout version manager with metadata layout = WEBUI_PORTS_IN_DATANODEDETAILS (version = 6), software layout = WEBUI_PORTS_IN_DATANODEDETAILS (version = 6)
2023-05-18 02:47:03,402 [Listener at 127.0.0.1/15004] INFO  statemachine.DatanodeStateMachine (DatanodeStateMachine.java:getEndPointTaskThreadPoolSize(267)) - Datanode State Machine Task Thread Pool size 2
2023-05-18 02:47:03,405 [Listener at 127.0.0.1/15004] INFO  volume.HddsVolume (HddsVolume.java:<init>(130)) - Creating HddsVolume: /home/runner/work/ozone/ozone/hadoop-ozone/integration-test/target/test-dir/MiniOzoneClusterImpl-522acec6-bbe2-4bbe-92e7-576262f261c3/datanode-2/data-0/containers/hdds of storage type : DISK capacity : 9223372036854775807
2023-05-18 02:47:03,405 [Listener at 127.0.0.1/15004] INFO  volume.MutableVolumeSet (MutableVolumeSet.java:initializeVolumeSet(175)) - Added Volume : /home/runner/work/ozone/ozone/hadoop-ozone/integration-test/target/test-dir/MiniOzoneClusterImpl-522acec6-bbe2-4bbe-92e7-576262f261c3/datanode-2/data-0/containers/hdds to VolumeSet
2023-05-18 02:47:03,405 [Listener at 127.0.0.1/15004] INFO  volume.ThrottledAsyncChecker (ThrottledAsyncChecker.java:schedule(141)) - Scheduling a check for /home/runner/work/ozone/ozone/hadoop-ozone/integration-test/target/test-dir/MiniOzoneClusterImpl-522acec6-bbe2-4bbe-92e7-576262f261c3/datanode-2/data-0/containers/hdds
2023-05-18 02:47:03,406 [Listener at 127.0.0.1/15004] INFO  volume.StorageVolumeChecker (StorageVolumeChecker.java:checkAllVolumes(202)) - Scheduled health check for volume /home/runner/work/ozone/ozone/hadoop-ozone/integration-test/target/test-dir/MiniOzoneClusterImpl-522acec6-bbe2-4bbe-92e7-576262f261c3/datanode-2/data-0/containers/hdds
2023-05-18 02:47:03,417 [Listener at 127.0.0.1/15004] INFO  volume.MutableVolumeSet (MutableVolumeSet.java:initializeVolumeSet(175)) - Added Volume : /home/runner/work/ozone/ozone/hadoop-ozone/integration-test/target/test-dir/MiniOzoneClusterImpl-522acec6-bbe2-4bbe-92e7-576262f261c3/datanode-2/data/ratis to VolumeSet
2023-05-18 02:47:03,418 [Listener at 127.0.0.1/15004] INFO  volume.ThrottledAsyncChecker (ThrottledAsyncChecker.java:schedule(141)) - Scheduling a check for /home/runner/work/ozone/ozone/hadoop-ozone/integration-test/target/test-dir/MiniOzoneClusterImpl-522acec6-bbe2-4bbe-92e7-576262f261c3/datanode-2/data/ratis
2023-05-18 02:47:03,418 [Listener at 127.0.0.1/15004] INFO  volume.StorageVolumeChecker (StorageVolumeChecker.java:checkAllVolumes(202)) - Scheduled health check for volume /home/runner/work/ozone/ozone/hadoop-ozone/integration-test/target/test-dir/MiniOzoneClusterImpl-522acec6-bbe2-4bbe-92e7-576262f261c3/datanode-2/data/ratis
2023-05-18 02:47:03,430 [Thread-170] INFO  ozoneimpl.ContainerReader (ContainerReader.java:readVolume(175)) - Finish verifying containers on volume /home/runner/work/ozone/ozone/hadoop-ozone/integration-test/target/test-dir/MiniOzoneClusterImpl-522acec6-bbe2-4bbe-92e7-576262f261c3/datanode-2/data-0/containers/hdds
2023-05-18 02:47:03,430 [Listener at 127.0.0.1/15004] INFO  ozoneimpl.OzoneContainer (OzoneContainer.java:buildContainerSet(303)) - Build ContainerSet costs 0s
2023-05-18 02:47:03,439 [Listener at 127.0.0.1/15004] INFO  server.RaftServer (ConfUtils.java:logGet(46)) - raft.rpc.type = GRPC (default)
2023-05-18 02:47:03,439 [Listener at 127.0.0.1/15004] INFO  grpc.GrpcConfigKeys (ConfUtils.java:logFallback(53)) - raft.grpc.admin.host = null (fallback to raft.grpc.server.host)
2023-05-18 02:47:03,439 [Listener at 127.0.0.1/15004] INFO  grpc.GrpcConfigKeys (ConfUtils.java:logGet(46)) - raft.grpc.admin.port = 15028 (custom)
2023-05-18 02:47:03,440 [Listener at 127.0.0.1/15004] INFO  grpc.GrpcConfigKeys (ConfUtils.java:logFallback(53)) - raft.grpc.client.host = null (fallback to raft.grpc.server.host)
2023-05-18 02:47:03,440 [Listener at 127.0.0.1/15004] INFO  grpc.GrpcConfigKeys (ConfUtils.java:logGet(46)) - raft.grpc.client.port = 15027 (custom)
2023-05-18 02:47:03,440 [Listener at 127.0.0.1/15004] INFO  grpc.GrpcConfigKeys (ConfUtils.java:logGet(46)) - raft.grpc.server.host = null (default)
2023-05-18 02:47:03,440 [Listener at 127.0.0.1/15004] INFO  grpc.GrpcConfigKeys (ConfUtils.java:logGet(46)) - raft.grpc.server.port = 15029 (custom)
2023-05-18 02:47:03,440 [Listener at 127.0.0.1/15004] INFO  server.GrpcService (ConfUtils.java:logGet(46)) - raft.grpc.message.size.max = 32MB (=33554432) (custom)
2023-05-18 02:47:03,440 [Listener at 127.0.0.1/15004] INFO  server.RaftServerConfigKeys (ConfUtils.java:logGet(46)) - raft.server.log.appender.buffer.byte-limit = 33554432 (custom)
2023-05-18 02:47:03,440 [Listener at 127.0.0.1/15004] INFO  server.GrpcService (ConfUtils.java:logGet(46)) - raft.grpc.flow.control.window = 5MB (=5242880) (custom)
2023-05-18 02:47:03,441 [Listener at 127.0.0.1/15004] INFO  server.RaftServerConfigKeys (ConfUtils.java:logGet(46)) - raft.server.rpc.request.timeout = 60s (custom)
2023-05-18 02:47:03,441 [Listener at 127.0.0.1/15004] INFO  grpc.GrpcConfigKeys (ConfUtils.java:logGet(46)) - raft.grpc.server.heartbeat.channel = true (default)
2023-05-18 02:47:03,442 [Listener at 127.0.0.1/15004] INFO  grpc.GrpcConfigKeys (ConfUtils.java:logGet(46)) - raft.grpc.server.async.request.thread.pool.cached = true (default)
2023-05-18 02:47:03,442 [Listener at 127.0.0.1/15004] INFO  grpc.GrpcConfigKeys (ConfUtils.java:logGet(46)) - raft.grpc.server.async.request.thread.pool.size = 32 (default)
2023-05-18 02:47:03,445 [Listener at 127.0.0.1/15004] INFO  impl.DataStreamServerImpl (ConfUtils.java:logGet(46)) - raft.datastream.type = NETTY (custom)
2023-05-18 02:47:03,446 [Listener at 127.0.0.1/15004] INFO  server.RaftServerConfigKeys (ConfUtils.java:logGet(46)) - raft.server.data-stream.async.request.thread.pool.cached = false (default)
2023-05-18 02:47:03,446 [Listener at 127.0.0.1/15004] INFO  server.RaftServerConfigKeys (ConfUtils.java:logGet(46)) - raft.server.data-stream.async.request.thread.pool.size = 20 (custom)
2023-05-18 02:47:03,446 [Listener at 127.0.0.1/15004] INFO  server.RaftServerConfigKeys (ConfUtils.java:logGet(46)) - raft.server.data-stream.async.write.thread.pool.size = 16 (default)
2023-05-18 02:47:03,446 [Listener at 127.0.0.1/15004] INFO  server.RaftServerConfigKeys (ConfUtils.java:logGet(46)) - raft.server.data-stream.client.pool.size = 10 (default)
2023-05-18 02:47:03,446 [Listener at 127.0.0.1/15004] INFO  netty.NettyConfigKeys$DataStream (ConfUtils.java:logGet(46)) - raft.netty.dataStream.server.use-epoll = false (default)
2023-05-18 02:47:03,447 [Listener at 127.0.0.1/15004] INFO  netty.NettyConfigKeys$DataStream (ConfUtils.java:logGet(46)) - raft.netty.dataStream.server.boss-group.size = 0 (default)
2023-05-18 02:47:03,448 [Listener at 127.0.0.1/15004] INFO  netty.NettyConfigKeys$DataStream (ConfUtils.java:logGet(46)) - raft.netty.dataStream.server.worker-group.size = 0 (default)
2023-05-18 02:47:03,449 [Listener at 127.0.0.1/15004] INFO  netty.NettyConfigKeys$DataStream (ConfUtils.java:logGet(46)) - raft.netty.dataStream.server.tls.conf = null (default)
2023-05-18 02:47:03,449 [Listener at 127.0.0.1/15004] INFO  netty.NettyConfigKeys$DataStream (ConfUtils.java:logGet(46)) - raft.netty.dataStream.host = null (default)
2023-05-18 02:47:03,449 [Listener at 127.0.0.1/15004] INFO  netty.NettyConfigKeys$DataStream (ConfUtils.java:logGet(46)) - raft.netty.dataStream.port = 15030 (custom)
2023-05-18 02:47:03,449 [Listener at 127.0.0.1/15004] INFO  server.RaftServerConfigKeys (ConfUtils.java:logGet(46)) - raft.server.threadpool.proxy.cached = true (default)
2023-05-18 02:47:03,450 [Listener at 127.0.0.1/15004] INFO  server.RaftServerConfigKeys (ConfUtils.java:logGet(46)) - raft.server.threadpool.proxy.size = 0 (default)
2023-05-18 02:47:03,450 [Listener at 127.0.0.1/15004] INFO  server.RaftServerConfigKeys (ConfUtils.java:logGet(46)) - raft.server.rpc.slowness.timeout = 300s (custom)
2023-05-18 02:47:03,450 [Listener at 127.0.0.1/15004] INFO  server.RaftServerConfigKeys (ConfUtils.java:logGet(46)) - raft.server.leaderelection.leader.step-down.wait-time = 10s (default)
2023-05-18 02:47:03,450 [Listener at 127.0.0.1/15004] INFO  server.RaftServerConfigKeys (ConfUtils.java:logGet(46)) - raft.server.storage.dir = [/home/runner/work/ozone/ozone/hadoop-ozone/integration-test/target/test-dir/MiniOzoneClusterImpl-522acec6-bbe2-4bbe-92e7-576262f261c3/datanode-2/data/ratis] (custom)
2023-05-18 02:47:03,454 [eda5bed9-420b-4517-a9a1-164df2c5dc2a-NettyServerStreamRpc-bossGroup--thread1] INFO  logging.LoggingHandler (AbstractInternalLogger.java:log(148)) - [id: 0xc5fccd07] REGISTERED
2023-05-18 02:47:03,454 [eda5bed9-420b-4517-a9a1-164df2c5dc2a-NettyServerStreamRpc-bossGroup--thread1] INFO  logging.LoggingHandler (AbstractInternalLogger.java:log(148)) - [id: 0xc5fccd07] BIND: 0.0.0.0/0.0.0.0:15030
2023-05-18 02:47:03,454 [eda5bed9-420b-4517-a9a1-164df2c5dc2a-NettyServerStreamRpc-bossGroup--thread1] INFO  logging.LoggingHandler (AbstractInternalLogger.java:log(148)) - [id: 0xc5fccd07, L:/0:0:0:0:0:0:0:0:15030] ACTIVE
2023-05-18 02:47:03,456 [Listener at 127.0.0.1/15004] INFO  server.XceiverServerGrpc (XceiverServerGrpc.java:<init>(132)) - GrpcServer channel type EpollServerSocketChannel
2023-05-18 02:47:03,458 [Listener at 127.0.0.1/15004] INFO  replication.ReplicationSupervisor (ReplicationSupervisor.java:nodeStateUpdated(296)) - Node state updated to IN_SERVICE, scaling executor pool size to 10
2023-05-18 02:47:03,459 [Listener at 127.0.0.1/15004] INFO  token.OzoneBlockTokenSecretManager (OzoneSecretManager.java:updateCurrentKey(175)) - Updating current master key for generating tokens. Cert id 1339200402336
2023-05-18 02:47:03,459 [Listener at 127.0.0.1/15004] INFO  token.ContainerTokenSecretManager (OzoneSecretManager.java:updateCurrentKey(175)) - Updating current master key for generating tokens. Cert id 1339200402336
2023-05-18 02:47:03,461 [Listener at 127.0.0.1/15004] INFO  http.BaseHttpServer (BaseHttpServer.java:newHttpServer2BuilderForOzone(224)) - Starting Web-server for hddsDatanode at: http://0.0.0.0:15025
2023-05-18 02:47:03,462 [Listener at 127.0.0.1/15004] INFO  http.BaseHttpServer (BaseHttpServer.java:<init>(111)) - Hadoop Security Enabled: false Ozone Security Enabled: false Ozone HTTP Security Enabled: false 
2023-05-18 02:47:03,463 [Listener at 127.0.0.1/15004] WARN  server.AuthenticationFilter (AuthenticationFilter.java:constructSecretProvider(240)) - Unable to initialize FileSignerSecretProvider, falling back to use random secrets. Reason: Could not read signature secret file: /home/runner/hadoop-http-auth-signature-secret
2023-05-18 02:47:03,464 [Listener at 127.0.0.1/15004] INFO  http.HttpRequestLog (HttpRequestLog.java:getRequestLog(86)) - Http request log for http.requests.hddsDatanode is not defined
2023-05-18 02:47:03,466 [Listener at 127.0.0.1/15004] INFO  http.HttpServer2 (HttpServer2.java:addGlobalFilter(1031)) - Added global filter 'safety' (class=org.apache.hadoop.hdds.server.http.HttpServer2$QuotingInputFilter)
2023-05-18 02:47:03,466 [Listener at 127.0.0.1/15004] INFO  http.HttpServer2 (HttpServer2.java:addFilter(1007)) - Added filter static_user_filter (class=org.apache.hadoop.http.lib.StaticUserWebFilter$StaticUserFilter) to context hddsDatanode
2023-05-18 02:47:03,468 [Listener at 127.0.0.1/15004] INFO  http.HttpServer2 (HttpServer2.java:addFilter(1015)) - Added filter static_user_filter (class=org.apache.hadoop.http.lib.StaticUserWebFilter$StaticUserFilter) to context static
2023-05-18 02:47:03,468 [Listener at 127.0.0.1/15004] INFO  http.HttpServer2 (HttpServer2.java:addFilter(1015)) - Added filter static_user_filter (class=org.apache.hadoop.http.lib.StaticUserWebFilter$StaticUserFilter) to context logs
2023-05-18 02:47:03,468 [Listener at 127.0.0.1/15004] INFO  http.BaseHttpServer (BaseHttpServer.java:<init>(190)) - HTTP server of hddsDatanode uses base directory /home/runner/work/ozone/ozone/hadoop-ozone/integration-test/target/test-dir/MiniOzoneClusterImpl-522acec6-bbe2-4bbe-92e7-576262f261c3/datanode-2/meta/webserver
2023-05-18 02:47:03,469 [Listener at 127.0.0.1/15004] INFO  http.HttpServer2 (HttpServer2.java:bindListener(1250)) - Jetty bound to port 15025
2023-05-18 02:47:03,469 [Listener at 127.0.0.1/15004] INFO  server.Server (Server.java:doStart(375)) - jetty-9.4.51.v20230217; built: 2023-02-17T08:19:37.309Z; git: b45c405e4544384de066f814ed42ae3dceacdd49; jvm 1.8.0_362-b09
2023-05-18 02:47:03,470 [Listener at 127.0.0.1/15004] INFO  server.session (DefaultSessionIdManager.java:doStart(334)) - DefaultSessionIdManager workerName=node0
2023-05-18 02:47:03,470 [Listener at 127.0.0.1/15004] INFO  server.session (DefaultSessionIdManager.java:doStart(339)) - No SessionScavenger set, using defaults
2023-05-18 02:47:03,470 [Listener at 127.0.0.1/15004] INFO  server.session (HouseKeeper.java:startScavenging(132)) - node0 Scavenging every 660000ms
2023-05-18 02:47:03,471 [Listener at 127.0.0.1/15004] INFO  handler.ContextHandler (ContextHandler.java:doStart(921)) - Started o.e.j.s.ServletContextHandler@791bbe80{logs,/logs,file:///home/runner/work/ozone/ozone/hadoop-ozone/integration-test/target/log,AVAILABLE}
2023-05-18 02:47:03,471 [Listener at 127.0.0.1/15004] INFO  handler.ContextHandler (ContextHandler.java:doStart(921)) - Started o.e.j.s.ServletContextHandler@1642e41b{static,/static,jar:file:/home/runner/.m2/repository/org/apache/ozone/hdds-container-service/1.4.0-SNAPSHOT/hdds-container-service-1.4.0-SNAPSHOT.jar!/webapps/static,AVAILABLE}
2023-05-18 02:47:03,668 [Listener at 127.0.0.1/15004] INFO  handler.ContextHandler (ContextHandler.java:doStart(921)) - Started o.e.j.w.WebAppContext@4edbf855{hddsDatanode,/,file:///home/runner/work/ozone/ozone/hadoop-ozone/integration-test/target/test-dir/MiniOzoneClusterImpl-522acec6-bbe2-4bbe-92e7-576262f261c3/datanode-2/meta/webserver/jetty-0_0_0_0-15025-hdds-container-service-1_4_0-SNAPSHOT_jar-_-any-8339959732939729850/webapp/,AVAILABLE}{jar:file:/home/runner/.m2/repository/org/apache/ozone/hdds-container-service/1.4.0-SNAPSHOT/hdds-container-service-1.4.0-SNAPSHOT.jar!/webapps/hddsDatanode}
2023-05-18 02:47:03,670 [Listener at 127.0.0.1/15004] INFO  server.AbstractConnector (AbstractConnector.java:doStart(333)) - Started ServerConnector@440f3922{HTTP/1.1, (http/1.1)}{0.0.0.0:15025}
2023-05-18 02:47:03,670 [Listener at 127.0.0.1/15004] INFO  server.Server (Server.java:doStart(415)) - Started @10117ms
2023-05-18 02:47:03,670 [Listener at 127.0.0.1/15004] WARN  impl.MetricsSystemImpl (MetricsSystemImpl.java:register(279)) - Sink prometheus already exists!
2023-05-18 02:47:03,671 [Listener at 127.0.0.1/15004] INFO  http.BaseHttpServer (BaseHttpServer.java:updateConnectorAddress(344)) - HTTP server of hddsDatanode listening at http://0.0.0.0:15025
2023-05-18 02:47:03,673 [Datanode State Machine Daemon Thread] INFO  statemachine.DatanodeStateMachine (DatanodeStateMachine.java:lambda$startDaemon$0(524)) - Ozone container server started.
2023-05-18 02:47:03,677 [Listener at 127.0.0.1/15004] WARN  impl.MetricRegistriesImpl (MetricRegistriesImpl.java:addReporterRegistration(111)) - New reporters are added after registries were created. Some metrics will be missing from the reporter. Please add reporter before adding any new registry.
2023-05-18 02:47:03,677 [Listener at 127.0.0.1/15004] WARN  impl.MetricRegistriesImpl (MetricRegistriesImpl.java:addReporterRegistration(111)) - New reporters are added after registries were created. Some metrics will be missing from the reporter. Please add reporter before adding any new registry.
2023-05-18 02:47:03,678 [Listener at 127.0.0.1/15004] INFO  impl.MetricsSystemImpl (MetricsSystemImpl.java:init(158)) - HddsDatanode metrics system started (again)
2023-05-18 02:47:03,690 [org.apache.hadoop.util.JvmPauseMonitor$Monitor@11dce2f] INFO  util.JvmPauseMonitor (JvmPauseMonitor.java:run(188)) - Starting JVM pause monitor
2023-05-18 02:47:03,695 [Listener at 127.0.0.1/15004] INFO  ozone.HddsDatanodeService (HddsDatanodeService.java:start(252)) - HddsDatanodeService host:fv-az180-414.aibneqh1mxpuhl3tnnuy2ifbce.bx.internal.cloudapp.net ip:10.1.1.154
2023-05-18 02:47:03,698 [Datanode State Machine Task Thread - 0] INFO  datanode.InitDatanodeState (InitDatanodeState.java:persistContainerDatanodeDetails(138)) - DatanodeDetails is persisted to /home/runner/work/ozone/ozone/hadoop-ozone/integration-test/target/test-dir/MiniOzoneClusterImpl-522acec6-bbe2-4bbe-92e7-576262f261c3/datanode-2/meta/datanode.id
2023-05-18 02:47:03,719 [Listener at 127.0.0.1/15004] INFO  upgrade.AbstractLayoutVersionManager (AbstractLayoutVersionManager.java:init(83)) - Initializing Layout version manager with metadata layout = WEBUI_PORTS_IN_DATANODEDETAILS (version = 6), software layout = WEBUI_PORTS_IN_DATANODEDETAILS (version = 6)
2023-05-18 02:47:03,720 [Listener at 127.0.0.1/15004] INFO  statemachine.DatanodeStateMachine (DatanodeStateMachine.java:getEndPointTaskThreadPoolSize(267)) - Datanode State Machine Task Thread Pool size 2
2023-05-18 02:47:03,722 [Listener at 127.0.0.1/15004] INFO  volume.HddsVolume (HddsVolume.java:<init>(130)) - Creating HddsVolume: /home/runner/work/ozone/ozone/hadoop-ozone/integration-test/target/test-dir/MiniOzoneClusterImpl-522acec6-bbe2-4bbe-92e7-576262f261c3/datanode-3/data-0/containers/hdds of storage type : DISK capacity : 9223372036854775807
2023-05-18 02:47:03,722 [Listener at 127.0.0.1/15004] INFO  volume.MutableVolumeSet (MutableVolumeSet.java:initializeVolumeSet(175)) - Added Volume : /home/runner/work/ozone/ozone/hadoop-ozone/integration-test/target/test-dir/MiniOzoneClusterImpl-522acec6-bbe2-4bbe-92e7-576262f261c3/datanode-3/data-0/containers/hdds to VolumeSet
2023-05-18 02:47:03,723 [Listener at 127.0.0.1/15004] INFO  volume.ThrottledAsyncChecker (ThrottledAsyncChecker.java:schedule(141)) - Scheduling a check for /home/runner/work/ozone/ozone/hadoop-ozone/integration-test/target/test-dir/MiniOzoneClusterImpl-522acec6-bbe2-4bbe-92e7-576262f261c3/datanode-3/data-0/containers/hdds
2023-05-18 02:47:03,725 [Listener at 127.0.0.1/15004] INFO  volume.StorageVolumeChecker (StorageVolumeChecker.java:checkAllVolumes(202)) - Scheduled health check for volume /home/runner/work/ozone/ozone/hadoop-ozone/integration-test/target/test-dir/MiniOzoneClusterImpl-522acec6-bbe2-4bbe-92e7-576262f261c3/datanode-3/data-0/containers/hdds
2023-05-18 02:47:03,737 [Listener at 127.0.0.1/15004] INFO  volume.MutableVolumeSet (MutableVolumeSet.java:initializeVolumeSet(175)) - Added Volume : /home/runner/work/ozone/ozone/hadoop-ozone/integration-test/target/test-dir/MiniOzoneClusterImpl-522acec6-bbe2-4bbe-92e7-576262f261c3/datanode-3/data/ratis to VolumeSet
2023-05-18 02:47:03,737 [Listener at 127.0.0.1/15004] INFO  volume.ThrottledAsyncChecker (ThrottledAsyncChecker.java:schedule(141)) - Scheduling a check for /home/runner/work/ozone/ozone/hadoop-ozone/integration-test/target/test-dir/MiniOzoneClusterImpl-522acec6-bbe2-4bbe-92e7-576262f261c3/datanode-3/data/ratis
2023-05-18 02:47:03,737 [Listener at 127.0.0.1/15004] INFO  volume.StorageVolumeChecker (StorageVolumeChecker.java:checkAllVolumes(202)) - Scheduled health check for volume /home/runner/work/ozone/ozone/hadoop-ozone/integration-test/target/test-dir/MiniOzoneClusterImpl-522acec6-bbe2-4bbe-92e7-576262f261c3/datanode-3/data/ratis
2023-05-18 02:47:03,748 [Thread-184] INFO  ozoneimpl.ContainerReader (ContainerReader.java:readVolume(175)) - Finish verifying containers on volume /home/runner/work/ozone/ozone/hadoop-ozone/integration-test/target/test-dir/MiniOzoneClusterImpl-522acec6-bbe2-4bbe-92e7-576262f261c3/datanode-3/data-0/containers/hdds
2023-05-18 02:47:03,748 [Listener at 127.0.0.1/15004] INFO  ozoneimpl.OzoneContainer (OzoneContainer.java:buildContainerSet(303)) - Build ContainerSet costs 0s
2023-05-18 02:47:03,752 [Listener at 127.0.0.1/15004] INFO  server.RaftServer (ConfUtils.java:logGet(46)) - raft.rpc.type = GRPC (default)
2023-05-18 02:47:03,752 [Listener at 127.0.0.1/15004] INFO  grpc.GrpcConfigKeys (ConfUtils.java:logFallback(53)) - raft.grpc.admin.host = null (fallback to raft.grpc.server.host)
2023-05-18 02:47:03,752 [Listener at 127.0.0.1/15004] INFO  grpc.GrpcConfigKeys (ConfUtils.java:logGet(46)) - raft.grpc.admin.port = 15036 (custom)
2023-05-18 02:47:03,753 [Listener at 127.0.0.1/15004] INFO  grpc.GrpcConfigKeys (ConfUtils.java:logFallback(53)) - raft.grpc.client.host = null (fallback to raft.grpc.server.host)
2023-05-18 02:47:03,753 [Listener at 127.0.0.1/15004] INFO  grpc.GrpcConfigKeys (ConfUtils.java:logGet(46)) - raft.grpc.client.port = 15035 (custom)
2023-05-18 02:47:03,753 [Listener at 127.0.0.1/15004] INFO  grpc.GrpcConfigKeys (ConfUtils.java:logGet(46)) - raft.grpc.server.host = null (default)
2023-05-18 02:47:03,753 [Listener at 127.0.0.1/15004] INFO  grpc.GrpcConfigKeys (ConfUtils.java:logGet(46)) - raft.grpc.server.port = 15037 (custom)
2023-05-18 02:47:03,753 [Listener at 127.0.0.1/15004] INFO  server.GrpcService (ConfUtils.java:logGet(46)) - raft.grpc.message.size.max = 32MB (=33554432) (custom)
2023-05-18 02:47:03,754 [Listener at 127.0.0.1/15004] INFO  server.RaftServerConfigKeys (ConfUtils.java:logGet(46)) - raft.server.log.appender.buffer.byte-limit = 33554432 (custom)
2023-05-18 02:47:03,754 [Listener at 127.0.0.1/15004] INFO  server.GrpcService (ConfUtils.java:logGet(46)) - raft.grpc.flow.control.window = 5MB (=5242880) (custom)
2023-05-18 02:47:03,754 [Listener at 127.0.0.1/15004] INFO  server.RaftServerConfigKeys (ConfUtils.java:logGet(46)) - raft.server.rpc.request.timeout = 60s (custom)
2023-05-18 02:47:03,754 [Listener at 127.0.0.1/15004] INFO  grpc.GrpcConfigKeys (ConfUtils.java:logGet(46)) - raft.grpc.server.heartbeat.channel = true (default)
2023-05-18 02:47:03,754 [Listener at 127.0.0.1/15004] INFO  grpc.GrpcConfigKeys (ConfUtils.java:logGet(46)) - raft.grpc.server.async.request.thread.pool.cached = true (default)
2023-05-18 02:47:03,754 [Listener at 127.0.0.1/15004] INFO  grpc.GrpcConfigKeys (ConfUtils.java:logGet(46)) - raft.grpc.server.async.request.thread.pool.size = 32 (default)
2023-05-18 02:47:03,757 [Listener at 127.0.0.1/15004] INFO  impl.DataStreamServerImpl (ConfUtils.java:logGet(46)) - raft.datastream.type = NETTY (custom)
2023-05-18 02:47:03,757 [Listener at 127.0.0.1/15004] INFO  server.RaftServerConfigKeys (ConfUtils.java:logGet(46)) - raft.server.data-stream.async.request.thread.pool.cached = false (default)
2023-05-18 02:47:03,757 [Listener at 127.0.0.1/15004] INFO  server.RaftServerConfigKeys (ConfUtils.java:logGet(46)) - raft.server.data-stream.async.request.thread.pool.size = 20 (custom)
2023-05-18 02:47:03,757 [Listener at 127.0.0.1/15004] INFO  server.RaftServerConfigKeys (ConfUtils.java:logGet(46)) - raft.server.data-stream.async.write.thread.pool.size = 16 (default)
2023-05-18 02:47:03,758 [Listener at 127.0.0.1/15004] INFO  server.RaftServerConfigKeys (ConfUtils.java:logGet(46)) - raft.server.data-stream.client.pool.size = 10 (default)
2023-05-18 02:47:03,758 [Listener at 127.0.0.1/15004] INFO  netty.NettyConfigKeys$DataStream (ConfUtils.java:logGet(46)) - raft.netty.dataStream.server.use-epoll = false (default)
2023-05-18 02:47:03,758 [Listener at 127.0.0.1/15004] INFO  netty.NettyConfigKeys$DataStream (ConfUtils.java:logGet(46)) - raft.netty.dataStream.server.boss-group.size = 0 (default)
2023-05-18 02:47:03,758 [Listener at 127.0.0.1/15004] INFO  netty.NettyConfigKeys$DataStream (ConfUtils.java:logGet(46)) - raft.netty.dataStream.server.worker-group.size = 0 (default)
2023-05-18 02:47:03,759 [Listener at 127.0.0.1/15004] INFO  netty.NettyConfigKeys$DataStream (ConfUtils.java:logGet(46)) - raft.netty.dataStream.server.tls.conf = null (default)
2023-05-18 02:47:03,759 [Listener at 127.0.0.1/15004] INFO  netty.NettyConfigKeys$DataStream (ConfUtils.java:logGet(46)) - raft.netty.dataStream.host = null (default)
2023-05-18 02:47:03,759 [Listener at 127.0.0.1/15004] INFO  netty.NettyConfigKeys$DataStream (ConfUtils.java:logGet(46)) - raft.netty.dataStream.port = 15038 (custom)
2023-05-18 02:47:03,759 [Listener at 127.0.0.1/15004] INFO  server.RaftServerConfigKeys (ConfUtils.java:logGet(46)) - raft.server.threadpool.proxy.cached = true (default)
2023-05-18 02:47:03,760 [Listener at 127.0.0.1/15004] INFO  server.RaftServerConfigKeys (ConfUtils.java:logGet(46)) - raft.server.threadpool.proxy.size = 0 (default)
2023-05-18 02:47:03,760 [Listener at 127.0.0.1/15004] INFO  server.RaftServerConfigKeys (ConfUtils.java:logGet(46)) - raft.server.rpc.slowness.timeout = 300s (custom)
2023-05-18 02:47:03,760 [Listener at 127.0.0.1/15004] INFO  server.RaftServerConfigKeys (ConfUtils.java:logGet(46)) - raft.server.leaderelection.leader.step-down.wait-time = 10s (default)
2023-05-18 02:47:03,760 [Listener at 127.0.0.1/15004] INFO  server.RaftServerConfigKeys (ConfUtils.java:logGet(46)) - raft.server.storage.dir = [/home/runner/work/ozone/ozone/hadoop-ozone/integration-test/target/test-dir/MiniOzoneClusterImpl-522acec6-bbe2-4bbe-92e7-576262f261c3/datanode-3/data/ratis] (custom)
2023-05-18 02:47:03,763 [Listener at 127.0.0.1/15004] INFO  server.XceiverServerGrpc (XceiverServerGrpc.java:<init>(132)) - GrpcServer channel type EpollServerSocketChannel
2023-05-18 02:47:03,764 [1d3b30df-d5fa-48f7-8d20-f176392eff1b-NettyServerStreamRpc-bossGroup--thread1] INFO  logging.LoggingHandler (AbstractInternalLogger.java:log(148)) - [id: 0x58a26e6b] REGISTERED
2023-05-18 02:47:03,765 [Listener at 127.0.0.1/15004] INFO  replication.ReplicationSupervisor (ReplicationSupervisor.java:nodeStateUpdated(296)) - Node state updated to IN_SERVICE, scaling executor pool size to 10
2023-05-18 02:47:03,767 [Listener at 127.0.0.1/15004] INFO  token.OzoneBlockTokenSecretManager (OzoneSecretManager.java:updateCurrentKey(175)) - Updating current master key for generating tokens. Cert id 1339200402336
2023-05-18 02:47:03,767 [Listener at 127.0.0.1/15004] INFO  token.ContainerTokenSecretManager (OzoneSecretManager.java:updateCurrentKey(175)) - Updating current master key for generating tokens. Cert id 1339200402336
2023-05-18 02:47:03,767 [1d3b30df-d5fa-48f7-8d20-f176392eff1b-NettyServerStreamRpc-bossGroup--thread1] INFO  logging.LoggingHandler (AbstractInternalLogger.java:log(148)) - [id: 0x58a26e6b] BIND: 0.0.0.0/0.0.0.0:15038
2023-05-18 02:47:03,767 [1d3b30df-d5fa-48f7-8d20-f176392eff1b-NettyServerStreamRpc-bossGroup--thread1] INFO  logging.LoggingHandler (AbstractInternalLogger.java:log(148)) - [id: 0x58a26e6b, L:/0:0:0:0:0:0:0:0:15038] ACTIVE
2023-05-18 02:47:03,769 [Listener at 127.0.0.1/15004] INFO  http.BaseHttpServer (BaseHttpServer.java:newHttpServer2BuilderForOzone(224)) - Starting Web-server for hddsDatanode at: http://0.0.0.0:15033
2023-05-18 02:47:03,769 [Listener at 127.0.0.1/15004] INFO  http.BaseHttpServer (BaseHttpServer.java:<init>(111)) - Hadoop Security Enabled: false Ozone Security Enabled: false Ozone HTTP Security Enabled: false 
2023-05-18 02:47:03,771 [Listener at 127.0.0.1/15004] WARN  server.AuthenticationFilter (AuthenticationFilter.java:constructSecretProvider(240)) - Unable to initialize FileSignerSecretProvider, falling back to use random secrets. Reason: Could not read signature secret file: /home/runner/hadoop-http-auth-signature-secret
2023-05-18 02:47:03,771 [Listener at 127.0.0.1/15004] INFO  http.HttpRequestLog (HttpRequestLog.java:getRequestLog(86)) - Http request log for http.requests.hddsDatanode is not defined
2023-05-18 02:47:03,773 [Listener at 127.0.0.1/15004] INFO  http.HttpServer2 (HttpServer2.java:addGlobalFilter(1031)) - Added global filter 'safety' (class=org.apache.hadoop.hdds.server.http.HttpServer2$QuotingInputFilter)
2023-05-18 02:47:03,774 [Listener at 127.0.0.1/15004] INFO  http.HttpServer2 (HttpServer2.java:addFilter(1007)) - Added filter static_user_filter (class=org.apache.hadoop.http.lib.StaticUserWebFilter$StaticUserFilter) to context hddsDatanode
2023-05-18 02:47:03,774 [Listener at 127.0.0.1/15004] INFO  http.HttpServer2 (HttpServer2.java:addFilter(1015)) - Added filter static_user_filter (class=org.apache.hadoop.http.lib.StaticUserWebFilter$StaticUserFilter) to context static
2023-05-18 02:47:03,774 [Listener at 127.0.0.1/15004] INFO  http.HttpServer2 (HttpServer2.java:addFilter(1015)) - Added filter static_user_filter (class=org.apache.hadoop.http.lib.StaticUserWebFilter$StaticUserFilter) to context logs
2023-05-18 02:47:03,775 [Listener at 127.0.0.1/15004] INFO  http.BaseHttpServer (BaseHttpServer.java:<init>(190)) - HTTP server of hddsDatanode uses base directory /home/runner/work/ozone/ozone/hadoop-ozone/integration-test/target/test-dir/MiniOzoneClusterImpl-522acec6-bbe2-4bbe-92e7-576262f261c3/datanode-3/meta/webserver
2023-05-18 02:47:03,775 [Listener at 127.0.0.1/15004] INFO  http.HttpServer2 (HttpServer2.java:bindListener(1250)) - Jetty bound to port 15033
2023-05-18 02:47:03,775 [Listener at 127.0.0.1/15004] INFO  server.Server (Server.java:doStart(375)) - jetty-9.4.51.v20230217; built: 2023-02-17T08:19:37.309Z; git: b45c405e4544384de066f814ed42ae3dceacdd49; jvm 1.8.0_362-b09
2023-05-18 02:47:03,777 [Listener at 127.0.0.1/15004] INFO  server.session (DefaultSessionIdManager.java:doStart(334)) - DefaultSessionIdManager workerName=node0
2023-05-18 02:47:03,777 [Listener at 127.0.0.1/15004] INFO  server.session (DefaultSessionIdManager.java:doStart(339)) - No SessionScavenger set, using defaults
2023-05-18 02:47:03,777 [Listener at 127.0.0.1/15004] INFO  server.session (HouseKeeper.java:startScavenging(132)) - node0 Scavenging every 600000ms
2023-05-18 02:47:03,778 [Listener at 127.0.0.1/15004] INFO  handler.ContextHandler (ContextHandler.java:doStart(921)) - Started o.e.j.s.ServletContextHandler@4892fd9b{logs,/logs,file:///home/runner/work/ozone/ozone/hadoop-ozone/integration-test/target/log,AVAILABLE}
2023-05-18 02:47:03,778 [Listener at 127.0.0.1/15004] INFO  handler.ContextHandler (ContextHandler.java:doStart(921)) - Started o.e.j.s.ServletContextHandler@34993f6d{static,/static,jar:file:/home/runner/.m2/repository/org/apache/ozone/hdds-container-service/1.4.0-SNAPSHOT/hdds-container-service-1.4.0-SNAPSHOT.jar!/webapps/static,AVAILABLE}
2023-05-18 02:47:03,971 [Listener at 127.0.0.1/15004] INFO  handler.ContextHandler (ContextHandler.java:doStart(921)) - Started o.e.j.w.WebAppContext@128869e{hddsDatanode,/,file:///home/runner/work/ozone/ozone/hadoop-ozone/integration-test/target/test-dir/MiniOzoneClusterImpl-522acec6-bbe2-4bbe-92e7-576262f261c3/datanode-3/meta/webserver/jetty-0_0_0_0-15033-hdds-container-service-1_4_0-SNAPSHOT_jar-_-any-2236067597243821347/webapp/,AVAILABLE}{jar:file:/home/runner/.m2/repository/org/apache/ozone/hdds-container-service/1.4.0-SNAPSHOT/hdds-container-service-1.4.0-SNAPSHOT.jar!/webapps/hddsDatanode}
2023-05-18 02:47:03,972 [Listener at 127.0.0.1/15004] INFO  server.AbstractConnector (AbstractConnector.java:doStart(333)) - Started ServerConnector@27407cd2{HTTP/1.1, (http/1.1)}{0.0.0.0:15033}
2023-05-18 02:47:03,973 [Listener at 127.0.0.1/15004] INFO  server.Server (Server.java:doStart(415)) - Started @10420ms
2023-05-18 02:47:03,973 [Listener at 127.0.0.1/15004] WARN  impl.MetricsSystemImpl (MetricsSystemImpl.java:register(279)) - Sink prometheus already exists!
2023-05-18 02:47:03,974 [Listener at 127.0.0.1/15004] INFO  http.BaseHttpServer (BaseHttpServer.java:updateConnectorAddress(344)) - HTTP server of hddsDatanode listening at http://0.0.0.0:15033
2023-05-18 02:47:03,974 [Datanode State Machine Daemon Thread] INFO  statemachine.DatanodeStateMachine (DatanodeStateMachine.java:lambda$startDaemon$0(524)) - Ozone container server started.
2023-05-18 02:47:03,978 [Listener at 127.0.0.1/15004] WARN  impl.MetricRegistriesImpl (MetricRegistriesImpl.java:addReporterRegistration(111)) - New reporters are added after registries were created. Some metrics will be missing from the reporter. Please add reporter before adding any new registry.
2023-05-18 02:47:03,978 [Listener at 127.0.0.1/15004] WARN  impl.MetricRegistriesImpl (MetricRegistriesImpl.java:addReporterRegistration(111)) - New reporters are added after registries were created. Some metrics will be missing from the reporter. Please add reporter before adding any new registry.
2023-05-18 02:47:03,979 [Listener at 127.0.0.1/15004] INFO  impl.MetricsSystemImpl (MetricsSystemImpl.java:init(158)) - HddsDatanode metrics system started (again)
2023-05-18 02:47:04,000 [org.apache.hadoop.util.JvmPauseMonitor$Monitor@7b5bfa48] INFO  util.JvmPauseMonitor (JvmPauseMonitor.java:run(188)) - Starting JVM pause monitor
2023-05-18 02:47:04,001 [Listener at 127.0.0.1/15004] INFO  ozone.HddsDatanodeService (HddsDatanodeService.java:start(252)) - HddsDatanodeService host:fv-az180-414.aibneqh1mxpuhl3tnnuy2ifbce.bx.internal.cloudapp.net ip:10.1.1.154
2023-05-18 02:47:04,011 [Datanode State Machine Task Thread - 0] INFO  datanode.InitDatanodeState (InitDatanodeState.java:persistContainerDatanodeDetails(138)) - DatanodeDetails is persisted to /home/runner/work/ozone/ozone/hadoop-ozone/integration-test/target/test-dir/MiniOzoneClusterImpl-522acec6-bbe2-4bbe-92e7-576262f261c3/datanode-3/meta/datanode.id
2023-05-18 02:47:04,029 [Listener at 127.0.0.1/15004] INFO  upgrade.AbstractLayoutVersionManager (AbstractLayoutVersionManager.java:init(83)) - Initializing Layout version manager with metadata layout = WEBUI_PORTS_IN_DATANODEDETAILS (version = 6), software layout = WEBUI_PORTS_IN_DATANODEDETAILS (version = 6)
2023-05-18 02:47:04,030 [Listener at 127.0.0.1/15004] INFO  statemachine.DatanodeStateMachine (DatanodeStateMachine.java:getEndPointTaskThreadPoolSize(267)) - Datanode State Machine Task Thread Pool size 2
2023-05-18 02:47:04,036 [Listener at 127.0.0.1/15004] INFO  volume.HddsVolume (HddsVolume.java:<init>(130)) - Creating HddsVolume: /home/runner/work/ozone/ozone/hadoop-ozone/integration-test/target/test-dir/MiniOzoneClusterImpl-522acec6-bbe2-4bbe-92e7-576262f261c3/datanode-4/data-0/containers/hdds of storage type : DISK capacity : 9223372036854775807
2023-05-18 02:47:04,036 [Listener at 127.0.0.1/15004] INFO  volume.MutableVolumeSet (MutableVolumeSet.java:initializeVolumeSet(175)) - Added Volume : /home/runner/work/ozone/ozone/hadoop-ozone/integration-test/target/test-dir/MiniOzoneClusterImpl-522acec6-bbe2-4bbe-92e7-576262f261c3/datanode-4/data-0/containers/hdds to VolumeSet
2023-05-18 02:47:04,036 [Listener at 127.0.0.1/15004] INFO  volume.ThrottledAsyncChecker (ThrottledAsyncChecker.java:schedule(141)) - Scheduling a check for /home/runner/work/ozone/ozone/hadoop-ozone/integration-test/target/test-dir/MiniOzoneClusterImpl-522acec6-bbe2-4bbe-92e7-576262f261c3/datanode-4/data-0/containers/hdds
2023-05-18 02:47:04,039 [Listener at 127.0.0.1/15004] INFO  volume.StorageVolumeChecker (StorageVolumeChecker.java:checkAllVolumes(202)) - Scheduled health check for volume /home/runner/work/ozone/ozone/hadoop-ozone/integration-test/target/test-dir/MiniOzoneClusterImpl-522acec6-bbe2-4bbe-92e7-576262f261c3/datanode-4/data-0/containers/hdds
2023-05-18 02:47:04,051 [Listener at 127.0.0.1/15004] INFO  volume.MutableVolumeSet (MutableVolumeSet.java:initializeVolumeSet(175)) - Added Volume : /home/runner/work/ozone/ozone/hadoop-ozone/integration-test/target/test-dir/MiniOzoneClusterImpl-522acec6-bbe2-4bbe-92e7-576262f261c3/datanode-4/data/ratis to VolumeSet
2023-05-18 02:47:04,051 [Listener at 127.0.0.1/15004] INFO  volume.ThrottledAsyncChecker (ThrottledAsyncChecker.java:schedule(141)) - Scheduling a check for /home/runner/work/ozone/ozone/hadoop-ozone/integration-test/target/test-dir/MiniOzoneClusterImpl-522acec6-bbe2-4bbe-92e7-576262f261c3/datanode-4/data/ratis
2023-05-18 02:47:04,051 [Listener at 127.0.0.1/15004] INFO  volume.StorageVolumeChecker (StorageVolumeChecker.java:checkAllVolumes(202)) - Scheduled health check for volume /home/runner/work/ozone/ozone/hadoop-ozone/integration-test/target/test-dir/MiniOzoneClusterImpl-522acec6-bbe2-4bbe-92e7-576262f261c3/datanode-4/data/ratis
2023-05-18 02:47:04,062 [Thread-198] INFO  ozoneimpl.ContainerReader (ContainerReader.java:readVolume(175)) - Finish verifying containers on volume /home/runner/work/ozone/ozone/hadoop-ozone/integration-test/target/test-dir/MiniOzoneClusterImpl-522acec6-bbe2-4bbe-92e7-576262f261c3/datanode-4/data-0/containers/hdds
2023-05-18 02:47:04,062 [Listener at 127.0.0.1/15004] INFO  ozoneimpl.OzoneContainer (OzoneContainer.java:buildContainerSet(303)) - Build ContainerSet costs 0s
2023-05-18 02:47:04,066 [Listener at 127.0.0.1/15004] INFO  server.RaftServer (ConfUtils.java:logGet(46)) - raft.rpc.type = GRPC (default)
2023-05-18 02:47:04,066 [Listener at 127.0.0.1/15004] INFO  grpc.GrpcConfigKeys (ConfUtils.java:logFallback(53)) - raft.grpc.admin.host = null (fallback to raft.grpc.server.host)
2023-05-18 02:47:04,066 [Listener at 127.0.0.1/15004] INFO  grpc.GrpcConfigKeys (ConfUtils.java:logGet(46)) - raft.grpc.admin.port = 15044 (custom)
2023-05-18 02:47:04,066 [Listener at 127.0.0.1/15004] INFO  grpc.GrpcConfigKeys (ConfUtils.java:logFallback(53)) - raft.grpc.client.host = null (fallback to raft.grpc.server.host)
2023-05-18 02:47:04,066 [Listener at 127.0.0.1/15004] INFO  grpc.GrpcConfigKeys (ConfUtils.java:logGet(46)) - raft.grpc.client.port = 15043 (custom)
2023-05-18 02:47:04,066 [Listener at 127.0.0.1/15004] INFO  grpc.GrpcConfigKeys (ConfUtils.java:logGet(46)) - raft.grpc.server.host = null (default)
2023-05-18 02:47:04,067 [Listener at 127.0.0.1/15004] INFO  grpc.GrpcConfigKeys (ConfUtils.java:logGet(46)) - raft.grpc.server.port = 15045 (custom)
2023-05-18 02:47:04,067 [Listener at 127.0.0.1/15004] INFO  server.GrpcService (ConfUtils.java:logGet(46)) - raft.grpc.message.size.max = 32MB (=33554432) (custom)
2023-05-18 02:47:04,067 [Listener at 127.0.0.1/15004] INFO  server.RaftServerConfigKeys (ConfUtils.java:logGet(46)) - raft.server.log.appender.buffer.byte-limit = 33554432 (custom)
2023-05-18 02:47:04,067 [Listener at 127.0.0.1/15004] INFO  server.GrpcService (ConfUtils.java:logGet(46)) - raft.grpc.flow.control.window = 5MB (=5242880) (custom)
2023-05-18 02:47:04,067 [Listener at 127.0.0.1/15004] INFO  server.RaftServerConfigKeys (ConfUtils.java:logGet(46)) - raft.server.rpc.request.timeout = 60s (custom)
2023-05-18 02:47:04,067 [Listener at 127.0.0.1/15004] INFO  grpc.GrpcConfigKeys (ConfUtils.java:logGet(46)) - raft.grpc.server.heartbeat.channel = true (default)
2023-05-18 02:47:04,067 [Listener at 127.0.0.1/15004] INFO  grpc.GrpcConfigKeys (ConfUtils.java:logGet(46)) - raft.grpc.server.async.request.thread.pool.cached = true (default)
2023-05-18 02:47:04,067 [Listener at 127.0.0.1/15004] INFO  grpc.GrpcConfigKeys (ConfUtils.java:logGet(46)) - raft.grpc.server.async.request.thread.pool.size = 32 (default)
2023-05-18 02:47:04,070 [Listener at 127.0.0.1/15004] INFO  impl.DataStreamServerImpl (ConfUtils.java:logGet(46)) - raft.datastream.type = NETTY (custom)
2023-05-18 02:47:04,070 [Listener at 127.0.0.1/15004] INFO  server.RaftServerConfigKeys (ConfUtils.java:logGet(46)) - raft.server.data-stream.async.request.thread.pool.cached = false (default)
2023-05-18 02:47:04,071 [Listener at 127.0.0.1/15004] INFO  server.RaftServerConfigKeys (ConfUtils.java:logGet(46)) - raft.server.data-stream.async.request.thread.pool.size = 20 (custom)
2023-05-18 02:47:04,071 [Listener at 127.0.0.1/15004] INFO  server.RaftServerConfigKeys (ConfUtils.java:logGet(46)) - raft.server.data-stream.async.write.thread.pool.size = 16 (default)
2023-05-18 02:47:04,071 [Listener at 127.0.0.1/15004] INFO  server.RaftServerConfigKeys (ConfUtils.java:logGet(46)) - raft.server.data-stream.client.pool.size = 10 (default)
2023-05-18 02:47:04,071 [Listener at 127.0.0.1/15004] INFO  netty.NettyConfigKeys$DataStream (ConfUtils.java:logGet(46)) - raft.netty.dataStream.server.use-epoll = false (default)
2023-05-18 02:47:04,071 [Listener at 127.0.0.1/15004] INFO  netty.NettyConfigKeys$DataStream (ConfUtils.java:logGet(46)) - raft.netty.dataStream.server.boss-group.size = 0 (default)
2023-05-18 02:47:04,072 [Listener at 127.0.0.1/15004] INFO  netty.NettyConfigKeys$DataStream (ConfUtils.java:logGet(46)) - raft.netty.dataStream.server.worker-group.size = 0 (default)
2023-05-18 02:47:04,072 [Listener at 127.0.0.1/15004] INFO  netty.NettyConfigKeys$DataStream (ConfUtils.java:logGet(46)) - raft.netty.dataStream.server.tls.conf = null (default)
2023-05-18 02:47:04,072 [Listener at 127.0.0.1/15004] INFO  netty.NettyConfigKeys$DataStream (ConfUtils.java:logGet(46)) - raft.netty.dataStream.host = null (default)
2023-05-18 02:47:04,072 [Listener at 127.0.0.1/15004] INFO  netty.NettyConfigKeys$DataStream (ConfUtils.java:logGet(46)) - raft.netty.dataStream.port = 15046 (custom)
2023-05-18 02:47:04,073 [Listener at 127.0.0.1/15004] INFO  server.RaftServerConfigKeys (ConfUtils.java:logGet(46)) - raft.server.threadpool.proxy.cached = true (default)
2023-05-18 02:47:04,073 [Listener at 127.0.0.1/15004] INFO  server.RaftServerConfigKeys (ConfUtils.java:logGet(46)) - raft.server.threadpool.proxy.size = 0 (default)
2023-05-18 02:47:04,073 [Listener at 127.0.0.1/15004] INFO  server.RaftServerConfigKeys (ConfUtils.java:logGet(46)) - raft.server.rpc.slowness.timeout = 300s (custom)
2023-05-18 02:47:04,073 [Listener at 127.0.0.1/15004] INFO  server.RaftServerConfigKeys (ConfUtils.java:logGet(46)) - raft.server.leaderelection.leader.step-down.wait-time = 10s (default)
2023-05-18 02:47:04,074 [Listener at 127.0.0.1/15004] INFO  server.RaftServerConfigKeys (ConfUtils.java:logGet(46)) - raft.server.storage.dir = [/home/runner/work/ozone/ozone/hadoop-ozone/integration-test/target/test-dir/MiniOzoneClusterImpl-522acec6-bbe2-4bbe-92e7-576262f261c3/datanode-4/data/ratis] (custom)
2023-05-18 02:47:04,076 [Listener at 127.0.0.1/15004] INFO  server.XceiverServerGrpc (XceiverServerGrpc.java:<init>(132)) - GrpcServer channel type EpollServerSocketChannel
2023-05-18 02:47:04,079 [Listener at 127.0.0.1/15004] INFO  replication.ReplicationSupervisor (ReplicationSupervisor.java:nodeStateUpdated(296)) - Node state updated to IN_SERVICE, scaling executor pool size to 10
2023-05-18 02:47:04,080 [Listener at 127.0.0.1/15004] INFO  token.OzoneBlockTokenSecretManager (OzoneSecretManager.java:updateCurrentKey(175)) - Updating current master key for generating tokens. Cert id 1339200402336
2023-05-18 02:47:04,080 [Listener at 127.0.0.1/15004] INFO  token.ContainerTokenSecretManager (OzoneSecretManager.java:updateCurrentKey(175)) - Updating current master key for generating tokens. Cert id 1339200402336
2023-05-18 02:47:04,081 [4ccd21da-06a8-4ca3-bf16-e3c028fe0c77-NettyServerStreamRpc-bossGroup--thread1] INFO  logging.LoggingHandler (AbstractInternalLogger.java:log(148)) - [id: 0x43f0eb80] REGISTERED
2023-05-18 02:47:04,081 [4ccd21da-06a8-4ca3-bf16-e3c028fe0c77-NettyServerStreamRpc-bossGroup--thread1] INFO  logging.LoggingHandler (AbstractInternalLogger.java:log(148)) - [id: 0x43f0eb80] BIND: 0.0.0.0/0.0.0.0:15046
2023-05-18 02:47:04,081 [4ccd21da-06a8-4ca3-bf16-e3c028fe0c77-NettyServerStreamRpc-bossGroup--thread1] INFO  logging.LoggingHandler (AbstractInternalLogger.java:log(148)) - [id: 0x43f0eb80, L:/0:0:0:0:0:0:0:0:15046] ACTIVE
2023-05-18 02:47:04,084 [Listener at 127.0.0.1/15004] INFO  http.BaseHttpServer (BaseHttpServer.java:newHttpServer2BuilderForOzone(224)) - Starting Web-server for hddsDatanode at: http://0.0.0.0:15041
2023-05-18 02:47:04,084 [Listener at 127.0.0.1/15004] INFO  http.BaseHttpServer (BaseHttpServer.java:<init>(111)) - Hadoop Security Enabled: false Ozone Security Enabled: false Ozone HTTP Security Enabled: false 
2023-05-18 02:47:04,085 [Listener at 127.0.0.1/15004] WARN  server.AuthenticationFilter (AuthenticationFilter.java:constructSecretProvider(240)) - Unable to initialize FileSignerSecretProvider, falling back to use random secrets. Reason: Could not read signature secret file: /home/runner/hadoop-http-auth-signature-secret
2023-05-18 02:47:04,086 [Listener at 127.0.0.1/15004] INFO  http.HttpRequestLog (HttpRequestLog.java:getRequestLog(86)) - Http request log for http.requests.hddsDatanode is not defined
2023-05-18 02:47:04,088 [Listener at 127.0.0.1/15004] INFO  http.HttpServer2 (HttpServer2.java:addGlobalFilter(1031)) - Added global filter 'safety' (class=org.apache.hadoop.hdds.server.http.HttpServer2$QuotingInputFilter)
2023-05-18 02:47:04,088 [Listener at 127.0.0.1/15004] INFO  http.HttpServer2 (HttpServer2.java:addFilter(1007)) - Added filter static_user_filter (class=org.apache.hadoop.http.lib.StaticUserWebFilter$StaticUserFilter) to context hddsDatanode
2023-05-18 02:47:04,089 [Listener at 127.0.0.1/15004] INFO  http.HttpServer2 (HttpServer2.java:addFilter(1015)) - Added filter static_user_filter (class=org.apache.hadoop.http.lib.StaticUserWebFilter$StaticUserFilter) to context logs
2023-05-18 02:47:04,089 [Listener at 127.0.0.1/15004] INFO  http.HttpServer2 (HttpServer2.java:addFilter(1015)) - Added filter static_user_filter (class=org.apache.hadoop.http.lib.StaticUserWebFilter$StaticUserFilter) to context static
2023-05-18 02:47:04,089 [Listener at 127.0.0.1/15004] INFO  http.BaseHttpServer (BaseHttpServer.java:<init>(190)) - HTTP server of hddsDatanode uses base directory /home/runner/work/ozone/ozone/hadoop-ozone/integration-test/target/test-dir/MiniOzoneClusterImpl-522acec6-bbe2-4bbe-92e7-576262f261c3/datanode-4/meta/webserver
2023-05-18 02:47:04,090 [Listener at 127.0.0.1/15004] INFO  http.HttpServer2 (HttpServer2.java:bindListener(1250)) - Jetty bound to port 15041
2023-05-18 02:47:04,090 [Listener at 127.0.0.1/15004] INFO  server.Server (Server.java:doStart(375)) - jetty-9.4.51.v20230217; built: 2023-02-17T08:19:37.309Z; git: b45c405e4544384de066f814ed42ae3dceacdd49; jvm 1.8.0_362-b09
2023-05-18 02:47:04,093 [Listener at 127.0.0.1/15004] INFO  server.session (DefaultSessionIdManager.java:doStart(334)) - DefaultSessionIdManager workerName=node0
2023-05-18 02:47:04,093 [Listener at 127.0.0.1/15004] INFO  server.session (DefaultSessionIdManager.java:doStart(339)) - No SessionScavenger set, using defaults
2023-05-18 02:47:04,094 [Listener at 127.0.0.1/15004] INFO  server.session (HouseKeeper.java:startScavenging(132)) - node0 Scavenging every 600000ms
2023-05-18 02:47:04,094 [Listener at 127.0.0.1/15004] INFO  handler.ContextHandler (ContextHandler.java:doStart(921)) - Started o.e.j.s.ServletContextHandler@40d983b2{logs,/logs,file:///home/runner/work/ozone/ozone/hadoop-ozone/integration-test/target/log,AVAILABLE}
2023-05-18 02:47:04,095 [Listener at 127.0.0.1/15004] INFO  handler.ContextHandler (ContextHandler.java:doStart(921)) - Started o.e.j.s.ServletContextHandler@6d91855{static,/static,jar:file:/home/runner/.m2/repository/org/apache/ozone/hdds-container-service/1.4.0-SNAPSHOT/hdds-container-service-1.4.0-SNAPSHOT.jar!/webapps/static,AVAILABLE}
2023-05-18 02:47:04,287 [Listener at 127.0.0.1/15004] INFO  handler.ContextHandler (ContextHandler.java:doStart(921)) - Started o.e.j.w.WebAppContext@5dc77210{hddsDatanode,/,file:///home/runner/work/ozone/ozone/hadoop-ozone/integration-test/target/test-dir/MiniOzoneClusterImpl-522acec6-bbe2-4bbe-92e7-576262f261c3/datanode-4/meta/webserver/jetty-0_0_0_0-15041-hdds-container-service-1_4_0-SNAPSHOT_jar-_-any-8201928467254951075/webapp/,AVAILABLE}{jar:file:/home/runner/.m2/repository/org/apache/ozone/hdds-container-service/1.4.0-SNAPSHOT/hdds-container-service-1.4.0-SNAPSHOT.jar!/webapps/hddsDatanode}
2023-05-18 02:47:04,289 [Listener at 127.0.0.1/15004] INFO  server.AbstractConnector (AbstractConnector.java:doStart(333)) - Started ServerConnector@40d678d9{HTTP/1.1, (http/1.1)}{0.0.0.0:15041}
2023-05-18 02:47:04,289 [Listener at 127.0.0.1/15004] INFO  server.Server (Server.java:doStart(415)) - Started @10736ms
2023-05-18 02:47:04,289 [Listener at 127.0.0.1/15004] WARN  impl.MetricsSystemImpl (MetricsSystemImpl.java:register(279)) - Sink prometheus already exists!
2023-05-18 02:47:04,290 [Listener at 127.0.0.1/15004] INFO  http.BaseHttpServer (BaseHttpServer.java:updateConnectorAddress(344)) - HTTP server of hddsDatanode listening at http://0.0.0.0:15041
2023-05-18 02:47:04,293 [Listener at 127.0.0.1/15004] WARN  impl.MetricRegistriesImpl (MetricRegistriesImpl.java:addReporterRegistration(111)) - New reporters are added after registries were created. Some metrics will be missing from the reporter. Please add reporter before adding any new registry.
2023-05-18 02:47:04,293 [Listener at 127.0.0.1/15004] WARN  impl.MetricRegistriesImpl (MetricRegistriesImpl.java:addReporterRegistration(111)) - New reporters are added after registries were created. Some metrics will be missing from the reporter. Please add reporter before adding any new registry.
2023-05-18 02:47:04,294 [Listener at 127.0.0.1/15004] INFO  impl.MetricsSystemImpl (MetricsSystemImpl.java:init(158)) - HddsDatanode metrics system started (again)
2023-05-18 02:47:04,301 [Datanode State Machine Daemon Thread] INFO  statemachine.DatanodeStateMachine (DatanodeStateMachine.java:lambda$startDaemon$0(524)) - Ozone container server started.
2023-05-18 02:47:04,309 [org.apache.hadoop.util.JvmPauseMonitor$Monitor@e27ded3] INFO  util.JvmPauseMonitor (JvmPauseMonitor.java:run(188)) - Starting JVM pause monitor
2023-05-18 02:47:04,309 [Listener at 127.0.0.1/15004] INFO  ozone.HddsDatanodeService (HddsDatanodeService.java:start(252)) - HddsDatanodeService host:fv-az180-414.aibneqh1mxpuhl3tnnuy2ifbce.bx.internal.cloudapp.net ip:10.1.1.154
2023-05-18 02:47:04,313 [Datanode State Machine Task Thread - 0] INFO  datanode.InitDatanodeState (InitDatanodeState.java:persistContainerDatanodeDetails(138)) - DatanodeDetails is persisted to /home/runner/work/ozone/ozone/hadoop-ozone/integration-test/target/test-dir/MiniOzoneClusterImpl-522acec6-bbe2-4bbe-92e7-576262f261c3/datanode-4/meta/datanode.id
2023-05-18 02:47:04,332 [Listener at 127.0.0.1/15004] INFO  upgrade.AbstractLayoutVersionManager (AbstractLayoutVersionManager.java:init(83)) - Initializing Layout version manager with metadata layout = WEBUI_PORTS_IN_DATANODEDETAILS (version = 6), software layout = WEBUI_PORTS_IN_DATANODEDETAILS (version = 6)
2023-05-18 02:47:04,334 [Listener at 127.0.0.1/15004] INFO  statemachine.DatanodeStateMachine (DatanodeStateMachine.java:getEndPointTaskThreadPoolSize(267)) - Datanode State Machine Task Thread Pool size 2
2023-05-18 02:47:04,336 [Listener at 127.0.0.1/15004] INFO  volume.HddsVolume (HddsVolume.java:<init>(130)) - Creating HddsVolume: /home/runner/work/ozone/ozone/hadoop-ozone/integration-test/target/test-dir/MiniOzoneClusterImpl-522acec6-bbe2-4bbe-92e7-576262f261c3/datanode-5/data-0/containers/hdds of storage type : DISK capacity : 9223372036854775807
2023-05-18 02:47:04,336 [Listener at 127.0.0.1/15004] INFO  volume.MutableVolumeSet (MutableVolumeSet.java:initializeVolumeSet(175)) - Added Volume : /home/runner/work/ozone/ozone/hadoop-ozone/integration-test/target/test-dir/MiniOzoneClusterImpl-522acec6-bbe2-4bbe-92e7-576262f261c3/datanode-5/data-0/containers/hdds to VolumeSet
2023-05-18 02:47:04,336 [Listener at 127.0.0.1/15004] INFO  volume.ThrottledAsyncChecker (ThrottledAsyncChecker.java:schedule(141)) - Scheduling a check for /home/runner/work/ozone/ozone/hadoop-ozone/integration-test/target/test-dir/MiniOzoneClusterImpl-522acec6-bbe2-4bbe-92e7-576262f261c3/datanode-5/data-0/containers/hdds
2023-05-18 02:47:04,337 [Listener at 127.0.0.1/15004] INFO  volume.StorageVolumeChecker (StorageVolumeChecker.java:checkAllVolumes(202)) - Scheduled health check for volume /home/runner/work/ozone/ozone/hadoop-ozone/integration-test/target/test-dir/MiniOzoneClusterImpl-522acec6-bbe2-4bbe-92e7-576262f261c3/datanode-5/data-0/containers/hdds
2023-05-18 02:47:04,348 [Listener at 127.0.0.1/15004] INFO  volume.MutableVolumeSet (MutableVolumeSet.java:initializeVolumeSet(175)) - Added Volume : /home/runner/work/ozone/ozone/hadoop-ozone/integration-test/target/test-dir/MiniOzoneClusterImpl-522acec6-bbe2-4bbe-92e7-576262f261c3/datanode-5/data/ratis to VolumeSet
2023-05-18 02:47:04,349 [Listener at 127.0.0.1/15004] INFO  volume.ThrottledAsyncChecker (ThrottledAsyncChecker.java:schedule(141)) - Scheduling a check for /home/runner/work/ozone/ozone/hadoop-ozone/integration-test/target/test-dir/MiniOzoneClusterImpl-522acec6-bbe2-4bbe-92e7-576262f261c3/datanode-5/data/ratis
2023-05-18 02:47:04,349 [Listener at 127.0.0.1/15004] INFO  volume.StorageVolumeChecker (StorageVolumeChecker.java:checkAllVolumes(202)) - Scheduled health check for volume /home/runner/work/ozone/ozone/hadoop-ozone/integration-test/target/test-dir/MiniOzoneClusterImpl-522acec6-bbe2-4bbe-92e7-576262f261c3/datanode-5/data/ratis
2023-05-18 02:47:04,360 [Thread-212] INFO  ozoneimpl.ContainerReader (ContainerReader.java:readVolume(175)) - Finish verifying containers on volume /home/runner/work/ozone/ozone/hadoop-ozone/integration-test/target/test-dir/MiniOzoneClusterImpl-522acec6-bbe2-4bbe-92e7-576262f261c3/datanode-5/data-0/containers/hdds
2023-05-18 02:47:04,360 [Listener at 127.0.0.1/15004] INFO  ozoneimpl.OzoneContainer (OzoneContainer.java:buildContainerSet(303)) - Build ContainerSet costs 0s
2023-05-18 02:47:04,363 [Listener at 127.0.0.1/15004] INFO  server.RaftServer (ConfUtils.java:logGet(46)) - raft.rpc.type = GRPC (default)
2023-05-18 02:47:04,364 [Listener at 127.0.0.1/15004] INFO  grpc.GrpcConfigKeys (ConfUtils.java:logFallback(53)) - raft.grpc.admin.host = null (fallback to raft.grpc.server.host)
2023-05-18 02:47:04,364 [Listener at 127.0.0.1/15004] INFO  grpc.GrpcConfigKeys (ConfUtils.java:logGet(46)) - raft.grpc.admin.port = 15052 (custom)
2023-05-18 02:47:04,364 [Listener at 127.0.0.1/15004] INFO  grpc.GrpcConfigKeys (ConfUtils.java:logFallback(53)) - raft.grpc.client.host = null (fallback to raft.grpc.server.host)
2023-05-18 02:47:04,364 [Listener at 127.0.0.1/15004] INFO  grpc.GrpcConfigKeys (ConfUtils.java:logGet(46)) - raft.grpc.client.port = 15051 (custom)
2023-05-18 02:47:04,364 [Listener at 127.0.0.1/15004] INFO  grpc.GrpcConfigKeys (ConfUtils.java:logGet(46)) - raft.grpc.server.host = null (default)
2023-05-18 02:47:04,364 [Listener at 127.0.0.1/15004] INFO  grpc.GrpcConfigKeys (ConfUtils.java:logGet(46)) - raft.grpc.server.port = 15053 (custom)
2023-05-18 02:47:04,364 [Listener at 127.0.0.1/15004] INFO  server.GrpcService (ConfUtils.java:logGet(46)) - raft.grpc.message.size.max = 32MB (=33554432) (custom)
2023-05-18 02:47:04,364 [Listener at 127.0.0.1/15004] INFO  server.RaftServerConfigKeys (ConfUtils.java:logGet(46)) - raft.server.log.appender.buffer.byte-limit = 33554432 (custom)
2023-05-18 02:47:04,365 [Listener at 127.0.0.1/15004] INFO  server.GrpcService (ConfUtils.java:logGet(46)) - raft.grpc.flow.control.window = 5MB (=5242880) (custom)
2023-05-18 02:47:04,365 [Listener at 127.0.0.1/15004] INFO  server.RaftServerConfigKeys (ConfUtils.java:logGet(46)) - raft.server.rpc.request.timeout = 60s (custom)
2023-05-18 02:47:04,365 [Listener at 127.0.0.1/15004] INFO  grpc.GrpcConfigKeys (ConfUtils.java:logGet(46)) - raft.grpc.server.heartbeat.channel = true (default)
2023-05-18 02:47:04,365 [Listener at 127.0.0.1/15004] INFO  grpc.GrpcConfigKeys (ConfUtils.java:logGet(46)) - raft.grpc.server.async.request.thread.pool.cached = true (default)
2023-05-18 02:47:04,365 [Listener at 127.0.0.1/15004] INFO  grpc.GrpcConfigKeys (ConfUtils.java:logGet(46)) - raft.grpc.server.async.request.thread.pool.size = 32 (default)
2023-05-18 02:47:04,368 [Listener at 127.0.0.1/15004] INFO  impl.DataStreamServerImpl (ConfUtils.java:logGet(46)) - raft.datastream.type = NETTY (custom)
2023-05-18 02:47:04,368 [Listener at 127.0.0.1/15004] INFO  server.RaftServerConfigKeys (ConfUtils.java:logGet(46)) - raft.server.data-stream.async.request.thread.pool.cached = false (default)
2023-05-18 02:47:04,368 [Listener at 127.0.0.1/15004] INFO  server.RaftServerConfigKeys (ConfUtils.java:logGet(46)) - raft.server.data-stream.async.request.thread.pool.size = 20 (custom)
2023-05-18 02:47:04,368 [Listener at 127.0.0.1/15004] INFO  server.RaftServerConfigKeys (ConfUtils.java:logGet(46)) - raft.server.data-stream.async.write.thread.pool.size = 16 (default)
2023-05-18 02:47:04,368 [Listener at 127.0.0.1/15004] INFO  server.RaftServerConfigKeys (ConfUtils.java:logGet(46)) - raft.server.data-stream.client.pool.size = 10 (default)
2023-05-18 02:47:04,369 [Listener at 127.0.0.1/15004] INFO  netty.NettyConfigKeys$DataStream (ConfUtils.java:logGet(46)) - raft.netty.dataStream.server.use-epoll = false (default)
2023-05-18 02:47:04,370 [Listener at 127.0.0.1/15004] INFO  netty.NettyConfigKeys$DataStream (ConfUtils.java:logGet(46)) - raft.netty.dataStream.server.boss-group.size = 0 (default)
2023-05-18 02:47:04,371 [Listener at 127.0.0.1/15004] INFO  netty.NettyConfigKeys$DataStream (ConfUtils.java:logGet(46)) - raft.netty.dataStream.server.worker-group.size = 0 (default)
2023-05-18 02:47:04,371 [Listener at 127.0.0.1/15004] INFO  netty.NettyConfigKeys$DataStream (ConfUtils.java:logGet(46)) - raft.netty.dataStream.server.tls.conf = null (default)
2023-05-18 02:47:04,371 [Listener at 127.0.0.1/15004] INFO  netty.NettyConfigKeys$DataStream (ConfUtils.java:logGet(46)) - raft.netty.dataStream.host = null (default)
2023-05-18 02:47:04,371 [Listener at 127.0.0.1/15004] INFO  netty.NettyConfigKeys$DataStream (ConfUtils.java:logGet(46)) - raft.netty.dataStream.port = 15054 (custom)
2023-05-18 02:47:04,372 [Listener at 127.0.0.1/15004] INFO  server.RaftServerConfigKeys (ConfUtils.java:logGet(46)) - raft.server.threadpool.proxy.cached = true (default)
2023-05-18 02:47:04,372 [Listener at 127.0.0.1/15004] INFO  server.RaftServerConfigKeys (ConfUtils.java:logGet(46)) - raft.server.threadpool.proxy.size = 0 (default)
2023-05-18 02:47:04,372 [Listener at 127.0.0.1/15004] INFO  server.RaftServerConfigKeys (ConfUtils.java:logGet(46)) - raft.server.rpc.slowness.timeout = 300s (custom)
2023-05-18 02:47:04,372 [Listener at 127.0.0.1/15004] INFO  server.RaftServerConfigKeys (ConfUtils.java:logGet(46)) - raft.server.leaderelection.leader.step-down.wait-time = 10s (default)
2023-05-18 02:47:04,373 [Listener at 127.0.0.1/15004] INFO  server.RaftServerConfigKeys (ConfUtils.java:logGet(46)) - raft.server.storage.dir = [/home/runner/work/ozone/ozone/hadoop-ozone/integration-test/target/test-dir/MiniOzoneClusterImpl-522acec6-bbe2-4bbe-92e7-576262f261c3/datanode-5/data/ratis] (custom)
2023-05-18 02:47:04,378 [dd0a355a-d343-4342-9afa-2dfa8fc9aea1-NettyServerStreamRpc-bossGroup--thread1] INFO  logging.LoggingHandler (AbstractInternalLogger.java:log(148)) - [id: 0x168f7ea6] REGISTERED
2023-05-18 02:47:04,379 [Listener at 127.0.0.1/15004] INFO  server.XceiverServerGrpc (XceiverServerGrpc.java:<init>(132)) - GrpcServer channel type EpollServerSocketChannel
2023-05-18 02:47:04,379 [dd0a355a-d343-4342-9afa-2dfa8fc9aea1-NettyServerStreamRpc-bossGroup--thread1] INFO  logging.LoggingHandler (AbstractInternalLogger.java:log(148)) - [id: 0x168f7ea6] BIND: 0.0.0.0/0.0.0.0:15054
2023-05-18 02:47:04,380 [dd0a355a-d343-4342-9afa-2dfa8fc9aea1-NettyServerStreamRpc-bossGroup--thread1] INFO  logging.LoggingHandler (AbstractInternalLogger.java:log(148)) - [id: 0x168f7ea6, L:/0:0:0:0:0:0:0:0:15054] ACTIVE
2023-05-18 02:47:04,381 [Listener at 127.0.0.1/15004] INFO  replication.ReplicationSupervisor (ReplicationSupervisor.java:nodeStateUpdated(296)) - Node state updated to IN_SERVICE, scaling executor pool size to 10
2023-05-18 02:47:04,382 [Listener at 127.0.0.1/15004] INFO  token.OzoneBlockTokenSecretManager (OzoneSecretManager.java:updateCurrentKey(175)) - Updating current master key for generating tokens. Cert id 1339200402336
2023-05-18 02:47:04,382 [Listener at 127.0.0.1/15004] INFO  token.ContainerTokenSecretManager (OzoneSecretManager.java:updateCurrentKey(175)) - Updating current master key for generating tokens. Cert id 1339200402336
2023-05-18 02:47:04,383 [Listener at 127.0.0.1/15004] INFO  http.BaseHttpServer (BaseHttpServer.java:newHttpServer2BuilderForOzone(224)) - Starting Web-server for hddsDatanode at: http://0.0.0.0:15049
2023-05-18 02:47:04,384 [Listener at 127.0.0.1/15004] INFO  http.BaseHttpServer (BaseHttpServer.java:<init>(111)) - Hadoop Security Enabled: false Ozone Security Enabled: false Ozone HTTP Security Enabled: false 
2023-05-18 02:47:04,385 [Listener at 127.0.0.1/15004] WARN  server.AuthenticationFilter (AuthenticationFilter.java:constructSecretProvider(240)) - Unable to initialize FileSignerSecretProvider, falling back to use random secrets. Reason: Could not read signature secret file: /home/runner/hadoop-http-auth-signature-secret
2023-05-18 02:47:04,387 [Listener at 127.0.0.1/15004] INFO  http.HttpRequestLog (HttpRequestLog.java:getRequestLog(86)) - Http request log for http.requests.hddsDatanode is not defined
2023-05-18 02:47:04,389 [Listener at 127.0.0.1/15004] INFO  http.HttpServer2 (HttpServer2.java:addGlobalFilter(1031)) - Added global filter 'safety' (class=org.apache.hadoop.hdds.server.http.HttpServer2$QuotingInputFilter)
2023-05-18 02:47:04,390 [Listener at 127.0.0.1/15004] INFO  http.HttpServer2 (HttpServer2.java:addFilter(1007)) - Added filter static_user_filter (class=org.apache.hadoop.http.lib.StaticUserWebFilter$StaticUserFilter) to context hddsDatanode
2023-05-18 02:47:04,390 [Listener at 127.0.0.1/15004] INFO  http.HttpServer2 (HttpServer2.java:addFilter(1015)) - Added filter static_user_filter (class=org.apache.hadoop.http.lib.StaticUserWebFilter$StaticUserFilter) to context static
2023-05-18 02:47:04,390 [Listener at 127.0.0.1/15004] INFO  http.HttpServer2 (HttpServer2.java:addFilter(1015)) - Added filter static_user_filter (class=org.apache.hadoop.http.lib.StaticUserWebFilter$StaticUserFilter) to context logs
2023-05-18 02:47:04,391 [Listener at 127.0.0.1/15004] INFO  http.BaseHttpServer (BaseHttpServer.java:<init>(190)) - HTTP server of hddsDatanode uses base directory /home/runner/work/ozone/ozone/hadoop-ozone/integration-test/target/test-dir/MiniOzoneClusterImpl-522acec6-bbe2-4bbe-92e7-576262f261c3/datanode-5/meta/webserver
2023-05-18 02:47:04,392 [Listener at 127.0.0.1/15004] INFO  http.HttpServer2 (HttpServer2.java:bindListener(1250)) - Jetty bound to port 15049
2023-05-18 02:47:04,392 [Listener at 127.0.0.1/15004] INFO  server.Server (Server.java:doStart(375)) - jetty-9.4.51.v20230217; built: 2023-02-17T08:19:37.309Z; git: b45c405e4544384de066f814ed42ae3dceacdd49; jvm 1.8.0_362-b09
2023-05-18 02:47:04,393 [Listener at 127.0.0.1/15004] INFO  server.session (DefaultSessionIdManager.java:doStart(334)) - DefaultSessionIdManager workerName=node0
2023-05-18 02:47:04,393 [Listener at 127.0.0.1/15004] INFO  server.session (DefaultSessionIdManager.java:doStart(339)) - No SessionScavenger set, using defaults
2023-05-18 02:47:04,393 [Listener at 127.0.0.1/15004] INFO  server.session (HouseKeeper.java:startScavenging(132)) - node0 Scavenging every 600000ms
2023-05-18 02:47:04,396 [Listener at 127.0.0.1/15004] INFO  handler.ContextHandler (ContextHandler.java:doStart(921)) - Started o.e.j.s.ServletContextHandler@7d793aa0{logs,/logs,file:///home/runner/work/ozone/ozone/hadoop-ozone/integration-test/target/log,AVAILABLE}
2023-05-18 02:47:04,397 [Listener at 127.0.0.1/15004] INFO  handler.ContextHandler (ContextHandler.java:doStart(921)) - Started o.e.j.s.ServletContextHandler@1888381d{static,/static,jar:file:/home/runner/.m2/repository/org/apache/ozone/hdds-container-service/1.4.0-SNAPSHOT/hdds-container-service-1.4.0-SNAPSHOT.jar!/webapps/static,AVAILABLE}
2023-05-18 02:47:04,589 [Listener at 127.0.0.1/15004] INFO  handler.ContextHandler (ContextHandler.java:doStart(921)) - Started o.e.j.w.WebAppContext@5938eb23{hddsDatanode,/,file:///home/runner/work/ozone/ozone/hadoop-ozone/integration-test/target/test-dir/MiniOzoneClusterImpl-522acec6-bbe2-4bbe-92e7-576262f261c3/datanode-5/meta/webserver/jetty-0_0_0_0-15049-hdds-container-service-1_4_0-SNAPSHOT_jar-_-any-473059164130624820/webapp/,AVAILABLE}{jar:file:/home/runner/.m2/repository/org/apache/ozone/hdds-container-service/1.4.0-SNAPSHOT/hdds-container-service-1.4.0-SNAPSHOT.jar!/webapps/hddsDatanode}
2023-05-18 02:47:04,590 [Listener at 127.0.0.1/15004] INFO  server.AbstractConnector (AbstractConnector.java:doStart(333)) - Started ServerConnector@1d071d30{HTTP/1.1, (http/1.1)}{0.0.0.0:15049}
2023-05-18 02:47:04,590 [Listener at 127.0.0.1/15004] INFO  server.Server (Server.java:doStart(415)) - Started @11037ms
2023-05-18 02:47:04,591 [Listener at 127.0.0.1/15004] WARN  impl.MetricsSystemImpl (MetricsSystemImpl.java:register(279)) - Sink prometheus already exists!
2023-05-18 02:47:04,591 [Listener at 127.0.0.1/15004] INFO  http.BaseHttpServer (BaseHttpServer.java:updateConnectorAddress(344)) - HTTP server of hddsDatanode listening at http://0.0.0.0:15049
2023-05-18 02:47:04,593 [Listener at 127.0.0.1/15004] WARN  impl.MetricRegistriesImpl (MetricRegistriesImpl.java:addReporterRegistration(111)) - New reporters are added after registries were created. Some metrics will be missing from the reporter. Please add reporter before adding any new registry.
2023-05-18 02:47:04,593 [Listener at 127.0.0.1/15004] WARN  impl.MetricRegistriesImpl (MetricRegistriesImpl.java:addReporterRegistration(111)) - New reporters are added after registries were created. Some metrics will be missing from the reporter. Please add reporter before adding any new registry.
2023-05-18 02:47:04,593 [Datanode State Machine Daemon Thread] INFO  statemachine.DatanodeStateMachine (DatanodeStateMachine.java:lambda$startDaemon$0(524)) - Ozone container server started.
2023-05-18 02:47:04,594 [Listener at 127.0.0.1/15004] INFO  impl.MetricsSystemImpl (MetricsSystemImpl.java:init(158)) - HddsDatanode metrics system started (again)
2023-05-18 02:47:04,606 [Listener at 127.0.0.1/15004] INFO  ozone.HddsDatanodeService (HddsDatanodeService.java:start(252)) - HddsDatanodeService host:fv-az180-414.aibneqh1mxpuhl3tnnuy2ifbce.bx.internal.cloudapp.net ip:10.1.1.154
2023-05-18 02:47:04,611 [org.apache.hadoop.util.JvmPauseMonitor$Monitor@6906f894] INFO  util.JvmPauseMonitor (JvmPauseMonitor.java:run(188)) - Starting JVM pause monitor
2023-05-18 02:47:04,615 [Datanode State Machine Task Thread - 0] INFO  datanode.InitDatanodeState (InitDatanodeState.java:persistContainerDatanodeDetails(138)) - DatanodeDetails is persisted to /home/runner/work/ozone/ozone/hadoop-ozone/integration-test/target/test-dir/MiniOzoneClusterImpl-522acec6-bbe2-4bbe-92e7-576262f261c3/datanode-5/meta/datanode.id
2023-05-18 02:47:04,627 [Listener at 127.0.0.1/15004] INFO  upgrade.AbstractLayoutVersionManager (AbstractLayoutVersionManager.java:init(83)) - Initializing Layout version manager with metadata layout = WEBUI_PORTS_IN_DATANODEDETAILS (version = 6), software layout = WEBUI_PORTS_IN_DATANODEDETAILS (version = 6)
2023-05-18 02:47:04,627 [Listener at 127.0.0.1/15004] INFO  statemachine.DatanodeStateMachine (DatanodeStateMachine.java:getEndPointTaskThreadPoolSize(267)) - Datanode State Machine Task Thread Pool size 2
2023-05-18 02:47:04,629 [Listener at 127.0.0.1/15004] INFO  volume.HddsVolume (HddsVolume.java:<init>(130)) - Creating HddsVolume: /home/runner/work/ozone/ozone/hadoop-ozone/integration-test/target/test-dir/MiniOzoneClusterImpl-522acec6-bbe2-4bbe-92e7-576262f261c3/datanode-6/data-0/containers/hdds of storage type : DISK capacity : 9223372036854775807
2023-05-18 02:47:04,629 [Listener at 127.0.0.1/15004] INFO  volume.MutableVolumeSet (MutableVolumeSet.java:initializeVolumeSet(175)) - Added Volume : /home/runner/work/ozone/ozone/hadoop-ozone/integration-test/target/test-dir/MiniOzoneClusterImpl-522acec6-bbe2-4bbe-92e7-576262f261c3/datanode-6/data-0/containers/hdds to VolumeSet
2023-05-18 02:47:04,630 [Listener at 127.0.0.1/15004] INFO  volume.ThrottledAsyncChecker (ThrottledAsyncChecker.java:schedule(141)) - Scheduling a check for /home/runner/work/ozone/ozone/hadoop-ozone/integration-test/target/test-dir/MiniOzoneClusterImpl-522acec6-bbe2-4bbe-92e7-576262f261c3/datanode-6/data-0/containers/hdds
2023-05-18 02:47:04,631 [Listener at 127.0.0.1/15004] INFO  volume.StorageVolumeChecker (StorageVolumeChecker.java:checkAllVolumes(202)) - Scheduled health check for volume /home/runner/work/ozone/ozone/hadoop-ozone/integration-test/target/test-dir/MiniOzoneClusterImpl-522acec6-bbe2-4bbe-92e7-576262f261c3/datanode-6/data-0/containers/hdds
2023-05-18 02:47:04,642 [Listener at 127.0.0.1/15004] INFO  volume.MutableVolumeSet (MutableVolumeSet.java:initializeVolumeSet(175)) - Added Volume : /home/runner/work/ozone/ozone/hadoop-ozone/integration-test/target/test-dir/MiniOzoneClusterImpl-522acec6-bbe2-4bbe-92e7-576262f261c3/datanode-6/data/ratis to VolumeSet
2023-05-18 02:47:04,643 [Listener at 127.0.0.1/15004] INFO  volume.ThrottledAsyncChecker (ThrottledAsyncChecker.java:schedule(141)) - Scheduling a check for /home/runner/work/ozone/ozone/hadoop-ozone/integration-test/target/test-dir/MiniOzoneClusterImpl-522acec6-bbe2-4bbe-92e7-576262f261c3/datanode-6/data/ratis
2023-05-18 02:47:04,643 [Listener at 127.0.0.1/15004] INFO  volume.StorageVolumeChecker (StorageVolumeChecker.java:checkAllVolumes(202)) - Scheduled health check for volume /home/runner/work/ozone/ozone/hadoop-ozone/integration-test/target/test-dir/MiniOzoneClusterImpl-522acec6-bbe2-4bbe-92e7-576262f261c3/datanode-6/data/ratis
2023-05-18 02:47:04,653 [Thread-226] INFO  ozoneimpl.ContainerReader (ContainerReader.java:readVolume(175)) - Finish verifying containers on volume /home/runner/work/ozone/ozone/hadoop-ozone/integration-test/target/test-dir/MiniOzoneClusterImpl-522acec6-bbe2-4bbe-92e7-576262f261c3/datanode-6/data-0/containers/hdds
2023-05-18 02:47:04,653 [Listener at 127.0.0.1/15004] INFO  ozoneimpl.OzoneContainer (OzoneContainer.java:buildContainerSet(303)) - Build ContainerSet costs 0s
2023-05-18 02:47:04,661 [Listener at 127.0.0.1/15004] INFO  server.RaftServer (ConfUtils.java:logGet(46)) - raft.rpc.type = GRPC (default)
2023-05-18 02:47:04,661 [Listener at 127.0.0.1/15004] INFO  grpc.GrpcConfigKeys (ConfUtils.java:logFallback(53)) - raft.grpc.admin.host = null (fallback to raft.grpc.server.host)
2023-05-18 02:47:04,661 [Listener at 127.0.0.1/15004] INFO  grpc.GrpcConfigKeys (ConfUtils.java:logGet(46)) - raft.grpc.admin.port = 15060 (custom)
2023-05-18 02:47:04,661 [Listener at 127.0.0.1/15004] INFO  grpc.GrpcConfigKeys (ConfUtils.java:logFallback(53)) - raft.grpc.client.host = null (fallback to raft.grpc.server.host)
2023-05-18 02:47:04,662 [Listener at 127.0.0.1/15004] INFO  grpc.GrpcConfigKeys (ConfUtils.java:logGet(46)) - raft.grpc.client.port = 15059 (custom)
2023-05-18 02:47:04,662 [Listener at 127.0.0.1/15004] INFO  grpc.GrpcConfigKeys (ConfUtils.java:logGet(46)) - raft.grpc.server.host = null (default)
2023-05-18 02:47:04,662 [Listener at 127.0.0.1/15004] INFO  grpc.GrpcConfigKeys (ConfUtils.java:logGet(46)) - raft.grpc.server.port = 15061 (custom)
2023-05-18 02:47:04,662 [Listener at 127.0.0.1/15004] INFO  server.GrpcService (ConfUtils.java:logGet(46)) - raft.grpc.message.size.max = 32MB (=33554432) (custom)
2023-05-18 02:47:04,662 [Listener at 127.0.0.1/15004] INFO  server.RaftServerConfigKeys (ConfUtils.java:logGet(46)) - raft.server.log.appender.buffer.byte-limit = 33554432 (custom)
2023-05-18 02:47:04,662 [Listener at 127.0.0.1/15004] INFO  server.GrpcService (ConfUtils.java:logGet(46)) - raft.grpc.flow.control.window = 5MB (=5242880) (custom)
2023-05-18 02:47:04,662 [Listener at 127.0.0.1/15004] INFO  server.RaftServerConfigKeys (ConfUtils.java:logGet(46)) - raft.server.rpc.request.timeout = 60s (custom)
2023-05-18 02:47:04,662 [Listener at 127.0.0.1/15004] INFO  grpc.GrpcConfigKeys (ConfUtils.java:logGet(46)) - raft.grpc.server.heartbeat.channel = true (default)
2023-05-18 02:47:04,663 [Listener at 127.0.0.1/15004] INFO  grpc.GrpcConfigKeys (ConfUtils.java:logGet(46)) - raft.grpc.server.async.request.thread.pool.cached = true (default)
2023-05-18 02:47:04,663 [Listener at 127.0.0.1/15004] INFO  grpc.GrpcConfigKeys (ConfUtils.java:logGet(46)) - raft.grpc.server.async.request.thread.pool.size = 32 (default)
2023-05-18 02:47:04,666 [Listener at 127.0.0.1/15004] INFO  impl.DataStreamServerImpl (ConfUtils.java:logGet(46)) - raft.datastream.type = NETTY (custom)
2023-05-18 02:47:04,668 [Listener at 127.0.0.1/15004] INFO  server.RaftServerConfigKeys (ConfUtils.java:logGet(46)) - raft.server.data-stream.async.request.thread.pool.cached = false (default)
2023-05-18 02:47:04,668 [Listener at 127.0.0.1/15004] INFO  server.RaftServerConfigKeys (ConfUtils.java:logGet(46)) - raft.server.data-stream.async.request.thread.pool.size = 20 (custom)
2023-05-18 02:47:04,668 [Listener at 127.0.0.1/15004] INFO  server.RaftServerConfigKeys (ConfUtils.java:logGet(46)) - raft.server.data-stream.async.write.thread.pool.size = 16 (default)
2023-05-18 02:47:04,668 [Listener at 127.0.0.1/15004] INFO  server.RaftServerConfigKeys (ConfUtils.java:logGet(46)) - raft.server.data-stream.client.pool.size = 10 (default)
2023-05-18 02:47:04,668 [Listener at 127.0.0.1/15004] INFO  netty.NettyConfigKeys$DataStream (ConfUtils.java:logGet(46)) - raft.netty.dataStream.server.use-epoll = false (default)
2023-05-18 02:47:04,668 [Listener at 127.0.0.1/15004] INFO  netty.NettyConfigKeys$DataStream (ConfUtils.java:logGet(46)) - raft.netty.dataStream.server.boss-group.size = 0 (default)
2023-05-18 02:47:04,669 [Listener at 127.0.0.1/15004] INFO  netty.NettyConfigKeys$DataStream (ConfUtils.java:logGet(46)) - raft.netty.dataStream.server.worker-group.size = 0 (default)
2023-05-18 02:47:04,669 [Listener at 127.0.0.1/15004] INFO  netty.NettyConfigKeys$DataStream (ConfUtils.java:logGet(46)) - raft.netty.dataStream.server.tls.conf = null (default)
2023-05-18 02:47:04,669 [Listener at 127.0.0.1/15004] INFO  netty.NettyConfigKeys$DataStream (ConfUtils.java:logGet(46)) - raft.netty.dataStream.host = null (default)
2023-05-18 02:47:04,669 [Listener at 127.0.0.1/15004] INFO  netty.NettyConfigKeys$DataStream (ConfUtils.java:logGet(46)) - raft.netty.dataStream.port = 15062 (custom)
2023-05-18 02:47:04,670 [Listener at 127.0.0.1/15004] INFO  server.RaftServerConfigKeys (ConfUtils.java:logGet(46)) - raft.server.threadpool.proxy.cached = true (default)
2023-05-18 02:47:04,670 [Listener at 127.0.0.1/15004] INFO  server.RaftServerConfigKeys (ConfUtils.java:logGet(46)) - raft.server.threadpool.proxy.size = 0 (default)
2023-05-18 02:47:04,670 [Listener at 127.0.0.1/15004] INFO  server.RaftServerConfigKeys (ConfUtils.java:logGet(46)) - raft.server.rpc.slowness.timeout = 300s (custom)
2023-05-18 02:47:04,670 [Listener at 127.0.0.1/15004] INFO  server.RaftServerConfigKeys (ConfUtils.java:logGet(46)) - raft.server.leaderelection.leader.step-down.wait-time = 10s (default)
2023-05-18 02:47:04,671 [Listener at 127.0.0.1/15004] INFO  server.RaftServerConfigKeys (ConfUtils.java:logGet(46)) - raft.server.storage.dir = [/home/runner/work/ozone/ozone/hadoop-ozone/integration-test/target/test-dir/MiniOzoneClusterImpl-522acec6-bbe2-4bbe-92e7-576262f261c3/datanode-6/data/ratis] (custom)
2023-05-18 02:47:04,673 [5433f90b-26c2-4398-8df5-88afed94a773-NettyServerStreamRpc-bossGroup--thread1] INFO  logging.LoggingHandler (AbstractInternalLogger.java:log(148)) - [id: 0x417df352] REGISTERED
2023-05-18 02:47:04,674 [Listener at 127.0.0.1/15004] INFO  server.XceiverServerGrpc (XceiverServerGrpc.java:<init>(132)) - GrpcServer channel type EpollServerSocketChannel
2023-05-18 02:47:04,677 [Listener at 127.0.0.1/15004] INFO  replication.ReplicationSupervisor (ReplicationSupervisor.java:nodeStateUpdated(296)) - Node state updated to IN_SERVICE, scaling executor pool size to 10
2023-05-18 02:47:04,678 [Listener at 127.0.0.1/15004] INFO  token.OzoneBlockTokenSecretManager (OzoneSecretManager.java:updateCurrentKey(175)) - Updating current master key for generating tokens. Cert id 1339200402336
2023-05-18 02:47:04,679 [Listener at 127.0.0.1/15004] INFO  token.ContainerTokenSecretManager (OzoneSecretManager.java:updateCurrentKey(175)) - Updating current master key for generating tokens. Cert id 1339200402336
2023-05-18 02:47:04,680 [Listener at 127.0.0.1/15004] INFO  http.BaseHttpServer (BaseHttpServer.java:newHttpServer2BuilderForOzone(224)) - Starting Web-server for hddsDatanode at: http://0.0.0.0:15057
2023-05-18 02:47:04,680 [Listener at 127.0.0.1/15004] INFO  http.BaseHttpServer (BaseHttpServer.java:<init>(111)) - Hadoop Security Enabled: false Ozone Security Enabled: false Ozone HTTP Security Enabled: false 
2023-05-18 02:47:04,680 [5433f90b-26c2-4398-8df5-88afed94a773-NettyServerStreamRpc-bossGroup--thread1] INFO  logging.LoggingHandler (AbstractInternalLogger.java:log(148)) - [id: 0x417df352] BIND: 0.0.0.0/0.0.0.0:15062
2023-05-18 02:47:04,681 [Listener at 127.0.0.1/15004] WARN  server.AuthenticationFilter (AuthenticationFilter.java:constructSecretProvider(240)) - Unable to initialize FileSignerSecretProvider, falling back to use random secrets. Reason: Could not read signature secret file: /home/runner/hadoop-http-auth-signature-secret
2023-05-18 02:47:04,682 [5433f90b-26c2-4398-8df5-88afed94a773-NettyServerStreamRpc-bossGroup--thread1] INFO  logging.LoggingHandler (AbstractInternalLogger.java:log(148)) - [id: 0x417df352, L:/0:0:0:0:0:0:0:0:15062] ACTIVE
2023-05-18 02:47:04,685 [Listener at 127.0.0.1/15004] INFO  http.HttpRequestLog (HttpRequestLog.java:getRequestLog(86)) - Http request log for http.requests.hddsDatanode is not defined
2023-05-18 02:47:04,687 [Listener at 127.0.0.1/15004] INFO  http.HttpServer2 (HttpServer2.java:addGlobalFilter(1031)) - Added global filter 'safety' (class=org.apache.hadoop.hdds.server.http.HttpServer2$QuotingInputFilter)
2023-05-18 02:47:04,688 [Listener at 127.0.0.1/15004] INFO  http.HttpServer2 (HttpServer2.java:addFilter(1007)) - Added filter static_user_filter (class=org.apache.hadoop.http.lib.StaticUserWebFilter$StaticUserFilter) to context hddsDatanode
2023-05-18 02:47:04,688 [Listener at 127.0.0.1/15004] INFO  http.HttpServer2 (HttpServer2.java:addFilter(1015)) - Added filter static_user_filter (class=org.apache.hadoop.http.lib.StaticUserWebFilter$StaticUserFilter) to context static
2023-05-18 02:47:04,688 [Listener at 127.0.0.1/15004] INFO  http.HttpServer2 (HttpServer2.java:addFilter(1015)) - Added filter static_user_filter (class=org.apache.hadoop.http.lib.StaticUserWebFilter$StaticUserFilter) to context logs
2023-05-18 02:47:04,688 [Listener at 127.0.0.1/15004] INFO  http.BaseHttpServer (BaseHttpServer.java:<init>(190)) - HTTP server of hddsDatanode uses base directory /home/runner/work/ozone/ozone/hadoop-ozone/integration-test/target/test-dir/MiniOzoneClusterImpl-522acec6-bbe2-4bbe-92e7-576262f261c3/datanode-6/meta/webserver
2023-05-18 02:47:04,689 [Listener at 127.0.0.1/15004] INFO  http.HttpServer2 (HttpServer2.java:bindListener(1250)) - Jetty bound to port 15057
2023-05-18 02:47:04,689 [Listener at 127.0.0.1/15004] INFO  server.Server (Server.java:doStart(375)) - jetty-9.4.51.v20230217; built: 2023-02-17T08:19:37.309Z; git: b45c405e4544384de066f814ed42ae3dceacdd49; jvm 1.8.0_362-b09
2023-05-18 02:47:04,691 [Listener at 127.0.0.1/15004] INFO  server.session (DefaultSessionIdManager.java:doStart(334)) - DefaultSessionIdManager workerName=node0
2023-05-18 02:47:04,691 [Listener at 127.0.0.1/15004] INFO  server.session (DefaultSessionIdManager.java:doStart(339)) - No SessionScavenger set, using defaults
2023-05-18 02:47:04,691 [Listener at 127.0.0.1/15004] INFO  server.session (HouseKeeper.java:startScavenging(132)) - node0 Scavenging every 600000ms
2023-05-18 02:47:04,692 [Listener at 127.0.0.1/15004] INFO  handler.ContextHandler (ContextHandler.java:doStart(921)) - Started o.e.j.s.ServletContextHandler@7c0c86ca{logs,/logs,file:///home/runner/work/ozone/ozone/hadoop-ozone/integration-test/target/log,AVAILABLE}
2023-05-18 02:47:04,692 [Listener at 127.0.0.1/15004] INFO  handler.ContextHandler (ContextHandler.java:doStart(921)) - Started o.e.j.s.ServletContextHandler@c1ee50{static,/static,jar:file:/home/runner/.m2/repository/org/apache/ozone/hdds-container-service/1.4.0-SNAPSHOT/hdds-container-service-1.4.0-SNAPSHOT.jar!/webapps/static,AVAILABLE}
2023-05-18 02:47:04,889 [Listener at 127.0.0.1/15004] INFO  handler.ContextHandler (ContextHandler.java:doStart(921)) - Started o.e.j.w.WebAppContext@5bf3e120{hddsDatanode,/,file:///home/runner/work/ozone/ozone/hadoop-ozone/integration-test/target/test-dir/MiniOzoneClusterImpl-522acec6-bbe2-4bbe-92e7-576262f261c3/datanode-6/meta/webserver/jetty-0_0_0_0-15057-hdds-container-service-1_4_0-SNAPSHOT_jar-_-any-1927196901829564771/webapp/,AVAILABLE}{jar:file:/home/runner/.m2/repository/org/apache/ozone/hdds-container-service/1.4.0-SNAPSHOT/hdds-container-service-1.4.0-SNAPSHOT.jar!/webapps/hddsDatanode}
2023-05-18 02:47:04,891 [Listener at 127.0.0.1/15004] INFO  server.AbstractConnector (AbstractConnector.java:doStart(333)) - Started ServerConnector@54e6635e{HTTP/1.1, (http/1.1)}{0.0.0.0:15057}
2023-05-18 02:47:04,891 [Listener at 127.0.0.1/15004] INFO  server.Server (Server.java:doStart(415)) - Started @11338ms
2023-05-18 02:47:04,891 [Listener at 127.0.0.1/15004] WARN  impl.MetricsSystemImpl (MetricsSystemImpl.java:register(279)) - Sink prometheus already exists!
2023-05-18 02:47:04,892 [Listener at 127.0.0.1/15004] INFO  http.BaseHttpServer (BaseHttpServer.java:updateConnectorAddress(344)) - HTTP server of hddsDatanode listening at http://0.0.0.0:15057
2023-05-18 02:47:04,894 [Listener at 127.0.0.1/15004] WARN  impl.MetricRegistriesImpl (MetricRegistriesImpl.java:addReporterRegistration(111)) - New reporters are added after registries were created. Some metrics will be missing from the reporter. Please add reporter before adding any new registry.
2023-05-18 02:47:04,894 [Listener at 127.0.0.1/15004] WARN  impl.MetricRegistriesImpl (MetricRegistriesImpl.java:addReporterRegistration(111)) - New reporters are added after registries were created. Some metrics will be missing from the reporter. Please add reporter before adding any new registry.
2023-05-18 02:47:04,894 [Listener at 127.0.0.1/15004] INFO  impl.MetricsSystemImpl (MetricsSystemImpl.java:init(158)) - HddsDatanode metrics system started (again)
2023-05-18 02:47:04,899 [Datanode State Machine Daemon Thread] INFO  statemachine.DatanodeStateMachine (DatanodeStateMachine.java:lambda$startDaemon$0(524)) - Ozone container server started.
2023-05-18 02:47:04,908 [Listener at 127.0.0.1/15004] INFO  ozone.HddsDatanodeService (HddsDatanodeService.java:start(252)) - HddsDatanodeService host:fv-az180-414.aibneqh1mxpuhl3tnnuy2ifbce.bx.internal.cloudapp.net ip:10.1.1.154
2023-05-18 02:47:04,912 [org.apache.hadoop.util.JvmPauseMonitor$Monitor@577e62e7] INFO  util.JvmPauseMonitor (JvmPauseMonitor.java:run(188)) - Starting JVM pause monitor
2023-05-18 02:47:04,928 [Datanode State Machine Task Thread - 0] INFO  datanode.InitDatanodeState (InitDatanodeState.java:persistContainerDatanodeDetails(138)) - DatanodeDetails is persisted to /home/runner/work/ozone/ozone/hadoop-ozone/integration-test/target/test-dir/MiniOzoneClusterImpl-522acec6-bbe2-4bbe-92e7-576262f261c3/datanode-6/meta/datanode.id
2023-05-18 02:47:04,929 [Listener at 127.0.0.1/15004] INFO  upgrade.AbstractLayoutVersionManager (AbstractLayoutVersionManager.java:init(83)) - Initializing Layout version manager with metadata layout = WEBUI_PORTS_IN_DATANODEDETAILS (version = 6), software layout = WEBUI_PORTS_IN_DATANODEDETAILS (version = 6)
2023-05-18 02:47:04,929 [Listener at 127.0.0.1/15004] INFO  statemachine.DatanodeStateMachine (DatanodeStateMachine.java:getEndPointTaskThreadPoolSize(267)) - Datanode State Machine Task Thread Pool size 2
2023-05-18 02:47:04,931 [Listener at 127.0.0.1/15004] INFO  volume.HddsVolume (HddsVolume.java:<init>(130)) - Creating HddsVolume: /home/runner/work/ozone/ozone/hadoop-ozone/integration-test/target/test-dir/MiniOzoneClusterImpl-522acec6-bbe2-4bbe-92e7-576262f261c3/datanode-7/data-0/containers/hdds of storage type : DISK capacity : 9223372036854775807
2023-05-18 02:47:04,932 [Listener at 127.0.0.1/15004] INFO  volume.MutableVolumeSet (MutableVolumeSet.java:initializeVolumeSet(175)) - Added Volume : /home/runner/work/ozone/ozone/hadoop-ozone/integration-test/target/test-dir/MiniOzoneClusterImpl-522acec6-bbe2-4bbe-92e7-576262f261c3/datanode-7/data-0/containers/hdds to VolumeSet
2023-05-18 02:47:04,932 [Listener at 127.0.0.1/15004] INFO  volume.ThrottledAsyncChecker (ThrottledAsyncChecker.java:schedule(141)) - Scheduling a check for /home/runner/work/ozone/ozone/hadoop-ozone/integration-test/target/test-dir/MiniOzoneClusterImpl-522acec6-bbe2-4bbe-92e7-576262f261c3/datanode-7/data-0/containers/hdds
2023-05-18 02:47:04,934 [Listener at 127.0.0.1/15004] INFO  volume.StorageVolumeChecker (StorageVolumeChecker.java:checkAllVolumes(202)) - Scheduled health check for volume /home/runner/work/ozone/ozone/hadoop-ozone/integration-test/target/test-dir/MiniOzoneClusterImpl-522acec6-bbe2-4bbe-92e7-576262f261c3/datanode-7/data-0/containers/hdds
2023-05-18 02:47:04,948 [Listener at 127.0.0.1/15004] INFO  volume.MutableVolumeSet (MutableVolumeSet.java:initializeVolumeSet(175)) - Added Volume : /home/runner/work/ozone/ozone/hadoop-ozone/integration-test/target/test-dir/MiniOzoneClusterImpl-522acec6-bbe2-4bbe-92e7-576262f261c3/datanode-7/data/ratis to VolumeSet
2023-05-18 02:47:04,948 [Listener at 127.0.0.1/15004] INFO  volume.ThrottledAsyncChecker (ThrottledAsyncChecker.java:schedule(141)) - Scheduling a check for /home/runner/work/ozone/ozone/hadoop-ozone/integration-test/target/test-dir/MiniOzoneClusterImpl-522acec6-bbe2-4bbe-92e7-576262f261c3/datanode-7/data/ratis
2023-05-18 02:47:04,949 [Listener at 127.0.0.1/15004] INFO  volume.StorageVolumeChecker (StorageVolumeChecker.java:checkAllVolumes(202)) - Scheduled health check for volume /home/runner/work/ozone/ozone/hadoop-ozone/integration-test/target/test-dir/MiniOzoneClusterImpl-522acec6-bbe2-4bbe-92e7-576262f261c3/datanode-7/data/ratis
2023-05-18 02:47:04,967 [Thread-241] INFO  ozoneimpl.ContainerReader (ContainerReader.java:readVolume(175)) - Finish verifying containers on volume /home/runner/work/ozone/ozone/hadoop-ozone/integration-test/target/test-dir/MiniOzoneClusterImpl-522acec6-bbe2-4bbe-92e7-576262f261c3/datanode-7/data-0/containers/hdds
2023-05-18 02:47:04,967 [Listener at 127.0.0.1/15004] INFO  ozoneimpl.OzoneContainer (OzoneContainer.java:buildContainerSet(303)) - Build ContainerSet costs 0s
2023-05-18 02:47:04,970 [Listener at 127.0.0.1/15004] INFO  server.RaftServer (ConfUtils.java:logGet(46)) - raft.rpc.type = GRPC (default)
2023-05-18 02:47:04,970 [Listener at 127.0.0.1/15004] INFO  grpc.GrpcConfigKeys (ConfUtils.java:logFallback(53)) - raft.grpc.admin.host = null (fallback to raft.grpc.server.host)
2023-05-18 02:47:04,970 [Listener at 127.0.0.1/15004] INFO  grpc.GrpcConfigKeys (ConfUtils.java:logGet(46)) - raft.grpc.admin.port = 15068 (custom)
2023-05-18 02:47:04,971 [Listener at 127.0.0.1/15004] INFO  grpc.GrpcConfigKeys (ConfUtils.java:logFallback(53)) - raft.grpc.client.host = null (fallback to raft.grpc.server.host)
2023-05-18 02:47:04,971 [Listener at 127.0.0.1/15004] INFO  grpc.GrpcConfigKeys (ConfUtils.java:logGet(46)) - raft.grpc.client.port = 15067 (custom)
2023-05-18 02:47:04,971 [Listener at 127.0.0.1/15004] INFO  grpc.GrpcConfigKeys (ConfUtils.java:logGet(46)) - raft.grpc.server.host = null (default)
2023-05-18 02:47:04,971 [Listener at 127.0.0.1/15004] INFO  grpc.GrpcConfigKeys (ConfUtils.java:logGet(46)) - raft.grpc.server.port = 15069 (custom)
2023-05-18 02:47:04,971 [Listener at 127.0.0.1/15004] INFO  server.GrpcService (ConfUtils.java:logGet(46)) - raft.grpc.message.size.max = 32MB (=33554432) (custom)
2023-05-18 02:47:04,971 [Listener at 127.0.0.1/15004] INFO  server.RaftServerConfigKeys (ConfUtils.java:logGet(46)) - raft.server.log.appender.buffer.byte-limit = 33554432 (custom)
2023-05-18 02:47:04,971 [Listener at 127.0.0.1/15004] INFO  server.GrpcService (ConfUtils.java:logGet(46)) - raft.grpc.flow.control.window = 5MB (=5242880) (custom)
2023-05-18 02:47:04,971 [Listener at 127.0.0.1/15004] INFO  server.RaftServerConfigKeys (ConfUtils.java:logGet(46)) - raft.server.rpc.request.timeout = 60s (custom)
2023-05-18 02:47:04,972 [Listener at 127.0.0.1/15004] INFO  grpc.GrpcConfigKeys (ConfUtils.java:logGet(46)) - raft.grpc.server.heartbeat.channel = true (default)
2023-05-18 02:47:04,972 [Listener at 127.0.0.1/15004] INFO  grpc.GrpcConfigKeys (ConfUtils.java:logGet(46)) - raft.grpc.server.async.request.thread.pool.cached = true (default)
2023-05-18 02:47:04,972 [Listener at 127.0.0.1/15004] INFO  grpc.GrpcConfigKeys (ConfUtils.java:logGet(46)) - raft.grpc.server.async.request.thread.pool.size = 32 (default)
2023-05-18 02:47:04,974 [Listener at 127.0.0.1/15004] INFO  impl.DataStreamServerImpl (ConfUtils.java:logGet(46)) - raft.datastream.type = NETTY (custom)
2023-05-18 02:47:04,975 [Listener at 127.0.0.1/15004] INFO  server.RaftServerConfigKeys (ConfUtils.java:logGet(46)) - raft.server.data-stream.async.request.thread.pool.cached = false (default)
2023-05-18 02:47:04,975 [Listener at 127.0.0.1/15004] INFO  server.RaftServerConfigKeys (ConfUtils.java:logGet(46)) - raft.server.data-stream.async.request.thread.pool.size = 20 (custom)
2023-05-18 02:47:04,975 [Listener at 127.0.0.1/15004] INFO  server.RaftServerConfigKeys (ConfUtils.java:logGet(46)) - raft.server.data-stream.async.write.thread.pool.size = 16 (default)
2023-05-18 02:47:04,975 [Listener at 127.0.0.1/15004] INFO  server.RaftServerConfigKeys (ConfUtils.java:logGet(46)) - raft.server.data-stream.client.pool.size = 10 (default)
2023-05-18 02:47:04,975 [Listener at 127.0.0.1/15004] INFO  netty.NettyConfigKeys$DataStream (ConfUtils.java:logGet(46)) - raft.netty.dataStream.server.use-epoll = false (default)
2023-05-18 02:47:04,975 [Listener at 127.0.0.1/15004] INFO  netty.NettyConfigKeys$DataStream (ConfUtils.java:logGet(46)) - raft.netty.dataStream.server.boss-group.size = 0 (default)
2023-05-18 02:47:04,976 [Listener at 127.0.0.1/15004] INFO  netty.NettyConfigKeys$DataStream (ConfUtils.java:logGet(46)) - raft.netty.dataStream.server.worker-group.size = 0 (default)
2023-05-18 02:47:04,976 [Listener at 127.0.0.1/15004] INFO  netty.NettyConfigKeys$DataStream (ConfUtils.java:logGet(46)) - raft.netty.dataStream.server.tls.conf = null (default)
2023-05-18 02:47:04,976 [Listener at 127.0.0.1/15004] INFO  netty.NettyConfigKeys$DataStream (ConfUtils.java:logGet(46)) - raft.netty.dataStream.host = null (default)
2023-05-18 02:47:04,976 [Listener at 127.0.0.1/15004] INFO  netty.NettyConfigKeys$DataStream (ConfUtils.java:logGet(46)) - raft.netty.dataStream.port = 15070 (custom)
2023-05-18 02:47:04,977 [Listener at 127.0.0.1/15004] INFO  server.RaftServerConfigKeys (ConfUtils.java:logGet(46)) - raft.server.threadpool.proxy.cached = true (default)
2023-05-18 02:47:04,977 [Listener at 127.0.0.1/15004] INFO  server.RaftServerConfigKeys (ConfUtils.java:logGet(46)) - raft.server.threadpool.proxy.size = 0 (default)
2023-05-18 02:47:04,977 [Listener at 127.0.0.1/15004] INFO  server.RaftServerConfigKeys (ConfUtils.java:logGet(46)) - raft.server.rpc.slowness.timeout = 300s (custom)
2023-05-18 02:47:04,977 [Listener at 127.0.0.1/15004] INFO  server.RaftServerConfigKeys (ConfUtils.java:logGet(46)) - raft.server.leaderelection.leader.step-down.wait-time = 10s (default)
2023-05-18 02:47:04,977 [Listener at 127.0.0.1/15004] INFO  server.RaftServerConfigKeys (ConfUtils.java:logGet(46)) - raft.server.storage.dir = [/home/runner/work/ozone/ozone/hadoop-ozone/integration-test/target/test-dir/MiniOzoneClusterImpl-522acec6-bbe2-4bbe-92e7-576262f261c3/datanode-7/data/ratis] (custom)
2023-05-18 02:47:04,985 [5dc09123-b42c-44c8-87e3-729c385858db-NettyServerStreamRpc-bossGroup--thread1] INFO  logging.LoggingHandler (AbstractInternalLogger.java:log(148)) - [id: 0xc04a5c65] REGISTERED
2023-05-18 02:47:04,985 [5dc09123-b42c-44c8-87e3-729c385858db-NettyServerStreamRpc-bossGroup--thread1] INFO  logging.LoggingHandler (AbstractInternalLogger.java:log(148)) - [id: 0xc04a5c65] BIND: 0.0.0.0/0.0.0.0:15070
2023-05-18 02:47:04,986 [5dc09123-b42c-44c8-87e3-729c385858db-NettyServerStreamRpc-bossGroup--thread1] INFO  logging.LoggingHandler (AbstractInternalLogger.java:log(148)) - [id: 0xc04a5c65, L:/0:0:0:0:0:0:0:0:15070] ACTIVE
2023-05-18 02:47:04,988 [Listener at 127.0.0.1/15004] INFO  server.XceiverServerGrpc (XceiverServerGrpc.java:<init>(132)) - GrpcServer channel type EpollServerSocketChannel
2023-05-18 02:47:04,990 [Listener at 127.0.0.1/15004] INFO  replication.ReplicationSupervisor (ReplicationSupervisor.java:nodeStateUpdated(296)) - Node state updated to IN_SERVICE, scaling executor pool size to 10
2023-05-18 02:47:04,995 [Listener at 127.0.0.1/15004] INFO  token.OzoneBlockTokenSecretManager (OzoneSecretManager.java:updateCurrentKey(175)) - Updating current master key for generating tokens. Cert id 1339200402336
2023-05-18 02:47:04,996 [Listener at 127.0.0.1/15004] INFO  token.ContainerTokenSecretManager (OzoneSecretManager.java:updateCurrentKey(175)) - Updating current master key for generating tokens. Cert id 1339200402336
2023-05-18 02:47:05,002 [Listener at 127.0.0.1/15004] INFO  http.BaseHttpServer (BaseHttpServer.java:newHttpServer2BuilderForOzone(224)) - Starting Web-server for hddsDatanode at: http://0.0.0.0:15065
2023-05-18 02:47:05,003 [Listener at 127.0.0.1/15004] INFO  http.BaseHttpServer (BaseHttpServer.java:<init>(111)) - Hadoop Security Enabled: false Ozone Security Enabled: false Ozone HTTP Security Enabled: false 
2023-05-18 02:47:05,004 [Listener at 127.0.0.1/15004] WARN  server.AuthenticationFilter (AuthenticationFilter.java:constructSecretProvider(240)) - Unable to initialize FileSignerSecretProvider, falling back to use random secrets. Reason: Could not read signature secret file: /home/runner/hadoop-http-auth-signature-secret
2023-05-18 02:47:05,006 [Listener at 127.0.0.1/15004] INFO  http.HttpRequestLog (HttpRequestLog.java:getRequestLog(86)) - Http request log for http.requests.hddsDatanode is not defined
2023-05-18 02:47:05,008 [Listener at 127.0.0.1/15004] INFO  http.HttpServer2 (HttpServer2.java:addGlobalFilter(1031)) - Added global filter 'safety' (class=org.apache.hadoop.hdds.server.http.HttpServer2$QuotingInputFilter)
2023-05-18 02:47:05,009 [Listener at 127.0.0.1/15004] INFO  http.HttpServer2 (HttpServer2.java:addFilter(1007)) - Added filter static_user_filter (class=org.apache.hadoop.http.lib.StaticUserWebFilter$StaticUserFilter) to context hddsDatanode
2023-05-18 02:47:05,010 [Listener at 127.0.0.1/15004] INFO  http.HttpServer2 (HttpServer2.java:addFilter(1015)) - Added filter static_user_filter (class=org.apache.hadoop.http.lib.StaticUserWebFilter$StaticUserFilter) to context static
2023-05-18 02:47:05,010 [Listener at 127.0.0.1/15004] INFO  http.HttpServer2 (HttpServer2.java:addFilter(1015)) - Added filter static_user_filter (class=org.apache.hadoop.http.lib.StaticUserWebFilter$StaticUserFilter) to context logs
2023-05-18 02:47:05,010 [Listener at 127.0.0.1/15004] INFO  http.BaseHttpServer (BaseHttpServer.java:<init>(190)) - HTTP server of hddsDatanode uses base directory /home/runner/work/ozone/ozone/hadoop-ozone/integration-test/target/test-dir/MiniOzoneClusterImpl-522acec6-bbe2-4bbe-92e7-576262f261c3/datanode-7/meta/webserver
2023-05-18 02:47:05,010 [Listener at 127.0.0.1/15004] INFO  http.HttpServer2 (HttpServer2.java:bindListener(1250)) - Jetty bound to port 15065
2023-05-18 02:47:05,011 [Listener at 127.0.0.1/15004] INFO  server.Server (Server.java:doStart(375)) - jetty-9.4.51.v20230217; built: 2023-02-17T08:19:37.309Z; git: b45c405e4544384de066f814ed42ae3dceacdd49; jvm 1.8.0_362-b09
2023-05-18 02:47:05,023 [Listener at 127.0.0.1/15004] INFO  server.session (DefaultSessionIdManager.java:doStart(334)) - DefaultSessionIdManager workerName=node0
2023-05-18 02:47:05,023 [Listener at 127.0.0.1/15004] INFO  server.session (DefaultSessionIdManager.java:doStart(339)) - No SessionScavenger set, using defaults
2023-05-18 02:47:05,024 [Listener at 127.0.0.1/15004] INFO  server.session (HouseKeeper.java:startScavenging(132)) - node0 Scavenging every 600000ms
2023-05-18 02:47:05,024 [Listener at 127.0.0.1/15004] INFO  handler.ContextHandler (ContextHandler.java:doStart(921)) - Started o.e.j.s.ServletContextHandler@46f87131{logs,/logs,file:///home/runner/work/ozone/ozone/hadoop-ozone/integration-test/target/log,AVAILABLE}
2023-05-18 02:47:05,025 [Listener at 127.0.0.1/15004] INFO  handler.ContextHandler (ContextHandler.java:doStart(921)) - Started o.e.j.s.ServletContextHandler@54729876{static,/static,jar:file:/home/runner/.m2/repository/org/apache/ozone/hdds-container-service/1.4.0-SNAPSHOT/hdds-container-service-1.4.0-SNAPSHOT.jar!/webapps/static,AVAILABLE}
2023-05-18 02:47:05,105 [EndpointStateMachine task thread for /0.0.0.0:15002 - 0 ] INFO  utils.DatanodeStoreCache (DatanodeStoreCache.java:addDB(66)) - Added db /home/runner/work/ozone/ozone/hadoop-ozone/integration-test/target/test-dir/MiniOzoneClusterImpl-522acec6-bbe2-4bbe-92e7-576262f261c3/datanode-0/data-0/containers/hdds/522acec6-bbe2-4bbe-92e7-576262f261c3/DS-aa07c663-6b34-4b24-967e-5a452f76d0fc/container.db to cache
2023-05-18 02:47:05,105 [EndpointStateMachine task thread for /0.0.0.0:15002 - 0 ] INFO  volume.HddsVolume (HddsVolume.java:createDbStore(350)) - SchemaV3 db is created and loaded at /home/runner/work/ozone/ozone/hadoop-ozone/integration-test/target/test-dir/MiniOzoneClusterImpl-522acec6-bbe2-4bbe-92e7-576262f261c3/datanode-0/data-0/containers/hdds/522acec6-bbe2-4bbe-92e7-576262f261c3/DS-aa07c663-6b34-4b24-967e-5a452f76d0fc/container.db for volume DS-aa07c663-6b34-4b24-967e-5a452f76d0fc
2023-05-18 02:47:05,111 [EndpointStateMachine task thread for /0.0.0.0:15002 - 0 ] INFO  ozoneimpl.OzoneContainer (OzoneContainer.java:start(397)) - Attempting to start container services.
2023-05-18 02:47:05,115 [EndpointStateMachine task thread for /0.0.0.0:15002 - 0 ] INFO  ozoneimpl.OzoneContainer (OzoneContainer.java:startContainerScrub(314)) - Scheduled background container scanners and the on-demand container scanner have been disabled.
2023-05-18 02:47:05,119 [EndpointStateMachine task thread for /0.0.0.0:15002 - 0 ] INFO  replication.ReplicationServer (ReplicationServer.java:start(128)) - ReplicationServer is started using port 15015
2023-05-18 02:47:05,119 [EndpointStateMachine task thread for /0.0.0.0:15002 - 0 ] INFO  ratis.XceiverServerRatis (XceiverServerRatis.java:start(517)) - Starting XceiverServerRatis a884725c-3443-458c-8df7-7c5a51101be7
2023-05-18 02:47:05,141 [EndpointStateMachine task thread for /0.0.0.0:15002 - 0 ] INFO  server.RaftServer (RaftServerProxy.java:startImpl(400)) - a884725c-3443-458c-8df7-7c5a51101be7: start RPC server
2023-05-18 02:47:05,151 [EndpointStateMachine task thread for /0.0.0.0:15002 - 0 ] INFO  server.GrpcService (GrpcService.java:startImpl(302)) - a884725c-3443-458c-8df7-7c5a51101be7: GrpcService started, listening on 15011
2023-05-18 02:47:05,153 [EndpointStateMachine task thread for /0.0.0.0:15002 - 0 ] INFO  server.GrpcService (GrpcService.java:startImpl(302)) - a884725c-3443-458c-8df7-7c5a51101be7: GrpcService started, listening on 15013
2023-05-18 02:47:05,157 [EndpointStateMachine task thread for /0.0.0.0:15002 - 0 ] INFO  server.GrpcService (GrpcService.java:startImpl(302)) - a884725c-3443-458c-8df7-7c5a51101be7: GrpcService started, listening on 15012
2023-05-18 02:47:05,158 [EndpointStateMachine task thread for /0.0.0.0:15002 - 0 ] INFO  ratis.XceiverServerRatis (XceiverServerRatis.java:getRealPort(543)) - XceiverServerRatis a884725c-3443-458c-8df7-7c5a51101be7 is started using port 15011 for RATIS
2023-05-18 02:47:05,158 [EndpointStateMachine task thread for /0.0.0.0:15002 - 0 ] INFO  ratis.XceiverServerRatis (XceiverServerRatis.java:getRealPort(543)) - XceiverServerRatis a884725c-3443-458c-8df7-7c5a51101be7 is started using port 15012 for RATIS_ADMIN
2023-05-18 02:47:05,158 [EndpointStateMachine task thread for /0.0.0.0:15002 - 0 ] INFO  ratis.XceiverServerRatis (XceiverServerRatis.java:getRealPort(543)) - XceiverServerRatis a884725c-3443-458c-8df7-7c5a51101be7 is started using port 15013 for RATIS_SERVER
2023-05-18 02:47:05,158 [EndpointStateMachine task thread for /0.0.0.0:15002 - 0 ] INFO  ratis.XceiverServerRatis (XceiverServerRatis.java:getRealPort(543)) - XceiverServerRatis a884725c-3443-458c-8df7-7c5a51101be7 is started using port 15014 for RATIS_DATASTREAM
2023-05-18 02:47:05,159 [JvmPauseMonitor1] INFO  util.JvmPauseMonitor (JvmPauseMonitor.java:run(103)) - JvmPauseMonitor-a884725c-3443-458c-8df7-7c5a51101be7: Started
2023-05-18 02:47:05,179 [BlockDeletingService#0] INFO  interfaces.ContainerDeletionChoosingPolicyTemplate (ContainerDeletionChoosingPolicyTemplate.java:chooseContainerForBlockDeletion(83)) - Chosen 0/5000 blocks from 0 candidate containers.
2023-05-18 02:47:05,304 [Listener at 127.0.0.1/15004] INFO  handler.ContextHandler (ContextHandler.java:doStart(921)) - Started o.e.j.w.WebAppContext@1fa39f96{hddsDatanode,/,file:///home/runner/work/ozone/ozone/hadoop-ozone/integration-test/target/test-dir/MiniOzoneClusterImpl-522acec6-bbe2-4bbe-92e7-576262f261c3/datanode-7/meta/webserver/jetty-0_0_0_0-15065-hdds-container-service-1_4_0-SNAPSHOT_jar-_-any-1621035792284357125/webapp/,AVAILABLE}{jar:file:/home/runner/.m2/repository/org/apache/ozone/hdds-container-service/1.4.0-SNAPSHOT/hdds-container-service-1.4.0-SNAPSHOT.jar!/webapps/hddsDatanode}
2023-05-18 02:47:05,306 [Listener at 127.0.0.1/15004] INFO  server.AbstractConnector (AbstractConnector.java:doStart(333)) - Started ServerConnector@62fa898b{HTTP/1.1, (http/1.1)}{0.0.0.0:15065}
2023-05-18 02:47:05,306 [Listener at 127.0.0.1/15004] INFO  server.Server (Server.java:doStart(415)) - Started @11753ms
2023-05-18 02:47:05,306 [Listener at 127.0.0.1/15004] WARN  impl.MetricsSystemImpl (MetricsSystemImpl.java:register(279)) - Sink prometheus already exists!
2023-05-18 02:47:05,307 [Listener at 127.0.0.1/15004] INFO  http.BaseHttpServer (BaseHttpServer.java:updateConnectorAddress(344)) - HTTP server of hddsDatanode listening at http://0.0.0.0:15065
2023-05-18 02:47:05,308 [Datanode State Machine Daemon Thread] INFO  statemachine.DatanodeStateMachine (DatanodeStateMachine.java:lambda$startDaemon$0(524)) - Ozone container server started.
2023-05-18 02:47:05,310 [Listener at 127.0.0.1/15004] INFO  ozone.MiniOzoneClusterImpl (MiniOzoneClusterImpl.java:lambda$waitForClusterToBeReady$0(222)) - Waiting for nodes to be ready. Got 0 of 8 DN Heartbeats.
2023-05-18 02:47:05,311 [Listener at 127.0.0.1/15004] INFO  ozone.MiniOzoneClusterImpl (MiniOzoneClusterImpl.java:lambda$waitForClusterToBeReady$0(225)) - Waiting for cluster to exit safe mode
2023-05-18 02:47:05,311 [Listener at 127.0.0.1/15004] INFO  ozone.MiniOzoneClusterImpl (MiniOzoneClusterImpl.java:lambda$waitForClusterToBeReady$0(227)) - SCM became leader
2023-05-18 02:47:05,317 [org.apache.hadoop.util.JvmPauseMonitor$Monitor@3b1192d6] INFO  util.JvmPauseMonitor (JvmPauseMonitor.java:run(188)) - Starting JVM pause monitor
2023-05-18 02:47:05,318 [Datanode State Machine Task Thread - 0] INFO  datanode.InitDatanodeState (InitDatanodeState.java:persistContainerDatanodeDetails(138)) - DatanodeDetails is persisted to /home/runner/work/ozone/ozone/hadoop-ozone/integration-test/target/test-dir/MiniOzoneClusterImpl-522acec6-bbe2-4bbe-92e7-576262f261c3/datanode-7/meta/datanode.id
2023-05-18 02:47:05,416 [EndpointStateMachine task thread for /0.0.0.0:15002 - 0 ] INFO  utils.DatanodeStoreCache (DatanodeStoreCache.java:addDB(66)) - Added db /home/runner/work/ozone/ozone/hadoop-ozone/integration-test/target/test-dir/MiniOzoneClusterImpl-522acec6-bbe2-4bbe-92e7-576262f261c3/datanode-1/data-0/containers/hdds/522acec6-bbe2-4bbe-92e7-576262f261c3/DS-6db9c192-257c-49ab-b119-984f8b318874/container.db to cache
2023-05-18 02:47:05,416 [EndpointStateMachine task thread for /0.0.0.0:15002 - 0 ] INFO  volume.HddsVolume (HddsVolume.java:createDbStore(350)) - SchemaV3 db is created and loaded at /home/runner/work/ozone/ozone/hadoop-ozone/integration-test/target/test-dir/MiniOzoneClusterImpl-522acec6-bbe2-4bbe-92e7-576262f261c3/datanode-1/data-0/containers/hdds/522acec6-bbe2-4bbe-92e7-576262f261c3/DS-6db9c192-257c-49ab-b119-984f8b318874/container.db for volume DS-6db9c192-257c-49ab-b119-984f8b318874
2023-05-18 02:47:05,418 [EndpointStateMachine task thread for /0.0.0.0:15002 - 0 ] INFO  ozoneimpl.OzoneContainer (OzoneContainer.java:start(397)) - Attempting to start container services.
2023-05-18 02:47:05,418 [EndpointStateMachine task thread for /0.0.0.0:15002 - 0 ] INFO  ozoneimpl.OzoneContainer (OzoneContainer.java:startContainerScrub(314)) - Scheduled background container scanners and the on-demand container scanner have been disabled.
2023-05-18 02:47:05,420 [EndpointStateMachine task thread for /0.0.0.0:15002 - 0 ] INFO  replication.ReplicationServer (ReplicationServer.java:start(128)) - ReplicationServer is started using port 15023
2023-05-18 02:47:05,420 [EndpointStateMachine task thread for /0.0.0.0:15002 - 0 ] INFO  ratis.XceiverServerRatis (XceiverServerRatis.java:start(517)) - Starting XceiverServerRatis a754d4c8-bbdd-415d-ab5e-ea5caa73cb25
2023-05-18 02:47:05,421 [EndpointStateMachine task thread for /0.0.0.0:15002 - 0 ] INFO  server.RaftServer (RaftServerProxy.java:startImpl(400)) - a754d4c8-bbdd-415d-ab5e-ea5caa73cb25: start RPC server
2023-05-18 02:47:05,423 [EndpointStateMachine task thread for /0.0.0.0:15002 - 0 ] INFO  server.GrpcService (GrpcService.java:startImpl(302)) - a754d4c8-bbdd-415d-ab5e-ea5caa73cb25: GrpcService started, listening on 15019
2023-05-18 02:47:05,424 [EndpointStateMachine task thread for /0.0.0.0:15002 - 0 ] INFO  server.GrpcService (GrpcService.java:startImpl(302)) - a754d4c8-bbdd-415d-ab5e-ea5caa73cb25: GrpcService started, listening on 15021
2023-05-18 02:47:05,429 [EndpointStateMachine task thread for /0.0.0.0:15002 - 0 ] INFO  server.GrpcService (GrpcService.java:startImpl(302)) - a754d4c8-bbdd-415d-ab5e-ea5caa73cb25: GrpcService started, listening on 15020
2023-05-18 02:47:05,429 [EndpointStateMachine task thread for /0.0.0.0:15002 - 0 ] INFO  ratis.XceiverServerRatis (XceiverServerRatis.java:getRealPort(543)) - XceiverServerRatis a754d4c8-bbdd-415d-ab5e-ea5caa73cb25 is started using port 15019 for RATIS
2023-05-18 02:47:05,429 [EndpointStateMachine task thread for /0.0.0.0:15002 - 0 ] INFO  ratis.XceiverServerRatis (XceiverServerRatis.java:getRealPort(543)) - XceiverServerRatis a754d4c8-bbdd-415d-ab5e-ea5caa73cb25 is started using port 15020 for RATIS_ADMIN
2023-05-18 02:47:05,429 [JvmPauseMonitor2] INFO  util.JvmPauseMonitor (JvmPauseMonitor.java:run(103)) - JvmPauseMonitor-a754d4c8-bbdd-415d-ab5e-ea5caa73cb25: Started
2023-05-18 02:47:05,429 [EndpointStateMachine task thread for /0.0.0.0:15002 - 0 ] INFO  ratis.XceiverServerRatis (XceiverServerRatis.java:getRealPort(543)) - XceiverServerRatis a754d4c8-bbdd-415d-ab5e-ea5caa73cb25 is started using port 15021 for RATIS_SERVER
2023-05-18 02:47:05,429 [EndpointStateMachine task thread for /0.0.0.0:15002 - 0 ] INFO  ratis.XceiverServerRatis (XceiverServerRatis.java:getRealPort(543)) - XceiverServerRatis a754d4c8-bbdd-415d-ab5e-ea5caa73cb25 is started using port 15022 for RATIS_DATASTREAM
2023-05-18 02:47:05,438 [BlockDeletingService#0] INFO  interfaces.ContainerDeletionChoosingPolicyTemplate (ContainerDeletionChoosingPolicyTemplate.java:chooseContainerForBlockDeletion(83)) - Chosen 0/5000 blocks from 0 candidate containers.
2023-05-18 02:47:05,722 [EndpointStateMachine task thread for /0.0.0.0:15002 - 0 ] INFO  utils.DatanodeStoreCache (DatanodeStoreCache.java:addDB(66)) - Added db /home/runner/work/ozone/ozone/hadoop-ozone/integration-test/target/test-dir/MiniOzoneClusterImpl-522acec6-bbe2-4bbe-92e7-576262f261c3/datanode-2/data-0/containers/hdds/522acec6-bbe2-4bbe-92e7-576262f261c3/DS-1be1ce45-ace8-447a-b6e8-0b634b18fa54/container.db to cache
2023-05-18 02:47:05,722 [EndpointStateMachine task thread for /0.0.0.0:15002 - 0 ] INFO  volume.HddsVolume (HddsVolume.java:createDbStore(350)) - SchemaV3 db is created and loaded at /home/runner/work/ozone/ozone/hadoop-ozone/integration-test/target/test-dir/MiniOzoneClusterImpl-522acec6-bbe2-4bbe-92e7-576262f261c3/datanode-2/data-0/containers/hdds/522acec6-bbe2-4bbe-92e7-576262f261c3/DS-1be1ce45-ace8-447a-b6e8-0b634b18fa54/container.db for volume DS-1be1ce45-ace8-447a-b6e8-0b634b18fa54
2023-05-18 02:47:05,722 [EndpointStateMachine task thread for /0.0.0.0:15002 - 0 ] INFO  ozoneimpl.OzoneContainer (OzoneContainer.java:start(397)) - Attempting to start container services.
2023-05-18 02:47:05,723 [EndpointStateMachine task thread for /0.0.0.0:15002 - 0 ] INFO  ozoneimpl.OzoneContainer (OzoneContainer.java:startContainerScrub(314)) - Scheduled background container scanners and the on-demand container scanner have been disabled.
2023-05-18 02:47:05,725 [EndpointStateMachine task thread for /0.0.0.0:15002 - 0 ] INFO  replication.ReplicationServer (ReplicationServer.java:start(128)) - ReplicationServer is started using port 15031
2023-05-18 02:47:05,725 [EndpointStateMachine task thread for /0.0.0.0:15002 - 0 ] INFO  ratis.XceiverServerRatis (XceiverServerRatis.java:start(517)) - Starting XceiverServerRatis eda5bed9-420b-4517-a9a1-164df2c5dc2a
2023-05-18 02:47:05,726 [EndpointStateMachine task thread for /0.0.0.0:15002 - 0 ] INFO  server.RaftServer (RaftServerProxy.java:startImpl(400)) - eda5bed9-420b-4517-a9a1-164df2c5dc2a: start RPC server
2023-05-18 02:47:05,727 [EndpointStateMachine task thread for /0.0.0.0:15002 - 0 ] INFO  server.GrpcService (GrpcService.java:startImpl(302)) - eda5bed9-420b-4517-a9a1-164df2c5dc2a: GrpcService started, listening on 15027
2023-05-18 02:47:05,729 [EndpointStateMachine task thread for /0.0.0.0:15002 - 0 ] INFO  server.GrpcService (GrpcService.java:startImpl(302)) - eda5bed9-420b-4517-a9a1-164df2c5dc2a: GrpcService started, listening on 15029
2023-05-18 02:47:05,730 [EndpointStateMachine task thread for /0.0.0.0:15002 - 0 ] INFO  server.GrpcService (GrpcService.java:startImpl(302)) - eda5bed9-420b-4517-a9a1-164df2c5dc2a: GrpcService started, listening on 15028
2023-05-18 02:47:05,733 [EndpointStateMachine task thread for /0.0.0.0:15002 - 0 ] INFO  ratis.XceiverServerRatis (XceiverServerRatis.java:getRealPort(543)) - XceiverServerRatis eda5bed9-420b-4517-a9a1-164df2c5dc2a is started using port 15027 for RATIS
2023-05-18 02:47:05,733 [EndpointStateMachine task thread for /0.0.0.0:15002 - 0 ] INFO  ratis.XceiverServerRatis (XceiverServerRatis.java:getRealPort(543)) - XceiverServerRatis eda5bed9-420b-4517-a9a1-164df2c5dc2a is started using port 15028 for RATIS_ADMIN
2023-05-18 02:47:05,733 [EndpointStateMachine task thread for /0.0.0.0:15002 - 0 ] INFO  ratis.XceiverServerRatis (XceiverServerRatis.java:getRealPort(543)) - XceiverServerRatis eda5bed9-420b-4517-a9a1-164df2c5dc2a is started using port 15029 for RATIS_SERVER
2023-05-18 02:47:05,733 [EndpointStateMachine task thread for /0.0.0.0:15002 - 0 ] INFO  ratis.XceiverServerRatis (XceiverServerRatis.java:getRealPort(543)) - XceiverServerRatis eda5bed9-420b-4517-a9a1-164df2c5dc2a is started using port 15030 for RATIS_DATASTREAM
2023-05-18 02:47:05,733 [JvmPauseMonitor3] INFO  util.JvmPauseMonitor (JvmPauseMonitor.java:run(103)) - JvmPauseMonitor-eda5bed9-420b-4517-a9a1-164df2c5dc2a: Started
2023-05-18 02:47:05,738 [BlockDeletingService#0] INFO  interfaces.ContainerDeletionChoosingPolicyTemplate (ContainerDeletionChoosingPolicyTemplate.java:chooseContainerForBlockDeletion(83)) - Chosen 0/5000 blocks from 0 candidate containers.
2023-05-18 02:47:06,033 [EndpointStateMachine task thread for /0.0.0.0:15002 - 0 ] INFO  utils.DatanodeStoreCache (DatanodeStoreCache.java:addDB(66)) - Added db /home/runner/work/ozone/ozone/hadoop-ozone/integration-test/target/test-dir/MiniOzoneClusterImpl-522acec6-bbe2-4bbe-92e7-576262f261c3/datanode-3/data-0/containers/hdds/522acec6-bbe2-4bbe-92e7-576262f261c3/DS-a7b03ea4-b425-4338-89fe-50ed60a79aa7/container.db to cache
2023-05-18 02:47:06,034 [EndpointStateMachine task thread for /0.0.0.0:15002 - 0 ] INFO  volume.HddsVolume (HddsVolume.java:createDbStore(350)) - SchemaV3 db is created and loaded at /home/runner/work/ozone/ozone/hadoop-ozone/integration-test/target/test-dir/MiniOzoneClusterImpl-522acec6-bbe2-4bbe-92e7-576262f261c3/datanode-3/data-0/containers/hdds/522acec6-bbe2-4bbe-92e7-576262f261c3/DS-a7b03ea4-b425-4338-89fe-50ed60a79aa7/container.db for volume DS-a7b03ea4-b425-4338-89fe-50ed60a79aa7
2023-05-18 02:47:06,034 [EndpointStateMachine task thread for /0.0.0.0:15002 - 0 ] INFO  ozoneimpl.OzoneContainer (OzoneContainer.java:start(397)) - Attempting to start container services.
2023-05-18 02:47:06,034 [EndpointStateMachine task thread for /0.0.0.0:15002 - 0 ] INFO  ozoneimpl.OzoneContainer (OzoneContainer.java:startContainerScrub(314)) - Scheduled background container scanners and the on-demand container scanner have been disabled.
2023-05-18 02:47:06,036 [EndpointStateMachine task thread for /0.0.0.0:15002 - 0 ] INFO  replication.ReplicationServer (ReplicationServer.java:start(128)) - ReplicationServer is started using port 15039
2023-05-18 02:47:06,036 [EndpointStateMachine task thread for /0.0.0.0:15002 - 0 ] INFO  ratis.XceiverServerRatis (XceiverServerRatis.java:start(517)) - Starting XceiverServerRatis 1d3b30df-d5fa-48f7-8d20-f176392eff1b
2023-05-18 02:47:06,037 [EndpointStateMachine task thread for /0.0.0.0:15002 - 0 ] INFO  server.RaftServer (RaftServerProxy.java:startImpl(400)) - 1d3b30df-d5fa-48f7-8d20-f176392eff1b: start RPC server
2023-05-18 02:47:06,042 [EndpointStateMachine task thread for /0.0.0.0:15002 - 0 ] INFO  server.GrpcService (GrpcService.java:startImpl(302)) - 1d3b30df-d5fa-48f7-8d20-f176392eff1b: GrpcService started, listening on 15035
2023-05-18 02:47:06,044 [EndpointStateMachine task thread for /0.0.0.0:15002 - 0 ] INFO  server.GrpcService (GrpcService.java:startImpl(302)) - 1d3b30df-d5fa-48f7-8d20-f176392eff1b: GrpcService started, listening on 15037
2023-05-18 02:47:06,048 [EndpointStateMachine task thread for /0.0.0.0:15002 - 0 ] INFO  server.GrpcService (GrpcService.java:startImpl(302)) - 1d3b30df-d5fa-48f7-8d20-f176392eff1b: GrpcService started, listening on 15036
2023-05-18 02:47:06,049 [EndpointStateMachine task thread for /0.0.0.0:15002 - 0 ] INFO  ratis.XceiverServerRatis (XceiverServerRatis.java:getRealPort(543)) - XceiverServerRatis 1d3b30df-d5fa-48f7-8d20-f176392eff1b is started using port 15035 for RATIS
2023-05-18 02:47:06,049 [JvmPauseMonitor4] INFO  util.JvmPauseMonitor (JvmPauseMonitor.java:run(103)) - JvmPauseMonitor-1d3b30df-d5fa-48f7-8d20-f176392eff1b: Started
2023-05-18 02:47:06,049 [EndpointStateMachine task thread for /0.0.0.0:15002 - 0 ] INFO  ratis.XceiverServerRatis (XceiverServerRatis.java:getRealPort(543)) - XceiverServerRatis 1d3b30df-d5fa-48f7-8d20-f176392eff1b is started using port 15036 for RATIS_ADMIN
2023-05-18 02:47:06,049 [EndpointStateMachine task thread for /0.0.0.0:15002 - 0 ] INFO  ratis.XceiverServerRatis (XceiverServerRatis.java:getRealPort(543)) - XceiverServerRatis 1d3b30df-d5fa-48f7-8d20-f176392eff1b is started using port 15037 for RATIS_SERVER
2023-05-18 02:47:06,049 [EndpointStateMachine task thread for /0.0.0.0:15002 - 0 ] INFO  ratis.XceiverServerRatis (XceiverServerRatis.java:getRealPort(543)) - XceiverServerRatis 1d3b30df-d5fa-48f7-8d20-f176392eff1b is started using port 15038 for RATIS_DATASTREAM
2023-05-18 02:47:06,053 [BlockDeletingService#0] INFO  interfaces.ContainerDeletionChoosingPolicyTemplate (ContainerDeletionChoosingPolicyTemplate.java:chooseContainerForBlockDeletion(83)) - Chosen 0/5000 blocks from 0 candidate containers.
2023-05-18 02:47:06,179 [BlockDeletingService#0] INFO  interfaces.ContainerDeletionChoosingPolicyTemplate (ContainerDeletionChoosingPolicyTemplate.java:chooseContainerForBlockDeletion(83)) - Chosen 0/5000 blocks from 0 candidate containers.
2023-05-18 02:47:06,311 [Listener at 127.0.0.1/15004] INFO  ozone.MiniOzoneClusterImpl (MiniOzoneClusterImpl.java:lambda$waitForClusterToBeReady$0(222)) - Waiting for nodes to be ready. Got 0 of 8 DN Heartbeats.
2023-05-18 02:47:06,311 [Listener at 127.0.0.1/15004] INFO  ozone.MiniOzoneClusterImpl (MiniOzoneClusterImpl.java:lambda$waitForClusterToBeReady$0(225)) - Waiting for cluster to exit safe mode
2023-05-18 02:47:06,311 [Listener at 127.0.0.1/15004] INFO  ozone.MiniOzoneClusterImpl (MiniOzoneClusterImpl.java:lambda$waitForClusterToBeReady$0(227)) - SCM became leader
2023-05-18 02:47:06,336 [EndpointStateMachine task thread for /0.0.0.0:15002 - 0 ] INFO  utils.DatanodeStoreCache (DatanodeStoreCache.java:addDB(66)) - Added db /home/runner/work/ozone/ozone/hadoop-ozone/integration-test/target/test-dir/MiniOzoneClusterImpl-522acec6-bbe2-4bbe-92e7-576262f261c3/datanode-4/data-0/containers/hdds/522acec6-bbe2-4bbe-92e7-576262f261c3/DS-c43ef692-351f-48fe-b448-66fdaedf0a61/container.db to cache
2023-05-18 02:47:06,336 [EndpointStateMachine task thread for /0.0.0.0:15002 - 0 ] INFO  volume.HddsVolume (HddsVolume.java:createDbStore(350)) - SchemaV3 db is created and loaded at /home/runner/work/ozone/ozone/hadoop-ozone/integration-test/target/test-dir/MiniOzoneClusterImpl-522acec6-bbe2-4bbe-92e7-576262f261c3/datanode-4/data-0/containers/hdds/522acec6-bbe2-4bbe-92e7-576262f261c3/DS-c43ef692-351f-48fe-b448-66fdaedf0a61/container.db for volume DS-c43ef692-351f-48fe-b448-66fdaedf0a61
2023-05-18 02:47:06,337 [EndpointStateMachine task thread for /0.0.0.0:15002 - 0 ] INFO  ozoneimpl.OzoneContainer (OzoneContainer.java:start(397)) - Attempting to start container services.
2023-05-18 02:47:06,337 [EndpointStateMachine task thread for /0.0.0.0:15002 - 0 ] INFO  ozoneimpl.OzoneContainer (OzoneContainer.java:startContainerScrub(314)) - Scheduled background container scanners and the on-demand container scanner have been disabled.
2023-05-18 02:47:06,338 [EndpointStateMachine task thread for /0.0.0.0:15002 - 0 ] INFO  replication.ReplicationServer (ReplicationServer.java:start(128)) - ReplicationServer is started using port 15047
2023-05-18 02:47:06,340 [EndpointStateMachine task thread for /0.0.0.0:15002 - 0 ] INFO  ratis.XceiverServerRatis (XceiverServerRatis.java:start(517)) - Starting XceiverServerRatis 4ccd21da-06a8-4ca3-bf16-e3c028fe0c77
2023-05-18 02:47:06,341 [EndpointStateMachine task thread for /0.0.0.0:15002 - 0 ] INFO  server.RaftServer (RaftServerProxy.java:startImpl(400)) - 4ccd21da-06a8-4ca3-bf16-e3c028fe0c77: start RPC server
2023-05-18 02:47:06,346 [EndpointStateMachine task thread for /0.0.0.0:15002 - 0 ] INFO  server.GrpcService (GrpcService.java:startImpl(302)) - 4ccd21da-06a8-4ca3-bf16-e3c028fe0c77: GrpcService started, listening on 15043
2023-05-18 02:47:06,347 [EndpointStateMachine task thread for /0.0.0.0:15002 - 0 ] INFO  server.GrpcService (GrpcService.java:startImpl(302)) - 4ccd21da-06a8-4ca3-bf16-e3c028fe0c77: GrpcService started, listening on 15045
2023-05-18 02:47:06,348 [EndpointStateMachine task thread for /0.0.0.0:15002 - 0 ] INFO  server.GrpcService (GrpcService.java:startImpl(302)) - 4ccd21da-06a8-4ca3-bf16-e3c028fe0c77: GrpcService started, listening on 15044
2023-05-18 02:47:06,348 [EndpointStateMachine task thread for /0.0.0.0:15002 - 0 ] INFO  ratis.XceiverServerRatis (XceiverServerRatis.java:getRealPort(543)) - XceiverServerRatis 4ccd21da-06a8-4ca3-bf16-e3c028fe0c77 is started using port 15043 for RATIS
2023-05-18 02:47:06,348 [EndpointStateMachine task thread for /0.0.0.0:15002 - 0 ] INFO  ratis.XceiverServerRatis (XceiverServerRatis.java:getRealPort(543)) - XceiverServerRatis 4ccd21da-06a8-4ca3-bf16-e3c028fe0c77 is started using port 15044 for RATIS_ADMIN
2023-05-18 02:47:06,348 [EndpointStateMachine task thread for /0.0.0.0:15002 - 0 ] INFO  ratis.XceiverServerRatis (XceiverServerRatis.java:getRealPort(543)) - XceiverServerRatis 4ccd21da-06a8-4ca3-bf16-e3c028fe0c77 is started using port 15045 for RATIS_SERVER
2023-05-18 02:47:06,348 [EndpointStateMachine task thread for /0.0.0.0:15002 - 0 ] INFO  ratis.XceiverServerRatis (XceiverServerRatis.java:getRealPort(543)) - XceiverServerRatis 4ccd21da-06a8-4ca3-bf16-e3c028fe0c77 is started using port 15046 for RATIS_DATASTREAM
2023-05-18 02:47:06,348 [JvmPauseMonitor5] INFO  util.JvmPauseMonitor (JvmPauseMonitor.java:run(103)) - JvmPauseMonitor-4ccd21da-06a8-4ca3-bf16-e3c028fe0c77: Started
2023-05-18 02:47:06,360 [BlockDeletingService#0] INFO  interfaces.ContainerDeletionChoosingPolicyTemplate (ContainerDeletionChoosingPolicyTemplate.java:chooseContainerForBlockDeletion(83)) - Chosen 0/5000 blocks from 0 candidate containers.
2023-05-18 02:47:06,442 [BlockDeletingService#0] INFO  interfaces.ContainerDeletionChoosingPolicyTemplate (ContainerDeletionChoosingPolicyTemplate.java:chooseContainerForBlockDeletion(83)) - Chosen 0/5000 blocks from 0 candidate containers.
2023-05-18 02:47:06,660 [EndpointStateMachine task thread for /0.0.0.0:15002 - 0 ] INFO  utils.DatanodeStoreCache (DatanodeStoreCache.java:addDB(66)) - Added db /home/runner/work/ozone/ozone/hadoop-ozone/integration-test/target/test-dir/MiniOzoneClusterImpl-522acec6-bbe2-4bbe-92e7-576262f261c3/datanode-5/data-0/containers/hdds/522acec6-bbe2-4bbe-92e7-576262f261c3/DS-dfc20356-3b44-4804-bcba-3bc49466606f/container.db to cache
2023-05-18 02:47:06,660 [EndpointStateMachine task thread for /0.0.0.0:15002 - 0 ] INFO  volume.HddsVolume (HddsVolume.java:createDbStore(350)) - SchemaV3 db is created and loaded at /home/runner/work/ozone/ozone/hadoop-ozone/integration-test/target/test-dir/MiniOzoneClusterImpl-522acec6-bbe2-4bbe-92e7-576262f261c3/datanode-5/data-0/containers/hdds/522acec6-bbe2-4bbe-92e7-576262f261c3/DS-dfc20356-3b44-4804-bcba-3bc49466606f/container.db for volume DS-dfc20356-3b44-4804-bcba-3bc49466606f
2023-05-18 02:47:06,661 [EndpointStateMachine task thread for /0.0.0.0:15002 - 0 ] INFO  ozoneimpl.OzoneContainer (OzoneContainer.java:start(397)) - Attempting to start container services.
2023-05-18 02:47:06,661 [EndpointStateMachine task thread for /0.0.0.0:15002 - 0 ] INFO  ozoneimpl.OzoneContainer (OzoneContainer.java:startContainerScrub(314)) - Scheduled background container scanners and the on-demand container scanner have been disabled.
2023-05-18 02:47:06,664 [EndpointStateMachine task thread for /0.0.0.0:15002 - 0 ] INFO  replication.ReplicationServer (ReplicationServer.java:start(128)) - ReplicationServer is started using port 15055
2023-05-18 02:47:06,664 [EndpointStateMachine task thread for /0.0.0.0:15002 - 0 ] INFO  ratis.XceiverServerRatis (XceiverServerRatis.java:start(517)) - Starting XceiverServerRatis dd0a355a-d343-4342-9afa-2dfa8fc9aea1
2023-05-18 02:47:06,670 [EndpointStateMachine task thread for /0.0.0.0:15002 - 0 ] INFO  server.RaftServer (RaftServerProxy.java:startImpl(400)) - dd0a355a-d343-4342-9afa-2dfa8fc9aea1: start RPC server
2023-05-18 02:47:06,671 [EndpointStateMachine task thread for /0.0.0.0:15002 - 0 ] INFO  server.GrpcService (GrpcService.java:startImpl(302)) - dd0a355a-d343-4342-9afa-2dfa8fc9aea1: GrpcService started, listening on 15051
2023-05-18 02:47:06,672 [EndpointStateMachine task thread for /0.0.0.0:15002 - 0 ] INFO  server.GrpcService (GrpcService.java:startImpl(302)) - dd0a355a-d343-4342-9afa-2dfa8fc9aea1: GrpcService started, listening on 15053
2023-05-18 02:47:06,673 [EndpointStateMachine task thread for /0.0.0.0:15002 - 0 ] INFO  server.GrpcService (GrpcService.java:startImpl(302)) - dd0a355a-d343-4342-9afa-2dfa8fc9aea1: GrpcService started, listening on 15052
2023-05-18 02:47:06,673 [EndpointStateMachine task thread for /0.0.0.0:15002 - 0 ] INFO  ratis.XceiverServerRatis (XceiverServerRatis.java:getRealPort(543)) - XceiverServerRatis dd0a355a-d343-4342-9afa-2dfa8fc9aea1 is started using port 15051 for RATIS
2023-05-18 02:47:06,673 [JvmPauseMonitor6] INFO  util.JvmPauseMonitor (JvmPauseMonitor.java:run(103)) - JvmPauseMonitor-dd0a355a-d343-4342-9afa-2dfa8fc9aea1: Started
2023-05-18 02:47:06,673 [EndpointStateMachine task thread for /0.0.0.0:15002 - 0 ] INFO  ratis.XceiverServerRatis (XceiverServerRatis.java:getRealPort(543)) - XceiverServerRatis dd0a355a-d343-4342-9afa-2dfa8fc9aea1 is started using port 15052 for RATIS_ADMIN
2023-05-18 02:47:06,674 [EndpointStateMachine task thread for /0.0.0.0:15002 - 0 ] INFO  ratis.XceiverServerRatis (XceiverServerRatis.java:getRealPort(543)) - XceiverServerRatis dd0a355a-d343-4342-9afa-2dfa8fc9aea1 is started using port 15053 for RATIS_SERVER
2023-05-18 02:47:06,674 [EndpointStateMachine task thread for /0.0.0.0:15002 - 0 ] INFO  ratis.XceiverServerRatis (XceiverServerRatis.java:getRealPort(543)) - XceiverServerRatis dd0a355a-d343-4342-9afa-2dfa8fc9aea1 is started using port 15054 for RATIS_DATASTREAM
2023-05-18 02:47:06,678 [BlockDeletingService#0] INFO  interfaces.ContainerDeletionChoosingPolicyTemplate (ContainerDeletionChoosingPolicyTemplate.java:chooseContainerForBlockDeletion(83)) - Chosen 0/5000 blocks from 0 candidate containers.
2023-05-18 02:47:06,740 [BlockDeletingService#0] INFO  interfaces.ContainerDeletionChoosingPolicyTemplate (ContainerDeletionChoosingPolicyTemplate.java:chooseContainerForBlockDeletion(83)) - Chosen 0/5000 blocks from 0 candidate containers.
2023-05-18 02:47:06,873 [IPC Server handler 16 on default port 15002] INFO  net.NetworkTopologyImpl (NetworkTopologyImpl.java:add(112)) - Added a new node: /default-rack/a884725c-3443-458c-8df7-7c5a51101be7
2023-05-18 02:47:06,876 [IPC Server handler 16 on default port 15002] INFO  node.SCMNodeManager (SCMNodeManager.java:register(407)) - Registered Data node : a884725c-3443-458c-8df7-7c5a51101be7{ip: 10.1.1.154, host: fv-az180-414.aibneqh1mxpuhl3tnnuy2ifbce.bx.internal.cloudapp.net, ports: [HTTP=15009, REPLICATION=15015, RATIS=15011, RATIS_ADMIN=15012, RATIS_SERVER=15013, RATIS_DATASTREAM=15014, STANDALONE=15010], networkLocation: /default-rack, certSerialId: null, persistedOpState: null, persistedOpStateExpiryEpochSec: 0}
2023-05-18 02:47:06,886 [EventQueue-NodeRegistrationContainerReportForContainerSafeModeRule] INFO  safemode.SCMSafeModeManager (SCMSafeModeManager.java:validateSafeModeExitRules(200)) - ContainerSafeModeRule rule is successfully validated
2023-05-18 02:47:06,886 [EventQueue-NewNodeForNewNodeHandler] INFO  pipeline.BackgroundPipelineCreator (BackgroundPipelineCreator.java:notifyEventTriggered(276)) - trigger a one-shot run on RatisPipelineUtilsThread.
2023-05-18 02:47:06,893 [EventQueue-PipelineReportForOneReplicaPipelineSafeModeRule] INFO  safemode.SCMSafeModeManager (SCMSafeModeManager.java:validateSafeModeExitRules(200)) - AtleastOneDatanodeReportedRule rule is successfully validated
2023-05-18 02:47:06,894 [EventQueue-NodeRegistrationContainerReportForDataNodeSafeModeRule] INFO  safemode.SCMSafeModeManager (DataNodeSafeModeRule.java:process(71)) - SCM in safe mode. 1 DataNodes registered, 3 required.
2023-05-18 02:47:06,904 [RatisPipelineUtilsThread - 0] INFO  pipeline.RatisPipelineProvider (RatisPipelineProvider.java:lambda$create$0(206)) - Sending CreatePipelineCommand for pipeline:PipelineID=e05b13f2-26fa-4a7c-9892-d8e9308dbf4a to datanode:a884725c-3443-458c-8df7-7c5a51101be7
2023-05-18 02:47:06,914 [RatisPipelineUtilsThread - 0] INFO  pipeline.PipelineStateManagerImpl (PipelineStateManagerImpl.java:addPipeline(103)) - Created pipeline Pipeline[ Id: e05b13f2-26fa-4a7c-9892-d8e9308dbf4a, Nodes: a884725c-3443-458c-8df7-7c5a51101be7(fv-az180-414.aibneqh1mxpuhl3tnnuy2ifbce.bx.internal.cloudapp.net/10.1.1.154), ReplicationConfig: RATIS/ONE, State:ALLOCATED, leaderId:, CreationTimestamp2023-05-18T02:47:06.903Z[Etc/UTC]].
2023-05-18 02:47:06,963 [EndpointStateMachine task thread for /0.0.0.0:15002 - 0 ] INFO  utils.DatanodeStoreCache (DatanodeStoreCache.java:addDB(66)) - Added db /home/runner/work/ozone/ozone/hadoop-ozone/integration-test/target/test-dir/MiniOzoneClusterImpl-522acec6-bbe2-4bbe-92e7-576262f261c3/datanode-6/data-0/containers/hdds/522acec6-bbe2-4bbe-92e7-576262f261c3/DS-4b4def91-767b-41ad-b7ea-6ac2ca61b3e2/container.db to cache
2023-05-18 02:47:06,963 [EndpointStateMachine task thread for /0.0.0.0:15002 - 0 ] INFO  volume.HddsVolume (HddsVolume.java:createDbStore(350)) - SchemaV3 db is created and loaded at /home/runner/work/ozone/ozone/hadoop-ozone/integration-test/target/test-dir/MiniOzoneClusterImpl-522acec6-bbe2-4bbe-92e7-576262f261c3/datanode-6/data-0/containers/hdds/522acec6-bbe2-4bbe-92e7-576262f261c3/DS-4b4def91-767b-41ad-b7ea-6ac2ca61b3e2/container.db for volume DS-4b4def91-767b-41ad-b7ea-6ac2ca61b3e2
2023-05-18 02:47:06,964 [EndpointStateMachine task thread for /0.0.0.0:15002 - 0 ] INFO  ozoneimpl.OzoneContainer (OzoneContainer.java:start(397)) - Attempting to start container services.
2023-05-18 02:47:06,964 [EndpointStateMachine task thread for /0.0.0.0:15002 - 0 ] INFO  ozoneimpl.OzoneContainer (OzoneContainer.java:startContainerScrub(314)) - Scheduled background container scanners and the on-demand container scanner have been disabled.
2023-05-18 02:47:06,966 [EndpointStateMachine task thread for /0.0.0.0:15002 - 0 ] INFO  replication.ReplicationServer (ReplicationServer.java:start(128)) - ReplicationServer is started using port 15063
2023-05-18 02:47:06,967 [EndpointStateMachine task thread for /0.0.0.0:15002 - 0 ] INFO  ratis.XceiverServerRatis (XceiverServerRatis.java:start(517)) - Starting XceiverServerRatis 5433f90b-26c2-4398-8df5-88afed94a773
2023-05-18 02:47:06,969 [EndpointStateMachine task thread for /0.0.0.0:15002 - 0 ] INFO  server.RaftServer (RaftServerProxy.java:startImpl(400)) - 5433f90b-26c2-4398-8df5-88afed94a773: start RPC server
2023-05-18 02:47:06,970 [EndpointStateMachine task thread for /0.0.0.0:15002 - 0 ] INFO  server.GrpcService (GrpcService.java:startImpl(302)) - 5433f90b-26c2-4398-8df5-88afed94a773: GrpcService started, listening on 15059
2023-05-18 02:47:06,972 [EndpointStateMachine task thread for /0.0.0.0:15002 - 0 ] INFO  server.GrpcService (GrpcService.java:startImpl(302)) - 5433f90b-26c2-4398-8df5-88afed94a773: GrpcService started, listening on 15061
2023-05-18 02:47:06,973 [EndpointStateMachine task thread for /0.0.0.0:15002 - 0 ] INFO  server.GrpcService (GrpcService.java:startImpl(302)) - 5433f90b-26c2-4398-8df5-88afed94a773: GrpcService started, listening on 15060
2023-05-18 02:47:06,973 [EndpointStateMachine task thread for /0.0.0.0:15002 - 0 ] INFO  ratis.XceiverServerRatis (XceiverServerRatis.java:getRealPort(543)) - XceiverServerRatis 5433f90b-26c2-4398-8df5-88afed94a773 is started using port 15059 for RATIS
2023-05-18 02:47:06,973 [JvmPauseMonitor7] INFO  util.JvmPauseMonitor (JvmPauseMonitor.java:run(103)) - JvmPauseMonitor-5433f90b-26c2-4398-8df5-88afed94a773: Started
2023-05-18 02:47:06,973 [EndpointStateMachine task thread for /0.0.0.0:15002 - 0 ] INFO  ratis.XceiverServerRatis (XceiverServerRatis.java:getRealPort(543)) - XceiverServerRatis 5433f90b-26c2-4398-8df5-88afed94a773 is started using port 15060 for RATIS_ADMIN
2023-05-18 02:47:06,974 [EndpointStateMachine task thread for /0.0.0.0:15002 - 0 ] INFO  ratis.XceiverServerRatis (XceiverServerRatis.java:getRealPort(543)) - XceiverServerRatis 5433f90b-26c2-4398-8df5-88afed94a773 is started using port 15061 for RATIS_SERVER
2023-05-18 02:47:06,974 [EndpointStateMachine task thread for /0.0.0.0:15002 - 0 ] INFO  ratis.XceiverServerRatis (XceiverServerRatis.java:getRealPort(543)) - XceiverServerRatis 5433f90b-26c2-4398-8df5-88afed94a773 is started using port 15062 for RATIS_DATASTREAM
2023-05-18 02:47:06,978 [BlockDeletingService#0] INFO  interfaces.ContainerDeletionChoosingPolicyTemplate (ContainerDeletionChoosingPolicyTemplate.java:chooseContainerForBlockDeletion(83)) - Chosen 0/5000 blocks from 0 candidate containers.
2023-05-18 02:47:07,053 [BlockDeletingService#0] INFO  interfaces.ContainerDeletionChoosingPolicyTemplate (ContainerDeletionChoosingPolicyTemplate.java:chooseContainerForBlockDeletion(83)) - Chosen 0/5000 blocks from 0 candidate containers.
2023-05-18 02:47:07,181 [BlockDeletingService#1] INFO  interfaces.ContainerDeletionChoosingPolicyTemplate (ContainerDeletionChoosingPolicyTemplate.java:chooseContainerForBlockDeletion(83)) - Chosen 0/5000 blocks from 0 candidate containers.
2023-05-18 02:47:07,312 [Listener at 127.0.0.1/15004] INFO  ozone.MiniOzoneClusterImpl (MiniOzoneClusterImpl.java:lambda$waitForClusterToBeReady$0(222)) - Waiting for nodes to be ready. Got 1 of 8 DN Heartbeats.
2023-05-18 02:47:07,312 [Listener at 127.0.0.1/15004] INFO  ozone.MiniOzoneClusterImpl (MiniOzoneClusterImpl.java:lambda$waitForClusterToBeReady$0(225)) - Waiting for cluster to exit safe mode
2023-05-18 02:47:07,312 [Listener at 127.0.0.1/15004] INFO  ozone.MiniOzoneClusterImpl (MiniOzoneClusterImpl.java:lambda$waitForClusterToBeReady$0(227)) - SCM became leader
2023-05-18 02:47:07,346 [EndpointStateMachine task thread for /0.0.0.0:15002 - 0 ] INFO  utils.DatanodeStoreCache (DatanodeStoreCache.java:addDB(66)) - Added db /home/runner/work/ozone/ozone/hadoop-ozone/integration-test/target/test-dir/MiniOzoneClusterImpl-522acec6-bbe2-4bbe-92e7-576262f261c3/datanode-7/data-0/containers/hdds/522acec6-bbe2-4bbe-92e7-576262f261c3/DS-342aa413-f15c-4936-bc9b-e4da34288135/container.db to cache
2023-05-18 02:47:07,346 [EndpointStateMachine task thread for /0.0.0.0:15002 - 0 ] INFO  volume.HddsVolume (HddsVolume.java:createDbStore(350)) - SchemaV3 db is created and loaded at /home/runner/work/ozone/ozone/hadoop-ozone/integration-test/target/test-dir/MiniOzoneClusterImpl-522acec6-bbe2-4bbe-92e7-576262f261c3/datanode-7/data-0/containers/hdds/522acec6-bbe2-4bbe-92e7-576262f261c3/DS-342aa413-f15c-4936-bc9b-e4da34288135/container.db for volume DS-342aa413-f15c-4936-bc9b-e4da34288135
2023-05-18 02:47:07,348 [EndpointStateMachine task thread for /0.0.0.0:15002 - 0 ] INFO  ozoneimpl.OzoneContainer (OzoneContainer.java:start(397)) - Attempting to start container services.
2023-05-18 02:47:07,348 [EndpointStateMachine task thread for /0.0.0.0:15002 - 0 ] INFO  ozoneimpl.OzoneContainer (OzoneContainer.java:startContainerScrub(314)) - Scheduled background container scanners and the on-demand container scanner have been disabled.
2023-05-18 02:47:07,350 [EndpointStateMachine task thread for /0.0.0.0:15002 - 0 ] INFO  replication.ReplicationServer (ReplicationServer.java:start(128)) - ReplicationServer is started using port 15071
2023-05-18 02:47:07,350 [EndpointStateMachine task thread for /0.0.0.0:15002 - 0 ] INFO  ratis.XceiverServerRatis (XceiverServerRatis.java:start(517)) - Starting XceiverServerRatis 5dc09123-b42c-44c8-87e3-729c385858db
2023-05-18 02:47:07,350 [EndpointStateMachine task thread for /0.0.0.0:15002 - 0 ] INFO  server.RaftServer (RaftServerProxy.java:startImpl(400)) - 5dc09123-b42c-44c8-87e3-729c385858db: start RPC server
2023-05-18 02:47:07,358 [EndpointStateMachine task thread for /0.0.0.0:15002 - 0 ] INFO  server.GrpcService (GrpcService.java:startImpl(302)) - 5dc09123-b42c-44c8-87e3-729c385858db: GrpcService started, listening on 15067
2023-05-18 02:47:07,359 [EndpointStateMachine task thread for /0.0.0.0:15002 - 0 ] INFO  server.GrpcService (GrpcService.java:startImpl(302)) - 5dc09123-b42c-44c8-87e3-729c385858db: GrpcService started, listening on 15069
2023-05-18 02:47:07,362 [EndpointStateMachine task thread for /0.0.0.0:15002 - 0 ] INFO  server.GrpcService (GrpcService.java:startImpl(302)) - 5dc09123-b42c-44c8-87e3-729c385858db: GrpcService started, listening on 15068
2023-05-18 02:47:07,362 [EndpointStateMachine task thread for /0.0.0.0:15002 - 0 ] INFO  ratis.XceiverServerRatis (XceiverServerRatis.java:getRealPort(543)) - XceiverServerRatis 5dc09123-b42c-44c8-87e3-729c385858db is started using port 15067 for RATIS
2023-05-18 02:47:07,362 [EndpointStateMachine task thread for /0.0.0.0:15002 - 0 ] INFO  ratis.XceiverServerRatis (XceiverServerRatis.java:getRealPort(543)) - XceiverServerRatis 5dc09123-b42c-44c8-87e3-729c385858db is started using port 15068 for RATIS_ADMIN
2023-05-18 02:47:07,362 [EndpointStateMachine task thread for /0.0.0.0:15002 - 0 ] INFO  ratis.XceiverServerRatis (XceiverServerRatis.java:getRealPort(543)) - XceiverServerRatis 5dc09123-b42c-44c8-87e3-729c385858db is started using port 15069 for RATIS_SERVER
2023-05-18 02:47:07,362 [EndpointStateMachine task thread for /0.0.0.0:15002 - 0 ] INFO  ratis.XceiverServerRatis (XceiverServerRatis.java:getRealPort(543)) - XceiverServerRatis 5dc09123-b42c-44c8-87e3-729c385858db is started using port 15070 for RATIS_DATASTREAM
2023-05-18 02:47:07,363 [JvmPauseMonitor8] INFO  util.JvmPauseMonitor (JvmPauseMonitor.java:run(103)) - JvmPauseMonitor-5dc09123-b42c-44c8-87e3-729c385858db: Started
2023-05-18 02:47:07,364 [BlockDeletingService#0] INFO  interfaces.ContainerDeletionChoosingPolicyTemplate (ContainerDeletionChoosingPolicyTemplate.java:chooseContainerForBlockDeletion(83)) - Chosen 0/5000 blocks from 0 candidate containers.
2023-05-18 02:47:07,369 [BlockDeletingService#0] INFO  interfaces.ContainerDeletionChoosingPolicyTemplate (ContainerDeletionChoosingPolicyTemplate.java:chooseContainerForBlockDeletion(83)) - Chosen 0/5000 blocks from 0 candidate containers.
2023-05-18 02:47:07,388 [IPC Server handler 16 on default port 15002] INFO  net.NetworkTopologyImpl (NetworkTopologyImpl.java:add(112)) - Added a new node: /default-rack/a754d4c8-bbdd-415d-ab5e-ea5caa73cb25
2023-05-18 02:47:07,388 [IPC Server handler 16 on default port 15002] INFO  node.SCMNodeManager (SCMNodeManager.java:register(407)) - Registered Data node : a754d4c8-bbdd-415d-ab5e-ea5caa73cb25{ip: 10.1.1.154, host: fv-az180-414.aibneqh1mxpuhl3tnnuy2ifbce.bx.internal.cloudapp.net, ports: [HTTP=15017, REPLICATION=15023, RATIS=15019, RATIS_ADMIN=15020, RATIS_SERVER=15021, RATIS_DATASTREAM=15022, STANDALONE=15018], networkLocation: /default-rack, certSerialId: null, persistedOpState: null, persistedOpStateExpiryEpochSec: 0}
2023-05-18 02:47:07,389 [EventQueue-NewNodeForNewNodeHandler] INFO  pipeline.BackgroundPipelineCreator (BackgroundPipelineCreator.java:notifyEventTriggered(276)) - trigger a one-shot run on RatisPipelineUtilsThread.
2023-05-18 02:47:07,390 [RatisPipelineUtilsThread - 0] INFO  pipeline.RatisPipelineProvider (RatisPipelineProvider.java:lambda$create$0(206)) - Sending CreatePipelineCommand for pipeline:PipelineID=e00246f2-1cdc-48e2-8ea7-a960f690ca8a to datanode:a754d4c8-bbdd-415d-ab5e-ea5caa73cb25
2023-05-18 02:47:07,403 [RatisPipelineUtilsThread - 0] INFO  pipeline.PipelineStateManagerImpl (PipelineStateManagerImpl.java:addPipeline(103)) - Created pipeline Pipeline[ Id: e00246f2-1cdc-48e2-8ea7-a960f690ca8a, Nodes: a754d4c8-bbdd-415d-ab5e-ea5caa73cb25(fv-az180-414.aibneqh1mxpuhl3tnnuy2ifbce.bx.internal.cloudapp.net/10.1.1.154), ReplicationConfig: RATIS/ONE, State:ALLOCATED, leaderId:, CreationTimestamp2023-05-18T02:47:07.390Z[Etc/UTC]].
2023-05-18 02:47:07,404 [EventQueue-NodeRegistrationContainerReportForDataNodeSafeModeRule] INFO  safemode.SCMSafeModeManager (DataNodeSafeModeRule.java:process(71)) - SCM in safe mode. 2 DataNodes registered, 3 required.
2023-05-18 02:47:07,443 [BlockDeletingService#1] INFO  interfaces.ContainerDeletionChoosingPolicyTemplate (ContainerDeletionChoosingPolicyTemplate.java:chooseContainerForBlockDeletion(83)) - Chosen 0/5000 blocks from 0 candidate containers.
2023-05-18 02:47:07,678 [BlockDeletingService#0] INFO  interfaces.ContainerDeletionChoosingPolicyTemplate (ContainerDeletionChoosingPolicyTemplate.java:chooseContainerForBlockDeletion(83)) - Chosen 0/5000 blocks from 0 candidate containers.
2023-05-18 02:47:07,693 [IPC Server handler 15 on default port 15002] INFO  net.NetworkTopologyImpl (NetworkTopologyImpl.java:add(112)) - Added a new node: /default-rack/eda5bed9-420b-4517-a9a1-164df2c5dc2a
2023-05-18 02:47:07,693 [IPC Server handler 15 on default port 15002] INFO  node.SCMNodeManager (SCMNodeManager.java:register(407)) - Registered Data node : eda5bed9-420b-4517-a9a1-164df2c5dc2a{ip: 10.1.1.154, host: fv-az180-414.aibneqh1mxpuhl3tnnuy2ifbce.bx.internal.cloudapp.net, ports: [HTTP=15025, REPLICATION=15031, RATIS=15027, RATIS_ADMIN=15028, RATIS_SERVER=15029, RATIS_DATASTREAM=15030, STANDALONE=15026], networkLocation: /default-rack, certSerialId: null, persistedOpState: null, persistedOpStateExpiryEpochSec: 0}
2023-05-18 02:47:07,694 [EventQueue-NewNodeForNewNodeHandler] INFO  pipeline.BackgroundPipelineCreator (BackgroundPipelineCreator.java:notifyEventTriggered(276)) - trigger a one-shot run on RatisPipelineUtilsThread.
2023-05-18 02:47:07,694 [EventQueue-NodeRegistrationContainerReportForDataNodeSafeModeRule] INFO  safemode.SCMSafeModeManager (DataNodeSafeModeRule.java:process(71)) - SCM in safe mode. 3 DataNodes registered, 3 required.
2023-05-18 02:47:07,695 [EventQueue-NodeRegistrationContainerReportForDataNodeSafeModeRule] INFO  safemode.SCMSafeModeManager (SCMSafeModeManager.java:validateSafeModeExitRules(200)) - DataNodeSafeModeRule rule is successfully validated
2023-05-18 02:47:07,695 [EventQueue-NodeRegistrationContainerReportForDataNodeSafeModeRule] INFO  safemode.SCMSafeModeManager (SCMSafeModeManager.java:completePreCheck(229)) - All SCM safe mode pre check rules have passed
2023-05-18 02:47:07,695 [EventQueue-NodeRegistrationContainerReportForDataNodeSafeModeRule] INFO  ha.SCMContext (SCMContext.java:updateSafeModeStatus(228)) - Update SafeModeStatus from SafeModeStatus{safeModeStatus=true, preCheckPassed=false} to SafeModeStatus{safeModeStatus=true, preCheckPassed=true}.
2023-05-18 02:47:07,695 [EventQueue-NodeRegistrationContainerReportForDataNodeSafeModeRule] INFO  pipeline.BackgroundPipelineCreator (BackgroundPipelineCreator.java:notifyEventTriggered(276)) - trigger a one-shot run on RatisPipelineUtilsThread.
2023-05-18 02:47:07,696 [RatisPipelineUtilsThread - 0] INFO  pipeline.RatisPipelineProvider (RatisPipelineProvider.java:lambda$create$0(206)) - Sending CreatePipelineCommand for pipeline:PipelineID=bb99fe84-957b-40c2-831f-f48e4a4b30ef to datanode:eda5bed9-420b-4517-a9a1-164df2c5dc2a
2023-05-18 02:47:07,697 [RatisPipelineUtilsThread - 0] INFO  pipeline.PipelineStateManagerImpl (PipelineStateManagerImpl.java:addPipeline(103)) - Created pipeline Pipeline[ Id: bb99fe84-957b-40c2-831f-f48e4a4b30ef, Nodes: eda5bed9-420b-4517-a9a1-164df2c5dc2a(fv-az180-414.aibneqh1mxpuhl3tnnuy2ifbce.bx.internal.cloudapp.net/10.1.1.154), ReplicationConfig: RATIS/ONE, State:ALLOCATED, leaderId:, CreationTimestamp2023-05-18T02:47:07.695Z[Etc/UTC]].
2023-05-18 02:47:07,701 [RatisPipelineUtilsThread - 0] INFO  pipeline.RatisPipelineProvider (RatisPipelineProvider.java:lambda$create$0(206)) - Sending CreatePipelineCommand for pipeline:PipelineID=fd565622-fcdd-4d83-9cbb-0423365083f1 to datanode:eda5bed9-420b-4517-a9a1-164df2c5dc2a
2023-05-18 02:47:07,701 [RatisPipelineUtilsThread - 0] INFO  pipeline.RatisPipelineProvider (RatisPipelineProvider.java:lambda$create$0(206)) - Sending CreatePipelineCommand for pipeline:PipelineID=fd565622-fcdd-4d83-9cbb-0423365083f1 to datanode:a754d4c8-bbdd-415d-ab5e-ea5caa73cb25
2023-05-18 02:47:07,701 [RatisPipelineUtilsThread - 0] INFO  pipeline.RatisPipelineProvider (RatisPipelineProvider.java:lambda$create$0(206)) - Sending CreatePipelineCommand for pipeline:PipelineID=fd565622-fcdd-4d83-9cbb-0423365083f1 to datanode:a884725c-3443-458c-8df7-7c5a51101be7
2023-05-18 02:47:07,702 [RatisPipelineUtilsThread - 0] INFO  pipeline.PipelineStateManagerImpl (PipelineStateManagerImpl.java:addPipeline(103)) - Created pipeline Pipeline[ Id: fd565622-fcdd-4d83-9cbb-0423365083f1, Nodes: eda5bed9-420b-4517-a9a1-164df2c5dc2a(fv-az180-414.aibneqh1mxpuhl3tnnuy2ifbce.bx.internal.cloudapp.net/10.1.1.154)a754d4c8-bbdd-415d-ab5e-ea5caa73cb25(fv-az180-414.aibneqh1mxpuhl3tnnuy2ifbce.bx.internal.cloudapp.net/10.1.1.154)a884725c-3443-458c-8df7-7c5a51101be7(fv-az180-414.aibneqh1mxpuhl3tnnuy2ifbce.bx.internal.cloudapp.net/10.1.1.154), ReplicationConfig: RATIS/THREE, State:ALLOCATED, leaderId:, CreationTimestamp2023-05-18T02:47:07.701Z[Etc/UTC]].
2023-05-18 02:47:07,703 [RatisPipelineUtilsThread - 0] INFO  pipeline.RatisPipelineProvider (RatisPipelineProvider.java:lambda$create$0(206)) - Sending CreatePipelineCommand for pipeline:PipelineID=d800373b-ec3a-4daa-a9e5-414c1574d782 to datanode:a884725c-3443-458c-8df7-7c5a51101be7
2023-05-18 02:47:07,703 [RatisPipelineUtilsThread - 0] INFO  pipeline.RatisPipelineProvider (RatisPipelineProvider.java:lambda$create$0(206)) - Sending CreatePipelineCommand for pipeline:PipelineID=d800373b-ec3a-4daa-a9e5-414c1574d782 to datanode:a754d4c8-bbdd-415d-ab5e-ea5caa73cb25
2023-05-18 02:47:07,703 [RatisPipelineUtilsThread - 0] INFO  pipeline.RatisPipelineProvider (RatisPipelineProvider.java:lambda$create$0(206)) - Sending CreatePipelineCommand for pipeline:PipelineID=d800373b-ec3a-4daa-a9e5-414c1574d782 to datanode:eda5bed9-420b-4517-a9a1-164df2c5dc2a
2023-05-18 02:47:07,704 [RatisPipelineUtilsThread - 0] INFO  pipeline.PipelineStateManagerImpl (PipelineStateManagerImpl.java:addPipeline(103)) - Created pipeline Pipeline[ Id: d800373b-ec3a-4daa-a9e5-414c1574d782, Nodes: a884725c-3443-458c-8df7-7c5a51101be7(fv-az180-414.aibneqh1mxpuhl3tnnuy2ifbce.bx.internal.cloudapp.net/10.1.1.154)a754d4c8-bbdd-415d-ab5e-ea5caa73cb25(fv-az180-414.aibneqh1mxpuhl3tnnuy2ifbce.bx.internal.cloudapp.net/10.1.1.154)eda5bed9-420b-4517-a9a1-164df2c5dc2a(fv-az180-414.aibneqh1mxpuhl3tnnuy2ifbce.bx.internal.cloudapp.net/10.1.1.154), ReplicationConfig: RATIS/THREE, State:ALLOCATED, leaderId:, CreationTimestamp2023-05-18T02:47:07.703Z[Etc/UTC]].
2023-05-18 02:47:07,704 [RatisPipelineUtilsThread - 0] INFO  pipeline.PipelineManagerImpl (PipelineManagerImpl.java:recordMetricsForPipeline(826)) - Pipeline: PipelineID=d800373b-ec3a-4daa-a9e5-414c1574d782 contains same datanodes as previous pipelines: PipelineID=fd565622-fcdd-4d83-9cbb-0423365083f1 nodeIds: a884725c-3443-458c-8df7-7c5a51101be7, a754d4c8-bbdd-415d-ab5e-ea5caa73cb25, eda5bed9-420b-4517-a9a1-164df2c5dc2a
2023-05-18 02:47:07,704 [RatisPipelineUtilsThread - 0] WARN  pipeline.PipelinePlacementPolicy (PipelinePlacementPolicy.java:filterViableNodes(160)) - Pipeline creation failed due to no sufficient healthy datanodes. Required 3. Found 0. Excluded 3.
2023-05-18 02:47:07,705 [RatisPipelineUtilsThread - 0] WARN  pipeline.PipelinePlacementPolicy (PipelinePlacementPolicy.java:filterViableNodes(160)) - Pipeline creation failed due to no sufficient healthy datanodes. Required 3. Found 0. Excluded 3.
2023-05-18 02:47:07,741 [BlockDeletingService#1] INFO  interfaces.ContainerDeletionChoosingPolicyTemplate (ContainerDeletionChoosingPolicyTemplate.java:chooseContainerForBlockDeletion(83)) - Chosen 0/5000 blocks from 0 candidate containers.
2023-05-18 02:47:07,978 [BlockDeletingService#0] INFO  interfaces.ContainerDeletionChoosingPolicyTemplate (ContainerDeletionChoosingPolicyTemplate.java:chooseContainerForBlockDeletion(83)) - Chosen 0/5000 blocks from 0 candidate containers.
2023-05-18 02:47:08,002 [IPC Server handler 14 on default port 15002] INFO  net.NetworkTopologyImpl (NetworkTopologyImpl.java:add(112)) - Added a new node: /default-rack/1d3b30df-d5fa-48f7-8d20-f176392eff1b
2023-05-18 02:47:08,002 [IPC Server handler 14 on default port 15002] INFO  node.SCMNodeManager (SCMNodeManager.java:register(407)) - Registered Data node : 1d3b30df-d5fa-48f7-8d20-f176392eff1b{ip: 10.1.1.154, host: fv-az180-414.aibneqh1mxpuhl3tnnuy2ifbce.bx.internal.cloudapp.net, ports: [HTTP=15033, REPLICATION=15039, RATIS=15035, RATIS_ADMIN=15036, RATIS_SERVER=15037, RATIS_DATASTREAM=15038, STANDALONE=15034], networkLocation: /default-rack, certSerialId: null, persistedOpState: null, persistedOpStateExpiryEpochSec: 0}
2023-05-18 02:47:08,003 [EventQueue-NewNodeForNewNodeHandler] INFO  pipeline.BackgroundPipelineCreator (BackgroundPipelineCreator.java:notifyEventTriggered(276)) - trigger a one-shot run on RatisPipelineUtilsThread.
2023-05-18 02:47:08,004 [RatisPipelineUtilsThread - 0] INFO  pipeline.RatisPipelineProvider (RatisPipelineProvider.java:lambda$create$0(206)) - Sending CreatePipelineCommand for pipeline:PipelineID=109ff5ca-51e0-4907-af15-96fc82d6f07f to datanode:1d3b30df-d5fa-48f7-8d20-f176392eff1b
2023-05-18 02:47:08,006 [RatisPipelineUtilsThread - 0] INFO  pipeline.PipelineStateManagerImpl (PipelineStateManagerImpl.java:addPipeline(103)) - Created pipeline Pipeline[ Id: 109ff5ca-51e0-4907-af15-96fc82d6f07f, Nodes: 1d3b30df-d5fa-48f7-8d20-f176392eff1b(fv-az180-414.aibneqh1mxpuhl3tnnuy2ifbce.bx.internal.cloudapp.net/10.1.1.154), ReplicationConfig: RATIS/ONE, State:ALLOCATED, leaderId:, CreationTimestamp2023-05-18T02:47:08.004Z[Etc/UTC]].
2023-05-18 02:47:08,006 [RatisPipelineUtilsThread - 0] WARN  pipeline.PipelinePlacementPolicy (PipelinePlacementPolicy.java:filterViableNodes(160)) - Pipeline creation failed due to no sufficient healthy datanodes. Required 3. Found 1. Excluded 3.
2023-05-18 02:47:08,055 [BlockDeletingService#1] INFO  interfaces.ContainerDeletionChoosingPolicyTemplate (ContainerDeletionChoosingPolicyTemplate.java:chooseContainerForBlockDeletion(83)) - Chosen 0/5000 blocks from 0 candidate containers.
2023-05-18 02:47:08,181 [BlockDeletingService#0] INFO  interfaces.ContainerDeletionChoosingPolicyTemplate (ContainerDeletionChoosingPolicyTemplate.java:chooseContainerForBlockDeletion(83)) - Chosen 0/5000 blocks from 0 candidate containers.
2023-05-18 02:47:08,308 [IPC Server handler 18 on default port 15002] INFO  net.NetworkTopologyImpl (NetworkTopologyImpl.java:add(112)) - Added a new node: /default-rack/4ccd21da-06a8-4ca3-bf16-e3c028fe0c77
2023-05-18 02:47:08,308 [IPC Server handler 18 on default port 15002] INFO  node.SCMNodeManager (SCMNodeManager.java:register(407)) - Registered Data node : 4ccd21da-06a8-4ca3-bf16-e3c028fe0c77{ip: 10.1.1.154, host: fv-az180-414.aibneqh1mxpuhl3tnnuy2ifbce.bx.internal.cloudapp.net, ports: [HTTP=15041, REPLICATION=15047, RATIS=15043, RATIS_ADMIN=15044, RATIS_SERVER=15045, RATIS_DATASTREAM=15046, STANDALONE=15042], networkLocation: /default-rack, certSerialId: null, persistedOpState: null, persistedOpStateExpiryEpochSec: 0}
2023-05-18 02:47:08,308 [EventQueue-NewNodeForNewNodeHandler] INFO  pipeline.BackgroundPipelineCreator (BackgroundPipelineCreator.java:notifyEventTriggered(276)) - trigger a one-shot run on RatisPipelineUtilsThread.
2023-05-18 02:47:08,310 [RatisPipelineUtilsThread - 0] INFO  pipeline.RatisPipelineProvider (RatisPipelineProvider.java:lambda$create$0(206)) - Sending CreatePipelineCommand for pipeline:PipelineID=4f1d4388-4a98-48aa-96dd-35711e7f29bc to datanode:4ccd21da-06a8-4ca3-bf16-e3c028fe0c77
2023-05-18 02:47:08,311 [RatisPipelineUtilsThread - 0] INFO  pipeline.PipelineStateManagerImpl (PipelineStateManagerImpl.java:addPipeline(103)) - Created pipeline Pipeline[ Id: 4f1d4388-4a98-48aa-96dd-35711e7f29bc, Nodes: 4ccd21da-06a8-4ca3-bf16-e3c028fe0c77(fv-az180-414.aibneqh1mxpuhl3tnnuy2ifbce.bx.internal.cloudapp.net/10.1.1.154), ReplicationConfig: RATIS/ONE, State:ALLOCATED, leaderId:, CreationTimestamp2023-05-18T02:47:08.310Z[Etc/UTC]].
2023-05-18 02:47:08,312 [RatisPipelineUtilsThread - 0] WARN  pipeline.PipelinePlacementPolicy (PipelinePlacementPolicy.java:filterViableNodes(160)) - Pipeline creation failed due to no sufficient healthy datanodes. Required 3. Found 2. Excluded 3.
2023-05-18 02:47:08,312 [Listener at 127.0.0.1/15004] INFO  ozone.MiniOzoneClusterImpl (MiniOzoneClusterImpl.java:lambda$waitForClusterToBeReady$0(222)) - Waiting for nodes to be ready. Got 5 of 8 DN Heartbeats.
2023-05-18 02:47:08,312 [Listener at 127.0.0.1/15004] INFO  ozone.MiniOzoneClusterImpl (MiniOzoneClusterImpl.java:lambda$waitForClusterToBeReady$0(225)) - Waiting for cluster to exit safe mode
2023-05-18 02:47:08,312 [Listener at 127.0.0.1/15004] INFO  ozone.MiniOzoneClusterImpl (MiniOzoneClusterImpl.java:lambda$waitForClusterToBeReady$0(227)) - SCM became leader
2023-05-18 02:47:08,365 [BlockDeletingService#1] INFO  interfaces.ContainerDeletionChoosingPolicyTemplate (ContainerDeletionChoosingPolicyTemplate.java:chooseContainerForBlockDeletion(83)) - Chosen 0/5000 blocks from 0 candidate containers.
2023-05-18 02:47:08,369 [BlockDeletingService#0] INFO  interfaces.ContainerDeletionChoosingPolicyTemplate (ContainerDeletionChoosingPolicyTemplate.java:chooseContainerForBlockDeletion(83)) - Chosen 0/5000 blocks from 0 candidate containers.
2023-05-18 02:47:08,443 [BlockDeletingService#0] INFO  interfaces.ContainerDeletionChoosingPolicyTemplate (ContainerDeletionChoosingPolicyTemplate.java:chooseContainerForBlockDeletion(83)) - Chosen 0/5000 blocks from 0 candidate containers.
2023-05-18 02:47:08,611 [IPC Server handler 15 on default port 15002] INFO  net.NetworkTopologyImpl (NetworkTopologyImpl.java:add(112)) - Added a new node: /default-rack/dd0a355a-d343-4342-9afa-2dfa8fc9aea1
2023-05-18 02:47:08,611 [IPC Server handler 15 on default port 15002] INFO  node.SCMNodeManager (SCMNodeManager.java:register(407)) - Registered Data node : dd0a355a-d343-4342-9afa-2dfa8fc9aea1{ip: 10.1.1.154, host: fv-az180-414.aibneqh1mxpuhl3tnnuy2ifbce.bx.internal.cloudapp.net, ports: [HTTP=15049, REPLICATION=15055, RATIS=15051, RATIS_ADMIN=15052, RATIS_SERVER=15053, RATIS_DATASTREAM=15054, STANDALONE=15050], networkLocation: /default-rack, certSerialId: null, persistedOpState: null, persistedOpStateExpiryEpochSec: 0}
2023-05-18 02:47:08,612 [EventQueue-NewNodeForNewNodeHandler] INFO  pipeline.BackgroundPipelineCreator (BackgroundPipelineCreator.java:notifyEventTriggered(276)) - trigger a one-shot run on RatisPipelineUtilsThread.
2023-05-18 02:47:08,612 [RatisPipelineUtilsThread - 0] INFO  pipeline.RatisPipelineProvider (RatisPipelineProvider.java:lambda$create$0(206)) - Sending CreatePipelineCommand for pipeline:PipelineID=de60c89e-09c6-4cae-9605-7ba8e02c6e8f to datanode:dd0a355a-d343-4342-9afa-2dfa8fc9aea1
2023-05-18 02:47:08,614 [RatisPipelineUtilsThread - 0] INFO  pipeline.PipelineStateManagerImpl (PipelineStateManagerImpl.java:addPipeline(103)) - Created pipeline Pipeline[ Id: de60c89e-09c6-4cae-9605-7ba8e02c6e8f, Nodes: dd0a355a-d343-4342-9afa-2dfa8fc9aea1(fv-az180-414.aibneqh1mxpuhl3tnnuy2ifbce.bx.internal.cloudapp.net/10.1.1.154), ReplicationConfig: RATIS/ONE, State:ALLOCATED, leaderId:, CreationTimestamp2023-05-18T02:47:08.612Z[Etc/UTC]].
2023-05-18 02:47:08,615 [RatisPipelineUtilsThread - 0] INFO  pipeline.RatisPipelineProvider (RatisPipelineProvider.java:lambda$create$0(206)) - Sending CreatePipelineCommand for pipeline:PipelineID=59206d31-9346-4852-9dde-06b9f37facc8 to datanode:dd0a355a-d343-4342-9afa-2dfa8fc9aea1
2023-05-18 02:47:08,615 [RatisPipelineUtilsThread - 0] INFO  pipeline.RatisPipelineProvider (RatisPipelineProvider.java:lambda$create$0(206)) - Sending CreatePipelineCommand for pipeline:PipelineID=59206d31-9346-4852-9dde-06b9f37facc8 to datanode:4ccd21da-06a8-4ca3-bf16-e3c028fe0c77
2023-05-18 02:47:08,615 [RatisPipelineUtilsThread - 0] INFO  pipeline.RatisPipelineProvider (RatisPipelineProvider.java:lambda$create$0(206)) - Sending CreatePipelineCommand for pipeline:PipelineID=59206d31-9346-4852-9dde-06b9f37facc8 to datanode:1d3b30df-d5fa-48f7-8d20-f176392eff1b
2023-05-18 02:47:08,616 [RatisPipelineUtilsThread - 0] INFO  pipeline.PipelineStateManagerImpl (PipelineStateManagerImpl.java:addPipeline(103)) - Created pipeline Pipeline[ Id: 59206d31-9346-4852-9dde-06b9f37facc8, Nodes: dd0a355a-d343-4342-9afa-2dfa8fc9aea1(fv-az180-414.aibneqh1mxpuhl3tnnuy2ifbce.bx.internal.cloudapp.net/10.1.1.154)4ccd21da-06a8-4ca3-bf16-e3c028fe0c77(fv-az180-414.aibneqh1mxpuhl3tnnuy2ifbce.bx.internal.cloudapp.net/10.1.1.154)1d3b30df-d5fa-48f7-8d20-f176392eff1b(fv-az180-414.aibneqh1mxpuhl3tnnuy2ifbce.bx.internal.cloudapp.net/10.1.1.154), ReplicationConfig: RATIS/THREE, State:ALLOCATED, leaderId:, CreationTimestamp2023-05-18T02:47:08.615Z[Etc/UTC]].
2023-05-18 02:47:08,617 [RatisPipelineUtilsThread - 0] INFO  pipeline.RatisPipelineProvider (RatisPipelineProvider.java:lambda$create$0(206)) - Sending CreatePipelineCommand for pipeline:PipelineID=d186d2e3-f5a1-43cc-80a4-53c5ee4f2628 to datanode:1d3b30df-d5fa-48f7-8d20-f176392eff1b
2023-05-18 02:47:08,617 [RatisPipelineUtilsThread - 0] INFO  pipeline.RatisPipelineProvider (RatisPipelineProvider.java:lambda$create$0(206)) - Sending CreatePipelineCommand for pipeline:PipelineID=d186d2e3-f5a1-43cc-80a4-53c5ee4f2628 to datanode:4ccd21da-06a8-4ca3-bf16-e3c028fe0c77
2023-05-18 02:47:08,617 [RatisPipelineUtilsThread - 0] INFO  pipeline.RatisPipelineProvider (RatisPipelineProvider.java:lambda$create$0(206)) - Sending CreatePipelineCommand for pipeline:PipelineID=d186d2e3-f5a1-43cc-80a4-53c5ee4f2628 to datanode:dd0a355a-d343-4342-9afa-2dfa8fc9aea1
2023-05-18 02:47:08,618 [RatisPipelineUtilsThread - 0] INFO  pipeline.PipelineStateManagerImpl (PipelineStateManagerImpl.java:addPipeline(103)) - Created pipeline Pipeline[ Id: d186d2e3-f5a1-43cc-80a4-53c5ee4f2628, Nodes: 1d3b30df-d5fa-48f7-8d20-f176392eff1b(fv-az180-414.aibneqh1mxpuhl3tnnuy2ifbce.bx.internal.cloudapp.net/10.1.1.154)4ccd21da-06a8-4ca3-bf16-e3c028fe0c77(fv-az180-414.aibneqh1mxpuhl3tnnuy2ifbce.bx.internal.cloudapp.net/10.1.1.154)dd0a355a-d343-4342-9afa-2dfa8fc9aea1(fv-az180-414.aibneqh1mxpuhl3tnnuy2ifbce.bx.internal.cloudapp.net/10.1.1.154), ReplicationConfig: RATIS/THREE, State:ALLOCATED, leaderId:, CreationTimestamp2023-05-18T02:47:08.617Z[Etc/UTC]].
2023-05-18 02:47:08,619 [RatisPipelineUtilsThread - 0] INFO  pipeline.PipelineManagerImpl (PipelineManagerImpl.java:recordMetricsForPipeline(826)) - Pipeline: PipelineID=d186d2e3-f5a1-43cc-80a4-53c5ee4f2628 contains same datanodes as previous pipelines: PipelineID=59206d31-9346-4852-9dde-06b9f37facc8 nodeIds: 1d3b30df-d5fa-48f7-8d20-f176392eff1b, 4ccd21da-06a8-4ca3-bf16-e3c028fe0c77, dd0a355a-d343-4342-9afa-2dfa8fc9aea1
2023-05-18 02:47:08,619 [RatisPipelineUtilsThread - 0] WARN  pipeline.PipelinePlacementPolicy (PipelinePlacementPolicy.java:filterViableNodes(160)) - Pipeline creation failed due to no sufficient healthy datanodes. Required 3. Found 0. Excluded 6.
2023-05-18 02:47:08,680 [BlockDeletingService#1] INFO  interfaces.ContainerDeletionChoosingPolicyTemplate (ContainerDeletionChoosingPolicyTemplate.java:chooseContainerForBlockDeletion(83)) - Chosen 0/5000 blocks from 0 candidate containers.
2023-05-18 02:47:08,742 [BlockDeletingService#0] INFO  interfaces.ContainerDeletionChoosingPolicyTemplate (ContainerDeletionChoosingPolicyTemplate.java:chooseContainerForBlockDeletion(83)) - Chosen 0/5000 blocks from 0 candidate containers.
2023-05-18 02:47:08,915 [IPC Server handler 13 on default port 15002] INFO  net.NetworkTopologyImpl (NetworkTopologyImpl.java:add(112)) - Added a new node: /default-rack/5433f90b-26c2-4398-8df5-88afed94a773
2023-05-18 02:47:08,916 [IPC Server handler 13 on default port 15002] INFO  node.SCMNodeManager (SCMNodeManager.java:register(407)) - Registered Data node : 5433f90b-26c2-4398-8df5-88afed94a773{ip: 10.1.1.154, host: fv-az180-414.aibneqh1mxpuhl3tnnuy2ifbce.bx.internal.cloudapp.net, ports: [HTTP=15057, REPLICATION=15063, RATIS=15059, RATIS_ADMIN=15060, RATIS_SERVER=15061, RATIS_DATASTREAM=15062, STANDALONE=15058], networkLocation: /default-rack, certSerialId: null, persistedOpState: null, persistedOpStateExpiryEpochSec: 0}
2023-05-18 02:47:08,916 [EventQueue-NewNodeForNewNodeHandler] INFO  pipeline.BackgroundPipelineCreator (BackgroundPipelineCreator.java:notifyEventTriggered(276)) - trigger a one-shot run on RatisPipelineUtilsThread.
2023-05-18 02:47:08,917 [RatisPipelineUtilsThread - 0] INFO  pipeline.RatisPipelineProvider (RatisPipelineProvider.java:lambda$create$0(206)) - Sending CreatePipelineCommand for pipeline:PipelineID=0832821b-ad75-4906-93b1-fec9b5fced6a to datanode:5433f90b-26c2-4398-8df5-88afed94a773
2023-05-18 02:47:08,918 [RatisPipelineUtilsThread - 0] INFO  pipeline.PipelineStateManagerImpl (PipelineStateManagerImpl.java:addPipeline(103)) - Created pipeline Pipeline[ Id: 0832821b-ad75-4906-93b1-fec9b5fced6a, Nodes: 5433f90b-26c2-4398-8df5-88afed94a773(fv-az180-414.aibneqh1mxpuhl3tnnuy2ifbce.bx.internal.cloudapp.net/10.1.1.154), ReplicationConfig: RATIS/ONE, State:ALLOCATED, leaderId:, CreationTimestamp2023-05-18T02:47:08.917Z[Etc/UTC]].
2023-05-18 02:47:08,919 [RatisPipelineUtilsThread - 0] WARN  pipeline.PipelinePlacementPolicy (PipelinePlacementPolicy.java:filterViableNodes(160)) - Pipeline creation failed due to no sufficient healthy datanodes. Required 3. Found 1. Excluded 6.
2023-05-18 02:47:08,985 [BlockDeletingService#1] INFO  interfaces.ContainerDeletionChoosingPolicyTemplate (ContainerDeletionChoosingPolicyTemplate.java:chooseContainerForBlockDeletion(83)) - Chosen 0/5000 blocks from 0 candidate containers.
2023-05-18 02:47:09,064 [BlockDeletingService#0] INFO  interfaces.ContainerDeletionChoosingPolicyTemplate (ContainerDeletionChoosingPolicyTemplate.java:chooseContainerForBlockDeletion(83)) - Chosen 0/5000 blocks from 0 candidate containers.
2023-05-18 02:47:09,181 [BlockDeletingService#2] INFO  interfaces.ContainerDeletionChoosingPolicyTemplate (ContainerDeletionChoosingPolicyTemplate.java:chooseContainerForBlockDeletion(83)) - Chosen 0/5000 blocks from 0 candidate containers.
2023-05-18 02:47:09,313 [Listener at 127.0.0.1/15004] INFO  ozone.MiniOzoneClusterImpl (MiniOzoneClusterImpl.java:lambda$waitForClusterToBeReady$0(222)) - Waiting for nodes to be ready. Got 7 of 8 DN Heartbeats.
2023-05-18 02:47:09,313 [Listener at 127.0.0.1/15004] INFO  ozone.MiniOzoneClusterImpl (MiniOzoneClusterImpl.java:lambda$waitForClusterToBeReady$0(225)) - Waiting for cluster to exit safe mode
2023-05-18 02:47:09,314 [Listener at 127.0.0.1/15004] INFO  ozone.MiniOzoneClusterImpl (MiniOzoneClusterImpl.java:lambda$waitForClusterToBeReady$0(227)) - SCM became leader
2023-05-18 02:47:09,314 [IPC Server handler 17 on default port 15002] INFO  net.NetworkTopologyImpl (NetworkTopologyImpl.java:add(112)) - Added a new node: /default-rack/5dc09123-b42c-44c8-87e3-729c385858db
2023-05-18 02:47:09,314 [IPC Server handler 17 on default port 15002] INFO  node.SCMNodeManager (SCMNodeManager.java:register(407)) - Registered Data node : 5dc09123-b42c-44c8-87e3-729c385858db{ip: 10.1.1.154, host: fv-az180-414.aibneqh1mxpuhl3tnnuy2ifbce.bx.internal.cloudapp.net, ports: [HTTP=15065, REPLICATION=15071, RATIS=15067, RATIS_ADMIN=15068, RATIS_SERVER=15069, RATIS_DATASTREAM=15070, STANDALONE=15066], networkLocation: /default-rack, certSerialId: null, persistedOpState: null, persistedOpStateExpiryEpochSec: 0}
2023-05-18 02:47:09,315 [EventQueue-NewNodeForNewNodeHandler] INFO  pipeline.BackgroundPipelineCreator (BackgroundPipelineCreator.java:notifyEventTriggered(276)) - trigger a one-shot run on RatisPipelineUtilsThread.
2023-05-18 02:47:09,316 [RatisPipelineUtilsThread - 0] INFO  pipeline.RatisPipelineProvider (RatisPipelineProvider.java:lambda$create$0(206)) - Sending CreatePipelineCommand for pipeline:PipelineID=742aa8be-9bd2-4dd8-bee1-3661a4e39bd4 to datanode:5dc09123-b42c-44c8-87e3-729c385858db
2023-05-18 02:47:09,317 [RatisPipelineUtilsThread - 0] INFO  pipeline.PipelineStateManagerImpl (PipelineStateManagerImpl.java:addPipeline(103)) - Created pipeline Pipeline[ Id: 742aa8be-9bd2-4dd8-bee1-3661a4e39bd4, Nodes: 5dc09123-b42c-44c8-87e3-729c385858db(fv-az180-414.aibneqh1mxpuhl3tnnuy2ifbce.bx.internal.cloudapp.net/10.1.1.154), ReplicationConfig: RATIS/ONE, State:ALLOCATED, leaderId:, CreationTimestamp2023-05-18T02:47:09.316Z[Etc/UTC]].
2023-05-18 02:47:09,318 [RatisPipelineUtilsThread - 0] WARN  pipeline.PipelinePlacementPolicy (PipelinePlacementPolicy.java:filterViableNodes(160)) - Pipeline creation failed due to no sufficient healthy datanodes. Required 3. Found 2. Excluded 6.
2023-05-18 02:47:09,366 [BlockDeletingService#0] INFO  interfaces.ContainerDeletionChoosingPolicyTemplate (ContainerDeletionChoosingPolicyTemplate.java:chooseContainerForBlockDeletion(83)) - Chosen 0/5000 blocks from 0 candidate containers.
2023-05-18 02:47:09,370 [BlockDeletingService#1] INFO  interfaces.ContainerDeletionChoosingPolicyTemplate (ContainerDeletionChoosingPolicyTemplate.java:chooseContainerForBlockDeletion(83)) - Chosen 0/5000 blocks from 0 candidate containers.
2023-05-18 02:47:09,444 [BlockDeletingService#2] INFO  interfaces.ContainerDeletionChoosingPolicyTemplate (ContainerDeletionChoosingPolicyTemplate.java:chooseContainerForBlockDeletion(83)) - Chosen 0/5000 blocks from 0 candidate containers.
2023-05-18 02:47:09,680 [BlockDeletingService#0] INFO  interfaces.ContainerDeletionChoosingPolicyTemplate (ContainerDeletionChoosingPolicyTemplate.java:chooseContainerForBlockDeletion(83)) - Chosen 0/5000 blocks from 0 candidate containers.
2023-05-18 02:47:09,742 [BlockDeletingService#2] INFO  interfaces.ContainerDeletionChoosingPolicyTemplate (ContainerDeletionChoosingPolicyTemplate.java:chooseContainerForBlockDeletion(83)) - Chosen 0/5000 blocks from 0 candidate containers.
2023-05-18 02:47:09,867 [Command processor thread] INFO  server.RaftServer (RaftServerProxy.java:addNew(98)) - a884725c-3443-458c-8df7-7c5a51101be7: addNew group-D8E9308DBF4A:[a884725c-3443-458c-8df7-7c5a51101be7|rpc:10.1.1.154:15013|admin:10.1.1.154:15012|client:10.1.1.154:15011|dataStream:10.1.1.154:15014|priority:1|startupRole:FOLLOWER] returns group-D8E9308DBF4A:java.util.concurrent.CompletableFuture@5aed019a[Not completed]
2023-05-18 02:47:09,878 [a884725c-3443-458c-8df7-7c5a51101be7-groupManagement] INFO  server.RaftServer$Division (RaftServerImpl.java:<init>(198)) - a884725c-3443-458c-8df7-7c5a51101be7: new RaftServerImpl for group-D8E9308DBF4A:[a884725c-3443-458c-8df7-7c5a51101be7|rpc:10.1.1.154:15013|admin:10.1.1.154:15012|client:10.1.1.154:15011|dataStream:10.1.1.154:15014|priority:1|startupRole:FOLLOWER] with ContainerStateMachine:uninitialized
2023-05-18 02:47:09,879 [a884725c-3443-458c-8df7-7c5a51101be7-groupManagement] INFO  server.RaftServerConfigKeys (ConfUtils.java:logGet(46)) - raft.server.rpc.timeout.min = 5s (custom)
2023-05-18 02:47:09,879 [a884725c-3443-458c-8df7-7c5a51101be7-groupManagement] INFO  server.RaftServerConfigKeys (ConfUtils.java:logGet(46)) - raft.server.rpc.timeout.max = 5200ms (custom)
2023-05-18 02:47:09,879 [a884725c-3443-458c-8df7-7c5a51101be7-groupManagement] INFO  server.RaftServerConfigKeys (ConfUtils.java:logGet(46)) - raft.server.rpc.sleep.time = 25ms (default)
2023-05-18 02:47:09,879 [a884725c-3443-458c-8df7-7c5a51101be7-groupManagement] INFO  server.RaftServerConfigKeys (ConfUtils.java:logGet(46)) - raft.server.rpc.slowness.timeout = 300s (custom)
2023-05-18 02:47:09,879 [a884725c-3443-458c-8df7-7c5a51101be7-groupManagement] INFO  server.RaftServerConfigKeys (ConfUtils.java:logGet(46)) - raft.server.leaderelection.leader.step-down.wait-time = 10s (default)
2023-05-18 02:47:09,880 [a884725c-3443-458c-8df7-7c5a51101be7-groupManagement] INFO  server.RaftServerConfigKeys (ConfUtils.java:logGet(46)) - raft.server.sleep.deviation.threshold = 300ms (default)
2023-05-18 02:47:09,880 [a884725c-3443-458c-8df7-7c5a51101be7-groupManagement] INFO  server.RaftServer$Division (ServerState.java:<init>(120)) - a884725c-3443-458c-8df7-7c5a51101be7@group-D8E9308DBF4A: ConfigurationManager, init=-1: peers:[a884725c-3443-458c-8df7-7c5a51101be7|rpc:10.1.1.154:15013|admin:10.1.1.154:15012|client:10.1.1.154:15011|dataStream:10.1.1.154:15014|priority:1|startupRole:FOLLOWER]|listeners:[], old=null, confs=<EMPTY_MAP>
2023-05-18 02:47:09,880 [a884725c-3443-458c-8df7-7c5a51101be7-groupManagement] INFO  server.RaftServerConfigKeys (ConfUtils.java:logGet(46)) - raft.server.storage.dir = [/home/runner/work/ozone/ozone/hadoop-ozone/integration-test/target/test-dir/MiniOzoneClusterImpl-522acec6-bbe2-4bbe-92e7-576262f261c3/datanode-0/data/ratis] (custom)
2023-05-18 02:47:09,880 [a884725c-3443-458c-8df7-7c5a51101be7-groupManagement] INFO  server.RaftServerConfigKeys (ConfUtils.java:logGet(46)) - raft.server.log.corruption.policy = EXCEPTION (default)
2023-05-18 02:47:09,880 [a884725c-3443-458c-8df7-7c5a51101be7-groupManagement] INFO  server.RaftServerConfigKeys (ConfUtils.java:logGet(46)) - raft.server.storage.free-space.min = 0MB (=0) (default)
2023-05-18 02:47:09,881 [a884725c-3443-458c-8df7-7c5a51101be7-groupManagement] INFO  server.RaftServerConfigKeys (ConfUtils.java:logGet(46)) - raft.server.notification.no-leader.timeout = 300s (custom)
2023-05-18 02:47:09,881 [a884725c-3443-458c-8df7-7c5a51101be7-groupManagement] INFO  server.RaftServerConfigKeys (ConfUtils.java:logGet(46)) - raft.server.read.timeout = 10s (default)
2023-05-18 02:47:09,881 [a884725c-3443-458c-8df7-7c5a51101be7-groupManagement] INFO  server.RaftServerConfigKeys (ConfUtils.java:logGet(46)) - raft.server.retrycache.expirytime = 600000ms (custom)
2023-05-18 02:47:09,883 [a884725c-3443-458c-8df7-7c5a51101be7-groupManagement] INFO  server.RaftServerConfigKeys (ConfUtils.java:logGet(46)) - raft.server.retrycache.statistics.expirytime = 100μs (default)
2023-05-18 02:47:09,883 [a884725c-3443-458c-8df7-7c5a51101be7-groupManagement] INFO  server.RaftServerConfigKeys (ConfUtils.java:logGet(46)) - raft.server.read.option = DEFAULT (default)
2023-05-18 02:47:09,896 [a884725c-3443-458c-8df7-7c5a51101be7-groupManagement] INFO  server.RaftServerConfigKeys (ConfUtils.java:logGet(46)) - raft.server.rpc.request.timeout = 60s (custom)
2023-05-18 02:47:09,896 [a884725c-3443-458c-8df7-7c5a51101be7-groupManagement] INFO  server.RaftServerConfigKeys (ConfUtils.java:logGet(46)) - raft.server.log.appender.install.snapshot.enabled = false (custom)
2023-05-18 02:47:09,896 [a884725c-3443-458c-8df7-7c5a51101be7-groupManagement] INFO  server.RaftServerConfigKeys (ConfUtils.java:logGet(46)) - raft.server.threadpool.server.cached = true (default)
2023-05-18 02:47:09,897 [a884725c-3443-458c-8df7-7c5a51101be7-groupManagement] INFO  server.RaftServerConfigKeys (ConfUtils.java:logGet(46)) - raft.server.threadpool.server.size = 0 (default)
2023-05-18 02:47:09,897 [a884725c-3443-458c-8df7-7c5a51101be7-groupManagement] INFO  server.RaftServerConfigKeys (ConfUtils.java:logGet(46)) - raft.server.threadpool.client.cached = true (default)
2023-05-18 02:47:09,897 [a884725c-3443-458c-8df7-7c5a51101be7-groupManagement] INFO  server.RaftServerConfigKeys (ConfUtils.java:logGet(46)) - raft.server.threadpool.client.size = 0 (default)
2023-05-18 02:47:09,897 [a884725c-3443-458c-8df7-7c5a51101be7-groupManagement] INFO  storage.RaftStorageDirectory (RaftStorageDirectoryImpl.java:analyzeStorage(137)) - The storage directory /home/runner/work/ozone/ozone/hadoop-ozone/integration-test/target/test-dir/MiniOzoneClusterImpl-522acec6-bbe2-4bbe-92e7-576262f261c3/datanode-0/data/ratis/e05b13f2-26fa-4a7c-9892-d8e9308dbf4a does not exist. Creating ...
2023-05-18 02:47:09,899 [a884725c-3443-458c-8df7-7c5a51101be7-groupManagement] INFO  storage.RaftStorageDirectory (RaftStorageDirectoryImpl.java:tryLock(231)) - Lock on /home/runner/work/ozone/ozone/hadoop-ozone/integration-test/target/test-dir/MiniOzoneClusterImpl-522acec6-bbe2-4bbe-92e7-576262f261c3/datanode-0/data/ratis/e05b13f2-26fa-4a7c-9892-d8e9308dbf4a/in_use.lock acquired by nodename 9353@fv-az180-414
2023-05-18 02:47:09,901 [a884725c-3443-458c-8df7-7c5a51101be7-groupManagement] INFO  storage.RaftStorage (RaftStorageImpl.java:format(96)) - Storage directory /home/runner/work/ozone/ozone/hadoop-ozone/integration-test/target/test-dir/MiniOzoneClusterImpl-522acec6-bbe2-4bbe-92e7-576262f261c3/datanode-0/data/ratis/e05b13f2-26fa-4a7c-9892-d8e9308dbf4a has been successfully formatted.
2023-05-18 02:47:09,906 [a884725c-3443-458c-8df7-7c5a51101be7-groupManagement] INFO  ratis.ContainerStateMachine (ContainerStateMachine.java:loadSnapshot(262)) - group-D8E9308DBF4A: The snapshot info is null. Setting the last applied indexto:(t:0, i:~)
2023-05-18 02:47:09,906 [a884725c-3443-458c-8df7-7c5a51101be7-groupManagement] INFO  server.RaftServerConfigKeys (ConfUtils.java:logGet(46)) - raft.server.log.use.memory = false (default)
2023-05-18 02:47:09,906 [a884725c-3443-458c-8df7-7c5a51101be7-groupManagement] INFO  server.RaftServerConfigKeys (ConfUtils.java:logGet(46)) - raft.server.log.purge.gap = 1000000 (custom)
2023-05-18 02:47:09,907 [a884725c-3443-458c-8df7-7c5a51101be7-groupManagement] INFO  server.RaftServerConfigKeys (ConfUtils.java:logGet(46)) - raft.server.log.appender.buffer.byte-limit = 33554432 (custom)
2023-05-18 02:47:09,907 [a884725c-3443-458c-8df7-7c5a51101be7-groupManagement] INFO  server.RaftServerConfigKeys (ConfUtils.java:logGet(46)) - raft.server.log.statemachine.data.read.timeout = 1000ms (default)
2023-05-18 02:47:09,907 [a884725c-3443-458c-8df7-7c5a51101be7-groupManagement] INFO  server.RaftServerConfigKeys (ConfUtils.java:logGet(46)) - raft.server.log.purge.preservation.log.num = 0 (default)
2023-05-18 02:47:09,907 [a884725c-3443-458c-8df7-7c5a51101be7-groupManagement] INFO  server.RaftServerConfigKeys (ConfUtils.java:logGet(46)) - raft.server.log.segment.size.max = 1048576 (custom)
2023-05-18 02:47:09,909 [a884725c-3443-458c-8df7-7c5a51101be7-groupManagement] INFO  server.RaftServerConfigKeys (ConfUtils.java:logGet(46)) - raft.server.log.segment.cache.num.max = 2 (custom)
2023-05-18 02:47:09,909 [a884725c-3443-458c-8df7-7c5a51101be7-groupManagement] INFO  server.RaftServerConfigKeys (ConfUtils.java:logGet(46)) - raft.server.log.segment.cache.size.max = 200MB (=209715200) (default)
2023-05-18 02:47:09,909 [a884725c-3443-458c-8df7-7c5a51101be7-groupManagement] INFO  server.RaftServerConfigKeys (ConfUtils.java:logGet(46)) - raft.server.log.appender.buffer.byte-limit = 33554432 (custom)
2023-05-18 02:47:09,909 [a884725c-3443-458c-8df7-7c5a51101be7-groupManagement] INFO  segmented.SegmentedRaftLogWorker (SegmentedRaftLogWorker.java:<init>(188)) - new a884725c-3443-458c-8df7-7c5a51101be7@group-D8E9308DBF4A-SegmentedRaftLogWorker for RaftStorageImpl:Storage Directory /home/runner/work/ozone/ozone/hadoop-ozone/integration-test/target/test-dir/MiniOzoneClusterImpl-522acec6-bbe2-4bbe-92e7-576262f261c3/datanode-0/data/ratis/e05b13f2-26fa-4a7c-9892-d8e9308dbf4a
2023-05-18 02:47:09,909 [a884725c-3443-458c-8df7-7c5a51101be7-groupManagement] INFO  server.RaftServerConfigKeys (ConfUtils.java:logGet(46)) - raft.server.log.queue.byte-limit = 4294967296 (custom)
2023-05-18 02:47:09,909 [a884725c-3443-458c-8df7-7c5a51101be7-groupManagement] INFO  server.RaftServerConfigKeys (ConfUtils.java:logGet(46)) - raft.server.log.queue.element-limit = 1024 (custom)
2023-05-18 02:47:09,909 [a884725c-3443-458c-8df7-7c5a51101be7-groupManagement] INFO  server.RaftServerConfigKeys (ConfUtils.java:logGet(46)) - raft.server.log.segment.size.max = 1048576 (custom)
2023-05-18 02:47:09,909 [a884725c-3443-458c-8df7-7c5a51101be7-groupManagement] INFO  server.RaftServerConfigKeys (ConfUtils.java:logGet(46)) - raft.server.log.preallocated.size = 16384 (custom)
2023-05-18 02:47:09,909 [a884725c-3443-458c-8df7-7c5a51101be7-groupManagement] INFO  server.RaftServerConfigKeys (ConfUtils.java:logGet(46)) - raft.server.log.force.sync.num = 128 (default)
2023-05-18 02:47:09,909 [a884725c-3443-458c-8df7-7c5a51101be7-groupManagement] INFO  server.RaftServerConfigKeys (ConfUtils.java:logGet(46)) - raft.server.log.statemachine.data.sync = true (default)
2023-05-18 02:47:09,910 [a884725c-3443-458c-8df7-7c5a51101be7-groupManagement] INFO  server.RaftServerConfigKeys (ConfUtils.java:logGet(46)) - raft.server.log.statemachine.data.sync.timeout = 10s (default)
2023-05-18 02:47:09,910 [a884725c-3443-458c-8df7-7c5a51101be7-groupManagement] INFO  server.RaftServerConfigKeys (ConfUtils.java:logGet(46)) - raft.server.log.statemachine.data.sync.timeout.retry = -1 (default)
2023-05-18 02:47:09,911 [a884725c-3443-458c-8df7-7c5a51101be7-groupManagement] INFO  server.RaftServerConfigKeys (ConfUtils.java:logGet(46)) - raft.server.log.write.buffer.size = 1048576 (custom)
2023-05-18 02:47:09,912 [a884725c-3443-458c-8df7-7c5a51101be7-groupManagement] INFO  server.RaftServerConfigKeys (ConfUtils.java:logGet(46)) - raft.server.log.appender.buffer.byte-limit = 33554432 (custom)
2023-05-18 02:47:09,917 [a884725c-3443-458c-8df7-7c5a51101be7-groupManagement] INFO  server.RaftServerConfigKeys (ConfUtils.java:logGet(46)) - raft.server.log.unsafe-flush.enabled = false (default)
2023-05-18 02:47:09,917 [a884725c-3443-458c-8df7-7c5a51101be7-groupManagement] INFO  server.RaftServerConfigKeys (ConfUtils.java:logGet(46)) - raft.server.log.async-flush.enabled = false (default)
2023-05-18 02:47:09,917 [a884725c-3443-458c-8df7-7c5a51101be7-groupManagement] INFO  server.RaftServerConfigKeys (ConfUtils.java:logGet(46)) - raft.server.log.statemachine.data.caching.enabled = true (custom)
2023-05-18 02:47:09,917 [a884725c-3443-458c-8df7-7c5a51101be7-groupManagement] INFO  segmented.SegmentedRaftLogWorker (SegmentedRaftLogWorker.java:lambda$new$0(135)) - a884725c-3443-458c-8df7-7c5a51101be7@group-D8E9308DBF4A-SegmentedRaftLogWorker: flushIndex: setUnconditionally 0 -> -1
2023-05-18 02:47:09,918 [a884725c-3443-458c-8df7-7c5a51101be7-groupManagement] INFO  segmented.SegmentedRaftLogWorker (SegmentedRaftLogWorker.java:lambda$new$0(135)) - a884725c-3443-458c-8df7-7c5a51101be7@group-D8E9308DBF4A-SegmentedRaftLogWorker: safeCacheEvictIndex: setUnconditionally 0 -> -1
2023-05-18 02:47:09,918 [a884725c-3443-458c-8df7-7c5a51101be7-groupManagement] INFO  server.RaftServer$Division (RaftServerImpl.java:start(342)) - a884725c-3443-458c-8df7-7c5a51101be7@group-D8E9308DBF4A: start as a follower, conf=-1: peers:[a884725c-3443-458c-8df7-7c5a51101be7|rpc:10.1.1.154:15013|admin:10.1.1.154:15012|client:10.1.1.154:15011|dataStream:10.1.1.154:15014|priority:1|startupRole:FOLLOWER]|listeners:[], old=null
2023-05-18 02:47:09,918 [a884725c-3443-458c-8df7-7c5a51101be7-groupManagement] INFO  server.RaftServer$Division (RaftServerImpl.java:setRole(329)) - a884725c-3443-458c-8df7-7c5a51101be7@group-D8E9308DBF4A: changes role from      null to FOLLOWER at term 0 for startAsFollower
2023-05-18 02:47:09,918 [a884725c-3443-458c-8df7-7c5a51101be7-groupManagement] INFO  impl.RoleInfo (RoleInfo.java:updateAndGet(139)) - a884725c-3443-458c-8df7-7c5a51101be7: start a884725c-3443-458c-8df7-7c5a51101be7@group-D8E9308DBF4A-FollowerState
2023-05-18 02:47:09,919 [a884725c-3443-458c-8df7-7c5a51101be7-groupManagement] INFO  util.JmxRegister (JmxRegister.java:tryRegister(44)) - Successfully registered JMX Bean with object name Ratis:service=RaftServer,group=group-D8E9308DBF4A,id=a884725c-3443-458c-8df7-7c5a51101be7
2023-05-18 02:47:09,919 [a884725c-3443-458c-8df7-7c5a51101be7-groupManagement] INFO  server.RaftServerConfigKeys (ConfUtils.java:logGet(46)) - raft.server.snapshot.auto.trigger.enabled = true (custom)
2023-05-18 02:47:09,919 [a884725c-3443-458c-8df7-7c5a51101be7-groupManagement] INFO  server.RaftServerConfigKeys (ConfUtils.java:logGet(46)) - raft.server.snapshot.auto.trigger.threshold = 10000 (custom)
2023-05-18 02:47:09,919 [a884725c-3443-458c-8df7-7c5a51101be7-groupManagement] INFO  server.RaftServerConfigKeys (ConfUtils.java:logGet(46)) - raft.server.snapshot.retention.file.num = 5 (custom)
2023-05-18 02:47:09,919 [a884725c-3443-458c-8df7-7c5a51101be7-groupManagement] INFO  server.RaftServerConfigKeys (ConfUtils.java:logGet(46)) - raft.server.log.purge.upto.snapshot.index = false (default)
2023-05-18 02:47:09,927 [a884725c-3443-458c-8df7-7c5a51101be7@group-D8E9308DBF4A-FollowerState] INFO  server.RaftServerConfigKeys (ConfUtils.java:logFallback(53)) - raft.server.rpc.first-election.timeout.min = 5s (fallback to raft.server.rpc.timeout.min)
2023-05-18 02:47:09,927 [a884725c-3443-458c-8df7-7c5a51101be7@group-D8E9308DBF4A-FollowerState] INFO  server.RaftServerConfigKeys (ConfUtils.java:logFallback(53)) - raft.server.rpc.first-election.timeout.max = 5200ms (fallback to raft.server.rpc.timeout.max)
2023-05-18 02:47:09,931 [EventQueue-PipelineReportForPipelineReportHandler] INFO  pipeline.PipelineManagerImpl (PipelineManagerImpl.java:openPipeline(367)) - Pipeline Pipeline[ Id: e05b13f2-26fa-4a7c-9892-d8e9308dbf4a, Nodes: a884725c-3443-458c-8df7-7c5a51101be7(fv-az180-414.aibneqh1mxpuhl3tnnuy2ifbce.bx.internal.cloudapp.net/10.1.1.154), ReplicationConfig: RATIS/ONE, State:ALLOCATED, leaderId:a884725c-3443-458c-8df7-7c5a51101be7, CreationTimestamp2023-05-18T02:47:06.903Z[Etc/UTC]] moved to OPEN state
2023-05-18 02:47:09,941 [Command processor thread] INFO  ratis.XceiverServerRatis (XceiverServerRatis.java:addGroup(806)) - Created group PipelineID=e05b13f2-26fa-4a7c-9892-d8e9308dbf4a
2023-05-18 02:47:09,942 [Command processor thread] INFO  commandhandler.CreatePipelineCommandHandler (CreatePipelineCommandHandler.java:handle(113)) - Created Pipeline RATIS ONE PipelineID=e05b13f2-26fa-4a7c-9892-d8e9308dbf4a.
2023-05-18 02:47:09,942 [Command processor thread] INFO  server.RaftServer (RaftServerProxy.java:addNew(98)) - a884725c-3443-458c-8df7-7c5a51101be7: addNew group-0423365083F1:[a884725c-3443-458c-8df7-7c5a51101be7|rpc:10.1.1.154:15013|admin:10.1.1.154:15012|client:10.1.1.154:15011|dataStream:10.1.1.154:15014|priority:0|startupRole:FOLLOWER, a754d4c8-bbdd-415d-ab5e-ea5caa73cb25|rpc:10.1.1.154:15021|admin:10.1.1.154:15020|client:10.1.1.154:15019|dataStream:10.1.1.154:15022|priority:0|startupRole:FOLLOWER, eda5bed9-420b-4517-a9a1-164df2c5dc2a|rpc:10.1.1.154:15029|admin:10.1.1.154:15028|client:10.1.1.154:15027|dataStream:10.1.1.154:15030|priority:1|startupRole:FOLLOWER] returns group-0423365083F1:java.util.concurrent.CompletableFuture@2210b36b[Not completed]
2023-05-18 02:47:09,944 [EventQueue-OpenPipelineForHealthyPipelineSafeModeRule] INFO  safemode.SCMSafeModeManager (HealthyPipelineSafeModeRule.java:process(137)) - SCM in safe mode. Healthy pipelines reported count is 0, required healthy pipeline reported count is 1
2023-05-18 02:47:09,946 [a884725c-3443-458c-8df7-7c5a51101be7-groupManagement] INFO  server.RaftServer$Division (RaftServerImpl.java:<init>(198)) - a884725c-3443-458c-8df7-7c5a51101be7: new RaftServerImpl for group-0423365083F1:[a884725c-3443-458c-8df7-7c5a51101be7|rpc:10.1.1.154:15013|admin:10.1.1.154:15012|client:10.1.1.154:15011|dataStream:10.1.1.154:15014|priority:0|startupRole:FOLLOWER, a754d4c8-bbdd-415d-ab5e-ea5caa73cb25|rpc:10.1.1.154:15021|admin:10.1.1.154:15020|client:10.1.1.154:15019|dataStream:10.1.1.154:15022|priority:0|startupRole:FOLLOWER, eda5bed9-420b-4517-a9a1-164df2c5dc2a|rpc:10.1.1.154:15029|admin:10.1.1.154:15028|client:10.1.1.154:15027|dataStream:10.1.1.154:15030|priority:1|startupRole:FOLLOWER] with ContainerStateMachine:uninitialized
2023-05-18 02:47:09,948 [a884725c-3443-458c-8df7-7c5a51101be7-groupManagement] INFO  server.RaftServerConfigKeys (ConfUtils.java:logGet(46)) - raft.server.rpc.timeout.min = 5s (custom)
2023-05-18 02:47:09,948 [a884725c-3443-458c-8df7-7c5a51101be7-groupManagement] INFO  server.RaftServerConfigKeys (ConfUtils.java:logGet(46)) - raft.server.rpc.timeout.max = 5200ms (custom)
2023-05-18 02:47:09,948 [a884725c-3443-458c-8df7-7c5a51101be7-groupManagement] INFO  server.RaftServerConfigKeys (ConfUtils.java:logGet(46)) - raft.server.rpc.sleep.time = 25ms (default)
2023-05-18 02:47:09,948 [a884725c-3443-458c-8df7-7c5a51101be7-groupManagement] INFO  server.RaftServerConfigKeys (ConfUtils.java:logGet(46)) - raft.server.rpc.slowness.timeout = 300s (custom)
2023-05-18 02:47:09,948 [a884725c-3443-458c-8df7-7c5a51101be7-groupManagement] INFO  server.RaftServerConfigKeys (ConfUtils.java:logGet(46)) - raft.server.leaderelection.leader.step-down.wait-time = 10s (default)
2023-05-18 02:47:09,948 [a884725c-3443-458c-8df7-7c5a51101be7-groupManagement] INFO  server.RaftServerConfigKeys (ConfUtils.java:logGet(46)) - raft.server.sleep.deviation.threshold = 300ms (default)
2023-05-18 02:47:09,948 [a884725c-3443-458c-8df7-7c5a51101be7-groupManagement] INFO  server.RaftServer$Division (ServerState.java:<init>(120)) - a884725c-3443-458c-8df7-7c5a51101be7@group-0423365083F1: ConfigurationManager, init=-1: peers:[a884725c-3443-458c-8df7-7c5a51101be7|rpc:10.1.1.154:15013|admin:10.1.1.154:15012|client:10.1.1.154:15011|dataStream:10.1.1.154:15014|priority:0|startupRole:FOLLOWER, a754d4c8-bbdd-415d-ab5e-ea5caa73cb25|rpc:10.1.1.154:15021|admin:10.1.1.154:15020|client:10.1.1.154:15019|dataStream:10.1.1.154:15022|priority:0|startupRole:FOLLOWER, eda5bed9-420b-4517-a9a1-164df2c5dc2a|rpc:10.1.1.154:15029|admin:10.1.1.154:15028|client:10.1.1.154:15027|dataStream:10.1.1.154:15030|priority:1|startupRole:FOLLOWER]|listeners:[], old=null, confs=<EMPTY_MAP>
2023-05-18 02:47:09,950 [a884725c-3443-458c-8df7-7c5a51101be7-groupManagement] INFO  server.RaftServerConfigKeys (ConfUtils.java:logGet(46)) - raft.server.storage.dir = [/home/runner/work/ozone/ozone/hadoop-ozone/integration-test/target/test-dir/MiniOzoneClusterImpl-522acec6-bbe2-4bbe-92e7-576262f261c3/datanode-0/data/ratis] (custom)
2023-05-18 02:47:09,950 [a884725c-3443-458c-8df7-7c5a51101be7-groupManagement] INFO  server.RaftServerConfigKeys (ConfUtils.java:logGet(46)) - raft.server.log.corruption.policy = EXCEPTION (default)
2023-05-18 02:47:09,950 [a884725c-3443-458c-8df7-7c5a51101be7-groupManagement] INFO  server.RaftServerConfigKeys (ConfUtils.java:logGet(46)) - raft.server.storage.free-space.min = 0MB (=0) (default)
2023-05-18 02:47:09,950 [a884725c-3443-458c-8df7-7c5a51101be7-groupManagement] INFO  server.RaftServerConfigKeys (ConfUtils.java:logGet(46)) - raft.server.notification.no-leader.timeout = 300s (custom)
2023-05-18 02:47:09,950 [a884725c-3443-458c-8df7-7c5a51101be7-groupManagement] INFO  server.RaftServerConfigKeys (ConfUtils.java:logGet(46)) - raft.server.read.timeout = 10s (default)
2023-05-18 02:47:09,950 [a884725c-3443-458c-8df7-7c5a51101be7-groupManagement] INFO  server.RaftServerConfigKeys (ConfUtils.java:logGet(46)) - raft.server.retrycache.expirytime = 600000ms (custom)
2023-05-18 02:47:09,950 [a884725c-3443-458c-8df7-7c5a51101be7-groupManagement] INFO  server.RaftServerConfigKeys (ConfUtils.java:logGet(46)) - raft.server.retrycache.statistics.expirytime = 100μs (default)
2023-05-18 02:47:09,950 [a884725c-3443-458c-8df7-7c5a51101be7-groupManagement] INFO  server.RaftServerConfigKeys (ConfUtils.java:logGet(46)) - raft.server.read.option = DEFAULT (default)
2023-05-18 02:47:09,959 [a884725c-3443-458c-8df7-7c5a51101be7-groupManagement] INFO  server.RaftServerConfigKeys (ConfUtils.java:logGet(46)) - raft.server.rpc.request.timeout = 60s (custom)
2023-05-18 02:47:09,959 [a884725c-3443-458c-8df7-7c5a51101be7-groupManagement] INFO  server.RaftServerConfigKeys (ConfUtils.java:logGet(46)) - raft.server.log.appender.install.snapshot.enabled = false (custom)
2023-05-18 02:47:09,959 [a884725c-3443-458c-8df7-7c5a51101be7-groupManagement] INFO  server.RaftServerConfigKeys (ConfUtils.java:logGet(46)) - raft.server.threadpool.server.cached = true (default)
2023-05-18 02:47:09,959 [a884725c-3443-458c-8df7-7c5a51101be7-groupManagement] INFO  server.RaftServerConfigKeys (ConfUtils.java:logGet(46)) - raft.server.threadpool.server.size = 0 (default)
2023-05-18 02:47:09,959 [a884725c-3443-458c-8df7-7c5a51101be7-groupManagement] INFO  server.RaftServerConfigKeys (ConfUtils.java:logGet(46)) - raft.server.threadpool.client.cached = true (default)
2023-05-18 02:47:09,959 [a884725c-3443-458c-8df7-7c5a51101be7-groupManagement] INFO  server.RaftServerConfigKeys (ConfUtils.java:logGet(46)) - raft.server.threadpool.client.size = 0 (default)
2023-05-18 02:47:09,959 [a884725c-3443-458c-8df7-7c5a51101be7-groupManagement] INFO  storage.RaftStorageDirectory (RaftStorageDirectoryImpl.java:analyzeStorage(137)) - The storage directory /home/runner/work/ozone/ozone/hadoop-ozone/integration-test/target/test-dir/MiniOzoneClusterImpl-522acec6-bbe2-4bbe-92e7-576262f261c3/datanode-0/data/ratis/fd565622-fcdd-4d83-9cbb-0423365083f1 does not exist. Creating ...
2023-05-18 02:47:09,960 [a884725c-3443-458c-8df7-7c5a51101be7-groupManagement] INFO  storage.RaftStorageDirectory (RaftStorageDirectoryImpl.java:tryLock(231)) - Lock on /home/runner/work/ozone/ozone/hadoop-ozone/integration-test/target/test-dir/MiniOzoneClusterImpl-522acec6-bbe2-4bbe-92e7-576262f261c3/datanode-0/data/ratis/fd565622-fcdd-4d83-9cbb-0423365083f1/in_use.lock acquired by nodename 9353@fv-az180-414
2023-05-18 02:47:09,961 [a884725c-3443-458c-8df7-7c5a51101be7-groupManagement] INFO  storage.RaftStorage (RaftStorageImpl.java:format(96)) - Storage directory /home/runner/work/ozone/ozone/hadoop-ozone/integration-test/target/test-dir/MiniOzoneClusterImpl-522acec6-bbe2-4bbe-92e7-576262f261c3/datanode-0/data/ratis/fd565622-fcdd-4d83-9cbb-0423365083f1 has been successfully formatted.
2023-05-18 02:47:09,962 [a884725c-3443-458c-8df7-7c5a51101be7-groupManagement] INFO  ratis.ContainerStateMachine (ContainerStateMachine.java:loadSnapshot(262)) - group-0423365083F1: The snapshot info is null. Setting the last applied indexto:(t:0, i:~)
2023-05-18 02:47:09,965 [EventQueue-OpenPipelineForHealthyPipelineSafeModeRule] INFO  safemode.SCMSafeModeManager (HealthyPipelineSafeModeRule.java:process(137)) - SCM in safe mode. Healthy pipelines reported count is 0, required healthy pipeline reported count is 1
2023-05-18 02:47:09,970 [a884725c-3443-458c-8df7-7c5a51101be7-groupManagement] INFO  server.RaftServerConfigKeys (ConfUtils.java:logGet(46)) - raft.server.log.use.memory = false (default)
2023-05-18 02:47:09,970 [a884725c-3443-458c-8df7-7c5a51101be7-groupManagement] INFO  server.RaftServerConfigKeys (ConfUtils.java:logGet(46)) - raft.server.log.purge.gap = 1000000 (custom)
2023-05-18 02:47:09,970 [a884725c-3443-458c-8df7-7c5a51101be7-groupManagement] INFO  server.RaftServerConfigKeys (ConfUtils.java:logGet(46)) - raft.server.log.appender.buffer.byte-limit = 33554432 (custom)
2023-05-18 02:47:09,970 [a884725c-3443-458c-8df7-7c5a51101be7-groupManagement] INFO  server.RaftServerConfigKeys (ConfUtils.java:logGet(46)) - raft.server.log.statemachine.data.read.timeout = 1000ms (default)
2023-05-18 02:47:09,971 [a884725c-3443-458c-8df7-7c5a51101be7-groupManagement] INFO  server.RaftServerConfigKeys (ConfUtils.java:logGet(46)) - raft.server.log.purge.preservation.log.num = 0 (default)
2023-05-18 02:47:09,971 [a884725c-3443-458c-8df7-7c5a51101be7-groupManagement] INFO  server.RaftServerConfigKeys (ConfUtils.java:logGet(46)) - raft.server.log.segment.size.max = 1048576 (custom)
2023-05-18 02:47:09,971 [a884725c-3443-458c-8df7-7c5a51101be7-groupManagement] INFO  server.RaftServerConfigKeys (ConfUtils.java:logGet(46)) - raft.server.log.segment.cache.num.max = 2 (custom)
2023-05-18 02:47:09,971 [a884725c-3443-458c-8df7-7c5a51101be7-groupManagement] INFO  server.RaftServerConfigKeys (ConfUtils.java:logGet(46)) - raft.server.log.segment.cache.size.max = 200MB (=209715200) (default)
2023-05-18 02:47:09,971 [a884725c-3443-458c-8df7-7c5a51101be7-groupManagement] INFO  server.RaftServerConfigKeys (ConfUtils.java:logGet(46)) - raft.server.log.appender.buffer.byte-limit = 33554432 (custom)
2023-05-18 02:47:09,972 [a884725c-3443-458c-8df7-7c5a51101be7-groupManagement] INFO  segmented.SegmentedRaftLogWorker (SegmentedRaftLogWorker.java:<init>(188)) - new a884725c-3443-458c-8df7-7c5a51101be7@group-0423365083F1-SegmentedRaftLogWorker for RaftStorageImpl:Storage Directory /home/runner/work/ozone/ozone/hadoop-ozone/integration-test/target/test-dir/MiniOzoneClusterImpl-522acec6-bbe2-4bbe-92e7-576262f261c3/datanode-0/data/ratis/fd565622-fcdd-4d83-9cbb-0423365083f1
2023-05-18 02:47:09,972 [a884725c-3443-458c-8df7-7c5a51101be7-groupManagement] INFO  server.RaftServerConfigKeys (ConfUtils.java:logGet(46)) - raft.server.log.queue.byte-limit = 4294967296 (custom)
2023-05-18 02:47:09,972 [a884725c-3443-458c-8df7-7c5a51101be7-groupManagement] INFO  server.RaftServerConfigKeys (ConfUtils.java:logGet(46)) - raft.server.log.queue.element-limit = 1024 (custom)
2023-05-18 02:47:09,972 [a884725c-3443-458c-8df7-7c5a51101be7-groupManagement] INFO  server.RaftServerConfigKeys (ConfUtils.java:logGet(46)) - raft.server.log.segment.size.max = 1048576 (custom)
2023-05-18 02:47:09,972 [a884725c-3443-458c-8df7-7c5a51101be7-groupManagement] INFO  server.RaftServerConfigKeys (ConfUtils.java:logGet(46)) - raft.server.log.preallocated.size = 16384 (custom)
2023-05-18 02:47:09,972 [a884725c-3443-458c-8df7-7c5a51101be7-groupManagement] INFO  server.RaftServerConfigKeys (ConfUtils.java:logGet(46)) - raft.server.log.force.sync.num = 128 (default)
2023-05-18 02:47:09,972 [a884725c-3443-458c-8df7-7c5a51101be7-groupManagement] INFO  server.RaftServerConfigKeys (ConfUtils.java:logGet(46)) - raft.server.log.statemachine.data.sync = true (default)
2023-05-18 02:47:09,972 [a884725c-3443-458c-8df7-7c5a51101be7-groupManagement] INFO  server.RaftServerConfigKeys (ConfUtils.java:logGet(46)) - raft.server.log.statemachine.data.sync.timeout = 10s (default)
2023-05-18 02:47:09,972 [a884725c-3443-458c-8df7-7c5a51101be7-groupManagement] INFO  server.RaftServerConfigKeys (ConfUtils.java:logGet(46)) - raft.server.log.statemachine.data.sync.timeout.retry = -1 (default)
2023-05-18 02:47:09,973 [a884725c-3443-458c-8df7-7c5a51101be7-groupManagement] INFO  server.RaftServerConfigKeys (ConfUtils.java:logGet(46)) - raft.server.log.write.buffer.size = 1048576 (custom)
2023-05-18 02:47:09,974 [a884725c-3443-458c-8df7-7c5a51101be7-groupManagement] INFO  server.RaftServerConfigKeys (ConfUtils.java:logGet(46)) - raft.server.log.appender.buffer.byte-limit = 33554432 (custom)
2023-05-18 02:47:09,983 [a884725c-3443-458c-8df7-7c5a51101be7-groupManagement] INFO  server.RaftServerConfigKeys (ConfUtils.java:logGet(46)) - raft.server.log.unsafe-flush.enabled = false (default)
2023-05-18 02:47:09,983 [a884725c-3443-458c-8df7-7c5a51101be7-groupManagement] INFO  server.RaftServerConfigKeys (ConfUtils.java:logGet(46)) - raft.server.log.async-flush.enabled = false (default)
2023-05-18 02:47:09,983 [a884725c-3443-458c-8df7-7c5a51101be7-groupManagement] INFO  server.RaftServerConfigKeys (ConfUtils.java:logGet(46)) - raft.server.log.statemachine.data.caching.enabled = true (custom)
2023-05-18 02:47:09,984 [a884725c-3443-458c-8df7-7c5a51101be7-groupManagement] INFO  segmented.SegmentedRaftLogWorker (SegmentedRaftLogWorker.java:lambda$new$0(135)) - a884725c-3443-458c-8df7-7c5a51101be7@group-0423365083F1-SegmentedRaftLogWorker: flushIndex: setUnconditionally 0 -> -1
2023-05-18 02:47:09,984 [a884725c-3443-458c-8df7-7c5a51101be7-groupManagement] INFO  segmented.SegmentedRaftLogWorker (SegmentedRaftLogWorker.java:lambda$new$0(135)) - a884725c-3443-458c-8df7-7c5a51101be7@group-0423365083F1-SegmentedRaftLogWorker: safeCacheEvictIndex: setUnconditionally 0 -> -1
2023-05-18 02:47:09,984 [a884725c-3443-458c-8df7-7c5a51101be7-groupManagement] INFO  server.RaftServer$Division (RaftServerImpl.java:start(342)) - a884725c-3443-458c-8df7-7c5a51101be7@group-0423365083F1: start as a follower, conf=-1: peers:[a884725c-3443-458c-8df7-7c5a51101be7|rpc:10.1.1.154:15013|admin:10.1.1.154:15012|client:10.1.1.154:15011|dataStream:10.1.1.154:15014|priority:0|startupRole:FOLLOWER, a754d4c8-bbdd-415d-ab5e-ea5caa73cb25|rpc:10.1.1.154:15021|admin:10.1.1.154:15020|client:10.1.1.154:15019|dataStream:10.1.1.154:15022|priority:0|startupRole:FOLLOWER, eda5bed9-420b-4517-a9a1-164df2c5dc2a|rpc:10.1.1.154:15029|admin:10.1.1.154:15028|client:10.1.1.154:15027|dataStream:10.1.1.154:15030|priority:1|startupRole:FOLLOWER]|listeners:[], old=null
2023-05-18 02:47:09,985 [a884725c-3443-458c-8df7-7c5a51101be7-groupManagement] INFO  server.RaftServer$Division (RaftServerImpl.java:setRole(329)) - a884725c-3443-458c-8df7-7c5a51101be7@group-0423365083F1: changes role from      null to FOLLOWER at term 0 for startAsFollower
2023-05-18 02:47:09,985 [a884725c-3443-458c-8df7-7c5a51101be7-groupManagement] INFO  impl.RoleInfo (RoleInfo.java:updateAndGet(139)) - a884725c-3443-458c-8df7-7c5a51101be7: start a884725c-3443-458c-8df7-7c5a51101be7@group-0423365083F1-FollowerState
2023-05-18 02:47:09,985 [a884725c-3443-458c-8df7-7c5a51101be7-groupManagement] INFO  util.JmxRegister (JmxRegister.java:tryRegister(44)) - Successfully registered JMX Bean with object name Ratis:service=RaftServer,group=group-0423365083F1,id=a884725c-3443-458c-8df7-7c5a51101be7
2023-05-18 02:47:09,985 [a884725c-3443-458c-8df7-7c5a51101be7-groupManagement] INFO  server.RaftServerConfigKeys (ConfUtils.java:logGet(46)) - raft.server.snapshot.auto.trigger.enabled = true (custom)
2023-05-18 02:47:09,985 [a884725c-3443-458c-8df7-7c5a51101be7-groupManagement] INFO  server.RaftServerConfigKeys (ConfUtils.java:logGet(46)) - raft.server.snapshot.auto.trigger.threshold = 10000 (custom)
2023-05-18 02:47:09,985 [a884725c-3443-458c-8df7-7c5a51101be7-groupManagement] INFO  server.RaftServerConfigKeys (ConfUtils.java:logGet(46)) - raft.server.snapshot.retention.file.num = 5 (custom)
2023-05-18 02:47:09,985 [a884725c-3443-458c-8df7-7c5a51101be7-groupManagement] INFO  server.RaftServerConfigKeys (ConfUtils.java:logGet(46)) - raft.server.log.purge.upto.snapshot.index = false (default)
2023-05-18 02:47:09,985 [BlockDeletingService#0] INFO  interfaces.ContainerDeletionChoosingPolicyTemplate (ContainerDeletionChoosingPolicyTemplate.java:chooseContainerForBlockDeletion(83)) - Chosen 0/5000 blocks from 0 candidate containers.
2023-05-18 02:47:09,988 [Command processor thread] INFO  ratis.XceiverServerRatis (XceiverServerRatis.java:addGroup(806)) - Created group PipelineID=fd565622-fcdd-4d83-9cbb-0423365083f1
2023-05-18 02:47:09,993 [a884725c-3443-458c-8df7-7c5a51101be7@group-0423365083F1-FollowerState] INFO  server.RaftServerConfigKeys (ConfUtils.java:logFallback(53)) - raft.server.rpc.first-election.timeout.min = 5s (fallback to raft.server.rpc.timeout.min)
2023-05-18 02:47:09,993 [a884725c-3443-458c-8df7-7c5a51101be7@group-0423365083F1-FollowerState] INFO  server.RaftServerConfigKeys (ConfUtils.java:logFallback(53)) - raft.server.rpc.first-election.timeout.max = 5200ms (fallback to raft.server.rpc.timeout.max)
2023-05-18 02:47:10,064 [BlockDeletingService#2] INFO  interfaces.ContainerDeletionChoosingPolicyTemplate (ContainerDeletionChoosingPolicyTemplate.java:chooseContainerForBlockDeletion(83)) - Chosen 0/5000 blocks from 0 candidate containers.
2023-05-18 02:47:10,182 [BlockDeletingService#1] INFO  interfaces.ContainerDeletionChoosingPolicyTemplate (ContainerDeletionChoosingPolicyTemplate.java:chooseContainerForBlockDeletion(83)) - Chosen 0/5000 blocks from 0 candidate containers.
2023-05-18 02:47:10,314 [Listener at 127.0.0.1/15004] INFO  ozone.MiniOzoneClusterImpl (MiniOzoneClusterImpl.java:lambda$waitForClusterToBeReady$0(222)) - Nodes are ready. Got 8 of 8 DN Heartbeats.
2023-05-18 02:47:10,314 [Listener at 127.0.0.1/15004] INFO  ozone.MiniOzoneClusterImpl (MiniOzoneClusterImpl.java:lambda$waitForClusterToBeReady$0(225)) - Waiting for cluster to exit safe mode
2023-05-18 02:47:10,314 [Listener at 127.0.0.1/15004] INFO  ozone.MiniOzoneClusterImpl (MiniOzoneClusterImpl.java:lambda$waitForClusterToBeReady$0(227)) - SCM became leader
2023-05-18 02:47:10,339 [grpc-default-executor-0] INFO  server.RaftServer (RaftServerProxy.java:addNew(98)) - eda5bed9-420b-4517-a9a1-164df2c5dc2a: addNew group-0423365083F1:[a884725c-3443-458c-8df7-7c5a51101be7|rpc:10.1.1.154:15013|admin:10.1.1.154:15012|client:10.1.1.154:15011|dataStream:10.1.1.154:15014|priority:0|startupRole:FOLLOWER, a754d4c8-bbdd-415d-ab5e-ea5caa73cb25|rpc:10.1.1.154:15021|admin:10.1.1.154:15020|client:10.1.1.154:15019|dataStream:10.1.1.154:15022|priority:0|startupRole:FOLLOWER, eda5bed9-420b-4517-a9a1-164df2c5dc2a|rpc:10.1.1.154:15029|admin:10.1.1.154:15028|client:10.1.1.154:15027|dataStream:10.1.1.154:15030|priority:1|startupRole:FOLLOWER] returns group-0423365083F1:java.util.concurrent.CompletableFuture@294fe6d1[Not completed]
2023-05-18 02:47:10,343 [eda5bed9-420b-4517-a9a1-164df2c5dc2a-groupManagement] INFO  server.RaftServer$Division (RaftServerImpl.java:<init>(198)) - eda5bed9-420b-4517-a9a1-164df2c5dc2a: new RaftServerImpl for group-0423365083F1:[a884725c-3443-458c-8df7-7c5a51101be7|rpc:10.1.1.154:15013|admin:10.1.1.154:15012|client:10.1.1.154:15011|dataStream:10.1.1.154:15014|priority:0|startupRole:FOLLOWER, a754d4c8-bbdd-415d-ab5e-ea5caa73cb25|rpc:10.1.1.154:15021|admin:10.1.1.154:15020|client:10.1.1.154:15019|dataStream:10.1.1.154:15022|priority:0|startupRole:FOLLOWER, eda5bed9-420b-4517-a9a1-164df2c5dc2a|rpc:10.1.1.154:15029|admin:10.1.1.154:15028|client:10.1.1.154:15027|dataStream:10.1.1.154:15030|priority:1|startupRole:FOLLOWER] with ContainerStateMachine:uninitialized
2023-05-18 02:47:10,343 [eda5bed9-420b-4517-a9a1-164df2c5dc2a-groupManagement] INFO  server.RaftServerConfigKeys (ConfUtils.java:logGet(46)) - raft.server.rpc.timeout.min = 5s (custom)
2023-05-18 02:47:10,343 [eda5bed9-420b-4517-a9a1-164df2c5dc2a-groupManagement] INFO  server.RaftServerConfigKeys (ConfUtils.java:logGet(46)) - raft.server.rpc.timeout.max = 5200ms (custom)
2023-05-18 02:47:10,343 [eda5bed9-420b-4517-a9a1-164df2c5dc2a-groupManagement] INFO  server.RaftServerConfigKeys (ConfUtils.java:logGet(46)) - raft.server.rpc.sleep.time = 25ms (default)
2023-05-18 02:47:10,343 [eda5bed9-420b-4517-a9a1-164df2c5dc2a-groupManagement] INFO  server.RaftServerConfigKeys (ConfUtils.java:logGet(46)) - raft.server.rpc.slowness.timeout = 300s (custom)
2023-05-18 02:47:10,343 [eda5bed9-420b-4517-a9a1-164df2c5dc2a-groupManagement] INFO  server.RaftServerConfigKeys (ConfUtils.java:logGet(46)) - raft.server.leaderelection.leader.step-down.wait-time = 10s (default)
2023-05-18 02:47:10,343 [eda5bed9-420b-4517-a9a1-164df2c5dc2a-groupManagement] INFO  server.RaftServerConfigKeys (ConfUtils.java:logGet(46)) - raft.server.sleep.deviation.threshold = 300ms (default)
2023-05-18 02:47:10,343 [eda5bed9-420b-4517-a9a1-164df2c5dc2a-groupManagement] INFO  server.RaftServer$Division (ServerState.java:<init>(120)) - eda5bed9-420b-4517-a9a1-164df2c5dc2a@group-0423365083F1: ConfigurationManager, init=-1: peers:[a884725c-3443-458c-8df7-7c5a51101be7|rpc:10.1.1.154:15013|admin:10.1.1.154:15012|client:10.1.1.154:15011|dataStream:10.1.1.154:15014|priority:0|startupRole:FOLLOWER, a754d4c8-bbdd-415d-ab5e-ea5caa73cb25|rpc:10.1.1.154:15021|admin:10.1.1.154:15020|client:10.1.1.154:15019|dataStream:10.1.1.154:15022|priority:0|startupRole:FOLLOWER, eda5bed9-420b-4517-a9a1-164df2c5dc2a|rpc:10.1.1.154:15029|admin:10.1.1.154:15028|client:10.1.1.154:15027|dataStream:10.1.1.154:15030|priority:1|startupRole:FOLLOWER]|listeners:[], old=null, confs=<EMPTY_MAP>
2023-05-18 02:47:10,344 [eda5bed9-420b-4517-a9a1-164df2c5dc2a-groupManagement] INFO  server.RaftServerConfigKeys (ConfUtils.java:logGet(46)) - raft.server.storage.dir = [/home/runner/work/ozone/ozone/hadoop-ozone/integration-test/target/test-dir/MiniOzoneClusterImpl-522acec6-bbe2-4bbe-92e7-576262f261c3/datanode-2/data/ratis] (custom)
2023-05-18 02:47:10,344 [eda5bed9-420b-4517-a9a1-164df2c5dc2a-groupManagement] INFO  server.RaftServerConfigKeys (ConfUtils.java:logGet(46)) - raft.server.log.corruption.policy = EXCEPTION (default)
2023-05-18 02:47:10,344 [eda5bed9-420b-4517-a9a1-164df2c5dc2a-groupManagement] INFO  server.RaftServerConfigKeys (ConfUtils.java:logGet(46)) - raft.server.storage.free-space.min = 0MB (=0) (default)
2023-05-18 02:47:10,344 [eda5bed9-420b-4517-a9a1-164df2c5dc2a-groupManagement] INFO  server.RaftServerConfigKeys (ConfUtils.java:logGet(46)) - raft.server.notification.no-leader.timeout = 300s (custom)
2023-05-18 02:47:10,344 [eda5bed9-420b-4517-a9a1-164df2c5dc2a-groupManagement] INFO  server.RaftServerConfigKeys (ConfUtils.java:logGet(46)) - raft.server.read.timeout = 10s (default)
2023-05-18 02:47:10,344 [eda5bed9-420b-4517-a9a1-164df2c5dc2a-groupManagement] INFO  server.RaftServerConfigKeys (ConfUtils.java:logGet(46)) - raft.server.retrycache.expirytime = 600000ms (custom)
2023-05-18 02:47:10,344 [eda5bed9-420b-4517-a9a1-164df2c5dc2a-groupManagement] INFO  server.RaftServerConfigKeys (ConfUtils.java:logGet(46)) - raft.server.retrycache.statistics.expirytime = 100μs (default)
2023-05-18 02:47:10,344 [eda5bed9-420b-4517-a9a1-164df2c5dc2a-groupManagement] INFO  server.RaftServerConfigKeys (ConfUtils.java:logGet(46)) - raft.server.read.option = DEFAULT (default)
2023-05-18 02:47:10,353 [eda5bed9-420b-4517-a9a1-164df2c5dc2a-groupManagement] INFO  server.RaftServerConfigKeys (ConfUtils.java:logGet(46)) - raft.server.rpc.request.timeout = 60s (custom)
2023-05-18 02:47:10,353 [eda5bed9-420b-4517-a9a1-164df2c5dc2a-groupManagement] INFO  server.RaftServerConfigKeys (ConfUtils.java:logGet(46)) - raft.server.log.appender.install.snapshot.enabled = false (custom)
2023-05-18 02:47:10,353 [eda5bed9-420b-4517-a9a1-164df2c5dc2a-groupManagement] INFO  server.RaftServerConfigKeys (ConfUtils.java:logGet(46)) - raft.server.threadpool.server.cached = true (default)
2023-05-18 02:47:10,354 [eda5bed9-420b-4517-a9a1-164df2c5dc2a-groupManagement] INFO  server.RaftServerConfigKeys (ConfUtils.java:logGet(46)) - raft.server.threadpool.server.size = 0 (default)
2023-05-18 02:47:10,354 [eda5bed9-420b-4517-a9a1-164df2c5dc2a-groupManagement] INFO  server.RaftServerConfigKeys (ConfUtils.java:logGet(46)) - raft.server.threadpool.client.cached = true (default)
2023-05-18 02:47:10,354 [eda5bed9-420b-4517-a9a1-164df2c5dc2a-groupManagement] INFO  server.RaftServerConfigKeys (ConfUtils.java:logGet(46)) - raft.server.threadpool.client.size = 0 (default)
2023-05-18 02:47:10,354 [eda5bed9-420b-4517-a9a1-164df2c5dc2a-groupManagement] INFO  storage.RaftStorageDirectory (RaftStorageDirectoryImpl.java:analyzeStorage(137)) - The storage directory /home/runner/work/ozone/ozone/hadoop-ozone/integration-test/target/test-dir/MiniOzoneClusterImpl-522acec6-bbe2-4bbe-92e7-576262f261c3/datanode-2/data/ratis/fd565622-fcdd-4d83-9cbb-0423365083f1 does not exist. Creating ...
2023-05-18 02:47:10,356 [eda5bed9-420b-4517-a9a1-164df2c5dc2a-groupManagement] INFO  storage.RaftStorageDirectory (RaftStorageDirectoryImpl.java:tryLock(231)) - Lock on /home/runner/work/ozone/ozone/hadoop-ozone/integration-test/target/test-dir/MiniOzoneClusterImpl-522acec6-bbe2-4bbe-92e7-576262f261c3/datanode-2/data/ratis/fd565622-fcdd-4d83-9cbb-0423365083f1/in_use.lock acquired by nodename 9353@fv-az180-414
2023-05-18 02:47:10,356 [eda5bed9-420b-4517-a9a1-164df2c5dc2a-groupManagement] INFO  storage.RaftStorage (RaftStorageImpl.java:format(96)) - Storage directory /home/runner/work/ozone/ozone/hadoop-ozone/integration-test/target/test-dir/MiniOzoneClusterImpl-522acec6-bbe2-4bbe-92e7-576262f261c3/datanode-2/data/ratis/fd565622-fcdd-4d83-9cbb-0423365083f1 has been successfully formatted.
2023-05-18 02:47:10,359 [eda5bed9-420b-4517-a9a1-164df2c5dc2a-groupManagement] INFO  ratis.ContainerStateMachine (ContainerStateMachine.java:loadSnapshot(262)) - group-0423365083F1: The snapshot info is null. Setting the last applied indexto:(t:0, i:~)
2023-05-18 02:47:10,359 [eda5bed9-420b-4517-a9a1-164df2c5dc2a-groupManagement] INFO  server.RaftServerConfigKeys (ConfUtils.java:logGet(46)) - raft.server.log.use.memory = false (default)
2023-05-18 02:47:10,363 [eda5bed9-420b-4517-a9a1-164df2c5dc2a-groupManagement] INFO  server.RaftServerConfigKeys (ConfUtils.java:logGet(46)) - raft.server.log.purge.gap = 1000000 (custom)
2023-05-18 02:47:10,363 [eda5bed9-420b-4517-a9a1-164df2c5dc2a-groupManagement] INFO  server.RaftServerConfigKeys (ConfUtils.java:logGet(46)) - raft.server.log.appender.buffer.byte-limit = 33554432 (custom)
2023-05-18 02:47:10,363 [eda5bed9-420b-4517-a9a1-164df2c5dc2a-groupManagement] INFO  server.RaftServerConfigKeys (ConfUtils.java:logGet(46)) - raft.server.log.statemachine.data.read.timeout = 1000ms (default)
2023-05-18 02:47:10,363 [eda5bed9-420b-4517-a9a1-164df2c5dc2a-groupManagement] INFO  server.RaftServerConfigKeys (ConfUtils.java:logGet(46)) - raft.server.log.purge.preservation.log.num = 0 (default)
2023-05-18 02:47:10,364 [eda5bed9-420b-4517-a9a1-164df2c5dc2a-groupManagement] INFO  server.RaftServerConfigKeys (ConfUtils.java:logGet(46)) - raft.server.log.segment.size.max = 1048576 (custom)
2023-05-18 02:47:10,364 [eda5bed9-420b-4517-a9a1-164df2c5dc2a-groupManagement] INFO  server.RaftServerConfigKeys (ConfUtils.java:logGet(46)) - raft.server.log.segment.cache.num.max = 2 (custom)
2023-05-18 02:47:10,364 [eda5bed9-420b-4517-a9a1-164df2c5dc2a-groupManagement] INFO  server.RaftServerConfigKeys (ConfUtils.java:logGet(46)) - raft.server.log.segment.cache.size.max = 200MB (=209715200) (default)
2023-05-18 02:47:10,364 [eda5bed9-420b-4517-a9a1-164df2c5dc2a-groupManagement] INFO  server.RaftServerConfigKeys (ConfUtils.java:logGet(46)) - raft.server.log.appender.buffer.byte-limit = 33554432 (custom)
2023-05-18 02:47:10,364 [eda5bed9-420b-4517-a9a1-164df2c5dc2a-groupManagement] INFO  segmented.SegmentedRaftLogWorker (SegmentedRaftLogWorker.java:<init>(188)) - new eda5bed9-420b-4517-a9a1-164df2c5dc2a@group-0423365083F1-SegmentedRaftLogWorker for RaftStorageImpl:Storage Directory /home/runner/work/ozone/ozone/hadoop-ozone/integration-test/target/test-dir/MiniOzoneClusterImpl-522acec6-bbe2-4bbe-92e7-576262f261c3/datanode-2/data/ratis/fd565622-fcdd-4d83-9cbb-0423365083f1
2023-05-18 02:47:10,364 [eda5bed9-420b-4517-a9a1-164df2c5dc2a-groupManagement] INFO  server.RaftServerConfigKeys (ConfUtils.java:logGet(46)) - raft.server.log.queue.byte-limit = 4294967296 (custom)
2023-05-18 02:47:10,364 [eda5bed9-420b-4517-a9a1-164df2c5dc2a-groupManagement] INFO  server.RaftServerConfigKeys (ConfUtils.java:logGet(46)) - raft.server.log.queue.element-limit = 1024 (custom)
2023-05-18 02:47:10,364 [eda5bed9-420b-4517-a9a1-164df2c5dc2a-groupManagement] INFO  server.RaftServerConfigKeys (ConfUtils.java:logGet(46)) - raft.server.log.segment.size.max = 1048576 (custom)
2023-05-18 02:47:10,364 [eda5bed9-420b-4517-a9a1-164df2c5dc2a-groupManagement] INFO  server.RaftServerConfigKeys (ConfUtils.java:logGet(46)) - raft.server.log.preallocated.size = 16384 (custom)
2023-05-18 02:47:10,364 [eda5bed9-420b-4517-a9a1-164df2c5dc2a-groupManagement] INFO  server.RaftServerConfigKeys (ConfUtils.java:logGet(46)) - raft.server.log.force.sync.num = 128 (default)
2023-05-18 02:47:10,365 [eda5bed9-420b-4517-a9a1-164df2c5dc2a-groupManagement] INFO  server.RaftServerConfigKeys (ConfUtils.java:logGet(46)) - raft.server.log.statemachine.data.sync = true (default)
2023-05-18 02:47:10,365 [eda5bed9-420b-4517-a9a1-164df2c5dc2a-groupManagement] INFO  server.RaftServerConfigKeys (ConfUtils.java:logGet(46)) - raft.server.log.statemachine.data.sync.timeout = 10s (default)
2023-05-18 02:47:10,365 [eda5bed9-420b-4517-a9a1-164df2c5dc2a-groupManagement] INFO  server.RaftServerConfigKeys (ConfUtils.java:logGet(46)) - raft.server.log.statemachine.data.sync.timeout.retry = -1 (default)
2023-05-18 02:47:10,366 [BlockDeletingService#2] INFO  interfaces.ContainerDeletionChoosingPolicyTemplate (ContainerDeletionChoosingPolicyTemplate.java:chooseContainerForBlockDeletion(83)) - Chosen 0/5000 blocks from 0 candidate containers.
2023-05-18 02:47:10,370 [BlockDeletingService#0] INFO  interfaces.ContainerDeletionChoosingPolicyTemplate (ContainerDeletionChoosingPolicyTemplate.java:chooseContainerForBlockDeletion(83)) - Chosen 0/5000 blocks from 0 candidate containers.
2023-05-18 02:47:10,372 [eda5bed9-420b-4517-a9a1-164df2c5dc2a-groupManagement] INFO  server.RaftServerConfigKeys (ConfUtils.java:logGet(46)) - raft.server.log.write.buffer.size = 1048576 (custom)
2023-05-18 02:47:10,373 [eda5bed9-420b-4517-a9a1-164df2c5dc2a-groupManagement] INFO  server.RaftServerConfigKeys (ConfUtils.java:logGet(46)) - raft.server.log.appender.buffer.byte-limit = 33554432 (custom)
2023-05-18 02:47:10,379 [eda5bed9-420b-4517-a9a1-164df2c5dc2a-groupManagement] INFO  server.RaftServerConfigKeys (ConfUtils.java:logGet(46)) - raft.server.log.unsafe-flush.enabled = false (default)
2023-05-18 02:47:10,379 [eda5bed9-420b-4517-a9a1-164df2c5dc2a-groupManagement] INFO  server.RaftServerConfigKeys (ConfUtils.java:logGet(46)) - raft.server.log.async-flush.enabled = false (default)
2023-05-18 02:47:10,379 [eda5bed9-420b-4517-a9a1-164df2c5dc2a-groupManagement] INFO  server.RaftServerConfigKeys (ConfUtils.java:logGet(46)) - raft.server.log.statemachine.data.caching.enabled = true (custom)
2023-05-18 02:47:10,379 [eda5bed9-420b-4517-a9a1-164df2c5dc2a-groupManagement] INFO  segmented.SegmentedRaftLogWorker (SegmentedRaftLogWorker.java:lambda$new$0(135)) - eda5bed9-420b-4517-a9a1-164df2c5dc2a@group-0423365083F1-SegmentedRaftLogWorker: flushIndex: setUnconditionally 0 -> -1
2023-05-18 02:47:10,379 [eda5bed9-420b-4517-a9a1-164df2c5dc2a-groupManagement] INFO  segmented.SegmentedRaftLogWorker (SegmentedRaftLogWorker.java:lambda$new$0(135)) - eda5bed9-420b-4517-a9a1-164df2c5dc2a@group-0423365083F1-SegmentedRaftLogWorker: safeCacheEvictIndex: setUnconditionally 0 -> -1
2023-05-18 02:47:10,380 [eda5bed9-420b-4517-a9a1-164df2c5dc2a-groupManagement] INFO  server.RaftServer$Division (RaftServerImpl.java:start(342)) - eda5bed9-420b-4517-a9a1-164df2c5dc2a@group-0423365083F1: start as a follower, conf=-1: peers:[a884725c-3443-458c-8df7-7c5a51101be7|rpc:10.1.1.154:15013|admin:10.1.1.154:15012|client:10.1.1.154:15011|dataStream:10.1.1.154:15014|priority:0|startupRole:FOLLOWER, a754d4c8-bbdd-415d-ab5e-ea5caa73cb25|rpc:10.1.1.154:15021|admin:10.1.1.154:15020|client:10.1.1.154:15019|dataStream:10.1.1.154:15022|priority:0|startupRole:FOLLOWER, eda5bed9-420b-4517-a9a1-164df2c5dc2a|rpc:10.1.1.154:15029|admin:10.1.1.154:15028|client:10.1.1.154:15027|dataStream:10.1.1.154:15030|priority:1|startupRole:FOLLOWER]|listeners:[], old=null
2023-05-18 02:47:10,380 [eda5bed9-420b-4517-a9a1-164df2c5dc2a-groupManagement] INFO  server.RaftServer$Division (RaftServerImpl.java:setRole(329)) - eda5bed9-420b-4517-a9a1-164df2c5dc2a@group-0423365083F1: changes role from      null to FOLLOWER at term 0 for startAsFollower
2023-05-18 02:47:10,380 [eda5bed9-420b-4517-a9a1-164df2c5dc2a-groupManagement] INFO  impl.RoleInfo (RoleInfo.java:updateAndGet(139)) - eda5bed9-420b-4517-a9a1-164df2c5dc2a: start eda5bed9-420b-4517-a9a1-164df2c5dc2a@group-0423365083F1-FollowerState
2023-05-18 02:47:10,381 [eda5bed9-420b-4517-a9a1-164df2c5dc2a-groupManagement] INFO  util.JmxRegister (JmxRegister.java:tryRegister(44)) - Successfully registered JMX Bean with object name Ratis:service=RaftServer,group=group-0423365083F1,id=eda5bed9-420b-4517-a9a1-164df2c5dc2a
2023-05-18 02:47:10,382 [eda5bed9-420b-4517-a9a1-164df2c5dc2a-groupManagement] INFO  server.RaftServerConfigKeys (ConfUtils.java:logGet(46)) - raft.server.snapshot.auto.trigger.enabled = true (custom)
2023-05-18 02:47:10,382 [eda5bed9-420b-4517-a9a1-164df2c5dc2a-groupManagement] INFO  server.RaftServerConfigKeys (ConfUtils.java:logGet(46)) - raft.server.snapshot.auto.trigger.threshold = 10000 (custom)
2023-05-18 02:47:10,382 [eda5bed9-420b-4517-a9a1-164df2c5dc2a-groupManagement] INFO  server.RaftServerConfigKeys (ConfUtils.java:logGet(46)) - raft.server.snapshot.retention.file.num = 5 (custom)
2023-05-18 02:47:10,382 [eda5bed9-420b-4517-a9a1-164df2c5dc2a-groupManagement] INFO  server.RaftServerConfigKeys (ConfUtils.java:logGet(46)) - raft.server.log.purge.upto.snapshot.index = false (default)
2023-05-18 02:47:10,396 [Command processor thread] INFO  server.RaftServer (RaftServerProxy.java:addNew(98)) - a754d4c8-bbdd-415d-ab5e-ea5caa73cb25: addNew group-A960F690CA8A:[a754d4c8-bbdd-415d-ab5e-ea5caa73cb25|rpc:10.1.1.154:15021|admin:10.1.1.154:15020|client:10.1.1.154:15019|dataStream:10.1.1.154:15022|priority:1|startupRole:FOLLOWER] returns group-A960F690CA8A:java.util.concurrent.CompletableFuture@6a4bbcf0[Not completed]
2023-05-18 02:47:10,404 [a754d4c8-bbdd-415d-ab5e-ea5caa73cb25-groupManagement] INFO  server.RaftServer$Division (RaftServerImpl.java:<init>(198)) - a754d4c8-bbdd-415d-ab5e-ea5caa73cb25: new RaftServerImpl for group-A960F690CA8A:[a754d4c8-bbdd-415d-ab5e-ea5caa73cb25|rpc:10.1.1.154:15021|admin:10.1.1.154:15020|client:10.1.1.154:15019|dataStream:10.1.1.154:15022|priority:1|startupRole:FOLLOWER] with ContainerStateMachine:uninitialized
2023-05-18 02:47:10,401 [eda5bed9-420b-4517-a9a1-164df2c5dc2a@group-0423365083F1-FollowerState] INFO  server.RaftServerConfigKeys (ConfUtils.java:logFallback(53)) - raft.server.rpc.first-election.timeout.min = 5s (fallback to raft.server.rpc.timeout.min)
2023-05-18 02:47:10,404 [eda5bed9-420b-4517-a9a1-164df2c5dc2a@group-0423365083F1-FollowerState] INFO  server.RaftServerConfigKeys (ConfUtils.java:logFallback(53)) - raft.server.rpc.first-election.timeout.max = 5200ms (fallback to raft.server.rpc.timeout.max)
2023-05-18 02:47:10,404 [a754d4c8-bbdd-415d-ab5e-ea5caa73cb25-groupManagement] INFO  server.RaftServerConfigKeys (ConfUtils.java:logGet(46)) - raft.server.rpc.timeout.min = 5s (custom)
2023-05-18 02:47:10,405 [a754d4c8-bbdd-415d-ab5e-ea5caa73cb25-groupManagement] INFO  server.RaftServerConfigKeys (ConfUtils.java:logGet(46)) - raft.server.rpc.timeout.max = 5200ms (custom)
2023-05-18 02:47:10,405 [a754d4c8-bbdd-415d-ab5e-ea5caa73cb25-groupManagement] INFO  server.RaftServerConfigKeys (ConfUtils.java:logGet(46)) - raft.server.rpc.sleep.time = 25ms (default)
2023-05-18 02:47:10,405 [a754d4c8-bbdd-415d-ab5e-ea5caa73cb25-groupManagement] INFO  server.RaftServerConfigKeys (ConfUtils.java:logGet(46)) - raft.server.rpc.slowness.timeout = 300s (custom)
2023-05-18 02:47:10,405 [a754d4c8-bbdd-415d-ab5e-ea5caa73cb25-groupManagement] INFO  server.RaftServerConfigKeys (ConfUtils.java:logGet(46)) - raft.server.leaderelection.leader.step-down.wait-time = 10s (default)
2023-05-18 02:47:10,405 [a754d4c8-bbdd-415d-ab5e-ea5caa73cb25-groupManagement] INFO  server.RaftServerConfigKeys (ConfUtils.java:logGet(46)) - raft.server.sleep.deviation.threshold = 300ms (default)
2023-05-18 02:47:10,405 [a754d4c8-bbdd-415d-ab5e-ea5caa73cb25-groupManagement] INFO  server.RaftServer$Division (ServerState.java:<init>(120)) - a754d4c8-bbdd-415d-ab5e-ea5caa73cb25@group-A960F690CA8A: ConfigurationManager, init=-1: peers:[a754d4c8-bbdd-415d-ab5e-ea5caa73cb25|rpc:10.1.1.154:15021|admin:10.1.1.154:15020|client:10.1.1.154:15019|dataStream:10.1.1.154:15022|priority:1|startupRole:FOLLOWER]|listeners:[], old=null, confs=<EMPTY_MAP>
2023-05-18 02:47:10,405 [a754d4c8-bbdd-415d-ab5e-ea5caa73cb25-groupManagement] INFO  server.RaftServerConfigKeys (ConfUtils.java:logGet(46)) - raft.server.storage.dir = [/home/runner/work/ozone/ozone/hadoop-ozone/integration-test/target/test-dir/MiniOzoneClusterImpl-522acec6-bbe2-4bbe-92e7-576262f261c3/datanode-1/data/ratis] (custom)
2023-05-18 02:47:10,405 [a754d4c8-bbdd-415d-ab5e-ea5caa73cb25-groupManagement] INFO  server.RaftServerConfigKeys (ConfUtils.java:logGet(46)) - raft.server.log.corruption.policy = EXCEPTION (default)
2023-05-18 02:47:10,405 [a754d4c8-bbdd-415d-ab5e-ea5caa73cb25-groupManagement] INFO  server.RaftServerConfigKeys (ConfUtils.java:logGet(46)) - raft.server.storage.free-space.min = 0MB (=0) (default)
2023-05-18 02:47:10,405 [a754d4c8-bbdd-415d-ab5e-ea5caa73cb25-groupManagement] INFO  server.RaftServerConfigKeys (ConfUtils.java:logGet(46)) - raft.server.notification.no-leader.timeout = 300s (custom)
2023-05-18 02:47:10,405 [a754d4c8-bbdd-415d-ab5e-ea5caa73cb25-groupManagement] INFO  server.RaftServerConfigKeys (ConfUtils.java:logGet(46)) - raft.server.read.timeout = 10s (default)
2023-05-18 02:47:10,405 [a754d4c8-bbdd-415d-ab5e-ea5caa73cb25-groupManagement] INFO  server.RaftServerConfigKeys (ConfUtils.java:logGet(46)) - raft.server.retrycache.expirytime = 600000ms (custom)
2023-05-18 02:47:10,406 [a754d4c8-bbdd-415d-ab5e-ea5caa73cb25-groupManagement] INFO  server.RaftServerConfigKeys (ConfUtils.java:logGet(46)) - raft.server.retrycache.statistics.expirytime = 100μs (default)
2023-05-18 02:47:10,406 [a754d4c8-bbdd-415d-ab5e-ea5caa73cb25-groupManagement] INFO  server.RaftServerConfigKeys (ConfUtils.java:logGet(46)) - raft.server.read.option = DEFAULT (default)
2023-05-18 02:47:10,410 [a754d4c8-bbdd-415d-ab5e-ea5caa73cb25-groupManagement] INFO  server.RaftServerConfigKeys (ConfUtils.java:logGet(46)) - raft.server.rpc.request.timeout = 60s (custom)
2023-05-18 02:47:10,410 [a754d4c8-bbdd-415d-ab5e-ea5caa73cb25-groupManagement] INFO  server.RaftServerConfigKeys (ConfUtils.java:logGet(46)) - raft.server.log.appender.install.snapshot.enabled = false (custom)
2023-05-18 02:47:10,410 [a754d4c8-bbdd-415d-ab5e-ea5caa73cb25-groupManagement] INFO  server.RaftServerConfigKeys (ConfUtils.java:logGet(46)) - raft.server.threadpool.server.cached = true (default)
2023-05-18 02:47:10,410 [a754d4c8-bbdd-415d-ab5e-ea5caa73cb25-groupManagement] INFO  server.RaftServerConfigKeys (ConfUtils.java:logGet(46)) - raft.server.threadpool.server.size = 0 (default)
2023-05-18 02:47:10,410 [a754d4c8-bbdd-415d-ab5e-ea5caa73cb25-groupManagement] INFO  server.RaftServerConfigKeys (ConfUtils.java:logGet(46)) - raft.server.threadpool.client.cached = true (default)
2023-05-18 02:47:10,410 [a754d4c8-bbdd-415d-ab5e-ea5caa73cb25-groupManagement] INFO  server.RaftServerConfigKeys (ConfUtils.java:logGet(46)) - raft.server.threadpool.client.size = 0 (default)
2023-05-18 02:47:10,410 [a754d4c8-bbdd-415d-ab5e-ea5caa73cb25-groupManagement] INFO  storage.RaftStorageDirectory (RaftStorageDirectoryImpl.java:analyzeStorage(137)) - The storage directory /home/runner/work/ozone/ozone/hadoop-ozone/integration-test/target/test-dir/MiniOzoneClusterImpl-522acec6-bbe2-4bbe-92e7-576262f261c3/datanode-1/data/ratis/e00246f2-1cdc-48e2-8ea7-a960f690ca8a does not exist. Creating ...
2023-05-18 02:47:10,412 [a754d4c8-bbdd-415d-ab5e-ea5caa73cb25-groupManagement] INFO  storage.RaftStorageDirectory (RaftStorageDirectoryImpl.java:tryLock(231)) - Lock on /home/runner/work/ozone/ozone/hadoop-ozone/integration-test/target/test-dir/MiniOzoneClusterImpl-522acec6-bbe2-4bbe-92e7-576262f261c3/datanode-1/data/ratis/e00246f2-1cdc-48e2-8ea7-a960f690ca8a/in_use.lock acquired by nodename 9353@fv-az180-414
2023-05-18 02:47:10,414 [a754d4c8-bbdd-415d-ab5e-ea5caa73cb25-groupManagement] INFO  storage.RaftStorage (RaftStorageImpl.java:format(96)) - Storage directory /home/runner/work/ozone/ozone/hadoop-ozone/integration-test/target/test-dir/MiniOzoneClusterImpl-522acec6-bbe2-4bbe-92e7-576262f261c3/datanode-1/data/ratis/e00246f2-1cdc-48e2-8ea7-a960f690ca8a has been successfully formatted.
2023-05-18 02:47:10,420 [EventQueue-PipelineReportForPipelineReportHandler] INFO  pipeline.PipelineManagerImpl (PipelineManagerImpl.java:openPipeline(367)) - Pipeline Pipeline[ Id: e00246f2-1cdc-48e2-8ea7-a960f690ca8a, Nodes: a754d4c8-bbdd-415d-ab5e-ea5caa73cb25(fv-az180-414.aibneqh1mxpuhl3tnnuy2ifbce.bx.internal.cloudapp.net/10.1.1.154), ReplicationConfig: RATIS/ONE, State:ALLOCATED, leaderId:a754d4c8-bbdd-415d-ab5e-ea5caa73cb25, CreationTimestamp2023-05-18T02:47:07.390Z[Etc/UTC]] moved to OPEN state
2023-05-18 02:47:10,421 [EventQueue-OpenPipelineForHealthyPipelineSafeModeRule] INFO  safemode.SCMSafeModeManager (HealthyPipelineSafeModeRule.java:process(137)) - SCM in safe mode. Healthy pipelines reported count is 0, required healthy pipeline reported count is 1
2023-05-18 02:47:10,421 [a754d4c8-bbdd-415d-ab5e-ea5caa73cb25-groupManagement] INFO  ratis.ContainerStateMachine (ContainerStateMachine.java:loadSnapshot(262)) - group-A960F690CA8A: The snapshot info is null. Setting the last applied indexto:(t:0, i:~)
2023-05-18 02:47:10,422 [a754d4c8-bbdd-415d-ab5e-ea5caa73cb25-groupManagement] INFO  server.RaftServerConfigKeys (ConfUtils.java:logGet(46)) - raft.server.log.use.memory = false (default)
2023-05-18 02:47:10,422 [a754d4c8-bbdd-415d-ab5e-ea5caa73cb25-groupManagement] INFO  server.RaftServerConfigKeys (ConfUtils.java:logGet(46)) - raft.server.log.purge.gap = 1000000 (custom)
2023-05-18 02:47:10,422 [a754d4c8-bbdd-415d-ab5e-ea5caa73cb25-groupManagement] INFO  server.RaftServerConfigKeys (ConfUtils.java:logGet(46)) - raft.server.log.appender.buffer.byte-limit = 33554432 (custom)
2023-05-18 02:47:10,422 [a754d4c8-bbdd-415d-ab5e-ea5caa73cb25-groupManagement] INFO  server.RaftServerConfigKeys (ConfUtils.java:logGet(46)) - raft.server.log.statemachine.data.read.timeout = 1000ms (default)
2023-05-18 02:47:10,422 [a754d4c8-bbdd-415d-ab5e-ea5caa73cb25-groupManagement] INFO  server.RaftServerConfigKeys (ConfUtils.java:logGet(46)) - raft.server.log.purge.preservation.log.num = 0 (default)
2023-05-18 02:47:10,422 [a754d4c8-bbdd-415d-ab5e-ea5caa73cb25-groupManagement] INFO  server.RaftServerConfigKeys (ConfUtils.java:logGet(46)) - raft.server.log.segment.size.max = 1048576 (custom)
2023-05-18 02:47:10,423 [a754d4c8-bbdd-415d-ab5e-ea5caa73cb25-groupManagement] INFO  server.RaftServerConfigKeys (ConfUtils.java:logGet(46)) - raft.server.log.segment.cache.num.max = 2 (custom)
2023-05-18 02:47:10,423 [a754d4c8-bbdd-415d-ab5e-ea5caa73cb25-groupManagement] INFO  server.RaftServerConfigKeys (ConfUtils.java:logGet(46)) - raft.server.log.segment.cache.size.max = 200MB (=209715200) (default)
2023-05-18 02:47:10,423 [a754d4c8-bbdd-415d-ab5e-ea5caa73cb25-groupManagement] INFO  server.RaftServerConfigKeys (ConfUtils.java:logGet(46)) - raft.server.log.appender.buffer.byte-limit = 33554432 (custom)
2023-05-18 02:47:10,423 [a754d4c8-bbdd-415d-ab5e-ea5caa73cb25-groupManagement] INFO  segmented.SegmentedRaftLogWorker (SegmentedRaftLogWorker.java:<init>(188)) - new a754d4c8-bbdd-415d-ab5e-ea5caa73cb25@group-A960F690CA8A-SegmentedRaftLogWorker for RaftStorageImpl:Storage Directory /home/runner/work/ozone/ozone/hadoop-ozone/integration-test/target/test-dir/MiniOzoneClusterImpl-522acec6-bbe2-4bbe-92e7-576262f261c3/datanode-1/data/ratis/e00246f2-1cdc-48e2-8ea7-a960f690ca8a
2023-05-18 02:47:10,423 [a754d4c8-bbdd-415d-ab5e-ea5caa73cb25-groupManagement] INFO  server.RaftServerConfigKeys (ConfUtils.java:logGet(46)) - raft.server.log.queue.byte-limit = 4294967296 (custom)
2023-05-18 02:47:10,423 [a754d4c8-bbdd-415d-ab5e-ea5caa73cb25-groupManagement] INFO  server.RaftServerConfigKeys (ConfUtils.java:logGet(46)) - raft.server.log.queue.element-limit = 1024 (custom)
2023-05-18 02:47:10,423 [a754d4c8-bbdd-415d-ab5e-ea5caa73cb25-groupManagement] INFO  server.RaftServerConfigKeys (ConfUtils.java:logGet(46)) - raft.server.log.segment.size.max = 1048576 (custom)
2023-05-18 02:47:10,423 [a754d4c8-bbdd-415d-ab5e-ea5caa73cb25-groupManagement] INFO  server.RaftServerConfigKeys (ConfUtils.java:logGet(46)) - raft.server.log.preallocated.size = 16384 (custom)
2023-05-18 02:47:10,423 [a754d4c8-bbdd-415d-ab5e-ea5caa73cb25-groupManagement] INFO  server.RaftServerConfigKeys (ConfUtils.java:logGet(46)) - raft.server.log.force.sync.num = 128 (default)
2023-05-18 02:47:10,423 [a754d4c8-bbdd-415d-ab5e-ea5caa73cb25-groupManagement] INFO  server.RaftServerConfigKeys (ConfUtils.java:logGet(46)) - raft.server.log.statemachine.data.sync = true (default)
2023-05-18 02:47:10,423 [a754d4c8-bbdd-415d-ab5e-ea5caa73cb25-groupManagement] INFO  server.RaftServerConfigKeys (ConfUtils.java:logGet(46)) - raft.server.log.statemachine.data.sync.timeout = 10s (default)
2023-05-18 02:47:10,423 [a754d4c8-bbdd-415d-ab5e-ea5caa73cb25-groupManagement] INFO  server.RaftServerConfigKeys (ConfUtils.java:logGet(46)) - raft.server.log.statemachine.data.sync.timeout.retry = -1 (default)
2023-05-18 02:47:10,424 [a754d4c8-bbdd-415d-ab5e-ea5caa73cb25-groupManagement] INFO  server.RaftServerConfigKeys (ConfUtils.java:logGet(46)) - raft.server.log.write.buffer.size = 1048576 (custom)
2023-05-18 02:47:10,425 [a754d4c8-bbdd-415d-ab5e-ea5caa73cb25-groupManagement] INFO  server.RaftServerConfigKeys (ConfUtils.java:logGet(46)) - raft.server.log.appender.buffer.byte-limit = 33554432 (custom)
2023-05-18 02:47:10,432 [a754d4c8-bbdd-415d-ab5e-ea5caa73cb25-groupManagement] INFO  server.RaftServerConfigKeys (ConfUtils.java:logGet(46)) - raft.server.log.unsafe-flush.enabled = false (default)
2023-05-18 02:47:10,433 [a754d4c8-bbdd-415d-ab5e-ea5caa73cb25-groupManagement] INFO  server.RaftServerConfigKeys (ConfUtils.java:logGet(46)) - raft.server.log.async-flush.enabled = false (default)
2023-05-18 02:47:10,433 [a754d4c8-bbdd-415d-ab5e-ea5caa73cb25-groupManagement] INFO  server.RaftServerConfigKeys (ConfUtils.java:logGet(46)) - raft.server.log.statemachine.data.caching.enabled = true (custom)
2023-05-18 02:47:10,433 [a754d4c8-bbdd-415d-ab5e-ea5caa73cb25-groupManagement] INFO  segmented.SegmentedRaftLogWorker (SegmentedRaftLogWorker.java:lambda$new$0(135)) - a754d4c8-bbdd-415d-ab5e-ea5caa73cb25@group-A960F690CA8A-SegmentedRaftLogWorker: flushIndex: setUnconditionally 0 -> -1
2023-05-18 02:47:10,433 [a754d4c8-bbdd-415d-ab5e-ea5caa73cb25-groupManagement] INFO  segmented.SegmentedRaftLogWorker (SegmentedRaftLogWorker.java:lambda$new$0(135)) - a754d4c8-bbdd-415d-ab5e-ea5caa73cb25@group-A960F690CA8A-SegmentedRaftLogWorker: safeCacheEvictIndex: setUnconditionally 0 -> -1
2023-05-18 02:47:10,433 [a754d4c8-bbdd-415d-ab5e-ea5caa73cb25-groupManagement] INFO  server.RaftServer$Division (RaftServerImpl.java:start(342)) - a754d4c8-bbdd-415d-ab5e-ea5caa73cb25@group-A960F690CA8A: start as a follower, conf=-1: peers:[a754d4c8-bbdd-415d-ab5e-ea5caa73cb25|rpc:10.1.1.154:15021|admin:10.1.1.154:15020|client:10.1.1.154:15019|dataStream:10.1.1.154:15022|priority:1|startupRole:FOLLOWER]|listeners:[], old=null
2023-05-18 02:47:10,433 [a754d4c8-bbdd-415d-ab5e-ea5caa73cb25-groupManagement] INFO  server.RaftServer$Division (RaftServerImpl.java:setRole(329)) - a754d4c8-bbdd-415d-ab5e-ea5caa73cb25@group-A960F690CA8A: changes role from      null to FOLLOWER at term 0 for startAsFollower
2023-05-18 02:47:10,433 [a754d4c8-bbdd-415d-ab5e-ea5caa73cb25-groupManagement] INFO  impl.RoleInfo (RoleInfo.java:updateAndGet(139)) - a754d4c8-bbdd-415d-ab5e-ea5caa73cb25: start a754d4c8-bbdd-415d-ab5e-ea5caa73cb25@group-A960F690CA8A-FollowerState
2023-05-18 02:47:10,442 [a754d4c8-bbdd-415d-ab5e-ea5caa73cb25-groupManagement] INFO  util.JmxRegister (JmxRegister.java:tryRegister(44)) - Successfully registered JMX Bean with object name Ratis:service=RaftServer,group=group-A960F690CA8A,id=a754d4c8-bbdd-415d-ab5e-ea5caa73cb25
2023-05-18 02:47:10,442 [a754d4c8-bbdd-415d-ab5e-ea5caa73cb25-groupManagement] INFO  server.RaftServerConfigKeys (ConfUtils.java:logGet(46)) - raft.server.snapshot.auto.trigger.enabled = true (custom)
2023-05-18 02:47:10,442 [a754d4c8-bbdd-415d-ab5e-ea5caa73cb25-groupManagement] INFO  server.RaftServerConfigKeys (ConfUtils.java:logGet(46)) - raft.server.snapshot.auto.trigger.threshold = 10000 (custom)
2023-05-18 02:47:10,442 [a754d4c8-bbdd-415d-ab5e-ea5caa73cb25-groupManagement] INFO  server.RaftServerConfigKeys (ConfUtils.java:logGet(46)) - raft.server.snapshot.retention.file.num = 5 (custom)
2023-05-18 02:47:10,442 [a754d4c8-bbdd-415d-ab5e-ea5caa73cb25-groupManagement] INFO  server.RaftServerConfigKeys (ConfUtils.java:logGet(46)) - raft.server.log.purge.upto.snapshot.index = false (default)
2023-05-18 02:47:10,443 [Command processor thread] INFO  ratis.XceiverServerRatis (XceiverServerRatis.java:addGroup(806)) - Created group PipelineID=e00246f2-1cdc-48e2-8ea7-a960f690ca8a
2023-05-18 02:47:10,444 [a754d4c8-bbdd-415d-ab5e-ea5caa73cb25@group-A960F690CA8A-FollowerState] INFO  server.RaftServerConfigKeys (ConfUtils.java:logFallback(53)) - raft.server.rpc.first-election.timeout.min = 5s (fallback to raft.server.rpc.timeout.min)
2023-05-18 02:47:10,444 [a754d4c8-bbdd-415d-ab5e-ea5caa73cb25@group-A960F690CA8A-FollowerState] INFO  server.RaftServerConfigKeys (ConfUtils.java:logFallback(53)) - raft.server.rpc.first-election.timeout.max = 5200ms (fallback to raft.server.rpc.timeout.max)
2023-05-18 02:47:10,444 [BlockDeletingService#1] INFO  interfaces.ContainerDeletionChoosingPolicyTemplate (ContainerDeletionChoosingPolicyTemplate.java:chooseContainerForBlockDeletion(83)) - Chosen 0/5000 blocks from 0 candidate containers.
2023-05-18 02:47:10,443 [Command processor thread] INFO  commandhandler.CreatePipelineCommandHandler (CreatePipelineCommandHandler.java:handle(113)) - Created Pipeline RATIS ONE PipelineID=e00246f2-1cdc-48e2-8ea7-a960f690ca8a.
2023-05-18 02:47:10,449 [Command processor thread] INFO  server.RaftServer (RaftServerProxy.java:addNew(98)) - a754d4c8-bbdd-415d-ab5e-ea5caa73cb25: addNew group-0423365083F1:[a884725c-3443-458c-8df7-7c5a51101be7|rpc:10.1.1.154:15013|admin:10.1.1.154:15012|client:10.1.1.154:15011|dataStream:10.1.1.154:15014|priority:0|startupRole:FOLLOWER, a754d4c8-bbdd-415d-ab5e-ea5caa73cb25|rpc:10.1.1.154:15021|admin:10.1.1.154:15020|client:10.1.1.154:15019|dataStream:10.1.1.154:15022|priority:0|startupRole:FOLLOWER, eda5bed9-420b-4517-a9a1-164df2c5dc2a|rpc:10.1.1.154:15029|admin:10.1.1.154:15028|client:10.1.1.154:15027|dataStream:10.1.1.154:15030|priority:1|startupRole:FOLLOWER] returns group-0423365083F1:java.util.concurrent.CompletableFuture@6e742561[Not completed]
2023-05-18 02:47:10,450 [a754d4c8-bbdd-415d-ab5e-ea5caa73cb25-groupManagement] INFO  server.RaftServer$Division (RaftServerImpl.java:<init>(198)) - a754d4c8-bbdd-415d-ab5e-ea5caa73cb25: new RaftServerImpl for group-0423365083F1:[a884725c-3443-458c-8df7-7c5a51101be7|rpc:10.1.1.154:15013|admin:10.1.1.154:15012|client:10.1.1.154:15011|dataStream:10.1.1.154:15014|priority:0|startupRole:FOLLOWER, a754d4c8-bbdd-415d-ab5e-ea5caa73cb25|rpc:10.1.1.154:15021|admin:10.1.1.154:15020|client:10.1.1.154:15019|dataStream:10.1.1.154:15022|priority:0|startupRole:FOLLOWER, eda5bed9-420b-4517-a9a1-164df2c5dc2a|rpc:10.1.1.154:15029|admin:10.1.1.154:15028|client:10.1.1.154:15027|dataStream:10.1.1.154:15030|priority:1|startupRole:FOLLOWER] with ContainerStateMachine:uninitialized
2023-05-18 02:47:10,450 [a754d4c8-bbdd-415d-ab5e-ea5caa73cb25-groupManagement] INFO  server.RaftServerConfigKeys (ConfUtils.java:logGet(46)) - raft.server.rpc.timeout.min = 5s (custom)
2023-05-18 02:47:10,450 [a754d4c8-bbdd-415d-ab5e-ea5caa73cb25-groupManagement] INFO  server.RaftServerConfigKeys (ConfUtils.java:logGet(46)) - raft.server.rpc.timeout.max = 5200ms (custom)
2023-05-18 02:47:10,450 [a754d4c8-bbdd-415d-ab5e-ea5caa73cb25-groupManagement] INFO  server.RaftServerConfigKeys (ConfUtils.java:logGet(46)) - raft.server.rpc.sleep.time = 25ms (default)
2023-05-18 02:47:10,450 [a754d4c8-bbdd-415d-ab5e-ea5caa73cb25-groupManagement] INFO  server.RaftServerConfigKeys (ConfUtils.java:logGet(46)) - raft.server.rpc.slowness.timeout = 300s (custom)
2023-05-18 02:47:10,450 [a754d4c8-bbdd-415d-ab5e-ea5caa73cb25-groupManagement] INFO  server.RaftServerConfigKeys (ConfUtils.java:logGet(46)) - raft.server.leaderelection.leader.step-down.wait-time = 10s (default)
2023-05-18 02:47:10,450 [a754d4c8-bbdd-415d-ab5e-ea5caa73cb25-groupManagement] INFO  server.RaftServerConfigKeys (ConfUtils.java:logGet(46)) - raft.server.sleep.deviation.threshold = 300ms (default)
2023-05-18 02:47:10,450 [a754d4c8-bbdd-415d-ab5e-ea5caa73cb25-groupManagement] INFO  server.RaftServer$Division (ServerState.java:<init>(120)) - a754d4c8-bbdd-415d-ab5e-ea5caa73cb25@group-0423365083F1: ConfigurationManager, init=-1: peers:[a884725c-3443-458c-8df7-7c5a51101be7|rpc:10.1.1.154:15013|admin:10.1.1.154:15012|client:10.1.1.154:15011|dataStream:10.1.1.154:15014|priority:0|startupRole:FOLLOWER, a754d4c8-bbdd-415d-ab5e-ea5caa73cb25|rpc:10.1.1.154:15021|admin:10.1.1.154:15020|client:10.1.1.154:15019|dataStream:10.1.1.154:15022|priority:0|startupRole:FOLLOWER, eda5bed9-420b-4517-a9a1-164df2c5dc2a|rpc:10.1.1.154:15029|admin:10.1.1.154:15028|client:10.1.1.154:15027|dataStream:10.1.1.154:15030|priority:1|startupRole:FOLLOWER]|listeners:[], old=null, confs=<EMPTY_MAP>
2023-05-18 02:47:10,450 [a754d4c8-bbdd-415d-ab5e-ea5caa73cb25-groupManagement] INFO  server.RaftServerConfigKeys (ConfUtils.java:logGet(46)) - raft.server.storage.dir = [/home/runner/work/ozone/ozone/hadoop-ozone/integration-test/target/test-dir/MiniOzoneClusterImpl-522acec6-bbe2-4bbe-92e7-576262f261c3/datanode-1/data/ratis] (custom)
2023-05-18 02:47:10,451 [a754d4c8-bbdd-415d-ab5e-ea5caa73cb25-groupManagement] INFO  server.RaftServerConfigKeys (ConfUtils.java:logGet(46)) - raft.server.log.corruption.policy = EXCEPTION (default)
2023-05-18 02:47:10,451 [a754d4c8-bbdd-415d-ab5e-ea5caa73cb25-groupManagement] INFO  server.RaftServerConfigKeys (ConfUtils.java:logGet(46)) - raft.server.storage.free-space.min = 0MB (=0) (default)
2023-05-18 02:47:10,451 [a754d4c8-bbdd-415d-ab5e-ea5caa73cb25-groupManagement] INFO  server.RaftServerConfigKeys (ConfUtils.java:logGet(46)) - raft.server.notification.no-leader.timeout = 300s (custom)
2023-05-18 02:47:10,451 [a754d4c8-bbdd-415d-ab5e-ea5caa73cb25-groupManagement] INFO  server.RaftServerConfigKeys (ConfUtils.java:logGet(46)) - raft.server.read.timeout = 10s (default)
2023-05-18 02:47:10,451 [a754d4c8-bbdd-415d-ab5e-ea5caa73cb25-groupManagement] INFO  server.RaftServerConfigKeys (ConfUtils.java:logGet(46)) - raft.server.retrycache.expirytime = 600000ms (custom)
2023-05-18 02:47:10,451 [a754d4c8-bbdd-415d-ab5e-ea5caa73cb25-groupManagement] INFO  server.RaftServerConfigKeys (ConfUtils.java:logGet(46)) - raft.server.retrycache.statistics.expirytime = 100μs (default)
2023-05-18 02:47:10,451 [a754d4c8-bbdd-415d-ab5e-ea5caa73cb25-groupManagement] INFO  server.RaftServerConfigKeys (ConfUtils.java:logGet(46)) - raft.server.read.option = DEFAULT (default)
2023-05-18 02:47:10,452 [a754d4c8-bbdd-415d-ab5e-ea5caa73cb25-groupManagement] INFO  server.RaftServerConfigKeys (ConfUtils.java:logGet(46)) - raft.server.rpc.request.timeout = 60s (custom)
2023-05-18 02:47:10,452 [a754d4c8-bbdd-415d-ab5e-ea5caa73cb25-groupManagement] INFO  server.RaftServerConfigKeys (ConfUtils.java:logGet(46)) - raft.server.log.appender.install.snapshot.enabled = false (custom)
2023-05-18 02:47:10,452 [a754d4c8-bbdd-415d-ab5e-ea5caa73cb25-groupManagement] INFO  server.RaftServerConfigKeys (ConfUtils.java:logGet(46)) - raft.server.threadpool.server.cached = true (default)
2023-05-18 02:47:10,452 [a754d4c8-bbdd-415d-ab5e-ea5caa73cb25-groupManagement] INFO  server.RaftServerConfigKeys (ConfUtils.java:logGet(46)) - raft.server.threadpool.server.size = 0 (default)
2023-05-18 02:47:10,452 [a754d4c8-bbdd-415d-ab5e-ea5caa73cb25-groupManagement] INFO  server.RaftServerConfigKeys (ConfUtils.java:logGet(46)) - raft.server.threadpool.client.cached = true (default)
2023-05-18 02:47:10,452 [a754d4c8-bbdd-415d-ab5e-ea5caa73cb25-groupManagement] INFO  server.RaftServerConfigKeys (ConfUtils.java:logGet(46)) - raft.server.threadpool.client.size = 0 (default)
2023-05-18 02:47:10,452 [a754d4c8-bbdd-415d-ab5e-ea5caa73cb25-groupManagement] INFO  storage.RaftStorageDirectory (RaftStorageDirectoryImpl.java:analyzeStorage(137)) - The storage directory /home/runner/work/ozone/ozone/hadoop-ozone/integration-test/target/test-dir/MiniOzoneClusterImpl-522acec6-bbe2-4bbe-92e7-576262f261c3/datanode-1/data/ratis/fd565622-fcdd-4d83-9cbb-0423365083f1 does not exist. Creating ...
2023-05-18 02:47:10,456 [a754d4c8-bbdd-415d-ab5e-ea5caa73cb25-groupManagement] INFO  storage.RaftStorageDirectory (RaftStorageDirectoryImpl.java:tryLock(231)) - Lock on /home/runner/work/ozone/ozone/hadoop-ozone/integration-test/target/test-dir/MiniOzoneClusterImpl-522acec6-bbe2-4bbe-92e7-576262f261c3/datanode-1/data/ratis/fd565622-fcdd-4d83-9cbb-0423365083f1/in_use.lock acquired by nodename 9353@fv-az180-414
2023-05-18 02:47:10,465 [a754d4c8-bbdd-415d-ab5e-ea5caa73cb25-groupManagement] INFO  storage.RaftStorage (RaftStorageImpl.java:format(96)) - Storage directory /home/runner/work/ozone/ozone/hadoop-ozone/integration-test/target/test-dir/MiniOzoneClusterImpl-522acec6-bbe2-4bbe-92e7-576262f261c3/datanode-1/data/ratis/fd565622-fcdd-4d83-9cbb-0423365083f1 has been successfully formatted.
2023-05-18 02:47:10,467 [a754d4c8-bbdd-415d-ab5e-ea5caa73cb25-groupManagement] INFO  ratis.ContainerStateMachine (ContainerStateMachine.java:loadSnapshot(262)) - group-0423365083F1: The snapshot info is null. Setting the last applied indexto:(t:0, i:~)
2023-05-18 02:47:10,467 [a754d4c8-bbdd-415d-ab5e-ea5caa73cb25-groupManagement] INFO  server.RaftServerConfigKeys (ConfUtils.java:logGet(46)) - raft.server.log.use.memory = false (default)
2023-05-18 02:47:10,467 [a754d4c8-bbdd-415d-ab5e-ea5caa73cb25-groupManagement] INFO  server.RaftServerConfigKeys (ConfUtils.java:logGet(46)) - raft.server.log.purge.gap = 1000000 (custom)
2023-05-18 02:47:10,467 [a754d4c8-bbdd-415d-ab5e-ea5caa73cb25-groupManagement] INFO  server.RaftServerConfigKeys (ConfUtils.java:logGet(46)) - raft.server.log.appender.buffer.byte-limit = 33554432 (custom)
2023-05-18 02:47:10,467 [a754d4c8-bbdd-415d-ab5e-ea5caa73cb25-groupManagement] INFO  server.RaftServerConfigKeys (ConfUtils.java:logGet(46)) - raft.server.log.statemachine.data.read.timeout = 1000ms (default)
2023-05-18 02:47:10,467 [a754d4c8-bbdd-415d-ab5e-ea5caa73cb25-groupManagement] INFO  server.RaftServerConfigKeys (ConfUtils.java:logGet(46)) - raft.server.log.purge.preservation.log.num = 0 (default)
2023-05-18 02:47:10,470 [a754d4c8-bbdd-415d-ab5e-ea5caa73cb25-groupManagement] INFO  server.RaftServerConfigKeys (ConfUtils.java:logGet(46)) - raft.server.log.segment.size.max = 1048576 (custom)
2023-05-18 02:47:10,470 [a754d4c8-bbdd-415d-ab5e-ea5caa73cb25-groupManagement] INFO  server.RaftServerConfigKeys (ConfUtils.java:logGet(46)) - raft.server.log.segment.cache.num.max = 2 (custom)
2023-05-18 02:47:10,470 [a754d4c8-bbdd-415d-ab5e-ea5caa73cb25-groupManagement] INFO  server.RaftServerConfigKeys (ConfUtils.java:logGet(46)) - raft.server.log.segment.cache.size.max = 200MB (=209715200) (default)
2023-05-18 02:47:10,470 [a754d4c8-bbdd-415d-ab5e-ea5caa73cb25-groupManagement] INFO  server.RaftServerConfigKeys (ConfUtils.java:logGet(46)) - raft.server.log.appender.buffer.byte-limit = 33554432 (custom)
2023-05-18 02:47:10,471 [a754d4c8-bbdd-415d-ab5e-ea5caa73cb25-groupManagement] INFO  segmented.SegmentedRaftLogWorker (SegmentedRaftLogWorker.java:<init>(188)) - new a754d4c8-bbdd-415d-ab5e-ea5caa73cb25@group-0423365083F1-SegmentedRaftLogWorker for RaftStorageImpl:Storage Directory /home/runner/work/ozone/ozone/hadoop-ozone/integration-test/target/test-dir/MiniOzoneClusterImpl-522acec6-bbe2-4bbe-92e7-576262f261c3/datanode-1/data/ratis/fd565622-fcdd-4d83-9cbb-0423365083f1
2023-05-18 02:47:10,471 [a754d4c8-bbdd-415d-ab5e-ea5caa73cb25-groupManagement] INFO  server.RaftServerConfigKeys (ConfUtils.java:logGet(46)) - raft.server.log.queue.byte-limit = 4294967296 (custom)
2023-05-18 02:47:10,471 [a754d4c8-bbdd-415d-ab5e-ea5caa73cb25-groupManagement] INFO  server.RaftServerConfigKeys (ConfUtils.java:logGet(46)) - raft.server.log.queue.element-limit = 1024 (custom)
2023-05-18 02:47:10,472 [a754d4c8-bbdd-415d-ab5e-ea5caa73cb25-groupManagement] INFO  server.RaftServerConfigKeys (ConfUtils.java:logGet(46)) - raft.server.log.segment.size.max = 1048576 (custom)
2023-05-18 02:47:10,472 [a754d4c8-bbdd-415d-ab5e-ea5caa73cb25-groupManagement] INFO  server.RaftServerConfigKeys (ConfUtils.java:logGet(46)) - raft.server.log.preallocated.size = 16384 (custom)
2023-05-18 02:47:10,472 [a754d4c8-bbdd-415d-ab5e-ea5caa73cb25-groupManagement] INFO  server.RaftServerConfigKeys (ConfUtils.java:logGet(46)) - raft.server.log.force.sync.num = 128 (default)
2023-05-18 02:47:10,472 [a754d4c8-bbdd-415d-ab5e-ea5caa73cb25-groupManagement] INFO  server.RaftServerConfigKeys (ConfUtils.java:logGet(46)) - raft.server.log.statemachine.data.sync = true (default)
2023-05-18 02:47:10,472 [a754d4c8-bbdd-415d-ab5e-ea5caa73cb25-groupManagement] INFO  server.RaftServerConfigKeys (ConfUtils.java:logGet(46)) - raft.server.log.statemachine.data.sync.timeout = 10s (default)
2023-05-18 02:47:10,472 [a754d4c8-bbdd-415d-ab5e-ea5caa73cb25-groupManagement] INFO  server.RaftServerConfigKeys (ConfUtils.java:logGet(46)) - raft.server.log.statemachine.data.sync.timeout.retry = -1 (default)
2023-05-18 02:47:10,473 [EventQueue-OpenPipelineForHealthyPipelineSafeModeRule] INFO  safemode.SCMSafeModeManager (HealthyPipelineSafeModeRule.java:process(137)) - SCM in safe mode. Healthy pipelines reported count is 0, required healthy pipeline reported count is 1
2023-05-18 02:47:10,482 [a754d4c8-bbdd-415d-ab5e-ea5caa73cb25-groupManagement] INFO  server.RaftServerConfigKeys (ConfUtils.java:logGet(46)) - raft.server.log.write.buffer.size = 1048576 (custom)
2023-05-18 02:47:10,483 [a754d4c8-bbdd-415d-ab5e-ea5caa73cb25-groupManagement] INFO  server.RaftServerConfigKeys (ConfUtils.java:logGet(46)) - raft.server.log.appender.buffer.byte-limit = 33554432 (custom)
2023-05-18 02:47:10,491 [a754d4c8-bbdd-415d-ab5e-ea5caa73cb25-groupManagement] INFO  server.RaftServerConfigKeys (ConfUtils.java:logGet(46)) - raft.server.log.unsafe-flush.enabled = false (default)
2023-05-18 02:47:10,493 [a754d4c8-bbdd-415d-ab5e-ea5caa73cb25-groupManagement] INFO  server.RaftServerConfigKeys (ConfUtils.java:logGet(46)) - raft.server.log.async-flush.enabled = false (default)
2023-05-18 02:47:10,493 [a754d4c8-bbdd-415d-ab5e-ea5caa73cb25-groupManagement] INFO  server.RaftServerConfigKeys (ConfUtils.java:logGet(46)) - raft.server.log.statemachine.data.caching.enabled = true (custom)
2023-05-18 02:47:10,494 [a754d4c8-bbdd-415d-ab5e-ea5caa73cb25-groupManagement] INFO  segmented.SegmentedRaftLogWorker (SegmentedRaftLogWorker.java:lambda$new$0(135)) - a754d4c8-bbdd-415d-ab5e-ea5caa73cb25@group-0423365083F1-SegmentedRaftLogWorker: flushIndex: setUnconditionally 0 -> -1
2023-05-18 02:47:10,494 [a754d4c8-bbdd-415d-ab5e-ea5caa73cb25-groupManagement] INFO  segmented.SegmentedRaftLogWorker (SegmentedRaftLogWorker.java:lambda$new$0(135)) - a754d4c8-bbdd-415d-ab5e-ea5caa73cb25@group-0423365083F1-SegmentedRaftLogWorker: safeCacheEvictIndex: setUnconditionally 0 -> -1
2023-05-18 02:47:10,494 [a754d4c8-bbdd-415d-ab5e-ea5caa73cb25-groupManagement] INFO  server.RaftServer$Division (RaftServerImpl.java:start(342)) - a754d4c8-bbdd-415d-ab5e-ea5caa73cb25@group-0423365083F1: start as a follower, conf=-1: peers:[a884725c-3443-458c-8df7-7c5a51101be7|rpc:10.1.1.154:15013|admin:10.1.1.154:15012|client:10.1.1.154:15011|dataStream:10.1.1.154:15014|priority:0|startupRole:FOLLOWER, a754d4c8-bbdd-415d-ab5e-ea5caa73cb25|rpc:10.1.1.154:15021|admin:10.1.1.154:15020|client:10.1.1.154:15019|dataStream:10.1.1.154:15022|priority:0|startupRole:FOLLOWER, eda5bed9-420b-4517-a9a1-164df2c5dc2a|rpc:10.1.1.154:15029|admin:10.1.1.154:15028|client:10.1.1.154:15027|dataStream:10.1.1.154:15030|priority:1|startupRole:FOLLOWER]|listeners:[], old=null
2023-05-18 02:47:10,494 [a754d4c8-bbdd-415d-ab5e-ea5caa73cb25-groupManagement] INFO  server.RaftServer$Division (RaftServerImpl.java:setRole(329)) - a754d4c8-bbdd-415d-ab5e-ea5caa73cb25@group-0423365083F1: changes role from      null to FOLLOWER at term 0 for startAsFollower
2023-05-18 02:47:10,494 [a754d4c8-bbdd-415d-ab5e-ea5caa73cb25-groupManagement] INFO  impl.RoleInfo (RoleInfo.java:updateAndGet(139)) - a754d4c8-bbdd-415d-ab5e-ea5caa73cb25: start a754d4c8-bbdd-415d-ab5e-ea5caa73cb25@group-0423365083F1-FollowerState
2023-05-18 02:47:10,497 [a754d4c8-bbdd-415d-ab5e-ea5caa73cb25-groupManagement] INFO  util.JmxRegister (JmxRegister.java:tryRegister(44)) - Successfully registered JMX Bean with object name Ratis:service=RaftServer,group=group-0423365083F1,id=a754d4c8-bbdd-415d-ab5e-ea5caa73cb25
2023-05-18 02:47:10,497 [a754d4c8-bbdd-415d-ab5e-ea5caa73cb25-groupManagement] INFO  server.RaftServerConfigKeys (ConfUtils.java:logGet(46)) - raft.server.snapshot.auto.trigger.enabled = true (custom)
2023-05-18 02:47:10,497 [a754d4c8-bbdd-415d-ab5e-ea5caa73cb25-groupManagement] INFO  server.RaftServerConfigKeys (ConfUtils.java:logGet(46)) - raft.server.snapshot.auto.trigger.threshold = 10000 (custom)
2023-05-18 02:47:10,497 [a754d4c8-bbdd-415d-ab5e-ea5caa73cb25-groupManagement] INFO  server.RaftServerConfigKeys (ConfUtils.java:logGet(46)) - raft.server.snapshot.retention.file.num = 5 (custom)
2023-05-18 02:47:10,497 [a754d4c8-bbdd-415d-ab5e-ea5caa73cb25-groupManagement] INFO  server.RaftServerConfigKeys (ConfUtils.java:logGet(46)) - raft.server.log.purge.upto.snapshot.index = false (default)
2023-05-18 02:47:10,498 [a754d4c8-bbdd-415d-ab5e-ea5caa73cb25@group-0423365083F1-FollowerState] INFO  server.RaftServerConfigKeys (ConfUtils.java:logFallback(53)) - raft.server.rpc.first-election.timeout.min = 5s (fallback to raft.server.rpc.timeout.min)
2023-05-18 02:47:10,501 [Command processor thread] INFO  ratis.XceiverServerRatis (XceiverServerRatis.java:addGroup(806)) - Created group PipelineID=fd565622-fcdd-4d83-9cbb-0423365083f1
2023-05-18 02:47:10,501 [a754d4c8-bbdd-415d-ab5e-ea5caa73cb25@group-0423365083F1-FollowerState] INFO  server.RaftServerConfigKeys (ConfUtils.java:logFallback(53)) - raft.server.rpc.first-election.timeout.max = 5200ms (fallback to raft.server.rpc.timeout.max)
2023-05-18 02:47:10,565 [Command processor thread] INFO  commandhandler.CreatePipelineCommandHandler (CreatePipelineCommandHandler.java:handle(113)) - Created Pipeline RATIS THREE PipelineID=fd565622-fcdd-4d83-9cbb-0423365083f1.
2023-05-18 02:47:10,565 [Command processor thread] INFO  server.RaftServer (RaftServerProxy.java:addNew(98)) - a884725c-3443-458c-8df7-7c5a51101be7: addNew group-414C1574D782:[a884725c-3443-458c-8df7-7c5a51101be7|rpc:10.1.1.154:15013|admin:10.1.1.154:15012|client:10.1.1.154:15011|dataStream:10.1.1.154:15014|priority:0|startupRole:FOLLOWER, a754d4c8-bbdd-415d-ab5e-ea5caa73cb25|rpc:10.1.1.154:15021|admin:10.1.1.154:15020|client:10.1.1.154:15019|dataStream:10.1.1.154:15022|priority:1|startupRole:FOLLOWER, eda5bed9-420b-4517-a9a1-164df2c5dc2a|rpc:10.1.1.154:15029|admin:10.1.1.154:15028|client:10.1.1.154:15027|dataStream:10.1.1.154:15030|priority:0|startupRole:FOLLOWER] returns group-414C1574D782:java.util.concurrent.CompletableFuture@69a7331f[Not completed]
2023-05-18 02:47:10,566 [a884725c-3443-458c-8df7-7c5a51101be7-groupManagement] INFO  server.RaftServer$Division (RaftServerImpl.java:<init>(198)) - a884725c-3443-458c-8df7-7c5a51101be7: new RaftServerImpl for group-414C1574D782:[a884725c-3443-458c-8df7-7c5a51101be7|rpc:10.1.1.154:15013|admin:10.1.1.154:15012|client:10.1.1.154:15011|dataStream:10.1.1.154:15014|priority:0|startupRole:FOLLOWER, a754d4c8-bbdd-415d-ab5e-ea5caa73cb25|rpc:10.1.1.154:15021|admin:10.1.1.154:15020|client:10.1.1.154:15019|dataStream:10.1.1.154:15022|priority:1|startupRole:FOLLOWER, eda5bed9-420b-4517-a9a1-164df2c5dc2a|rpc:10.1.1.154:15029|admin:10.1.1.154:15028|client:10.1.1.154:15027|dataStream:10.1.1.154:15030|priority:0|startupRole:FOLLOWER] with ContainerStateMachine:uninitialized
2023-05-18 02:47:10,566 [a884725c-3443-458c-8df7-7c5a51101be7-groupManagement] INFO  server.RaftServerConfigKeys (ConfUtils.java:logGet(46)) - raft.server.rpc.timeout.min = 5s (custom)
2023-05-18 02:47:10,566 [a884725c-3443-458c-8df7-7c5a51101be7-groupManagement] INFO  server.RaftServerConfigKeys (ConfUtils.java:logGet(46)) - raft.server.rpc.timeout.max = 5200ms (custom)
2023-05-18 02:47:10,566 [a884725c-3443-458c-8df7-7c5a51101be7-groupManagement] INFO  server.RaftServerConfigKeys (ConfUtils.java:logGet(46)) - raft.server.rpc.sleep.time = 25ms (default)
2023-05-18 02:47:10,566 [a884725c-3443-458c-8df7-7c5a51101be7-groupManagement] INFO  server.RaftServerConfigKeys (ConfUtils.java:logGet(46)) - raft.server.rpc.slowness.timeout = 300s (custom)
2023-05-18 02:47:10,566 [a884725c-3443-458c-8df7-7c5a51101be7-groupManagement] INFO  server.RaftServerConfigKeys (ConfUtils.java:logGet(46)) - raft.server.leaderelection.leader.step-down.wait-time = 10s (default)
2023-05-18 02:47:10,566 [a884725c-3443-458c-8df7-7c5a51101be7-groupManagement] INFO  server.RaftServerConfigKeys (ConfUtils.java:logGet(46)) - raft.server.sleep.deviation.threshold = 300ms (default)
2023-05-18 02:47:10,567 [a884725c-3443-458c-8df7-7c5a51101be7-groupManagement] INFO  server.RaftServer$Division (ServerState.java:<init>(120)) - a884725c-3443-458c-8df7-7c5a51101be7@group-414C1574D782: ConfigurationManager, init=-1: peers:[a884725c-3443-458c-8df7-7c5a51101be7|rpc:10.1.1.154:15013|admin:10.1.1.154:15012|client:10.1.1.154:15011|dataStream:10.1.1.154:15014|priority:0|startupRole:FOLLOWER, a754d4c8-bbdd-415d-ab5e-ea5caa73cb25|rpc:10.1.1.154:15021|admin:10.1.1.154:15020|client:10.1.1.154:15019|dataStream:10.1.1.154:15022|priority:1|startupRole:FOLLOWER, eda5bed9-420b-4517-a9a1-164df2c5dc2a|rpc:10.1.1.154:15029|admin:10.1.1.154:15028|client:10.1.1.154:15027|dataStream:10.1.1.154:15030|priority:0|startupRole:FOLLOWER]|listeners:[], old=null, confs=<EMPTY_MAP>
2023-05-18 02:47:10,567 [a884725c-3443-458c-8df7-7c5a51101be7-groupManagement] INFO  server.RaftServerConfigKeys (ConfUtils.java:logGet(46)) - raft.server.storage.dir = [/home/runner/work/ozone/ozone/hadoop-ozone/integration-test/target/test-dir/MiniOzoneClusterImpl-522acec6-bbe2-4bbe-92e7-576262f261c3/datanode-0/data/ratis] (custom)
2023-05-18 02:47:10,567 [a884725c-3443-458c-8df7-7c5a51101be7-groupManagement] INFO  server.RaftServerConfigKeys (ConfUtils.java:logGet(46)) - raft.server.log.corruption.policy = EXCEPTION (default)
2023-05-18 02:47:10,567 [a884725c-3443-458c-8df7-7c5a51101be7-groupManagement] INFO  server.RaftServerConfigKeys (ConfUtils.java:logGet(46)) - raft.server.storage.free-space.min = 0MB (=0) (default)
2023-05-18 02:47:10,567 [a884725c-3443-458c-8df7-7c5a51101be7-groupManagement] INFO  server.RaftServerConfigKeys (ConfUtils.java:logGet(46)) - raft.server.notification.no-leader.timeout = 300s (custom)
2023-05-18 02:47:10,567 [a884725c-3443-458c-8df7-7c5a51101be7-groupManagement] INFO  server.RaftServerConfigKeys (ConfUtils.java:logGet(46)) - raft.server.read.timeout = 10s (default)
2023-05-18 02:47:10,567 [a884725c-3443-458c-8df7-7c5a51101be7-groupManagement] INFO  server.RaftServerConfigKeys (ConfUtils.java:logGet(46)) - raft.server.retrycache.expirytime = 600000ms (custom)
2023-05-18 02:47:10,567 [a884725c-3443-458c-8df7-7c5a51101be7-groupManagement] INFO  server.RaftServerConfigKeys (ConfUtils.java:logGet(46)) - raft.server.retrycache.statistics.expirytime = 100μs (default)
2023-05-18 02:47:10,567 [a884725c-3443-458c-8df7-7c5a51101be7-groupManagement] INFO  server.RaftServerConfigKeys (ConfUtils.java:logGet(46)) - raft.server.read.option = DEFAULT (default)
2023-05-18 02:47:10,568 [a884725c-3443-458c-8df7-7c5a51101be7-groupManagement] INFO  server.RaftServerConfigKeys (ConfUtils.java:logGet(46)) - raft.server.rpc.request.timeout = 60s (custom)
2023-05-18 02:47:10,568 [a884725c-3443-458c-8df7-7c5a51101be7-groupManagement] INFO  server.RaftServerConfigKeys (ConfUtils.java:logGet(46)) - raft.server.log.appender.install.snapshot.enabled = false (custom)
2023-05-18 02:47:10,568 [a884725c-3443-458c-8df7-7c5a51101be7-groupManagement] INFO  server.RaftServerConfigKeys (ConfUtils.java:logGet(46)) - raft.server.threadpool.server.cached = true (default)
2023-05-18 02:47:10,568 [a884725c-3443-458c-8df7-7c5a51101be7-groupManagement] INFO  server.RaftServerConfigKeys (ConfUtils.java:logGet(46)) - raft.server.threadpool.server.size = 0 (default)
2023-05-18 02:47:10,568 [a884725c-3443-458c-8df7-7c5a51101be7-groupManagement] INFO  server.RaftServerConfigKeys (ConfUtils.java:logGet(46)) - raft.server.threadpool.client.cached = true (default)
2023-05-18 02:47:10,568 [a884725c-3443-458c-8df7-7c5a51101be7-groupManagement] INFO  server.RaftServerConfigKeys (ConfUtils.java:logGet(46)) - raft.server.threadpool.client.size = 0 (default)
2023-05-18 02:47:10,569 [a884725c-3443-458c-8df7-7c5a51101be7-groupManagement] INFO  storage.RaftStorageDirectory (RaftStorageDirectoryImpl.java:analyzeStorage(137)) - The storage directory /home/runner/work/ozone/ozone/hadoop-ozone/integration-test/target/test-dir/MiniOzoneClusterImpl-522acec6-bbe2-4bbe-92e7-576262f261c3/datanode-0/data/ratis/d800373b-ec3a-4daa-a9e5-414c1574d782 does not exist. Creating ...
2023-05-18 02:47:10,572 [a884725c-3443-458c-8df7-7c5a51101be7-groupManagement] INFO  storage.RaftStorageDirectory (RaftStorageDirectoryImpl.java:tryLock(231)) - Lock on /home/runner/work/ozone/ozone/hadoop-ozone/integration-test/target/test-dir/MiniOzoneClusterImpl-522acec6-bbe2-4bbe-92e7-576262f261c3/datanode-0/data/ratis/d800373b-ec3a-4daa-a9e5-414c1574d782/in_use.lock acquired by nodename 9353@fv-az180-414
2023-05-18 02:47:10,574 [a884725c-3443-458c-8df7-7c5a51101be7-groupManagement] INFO  storage.RaftStorage (RaftStorageImpl.java:format(96)) - Storage directory /home/runner/work/ozone/ozone/hadoop-ozone/integration-test/target/test-dir/MiniOzoneClusterImpl-522acec6-bbe2-4bbe-92e7-576262f261c3/datanode-0/data/ratis/d800373b-ec3a-4daa-a9e5-414c1574d782 has been successfully formatted.
2023-05-18 02:47:10,575 [a884725c-3443-458c-8df7-7c5a51101be7-groupManagement] INFO  ratis.ContainerStateMachine (ContainerStateMachine.java:loadSnapshot(262)) - group-414C1574D782: The snapshot info is null. Setting the last applied indexto:(t:0, i:~)
2023-05-18 02:47:10,575 [a884725c-3443-458c-8df7-7c5a51101be7-groupManagement] INFO  server.RaftServerConfigKeys (ConfUtils.java:logGet(46)) - raft.server.log.use.memory = false (default)
2023-05-18 02:47:10,575 [a884725c-3443-458c-8df7-7c5a51101be7-groupManagement] INFO  server.RaftServerConfigKeys (ConfUtils.java:logGet(46)) - raft.server.log.purge.gap = 1000000 (custom)
2023-05-18 02:47:10,575 [a884725c-3443-458c-8df7-7c5a51101be7-groupManagement] INFO  server.RaftServerConfigKeys (ConfUtils.java:logGet(46)) - raft.server.log.appender.buffer.byte-limit = 33554432 (custom)
2023-05-18 02:47:10,575 [a884725c-3443-458c-8df7-7c5a51101be7-groupManagement] INFO  server.RaftServerConfigKeys (ConfUtils.java:logGet(46)) - raft.server.log.statemachine.data.read.timeout = 1000ms (default)
2023-05-18 02:47:10,575 [a884725c-3443-458c-8df7-7c5a51101be7-groupManagement] INFO  server.RaftServerConfigKeys (ConfUtils.java:logGet(46)) - raft.server.log.purge.preservation.log.num = 0 (default)
2023-05-18 02:47:10,575 [a884725c-3443-458c-8df7-7c5a51101be7-groupManagement] INFO  server.RaftServerConfigKeys (ConfUtils.java:logGet(46)) - raft.server.log.segment.size.max = 1048576 (custom)
2023-05-18 02:47:10,576 [a884725c-3443-458c-8df7-7c5a51101be7-groupManagement] INFO  server.RaftServerConfigKeys (ConfUtils.java:logGet(46)) - raft.server.log.segment.cache.num.max = 2 (custom)
2023-05-18 02:47:10,576 [a884725c-3443-458c-8df7-7c5a51101be7-groupManagement] INFO  server.RaftServerConfigKeys (ConfUtils.java:logGet(46)) - raft.server.log.segment.cache.size.max = 200MB (=209715200) (default)
2023-05-18 02:47:10,576 [a884725c-3443-458c-8df7-7c5a51101be7-groupManagement] INFO  server.RaftServerConfigKeys (ConfUtils.java:logGet(46)) - raft.server.log.appender.buffer.byte-limit = 33554432 (custom)
2023-05-18 02:47:10,576 [a884725c-3443-458c-8df7-7c5a51101be7-groupManagement] INFO  segmented.SegmentedRaftLogWorker (SegmentedRaftLogWorker.java:<init>(188)) - new a884725c-3443-458c-8df7-7c5a51101be7@group-414C1574D782-SegmentedRaftLogWorker for RaftStorageImpl:Storage Directory /home/runner/work/ozone/ozone/hadoop-ozone/integration-test/target/test-dir/MiniOzoneClusterImpl-522acec6-bbe2-4bbe-92e7-576262f261c3/datanode-0/data/ratis/d800373b-ec3a-4daa-a9e5-414c1574d782
2023-05-18 02:47:10,576 [a884725c-3443-458c-8df7-7c5a51101be7-groupManagement] INFO  server.RaftServerConfigKeys (ConfUtils.java:logGet(46)) - raft.server.log.queue.byte-limit = 4294967296 (custom)
2023-05-18 02:47:10,576 [a884725c-3443-458c-8df7-7c5a51101be7-groupManagement] INFO  server.RaftServerConfigKeys (ConfUtils.java:logGet(46)) - raft.server.log.queue.element-limit = 1024 (custom)
2023-05-18 02:47:10,576 [a884725c-3443-458c-8df7-7c5a51101be7-groupManagement] INFO  server.RaftServerConfigKeys (ConfUtils.java:logGet(46)) - raft.server.log.segment.size.max = 1048576 (custom)
2023-05-18 02:47:10,576 [a884725c-3443-458c-8df7-7c5a51101be7-groupManagement] INFO  server.RaftServerConfigKeys (ConfUtils.java:logGet(46)) - raft.server.log.preallocated.size = 16384 (custom)
2023-05-18 02:47:10,576 [a884725c-3443-458c-8df7-7c5a51101be7-groupManagement] INFO  server.RaftServerConfigKeys (ConfUtils.java:logGet(46)) - raft.server.log.force.sync.num = 128 (default)
2023-05-18 02:47:10,576 [a884725c-3443-458c-8df7-7c5a51101be7-groupManagement] INFO  server.RaftServerConfigKeys (ConfUtils.java:logGet(46)) - raft.server.log.statemachine.data.sync = true (default)
2023-05-18 02:47:10,576 [a884725c-3443-458c-8df7-7c5a51101be7-groupManagement] INFO  server.RaftServerConfigKeys (ConfUtils.java:logGet(46)) - raft.server.log.statemachine.data.sync.timeout = 10s (default)
2023-05-18 02:47:10,576 [a884725c-3443-458c-8df7-7c5a51101be7-groupManagement] INFO  server.RaftServerConfigKeys (ConfUtils.java:logGet(46)) - raft.server.log.statemachine.data.sync.timeout.retry = -1 (default)
2023-05-18 02:47:10,577 [a884725c-3443-458c-8df7-7c5a51101be7-groupManagement] INFO  server.RaftServerConfigKeys (ConfUtils.java:logGet(46)) - raft.server.log.write.buffer.size = 1048576 (custom)
2023-05-18 02:47:10,578 [a884725c-3443-458c-8df7-7c5a51101be7-groupManagement] INFO  server.RaftServerConfigKeys (ConfUtils.java:logGet(46)) - raft.server.log.appender.buffer.byte-limit = 33554432 (custom)
2023-05-18 02:47:10,583 [a884725c-3443-458c-8df7-7c5a51101be7-groupManagement] INFO  server.RaftServerConfigKeys (ConfUtils.java:logGet(46)) - raft.server.log.unsafe-flush.enabled = false (default)
2023-05-18 02:47:10,591 [a884725c-3443-458c-8df7-7c5a51101be7-groupManagement] INFO  server.RaftServerConfigKeys (ConfUtils.java:logGet(46)) - raft.server.log.async-flush.enabled = false (default)
2023-05-18 02:47:10,591 [a884725c-3443-458c-8df7-7c5a51101be7-groupManagement] INFO  server.RaftServerConfigKeys (ConfUtils.java:logGet(46)) - raft.server.log.statemachine.data.caching.enabled = true (custom)
2023-05-18 02:47:10,591 [a884725c-3443-458c-8df7-7c5a51101be7-groupManagement] INFO  segmented.SegmentedRaftLogWorker (SegmentedRaftLogWorker.java:lambda$new$0(135)) - a884725c-3443-458c-8df7-7c5a51101be7@group-414C1574D782-SegmentedRaftLogWorker: flushIndex: setUnconditionally 0 -> -1
2023-05-18 02:47:10,591 [a884725c-3443-458c-8df7-7c5a51101be7-groupManagement] INFO  segmented.SegmentedRaftLogWorker (SegmentedRaftLogWorker.java:lambda$new$0(135)) - a884725c-3443-458c-8df7-7c5a51101be7@group-414C1574D782-SegmentedRaftLogWorker: safeCacheEvictIndex: setUnconditionally 0 -> -1
2023-05-18 02:47:10,591 [a884725c-3443-458c-8df7-7c5a51101be7-groupManagement] INFO  server.RaftServer$Division (RaftServerImpl.java:start(342)) - a884725c-3443-458c-8df7-7c5a51101be7@group-414C1574D782: start as a follower, conf=-1: peers:[a884725c-3443-458c-8df7-7c5a51101be7|rpc:10.1.1.154:15013|admin:10.1.1.154:15012|client:10.1.1.154:15011|dataStream:10.1.1.154:15014|priority:0|startupRole:FOLLOWER, a754d4c8-bbdd-415d-ab5e-ea5caa73cb25|rpc:10.1.1.154:15021|admin:10.1.1.154:15020|client:10.1.1.154:15019|dataStream:10.1.1.154:15022|priority:1|startupRole:FOLLOWER, eda5bed9-420b-4517-a9a1-164df2c5dc2a|rpc:10.1.1.154:15029|admin:10.1.1.154:15028|client:10.1.1.154:15027|dataStream:10.1.1.154:15030|priority:0|startupRole:FOLLOWER]|listeners:[], old=null
2023-05-18 02:47:10,591 [a884725c-3443-458c-8df7-7c5a51101be7-groupManagement] INFO  server.RaftServer$Division (RaftServerImpl.java:setRole(329)) - a884725c-3443-458c-8df7-7c5a51101be7@group-414C1574D782: changes role from      null to FOLLOWER at term 0 for startAsFollower
2023-05-18 02:47:10,591 [a884725c-3443-458c-8df7-7c5a51101be7-groupManagement] INFO  impl.RoleInfo (RoleInfo.java:updateAndGet(139)) - a884725c-3443-458c-8df7-7c5a51101be7: start a884725c-3443-458c-8df7-7c5a51101be7@group-414C1574D782-FollowerState
2023-05-18 02:47:10,592 [a884725c-3443-458c-8df7-7c5a51101be7-groupManagement] INFO  util.JmxRegister (JmxRegister.java:tryRegister(44)) - Successfully registered JMX Bean with object name Ratis:service=RaftServer,group=group-414C1574D782,id=a884725c-3443-458c-8df7-7c5a51101be7
2023-05-18 02:47:10,592 [a884725c-3443-458c-8df7-7c5a51101be7-groupManagement] INFO  server.RaftServerConfigKeys (ConfUtils.java:logGet(46)) - raft.server.snapshot.auto.trigger.enabled = true (custom)
2023-05-18 02:47:10,586 [EventQueue-OpenPipelineForHealthyPipelineSafeModeRule] INFO  safemode.SCMSafeModeManager (HealthyPipelineSafeModeRule.java:process(137)) - SCM in safe mode. Healthy pipelines reported count is 0, required healthy pipeline reported count is 1
2023-05-18 02:47:10,592 [a884725c-3443-458c-8df7-7c5a51101be7-groupManagement] INFO  server.RaftServerConfigKeys (ConfUtils.java:logGet(46)) - raft.server.snapshot.auto.trigger.threshold = 10000 (custom)
2023-05-18 02:47:10,594 [a884725c-3443-458c-8df7-7c5a51101be7-groupManagement] INFO  server.RaftServerConfigKeys (ConfUtils.java:logGet(46)) - raft.server.snapshot.retention.file.num = 5 (custom)
2023-05-18 02:47:10,594 [a884725c-3443-458c-8df7-7c5a51101be7-groupManagement] INFO  server.RaftServerConfigKeys (ConfUtils.java:logGet(46)) - raft.server.log.purge.upto.snapshot.index = false (default)
2023-05-18 02:47:10,595 [a884725c-3443-458c-8df7-7c5a51101be7@group-414C1574D782-FollowerState] INFO  server.RaftServerConfigKeys (ConfUtils.java:logFallback(53)) - raft.server.rpc.first-election.timeout.min = 5s (fallback to raft.server.rpc.timeout.min)
2023-05-18 02:47:10,595 [a884725c-3443-458c-8df7-7c5a51101be7@group-414C1574D782-FollowerState] INFO  server.RaftServerConfigKeys (ConfUtils.java:logFallback(53)) - raft.server.rpc.first-election.timeout.max = 5200ms (fallback to raft.server.rpc.timeout.max)
2023-05-18 02:47:10,600 [Command processor thread] INFO  ratis.XceiverServerRatis (XceiverServerRatis.java:addGroup(806)) - Created group PipelineID=d800373b-ec3a-4daa-a9e5-414c1574d782
2023-05-18 02:47:10,653 [grpc-default-executor-1] INFO  server.RaftServer (RaftServerProxy.java:addNew(98)) - a754d4c8-bbdd-415d-ab5e-ea5caa73cb25: addNew group-414C1574D782:[a884725c-3443-458c-8df7-7c5a51101be7|rpc:10.1.1.154:15013|admin:10.1.1.154:15012|client:10.1.1.154:15011|dataStream:10.1.1.154:15014|priority:0|startupRole:FOLLOWER, a754d4c8-bbdd-415d-ab5e-ea5caa73cb25|rpc:10.1.1.154:15021|admin:10.1.1.154:15020|client:10.1.1.154:15019|dataStream:10.1.1.154:15022|priority:1|startupRole:FOLLOWER, eda5bed9-420b-4517-a9a1-164df2c5dc2a|rpc:10.1.1.154:15029|admin:10.1.1.154:15028|client:10.1.1.154:15027|dataStream:10.1.1.154:15030|priority:0|startupRole:FOLLOWER] returns group-414C1574D782:java.util.concurrent.CompletableFuture@9ab7ae6[Not completed]
2023-05-18 02:47:10,654 [a754d4c8-bbdd-415d-ab5e-ea5caa73cb25-groupManagement] INFO  server.RaftServer$Division (RaftServerImpl.java:<init>(198)) - a754d4c8-bbdd-415d-ab5e-ea5caa73cb25: new RaftServerImpl for group-414C1574D782:[a884725c-3443-458c-8df7-7c5a51101be7|rpc:10.1.1.154:15013|admin:10.1.1.154:15012|client:10.1.1.154:15011|dataStream:10.1.1.154:15014|priority:0|startupRole:FOLLOWER, a754d4c8-bbdd-415d-ab5e-ea5caa73cb25|rpc:10.1.1.154:15021|admin:10.1.1.154:15020|client:10.1.1.154:15019|dataStream:10.1.1.154:15022|priority:1|startupRole:FOLLOWER, eda5bed9-420b-4517-a9a1-164df2c5dc2a|rpc:10.1.1.154:15029|admin:10.1.1.154:15028|client:10.1.1.154:15027|dataStream:10.1.1.154:15030|priority:0|startupRole:FOLLOWER] with ContainerStateMachine:uninitialized
2023-05-18 02:47:10,654 [a754d4c8-bbdd-415d-ab5e-ea5caa73cb25-groupManagement] INFO  server.RaftServerConfigKeys (ConfUtils.java:logGet(46)) - raft.server.rpc.timeout.min = 5s (custom)
2023-05-18 02:47:10,654 [a754d4c8-bbdd-415d-ab5e-ea5caa73cb25-groupManagement] INFO  server.RaftServerConfigKeys (ConfUtils.java:logGet(46)) - raft.server.rpc.timeout.max = 5200ms (custom)
2023-05-18 02:47:10,654 [a754d4c8-bbdd-415d-ab5e-ea5caa73cb25-groupManagement] INFO  server.RaftServerConfigKeys (ConfUtils.java:logGet(46)) - raft.server.rpc.sleep.time = 25ms (default)
2023-05-18 02:47:10,654 [a754d4c8-bbdd-415d-ab5e-ea5caa73cb25-groupManagement] INFO  server.RaftServerConfigKeys (ConfUtils.java:logGet(46)) - raft.server.rpc.slowness.timeout = 300s (custom)
2023-05-18 02:47:10,654 [a754d4c8-bbdd-415d-ab5e-ea5caa73cb25-groupManagement] INFO  server.RaftServerConfigKeys (ConfUtils.java:logGet(46)) - raft.server.leaderelection.leader.step-down.wait-time = 10s (default)
2023-05-18 02:47:10,654 [a754d4c8-bbdd-415d-ab5e-ea5caa73cb25-groupManagement] INFO  server.RaftServerConfigKeys (ConfUtils.java:logGet(46)) - raft.server.sleep.deviation.threshold = 300ms (default)
2023-05-18 02:47:10,654 [a754d4c8-bbdd-415d-ab5e-ea5caa73cb25-groupManagement] INFO  server.RaftServer$Division (ServerState.java:<init>(120)) - a754d4c8-bbdd-415d-ab5e-ea5caa73cb25@group-414C1574D782: ConfigurationManager, init=-1: peers:[a884725c-3443-458c-8df7-7c5a51101be7|rpc:10.1.1.154:15013|admin:10.1.1.154:15012|client:10.1.1.154:15011|dataStream:10.1.1.154:15014|priority:0|startupRole:FOLLOWER, a754d4c8-bbdd-415d-ab5e-ea5caa73cb25|rpc:10.1.1.154:15021|admin:10.1.1.154:15020|client:10.1.1.154:15019|dataStream:10.1.1.154:15022|priority:1|startupRole:FOLLOWER, eda5bed9-420b-4517-a9a1-164df2c5dc2a|rpc:10.1.1.154:15029|admin:10.1.1.154:15028|client:10.1.1.154:15027|dataStream:10.1.1.154:15030|priority:0|startupRole:FOLLOWER]|listeners:[], old=null, confs=<EMPTY_MAP>
2023-05-18 02:47:10,654 [a754d4c8-bbdd-415d-ab5e-ea5caa73cb25-groupManagement] INFO  server.RaftServerConfigKeys (ConfUtils.java:logGet(46)) - raft.server.storage.dir = [/home/runner/work/ozone/ozone/hadoop-ozone/integration-test/target/test-dir/MiniOzoneClusterImpl-522acec6-bbe2-4bbe-92e7-576262f261c3/datanode-1/data/ratis] (custom)
2023-05-18 02:47:10,654 [a754d4c8-bbdd-415d-ab5e-ea5caa73cb25-groupManagement] INFO  server.RaftServerConfigKeys (ConfUtils.java:logGet(46)) - raft.server.log.corruption.policy = EXCEPTION (default)
2023-05-18 02:47:10,655 [a754d4c8-bbdd-415d-ab5e-ea5caa73cb25-groupManagement] INFO  server.RaftServerConfigKeys (ConfUtils.java:logGet(46)) - raft.server.storage.free-space.min = 0MB (=0) (default)
2023-05-18 02:47:10,655 [a754d4c8-bbdd-415d-ab5e-ea5caa73cb25-groupManagement] INFO  server.RaftServerConfigKeys (ConfUtils.java:logGet(46)) - raft.server.notification.no-leader.timeout = 300s (custom)
2023-05-18 02:47:10,655 [a754d4c8-bbdd-415d-ab5e-ea5caa73cb25-groupManagement] INFO  server.RaftServerConfigKeys (ConfUtils.java:logGet(46)) - raft.server.read.timeout = 10s (default)
2023-05-18 02:47:10,655 [a754d4c8-bbdd-415d-ab5e-ea5caa73cb25-groupManagement] INFO  server.RaftServerConfigKeys (ConfUtils.java:logGet(46)) - raft.server.retrycache.expirytime = 600000ms (custom)
2023-05-18 02:47:10,655 [a754d4c8-bbdd-415d-ab5e-ea5caa73cb25-groupManagement] INFO  server.RaftServerConfigKeys (ConfUtils.java:logGet(46)) - raft.server.retrycache.statistics.expirytime = 100μs (default)
2023-05-18 02:47:10,655 [a754d4c8-bbdd-415d-ab5e-ea5caa73cb25-groupManagement] INFO  server.RaftServerConfigKeys (ConfUtils.java:logGet(46)) - raft.server.read.option = DEFAULT (default)
2023-05-18 02:47:10,656 [a754d4c8-bbdd-415d-ab5e-ea5caa73cb25-groupManagement] INFO  server.RaftServerConfigKeys (ConfUtils.java:logGet(46)) - raft.server.rpc.request.timeout = 60s (custom)
2023-05-18 02:47:10,656 [a754d4c8-bbdd-415d-ab5e-ea5caa73cb25-groupManagement] INFO  server.RaftServerConfigKeys (ConfUtils.java:logGet(46)) - raft.server.log.appender.install.snapshot.enabled = false (custom)
2023-05-18 02:47:10,656 [a754d4c8-bbdd-415d-ab5e-ea5caa73cb25-groupManagement] INFO  server.RaftServerConfigKeys (ConfUtils.java:logGet(46)) - raft.server.threadpool.server.cached = true (default)
2023-05-18 02:47:10,656 [a754d4c8-bbdd-415d-ab5e-ea5caa73cb25-groupManagement] INFO  server.RaftServerConfigKeys (ConfUtils.java:logGet(46)) - raft.server.threadpool.server.size = 0 (default)
2023-05-18 02:47:10,656 [a754d4c8-bbdd-415d-ab5e-ea5caa73cb25-groupManagement] INFO  server.RaftServerConfigKeys (ConfUtils.java:logGet(46)) - raft.server.threadpool.client.cached = true (default)
2023-05-18 02:47:10,656 [a754d4c8-bbdd-415d-ab5e-ea5caa73cb25-groupManagement] INFO  server.RaftServerConfigKeys (ConfUtils.java:logGet(46)) - raft.server.threadpool.client.size = 0 (default)
2023-05-18 02:47:10,656 [a754d4c8-bbdd-415d-ab5e-ea5caa73cb25-groupManagement] INFO  storage.RaftStorageDirectory (RaftStorageDirectoryImpl.java:analyzeStorage(137)) - The storage directory /home/runner/work/ozone/ozone/hadoop-ozone/integration-test/target/test-dir/MiniOzoneClusterImpl-522acec6-bbe2-4bbe-92e7-576262f261c3/datanode-1/data/ratis/d800373b-ec3a-4daa-a9e5-414c1574d782 does not exist. Creating ...
2023-05-18 02:47:10,657 [Command processor thread] INFO  commandhandler.CreatePipelineCommandHandler (CreatePipelineCommandHandler.java:handle(113)) - Created Pipeline RATIS THREE PipelineID=fd565622-fcdd-4d83-9cbb-0423365083f1.
2023-05-18 02:47:10,658 [a754d4c8-bbdd-415d-ab5e-ea5caa73cb25-groupManagement] INFO  storage.RaftStorageDirectory (RaftStorageDirectoryImpl.java:tryLock(231)) - Lock on /home/runner/work/ozone/ozone/hadoop-ozone/integration-test/target/test-dir/MiniOzoneClusterImpl-522acec6-bbe2-4bbe-92e7-576262f261c3/datanode-1/data/ratis/d800373b-ec3a-4daa-a9e5-414c1574d782/in_use.lock acquired by nodename 9353@fv-az180-414
2023-05-18 02:47:10,659 [a754d4c8-bbdd-415d-ab5e-ea5caa73cb25-groupManagement] INFO  storage.RaftStorage (RaftStorageImpl.java:format(96)) - Storage directory /home/runner/work/ozone/ozone/hadoop-ozone/integration-test/target/test-dir/MiniOzoneClusterImpl-522acec6-bbe2-4bbe-92e7-576262f261c3/datanode-1/data/ratis/d800373b-ec3a-4daa-a9e5-414c1574d782 has been successfully formatted.
2023-05-18 02:47:10,660 [a754d4c8-bbdd-415d-ab5e-ea5caa73cb25-groupManagement] INFO  ratis.ContainerStateMachine (ContainerStateMachine.java:loadSnapshot(262)) - group-414C1574D782: The snapshot info is null. Setting the last applied indexto:(t:0, i:~)
2023-05-18 02:47:10,663 [a754d4c8-bbdd-415d-ab5e-ea5caa73cb25-groupManagement] INFO  server.RaftServerConfigKeys (ConfUtils.java:logGet(46)) - raft.server.log.use.memory = false (default)
2023-05-18 02:47:10,663 [a754d4c8-bbdd-415d-ab5e-ea5caa73cb25-groupManagement] INFO  server.RaftServerConfigKeys (ConfUtils.java:logGet(46)) - raft.server.log.purge.gap = 1000000 (custom)
2023-05-18 02:47:10,663 [a754d4c8-bbdd-415d-ab5e-ea5caa73cb25-groupManagement] INFO  server.RaftServerConfigKeys (ConfUtils.java:logGet(46)) - raft.server.log.appender.buffer.byte-limit = 33554432 (custom)
2023-05-18 02:47:10,663 [a754d4c8-bbdd-415d-ab5e-ea5caa73cb25-groupManagement] INFO  server.RaftServerConfigKeys (ConfUtils.java:logGet(46)) - raft.server.log.statemachine.data.read.timeout = 1000ms (default)
2023-05-18 02:47:10,663 [a754d4c8-bbdd-415d-ab5e-ea5caa73cb25-groupManagement] INFO  server.RaftServerConfigKeys (ConfUtils.java:logGet(46)) - raft.server.log.purge.preservation.log.num = 0 (default)
2023-05-18 02:47:10,663 [a754d4c8-bbdd-415d-ab5e-ea5caa73cb25-groupManagement] INFO  server.RaftServerConfigKeys (ConfUtils.java:logGet(46)) - raft.server.log.segment.size.max = 1048576 (custom)
2023-05-18 02:47:10,664 [EventQueue-OpenPipelineForHealthyPipelineSafeModeRule] INFO  safemode.SCMSafeModeManager (HealthyPipelineSafeModeRule.java:process(137)) - SCM in safe mode. Healthy pipelines reported count is 0, required healthy pipeline reported count is 1
2023-05-18 02:47:10,664 [a754d4c8-bbdd-415d-ab5e-ea5caa73cb25-groupManagement] INFO  server.RaftServerConfigKeys (ConfUtils.java:logGet(46)) - raft.server.log.segment.cache.num.max = 2 (custom)
2023-05-18 02:47:10,664 [a754d4c8-bbdd-415d-ab5e-ea5caa73cb25-groupManagement] INFO  server.RaftServerConfigKeys (ConfUtils.java:logGet(46)) - raft.server.log.segment.cache.size.max = 200MB (=209715200) (default)
2023-05-18 02:47:10,664 [a754d4c8-bbdd-415d-ab5e-ea5caa73cb25-groupManagement] INFO  server.RaftServerConfigKeys (ConfUtils.java:logGet(46)) - raft.server.log.appender.buffer.byte-limit = 33554432 (custom)
2023-05-18 02:47:10,664 [a754d4c8-bbdd-415d-ab5e-ea5caa73cb25-groupManagement] INFO  segmented.SegmentedRaftLogWorker (SegmentedRaftLogWorker.java:<init>(188)) - new a754d4c8-bbdd-415d-ab5e-ea5caa73cb25@group-414C1574D782-SegmentedRaftLogWorker for RaftStorageImpl:Storage Directory /home/runner/work/ozone/ozone/hadoop-ozone/integration-test/target/test-dir/MiniOzoneClusterImpl-522acec6-bbe2-4bbe-92e7-576262f261c3/datanode-1/data/ratis/d800373b-ec3a-4daa-a9e5-414c1574d782
2023-05-18 02:47:10,664 [a754d4c8-bbdd-415d-ab5e-ea5caa73cb25-groupManagement] INFO  server.RaftServerConfigKeys (ConfUtils.java:logGet(46)) - raft.server.log.queue.byte-limit = 4294967296 (custom)
2023-05-18 02:47:10,664 [a754d4c8-bbdd-415d-ab5e-ea5caa73cb25-groupManagement] INFO  server.RaftServerConfigKeys (ConfUtils.java:logGet(46)) - raft.server.log.queue.element-limit = 1024 (custom)
2023-05-18 02:47:10,664 [a754d4c8-bbdd-415d-ab5e-ea5caa73cb25-groupManagement] INFO  server.RaftServerConfigKeys (ConfUtils.java:logGet(46)) - raft.server.log.segment.size.max = 1048576 (custom)
2023-05-18 02:47:10,665 [a754d4c8-bbdd-415d-ab5e-ea5caa73cb25-groupManagement] INFO  server.RaftServerConfigKeys (ConfUtils.java:logGet(46)) - raft.server.log.preallocated.size = 16384 (custom)
2023-05-18 02:47:10,665 [a754d4c8-bbdd-415d-ab5e-ea5caa73cb25-groupManagement] INFO  server.RaftServerConfigKeys (ConfUtils.java:logGet(46)) - raft.server.log.force.sync.num = 128 (default)
2023-05-18 02:47:10,665 [a754d4c8-bbdd-415d-ab5e-ea5caa73cb25-groupManagement] INFO  server.RaftServerConfigKeys (ConfUtils.java:logGet(46)) - raft.server.log.statemachine.data.sync = true (default)
2023-05-18 02:47:10,665 [a754d4c8-bbdd-415d-ab5e-ea5caa73cb25-groupManagement] INFO  server.RaftServerConfigKeys (ConfUtils.java:logGet(46)) - raft.server.log.statemachine.data.sync.timeout = 10s (default)
2023-05-18 02:47:10,665 [a754d4c8-bbdd-415d-ab5e-ea5caa73cb25-groupManagement] INFO  server.RaftServerConfigKeys (ConfUtils.java:logGet(46)) - raft.server.log.statemachine.data.sync.timeout.retry = -1 (default)
2023-05-18 02:47:10,666 [a754d4c8-bbdd-415d-ab5e-ea5caa73cb25-groupManagement] INFO  server.RaftServerConfigKeys (ConfUtils.java:logGet(46)) - raft.server.log.write.buffer.size = 1048576 (custom)
2023-05-18 02:47:10,666 [a754d4c8-bbdd-415d-ab5e-ea5caa73cb25-groupManagement] INFO  server.RaftServerConfigKeys (ConfUtils.java:logGet(46)) - raft.server.log.appender.buffer.byte-limit = 33554432 (custom)
2023-05-18 02:47:10,673 [a754d4c8-bbdd-415d-ab5e-ea5caa73cb25-groupManagement] INFO  server.RaftServerConfigKeys (ConfUtils.java:logGet(46)) - raft.server.log.unsafe-flush.enabled = false (default)
2023-05-18 02:47:10,673 [a754d4c8-bbdd-415d-ab5e-ea5caa73cb25-groupManagement] INFO  server.RaftServerConfigKeys (ConfUtils.java:logGet(46)) - raft.server.log.async-flush.enabled = false (default)
2023-05-18 02:47:10,674 [a754d4c8-bbdd-415d-ab5e-ea5caa73cb25-groupManagement] INFO  server.RaftServerConfigKeys (ConfUtils.java:logGet(46)) - raft.server.log.statemachine.data.caching.enabled = true (custom)
2023-05-18 02:47:10,674 [a754d4c8-bbdd-415d-ab5e-ea5caa73cb25-groupManagement] INFO  segmented.SegmentedRaftLogWorker (SegmentedRaftLogWorker.java:lambda$new$0(135)) - a754d4c8-bbdd-415d-ab5e-ea5caa73cb25@group-414C1574D782-SegmentedRaftLogWorker: flushIndex: setUnconditionally 0 -> -1
2023-05-18 02:47:10,674 [a754d4c8-bbdd-415d-ab5e-ea5caa73cb25-groupManagement] INFO  segmented.SegmentedRaftLogWorker (SegmentedRaftLogWorker.java:lambda$new$0(135)) - a754d4c8-bbdd-415d-ab5e-ea5caa73cb25@group-414C1574D782-SegmentedRaftLogWorker: safeCacheEvictIndex: setUnconditionally 0 -> -1
2023-05-18 02:47:10,674 [a754d4c8-bbdd-415d-ab5e-ea5caa73cb25-groupManagement] INFO  server.RaftServer$Division (RaftServerImpl.java:start(342)) - a754d4c8-bbdd-415d-ab5e-ea5caa73cb25@group-414C1574D782: start as a follower, conf=-1: peers:[a884725c-3443-458c-8df7-7c5a51101be7|rpc:10.1.1.154:15013|admin:10.1.1.154:15012|client:10.1.1.154:15011|dataStream:10.1.1.154:15014|priority:0|startupRole:FOLLOWER, a754d4c8-bbdd-415d-ab5e-ea5caa73cb25|rpc:10.1.1.154:15021|admin:10.1.1.154:15020|client:10.1.1.154:15019|dataStream:10.1.1.154:15022|priority:1|startupRole:FOLLOWER, eda5bed9-420b-4517-a9a1-164df2c5dc2a|rpc:10.1.1.154:15029|admin:10.1.1.154:15028|client:10.1.1.154:15027|dataStream:10.1.1.154:15030|priority:0|startupRole:FOLLOWER]|listeners:[], old=null
2023-05-18 02:47:10,674 [a754d4c8-bbdd-415d-ab5e-ea5caa73cb25-groupManagement] INFO  server.RaftServer$Division (RaftServerImpl.java:setRole(329)) - a754d4c8-bbdd-415d-ab5e-ea5caa73cb25@group-414C1574D782: changes role from      null to FOLLOWER at term 0 for startAsFollower
2023-05-18 02:47:10,674 [a754d4c8-bbdd-415d-ab5e-ea5caa73cb25-groupManagement] INFO  impl.RoleInfo (RoleInfo.java:updateAndGet(139)) - a754d4c8-bbdd-415d-ab5e-ea5caa73cb25: start a754d4c8-bbdd-415d-ab5e-ea5caa73cb25@group-414C1574D782-FollowerState
2023-05-18 02:47:10,677 [a754d4c8-bbdd-415d-ab5e-ea5caa73cb25-groupManagement] INFO  util.JmxRegister (JmxRegister.java:tryRegister(44)) - Successfully registered JMX Bean with object name Ratis:service=RaftServer,group=group-414C1574D782,id=a754d4c8-bbdd-415d-ab5e-ea5caa73cb25
2023-05-18 02:47:10,677 [a754d4c8-bbdd-415d-ab5e-ea5caa73cb25-groupManagement] INFO  server.RaftServerConfigKeys (ConfUtils.java:logGet(46)) - raft.server.snapshot.auto.trigger.enabled = true (custom)
2023-05-18 02:47:10,677 [a754d4c8-bbdd-415d-ab5e-ea5caa73cb25-groupManagement] INFO  server.RaftServerConfigKeys (ConfUtils.java:logGet(46)) - raft.server.snapshot.auto.trigger.threshold = 10000 (custom)
2023-05-18 02:47:10,677 [a754d4c8-bbdd-415d-ab5e-ea5caa73cb25-groupManagement] INFO  server.RaftServerConfigKeys (ConfUtils.java:logGet(46)) - raft.server.snapshot.retention.file.num = 5 (custom)
2023-05-18 02:47:10,677 [a754d4c8-bbdd-415d-ab5e-ea5caa73cb25-groupManagement] INFO  server.RaftServerConfigKeys (ConfUtils.java:logGet(46)) - raft.server.log.purge.upto.snapshot.index = false (default)
2023-05-18 02:47:10,680 [a754d4c8-bbdd-415d-ab5e-ea5caa73cb25@group-414C1574D782-FollowerState] INFO  server.RaftServerConfigKeys (ConfUtils.java:logFallback(53)) - raft.server.rpc.first-election.timeout.min = 5s (fallback to raft.server.rpc.timeout.min)
2023-05-18 02:47:10,682 [BlockDeletingService#2] INFO  interfaces.ContainerDeletionChoosingPolicyTemplate (ContainerDeletionChoosingPolicyTemplate.java:chooseContainerForBlockDeletion(83)) - Chosen 0/5000 blocks from 0 candidate containers.
2023-05-18 02:47:10,682 [a754d4c8-bbdd-415d-ab5e-ea5caa73cb25@group-414C1574D782-FollowerState] INFO  server.RaftServerConfigKeys (ConfUtils.java:logFallback(53)) - raft.server.rpc.first-election.timeout.max = 5200ms (fallback to raft.server.rpc.timeout.max)
2023-05-18 02:47:10,690 [Command processor thread] INFO  server.RaftServer (RaftServerProxy.java:addNew(98)) - eda5bed9-420b-4517-a9a1-164df2c5dc2a: addNew group-F48E4A4B30EF:[eda5bed9-420b-4517-a9a1-164df2c5dc2a|rpc:10.1.1.154:15029|admin:10.1.1.154:15028|client:10.1.1.154:15027|dataStream:10.1.1.154:15030|priority:1|startupRole:FOLLOWER] returns group-F48E4A4B30EF:java.util.concurrent.CompletableFuture@19885bb9[Not completed]
2023-05-18 02:47:10,691 [eda5bed9-420b-4517-a9a1-164df2c5dc2a-groupManagement] INFO  server.RaftServer$Division (RaftServerImpl.java:<init>(198)) - eda5bed9-420b-4517-a9a1-164df2c5dc2a: new RaftServerImpl for group-F48E4A4B30EF:[eda5bed9-420b-4517-a9a1-164df2c5dc2a|rpc:10.1.1.154:15029|admin:10.1.1.154:15028|client:10.1.1.154:15027|dataStream:10.1.1.154:15030|priority:1|startupRole:FOLLOWER] with ContainerStateMachine:uninitialized
2023-05-18 02:47:10,691 [eda5bed9-420b-4517-a9a1-164df2c5dc2a-groupManagement] INFO  server.RaftServerConfigKeys (ConfUtils.java:logGet(46)) - raft.server.rpc.timeout.min = 5s (custom)
2023-05-18 02:47:10,691 [eda5bed9-420b-4517-a9a1-164df2c5dc2a-groupManagement] INFO  server.RaftServerConfigKeys (ConfUtils.java:logGet(46)) - raft.server.rpc.timeout.max = 5200ms (custom)
2023-05-18 02:47:10,691 [eda5bed9-420b-4517-a9a1-164df2c5dc2a-groupManagement] INFO  server.RaftServerConfigKeys (ConfUtils.java:logGet(46)) - raft.server.rpc.sleep.time = 25ms (default)
2023-05-18 02:47:10,691 [eda5bed9-420b-4517-a9a1-164df2c5dc2a-groupManagement] INFO  server.RaftServerConfigKeys (ConfUtils.java:logGet(46)) - raft.server.rpc.slowness.timeout = 300s (custom)
2023-05-18 02:47:10,692 [eda5bed9-420b-4517-a9a1-164df2c5dc2a-groupManagement] INFO  server.RaftServerConfigKeys (ConfUtils.java:logGet(46)) - raft.server.leaderelection.leader.step-down.wait-time = 10s (default)
2023-05-18 02:47:10,692 [eda5bed9-420b-4517-a9a1-164df2c5dc2a-groupManagement] INFO  server.RaftServerConfigKeys (ConfUtils.java:logGet(46)) - raft.server.sleep.deviation.threshold = 300ms (default)
2023-05-18 02:47:10,692 [eda5bed9-420b-4517-a9a1-164df2c5dc2a-groupManagement] INFO  server.RaftServer$Division (ServerState.java:<init>(120)) - eda5bed9-420b-4517-a9a1-164df2c5dc2a@group-F48E4A4B30EF: ConfigurationManager, init=-1: peers:[eda5bed9-420b-4517-a9a1-164df2c5dc2a|rpc:10.1.1.154:15029|admin:10.1.1.154:15028|client:10.1.1.154:15027|dataStream:10.1.1.154:15030|priority:1|startupRole:FOLLOWER]|listeners:[], old=null, confs=<EMPTY_MAP>
2023-05-18 02:47:10,692 [eda5bed9-420b-4517-a9a1-164df2c5dc2a-groupManagement] INFO  server.RaftServerConfigKeys (ConfUtils.java:logGet(46)) - raft.server.storage.dir = [/home/runner/work/ozone/ozone/hadoop-ozone/integration-test/target/test-dir/MiniOzoneClusterImpl-522acec6-bbe2-4bbe-92e7-576262f261c3/datanode-2/data/ratis] (custom)
2023-05-18 02:47:10,692 [eda5bed9-420b-4517-a9a1-164df2c5dc2a-groupManagement] INFO  server.RaftServerConfigKeys (ConfUtils.java:logGet(46)) - raft.server.log.corruption.policy = EXCEPTION (default)
2023-05-18 02:47:10,692 [eda5bed9-420b-4517-a9a1-164df2c5dc2a-groupManagement] INFO  server.RaftServerConfigKeys (ConfUtils.java:logGet(46)) - raft.server.storage.free-space.min = 0MB (=0) (default)
2023-05-18 02:47:10,692 [eda5bed9-420b-4517-a9a1-164df2c5dc2a-groupManagement] INFO  server.RaftServerConfigKeys (ConfUtils.java:logGet(46)) - raft.server.notification.no-leader.timeout = 300s (custom)
2023-05-18 02:47:10,692 [eda5bed9-420b-4517-a9a1-164df2c5dc2a-groupManagement] INFO  server.RaftServerConfigKeys (ConfUtils.java:logGet(46)) - raft.server.read.timeout = 10s (default)
2023-05-18 02:47:10,692 [eda5bed9-420b-4517-a9a1-164df2c5dc2a-groupManagement] INFO  server.RaftServerConfigKeys (ConfUtils.java:logGet(46)) - raft.server.retrycache.expirytime = 600000ms (custom)
2023-05-18 02:47:10,692 [eda5bed9-420b-4517-a9a1-164df2c5dc2a-groupManagement] INFO  server.RaftServerConfigKeys (ConfUtils.java:logGet(46)) - raft.server.retrycache.statistics.expirytime = 100μs (default)
2023-05-18 02:47:10,692 [eda5bed9-420b-4517-a9a1-164df2c5dc2a-groupManagement] INFO  server.RaftServerConfigKeys (ConfUtils.java:logGet(46)) - raft.server.read.option = DEFAULT (default)
2023-05-18 02:47:10,698 [eda5bed9-420b-4517-a9a1-164df2c5dc2a-groupManagement] INFO  server.RaftServerConfigKeys (ConfUtils.java:logGet(46)) - raft.server.rpc.request.timeout = 60s (custom)
2023-05-18 02:47:10,698 [eda5bed9-420b-4517-a9a1-164df2c5dc2a-groupManagement] INFO  server.RaftServerConfigKeys (ConfUtils.java:logGet(46)) - raft.server.log.appender.install.snapshot.enabled = false (custom)
2023-05-18 02:47:10,698 [eda5bed9-420b-4517-a9a1-164df2c5dc2a-groupManagement] INFO  server.RaftServerConfigKeys (ConfUtils.java:logGet(46)) - raft.server.threadpool.server.cached = true (default)
2023-05-18 02:47:10,699 [eda5bed9-420b-4517-a9a1-164df2c5dc2a-groupManagement] INFO  server.RaftServerConfigKeys (ConfUtils.java:logGet(46)) - raft.server.threadpool.server.size = 0 (default)
2023-05-18 02:47:10,699 [eda5bed9-420b-4517-a9a1-164df2c5dc2a-groupManagement] INFO  server.RaftServerConfigKeys (ConfUtils.java:logGet(46)) - raft.server.threadpool.client.cached = true (default)
2023-05-18 02:47:10,699 [eda5bed9-420b-4517-a9a1-164df2c5dc2a-groupManagement] INFO  server.RaftServerConfigKeys (ConfUtils.java:logGet(46)) - raft.server.threadpool.client.size = 0 (default)
2023-05-18 02:47:10,699 [eda5bed9-420b-4517-a9a1-164df2c5dc2a-groupManagement] INFO  storage.RaftStorageDirectory (RaftStorageDirectoryImpl.java:analyzeStorage(137)) - The storage directory /home/runner/work/ozone/ozone/hadoop-ozone/integration-test/target/test-dir/MiniOzoneClusterImpl-522acec6-bbe2-4bbe-92e7-576262f261c3/datanode-2/data/ratis/bb99fe84-957b-40c2-831f-f48e4a4b30ef does not exist. Creating ...
2023-05-18 02:47:10,703 [eda5bed9-420b-4517-a9a1-164df2c5dc2a-groupManagement] INFO  storage.RaftStorageDirectory (RaftStorageDirectoryImpl.java:tryLock(231)) - Lock on /home/runner/work/ozone/ozone/hadoop-ozone/integration-test/target/test-dir/MiniOzoneClusterImpl-522acec6-bbe2-4bbe-92e7-576262f261c3/datanode-2/data/ratis/bb99fe84-957b-40c2-831f-f48e4a4b30ef/in_use.lock acquired by nodename 9353@fv-az180-414
2023-05-18 02:47:10,705 [eda5bed9-420b-4517-a9a1-164df2c5dc2a-groupManagement] INFO  storage.RaftStorage (RaftStorageImpl.java:format(96)) - Storage directory /home/runner/work/ozone/ozone/hadoop-ozone/integration-test/target/test-dir/MiniOzoneClusterImpl-522acec6-bbe2-4bbe-92e7-576262f261c3/datanode-2/data/ratis/bb99fe84-957b-40c2-831f-f48e4a4b30ef has been successfully formatted.
2023-05-18 02:47:10,707 [eda5bed9-420b-4517-a9a1-164df2c5dc2a-groupManagement] INFO  ratis.ContainerStateMachine (ContainerStateMachine.java:loadSnapshot(262)) - group-F48E4A4B30EF: The snapshot info is null. Setting the last applied indexto:(t:0, i:~)
2023-05-18 02:47:10,707 [eda5bed9-420b-4517-a9a1-164df2c5dc2a-groupManagement] INFO  server.RaftServerConfigKeys (ConfUtils.java:logGet(46)) - raft.server.log.use.memory = false (default)
2023-05-18 02:47:10,707 [eda5bed9-420b-4517-a9a1-164df2c5dc2a-groupManagement] INFO  server.RaftServerConfigKeys (ConfUtils.java:logGet(46)) - raft.server.log.purge.gap = 1000000 (custom)
2023-05-18 02:47:10,707 [eda5bed9-420b-4517-a9a1-164df2c5dc2a-groupManagement] INFO  server.RaftServerConfigKeys (ConfUtils.java:logGet(46)) - raft.server.log.appender.buffer.byte-limit = 33554432 (custom)
2023-05-18 02:47:10,707 [eda5bed9-420b-4517-a9a1-164df2c5dc2a-groupManagement] INFO  server.RaftServerConfigKeys (ConfUtils.java:logGet(46)) - raft.server.log.statemachine.data.read.timeout = 1000ms (default)
2023-05-18 02:47:10,707 [eda5bed9-420b-4517-a9a1-164df2c5dc2a-groupManagement] INFO  server.RaftServerConfigKeys (ConfUtils.java:logGet(46)) - raft.server.log.purge.preservation.log.num = 0 (default)
2023-05-18 02:47:10,707 [eda5bed9-420b-4517-a9a1-164df2c5dc2a-groupManagement] INFO  server.RaftServerConfigKeys (ConfUtils.java:logGet(46)) - raft.server.log.segment.size.max = 1048576 (custom)
2023-05-18 02:47:10,708 [eda5bed9-420b-4517-a9a1-164df2c5dc2a-groupManagement] INFO  server.RaftServerConfigKeys (ConfUtils.java:logGet(46)) - raft.server.log.segment.cache.num.max = 2 (custom)
2023-05-18 02:47:10,708 [eda5bed9-420b-4517-a9a1-164df2c5dc2a-groupManagement] INFO  server.RaftServerConfigKeys (ConfUtils.java:logGet(46)) - raft.server.log.segment.cache.size.max = 200MB (=209715200) (default)
2023-05-18 02:47:10,708 [eda5bed9-420b-4517-a9a1-164df2c5dc2a-groupManagement] INFO  server.RaftServerConfigKeys (ConfUtils.java:logGet(46)) - raft.server.log.appender.buffer.byte-limit = 33554432 (custom)
2023-05-18 02:47:10,708 [eda5bed9-420b-4517-a9a1-164df2c5dc2a-groupManagement] INFO  segmented.SegmentedRaftLogWorker (SegmentedRaftLogWorker.java:<init>(188)) - new eda5bed9-420b-4517-a9a1-164df2c5dc2a@group-F48E4A4B30EF-SegmentedRaftLogWorker for RaftStorageImpl:Storage Directory /home/runner/work/ozone/ozone/hadoop-ozone/integration-test/target/test-dir/MiniOzoneClusterImpl-522acec6-bbe2-4bbe-92e7-576262f261c3/datanode-2/data/ratis/bb99fe84-957b-40c2-831f-f48e4a4b30ef
2023-05-18 02:47:10,708 [eda5bed9-420b-4517-a9a1-164df2c5dc2a-groupManagement] INFO  server.RaftServerConfigKeys (ConfUtils.java:logGet(46)) - raft.server.log.queue.byte-limit = 4294967296 (custom)
2023-05-18 02:47:10,708 [eda5bed9-420b-4517-a9a1-164df2c5dc2a-groupManagement] INFO  server.RaftServerConfigKeys (ConfUtils.java:logGet(46)) - raft.server.log.queue.element-limit = 1024 (custom)
2023-05-18 02:47:10,708 [eda5bed9-420b-4517-a9a1-164df2c5dc2a-groupManagement] INFO  server.RaftServerConfigKeys (ConfUtils.java:logGet(46)) - raft.server.log.segment.size.max = 1048576 (custom)
2023-05-18 02:47:10,708 [eda5bed9-420b-4517-a9a1-164df2c5dc2a-groupManagement] INFO  server.RaftServerConfigKeys (ConfUtils.java:logGet(46)) - raft.server.log.preallocated.size = 16384 (custom)
2023-05-18 02:47:10,708 [eda5bed9-420b-4517-a9a1-164df2c5dc2a-groupManagement] INFO  server.RaftServerConfigKeys (ConfUtils.java:logGet(46)) - raft.server.log.force.sync.num = 128 (default)
2023-05-18 02:47:10,708 [eda5bed9-420b-4517-a9a1-164df2c5dc2a-groupManagement] INFO  server.RaftServerConfigKeys (ConfUtils.java:logGet(46)) - raft.server.log.statemachine.data.sync = true (default)
2023-05-18 02:47:10,708 [eda5bed9-420b-4517-a9a1-164df2c5dc2a-groupManagement] INFO  server.RaftServerConfigKeys (ConfUtils.java:logGet(46)) - raft.server.log.statemachine.data.sync.timeout = 10s (default)
2023-05-18 02:47:10,708 [eda5bed9-420b-4517-a9a1-164df2c5dc2a-groupManagement] INFO  server.RaftServerConfigKeys (ConfUtils.java:logGet(46)) - raft.server.log.statemachine.data.sync.timeout.retry = -1 (default)
2023-05-18 02:47:10,709 [eda5bed9-420b-4517-a9a1-164df2c5dc2a-groupManagement] INFO  server.RaftServerConfigKeys (ConfUtils.java:logGet(46)) - raft.server.log.write.buffer.size = 1048576 (custom)
2023-05-18 02:47:10,715 [EventQueue-PipelineReportForPipelineReportHandler] INFO  pipeline.PipelineManagerImpl (PipelineManagerImpl.java:openPipeline(367)) - Pipeline Pipeline[ Id: bb99fe84-957b-40c2-831f-f48e4a4b30ef, Nodes: eda5bed9-420b-4517-a9a1-164df2c5dc2a(fv-az180-414.aibneqh1mxpuhl3tnnuy2ifbce.bx.internal.cloudapp.net/10.1.1.154), ReplicationConfig: RATIS/ONE, State:ALLOCATED, leaderId:eda5bed9-420b-4517-a9a1-164df2c5dc2a, CreationTimestamp2023-05-18T02:47:07.695Z[Etc/UTC]] moved to OPEN state
2023-05-18 02:47:10,715 [EventQueue-OpenPipelineForHealthyPipelineSafeModeRule] INFO  safemode.SCMSafeModeManager (HealthyPipelineSafeModeRule.java:process(137)) - SCM in safe mode. Healthy pipelines reported count is 0, required healthy pipeline reported count is 1
2023-05-18 02:47:10,716 [eda5bed9-420b-4517-a9a1-164df2c5dc2a-groupManagement] INFO  server.RaftServerConfigKeys (ConfUtils.java:logGet(46)) - raft.server.log.appender.buffer.byte-limit = 33554432 (custom)
2023-05-18 02:47:10,721 [eda5bed9-420b-4517-a9a1-164df2c5dc2a-groupManagement] INFO  server.RaftServerConfigKeys (ConfUtils.java:logGet(46)) - raft.server.log.unsafe-flush.enabled = false (default)
2023-05-18 02:47:10,721 [eda5bed9-420b-4517-a9a1-164df2c5dc2a-groupManagement] INFO  server.RaftServerConfigKeys (ConfUtils.java:logGet(46)) - raft.server.log.async-flush.enabled = false (default)
2023-05-18 02:47:10,721 [eda5bed9-420b-4517-a9a1-164df2c5dc2a-groupManagement] INFO  server.RaftServerConfigKeys (ConfUtils.java:logGet(46)) - raft.server.log.statemachine.data.caching.enabled = true (custom)
2023-05-18 02:47:10,722 [eda5bed9-420b-4517-a9a1-164df2c5dc2a-groupManagement] INFO  segmented.SegmentedRaftLogWorker (SegmentedRaftLogWorker.java:lambda$new$0(135)) - eda5bed9-420b-4517-a9a1-164df2c5dc2a@group-F48E4A4B30EF-SegmentedRaftLogWorker: flushIndex: setUnconditionally 0 -> -1
2023-05-18 02:47:10,722 [eda5bed9-420b-4517-a9a1-164df2c5dc2a-groupManagement] INFO  segmented.SegmentedRaftLogWorker (SegmentedRaftLogWorker.java:lambda$new$0(135)) - eda5bed9-420b-4517-a9a1-164df2c5dc2a@group-F48E4A4B30EF-SegmentedRaftLogWorker: safeCacheEvictIndex: setUnconditionally 0 -> -1
2023-05-18 02:47:10,722 [eda5bed9-420b-4517-a9a1-164df2c5dc2a-groupManagement] INFO  server.RaftServer$Division (RaftServerImpl.java:start(342)) - eda5bed9-420b-4517-a9a1-164df2c5dc2a@group-F48E4A4B30EF: start as a follower, conf=-1: peers:[eda5bed9-420b-4517-a9a1-164df2c5dc2a|rpc:10.1.1.154:15029|admin:10.1.1.154:15028|client:10.1.1.154:15027|dataStream:10.1.1.154:15030|priority:1|startupRole:FOLLOWER]|listeners:[], old=null
2023-05-18 02:47:10,727 [eda5bed9-420b-4517-a9a1-164df2c5dc2a-groupManagement] INFO  server.RaftServer$Division (RaftServerImpl.java:setRole(329)) - eda5bed9-420b-4517-a9a1-164df2c5dc2a@group-F48E4A4B30EF: changes role from      null to FOLLOWER at term 0 for startAsFollower
2023-05-18 02:47:10,729 [eda5bed9-420b-4517-a9a1-164df2c5dc2a-groupManagement] INFO  impl.RoleInfo (RoleInfo.java:updateAndGet(139)) - eda5bed9-420b-4517-a9a1-164df2c5dc2a: start eda5bed9-420b-4517-a9a1-164df2c5dc2a@group-F48E4A4B30EF-FollowerState
2023-05-18 02:47:10,729 [eda5bed9-420b-4517-a9a1-164df2c5dc2a-groupManagement] INFO  util.JmxRegister (JmxRegister.java:tryRegister(44)) - Successfully registered JMX Bean with object name Ratis:service=RaftServer,group=group-F48E4A4B30EF,id=eda5bed9-420b-4517-a9a1-164df2c5dc2a
2023-05-18 02:47:10,729 [eda5bed9-420b-4517-a9a1-164df2c5dc2a-groupManagement] INFO  server.RaftServerConfigKeys (ConfUtils.java:logGet(46)) - raft.server.snapshot.auto.trigger.enabled = true (custom)
2023-05-18 02:47:10,729 [eda5bed9-420b-4517-a9a1-164df2c5dc2a-groupManagement] INFO  server.RaftServerConfigKeys (ConfUtils.java:logGet(46)) - raft.server.snapshot.auto.trigger.threshold = 10000 (custom)
2023-05-18 02:47:10,729 [eda5bed9-420b-4517-a9a1-164df2c5dc2a-groupManagement] INFO  server.RaftServerConfigKeys (ConfUtils.java:logGet(46)) - raft.server.snapshot.retention.file.num = 5 (custom)
2023-05-18 02:47:10,729 [eda5bed9-420b-4517-a9a1-164df2c5dc2a-groupManagement] INFO  server.RaftServerConfigKeys (ConfUtils.java:logGet(46)) - raft.server.log.purge.upto.snapshot.index = false (default)
2023-05-18 02:47:10,730 [eda5bed9-420b-4517-a9a1-164df2c5dc2a@group-F48E4A4B30EF-FollowerState] INFO  server.RaftServerConfigKeys (ConfUtils.java:logFallback(53)) - raft.server.rpc.first-election.timeout.min = 5s (fallback to raft.server.rpc.timeout.min)
2023-05-18 02:47:10,730 [eda5bed9-420b-4517-a9a1-164df2c5dc2a@group-F48E4A4B30EF-FollowerState] INFO  server.RaftServerConfigKeys (ConfUtils.java:logFallback(53)) - raft.server.rpc.first-election.timeout.max = 5200ms (fallback to raft.server.rpc.timeout.max)
2023-05-18 02:47:10,731 [Command processor thread] INFO  ratis.XceiverServerRatis (XceiverServerRatis.java:addGroup(806)) - Created group PipelineID=bb99fe84-957b-40c2-831f-f48e4a4b30ef
2023-05-18 02:47:10,731 [Command processor thread] INFO  commandhandler.CreatePipelineCommandHandler (CreatePipelineCommandHandler.java:handle(113)) - Created Pipeline RATIS ONE PipelineID=bb99fe84-957b-40c2-831f-f48e4a4b30ef.
2023-05-18 02:47:10,731 [Command processor thread] INFO  server.RaftServer (RaftServerProxy.java:addNew(98)) - eda5bed9-420b-4517-a9a1-164df2c5dc2a: addNew group-414C1574D782:[a884725c-3443-458c-8df7-7c5a51101be7|rpc:10.1.1.154:15013|admin:10.1.1.154:15012|client:10.1.1.154:15011|dataStream:10.1.1.154:15014|priority:0|startupRole:FOLLOWER, a754d4c8-bbdd-415d-ab5e-ea5caa73cb25|rpc:10.1.1.154:15021|admin:10.1.1.154:15020|client:10.1.1.154:15019|dataStream:10.1.1.154:15022|priority:1|startupRole:FOLLOWER, eda5bed9-420b-4517-a9a1-164df2c5dc2a|rpc:10.1.1.154:15029|admin:10.1.1.154:15028|client:10.1.1.154:15027|dataStream:10.1.1.154:15030|priority:0|startupRole:FOLLOWER] returns group-414C1574D782:java.util.concurrent.CompletableFuture@174fb6f8[Not completed]
2023-05-18 02:47:10,732 [eda5bed9-420b-4517-a9a1-164df2c5dc2a-groupManagement] INFO  server.RaftServer$Division (RaftServerImpl.java:<init>(198)) - eda5bed9-420b-4517-a9a1-164df2c5dc2a: new RaftServerImpl for group-414C1574D782:[a884725c-3443-458c-8df7-7c5a51101be7|rpc:10.1.1.154:15013|admin:10.1.1.154:15012|client:10.1.1.154:15011|dataStream:10.1.1.154:15014|priority:0|startupRole:FOLLOWER, a754d4c8-bbdd-415d-ab5e-ea5caa73cb25|rpc:10.1.1.154:15021|admin:10.1.1.154:15020|client:10.1.1.154:15019|dataStream:10.1.1.154:15022|priority:1|startupRole:FOLLOWER, eda5bed9-420b-4517-a9a1-164df2c5dc2a|rpc:10.1.1.154:15029|admin:10.1.1.154:15028|client:10.1.1.154:15027|dataStream:10.1.1.154:15030|priority:0|startupRole:FOLLOWER] with ContainerStateMachine:uninitialized
2023-05-18 02:47:10,732 [eda5bed9-420b-4517-a9a1-164df2c5dc2a-groupManagement] INFO  server.RaftServerConfigKeys (ConfUtils.java:logGet(46)) - raft.server.rpc.timeout.min = 5s (custom)
2023-05-18 02:47:10,732 [eda5bed9-420b-4517-a9a1-164df2c5dc2a-groupManagement] INFO  server.RaftServerConfigKeys (ConfUtils.java:logGet(46)) - raft.server.rpc.timeout.max = 5200ms (custom)
2023-05-18 02:47:10,732 [eda5bed9-420b-4517-a9a1-164df2c5dc2a-groupManagement] INFO  server.RaftServerConfigKeys (ConfUtils.java:logGet(46)) - raft.server.rpc.sleep.time = 25ms (default)
2023-05-18 02:47:10,732 [eda5bed9-420b-4517-a9a1-164df2c5dc2a-groupManagement] INFO  server.RaftServerConfigKeys (ConfUtils.java:logGet(46)) - raft.server.rpc.slowness.timeout = 300s (custom)
2023-05-18 02:47:10,732 [eda5bed9-420b-4517-a9a1-164df2c5dc2a-groupManagement] INFO  server.RaftServerConfigKeys (ConfUtils.java:logGet(46)) - raft.server.leaderelection.leader.step-down.wait-time = 10s (default)
2023-05-18 02:47:10,732 [eda5bed9-420b-4517-a9a1-164df2c5dc2a-groupManagement] INFO  server.RaftServerConfigKeys (ConfUtils.java:logGet(46)) - raft.server.sleep.deviation.threshold = 300ms (default)
2023-05-18 02:47:10,733 [eda5bed9-420b-4517-a9a1-164df2c5dc2a-groupManagement] INFO  server.RaftServer$Division (ServerState.java:<init>(120)) - eda5bed9-420b-4517-a9a1-164df2c5dc2a@group-414C1574D782: ConfigurationManager, init=-1: peers:[a884725c-3443-458c-8df7-7c5a51101be7|rpc:10.1.1.154:15013|admin:10.1.1.154:15012|client:10.1.1.154:15011|dataStream:10.1.1.154:15014|priority:0|startupRole:FOLLOWER, a754d4c8-bbdd-415d-ab5e-ea5caa73cb25|rpc:10.1.1.154:15021|admin:10.1.1.154:15020|client:10.1.1.154:15019|dataStream:10.1.1.154:15022|priority:1|startupRole:FOLLOWER, eda5bed9-420b-4517-a9a1-164df2c5dc2a|rpc:10.1.1.154:15029|admin:10.1.1.154:15028|client:10.1.1.154:15027|dataStream:10.1.1.154:15030|priority:0|startupRole:FOLLOWER]|listeners:[], old=null, confs=<EMPTY_MAP>
2023-05-18 02:47:10,733 [eda5bed9-420b-4517-a9a1-164df2c5dc2a-groupManagement] INFO  server.RaftServerConfigKeys (ConfUtils.java:logGet(46)) - raft.server.storage.dir = [/home/runner/work/ozone/ozone/hadoop-ozone/integration-test/target/test-dir/MiniOzoneClusterImpl-522acec6-bbe2-4bbe-92e7-576262f261c3/datanode-2/data/ratis] (custom)
2023-05-18 02:47:10,733 [eda5bed9-420b-4517-a9a1-164df2c5dc2a-groupManagement] INFO  server.RaftServerConfigKeys (ConfUtils.java:logGet(46)) - raft.server.log.corruption.policy = EXCEPTION (default)
2023-05-18 02:47:10,733 [eda5bed9-420b-4517-a9a1-164df2c5dc2a-groupManagement] INFO  server.RaftServerConfigKeys (ConfUtils.java:logGet(46)) - raft.server.storage.free-space.min = 0MB (=0) (default)
2023-05-18 02:47:10,733 [eda5bed9-420b-4517-a9a1-164df2c5dc2a-groupManagement] INFO  server.RaftServerConfigKeys (ConfUtils.java:logGet(46)) - raft.server.notification.no-leader.timeout = 300s (custom)
2023-05-18 02:47:10,733 [eda5bed9-420b-4517-a9a1-164df2c5dc2a-groupManagement] INFO  server.RaftServerConfigKeys (ConfUtils.java:logGet(46)) - raft.server.read.timeout = 10s (default)
2023-05-18 02:47:10,733 [eda5bed9-420b-4517-a9a1-164df2c5dc2a-groupManagement] INFO  server.RaftServerConfigKeys (ConfUtils.java:logGet(46)) - raft.server.retrycache.expirytime = 600000ms (custom)
2023-05-18 02:47:10,733 [eda5bed9-420b-4517-a9a1-164df2c5dc2a-groupManagement] INFO  server.RaftServerConfigKeys (ConfUtils.java:logGet(46)) - raft.server.retrycache.statistics.expirytime = 100μs (default)
2023-05-18 02:47:10,733 [eda5bed9-420b-4517-a9a1-164df2c5dc2a-groupManagement] INFO  server.RaftServerConfigKeys (ConfUtils.java:logGet(46)) - raft.server.read.option = DEFAULT (default)
2023-05-18 02:47:10,734 [eda5bed9-420b-4517-a9a1-164df2c5dc2a-groupManagement] INFO  server.RaftServerConfigKeys (ConfUtils.java:logGet(46)) - raft.server.rpc.request.timeout = 60s (custom)
2023-05-18 02:47:10,734 [eda5bed9-420b-4517-a9a1-164df2c5dc2a-groupManagement] INFO  server.RaftServerConfigKeys (ConfUtils.java:logGet(46)) - raft.server.log.appender.install.snapshot.enabled = false (custom)
2023-05-18 02:47:10,734 [eda5bed9-420b-4517-a9a1-164df2c5dc2a-groupManagement] INFO  server.RaftServerConfigKeys (ConfUtils.java:logGet(46)) - raft.server.threadpool.server.cached = true (default)
2023-05-18 02:47:10,734 [eda5bed9-420b-4517-a9a1-164df2c5dc2a-groupManagement] INFO  server.RaftServerConfigKeys (ConfUtils.java:logGet(46)) - raft.server.threadpool.server.size = 0 (default)
2023-05-18 02:47:10,734 [eda5bed9-420b-4517-a9a1-164df2c5dc2a-groupManagement] INFO  server.RaftServerConfigKeys (ConfUtils.java:logGet(46)) - raft.server.threadpool.client.cached = true (default)
2023-05-18 02:47:10,735 [eda5bed9-420b-4517-a9a1-164df2c5dc2a-groupManagement] INFO  server.RaftServerConfigKeys (ConfUtils.java:logGet(46)) - raft.server.threadpool.client.size = 0 (default)
2023-05-18 02:47:10,735 [eda5bed9-420b-4517-a9a1-164df2c5dc2a-groupManagement] INFO  storage.RaftStorageDirectory (RaftStorageDirectoryImpl.java:analyzeStorage(137)) - The storage directory /home/runner/work/ozone/ozone/hadoop-ozone/integration-test/target/test-dir/MiniOzoneClusterImpl-522acec6-bbe2-4bbe-92e7-576262f261c3/datanode-2/data/ratis/d800373b-ec3a-4daa-a9e5-414c1574d782 does not exist. Creating ...
2023-05-18 02:47:10,735 [eda5bed9-420b-4517-a9a1-164df2c5dc2a-groupManagement] INFO  storage.RaftStorageDirectory (RaftStorageDirectoryImpl.java:tryLock(231)) - Lock on /home/runner/work/ozone/ozone/hadoop-ozone/integration-test/target/test-dir/MiniOzoneClusterImpl-522acec6-bbe2-4bbe-92e7-576262f261c3/datanode-2/data/ratis/d800373b-ec3a-4daa-a9e5-414c1574d782/in_use.lock acquired by nodename 9353@fv-az180-414
2023-05-18 02:47:10,737 [eda5bed9-420b-4517-a9a1-164df2c5dc2a-groupManagement] INFO  storage.RaftStorage (RaftStorageImpl.java:format(96)) - Storage directory /home/runner/work/ozone/ozone/hadoop-ozone/integration-test/target/test-dir/MiniOzoneClusterImpl-522acec6-bbe2-4bbe-92e7-576262f261c3/datanode-2/data/ratis/d800373b-ec3a-4daa-a9e5-414c1574d782 has been successfully formatted.
2023-05-18 02:47:10,738 [eda5bed9-420b-4517-a9a1-164df2c5dc2a-groupManagement] INFO  ratis.ContainerStateMachine (ContainerStateMachine.java:loadSnapshot(262)) - group-414C1574D782: The snapshot info is null. Setting the last applied indexto:(t:0, i:~)
2023-05-18 02:47:10,738 [eda5bed9-420b-4517-a9a1-164df2c5dc2a-groupManagement] INFO  server.RaftServerConfigKeys (ConfUtils.java:logGet(46)) - raft.server.log.use.memory = false (default)
2023-05-18 02:47:10,738 [eda5bed9-420b-4517-a9a1-164df2c5dc2a-groupManagement] INFO  server.RaftServerConfigKeys (ConfUtils.java:logGet(46)) - raft.server.log.purge.gap = 1000000 (custom)
2023-05-18 02:47:10,738 [eda5bed9-420b-4517-a9a1-164df2c5dc2a-groupManagement] INFO  server.RaftServerConfigKeys (ConfUtils.java:logGet(46)) - raft.server.log.appender.buffer.byte-limit = 33554432 (custom)
2023-05-18 02:47:10,738 [eda5bed9-420b-4517-a9a1-164df2c5dc2a-groupManagement] INFO  server.RaftServerConfigKeys (ConfUtils.java:logGet(46)) - raft.server.log.statemachine.data.read.timeout = 1000ms (default)
2023-05-18 02:47:10,738 [eda5bed9-420b-4517-a9a1-164df2c5dc2a-groupManagement] INFO  server.RaftServerConfigKeys (ConfUtils.java:logGet(46)) - raft.server.log.purge.preservation.log.num = 0 (default)
2023-05-18 02:47:10,739 [eda5bed9-420b-4517-a9a1-164df2c5dc2a-groupManagement] INFO  server.RaftServerConfigKeys (ConfUtils.java:logGet(46)) - raft.server.log.segment.size.max = 1048576 (custom)
2023-05-18 02:47:10,739 [eda5bed9-420b-4517-a9a1-164df2c5dc2a-groupManagement] INFO  server.RaftServerConfigKeys (ConfUtils.java:logGet(46)) - raft.server.log.segment.cache.num.max = 2 (custom)
2023-05-18 02:47:10,739 [eda5bed9-420b-4517-a9a1-164df2c5dc2a-groupManagement] INFO  server.RaftServerConfigKeys (ConfUtils.java:logGet(46)) - raft.server.log.segment.cache.size.max = 200MB (=209715200) (default)
2023-05-18 02:47:10,739 [eda5bed9-420b-4517-a9a1-164df2c5dc2a-groupManagement] INFO  server.RaftServerConfigKeys (ConfUtils.java:logGet(46)) - raft.server.log.appender.buffer.byte-limit = 33554432 (custom)
2023-05-18 02:47:10,739 [eda5bed9-420b-4517-a9a1-164df2c5dc2a-groupManagement] INFO  segmented.SegmentedRaftLogWorker (SegmentedRaftLogWorker.java:<init>(188)) - new eda5bed9-420b-4517-a9a1-164df2c5dc2a@group-414C1574D782-SegmentedRaftLogWorker for RaftStorageImpl:Storage Directory /home/runner/work/ozone/ozone/hadoop-ozone/integration-test/target/test-dir/MiniOzoneClusterImpl-522acec6-bbe2-4bbe-92e7-576262f261c3/datanode-2/data/ratis/d800373b-ec3a-4daa-a9e5-414c1574d782
2023-05-18 02:47:10,739 [eda5bed9-420b-4517-a9a1-164df2c5dc2a-groupManagement] INFO  server.RaftServerConfigKeys (ConfUtils.java:logGet(46)) - raft.server.log.queue.byte-limit = 4294967296 (custom)
2023-05-18 02:47:10,739 [eda5bed9-420b-4517-a9a1-164df2c5dc2a-groupManagement] INFO  server.RaftServerConfigKeys (ConfUtils.java:logGet(46)) - raft.server.log.queue.element-limit = 1024 (custom)
2023-05-18 02:47:10,739 [eda5bed9-420b-4517-a9a1-164df2c5dc2a-groupManagement] INFO  server.RaftServerConfigKeys (ConfUtils.java:logGet(46)) - raft.server.log.segment.size.max = 1048576 (custom)
2023-05-18 02:47:10,739 [eda5bed9-420b-4517-a9a1-164df2c5dc2a-groupManagement] INFO  server.RaftServerConfigKeys (ConfUtils.java:logGet(46)) - raft.server.log.preallocated.size = 16384 (custom)
2023-05-18 02:47:10,739 [eda5bed9-420b-4517-a9a1-164df2c5dc2a-groupManagement] INFO  server.RaftServerConfigKeys (ConfUtils.java:logGet(46)) - raft.server.log.force.sync.num = 128 (default)
2023-05-18 02:47:10,739 [eda5bed9-420b-4517-a9a1-164df2c5dc2a-groupManagement] INFO  server.RaftServerConfigKeys (ConfUtils.java:logGet(46)) - raft.server.log.statemachine.data.sync = true (default)
2023-05-18 02:47:10,740 [eda5bed9-420b-4517-a9a1-164df2c5dc2a-groupManagement] INFO  server.RaftServerConfigKeys (ConfUtils.java:logGet(46)) - raft.server.log.statemachine.data.sync.timeout = 10s (default)
2023-05-18 02:47:10,740 [eda5bed9-420b-4517-a9a1-164df2c5dc2a-groupManagement] INFO  server.RaftServerConfigKeys (ConfUtils.java:logGet(46)) - raft.server.log.statemachine.data.sync.timeout.retry = -1 (default)
2023-05-18 02:47:10,741 [eda5bed9-420b-4517-a9a1-164df2c5dc2a-groupManagement] INFO  server.RaftServerConfigKeys (ConfUtils.java:logGet(46)) - raft.server.log.write.buffer.size = 1048576 (custom)
2023-05-18 02:47:10,742 [eda5bed9-420b-4517-a9a1-164df2c5dc2a-groupManagement] INFO  server.RaftServerConfigKeys (ConfUtils.java:logGet(46)) - raft.server.log.appender.buffer.byte-limit = 33554432 (custom)
2023-05-18 02:47:11,069 [BlockDeletingService#1] INFO  interfaces.ContainerDeletionChoosingPolicyTemplate (ContainerDeletionChoosingPolicyTemplate.java:chooseContainerForBlockDeletion(83)) - Chosen 0/5000 blocks from 0 candidate containers.
2023-05-18 02:47:11,078 [EventQueue-OpenPipelineForHealthyPipelineSafeModeRule] INFO  safemode.SCMSafeModeManager (HealthyPipelineSafeModeRule.java:process(137)) - SCM in safe mode. Healthy pipelines reported count is 0, required healthy pipeline reported count is 1
2023-05-18 02:47:11,074 [BlockDeletingService#1] INFO  interfaces.ContainerDeletionChoosingPolicyTemplate (ContainerDeletionChoosingPolicyTemplate.java:chooseContainerForBlockDeletion(83)) - Chosen 0/5000 blocks from 0 candidate containers.
2023-05-18 02:47:11,073 [JvmPauseMonitor5] WARN  util.JvmPauseMonitor (JvmPauseMonitor.java:detectPause(124)) - JvmPauseMonitor-4ccd21da-06a8-4ca3-bf16-e3c028fe0c77: Detected pause in JVM or host machine approximately 0.224s with 0.325s GC time.
GC pool 'PS MarkSweep' had collection(s): count=1 time=244ms
GC pool 'PS Scavenge' had collection(s): count=1 time=81ms
2023-05-18 02:47:11,073 [JvmPauseMonitor8] WARN  util.JvmPauseMonitor (JvmPauseMonitor.java:detectPause(124)) - JvmPauseMonitor-5dc09123-b42c-44c8-87e3-729c385858db: Detected pause in JVM or host machine approximately 0.209s with 0.325s GC time.
GC pool 'PS MarkSweep' had collection(s): count=1 time=244ms
GC pool 'PS Scavenge' had collection(s): count=1 time=81ms
2023-05-18 02:47:11,073 [JvmPauseMonitor0] WARN  util.JvmPauseMonitor (JvmPauseMonitor.java:detectPause(124)) - JvmPauseMonitor-om1: Detected pause in JVM or host machine approximately 0.161s with 0.325s GC time.
GC pool 'PS MarkSweep' had collection(s): count=1 time=244ms
GC pool 'PS Scavenge' had collection(s): count=1 time=81ms
2023-05-18 02:47:11,073 [JvmPauseMonitor2] WARN  util.JvmPauseMonitor (JvmPauseMonitor.java:detectPause(124)) - JvmPauseMonitor-a754d4c8-bbdd-415d-ab5e-ea5caa73cb25: Detected pause in JVM or host machine approximately 0.131s with 0.325s GC time.
GC pool 'PS MarkSweep' had collection(s): count=1 time=244ms
GC pool 'PS Scavenge' had collection(s): count=1 time=81ms
2023-05-18 02:47:11,071 [BlockDeletingService#2] INFO  interfaces.ContainerDeletionChoosingPolicyTemplate (ContainerDeletionChoosingPolicyTemplate.java:chooseContainerForBlockDeletion(83)) - Chosen 0/5000 blocks from 0 candidate containers.
2023-05-18 02:47:11,082 [eda5bed9-420b-4517-a9a1-164df2c5dc2a-groupManagement] INFO  server.RaftServerConfigKeys (ConfUtils.java:logGet(46)) - raft.server.log.unsafe-flush.enabled = false (default)
2023-05-18 02:47:11,082 [eda5bed9-420b-4517-a9a1-164df2c5dc2a-groupManagement] INFO  server.RaftServerConfigKeys (ConfUtils.java:logGet(46)) - raft.server.log.async-flush.enabled = false (default)
2023-05-18 02:47:11,082 [eda5bed9-420b-4517-a9a1-164df2c5dc2a-groupManagement] INFO  server.RaftServerConfigKeys (ConfUtils.java:logGet(46)) - raft.server.log.statemachine.data.caching.enabled = true (custom)
2023-05-18 02:47:11,082 [eda5bed9-420b-4517-a9a1-164df2c5dc2a-groupManagement] INFO  segmented.SegmentedRaftLogWorker (SegmentedRaftLogWorker.java:lambda$new$0(135)) - eda5bed9-420b-4517-a9a1-164df2c5dc2a@group-414C1574D782-SegmentedRaftLogWorker: flushIndex: setUnconditionally 0 -> -1
2023-05-18 02:47:11,082 [eda5bed9-420b-4517-a9a1-164df2c5dc2a-groupManagement] INFO  segmented.SegmentedRaftLogWorker (SegmentedRaftLogWorker.java:lambda$new$0(135)) - eda5bed9-420b-4517-a9a1-164df2c5dc2a@group-414C1574D782-SegmentedRaftLogWorker: safeCacheEvictIndex: setUnconditionally 0 -> -1
2023-05-18 02:47:11,093 [eda5bed9-420b-4517-a9a1-164df2c5dc2a-groupManagement] INFO  server.RaftServer$Division (RaftServerImpl.java:start(342)) - eda5bed9-420b-4517-a9a1-164df2c5dc2a@group-414C1574D782: start as a follower, conf=-1: peers:[a884725c-3443-458c-8df7-7c5a51101be7|rpc:10.1.1.154:15013|admin:10.1.1.154:15012|client:10.1.1.154:15011|dataStream:10.1.1.154:15014|priority:0|startupRole:FOLLOWER, a754d4c8-bbdd-415d-ab5e-ea5caa73cb25|rpc:10.1.1.154:15021|admin:10.1.1.154:15020|client:10.1.1.154:15019|dataStream:10.1.1.154:15022|priority:1|startupRole:FOLLOWER, eda5bed9-420b-4517-a9a1-164df2c5dc2a|rpc:10.1.1.154:15029|admin:10.1.1.154:15028|client:10.1.1.154:15027|dataStream:10.1.1.154:15030|priority:0|startupRole:FOLLOWER]|listeners:[], old=null
2023-05-18 02:47:11,093 [eda5bed9-420b-4517-a9a1-164df2c5dc2a-groupManagement] INFO  server.RaftServer$Division (RaftServerImpl.java:setRole(329)) - eda5bed9-420b-4517-a9a1-164df2c5dc2a@group-414C1574D782: changes role from      null to FOLLOWER at term 0 for startAsFollower
2023-05-18 02:47:11,094 [eda5bed9-420b-4517-a9a1-164df2c5dc2a-groupManagement] INFO  impl.RoleInfo (RoleInfo.java:updateAndGet(139)) - eda5bed9-420b-4517-a9a1-164df2c5dc2a: start eda5bed9-420b-4517-a9a1-164df2c5dc2a@group-414C1574D782-FollowerState
2023-05-18 02:47:11,094 [eda5bed9-420b-4517-a9a1-164df2c5dc2a-groupManagement] INFO  util.JmxRegister (JmxRegister.java:tryRegister(44)) - Successfully registered JMX Bean with object name Ratis:service=RaftServer,group=group-414C1574D782,id=eda5bed9-420b-4517-a9a1-164df2c5dc2a
2023-05-18 02:47:11,094 [eda5bed9-420b-4517-a9a1-164df2c5dc2a-groupManagement] INFO  server.RaftServerConfigKeys (ConfUtils.java:logGet(46)) - raft.server.snapshot.auto.trigger.enabled = true (custom)
2023-05-18 02:47:11,094 [eda5bed9-420b-4517-a9a1-164df2c5dc2a-groupManagement] INFO  server.RaftServerConfigKeys (ConfUtils.java:logGet(46)) - raft.server.snapshot.auto.trigger.threshold = 10000 (custom)
2023-05-18 02:47:11,094 [eda5bed9-420b-4517-a9a1-164df2c5dc2a-groupManagement] INFO  server.RaftServerConfigKeys (ConfUtils.java:logGet(46)) - raft.server.snapshot.retention.file.num = 5 (custom)
2023-05-18 02:47:11,094 [eda5bed9-420b-4517-a9a1-164df2c5dc2a-groupManagement] INFO  server.RaftServerConfigKeys (ConfUtils.java:logGet(46)) - raft.server.log.purge.upto.snapshot.index = false (default)
2023-05-18 02:47:11,098 [Command processor thread] INFO  server.RaftServer (RaftServerProxy.java:addNew(98)) - 1d3b30df-d5fa-48f7-8d20-f176392eff1b: addNew group-96FC82D6F07F:[1d3b30df-d5fa-48f7-8d20-f176392eff1b|rpc:10.1.1.154:15037|admin:10.1.1.154:15036|client:10.1.1.154:15035|dataStream:10.1.1.154:15038|priority:1|startupRole:FOLLOWER] returns group-96FC82D6F07F:java.util.concurrent.CompletableFuture@440694e8[Not completed]
2023-05-18 02:47:11,100 [eda5bed9-420b-4517-a9a1-164df2c5dc2a@group-414C1574D782-FollowerState] INFO  server.RaftServerConfigKeys (ConfUtils.java:logFallback(53)) - raft.server.rpc.first-election.timeout.min = 5s (fallback to raft.server.rpc.timeout.min)
2023-05-18 02:47:11,104 [eda5bed9-420b-4517-a9a1-164df2c5dc2a@group-414C1574D782-FollowerState] INFO  server.RaftServerConfigKeys (ConfUtils.java:logFallback(53)) - raft.server.rpc.first-election.timeout.max = 5200ms (fallback to raft.server.rpc.timeout.max)
2023-05-18 02:47:11,101 [Command processor thread] INFO  ratis.XceiverServerRatis (XceiverServerRatis.java:addGroup(806)) - Created group PipelineID=d800373b-ec3a-4daa-a9e5-414c1574d782
2023-05-18 02:47:11,110 [1d3b30df-d5fa-48f7-8d20-f176392eff1b-groupManagement] INFO  server.RaftServer$Division (RaftServerImpl.java:<init>(198)) - 1d3b30df-d5fa-48f7-8d20-f176392eff1b: new RaftServerImpl for group-96FC82D6F07F:[1d3b30df-d5fa-48f7-8d20-f176392eff1b|rpc:10.1.1.154:15037|admin:10.1.1.154:15036|client:10.1.1.154:15035|dataStream:10.1.1.154:15038|priority:1|startupRole:FOLLOWER] with ContainerStateMachine:uninitialized
2023-05-18 02:47:11,110 [1d3b30df-d5fa-48f7-8d20-f176392eff1b-groupManagement] INFO  server.RaftServerConfigKeys (ConfUtils.java:logGet(46)) - raft.server.rpc.timeout.min = 5s (custom)
2023-05-18 02:47:11,110 [1d3b30df-d5fa-48f7-8d20-f176392eff1b-groupManagement] INFO  server.RaftServerConfigKeys (ConfUtils.java:logGet(46)) - raft.server.rpc.timeout.max = 5200ms (custom)
2023-05-18 02:47:11,110 [1d3b30df-d5fa-48f7-8d20-f176392eff1b-groupManagement] INFO  server.RaftServerConfigKeys (ConfUtils.java:logGet(46)) - raft.server.rpc.sleep.time = 25ms (default)
2023-05-18 02:47:11,110 [1d3b30df-d5fa-48f7-8d20-f176392eff1b-groupManagement] INFO  server.RaftServerConfigKeys (ConfUtils.java:logGet(46)) - raft.server.rpc.slowness.timeout = 300s (custom)
2023-05-18 02:47:11,110 [1d3b30df-d5fa-48f7-8d20-f176392eff1b-groupManagement] INFO  server.RaftServerConfigKeys (ConfUtils.java:logGet(46)) - raft.server.leaderelection.leader.step-down.wait-time = 10s (default)
2023-05-18 02:47:11,110 [1d3b30df-d5fa-48f7-8d20-f176392eff1b-groupManagement] INFO  server.RaftServerConfigKeys (ConfUtils.java:logGet(46)) - raft.server.sleep.deviation.threshold = 300ms (default)
2023-05-18 02:47:11,110 [1d3b30df-d5fa-48f7-8d20-f176392eff1b-groupManagement] INFO  server.RaftServer$Division (ServerState.java:<init>(120)) - 1d3b30df-d5fa-48f7-8d20-f176392eff1b@group-96FC82D6F07F: ConfigurationManager, init=-1: peers:[1d3b30df-d5fa-48f7-8d20-f176392eff1b|rpc:10.1.1.154:15037|admin:10.1.1.154:15036|client:10.1.1.154:15035|dataStream:10.1.1.154:15038|priority:1|startupRole:FOLLOWER]|listeners:[], old=null, confs=<EMPTY_MAP>
2023-05-18 02:47:11,111 [1d3b30df-d5fa-48f7-8d20-f176392eff1b-groupManagement] INFO  server.RaftServerConfigKeys (ConfUtils.java:logGet(46)) - raft.server.storage.dir = [/home/runner/work/ozone/ozone/hadoop-ozone/integration-test/target/test-dir/MiniOzoneClusterImpl-522acec6-bbe2-4bbe-92e7-576262f261c3/datanode-3/data/ratis] (custom)
2023-05-18 02:47:11,111 [1d3b30df-d5fa-48f7-8d20-f176392eff1b-groupManagement] INFO  server.RaftServerConfigKeys (ConfUtils.java:logGet(46)) - raft.server.log.corruption.policy = EXCEPTION (default)
2023-05-18 02:47:11,111 [1d3b30df-d5fa-48f7-8d20-f176392eff1b-groupManagement] INFO  server.RaftServerConfigKeys (ConfUtils.java:logGet(46)) - raft.server.storage.free-space.min = 0MB (=0) (default)
2023-05-18 02:47:11,111 [1d3b30df-d5fa-48f7-8d20-f176392eff1b-groupManagement] INFO  server.RaftServerConfigKeys (ConfUtils.java:logGet(46)) - raft.server.notification.no-leader.timeout = 300s (custom)
2023-05-18 02:47:11,111 [1d3b30df-d5fa-48f7-8d20-f176392eff1b-groupManagement] INFO  server.RaftServerConfigKeys (ConfUtils.java:logGet(46)) - raft.server.read.timeout = 10s (default)
2023-05-18 02:47:11,111 [1d3b30df-d5fa-48f7-8d20-f176392eff1b-groupManagement] INFO  server.RaftServerConfigKeys (ConfUtils.java:logGet(46)) - raft.server.retrycache.expirytime = 600000ms (custom)
2023-05-18 02:47:11,111 [1d3b30df-d5fa-48f7-8d20-f176392eff1b-groupManagement] INFO  server.RaftServerConfigKeys (ConfUtils.java:logGet(46)) - raft.server.retrycache.statistics.expirytime = 100μs (default)
2023-05-18 02:47:11,111 [1d3b30df-d5fa-48f7-8d20-f176392eff1b-groupManagement] INFO  server.RaftServerConfigKeys (ConfUtils.java:logGet(46)) - raft.server.read.option = DEFAULT (default)
2023-05-18 02:47:11,113 [1d3b30df-d5fa-48f7-8d20-f176392eff1b-groupManagement] INFO  server.RaftServerConfigKeys (ConfUtils.java:logGet(46)) - raft.server.rpc.request.timeout = 60s (custom)
2023-05-18 02:47:11,113 [1d3b30df-d5fa-48f7-8d20-f176392eff1b-groupManagement] INFO  server.RaftServerConfigKeys (ConfUtils.java:logGet(46)) - raft.server.log.appender.install.snapshot.enabled = false (custom)
2023-05-18 02:47:11,113 [1d3b30df-d5fa-48f7-8d20-f176392eff1b-groupManagement] INFO  server.RaftServerConfigKeys (ConfUtils.java:logGet(46)) - raft.server.threadpool.server.cached = true (default)
2023-05-18 02:47:11,114 [1d3b30df-d5fa-48f7-8d20-f176392eff1b-groupManagement] INFO  server.RaftServerConfigKeys (ConfUtils.java:logGet(46)) - raft.server.threadpool.server.size = 0 (default)
2023-05-18 02:47:11,114 [1d3b30df-d5fa-48f7-8d20-f176392eff1b-groupManagement] INFO  server.RaftServerConfigKeys (ConfUtils.java:logGet(46)) - raft.server.threadpool.client.cached = true (default)
2023-05-18 02:47:11,114 [1d3b30df-d5fa-48f7-8d20-f176392eff1b-groupManagement] INFO  server.RaftServerConfigKeys (ConfUtils.java:logGet(46)) - raft.server.threadpool.client.size = 0 (default)
2023-05-18 02:47:11,114 [1d3b30df-d5fa-48f7-8d20-f176392eff1b-groupManagement] INFO  storage.RaftStorageDirectory (RaftStorageDirectoryImpl.java:analyzeStorage(137)) - The storage directory /home/runner/work/ozone/ozone/hadoop-ozone/integration-test/target/test-dir/MiniOzoneClusterImpl-522acec6-bbe2-4bbe-92e7-576262f261c3/datanode-3/data/ratis/109ff5ca-51e0-4907-af15-96fc82d6f07f does not exist. Creating ...
2023-05-18 02:47:11,122 [1d3b30df-d5fa-48f7-8d20-f176392eff1b-groupManagement] INFO  storage.RaftStorageDirectory (RaftStorageDirectoryImpl.java:tryLock(231)) - Lock on /home/runner/work/ozone/ozone/hadoop-ozone/integration-test/target/test-dir/MiniOzoneClusterImpl-522acec6-bbe2-4bbe-92e7-576262f261c3/datanode-3/data/ratis/109ff5ca-51e0-4907-af15-96fc82d6f07f/in_use.lock acquired by nodename 9353@fv-az180-414
2023-05-18 02:47:11,125 [1d3b30df-d5fa-48f7-8d20-f176392eff1b-groupManagement] INFO  storage.RaftStorage (RaftStorageImpl.java:format(96)) - Storage directory /home/runner/work/ozone/ozone/hadoop-ozone/integration-test/target/test-dir/MiniOzoneClusterImpl-522acec6-bbe2-4bbe-92e7-576262f261c3/datanode-3/data/ratis/109ff5ca-51e0-4907-af15-96fc82d6f07f has been successfully formatted.
2023-05-18 02:47:11,127 [1d3b30df-d5fa-48f7-8d20-f176392eff1b-groupManagement] INFO  ratis.ContainerStateMachine (ContainerStateMachine.java:loadSnapshot(262)) - group-96FC82D6F07F: The snapshot info is null. Setting the last applied indexto:(t:0, i:~)
2023-05-18 02:47:11,127 [1d3b30df-d5fa-48f7-8d20-f176392eff1b-groupManagement] INFO  server.RaftServerConfigKeys (ConfUtils.java:logGet(46)) - raft.server.log.use.memory = false (default)
2023-05-18 02:47:11,127 [1d3b30df-d5fa-48f7-8d20-f176392eff1b-groupManagement] INFO  server.RaftServerConfigKeys (ConfUtils.java:logGet(46)) - raft.server.log.purge.gap = 1000000 (custom)
2023-05-18 02:47:11,127 [1d3b30df-d5fa-48f7-8d20-f176392eff1b-groupManagement] INFO  server.RaftServerConfigKeys (ConfUtils.java:logGet(46)) - raft.server.log.appender.buffer.byte-limit = 33554432 (custom)
2023-05-18 02:47:11,127 [1d3b30df-d5fa-48f7-8d20-f176392eff1b-groupManagement] INFO  server.RaftServerConfigKeys (ConfUtils.java:logGet(46)) - raft.server.log.statemachine.data.read.timeout = 1000ms (default)
2023-05-18 02:47:11,127 [1d3b30df-d5fa-48f7-8d20-f176392eff1b-groupManagement] INFO  server.RaftServerConfigKeys (ConfUtils.java:logGet(46)) - raft.server.log.purge.preservation.log.num = 0 (default)
2023-05-18 02:47:11,127 [1d3b30df-d5fa-48f7-8d20-f176392eff1b-groupManagement] INFO  server.RaftServerConfigKeys (ConfUtils.java:logGet(46)) - raft.server.log.segment.size.max = 1048576 (custom)
2023-05-18 02:47:11,128 [1d3b30df-d5fa-48f7-8d20-f176392eff1b-groupManagement] INFO  server.RaftServerConfigKeys (ConfUtils.java:logGet(46)) - raft.server.log.segment.cache.num.max = 2 (custom)
2023-05-18 02:47:11,128 [1d3b30df-d5fa-48f7-8d20-f176392eff1b-groupManagement] INFO  server.RaftServerConfigKeys (ConfUtils.java:logGet(46)) - raft.server.log.segment.cache.size.max = 200MB (=209715200) (default)
2023-05-18 02:47:11,128 [1d3b30df-d5fa-48f7-8d20-f176392eff1b-groupManagement] INFO  server.RaftServerConfigKeys (ConfUtils.java:logGet(46)) - raft.server.log.appender.buffer.byte-limit = 33554432 (custom)
2023-05-18 02:47:11,128 [1d3b30df-d5fa-48f7-8d20-f176392eff1b-groupManagement] INFO  segmented.SegmentedRaftLogWorker (SegmentedRaftLogWorker.java:<init>(188)) - new 1d3b30df-d5fa-48f7-8d20-f176392eff1b@group-96FC82D6F07F-SegmentedRaftLogWorker for RaftStorageImpl:Storage Directory /home/runner/work/ozone/ozone/hadoop-ozone/integration-test/target/test-dir/MiniOzoneClusterImpl-522acec6-bbe2-4bbe-92e7-576262f261c3/datanode-3/data/ratis/109ff5ca-51e0-4907-af15-96fc82d6f07f
2023-05-18 02:47:11,128 [1d3b30df-d5fa-48f7-8d20-f176392eff1b-groupManagement] INFO  server.RaftServerConfigKeys (ConfUtils.java:logGet(46)) - raft.server.log.queue.byte-limit = 4294967296 (custom)
2023-05-18 02:47:11,128 [1d3b30df-d5fa-48f7-8d20-f176392eff1b-groupManagement] INFO  server.RaftServerConfigKeys (ConfUtils.java:logGet(46)) - raft.server.log.queue.element-limit = 1024 (custom)
2023-05-18 02:47:11,128 [1d3b30df-d5fa-48f7-8d20-f176392eff1b-groupManagement] INFO  server.RaftServerConfigKeys (ConfUtils.java:logGet(46)) - raft.server.log.segment.size.max = 1048576 (custom)
2023-05-18 02:47:11,128 [1d3b30df-d5fa-48f7-8d20-f176392eff1b-groupManagement] INFO  server.RaftServerConfigKeys (ConfUtils.java:logGet(46)) - raft.server.log.preallocated.size = 16384 (custom)
2023-05-18 02:47:11,128 [1d3b30df-d5fa-48f7-8d20-f176392eff1b-groupManagement] INFO  server.RaftServerConfigKeys (ConfUtils.java:logGet(46)) - raft.server.log.force.sync.num = 128 (default)
2023-05-18 02:47:11,128 [1d3b30df-d5fa-48f7-8d20-f176392eff1b-groupManagement] INFO  server.RaftServerConfigKeys (ConfUtils.java:logGet(46)) - raft.server.log.statemachine.data.sync = true (default)
2023-05-18 02:47:11,128 [1d3b30df-d5fa-48f7-8d20-f176392eff1b-groupManagement] INFO  server.RaftServerConfigKeys (ConfUtils.java:logGet(46)) - raft.server.log.statemachine.data.sync.timeout = 10s (default)
2023-05-18 02:47:11,128 [1d3b30df-d5fa-48f7-8d20-f176392eff1b-groupManagement] INFO  server.RaftServerConfigKeys (ConfUtils.java:logGet(46)) - raft.server.log.statemachine.data.sync.timeout.retry = -1 (default)
2023-05-18 02:47:11,131 [Command processor thread] INFO  commandhandler.CreatePipelineCommandHandler (CreatePipelineCommandHandler.java:handle(113)) - Created Pipeline RATIS THREE PipelineID=d800373b-ec3a-4daa-a9e5-414c1574d782.
2023-05-18 02:47:11,132 [1d3b30df-d5fa-48f7-8d20-f176392eff1b-groupManagement] INFO  server.RaftServerConfigKeys (ConfUtils.java:logGet(46)) - raft.server.log.write.buffer.size = 1048576 (custom)
2023-05-18 02:47:11,133 [1d3b30df-d5fa-48f7-8d20-f176392eff1b-groupManagement] INFO  server.RaftServerConfigKeys (ConfUtils.java:logGet(46)) - raft.server.log.appender.buffer.byte-limit = 33554432 (custom)
2023-05-18 02:47:11,139 [1d3b30df-d5fa-48f7-8d20-f176392eff1b-groupManagement] INFO  server.RaftServerConfigKeys (ConfUtils.java:logGet(46)) - raft.server.log.unsafe-flush.enabled = false (default)
2023-05-18 02:47:11,139 [1d3b30df-d5fa-48f7-8d20-f176392eff1b-groupManagement] INFO  server.RaftServerConfigKeys (ConfUtils.java:logGet(46)) - raft.server.log.async-flush.enabled = false (default)
2023-05-18 02:47:11,139 [1d3b30df-d5fa-48f7-8d20-f176392eff1b-groupManagement] INFO  server.RaftServerConfigKeys (ConfUtils.java:logGet(46)) - raft.server.log.statemachine.data.caching.enabled = true (custom)
2023-05-18 02:47:11,139 [1d3b30df-d5fa-48f7-8d20-f176392eff1b-groupManagement] INFO  segmented.SegmentedRaftLogWorker (SegmentedRaftLogWorker.java:lambda$new$0(135)) - 1d3b30df-d5fa-48f7-8d20-f176392eff1b@group-96FC82D6F07F-SegmentedRaftLogWorker: flushIndex: setUnconditionally 0 -> -1
2023-05-18 02:47:11,139 [1d3b30df-d5fa-48f7-8d20-f176392eff1b-groupManagement] INFO  segmented.SegmentedRaftLogWorker (SegmentedRaftLogWorker.java:lambda$new$0(135)) - 1d3b30df-d5fa-48f7-8d20-f176392eff1b@group-96FC82D6F07F-SegmentedRaftLogWorker: safeCacheEvictIndex: setUnconditionally 0 -> -1
2023-05-18 02:47:11,149 [1d3b30df-d5fa-48f7-8d20-f176392eff1b-groupManagement] INFO  server.RaftServer$Division (RaftServerImpl.java:start(342)) - 1d3b30df-d5fa-48f7-8d20-f176392eff1b@group-96FC82D6F07F: start as a follower, conf=-1: peers:[1d3b30df-d5fa-48f7-8d20-f176392eff1b|rpc:10.1.1.154:15037|admin:10.1.1.154:15036|client:10.1.1.154:15035|dataStream:10.1.1.154:15038|priority:1|startupRole:FOLLOWER]|listeners:[], old=null
2023-05-18 02:47:11,149 [1d3b30df-d5fa-48f7-8d20-f176392eff1b-groupManagement] INFO  server.RaftServer$Division (RaftServerImpl.java:setRole(329)) - 1d3b30df-d5fa-48f7-8d20-f176392eff1b@group-96FC82D6F07F: changes role from      null to FOLLOWER at term 0 for startAsFollower
2023-05-18 02:47:11,149 [1d3b30df-d5fa-48f7-8d20-f176392eff1b-groupManagement] INFO  impl.RoleInfo (RoleInfo.java:updateAndGet(139)) - 1d3b30df-d5fa-48f7-8d20-f176392eff1b: start 1d3b30df-d5fa-48f7-8d20-f176392eff1b@group-96FC82D6F07F-FollowerState
2023-05-18 02:47:11,149 [1d3b30df-d5fa-48f7-8d20-f176392eff1b-groupManagement] INFO  util.JmxRegister (JmxRegister.java:tryRegister(44)) - Successfully registered JMX Bean with object name Ratis:service=RaftServer,group=group-96FC82D6F07F,id=1d3b30df-d5fa-48f7-8d20-f176392eff1b
2023-05-18 02:47:11,149 [1d3b30df-d5fa-48f7-8d20-f176392eff1b-groupManagement] INFO  server.RaftServerConfigKeys (ConfUtils.java:logGet(46)) - raft.server.snapshot.auto.trigger.enabled = true (custom)
2023-05-18 02:47:11,149 [1d3b30df-d5fa-48f7-8d20-f176392eff1b-groupManagement] INFO  server.RaftServerConfigKeys (ConfUtils.java:logGet(46)) - raft.server.snapshot.auto.trigger.threshold = 10000 (custom)
2023-05-18 02:47:11,149 [1d3b30df-d5fa-48f7-8d20-f176392eff1b-groupManagement] INFO  server.RaftServerConfigKeys (ConfUtils.java:logGet(46)) - raft.server.snapshot.retention.file.num = 5 (custom)
2023-05-18 02:47:11,149 [1d3b30df-d5fa-48f7-8d20-f176392eff1b-groupManagement] INFO  server.RaftServerConfigKeys (ConfUtils.java:logGet(46)) - raft.server.log.purge.upto.snapshot.index = false (default)
2023-05-18 02:47:11,155 [EventQueue-PipelineReportForPipelineReportHandler] INFO  pipeline.PipelineManagerImpl (PipelineManagerImpl.java:openPipeline(367)) - Pipeline Pipeline[ Id: 109ff5ca-51e0-4907-af15-96fc82d6f07f, Nodes: 1d3b30df-d5fa-48f7-8d20-f176392eff1b(fv-az180-414.aibneqh1mxpuhl3tnnuy2ifbce.bx.internal.cloudapp.net/10.1.1.154), ReplicationConfig: RATIS/ONE, State:ALLOCATED, leaderId:1d3b30df-d5fa-48f7-8d20-f176392eff1b, CreationTimestamp2023-05-18T02:47:08.004Z[Etc/UTC]] moved to OPEN state
2023-05-18 02:47:11,156 [EventQueue-OpenPipelineForHealthyPipelineSafeModeRule] INFO  safemode.SCMSafeModeManager (HealthyPipelineSafeModeRule.java:process(137)) - SCM in safe mode. Healthy pipelines reported count is 0, required healthy pipeline reported count is 1
2023-05-18 02:47:11,156 [1d3b30df-d5fa-48f7-8d20-f176392eff1b@group-96FC82D6F07F-FollowerState] INFO  server.RaftServerConfigKeys (ConfUtils.java:logFallback(53)) - raft.server.rpc.first-election.timeout.min = 5s (fallback to raft.server.rpc.timeout.min)
2023-05-18 02:47:11,156 [1d3b30df-d5fa-48f7-8d20-f176392eff1b@group-96FC82D6F07F-FollowerState] INFO  server.RaftServerConfigKeys (ConfUtils.java:logFallback(53)) - raft.server.rpc.first-election.timeout.max = 5200ms (fallback to raft.server.rpc.timeout.max)
2023-05-18 02:47:11,156 [Command processor thread] INFO  ratis.XceiverServerRatis (XceiverServerRatis.java:addGroup(806)) - Created group PipelineID=109ff5ca-51e0-4907-af15-96fc82d6f07f
2023-05-18 02:47:11,156 [Command processor thread] INFO  commandhandler.CreatePipelineCommandHandler (CreatePipelineCommandHandler.java:handle(113)) - Created Pipeline RATIS ONE PipelineID=109ff5ca-51e0-4907-af15-96fc82d6f07f.
2023-05-18 02:47:11,157 [Command processor thread] INFO  server.RaftServer (RaftServerProxy.java:addNew(98)) - 1d3b30df-d5fa-48f7-8d20-f176392eff1b: addNew group-06B9F37FACC8:[4ccd21da-06a8-4ca3-bf16-e3c028fe0c77|rpc:10.1.1.154:15045|admin:10.1.1.154:15044|client:10.1.1.154:15043|dataStream:10.1.1.154:15046|priority:1|startupRole:FOLLOWER, dd0a355a-d343-4342-9afa-2dfa8fc9aea1|rpc:10.1.1.154:15053|admin:10.1.1.154:15052|client:10.1.1.154:15051|dataStream:10.1.1.154:15054|priority:0|startupRole:FOLLOWER, 1d3b30df-d5fa-48f7-8d20-f176392eff1b|rpc:10.1.1.154:15037|admin:10.1.1.154:15036|client:10.1.1.154:15035|dataStream:10.1.1.154:15038|priority:0|startupRole:FOLLOWER] returns group-06B9F37FACC8:java.util.concurrent.CompletableFuture@403918b0[Not completed]
2023-05-18 02:47:11,159 [1d3b30df-d5fa-48f7-8d20-f176392eff1b-groupManagement] INFO  server.RaftServer$Division (RaftServerImpl.java:<init>(198)) - 1d3b30df-d5fa-48f7-8d20-f176392eff1b: new RaftServerImpl for group-06B9F37FACC8:[4ccd21da-06a8-4ca3-bf16-e3c028fe0c77|rpc:10.1.1.154:15045|admin:10.1.1.154:15044|client:10.1.1.154:15043|dataStream:10.1.1.154:15046|priority:1|startupRole:FOLLOWER, dd0a355a-d343-4342-9afa-2dfa8fc9aea1|rpc:10.1.1.154:15053|admin:10.1.1.154:15052|client:10.1.1.154:15051|dataStream:10.1.1.154:15054|priority:0|startupRole:FOLLOWER, 1d3b30df-d5fa-48f7-8d20-f176392eff1b|rpc:10.1.1.154:15037|admin:10.1.1.154:15036|client:10.1.1.154:15035|dataStream:10.1.1.154:15038|priority:0|startupRole:FOLLOWER] with ContainerStateMachine:uninitialized
2023-05-18 02:47:11,159 [1d3b30df-d5fa-48f7-8d20-f176392eff1b-groupManagement] INFO  server.RaftServerConfigKeys (ConfUtils.java:logGet(46)) - raft.server.rpc.timeout.min = 5s (custom)
2023-05-18 02:47:11,159 [1d3b30df-d5fa-48f7-8d20-f176392eff1b-groupManagement] INFO  server.RaftServerConfigKeys (ConfUtils.java:logGet(46)) - raft.server.rpc.timeout.max = 5200ms (custom)
2023-05-18 02:47:11,159 [1d3b30df-d5fa-48f7-8d20-f176392eff1b-groupManagement] INFO  server.RaftServerConfigKeys (ConfUtils.java:logGet(46)) - raft.server.rpc.sleep.time = 25ms (default)
2023-05-18 02:47:11,159 [1d3b30df-d5fa-48f7-8d20-f176392eff1b-groupManagement] INFO  server.RaftServerConfigKeys (ConfUtils.java:logGet(46)) - raft.server.rpc.slowness.timeout = 300s (custom)
2023-05-18 02:47:11,159 [1d3b30df-d5fa-48f7-8d20-f176392eff1b-groupManagement] INFO  server.RaftServerConfigKeys (ConfUtils.java:logGet(46)) - raft.server.leaderelection.leader.step-down.wait-time = 10s (default)
2023-05-18 02:47:11,159 [1d3b30df-d5fa-48f7-8d20-f176392eff1b-groupManagement] INFO  server.RaftServerConfigKeys (ConfUtils.java:logGet(46)) - raft.server.sleep.deviation.threshold = 300ms (default)
2023-05-18 02:47:11,159 [1d3b30df-d5fa-48f7-8d20-f176392eff1b-groupManagement] INFO  server.RaftServer$Division (ServerState.java:<init>(120)) - 1d3b30df-d5fa-48f7-8d20-f176392eff1b@group-06B9F37FACC8: ConfigurationManager, init=-1: peers:[4ccd21da-06a8-4ca3-bf16-e3c028fe0c77|rpc:10.1.1.154:15045|admin:10.1.1.154:15044|client:10.1.1.154:15043|dataStream:10.1.1.154:15046|priority:1|startupRole:FOLLOWER, dd0a355a-d343-4342-9afa-2dfa8fc9aea1|rpc:10.1.1.154:15053|admin:10.1.1.154:15052|client:10.1.1.154:15051|dataStream:10.1.1.154:15054|priority:0|startupRole:FOLLOWER, 1d3b30df-d5fa-48f7-8d20-f176392eff1b|rpc:10.1.1.154:15037|admin:10.1.1.154:15036|client:10.1.1.154:15035|dataStream:10.1.1.154:15038|priority:0|startupRole:FOLLOWER]|listeners:[], old=null, confs=<EMPTY_MAP>
2023-05-18 02:47:11,159 [1d3b30df-d5fa-48f7-8d20-f176392eff1b-groupManagement] INFO  server.RaftServerConfigKeys (ConfUtils.java:logGet(46)) - raft.server.storage.dir = [/home/runner/work/ozone/ozone/hadoop-ozone/integration-test/target/test-dir/MiniOzoneClusterImpl-522acec6-bbe2-4bbe-92e7-576262f261c3/datanode-3/data/ratis] (custom)
2023-05-18 02:47:11,159 [1d3b30df-d5fa-48f7-8d20-f176392eff1b-groupManagement] INFO  server.RaftServerConfigKeys (ConfUtils.java:logGet(46)) - raft.server.log.corruption.policy = EXCEPTION (default)
2023-05-18 02:47:11,159 [1d3b30df-d5fa-48f7-8d20-f176392eff1b-groupManagement] INFO  server.RaftServerConfigKeys (ConfUtils.java:logGet(46)) - raft.server.storage.free-space.min = 0MB (=0) (default)
2023-05-18 02:47:11,159 [1d3b30df-d5fa-48f7-8d20-f176392eff1b-groupManagement] INFO  server.RaftServerConfigKeys (ConfUtils.java:logGet(46)) - raft.server.notification.no-leader.timeout = 300s (custom)
2023-05-18 02:47:11,159 [1d3b30df-d5fa-48f7-8d20-f176392eff1b-groupManagement] INFO  server.RaftServerConfigKeys (ConfUtils.java:logGet(46)) - raft.server.read.timeout = 10s (default)
2023-05-18 02:47:11,159 [1d3b30df-d5fa-48f7-8d20-f176392eff1b-groupManagement] INFO  server.RaftServerConfigKeys (ConfUtils.java:logGet(46)) - raft.server.retrycache.expirytime = 600000ms (custom)
2023-05-18 02:47:11,160 [1d3b30df-d5fa-48f7-8d20-f176392eff1b-groupManagement] INFO  server.RaftServerConfigKeys (ConfUtils.java:logGet(46)) - raft.server.retrycache.statistics.expirytime = 100μs (default)
2023-05-18 02:47:11,160 [1d3b30df-d5fa-48f7-8d20-f176392eff1b-groupManagement] INFO  server.RaftServerConfigKeys (ConfUtils.java:logGet(46)) - raft.server.read.option = DEFAULT (default)
2023-05-18 02:47:11,161 [1d3b30df-d5fa-48f7-8d20-f176392eff1b-groupManagement] INFO  server.RaftServerConfigKeys (ConfUtils.java:logGet(46)) - raft.server.rpc.request.timeout = 60s (custom)
2023-05-18 02:47:11,161 [1d3b30df-d5fa-48f7-8d20-f176392eff1b-groupManagement] INFO  server.RaftServerConfigKeys (ConfUtils.java:logGet(46)) - raft.server.log.appender.install.snapshot.enabled = false (custom)
2023-05-18 02:47:11,161 [1d3b30df-d5fa-48f7-8d20-f176392eff1b-groupManagement] INFO  server.RaftServerConfigKeys (ConfUtils.java:logGet(46)) - raft.server.threadpool.server.cached = true (default)
2023-05-18 02:47:11,161 [1d3b30df-d5fa-48f7-8d20-f176392eff1b-groupManagement] INFO  server.RaftServerConfigKeys (ConfUtils.java:logGet(46)) - raft.server.threadpool.server.size = 0 (default)
2023-05-18 02:47:11,161 [1d3b30df-d5fa-48f7-8d20-f176392eff1b-groupManagement] INFO  server.RaftServerConfigKeys (ConfUtils.java:logGet(46)) - raft.server.threadpool.client.cached = true (default)
2023-05-18 02:47:11,161 [1d3b30df-d5fa-48f7-8d20-f176392eff1b-groupManagement] INFO  server.RaftServerConfigKeys (ConfUtils.java:logGet(46)) - raft.server.threadpool.client.size = 0 (default)
2023-05-18 02:47:11,161 [1d3b30df-d5fa-48f7-8d20-f176392eff1b-groupManagement] INFO  storage.RaftStorageDirectory (RaftStorageDirectoryImpl.java:analyzeStorage(137)) - The storage directory /home/runner/work/ozone/ozone/hadoop-ozone/integration-test/target/test-dir/MiniOzoneClusterImpl-522acec6-bbe2-4bbe-92e7-576262f261c3/datanode-3/data/ratis/59206d31-9346-4852-9dde-06b9f37facc8 does not exist. Creating ...
2023-05-18 02:47:11,165 [1d3b30df-d5fa-48f7-8d20-f176392eff1b-groupManagement] INFO  storage.RaftStorageDirectory (RaftStorageDirectoryImpl.java:tryLock(231)) - Lock on /home/runner/work/ozone/ozone/hadoop-ozone/integration-test/target/test-dir/MiniOzoneClusterImpl-522acec6-bbe2-4bbe-92e7-576262f261c3/datanode-3/data/ratis/59206d31-9346-4852-9dde-06b9f37facc8/in_use.lock acquired by nodename 9353@fv-az180-414
2023-05-18 02:47:11,167 [1d3b30df-d5fa-48f7-8d20-f176392eff1b-groupManagement] INFO  storage.RaftStorage (RaftStorageImpl.java:format(96)) - Storage directory /home/runner/work/ozone/ozone/hadoop-ozone/integration-test/target/test-dir/MiniOzoneClusterImpl-522acec6-bbe2-4bbe-92e7-576262f261c3/datanode-3/data/ratis/59206d31-9346-4852-9dde-06b9f37facc8 has been successfully formatted.
2023-05-18 02:47:11,167 [1d3b30df-d5fa-48f7-8d20-f176392eff1b-groupManagement] INFO  ratis.ContainerStateMachine (ContainerStateMachine.java:loadSnapshot(262)) - group-06B9F37FACC8: The snapshot info is null. Setting the last applied indexto:(t:0, i:~)
2023-05-18 02:47:11,167 [1d3b30df-d5fa-48f7-8d20-f176392eff1b-groupManagement] INFO  server.RaftServerConfigKeys (ConfUtils.java:logGet(46)) - raft.server.log.use.memory = false (default)
2023-05-18 02:47:11,167 [1d3b30df-d5fa-48f7-8d20-f176392eff1b-groupManagement] INFO  server.RaftServerConfigKeys (ConfUtils.java:logGet(46)) - raft.server.log.purge.gap = 1000000 (custom)
2023-05-18 02:47:11,167 [1d3b30df-d5fa-48f7-8d20-f176392eff1b-groupManagement] INFO  server.RaftServerConfigKeys (ConfUtils.java:logGet(46)) - raft.server.log.appender.buffer.byte-limit = 33554432 (custom)
2023-05-18 02:47:11,167 [1d3b30df-d5fa-48f7-8d20-f176392eff1b-groupManagement] INFO  server.RaftServerConfigKeys (ConfUtils.java:logGet(46)) - raft.server.log.statemachine.data.read.timeout = 1000ms (default)
2023-05-18 02:47:11,167 [1d3b30df-d5fa-48f7-8d20-f176392eff1b-groupManagement] INFO  server.RaftServerConfigKeys (ConfUtils.java:logGet(46)) - raft.server.log.purge.preservation.log.num = 0 (default)
2023-05-18 02:47:11,168 [1d3b30df-d5fa-48f7-8d20-f176392eff1b-groupManagement] INFO  server.RaftServerConfigKeys (ConfUtils.java:logGet(46)) - raft.server.log.segment.size.max = 1048576 (custom)
2023-05-18 02:47:11,168 [1d3b30df-d5fa-48f7-8d20-f176392eff1b-groupManagement] INFO  server.RaftServerConfigKeys (ConfUtils.java:logGet(46)) - raft.server.log.segment.cache.num.max = 2 (custom)
2023-05-18 02:47:11,168 [1d3b30df-d5fa-48f7-8d20-f176392eff1b-groupManagement] INFO  server.RaftServerConfigKeys (ConfUtils.java:logGet(46)) - raft.server.log.segment.cache.size.max = 200MB (=209715200) (default)
2023-05-18 02:47:11,168 [1d3b30df-d5fa-48f7-8d20-f176392eff1b-groupManagement] INFO  server.RaftServerConfigKeys (ConfUtils.java:logGet(46)) - raft.server.log.appender.buffer.byte-limit = 33554432 (custom)
2023-05-18 02:47:11,168 [1d3b30df-d5fa-48f7-8d20-f176392eff1b-groupManagement] INFO  segmented.SegmentedRaftLogWorker (SegmentedRaftLogWorker.java:<init>(188)) - new 1d3b30df-d5fa-48f7-8d20-f176392eff1b@group-06B9F37FACC8-SegmentedRaftLogWorker for RaftStorageImpl:Storage Directory /home/runner/work/ozone/ozone/hadoop-ozone/integration-test/target/test-dir/MiniOzoneClusterImpl-522acec6-bbe2-4bbe-92e7-576262f261c3/datanode-3/data/ratis/59206d31-9346-4852-9dde-06b9f37facc8
2023-05-18 02:47:11,168 [1d3b30df-d5fa-48f7-8d20-f176392eff1b-groupManagement] INFO  server.RaftServerConfigKeys (ConfUtils.java:logGet(46)) - raft.server.log.queue.byte-limit = 4294967296 (custom)
2023-05-18 02:47:11,168 [1d3b30df-d5fa-48f7-8d20-f176392eff1b-groupManagement] INFO  server.RaftServerConfigKeys (ConfUtils.java:logGet(46)) - raft.server.log.queue.element-limit = 1024 (custom)
2023-05-18 02:47:11,168 [1d3b30df-d5fa-48f7-8d20-f176392eff1b-groupManagement] INFO  server.RaftServerConfigKeys (ConfUtils.java:logGet(46)) - raft.server.log.segment.size.max = 1048576 (custom)
2023-05-18 02:47:11,169 [1d3b30df-d5fa-48f7-8d20-f176392eff1b-groupManagement] INFO  server.RaftServerConfigKeys (ConfUtils.java:logGet(46)) - raft.server.log.preallocated.size = 16384 (custom)
2023-05-18 02:47:11,169 [1d3b30df-d5fa-48f7-8d20-f176392eff1b-groupManagement] INFO  server.RaftServerConfigKeys (ConfUtils.java:logGet(46)) - raft.server.log.force.sync.num = 128 (default)
2023-05-18 02:47:11,169 [1d3b30df-d5fa-48f7-8d20-f176392eff1b-groupManagement] INFO  server.RaftServerConfigKeys (ConfUtils.java:logGet(46)) - raft.server.log.statemachine.data.sync = true (default)
2023-05-18 02:47:11,169 [1d3b30df-d5fa-48f7-8d20-f176392eff1b-groupManagement] INFO  server.RaftServerConfigKeys (ConfUtils.java:logGet(46)) - raft.server.log.statemachine.data.sync.timeout = 10s (default)
2023-05-18 02:47:11,169 [1d3b30df-d5fa-48f7-8d20-f176392eff1b-groupManagement] INFO  server.RaftServerConfigKeys (ConfUtils.java:logGet(46)) - raft.server.log.statemachine.data.sync.timeout.retry = -1 (default)
2023-05-18 02:47:11,170 [1d3b30df-d5fa-48f7-8d20-f176392eff1b-groupManagement] INFO  server.RaftServerConfigKeys (ConfUtils.java:logGet(46)) - raft.server.log.write.buffer.size = 1048576 (custom)
2023-05-18 02:47:11,178 [EventQueue-OpenPipelineForHealthyPipelineSafeModeRule] INFO  safemode.SCMSafeModeManager (HealthyPipelineSafeModeRule.java:process(137)) - SCM in safe mode. Healthy pipelines reported count is 0, required healthy pipeline reported count is 1
2023-05-18 02:47:11,179 [1d3b30df-d5fa-48f7-8d20-f176392eff1b-groupManagement] INFO  server.RaftServerConfigKeys (ConfUtils.java:logGet(46)) - raft.server.log.appender.buffer.byte-limit = 33554432 (custom)
2023-05-18 02:47:11,182 [BlockDeletingService#3] INFO  interfaces.ContainerDeletionChoosingPolicyTemplate (ContainerDeletionChoosingPolicyTemplate.java:chooseContainerForBlockDeletion(83)) - Chosen 0/5000 blocks from 0 candidate containers.
2023-05-18 02:47:11,187 [1d3b30df-d5fa-48f7-8d20-f176392eff1b-groupManagement] INFO  server.RaftServerConfigKeys (ConfUtils.java:logGet(46)) - raft.server.log.unsafe-flush.enabled = false (default)
2023-05-18 02:47:11,187 [1d3b30df-d5fa-48f7-8d20-f176392eff1b-groupManagement] INFO  server.RaftServerConfigKeys (ConfUtils.java:logGet(46)) - raft.server.log.async-flush.enabled = false (default)
2023-05-18 02:47:11,187 [1d3b30df-d5fa-48f7-8d20-f176392eff1b-groupManagement] INFO  server.RaftServerConfigKeys (ConfUtils.java:logGet(46)) - raft.server.log.statemachine.data.caching.enabled = true (custom)
2023-05-18 02:47:11,187 [1d3b30df-d5fa-48f7-8d20-f176392eff1b-groupManagement] INFO  segmented.SegmentedRaftLogWorker (SegmentedRaftLogWorker.java:lambda$new$0(135)) - 1d3b30df-d5fa-48f7-8d20-f176392eff1b@group-06B9F37FACC8-SegmentedRaftLogWorker: flushIndex: setUnconditionally 0 -> -1
2023-05-18 02:47:11,187 [1d3b30df-d5fa-48f7-8d20-f176392eff1b-groupManagement] INFO  segmented.SegmentedRaftLogWorker (SegmentedRaftLogWorker.java:lambda$new$0(135)) - 1d3b30df-d5fa-48f7-8d20-f176392eff1b@group-06B9F37FACC8-SegmentedRaftLogWorker: safeCacheEvictIndex: setUnconditionally 0 -> -1
2023-05-18 02:47:11,188 [1d3b30df-d5fa-48f7-8d20-f176392eff1b-groupManagement] INFO  server.RaftServer$Division (RaftServerImpl.java:start(342)) - 1d3b30df-d5fa-48f7-8d20-f176392eff1b@group-06B9F37FACC8: start as a follower, conf=-1: peers:[4ccd21da-06a8-4ca3-bf16-e3c028fe0c77|rpc:10.1.1.154:15045|admin:10.1.1.154:15044|client:10.1.1.154:15043|dataStream:10.1.1.154:15046|priority:1|startupRole:FOLLOWER, dd0a355a-d343-4342-9afa-2dfa8fc9aea1|rpc:10.1.1.154:15053|admin:10.1.1.154:15052|client:10.1.1.154:15051|dataStream:10.1.1.154:15054|priority:0|startupRole:FOLLOWER, 1d3b30df-d5fa-48f7-8d20-f176392eff1b|rpc:10.1.1.154:15037|admin:10.1.1.154:15036|client:10.1.1.154:15035|dataStream:10.1.1.154:15038|priority:0|startupRole:FOLLOWER]|listeners:[], old=null
2023-05-18 02:47:11,188 [1d3b30df-d5fa-48f7-8d20-f176392eff1b-groupManagement] INFO  server.RaftServer$Division (RaftServerImpl.java:setRole(329)) - 1d3b30df-d5fa-48f7-8d20-f176392eff1b@group-06B9F37FACC8: changes role from      null to FOLLOWER at term 0 for startAsFollower
2023-05-18 02:47:11,188 [1d3b30df-d5fa-48f7-8d20-f176392eff1b-groupManagement] INFO  impl.RoleInfo (RoleInfo.java:updateAndGet(139)) - 1d3b30df-d5fa-48f7-8d20-f176392eff1b: start 1d3b30df-d5fa-48f7-8d20-f176392eff1b@group-06B9F37FACC8-FollowerState
2023-05-18 02:47:11,188 [1d3b30df-d5fa-48f7-8d20-f176392eff1b-groupManagement] INFO  util.JmxRegister (JmxRegister.java:tryRegister(44)) - Successfully registered JMX Bean with object name Ratis:service=RaftServer,group=group-06B9F37FACC8,id=1d3b30df-d5fa-48f7-8d20-f176392eff1b
2023-05-18 02:47:11,188 [1d3b30df-d5fa-48f7-8d20-f176392eff1b-groupManagement] INFO  server.RaftServerConfigKeys (ConfUtils.java:logGet(46)) - raft.server.snapshot.auto.trigger.enabled = true (custom)
2023-05-18 02:47:11,188 [1d3b30df-d5fa-48f7-8d20-f176392eff1b-groupManagement] INFO  server.RaftServerConfigKeys (ConfUtils.java:logGet(46)) - raft.server.snapshot.auto.trigger.threshold = 10000 (custom)
2023-05-18 02:47:11,188 [1d3b30df-d5fa-48f7-8d20-f176392eff1b-groupManagement] INFO  server.RaftServerConfigKeys (ConfUtils.java:logGet(46)) - raft.server.snapshot.retention.file.num = 5 (custom)
2023-05-18 02:47:11,188 [1d3b30df-d5fa-48f7-8d20-f176392eff1b-groupManagement] INFO  server.RaftServerConfigKeys (ConfUtils.java:logGet(46)) - raft.server.log.purge.upto.snapshot.index = false (default)
2023-05-18 02:47:11,189 [1d3b30df-d5fa-48f7-8d20-f176392eff1b@group-06B9F37FACC8-FollowerState] INFO  server.RaftServerConfigKeys (ConfUtils.java:logFallback(53)) - raft.server.rpc.first-election.timeout.min = 5s (fallback to raft.server.rpc.timeout.min)
2023-05-18 02:47:11,189 [Command processor thread] INFO  ratis.XceiverServerRatis (XceiverServerRatis.java:addGroup(806)) - Created group PipelineID=59206d31-9346-4852-9dde-06b9f37facc8
2023-05-18 02:47:11,198 [1d3b30df-d5fa-48f7-8d20-f176392eff1b@group-06B9F37FACC8-FollowerState] INFO  server.RaftServerConfigKeys (ConfUtils.java:logFallback(53)) - raft.server.rpc.first-election.timeout.max = 5200ms (fallback to raft.server.rpc.timeout.max)
2023-05-18 02:47:11,222 [grpc-default-executor-1] INFO  server.RaftServer (RaftServerProxy.java:addNew(98)) - dd0a355a-d343-4342-9afa-2dfa8fc9aea1: addNew group-06B9F37FACC8:[4ccd21da-06a8-4ca3-bf16-e3c028fe0c77|rpc:10.1.1.154:15045|admin:10.1.1.154:15044|client:10.1.1.154:15043|dataStream:10.1.1.154:15046|priority:1|startupRole:FOLLOWER, dd0a355a-d343-4342-9afa-2dfa8fc9aea1|rpc:10.1.1.154:15053|admin:10.1.1.154:15052|client:10.1.1.154:15051|dataStream:10.1.1.154:15054|priority:0|startupRole:FOLLOWER, 1d3b30df-d5fa-48f7-8d20-f176392eff1b|rpc:10.1.1.154:15037|admin:10.1.1.154:15036|client:10.1.1.154:15035|dataStream:10.1.1.154:15038|priority:0|startupRole:FOLLOWER] returns group-06B9F37FACC8:java.util.concurrent.CompletableFuture@579cb415[Not completed]
2023-05-18 02:47:11,223 [dd0a355a-d343-4342-9afa-2dfa8fc9aea1-groupManagement] INFO  server.RaftServer$Division (RaftServerImpl.java:<init>(198)) - dd0a355a-d343-4342-9afa-2dfa8fc9aea1: new RaftServerImpl for group-06B9F37FACC8:[4ccd21da-06a8-4ca3-bf16-e3c028fe0c77|rpc:10.1.1.154:15045|admin:10.1.1.154:15044|client:10.1.1.154:15043|dataStream:10.1.1.154:15046|priority:1|startupRole:FOLLOWER, dd0a355a-d343-4342-9afa-2dfa8fc9aea1|rpc:10.1.1.154:15053|admin:10.1.1.154:15052|client:10.1.1.154:15051|dataStream:10.1.1.154:15054|priority:0|startupRole:FOLLOWER, 1d3b30df-d5fa-48f7-8d20-f176392eff1b|rpc:10.1.1.154:15037|admin:10.1.1.154:15036|client:10.1.1.154:15035|dataStream:10.1.1.154:15038|priority:0|startupRole:FOLLOWER] with ContainerStateMachine:uninitialized
2023-05-18 02:47:11,224 [dd0a355a-d343-4342-9afa-2dfa8fc9aea1-groupManagement] INFO  server.RaftServerConfigKeys (ConfUtils.java:logGet(46)) - raft.server.rpc.timeout.min = 5s (custom)
2023-05-18 02:47:11,224 [dd0a355a-d343-4342-9afa-2dfa8fc9aea1-groupManagement] INFO  server.RaftServerConfigKeys (ConfUtils.java:logGet(46)) - raft.server.rpc.timeout.max = 5200ms (custom)
2023-05-18 02:47:11,224 [dd0a355a-d343-4342-9afa-2dfa8fc9aea1-groupManagement] INFO  server.RaftServerConfigKeys (ConfUtils.java:logGet(46)) - raft.server.rpc.sleep.time = 25ms (default)
2023-05-18 02:47:11,224 [dd0a355a-d343-4342-9afa-2dfa8fc9aea1-groupManagement] INFO  server.RaftServerConfigKeys (ConfUtils.java:logGet(46)) - raft.server.rpc.slowness.timeout = 300s (custom)
2023-05-18 02:47:11,224 [dd0a355a-d343-4342-9afa-2dfa8fc9aea1-groupManagement] INFO  server.RaftServerConfigKeys (ConfUtils.java:logGet(46)) - raft.server.leaderelection.leader.step-down.wait-time = 10s (default)
2023-05-18 02:47:11,224 [dd0a355a-d343-4342-9afa-2dfa8fc9aea1-groupManagement] INFO  server.RaftServerConfigKeys (ConfUtils.java:logGet(46)) - raft.server.sleep.deviation.threshold = 300ms (default)
2023-05-18 02:47:11,224 [dd0a355a-d343-4342-9afa-2dfa8fc9aea1-groupManagement] INFO  server.RaftServer$Division (ServerState.java:<init>(120)) - dd0a355a-d343-4342-9afa-2dfa8fc9aea1@group-06B9F37FACC8: ConfigurationManager, init=-1: peers:[4ccd21da-06a8-4ca3-bf16-e3c028fe0c77|rpc:10.1.1.154:15045|admin:10.1.1.154:15044|client:10.1.1.154:15043|dataStream:10.1.1.154:15046|priority:1|startupRole:FOLLOWER, dd0a355a-d343-4342-9afa-2dfa8fc9aea1|rpc:10.1.1.154:15053|admin:10.1.1.154:15052|client:10.1.1.154:15051|dataStream:10.1.1.154:15054|priority:0|startupRole:FOLLOWER, 1d3b30df-d5fa-48f7-8d20-f176392eff1b|rpc:10.1.1.154:15037|admin:10.1.1.154:15036|client:10.1.1.154:15035|dataStream:10.1.1.154:15038|priority:0|startupRole:FOLLOWER]|listeners:[], old=null, confs=<EMPTY_MAP>
2023-05-18 02:47:11,224 [dd0a355a-d343-4342-9afa-2dfa8fc9aea1-groupManagement] INFO  server.RaftServerConfigKeys (ConfUtils.java:logGet(46)) - raft.server.storage.dir = [/home/runner/work/ozone/ozone/hadoop-ozone/integration-test/target/test-dir/MiniOzoneClusterImpl-522acec6-bbe2-4bbe-92e7-576262f261c3/datanode-5/data/ratis] (custom)
2023-05-18 02:47:11,224 [dd0a355a-d343-4342-9afa-2dfa8fc9aea1-groupManagement] INFO  server.RaftServerConfigKeys (ConfUtils.java:logGet(46)) - raft.server.log.corruption.policy = EXCEPTION (default)
2023-05-18 02:47:11,224 [dd0a355a-d343-4342-9afa-2dfa8fc9aea1-groupManagement] INFO  server.RaftServerConfigKeys (ConfUtils.java:logGet(46)) - raft.server.storage.free-space.min = 0MB (=0) (default)
2023-05-18 02:47:11,224 [dd0a355a-d343-4342-9afa-2dfa8fc9aea1-groupManagement] INFO  server.RaftServerConfigKeys (ConfUtils.java:logGet(46)) - raft.server.notification.no-leader.timeout = 300s (custom)
2023-05-18 02:47:11,225 [dd0a355a-d343-4342-9afa-2dfa8fc9aea1-groupManagement] INFO  server.RaftServerConfigKeys (ConfUtils.java:logGet(46)) - raft.server.read.timeout = 10s (default)
2023-05-18 02:47:11,225 [dd0a355a-d343-4342-9afa-2dfa8fc9aea1-groupManagement] INFO  server.RaftServerConfigKeys (ConfUtils.java:logGet(46)) - raft.server.retrycache.expirytime = 600000ms (custom)
2023-05-18 02:47:11,225 [dd0a355a-d343-4342-9afa-2dfa8fc9aea1-groupManagement] INFO  server.RaftServerConfigKeys (ConfUtils.java:logGet(46)) - raft.server.retrycache.statistics.expirytime = 100μs (default)
2023-05-18 02:47:11,225 [dd0a355a-d343-4342-9afa-2dfa8fc9aea1-groupManagement] INFO  server.RaftServerConfigKeys (ConfUtils.java:logGet(46)) - raft.server.read.option = DEFAULT (default)
2023-05-18 02:47:11,229 [dd0a355a-d343-4342-9afa-2dfa8fc9aea1-groupManagement] INFO  server.RaftServerConfigKeys (ConfUtils.java:logGet(46)) - raft.server.rpc.request.timeout = 60s (custom)
2023-05-18 02:47:11,230 [dd0a355a-d343-4342-9afa-2dfa8fc9aea1-groupManagement] INFO  server.RaftServerConfigKeys (ConfUtils.java:logGet(46)) - raft.server.log.appender.install.snapshot.enabled = false (custom)
2023-05-18 02:47:11,230 [dd0a355a-d343-4342-9afa-2dfa8fc9aea1-groupManagement] INFO  server.RaftServerConfigKeys (ConfUtils.java:logGet(46)) - raft.server.threadpool.server.cached = true (default)
2023-05-18 02:47:11,230 [dd0a355a-d343-4342-9afa-2dfa8fc9aea1-groupManagement] INFO  server.RaftServerConfigKeys (ConfUtils.java:logGet(46)) - raft.server.threadpool.server.size = 0 (default)
2023-05-18 02:47:11,230 [dd0a355a-d343-4342-9afa-2dfa8fc9aea1-groupManagement] INFO  server.RaftServerConfigKeys (ConfUtils.java:logGet(46)) - raft.server.threadpool.client.cached = true (default)
2023-05-18 02:47:11,230 [dd0a355a-d343-4342-9afa-2dfa8fc9aea1-groupManagement] INFO  server.RaftServerConfigKeys (ConfUtils.java:logGet(46)) - raft.server.threadpool.client.size = 0 (default)
2023-05-18 02:47:11,230 [dd0a355a-d343-4342-9afa-2dfa8fc9aea1-groupManagement] INFO  storage.RaftStorageDirectory (RaftStorageDirectoryImpl.java:analyzeStorage(137)) - The storage directory /home/runner/work/ozone/ozone/hadoop-ozone/integration-test/target/test-dir/MiniOzoneClusterImpl-522acec6-bbe2-4bbe-92e7-576262f261c3/datanode-5/data/ratis/59206d31-9346-4852-9dde-06b9f37facc8 does not exist. Creating ...
2023-05-18 02:47:11,231 [dd0a355a-d343-4342-9afa-2dfa8fc9aea1-groupManagement] INFO  storage.RaftStorageDirectory (RaftStorageDirectoryImpl.java:tryLock(231)) - Lock on /home/runner/work/ozone/ozone/hadoop-ozone/integration-test/target/test-dir/MiniOzoneClusterImpl-522acec6-bbe2-4bbe-92e7-576262f261c3/datanode-5/data/ratis/59206d31-9346-4852-9dde-06b9f37facc8/in_use.lock acquired by nodename 9353@fv-az180-414
2023-05-18 02:47:11,244 [dd0a355a-d343-4342-9afa-2dfa8fc9aea1-groupManagement] INFO  storage.RaftStorage (RaftStorageImpl.java:format(96)) - Storage directory /home/runner/work/ozone/ozone/hadoop-ozone/integration-test/target/test-dir/MiniOzoneClusterImpl-522acec6-bbe2-4bbe-92e7-576262f261c3/datanode-5/data/ratis/59206d31-9346-4852-9dde-06b9f37facc8 has been successfully formatted.
2023-05-18 02:47:11,251 [dd0a355a-d343-4342-9afa-2dfa8fc9aea1-groupManagement] INFO  ratis.ContainerStateMachine (ContainerStateMachine.java:loadSnapshot(262)) - group-06B9F37FACC8: The snapshot info is null. Setting the last applied indexto:(t:0, i:~)
2023-05-18 02:47:11,252 [dd0a355a-d343-4342-9afa-2dfa8fc9aea1-groupManagement] INFO  server.RaftServerConfigKeys (ConfUtils.java:logGet(46)) - raft.server.log.use.memory = false (default)
2023-05-18 02:47:11,252 [dd0a355a-d343-4342-9afa-2dfa8fc9aea1-groupManagement] INFO  server.RaftServerConfigKeys (ConfUtils.java:logGet(46)) - raft.server.log.purge.gap = 1000000 (custom)
2023-05-18 02:47:11,252 [dd0a355a-d343-4342-9afa-2dfa8fc9aea1-groupManagement] INFO  server.RaftServerConfigKeys (ConfUtils.java:logGet(46)) - raft.server.log.appender.buffer.byte-limit = 33554432 (custom)
2023-05-18 02:47:11,252 [dd0a355a-d343-4342-9afa-2dfa8fc9aea1-groupManagement] INFO  server.RaftServerConfigKeys (ConfUtils.java:logGet(46)) - raft.server.log.statemachine.data.read.timeout = 1000ms (default)
2023-05-18 02:47:11,252 [dd0a355a-d343-4342-9afa-2dfa8fc9aea1-groupManagement] INFO  server.RaftServerConfigKeys (ConfUtils.java:logGet(46)) - raft.server.log.purge.preservation.log.num = 0 (default)
2023-05-18 02:47:11,252 [dd0a355a-d343-4342-9afa-2dfa8fc9aea1-groupManagement] INFO  server.RaftServerConfigKeys (ConfUtils.java:logGet(46)) - raft.server.log.segment.size.max = 1048576 (custom)
2023-05-18 02:47:11,253 [dd0a355a-d343-4342-9afa-2dfa8fc9aea1-groupManagement] INFO  server.RaftServerConfigKeys (ConfUtils.java:logGet(46)) - raft.server.log.segment.cache.num.max = 2 (custom)
2023-05-18 02:47:11,253 [dd0a355a-d343-4342-9afa-2dfa8fc9aea1-groupManagement] INFO  server.RaftServerConfigKeys (ConfUtils.java:logGet(46)) - raft.server.log.segment.cache.size.max = 200MB (=209715200) (default)
2023-05-18 02:47:11,253 [dd0a355a-d343-4342-9afa-2dfa8fc9aea1-groupManagement] INFO  server.RaftServerConfigKeys (ConfUtils.java:logGet(46)) - raft.server.log.appender.buffer.byte-limit = 33554432 (custom)
2023-05-18 02:47:11,253 [dd0a355a-d343-4342-9afa-2dfa8fc9aea1-groupManagement] INFO  segmented.SegmentedRaftLogWorker (SegmentedRaftLogWorker.java:<init>(188)) - new dd0a355a-d343-4342-9afa-2dfa8fc9aea1@group-06B9F37FACC8-SegmentedRaftLogWorker for RaftStorageImpl:Storage Directory /home/runner/work/ozone/ozone/hadoop-ozone/integration-test/target/test-dir/MiniOzoneClusterImpl-522acec6-bbe2-4bbe-92e7-576262f261c3/datanode-5/data/ratis/59206d31-9346-4852-9dde-06b9f37facc8
2023-05-18 02:47:11,253 [dd0a355a-d343-4342-9afa-2dfa8fc9aea1-groupManagement] INFO  server.RaftServerConfigKeys (ConfUtils.java:logGet(46)) - raft.server.log.queue.byte-limit = 4294967296 (custom)
2023-05-18 02:47:11,253 [dd0a355a-d343-4342-9afa-2dfa8fc9aea1-groupManagement] INFO  server.RaftServerConfigKeys (ConfUtils.java:logGet(46)) - raft.server.log.queue.element-limit = 1024 (custom)
2023-05-18 02:47:11,253 [dd0a355a-d343-4342-9afa-2dfa8fc9aea1-groupManagement] INFO  server.RaftServerConfigKeys (ConfUtils.java:logGet(46)) - raft.server.log.segment.size.max = 1048576 (custom)
2023-05-18 02:47:11,254 [dd0a355a-d343-4342-9afa-2dfa8fc9aea1-groupManagement] INFO  server.RaftServerConfigKeys (ConfUtils.java:logGet(46)) - raft.server.log.preallocated.size = 16384 (custom)
2023-05-18 02:47:11,254 [dd0a355a-d343-4342-9afa-2dfa8fc9aea1-groupManagement] INFO  server.RaftServerConfigKeys (ConfUtils.java:logGet(46)) - raft.server.log.force.sync.num = 128 (default)
2023-05-18 02:47:11,254 [dd0a355a-d343-4342-9afa-2dfa8fc9aea1-groupManagement] INFO  server.RaftServerConfigKeys (ConfUtils.java:logGet(46)) - raft.server.log.statemachine.data.sync = true (default)
2023-05-18 02:47:11,254 [dd0a355a-d343-4342-9afa-2dfa8fc9aea1-groupManagement] INFO  server.RaftServerConfigKeys (ConfUtils.java:logGet(46)) - raft.server.log.statemachine.data.sync.timeout = 10s (default)
2023-05-18 02:47:11,254 [dd0a355a-d343-4342-9afa-2dfa8fc9aea1-groupManagement] INFO  server.RaftServerConfigKeys (ConfUtils.java:logGet(46)) - raft.server.log.statemachine.data.sync.timeout.retry = -1 (default)
2023-05-18 02:47:11,254 [dd0a355a-d343-4342-9afa-2dfa8fc9aea1-groupManagement] INFO  server.RaftServerConfigKeys (ConfUtils.java:logGet(46)) - raft.server.log.write.buffer.size = 1048576 (custom)
2023-05-18 02:47:11,255 [dd0a355a-d343-4342-9afa-2dfa8fc9aea1-groupManagement] INFO  server.RaftServerConfigKeys (ConfUtils.java:logGet(46)) - raft.server.log.appender.buffer.byte-limit = 33554432 (custom)
2023-05-18 02:47:11,260 [dd0a355a-d343-4342-9afa-2dfa8fc9aea1-groupManagement] INFO  server.RaftServerConfigKeys (ConfUtils.java:logGet(46)) - raft.server.log.unsafe-flush.enabled = false (default)
2023-05-18 02:47:11,260 [dd0a355a-d343-4342-9afa-2dfa8fc9aea1-groupManagement] INFO  server.RaftServerConfigKeys (ConfUtils.java:logGet(46)) - raft.server.log.async-flush.enabled = false (default)
2023-05-18 02:47:11,260 [dd0a355a-d343-4342-9afa-2dfa8fc9aea1-groupManagement] INFO  server.RaftServerConfigKeys (ConfUtils.java:logGet(46)) - raft.server.log.statemachine.data.caching.enabled = true (custom)
2023-05-18 02:47:11,260 [dd0a355a-d343-4342-9afa-2dfa8fc9aea1-groupManagement] INFO  segmented.SegmentedRaftLogWorker (SegmentedRaftLogWorker.java:lambda$new$0(135)) - dd0a355a-d343-4342-9afa-2dfa8fc9aea1@group-06B9F37FACC8-SegmentedRaftLogWorker: flushIndex: setUnconditionally 0 -> -1
2023-05-18 02:47:11,260 [dd0a355a-d343-4342-9afa-2dfa8fc9aea1-groupManagement] INFO  segmented.SegmentedRaftLogWorker (SegmentedRaftLogWorker.java:lambda$new$0(135)) - dd0a355a-d343-4342-9afa-2dfa8fc9aea1@group-06B9F37FACC8-SegmentedRaftLogWorker: safeCacheEvictIndex: setUnconditionally 0 -> -1
2023-05-18 02:47:11,262 [Command processor thread] INFO  commandhandler.CreatePipelineCommandHandler (CreatePipelineCommandHandler.java:handle(113)) - Created Pipeline RATIS THREE PipelineID=d800373b-ec3a-4daa-a9e5-414c1574d782.
2023-05-18 02:47:11,265 [dd0a355a-d343-4342-9afa-2dfa8fc9aea1-groupManagement] INFO  server.RaftServer$Division (RaftServerImpl.java:start(342)) - dd0a355a-d343-4342-9afa-2dfa8fc9aea1@group-06B9F37FACC8: start as a follower, conf=-1: peers:[4ccd21da-06a8-4ca3-bf16-e3c028fe0c77|rpc:10.1.1.154:15045|admin:10.1.1.154:15044|client:10.1.1.154:15043|dataStream:10.1.1.154:15046|priority:1|startupRole:FOLLOWER, dd0a355a-d343-4342-9afa-2dfa8fc9aea1|rpc:10.1.1.154:15053|admin:10.1.1.154:15052|client:10.1.1.154:15051|dataStream:10.1.1.154:15054|priority:0|startupRole:FOLLOWER, 1d3b30df-d5fa-48f7-8d20-f176392eff1b|rpc:10.1.1.154:15037|admin:10.1.1.154:15036|client:10.1.1.154:15035|dataStream:10.1.1.154:15038|priority:0|startupRole:FOLLOWER]|listeners:[], old=null
2023-05-18 02:47:11,265 [dd0a355a-d343-4342-9afa-2dfa8fc9aea1-groupManagement] INFO  server.RaftServer$Division (RaftServerImpl.java:setRole(329)) - dd0a355a-d343-4342-9afa-2dfa8fc9aea1@group-06B9F37FACC8: changes role from      null to FOLLOWER at term 0 for startAsFollower
2023-05-18 02:47:11,265 [dd0a355a-d343-4342-9afa-2dfa8fc9aea1-groupManagement] INFO  impl.RoleInfo (RoleInfo.java:updateAndGet(139)) - dd0a355a-d343-4342-9afa-2dfa8fc9aea1: start dd0a355a-d343-4342-9afa-2dfa8fc9aea1@group-06B9F37FACC8-FollowerState
2023-05-18 02:47:11,265 [dd0a355a-d343-4342-9afa-2dfa8fc9aea1-groupManagement] INFO  util.JmxRegister (JmxRegister.java:tryRegister(44)) - Successfully registered JMX Bean with object name Ratis:service=RaftServer,group=group-06B9F37FACC8,id=dd0a355a-d343-4342-9afa-2dfa8fc9aea1
2023-05-18 02:47:11,266 [dd0a355a-d343-4342-9afa-2dfa8fc9aea1-groupManagement] INFO  server.RaftServerConfigKeys (ConfUtils.java:logGet(46)) - raft.server.snapshot.auto.trigger.enabled = true (custom)
2023-05-18 02:47:11,266 [dd0a355a-d343-4342-9afa-2dfa8fc9aea1-groupManagement] INFO  server.RaftServerConfigKeys (ConfUtils.java:logGet(46)) - raft.server.snapshot.auto.trigger.threshold = 10000 (custom)
2023-05-18 02:47:11,266 [dd0a355a-d343-4342-9afa-2dfa8fc9aea1-groupManagement] INFO  server.RaftServerConfigKeys (ConfUtils.java:logGet(46)) - raft.server.snapshot.retention.file.num = 5 (custom)
2023-05-18 02:47:11,266 [dd0a355a-d343-4342-9afa-2dfa8fc9aea1-groupManagement] INFO  server.RaftServerConfigKeys (ConfUtils.java:logGet(46)) - raft.server.log.purge.upto.snapshot.index = false (default)
2023-05-18 02:47:11,266 [dd0a355a-d343-4342-9afa-2dfa8fc9aea1@group-06B9F37FACC8-FollowerState] INFO  server.RaftServerConfigKeys (ConfUtils.java:logFallback(53)) - raft.server.rpc.first-election.timeout.min = 5s (fallback to raft.server.rpc.timeout.min)
2023-05-18 02:47:11,274 [dd0a355a-d343-4342-9afa-2dfa8fc9aea1@group-06B9F37FACC8-FollowerState] INFO  server.RaftServerConfigKeys (ConfUtils.java:logFallback(53)) - raft.server.rpc.first-election.timeout.max = 5200ms (fallback to raft.server.rpc.timeout.max)
2023-05-18 02:47:11,301 [grpc-default-executor-1] INFO  server.RaftServer (RaftServerProxy.java:addNew(98)) - 4ccd21da-06a8-4ca3-bf16-e3c028fe0c77: addNew group-06B9F37FACC8:[4ccd21da-06a8-4ca3-bf16-e3c028fe0c77|rpc:10.1.1.154:15045|admin:10.1.1.154:15044|client:10.1.1.154:15043|dataStream:10.1.1.154:15046|priority:1|startupRole:FOLLOWER, dd0a355a-d343-4342-9afa-2dfa8fc9aea1|rpc:10.1.1.154:15053|admin:10.1.1.154:15052|client:10.1.1.154:15051|dataStream:10.1.1.154:15054|priority:0|startupRole:FOLLOWER, 1d3b30df-d5fa-48f7-8d20-f176392eff1b|rpc:10.1.1.154:15037|admin:10.1.1.154:15036|client:10.1.1.154:15035|dataStream:10.1.1.154:15038|priority:0|startupRole:FOLLOWER] returns group-06B9F37FACC8:java.util.concurrent.CompletableFuture@15a1cfb2[Not completed]
2023-05-18 02:47:11,302 [4ccd21da-06a8-4ca3-bf16-e3c028fe0c77-groupManagement] INFO  server.RaftServer$Division (RaftServerImpl.java:<init>(198)) - 4ccd21da-06a8-4ca3-bf16-e3c028fe0c77: new RaftServerImpl for group-06B9F37FACC8:[4ccd21da-06a8-4ca3-bf16-e3c028fe0c77|rpc:10.1.1.154:15045|admin:10.1.1.154:15044|client:10.1.1.154:15043|dataStream:10.1.1.154:15046|priority:1|startupRole:FOLLOWER, dd0a355a-d343-4342-9afa-2dfa8fc9aea1|rpc:10.1.1.154:15053|admin:10.1.1.154:15052|client:10.1.1.154:15051|dataStream:10.1.1.154:15054|priority:0|startupRole:FOLLOWER, 1d3b30df-d5fa-48f7-8d20-f176392eff1b|rpc:10.1.1.154:15037|admin:10.1.1.154:15036|client:10.1.1.154:15035|dataStream:10.1.1.154:15038|priority:0|startupRole:FOLLOWER] with ContainerStateMachine:uninitialized
2023-05-18 02:47:11,302 [4ccd21da-06a8-4ca3-bf16-e3c028fe0c77-groupManagement] INFO  server.RaftServerConfigKeys (ConfUtils.java:logGet(46)) - raft.server.rpc.timeout.min = 5s (custom)
2023-05-18 02:47:11,302 [4ccd21da-06a8-4ca3-bf16-e3c028fe0c77-groupManagement] INFO  server.RaftServerConfigKeys (ConfUtils.java:logGet(46)) - raft.server.rpc.timeout.max = 5200ms (custom)
2023-05-18 02:47:11,303 [4ccd21da-06a8-4ca3-bf16-e3c028fe0c77-groupManagement] INFO  server.RaftServerConfigKeys (ConfUtils.java:logGet(46)) - raft.server.rpc.sleep.time = 25ms (default)
2023-05-18 02:47:11,303 [4ccd21da-06a8-4ca3-bf16-e3c028fe0c77-groupManagement] INFO  server.RaftServerConfigKeys (ConfUtils.java:logGet(46)) - raft.server.rpc.slowness.timeout = 300s (custom)
2023-05-18 02:47:11,303 [4ccd21da-06a8-4ca3-bf16-e3c028fe0c77-groupManagement] INFO  server.RaftServerConfigKeys (ConfUtils.java:logGet(46)) - raft.server.leaderelection.leader.step-down.wait-time = 10s (default)
2023-05-18 02:47:11,303 [4ccd21da-06a8-4ca3-bf16-e3c028fe0c77-groupManagement] INFO  server.RaftServerConfigKeys (ConfUtils.java:logGet(46)) - raft.server.sleep.deviation.threshold = 300ms (default)
2023-05-18 02:47:11,303 [4ccd21da-06a8-4ca3-bf16-e3c028fe0c77-groupManagement] INFO  server.RaftServer$Division (ServerState.java:<init>(120)) - 4ccd21da-06a8-4ca3-bf16-e3c028fe0c77@group-06B9F37FACC8: ConfigurationManager, init=-1: peers:[4ccd21da-06a8-4ca3-bf16-e3c028fe0c77|rpc:10.1.1.154:15045|admin:10.1.1.154:15044|client:10.1.1.154:15043|dataStream:10.1.1.154:15046|priority:1|startupRole:FOLLOWER, dd0a355a-d343-4342-9afa-2dfa8fc9aea1|rpc:10.1.1.154:15053|admin:10.1.1.154:15052|client:10.1.1.154:15051|dataStream:10.1.1.154:15054|priority:0|startupRole:FOLLOWER, 1d3b30df-d5fa-48f7-8d20-f176392eff1b|rpc:10.1.1.154:15037|admin:10.1.1.154:15036|client:10.1.1.154:15035|dataStream:10.1.1.154:15038|priority:0|startupRole:FOLLOWER]|listeners:[], old=null, confs=<EMPTY_MAP>
2023-05-18 02:47:11,303 [4ccd21da-06a8-4ca3-bf16-e3c028fe0c77-groupManagement] INFO  server.RaftServerConfigKeys (ConfUtils.java:logGet(46)) - raft.server.storage.dir = [/home/runner/work/ozone/ozone/hadoop-ozone/integration-test/target/test-dir/MiniOzoneClusterImpl-522acec6-bbe2-4bbe-92e7-576262f261c3/datanode-4/data/ratis] (custom)
2023-05-18 02:47:11,303 [4ccd21da-06a8-4ca3-bf16-e3c028fe0c77-groupManagement] INFO  server.RaftServerConfigKeys (ConfUtils.java:logGet(46)) - raft.server.log.corruption.policy = EXCEPTION (default)
2023-05-18 02:47:11,303 [4ccd21da-06a8-4ca3-bf16-e3c028fe0c77-groupManagement] INFO  server.RaftServerConfigKeys (ConfUtils.java:logGet(46)) - raft.server.storage.free-space.min = 0MB (=0) (default)
2023-05-18 02:47:11,303 [4ccd21da-06a8-4ca3-bf16-e3c028fe0c77-groupManagement] INFO  server.RaftServerConfigKeys (ConfUtils.java:logGet(46)) - raft.server.notification.no-leader.timeout = 300s (custom)
2023-05-18 02:47:11,303 [4ccd21da-06a8-4ca3-bf16-e3c028fe0c77-groupManagement] INFO  server.RaftServerConfigKeys (ConfUtils.java:logGet(46)) - raft.server.read.timeout = 10s (default)
2023-05-18 02:47:11,303 [4ccd21da-06a8-4ca3-bf16-e3c028fe0c77-groupManagement] INFO  server.RaftServerConfigKeys (ConfUtils.java:logGet(46)) - raft.server.retrycache.expirytime = 600000ms (custom)
2023-05-18 02:47:11,303 [4ccd21da-06a8-4ca3-bf16-e3c028fe0c77-groupManagement] INFO  server.RaftServerConfigKeys (ConfUtils.java:logGet(46)) - raft.server.retrycache.statistics.expirytime = 100μs (default)
2023-05-18 02:47:11,303 [4ccd21da-06a8-4ca3-bf16-e3c028fe0c77-groupManagement] INFO  server.RaftServerConfigKeys (ConfUtils.java:logGet(46)) - raft.server.read.option = DEFAULT (default)
2023-05-18 02:47:11,305 [4ccd21da-06a8-4ca3-bf16-e3c028fe0c77-groupManagement] INFO  server.RaftServerConfigKeys (ConfUtils.java:logGet(46)) - raft.server.rpc.request.timeout = 60s (custom)
2023-05-18 02:47:11,305 [4ccd21da-06a8-4ca3-bf16-e3c028fe0c77-groupManagement] INFO  server.RaftServerConfigKeys (ConfUtils.java:logGet(46)) - raft.server.log.appender.install.snapshot.enabled = false (custom)
2023-05-18 02:47:11,305 [4ccd21da-06a8-4ca3-bf16-e3c028fe0c77-groupManagement] INFO  server.RaftServerConfigKeys (ConfUtils.java:logGet(46)) - raft.server.threadpool.server.cached = true (default)
2023-05-18 02:47:11,305 [4ccd21da-06a8-4ca3-bf16-e3c028fe0c77-groupManagement] INFO  server.RaftServerConfigKeys (ConfUtils.java:logGet(46)) - raft.server.threadpool.server.size = 0 (default)
2023-05-18 02:47:11,305 [4ccd21da-06a8-4ca3-bf16-e3c028fe0c77-groupManagement] INFO  server.RaftServerConfigKeys (ConfUtils.java:logGet(46)) - raft.server.threadpool.client.cached = true (default)
2023-05-18 02:47:11,305 [4ccd21da-06a8-4ca3-bf16-e3c028fe0c77-groupManagement] INFO  server.RaftServerConfigKeys (ConfUtils.java:logGet(46)) - raft.server.threadpool.client.size = 0 (default)
2023-05-18 02:47:11,305 [Command processor thread] INFO  server.RaftServer (RaftServerProxy.java:addNew(98)) - 4ccd21da-06a8-4ca3-bf16-e3c028fe0c77: addNew group-35711E7F29BC:[4ccd21da-06a8-4ca3-bf16-e3c028fe0c77|rpc:10.1.1.154:15045|admin:10.1.1.154:15044|client:10.1.1.154:15043|dataStream:10.1.1.154:15046|priority:1|startupRole:FOLLOWER] returns group-35711E7F29BC:java.util.concurrent.CompletableFuture@7f43551b[Not completed]
2023-05-18 02:47:11,316 [Listener at 127.0.0.1/15004] INFO  ozone.MiniOzoneClusterImpl (MiniOzoneClusterImpl.java:lambda$waitForClusterToBeReady$0(222)) - Nodes are ready. Got 8 of 8 DN Heartbeats.
2023-05-18 02:47:11,316 [Listener at 127.0.0.1/15004] INFO  ozone.MiniOzoneClusterImpl (MiniOzoneClusterImpl.java:lambda$waitForClusterToBeReady$0(225)) - Waiting for cluster to exit safe mode
2023-05-18 02:47:11,317 [Listener at 127.0.0.1/15004] INFO  ozone.MiniOzoneClusterImpl (MiniOzoneClusterImpl.java:lambda$waitForClusterToBeReady$0(227)) - SCM became leader
2023-05-18 02:47:11,319 [4ccd21da-06a8-4ca3-bf16-e3c028fe0c77-groupManagement] INFO  server.RaftServer$Division (RaftServerImpl.java:<init>(198)) - 4ccd21da-06a8-4ca3-bf16-e3c028fe0c77: new RaftServerImpl for group-35711E7F29BC:[4ccd21da-06a8-4ca3-bf16-e3c028fe0c77|rpc:10.1.1.154:15045|admin:10.1.1.154:15044|client:10.1.1.154:15043|dataStream:10.1.1.154:15046|priority:1|startupRole:FOLLOWER] with ContainerStateMachine:uninitialized
2023-05-18 02:47:11,319 [4ccd21da-06a8-4ca3-bf16-e3c028fe0c77-groupManagement] INFO  server.RaftServerConfigKeys (ConfUtils.java:logGet(46)) - raft.server.rpc.timeout.min = 5s (custom)
2023-05-18 02:47:11,319 [4ccd21da-06a8-4ca3-bf16-e3c028fe0c77-groupManagement] INFO  server.RaftServerConfigKeys (ConfUtils.java:logGet(46)) - raft.server.rpc.timeout.max = 5200ms (custom)
2023-05-18 02:47:11,319 [4ccd21da-06a8-4ca3-bf16-e3c028fe0c77-groupManagement] INFO  server.RaftServerConfigKeys (ConfUtils.java:logGet(46)) - raft.server.rpc.sleep.time = 25ms (default)
2023-05-18 02:47:11,319 [4ccd21da-06a8-4ca3-bf16-e3c028fe0c77-groupManagement] INFO  server.RaftServerConfigKeys (ConfUtils.java:logGet(46)) - raft.server.rpc.slowness.timeout = 300s (custom)
2023-05-18 02:47:11,319 [4ccd21da-06a8-4ca3-bf16-e3c028fe0c77-groupManagement] INFO  server.RaftServerConfigKeys (ConfUtils.java:logGet(46)) - raft.server.leaderelection.leader.step-down.wait-time = 10s (default)
2023-05-18 02:47:11,319 [4ccd21da-06a8-4ca3-bf16-e3c028fe0c77-groupManagement] INFO  server.RaftServerConfigKeys (ConfUtils.java:logGet(46)) - raft.server.sleep.deviation.threshold = 300ms (default)
2023-05-18 02:47:11,319 [4ccd21da-06a8-4ca3-bf16-e3c028fe0c77-groupManagement] INFO  server.RaftServer$Division (ServerState.java:<init>(120)) - 4ccd21da-06a8-4ca3-bf16-e3c028fe0c77@group-35711E7F29BC: ConfigurationManager, init=-1: peers:[4ccd21da-06a8-4ca3-bf16-e3c028fe0c77|rpc:10.1.1.154:15045|admin:10.1.1.154:15044|client:10.1.1.154:15043|dataStream:10.1.1.154:15046|priority:1|startupRole:FOLLOWER]|listeners:[], old=null, confs=<EMPTY_MAP>
2023-05-18 02:47:11,319 [4ccd21da-06a8-4ca3-bf16-e3c028fe0c77-groupManagement] INFO  server.RaftServerConfigKeys (ConfUtils.java:logGet(46)) - raft.server.storage.dir = [/home/runner/work/ozone/ozone/hadoop-ozone/integration-test/target/test-dir/MiniOzoneClusterImpl-522acec6-bbe2-4bbe-92e7-576262f261c3/datanode-4/data/ratis] (custom)
2023-05-18 02:47:11,320 [4ccd21da-06a8-4ca3-bf16-e3c028fe0c77-groupManagement] INFO  server.RaftServerConfigKeys (ConfUtils.java:logGet(46)) - raft.server.log.corruption.policy = EXCEPTION (default)
2023-05-18 02:47:11,320 [4ccd21da-06a8-4ca3-bf16-e3c028fe0c77-groupManagement] INFO  server.RaftServerConfigKeys (ConfUtils.java:logGet(46)) - raft.server.storage.free-space.min = 0MB (=0) (default)
2023-05-18 02:47:11,320 [4ccd21da-06a8-4ca3-bf16-e3c028fe0c77-groupManagement] INFO  server.RaftServerConfigKeys (ConfUtils.java:logGet(46)) - raft.server.notification.no-leader.timeout = 300s (custom)
2023-05-18 02:47:11,320 [4ccd21da-06a8-4ca3-bf16-e3c028fe0c77-groupManagement] INFO  server.RaftServerConfigKeys (ConfUtils.java:logGet(46)) - raft.server.read.timeout = 10s (default)
2023-05-18 02:47:11,320 [4ccd21da-06a8-4ca3-bf16-e3c028fe0c77-groupManagement] INFO  server.RaftServerConfigKeys (ConfUtils.java:logGet(46)) - raft.server.retrycache.expirytime = 600000ms (custom)
2023-05-18 02:47:11,320 [4ccd21da-06a8-4ca3-bf16-e3c028fe0c77-groupManagement] INFO  server.RaftServerConfigKeys (ConfUtils.java:logGet(46)) - raft.server.retrycache.statistics.expirytime = 100μs (default)
2023-05-18 02:47:11,320 [4ccd21da-06a8-4ca3-bf16-e3c028fe0c77-groupManagement] INFO  server.RaftServerConfigKeys (ConfUtils.java:logGet(46)) - raft.server.read.option = DEFAULT (default)
2023-05-18 02:47:11,321 [4ccd21da-06a8-4ca3-bf16-e3c028fe0c77-groupManagement] INFO  server.RaftServerConfigKeys (ConfUtils.java:logGet(46)) - raft.server.rpc.request.timeout = 60s (custom)
2023-05-18 02:47:11,321 [4ccd21da-06a8-4ca3-bf16-e3c028fe0c77-groupManagement] INFO  server.RaftServerConfigKeys (ConfUtils.java:logGet(46)) - raft.server.log.appender.install.snapshot.enabled = false (custom)
2023-05-18 02:47:11,321 [4ccd21da-06a8-4ca3-bf16-e3c028fe0c77-groupManagement] INFO  server.RaftServerConfigKeys (ConfUtils.java:logGet(46)) - raft.server.threadpool.server.cached = true (default)
2023-05-18 02:47:11,321 [4ccd21da-06a8-4ca3-bf16-e3c028fe0c77-groupManagement] INFO  server.RaftServerConfigKeys (ConfUtils.java:logGet(46)) - raft.server.threadpool.server.size = 0 (default)
2023-05-18 02:47:11,321 [4ccd21da-06a8-4ca3-bf16-e3c028fe0c77-groupManagement] INFO  server.RaftServerConfigKeys (ConfUtils.java:logGet(46)) - raft.server.threadpool.client.cached = true (default)
2023-05-18 02:47:11,321 [4ccd21da-06a8-4ca3-bf16-e3c028fe0c77-groupManagement] INFO  server.RaftServerConfigKeys (ConfUtils.java:logGet(46)) - raft.server.threadpool.client.size = 0 (default)
2023-05-18 02:47:11,321 [4ccd21da-06a8-4ca3-bf16-e3c028fe0c77-groupManagement] INFO  storage.RaftStorageDirectory (RaftStorageDirectoryImpl.java:analyzeStorage(137)) - The storage directory /home/runner/work/ozone/ozone/hadoop-ozone/integration-test/target/test-dir/MiniOzoneClusterImpl-522acec6-bbe2-4bbe-92e7-576262f261c3/datanode-4/data/ratis/59206d31-9346-4852-9dde-06b9f37facc8 does not exist. Creating ...
2023-05-18 02:47:11,323 [4ccd21da-06a8-4ca3-bf16-e3c028fe0c77-groupManagement] INFO  storage.RaftStorageDirectory (RaftStorageDirectoryImpl.java:tryLock(231)) - Lock on /home/runner/work/ozone/ozone/hadoop-ozone/integration-test/target/test-dir/MiniOzoneClusterImpl-522acec6-bbe2-4bbe-92e7-576262f261c3/datanode-4/data/ratis/59206d31-9346-4852-9dde-06b9f37facc8/in_use.lock acquired by nodename 9353@fv-az180-414
2023-05-18 02:47:11,324 [4ccd21da-06a8-4ca3-bf16-e3c028fe0c77-groupManagement] INFO  storage.RaftStorage (RaftStorageImpl.java:format(96)) - Storage directory /home/runner/work/ozone/ozone/hadoop-ozone/integration-test/target/test-dir/MiniOzoneClusterImpl-522acec6-bbe2-4bbe-92e7-576262f261c3/datanode-4/data/ratis/59206d31-9346-4852-9dde-06b9f37facc8 has been successfully formatted.
2023-05-18 02:47:11,325 [4ccd21da-06a8-4ca3-bf16-e3c028fe0c77-groupManagement] INFO  ratis.ContainerStateMachine (ContainerStateMachine.java:loadSnapshot(262)) - group-06B9F37FACC8: The snapshot info is null. Setting the last applied indexto:(t:0, i:~)
2023-05-18 02:47:11,325 [4ccd21da-06a8-4ca3-bf16-e3c028fe0c77-groupManagement] INFO  server.RaftServerConfigKeys (ConfUtils.java:logGet(46)) - raft.server.log.use.memory = false (default)
2023-05-18 02:47:11,326 [4ccd21da-06a8-4ca3-bf16-e3c028fe0c77-groupManagement] INFO  server.RaftServerConfigKeys (ConfUtils.java:logGet(46)) - raft.server.log.purge.gap = 1000000 (custom)
2023-05-18 02:47:11,326 [4ccd21da-06a8-4ca3-bf16-e3c028fe0c77-groupManagement] INFO  server.RaftServerConfigKeys (ConfUtils.java:logGet(46)) - raft.server.log.appender.buffer.byte-limit = 33554432 (custom)
2023-05-18 02:47:11,326 [4ccd21da-06a8-4ca3-bf16-e3c028fe0c77-groupManagement] INFO  server.RaftServerConfigKeys (ConfUtils.java:logGet(46)) - raft.server.log.statemachine.data.read.timeout = 1000ms (default)
2023-05-18 02:47:11,326 [4ccd21da-06a8-4ca3-bf16-e3c028fe0c77-groupManagement] INFO  server.RaftServerConfigKeys (ConfUtils.java:logGet(46)) - raft.server.log.purge.preservation.log.num = 0 (default)
2023-05-18 02:47:11,327 [EventQueue-PipelineReportForPipelineReportHandler] INFO  pipeline.PipelineManagerImpl (PipelineManagerImpl.java:openPipeline(367)) - Pipeline Pipeline[ Id: 4f1d4388-4a98-48aa-96dd-35711e7f29bc, Nodes: 4ccd21da-06a8-4ca3-bf16-e3c028fe0c77(fv-az180-414.aibneqh1mxpuhl3tnnuy2ifbce.bx.internal.cloudapp.net/10.1.1.154), ReplicationConfig: RATIS/ONE, State:ALLOCATED, leaderId:4ccd21da-06a8-4ca3-bf16-e3c028fe0c77, CreationTimestamp2023-05-18T02:47:08.310Z[Etc/UTC]] moved to OPEN state
2023-05-18 02:47:11,327 [EventQueue-OpenPipelineForHealthyPipelineSafeModeRule] INFO  safemode.SCMSafeModeManager (HealthyPipelineSafeModeRule.java:process(137)) - SCM in safe mode. Healthy pipelines reported count is 0, required healthy pipeline reported count is 1
2023-05-18 02:47:11,327 [4ccd21da-06a8-4ca3-bf16-e3c028fe0c77-groupManagement] INFO  server.RaftServerConfigKeys (ConfUtils.java:logGet(46)) - raft.server.log.segment.size.max = 1048576 (custom)
2023-05-18 02:47:11,328 [4ccd21da-06a8-4ca3-bf16-e3c028fe0c77-groupManagement] INFO  server.RaftServerConfigKeys (ConfUtils.java:logGet(46)) - raft.server.log.segment.cache.num.max = 2 (custom)
2023-05-18 02:47:11,328 [4ccd21da-06a8-4ca3-bf16-e3c028fe0c77-groupManagement] INFO  server.RaftServerConfigKeys (ConfUtils.java:logGet(46)) - raft.server.log.segment.cache.size.max = 200MB (=209715200) (default)
2023-05-18 02:47:11,328 [4ccd21da-06a8-4ca3-bf16-e3c028fe0c77-groupManagement] INFO  server.RaftServerConfigKeys (ConfUtils.java:logGet(46)) - raft.server.log.appender.buffer.byte-limit = 33554432 (custom)
2023-05-18 02:47:11,328 [4ccd21da-06a8-4ca3-bf16-e3c028fe0c77-groupManagement] INFO  segmented.SegmentedRaftLogWorker (SegmentedRaftLogWorker.java:<init>(188)) - new 4ccd21da-06a8-4ca3-bf16-e3c028fe0c77@group-06B9F37FACC8-SegmentedRaftLogWorker for RaftStorageImpl:Storage Directory /home/runner/work/ozone/ozone/hadoop-ozone/integration-test/target/test-dir/MiniOzoneClusterImpl-522acec6-bbe2-4bbe-92e7-576262f261c3/datanode-4/data/ratis/59206d31-9346-4852-9dde-06b9f37facc8
2023-05-18 02:47:11,328 [4ccd21da-06a8-4ca3-bf16-e3c028fe0c77-groupManagement] INFO  server.RaftServerConfigKeys (ConfUtils.java:logGet(46)) - raft.server.log.queue.byte-limit = 4294967296 (custom)
2023-05-18 02:47:11,328 [4ccd21da-06a8-4ca3-bf16-e3c028fe0c77-groupManagement] INFO  server.RaftServerConfigKeys (ConfUtils.java:logGet(46)) - raft.server.log.queue.element-limit = 1024 (custom)
2023-05-18 02:47:11,328 [4ccd21da-06a8-4ca3-bf16-e3c028fe0c77-groupManagement] INFO  server.RaftServerConfigKeys (ConfUtils.java:logGet(46)) - raft.server.log.segment.size.max = 1048576 (custom)
2023-05-18 02:47:11,328 [4ccd21da-06a8-4ca3-bf16-e3c028fe0c77-groupManagement] INFO  server.RaftServerConfigKeys (ConfUtils.java:logGet(46)) - raft.server.log.preallocated.size = 16384 (custom)
2023-05-18 02:47:11,328 [4ccd21da-06a8-4ca3-bf16-e3c028fe0c77-groupManagement] INFO  server.RaftServerConfigKeys (ConfUtils.java:logGet(46)) - raft.server.log.force.sync.num = 128 (default)
2023-05-18 02:47:11,328 [4ccd21da-06a8-4ca3-bf16-e3c028fe0c77-groupManagement] INFO  server.RaftServerConfigKeys (ConfUtils.java:logGet(46)) - raft.server.log.statemachine.data.sync = true (default)
2023-05-18 02:47:11,328 [4ccd21da-06a8-4ca3-bf16-e3c028fe0c77-groupManagement] INFO  server.RaftServerConfigKeys (ConfUtils.java:logGet(46)) - raft.server.log.statemachine.data.sync.timeout = 10s (default)
2023-05-18 02:47:11,328 [4ccd21da-06a8-4ca3-bf16-e3c028fe0c77-groupManagement] INFO  server.RaftServerConfigKeys (ConfUtils.java:logGet(46)) - raft.server.log.statemachine.data.sync.timeout.retry = -1 (default)
2023-05-18 02:47:11,329 [4ccd21da-06a8-4ca3-bf16-e3c028fe0c77-groupManagement] INFO  server.RaftServerConfigKeys (ConfUtils.java:logGet(46)) - raft.server.log.write.buffer.size = 1048576 (custom)
2023-05-18 02:47:11,330 [4ccd21da-06a8-4ca3-bf16-e3c028fe0c77-groupManagement] INFO  server.RaftServerConfigKeys (ConfUtils.java:logGet(46)) - raft.server.log.appender.buffer.byte-limit = 33554432 (custom)
2023-05-18 02:47:11,334 [4ccd21da-06a8-4ca3-bf16-e3c028fe0c77-groupManagement] INFO  server.RaftServerConfigKeys (ConfUtils.java:logGet(46)) - raft.server.log.unsafe-flush.enabled = false (default)
2023-05-18 02:47:11,334 [4ccd21da-06a8-4ca3-bf16-e3c028fe0c77-groupManagement] INFO  server.RaftServerConfigKeys (ConfUtils.java:logGet(46)) - raft.server.log.async-flush.enabled = false (default)
2023-05-18 02:47:11,334 [4ccd21da-06a8-4ca3-bf16-e3c028fe0c77-groupManagement] INFO  server.RaftServerConfigKeys (ConfUtils.java:logGet(46)) - raft.server.log.statemachine.data.caching.enabled = true (custom)
2023-05-18 02:47:11,335 [4ccd21da-06a8-4ca3-bf16-e3c028fe0c77-groupManagement] INFO  segmented.SegmentedRaftLogWorker (SegmentedRaftLogWorker.java:lambda$new$0(135)) - 4ccd21da-06a8-4ca3-bf16-e3c028fe0c77@group-06B9F37FACC8-SegmentedRaftLogWorker: flushIndex: setUnconditionally 0 -> -1
2023-05-18 02:47:11,335 [4ccd21da-06a8-4ca3-bf16-e3c028fe0c77-groupManagement] INFO  segmented.SegmentedRaftLogWorker (SegmentedRaftLogWorker.java:lambda$new$0(135)) - 4ccd21da-06a8-4ca3-bf16-e3c028fe0c77@group-06B9F37FACC8-SegmentedRaftLogWorker: safeCacheEvictIndex: setUnconditionally 0 -> -1
2023-05-18 02:47:11,335 [4ccd21da-06a8-4ca3-bf16-e3c028fe0c77-groupManagement] INFO  server.RaftServer$Division (RaftServerImpl.java:start(342)) - 4ccd21da-06a8-4ca3-bf16-e3c028fe0c77@group-06B9F37FACC8: start as a follower, conf=-1: peers:[4ccd21da-06a8-4ca3-bf16-e3c028fe0c77|rpc:10.1.1.154:15045|admin:10.1.1.154:15044|client:10.1.1.154:15043|dataStream:10.1.1.154:15046|priority:1|startupRole:FOLLOWER, dd0a355a-d343-4342-9afa-2dfa8fc9aea1|rpc:10.1.1.154:15053|admin:10.1.1.154:15052|client:10.1.1.154:15051|dataStream:10.1.1.154:15054|priority:0|startupRole:FOLLOWER, 1d3b30df-d5fa-48f7-8d20-f176392eff1b|rpc:10.1.1.154:15037|admin:10.1.1.154:15036|client:10.1.1.154:15035|dataStream:10.1.1.154:15038|priority:0|startupRole:FOLLOWER]|listeners:[], old=null
2023-05-18 02:47:11,335 [4ccd21da-06a8-4ca3-bf16-e3c028fe0c77-groupManagement] INFO  server.RaftServer$Division (RaftServerImpl.java:setRole(329)) - 4ccd21da-06a8-4ca3-bf16-e3c028fe0c77@group-06B9F37FACC8: changes role from      null to FOLLOWER at term 0 for startAsFollower
2023-05-18 02:47:11,335 [4ccd21da-06a8-4ca3-bf16-e3c028fe0c77-groupManagement] INFO  impl.RoleInfo (RoleInfo.java:updateAndGet(139)) - 4ccd21da-06a8-4ca3-bf16-e3c028fe0c77: start 4ccd21da-06a8-4ca3-bf16-e3c028fe0c77@group-06B9F37FACC8-FollowerState
2023-05-18 02:47:11,337 [4ccd21da-06a8-4ca3-bf16-e3c028fe0c77-groupManagement] INFO  util.JmxRegister (JmxRegister.java:tryRegister(44)) - Successfully registered JMX Bean with object name Ratis:service=RaftServer,group=group-06B9F37FACC8,id=4ccd21da-06a8-4ca3-bf16-e3c028fe0c77
2023-05-18 02:47:11,337 [4ccd21da-06a8-4ca3-bf16-e3c028fe0c77-groupManagement] INFO  server.RaftServerConfigKeys (ConfUtils.java:logGet(46)) - raft.server.snapshot.auto.trigger.enabled = true (custom)
2023-05-18 02:47:11,337 [4ccd21da-06a8-4ca3-bf16-e3c028fe0c77-groupManagement] INFO  server.RaftServerConfigKeys (ConfUtils.java:logGet(46)) - raft.server.snapshot.auto.trigger.threshold = 10000 (custom)
2023-05-18 02:47:11,337 [4ccd21da-06a8-4ca3-bf16-e3c028fe0c77-groupManagement] INFO  server.RaftServerConfigKeys (ConfUtils.java:logGet(46)) - raft.server.snapshot.retention.file.num = 5 (custom)
2023-05-18 02:47:11,337 [4ccd21da-06a8-4ca3-bf16-e3c028fe0c77-groupManagement] INFO  server.RaftServerConfigKeys (ConfUtils.java:logGet(46)) - raft.server.log.purge.upto.snapshot.index = false (default)
2023-05-18 02:47:11,338 [4ccd21da-06a8-4ca3-bf16-e3c028fe0c77@group-06B9F37FACC8-FollowerState] INFO  server.RaftServerConfigKeys (ConfUtils.java:logFallback(53)) - raft.server.rpc.first-election.timeout.min = 5s (fallback to raft.server.rpc.timeout.min)
2023-05-18 02:47:11,350 [4ccd21da-06a8-4ca3-bf16-e3c028fe0c77@group-06B9F37FACC8-FollowerState] INFO  server.RaftServerConfigKeys (ConfUtils.java:logFallback(53)) - raft.server.rpc.first-election.timeout.max = 5200ms (fallback to raft.server.rpc.timeout.max)
2023-05-18 02:47:11,341 [4ccd21da-06a8-4ca3-bf16-e3c028fe0c77-groupManagement] INFO  storage.RaftStorageDirectory (RaftStorageDirectoryImpl.java:analyzeStorage(137)) - The storage directory /home/runner/work/ozone/ozone/hadoop-ozone/integration-test/target/test-dir/MiniOzoneClusterImpl-522acec6-bbe2-4bbe-92e7-576262f261c3/datanode-4/data/ratis/4f1d4388-4a98-48aa-96dd-35711e7f29bc does not exist. Creating ...
2023-05-18 02:47:11,351 [4ccd21da-06a8-4ca3-bf16-e3c028fe0c77-groupManagement] INFO  storage.RaftStorageDirectory (RaftStorageDirectoryImpl.java:tryLock(231)) - Lock on /home/runner/work/ozone/ozone/hadoop-ozone/integration-test/target/test-dir/MiniOzoneClusterImpl-522acec6-bbe2-4bbe-92e7-576262f261c3/datanode-4/data/ratis/4f1d4388-4a98-48aa-96dd-35711e7f29bc/in_use.lock acquired by nodename 9353@fv-az180-414
2023-05-18 02:47:11,354 [4ccd21da-06a8-4ca3-bf16-e3c028fe0c77-groupManagement] INFO  storage.RaftStorage (RaftStorageImpl.java:format(96)) - Storage directory /home/runner/work/ozone/ozone/hadoop-ozone/integration-test/target/test-dir/MiniOzoneClusterImpl-522acec6-bbe2-4bbe-92e7-576262f261c3/datanode-4/data/ratis/4f1d4388-4a98-48aa-96dd-35711e7f29bc has been successfully formatted.
2023-05-18 02:47:11,357 [4ccd21da-06a8-4ca3-bf16-e3c028fe0c77-groupManagement] INFO  ratis.ContainerStateMachine (ContainerStateMachine.java:loadSnapshot(262)) - group-35711E7F29BC: The snapshot info is null. Setting the last applied indexto:(t:0, i:~)
2023-05-18 02:47:11,357 [4ccd21da-06a8-4ca3-bf16-e3c028fe0c77-groupManagement] INFO  server.RaftServerConfigKeys (ConfUtils.java:logGet(46)) - raft.server.log.use.memory = false (default)
2023-05-18 02:47:11,358 [4ccd21da-06a8-4ca3-bf16-e3c028fe0c77-groupManagement] INFO  server.RaftServerConfigKeys (ConfUtils.java:logGet(46)) - raft.server.log.purge.gap = 1000000 (custom)
2023-05-18 02:47:11,358 [4ccd21da-06a8-4ca3-bf16-e3c028fe0c77-groupManagement] INFO  server.RaftServerConfigKeys (ConfUtils.java:logGet(46)) - raft.server.log.appender.buffer.byte-limit = 33554432 (custom)
2023-05-18 02:47:11,358 [4ccd21da-06a8-4ca3-bf16-e3c028fe0c77-groupManagement] INFO  server.RaftServerConfigKeys (ConfUtils.java:logGet(46)) - raft.server.log.statemachine.data.read.timeout = 1000ms (default)
2023-05-18 02:47:11,358 [4ccd21da-06a8-4ca3-bf16-e3c028fe0c77-groupManagement] INFO  server.RaftServerConfigKeys (ConfUtils.java:logGet(46)) - raft.server.log.purge.preservation.log.num = 0 (default)
2023-05-18 02:47:11,358 [4ccd21da-06a8-4ca3-bf16-e3c028fe0c77-groupManagement] INFO  server.RaftServerConfigKeys (ConfUtils.java:logGet(46)) - raft.server.log.segment.size.max = 1048576 (custom)
2023-05-18 02:47:11,358 [4ccd21da-06a8-4ca3-bf16-e3c028fe0c77-groupManagement] INFO  server.RaftServerConfigKeys (ConfUtils.java:logGet(46)) - raft.server.log.segment.cache.num.max = 2 (custom)
2023-05-18 02:47:11,358 [4ccd21da-06a8-4ca3-bf16-e3c028fe0c77-groupManagement] INFO  server.RaftServerConfigKeys (ConfUtils.java:logGet(46)) - raft.server.log.segment.cache.size.max = 200MB (=209715200) (default)
2023-05-18 02:47:11,358 [4ccd21da-06a8-4ca3-bf16-e3c028fe0c77-groupManagement] INFO  server.RaftServerConfigKeys (ConfUtils.java:logGet(46)) - raft.server.log.appender.buffer.byte-limit = 33554432 (custom)
2023-05-18 02:47:11,358 [4ccd21da-06a8-4ca3-bf16-e3c028fe0c77-groupManagement] INFO  segmented.SegmentedRaftLogWorker (SegmentedRaftLogWorker.java:<init>(188)) - new 4ccd21da-06a8-4ca3-bf16-e3c028fe0c77@group-35711E7F29BC-SegmentedRaftLogWorker for RaftStorageImpl:Storage Directory /home/runner/work/ozone/ozone/hadoop-ozone/integration-test/target/test-dir/MiniOzoneClusterImpl-522acec6-bbe2-4bbe-92e7-576262f261c3/datanode-4/data/ratis/4f1d4388-4a98-48aa-96dd-35711e7f29bc
2023-05-18 02:47:11,359 [4ccd21da-06a8-4ca3-bf16-e3c028fe0c77-groupManagement] INFO  server.RaftServerConfigKeys (ConfUtils.java:logGet(46)) - raft.server.log.queue.byte-limit = 4294967296 (custom)
2023-05-18 02:47:11,359 [4ccd21da-06a8-4ca3-bf16-e3c028fe0c77-groupManagement] INFO  server.RaftServerConfigKeys (ConfUtils.java:logGet(46)) - raft.server.log.queue.element-limit = 1024 (custom)
2023-05-18 02:47:11,359 [4ccd21da-06a8-4ca3-bf16-e3c028fe0c77-groupManagement] INFO  server.RaftServerConfigKeys (ConfUtils.java:logGet(46)) - raft.server.log.segment.size.max = 1048576 (custom)
2023-05-18 02:47:11,359 [4ccd21da-06a8-4ca3-bf16-e3c028fe0c77-groupManagement] INFO  server.RaftServerConfigKeys (ConfUtils.java:logGet(46)) - raft.server.log.preallocated.size = 16384 (custom)
2023-05-18 02:47:11,359 [4ccd21da-06a8-4ca3-bf16-e3c028fe0c77-groupManagement] INFO  server.RaftServerConfigKeys (ConfUtils.java:logGet(46)) - raft.server.log.force.sync.num = 128 (default)
2023-05-18 02:47:11,359 [4ccd21da-06a8-4ca3-bf16-e3c028fe0c77-groupManagement] INFO  server.RaftServerConfigKeys (ConfUtils.java:logGet(46)) - raft.server.log.statemachine.data.sync = true (default)
2023-05-18 02:47:11,359 [4ccd21da-06a8-4ca3-bf16-e3c028fe0c77-groupManagement] INFO  server.RaftServerConfigKeys (ConfUtils.java:logGet(46)) - raft.server.log.statemachine.data.sync.timeout = 10s (default)
2023-05-18 02:47:11,359 [4ccd21da-06a8-4ca3-bf16-e3c028fe0c77-groupManagement] INFO  server.RaftServerConfigKeys (ConfUtils.java:logGet(46)) - raft.server.log.statemachine.data.sync.timeout.retry = -1 (default)
2023-05-18 02:47:11,359 [4ccd21da-06a8-4ca3-bf16-e3c028fe0c77-groupManagement] INFO  server.RaftServerConfigKeys (ConfUtils.java:logGet(46)) - raft.server.log.write.buffer.size = 1048576 (custom)
2023-05-18 02:47:11,360 [4ccd21da-06a8-4ca3-bf16-e3c028fe0c77-groupManagement] INFO  server.RaftServerConfigKeys (ConfUtils.java:logGet(46)) - raft.server.log.appender.buffer.byte-limit = 33554432 (custom)
2023-05-18 02:47:11,363 [EventQueue-OpenPipelineForHealthyPipelineSafeModeRule] INFO  safemode.SCMSafeModeManager (HealthyPipelineSafeModeRule.java:process(137)) - SCM in safe mode. Healthy pipelines reported count is 0, required healthy pipeline reported count is 1
2023-05-18 02:47:11,371 [BlockDeletingService#1] INFO  interfaces.ContainerDeletionChoosingPolicyTemplate (ContainerDeletionChoosingPolicyTemplate.java:chooseContainerForBlockDeletion(83)) - Chosen 0/5000 blocks from 0 candidate containers.
2023-05-18 02:47:11,372 [Command processor thread] INFO  commandhandler.CreatePipelineCommandHandler (CreatePipelineCommandHandler.java:handle(113)) - Created Pipeline RATIS THREE PipelineID=59206d31-9346-4852-9dde-06b9f37facc8.
2023-05-18 02:47:11,372 [BlockDeletingService#2] INFO  interfaces.ContainerDeletionChoosingPolicyTemplate (ContainerDeletionChoosingPolicyTemplate.java:chooseContainerForBlockDeletion(83)) - Chosen 0/5000 blocks from 0 candidate containers.
2023-05-18 02:47:11,373 [Command processor thread] INFO  server.RaftServer (RaftServerProxy.java:addNew(98)) - 1d3b30df-d5fa-48f7-8d20-f176392eff1b: addNew group-53C5EE4F2628:[4ccd21da-06a8-4ca3-bf16-e3c028fe0c77|rpc:10.1.1.154:15045|admin:10.1.1.154:15044|client:10.1.1.154:15043|dataStream:10.1.1.154:15046|priority:0|startupRole:FOLLOWER, dd0a355a-d343-4342-9afa-2dfa8fc9aea1|rpc:10.1.1.154:15053|admin:10.1.1.154:15052|client:10.1.1.154:15051|dataStream:10.1.1.154:15054|priority:1|startupRole:FOLLOWER, 1d3b30df-d5fa-48f7-8d20-f176392eff1b|rpc:10.1.1.154:15037|admin:10.1.1.154:15036|client:10.1.1.154:15035|dataStream:10.1.1.154:15038|priority:0|startupRole:FOLLOWER] returns group-53C5EE4F2628:java.util.concurrent.CompletableFuture@1b51d8ff[Not completed]
2023-05-18 02:47:11,374 [1d3b30df-d5fa-48f7-8d20-f176392eff1b-groupManagement] INFO  server.RaftServer$Division (RaftServerImpl.java:<init>(198)) - 1d3b30df-d5fa-48f7-8d20-f176392eff1b: new RaftServerImpl for group-53C5EE4F2628:[4ccd21da-06a8-4ca3-bf16-e3c028fe0c77|rpc:10.1.1.154:15045|admin:10.1.1.154:15044|client:10.1.1.154:15043|dataStream:10.1.1.154:15046|priority:0|startupRole:FOLLOWER, dd0a355a-d343-4342-9afa-2dfa8fc9aea1|rpc:10.1.1.154:15053|admin:10.1.1.154:15052|client:10.1.1.154:15051|dataStream:10.1.1.154:15054|priority:1|startupRole:FOLLOWER, 1d3b30df-d5fa-48f7-8d20-f176392eff1b|rpc:10.1.1.154:15037|admin:10.1.1.154:15036|client:10.1.1.154:15035|dataStream:10.1.1.154:15038|priority:0|startupRole:FOLLOWER] with ContainerStateMachine:uninitialized
2023-05-18 02:47:11,374 [1d3b30df-d5fa-48f7-8d20-f176392eff1b-groupManagement] INFO  server.RaftServerConfigKeys (ConfUtils.java:logGet(46)) - raft.server.rpc.timeout.min = 5s (custom)
2023-05-18 02:47:11,374 [1d3b30df-d5fa-48f7-8d20-f176392eff1b-groupManagement] INFO  server.RaftServerConfigKeys (ConfUtils.java:logGet(46)) - raft.server.rpc.timeout.max = 5200ms (custom)
2023-05-18 02:47:11,374 [1d3b30df-d5fa-48f7-8d20-f176392eff1b-groupManagement] INFO  server.RaftServerConfigKeys (ConfUtils.java:logGet(46)) - raft.server.rpc.sleep.time = 25ms (default)
2023-05-18 02:47:11,374 [1d3b30df-d5fa-48f7-8d20-f176392eff1b-groupManagement] INFO  server.RaftServerConfigKeys (ConfUtils.java:logGet(46)) - raft.server.rpc.slowness.timeout = 300s (custom)
2023-05-18 02:47:11,374 [1d3b30df-d5fa-48f7-8d20-f176392eff1b-groupManagement] INFO  server.RaftServerConfigKeys (ConfUtils.java:logGet(46)) - raft.server.leaderelection.leader.step-down.wait-time = 10s (default)
2023-05-18 02:47:11,374 [1d3b30df-d5fa-48f7-8d20-f176392eff1b-groupManagement] INFO  server.RaftServerConfigKeys (ConfUtils.java:logGet(46)) - raft.server.sleep.deviation.threshold = 300ms (default)
2023-05-18 02:47:11,374 [1d3b30df-d5fa-48f7-8d20-f176392eff1b-groupManagement] INFO  server.RaftServer$Division (ServerState.java:<init>(120)) - 1d3b30df-d5fa-48f7-8d20-f176392eff1b@group-53C5EE4F2628: ConfigurationManager, init=-1: peers:[4ccd21da-06a8-4ca3-bf16-e3c028fe0c77|rpc:10.1.1.154:15045|admin:10.1.1.154:15044|client:10.1.1.154:15043|dataStream:10.1.1.154:15046|priority:0|startupRole:FOLLOWER, dd0a355a-d343-4342-9afa-2dfa8fc9aea1|rpc:10.1.1.154:15053|admin:10.1.1.154:15052|client:10.1.1.154:15051|dataStream:10.1.1.154:15054|priority:1|startupRole:FOLLOWER, 1d3b30df-d5fa-48f7-8d20-f176392eff1b|rpc:10.1.1.154:15037|admin:10.1.1.154:15036|client:10.1.1.154:15035|dataStream:10.1.1.154:15038|priority:0|startupRole:FOLLOWER]|listeners:[], old=null, confs=<EMPTY_MAP>
2023-05-18 02:47:11,375 [1d3b30df-d5fa-48f7-8d20-f176392eff1b-groupManagement] INFO  server.RaftServerConfigKeys (ConfUtils.java:logGet(46)) - raft.server.storage.dir = [/home/runner/work/ozone/ozone/hadoop-ozone/integration-test/target/test-dir/MiniOzoneClusterImpl-522acec6-bbe2-4bbe-92e7-576262f261c3/datanode-3/data/ratis] (custom)
2023-05-18 02:47:11,375 [1d3b30df-d5fa-48f7-8d20-f176392eff1b-groupManagement] INFO  server.RaftServerConfigKeys (ConfUtils.java:logGet(46)) - raft.server.log.corruption.policy = EXCEPTION (default)
2023-05-18 02:47:11,375 [1d3b30df-d5fa-48f7-8d20-f176392eff1b-groupManagement] INFO  server.RaftServerConfigKeys (ConfUtils.java:logGet(46)) - raft.server.storage.free-space.min = 0MB (=0) (default)
2023-05-18 02:47:11,375 [1d3b30df-d5fa-48f7-8d20-f176392eff1b-groupManagement] INFO  server.RaftServerConfigKeys (ConfUtils.java:logGet(46)) - raft.server.notification.no-leader.timeout = 300s (custom)
2023-05-18 02:47:11,375 [1d3b30df-d5fa-48f7-8d20-f176392eff1b-groupManagement] INFO  server.RaftServerConfigKeys (ConfUtils.java:logGet(46)) - raft.server.read.timeout = 10s (default)
2023-05-18 02:47:11,375 [1d3b30df-d5fa-48f7-8d20-f176392eff1b-groupManagement] INFO  server.RaftServerConfigKeys (ConfUtils.java:logGet(46)) - raft.server.retrycache.expirytime = 600000ms (custom)
2023-05-18 02:47:11,375 [1d3b30df-d5fa-48f7-8d20-f176392eff1b-groupManagement] INFO  server.RaftServerConfigKeys (ConfUtils.java:logGet(46)) - raft.server.retrycache.statistics.expirytime = 100μs (default)
2023-05-18 02:47:11,376 [1d3b30df-d5fa-48f7-8d20-f176392eff1b-groupManagement] INFO  server.RaftServerConfigKeys (ConfUtils.java:logGet(46)) - raft.server.read.option = DEFAULT (default)
2023-05-18 02:47:11,376 [1d3b30df-d5fa-48f7-8d20-f176392eff1b-groupManagement] INFO  server.RaftServerConfigKeys (ConfUtils.java:logGet(46)) - raft.server.rpc.request.timeout = 60s (custom)
2023-05-18 02:47:11,377 [1d3b30df-d5fa-48f7-8d20-f176392eff1b-groupManagement] INFO  server.RaftServerConfigKeys (ConfUtils.java:logGet(46)) - raft.server.log.appender.install.snapshot.enabled = false (custom)
2023-05-18 02:47:11,377 [1d3b30df-d5fa-48f7-8d20-f176392eff1b-groupManagement] INFO  server.RaftServerConfigKeys (ConfUtils.java:logGet(46)) - raft.server.threadpool.server.cached = true (default)
2023-05-18 02:47:11,377 [1d3b30df-d5fa-48f7-8d20-f176392eff1b-groupManagement] INFO  server.RaftServerConfigKeys (ConfUtils.java:logGet(46)) - raft.server.threadpool.server.size = 0 (default)
2023-05-18 02:47:11,377 [1d3b30df-d5fa-48f7-8d20-f176392eff1b-groupManagement] INFO  server.RaftServerConfigKeys (ConfUtils.java:logGet(46)) - raft.server.threadpool.client.cached = true (default)
2023-05-18 02:47:11,377 [1d3b30df-d5fa-48f7-8d20-f176392eff1b-groupManagement] INFO  server.RaftServerConfigKeys (ConfUtils.java:logGet(46)) - raft.server.threadpool.client.size = 0 (default)
2023-05-18 02:47:11,377 [1d3b30df-d5fa-48f7-8d20-f176392eff1b-groupManagement] INFO  storage.RaftStorageDirectory (RaftStorageDirectoryImpl.java:analyzeStorage(137)) - The storage directory /home/runner/work/ozone/ozone/hadoop-ozone/integration-test/target/test-dir/MiniOzoneClusterImpl-522acec6-bbe2-4bbe-92e7-576262f261c3/datanode-3/data/ratis/d186d2e3-f5a1-43cc-80a4-53c5ee4f2628 does not exist. Creating ...
2023-05-18 02:47:11,378 [4ccd21da-06a8-4ca3-bf16-e3c028fe0c77-groupManagement] INFO  server.RaftServerConfigKeys (ConfUtils.java:logGet(46)) - raft.server.log.unsafe-flush.enabled = false (default)
2023-05-18 02:47:11,383 [4ccd21da-06a8-4ca3-bf16-e3c028fe0c77-groupManagement] INFO  server.RaftServerConfigKeys (ConfUtils.java:logGet(46)) - raft.server.log.async-flush.enabled = false (default)
2023-05-18 02:47:11,383 [4ccd21da-06a8-4ca3-bf16-e3c028fe0c77-groupManagement] INFO  server.RaftServerConfigKeys (ConfUtils.java:logGet(46)) - raft.server.log.statemachine.data.caching.enabled = true (custom)
2023-05-18 02:47:11,383 [4ccd21da-06a8-4ca3-bf16-e3c028fe0c77-groupManagement] INFO  segmented.SegmentedRaftLogWorker (SegmentedRaftLogWorker.java:lambda$new$0(135)) - 4ccd21da-06a8-4ca3-bf16-e3c028fe0c77@group-35711E7F29BC-SegmentedRaftLogWorker: flushIndex: setUnconditionally 0 -> -1
2023-05-18 02:47:11,383 [4ccd21da-06a8-4ca3-bf16-e3c028fe0c77-groupManagement] INFO  segmented.SegmentedRaftLogWorker (SegmentedRaftLogWorker.java:lambda$new$0(135)) - 4ccd21da-06a8-4ca3-bf16-e3c028fe0c77@group-35711E7F29BC-SegmentedRaftLogWorker: safeCacheEvictIndex: setUnconditionally 0 -> -1
2023-05-18 02:47:11,383 [1d3b30df-d5fa-48f7-8d20-f176392eff1b-groupManagement] INFO  storage.RaftStorageDirectory (RaftStorageDirectoryImpl.java:tryLock(231)) - Lock on /home/runner/work/ozone/ozone/hadoop-ozone/integration-test/target/test-dir/MiniOzoneClusterImpl-522acec6-bbe2-4bbe-92e7-576262f261c3/datanode-3/data/ratis/d186d2e3-f5a1-43cc-80a4-53c5ee4f2628/in_use.lock acquired by nodename 9353@fv-az180-414
2023-05-18 02:47:11,383 [4ccd21da-06a8-4ca3-bf16-e3c028fe0c77-groupManagement] INFO  server.RaftServer$Division (RaftServerImpl.java:start(342)) - 4ccd21da-06a8-4ca3-bf16-e3c028fe0c77@group-35711E7F29BC: start as a follower, conf=-1: peers:[4ccd21da-06a8-4ca3-bf16-e3c028fe0c77|rpc:10.1.1.154:15045|admin:10.1.1.154:15044|client:10.1.1.154:15043|dataStream:10.1.1.154:15046|priority:1|startupRole:FOLLOWER]|listeners:[], old=null
2023-05-18 02:47:11,384 [4ccd21da-06a8-4ca3-bf16-e3c028fe0c77-groupManagement] INFO  server.RaftServer$Division (RaftServerImpl.java:setRole(329)) - 4ccd21da-06a8-4ca3-bf16-e3c028fe0c77@group-35711E7F29BC: changes role from      null to FOLLOWER at term 0 for startAsFollower
2023-05-18 02:47:11,384 [4ccd21da-06a8-4ca3-bf16-e3c028fe0c77-groupManagement] INFO  impl.RoleInfo (RoleInfo.java:updateAndGet(139)) - 4ccd21da-06a8-4ca3-bf16-e3c028fe0c77: start 4ccd21da-06a8-4ca3-bf16-e3c028fe0c77@group-35711E7F29BC-FollowerState
2023-05-18 02:47:11,384 [1d3b30df-d5fa-48f7-8d20-f176392eff1b-groupManagement] INFO  storage.RaftStorage (RaftStorageImpl.java:format(96)) - Storage directory /home/runner/work/ozone/ozone/hadoop-ozone/integration-test/target/test-dir/MiniOzoneClusterImpl-522acec6-bbe2-4bbe-92e7-576262f261c3/datanode-3/data/ratis/d186d2e3-f5a1-43cc-80a4-53c5ee4f2628 has been successfully formatted.
2023-05-18 02:47:11,385 [4ccd21da-06a8-4ca3-bf16-e3c028fe0c77-groupManagement] INFO  util.JmxRegister (JmxRegister.java:tryRegister(44)) - Successfully registered JMX Bean with object name Ratis:service=RaftServer,group=group-35711E7F29BC,id=4ccd21da-06a8-4ca3-bf16-e3c028fe0c77
2023-05-18 02:47:11,385 [4ccd21da-06a8-4ca3-bf16-e3c028fe0c77-groupManagement] INFO  server.RaftServerConfigKeys (ConfUtils.java:logGet(46)) - raft.server.snapshot.auto.trigger.enabled = true (custom)
2023-05-18 02:47:11,385 [4ccd21da-06a8-4ca3-bf16-e3c028fe0c77-groupManagement] INFO  server.RaftServerConfigKeys (ConfUtils.java:logGet(46)) - raft.server.snapshot.auto.trigger.threshold = 10000 (custom)
2023-05-18 02:47:11,385 [4ccd21da-06a8-4ca3-bf16-e3c028fe0c77-groupManagement] INFO  server.RaftServerConfigKeys (ConfUtils.java:logGet(46)) - raft.server.snapshot.retention.file.num = 5 (custom)
2023-05-18 02:47:11,385 [4ccd21da-06a8-4ca3-bf16-e3c028fe0c77-groupManagement] INFO  server.RaftServerConfigKeys (ConfUtils.java:logGet(46)) - raft.server.log.purge.upto.snapshot.index = false (default)
2023-05-18 02:47:11,386 [4ccd21da-06a8-4ca3-bf16-e3c028fe0c77@group-35711E7F29BC-FollowerState] INFO  server.RaftServerConfigKeys (ConfUtils.java:logFallback(53)) - raft.server.rpc.first-election.timeout.min = 5s (fallback to raft.server.rpc.timeout.min)
2023-05-18 02:47:11,386 [4ccd21da-06a8-4ca3-bf16-e3c028fe0c77@group-35711E7F29BC-FollowerState] INFO  server.RaftServerConfigKeys (ConfUtils.java:logFallback(53)) - raft.server.rpc.first-election.timeout.max = 5200ms (fallback to raft.server.rpc.timeout.max)
2023-05-18 02:47:11,389 [Command processor thread] INFO  ratis.XceiverServerRatis (XceiverServerRatis.java:addGroup(806)) - Created group PipelineID=4f1d4388-4a98-48aa-96dd-35711e7f29bc
2023-05-18 02:47:11,389 [Command processor thread] INFO  commandhandler.CreatePipelineCommandHandler (CreatePipelineCommandHandler.java:handle(113)) - Created Pipeline RATIS ONE PipelineID=4f1d4388-4a98-48aa-96dd-35711e7f29bc.
2023-05-18 02:47:11,390 [1d3b30df-d5fa-48f7-8d20-f176392eff1b-groupManagement] INFO  ratis.ContainerStateMachine (ContainerStateMachine.java:loadSnapshot(262)) - group-53C5EE4F2628: The snapshot info is null. Setting the last applied indexto:(t:0, i:~)
2023-05-18 02:47:11,390 [1d3b30df-d5fa-48f7-8d20-f176392eff1b-groupManagement] INFO  server.RaftServerConfigKeys (ConfUtils.java:logGet(46)) - raft.server.log.use.memory = false (default)
2023-05-18 02:47:11,390 [Command processor thread] INFO  server.RaftServer (RaftServerProxy.java:addNew(98)) - 4ccd21da-06a8-4ca3-bf16-e3c028fe0c77: addNew group-53C5EE4F2628:[4ccd21da-06a8-4ca3-bf16-e3c028fe0c77|rpc:10.1.1.154:15045|admin:10.1.1.154:15044|client:10.1.1.154:15043|dataStream:10.1.1.154:15046|priority:0|startupRole:FOLLOWER, dd0a355a-d343-4342-9afa-2dfa8fc9aea1|rpc:10.1.1.154:15053|admin:10.1.1.154:15052|client:10.1.1.154:15051|dataStream:10.1.1.154:15054|priority:1|startupRole:FOLLOWER, 1d3b30df-d5fa-48f7-8d20-f176392eff1b|rpc:10.1.1.154:15037|admin:10.1.1.154:15036|client:10.1.1.154:15035|dataStream:10.1.1.154:15038|priority:0|startupRole:FOLLOWER] returns group-53C5EE4F2628:java.util.concurrent.CompletableFuture@7184a483[Not completed]
2023-05-18 02:47:11,390 [1d3b30df-d5fa-48f7-8d20-f176392eff1b-groupManagement] INFO  server.RaftServerConfigKeys (ConfUtils.java:logGet(46)) - raft.server.log.purge.gap = 1000000 (custom)
2023-05-18 02:47:11,390 [1d3b30df-d5fa-48f7-8d20-f176392eff1b-groupManagement] INFO  server.RaftServerConfigKeys (ConfUtils.java:logGet(46)) - raft.server.log.appender.buffer.byte-limit = 33554432 (custom)
2023-05-18 02:47:11,390 [1d3b30df-d5fa-48f7-8d20-f176392eff1b-groupManagement] INFO  server.RaftServerConfigKeys (ConfUtils.java:logGet(46)) - raft.server.log.statemachine.data.read.timeout = 1000ms (default)
2023-05-18 02:47:11,390 [1d3b30df-d5fa-48f7-8d20-f176392eff1b-groupManagement] INFO  server.RaftServerConfigKeys (ConfUtils.java:logGet(46)) - raft.server.log.purge.preservation.log.num = 0 (default)
2023-05-18 02:47:11,390 [1d3b30df-d5fa-48f7-8d20-f176392eff1b-groupManagement] INFO  server.RaftServerConfigKeys (ConfUtils.java:logGet(46)) - raft.server.log.segment.size.max = 1048576 (custom)
2023-05-18 02:47:11,391 [1d3b30df-d5fa-48f7-8d20-f176392eff1b-groupManagement] INFO  server.RaftServerConfigKeys (ConfUtils.java:logGet(46)) - raft.server.log.segment.cache.num.max = 2 (custom)
2023-05-18 02:47:11,391 [1d3b30df-d5fa-48f7-8d20-f176392eff1b-groupManagement] INFO  server.RaftServerConfigKeys (ConfUtils.java:logGet(46)) - raft.server.log.segment.cache.size.max = 200MB (=209715200) (default)
2023-05-18 02:47:11,391 [1d3b30df-d5fa-48f7-8d20-f176392eff1b-groupManagement] INFO  server.RaftServerConfigKeys (ConfUtils.java:logGet(46)) - raft.server.log.appender.buffer.byte-limit = 33554432 (custom)
2023-05-18 02:47:11,391 [1d3b30df-d5fa-48f7-8d20-f176392eff1b-groupManagement] INFO  segmented.SegmentedRaftLogWorker (SegmentedRaftLogWorker.java:<init>(188)) - new 1d3b30df-d5fa-48f7-8d20-f176392eff1b@group-53C5EE4F2628-SegmentedRaftLogWorker for RaftStorageImpl:Storage Directory /home/runner/work/ozone/ozone/hadoop-ozone/integration-test/target/test-dir/MiniOzoneClusterImpl-522acec6-bbe2-4bbe-92e7-576262f261c3/datanode-3/data/ratis/d186d2e3-f5a1-43cc-80a4-53c5ee4f2628
2023-05-18 02:47:11,391 [1d3b30df-d5fa-48f7-8d20-f176392eff1b-groupManagement] INFO  server.RaftServerConfigKeys (ConfUtils.java:logGet(46)) - raft.server.log.queue.byte-limit = 4294967296 (custom)
2023-05-18 02:47:11,391 [1d3b30df-d5fa-48f7-8d20-f176392eff1b-groupManagement] INFO  server.RaftServerConfigKeys (ConfUtils.java:logGet(46)) - raft.server.log.queue.element-limit = 1024 (custom)
2023-05-18 02:47:11,391 [EventQueue-OpenPipelineForHealthyPipelineSafeModeRule] INFO  safemode.SCMSafeModeManager (HealthyPipelineSafeModeRule.java:process(137)) - SCM in safe mode. Healthy pipelines reported count is 0, required healthy pipeline reported count is 1
2023-05-18 02:47:11,391 [1d3b30df-d5fa-48f7-8d20-f176392eff1b-groupManagement] INFO  server.RaftServerConfigKeys (ConfUtils.java:logGet(46)) - raft.server.log.segment.size.max = 1048576 (custom)
2023-05-18 02:47:11,392 [1d3b30df-d5fa-48f7-8d20-f176392eff1b-groupManagement] INFO  server.RaftServerConfigKeys (ConfUtils.java:logGet(46)) - raft.server.log.preallocated.size = 16384 (custom)
2023-05-18 02:47:11,392 [1d3b30df-d5fa-48f7-8d20-f176392eff1b-groupManagement] INFO  server.RaftServerConfigKeys (ConfUtils.java:logGet(46)) - raft.server.log.force.sync.num = 128 (default)
2023-05-18 02:47:11,393 [1d3b30df-d5fa-48f7-8d20-f176392eff1b-groupManagement] INFO  server.RaftServerConfigKeys (ConfUtils.java:logGet(46)) - raft.server.log.statemachine.data.sync = true (default)
2023-05-18 02:47:11,393 [1d3b30df-d5fa-48f7-8d20-f176392eff1b-groupManagement] INFO  server.RaftServerConfigKeys (ConfUtils.java:logGet(46)) - raft.server.log.statemachine.data.sync.timeout = 10s (default)
2023-05-18 02:47:11,393 [1d3b30df-d5fa-48f7-8d20-f176392eff1b-groupManagement] INFO  server.RaftServerConfigKeys (ConfUtils.java:logGet(46)) - raft.server.log.statemachine.data.sync.timeout.retry = -1 (default)
2023-05-18 02:47:11,394 [1d3b30df-d5fa-48f7-8d20-f176392eff1b-groupManagement] INFO  server.RaftServerConfigKeys (ConfUtils.java:logGet(46)) - raft.server.log.write.buffer.size = 1048576 (custom)
2023-05-18 02:47:11,395 [1d3b30df-d5fa-48f7-8d20-f176392eff1b-groupManagement] INFO  server.RaftServerConfigKeys (ConfUtils.java:logGet(46)) - raft.server.log.appender.buffer.byte-limit = 33554432 (custom)
2023-05-18 02:47:11,395 [4ccd21da-06a8-4ca3-bf16-e3c028fe0c77-groupManagement] INFO  server.RaftServer$Division (RaftServerImpl.java:<init>(198)) - 4ccd21da-06a8-4ca3-bf16-e3c028fe0c77: new RaftServerImpl for group-53C5EE4F2628:[4ccd21da-06a8-4ca3-bf16-e3c028fe0c77|rpc:10.1.1.154:15045|admin:10.1.1.154:15044|client:10.1.1.154:15043|dataStream:10.1.1.154:15046|priority:0|startupRole:FOLLOWER, dd0a355a-d343-4342-9afa-2dfa8fc9aea1|rpc:10.1.1.154:15053|admin:10.1.1.154:15052|client:10.1.1.154:15051|dataStream:10.1.1.154:15054|priority:1|startupRole:FOLLOWER, 1d3b30df-d5fa-48f7-8d20-f176392eff1b|rpc:10.1.1.154:15037|admin:10.1.1.154:15036|client:10.1.1.154:15035|dataStream:10.1.1.154:15038|priority:0|startupRole:FOLLOWER] with ContainerStateMachine:uninitialized
2023-05-18 02:47:11,395 [4ccd21da-06a8-4ca3-bf16-e3c028fe0c77-groupManagement] INFO  server.RaftServerConfigKeys (ConfUtils.java:logGet(46)) - raft.server.rpc.timeout.min = 5s (custom)
2023-05-18 02:47:11,395 [4ccd21da-06a8-4ca3-bf16-e3c028fe0c77-groupManagement] INFO  server.RaftServerConfigKeys (ConfUtils.java:logGet(46)) - raft.server.rpc.timeout.max = 5200ms (custom)
2023-05-18 02:47:11,395 [4ccd21da-06a8-4ca3-bf16-e3c028fe0c77-groupManagement] INFO  server.RaftServerConfigKeys (ConfUtils.java:logGet(46)) - raft.server.rpc.sleep.time = 25ms (default)
2023-05-18 02:47:11,395 [4ccd21da-06a8-4ca3-bf16-e3c028fe0c77-groupManagement] INFO  server.RaftServerConfigKeys (ConfUtils.java:logGet(46)) - raft.server.rpc.slowness.timeout = 300s (custom)
2023-05-18 02:47:11,395 [4ccd21da-06a8-4ca3-bf16-e3c028fe0c77-groupManagement] INFO  server.RaftServerConfigKeys (ConfUtils.java:logGet(46)) - raft.server.leaderelection.leader.step-down.wait-time = 10s (default)
2023-05-18 02:47:11,395 [4ccd21da-06a8-4ca3-bf16-e3c028fe0c77-groupManagement] INFO  server.RaftServerConfigKeys (ConfUtils.java:logGet(46)) - raft.server.sleep.deviation.threshold = 300ms (default)
2023-05-18 02:47:11,395 [4ccd21da-06a8-4ca3-bf16-e3c028fe0c77-groupManagement] INFO  server.RaftServer$Division (ServerState.java:<init>(120)) - 4ccd21da-06a8-4ca3-bf16-e3c028fe0c77@group-53C5EE4F2628: ConfigurationManager, init=-1: peers:[4ccd21da-06a8-4ca3-bf16-e3c028fe0c77|rpc:10.1.1.154:15045|admin:10.1.1.154:15044|client:10.1.1.154:15043|dataStream:10.1.1.154:15046|priority:0|startupRole:FOLLOWER, dd0a355a-d343-4342-9afa-2dfa8fc9aea1|rpc:10.1.1.154:15053|admin:10.1.1.154:15052|client:10.1.1.154:15051|dataStream:10.1.1.154:15054|priority:1|startupRole:FOLLOWER, 1d3b30df-d5fa-48f7-8d20-f176392eff1b|rpc:10.1.1.154:15037|admin:10.1.1.154:15036|client:10.1.1.154:15035|dataStream:10.1.1.154:15038|priority:0|startupRole:FOLLOWER]|listeners:[], old=null, confs=<EMPTY_MAP>
2023-05-18 02:47:11,395 [4ccd21da-06a8-4ca3-bf16-e3c028fe0c77-groupManagement] INFO  server.RaftServerConfigKeys (ConfUtils.java:logGet(46)) - raft.server.storage.dir = [/home/runner/work/ozone/ozone/hadoop-ozone/integration-test/target/test-dir/MiniOzoneClusterImpl-522acec6-bbe2-4bbe-92e7-576262f261c3/datanode-4/data/ratis] (custom)
2023-05-18 02:47:11,396 [4ccd21da-06a8-4ca3-bf16-e3c028fe0c77-groupManagement] INFO  server.RaftServerConfigKeys (ConfUtils.java:logGet(46)) - raft.server.log.corruption.policy = EXCEPTION (default)
2023-05-18 02:47:11,396 [4ccd21da-06a8-4ca3-bf16-e3c028fe0c77-groupManagement] INFO  server.RaftServerConfigKeys (ConfUtils.java:logGet(46)) - raft.server.storage.free-space.min = 0MB (=0) (default)
2023-05-18 02:47:11,396 [4ccd21da-06a8-4ca3-bf16-e3c028fe0c77-groupManagement] INFO  server.RaftServerConfigKeys (ConfUtils.java:logGet(46)) - raft.server.notification.no-leader.timeout = 300s (custom)
2023-05-18 02:47:11,396 [4ccd21da-06a8-4ca3-bf16-e3c028fe0c77-groupManagement] INFO  server.RaftServerConfigKeys (ConfUtils.java:logGet(46)) - raft.server.read.timeout = 10s (default)
2023-05-18 02:47:11,396 [4ccd21da-06a8-4ca3-bf16-e3c028fe0c77-groupManagement] INFO  server.RaftServerConfigKeys (ConfUtils.java:logGet(46)) - raft.server.retrycache.expirytime = 600000ms (custom)
2023-05-18 02:47:11,396 [4ccd21da-06a8-4ca3-bf16-e3c028fe0c77-groupManagement] INFO  server.RaftServerConfigKeys (ConfUtils.java:logGet(46)) - raft.server.retrycache.statistics.expirytime = 100μs (default)
2023-05-18 02:47:11,396 [4ccd21da-06a8-4ca3-bf16-e3c028fe0c77-groupManagement] INFO  server.RaftServerConfigKeys (ConfUtils.java:logGet(46)) - raft.server.read.option = DEFAULT (default)
2023-05-18 02:47:11,400 [1d3b30df-d5fa-48f7-8d20-f176392eff1b-groupManagement] INFO  server.RaftServerConfigKeys (ConfUtils.java:logGet(46)) - raft.server.log.unsafe-flush.enabled = false (default)
2023-05-18 02:47:11,403 [4ccd21da-06a8-4ca3-bf16-e3c028fe0c77-groupManagement] INFO  server.RaftServerConfigKeys (ConfUtils.java:logGet(46)) - raft.server.rpc.request.timeout = 60s (custom)
2023-05-18 02:47:11,403 [1d3b30df-d5fa-48f7-8d20-f176392eff1b-groupManagement] INFO  server.RaftServerConfigKeys (ConfUtils.java:logGet(46)) - raft.server.log.async-flush.enabled = false (default)
2023-05-18 02:47:11,403 [1d3b30df-d5fa-48f7-8d20-f176392eff1b-groupManagement] INFO  server.RaftServerConfigKeys (ConfUtils.java:logGet(46)) - raft.server.log.statemachine.data.caching.enabled = true (custom)
2023-05-18 02:47:11,403 [1d3b30df-d5fa-48f7-8d20-f176392eff1b-groupManagement] INFO  segmented.SegmentedRaftLogWorker (SegmentedRaftLogWorker.java:lambda$new$0(135)) - 1d3b30df-d5fa-48f7-8d20-f176392eff1b@group-53C5EE4F2628-SegmentedRaftLogWorker: flushIndex: setUnconditionally 0 -> -1
2023-05-18 02:47:11,403 [1d3b30df-d5fa-48f7-8d20-f176392eff1b-groupManagement] INFO  segmented.SegmentedRaftLogWorker (SegmentedRaftLogWorker.java:lambda$new$0(135)) - 1d3b30df-d5fa-48f7-8d20-f176392eff1b@group-53C5EE4F2628-SegmentedRaftLogWorker: safeCacheEvictIndex: setUnconditionally 0 -> -1
2023-05-18 02:47:11,403 [1d3b30df-d5fa-48f7-8d20-f176392eff1b-groupManagement] INFO  server.RaftServer$Division (RaftServerImpl.java:start(342)) - 1d3b30df-d5fa-48f7-8d20-f176392eff1b@group-53C5EE4F2628: start as a follower, conf=-1: peers:[4ccd21da-06a8-4ca3-bf16-e3c028fe0c77|rpc:10.1.1.154:15045|admin:10.1.1.154:15044|client:10.1.1.154:15043|dataStream:10.1.1.154:15046|priority:0|startupRole:FOLLOWER, dd0a355a-d343-4342-9afa-2dfa8fc9aea1|rpc:10.1.1.154:15053|admin:10.1.1.154:15052|client:10.1.1.154:15051|dataStream:10.1.1.154:15054|priority:1|startupRole:FOLLOWER, 1d3b30df-d5fa-48f7-8d20-f176392eff1b|rpc:10.1.1.154:15037|admin:10.1.1.154:15036|client:10.1.1.154:15035|dataStream:10.1.1.154:15038|priority:0|startupRole:FOLLOWER]|listeners:[], old=null
2023-05-18 02:47:11,404 [1d3b30df-d5fa-48f7-8d20-f176392eff1b-groupManagement] INFO  server.RaftServer$Division (RaftServerImpl.java:setRole(329)) - 1d3b30df-d5fa-48f7-8d20-f176392eff1b@group-53C5EE4F2628: changes role from      null to FOLLOWER at term 0 for startAsFollower
2023-05-18 02:47:11,404 [1d3b30df-d5fa-48f7-8d20-f176392eff1b-groupManagement] INFO  impl.RoleInfo (RoleInfo.java:updateAndGet(139)) - 1d3b30df-d5fa-48f7-8d20-f176392eff1b: start 1d3b30df-d5fa-48f7-8d20-f176392eff1b@group-53C5EE4F2628-FollowerState
2023-05-18 02:47:11,403 [4ccd21da-06a8-4ca3-bf16-e3c028fe0c77-groupManagement] INFO  server.RaftServerConfigKeys (ConfUtils.java:logGet(46)) - raft.server.log.appender.install.snapshot.enabled = false (custom)
2023-05-18 02:47:11,404 [4ccd21da-06a8-4ca3-bf16-e3c028fe0c77-groupManagement] INFO  server.RaftServerConfigKeys (ConfUtils.java:logGet(46)) - raft.server.threadpool.server.cached = true (default)
2023-05-18 02:47:11,404 [4ccd21da-06a8-4ca3-bf16-e3c028fe0c77-groupManagement] INFO  server.RaftServerConfigKeys (ConfUtils.java:logGet(46)) - raft.server.threadpool.server.size = 0 (default)
2023-05-18 02:47:11,404 [4ccd21da-06a8-4ca3-bf16-e3c028fe0c77-groupManagement] INFO  server.RaftServerConfigKeys (ConfUtils.java:logGet(46)) - raft.server.threadpool.client.cached = true (default)
2023-05-18 02:47:11,404 [4ccd21da-06a8-4ca3-bf16-e3c028fe0c77-groupManagement] INFO  server.RaftServerConfigKeys (ConfUtils.java:logGet(46)) - raft.server.threadpool.client.size = 0 (default)
2023-05-18 02:47:11,404 [4ccd21da-06a8-4ca3-bf16-e3c028fe0c77-groupManagement] INFO  storage.RaftStorageDirectory (RaftStorageDirectoryImpl.java:analyzeStorage(137)) - The storage directory /home/runner/work/ozone/ozone/hadoop-ozone/integration-test/target/test-dir/MiniOzoneClusterImpl-522acec6-bbe2-4bbe-92e7-576262f261c3/datanode-4/data/ratis/d186d2e3-f5a1-43cc-80a4-53c5ee4f2628 does not exist. Creating ...
2023-05-18 02:47:11,406 [4ccd21da-06a8-4ca3-bf16-e3c028fe0c77-groupManagement] INFO  storage.RaftStorageDirectory (RaftStorageDirectoryImpl.java:tryLock(231)) - Lock on /home/runner/work/ozone/ozone/hadoop-ozone/integration-test/target/test-dir/MiniOzoneClusterImpl-522acec6-bbe2-4bbe-92e7-576262f261c3/datanode-4/data/ratis/d186d2e3-f5a1-43cc-80a4-53c5ee4f2628/in_use.lock acquired by nodename 9353@fv-az180-414
2023-05-18 02:47:11,406 [1d3b30df-d5fa-48f7-8d20-f176392eff1b-groupManagement] INFO  util.JmxRegister (JmxRegister.java:tryRegister(44)) - Successfully registered JMX Bean with object name Ratis:service=RaftServer,group=group-53C5EE4F2628,id=1d3b30df-d5fa-48f7-8d20-f176392eff1b
2023-05-18 02:47:11,407 [1d3b30df-d5fa-48f7-8d20-f176392eff1b-groupManagement] INFO  server.RaftServerConfigKeys (ConfUtils.java:logGet(46)) - raft.server.snapshot.auto.trigger.enabled = true (custom)
2023-05-18 02:47:11,407 [1d3b30df-d5fa-48f7-8d20-f176392eff1b-groupManagement] INFO  server.RaftServerConfigKeys (ConfUtils.java:logGet(46)) - raft.server.snapshot.auto.trigger.threshold = 10000 (custom)
2023-05-18 02:47:11,407 [1d3b30df-d5fa-48f7-8d20-f176392eff1b-groupManagement] INFO  server.RaftServerConfigKeys (ConfUtils.java:logGet(46)) - raft.server.snapshot.retention.file.num = 5 (custom)
2023-05-18 02:47:11,407 [1d3b30df-d5fa-48f7-8d20-f176392eff1b-groupManagement] INFO  server.RaftServerConfigKeys (ConfUtils.java:logGet(46)) - raft.server.log.purge.upto.snapshot.index = false (default)
2023-05-18 02:47:11,407 [1d3b30df-d5fa-48f7-8d20-f176392eff1b@group-53C5EE4F2628-FollowerState] INFO  server.RaftServerConfigKeys (ConfUtils.java:logFallback(53)) - raft.server.rpc.first-election.timeout.min = 5s (fallback to raft.server.rpc.timeout.min)
2023-05-18 02:47:11,407 [1d3b30df-d5fa-48f7-8d20-f176392eff1b@group-53C5EE4F2628-FollowerState] INFO  server.RaftServerConfigKeys (ConfUtils.java:logFallback(53)) - raft.server.rpc.first-election.timeout.max = 5200ms (fallback to raft.server.rpc.timeout.max)
2023-05-18 02:47:11,408 [4ccd21da-06a8-4ca3-bf16-e3c028fe0c77-groupManagement] INFO  storage.RaftStorage (RaftStorageImpl.java:format(96)) - Storage directory /home/runner/work/ozone/ozone/hadoop-ozone/integration-test/target/test-dir/MiniOzoneClusterImpl-522acec6-bbe2-4bbe-92e7-576262f261c3/datanode-4/data/ratis/d186d2e3-f5a1-43cc-80a4-53c5ee4f2628 has been successfully formatted.
2023-05-18 02:47:11,409 [Command processor thread] INFO  ratis.XceiverServerRatis (XceiverServerRatis.java:addGroup(806)) - Created group PipelineID=d186d2e3-f5a1-43cc-80a4-53c5ee4f2628
2023-05-18 02:47:11,410 [4ccd21da-06a8-4ca3-bf16-e3c028fe0c77-groupManagement] INFO  ratis.ContainerStateMachine (ContainerStateMachine.java:loadSnapshot(262)) - group-53C5EE4F2628: The snapshot info is null. Setting the last applied indexto:(t:0, i:~)
2023-05-18 02:47:11,410 [4ccd21da-06a8-4ca3-bf16-e3c028fe0c77-groupManagement] INFO  server.RaftServerConfigKeys (ConfUtils.java:logGet(46)) - raft.server.log.use.memory = false (default)
2023-05-18 02:47:11,411 [4ccd21da-06a8-4ca3-bf16-e3c028fe0c77-groupManagement] INFO  server.RaftServerConfigKeys (ConfUtils.java:logGet(46)) - raft.server.log.purge.gap = 1000000 (custom)
2023-05-18 02:47:11,411 [4ccd21da-06a8-4ca3-bf16-e3c028fe0c77-groupManagement] INFO  server.RaftServerConfigKeys (ConfUtils.java:logGet(46)) - raft.server.log.appender.buffer.byte-limit = 33554432 (custom)
2023-05-18 02:47:11,411 [4ccd21da-06a8-4ca3-bf16-e3c028fe0c77-groupManagement] INFO  server.RaftServerConfigKeys (ConfUtils.java:logGet(46)) - raft.server.log.statemachine.data.read.timeout = 1000ms (default)
2023-05-18 02:47:11,411 [4ccd21da-06a8-4ca3-bf16-e3c028fe0c77-groupManagement] INFO  server.RaftServerConfigKeys (ConfUtils.java:logGet(46)) - raft.server.log.purge.preservation.log.num = 0 (default)
2023-05-18 02:47:11,411 [4ccd21da-06a8-4ca3-bf16-e3c028fe0c77-groupManagement] INFO  server.RaftServerConfigKeys (ConfUtils.java:logGet(46)) - raft.server.log.segment.size.max = 1048576 (custom)
2023-05-18 02:47:11,411 [4ccd21da-06a8-4ca3-bf16-e3c028fe0c77-groupManagement] INFO  server.RaftServerConfigKeys (ConfUtils.java:logGet(46)) - raft.server.log.segment.cache.num.max = 2 (custom)
2023-05-18 02:47:11,411 [4ccd21da-06a8-4ca3-bf16-e3c028fe0c77-groupManagement] INFO  server.RaftServerConfigKeys (ConfUtils.java:logGet(46)) - raft.server.log.segment.cache.size.max = 200MB (=209715200) (default)
2023-05-18 02:47:11,412 [4ccd21da-06a8-4ca3-bf16-e3c028fe0c77-groupManagement] INFO  server.RaftServerConfigKeys (ConfUtils.java:logGet(46)) - raft.server.log.appender.buffer.byte-limit = 33554432 (custom)
2023-05-18 02:47:11,413 [4ccd21da-06a8-4ca3-bf16-e3c028fe0c77-groupManagement] INFO  segmented.SegmentedRaftLogWorker (SegmentedRaftLogWorker.java:<init>(188)) - new 4ccd21da-06a8-4ca3-bf16-e3c028fe0c77@group-53C5EE4F2628-SegmentedRaftLogWorker for RaftStorageImpl:Storage Directory /home/runner/work/ozone/ozone/hadoop-ozone/integration-test/target/test-dir/MiniOzoneClusterImpl-522acec6-bbe2-4bbe-92e7-576262f261c3/datanode-4/data/ratis/d186d2e3-f5a1-43cc-80a4-53c5ee4f2628
2023-05-18 02:47:11,413 [4ccd21da-06a8-4ca3-bf16-e3c028fe0c77-groupManagement] INFO  server.RaftServerConfigKeys (ConfUtils.java:logGet(46)) - raft.server.log.queue.byte-limit = 4294967296 (custom)
2023-05-18 02:47:11,413 [4ccd21da-06a8-4ca3-bf16-e3c028fe0c77-groupManagement] INFO  server.RaftServerConfigKeys (ConfUtils.java:logGet(46)) - raft.server.log.queue.element-limit = 1024 (custom)
2023-05-18 02:47:11,413 [4ccd21da-06a8-4ca3-bf16-e3c028fe0c77-groupManagement] INFO  server.RaftServerConfigKeys (ConfUtils.java:logGet(46)) - raft.server.log.segment.size.max = 1048576 (custom)
2023-05-18 02:47:11,413 [4ccd21da-06a8-4ca3-bf16-e3c028fe0c77-groupManagement] INFO  server.RaftServerConfigKeys (ConfUtils.java:logGet(46)) - raft.server.log.preallocated.size = 16384 (custom)
2023-05-18 02:47:11,413 [4ccd21da-06a8-4ca3-bf16-e3c028fe0c77-groupManagement] INFO  server.RaftServerConfigKeys (ConfUtils.java:logGet(46)) - raft.server.log.force.sync.num = 128 (default)
2023-05-18 02:47:11,413 [4ccd21da-06a8-4ca3-bf16-e3c028fe0c77-groupManagement] INFO  server.RaftServerConfigKeys (ConfUtils.java:logGet(46)) - raft.server.log.statemachine.data.sync = true (default)
2023-05-18 02:47:11,413 [4ccd21da-06a8-4ca3-bf16-e3c028fe0c77-groupManagement] INFO  server.RaftServerConfigKeys (ConfUtils.java:logGet(46)) - raft.server.log.statemachine.data.sync.timeout = 10s (default)
2023-05-18 02:47:11,413 [4ccd21da-06a8-4ca3-bf16-e3c028fe0c77-groupManagement] INFO  server.RaftServerConfigKeys (ConfUtils.java:logGet(46)) - raft.server.log.statemachine.data.sync.timeout.retry = -1 (default)
2023-05-18 02:47:11,414 [EventQueue-OpenPipelineForHealthyPipelineSafeModeRule] INFO  safemode.SCMSafeModeManager (HealthyPipelineSafeModeRule.java:process(137)) - SCM in safe mode. Healthy pipelines reported count is 0, required healthy pipeline reported count is 1
2023-05-18 02:47:11,415 [4ccd21da-06a8-4ca3-bf16-e3c028fe0c77-groupManagement] INFO  server.RaftServerConfigKeys (ConfUtils.java:logGet(46)) - raft.server.log.write.buffer.size = 1048576 (custom)
2023-05-18 02:47:11,427 [4ccd21da-06a8-4ca3-bf16-e3c028fe0c77-groupManagement] INFO  server.RaftServerConfigKeys (ConfUtils.java:logGet(46)) - raft.server.log.appender.buffer.byte-limit = 33554432 (custom)
2023-05-18 02:47:11,433 [4ccd21da-06a8-4ca3-bf16-e3c028fe0c77-groupManagement] INFO  server.RaftServerConfigKeys (ConfUtils.java:logGet(46)) - raft.server.log.unsafe-flush.enabled = false (default)
2023-05-18 02:47:11,434 [4ccd21da-06a8-4ca3-bf16-e3c028fe0c77-groupManagement] INFO  server.RaftServerConfigKeys (ConfUtils.java:logGet(46)) - raft.server.log.async-flush.enabled = false (default)
2023-05-18 02:47:11,434 [4ccd21da-06a8-4ca3-bf16-e3c028fe0c77-groupManagement] INFO  server.RaftServerConfigKeys (ConfUtils.java:logGet(46)) - raft.server.log.statemachine.data.caching.enabled = true (custom)
2023-05-18 02:47:11,435 [4ccd21da-06a8-4ca3-bf16-e3c028fe0c77-groupManagement] INFO  segmented.SegmentedRaftLogWorker (SegmentedRaftLogWorker.java:lambda$new$0(135)) - 4ccd21da-06a8-4ca3-bf16-e3c028fe0c77@group-53C5EE4F2628-SegmentedRaftLogWorker: flushIndex: setUnconditionally 0 -> -1
2023-05-18 02:47:11,435 [4ccd21da-06a8-4ca3-bf16-e3c028fe0c77-groupManagement] INFO  segmented.SegmentedRaftLogWorker (SegmentedRaftLogWorker.java:lambda$new$0(135)) - 4ccd21da-06a8-4ca3-bf16-e3c028fe0c77@group-53C5EE4F2628-SegmentedRaftLogWorker: safeCacheEvictIndex: setUnconditionally 0 -> -1
2023-05-18 02:47:11,435 [4ccd21da-06a8-4ca3-bf16-e3c028fe0c77-groupManagement] INFO  server.RaftServer$Division (RaftServerImpl.java:start(342)) - 4ccd21da-06a8-4ca3-bf16-e3c028fe0c77@group-53C5EE4F2628: start as a follower, conf=-1: peers:[4ccd21da-06a8-4ca3-bf16-e3c028fe0c77|rpc:10.1.1.154:15045|admin:10.1.1.154:15044|client:10.1.1.154:15043|dataStream:10.1.1.154:15046|priority:0|startupRole:FOLLOWER, dd0a355a-d343-4342-9afa-2dfa8fc9aea1|rpc:10.1.1.154:15053|admin:10.1.1.154:15052|client:10.1.1.154:15051|dataStream:10.1.1.154:15054|priority:1|startupRole:FOLLOWER, 1d3b30df-d5fa-48f7-8d20-f176392eff1b|rpc:10.1.1.154:15037|admin:10.1.1.154:15036|client:10.1.1.154:15035|dataStream:10.1.1.154:15038|priority:0|startupRole:FOLLOWER]|listeners:[], old=null
2023-05-18 02:47:11,435 [4ccd21da-06a8-4ca3-bf16-e3c028fe0c77-groupManagement] INFO  server.RaftServer$Division (RaftServerImpl.java:setRole(329)) - 4ccd21da-06a8-4ca3-bf16-e3c028fe0c77@group-53C5EE4F2628: changes role from      null to FOLLOWER at term 0 for startAsFollower
2023-05-18 02:47:11,435 [4ccd21da-06a8-4ca3-bf16-e3c028fe0c77-groupManagement] INFO  impl.RoleInfo (RoleInfo.java:updateAndGet(139)) - 4ccd21da-06a8-4ca3-bf16-e3c028fe0c77: start 4ccd21da-06a8-4ca3-bf16-e3c028fe0c77@group-53C5EE4F2628-FollowerState
2023-05-18 02:47:11,437 [4ccd21da-06a8-4ca3-bf16-e3c028fe0c77-groupManagement] INFO  util.JmxRegister (JmxRegister.java:tryRegister(44)) - Successfully registered JMX Bean with object name Ratis:service=RaftServer,group=group-53C5EE4F2628,id=4ccd21da-06a8-4ca3-bf16-e3c028fe0c77
2023-05-18 02:47:11,437 [4ccd21da-06a8-4ca3-bf16-e3c028fe0c77-groupManagement] INFO  server.RaftServerConfigKeys (ConfUtils.java:logGet(46)) - raft.server.snapshot.auto.trigger.enabled = true (custom)
2023-05-18 02:47:11,437 [4ccd21da-06a8-4ca3-bf16-e3c028fe0c77-groupManagement] INFO  server.RaftServerConfigKeys (ConfUtils.java:logGet(46)) - raft.server.snapshot.auto.trigger.threshold = 10000 (custom)
2023-05-18 02:47:11,437 [4ccd21da-06a8-4ca3-bf16-e3c028fe0c77-groupManagement] INFO  server.RaftServerConfigKeys (ConfUtils.java:logGet(46)) - raft.server.snapshot.retention.file.num = 5 (custom)
2023-05-18 02:47:11,437 [4ccd21da-06a8-4ca3-bf16-e3c028fe0c77-groupManagement] INFO  server.RaftServerConfigKeys (ConfUtils.java:logGet(46)) - raft.server.log.purge.upto.snapshot.index = false (default)
2023-05-18 02:47:11,442 [Command processor thread] INFO  ratis.XceiverServerRatis (XceiverServerRatis.java:addGroup(806)) - Created group PipelineID=d186d2e3-f5a1-43cc-80a4-53c5ee4f2628
2023-05-18 02:47:11,444 [BlockDeletingService#3] INFO  interfaces.ContainerDeletionChoosingPolicyTemplate (ContainerDeletionChoosingPolicyTemplate.java:chooseContainerForBlockDeletion(83)) - Chosen 0/5000 blocks from 0 candidate containers.
2023-05-18 02:47:11,445 [4ccd21da-06a8-4ca3-bf16-e3c028fe0c77@group-53C5EE4F2628-FollowerState] INFO  server.RaftServerConfigKeys (ConfUtils.java:logFallback(53)) - raft.server.rpc.first-election.timeout.min = 5s (fallback to raft.server.rpc.timeout.min)
2023-05-18 02:47:11,445 [4ccd21da-06a8-4ca3-bf16-e3c028fe0c77@group-53C5EE4F2628-FollowerState] INFO  server.RaftServerConfigKeys (ConfUtils.java:logFallback(53)) - raft.server.rpc.first-election.timeout.max = 5200ms (fallback to raft.server.rpc.timeout.max)
2023-05-18 02:47:11,466 [grpc-default-executor-0] INFO  server.RaftServer (RaftServerProxy.java:addNew(98)) - dd0a355a-d343-4342-9afa-2dfa8fc9aea1: addNew group-53C5EE4F2628:[4ccd21da-06a8-4ca3-bf16-e3c028fe0c77|rpc:10.1.1.154:15045|admin:10.1.1.154:15044|client:10.1.1.154:15043|dataStream:10.1.1.154:15046|priority:0|startupRole:FOLLOWER, dd0a355a-d343-4342-9afa-2dfa8fc9aea1|rpc:10.1.1.154:15053|admin:10.1.1.154:15052|client:10.1.1.154:15051|dataStream:10.1.1.154:15054|priority:1|startupRole:FOLLOWER, 1d3b30df-d5fa-48f7-8d20-f176392eff1b|rpc:10.1.1.154:15037|admin:10.1.1.154:15036|client:10.1.1.154:15035|dataStream:10.1.1.154:15038|priority:0|startupRole:FOLLOWER] returns group-53C5EE4F2628:java.util.concurrent.CompletableFuture@837ac7a[Not completed]
2023-05-18 02:47:11,467 [dd0a355a-d343-4342-9afa-2dfa8fc9aea1-groupManagement] INFO  server.RaftServer$Division (RaftServerImpl.java:<init>(198)) - dd0a355a-d343-4342-9afa-2dfa8fc9aea1: new RaftServerImpl for group-53C5EE4F2628:[4ccd21da-06a8-4ca3-bf16-e3c028fe0c77|rpc:10.1.1.154:15045|admin:10.1.1.154:15044|client:10.1.1.154:15043|dataStream:10.1.1.154:15046|priority:0|startupRole:FOLLOWER, dd0a355a-d343-4342-9afa-2dfa8fc9aea1|rpc:10.1.1.154:15053|admin:10.1.1.154:15052|client:10.1.1.154:15051|dataStream:10.1.1.154:15054|priority:1|startupRole:FOLLOWER, 1d3b30df-d5fa-48f7-8d20-f176392eff1b|rpc:10.1.1.154:15037|admin:10.1.1.154:15036|client:10.1.1.154:15035|dataStream:10.1.1.154:15038|priority:0|startupRole:FOLLOWER] with ContainerStateMachine:uninitialized
2023-05-18 02:47:11,467 [dd0a355a-d343-4342-9afa-2dfa8fc9aea1-groupManagement] INFO  server.RaftServerConfigKeys (ConfUtils.java:logGet(46)) - raft.server.rpc.timeout.min = 5s (custom)
2023-05-18 02:47:11,467 [dd0a355a-d343-4342-9afa-2dfa8fc9aea1-groupManagement] INFO  server.RaftServerConfigKeys (ConfUtils.java:logGet(46)) - raft.server.rpc.timeout.max = 5200ms (custom)
2023-05-18 02:47:11,467 [dd0a355a-d343-4342-9afa-2dfa8fc9aea1-groupManagement] INFO  server.RaftServerConfigKeys (ConfUtils.java:logGet(46)) - raft.server.rpc.sleep.time = 25ms (default)
2023-05-18 02:47:11,467 [dd0a355a-d343-4342-9afa-2dfa8fc9aea1-groupManagement] INFO  server.RaftServerConfigKeys (ConfUtils.java:logGet(46)) - raft.server.rpc.slowness.timeout = 300s (custom)
2023-05-18 02:47:11,467 [dd0a355a-d343-4342-9afa-2dfa8fc9aea1-groupManagement] INFO  server.RaftServerConfigKeys (ConfUtils.java:logGet(46)) - raft.server.leaderelection.leader.step-down.wait-time = 10s (default)
2023-05-18 02:47:11,467 [dd0a355a-d343-4342-9afa-2dfa8fc9aea1-groupManagement] INFO  server.RaftServerConfigKeys (ConfUtils.java:logGet(46)) - raft.server.sleep.deviation.threshold = 300ms (default)
2023-05-18 02:47:11,468 [dd0a355a-d343-4342-9afa-2dfa8fc9aea1-groupManagement] INFO  server.RaftServer$Division (ServerState.java:<init>(120)) - dd0a355a-d343-4342-9afa-2dfa8fc9aea1@group-53C5EE4F2628: ConfigurationManager, init=-1: peers:[4ccd21da-06a8-4ca3-bf16-e3c028fe0c77|rpc:10.1.1.154:15045|admin:10.1.1.154:15044|client:10.1.1.154:15043|dataStream:10.1.1.154:15046|priority:0|startupRole:FOLLOWER, dd0a355a-d343-4342-9afa-2dfa8fc9aea1|rpc:10.1.1.154:15053|admin:10.1.1.154:15052|client:10.1.1.154:15051|dataStream:10.1.1.154:15054|priority:1|startupRole:FOLLOWER, 1d3b30df-d5fa-48f7-8d20-f176392eff1b|rpc:10.1.1.154:15037|admin:10.1.1.154:15036|client:10.1.1.154:15035|dataStream:10.1.1.154:15038|priority:0|startupRole:FOLLOWER]|listeners:[], old=null, confs=<EMPTY_MAP>
2023-05-18 02:47:11,468 [dd0a355a-d343-4342-9afa-2dfa8fc9aea1-groupManagement] INFO  server.RaftServerConfigKeys (ConfUtils.java:logGet(46)) - raft.server.storage.dir = [/home/runner/work/ozone/ozone/hadoop-ozone/integration-test/target/test-dir/MiniOzoneClusterImpl-522acec6-bbe2-4bbe-92e7-576262f261c3/datanode-5/data/ratis] (custom)
2023-05-18 02:47:11,468 [dd0a355a-d343-4342-9afa-2dfa8fc9aea1-groupManagement] INFO  server.RaftServerConfigKeys (ConfUtils.java:logGet(46)) - raft.server.log.corruption.policy = EXCEPTION (default)
2023-05-18 02:47:11,468 [dd0a355a-d343-4342-9afa-2dfa8fc9aea1-groupManagement] INFO  server.RaftServerConfigKeys (ConfUtils.java:logGet(46)) - raft.server.storage.free-space.min = 0MB (=0) (default)
2023-05-18 02:47:11,468 [dd0a355a-d343-4342-9afa-2dfa8fc9aea1-groupManagement] INFO  server.RaftServerConfigKeys (ConfUtils.java:logGet(46)) - raft.server.notification.no-leader.timeout = 300s (custom)
2023-05-18 02:47:11,468 [dd0a355a-d343-4342-9afa-2dfa8fc9aea1-groupManagement] INFO  server.RaftServerConfigKeys (ConfUtils.java:logGet(46)) - raft.server.read.timeout = 10s (default)
2023-05-18 02:47:11,468 [dd0a355a-d343-4342-9afa-2dfa8fc9aea1-groupManagement] INFO  server.RaftServerConfigKeys (ConfUtils.java:logGet(46)) - raft.server.retrycache.expirytime = 600000ms (custom)
2023-05-18 02:47:11,468 [dd0a355a-d343-4342-9afa-2dfa8fc9aea1-groupManagement] INFO  server.RaftServerConfigKeys (ConfUtils.java:logGet(46)) - raft.server.retrycache.statistics.expirytime = 100μs (default)
2023-05-18 02:47:11,468 [dd0a355a-d343-4342-9afa-2dfa8fc9aea1-groupManagement] INFO  server.RaftServerConfigKeys (ConfUtils.java:logGet(46)) - raft.server.read.option = DEFAULT (default)
2023-05-18 02:47:11,469 [dd0a355a-d343-4342-9afa-2dfa8fc9aea1-groupManagement] INFO  server.RaftServerConfigKeys (ConfUtils.java:logGet(46)) - raft.server.rpc.request.timeout = 60s (custom)
2023-05-18 02:47:11,469 [dd0a355a-d343-4342-9afa-2dfa8fc9aea1-groupManagement] INFO  server.RaftServerConfigKeys (ConfUtils.java:logGet(46)) - raft.server.log.appender.install.snapshot.enabled = false (custom)
2023-05-18 02:47:11,469 [dd0a355a-d343-4342-9afa-2dfa8fc9aea1-groupManagement] INFO  server.RaftServerConfigKeys (ConfUtils.java:logGet(46)) - raft.server.threadpool.server.cached = true (default)
2023-05-18 02:47:11,469 [dd0a355a-d343-4342-9afa-2dfa8fc9aea1-groupManagement] INFO  server.RaftServerConfigKeys (ConfUtils.java:logGet(46)) - raft.server.threadpool.server.size = 0 (default)
2023-05-18 02:47:11,469 [dd0a355a-d343-4342-9afa-2dfa8fc9aea1-groupManagement] INFO  server.RaftServerConfigKeys (ConfUtils.java:logGet(46)) - raft.server.threadpool.client.cached = true (default)
2023-05-18 02:47:11,469 [dd0a355a-d343-4342-9afa-2dfa8fc9aea1-groupManagement] INFO  server.RaftServerConfigKeys (ConfUtils.java:logGet(46)) - raft.server.threadpool.client.size = 0 (default)
2023-05-18 02:47:11,475 [dd0a355a-d343-4342-9afa-2dfa8fc9aea1-groupManagement] INFO  storage.RaftStorageDirectory (RaftStorageDirectoryImpl.java:analyzeStorage(137)) - The storage directory /home/runner/work/ozone/ozone/hadoop-ozone/integration-test/target/test-dir/MiniOzoneClusterImpl-522acec6-bbe2-4bbe-92e7-576262f261c3/datanode-5/data/ratis/d186d2e3-f5a1-43cc-80a4-53c5ee4f2628 does not exist. Creating ...
2023-05-18 02:47:11,476 [dd0a355a-d343-4342-9afa-2dfa8fc9aea1-groupManagement] INFO  storage.RaftStorageDirectory (RaftStorageDirectoryImpl.java:tryLock(231)) - Lock on /home/runner/work/ozone/ozone/hadoop-ozone/integration-test/target/test-dir/MiniOzoneClusterImpl-522acec6-bbe2-4bbe-92e7-576262f261c3/datanode-5/data/ratis/d186d2e3-f5a1-43cc-80a4-53c5ee4f2628/in_use.lock acquired by nodename 9353@fv-az180-414
2023-05-18 02:47:11,478 [dd0a355a-d343-4342-9afa-2dfa8fc9aea1-groupManagement] INFO  storage.RaftStorage (RaftStorageImpl.java:format(96)) - Storage directory /home/runner/work/ozone/ozone/hadoop-ozone/integration-test/target/test-dir/MiniOzoneClusterImpl-522acec6-bbe2-4bbe-92e7-576262f261c3/datanode-5/data/ratis/d186d2e3-f5a1-43cc-80a4-53c5ee4f2628 has been successfully formatted.
2023-05-18 02:47:11,479 [dd0a355a-d343-4342-9afa-2dfa8fc9aea1-groupManagement] INFO  ratis.ContainerStateMachine (ContainerStateMachine.java:loadSnapshot(262)) - group-53C5EE4F2628: The snapshot info is null. Setting the last applied indexto:(t:0, i:~)
2023-05-18 02:47:11,479 [dd0a355a-d343-4342-9afa-2dfa8fc9aea1-groupManagement] INFO  server.RaftServerConfigKeys (ConfUtils.java:logGet(46)) - raft.server.log.use.memory = false (default)
2023-05-18 02:47:11,479 [dd0a355a-d343-4342-9afa-2dfa8fc9aea1-groupManagement] INFO  server.RaftServerConfigKeys (ConfUtils.java:logGet(46)) - raft.server.log.purge.gap = 1000000 (custom)
2023-05-18 02:47:11,479 [dd0a355a-d343-4342-9afa-2dfa8fc9aea1-groupManagement] INFO  server.RaftServerConfigKeys (ConfUtils.java:logGet(46)) - raft.server.log.appender.buffer.byte-limit = 33554432 (custom)
2023-05-18 02:47:11,479 [dd0a355a-d343-4342-9afa-2dfa8fc9aea1-groupManagement] INFO  server.RaftServerConfigKeys (ConfUtils.java:logGet(46)) - raft.server.log.statemachine.data.read.timeout = 1000ms (default)
2023-05-18 02:47:11,479 [dd0a355a-d343-4342-9afa-2dfa8fc9aea1-groupManagement] INFO  server.RaftServerConfigKeys (ConfUtils.java:logGet(46)) - raft.server.log.purge.preservation.log.num = 0 (default)
2023-05-18 02:47:11,480 [dd0a355a-d343-4342-9afa-2dfa8fc9aea1-groupManagement] INFO  server.RaftServerConfigKeys (ConfUtils.java:logGet(46)) - raft.server.log.segment.size.max = 1048576 (custom)
2023-05-18 02:47:11,480 [dd0a355a-d343-4342-9afa-2dfa8fc9aea1-groupManagement] INFO  server.RaftServerConfigKeys (ConfUtils.java:logGet(46)) - raft.server.log.segment.cache.num.max = 2 (custom)
2023-05-18 02:47:11,480 [dd0a355a-d343-4342-9afa-2dfa8fc9aea1-groupManagement] INFO  server.RaftServerConfigKeys (ConfUtils.java:logGet(46)) - raft.server.log.segment.cache.size.max = 200MB (=209715200) (default)
2023-05-18 02:47:11,480 [dd0a355a-d343-4342-9afa-2dfa8fc9aea1-groupManagement] INFO  server.RaftServerConfigKeys (ConfUtils.java:logGet(46)) - raft.server.log.appender.buffer.byte-limit = 33554432 (custom)
2023-05-18 02:47:11,480 [dd0a355a-d343-4342-9afa-2dfa8fc9aea1-groupManagement] INFO  segmented.SegmentedRaftLogWorker (SegmentedRaftLogWorker.java:<init>(188)) - new dd0a355a-d343-4342-9afa-2dfa8fc9aea1@group-53C5EE4F2628-SegmentedRaftLogWorker for RaftStorageImpl:Storage Directory /home/runner/work/ozone/ozone/hadoop-ozone/integration-test/target/test-dir/MiniOzoneClusterImpl-522acec6-bbe2-4bbe-92e7-576262f261c3/datanode-5/data/ratis/d186d2e3-f5a1-43cc-80a4-53c5ee4f2628
2023-05-18 02:47:11,480 [dd0a355a-d343-4342-9afa-2dfa8fc9aea1-groupManagement] INFO  server.RaftServerConfigKeys (ConfUtils.java:logGet(46)) - raft.server.log.queue.byte-limit = 4294967296 (custom)
2023-05-18 02:47:11,480 [dd0a355a-d343-4342-9afa-2dfa8fc9aea1-groupManagement] INFO  server.RaftServerConfigKeys (ConfUtils.java:logGet(46)) - raft.server.log.queue.element-limit = 1024 (custom)
2023-05-18 02:47:11,480 [dd0a355a-d343-4342-9afa-2dfa8fc9aea1-groupManagement] INFO  server.RaftServerConfigKeys (ConfUtils.java:logGet(46)) - raft.server.log.segment.size.max = 1048576 (custom)
2023-05-18 02:47:11,480 [dd0a355a-d343-4342-9afa-2dfa8fc9aea1-groupManagement] INFO  server.RaftServerConfigKeys (ConfUtils.java:logGet(46)) - raft.server.log.preallocated.size = 16384 (custom)
2023-05-18 02:47:11,480 [dd0a355a-d343-4342-9afa-2dfa8fc9aea1-groupManagement] INFO  server.RaftServerConfigKeys (ConfUtils.java:logGet(46)) - raft.server.log.force.sync.num = 128 (default)
2023-05-18 02:47:11,480 [dd0a355a-d343-4342-9afa-2dfa8fc9aea1-groupManagement] INFO  server.RaftServerConfigKeys (ConfUtils.java:logGet(46)) - raft.server.log.statemachine.data.sync = true (default)
2023-05-18 02:47:11,480 [dd0a355a-d343-4342-9afa-2dfa8fc9aea1-groupManagement] INFO  server.RaftServerConfigKeys (ConfUtils.java:logGet(46)) - raft.server.log.statemachine.data.sync.timeout = 10s (default)
2023-05-18 02:47:11,480 [dd0a355a-d343-4342-9afa-2dfa8fc9aea1-groupManagement] INFO  server.RaftServerConfigKeys (ConfUtils.java:logGet(46)) - raft.server.log.statemachine.data.sync.timeout.retry = -1 (default)
2023-05-18 02:47:11,481 [dd0a355a-d343-4342-9afa-2dfa8fc9aea1-groupManagement] INFO  server.RaftServerConfigKeys (ConfUtils.java:logGet(46)) - raft.server.log.write.buffer.size = 1048576 (custom)
2023-05-18 02:47:11,485 [dd0a355a-d343-4342-9afa-2dfa8fc9aea1-groupManagement] INFO  server.RaftServerConfigKeys (ConfUtils.java:logGet(46)) - raft.server.log.appender.buffer.byte-limit = 33554432 (custom)
2023-05-18 02:47:11,490 [dd0a355a-d343-4342-9afa-2dfa8fc9aea1-groupManagement] INFO  server.RaftServerConfigKeys (ConfUtils.java:logGet(46)) - raft.server.log.unsafe-flush.enabled = false (default)
2023-05-18 02:47:11,490 [dd0a355a-d343-4342-9afa-2dfa8fc9aea1-groupManagement] INFO  server.RaftServerConfigKeys (ConfUtils.java:logGet(46)) - raft.server.log.async-flush.enabled = false (default)
2023-05-18 02:47:11,490 [dd0a355a-d343-4342-9afa-2dfa8fc9aea1-groupManagement] INFO  server.RaftServerConfigKeys (ConfUtils.java:logGet(46)) - raft.server.log.statemachine.data.caching.enabled = true (custom)
2023-05-18 02:47:11,490 [dd0a355a-d343-4342-9afa-2dfa8fc9aea1-groupManagement] INFO  segmented.SegmentedRaftLogWorker (SegmentedRaftLogWorker.java:lambda$new$0(135)) - dd0a355a-d343-4342-9afa-2dfa8fc9aea1@group-53C5EE4F2628-SegmentedRaftLogWorker: flushIndex: setUnconditionally 0 -> -1
2023-05-18 02:47:11,490 [dd0a355a-d343-4342-9afa-2dfa8fc9aea1-groupManagement] INFO  segmented.SegmentedRaftLogWorker (SegmentedRaftLogWorker.java:lambda$new$0(135)) - dd0a355a-d343-4342-9afa-2dfa8fc9aea1@group-53C5EE4F2628-SegmentedRaftLogWorker: safeCacheEvictIndex: setUnconditionally 0 -> -1
2023-05-18 02:47:11,491 [dd0a355a-d343-4342-9afa-2dfa8fc9aea1-groupManagement] INFO  server.RaftServer$Division (RaftServerImpl.java:start(342)) - dd0a355a-d343-4342-9afa-2dfa8fc9aea1@group-53C5EE4F2628: start as a follower, conf=-1: peers:[4ccd21da-06a8-4ca3-bf16-e3c028fe0c77|rpc:10.1.1.154:15045|admin:10.1.1.154:15044|client:10.1.1.154:15043|dataStream:10.1.1.154:15046|priority:0|startupRole:FOLLOWER, dd0a355a-d343-4342-9afa-2dfa8fc9aea1|rpc:10.1.1.154:15053|admin:10.1.1.154:15052|client:10.1.1.154:15051|dataStream:10.1.1.154:15054|priority:1|startupRole:FOLLOWER, 1d3b30df-d5fa-48f7-8d20-f176392eff1b|rpc:10.1.1.154:15037|admin:10.1.1.154:15036|client:10.1.1.154:15035|dataStream:10.1.1.154:15038|priority:0|startupRole:FOLLOWER]|listeners:[], old=null
2023-05-18 02:47:11,491 [dd0a355a-d343-4342-9afa-2dfa8fc9aea1-groupManagement] INFO  server.RaftServer$Division (RaftServerImpl.java:setRole(329)) - dd0a355a-d343-4342-9afa-2dfa8fc9aea1@group-53C5EE4F2628: changes role from      null to FOLLOWER at term 0 for startAsFollower
2023-05-18 02:47:11,491 [dd0a355a-d343-4342-9afa-2dfa8fc9aea1-groupManagement] INFO  impl.RoleInfo (RoleInfo.java:updateAndGet(139)) - dd0a355a-d343-4342-9afa-2dfa8fc9aea1: start dd0a355a-d343-4342-9afa-2dfa8fc9aea1@group-53C5EE4F2628-FollowerState
2023-05-18 02:47:11,492 [dd0a355a-d343-4342-9afa-2dfa8fc9aea1-groupManagement] INFO  util.JmxRegister (JmxRegister.java:tryRegister(44)) - Successfully registered JMX Bean with object name Ratis:service=RaftServer,group=group-53C5EE4F2628,id=dd0a355a-d343-4342-9afa-2dfa8fc9aea1
2023-05-18 02:47:11,492 [dd0a355a-d343-4342-9afa-2dfa8fc9aea1-groupManagement] INFO  server.RaftServerConfigKeys (ConfUtils.java:logGet(46)) - raft.server.snapshot.auto.trigger.enabled = true (custom)
2023-05-18 02:47:11,492 [dd0a355a-d343-4342-9afa-2dfa8fc9aea1-groupManagement] INFO  server.RaftServerConfigKeys (ConfUtils.java:logGet(46)) - raft.server.snapshot.auto.trigger.threshold = 10000 (custom)
2023-05-18 02:47:11,492 [dd0a355a-d343-4342-9afa-2dfa8fc9aea1-groupManagement] INFO  server.RaftServerConfigKeys (ConfUtils.java:logGet(46)) - raft.server.snapshot.retention.file.num = 5 (custom)
2023-05-18 02:47:11,492 [dd0a355a-d343-4342-9afa-2dfa8fc9aea1-groupManagement] INFO  server.RaftServerConfigKeys (ConfUtils.java:logGet(46)) - raft.server.log.purge.upto.snapshot.index = false (default)
2023-05-18 02:47:11,506 [dd0a355a-d343-4342-9afa-2dfa8fc9aea1@group-53C5EE4F2628-FollowerState] INFO  server.RaftServerConfigKeys (ConfUtils.java:logFallback(53)) - raft.server.rpc.first-election.timeout.min = 5s (fallback to raft.server.rpc.timeout.min)
2023-05-18 02:47:11,506 [dd0a355a-d343-4342-9afa-2dfa8fc9aea1@group-53C5EE4F2628-FollowerState] INFO  server.RaftServerConfigKeys (ConfUtils.java:logFallback(53)) - raft.server.rpc.first-election.timeout.max = 5200ms (fallback to raft.server.rpc.timeout.max)
2023-05-18 02:47:11,516 [Command processor thread] INFO  commandhandler.CreatePipelineCommandHandler (CreatePipelineCommandHandler.java:handle(113)) - Created Pipeline RATIS THREE PipelineID=d186d2e3-f5a1-43cc-80a4-53c5ee4f2628.
2023-05-18 02:47:11,524 [Command processor thread] INFO  commandhandler.CreatePipelineCommandHandler (CreatePipelineCommandHandler.java:handle(113)) - Created Pipeline RATIS THREE PipelineID=d186d2e3-f5a1-43cc-80a4-53c5ee4f2628.
2023-05-18 02:47:11,608 [Command processor thread] INFO  server.RaftServer (RaftServerProxy.java:addNew(98)) - dd0a355a-d343-4342-9afa-2dfa8fc9aea1: addNew group-7BA8E02C6E8F:[dd0a355a-d343-4342-9afa-2dfa8fc9aea1|rpc:10.1.1.154:15053|admin:10.1.1.154:15052|client:10.1.1.154:15051|dataStream:10.1.1.154:15054|priority:1|startupRole:FOLLOWER] returns group-7BA8E02C6E8F:java.util.concurrent.CompletableFuture@230b35ac[Not completed]
2023-05-18 02:47:11,610 [dd0a355a-d343-4342-9afa-2dfa8fc9aea1-groupManagement] INFO  server.RaftServer$Division (RaftServerImpl.java:<init>(198)) - dd0a355a-d343-4342-9afa-2dfa8fc9aea1: new RaftServerImpl for group-7BA8E02C6E8F:[dd0a355a-d343-4342-9afa-2dfa8fc9aea1|rpc:10.1.1.154:15053|admin:10.1.1.154:15052|client:10.1.1.154:15051|dataStream:10.1.1.154:15054|priority:1|startupRole:FOLLOWER] with ContainerStateMachine:uninitialized
2023-05-18 02:47:11,610 [dd0a355a-d343-4342-9afa-2dfa8fc9aea1-groupManagement] INFO  server.RaftServerConfigKeys (ConfUtils.java:logGet(46)) - raft.server.rpc.timeout.min = 5s (custom)
2023-05-18 02:47:11,610 [dd0a355a-d343-4342-9afa-2dfa8fc9aea1-groupManagement] INFO  server.RaftServerConfigKeys (ConfUtils.java:logGet(46)) - raft.server.rpc.timeout.max = 5200ms (custom)
2023-05-18 02:47:11,610 [dd0a355a-d343-4342-9afa-2dfa8fc9aea1-groupManagement] INFO  server.RaftServerConfigKeys (ConfUtils.java:logGet(46)) - raft.server.rpc.sleep.time = 25ms (default)
2023-05-18 02:47:11,610 [dd0a355a-d343-4342-9afa-2dfa8fc9aea1-groupManagement] INFO  server.RaftServerConfigKeys (ConfUtils.java:logGet(46)) - raft.server.rpc.slowness.timeout = 300s (custom)
2023-05-18 02:47:11,610 [dd0a355a-d343-4342-9afa-2dfa8fc9aea1-groupManagement] INFO  server.RaftServerConfigKeys (ConfUtils.java:logGet(46)) - raft.server.leaderelection.leader.step-down.wait-time = 10s (default)
2023-05-18 02:47:11,610 [dd0a355a-d343-4342-9afa-2dfa8fc9aea1-groupManagement] INFO  server.RaftServerConfigKeys (ConfUtils.java:logGet(46)) - raft.server.sleep.deviation.threshold = 300ms (default)
2023-05-18 02:47:11,610 [dd0a355a-d343-4342-9afa-2dfa8fc9aea1-groupManagement] INFO  server.RaftServer$Division (ServerState.java:<init>(120)) - dd0a355a-d343-4342-9afa-2dfa8fc9aea1@group-7BA8E02C6E8F: ConfigurationManager, init=-1: peers:[dd0a355a-d343-4342-9afa-2dfa8fc9aea1|rpc:10.1.1.154:15053|admin:10.1.1.154:15052|client:10.1.1.154:15051|dataStream:10.1.1.154:15054|priority:1|startupRole:FOLLOWER]|listeners:[], old=null, confs=<EMPTY_MAP>
2023-05-18 02:47:11,610 [dd0a355a-d343-4342-9afa-2dfa8fc9aea1-groupManagement] INFO  server.RaftServerConfigKeys (ConfUtils.java:logGet(46)) - raft.server.storage.dir = [/home/runner/work/ozone/ozone/hadoop-ozone/integration-test/target/test-dir/MiniOzoneClusterImpl-522acec6-bbe2-4bbe-92e7-576262f261c3/datanode-5/data/ratis] (custom)
2023-05-18 02:47:11,610 [dd0a355a-d343-4342-9afa-2dfa8fc9aea1-groupManagement] INFO  server.RaftServerConfigKeys (ConfUtils.java:logGet(46)) - raft.server.log.corruption.policy = EXCEPTION (default)
2023-05-18 02:47:11,610 [dd0a355a-d343-4342-9afa-2dfa8fc9aea1-groupManagement] INFO  server.RaftServerConfigKeys (ConfUtils.java:logGet(46)) - raft.server.storage.free-space.min = 0MB (=0) (default)
2023-05-18 02:47:11,611 [dd0a355a-d343-4342-9afa-2dfa8fc9aea1-groupManagement] INFO  server.RaftServerConfigKeys (ConfUtils.java:logGet(46)) - raft.server.notification.no-leader.timeout = 300s (custom)
2023-05-18 02:47:11,611 [dd0a355a-d343-4342-9afa-2dfa8fc9aea1-groupManagement] INFO  server.RaftServerConfigKeys (ConfUtils.java:logGet(46)) - raft.server.read.timeout = 10s (default)
2023-05-18 02:47:11,611 [dd0a355a-d343-4342-9afa-2dfa8fc9aea1-groupManagement] INFO  server.RaftServerConfigKeys (ConfUtils.java:logGet(46)) - raft.server.retrycache.expirytime = 600000ms (custom)
2023-05-18 02:47:11,611 [dd0a355a-d343-4342-9afa-2dfa8fc9aea1-groupManagement] INFO  server.RaftServerConfigKeys (ConfUtils.java:logGet(46)) - raft.server.retrycache.statistics.expirytime = 100μs (default)
2023-05-18 02:47:11,611 [dd0a355a-d343-4342-9afa-2dfa8fc9aea1-groupManagement] INFO  server.RaftServerConfigKeys (ConfUtils.java:logGet(46)) - raft.server.read.option = DEFAULT (default)
2023-05-18 02:47:11,612 [dd0a355a-d343-4342-9afa-2dfa8fc9aea1-groupManagement] INFO  server.RaftServerConfigKeys (ConfUtils.java:logGet(46)) - raft.server.rpc.request.timeout = 60s (custom)
2023-05-18 02:47:11,612 [dd0a355a-d343-4342-9afa-2dfa8fc9aea1-groupManagement] INFO  server.RaftServerConfigKeys (ConfUtils.java:logGet(46)) - raft.server.log.appender.install.snapshot.enabled = false (custom)
2023-05-18 02:47:11,612 [dd0a355a-d343-4342-9afa-2dfa8fc9aea1-groupManagement] INFO  server.RaftServerConfigKeys (ConfUtils.java:logGet(46)) - raft.server.threadpool.server.cached = true (default)
2023-05-18 02:47:11,612 [dd0a355a-d343-4342-9afa-2dfa8fc9aea1-groupManagement] INFO  server.RaftServerConfigKeys (ConfUtils.java:logGet(46)) - raft.server.threadpool.server.size = 0 (default)
2023-05-18 02:47:11,612 [dd0a355a-d343-4342-9afa-2dfa8fc9aea1-groupManagement] INFO  server.RaftServerConfigKeys (ConfUtils.java:logGet(46)) - raft.server.threadpool.client.cached = true (default)
2023-05-18 02:47:11,612 [dd0a355a-d343-4342-9afa-2dfa8fc9aea1-groupManagement] INFO  server.RaftServerConfigKeys (ConfUtils.java:logGet(46)) - raft.server.threadpool.client.size = 0 (default)
2023-05-18 02:47:11,612 [dd0a355a-d343-4342-9afa-2dfa8fc9aea1-groupManagement] INFO  storage.RaftStorageDirectory (RaftStorageDirectoryImpl.java:analyzeStorage(137)) - The storage directory /home/runner/work/ozone/ozone/hadoop-ozone/integration-test/target/test-dir/MiniOzoneClusterImpl-522acec6-bbe2-4bbe-92e7-576262f261c3/datanode-5/data/ratis/de60c89e-09c6-4cae-9605-7ba8e02c6e8f does not exist. Creating ...
2023-05-18 02:47:11,615 [dd0a355a-d343-4342-9afa-2dfa8fc9aea1-groupManagement] INFO  storage.RaftStorageDirectory (RaftStorageDirectoryImpl.java:tryLock(231)) - Lock on /home/runner/work/ozone/ozone/hadoop-ozone/integration-test/target/test-dir/MiniOzoneClusterImpl-522acec6-bbe2-4bbe-92e7-576262f261c3/datanode-5/data/ratis/de60c89e-09c6-4cae-9605-7ba8e02c6e8f/in_use.lock acquired by nodename 9353@fv-az180-414
2023-05-18 02:47:11,616 [dd0a355a-d343-4342-9afa-2dfa8fc9aea1-groupManagement] INFO  storage.RaftStorage (RaftStorageImpl.java:format(96)) - Storage directory /home/runner/work/ozone/ozone/hadoop-ozone/integration-test/target/test-dir/MiniOzoneClusterImpl-522acec6-bbe2-4bbe-92e7-576262f261c3/datanode-5/data/ratis/de60c89e-09c6-4cae-9605-7ba8e02c6e8f has been successfully formatted.
2023-05-18 02:47:11,616 [dd0a355a-d343-4342-9afa-2dfa8fc9aea1-groupManagement] INFO  ratis.ContainerStateMachine (ContainerStateMachine.java:loadSnapshot(262)) - group-7BA8E02C6E8F: The snapshot info is null. Setting the last applied indexto:(t:0, i:~)
2023-05-18 02:47:11,616 [dd0a355a-d343-4342-9afa-2dfa8fc9aea1-groupManagement] INFO  server.RaftServerConfigKeys (ConfUtils.java:logGet(46)) - raft.server.log.use.memory = false (default)
2023-05-18 02:47:11,616 [dd0a355a-d343-4342-9afa-2dfa8fc9aea1-groupManagement] INFO  server.RaftServerConfigKeys (ConfUtils.java:logGet(46)) - raft.server.log.purge.gap = 1000000 (custom)
2023-05-18 02:47:11,616 [dd0a355a-d343-4342-9afa-2dfa8fc9aea1-groupManagement] INFO  server.RaftServerConfigKeys (ConfUtils.java:logGet(46)) - raft.server.log.appender.buffer.byte-limit = 33554432 (custom)
2023-05-18 02:47:11,617 [dd0a355a-d343-4342-9afa-2dfa8fc9aea1-groupManagement] INFO  server.RaftServerConfigKeys (ConfUtils.java:logGet(46)) - raft.server.log.statemachine.data.read.timeout = 1000ms (default)
2023-05-18 02:47:11,617 [dd0a355a-d343-4342-9afa-2dfa8fc9aea1-groupManagement] INFO  server.RaftServerConfigKeys (ConfUtils.java:logGet(46)) - raft.server.log.purge.preservation.log.num = 0 (default)
2023-05-18 02:47:11,617 [dd0a355a-d343-4342-9afa-2dfa8fc9aea1-groupManagement] INFO  server.RaftServerConfigKeys (ConfUtils.java:logGet(46)) - raft.server.log.segment.size.max = 1048576 (custom)
2023-05-18 02:47:11,618 [EventQueue-PipelineReportForPipelineReportHandler] INFO  pipeline.PipelineManagerImpl (PipelineManagerImpl.java:openPipeline(367)) - Pipeline Pipeline[ Id: de60c89e-09c6-4cae-9605-7ba8e02c6e8f, Nodes: dd0a355a-d343-4342-9afa-2dfa8fc9aea1(fv-az180-414.aibneqh1mxpuhl3tnnuy2ifbce.bx.internal.cloudapp.net/10.1.1.154), ReplicationConfig: RATIS/ONE, State:ALLOCATED, leaderId:dd0a355a-d343-4342-9afa-2dfa8fc9aea1, CreationTimestamp2023-05-18T02:47:08.612Z[Etc/UTC]] moved to OPEN state
2023-05-18 02:47:11,618 [EventQueue-OpenPipelineForHealthyPipelineSafeModeRule] INFO  safemode.SCMSafeModeManager (HealthyPipelineSafeModeRule.java:process(137)) - SCM in safe mode. Healthy pipelines reported count is 0, required healthy pipeline reported count is 1
2023-05-18 02:47:11,618 [dd0a355a-d343-4342-9afa-2dfa8fc9aea1-groupManagement] INFO  server.RaftServerConfigKeys (ConfUtils.java:logGet(46)) - raft.server.log.segment.cache.num.max = 2 (custom)
2023-05-18 02:47:11,618 [dd0a355a-d343-4342-9afa-2dfa8fc9aea1-groupManagement] INFO  server.RaftServerConfigKeys (ConfUtils.java:logGet(46)) - raft.server.log.segment.cache.size.max = 200MB (=209715200) (default)
2023-05-18 02:47:11,619 [dd0a355a-d343-4342-9afa-2dfa8fc9aea1-groupManagement] INFO  server.RaftServerConfigKeys (ConfUtils.java:logGet(46)) - raft.server.log.appender.buffer.byte-limit = 33554432 (custom)
2023-05-18 02:47:11,619 [dd0a355a-d343-4342-9afa-2dfa8fc9aea1-groupManagement] INFO  segmented.SegmentedRaftLogWorker (SegmentedRaftLogWorker.java:<init>(188)) - new dd0a355a-d343-4342-9afa-2dfa8fc9aea1@group-7BA8E02C6E8F-SegmentedRaftLogWorker for RaftStorageImpl:Storage Directory /home/runner/work/ozone/ozone/hadoop-ozone/integration-test/target/test-dir/MiniOzoneClusterImpl-522acec6-bbe2-4bbe-92e7-576262f261c3/datanode-5/data/ratis/de60c89e-09c6-4cae-9605-7ba8e02c6e8f
2023-05-18 02:47:11,619 [dd0a355a-d343-4342-9afa-2dfa8fc9aea1-groupManagement] INFO  server.RaftServerConfigKeys (ConfUtils.java:logGet(46)) - raft.server.log.queue.byte-limit = 4294967296 (custom)
2023-05-18 02:47:11,619 [dd0a355a-d343-4342-9afa-2dfa8fc9aea1-groupManagement] INFO  server.RaftServerConfigKeys (ConfUtils.java:logGet(46)) - raft.server.log.queue.element-limit = 1024 (custom)
2023-05-18 02:47:11,619 [dd0a355a-d343-4342-9afa-2dfa8fc9aea1-groupManagement] INFO  server.RaftServerConfigKeys (ConfUtils.java:logGet(46)) - raft.server.log.segment.size.max = 1048576 (custom)
2023-05-18 02:47:11,619 [dd0a355a-d343-4342-9afa-2dfa8fc9aea1-groupManagement] INFO  server.RaftServerConfigKeys (ConfUtils.java:logGet(46)) - raft.server.log.preallocated.size = 16384 (custom)
2023-05-18 02:47:11,619 [dd0a355a-d343-4342-9afa-2dfa8fc9aea1-groupManagement] INFO  server.RaftServerConfigKeys (ConfUtils.java:logGet(46)) - raft.server.log.force.sync.num = 128 (default)
2023-05-18 02:47:11,619 [dd0a355a-d343-4342-9afa-2dfa8fc9aea1-groupManagement] INFO  server.RaftServerConfigKeys (ConfUtils.java:logGet(46)) - raft.server.log.statemachine.data.sync = true (default)
2023-05-18 02:47:11,619 [dd0a355a-d343-4342-9afa-2dfa8fc9aea1-groupManagement] INFO  server.RaftServerConfigKeys (ConfUtils.java:logGet(46)) - raft.server.log.statemachine.data.sync.timeout = 10s (default)
2023-05-18 02:47:11,619 [dd0a355a-d343-4342-9afa-2dfa8fc9aea1-groupManagement] INFO  server.RaftServerConfigKeys (ConfUtils.java:logGet(46)) - raft.server.log.statemachine.data.sync.timeout.retry = -1 (default)
2023-05-18 02:47:11,621 [dd0a355a-d343-4342-9afa-2dfa8fc9aea1-groupManagement] INFO  server.RaftServerConfigKeys (ConfUtils.java:logGet(46)) - raft.server.log.write.buffer.size = 1048576 (custom)
2023-05-18 02:47:11,622 [dd0a355a-d343-4342-9afa-2dfa8fc9aea1-groupManagement] INFO  server.RaftServerConfigKeys (ConfUtils.java:logGet(46)) - raft.server.log.appender.buffer.byte-limit = 33554432 (custom)
2023-05-18 02:47:11,627 [dd0a355a-d343-4342-9afa-2dfa8fc9aea1-groupManagement] INFO  server.RaftServerConfigKeys (ConfUtils.java:logGet(46)) - raft.server.log.unsafe-flush.enabled = false (default)
2023-05-18 02:47:11,627 [dd0a355a-d343-4342-9afa-2dfa8fc9aea1-groupManagement] INFO  server.RaftServerConfigKeys (ConfUtils.java:logGet(46)) - raft.server.log.async-flush.enabled = false (default)
2023-05-18 02:47:11,627 [dd0a355a-d343-4342-9afa-2dfa8fc9aea1-groupManagement] INFO  server.RaftServerConfigKeys (ConfUtils.java:logGet(46)) - raft.server.log.statemachine.data.caching.enabled = true (custom)
2023-05-18 02:47:11,627 [dd0a355a-d343-4342-9afa-2dfa8fc9aea1-groupManagement] INFO  segmented.SegmentedRaftLogWorker (SegmentedRaftLogWorker.java:lambda$new$0(135)) - dd0a355a-d343-4342-9afa-2dfa8fc9aea1@group-7BA8E02C6E8F-SegmentedRaftLogWorker: flushIndex: setUnconditionally 0 -> -1
2023-05-18 02:47:11,627 [dd0a355a-d343-4342-9afa-2dfa8fc9aea1-groupManagement] INFO  segmented.SegmentedRaftLogWorker (SegmentedRaftLogWorker.java:lambda$new$0(135)) - dd0a355a-d343-4342-9afa-2dfa8fc9aea1@group-7BA8E02C6E8F-SegmentedRaftLogWorker: safeCacheEvictIndex: setUnconditionally 0 -> -1
2023-05-18 02:47:11,628 [dd0a355a-d343-4342-9afa-2dfa8fc9aea1-groupManagement] INFO  server.RaftServer$Division (RaftServerImpl.java:start(342)) - dd0a355a-d343-4342-9afa-2dfa8fc9aea1@group-7BA8E02C6E8F: start as a follower, conf=-1: peers:[dd0a355a-d343-4342-9afa-2dfa8fc9aea1|rpc:10.1.1.154:15053|admin:10.1.1.154:15052|client:10.1.1.154:15051|dataStream:10.1.1.154:15054|priority:1|startupRole:FOLLOWER]|listeners:[], old=null
2023-05-18 02:47:11,628 [dd0a355a-d343-4342-9afa-2dfa8fc9aea1-groupManagement] INFO  server.RaftServer$Division (RaftServerImpl.java:setRole(329)) - dd0a355a-d343-4342-9afa-2dfa8fc9aea1@group-7BA8E02C6E8F: changes role from      null to FOLLOWER at term 0 for startAsFollower
2023-05-18 02:47:11,628 [dd0a355a-d343-4342-9afa-2dfa8fc9aea1-groupManagement] INFO  impl.RoleInfo (RoleInfo.java:updateAndGet(139)) - dd0a355a-d343-4342-9afa-2dfa8fc9aea1: start dd0a355a-d343-4342-9afa-2dfa8fc9aea1@group-7BA8E02C6E8F-FollowerState
2023-05-18 02:47:11,628 [dd0a355a-d343-4342-9afa-2dfa8fc9aea1-groupManagement] INFO  util.JmxRegister (JmxRegister.java:tryRegister(44)) - Successfully registered JMX Bean with object name Ratis:service=RaftServer,group=group-7BA8E02C6E8F,id=dd0a355a-d343-4342-9afa-2dfa8fc9aea1
2023-05-18 02:47:11,628 [dd0a355a-d343-4342-9afa-2dfa8fc9aea1@group-7BA8E02C6E8F-FollowerState] INFO  server.RaftServerConfigKeys (ConfUtils.java:logFallback(53)) - raft.server.rpc.first-election.timeout.min = 5s (fallback to raft.server.rpc.timeout.min)
2023-05-18 02:47:11,628 [dd0a355a-d343-4342-9afa-2dfa8fc9aea1-groupManagement] INFO  server.RaftServerConfigKeys (ConfUtils.java:logGet(46)) - raft.server.snapshot.auto.trigger.enabled = true (custom)
2023-05-18 02:47:11,628 [dd0a355a-d343-4342-9afa-2dfa8fc9aea1@group-7BA8E02C6E8F-FollowerState] INFO  server.RaftServerConfigKeys (ConfUtils.java:logFallback(53)) - raft.server.rpc.first-election.timeout.max = 5200ms (fallback to raft.server.rpc.timeout.max)
2023-05-18 02:47:11,628 [dd0a355a-d343-4342-9afa-2dfa8fc9aea1-groupManagement] INFO  server.RaftServerConfigKeys (ConfUtils.java:logGet(46)) - raft.server.snapshot.auto.trigger.threshold = 10000 (custom)
2023-05-18 02:47:11,629 [dd0a355a-d343-4342-9afa-2dfa8fc9aea1-groupManagement] INFO  server.RaftServerConfigKeys (ConfUtils.java:logGet(46)) - raft.server.snapshot.retention.file.num = 5 (custom)
2023-05-18 02:47:11,629 [dd0a355a-d343-4342-9afa-2dfa8fc9aea1-groupManagement] INFO  server.RaftServerConfigKeys (ConfUtils.java:logGet(46)) - raft.server.log.purge.upto.snapshot.index = false (default)
2023-05-18 02:47:11,629 [Command processor thread] INFO  ratis.XceiverServerRatis (XceiverServerRatis.java:addGroup(806)) - Created group PipelineID=de60c89e-09c6-4cae-9605-7ba8e02c6e8f
2023-05-18 02:47:11,629 [Command processor thread] INFO  commandhandler.CreatePipelineCommandHandler (CreatePipelineCommandHandler.java:handle(113)) - Created Pipeline RATIS ONE PipelineID=de60c89e-09c6-4cae-9605-7ba8e02c6e8f.
2023-05-18 02:47:11,682 [BlockDeletingService#1] INFO  interfaces.ContainerDeletionChoosingPolicyTemplate (ContainerDeletionChoosingPolicyTemplate.java:chooseContainerForBlockDeletion(83)) - Chosen 0/5000 blocks from 0 candidate containers.
2023-05-18 02:47:11,914 [Command processor thread] INFO  server.RaftServer (RaftServerProxy.java:addNew(98)) - 5433f90b-26c2-4398-8df5-88afed94a773: addNew group-FEC9B5FCED6A:[5433f90b-26c2-4398-8df5-88afed94a773|rpc:10.1.1.154:15061|admin:10.1.1.154:15060|client:10.1.1.154:15059|dataStream:10.1.1.154:15062|priority:1|startupRole:FOLLOWER] returns group-FEC9B5FCED6A:java.util.concurrent.CompletableFuture@44c8c26f[Not completed]
2023-05-18 02:47:11,915 [5433f90b-26c2-4398-8df5-88afed94a773-groupManagement] INFO  server.RaftServer$Division (RaftServerImpl.java:<init>(198)) - 5433f90b-26c2-4398-8df5-88afed94a773: new RaftServerImpl for group-FEC9B5FCED6A:[5433f90b-26c2-4398-8df5-88afed94a773|rpc:10.1.1.154:15061|admin:10.1.1.154:15060|client:10.1.1.154:15059|dataStream:10.1.1.154:15062|priority:1|startupRole:FOLLOWER] with ContainerStateMachine:uninitialized
2023-05-18 02:47:11,916 [5433f90b-26c2-4398-8df5-88afed94a773-groupManagement] INFO  server.RaftServerConfigKeys (ConfUtils.java:logGet(46)) - raft.server.rpc.timeout.min = 5s (custom)
2023-05-18 02:47:11,916 [5433f90b-26c2-4398-8df5-88afed94a773-groupManagement] INFO  server.RaftServerConfigKeys (ConfUtils.java:logGet(46)) - raft.server.rpc.timeout.max = 5200ms (custom)
2023-05-18 02:47:11,916 [5433f90b-26c2-4398-8df5-88afed94a773-groupManagement] INFO  server.RaftServerConfigKeys (ConfUtils.java:logGet(46)) - raft.server.rpc.sleep.time = 25ms (default)
2023-05-18 02:47:11,916 [5433f90b-26c2-4398-8df5-88afed94a773-groupManagement] INFO  server.RaftServerConfigKeys (ConfUtils.java:logGet(46)) - raft.server.rpc.slowness.timeout = 300s (custom)
2023-05-18 02:47:11,916 [5433f90b-26c2-4398-8df5-88afed94a773-groupManagement] INFO  server.RaftServerConfigKeys (ConfUtils.java:logGet(46)) - raft.server.leaderelection.leader.step-down.wait-time = 10s (default)
2023-05-18 02:47:11,916 [5433f90b-26c2-4398-8df5-88afed94a773-groupManagement] INFO  server.RaftServerConfigKeys (ConfUtils.java:logGet(46)) - raft.server.sleep.deviation.threshold = 300ms (default)
2023-05-18 02:47:11,916 [5433f90b-26c2-4398-8df5-88afed94a773-groupManagement] INFO  server.RaftServer$Division (ServerState.java:<init>(120)) - 5433f90b-26c2-4398-8df5-88afed94a773@group-FEC9B5FCED6A: ConfigurationManager, init=-1: peers:[5433f90b-26c2-4398-8df5-88afed94a773|rpc:10.1.1.154:15061|admin:10.1.1.154:15060|client:10.1.1.154:15059|dataStream:10.1.1.154:15062|priority:1|startupRole:FOLLOWER]|listeners:[], old=null, confs=<EMPTY_MAP>
2023-05-18 02:47:11,916 [5433f90b-26c2-4398-8df5-88afed94a773-groupManagement] INFO  server.RaftServerConfigKeys (ConfUtils.java:logGet(46)) - raft.server.storage.dir = [/home/runner/work/ozone/ozone/hadoop-ozone/integration-test/target/test-dir/MiniOzoneClusterImpl-522acec6-bbe2-4bbe-92e7-576262f261c3/datanode-6/data/ratis] (custom)
2023-05-18 02:47:11,916 [5433f90b-26c2-4398-8df5-88afed94a773-groupManagement] INFO  server.RaftServerConfigKeys (ConfUtils.java:logGet(46)) - raft.server.log.corruption.policy = EXCEPTION (default)
2023-05-18 02:47:11,916 [5433f90b-26c2-4398-8df5-88afed94a773-groupManagement] INFO  server.RaftServerConfigKeys (ConfUtils.java:logGet(46)) - raft.server.storage.free-space.min = 0MB (=0) (default)
2023-05-18 02:47:11,916 [5433f90b-26c2-4398-8df5-88afed94a773-groupManagement] INFO  server.RaftServerConfigKeys (ConfUtils.java:logGet(46)) - raft.server.notification.no-leader.timeout = 300s (custom)
2023-05-18 02:47:11,917 [5433f90b-26c2-4398-8df5-88afed94a773-groupManagement] INFO  server.RaftServerConfigKeys (ConfUtils.java:logGet(46)) - raft.server.read.timeout = 10s (default)
2023-05-18 02:47:11,917 [5433f90b-26c2-4398-8df5-88afed94a773-groupManagement] INFO  server.RaftServerConfigKeys (ConfUtils.java:logGet(46)) - raft.server.retrycache.expirytime = 600000ms (custom)
2023-05-18 02:47:11,917 [5433f90b-26c2-4398-8df5-88afed94a773-groupManagement] INFO  server.RaftServerConfigKeys (ConfUtils.java:logGet(46)) - raft.server.retrycache.statistics.expirytime = 100μs (default)
2023-05-18 02:47:11,917 [5433f90b-26c2-4398-8df5-88afed94a773-groupManagement] INFO  server.RaftServerConfigKeys (ConfUtils.java:logGet(46)) - raft.server.read.option = DEFAULT (default)
2023-05-18 02:47:11,919 [5433f90b-26c2-4398-8df5-88afed94a773-groupManagement] INFO  server.RaftServerConfigKeys (ConfUtils.java:logGet(46)) - raft.server.rpc.request.timeout = 60s (custom)
2023-05-18 02:47:11,919 [5433f90b-26c2-4398-8df5-88afed94a773-groupManagement] INFO  server.RaftServerConfigKeys (ConfUtils.java:logGet(46)) - raft.server.log.appender.install.snapshot.enabled = false (custom)
2023-05-18 02:47:11,919 [5433f90b-26c2-4398-8df5-88afed94a773-groupManagement] INFO  server.RaftServerConfigKeys (ConfUtils.java:logGet(46)) - raft.server.threadpool.server.cached = true (default)
2023-05-18 02:47:11,919 [5433f90b-26c2-4398-8df5-88afed94a773-groupManagement] INFO  server.RaftServerConfigKeys (ConfUtils.java:logGet(46)) - raft.server.threadpool.server.size = 0 (default)
2023-05-18 02:47:11,919 [5433f90b-26c2-4398-8df5-88afed94a773-groupManagement] INFO  server.RaftServerConfigKeys (ConfUtils.java:logGet(46)) - raft.server.threadpool.client.cached = true (default)
2023-05-18 02:47:11,919 [5433f90b-26c2-4398-8df5-88afed94a773-groupManagement] INFO  server.RaftServerConfigKeys (ConfUtils.java:logGet(46)) - raft.server.threadpool.client.size = 0 (default)
2023-05-18 02:47:11,919 [5433f90b-26c2-4398-8df5-88afed94a773-groupManagement] INFO  storage.RaftStorageDirectory (RaftStorageDirectoryImpl.java:analyzeStorage(137)) - The storage directory /home/runner/work/ozone/ozone/hadoop-ozone/integration-test/target/test-dir/MiniOzoneClusterImpl-522acec6-bbe2-4bbe-92e7-576262f261c3/datanode-6/data/ratis/0832821b-ad75-4906-93b1-fec9b5fced6a does not exist. Creating ...
2023-05-18 02:47:11,920 [5433f90b-26c2-4398-8df5-88afed94a773-groupManagement] INFO  storage.RaftStorageDirectory (RaftStorageDirectoryImpl.java:tryLock(231)) - Lock on /home/runner/work/ozone/ozone/hadoop-ozone/integration-test/target/test-dir/MiniOzoneClusterImpl-522acec6-bbe2-4bbe-92e7-576262f261c3/datanode-6/data/ratis/0832821b-ad75-4906-93b1-fec9b5fced6a/in_use.lock acquired by nodename 9353@fv-az180-414
2023-05-18 02:47:11,921 [5433f90b-26c2-4398-8df5-88afed94a773-groupManagement] INFO  storage.RaftStorage (RaftStorageImpl.java:format(96)) - Storage directory /home/runner/work/ozone/ozone/hadoop-ozone/integration-test/target/test-dir/MiniOzoneClusterImpl-522acec6-bbe2-4bbe-92e7-576262f261c3/datanode-6/data/ratis/0832821b-ad75-4906-93b1-fec9b5fced6a has been successfully formatted.
2023-05-18 02:47:11,926 [5433f90b-26c2-4398-8df5-88afed94a773-groupManagement] INFO  ratis.ContainerStateMachine (ContainerStateMachine.java:loadSnapshot(262)) - group-FEC9B5FCED6A: The snapshot info is null. Setting the last applied indexto:(t:0, i:~)
2023-05-18 02:47:11,926 [5433f90b-26c2-4398-8df5-88afed94a773-groupManagement] INFO  server.RaftServerConfigKeys (ConfUtils.java:logGet(46)) - raft.server.log.use.memory = false (default)
2023-05-18 02:47:11,926 [5433f90b-26c2-4398-8df5-88afed94a773-groupManagement] INFO  server.RaftServerConfigKeys (ConfUtils.java:logGet(46)) - raft.server.log.purge.gap = 1000000 (custom)
2023-05-18 02:47:11,926 [5433f90b-26c2-4398-8df5-88afed94a773-groupManagement] INFO  server.RaftServerConfigKeys (ConfUtils.java:logGet(46)) - raft.server.log.appender.buffer.byte-limit = 33554432 (custom)
2023-05-18 02:47:11,926 [5433f90b-26c2-4398-8df5-88afed94a773-groupManagement] INFO  server.RaftServerConfigKeys (ConfUtils.java:logGet(46)) - raft.server.log.statemachine.data.read.timeout = 1000ms (default)
2023-05-18 02:47:11,926 [5433f90b-26c2-4398-8df5-88afed94a773-groupManagement] INFO  server.RaftServerConfigKeys (ConfUtils.java:logGet(46)) - raft.server.log.purge.preservation.log.num = 0 (default)
2023-05-18 02:47:11,927 [5433f90b-26c2-4398-8df5-88afed94a773-groupManagement] INFO  server.RaftServerConfigKeys (ConfUtils.java:logGet(46)) - raft.server.log.segment.size.max = 1048576 (custom)
2023-05-18 02:47:11,928 [EventQueue-PipelineReportForPipelineReportHandler] INFO  pipeline.PipelineManagerImpl (PipelineManagerImpl.java:openPipeline(367)) - Pipeline Pipeline[ Id: 0832821b-ad75-4906-93b1-fec9b5fced6a, Nodes: 5433f90b-26c2-4398-8df5-88afed94a773(fv-az180-414.aibneqh1mxpuhl3tnnuy2ifbce.bx.internal.cloudapp.net/10.1.1.154), ReplicationConfig: RATIS/ONE, State:ALLOCATED, leaderId:5433f90b-26c2-4398-8df5-88afed94a773, CreationTimestamp2023-05-18T02:47:08.917Z[Etc/UTC]] moved to OPEN state
2023-05-18 02:47:11,928 [EventQueue-OpenPipelineForHealthyPipelineSafeModeRule] INFO  safemode.SCMSafeModeManager (HealthyPipelineSafeModeRule.java:process(137)) - SCM in safe mode. Healthy pipelines reported count is 0, required healthy pipeline reported count is 1
2023-05-18 02:47:11,929 [5433f90b-26c2-4398-8df5-88afed94a773-groupManagement] INFO  server.RaftServerConfigKeys (ConfUtils.java:logGet(46)) - raft.server.log.segment.cache.num.max = 2 (custom)
2023-05-18 02:47:11,929 [5433f90b-26c2-4398-8df5-88afed94a773-groupManagement] INFO  server.RaftServerConfigKeys (ConfUtils.java:logGet(46)) - raft.server.log.segment.cache.size.max = 200MB (=209715200) (default)
2023-05-18 02:47:11,929 [5433f90b-26c2-4398-8df5-88afed94a773-groupManagement] INFO  server.RaftServerConfigKeys (ConfUtils.java:logGet(46)) - raft.server.log.appender.buffer.byte-limit = 33554432 (custom)
2023-05-18 02:47:11,929 [5433f90b-26c2-4398-8df5-88afed94a773-groupManagement] INFO  segmented.SegmentedRaftLogWorker (SegmentedRaftLogWorker.java:<init>(188)) - new 5433f90b-26c2-4398-8df5-88afed94a773@group-FEC9B5FCED6A-SegmentedRaftLogWorker for RaftStorageImpl:Storage Directory /home/runner/work/ozone/ozone/hadoop-ozone/integration-test/target/test-dir/MiniOzoneClusterImpl-522acec6-bbe2-4bbe-92e7-576262f261c3/datanode-6/data/ratis/0832821b-ad75-4906-93b1-fec9b5fced6a
2023-05-18 02:47:11,929 [5433f90b-26c2-4398-8df5-88afed94a773-groupManagement] INFO  server.RaftServerConfigKeys (ConfUtils.java:logGet(46)) - raft.server.log.queue.byte-limit = 4294967296 (custom)
2023-05-18 02:47:11,929 [5433f90b-26c2-4398-8df5-88afed94a773-groupManagement] INFO  server.RaftServerConfigKeys (ConfUtils.java:logGet(46)) - raft.server.log.queue.element-limit = 1024 (custom)
2023-05-18 02:47:11,929 [5433f90b-26c2-4398-8df5-88afed94a773-groupManagement] INFO  server.RaftServerConfigKeys (ConfUtils.java:logGet(46)) - raft.server.log.segment.size.max = 1048576 (custom)
2023-05-18 02:47:11,929 [5433f90b-26c2-4398-8df5-88afed94a773-groupManagement] INFO  server.RaftServerConfigKeys (ConfUtils.java:logGet(46)) - raft.server.log.preallocated.size = 16384 (custom)
2023-05-18 02:47:11,929 [5433f90b-26c2-4398-8df5-88afed94a773-groupManagement] INFO  server.RaftServerConfigKeys (ConfUtils.java:logGet(46)) - raft.server.log.force.sync.num = 128 (default)
2023-05-18 02:47:11,929 [5433f90b-26c2-4398-8df5-88afed94a773-groupManagement] INFO  server.RaftServerConfigKeys (ConfUtils.java:logGet(46)) - raft.server.log.statemachine.data.sync = true (default)
2023-05-18 02:47:11,930 [5433f90b-26c2-4398-8df5-88afed94a773-groupManagement] INFO  server.RaftServerConfigKeys (ConfUtils.java:logGet(46)) - raft.server.log.statemachine.data.sync.timeout = 10s (default)
2023-05-18 02:47:11,930 [5433f90b-26c2-4398-8df5-88afed94a773-groupManagement] INFO  server.RaftServerConfigKeys (ConfUtils.java:logGet(46)) - raft.server.log.statemachine.data.sync.timeout.retry = -1 (default)
2023-05-18 02:47:11,931 [5433f90b-26c2-4398-8df5-88afed94a773-groupManagement] INFO  server.RaftServerConfigKeys (ConfUtils.java:logGet(46)) - raft.server.log.write.buffer.size = 1048576 (custom)
2023-05-18 02:47:11,933 [5433f90b-26c2-4398-8df5-88afed94a773-groupManagement] INFO  server.RaftServerConfigKeys (ConfUtils.java:logGet(46)) - raft.server.log.appender.buffer.byte-limit = 33554432 (custom)
2023-05-18 02:47:11,938 [5433f90b-26c2-4398-8df5-88afed94a773-groupManagement] INFO  server.RaftServerConfigKeys (ConfUtils.java:logGet(46)) - raft.server.log.unsafe-flush.enabled = false (default)
2023-05-18 02:47:11,938 [5433f90b-26c2-4398-8df5-88afed94a773-groupManagement] INFO  server.RaftServerConfigKeys (ConfUtils.java:logGet(46)) - raft.server.log.async-flush.enabled = false (default)
2023-05-18 02:47:11,938 [5433f90b-26c2-4398-8df5-88afed94a773-groupManagement] INFO  server.RaftServerConfigKeys (ConfUtils.java:logGet(46)) - raft.server.log.statemachine.data.caching.enabled = true (custom)
2023-05-18 02:47:11,939 [5433f90b-26c2-4398-8df5-88afed94a773-groupManagement] INFO  segmented.SegmentedRaftLogWorker (SegmentedRaftLogWorker.java:lambda$new$0(135)) - 5433f90b-26c2-4398-8df5-88afed94a773@group-FEC9B5FCED6A-SegmentedRaftLogWorker: flushIndex: setUnconditionally 0 -> -1
2023-05-18 02:47:11,939 [5433f90b-26c2-4398-8df5-88afed94a773-groupManagement] INFO  segmented.SegmentedRaftLogWorker (SegmentedRaftLogWorker.java:lambda$new$0(135)) - 5433f90b-26c2-4398-8df5-88afed94a773@group-FEC9B5FCED6A-SegmentedRaftLogWorker: safeCacheEvictIndex: setUnconditionally 0 -> -1
2023-05-18 02:47:11,942 [5433f90b-26c2-4398-8df5-88afed94a773-groupManagement] INFO  server.RaftServer$Division (RaftServerImpl.java:start(342)) - 5433f90b-26c2-4398-8df5-88afed94a773@group-FEC9B5FCED6A: start as a follower, conf=-1: peers:[5433f90b-26c2-4398-8df5-88afed94a773|rpc:10.1.1.154:15061|admin:10.1.1.154:15060|client:10.1.1.154:15059|dataStream:10.1.1.154:15062|priority:1|startupRole:FOLLOWER]|listeners:[], old=null
2023-05-18 02:47:11,942 [5433f90b-26c2-4398-8df5-88afed94a773-groupManagement] INFO  server.RaftServer$Division (RaftServerImpl.java:setRole(329)) - 5433f90b-26c2-4398-8df5-88afed94a773@group-FEC9B5FCED6A: changes role from      null to FOLLOWER at term 0 for startAsFollower
2023-05-18 02:47:11,942 [5433f90b-26c2-4398-8df5-88afed94a773-groupManagement] INFO  impl.RoleInfo (RoleInfo.java:updateAndGet(139)) - 5433f90b-26c2-4398-8df5-88afed94a773: start 5433f90b-26c2-4398-8df5-88afed94a773@group-FEC9B5FCED6A-FollowerState
2023-05-18 02:47:11,945 [5433f90b-26c2-4398-8df5-88afed94a773@group-FEC9B5FCED6A-FollowerState] INFO  server.RaftServerConfigKeys (ConfUtils.java:logFallback(53)) - raft.server.rpc.first-election.timeout.min = 5s (fallback to raft.server.rpc.timeout.min)
2023-05-18 02:47:11,945 [5433f90b-26c2-4398-8df5-88afed94a773-groupManagement] INFO  util.JmxRegister (JmxRegister.java:tryRegister(44)) - Successfully registered JMX Bean with object name Ratis:service=RaftServer,group=group-FEC9B5FCED6A,id=5433f90b-26c2-4398-8df5-88afed94a773
2023-05-18 02:47:11,946 [5433f90b-26c2-4398-8df5-88afed94a773-groupManagement] INFO  server.RaftServerConfigKeys (ConfUtils.java:logGet(46)) - raft.server.snapshot.auto.trigger.enabled = true (custom)
2023-05-18 02:47:11,946 [5433f90b-26c2-4398-8df5-88afed94a773-groupManagement] INFO  server.RaftServerConfigKeys (ConfUtils.java:logGet(46)) - raft.server.snapshot.auto.trigger.threshold = 10000 (custom)
2023-05-18 02:47:11,946 [5433f90b-26c2-4398-8df5-88afed94a773-groupManagement] INFO  server.RaftServerConfigKeys (ConfUtils.java:logGet(46)) - raft.server.snapshot.retention.file.num = 5 (custom)
2023-05-18 02:47:11,946 [5433f90b-26c2-4398-8df5-88afed94a773-groupManagement] INFO  server.RaftServerConfigKeys (ConfUtils.java:logGet(46)) - raft.server.log.purge.upto.snapshot.index = false (default)
2023-05-18 02:47:11,946 [Command processor thread] INFO  ratis.XceiverServerRatis (XceiverServerRatis.java:addGroup(806)) - Created group PipelineID=0832821b-ad75-4906-93b1-fec9b5fced6a
2023-05-18 02:47:11,946 [Command processor thread] INFO  commandhandler.CreatePipelineCommandHandler (CreatePipelineCommandHandler.java:handle(113)) - Created Pipeline RATIS ONE PipelineID=0832821b-ad75-4906-93b1-fec9b5fced6a.
2023-05-18 02:47:11,947 [5433f90b-26c2-4398-8df5-88afed94a773@group-FEC9B5FCED6A-FollowerState] INFO  server.RaftServerConfigKeys (ConfUtils.java:logFallback(53)) - raft.server.rpc.first-election.timeout.max = 5200ms (fallback to raft.server.rpc.timeout.max)
2023-05-18 02:47:12,077 [BlockDeletingService#3] INFO  interfaces.ContainerDeletionChoosingPolicyTemplate (ContainerDeletionChoosingPolicyTemplate.java:chooseContainerForBlockDeletion(83)) - Chosen 0/5000 blocks from 0 candidate containers.
2023-05-18 02:47:12,078 [BlockDeletingService#3] INFO  interfaces.ContainerDeletionChoosingPolicyTemplate (ContainerDeletionChoosingPolicyTemplate.java:chooseContainerForBlockDeletion(83)) - Chosen 0/5000 blocks from 0 candidate containers.
2023-05-18 02:47:12,079 [BlockDeletingService#1] INFO  interfaces.ContainerDeletionChoosingPolicyTemplate (ContainerDeletionChoosingPolicyTemplate.java:chooseContainerForBlockDeletion(83)) - Chosen 0/5000 blocks from 0 candidate containers.
2023-05-18 02:47:12,182 [BlockDeletingService#0] INFO  interfaces.ContainerDeletionChoosingPolicyTemplate (ContainerDeletionChoosingPolicyTemplate.java:chooseContainerForBlockDeletion(83)) - Chosen 0/5000 blocks from 0 candidate containers.
2023-05-18 02:47:12,313 [Command processor thread] INFO  server.RaftServer (RaftServerProxy.java:addNew(98)) - 5dc09123-b42c-44c8-87e3-729c385858db: addNew group-3661A4E39BD4:[5dc09123-b42c-44c8-87e3-729c385858db|rpc:10.1.1.154:15069|admin:10.1.1.154:15068|client:10.1.1.154:15067|dataStream:10.1.1.154:15070|priority:1|startupRole:FOLLOWER] returns group-3661A4E39BD4:java.util.concurrent.CompletableFuture@24705729[Not completed]
2023-05-18 02:47:12,314 [5dc09123-b42c-44c8-87e3-729c385858db-groupManagement] INFO  server.RaftServer$Division (RaftServerImpl.java:<init>(198)) - 5dc09123-b42c-44c8-87e3-729c385858db: new RaftServerImpl for group-3661A4E39BD4:[5dc09123-b42c-44c8-87e3-729c385858db|rpc:10.1.1.154:15069|admin:10.1.1.154:15068|client:10.1.1.154:15067|dataStream:10.1.1.154:15070|priority:1|startupRole:FOLLOWER] with ContainerStateMachine:uninitialized
2023-05-18 02:47:12,316 [5dc09123-b42c-44c8-87e3-729c385858db-groupManagement] INFO  server.RaftServerConfigKeys (ConfUtils.java:logGet(46)) - raft.server.rpc.timeout.min = 5s (custom)
2023-05-18 02:47:12,316 [5dc09123-b42c-44c8-87e3-729c385858db-groupManagement] INFO  server.RaftServerConfigKeys (ConfUtils.java:logGet(46)) - raft.server.rpc.timeout.max = 5200ms (custom)
2023-05-18 02:47:12,316 [5dc09123-b42c-44c8-87e3-729c385858db-groupManagement] INFO  server.RaftServerConfigKeys (ConfUtils.java:logGet(46)) - raft.server.rpc.sleep.time = 25ms (default)
2023-05-18 02:47:12,316 [5dc09123-b42c-44c8-87e3-729c385858db-groupManagement] INFO  server.RaftServerConfigKeys (ConfUtils.java:logGet(46)) - raft.server.rpc.slowness.timeout = 300s (custom)
2023-05-18 02:47:12,316 [5dc09123-b42c-44c8-87e3-729c385858db-groupManagement] INFO  server.RaftServerConfigKeys (ConfUtils.java:logGet(46)) - raft.server.leaderelection.leader.step-down.wait-time = 10s (default)
2023-05-18 02:47:12,316 [5dc09123-b42c-44c8-87e3-729c385858db-groupManagement] INFO  server.RaftServerConfigKeys (ConfUtils.java:logGet(46)) - raft.server.sleep.deviation.threshold = 300ms (default)
2023-05-18 02:47:12,316 [5dc09123-b42c-44c8-87e3-729c385858db-groupManagement] INFO  server.RaftServer$Division (ServerState.java:<init>(120)) - 5dc09123-b42c-44c8-87e3-729c385858db@group-3661A4E39BD4: ConfigurationManager, init=-1: peers:[5dc09123-b42c-44c8-87e3-729c385858db|rpc:10.1.1.154:15069|admin:10.1.1.154:15068|client:10.1.1.154:15067|dataStream:10.1.1.154:15070|priority:1|startupRole:FOLLOWER]|listeners:[], old=null, confs=<EMPTY_MAP>
2023-05-18 02:47:12,316 [5dc09123-b42c-44c8-87e3-729c385858db-groupManagement] INFO  server.RaftServerConfigKeys (ConfUtils.java:logGet(46)) - raft.server.storage.dir = [/home/runner/work/ozone/ozone/hadoop-ozone/integration-test/target/test-dir/MiniOzoneClusterImpl-522acec6-bbe2-4bbe-92e7-576262f261c3/datanode-7/data/ratis] (custom)
2023-05-18 02:47:12,317 [5dc09123-b42c-44c8-87e3-729c385858db-groupManagement] INFO  server.RaftServerConfigKeys (ConfUtils.java:logGet(46)) - raft.server.log.corruption.policy = EXCEPTION (default)
2023-05-18 02:47:12,317 [5dc09123-b42c-44c8-87e3-729c385858db-groupManagement] INFO  server.RaftServerConfigKeys (ConfUtils.java:logGet(46)) - raft.server.storage.free-space.min = 0MB (=0) (default)
2023-05-18 02:47:12,317 [5dc09123-b42c-44c8-87e3-729c385858db-groupManagement] INFO  server.RaftServerConfigKeys (ConfUtils.java:logGet(46)) - raft.server.notification.no-leader.timeout = 300s (custom)
2023-05-18 02:47:12,317 [Listener at 127.0.0.1/15004] INFO  ozone.MiniOzoneClusterImpl (MiniOzoneClusterImpl.java:lambda$waitForClusterToBeReady$0(222)) - Nodes are ready. Got 8 of 8 DN Heartbeats.
2023-05-18 02:47:12,317 [Listener at 127.0.0.1/15004] INFO  ozone.MiniOzoneClusterImpl (MiniOzoneClusterImpl.java:lambda$waitForClusterToBeReady$0(225)) - Waiting for cluster to exit safe mode
2023-05-18 02:47:12,317 [Listener at 127.0.0.1/15004] INFO  ozone.MiniOzoneClusterImpl (MiniOzoneClusterImpl.java:lambda$waitForClusterToBeReady$0(227)) - SCM became leader
2023-05-18 02:47:12,317 [5dc09123-b42c-44c8-87e3-729c385858db-groupManagement] INFO  server.RaftServerConfigKeys (ConfUtils.java:logGet(46)) - raft.server.read.timeout = 10s (default)
2023-05-18 02:47:12,317 [5dc09123-b42c-44c8-87e3-729c385858db-groupManagement] INFO  server.RaftServerConfigKeys (ConfUtils.java:logGet(46)) - raft.server.retrycache.expirytime = 600000ms (custom)
2023-05-18 02:47:12,317 [5dc09123-b42c-44c8-87e3-729c385858db-groupManagement] INFO  server.RaftServerConfigKeys (ConfUtils.java:logGet(46)) - raft.server.retrycache.statistics.expirytime = 100μs (default)
2023-05-18 02:47:12,317 [5dc09123-b42c-44c8-87e3-729c385858db-groupManagement] INFO  server.RaftServerConfigKeys (ConfUtils.java:logGet(46)) - raft.server.read.option = DEFAULT (default)
2023-05-18 02:47:12,320 [5dc09123-b42c-44c8-87e3-729c385858db-groupManagement] INFO  server.RaftServerConfigKeys (ConfUtils.java:logGet(46)) - raft.server.rpc.request.timeout = 60s (custom)
2023-05-18 02:47:12,320 [5dc09123-b42c-44c8-87e3-729c385858db-groupManagement] INFO  server.RaftServerConfigKeys (ConfUtils.java:logGet(46)) - raft.server.log.appender.install.snapshot.enabled = false (custom)
2023-05-18 02:47:12,320 [5dc09123-b42c-44c8-87e3-729c385858db-groupManagement] INFO  server.RaftServerConfigKeys (ConfUtils.java:logGet(46)) - raft.server.threadpool.server.cached = true (default)
2023-05-18 02:47:12,320 [5dc09123-b42c-44c8-87e3-729c385858db-groupManagement] INFO  server.RaftServerConfigKeys (ConfUtils.java:logGet(46)) - raft.server.threadpool.server.size = 0 (default)
2023-05-18 02:47:12,320 [5dc09123-b42c-44c8-87e3-729c385858db-groupManagement] INFO  server.RaftServerConfigKeys (ConfUtils.java:logGet(46)) - raft.server.threadpool.client.cached = true (default)
2023-05-18 02:47:12,320 [5dc09123-b42c-44c8-87e3-729c385858db-groupManagement] INFO  server.RaftServerConfigKeys (ConfUtils.java:logGet(46)) - raft.server.threadpool.client.size = 0 (default)
2023-05-18 02:47:12,320 [5dc09123-b42c-44c8-87e3-729c385858db-groupManagement] INFO  storage.RaftStorageDirectory (RaftStorageDirectoryImpl.java:analyzeStorage(137)) - The storage directory /home/runner/work/ozone/ozone/hadoop-ozone/integration-test/target/test-dir/MiniOzoneClusterImpl-522acec6-bbe2-4bbe-92e7-576262f261c3/datanode-7/data/ratis/742aa8be-9bd2-4dd8-bee1-3661a4e39bd4 does not exist. Creating ...
2023-05-18 02:47:12,321 [5dc09123-b42c-44c8-87e3-729c385858db-groupManagement] INFO  storage.RaftStorageDirectory (RaftStorageDirectoryImpl.java:tryLock(231)) - Lock on /home/runner/work/ozone/ozone/hadoop-ozone/integration-test/target/test-dir/MiniOzoneClusterImpl-522acec6-bbe2-4bbe-92e7-576262f261c3/datanode-7/data/ratis/742aa8be-9bd2-4dd8-bee1-3661a4e39bd4/in_use.lock acquired by nodename 9353@fv-az180-414
2023-05-18 02:47:12,322 [5dc09123-b42c-44c8-87e3-729c385858db-groupManagement] INFO  storage.RaftStorage (RaftStorageImpl.java:format(96)) - Storage directory /home/runner/work/ozone/ozone/hadoop-ozone/integration-test/target/test-dir/MiniOzoneClusterImpl-522acec6-bbe2-4bbe-92e7-576262f261c3/datanode-7/data/ratis/742aa8be-9bd2-4dd8-bee1-3661a4e39bd4 has been successfully formatted.
2023-05-18 02:47:12,323 [5dc09123-b42c-44c8-87e3-729c385858db-groupManagement] INFO  ratis.ContainerStateMachine (ContainerStateMachine.java:loadSnapshot(262)) - group-3661A4E39BD4: The snapshot info is null. Setting the last applied indexto:(t:0, i:~)
2023-05-18 02:47:12,323 [5dc09123-b42c-44c8-87e3-729c385858db-groupManagement] INFO  server.RaftServerConfigKeys (ConfUtils.java:logGet(46)) - raft.server.log.use.memory = false (default)
2023-05-18 02:47:12,324 [5dc09123-b42c-44c8-87e3-729c385858db-groupManagement] INFO  server.RaftServerConfigKeys (ConfUtils.java:logGet(46)) - raft.server.log.purge.gap = 1000000 (custom)
2023-05-18 02:47:12,324 [5dc09123-b42c-44c8-87e3-729c385858db-groupManagement] INFO  server.RaftServerConfigKeys (ConfUtils.java:logGet(46)) - raft.server.log.appender.buffer.byte-limit = 33554432 (custom)
2023-05-18 02:47:12,324 [5dc09123-b42c-44c8-87e3-729c385858db-groupManagement] INFO  server.RaftServerConfigKeys (ConfUtils.java:logGet(46)) - raft.server.log.statemachine.data.read.timeout = 1000ms (default)
2023-05-18 02:47:12,324 [5dc09123-b42c-44c8-87e3-729c385858db-groupManagement] INFO  server.RaftServerConfigKeys (ConfUtils.java:logGet(46)) - raft.server.log.purge.preservation.log.num = 0 (default)
2023-05-18 02:47:12,325 [EventQueue-PipelineReportForPipelineReportHandler] INFO  pipeline.PipelineManagerImpl (PipelineManagerImpl.java:openPipeline(367)) - Pipeline Pipeline[ Id: 742aa8be-9bd2-4dd8-bee1-3661a4e39bd4, Nodes: 5dc09123-b42c-44c8-87e3-729c385858db(fv-az180-414.aibneqh1mxpuhl3tnnuy2ifbce.bx.internal.cloudapp.net/10.1.1.154), ReplicationConfig: RATIS/ONE, State:ALLOCATED, leaderId:5dc09123-b42c-44c8-87e3-729c385858db, CreationTimestamp2023-05-18T02:47:09.316Z[Etc/UTC]] moved to OPEN state
2023-05-18 02:47:12,327 [EventQueue-OpenPipelineForHealthyPipelineSafeModeRule] INFO  safemode.SCMSafeModeManager (HealthyPipelineSafeModeRule.java:process(137)) - SCM in safe mode. Healthy pipelines reported count is 0, required healthy pipeline reported count is 1
2023-05-18 02:47:12,328 [5dc09123-b42c-44c8-87e3-729c385858db-groupManagement] INFO  server.RaftServerConfigKeys (ConfUtils.java:logGet(46)) - raft.server.log.segment.size.max = 1048576 (custom)
2023-05-18 02:47:12,328 [5dc09123-b42c-44c8-87e3-729c385858db-groupManagement] INFO  server.RaftServerConfigKeys (ConfUtils.java:logGet(46)) - raft.server.log.segment.cache.num.max = 2 (custom)
2023-05-18 02:47:12,328 [5dc09123-b42c-44c8-87e3-729c385858db-groupManagement] INFO  server.RaftServerConfigKeys (ConfUtils.java:logGet(46)) - raft.server.log.segment.cache.size.max = 200MB (=209715200) (default)
2023-05-18 02:47:12,328 [5dc09123-b42c-44c8-87e3-729c385858db-groupManagement] INFO  server.RaftServerConfigKeys (ConfUtils.java:logGet(46)) - raft.server.log.appender.buffer.byte-limit = 33554432 (custom)
2023-05-18 02:47:12,329 [5dc09123-b42c-44c8-87e3-729c385858db-groupManagement] INFO  segmented.SegmentedRaftLogWorker (SegmentedRaftLogWorker.java:<init>(188)) - new 5dc09123-b42c-44c8-87e3-729c385858db@group-3661A4E39BD4-SegmentedRaftLogWorker for RaftStorageImpl:Storage Directory /home/runner/work/ozone/ozone/hadoop-ozone/integration-test/target/test-dir/MiniOzoneClusterImpl-522acec6-bbe2-4bbe-92e7-576262f261c3/datanode-7/data/ratis/742aa8be-9bd2-4dd8-bee1-3661a4e39bd4
2023-05-18 02:47:12,329 [5dc09123-b42c-44c8-87e3-729c385858db-groupManagement] INFO  server.RaftServerConfigKeys (ConfUtils.java:logGet(46)) - raft.server.log.queue.byte-limit = 4294967296 (custom)
2023-05-18 02:47:12,329 [5dc09123-b42c-44c8-87e3-729c385858db-groupManagement] INFO  server.RaftServerConfigKeys (ConfUtils.java:logGet(46)) - raft.server.log.queue.element-limit = 1024 (custom)
2023-05-18 02:47:12,329 [5dc09123-b42c-44c8-87e3-729c385858db-groupManagement] INFO  server.RaftServerConfigKeys (ConfUtils.java:logGet(46)) - raft.server.log.segment.size.max = 1048576 (custom)
2023-05-18 02:47:12,329 [5dc09123-b42c-44c8-87e3-729c385858db-groupManagement] INFO  server.RaftServerConfigKeys (ConfUtils.java:logGet(46)) - raft.server.log.preallocated.size = 16384 (custom)
2023-05-18 02:47:12,329 [5dc09123-b42c-44c8-87e3-729c385858db-groupManagement] INFO  server.RaftServerConfigKeys (ConfUtils.java:logGet(46)) - raft.server.log.force.sync.num = 128 (default)
2023-05-18 02:47:12,329 [5dc09123-b42c-44c8-87e3-729c385858db-groupManagement] INFO  server.RaftServerConfigKeys (ConfUtils.java:logGet(46)) - raft.server.log.statemachine.data.sync = true (default)
2023-05-18 02:47:12,329 [5dc09123-b42c-44c8-87e3-729c385858db-groupManagement] INFO  server.RaftServerConfigKeys (ConfUtils.java:logGet(46)) - raft.server.log.statemachine.data.sync.timeout = 10s (default)
2023-05-18 02:47:12,329 [5dc09123-b42c-44c8-87e3-729c385858db-groupManagement] INFO  server.RaftServerConfigKeys (ConfUtils.java:logGet(46)) - raft.server.log.statemachine.data.sync.timeout.retry = -1 (default)
2023-05-18 02:47:12,330 [5dc09123-b42c-44c8-87e3-729c385858db-groupManagement] INFO  server.RaftServerConfigKeys (ConfUtils.java:logGet(46)) - raft.server.log.write.buffer.size = 1048576 (custom)
2023-05-18 02:47:12,331 [5dc09123-b42c-44c8-87e3-729c385858db-groupManagement] INFO  server.RaftServerConfigKeys (ConfUtils.java:logGet(46)) - raft.server.log.appender.buffer.byte-limit = 33554432 (custom)
2023-05-18 02:47:12,339 [5dc09123-b42c-44c8-87e3-729c385858db-groupManagement] INFO  server.RaftServerConfigKeys (ConfUtils.java:logGet(46)) - raft.server.log.unsafe-flush.enabled = false (default)
2023-05-18 02:47:12,339 [5dc09123-b42c-44c8-87e3-729c385858db-groupManagement] INFO  server.RaftServerConfigKeys (ConfUtils.java:logGet(46)) - raft.server.log.async-flush.enabled = false (default)
2023-05-18 02:47:12,339 [5dc09123-b42c-44c8-87e3-729c385858db-groupManagement] INFO  server.RaftServerConfigKeys (ConfUtils.java:logGet(46)) - raft.server.log.statemachine.data.caching.enabled = true (custom)
2023-05-18 02:47:12,339 [5dc09123-b42c-44c8-87e3-729c385858db-groupManagement] INFO  segmented.SegmentedRaftLogWorker (SegmentedRaftLogWorker.java:lambda$new$0(135)) - 5dc09123-b42c-44c8-87e3-729c385858db@group-3661A4E39BD4-SegmentedRaftLogWorker: flushIndex: setUnconditionally 0 -> -1
2023-05-18 02:47:12,339 [5dc09123-b42c-44c8-87e3-729c385858db-groupManagement] INFO  segmented.SegmentedRaftLogWorker (SegmentedRaftLogWorker.java:lambda$new$0(135)) - 5dc09123-b42c-44c8-87e3-729c385858db@group-3661A4E39BD4-SegmentedRaftLogWorker: safeCacheEvictIndex: setUnconditionally 0 -> -1
2023-05-18 02:47:12,340 [5dc09123-b42c-44c8-87e3-729c385858db-groupManagement] INFO  server.RaftServer$Division (RaftServerImpl.java:start(342)) - 5dc09123-b42c-44c8-87e3-729c385858db@group-3661A4E39BD4: start as a follower, conf=-1: peers:[5dc09123-b42c-44c8-87e3-729c385858db|rpc:10.1.1.154:15069|admin:10.1.1.154:15068|client:10.1.1.154:15067|dataStream:10.1.1.154:15070|priority:1|startupRole:FOLLOWER]|listeners:[], old=null
2023-05-18 02:47:12,340 [5dc09123-b42c-44c8-87e3-729c385858db-groupManagement] INFO  server.RaftServer$Division (RaftServerImpl.java:setRole(329)) - 5dc09123-b42c-44c8-87e3-729c385858db@group-3661A4E39BD4: changes role from      null to FOLLOWER at term 0 for startAsFollower
2023-05-18 02:47:12,340 [5dc09123-b42c-44c8-87e3-729c385858db-groupManagement] INFO  impl.RoleInfo (RoleInfo.java:updateAndGet(139)) - 5dc09123-b42c-44c8-87e3-729c385858db: start 5dc09123-b42c-44c8-87e3-729c385858db@group-3661A4E39BD4-FollowerState
2023-05-18 02:47:12,341 [5dc09123-b42c-44c8-87e3-729c385858db-groupManagement] INFO  util.JmxRegister (JmxRegister.java:tryRegister(44)) - Successfully registered JMX Bean with object name Ratis:service=RaftServer,group=group-3661A4E39BD4,id=5dc09123-b42c-44c8-87e3-729c385858db
2023-05-18 02:47:12,341 [5dc09123-b42c-44c8-87e3-729c385858db-groupManagement] INFO  server.RaftServerConfigKeys (ConfUtils.java:logGet(46)) - raft.server.snapshot.auto.trigger.enabled = true (custom)
2023-05-18 02:47:12,341 [5dc09123-b42c-44c8-87e3-729c385858db-groupManagement] INFO  server.RaftServerConfigKeys (ConfUtils.java:logGet(46)) - raft.server.snapshot.auto.trigger.threshold = 10000 (custom)
2023-05-18 02:47:12,341 [5dc09123-b42c-44c8-87e3-729c385858db-groupManagement] INFO  server.RaftServerConfigKeys (ConfUtils.java:logGet(46)) - raft.server.snapshot.retention.file.num = 5 (custom)
2023-05-18 02:47:12,341 [5dc09123-b42c-44c8-87e3-729c385858db-groupManagement] INFO  server.RaftServerConfigKeys (ConfUtils.java:logGet(46)) - raft.server.log.purge.upto.snapshot.index = false (default)
2023-05-18 02:47:12,342 [5dc09123-b42c-44c8-87e3-729c385858db@group-3661A4E39BD4-FollowerState] INFO  server.RaftServerConfigKeys (ConfUtils.java:logFallback(53)) - raft.server.rpc.first-election.timeout.min = 5s (fallback to raft.server.rpc.timeout.min)
2023-05-18 02:47:12,342 [5dc09123-b42c-44c8-87e3-729c385858db@group-3661A4E39BD4-FollowerState] INFO  server.RaftServerConfigKeys (ConfUtils.java:logFallback(53)) - raft.server.rpc.first-election.timeout.max = 5200ms (fallback to raft.server.rpc.timeout.max)
2023-05-18 02:47:12,344 [Command processor thread] INFO  ratis.XceiverServerRatis (XceiverServerRatis.java:addGroup(806)) - Created group PipelineID=742aa8be-9bd2-4dd8-bee1-3661a4e39bd4
2023-05-18 02:47:12,344 [Command processor thread] INFO  commandhandler.CreatePipelineCommandHandler (CreatePipelineCommandHandler.java:handle(113)) - Created Pipeline RATIS ONE PipelineID=742aa8be-9bd2-4dd8-bee1-3661a4e39bd4.
2023-05-18 02:47:12,372 [BlockDeletingService#3] INFO  interfaces.ContainerDeletionChoosingPolicyTemplate (ContainerDeletionChoosingPolicyTemplate.java:chooseContainerForBlockDeletion(83)) - Chosen 0/5000 blocks from 0 candidate containers.
2023-05-18 02:47:12,372 [BlockDeletingService#1] INFO  interfaces.ContainerDeletionChoosingPolicyTemplate (ContainerDeletionChoosingPolicyTemplate.java:chooseContainerForBlockDeletion(83)) - Chosen 0/5000 blocks from 0 candidate containers.
2023-05-18 02:47:12,445 [BlockDeletingService#0] INFO  interfaces.ContainerDeletionChoosingPolicyTemplate (ContainerDeletionChoosingPolicyTemplate.java:chooseContainerForBlockDeletion(83)) - Chosen 0/5000 blocks from 0 candidate containers.
2023-05-18 02:47:12,682 [BlockDeletingService#3] INFO  interfaces.ContainerDeletionChoosingPolicyTemplate (ContainerDeletionChoosingPolicyTemplate.java:chooseContainerForBlockDeletion(83)) - Chosen 0/5000 blocks from 0 candidate containers.
2023-05-18 02:47:13,078 [BlockDeletingService#0] INFO  interfaces.ContainerDeletionChoosingPolicyTemplate (ContainerDeletionChoosingPolicyTemplate.java:chooseContainerForBlockDeletion(83)) - Chosen 0/5000 blocks from 0 candidate containers.
2023-05-18 02:47:13,078 [BlockDeletingService#0] INFO  interfaces.ContainerDeletionChoosingPolicyTemplate (ContainerDeletionChoosingPolicyTemplate.java:chooseContainerForBlockDeletion(83)) - Chosen 0/5000 blocks from 0 candidate containers.
2023-05-18 02:47:13,081 [BlockDeletingService#3] INFO  interfaces.ContainerDeletionChoosingPolicyTemplate (ContainerDeletionChoosingPolicyTemplate.java:chooseContainerForBlockDeletion(83)) - Chosen 0/5000 blocks from 0 candidate containers.
2023-05-18 02:47:13,183 [BlockDeletingService#4] INFO  interfaces.ContainerDeletionChoosingPolicyTemplate (ContainerDeletionChoosingPolicyTemplate.java:chooseContainerForBlockDeletion(83)) - Chosen 0/5000 blocks from 0 candidate containers.
2023-05-18 02:47:13,317 [Listener at 127.0.0.1/15004] INFO  ozone.MiniOzoneClusterImpl (MiniOzoneClusterImpl.java:lambda$waitForClusterToBeReady$0(222)) - Nodes are ready. Got 8 of 8 DN Heartbeats.
2023-05-18 02:47:13,318 [Listener at 127.0.0.1/15004] INFO  ozone.MiniOzoneClusterImpl (MiniOzoneClusterImpl.java:lambda$waitForClusterToBeReady$0(225)) - Waiting for cluster to exit safe mode
2023-05-18 02:47:13,318 [Listener at 127.0.0.1/15004] INFO  ozone.MiniOzoneClusterImpl (MiniOzoneClusterImpl.java:lambda$waitForClusterToBeReady$0(227)) - SCM became leader
2023-05-18 02:47:13,372 [BlockDeletingService#0] INFO  interfaces.ContainerDeletionChoosingPolicyTemplate (ContainerDeletionChoosingPolicyTemplate.java:chooseContainerForBlockDeletion(83)) - Chosen 0/5000 blocks from 0 candidate containers.
2023-05-18 02:47:13,373 [BlockDeletingService#3] INFO  interfaces.ContainerDeletionChoosingPolicyTemplate (ContainerDeletionChoosingPolicyTemplate.java:chooseContainerForBlockDeletion(83)) - Chosen 0/5000 blocks from 0 candidate containers.
2023-05-18 02:47:13,445 [BlockDeletingService#4] INFO  interfaces.ContainerDeletionChoosingPolicyTemplate (ContainerDeletionChoosingPolicyTemplate.java:chooseContainerForBlockDeletion(83)) - Chosen 0/5000 blocks from 0 candidate containers.
2023-05-18 02:47:13,683 [BlockDeletingService#0] INFO  interfaces.ContainerDeletionChoosingPolicyTemplate (ContainerDeletionChoosingPolicyTemplate.java:chooseContainerForBlockDeletion(83)) - Chosen 0/5000 blocks from 0 candidate containers.
2023-05-18 02:47:14,078 [BlockDeletingService#4] INFO  interfaces.ContainerDeletionChoosingPolicyTemplate (ContainerDeletionChoosingPolicyTemplate.java:chooseContainerForBlockDeletion(83)) - Chosen 0/5000 blocks from 0 candidate containers.
2023-05-18 02:47:14,079 [BlockDeletingService#4] INFO  interfaces.ContainerDeletionChoosingPolicyTemplate (ContainerDeletionChoosingPolicyTemplate.java:chooseContainerForBlockDeletion(83)) - Chosen 0/5000 blocks from 0 candidate containers.
2023-05-18 02:47:14,081 [BlockDeletingService#0] INFO  interfaces.ContainerDeletionChoosingPolicyTemplate (ContainerDeletionChoosingPolicyTemplate.java:chooseContainerForBlockDeletion(83)) - Chosen 0/5000 blocks from 0 candidate containers.
2023-05-18 02:47:14,183 [BlockDeletingService#2] INFO  interfaces.ContainerDeletionChoosingPolicyTemplate (ContainerDeletionChoosingPolicyTemplate.java:chooseContainerForBlockDeletion(83)) - Chosen 0/5000 blocks from 0 candidate containers.
2023-05-18 02:47:14,318 [Listener at 127.0.0.1/15004] INFO  ozone.MiniOzoneClusterImpl (MiniOzoneClusterImpl.java:lambda$waitForClusterToBeReady$0(222)) - Nodes are ready. Got 8 of 8 DN Heartbeats.
2023-05-18 02:47:14,318 [Listener at 127.0.0.1/15004] INFO  ozone.MiniOzoneClusterImpl (MiniOzoneClusterImpl.java:lambda$waitForClusterToBeReady$0(225)) - Waiting for cluster to exit safe mode
2023-05-18 02:47:14,318 [Listener at 127.0.0.1/15004] INFO  ozone.MiniOzoneClusterImpl (MiniOzoneClusterImpl.java:lambda$waitForClusterToBeReady$0(227)) - SCM became leader
2023-05-18 02:47:14,372 [BlockDeletingService#4] INFO  interfaces.ContainerDeletionChoosingPolicyTemplate (ContainerDeletionChoosingPolicyTemplate.java:chooseContainerForBlockDeletion(83)) - Chosen 0/5000 blocks from 0 candidate containers.
2023-05-18 02:47:14,373 [BlockDeletingService#0] INFO  interfaces.ContainerDeletionChoosingPolicyTemplate (ContainerDeletionChoosingPolicyTemplate.java:chooseContainerForBlockDeletion(83)) - Chosen 0/5000 blocks from 0 candidate containers.
2023-05-18 02:47:14,445 [BlockDeletingService#2] INFO  interfaces.ContainerDeletionChoosingPolicyTemplate (ContainerDeletionChoosingPolicyTemplate.java:chooseContainerForBlockDeletion(83)) - Chosen 0/5000 blocks from 0 candidate containers.
2023-05-18 02:47:14,683 [BlockDeletingService#4] INFO  interfaces.ContainerDeletionChoosingPolicyTemplate (ContainerDeletionChoosingPolicyTemplate.java:chooseContainerForBlockDeletion(83)) - Chosen 0/5000 blocks from 0 candidate containers.
2023-05-18 02:47:14,930 [a884725c-3443-458c-8df7-7c5a51101be7@group-D8E9308DBF4A-FollowerState] INFO  impl.FollowerState (FollowerState.java:run(143)) - a884725c-3443-458c-8df7-7c5a51101be7@group-D8E9308DBF4A-FollowerState: change to CANDIDATE, lastRpcElapsedTime:5011426120ns, electionTimeout:5002ms
2023-05-18 02:47:14,930 [a884725c-3443-458c-8df7-7c5a51101be7@group-D8E9308DBF4A-FollowerState] INFO  impl.RoleInfo (RoleInfo.java:shutdownFollowerState(110)) - a884725c-3443-458c-8df7-7c5a51101be7: shutdown a884725c-3443-458c-8df7-7c5a51101be7@group-D8E9308DBF4A-FollowerState
2023-05-18 02:47:14,930 [a884725c-3443-458c-8df7-7c5a51101be7@group-D8E9308DBF4A-FollowerState] INFO  server.RaftServer$Division (RaftServerImpl.java:setRole(329)) - a884725c-3443-458c-8df7-7c5a51101be7@group-D8E9308DBF4A: changes role from  FOLLOWER to CANDIDATE at term 0 for changeToCandidate
2023-05-18 02:47:14,932 [a884725c-3443-458c-8df7-7c5a51101be7@group-D8E9308DBF4A-FollowerState] INFO  server.RaftServerConfigKeys (ConfUtils.java:logGet(46)) - raft.server.leaderelection.pre-vote = true (default)
2023-05-18 02:47:14,932 [a884725c-3443-458c-8df7-7c5a51101be7@group-D8E9308DBF4A-FollowerState] INFO  impl.RoleInfo (RoleInfo.java:updateAndGet(139)) - a884725c-3443-458c-8df7-7c5a51101be7: start a884725c-3443-458c-8df7-7c5a51101be7@group-D8E9308DBF4A-LeaderElection2
2023-05-18 02:47:14,936 [a884725c-3443-458c-8df7-7c5a51101be7@group-D8E9308DBF4A-LeaderElection2] INFO  impl.LeaderElection (LeaderElection.java:askForVotes(321)) - a884725c-3443-458c-8df7-7c5a51101be7@group-D8E9308DBF4A-LeaderElection2 PRE_VOTE round 0: submit vote requests at term 0 for -1: peers:[a884725c-3443-458c-8df7-7c5a51101be7|rpc:10.1.1.154:15013|admin:10.1.1.154:15012|client:10.1.1.154:15011|dataStream:10.1.1.154:15014|priority:1|startupRole:FOLLOWER]|listeners:[], old=null
2023-05-18 02:47:14,936 [a884725c-3443-458c-8df7-7c5a51101be7@group-D8E9308DBF4A-LeaderElection2] INFO  impl.LeaderElection (LeaderElection.java:askForVotes(323)) - a884725c-3443-458c-8df7-7c5a51101be7@group-D8E9308DBF4A-LeaderElection2 PRE_VOTE round 0: result PASSED (term=0)
2023-05-18 02:47:14,938 [a884725c-3443-458c-8df7-7c5a51101be7@group-D8E9308DBF4A-LeaderElection2] INFO  impl.LeaderElection (LeaderElection.java:askForVotes(321)) - a884725c-3443-458c-8df7-7c5a51101be7@group-D8E9308DBF4A-LeaderElection2 ELECTION round 0: submit vote requests at term 1 for -1: peers:[a884725c-3443-458c-8df7-7c5a51101be7|rpc:10.1.1.154:15013|admin:10.1.1.154:15012|client:10.1.1.154:15011|dataStream:10.1.1.154:15014|priority:1|startupRole:FOLLOWER]|listeners:[], old=null
2023-05-18 02:47:14,938 [a884725c-3443-458c-8df7-7c5a51101be7@group-D8E9308DBF4A-LeaderElection2] INFO  impl.LeaderElection (LeaderElection.java:askForVotes(323)) - a884725c-3443-458c-8df7-7c5a51101be7@group-D8E9308DBF4A-LeaderElection2 ELECTION round 0: result PASSED (term=1)
2023-05-18 02:47:14,938 [a884725c-3443-458c-8df7-7c5a51101be7@group-D8E9308DBF4A-LeaderElection2] INFO  impl.RoleInfo (RoleInfo.java:shutdownLeaderElection(130)) - a884725c-3443-458c-8df7-7c5a51101be7: shutdown a884725c-3443-458c-8df7-7c5a51101be7@group-D8E9308DBF4A-LeaderElection2
2023-05-18 02:47:14,938 [a884725c-3443-458c-8df7-7c5a51101be7@group-D8E9308DBF4A-LeaderElection2] INFO  server.RaftServer$Division (RaftServerImpl.java:setRole(329)) - a884725c-3443-458c-8df7-7c5a51101be7@group-D8E9308DBF4A: changes role from CANDIDATE to LEADER at term 1 for changeToLeader
2023-05-18 02:47:14,938 [a884725c-3443-458c-8df7-7c5a51101be7@group-D8E9308DBF4A-LeaderElection2] INFO  ratis.XceiverServerRatis (XceiverServerRatis.java:handleLeaderChangedNotification(904)) - Leader change notification received for group: group-D8E9308DBF4A with new leaderId: a884725c-3443-458c-8df7-7c5a51101be7
2023-05-18 02:47:14,939 [a884725c-3443-458c-8df7-7c5a51101be7@group-D8E9308DBF4A-LeaderElection2] INFO  server.RaftServer$Division (ServerState.java:setLeader(317)) - a884725c-3443-458c-8df7-7c5a51101be7@group-D8E9308DBF4A: change Leader from null to a884725c-3443-458c-8df7-7c5a51101be7 at term 1 for becomeLeader, leader elected after 5057ms
2023-05-18 02:47:14,939 [a884725c-3443-458c-8df7-7c5a51101be7@group-D8E9308DBF4A-LeaderElection2] INFO  server.RaftServerConfigKeys (ConfUtils.java:logGet(46)) - raft.server.staging.catchup.gap = 1000 (default)
2023-05-18 02:47:14,940 [a884725c-3443-458c-8df7-7c5a51101be7@group-D8E9308DBF4A-LeaderElection2] INFO  server.RaftServerConfigKeys (ConfUtils.java:logGet(46)) - raft.server.write.element-limit = 1024 (custom)
2023-05-18 02:47:14,940 [a884725c-3443-458c-8df7-7c5a51101be7@group-D8E9308DBF4A-LeaderElection2] INFO  server.RaftServerConfigKeys (ConfUtils.java:logGet(46)) - raft.server.write.byte-limit = 1024 M (=1073741824) (custom)
2023-05-18 02:47:14,940 [a884725c-3443-458c-8df7-7c5a51101be7@group-D8E9308DBF4A-LeaderElection2] INFO  server.RaftServerConfigKeys (ConfUtils.java:logGet(46)) - raft.server.watch.timeout = 180s (custom)
2023-05-18 02:47:14,940 [a884725c-3443-458c-8df7-7c5a51101be7@group-D8E9308DBF4A-LeaderElection2] INFO  server.RaftServerConfigKeys (ConfUtils.java:logGet(46)) - raft.server.watch.timeout.denomination = 1s (default)
2023-05-18 02:47:14,940 [a884725c-3443-458c-8df7-7c5a51101be7@group-D8E9308DBF4A-LeaderElection2] INFO  server.RaftServerConfigKeys (ConfUtils.java:logGet(46)) - raft.server.watch.element-limit = 65536 (default)
2023-05-18 02:47:14,940 [EventQueue-OpenPipelineForHealthyPipelineSafeModeRule] INFO  safemode.SCMSafeModeManager (HealthyPipelineSafeModeRule.java:process(137)) - SCM in safe mode. Healthy pipelines reported count is 0, required healthy pipeline reported count is 1
2023-05-18 02:47:14,941 [a884725c-3443-458c-8df7-7c5a51101be7@group-D8E9308DBF4A-LeaderElection2] INFO  server.RaftServerConfigKeys (ConfUtils.java:logGet(46)) - raft.server.write.element-limit = 1024 (custom)
2023-05-18 02:47:14,941 [a884725c-3443-458c-8df7-7c5a51101be7@group-D8E9308DBF4A-LeaderElection2] INFO  server.RaftServerConfigKeys (ConfUtils.java:logGet(46)) - raft.server.write.follower.gap.ratio.max = -1.0 (default)
2023-05-18 02:47:14,941 [a884725c-3443-458c-8df7-7c5a51101be7@group-D8E9308DBF4A-LeaderElection2] INFO  impl.RoleInfo (RoleInfo.java:updateAndGet(139)) - a884725c-3443-458c-8df7-7c5a51101be7: start a884725c-3443-458c-8df7-7c5a51101be7@group-D8E9308DBF4A-LeaderStateImpl
2023-05-18 02:47:14,942 [a884725c-3443-458c-8df7-7c5a51101be7@group-D8E9308DBF4A-LeaderElection2] INFO  segmented.SegmentedRaftLogWorker (SegmentedRaftLogWorker.java:startLogSegment(447)) - a884725c-3443-458c-8df7-7c5a51101be7@group-D8E9308DBF4A-SegmentedRaftLogWorker: Starting segment from index:0
2023-05-18 02:47:14,944 [a884725c-3443-458c-8df7-7c5a51101be7@group-D8E9308DBF4A-SegmentedRaftLogWorker] INFO  segmented.SegmentedRaftLogWorker (SegmentedRaftLogWorker.java:execute(651)) - a884725c-3443-458c-8df7-7c5a51101be7@group-D8E9308DBF4A-SegmentedRaftLogWorker: created new log segment /home/runner/work/ozone/ozone/hadoop-ozone/integration-test/target/test-dir/MiniOzoneClusterImpl-522acec6-bbe2-4bbe-92e7-576262f261c3/datanode-0/data/ratis/e05b13f2-26fa-4a7c-9892-d8e9308dbf4a/current/log_inprogress_0
2023-05-18 02:47:14,949 [a884725c-3443-458c-8df7-7c5a51101be7@group-D8E9308DBF4A-LeaderElection2] INFO  server.RaftServer$Division (ServerState.java:setRaftConf(434)) - a884725c-3443-458c-8df7-7c5a51101be7@group-D8E9308DBF4A: set configuration 0: peers:[a884725c-3443-458c-8df7-7c5a51101be7|rpc:10.1.1.154:15013|admin:10.1.1.154:15012|client:10.1.1.154:15011|dataStream:10.1.1.154:15014|priority:1|startupRole:FOLLOWER]|listeners:[], old=null
2023-05-18 02:47:15,079 [BlockDeletingService#2] INFO  interfaces.ContainerDeletionChoosingPolicyTemplate (ContainerDeletionChoosingPolicyTemplate.java:chooseContainerForBlockDeletion(83)) - Chosen 0/5000 blocks from 0 candidate containers.
2023-05-18 02:47:15,080 [BlockDeletingService#2] INFO  interfaces.ContainerDeletionChoosingPolicyTemplate (ContainerDeletionChoosingPolicyTemplate.java:chooseContainerForBlockDeletion(83)) - Chosen 0/5000 blocks from 0 candidate containers.
2023-05-18 02:47:15,081 [BlockDeletingService#4] INFO  interfaces.ContainerDeletionChoosingPolicyTemplate (ContainerDeletionChoosingPolicyTemplate.java:chooseContainerForBlockDeletion(83)) - Chosen 0/5000 blocks from 0 candidate containers.
2023-05-18 02:47:15,183 [BlockDeletingService#2] INFO  interfaces.ContainerDeletionChoosingPolicyTemplate (ContainerDeletionChoosingPolicyTemplate.java:chooseContainerForBlockDeletion(83)) - Chosen 0/5000 blocks from 0 candidate containers.
2023-05-18 02:47:15,184 [a884725c-3443-458c-8df7-7c5a51101be7@group-0423365083F1-FollowerState] INFO  impl.FollowerState (FollowerState.java:run(143)) - a884725c-3443-458c-8df7-7c5a51101be7@group-0423365083F1-FollowerState: change to CANDIDATE, lastRpcElapsedTime:5199401476ns, electionTimeout:5191ms
2023-05-18 02:47:15,185 [a884725c-3443-458c-8df7-7c5a51101be7@group-0423365083F1-FollowerState] INFO  impl.RoleInfo (RoleInfo.java:shutdownFollowerState(110)) - a884725c-3443-458c-8df7-7c5a51101be7: shutdown a884725c-3443-458c-8df7-7c5a51101be7@group-0423365083F1-FollowerState
2023-05-18 02:47:15,186 [a884725c-3443-458c-8df7-7c5a51101be7@group-0423365083F1-FollowerState] INFO  server.RaftServer$Division (RaftServerImpl.java:setRole(329)) - a884725c-3443-458c-8df7-7c5a51101be7@group-0423365083F1: changes role from  FOLLOWER to CANDIDATE at term 0 for changeToCandidate
2023-05-18 02:47:15,186 [a884725c-3443-458c-8df7-7c5a51101be7@group-0423365083F1-FollowerState] INFO  server.RaftServerConfigKeys (ConfUtils.java:logGet(46)) - raft.server.leaderelection.pre-vote = true (default)
2023-05-18 02:47:15,186 [a884725c-3443-458c-8df7-7c5a51101be7@group-0423365083F1-FollowerState] INFO  impl.RoleInfo (RoleInfo.java:updateAndGet(139)) - a884725c-3443-458c-8df7-7c5a51101be7: start a884725c-3443-458c-8df7-7c5a51101be7@group-0423365083F1-LeaderElection3
2023-05-18 02:47:15,188 [a884725c-3443-458c-8df7-7c5a51101be7@group-0423365083F1-LeaderElection3] INFO  impl.LeaderElection (LeaderElection.java:askForVotes(321)) - a884725c-3443-458c-8df7-7c5a51101be7@group-0423365083F1-LeaderElection3 PRE_VOTE round 0: submit vote requests at term 0 for -1: peers:[a884725c-3443-458c-8df7-7c5a51101be7|rpc:10.1.1.154:15013|admin:10.1.1.154:15012|client:10.1.1.154:15011|dataStream:10.1.1.154:15014|priority:0|startupRole:FOLLOWER, a754d4c8-bbdd-415d-ab5e-ea5caa73cb25|rpc:10.1.1.154:15021|admin:10.1.1.154:15020|client:10.1.1.154:15019|dataStream:10.1.1.154:15022|priority:0|startupRole:FOLLOWER, eda5bed9-420b-4517-a9a1-164df2c5dc2a|rpc:10.1.1.154:15029|admin:10.1.1.154:15028|client:10.1.1.154:15027|dataStream:10.1.1.154:15030|priority:1|startupRole:FOLLOWER]|listeners:[], old=null
2023-05-18 02:47:15,193 [a884725c-3443-458c-8df7-7c5a51101be7@group-0423365083F1-LeaderElection3] INFO  server.RaftServerConfigKeys (ConfUtils.java:logFallback(53)) - raft.server.rpc.first-election.timeout.min = 5s (fallback to raft.server.rpc.timeout.min)
2023-05-18 02:47:15,193 [a884725c-3443-458c-8df7-7c5a51101be7@group-0423365083F1-LeaderElection3] INFO  server.RaftServerConfigKeys (ConfUtils.java:logFallback(53)) - raft.server.rpc.first-election.timeout.max = 5200ms (fallback to raft.server.rpc.timeout.max)
2023-05-18 02:47:15,194 [a884725c-3443-458c-8df7-7c5a51101be7@group-0423365083F1-LeaderElection3-1] INFO  server.GrpcServerProtocolClient (GrpcServerProtocolClient.java:<init>(65)) - Build channel for a754d4c8-bbdd-415d-ab5e-ea5caa73cb25
2023-05-18 02:47:15,195 [a884725c-3443-458c-8df7-7c5a51101be7@group-0423365083F1-LeaderElection3-2] INFO  server.GrpcServerProtocolClient (GrpcServerProtocolClient.java:<init>(65)) - Build channel for eda5bed9-420b-4517-a9a1-164df2c5dc2a
2023-05-18 02:47:15,215 [grpc-default-executor-0] INFO  server.RaftServer$Division (RaftServerImpl.java:requestVote(1302)) - eda5bed9-420b-4517-a9a1-164df2c5dc2a@group-0423365083F1: receive requestVote(PRE_VOTE, a884725c-3443-458c-8df7-7c5a51101be7, group-0423365083F1, 0, (t:0, i:0))
2023-05-18 02:47:15,218 [grpc-default-executor-0] INFO  impl.VoteContext (VoteContext.java:log(49)) - eda5bed9-420b-4517-a9a1-164df2c5dc2a@group-0423365083F1-FOLLOWER: reject PRE_VOTE from a884725c-3443-458c-8df7-7c5a51101be7: our priority 1 > candidate's priority 0
2023-05-18 02:47:15,224 [grpc-default-executor-1] INFO  server.RaftServer$Division (RaftServerImpl.java:requestVote(1302)) - a754d4c8-bbdd-415d-ab5e-ea5caa73cb25@group-0423365083F1: receive requestVote(PRE_VOTE, a884725c-3443-458c-8df7-7c5a51101be7, group-0423365083F1, 0, (t:0, i:0))
2023-05-18 02:47:15,225 [grpc-default-executor-1] INFO  impl.VoteContext (VoteContext.java:log(49)) - a754d4c8-bbdd-415d-ab5e-ea5caa73cb25@group-0423365083F1-FOLLOWER: accept PRE_VOTE from a884725c-3443-458c-8df7-7c5a51101be7: our priority 0 <= candidate's priority 0
2023-05-18 02:47:15,226 [grpc-default-executor-0] INFO  server.RaftServer$Division (RaftServerImpl.java:requestVote(1335)) - eda5bed9-420b-4517-a9a1-164df2c5dc2a@group-0423365083F1 replies to PRE_VOTE vote request: a884725c-3443-458c-8df7-7c5a51101be7<-eda5bed9-420b-4517-a9a1-164df2c5dc2a#0:FAIL-t0. Peer's state: eda5bed9-420b-4517-a9a1-164df2c5dc2a@group-0423365083F1:t0, leader=null, voted=, raftlog=Memoized:eda5bed9-420b-4517-a9a1-164df2c5dc2a@group-0423365083F1-SegmentedRaftLog:OPENED:c-1, conf=-1: peers:[a884725c-3443-458c-8df7-7c5a51101be7|rpc:10.1.1.154:15013|admin:10.1.1.154:15012|client:10.1.1.154:15011|dataStream:10.1.1.154:15014|priority:0|startupRole:FOLLOWER, a754d4c8-bbdd-415d-ab5e-ea5caa73cb25|rpc:10.1.1.154:15021|admin:10.1.1.154:15020|client:10.1.1.154:15019|dataStream:10.1.1.154:15022|priority:0|startupRole:FOLLOWER, eda5bed9-420b-4517-a9a1-164df2c5dc2a|rpc:10.1.1.154:15029|admin:10.1.1.154:15028|client:10.1.1.154:15027|dataStream:10.1.1.154:15030|priority:1|startupRole:FOLLOWER]|listeners:[], old=null
2023-05-18 02:47:15,227 [grpc-default-executor-1] INFO  server.RaftServer$Division (RaftServerImpl.java:requestVote(1335)) - a754d4c8-bbdd-415d-ab5e-ea5caa73cb25@group-0423365083F1 replies to PRE_VOTE vote request: a884725c-3443-458c-8df7-7c5a51101be7<-a754d4c8-bbdd-415d-ab5e-ea5caa73cb25#0:OK-t0. Peer's state: a754d4c8-bbdd-415d-ab5e-ea5caa73cb25@group-0423365083F1:t0, leader=null, voted=, raftlog=Memoized:a754d4c8-bbdd-415d-ab5e-ea5caa73cb25@group-0423365083F1-SegmentedRaftLog:OPENED:c-1, conf=-1: peers:[a884725c-3443-458c-8df7-7c5a51101be7|rpc:10.1.1.154:15013|admin:10.1.1.154:15012|client:10.1.1.154:15011|dataStream:10.1.1.154:15014|priority:0|startupRole:FOLLOWER, a754d4c8-bbdd-415d-ab5e-ea5caa73cb25|rpc:10.1.1.154:15021|admin:10.1.1.154:15020|client:10.1.1.154:15019|dataStream:10.1.1.154:15022|priority:0|startupRole:FOLLOWER, eda5bed9-420b-4517-a9a1-164df2c5dc2a|rpc:10.1.1.154:15029|admin:10.1.1.154:15028|client:10.1.1.154:15027|dataStream:10.1.1.154:15030|priority:1|startupRole:FOLLOWER]|listeners:[], old=null
2023-05-18 02:47:15,231 [a884725c-3443-458c-8df7-7c5a51101be7@group-0423365083F1-LeaderElection3] INFO  impl.LeaderElection (LeaderElection.java:logAndReturn(90)) - a884725c-3443-458c-8df7-7c5a51101be7@group-0423365083F1-LeaderElection3: PRE_VOTE REJECTED received 1 response(s) and 0 exception(s):
2023-05-18 02:47:15,232 [a884725c-3443-458c-8df7-7c5a51101be7@group-0423365083F1-LeaderElection3] INFO  impl.LeaderElection (LeaderElection.java:logAndReturn(94)) -   Response 0: a884725c-3443-458c-8df7-7c5a51101be7<-eda5bed9-420b-4517-a9a1-164df2c5dc2a#0:FAIL-t0
2023-05-18 02:47:15,232 [a884725c-3443-458c-8df7-7c5a51101be7@group-0423365083F1-LeaderElection3] INFO  impl.LeaderElection (LeaderElection.java:askForVotes(323)) - a884725c-3443-458c-8df7-7c5a51101be7@group-0423365083F1-LeaderElection3 PRE_VOTE round 0: result REJECTED
2023-05-18 02:47:15,233 [a884725c-3443-458c-8df7-7c5a51101be7@group-0423365083F1-LeaderElection3] INFO  server.RaftServer$Division (RaftServerImpl.java:setRole(329)) - a884725c-3443-458c-8df7-7c5a51101be7@group-0423365083F1: changes role from CANDIDATE to FOLLOWER at term 0 for REJECTED
2023-05-18 02:47:15,233 [a884725c-3443-458c-8df7-7c5a51101be7@group-0423365083F1-LeaderElection3] INFO  impl.RoleInfo (RoleInfo.java:shutdownLeaderElection(130)) - a884725c-3443-458c-8df7-7c5a51101be7: shutdown a884725c-3443-458c-8df7-7c5a51101be7@group-0423365083F1-LeaderElection3
2023-05-18 02:47:15,233 [a884725c-3443-458c-8df7-7c5a51101be7@group-0423365083F1-LeaderElection3] INFO  impl.RoleInfo (RoleInfo.java:updateAndGet(139)) - a884725c-3443-458c-8df7-7c5a51101be7: start a884725c-3443-458c-8df7-7c5a51101be7@group-0423365083F1-FollowerState
2023-05-18 02:47:15,319 [Listener at 127.0.0.1/15004] INFO  ozone.MiniOzoneClusterImpl (MiniOzoneClusterImpl.java:lambda$waitForClusterToBeReady$0(222)) - Nodes are ready. Got 8 of 8 DN Heartbeats.
2023-05-18 02:47:15,319 [Listener at 127.0.0.1/15004] INFO  ozone.MiniOzoneClusterImpl (MiniOzoneClusterImpl.java:lambda$waitForClusterToBeReady$0(225)) - Waiting for cluster to exit safe mode
2023-05-18 02:47:15,319 [Listener at 127.0.0.1/15004] INFO  ozone.MiniOzoneClusterImpl (MiniOzoneClusterImpl.java:lambda$waitForClusterToBeReady$0(227)) - SCM became leader
2023-05-18 02:47:15,373 [BlockDeletingService#2] INFO  interfaces.ContainerDeletionChoosingPolicyTemplate (ContainerDeletionChoosingPolicyTemplate.java:chooseContainerForBlockDeletion(83)) - Chosen 0/5000 blocks from 0 candidate containers.
2023-05-18 02:47:15,373 [BlockDeletingService#4] INFO  interfaces.ContainerDeletionChoosingPolicyTemplate (ContainerDeletionChoosingPolicyTemplate.java:chooseContainerForBlockDeletion(83)) - Chosen 0/5000 blocks from 0 candidate containers.
2023-05-18 02:47:15,446 [BlockDeletingService#2] INFO  interfaces.ContainerDeletionChoosingPolicyTemplate (ContainerDeletionChoosingPolicyTemplate.java:chooseContainerForBlockDeletion(83)) - Chosen 0/5000 blocks from 0 candidate containers.
2023-05-18 02:47:15,562 [a754d4c8-bbdd-415d-ab5e-ea5caa73cb25@group-A960F690CA8A-FollowerState] INFO  impl.FollowerState (FollowerState.java:run(143)) - a754d4c8-bbdd-415d-ab5e-ea5caa73cb25@group-A960F690CA8A-FollowerState: change to CANDIDATE, lastRpcElapsedTime:5128959464ns, electionTimeout:5118ms
2023-05-18 02:47:15,563 [a754d4c8-bbdd-415d-ab5e-ea5caa73cb25@group-A960F690CA8A-FollowerState] INFO  impl.RoleInfo (RoleInfo.java:shutdownFollowerState(110)) - a754d4c8-bbdd-415d-ab5e-ea5caa73cb25: shutdown a754d4c8-bbdd-415d-ab5e-ea5caa73cb25@group-A960F690CA8A-FollowerState
2023-05-18 02:47:15,563 [a754d4c8-bbdd-415d-ab5e-ea5caa73cb25@group-A960F690CA8A-FollowerState] INFO  server.RaftServer$Division (RaftServerImpl.java:setRole(329)) - a754d4c8-bbdd-415d-ab5e-ea5caa73cb25@group-A960F690CA8A: changes role from  FOLLOWER to CANDIDATE at term 0 for changeToCandidate
2023-05-18 02:47:15,564 [a754d4c8-bbdd-415d-ab5e-ea5caa73cb25@group-A960F690CA8A-FollowerState] INFO  server.RaftServerConfigKeys (ConfUtils.java:logGet(46)) - raft.server.leaderelection.pre-vote = true (default)
2023-05-18 02:47:15,564 [a754d4c8-bbdd-415d-ab5e-ea5caa73cb25@group-A960F690CA8A-FollowerState] INFO  impl.RoleInfo (RoleInfo.java:updateAndGet(139)) - a754d4c8-bbdd-415d-ab5e-ea5caa73cb25: start a754d4c8-bbdd-415d-ab5e-ea5caa73cb25@group-A960F690CA8A-LeaderElection4
2023-05-18 02:47:15,568 [a754d4c8-bbdd-415d-ab5e-ea5caa73cb25@group-A960F690CA8A-LeaderElection4] INFO  impl.LeaderElection (LeaderElection.java:askForVotes(321)) - a754d4c8-bbdd-415d-ab5e-ea5caa73cb25@group-A960F690CA8A-LeaderElection4 PRE_VOTE round 0: submit vote requests at term 0 for -1: peers:[a754d4c8-bbdd-415d-ab5e-ea5caa73cb25|rpc:10.1.1.154:15021|admin:10.1.1.154:15020|client:10.1.1.154:15019|dataStream:10.1.1.154:15022|priority:1|startupRole:FOLLOWER]|listeners:[], old=null
2023-05-18 02:47:15,569 [a754d4c8-bbdd-415d-ab5e-ea5caa73cb25@group-A960F690CA8A-LeaderElection4] INFO  impl.LeaderElection (LeaderElection.java:askForVotes(323)) - a754d4c8-bbdd-415d-ab5e-ea5caa73cb25@group-A960F690CA8A-LeaderElection4 PRE_VOTE round 0: result PASSED (term=0)
2023-05-18 02:47:15,570 [a754d4c8-bbdd-415d-ab5e-ea5caa73cb25@group-A960F690CA8A-LeaderElection4] INFO  impl.LeaderElection (LeaderElection.java:askForVotes(321)) - a754d4c8-bbdd-415d-ab5e-ea5caa73cb25@group-A960F690CA8A-LeaderElection4 ELECTION round 0: submit vote requests at term 1 for -1: peers:[a754d4c8-bbdd-415d-ab5e-ea5caa73cb25|rpc:10.1.1.154:15021|admin:10.1.1.154:15020|client:10.1.1.154:15019|dataStream:10.1.1.154:15022|priority:1|startupRole:FOLLOWER]|listeners:[], old=null
2023-05-18 02:47:15,570 [a754d4c8-bbdd-415d-ab5e-ea5caa73cb25@group-A960F690CA8A-LeaderElection4] INFO  impl.LeaderElection (LeaderElection.java:askForVotes(323)) - a754d4c8-bbdd-415d-ab5e-ea5caa73cb25@group-A960F690CA8A-LeaderElection4 ELECTION round 0: result PASSED (term=1)
2023-05-18 02:47:15,570 [a754d4c8-bbdd-415d-ab5e-ea5caa73cb25@group-A960F690CA8A-LeaderElection4] INFO  impl.RoleInfo (RoleInfo.java:shutdownLeaderElection(130)) - a754d4c8-bbdd-415d-ab5e-ea5caa73cb25: shutdown a754d4c8-bbdd-415d-ab5e-ea5caa73cb25@group-A960F690CA8A-LeaderElection4
2023-05-18 02:47:15,570 [a754d4c8-bbdd-415d-ab5e-ea5caa73cb25@group-A960F690CA8A-LeaderElection4] INFO  server.RaftServer$Division (RaftServerImpl.java:setRole(329)) - a754d4c8-bbdd-415d-ab5e-ea5caa73cb25@group-A960F690CA8A: changes role from CANDIDATE to LEADER at term 1 for changeToLeader
2023-05-18 02:47:15,570 [a754d4c8-bbdd-415d-ab5e-ea5caa73cb25@group-A960F690CA8A-LeaderElection4] INFO  ratis.XceiverServerRatis (XceiverServerRatis.java:handleLeaderChangedNotification(904)) - Leader change notification received for group: group-A960F690CA8A with new leaderId: a754d4c8-bbdd-415d-ab5e-ea5caa73cb25
2023-05-18 02:47:15,571 [a754d4c8-bbdd-415d-ab5e-ea5caa73cb25@group-A960F690CA8A-LeaderElection4] INFO  server.RaftServer$Division (ServerState.java:setLeader(317)) - a754d4c8-bbdd-415d-ab5e-ea5caa73cb25@group-A960F690CA8A: change Leader from null to a754d4c8-bbdd-415d-ab5e-ea5caa73cb25 at term 1 for becomeLeader, leader elected after 5165ms
2023-05-18 02:47:15,571 [a754d4c8-bbdd-415d-ab5e-ea5caa73cb25@group-A960F690CA8A-LeaderElection4] INFO  server.RaftServerConfigKeys (ConfUtils.java:logGet(46)) - raft.server.staging.catchup.gap = 1000 (default)
2023-05-18 02:47:15,572 [a754d4c8-bbdd-415d-ab5e-ea5caa73cb25@group-0423365083F1-FollowerState] INFO  server.RaftServerConfigKeys (ConfUtils.java:logFallback(53)) - raft.server.rpc.first-election.timeout.min = 5s (fallback to raft.server.rpc.timeout.min)
2023-05-18 02:47:15,572 [a754d4c8-bbdd-415d-ab5e-ea5caa73cb25@group-0423365083F1-FollowerState] INFO  server.RaftServerConfigKeys (ConfUtils.java:logFallback(53)) - raft.server.rpc.first-election.timeout.max = 5200ms (fallback to raft.server.rpc.timeout.max)
2023-05-18 02:47:15,573 [a754d4c8-bbdd-415d-ab5e-ea5caa73cb25@group-A960F690CA8A-LeaderElection4] INFO  server.RaftServerConfigKeys (ConfUtils.java:logGet(46)) - raft.server.write.element-limit = 1024 (custom)
2023-05-18 02:47:15,573 [a754d4c8-bbdd-415d-ab5e-ea5caa73cb25@group-A960F690CA8A-LeaderElection4] INFO  server.RaftServerConfigKeys (ConfUtils.java:logGet(46)) - raft.server.write.byte-limit = 1024 M (=1073741824) (custom)
2023-05-18 02:47:15,575 [EventQueue-OpenPipelineForHealthyPipelineSafeModeRule] INFO  safemode.SCMSafeModeManager (HealthyPipelineSafeModeRule.java:process(137)) - SCM in safe mode. Healthy pipelines reported count is 0, required healthy pipeline reported count is 1
2023-05-18 02:47:15,575 [a754d4c8-bbdd-415d-ab5e-ea5caa73cb25@group-A960F690CA8A-LeaderElection4] INFO  server.RaftServerConfigKeys (ConfUtils.java:logGet(46)) - raft.server.watch.timeout = 180s (custom)
2023-05-18 02:47:15,575 [a754d4c8-bbdd-415d-ab5e-ea5caa73cb25@group-A960F690CA8A-LeaderElection4] INFO  server.RaftServerConfigKeys (ConfUtils.java:logGet(46)) - raft.server.watch.timeout.denomination = 1s (default)
2023-05-18 02:47:15,575 [a754d4c8-bbdd-415d-ab5e-ea5caa73cb25@group-A960F690CA8A-LeaderElection4] INFO  server.RaftServerConfigKeys (ConfUtils.java:logGet(46)) - raft.server.watch.element-limit = 65536 (default)
2023-05-18 02:47:15,575 [a754d4c8-bbdd-415d-ab5e-ea5caa73cb25@group-A960F690CA8A-LeaderElection4] INFO  server.RaftServerConfigKeys (ConfUtils.java:logGet(46)) - raft.server.write.element-limit = 1024 (custom)
2023-05-18 02:47:15,575 [a754d4c8-bbdd-415d-ab5e-ea5caa73cb25@group-A960F690CA8A-LeaderElection4] INFO  server.RaftServerConfigKeys (ConfUtils.java:logGet(46)) - raft.server.write.follower.gap.ratio.max = -1.0 (default)
2023-05-18 02:47:15,575 [a754d4c8-bbdd-415d-ab5e-ea5caa73cb25@group-A960F690CA8A-LeaderElection4] INFO  impl.RoleInfo (RoleInfo.java:updateAndGet(139)) - a754d4c8-bbdd-415d-ab5e-ea5caa73cb25: start a754d4c8-bbdd-415d-ab5e-ea5caa73cb25@group-A960F690CA8A-LeaderStateImpl
2023-05-18 02:47:15,577 [a754d4c8-bbdd-415d-ab5e-ea5caa73cb25@group-A960F690CA8A-LeaderElection4] INFO  segmented.SegmentedRaftLogWorker (SegmentedRaftLogWorker.java:startLogSegment(447)) - a754d4c8-bbdd-415d-ab5e-ea5caa73cb25@group-A960F690CA8A-SegmentedRaftLogWorker: Starting segment from index:0
2023-05-18 02:47:15,578 [a754d4c8-bbdd-415d-ab5e-ea5caa73cb25@group-A960F690CA8A-SegmentedRaftLogWorker] INFO  segmented.SegmentedRaftLogWorker (SegmentedRaftLogWorker.java:execute(651)) - a754d4c8-bbdd-415d-ab5e-ea5caa73cb25@group-A960F690CA8A-SegmentedRaftLogWorker: created new log segment /home/runner/work/ozone/ozone/hadoop-ozone/integration-test/target/test-dir/MiniOzoneClusterImpl-522acec6-bbe2-4bbe-92e7-576262f261c3/datanode-1/data/ratis/e00246f2-1cdc-48e2-8ea7-a960f690ca8a/current/log_inprogress_0
2023-05-18 02:47:15,579 [a754d4c8-bbdd-415d-ab5e-ea5caa73cb25@group-A960F690CA8A-LeaderElection4] INFO  server.RaftServer$Division (ServerState.java:setRaftConf(434)) - a754d4c8-bbdd-415d-ab5e-ea5caa73cb25@group-A960F690CA8A: set configuration 0: peers:[a754d4c8-bbdd-415d-ab5e-ea5caa73cb25|rpc:10.1.1.154:15021|admin:10.1.1.154:15020|client:10.1.1.154:15019|dataStream:10.1.1.154:15022|priority:1|startupRole:FOLLOWER]|listeners:[], old=null
2023-05-18 02:47:15,598 [eda5bed9-420b-4517-a9a1-164df2c5dc2a@group-0423365083F1-FollowerState] INFO  impl.FollowerState (FollowerState.java:run(143)) - eda5bed9-420b-4517-a9a1-164df2c5dc2a@group-0423365083F1-FollowerState: change to CANDIDATE, lastRpcElapsedTime:5218041326ns, electionTimeout:5192ms
2023-05-18 02:47:15,598 [eda5bed9-420b-4517-a9a1-164df2c5dc2a@group-0423365083F1-FollowerState] INFO  impl.RoleInfo (RoleInfo.java:shutdownFollowerState(110)) - eda5bed9-420b-4517-a9a1-164df2c5dc2a: shutdown eda5bed9-420b-4517-a9a1-164df2c5dc2a@group-0423365083F1-FollowerState
2023-05-18 02:47:15,598 [eda5bed9-420b-4517-a9a1-164df2c5dc2a@group-0423365083F1-FollowerState] INFO  server.RaftServer$Division (RaftServerImpl.java:setRole(329)) - eda5bed9-420b-4517-a9a1-164df2c5dc2a@group-0423365083F1: changes role from  FOLLOWER to CANDIDATE at term 0 for changeToCandidate
2023-05-18 02:47:15,599 [eda5bed9-420b-4517-a9a1-164df2c5dc2a@group-0423365083F1-FollowerState] INFO  server.RaftServerConfigKeys (ConfUtils.java:logGet(46)) - raft.server.leaderelection.pre-vote = true (default)
2023-05-18 02:47:15,599 [eda5bed9-420b-4517-a9a1-164df2c5dc2a@group-0423365083F1-FollowerState] INFO  impl.RoleInfo (RoleInfo.java:updateAndGet(139)) - eda5bed9-420b-4517-a9a1-164df2c5dc2a: start eda5bed9-420b-4517-a9a1-164df2c5dc2a@group-0423365083F1-LeaderElection5
2023-05-18 02:47:15,600 [eda5bed9-420b-4517-a9a1-164df2c5dc2a@group-0423365083F1-LeaderElection5] INFO  impl.LeaderElection (LeaderElection.java:askForVotes(321)) - eda5bed9-420b-4517-a9a1-164df2c5dc2a@group-0423365083F1-LeaderElection5 PRE_VOTE round 0: submit vote requests at term 0 for -1: peers:[a884725c-3443-458c-8df7-7c5a51101be7|rpc:10.1.1.154:15013|admin:10.1.1.154:15012|client:10.1.1.154:15011|dataStream:10.1.1.154:15014|priority:0|startupRole:FOLLOWER, a754d4c8-bbdd-415d-ab5e-ea5caa73cb25|rpc:10.1.1.154:15021|admin:10.1.1.154:15020|client:10.1.1.154:15019|dataStream:10.1.1.154:15022|priority:0|startupRole:FOLLOWER, eda5bed9-420b-4517-a9a1-164df2c5dc2a|rpc:10.1.1.154:15029|admin:10.1.1.154:15028|client:10.1.1.154:15027|dataStream:10.1.1.154:15030|priority:1|startupRole:FOLLOWER]|listeners:[], old=null
2023-05-18 02:47:15,601 [eda5bed9-420b-4517-a9a1-164df2c5dc2a@group-0423365083F1-LeaderElection5-1] INFO  server.GrpcServerProtocolClient (GrpcServerProtocolClient.java:<init>(65)) - Build channel for a884725c-3443-458c-8df7-7c5a51101be7
2023-05-18 02:47:15,601 [eda5bed9-420b-4517-a9a1-164df2c5dc2a@group-0423365083F1-LeaderElection5] INFO  server.RaftServerConfigKeys (ConfUtils.java:logFallback(53)) - raft.server.rpc.first-election.timeout.min = 5s (fallback to raft.server.rpc.timeout.min)
2023-05-18 02:47:15,601 [eda5bed9-420b-4517-a9a1-164df2c5dc2a@group-0423365083F1-LeaderElection5] INFO  server.RaftServerConfigKeys (ConfUtils.java:logFallback(53)) - raft.server.rpc.first-election.timeout.max = 5200ms (fallback to raft.server.rpc.timeout.max)
2023-05-18 02:47:15,601 [eda5bed9-420b-4517-a9a1-164df2c5dc2a@group-0423365083F1-LeaderElection5-2] INFO  server.GrpcServerProtocolClient (GrpcServerProtocolClient.java:<init>(65)) - Build channel for a754d4c8-bbdd-415d-ab5e-ea5caa73cb25
2023-05-18 02:47:15,613 [grpc-default-executor-1] INFO  server.RaftServer$Division (RaftServerImpl.java:requestVote(1302)) - a754d4c8-bbdd-415d-ab5e-ea5caa73cb25@group-0423365083F1: receive requestVote(PRE_VOTE, eda5bed9-420b-4517-a9a1-164df2c5dc2a, group-0423365083F1, 0, (t:0, i:0))
2023-05-18 02:47:15,614 [grpc-default-executor-1] INFO  impl.VoteContext (VoteContext.java:log(49)) - a754d4c8-bbdd-415d-ab5e-ea5caa73cb25@group-0423365083F1-FOLLOWER: accept PRE_VOTE from eda5bed9-420b-4517-a9a1-164df2c5dc2a: our priority 0 <= candidate's priority 1
2023-05-18 02:47:15,614 [grpc-default-executor-1] INFO  server.RaftServer$Division (RaftServerImpl.java:requestVote(1335)) - a754d4c8-bbdd-415d-ab5e-ea5caa73cb25@group-0423365083F1 replies to PRE_VOTE vote request: eda5bed9-420b-4517-a9a1-164df2c5dc2a<-a754d4c8-bbdd-415d-ab5e-ea5caa73cb25#0:OK-t0. Peer's state: a754d4c8-bbdd-415d-ab5e-ea5caa73cb25@group-0423365083F1:t0, leader=null, voted=, raftlog=Memoized:a754d4c8-bbdd-415d-ab5e-ea5caa73cb25@group-0423365083F1-SegmentedRaftLog:OPENED:c-1, conf=-1: peers:[a884725c-3443-458c-8df7-7c5a51101be7|rpc:10.1.1.154:15013|admin:10.1.1.154:15012|client:10.1.1.154:15011|dataStream:10.1.1.154:15014|priority:0|startupRole:FOLLOWER, a754d4c8-bbdd-415d-ab5e-ea5caa73cb25|rpc:10.1.1.154:15021|admin:10.1.1.154:15020|client:10.1.1.154:15019|dataStream:10.1.1.154:15022|priority:0|startupRole:FOLLOWER, eda5bed9-420b-4517-a9a1-164df2c5dc2a|rpc:10.1.1.154:15029|admin:10.1.1.154:15028|client:10.1.1.154:15027|dataStream:10.1.1.154:15030|priority:1|startupRole:FOLLOWER]|listeners:[], old=null
2023-05-18 02:47:15,616 [eda5bed9-420b-4517-a9a1-164df2c5dc2a@group-0423365083F1-LeaderElection5] INFO  impl.LeaderElection (LeaderElection.java:logAndReturn(90)) - eda5bed9-420b-4517-a9a1-164df2c5dc2a@group-0423365083F1-LeaderElection5: PRE_VOTE PASSED received 1 response(s) and 0 exception(s):
2023-05-18 02:47:15,616 [eda5bed9-420b-4517-a9a1-164df2c5dc2a@group-0423365083F1-LeaderElection5] INFO  impl.LeaderElection (LeaderElection.java:logAndReturn(94)) -   Response 0: eda5bed9-420b-4517-a9a1-164df2c5dc2a<-a754d4c8-bbdd-415d-ab5e-ea5caa73cb25#0:OK-t0
2023-05-18 02:47:15,616 [eda5bed9-420b-4517-a9a1-164df2c5dc2a@group-0423365083F1-LeaderElection5] INFO  impl.LeaderElection (LeaderElection.java:askForVotes(323)) - eda5bed9-420b-4517-a9a1-164df2c5dc2a@group-0423365083F1-LeaderElection5 PRE_VOTE round 0: result PASSED
2023-05-18 02:47:15,618 [eda5bed9-420b-4517-a9a1-164df2c5dc2a@group-0423365083F1-LeaderElection5] INFO  impl.LeaderElection (LeaderElection.java:askForVotes(321)) - eda5bed9-420b-4517-a9a1-164df2c5dc2a@group-0423365083F1-LeaderElection5 ELECTION round 0: submit vote requests at term 1 for -1: peers:[a884725c-3443-458c-8df7-7c5a51101be7|rpc:10.1.1.154:15013|admin:10.1.1.154:15012|client:10.1.1.154:15011|dataStream:10.1.1.154:15014|priority:0|startupRole:FOLLOWER, a754d4c8-bbdd-415d-ab5e-ea5caa73cb25|rpc:10.1.1.154:15021|admin:10.1.1.154:15020|client:10.1.1.154:15019|dataStream:10.1.1.154:15022|priority:0|startupRole:FOLLOWER, eda5bed9-420b-4517-a9a1-164df2c5dc2a|rpc:10.1.1.154:15029|admin:10.1.1.154:15028|client:10.1.1.154:15027|dataStream:10.1.1.154:15030|priority:1|startupRole:FOLLOWER]|listeners:[], old=null
2023-05-18 02:47:15,618 [grpc-default-executor-1] INFO  server.RaftServer$Division (RaftServerImpl.java:requestVote(1302)) - a884725c-3443-458c-8df7-7c5a51101be7@group-0423365083F1: receive requestVote(PRE_VOTE, eda5bed9-420b-4517-a9a1-164df2c5dc2a, group-0423365083F1, 0, (t:0, i:0))
2023-05-18 02:47:15,618 [grpc-default-executor-1] INFO  impl.VoteContext (VoteContext.java:log(49)) - a884725c-3443-458c-8df7-7c5a51101be7@group-0423365083F1-FOLLOWER: accept PRE_VOTE from eda5bed9-420b-4517-a9a1-164df2c5dc2a: our priority 0 <= candidate's priority 1
2023-05-18 02:47:15,618 [grpc-default-executor-1] INFO  server.RaftServer$Division (RaftServerImpl.java:requestVote(1335)) - a884725c-3443-458c-8df7-7c5a51101be7@group-0423365083F1 replies to PRE_VOTE vote request: eda5bed9-420b-4517-a9a1-164df2c5dc2a<-a884725c-3443-458c-8df7-7c5a51101be7#0:OK-t0. Peer's state: a884725c-3443-458c-8df7-7c5a51101be7@group-0423365083F1:t0, leader=null, voted=, raftlog=Memoized:a884725c-3443-458c-8df7-7c5a51101be7@group-0423365083F1-SegmentedRaftLog:OPENED:c-1, conf=-1: peers:[a884725c-3443-458c-8df7-7c5a51101be7|rpc:10.1.1.154:15013|admin:10.1.1.154:15012|client:10.1.1.154:15011|dataStream:10.1.1.154:15014|priority:0|startupRole:FOLLOWER, a754d4c8-bbdd-415d-ab5e-ea5caa73cb25|rpc:10.1.1.154:15021|admin:10.1.1.154:15020|client:10.1.1.154:15019|dataStream:10.1.1.154:15022|priority:0|startupRole:FOLLOWER, eda5bed9-420b-4517-a9a1-164df2c5dc2a|rpc:10.1.1.154:15029|admin:10.1.1.154:15028|client:10.1.1.154:15027|dataStream:10.1.1.154:15030|priority:1|startupRole:FOLLOWER]|listeners:[], old=null
2023-05-18 02:47:15,633 [eda5bed9-420b-4517-a9a1-164df2c5dc2a@group-0423365083F1-LeaderElection5] INFO  server.RaftServerConfigKeys (ConfUtils.java:logFallback(53)) - raft.server.rpc.first-election.timeout.min = 5s (fallback to raft.server.rpc.timeout.min)
2023-05-18 02:47:15,639 [eda5bed9-420b-4517-a9a1-164df2c5dc2a@group-0423365083F1-LeaderElection5] INFO  server.RaftServerConfigKeys (ConfUtils.java:logFallback(53)) - raft.server.rpc.first-election.timeout.max = 5200ms (fallback to raft.server.rpc.timeout.max)
2023-05-18 02:47:15,638 [grpc-default-executor-1] INFO  server.RaftServer$Division (RaftServerImpl.java:requestVote(1302)) - a884725c-3443-458c-8df7-7c5a51101be7@group-0423365083F1: receive requestVote(ELECTION, eda5bed9-420b-4517-a9a1-164df2c5dc2a, group-0423365083F1, 1, (t:0, i:0))
2023-05-18 02:47:15,639 [grpc-default-executor-1] INFO  impl.VoteContext (VoteContext.java:log(49)) - a884725c-3443-458c-8df7-7c5a51101be7@group-0423365083F1-FOLLOWER: accept ELECTION from eda5bed9-420b-4517-a9a1-164df2c5dc2a: our priority 0 <= candidate's priority 1
2023-05-18 02:47:15,639 [grpc-default-executor-1] INFO  server.RaftServer$Division (RaftServerImpl.java:setRole(329)) - a884725c-3443-458c-8df7-7c5a51101be7@group-0423365083F1: changes role from  FOLLOWER to FOLLOWER at term 1 for candidate:eda5bed9-420b-4517-a9a1-164df2c5dc2a
2023-05-18 02:47:15,640 [grpc-default-executor-1] INFO  impl.RoleInfo (RoleInfo.java:shutdownFollowerState(110)) - a884725c-3443-458c-8df7-7c5a51101be7: shutdown a884725c-3443-458c-8df7-7c5a51101be7@group-0423365083F1-FollowerState
2023-05-18 02:47:15,640 [grpc-default-executor-1] INFO  impl.RoleInfo (RoleInfo.java:updateAndGet(139)) - a884725c-3443-458c-8df7-7c5a51101be7: start a884725c-3443-458c-8df7-7c5a51101be7@group-0423365083F1-FollowerState
2023-05-18 02:47:15,640 [a884725c-3443-458c-8df7-7c5a51101be7@group-0423365083F1-FollowerState] INFO  impl.FollowerState (FollowerState.java:run(152)) - a884725c-3443-458c-8df7-7c5a51101be7@group-0423365083F1-FollowerState was interrupted
2023-05-18 02:47:15,646 [grpc-default-executor-1] INFO  server.RaftServer$Division (RaftServerImpl.java:requestVote(1335)) - a884725c-3443-458c-8df7-7c5a51101be7@group-0423365083F1 replies to ELECTION vote request: eda5bed9-420b-4517-a9a1-164df2c5dc2a<-a884725c-3443-458c-8df7-7c5a51101be7#0:OK-t1. Peer's state: a884725c-3443-458c-8df7-7c5a51101be7@group-0423365083F1:t1, leader=null, voted=eda5bed9-420b-4517-a9a1-164df2c5dc2a, raftlog=Memoized:a884725c-3443-458c-8df7-7c5a51101be7@group-0423365083F1-SegmentedRaftLog:OPENED:c-1, conf=-1: peers:[a884725c-3443-458c-8df7-7c5a51101be7|rpc:10.1.1.154:15013|admin:10.1.1.154:15012|client:10.1.1.154:15011|dataStream:10.1.1.154:15014|priority:0|startupRole:FOLLOWER, a754d4c8-bbdd-415d-ab5e-ea5caa73cb25|rpc:10.1.1.154:15021|admin:10.1.1.154:15020|client:10.1.1.154:15019|dataStream:10.1.1.154:15022|priority:0|startupRole:FOLLOWER, eda5bed9-420b-4517-a9a1-164df2c5dc2a|rpc:10.1.1.154:15029|admin:10.1.1.154:15028|client:10.1.1.154:15027|dataStream:10.1.1.154:15030|priority:1|startupRole:FOLLOWER]|listeners:[], old=null
2023-05-18 02:47:15,650 [grpc-default-executor-0] INFO  server.RaftServer$Division (RaftServerImpl.java:requestVote(1302)) - a754d4c8-bbdd-415d-ab5e-ea5caa73cb25@group-0423365083F1: receive requestVote(ELECTION, eda5bed9-420b-4517-a9a1-164df2c5dc2a, group-0423365083F1, 1, (t:0, i:0))
2023-05-18 02:47:15,650 [grpc-default-executor-0] INFO  impl.VoteContext (VoteContext.java:log(49)) - a754d4c8-bbdd-415d-ab5e-ea5caa73cb25@group-0423365083F1-FOLLOWER: accept ELECTION from eda5bed9-420b-4517-a9a1-164df2c5dc2a: our priority 0 <= candidate's priority 1
2023-05-18 02:47:15,650 [grpc-default-executor-0] INFO  server.RaftServer$Division (RaftServerImpl.java:setRole(329)) - a754d4c8-bbdd-415d-ab5e-ea5caa73cb25@group-0423365083F1: changes role from  FOLLOWER to FOLLOWER at term 1 for candidate:eda5bed9-420b-4517-a9a1-164df2c5dc2a
2023-05-18 02:47:15,650 [grpc-default-executor-0] INFO  impl.RoleInfo (RoleInfo.java:shutdownFollowerState(110)) - a754d4c8-bbdd-415d-ab5e-ea5caa73cb25: shutdown a754d4c8-bbdd-415d-ab5e-ea5caa73cb25@group-0423365083F1-FollowerState
2023-05-18 02:47:15,650 [a754d4c8-bbdd-415d-ab5e-ea5caa73cb25@group-0423365083F1-FollowerState] INFO  impl.FollowerState (FollowerState.java:run(152)) - a754d4c8-bbdd-415d-ab5e-ea5caa73cb25@group-0423365083F1-FollowerState was interrupted
2023-05-18 02:47:15,651 [grpc-default-executor-0] INFO  impl.RoleInfo (RoleInfo.java:updateAndGet(139)) - a754d4c8-bbdd-415d-ab5e-ea5caa73cb25: start a754d4c8-bbdd-415d-ab5e-ea5caa73cb25@group-0423365083F1-FollowerState
2023-05-18 02:47:15,653 [grpc-default-executor-0] INFO  server.RaftServer$Division (RaftServerImpl.java:requestVote(1335)) - a754d4c8-bbdd-415d-ab5e-ea5caa73cb25@group-0423365083F1 replies to ELECTION vote request: eda5bed9-420b-4517-a9a1-164df2c5dc2a<-a754d4c8-bbdd-415d-ab5e-ea5caa73cb25#0:OK-t1. Peer's state: a754d4c8-bbdd-415d-ab5e-ea5caa73cb25@group-0423365083F1:t1, leader=null, voted=eda5bed9-420b-4517-a9a1-164df2c5dc2a, raftlog=Memoized:a754d4c8-bbdd-415d-ab5e-ea5caa73cb25@group-0423365083F1-SegmentedRaftLog:OPENED:c-1, conf=-1: peers:[a884725c-3443-458c-8df7-7c5a51101be7|rpc:10.1.1.154:15013|admin:10.1.1.154:15012|client:10.1.1.154:15011|dataStream:10.1.1.154:15014|priority:0|startupRole:FOLLOWER, a754d4c8-bbdd-415d-ab5e-ea5caa73cb25|rpc:10.1.1.154:15021|admin:10.1.1.154:15020|client:10.1.1.154:15019|dataStream:10.1.1.154:15022|priority:0|startupRole:FOLLOWER, eda5bed9-420b-4517-a9a1-164df2c5dc2a|rpc:10.1.1.154:15029|admin:10.1.1.154:15028|client:10.1.1.154:15027|dataStream:10.1.1.154:15030|priority:1|startupRole:FOLLOWER]|listeners:[], old=null
2023-05-18 02:47:15,654 [eda5bed9-420b-4517-a9a1-164df2c5dc2a@group-0423365083F1-LeaderElection5] INFO  impl.LeaderElection (LeaderElection.java:logAndReturn(90)) - eda5bed9-420b-4517-a9a1-164df2c5dc2a@group-0423365083F1-LeaderElection5: ELECTION PASSED received 1 response(s) and 0 exception(s):
2023-05-18 02:47:15,655 [eda5bed9-420b-4517-a9a1-164df2c5dc2a@group-0423365083F1-LeaderElection5] INFO  impl.LeaderElection (LeaderElection.java:logAndReturn(94)) -   Response 0: eda5bed9-420b-4517-a9a1-164df2c5dc2a<-a754d4c8-bbdd-415d-ab5e-ea5caa73cb25#0:OK-t1
2023-05-18 02:47:15,655 [eda5bed9-420b-4517-a9a1-164df2c5dc2a@group-0423365083F1-LeaderElection5] INFO  impl.LeaderElection (LeaderElection.java:askForVotes(323)) - eda5bed9-420b-4517-a9a1-164df2c5dc2a@group-0423365083F1-LeaderElection5 ELECTION round 0: result PASSED
2023-05-18 02:47:15,655 [eda5bed9-420b-4517-a9a1-164df2c5dc2a@group-0423365083F1-LeaderElection5] INFO  impl.RoleInfo (RoleInfo.java:shutdownLeaderElection(130)) - eda5bed9-420b-4517-a9a1-164df2c5dc2a: shutdown eda5bed9-420b-4517-a9a1-164df2c5dc2a@group-0423365083F1-LeaderElection5
2023-05-18 02:47:15,655 [eda5bed9-420b-4517-a9a1-164df2c5dc2a@group-0423365083F1-LeaderElection5] INFO  server.RaftServer$Division (RaftServerImpl.java:setRole(329)) - eda5bed9-420b-4517-a9a1-164df2c5dc2a@group-0423365083F1: changes role from CANDIDATE to LEADER at term 1 for changeToLeader
2023-05-18 02:47:15,655 [eda5bed9-420b-4517-a9a1-164df2c5dc2a@group-0423365083F1-LeaderElection5] INFO  ratis.XceiverServerRatis (XceiverServerRatis.java:handleLeaderChangedNotification(904)) - Leader change notification received for group: group-0423365083F1 with new leaderId: eda5bed9-420b-4517-a9a1-164df2c5dc2a
2023-05-18 02:47:15,655 [eda5bed9-420b-4517-a9a1-164df2c5dc2a@group-0423365083F1-LeaderElection5] INFO  server.RaftServer$Division (ServerState.java:setLeader(317)) - eda5bed9-420b-4517-a9a1-164df2c5dc2a@group-0423365083F1: change Leader from null to eda5bed9-420b-4517-a9a1-164df2c5dc2a at term 1 for becomeLeader, leader elected after 5311ms
2023-05-18 02:47:15,656 [eda5bed9-420b-4517-a9a1-164df2c5dc2a@group-0423365083F1-LeaderElection5] INFO  server.RaftServerConfigKeys (ConfUtils.java:logGet(46)) - raft.server.staging.catchup.gap = 1000 (default)
2023-05-18 02:47:15,656 [eda5bed9-420b-4517-a9a1-164df2c5dc2a@group-0423365083F1-LeaderElection5] INFO  server.RaftServerConfigKeys (ConfUtils.java:logGet(46)) - raft.server.write.element-limit = 1024 (custom)
2023-05-18 02:47:15,656 [eda5bed9-420b-4517-a9a1-164df2c5dc2a@group-0423365083F1-LeaderElection5] INFO  server.RaftServerConfigKeys (ConfUtils.java:logGet(46)) - raft.server.write.byte-limit = 1024 M (=1073741824) (custom)
2023-05-18 02:47:15,657 [eda5bed9-420b-4517-a9a1-164df2c5dc2a@group-0423365083F1-LeaderElection5] INFO  server.RaftServerConfigKeys (ConfUtils.java:logGet(46)) - raft.server.watch.timeout = 180s (custom)
2023-05-18 02:47:15,657 [eda5bed9-420b-4517-a9a1-164df2c5dc2a@group-0423365083F1-LeaderElection5] INFO  server.RaftServerConfigKeys (ConfUtils.java:logGet(46)) - raft.server.watch.timeout.denomination = 1s (default)
2023-05-18 02:47:15,657 [eda5bed9-420b-4517-a9a1-164df2c5dc2a@group-0423365083F1-LeaderElection5] INFO  server.RaftServerConfigKeys (ConfUtils.java:logGet(46)) - raft.server.watch.element-limit = 65536 (default)
2023-05-18 02:47:15,657 [eda5bed9-420b-4517-a9a1-164df2c5dc2a@group-0423365083F1-LeaderElection5] INFO  server.RaftServerConfigKeys (ConfUtils.java:logGet(46)) - raft.server.write.element-limit = 1024 (custom)
2023-05-18 02:47:15,657 [eda5bed9-420b-4517-a9a1-164df2c5dc2a@group-0423365083F1-LeaderElection5] INFO  server.RaftServerConfigKeys (ConfUtils.java:logGet(46)) - raft.server.write.follower.gap.ratio.max = -1.0 (default)
2023-05-18 02:47:15,659 [EventQueue-PipelineReportForPipelineReportHandler] INFO  pipeline.PipelineManagerImpl (PipelineManagerImpl.java:openPipeline(367)) - Pipeline Pipeline[ Id: fd565622-fcdd-4d83-9cbb-0423365083f1, Nodes: eda5bed9-420b-4517-a9a1-164df2c5dc2a(fv-az180-414.aibneqh1mxpuhl3tnnuy2ifbce.bx.internal.cloudapp.net/10.1.1.154)a754d4c8-bbdd-415d-ab5e-ea5caa73cb25(fv-az180-414.aibneqh1mxpuhl3tnnuy2ifbce.bx.internal.cloudapp.net/10.1.1.154)a884725c-3443-458c-8df7-7c5a51101be7(fv-az180-414.aibneqh1mxpuhl3tnnuy2ifbce.bx.internal.cloudapp.net/10.1.1.154), ReplicationConfig: RATIS/THREE, State:ALLOCATED, leaderId:eda5bed9-420b-4517-a9a1-164df2c5dc2a, CreationTimestamp2023-05-18T02:47:07.701Z[Etc/UTC]] moved to OPEN state
2023-05-18 02:47:15,659 [EventQueue-OpenPipelineForHealthyPipelineSafeModeRule] INFO  safemode.SCMSafeModeManager (HealthyPipelineSafeModeRule.java:process(137)) - SCM in safe mode. Healthy pipelines reported count is 0, required healthy pipeline reported count is 1
2023-05-18 02:47:15,660 [EventQueue-OpenPipelineForHealthyPipelineSafeModeRule] INFO  safemode.SCMSafeModeManager (HealthyPipelineSafeModeRule.java:process(137)) - SCM in safe mode. Healthy pipelines reported count is 1, required healthy pipeline reported count is 1
2023-05-18 02:47:15,660 [EventQueue-OpenPipelineForHealthyPipelineSafeModeRule] INFO  safemode.SCMSafeModeManager (SCMSafeModeManager.java:validateSafeModeExitRules(200)) - HealthyPipelineSafeModeRule rule is successfully validated
2023-05-18 02:47:15,660 [EventQueue-OpenPipelineForHealthyPipelineSafeModeRule] INFO  safemode.SCMSafeModeManager (SCMSafeModeManager.java:validateSafeModeExitRules(215)) - ScmSafeModeManager, all rules are successfully validated
2023-05-18 02:47:15,660 [EventQueue-OpenPipelineForHealthyPipelineSafeModeRule] INFO  safemode.SCMSafeModeManager (SCMSafeModeManager.java:exitSafeMode(244)) - SCM exiting safe mode.
2023-05-18 02:47:15,660 [EventQueue-OpenPipelineForHealthyPipelineSafeModeRule] INFO  ha.SCMContext (SCMContext.java:updateSafeModeStatus(228)) - Update SafeModeStatus from SafeModeStatus{safeModeStatus=true, preCheckPassed=true} to SafeModeStatus{safeModeStatus=false, preCheckPassed=true}.
2023-05-18 02:47:15,661 [EventQueue-OpenPipelineForHealthyPipelineSafeModeRule] INFO  pipeline.BackgroundPipelineCreator (BackgroundPipelineCreator.java:notifyStatusChanged(254)) - Service BackgroundPipelineCreator transitions to RUNNING.
2023-05-18 02:47:15,661 [EventQueue-OpenPipelineForHealthyPipelineSafeModeRule] INFO  BackgroundPipelineScrubber (BackgroundSCMService.java:notifyStatusChanged(82)) - Service BackgroundPipelineScrubber transitions to RUNNING.
2023-05-18 02:47:15,661 [EventQueue-OpenPipelineForHealthyPipelineSafeModeRule] INFO  ExpiredContainerReplicaOpScrubber (BackgroundSCMService.java:notifyStatusChanged(82)) - Service ExpiredContainerReplicaOpScrubber transitions to RUNNING.
2023-05-18 02:47:15,661 [EventQueue-OpenPipelineForHealthyPipelineSafeModeRule] INFO  replication.ReplicationManager (ReplicationManager.java:notifyStatusChanged(1377)) - Service ReplicationManager transitions to RUNNING.
2023-05-18 02:47:15,665 [EventQueue-OpenPipelineForHealthyPipelineSafeModeRule] WARN  balancer.ContainerBalancer (ContainerBalancer.java:shouldRun(132)) - Could not find persisted configuration for ContainerBalancer when checking if ContainerBalancer should run. ContainerBalancer should not run now.
2023-05-18 02:47:15,676 [eda5bed9-420b-4517-a9a1-164df2c5dc2a@group-0423365083F1-LeaderElection5] INFO  server.RaftServerConfigKeys (ConfUtils.java:logGet(46)) - raft.server.log.appender.snapshot.chunk.size.max = 16MB (=16777216) (default)
2023-05-18 02:47:15,676 [eda5bed9-420b-4517-a9a1-164df2c5dc2a@group-0423365083F1-LeaderElection5] INFO  server.RaftServerConfigKeys (ConfUtils.java:logGet(46)) - raft.server.log.appender.buffer.byte-limit = 33554432 (custom)
2023-05-18 02:47:15,676 [eda5bed9-420b-4517-a9a1-164df2c5dc2a@group-0423365083F1-LeaderElection5] INFO  server.RaftServerConfigKeys (ConfUtils.java:logGet(46)) - raft.server.log.appender.buffer.element-limit = 1 (custom)
2023-05-18 02:47:15,678 [eda5bed9-420b-4517-a9a1-164df2c5dc2a@group-0423365083F1-LeaderElection5] INFO  server.RaftServerConfigKeys (ConfUtils.java:logGet(46)) - raft.server.log.appender.wait-time.min = 10ms (default)
2023-05-18 02:47:15,679 [eda5bed9-420b-4517-a9a1-164df2c5dc2a@group-0423365083F1-LeaderElection5] INFO  grpc.GrpcConfigKeys (ConfUtils.java:logGet(46)) - raft.grpc.server.leader.outstanding.appends.max = 128 (default)
2023-05-18 02:47:15,679 [eda5bed9-420b-4517-a9a1-164df2c5dc2a@group-0423365083F1-LeaderElection5] INFO  server.RaftServerConfigKeys (ConfUtils.java:logGet(46)) - raft.server.rpc.request.timeout = 60s (custom)
2023-05-18 02:47:15,679 [eda5bed9-420b-4517-a9a1-164df2c5dc2a@group-0423365083F1-LeaderElection5] INFO  grpc.GrpcConfigKeys (ConfUtils.java:logGet(46)) - raft.grpc.server.install_snapshot.request.element-limit = 8 (default)
2023-05-18 02:47:15,679 [eda5bed9-420b-4517-a9a1-164df2c5dc2a@group-0423365083F1-LeaderElection5] INFO  grpc.GrpcConfigKeys (ConfUtils.java:logGet(46)) - raft.grpc.server.install_snapshot.request.timeout = 3000ms (default)
2023-05-18 02:47:15,679 [eda5bed9-420b-4517-a9a1-164df2c5dc2a@group-0423365083F1-LeaderElection5] INFO  server.RaftServerConfigKeys (ConfUtils.java:logGet(46)) - raft.server.log.appender.install.snapshot.enabled = false (custom)
2023-05-18 02:47:15,679 [eda5bed9-420b-4517-a9a1-164df2c5dc2a@group-0423365083F1-LeaderElection5] INFO  grpc.GrpcConfigKeys (ConfUtils.java:logGet(46)) - raft.grpc.server.heartbeat.channel = true (default)
2023-05-18 02:47:15,681 [eda5bed9-420b-4517-a9a1-164df2c5dc2a@group-0423365083F1-LeaderElection5] INFO  server.RaftServerConfigKeys (ConfUtils.java:logGet(46)) - raft.server.log.appender.snapshot.chunk.size.max = 16MB (=16777216) (default)
2023-05-18 02:47:15,682 [eda5bed9-420b-4517-a9a1-164df2c5dc2a@group-0423365083F1-LeaderElection5] INFO  server.RaftServerConfigKeys (ConfUtils.java:logGet(46)) - raft.server.log.appender.buffer.byte-limit = 33554432 (custom)
2023-05-18 02:47:15,682 [eda5bed9-420b-4517-a9a1-164df2c5dc2a@group-0423365083F1-LeaderElection5] INFO  server.RaftServerConfigKeys (ConfUtils.java:logGet(46)) - raft.server.log.appender.buffer.element-limit = 1 (custom)
2023-05-18 02:47:15,682 [eda5bed9-420b-4517-a9a1-164df2c5dc2a@group-0423365083F1-LeaderElection5] INFO  server.RaftServerConfigKeys (ConfUtils.java:logGet(46)) - raft.server.log.appender.wait-time.min = 10ms (default)
2023-05-18 02:47:15,682 [eda5bed9-420b-4517-a9a1-164df2c5dc2a@group-0423365083F1-LeaderElection5] INFO  grpc.GrpcConfigKeys (ConfUtils.java:logGet(46)) - raft.grpc.server.leader.outstanding.appends.max = 128 (default)
2023-05-18 02:47:15,682 [eda5bed9-420b-4517-a9a1-164df2c5dc2a@group-0423365083F1-LeaderElection5] INFO  server.RaftServerConfigKeys (ConfUtils.java:logGet(46)) - raft.server.rpc.request.timeout = 60s (custom)
2023-05-18 02:47:15,682 [eda5bed9-420b-4517-a9a1-164df2c5dc2a@group-0423365083F1-LeaderElection5] INFO  grpc.GrpcConfigKeys (ConfUtils.java:logGet(46)) - raft.grpc.server.install_snapshot.request.element-limit = 8 (default)
2023-05-18 02:47:15,682 [eda5bed9-420b-4517-a9a1-164df2c5dc2a@group-0423365083F1-LeaderElection5] INFO  grpc.GrpcConfigKeys (ConfUtils.java:logGet(46)) - raft.grpc.server.install_snapshot.request.timeout = 3000ms (default)
2023-05-18 02:47:15,682 [eda5bed9-420b-4517-a9a1-164df2c5dc2a@group-0423365083F1-LeaderElection5] INFO  server.RaftServerConfigKeys (ConfUtils.java:logGet(46)) - raft.server.log.appender.install.snapshot.enabled = false (custom)
2023-05-18 02:47:15,682 [eda5bed9-420b-4517-a9a1-164df2c5dc2a@group-0423365083F1-LeaderElection5] INFO  grpc.GrpcConfigKeys (ConfUtils.java:logGet(46)) - raft.grpc.server.heartbeat.channel = true (default)
2023-05-18 02:47:15,683 [eda5bed9-420b-4517-a9a1-164df2c5dc2a@group-0423365083F1-LeaderElection5] INFO  impl.RoleInfo (RoleInfo.java:updateAndGet(139)) - eda5bed9-420b-4517-a9a1-164df2c5dc2a: start eda5bed9-420b-4517-a9a1-164df2c5dc2a@group-0423365083F1-LeaderStateImpl
2023-05-18 02:47:15,683 [eda5bed9-420b-4517-a9a1-164df2c5dc2a@group-0423365083F1-LeaderElection5] INFO  segmented.SegmentedRaftLogWorker (SegmentedRaftLogWorker.java:startLogSegment(447)) - eda5bed9-420b-4517-a9a1-164df2c5dc2a@group-0423365083F1-SegmentedRaftLogWorker: Starting segment from index:0
2023-05-18 02:47:15,683 [BlockDeletingService#2] INFO  interfaces.ContainerDeletionChoosingPolicyTemplate (ContainerDeletionChoosingPolicyTemplate.java:chooseContainerForBlockDeletion(83)) - Chosen 0/5000 blocks from 0 candidate containers.
2023-05-18 02:47:15,685 [eda5bed9-420b-4517-a9a1-164df2c5dc2a@group-0423365083F1-SegmentedRaftLogWorker] INFO  segmented.SegmentedRaftLogWorker (SegmentedRaftLogWorker.java:execute(651)) - eda5bed9-420b-4517-a9a1-164df2c5dc2a@group-0423365083F1-SegmentedRaftLogWorker: created new log segment /home/runner/work/ozone/ozone/hadoop-ozone/integration-test/target/test-dir/MiniOzoneClusterImpl-522acec6-bbe2-4bbe-92e7-576262f261c3/datanode-2/data/ratis/fd565622-fcdd-4d83-9cbb-0423365083f1/current/log_inprogress_0
2023-05-18 02:47:15,688 [a884725c-3443-458c-8df7-7c5a51101be7@group-414C1574D782-FollowerState] INFO  impl.FollowerState (FollowerState.java:run(143)) - a884725c-3443-458c-8df7-7c5a51101be7@group-414C1574D782-FollowerState: change to CANDIDATE, lastRpcElapsedTime:5096867905ns, electionTimeout:5093ms
2023-05-18 02:47:15,688 [a884725c-3443-458c-8df7-7c5a51101be7@group-414C1574D782-FollowerState] INFO  impl.RoleInfo (RoleInfo.java:shutdownFollowerState(110)) - a884725c-3443-458c-8df7-7c5a51101be7: shutdown a884725c-3443-458c-8df7-7c5a51101be7@group-414C1574D782-FollowerState
2023-05-18 02:47:15,689 [a884725c-3443-458c-8df7-7c5a51101be7@group-414C1574D782-FollowerState] INFO  server.RaftServer$Division (RaftServerImpl.java:setRole(329)) - a884725c-3443-458c-8df7-7c5a51101be7@group-414C1574D782: changes role from  FOLLOWER to CANDIDATE at term 0 for changeToCandidate
2023-05-18 02:47:15,694 [a884725c-3443-458c-8df7-7c5a51101be7@group-414C1574D782-FollowerState] INFO  server.RaftServerConfigKeys (ConfUtils.java:logGet(46)) - raft.server.leaderelection.pre-vote = true (default)
2023-05-18 02:47:15,694 [a884725c-3443-458c-8df7-7c5a51101be7@group-414C1574D782-FollowerState] INFO  impl.RoleInfo (RoleInfo.java:updateAndGet(139)) - a884725c-3443-458c-8df7-7c5a51101be7: start a884725c-3443-458c-8df7-7c5a51101be7@group-414C1574D782-LeaderElection6
2023-05-18 02:47:15,699 [eda5bed9-420b-4517-a9a1-164df2c5dc2a@group-0423365083F1-LeaderElection5] INFO  server.RaftServer$Division (ServerState.java:setRaftConf(434)) - eda5bed9-420b-4517-a9a1-164df2c5dc2a@group-0423365083F1: set configuration 0: peers:[a884725c-3443-458c-8df7-7c5a51101be7|rpc:10.1.1.154:15013|admin:10.1.1.154:15012|client:10.1.1.154:15011|dataStream:10.1.1.154:15014|priority:0|startupRole:FOLLOWER, a754d4c8-bbdd-415d-ab5e-ea5caa73cb25|rpc:10.1.1.154:15021|admin:10.1.1.154:15020|client:10.1.1.154:15019|dataStream:10.1.1.154:15022|priority:0|startupRole:FOLLOWER, eda5bed9-420b-4517-a9a1-164df2c5dc2a|rpc:10.1.1.154:15029|admin:10.1.1.154:15028|client:10.1.1.154:15027|dataStream:10.1.1.154:15030|priority:1|startupRole:FOLLOWER]|listeners:[], old=null
2023-05-18 02:47:15,702 [a884725c-3443-458c-8df7-7c5a51101be7@group-414C1574D782-LeaderElection6] INFO  impl.LeaderElection (LeaderElection.java:askForVotes(321)) - a884725c-3443-458c-8df7-7c5a51101be7@group-414C1574D782-LeaderElection6 PRE_VOTE round 0: submit vote requests at term 0 for -1: peers:[a884725c-3443-458c-8df7-7c5a51101be7|rpc:10.1.1.154:15013|admin:10.1.1.154:15012|client:10.1.1.154:15011|dataStream:10.1.1.154:15014|priority:0|startupRole:FOLLOWER, a754d4c8-bbdd-415d-ab5e-ea5caa73cb25|rpc:10.1.1.154:15021|admin:10.1.1.154:15020|client:10.1.1.154:15019|dataStream:10.1.1.154:15022|priority:1|startupRole:FOLLOWER, eda5bed9-420b-4517-a9a1-164df2c5dc2a|rpc:10.1.1.154:15029|admin:10.1.1.154:15028|client:10.1.1.154:15027|dataStream:10.1.1.154:15030|priority:0|startupRole:FOLLOWER]|listeners:[], old=null
2023-05-18 02:47:15,713 [a884725c-3443-458c-8df7-7c5a51101be7@group-414C1574D782-LeaderElection6] INFO  server.RaftServerConfigKeys (ConfUtils.java:logFallback(53)) - raft.server.rpc.first-election.timeout.min = 5s (fallback to raft.server.rpc.timeout.min)
2023-05-18 02:47:15,713 [a884725c-3443-458c-8df7-7c5a51101be7@group-414C1574D782-LeaderElection6] INFO  server.RaftServerConfigKeys (ConfUtils.java:logFallback(53)) - raft.server.rpc.first-election.timeout.max = 5200ms (fallback to raft.server.rpc.timeout.max)
2023-05-18 02:47:15,719 [grpc-default-executor-0] INFO  server.RaftServer$Division (RaftServerImpl.java:requestVote(1302)) - a754d4c8-bbdd-415d-ab5e-ea5caa73cb25@group-414C1574D782: receive requestVote(PRE_VOTE, a884725c-3443-458c-8df7-7c5a51101be7, group-414C1574D782, 0, (t:0, i:0))
2023-05-18 02:47:15,719 [grpc-default-executor-0] INFO  impl.VoteContext (VoteContext.java:log(49)) - a754d4c8-bbdd-415d-ab5e-ea5caa73cb25@group-414C1574D782-FOLLOWER: reject PRE_VOTE from a884725c-3443-458c-8df7-7c5a51101be7: our priority 1 > candidate's priority 0
2023-05-18 02:47:15,719 [grpc-default-executor-0] INFO  server.RaftServer$Division (RaftServerImpl.java:requestVote(1335)) - a754d4c8-bbdd-415d-ab5e-ea5caa73cb25@group-414C1574D782 replies to PRE_VOTE vote request: a884725c-3443-458c-8df7-7c5a51101be7<-a754d4c8-bbdd-415d-ab5e-ea5caa73cb25#0:FAIL-t0. Peer's state: a754d4c8-bbdd-415d-ab5e-ea5caa73cb25@group-414C1574D782:t0, leader=null, voted=, raftlog=Memoized:a754d4c8-bbdd-415d-ab5e-ea5caa73cb25@group-414C1574D782-SegmentedRaftLog:OPENED:c-1, conf=-1: peers:[a884725c-3443-458c-8df7-7c5a51101be7|rpc:10.1.1.154:15013|admin:10.1.1.154:15012|client:10.1.1.154:15011|dataStream:10.1.1.154:15014|priority:0|startupRole:FOLLOWER, a754d4c8-bbdd-415d-ab5e-ea5caa73cb25|rpc:10.1.1.154:15021|admin:10.1.1.154:15020|client:10.1.1.154:15019|dataStream:10.1.1.154:15022|priority:1|startupRole:FOLLOWER, eda5bed9-420b-4517-a9a1-164df2c5dc2a|rpc:10.1.1.154:15029|admin:10.1.1.154:15028|client:10.1.1.154:15027|dataStream:10.1.1.154:15030|priority:0|startupRole:FOLLOWER]|listeners:[], old=null
2023-05-18 02:47:15,736 [a884725c-3443-458c-8df7-7c5a51101be7@group-414C1574D782-LeaderElection6] INFO  impl.LeaderElection (LeaderElection.java:logAndReturn(90)) - a884725c-3443-458c-8df7-7c5a51101be7@group-414C1574D782-LeaderElection6: PRE_VOTE REJECTED received 1 response(s) and 0 exception(s):
2023-05-18 02:47:15,736 [a884725c-3443-458c-8df7-7c5a51101be7@group-414C1574D782-LeaderElection6] INFO  impl.LeaderElection (LeaderElection.java:logAndReturn(94)) -   Response 0: a884725c-3443-458c-8df7-7c5a51101be7<-a754d4c8-bbdd-415d-ab5e-ea5caa73cb25#0:FAIL-t0
2023-05-18 02:47:15,736 [a884725c-3443-458c-8df7-7c5a51101be7@group-414C1574D782-LeaderElection6] INFO  impl.LeaderElection (LeaderElection.java:askForVotes(323)) - a884725c-3443-458c-8df7-7c5a51101be7@group-414C1574D782-LeaderElection6 PRE_VOTE round 0: result REJECTED
2023-05-18 02:47:15,736 [a884725c-3443-458c-8df7-7c5a51101be7@group-414C1574D782-LeaderElection6] INFO  server.RaftServer$Division (RaftServerImpl.java:setRole(329)) - a884725c-3443-458c-8df7-7c5a51101be7@group-414C1574D782: changes role from CANDIDATE to FOLLOWER at term 0 for REJECTED
2023-05-18 02:47:15,736 [a884725c-3443-458c-8df7-7c5a51101be7@group-414C1574D782-LeaderElection6] INFO  impl.RoleInfo (RoleInfo.java:shutdownLeaderElection(130)) - a884725c-3443-458c-8df7-7c5a51101be7: shutdown a884725c-3443-458c-8df7-7c5a51101be7@group-414C1574D782-LeaderElection6
2023-05-18 02:47:15,736 [a884725c-3443-458c-8df7-7c5a51101be7@group-414C1574D782-LeaderElection6] INFO  impl.RoleInfo (RoleInfo.java:updateAndGet(139)) - a884725c-3443-458c-8df7-7c5a51101be7: start a884725c-3443-458c-8df7-7c5a51101be7@group-414C1574D782-FollowerState
2023-05-18 02:47:15,752 [grpc-default-executor-1] INFO  server.RaftServer$Division (RaftServerImpl.java:requestVote(1302)) - eda5bed9-420b-4517-a9a1-164df2c5dc2a@group-414C1574D782: receive requestVote(PRE_VOTE, a884725c-3443-458c-8df7-7c5a51101be7, group-414C1574D782, 0, (t:0, i:0))
2023-05-18 02:47:15,752 [grpc-default-executor-1] INFO  impl.VoteContext (VoteContext.java:log(49)) - eda5bed9-420b-4517-a9a1-164df2c5dc2a@group-414C1574D782-FOLLOWER: accept PRE_VOTE from a884725c-3443-458c-8df7-7c5a51101be7: our priority 0 <= candidate's priority 0
2023-05-18 02:47:15,753 [grpc-default-executor-1] INFO  server.RaftServer$Division (RaftServerImpl.java:requestVote(1335)) - eda5bed9-420b-4517-a9a1-164df2c5dc2a@group-414C1574D782 replies to PRE_VOTE vote request: a884725c-3443-458c-8df7-7c5a51101be7<-eda5bed9-420b-4517-a9a1-164df2c5dc2a#0:OK-t0. Peer's state: eda5bed9-420b-4517-a9a1-164df2c5dc2a@group-414C1574D782:t0, leader=null, voted=, raftlog=Memoized:eda5bed9-420b-4517-a9a1-164df2c5dc2a@group-414C1574D782-SegmentedRaftLog:OPENED:c-1, conf=-1: peers:[a884725c-3443-458c-8df7-7c5a51101be7|rpc:10.1.1.154:15013|admin:10.1.1.154:15012|client:10.1.1.154:15011|dataStream:10.1.1.154:15014|priority:0|startupRole:FOLLOWER, a754d4c8-bbdd-415d-ab5e-ea5caa73cb25|rpc:10.1.1.154:15021|admin:10.1.1.154:15020|client:10.1.1.154:15019|dataStream:10.1.1.154:15022|priority:1|startupRole:FOLLOWER, eda5bed9-420b-4517-a9a1-164df2c5dc2a|rpc:10.1.1.154:15029|admin:10.1.1.154:15028|client:10.1.1.154:15027|dataStream:10.1.1.154:15030|priority:0|startupRole:FOLLOWER]|listeners:[], old=null
2023-05-18 02:47:15,754 [a884725c-3443-458c-8df7-7c5a51101be7-server-thread1] INFO  ratis.XceiverServerRatis (XceiverServerRatis.java:handleLeaderChangedNotification(904)) - Leader change notification received for group: group-0423365083F1 with new leaderId: eda5bed9-420b-4517-a9a1-164df2c5dc2a
2023-05-18 02:47:15,754 [a884725c-3443-458c-8df7-7c5a51101be7-server-thread1] INFO  server.RaftServer$Division (ServerState.java:setLeader(317)) - a884725c-3443-458c-8df7-7c5a51101be7@group-0423365083F1: change Leader from null to eda5bed9-420b-4517-a9a1-164df2c5dc2a at term 1 for appendEntries, leader elected after 5803ms
2023-05-18 02:47:15,759 [a884725c-3443-458c-8df7-7c5a51101be7-server-thread2] INFO  server.RaftServer$Division (ServerState.java:setRaftConf(434)) - a884725c-3443-458c-8df7-7c5a51101be7@group-0423365083F1: set configuration 0: peers:[a884725c-3443-458c-8df7-7c5a51101be7|rpc:10.1.1.154:15013|admin:10.1.1.154:15012|client:10.1.1.154:15011|dataStream:10.1.1.154:15014|priority:0|startupRole:FOLLOWER, a754d4c8-bbdd-415d-ab5e-ea5caa73cb25|rpc:10.1.1.154:15021|admin:10.1.1.154:15020|client:10.1.1.154:15019|dataStream:10.1.1.154:15022|priority:0|startupRole:FOLLOWER, eda5bed9-420b-4517-a9a1-164df2c5dc2a|rpc:10.1.1.154:15029|admin:10.1.1.154:15028|client:10.1.1.154:15027|dataStream:10.1.1.154:15030|priority:1|startupRole:FOLLOWER]|listeners:[], old=null
2023-05-18 02:47:15,759 [a884725c-3443-458c-8df7-7c5a51101be7-server-thread2] INFO  segmented.SegmentedRaftLogWorker (SegmentedRaftLogWorker.java:startLogSegment(447)) - a884725c-3443-458c-8df7-7c5a51101be7@group-0423365083F1-SegmentedRaftLogWorker: Starting segment from index:0
2023-05-18 02:47:15,760 [a884725c-3443-458c-8df7-7c5a51101be7@group-0423365083F1-SegmentedRaftLogWorker] INFO  segmented.SegmentedRaftLogWorker (SegmentedRaftLogWorker.java:execute(651)) - a884725c-3443-458c-8df7-7c5a51101be7@group-0423365083F1-SegmentedRaftLogWorker: created new log segment /home/runner/work/ozone/ozone/hadoop-ozone/integration-test/target/test-dir/MiniOzoneClusterImpl-522acec6-bbe2-4bbe-92e7-576262f261c3/datanode-0/data/ratis/fd565622-fcdd-4d83-9cbb-0423365083f1/current/log_inprogress_0
2023-05-18 02:47:15,767 [a754d4c8-bbdd-415d-ab5e-ea5caa73cb25-server-thread1] INFO  ratis.XceiverServerRatis (XceiverServerRatis.java:handleLeaderChangedNotification(904)) - Leader change notification received for group: group-0423365083F1 with new leaderId: eda5bed9-420b-4517-a9a1-164df2c5dc2a
2023-05-18 02:47:15,767 [a754d4c8-bbdd-415d-ab5e-ea5caa73cb25-server-thread1] INFO  server.RaftServer$Division (ServerState.java:setLeader(317)) - a754d4c8-bbdd-415d-ab5e-ea5caa73cb25@group-0423365083F1: change Leader from null to eda5bed9-420b-4517-a9a1-164df2c5dc2a at term 1 for appendEntries, leader elected after 5316ms
2023-05-18 02:47:15,774 [a754d4c8-bbdd-415d-ab5e-ea5caa73cb25@group-414C1574D782-FollowerState] INFO  impl.FollowerState (FollowerState.java:run(143)) - a754d4c8-bbdd-415d-ab5e-ea5caa73cb25@group-414C1574D782-FollowerState: change to CANDIDATE, lastRpcElapsedTime:5099507640ns, electionTimeout:5083ms
2023-05-18 02:47:15,774 [a754d4c8-bbdd-415d-ab5e-ea5caa73cb25@group-414C1574D782-FollowerState] INFO  impl.RoleInfo (RoleInfo.java:shutdownFollowerState(110)) - a754d4c8-bbdd-415d-ab5e-ea5caa73cb25: shutdown a754d4c8-bbdd-415d-ab5e-ea5caa73cb25@group-414C1574D782-FollowerState
2023-05-18 02:47:15,774 [a754d4c8-bbdd-415d-ab5e-ea5caa73cb25@group-414C1574D782-FollowerState] INFO  server.RaftServer$Division (RaftServerImpl.java:setRole(329)) - a754d4c8-bbdd-415d-ab5e-ea5caa73cb25@group-414C1574D782: changes role from  FOLLOWER to CANDIDATE at term 0 for changeToCandidate
2023-05-18 02:47:15,775 [a754d4c8-bbdd-415d-ab5e-ea5caa73cb25@group-414C1574D782-FollowerState] INFO  server.RaftServerConfigKeys (ConfUtils.java:logGet(46)) - raft.server.leaderelection.pre-vote = true (default)
2023-05-18 02:47:15,775 [a754d4c8-bbdd-415d-ab5e-ea5caa73cb25@group-414C1574D782-FollowerState] INFO  impl.RoleInfo (RoleInfo.java:updateAndGet(139)) - a754d4c8-bbdd-415d-ab5e-ea5caa73cb25: start a754d4c8-bbdd-415d-ab5e-ea5caa73cb25@group-414C1574D782-LeaderElection7
2023-05-18 02:47:15,785 [a754d4c8-bbdd-415d-ab5e-ea5caa73cb25@group-414C1574D782-LeaderElection7] INFO  impl.LeaderElection (LeaderElection.java:askForVotes(321)) - a754d4c8-bbdd-415d-ab5e-ea5caa73cb25@group-414C1574D782-LeaderElection7 PRE_VOTE round 0: submit vote requests at term 0 for -1: peers:[a884725c-3443-458c-8df7-7c5a51101be7|rpc:10.1.1.154:15013|admin:10.1.1.154:15012|client:10.1.1.154:15011|dataStream:10.1.1.154:15014|priority:0|startupRole:FOLLOWER, a754d4c8-bbdd-415d-ab5e-ea5caa73cb25|rpc:10.1.1.154:15021|admin:10.1.1.154:15020|client:10.1.1.154:15019|dataStream:10.1.1.154:15022|priority:1|startupRole:FOLLOWER, eda5bed9-420b-4517-a9a1-164df2c5dc2a|rpc:10.1.1.154:15029|admin:10.1.1.154:15028|client:10.1.1.154:15027|dataStream:10.1.1.154:15030|priority:0|startupRole:FOLLOWER]|listeners:[], old=null
2023-05-18 02:47:15,789 [a754d4c8-bbdd-415d-ab5e-ea5caa73cb25@group-414C1574D782-LeaderElection7-1] INFO  server.GrpcServerProtocolClient (GrpcServerProtocolClient.java:<init>(65)) - Build channel for a884725c-3443-458c-8df7-7c5a51101be7
2023-05-18 02:47:15,792 [a754d4c8-bbdd-415d-ab5e-ea5caa73cb25@group-414C1574D782-LeaderElection7] INFO  server.RaftServerConfigKeys (ConfUtils.java:logFallback(53)) - raft.server.rpc.first-election.timeout.min = 5s (fallback to raft.server.rpc.timeout.min)
2023-05-18 02:47:15,792 [a754d4c8-bbdd-415d-ab5e-ea5caa73cb25@group-414C1574D782-LeaderElection7] INFO  server.RaftServerConfigKeys (ConfUtils.java:logFallback(53)) - raft.server.rpc.first-election.timeout.max = 5200ms (fallback to raft.server.rpc.timeout.max)
2023-05-18 02:47:15,802 [a754d4c8-bbdd-415d-ab5e-ea5caa73cb25@group-414C1574D782-LeaderElection7-2] INFO  server.GrpcServerProtocolClient (GrpcServerProtocolClient.java:<init>(65)) - Build channel for eda5bed9-420b-4517-a9a1-164df2c5dc2a
2023-05-18 02:47:15,802 [a754d4c8-bbdd-415d-ab5e-ea5caa73cb25-server-thread2] INFO  server.RaftServer$Division (ServerState.java:setRaftConf(434)) - a754d4c8-bbdd-415d-ab5e-ea5caa73cb25@group-0423365083F1: set configuration 0: peers:[a884725c-3443-458c-8df7-7c5a51101be7|rpc:10.1.1.154:15013|admin:10.1.1.154:15012|client:10.1.1.154:15011|dataStream:10.1.1.154:15014|priority:0|startupRole:FOLLOWER, a754d4c8-bbdd-415d-ab5e-ea5caa73cb25|rpc:10.1.1.154:15021|admin:10.1.1.154:15020|client:10.1.1.154:15019|dataStream:10.1.1.154:15022|priority:0|startupRole:FOLLOWER, eda5bed9-420b-4517-a9a1-164df2c5dc2a|rpc:10.1.1.154:15029|admin:10.1.1.154:15028|client:10.1.1.154:15027|dataStream:10.1.1.154:15030|priority:1|startupRole:FOLLOWER]|listeners:[], old=null
2023-05-18 02:47:15,802 [a754d4c8-bbdd-415d-ab5e-ea5caa73cb25-server-thread2] INFO  segmented.SegmentedRaftLogWorker (SegmentedRaftLogWorker.java:startLogSegment(447)) - a754d4c8-bbdd-415d-ab5e-ea5caa73cb25@group-0423365083F1-SegmentedRaftLogWorker: Starting segment from index:0
2023-05-18 02:47:15,808 [a754d4c8-bbdd-415d-ab5e-ea5caa73cb25@group-0423365083F1-SegmentedRaftLogWorker] INFO  segmented.SegmentedRaftLogWorker (SegmentedRaftLogWorker.java:execute(651)) - a754d4c8-bbdd-415d-ab5e-ea5caa73cb25@group-0423365083F1-SegmentedRaftLogWorker: created new log segment /home/runner/work/ozone/ozone/hadoop-ozone/integration-test/target/test-dir/MiniOzoneClusterImpl-522acec6-bbe2-4bbe-92e7-576262f261c3/datanode-1/data/ratis/fd565622-fcdd-4d83-9cbb-0423365083f1/current/log_inprogress_0
2023-05-18 02:47:15,812 [grpc-default-executor-5] INFO  server.RaftServer$Division (RaftServerImpl.java:requestVote(1302)) - a884725c-3443-458c-8df7-7c5a51101be7@group-414C1574D782: receive requestVote(PRE_VOTE, a754d4c8-bbdd-415d-ab5e-ea5caa73cb25, group-414C1574D782, 0, (t:0, i:0))
2023-05-18 02:47:15,812 [grpc-default-executor-5] INFO  impl.VoteContext (VoteContext.java:log(49)) - a884725c-3443-458c-8df7-7c5a51101be7@group-414C1574D782-FOLLOWER: accept PRE_VOTE from a754d4c8-bbdd-415d-ab5e-ea5caa73cb25: our priority 0 <= candidate's priority 1
2023-05-18 02:47:15,813 [grpc-default-executor-5] INFO  server.RaftServer$Division (RaftServerImpl.java:requestVote(1335)) - a884725c-3443-458c-8df7-7c5a51101be7@group-414C1574D782 replies to PRE_VOTE vote request: a754d4c8-bbdd-415d-ab5e-ea5caa73cb25<-a884725c-3443-458c-8df7-7c5a51101be7#0:OK-t0. Peer's state: a884725c-3443-458c-8df7-7c5a51101be7@group-414C1574D782:t0, leader=null, voted=, raftlog=Memoized:a884725c-3443-458c-8df7-7c5a51101be7@group-414C1574D782-SegmentedRaftLog:OPENED:c-1, conf=-1: peers:[a884725c-3443-458c-8df7-7c5a51101be7|rpc:10.1.1.154:15013|admin:10.1.1.154:15012|client:10.1.1.154:15011|dataStream:10.1.1.154:15014|priority:0|startupRole:FOLLOWER, a754d4c8-bbdd-415d-ab5e-ea5caa73cb25|rpc:10.1.1.154:15021|admin:10.1.1.154:15020|client:10.1.1.154:15019|dataStream:10.1.1.154:15022|priority:1|startupRole:FOLLOWER, eda5bed9-420b-4517-a9a1-164df2c5dc2a|rpc:10.1.1.154:15029|admin:10.1.1.154:15028|client:10.1.1.154:15027|dataStream:10.1.1.154:15030|priority:0|startupRole:FOLLOWER]|listeners:[], old=null
2023-05-18 02:47:15,817 [a754d4c8-bbdd-415d-ab5e-ea5caa73cb25@group-414C1574D782-LeaderElection7] INFO  impl.LeaderElection (LeaderElection.java:logAndReturn(90)) - a754d4c8-bbdd-415d-ab5e-ea5caa73cb25@group-414C1574D782-LeaderElection7: PRE_VOTE PASSED received 1 response(s) and 0 exception(s):
2023-05-18 02:47:15,818 [a754d4c8-bbdd-415d-ab5e-ea5caa73cb25@group-414C1574D782-LeaderElection7] INFO  impl.LeaderElection (LeaderElection.java:logAndReturn(94)) -   Response 0: a754d4c8-bbdd-415d-ab5e-ea5caa73cb25<-a884725c-3443-458c-8df7-7c5a51101be7#0:OK-t0
2023-05-18 02:47:15,818 [a754d4c8-bbdd-415d-ab5e-ea5caa73cb25@group-414C1574D782-LeaderElection7] INFO  impl.LeaderElection (LeaderElection.java:askForVotes(323)) - a754d4c8-bbdd-415d-ab5e-ea5caa73cb25@group-414C1574D782-LeaderElection7 PRE_VOTE round 0: result PASSED
2023-05-18 02:47:15,819 [a754d4c8-bbdd-415d-ab5e-ea5caa73cb25@group-414C1574D782-LeaderElection7] INFO  impl.LeaderElection (LeaderElection.java:askForVotes(321)) - a754d4c8-bbdd-415d-ab5e-ea5caa73cb25@group-414C1574D782-LeaderElection7 ELECTION round 0: submit vote requests at term 1 for -1: peers:[a884725c-3443-458c-8df7-7c5a51101be7|rpc:10.1.1.154:15013|admin:10.1.1.154:15012|client:10.1.1.154:15011|dataStream:10.1.1.154:15014|priority:0|startupRole:FOLLOWER, a754d4c8-bbdd-415d-ab5e-ea5caa73cb25|rpc:10.1.1.154:15021|admin:10.1.1.154:15020|client:10.1.1.154:15019|dataStream:10.1.1.154:15022|priority:1|startupRole:FOLLOWER, eda5bed9-420b-4517-a9a1-164df2c5dc2a|rpc:10.1.1.154:15029|admin:10.1.1.154:15028|client:10.1.1.154:15027|dataStream:10.1.1.154:15030|priority:0|startupRole:FOLLOWER]|listeners:[], old=null
2023-05-18 02:47:15,820 [grpc-default-executor-0] INFO  server.RaftServer$Division (RaftServerImpl.java:requestVote(1302)) - eda5bed9-420b-4517-a9a1-164df2c5dc2a@group-414C1574D782: receive requestVote(PRE_VOTE, a754d4c8-bbdd-415d-ab5e-ea5caa73cb25, group-414C1574D782, 0, (t:0, i:0))
2023-05-18 02:47:15,820 [a754d4c8-bbdd-415d-ab5e-ea5caa73cb25@group-414C1574D782-LeaderElection7] INFO  server.RaftServerConfigKeys (ConfUtils.java:logFallback(53)) - raft.server.rpc.first-election.timeout.min = 5s (fallback to raft.server.rpc.timeout.min)
2023-05-18 02:47:15,820 [a754d4c8-bbdd-415d-ab5e-ea5caa73cb25@group-414C1574D782-LeaderElection7] INFO  server.RaftServerConfigKeys (ConfUtils.java:logFallback(53)) - raft.server.rpc.first-election.timeout.max = 5200ms (fallback to raft.server.rpc.timeout.max)
2023-05-18 02:47:15,826 [grpc-default-executor-0] INFO  impl.VoteContext (VoteContext.java:log(49)) - eda5bed9-420b-4517-a9a1-164df2c5dc2a@group-414C1574D782-FOLLOWER: accept PRE_VOTE from a754d4c8-bbdd-415d-ab5e-ea5caa73cb25: our priority 0 <= candidate's priority 1
2023-05-18 02:47:15,829 [grpc-default-executor-0] INFO  server.RaftServer$Division (RaftServerImpl.java:requestVote(1335)) - eda5bed9-420b-4517-a9a1-164df2c5dc2a@group-414C1574D782 replies to PRE_VOTE vote request: a754d4c8-bbdd-415d-ab5e-ea5caa73cb25<-eda5bed9-420b-4517-a9a1-164df2c5dc2a#0:OK-t0. Peer's state: eda5bed9-420b-4517-a9a1-164df2c5dc2a@group-414C1574D782:t0, leader=null, voted=, raftlog=Memoized:eda5bed9-420b-4517-a9a1-164df2c5dc2a@group-414C1574D782-SegmentedRaftLog:OPENED:c-1, conf=-1: peers:[a884725c-3443-458c-8df7-7c5a51101be7|rpc:10.1.1.154:15013|admin:10.1.1.154:15012|client:10.1.1.154:15011|dataStream:10.1.1.154:15014|priority:0|startupRole:FOLLOWER, a754d4c8-bbdd-415d-ab5e-ea5caa73cb25|rpc:10.1.1.154:15021|admin:10.1.1.154:15020|client:10.1.1.154:15019|dataStream:10.1.1.154:15022|priority:1|startupRole:FOLLOWER, eda5bed9-420b-4517-a9a1-164df2c5dc2a|rpc:10.1.1.154:15029|admin:10.1.1.154:15028|client:10.1.1.154:15027|dataStream:10.1.1.154:15030|priority:0|startupRole:FOLLOWER]|listeners:[], old=null
2023-05-18 02:47:15,831 [grpc-default-executor-5] INFO  server.RaftServer$Division (RaftServerImpl.java:requestVote(1302)) - a884725c-3443-458c-8df7-7c5a51101be7@group-414C1574D782: receive requestVote(ELECTION, a754d4c8-bbdd-415d-ab5e-ea5caa73cb25, group-414C1574D782, 1, (t:0, i:0))
2023-05-18 02:47:15,831 [grpc-default-executor-5] INFO  impl.VoteContext (VoteContext.java:log(49)) - a884725c-3443-458c-8df7-7c5a51101be7@group-414C1574D782-FOLLOWER: accept ELECTION from a754d4c8-bbdd-415d-ab5e-ea5caa73cb25: our priority 0 <= candidate's priority 1
2023-05-18 02:47:15,831 [grpc-default-executor-5] INFO  server.RaftServer$Division (RaftServerImpl.java:setRole(329)) - a884725c-3443-458c-8df7-7c5a51101be7@group-414C1574D782: changes role from  FOLLOWER to FOLLOWER at term 1 for candidate:a754d4c8-bbdd-415d-ab5e-ea5caa73cb25
2023-05-18 02:47:15,832 [grpc-default-executor-5] INFO  impl.RoleInfo (RoleInfo.java:shutdownFollowerState(110)) - a884725c-3443-458c-8df7-7c5a51101be7: shutdown a884725c-3443-458c-8df7-7c5a51101be7@group-414C1574D782-FollowerState
2023-05-18 02:47:15,832 [grpc-default-executor-5] INFO  impl.RoleInfo (RoleInfo.java:updateAndGet(139)) - a884725c-3443-458c-8df7-7c5a51101be7: start a884725c-3443-458c-8df7-7c5a51101be7@group-414C1574D782-FollowerState
2023-05-18 02:47:15,832 [a884725c-3443-458c-8df7-7c5a51101be7@group-414C1574D782-FollowerState] INFO  impl.FollowerState (FollowerState.java:run(152)) - a884725c-3443-458c-8df7-7c5a51101be7@group-414C1574D782-FollowerState was interrupted
2023-05-18 02:47:15,834 [grpc-default-executor-5] INFO  server.RaftServer$Division (RaftServerImpl.java:requestVote(1335)) - a884725c-3443-458c-8df7-7c5a51101be7@group-414C1574D782 replies to ELECTION vote request: a754d4c8-bbdd-415d-ab5e-ea5caa73cb25<-a884725c-3443-458c-8df7-7c5a51101be7#0:OK-t1. Peer's state: a884725c-3443-458c-8df7-7c5a51101be7@group-414C1574D782:t1, leader=null, voted=a754d4c8-bbdd-415d-ab5e-ea5caa73cb25, raftlog=Memoized:a884725c-3443-458c-8df7-7c5a51101be7@group-414C1574D782-SegmentedRaftLog:OPENED:c-1, conf=-1: peers:[a884725c-3443-458c-8df7-7c5a51101be7|rpc:10.1.1.154:15013|admin:10.1.1.154:15012|client:10.1.1.154:15011|dataStream:10.1.1.154:15014|priority:0|startupRole:FOLLOWER, a754d4c8-bbdd-415d-ab5e-ea5caa73cb25|rpc:10.1.1.154:15021|admin:10.1.1.154:15020|client:10.1.1.154:15019|dataStream:10.1.1.154:15022|priority:1|startupRole:FOLLOWER, eda5bed9-420b-4517-a9a1-164df2c5dc2a|rpc:10.1.1.154:15029|admin:10.1.1.154:15028|client:10.1.1.154:15027|dataStream:10.1.1.154:15030|priority:0|startupRole:FOLLOWER]|listeners:[], old=null
2023-05-18 02:47:15,837 [a754d4c8-bbdd-415d-ab5e-ea5caa73cb25@group-414C1574D782-LeaderElection7] INFO  impl.LeaderElection (LeaderElection.java:logAndReturn(90)) - a754d4c8-bbdd-415d-ab5e-ea5caa73cb25@group-414C1574D782-LeaderElection7: ELECTION PASSED received 1 response(s) and 0 exception(s):
2023-05-18 02:47:15,837 [a754d4c8-bbdd-415d-ab5e-ea5caa73cb25@group-414C1574D782-LeaderElection7] INFO  impl.LeaderElection (LeaderElection.java:logAndReturn(94)) -   Response 0: a754d4c8-bbdd-415d-ab5e-ea5caa73cb25<-a884725c-3443-458c-8df7-7c5a51101be7#0:OK-t1
2023-05-18 02:47:15,837 [a754d4c8-bbdd-415d-ab5e-ea5caa73cb25@group-414C1574D782-LeaderElection7] INFO  impl.LeaderElection (LeaderElection.java:askForVotes(323)) - a754d4c8-bbdd-415d-ab5e-ea5caa73cb25@group-414C1574D782-LeaderElection7 ELECTION round 0: result PASSED
2023-05-18 02:47:15,837 [a754d4c8-bbdd-415d-ab5e-ea5caa73cb25@group-414C1574D782-LeaderElection7] INFO  impl.RoleInfo (RoleInfo.java:shutdownLeaderElection(130)) - a754d4c8-bbdd-415d-ab5e-ea5caa73cb25: shutdown a754d4c8-bbdd-415d-ab5e-ea5caa73cb25@group-414C1574D782-LeaderElection7
2023-05-18 02:47:15,838 [a754d4c8-bbdd-415d-ab5e-ea5caa73cb25@group-414C1574D782-LeaderElection7] INFO  server.RaftServer$Division (RaftServerImpl.java:setRole(329)) - a754d4c8-bbdd-415d-ab5e-ea5caa73cb25@group-414C1574D782: changes role from CANDIDATE to LEADER at term 1 for changeToLeader
2023-05-18 02:47:15,838 [a754d4c8-bbdd-415d-ab5e-ea5caa73cb25@group-414C1574D782-LeaderElection7] INFO  ratis.XceiverServerRatis (XceiverServerRatis.java:handleLeaderChangedNotification(904)) - Leader change notification received for group: group-414C1574D782 with new leaderId: a754d4c8-bbdd-415d-ab5e-ea5caa73cb25
2023-05-18 02:47:15,838 [a754d4c8-bbdd-415d-ab5e-ea5caa73cb25@group-414C1574D782-LeaderElection7] INFO  server.RaftServer$Division (ServerState.java:setLeader(317)) - a754d4c8-bbdd-415d-ab5e-ea5caa73cb25@group-414C1574D782: change Leader from null to a754d4c8-bbdd-415d-ab5e-ea5caa73cb25 at term 1 for becomeLeader, leader elected after 5182ms
2023-05-18 02:47:15,838 [a754d4c8-bbdd-415d-ab5e-ea5caa73cb25@group-414C1574D782-LeaderElection7] INFO  server.RaftServerConfigKeys (ConfUtils.java:logGet(46)) - raft.server.staging.catchup.gap = 1000 (default)
2023-05-18 02:47:15,839 [a754d4c8-bbdd-415d-ab5e-ea5caa73cb25@group-414C1574D782-LeaderElection7] INFO  server.RaftServerConfigKeys (ConfUtils.java:logGet(46)) - raft.server.write.element-limit = 1024 (custom)
2023-05-18 02:47:15,839 [a754d4c8-bbdd-415d-ab5e-ea5caa73cb25@group-414C1574D782-LeaderElection7] INFO  server.RaftServerConfigKeys (ConfUtils.java:logGet(46)) - raft.server.write.byte-limit = 1024 M (=1073741824) (custom)
2023-05-18 02:47:15,839 [a754d4c8-bbdd-415d-ab5e-ea5caa73cb25@group-414C1574D782-LeaderElection7] INFO  server.RaftServerConfigKeys (ConfUtils.java:logGet(46)) - raft.server.watch.timeout = 180s (custom)
2023-05-18 02:47:15,839 [a754d4c8-bbdd-415d-ab5e-ea5caa73cb25@group-414C1574D782-LeaderElection7] INFO  server.RaftServerConfigKeys (ConfUtils.java:logGet(46)) - raft.server.watch.timeout.denomination = 1s (default)
2023-05-18 02:47:15,840 [EventQueue-PipelineReportForPipelineReportHandler] INFO  pipeline.PipelineManagerImpl (PipelineManagerImpl.java:openPipeline(367)) - Pipeline Pipeline[ Id: d800373b-ec3a-4daa-a9e5-414c1574d782, Nodes: a884725c-3443-458c-8df7-7c5a51101be7(fv-az180-414.aibneqh1mxpuhl3tnnuy2ifbce.bx.internal.cloudapp.net/10.1.1.154)a754d4c8-bbdd-415d-ab5e-ea5caa73cb25(fv-az180-414.aibneqh1mxpuhl3tnnuy2ifbce.bx.internal.cloudapp.net/10.1.1.154)eda5bed9-420b-4517-a9a1-164df2c5dc2a(fv-az180-414.aibneqh1mxpuhl3tnnuy2ifbce.bx.internal.cloudapp.net/10.1.1.154), ReplicationConfig: RATIS/THREE, State:ALLOCATED, leaderId:a754d4c8-bbdd-415d-ab5e-ea5caa73cb25, CreationTimestamp2023-05-18T02:47:07.703Z[Etc/UTC]] moved to OPEN state
2023-05-18 02:47:15,841 [grpc-default-executor-0] INFO  server.RaftServer$Division (RaftServerImpl.java:requestVote(1302)) - eda5bed9-420b-4517-a9a1-164df2c5dc2a@group-414C1574D782: receive requestVote(ELECTION, a754d4c8-bbdd-415d-ab5e-ea5caa73cb25, group-414C1574D782, 1, (t:0, i:0))
2023-05-18 02:47:15,841 [grpc-default-executor-0] INFO  impl.VoteContext (VoteContext.java:log(49)) - eda5bed9-420b-4517-a9a1-164df2c5dc2a@group-414C1574D782-FOLLOWER: accept ELECTION from a754d4c8-bbdd-415d-ab5e-ea5caa73cb25: our priority 0 <= candidate's priority 1
2023-05-18 02:47:15,841 [grpc-default-executor-0] INFO  server.RaftServer$Division (RaftServerImpl.java:setRole(329)) - eda5bed9-420b-4517-a9a1-164df2c5dc2a@group-414C1574D782: changes role from  FOLLOWER to FOLLOWER at term 1 for candidate:a754d4c8-bbdd-415d-ab5e-ea5caa73cb25
2023-05-18 02:47:15,841 [grpc-default-executor-0] INFO  impl.RoleInfo (RoleInfo.java:shutdownFollowerState(110)) - eda5bed9-420b-4517-a9a1-164df2c5dc2a: shutdown eda5bed9-420b-4517-a9a1-164df2c5dc2a@group-414C1574D782-FollowerState
2023-05-18 02:47:15,842 [eda5bed9-420b-4517-a9a1-164df2c5dc2a@group-414C1574D782-FollowerState] INFO  impl.FollowerState (FollowerState.java:run(152)) - eda5bed9-420b-4517-a9a1-164df2c5dc2a@group-414C1574D782-FollowerState was interrupted
2023-05-18 02:47:15,840 [a754d4c8-bbdd-415d-ab5e-ea5caa73cb25@group-414C1574D782-LeaderElection7] INFO  server.RaftServerConfigKeys (ConfUtils.java:logGet(46)) - raft.server.watch.element-limit = 65536 (default)
2023-05-18 02:47:15,842 [a754d4c8-bbdd-415d-ab5e-ea5caa73cb25@group-414C1574D782-LeaderElection7] INFO  server.RaftServerConfigKeys (ConfUtils.java:logGet(46)) - raft.server.write.element-limit = 1024 (custom)
2023-05-18 02:47:15,842 [a754d4c8-bbdd-415d-ab5e-ea5caa73cb25@group-414C1574D782-LeaderElection7] INFO  server.RaftServerConfigKeys (ConfUtils.java:logGet(46)) - raft.server.write.follower.gap.ratio.max = -1.0 (default)
2023-05-18 02:47:15,844 [grpc-default-executor-0] INFO  impl.RoleInfo (RoleInfo.java:updateAndGet(139)) - eda5bed9-420b-4517-a9a1-164df2c5dc2a: start eda5bed9-420b-4517-a9a1-164df2c5dc2a@group-414C1574D782-FollowerState
2023-05-18 02:47:15,844 [a754d4c8-bbdd-415d-ab5e-ea5caa73cb25@group-414C1574D782-LeaderElection7] INFO  server.RaftServerConfigKeys (ConfUtils.java:logGet(46)) - raft.server.log.appender.snapshot.chunk.size.max = 16MB (=16777216) (default)
2023-05-18 02:47:15,844 [a754d4c8-bbdd-415d-ab5e-ea5caa73cb25@group-414C1574D782-LeaderElection7] INFO  server.RaftServerConfigKeys (ConfUtils.java:logGet(46)) - raft.server.log.appender.buffer.byte-limit = 33554432 (custom)
2023-05-18 02:47:15,844 [a754d4c8-bbdd-415d-ab5e-ea5caa73cb25@group-414C1574D782-LeaderElection7] INFO  server.RaftServerConfigKeys (ConfUtils.java:logGet(46)) - raft.server.log.appender.buffer.element-limit = 1 (custom)
2023-05-18 02:47:15,845 [a754d4c8-bbdd-415d-ab5e-ea5caa73cb25@group-414C1574D782-LeaderElection7] INFO  server.RaftServerConfigKeys (ConfUtils.java:logGet(46)) - raft.server.log.appender.wait-time.min = 10ms (default)
2023-05-18 02:47:15,845 [grpc-default-executor-0] INFO  server.RaftServer$Division (RaftServerImpl.java:requestVote(1335)) - eda5bed9-420b-4517-a9a1-164df2c5dc2a@group-414C1574D782 replies to ELECTION vote request: a754d4c8-bbdd-415d-ab5e-ea5caa73cb25<-eda5bed9-420b-4517-a9a1-164df2c5dc2a#0:OK-t1. Peer's state: eda5bed9-420b-4517-a9a1-164df2c5dc2a@group-414C1574D782:t1, leader=null, voted=a754d4c8-bbdd-415d-ab5e-ea5caa73cb25, raftlog=Memoized:eda5bed9-420b-4517-a9a1-164df2c5dc2a@group-414C1574D782-SegmentedRaftLog:OPENED:c-1, conf=-1: peers:[a884725c-3443-458c-8df7-7c5a51101be7|rpc:10.1.1.154:15013|admin:10.1.1.154:15012|client:10.1.1.154:15011|dataStream:10.1.1.154:15014|priority:0|startupRole:FOLLOWER, a754d4c8-bbdd-415d-ab5e-ea5caa73cb25|rpc:10.1.1.154:15021|admin:10.1.1.154:15020|client:10.1.1.154:15019|dataStream:10.1.1.154:15022|priority:1|startupRole:FOLLOWER, eda5bed9-420b-4517-a9a1-164df2c5dc2a|rpc:10.1.1.154:15029|admin:10.1.1.154:15028|client:10.1.1.154:15027|dataStream:10.1.1.154:15030|priority:0|startupRole:FOLLOWER]|listeners:[], old=null
2023-05-18 02:47:15,845 [a754d4c8-bbdd-415d-ab5e-ea5caa73cb25@group-414C1574D782-LeaderElection7] INFO  grpc.GrpcConfigKeys (ConfUtils.java:logGet(46)) - raft.grpc.server.leader.outstanding.appends.max = 128 (default)
2023-05-18 02:47:15,854 [a754d4c8-bbdd-415d-ab5e-ea5caa73cb25@group-414C1574D782-LeaderElection7] INFO  server.RaftServerConfigKeys (ConfUtils.java:logGet(46)) - raft.server.rpc.request.timeout = 60s (custom)
2023-05-18 02:47:15,854 [a754d4c8-bbdd-415d-ab5e-ea5caa73cb25@group-414C1574D782-LeaderElection7] INFO  grpc.GrpcConfigKeys (ConfUtils.java:logGet(46)) - raft.grpc.server.install_snapshot.request.element-limit = 8 (default)
2023-05-18 02:47:15,854 [a754d4c8-bbdd-415d-ab5e-ea5caa73cb25@group-414C1574D782-LeaderElection7] INFO  grpc.GrpcConfigKeys (ConfUtils.java:logGet(46)) - raft.grpc.server.install_snapshot.request.timeout = 3000ms (default)
2023-05-18 02:47:15,854 [a754d4c8-bbdd-415d-ab5e-ea5caa73cb25@group-414C1574D782-LeaderElection7] INFO  server.RaftServerConfigKeys (ConfUtils.java:logGet(46)) - raft.server.log.appender.install.snapshot.enabled = false (custom)
2023-05-18 02:47:15,854 [a754d4c8-bbdd-415d-ab5e-ea5caa73cb25@group-414C1574D782-LeaderElection7] INFO  grpc.GrpcConfigKeys (ConfUtils.java:logGet(46)) - raft.grpc.server.heartbeat.channel = true (default)
2023-05-18 02:47:15,855 [a754d4c8-bbdd-415d-ab5e-ea5caa73cb25@group-414C1574D782-LeaderElection7] INFO  server.RaftServerConfigKeys (ConfUtils.java:logGet(46)) - raft.server.log.appender.snapshot.chunk.size.max = 16MB (=16777216) (default)
2023-05-18 02:47:15,855 [a754d4c8-bbdd-415d-ab5e-ea5caa73cb25@group-414C1574D782-LeaderElection7] INFO  server.RaftServerConfigKeys (ConfUtils.java:logGet(46)) - raft.server.log.appender.buffer.byte-limit = 33554432 (custom)
2023-05-18 02:47:15,855 [a754d4c8-bbdd-415d-ab5e-ea5caa73cb25@group-414C1574D782-LeaderElection7] INFO  server.RaftServerConfigKeys (ConfUtils.java:logGet(46)) - raft.server.log.appender.buffer.element-limit = 1 (custom)
2023-05-18 02:47:15,855 [a754d4c8-bbdd-415d-ab5e-ea5caa73cb25@group-414C1574D782-LeaderElection7] INFO  server.RaftServerConfigKeys (ConfUtils.java:logGet(46)) - raft.server.log.appender.wait-time.min = 10ms (default)
2023-05-18 02:47:15,855 [a754d4c8-bbdd-415d-ab5e-ea5caa73cb25@group-414C1574D782-LeaderElection7] INFO  grpc.GrpcConfigKeys (ConfUtils.java:logGet(46)) - raft.grpc.server.leader.outstanding.appends.max = 128 (default)
2023-05-18 02:47:15,855 [a754d4c8-bbdd-415d-ab5e-ea5caa73cb25@group-414C1574D782-LeaderElection7] INFO  server.RaftServerConfigKeys (ConfUtils.java:logGet(46)) - raft.server.rpc.request.timeout = 60s (custom)
2023-05-18 02:47:15,855 [a754d4c8-bbdd-415d-ab5e-ea5caa73cb25@group-414C1574D782-LeaderElection7] INFO  grpc.GrpcConfigKeys (ConfUtils.java:logGet(46)) - raft.grpc.server.install_snapshot.request.element-limit = 8 (default)
2023-05-18 02:47:15,855 [a754d4c8-bbdd-415d-ab5e-ea5caa73cb25@group-414C1574D782-LeaderElection7] INFO  grpc.GrpcConfigKeys (ConfUtils.java:logGet(46)) - raft.grpc.server.install_snapshot.request.timeout = 3000ms (default)
2023-05-18 02:47:15,855 [a754d4c8-bbdd-415d-ab5e-ea5caa73cb25@group-414C1574D782-LeaderElection7] INFO  server.RaftServerConfigKeys (ConfUtils.java:logGet(46)) - raft.server.log.appender.install.snapshot.enabled = false (custom)
2023-05-18 02:47:15,855 [a754d4c8-bbdd-415d-ab5e-ea5caa73cb25@group-414C1574D782-LeaderElection7] INFO  grpc.GrpcConfigKeys (ConfUtils.java:logGet(46)) - raft.grpc.server.heartbeat.channel = true (default)
2023-05-18 02:47:15,855 [a754d4c8-bbdd-415d-ab5e-ea5caa73cb25@group-414C1574D782-LeaderElection7] INFO  impl.RoleInfo (RoleInfo.java:updateAndGet(139)) - a754d4c8-bbdd-415d-ab5e-ea5caa73cb25: start a754d4c8-bbdd-415d-ab5e-ea5caa73cb25@group-414C1574D782-LeaderStateImpl
2023-05-18 02:47:15,856 [a754d4c8-bbdd-415d-ab5e-ea5caa73cb25@group-414C1574D782-LeaderElection7] INFO  segmented.SegmentedRaftLogWorker (SegmentedRaftLogWorker.java:startLogSegment(447)) - a754d4c8-bbdd-415d-ab5e-ea5caa73cb25@group-414C1574D782-SegmentedRaftLogWorker: Starting segment from index:0
2023-05-18 02:47:15,857 [a754d4c8-bbdd-415d-ab5e-ea5caa73cb25@group-414C1574D782-SegmentedRaftLogWorker] INFO  segmented.SegmentedRaftLogWorker (SegmentedRaftLogWorker.java:execute(651)) - a754d4c8-bbdd-415d-ab5e-ea5caa73cb25@group-414C1574D782-SegmentedRaftLogWorker: created new log segment /home/runner/work/ozone/ozone/hadoop-ozone/integration-test/target/test-dir/MiniOzoneClusterImpl-522acec6-bbe2-4bbe-92e7-576262f261c3/datanode-1/data/ratis/d800373b-ec3a-4daa-a9e5-414c1574d782/current/log_inprogress_0
2023-05-18 02:47:15,858 [a754d4c8-bbdd-415d-ab5e-ea5caa73cb25@group-414C1574D782-LeaderElection7] INFO  server.RaftServer$Division (ServerState.java:setRaftConf(434)) - a754d4c8-bbdd-415d-ab5e-ea5caa73cb25@group-414C1574D782: set configuration 0: peers:[a884725c-3443-458c-8df7-7c5a51101be7|rpc:10.1.1.154:15013|admin:10.1.1.154:15012|client:10.1.1.154:15011|dataStream:10.1.1.154:15014|priority:0|startupRole:FOLLOWER, a754d4c8-bbdd-415d-ab5e-ea5caa73cb25|rpc:10.1.1.154:15021|admin:10.1.1.154:15020|client:10.1.1.154:15019|dataStream:10.1.1.154:15022|priority:1|startupRole:FOLLOWER, eda5bed9-420b-4517-a9a1-164df2c5dc2a|rpc:10.1.1.154:15029|admin:10.1.1.154:15028|client:10.1.1.154:15027|dataStream:10.1.1.154:15030|priority:0|startupRole:FOLLOWER]|listeners:[], old=null
2023-05-18 02:47:15,862 [eda5bed9-420b-4517-a9a1-164df2c5dc2a@group-F48E4A4B30EF-FollowerState] INFO  impl.FollowerState (FollowerState.java:run(143)) - eda5bed9-420b-4517-a9a1-164df2c5dc2a@group-F48E4A4B30EF-FollowerState: change to CANDIDATE, lastRpcElapsedTime:5133666720ns, electionTimeout:5132ms
2023-05-18 02:47:15,862 [eda5bed9-420b-4517-a9a1-164df2c5dc2a@group-F48E4A4B30EF-FollowerState] INFO  impl.RoleInfo (RoleInfo.java:shutdownFollowerState(110)) - eda5bed9-420b-4517-a9a1-164df2c5dc2a: shutdown eda5bed9-420b-4517-a9a1-164df2c5dc2a@group-F48E4A4B30EF-FollowerState
2023-05-18 02:47:15,862 [eda5bed9-420b-4517-a9a1-164df2c5dc2a@group-F48E4A4B30EF-FollowerState] INFO  server.RaftServer$Division (RaftServerImpl.java:setRole(329)) - eda5bed9-420b-4517-a9a1-164df2c5dc2a@group-F48E4A4B30EF: changes role from  FOLLOWER to CANDIDATE at term 0 for changeToCandidate
2023-05-18 02:47:15,864 [eda5bed9-420b-4517-a9a1-164df2c5dc2a@group-F48E4A4B30EF-FollowerState] INFO  server.RaftServerConfigKeys (ConfUtils.java:logGet(46)) - raft.server.leaderelection.pre-vote = true (default)
2023-05-18 02:47:15,864 [eda5bed9-420b-4517-a9a1-164df2c5dc2a@group-F48E4A4B30EF-FollowerState] INFO  impl.RoleInfo (RoleInfo.java:updateAndGet(139)) - eda5bed9-420b-4517-a9a1-164df2c5dc2a: start eda5bed9-420b-4517-a9a1-164df2c5dc2a@group-F48E4A4B30EF-LeaderElection8
2023-05-18 02:47:15,872 [eda5bed9-420b-4517-a9a1-164df2c5dc2a@group-F48E4A4B30EF-LeaderElection8] INFO  impl.LeaderElection (LeaderElection.java:askForVotes(321)) - eda5bed9-420b-4517-a9a1-164df2c5dc2a@group-F48E4A4B30EF-LeaderElection8 PRE_VOTE round 0: submit vote requests at term 0 for -1: peers:[eda5bed9-420b-4517-a9a1-164df2c5dc2a|rpc:10.1.1.154:15029|admin:10.1.1.154:15028|client:10.1.1.154:15027|dataStream:10.1.1.154:15030|priority:1|startupRole:FOLLOWER]|listeners:[], old=null
2023-05-18 02:47:15,872 [eda5bed9-420b-4517-a9a1-164df2c5dc2a@group-F48E4A4B30EF-LeaderElection8] INFO  impl.LeaderElection (LeaderElection.java:askForVotes(323)) - eda5bed9-420b-4517-a9a1-164df2c5dc2a@group-F48E4A4B30EF-LeaderElection8 PRE_VOTE round 0: result PASSED (term=0)
2023-05-18 02:47:15,876 [eda5bed9-420b-4517-a9a1-164df2c5dc2a@group-F48E4A4B30EF-LeaderElection8] INFO  impl.LeaderElection (LeaderElection.java:askForVotes(321)) - eda5bed9-420b-4517-a9a1-164df2c5dc2a@group-F48E4A4B30EF-LeaderElection8 ELECTION round 0: submit vote requests at term 1 for -1: peers:[eda5bed9-420b-4517-a9a1-164df2c5dc2a|rpc:10.1.1.154:15029|admin:10.1.1.154:15028|client:10.1.1.154:15027|dataStream:10.1.1.154:15030|priority:1|startupRole:FOLLOWER]|listeners:[], old=null
2023-05-18 02:47:15,876 [eda5bed9-420b-4517-a9a1-164df2c5dc2a@group-F48E4A4B30EF-LeaderElection8] INFO  impl.LeaderElection (LeaderElection.java:askForVotes(323)) - eda5bed9-420b-4517-a9a1-164df2c5dc2a@group-F48E4A4B30EF-LeaderElection8 ELECTION round 0: result PASSED (term=1)
2023-05-18 02:47:15,876 [eda5bed9-420b-4517-a9a1-164df2c5dc2a@group-F48E4A4B30EF-LeaderElection8] INFO  impl.RoleInfo (RoleInfo.java:shutdownLeaderElection(130)) - eda5bed9-420b-4517-a9a1-164df2c5dc2a: shutdown eda5bed9-420b-4517-a9a1-164df2c5dc2a@group-F48E4A4B30EF-LeaderElection8
2023-05-18 02:47:15,876 [eda5bed9-420b-4517-a9a1-164df2c5dc2a@group-F48E4A4B30EF-LeaderElection8] INFO  server.RaftServer$Division (RaftServerImpl.java:setRole(329)) - eda5bed9-420b-4517-a9a1-164df2c5dc2a@group-F48E4A4B30EF: changes role from CANDIDATE to LEADER at term 1 for changeToLeader
2023-05-18 02:47:15,876 [eda5bed9-420b-4517-a9a1-164df2c5dc2a@group-F48E4A4B30EF-LeaderElection8] INFO  ratis.XceiverServerRatis (XceiverServerRatis.java:handleLeaderChangedNotification(904)) - Leader change notification received for group: group-F48E4A4B30EF with new leaderId: eda5bed9-420b-4517-a9a1-164df2c5dc2a
2023-05-18 02:47:15,878 [eda5bed9-420b-4517-a9a1-164df2c5dc2a-server-thread1] INFO  ratis.XceiverServerRatis (XceiverServerRatis.java:handleLeaderChangedNotification(904)) - Leader change notification received for group: group-414C1574D782 with new leaderId: a754d4c8-bbdd-415d-ab5e-ea5caa73cb25
2023-05-18 02:47:15,878 [eda5bed9-420b-4517-a9a1-164df2c5dc2a-server-thread1] INFO  server.RaftServer$Division (ServerState.java:setLeader(317)) - eda5bed9-420b-4517-a9a1-164df2c5dc2a@group-414C1574D782: change Leader from null to a754d4c8-bbdd-415d-ab5e-ea5caa73cb25 at term 1 for appendEntries, leader elected after 5145ms
2023-05-18 02:47:15,888 [eda5bed9-420b-4517-a9a1-164df2c5dc2a@group-F48E4A4B30EF-LeaderElection8] INFO  server.RaftServer$Division (ServerState.java:setLeader(317)) - eda5bed9-420b-4517-a9a1-164df2c5dc2a@group-F48E4A4B30EF: change Leader from null to eda5bed9-420b-4517-a9a1-164df2c5dc2a at term 1 for becomeLeader, leader elected after 5184ms
2023-05-18 02:47:15,888 [eda5bed9-420b-4517-a9a1-164df2c5dc2a@group-F48E4A4B30EF-LeaderElection8] INFO  server.RaftServerConfigKeys (ConfUtils.java:logGet(46)) - raft.server.staging.catchup.gap = 1000 (default)
2023-05-18 02:47:15,888 [eda5bed9-420b-4517-a9a1-164df2c5dc2a@group-F48E4A4B30EF-LeaderElection8] INFO  server.RaftServerConfigKeys (ConfUtils.java:logGet(46)) - raft.server.write.element-limit = 1024 (custom)
2023-05-18 02:47:15,888 [eda5bed9-420b-4517-a9a1-164df2c5dc2a@group-F48E4A4B30EF-LeaderElection8] INFO  server.RaftServerConfigKeys (ConfUtils.java:logGet(46)) - raft.server.write.byte-limit = 1024 M (=1073741824) (custom)
2023-05-18 02:47:15,888 [eda5bed9-420b-4517-a9a1-164df2c5dc2a@group-F48E4A4B30EF-LeaderElection8] INFO  server.RaftServerConfigKeys (ConfUtils.java:logGet(46)) - raft.server.watch.timeout = 180s (custom)
2023-05-18 02:47:15,888 [eda5bed9-420b-4517-a9a1-164df2c5dc2a@group-F48E4A4B30EF-LeaderElection8] INFO  server.RaftServerConfigKeys (ConfUtils.java:logGet(46)) - raft.server.watch.timeout.denomination = 1s (default)
2023-05-18 02:47:15,889 [eda5bed9-420b-4517-a9a1-164df2c5dc2a@group-F48E4A4B30EF-LeaderElection8] INFO  server.RaftServerConfigKeys (ConfUtils.java:logGet(46)) - raft.server.watch.element-limit = 65536 (default)
2023-05-18 02:47:15,889 [eda5bed9-420b-4517-a9a1-164df2c5dc2a@group-F48E4A4B30EF-LeaderElection8] INFO  server.RaftServerConfigKeys (ConfUtils.java:logGet(46)) - raft.server.write.element-limit = 1024 (custom)
2023-05-18 02:47:15,889 [eda5bed9-420b-4517-a9a1-164df2c5dc2a@group-F48E4A4B30EF-LeaderElection8] INFO  server.RaftServerConfigKeys (ConfUtils.java:logGet(46)) - raft.server.write.follower.gap.ratio.max = -1.0 (default)
2023-05-18 02:47:15,889 [eda5bed9-420b-4517-a9a1-164df2c5dc2a@group-F48E4A4B30EF-LeaderElection8] INFO  impl.RoleInfo (RoleInfo.java:updateAndGet(139)) - eda5bed9-420b-4517-a9a1-164df2c5dc2a: start eda5bed9-420b-4517-a9a1-164df2c5dc2a@group-F48E4A4B30EF-LeaderStateImpl
2023-05-18 02:47:15,898 [eda5bed9-420b-4517-a9a1-164df2c5dc2a@group-F48E4A4B30EF-LeaderElection8] INFO  segmented.SegmentedRaftLogWorker (SegmentedRaftLogWorker.java:startLogSegment(447)) - eda5bed9-420b-4517-a9a1-164df2c5dc2a@group-F48E4A4B30EF-SegmentedRaftLogWorker: Starting segment from index:0
2023-05-18 02:47:15,899 [a884725c-3443-458c-8df7-7c5a51101be7-server-thread1] INFO  ratis.XceiverServerRatis (XceiverServerRatis.java:handleLeaderChangedNotification(904)) - Leader change notification received for group: group-414C1574D782 with new leaderId: a754d4c8-bbdd-415d-ab5e-ea5caa73cb25
2023-05-18 02:47:15,899 [a884725c-3443-458c-8df7-7c5a51101be7-server-thread1] INFO  server.RaftServer$Division (ServerState.java:setLeader(317)) - a884725c-3443-458c-8df7-7c5a51101be7@group-414C1574D782: change Leader from null to a754d4c8-bbdd-415d-ab5e-ea5caa73cb25 at term 1 for appendEntries, leader elected after 5331ms
2023-05-18 02:47:15,900 [eda5bed9-420b-4517-a9a1-164df2c5dc2a@group-F48E4A4B30EF-SegmentedRaftLogWorker] INFO  segmented.SegmentedRaftLogWorker (SegmentedRaftLogWorker.java:execute(651)) - eda5bed9-420b-4517-a9a1-164df2c5dc2a@group-F48E4A4B30EF-SegmentedRaftLogWorker: created new log segment /home/runner/work/ozone/ozone/hadoop-ozone/integration-test/target/test-dir/MiniOzoneClusterImpl-522acec6-bbe2-4bbe-92e7-576262f261c3/datanode-2/data/ratis/bb99fe84-957b-40c2-831f-f48e4a4b30ef/current/log_inprogress_0
2023-05-18 02:47:15,906 [eda5bed9-420b-4517-a9a1-164df2c5dc2a-server-thread3] INFO  server.RaftServer$Division (ServerState.java:setRaftConf(434)) - eda5bed9-420b-4517-a9a1-164df2c5dc2a@group-414C1574D782: set configuration 0: peers:[a884725c-3443-458c-8df7-7c5a51101be7|rpc:10.1.1.154:15013|admin:10.1.1.154:15012|client:10.1.1.154:15011|dataStream:10.1.1.154:15014|priority:0|startupRole:FOLLOWER, a754d4c8-bbdd-415d-ab5e-ea5caa73cb25|rpc:10.1.1.154:15021|admin:10.1.1.154:15020|client:10.1.1.154:15019|dataStream:10.1.1.154:15022|priority:1|startupRole:FOLLOWER, eda5bed9-420b-4517-a9a1-164df2c5dc2a|rpc:10.1.1.154:15029|admin:10.1.1.154:15028|client:10.1.1.154:15027|dataStream:10.1.1.154:15030|priority:0|startupRole:FOLLOWER]|listeners:[], old=null
2023-05-18 02:47:15,906 [eda5bed9-420b-4517-a9a1-164df2c5dc2a-server-thread3] INFO  segmented.SegmentedRaftLogWorker (SegmentedRaftLogWorker.java:startLogSegment(447)) - eda5bed9-420b-4517-a9a1-164df2c5dc2a@group-414C1574D782-SegmentedRaftLogWorker: Starting segment from index:0
2023-05-18 02:47:15,906 [eda5bed9-420b-4517-a9a1-164df2c5dc2a@group-F48E4A4B30EF-LeaderElection8] INFO  server.RaftServer$Division (ServerState.java:setRaftConf(434)) - eda5bed9-420b-4517-a9a1-164df2c5dc2a@group-F48E4A4B30EF: set configuration 0: peers:[eda5bed9-420b-4517-a9a1-164df2c5dc2a|rpc:10.1.1.154:15029|admin:10.1.1.154:15028|client:10.1.1.154:15027|dataStream:10.1.1.154:15030|priority:1|startupRole:FOLLOWER]|listeners:[], old=null
2023-05-18 02:47:15,908 [eda5bed9-420b-4517-a9a1-164df2c5dc2a@group-414C1574D782-SegmentedRaftLogWorker] INFO  segmented.SegmentedRaftLogWorker (SegmentedRaftLogWorker.java:execute(651)) - eda5bed9-420b-4517-a9a1-164df2c5dc2a@group-414C1574D782-SegmentedRaftLogWorker: created new log segment /home/runner/work/ozone/ozone/hadoop-ozone/integration-test/target/test-dir/MiniOzoneClusterImpl-522acec6-bbe2-4bbe-92e7-576262f261c3/datanode-2/data/ratis/d800373b-ec3a-4daa-a9e5-414c1574d782/current/log_inprogress_0
2023-05-18 02:47:15,915 [a884725c-3443-458c-8df7-7c5a51101be7-server-thread3] INFO  server.RaftServer$Division (ServerState.java:setRaftConf(434)) - a884725c-3443-458c-8df7-7c5a51101be7@group-414C1574D782: set configuration 0: peers:[a884725c-3443-458c-8df7-7c5a51101be7|rpc:10.1.1.154:15013|admin:10.1.1.154:15012|client:10.1.1.154:15011|dataStream:10.1.1.154:15014|priority:0|startupRole:FOLLOWER, a754d4c8-bbdd-415d-ab5e-ea5caa73cb25|rpc:10.1.1.154:15021|admin:10.1.1.154:15020|client:10.1.1.154:15019|dataStream:10.1.1.154:15022|priority:1|startupRole:FOLLOWER, eda5bed9-420b-4517-a9a1-164df2c5dc2a|rpc:10.1.1.154:15029|admin:10.1.1.154:15028|client:10.1.1.154:15027|dataStream:10.1.1.154:15030|priority:0|startupRole:FOLLOWER]|listeners:[], old=null
2023-05-18 02:47:15,917 [a884725c-3443-458c-8df7-7c5a51101be7-server-thread3] INFO  segmented.SegmentedRaftLogWorker (SegmentedRaftLogWorker.java:startLogSegment(447)) - a884725c-3443-458c-8df7-7c5a51101be7@group-414C1574D782-SegmentedRaftLogWorker: Starting segment from index:0
2023-05-18 02:47:15,919 [a884725c-3443-458c-8df7-7c5a51101be7@group-414C1574D782-SegmentedRaftLogWorker] INFO  segmented.SegmentedRaftLogWorker (SegmentedRaftLogWorker.java:execute(651)) - a884725c-3443-458c-8df7-7c5a51101be7@group-414C1574D782-SegmentedRaftLogWorker: created new log segment /home/runner/work/ozone/ozone/hadoop-ozone/integration-test/target/test-dir/MiniOzoneClusterImpl-522acec6-bbe2-4bbe-92e7-576262f261c3/datanode-0/data/ratis/d800373b-ec3a-4daa-a9e5-414c1574d782/current/log_inprogress_0
2023-05-18 02:47:16,079 [BlockDeletingService#2] INFO  interfaces.ContainerDeletionChoosingPolicyTemplate (ContainerDeletionChoosingPolicyTemplate.java:chooseContainerForBlockDeletion(83)) - Chosen 0/5000 blocks from 0 candidate containers.
2023-05-18 02:47:16,080 [BlockDeletingService#2] INFO  interfaces.ContainerDeletionChoosingPolicyTemplate (ContainerDeletionChoosingPolicyTemplate.java:chooseContainerForBlockDeletion(83)) - Chosen 0/5000 blocks from 0 candidate containers.
2023-05-18 02:47:16,082 [BlockDeletingService#2] INFO  interfaces.ContainerDeletionChoosingPolicyTemplate (ContainerDeletionChoosingPolicyTemplate.java:chooseContainerForBlockDeletion(83)) - Chosen 0/5000 blocks from 0 candidate containers.
2023-05-18 02:47:16,184 [BlockDeletingService#2] INFO  interfaces.ContainerDeletionChoosingPolicyTemplate (ContainerDeletionChoosingPolicyTemplate.java:chooseContainerForBlockDeletion(83)) - Chosen 0/5000 blocks from 0 candidate containers.
2023-05-18 02:47:16,214 [1d3b30df-d5fa-48f7-8d20-f176392eff1b@group-06B9F37FACC8-FollowerState] INFO  impl.FollowerState (FollowerState.java:run(143)) - 1d3b30df-d5fa-48f7-8d20-f176392eff1b@group-06B9F37FACC8-FollowerState: change to CANDIDATE, lastRpcElapsedTime:5026486289ns, electionTimeout:5016ms
2023-05-18 02:47:16,215 [1d3b30df-d5fa-48f7-8d20-f176392eff1b@group-06B9F37FACC8-FollowerState] INFO  impl.RoleInfo (RoleInfo.java:shutdownFollowerState(110)) - 1d3b30df-d5fa-48f7-8d20-f176392eff1b: shutdown 1d3b30df-d5fa-48f7-8d20-f176392eff1b@group-06B9F37FACC8-FollowerState
2023-05-18 02:47:16,215 [1d3b30df-d5fa-48f7-8d20-f176392eff1b@group-06B9F37FACC8-FollowerState] INFO  server.RaftServer$Division (RaftServerImpl.java:setRole(329)) - 1d3b30df-d5fa-48f7-8d20-f176392eff1b@group-06B9F37FACC8: changes role from  FOLLOWER to CANDIDATE at term 0 for changeToCandidate
2023-05-18 02:47:16,218 [1d3b30df-d5fa-48f7-8d20-f176392eff1b@group-06B9F37FACC8-FollowerState] INFO  server.RaftServerConfigKeys (ConfUtils.java:logGet(46)) - raft.server.leaderelection.pre-vote = true (default)
2023-05-18 02:47:16,218 [1d3b30df-d5fa-48f7-8d20-f176392eff1b@group-06B9F37FACC8-FollowerState] INFO  impl.RoleInfo (RoleInfo.java:updateAndGet(139)) - 1d3b30df-d5fa-48f7-8d20-f176392eff1b: start 1d3b30df-d5fa-48f7-8d20-f176392eff1b@group-06B9F37FACC8-LeaderElection9
2023-05-18 02:47:16,220 [1d3b30df-d5fa-48f7-8d20-f176392eff1b@group-06B9F37FACC8-LeaderElection9] INFO  impl.LeaderElection (LeaderElection.java:askForVotes(321)) - 1d3b30df-d5fa-48f7-8d20-f176392eff1b@group-06B9F37FACC8-LeaderElection9 PRE_VOTE round 0: submit vote requests at term 0 for -1: peers:[4ccd21da-06a8-4ca3-bf16-e3c028fe0c77|rpc:10.1.1.154:15045|admin:10.1.1.154:15044|client:10.1.1.154:15043|dataStream:10.1.1.154:15046|priority:1|startupRole:FOLLOWER, dd0a355a-d343-4342-9afa-2dfa8fc9aea1|rpc:10.1.1.154:15053|admin:10.1.1.154:15052|client:10.1.1.154:15051|dataStream:10.1.1.154:15054|priority:0|startupRole:FOLLOWER, 1d3b30df-d5fa-48f7-8d20-f176392eff1b|rpc:10.1.1.154:15037|admin:10.1.1.154:15036|client:10.1.1.154:15035|dataStream:10.1.1.154:15038|priority:0|startupRole:FOLLOWER]|listeners:[], old=null
2023-05-18 02:47:16,221 [1d3b30df-d5fa-48f7-8d20-f176392eff1b@group-06B9F37FACC8-LeaderElection9-1] INFO  server.GrpcServerProtocolClient (GrpcServerProtocolClient.java:<init>(65)) - Build channel for 4ccd21da-06a8-4ca3-bf16-e3c028fe0c77
2023-05-18 02:47:16,221 [1d3b30df-d5fa-48f7-8d20-f176392eff1b@group-06B9F37FACC8-LeaderElection9] INFO  server.RaftServerConfigKeys (ConfUtils.java:logFallback(53)) - raft.server.rpc.first-election.timeout.min = 5s (fallback to raft.server.rpc.timeout.min)
2023-05-18 02:47:16,221 [1d3b30df-d5fa-48f7-8d20-f176392eff1b@group-06B9F37FACC8-LeaderElection9] INFO  server.RaftServerConfigKeys (ConfUtils.java:logFallback(53)) - raft.server.rpc.first-election.timeout.max = 5200ms (fallback to raft.server.rpc.timeout.max)
2023-05-18 02:47:16,221 [1d3b30df-d5fa-48f7-8d20-f176392eff1b@group-06B9F37FACC8-LeaderElection9-2] INFO  server.GrpcServerProtocolClient (GrpcServerProtocolClient.java:<init>(65)) - Build channel for dd0a355a-d343-4342-9afa-2dfa8fc9aea1
2023-05-18 02:47:16,229 [grpc-default-executor-3] INFO  server.RaftServer$Division (RaftServerImpl.java:requestVote(1302)) - dd0a355a-d343-4342-9afa-2dfa8fc9aea1@group-06B9F37FACC8: receive requestVote(PRE_VOTE, 1d3b30df-d5fa-48f7-8d20-f176392eff1b, group-06B9F37FACC8, 0, (t:0, i:0))
2023-05-18 02:47:16,230 [grpc-default-executor-3] INFO  impl.VoteContext (VoteContext.java:log(49)) - dd0a355a-d343-4342-9afa-2dfa8fc9aea1@group-06B9F37FACC8-FOLLOWER: accept PRE_VOTE from 1d3b30df-d5fa-48f7-8d20-f176392eff1b: our priority 0 <= candidate's priority 0
2023-05-18 02:47:16,230 [grpc-default-executor-3] INFO  server.RaftServer$Division (RaftServerImpl.java:requestVote(1335)) - dd0a355a-d343-4342-9afa-2dfa8fc9aea1@group-06B9F37FACC8 replies to PRE_VOTE vote request: 1d3b30df-d5fa-48f7-8d20-f176392eff1b<-dd0a355a-d343-4342-9afa-2dfa8fc9aea1#0:OK-t0. Peer's state: dd0a355a-d343-4342-9afa-2dfa8fc9aea1@group-06B9F37FACC8:t0, leader=null, voted=, raftlog=Memoized:dd0a355a-d343-4342-9afa-2dfa8fc9aea1@group-06B9F37FACC8-SegmentedRaftLog:OPENED:c-1, conf=-1: peers:[4ccd21da-06a8-4ca3-bf16-e3c028fe0c77|rpc:10.1.1.154:15045|admin:10.1.1.154:15044|client:10.1.1.154:15043|dataStream:10.1.1.154:15046|priority:1|startupRole:FOLLOWER, dd0a355a-d343-4342-9afa-2dfa8fc9aea1|rpc:10.1.1.154:15053|admin:10.1.1.154:15052|client:10.1.1.154:15051|dataStream:10.1.1.154:15054|priority:0|startupRole:FOLLOWER, 1d3b30df-d5fa-48f7-8d20-f176392eff1b|rpc:10.1.1.154:15037|admin:10.1.1.154:15036|client:10.1.1.154:15035|dataStream:10.1.1.154:15038|priority:0|startupRole:FOLLOWER]|listeners:[], old=null
2023-05-18 02:47:16,239 [grpc-default-executor-3] INFO  server.RaftServer$Division (RaftServerImpl.java:requestVote(1302)) - 4ccd21da-06a8-4ca3-bf16-e3c028fe0c77@group-06B9F37FACC8: receive requestVote(PRE_VOTE, 1d3b30df-d5fa-48f7-8d20-f176392eff1b, group-06B9F37FACC8, 0, (t:0, i:0))
2023-05-18 02:47:16,239 [grpc-default-executor-3] INFO  impl.VoteContext (VoteContext.java:log(49)) - 4ccd21da-06a8-4ca3-bf16-e3c028fe0c77@group-06B9F37FACC8-FOLLOWER: reject PRE_VOTE from 1d3b30df-d5fa-48f7-8d20-f176392eff1b: our priority 1 > candidate's priority 0
2023-05-18 02:47:16,239 [grpc-default-executor-3] INFO  server.RaftServer$Division (RaftServerImpl.java:requestVote(1335)) - 4ccd21da-06a8-4ca3-bf16-e3c028fe0c77@group-06B9F37FACC8 replies to PRE_VOTE vote request: 1d3b30df-d5fa-48f7-8d20-f176392eff1b<-4ccd21da-06a8-4ca3-bf16-e3c028fe0c77#0:FAIL-t0. Peer's state: 4ccd21da-06a8-4ca3-bf16-e3c028fe0c77@group-06B9F37FACC8:t0, leader=null, voted=, raftlog=Memoized:4ccd21da-06a8-4ca3-bf16-e3c028fe0c77@group-06B9F37FACC8-SegmentedRaftLog:OPENED:c-1, conf=-1: peers:[4ccd21da-06a8-4ca3-bf16-e3c028fe0c77|rpc:10.1.1.154:15045|admin:10.1.1.154:15044|client:10.1.1.154:15043|dataStream:10.1.1.154:15046|priority:1|startupRole:FOLLOWER, dd0a355a-d343-4342-9afa-2dfa8fc9aea1|rpc:10.1.1.154:15053|admin:10.1.1.154:15052|client:10.1.1.154:15051|dataStream:10.1.1.154:15054|priority:0|startupRole:FOLLOWER, 1d3b30df-d5fa-48f7-8d20-f176392eff1b|rpc:10.1.1.154:15037|admin:10.1.1.154:15036|client:10.1.1.154:15035|dataStream:10.1.1.154:15038|priority:0|startupRole:FOLLOWER]|listeners:[], old=null
2023-05-18 02:47:16,241 [1d3b30df-d5fa-48f7-8d20-f176392eff1b@group-06B9F37FACC8-LeaderElection9] INFO  impl.LeaderElection (LeaderElection.java:logAndReturn(90)) - 1d3b30df-d5fa-48f7-8d20-f176392eff1b@group-06B9F37FACC8-LeaderElection9: PRE_VOTE REJECTED received 2 response(s) and 0 exception(s):
2023-05-18 02:47:16,241 [1d3b30df-d5fa-48f7-8d20-f176392eff1b@group-06B9F37FACC8-LeaderElection9] INFO  impl.LeaderElection (LeaderElection.java:logAndReturn(94)) -   Response 0: 1d3b30df-d5fa-48f7-8d20-f176392eff1b<-4ccd21da-06a8-4ca3-bf16-e3c028fe0c77#0:FAIL-t0
2023-05-18 02:47:16,241 [1d3b30df-d5fa-48f7-8d20-f176392eff1b@group-06B9F37FACC8-LeaderElection9] INFO  impl.LeaderElection (LeaderElection.java:logAndReturn(94)) -   Response 1: 1d3b30df-d5fa-48f7-8d20-f176392eff1b<-dd0a355a-d343-4342-9afa-2dfa8fc9aea1#0:OK-t0
2023-05-18 02:47:16,241 [1d3b30df-d5fa-48f7-8d20-f176392eff1b@group-06B9F37FACC8-LeaderElection9] INFO  impl.LeaderElection (LeaderElection.java:askForVotes(323)) - 1d3b30df-d5fa-48f7-8d20-f176392eff1b@group-06B9F37FACC8-LeaderElection9 PRE_VOTE round 0: result REJECTED
2023-05-18 02:47:16,241 [1d3b30df-d5fa-48f7-8d20-f176392eff1b@group-06B9F37FACC8-LeaderElection9] INFO  server.RaftServer$Division (RaftServerImpl.java:setRole(329)) - 1d3b30df-d5fa-48f7-8d20-f176392eff1b@group-06B9F37FACC8: changes role from CANDIDATE to FOLLOWER at term 0 for REJECTED
2023-05-18 02:47:16,241 [1d3b30df-d5fa-48f7-8d20-f176392eff1b@group-06B9F37FACC8-LeaderElection9] INFO  impl.RoleInfo (RoleInfo.java:shutdownLeaderElection(130)) - 1d3b30df-d5fa-48f7-8d20-f176392eff1b: shutdown 1d3b30df-d5fa-48f7-8d20-f176392eff1b@group-06B9F37FACC8-LeaderElection9
2023-05-18 02:47:16,241 [1d3b30df-d5fa-48f7-8d20-f176392eff1b@group-06B9F37FACC8-LeaderElection9] INFO  impl.RoleInfo (RoleInfo.java:updateAndGet(139)) - 1d3b30df-d5fa-48f7-8d20-f176392eff1b: start 1d3b30df-d5fa-48f7-8d20-f176392eff1b@group-06B9F37FACC8-FollowerState
2023-05-18 02:47:16,302 [1d3b30df-d5fa-48f7-8d20-f176392eff1b@group-96FC82D6F07F-FollowerState] INFO  impl.FollowerState (FollowerState.java:run(143)) - 1d3b30df-d5fa-48f7-8d20-f176392eff1b@group-96FC82D6F07F-FollowerState: change to CANDIDATE, lastRpcElapsedTime:5153574487ns, electionTimeout:5146ms
2023-05-18 02:47:16,303 [1d3b30df-d5fa-48f7-8d20-f176392eff1b@group-96FC82D6F07F-FollowerState] INFO  impl.RoleInfo (RoleInfo.java:shutdownFollowerState(110)) - 1d3b30df-d5fa-48f7-8d20-f176392eff1b: shutdown 1d3b30df-d5fa-48f7-8d20-f176392eff1b@group-96FC82D6F07F-FollowerState
2023-05-18 02:47:16,303 [1d3b30df-d5fa-48f7-8d20-f176392eff1b@group-96FC82D6F07F-FollowerState] INFO  server.RaftServer$Division (RaftServerImpl.java:setRole(329)) - 1d3b30df-d5fa-48f7-8d20-f176392eff1b@group-96FC82D6F07F: changes role from  FOLLOWER to CANDIDATE at term 0 for changeToCandidate
2023-05-18 02:47:16,303 [1d3b30df-d5fa-48f7-8d20-f176392eff1b@group-96FC82D6F07F-FollowerState] INFO  server.RaftServerConfigKeys (ConfUtils.java:logGet(46)) - raft.server.leaderelection.pre-vote = true (default)
2023-05-18 02:47:16,303 [1d3b30df-d5fa-48f7-8d20-f176392eff1b@group-96FC82D6F07F-FollowerState] INFO  impl.RoleInfo (RoleInfo.java:updateAndGet(139)) - 1d3b30df-d5fa-48f7-8d20-f176392eff1b: start 1d3b30df-d5fa-48f7-8d20-f176392eff1b@group-96FC82D6F07F-LeaderElection10
2023-05-18 02:47:16,306 [1d3b30df-d5fa-48f7-8d20-f176392eff1b@group-96FC82D6F07F-LeaderElection10] INFO  impl.LeaderElection (LeaderElection.java:askForVotes(321)) - 1d3b30df-d5fa-48f7-8d20-f176392eff1b@group-96FC82D6F07F-LeaderElection10 PRE_VOTE round 0: submit vote requests at term 0 for -1: peers:[1d3b30df-d5fa-48f7-8d20-f176392eff1b|rpc:10.1.1.154:15037|admin:10.1.1.154:15036|client:10.1.1.154:15035|dataStream:10.1.1.154:15038|priority:1|startupRole:FOLLOWER]|listeners:[], old=null
2023-05-18 02:47:16,306 [1d3b30df-d5fa-48f7-8d20-f176392eff1b@group-96FC82D6F07F-LeaderElection10] INFO  impl.LeaderElection (LeaderElection.java:askForVotes(323)) - 1d3b30df-d5fa-48f7-8d20-f176392eff1b@group-96FC82D6F07F-LeaderElection10 PRE_VOTE round 0: result PASSED (term=0)
2023-05-18 02:47:16,307 [1d3b30df-d5fa-48f7-8d20-f176392eff1b@group-96FC82D6F07F-LeaderElection10] INFO  impl.LeaderElection (LeaderElection.java:askForVotes(321)) - 1d3b30df-d5fa-48f7-8d20-f176392eff1b@group-96FC82D6F07F-LeaderElection10 ELECTION round 0: submit vote requests at term 1 for -1: peers:[1d3b30df-d5fa-48f7-8d20-f176392eff1b|rpc:10.1.1.154:15037|admin:10.1.1.154:15036|client:10.1.1.154:15035|dataStream:10.1.1.154:15038|priority:1|startupRole:FOLLOWER]|listeners:[], old=null
2023-05-18 02:47:16,307 [1d3b30df-d5fa-48f7-8d20-f176392eff1b@group-96FC82D6F07F-LeaderElection10] INFO  impl.LeaderElection (LeaderElection.java:askForVotes(323)) - 1d3b30df-d5fa-48f7-8d20-f176392eff1b@group-96FC82D6F07F-LeaderElection10 ELECTION round 0: result PASSED (term=1)
2023-05-18 02:47:16,307 [1d3b30df-d5fa-48f7-8d20-f176392eff1b@group-96FC82D6F07F-LeaderElection10] INFO  impl.RoleInfo (RoleInfo.java:shutdownLeaderElection(130)) - 1d3b30df-d5fa-48f7-8d20-f176392eff1b: shutdown 1d3b30df-d5fa-48f7-8d20-f176392eff1b@group-96FC82D6F07F-LeaderElection10
2023-05-18 02:47:16,308 [1d3b30df-d5fa-48f7-8d20-f176392eff1b@group-96FC82D6F07F-LeaderElection10] INFO  server.RaftServer$Division (RaftServerImpl.java:setRole(329)) - 1d3b30df-d5fa-48f7-8d20-f176392eff1b@group-96FC82D6F07F: changes role from CANDIDATE to LEADER at term 1 for changeToLeader
2023-05-18 02:47:16,308 [1d3b30df-d5fa-48f7-8d20-f176392eff1b@group-96FC82D6F07F-LeaderElection10] INFO  ratis.XceiverServerRatis (XceiverServerRatis.java:handleLeaderChangedNotification(904)) - Leader change notification received for group: group-96FC82D6F07F with new leaderId: 1d3b30df-d5fa-48f7-8d20-f176392eff1b
2023-05-18 02:47:16,308 [1d3b30df-d5fa-48f7-8d20-f176392eff1b@group-96FC82D6F07F-LeaderElection10] INFO  server.RaftServer$Division (ServerState.java:setLeader(317)) - 1d3b30df-d5fa-48f7-8d20-f176392eff1b@group-96FC82D6F07F: change Leader from null to 1d3b30df-d5fa-48f7-8d20-f176392eff1b at term 1 for becomeLeader, leader elected after 5196ms
2023-05-18 02:47:16,308 [1d3b30df-d5fa-48f7-8d20-f176392eff1b@group-96FC82D6F07F-LeaderElection10] INFO  server.RaftServerConfigKeys (ConfUtils.java:logGet(46)) - raft.server.staging.catchup.gap = 1000 (default)
2023-05-18 02:47:16,309 [1d3b30df-d5fa-48f7-8d20-f176392eff1b@group-96FC82D6F07F-LeaderElection10] INFO  server.RaftServerConfigKeys (ConfUtils.java:logGet(46)) - raft.server.write.element-limit = 1024 (custom)
2023-05-18 02:47:16,310 [1d3b30df-d5fa-48f7-8d20-f176392eff1b@group-96FC82D6F07F-LeaderElection10] INFO  server.RaftServerConfigKeys (ConfUtils.java:logGet(46)) - raft.server.write.byte-limit = 1024 M (=1073741824) (custom)
2023-05-18 02:47:16,310 [1d3b30df-d5fa-48f7-8d20-f176392eff1b@group-96FC82D6F07F-LeaderElection10] INFO  server.RaftServerConfigKeys (ConfUtils.java:logGet(46)) - raft.server.watch.timeout = 180s (custom)
2023-05-18 02:47:16,310 [1d3b30df-d5fa-48f7-8d20-f176392eff1b@group-96FC82D6F07F-LeaderElection10] INFO  server.RaftServerConfigKeys (ConfUtils.java:logGet(46)) - raft.server.watch.timeout.denomination = 1s (default)
2023-05-18 02:47:16,310 [1d3b30df-d5fa-48f7-8d20-f176392eff1b@group-96FC82D6F07F-LeaderElection10] INFO  server.RaftServerConfigKeys (ConfUtils.java:logGet(46)) - raft.server.watch.element-limit = 65536 (default)
2023-05-18 02:47:16,310 [1d3b30df-d5fa-48f7-8d20-f176392eff1b@group-96FC82D6F07F-LeaderElection10] INFO  server.RaftServerConfigKeys (ConfUtils.java:logGet(46)) - raft.server.write.element-limit = 1024 (custom)
2023-05-18 02:47:16,310 [1d3b30df-d5fa-48f7-8d20-f176392eff1b@group-96FC82D6F07F-LeaderElection10] INFO  server.RaftServerConfigKeys (ConfUtils.java:logGet(46)) - raft.server.write.follower.gap.ratio.max = -1.0 (default)
2023-05-18 02:47:16,310 [1d3b30df-d5fa-48f7-8d20-f176392eff1b@group-96FC82D6F07F-LeaderElection10] INFO  impl.RoleInfo (RoleInfo.java:updateAndGet(139)) - 1d3b30df-d5fa-48f7-8d20-f176392eff1b: start 1d3b30df-d5fa-48f7-8d20-f176392eff1b@group-96FC82D6F07F-LeaderStateImpl
2023-05-18 02:47:16,311 [1d3b30df-d5fa-48f7-8d20-f176392eff1b@group-96FC82D6F07F-LeaderElection10] INFO  segmented.SegmentedRaftLogWorker (SegmentedRaftLogWorker.java:startLogSegment(447)) - 1d3b30df-d5fa-48f7-8d20-f176392eff1b@group-96FC82D6F07F-SegmentedRaftLogWorker: Starting segment from index:0
2023-05-18 02:47:16,314 [1d3b30df-d5fa-48f7-8d20-f176392eff1b@group-96FC82D6F07F-LeaderElection10] INFO  server.RaftServer$Division (ServerState.java:setRaftConf(434)) - 1d3b30df-d5fa-48f7-8d20-f176392eff1b@group-96FC82D6F07F: set configuration 0: peers:[1d3b30df-d5fa-48f7-8d20-f176392eff1b|rpc:10.1.1.154:15037|admin:10.1.1.154:15036|client:10.1.1.154:15035|dataStream:10.1.1.154:15038|priority:1|startupRole:FOLLOWER]|listeners:[], old=null
2023-05-18 02:47:16,316 [1d3b30df-d5fa-48f7-8d20-f176392eff1b@group-96FC82D6F07F-SegmentedRaftLogWorker] INFO  segmented.SegmentedRaftLogWorker (SegmentedRaftLogWorker.java:execute(651)) - 1d3b30df-d5fa-48f7-8d20-f176392eff1b@group-96FC82D6F07F-SegmentedRaftLogWorker: created new log segment /home/runner/work/ozone/ozone/hadoop-ozone/integration-test/target/test-dir/MiniOzoneClusterImpl-522acec6-bbe2-4bbe-92e7-576262f261c3/datanode-3/data/ratis/109ff5ca-51e0-4907-af15-96fc82d6f07f/current/log_inprogress_0
2023-05-18 02:47:16,319 [Listener at 127.0.0.1/15004] INFO  ozone.MiniOzoneClusterImpl (MiniOzoneClusterImpl.java:lambda$waitForClusterToBeReady$0(222)) - Nodes are ready. Got 8 of 8 DN Heartbeats.
2023-05-18 02:47:16,319 [Listener at 127.0.0.1/15004] INFO  ozone.MiniOzoneClusterImpl (MiniOzoneClusterImpl.java:lambda$waitForClusterToBeReady$0(225)) - Cluster exits safe mode
2023-05-18 02:47:16,319 [Listener at 127.0.0.1/15004] INFO  ozone.MiniOzoneClusterImpl (MiniOzoneClusterImpl.java:lambda$waitForClusterToBeReady$0(227)) - SCM became leader
2023-05-18 02:47:16,320 [Listener at 127.0.0.1/15004] INFO  om.OzoneManager (OzoneManager.java:startSecretManager(1091)) - Starting OM block token secret manager
2023-05-18 02:47:16,320 [Listener at 127.0.0.1/15004] INFO  token.OzoneBlockTokenSecretManager (OzoneSecretManager.java:updateCurrentKey(175)) - Updating current master key for generating tokens. Cert id 1339200402336
2023-05-18 02:47:16,320 [Listener at 127.0.0.1/15004] INFO  om.OzoneManager (OzoneManager.java:startSecretManager(1102)) - Starting OM delegation token secret manager
2023-05-18 02:47:16,320 [Listener at 127.0.0.1/15004] INFO  security.OzoneDelegationTokenSecretManager (OzoneSecretManager.java:updateCurrentKey(175)) - Updating current master key for generating tokens. Cert id 1339200402336
2023-05-18 02:47:16,321 [Thread[Thread-553,5,main]] INFO  security.OzoneDelegationTokenSecretManager (OzoneDelegationTokenSecretManager.java:run(636)) - Starting expired delegation token remover thread, tokenRemoverScanInterval=60 min(s)
2023-05-18 02:47:16,373 [BlockDeletingService#2] INFO  interfaces.ContainerDeletionChoosingPolicyTemplate (ContainerDeletionChoosingPolicyTemplate.java:chooseContainerForBlockDeletion(83)) - Chosen 0/5000 blocks from 0 candidate containers.
2023-05-18 02:47:16,373 [BlockDeletingService#2] INFO  interfaces.ContainerDeletionChoosingPolicyTemplate (ContainerDeletionChoosingPolicyTemplate.java:chooseContainerForBlockDeletion(83)) - Chosen 0/5000 blocks from 0 candidate containers.
2023-05-18 02:47:16,386 [dd0a355a-d343-4342-9afa-2dfa8fc9aea1@group-06B9F37FACC8-FollowerState] INFO  server.RaftServerConfigKeys (ConfUtils.java:logFallback(53)) - raft.server.rpc.first-election.timeout.min = 5s (fallback to raft.server.rpc.timeout.min)
2023-05-18 02:47:16,386 [dd0a355a-d343-4342-9afa-2dfa8fc9aea1@group-06B9F37FACC8-FollowerState] INFO  server.RaftServerConfigKeys (ConfUtils.java:logFallback(53)) - raft.server.rpc.first-election.timeout.max = 5200ms (fallback to raft.server.rpc.timeout.max)
2023-05-18 02:47:16,954 [dd0a355a-d343-4342-9afa-2dfa8fc9aea1@group-53C5EE4F2628-FollowerState] INFO  impl.FollowerState (FollowerState.java:run(143)) - dd0a355a-d343-4342-9afa-2dfa8fc9aea1@group-53C5EE4F2628-FollowerState: change to CANDIDATE, lastRpcElapsedTime:5463451557ns, electionTimeout:5184ms
2023-05-18 02:47:16,955 [BlockDeletingService#2] INFO  interfaces.ContainerDeletionChoosingPolicyTemplate (ContainerDeletionChoosingPolicyTemplate.java:chooseContainerForBlockDeletion(83)) - Chosen 0/5000 blocks from 0 candidate containers.
2023-05-18 02:47:16,955 [dd0a355a-d343-4342-9afa-2dfa8fc9aea1@group-53C5EE4F2628-FollowerState] INFO  impl.RoleInfo (RoleInfo.java:shutdownFollowerState(110)) - dd0a355a-d343-4342-9afa-2dfa8fc9aea1: shutdown dd0a355a-d343-4342-9afa-2dfa8fc9aea1@group-53C5EE4F2628-FollowerState
2023-05-18 02:47:16,955 [dd0a355a-d343-4342-9afa-2dfa8fc9aea1@group-53C5EE4F2628-FollowerState] INFO  server.RaftServer$Division (RaftServerImpl.java:setRole(329)) - dd0a355a-d343-4342-9afa-2dfa8fc9aea1@group-53C5EE4F2628: changes role from  FOLLOWER to CANDIDATE at term 0 for changeToCandidate
2023-05-18 02:47:16,955 [JvmPauseMonitor6] WARN  util.JvmPauseMonitor (JvmPauseMonitor.java:detectPause(124)) - JvmPauseMonitor-dd0a355a-d343-4342-9afa-2dfa8fc9aea1: Detected pause in JVM or host machine approximately 0.276s with 0.506s GC time.
GC pool 'PS MarkSweep' had collection(s): count=1 time=280ms
GC pool 'PS Scavenge' had collection(s): count=1 time=226ms
2023-05-18 02:47:16,955 [dd0a355a-d343-4342-9afa-2dfa8fc9aea1@group-53C5EE4F2628-FollowerState] INFO  server.RaftServerConfigKeys (ConfUtils.java:logGet(46)) - raft.server.leaderelection.pre-vote = true (default)
2023-05-18 02:47:16,955 [dd0a355a-d343-4342-9afa-2dfa8fc9aea1@group-53C5EE4F2628-FollowerState] INFO  impl.RoleInfo (RoleInfo.java:updateAndGet(139)) - dd0a355a-d343-4342-9afa-2dfa8fc9aea1: start dd0a355a-d343-4342-9afa-2dfa8fc9aea1@group-53C5EE4F2628-LeaderElection11
2023-05-18 02:47:16,955 [JvmPauseMonitor1] WARN  util.JvmPauseMonitor (JvmPauseMonitor.java:detectPause(124)) - JvmPauseMonitor-a884725c-3443-458c-8df7-7c5a51101be7: Detected pause in JVM or host machine approximately 0.290s with 0.506s GC time.
GC pool 'PS MarkSweep' had collection(s): count=1 time=280ms
GC pool 'PS Scavenge' had collection(s): count=1 time=226ms
2023-05-18 02:47:16,955 [JvmPauseMonitor3] WARN  util.JvmPauseMonitor (JvmPauseMonitor.java:detectPause(124)) - JvmPauseMonitor-eda5bed9-420b-4517-a9a1-164df2c5dc2a: Detected pause in JVM or host machine approximately 0.217s with 0.506s GC time.
GC pool 'PS MarkSweep' had collection(s): count=1 time=280ms
GC pool 'PS Scavenge' had collection(s): count=1 time=226ms
2023-05-18 02:47:16,956 [JvmPauseMonitor2] WARN  util.JvmPauseMonitor (JvmPauseMonitor.java:detectPause(124)) - JvmPauseMonitor-a754d4c8-bbdd-415d-ab5e-ea5caa73cb25: Detected pause in JVM or host machine approximately 0.375s with 0.506s GC time.
GC pool 'PS MarkSweep' had collection(s): count=1 time=280ms
GC pool 'PS Scavenge' had collection(s): count=1 time=226ms
2023-05-18 02:47:16,956 [JvmPauseMonitor8] WARN  util.JvmPauseMonitor (JvmPauseMonitor.java:detectPause(124)) - JvmPauseMonitor-5dc09123-b42c-44c8-87e3-729c385858db: Detected pause in JVM or host machine approximately 0.376s with 0.506s GC time.
GC pool 'PS MarkSweep' had collection(s): count=1 time=280ms
GC pool 'PS Scavenge' had collection(s): count=1 time=226ms
2023-05-18 02:47:16,956 [JvmPauseMonitor0] WARN  util.JvmPauseMonitor (JvmPauseMonitor.java:detectPause(124)) - JvmPauseMonitor-om1: Detected pause in JVM or host machine approximately 0.376s with 0.506s GC time.
GC pool 'PS MarkSweep' had collection(s): count=1 time=280ms
GC pool 'PS Scavenge' had collection(s): count=1 time=226ms
2023-05-18 02:47:16,957 [JvmPauseMonitor4] WARN  util.JvmPauseMonitor (JvmPauseMonitor.java:detectPause(124)) - JvmPauseMonitor-1d3b30df-d5fa-48f7-8d20-f176392eff1b: Detected pause in JVM or host machine approximately 0.376s with 0.506s GC time.
GC pool 'PS MarkSweep' had collection(s): count=1 time=280ms
GC pool 'PS Scavenge' had collection(s): count=1 time=226ms
2023-05-18 02:47:16,957 [JvmPauseMonitor5] WARN  util.JvmPauseMonitor (JvmPauseMonitor.java:detectPause(124)) - JvmPauseMonitor-4ccd21da-06a8-4ca3-bf16-e3c028fe0c77: Detected pause in JVM or host machine approximately 0.377s with 0.506s GC time.
GC pool 'PS MarkSweep' had collection(s): count=1 time=280ms
GC pool 'PS Scavenge' had collection(s): count=1 time=226ms
2023-05-18 02:47:16,958 [JvmPauseMonitor7] WARN  util.JvmPauseMonitor (JvmPauseMonitor.java:detectPause(124)) - JvmPauseMonitor-5433f90b-26c2-4398-8df5-88afed94a773: Detected pause in JVM or host machine approximately 0.385s with 0.506s GC time.
GC pool 'PS MarkSweep' had collection(s): count=1 time=280ms
GC pool 'PS Scavenge' had collection(s): count=1 time=226ms
2023-05-18 02:47:16,958 [1d3b30df-d5fa-48f7-8d20-f176392eff1b@group-53C5EE4F2628-FollowerState] WARN  impl.FollowerState (FollowerState.java:run(130)) - Unexpected long sleep: sleep 5159ms but took extra 391753493ns (> threshold = 300ms)
2023-05-18 02:47:16,958 [1d3b30df-d5fa-48f7-8d20-f176392eff1b@group-53C5EE4F2628-FollowerState] INFO  server.RaftServerConfigKeys (ConfUtils.java:logFallback(53)) - raft.server.rpc.first-election.timeout.min = 5s (fallback to raft.server.rpc.timeout.min)
2023-05-18 02:47:16,958 [1d3b30df-d5fa-48f7-8d20-f176392eff1b@group-53C5EE4F2628-FollowerState] INFO  server.RaftServerConfigKeys (ConfUtils.java:logFallback(53)) - raft.server.rpc.first-election.timeout.max = 5200ms (fallback to raft.server.rpc.timeout.max)
2023-05-18 02:47:16,958 [4ccd21da-06a8-4ca3-bf16-e3c028fe0c77@group-06B9F37FACC8-FollowerState] WARN  impl.FollowerState (FollowerState.java:run(130)) - Unexpected long sleep: sleep 5178ms but took extra 430451711ns (> threshold = 300ms)
2023-05-18 02:47:16,958 [4ccd21da-06a8-4ca3-bf16-e3c028fe0c77@group-06B9F37FACC8-FollowerState] INFO  server.RaftServerConfigKeys (ConfUtils.java:logFallback(53)) - raft.server.rpc.first-election.timeout.min = 5s (fallback to raft.server.rpc.timeout.min)
2023-05-18 02:47:16,958 [4ccd21da-06a8-4ca3-bf16-e3c028fe0c77@group-06B9F37FACC8-FollowerState] INFO  server.RaftServerConfigKeys (ConfUtils.java:logFallback(53)) - raft.server.rpc.first-election.timeout.max = 5200ms (fallback to raft.server.rpc.timeout.max)
2023-05-18 02:47:16,958 [4ccd21da-06a8-4ca3-bf16-e3c028fe0c77@group-53C5EE4F2628-FollowerState] WARN  impl.FollowerState (FollowerState.java:run(130)) - Unexpected long sleep: sleep 5059ms but took extra 454336564ns (> threshold = 300ms)
2023-05-18 02:47:16,959 [4ccd21da-06a8-4ca3-bf16-e3c028fe0c77@group-53C5EE4F2628-FollowerState] INFO  server.RaftServerConfigKeys (ConfUtils.java:logFallback(53)) - raft.server.rpc.first-election.timeout.min = 5s (fallback to raft.server.rpc.timeout.min)
2023-05-18 02:47:16,959 [4ccd21da-06a8-4ca3-bf16-e3c028fe0c77@group-53C5EE4F2628-FollowerState] INFO  server.RaftServerConfigKeys (ConfUtils.java:logFallback(53)) - raft.server.rpc.first-election.timeout.max = 5200ms (fallback to raft.server.rpc.timeout.max)
2023-05-18 02:47:16,959 [4ccd21da-06a8-4ca3-bf16-e3c028fe0c77@group-35711E7F29BC-FollowerState] WARN  impl.FollowerState (FollowerState.java:run(130)) - Unexpected long sleep: sleep 5071ms but took extra 501627604ns (> threshold = 300ms)
2023-05-18 02:47:16,959 [4ccd21da-06a8-4ca3-bf16-e3c028fe0c77@group-35711E7F29BC-FollowerState] INFO  server.RaftServerConfigKeys (ConfUtils.java:logFallback(53)) - raft.server.rpc.first-election.timeout.min = 5s (fallback to raft.server.rpc.timeout.min)
2023-05-18 02:47:16,959 [4ccd21da-06a8-4ca3-bf16-e3c028fe0c77@group-35711E7F29BC-FollowerState] INFO  server.RaftServerConfigKeys (ConfUtils.java:logFallback(53)) - raft.server.rpc.first-election.timeout.max = 5200ms (fallback to raft.server.rpc.timeout.max)
2023-05-18 02:47:16,961 [BlockDeletingService#2] INFO  interfaces.ContainerDeletionChoosingPolicyTemplate (ContainerDeletionChoosingPolicyTemplate.java:chooseContainerForBlockDeletion(83)) - Chosen 0/5000 blocks from 0 candidate containers.
2023-05-18 02:47:16,961 [dd0a355a-d343-4342-9afa-2dfa8fc9aea1@group-7BA8E02C6E8F-FollowerState] INFO  impl.FollowerState (FollowerState.java:run(143)) - dd0a355a-d343-4342-9afa-2dfa8fc9aea1@group-7BA8E02C6E8F-FollowerState: change to CANDIDATE, lastRpcElapsedTime:5333323111ns, electionTimeout:5114ms
2023-05-18 02:47:16,961 [dd0a355a-d343-4342-9afa-2dfa8fc9aea1@group-7BA8E02C6E8F-FollowerState] INFO  impl.RoleInfo (RoleInfo.java:shutdownFollowerState(110)) - dd0a355a-d343-4342-9afa-2dfa8fc9aea1: shutdown dd0a355a-d343-4342-9afa-2dfa8fc9aea1@group-7BA8E02C6E8F-FollowerState
2023-05-18 02:47:16,962 [dd0a355a-d343-4342-9afa-2dfa8fc9aea1@group-7BA8E02C6E8F-FollowerState] INFO  server.RaftServer$Division (RaftServerImpl.java:setRole(329)) - dd0a355a-d343-4342-9afa-2dfa8fc9aea1@group-7BA8E02C6E8F: changes role from  FOLLOWER to CANDIDATE at term 0 for changeToCandidate
2023-05-18 02:47:16,962 [dd0a355a-d343-4342-9afa-2dfa8fc9aea1@group-7BA8E02C6E8F-FollowerState] INFO  server.RaftServerConfigKeys (ConfUtils.java:logGet(46)) - raft.server.leaderelection.pre-vote = true (default)
2023-05-18 02:47:16,962 [dd0a355a-d343-4342-9afa-2dfa8fc9aea1@group-7BA8E02C6E8F-FollowerState] INFO  impl.RoleInfo (RoleInfo.java:updateAndGet(139)) - dd0a355a-d343-4342-9afa-2dfa8fc9aea1: start dd0a355a-d343-4342-9afa-2dfa8fc9aea1@group-7BA8E02C6E8F-LeaderElection12
2023-05-18 02:47:16,978 [dd0a355a-d343-4342-9afa-2dfa8fc9aea1@group-7BA8E02C6E8F-LeaderElection12] INFO  impl.LeaderElection (LeaderElection.java:askForVotes(321)) - dd0a355a-d343-4342-9afa-2dfa8fc9aea1@group-7BA8E02C6E8F-LeaderElection12 PRE_VOTE round 0: submit vote requests at term 0 for -1: peers:[dd0a355a-d343-4342-9afa-2dfa8fc9aea1|rpc:10.1.1.154:15053|admin:10.1.1.154:15052|client:10.1.1.154:15051|dataStream:10.1.1.154:15054|priority:1|startupRole:FOLLOWER]|listeners:[], old=null
2023-05-18 02:47:16,978 [dd0a355a-d343-4342-9afa-2dfa8fc9aea1@group-53C5EE4F2628-LeaderElection11] INFO  impl.LeaderElection (LeaderElection.java:askForVotes(321)) - dd0a355a-d343-4342-9afa-2dfa8fc9aea1@group-53C5EE4F2628-LeaderElection11 PRE_VOTE round 0: submit vote requests at term 0 for -1: peers:[4ccd21da-06a8-4ca3-bf16-e3c028fe0c77|rpc:10.1.1.154:15045|admin:10.1.1.154:15044|client:10.1.1.154:15043|dataStream:10.1.1.154:15046|priority:0|startupRole:FOLLOWER, dd0a355a-d343-4342-9afa-2dfa8fc9aea1|rpc:10.1.1.154:15053|admin:10.1.1.154:15052|client:10.1.1.154:15051|dataStream:10.1.1.154:15054|priority:1|startupRole:FOLLOWER, 1d3b30df-d5fa-48f7-8d20-f176392eff1b|rpc:10.1.1.154:15037|admin:10.1.1.154:15036|client:10.1.1.154:15035|dataStream:10.1.1.154:15038|priority:0|startupRole:FOLLOWER]|listeners:[], old=null
2023-05-18 02:47:16,978 [dd0a355a-d343-4342-9afa-2dfa8fc9aea1@group-7BA8E02C6E8F-LeaderElection12] INFO  impl.LeaderElection (LeaderElection.java:askForVotes(323)) - dd0a355a-d343-4342-9afa-2dfa8fc9aea1@group-7BA8E02C6E8F-LeaderElection12 PRE_VOTE round 0: result PASSED (term=0)
2023-05-18 02:47:16,982 [dd0a355a-d343-4342-9afa-2dfa8fc9aea1@group-53C5EE4F2628-LeaderElection11-1] INFO  server.GrpcServerProtocolClient (GrpcServerProtocolClient.java:<init>(65)) - Build channel for 4ccd21da-06a8-4ca3-bf16-e3c028fe0c77
2023-05-18 02:47:16,991 [dd0a355a-d343-4342-9afa-2dfa8fc9aea1@group-53C5EE4F2628-LeaderElection11] INFO  server.RaftServerConfigKeys (ConfUtils.java:logFallback(53)) - raft.server.rpc.first-election.timeout.min = 5s (fallback to raft.server.rpc.timeout.min)
2023-05-18 02:47:16,991 [dd0a355a-d343-4342-9afa-2dfa8fc9aea1@group-53C5EE4F2628-LeaderElection11] INFO  server.RaftServerConfigKeys (ConfUtils.java:logFallback(53)) - raft.server.rpc.first-election.timeout.max = 5200ms (fallback to raft.server.rpc.timeout.max)
2023-05-18 02:47:16,991 [dd0a355a-d343-4342-9afa-2dfa8fc9aea1@group-53C5EE4F2628-LeaderElection11-2] INFO  server.GrpcServerProtocolClient (GrpcServerProtocolClient.java:<init>(65)) - Build channel for 1d3b30df-d5fa-48f7-8d20-f176392eff1b
2023-05-18 02:47:17,000 [grpc-default-executor-3] INFO  server.RaftServer$Division (RaftServerImpl.java:requestVote(1302)) - 4ccd21da-06a8-4ca3-bf16-e3c028fe0c77@group-53C5EE4F2628: receive requestVote(PRE_VOTE, dd0a355a-d343-4342-9afa-2dfa8fc9aea1, group-53C5EE4F2628, 0, (t:0, i:0))
2023-05-18 02:47:17,000 [grpc-default-executor-3] INFO  impl.VoteContext (VoteContext.java:log(49)) - 4ccd21da-06a8-4ca3-bf16-e3c028fe0c77@group-53C5EE4F2628-FOLLOWER: accept PRE_VOTE from dd0a355a-d343-4342-9afa-2dfa8fc9aea1: our priority 0 <= candidate's priority 1
2023-05-18 02:47:17,000 [grpc-default-executor-3] INFO  server.RaftServer$Division (RaftServerImpl.java:requestVote(1335)) - 4ccd21da-06a8-4ca3-bf16-e3c028fe0c77@group-53C5EE4F2628 replies to PRE_VOTE vote request: dd0a355a-d343-4342-9afa-2dfa8fc9aea1<-4ccd21da-06a8-4ca3-bf16-e3c028fe0c77#0:OK-t0. Peer's state: 4ccd21da-06a8-4ca3-bf16-e3c028fe0c77@group-53C5EE4F2628:t0, leader=null, voted=, raftlog=Memoized:4ccd21da-06a8-4ca3-bf16-e3c028fe0c77@group-53C5EE4F2628-SegmentedRaftLog:OPENED:c-1, conf=-1: peers:[4ccd21da-06a8-4ca3-bf16-e3c028fe0c77|rpc:10.1.1.154:15045|admin:10.1.1.154:15044|client:10.1.1.154:15043|dataStream:10.1.1.154:15046|priority:0|startupRole:FOLLOWER, dd0a355a-d343-4342-9afa-2dfa8fc9aea1|rpc:10.1.1.154:15053|admin:10.1.1.154:15052|client:10.1.1.154:15051|dataStream:10.1.1.154:15054|priority:1|startupRole:FOLLOWER, 1d3b30df-d5fa-48f7-8d20-f176392eff1b|rpc:10.1.1.154:15037|admin:10.1.1.154:15036|client:10.1.1.154:15035|dataStream:10.1.1.154:15038|priority:0|startupRole:FOLLOWER]|listeners:[], old=null
2023-05-18 02:47:17,005 [dd0a355a-d343-4342-9afa-2dfa8fc9aea1@group-53C5EE4F2628-LeaderElection11] INFO  impl.LeaderElection (LeaderElection.java:logAndReturn(90)) - dd0a355a-d343-4342-9afa-2dfa8fc9aea1@group-53C5EE4F2628-LeaderElection11: PRE_VOTE PASSED received 1 response(s) and 0 exception(s):
2023-05-18 02:47:17,005 [dd0a355a-d343-4342-9afa-2dfa8fc9aea1@group-53C5EE4F2628-LeaderElection11] INFO  impl.LeaderElection (LeaderElection.java:logAndReturn(94)) -   Response 0: dd0a355a-d343-4342-9afa-2dfa8fc9aea1<-4ccd21da-06a8-4ca3-bf16-e3c028fe0c77#0:OK-t0
2023-05-18 02:47:17,005 [dd0a355a-d343-4342-9afa-2dfa8fc9aea1@group-53C5EE4F2628-LeaderElection11] INFO  impl.LeaderElection (LeaderElection.java:askForVotes(323)) - dd0a355a-d343-4342-9afa-2dfa8fc9aea1@group-53C5EE4F2628-LeaderElection11 PRE_VOTE round 0: result PASSED
2023-05-18 02:47:17,005 [grpc-default-executor-3] INFO  server.RaftServer$Division (RaftServerImpl.java:requestVote(1302)) - 1d3b30df-d5fa-48f7-8d20-f176392eff1b@group-53C5EE4F2628: receive requestVote(PRE_VOTE, dd0a355a-d343-4342-9afa-2dfa8fc9aea1, group-53C5EE4F2628, 0, (t:0, i:0))
2023-05-18 02:47:17,005 [grpc-default-executor-3] INFO  impl.VoteContext (VoteContext.java:log(49)) - 1d3b30df-d5fa-48f7-8d20-f176392eff1b@group-53C5EE4F2628-FOLLOWER: accept PRE_VOTE from dd0a355a-d343-4342-9afa-2dfa8fc9aea1: our priority 0 <= candidate's priority 1
2023-05-18 02:47:17,005 [grpc-default-executor-3] INFO  server.RaftServer$Division (RaftServerImpl.java:requestVote(1335)) - 1d3b30df-d5fa-48f7-8d20-f176392eff1b@group-53C5EE4F2628 replies to PRE_VOTE vote request: dd0a355a-d343-4342-9afa-2dfa8fc9aea1<-1d3b30df-d5fa-48f7-8d20-f176392eff1b#0:OK-t0. Peer's state: 1d3b30df-d5fa-48f7-8d20-f176392eff1b@group-53C5EE4F2628:t0, leader=null, voted=, raftlog=Memoized:1d3b30df-d5fa-48f7-8d20-f176392eff1b@group-53C5EE4F2628-SegmentedRaftLog:OPENED:c-1, conf=-1: peers:[4ccd21da-06a8-4ca3-bf16-e3c028fe0c77|rpc:10.1.1.154:15045|admin:10.1.1.154:15044|client:10.1.1.154:15043|dataStream:10.1.1.154:15046|priority:0|startupRole:FOLLOWER, dd0a355a-d343-4342-9afa-2dfa8fc9aea1|rpc:10.1.1.154:15053|admin:10.1.1.154:15052|client:10.1.1.154:15051|dataStream:10.1.1.154:15054|priority:1|startupRole:FOLLOWER, 1d3b30df-d5fa-48f7-8d20-f176392eff1b|rpc:10.1.1.154:15037|admin:10.1.1.154:15036|client:10.1.1.154:15035|dataStream:10.1.1.154:15038|priority:0|startupRole:FOLLOWER]|listeners:[], old=null
2023-05-18 02:47:17,062 [dd0a355a-d343-4342-9afa-2dfa8fc9aea1@group-7BA8E02C6E8F-LeaderElection12] INFO  impl.LeaderElection (LeaderElection.java:askForVotes(321)) - dd0a355a-d343-4342-9afa-2dfa8fc9aea1@group-7BA8E02C6E8F-LeaderElection12 ELECTION round 0: submit vote requests at term 1 for -1: peers:[dd0a355a-d343-4342-9afa-2dfa8fc9aea1|rpc:10.1.1.154:15053|admin:10.1.1.154:15052|client:10.1.1.154:15051|dataStream:10.1.1.154:15054|priority:1|startupRole:FOLLOWER]|listeners:[], old=null
2023-05-18 02:47:17,062 [dd0a355a-d343-4342-9afa-2dfa8fc9aea1@group-53C5EE4F2628-LeaderElection11] INFO  impl.LeaderElection (LeaderElection.java:askForVotes(321)) - dd0a355a-d343-4342-9afa-2dfa8fc9aea1@group-53C5EE4F2628-LeaderElection11 ELECTION round 0: submit vote requests at term 1 for -1: peers:[4ccd21da-06a8-4ca3-bf16-e3c028fe0c77|rpc:10.1.1.154:15045|admin:10.1.1.154:15044|client:10.1.1.154:15043|dataStream:10.1.1.154:15046|priority:0|startupRole:FOLLOWER, dd0a355a-d343-4342-9afa-2dfa8fc9aea1|rpc:10.1.1.154:15053|admin:10.1.1.154:15052|client:10.1.1.154:15051|dataStream:10.1.1.154:15054|priority:1|startupRole:FOLLOWER, 1d3b30df-d5fa-48f7-8d20-f176392eff1b|rpc:10.1.1.154:15037|admin:10.1.1.154:15036|client:10.1.1.154:15035|dataStream:10.1.1.154:15038|priority:0|startupRole:FOLLOWER]|listeners:[], old=null
2023-05-18 02:47:17,062 [dd0a355a-d343-4342-9afa-2dfa8fc9aea1@group-7BA8E02C6E8F-LeaderElection12] INFO  impl.LeaderElection (LeaderElection.java:askForVotes(323)) - dd0a355a-d343-4342-9afa-2dfa8fc9aea1@group-7BA8E02C6E8F-LeaderElection12 ELECTION round 0: result PASSED (term=1)
2023-05-18 02:47:17,062 [dd0a355a-d343-4342-9afa-2dfa8fc9aea1@group-7BA8E02C6E8F-LeaderElection12] INFO  impl.RoleInfo (RoleInfo.java:shutdownLeaderElection(130)) - dd0a355a-d343-4342-9afa-2dfa8fc9aea1: shutdown dd0a355a-d343-4342-9afa-2dfa8fc9aea1@group-7BA8E02C6E8F-LeaderElection12
2023-05-18 02:47:17,062 [dd0a355a-d343-4342-9afa-2dfa8fc9aea1@group-7BA8E02C6E8F-LeaderElection12] INFO  server.RaftServer$Division (RaftServerImpl.java:setRole(329)) - dd0a355a-d343-4342-9afa-2dfa8fc9aea1@group-7BA8E02C6E8F: changes role from CANDIDATE to LEADER at term 1 for changeToLeader
2023-05-18 02:47:17,062 [dd0a355a-d343-4342-9afa-2dfa8fc9aea1@group-7BA8E02C6E8F-LeaderElection12] INFO  ratis.XceiverServerRatis (XceiverServerRatis.java:handleLeaderChangedNotification(904)) - Leader change notification received for group: group-7BA8E02C6E8F with new leaderId: dd0a355a-d343-4342-9afa-2dfa8fc9aea1
2023-05-18 02:47:17,071 [dd0a355a-d343-4342-9afa-2dfa8fc9aea1@group-53C5EE4F2628-LeaderElection11] INFO  server.RaftServerConfigKeys (ConfUtils.java:logFallback(53)) - raft.server.rpc.first-election.timeout.min = 5s (fallback to raft.server.rpc.timeout.min)
2023-05-18 02:47:17,071 [dd0a355a-d343-4342-9afa-2dfa8fc9aea1@group-53C5EE4F2628-LeaderElection11] INFO  server.RaftServerConfigKeys (ConfUtils.java:logFallback(53)) - raft.server.rpc.first-election.timeout.max = 5200ms (fallback to raft.server.rpc.timeout.max)
2023-05-18 02:47:17,071 [dd0a355a-d343-4342-9afa-2dfa8fc9aea1@group-7BA8E02C6E8F-LeaderElection12] INFO  server.RaftServer$Division (ServerState.java:setLeader(317)) - dd0a355a-d343-4342-9afa-2dfa8fc9aea1@group-7BA8E02C6E8F: change Leader from null to dd0a355a-d343-4342-9afa-2dfa8fc9aea1 at term 1 for becomeLeader, leader elected after 5451ms
2023-05-18 02:47:17,071 [dd0a355a-d343-4342-9afa-2dfa8fc9aea1@group-7BA8E02C6E8F-LeaderElection12] INFO  server.RaftServerConfigKeys (ConfUtils.java:logGet(46)) - raft.server.staging.catchup.gap = 1000 (default)
2023-05-18 02:47:17,073 [grpc-default-executor-3] INFO  server.RaftServer$Division (RaftServerImpl.java:requestVote(1302)) - 4ccd21da-06a8-4ca3-bf16-e3c028fe0c77@group-53C5EE4F2628: receive requestVote(ELECTION, dd0a355a-d343-4342-9afa-2dfa8fc9aea1, group-53C5EE4F2628, 1, (t:0, i:0))
2023-05-18 02:47:17,073 [grpc-default-executor-3] INFO  impl.VoteContext (VoteContext.java:log(49)) - 4ccd21da-06a8-4ca3-bf16-e3c028fe0c77@group-53C5EE4F2628-FOLLOWER: accept ELECTION from dd0a355a-d343-4342-9afa-2dfa8fc9aea1: our priority 0 <= candidate's priority 1
2023-05-18 02:47:17,073 [grpc-default-executor-3] INFO  server.RaftServer$Division (RaftServerImpl.java:setRole(329)) - 4ccd21da-06a8-4ca3-bf16-e3c028fe0c77@group-53C5EE4F2628: changes role from  FOLLOWER to FOLLOWER at term 1 for candidate:dd0a355a-d343-4342-9afa-2dfa8fc9aea1
2023-05-18 02:47:17,073 [grpc-default-executor-3] INFO  impl.RoleInfo (RoleInfo.java:shutdownFollowerState(110)) - 4ccd21da-06a8-4ca3-bf16-e3c028fe0c77: shutdown 4ccd21da-06a8-4ca3-bf16-e3c028fe0c77@group-53C5EE4F2628-FollowerState
2023-05-18 02:47:17,073 [grpc-default-executor-3] INFO  impl.RoleInfo (RoleInfo.java:updateAndGet(139)) - 4ccd21da-06a8-4ca3-bf16-e3c028fe0c77: start 4ccd21da-06a8-4ca3-bf16-e3c028fe0c77@group-53C5EE4F2628-FollowerState
2023-05-18 02:47:17,073 [4ccd21da-06a8-4ca3-bf16-e3c028fe0c77@group-53C5EE4F2628-FollowerState] INFO  impl.FollowerState (FollowerState.java:run(152)) - 4ccd21da-06a8-4ca3-bf16-e3c028fe0c77@group-53C5EE4F2628-FollowerState was interrupted
2023-05-18 02:47:17,074 [dd0a355a-d343-4342-9afa-2dfa8fc9aea1@group-7BA8E02C6E8F-LeaderElection12] INFO  server.RaftServerConfigKeys (ConfUtils.java:logGet(46)) - raft.server.write.element-limit = 1024 (custom)
2023-05-18 02:47:17,074 [dd0a355a-d343-4342-9afa-2dfa8fc9aea1@group-7BA8E02C6E8F-LeaderElection12] INFO  server.RaftServerConfigKeys (ConfUtils.java:logGet(46)) - raft.server.write.byte-limit = 1024 M (=1073741824) (custom)
2023-05-18 02:47:17,075 [dd0a355a-d343-4342-9afa-2dfa8fc9aea1@group-7BA8E02C6E8F-LeaderElection12] INFO  server.RaftServerConfigKeys (ConfUtils.java:logGet(46)) - raft.server.watch.timeout = 180s (custom)
2023-05-18 02:47:17,075 [dd0a355a-d343-4342-9afa-2dfa8fc9aea1@group-7BA8E02C6E8F-LeaderElection12] INFO  server.RaftServerConfigKeys (ConfUtils.java:logGet(46)) - raft.server.watch.timeout.denomination = 1s (default)
2023-05-18 02:47:17,075 [dd0a355a-d343-4342-9afa-2dfa8fc9aea1@group-7BA8E02C6E8F-LeaderElection12] INFO  server.RaftServerConfigKeys (ConfUtils.java:logGet(46)) - raft.server.watch.element-limit = 65536 (default)
2023-05-18 02:47:17,075 [dd0a355a-d343-4342-9afa-2dfa8fc9aea1@group-7BA8E02C6E8F-LeaderElection12] INFO  server.RaftServerConfigKeys (ConfUtils.java:logGet(46)) - raft.server.write.element-limit = 1024 (custom)
2023-05-18 02:47:17,075 [dd0a355a-d343-4342-9afa-2dfa8fc9aea1@group-7BA8E02C6E8F-LeaderElection12] INFO  server.RaftServerConfigKeys (ConfUtils.java:logGet(46)) - raft.server.write.follower.gap.ratio.max = -1.0 (default)
2023-05-18 02:47:17,075 [grpc-default-executor-3] INFO  server.RaftServer$Division (RaftServerImpl.java:requestVote(1335)) - 4ccd21da-06a8-4ca3-bf16-e3c028fe0c77@group-53C5EE4F2628 replies to ELECTION vote request: dd0a355a-d343-4342-9afa-2dfa8fc9aea1<-4ccd21da-06a8-4ca3-bf16-e3c028fe0c77#0:OK-t1. Peer's state: 4ccd21da-06a8-4ca3-bf16-e3c028fe0c77@group-53C5EE4F2628:t1, leader=null, voted=dd0a355a-d343-4342-9afa-2dfa8fc9aea1, raftlog=Memoized:4ccd21da-06a8-4ca3-bf16-e3c028fe0c77@group-53C5EE4F2628-SegmentedRaftLog:OPENED:c-1, conf=-1: peers:[4ccd21da-06a8-4ca3-bf16-e3c028fe0c77|rpc:10.1.1.154:15045|admin:10.1.1.154:15044|client:10.1.1.154:15043|dataStream:10.1.1.154:15046|priority:0|startupRole:FOLLOWER, dd0a355a-d343-4342-9afa-2dfa8fc9aea1|rpc:10.1.1.154:15053|admin:10.1.1.154:15052|client:10.1.1.154:15051|dataStream:10.1.1.154:15054|priority:1|startupRole:FOLLOWER, 1d3b30df-d5fa-48f7-8d20-f176392eff1b|rpc:10.1.1.154:15037|admin:10.1.1.154:15036|client:10.1.1.154:15035|dataStream:10.1.1.154:15038|priority:0|startupRole:FOLLOWER]|listeners:[], old=null
2023-05-18 02:47:17,082 [BlockDeletingService#2] INFO  interfaces.ContainerDeletionChoosingPolicyTemplate (ContainerDeletionChoosingPolicyTemplate.java:chooseContainerForBlockDeletion(83)) - Chosen 0/5000 blocks from 0 candidate containers.
2023-05-18 02:47:17,082 [BlockDeletingService#2] INFO  interfaces.ContainerDeletionChoosingPolicyTemplate (ContainerDeletionChoosingPolicyTemplate.java:chooseContainerForBlockDeletion(83)) - Chosen 0/5000 blocks from 0 candidate containers.
2023-05-18 02:47:17,082 [BlockDeletingService#2] INFO  interfaces.ContainerDeletionChoosingPolicyTemplate (ContainerDeletionChoosingPolicyTemplate.java:chooseContainerForBlockDeletion(83)) - Chosen 0/5000 blocks from 0 candidate containers.
2023-05-18 02:47:17,085 [dd0a355a-d343-4342-9afa-2dfa8fc9aea1@group-7BA8E02C6E8F-LeaderElection12] INFO  impl.RoleInfo (RoleInfo.java:updateAndGet(139)) - dd0a355a-d343-4342-9afa-2dfa8fc9aea1: start dd0a355a-d343-4342-9afa-2dfa8fc9aea1@group-7BA8E02C6E8F-LeaderStateImpl
2023-05-18 02:47:17,085 [dd0a355a-d343-4342-9afa-2dfa8fc9aea1@group-7BA8E02C6E8F-LeaderElection12] INFO  segmented.SegmentedRaftLogWorker (SegmentedRaftLogWorker.java:startLogSegment(447)) - dd0a355a-d343-4342-9afa-2dfa8fc9aea1@group-7BA8E02C6E8F-SegmentedRaftLogWorker: Starting segment from index:0
2023-05-18 02:47:17,086 [dd0a355a-d343-4342-9afa-2dfa8fc9aea1@group-53C5EE4F2628-LeaderElection11] INFO  impl.LeaderElection (LeaderElection.java:logAndReturn(90)) - dd0a355a-d343-4342-9afa-2dfa8fc9aea1@group-53C5EE4F2628-LeaderElection11: ELECTION PASSED received 1 response(s) and 0 exception(s):
2023-05-18 02:47:17,086 [dd0a355a-d343-4342-9afa-2dfa8fc9aea1@group-53C5EE4F2628-LeaderElection11] INFO  impl.LeaderElection (LeaderElection.java:logAndReturn(94)) -   Response 0: dd0a355a-d343-4342-9afa-2dfa8fc9aea1<-4ccd21da-06a8-4ca3-bf16-e3c028fe0c77#0:OK-t1
2023-05-18 02:47:17,088 [dd0a355a-d343-4342-9afa-2dfa8fc9aea1@group-7BA8E02C6E8F-SegmentedRaftLogWorker] INFO  segmented.SegmentedRaftLogWorker (SegmentedRaftLogWorker.java:execute(651)) - dd0a355a-d343-4342-9afa-2dfa8fc9aea1@group-7BA8E02C6E8F-SegmentedRaftLogWorker: created new log segment /home/runner/work/ozone/ozone/hadoop-ozone/integration-test/target/test-dir/MiniOzoneClusterImpl-522acec6-bbe2-4bbe-92e7-576262f261c3/datanode-5/data/ratis/de60c89e-09c6-4cae-9605-7ba8e02c6e8f/current/log_inprogress_0
2023-05-18 02:47:17,094 [dd0a355a-d343-4342-9afa-2dfa8fc9aea1@group-53C5EE4F2628-LeaderElection11] INFO  impl.LeaderElection (LeaderElection.java:askForVotes(323)) - dd0a355a-d343-4342-9afa-2dfa8fc9aea1@group-53C5EE4F2628-LeaderElection11 ELECTION round 0: result PASSED
2023-05-18 02:47:17,094 [dd0a355a-d343-4342-9afa-2dfa8fc9aea1@group-53C5EE4F2628-LeaderElection11] INFO  impl.RoleInfo (RoleInfo.java:shutdownLeaderElection(130)) - dd0a355a-d343-4342-9afa-2dfa8fc9aea1: shutdown dd0a355a-d343-4342-9afa-2dfa8fc9aea1@group-53C5EE4F2628-LeaderElection11
2023-05-18 02:47:17,094 [dd0a355a-d343-4342-9afa-2dfa8fc9aea1@group-53C5EE4F2628-LeaderElection11] INFO  server.RaftServer$Division (RaftServerImpl.java:setRole(329)) - dd0a355a-d343-4342-9afa-2dfa8fc9aea1@group-53C5EE4F2628: changes role from CANDIDATE to LEADER at term 1 for changeToLeader
2023-05-18 02:47:17,094 [grpc-default-executor-3] INFO  server.RaftServer$Division (RaftServerImpl.java:requestVote(1302)) - 1d3b30df-d5fa-48f7-8d20-f176392eff1b@group-53C5EE4F2628: receive requestVote(ELECTION, dd0a355a-d343-4342-9afa-2dfa8fc9aea1, group-53C5EE4F2628, 1, (t:0, i:0))
2023-05-18 02:47:17,094 [grpc-default-executor-3] INFO  impl.VoteContext (VoteContext.java:log(49)) - 1d3b30df-d5fa-48f7-8d20-f176392eff1b@group-53C5EE4F2628-FOLLOWER: accept ELECTION from dd0a355a-d343-4342-9afa-2dfa8fc9aea1: our priority 0 <= candidate's priority 1
2023-05-18 02:47:17,094 [grpc-default-executor-3] INFO  server.RaftServer$Division (RaftServerImpl.java:setRole(329)) - 1d3b30df-d5fa-48f7-8d20-f176392eff1b@group-53C5EE4F2628: changes role from  FOLLOWER to FOLLOWER at term 1 for candidate:dd0a355a-d343-4342-9afa-2dfa8fc9aea1
2023-05-18 02:47:17,094 [grpc-default-executor-3] INFO  impl.RoleInfo (RoleInfo.java:shutdownFollowerState(110)) - 1d3b30df-d5fa-48f7-8d20-f176392eff1b: shutdown 1d3b30df-d5fa-48f7-8d20-f176392eff1b@group-53C5EE4F2628-FollowerState
2023-05-18 02:47:17,095 [grpc-default-executor-3] INFO  impl.RoleInfo (RoleInfo.java:updateAndGet(139)) - 1d3b30df-d5fa-48f7-8d20-f176392eff1b: start 1d3b30df-d5fa-48f7-8d20-f176392eff1b@group-53C5EE4F2628-FollowerState
2023-05-18 02:47:17,095 [1d3b30df-d5fa-48f7-8d20-f176392eff1b@group-53C5EE4F2628-FollowerState] INFO  impl.FollowerState (FollowerState.java:run(152)) - 1d3b30df-d5fa-48f7-8d20-f176392eff1b@group-53C5EE4F2628-FollowerState was interrupted
2023-05-18 02:47:17,095 [dd0a355a-d343-4342-9afa-2dfa8fc9aea1@group-7BA8E02C6E8F-LeaderElection12] INFO  server.RaftServer$Division (ServerState.java:setRaftConf(434)) - dd0a355a-d343-4342-9afa-2dfa8fc9aea1@group-7BA8E02C6E8F: set configuration 0: peers:[dd0a355a-d343-4342-9afa-2dfa8fc9aea1|rpc:10.1.1.154:15053|admin:10.1.1.154:15052|client:10.1.1.154:15051|dataStream:10.1.1.154:15054|priority:1|startupRole:FOLLOWER]|listeners:[], old=null
2023-05-18 02:47:17,094 [dd0a355a-d343-4342-9afa-2dfa8fc9aea1@group-53C5EE4F2628-LeaderElection11] INFO  ratis.XceiverServerRatis (XceiverServerRatis.java:handleLeaderChangedNotification(904)) - Leader change notification received for group: group-53C5EE4F2628 with new leaderId: dd0a355a-d343-4342-9afa-2dfa8fc9aea1
2023-05-18 02:47:17,098 [dd0a355a-d343-4342-9afa-2dfa8fc9aea1@group-53C5EE4F2628-LeaderElection11] INFO  server.RaftServer$Division (ServerState.java:setLeader(317)) - dd0a355a-d343-4342-9afa-2dfa8fc9aea1@group-53C5EE4F2628: change Leader from null to dd0a355a-d343-4342-9afa-2dfa8fc9aea1 at term 1 for becomeLeader, leader elected after 5626ms
2023-05-18 02:47:17,098 [dd0a355a-d343-4342-9afa-2dfa8fc9aea1@group-53C5EE4F2628-LeaderElection11] INFO  server.RaftServerConfigKeys (ConfUtils.java:logGet(46)) - raft.server.staging.catchup.gap = 1000 (default)
2023-05-18 02:47:17,098 [dd0a355a-d343-4342-9afa-2dfa8fc9aea1@group-53C5EE4F2628-LeaderElection11] INFO  server.RaftServerConfigKeys (ConfUtils.java:logGet(46)) - raft.server.write.element-limit = 1024 (custom)
2023-05-18 02:47:17,098 [dd0a355a-d343-4342-9afa-2dfa8fc9aea1@group-53C5EE4F2628-LeaderElection11] INFO  server.RaftServerConfigKeys (ConfUtils.java:logGet(46)) - raft.server.write.byte-limit = 1024 M (=1073741824) (custom)
2023-05-18 02:47:17,099 [dd0a355a-d343-4342-9afa-2dfa8fc9aea1@group-53C5EE4F2628-LeaderElection11] INFO  server.RaftServerConfigKeys (ConfUtils.java:logGet(46)) - raft.server.watch.timeout = 180s (custom)
2023-05-18 02:47:17,099 [dd0a355a-d343-4342-9afa-2dfa8fc9aea1@group-53C5EE4F2628-LeaderElection11] INFO  server.RaftServerConfigKeys (ConfUtils.java:logGet(46)) - raft.server.watch.timeout.denomination = 1s (default)
2023-05-18 02:47:17,099 [dd0a355a-d343-4342-9afa-2dfa8fc9aea1@group-53C5EE4F2628-LeaderElection11] INFO  server.RaftServerConfigKeys (ConfUtils.java:logGet(46)) - raft.server.watch.element-limit = 65536 (default)
2023-05-18 02:47:17,099 [dd0a355a-d343-4342-9afa-2dfa8fc9aea1@group-53C5EE4F2628-LeaderElection11] INFO  server.RaftServerConfigKeys (ConfUtils.java:logGet(46)) - raft.server.write.element-limit = 1024 (custom)
2023-05-18 02:47:17,099 [dd0a355a-d343-4342-9afa-2dfa8fc9aea1@group-53C5EE4F2628-LeaderElection11] INFO  server.RaftServerConfigKeys (ConfUtils.java:logGet(46)) - raft.server.write.follower.gap.ratio.max = -1.0 (default)
2023-05-18 02:47:17,099 [dd0a355a-d343-4342-9afa-2dfa8fc9aea1@group-53C5EE4F2628-LeaderElection11] INFO  server.RaftServerConfigKeys (ConfUtils.java:logGet(46)) - raft.server.log.appender.snapshot.chunk.size.max = 16MB (=16777216) (default)
2023-05-18 02:47:17,099 [dd0a355a-d343-4342-9afa-2dfa8fc9aea1@group-53C5EE4F2628-LeaderElection11] INFO  server.RaftServerConfigKeys (ConfUtils.java:logGet(46)) - raft.server.log.appender.buffer.byte-limit = 33554432 (custom)
2023-05-18 02:47:17,100 [dd0a355a-d343-4342-9afa-2dfa8fc9aea1@group-53C5EE4F2628-LeaderElection11] INFO  server.RaftServerConfigKeys (ConfUtils.java:logGet(46)) - raft.server.log.appender.buffer.element-limit = 1 (custom)
2023-05-18 02:47:17,100 [dd0a355a-d343-4342-9afa-2dfa8fc9aea1@group-53C5EE4F2628-LeaderElection11] INFO  server.RaftServerConfigKeys (ConfUtils.java:logGet(46)) - raft.server.log.appender.wait-time.min = 10ms (default)
2023-05-18 02:47:17,100 [dd0a355a-d343-4342-9afa-2dfa8fc9aea1@group-53C5EE4F2628-LeaderElection11] INFO  grpc.GrpcConfigKeys (ConfUtils.java:logGet(46)) - raft.grpc.server.leader.outstanding.appends.max = 128 (default)
2023-05-18 02:47:17,100 [dd0a355a-d343-4342-9afa-2dfa8fc9aea1@group-53C5EE4F2628-LeaderElection11] INFO  server.RaftServerConfigKeys (ConfUtils.java:logGet(46)) - raft.server.rpc.request.timeout = 60s (custom)
2023-05-18 02:47:17,100 [dd0a355a-d343-4342-9afa-2dfa8fc9aea1@group-53C5EE4F2628-LeaderElection11] INFO  grpc.GrpcConfigKeys (ConfUtils.java:logGet(46)) - raft.grpc.server.install_snapshot.request.element-limit = 8 (default)
2023-05-18 02:47:17,100 [dd0a355a-d343-4342-9afa-2dfa8fc9aea1@group-53C5EE4F2628-LeaderElection11] INFO  grpc.GrpcConfigKeys (ConfUtils.java:logGet(46)) - raft.grpc.server.install_snapshot.request.timeout = 3000ms (default)
2023-05-18 02:47:17,100 [dd0a355a-d343-4342-9afa-2dfa8fc9aea1@group-53C5EE4F2628-LeaderElection11] INFO  server.RaftServerConfigKeys (ConfUtils.java:logGet(46)) - raft.server.log.appender.install.snapshot.enabled = false (custom)
2023-05-18 02:47:17,100 [dd0a355a-d343-4342-9afa-2dfa8fc9aea1@group-53C5EE4F2628-LeaderElection11] INFO  grpc.GrpcConfigKeys (ConfUtils.java:logGet(46)) - raft.grpc.server.heartbeat.channel = true (default)
2023-05-18 02:47:17,101 [dd0a355a-d343-4342-9afa-2dfa8fc9aea1@group-53C5EE4F2628-LeaderElection11] INFO  server.RaftServerConfigKeys (ConfUtils.java:logGet(46)) - raft.server.log.appender.snapshot.chunk.size.max = 16MB (=16777216) (default)
2023-05-18 02:47:17,101 [dd0a355a-d343-4342-9afa-2dfa8fc9aea1@group-53C5EE4F2628-LeaderElection11] INFO  server.RaftServerConfigKeys (ConfUtils.java:logGet(46)) - raft.server.log.appender.buffer.byte-limit = 33554432 (custom)
2023-05-18 02:47:17,101 [dd0a355a-d343-4342-9afa-2dfa8fc9aea1@group-53C5EE4F2628-LeaderElection11] INFO  server.RaftServerConfigKeys (ConfUtils.java:logGet(46)) - raft.server.log.appender.buffer.element-limit = 1 (custom)
2023-05-18 02:47:17,101 [dd0a355a-d343-4342-9afa-2dfa8fc9aea1@group-53C5EE4F2628-LeaderElection11] INFO  server.RaftServerConfigKeys (ConfUtils.java:logGet(46)) - raft.server.log.appender.wait-time.min = 10ms (default)
2023-05-18 02:47:17,101 [dd0a355a-d343-4342-9afa-2dfa8fc9aea1@group-53C5EE4F2628-LeaderElection11] INFO  grpc.GrpcConfigKeys (ConfUtils.java:logGet(46)) - raft.grpc.server.leader.outstanding.appends.max = 128 (default)
2023-05-18 02:47:17,101 [dd0a355a-d343-4342-9afa-2dfa8fc9aea1@group-53C5EE4F2628-LeaderElection11] INFO  server.RaftServerConfigKeys (ConfUtils.java:logGet(46)) - raft.server.rpc.request.timeout = 60s (custom)
2023-05-18 02:47:17,101 [dd0a355a-d343-4342-9afa-2dfa8fc9aea1@group-53C5EE4F2628-LeaderElection11] INFO  grpc.GrpcConfigKeys (ConfUtils.java:logGet(46)) - raft.grpc.server.install_snapshot.request.element-limit = 8 (default)
2023-05-18 02:47:17,102 [EventQueue-PipelineReportForPipelineReportHandler] INFO  pipeline.PipelineManagerImpl (PipelineManagerImpl.java:openPipeline(367)) - Pipeline Pipeline[ Id: d186d2e3-f5a1-43cc-80a4-53c5ee4f2628, Nodes: 1d3b30df-d5fa-48f7-8d20-f176392eff1b(fv-az180-414.aibneqh1mxpuhl3tnnuy2ifbce.bx.internal.cloudapp.net/10.1.1.154)4ccd21da-06a8-4ca3-bf16-e3c028fe0c77(fv-az180-414.aibneqh1mxpuhl3tnnuy2ifbce.bx.internal.cloudapp.net/10.1.1.154)dd0a355a-d343-4342-9afa-2dfa8fc9aea1(fv-az180-414.aibneqh1mxpuhl3tnnuy2ifbce.bx.internal.cloudapp.net/10.1.1.154), ReplicationConfig: RATIS/THREE, State:ALLOCATED, leaderId:dd0a355a-d343-4342-9afa-2dfa8fc9aea1, CreationTimestamp2023-05-18T02:47:08.617Z[Etc/UTC]] moved to OPEN state
2023-05-18 02:47:17,109 [dd0a355a-d343-4342-9afa-2dfa8fc9aea1@group-53C5EE4F2628-LeaderElection11] INFO  grpc.GrpcConfigKeys (ConfUtils.java:logGet(46)) - raft.grpc.server.install_snapshot.request.timeout = 3000ms (default)
2023-05-18 02:47:17,109 [dd0a355a-d343-4342-9afa-2dfa8fc9aea1@group-53C5EE4F2628-LeaderElection11] INFO  server.RaftServerConfigKeys (ConfUtils.java:logGet(46)) - raft.server.log.appender.install.snapshot.enabled = false (custom)
2023-05-18 02:47:17,109 [dd0a355a-d343-4342-9afa-2dfa8fc9aea1@group-53C5EE4F2628-LeaderElection11] INFO  grpc.GrpcConfigKeys (ConfUtils.java:logGet(46)) - raft.grpc.server.heartbeat.channel = true (default)
2023-05-18 02:47:17,109 [dd0a355a-d343-4342-9afa-2dfa8fc9aea1@group-53C5EE4F2628-LeaderElection11] INFO  impl.RoleInfo (RoleInfo.java:updateAndGet(139)) - dd0a355a-d343-4342-9afa-2dfa8fc9aea1: start dd0a355a-d343-4342-9afa-2dfa8fc9aea1@group-53C5EE4F2628-LeaderStateImpl
2023-05-18 02:47:17,110 [dd0a355a-d343-4342-9afa-2dfa8fc9aea1@group-53C5EE4F2628-LeaderElection11] INFO  segmented.SegmentedRaftLogWorker (SegmentedRaftLogWorker.java:startLogSegment(447)) - dd0a355a-d343-4342-9afa-2dfa8fc9aea1@group-53C5EE4F2628-SegmentedRaftLogWorker: Starting segment from index:0
2023-05-18 02:47:17,112 [dd0a355a-d343-4342-9afa-2dfa8fc9aea1@group-53C5EE4F2628-SegmentedRaftLogWorker] INFO  segmented.SegmentedRaftLogWorker (SegmentedRaftLogWorker.java:execute(651)) - dd0a355a-d343-4342-9afa-2dfa8fc9aea1@group-53C5EE4F2628-SegmentedRaftLogWorker: created new log segment /home/runner/work/ozone/ozone/hadoop-ozone/integration-test/target/test-dir/MiniOzoneClusterImpl-522acec6-bbe2-4bbe-92e7-576262f261c3/datanode-5/data/ratis/d186d2e3-f5a1-43cc-80a4-53c5ee4f2628/current/log_inprogress_0
2023-05-18 02:47:17,128 [grpc-default-executor-3] INFO  server.RaftServer$Division (RaftServerImpl.java:requestVote(1335)) - 1d3b30df-d5fa-48f7-8d20-f176392eff1b@group-53C5EE4F2628 replies to ELECTION vote request: dd0a355a-d343-4342-9afa-2dfa8fc9aea1<-1d3b30df-d5fa-48f7-8d20-f176392eff1b#0:OK-t1. Peer's state: 1d3b30df-d5fa-48f7-8d20-f176392eff1b@group-53C5EE4F2628:t1, leader=null, voted=dd0a355a-d343-4342-9afa-2dfa8fc9aea1, raftlog=Memoized:1d3b30df-d5fa-48f7-8d20-f176392eff1b@group-53C5EE4F2628-SegmentedRaftLog:OPENED:c-1, conf=-1: peers:[4ccd21da-06a8-4ca3-bf16-e3c028fe0c77|rpc:10.1.1.154:15045|admin:10.1.1.154:15044|client:10.1.1.154:15043|dataStream:10.1.1.154:15046|priority:0|startupRole:FOLLOWER, dd0a355a-d343-4342-9afa-2dfa8fc9aea1|rpc:10.1.1.154:15053|admin:10.1.1.154:15052|client:10.1.1.154:15051|dataStream:10.1.1.154:15054|priority:1|startupRole:FOLLOWER, 1d3b30df-d5fa-48f7-8d20-f176392eff1b|rpc:10.1.1.154:15037|admin:10.1.1.154:15036|client:10.1.1.154:15035|dataStream:10.1.1.154:15038|priority:0|startupRole:FOLLOWER]|listeners:[], old=null
2023-05-18 02:47:17,130 [dd0a355a-d343-4342-9afa-2dfa8fc9aea1@group-53C5EE4F2628-LeaderElection11] INFO  server.RaftServer$Division (ServerState.java:setRaftConf(434)) - dd0a355a-d343-4342-9afa-2dfa8fc9aea1@group-53C5EE4F2628: set configuration 0: peers:[4ccd21da-06a8-4ca3-bf16-e3c028fe0c77|rpc:10.1.1.154:15045|admin:10.1.1.154:15044|client:10.1.1.154:15043|dataStream:10.1.1.154:15046|priority:0|startupRole:FOLLOWER, dd0a355a-d343-4342-9afa-2dfa8fc9aea1|rpc:10.1.1.154:15053|admin:10.1.1.154:15052|client:10.1.1.154:15051|dataStream:10.1.1.154:15054|priority:1|startupRole:FOLLOWER, 1d3b30df-d5fa-48f7-8d20-f176392eff1b|rpc:10.1.1.154:15037|admin:10.1.1.154:15036|client:10.1.1.154:15035|dataStream:10.1.1.154:15038|priority:0|startupRole:FOLLOWER]|listeners:[], old=null
2023-05-18 02:47:17,139 [5433f90b-26c2-4398-8df5-88afed94a773@group-FEC9B5FCED6A-FollowerState] INFO  impl.FollowerState (FollowerState.java:run(143)) - 5433f90b-26c2-4398-8df5-88afed94a773@group-FEC9B5FCED6A-FollowerState: change to CANDIDATE, lastRpcElapsedTime:5197068775ns, electionTimeout:5192ms
2023-05-18 02:47:17,139 [5433f90b-26c2-4398-8df5-88afed94a773@group-FEC9B5FCED6A-FollowerState] INFO  impl.RoleInfo (RoleInfo.java:shutdownFollowerState(110)) - 5433f90b-26c2-4398-8df5-88afed94a773: shutdown 5433f90b-26c2-4398-8df5-88afed94a773@group-FEC9B5FCED6A-FollowerState
2023-05-18 02:47:17,139 [5433f90b-26c2-4398-8df5-88afed94a773@group-FEC9B5FCED6A-FollowerState] INFO  server.RaftServer$Division (RaftServerImpl.java:setRole(329)) - 5433f90b-26c2-4398-8df5-88afed94a773@group-FEC9B5FCED6A: changes role from  FOLLOWER to CANDIDATE at term 0 for changeToCandidate
2023-05-18 02:47:17,141 [5433f90b-26c2-4398-8df5-88afed94a773@group-FEC9B5FCED6A-FollowerState] INFO  server.RaftServerConfigKeys (ConfUtils.java:logGet(46)) - raft.server.leaderelection.pre-vote = true (default)
2023-05-18 02:47:17,141 [5433f90b-26c2-4398-8df5-88afed94a773@group-FEC9B5FCED6A-FollowerState] INFO  impl.RoleInfo (RoleInfo.java:updateAndGet(139)) - 5433f90b-26c2-4398-8df5-88afed94a773: start 5433f90b-26c2-4398-8df5-88afed94a773@group-FEC9B5FCED6A-LeaderElection13
2023-05-18 02:47:17,147 [1d3b30df-d5fa-48f7-8d20-f176392eff1b-server-thread1] INFO  ratis.XceiverServerRatis (XceiverServerRatis.java:handleLeaderChangedNotification(904)) - Leader change notification received for group: group-53C5EE4F2628 with new leaderId: dd0a355a-d343-4342-9afa-2dfa8fc9aea1
2023-05-18 02:47:17,147 [1d3b30df-d5fa-48f7-8d20-f176392eff1b-server-thread1] INFO  server.RaftServer$Division (ServerState.java:setLeader(317)) - 1d3b30df-d5fa-48f7-8d20-f176392eff1b@group-53C5EE4F2628: change Leader from null to dd0a355a-d343-4342-9afa-2dfa8fc9aea1 at term 1 for appendEntries, leader elected after 5771ms
2023-05-18 02:47:17,170 [5433f90b-26c2-4398-8df5-88afed94a773@group-FEC9B5FCED6A-LeaderElection13] INFO  impl.LeaderElection (LeaderElection.java:askForVotes(321)) - 5433f90b-26c2-4398-8df5-88afed94a773@group-FEC9B5FCED6A-LeaderElection13 PRE_VOTE round 0: submit vote requests at term 0 for -1: peers:[5433f90b-26c2-4398-8df5-88afed94a773|rpc:10.1.1.154:15061|admin:10.1.1.154:15060|client:10.1.1.154:15059|dataStream:10.1.1.154:15062|priority:1|startupRole:FOLLOWER]|listeners:[], old=null
2023-05-18 02:47:17,170 [5433f90b-26c2-4398-8df5-88afed94a773@group-FEC9B5FCED6A-LeaderElection13] INFO  impl.LeaderElection (LeaderElection.java:askForVotes(323)) - 5433f90b-26c2-4398-8df5-88afed94a773@group-FEC9B5FCED6A-LeaderElection13 PRE_VOTE round 0: result PASSED (term=0)
2023-05-18 02:47:17,172 [5433f90b-26c2-4398-8df5-88afed94a773@group-FEC9B5FCED6A-LeaderElection13] INFO  impl.LeaderElection (LeaderElection.java:askForVotes(321)) - 5433f90b-26c2-4398-8df5-88afed94a773@group-FEC9B5FCED6A-LeaderElection13 ELECTION round 0: submit vote requests at term 1 for -1: peers:[5433f90b-26c2-4398-8df5-88afed94a773|rpc:10.1.1.154:15061|admin:10.1.1.154:15060|client:10.1.1.154:15059|dataStream:10.1.1.154:15062|priority:1|startupRole:FOLLOWER]|listeners:[], old=null
2023-05-18 02:47:17,172 [5433f90b-26c2-4398-8df5-88afed94a773@group-FEC9B5FCED6A-LeaderElection13] INFO  impl.LeaderElection (LeaderElection.java:askForVotes(323)) - 5433f90b-26c2-4398-8df5-88afed94a773@group-FEC9B5FCED6A-LeaderElection13 ELECTION round 0: result PASSED (term=1)
2023-05-18 02:47:17,172 [5433f90b-26c2-4398-8df5-88afed94a773@group-FEC9B5FCED6A-LeaderElection13] INFO  impl.RoleInfo (RoleInfo.java:shutdownLeaderElection(130)) - 5433f90b-26c2-4398-8df5-88afed94a773: shutdown 5433f90b-26c2-4398-8df5-88afed94a773@group-FEC9B5FCED6A-LeaderElection13
2023-05-18 02:47:17,172 [5433f90b-26c2-4398-8df5-88afed94a773@group-FEC9B5FCED6A-LeaderElection13] INFO  server.RaftServer$Division (RaftServerImpl.java:setRole(329)) - 5433f90b-26c2-4398-8df5-88afed94a773@group-FEC9B5FCED6A: changes role from CANDIDATE to LEADER at term 1 for changeToLeader
2023-05-18 02:47:17,172 [5433f90b-26c2-4398-8df5-88afed94a773@group-FEC9B5FCED6A-LeaderElection13] INFO  ratis.XceiverServerRatis (XceiverServerRatis.java:handleLeaderChangedNotification(904)) - Leader change notification received for group: group-FEC9B5FCED6A with new leaderId: 5433f90b-26c2-4398-8df5-88afed94a773
2023-05-18 02:47:17,172 [5433f90b-26c2-4398-8df5-88afed94a773@group-FEC9B5FCED6A-LeaderElection13] INFO  server.RaftServer$Division (ServerState.java:setLeader(317)) - 5433f90b-26c2-4398-8df5-88afed94a773@group-FEC9B5FCED6A: change Leader from null to 5433f90b-26c2-4398-8df5-88afed94a773 at term 1 for becomeLeader, leader elected after 5255ms
2023-05-18 02:47:17,172 [5433f90b-26c2-4398-8df5-88afed94a773@group-FEC9B5FCED6A-LeaderElection13] INFO  server.RaftServerConfigKeys (ConfUtils.java:logGet(46)) - raft.server.staging.catchup.gap = 1000 (default)
2023-05-18 02:47:17,173 [5433f90b-26c2-4398-8df5-88afed94a773@group-FEC9B5FCED6A-LeaderElection13] INFO  server.RaftServerConfigKeys (ConfUtils.java:logGet(46)) - raft.server.write.element-limit = 1024 (custom)
2023-05-18 02:47:17,173 [5433f90b-26c2-4398-8df5-88afed94a773@group-FEC9B5FCED6A-LeaderElection13] INFO  server.RaftServerConfigKeys (ConfUtils.java:logGet(46)) - raft.server.write.byte-limit = 1024 M (=1073741824) (custom)
2023-05-18 02:47:17,173 [5433f90b-26c2-4398-8df5-88afed94a773@group-FEC9B5FCED6A-LeaderElection13] INFO  server.RaftServerConfigKeys (ConfUtils.java:logGet(46)) - raft.server.watch.timeout = 180s (custom)
2023-05-18 02:47:17,173 [5433f90b-26c2-4398-8df5-88afed94a773@group-FEC9B5FCED6A-LeaderElection13] INFO  server.RaftServerConfigKeys (ConfUtils.java:logGet(46)) - raft.server.watch.timeout.denomination = 1s (default)
2023-05-18 02:47:17,173 [5433f90b-26c2-4398-8df5-88afed94a773@group-FEC9B5FCED6A-LeaderElection13] INFO  server.RaftServerConfigKeys (ConfUtils.java:logGet(46)) - raft.server.watch.element-limit = 65536 (default)
2023-05-18 02:47:17,173 [5433f90b-26c2-4398-8df5-88afed94a773@group-FEC9B5FCED6A-LeaderElection13] INFO  server.RaftServerConfigKeys (ConfUtils.java:logGet(46)) - raft.server.write.element-limit = 1024 (custom)
2023-05-18 02:47:17,173 [5433f90b-26c2-4398-8df5-88afed94a773@group-FEC9B5FCED6A-LeaderElection13] INFO  server.RaftServerConfigKeys (ConfUtils.java:logGet(46)) - raft.server.write.follower.gap.ratio.max = -1.0 (default)
2023-05-18 02:47:17,173 [5433f90b-26c2-4398-8df5-88afed94a773@group-FEC9B5FCED6A-LeaderElection13] INFO  impl.RoleInfo (RoleInfo.java:updateAndGet(139)) - 5433f90b-26c2-4398-8df5-88afed94a773: start 5433f90b-26c2-4398-8df5-88afed94a773@group-FEC9B5FCED6A-LeaderStateImpl
2023-05-18 02:47:17,174 [5433f90b-26c2-4398-8df5-88afed94a773@group-FEC9B5FCED6A-LeaderElection13] INFO  segmented.SegmentedRaftLogWorker (SegmentedRaftLogWorker.java:startLogSegment(447)) - 5433f90b-26c2-4398-8df5-88afed94a773@group-FEC9B5FCED6A-SegmentedRaftLogWorker: Starting segment from index:0
2023-05-18 02:47:17,176 [5433f90b-26c2-4398-8df5-88afed94a773@group-FEC9B5FCED6A-SegmentedRaftLogWorker] INFO  segmented.SegmentedRaftLogWorker (SegmentedRaftLogWorker.java:execute(651)) - 5433f90b-26c2-4398-8df5-88afed94a773@group-FEC9B5FCED6A-SegmentedRaftLogWorker: created new log segment /home/runner/work/ozone/ozone/hadoop-ozone/integration-test/target/test-dir/MiniOzoneClusterImpl-522acec6-bbe2-4bbe-92e7-576262f261c3/datanode-6/data/ratis/0832821b-ad75-4906-93b1-fec9b5fced6a/current/log_inprogress_0
2023-05-18 02:47:17,184 [BlockDeletingService#2] INFO  interfaces.ContainerDeletionChoosingPolicyTemplate (ContainerDeletionChoosingPolicyTemplate.java:chooseContainerForBlockDeletion(83)) - Chosen 0/5000 blocks from 0 candidate containers.
2023-05-18 02:47:17,205 [4ccd21da-06a8-4ca3-bf16-e3c028fe0c77-server-thread1] INFO  ratis.XceiverServerRatis (XceiverServerRatis.java:handleLeaderChangedNotification(904)) - Leader change notification received for group: group-53C5EE4F2628 with new leaderId: dd0a355a-d343-4342-9afa-2dfa8fc9aea1
2023-05-18 02:47:17,205 [4ccd21da-06a8-4ca3-bf16-e3c028fe0c77-server-thread1] INFO  server.RaftServer$Division (ServerState.java:setLeader(317)) - 4ccd21da-06a8-4ca3-bf16-e3c028fe0c77@group-53C5EE4F2628: change Leader from null to dd0a355a-d343-4342-9afa-2dfa8fc9aea1 at term 1 for appendEntries, leader elected after 5809ms
2023-05-18 02:47:17,206 [5433f90b-26c2-4398-8df5-88afed94a773@group-FEC9B5FCED6A-LeaderElection13] INFO  server.RaftServer$Division (ServerState.java:setRaftConf(434)) - 5433f90b-26c2-4398-8df5-88afed94a773@group-FEC9B5FCED6A: set configuration 0: peers:[5433f90b-26c2-4398-8df5-88afed94a773|rpc:10.1.1.154:15061|admin:10.1.1.154:15060|client:10.1.1.154:15059|dataStream:10.1.1.154:15062|priority:1|startupRole:FOLLOWER]|listeners:[], old=null
2023-05-18 02:47:17,206 [1d3b30df-d5fa-48f7-8d20-f176392eff1b-server-thread3] INFO  server.RaftServer$Division (ServerState.java:setRaftConf(434)) - 1d3b30df-d5fa-48f7-8d20-f176392eff1b@group-53C5EE4F2628: set configuration 0: peers:[4ccd21da-06a8-4ca3-bf16-e3c028fe0c77|rpc:10.1.1.154:15045|admin:10.1.1.154:15044|client:10.1.1.154:15043|dataStream:10.1.1.154:15046|priority:0|startupRole:FOLLOWER, dd0a355a-d343-4342-9afa-2dfa8fc9aea1|rpc:10.1.1.154:15053|admin:10.1.1.154:15052|client:10.1.1.154:15051|dataStream:10.1.1.154:15054|priority:1|startupRole:FOLLOWER, 1d3b30df-d5fa-48f7-8d20-f176392eff1b|rpc:10.1.1.154:15037|admin:10.1.1.154:15036|client:10.1.1.154:15035|dataStream:10.1.1.154:15038|priority:0|startupRole:FOLLOWER]|listeners:[], old=null
2023-05-18 02:47:17,206 [1d3b30df-d5fa-48f7-8d20-f176392eff1b-server-thread3] INFO  segmented.SegmentedRaftLogWorker (SegmentedRaftLogWorker.java:startLogSegment(447)) - 1d3b30df-d5fa-48f7-8d20-f176392eff1b@group-53C5EE4F2628-SegmentedRaftLogWorker: Starting segment from index:0
2023-05-18 02:47:17,208 [4ccd21da-06a8-4ca3-bf16-e3c028fe0c77-server-thread2] INFO  server.RaftServer$Division (ServerState.java:setRaftConf(434)) - 4ccd21da-06a8-4ca3-bf16-e3c028fe0c77@group-53C5EE4F2628: set configuration 0: peers:[4ccd21da-06a8-4ca3-bf16-e3c028fe0c77|rpc:10.1.1.154:15045|admin:10.1.1.154:15044|client:10.1.1.154:15043|dataStream:10.1.1.154:15046|priority:0|startupRole:FOLLOWER, dd0a355a-d343-4342-9afa-2dfa8fc9aea1|rpc:10.1.1.154:15053|admin:10.1.1.154:15052|client:10.1.1.154:15051|dataStream:10.1.1.154:15054|priority:1|startupRole:FOLLOWER, 1d3b30df-d5fa-48f7-8d20-f176392eff1b|rpc:10.1.1.154:15037|admin:10.1.1.154:15036|client:10.1.1.154:15035|dataStream:10.1.1.154:15038|priority:0|startupRole:FOLLOWER]|listeners:[], old=null
2023-05-18 02:47:17,209 [4ccd21da-06a8-4ca3-bf16-e3c028fe0c77-server-thread2] INFO  segmented.SegmentedRaftLogWorker (SegmentedRaftLogWorker.java:startLogSegment(447)) - 4ccd21da-06a8-4ca3-bf16-e3c028fe0c77@group-53C5EE4F2628-SegmentedRaftLogWorker: Starting segment from index:0
2023-05-18 02:47:17,209 [1d3b30df-d5fa-48f7-8d20-f176392eff1b@group-53C5EE4F2628-SegmentedRaftLogWorker] INFO  segmented.SegmentedRaftLogWorker (SegmentedRaftLogWorker.java:execute(651)) - 1d3b30df-d5fa-48f7-8d20-f176392eff1b@group-53C5EE4F2628-SegmentedRaftLogWorker: created new log segment /home/runner/work/ozone/ozone/hadoop-ozone/integration-test/target/test-dir/MiniOzoneClusterImpl-522acec6-bbe2-4bbe-92e7-576262f261c3/datanode-3/data/ratis/d186d2e3-f5a1-43cc-80a4-53c5ee4f2628/current/log_inprogress_0
2023-05-18 02:47:17,213 [4ccd21da-06a8-4ca3-bf16-e3c028fe0c77@group-53C5EE4F2628-SegmentedRaftLogWorker] INFO  segmented.SegmentedRaftLogWorker (SegmentedRaftLogWorker.java:execute(651)) - 4ccd21da-06a8-4ca3-bf16-e3c028fe0c77@group-53C5EE4F2628-SegmentedRaftLogWorker: created new log segment /home/runner/work/ozone/ozone/hadoop-ozone/integration-test/target/test-dir/MiniOzoneClusterImpl-522acec6-bbe2-4bbe-92e7-576262f261c3/datanode-4/data/ratis/d186d2e3-f5a1-43cc-80a4-53c5ee4f2628/current/log_inprogress_0
2023-05-18 02:47:17,373 [BlockDeletingService#2] INFO  interfaces.ContainerDeletionChoosingPolicyTemplate (ContainerDeletionChoosingPolicyTemplate.java:chooseContainerForBlockDeletion(83)) - Chosen 0/5000 blocks from 0 candidate containers.
2023-05-18 02:47:17,374 [BlockDeletingService#2] INFO  interfaces.ContainerDeletionChoosingPolicyTemplate (ContainerDeletionChoosingPolicyTemplate.java:chooseContainerForBlockDeletion(83)) - Chosen 0/5000 blocks from 0 candidate containers.
2023-05-18 02:47:17,399 [5dc09123-b42c-44c8-87e3-729c385858db@group-3661A4E39BD4-FollowerState] INFO  impl.FollowerState (FollowerState.java:run(143)) - 5dc09123-b42c-44c8-87e3-729c385858db@group-3661A4E39BD4-FollowerState: change to CANDIDATE, lastRpcElapsedTime:5059260613ns, electionTimeout:5057ms
2023-05-18 02:47:17,399 [5dc09123-b42c-44c8-87e3-729c385858db@group-3661A4E39BD4-FollowerState] INFO  impl.RoleInfo (RoleInfo.java:shutdownFollowerState(110)) - 5dc09123-b42c-44c8-87e3-729c385858db: shutdown 5dc09123-b42c-44c8-87e3-729c385858db@group-3661A4E39BD4-FollowerState
2023-05-18 02:47:17,399 [5dc09123-b42c-44c8-87e3-729c385858db@group-3661A4E39BD4-FollowerState] INFO  server.RaftServer$Division (RaftServerImpl.java:setRole(329)) - 5dc09123-b42c-44c8-87e3-729c385858db@group-3661A4E39BD4: changes role from  FOLLOWER to CANDIDATE at term 0 for changeToCandidate
2023-05-18 02:47:17,400 [5dc09123-b42c-44c8-87e3-729c385858db@group-3661A4E39BD4-FollowerState] INFO  server.RaftServerConfigKeys (ConfUtils.java:logGet(46)) - raft.server.leaderelection.pre-vote = true (default)
2023-05-18 02:47:17,400 [5dc09123-b42c-44c8-87e3-729c385858db@group-3661A4E39BD4-FollowerState] INFO  impl.RoleInfo (RoleInfo.java:updateAndGet(139)) - 5dc09123-b42c-44c8-87e3-729c385858db: start 5dc09123-b42c-44c8-87e3-729c385858db@group-3661A4E39BD4-LeaderElection14
2023-05-18 02:47:17,428 [5dc09123-b42c-44c8-87e3-729c385858db@group-3661A4E39BD4-LeaderElection14] INFO  impl.LeaderElection (LeaderElection.java:askForVotes(321)) - 5dc09123-b42c-44c8-87e3-729c385858db@group-3661A4E39BD4-LeaderElection14 PRE_VOTE round 0: submit vote requests at term 0 for -1: peers:[5dc09123-b42c-44c8-87e3-729c385858db|rpc:10.1.1.154:15069|admin:10.1.1.154:15068|client:10.1.1.154:15067|dataStream:10.1.1.154:15070|priority:1|startupRole:FOLLOWER]|listeners:[], old=null
2023-05-18 02:47:17,428 [5dc09123-b42c-44c8-87e3-729c385858db@group-3661A4E39BD4-LeaderElection14] INFO  impl.LeaderElection (LeaderElection.java:askForVotes(323)) - 5dc09123-b42c-44c8-87e3-729c385858db@group-3661A4E39BD4-LeaderElection14 PRE_VOTE round 0: result PASSED (term=0)
2023-05-18 02:47:17,429 [5dc09123-b42c-44c8-87e3-729c385858db@group-3661A4E39BD4-LeaderElection14] INFO  impl.LeaderElection (LeaderElection.java:askForVotes(321)) - 5dc09123-b42c-44c8-87e3-729c385858db@group-3661A4E39BD4-LeaderElection14 ELECTION round 0: submit vote requests at term 1 for -1: peers:[5dc09123-b42c-44c8-87e3-729c385858db|rpc:10.1.1.154:15069|admin:10.1.1.154:15068|client:10.1.1.154:15067|dataStream:10.1.1.154:15070|priority:1|startupRole:FOLLOWER]|listeners:[], old=null
2023-05-18 02:47:17,429 [5dc09123-b42c-44c8-87e3-729c385858db@group-3661A4E39BD4-LeaderElection14] INFO  impl.LeaderElection (LeaderElection.java:askForVotes(323)) - 5dc09123-b42c-44c8-87e3-729c385858db@group-3661A4E39BD4-LeaderElection14 ELECTION round 0: result PASSED (term=1)
2023-05-18 02:47:17,429 [5dc09123-b42c-44c8-87e3-729c385858db@group-3661A4E39BD4-LeaderElection14] INFO  impl.RoleInfo (RoleInfo.java:shutdownLeaderElection(130)) - 5dc09123-b42c-44c8-87e3-729c385858db: shutdown 5dc09123-b42c-44c8-87e3-729c385858db@group-3661A4E39BD4-LeaderElection14
2023-05-18 02:47:17,429 [5dc09123-b42c-44c8-87e3-729c385858db@group-3661A4E39BD4-LeaderElection14] INFO  server.RaftServer$Division (RaftServerImpl.java:setRole(329)) - 5dc09123-b42c-44c8-87e3-729c385858db@group-3661A4E39BD4: changes role from CANDIDATE to LEADER at term 1 for changeToLeader
2023-05-18 02:47:17,429 [5dc09123-b42c-44c8-87e3-729c385858db@group-3661A4E39BD4-LeaderElection14] INFO  ratis.XceiverServerRatis (XceiverServerRatis.java:handleLeaderChangedNotification(904)) - Leader change notification received for group: group-3661A4E39BD4 with new leaderId: 5dc09123-b42c-44c8-87e3-729c385858db
2023-05-18 02:47:17,430 [5dc09123-b42c-44c8-87e3-729c385858db@group-3661A4E39BD4-LeaderElection14] INFO  server.RaftServer$Division (ServerState.java:setLeader(317)) - 5dc09123-b42c-44c8-87e3-729c385858db@group-3661A4E39BD4: change Leader from null to 5dc09123-b42c-44c8-87e3-729c385858db at term 1 for becomeLeader, leader elected after 5112ms
2023-05-18 02:47:17,430 [5dc09123-b42c-44c8-87e3-729c385858db@group-3661A4E39BD4-LeaderElection14] INFO  server.RaftServerConfigKeys (ConfUtils.java:logGet(46)) - raft.server.staging.catchup.gap = 1000 (default)
2023-05-18 02:47:17,430 [5dc09123-b42c-44c8-87e3-729c385858db@group-3661A4E39BD4-LeaderElection14] INFO  server.RaftServerConfigKeys (ConfUtils.java:logGet(46)) - raft.server.write.element-limit = 1024 (custom)
2023-05-18 02:47:17,430 [5dc09123-b42c-44c8-87e3-729c385858db@group-3661A4E39BD4-LeaderElection14] INFO  server.RaftServerConfigKeys (ConfUtils.java:logGet(46)) - raft.server.write.byte-limit = 1024 M (=1073741824) (custom)
2023-05-18 02:47:17,430 [5dc09123-b42c-44c8-87e3-729c385858db@group-3661A4E39BD4-LeaderElection14] INFO  server.RaftServerConfigKeys (ConfUtils.java:logGet(46)) - raft.server.watch.timeout = 180s (custom)
2023-05-18 02:47:17,430 [5dc09123-b42c-44c8-87e3-729c385858db@group-3661A4E39BD4-LeaderElection14] INFO  server.RaftServerConfigKeys (ConfUtils.java:logGet(46)) - raft.server.watch.timeout.denomination = 1s (default)
2023-05-18 02:47:17,430 [5dc09123-b42c-44c8-87e3-729c385858db@group-3661A4E39BD4-LeaderElection14] INFO  server.RaftServerConfigKeys (ConfUtils.java:logGet(46)) - raft.server.watch.element-limit = 65536 (default)
2023-05-18 02:47:17,430 [5dc09123-b42c-44c8-87e3-729c385858db@group-3661A4E39BD4-LeaderElection14] INFO  server.RaftServerConfigKeys (ConfUtils.java:logGet(46)) - raft.server.write.element-limit = 1024 (custom)
2023-05-18 02:47:17,430 [5dc09123-b42c-44c8-87e3-729c385858db@group-3661A4E39BD4-LeaderElection14] INFO  server.RaftServerConfigKeys (ConfUtils.java:logGet(46)) - raft.server.write.follower.gap.ratio.max = -1.0 (default)
2023-05-18 02:47:17,430 [5dc09123-b42c-44c8-87e3-729c385858db@group-3661A4E39BD4-LeaderElection14] INFO  impl.RoleInfo (RoleInfo.java:updateAndGet(139)) - 5dc09123-b42c-44c8-87e3-729c385858db: start 5dc09123-b42c-44c8-87e3-729c385858db@group-3661A4E39BD4-LeaderStateImpl
2023-05-18 02:47:17,431 [5dc09123-b42c-44c8-87e3-729c385858db@group-3661A4E39BD4-LeaderElection14] INFO  segmented.SegmentedRaftLogWorker (SegmentedRaftLogWorker.java:startLogSegment(447)) - 5dc09123-b42c-44c8-87e3-729c385858db@group-3661A4E39BD4-SegmentedRaftLogWorker: Starting segment from index:0
2023-05-18 02:47:17,432 [5dc09123-b42c-44c8-87e3-729c385858db@group-3661A4E39BD4-SegmentedRaftLogWorker] INFO  segmented.SegmentedRaftLogWorker (SegmentedRaftLogWorker.java:execute(651)) - 5dc09123-b42c-44c8-87e3-729c385858db@group-3661A4E39BD4-SegmentedRaftLogWorker: created new log segment /home/runner/work/ozone/ozone/hadoop-ozone/integration-test/target/test-dir/MiniOzoneClusterImpl-522acec6-bbe2-4bbe-92e7-576262f261c3/datanode-7/data/ratis/742aa8be-9bd2-4dd8-bee1-3661a4e39bd4/current/log_inprogress_0
2023-05-18 02:47:17,436 [5dc09123-b42c-44c8-87e3-729c385858db@group-3661A4E39BD4-LeaderElection14] INFO  server.RaftServer$Division (ServerState.java:setRaftConf(434)) - 5dc09123-b42c-44c8-87e3-729c385858db@group-3661A4E39BD4: set configuration 0: peers:[5dc09123-b42c-44c8-87e3-729c385858db|rpc:10.1.1.154:15069|admin:10.1.1.154:15068|client:10.1.1.154:15067|dataStream:10.1.1.154:15070|priority:1|startupRole:FOLLOWER]|listeners:[], old=null
2023-05-18 02:47:17,527 [Listener at 127.0.0.1/15004] INFO  rpc.RpcClient (RpcClient.java:createVolume(476)) - Creating Volume: becba1e4-d408-4368-954a-ff99f84fa7e4, with runner as owner and space quota set to -1 bytes, counts quota set to -1
2023-05-18 02:47:17,580 [OM StateMachine ApplyTransaction Thread - 0] INFO  volume.OMVolumeCreateRequest (OMVolumeCreateRequest.java:validateAndUpdateCache(196)) - created volume:becba1e4-d408-4368-954a-ff99f84fa7e4 for user:runner
2023-05-18 02:47:17,611 [Listener at 127.0.0.1/15004] INFO  rpc.RpcClient (RpcClient.java:createBucket(698)) - Creating Bucket: becba1e4-d408-4368-954a-ff99f84fa7e4/f5d83c3c-2c2a-4b72-ac0b-c6ea28889ce2, with server-side default bucket layout, runner as owner, Versioning false, Storage Type set to DISK and Encryption set to false, Replication Type set to server-side default replication type, Namespace Quota set to -1, Space Quota set to -1 
2023-05-18 02:47:17,629 [OM StateMachine ApplyTransaction Thread - 0] INFO  bucket.OMBucketCreateRequest (OMBucketCreateRequest.java:validateAndUpdateCache(270)) - created bucket: f5d83c3c-2c2a-4b72-ac0b-c6ea28889ce2 of layout FILE_SYSTEM_OPTIMIZED in volume: becba1e4-d408-4368-954a-ff99f84fa7e4
2023-05-18 02:47:17,729 [IPC Server handler 0 on default port 15001] INFO  pipeline.PipelineStateManagerImpl (PipelineStateManagerImpl.java:addPipeline(103)) - Created pipeline Pipeline[ Id: 04dda09b-4b04-4d28-9dcb-bf16c3c5ad99, Nodes: dd0a355a-d343-4342-9afa-2dfa8fc9aea1(fv-az180-414.aibneqh1mxpuhl3tnnuy2ifbce.bx.internal.cloudapp.net/10.1.1.154)5433f90b-26c2-4398-8df5-88afed94a773(fv-az180-414.aibneqh1mxpuhl3tnnuy2ifbce.bx.internal.cloudapp.net/10.1.1.154)4ccd21da-06a8-4ca3-bf16-e3c028fe0c77(fv-az180-414.aibneqh1mxpuhl3tnnuy2ifbce.bx.internal.cloudapp.net/10.1.1.154)a884725c-3443-458c-8df7-7c5a51101be7(fv-az180-414.aibneqh1mxpuhl3tnnuy2ifbce.bx.internal.cloudapp.net/10.1.1.154)1d3b30df-d5fa-48f7-8d20-f176392eff1b(fv-az180-414.aibneqh1mxpuhl3tnnuy2ifbce.bx.internal.cloudapp.net/10.1.1.154), ReplicationConfig: EC{rs-3-2-1024k}, State:ALLOCATED, leaderId:, CreationTimestamp2023-05-18T02:47:17.727Z[Etc/UTC]].
2023-05-18 02:47:17,732 [IPC Server handler 0 on default port 15001] INFO  ha.SequenceIdGenerator (SequenceIdGenerator.java:getNextId(128)) - Allocate a batch for containerId, change lastId from 0 to 1000.
2023-05-18 02:47:17,742 [IPC Server handler 0 on default port 15001] INFO  pipeline.PipelineManagerImpl (PipelineManagerImpl.java:openPipeline(367)) - Pipeline Pipeline[ Id: 04dda09b-4b04-4d28-9dcb-bf16c3c5ad99, Nodes: dd0a355a-d343-4342-9afa-2dfa8fc9aea1(fv-az180-414.aibneqh1mxpuhl3tnnuy2ifbce.bx.internal.cloudapp.net/10.1.1.154)5433f90b-26c2-4398-8df5-88afed94a773(fv-az180-414.aibneqh1mxpuhl3tnnuy2ifbce.bx.internal.cloudapp.net/10.1.1.154)4ccd21da-06a8-4ca3-bf16-e3c028fe0c77(fv-az180-414.aibneqh1mxpuhl3tnnuy2ifbce.bx.internal.cloudapp.net/10.1.1.154)a884725c-3443-458c-8df7-7c5a51101be7(fv-az180-414.aibneqh1mxpuhl3tnnuy2ifbce.bx.internal.cloudapp.net/10.1.1.154)1d3b30df-d5fa-48f7-8d20-f176392eff1b(fv-az180-414.aibneqh1mxpuhl3tnnuy2ifbce.bx.internal.cloudapp.net/10.1.1.154), ReplicationConfig: EC{rs-3-2-1024k}, State:ALLOCATED, leaderId:, CreationTimestamp2023-05-18T02:47:17.727Z[Etc/UTC]] moved to OPEN state
2023-05-18 02:47:17,743 [IPC Server handler 0 on default port 15001] WARN  ha.SequenceIdGenerator (SequenceIdGenerator.java:allocateBatch(237)) - Failed to allocate a batch for localId, expected lastId is 0, actual lastId is 111677748019200000.
2023-05-18 02:47:17,744 [IPC Server handler 0 on default port 15001] INFO  ha.SequenceIdGenerator (SequenceIdGenerator.java:getNextId(128)) - Allocate a batch for localId, change lastId from 111677748019200000 to 111677748019201000.
2023-05-18 02:47:17,867 [Listener at 127.0.0.1/15004] WARN  erasurecode.ErasureCodeNative (ErasureCodeNative.java:<clinit>(55)) - ISA-L support is not available in your platform... using builtin-java codec where applicable
2023-05-18 02:47:17,955 [BlockDeletingService#2] INFO  interfaces.ContainerDeletionChoosingPolicyTemplate (ContainerDeletionChoosingPolicyTemplate.java:chooseContainerForBlockDeletion(83)) - Chosen 0/5000 blocks from 0 candidate containers.
2023-05-18 02:47:17,961 [BlockDeletingService#2] INFO  interfaces.ContainerDeletionChoosingPolicyTemplate (ContainerDeletionChoosingPolicyTemplate.java:chooseContainerForBlockDeletion(83)) - Chosen 0/5000 blocks from 0 candidate containers.
2023-05-18 02:47:18,016 [pool-295-thread-1] INFO  impl.MetricsSystemImpl (MetricsSystemImpl.java:init(158)) - XceiverClientMetrics metrics system started (again)
2023-05-18 02:47:18,017 [pool-295-thread-1] INFO  lib.Interns (Interns.java:removeEldestEntry(50)) - Metrics intern cache overflow at 2011 for MetricsSystem={MetricsSystem=MetricsInfoImpl{name=MetricsSystem, description=MetricsSystem}, MetricsSystem record=MetricsInfoImpl{name=MetricsSystem, description=MetricsSystem record}}
2023-05-18 02:47:18,082 [BlockDeletingService#2] INFO  interfaces.ContainerDeletionChoosingPolicyTemplate (ContainerDeletionChoosingPolicyTemplate.java:chooseContainerForBlockDeletion(83)) - Chosen 0/5000 blocks from 0 candidate containers.
2023-05-18 02:47:18,083 [BlockDeletingService#2] INFO  interfaces.ContainerDeletionChoosingPolicyTemplate (ContainerDeletionChoosingPolicyTemplate.java:chooseContainerForBlockDeletion(83)) - Chosen 0/5000 blocks from 0 candidate containers.
2023-05-18 02:47:18,083 [BlockDeletingService#2] INFO  interfaces.ContainerDeletionChoosingPolicyTemplate (ContainerDeletionChoosingPolicyTemplate.java:chooseContainerForBlockDeletion(83)) - Chosen 0/5000 blocks from 0 candidate containers.
2023-05-18 02:47:18,185 [BlockDeletingService#2] INFO  interfaces.ContainerDeletionChoosingPolicyTemplate (ContainerDeletionChoosingPolicyTemplate.java:chooseContainerForBlockDeletion(83)) - Chosen 0/5000 blocks from 0 candidate containers.
2023-05-18 02:47:18,374 [BlockDeletingService#2] INFO  interfaces.ContainerDeletionChoosingPolicyTemplate (ContainerDeletionChoosingPolicyTemplate.java:chooseContainerForBlockDeletion(83)) - Chosen 0/5000 blocks from 0 candidate containers.
2023-05-18 02:47:18,374 [BlockDeletingService#2] INFO  interfaces.ContainerDeletionChoosingPolicyTemplate (ContainerDeletionChoosingPolicyTemplate.java:chooseContainerForBlockDeletion(83)) - Chosen 0/5000 blocks from 0 candidate containers.
2023-05-18 02:47:18,961 [BlockDeletingService#2] INFO  interfaces.ContainerDeletionChoosingPolicyTemplate (ContainerDeletionChoosingPolicyTemplate.java:chooseContainerForBlockDeletion(83)) - Chosen 0/5000 blocks from 0 candidate containers.
2023-05-18 02:47:18,961 [BlockDeletingService#2] INFO  interfaces.ContainerDeletionChoosingPolicyTemplate (ContainerDeletionChoosingPolicyTemplate.java:chooseContainerForBlockDeletion(83)) - Chosen 0/5000 blocks from 0 candidate containers.
2023-05-18 02:47:19,083 [BlockDeletingService#2] INFO  interfaces.ContainerDeletionChoosingPolicyTemplate (ContainerDeletionChoosingPolicyTemplate.java:chooseContainerForBlockDeletion(83)) - Chosen 0/5000 blocks from 0 candidate containers.
2023-05-18 02:47:19,083 [BlockDeletingService#2] INFO  interfaces.ContainerDeletionChoosingPolicyTemplate (ContainerDeletionChoosingPolicyTemplate.java:chooseContainerForBlockDeletion(83)) - Chosen 0/5000 blocks from 0 candidate containers.
2023-05-18 02:47:19,083 [BlockDeletingService#2] INFO  interfaces.ContainerDeletionChoosingPolicyTemplate (ContainerDeletionChoosingPolicyTemplate.java:chooseContainerForBlockDeletion(83)) - Chosen 0/5000 blocks from 0 candidate containers.
2023-05-18 02:47:19,185 [BlockDeletingService#2] INFO  interfaces.ContainerDeletionChoosingPolicyTemplate (ContainerDeletionChoosingPolicyTemplate.java:chooseContainerForBlockDeletion(83)) - Chosen 0/5000 blocks from 0 candidate containers.
2023-05-18 02:47:19,375 [BlockDeletingService#2] INFO  interfaces.ContainerDeletionChoosingPolicyTemplate (ContainerDeletionChoosingPolicyTemplate.java:chooseContainerForBlockDeletion(83)) - Chosen 0/5000 blocks from 0 candidate containers.
2023-05-18 02:47:19,375 [BlockDeletingService#2] INFO  interfaces.ContainerDeletionChoosingPolicyTemplate (ContainerDeletionChoosingPolicyTemplate.java:chooseContainerForBlockDeletion(83)) - Chosen 0/5000 blocks from 0 candidate containers.
2023-05-18 02:47:19,381 [Listener at 127.0.0.1/15004] INFO  token.ContainerTokenSecretManager (OzoneSecretManager.java:updateCurrentKey(175)) - Updating current master key for generating tokens. Cert id 1339200402336
2023-05-18 02:47:19,381 [Listener at 127.0.0.1/15004] INFO  token.OzoneBlockTokenSecretManager (OzoneSecretManager.java:updateCurrentKey(175)) - Updating current master key for generating tokens. Cert id 1339200402336
2023-05-18 02:47:19,413 [Listener at 127.0.0.1/15004] INFO  rpc.RpcClient (RpcClient.java:createVolume(476)) - Creating Volume: 15e72dfc-2a14-481b-9925-5d6af1fa5242, with runner as owner and space quota set to -1 bytes, counts quota set to -1
2023-05-18 02:47:19,418 [OM StateMachine ApplyTransaction Thread - 0] INFO  volume.OMVolumeCreateRequest (OMVolumeCreateRequest.java:validateAndUpdateCache(196)) - created volume:15e72dfc-2a14-481b-9925-5d6af1fa5242 for user:runner
2023-05-18 02:47:19,425 [Listener at 127.0.0.1/15004] INFO  rpc.RpcClient (RpcClient.java:createBucket(698)) - Creating Bucket: 15e72dfc-2a14-481b-9925-5d6af1fa5242/15e72dfc-2a14-481b-9925-5d6af1fa5242, with server-side default bucket layout, runner as owner, Versioning false, Storage Type set to DISK and Encryption set to false, Replication Type set to server-side default replication type, Namespace Quota set to -1, Space Quota set to -1 
2023-05-18 02:47:19,430 [OM StateMachine ApplyTransaction Thread - 0] INFO  bucket.OMBucketCreateRequest (OMBucketCreateRequest.java:validateAndUpdateCache(270)) - created bucket: 15e72dfc-2a14-481b-9925-5d6af1fa5242 of layout FILE_SYSTEM_OPTIMIZED in volume: 15e72dfc-2a14-481b-9925-5d6af1fa5242
2023-05-18 02:47:19,854 [IPC Server handler 8 on default port 15001] WARN  node.SCMNodeManager (SCMNodeManager.java:getNodesByAddress(1372)) - Cannot find node for address 127.0.0.1
2023-05-18 02:47:19,879 [Listener at 127.0.0.1/15004] INFO  token.OzoneBlockTokenSecretManager (OzoneSecretManager.java:updateCurrentKey(175)) - Updating current master key for generating tokens. Cert id 1339200402336
2023-05-18 02:47:19,879 [Listener at 127.0.0.1/15004] INFO  token.ContainerTokenSecretManager (OzoneSecretManager.java:updateCurrentKey(175)) - Updating current master key for generating tokens. Cert id 1339200402336
2023-05-18 02:47:19,962 [BlockDeletingService#2] INFO  interfaces.ContainerDeletionChoosingPolicyTemplate (ContainerDeletionChoosingPolicyTemplate.java:chooseContainerForBlockDeletion(83)) - Chosen 0/5000 blocks from 0 candidate containers.
2023-05-18 02:47:19,962 [BlockDeletingService#2] INFO  interfaces.ContainerDeletionChoosingPolicyTemplate (ContainerDeletionChoosingPolicyTemplate.java:chooseContainerForBlockDeletion(83)) - Chosen 0/5000 blocks from 0 candidate containers.
2023-05-18 02:47:20,083 [BlockDeletingService#2] INFO  interfaces.ContainerDeletionChoosingPolicyTemplate (ContainerDeletionChoosingPolicyTemplate.java:chooseContainerForBlockDeletion(83)) - Chosen 0/5000 blocks from 0 candidate containers.
2023-05-18 02:47:20,083 [BlockDeletingService#2] INFO  interfaces.ContainerDeletionChoosingPolicyTemplate (ContainerDeletionChoosingPolicyTemplate.java:chooseContainerForBlockDeletion(83)) - Chosen 0/5000 blocks from 0 candidate containers.
2023-05-18 02:47:20,083 [BlockDeletingService#2] INFO  interfaces.ContainerDeletionChoosingPolicyTemplate (ContainerDeletionChoosingPolicyTemplate.java:chooseContainerForBlockDeletion(83)) - Chosen 0/5000 blocks from 0 candidate containers.
2023-05-18 02:47:20,186 [BlockDeletingService#2] INFO  interfaces.ContainerDeletionChoosingPolicyTemplate (ContainerDeletionChoosingPolicyTemplate.java:chooseContainerForBlockDeletion(83)) - Chosen 0/5000 blocks from 0 candidate containers.
2023-05-18 02:47:20,375 [BlockDeletingService#2] INFO  interfaces.ContainerDeletionChoosingPolicyTemplate (ContainerDeletionChoosingPolicyTemplate.java:chooseContainerForBlockDeletion(83)) - Chosen 0/5000 blocks from 0 candidate containers.
2023-05-18 02:47:20,375 [BlockDeletingService#2] INFO  interfaces.ContainerDeletionChoosingPolicyTemplate (ContainerDeletionChoosingPolicyTemplate.java:chooseContainerForBlockDeletion(83)) - Chosen 0/5000 blocks from 0 candidate containers.
2023-05-18 02:47:20,962 [BlockDeletingService#2] INFO  interfaces.ContainerDeletionChoosingPolicyTemplate (ContainerDeletionChoosingPolicyTemplate.java:chooseContainerForBlockDeletion(83)) - Chosen 0/5000 blocks from 0 candidate containers.
2023-05-18 02:47:20,962 [BlockDeletingService#2] INFO  interfaces.ContainerDeletionChoosingPolicyTemplate (ContainerDeletionChoosingPolicyTemplate.java:chooseContainerForBlockDeletion(83)) - Chosen 0/5000 blocks from 0 candidate containers.
2023-05-18 02:47:21,083 [BlockDeletingService#2] INFO  interfaces.ContainerDeletionChoosingPolicyTemplate (ContainerDeletionChoosingPolicyTemplate.java:chooseContainerForBlockDeletion(83)) - Chosen 0/5000 blocks from 0 candidate containers.
2023-05-18 02:47:21,083 [BlockDeletingService#2] INFO  interfaces.ContainerDeletionChoosingPolicyTemplate (ContainerDeletionChoosingPolicyTemplate.java:chooseContainerForBlockDeletion(83)) - Chosen 0/5000 blocks from 0 candidate containers.
2023-05-18 02:47:21,083 [BlockDeletingService#2] INFO  interfaces.ContainerDeletionChoosingPolicyTemplate (ContainerDeletionChoosingPolicyTemplate.java:chooseContainerForBlockDeletion(83)) - Chosen 0/5000 blocks from 0 candidate containers.
2023-05-18 02:47:21,186 [BlockDeletingService#2] INFO  interfaces.ContainerDeletionChoosingPolicyTemplate (ContainerDeletionChoosingPolicyTemplate.java:chooseContainerForBlockDeletion(83)) - Chosen 0/5000 blocks from 0 candidate containers.
2023-05-18 02:47:21,254 [1d3b30df-d5fa-48f7-8d20-f176392eff1b@group-06B9F37FACC8-FollowerState] INFO  impl.FollowerState (FollowerState.java:run(143)) - 1d3b30df-d5fa-48f7-8d20-f176392eff1b@group-06B9F37FACC8-FollowerState: change to CANDIDATE, lastRpcElapsedTime:5012650969ns, electionTimeout:5007ms
2023-05-18 02:47:21,254 [1d3b30df-d5fa-48f7-8d20-f176392eff1b@group-06B9F37FACC8-FollowerState] INFO  impl.RoleInfo (RoleInfo.java:shutdownFollowerState(110)) - 1d3b30df-d5fa-48f7-8d20-f176392eff1b: shutdown 1d3b30df-d5fa-48f7-8d20-f176392eff1b@group-06B9F37FACC8-FollowerState
2023-05-18 02:47:21,254 [1d3b30df-d5fa-48f7-8d20-f176392eff1b@group-06B9F37FACC8-FollowerState] INFO  server.RaftServer$Division (RaftServerImpl.java:setRole(329)) - 1d3b30df-d5fa-48f7-8d20-f176392eff1b@group-06B9F37FACC8: changes role from  FOLLOWER to CANDIDATE at term 0 for changeToCandidate
2023-05-18 02:47:21,254 [1d3b30df-d5fa-48f7-8d20-f176392eff1b@group-06B9F37FACC8-FollowerState] INFO  server.RaftServerConfigKeys (ConfUtils.java:logGet(46)) - raft.server.leaderelection.pre-vote = true (default)
2023-05-18 02:47:21,254 [1d3b30df-d5fa-48f7-8d20-f176392eff1b@group-06B9F37FACC8-FollowerState] INFO  impl.RoleInfo (RoleInfo.java:updateAndGet(139)) - 1d3b30df-d5fa-48f7-8d20-f176392eff1b: start 1d3b30df-d5fa-48f7-8d20-f176392eff1b@group-06B9F37FACC8-LeaderElection15
2023-05-18 02:47:21,255 [1d3b30df-d5fa-48f7-8d20-f176392eff1b@group-06B9F37FACC8-LeaderElection15] INFO  impl.LeaderElection (LeaderElection.java:askForVotes(321)) - 1d3b30df-d5fa-48f7-8d20-f176392eff1b@group-06B9F37FACC8-LeaderElection15 PRE_VOTE round 0: submit vote requests at term 0 for -1: peers:[4ccd21da-06a8-4ca3-bf16-e3c028fe0c77|rpc:10.1.1.154:15045|admin:10.1.1.154:15044|client:10.1.1.154:15043|dataStream:10.1.1.154:15046|priority:1|startupRole:FOLLOWER, dd0a355a-d343-4342-9afa-2dfa8fc9aea1|rpc:10.1.1.154:15053|admin:10.1.1.154:15052|client:10.1.1.154:15051|dataStream:10.1.1.154:15054|priority:0|startupRole:FOLLOWER, 1d3b30df-d5fa-48f7-8d20-f176392eff1b|rpc:10.1.1.154:15037|admin:10.1.1.154:15036|client:10.1.1.154:15035|dataStream:10.1.1.154:15038|priority:0|startupRole:FOLLOWER]|listeners:[], old=null
2023-05-18 02:47:21,257 [grpc-default-executor-3] INFO  server.RaftServer$Division (RaftServerImpl.java:requestVote(1302)) - dd0a355a-d343-4342-9afa-2dfa8fc9aea1@group-06B9F37FACC8: receive requestVote(PRE_VOTE, 1d3b30df-d5fa-48f7-8d20-f176392eff1b, group-06B9F37FACC8, 0, (t:0, i:0))
2023-05-18 02:47:21,257 [grpc-default-executor-3] INFO  impl.VoteContext (VoteContext.java:log(49)) - dd0a355a-d343-4342-9afa-2dfa8fc9aea1@group-06B9F37FACC8-FOLLOWER: accept PRE_VOTE from 1d3b30df-d5fa-48f7-8d20-f176392eff1b: our priority 0 <= candidate's priority 0
2023-05-18 02:47:21,257 [grpc-default-executor-3] INFO  server.RaftServer$Division (RaftServerImpl.java:requestVote(1335)) - dd0a355a-d343-4342-9afa-2dfa8fc9aea1@group-06B9F37FACC8 replies to PRE_VOTE vote request: 1d3b30df-d5fa-48f7-8d20-f176392eff1b<-dd0a355a-d343-4342-9afa-2dfa8fc9aea1#0:OK-t0. Peer's state: dd0a355a-d343-4342-9afa-2dfa8fc9aea1@group-06B9F37FACC8:t0, leader=null, voted=, raftlog=Memoized:dd0a355a-d343-4342-9afa-2dfa8fc9aea1@group-06B9F37FACC8-SegmentedRaftLog:OPENED:c-1, conf=-1: peers:[4ccd21da-06a8-4ca3-bf16-e3c028fe0c77|rpc:10.1.1.154:15045|admin:10.1.1.154:15044|client:10.1.1.154:15043|dataStream:10.1.1.154:15046|priority:1|startupRole:FOLLOWER, dd0a355a-d343-4342-9afa-2dfa8fc9aea1|rpc:10.1.1.154:15053|admin:10.1.1.154:15052|client:10.1.1.154:15051|dataStream:10.1.1.154:15054|priority:0|startupRole:FOLLOWER, 1d3b30df-d5fa-48f7-8d20-f176392eff1b|rpc:10.1.1.154:15037|admin:10.1.1.154:15036|client:10.1.1.154:15035|dataStream:10.1.1.154:15038|priority:0|startupRole:FOLLOWER]|listeners:[], old=null
2023-05-18 02:47:21,258 [grpc-default-executor-3] INFO  server.RaftServer$Division (RaftServerImpl.java:requestVote(1302)) - 4ccd21da-06a8-4ca3-bf16-e3c028fe0c77@group-06B9F37FACC8: receive requestVote(PRE_VOTE, 1d3b30df-d5fa-48f7-8d20-f176392eff1b, group-06B9F37FACC8, 0, (t:0, i:0))
2023-05-18 02:47:21,258 [grpc-default-executor-3] INFO  impl.VoteContext (VoteContext.java:log(49)) - 4ccd21da-06a8-4ca3-bf16-e3c028fe0c77@group-06B9F37FACC8-FOLLOWER: reject PRE_VOTE from 1d3b30df-d5fa-48f7-8d20-f176392eff1b: our priority 1 > candidate's priority 0
2023-05-18 02:47:21,258 [grpc-default-executor-3] INFO  server.RaftServer$Division (RaftServerImpl.java:requestVote(1335)) - 4ccd21da-06a8-4ca3-bf16-e3c028fe0c77@group-06B9F37FACC8 replies to PRE_VOTE vote request: 1d3b30df-d5fa-48f7-8d20-f176392eff1b<-4ccd21da-06a8-4ca3-bf16-e3c028fe0c77#0:FAIL-t0. Peer's state: 4ccd21da-06a8-4ca3-bf16-e3c028fe0c77@group-06B9F37FACC8:t0, leader=null, voted=, raftlog=Memoized:4ccd21da-06a8-4ca3-bf16-e3c028fe0c77@group-06B9F37FACC8-SegmentedRaftLog:OPENED:c-1, conf=-1: peers:[4ccd21da-06a8-4ca3-bf16-e3c028fe0c77|rpc:10.1.1.154:15045|admin:10.1.1.154:15044|client:10.1.1.154:15043|dataStream:10.1.1.154:15046|priority:1|startupRole:FOLLOWER, dd0a355a-d343-4342-9afa-2dfa8fc9aea1|rpc:10.1.1.154:15053|admin:10.1.1.154:15052|client:10.1.1.154:15051|dataStream:10.1.1.154:15054|priority:0|startupRole:FOLLOWER, 1d3b30df-d5fa-48f7-8d20-f176392eff1b|rpc:10.1.1.154:15037|admin:10.1.1.154:15036|client:10.1.1.154:15035|dataStream:10.1.1.154:15038|priority:0|startupRole:FOLLOWER]|listeners:[], old=null
2023-05-18 02:47:21,262 [1d3b30df-d5fa-48f7-8d20-f176392eff1b@group-06B9F37FACC8-LeaderElection15] INFO  impl.LeaderElection (LeaderElection.java:logAndReturn(90)) - 1d3b30df-d5fa-48f7-8d20-f176392eff1b@group-06B9F37FACC8-LeaderElection15: PRE_VOTE REJECTED received 1 response(s) and 0 exception(s):
2023-05-18 02:47:21,263 [1d3b30df-d5fa-48f7-8d20-f176392eff1b@group-06B9F37FACC8-LeaderElection15] INFO  impl.LeaderElection (LeaderElection.java:logAndReturn(94)) -   Response 0: 1d3b30df-d5fa-48f7-8d20-f176392eff1b<-4ccd21da-06a8-4ca3-bf16-e3c028fe0c77#0:FAIL-t0
2023-05-18 02:47:21,263 [1d3b30df-d5fa-48f7-8d20-f176392eff1b@group-06B9F37FACC8-LeaderElection15] INFO  impl.LeaderElection (LeaderElection.java:askForVotes(323)) - 1d3b30df-d5fa-48f7-8d20-f176392eff1b@group-06B9F37FACC8-LeaderElection15 PRE_VOTE round 0: result REJECTED
2023-05-18 02:47:21,264 [1d3b30df-d5fa-48f7-8d20-f176392eff1b@group-06B9F37FACC8-LeaderElection15] INFO  server.RaftServer$Division (RaftServerImpl.java:setRole(329)) - 1d3b30df-d5fa-48f7-8d20-f176392eff1b@group-06B9F37FACC8: changes role from CANDIDATE to FOLLOWER at term 0 for REJECTED
2023-05-18 02:47:21,264 [1d3b30df-d5fa-48f7-8d20-f176392eff1b@group-06B9F37FACC8-LeaderElection15] INFO  impl.RoleInfo (RoleInfo.java:shutdownLeaderElection(130)) - 1d3b30df-d5fa-48f7-8d20-f176392eff1b: shutdown 1d3b30df-d5fa-48f7-8d20-f176392eff1b@group-06B9F37FACC8-LeaderElection15
2023-05-18 02:47:21,264 [1d3b30df-d5fa-48f7-8d20-f176392eff1b@group-06B9F37FACC8-LeaderElection15] INFO  impl.RoleInfo (RoleInfo.java:updateAndGet(139)) - 1d3b30df-d5fa-48f7-8d20-f176392eff1b: start 1d3b30df-d5fa-48f7-8d20-f176392eff1b@group-06B9F37FACC8-FollowerState
2023-05-18 02:47:21,375 [BlockDeletingService#2] INFO  interfaces.ContainerDeletionChoosingPolicyTemplate (ContainerDeletionChoosingPolicyTemplate.java:chooseContainerForBlockDeletion(83)) - Chosen 0/5000 blocks from 0 candidate containers.
2023-05-18 02:47:21,375 [BlockDeletingService#2] INFO  interfaces.ContainerDeletionChoosingPolicyTemplate (ContainerDeletionChoosingPolicyTemplate.java:chooseContainerForBlockDeletion(83)) - Chosen 0/5000 blocks from 0 candidate containers.
2023-05-18 02:47:21,435 [dd0a355a-d343-4342-9afa-2dfa8fc9aea1@group-06B9F37FACC8-FollowerState] INFO  server.RaftServerConfigKeys (ConfUtils.java:logFallback(53)) - raft.server.rpc.first-election.timeout.min = 5s (fallback to raft.server.rpc.timeout.min)
2023-05-18 02:47:21,435 [dd0a355a-d343-4342-9afa-2dfa8fc9aea1@group-06B9F37FACC8-FollowerState] INFO  server.RaftServerConfigKeys (ConfUtils.java:logFallback(53)) - raft.server.rpc.first-election.timeout.max = 5200ms (fallback to raft.server.rpc.timeout.max)
2023-05-18 02:47:21,962 [BlockDeletingService#2] INFO  interfaces.ContainerDeletionChoosingPolicyTemplate (ContainerDeletionChoosingPolicyTemplate.java:chooseContainerForBlockDeletion(83)) - Chosen 0/5000 blocks from 0 candidate containers.
2023-05-18 02:47:21,962 [BlockDeletingService#2] INFO  interfaces.ContainerDeletionChoosingPolicyTemplate (ContainerDeletionChoosingPolicyTemplate.java:chooseContainerForBlockDeletion(83)) - Chosen 0/5000 blocks from 0 candidate containers.
2023-05-18 02:47:22,022 [4ccd21da-06a8-4ca3-bf16-e3c028fe0c77@group-35711E7F29BC-FollowerState] INFO  impl.FollowerState (FollowerState.java:run(143)) - 4ccd21da-06a8-4ca3-bf16-e3c028fe0c77@group-35711E7F29BC-FollowerState: change to CANDIDATE, lastRpcElapsedTime:10638313422ns, electionTimeout:5063ms
2023-05-18 02:47:22,022 [4ccd21da-06a8-4ca3-bf16-e3c028fe0c77@group-35711E7F29BC-FollowerState] INFO  impl.RoleInfo (RoleInfo.java:shutdownFollowerState(110)) - 4ccd21da-06a8-4ca3-bf16-e3c028fe0c77: shutdown 4ccd21da-06a8-4ca3-bf16-e3c028fe0c77@group-35711E7F29BC-FollowerState
2023-05-18 02:47:22,022 [4ccd21da-06a8-4ca3-bf16-e3c028fe0c77@group-35711E7F29BC-FollowerState] INFO  server.RaftServer$Division (RaftServerImpl.java:setRole(329)) - 4ccd21da-06a8-4ca3-bf16-e3c028fe0c77@group-35711E7F29BC: changes role from  FOLLOWER to CANDIDATE at term 0 for changeToCandidate
2023-05-18 02:47:22,023 [4ccd21da-06a8-4ca3-bf16-e3c028fe0c77@group-35711E7F29BC-FollowerState] INFO  server.RaftServerConfigKeys (ConfUtils.java:logGet(46)) - raft.server.leaderelection.pre-vote = true (default)
2023-05-18 02:47:22,023 [4ccd21da-06a8-4ca3-bf16-e3c028fe0c77@group-35711E7F29BC-FollowerState] INFO  impl.RoleInfo (RoleInfo.java:updateAndGet(139)) - 4ccd21da-06a8-4ca3-bf16-e3c028fe0c77: start 4ccd21da-06a8-4ca3-bf16-e3c028fe0c77@group-35711E7F29BC-LeaderElection16
2023-05-18 02:47:22,031 [4ccd21da-06a8-4ca3-bf16-e3c028fe0c77@group-35711E7F29BC-LeaderElection16] INFO  impl.LeaderElection (LeaderElection.java:askForVotes(321)) - 4ccd21da-06a8-4ca3-bf16-e3c028fe0c77@group-35711E7F29BC-LeaderElection16 PRE_VOTE round 0: submit vote requests at term 0 for -1: peers:[4ccd21da-06a8-4ca3-bf16-e3c028fe0c77|rpc:10.1.1.154:15045|admin:10.1.1.154:15044|client:10.1.1.154:15043|dataStream:10.1.1.154:15046|priority:1|startupRole:FOLLOWER]|listeners:[], old=null
2023-05-18 02:47:22,031 [4ccd21da-06a8-4ca3-bf16-e3c028fe0c77@group-35711E7F29BC-LeaderElection16] INFO  impl.LeaderElection (LeaderElection.java:askForVotes(323)) - 4ccd21da-06a8-4ca3-bf16-e3c028fe0c77@group-35711E7F29BC-LeaderElection16 PRE_VOTE round 0: result PASSED (term=0)
2023-05-18 02:47:22,039 [4ccd21da-06a8-4ca3-bf16-e3c028fe0c77@group-35711E7F29BC-LeaderElection16] INFO  impl.LeaderElection (LeaderElection.java:askForVotes(321)) - 4ccd21da-06a8-4ca3-bf16-e3c028fe0c77@group-35711E7F29BC-LeaderElection16 ELECTION round 0: submit vote requests at term 1 for -1: peers:[4ccd21da-06a8-4ca3-bf16-e3c028fe0c77|rpc:10.1.1.154:15045|admin:10.1.1.154:15044|client:10.1.1.154:15043|dataStream:10.1.1.154:15046|priority:1|startupRole:FOLLOWER]|listeners:[], old=null
2023-05-18 02:47:22,039 [4ccd21da-06a8-4ca3-bf16-e3c028fe0c77@group-35711E7F29BC-LeaderElection16] INFO  impl.LeaderElection (LeaderElection.java:askForVotes(323)) - 4ccd21da-06a8-4ca3-bf16-e3c028fe0c77@group-35711E7F29BC-LeaderElection16 ELECTION round 0: result PASSED (term=1)
2023-05-18 02:47:22,039 [4ccd21da-06a8-4ca3-bf16-e3c028fe0c77@group-35711E7F29BC-LeaderElection16] INFO  impl.RoleInfo (RoleInfo.java:shutdownLeaderElection(130)) - 4ccd21da-06a8-4ca3-bf16-e3c028fe0c77: shutdown 4ccd21da-06a8-4ca3-bf16-e3c028fe0c77@group-35711E7F29BC-LeaderElection16
2023-05-18 02:47:22,039 [4ccd21da-06a8-4ca3-bf16-e3c028fe0c77@group-35711E7F29BC-LeaderElection16] INFO  server.RaftServer$Division (RaftServerImpl.java:setRole(329)) - 4ccd21da-06a8-4ca3-bf16-e3c028fe0c77@group-35711E7F29BC: changes role from CANDIDATE to LEADER at term 1 for changeToLeader
2023-05-18 02:47:22,039 [4ccd21da-06a8-4ca3-bf16-e3c028fe0c77@group-35711E7F29BC-LeaderElection16] INFO  ratis.XceiverServerRatis (XceiverServerRatis.java:handleLeaderChangedNotification(904)) - Leader change notification received for group: group-35711E7F29BC with new leaderId: 4ccd21da-06a8-4ca3-bf16-e3c028fe0c77
2023-05-18 02:47:22,040 [4ccd21da-06a8-4ca3-bf16-e3c028fe0c77@group-35711E7F29BC-LeaderElection16] INFO  server.RaftServer$Division (ServerState.java:setLeader(317)) - 4ccd21da-06a8-4ca3-bf16-e3c028fe0c77@group-35711E7F29BC: change Leader from null to 4ccd21da-06a8-4ca3-bf16-e3c028fe0c77 at term 1 for becomeLeader, leader elected after 10719ms
2023-05-18 02:47:22,040 [4ccd21da-06a8-4ca3-bf16-e3c028fe0c77@group-35711E7F29BC-LeaderElection16] INFO  server.RaftServerConfigKeys (ConfUtils.java:logGet(46)) - raft.server.staging.catchup.gap = 1000 (default)
2023-05-18 02:47:22,040 [4ccd21da-06a8-4ca3-bf16-e3c028fe0c77@group-35711E7F29BC-LeaderElection16] INFO  server.RaftServerConfigKeys (ConfUtils.java:logGet(46)) - raft.server.write.element-limit = 1024 (custom)
2023-05-18 02:47:22,040 [4ccd21da-06a8-4ca3-bf16-e3c028fe0c77@group-35711E7F29BC-LeaderElection16] INFO  server.RaftServerConfigKeys (ConfUtils.java:logGet(46)) - raft.server.write.byte-limit = 1024 M (=1073741824) (custom)
2023-05-18 02:47:22,042 [4ccd21da-06a8-4ca3-bf16-e3c028fe0c77@group-35711E7F29BC-LeaderElection16] INFO  server.RaftServerConfigKeys (ConfUtils.java:logGet(46)) - raft.server.watch.timeout = 180s (custom)
2023-05-18 02:47:22,043 [4ccd21da-06a8-4ca3-bf16-e3c028fe0c77@group-35711E7F29BC-LeaderElection16] INFO  server.RaftServerConfigKeys (ConfUtils.java:logGet(46)) - raft.server.watch.timeout.denomination = 1s (default)
2023-05-18 02:47:22,043 [4ccd21da-06a8-4ca3-bf16-e3c028fe0c77@group-35711E7F29BC-LeaderElection16] INFO  server.RaftServerConfigKeys (ConfUtils.java:logGet(46)) - raft.server.watch.element-limit = 65536 (default)
2023-05-18 02:47:22,043 [4ccd21da-06a8-4ca3-bf16-e3c028fe0c77@group-35711E7F29BC-LeaderElection16] INFO  server.RaftServerConfigKeys (ConfUtils.java:logGet(46)) - raft.server.write.element-limit = 1024 (custom)
2023-05-18 02:47:22,043 [4ccd21da-06a8-4ca3-bf16-e3c028fe0c77@group-35711E7F29BC-LeaderElection16] INFO  server.RaftServerConfigKeys (ConfUtils.java:logGet(46)) - raft.server.write.follower.gap.ratio.max = -1.0 (default)
2023-05-18 02:47:22,043 [4ccd21da-06a8-4ca3-bf16-e3c028fe0c77@group-35711E7F29BC-LeaderElection16] INFO  impl.RoleInfo (RoleInfo.java:updateAndGet(139)) - 4ccd21da-06a8-4ca3-bf16-e3c028fe0c77: start 4ccd21da-06a8-4ca3-bf16-e3c028fe0c77@group-35711E7F29BC-LeaderStateImpl
2023-05-18 02:47:22,043 [4ccd21da-06a8-4ca3-bf16-e3c028fe0c77@group-35711E7F29BC-LeaderElection16] INFO  segmented.SegmentedRaftLogWorker (SegmentedRaftLogWorker.java:startLogSegment(447)) - 4ccd21da-06a8-4ca3-bf16-e3c028fe0c77@group-35711E7F29BC-SegmentedRaftLogWorker: Starting segment from index:0
2023-05-18 02:47:22,046 [4ccd21da-06a8-4ca3-bf16-e3c028fe0c77@group-35711E7F29BC-SegmentedRaftLogWorker] INFO  segmented.SegmentedRaftLogWorker (SegmentedRaftLogWorker.java:execute(651)) - 4ccd21da-06a8-4ca3-bf16-e3c028fe0c77@group-35711E7F29BC-SegmentedRaftLogWorker: created new log segment /home/runner/work/ozone/ozone/hadoop-ozone/integration-test/target/test-dir/MiniOzoneClusterImpl-522acec6-bbe2-4bbe-92e7-576262f261c3/datanode-4/data/ratis/4f1d4388-4a98-48aa-96dd-35711e7f29bc/current/log_inprogress_0
2023-05-18 02:47:22,047 [4ccd21da-06a8-4ca3-bf16-e3c028fe0c77@group-35711E7F29BC-LeaderElection16] INFO  server.RaftServer$Division (ServerState.java:setRaftConf(434)) - 4ccd21da-06a8-4ca3-bf16-e3c028fe0c77@group-35711E7F29BC: set configuration 0: peers:[4ccd21da-06a8-4ca3-bf16-e3c028fe0c77|rpc:10.1.1.154:15045|admin:10.1.1.154:15044|client:10.1.1.154:15043|dataStream:10.1.1.154:15046|priority:1|startupRole:FOLLOWER]|listeners:[], old=null
2023-05-18 02:47:22,075 [4ccd21da-06a8-4ca3-bf16-e3c028fe0c77@group-06B9F37FACC8-FollowerState] INFO  impl.FollowerState (FollowerState.java:run(143)) - 4ccd21da-06a8-4ca3-bf16-e3c028fe0c77@group-06B9F37FACC8-FollowerState: change to CANDIDATE, lastRpcElapsedTime:10739455155ns, electionTimeout:5116ms
2023-05-18 02:47:22,075 [4ccd21da-06a8-4ca3-bf16-e3c028fe0c77@group-06B9F37FACC8-FollowerState] INFO  impl.RoleInfo (RoleInfo.java:shutdownFollowerState(110)) - 4ccd21da-06a8-4ca3-bf16-e3c028fe0c77: shutdown 4ccd21da-06a8-4ca3-bf16-e3c028fe0c77@group-06B9F37FACC8-FollowerState
2023-05-18 02:47:22,075 [4ccd21da-06a8-4ca3-bf16-e3c028fe0c77@group-06B9F37FACC8-FollowerState] INFO  server.RaftServer$Division (RaftServerImpl.java:setRole(329)) - 4ccd21da-06a8-4ca3-bf16-e3c028fe0c77@group-06B9F37FACC8: changes role from  FOLLOWER to CANDIDATE at term 0 for changeToCandidate
2023-05-18 02:47:22,075 [4ccd21da-06a8-4ca3-bf16-e3c028fe0c77@group-06B9F37FACC8-FollowerState] INFO  server.RaftServerConfigKeys (ConfUtils.java:logGet(46)) - raft.server.leaderelection.pre-vote = true (default)
2023-05-18 02:47:22,075 [4ccd21da-06a8-4ca3-bf16-e3c028fe0c77@group-06B9F37FACC8-FollowerState] INFO  impl.RoleInfo (RoleInfo.java:updateAndGet(139)) - 4ccd21da-06a8-4ca3-bf16-e3c028fe0c77: start 4ccd21da-06a8-4ca3-bf16-e3c028fe0c77@group-06B9F37FACC8-LeaderElection17
2023-05-18 02:47:22,077 [4ccd21da-06a8-4ca3-bf16-e3c028fe0c77@group-06B9F37FACC8-LeaderElection17] INFO  impl.LeaderElection (LeaderElection.java:askForVotes(321)) - 4ccd21da-06a8-4ca3-bf16-e3c028fe0c77@group-06B9F37FACC8-LeaderElection17 PRE_VOTE round 0: submit vote requests at term 0 for -1: peers:[4ccd21da-06a8-4ca3-bf16-e3c028fe0c77|rpc:10.1.1.154:15045|admin:10.1.1.154:15044|client:10.1.1.154:15043|dataStream:10.1.1.154:15046|priority:1|startupRole:FOLLOWER, dd0a355a-d343-4342-9afa-2dfa8fc9aea1|rpc:10.1.1.154:15053|admin:10.1.1.154:15052|client:10.1.1.154:15051|dataStream:10.1.1.154:15054|priority:0|startupRole:FOLLOWER, 1d3b30df-d5fa-48f7-8d20-f176392eff1b|rpc:10.1.1.154:15037|admin:10.1.1.154:15036|client:10.1.1.154:15035|dataStream:10.1.1.154:15038|priority:0|startupRole:FOLLOWER]|listeners:[], old=null
2023-05-18 02:47:22,078 [4ccd21da-06a8-4ca3-bf16-e3c028fe0c77@group-06B9F37FACC8-LeaderElection17-1] INFO  server.GrpcServerProtocolClient (GrpcServerProtocolClient.java:<init>(65)) - Build channel for dd0a355a-d343-4342-9afa-2dfa8fc9aea1
2023-05-18 02:47:22,081 [4ccd21da-06a8-4ca3-bf16-e3c028fe0c77@group-06B9F37FACC8-LeaderElection17] INFO  server.RaftServerConfigKeys (ConfUtils.java:logFallback(53)) - raft.server.rpc.first-election.timeout.min = 5s (fallback to raft.server.rpc.timeout.min)
2023-05-18 02:47:22,081 [4ccd21da-06a8-4ca3-bf16-e3c028fe0c77@group-06B9F37FACC8-LeaderElection17] INFO  server.RaftServerConfigKeys (ConfUtils.java:logFallback(53)) - raft.server.rpc.first-election.timeout.max = 5200ms (fallback to raft.server.rpc.timeout.max)
2023-05-18 02:47:22,087 [4ccd21da-06a8-4ca3-bf16-e3c028fe0c77@group-06B9F37FACC8-LeaderElection17-2] INFO  server.GrpcServerProtocolClient (GrpcServerProtocolClient.java:<init>(65)) - Build channel for 1d3b30df-d5fa-48f7-8d20-f176392eff1b
2023-05-18 02:47:22,088 [BlockDeletingService#2] INFO  interfaces.ContainerDeletionChoosingPolicyTemplate (ContainerDeletionChoosingPolicyTemplate.java:chooseContainerForBlockDeletion(83)) - Chosen 0/5000 blocks from 0 candidate containers.
2023-05-18 02:47:22,088 [BlockDeletingService#2] INFO  interfaces.ContainerDeletionChoosingPolicyTemplate (ContainerDeletionChoosingPolicyTemplate.java:chooseContainerForBlockDeletion(83)) - Chosen 0/5000 blocks from 0 candidate containers.
2023-05-18 02:47:22,088 [BlockDeletingService#2] INFO  interfaces.ContainerDeletionChoosingPolicyTemplate (ContainerDeletionChoosingPolicyTemplate.java:chooseContainerForBlockDeletion(83)) - Chosen 0/5000 blocks from 0 candidate containers.
2023-05-18 02:47:22,096 [grpc-default-executor-0] INFO  server.RaftServer$Division (RaftServerImpl.java:requestVote(1302)) - dd0a355a-d343-4342-9afa-2dfa8fc9aea1@group-06B9F37FACC8: receive requestVote(PRE_VOTE, 4ccd21da-06a8-4ca3-bf16-e3c028fe0c77, group-06B9F37FACC8, 0, (t:0, i:0))
2023-05-18 02:47:22,097 [grpc-default-executor-0] INFO  impl.VoteContext (VoteContext.java:log(49)) - dd0a355a-d343-4342-9afa-2dfa8fc9aea1@group-06B9F37FACC8-FOLLOWER: accept PRE_VOTE from 4ccd21da-06a8-4ca3-bf16-e3c028fe0c77: our priority 0 <= candidate's priority 1
2023-05-18 02:47:22,097 [grpc-default-executor-0] INFO  server.RaftServer$Division (RaftServerImpl.java:requestVote(1335)) - dd0a355a-d343-4342-9afa-2dfa8fc9aea1@group-06B9F37FACC8 replies to PRE_VOTE vote request: 4ccd21da-06a8-4ca3-bf16-e3c028fe0c77<-dd0a355a-d343-4342-9afa-2dfa8fc9aea1#0:OK-t0. Peer's state: dd0a355a-d343-4342-9afa-2dfa8fc9aea1@group-06B9F37FACC8:t0, leader=null, voted=, raftlog=Memoized:dd0a355a-d343-4342-9afa-2dfa8fc9aea1@group-06B9F37FACC8-SegmentedRaftLog:OPENED:c-1, conf=-1: peers:[4ccd21da-06a8-4ca3-bf16-e3c028fe0c77|rpc:10.1.1.154:15045|admin:10.1.1.154:15044|client:10.1.1.154:15043|dataStream:10.1.1.154:15046|priority:1|startupRole:FOLLOWER, dd0a355a-d343-4342-9afa-2dfa8fc9aea1|rpc:10.1.1.154:15053|admin:10.1.1.154:15052|client:10.1.1.154:15051|dataStream:10.1.1.154:15054|priority:0|startupRole:FOLLOWER, 1d3b30df-d5fa-48f7-8d20-f176392eff1b|rpc:10.1.1.154:15037|admin:10.1.1.154:15036|client:10.1.1.154:15035|dataStream:10.1.1.154:15038|priority:0|startupRole:FOLLOWER]|listeners:[], old=null
2023-05-18 02:47:22,098 [4ccd21da-06a8-4ca3-bf16-e3c028fe0c77@group-06B9F37FACC8-LeaderElection17] INFO  impl.LeaderElection (LeaderElection.java:logAndReturn(90)) - 4ccd21da-06a8-4ca3-bf16-e3c028fe0c77@group-06B9F37FACC8-LeaderElection17: PRE_VOTE PASSED received 1 response(s) and 0 exception(s):
2023-05-18 02:47:22,098 [4ccd21da-06a8-4ca3-bf16-e3c028fe0c77@group-06B9F37FACC8-LeaderElection17] INFO  impl.LeaderElection (LeaderElection.java:logAndReturn(94)) -   Response 0: 4ccd21da-06a8-4ca3-bf16-e3c028fe0c77<-dd0a355a-d343-4342-9afa-2dfa8fc9aea1#0:OK-t0
2023-05-18 02:47:22,098 [4ccd21da-06a8-4ca3-bf16-e3c028fe0c77@group-06B9F37FACC8-LeaderElection17] INFO  impl.LeaderElection (LeaderElection.java:askForVotes(323)) - 4ccd21da-06a8-4ca3-bf16-e3c028fe0c77@group-06B9F37FACC8-LeaderElection17 PRE_VOTE round 0: result PASSED
2023-05-18 02:47:22,101 [4ccd21da-06a8-4ca3-bf16-e3c028fe0c77@group-06B9F37FACC8-LeaderElection17] INFO  impl.LeaderElection (LeaderElection.java:askForVotes(321)) - 4ccd21da-06a8-4ca3-bf16-e3c028fe0c77@group-06B9F37FACC8-LeaderElection17 ELECTION round 0: submit vote requests at term 1 for -1: peers:[4ccd21da-06a8-4ca3-bf16-e3c028fe0c77|rpc:10.1.1.154:15045|admin:10.1.1.154:15044|client:10.1.1.154:15043|dataStream:10.1.1.154:15046|priority:1|startupRole:FOLLOWER, dd0a355a-d343-4342-9afa-2dfa8fc9aea1|rpc:10.1.1.154:15053|admin:10.1.1.154:15052|client:10.1.1.154:15051|dataStream:10.1.1.154:15054|priority:0|startupRole:FOLLOWER, 1d3b30df-d5fa-48f7-8d20-f176392eff1b|rpc:10.1.1.154:15037|admin:10.1.1.154:15036|client:10.1.1.154:15035|dataStream:10.1.1.154:15038|priority:0|startupRole:FOLLOWER]|listeners:[], old=null
2023-05-18 02:47:22,101 [4ccd21da-06a8-4ca3-bf16-e3c028fe0c77@group-06B9F37FACC8-LeaderElection17] INFO  server.RaftServerConfigKeys (ConfUtils.java:logFallback(53)) - raft.server.rpc.first-election.timeout.min = 5s (fallback to raft.server.rpc.timeout.min)
2023-05-18 02:47:22,101 [4ccd21da-06a8-4ca3-bf16-e3c028fe0c77@group-06B9F37FACC8-LeaderElection17] INFO  server.RaftServerConfigKeys (ConfUtils.java:logFallback(53)) - raft.server.rpc.first-election.timeout.max = 5200ms (fallback to raft.server.rpc.timeout.max)
2023-05-18 02:47:22,112 [grpc-default-executor-0] INFO  server.RaftServer$Division (RaftServerImpl.java:requestVote(1302)) - 1d3b30df-d5fa-48f7-8d20-f176392eff1b@group-06B9F37FACC8: receive requestVote(PRE_VOTE, 4ccd21da-06a8-4ca3-bf16-e3c028fe0c77, group-06B9F37FACC8, 0, (t:0, i:0))
2023-05-18 02:47:22,112 [grpc-default-executor-0] INFO  impl.VoteContext (VoteContext.java:log(49)) - 1d3b30df-d5fa-48f7-8d20-f176392eff1b@group-06B9F37FACC8-FOLLOWER: accept PRE_VOTE from 4ccd21da-06a8-4ca3-bf16-e3c028fe0c77: our priority 0 <= candidate's priority 1
2023-05-18 02:47:22,112 [grpc-default-executor-0] INFO  server.RaftServer$Division (RaftServerImpl.java:requestVote(1335)) - 1d3b30df-d5fa-48f7-8d20-f176392eff1b@group-06B9F37FACC8 replies to PRE_VOTE vote request: 4ccd21da-06a8-4ca3-bf16-e3c028fe0c77<-1d3b30df-d5fa-48f7-8d20-f176392eff1b#0:OK-t0. Peer's state: 1d3b30df-d5fa-48f7-8d20-f176392eff1b@group-06B9F37FACC8:t0, leader=null, voted=, raftlog=Memoized:1d3b30df-d5fa-48f7-8d20-f176392eff1b@group-06B9F37FACC8-SegmentedRaftLog:OPENED:c-1, conf=-1: peers:[4ccd21da-06a8-4ca3-bf16-e3c028fe0c77|rpc:10.1.1.154:15045|admin:10.1.1.154:15044|client:10.1.1.154:15043|dataStream:10.1.1.154:15046|priority:1|startupRole:FOLLOWER, dd0a355a-d343-4342-9afa-2dfa8fc9aea1|rpc:10.1.1.154:15053|admin:10.1.1.154:15052|client:10.1.1.154:15051|dataStream:10.1.1.154:15054|priority:0|startupRole:FOLLOWER, 1d3b30df-d5fa-48f7-8d20-f176392eff1b|rpc:10.1.1.154:15037|admin:10.1.1.154:15036|client:10.1.1.154:15035|dataStream:10.1.1.154:15038|priority:0|startupRole:FOLLOWER]|listeners:[], old=null
2023-05-18 02:47:22,115 [grpc-default-executor-0] INFO  server.RaftServer$Division (RaftServerImpl.java:requestVote(1302)) - dd0a355a-d343-4342-9afa-2dfa8fc9aea1@group-06B9F37FACC8: receive requestVote(ELECTION, 4ccd21da-06a8-4ca3-bf16-e3c028fe0c77, group-06B9F37FACC8, 1, (t:0, i:0))
2023-05-18 02:47:22,115 [grpc-default-executor-0] INFO  impl.VoteContext (VoteContext.java:log(49)) - dd0a355a-d343-4342-9afa-2dfa8fc9aea1@group-06B9F37FACC8-FOLLOWER: accept ELECTION from 4ccd21da-06a8-4ca3-bf16-e3c028fe0c77: our priority 0 <= candidate's priority 1
2023-05-18 02:47:22,115 [grpc-default-executor-0] INFO  server.RaftServer$Division (RaftServerImpl.java:setRole(329)) - dd0a355a-d343-4342-9afa-2dfa8fc9aea1@group-06B9F37FACC8: changes role from  FOLLOWER to FOLLOWER at term 1 for candidate:4ccd21da-06a8-4ca3-bf16-e3c028fe0c77
2023-05-18 02:47:22,115 [grpc-default-executor-0] INFO  impl.RoleInfo (RoleInfo.java:shutdownFollowerState(110)) - dd0a355a-d343-4342-9afa-2dfa8fc9aea1: shutdown dd0a355a-d343-4342-9afa-2dfa8fc9aea1@group-06B9F37FACC8-FollowerState
2023-05-18 02:47:22,116 [grpc-default-executor-0] INFO  impl.RoleInfo (RoleInfo.java:updateAndGet(139)) - dd0a355a-d343-4342-9afa-2dfa8fc9aea1: start dd0a355a-d343-4342-9afa-2dfa8fc9aea1@group-06B9F37FACC8-FollowerState
2023-05-18 02:47:22,116 [dd0a355a-d343-4342-9afa-2dfa8fc9aea1@group-06B9F37FACC8-FollowerState] INFO  impl.FollowerState (FollowerState.java:run(152)) - dd0a355a-d343-4342-9afa-2dfa8fc9aea1@group-06B9F37FACC8-FollowerState was interrupted
2023-05-18 02:47:22,119 [grpc-default-executor-3] INFO  server.RaftServer$Division (RaftServerImpl.java:requestVote(1302)) - 1d3b30df-d5fa-48f7-8d20-f176392eff1b@group-06B9F37FACC8: receive requestVote(ELECTION, 4ccd21da-06a8-4ca3-bf16-e3c028fe0c77, group-06B9F37FACC8, 1, (t:0, i:0))
2023-05-18 02:47:22,119 [grpc-default-executor-3] INFO  impl.VoteContext (VoteContext.java:log(49)) - 1d3b30df-d5fa-48f7-8d20-f176392eff1b@group-06B9F37FACC8-FOLLOWER: accept ELECTION from 4ccd21da-06a8-4ca3-bf16-e3c028fe0c77: our priority 0 <= candidate's priority 1
2023-05-18 02:47:22,119 [grpc-default-executor-3] INFO  server.RaftServer$Division (RaftServerImpl.java:setRole(329)) - 1d3b30df-d5fa-48f7-8d20-f176392eff1b@group-06B9F37FACC8: changes role from  FOLLOWER to FOLLOWER at term 1 for candidate:4ccd21da-06a8-4ca3-bf16-e3c028fe0c77
2023-05-18 02:47:22,119 [grpc-default-executor-3] INFO  impl.RoleInfo (RoleInfo.java:shutdownFollowerState(110)) - 1d3b30df-d5fa-48f7-8d20-f176392eff1b: shutdown 1d3b30df-d5fa-48f7-8d20-f176392eff1b@group-06B9F37FACC8-FollowerState
2023-05-18 02:47:22,119 [grpc-default-executor-3] INFO  impl.RoleInfo (RoleInfo.java:updateAndGet(139)) - 1d3b30df-d5fa-48f7-8d20-f176392eff1b: start 1d3b30df-d5fa-48f7-8d20-f176392eff1b@group-06B9F37FACC8-FollowerState
2023-05-18 02:47:22,120 [1d3b30df-d5fa-48f7-8d20-f176392eff1b@group-06B9F37FACC8-FollowerState] INFO  impl.FollowerState (FollowerState.java:run(152)) - 1d3b30df-d5fa-48f7-8d20-f176392eff1b@group-06B9F37FACC8-FollowerState was interrupted
2023-05-18 02:47:22,122 [grpc-default-executor-0] INFO  server.RaftServer$Division (RaftServerImpl.java:requestVote(1335)) - dd0a355a-d343-4342-9afa-2dfa8fc9aea1@group-06B9F37FACC8 replies to ELECTION vote request: 4ccd21da-06a8-4ca3-bf16-e3c028fe0c77<-dd0a355a-d343-4342-9afa-2dfa8fc9aea1#0:OK-t1. Peer's state: dd0a355a-d343-4342-9afa-2dfa8fc9aea1@group-06B9F37FACC8:t1, leader=null, voted=4ccd21da-06a8-4ca3-bf16-e3c028fe0c77, raftlog=Memoized:dd0a355a-d343-4342-9afa-2dfa8fc9aea1@group-06B9F37FACC8-SegmentedRaftLog:OPENED:c-1, conf=-1: peers:[4ccd21da-06a8-4ca3-bf16-e3c028fe0c77|rpc:10.1.1.154:15045|admin:10.1.1.154:15044|client:10.1.1.154:15043|dataStream:10.1.1.154:15046|priority:1|startupRole:FOLLOWER, dd0a355a-d343-4342-9afa-2dfa8fc9aea1|rpc:10.1.1.154:15053|admin:10.1.1.154:15052|client:10.1.1.154:15051|dataStream:10.1.1.154:15054|priority:0|startupRole:FOLLOWER, 1d3b30df-d5fa-48f7-8d20-f176392eff1b|rpc:10.1.1.154:15037|admin:10.1.1.154:15036|client:10.1.1.154:15035|dataStream:10.1.1.154:15038|priority:0|startupRole:FOLLOWER]|listeners:[], old=null
2023-05-18 02:47:22,122 [4ccd21da-06a8-4ca3-bf16-e3c028fe0c77@group-06B9F37FACC8-LeaderElection17] INFO  impl.LeaderElection (LeaderElection.java:logAndReturn(90)) - 4ccd21da-06a8-4ca3-bf16-e3c028fe0c77@group-06B9F37FACC8-LeaderElection17: ELECTION PASSED received 1 response(s) and 0 exception(s):
2023-05-18 02:47:22,123 [4ccd21da-06a8-4ca3-bf16-e3c028fe0c77@group-06B9F37FACC8-LeaderElection17] INFO  impl.LeaderElection (LeaderElection.java:logAndReturn(94)) -   Response 0: 4ccd21da-06a8-4ca3-bf16-e3c028fe0c77<-dd0a355a-d343-4342-9afa-2dfa8fc9aea1#0:OK-t1
2023-05-18 02:47:22,123 [4ccd21da-06a8-4ca3-bf16-e3c028fe0c77@group-06B9F37FACC8-LeaderElection17] INFO  impl.LeaderElection (LeaderElection.java:askForVotes(323)) - 4ccd21da-06a8-4ca3-bf16-e3c028fe0c77@group-06B9F37FACC8-LeaderElection17 ELECTION round 0: result PASSED
2023-05-18 02:47:22,123 [4ccd21da-06a8-4ca3-bf16-e3c028fe0c77@group-06B9F37FACC8-LeaderElection17] INFO  impl.RoleInfo (RoleInfo.java:shutdownLeaderElection(130)) - 4ccd21da-06a8-4ca3-bf16-e3c028fe0c77: shutdown 4ccd21da-06a8-4ca3-bf16-e3c028fe0c77@group-06B9F37FACC8-LeaderElection17
2023-05-18 02:47:22,123 [4ccd21da-06a8-4ca3-bf16-e3c028fe0c77@group-06B9F37FACC8-LeaderElection17] INFO  server.RaftServer$Division (RaftServerImpl.java:setRole(329)) - 4ccd21da-06a8-4ca3-bf16-e3c028fe0c77@group-06B9F37FACC8: changes role from CANDIDATE to LEADER at term 1 for changeToLeader
2023-05-18 02:47:22,123 [4ccd21da-06a8-4ca3-bf16-e3c028fe0c77@group-06B9F37FACC8-LeaderElection17] INFO  ratis.XceiverServerRatis (XceiverServerRatis.java:handleLeaderChangedNotification(904)) - Leader change notification received for group: group-06B9F37FACC8 with new leaderId: 4ccd21da-06a8-4ca3-bf16-e3c028fe0c77
2023-05-18 02:47:22,123 [4ccd21da-06a8-4ca3-bf16-e3c028fe0c77@group-06B9F37FACC8-LeaderElection17] INFO  server.RaftServer$Division (ServerState.java:setLeader(317)) - 4ccd21da-06a8-4ca3-bf16-e3c028fe0c77@group-06B9F37FACC8: change Leader from null to 4ccd21da-06a8-4ca3-bf16-e3c028fe0c77 at term 1 for becomeLeader, leader elected after 10819ms
2023-05-18 02:47:22,123 [4ccd21da-06a8-4ca3-bf16-e3c028fe0c77@group-06B9F37FACC8-LeaderElection17] INFO  server.RaftServerConfigKeys (ConfUtils.java:logGet(46)) - raft.server.staging.catchup.gap = 1000 (default)
2023-05-18 02:47:22,123 [grpc-default-executor-3] INFO  server.RaftServer$Division (RaftServerImpl.java:requestVote(1335)) - 1d3b30df-d5fa-48f7-8d20-f176392eff1b@group-06B9F37FACC8 replies to ELECTION vote request: 4ccd21da-06a8-4ca3-bf16-e3c028fe0c77<-1d3b30df-d5fa-48f7-8d20-f176392eff1b#0:OK-t1. Peer's state: 1d3b30df-d5fa-48f7-8d20-f176392eff1b@group-06B9F37FACC8:t1, leader=null, voted=4ccd21da-06a8-4ca3-bf16-e3c028fe0c77, raftlog=Memoized:1d3b30df-d5fa-48f7-8d20-f176392eff1b@group-06B9F37FACC8-SegmentedRaftLog:OPENED:c-1, conf=-1: peers:[4ccd21da-06a8-4ca3-bf16-e3c028fe0c77|rpc:10.1.1.154:15045|admin:10.1.1.154:15044|client:10.1.1.154:15043|dataStream:10.1.1.154:15046|priority:1|startupRole:FOLLOWER, dd0a355a-d343-4342-9afa-2dfa8fc9aea1|rpc:10.1.1.154:15053|admin:10.1.1.154:15052|client:10.1.1.154:15051|dataStream:10.1.1.154:15054|priority:0|startupRole:FOLLOWER, 1d3b30df-d5fa-48f7-8d20-f176392eff1b|rpc:10.1.1.154:15037|admin:10.1.1.154:15036|client:10.1.1.154:15035|dataStream:10.1.1.154:15038|priority:0|startupRole:FOLLOWER]|listeners:[], old=null
2023-05-18 02:47:22,123 [4ccd21da-06a8-4ca3-bf16-e3c028fe0c77@group-06B9F37FACC8-LeaderElection17] INFO  server.RaftServerConfigKeys (ConfUtils.java:logGet(46)) - raft.server.write.element-limit = 1024 (custom)
2023-05-18 02:47:22,123 [4ccd21da-06a8-4ca3-bf16-e3c028fe0c77@group-06B9F37FACC8-LeaderElection17] INFO  server.RaftServerConfigKeys (ConfUtils.java:logGet(46)) - raft.server.write.byte-limit = 1024 M (=1073741824) (custom)
2023-05-18 02:47:22,129 [4ccd21da-06a8-4ca3-bf16-e3c028fe0c77@group-06B9F37FACC8-LeaderElection17] INFO  server.RaftServerConfigKeys (ConfUtils.java:logGet(46)) - raft.server.watch.timeout = 180s (custom)
2023-05-18 02:47:22,129 [4ccd21da-06a8-4ca3-bf16-e3c028fe0c77@group-06B9F37FACC8-LeaderElection17] INFO  server.RaftServerConfigKeys (ConfUtils.java:logGet(46)) - raft.server.watch.timeout.denomination = 1s (default)
2023-05-18 02:47:22,129 [4ccd21da-06a8-4ca3-bf16-e3c028fe0c77@group-06B9F37FACC8-LeaderElection17] INFO  server.RaftServerConfigKeys (ConfUtils.java:logGet(46)) - raft.server.watch.element-limit = 65536 (default)
2023-05-18 02:47:22,129 [4ccd21da-06a8-4ca3-bf16-e3c028fe0c77@group-06B9F37FACC8-LeaderElection17] INFO  server.RaftServerConfigKeys (ConfUtils.java:logGet(46)) - raft.server.write.element-limit = 1024 (custom)
2023-05-18 02:47:22,129 [4ccd21da-06a8-4ca3-bf16-e3c028fe0c77@group-06B9F37FACC8-LeaderElection17] INFO  server.RaftServerConfigKeys (ConfUtils.java:logGet(46)) - raft.server.write.follower.gap.ratio.max = -1.0 (default)
2023-05-18 02:47:22,130 [4ccd21da-06a8-4ca3-bf16-e3c028fe0c77@group-06B9F37FACC8-LeaderElection17] INFO  server.RaftServerConfigKeys (ConfUtils.java:logGet(46)) - raft.server.log.appender.snapshot.chunk.size.max = 16MB (=16777216) (default)
2023-05-18 02:47:22,130 [4ccd21da-06a8-4ca3-bf16-e3c028fe0c77@group-06B9F37FACC8-LeaderElection17] INFO  server.RaftServerConfigKeys (ConfUtils.java:logGet(46)) - raft.server.log.appender.buffer.byte-limit = 33554432 (custom)
2023-05-18 02:47:22,130 [4ccd21da-06a8-4ca3-bf16-e3c028fe0c77@group-06B9F37FACC8-LeaderElection17] INFO  server.RaftServerConfigKeys (ConfUtils.java:logGet(46)) - raft.server.log.appender.buffer.element-limit = 1 (custom)
2023-05-18 02:47:22,130 [4ccd21da-06a8-4ca3-bf16-e3c028fe0c77@group-06B9F37FACC8-LeaderElection17] INFO  server.RaftServerConfigKeys (ConfUtils.java:logGet(46)) - raft.server.log.appender.wait-time.min = 10ms (default)
2023-05-18 02:47:22,130 [4ccd21da-06a8-4ca3-bf16-e3c028fe0c77@group-06B9F37FACC8-LeaderElection17] INFO  grpc.GrpcConfigKeys (ConfUtils.java:logGet(46)) - raft.grpc.server.leader.outstanding.appends.max = 128 (default)
2023-05-18 02:47:22,130 [4ccd21da-06a8-4ca3-bf16-e3c028fe0c77@group-06B9F37FACC8-LeaderElection17] INFO  server.RaftServerConfigKeys (ConfUtils.java:logGet(46)) - raft.server.rpc.request.timeout = 60s (custom)
2023-05-18 02:47:22,130 [4ccd21da-06a8-4ca3-bf16-e3c028fe0c77@group-06B9F37FACC8-LeaderElection17] INFO  grpc.GrpcConfigKeys (ConfUtils.java:logGet(46)) - raft.grpc.server.install_snapshot.request.element-limit = 8 (default)
2023-05-18 02:47:22,130 [4ccd21da-06a8-4ca3-bf16-e3c028fe0c77@group-06B9F37FACC8-LeaderElection17] INFO  grpc.GrpcConfigKeys (ConfUtils.java:logGet(46)) - raft.grpc.server.install_snapshot.request.timeout = 3000ms (default)
2023-05-18 02:47:22,130 [4ccd21da-06a8-4ca3-bf16-e3c028fe0c77@group-06B9F37FACC8-LeaderElection17] INFO  server.RaftServerConfigKeys (ConfUtils.java:logGet(46)) - raft.server.log.appender.install.snapshot.enabled = false (custom)
2023-05-18 02:47:22,131 [4ccd21da-06a8-4ca3-bf16-e3c028fe0c77@group-06B9F37FACC8-LeaderElection17] INFO  grpc.GrpcConfigKeys (ConfUtils.java:logGet(46)) - raft.grpc.server.heartbeat.channel = true (default)
2023-05-18 02:47:22,131 [4ccd21da-06a8-4ca3-bf16-e3c028fe0c77@group-06B9F37FACC8-LeaderElection17] INFO  server.RaftServerConfigKeys (ConfUtils.java:logGet(46)) - raft.server.log.appender.snapshot.chunk.size.max = 16MB (=16777216) (default)
2023-05-18 02:47:22,131 [4ccd21da-06a8-4ca3-bf16-e3c028fe0c77@group-06B9F37FACC8-LeaderElection17] INFO  server.RaftServerConfigKeys (ConfUtils.java:logGet(46)) - raft.server.log.appender.buffer.byte-limit = 33554432 (custom)
2023-05-18 02:47:22,132 [4ccd21da-06a8-4ca3-bf16-e3c028fe0c77@group-06B9F37FACC8-LeaderElection17] INFO  server.RaftServerConfigKeys (ConfUtils.java:logGet(46)) - raft.server.log.appender.buffer.element-limit = 1 (custom)
2023-05-18 02:47:22,132 [4ccd21da-06a8-4ca3-bf16-e3c028fe0c77@group-06B9F37FACC8-LeaderElection17] INFO  server.RaftServerConfigKeys (ConfUtils.java:logGet(46)) - raft.server.log.appender.wait-time.min = 10ms (default)
2023-05-18 02:47:22,132 [4ccd21da-06a8-4ca3-bf16-e3c028fe0c77@group-06B9F37FACC8-LeaderElection17] INFO  grpc.GrpcConfigKeys (ConfUtils.java:logGet(46)) - raft.grpc.server.leader.outstanding.appends.max = 128 (default)
2023-05-18 02:47:22,132 [4ccd21da-06a8-4ca3-bf16-e3c028fe0c77@group-06B9F37FACC8-LeaderElection17] INFO  server.RaftServerConfigKeys (ConfUtils.java:logGet(46)) - raft.server.rpc.request.timeout = 60s (custom)
2023-05-18 02:47:22,132 [4ccd21da-06a8-4ca3-bf16-e3c028fe0c77@group-06B9F37FACC8-LeaderElection17] INFO  grpc.GrpcConfigKeys (ConfUtils.java:logGet(46)) - raft.grpc.server.install_snapshot.request.element-limit = 8 (default)
2023-05-18 02:47:22,132 [EventQueue-PipelineReportForPipelineReportHandler] INFO  pipeline.PipelineManagerImpl (PipelineManagerImpl.java:openPipeline(367)) - Pipeline Pipeline[ Id: 59206d31-9346-4852-9dde-06b9f37facc8, Nodes: dd0a355a-d343-4342-9afa-2dfa8fc9aea1(fv-az180-414.aibneqh1mxpuhl3tnnuy2ifbce.bx.internal.cloudapp.net/10.1.1.154)4ccd21da-06a8-4ca3-bf16-e3c028fe0c77(fv-az180-414.aibneqh1mxpuhl3tnnuy2ifbce.bx.internal.cloudapp.net/10.1.1.154)1d3b30df-d5fa-48f7-8d20-f176392eff1b(fv-az180-414.aibneqh1mxpuhl3tnnuy2ifbce.bx.internal.cloudapp.net/10.1.1.154), ReplicationConfig: RATIS/THREE, State:ALLOCATED, leaderId:4ccd21da-06a8-4ca3-bf16-e3c028fe0c77, CreationTimestamp2023-05-18T02:47:08.615Z[Etc/UTC]] moved to OPEN state
2023-05-18 02:47:22,134 [4ccd21da-06a8-4ca3-bf16-e3c028fe0c77@group-06B9F37FACC8-LeaderElection17] INFO  grpc.GrpcConfigKeys (ConfUtils.java:logGet(46)) - raft.grpc.server.install_snapshot.request.timeout = 3000ms (default)
2023-05-18 02:47:22,134 [4ccd21da-06a8-4ca3-bf16-e3c028fe0c77@group-06B9F37FACC8-LeaderElection17] INFO  server.RaftServerConfigKeys (ConfUtils.java:logGet(46)) - raft.server.log.appender.install.snapshot.enabled = false (custom)
2023-05-18 02:47:22,134 [4ccd21da-06a8-4ca3-bf16-e3c028fe0c77@group-06B9F37FACC8-LeaderElection17] INFO  grpc.GrpcConfigKeys (ConfUtils.java:logGet(46)) - raft.grpc.server.heartbeat.channel = true (default)
2023-05-18 02:47:22,134 [4ccd21da-06a8-4ca3-bf16-e3c028fe0c77@group-06B9F37FACC8-LeaderElection17] INFO  impl.RoleInfo (RoleInfo.java:updateAndGet(139)) - 4ccd21da-06a8-4ca3-bf16-e3c028fe0c77: start 4ccd21da-06a8-4ca3-bf16-e3c028fe0c77@group-06B9F37FACC8-LeaderStateImpl
2023-05-18 02:47:22,134 [4ccd21da-06a8-4ca3-bf16-e3c028fe0c77@group-06B9F37FACC8-LeaderElection17] INFO  segmented.SegmentedRaftLogWorker (SegmentedRaftLogWorker.java:startLogSegment(447)) - 4ccd21da-06a8-4ca3-bf16-e3c028fe0c77@group-06B9F37FACC8-SegmentedRaftLogWorker: Starting segment from index:0
2023-05-18 02:47:22,136 [4ccd21da-06a8-4ca3-bf16-e3c028fe0c77@group-06B9F37FACC8-SegmentedRaftLogWorker] INFO  segmented.SegmentedRaftLogWorker (SegmentedRaftLogWorker.java:execute(651)) - 4ccd21da-06a8-4ca3-bf16-e3c028fe0c77@group-06B9F37FACC8-SegmentedRaftLogWorker: created new log segment /home/runner/work/ozone/ozone/hadoop-ozone/integration-test/target/test-dir/MiniOzoneClusterImpl-522acec6-bbe2-4bbe-92e7-576262f261c3/datanode-4/data/ratis/59206d31-9346-4852-9dde-06b9f37facc8/current/log_inprogress_0
2023-05-18 02:47:22,148 [4ccd21da-06a8-4ca3-bf16-e3c028fe0c77@group-06B9F37FACC8-LeaderElection17] INFO  server.RaftServer$Division (ServerState.java:setRaftConf(434)) - 4ccd21da-06a8-4ca3-bf16-e3c028fe0c77@group-06B9F37FACC8: set configuration 0: peers:[4ccd21da-06a8-4ca3-bf16-e3c028fe0c77|rpc:10.1.1.154:15045|admin:10.1.1.154:15044|client:10.1.1.154:15043|dataStream:10.1.1.154:15046|priority:1|startupRole:FOLLOWER, dd0a355a-d343-4342-9afa-2dfa8fc9aea1|rpc:10.1.1.154:15053|admin:10.1.1.154:15052|client:10.1.1.154:15051|dataStream:10.1.1.154:15054|priority:0|startupRole:FOLLOWER, 1d3b30df-d5fa-48f7-8d20-f176392eff1b|rpc:10.1.1.154:15037|admin:10.1.1.154:15036|client:10.1.1.154:15035|dataStream:10.1.1.154:15038|priority:0|startupRole:FOLLOWER]|listeners:[], old=null
2023-05-18 02:47:22,150 [1d3b30df-d5fa-48f7-8d20-f176392eff1b-server-thread1] INFO  ratis.XceiverServerRatis (XceiverServerRatis.java:handleLeaderChangedNotification(904)) - Leader change notification received for group: group-06B9F37FACC8 with new leaderId: 4ccd21da-06a8-4ca3-bf16-e3c028fe0c77
2023-05-18 02:47:22,150 [1d3b30df-d5fa-48f7-8d20-f176392eff1b-server-thread1] INFO  server.RaftServer$Division (ServerState.java:setLeader(317)) - 1d3b30df-d5fa-48f7-8d20-f176392eff1b@group-06B9F37FACC8: change Leader from null to 4ccd21da-06a8-4ca3-bf16-e3c028fe0c77 at term 1 for appendEntries, leader elected after 10990ms
2023-05-18 02:47:22,151 [dd0a355a-d343-4342-9afa-2dfa8fc9aea1-server-thread2] INFO  ratis.XceiverServerRatis (XceiverServerRatis.java:handleLeaderChangedNotification(904)) - Leader change notification received for group: group-06B9F37FACC8 with new leaderId: 4ccd21da-06a8-4ca3-bf16-e3c028fe0c77
2023-05-18 02:47:22,151 [dd0a355a-d343-4342-9afa-2dfa8fc9aea1-server-thread2] INFO  server.RaftServer$Division (ServerState.java:setLeader(317)) - dd0a355a-d343-4342-9afa-2dfa8fc9aea1@group-06B9F37FACC8: change Leader from null to 4ccd21da-06a8-4ca3-bf16-e3c028fe0c77 at term 1 for appendEntries, leader elected after 10926ms
2023-05-18 02:47:22,156 [dd0a355a-d343-4342-9afa-2dfa8fc9aea1-server-thread2] INFO  server.RaftServer$Division (ServerState.java:setRaftConf(434)) - dd0a355a-d343-4342-9afa-2dfa8fc9aea1@group-06B9F37FACC8: set configuration 0: peers:[4ccd21da-06a8-4ca3-bf16-e3c028fe0c77|rpc:10.1.1.154:15045|admin:10.1.1.154:15044|client:10.1.1.154:15043|dataStream:10.1.1.154:15046|priority:1|startupRole:FOLLOWER, dd0a355a-d343-4342-9afa-2dfa8fc9aea1|rpc:10.1.1.154:15053|admin:10.1.1.154:15052|client:10.1.1.154:15051|dataStream:10.1.1.154:15054|priority:0|startupRole:FOLLOWER, 1d3b30df-d5fa-48f7-8d20-f176392eff1b|rpc:10.1.1.154:15037|admin:10.1.1.154:15036|client:10.1.1.154:15035|dataStream:10.1.1.154:15038|priority:0|startupRole:FOLLOWER]|listeners:[], old=null
2023-05-18 02:47:22,156 [1d3b30df-d5fa-48f7-8d20-f176392eff1b-server-thread3] INFO  server.RaftServer$Division (ServerState.java:setRaftConf(434)) - 1d3b30df-d5fa-48f7-8d20-f176392eff1b@group-06B9F37FACC8: set configuration 0: peers:[4ccd21da-06a8-4ca3-bf16-e3c028fe0c77|rpc:10.1.1.154:15045|admin:10.1.1.154:15044|client:10.1.1.154:15043|dataStream:10.1.1.154:15046|priority:1|startupRole:FOLLOWER, dd0a355a-d343-4342-9afa-2dfa8fc9aea1|rpc:10.1.1.154:15053|admin:10.1.1.154:15052|client:10.1.1.154:15051|dataStream:10.1.1.154:15054|priority:0|startupRole:FOLLOWER, 1d3b30df-d5fa-48f7-8d20-f176392eff1b|rpc:10.1.1.154:15037|admin:10.1.1.154:15036|client:10.1.1.154:15035|dataStream:10.1.1.154:15038|priority:0|startupRole:FOLLOWER]|listeners:[], old=null
2023-05-18 02:47:22,156 [dd0a355a-d343-4342-9afa-2dfa8fc9aea1-server-thread2] INFO  segmented.SegmentedRaftLogWorker (SegmentedRaftLogWorker.java:startLogSegment(447)) - dd0a355a-d343-4342-9afa-2dfa8fc9aea1@group-06B9F37FACC8-SegmentedRaftLogWorker: Starting segment from index:0
2023-05-18 02:47:22,156 [1d3b30df-d5fa-48f7-8d20-f176392eff1b-server-thread3] INFO  segmented.SegmentedRaftLogWorker (SegmentedRaftLogWorker.java:startLogSegment(447)) - 1d3b30df-d5fa-48f7-8d20-f176392eff1b@group-06B9F37FACC8-SegmentedRaftLogWorker: Starting segment from index:0
2023-05-18 02:47:22,158 [dd0a355a-d343-4342-9afa-2dfa8fc9aea1@group-06B9F37FACC8-SegmentedRaftLogWorker] INFO  segmented.SegmentedRaftLogWorker (SegmentedRaftLogWorker.java:execute(651)) - dd0a355a-d343-4342-9afa-2dfa8fc9aea1@group-06B9F37FACC8-SegmentedRaftLogWorker: created new log segment /home/runner/work/ozone/ozone/hadoop-ozone/integration-test/target/test-dir/MiniOzoneClusterImpl-522acec6-bbe2-4bbe-92e7-576262f261c3/datanode-5/data/ratis/59206d31-9346-4852-9dde-06b9f37facc8/current/log_inprogress_0
2023-05-18 02:47:22,158 [1d3b30df-d5fa-48f7-8d20-f176392eff1b@group-06B9F37FACC8-SegmentedRaftLogWorker] INFO  segmented.SegmentedRaftLogWorker (SegmentedRaftLogWorker.java:execute(651)) - 1d3b30df-d5fa-48f7-8d20-f176392eff1b@group-06B9F37FACC8-SegmentedRaftLogWorker: created new log segment /home/runner/work/ozone/ozone/hadoop-ozone/integration-test/target/test-dir/MiniOzoneClusterImpl-522acec6-bbe2-4bbe-92e7-576262f261c3/datanode-3/data/ratis/59206d31-9346-4852-9dde-06b9f37facc8/current/log_inprogress_0
2023-05-18 02:47:22,186 [BlockDeletingService#2] INFO  interfaces.ContainerDeletionChoosingPolicyTemplate (ContainerDeletionChoosingPolicyTemplate.java:chooseContainerForBlockDeletion(83)) - Chosen 0/5000 blocks from 0 candidate containers.
2023-05-18 02:47:22,376 [BlockDeletingService#2] INFO  interfaces.ContainerDeletionChoosingPolicyTemplate (ContainerDeletionChoosingPolicyTemplate.java:chooseContainerForBlockDeletion(83)) - Chosen 0/5000 blocks from 0 candidate containers.
2023-05-18 02:47:22,376 [BlockDeletingService#2] INFO  interfaces.ContainerDeletionChoosingPolicyTemplate (ContainerDeletionChoosingPolicyTemplate.java:chooseContainerForBlockDeletion(83)) - Chosen 0/5000 blocks from 0 candidate containers.
2023-05-18 02:47:22,962 [BlockDeletingService#2] INFO  interfaces.ContainerDeletionChoosingPolicyTemplate (ContainerDeletionChoosingPolicyTemplate.java:chooseContainerForBlockDeletion(83)) - Chosen 0/5000 blocks from 0 candidate containers.
2023-05-18 02:47:22,963 [BlockDeletingService#2] INFO  interfaces.ContainerDeletionChoosingPolicyTemplate (ContainerDeletionChoosingPolicyTemplate.java:chooseContainerForBlockDeletion(83)) - Chosen 0/5000 blocks from 0 candidate containers.
2023-05-18 02:47:23,088 [BlockDeletingService#2] INFO  interfaces.ContainerDeletionChoosingPolicyTemplate (ContainerDeletionChoosingPolicyTemplate.java:chooseContainerForBlockDeletion(83)) - Chosen 0/5000 blocks from 0 candidate containers.
2023-05-18 02:47:23,089 [BlockDeletingService#2] INFO  interfaces.ContainerDeletionChoosingPolicyTemplate (ContainerDeletionChoosingPolicyTemplate.java:chooseContainerForBlockDeletion(83)) - Chosen 0/5000 blocks from 0 candidate containers.
2023-05-18 02:47:23,089 [BlockDeletingService#2] INFO  interfaces.ContainerDeletionChoosingPolicyTemplate (ContainerDeletionChoosingPolicyTemplate.java:chooseContainerForBlockDeletion(83)) - Chosen 0/5000 blocks from 0 candidate containers.
2023-05-18 02:47:23,187 [BlockDeletingService#2] INFO  interfaces.ContainerDeletionChoosingPolicyTemplate (ContainerDeletionChoosingPolicyTemplate.java:chooseContainerForBlockDeletion(83)) - Chosen 0/5000 blocks from 0 candidate containers.
2023-05-18 02:47:23,376 [BlockDeletingService#2] INFO  interfaces.ContainerDeletionChoosingPolicyTemplate (ContainerDeletionChoosingPolicyTemplate.java:chooseContainerForBlockDeletion(83)) - Chosen 0/5000 blocks from 0 candidate containers.
2023-05-18 02:47:23,376 [BlockDeletingService#2] INFO  interfaces.ContainerDeletionChoosingPolicyTemplate (ContainerDeletionChoosingPolicyTemplate.java:chooseContainerForBlockDeletion(83)) - Chosen 0/5000 blocks from 0 candidate containers.
2023-05-18 02:47:23,963 [BlockDeletingService#2] INFO  interfaces.ContainerDeletionChoosingPolicyTemplate (ContainerDeletionChoosingPolicyTemplate.java:chooseContainerForBlockDeletion(83)) - Chosen 0/5000 blocks from 0 candidate containers.
2023-05-18 02:47:23,963 [BlockDeletingService#2] INFO  interfaces.ContainerDeletionChoosingPolicyTemplate (ContainerDeletionChoosingPolicyTemplate.java:chooseContainerForBlockDeletion(83)) - Chosen 0/5000 blocks from 0 candidate containers.
2023-05-18 02:47:24,089 [BlockDeletingService#2] INFO  interfaces.ContainerDeletionChoosingPolicyTemplate (ContainerDeletionChoosingPolicyTemplate.java:chooseContainerForBlockDeletion(83)) - Chosen 0/5000 blocks from 0 candidate containers.
2023-05-18 02:47:24,089 [BlockDeletingService#2] INFO  interfaces.ContainerDeletionChoosingPolicyTemplate (ContainerDeletionChoosingPolicyTemplate.java:chooseContainerForBlockDeletion(83)) - Chosen 0/5000 blocks from 0 candidate containers.
2023-05-18 02:47:24,089 [BlockDeletingService#2] INFO  interfaces.ContainerDeletionChoosingPolicyTemplate (ContainerDeletionChoosingPolicyTemplate.java:chooseContainerForBlockDeletion(83)) - Chosen 0/5000 blocks from 0 candidate containers.
2023-05-18 02:47:24,187 [BlockDeletingService#2] INFO  interfaces.ContainerDeletionChoosingPolicyTemplate (ContainerDeletionChoosingPolicyTemplate.java:chooseContainerForBlockDeletion(83)) - Chosen 0/5000 blocks from 0 candidate containers.
2023-05-18 02:47:24,376 [BlockDeletingService#2] INFO  interfaces.ContainerDeletionChoosingPolicyTemplate (ContainerDeletionChoosingPolicyTemplate.java:chooseContainerForBlockDeletion(83)) - Chosen 0/5000 blocks from 0 candidate containers.
2023-05-18 02:47:24,376 [BlockDeletingService#2] INFO  interfaces.ContainerDeletionChoosingPolicyTemplate (ContainerDeletionChoosingPolicyTemplate.java:chooseContainerForBlockDeletion(83)) - Chosen 0/5000 blocks from 0 candidate containers.
2023-05-18 02:47:24,963 [BlockDeletingService#2] INFO  interfaces.ContainerDeletionChoosingPolicyTemplate (ContainerDeletionChoosingPolicyTemplate.java:chooseContainerForBlockDeletion(83)) - Chosen 0/5000 blocks from 0 candidate containers.
2023-05-18 02:47:24,963 [BlockDeletingService#2] INFO  interfaces.ContainerDeletionChoosingPolicyTemplate (ContainerDeletionChoosingPolicyTemplate.java:chooseContainerForBlockDeletion(83)) - Chosen 0/5000 blocks from 0 candidate containers.
2023-05-18 02:47:25,089 [BlockDeletingService#2] INFO  interfaces.ContainerDeletionChoosingPolicyTemplate (ContainerDeletionChoosingPolicyTemplate.java:chooseContainerForBlockDeletion(83)) - Chosen 0/5000 blocks from 0 candidate containers.
2023-05-18 02:47:25,089 [BlockDeletingService#2] INFO  interfaces.ContainerDeletionChoosingPolicyTemplate (ContainerDeletionChoosingPolicyTemplate.java:chooseContainerForBlockDeletion(83)) - Chosen 0/5000 blocks from 0 candidate containers.
2023-05-18 02:47:25,090 [BlockDeletingService#2] INFO  interfaces.ContainerDeletionChoosingPolicyTemplate (ContainerDeletionChoosingPolicyTemplate.java:chooseContainerForBlockDeletion(83)) - Chosen 0/5000 blocks from 0 candidate containers.
2023-05-18 02:47:25,187 [BlockDeletingService#2] INFO  interfaces.ContainerDeletionChoosingPolicyTemplate (ContainerDeletionChoosingPolicyTemplate.java:chooseContainerForBlockDeletion(83)) - Chosen 0/5000 blocks from 0 candidate containers.
2023-05-18 02:47:25,377 [BlockDeletingService#2] INFO  interfaces.ContainerDeletionChoosingPolicyTemplate (ContainerDeletionChoosingPolicyTemplate.java:chooseContainerForBlockDeletion(83)) - Chosen 0/5000 blocks from 0 candidate containers.
2023-05-18 02:47:25,377 [BlockDeletingService#2] INFO  interfaces.ContainerDeletionChoosingPolicyTemplate (ContainerDeletionChoosingPolicyTemplate.java:chooseContainerForBlockDeletion(83)) - Chosen 0/5000 blocks from 0 candidate containers.
2023-05-18 02:47:25,963 [BlockDeletingService#2] INFO  interfaces.ContainerDeletionChoosingPolicyTemplate (ContainerDeletionChoosingPolicyTemplate.java:chooseContainerForBlockDeletion(83)) - Chosen 0/5000 blocks from 0 candidate containers.
2023-05-18 02:47:25,963 [BlockDeletingService#2] INFO  interfaces.ContainerDeletionChoosingPolicyTemplate (ContainerDeletionChoosingPolicyTemplate.java:chooseContainerForBlockDeletion(83)) - Chosen 0/5000 blocks from 0 candidate containers.
2023-05-18 02:47:26,090 [BlockDeletingService#2] INFO  interfaces.ContainerDeletionChoosingPolicyTemplate (ContainerDeletionChoosingPolicyTemplate.java:chooseContainerForBlockDeletion(83)) - Chosen 0/5000 blocks from 0 candidate containers.
2023-05-18 02:47:26,090 [BlockDeletingService#2] INFO  interfaces.ContainerDeletionChoosingPolicyTemplate (ContainerDeletionChoosingPolicyTemplate.java:chooseContainerForBlockDeletion(83)) - Chosen 0/5000 blocks from 0 candidate containers.
2023-05-18 02:47:26,090 [BlockDeletingService#2] INFO  interfaces.ContainerDeletionChoosingPolicyTemplate (ContainerDeletionChoosingPolicyTemplate.java:chooseContainerForBlockDeletion(83)) - Chosen 0/5000 blocks from 0 candidate containers.
2023-05-18 02:47:26,188 [BlockDeletingService#2] INFO  interfaces.ContainerDeletionChoosingPolicyTemplate (ContainerDeletionChoosingPolicyTemplate.java:chooseContainerForBlockDeletion(83)) - Chosen 0/5000 blocks from 0 candidate containers.
2023-05-18 02:47:26,377 [BlockDeletingService#2] INFO  interfaces.ContainerDeletionChoosingPolicyTemplate (ContainerDeletionChoosingPolicyTemplate.java:chooseContainerForBlockDeletion(83)) - Chosen 0/5000 blocks from 0 candidate containers.
2023-05-18 02:47:26,377 [BlockDeletingService#2] INFO  interfaces.ContainerDeletionChoosingPolicyTemplate (ContainerDeletionChoosingPolicyTemplate.java:chooseContainerForBlockDeletion(83)) - Chosen 0/5000 blocks from 0 candidate containers.
2023-05-18 02:47:26,964 [BlockDeletingService#2] INFO  interfaces.ContainerDeletionChoosingPolicyTemplate (ContainerDeletionChoosingPolicyTemplate.java:chooseContainerForBlockDeletion(83)) - Chosen 0/5000 blocks from 0 candidate containers.
2023-05-18 02:47:26,964 [BlockDeletingService#2] INFO  interfaces.ContainerDeletionChoosingPolicyTemplate (ContainerDeletionChoosingPolicyTemplate.java:chooseContainerForBlockDeletion(83)) - Chosen 0/5000 blocks from 0 candidate containers.
2023-05-18 02:47:27,090 [BlockDeletingService#2] INFO  interfaces.ContainerDeletionChoosingPolicyTemplate (ContainerDeletionChoosingPolicyTemplate.java:chooseContainerForBlockDeletion(83)) - Chosen 0/5000 blocks from 0 candidate containers.
2023-05-18 02:47:27,090 [BlockDeletingService#2] INFO  interfaces.ContainerDeletionChoosingPolicyTemplate (ContainerDeletionChoosingPolicyTemplate.java:chooseContainerForBlockDeletion(83)) - Chosen 0/5000 blocks from 0 candidate containers.
2023-05-18 02:47:27,090 [BlockDeletingService#2] INFO  interfaces.ContainerDeletionChoosingPolicyTemplate (ContainerDeletionChoosingPolicyTemplate.java:chooseContainerForBlockDeletion(83)) - Chosen 0/5000 blocks from 0 candidate containers.
2023-05-18 02:47:27,188 [BlockDeletingService#2] INFO  interfaces.ContainerDeletionChoosingPolicyTemplate (ContainerDeletionChoosingPolicyTemplate.java:chooseContainerForBlockDeletion(83)) - Chosen 0/5000 blocks from 0 candidate containers.
2023-05-18 02:47:27,377 [BlockDeletingService#2] INFO  interfaces.ContainerDeletionChoosingPolicyTemplate (ContainerDeletionChoosingPolicyTemplate.java:chooseContainerForBlockDeletion(83)) - Chosen 0/5000 blocks from 0 candidate containers.
2023-05-18 02:47:27,377 [BlockDeletingService#2] INFO  interfaces.ContainerDeletionChoosingPolicyTemplate (ContainerDeletionChoosingPolicyTemplate.java:chooseContainerForBlockDeletion(83)) - Chosen 0/5000 blocks from 0 candidate containers.
2023-05-18 02:47:27,964 [BlockDeletingService#2] INFO  interfaces.ContainerDeletionChoosingPolicyTemplate (ContainerDeletionChoosingPolicyTemplate.java:chooseContainerForBlockDeletion(83)) - Chosen 0/5000 blocks from 0 candidate containers.
2023-05-18 02:47:27,964 [BlockDeletingService#2] INFO  interfaces.ContainerDeletionChoosingPolicyTemplate (ContainerDeletionChoosingPolicyTemplate.java:chooseContainerForBlockDeletion(83)) - Chosen 0/5000 blocks from 0 candidate containers.
2023-05-18 02:47:28,090 [BlockDeletingService#2] INFO  interfaces.ContainerDeletionChoosingPolicyTemplate (ContainerDeletionChoosingPolicyTemplate.java:chooseContainerForBlockDeletion(83)) - Chosen 0/5000 blocks from 0 candidate containers.
2023-05-18 02:47:28,091 [BlockDeletingService#2] INFO  interfaces.ContainerDeletionChoosingPolicyTemplate (ContainerDeletionChoosingPolicyTemplate.java:chooseContainerForBlockDeletion(83)) - Chosen 0/5000 blocks from 0 candidate containers.
2023-05-18 02:47:28,091 [BlockDeletingService#2] INFO  interfaces.ContainerDeletionChoosingPolicyTemplate (ContainerDeletionChoosingPolicyTemplate.java:chooseContainerForBlockDeletion(83)) - Chosen 0/5000 blocks from 0 candidate containers.
2023-05-18 02:47:28,188 [BlockDeletingService#2] INFO  interfaces.ContainerDeletionChoosingPolicyTemplate (ContainerDeletionChoosingPolicyTemplate.java:chooseContainerForBlockDeletion(83)) - Chosen 0/5000 blocks from 0 candidate containers.
2023-05-18 02:47:28,377 [BlockDeletingService#2] INFO  interfaces.ContainerDeletionChoosingPolicyTemplate (ContainerDeletionChoosingPolicyTemplate.java:chooseContainerForBlockDeletion(83)) - Chosen 0/5000 blocks from 0 candidate containers.
2023-05-18 02:47:28,378 [BlockDeletingService#2] INFO  interfaces.ContainerDeletionChoosingPolicyTemplate (ContainerDeletionChoosingPolicyTemplate.java:chooseContainerForBlockDeletion(83)) - Chosen 0/5000 blocks from 0 candidate containers.
2023-05-18 02:47:28,964 [BlockDeletingService#2] INFO  interfaces.ContainerDeletionChoosingPolicyTemplate (ContainerDeletionChoosingPolicyTemplate.java:chooseContainerForBlockDeletion(83)) - Chosen 0/5000 blocks from 0 candidate containers.
2023-05-18 02:47:28,965 [BlockDeletingService#2] INFO  interfaces.ContainerDeletionChoosingPolicyTemplate (ContainerDeletionChoosingPolicyTemplate.java:chooseContainerForBlockDeletion(83)) - Chosen 0/5000 blocks from 0 candidate containers.
2023-05-18 02:47:29,091 [BlockDeletingService#2] INFO  interfaces.ContainerDeletionChoosingPolicyTemplate (ContainerDeletionChoosingPolicyTemplate.java:chooseContainerForBlockDeletion(83)) - Chosen 0/5000 blocks from 0 candidate containers.
2023-05-18 02:47:29,091 [BlockDeletingService#2] INFO  interfaces.ContainerDeletionChoosingPolicyTemplate (ContainerDeletionChoosingPolicyTemplate.java:chooseContainerForBlockDeletion(83)) - Chosen 0/5000 blocks from 0 candidate containers.
2023-05-18 02:47:29,092 [BlockDeletingService#2] INFO  interfaces.ContainerDeletionChoosingPolicyTemplate (ContainerDeletionChoosingPolicyTemplate.java:chooseContainerForBlockDeletion(83)) - Chosen 0/5000 blocks from 0 candidate containers.
2023-05-18 02:47:29,189 [BlockDeletingService#2] INFO  interfaces.ContainerDeletionChoosingPolicyTemplate (ContainerDeletionChoosingPolicyTemplate.java:chooseContainerForBlockDeletion(83)) - Chosen 0/5000 blocks from 0 candidate containers.
2023-05-18 02:47:29,378 [BlockDeletingService#2] INFO  interfaces.ContainerDeletionChoosingPolicyTemplate (ContainerDeletionChoosingPolicyTemplate.java:chooseContainerForBlockDeletion(83)) - Chosen 0/5000 blocks from 0 candidate containers.
2023-05-18 02:47:29,378 [BlockDeletingService#2] INFO  interfaces.ContainerDeletionChoosingPolicyTemplate (ContainerDeletionChoosingPolicyTemplate.java:chooseContainerForBlockDeletion(83)) - Chosen 0/5000 blocks from 0 candidate containers.
2023-05-18 02:47:29,964 [BlockDeletingService#2] INFO  interfaces.ContainerDeletionChoosingPolicyTemplate (ContainerDeletionChoosingPolicyTemplate.java:chooseContainerForBlockDeletion(83)) - Chosen 0/5000 blocks from 0 candidate containers.
2023-05-18 02:47:29,965 [BlockDeletingService#2] INFO  interfaces.ContainerDeletionChoosingPolicyTemplate (ContainerDeletionChoosingPolicyTemplate.java:chooseContainerForBlockDeletion(83)) - Chosen 0/5000 blocks from 0 candidate containers.
2023-05-18 02:47:30,091 [BlockDeletingService#2] INFO  interfaces.ContainerDeletionChoosingPolicyTemplate (ContainerDeletionChoosingPolicyTemplate.java:chooseContainerForBlockDeletion(83)) - Chosen 0/5000 blocks from 0 candidate containers.
2023-05-18 02:47:30,091 [BlockDeletingService#2] INFO  interfaces.ContainerDeletionChoosingPolicyTemplate (ContainerDeletionChoosingPolicyTemplate.java:chooseContainerForBlockDeletion(83)) - Chosen 0/5000 blocks from 0 candidate containers.
2023-05-18 02:47:30,092 [BlockDeletingService#2] INFO  interfaces.ContainerDeletionChoosingPolicyTemplate (ContainerDeletionChoosingPolicyTemplate.java:chooseContainerForBlockDeletion(83)) - Chosen 0/5000 blocks from 0 candidate containers.
2023-05-18 02:47:30,189 [BlockDeletingService#2] INFO  interfaces.ContainerDeletionChoosingPolicyTemplate (ContainerDeletionChoosingPolicyTemplate.java:chooseContainerForBlockDeletion(83)) - Chosen 0/5000 blocks from 0 candidate containers.
2023-05-18 02:47:30,378 [BlockDeletingService#2] INFO  interfaces.ContainerDeletionChoosingPolicyTemplate (ContainerDeletionChoosingPolicyTemplate.java:chooseContainerForBlockDeletion(83)) - Chosen 0/5000 blocks from 0 candidate containers.
2023-05-18 02:47:30,378 [BlockDeletingService#2] INFO  interfaces.ContainerDeletionChoosingPolicyTemplate (ContainerDeletionChoosingPolicyTemplate.java:chooseContainerForBlockDeletion(83)) - Chosen 0/5000 blocks from 0 candidate containers.
2023-05-18 02:47:30,965 [BlockDeletingService#2] INFO  interfaces.ContainerDeletionChoosingPolicyTemplate (ContainerDeletionChoosingPolicyTemplate.java:chooseContainerForBlockDeletion(83)) - Chosen 0/5000 blocks from 0 candidate containers.
2023-05-18 02:47:30,965 [BlockDeletingService#2] INFO  interfaces.ContainerDeletionChoosingPolicyTemplate (ContainerDeletionChoosingPolicyTemplate.java:chooseContainerForBlockDeletion(83)) - Chosen 0/5000 blocks from 0 candidate containers.
2023-05-18 02:47:31,092 [BlockDeletingService#2] INFO  interfaces.ContainerDeletionChoosingPolicyTemplate (ContainerDeletionChoosingPolicyTemplate.java:chooseContainerForBlockDeletion(83)) - Chosen 0/5000 blocks from 0 candidate containers.
2023-05-18 02:47:31,092 [BlockDeletingService#2] INFO  interfaces.ContainerDeletionChoosingPolicyTemplate (ContainerDeletionChoosingPolicyTemplate.java:chooseContainerForBlockDeletion(83)) - Chosen 0/5000 blocks from 0 candidate containers.
2023-05-18 02:47:31,092 [BlockDeletingService#2] INFO  interfaces.ContainerDeletionChoosingPolicyTemplate (ContainerDeletionChoosingPolicyTemplate.java:chooseContainerForBlockDeletion(83)) - Chosen 0/5000 blocks from 0 candidate containers.
2023-05-18 02:47:31,189 [BlockDeletingService#2] INFO  interfaces.ContainerDeletionChoosingPolicyTemplate (ContainerDeletionChoosingPolicyTemplate.java:chooseContainerForBlockDeletion(83)) - Chosen 0/5000 blocks from 0 candidate containers.
2023-05-18 02:47:31,378 [BlockDeletingService#2] INFO  interfaces.ContainerDeletionChoosingPolicyTemplate (ContainerDeletionChoosingPolicyTemplate.java:chooseContainerForBlockDeletion(83)) - Chosen 0/5000 blocks from 0 candidate containers.
2023-05-18 02:47:31,378 [BlockDeletingService#2] INFO  interfaces.ContainerDeletionChoosingPolicyTemplate (ContainerDeletionChoosingPolicyTemplate.java:chooseContainerForBlockDeletion(83)) - Chosen 0/5000 blocks from 0 candidate containers.
2023-05-18 02:47:31,965 [BlockDeletingService#2] INFO  interfaces.ContainerDeletionChoosingPolicyTemplate (ContainerDeletionChoosingPolicyTemplate.java:chooseContainerForBlockDeletion(83)) - Chosen 0/5000 blocks from 0 candidate containers.
2023-05-18 02:47:31,965 [BlockDeletingService#2] INFO  interfaces.ContainerDeletionChoosingPolicyTemplate (ContainerDeletionChoosingPolicyTemplate.java:chooseContainerForBlockDeletion(83)) - Chosen 0/5000 blocks from 0 candidate containers.
2023-05-18 02:47:32,092 [BlockDeletingService#2] INFO  interfaces.ContainerDeletionChoosingPolicyTemplate (ContainerDeletionChoosingPolicyTemplate.java:chooseContainerForBlockDeletion(83)) - Chosen 0/5000 blocks from 0 candidate containers.
2023-05-18 02:47:32,092 [BlockDeletingService#2] INFO  interfaces.ContainerDeletionChoosingPolicyTemplate (ContainerDeletionChoosingPolicyTemplate.java:chooseContainerForBlockDeletion(83)) - Chosen 0/5000 blocks from 0 candidate containers.
2023-05-18 02:47:32,092 [BlockDeletingService#2] INFO  interfaces.ContainerDeletionChoosingPolicyTemplate (ContainerDeletionChoosingPolicyTemplate.java:chooseContainerForBlockDeletion(83)) - Chosen 0/5000 blocks from 0 candidate containers.
2023-05-18 02:47:32,190 [BlockDeletingService#2] INFO  interfaces.ContainerDeletionChoosingPolicyTemplate (ContainerDeletionChoosingPolicyTemplate.java:chooseContainerForBlockDeletion(83)) - Chosen 0/5000 blocks from 0 candidate containers.
2023-05-18 02:47:32,379 [BlockDeletingService#2] INFO  interfaces.ContainerDeletionChoosingPolicyTemplate (ContainerDeletionChoosingPolicyTemplate.java:chooseContainerForBlockDeletion(83)) - Chosen 0/5000 blocks from 0 candidate containers.
2023-05-18 02:47:32,379 [BlockDeletingService#2] INFO  interfaces.ContainerDeletionChoosingPolicyTemplate (ContainerDeletionChoosingPolicyTemplate.java:chooseContainerForBlockDeletion(83)) - Chosen 0/5000 blocks from 0 candidate containers.
2023-05-18 02:47:32,965 [BlockDeletingService#2] INFO  interfaces.ContainerDeletionChoosingPolicyTemplate (ContainerDeletionChoosingPolicyTemplate.java:chooseContainerForBlockDeletion(83)) - Chosen 0/5000 blocks from 0 candidate containers.
2023-05-18 02:47:32,966 [BlockDeletingService#2] INFO  interfaces.ContainerDeletionChoosingPolicyTemplate (ContainerDeletionChoosingPolicyTemplate.java:chooseContainerForBlockDeletion(83)) - Chosen 0/5000 blocks from 0 candidate containers.
2023-05-18 02:47:33,092 [BlockDeletingService#2] INFO  interfaces.ContainerDeletionChoosingPolicyTemplate (ContainerDeletionChoosingPolicyTemplate.java:chooseContainerForBlockDeletion(83)) - Chosen 0/5000 blocks from 0 candidate containers.
2023-05-18 02:47:33,092 [BlockDeletingService#2] INFO  interfaces.ContainerDeletionChoosingPolicyTemplate (ContainerDeletionChoosingPolicyTemplate.java:chooseContainerForBlockDeletion(83)) - Chosen 0/5000 blocks from 0 candidate containers.
2023-05-18 02:47:33,092 [BlockDeletingService#2] INFO  interfaces.ContainerDeletionChoosingPolicyTemplate (ContainerDeletionChoosingPolicyTemplate.java:chooseContainerForBlockDeletion(83)) - Chosen 0/5000 blocks from 0 candidate containers.
2023-05-18 02:47:33,190 [BlockDeletingService#2] INFO  interfaces.ContainerDeletionChoosingPolicyTemplate (ContainerDeletionChoosingPolicyTemplate.java:chooseContainerForBlockDeletion(83)) - Chosen 0/5000 blocks from 0 candidate containers.
2023-05-18 02:47:33,379 [BlockDeletingService#2] INFO  interfaces.ContainerDeletionChoosingPolicyTemplate (ContainerDeletionChoosingPolicyTemplate.java:chooseContainerForBlockDeletion(83)) - Chosen 0/5000 blocks from 0 candidate containers.
2023-05-18 02:47:33,379 [BlockDeletingService#2] INFO  interfaces.ContainerDeletionChoosingPolicyTemplate (ContainerDeletionChoosingPolicyTemplate.java:chooseContainerForBlockDeletion(83)) - Chosen 0/5000 blocks from 0 candidate containers.
2023-05-18 02:47:33,966 [BlockDeletingService#2] INFO  interfaces.ContainerDeletionChoosingPolicyTemplate (ContainerDeletionChoosingPolicyTemplate.java:chooseContainerForBlockDeletion(83)) - Chosen 0/5000 blocks from 0 candidate containers.
2023-05-18 02:47:33,966 [BlockDeletingService#2] INFO  interfaces.ContainerDeletionChoosingPolicyTemplate (ContainerDeletionChoosingPolicyTemplate.java:chooseContainerForBlockDeletion(83)) - Chosen 0/5000 blocks from 0 candidate containers.
2023-05-18 02:47:34,093 [BlockDeletingService#2] INFO  interfaces.ContainerDeletionChoosingPolicyTemplate (ContainerDeletionChoosingPolicyTemplate.java:chooseContainerForBlockDeletion(83)) - Chosen 0/5000 blocks from 0 candidate containers.
2023-05-18 02:47:34,093 [BlockDeletingService#2] INFO  interfaces.ContainerDeletionChoosingPolicyTemplate (ContainerDeletionChoosingPolicyTemplate.java:chooseContainerForBlockDeletion(83)) - Chosen 0/5000 blocks from 0 candidate containers.
2023-05-18 02:47:34,093 [BlockDeletingService#2] INFO  interfaces.ContainerDeletionChoosingPolicyTemplate (ContainerDeletionChoosingPolicyTemplate.java:chooseContainerForBlockDeletion(83)) - Chosen 0/5000 blocks from 0 candidate containers.
2023-05-18 02:47:34,190 [BlockDeletingService#2] INFO  interfaces.ContainerDeletionChoosingPolicyTemplate (ContainerDeletionChoosingPolicyTemplate.java:chooseContainerForBlockDeletion(83)) - Chosen 0/5000 blocks from 0 candidate containers.
2023-05-18 02:47:34,379 [BlockDeletingService#2] INFO  interfaces.ContainerDeletionChoosingPolicyTemplate (ContainerDeletionChoosingPolicyTemplate.java:chooseContainerForBlockDeletion(83)) - Chosen 0/5000 blocks from 0 candidate containers.
2023-05-18 02:47:34,379 [BlockDeletingService#2] INFO  interfaces.ContainerDeletionChoosingPolicyTemplate (ContainerDeletionChoosingPolicyTemplate.java:chooseContainerForBlockDeletion(83)) - Chosen 0/5000 blocks from 0 candidate containers.
2023-05-18 02:47:34,966 [BlockDeletingService#2] INFO  interfaces.ContainerDeletionChoosingPolicyTemplate (ContainerDeletionChoosingPolicyTemplate.java:chooseContainerForBlockDeletion(83)) - Chosen 0/5000 blocks from 0 candidate containers.
2023-05-18 02:47:34,966 [BlockDeletingService#2] INFO  interfaces.ContainerDeletionChoosingPolicyTemplate (ContainerDeletionChoosingPolicyTemplate.java:chooseContainerForBlockDeletion(83)) - Chosen 0/5000 blocks from 0 candidate containers.
2023-05-18 02:47:35,093 [BlockDeletingService#2] INFO  interfaces.ContainerDeletionChoosingPolicyTemplate (ContainerDeletionChoosingPolicyTemplate.java:chooseContainerForBlockDeletion(83)) - Chosen 0/5000 blocks from 0 candidate containers.
2023-05-18 02:47:35,093 [BlockDeletingService#2] INFO  interfaces.ContainerDeletionChoosingPolicyTemplate (ContainerDeletionChoosingPolicyTemplate.java:chooseContainerForBlockDeletion(83)) - Chosen 0/5000 blocks from 0 candidate containers.
2023-05-18 02:47:35,093 [BlockDeletingService#2] INFO  interfaces.ContainerDeletionChoosingPolicyTemplate (ContainerDeletionChoosingPolicyTemplate.java:chooseContainerForBlockDeletion(83)) - Chosen 0/5000 blocks from 0 candidate containers.
2023-05-18 02:47:35,191 [BlockDeletingService#2] INFO  interfaces.ContainerDeletionChoosingPolicyTemplate (ContainerDeletionChoosingPolicyTemplate.java:chooseContainerForBlockDeletion(83)) - Chosen 0/5000 blocks from 0 candidate containers.
2023-05-18 02:47:35,379 [BlockDeletingService#2] INFO  interfaces.ContainerDeletionChoosingPolicyTemplate (ContainerDeletionChoosingPolicyTemplate.java:chooseContainerForBlockDeletion(83)) - Chosen 0/5000 blocks from 0 candidate containers.
2023-05-18 02:47:35,380 [BlockDeletingService#2] INFO  interfaces.ContainerDeletionChoosingPolicyTemplate (ContainerDeletionChoosingPolicyTemplate.java:chooseContainerForBlockDeletion(83)) - Chosen 0/5000 blocks from 0 candidate containers.
2023-05-18 02:47:35,966 [BlockDeletingService#2] INFO  interfaces.ContainerDeletionChoosingPolicyTemplate (ContainerDeletionChoosingPolicyTemplate.java:chooseContainerForBlockDeletion(83)) - Chosen 0/5000 blocks from 0 candidate containers.
2023-05-18 02:47:35,966 [BlockDeletingService#2] INFO  interfaces.ContainerDeletionChoosingPolicyTemplate (ContainerDeletionChoosingPolicyTemplate.java:chooseContainerForBlockDeletion(83)) - Chosen 0/5000 blocks from 0 candidate containers.
2023-05-18 02:47:36,093 [BlockDeletingService#2] INFO  interfaces.ContainerDeletionChoosingPolicyTemplate (ContainerDeletionChoosingPolicyTemplate.java:chooseContainerForBlockDeletion(83)) - Chosen 0/5000 blocks from 0 candidate containers.
2023-05-18 02:47:36,093 [BlockDeletingService#2] INFO  interfaces.ContainerDeletionChoosingPolicyTemplate (ContainerDeletionChoosingPolicyTemplate.java:chooseContainerForBlockDeletion(83)) - Chosen 0/5000 blocks from 0 candidate containers.
2023-05-18 02:47:36,094 [BlockDeletingService#2] INFO  interfaces.ContainerDeletionChoosingPolicyTemplate (ContainerDeletionChoosingPolicyTemplate.java:chooseContainerForBlockDeletion(83)) - Chosen 0/5000 blocks from 0 candidate containers.
2023-05-18 02:47:36,191 [BlockDeletingService#2] INFO  interfaces.ContainerDeletionChoosingPolicyTemplate (ContainerDeletionChoosingPolicyTemplate.java:chooseContainerForBlockDeletion(83)) - Chosen 0/5000 blocks from 0 candidate containers.
2023-05-18 02:47:36,380 [BlockDeletingService#2] INFO  interfaces.ContainerDeletionChoosingPolicyTemplate (ContainerDeletionChoosingPolicyTemplate.java:chooseContainerForBlockDeletion(83)) - Chosen 0/5000 blocks from 0 candidate containers.
2023-05-18 02:47:36,380 [BlockDeletingService#2] INFO  interfaces.ContainerDeletionChoosingPolicyTemplate (ContainerDeletionChoosingPolicyTemplate.java:chooseContainerForBlockDeletion(83)) - Chosen 0/5000 blocks from 0 candidate containers.
2023-05-18 02:47:36,966 [BlockDeletingService#2] INFO  interfaces.ContainerDeletionChoosingPolicyTemplate (ContainerDeletionChoosingPolicyTemplate.java:chooseContainerForBlockDeletion(83)) - Chosen 0/5000 blocks from 0 candidate containers.
2023-05-18 02:47:36,966 [BlockDeletingService#2] INFO  interfaces.ContainerDeletionChoosingPolicyTemplate (ContainerDeletionChoosingPolicyTemplate.java:chooseContainerForBlockDeletion(83)) - Chosen 0/5000 blocks from 0 candidate containers.
2023-05-18 02:47:37,094 [BlockDeletingService#2] INFO  interfaces.ContainerDeletionChoosingPolicyTemplate (ContainerDeletionChoosingPolicyTemplate.java:chooseContainerForBlockDeletion(83)) - Chosen 0/5000 blocks from 0 candidate containers.
2023-05-18 02:47:37,094 [BlockDeletingService#2] INFO  interfaces.ContainerDeletionChoosingPolicyTemplate (ContainerDeletionChoosingPolicyTemplate.java:chooseContainerForBlockDeletion(83)) - Chosen 0/5000 blocks from 0 candidate containers.
2023-05-18 02:47:37,094 [BlockDeletingService#2] INFO  interfaces.ContainerDeletionChoosingPolicyTemplate (ContainerDeletionChoosingPolicyTemplate.java:chooseContainerForBlockDeletion(83)) - Chosen 0/5000 blocks from 0 candidate containers.
2023-05-18 02:47:37,191 [BlockDeletingService#2] INFO  interfaces.ContainerDeletionChoosingPolicyTemplate (ContainerDeletionChoosingPolicyTemplate.java:chooseContainerForBlockDeletion(83)) - Chosen 0/5000 blocks from 0 candidate containers.
2023-05-18 02:47:37,380 [BlockDeletingService#2] INFO  interfaces.ContainerDeletionChoosingPolicyTemplate (ContainerDeletionChoosingPolicyTemplate.java:chooseContainerForBlockDeletion(83)) - Chosen 0/5000 blocks from 0 candidate containers.
2023-05-18 02:47:37,380 [BlockDeletingService#2] INFO  interfaces.ContainerDeletionChoosingPolicyTemplate (ContainerDeletionChoosingPolicyTemplate.java:chooseContainerForBlockDeletion(83)) - Chosen 0/5000 blocks from 0 candidate containers.
2023-05-18 02:47:37,967 [BlockDeletingService#2] INFO  interfaces.ContainerDeletionChoosingPolicyTemplate (ContainerDeletionChoosingPolicyTemplate.java:chooseContainerForBlockDeletion(83)) - Chosen 0/5000 blocks from 0 candidate containers.
2023-05-18 02:47:37,967 [BlockDeletingService#2] INFO  interfaces.ContainerDeletionChoosingPolicyTemplate (ContainerDeletionChoosingPolicyTemplate.java:chooseContainerForBlockDeletion(83)) - Chosen 0/5000 blocks from 0 candidate containers.
2023-05-18 02:47:38,094 [BlockDeletingService#2] INFO  interfaces.ContainerDeletionChoosingPolicyTemplate (ContainerDeletionChoosingPolicyTemplate.java:chooseContainerForBlockDeletion(83)) - Chosen 0/5000 blocks from 0 candidate containers.
2023-05-18 02:47:38,094 [BlockDeletingService#2] INFO  interfaces.ContainerDeletionChoosingPolicyTemplate (ContainerDeletionChoosingPolicyTemplate.java:chooseContainerForBlockDeletion(83)) - Chosen 0/5000 blocks from 0 candidate containers.
2023-05-18 02:47:38,094 [BlockDeletingService#2] INFO  interfaces.ContainerDeletionChoosingPolicyTemplate (ContainerDeletionChoosingPolicyTemplate.java:chooseContainerForBlockDeletion(83)) - Chosen 0/5000 blocks from 0 candidate containers.
2023-05-18 02:47:38,192 [BlockDeletingService#2] INFO  interfaces.ContainerDeletionChoosingPolicyTemplate (ContainerDeletionChoosingPolicyTemplate.java:chooseContainerForBlockDeletion(83)) - Chosen 0/5000 blocks from 0 candidate containers.
2023-05-18 02:47:38,380 [BlockDeletingService#2] INFO  interfaces.ContainerDeletionChoosingPolicyTemplate (ContainerDeletionChoosingPolicyTemplate.java:chooseContainerForBlockDeletion(83)) - Chosen 0/5000 blocks from 0 candidate containers.
2023-05-18 02:47:38,380 [BlockDeletingService#2] INFO  interfaces.ContainerDeletionChoosingPolicyTemplate (ContainerDeletionChoosingPolicyTemplate.java:chooseContainerForBlockDeletion(83)) - Chosen 0/5000 blocks from 0 candidate containers.
2023-05-18 02:47:38,967 [BlockDeletingService#2] INFO  interfaces.ContainerDeletionChoosingPolicyTemplate (ContainerDeletionChoosingPolicyTemplate.java:chooseContainerForBlockDeletion(83)) - Chosen 0/5000 blocks from 0 candidate containers.
2023-05-18 02:47:38,967 [BlockDeletingService#2] INFO  interfaces.ContainerDeletionChoosingPolicyTemplate (ContainerDeletionChoosingPolicyTemplate.java:chooseContainerForBlockDeletion(83)) - Chosen 0/5000 blocks from 0 candidate containers.
2023-05-18 02:47:39,094 [BlockDeletingService#2] INFO  interfaces.ContainerDeletionChoosingPolicyTemplate (ContainerDeletionChoosingPolicyTemplate.java:chooseContainerForBlockDeletion(83)) - Chosen 0/5000 blocks from 0 candidate containers.
2023-05-18 02:47:39,095 [BlockDeletingService#2] INFO  interfaces.ContainerDeletionChoosingPolicyTemplate (ContainerDeletionChoosingPolicyTemplate.java:chooseContainerForBlockDeletion(83)) - Chosen 0/5000 blocks from 0 candidate containers.
2023-05-18 02:47:39,095 [BlockDeletingService#2] INFO  interfaces.ContainerDeletionChoosingPolicyTemplate (ContainerDeletionChoosingPolicyTemplate.java:chooseContainerForBlockDeletion(83)) - Chosen 0/5000 blocks from 0 candidate containers.
2023-05-18 02:47:39,192 [BlockDeletingService#2] INFO  interfaces.ContainerDeletionChoosingPolicyTemplate (ContainerDeletionChoosingPolicyTemplate.java:chooseContainerForBlockDeletion(83)) - Chosen 0/5000 blocks from 0 candidate containers.
2023-05-18 02:47:39,381 [BlockDeletingService#2] INFO  interfaces.ContainerDeletionChoosingPolicyTemplate (ContainerDeletionChoosingPolicyTemplate.java:chooseContainerForBlockDeletion(83)) - Chosen 0/5000 blocks from 0 candidate containers.
2023-05-18 02:47:39,381 [BlockDeletingService#0] INFO  interfaces.ContainerDeletionChoosingPolicyTemplate (ContainerDeletionChoosingPolicyTemplate.java:chooseContainerForBlockDeletion(83)) - Chosen 0/5000 blocks from 0 candidate containers.
2023-05-18 02:47:39,967 [BlockDeletingService#2] INFO  interfaces.ContainerDeletionChoosingPolicyTemplate (ContainerDeletionChoosingPolicyTemplate.java:chooseContainerForBlockDeletion(83)) - Chosen 0/5000 blocks from 0 candidate containers.
2023-05-18 02:47:39,967 [BlockDeletingService#2] INFO  interfaces.ContainerDeletionChoosingPolicyTemplate (ContainerDeletionChoosingPolicyTemplate.java:chooseContainerForBlockDeletion(83)) - Chosen 0/5000 blocks from 0 candidate containers.
2023-05-18 02:47:40,095 [BlockDeletingService#2] INFO  interfaces.ContainerDeletionChoosingPolicyTemplate (ContainerDeletionChoosingPolicyTemplate.java:chooseContainerForBlockDeletion(83)) - Chosen 0/5000 blocks from 0 candidate containers.
2023-05-18 02:47:40,095 [BlockDeletingService#2] INFO  interfaces.ContainerDeletionChoosingPolicyTemplate (ContainerDeletionChoosingPolicyTemplate.java:chooseContainerForBlockDeletion(83)) - Chosen 0/5000 blocks from 0 candidate containers.
2023-05-18 02:47:40,095 [BlockDeletingService#2] INFO  interfaces.ContainerDeletionChoosingPolicyTemplate (ContainerDeletionChoosingPolicyTemplate.java:chooseContainerForBlockDeletion(83)) - Chosen 0/5000 blocks from 0 candidate containers.
2023-05-18 02:47:40,192 [BlockDeletingService#2] INFO  interfaces.ContainerDeletionChoosingPolicyTemplate (ContainerDeletionChoosingPolicyTemplate.java:chooseContainerForBlockDeletion(83)) - Chosen 0/5000 blocks from 0 candidate containers.
2023-05-18 02:47:40,381 [BlockDeletingService#2] INFO  interfaces.ContainerDeletionChoosingPolicyTemplate (ContainerDeletionChoosingPolicyTemplate.java:chooseContainerForBlockDeletion(83)) - Chosen 0/5000 blocks from 0 candidate containers.
2023-05-18 02:47:40,381 [BlockDeletingService#0] INFO  interfaces.ContainerDeletionChoosingPolicyTemplate (ContainerDeletionChoosingPolicyTemplate.java:chooseContainerForBlockDeletion(83)) - Chosen 0/5000 blocks from 0 candidate containers.
2023-05-18 02:47:40,967 [BlockDeletingService#2] INFO  interfaces.ContainerDeletionChoosingPolicyTemplate (ContainerDeletionChoosingPolicyTemplate.java:chooseContainerForBlockDeletion(83)) - Chosen 0/5000 blocks from 0 candidate containers.
2023-05-18 02:47:40,968 [BlockDeletingService#2] INFO  interfaces.ContainerDeletionChoosingPolicyTemplate (ContainerDeletionChoosingPolicyTemplate.java:chooseContainerForBlockDeletion(83)) - Chosen 0/5000 blocks from 0 candidate containers.
2023-05-18 02:47:41,095 [BlockDeletingService#2] INFO  interfaces.ContainerDeletionChoosingPolicyTemplate (ContainerDeletionChoosingPolicyTemplate.java:chooseContainerForBlockDeletion(83)) - Chosen 0/5000 blocks from 0 candidate containers.
2023-05-18 02:47:41,095 [BlockDeletingService#2] INFO  interfaces.ContainerDeletionChoosingPolicyTemplate (ContainerDeletionChoosingPolicyTemplate.java:chooseContainerForBlockDeletion(83)) - Chosen 0/5000 blocks from 0 candidate containers.
2023-05-18 02:47:41,096 [BlockDeletingService#2] INFO  interfaces.ContainerDeletionChoosingPolicyTemplate (ContainerDeletionChoosingPolicyTemplate.java:chooseContainerForBlockDeletion(83)) - Chosen 0/5000 blocks from 0 candidate containers.
2023-05-18 02:47:41,192 [BlockDeletingService#2] INFO  interfaces.ContainerDeletionChoosingPolicyTemplate (ContainerDeletionChoosingPolicyTemplate.java:chooseContainerForBlockDeletion(83)) - Chosen 0/5000 blocks from 0 candidate containers.
2023-05-18 02:47:41,381 [BlockDeletingService#2] INFO  interfaces.ContainerDeletionChoosingPolicyTemplate (ContainerDeletionChoosingPolicyTemplate.java:chooseContainerForBlockDeletion(83)) - Chosen 0/5000 blocks from 0 candidate containers.
2023-05-18 02:47:41,381 [BlockDeletingService#0] INFO  interfaces.ContainerDeletionChoosingPolicyTemplate (ContainerDeletionChoosingPolicyTemplate.java:chooseContainerForBlockDeletion(83)) - Chosen 0/5000 blocks from 0 candidate containers.
2023-05-18 02:47:41,968 [BlockDeletingService#2] INFO  interfaces.ContainerDeletionChoosingPolicyTemplate (ContainerDeletionChoosingPolicyTemplate.java:chooseContainerForBlockDeletion(83)) - Chosen 0/5000 blocks from 0 candidate containers.
2023-05-18 02:47:41,968 [BlockDeletingService#2] INFO  interfaces.ContainerDeletionChoosingPolicyTemplate (ContainerDeletionChoosingPolicyTemplate.java:chooseContainerForBlockDeletion(83)) - Chosen 0/5000 blocks from 0 candidate containers.
2023-05-18 02:47:42,096 [BlockDeletingService#2] INFO  interfaces.ContainerDeletionChoosingPolicyTemplate (ContainerDeletionChoosingPolicyTemplate.java:chooseContainerForBlockDeletion(83)) - Chosen 0/5000 blocks from 0 candidate containers.
2023-05-18 02:47:42,096 [BlockDeletingService#2] INFO  interfaces.ContainerDeletionChoosingPolicyTemplate (ContainerDeletionChoosingPolicyTemplate.java:chooseContainerForBlockDeletion(83)) - Chosen 0/5000 blocks from 0 candidate containers.
2023-05-18 02:47:42,096 [BlockDeletingService#2] INFO  interfaces.ContainerDeletionChoosingPolicyTemplate (ContainerDeletionChoosingPolicyTemplate.java:chooseContainerForBlockDeletion(83)) - Chosen 0/5000 blocks from 0 candidate containers.
2023-05-18 02:47:42,193 [BlockDeletingService#2] INFO  interfaces.ContainerDeletionChoosingPolicyTemplate (ContainerDeletionChoosingPolicyTemplate.java:chooseContainerForBlockDeletion(83)) - Chosen 0/5000 blocks from 0 candidate containers.
2023-05-18 02:47:42,381 [BlockDeletingService#2] INFO  interfaces.ContainerDeletionChoosingPolicyTemplate (ContainerDeletionChoosingPolicyTemplate.java:chooseContainerForBlockDeletion(83)) - Chosen 0/5000 blocks from 0 candidate containers.
2023-05-18 02:47:42,382 [BlockDeletingService#0] INFO  interfaces.ContainerDeletionChoosingPolicyTemplate (ContainerDeletionChoosingPolicyTemplate.java:chooseContainerForBlockDeletion(83)) - Chosen 0/5000 blocks from 0 candidate containers.
2023-05-18 02:47:42,968 [BlockDeletingService#2] INFO  interfaces.ContainerDeletionChoosingPolicyTemplate (ContainerDeletionChoosingPolicyTemplate.java:chooseContainerForBlockDeletion(83)) - Chosen 0/5000 blocks from 0 candidate containers.
2023-05-18 02:47:42,968 [BlockDeletingService#2] INFO  interfaces.ContainerDeletionChoosingPolicyTemplate (ContainerDeletionChoosingPolicyTemplate.java:chooseContainerForBlockDeletion(83)) - Chosen 0/5000 blocks from 0 candidate containers.
2023-05-18 02:47:43,096 [BlockDeletingService#2] INFO  interfaces.ContainerDeletionChoosingPolicyTemplate (ContainerDeletionChoosingPolicyTemplate.java:chooseContainerForBlockDeletion(83)) - Chosen 0/5000 blocks from 0 candidate containers.
2023-05-18 02:47:43,096 [BlockDeletingService#2] INFO  interfaces.ContainerDeletionChoosingPolicyTemplate (ContainerDeletionChoosingPolicyTemplate.java:chooseContainerForBlockDeletion(83)) - Chosen 0/5000 blocks from 0 candidate containers.
2023-05-18 02:47:43,096 [BlockDeletingService#2] INFO  interfaces.ContainerDeletionChoosingPolicyTemplate (ContainerDeletionChoosingPolicyTemplate.java:chooseContainerForBlockDeletion(83)) - Chosen 0/5000 blocks from 0 candidate containers.
2023-05-18 02:47:43,193 [BlockDeletingService#2] INFO  interfaces.ContainerDeletionChoosingPolicyTemplate (ContainerDeletionChoosingPolicyTemplate.java:chooseContainerForBlockDeletion(83)) - Chosen 0/5000 blocks from 0 candidate containers.
2023-05-18 02:47:43,382 [BlockDeletingService#2] INFO  interfaces.ContainerDeletionChoosingPolicyTemplate (ContainerDeletionChoosingPolicyTemplate.java:chooseContainerForBlockDeletion(83)) - Chosen 0/5000 blocks from 0 candidate containers.
2023-05-18 02:47:43,382 [BlockDeletingService#0] INFO  interfaces.ContainerDeletionChoosingPolicyTemplate (ContainerDeletionChoosingPolicyTemplate.java:chooseContainerForBlockDeletion(83)) - Chosen 0/5000 blocks from 0 candidate containers.
2023-05-18 02:47:43,968 [BlockDeletingService#2] INFO  interfaces.ContainerDeletionChoosingPolicyTemplate (ContainerDeletionChoosingPolicyTemplate.java:chooseContainerForBlockDeletion(83)) - Chosen 0/5000 blocks from 0 candidate containers.
2023-05-18 02:47:43,968 [BlockDeletingService#2] INFO  interfaces.ContainerDeletionChoosingPolicyTemplate (ContainerDeletionChoosingPolicyTemplate.java:chooseContainerForBlockDeletion(83)) - Chosen 0/5000 blocks from 0 candidate containers.
2023-05-18 02:47:44,096 [BlockDeletingService#2] INFO  interfaces.ContainerDeletionChoosingPolicyTemplate (ContainerDeletionChoosingPolicyTemplate.java:chooseContainerForBlockDeletion(83)) - Chosen 0/5000 blocks from 0 candidate containers.
2023-05-18 02:47:44,096 [BlockDeletingService#2] INFO  interfaces.ContainerDeletionChoosingPolicyTemplate (ContainerDeletionChoosingPolicyTemplate.java:chooseContainerForBlockDeletion(83)) - Chosen 0/5000 blocks from 0 candidate containers.
2023-05-18 02:47:44,096 [BlockDeletingService#2] INFO  interfaces.ContainerDeletionChoosingPolicyTemplate (ContainerDeletionChoosingPolicyTemplate.java:chooseContainerForBlockDeletion(83)) - Chosen 0/5000 blocks from 0 candidate containers.
2023-05-18 02:47:44,193 [BlockDeletingService#2] INFO  interfaces.ContainerDeletionChoosingPolicyTemplate (ContainerDeletionChoosingPolicyTemplate.java:chooseContainerForBlockDeletion(83)) - Chosen 0/5000 blocks from 0 candidate containers.
2023-05-18 02:47:44,382 [BlockDeletingService#2] INFO  interfaces.ContainerDeletionChoosingPolicyTemplate (ContainerDeletionChoosingPolicyTemplate.java:chooseContainerForBlockDeletion(83)) - Chosen 0/5000 blocks from 0 candidate containers.
2023-05-18 02:47:44,382 [BlockDeletingService#0] INFO  interfaces.ContainerDeletionChoosingPolicyTemplate (ContainerDeletionChoosingPolicyTemplate.java:chooseContainerForBlockDeletion(83)) - Chosen 0/5000 blocks from 0 candidate containers.
2023-05-18 02:47:44,969 [BlockDeletingService#2] INFO  interfaces.ContainerDeletionChoosingPolicyTemplate (ContainerDeletionChoosingPolicyTemplate.java:chooseContainerForBlockDeletion(83)) - Chosen 0/5000 blocks from 0 candidate containers.
2023-05-18 02:47:44,969 [BlockDeletingService#2] INFO  interfaces.ContainerDeletionChoosingPolicyTemplate (ContainerDeletionChoosingPolicyTemplate.java:chooseContainerForBlockDeletion(83)) - Chosen 0/5000 blocks from 0 candidate containers.
2023-05-18 02:47:45,097 [BlockDeletingService#2] INFO  interfaces.ContainerDeletionChoosingPolicyTemplate (ContainerDeletionChoosingPolicyTemplate.java:chooseContainerForBlockDeletion(83)) - Chosen 0/5000 blocks from 0 candidate containers.
2023-05-18 02:47:45,097 [BlockDeletingService#2] INFO  interfaces.ContainerDeletionChoosingPolicyTemplate (ContainerDeletionChoosingPolicyTemplate.java:chooseContainerForBlockDeletion(83)) - Chosen 0/5000 blocks from 0 candidate containers.
2023-05-18 02:47:45,097 [BlockDeletingService#2] INFO  interfaces.ContainerDeletionChoosingPolicyTemplate (ContainerDeletionChoosingPolicyTemplate.java:chooseContainerForBlockDeletion(83)) - Chosen 0/5000 blocks from 0 candidate containers.
2023-05-18 02:47:45,194 [BlockDeletingService#2] INFO  interfaces.ContainerDeletionChoosingPolicyTemplate (ContainerDeletionChoosingPolicyTemplate.java:chooseContainerForBlockDeletion(83)) - Chosen 0/5000 blocks from 0 candidate containers.
2023-05-18 02:47:45,382 [BlockDeletingService#2] INFO  interfaces.ContainerDeletionChoosingPolicyTemplate (ContainerDeletionChoosingPolicyTemplate.java:chooseContainerForBlockDeletion(83)) - Chosen 0/5000 blocks from 0 candidate containers.
2023-05-18 02:47:45,382 [BlockDeletingService#0] INFO  interfaces.ContainerDeletionChoosingPolicyTemplate (ContainerDeletionChoosingPolicyTemplate.java:chooseContainerForBlockDeletion(83)) - Chosen 0/5000 blocks from 0 candidate containers.
2023-05-18 02:47:45,969 [BlockDeletingService#2] INFO  interfaces.ContainerDeletionChoosingPolicyTemplate (ContainerDeletionChoosingPolicyTemplate.java:chooseContainerForBlockDeletion(83)) - Chosen 0/5000 blocks from 0 candidate containers.
2023-05-18 02:47:45,969 [BlockDeletingService#2] INFO  interfaces.ContainerDeletionChoosingPolicyTemplate (ContainerDeletionChoosingPolicyTemplate.java:chooseContainerForBlockDeletion(83)) - Chosen 0/5000 blocks from 0 candidate containers.
2023-05-18 02:47:46,097 [BlockDeletingService#2] INFO  interfaces.ContainerDeletionChoosingPolicyTemplate (ContainerDeletionChoosingPolicyTemplate.java:chooseContainerForBlockDeletion(83)) - Chosen 0/5000 blocks from 0 candidate containers.
2023-05-18 02:47:46,097 [BlockDeletingService#2] INFO  interfaces.ContainerDeletionChoosingPolicyTemplate (ContainerDeletionChoosingPolicyTemplate.java:chooseContainerForBlockDeletion(83)) - Chosen 0/5000 blocks from 0 candidate containers.
2023-05-18 02:47:46,097 [BlockDeletingService#2] INFO  interfaces.ContainerDeletionChoosingPolicyTemplate (ContainerDeletionChoosingPolicyTemplate.java:chooseContainerForBlockDeletion(83)) - Chosen 0/5000 blocks from 0 candidate containers.
2023-05-18 02:47:46,194 [BlockDeletingService#2] INFO  interfaces.ContainerDeletionChoosingPolicyTemplate (ContainerDeletionChoosingPolicyTemplate.java:chooseContainerForBlockDeletion(83)) - Chosen 0/5000 blocks from 0 candidate containers.
2023-05-18 02:47:46,383 [BlockDeletingService#2] INFO  interfaces.ContainerDeletionChoosingPolicyTemplate (ContainerDeletionChoosingPolicyTemplate.java:chooseContainerForBlockDeletion(83)) - Chosen 0/5000 blocks from 0 candidate containers.
2023-05-18 02:47:46,383 [BlockDeletingService#0] INFO  interfaces.ContainerDeletionChoosingPolicyTemplate (ContainerDeletionChoosingPolicyTemplate.java:chooseContainerForBlockDeletion(83)) - Chosen 0/5000 blocks from 0 candidate containers.
2023-05-18 02:47:46,969 [BlockDeletingService#2] INFO  interfaces.ContainerDeletionChoosingPolicyTemplate (ContainerDeletionChoosingPolicyTemplate.java:chooseContainerForBlockDeletion(83)) - Chosen 0/5000 blocks from 0 candidate containers.
2023-05-18 02:47:46,969 [BlockDeletingService#2] INFO  interfaces.ContainerDeletionChoosingPolicyTemplate (ContainerDeletionChoosingPolicyTemplate.java:chooseContainerForBlockDeletion(83)) - Chosen 0/5000 blocks from 0 candidate containers.
2023-05-18 02:47:47,097 [BlockDeletingService#2] INFO  interfaces.ContainerDeletionChoosingPolicyTemplate (ContainerDeletionChoosingPolicyTemplate.java:chooseContainerForBlockDeletion(83)) - Chosen 0/5000 blocks from 0 candidate containers.
2023-05-18 02:47:47,097 [BlockDeletingService#2] INFO  interfaces.ContainerDeletionChoosingPolicyTemplate (ContainerDeletionChoosingPolicyTemplate.java:chooseContainerForBlockDeletion(83)) - Chosen 0/5000 blocks from 0 candidate containers.
2023-05-18 02:47:47,098 [BlockDeletingService#2] INFO  interfaces.ContainerDeletionChoosingPolicyTemplate (ContainerDeletionChoosingPolicyTemplate.java:chooseContainerForBlockDeletion(83)) - Chosen 0/5000 blocks from 0 candidate containers.
2023-05-18 02:47:47,194 [BlockDeletingService#2] INFO  interfaces.ContainerDeletionChoosingPolicyTemplate (ContainerDeletionChoosingPolicyTemplate.java:chooseContainerForBlockDeletion(83)) - Chosen 0/5000 blocks from 0 candidate containers.
2023-05-18 02:47:47,383 [BlockDeletingService#2] INFO  interfaces.ContainerDeletionChoosingPolicyTemplate (ContainerDeletionChoosingPolicyTemplate.java:chooseContainerForBlockDeletion(83)) - Chosen 0/5000 blocks from 0 candidate containers.
2023-05-18 02:47:47,383 [BlockDeletingService#0] INFO  interfaces.ContainerDeletionChoosingPolicyTemplate (ContainerDeletionChoosingPolicyTemplate.java:chooseContainerForBlockDeletion(83)) - Chosen 0/5000 blocks from 0 candidate containers.
2023-05-18 02:47:47,969 [BlockDeletingService#2] INFO  interfaces.ContainerDeletionChoosingPolicyTemplate (ContainerDeletionChoosingPolicyTemplate.java:chooseContainerForBlockDeletion(83)) - Chosen 0/5000 blocks from 0 candidate containers.
2023-05-18 02:47:47,969 [BlockDeletingService#2] INFO  interfaces.ContainerDeletionChoosingPolicyTemplate (ContainerDeletionChoosingPolicyTemplate.java:chooseContainerForBlockDeletion(83)) - Chosen 0/5000 blocks from 0 candidate containers.
2023-05-18 02:47:48,098 [BlockDeletingService#2] INFO  interfaces.ContainerDeletionChoosingPolicyTemplate (ContainerDeletionChoosingPolicyTemplate.java:chooseContainerForBlockDeletion(83)) - Chosen 0/5000 blocks from 0 candidate containers.
2023-05-18 02:47:48,098 [BlockDeletingService#2] INFO  interfaces.ContainerDeletionChoosingPolicyTemplate (ContainerDeletionChoosingPolicyTemplate.java:chooseContainerForBlockDeletion(83)) - Chosen 0/5000 blocks from 0 candidate containers.
2023-05-18 02:47:48,098 [BlockDeletingService#2] INFO  interfaces.ContainerDeletionChoosingPolicyTemplate (ContainerDeletionChoosingPolicyTemplate.java:chooseContainerForBlockDeletion(83)) - Chosen 0/5000 blocks from 0 candidate containers.
2023-05-18 02:47:48,195 [BlockDeletingService#2] INFO  interfaces.ContainerDeletionChoosingPolicyTemplate (ContainerDeletionChoosingPolicyTemplate.java:chooseContainerForBlockDeletion(83)) - Chosen 0/5000 blocks from 0 candidate containers.
2023-05-18 02:47:48,383 [BlockDeletingService#2] INFO  interfaces.ContainerDeletionChoosingPolicyTemplate (ContainerDeletionChoosingPolicyTemplate.java:chooseContainerForBlockDeletion(83)) - Chosen 0/5000 blocks from 0 candidate containers.
2023-05-18 02:47:48,383 [BlockDeletingService#0] INFO  interfaces.ContainerDeletionChoosingPolicyTemplate (ContainerDeletionChoosingPolicyTemplate.java:chooseContainerForBlockDeletion(83)) - Chosen 0/5000 blocks from 0 candidate containers.
2023-05-18 02:47:48,970 [BlockDeletingService#2] INFO  interfaces.ContainerDeletionChoosingPolicyTemplate (ContainerDeletionChoosingPolicyTemplate.java:chooseContainerForBlockDeletion(83)) - Chosen 0/5000 blocks from 0 candidate containers.
2023-05-18 02:47:48,970 [BlockDeletingService#2] INFO  interfaces.ContainerDeletionChoosingPolicyTemplate (ContainerDeletionChoosingPolicyTemplate.java:chooseContainerForBlockDeletion(83)) - Chosen 0/5000 blocks from 0 candidate containers.
2023-05-18 02:47:49,098 [BlockDeletingService#2] INFO  interfaces.ContainerDeletionChoosingPolicyTemplate (ContainerDeletionChoosingPolicyTemplate.java:chooseContainerForBlockDeletion(83)) - Chosen 0/5000 blocks from 0 candidate containers.
2023-05-18 02:47:49,098 [BlockDeletingService#2] INFO  interfaces.ContainerDeletionChoosingPolicyTemplate (ContainerDeletionChoosingPolicyTemplate.java:chooseContainerForBlockDeletion(83)) - Chosen 0/5000 blocks from 0 candidate containers.
2023-05-18 02:47:49,098 [BlockDeletingService#2] INFO  interfaces.ContainerDeletionChoosingPolicyTemplate (ContainerDeletionChoosingPolicyTemplate.java:chooseContainerForBlockDeletion(83)) - Chosen 0/5000 blocks from 0 candidate containers.
2023-05-18 02:47:49,195 [BlockDeletingService#2] INFO  interfaces.ContainerDeletionChoosingPolicyTemplate (ContainerDeletionChoosingPolicyTemplate.java:chooseContainerForBlockDeletion(83)) - Chosen 0/5000 blocks from 0 candidate containers.
2023-05-18 02:47:49,383 [BlockDeletingService#2] INFO  interfaces.ContainerDeletionChoosingPolicyTemplate (ContainerDeletionChoosingPolicyTemplate.java:chooseContainerForBlockDeletion(83)) - Chosen 0/5000 blocks from 0 candidate containers.
2023-05-18 02:47:49,384 [BlockDeletingService#0] INFO  interfaces.ContainerDeletionChoosingPolicyTemplate (ContainerDeletionChoosingPolicyTemplate.java:chooseContainerForBlockDeletion(83)) - Chosen 0/5000 blocks from 0 candidate containers.
2023-05-18 02:47:49,970 [BlockDeletingService#2] INFO  interfaces.ContainerDeletionChoosingPolicyTemplate (ContainerDeletionChoosingPolicyTemplate.java:chooseContainerForBlockDeletion(83)) - Chosen 0/5000 blocks from 0 candidate containers.
2023-05-18 02:47:49,970 [BlockDeletingService#2] INFO  interfaces.ContainerDeletionChoosingPolicyTemplate (ContainerDeletionChoosingPolicyTemplate.java:chooseContainerForBlockDeletion(83)) - Chosen 0/5000 blocks from 0 candidate containers.
2023-05-18 02:47:49,974 [Listener at 127.0.0.1/15004] ERROR scm.XceiverClientGrpc (XceiverClientGrpc.java:sendCommandWithRetry(453)) - Failed to execute command CreateContainer on the pipeline Pipeline[ Id: cdb47a29-4a1f-4db8-b63a-d387c7770a1d, Nodes: cdb47a29-4a1f-4db8-b63a-d387c7770a1d(localhost-215.136.113.92/215.136.113.92), ReplicationConfig: EC{rs-3-2-1024k}, State:CLOSED, leaderId:, CreationTimestamp2023-05-18T02:47:19.969Z[Etc/UTC]].
2023-05-18 02:47:49,975 [Listener at 127.0.0.1/15004] WARN  reconstruction.ECReconstructionCoordinator (ECReconstructionCoordinator.java:reconstructECContainerGroup(188)) - Exception while reconstructing the container 1. Cleaning up all the recovering containers in the reconstruction process.
java.io.IOException: java.util.concurrent.ExecutionException: org.apache.ratis.thirdparty.io.grpc.StatusRuntimeException: DEADLINE_EXCEEDED: deadline exceeded after 29.999595494s. [closed=[], open=[[buffered_nanos=29999847726, waiting_for_connection]]]
	at org.apache.hadoop.hdds.scm.XceiverClientGrpc.sendCommandWithRetry(XceiverClientGrpc.java:436)
	at org.apache.hadoop.hdds.scm.XceiverClientGrpc.lambda$sendCommandWithTraceIDAndRetry$0(XceiverClientGrpc.java:349)
	at org.apache.hadoop.hdds.tracing.TracingUtil.executeInSpan(TracingUtil.java:196)
	at org.apache.hadoop.hdds.tracing.TracingUtil.executeInNewSpan(TracingUtil.java:170)
	at org.apache.hadoop.hdds.scm.XceiverClientGrpc.sendCommandWithTraceIDAndRetry(XceiverClientGrpc.java:343)
	at org.apache.hadoop.hdds.scm.XceiverClientGrpc.sendCommand(XceiverClientGrpc.java:324)
	at org.apache.hadoop.hdds.scm.storage.ContainerProtocolCalls.createContainer(ContainerProtocolCalls.java:579)
	at org.apache.hadoop.hdds.scm.storage.ContainerProtocolCalls.createRecoveringContainer(ContainerProtocolCalls.java:530)
	at org.apache.hadoop.ozone.container.ec.reconstruction.ECContainerOperationClient.createRecoveringContainer(ECContainerOperationClient.java:169)
	at org.apache.hadoop.ozone.container.ec.reconstruction.ECReconstructionCoordinator.reconstructECContainerGroup(ECReconstructionCoordinator.java:161)
	at org.apache.hadoop.hdds.scm.storage.TestContainerCommandsEC.lambda$testECReconstructionCoordinatorShouldCleanupContainersOnFailure$18(TestContainerCommandsEC.java:781)
	at org.junit.Assert.assertThrows(Assert.java:1001)
	at org.junit.Assert.assertThrows(Assert.java:981)
	at org.apache.hadoop.hdds.scm.storage.TestContainerCommandsEC.testECReconstructionCoordinatorShouldCleanupContainersOnFailure(TestContainerCommandsEC.java:777)
	at sun.reflect.NativeMethodAccessorImpl.invoke0(Native Method)
	at sun.reflect.NativeMethodAccessorImpl.invoke(NativeMethodAccessorImpl.java:62)
	at sun.reflect.DelegatingMethodAccessorImpl.invoke(DelegatingMethodAccessorImpl.java:43)
	at java.lang.reflect.Method.invoke(Method.java:498)
	at org.junit.platform.commons.util.ReflectionUtils.invokeMethod(ReflectionUtils.java:725)
	at org.junit.jupiter.engine.execution.MethodInvocation.proceed(MethodInvocation.java:60)
	at org.junit.jupiter.engine.execution.InvocationInterceptorChain$ValidatingInvocation.proceed(InvocationInterceptorChain.java:131)
	at org.junit.jupiter.engine.extension.TimeoutExtension.intercept(TimeoutExtension.java:149)
	at org.junit.jupiter.engine.extension.TimeoutExtension.interceptTestableMethod(TimeoutExtension.java:140)
	at org.junit.jupiter.engine.extension.TimeoutExtension.interceptTestMethod(TimeoutExtension.java:84)
	at org.junit.jupiter.engine.execution.ExecutableInvoker$ReflectiveInterceptorCall.lambda$ofVoidMethod$0(ExecutableInvoker.java:115)
	at org.junit.jupiter.engine.execution.ExecutableInvoker.lambda$invoke$0(ExecutableInvoker.java:105)
	at org.junit.jupiter.engine.execution.InvocationInterceptorChain$InterceptedInvocation.proceed(InvocationInterceptorChain.java:106)
	at org.junit.jupiter.engine.execution.InvocationInterceptorChain.proceed(InvocationInterceptorChain.java:64)
	at org.junit.jupiter.engine.execution.InvocationInterceptorChain.chainAndInvoke(InvocationInterceptorChain.java:45)
	at org.junit.jupiter.engine.execution.InvocationInterceptorChain.invoke(InvocationInterceptorChain.java:37)
	at org.junit.jupiter.engine.execution.ExecutableInvoker.invoke(ExecutableInvoker.java:104)
	at org.junit.jupiter.engine.execution.ExecutableInvoker.invoke(ExecutableInvoker.java:98)
	at org.junit.jupiter.engine.descriptor.TestMethodTestDescriptor.lambda$invokeTestMethod$7(TestMethodTestDescriptor.java:214)
	at org.junit.platform.engine.support.hierarchical.ThrowableCollector.execute(ThrowableCollector.java:73)
	at org.junit.jupiter.engine.descriptor.TestMethodTestDescriptor.invokeTestMethod(TestMethodTestDescriptor.java:210)
	at org.junit.jupiter.engine.descriptor.TestMethodTestDescriptor.execute(TestMethodTestDescriptor.java:135)
	at org.junit.jupiter.engine.descriptor.TestMethodTestDescriptor.execute(TestMethodTestDescriptor.java:66)
	at org.junit.platform.engine.support.hierarchical.NodeTestTask.lambda$executeRecursively$6(NodeTestTask.java:151)
	at org.junit.platform.engine.support.hierarchical.ThrowableCollector.execute(ThrowableCollector.java:73)
	at org.junit.platform.engine.support.hierarchical.NodeTestTask.lambda$executeRecursively$8(NodeTestTask.java:141)
	at org.junit.platform.engine.support.hierarchical.Node.around(Node.java:137)
	at org.junit.platform.engine.support.hierarchical.NodeTestTask.lambda$executeRecursively$9(NodeTestTask.java:139)
	at org.junit.platform.engine.support.hierarchical.ThrowableCollector.execute(ThrowableCollector.java:73)
	at org.junit.platform.engine.support.hierarchical.NodeTestTask.executeRecursively(NodeTestTask.java:138)
	at org.junit.platform.engine.support.hierarchical.NodeTestTask.execute(NodeTestTask.java:95)
	at java.util.ArrayList.forEach(ArrayList.java:1259)
	at org.junit.platform.engine.support.hierarchical.SameThreadHierarchicalTestExecutorService.invokeAll(SameThreadHierarchicalTestExecutorService.java:41)
	at org.junit.platform.engine.support.hierarchical.NodeTestTask.lambda$executeRecursively$6(NodeTestTask.java:155)
	at org.junit.platform.engine.support.hierarchical.ThrowableCollector.execute(ThrowableCollector.java:73)
	at org.junit.platform.engine.support.hierarchical.NodeTestTask.lambda$executeRecursively$8(NodeTestTask.java:141)
	at org.junit.platform.engine.support.hierarchical.Node.around(Node.java:137)
	at org.junit.platform.engine.support.hierarchical.NodeTestTask.lambda$executeRecursively$9(NodeTestTask.java:139)
	at org.junit.platform.engine.support.hierarchical.ThrowableCollector.execute(ThrowableCollector.java:73)
	at org.junit.platform.engine.support.hierarchical.NodeTestTask.executeRecursively(NodeTestTask.java:138)
	at org.junit.platform.engine.support.hierarchical.NodeTestTask.execute(NodeTestTask.java:95)
	at java.util.ArrayList.forEach(ArrayList.java:1259)
	at org.junit.platform.engine.support.hierarchical.SameThreadHierarchicalTestExecutorService.invokeAll(SameThreadHierarchicalTestExecutorService.java:41)
	at org.junit.platform.engine.support.hierarchical.NodeTestTask.lambda$executeRecursively$6(NodeTestTask.java:155)
	at org.junit.platform.engine.support.hierarchical.ThrowableCollector.execute(ThrowableCollector.java:73)
	at org.junit.platform.engine.support.hierarchical.NodeTestTask.lambda$executeRecursively$8(NodeTestTask.java:141)
	at org.junit.platform.engine.support.hierarchical.Node.around(Node.java:137)
	at org.junit.platform.engine.support.hierarchical.NodeTestTask.lambda$executeRecursively$9(NodeTestTask.java:139)
	at org.junit.platform.engine.support.hierarchical.ThrowableCollector.execute(ThrowableCollector.java:73)
	at org.junit.platform.engine.support.hierarchical.NodeTestTask.executeRecursively(NodeTestTask.java:138)
	at org.junit.platform.engine.support.hierarchical.NodeTestTask.execute(NodeTestTask.java:95)
	at org.junit.platform.engine.support.hierarchical.SameThreadHierarchicalTestExecutorService.submit(SameThreadHierarchicalTestExecutorService.java:35)
	at org.junit.platform.engine.support.hierarchical.HierarchicalTestExecutor.execute(HierarchicalTestExecutor.java:57)
	at org.junit.platform.engine.support.hierarchical.HierarchicalTestEngine.execute(HierarchicalTestEngine.java:54)
	at org.junit.platform.launcher.core.EngineExecutionOrchestrator.execute(EngineExecutionOrchestrator.java:107)
	at org.junit.platform.launcher.core.EngineExecutionOrchestrator.execute(EngineExecutionOrchestrator.java:88)
	at org.junit.platform.launcher.core.EngineExecutionOrchestrator.lambda$execute$0(EngineExecutionOrchestrator.java:54)
	at org.junit.platform.launcher.core.EngineExecutionOrchestrator.withInterceptedStreams(EngineExecutionOrchestrator.java:67)
	at org.junit.platform.launcher.core.EngineExecutionOrchestrator.execute(EngineExecutionOrchestrator.java:52)
	at org.junit.platform.launcher.core.DefaultLauncher.execute(DefaultLauncher.java:114)
	at org.junit.platform.launcher.core.DefaultLauncher.execute(DefaultLauncher.java:86)
	at org.junit.platform.launcher.core.DefaultLauncherSession$DelegatingLauncher.execute(DefaultLauncherSession.java:86)
	at org.junit.platform.launcher.core.SessionPerRequestLauncher.execute(SessionPerRequestLauncher.java:53)
	at org.apache.maven.surefire.junitplatform.JUnitPlatformProvider.execute(JUnitPlatformProvider.java:188)
	at org.apache.maven.surefire.junitplatform.JUnitPlatformProvider.invokeAllTests(JUnitPlatformProvider.java:154)
	at org.apache.maven.surefire.junitplatform.JUnitPlatformProvider.invoke(JUnitPlatformProvider.java:124)
	at org.apache.maven.surefire.booter.ForkedBooter.runSuitesInProcess(ForkedBooter.java:428)
	at org.apache.maven.surefire.booter.ForkedBooter.execute(ForkedBooter.java:162)
	at org.apache.maven.surefire.booter.ForkedBooter.run(ForkedBooter.java:562)
	at org.apache.maven.surefire.booter.ForkedBooter.main(ForkedBooter.java:548)
Caused by: java.util.concurrent.ExecutionException: org.apache.ratis.thirdparty.io.grpc.StatusRuntimeException: DEADLINE_EXCEEDED: deadline exceeded after 29.999595494s. [closed=[], open=[[buffered_nanos=29999847726, waiting_for_connection]]]
	at java.util.concurrent.CompletableFuture.reportGet(CompletableFuture.java:357)
	at java.util.concurrent.CompletableFuture.get(CompletableFuture.java:1908)
	at org.apache.hadoop.hdds.scm.XceiverClientGrpc.sendCommandWithRetry(XceiverClientGrpc.java:407)
	... 83 more
Caused by: org.apache.ratis.thirdparty.io.grpc.StatusRuntimeException: DEADLINE_EXCEEDED: deadline exceeded after 29.999595494s. [closed=[], open=[[buffered_nanos=29999847726, waiting_for_connection]]]
	at org.apache.ratis.thirdparty.io.grpc.Status.asRuntimeException(Status.java:539)
	at org.apache.ratis.thirdparty.io.grpc.stub.ClientCalls$StreamObserverToCallListenerAdapter.onClose(ClientCalls.java:487)
	at org.apache.ratis.thirdparty.io.grpc.internal.DelayedClientCall$DelayedListener$3.run(DelayedClientCall.java:471)
	at org.apache.ratis.thirdparty.io.grpc.internal.DelayedClientCall$DelayedListener.delayOrExecute(DelayedClientCall.java:435)
	at org.apache.ratis.thirdparty.io.grpc.internal.DelayedClientCall$DelayedListener.onClose(DelayedClientCall.java:468)
	at org.apache.ratis.thirdparty.io.grpc.internal.ClientCallImpl.closeObserver(ClientCallImpl.java:563)
	at org.apache.ratis.thirdparty.io.grpc.internal.ClientCallImpl.access$300(ClientCallImpl.java:70)
	at org.apache.ratis.thirdparty.io.grpc.internal.ClientCallImpl$ClientStreamListenerImpl$1StreamClosed.runInternal(ClientCallImpl.java:744)
	at org.apache.ratis.thirdparty.io.grpc.internal.ClientCallImpl$ClientStreamListenerImpl$1StreamClosed.runInContext(ClientCallImpl.java:723)
	at org.apache.ratis.thirdparty.io.grpc.internal.ContextRunnable.run(ContextRunnable.java:37)
	at org.apache.ratis.thirdparty.io.grpc.internal.SerializingExecutor.run(SerializingExecutor.java:133)
	at java.util.concurrent.ThreadPoolExecutor.runWorker(ThreadPoolExecutor.java:1149)
	at java.util.concurrent.ThreadPoolExecutor$Worker.run(ThreadPoolExecutor.java:624)
	at java.lang.Thread.run(Thread.java:750)
02:47:50.065 [ChunkReader-3] ERROR DNAudit - user=null | ip=null | op=LIST_BLOCK {count=2147483647, startLocalID=0} | ret=FAILURE
org.apache.hadoop.hdds.scm.container.common.helpers.StorageContainerException: ContainerID 1 does not exist
	at org.apache.hadoop.ozone.container.common.impl.HddsDispatcher.dispatchRequest(HddsDispatcher.java:293) ~[hdds-container-service-1.4.0-SNAPSHOT.jar:?]
	at org.apache.hadoop.ozone.container.common.impl.HddsDispatcher.lambda$dispatch$0(HddsDispatcher.java:173) ~[hdds-container-service-1.4.0-SNAPSHOT.jar:?]
	at org.apache.hadoop.hdds.server.OzoneProtocolMessageDispatcher.processRequest(OzoneProtocolMessageDispatcher.java:87) [hdds-server-framework-1.4.0-SNAPSHOT.jar:?]
	at org.apache.hadoop.ozone.container.common.impl.HddsDispatcher.dispatch(HddsDispatcher.java:172) [hdds-container-service-1.4.0-SNAPSHOT.jar:?]
	at org.apache.hadoop.ozone.container.common.transport.server.GrpcXceiverService$1.onNext(GrpcXceiverService.java:57) [hdds-container-service-1.4.0-SNAPSHOT.jar:?]
	at org.apache.hadoop.ozone.container.common.transport.server.GrpcXceiverService$1.onNext(GrpcXceiverService.java:50) [hdds-container-service-1.4.0-SNAPSHOT.jar:?]
	at org.apache.ratis.thirdparty.io.grpc.stub.ServerCalls$StreamingServerCallHandler$StreamingServerCallListener.onMessage(ServerCalls.java:262) [ratis-thirdparty-misc-1.0.4.jar:1.0.4]
	at org.apache.ratis.thirdparty.io.grpc.ForwardingServerCallListener.onMessage(ForwardingServerCallListener.java:33) [ratis-thirdparty-misc-1.0.4.jar:1.0.4]
	at org.apache.hadoop.hdds.tracing.GrpcServerInterceptor$1.onMessage(GrpcServerInterceptor.java:49) [hdds-common-1.4.0-SNAPSHOT.jar:?]
	at org.apache.ratis.thirdparty.io.grpc.internal.ServerCallImpl$ServerStreamListenerImpl.messagesAvailableInternal(ServerCallImpl.java:333) [ratis-thirdparty-misc-1.0.4.jar:1.0.4]
	at org.apache.ratis.thirdparty.io.grpc.internal.ServerCallImpl$ServerStreamListenerImpl.messagesAvailable(ServerCallImpl.java:316) [ratis-thirdparty-misc-1.0.4.jar:1.0.4]
	at org.apache.ratis.thirdparty.io.grpc.internal.ServerImpl$JumpToApplicationThreadServerStreamListener$1MessagesAvailable.runInContext(ServerImpl.java:835) [ratis-thirdparty-misc-1.0.4.jar:1.0.4]
	at org.apache.ratis.thirdparty.io.grpc.internal.ContextRunnable.run(ContextRunnable.java:37) [ratis-thirdparty-misc-1.0.4.jar:1.0.4]
	at org.apache.ratis.thirdparty.io.grpc.internal.SerializingExecutor.run(SerializingExecutor.java:133) [ratis-thirdparty-misc-1.0.4.jar:1.0.4]
	at java.util.concurrent.ThreadPoolExecutor.runWorker(ThreadPoolExecutor.java:1149) [?:1.8.0_362]
	at java.util.concurrent.ThreadPoolExecutor$Worker.run(ThreadPoolExecutor.java:624) [?:1.8.0_362]
	at java.lang.Thread.run(Thread.java:750) [?:1.8.0_362]
2023-05-18 02:47:50,098 [BlockDeletingService#2] INFO  interfaces.ContainerDeletionChoosingPolicyTemplate (ContainerDeletionChoosingPolicyTemplate.java:chooseContainerForBlockDeletion(83)) - Chosen 0/5000 blocks from 0 candidate containers.
2023-05-18 02:47:50,099 [BlockDeletingService#2] INFO  interfaces.ContainerDeletionChoosingPolicyTemplate (ContainerDeletionChoosingPolicyTemplate.java:chooseContainerForBlockDeletion(83)) - Chosen 0/5000 blocks from 0 candidate containers.
2023-05-18 02:47:50,099 [BlockDeletingService#2] INFO  interfaces.ContainerDeletionChoosingPolicyTemplate (ContainerDeletionChoosingPolicyTemplate.java:chooseContainerForBlockDeletion(83)) - Chosen 0/5000 blocks from 0 candidate containers.
2023-05-18 02:47:50,110 [ChunkReader-3] WARN  impl.HddsDispatcher (ContainerUtils.java:logAndReturnError(91)) - Operation: ListBlock , Trace ID:  , Message: ContainerID 1 does not exist , Result: CONTAINER_NOT_FOUND , StorageContainerException Occurred.
org.apache.hadoop.hdds.scm.container.common.helpers.StorageContainerException: ContainerID 1 does not exist
	at org.apache.hadoop.ozone.container.common.impl.HddsDispatcher.dispatchRequest(HddsDispatcher.java:293)
	at org.apache.hadoop.ozone.container.common.impl.HddsDispatcher.lambda$dispatch$0(HddsDispatcher.java:173)
	at org.apache.hadoop.hdds.server.OzoneProtocolMessageDispatcher.processRequest(OzoneProtocolMessageDispatcher.java:87)
	at org.apache.hadoop.ozone.container.common.impl.HddsDispatcher.dispatch(HddsDispatcher.java:172)
	at org.apache.hadoop.ozone.container.common.transport.server.GrpcXceiverService$1.onNext(GrpcXceiverService.java:57)
	at org.apache.hadoop.ozone.container.common.transport.server.GrpcXceiverService$1.onNext(GrpcXceiverService.java:50)
	at org.apache.ratis.thirdparty.io.grpc.stub.ServerCalls$StreamingServerCallHandler$StreamingServerCallListener.onMessage(ServerCalls.java:262)
	at org.apache.ratis.thirdparty.io.grpc.ForwardingServerCallListener.onMessage(ForwardingServerCallListener.java:33)
	at org.apache.hadoop.hdds.tracing.GrpcServerInterceptor$1.onMessage(GrpcServerInterceptor.java:49)
	at org.apache.ratis.thirdparty.io.grpc.internal.ServerCallImpl$ServerStreamListenerImpl.messagesAvailableInternal(ServerCallImpl.java:333)
	at org.apache.ratis.thirdparty.io.grpc.internal.ServerCallImpl$ServerStreamListenerImpl.messagesAvailable(ServerCallImpl.java:316)
	at org.apache.ratis.thirdparty.io.grpc.internal.ServerImpl$JumpToApplicationThreadServerStreamListener$1MessagesAvailable.runInContext(ServerImpl.java:835)
	at org.apache.ratis.thirdparty.io.grpc.internal.ContextRunnable.run(ContextRunnable.java:37)
	at org.apache.ratis.thirdparty.io.grpc.internal.SerializingExecutor.run(SerializingExecutor.java:133)
	at java.util.concurrent.ThreadPoolExecutor.runWorker(ThreadPoolExecutor.java:1149)
	at java.util.concurrent.ThreadPoolExecutor$Worker.run(ThreadPoolExecutor.java:624)
	at java.lang.Thread.run(Thread.java:750)
2023-05-18 02:47:50,112 [Listener at 127.0.0.1/15004] ERROR scm.XceiverClientGrpc (XceiverClientGrpc.java:sendCommandWithRetry(453)) - Failed to execute command ListBlock on the pipeline Pipeline[ Id: a754d4c8-bbdd-415d-ab5e-ea5caa73cb25, Nodes: a754d4c8-bbdd-415d-ab5e-ea5caa73cb25(fv-az180-414.aibneqh1mxpuhl3tnnuy2ifbce.bx.internal.cloudapp.net/10.1.1.154), ReplicationConfig: EC{rs-3-2-1024k}, State:CLOSED, leaderId:, CreationTimestamp2023-05-18T02:47:50.045Z[Etc/UTC]].
]]></system-out>
  </testcase>
  <testcase name="testCreateRecoveryContainer" classname="org.apache.hadoop.hdds.scm.storage.TestContainerCommandsEC" time="0.123">
    <system-out><![CDATA[2023-05-18 02:47:50,145 [Listener at 127.0.0.1/15004] INFO  pipeline.PipelineStateManagerImpl (PipelineStateManagerImpl.java:addPipeline(103)) - Created pipeline Pipeline[ Id: cbdf42fb-03e1-451f-aa72-aa66c15cedf2, Nodes: a754d4c8-bbdd-415d-ab5e-ea5caa73cb25(fv-az180-414.aibneqh1mxpuhl3tnnuy2ifbce.bx.internal.cloudapp.net/10.1.1.154)a884725c-3443-458c-8df7-7c5a51101be7(fv-az180-414.aibneqh1mxpuhl3tnnuy2ifbce.bx.internal.cloudapp.net/10.1.1.154)5433f90b-26c2-4398-8df5-88afed94a773(fv-az180-414.aibneqh1mxpuhl3tnnuy2ifbce.bx.internal.cloudapp.net/10.1.1.154)4ccd21da-06a8-4ca3-bf16-e3c028fe0c77(fv-az180-414.aibneqh1mxpuhl3tnnuy2ifbce.bx.internal.cloudapp.net/10.1.1.154)5dc09123-b42c-44c8-87e3-729c385858db(fv-az180-414.aibneqh1mxpuhl3tnnuy2ifbce.bx.internal.cloudapp.net/10.1.1.154), ReplicationConfig: EC{rs-3-2-1024k}, State:ALLOCATED, leaderId:, CreationTimestamp2023-05-18T02:47:50.144Z[Etc/UTC]].
2023-05-18 02:47:50,195 [BlockDeletingService#2] INFO  interfaces.ContainerDeletionChoosingPolicyTemplate (ContainerDeletionChoosingPolicyTemplate.java:chooseContainerForBlockDeletion(83)) - Chosen 0/5000 blocks from 0 candidate containers.
2023-05-18 02:47:50,194 [ChunkReader-8] WARN  impl.HddsDispatcher (ContainerUtils.java:logAndReturnError(91)) - Operation: PutBlock , Trace ID:  , Message: Block token verification failed. Failed to find any token (empty or null.) , Result: BLOCK_TOKEN_VERIFICATION_FAILED , StorageContainerException Occurred.
org.apache.hadoop.hdds.scm.container.common.helpers.StorageContainerException: Block token verification failed. Failed to find any token (empty or null.)
	at org.apache.hadoop.ozone.container.common.impl.HddsDispatcher.dispatchRequest(HddsDispatcher.java:217)
	at org.apache.hadoop.ozone.container.common.impl.HddsDispatcher.lambda$dispatch$0(HddsDispatcher.java:173)
	at org.apache.hadoop.hdds.server.OzoneProtocolMessageDispatcher.processRequest(OzoneProtocolMessageDispatcher.java:87)
	at org.apache.hadoop.ozone.container.common.impl.HddsDispatcher.dispatch(HddsDispatcher.java:172)
	at org.apache.hadoop.ozone.container.common.transport.server.GrpcXceiverService$1.onNext(GrpcXceiverService.java:57)
	at org.apache.hadoop.ozone.container.common.transport.server.GrpcXceiverService$1.onNext(GrpcXceiverService.java:50)
	at org.apache.ratis.thirdparty.io.grpc.stub.ServerCalls$StreamingServerCallHandler$StreamingServerCallListener.onMessage(ServerCalls.java:262)
	at org.apache.ratis.thirdparty.io.grpc.ForwardingServerCallListener.onMessage(ForwardingServerCallListener.java:33)
	at org.apache.hadoop.hdds.tracing.GrpcServerInterceptor$1.onMessage(GrpcServerInterceptor.java:49)
	at org.apache.ratis.thirdparty.io.grpc.internal.ServerCallImpl$ServerStreamListenerImpl.messagesAvailableInternal(ServerCallImpl.java:333)
	at org.apache.ratis.thirdparty.io.grpc.internal.ServerCallImpl$ServerStreamListenerImpl.messagesAvailable(ServerCallImpl.java:316)
	at org.apache.ratis.thirdparty.io.grpc.internal.ServerImpl$JumpToApplicationThreadServerStreamListener$1MessagesAvailable.runInContext(ServerImpl.java:835)
	at org.apache.ratis.thirdparty.io.grpc.internal.ContextRunnable.run(ContextRunnable.java:37)
	at org.apache.ratis.thirdparty.io.grpc.internal.SerializingExecutor.run(SerializingExecutor.java:133)
	at java.util.concurrent.ThreadPoolExecutor.runWorker(ThreadPoolExecutor.java:1149)
	at java.util.concurrent.ThreadPoolExecutor$Worker.run(ThreadPoolExecutor.java:624)
	at java.lang.Thread.run(Thread.java:750)
Caused by: org.apache.hadoop.hdds.security.token.BlockTokenException: Failed to find any token (empty or null.)
	at org.apache.hadoop.hdds.security.token.TokenVerifier.verify(TokenVerifier.java:60)
	at org.apache.hadoop.ozone.container.common.impl.HddsDispatcher.validateToken(HddsDispatcher.java:462)
	at org.apache.hadoop.ozone.container.common.impl.HddsDispatcher.dispatchRequest(HddsDispatcher.java:214)
	... 16 more
2023-05-18 02:47:50,216 [ChunkReader-1] INFO  keyvalue.KeyValueContainer (KeyValueContainer.java:flushAndSyncDB(446)) - Container 2 is synced with bcsId 0.
2023-05-18 02:47:50,216 [ChunkReader-1] INFO  keyvalue.KeyValueContainer (KeyValueContainer.java:flushAndSyncDB(446)) - Container 2 is synced with bcsId 0.
2023-05-18 02:47:50,218 [ChunkReader-1] INFO  keyvalue.KeyValueContainer (KeyValueContainer.java:close(361)) - Container 2 is closed with bcsId 0.
2023-05-18 02:47:50,261 [ChunkReader-7] ERROR server.GrpcXceiverService (GrpcXceiverService.java:onError(70)) - ContainerCommand send on error. Exception: 
org.apache.ratis.thirdparty.io.grpc.StatusRuntimeException: CANCELLED: client cancelled
	at org.apache.ratis.thirdparty.io.grpc.Status.asRuntimeException(Status.java:530)
	at org.apache.ratis.thirdparty.io.grpc.stub.ServerCalls$StreamingServerCallHandler$StreamingServerCallListener.onCancel(ServerCalls.java:291)
	at org.apache.ratis.thirdparty.io.grpc.PartialForwardingServerCallListener.onCancel(PartialForwardingServerCallListener.java:40)
	at org.apache.ratis.thirdparty.io.grpc.ForwardingServerCallListener.onCancel(ForwardingServerCallListener.java:23)
	at org.apache.ratis.thirdparty.io.grpc.ForwardingServerCallListener$SimpleForwardingServerCallListener.onCancel(ForwardingServerCallListener.java:40)
	at org.apache.ratis.thirdparty.io.grpc.internal.ServerCallImpl$ServerStreamListenerImpl.closedInternal(ServerCallImpl.java:378)
	at org.apache.ratis.thirdparty.io.grpc.internal.ServerCallImpl$ServerStreamListenerImpl.closed(ServerCallImpl.java:365)
	at org.apache.ratis.thirdparty.io.grpc.internal.ServerImpl$JumpToApplicationThreadServerStreamListener$1Closed.runInContext(ServerImpl.java:923)
	at org.apache.ratis.thirdparty.io.grpc.internal.ContextRunnable.run(ContextRunnable.java:37)
	at org.apache.ratis.thirdparty.io.grpc.internal.SerializingExecutor.run(SerializingExecutor.java:133)
	at java.util.concurrent.ThreadPoolExecutor.runWorker(ThreadPoolExecutor.java:1149)
	at java.util.concurrent.ThreadPoolExecutor$Worker.run(ThreadPoolExecutor.java:624)
	at java.lang.Thread.run(Thread.java:750)
]]></system-out>
  </testcase>
  <testcase name="testListBlock" classname="org.apache.hadoop.hdds.scm.storage.TestContainerCommandsEC" time="0.065"/>
  <testcase name="testECReconstructionCoordinatorWithMissingIndexes135" classname="org.apache.hadoop.hdds.scm.storage.TestContainerCommandsEC" time="0.438">
    <system-out><![CDATA[2023-05-18 02:47:50,330 [Listener at 127.0.0.1/15004] INFO  rpc.RpcClient (RpcClient.java:createVolume(476)) - Creating Volume: f42df2b6-4fcf-4c7c-8105-994befab9a4a, with runner as owner and space quota set to -1 bytes, counts quota set to -1
2023-05-18 02:47:50,344 [OM StateMachine ApplyTransaction Thread - 0] INFO  volume.OMVolumeCreateRequest (OMVolumeCreateRequest.java:validateAndUpdateCache(196)) - created volume:f42df2b6-4fcf-4c7c-8105-994befab9a4a for user:runner
2023-05-18 02:47:50,350 [Listener at 127.0.0.1/15004] INFO  rpc.RpcClient (RpcClient.java:createBucket(698)) - Creating Bucket: f42df2b6-4fcf-4c7c-8105-994befab9a4a/f42df2b6-4fcf-4c7c-8105-994befab9a4a, with server-side default bucket layout, runner as owner, Versioning false, Storage Type set to DISK and Encryption set to false, Replication Type set to server-side default replication type, Namespace Quota set to -1, Space Quota set to -1 
2023-05-18 02:47:50,353 [OM StateMachine ApplyTransaction Thread - 0] INFO  bucket.OMBucketCreateRequest (OMBucketCreateRequest.java:validateAndUpdateCache(270)) - created bucket: f42df2b6-4fcf-4c7c-8105-994befab9a4a of layout FILE_SYSTEM_OPTIMIZED in volume: f42df2b6-4fcf-4c7c-8105-994befab9a4a
2023-05-18 02:47:50,384 [BlockDeletingService#2] INFO  interfaces.ContainerDeletionChoosingPolicyTemplate (ContainerDeletionChoosingPolicyTemplate.java:chooseContainerForBlockDeletion(83)) - Chosen 0/5000 blocks from 0 candidate containers.
2023-05-18 02:47:50,384 [BlockDeletingService#0] INFO  interfaces.ContainerDeletionChoosingPolicyTemplate (ContainerDeletionChoosingPolicyTemplate.java:chooseContainerForBlockDeletion(83)) - Chosen 0/5000 blocks from 0 candidate containers.
2023-05-18 02:47:50,407 [IPC Server handler 4 on default port 15001] INFO  pipeline.PipelineManagerImpl (PipelineManagerImpl.java:closePipeline(442)) - Pipeline Pipeline[ Id: cbdf42fb-03e1-451f-aa72-aa66c15cedf2, Nodes: a754d4c8-bbdd-415d-ab5e-ea5caa73cb25(fv-az180-414.aibneqh1mxpuhl3tnnuy2ifbce.bx.internal.cloudapp.net/10.1.1.154)a884725c-3443-458c-8df7-7c5a51101be7(fv-az180-414.aibneqh1mxpuhl3tnnuy2ifbce.bx.internal.cloudapp.net/10.1.1.154)5433f90b-26c2-4398-8df5-88afed94a773(fv-az180-414.aibneqh1mxpuhl3tnnuy2ifbce.bx.internal.cloudapp.net/10.1.1.154)4ccd21da-06a8-4ca3-bf16-e3c028fe0c77(fv-az180-414.aibneqh1mxpuhl3tnnuy2ifbce.bx.internal.cloudapp.net/10.1.1.154)5dc09123-b42c-44c8-87e3-729c385858db(fv-az180-414.aibneqh1mxpuhl3tnnuy2ifbce.bx.internal.cloudapp.net/10.1.1.154), ReplicationConfig: EC{rs-3-2-1024k}, State:OPEN, leaderId:, CreationTimestamp2023-05-18T02:47:50.144Z[Etc/UTC]] moved to CLOSED state
2023-05-18 02:47:50,408 [IPC Server handler 4 on default port 15001] INFO  pipeline.PipelineManagerImpl (PipelineManagerImpl.java:closePipeline(442)) - Pipeline Pipeline[ Id: 04dda09b-4b04-4d28-9dcb-bf16c3c5ad99, Nodes: dd0a355a-d343-4342-9afa-2dfa8fc9aea1(fv-az180-414.aibneqh1mxpuhl3tnnuy2ifbce.bx.internal.cloudapp.net/10.1.1.154)5433f90b-26c2-4398-8df5-88afed94a773(fv-az180-414.aibneqh1mxpuhl3tnnuy2ifbce.bx.internal.cloudapp.net/10.1.1.154)4ccd21da-06a8-4ca3-bf16-e3c028fe0c77(fv-az180-414.aibneqh1mxpuhl3tnnuy2ifbce.bx.internal.cloudapp.net/10.1.1.154)a884725c-3443-458c-8df7-7c5a51101be7(fv-az180-414.aibneqh1mxpuhl3tnnuy2ifbce.bx.internal.cloudapp.net/10.1.1.154)1d3b30df-d5fa-48f7-8d20-f176392eff1b(fv-az180-414.aibneqh1mxpuhl3tnnuy2ifbce.bx.internal.cloudapp.net/10.1.1.154), ReplicationConfig: EC{rs-3-2-1024k}, State:OPEN, leaderId:, CreationTimestamp2023-05-18T02:47:17.727Z[Etc/UTC]] moved to CLOSED state
2023-05-18 02:47:50,409 [IPC Server handler 4 on default port 15001] INFO  pipeline.PipelineStateManagerImpl (PipelineStateManagerImpl.java:addPipeline(103)) - Created pipeline Pipeline[ Id: 7997b0de-4669-48be-9829-65f6b3ad8e58, Nodes: 5433f90b-26c2-4398-8df5-88afed94a773(fv-az180-414.aibneqh1mxpuhl3tnnuy2ifbce.bx.internal.cloudapp.net/10.1.1.154)a884725c-3443-458c-8df7-7c5a51101be7(fv-az180-414.aibneqh1mxpuhl3tnnuy2ifbce.bx.internal.cloudapp.net/10.1.1.154)5dc09123-b42c-44c8-87e3-729c385858db(fv-az180-414.aibneqh1mxpuhl3tnnuy2ifbce.bx.internal.cloudapp.net/10.1.1.154)eda5bed9-420b-4517-a9a1-164df2c5dc2a(fv-az180-414.aibneqh1mxpuhl3tnnuy2ifbce.bx.internal.cloudapp.net/10.1.1.154)a754d4c8-bbdd-415d-ab5e-ea5caa73cb25(fv-az180-414.aibneqh1mxpuhl3tnnuy2ifbce.bx.internal.cloudapp.net/10.1.1.154), ReplicationConfig: EC{rs-3-2-1024k}, State:ALLOCATED, leaderId:, CreationTimestamp2023-05-18T02:47:50.409Z[Etc/UTC]].
2023-05-18 02:47:50,410 [IPC Server handler 4 on default port 15001] INFO  pipeline.PipelineManagerImpl (PipelineManagerImpl.java:openPipeline(367)) - Pipeline Pipeline[ Id: 7997b0de-4669-48be-9829-65f6b3ad8e58, Nodes: 5433f90b-26c2-4398-8df5-88afed94a773(fv-az180-414.aibneqh1mxpuhl3tnnuy2ifbce.bx.internal.cloudapp.net/10.1.1.154)a884725c-3443-458c-8df7-7c5a51101be7(fv-az180-414.aibneqh1mxpuhl3tnnuy2ifbce.bx.internal.cloudapp.net/10.1.1.154)5dc09123-b42c-44c8-87e3-729c385858db(fv-az180-414.aibneqh1mxpuhl3tnnuy2ifbce.bx.internal.cloudapp.net/10.1.1.154)eda5bed9-420b-4517-a9a1-164df2c5dc2a(fv-az180-414.aibneqh1mxpuhl3tnnuy2ifbce.bx.internal.cloudapp.net/10.1.1.154)a754d4c8-bbdd-415d-ab5e-ea5caa73cb25(fv-az180-414.aibneqh1mxpuhl3tnnuy2ifbce.bx.internal.cloudapp.net/10.1.1.154), ReplicationConfig: EC{rs-3-2-1024k}, State:ALLOCATED, leaderId:, CreationTimestamp2023-05-18T02:47:50.409Z[Etc/UTC]] moved to OPEN state
2023-05-18 02:47:50,568 [Listener at 127.0.0.1/15004] INFO  token.OzoneBlockTokenSecretManager (OzoneSecretManager.java:updateCurrentKey(175)) - Updating current master key for generating tokens. Cert id 1339200402336
2023-05-18 02:47:50,568 [Listener at 127.0.0.1/15004] INFO  token.ContainerTokenSecretManager (OzoneSecretManager.java:updateCurrentKey(175)) - Updating current master key for generating tokens. Cert id 1339200402336
2023-05-18 02:47:50,585 [IPC Server handler 5 on default port 15001] WARN  node.SCMNodeManager (SCMNodeManager.java:getNodesByAddress(1372)) - Cannot find node for address 127.0.0.1
2023-05-18 02:47:50,733 [Listener at 127.0.0.1/15004] WARN  reconstruction.ECReconstructionCoordinator (ECReconstructionCoordinator.java:reconstructECContainerGroup(188)) - Exception while reconstructing the container 3. Cleaning up all the recovering containers in the reconstruction process.
org.apache.hadoop.ozone.client.io.InsufficientLocationsException: There are insufficient datanodes to read the EC block
	at org.apache.hadoop.ozone.client.io.ECBlockReconstructedStripeInputStream.init(ECBlockReconstructedStripeInputStream.java:224)
	at org.apache.hadoop.ozone.client.io.ECBlockReconstructedStripeInputStream.read(ECBlockReconstructedStripeInputStream.java:360)
	at org.apache.hadoop.ozone.client.io.ECBlockReconstructedStripeInputStream.recoverChunks(ECBlockReconstructedStripeInputStream.java:331)
	at org.apache.hadoop.ozone.container.ec.reconstruction.ECReconstructionCoordinator.reconstructECBlockGroup(ECReconstructionCoordinator.java:295)
	at org.apache.hadoop.ozone.container.ec.reconstruction.ECReconstructionCoordinator.reconstructECContainerGroup(ECReconstructionCoordinator.java:171)
	at org.apache.hadoop.hdds.scm.storage.TestContainerCommandsEC.testECReconstructionCoordinator(TestContainerCommandsEC.java:660)
	at org.apache.hadoop.hdds.scm.storage.TestContainerCommandsEC.lambda$testECReconstructionCoordinatorWithMissingIndexes135$13(TestContainerCommandsEC.java:557)
	at org.junit.Assert.assertThrows(Assert.java:1001)
	at org.junit.Assert.assertThrows(Assert.java:981)
	at org.apache.hadoop.hdds.scm.storage.TestContainerCommandsEC.testECReconstructionCoordinatorWithMissingIndexes135(TestContainerCommandsEC.java:556)
	at sun.reflect.NativeMethodAccessorImpl.invoke0(Native Method)
	at sun.reflect.NativeMethodAccessorImpl.invoke(NativeMethodAccessorImpl.java:62)
	at sun.reflect.DelegatingMethodAccessorImpl.invoke(DelegatingMethodAccessorImpl.java:43)
	at java.lang.reflect.Method.invoke(Method.java:498)
	at org.junit.platform.commons.util.ReflectionUtils.invokeMethod(ReflectionUtils.java:725)
	at org.junit.jupiter.engine.execution.MethodInvocation.proceed(MethodInvocation.java:60)
	at org.junit.jupiter.engine.execution.InvocationInterceptorChain$ValidatingInvocation.proceed(InvocationInterceptorChain.java:131)
	at org.junit.jupiter.engine.extension.TimeoutExtension.intercept(TimeoutExtension.java:149)
	at org.junit.jupiter.engine.extension.TimeoutExtension.interceptTestableMethod(TimeoutExtension.java:140)
	at org.junit.jupiter.engine.extension.TimeoutExtension.interceptTestMethod(TimeoutExtension.java:84)
	at org.junit.jupiter.engine.execution.ExecutableInvoker$ReflectiveInterceptorCall.lambda$ofVoidMethod$0(ExecutableInvoker.java:115)
	at org.junit.jupiter.engine.execution.ExecutableInvoker.lambda$invoke$0(ExecutableInvoker.java:105)
	at org.junit.jupiter.engine.execution.InvocationInterceptorChain$InterceptedInvocation.proceed(InvocationInterceptorChain.java:106)
	at org.junit.jupiter.engine.execution.InvocationInterceptorChain.proceed(InvocationInterceptorChain.java:64)
	at org.junit.jupiter.engine.execution.InvocationInterceptorChain.chainAndInvoke(InvocationInterceptorChain.java:45)
	at org.junit.jupiter.engine.execution.InvocationInterceptorChain.invoke(InvocationInterceptorChain.java:37)
	at org.junit.jupiter.engine.execution.ExecutableInvoker.invoke(ExecutableInvoker.java:104)
	at org.junit.jupiter.engine.execution.ExecutableInvoker.invoke(ExecutableInvoker.java:98)
	at org.junit.jupiter.engine.descriptor.TestMethodTestDescriptor.lambda$invokeTestMethod$7(TestMethodTestDescriptor.java:214)
	at org.junit.platform.engine.support.hierarchical.ThrowableCollector.execute(ThrowableCollector.java:73)
	at org.junit.jupiter.engine.descriptor.TestMethodTestDescriptor.invokeTestMethod(TestMethodTestDescriptor.java:210)
	at org.junit.jupiter.engine.descriptor.TestMethodTestDescriptor.execute(TestMethodTestDescriptor.java:135)
	at org.junit.jupiter.engine.descriptor.TestMethodTestDescriptor.execute(TestMethodTestDescriptor.java:66)
	at org.junit.platform.engine.support.hierarchical.NodeTestTask.lambda$executeRecursively$6(NodeTestTask.java:151)
	at org.junit.platform.engine.support.hierarchical.ThrowableCollector.execute(ThrowableCollector.java:73)
	at org.junit.platform.engine.support.hierarchical.NodeTestTask.lambda$executeRecursively$8(NodeTestTask.java:141)
	at org.junit.platform.engine.support.hierarchical.Node.around(Node.java:137)
	at org.junit.platform.engine.support.hierarchical.NodeTestTask.lambda$executeRecursively$9(NodeTestTask.java:139)
	at org.junit.platform.engine.support.hierarchical.ThrowableCollector.execute(ThrowableCollector.java:73)
	at org.junit.platform.engine.support.hierarchical.NodeTestTask.executeRecursively(NodeTestTask.java:138)
	at org.junit.platform.engine.support.hierarchical.NodeTestTask.execute(NodeTestTask.java:95)
	at java.util.ArrayList.forEach(ArrayList.java:1259)
	at org.junit.platform.engine.support.hierarchical.SameThreadHierarchicalTestExecutorService.invokeAll(SameThreadHierarchicalTestExecutorService.java:41)
	at org.junit.platform.engine.support.hierarchical.NodeTestTask.lambda$executeRecursively$6(NodeTestTask.java:155)
	at org.junit.platform.engine.support.hierarchical.ThrowableCollector.execute(ThrowableCollector.java:73)
	at org.junit.platform.engine.support.hierarchical.NodeTestTask.lambda$executeRecursively$8(NodeTestTask.java:141)
	at org.junit.platform.engine.support.hierarchical.Node.around(Node.java:137)
	at org.junit.platform.engine.support.hierarchical.NodeTestTask.lambda$executeRecursively$9(NodeTestTask.java:139)
	at org.junit.platform.engine.support.hierarchical.ThrowableCollector.execute(ThrowableCollector.java:73)
	at org.junit.platform.engine.support.hierarchical.NodeTestTask.executeRecursively(NodeTestTask.java:138)
	at org.junit.platform.engine.support.hierarchical.NodeTestTask.execute(NodeTestTask.java:95)
	at java.util.ArrayList.forEach(ArrayList.java:1259)
	at org.junit.platform.engine.support.hierarchical.SameThreadHierarchicalTestExecutorService.invokeAll(SameThreadHierarchicalTestExecutorService.java:41)
	at org.junit.platform.engine.support.hierarchical.NodeTestTask.lambda$executeRecursively$6(NodeTestTask.java:155)
	at org.junit.platform.engine.support.hierarchical.ThrowableCollector.execute(ThrowableCollector.java:73)
	at org.junit.platform.engine.support.hierarchical.NodeTestTask.lambda$executeRecursively$8(NodeTestTask.java:141)
	at org.junit.platform.engine.support.hierarchical.Node.around(Node.java:137)
	at org.junit.platform.engine.support.hierarchical.NodeTestTask.lambda$executeRecursively$9(NodeTestTask.java:139)
	at org.junit.platform.engine.support.hierarchical.ThrowableCollector.execute(ThrowableCollector.java:73)
	at org.junit.platform.engine.support.hierarchical.NodeTestTask.executeRecursively(NodeTestTask.java:138)
	at org.junit.platform.engine.support.hierarchical.NodeTestTask.execute(NodeTestTask.java:95)
	at org.junit.platform.engine.support.hierarchical.SameThreadHierarchicalTestExecutorService.submit(SameThreadHierarchicalTestExecutorService.java:35)
	at org.junit.platform.engine.support.hierarchical.HierarchicalTestExecutor.execute(HierarchicalTestExecutor.java:57)
	at org.junit.platform.engine.support.hierarchical.HierarchicalTestEngine.execute(HierarchicalTestEngine.java:54)
	at org.junit.platform.launcher.core.EngineExecutionOrchestrator.execute(EngineExecutionOrchestrator.java:107)
	at org.junit.platform.launcher.core.EngineExecutionOrchestrator.execute(EngineExecutionOrchestrator.java:88)
	at org.junit.platform.launcher.core.EngineExecutionOrchestrator.lambda$execute$0(EngineExecutionOrchestrator.java:54)
	at org.junit.platform.launcher.core.EngineExecutionOrchestrator.withInterceptedStreams(EngineExecutionOrchestrator.java:67)
	at org.junit.platform.launcher.core.EngineExecutionOrchestrator.execute(EngineExecutionOrchestrator.java:52)
	at org.junit.platform.launcher.core.DefaultLauncher.execute(DefaultLauncher.java:114)
	at org.junit.platform.launcher.core.DefaultLauncher.execute(DefaultLauncher.java:86)
	at org.junit.platform.launcher.core.DefaultLauncherSession$DelegatingLauncher.execute(DefaultLauncherSession.java:86)
	at org.junit.platform.launcher.core.SessionPerRequestLauncher.execute(SessionPerRequestLauncher.java:53)
	at org.apache.maven.surefire.junitplatform.JUnitPlatformProvider.execute(JUnitPlatformProvider.java:188)
	at org.apache.maven.surefire.junitplatform.JUnitPlatformProvider.invokeAllTests(JUnitPlatformProvider.java:154)
	at org.apache.maven.surefire.junitplatform.JUnitPlatformProvider.invoke(JUnitPlatformProvider.java:124)
	at org.apache.maven.surefire.booter.ForkedBooter.runSuitesInProcess(ForkedBooter.java:428)
	at org.apache.maven.surefire.booter.ForkedBooter.execute(ForkedBooter.java:162)
	at org.apache.maven.surefire.booter.ForkedBooter.run(ForkedBooter.java:562)
	at org.apache.maven.surefire.booter.ForkedBooter.main(ForkedBooter.java:548)
]]></system-out>
  </testcase>
  <testcase name="testECReconstructionCoordinatorWith(List)[1]" classname="org.apache.hadoop.hdds.scm.storage.TestContainerCommandsEC" time="0.453">
    <system-out><![CDATA[2023-05-18 02:47:50,816 [Listener at 127.0.0.1/15004] INFO  rpc.RpcClient (RpcClient.java:createVolume(476)) - Creating Volume: 385fe1f3-d0bd-4911-b463-d132da67e846, with runner as owner and space quota set to -1 bytes, counts quota set to -1
2023-05-18 02:47:50,821 [OM StateMachine ApplyTransaction Thread - 0] INFO  volume.OMVolumeCreateRequest (OMVolumeCreateRequest.java:validateAndUpdateCache(196)) - created volume:385fe1f3-d0bd-4911-b463-d132da67e846 for user:runner
2023-05-18 02:47:50,827 [Listener at 127.0.0.1/15004] INFO  rpc.RpcClient (RpcClient.java:createBucket(698)) - Creating Bucket: 385fe1f3-d0bd-4911-b463-d132da67e846/385fe1f3-d0bd-4911-b463-d132da67e846, with server-side default bucket layout, runner as owner, Versioning false, Storage Type set to DISK and Encryption set to false, Replication Type set to server-side default replication type, Namespace Quota set to -1, Space Quota set to -1 
2023-05-18 02:47:50,831 [OM StateMachine ApplyTransaction Thread - 0] INFO  bucket.OMBucketCreateRequest (OMBucketCreateRequest.java:validateAndUpdateCache(270)) - created bucket: 385fe1f3-d0bd-4911-b463-d132da67e846 of layout FILE_SYSTEM_OPTIMIZED in volume: 385fe1f3-d0bd-4911-b463-d132da67e846
2023-05-18 02:47:50,873 [IPC Server handler 13 on default port 15001] INFO  pipeline.PipelineManagerImpl (PipelineManagerImpl.java:closePipeline(442)) - Pipeline Pipeline[ Id: 7997b0de-4669-48be-9829-65f6b3ad8e58, Nodes: 5433f90b-26c2-4398-8df5-88afed94a773(fv-az180-414.aibneqh1mxpuhl3tnnuy2ifbce.bx.internal.cloudapp.net/10.1.1.154)a884725c-3443-458c-8df7-7c5a51101be7(fv-az180-414.aibneqh1mxpuhl3tnnuy2ifbce.bx.internal.cloudapp.net/10.1.1.154)5dc09123-b42c-44c8-87e3-729c385858db(fv-az180-414.aibneqh1mxpuhl3tnnuy2ifbce.bx.internal.cloudapp.net/10.1.1.154)eda5bed9-420b-4517-a9a1-164df2c5dc2a(fv-az180-414.aibneqh1mxpuhl3tnnuy2ifbce.bx.internal.cloudapp.net/10.1.1.154)a754d4c8-bbdd-415d-ab5e-ea5caa73cb25(fv-az180-414.aibneqh1mxpuhl3tnnuy2ifbce.bx.internal.cloudapp.net/10.1.1.154), ReplicationConfig: EC{rs-3-2-1024k}, State:OPEN, leaderId:, CreationTimestamp2023-05-18T02:47:50.409Z[Etc/UTC]] moved to CLOSED state
2023-05-18 02:47:50,874 [IPC Server handler 13 on default port 15001] INFO  pipeline.PipelineStateManagerImpl (PipelineStateManagerImpl.java:addPipeline(103)) - Created pipeline Pipeline[ Id: e0c213b4-e0d3-49ba-87ab-a13c02469f08, Nodes: eda5bed9-420b-4517-a9a1-164df2c5dc2a(fv-az180-414.aibneqh1mxpuhl3tnnuy2ifbce.bx.internal.cloudapp.net/10.1.1.154)5433f90b-26c2-4398-8df5-88afed94a773(fv-az180-414.aibneqh1mxpuhl3tnnuy2ifbce.bx.internal.cloudapp.net/10.1.1.154)a884725c-3443-458c-8df7-7c5a51101be7(fv-az180-414.aibneqh1mxpuhl3tnnuy2ifbce.bx.internal.cloudapp.net/10.1.1.154)dd0a355a-d343-4342-9afa-2dfa8fc9aea1(fv-az180-414.aibneqh1mxpuhl3tnnuy2ifbce.bx.internal.cloudapp.net/10.1.1.154)a754d4c8-bbdd-415d-ab5e-ea5caa73cb25(fv-az180-414.aibneqh1mxpuhl3tnnuy2ifbce.bx.internal.cloudapp.net/10.1.1.154), ReplicationConfig: EC{rs-3-2-1024k}, State:ALLOCATED, leaderId:, CreationTimestamp2023-05-18T02:47:50.873Z[Etc/UTC]].
2023-05-18 02:47:50,875 [IPC Server handler 13 on default port 15001] INFO  pipeline.PipelineManagerImpl (PipelineManagerImpl.java:openPipeline(367)) - Pipeline Pipeline[ Id: e0c213b4-e0d3-49ba-87ab-a13c02469f08, Nodes: eda5bed9-420b-4517-a9a1-164df2c5dc2a(fv-az180-414.aibneqh1mxpuhl3tnnuy2ifbce.bx.internal.cloudapp.net/10.1.1.154)5433f90b-26c2-4398-8df5-88afed94a773(fv-az180-414.aibneqh1mxpuhl3tnnuy2ifbce.bx.internal.cloudapp.net/10.1.1.154)a884725c-3443-458c-8df7-7c5a51101be7(fv-az180-414.aibneqh1mxpuhl3tnnuy2ifbce.bx.internal.cloudapp.net/10.1.1.154)dd0a355a-d343-4342-9afa-2dfa8fc9aea1(fv-az180-414.aibneqh1mxpuhl3tnnuy2ifbce.bx.internal.cloudapp.net/10.1.1.154)a754d4c8-bbdd-415d-ab5e-ea5caa73cb25(fv-az180-414.aibneqh1mxpuhl3tnnuy2ifbce.bx.internal.cloudapp.net/10.1.1.154), ReplicationConfig: EC{rs-3-2-1024k}, State:ALLOCATED, leaderId:, CreationTimestamp2023-05-18T02:47:50.873Z[Etc/UTC]] moved to OPEN state
2023-05-18 02:47:50,970 [BlockDeletingService#2] INFO  interfaces.ContainerDeletionChoosingPolicyTemplate (ContainerDeletionChoosingPolicyTemplate.java:chooseContainerForBlockDeletion(83)) - Chosen 0/5000 blocks from 0 candidate containers.
2023-05-18 02:47:50,976 [BlockDeletingService#2] INFO  interfaces.ContainerDeletionChoosingPolicyTemplate (ContainerDeletionChoosingPolicyTemplate.java:chooseContainerForBlockDeletion(83)) - Chosen 0/5000 blocks from 0 candidate containers.
2023-05-18 02:47:51,028 [Listener at 127.0.0.1/15004] INFO  token.OzoneBlockTokenSecretManager (OzoneSecretManager.java:updateCurrentKey(175)) - Updating current master key for generating tokens. Cert id 1339200402336
2023-05-18 02:47:51,028 [Listener at 127.0.0.1/15004] INFO  token.ContainerTokenSecretManager (OzoneSecretManager.java:updateCurrentKey(175)) - Updating current master key for generating tokens. Cert id 1339200402336
2023-05-18 02:47:51,036 [IPC Server handler 16 on default port 15001] WARN  node.SCMNodeManager (SCMNodeManager.java:getNodesByAddress(1372)) - Cannot find node for address 127.0.0.1
2023-05-18 02:47:51,099 [BlockDeletingService#2] INFO  interfaces.ContainerDeletionChoosingPolicyTemplate (ContainerDeletionChoosingPolicyTemplate.java:chooseContainerForBlockDeletion(83)) - Chosen 0/5000 blocks from 0 candidate containers.
2023-05-18 02:47:51,099 [BlockDeletingService#2] INFO  interfaces.ContainerDeletionChoosingPolicyTemplate (ContainerDeletionChoosingPolicyTemplate.java:chooseContainerForBlockDeletion(83)) - Chosen 0/5000 blocks from 0 candidate containers.
2023-05-18 02:47:51,099 [BlockDeletingService#2] INFO  interfaces.ContainerDeletionChoosingPolicyTemplate (ContainerDeletionChoosingPolicyTemplate.java:chooseContainerForBlockDeletion(83)) - Chosen 0/5000 blocks from 0 candidate containers.
2023-05-18 02:47:51,198 [BlockDeletingService#2] INFO  interfaces.ContainerDeletionChoosingPolicyTemplate (ContainerDeletionChoosingPolicyTemplate.java:chooseContainerForBlockDeletion(83)) - Chosen 0/5000 blocks from 0 candidate containers.
2023-05-18 02:47:51,217 [ChunkReader-3] INFO  keyvalue.KeyValueContainer (KeyValueContainer.java:flushAndSyncDB(446)) - Container 4 is synced with bcsId 0.
2023-05-18 02:47:51,219 [ChunkReader-3] INFO  keyvalue.KeyValueContainer (KeyValueContainer.java:flushAndSyncDB(446)) - Container 4 is synced with bcsId 0.
2023-05-18 02:47:51,220 [ChunkReader-3] INFO  keyvalue.KeyValueContainer (KeyValueContainer.java:close(361)) - Container 4 is closed with bcsId 0.
]]></system-out>
  </testcase>
  <testcase name="testECReconstructionCoordinatorWith(List)[2]" classname="org.apache.hadoop.hdds.scm.storage.TestContainerCommandsEC" time="0.377">
    <system-out><![CDATA[2023-05-18 02:47:51,256 [Listener at 127.0.0.1/15004] INFO  rpc.RpcClient (RpcClient.java:createVolume(476)) - Creating Volume: ca0c9fee-bee4-4c7f-9714-2bddc260b907, with runner as owner and space quota set to -1 bytes, counts quota set to -1
2023-05-18 02:47:51,261 [OM StateMachine ApplyTransaction Thread - 0] INFO  volume.OMVolumeCreateRequest (OMVolumeCreateRequest.java:validateAndUpdateCache(196)) - created volume:ca0c9fee-bee4-4c7f-9714-2bddc260b907 for user:runner
2023-05-18 02:47:51,263 [Listener at 127.0.0.1/15004] INFO  rpc.RpcClient (RpcClient.java:createBucket(698)) - Creating Bucket: ca0c9fee-bee4-4c7f-9714-2bddc260b907/ca0c9fee-bee4-4c7f-9714-2bddc260b907, with server-side default bucket layout, runner as owner, Versioning false, Storage Type set to DISK and Encryption set to false, Replication Type set to server-side default replication type, Namespace Quota set to -1, Space Quota set to -1 
2023-05-18 02:47:51,267 [OM StateMachine ApplyTransaction Thread - 0] INFO  bucket.OMBucketCreateRequest (OMBucketCreateRequest.java:validateAndUpdateCache(270)) - created bucket: ca0c9fee-bee4-4c7f-9714-2bddc260b907 of layout FILE_SYSTEM_OPTIMIZED in volume: ca0c9fee-bee4-4c7f-9714-2bddc260b907
2023-05-18 02:47:51,305 [IPC Server handler 4 on default port 15001] INFO  pipeline.PipelineManagerImpl (PipelineManagerImpl.java:closePipeline(442)) - Pipeline Pipeline[ Id: e0c213b4-e0d3-49ba-87ab-a13c02469f08, Nodes: eda5bed9-420b-4517-a9a1-164df2c5dc2a(fv-az180-414.aibneqh1mxpuhl3tnnuy2ifbce.bx.internal.cloudapp.net/10.1.1.154)5433f90b-26c2-4398-8df5-88afed94a773(fv-az180-414.aibneqh1mxpuhl3tnnuy2ifbce.bx.internal.cloudapp.net/10.1.1.154)a884725c-3443-458c-8df7-7c5a51101be7(fv-az180-414.aibneqh1mxpuhl3tnnuy2ifbce.bx.internal.cloudapp.net/10.1.1.154)dd0a355a-d343-4342-9afa-2dfa8fc9aea1(fv-az180-414.aibneqh1mxpuhl3tnnuy2ifbce.bx.internal.cloudapp.net/10.1.1.154)a754d4c8-bbdd-415d-ab5e-ea5caa73cb25(fv-az180-414.aibneqh1mxpuhl3tnnuy2ifbce.bx.internal.cloudapp.net/10.1.1.154), ReplicationConfig: EC{rs-3-2-1024k}, State:OPEN, leaderId:, CreationTimestamp2023-05-18T02:47:50.873Z[Etc/UTC]] moved to CLOSED state
2023-05-18 02:47:51,306 [IPC Server handler 4 on default port 15001] INFO  pipeline.PipelineStateManagerImpl (PipelineStateManagerImpl.java:addPipeline(103)) - Created pipeline Pipeline[ Id: 707f8741-8946-46d6-8271-1e06a7f77895, Nodes: eda5bed9-420b-4517-a9a1-164df2c5dc2a(fv-az180-414.aibneqh1mxpuhl3tnnuy2ifbce.bx.internal.cloudapp.net/10.1.1.154)4ccd21da-06a8-4ca3-bf16-e3c028fe0c77(fv-az180-414.aibneqh1mxpuhl3tnnuy2ifbce.bx.internal.cloudapp.net/10.1.1.154)1d3b30df-d5fa-48f7-8d20-f176392eff1b(fv-az180-414.aibneqh1mxpuhl3tnnuy2ifbce.bx.internal.cloudapp.net/10.1.1.154)5dc09123-b42c-44c8-87e3-729c385858db(fv-az180-414.aibneqh1mxpuhl3tnnuy2ifbce.bx.internal.cloudapp.net/10.1.1.154)5433f90b-26c2-4398-8df5-88afed94a773(fv-az180-414.aibneqh1mxpuhl3tnnuy2ifbce.bx.internal.cloudapp.net/10.1.1.154), ReplicationConfig: EC{rs-3-2-1024k}, State:ALLOCATED, leaderId:, CreationTimestamp2023-05-18T02:47:51.305Z[Etc/UTC]].
2023-05-18 02:47:51,307 [IPC Server handler 4 on default port 15001] INFO  pipeline.PipelineManagerImpl (PipelineManagerImpl.java:openPipeline(367)) - Pipeline Pipeline[ Id: 707f8741-8946-46d6-8271-1e06a7f77895, Nodes: eda5bed9-420b-4517-a9a1-164df2c5dc2a(fv-az180-414.aibneqh1mxpuhl3tnnuy2ifbce.bx.internal.cloudapp.net/10.1.1.154)4ccd21da-06a8-4ca3-bf16-e3c028fe0c77(fv-az180-414.aibneqh1mxpuhl3tnnuy2ifbce.bx.internal.cloudapp.net/10.1.1.154)1d3b30df-d5fa-48f7-8d20-f176392eff1b(fv-az180-414.aibneqh1mxpuhl3tnnuy2ifbce.bx.internal.cloudapp.net/10.1.1.154)5dc09123-b42c-44c8-87e3-729c385858db(fv-az180-414.aibneqh1mxpuhl3tnnuy2ifbce.bx.internal.cloudapp.net/10.1.1.154)5433f90b-26c2-4398-8df5-88afed94a773(fv-az180-414.aibneqh1mxpuhl3tnnuy2ifbce.bx.internal.cloudapp.net/10.1.1.154), ReplicationConfig: EC{rs-3-2-1024k}, State:ALLOCATED, leaderId:, CreationTimestamp2023-05-18T02:47:51.305Z[Etc/UTC]] moved to OPEN state
2023-05-18 02:47:51,385 [BlockDeletingService#2] INFO  interfaces.ContainerDeletionChoosingPolicyTemplate (ContainerDeletionChoosingPolicyTemplate.java:chooseContainerForBlockDeletion(83)) - Chosen 0/5000 blocks from 0 candidate containers.
2023-05-18 02:47:51,385 [BlockDeletingService#0] INFO  interfaces.ContainerDeletionChoosingPolicyTemplate (ContainerDeletionChoosingPolicyTemplate.java:chooseContainerForBlockDeletion(83)) - Chosen 0/5000 blocks from 0 candidate containers.
2023-05-18 02:47:51,439 [Listener at 127.0.0.1/15004] INFO  token.OzoneBlockTokenSecretManager (OzoneSecretManager.java:updateCurrentKey(175)) - Updating current master key for generating tokens. Cert id 1339200402336
2023-05-18 02:47:51,439 [Listener at 127.0.0.1/15004] INFO  token.ContainerTokenSecretManager (OzoneSecretManager.java:updateCurrentKey(175)) - Updating current master key for generating tokens. Cert id 1339200402336
2023-05-18 02:47:51,445 [IPC Server handler 5 on default port 15001] WARN  node.SCMNodeManager (SCMNodeManager.java:getNodesByAddress(1372)) - Cannot find node for address 127.0.0.1
2023-05-18 02:47:51,611 [ChunkReader-8] INFO  keyvalue.KeyValueContainer (KeyValueContainer.java:flushAndSyncDB(446)) - Container 5 is synced with bcsId 0.
2023-05-18 02:47:51,611 [ChunkReader-8] INFO  keyvalue.KeyValueContainer (KeyValueContainer.java:flushAndSyncDB(446)) - Container 5 is synced with bcsId 0.
2023-05-18 02:47:51,613 [ChunkReader-8] INFO  keyvalue.KeyValueContainer (KeyValueContainer.java:close(361)) - Container 5 is closed with bcsId 0.
]]></system-out>
  </testcase>
  <testcase name="testECReconstructionCoordinatorWith(List)[3]" classname="org.apache.hadoop.hdds.scm.storage.TestContainerCommandsEC" time="0.349">
    <system-out><![CDATA[2023-05-18 02:47:51,635 [Listener at 127.0.0.1/15004] INFO  rpc.RpcClient (RpcClient.java:createVolume(476)) - Creating Volume: 2196e64f-fd5f-4157-b6ff-cb461fc5142d, with runner as owner and space quota set to -1 bytes, counts quota set to -1
2023-05-18 02:47:51,638 [OM StateMachine ApplyTransaction Thread - 0] INFO  volume.OMVolumeCreateRequest (OMVolumeCreateRequest.java:validateAndUpdateCache(196)) - created volume:2196e64f-fd5f-4157-b6ff-cb461fc5142d for user:runner
2023-05-18 02:47:51,641 [Listener at 127.0.0.1/15004] INFO  rpc.RpcClient (RpcClient.java:createBucket(698)) - Creating Bucket: 2196e64f-fd5f-4157-b6ff-cb461fc5142d/2196e64f-fd5f-4157-b6ff-cb461fc5142d, with server-side default bucket layout, runner as owner, Versioning false, Storage Type set to DISK and Encryption set to false, Replication Type set to server-side default replication type, Namespace Quota set to -1, Space Quota set to -1 
2023-05-18 02:47:51,644 [OM StateMachine ApplyTransaction Thread - 0] INFO  bucket.OMBucketCreateRequest (OMBucketCreateRequest.java:validateAndUpdateCache(270)) - created bucket: 2196e64f-fd5f-4157-b6ff-cb461fc5142d of layout FILE_SYSTEM_OPTIMIZED in volume: 2196e64f-fd5f-4157-b6ff-cb461fc5142d
2023-05-18 02:47:51,684 [IPC Server handler 8 on default port 15001] INFO  pipeline.PipelineManagerImpl (PipelineManagerImpl.java:closePipeline(442)) - Pipeline Pipeline[ Id: 707f8741-8946-46d6-8271-1e06a7f77895, Nodes: eda5bed9-420b-4517-a9a1-164df2c5dc2a(fv-az180-414.aibneqh1mxpuhl3tnnuy2ifbce.bx.internal.cloudapp.net/10.1.1.154)4ccd21da-06a8-4ca3-bf16-e3c028fe0c77(fv-az180-414.aibneqh1mxpuhl3tnnuy2ifbce.bx.internal.cloudapp.net/10.1.1.154)1d3b30df-d5fa-48f7-8d20-f176392eff1b(fv-az180-414.aibneqh1mxpuhl3tnnuy2ifbce.bx.internal.cloudapp.net/10.1.1.154)5dc09123-b42c-44c8-87e3-729c385858db(fv-az180-414.aibneqh1mxpuhl3tnnuy2ifbce.bx.internal.cloudapp.net/10.1.1.154)5433f90b-26c2-4398-8df5-88afed94a773(fv-az180-414.aibneqh1mxpuhl3tnnuy2ifbce.bx.internal.cloudapp.net/10.1.1.154), ReplicationConfig: EC{rs-3-2-1024k}, State:OPEN, leaderId:, CreationTimestamp2023-05-18T02:47:51.305Z[Etc/UTC]] moved to CLOSED state
2023-05-18 02:47:51,685 [IPC Server handler 8 on default port 15001] INFO  pipeline.PipelineStateManagerImpl (PipelineStateManagerImpl.java:addPipeline(103)) - Created pipeline Pipeline[ Id: 84972b5a-cfab-44cf-8f5b-3bae5353f550, Nodes: dd0a355a-d343-4342-9afa-2dfa8fc9aea1(fv-az180-414.aibneqh1mxpuhl3tnnuy2ifbce.bx.internal.cloudapp.net/10.1.1.154)5dc09123-b42c-44c8-87e3-729c385858db(fv-az180-414.aibneqh1mxpuhl3tnnuy2ifbce.bx.internal.cloudapp.net/10.1.1.154)4ccd21da-06a8-4ca3-bf16-e3c028fe0c77(fv-az180-414.aibneqh1mxpuhl3tnnuy2ifbce.bx.internal.cloudapp.net/10.1.1.154)a754d4c8-bbdd-415d-ab5e-ea5caa73cb25(fv-az180-414.aibneqh1mxpuhl3tnnuy2ifbce.bx.internal.cloudapp.net/10.1.1.154)5433f90b-26c2-4398-8df5-88afed94a773(fv-az180-414.aibneqh1mxpuhl3tnnuy2ifbce.bx.internal.cloudapp.net/10.1.1.154), ReplicationConfig: EC{rs-3-2-1024k}, State:ALLOCATED, leaderId:, CreationTimestamp2023-05-18T02:47:51.684Z[Etc/UTC]].
2023-05-18 02:47:51,685 [IPC Server handler 8 on default port 15001] INFO  pipeline.PipelineManagerImpl (PipelineManagerImpl.java:openPipeline(367)) - Pipeline Pipeline[ Id: 84972b5a-cfab-44cf-8f5b-3bae5353f550, Nodes: dd0a355a-d343-4342-9afa-2dfa8fc9aea1(fv-az180-414.aibneqh1mxpuhl3tnnuy2ifbce.bx.internal.cloudapp.net/10.1.1.154)5dc09123-b42c-44c8-87e3-729c385858db(fv-az180-414.aibneqh1mxpuhl3tnnuy2ifbce.bx.internal.cloudapp.net/10.1.1.154)4ccd21da-06a8-4ca3-bf16-e3c028fe0c77(fv-az180-414.aibneqh1mxpuhl3tnnuy2ifbce.bx.internal.cloudapp.net/10.1.1.154)a754d4c8-bbdd-415d-ab5e-ea5caa73cb25(fv-az180-414.aibneqh1mxpuhl3tnnuy2ifbce.bx.internal.cloudapp.net/10.1.1.154)5433f90b-26c2-4398-8df5-88afed94a773(fv-az180-414.aibneqh1mxpuhl3tnnuy2ifbce.bx.internal.cloudapp.net/10.1.1.154), ReplicationConfig: EC{rs-3-2-1024k}, State:ALLOCATED, leaderId:, CreationTimestamp2023-05-18T02:47:51.684Z[Etc/UTC]] moved to OPEN state
2023-05-18 02:47:51,807 [Listener at 127.0.0.1/15004] INFO  token.OzoneBlockTokenSecretManager (OzoneSecretManager.java:updateCurrentKey(175)) - Updating current master key for generating tokens. Cert id 1339200402336
2023-05-18 02:47:51,807 [Listener at 127.0.0.1/15004] INFO  token.ContainerTokenSecretManager (OzoneSecretManager.java:updateCurrentKey(175)) - Updating current master key for generating tokens. Cert id 1339200402336
2023-05-18 02:47:51,813 [IPC Server handler 13 on default port 15001] WARN  node.SCMNodeManager (SCMNodeManager.java:getNodesByAddress(1372)) - Cannot find node for address 127.0.0.1
2023-05-18 02:47:51,956 [ChunkReader-6] INFO  keyvalue.KeyValueContainer (KeyValueContainer.java:flushAndSyncDB(446)) - Container 6 is synced with bcsId 0.
2023-05-18 02:47:51,956 [ChunkReader-6] INFO  keyvalue.KeyValueContainer (KeyValueContainer.java:flushAndSyncDB(446)) - Container 6 is synced with bcsId 0.
2023-05-18 02:47:51,958 [ChunkReader-6] INFO  keyvalue.KeyValueContainer (KeyValueContainer.java:close(361)) - Container 6 is closed with bcsId 0.
2023-05-18 02:47:51,971 [BlockDeletingService#2] INFO  interfaces.ContainerDeletionChoosingPolicyTemplate (ContainerDeletionChoosingPolicyTemplate.java:chooseContainerForBlockDeletion(83)) - Chosen 0/5000 blocks from 0 candidate containers.
2023-05-18 02:47:51,976 [BlockDeletingService#2] INFO  interfaces.ContainerDeletionChoosingPolicyTemplate (ContainerDeletionChoosingPolicyTemplate.java:chooseContainerForBlockDeletion(83)) - Chosen 0/5000 blocks from 0 candidate containers.
]]></system-out>
  </testcase>
  <testcase name="testECReconstructionCoordinatorWith(List)[4]" classname="org.apache.hadoop.hdds.scm.storage.TestContainerCommandsEC" time="0.428">
    <system-out><![CDATA[2023-05-18 02:47:51,984 [Listener at 127.0.0.1/15004] INFO  rpc.RpcClient (RpcClient.java:createVolume(476)) - Creating Volume: cd309ca4-7375-4cd6-9bb3-c31dcbfed17d, with runner as owner and space quota set to -1 bytes, counts quota set to -1
2023-05-18 02:47:51,988 [OM StateMachine ApplyTransaction Thread - 0] INFO  volume.OMVolumeCreateRequest (OMVolumeCreateRequest.java:validateAndUpdateCache(196)) - created volume:cd309ca4-7375-4cd6-9bb3-c31dcbfed17d for user:runner
2023-05-18 02:47:51,991 [Listener at 127.0.0.1/15004] INFO  rpc.RpcClient (RpcClient.java:createBucket(698)) - Creating Bucket: cd309ca4-7375-4cd6-9bb3-c31dcbfed17d/cd309ca4-7375-4cd6-9bb3-c31dcbfed17d, with server-side default bucket layout, runner as owner, Versioning false, Storage Type set to DISK and Encryption set to false, Replication Type set to server-side default replication type, Namespace Quota set to -1, Space Quota set to -1 
2023-05-18 02:47:51,995 [OM StateMachine ApplyTransaction Thread - 0] INFO  bucket.OMBucketCreateRequest (OMBucketCreateRequest.java:validateAndUpdateCache(270)) - created bucket: cd309ca4-7375-4cd6-9bb3-c31dcbfed17d of layout FILE_SYSTEM_OPTIMIZED in volume: cd309ca4-7375-4cd6-9bb3-c31dcbfed17d
2023-05-18 02:47:52,039 [IPC Server handler 10 on default port 15001] INFO  pipeline.PipelineManagerImpl (PipelineManagerImpl.java:closePipeline(442)) - Pipeline Pipeline[ Id: 84972b5a-cfab-44cf-8f5b-3bae5353f550, Nodes: dd0a355a-d343-4342-9afa-2dfa8fc9aea1(fv-az180-414.aibneqh1mxpuhl3tnnuy2ifbce.bx.internal.cloudapp.net/10.1.1.154)5dc09123-b42c-44c8-87e3-729c385858db(fv-az180-414.aibneqh1mxpuhl3tnnuy2ifbce.bx.internal.cloudapp.net/10.1.1.154)4ccd21da-06a8-4ca3-bf16-e3c028fe0c77(fv-az180-414.aibneqh1mxpuhl3tnnuy2ifbce.bx.internal.cloudapp.net/10.1.1.154)a754d4c8-bbdd-415d-ab5e-ea5caa73cb25(fv-az180-414.aibneqh1mxpuhl3tnnuy2ifbce.bx.internal.cloudapp.net/10.1.1.154)5433f90b-26c2-4398-8df5-88afed94a773(fv-az180-414.aibneqh1mxpuhl3tnnuy2ifbce.bx.internal.cloudapp.net/10.1.1.154), ReplicationConfig: EC{rs-3-2-1024k}, State:OPEN, leaderId:, CreationTimestamp2023-05-18T02:47:51.684Z[Etc/UTC]] moved to CLOSED state
2023-05-18 02:47:52,040 [IPC Server handler 10 on default port 15001] INFO  pipeline.PipelineStateManagerImpl (PipelineStateManagerImpl.java:addPipeline(103)) - Created pipeline Pipeline[ Id: d52225a8-d98b-422b-a1eb-e84df1355ad9, Nodes: a754d4c8-bbdd-415d-ab5e-ea5caa73cb25(fv-az180-414.aibneqh1mxpuhl3tnnuy2ifbce.bx.internal.cloudapp.net/10.1.1.154)dd0a355a-d343-4342-9afa-2dfa8fc9aea1(fv-az180-414.aibneqh1mxpuhl3tnnuy2ifbce.bx.internal.cloudapp.net/10.1.1.154)a884725c-3443-458c-8df7-7c5a51101be7(fv-az180-414.aibneqh1mxpuhl3tnnuy2ifbce.bx.internal.cloudapp.net/10.1.1.154)4ccd21da-06a8-4ca3-bf16-e3c028fe0c77(fv-az180-414.aibneqh1mxpuhl3tnnuy2ifbce.bx.internal.cloudapp.net/10.1.1.154)5dc09123-b42c-44c8-87e3-729c385858db(fv-az180-414.aibneqh1mxpuhl3tnnuy2ifbce.bx.internal.cloudapp.net/10.1.1.154), ReplicationConfig: EC{rs-3-2-1024k}, State:ALLOCATED, leaderId:, CreationTimestamp2023-05-18T02:47:52.040Z[Etc/UTC]].
2023-05-18 02:47:52,041 [IPC Server handler 10 on default port 15001] INFO  pipeline.PipelineManagerImpl (PipelineManagerImpl.java:openPipeline(367)) - Pipeline Pipeline[ Id: d52225a8-d98b-422b-a1eb-e84df1355ad9, Nodes: a754d4c8-bbdd-415d-ab5e-ea5caa73cb25(fv-az180-414.aibneqh1mxpuhl3tnnuy2ifbce.bx.internal.cloudapp.net/10.1.1.154)dd0a355a-d343-4342-9afa-2dfa8fc9aea1(fv-az180-414.aibneqh1mxpuhl3tnnuy2ifbce.bx.internal.cloudapp.net/10.1.1.154)a884725c-3443-458c-8df7-7c5a51101be7(fv-az180-414.aibneqh1mxpuhl3tnnuy2ifbce.bx.internal.cloudapp.net/10.1.1.154)4ccd21da-06a8-4ca3-bf16-e3c028fe0c77(fv-az180-414.aibneqh1mxpuhl3tnnuy2ifbce.bx.internal.cloudapp.net/10.1.1.154)5dc09123-b42c-44c8-87e3-729c385858db(fv-az180-414.aibneqh1mxpuhl3tnnuy2ifbce.bx.internal.cloudapp.net/10.1.1.154), ReplicationConfig: EC{rs-3-2-1024k}, State:ALLOCATED, leaderId:, CreationTimestamp2023-05-18T02:47:52.040Z[Etc/UTC]] moved to OPEN state
2023-05-18 02:47:52,099 [BlockDeletingService#2] INFO  interfaces.ContainerDeletionChoosingPolicyTemplate (ContainerDeletionChoosingPolicyTemplate.java:chooseContainerForBlockDeletion(83)) - Chosen 0/5000 blocks from 0 candidate containers.
2023-05-18 02:47:52,099 [BlockDeletingService#2] INFO  interfaces.ContainerDeletionChoosingPolicyTemplate (ContainerDeletionChoosingPolicyTemplate.java:chooseContainerForBlockDeletion(83)) - Chosen 0/5000 blocks from 0 candidate containers.
2023-05-18 02:47:52,099 [BlockDeletingService#2] INFO  interfaces.ContainerDeletionChoosingPolicyTemplate (ContainerDeletionChoosingPolicyTemplate.java:chooseContainerForBlockDeletion(83)) - Chosen 0/5000 blocks from 0 candidate containers.
2023-05-18 02:47:52,168 [Listener at 127.0.0.1/15004] INFO  token.OzoneBlockTokenSecretManager (OzoneSecretManager.java:updateCurrentKey(175)) - Updating current master key for generating tokens. Cert id 1339200402336
2023-05-18 02:47:52,169 [Listener at 127.0.0.1/15004] INFO  token.ContainerTokenSecretManager (OzoneSecretManager.java:updateCurrentKey(175)) - Updating current master key for generating tokens. Cert id 1339200402336
2023-05-18 02:47:52,174 [IPC Server handler 0 on default port 15001] WARN  node.SCMNodeManager (SCMNodeManager.java:getNodesByAddress(1372)) - Cannot find node for address 127.0.0.1
2023-05-18 02:47:52,198 [BlockDeletingService#2] INFO  interfaces.ContainerDeletionChoosingPolicyTemplate (ContainerDeletionChoosingPolicyTemplate.java:chooseContainerForBlockDeletion(83)) - Chosen 0/5000 blocks from 0 candidate containers.
2023-05-18 02:47:52,387 [BlockDeletingService#0] INFO  interfaces.ContainerDeletionChoosingPolicyTemplate (ContainerDeletionChoosingPolicyTemplate.java:chooseContainerForBlockDeletion(83)) - Chosen 0/5000 blocks from 0 candidate containers.
2023-05-18 02:47:52,387 [ChunkReader-2] INFO  keyvalue.KeyValueContainer (KeyValueContainer.java:flushAndSyncDB(446)) - Container 7 is synced with bcsId 0.
2023-05-18 02:47:52,387 [ChunkReader-2] INFO  keyvalue.KeyValueContainer (KeyValueContainer.java:flushAndSyncDB(446)) - Container 7 is synced with bcsId 0.
2023-05-18 02:47:52,387 [BlockDeletingService#2] INFO  interfaces.ContainerDeletionChoosingPolicyTemplate (ContainerDeletionChoosingPolicyTemplate.java:chooseContainerForBlockDeletion(83)) - Chosen 0/5000 blocks from 0 candidate containers.
2023-05-18 02:47:52,389 [ChunkReader-2] INFO  keyvalue.KeyValueContainer (KeyValueContainer.java:close(361)) - Container 7 is closed with bcsId 0.
]]></system-out>
  </testcase>
  <testcase name="testECReconstructionCoordinatorWith(List)[5]" classname="org.apache.hadoop.hdds.scm.storage.TestContainerCommandsEC" time="0.418">
    <system-out><![CDATA[2023-05-18 02:47:52,419 [Listener at 127.0.0.1/15004] INFO  rpc.RpcClient (RpcClient.java:createVolume(476)) - Creating Volume: 05d1cc32-5f78-4e11-89cc-69c0a1dba281, with runner as owner and space quota set to -1 bytes, counts quota set to -1
2023-05-18 02:47:52,424 [OM StateMachine ApplyTransaction Thread - 0] INFO  volume.OMVolumeCreateRequest (OMVolumeCreateRequest.java:validateAndUpdateCache(196)) - created volume:05d1cc32-5f78-4e11-89cc-69c0a1dba281 for user:runner
2023-05-18 02:47:52,427 [Listener at 127.0.0.1/15004] INFO  rpc.RpcClient (RpcClient.java:createBucket(698)) - Creating Bucket: 05d1cc32-5f78-4e11-89cc-69c0a1dba281/05d1cc32-5f78-4e11-89cc-69c0a1dba281, with server-side default bucket layout, runner as owner, Versioning false, Storage Type set to DISK and Encryption set to false, Replication Type set to server-side default replication type, Namespace Quota set to -1, Space Quota set to -1 
2023-05-18 02:47:52,432 [OM StateMachine ApplyTransaction Thread - 0] INFO  bucket.OMBucketCreateRequest (OMBucketCreateRequest.java:validateAndUpdateCache(270)) - created bucket: 05d1cc32-5f78-4e11-89cc-69c0a1dba281 of layout FILE_SYSTEM_OPTIMIZED in volume: 05d1cc32-5f78-4e11-89cc-69c0a1dba281
2023-05-18 02:47:52,474 [IPC Server handler 8 on default port 15001] INFO  pipeline.PipelineManagerImpl (PipelineManagerImpl.java:closePipeline(442)) - Pipeline Pipeline[ Id: d52225a8-d98b-422b-a1eb-e84df1355ad9, Nodes: a754d4c8-bbdd-415d-ab5e-ea5caa73cb25(fv-az180-414.aibneqh1mxpuhl3tnnuy2ifbce.bx.internal.cloudapp.net/10.1.1.154)dd0a355a-d343-4342-9afa-2dfa8fc9aea1(fv-az180-414.aibneqh1mxpuhl3tnnuy2ifbce.bx.internal.cloudapp.net/10.1.1.154)a884725c-3443-458c-8df7-7c5a51101be7(fv-az180-414.aibneqh1mxpuhl3tnnuy2ifbce.bx.internal.cloudapp.net/10.1.1.154)4ccd21da-06a8-4ca3-bf16-e3c028fe0c77(fv-az180-414.aibneqh1mxpuhl3tnnuy2ifbce.bx.internal.cloudapp.net/10.1.1.154)5dc09123-b42c-44c8-87e3-729c385858db(fv-az180-414.aibneqh1mxpuhl3tnnuy2ifbce.bx.internal.cloudapp.net/10.1.1.154), ReplicationConfig: EC{rs-3-2-1024k}, State:OPEN, leaderId:, CreationTimestamp2023-05-18T02:47:52.040Z[Etc/UTC]] moved to CLOSED state
2023-05-18 02:47:52,475 [IPC Server handler 8 on default port 15001] INFO  pipeline.PipelineStateManagerImpl (PipelineStateManagerImpl.java:addPipeline(103)) - Created pipeline Pipeline[ Id: 7047c97b-7ab0-4baa-8851-9865533e51e8, Nodes: dd0a355a-d343-4342-9afa-2dfa8fc9aea1(fv-az180-414.aibneqh1mxpuhl3tnnuy2ifbce.bx.internal.cloudapp.net/10.1.1.154)4ccd21da-06a8-4ca3-bf16-e3c028fe0c77(fv-az180-414.aibneqh1mxpuhl3tnnuy2ifbce.bx.internal.cloudapp.net/10.1.1.154)a884725c-3443-458c-8df7-7c5a51101be7(fv-az180-414.aibneqh1mxpuhl3tnnuy2ifbce.bx.internal.cloudapp.net/10.1.1.154)1d3b30df-d5fa-48f7-8d20-f176392eff1b(fv-az180-414.aibneqh1mxpuhl3tnnuy2ifbce.bx.internal.cloudapp.net/10.1.1.154)eda5bed9-420b-4517-a9a1-164df2c5dc2a(fv-az180-414.aibneqh1mxpuhl3tnnuy2ifbce.bx.internal.cloudapp.net/10.1.1.154), ReplicationConfig: EC{rs-3-2-1024k}, State:ALLOCATED, leaderId:, CreationTimestamp2023-05-18T02:47:52.475Z[Etc/UTC]].
2023-05-18 02:47:52,476 [IPC Server handler 8 on default port 15001] INFO  pipeline.PipelineManagerImpl (PipelineManagerImpl.java:openPipeline(367)) - Pipeline Pipeline[ Id: 7047c97b-7ab0-4baa-8851-9865533e51e8, Nodes: dd0a355a-d343-4342-9afa-2dfa8fc9aea1(fv-az180-414.aibneqh1mxpuhl3tnnuy2ifbce.bx.internal.cloudapp.net/10.1.1.154)4ccd21da-06a8-4ca3-bf16-e3c028fe0c77(fv-az180-414.aibneqh1mxpuhl3tnnuy2ifbce.bx.internal.cloudapp.net/10.1.1.154)a884725c-3443-458c-8df7-7c5a51101be7(fv-az180-414.aibneqh1mxpuhl3tnnuy2ifbce.bx.internal.cloudapp.net/10.1.1.154)1d3b30df-d5fa-48f7-8d20-f176392eff1b(fv-az180-414.aibneqh1mxpuhl3tnnuy2ifbce.bx.internal.cloudapp.net/10.1.1.154)eda5bed9-420b-4517-a9a1-164df2c5dc2a(fv-az180-414.aibneqh1mxpuhl3tnnuy2ifbce.bx.internal.cloudapp.net/10.1.1.154), ReplicationConfig: EC{rs-3-2-1024k}, State:ALLOCATED, leaderId:, CreationTimestamp2023-05-18T02:47:52.475Z[Etc/UTC]] moved to OPEN state
2023-05-18 02:47:52,600 [Listener at 127.0.0.1/15004] INFO  token.OzoneBlockTokenSecretManager (OzoneSecretManager.java:updateCurrentKey(175)) - Updating current master key for generating tokens. Cert id 1339200402336
2023-05-18 02:47:52,601 [Listener at 127.0.0.1/15004] INFO  token.ContainerTokenSecretManager (OzoneSecretManager.java:updateCurrentKey(175)) - Updating current master key for generating tokens. Cert id 1339200402336
2023-05-18 02:47:52,608 [IPC Server handler 13 on default port 15001] WARN  node.SCMNodeManager (SCMNodeManager.java:getNodesByAddress(1372)) - Cannot find node for address 127.0.0.1
2023-05-18 02:47:52,806 [ChunkReader-7] INFO  keyvalue.KeyValueContainer (KeyValueContainer.java:flushAndSyncDB(446)) - Container 8 is synced with bcsId 0.
2023-05-18 02:47:52,807 [ChunkReader-7] INFO  keyvalue.KeyValueContainer (KeyValueContainer.java:flushAndSyncDB(446)) - Container 8 is synced with bcsId 0.
2023-05-18 02:47:52,809 [ChunkReader-7] INFO  keyvalue.KeyValueContainer (KeyValueContainer.java:close(361)) - Container 8 is closed with bcsId 0.
]]></system-out>
  </testcase>
  <testcase name="testECReconstructionCoordinatorWith(List)[6]" classname="org.apache.hadoop.hdds.scm.storage.TestContainerCommandsEC" time="0.397">
    <system-out><![CDATA[2023-05-18 02:47:52,835 [Listener at 127.0.0.1/15004] INFO  rpc.RpcClient (RpcClient.java:createVolume(476)) - Creating Volume: fea279ef-6c5f-43c4-904e-9f2b478ea3af, with runner as owner and space quota set to -1 bytes, counts quota set to -1
2023-05-18 02:47:52,839 [OM StateMachine ApplyTransaction Thread - 0] INFO  volume.OMVolumeCreateRequest (OMVolumeCreateRequest.java:validateAndUpdateCache(196)) - created volume:fea279ef-6c5f-43c4-904e-9f2b478ea3af for user:runner
2023-05-18 02:47:52,842 [Listener at 127.0.0.1/15004] INFO  rpc.RpcClient (RpcClient.java:createBucket(698)) - Creating Bucket: fea279ef-6c5f-43c4-904e-9f2b478ea3af/fea279ef-6c5f-43c4-904e-9f2b478ea3af, with server-side default bucket layout, runner as owner, Versioning false, Storage Type set to DISK and Encryption set to false, Replication Type set to server-side default replication type, Namespace Quota set to -1, Space Quota set to -1 
2023-05-18 02:47:52,845 [OM StateMachine ApplyTransaction Thread - 0] INFO  bucket.OMBucketCreateRequest (OMBucketCreateRequest.java:validateAndUpdateCache(270)) - created bucket: fea279ef-6c5f-43c4-904e-9f2b478ea3af of layout FILE_SYSTEM_OPTIMIZED in volume: fea279ef-6c5f-43c4-904e-9f2b478ea3af
2023-05-18 02:47:52,887 [IPC Server handler 16 on default port 15001] INFO  pipeline.PipelineManagerImpl (PipelineManagerImpl.java:closePipeline(442)) - Pipeline Pipeline[ Id: 7047c97b-7ab0-4baa-8851-9865533e51e8, Nodes: dd0a355a-d343-4342-9afa-2dfa8fc9aea1(fv-az180-414.aibneqh1mxpuhl3tnnuy2ifbce.bx.internal.cloudapp.net/10.1.1.154)4ccd21da-06a8-4ca3-bf16-e3c028fe0c77(fv-az180-414.aibneqh1mxpuhl3tnnuy2ifbce.bx.internal.cloudapp.net/10.1.1.154)a884725c-3443-458c-8df7-7c5a51101be7(fv-az180-414.aibneqh1mxpuhl3tnnuy2ifbce.bx.internal.cloudapp.net/10.1.1.154)1d3b30df-d5fa-48f7-8d20-f176392eff1b(fv-az180-414.aibneqh1mxpuhl3tnnuy2ifbce.bx.internal.cloudapp.net/10.1.1.154)eda5bed9-420b-4517-a9a1-164df2c5dc2a(fv-az180-414.aibneqh1mxpuhl3tnnuy2ifbce.bx.internal.cloudapp.net/10.1.1.154), ReplicationConfig: EC{rs-3-2-1024k}, State:OPEN, leaderId:, CreationTimestamp2023-05-18T02:47:52.475Z[Etc/UTC]] moved to CLOSED state
2023-05-18 02:47:52,888 [IPC Server handler 16 on default port 15001] INFO  pipeline.PipelineStateManagerImpl (PipelineStateManagerImpl.java:addPipeline(103)) - Created pipeline Pipeline[ Id: 20e6cb17-5590-41b4-8cb8-3ffb43c39369, Nodes: a884725c-3443-458c-8df7-7c5a51101be7(fv-az180-414.aibneqh1mxpuhl3tnnuy2ifbce.bx.internal.cloudapp.net/10.1.1.154)1d3b30df-d5fa-48f7-8d20-f176392eff1b(fv-az180-414.aibneqh1mxpuhl3tnnuy2ifbce.bx.internal.cloudapp.net/10.1.1.154)dd0a355a-d343-4342-9afa-2dfa8fc9aea1(fv-az180-414.aibneqh1mxpuhl3tnnuy2ifbce.bx.internal.cloudapp.net/10.1.1.154)a754d4c8-bbdd-415d-ab5e-ea5caa73cb25(fv-az180-414.aibneqh1mxpuhl3tnnuy2ifbce.bx.internal.cloudapp.net/10.1.1.154)5dc09123-b42c-44c8-87e3-729c385858db(fv-az180-414.aibneqh1mxpuhl3tnnuy2ifbce.bx.internal.cloudapp.net/10.1.1.154), ReplicationConfig: EC{rs-3-2-1024k}, State:ALLOCATED, leaderId:, CreationTimestamp2023-05-18T02:47:52.888Z[Etc/UTC]].
2023-05-18 02:47:52,889 [IPC Server handler 16 on default port 15001] INFO  pipeline.PipelineManagerImpl (PipelineManagerImpl.java:openPipeline(367)) - Pipeline Pipeline[ Id: 20e6cb17-5590-41b4-8cb8-3ffb43c39369, Nodes: a884725c-3443-458c-8df7-7c5a51101be7(fv-az180-414.aibneqh1mxpuhl3tnnuy2ifbce.bx.internal.cloudapp.net/10.1.1.154)1d3b30df-d5fa-48f7-8d20-f176392eff1b(fv-az180-414.aibneqh1mxpuhl3tnnuy2ifbce.bx.internal.cloudapp.net/10.1.1.154)dd0a355a-d343-4342-9afa-2dfa8fc9aea1(fv-az180-414.aibneqh1mxpuhl3tnnuy2ifbce.bx.internal.cloudapp.net/10.1.1.154)a754d4c8-bbdd-415d-ab5e-ea5caa73cb25(fv-az180-414.aibneqh1mxpuhl3tnnuy2ifbce.bx.internal.cloudapp.net/10.1.1.154)5dc09123-b42c-44c8-87e3-729c385858db(fv-az180-414.aibneqh1mxpuhl3tnnuy2ifbce.bx.internal.cloudapp.net/10.1.1.154), ReplicationConfig: EC{rs-3-2-1024k}, State:ALLOCATED, leaderId:, CreationTimestamp2023-05-18T02:47:52.888Z[Etc/UTC]] moved to OPEN state
2023-05-18 02:47:52,971 [BlockDeletingService#2] INFO  interfaces.ContainerDeletionChoosingPolicyTemplate (ContainerDeletionChoosingPolicyTemplate.java:chooseContainerForBlockDeletion(83)) - Chosen 0/5000 blocks from 0 candidate containers.
2023-05-18 02:47:52,976 [BlockDeletingService#2] INFO  interfaces.ContainerDeletionChoosingPolicyTemplate (ContainerDeletionChoosingPolicyTemplate.java:chooseContainerForBlockDeletion(83)) - Chosen 0/5000 blocks from 0 candidate containers.
2023-05-18 02:47:53,008 [Listener at 127.0.0.1/15004] INFO  token.OzoneBlockTokenSecretManager (OzoneSecretManager.java:updateCurrentKey(175)) - Updating current master key for generating tokens. Cert id 1339200402336
2023-05-18 02:47:53,008 [Listener at 127.0.0.1/15004] INFO  token.ContainerTokenSecretManager (OzoneSecretManager.java:updateCurrentKey(175)) - Updating current master key for generating tokens. Cert id 1339200402336
2023-05-18 02:47:53,013 [IPC Server handler 10 on default port 15001] WARN  node.SCMNodeManager (SCMNodeManager.java:getNodesByAddress(1372)) - Cannot find node for address 127.0.0.1
2023-05-18 02:47:53,099 [BlockDeletingService#2] INFO  interfaces.ContainerDeletionChoosingPolicyTemplate (ContainerDeletionChoosingPolicyTemplate.java:chooseContainerForBlockDeletion(83)) - Chosen 0/5000 blocks from 0 candidate containers.
2023-05-18 02:47:53,099 [BlockDeletingService#2] INFO  interfaces.ContainerDeletionChoosingPolicyTemplate (ContainerDeletionChoosingPolicyTemplate.java:chooseContainerForBlockDeletion(83)) - Chosen 0/5000 blocks from 0 candidate containers.
2023-05-18 02:47:53,100 [BlockDeletingService#2] INFO  interfaces.ContainerDeletionChoosingPolicyTemplate (ContainerDeletionChoosingPolicyTemplate.java:chooseContainerForBlockDeletion(83)) - Chosen 0/5000 blocks from 0 candidate containers.
2023-05-18 02:47:53,183 [ChunkReader-2] INFO  keyvalue.KeyValueContainer (KeyValueContainer.java:flushAndSyncDB(446)) - Container 9 is synced with bcsId 0.
2023-05-18 02:47:53,183 [ChunkReader-2] INFO  keyvalue.KeyValueContainer (KeyValueContainer.java:flushAndSyncDB(446)) - Container 9 is synced with bcsId 0.
2023-05-18 02:47:53,185 [ChunkReader-2] INFO  keyvalue.KeyValueContainer (KeyValueContainer.java:close(361)) - Container 9 is closed with bcsId 0.
2023-05-18 02:47:53,191 [ChunkReader-0] INFO  keyvalue.KeyValueContainer (KeyValueContainer.java:flushAndSyncDB(446)) - Container 9 is synced with bcsId 0.
2023-05-18 02:47:53,191 [ChunkReader-0] INFO  keyvalue.KeyValueContainer (KeyValueContainer.java:flushAndSyncDB(446)) - Container 9 is synced with bcsId 0.
2023-05-18 02:47:53,193 [ChunkReader-0] INFO  keyvalue.KeyValueContainer (KeyValueContainer.java:close(361)) - Container 9 is closed with bcsId 0.
2023-05-18 02:47:53,200 [BlockDeletingService#2] INFO  interfaces.ContainerDeletionChoosingPolicyTemplate (ContainerDeletionChoosingPolicyTemplate.java:chooseContainerForBlockDeletion(83)) - Chosen 0/5000 blocks from 0 candidate containers.
]]></system-out>
  </testcase>
  <testcase name="testECReconstructionCoordinatorWith(List)[7]" classname="org.apache.hadoop.hdds.scm.storage.TestContainerCommandsEC" time="0.37">
    <system-out><![CDATA[2023-05-18 02:47:53,236 [Listener at 127.0.0.1/15004] INFO  rpc.RpcClient (RpcClient.java:createVolume(476)) - Creating Volume: ee8f3e4a-9ce3-482d-ad10-dccc428e81e8, with runner as owner and space quota set to -1 bytes, counts quota set to -1
2023-05-18 02:47:53,240 [OM StateMachine ApplyTransaction Thread - 0] INFO  volume.OMVolumeCreateRequest (OMVolumeCreateRequest.java:validateAndUpdateCache(196)) - created volume:ee8f3e4a-9ce3-482d-ad10-dccc428e81e8 for user:runner
2023-05-18 02:47:53,243 [Listener at 127.0.0.1/15004] INFO  rpc.RpcClient (RpcClient.java:createBucket(698)) - Creating Bucket: ee8f3e4a-9ce3-482d-ad10-dccc428e81e8/ee8f3e4a-9ce3-482d-ad10-dccc428e81e8, with server-side default bucket layout, runner as owner, Versioning false, Storage Type set to DISK and Encryption set to false, Replication Type set to server-side default replication type, Namespace Quota set to -1, Space Quota set to -1 
2023-05-18 02:47:53,246 [OM StateMachine ApplyTransaction Thread - 0] INFO  bucket.OMBucketCreateRequest (OMBucketCreateRequest.java:validateAndUpdateCache(270)) - created bucket: ee8f3e4a-9ce3-482d-ad10-dccc428e81e8 of layout FILE_SYSTEM_OPTIMIZED in volume: ee8f3e4a-9ce3-482d-ad10-dccc428e81e8
2023-05-18 02:47:53,287 [IPC Server handler 4 on default port 15001] INFO  pipeline.PipelineManagerImpl (PipelineManagerImpl.java:closePipeline(442)) - Pipeline Pipeline[ Id: 20e6cb17-5590-41b4-8cb8-3ffb43c39369, Nodes: a884725c-3443-458c-8df7-7c5a51101be7(fv-az180-414.aibneqh1mxpuhl3tnnuy2ifbce.bx.internal.cloudapp.net/10.1.1.154)1d3b30df-d5fa-48f7-8d20-f176392eff1b(fv-az180-414.aibneqh1mxpuhl3tnnuy2ifbce.bx.internal.cloudapp.net/10.1.1.154)dd0a355a-d343-4342-9afa-2dfa8fc9aea1(fv-az180-414.aibneqh1mxpuhl3tnnuy2ifbce.bx.internal.cloudapp.net/10.1.1.154)a754d4c8-bbdd-415d-ab5e-ea5caa73cb25(fv-az180-414.aibneqh1mxpuhl3tnnuy2ifbce.bx.internal.cloudapp.net/10.1.1.154)5dc09123-b42c-44c8-87e3-729c385858db(fv-az180-414.aibneqh1mxpuhl3tnnuy2ifbce.bx.internal.cloudapp.net/10.1.1.154), ReplicationConfig: EC{rs-3-2-1024k}, State:OPEN, leaderId:, CreationTimestamp2023-05-18T02:47:52.888Z[Etc/UTC]] moved to CLOSED state
2023-05-18 02:47:53,288 [IPC Server handler 4 on default port 15001] INFO  pipeline.PipelineStateManagerImpl (PipelineStateManagerImpl.java:addPipeline(103)) - Created pipeline Pipeline[ Id: e600566a-6ad3-4e8f-b5ae-f5e4fc1e9843, Nodes: 5433f90b-26c2-4398-8df5-88afed94a773(fv-az180-414.aibneqh1mxpuhl3tnnuy2ifbce.bx.internal.cloudapp.net/10.1.1.154)a884725c-3443-458c-8df7-7c5a51101be7(fv-az180-414.aibneqh1mxpuhl3tnnuy2ifbce.bx.internal.cloudapp.net/10.1.1.154)eda5bed9-420b-4517-a9a1-164df2c5dc2a(fv-az180-414.aibneqh1mxpuhl3tnnuy2ifbce.bx.internal.cloudapp.net/10.1.1.154)5dc09123-b42c-44c8-87e3-729c385858db(fv-az180-414.aibneqh1mxpuhl3tnnuy2ifbce.bx.internal.cloudapp.net/10.1.1.154)dd0a355a-d343-4342-9afa-2dfa8fc9aea1(fv-az180-414.aibneqh1mxpuhl3tnnuy2ifbce.bx.internal.cloudapp.net/10.1.1.154), ReplicationConfig: EC{rs-3-2-1024k}, State:ALLOCATED, leaderId:, CreationTimestamp2023-05-18T02:47:53.288Z[Etc/UTC]].
2023-05-18 02:47:53,288 [IPC Server handler 4 on default port 15001] INFO  pipeline.PipelineManagerImpl (PipelineManagerImpl.java:openPipeline(367)) - Pipeline Pipeline[ Id: e600566a-6ad3-4e8f-b5ae-f5e4fc1e9843, Nodes: 5433f90b-26c2-4398-8df5-88afed94a773(fv-az180-414.aibneqh1mxpuhl3tnnuy2ifbce.bx.internal.cloudapp.net/10.1.1.154)a884725c-3443-458c-8df7-7c5a51101be7(fv-az180-414.aibneqh1mxpuhl3tnnuy2ifbce.bx.internal.cloudapp.net/10.1.1.154)eda5bed9-420b-4517-a9a1-164df2c5dc2a(fv-az180-414.aibneqh1mxpuhl3tnnuy2ifbce.bx.internal.cloudapp.net/10.1.1.154)5dc09123-b42c-44c8-87e3-729c385858db(fv-az180-414.aibneqh1mxpuhl3tnnuy2ifbce.bx.internal.cloudapp.net/10.1.1.154)dd0a355a-d343-4342-9afa-2dfa8fc9aea1(fv-az180-414.aibneqh1mxpuhl3tnnuy2ifbce.bx.internal.cloudapp.net/10.1.1.154), ReplicationConfig: EC{rs-3-2-1024k}, State:ALLOCATED, leaderId:, CreationTimestamp2023-05-18T02:47:53.288Z[Etc/UTC]] moved to OPEN state
2023-05-18 02:47:53,387 [BlockDeletingService#0] INFO  interfaces.ContainerDeletionChoosingPolicyTemplate (ContainerDeletionChoosingPolicyTemplate.java:chooseContainerForBlockDeletion(83)) - Chosen 0/5000 blocks from 0 candidate containers.
2023-05-18 02:47:53,387 [BlockDeletingService#2] INFO  interfaces.ContainerDeletionChoosingPolicyTemplate (ContainerDeletionChoosingPolicyTemplate.java:chooseContainerForBlockDeletion(83)) - Chosen 0/5000 blocks from 0 candidate containers.
2023-05-18 02:47:53,396 [Listener at 127.0.0.1/15004] INFO  token.OzoneBlockTokenSecretManager (OzoneSecretManager.java:updateCurrentKey(175)) - Updating current master key for generating tokens. Cert id 1339200402336
2023-05-18 02:47:53,397 [Listener at 127.0.0.1/15004] INFO  token.ContainerTokenSecretManager (OzoneSecretManager.java:updateCurrentKey(175)) - Updating current master key for generating tokens. Cert id 1339200402336
2023-05-18 02:47:53,402 [IPC Server handler 5 on default port 15001] WARN  node.SCMNodeManager (SCMNodeManager.java:getNodesByAddress(1372)) - Cannot find node for address 127.0.0.1
2023-05-18 02:47:53,565 [ChunkReader-4] INFO  keyvalue.KeyValueContainer (KeyValueContainer.java:flushAndSyncDB(446)) - Container 10 is synced with bcsId 0.
2023-05-18 02:47:53,565 [ChunkReader-4] INFO  keyvalue.KeyValueContainer (KeyValueContainer.java:flushAndSyncDB(446)) - Container 10 is synced with bcsId 0.
2023-05-18 02:47:53,567 [ChunkReader-4] INFO  keyvalue.KeyValueContainer (KeyValueContainer.java:close(361)) - Container 10 is closed with bcsId 0.
2023-05-18 02:47:53,571 [ChunkReader-4] INFO  keyvalue.KeyValueContainer (KeyValueContainer.java:flushAndSyncDB(446)) - Container 10 is synced with bcsId 0.
2023-05-18 02:47:53,571 [ChunkReader-4] INFO  keyvalue.KeyValueContainer (KeyValueContainer.java:flushAndSyncDB(446)) - Container 10 is synced with bcsId 0.
2023-05-18 02:47:53,573 [ChunkReader-4] INFO  keyvalue.KeyValueContainer (KeyValueContainer.java:close(361)) - Container 10 is closed with bcsId 0.
]]></system-out>
  </testcase>
  <testcase name="testECReconstructionCoordinatorWith(List)[8]" classname="org.apache.hadoop.hdds.scm.storage.TestContainerCommandsEC" time="0.382">
    <system-out><![CDATA[2023-05-18 02:47:53,608 [Listener at 127.0.0.1/15004] INFO  rpc.RpcClient (RpcClient.java:createVolume(476)) - Creating Volume: b1e40720-0207-4ce2-883a-53eb560cf758, with runner as owner and space quota set to -1 bytes, counts quota set to -1
2023-05-18 02:47:53,611 [OM StateMachine ApplyTransaction Thread - 0] INFO  volume.OMVolumeCreateRequest (OMVolumeCreateRequest.java:validateAndUpdateCache(196)) - created volume:b1e40720-0207-4ce2-883a-53eb560cf758 for user:runner
2023-05-18 02:47:53,614 [Listener at 127.0.0.1/15004] INFO  rpc.RpcClient (RpcClient.java:createBucket(698)) - Creating Bucket: b1e40720-0207-4ce2-883a-53eb560cf758/b1e40720-0207-4ce2-883a-53eb560cf758, with server-side default bucket layout, runner as owner, Versioning false, Storage Type set to DISK and Encryption set to false, Replication Type set to server-side default replication type, Namespace Quota set to -1, Space Quota set to -1 
2023-05-18 02:47:53,617 [OM StateMachine ApplyTransaction Thread - 0] INFO  bucket.OMBucketCreateRequest (OMBucketCreateRequest.java:validateAndUpdateCache(270)) - created bucket: b1e40720-0207-4ce2-883a-53eb560cf758 of layout FILE_SYSTEM_OPTIMIZED in volume: b1e40720-0207-4ce2-883a-53eb560cf758
2023-05-18 02:47:53,660 [IPC Server handler 16 on default port 15001] INFO  pipeline.PipelineManagerImpl (PipelineManagerImpl.java:closePipeline(442)) - Pipeline Pipeline[ Id: e600566a-6ad3-4e8f-b5ae-f5e4fc1e9843, Nodes: 5433f90b-26c2-4398-8df5-88afed94a773(fv-az180-414.aibneqh1mxpuhl3tnnuy2ifbce.bx.internal.cloudapp.net/10.1.1.154)a884725c-3443-458c-8df7-7c5a51101be7(fv-az180-414.aibneqh1mxpuhl3tnnuy2ifbce.bx.internal.cloudapp.net/10.1.1.154)eda5bed9-420b-4517-a9a1-164df2c5dc2a(fv-az180-414.aibneqh1mxpuhl3tnnuy2ifbce.bx.internal.cloudapp.net/10.1.1.154)5dc09123-b42c-44c8-87e3-729c385858db(fv-az180-414.aibneqh1mxpuhl3tnnuy2ifbce.bx.internal.cloudapp.net/10.1.1.154)dd0a355a-d343-4342-9afa-2dfa8fc9aea1(fv-az180-414.aibneqh1mxpuhl3tnnuy2ifbce.bx.internal.cloudapp.net/10.1.1.154), ReplicationConfig: EC{rs-3-2-1024k}, State:OPEN, leaderId:, CreationTimestamp2023-05-18T02:47:53.288Z[Etc/UTC]] moved to CLOSED state
2023-05-18 02:47:53,661 [IPC Server handler 16 on default port 15001] INFO  pipeline.PipelineStateManagerImpl (PipelineStateManagerImpl.java:addPipeline(103)) - Created pipeline Pipeline[ Id: 097249f0-fc6b-4a39-ae2f-30cf086d7599, Nodes: 4ccd21da-06a8-4ca3-bf16-e3c028fe0c77(fv-az180-414.aibneqh1mxpuhl3tnnuy2ifbce.bx.internal.cloudapp.net/10.1.1.154)1d3b30df-d5fa-48f7-8d20-f176392eff1b(fv-az180-414.aibneqh1mxpuhl3tnnuy2ifbce.bx.internal.cloudapp.net/10.1.1.154)5433f90b-26c2-4398-8df5-88afed94a773(fv-az180-414.aibneqh1mxpuhl3tnnuy2ifbce.bx.internal.cloudapp.net/10.1.1.154)5dc09123-b42c-44c8-87e3-729c385858db(fv-az180-414.aibneqh1mxpuhl3tnnuy2ifbce.bx.internal.cloudapp.net/10.1.1.154)eda5bed9-420b-4517-a9a1-164df2c5dc2a(fv-az180-414.aibneqh1mxpuhl3tnnuy2ifbce.bx.internal.cloudapp.net/10.1.1.154), ReplicationConfig: EC{rs-3-2-1024k}, State:ALLOCATED, leaderId:, CreationTimestamp2023-05-18T02:47:53.660Z[Etc/UTC]].
2023-05-18 02:47:53,661 [IPC Server handler 16 on default port 15001] INFO  pipeline.PipelineManagerImpl (PipelineManagerImpl.java:openPipeline(367)) - Pipeline Pipeline[ Id: 097249f0-fc6b-4a39-ae2f-30cf086d7599, Nodes: 4ccd21da-06a8-4ca3-bf16-e3c028fe0c77(fv-az180-414.aibneqh1mxpuhl3tnnuy2ifbce.bx.internal.cloudapp.net/10.1.1.154)1d3b30df-d5fa-48f7-8d20-f176392eff1b(fv-az180-414.aibneqh1mxpuhl3tnnuy2ifbce.bx.internal.cloudapp.net/10.1.1.154)5433f90b-26c2-4398-8df5-88afed94a773(fv-az180-414.aibneqh1mxpuhl3tnnuy2ifbce.bx.internal.cloudapp.net/10.1.1.154)5dc09123-b42c-44c8-87e3-729c385858db(fv-az180-414.aibneqh1mxpuhl3tnnuy2ifbce.bx.internal.cloudapp.net/10.1.1.154)eda5bed9-420b-4517-a9a1-164df2c5dc2a(fv-az180-414.aibneqh1mxpuhl3tnnuy2ifbce.bx.internal.cloudapp.net/10.1.1.154), ReplicationConfig: EC{rs-3-2-1024k}, State:ALLOCATED, leaderId:, CreationTimestamp2023-05-18T02:47:53.660Z[Etc/UTC]] moved to OPEN state
2023-05-18 02:47:53,771 [Listener at 127.0.0.1/15004] INFO  token.OzoneBlockTokenSecretManager (OzoneSecretManager.java:updateCurrentKey(175)) - Updating current master key for generating tokens. Cert id 1339200402336
2023-05-18 02:47:53,776 [Listener at 127.0.0.1/15004] INFO  token.ContainerTokenSecretManager (OzoneSecretManager.java:updateCurrentKey(175)) - Updating current master key for generating tokens. Cert id 1339200402336
2023-05-18 02:47:53,782 [IPC Server handler 10 on default port 15001] WARN  node.SCMNodeManager (SCMNodeManager.java:getNodesByAddress(1372)) - Cannot find node for address 127.0.0.1
2023-05-18 02:47:53,947 [ChunkReader-6] INFO  keyvalue.KeyValueContainer (KeyValueContainer.java:flushAndSyncDB(446)) - Container 11 is synced with bcsId 0.
2023-05-18 02:47:53,947 [ChunkReader-6] INFO  keyvalue.KeyValueContainer (KeyValueContainer.java:flushAndSyncDB(446)) - Container 11 is synced with bcsId 0.
2023-05-18 02:47:53,948 [ChunkReader-6] INFO  keyvalue.KeyValueContainer (KeyValueContainer.java:close(361)) - Container 11 is closed with bcsId 0.
2023-05-18 02:47:53,953 [ChunkReader-3] INFO  keyvalue.KeyValueContainer (KeyValueContainer.java:flushAndSyncDB(446)) - Container 11 is synced with bcsId 0.
2023-05-18 02:47:53,954 [ChunkReader-3] INFO  keyvalue.KeyValueContainer (KeyValueContainer.java:flushAndSyncDB(446)) - Container 11 is synced with bcsId 0.
2023-05-18 02:47:53,955 [ChunkReader-3] INFO  keyvalue.KeyValueContainer (KeyValueContainer.java:close(361)) - Container 11 is closed with bcsId 0.
2023-05-18 02:47:53,972 [BlockDeletingService#2] INFO  interfaces.ContainerDeletionChoosingPolicyTemplate (ContainerDeletionChoosingPolicyTemplate.java:chooseContainerForBlockDeletion(83)) - Chosen 0/5000 blocks from 0 candidate containers.
2023-05-18 02:47:53,976 [BlockDeletingService#2] INFO  interfaces.ContainerDeletionChoosingPolicyTemplate (ContainerDeletionChoosingPolicyTemplate.java:chooseContainerForBlockDeletion(83)) - Chosen 0/5000 blocks from 0 candidate containers.
]]></system-out>
  </testcase>
  <testcase name="testECReconstructionCoordinatorWith(List)[9]" classname="org.apache.hadoop.hdds.scm.storage.TestContainerCommandsEC" time="0.384">
    <system-out><![CDATA[2023-05-18 02:47:53,991 [Listener at 127.0.0.1/15004] INFO  rpc.RpcClient (RpcClient.java:createVolume(476)) - Creating Volume: 5f4921f9-497f-4b7d-845d-962a028877f1, with runner as owner and space quota set to -1 bytes, counts quota set to -1
2023-05-18 02:47:53,997 [OM StateMachine ApplyTransaction Thread - 0] INFO  volume.OMVolumeCreateRequest (OMVolumeCreateRequest.java:validateAndUpdateCache(196)) - created volume:5f4921f9-497f-4b7d-845d-962a028877f1 for user:runner
2023-05-18 02:47:53,999 [Listener at 127.0.0.1/15004] INFO  rpc.RpcClient (RpcClient.java:createBucket(698)) - Creating Bucket: 5f4921f9-497f-4b7d-845d-962a028877f1/5f4921f9-497f-4b7d-845d-962a028877f1, with server-side default bucket layout, runner as owner, Versioning false, Storage Type set to DISK and Encryption set to false, Replication Type set to server-side default replication type, Namespace Quota set to -1, Space Quota set to -1 
2023-05-18 02:47:54,002 [OM StateMachine ApplyTransaction Thread - 0] INFO  bucket.OMBucketCreateRequest (OMBucketCreateRequest.java:validateAndUpdateCache(270)) - created bucket: 5f4921f9-497f-4b7d-845d-962a028877f1 of layout FILE_SYSTEM_OPTIMIZED in volume: 5f4921f9-497f-4b7d-845d-962a028877f1
2023-05-18 02:47:54,050 [IPC Server handler 14 on default port 15001] INFO  pipeline.PipelineManagerImpl (PipelineManagerImpl.java:closePipeline(442)) - Pipeline Pipeline[ Id: 097249f0-fc6b-4a39-ae2f-30cf086d7599, Nodes: 4ccd21da-06a8-4ca3-bf16-e3c028fe0c77(fv-az180-414.aibneqh1mxpuhl3tnnuy2ifbce.bx.internal.cloudapp.net/10.1.1.154)1d3b30df-d5fa-48f7-8d20-f176392eff1b(fv-az180-414.aibneqh1mxpuhl3tnnuy2ifbce.bx.internal.cloudapp.net/10.1.1.154)5433f90b-26c2-4398-8df5-88afed94a773(fv-az180-414.aibneqh1mxpuhl3tnnuy2ifbce.bx.internal.cloudapp.net/10.1.1.154)5dc09123-b42c-44c8-87e3-729c385858db(fv-az180-414.aibneqh1mxpuhl3tnnuy2ifbce.bx.internal.cloudapp.net/10.1.1.154)eda5bed9-420b-4517-a9a1-164df2c5dc2a(fv-az180-414.aibneqh1mxpuhl3tnnuy2ifbce.bx.internal.cloudapp.net/10.1.1.154), ReplicationConfig: EC{rs-3-2-1024k}, State:OPEN, leaderId:, CreationTimestamp2023-05-18T02:47:53.660Z[Etc/UTC]] moved to CLOSED state
2023-05-18 02:47:54,051 [IPC Server handler 14 on default port 15001] INFO  pipeline.PipelineStateManagerImpl (PipelineStateManagerImpl.java:addPipeline(103)) - Created pipeline Pipeline[ Id: 8ece5678-c85b-49a2-9f4f-63f93535c6f7, Nodes: 5433f90b-26c2-4398-8df5-88afed94a773(fv-az180-414.aibneqh1mxpuhl3tnnuy2ifbce.bx.internal.cloudapp.net/10.1.1.154)1d3b30df-d5fa-48f7-8d20-f176392eff1b(fv-az180-414.aibneqh1mxpuhl3tnnuy2ifbce.bx.internal.cloudapp.net/10.1.1.154)dd0a355a-d343-4342-9afa-2dfa8fc9aea1(fv-az180-414.aibneqh1mxpuhl3tnnuy2ifbce.bx.internal.cloudapp.net/10.1.1.154)4ccd21da-06a8-4ca3-bf16-e3c028fe0c77(fv-az180-414.aibneqh1mxpuhl3tnnuy2ifbce.bx.internal.cloudapp.net/10.1.1.154)5dc09123-b42c-44c8-87e3-729c385858db(fv-az180-414.aibneqh1mxpuhl3tnnuy2ifbce.bx.internal.cloudapp.net/10.1.1.154), ReplicationConfig: EC{rs-3-2-1024k}, State:ALLOCATED, leaderId:, CreationTimestamp2023-05-18T02:47:54.051Z[Etc/UTC]].
2023-05-18 02:47:54,052 [IPC Server handler 14 on default port 15001] INFO  pipeline.PipelineManagerImpl (PipelineManagerImpl.java:openPipeline(367)) - Pipeline Pipeline[ Id: 8ece5678-c85b-49a2-9f4f-63f93535c6f7, Nodes: 5433f90b-26c2-4398-8df5-88afed94a773(fv-az180-414.aibneqh1mxpuhl3tnnuy2ifbce.bx.internal.cloudapp.net/10.1.1.154)1d3b30df-d5fa-48f7-8d20-f176392eff1b(fv-az180-414.aibneqh1mxpuhl3tnnuy2ifbce.bx.internal.cloudapp.net/10.1.1.154)dd0a355a-d343-4342-9afa-2dfa8fc9aea1(fv-az180-414.aibneqh1mxpuhl3tnnuy2ifbce.bx.internal.cloudapp.net/10.1.1.154)4ccd21da-06a8-4ca3-bf16-e3c028fe0c77(fv-az180-414.aibneqh1mxpuhl3tnnuy2ifbce.bx.internal.cloudapp.net/10.1.1.154)5dc09123-b42c-44c8-87e3-729c385858db(fv-az180-414.aibneqh1mxpuhl3tnnuy2ifbce.bx.internal.cloudapp.net/10.1.1.154), ReplicationConfig: EC{rs-3-2-1024k}, State:ALLOCATED, leaderId:, CreationTimestamp2023-05-18T02:47:54.051Z[Etc/UTC]] moved to OPEN state
2023-05-18 02:47:54,101 [BlockDeletingService#2] INFO  interfaces.ContainerDeletionChoosingPolicyTemplate (ContainerDeletionChoosingPolicyTemplate.java:chooseContainerForBlockDeletion(83)) - Chosen 0/5000 blocks from 0 candidate containers.
2023-05-18 02:47:54,101 [BlockDeletingService#2] INFO  interfaces.ContainerDeletionChoosingPolicyTemplate (ContainerDeletionChoosingPolicyTemplate.java:chooseContainerForBlockDeletion(83)) - Chosen 0/5000 blocks from 0 candidate containers.
2023-05-18 02:47:54,101 [BlockDeletingService#2] INFO  interfaces.ContainerDeletionChoosingPolicyTemplate (ContainerDeletionChoosingPolicyTemplate.java:chooseContainerForBlockDeletion(83)) - Chosen 0/5000 blocks from 0 candidate containers.
2023-05-18 02:47:54,161 [Listener at 127.0.0.1/15004] INFO  token.OzoneBlockTokenSecretManager (OzoneSecretManager.java:updateCurrentKey(175)) - Updating current master key for generating tokens. Cert id 1339200402336
2023-05-18 02:47:54,161 [Listener at 127.0.0.1/15004] INFO  token.ContainerTokenSecretManager (OzoneSecretManager.java:updateCurrentKey(175)) - Updating current master key for generating tokens. Cert id 1339200402336
2023-05-18 02:47:54,172 [IPC Server handler 0 on default port 15001] WARN  node.SCMNodeManager (SCMNodeManager.java:getNodesByAddress(1372)) - Cannot find node for address 127.0.0.1
2023-05-18 02:47:54,200 [BlockDeletingService#2] INFO  interfaces.ContainerDeletionChoosingPolicyTemplate (ContainerDeletionChoosingPolicyTemplate.java:chooseContainerForBlockDeletion(83)) - Chosen 0/5000 blocks from 0 candidate containers.
2023-05-18 02:47:54,330 [ChunkReader-6] INFO  keyvalue.KeyValueContainer (KeyValueContainer.java:flushAndSyncDB(446)) - Container 12 is synced with bcsId 0.
2023-05-18 02:47:54,330 [ChunkReader-6] INFO  keyvalue.KeyValueContainer (KeyValueContainer.java:flushAndSyncDB(446)) - Container 12 is synced with bcsId 0.
2023-05-18 02:47:54,332 [ChunkReader-6] INFO  keyvalue.KeyValueContainer (KeyValueContainer.java:close(361)) - Container 12 is closed with bcsId 0.
2023-05-18 02:47:54,337 [ChunkReader-2] INFO  keyvalue.KeyValueContainer (KeyValueContainer.java:flushAndSyncDB(446)) - Container 12 is synced with bcsId 0.
2023-05-18 02:47:54,337 [ChunkReader-2] INFO  keyvalue.KeyValueContainer (KeyValueContainer.java:flushAndSyncDB(446)) - Container 12 is synced with bcsId 0.
2023-05-18 02:47:54,338 [ChunkReader-2] INFO  keyvalue.KeyValueContainer (KeyValueContainer.java:close(361)) - Container 12 is closed with bcsId 0.
]]></system-out>
  </testcase>
  <testcase name="testOrphanBlock" classname="org.apache.hadoop.hdds.scm.storage.TestContainerCommandsEC" time="7.26">
    <system-out><![CDATA[2023-05-18 02:47:54,378 [Listener at 127.0.0.1/15004] INFO  pipeline.PipelineManagerImpl (PipelineManagerImpl.java:closePipeline(442)) - Pipeline Pipeline[ Id: 8ece5678-c85b-49a2-9f4f-63f93535c6f7, Nodes: 5433f90b-26c2-4398-8df5-88afed94a773(fv-az180-414.aibneqh1mxpuhl3tnnuy2ifbce.bx.internal.cloudapp.net/10.1.1.154)1d3b30df-d5fa-48f7-8d20-f176392eff1b(fv-az180-414.aibneqh1mxpuhl3tnnuy2ifbce.bx.internal.cloudapp.net/10.1.1.154)dd0a355a-d343-4342-9afa-2dfa8fc9aea1(fv-az180-414.aibneqh1mxpuhl3tnnuy2ifbce.bx.internal.cloudapp.net/10.1.1.154)4ccd21da-06a8-4ca3-bf16-e3c028fe0c77(fv-az180-414.aibneqh1mxpuhl3tnnuy2ifbce.bx.internal.cloudapp.net/10.1.1.154)5dc09123-b42c-44c8-87e3-729c385858db(fv-az180-414.aibneqh1mxpuhl3tnnuy2ifbce.bx.internal.cloudapp.net/10.1.1.154), ReplicationConfig: EC{rs-3-2-1024k}, State:OPEN, leaderId:, CreationTimestamp2023-05-18T02:47:54.051Z[Etc/UTC]] moved to CLOSED state
2023-05-18 02:47:54,379 [Listener at 127.0.0.1/15004] INFO  pipeline.PipelineStateManagerImpl (PipelineStateManagerImpl.java:removePipeline(245)) - Pipeline Pipeline[ Id: 8ece5678-c85b-49a2-9f4f-63f93535c6f7, Nodes: 5433f90b-26c2-4398-8df5-88afed94a773(fv-az180-414.aibneqh1mxpuhl3tnnuy2ifbce.bx.internal.cloudapp.net/10.1.1.154)1d3b30df-d5fa-48f7-8d20-f176392eff1b(fv-az180-414.aibneqh1mxpuhl3tnnuy2ifbce.bx.internal.cloudapp.net/10.1.1.154)dd0a355a-d343-4342-9afa-2dfa8fc9aea1(fv-az180-414.aibneqh1mxpuhl3tnnuy2ifbce.bx.internal.cloudapp.net/10.1.1.154)4ccd21da-06a8-4ca3-bf16-e3c028fe0c77(fv-az180-414.aibneqh1mxpuhl3tnnuy2ifbce.bx.internal.cloudapp.net/10.1.1.154)5dc09123-b42c-44c8-87e3-729c385858db(fv-az180-414.aibneqh1mxpuhl3tnnuy2ifbce.bx.internal.cloudapp.net/10.1.1.154), ReplicationConfig: EC{rs-3-2-1024k}, State:CLOSED, leaderId:, CreationTimestamp2023-05-18T02:47:54.051Z[Etc/UTC]] removed.
2023-05-18 02:47:54,386 [IPC Server handler 5 on default port 15001] INFO  pipeline.PipelineStateManagerImpl (PipelineStateManagerImpl.java:addPipeline(103)) - Created pipeline Pipeline[ Id: ddd12ebb-12fb-4835-9a5e-5c6e7f27ffbe, Nodes: 5433f90b-26c2-4398-8df5-88afed94a773(fv-az180-414.aibneqh1mxpuhl3tnnuy2ifbce.bx.internal.cloudapp.net/10.1.1.154)a884725c-3443-458c-8df7-7c5a51101be7(fv-az180-414.aibneqh1mxpuhl3tnnuy2ifbce.bx.internal.cloudapp.net/10.1.1.154)a754d4c8-bbdd-415d-ab5e-ea5caa73cb25(fv-az180-414.aibneqh1mxpuhl3tnnuy2ifbce.bx.internal.cloudapp.net/10.1.1.154)4ccd21da-06a8-4ca3-bf16-e3c028fe0c77(fv-az180-414.aibneqh1mxpuhl3tnnuy2ifbce.bx.internal.cloudapp.net/10.1.1.154)1d3b30df-d5fa-48f7-8d20-f176392eff1b(fv-az180-414.aibneqh1mxpuhl3tnnuy2ifbce.bx.internal.cloudapp.net/10.1.1.154), ReplicationConfig: EC{rs-3-2-1024k}, State:ALLOCATED, leaderId:, CreationTimestamp2023-05-18T02:47:54.386Z[Etc/UTC]].
2023-05-18 02:47:54,387 [IPC Server handler 5 on default port 15001] INFO  pipeline.PipelineManagerImpl (PipelineManagerImpl.java:openPipeline(367)) - Pipeline Pipeline[ Id: ddd12ebb-12fb-4835-9a5e-5c6e7f27ffbe, Nodes: 5433f90b-26c2-4398-8df5-88afed94a773(fv-az180-414.aibneqh1mxpuhl3tnnuy2ifbce.bx.internal.cloudapp.net/10.1.1.154)a884725c-3443-458c-8df7-7c5a51101be7(fv-az180-414.aibneqh1mxpuhl3tnnuy2ifbce.bx.internal.cloudapp.net/10.1.1.154)a754d4c8-bbdd-415d-ab5e-ea5caa73cb25(fv-az180-414.aibneqh1mxpuhl3tnnuy2ifbce.bx.internal.cloudapp.net/10.1.1.154)4ccd21da-06a8-4ca3-bf16-e3c028fe0c77(fv-az180-414.aibneqh1mxpuhl3tnnuy2ifbce.bx.internal.cloudapp.net/10.1.1.154)1d3b30df-d5fa-48f7-8d20-f176392eff1b(fv-az180-414.aibneqh1mxpuhl3tnnuy2ifbce.bx.internal.cloudapp.net/10.1.1.154), ReplicationConfig: EC{rs-3-2-1024k}, State:ALLOCATED, leaderId:, CreationTimestamp2023-05-18T02:47:54.386Z[Etc/UTC]] moved to OPEN state
2023-05-18 02:47:54,387 [BlockDeletingService#0] INFO  interfaces.ContainerDeletionChoosingPolicyTemplate (ContainerDeletionChoosingPolicyTemplate.java:chooseContainerForBlockDeletion(83)) - Chosen 0/5000 blocks from 0 candidate containers.
2023-05-18 02:47:54,387 [BlockDeletingService#2] INFO  interfaces.ContainerDeletionChoosingPolicyTemplate (ContainerDeletionChoosingPolicyTemplate.java:chooseContainerForBlockDeletion(83)) - Chosen 0/5000 blocks from 0 candidate containers.
2023-05-18 02:47:54,519 [IPC Server handler 13 on default port 15001] WARN  node.SCMNodeManager (SCMNodeManager.java:getNodesByAddress(1372)) - Cannot find node for address 127.0.0.1
2023-05-18 02:47:54,523 [Listener at 127.0.0.1/15004] INFO  pipeline.PipelineManagerImpl (PipelineManagerImpl.java:closeContainersForPipeline(421)) - Container #13 closed for pipeline=PipelineID=ddd12ebb-12fb-4835-9a5e-5c6e7f27ffbe
2023-05-18 02:47:54,524 [Listener at 127.0.0.1/15004] INFO  pipeline.PipelineManagerImpl (PipelineManagerImpl.java:closePipeline(442)) - Pipeline Pipeline[ Id: ddd12ebb-12fb-4835-9a5e-5c6e7f27ffbe, Nodes: 5433f90b-26c2-4398-8df5-88afed94a773(fv-az180-414.aibneqh1mxpuhl3tnnuy2ifbce.bx.internal.cloudapp.net/10.1.1.154)a884725c-3443-458c-8df7-7c5a51101be7(fv-az180-414.aibneqh1mxpuhl3tnnuy2ifbce.bx.internal.cloudapp.net/10.1.1.154)a754d4c8-bbdd-415d-ab5e-ea5caa73cb25(fv-az180-414.aibneqh1mxpuhl3tnnuy2ifbce.bx.internal.cloudapp.net/10.1.1.154)4ccd21da-06a8-4ca3-bf16-e3c028fe0c77(fv-az180-414.aibneqh1mxpuhl3tnnuy2ifbce.bx.internal.cloudapp.net/10.1.1.154)1d3b30df-d5fa-48f7-8d20-f176392eff1b(fv-az180-414.aibneqh1mxpuhl3tnnuy2ifbce.bx.internal.cloudapp.net/10.1.1.154), ReplicationConfig: EC{rs-3-2-1024k}, State:OPEN, leaderId:, CreationTimestamp2023-05-18T02:47:54.386Z[Etc/UTC]] moved to CLOSED state
2023-05-18 02:47:54,524 [Listener at 127.0.0.1/15004] INFO  pipeline.PipelineStateManagerImpl (PipelineStateManagerImpl.java:removePipeline(245)) - Pipeline Pipeline[ Id: ddd12ebb-12fb-4835-9a5e-5c6e7f27ffbe, Nodes: 5433f90b-26c2-4398-8df5-88afed94a773(fv-az180-414.aibneqh1mxpuhl3tnnuy2ifbce.bx.internal.cloudapp.net/10.1.1.154)a884725c-3443-458c-8df7-7c5a51101be7(fv-az180-414.aibneqh1mxpuhl3tnnuy2ifbce.bx.internal.cloudapp.net/10.1.1.154)a754d4c8-bbdd-415d-ab5e-ea5caa73cb25(fv-az180-414.aibneqh1mxpuhl3tnnuy2ifbce.bx.internal.cloudapp.net/10.1.1.154)4ccd21da-06a8-4ca3-bf16-e3c028fe0c77(fv-az180-414.aibneqh1mxpuhl3tnnuy2ifbce.bx.internal.cloudapp.net/10.1.1.154)1d3b30df-d5fa-48f7-8d20-f176392eff1b(fv-az180-414.aibneqh1mxpuhl3tnnuy2ifbce.bx.internal.cloudapp.net/10.1.1.154), ReplicationConfig: EC{rs-3-2-1024k}, State:CLOSED, leaderId:, CreationTimestamp2023-05-18T02:47:54.386Z[Etc/UTC]] removed.
2023-05-18 02:47:54,525 [EventQueue-CloseContainerForCloseContainerEventHandler] INFO  container.CloseContainerEventHandler (CloseContainerEventHandler.java:onMessage(89)) - Close container Event triggered for container : #13, current state: CLOSING
2023-05-18 02:47:54,973 [BlockDeletingService#2] INFO  interfaces.ContainerDeletionChoosingPolicyTemplate (ContainerDeletionChoosingPolicyTemplate.java:chooseContainerForBlockDeletion(83)) - Chosen 0/5000 blocks from 0 candidate containers.
2023-05-18 02:47:54,977 [BlockDeletingService#2] INFO  interfaces.ContainerDeletionChoosingPolicyTemplate (ContainerDeletionChoosingPolicyTemplate.java:chooseContainerForBlockDeletion(83)) - Chosen 0/5000 blocks from 0 candidate containers.
2023-05-18 02:47:55,101 [BlockDeletingService#2] INFO  interfaces.ContainerDeletionChoosingPolicyTemplate (ContainerDeletionChoosingPolicyTemplate.java:chooseContainerForBlockDeletion(83)) - Chosen 0/5000 blocks from 0 candidate containers.
2023-05-18 02:47:55,102 [BlockDeletingService#2] INFO  interfaces.ContainerDeletionChoosingPolicyTemplate (ContainerDeletionChoosingPolicyTemplate.java:chooseContainerForBlockDeletion(83)) - Chosen 0/5000 blocks from 0 candidate containers.
2023-05-18 02:47:55,102 [BlockDeletingService#2] INFO  interfaces.ContainerDeletionChoosingPolicyTemplate (ContainerDeletionChoosingPolicyTemplate.java:chooseContainerForBlockDeletion(83)) - Chosen 0/5000 blocks from 0 candidate containers.
2023-05-18 02:47:55,200 [BlockDeletingService#2] INFO  interfaces.ContainerDeletionChoosingPolicyTemplate (ContainerDeletionChoosingPolicyTemplate.java:chooseContainerForBlockDeletion(83)) - Chosen 0/5000 blocks from 0 candidate containers.
2023-05-18 02:47:55,388 [BlockDeletingService#0] INFO  interfaces.ContainerDeletionChoosingPolicyTemplate (ContainerDeletionChoosingPolicyTemplate.java:chooseContainerForBlockDeletion(83)) - Chosen 0/5000 blocks from 0 candidate containers.
2023-05-18 02:47:55,388 [BlockDeletingService#2] INFO  interfaces.ContainerDeletionChoosingPolicyTemplate (ContainerDeletionChoosingPolicyTemplate.java:chooseContainerForBlockDeletion(83)) - Chosen 0/5000 blocks from 0 candidate containers.
2023-05-18 02:47:55,973 [BlockDeletingService#2] INFO  interfaces.ContainerDeletionChoosingPolicyTemplate (ContainerDeletionChoosingPolicyTemplate.java:chooseContainerForBlockDeletion(83)) - Chosen 0/5000 blocks from 0 candidate containers.
2023-05-18 02:47:55,977 [BlockDeletingService#2] INFO  interfaces.ContainerDeletionChoosingPolicyTemplate (ContainerDeletionChoosingPolicyTemplate.java:chooseContainerForBlockDeletion(83)) - Chosen 0/5000 blocks from 0 candidate containers.
2023-05-18 02:47:56,102 [BlockDeletingService#2] INFO  interfaces.ContainerDeletionChoosingPolicyTemplate (ContainerDeletionChoosingPolicyTemplate.java:chooseContainerForBlockDeletion(83)) - Chosen 0/5000 blocks from 0 candidate containers.
2023-05-18 02:47:56,102 [BlockDeletingService#2] INFO  interfaces.ContainerDeletionChoosingPolicyTemplate (ContainerDeletionChoosingPolicyTemplate.java:chooseContainerForBlockDeletion(83)) - Chosen 0/5000 blocks from 0 candidate containers.
2023-05-18 02:47:56,102 [BlockDeletingService#2] INFO  interfaces.ContainerDeletionChoosingPolicyTemplate (ContainerDeletionChoosingPolicyTemplate.java:chooseContainerForBlockDeletion(83)) - Chosen 0/5000 blocks from 0 candidate containers.
2023-05-18 02:47:56,201 [BlockDeletingService#2] INFO  interfaces.ContainerDeletionChoosingPolicyTemplate (ContainerDeletionChoosingPolicyTemplate.java:chooseContainerForBlockDeletion(83)) - Chosen 0/5000 blocks from 0 candidate containers.
2023-05-18 02:47:56,388 [BlockDeletingService#0] INFO  interfaces.ContainerDeletionChoosingPolicyTemplate (ContainerDeletionChoosingPolicyTemplate.java:chooseContainerForBlockDeletion(83)) - Chosen 0/5000 blocks from 0 candidate containers.
2023-05-18 02:47:56,388 [BlockDeletingService#2] INFO  interfaces.ContainerDeletionChoosingPolicyTemplate (ContainerDeletionChoosingPolicyTemplate.java:chooseContainerForBlockDeletion(83)) - Chosen 0/5000 blocks from 0 candidate containers.
2023-05-18 02:47:56,973 [BlockDeletingService#2] INFO  interfaces.ContainerDeletionChoosingPolicyTemplate (ContainerDeletionChoosingPolicyTemplate.java:chooseContainerForBlockDeletion(83)) - Chosen 0/5000 blocks from 0 candidate containers.
2023-05-18 02:47:56,977 [BlockDeletingService#2] INFO  interfaces.ContainerDeletionChoosingPolicyTemplate (ContainerDeletionChoosingPolicyTemplate.java:chooseContainerForBlockDeletion(83)) - Chosen 0/5000 blocks from 0 candidate containers.
2023-05-18 02:47:57,102 [BlockDeletingService#2] INFO  interfaces.ContainerDeletionChoosingPolicyTemplate (ContainerDeletionChoosingPolicyTemplate.java:chooseContainerForBlockDeletion(83)) - Chosen 0/5000 blocks from 0 candidate containers.
2023-05-18 02:47:57,102 [BlockDeletingService#2] INFO  interfaces.ContainerDeletionChoosingPolicyTemplate (ContainerDeletionChoosingPolicyTemplate.java:chooseContainerForBlockDeletion(83)) - Chosen 0/5000 blocks from 0 candidate containers.
2023-05-18 02:47:57,102 [BlockDeletingService#2] INFO  interfaces.ContainerDeletionChoosingPolicyTemplate (ContainerDeletionChoosingPolicyTemplate.java:chooseContainerForBlockDeletion(83)) - Chosen 0/5000 blocks from 0 candidate containers.
2023-05-18 02:47:57,201 [BlockDeletingService#2] INFO  interfaces.ContainerDeletionChoosingPolicyTemplate (ContainerDeletionChoosingPolicyTemplate.java:chooseContainerForBlockDeletion(83)) - Chosen 0/5000 blocks from 0 candidate containers.
2023-05-18 02:47:57,388 [BlockDeletingService#0] INFO  interfaces.ContainerDeletionChoosingPolicyTemplate (ContainerDeletionChoosingPolicyTemplate.java:chooseContainerForBlockDeletion(83)) - Chosen 0/5000 blocks from 0 candidate containers.
2023-05-18 02:47:57,388 [BlockDeletingService#2] INFO  interfaces.ContainerDeletionChoosingPolicyTemplate (ContainerDeletionChoosingPolicyTemplate.java:chooseContainerForBlockDeletion(83)) - Chosen 0/5000 blocks from 0 candidate containers.
2023-05-18 02:47:57,451 [Command processor thread] INFO  keyvalue.KeyValueContainer (KeyValueContainer.java:flushAndSyncDB(446)) - Container 13 is synced with bcsId 0.
2023-05-18 02:47:57,451 [Command processor thread] INFO  keyvalue.KeyValueContainer (KeyValueContainer.java:flushAndSyncDB(446)) - Container 13 is synced with bcsId 0.
2023-05-18 02:47:57,453 [Command processor thread] INFO  keyvalue.KeyValueContainer (KeyValueContainer.java:close(361)) - Container 13 is closed with bcsId 0.
2023-05-18 02:47:57,455 [FixedThreadPoolWithAffinityExecutor-9-0] INFO  container.IncrementalContainerReportHandler (AbstractContainerReportHandler.java:updateContainerState(310)) - Moving container #13 to CLOSED state, datanode 5433f90b-26c2-4398-8df5-88afed94a773(fv-az180-414.aibneqh1mxpuhl3tnnuy2ifbce.bx.internal.cloudapp.net/10.1.1.154) reported CLOSED replica with index 1.
2023-05-18 02:47:57,462 [Command processor thread] INFO  keyvalue.KeyValueContainer (KeyValueContainer.java:flushAndSyncDB(446)) - Container 13 is synced with bcsId 0.
2023-05-18 02:47:57,462 [Command processor thread] INFO  keyvalue.KeyValueContainer (KeyValueContainer.java:flushAndSyncDB(446)) - Container 13 is synced with bcsId 0.
2023-05-18 02:47:57,464 [Command processor thread] INFO  keyvalue.KeyValueContainer (KeyValueContainer.java:close(361)) - Container 13 is closed with bcsId 0.
2023-05-18 02:47:57,485 [Command processor thread] INFO  keyvalue.KeyValueContainer (KeyValueContainer.java:flushAndSyncDB(446)) - Container 13 is synced with bcsId 0.
2023-05-18 02:47:57,485 [Command processor thread] INFO  keyvalue.KeyValueContainer (KeyValueContainer.java:flushAndSyncDB(446)) - Container 13 is synced with bcsId 0.
2023-05-18 02:47:57,486 [Command processor thread] INFO  keyvalue.KeyValueContainer (KeyValueContainer.java:flushAndSyncDB(446)) - Container 13 is synced with bcsId 0.
2023-05-18 02:47:57,486 [Command processor thread] INFO  keyvalue.KeyValueContainer (KeyValueContainer.java:flushAndSyncDB(446)) - Container 13 is synced with bcsId 0.
2023-05-18 02:47:57,487 [Command processor thread] INFO  keyvalue.KeyValueContainer (KeyValueContainer.java:close(361)) - Container 13 is closed with bcsId 0.
2023-05-18 02:47:57,489 [Command processor thread] INFO  keyvalue.KeyValueContainer (KeyValueContainer.java:close(361)) - Container 13 is closed with bcsId 0.
2023-05-18 02:47:57,974 [BlockDeletingService#2] INFO  interfaces.ContainerDeletionChoosingPolicyTemplate (ContainerDeletionChoosingPolicyTemplate.java:chooseContainerForBlockDeletion(83)) - Chosen 0/5000 blocks from 0 candidate containers.
2023-05-18 02:47:57,977 [BlockDeletingService#2] INFO  interfaces.ContainerDeletionChoosingPolicyTemplate (ContainerDeletionChoosingPolicyTemplate.java:chooseContainerForBlockDeletion(83)) - Chosen 0/5000 blocks from 0 candidate containers.
2023-05-18 02:47:58,103 [BlockDeletingService#2] INFO  interfaces.ContainerDeletionChoosingPolicyTemplate (ContainerDeletionChoosingPolicyTemplate.java:chooseContainerForBlockDeletion(83)) - Chosen 0/5000 blocks from 0 candidate containers.
2023-05-18 02:47:58,103 [BlockDeletingService#2] INFO  interfaces.ContainerDeletionChoosingPolicyTemplate (ContainerDeletionChoosingPolicyTemplate.java:chooseContainerForBlockDeletion(83)) - Chosen 0/5000 blocks from 0 candidate containers.
2023-05-18 02:47:58,103 [BlockDeletingService#2] INFO  interfaces.ContainerDeletionChoosingPolicyTemplate (ContainerDeletionChoosingPolicyTemplate.java:chooseContainerForBlockDeletion(83)) - Chosen 0/5000 blocks from 0 candidate containers.
2023-05-18 02:47:58,201 [BlockDeletingService#2] INFO  interfaces.ContainerDeletionChoosingPolicyTemplate (ContainerDeletionChoosingPolicyTemplate.java:chooseContainerForBlockDeletion(83)) - Chosen 0/5000 blocks from 0 candidate containers.
2023-05-18 02:47:58,388 [BlockDeletingService#0] INFO  interfaces.ContainerDeletionChoosingPolicyTemplate (ContainerDeletionChoosingPolicyTemplate.java:chooseContainerForBlockDeletion(83)) - Chosen 0/5000 blocks from 0 candidate containers.
2023-05-18 02:47:58,389 [BlockDeletingService#2] INFO  interfaces.ContainerDeletionChoosingPolicyTemplate (ContainerDeletionChoosingPolicyTemplate.java:chooseContainerForBlockDeletion(83)) - Chosen 0/5000 blocks from 0 candidate containers.
2023-05-18 02:47:58,500 [Command processor thread] INFO  keyvalue.KeyValueContainer (KeyValueContainer.java:flushAndSyncDB(446)) - Container 13 is synced with bcsId 0.
2023-05-18 02:47:58,502 [Command processor thread] INFO  keyvalue.KeyValueContainer (KeyValueContainer.java:flushAndSyncDB(446)) - Container 13 is synced with bcsId 0.
2023-05-18 02:47:58,504 [Command processor thread] INFO  keyvalue.KeyValueContainer (KeyValueContainer.java:close(361)) - Container 13 is closed with bcsId 0.
2023-05-18 02:47:58,531 [IPC Server handler 16 on default port 15001] WARN  node.SCMNodeManager (SCMNodeManager.java:getNodesByAddress(1372)) - Cannot find node for address 127.0.0.1
2023-05-18 02:47:58,974 [BlockDeletingService#2] INFO  interfaces.ContainerDeletionChoosingPolicyTemplate (ContainerDeletionChoosingPolicyTemplate.java:chooseContainerForBlockDeletion(83)) - Chosen 0/5000 blocks from 0 candidate containers.
2023-05-18 02:47:58,978 [BlockDeletingService#2] INFO  interfaces.ContainerDeletionChoosingPolicyTemplate (ContainerDeletionChoosingPolicyTemplate.java:chooseContainerForBlockDeletion(83)) - Chosen 0/5000 blocks from 0 candidate containers.
2023-05-18 02:47:59,103 [BlockDeletingService#2] INFO  interfaces.ContainerDeletionChoosingPolicyTemplate (ContainerDeletionChoosingPolicyTemplate.java:chooseContainerForBlockDeletion(83)) - Chosen 0/5000 blocks from 0 candidate containers.
2023-05-18 02:47:59,103 [BlockDeletingService#2] INFO  interfaces.ContainerDeletionChoosingPolicyTemplate (ContainerDeletionChoosingPolicyTemplate.java:chooseContainerForBlockDeletion(83)) - Chosen 0/5000 blocks from 0 candidate containers.
2023-05-18 02:47:59,103 [BlockDeletingService#2] INFO  interfaces.ContainerDeletionChoosingPolicyTemplate (ContainerDeletionChoosingPolicyTemplate.java:chooseContainerForBlockDeletion(83)) - Chosen 0/5000 blocks from 0 candidate containers.
2023-05-18 02:47:59,202 [BlockDeletingService#2] INFO  interfaces.ContainerDeletionChoosingPolicyTemplate (ContainerDeletionChoosingPolicyTemplate.java:chooseContainerForBlockDeletion(83)) - Chosen 0/5000 blocks from 0 candidate containers.
2023-05-18 02:47:59,389 [BlockDeletingService#0] INFO  interfaces.ContainerDeletionChoosingPolicyTemplate (ContainerDeletionChoosingPolicyTemplate.java:chooseContainerForBlockDeletion(83)) - Chosen 0/5000 blocks from 0 candidate containers.
2023-05-18 02:47:59,389 [BlockDeletingService#2] INFO  interfaces.ContainerDeletionChoosingPolicyTemplate (ContainerDeletionChoosingPolicyTemplate.java:chooseContainerForBlockDeletion(83)) - Chosen 0/5000 blocks from 0 candidate containers.
2023-05-18 02:47:59,974 [BlockDeletingService#2] INFO  interfaces.ContainerDeletionChoosingPolicyTemplate (ContainerDeletionChoosingPolicyTemplate.java:chooseContainerForBlockDeletion(83)) - Chosen 0/5000 blocks from 0 candidate containers.
2023-05-18 02:47:59,978 [BlockDeletingService#2] INFO  interfaces.ContainerDeletionChoosingPolicyTemplate (ContainerDeletionChoosingPolicyTemplate.java:chooseContainerForBlockDeletion(83)) - Chosen 0/5000 blocks from 0 candidate containers.
2023-05-18 02:48:00,103 [BlockDeletingService#2] INFO  interfaces.ContainerDeletionChoosingPolicyTemplate (ContainerDeletionChoosingPolicyTemplate.java:chooseContainerForBlockDeletion(83)) - Chosen 0/5000 blocks from 0 candidate containers.
2023-05-18 02:48:00,103 [BlockDeletingService#2] INFO  interfaces.ContainerDeletionChoosingPolicyTemplate (ContainerDeletionChoosingPolicyTemplate.java:chooseContainerForBlockDeletion(83)) - Chosen 0/5000 blocks from 0 candidate containers.
2023-05-18 02:48:00,104 [BlockDeletingService#2] INFO  interfaces.ContainerDeletionChoosingPolicyTemplate (ContainerDeletionChoosingPolicyTemplate.java:chooseContainerForBlockDeletion(83)) - Chosen 0/5000 blocks from 0 candidate containers.
2023-05-18 02:48:00,202 [BlockDeletingService#2] INFO  interfaces.ContainerDeletionChoosingPolicyTemplate (ContainerDeletionChoosingPolicyTemplate.java:chooseContainerForBlockDeletion(83)) - Chosen 0/5000 blocks from 0 candidate containers.
2023-05-18 02:48:00,389 [BlockDeletingService#0] INFO  interfaces.ContainerDeletionChoosingPolicyTemplate (ContainerDeletionChoosingPolicyTemplate.java:chooseContainerForBlockDeletion(83)) - Chosen 0/5000 blocks from 0 candidate containers.
2023-05-18 02:48:00,389 [BlockDeletingService#2] INFO  interfaces.ContainerDeletionChoosingPolicyTemplate (ContainerDeletionChoosingPolicyTemplate.java:chooseContainerForBlockDeletion(83)) - Chosen 0/5000 blocks from 0 candidate containers.
2023-05-18 02:48:00,966 [org.apache.hadoop.ozone.container.common.statemachine.commandhandler.DeleteBlocksCommandHandler$DeleteCmdWorker@6723c986] INFO  commandhandler.DeleteBlocksCommandHandler (DeleteBlocksCommandHandler.java:processCmd(275)) - Start to delete container blocks, TXIDs=[1(10)], numOfContainers=1, numOfBlocks=1
2023-05-18 02:48:00,974 [BlockDeletingService#2] INFO  interfaces.ContainerDeletionChoosingPolicyTemplate (ContainerDeletionChoosingPolicyTemplate.java:chooseContainerForBlockDeletion(83)) - Chosen 0/5000 blocks from 0 candidate containers.
2023-05-18 02:48:00,978 [BlockDeletingService#2] INFO  interfaces.ContainerDeletionChoosingPolicyTemplate (ContainerDeletionChoosingPolicyTemplate.java:chooseContainerForBlockDeletion(83)) - Chosen 0/5000 blocks from 0 candidate containers.
2023-05-18 02:48:01,104 [BlockDeletingService#2] INFO  interfaces.ContainerDeletionChoosingPolicyTemplate (ContainerDeletionChoosingPolicyTemplate.java:chooseContainerForBlockDeletion(83)) - Chosen 0/5000 blocks from 0 candidate containers.
2023-05-18 02:48:01,104 [BlockDeletingService#2] INFO  interfaces.ContainerDeletionChoosingPolicyTemplate (ContainerDeletionChoosingPolicyTemplate.java:chooseContainerForBlockDeletion(83)) - Chosen 0/5000 blocks from 0 candidate containers.
2023-05-18 02:48:01,104 [BlockDeletingService#2] INFO  interfaces.ContainerDeletionChoosingPolicyTemplate (ContainerDeletionChoosingPolicyTemplate.java:chooseContainerForBlockDeletion(83)) - Chosen 0/5000 blocks from 0 candidate containers.
2023-05-18 02:48:01,203 [BlockDeletingService#2] INFO  interfaces.ContainerDeletionChoosingPolicyTemplate (ContainerDeletionChoosingPolicyTemplate.java:chooseContainerForBlockDeletion(83)) - Chosen 1/4999 blocks from 1 candidate containers.
2023-05-18 02:48:01,208 [BlockDeletingService#6] INFO  impl.FilePerBlockStrategy (FilePerBlockStrategy.java:deleteChunk(254)) - Deleted block file: /home/runner/work/ozone/ozone/hadoop-ozone/integration-test/target/test-dir/MiniOzoneClusterImpl-522acec6-bbe2-4bbe-92e7-576262f261c3/datanode-0/data-0/containers/hdds/522acec6-bbe2-4bbe-92e7-576262f261c3/current/containerDir0/13/chunks/111677748019200018.block
2023-05-18 02:48:01,390 [BlockDeletingService#0] INFO  interfaces.ContainerDeletionChoosingPolicyTemplate (ContainerDeletionChoosingPolicyTemplate.java:chooseContainerForBlockDeletion(83)) - Chosen 0/5000 blocks from 0 candidate containers.
2023-05-18 02:48:01,390 [BlockDeletingService#2] INFO  interfaces.ContainerDeletionChoosingPolicyTemplate (ContainerDeletionChoosingPolicyTemplate.java:chooseContainerForBlockDeletion(83)) - Chosen 0/5000 blocks from 0 candidate containers.
2023-05-18 02:48:01,570 [Listener at 127.0.0.1/15004] INFO  token.OzoneBlockTokenSecretManager (OzoneSecretManager.java:updateCurrentKey(175)) - Updating current master key for generating tokens. Cert id 1339200402336
2023-05-18 02:48:01,570 [Listener at 127.0.0.1/15004] INFO  token.ContainerTokenSecretManager (OzoneSecretManager.java:updateCurrentKey(175)) - Updating current master key for generating tokens. Cert id 1339200402336
2023-05-18 02:48:01,591 [Listener at 127.0.0.1/15004] WARN  reconstruction.ECReconstructionCoordinator (ECReconstructionCoordinator.java:getBlockDataMap(468)) - In container 13 block 111677748019200018 does not have a putBlock entry for index 2 on datanode a884725c-3443-458c-8df7-7c5a51101be7(fv-az180-414.aibneqh1mxpuhl3tnnuy2ifbce.bx.internal.cloudapp.net/10.1.1.154) making it an orphan block / stripe. It will not be reconstructed
2023-05-18 02:48:01,615 [ChunkReader-9] INFO  keyvalue.KeyValueContainer (KeyValueContainer.java:flushAndSyncDB(446)) - Container 13 is synced with bcsId 0.
2023-05-18 02:48:01,615 [ChunkReader-9] INFO  keyvalue.KeyValueContainer (KeyValueContainer.java:flushAndSyncDB(446)) - Container 13 is synced with bcsId 0.
2023-05-18 02:48:01,620 [ChunkReader-9] INFO  keyvalue.KeyValueContainer (KeyValueContainer.java:close(361)) - Container 13 is closed with bcsId 0.
2023-05-18 02:48:01,625 [ChunkReader-3] INFO  keyvalue.KeyValueContainer (KeyValueContainer.java:flushAndSyncDB(446)) - Container 13 is synced with bcsId 0.
2023-05-18 02:48:01,625 [ChunkReader-3] INFO  keyvalue.KeyValueContainer (KeyValueContainer.java:flushAndSyncDB(446)) - Container 13 is synced with bcsId 0.
2023-05-18 02:48:01,627 [ChunkReader-3] INFO  keyvalue.KeyValueContainer (KeyValueContainer.java:close(361)) - Container 13 is closed with bcsId 0.
]]></system-out>
  </testcase>
  <testcase name="testECReconstructionWithPartialStripe" classname="org.apache.hadoop.hdds.scm.storage.TestContainerCommandsEC" time="0.41">
    <system-out><![CDATA[2023-05-18 02:48:01,639 [Listener at 127.0.0.1/15004] INFO  rpc.RpcClient (RpcClient.java:createVolume(476)) - Creating Volume: dc3ad95f-377d-47ea-9391-5c8f9272dc84, with runner as owner and space quota set to -1 bytes, counts quota set to -1
2023-05-18 02:48:01,643 [OM StateMachine ApplyTransaction Thread - 0] INFO  volume.OMVolumeCreateRequest (OMVolumeCreateRequest.java:validateAndUpdateCache(196)) - created volume:dc3ad95f-377d-47ea-9391-5c8f9272dc84 for user:runner
2023-05-18 02:48:01,645 [Listener at 127.0.0.1/15004] INFO  rpc.RpcClient (RpcClient.java:createBucket(698)) - Creating Bucket: dc3ad95f-377d-47ea-9391-5c8f9272dc84/dc3ad95f-377d-47ea-9391-5c8f9272dc84, with server-side default bucket layout, runner as owner, Versioning false, Storage Type set to DISK and Encryption set to false, Replication Type set to server-side default replication type, Namespace Quota set to -1, Space Quota set to -1 
2023-05-18 02:48:01,648 [OM StateMachine ApplyTransaction Thread - 0] INFO  bucket.OMBucketCreateRequest (OMBucketCreateRequest.java:validateAndUpdateCache(270)) - created bucket: dc3ad95f-377d-47ea-9391-5c8f9272dc84 of layout FILE_SYSTEM_OPTIMIZED in volume: dc3ad95f-377d-47ea-9391-5c8f9272dc84
2023-05-18 02:48:01,671 [IPC Server handler 10 on default port 15001] INFO  pipeline.PipelineStateManagerImpl (PipelineStateManagerImpl.java:addPipeline(103)) - Created pipeline Pipeline[ Id: 232aed1e-df47-4b71-a9f4-e341a839e02b, Nodes: a754d4c8-bbdd-415d-ab5e-ea5caa73cb25(fv-az180-414.aibneqh1mxpuhl3tnnuy2ifbce.bx.internal.cloudapp.net/10.1.1.154)4ccd21da-06a8-4ca3-bf16-e3c028fe0c77(fv-az180-414.aibneqh1mxpuhl3tnnuy2ifbce.bx.internal.cloudapp.net/10.1.1.154)5dc09123-b42c-44c8-87e3-729c385858db(fv-az180-414.aibneqh1mxpuhl3tnnuy2ifbce.bx.internal.cloudapp.net/10.1.1.154)dd0a355a-d343-4342-9afa-2dfa8fc9aea1(fv-az180-414.aibneqh1mxpuhl3tnnuy2ifbce.bx.internal.cloudapp.net/10.1.1.154)a884725c-3443-458c-8df7-7c5a51101be7(fv-az180-414.aibneqh1mxpuhl3tnnuy2ifbce.bx.internal.cloudapp.net/10.1.1.154), ReplicationConfig: EC{rs-3-2-1024k}, State:ALLOCATED, leaderId:, CreationTimestamp2023-05-18T02:48:01.670Z[Etc/UTC]].
2023-05-18 02:48:01,671 [IPC Server handler 10 on default port 15001] INFO  pipeline.PipelineManagerImpl (PipelineManagerImpl.java:openPipeline(367)) - Pipeline Pipeline[ Id: 232aed1e-df47-4b71-a9f4-e341a839e02b, Nodes: a754d4c8-bbdd-415d-ab5e-ea5caa73cb25(fv-az180-414.aibneqh1mxpuhl3tnnuy2ifbce.bx.internal.cloudapp.net/10.1.1.154)4ccd21da-06a8-4ca3-bf16-e3c028fe0c77(fv-az180-414.aibneqh1mxpuhl3tnnuy2ifbce.bx.internal.cloudapp.net/10.1.1.154)5dc09123-b42c-44c8-87e3-729c385858db(fv-az180-414.aibneqh1mxpuhl3tnnuy2ifbce.bx.internal.cloudapp.net/10.1.1.154)dd0a355a-d343-4342-9afa-2dfa8fc9aea1(fv-az180-414.aibneqh1mxpuhl3tnnuy2ifbce.bx.internal.cloudapp.net/10.1.1.154)a884725c-3443-458c-8df7-7c5a51101be7(fv-az180-414.aibneqh1mxpuhl3tnnuy2ifbce.bx.internal.cloudapp.net/10.1.1.154), ReplicationConfig: EC{rs-3-2-1024k}, State:ALLOCATED, leaderId:, CreationTimestamp2023-05-18T02:48:01.670Z[Etc/UTC]] moved to OPEN state
2023-05-18 02:48:01,844 [Listener at 127.0.0.1/15004] INFO  token.OzoneBlockTokenSecretManager (OzoneSecretManager.java:updateCurrentKey(175)) - Updating current master key for generating tokens. Cert id 1339200402336
2023-05-18 02:48:01,844 [Listener at 127.0.0.1/15004] INFO  token.ContainerTokenSecretManager (OzoneSecretManager.java:updateCurrentKey(175)) - Updating current master key for generating tokens. Cert id 1339200402336
2023-05-18 02:48:01,851 [IPC Server handler 14 on default port 15001] WARN  node.SCMNodeManager (SCMNodeManager.java:getNodesByAddress(1372)) - Cannot find node for address 127.0.0.1
2023-05-18 02:48:01,975 [BlockDeletingService#5] INFO  interfaces.ContainerDeletionChoosingPolicyTemplate (ContainerDeletionChoosingPolicyTemplate.java:chooseContainerForBlockDeletion(83)) - Chosen 0/5000 blocks from 0 candidate containers.
2023-05-18 02:48:01,978 [BlockDeletingService#2] INFO  interfaces.ContainerDeletionChoosingPolicyTemplate (ContainerDeletionChoosingPolicyTemplate.java:chooseContainerForBlockDeletion(83)) - Chosen 0/5000 blocks from 0 candidate containers.
2023-05-18 02:48:02,011 [ChunkReader-3] INFO  keyvalue.KeyValueContainer (KeyValueContainer.java:flushAndSyncDB(446)) - Container 14 is synced with bcsId 0.
2023-05-18 02:48:02,012 [ChunkReader-3] INFO  keyvalue.KeyValueContainer (KeyValueContainer.java:flushAndSyncDB(446)) - Container 14 is synced with bcsId 0.
2023-05-18 02:48:02,014 [ChunkReader-3] INFO  keyvalue.KeyValueContainer (KeyValueContainer.java:close(361)) - Container 14 is closed with bcsId 0.
2023-05-18 02:48:02,019 [ChunkReader-8] INFO  keyvalue.KeyValueContainer (KeyValueContainer.java:flushAndSyncDB(446)) - Container 14 is synced with bcsId 0.
2023-05-18 02:48:02,019 [ChunkReader-8] INFO  keyvalue.KeyValueContainer (KeyValueContainer.java:flushAndSyncDB(446)) - Container 14 is synced with bcsId 0.
2023-05-18 02:48:02,021 [ChunkReader-8] INFO  keyvalue.KeyValueContainer (KeyValueContainer.java:close(361)) - Container 14 is closed with bcsId 0.
]]></system-out>
    <system-err><![CDATA[May 18, 2023 2:48:01 AM org.apache.ratis.thirdparty.io.grpc.internal.ManagedChannelOrphanWrapper$ManagedChannelReference cleanQueue
SEVERE: *~*~*~ Previous channel ManagedChannelImpl{logId=1375, target=10.1.1.154:15058} was not shutdown properly!!! ~*~*~*
    Make sure to call shutdown()/shutdownNow() and wait until awaitTermination() returns true.
java.lang.RuntimeException: ManagedChannel allocation site
	at org.apache.ratis.thirdparty.io.grpc.internal.ManagedChannelOrphanWrapper$ManagedChannelReference.<init>(ManagedChannelOrphanWrapper.java:100)
	at org.apache.ratis.thirdparty.io.grpc.internal.ManagedChannelOrphanWrapper.<init>(ManagedChannelOrphanWrapper.java:60)
	at org.apache.ratis.thirdparty.io.grpc.internal.ManagedChannelOrphanWrapper.<init>(ManagedChannelOrphanWrapper.java:51)
	at org.apache.ratis.thirdparty.io.grpc.internal.ManagedChannelImplBuilder.build(ManagedChannelImplBuilder.java:631)
	at org.apache.ratis.thirdparty.io.grpc.internal.AbstractManagedChannelImplBuilder.build(AbstractManagedChannelImplBuilder.java:297)
	at org.apache.hadoop.hdds.scm.XceiverClientGrpc.connectToDatanode(XceiverClientGrpc.java:188)
	at org.apache.hadoop.hdds.scm.XceiverClientGrpc.connect(XceiverClientGrpc.java:158)
	at org.apache.hadoop.hdds.scm.XceiverClientManager$2.call(XceiverClientManager.java:243)
	at org.apache.hadoop.hdds.scm.XceiverClientManager$2.call(XceiverClientManager.java:224)
	at com.google.common.cache.LocalCache$LocalManualCache$1.load(LocalCache.java:4868)
	at com.google.common.cache.LocalCache$LoadingValueReference.loadFuture(LocalCache.java:3533)
	at com.google.common.cache.LocalCache$Segment.loadSync(LocalCache.java:2282)
	at com.google.common.cache.LocalCache$Segment.lockedGetOrLoad(LocalCache.java:2159)
	at com.google.common.cache.LocalCache$Segment.get(LocalCache.java:2049)
	at com.google.common.cache.LocalCache.get(LocalCache.java:3966)
	at com.google.common.cache.LocalCache$LocalManualCache.get(LocalCache.java:4863)
	at org.apache.hadoop.hdds.scm.XceiverClientManager.getClient(XceiverClientManager.java:224)
	at org.apache.hadoop.hdds.scm.XceiverClientManager.acquireClient(XceiverClientManager.java:168)
	at org.apache.hadoop.hdds.scm.XceiverClientManager.acquireClient(XceiverClientManager.java:141)
	at org.apache.hadoop.ozone.container.ec.reconstruction.ECContainerOperationClient.listBlock(ECContainerOperationClient.java:84)
	at org.apache.hadoop.ozone.container.ec.reconstruction.ECReconstructionCoordinator.getBlockDataMap(ECReconstructionCoordinator.java:436)
	at org.apache.hadoop.ozone.container.ec.reconstruction.ECReconstructionCoordinator.reconstructECContainerGroup(ECReconstructionCoordinator.java:144)
	at org.apache.hadoop.hdds.scm.storage.TestContainerCommandsEC.testOrphanBlock(TestContainerCommandsEC.java:371)
	at sun.reflect.NativeMethodAccessorImpl.invoke0(Native Method)
	at sun.reflect.NativeMethodAccessorImpl.invoke(NativeMethodAccessorImpl.java:62)
	at sun.reflect.DelegatingMethodAccessorImpl.invoke(DelegatingMethodAccessorImpl.java:43)
	at java.lang.reflect.Method.invoke(Method.java:498)
	at org.junit.platform.commons.util.ReflectionUtils.invokeMethod(ReflectionUtils.java:725)
	at org.junit.jupiter.engine.execution.MethodInvocation.proceed(MethodInvocation.java:60)
	at org.junit.jupiter.engine.execution.InvocationInterceptorChain$ValidatingInvocation.proceed(InvocationInterceptorChain.java:131)
	at org.junit.jupiter.engine.extension.TimeoutExtension.intercept(TimeoutExtension.java:149)
	at org.junit.jupiter.engine.extension.TimeoutExtension.interceptTestableMethod(TimeoutExtension.java:140)
	at org.junit.jupiter.engine.extension.TimeoutExtension.interceptTestMethod(TimeoutExtension.java:84)
	at org.junit.jupiter.engine.execution.ExecutableInvoker$ReflectiveInterceptorCall.lambda$ofVoidMethod$0(ExecutableInvoker.java:115)
	at org.junit.jupiter.engine.execution.ExecutableInvoker.lambda$invoke$0(ExecutableInvoker.java:105)
	at org.junit.jupiter.engine.execution.InvocationInterceptorChain$InterceptedInvocation.proceed(InvocationInterceptorChain.java:106)
	at org.junit.jupiter.engine.execution.InvocationInterceptorChain.proceed(InvocationInterceptorChain.java:64)
	at org.junit.jupiter.engine.execution.InvocationInterceptorChain.chainAndInvoke(InvocationInterceptorChain.java:45)
	at org.junit.jupiter.engine.execution.InvocationInterceptorChain.invoke(InvocationInterceptorChain.java:37)
	at org.junit.jupiter.engine.execution.ExecutableInvoker.invoke(ExecutableInvoker.java:104)
	at org.junit.jupiter.engine.execution.ExecutableInvoker.invoke(ExecutableInvoker.java:98)
	at org.junit.jupiter.engine.descriptor.TestMethodTestDescriptor.lambda$invokeTestMethod$7(TestMethodTestDescriptor.java:214)
	at org.junit.platform.engine.support.hierarchical.ThrowableCollector.execute(ThrowableCollector.java:73)
	at org.junit.jupiter.engine.descriptor.TestMethodTestDescriptor.invokeTestMethod(TestMethodTestDescriptor.java:210)
	at org.junit.jupiter.engine.descriptor.TestMethodTestDescriptor.execute(TestMethodTestDescriptor.java:135)
	at org.junit.jupiter.engine.descriptor.TestMethodTestDescriptor.execute(TestMethodTestDescriptor.java:66)
	at org.junit.platform.engine.support.hierarchical.NodeTestTask.lambda$executeRecursively$6(NodeTestTask.java:151)
	at org.junit.platform.engine.support.hierarchical.ThrowableCollector.execute(ThrowableCollector.java:73)
	at org.junit.platform.engine.support.hierarchical.NodeTestTask.lambda$executeRecursively$8(NodeTestTask.java:141)
	at org.junit.platform.engine.support.hierarchical.Node.around(Node.java:137)
	at org.junit.platform.engine.support.hierarchical.NodeTestTask.lambda$executeRecursively$9(NodeTestTask.java:139)
	at org.junit.platform.engine.support.hierarchical.ThrowableCollector.execute(ThrowableCollector.java:73)
	at org.junit.platform.engine.support.hierarchical.NodeTestTask.executeRecursively(NodeTestTask.java:138)
	at org.junit.platform.engine.support.hierarchical.NodeTestTask.execute(NodeTestTask.java:95)
	at java.util.ArrayList.forEach(ArrayList.java:1259)
	at org.junit.platform.engine.support.hierarchical.SameThreadHierarchicalTestExecutorService.invokeAll(SameThreadHierarchicalTestExecutorService.java:41)
	at org.junit.platform.engine.support.hierarchical.NodeTestTask.lambda$executeRecursively$6(NodeTestTask.java:155)
	at org.junit.platform.engine.support.hierarchical.ThrowableCollector.execute(ThrowableCollector.java:73)
	at org.junit.platform.engine.support.hierarchical.NodeTestTask.lambda$executeRecursively$8(NodeTestTask.java:141)
	at org.junit.platform.engine.support.hierarchical.Node.around(Node.java:137)
	at org.junit.platform.engine.support.hierarchical.NodeTestTask.lambda$executeRecursively$9(NodeTestTask.java:139)
	at org.junit.platform.engine.support.hierarchical.ThrowableCollector.execute(ThrowableCollector.java:73)
	at org.junit.platform.engine.support.hierarchical.NodeTestTask.executeRecursively(NodeTestTask.java:138)
	at org.junit.platform.engine.support.hierarchical.NodeTestTask.execute(NodeTestTask.java:95)
	at java.util.ArrayList.forEach(ArrayList.java:1259)
	at org.junit.platform.engine.support.hierarchical.SameThreadHierarchicalTestExecutorService.invokeAll(SameThreadHierarchicalTestExecutorService.java:41)
	at org.junit.platform.engine.support.hierarchical.NodeTestTask.lambda$executeRecursively$6(NodeTestTask.java:155)
	at org.junit.platform.engine.support.hierarchical.ThrowableCollector.execute(ThrowableCollector.java:73)
	at org.junit.platform.engine.support.hierarchical.NodeTestTask.lambda$executeRecursively$8(NodeTestTask.java:141)
	at org.junit.platform.engine.support.hierarchical.Node.around(Node.java:137)
	at org.junit.platform.engine.support.hierarchical.NodeTestTask.lambda$executeRecursively$9(NodeTestTask.java:139)
	at org.junit.platform.engine.support.hierarchical.ThrowableCollector.execute(ThrowableCollector.java:73)
	at org.junit.platform.engine.support.hierarchical.NodeTestTask.executeRecursively(NodeTestTask.java:138)
	at org.junit.platform.engine.support.hierarchical.NodeTestTask.execute(NodeTestTask.java:95)
	at org.junit.platform.engine.support.hierarchical.SameThreadHierarchicalTestExecutorService.submit(SameThreadHierarchicalTestExecutorService.java:35)
	at org.junit.platform.engine.support.hierarchical.HierarchicalTestExecutor.execute(HierarchicalTestExecutor.java:57)
	at org.junit.platform.engine.support.hierarchical.HierarchicalTestEngine.execute(HierarchicalTestEngine.java:54)
	at org.junit.platform.launcher.core.EngineExecutionOrchestrator.execute(EngineExecutionOrchestrator.java:107)
	at org.junit.platform.launcher.core.EngineExecutionOrchestrator.execute(EngineExecutionOrchestrator.java:88)
	at org.junit.platform.launcher.core.EngineExecutionOrchestrator.lambda$execute$0(EngineExecutionOrchestrator.java:54)
	at org.junit.platform.launcher.core.EngineExecutionOrchestrator.withInterceptedStreams(EngineExecutionOrchestrator.java:67)
	at org.junit.platform.launcher.core.EngineExecutionOrchestrator.execute(EngineExecutionOrchestrator.java:52)
	at org.junit.platform.launcher.core.DefaultLauncher.execute(DefaultLauncher.java:114)
	at org.junit.platform.launcher.core.DefaultLauncher.execute(DefaultLauncher.java:86)
	at org.junit.platform.launcher.core.DefaultLauncherSession$DelegatingLauncher.execute(DefaultLauncherSession.java:86)
	at org.junit.platform.launcher.core.SessionPerRequestLauncher.execute(SessionPerRequestLauncher.java:53)
	at org.apache.maven.surefire.junitplatform.JUnitPlatformProvider.execute(JUnitPlatformProvider.java:188)
	at org.apache.maven.surefire.junitplatform.JUnitPlatformProvider.invokeAllTests(JUnitPlatformProvider.java:154)
	at org.apache.maven.surefire.junitplatform.JUnitPlatformProvider.invoke(JUnitPlatformProvider.java:124)
	at org.apache.maven.surefire.booter.ForkedBooter.runSuitesInProcess(ForkedBooter.java:428)
	at org.apache.maven.surefire.booter.ForkedBooter.execute(ForkedBooter.java:162)
	at org.apache.maven.surefire.booter.ForkedBooter.run(ForkedBooter.java:562)
	at org.apache.maven.surefire.booter.ForkedBooter.main(ForkedBooter.java:548)

May 18, 2023 2:48:01 AM org.apache.ratis.thirdparty.io.grpc.internal.ManagedChannelOrphanWrapper$ManagedChannelReference cleanQueue
SEVERE: *~*~*~ Previous channel ManagedChannelImpl{logId=1380, target=10.1.1.154:15010} was not shutdown properly!!! ~*~*~*
    Make sure to call shutdown()/shutdownNow() and wait until awaitTermination() returns true.
java.lang.RuntimeException: ManagedChannel allocation site
	at org.apache.ratis.thirdparty.io.grpc.internal.ManagedChannelOrphanWrapper$ManagedChannelReference.<init>(ManagedChannelOrphanWrapper.java:100)
	at org.apache.ratis.thirdparty.io.grpc.internal.ManagedChannelOrphanWrapper.<init>(ManagedChannelOrphanWrapper.java:60)
	at org.apache.ratis.thirdparty.io.grpc.internal.ManagedChannelOrphanWrapper.<init>(ManagedChannelOrphanWrapper.java:51)
	at org.apache.ratis.thirdparty.io.grpc.internal.ManagedChannelImplBuilder.build(ManagedChannelImplBuilder.java:631)
	at org.apache.ratis.thirdparty.io.grpc.internal.AbstractManagedChannelImplBuilder.build(AbstractManagedChannelImplBuilder.java:297)
	at org.apache.hadoop.hdds.scm.XceiverClientGrpc.connectToDatanode(XceiverClientGrpc.java:188)
	at org.apache.hadoop.hdds.scm.XceiverClientGrpc.connect(XceiverClientGrpc.java:158)
	at org.apache.hadoop.hdds.scm.XceiverClientManager$2.call(XceiverClientManager.java:243)
	at org.apache.hadoop.hdds.scm.XceiverClientManager$2.call(XceiverClientManager.java:224)
	at com.google.common.cache.LocalCache$LocalManualCache$1.load(LocalCache.java:4868)
	at com.google.common.cache.LocalCache$LoadingValueReference.loadFuture(LocalCache.java:3533)
	at com.google.common.cache.LocalCache$Segment.loadSync(LocalCache.java:2282)
	at com.google.common.cache.LocalCache$Segment.lockedGetOrLoad(LocalCache.java:2159)
	at com.google.common.cache.LocalCache$Segment.get(LocalCache.java:2049)
	at com.google.common.cache.LocalCache.get(LocalCache.java:3966)
	at com.google.common.cache.LocalCache$LocalManualCache.get(LocalCache.java:4863)
	at org.apache.hadoop.hdds.scm.XceiverClientManager.getClient(XceiverClientManager.java:224)
	at org.apache.hadoop.hdds.scm.XceiverClientManager.acquireClient(XceiverClientManager.java:168)
	at org.apache.hadoop.hdds.scm.XceiverClientManager.acquireClient(XceiverClientManager.java:141)
	at org.apache.hadoop.ozone.container.ec.reconstruction.ECContainerOperationClient.listBlock(ECContainerOperationClient.java:84)
	at org.apache.hadoop.ozone.container.ec.reconstruction.ECReconstructionCoordinator.getBlockDataMap(ECReconstructionCoordinator.java:436)
	at org.apache.hadoop.ozone.container.ec.reconstruction.ECReconstructionCoordinator.reconstructECContainerGroup(ECReconstructionCoordinator.java:144)
	at org.apache.hadoop.hdds.scm.storage.TestContainerCommandsEC.testOrphanBlock(TestContainerCommandsEC.java:371)
	at sun.reflect.NativeMethodAccessorImpl.invoke0(Native Method)
	at sun.reflect.NativeMethodAccessorImpl.invoke(NativeMethodAccessorImpl.java:62)
	at sun.reflect.DelegatingMethodAccessorImpl.invoke(DelegatingMethodAccessorImpl.java:43)
	at java.lang.reflect.Method.invoke(Method.java:498)
	at org.junit.platform.commons.util.ReflectionUtils.invokeMethod(ReflectionUtils.java:725)
	at org.junit.jupiter.engine.execution.MethodInvocation.proceed(MethodInvocation.java:60)
	at org.junit.jupiter.engine.execution.InvocationInterceptorChain$ValidatingInvocation.proceed(InvocationInterceptorChain.java:131)
	at org.junit.jupiter.engine.extension.TimeoutExtension.intercept(TimeoutExtension.java:149)
	at org.junit.jupiter.engine.extension.TimeoutExtension.interceptTestableMethod(TimeoutExtension.java:140)
	at org.junit.jupiter.engine.extension.TimeoutExtension.interceptTestMethod(TimeoutExtension.java:84)
	at org.junit.jupiter.engine.execution.ExecutableInvoker$ReflectiveInterceptorCall.lambda$ofVoidMethod$0(ExecutableInvoker.java:115)
	at org.junit.jupiter.engine.execution.ExecutableInvoker.lambda$invoke$0(ExecutableInvoker.java:105)
	at org.junit.jupiter.engine.execution.InvocationInterceptorChain$InterceptedInvocation.proceed(InvocationInterceptorChain.java:106)
	at org.junit.jupiter.engine.execution.InvocationInterceptorChain.proceed(InvocationInterceptorChain.java:64)
	at org.junit.jupiter.engine.execution.InvocationInterceptorChain.chainAndInvoke(InvocationInterceptorChain.java:45)
	at org.junit.jupiter.engine.execution.InvocationInterceptorChain.invoke(InvocationInterceptorChain.java:37)
	at org.junit.jupiter.engine.execution.ExecutableInvoker.invoke(ExecutableInvoker.java:104)
	at org.junit.jupiter.engine.execution.ExecutableInvoker.invoke(ExecutableInvoker.java:98)
	at org.junit.jupiter.engine.descriptor.TestMethodTestDescriptor.lambda$invokeTestMethod$7(TestMethodTestDescriptor.java:214)
	at org.junit.platform.engine.support.hierarchical.ThrowableCollector.execute(ThrowableCollector.java:73)
	at org.junit.jupiter.engine.descriptor.TestMethodTestDescriptor.invokeTestMethod(TestMethodTestDescriptor.java:210)
	at org.junit.jupiter.engine.descriptor.TestMethodTestDescriptor.execute(TestMethodTestDescriptor.java:135)
	at org.junit.jupiter.engine.descriptor.TestMethodTestDescriptor.execute(TestMethodTestDescriptor.java:66)
	at org.junit.platform.engine.support.hierarchical.NodeTestTask.lambda$executeRecursively$6(NodeTestTask.java:151)
	at org.junit.platform.engine.support.hierarchical.ThrowableCollector.execute(ThrowableCollector.java:73)
	at org.junit.platform.engine.support.hierarchical.NodeTestTask.lambda$executeRecursively$8(NodeTestTask.java:141)
	at org.junit.platform.engine.support.hierarchical.Node.around(Node.java:137)
	at org.junit.platform.engine.support.hierarchical.NodeTestTask.lambda$executeRecursively$9(NodeTestTask.java:139)
	at org.junit.platform.engine.support.hierarchical.ThrowableCollector.execute(ThrowableCollector.java:73)
	at org.junit.platform.engine.support.hierarchical.NodeTestTask.executeRecursively(NodeTestTask.java:138)
	at org.junit.platform.engine.support.hierarchical.NodeTestTask.execute(NodeTestTask.java:95)
	at java.util.ArrayList.forEach(ArrayList.java:1259)
	at org.junit.platform.engine.support.hierarchical.SameThreadHierarchicalTestExecutorService.invokeAll(SameThreadHierarchicalTestExecutorService.java:41)
	at org.junit.platform.engine.support.hierarchical.NodeTestTask.lambda$executeRecursively$6(NodeTestTask.java:155)
	at org.junit.platform.engine.support.hierarchical.ThrowableCollector.execute(ThrowableCollector.java:73)
	at org.junit.platform.engine.support.hierarchical.NodeTestTask.lambda$executeRecursively$8(NodeTestTask.java:141)
	at org.junit.platform.engine.support.hierarchical.Node.around(Node.java:137)
	at org.junit.platform.engine.support.hierarchical.NodeTestTask.lambda$executeRecursively$9(NodeTestTask.java:139)
	at org.junit.platform.engine.support.hierarchical.ThrowableCollector.execute(ThrowableCollector.java:73)
	at org.junit.platform.engine.support.hierarchical.NodeTestTask.executeRecursively(NodeTestTask.java:138)
	at org.junit.platform.engine.support.hierarchical.NodeTestTask.execute(NodeTestTask.java:95)
	at java.util.ArrayList.forEach(ArrayList.java:1259)
	at org.junit.platform.engine.support.hierarchical.SameThreadHierarchicalTestExecutorService.invokeAll(SameThreadHierarchicalTestExecutorService.java:41)
	at org.junit.platform.engine.support.hierarchical.NodeTestTask.lambda$executeRecursively$6(NodeTestTask.java:155)
	at org.junit.platform.engine.support.hierarchical.ThrowableCollector.execute(ThrowableCollector.java:73)
	at org.junit.platform.engine.support.hierarchical.NodeTestTask.lambda$executeRecursively$8(NodeTestTask.java:141)
	at org.junit.platform.engine.support.hierarchical.Node.around(Node.java:137)
	at org.junit.platform.engine.support.hierarchical.NodeTestTask.lambda$executeRecursively$9(NodeTestTask.java:139)
	at org.junit.platform.engine.support.hierarchical.ThrowableCollector.execute(ThrowableCollector.java:73)
	at org.junit.platform.engine.support.hierarchical.NodeTestTask.executeRecursively(NodeTestTask.java:138)
	at org.junit.platform.engine.support.hierarchical.NodeTestTask.execute(NodeTestTask.java:95)
	at org.junit.platform.engine.support.hierarchical.SameThreadHierarchicalTestExecutorService.submit(SameThreadHierarchicalTestExecutorService.java:35)
	at org.junit.platform.engine.support.hierarchical.HierarchicalTestExecutor.execute(HierarchicalTestExecutor.java:57)
	at org.junit.platform.engine.support.hierarchical.HierarchicalTestEngine.execute(HierarchicalTestEngine.java:54)
	at org.junit.platform.launcher.core.EngineExecutionOrchestrator.execute(EngineExecutionOrchestrator.java:107)
	at org.junit.platform.launcher.core.EngineExecutionOrchestrator.execute(EngineExecutionOrchestrator.java:88)
	at org.junit.platform.launcher.core.EngineExecutionOrchestrator.lambda$execute$0(EngineExecutionOrchestrator.java:54)
	at org.junit.platform.launcher.core.EngineExecutionOrchestrator.withInterceptedStreams(EngineExecutionOrchestrator.java:67)
	at org.junit.platform.launcher.core.EngineExecutionOrchestrator.execute(EngineExecutionOrchestrator.java:52)
	at org.junit.platform.launcher.core.DefaultLauncher.execute(DefaultLauncher.java:114)
	at org.junit.platform.launcher.core.DefaultLauncher.execute(DefaultLauncher.java:86)
	at org.junit.platform.launcher.core.DefaultLauncherSession$DelegatingLauncher.execute(DefaultLauncherSession.java:86)
	at org.junit.platform.launcher.core.SessionPerRequestLauncher.execute(SessionPerRequestLauncher.java:53)
	at org.apache.maven.surefire.junitplatform.JUnitPlatformProvider.execute(JUnitPlatformProvider.java:188)
	at org.apache.maven.surefire.junitplatform.JUnitPlatformProvider.invokeAllTests(JUnitPlatformProvider.java:154)
	at org.apache.maven.surefire.junitplatform.JUnitPlatformProvider.invoke(JUnitPlatformProvider.java:124)
	at org.apache.maven.surefire.booter.ForkedBooter.runSuitesInProcess(ForkedBooter.java:428)
	at org.apache.maven.surefire.booter.ForkedBooter.execute(ForkedBooter.java:162)
	at org.apache.maven.surefire.booter.ForkedBooter.run(ForkedBooter.java:562)
	at org.apache.maven.surefire.booter.ForkedBooter.main(ForkedBooter.java:548)

May 18, 2023 2:48:01 AM org.apache.ratis.thirdparty.io.grpc.internal.ManagedChannelOrphanWrapper$ManagedChannelReference cleanQueue
SEVERE: *~*~*~ Previous channel ManagedChannelImpl{logId=1385, target=10.1.1.154:15018} was not shutdown properly!!! ~*~*~*
    Make sure to call shutdown()/shutdownNow() and wait until awaitTermination() returns true.
java.lang.RuntimeException: ManagedChannel allocation site
	at org.apache.ratis.thirdparty.io.grpc.internal.ManagedChannelOrphanWrapper$ManagedChannelReference.<init>(ManagedChannelOrphanWrapper.java:100)
	at org.apache.ratis.thirdparty.io.grpc.internal.ManagedChannelOrphanWrapper.<init>(ManagedChannelOrphanWrapper.java:60)
	at org.apache.ratis.thirdparty.io.grpc.internal.ManagedChannelOrphanWrapper.<init>(ManagedChannelOrphanWrapper.java:51)
	at org.apache.ratis.thirdparty.io.grpc.internal.ManagedChannelImplBuilder.build(ManagedChannelImplBuilder.java:631)
	at org.apache.ratis.thirdparty.io.grpc.internal.AbstractManagedChannelImplBuilder.build(AbstractManagedChannelImplBuilder.java:297)
	at org.apache.hadoop.hdds.scm.XceiverClientGrpc.connectToDatanode(XceiverClientGrpc.java:188)
	at org.apache.hadoop.hdds.scm.XceiverClientGrpc.connect(XceiverClientGrpc.java:158)
	at org.apache.hadoop.hdds.scm.XceiverClientManager$2.call(XceiverClientManager.java:243)
	at org.apache.hadoop.hdds.scm.XceiverClientManager$2.call(XceiverClientManager.java:224)
	at com.google.common.cache.LocalCache$LocalManualCache$1.load(LocalCache.java:4868)
	at com.google.common.cache.LocalCache$LoadingValueReference.loadFuture(LocalCache.java:3533)
	at com.google.common.cache.LocalCache$Segment.loadSync(LocalCache.java:2282)
	at com.google.common.cache.LocalCache$Segment.lockedGetOrLoad(LocalCache.java:2159)
	at com.google.common.cache.LocalCache$Segment.get(LocalCache.java:2049)
	at com.google.common.cache.LocalCache.get(LocalCache.java:3966)
	at com.google.common.cache.LocalCache$LocalManualCache.get(LocalCache.java:4863)
	at org.apache.hadoop.hdds.scm.XceiverClientManager.getClient(XceiverClientManager.java:224)
	at org.apache.hadoop.hdds.scm.XceiverClientManager.acquireClient(XceiverClientManager.java:168)
	at org.apache.hadoop.hdds.scm.XceiverClientManager.acquireClient(XceiverClientManager.java:141)
	at org.apache.hadoop.ozone.container.ec.reconstruction.ECContainerOperationClient.listBlock(ECContainerOperationClient.java:84)
	at org.apache.hadoop.ozone.container.ec.reconstruction.ECReconstructionCoordinator.getBlockDataMap(ECReconstructionCoordinator.java:436)
	at org.apache.hadoop.ozone.container.ec.reconstruction.ECReconstructionCoordinator.reconstructECContainerGroup(ECReconstructionCoordinator.java:144)
	at org.apache.hadoop.hdds.scm.storage.TestContainerCommandsEC.testOrphanBlock(TestContainerCommandsEC.java:371)
	at sun.reflect.NativeMethodAccessorImpl.invoke0(Native Method)
	at sun.reflect.NativeMethodAccessorImpl.invoke(NativeMethodAccessorImpl.java:62)
	at sun.reflect.DelegatingMethodAccessorImpl.invoke(DelegatingMethodAccessorImpl.java:43)
	at java.lang.reflect.Method.invoke(Method.java:498)
	at org.junit.platform.commons.util.ReflectionUtils.invokeMethod(ReflectionUtils.java:725)
	at org.junit.jupiter.engine.execution.MethodInvocation.proceed(MethodInvocation.java:60)
	at org.junit.jupiter.engine.execution.InvocationInterceptorChain$ValidatingInvocation.proceed(InvocationInterceptorChain.java:131)
	at org.junit.jupiter.engine.extension.TimeoutExtension.intercept(TimeoutExtension.java:149)
	at org.junit.jupiter.engine.extension.TimeoutExtension.interceptTestableMethod(TimeoutExtension.java:140)
	at org.junit.jupiter.engine.extension.TimeoutExtension.interceptTestMethod(TimeoutExtension.java:84)
	at org.junit.jupiter.engine.execution.ExecutableInvoker$ReflectiveInterceptorCall.lambda$ofVoidMethod$0(ExecutableInvoker.java:115)
	at org.junit.jupiter.engine.execution.ExecutableInvoker.lambda$invoke$0(ExecutableInvoker.java:105)
	at org.junit.jupiter.engine.execution.InvocationInterceptorChain$InterceptedInvocation.proceed(InvocationInterceptorChain.java:106)
	at org.junit.jupiter.engine.execution.InvocationInterceptorChain.proceed(InvocationInterceptorChain.java:64)
	at org.junit.jupiter.engine.execution.InvocationInterceptorChain.chainAndInvoke(InvocationInterceptorChain.java:45)
	at org.junit.jupiter.engine.execution.InvocationInterceptorChain.invoke(InvocationInterceptorChain.java:37)
	at org.junit.jupiter.engine.execution.ExecutableInvoker.invoke(ExecutableInvoker.java:104)
	at org.junit.jupiter.engine.execution.ExecutableInvoker.invoke(ExecutableInvoker.java:98)
	at org.junit.jupiter.engine.descriptor.TestMethodTestDescriptor.lambda$invokeTestMethod$7(TestMethodTestDescriptor.java:214)
	at org.junit.platform.engine.support.hierarchical.ThrowableCollector.execute(ThrowableCollector.java:73)
	at org.junit.jupiter.engine.descriptor.TestMethodTestDescriptor.invokeTestMethod(TestMethodTestDescriptor.java:210)
	at org.junit.jupiter.engine.descriptor.TestMethodTestDescriptor.execute(TestMethodTestDescriptor.java:135)
	at org.junit.jupiter.engine.descriptor.TestMethodTestDescriptor.execute(TestMethodTestDescriptor.java:66)
	at org.junit.platform.engine.support.hierarchical.NodeTestTask.lambda$executeRecursively$6(NodeTestTask.java:151)
	at org.junit.platform.engine.support.hierarchical.ThrowableCollector.execute(ThrowableCollector.java:73)
	at org.junit.platform.engine.support.hierarchical.NodeTestTask.lambda$executeRecursively$8(NodeTestTask.java:141)
	at org.junit.platform.engine.support.hierarchical.Node.around(Node.java:137)
	at org.junit.platform.engine.support.hierarchical.NodeTestTask.lambda$executeRecursively$9(NodeTestTask.java:139)
	at org.junit.platform.engine.support.hierarchical.ThrowableCollector.execute(ThrowableCollector.java:73)
	at org.junit.platform.engine.support.hierarchical.NodeTestTask.executeRecursively(NodeTestTask.java:138)
	at org.junit.platform.engine.support.hierarchical.NodeTestTask.execute(NodeTestTask.java:95)
	at java.util.ArrayList.forEach(ArrayList.java:1259)
	at org.junit.platform.engine.support.hierarchical.SameThreadHierarchicalTestExecutorService.invokeAll(SameThreadHierarchicalTestExecutorService.java:41)
	at org.junit.platform.engine.support.hierarchical.NodeTestTask.lambda$executeRecursively$6(NodeTestTask.java:155)
	at org.junit.platform.engine.support.hierarchical.ThrowableCollector.execute(ThrowableCollector.java:73)
	at org.junit.platform.engine.support.hierarchical.NodeTestTask.lambda$executeRecursively$8(NodeTestTask.java:141)
	at org.junit.platform.engine.support.hierarchical.Node.around(Node.java:137)
	at org.junit.platform.engine.support.hierarchical.NodeTestTask.lambda$executeRecursively$9(NodeTestTask.java:139)
	at org.junit.platform.engine.support.hierarchical.ThrowableCollector.execute(ThrowableCollector.java:73)
	at org.junit.platform.engine.support.hierarchical.NodeTestTask.executeRecursively(NodeTestTask.java:138)
	at org.junit.platform.engine.support.hierarchical.NodeTestTask.execute(NodeTestTask.java:95)
	at java.util.ArrayList.forEach(ArrayList.java:1259)
	at org.junit.platform.engine.support.hierarchical.SameThreadHierarchicalTestExecutorService.invokeAll(SameThreadHierarchicalTestExecutorService.java:41)
	at org.junit.platform.engine.support.hierarchical.NodeTestTask.lambda$executeRecursively$6(NodeTestTask.java:155)
	at org.junit.platform.engine.support.hierarchical.ThrowableCollector.execute(ThrowableCollector.java:73)
	at org.junit.platform.engine.support.hierarchical.NodeTestTask.lambda$executeRecursively$8(NodeTestTask.java:141)
	at org.junit.platform.engine.support.hierarchical.Node.around(Node.java:137)
	at org.junit.platform.engine.support.hierarchical.NodeTestTask.lambda$executeRecursively$9(NodeTestTask.java:139)
	at org.junit.platform.engine.support.hierarchical.ThrowableCollector.execute(ThrowableCollector.java:73)
	at org.junit.platform.engine.support.hierarchical.NodeTestTask.executeRecursively(NodeTestTask.java:138)
	at org.junit.platform.engine.support.hierarchical.NodeTestTask.execute(NodeTestTask.java:95)
	at org.junit.platform.engine.support.hierarchical.SameThreadHierarchicalTestExecutorService.submit(SameThreadHierarchicalTestExecutorService.java:35)
	at org.junit.platform.engine.support.hierarchical.HierarchicalTestExecutor.execute(HierarchicalTestExecutor.java:57)
	at org.junit.platform.engine.support.hierarchical.HierarchicalTestEngine.execute(HierarchicalTestEngine.java:54)
	at org.junit.platform.launcher.core.EngineExecutionOrchestrator.execute(EngineExecutionOrchestrator.java:107)
	at org.junit.platform.launcher.core.EngineExecutionOrchestrator.execute(EngineExecutionOrchestrator.java:88)
	at org.junit.platform.launcher.core.EngineExecutionOrchestrator.lambda$execute$0(EngineExecutionOrchestrator.java:54)
	at org.junit.platform.launcher.core.EngineExecutionOrchestrator.withInterceptedStreams(EngineExecutionOrchestrator.java:67)
	at org.junit.platform.launcher.core.EngineExecutionOrchestrator.execute(EngineExecutionOrchestrator.java:52)
	at org.junit.platform.launcher.core.DefaultLauncher.execute(DefaultLauncher.java:114)
	at org.junit.platform.launcher.core.DefaultLauncher.execute(DefaultLauncher.java:86)
	at org.junit.platform.launcher.core.DefaultLauncherSession$DelegatingLauncher.execute(DefaultLauncherSession.java:86)
	at org.junit.platform.launcher.core.SessionPerRequestLauncher.execute(SessionPerRequestLauncher.java:53)
	at org.apache.maven.surefire.junitplatform.JUnitPlatformProvider.execute(JUnitPlatformProvider.java:188)
	at org.apache.maven.surefire.junitplatform.JUnitPlatformProvider.invokeAllTests(JUnitPlatformProvider.java:154)
	at org.apache.maven.surefire.junitplatform.JUnitPlatformProvider.invoke(JUnitPlatformProvider.java:124)
	at org.apache.maven.surefire.booter.ForkedBooter.runSuitesInProcess(ForkedBooter.java:428)
	at org.apache.maven.surefire.booter.ForkedBooter.execute(ForkedBooter.java:162)
	at org.apache.maven.surefire.booter.ForkedBooter.run(ForkedBooter.java:562)
	at org.apache.maven.surefire.booter.ForkedBooter.main(ForkedBooter.java:548)

May 18, 2023 2:48:01 AM org.apache.ratis.thirdparty.io.grpc.internal.ManagedChannelOrphanWrapper$ManagedChannelReference cleanQueue
SEVERE: *~*~*~ Previous channel ManagedChannelImpl{logId=1395, target=10.1.1.154:15050} was not shutdown properly!!! ~*~*~*
    Make sure to call shutdown()/shutdownNow() and wait until awaitTermination() returns true.
java.lang.RuntimeException: ManagedChannel allocation site
	at org.apache.ratis.thirdparty.io.grpc.internal.ManagedChannelOrphanWrapper$ManagedChannelReference.<init>(ManagedChannelOrphanWrapper.java:100)
	at org.apache.ratis.thirdparty.io.grpc.internal.ManagedChannelOrphanWrapper.<init>(ManagedChannelOrphanWrapper.java:60)
	at org.apache.ratis.thirdparty.io.grpc.internal.ManagedChannelOrphanWrapper.<init>(ManagedChannelOrphanWrapper.java:51)
	at org.apache.ratis.thirdparty.io.grpc.internal.ManagedChannelImplBuilder.build(ManagedChannelImplBuilder.java:631)
	at org.apache.ratis.thirdparty.io.grpc.internal.AbstractManagedChannelImplBuilder.build(AbstractManagedChannelImplBuilder.java:297)
	at org.apache.hadoop.hdds.scm.XceiverClientGrpc.connectToDatanode(XceiverClientGrpc.java:188)
	at org.apache.hadoop.hdds.scm.XceiverClientGrpc.connect(XceiverClientGrpc.java:158)
	at org.apache.hadoop.hdds.scm.XceiverClientManager$2.call(XceiverClientManager.java:243)
	at org.apache.hadoop.hdds.scm.XceiverClientManager$2.call(XceiverClientManager.java:224)
	at com.google.common.cache.LocalCache$LocalManualCache$1.load(LocalCache.java:4868)
	at com.google.common.cache.LocalCache$LoadingValueReference.loadFuture(LocalCache.java:3533)
	at com.google.common.cache.LocalCache$Segment.loadSync(LocalCache.java:2282)
	at com.google.common.cache.LocalCache$Segment.lockedGetOrLoad(LocalCache.java:2159)
	at com.google.common.cache.LocalCache$Segment.get(LocalCache.java:2049)
	at com.google.common.cache.LocalCache.get(LocalCache.java:3966)
	at com.google.common.cache.LocalCache$LocalManualCache.get(LocalCache.java:4863)
	at org.apache.hadoop.hdds.scm.XceiverClientManager.getClient(XceiverClientManager.java:224)
	at org.apache.hadoop.hdds.scm.XceiverClientManager.acquireClient(XceiverClientManager.java:168)
	at org.apache.hadoop.hdds.scm.XceiverClientManager.acquireClient(XceiverClientManager.java:141)
	at org.apache.hadoop.ozone.container.ec.reconstruction.ECContainerOperationClient.createRecoveringContainer(ECContainerOperationClient.java:165)
	at org.apache.hadoop.ozone.container.ec.reconstruction.ECReconstructionCoordinator.reconstructECContainerGroup(ECReconstructionCoordinator.java:161)
	at org.apache.hadoop.hdds.scm.storage.TestContainerCommandsEC.testOrphanBlock(TestContainerCommandsEC.java:371)
	at sun.reflect.NativeMethodAccessorImpl.invoke0(Native Method)
	at sun.reflect.NativeMethodAccessorImpl.invoke(NativeMethodAccessorImpl.java:62)
	at sun.reflect.DelegatingMethodAccessorImpl.invoke(DelegatingMethodAccessorImpl.java:43)
	at java.lang.reflect.Method.invoke(Method.java:498)
	at org.junit.platform.commons.util.ReflectionUtils.invokeMethod(ReflectionUtils.java:725)
	at org.junit.jupiter.engine.execution.MethodInvocation.proceed(MethodInvocation.java:60)
	at org.junit.jupiter.engine.execution.InvocationInterceptorChain$ValidatingInvocation.proceed(InvocationInterceptorChain.java:131)
	at org.junit.jupiter.engine.extension.TimeoutExtension.intercept(TimeoutExtension.java:149)
	at org.junit.jupiter.engine.extension.TimeoutExtension.interceptTestableMethod(TimeoutExtension.java:140)
	at org.junit.jupiter.engine.extension.TimeoutExtension.interceptTestMethod(TimeoutExtension.java:84)
	at org.junit.jupiter.engine.execution.ExecutableInvoker$ReflectiveInterceptorCall.lambda$ofVoidMethod$0(ExecutableInvoker.java:115)
	at org.junit.jupiter.engine.execution.ExecutableInvoker.lambda$invoke$0(ExecutableInvoker.java:105)
	at org.junit.jupiter.engine.execution.InvocationInterceptorChain$InterceptedInvocation.proceed(InvocationInterceptorChain.java:106)
	at org.junit.jupiter.engine.execution.InvocationInterceptorChain.proceed(InvocationInterceptorChain.java:64)
	at org.junit.jupiter.engine.execution.InvocationInterceptorChain.chainAndInvoke(InvocationInterceptorChain.java:45)
	at org.junit.jupiter.engine.execution.InvocationInterceptorChain.invoke(InvocationInterceptorChain.java:37)
	at org.junit.jupiter.engine.execution.ExecutableInvoker.invoke(ExecutableInvoker.java:104)
	at org.junit.jupiter.engine.execution.ExecutableInvoker.invoke(ExecutableInvoker.java:98)
	at org.junit.jupiter.engine.descriptor.TestMethodTestDescriptor.lambda$invokeTestMethod$7(TestMethodTestDescriptor.java:214)
	at org.junit.platform.engine.support.hierarchical.ThrowableCollector.execute(ThrowableCollector.java:73)
	at org.junit.jupiter.engine.descriptor.TestMethodTestDescriptor.invokeTestMethod(TestMethodTestDescriptor.java:210)
	at org.junit.jupiter.engine.descriptor.TestMethodTestDescriptor.execute(TestMethodTestDescriptor.java:135)
	at org.junit.jupiter.engine.descriptor.TestMethodTestDescriptor.execute(TestMethodTestDescriptor.java:66)
	at org.junit.platform.engine.support.hierarchical.NodeTestTask.lambda$executeRecursively$6(NodeTestTask.java:151)
	at org.junit.platform.engine.support.hierarchical.ThrowableCollector.execute(ThrowableCollector.java:73)
	at org.junit.platform.engine.support.hierarchical.NodeTestTask.lambda$executeRecursively$8(NodeTestTask.java:141)
	at org.junit.platform.engine.support.hierarchical.Node.around(Node.java:137)
	at org.junit.platform.engine.support.hierarchical.NodeTestTask.lambda$executeRecursively$9(NodeTestTask.java:139)
	at org.junit.platform.engine.support.hierarchical.ThrowableCollector.execute(ThrowableCollector.java:73)
	at org.junit.platform.engine.support.hierarchical.NodeTestTask.executeRecursively(NodeTestTask.java:138)
	at org.junit.platform.engine.support.hierarchical.NodeTestTask.execute(NodeTestTask.java:95)
	at java.util.ArrayList.forEach(ArrayList.java:1259)
	at org.junit.platform.engine.support.hierarchical.SameThreadHierarchicalTestExecutorService.invokeAll(SameThreadHierarchicalTestExecutorService.java:41)
	at org.junit.platform.engine.support.hierarchical.NodeTestTask.lambda$executeRecursively$6(NodeTestTask.java:155)
	at org.junit.platform.engine.support.hierarchical.ThrowableCollector.execute(ThrowableCollector.java:73)
	at org.junit.platform.engine.support.hierarchical.NodeTestTask.lambda$executeRecursively$8(NodeTestTask.java:141)
	at org.junit.platform.engine.support.hierarchical.Node.around(Node.java:137)
	at org.junit.platform.engine.support.hierarchical.NodeTestTask.lambda$executeRecursively$9(NodeTestTask.java:139)
	at org.junit.platform.engine.support.hierarchical.ThrowableCollector.execute(ThrowableCollector.java:73)
	at org.junit.platform.engine.support.hierarchical.NodeTestTask.executeRecursively(NodeTestTask.java:138)
	at org.junit.platform.engine.support.hierarchical.NodeTestTask.execute(NodeTestTask.java:95)
	at java.util.ArrayList.forEach(ArrayList.java:1259)
	at org.junit.platform.engine.support.hierarchical.SameThreadHierarchicalTestExecutorService.invokeAll(SameThreadHierarchicalTestExecutorService.java:41)
	at org.junit.platform.engine.support.hierarchical.NodeTestTask.lambda$executeRecursively$6(NodeTestTask.java:155)
	at org.junit.platform.engine.support.hierarchical.ThrowableCollector.execute(ThrowableCollector.java:73)
	at org.junit.platform.engine.support.hierarchical.NodeTestTask.lambda$executeRecursively$8(NodeTestTask.java:141)
	at org.junit.platform.engine.support.hierarchical.Node.around(Node.java:137)
	at org.junit.platform.engine.support.hierarchical.NodeTestTask.lambda$executeRecursively$9(NodeTestTask.java:139)
	at org.junit.platform.engine.support.hierarchical.ThrowableCollector.execute(ThrowableCollector.java:73)
	at org.junit.platform.engine.support.hierarchical.NodeTestTask.executeRecursively(NodeTestTask.java:138)
	at org.junit.platform.engine.support.hierarchical.NodeTestTask.execute(NodeTestTask.java:95)
	at org.junit.platform.engine.support.hierarchical.SameThreadHierarchicalTestExecutorService.submit(SameThreadHierarchicalTestExecutorService.java:35)
	at org.junit.platform.engine.support.hierarchical.HierarchicalTestExecutor.execute(HierarchicalTestExecutor.java:57)
	at org.junit.platform.engine.support.hierarchical.HierarchicalTestEngine.execute(HierarchicalTestEngine.java:54)
	at org.junit.platform.launcher.core.EngineExecutionOrchestrator.execute(EngineExecutionOrchestrator.java:107)
	at org.junit.platform.launcher.core.EngineExecutionOrchestrator.execute(EngineExecutionOrchestrator.java:88)
	at org.junit.platform.launcher.core.EngineExecutionOrchestrator.lambda$execute$0(EngineExecutionOrchestrator.java:54)
	at org.junit.platform.launcher.core.EngineExecutionOrchestrator.withInterceptedStreams(EngineExecutionOrchestrator.java:67)
	at org.junit.platform.launcher.core.EngineExecutionOrchestrator.execute(EngineExecutionOrchestrator.java:52)
	at org.junit.platform.launcher.core.DefaultLauncher.execute(DefaultLauncher.java:114)
	at org.junit.platform.launcher.core.DefaultLauncher.execute(DefaultLauncher.java:86)
	at org.junit.platform.launcher.core.DefaultLauncherSession$DelegatingLauncher.execute(DefaultLauncherSession.java:86)
	at org.junit.platform.launcher.core.SessionPerRequestLauncher.execute(SessionPerRequestLauncher.java:53)
	at org.apache.maven.surefire.junitplatform.JUnitPlatformProvider.execute(JUnitPlatformProvider.java:188)
	at org.apache.maven.surefire.junitplatform.JUnitPlatformProvider.invokeAllTests(JUnitPlatformProvider.java:154)
	at org.apache.maven.surefire.junitplatform.JUnitPlatformProvider.invoke(JUnitPlatformProvider.java:124)
	at org.apache.maven.surefire.booter.ForkedBooter.runSuitesInProcess(ForkedBooter.java:428)
	at org.apache.maven.surefire.booter.ForkedBooter.execute(ForkedBooter.java:162)
	at org.apache.maven.surefire.booter.ForkedBooter.run(ForkedBooter.java:562)
	at org.apache.maven.surefire.booter.ForkedBooter.main(ForkedBooter.java:548)

May 18, 2023 2:48:01 AM org.apache.ratis.thirdparty.io.grpc.internal.ManagedChannelOrphanWrapper$ManagedChannelReference cleanQueue
SEVERE: *~*~*~ Previous channel ManagedChannelImpl{logId=1390, target=10.1.1.154:15026} was not shutdown properly!!! ~*~*~*
    Make sure to call shutdown()/shutdownNow() and wait until awaitTermination() returns true.
java.lang.RuntimeException: ManagedChannel allocation site
	at org.apache.ratis.thirdparty.io.grpc.internal.ManagedChannelOrphanWrapper$ManagedChannelReference.<init>(ManagedChannelOrphanWrapper.java:100)
	at org.apache.ratis.thirdparty.io.grpc.internal.ManagedChannelOrphanWrapper.<init>(ManagedChannelOrphanWrapper.java:60)
	at org.apache.ratis.thirdparty.io.grpc.internal.ManagedChannelOrphanWrapper.<init>(ManagedChannelOrphanWrapper.java:51)
	at org.apache.ratis.thirdparty.io.grpc.internal.ManagedChannelImplBuilder.build(ManagedChannelImplBuilder.java:631)
	at org.apache.ratis.thirdparty.io.grpc.internal.AbstractManagedChannelImplBuilder.build(AbstractManagedChannelImplBuilder.java:297)
	at org.apache.hadoop.hdds.scm.XceiverClientGrpc.connectToDatanode(XceiverClientGrpc.java:188)
	at org.apache.hadoop.hdds.scm.XceiverClientGrpc.connect(XceiverClientGrpc.java:158)
	at org.apache.hadoop.hdds.scm.XceiverClientManager$2.call(XceiverClientManager.java:243)
	at org.apache.hadoop.hdds.scm.XceiverClientManager$2.call(XceiverClientManager.java:224)
	at com.google.common.cache.LocalCache$LocalManualCache$1.load(LocalCache.java:4868)
	at com.google.common.cache.LocalCache$LoadingValueReference.loadFuture(LocalCache.java:3533)
	at com.google.common.cache.LocalCache$Segment.loadSync(LocalCache.java:2282)
	at com.google.common.cache.LocalCache$Segment.lockedGetOrLoad(LocalCache.java:2159)
	at com.google.common.cache.LocalCache$Segment.get(LocalCache.java:2049)
	at com.google.common.cache.LocalCache.get(LocalCache.java:3966)
	at com.google.common.cache.LocalCache$LocalManualCache.get(LocalCache.java:4863)
	at org.apache.hadoop.hdds.scm.XceiverClientManager.getClient(XceiverClientManager.java:224)
	at org.apache.hadoop.hdds.scm.XceiverClientManager.acquireClient(XceiverClientManager.java:168)
	at org.apache.hadoop.hdds.scm.XceiverClientManager.acquireClient(XceiverClientManager.java:141)
	at org.apache.hadoop.ozone.container.ec.reconstruction.ECContainerOperationClient.createRecoveringContainer(ECContainerOperationClient.java:165)
	at org.apache.hadoop.ozone.container.ec.reconstruction.ECReconstructionCoordinator.reconstructECContainerGroup(ECReconstructionCoordinator.java:161)
	at org.apache.hadoop.hdds.scm.storage.TestContainerCommandsEC.testOrphanBlock(TestContainerCommandsEC.java:371)
	at sun.reflect.NativeMethodAccessorImpl.invoke0(Native Method)
	at sun.reflect.NativeMethodAccessorImpl.invoke(NativeMethodAccessorImpl.java:62)
	at sun.reflect.DelegatingMethodAccessorImpl.invoke(DelegatingMethodAccessorImpl.java:43)
	at java.lang.reflect.Method.invoke(Method.java:498)
	at org.junit.platform.commons.util.ReflectionUtils.invokeMethod(ReflectionUtils.java:725)
	at org.junit.jupiter.engine.execution.MethodInvocation.proceed(MethodInvocation.java:60)
	at org.junit.jupiter.engine.execution.InvocationInterceptorChain$ValidatingInvocation.proceed(InvocationInterceptorChain.java:131)
	at org.junit.jupiter.engine.extension.TimeoutExtension.intercept(TimeoutExtension.java:149)
	at org.junit.jupiter.engine.extension.TimeoutExtension.interceptTestableMethod(TimeoutExtension.java:140)
	at org.junit.jupiter.engine.extension.TimeoutExtension.interceptTestMethod(TimeoutExtension.java:84)
	at org.junit.jupiter.engine.execution.ExecutableInvoker$ReflectiveInterceptorCall.lambda$ofVoidMethod$0(ExecutableInvoker.java:115)
	at org.junit.jupiter.engine.execution.ExecutableInvoker.lambda$invoke$0(ExecutableInvoker.java:105)
	at org.junit.jupiter.engine.execution.InvocationInterceptorChain$InterceptedInvocation.proceed(InvocationInterceptorChain.java:106)
	at org.junit.jupiter.engine.execution.InvocationInterceptorChain.proceed(InvocationInterceptorChain.java:64)
	at org.junit.jupiter.engine.execution.InvocationInterceptorChain.chainAndInvoke(InvocationInterceptorChain.java:45)
	at org.junit.jupiter.engine.execution.InvocationInterceptorChain.invoke(InvocationInterceptorChain.java:37)
	at org.junit.jupiter.engine.execution.ExecutableInvoker.invoke(ExecutableInvoker.java:104)
	at org.junit.jupiter.engine.execution.ExecutableInvoker.invoke(ExecutableInvoker.java:98)
	at org.junit.jupiter.engine.descriptor.TestMethodTestDescriptor.lambda$invokeTestMethod$7(TestMethodTestDescriptor.java:214)
	at org.junit.platform.engine.support.hierarchical.ThrowableCollector.execute(ThrowableCollector.java:73)
	at org.junit.jupiter.engine.descriptor.TestMethodTestDescriptor.invokeTestMethod(TestMethodTestDescriptor.java:210)
	at org.junit.jupiter.engine.descriptor.TestMethodTestDescriptor.execute(TestMethodTestDescriptor.java:135)
	at org.junit.jupiter.engine.descriptor.TestMethodTestDescriptor.execute(TestMethodTestDescriptor.java:66)
	at org.junit.platform.engine.support.hierarchical.NodeTestTask.lambda$executeRecursively$6(NodeTestTask.java:151)
	at org.junit.platform.engine.support.hierarchical.ThrowableCollector.execute(ThrowableCollector.java:73)
	at org.junit.platform.engine.support.hierarchical.NodeTestTask.lambda$executeRecursively$8(NodeTestTask.java:141)
	at org.junit.platform.engine.support.hierarchical.Node.around(Node.java:137)
	at org.junit.platform.engine.support.hierarchical.NodeTestTask.lambda$executeRecursively$9(NodeTestTask.java:139)
	at org.junit.platform.engine.support.hierarchical.ThrowableCollector.execute(ThrowableCollector.java:73)
	at org.junit.platform.engine.support.hierarchical.NodeTestTask.executeRecursively(NodeTestTask.java:138)
	at org.junit.platform.engine.support.hierarchical.NodeTestTask.execute(NodeTestTask.java:95)
	at java.util.ArrayList.forEach(ArrayList.java:1259)
	at org.junit.platform.engine.support.hierarchical.SameThreadHierarchicalTestExecutorService.invokeAll(SameThreadHierarchicalTestExecutorService.java:41)
	at org.junit.platform.engine.support.hierarchical.NodeTestTask.lambda$executeRecursively$6(NodeTestTask.java:155)
	at org.junit.platform.engine.support.hierarchical.ThrowableCollector.execute(ThrowableCollector.java:73)
	at org.junit.platform.engine.support.hierarchical.NodeTestTask.lambda$executeRecursively$8(NodeTestTask.java:141)
	at org.junit.platform.engine.support.hierarchical.Node.around(Node.java:137)
	at org.junit.platform.engine.support.hierarchical.NodeTestTask.lambda$executeRecursively$9(NodeTestTask.java:139)
	at org.junit.platform.engine.support.hierarchical.ThrowableCollector.execute(ThrowableCollector.java:73)
	at org.junit.platform.engine.support.hierarchical.NodeTestTask.executeRecursively(NodeTestTask.java:138)
	at org.junit.platform.engine.support.hierarchical.NodeTestTask.execute(NodeTestTask.java:95)
	at java.util.ArrayList.forEach(ArrayList.java:1259)
	at org.junit.platform.engine.support.hierarchical.SameThreadHierarchicalTestExecutorService.invokeAll(SameThreadHierarchicalTestExecutorService.java:41)
	at org.junit.platform.engine.support.hierarchical.NodeTestTask.lambda$executeRecursively$6(NodeTestTask.java:155)
	at org.junit.platform.engine.support.hierarchical.ThrowableCollector.execute(ThrowableCollector.java:73)
	at org.junit.platform.engine.support.hierarchical.NodeTestTask.lambda$executeRecursively$8(NodeTestTask.java:141)
	at org.junit.platform.engine.support.hierarchical.Node.around(Node.java:137)
	at org.junit.platform.engine.support.hierarchical.NodeTestTask.lambda$executeRecursively$9(NodeTestTask.java:139)
	at org.junit.platform.engine.support.hierarchical.ThrowableCollector.execute(ThrowableCollector.java:73)
	at org.junit.platform.engine.support.hierarchical.NodeTestTask.executeRecursively(NodeTestTask.java:138)
	at org.junit.platform.engine.support.hierarchical.NodeTestTask.execute(NodeTestTask.java:95)
	at org.junit.platform.engine.support.hierarchical.SameThreadHierarchicalTestExecutorService.submit(SameThreadHierarchicalTestExecutorService.java:35)
	at org.junit.platform.engine.support.hierarchical.HierarchicalTestExecutor.execute(HierarchicalTestExecutor.java:57)
	at org.junit.platform.engine.support.hierarchical.HierarchicalTestEngine.execute(HierarchicalTestEngine.java:54)
	at org.junit.platform.launcher.core.EngineExecutionOrchestrator.execute(EngineExecutionOrchestrator.java:107)
	at org.junit.platform.launcher.core.EngineExecutionOrchestrator.execute(EngineExecutionOrchestrator.java:88)
	at org.junit.platform.launcher.core.EngineExecutionOrchestrator.lambda$execute$0(EngineExecutionOrchestrator.java:54)
	at org.junit.platform.launcher.core.EngineExecutionOrchestrator.withInterceptedStreams(EngineExecutionOrchestrator.java:67)
	at org.junit.platform.launcher.core.EngineExecutionOrchestrator.execute(EngineExecutionOrchestrator.java:52)
	at org.junit.platform.launcher.core.DefaultLauncher.execute(DefaultLauncher.java:114)
	at org.junit.platform.launcher.core.DefaultLauncher.execute(DefaultLauncher.java:86)
	at org.junit.platform.launcher.core.DefaultLauncherSession$DelegatingLauncher.execute(DefaultLauncherSession.java:86)
	at org.junit.platform.launcher.core.SessionPerRequestLauncher.execute(SessionPerRequestLauncher.java:53)
	at org.apache.maven.surefire.junitplatform.JUnitPlatformProvider.execute(JUnitPlatformProvider.java:188)
	at org.apache.maven.surefire.junitplatform.JUnitPlatformProvider.invokeAllTests(JUnitPlatformProvider.java:154)
	at org.apache.maven.surefire.junitplatform.JUnitPlatformProvider.invoke(JUnitPlatformProvider.java:124)
	at org.apache.maven.surefire.booter.ForkedBooter.runSuitesInProcess(ForkedBooter.java:428)
	at org.apache.maven.surefire.booter.ForkedBooter.execute(ForkedBooter.java:162)
	at org.apache.maven.surefire.booter.ForkedBooter.run(ForkedBooter.java:562)
	at org.apache.maven.surefire.booter.ForkedBooter.main(ForkedBooter.java:548)

]]></system-err>
  </testcase>
</testsuite>