<?xml version="1.0" encoding="UTF-8"?>
<testsuite xmlns:xsi="http://www.w3.org/2001/XMLSchema-instance" xsi:noNamespaceSchemaLocation="https://maven.apache.org/surefire/maven-surefire-plugin/xsd/surefire-test-report-3.0.xsd" version="3.0" name="org.apache.hadoop.ozone.om.TestObjectStoreWithLegacyFS" time="25.769" tests="2" errors="0" skipped="0" failures="1">
  <properties>
    <property name="awt.toolkit" value="sun.awt.X11.XToolkit"/>
    <property name="file.encoding.pkg" value="sun.io"/>
    <property name="java.specification.version" value="1.8"/>
    <property name="sun.cpu.isalist" value=""/>
    <property name="sun.jnu.encoding" value="UTF-8"/>
    <property name="java.class.path" value="/home/runner/work/ozone/ozone/hadoop-ozone/integration-test/target/test-classes:/home/runner/work/ozone/ozone/hadoop-ozone/integration-test/target/classes:/home/runner/.m2/repository/org/apache/ozone/ozone-common/1.3.0-SNAPSHOT/ozone-common-1.3.0-SNAPSHOT.jar:/home/runner/.m2/repository/io/grpc/grpc-netty/1.48.1/grpc-netty-1.48.1.jar:/home/runner/.m2/repository/io/grpc/grpc-core/1.48.1/grpc-core-1.48.1.jar:/home/runner/.m2/repository/com/google/android/annotations/4.1.1.4/annotations-4.1.1.4.jar:/home/runner/.m2/repository/org/codehaus/mojo/animal-sniffer-annotations/1.21/animal-sniffer-annotations-1.21.jar:/home/runner/.m2/repository/com/google/errorprone/error_prone_annotations/2.2.0/error_prone_annotations-2.2.0.jar:/home/runner/.m2/repository/io/perfmark/perfmark-api/0.25.0/perfmark-api-0.25.0.jar:/home/runner/.m2/repository/io/netty/netty-codec-http2/4.1.77.Final/netty-codec-http2-4.1.77.Final.jar:/home/runner/.m2/repository/io/netty/netty-common/4.1.77.Final/netty-common-4.1.77.Final.jar:/home/runner/.m2/repository/io/netty/netty-buffer/4.1.77.Final/netty-buffer-4.1.77.Final.jar:/home/runner/.m2/repository/io/netty/netty-codec-http/4.1.77.Final/netty-codec-http-4.1.77.Final.jar:/home/runner/.m2/repository/io/netty/netty-handler-proxy/4.1.77.Final/netty-handler-proxy-4.1.77.Final.jar:/home/runner/.m2/repository/io/netty/netty-codec-socks/4.1.77.Final/netty-codec-socks-4.1.77.Final.jar:/home/runner/.m2/repository/io/netty/netty-tcnative-boringssl-static/2.0.52.Final/netty-tcnative-boringssl-static-2.0.52.Final.jar:/home/runner/.m2/repository/io/netty/netty-tcnative-classes/2.0.52.Final/netty-tcnative-classes-2.0.52.Final.jar:/home/runner/.m2/repository/io/netty/netty-tcnative-boringssl-static/2.0.52.Final/netty-tcnative-boringssl-static-2.0.52.Final-linux-x86_64.jar:/home/runner/.m2/repository/io/netty/netty-tcnative-boringssl-static/2.0.52.Final/netty-tcnative-boringssl-static-2.0.52.Final-linux-aarch_64.jar:/home/runner/.m2/repository/io/netty/netty-tcnative-boringssl-static/2.0.52.Final/netty-tcnative-boringssl-static-2.0.52.Final-osx-x86_64.jar:/home/runner/.m2/repository/io/netty/netty-tcnative-boringssl-static/2.0.52.Final/netty-tcnative-boringssl-static-2.0.52.Final-osx-aarch_64.jar:/home/runner/.m2/repository/io/netty/netty-tcnative-boringssl-static/2.0.52.Final/netty-tcnative-boringssl-static-2.0.52.Final-windows-x86_64.jar:/home/runner/.m2/repository/org/apache/commons/commons-compress/1.21/commons-compress-1.21.jar:/home/runner/.m2/repository/org/apache/ozone/hdds-common/1.3.0-SNAPSHOT/hdds-common-1.3.0-SNAPSHOT.jar:/home/runner/.m2/repository/org/apache/ozone/hdds-client/1.3.0-SNAPSHOT/hdds-client-1.3.0-SNAPSHOT.jar:/home/runner/.m2/repository/org/apache/ozone/ozone-interface-client/1.3.0-SNAPSHOT/ozone-interface-client-1.3.0-SNAPSHOT.jar:/home/runner/.m2/repository/org/apache/ozone/hdds-test-utils/1.3.0-SNAPSHOT/hdds-test-utils-1.3.0-SNAPSHOT.jar:/home/runner/.m2/repository/com/google/guava/guava/31.1-jre/guava-31.1-jre.jar:/home/runner/.m2/repository/com/google/guava/failureaccess/1.0.1/failureaccess-1.0.1.jar:/home/runner/.m2/repository/com/google/guava/listenablefuture/9999.0-empty-to-avoid-conflict-with-guava/listenablefuture-9999.0-empty-to-avoid-conflict-with-guava.jar:/home/runner/.m2/repository/com/google/code/findbugs/jsr305/3.0.0/jsr305-3.0.0.jar:/home/runner/.m2/repository/org/checkerframework/checker-qual/3.12.0/checker-qual-3.12.0.jar:/home/runner/.m2/repository/com/google/j2objc/j2objc-annotations/1.3/j2objc-annotations-1.3.jar:/home/runner/.m2/repository/commons-io/commons-io/2.11.0/commons-io-2.11.0.jar:/home/runner/.m2/repository/commons-logging/commons-logging/1.2/commons-logging-1.2.jar:/home/runner/.m2/repository/ch/qos/reload4j/reload4j/1.2.22/reload4j-1.2.22.jar:/home/runner/.m2/repository/org/slf4j/slf4j-api/1.7.36/slf4j-api-1.7.36.jar:/home/runner/.m2/repository/org/apache/ozone/hdds-server-scm/1.3.0-SNAPSHOT/hdds-server-scm-1.3.0-SNAPSHOT.jar:/home/runner/.m2/repository/org/apache/ozone/hdds-container-service/1.3.0-SNAPSHOT/hdds-container-service-1.3.0-SNAPSHOT.jar:/home/runner/.m2/repository/org/apache/ozone/hdds-hadoop-dependency-server/1.3.0-SNAPSHOT/hdds-hadoop-dependency-server-1.3.0-SNAPSHOT.jar:/home/runner/.m2/repository/org/apache/hadoop/hadoop-hdfs/3.3.4/hadoop-hdfs-3.3.4.jar:/home/runner/.m2/repository/org/eclipse/jetty/jetty-util-ajax/9.4.49.v20220914/jetty-util-ajax-9.4.49.v20220914.jar:/home/runner/.m2/repository/commons-daemon/commons-daemon/1.0.13/commons-daemon-1.0.13.jar:/home/runner/.m2/repository/org/apache/ozone/hdds-server-framework/1.3.0-SNAPSHOT/hdds-server-framework-1.3.0-SNAPSHOT.jar:/home/runner/.m2/repository/org/apache/ozone/hdds-interface-server/1.3.0-SNAPSHOT/hdds-interface-server-1.3.0-SNAPSHOT.jar:/home/runner/.m2/repository/org/apache/commons/commons-configuration2/2.1.1/commons-configuration2-2.1.1.jar:/home/runner/.m2/repository/org/apache/logging/log4j/log4j-core/2.17.1/log4j-core-2.17.1.jar:/home/runner/.m2/repository/com/lmax/disruptor/3.4.2/disruptor-3.4.2.jar:/home/runner/.m2/repository/org/eclipse/jetty/jetty-servlet/9.4.49.v20220914/jetty-servlet-9.4.49.v20220914.jar:/home/runner/.m2/repository/org/eclipse/jetty/jetty-security/9.4.49.v20220914/jetty-security-9.4.49.v20220914.jar:/home/runner/.m2/repository/org/rocksdb/rocksdbjni/7.7.3/rocksdbjni-7.7.3.jar:/home/runner/.m2/repository/io/prometheus/simpleclient_dropwizard/0.7.0/simpleclient_dropwizard-0.7.0.jar:/home/runner/.m2/repository/io/prometheus/simpleclient/0.7.0/simpleclient-0.7.0.jar:/home/runner/.m2/repository/io/prometheus/simpleclient_common/0.7.0/simpleclient_common-0.7.0.jar:/home/runner/.m2/repository/com/github/spotbugs/spotbugs-annotations/3.1.12/spotbugs-annotations-3.1.12.jar:/home/runner/.m2/repository/io/dropwizard/metrics/metrics-core/3.2.4/metrics-core-3.2.4.jar:/home/runner/.m2/repository/org/apache/commons/commons-text/1.4/commons-text-1.4.jar:/home/runner/.m2/repository/org/apache/hadoop/hadoop-hdfs-client/3.3.4/hadoop-hdfs-client-3.3.4.jar:/home/runner/.m2/repository/com/squareup/okhttp3/okhttp/4.9.3/okhttp-4.9.3.jar:/home/runner/.m2/repository/com/squareup/okio/okio/2.8.0/okio-2.8.0.jar:/home/runner/.m2/repository/org/jetbrains/kotlin/kotlin-stdlib-common/1.4.10/kotlin-stdlib-common-1.4.10.jar:/home/runner/.m2/repository/org/bouncycastle/bcprov-jdk15on/1.67/bcprov-jdk15on-1.67.jar:/home/runner/.m2/repository/com/google/protobuf/protobuf-java/2.5.0/protobuf-java-2.5.0.jar:/home/runner/.m2/repository/org/apache/ozone/ozone-manager/1.3.0-SNAPSHOT/ozone-manager-1.3.0-SNAPSHOT.jar:/home/runner/.m2/repository/org/aspectj/aspectjrt/1.9.7/aspectjrt-1.9.7.jar:/home/runner/.m2/repository/org/aspectj/aspectjweaver/1.9.7/aspectjweaver-1.9.7.jar:/home/runner/.m2/repository/org/apache/ozone/hdds-interface-client/1.3.0-SNAPSHOT/hdds-interface-client-1.3.0-SNAPSHOT.jar:/home/runner/.m2/repository/org/apache/hadoop/thirdparty/hadoop-shaded-protobuf_3_7/1.1.1/hadoop-shaded-protobuf_3_7-1.1.1.jar:/home/runner/.m2/repository/org/apache/ozone/ozone-interface-storage/1.3.0-SNAPSHOT/ozone-interface-storage-1.3.0-SNAPSHOT.jar:/home/runner/.m2/repository/org/reflections/reflections/0.9.11/reflections-0.9.11.jar:/home/runner/.m2/repository/com/sun/jersey/jersey-client/1.19/jersey-client-1.19.jar:/home/runner/.m2/repository/org/apache/ranger/ranger-intg/2.3.0/ranger-intg-2.3.0.jar:/home/runner/.m2/repository/org/apache/ranger/ranger-plugins-common/2.3.0/ranger-plugins-common-2.3.0.jar:/home/runner/.m2/repository/commons-lang/commons-lang/2.6/commons-lang-2.6.jar:/home/runner/.m2/repository/org/codehaus/jackson/jackson-jaxrs/1.9.13/jackson-jaxrs-1.9.13.jar:/home/runner/.m2/repository/org/apache/ranger/ranger-plugins-cred/2.3.0/ranger-plugins-cred-2.3.0.jar:/home/runner/.m2/repository/org/apache/ranger/ranger-plugins-audit/2.3.0/ranger-plugins-audit-2.3.0.jar:/home/runner/.m2/repository/org/eclipse/jetty/jetty-client/9.4.31.v20200723/jetty-client-9.4.31.v20200723.jar:/home/runner/.m2/repository/org/apache/httpcomponents/httpmime/4.5.6/httpmime-4.5.6.jar:/home/runner/.m2/repository/org/apache/httpcomponents/httpcore-nio/4.4.6/httpcore-nio-4.4.6.jar:/home/runner/.m2/repository/org/apache/httpcomponents/httpasyncclient/4.1.3/httpasyncclient-4.1.3.jar:/home/runner/.m2/repository/com/carrotsearch/hppc/0.8.0/hppc-0.8.0.jar:/home/runner/.m2/repository/org/apache/orc/orc-core/1.5.8/orc-core-1.5.8.jar:/home/runner/.m2/repository/net/java/dev/jna/jna/5.2.0/jna-5.2.0.jar:/home/runner/.m2/repository/net/java/dev/jna/jna-platform/5.2.0/jna-platform-5.2.0.jar:/home/runner/.m2/repository/com/kstruct/gethostname4j/0.0.2/gethostname4j-0.0.2.jar:/home/runner/.m2/repository/org/apache/ranger/ranger-plugin-classloader/2.3.0/ranger-plugin-classloader-2.3.0.jar:/home/runner/.m2/repository/org/apache/hadoop/hadoop-minikdc/3.3.4/hadoop-minikdc-3.3.4.jar:/home/runner/.m2/repository/org/apache/kerby/kerb-simplekdc/1.0.1/kerb-simplekdc-1.0.1.jar:/home/runner/.m2/repository/org/apache/kerby/kerb-client/1.0.1/kerb-client-1.0.1.jar:/home/runner/.m2/repository/org/apache/kerby/kerby-config/1.0.1/kerby-config-1.0.1.jar:/home/runner/.m2/repository/org/apache/kerby/kerb-common/1.0.1/kerb-common-1.0.1.jar:/home/runner/.m2/repository/org/apache/kerby/kerb-crypto/1.0.1/kerb-crypto-1.0.1.jar:/home/runner/.m2/repository/org/apache/kerby/kerb-util/1.0.1/kerb-util-1.0.1.jar:/home/runner/.m2/repository/org/apache/kerby/token-provider/1.0.1/token-provider-1.0.1.jar:/home/runner/.m2/repository/org/apache/kerby/kerb-admin/1.0.1/kerb-admin-1.0.1.jar:/home/runner/.m2/repository/org/apache/kerby/kerb-server/1.0.1/kerb-server-1.0.1.jar:/home/runner/.m2/repository/org/apache/kerby/kerb-identity/1.0.1/kerb-identity-1.0.1.jar:/home/runner/.m2/repository/org/apache/kerby/kerby-xdr/1.0.1/kerby-xdr-1.0.1.jar:/home/runner/.m2/repository/org/apache/ozone/ozone-s3gateway/1.3.0-SNAPSHOT/ozone-s3gateway-1.3.0-SNAPSHOT.jar:/home/runner/.m2/repository/org/javassist/javassist/3.21.0-GA/javassist-3.21.0-GA.jar:/home/runner/.m2/repository/org/jboss/weld/servlet/weld-servlet/2.4.7.Final/weld-servlet-2.4.7.Final.jar:/home/runner/.m2/repository/org/glassfish/jersey/containers/jersey-container-servlet-core/2.34/jersey-container-servlet-core-2.34.jar:/home/runner/.m2/repository/org/glassfish/hk2/external/jakarta.inject/2.6.1/jakarta.inject-2.6.1.jar:/home/runner/.m2/repository/org/glassfish/jersey/core/jersey-common/2.34/jersey-common-2.34.jar:/home/runner/.m2/repository/jakarta/ws/rs/jakarta.ws.rs-api/2.1.6/jakarta.ws.rs-api-2.1.6.jar:/home/runner/.m2/repository/org/glassfish/jersey/ext/cdi/jersey-cdi1x/2.34/jersey-cdi1x-2.34.jar:/home/runner/.m2/repository/org/glassfish/jersey/inject/jersey-hk2/2.34/jersey-hk2-2.34.jar:/home/runner/.m2/repository/org/glassfish/hk2/hk2-locator/2.6.1/hk2-locator-2.6.1.jar:/home/runner/.m2/repository/org/glassfish/jersey/media/jersey-media-jaxb/2.34/jersey-media-jaxb-2.34.jar:/home/runner/.m2/repository/org/glassfish/hk2/osgi-resource-locator/1.0.3/osgi-resource-locator-1.0.3.jar:/home/runner/.m2/repository/org/glassfish/hk2/hk2-api/2.5.0/hk2-api-2.5.0.jar:/home/runner/.m2/repository/org/glassfish/hk2/hk2-utils/2.5.0/hk2-utils-2.5.0.jar:/home/runner/.m2/repository/org/glassfish/hk2/external/aopalliance-repackaged/2.5.0/aopalliance-repackaged-2.5.0.jar:/home/runner/.m2/repository/com/fasterxml/jackson/dataformat/jackson-dataformat-xml/2.13.4/jackson-dataformat-xml-2.13.4.jar:/home/runner/.m2/repository/com/fasterxml/jackson/core/jackson-core/2.13.4/jackson-core-2.13.4.jar:/home/runner/.m2/repository/org/codehaus/woodstox/stax2-api/4.2.1/stax2-api-4.2.1.jar:/home/runner/.m2/repository/com/fasterxml/woodstox/woodstox-core/5.4.0/woodstox-core-5.4.0.jar:/home/runner/.m2/repository/com/fasterxml/jackson/module/jackson-module-jaxb-annotations/2.13.4/jackson-module-jaxb-annotations-2.13.4.jar:/home/runner/.m2/repository/jakarta/xml/bind/jakarta.xml.bind-api/2.3.3/jakarta.xml.bind-api-2.3.3.jar:/home/runner/.m2/repository/jakarta/activation/jakarta.activation-api/1.2.1/jakarta.activation-api-1.2.1.jar:/home/runner/.m2/repository/javax/enterprise/cdi-api/1.2/cdi-api-1.2.jar:/home/runner/.m2/repository/javax/el/javax.el-api/3.0.0/javax.el-api-3.0.0.jar:/home/runner/.m2/repository/javax/interceptor/javax.interceptor-api/1.2/javax.interceptor-api-1.2.jar:/home/runner/.m2/repository/javax/inject/javax.inject/1/javax.inject-1.jar:/home/runner/.m2/repository/javax/xml/bind/jaxb-api/2.3.0/jaxb-api-2.3.0.jar:/home/runner/.m2/repository/org/glassfish/jaxb/jaxb-runtime/2.3.0.1/jaxb-runtime-2.3.0.1.jar:/home/runner/.m2/repository/org/glassfish/jaxb/jaxb-core/2.3.0.1/jaxb-core-2.3.0.1.jar:/home/runner/.m2/repository/org/glassfish/jaxb/txw2/2.3.0.1/txw2-2.3.0.1.jar:/home/runner/.m2/repository/com/sun/istack/istack-commons-runtime/3.0.5/istack-commons-runtime-3.0.5.jar:/home/runner/.m2/repository/org/jvnet/staxex/stax-ex/1.7.8/stax-ex-1.7.8.jar:/home/runner/.m2/repository/com/sun/xml/fastinfoset/FastInfoset/1.2.13/FastInfoset-1.2.13.jar:/home/runner/.m2/repository/javax/activation/activation/1.1.1/activation-1.1.1.jar:/home/runner/.m2/repository/io/grpc/grpc-protobuf/1.48.1/grpc-protobuf-1.48.1.jar:/home/runner/.m2/repository/io/grpc/grpc-api/1.48.1/grpc-api-1.48.1.jar:/home/runner/.m2/repository/io/grpc/grpc-context/1.48.1/grpc-context-1.48.1.jar:/home/runner/.m2/repository/com/google/api/grpc/proto-google-common-protos/2.9.0/proto-google-common-protos-2.9.0.jar:/home/runner/.m2/repository/io/grpc/grpc-protobuf-lite/1.48.1/grpc-protobuf-lite-1.48.1.jar:/home/runner/.m2/repository/io/grpc/grpc-stub/1.48.1/grpc-stub-1.48.1.jar:/home/runner/.m2/repository/io/netty/netty-transport/4.1.77.Final/netty-transport-4.1.77.Final.jar:/home/runner/.m2/repository/io/netty/netty-resolver/4.1.77.Final/netty-resolver-4.1.77.Final.jar:/home/runner/.m2/repository/org/apache/ozone/ozone-csi/1.3.0-SNAPSHOT/ozone-csi-1.3.0-SNAPSHOT.jar:/home/runner/.m2/repository/com/google/protobuf/protobuf-java-util/3.19.6/protobuf-java-util-3.19.6.jar:/home/runner/.m2/repository/com/google/code/gson/gson/2.9.0/gson-2.9.0.jar:/home/runner/.m2/repository/org/apache/ozone/hdds-config/1.3.0-SNAPSHOT/hdds-config-1.3.0-SNAPSHOT.jar:/home/runner/.m2/repository/io/netty/netty-transport-native-epoll/4.1.77.Final/netty-transport-native-epoll-4.1.77.Final-linux-x86_64.jar:/home/runner/.m2/repository/io/netty/netty-transport-classes-epoll/4.1.77.Final/netty-transport-classes-epoll-4.1.77.Final.jar:/home/runner/.m2/repository/io/netty/netty-transport-native-unix-common/4.1.77.Final/netty-transport-native-unix-common-4.1.77.Final.jar:/home/runner/.m2/repository/org/slf4j/slf4j-reload4j/1.7.36/slf4j-reload4j-1.7.36.jar:/home/runner/.m2/repository/org/apache/ozone/ozone-recon/1.3.0-SNAPSHOT/ozone-recon-1.3.0-SNAPSHOT.jar:/home/runner/.m2/repository/org/apache/ozone/ozone-reconcodegen/1.3.0-SNAPSHOT/ozone-reconcodegen-1.3.0-SNAPSHOT.jar:/home/runner/.m2/repository/com/google/inject/extensions/guice-multibindings/4.0/guice-multibindings-4.0.jar:/home/runner/.m2/repository/com/google/inject/guice/4.0/guice-4.0.jar:/home/runner/.m2/repository/aopalliance/aopalliance/1.0/aopalliance-1.0.jar:/home/runner/.m2/repository/com/google/inject/extensions/guice-assistedinject/4.0/guice-assistedinject-4.0.jar:/home/runner/.m2/repository/com/google/inject/extensions/guice-servlet/4.0/guice-servlet-4.0.jar:/home/runner/.m2/repository/org/glassfish/jersey/containers/jersey-container-servlet/2.34/jersey-container-servlet-2.34.jar:/home/runner/.m2/repository/org/glassfish/hk2/guice-bridge/2.5.0/guice-bridge-2.5.0.jar:/home/runner/.m2/repository/org/glassfish/jersey/core/jersey-server/2.34/jersey-server-2.34.jar:/home/runner/.m2/repository/org/glassfish/jersey/core/jersey-client/2.34/jersey-client-2.34.jar:/home/runner/.m2/repository/jakarta/annotation/jakarta.annotation-api/1.3.5/jakarta.annotation-api-1.3.5.jar:/home/runner/.m2/repository/jakarta/validation/jakarta.validation-api/2.0.2/jakarta.validation-api-2.0.2.jar:/home/runner/.m2/repository/org/glassfish/jersey/media/jersey-media-json-jackson/2.34/jersey-media-json-jackson-2.34.jar:/home/runner/.m2/repository/org/glassfish/jersey/ext/jersey-entity-filtering/2.34/jersey-entity-filtering-2.34.jar:/home/runner/.m2/repository/org/jooq/jooq/3.11.10/jooq-3.11.10.jar:/home/runner/.m2/repository/org/jooq/jooq-meta/3.11.10/jooq-meta-3.11.10.jar:/home/runner/.m2/repository/org/jooq/jooq-codegen/3.11.10/jooq-codegen-3.11.10.jar:/home/runner/.m2/repository/com/jolbox/bonecp/0.8.0.RELEASE/bonecp-0.8.0.RELEASE.jar:/home/runner/.m2/repository/org/apache/derby/derby/10.14.2.0/derby-10.14.2.0.jar:/home/runner/.m2/repository/org/xerial/sqlite-jdbc/3.25.2/sqlite-jdbc-3.25.2.jar:/home/runner/.m2/repository/org/springframework/spring-jdbc/5.3.23/spring-jdbc-5.3.23.jar:/home/runner/.m2/repository/org/springframework/spring-beans/5.3.23/spring-beans-5.3.23.jar:/home/runner/.m2/repository/org/springframework/spring-core/5.3.23/spring-core-5.3.23.jar:/home/runner/.m2/repository/org/springframework/spring-jcl/5.3.23/spring-jcl-5.3.23.jar:/home/runner/.m2/repository/org/springframework/spring-tx/5.3.23/spring-tx-5.3.23.jar:/home/runner/.m2/repository/org/apache/ozone/ozone-client/1.3.0-SNAPSHOT/ozone-client-1.3.0-SNAPSHOT.jar:/home/runner/.m2/repository/org/apache/ozone/hdds-erasurecode/1.3.0-SNAPSHOT/hdds-erasurecode-1.3.0-SNAPSHOT.jar:/home/runner/.m2/repository/org/apache/ozone/ozone-filesystem/1.3.0-SNAPSHOT/ozone-filesystem-1.3.0-SNAPSHOT.jar:/home/runner/.m2/repository/org/apache/ozone/ozone-filesystem-common/1.3.0-SNAPSHOT/ozone-filesystem-common-1.3.0-SNAPSHOT.jar:/home/runner/.m2/repository/org/apache/ozone/ozone-tools/1.3.0-SNAPSHOT/ozone-tools-1.3.0-SNAPSHOT.jar:/home/runner/.m2/repository/org/apache/ratis/ratis-tools/2.4.1/ratis-tools-2.4.1.jar:/home/runner/.m2/repository/com/amazonaws/aws-java-sdk-core/1.12.261/aws-java-sdk-core-1.12.261.jar:/home/runner/.m2/repository/org/apache/httpcomponents/httpclient/4.5.13/httpclient-4.5.13.jar:/home/runner/.m2/repository/org/apache/httpcomponents/httpcore/4.4.13/httpcore-4.4.13.jar:/home/runner/.m2/repository/software/amazon/ion/ion-java/1.0.2/ion-java-1.0.2.jar:/home/runner/.m2/repository/com/fasterxml/jackson/dataformat/jackson-dataformat-cbor/2.13.4/jackson-dataformat-cbor-2.13.4.jar:/home/runner/.m2/repository/joda-time/joda-time/2.8.1/joda-time-2.8.1.jar:/home/runner/.m2/repository/com/amazonaws/aws-java-sdk-s3/1.12.261/aws-java-sdk-s3-1.12.261.jar:/home/runner/.m2/repository/com/amazonaws/aws-java-sdk-kms/1.12.261/aws-java-sdk-kms-1.12.261.jar:/home/runner/.m2/repository/com/amazonaws/jmespath-java/1.12.261/jmespath-java-1.12.261.jar:/home/runner/.m2/repository/org/kohsuke/metainf-services/metainf-services/1.8/metainf-services-1.8.jar:/home/runner/.m2/repository/org/apache/ozone/hdds-tools/1.3.0-SNAPSHOT/hdds-tools-1.3.0-SNAPSHOT.jar:/home/runner/.m2/repository/commons-cli/commons-cli/1.2/commons-cli-1.2.jar:/home/runner/.m2/repository/org/apache/commons/commons-lang3/3.7/commons-lang3-3.7.jar:/home/runner/.m2/repository/org/apache/ozone/ozone-manager/1.3.0-SNAPSHOT/ozone-manager-1.3.0-SNAPSHOT-tests.jar:/home/runner/.m2/repository/org/apache/ozone/hdds-common/1.3.0-SNAPSHOT/hdds-common-1.3.0-SNAPSHOT-tests.jar:/home/runner/.m2/repository/org/apache/ozone/hdds-hadoop-dependency-client/1.3.0-SNAPSHOT/hdds-hadoop-dependency-client-1.3.0-SNAPSHOT.jar:/home/runner/.m2/repository/info/picocli/picocli/4.6.1/picocli-4.6.1.jar:/home/runner/.m2/repository/com/fasterxml/jackson/core/jackson-annotations/2.13.4/jackson-annotations-2.13.4.jar:/home/runner/.m2/repository/com/fasterxml/jackson/datatype/jackson-datatype-jsr310/2.13.4/jackson-datatype-jsr310-2.13.4.jar:/home/runner/.m2/repository/org/apache/ozone/hdds-annotation-processing/1.3.0-SNAPSHOT/hdds-annotation-processing-1.3.0-SNAPSHOT.jar:/home/runner/.m2/repository/javax/annotation/javax.annotation-api/1.2/javax.annotation-api-1.2.jar:/home/runner/.m2/repository/org/apache/ratis/ratis-server/2.4.1/ratis-server-2.4.1.jar:/home/runner/.m2/repository/org/apache/ratis/ratis-client/2.4.1/ratis-client-2.4.1.jar:/home/runner/.m2/repository/org/apache/ratis/ratis-server-api/2.4.1/ratis-server-api-2.4.1.jar:/home/runner/.m2/repository/org/apache/ratis/ratis-metrics/2.4.1/ratis-metrics-2.4.1.jar:/home/runner/.m2/repository/org/apache/ratis/ratis-netty/2.4.1/ratis-netty-2.4.1.jar:/home/runner/.m2/repository/org/apache/ratis/ratis-grpc/2.4.1/ratis-grpc-2.4.1.jar:/home/runner/.m2/repository/org/apache/logging/log4j/log4j-api/2.17.1/log4j-api-2.17.1.jar:/home/runner/.m2/repository/org/apache/commons/commons-pool2/2.6.0/commons-pool2-2.6.0.jar:/home/runner/.m2/repository/org/bouncycastle/bcpkix-jdk15on/1.67/bcpkix-jdk15on-1.67.jar:/home/runner/.m2/repository/commons-validator/commons-validator/1.6/commons-validator-1.6.jar:/home/runner/.m2/repository/commons-beanutils/commons-beanutils/1.9.4/commons-beanutils-1.9.4.jar:/home/runner/.m2/repository/commons-digester/commons-digester/1.8.1/commons-digester-1.8.1.jar:/home/runner/.m2/repository/commons-collections/commons-collections/3.2.2/commons-collections-3.2.2.jar:/home/runner/.m2/repository/io/jaegertracing/jaeger-client/1.6.0/jaeger-client-1.6.0.jar:/home/runner/.m2/repository/io/jaegertracing/jaeger-thrift/1.6.0/jaeger-thrift-1.6.0.jar:/home/runner/.m2/repository/org/apache/thrift/libthrift/0.14.1/libthrift-0.14.1.jar:/home/runner/.m2/repository/io/jaegertracing/jaeger-core/1.6.0/jaeger-core-1.6.0.jar:/home/runner/.m2/repository/io/jaegertracing/jaeger-tracerresolver/1.6.0/jaeger-tracerresolver-1.6.0.jar:/home/runner/.m2/repository/io/opentracing/contrib/opentracing-tracerresolver/0.1.8/opentracing-tracerresolver-0.1.8.jar:/home/runner/.m2/repository/org/jetbrains/kotlin/kotlin-stdlib/1.6.21/kotlin-stdlib-1.6.21.jar:/home/runner/.m2/repository/org/jetbrains/annotations/13.0/annotations-13.0.jar:/home/runner/.m2/repository/io/opentracing/opentracing-util/0.33.0/opentracing-util-0.33.0.jar:/home/runner/.m2/repository/io/opentracing/opentracing-api/0.33.0/opentracing-api-0.33.0.jar:/home/runner/.m2/repository/io/opentracing/opentracing-noop/0.33.0/opentracing-noop-0.33.0.jar:/home/runner/.m2/repository/org/yaml/snakeyaml/1.33/snakeyaml-1.33.jar:/home/runner/.m2/repository/org/apache/ozone/hdds-interface-admin/1.3.0-SNAPSHOT/hdds-interface-admin-1.3.0-SNAPSHOT.jar:/home/runner/.m2/repository/junit/junit/4.13.1/junit-4.13.1.jar:/home/runner/.m2/repository/org/hamcrest/hamcrest-core/1.3/hamcrest-core-1.3.jar:/home/runner/.m2/repository/org/junit/jupiter/junit-jupiter-api/5.8.2/junit-jupiter-api-5.8.2.jar:/home/runner/.m2/repository/org/opentest4j/opentest4j/1.2.0/opentest4j-1.2.0.jar:/home/runner/.m2/repository/org/junit/platform/junit-platform-commons/1.8.2/junit-platform-commons-1.8.2.jar:/home/runner/.m2/repository/org/apiguardian/apiguardian-api/1.1.2/apiguardian-api-1.1.2.jar:/home/runner/.m2/repository/org/junit/jupiter/junit-jupiter-params/5.8.2/junit-jupiter-params-5.8.2.jar:/home/runner/.m2/repository/org/junit/jupiter/junit-jupiter-migrationsupport/5.8.2/junit-jupiter-migrationsupport-5.8.2.jar:/home/runner/.m2/repository/org/junit/jupiter/junit-jupiter-engine/5.8.2/junit-jupiter-engine-5.8.2.jar:/home/runner/.m2/repository/org/junit/platform/junit-platform-engine/1.8.2/junit-platform-engine-1.8.2.jar:/home/runner/.m2/repository/org/junit/vintage/junit-vintage-engine/5.8.2/junit-vintage-engine-5.8.2.jar:/home/runner/.m2/repository/org/junit/platform/junit-platform-launcher/1.8.2/junit-platform-launcher-1.8.2.jar:/home/runner/.m2/repository/org/mockito/mockito-core/2.28.2/mockito-core-2.28.2.jar:/home/runner/.m2/repository/net/bytebuddy/byte-buddy/1.9.10/byte-buddy-1.9.10.jar:/home/runner/.m2/repository/net/bytebuddy/byte-buddy-agent/1.9.10/byte-buddy-agent-1.9.10.jar:/home/runner/.m2/repository/org/objenesis/objenesis/1.0/objenesis-1.0.jar:/home/runner/.m2/repository/org/apache/hadoop/hadoop-kms/3.3.4/hadoop-kms-3.3.4.jar:/home/runner/.m2/repository/org/apache/hadoop/hadoop-auth/3.3.4/hadoop-auth-3.3.4.jar:/home/runner/.m2/repository/com/nimbusds/nimbus-jose-jwt/9.8.1/nimbus-jose-jwt-9.8.1.jar:/home/runner/.m2/repository/com/github/stephenc/jcip/jcip-annotations/1.0-1/jcip-annotations-1.0-1.jar:/home/runner/.m2/repository/net/minidev/json-smart/2.4.7/json-smart-2.4.7.jar:/home/runner/.m2/repository/net/minidev/accessors-smart/2.4.7/accessors-smart-2.4.7.jar:/home/runner/.m2/repository/org/ow2/asm/asm/5.0.4/asm-5.0.4.jar:/home/runner/.m2/repository/org/apache/zookeeper/zookeeper/3.5.6/zookeeper-3.5.6.jar:/home/runner/.m2/repository/org/apache/zookeeper/zookeeper-jute/3.5.6/zookeeper-jute-3.5.6.jar:/home/runner/.m2/repository/org/apache/yetus/audience-annotations/0.5.0/audience-annotations-0.5.0.jar:/home/runner/.m2/repository/org/apache/curator/curator-framework/4.2.0/curator-framework-4.2.0.jar:/home/runner/.m2/repository/org/apache/hadoop/thirdparty/hadoop-shaded-guava/1.1.1/hadoop-shaded-guava-1.1.1.jar:/home/runner/.m2/repository/com/sun/jersey/jersey-core/1.19/jersey-core-1.19.jar:/home/runner/.m2/repository/javax/ws/rs/jsr311-api/1.1.1/jsr311-api-1.1.1.jar:/home/runner/.m2/repository/com/sun/jersey/jersey-server/1.19/jersey-server-1.19.jar:/home/runner/.m2/repository/javax/servlet/javax.servlet-api/3.1.0/javax.servlet-api-3.1.0.jar:/home/runner/.m2/repository/org/eclipse/jetty/jetty-server/9.4.49.v20220914/jetty-server-9.4.49.v20220914.jar:/home/runner/.m2/repository/org/eclipse/jetty/jetty-http/9.4.49.v20220914/jetty-http-9.4.49.v20220914.jar:/home/runner/.m2/repository/org/eclipse/jetty/jetty-io/9.4.49.v20220914/jetty-io-9.4.49.v20220914.jar:/home/runner/.m2/repository/org/eclipse/jetty/jetty-webapp/9.4.49.v20220914/jetty-webapp-9.4.49.v20220914.jar:/home/runner/.m2/repository/org/eclipse/jetty/jetty-xml/9.4.49.v20220914/jetty-xml-9.4.49.v20220914.jar:/home/runner/.m2/repository/org/apache/hadoop/hadoop-common/3.3.4/hadoop-common-3.3.4.jar:/home/runner/.m2/repository/org/apache/commons/commons-math3/3.1.1/commons-math3-3.1.1.jar:/home/runner/.m2/repository/commons-net/commons-net/3.6/commons-net-3.6.jar:/home/runner/.m2/repository/com/sun/jersey/jersey-servlet/1.19/jersey-servlet-1.19.jar:/home/runner/.m2/repository/com/sun/jersey/jersey-json/1.19/jersey-json-1.19.jar:/home/runner/.m2/repository/org/codehaus/jettison/jettison/1.1/jettison-1.1.jar:/home/runner/.m2/repository/com/sun/xml/bind/jaxb-impl/2.2.3-1/jaxb-impl-2.2.3-1.jar:/home/runner/.m2/repository/org/codehaus/jackson/jackson-xc/1.9.2/jackson-xc-1.9.2.jar:/home/runner/.m2/repository/com/google/re2j/re2j/1.1/re2j-1.1.jar:/home/runner/.m2/repository/com/jcraft/jsch/0.1.54/jsch-0.1.54.jar:/home/runner/.m2/repository/org/apache/curator/curator-client/4.2.0/curator-client-4.2.0.jar:/home/runner/.m2/repository/org/apache/curator/curator-recipes/4.2.0/curator-recipes-4.2.0.jar:/home/runner/.m2/repository/org/apache/kerby/kerb-core/1.0.1/kerb-core-1.0.1.jar:/home/runner/.m2/repository/org/apache/kerby/kerby-pkix/1.0.1/kerby-pkix-1.0.1.jar:/home/runner/.m2/repository/org/apache/kerby/kerby-asn1/1.0.1/kerby-asn1-1.0.1.jar:/home/runner/.m2/repository/org/apache/kerby/kerby-util/1.0.1/kerby-util-1.0.1.jar:/home/runner/.m2/repository/dnsjava/dnsjava/2.1.7/dnsjava-2.1.7.jar:/home/runner/.m2/repository/org/xerial/snappy/snappy-java/1.1.8.2/snappy-java-1.1.8.2.jar:/home/runner/.m2/repository/org/eclipse/jetty/jetty-util/9.4.49.v20220914/jetty-util-9.4.49.v20220914.jar:/home/runner/.m2/repository/com/fasterxml/jackson/core/jackson-databind/2.13.4.2/jackson-databind-2.13.4.2.jar:/home/runner/.m2/repository/org/apache/hadoop/hadoop-kms/3.3.4/hadoop-kms-3.3.4-tests.jar:/home/runner/.m2/repository/org/apache/ozone/hdds-server-scm/1.3.0-SNAPSHOT/hdds-server-scm-1.3.0-SNAPSHOT-tests.jar:/home/runner/.m2/repository/org/apache/ozone/hdds-container-service/1.3.0-SNAPSHOT/hdds-container-service-1.3.0-SNAPSHOT-tests.jar:/home/runner/.m2/repository/commons-codec/commons-codec/1.15/commons-codec-1.15.jar:/home/runner/.m2/repository/io/netty/netty-codec/4.1.77.Final/netty-codec-4.1.77.Final.jar:/home/runner/.m2/repository/io/netty/netty-handler/4.1.77.Final/netty-handler-4.1.77.Final.jar:/home/runner/.m2/repository/org/apache/ozone/hdds-hadoop-dependency-test/1.3.0-SNAPSHOT/hdds-hadoop-dependency-test-1.3.0-SNAPSHOT.jar:/home/runner/.m2/repository/org/apache/hadoop/hadoop-common/3.3.4/hadoop-common-3.3.4-tests.jar:/home/runner/.m2/repository/org/apache/hadoop/hadoop-hdfs/3.3.4/hadoop-hdfs-3.3.4-tests.jar:/home/runner/.m2/repository/org/assertj/assertj-core/3.12.2/assertj-core-3.12.2.jar:/home/runner/.m2/repository/org/apache/hadoop/hadoop-distcp/3.3.4/hadoop-distcp-3.3.4.jar:/home/runner/.m2/repository/org/apache/hadoop/hadoop-mapreduce-client-jobclient/3.3.4/hadoop-mapreduce-client-jobclient-3.3.4.jar:/home/runner/.m2/repository/org/apache/hadoop/hadoop-mapreduce-client-common/3.3.4/hadoop-mapreduce-client-common-3.3.4.jar:/home/runner/.m2/repository/org/apache/hadoop/hadoop-yarn-common/3.3.4/hadoop-yarn-common-3.3.4.jar:/home/runner/.m2/repository/org/apache/hadoop/hadoop-yarn-api/3.3.4/hadoop-yarn-api-3.3.4.jar:/home/runner/.m2/repository/com/sun/jersey/contribs/jersey-guice/1.19/jersey-guice-1.19.jar:/home/runner/.m2/repository/com/fasterxml/jackson/jaxrs/jackson-jaxrs-json-provider/2.13.4/jackson-jaxrs-json-provider-2.13.4.jar:/home/runner/.m2/repository/com/fasterxml/jackson/jaxrs/jackson-jaxrs-base/2.13.4/jackson-jaxrs-base-2.13.4.jar:/home/runner/.m2/repository/org/apache/hadoop/hadoop-yarn-client/3.3.4/hadoop-yarn-client-3.3.4.jar:/home/runner/.m2/repository/org/eclipse/jetty/websocket/websocket-client/9.4.43.v20210629/websocket-client-9.4.43.v20210629.jar:/home/runner/.m2/repository/org/eclipse/jetty/websocket/websocket-common/9.4.43.v20210629/websocket-common-9.4.43.v20210629.jar:/home/runner/.m2/repository/org/eclipse/jetty/websocket/websocket-api/9.4.43.v20210629/websocket-api-9.4.43.v20210629.jar:/home/runner/.m2/repository/org/jline/jline/3.9.0/jline-3.9.0.jar:/home/runner/.m2/repository/org/apache/hadoop/hadoop-mapreduce-client-core/3.3.4/hadoop-mapreduce-client-core-3.3.4.jar:/home/runner/.m2/repository/org/apache/avro/avro/1.7.7/avro-1.7.7.jar:/home/runner/.m2/repository/org/codehaus/jackson/jackson-core-asl/1.9.13/jackson-core-asl-1.9.13.jar:/home/runner/.m2/repository/org/codehaus/jackson/jackson-mapper-asl/1.9.13/jackson-mapper-asl-1.9.13.jar:/home/runner/.m2/repository/com/thoughtworks/paranamer/paranamer/2.3/paranamer-2.3.jar:/home/runner/.m2/repository/org/apache/hadoop/hadoop-annotations/3.3.4/hadoop-annotations-3.3.4.jar:/usr/lib/jvm/temurin-8-jdk-amd64/jre/../lib/tools.jar:/home/runner/.m2/repository/io/netty/netty/3.10.6.Final/netty-3.10.6.Final.jar:/home/runner/.m2/repository/org/apache/hadoop/hadoop-distcp/3.3.4/hadoop-distcp-3.3.4-tests.jar:/home/runner/.m2/repository/org/slf4j/jul-to-slf4j/1.7.36/jul-to-slf4j-1.7.36.jar:/home/runner/.m2/repository/org/apache/ratis/ratis-common/2.4.1/ratis-common-2.4.1.jar:/home/runner/.m2/repository/org/apache/ratis/ratis-thirdparty-misc/1.0.3/ratis-thirdparty-misc-1.0.3.jar:/home/runner/.m2/repository/org/apache/ratis/ratis-proto/2.4.1/ratis-proto-2.4.1.jar:"/>
    <property name="java.vm.vendor" value="Temurin"/>
    <property name="sun.arch.data.model" value="64"/>
    <property name="test.build.dir" value="/home/runner/work/ozone/ozone/hadoop-ozone/integration-test/target/test-dir"/>
    <property name="test.cache.data" value=""/>
    <property name="java.vendor.url" value="https://adoptium.net/"/>
    <property name="user.timezone" value="Etc/UTC"/>
    <property name="java.vm.specification.version" value="1.8"/>
    <property name="os.name" value="Linux"/>
    <property name="test.build.data" value="/home/runner/work/ozone/ozone/hadoop-ozone/integration-test/target/test-dir"/>
    <property name="sun.java.launcher" value="SUN_STANDARD"/>
    <property name="sun.boot.library.path" value="/usr/lib/jvm/temurin-8-jdk-amd64/jre/lib/amd64"/>
    <property name="sun.java.command" value="/home/runner/work/ozone/ozone/hadoop-ozone/integration-test/target/surefire/surefirebooter6095552668301025325.jar /home/runner/work/ozone/ozone/hadoop-ozone/integration-test/target/surefire 2022-12-04T08-21-41_637-jvmRun1 surefire8102432250427063904tmp surefire_243580144591923553399tmp"/>
    <property name="surefire.test.class.path" value="/home/runner/work/ozone/ozone/hadoop-ozone/integration-test/target/test-classes:/home/runner/work/ozone/ozone/hadoop-ozone/integration-test/target/classes:/home/runner/.m2/repository/org/apache/ozone/ozone-common/1.3.0-SNAPSHOT/ozone-common-1.3.0-SNAPSHOT.jar:/home/runner/.m2/repository/io/grpc/grpc-netty/1.48.1/grpc-netty-1.48.1.jar:/home/runner/.m2/repository/io/grpc/grpc-core/1.48.1/grpc-core-1.48.1.jar:/home/runner/.m2/repository/com/google/android/annotations/4.1.1.4/annotations-4.1.1.4.jar:/home/runner/.m2/repository/org/codehaus/mojo/animal-sniffer-annotations/1.21/animal-sniffer-annotations-1.21.jar:/home/runner/.m2/repository/com/google/errorprone/error_prone_annotations/2.2.0/error_prone_annotations-2.2.0.jar:/home/runner/.m2/repository/io/perfmark/perfmark-api/0.25.0/perfmark-api-0.25.0.jar:/home/runner/.m2/repository/io/netty/netty-codec-http2/4.1.77.Final/netty-codec-http2-4.1.77.Final.jar:/home/runner/.m2/repository/io/netty/netty-common/4.1.77.Final/netty-common-4.1.77.Final.jar:/home/runner/.m2/repository/io/netty/netty-buffer/4.1.77.Final/netty-buffer-4.1.77.Final.jar:/home/runner/.m2/repository/io/netty/netty-codec-http/4.1.77.Final/netty-codec-http-4.1.77.Final.jar:/home/runner/.m2/repository/io/netty/netty-handler-proxy/4.1.77.Final/netty-handler-proxy-4.1.77.Final.jar:/home/runner/.m2/repository/io/netty/netty-codec-socks/4.1.77.Final/netty-codec-socks-4.1.77.Final.jar:/home/runner/.m2/repository/io/netty/netty-tcnative-boringssl-static/2.0.52.Final/netty-tcnative-boringssl-static-2.0.52.Final.jar:/home/runner/.m2/repository/io/netty/netty-tcnative-classes/2.0.52.Final/netty-tcnative-classes-2.0.52.Final.jar:/home/runner/.m2/repository/io/netty/netty-tcnative-boringssl-static/2.0.52.Final/netty-tcnative-boringssl-static-2.0.52.Final-linux-x86_64.jar:/home/runner/.m2/repository/io/netty/netty-tcnative-boringssl-static/2.0.52.Final/netty-tcnative-boringssl-static-2.0.52.Final-linux-aarch_64.jar:/home/runner/.m2/repository/io/netty/netty-tcnative-boringssl-static/2.0.52.Final/netty-tcnative-boringssl-static-2.0.52.Final-osx-x86_64.jar:/home/runner/.m2/repository/io/netty/netty-tcnative-boringssl-static/2.0.52.Final/netty-tcnative-boringssl-static-2.0.52.Final-osx-aarch_64.jar:/home/runner/.m2/repository/io/netty/netty-tcnative-boringssl-static/2.0.52.Final/netty-tcnative-boringssl-static-2.0.52.Final-windows-x86_64.jar:/home/runner/.m2/repository/org/apache/commons/commons-compress/1.21/commons-compress-1.21.jar:/home/runner/.m2/repository/org/apache/ozone/hdds-common/1.3.0-SNAPSHOT/hdds-common-1.3.0-SNAPSHOT.jar:/home/runner/.m2/repository/org/apache/ozone/hdds-client/1.3.0-SNAPSHOT/hdds-client-1.3.0-SNAPSHOT.jar:/home/runner/.m2/repository/org/apache/ozone/ozone-interface-client/1.3.0-SNAPSHOT/ozone-interface-client-1.3.0-SNAPSHOT.jar:/home/runner/.m2/repository/org/apache/ozone/hdds-test-utils/1.3.0-SNAPSHOT/hdds-test-utils-1.3.0-SNAPSHOT.jar:/home/runner/.m2/repository/com/google/guava/guava/31.1-jre/guava-31.1-jre.jar:/home/runner/.m2/repository/com/google/guava/failureaccess/1.0.1/failureaccess-1.0.1.jar:/home/runner/.m2/repository/com/google/guava/listenablefuture/9999.0-empty-to-avoid-conflict-with-guava/listenablefuture-9999.0-empty-to-avoid-conflict-with-guava.jar:/home/runner/.m2/repository/com/google/code/findbugs/jsr305/3.0.0/jsr305-3.0.0.jar:/home/runner/.m2/repository/org/checkerframework/checker-qual/3.12.0/checker-qual-3.12.0.jar:/home/runner/.m2/repository/com/google/j2objc/j2objc-annotations/1.3/j2objc-annotations-1.3.jar:/home/runner/.m2/repository/commons-io/commons-io/2.11.0/commons-io-2.11.0.jar:/home/runner/.m2/repository/commons-logging/commons-logging/1.2/commons-logging-1.2.jar:/home/runner/.m2/repository/ch/qos/reload4j/reload4j/1.2.22/reload4j-1.2.22.jar:/home/runner/.m2/repository/org/slf4j/slf4j-api/1.7.36/slf4j-api-1.7.36.jar:/home/runner/.m2/repository/org/apache/ozone/hdds-server-scm/1.3.0-SNAPSHOT/hdds-server-scm-1.3.0-SNAPSHOT.jar:/home/runner/.m2/repository/org/apache/ozone/hdds-container-service/1.3.0-SNAPSHOT/hdds-container-service-1.3.0-SNAPSHOT.jar:/home/runner/.m2/repository/org/apache/ozone/hdds-hadoop-dependency-server/1.3.0-SNAPSHOT/hdds-hadoop-dependency-server-1.3.0-SNAPSHOT.jar:/home/runner/.m2/repository/org/apache/hadoop/hadoop-hdfs/3.3.4/hadoop-hdfs-3.3.4.jar:/home/runner/.m2/repository/org/eclipse/jetty/jetty-util-ajax/9.4.49.v20220914/jetty-util-ajax-9.4.49.v20220914.jar:/home/runner/.m2/repository/commons-daemon/commons-daemon/1.0.13/commons-daemon-1.0.13.jar:/home/runner/.m2/repository/org/apache/ozone/hdds-server-framework/1.3.0-SNAPSHOT/hdds-server-framework-1.3.0-SNAPSHOT.jar:/home/runner/.m2/repository/org/apache/ozone/hdds-interface-server/1.3.0-SNAPSHOT/hdds-interface-server-1.3.0-SNAPSHOT.jar:/home/runner/.m2/repository/org/apache/commons/commons-configuration2/2.1.1/commons-configuration2-2.1.1.jar:/home/runner/.m2/repository/org/apache/logging/log4j/log4j-core/2.17.1/log4j-core-2.17.1.jar:/home/runner/.m2/repository/com/lmax/disruptor/3.4.2/disruptor-3.4.2.jar:/home/runner/.m2/repository/org/eclipse/jetty/jetty-servlet/9.4.49.v20220914/jetty-servlet-9.4.49.v20220914.jar:/home/runner/.m2/repository/org/eclipse/jetty/jetty-security/9.4.49.v20220914/jetty-security-9.4.49.v20220914.jar:/home/runner/.m2/repository/org/rocksdb/rocksdbjni/7.7.3/rocksdbjni-7.7.3.jar:/home/runner/.m2/repository/io/prometheus/simpleclient_dropwizard/0.7.0/simpleclient_dropwizard-0.7.0.jar:/home/runner/.m2/repository/io/prometheus/simpleclient/0.7.0/simpleclient-0.7.0.jar:/home/runner/.m2/repository/io/prometheus/simpleclient_common/0.7.0/simpleclient_common-0.7.0.jar:/home/runner/.m2/repository/com/github/spotbugs/spotbugs-annotations/3.1.12/spotbugs-annotations-3.1.12.jar:/home/runner/.m2/repository/io/dropwizard/metrics/metrics-core/3.2.4/metrics-core-3.2.4.jar:/home/runner/.m2/repository/org/apache/commons/commons-text/1.4/commons-text-1.4.jar:/home/runner/.m2/repository/org/apache/hadoop/hadoop-hdfs-client/3.3.4/hadoop-hdfs-client-3.3.4.jar:/home/runner/.m2/repository/com/squareup/okhttp3/okhttp/4.9.3/okhttp-4.9.3.jar:/home/runner/.m2/repository/com/squareup/okio/okio/2.8.0/okio-2.8.0.jar:/home/runner/.m2/repository/org/jetbrains/kotlin/kotlin-stdlib-common/1.4.10/kotlin-stdlib-common-1.4.10.jar:/home/runner/.m2/repository/org/bouncycastle/bcprov-jdk15on/1.67/bcprov-jdk15on-1.67.jar:/home/runner/.m2/repository/com/google/protobuf/protobuf-java/2.5.0/protobuf-java-2.5.0.jar:/home/runner/.m2/repository/org/apache/ozone/ozone-manager/1.3.0-SNAPSHOT/ozone-manager-1.3.0-SNAPSHOT.jar:/home/runner/.m2/repository/org/aspectj/aspectjrt/1.9.7/aspectjrt-1.9.7.jar:/home/runner/.m2/repository/org/aspectj/aspectjweaver/1.9.7/aspectjweaver-1.9.7.jar:/home/runner/.m2/repository/org/apache/ozone/hdds-interface-client/1.3.0-SNAPSHOT/hdds-interface-client-1.3.0-SNAPSHOT.jar:/home/runner/.m2/repository/org/apache/hadoop/thirdparty/hadoop-shaded-protobuf_3_7/1.1.1/hadoop-shaded-protobuf_3_7-1.1.1.jar:/home/runner/.m2/repository/org/apache/ozone/ozone-interface-storage/1.3.0-SNAPSHOT/ozone-interface-storage-1.3.0-SNAPSHOT.jar:/home/runner/.m2/repository/org/reflections/reflections/0.9.11/reflections-0.9.11.jar:/home/runner/.m2/repository/com/sun/jersey/jersey-client/1.19/jersey-client-1.19.jar:/home/runner/.m2/repository/org/apache/ranger/ranger-intg/2.3.0/ranger-intg-2.3.0.jar:/home/runner/.m2/repository/org/apache/ranger/ranger-plugins-common/2.3.0/ranger-plugins-common-2.3.0.jar:/home/runner/.m2/repository/commons-lang/commons-lang/2.6/commons-lang-2.6.jar:/home/runner/.m2/repository/org/codehaus/jackson/jackson-jaxrs/1.9.13/jackson-jaxrs-1.9.13.jar:/home/runner/.m2/repository/org/apache/ranger/ranger-plugins-cred/2.3.0/ranger-plugins-cred-2.3.0.jar:/home/runner/.m2/repository/org/apache/ranger/ranger-plugins-audit/2.3.0/ranger-plugins-audit-2.3.0.jar:/home/runner/.m2/repository/org/eclipse/jetty/jetty-client/9.4.31.v20200723/jetty-client-9.4.31.v20200723.jar:/home/runner/.m2/repository/org/apache/httpcomponents/httpmime/4.5.6/httpmime-4.5.6.jar:/home/runner/.m2/repository/org/apache/httpcomponents/httpcore-nio/4.4.6/httpcore-nio-4.4.6.jar:/home/runner/.m2/repository/org/apache/httpcomponents/httpasyncclient/4.1.3/httpasyncclient-4.1.3.jar:/home/runner/.m2/repository/com/carrotsearch/hppc/0.8.0/hppc-0.8.0.jar:/home/runner/.m2/repository/org/apache/orc/orc-core/1.5.8/orc-core-1.5.8.jar:/home/runner/.m2/repository/net/java/dev/jna/jna/5.2.0/jna-5.2.0.jar:/home/runner/.m2/repository/net/java/dev/jna/jna-platform/5.2.0/jna-platform-5.2.0.jar:/home/runner/.m2/repository/com/kstruct/gethostname4j/0.0.2/gethostname4j-0.0.2.jar:/home/runner/.m2/repository/org/apache/ranger/ranger-plugin-classloader/2.3.0/ranger-plugin-classloader-2.3.0.jar:/home/runner/.m2/repository/org/apache/hadoop/hadoop-minikdc/3.3.4/hadoop-minikdc-3.3.4.jar:/home/runner/.m2/repository/org/apache/kerby/kerb-simplekdc/1.0.1/kerb-simplekdc-1.0.1.jar:/home/runner/.m2/repository/org/apache/kerby/kerb-client/1.0.1/kerb-client-1.0.1.jar:/home/runner/.m2/repository/org/apache/kerby/kerby-config/1.0.1/kerby-config-1.0.1.jar:/home/runner/.m2/repository/org/apache/kerby/kerb-common/1.0.1/kerb-common-1.0.1.jar:/home/runner/.m2/repository/org/apache/kerby/kerb-crypto/1.0.1/kerb-crypto-1.0.1.jar:/home/runner/.m2/repository/org/apache/kerby/kerb-util/1.0.1/kerb-util-1.0.1.jar:/home/runner/.m2/repository/org/apache/kerby/token-provider/1.0.1/token-provider-1.0.1.jar:/home/runner/.m2/repository/org/apache/kerby/kerb-admin/1.0.1/kerb-admin-1.0.1.jar:/home/runner/.m2/repository/org/apache/kerby/kerb-server/1.0.1/kerb-server-1.0.1.jar:/home/runner/.m2/repository/org/apache/kerby/kerb-identity/1.0.1/kerb-identity-1.0.1.jar:/home/runner/.m2/repository/org/apache/kerby/kerby-xdr/1.0.1/kerby-xdr-1.0.1.jar:/home/runner/.m2/repository/org/apache/ozone/ozone-s3gateway/1.3.0-SNAPSHOT/ozone-s3gateway-1.3.0-SNAPSHOT.jar:/home/runner/.m2/repository/org/javassist/javassist/3.21.0-GA/javassist-3.21.0-GA.jar:/home/runner/.m2/repository/org/jboss/weld/servlet/weld-servlet/2.4.7.Final/weld-servlet-2.4.7.Final.jar:/home/runner/.m2/repository/org/glassfish/jersey/containers/jersey-container-servlet-core/2.34/jersey-container-servlet-core-2.34.jar:/home/runner/.m2/repository/org/glassfish/hk2/external/jakarta.inject/2.6.1/jakarta.inject-2.6.1.jar:/home/runner/.m2/repository/org/glassfish/jersey/core/jersey-common/2.34/jersey-common-2.34.jar:/home/runner/.m2/repository/jakarta/ws/rs/jakarta.ws.rs-api/2.1.6/jakarta.ws.rs-api-2.1.6.jar:/home/runner/.m2/repository/org/glassfish/jersey/ext/cdi/jersey-cdi1x/2.34/jersey-cdi1x-2.34.jar:/home/runner/.m2/repository/org/glassfish/jersey/inject/jersey-hk2/2.34/jersey-hk2-2.34.jar:/home/runner/.m2/repository/org/glassfish/hk2/hk2-locator/2.6.1/hk2-locator-2.6.1.jar:/home/runner/.m2/repository/org/glassfish/jersey/media/jersey-media-jaxb/2.34/jersey-media-jaxb-2.34.jar:/home/runner/.m2/repository/org/glassfish/hk2/osgi-resource-locator/1.0.3/osgi-resource-locator-1.0.3.jar:/home/runner/.m2/repository/org/glassfish/hk2/hk2-api/2.5.0/hk2-api-2.5.0.jar:/home/runner/.m2/repository/org/glassfish/hk2/hk2-utils/2.5.0/hk2-utils-2.5.0.jar:/home/runner/.m2/repository/org/glassfish/hk2/external/aopalliance-repackaged/2.5.0/aopalliance-repackaged-2.5.0.jar:/home/runner/.m2/repository/com/fasterxml/jackson/dataformat/jackson-dataformat-xml/2.13.4/jackson-dataformat-xml-2.13.4.jar:/home/runner/.m2/repository/com/fasterxml/jackson/core/jackson-core/2.13.4/jackson-core-2.13.4.jar:/home/runner/.m2/repository/org/codehaus/woodstox/stax2-api/4.2.1/stax2-api-4.2.1.jar:/home/runner/.m2/repository/com/fasterxml/woodstox/woodstox-core/5.4.0/woodstox-core-5.4.0.jar:/home/runner/.m2/repository/com/fasterxml/jackson/module/jackson-module-jaxb-annotations/2.13.4/jackson-module-jaxb-annotations-2.13.4.jar:/home/runner/.m2/repository/jakarta/xml/bind/jakarta.xml.bind-api/2.3.3/jakarta.xml.bind-api-2.3.3.jar:/home/runner/.m2/repository/jakarta/activation/jakarta.activation-api/1.2.1/jakarta.activation-api-1.2.1.jar:/home/runner/.m2/repository/javax/enterprise/cdi-api/1.2/cdi-api-1.2.jar:/home/runner/.m2/repository/javax/el/javax.el-api/3.0.0/javax.el-api-3.0.0.jar:/home/runner/.m2/repository/javax/interceptor/javax.interceptor-api/1.2/javax.interceptor-api-1.2.jar:/home/runner/.m2/repository/javax/inject/javax.inject/1/javax.inject-1.jar:/home/runner/.m2/repository/javax/xml/bind/jaxb-api/2.3.0/jaxb-api-2.3.0.jar:/home/runner/.m2/repository/org/glassfish/jaxb/jaxb-runtime/2.3.0.1/jaxb-runtime-2.3.0.1.jar:/home/runner/.m2/repository/org/glassfish/jaxb/jaxb-core/2.3.0.1/jaxb-core-2.3.0.1.jar:/home/runner/.m2/repository/org/glassfish/jaxb/txw2/2.3.0.1/txw2-2.3.0.1.jar:/home/runner/.m2/repository/com/sun/istack/istack-commons-runtime/3.0.5/istack-commons-runtime-3.0.5.jar:/home/runner/.m2/repository/org/jvnet/staxex/stax-ex/1.7.8/stax-ex-1.7.8.jar:/home/runner/.m2/repository/com/sun/xml/fastinfoset/FastInfoset/1.2.13/FastInfoset-1.2.13.jar:/home/runner/.m2/repository/javax/activation/activation/1.1.1/activation-1.1.1.jar:/home/runner/.m2/repository/io/grpc/grpc-protobuf/1.48.1/grpc-protobuf-1.48.1.jar:/home/runner/.m2/repository/io/grpc/grpc-api/1.48.1/grpc-api-1.48.1.jar:/home/runner/.m2/repository/io/grpc/grpc-context/1.48.1/grpc-context-1.48.1.jar:/home/runner/.m2/repository/com/google/api/grpc/proto-google-common-protos/2.9.0/proto-google-common-protos-2.9.0.jar:/home/runner/.m2/repository/io/grpc/grpc-protobuf-lite/1.48.1/grpc-protobuf-lite-1.48.1.jar:/home/runner/.m2/repository/io/grpc/grpc-stub/1.48.1/grpc-stub-1.48.1.jar:/home/runner/.m2/repository/io/netty/netty-transport/4.1.77.Final/netty-transport-4.1.77.Final.jar:/home/runner/.m2/repository/io/netty/netty-resolver/4.1.77.Final/netty-resolver-4.1.77.Final.jar:/home/runner/.m2/repository/org/apache/ozone/ozone-csi/1.3.0-SNAPSHOT/ozone-csi-1.3.0-SNAPSHOT.jar:/home/runner/.m2/repository/com/google/protobuf/protobuf-java-util/3.19.6/protobuf-java-util-3.19.6.jar:/home/runner/.m2/repository/com/google/code/gson/gson/2.9.0/gson-2.9.0.jar:/home/runner/.m2/repository/org/apache/ozone/hdds-config/1.3.0-SNAPSHOT/hdds-config-1.3.0-SNAPSHOT.jar:/home/runner/.m2/repository/io/netty/netty-transport-native-epoll/4.1.77.Final/netty-transport-native-epoll-4.1.77.Final-linux-x86_64.jar:/home/runner/.m2/repository/io/netty/netty-transport-classes-epoll/4.1.77.Final/netty-transport-classes-epoll-4.1.77.Final.jar:/home/runner/.m2/repository/io/netty/netty-transport-native-unix-common/4.1.77.Final/netty-transport-native-unix-common-4.1.77.Final.jar:/home/runner/.m2/repository/org/slf4j/slf4j-reload4j/1.7.36/slf4j-reload4j-1.7.36.jar:/home/runner/.m2/repository/org/apache/ozone/ozone-recon/1.3.0-SNAPSHOT/ozone-recon-1.3.0-SNAPSHOT.jar:/home/runner/.m2/repository/org/apache/ozone/ozone-reconcodegen/1.3.0-SNAPSHOT/ozone-reconcodegen-1.3.0-SNAPSHOT.jar:/home/runner/.m2/repository/com/google/inject/extensions/guice-multibindings/4.0/guice-multibindings-4.0.jar:/home/runner/.m2/repository/com/google/inject/guice/4.0/guice-4.0.jar:/home/runner/.m2/repository/aopalliance/aopalliance/1.0/aopalliance-1.0.jar:/home/runner/.m2/repository/com/google/inject/extensions/guice-assistedinject/4.0/guice-assistedinject-4.0.jar:/home/runner/.m2/repository/com/google/inject/extensions/guice-servlet/4.0/guice-servlet-4.0.jar:/home/runner/.m2/repository/org/glassfish/jersey/containers/jersey-container-servlet/2.34/jersey-container-servlet-2.34.jar:/home/runner/.m2/repository/org/glassfish/hk2/guice-bridge/2.5.0/guice-bridge-2.5.0.jar:/home/runner/.m2/repository/org/glassfish/jersey/core/jersey-server/2.34/jersey-server-2.34.jar:/home/runner/.m2/repository/org/glassfish/jersey/core/jersey-client/2.34/jersey-client-2.34.jar:/home/runner/.m2/repository/jakarta/annotation/jakarta.annotation-api/1.3.5/jakarta.annotation-api-1.3.5.jar:/home/runner/.m2/repository/jakarta/validation/jakarta.validation-api/2.0.2/jakarta.validation-api-2.0.2.jar:/home/runner/.m2/repository/org/glassfish/jersey/media/jersey-media-json-jackson/2.34/jersey-media-json-jackson-2.34.jar:/home/runner/.m2/repository/org/glassfish/jersey/ext/jersey-entity-filtering/2.34/jersey-entity-filtering-2.34.jar:/home/runner/.m2/repository/org/jooq/jooq/3.11.10/jooq-3.11.10.jar:/home/runner/.m2/repository/org/jooq/jooq-meta/3.11.10/jooq-meta-3.11.10.jar:/home/runner/.m2/repository/org/jooq/jooq-codegen/3.11.10/jooq-codegen-3.11.10.jar:/home/runner/.m2/repository/com/jolbox/bonecp/0.8.0.RELEASE/bonecp-0.8.0.RELEASE.jar:/home/runner/.m2/repository/org/apache/derby/derby/10.14.2.0/derby-10.14.2.0.jar:/home/runner/.m2/repository/org/xerial/sqlite-jdbc/3.25.2/sqlite-jdbc-3.25.2.jar:/home/runner/.m2/repository/org/springframework/spring-jdbc/5.3.23/spring-jdbc-5.3.23.jar:/home/runner/.m2/repository/org/springframework/spring-beans/5.3.23/spring-beans-5.3.23.jar:/home/runner/.m2/repository/org/springframework/spring-core/5.3.23/spring-core-5.3.23.jar:/home/runner/.m2/repository/org/springframework/spring-jcl/5.3.23/spring-jcl-5.3.23.jar:/home/runner/.m2/repository/org/springframework/spring-tx/5.3.23/spring-tx-5.3.23.jar:/home/runner/.m2/repository/org/apache/ozone/ozone-client/1.3.0-SNAPSHOT/ozone-client-1.3.0-SNAPSHOT.jar:/home/runner/.m2/repository/org/apache/ozone/hdds-erasurecode/1.3.0-SNAPSHOT/hdds-erasurecode-1.3.0-SNAPSHOT.jar:/home/runner/.m2/repository/org/apache/ozone/ozone-filesystem/1.3.0-SNAPSHOT/ozone-filesystem-1.3.0-SNAPSHOT.jar:/home/runner/.m2/repository/org/apache/ozone/ozone-filesystem-common/1.3.0-SNAPSHOT/ozone-filesystem-common-1.3.0-SNAPSHOT.jar:/home/runner/.m2/repository/org/apache/ozone/ozone-tools/1.3.0-SNAPSHOT/ozone-tools-1.3.0-SNAPSHOT.jar:/home/runner/.m2/repository/org/apache/ratis/ratis-tools/2.4.1/ratis-tools-2.4.1.jar:/home/runner/.m2/repository/com/amazonaws/aws-java-sdk-core/1.12.261/aws-java-sdk-core-1.12.261.jar:/home/runner/.m2/repository/org/apache/httpcomponents/httpclient/4.5.13/httpclient-4.5.13.jar:/home/runner/.m2/repository/org/apache/httpcomponents/httpcore/4.4.13/httpcore-4.4.13.jar:/home/runner/.m2/repository/software/amazon/ion/ion-java/1.0.2/ion-java-1.0.2.jar:/home/runner/.m2/repository/com/fasterxml/jackson/dataformat/jackson-dataformat-cbor/2.13.4/jackson-dataformat-cbor-2.13.4.jar:/home/runner/.m2/repository/joda-time/joda-time/2.8.1/joda-time-2.8.1.jar:/home/runner/.m2/repository/com/amazonaws/aws-java-sdk-s3/1.12.261/aws-java-sdk-s3-1.12.261.jar:/home/runner/.m2/repository/com/amazonaws/aws-java-sdk-kms/1.12.261/aws-java-sdk-kms-1.12.261.jar:/home/runner/.m2/repository/com/amazonaws/jmespath-java/1.12.261/jmespath-java-1.12.261.jar:/home/runner/.m2/repository/org/kohsuke/metainf-services/metainf-services/1.8/metainf-services-1.8.jar:/home/runner/.m2/repository/org/apache/ozone/hdds-tools/1.3.0-SNAPSHOT/hdds-tools-1.3.0-SNAPSHOT.jar:/home/runner/.m2/repository/commons-cli/commons-cli/1.2/commons-cli-1.2.jar:/home/runner/.m2/repository/org/apache/commons/commons-lang3/3.7/commons-lang3-3.7.jar:/home/runner/.m2/repository/org/apache/ozone/ozone-manager/1.3.0-SNAPSHOT/ozone-manager-1.3.0-SNAPSHOT-tests.jar:/home/runner/.m2/repository/org/apache/ozone/hdds-common/1.3.0-SNAPSHOT/hdds-common-1.3.0-SNAPSHOT-tests.jar:/home/runner/.m2/repository/org/apache/ozone/hdds-hadoop-dependency-client/1.3.0-SNAPSHOT/hdds-hadoop-dependency-client-1.3.0-SNAPSHOT.jar:/home/runner/.m2/repository/info/picocli/picocli/4.6.1/picocli-4.6.1.jar:/home/runner/.m2/repository/com/fasterxml/jackson/core/jackson-annotations/2.13.4/jackson-annotations-2.13.4.jar:/home/runner/.m2/repository/com/fasterxml/jackson/datatype/jackson-datatype-jsr310/2.13.4/jackson-datatype-jsr310-2.13.4.jar:/home/runner/.m2/repository/org/apache/ozone/hdds-annotation-processing/1.3.0-SNAPSHOT/hdds-annotation-processing-1.3.0-SNAPSHOT.jar:/home/runner/.m2/repository/javax/annotation/javax.annotation-api/1.2/javax.annotation-api-1.2.jar:/home/runner/.m2/repository/org/apache/ratis/ratis-server/2.4.1/ratis-server-2.4.1.jar:/home/runner/.m2/repository/org/apache/ratis/ratis-client/2.4.1/ratis-client-2.4.1.jar:/home/runner/.m2/repository/org/apache/ratis/ratis-server-api/2.4.1/ratis-server-api-2.4.1.jar:/home/runner/.m2/repository/org/apache/ratis/ratis-metrics/2.4.1/ratis-metrics-2.4.1.jar:/home/runner/.m2/repository/org/apache/ratis/ratis-netty/2.4.1/ratis-netty-2.4.1.jar:/home/runner/.m2/repository/org/apache/ratis/ratis-grpc/2.4.1/ratis-grpc-2.4.1.jar:/home/runner/.m2/repository/org/apache/logging/log4j/log4j-api/2.17.1/log4j-api-2.17.1.jar:/home/runner/.m2/repository/org/apache/commons/commons-pool2/2.6.0/commons-pool2-2.6.0.jar:/home/runner/.m2/repository/org/bouncycastle/bcpkix-jdk15on/1.67/bcpkix-jdk15on-1.67.jar:/home/runner/.m2/repository/commons-validator/commons-validator/1.6/commons-validator-1.6.jar:/home/runner/.m2/repository/commons-beanutils/commons-beanutils/1.9.4/commons-beanutils-1.9.4.jar:/home/runner/.m2/repository/commons-digester/commons-digester/1.8.1/commons-digester-1.8.1.jar:/home/runner/.m2/repository/commons-collections/commons-collections/3.2.2/commons-collections-3.2.2.jar:/home/runner/.m2/repository/io/jaegertracing/jaeger-client/1.6.0/jaeger-client-1.6.0.jar:/home/runner/.m2/repository/io/jaegertracing/jaeger-thrift/1.6.0/jaeger-thrift-1.6.0.jar:/home/runner/.m2/repository/org/apache/thrift/libthrift/0.14.1/libthrift-0.14.1.jar:/home/runner/.m2/repository/io/jaegertracing/jaeger-core/1.6.0/jaeger-core-1.6.0.jar:/home/runner/.m2/repository/io/jaegertracing/jaeger-tracerresolver/1.6.0/jaeger-tracerresolver-1.6.0.jar:/home/runner/.m2/repository/io/opentracing/contrib/opentracing-tracerresolver/0.1.8/opentracing-tracerresolver-0.1.8.jar:/home/runner/.m2/repository/org/jetbrains/kotlin/kotlin-stdlib/1.6.21/kotlin-stdlib-1.6.21.jar:/home/runner/.m2/repository/org/jetbrains/annotations/13.0/annotations-13.0.jar:/home/runner/.m2/repository/io/opentracing/opentracing-util/0.33.0/opentracing-util-0.33.0.jar:/home/runner/.m2/repository/io/opentracing/opentracing-api/0.33.0/opentracing-api-0.33.0.jar:/home/runner/.m2/repository/io/opentracing/opentracing-noop/0.33.0/opentracing-noop-0.33.0.jar:/home/runner/.m2/repository/org/yaml/snakeyaml/1.33/snakeyaml-1.33.jar:/home/runner/.m2/repository/org/apache/ozone/hdds-interface-admin/1.3.0-SNAPSHOT/hdds-interface-admin-1.3.0-SNAPSHOT.jar:/home/runner/.m2/repository/junit/junit/4.13.1/junit-4.13.1.jar:/home/runner/.m2/repository/org/hamcrest/hamcrest-core/1.3/hamcrest-core-1.3.jar:/home/runner/.m2/repository/org/junit/jupiter/junit-jupiter-api/5.8.2/junit-jupiter-api-5.8.2.jar:/home/runner/.m2/repository/org/opentest4j/opentest4j/1.2.0/opentest4j-1.2.0.jar:/home/runner/.m2/repository/org/junit/platform/junit-platform-commons/1.8.2/junit-platform-commons-1.8.2.jar:/home/runner/.m2/repository/org/apiguardian/apiguardian-api/1.1.2/apiguardian-api-1.1.2.jar:/home/runner/.m2/repository/org/junit/jupiter/junit-jupiter-params/5.8.2/junit-jupiter-params-5.8.2.jar:/home/runner/.m2/repository/org/junit/jupiter/junit-jupiter-migrationsupport/5.8.2/junit-jupiter-migrationsupport-5.8.2.jar:/home/runner/.m2/repository/org/junit/jupiter/junit-jupiter-engine/5.8.2/junit-jupiter-engine-5.8.2.jar:/home/runner/.m2/repository/org/junit/platform/junit-platform-engine/1.8.2/junit-platform-engine-1.8.2.jar:/home/runner/.m2/repository/org/junit/vintage/junit-vintage-engine/5.8.2/junit-vintage-engine-5.8.2.jar:/home/runner/.m2/repository/org/junit/platform/junit-platform-launcher/1.8.2/junit-platform-launcher-1.8.2.jar:/home/runner/.m2/repository/org/mockito/mockito-core/2.28.2/mockito-core-2.28.2.jar:/home/runner/.m2/repository/net/bytebuddy/byte-buddy/1.9.10/byte-buddy-1.9.10.jar:/home/runner/.m2/repository/net/bytebuddy/byte-buddy-agent/1.9.10/byte-buddy-agent-1.9.10.jar:/home/runner/.m2/repository/org/objenesis/objenesis/1.0/objenesis-1.0.jar:/home/runner/.m2/repository/org/apache/hadoop/hadoop-kms/3.3.4/hadoop-kms-3.3.4.jar:/home/runner/.m2/repository/org/apache/hadoop/hadoop-auth/3.3.4/hadoop-auth-3.3.4.jar:/home/runner/.m2/repository/com/nimbusds/nimbus-jose-jwt/9.8.1/nimbus-jose-jwt-9.8.1.jar:/home/runner/.m2/repository/com/github/stephenc/jcip/jcip-annotations/1.0-1/jcip-annotations-1.0-1.jar:/home/runner/.m2/repository/net/minidev/json-smart/2.4.7/json-smart-2.4.7.jar:/home/runner/.m2/repository/net/minidev/accessors-smart/2.4.7/accessors-smart-2.4.7.jar:/home/runner/.m2/repository/org/ow2/asm/asm/5.0.4/asm-5.0.4.jar:/home/runner/.m2/repository/org/apache/zookeeper/zookeeper/3.5.6/zookeeper-3.5.6.jar:/home/runner/.m2/repository/org/apache/zookeeper/zookeeper-jute/3.5.6/zookeeper-jute-3.5.6.jar:/home/runner/.m2/repository/org/apache/yetus/audience-annotations/0.5.0/audience-annotations-0.5.0.jar:/home/runner/.m2/repository/org/apache/curator/curator-framework/4.2.0/curator-framework-4.2.0.jar:/home/runner/.m2/repository/org/apache/hadoop/thirdparty/hadoop-shaded-guava/1.1.1/hadoop-shaded-guava-1.1.1.jar:/home/runner/.m2/repository/com/sun/jersey/jersey-core/1.19/jersey-core-1.19.jar:/home/runner/.m2/repository/javax/ws/rs/jsr311-api/1.1.1/jsr311-api-1.1.1.jar:/home/runner/.m2/repository/com/sun/jersey/jersey-server/1.19/jersey-server-1.19.jar:/home/runner/.m2/repository/javax/servlet/javax.servlet-api/3.1.0/javax.servlet-api-3.1.0.jar:/home/runner/.m2/repository/org/eclipse/jetty/jetty-server/9.4.49.v20220914/jetty-server-9.4.49.v20220914.jar:/home/runner/.m2/repository/org/eclipse/jetty/jetty-http/9.4.49.v20220914/jetty-http-9.4.49.v20220914.jar:/home/runner/.m2/repository/org/eclipse/jetty/jetty-io/9.4.49.v20220914/jetty-io-9.4.49.v20220914.jar:/home/runner/.m2/repository/org/eclipse/jetty/jetty-webapp/9.4.49.v20220914/jetty-webapp-9.4.49.v20220914.jar:/home/runner/.m2/repository/org/eclipse/jetty/jetty-xml/9.4.49.v20220914/jetty-xml-9.4.49.v20220914.jar:/home/runner/.m2/repository/org/apache/hadoop/hadoop-common/3.3.4/hadoop-common-3.3.4.jar:/home/runner/.m2/repository/org/apache/commons/commons-math3/3.1.1/commons-math3-3.1.1.jar:/home/runner/.m2/repository/commons-net/commons-net/3.6/commons-net-3.6.jar:/home/runner/.m2/repository/com/sun/jersey/jersey-servlet/1.19/jersey-servlet-1.19.jar:/home/runner/.m2/repository/com/sun/jersey/jersey-json/1.19/jersey-json-1.19.jar:/home/runner/.m2/repository/org/codehaus/jettison/jettison/1.1/jettison-1.1.jar:/home/runner/.m2/repository/com/sun/xml/bind/jaxb-impl/2.2.3-1/jaxb-impl-2.2.3-1.jar:/home/runner/.m2/repository/org/codehaus/jackson/jackson-xc/1.9.2/jackson-xc-1.9.2.jar:/home/runner/.m2/repository/com/google/re2j/re2j/1.1/re2j-1.1.jar:/home/runner/.m2/repository/com/jcraft/jsch/0.1.54/jsch-0.1.54.jar:/home/runner/.m2/repository/org/apache/curator/curator-client/4.2.0/curator-client-4.2.0.jar:/home/runner/.m2/repository/org/apache/curator/curator-recipes/4.2.0/curator-recipes-4.2.0.jar:/home/runner/.m2/repository/org/apache/kerby/kerb-core/1.0.1/kerb-core-1.0.1.jar:/home/runner/.m2/repository/org/apache/kerby/kerby-pkix/1.0.1/kerby-pkix-1.0.1.jar:/home/runner/.m2/repository/org/apache/kerby/kerby-asn1/1.0.1/kerby-asn1-1.0.1.jar:/home/runner/.m2/repository/org/apache/kerby/kerby-util/1.0.1/kerby-util-1.0.1.jar:/home/runner/.m2/repository/dnsjava/dnsjava/2.1.7/dnsjava-2.1.7.jar:/home/runner/.m2/repository/org/xerial/snappy/snappy-java/1.1.8.2/snappy-java-1.1.8.2.jar:/home/runner/.m2/repository/org/eclipse/jetty/jetty-util/9.4.49.v20220914/jetty-util-9.4.49.v20220914.jar:/home/runner/.m2/repository/com/fasterxml/jackson/core/jackson-databind/2.13.4.2/jackson-databind-2.13.4.2.jar:/home/runner/.m2/repository/org/apache/hadoop/hadoop-kms/3.3.4/hadoop-kms-3.3.4-tests.jar:/home/runner/.m2/repository/org/apache/ozone/hdds-server-scm/1.3.0-SNAPSHOT/hdds-server-scm-1.3.0-SNAPSHOT-tests.jar:/home/runner/.m2/repository/org/apache/ozone/hdds-container-service/1.3.0-SNAPSHOT/hdds-container-service-1.3.0-SNAPSHOT-tests.jar:/home/runner/.m2/repository/commons-codec/commons-codec/1.15/commons-codec-1.15.jar:/home/runner/.m2/repository/io/netty/netty-codec/4.1.77.Final/netty-codec-4.1.77.Final.jar:/home/runner/.m2/repository/io/netty/netty-handler/4.1.77.Final/netty-handler-4.1.77.Final.jar:/home/runner/.m2/repository/org/apache/ozone/hdds-hadoop-dependency-test/1.3.0-SNAPSHOT/hdds-hadoop-dependency-test-1.3.0-SNAPSHOT.jar:/home/runner/.m2/repository/org/apache/hadoop/hadoop-common/3.3.4/hadoop-common-3.3.4-tests.jar:/home/runner/.m2/repository/org/apache/hadoop/hadoop-hdfs/3.3.4/hadoop-hdfs-3.3.4-tests.jar:/home/runner/.m2/repository/org/assertj/assertj-core/3.12.2/assertj-core-3.12.2.jar:/home/runner/.m2/repository/org/apache/hadoop/hadoop-distcp/3.3.4/hadoop-distcp-3.3.4.jar:/home/runner/.m2/repository/org/apache/hadoop/hadoop-mapreduce-client-jobclient/3.3.4/hadoop-mapreduce-client-jobclient-3.3.4.jar:/home/runner/.m2/repository/org/apache/hadoop/hadoop-mapreduce-client-common/3.3.4/hadoop-mapreduce-client-common-3.3.4.jar:/home/runner/.m2/repository/org/apache/hadoop/hadoop-yarn-common/3.3.4/hadoop-yarn-common-3.3.4.jar:/home/runner/.m2/repository/org/apache/hadoop/hadoop-yarn-api/3.3.4/hadoop-yarn-api-3.3.4.jar:/home/runner/.m2/repository/com/sun/jersey/contribs/jersey-guice/1.19/jersey-guice-1.19.jar:/home/runner/.m2/repository/com/fasterxml/jackson/jaxrs/jackson-jaxrs-json-provider/2.13.4/jackson-jaxrs-json-provider-2.13.4.jar:/home/runner/.m2/repository/com/fasterxml/jackson/jaxrs/jackson-jaxrs-base/2.13.4/jackson-jaxrs-base-2.13.4.jar:/home/runner/.m2/repository/org/apache/hadoop/hadoop-yarn-client/3.3.4/hadoop-yarn-client-3.3.4.jar:/home/runner/.m2/repository/org/eclipse/jetty/websocket/websocket-client/9.4.43.v20210629/websocket-client-9.4.43.v20210629.jar:/home/runner/.m2/repository/org/eclipse/jetty/websocket/websocket-common/9.4.43.v20210629/websocket-common-9.4.43.v20210629.jar:/home/runner/.m2/repository/org/eclipse/jetty/websocket/websocket-api/9.4.43.v20210629/websocket-api-9.4.43.v20210629.jar:/home/runner/.m2/repository/org/jline/jline/3.9.0/jline-3.9.0.jar:/home/runner/.m2/repository/org/apache/hadoop/hadoop-mapreduce-client-core/3.3.4/hadoop-mapreduce-client-core-3.3.4.jar:/home/runner/.m2/repository/org/apache/avro/avro/1.7.7/avro-1.7.7.jar:/home/runner/.m2/repository/org/codehaus/jackson/jackson-core-asl/1.9.13/jackson-core-asl-1.9.13.jar:/home/runner/.m2/repository/org/codehaus/jackson/jackson-mapper-asl/1.9.13/jackson-mapper-asl-1.9.13.jar:/home/runner/.m2/repository/com/thoughtworks/paranamer/paranamer/2.3/paranamer-2.3.jar:/home/runner/.m2/repository/org/apache/hadoop/hadoop-annotations/3.3.4/hadoop-annotations-3.3.4.jar:/usr/lib/jvm/temurin-8-jdk-amd64/jre/../lib/tools.jar:/home/runner/.m2/repository/io/netty/netty/3.10.6.Final/netty-3.10.6.Final.jar:/home/runner/.m2/repository/org/apache/hadoop/hadoop-distcp/3.3.4/hadoop-distcp-3.3.4-tests.jar:/home/runner/.m2/repository/org/slf4j/jul-to-slf4j/1.7.36/jul-to-slf4j-1.7.36.jar:/home/runner/.m2/repository/org/apache/ratis/ratis-common/2.4.1/ratis-common-2.4.1.jar:/home/runner/.m2/repository/org/apache/ratis/ratis-thirdparty-misc/1.0.3/ratis-thirdparty-misc-1.0.3.jar:/home/runner/.m2/repository/org/apache/ratis/ratis-proto/2.4.1/ratis-proto-2.4.1.jar:"/>
    <property name="sun.cpu.endian" value="little"/>
    <property name="user.home" value="/home/runner"/>
    <property name="user.language" value="en"/>
    <property name="java.specification.vendor" value="Oracle Corporation"/>
    <property name="java.home" value="/usr/lib/jvm/temurin-8-jdk-amd64/jre"/>
    <property name="java.security.krb5.conf" value="/home/runner/work/ozone/ozone/hadoop-ozone/integration-test/target/test-classes/krb5.conf"/>
    <property name="basedir" value="/home/runner/work/ozone/ozone/hadoop-ozone/integration-test"/>
    <property name="file.separator" value="/"/>
    <property name="line.separator" value="&#10;"/>
    <property name="java.vm.specification.vendor" value="Oracle Corporation"/>
    <property name="java.specification.name" value="Java Platform API Specification"/>
    <property name="java.awt.graphicsenv" value="sun.awt.X11GraphicsEnvironment"/>
    <property name="skip.installnpx" value="true"/>
    <property name="surefire.real.class.path" value="/home/runner/work/ozone/ozone/hadoop-ozone/integration-test/target/surefire/surefirebooter6095552668301025325.jar:/home/runner/.m2/repository/org/jacoco/org.jacoco.agent/0.8.5/org.jacoco.agent-0.8.5-runtime.jar"/>
    <property name="hadoop.log.dir" value="/home/runner/work/ozone/ozone/hadoop-ozone/integration-test/target/log"/>
    <property name="sun.boot.class.path" value="/usr/lib/jvm/temurin-8-jdk-amd64/jre/lib/resources.jar:/usr/lib/jvm/temurin-8-jdk-amd64/jre/lib/rt.jar:/usr/lib/jvm/temurin-8-jdk-amd64/jre/lib/sunrsasign.jar:/usr/lib/jvm/temurin-8-jdk-amd64/jre/lib/jsse.jar:/usr/lib/jvm/temurin-8-jdk-amd64/jre/lib/jce.jar:/usr/lib/jvm/temurin-8-jdk-amd64/jre/lib/charsets.jar:/usr/lib/jvm/temurin-8-jdk-amd64/jre/lib/jfr.jar:/usr/lib/jvm/temurin-8-jdk-amd64/jre/classes"/>
    <property name="sun.management.compiler" value="HotSpot 64-Bit Tiered Compilers"/>
    <property name="skip.npx" value="true"/>
    <property name="java.runtime.version" value="1.8.0_352-b08"/>
    <property name="java.net.preferIPv4Stack" value="true"/>
    <property name="user.name" value="runner"/>
    <property name="path.separator" value=":"/>
    <property name="java.security.egd" value="file:///dev/urandom"/>
    <property name="os.version" value="5.15.0-1023-azure"/>
    <property name="java.endorsed.dirs" value="/usr/lib/jvm/temurin-8-jdk-amd64/jre/lib/endorsed"/>
    <property name="java.runtime.name" value="OpenJDK Runtime Environment"/>
    <property name="file.encoding" value="UTF-8"/>
    <property name="java.vm.name" value="OpenJDK 64-Bit Server VM"/>
    <property name="test.build.webapps" value=""/>
    <property name="localRepository" value="/home/runner/.m2/repository"/>
    <property name="jetty.git.hash" value="4231a3b2e4cb8548a412a789936d640a97b1aa0a"/>
    <property name="java.vendor.url.bug" value="https://github.com/adoptium/adoptium-support/issues"/>
    <property name="java.io.tmpdir" value="/tmp"/>
    <property name="require.test.libhadoop" value=""/>
    <property name="java.version" value="1.8.0_352"/>
    <property name="user.dir" value="/home/runner/work/ozone/ozone/hadoop-ozone/integration-test"/>
    <property name="os.arch" value="amd64"/>
    <property name="java.vm.specification.name" value="Java Virtual Machine Specification"/>
    <property name="test.build.classes" value="/home/runner/work/ozone/ozone/hadoop-ozone/integration-test/target/test-classes"/>
    <property name="java.awt.printerjob" value="sun.print.PSPrinterJob"/>
    <property name="sun.os.patch.level" value="unknown"/>
    <property name="org.apache.ratis.thirdparty.io.netty.allocator.useCacheForAllThreads" value="false"/>
    <property name="hadoop.tmp.dir" value="/home/runner/work/ozone/ozone/hadoop-ozone/integration-test/target/tmp"/>
    <property name="java.library.path" value="/usr/java/packages/lib/amd64:/usr/lib64:/lib64:/lib:/usr/lib"/>
    <property name="java.vm.info" value="mixed mode"/>
    <property name="java.vendor" value="Temurin"/>
    <property name="java.vm.version" value="25.352-b08"/>
    <property name="java.specification.maintenance.version" value="4"/>
    <property name="java.ext.dirs" value="/usr/lib/jvm/temurin-8-jdk-amd64/jre/lib/ext:/usr/java/packages/lib/ext"/>
    <property name="sun.io.unicode.encoding" value="UnicodeLittle"/>
    <property name="java.class.version" value="52.0"/>
  </properties>
  <testcase name="testMultiPartCompleteUpload" classname="org.apache.hadoop.ozone.om.TestObjectStoreWithLegacyFS" time="1.433">
    <system-out><![CDATA[2022-12-04 08:39:54,276 [main] WARN  server.ServerUtils (ServerUtils.java:getScmDbDir(148)) - ozone.scm.db.dirs is not configured. We recommend adding this setting. Falling back to ozone.metadata.dirs instead.
2022-12-04 08:39:54,350 [main] WARN  server.ServerUtils (ServerUtils.java:getScmDbDir(148)) - ozone.scm.db.dirs is not configured. We recommend adding this setting. Falling back to ozone.metadata.dirs instead.
2022-12-04 08:39:54,355 [main] INFO  ha.SCMHANodeDetails (SCMHANodeDetails.java:loadSCMHAConfig(209)) - ServiceID for StorageContainerManager is null
2022-12-04 08:39:54,365 [main] WARN  ha.SCMHANodeDetails (SCMHANodeDetails.java:validateSCMHAConfig(182)) - Invalid config ozone.scm.ratis.enable. The config was not specified, but the default value true conflicts with the expected config value false. Falling back to the expected value. Current State of SCM: SCM is running in Non-HA without Ratis Ratis SCM -> Non Ratis SCM or Non HA SCM -> HA SCM is not supported
2022-12-04 08:39:54,365 [main] INFO  ha.SCMHANodeDetails (SCMHANodeDetails.java:loadSCMHAConfig(214)) - ozone.scm.default.service.id is not defined, falling back to ozone.scm.service.ids to find serviceID for StorageContainerManager if it is HA enabled cluster
2022-12-04 08:39:54,866 [main] WARN  utils.HAUtils (HAUtils.java:getMetaDir(342)) - ozone.scm.db.dirs is not configured. We recommend adding this setting. Falling back to ozone.metadata.dirs instead.
2022-12-04 08:39:54,994 [main] WARN  db.DBStoreBuilder (DBStoreBuilder.java:applyDBDefinition(144)) - ozone.scm.db.dirs is not configured. We recommend adding this setting. Falling back to ozone.metadata.dirs instead.
2022-12-04 08:39:55,253 [main] INFO  net.NodeSchemaLoader (NodeSchemaLoader.java:loadSchemaFromFile(129)) - Loading schema from [jar:file:/home/runner/.m2/repository/org/apache/ozone/hdds-common/1.3.0-SNAPSHOT/hdds-common-1.3.0-SNAPSHOT.jar!/network-topology-default.xml]
2022-12-04 08:39:55,255 [main] INFO  net.NodeSchemaLoader (NodeSchemaLoader.java:loadSchema(176)) - Loading network topology layer schema file
2022-12-04 08:39:55,296 [main] INFO  metrics.MetricRegistries (MetricRegistriesLoader.java:load(64)) - Loaded MetricRegistries class org.apache.ratis.metrics.impl.MetricRegistriesImpl
2022-12-04 08:39:55,303 [main] INFO  upgrade.AbstractLayoutVersionManager (AbstractLayoutVersionManager.java:init(83)) - Initializing Layout version manager with metadata layout = DATANODE_SCHEMA_V3 (version = 4), software layout = DATANODE_SCHEMA_V3 (version = 4)
2022-12-04 08:39:55,476 [main] INFO  reflections.Reflections (Reflections.java:scan(232)) - Reflections took 115 ms to scan 7 urls, producing 140 keys and 342 values 
2022-12-04 08:39:55,566 [main] INFO  ha.SequenceIdGenerator (SequenceIdGenerator.java:upgradeToSequenceId(349)) - upgrade localId to 109611004723200000
2022-12-04 08:39:55,566 [main] INFO  ha.SequenceIdGenerator (SequenceIdGenerator.java:upgradeToSequenceId(359)) - upgrade delTxnId to 0
2022-12-04 08:39:55,570 [main] INFO  ha.SequenceIdGenerator (SequenceIdGenerator.java:upgradeToSequenceId(376)) - upgrade containerId to 0
2022-12-04 08:39:55,572 [main] INFO  ha.SequenceIdGenerator (SequenceIdGenerator.java:<init>(220)) - Init the HA SequenceIdGenerator.
2022-12-04 08:39:55,622 [main] WARN  server.ServerUtils (ServerUtils.java:sanitizeUserArgs(73)) - ozone.scm.stale.node.interval value = 300000 is larger than max = 100000 based on the key value of ozone.scm.heartbeat.thread.interval, reset to the max value 100000.
2022-12-04 08:39:55,622 [main] WARN  server.ServerUtils (ServerUtils.java:sanitizeUserArgs(73)) - ozone.scm.stale.node.interval value = 300000 is larger than max = 100000 based on the key value of ozone.scm.heartbeat.thread.interval, reset to the max value 100000.
2022-12-04 08:39:55,628 [main] INFO  node.SCMNodeManager (SCMNodeManager.java:<init>(149)) - Entering startup safe mode.
2022-12-04 08:39:55,685 [main] INFO  algorithms.ContainerPlacementPolicyFactory (ContainerPlacementPolicyFactory.java:getPolicyInternal(86)) - Create container placement policy of type org.apache.hadoop.hdds.scm.container.placement.algorithms.SCMContainerPlacementRandom
2022-12-04 08:39:55,688 [main] INFO  algorithms.ContainerPlacementPolicyFactory (ContainerPlacementPolicyFactory.java:getPolicyInternal(86)) - Create container placement policy of type org.apache.hadoop.hdds.scm.container.placement.algorithms.SCMContainerPlacementRackScatter
2022-12-04 08:39:55,705 [main] INFO  pipeline.PipelineStateManagerImpl (PipelineStateManagerImpl.java:initialize(78)) - No pipeline exists in current db
2022-12-04 08:39:55,739 [main] INFO  algorithms.LeaderChoosePolicyFactory (LeaderChoosePolicyFactory.java:getPolicy(57)) - Create leader choose policy of type org.apache.hadoop.hdds.scm.pipeline.leader.choose.algorithms.MinLeaderCountChoosePolicy
2022-12-04 08:39:55,740 [main] INFO  algorithms.ContainerPlacementPolicyFactory (ContainerPlacementPolicyFactory.java:getPolicyInternal(86)) - Create container placement policy of type org.apache.hadoop.hdds.scm.container.placement.algorithms.SCMContainerPlacementRackScatter
2022-12-04 08:39:55,745 [main] INFO  ha.SCMServiceManager (SCMServiceManager.java:register(42)) - Registering service BackgroundPipelineCreator.
2022-12-04 08:39:55,746 [main] INFO  pipeline.BackgroundPipelineCreator (BackgroundPipelineCreator.java:start(124)) - Starting RatisPipelineUtilsThread.
2022-12-04 08:39:55,749 [main] INFO  BackgroundPipelineScrubber (BackgroundSCMService.java:start(68)) - Starting BackgroundPipelineScrubber Service.
2022-12-04 08:39:55,753 [main] INFO  ha.SCMServiceManager (SCMServiceManager.java:register(42)) - Registering service BackgroundPipelineScrubber.
2022-12-04 08:39:55,760 [main] INFO  ExpiredContainerReplicaOpScrubber (BackgroundSCMService.java:start(68)) - Starting ExpiredContainerReplicaOpScrubber Service.
2022-12-04 08:39:55,760 [main] INFO  ha.SCMServiceManager (SCMServiceManager.java:register(42)) - Registering service ExpiredContainerReplicaOpScrubber.
2022-12-04 08:39:55,797 [main] INFO  algorithms.PipelineChoosePolicyFactory (PipelineChoosePolicyFactory.java:createPipelineChoosePolicyFromClass(73)) - Create pipeline choose policy of type org.apache.hadoop.hdds.scm.pipeline.choose.algorithms.RandomPipelineChoosePolicy
2022-12-04 08:39:55,813 [main] INFO  ha.SCMServiceManager (SCMServiceManager.java:register(42)) - Registering service SCMBlockDeletingService.
2022-12-04 08:39:55,857 [main] INFO  replication.ReplicationManager (ReplicationManager.java:start(254)) - Starting Replication Monitor Thread.
2022-12-04 08:39:55,864 [main] INFO  ha.SCMServiceManager (SCMServiceManager.java:register(42)) - Registering service ReplicationManager.
2022-12-04 08:39:55,869 [ReplicationMonitor] INFO  replication.ReplicationManager (ReplicationManager.java:processAll(323)) - Replication Manager is not ready to run until 3000ms after safemode exit
2022-12-04 08:39:55,872 [main] INFO  safemode.ContainerSafeModeRule (ContainerSafeModeRule.java:<init>(89)) - containers with one replica threshold count 0
2022-12-04 08:39:55,881 [main] INFO  safemode.HealthyPipelineSafeModeRule (HealthyPipelineSafeModeRule.java:initializeRule(169)) - Total pipeline count is 0, healthy pipeline threshold count is 1
2022-12-04 08:39:55,883 [main] INFO  safemode.OneReplicaPipelineSafeModeRule (OneReplicaPipelineSafeModeRule.java:initializeRule(180)) - Total pipeline count is 0, pipeline's with at least one datanode reported threshold count is 0
2022-12-04 08:39:56,187 [main] INFO  audit.AuditLogger (AuditLogger.java:refreshDebugCmdSet(126)) - Refresh DebugCmdSet for SCMAudit to [].
2022-12-04 08:39:56,218 [main] INFO  ipc.CallQueueManager (CallQueueManager.java:<init>(90)) - Using callQueue: class java.util.concurrent.LinkedBlockingQueue, queueCapacity: 2000, scheduler: class org.apache.hadoop.ipc.DefaultRpcScheduler, ipcBackoff: false.
2022-12-04 08:39:56,256 [Socket Reader #1 for port 0] INFO  ipc.Server (Server.java:run(1273)) - Starting Socket Reader #1 for port 0
2022-12-04 08:39:56,323 [Listener at 0.0.0.0/45507] INFO  audit.AuditLogger (AuditLogger.java:refreshDebugCmdSet(126)) - Refresh DebugCmdSet for SCMAudit to [].
2022-12-04 08:39:56,329 [Listener at 0.0.0.0/45507] INFO  ipc.CallQueueManager (CallQueueManager.java:<init>(90)) - Using callQueue: class java.util.concurrent.LinkedBlockingQueue, queueCapacity: 2000, scheduler: class org.apache.hadoop.ipc.DefaultRpcScheduler, ipcBackoff: false.
2022-12-04 08:39:56,329 [Socket Reader #1 for port 0] INFO  ipc.Server (Server.java:run(1273)) - Starting Socket Reader #1 for port 0
2022-12-04 08:39:56,357 [Listener at 0.0.0.0/35089] INFO  audit.AuditLogger (AuditLogger.java:refreshDebugCmdSet(126)) - Refresh DebugCmdSet for SCMAudit to [].
2022-12-04 08:39:56,368 [Listener at 0.0.0.0/35089] INFO  ipc.CallQueueManager (CallQueueManager.java:<init>(90)) - Using callQueue: class java.util.concurrent.LinkedBlockingQueue, queueCapacity: 2000, scheduler: class org.apache.hadoop.ipc.DefaultRpcScheduler, ipcBackoff: false.
2022-12-04 08:39:56,369 [Socket Reader #1 for port 0] INFO  ipc.Server (Server.java:run(1273)) - Starting Socket Reader #1 for port 0
2022-12-04 08:39:56,414 [Listener at 0.0.0.0/38295] INFO  ha.SCMServiceManager (SCMServiceManager.java:register(42)) - Registering service ContainerBalancer.
2022-12-04 08:39:56,415 [Listener at 0.0.0.0/38295] INFO  server.StorageContainerManager (StorageContainerManager.java:<init>(397)) - 
Container Balancer status:
Key                            Value
Running                        true
Container Balancer Configuration values:
Key                                                Value
Threshold                                          10
Max Datanodes to Involve per Iteration(percent)    20
Max Size to Move per Iteration                     500GB
Max Size Entering Target per Iteration             26GB
Max Size Leaving Source per Iteration              26GB

2022-12-04 08:39:56,416 [Listener at 0.0.0.0/38295] INFO  ha.SCMContext (SCMContext.java:updateSafeModeStatus(228)) - Update SafeModeStatus from SafeModeStatus{safeModeStatus=true, preCheckPassed=false} to SafeModeStatus{safeModeStatus=true, preCheckPassed=false}.
2022-12-04 08:39:56,421 [Listener at 0.0.0.0/38295] INFO  server.StorageContainerManager (StorageContainerManager.java:start(1419)) - StorageContainerLocationProtocol RPC server is listening at /0.0.0.0:38295
2022-12-04 08:39:56,508 [Listener at 0.0.0.0/38295] WARN  impl.MetricsConfig (MetricsConfig.java:loadFirst(136)) - Cannot locate configuration: tried hadoop-metrics2-storagecontainermanager.properties,hadoop-metrics2.properties
2022-12-04 08:39:56,522 [Listener at 0.0.0.0/38295] INFO  impl.MetricsSystemImpl (MetricsSystemImpl.java:startTimer(378)) - Scheduled Metric snapshot period at 10 second(s).
2022-12-04 08:39:56,523 [Listener at 0.0.0.0/38295] INFO  impl.MetricsSystemImpl (MetricsSystemImpl.java:start(191)) - StorageContainerManager metrics system started
2022-12-04 08:39:56,843 [Listener at 0.0.0.0/38295] INFO  server.SCMClientProtocolServer (SCMClientProtocolServer.java:start(170)) - RPC server for Client  is listening at /0.0.0.0:38295
2022-12-04 08:39:56,844 [IPC Server Responder] INFO  ipc.Server (Server.java:run(1512)) - IPC Server Responder: starting
2022-12-04 08:39:56,849 [IPC Server listener on 0] INFO  ipc.Server (Server.java:run(1352)) - IPC Server listener on 0: starting
2022-12-04 08:39:56,852 [Listener at 0.0.0.0/38295] INFO  server.StorageContainerManager (StorageContainerManager.java:start(1433)) - ScmBlockLocationProtocol RPC server is listening at /0.0.0.0:35089
2022-12-04 08:39:56,853 [Listener at 0.0.0.0/38295] INFO  server.SCMBlockProtocolServer (SCMBlockProtocolServer.java:start(152)) - RPC server for Block Protocol is listening at /0.0.0.0:35089
2022-12-04 08:39:56,853 [IPC Server Responder] INFO  ipc.Server (Server.java:run(1512)) - IPC Server Responder: starting
2022-12-04 08:39:56,854 [IPC Server listener on 0] INFO  ipc.Server (Server.java:run(1352)) - IPC Server listener on 0: starting
2022-12-04 08:39:56,857 [Listener at 0.0.0.0/38295] INFO  server.SCMDatanodeProtocolServer (SCMDatanodeProtocolServer.java:start(186)) - ScmDatanodeProtocol RPC server for DataNodes is listening at /0.0.0.0:45507
2022-12-04 08:39:56,858 [IPC Server Responder] INFO  ipc.Server (Server.java:run(1512)) - IPC Server Responder: starting
2022-12-04 08:39:56,858 [IPC Server listener on 0] INFO  ipc.Server (Server.java:run(1352)) - IPC Server listener on 0: starting
2022-12-04 08:39:56,874 [org.apache.hadoop.util.JvmPauseMonitor$Monitor@51097500] INFO  util.JvmPauseMonitor (JvmPauseMonitor.java:run(188)) - Starting JVM pause monitor
2022-12-04 08:39:56,888 [Listener at 0.0.0.0/38295] INFO  http.BaseHttpServer (BaseHttpServer.java:newHttpServer2BuilderForOzone(213)) - Starting Web-server for scm at: http://0.0.0.0:0
2022-12-04 08:39:56,889 [Listener at 0.0.0.0/38295] INFO  http.BaseHttpServer (BaseHttpServer.java:<init>(108)) - Hadoop Security Enabled: false Ozone Security Enabled: false Ozone HTTP Security Enabled: false 
2022-12-04 08:39:56,917 [Listener at 0.0.0.0/38295] INFO  util.log (Log.java:initialized(170)) - Logging initialized @3974ms to org.eclipse.jetty.util.log.Slf4jLog
2022-12-04 08:39:57,020 [Listener at 0.0.0.0/38295] WARN  server.AuthenticationFilter (AuthenticationFilter.java:constructSecretProvider(240)) - Unable to initialize FileSignerSecretProvider, falling back to use random secrets. Reason: Could not read signature secret file: /home/runner/hadoop-http-auth-signature-secret
2022-12-04 08:39:57,027 [Listener at 0.0.0.0/38295] WARN  http.HttpRequestLog (HttpRequestLog.java:getRequestLog(103)) - Jetty request log can only be enabled using Log4j
2022-12-04 08:39:57,033 [Listener at 0.0.0.0/38295] INFO  http.HttpServer2 (HttpServer2.java:addGlobalFilter(1031)) - Added global filter 'safety' (class=org.apache.hadoop.hdds.server.http.HttpServer2$QuotingInputFilter)
2022-12-04 08:39:57,035 [Listener at 0.0.0.0/38295] INFO  http.HttpServer2 (HttpServer2.java:addFilter(1007)) - Added filter static_user_filter (class=org.apache.hadoop.http.lib.StaticUserWebFilter$StaticUserFilter) to context scm
2022-12-04 08:39:57,035 [Listener at 0.0.0.0/38295] INFO  http.HttpServer2 (HttpServer2.java:addFilter(1015)) - Added filter static_user_filter (class=org.apache.hadoop.http.lib.StaticUserWebFilter$StaticUserFilter) to context static
2022-12-04 08:39:57,035 [Listener at 0.0.0.0/38295] INFO  http.HttpServer2 (HttpServer2.java:addFilter(1015)) - Added filter static_user_filter (class=org.apache.hadoop.http.lib.StaticUserWebFilter$StaticUserFilter) to context logs
2022-12-04 08:39:57,075 [Listener at 0.0.0.0/38295] INFO  http.HttpServer2 (HttpServer2.java:bindListener(1250)) - Jetty bound to port 40859
2022-12-04 08:39:57,076 [Listener at 0.0.0.0/38295] INFO  server.Server (Server.java:doStart(375)) - jetty-9.4.49.v20220914; built: 2022-09-14T01:07:36.601Z; git: 4231a3b2e4cb8548a412a789936d640a97b1aa0a; jvm 1.8.0_352-b08
2022-12-04 08:39:57,108 [Listener at 0.0.0.0/38295] INFO  server.session (DefaultSessionIdManager.java:doStart(334)) - DefaultSessionIdManager workerName=node0
2022-12-04 08:39:57,108 [Listener at 0.0.0.0/38295] INFO  server.session (DefaultSessionIdManager.java:doStart(339)) - No SessionScavenger set, using defaults
2022-12-04 08:39:57,110 [Listener at 0.0.0.0/38295] INFO  server.session (HouseKeeper.java:startScavenging(132)) - node0 Scavenging every 600000ms
2022-12-04 08:39:57,124 [Listener at 0.0.0.0/38295] INFO  handler.ContextHandler (ContextHandler.java:doStart(921)) - Started o.e.j.s.ServletContextHandler@519e67e{logs,/logs,file:///home/runner/work/ozone/ozone/hadoop-ozone/integration-test/target/log,AVAILABLE}
2022-12-04 08:39:57,125 [Listener at 0.0.0.0/38295] INFO  handler.ContextHandler (ContextHandler.java:doStart(921)) - Started o.e.j.s.ServletContextHandler@165a5979{static,/static,file:///home/runner/work/ozone/ozone/hadoop-ozone/integration-test/target/test-classes/webapps/static,AVAILABLE}
2022-12-04 08:39:57,171 [Listener at 0.0.0.0/38295] INFO  handler.ContextHandler (ContextHandler.java:doStart(921)) - Started o.e.j.w.WebAppContext@5f01361e{scm,/,file:///home/runner/work/ozone/ozone/hadoop-ozone/integration-test/target/test-classes/webapps/scm/,AVAILABLE}{file:/home/runner/work/ozone/ozone/hadoop-ozone/integration-test/target/test-classes/webapps/scm}
2022-12-04 08:39:57,181 [Listener at 0.0.0.0/38295] INFO  server.AbstractConnector (AbstractConnector.java:doStart(333)) - Started ServerConnector@46a9c368{HTTP/1.1, (http/1.1)}{0.0.0.0:40859}
2022-12-04 08:39:57,181 [Listener at 0.0.0.0/38295] INFO  server.Server (Server.java:doStart(415)) - Started @4239ms
2022-12-04 08:39:57,184 [Listener at 0.0.0.0/38295] INFO  impl.MetricsSinkAdapter (MetricsSinkAdapter.java:start(204)) - Sink prometheus started
2022-12-04 08:39:57,184 [Listener at 0.0.0.0/38295] INFO  impl.MetricsSystemImpl (MetricsSystemImpl.java:registerSink(305)) - Registered sink prometheus
2022-12-04 08:39:57,187 [Listener at 0.0.0.0/38295] INFO  http.BaseHttpServer (BaseHttpServer.java:updateConnectorAddress(333)) - HTTP server of scm listening at http://0.0.0.0:40859
2022-12-04 08:39:57,189 [Listener at 0.0.0.0/38295] WARN  server.ServerUtils (ServerUtils.java:getDBPath(225)) - ozone.om.db.dirs is not configured. We recommend adding this setting. Falling back to ozone.metadata.dirs instead.
2022-12-04 08:39:57,262 [Listener at 0.0.0.0/38295] INFO  audit.AuditLogger (AuditLogger.java:refreshDebugCmdSet(126)) - Refresh DebugCmdSet for OMAudit to [].
2022-12-04 08:39:57,353 [Listener at 0.0.0.0/38295] INFO  ha.OMHANodeDetails (OMHANodeDetails.java:loadOMHAConfig(115)) - ozone.om.internal.service.id is not defined, falling back to ozone.om.service.ids to find serviceID for OzoneManager if it is HA enabled cluster
2022-12-04 08:39:57,356 [Listener at 0.0.0.0/38295] INFO  ha.OMHANodeDetails (OMHANodeDetails.java:loadOMHAConfig(226)) - Configuration does not have ozone.om.address set. Falling back to the default OM address /127.0.0.1:0
2022-12-04 08:39:57,356 [Listener at 0.0.0.0/38295] INFO  ha.OMHANodeDetails (OMHANodeDetails.java:getOMNodeDetailsForNonHA(254)) - OM Service ID is not set. Setting it to the default ID: omServiceIdDefault
2022-12-04 08:39:57,357 [Listener at 0.0.0.0/38295] INFO  ha.OMHANodeDetails (OMHANodeDetails.java:getOMNodeDetailsForNonHA(261)) - OM Node ID is not set. Setting it to the default ID: om1
2022-12-04 08:39:57,361 [Listener at 0.0.0.0/38295] WARN  server.ServerUtils (ServerUtils.java:getDBPath(225)) - ozone.om.db.dirs is not configured. We recommend adding this setting. Falling back to ozone.metadata.dirs instead.
2022-12-04 08:39:57,363 [Listener at 0.0.0.0/38295] INFO  upgrade.AbstractLayoutVersionManager (AbstractLayoutVersionManager.java:init(83)) - Initializing Layout version manager with metadata layout = MULTITENANCY_SCHEMA (version = 3), software layout = MULTITENANCY_SCHEMA (version = 3)
2022-12-04 08:39:57,461 [Listener at 0.0.0.0/38295] INFO  reflections.Reflections (Reflections.java:scan(232)) - Reflections took 94 ms to scan 2 urls, producing 154 keys and 429 values [using 2 cores]
2022-12-04 08:39:57,470 [Listener at 0.0.0.0/38295] INFO  upgrade.OMLayoutVersionManager (OMLayoutVersionManager.java:lambda$0(115)) - Skipping Upgrade Action MockOmUpgradeAction since it has been finalized.
2022-12-04 08:39:57,471 [Listener at 0.0.0.0/38295] WARN  server.ServerUtils (ServerUtils.java:getDBPath(225)) - ozone.om.db.dirs is not configured. We recommend adding this setting. Falling back to ozone.metadata.dirs instead.
2022-12-04 08:39:57,648 [Listener at 0.0.0.0/38295] INFO  proxy.SCMBlockLocationFailoverProxyProvider (SCMBlockLocationFailoverProxyProvider.java:<init>(114)) - Created block location fail-over proxy with 1 nodes: [nodeId=scmNodeId,nodeAddress=/0.0.0.0:35089]
2022-12-04 08:39:57,687 [Listener at 0.0.0.0/38295] INFO  proxy.SCMBlockLocationFailoverProxyProvider (SCMBlockLocationFailoverProxyProvider.java:<init>(114)) - Created block location fail-over proxy with 1 nodes: [nodeId=scmNodeId,nodeAddress=/0.0.0.0:35089]
2022-12-04 08:39:57,909 [Listener at 0.0.0.0/38295] WARN  server.ServerUtils (ServerUtils.java:getDBPath(225)) - ozone.om.db.dirs is not configured. We recommend adding this setting. Falling back to ozone.metadata.dirs instead.
2022-12-04 08:39:57,915 [Listener at 0.0.0.0/38295] INFO  codec.OmKeyInfoCodec (OmKeyInfoCodec.java:<init>(49)) - OmKeyInfoCodec ignorePipeline = true
2022-12-04 08:39:57,917 [Listener at 0.0.0.0/38295] INFO  codec.RepeatedOmKeyInfoCodec (RepeatedOmKeyInfoCodec.java:<init>(41)) - RepeatedOmKeyInfoCodec ignorePipeline = true
2022-12-04 08:39:58,092 [Listener at 0.0.0.0/38295] INFO  om.OzoneManager (OzoneManager.java:instantiateServices(715)) - S3 Multi-Tenancy is disabled
2022-12-04 08:39:58,171 [Listener at 0.0.0.0/38295] INFO  om.OzoneManager (OzoneManager.java:addS3GVolumeToDB(4400)) - Created Volume s3v With Owner runner required for S3Gateway operations.
2022-12-04 08:39:58,247 [Listener at 0.0.0.0/38295] WARN  server.ServerUtils (ServerUtils.java:getDefaultRatisDirectory(237)) - Storage directory for Ratis is not configured. It is a good idea to map this to an SSD disk. Falling back to ozone.metadata.dirs
2022-12-04 08:39:58,248 [Listener at 0.0.0.0/38295] WARN  utils.OzoneManagerRatisUtils (OzoneManagerRatisUtils.java:getOMRatisSnapshotDirectory(434)) - ozone.om.ratis.snapshot.dir is not configured. Falling back to ozone.metadata.dirs config
2022-12-04 08:39:58,270 [Listener at 0.0.0.0/38295] WARN  server.ServerUtils (ServerUtils.java:getDefaultRatisDirectory(237)) - Storage directory for Ratis is not configured. It is a good idea to map this to an SSD disk. Falling back to ozone.metadata.dirs
2022-12-04 08:39:58,299 [Listener at 0.0.0.0/38295] INFO  ratis.OzoneManagerRatisServer (OzoneManagerRatisServer.java:<init>(160)) - Instantiating OM Ratis server with groupID: omServiceIdDefault and peers: localhost:9872
2022-12-04 08:39:58,308 [Listener at 0.0.0.0/38295] INFO  ratis.OzoneManagerStateMachine (OzoneManagerStateMachine.java:loadSnapshotInfoFromDB(636)) - LastAppliedIndex is set from TransactionInfo from OM DB as (t:0, i:~)
2022-12-04 08:39:58,365 [Listener at 0.0.0.0/38295] INFO  server.RaftServer (ConfUtils.java:logGet(46)) - raft.rpc.type = GRPC (default)
2022-12-04 08:39:58,458 [Listener at 0.0.0.0/38295] INFO  grpc.GrpcConfigKeys (ConfUtils.java:logFallback(53)) - raft.grpc.admin.host = null (fallback to raft.grpc.server.host)
2022-12-04 08:39:58,460 [Listener at 0.0.0.0/38295] INFO  grpc.GrpcConfigKeys (ConfUtils.java:logFallback(53)) - raft.grpc.admin.port = 9872 (fallback to raft.grpc.server.port)
2022-12-04 08:39:58,461 [Listener at 0.0.0.0/38295] INFO  grpc.GrpcConfigKeys (ConfUtils.java:logFallback(53)) - raft.grpc.client.host = null (fallback to raft.grpc.server.host)
2022-12-04 08:39:58,461 [Listener at 0.0.0.0/38295] INFO  grpc.GrpcConfigKeys (ConfUtils.java:logFallback(53)) - raft.grpc.client.port = 9872 (fallback to raft.grpc.server.port)
2022-12-04 08:39:58,462 [Listener at 0.0.0.0/38295] INFO  grpc.GrpcConfigKeys (ConfUtils.java:logGet(46)) - raft.grpc.server.host = null (default)
2022-12-04 08:39:58,462 [Listener at 0.0.0.0/38295] INFO  grpc.GrpcConfigKeys (ConfUtils.java:logGet(46)) - raft.grpc.server.port = 9872 (custom)
2022-12-04 08:39:58,463 [Listener at 0.0.0.0/38295] INFO  server.GrpcService (ConfUtils.java:logGet(46)) - raft.grpc.message.size.max = 33554432 (custom)
2022-12-04 08:39:58,464 [Listener at 0.0.0.0/38295] INFO  server.RaftServerConfigKeys (ConfUtils.java:logGet(46)) - raft.server.log.appender.buffer.byte-limit = 33554432 (custom)
2022-12-04 08:39:58,464 [Listener at 0.0.0.0/38295] INFO  server.GrpcService (ConfUtils.java:logGet(46)) - raft.grpc.flow.control.window = 1MB (=1048576) (default)
2022-12-04 08:39:58,465 [Listener at 0.0.0.0/38295] INFO  server.RaftServerConfigKeys (ConfUtils.java:logGet(46)) - raft.server.rpc.request.timeout = 3000ms (default)
2022-12-04 08:39:58,482 [Listener at 0.0.0.0/38295] INFO  grpc.GrpcConfigKeys (ConfUtils.java:logGet(46)) - raft.grpc.server.heartbeat.channel = true (default)
2022-12-04 08:39:58,490 [Listener at 0.0.0.0/38295] INFO  grpc.GrpcConfigKeys (ConfUtils.java:logGet(46)) - raft.grpc.server.async.request.thread.pool.cached = true (default)
2022-12-04 08:39:58,491 [Listener at 0.0.0.0/38295] INFO  grpc.GrpcConfigKeys (ConfUtils.java:logGet(46)) - raft.grpc.server.async.request.thread.pool.size = 32 (default)
2022-12-04 08:39:58,801 [Listener at 0.0.0.0/38295] INFO  impl.DataStreamServerImpl (ConfUtils.java:logGet(46)) - raft.datastream.type = DISABLED (default)
2022-12-04 08:39:58,808 [Listener at 0.0.0.0/38295] INFO  server.RaftServerConfigKeys (ConfUtils.java:logGet(46)) - raft.server.threadpool.proxy.cached = true (default)
2022-12-04 08:39:58,809 [Listener at 0.0.0.0/38295] INFO  server.RaftServerConfigKeys (ConfUtils.java:logGet(46)) - raft.server.threadpool.proxy.size = 0 (default)
2022-12-04 08:39:58,810 [Listener at 0.0.0.0/38295] INFO  server.RaftServerConfigKeys (ConfUtils.java:logGet(46)) - raft.server.rpc.slowness.timeout = 120s (custom)
2022-12-04 08:39:58,813 [Listener at 0.0.0.0/38295] INFO  server.RaftServerConfigKeys (ConfUtils.java:logGet(46)) - raft.server.leaderelection.leader.step-down.wait-time = 10s (default)
2022-12-04 08:39:58,818 [Listener at 0.0.0.0/38295] INFO  server.RaftServerConfigKeys (ConfUtils.java:logGet(46)) - raft.server.storage.dir = [/home/runner/work/ozone/ozone/hadoop-ozone/integration-test/target/test-dir/MiniOzoneClusterImpl-a2a71a7e-4c8f-47b8-990b-2bc30dd677e7/ozone-meta/ratis] (custom)
2022-12-04 08:39:58,830 [Listener at 0.0.0.0/38295] INFO  server.RaftServer (RaftServerProxy.java:addNew(96)) - om1: addNew group-C5BA1605619E:[om1|rpc:localhost:9872|priority:0|startupRole:FOLLOWER] returns group-C5BA1605619E:java.util.concurrent.CompletableFuture@4aee166d[Not completed]
2022-12-04 08:39:58,830 [Listener at 0.0.0.0/38295] INFO  om.OzoneManager (OzoneManager.java:initializeRatisServer(1977)) - OzoneManager Ratis server initialized at port 9872
2022-12-04 08:39:58,862 [Listener at 0.0.0.0/38295] INFO  om.OzoneManager (OzoneManager.java:getRpcServer(1104)) - Creating RPC Server
2022-12-04 08:39:58,866 [pool-54-thread-1] INFO  server.RaftServer$Division (RaftServerImpl.java:<init>(195)) - om1: new RaftServerImpl for group-C5BA1605619E:[om1|rpc:localhost:9872|priority:0|startupRole:FOLLOWER] with OzoneManagerStateMachine:uninitialized
2022-12-04 08:39:58,871 [pool-54-thread-1] INFO  server.RaftServerConfigKeys (ConfUtils.java:logGet(46)) - raft.server.rpc.timeout.min = 1s (custom)
2022-12-04 08:39:58,871 [pool-54-thread-1] INFO  server.RaftServerConfigKeys (ConfUtils.java:logGet(46)) - raft.server.rpc.timeout.max = 1200ms (custom)
2022-12-04 08:39:58,871 [pool-54-thread-1] INFO  server.RaftServerConfigKeys (ConfUtils.java:logGet(46)) - raft.server.rpc.sleep.time = 25ms (default)
2022-12-04 08:39:58,872 [pool-54-thread-1] INFO  server.RaftServerConfigKeys (ConfUtils.java:logGet(46)) - raft.server.rpc.slowness.timeout = 120s (custom)
2022-12-04 08:39:58,873 [pool-54-thread-1] INFO  server.RaftServerConfigKeys (ConfUtils.java:logGet(46)) - raft.server.leaderelection.leader.step-down.wait-time = 10s (default)
2022-12-04 08:39:58,873 [pool-54-thread-1] INFO  server.RaftServerConfigKeys (ConfUtils.java:logGet(46)) - raft.server.sleep.deviation.threshold = 300ms (default)
2022-12-04 08:39:58,888 [pool-54-thread-1] INFO  server.RaftServer$Division (ServerState.java:<init>(118)) - om1@group-C5BA1605619E: ConfigurationManager, init=-1: peers:[om1|rpc:localhost:9872|priority:0|startupRole:FOLLOWER]|listeners:[], old=null, confs=<EMPTY_MAP>
2022-12-04 08:39:58,889 [pool-54-thread-1] INFO  server.RaftServerConfigKeys (ConfUtils.java:logGet(46)) - raft.server.storage.dir = [/home/runner/work/ozone/ozone/hadoop-ozone/integration-test/target/test-dir/MiniOzoneClusterImpl-a2a71a7e-4c8f-47b8-990b-2bc30dd677e7/ozone-meta/ratis] (custom)
2022-12-04 08:39:58,900 [pool-54-thread-1] INFO  server.RaftServerConfigKeys (ConfUtils.java:logGet(46)) - raft.server.log.corruption.policy = EXCEPTION (default)
2022-12-04 08:39:58,901 [pool-54-thread-1] INFO  server.RaftServerConfigKeys (ConfUtils.java:logGet(46)) - raft.server.storage.free-space.min = 0MB (=0) (default)
2022-12-04 08:39:58,921 [pool-54-thread-1] INFO  server.RaftServerConfigKeys (ConfUtils.java:logGet(46)) - raft.server.notification.no-leader.timeout = 120s (custom)
2022-12-04 08:39:58,929 [pool-54-thread-1] INFO  server.RaftServerConfigKeys (ConfUtils.java:logGet(46)) - raft.server.retrycache.expirytime = 300s (custom)
2022-12-04 08:39:58,929 [pool-54-thread-1] INFO  server.RaftServerConfigKeys (ConfUtils.java:logGet(46)) - raft.server.retrycache.statistics.expirytime = 100μs (default)
2022-12-04 08:39:59,129 [pool-54-thread-1] INFO  server.RaftServerConfigKeys (ConfUtils.java:logGet(46)) - raft.server.log.appender.install.snapshot.enabled = false (custom)
2022-12-04 08:39:59,130 [pool-54-thread-1] INFO  server.RaftServerConfigKeys (ConfUtils.java:logGet(46)) - raft.server.threadpool.server.cached = true (default)
2022-12-04 08:39:59,131 [pool-54-thread-1] INFO  server.RaftServerConfigKeys (ConfUtils.java:logGet(46)) - raft.server.threadpool.server.size = 0 (default)
2022-12-04 08:39:59,131 [pool-54-thread-1] INFO  server.RaftServerConfigKeys (ConfUtils.java:logGet(46)) - raft.server.threadpool.client.cached = true (default)
2022-12-04 08:39:59,134 [pool-54-thread-1] INFO  server.RaftServerConfigKeys (ConfUtils.java:logGet(46)) - raft.server.threadpool.client.size = 0 (default)
2022-12-04 08:39:59,595 [Listener at 0.0.0.0/38295] INFO  reflections.Reflections (Reflections.java:scan(232)) - Reflections took 682 ms to scan 19 urls, producing 67 keys and 4401 values [using 2 cores]
2022-12-04 08:39:59,743 [Listener at 0.0.0.0/38295] INFO  ipc.CallQueueManager (CallQueueManager.java:<init>(90)) - Using callQueue: class java.util.concurrent.LinkedBlockingQueue, queueCapacity: 2000, scheduler: class org.apache.hadoop.ipc.DefaultRpcScheduler, ipcBackoff: false.
2022-12-04 08:39:59,744 [Socket Reader #1 for port 0] INFO  ipc.Server (Server.java:run(1273)) - Starting Socket Reader #1 for port 0
2022-12-04 08:39:59,770 [Listener at 127.0.0.1/40415] INFO  impl.MetricsSystemImpl (MetricsSystemImpl.java:init(158)) - OzoneManager metrics system started (again)
2022-12-04 08:39:59,781 [Listener at 127.0.0.1/40415] INFO  om.OzoneManager (OzoneManager.java:start(1484)) - OzoneManager RPC server is listening at localhost/127.0.0.1:40415
2022-12-04 08:39:59,782 [Listener at 127.0.0.1/40415] INFO  ratis.OzoneManagerRatisServer (OzoneManagerRatisServer.java:start(555)) - Starting OzoneManagerRatisServer om1 at port 9872
2022-12-04 08:39:59,785 [om1-impl-thread1] INFO  storage.RaftStorageDirectory (RaftStorageDirectoryImpl.java:analyzeStorage(137)) - The storage directory /home/runner/work/ozone/ozone/hadoop-ozone/integration-test/target/test-dir/MiniOzoneClusterImpl-a2a71a7e-4c8f-47b8-990b-2bc30dd677e7/ozone-meta/ratis/bf265839-605b-3f16-9796-c5ba1605619e does not exist. Creating ...
2022-12-04 08:39:59,789 [om1-impl-thread1] INFO  storage.RaftStorageDirectory (RaftStorageDirectoryImpl.java:tryLock(231)) - Lock on /home/runner/work/ozone/ozone/hadoop-ozone/integration-test/target/test-dir/MiniOzoneClusterImpl-a2a71a7e-4c8f-47b8-990b-2bc30dd677e7/ozone-meta/ratis/bf265839-605b-3f16-9796-c5ba1605619e/in_use.lock acquired by nodename 50461@fv-az380-152
2022-12-04 08:39:59,794 [om1-impl-thread1] INFO  storage.RaftStorage (RaftStorageImpl.java:format(96)) - Storage directory /home/runner/work/ozone/ozone/hadoop-ozone/integration-test/target/test-dir/MiniOzoneClusterImpl-a2a71a7e-4c8f-47b8-990b-2bc30dd677e7/ozone-meta/ratis/bf265839-605b-3f16-9796-c5ba1605619e has been successfully formatted.
2022-12-04 08:39:59,797 [om1-impl-thread1] INFO  server.RaftServerConfigKeys (ConfUtils.java:logGet(46)) - raft.server.log.use.memory = false (default)
2022-12-04 08:39:59,804 [om1-impl-thread1] INFO  server.RaftServerConfigKeys (ConfUtils.java:logGet(46)) - raft.server.log.purge.gap = 1000000 (custom)
2022-12-04 08:39:59,804 [om1-impl-thread1] INFO  server.RaftServerConfigKeys (ConfUtils.java:logGet(46)) - raft.server.log.appender.buffer.byte-limit = 33554432 (custom)
2022-12-04 08:39:59,806 [om1-impl-thread1] INFO  server.RaftServerConfigKeys (ConfUtils.java:logGet(46)) - raft.server.log.statemachine.data.read.timeout = 1000ms (default)
2022-12-04 08:39:59,807 [om1-impl-thread1] INFO  server.RaftServerConfigKeys (ConfUtils.java:logGet(46)) - raft.server.log.purge.preservation.log.num = 0 (default)
2022-12-04 08:39:59,809 [om1-impl-thread1] INFO  server.RaftServerConfigKeys (ConfUtils.java:logGet(46)) - raft.server.log.segment.size.max = 4194304 (custom)
2022-12-04 08:39:59,814 [om1-impl-thread1] INFO  server.RaftServerConfigKeys (ConfUtils.java:logGet(46)) - raft.server.log.segment.cache.num.max = 2 (custom)
2022-12-04 08:39:59,815 [om1-impl-thread1] INFO  server.RaftServerConfigKeys (ConfUtils.java:logGet(46)) - raft.server.log.segment.cache.size.max = 200MB (=209715200) (default)
2022-12-04 08:39:59,952 [om1-impl-thread1] INFO  segmented.SegmentedRaftLogWorker (SegmentedRaftLogWorker.java:<init>(189)) - new om1@group-C5BA1605619E-SegmentedRaftLogWorker for RaftStorageImpl:Storage Directory /home/runner/work/ozone/ozone/hadoop-ozone/integration-test/target/test-dir/MiniOzoneClusterImpl-a2a71a7e-4c8f-47b8-990b-2bc30dd677e7/ozone-meta/ratis/bf265839-605b-3f16-9796-c5ba1605619e
2022-12-04 08:39:59,958 [om1-impl-thread1] INFO  server.RaftServerConfigKeys (ConfUtils.java:logGet(46)) - raft.server.log.queue.byte-limit = 64MB (=67108864) (default)
2022-12-04 08:39:59,958 [om1-impl-thread1] INFO  server.RaftServerConfigKeys (ConfUtils.java:logGet(46)) - raft.server.log.queue.element-limit = 4096 (default)
2022-12-04 08:39:59,959 [om1-impl-thread1] INFO  server.RaftServerConfigKeys (ConfUtils.java:logGet(46)) - raft.server.log.segment.size.max = 4194304 (custom)
2022-12-04 08:39:59,959 [om1-impl-thread1] INFO  server.RaftServerConfigKeys (ConfUtils.java:logGet(46)) - raft.server.log.preallocated.size = 4194304 (custom)
2022-12-04 08:39:59,965 [om1-impl-thread1] INFO  server.RaftServerConfigKeys (ConfUtils.java:logGet(46)) - raft.server.log.force.sync.num = 128 (default)
2022-12-04 08:39:59,966 [om1-impl-thread1] INFO  server.RaftServerConfigKeys (ConfUtils.java:logGet(46)) - raft.server.log.statemachine.data.sync = true (default)
2022-12-04 08:39:59,966 [om1-impl-thread1] INFO  server.RaftServerConfigKeys (ConfUtils.java:logGet(46)) - raft.server.log.statemachine.data.sync.timeout = 10s (default)
2022-12-04 08:39:59,967 [om1-impl-thread1] INFO  server.RaftServerConfigKeys (ConfUtils.java:logGet(46)) - raft.server.log.statemachine.data.sync.timeout.retry = -1 (default)
2022-12-04 08:39:59,977 [om1-impl-thread1] INFO  server.RaftServerConfigKeys (ConfUtils.java:logGet(46)) - raft.server.log.write.buffer.size = 64KB (=65536) (default)
2022-12-04 08:39:59,977 [om1-impl-thread1] INFO  server.RaftServerConfigKeys (ConfUtils.java:logGet(46)) - raft.server.log.appender.buffer.byte-limit = 33554432 (custom)
2022-12-04 08:39:59,982 [om1-impl-thread1] INFO  server.RaftServerConfigKeys (ConfUtils.java:logGet(46)) - raft.server.log.unsafe-flush.enabled = false (default)
2022-12-04 08:39:59,983 [om1-impl-thread1] INFO  server.RaftServerConfigKeys (ConfUtils.java:logGet(46)) - raft.server.log.async-flush.enabled = false (default)
2022-12-04 08:39:59,983 [om1-impl-thread1] INFO  server.RaftServerConfigKeys (ConfUtils.java:logGet(46)) - raft.server.log.statemachine.data.caching.enabled = false (default)
2022-12-04 08:39:59,990 [om1-impl-thread1] INFO  segmented.SegmentedRaftLogWorker (SegmentedRaftLogWorker.java:lambda$new$0(135)) - om1@group-C5BA1605619E-SegmentedRaftLogWorker: flushIndex: setUnconditionally 0 -> -1
2022-12-04 08:39:59,990 [om1-impl-thread1] INFO  segmented.SegmentedRaftLogWorker (SegmentedRaftLogWorker.java:lambda$new$0(135)) - om1@group-C5BA1605619E-SegmentedRaftLogWorker: safeCacheEvictIndex: setUnconditionally 0 -> -1
2022-12-04 08:39:59,991 [om1-impl-thread1] INFO  server.RaftServer$Division (RaftServerImpl.java:start(334)) - om1@group-C5BA1605619E: start as a follower, conf=-1: peers:[om1|rpc:localhost:9872|priority:0|startupRole:FOLLOWER]|listeners:[], old=null
2022-12-04 08:39:59,996 [om1-impl-thread1] INFO  server.RaftServer$Division (RaftServerImpl.java:setRole(321)) - om1@group-C5BA1605619E: changes role from      null to FOLLOWER at term 0 for startAsFollower
2022-12-04 08:39:59,998 [om1-impl-thread1] INFO  impl.RoleInfo (RoleInfo.java:updateAndGet(139)) - om1: start om1@group-C5BA1605619E-FollowerState
2022-12-04 08:39:59,999 [om1-impl-thread1] INFO  util.JmxRegister (JmxRegister.java:tryRegister(44)) - Successfully registered JMX Bean with object name Ratis:service=RaftServer,group=group-C5BA1605619E,id=om1
2022-12-04 08:40:00,001 [om1-impl-thread1] INFO  server.RaftServerConfigKeys (ConfUtils.java:logGet(46)) - raft.server.snapshot.auto.trigger.enabled = true (custom)
2022-12-04 08:40:00,002 [om1-impl-thread1] INFO  server.RaftServerConfigKeys (ConfUtils.java:logGet(46)) - raft.server.snapshot.auto.trigger.threshold = 400000 (default)
2022-12-04 08:40:00,002 [om1-impl-thread1] INFO  server.RaftServerConfigKeys (ConfUtils.java:logGet(46)) - raft.server.snapshot.retention.file.num = -1 (default)
2022-12-04 08:40:00,003 [om1-impl-thread1] INFO  server.RaftServerConfigKeys (ConfUtils.java:logGet(46)) - raft.server.log.purge.upto.snapshot.index = true (custom)
2022-12-04 08:40:00,007 [om1@group-C5BA1605619E-FollowerState] INFO  server.RaftServerConfigKeys (ConfUtils.java:logFallback(53)) - raft.server.rpc.first-election.timeout.min = 1s (fallback to raft.server.rpc.timeout.min)
2022-12-04 08:40:00,007 [om1@group-C5BA1605619E-FollowerState] INFO  server.RaftServerConfigKeys (ConfUtils.java:logFallback(53)) - raft.server.rpc.first-election.timeout.max = 1200ms (fallback to raft.server.rpc.timeout.max)
2022-12-04 08:40:00,007 [Listener at 127.0.0.1/40415] INFO  server.RaftServer (RaftServerProxy.java:startImpl(393)) - om1: start RPC server
2022-12-04 08:40:00,068 [Listener at 127.0.0.1/40415] INFO  server.GrpcService (GrpcService.java:startImpl(270)) - om1: GrpcService started, listening on 9872
2022-12-04 08:40:00,074 [Listener at 127.0.0.1/40415] INFO  om.OzoneManager (OzoneManager.java:start(1500)) - Version File has different layout version (3) than OM DB (null). That is expected if this OM has never been finalized to a newer layout version.
2022-12-04 08:40:00,075 [JvmPauseMonitor0] INFO  util.JvmPauseMonitor (JvmPauseMonitor.java:run(105)) - JvmPauseMonitor-om1: Started
2022-12-04 08:40:00,089 [Listener at 127.0.0.1/40415] INFO  http.BaseHttpServer (BaseHttpServer.java:newHttpServer2BuilderForOzone(213)) - Starting Web-server for ozoneManager at: http://0.0.0.0:0
2022-12-04 08:40:00,089 [Listener at 127.0.0.1/40415] INFO  http.BaseHttpServer (BaseHttpServer.java:<init>(108)) - Hadoop Security Enabled: false Ozone Security Enabled: false Ozone HTTP Security Enabled: false 
2022-12-04 08:40:00,091 [Listener at 127.0.0.1/40415] WARN  server.AuthenticationFilter (AuthenticationFilter.java:constructSecretProvider(240)) - Unable to initialize FileSignerSecretProvider, falling back to use random secrets. Reason: Could not read signature secret file: /home/runner/hadoop-http-auth-signature-secret
2022-12-04 08:40:00,097 [Listener at 127.0.0.1/40415] WARN  http.HttpRequestLog (HttpRequestLog.java:getRequestLog(103)) - Jetty request log can only be enabled using Log4j
2022-12-04 08:40:00,098 [Listener at 127.0.0.1/40415] INFO  http.HttpServer2 (HttpServer2.java:addGlobalFilter(1031)) - Added global filter 'safety' (class=org.apache.hadoop.hdds.server.http.HttpServer2$QuotingInputFilter)
2022-12-04 08:40:00,099 [Listener at 127.0.0.1/40415] INFO  http.HttpServer2 (HttpServer2.java:addFilter(1007)) - Added filter static_user_filter (class=org.apache.hadoop.http.lib.StaticUserWebFilter$StaticUserFilter) to context ozoneManager
2022-12-04 08:40:00,100 [Listener at 127.0.0.1/40415] INFO  http.HttpServer2 (HttpServer2.java:addFilter(1015)) - Added filter static_user_filter (class=org.apache.hadoop.http.lib.StaticUserWebFilter$StaticUserFilter) to context logs
2022-12-04 08:40:00,101 [Listener at 127.0.0.1/40415] INFO  http.HttpServer2 (HttpServer2.java:addFilter(1015)) - Added filter static_user_filter (class=org.apache.hadoop.http.lib.StaticUserWebFilter$StaticUserFilter) to context static
2022-12-04 08:40:00,104 [Listener at 127.0.0.1/40415] INFO  http.HttpServer2 (HttpServer2.java:bindListener(1250)) - Jetty bound to port 40225
2022-12-04 08:40:00,104 [Listener at 127.0.0.1/40415] INFO  server.Server (Server.java:doStart(375)) - jetty-9.4.49.v20220914; built: 2022-09-14T01:07:36.601Z; git: 4231a3b2e4cb8548a412a789936d640a97b1aa0a; jvm 1.8.0_352-b08
2022-12-04 08:40:00,105 [Listener at 127.0.0.1/40415] INFO  server.session (DefaultSessionIdManager.java:doStart(334)) - DefaultSessionIdManager workerName=node0
2022-12-04 08:40:00,106 [Listener at 127.0.0.1/40415] INFO  server.session (DefaultSessionIdManager.java:doStart(339)) - No SessionScavenger set, using defaults
2022-12-04 08:40:00,106 [Listener at 127.0.0.1/40415] INFO  server.session (HouseKeeper.java:startScavenging(132)) - node0 Scavenging every 660000ms
2022-12-04 08:40:00,106 [Listener at 127.0.0.1/40415] INFO  handler.ContextHandler (ContextHandler.java:doStart(921)) - Started o.e.j.s.ServletContextHandler@194916b1{logs,/logs,file:///home/runner/work/ozone/ozone/hadoop-ozone/integration-test/target/log,AVAILABLE}
2022-12-04 08:40:00,107 [Listener at 127.0.0.1/40415] INFO  handler.ContextHandler (ContextHandler.java:doStart(921)) - Started o.e.j.s.ServletContextHandler@6b542adc{static,/static,file:///home/runner/work/ozone/ozone/hadoop-ozone/integration-test/target/test-classes/webapps/static,AVAILABLE}
2022-12-04 08:40:00,113 [Listener at 127.0.0.1/40415] INFO  handler.ContextHandler (ContextHandler.java:doStart(921)) - Started o.e.j.w.WebAppContext@341a25da{ozoneManager,/,file:///home/runner/work/ozone/ozone/hadoop-ozone/integration-test/target/test-classes/webapps/ozoneManager/,AVAILABLE}{file:/home/runner/work/ozone/ozone/hadoop-ozone/integration-test/target/test-classes/webapps/ozoneManager}
2022-12-04 08:40:00,117 [Listener at 127.0.0.1/40415] INFO  server.AbstractConnector (AbstractConnector.java:doStart(333)) - Started ServerConnector@7b14953f{HTTP/1.1, (http/1.1)}{0.0.0.0:40225}
2022-12-04 08:40:00,118 [Listener at 127.0.0.1/40415] INFO  server.Server (Server.java:doStart(415)) - Started @7175ms
2022-12-04 08:40:00,118 [Listener at 127.0.0.1/40415] WARN  impl.MetricsSystemImpl (MetricsSystemImpl.java:register(279)) - Sink prometheus already exists!
2022-12-04 08:40:00,118 [Listener at 127.0.0.1/40415] INFO  http.BaseHttpServer (BaseHttpServer.java:updateConnectorAddress(333)) - HTTP server of ozoneManager listening at http://0.0.0.0:40225
2022-12-04 08:40:00,119 [IPC Server Responder] INFO  ipc.Server (Server.java:run(1512)) - IPC Server Responder: starting
2022-12-04 08:40:00,121 [IPC Server listener on 0] INFO  ipc.Server (Server.java:run(1352)) - IPC Server listener on 0: starting
2022-12-04 08:40:00,127 [Listener at 127.0.0.1/40415] INFO  om.OzoneManager (OzoneManager.java:startTrashEmptier(1921)) - Trash Interval set to 0. Files deleted won't move to trash
2022-12-04 08:40:00,133 [org.apache.hadoop.util.JvmPauseMonitor$Monitor@36901f79] INFO  util.JvmPauseMonitor (JvmPauseMonitor.java:run(188)) - Starting JVM pause monitor
2022-12-04 08:40:00,274 [Listener at 127.0.0.1/40415] WARN  impl.MetricRegistriesImpl (MetricRegistriesImpl.java:addReporterRegistration(111)) - New reporters are added after registries were created. Some metrics will be missing from the reporter. Please add reporter before adding any new registry.
2022-12-04 08:40:00,274 [Listener at 127.0.0.1/40415] WARN  impl.MetricRegistriesImpl (MetricRegistriesImpl.java:addReporterRegistration(111)) - New reporters are added after registries were created. Some metrics will be missing from the reporter. Please add reporter before adding any new registry.
2022-12-04 08:40:00,275 [Listener at 127.0.0.1/40415] INFO  impl.MetricsSystemImpl (MetricsSystemImpl.java:init(158)) - HddsDatanode metrics system started (again)
2022-12-04 08:40:00,290 [Listener at 127.0.0.1/40415] INFO  ozone.HddsDatanodeService (HddsDatanodeService.java:start(236)) - HddsDatanodeService host:fv-az380-152.nl4gydpcqt3ebnqutlzgyneqag.dx.internal.cloudapp.net ip:10.1.0.195
2022-12-04 08:40:00,319 [Listener at 127.0.0.1/40415] INFO  upgrade.AbstractLayoutVersionManager (AbstractLayoutVersionManager.java:init(83)) - Initializing Layout version manager with metadata layout = DATANODE_SCHEMA_V3 (version = 4), software layout = DATANODE_SCHEMA_V3 (version = 4)
2022-12-04 08:40:00,370 [Listener at 127.0.0.1/40415] INFO  reflections.Reflections (Reflections.java:scan(232)) - Reflections took 49 ms to scan 7 urls, producing 140 keys and 342 values 
2022-12-04 08:40:00,374 [Listener at 127.0.0.1/40415] INFO  statemachine.DatanodeStateMachine (DatanodeStateMachine.java:getEndPointTaskThreadPoolSize(245)) - Datanode State Machine Task Thread Pool size 2
2022-12-04 08:40:00,428 [Listener at 127.0.0.1/40415] INFO  volume.HddsVolume (HddsVolume.java:<init>(117)) - Creating HddsVolume: /home/runner/work/ozone/ozone/hadoop-ozone/integration-test/target/test-dir/MiniOzoneClusterImpl-a2a71a7e-4c8f-47b8-990b-2bc30dd677e7/datanode-0/data-0/containers/hdds of storage type : DISK capacity : 9223372036854775807
2022-12-04 08:40:00,431 [Listener at 127.0.0.1/40415] INFO  volume.MutableVolumeSet (MutableVolumeSet.java:initializeVolumeSet(174)) - Added Volume : /home/runner/work/ozone/ozone/hadoop-ozone/integration-test/target/test-dir/MiniOzoneClusterImpl-a2a71a7e-4c8f-47b8-990b-2bc30dd677e7/datanode-0/data-0/containers/hdds to VolumeSet
2022-12-04 08:40:00,432 [Listener at 127.0.0.1/40415] INFO  volume.ThrottledAsyncChecker (ThrottledAsyncChecker.java:schedule(141)) - Scheduling a check for /home/runner/work/ozone/ozone/hadoop-ozone/integration-test/target/test-dir/MiniOzoneClusterImpl-a2a71a7e-4c8f-47b8-990b-2bc30dd677e7/datanode-0/data-0/containers/hdds
2022-12-04 08:40:00,450 [Listener at 127.0.0.1/40415] INFO  volume.StorageVolumeChecker (StorageVolumeChecker.java:checkAllVolumes(202)) - Scheduled health check for volume /home/runner/work/ozone/ozone/hadoop-ozone/integration-test/target/test-dir/MiniOzoneClusterImpl-a2a71a7e-4c8f-47b8-990b-2bc30dd677e7/datanode-0/data-0/containers/hdds
2022-12-04 08:40:00,467 [Listener at 127.0.0.1/40415] INFO  volume.MutableVolumeSet (MutableVolumeSet.java:initializeVolumeSet(174)) - Added Volume : /home/runner/work/ozone/ozone/hadoop-ozone/integration-test/target/test-dir/MiniOzoneClusterImpl-a2a71a7e-4c8f-47b8-990b-2bc30dd677e7/datanode-0/data/ratis to VolumeSet
2022-12-04 08:40:00,468 [Listener at 127.0.0.1/40415] INFO  volume.ThrottledAsyncChecker (ThrottledAsyncChecker.java:schedule(141)) - Scheduling a check for /home/runner/work/ozone/ozone/hadoop-ozone/integration-test/target/test-dir/MiniOzoneClusterImpl-a2a71a7e-4c8f-47b8-990b-2bc30dd677e7/datanode-0/data/ratis
2022-12-04 08:40:00,468 [Listener at 127.0.0.1/40415] INFO  volume.StorageVolumeChecker (StorageVolumeChecker.java:checkAllVolumes(202)) - Scheduled health check for volume /home/runner/work/ozone/ozone/hadoop-ozone/integration-test/target/test-dir/MiniOzoneClusterImpl-a2a71a7e-4c8f-47b8-990b-2bc30dd677e7/datanode-0/data/ratis
2022-12-04 08:40:00,496 [Thread-135] INFO  ozoneimpl.ContainerReader (ContainerReader.java:readVolume(175)) - Finish verifying containers on volume /home/runner/work/ozone/ozone/hadoop-ozone/integration-test/target/test-dir/MiniOzoneClusterImpl-a2a71a7e-4c8f-47b8-990b-2bc30dd677e7/datanode-0/data-0/containers/hdds
2022-12-04 08:40:00,496 [Listener at 127.0.0.1/40415] INFO  ozoneimpl.OzoneContainer (OzoneContainer.java:buildContainerSet(301)) - Build ContainerSet costs 0s
2022-12-04 08:40:00,541 [Listener at 127.0.0.1/40415] INFO  audit.AuditLogger (AuditLogger.java:refreshDebugCmdSet(126)) - Refresh DebugCmdSet for DNAudit to [].
2022-12-04 08:40:00,564 [Listener at 127.0.0.1/40415] INFO  server.RaftServer (ConfUtils.java:logGet(46)) - raft.rpc.type = GRPC (default)
2022-12-04 08:40:00,564 [Listener at 127.0.0.1/40415] INFO  grpc.GrpcConfigKeys (ConfUtils.java:logFallback(53)) - raft.grpc.admin.host = null (fallback to raft.grpc.server.host)
2022-12-04 08:40:00,564 [Listener at 127.0.0.1/40415] INFO  grpc.GrpcConfigKeys (ConfUtils.java:logGet(46)) - raft.grpc.admin.port = 0 (custom)
2022-12-04 08:40:00,564 [Listener at 127.0.0.1/40415] INFO  grpc.GrpcConfigKeys (ConfUtils.java:logFallback(53)) - raft.grpc.client.host = null (fallback to raft.grpc.server.host)
2022-12-04 08:40:00,564 [Listener at 127.0.0.1/40415] INFO  grpc.GrpcConfigKeys (ConfUtils.java:logGet(46)) - raft.grpc.client.port = 0 (custom)
2022-12-04 08:40:00,565 [Listener at 127.0.0.1/40415] INFO  grpc.GrpcConfigKeys (ConfUtils.java:logGet(46)) - raft.grpc.server.host = null (default)
2022-12-04 08:40:00,565 [Listener at 127.0.0.1/40415] INFO  grpc.GrpcConfigKeys (ConfUtils.java:logGet(46)) - raft.grpc.server.port = 0 (default)
2022-12-04 08:40:00,565 [Listener at 127.0.0.1/40415] INFO  server.GrpcService (ConfUtils.java:logGet(46)) - raft.grpc.message.size.max = 32MB (=33554432) (custom)
2022-12-04 08:40:00,565 [Listener at 127.0.0.1/40415] INFO  server.RaftServerConfigKeys (ConfUtils.java:logGet(46)) - raft.server.log.appender.buffer.byte-limit = 33554432 (custom)
2022-12-04 08:40:00,565 [Listener at 127.0.0.1/40415] INFO  server.GrpcService (ConfUtils.java:logGet(46)) - raft.grpc.flow.control.window = 5MB (=5242880) (custom)
2022-12-04 08:40:00,565 [Listener at 127.0.0.1/40415] INFO  server.RaftServerConfigKeys (ConfUtils.java:logGet(46)) - raft.server.rpc.request.timeout = 60s (custom)
2022-12-04 08:40:00,565 [Listener at 127.0.0.1/40415] INFO  grpc.GrpcConfigKeys (ConfUtils.java:logGet(46)) - raft.grpc.server.heartbeat.channel = true (default)
2022-12-04 08:40:00,566 [Listener at 127.0.0.1/40415] INFO  grpc.GrpcConfigKeys (ConfUtils.java:logGet(46)) - raft.grpc.server.async.request.thread.pool.cached = true (default)
2022-12-04 08:40:00,566 [Listener at 127.0.0.1/40415] INFO  grpc.GrpcConfigKeys (ConfUtils.java:logGet(46)) - raft.grpc.server.async.request.thread.pool.size = 32 (default)
2022-12-04 08:40:00,567 [Listener at 127.0.0.1/40415] INFO  impl.DataStreamServerImpl (ConfUtils.java:logGet(46)) - raft.datastream.type = DISABLED (default)
2022-12-04 08:40:00,567 [Listener at 127.0.0.1/40415] INFO  server.RaftServerConfigKeys (ConfUtils.java:logGet(46)) - raft.server.threadpool.proxy.cached = true (default)
2022-12-04 08:40:00,567 [Listener at 127.0.0.1/40415] INFO  server.RaftServerConfigKeys (ConfUtils.java:logGet(46)) - raft.server.threadpool.proxy.size = 0 (default)
2022-12-04 08:40:00,567 [Listener at 127.0.0.1/40415] INFO  server.RaftServerConfigKeys (ConfUtils.java:logGet(46)) - raft.server.rpc.slowness.timeout = 300s (custom)
2022-12-04 08:40:00,567 [Listener at 127.0.0.1/40415] INFO  server.RaftServerConfigKeys (ConfUtils.java:logGet(46)) - raft.server.leaderelection.leader.step-down.wait-time = 10s (default)
2022-12-04 08:40:00,568 [Listener at 127.0.0.1/40415] INFO  server.RaftServerConfigKeys (ConfUtils.java:logGet(46)) - raft.server.storage.dir = [/home/runner/work/ozone/ozone/hadoop-ozone/integration-test/target/test-dir/MiniOzoneClusterImpl-a2a71a7e-4c8f-47b8-990b-2bc30dd677e7/datanode-0/data/ratis] (custom)
2022-12-04 08:40:00,585 [Listener at 127.0.0.1/40415] INFO  server.XceiverServerGrpc (XceiverServerGrpc.java:<init>(132)) - GrpcServer channel type EpollServerSocketChannel
2022-12-04 08:40:00,654 [Listener at 127.0.0.1/40415] INFO  http.BaseHttpServer (BaseHttpServer.java:newHttpServer2BuilderForOzone(213)) - Starting Web-server for hddsDatanode at: http://0.0.0.0:0
2022-12-04 08:40:00,654 [Listener at 127.0.0.1/40415] INFO  http.BaseHttpServer (BaseHttpServer.java:<init>(108)) - Hadoop Security Enabled: false Ozone Security Enabled: false Ozone HTTP Security Enabled: false 
2022-12-04 08:40:00,656 [Listener at 127.0.0.1/40415] WARN  server.AuthenticationFilter (AuthenticationFilter.java:constructSecretProvider(240)) - Unable to initialize FileSignerSecretProvider, falling back to use random secrets. Reason: Could not read signature secret file: /home/runner/hadoop-http-auth-signature-secret
2022-12-04 08:40:00,657 [Listener at 127.0.0.1/40415] WARN  http.HttpRequestLog (HttpRequestLog.java:getRequestLog(103)) - Jetty request log can only be enabled using Log4j
2022-12-04 08:40:00,658 [Listener at 127.0.0.1/40415] INFO  http.HttpServer2 (HttpServer2.java:addGlobalFilter(1031)) - Added global filter 'safety' (class=org.apache.hadoop.hdds.server.http.HttpServer2$QuotingInputFilter)
2022-12-04 08:40:00,659 [Listener at 127.0.0.1/40415] INFO  http.HttpServer2 (HttpServer2.java:addFilter(1007)) - Added filter static_user_filter (class=org.apache.hadoop.http.lib.StaticUserWebFilter$StaticUserFilter) to context hddsDatanode
2022-12-04 08:40:00,659 [Listener at 127.0.0.1/40415] INFO  http.HttpServer2 (HttpServer2.java:addFilter(1015)) - Added filter static_user_filter (class=org.apache.hadoop.http.lib.StaticUserWebFilter$StaticUserFilter) to context static
2022-12-04 08:40:00,659 [Listener at 127.0.0.1/40415] INFO  http.HttpServer2 (HttpServer2.java:addFilter(1015)) - Added filter static_user_filter (class=org.apache.hadoop.http.lib.StaticUserWebFilter$StaticUserFilter) to context logs
2022-12-04 08:40:00,660 [Listener at 127.0.0.1/40415] INFO  http.HttpServer2 (HttpServer2.java:bindListener(1250)) - Jetty bound to port 33283
2022-12-04 08:40:00,660 [Listener at 127.0.0.1/40415] INFO  server.Server (Server.java:doStart(375)) - jetty-9.4.49.v20220914; built: 2022-09-14T01:07:36.601Z; git: 4231a3b2e4cb8548a412a789936d640a97b1aa0a; jvm 1.8.0_352-b08
2022-12-04 08:40:00,667 [Listener at 127.0.0.1/40415] INFO  server.session (DefaultSessionIdManager.java:doStart(334)) - DefaultSessionIdManager workerName=node0
2022-12-04 08:40:00,667 [Listener at 127.0.0.1/40415] INFO  server.session (DefaultSessionIdManager.java:doStart(339)) - No SessionScavenger set, using defaults
2022-12-04 08:40:00,667 [Listener at 127.0.0.1/40415] INFO  server.session (HouseKeeper.java:startScavenging(132)) - node0 Scavenging every 600000ms
2022-12-04 08:40:00,668 [Listener at 127.0.0.1/40415] INFO  handler.ContextHandler (ContextHandler.java:doStart(921)) - Started o.e.j.s.ServletContextHandler@365af87d{logs,/logs,file:///home/runner/work/ozone/ozone/hadoop-ozone/integration-test/target/log,AVAILABLE}
2022-12-04 08:40:00,669 [Listener at 127.0.0.1/40415] INFO  handler.ContextHandler (ContextHandler.java:doStart(921)) - Started o.e.j.s.ServletContextHandler@578249f7{static,/static,jar:file:/home/runner/.m2/repository/org/apache/ozone/hdds-container-service/1.3.0-SNAPSHOT/hdds-container-service-1.3.0-SNAPSHOT.jar!/webapps/static,AVAILABLE}
2022-12-04 08:40:00,881 [Listener at 127.0.0.1/40415] INFO  handler.ContextHandler (ContextHandler.java:doStart(921)) - Started o.e.j.w.WebAppContext@7ae45908{hddsDatanode,/,file:///tmp/jetty-0_0_0_0-33283-hdds-container-service-1_3_0-SNAPSHOT_jar-_-any-3317422873626868242/webapp/,AVAILABLE}{jar:file:/home/runner/.m2/repository/org/apache/ozone/hdds-container-service/1.3.0-SNAPSHOT/hdds-container-service-1.3.0-SNAPSHOT.jar!/webapps/hddsDatanode}
2022-12-04 08:40:00,882 [Listener at 127.0.0.1/40415] INFO  server.AbstractConnector (AbstractConnector.java:doStart(333)) - Started ServerConnector@1ed5ba35{HTTP/1.1, (http/1.1)}{0.0.0.0:33283}
2022-12-04 08:40:00,882 [Listener at 127.0.0.1/40415] INFO  server.Server (Server.java:doStart(415)) - Started @7939ms
2022-12-04 08:40:00,882 [Listener at 127.0.0.1/40415] WARN  impl.MetricsSystemImpl (MetricsSystemImpl.java:register(279)) - Sink prometheus already exists!
2022-12-04 08:40:00,884 [Listener at 127.0.0.1/40415] INFO  http.BaseHttpServer (BaseHttpServer.java:updateConnectorAddress(333)) - HTTP server of hddsDatanode listening at http://0.0.0.0:33283
2022-12-04 08:40:00,885 [Datanode State Machine Daemon Thread] INFO  statemachine.DatanodeStateMachine (DatanodeStateMachine.java:lambda$startDaemon$0(505)) - Ozone container server started.
2022-12-04 08:40:00,888 [Listener at 127.0.0.1/40415] WARN  impl.MetricRegistriesImpl (MetricRegistriesImpl.java:addReporterRegistration(111)) - New reporters are added after registries were created. Some metrics will be missing from the reporter. Please add reporter before adding any new registry.
2022-12-04 08:40:00,888 [Listener at 127.0.0.1/40415] WARN  impl.MetricRegistriesImpl (MetricRegistriesImpl.java:addReporterRegistration(111)) - New reporters are added after registries were created. Some metrics will be missing from the reporter. Please add reporter before adding any new registry.
2022-12-04 08:40:00,888 [Listener at 127.0.0.1/40415] INFO  impl.MetricsSystemImpl (MetricsSystemImpl.java:init(158)) - HddsDatanode metrics system started (again)
2022-12-04 08:40:00,904 [Listener at 127.0.0.1/40415] INFO  ozone.HddsDatanodeService (HddsDatanodeService.java:start(236)) - HddsDatanodeService host:fv-az380-152.nl4gydpcqt3ebnqutlzgyneqag.dx.internal.cloudapp.net ip:10.1.0.195
2022-12-04 08:40:00,912 [org.apache.hadoop.util.JvmPauseMonitor$Monitor@4fb821b6] INFO  util.JvmPauseMonitor (JvmPauseMonitor.java:run(188)) - Starting JVM pause monitor
2022-12-04 08:40:00,930 [Listener at 127.0.0.1/40415] INFO  upgrade.AbstractLayoutVersionManager (AbstractLayoutVersionManager.java:init(83)) - Initializing Layout version manager with metadata layout = DATANODE_SCHEMA_V3 (version = 4), software layout = DATANODE_SCHEMA_V3 (version = 4)
2022-12-04 08:40:00,977 [Listener at 127.0.0.1/40415] INFO  reflections.Reflections (Reflections.java:scan(232)) - Reflections took 45 ms to scan 7 urls, producing 140 keys and 342 values 
2022-12-04 08:40:00,979 [Listener at 127.0.0.1/40415] INFO  statemachine.DatanodeStateMachine (DatanodeStateMachine.java:getEndPointTaskThreadPoolSize(245)) - Datanode State Machine Task Thread Pool size 2
2022-12-04 08:40:00,981 [Listener at 127.0.0.1/40415] INFO  volume.HddsVolume (HddsVolume.java:<init>(117)) - Creating HddsVolume: /home/runner/work/ozone/ozone/hadoop-ozone/integration-test/target/test-dir/MiniOzoneClusterImpl-a2a71a7e-4c8f-47b8-990b-2bc30dd677e7/datanode-1/data-0/containers/hdds of storage type : DISK capacity : 9223372036854775807
2022-12-04 08:40:00,982 [Listener at 127.0.0.1/40415] INFO  volume.MutableVolumeSet (MutableVolumeSet.java:initializeVolumeSet(174)) - Added Volume : /home/runner/work/ozone/ozone/hadoop-ozone/integration-test/target/test-dir/MiniOzoneClusterImpl-a2a71a7e-4c8f-47b8-990b-2bc30dd677e7/datanode-1/data-0/containers/hdds to VolumeSet
2022-12-04 08:40:00,982 [Listener at 127.0.0.1/40415] INFO  volume.ThrottledAsyncChecker (ThrottledAsyncChecker.java:schedule(141)) - Scheduling a check for /home/runner/work/ozone/ozone/hadoop-ozone/integration-test/target/test-dir/MiniOzoneClusterImpl-a2a71a7e-4c8f-47b8-990b-2bc30dd677e7/datanode-1/data-0/containers/hdds
2022-12-04 08:40:00,982 [Listener at 127.0.0.1/40415] INFO  volume.StorageVolumeChecker (StorageVolumeChecker.java:checkAllVolumes(202)) - Scheduled health check for volume /home/runner/work/ozone/ozone/hadoop-ozone/integration-test/target/test-dir/MiniOzoneClusterImpl-a2a71a7e-4c8f-47b8-990b-2bc30dd677e7/datanode-1/data-0/containers/hdds
2022-12-04 08:40:00,999 [Listener at 127.0.0.1/40415] INFO  volume.MutableVolumeSet (MutableVolumeSet.java:initializeVolumeSet(174)) - Added Volume : /home/runner/work/ozone/ozone/hadoop-ozone/integration-test/target/test-dir/MiniOzoneClusterImpl-a2a71a7e-4c8f-47b8-990b-2bc30dd677e7/datanode-1/data/ratis to VolumeSet
2022-12-04 08:40:00,999 [Listener at 127.0.0.1/40415] INFO  volume.ThrottledAsyncChecker (ThrottledAsyncChecker.java:schedule(141)) - Scheduling a check for /home/runner/work/ozone/ozone/hadoop-ozone/integration-test/target/test-dir/MiniOzoneClusterImpl-a2a71a7e-4c8f-47b8-990b-2bc30dd677e7/datanode-1/data/ratis
2022-12-04 08:40:01,000 [Listener at 127.0.0.1/40415] INFO  volume.StorageVolumeChecker (StorageVolumeChecker.java:checkAllVolumes(202)) - Scheduled health check for volume /home/runner/work/ozone/ozone/hadoop-ozone/integration-test/target/test-dir/MiniOzoneClusterImpl-a2a71a7e-4c8f-47b8-990b-2bc30dd677e7/datanode-1/data/ratis
2022-12-04 08:40:01,010 [Thread-148] INFO  ozoneimpl.ContainerReader (ContainerReader.java:readVolume(175)) - Finish verifying containers on volume /home/runner/work/ozone/ozone/hadoop-ozone/integration-test/target/test-dir/MiniOzoneClusterImpl-a2a71a7e-4c8f-47b8-990b-2bc30dd677e7/datanode-1/data-0/containers/hdds
2022-12-04 08:40:01,021 [Listener at 127.0.0.1/40415] INFO  ozoneimpl.OzoneContainer (OzoneContainer.java:buildContainerSet(301)) - Build ContainerSet costs 0s
2022-12-04 08:40:01,025 [Listener at 127.0.0.1/40415] INFO  server.RaftServer (ConfUtils.java:logGet(46)) - raft.rpc.type = GRPC (default)
2022-12-04 08:40:01,025 [Listener at 127.0.0.1/40415] INFO  grpc.GrpcConfigKeys (ConfUtils.java:logFallback(53)) - raft.grpc.admin.host = null (fallback to raft.grpc.server.host)
2022-12-04 08:40:01,026 [Listener at 127.0.0.1/40415] INFO  grpc.GrpcConfigKeys (ConfUtils.java:logGet(46)) - raft.grpc.admin.port = 0 (custom)
2022-12-04 08:40:01,026 [Listener at 127.0.0.1/40415] INFO  grpc.GrpcConfigKeys (ConfUtils.java:logFallback(53)) - raft.grpc.client.host = null (fallback to raft.grpc.server.host)
2022-12-04 08:40:01,026 [Listener at 127.0.0.1/40415] INFO  grpc.GrpcConfigKeys (ConfUtils.java:logGet(46)) - raft.grpc.client.port = 0 (custom)
2022-12-04 08:40:01,026 [Listener at 127.0.0.1/40415] INFO  grpc.GrpcConfigKeys (ConfUtils.java:logGet(46)) - raft.grpc.server.host = null (default)
2022-12-04 08:40:01,026 [Listener at 127.0.0.1/40415] INFO  grpc.GrpcConfigKeys (ConfUtils.java:logGet(46)) - raft.grpc.server.port = 0 (default)
2022-12-04 08:40:01,026 [Listener at 127.0.0.1/40415] INFO  server.GrpcService (ConfUtils.java:logGet(46)) - raft.grpc.message.size.max = 32MB (=33554432) (custom)
2022-12-04 08:40:01,026 [Listener at 127.0.0.1/40415] INFO  server.RaftServerConfigKeys (ConfUtils.java:logGet(46)) - raft.server.log.appender.buffer.byte-limit = 33554432 (custom)
2022-12-04 08:40:01,027 [Listener at 127.0.0.1/40415] INFO  server.GrpcService (ConfUtils.java:logGet(46)) - raft.grpc.flow.control.window = 5MB (=5242880) (custom)
2022-12-04 08:40:01,027 [Listener at 127.0.0.1/40415] INFO  server.RaftServerConfigKeys (ConfUtils.java:logGet(46)) - raft.server.rpc.request.timeout = 60s (custom)
2022-12-04 08:40:01,027 [Listener at 127.0.0.1/40415] INFO  grpc.GrpcConfigKeys (ConfUtils.java:logGet(46)) - raft.grpc.server.heartbeat.channel = true (default)
2022-12-04 08:40:01,027 [Listener at 127.0.0.1/40415] INFO  grpc.GrpcConfigKeys (ConfUtils.java:logGet(46)) - raft.grpc.server.async.request.thread.pool.cached = true (default)
2022-12-04 08:40:01,027 [Listener at 127.0.0.1/40415] INFO  grpc.GrpcConfigKeys (ConfUtils.java:logGet(46)) - raft.grpc.server.async.request.thread.pool.size = 32 (default)
2022-12-04 08:40:01,028 [Listener at 127.0.0.1/40415] INFO  impl.DataStreamServerImpl (ConfUtils.java:logGet(46)) - raft.datastream.type = DISABLED (default)
2022-12-04 08:40:01,028 [Listener at 127.0.0.1/40415] INFO  server.RaftServerConfigKeys (ConfUtils.java:logGet(46)) - raft.server.threadpool.proxy.cached = true (default)
2022-12-04 08:40:01,029 [Listener at 127.0.0.1/40415] INFO  server.RaftServerConfigKeys (ConfUtils.java:logGet(46)) - raft.server.threadpool.proxy.size = 0 (default)
2022-12-04 08:40:01,029 [Listener at 127.0.0.1/40415] INFO  server.RaftServerConfigKeys (ConfUtils.java:logGet(46)) - raft.server.rpc.slowness.timeout = 300s (custom)
2022-12-04 08:40:01,029 [Listener at 127.0.0.1/40415] INFO  server.RaftServerConfigKeys (ConfUtils.java:logGet(46)) - raft.server.leaderelection.leader.step-down.wait-time = 10s (default)
2022-12-04 08:40:01,029 [Listener at 127.0.0.1/40415] INFO  server.RaftServerConfigKeys (ConfUtils.java:logGet(46)) - raft.server.storage.dir = [/home/runner/work/ozone/ozone/hadoop-ozone/integration-test/target/test-dir/MiniOzoneClusterImpl-a2a71a7e-4c8f-47b8-990b-2bc30dd677e7/datanode-1/data/ratis] (custom)
2022-12-04 08:40:01,037 [Listener at 127.0.0.1/40415] INFO  server.XceiverServerGrpc (XceiverServerGrpc.java:<init>(132)) - GrpcServer channel type EpollServerSocketChannel
2022-12-04 08:40:01,048 [Listener at 127.0.0.1/40415] INFO  http.BaseHttpServer (BaseHttpServer.java:newHttpServer2BuilderForOzone(213)) - Starting Web-server for hddsDatanode at: http://0.0.0.0:0
2022-12-04 08:40:01,048 [Listener at 127.0.0.1/40415] INFO  http.BaseHttpServer (BaseHttpServer.java:<init>(108)) - Hadoop Security Enabled: false Ozone Security Enabled: false Ozone HTTP Security Enabled: false 
2022-12-04 08:40:01,050 [Listener at 127.0.0.1/40415] WARN  server.AuthenticationFilter (AuthenticationFilter.java:constructSecretProvider(240)) - Unable to initialize FileSignerSecretProvider, falling back to use random secrets. Reason: Could not read signature secret file: /home/runner/hadoop-http-auth-signature-secret
2022-12-04 08:40:01,055 [Listener at 127.0.0.1/40415] WARN  http.HttpRequestLog (HttpRequestLog.java:getRequestLog(103)) - Jetty request log can only be enabled using Log4j
2022-12-04 08:40:01,056 [Listener at 127.0.0.1/40415] INFO  http.HttpServer2 (HttpServer2.java:addGlobalFilter(1031)) - Added global filter 'safety' (class=org.apache.hadoop.hdds.server.http.HttpServer2$QuotingInputFilter)
2022-12-04 08:40:01,057 [Listener at 127.0.0.1/40415] INFO  http.HttpServer2 (HttpServer2.java:addFilter(1007)) - Added filter static_user_filter (class=org.apache.hadoop.http.lib.StaticUserWebFilter$StaticUserFilter) to context hddsDatanode
2022-12-04 08:40:01,057 [Listener at 127.0.0.1/40415] INFO  http.HttpServer2 (HttpServer2.java:addFilter(1015)) - Added filter static_user_filter (class=org.apache.hadoop.http.lib.StaticUserWebFilter$StaticUserFilter) to context logs
2022-12-04 08:40:01,057 [Listener at 127.0.0.1/40415] INFO  http.HttpServer2 (HttpServer2.java:addFilter(1015)) - Added filter static_user_filter (class=org.apache.hadoop.http.lib.StaticUserWebFilter$StaticUserFilter) to context static
2022-12-04 08:40:01,058 [om1@group-C5BA1605619E-FollowerState] INFO  impl.FollowerState (FollowerState.java:run(143)) - om1@group-C5BA1605619E-FollowerState: change to CANDIDATE, lastRpcElapsedTime:1059559362ns, electionTimeout:1049ms
2022-12-04 08:40:01,058 [Listener at 127.0.0.1/40415] INFO  http.HttpServer2 (HttpServer2.java:bindListener(1250)) - Jetty bound to port 43735
2022-12-04 08:40:01,058 [Listener at 127.0.0.1/40415] INFO  server.Server (Server.java:doStart(375)) - jetty-9.4.49.v20220914; built: 2022-09-14T01:07:36.601Z; git: 4231a3b2e4cb8548a412a789936d640a97b1aa0a; jvm 1.8.0_352-b08
2022-12-04 08:40:01,089 [Datanode State Machine Task Thread - 0] INFO  datanode.InitDatanodeState (InitDatanodeState.java:persistContainerDatanodeDetails(138)) - DatanodeDetails is persisted to /home/runner/work/ozone/ozone/hadoop-ozone/integration-test/target/test-dir/MiniOzoneClusterImpl-a2a71a7e-4c8f-47b8-990b-2bc30dd677e7/datanode-0/meta/datanode.id
2022-12-04 08:40:01,090 [Listener at 127.0.0.1/40415] INFO  server.session (DefaultSessionIdManager.java:doStart(334)) - DefaultSessionIdManager workerName=node0
2022-12-04 08:40:01,090 [Listener at 127.0.0.1/40415] INFO  server.session (DefaultSessionIdManager.java:doStart(339)) - No SessionScavenger set, using defaults
2022-12-04 08:40:01,090 [Listener at 127.0.0.1/40415] INFO  server.session (HouseKeeper.java:startScavenging(132)) - node0 Scavenging every 660000ms
2022-12-04 08:40:01,092 [Listener at 127.0.0.1/40415] INFO  handler.ContextHandler (ContextHandler.java:doStart(921)) - Started o.e.j.s.ServletContextHandler@1b00613a{logs,/logs,file:///home/runner/work/ozone/ozone/hadoop-ozone/integration-test/target/log,AVAILABLE}
2022-12-04 08:40:01,092 [Listener at 127.0.0.1/40415] INFO  handler.ContextHandler (ContextHandler.java:doStart(921)) - Started o.e.j.s.ServletContextHandler@76cad044{static,/static,jar:file:/home/runner/.m2/repository/org/apache/ozone/hdds-container-service/1.3.0-SNAPSHOT/hdds-container-service-1.3.0-SNAPSHOT.jar!/webapps/static,AVAILABLE}
2022-12-04 08:40:01,059 [om1@group-C5BA1605619E-FollowerState] INFO  impl.RoleInfo (RoleInfo.java:shutdownFollowerState(110)) - om1: shutdown om1@group-C5BA1605619E-FollowerState
2022-12-04 08:40:01,102 [om1@group-C5BA1605619E-FollowerState] INFO  server.RaftServer$Division (RaftServerImpl.java:setRole(321)) - om1@group-C5BA1605619E: changes role from  FOLLOWER to CANDIDATE at term 0 for changeToCandidate
2022-12-04 08:40:01,104 [om1@group-C5BA1605619E-FollowerState] INFO  server.RaftServerConfigKeys (ConfUtils.java:logGet(46)) - raft.server.leaderelection.pre-vote = false (custom)
2022-12-04 08:40:01,105 [om1@group-C5BA1605619E-FollowerState] INFO  impl.RoleInfo (RoleInfo.java:updateAndGet(139)) - om1: start om1@group-C5BA1605619E-LeaderElection1
2022-12-04 08:40:01,116 [om1@group-C5BA1605619E-LeaderElection1] INFO  impl.LeaderElection (LeaderElection.java:askForVotes(312)) - om1@group-C5BA1605619E-LeaderElection1 ELECTION round 0: submit vote requests at term 1 for -1: peers:[om1|rpc:localhost:9872|priority:0|startupRole:FOLLOWER]|listeners:[], old=null
2022-12-04 08:40:01,117 [om1@group-C5BA1605619E-LeaderElection1] INFO  impl.LeaderElection (LeaderElection.java:askForVotes(314)) - om1@group-C5BA1605619E-LeaderElection1 ELECTION round 0: result PASSED (term=1)
2022-12-04 08:40:01,117 [om1@group-C5BA1605619E-LeaderElection1] INFO  impl.RoleInfo (RoleInfo.java:shutdownLeaderElection(130)) - om1: shutdown om1@group-C5BA1605619E-LeaderElection1
2022-12-04 08:40:01,118 [om1@group-C5BA1605619E-LeaderElection1] INFO  server.RaftServer$Division (RaftServerImpl.java:setRole(321)) - om1@group-C5BA1605619E: changes role from CANDIDATE to LEADER at term 1 for changeToLeader
2022-12-04 08:40:01,118 [om1@group-C5BA1605619E-LeaderElection1] INFO  server.RaftServer$Division (ServerState.java:setLeader(313)) - om1@group-C5BA1605619E: change Leader from null to om1 at term 1 for becomeLeader, leader elected after 2197ms
2022-12-04 08:40:01,131 [om1@group-C5BA1605619E-LeaderElection1] INFO  server.RaftServerConfigKeys (ConfUtils.java:logGet(46)) - raft.server.staging.catchup.gap = 1000 (default)
2022-12-04 08:40:01,145 [om1@group-C5BA1605619E-LeaderElection1] INFO  server.RaftServerConfigKeys (ConfUtils.java:logGet(46)) - raft.server.write.element-limit = 4096 (default)
2022-12-04 08:40:01,146 [om1@group-C5BA1605619E-LeaderElection1] INFO  server.RaftServerConfigKeys (ConfUtils.java:logGet(46)) - raft.server.write.byte-limit = 64MB (=67108864) (default)
2022-12-04 08:40:01,160 [om1@group-C5BA1605619E-LeaderElection1] INFO  server.RaftServerConfigKeys (ConfUtils.java:logGet(46)) - raft.server.watch.timeout = 10s (default)
2022-12-04 08:40:01,161 [om1@group-C5BA1605619E-LeaderElection1] INFO  server.RaftServerConfigKeys (ConfUtils.java:logGet(46)) - raft.server.watch.timeout.denomination = 1s (default)
2022-12-04 08:40:01,162 [om1@group-C5BA1605619E-LeaderElection1] INFO  server.RaftServerConfigKeys (ConfUtils.java:logGet(46)) - raft.server.watch.element-limit = 65536 (default)
2022-12-04 08:40:01,201 [om1@group-C5BA1605619E-LeaderElection1] INFO  server.RaftServerConfigKeys (ConfUtils.java:logGet(46)) - raft.server.write.element-limit = 4096 (default)
2022-12-04 08:40:01,207 [om1@group-C5BA1605619E-LeaderElection1] INFO  server.RaftServerConfigKeys (ConfUtils.java:logGet(46)) - raft.server.write.follower.gap.ratio.max = -1.0 (default)
2022-12-04 08:40:01,214 [om1@group-C5BA1605619E-LeaderElection1] INFO  impl.RoleInfo (RoleInfo.java:updateAndGet(139)) - om1: start om1@group-C5BA1605619E-LeaderStateImpl
2022-12-04 08:40:01,253 [om1@group-C5BA1605619E-LeaderElection1] INFO  segmented.SegmentedRaftLogWorker (SegmentedRaftLogWorker.java:startLogSegment(452)) - om1@group-C5BA1605619E-SegmentedRaftLogWorker: Starting segment from index:0
2022-12-04 08:40:01,312 [Listener at 127.0.0.1/40415] INFO  handler.ContextHandler (ContextHandler.java:doStart(921)) - Started o.e.j.w.WebAppContext@33f306f0{hddsDatanode,/,file:///tmp/jetty-0_0_0_0-43735-hdds-container-service-1_3_0-SNAPSHOT_jar-_-any-8721061660957496539/webapp/,AVAILABLE}{jar:file:/home/runner/.m2/repository/org/apache/ozone/hdds-container-service/1.3.0-SNAPSHOT/hdds-container-service-1.3.0-SNAPSHOT.jar!/webapps/hddsDatanode}
2022-12-04 08:40:01,316 [Listener at 127.0.0.1/40415] INFO  server.AbstractConnector (AbstractConnector.java:doStart(333)) - Started ServerConnector@6e706a1a{HTTP/1.1, (http/1.1)}{0.0.0.0:43735}
2022-12-04 08:40:01,322 [Listener at 127.0.0.1/40415] INFO  server.Server (Server.java:doStart(415)) - Started @8379ms
2022-12-04 08:40:01,322 [Listener at 127.0.0.1/40415] WARN  impl.MetricsSystemImpl (MetricsSystemImpl.java:register(279)) - Sink prometheus already exists!
2022-12-04 08:40:01,323 [Listener at 127.0.0.1/40415] INFO  http.BaseHttpServer (BaseHttpServer.java:updateConnectorAddress(333)) - HTTP server of hddsDatanode listening at http://0.0.0.0:43735
2022-12-04 08:40:01,325 [Listener at 127.0.0.1/40415] WARN  impl.MetricRegistriesImpl (MetricRegistriesImpl.java:addReporterRegistration(111)) - New reporters are added after registries were created. Some metrics will be missing from the reporter. Please add reporter before adding any new registry.
2022-12-04 08:40:01,325 [Listener at 127.0.0.1/40415] WARN  impl.MetricRegistriesImpl (MetricRegistriesImpl.java:addReporterRegistration(111)) - New reporters are added after registries were created. Some metrics will be missing from the reporter. Please add reporter before adding any new registry.
2022-12-04 08:40:01,326 [Listener at 127.0.0.1/40415] INFO  impl.MetricsSystemImpl (MetricsSystemImpl.java:init(158)) - HddsDatanode metrics system started (again)
2022-12-04 08:40:01,329 [Datanode State Machine Daemon Thread] INFO  statemachine.DatanodeStateMachine (DatanodeStateMachine.java:lambda$startDaemon$0(505)) - Ozone container server started.
2022-12-04 08:40:01,361 [org.apache.hadoop.util.JvmPauseMonitor$Monitor@1c9e5d1a] INFO  util.JvmPauseMonitor (JvmPauseMonitor.java:run(188)) - Starting JVM pause monitor
2022-12-04 08:40:01,364 [Listener at 127.0.0.1/40415] INFO  ozone.HddsDatanodeService (HddsDatanodeService.java:start(236)) - HddsDatanodeService host:fv-az380-152.nl4gydpcqt3ebnqutlzgyneqag.dx.internal.cloudapp.net ip:10.1.0.195
2022-12-04 08:40:01,367 [om1@group-C5BA1605619E-LeaderElection1] INFO  server.RaftServer$Division (ServerState.java:setRaftConf(430)) - om1@group-C5BA1605619E: set configuration 0: peers:[om1|rpc:localhost:9872|admin:|client:|dataStream:|priority:0|startupRole:FOLLOWER]|listeners:[], old=null
2022-12-04 08:40:01,383 [Datanode State Machine Task Thread - 0] INFO  datanode.InitDatanodeState (InitDatanodeState.java:persistContainerDatanodeDetails(138)) - DatanodeDetails is persisted to /home/runner/work/ozone/ozone/hadoop-ozone/integration-test/target/test-dir/MiniOzoneClusterImpl-a2a71a7e-4c8f-47b8-990b-2bc30dd677e7/datanode-1/meta/datanode.id
2022-12-04 08:40:01,389 [Listener at 127.0.0.1/40415] INFO  upgrade.AbstractLayoutVersionManager (AbstractLayoutVersionManager.java:init(83)) - Initializing Layout version manager with metadata layout = DATANODE_SCHEMA_V3 (version = 4), software layout = DATANODE_SCHEMA_V3 (version = 4)
2022-12-04 08:40:01,438 [Listener at 127.0.0.1/40415] INFO  reflections.Reflections (Reflections.java:scan(232)) - Reflections took 47 ms to scan 7 urls, producing 140 keys and 342 values 
2022-12-04 08:40:01,440 [Listener at 127.0.0.1/40415] INFO  statemachine.DatanodeStateMachine (DatanodeStateMachine.java:getEndPointTaskThreadPoolSize(245)) - Datanode State Machine Task Thread Pool size 2
2022-12-04 08:40:01,443 [Listener at 127.0.0.1/40415] INFO  volume.HddsVolume (HddsVolume.java:<init>(117)) - Creating HddsVolume: /home/runner/work/ozone/ozone/hadoop-ozone/integration-test/target/test-dir/MiniOzoneClusterImpl-a2a71a7e-4c8f-47b8-990b-2bc30dd677e7/datanode-2/data-0/containers/hdds of storage type : DISK capacity : 9223372036854775807
2022-12-04 08:40:01,443 [Listener at 127.0.0.1/40415] INFO  volume.MutableVolumeSet (MutableVolumeSet.java:initializeVolumeSet(174)) - Added Volume : /home/runner/work/ozone/ozone/hadoop-ozone/integration-test/target/test-dir/MiniOzoneClusterImpl-a2a71a7e-4c8f-47b8-990b-2bc30dd677e7/datanode-2/data-0/containers/hdds to VolumeSet
2022-12-04 08:40:01,443 [Listener at 127.0.0.1/40415] INFO  volume.ThrottledAsyncChecker (ThrottledAsyncChecker.java:schedule(141)) - Scheduling a check for /home/runner/work/ozone/ozone/hadoop-ozone/integration-test/target/test-dir/MiniOzoneClusterImpl-a2a71a7e-4c8f-47b8-990b-2bc30dd677e7/datanode-2/data-0/containers/hdds
2022-12-04 08:40:01,452 [Listener at 127.0.0.1/40415] INFO  volume.StorageVolumeChecker (StorageVolumeChecker.java:checkAllVolumes(202)) - Scheduled health check for volume /home/runner/work/ozone/ozone/hadoop-ozone/integration-test/target/test-dir/MiniOzoneClusterImpl-a2a71a7e-4c8f-47b8-990b-2bc30dd677e7/datanode-2/data-0/containers/hdds
2022-12-04 08:40:01,459 [om1@group-C5BA1605619E-SegmentedRaftLogWorker] INFO  segmented.SegmentedRaftLogWorker (SegmentedRaftLogWorker.java:execute(656)) - om1@group-C5BA1605619E-SegmentedRaftLogWorker: created new log segment /home/runner/work/ozone/ozone/hadoop-ozone/integration-test/target/test-dir/MiniOzoneClusterImpl-a2a71a7e-4c8f-47b8-990b-2bc30dd677e7/ozone-meta/ratis/bf265839-605b-3f16-9796-c5ba1605619e/current/log_inprogress_0
2022-12-04 08:40:01,465 [Listener at 127.0.0.1/40415] INFO  volume.MutableVolumeSet (MutableVolumeSet.java:initializeVolumeSet(174)) - Added Volume : /home/runner/work/ozone/ozone/hadoop-ozone/integration-test/target/test-dir/MiniOzoneClusterImpl-a2a71a7e-4c8f-47b8-990b-2bc30dd677e7/datanode-2/data/ratis to VolumeSet
2022-12-04 08:40:01,469 [Listener at 127.0.0.1/40415] INFO  volume.ThrottledAsyncChecker (ThrottledAsyncChecker.java:schedule(141)) - Scheduling a check for /home/runner/work/ozone/ozone/hadoop-ozone/integration-test/target/test-dir/MiniOzoneClusterImpl-a2a71a7e-4c8f-47b8-990b-2bc30dd677e7/datanode-2/data/ratis
2022-12-04 08:40:01,470 [Listener at 127.0.0.1/40415] INFO  volume.StorageVolumeChecker (StorageVolumeChecker.java:checkAllVolumes(202)) - Scheduled health check for volume /home/runner/work/ozone/ozone/hadoop-ozone/integration-test/target/test-dir/MiniOzoneClusterImpl-a2a71a7e-4c8f-47b8-990b-2bc30dd677e7/datanode-2/data/ratis
2022-12-04 08:40:01,488 [Thread-163] INFO  ozoneimpl.ContainerReader (ContainerReader.java:readVolume(175)) - Finish verifying containers on volume /home/runner/work/ozone/ozone/hadoop-ozone/integration-test/target/test-dir/MiniOzoneClusterImpl-a2a71a7e-4c8f-47b8-990b-2bc30dd677e7/datanode-2/data-0/containers/hdds
2022-12-04 08:40:01,488 [Listener at 127.0.0.1/40415] INFO  ozoneimpl.OzoneContainer (OzoneContainer.java:buildContainerSet(301)) - Build ContainerSet costs 0s
2022-12-04 08:40:01,497 [Listener at 127.0.0.1/40415] INFO  server.RaftServer (ConfUtils.java:logGet(46)) - raft.rpc.type = GRPC (default)
2022-12-04 08:40:01,497 [Listener at 127.0.0.1/40415] INFO  grpc.GrpcConfigKeys (ConfUtils.java:logFallback(53)) - raft.grpc.admin.host = null (fallback to raft.grpc.server.host)
2022-12-04 08:40:01,498 [Listener at 127.0.0.1/40415] INFO  grpc.GrpcConfigKeys (ConfUtils.java:logGet(46)) - raft.grpc.admin.port = 0 (custom)
2022-12-04 08:40:01,498 [Listener at 127.0.0.1/40415] INFO  grpc.GrpcConfigKeys (ConfUtils.java:logFallback(53)) - raft.grpc.client.host = null (fallback to raft.grpc.server.host)
2022-12-04 08:40:01,498 [Listener at 127.0.0.1/40415] INFO  grpc.GrpcConfigKeys (ConfUtils.java:logGet(46)) - raft.grpc.client.port = 0 (custom)
2022-12-04 08:40:01,498 [Listener at 127.0.0.1/40415] INFO  grpc.GrpcConfigKeys (ConfUtils.java:logGet(46)) - raft.grpc.server.host = null (default)
2022-12-04 08:40:01,498 [Listener at 127.0.0.1/40415] INFO  grpc.GrpcConfigKeys (ConfUtils.java:logGet(46)) - raft.grpc.server.port = 0 (default)
2022-12-04 08:40:01,498 [Listener at 127.0.0.1/40415] INFO  server.GrpcService (ConfUtils.java:logGet(46)) - raft.grpc.message.size.max = 32MB (=33554432) (custom)
2022-12-04 08:40:01,501 [Listener at 127.0.0.1/40415] INFO  server.RaftServerConfigKeys (ConfUtils.java:logGet(46)) - raft.server.log.appender.buffer.byte-limit = 33554432 (custom)
2022-12-04 08:40:01,501 [Listener at 127.0.0.1/40415] INFO  server.GrpcService (ConfUtils.java:logGet(46)) - raft.grpc.flow.control.window = 5MB (=5242880) (custom)
2022-12-04 08:40:01,501 [Listener at 127.0.0.1/40415] INFO  server.RaftServerConfigKeys (ConfUtils.java:logGet(46)) - raft.server.rpc.request.timeout = 60s (custom)
2022-12-04 08:40:01,501 [Listener at 127.0.0.1/40415] INFO  grpc.GrpcConfigKeys (ConfUtils.java:logGet(46)) - raft.grpc.server.heartbeat.channel = true (default)
2022-12-04 08:40:01,504 [Listener at 127.0.0.1/40415] INFO  grpc.GrpcConfigKeys (ConfUtils.java:logGet(46)) - raft.grpc.server.async.request.thread.pool.cached = true (default)
2022-12-04 08:40:01,504 [Listener at 127.0.0.1/40415] INFO  grpc.GrpcConfigKeys (ConfUtils.java:logGet(46)) - raft.grpc.server.async.request.thread.pool.size = 32 (default)
2022-12-04 08:40:01,506 [Listener at 127.0.0.1/40415] INFO  impl.DataStreamServerImpl (ConfUtils.java:logGet(46)) - raft.datastream.type = DISABLED (default)
2022-12-04 08:40:01,507 [Listener at 127.0.0.1/40415] INFO  server.RaftServerConfigKeys (ConfUtils.java:logGet(46)) - raft.server.threadpool.proxy.cached = true (default)
2022-12-04 08:40:01,507 [Listener at 127.0.0.1/40415] INFO  server.RaftServerConfigKeys (ConfUtils.java:logGet(46)) - raft.server.threadpool.proxy.size = 0 (default)
2022-12-04 08:40:01,507 [Listener at 127.0.0.1/40415] INFO  server.RaftServerConfigKeys (ConfUtils.java:logGet(46)) - raft.server.rpc.slowness.timeout = 300s (custom)
2022-12-04 08:40:01,507 [Listener at 127.0.0.1/40415] INFO  server.RaftServerConfigKeys (ConfUtils.java:logGet(46)) - raft.server.leaderelection.leader.step-down.wait-time = 10s (default)
2022-12-04 08:40:01,508 [Listener at 127.0.0.1/40415] INFO  server.RaftServerConfigKeys (ConfUtils.java:logGet(46)) - raft.server.storage.dir = [/home/runner/work/ozone/ozone/hadoop-ozone/integration-test/target/test-dir/MiniOzoneClusterImpl-a2a71a7e-4c8f-47b8-990b-2bc30dd677e7/datanode-2/data/ratis] (custom)
2022-12-04 08:40:01,514 [Listener at 127.0.0.1/40415] INFO  server.XceiverServerGrpc (XceiverServerGrpc.java:<init>(132)) - GrpcServer channel type EpollServerSocketChannel
2022-12-04 08:40:01,523 [Listener at 127.0.0.1/40415] INFO  http.BaseHttpServer (BaseHttpServer.java:newHttpServer2BuilderForOzone(213)) - Starting Web-server for hddsDatanode at: http://0.0.0.0:0
2022-12-04 08:40:01,523 [Listener at 127.0.0.1/40415] INFO  http.BaseHttpServer (BaseHttpServer.java:<init>(108)) - Hadoop Security Enabled: false Ozone Security Enabled: false Ozone HTTP Security Enabled: false 
2022-12-04 08:40:01,524 [Listener at 127.0.0.1/40415] WARN  server.AuthenticationFilter (AuthenticationFilter.java:constructSecretProvider(240)) - Unable to initialize FileSignerSecretProvider, falling back to use random secrets. Reason: Could not read signature secret file: /home/runner/hadoop-http-auth-signature-secret
2022-12-04 08:40:01,530 [Listener at 127.0.0.1/40415] WARN  http.HttpRequestLog (HttpRequestLog.java:getRequestLog(103)) - Jetty request log can only be enabled using Log4j
2022-12-04 08:40:01,531 [Listener at 127.0.0.1/40415] INFO  http.HttpServer2 (HttpServer2.java:addGlobalFilter(1031)) - Added global filter 'safety' (class=org.apache.hadoop.hdds.server.http.HttpServer2$QuotingInputFilter)
2022-12-04 08:40:01,532 [Listener at 127.0.0.1/40415] INFO  http.HttpServer2 (HttpServer2.java:addFilter(1007)) - Added filter static_user_filter (class=org.apache.hadoop.http.lib.StaticUserWebFilter$StaticUserFilter) to context hddsDatanode
2022-12-04 08:40:01,532 [Listener at 127.0.0.1/40415] INFO  http.HttpServer2 (HttpServer2.java:addFilter(1015)) - Added filter static_user_filter (class=org.apache.hadoop.http.lib.StaticUserWebFilter$StaticUserFilter) to context static
2022-12-04 08:40:01,532 [Listener at 127.0.0.1/40415] INFO  http.HttpServer2 (HttpServer2.java:addFilter(1015)) - Added filter static_user_filter (class=org.apache.hadoop.http.lib.StaticUserWebFilter$StaticUserFilter) to context logs
2022-12-04 08:40:01,533 [Listener at 127.0.0.1/40415] INFO  http.HttpServer2 (HttpServer2.java:bindListener(1250)) - Jetty bound to port 37667
2022-12-04 08:40:01,533 [Listener at 127.0.0.1/40415] INFO  server.Server (Server.java:doStart(375)) - jetty-9.4.49.v20220914; built: 2022-09-14T01:07:36.601Z; git: 4231a3b2e4cb8548a412a789936d640a97b1aa0a; jvm 1.8.0_352-b08
2022-12-04 08:40:01,551 [Listener at 127.0.0.1/40415] INFO  server.session (DefaultSessionIdManager.java:doStart(334)) - DefaultSessionIdManager workerName=node0
2022-12-04 08:40:01,551 [Listener at 127.0.0.1/40415] INFO  server.session (DefaultSessionIdManager.java:doStart(339)) - No SessionScavenger set, using defaults
2022-12-04 08:40:01,551 [Listener at 127.0.0.1/40415] INFO  server.session (HouseKeeper.java:startScavenging(132)) - node0 Scavenging every 600000ms
2022-12-04 08:40:01,552 [Listener at 127.0.0.1/40415] INFO  handler.ContextHandler (ContextHandler.java:doStart(921)) - Started o.e.j.s.ServletContextHandler@798673ea{logs,/logs,file:///home/runner/work/ozone/ozone/hadoop-ozone/integration-test/target/log,AVAILABLE}
2022-12-04 08:40:01,553 [Listener at 127.0.0.1/40415] INFO  handler.ContextHandler (ContextHandler.java:doStart(921)) - Started o.e.j.s.ServletContextHandler@414331e4{static,/static,jar:file:/home/runner/.m2/repository/org/apache/ozone/hdds-container-service/1.3.0-SNAPSHOT/hdds-container-service-1.3.0-SNAPSHOT.jar!/webapps/static,AVAILABLE}
2022-12-04 08:40:01,634 [om1@group-C5BA1605619E-StateMachineUpdater] INFO  ratis.OzoneManagerStateMachine (OzoneManagerStateMachine.java:notifyConfigurationChanged(192)) - Received Configuration change notification from Ratis. New Peer list:
[id: "om1"
address: "localhost:9872"
startupRole: FOLLOWER
]
2022-12-04 08:40:01,727 [Listener at 127.0.0.1/40415] INFO  handler.ContextHandler (ContextHandler.java:doStart(921)) - Started o.e.j.w.WebAppContext@75661b03{hddsDatanode,/,file:///tmp/jetty-0_0_0_0-37667-hdds-container-service-1_3_0-SNAPSHOT_jar-_-any-412886922808267758/webapp/,AVAILABLE}{jar:file:/home/runner/.m2/repository/org/apache/ozone/hdds-container-service/1.3.0-SNAPSHOT/hdds-container-service-1.3.0-SNAPSHOT.jar!/webapps/hddsDatanode}
2022-12-04 08:40:01,731 [Listener at 127.0.0.1/40415] INFO  server.AbstractConnector (AbstractConnector.java:doStart(333)) - Started ServerConnector@3e709353{HTTP/1.1, (http/1.1)}{0.0.0.0:37667}
2022-12-04 08:40:01,731 [Listener at 127.0.0.1/40415] INFO  server.Server (Server.java:doStart(415)) - Started @8789ms
2022-12-04 08:40:01,731 [Listener at 127.0.0.1/40415] WARN  impl.MetricsSystemImpl (MetricsSystemImpl.java:register(279)) - Sink prometheus already exists!
2022-12-04 08:40:01,732 [Listener at 127.0.0.1/40415] INFO  http.BaseHttpServer (BaseHttpServer.java:updateConnectorAddress(333)) - HTTP server of hddsDatanode listening at http://0.0.0.0:37667
2022-12-04 08:40:01,733 [Datanode State Machine Daemon Thread] INFO  statemachine.DatanodeStateMachine (DatanodeStateMachine.java:lambda$startDaemon$0(505)) - Ozone container server started.
2022-12-04 08:40:01,739 [Listener at 127.0.0.1/40415] INFO  ozone.MiniOzoneClusterImpl (MiniOzoneClusterImpl.java:lambda$waitForClusterToBeReady$0(216)) - Waiting for nodes to be ready. Got 0 of 3 DN Heartbeats.
2022-12-04 08:40:01,739 [Listener at 127.0.0.1/40415] INFO  ozone.MiniOzoneClusterImpl (MiniOzoneClusterImpl.java:lambda$waitForClusterToBeReady$0(219)) - Waiting for cluster to exit safe mode
2022-12-04 08:40:01,739 [Listener at 127.0.0.1/40415] INFO  ozone.MiniOzoneClusterImpl (MiniOzoneClusterImpl.java:lambda$waitForClusterToBeReady$0(221)) - SCM became leader
2022-12-04 08:40:01,747 [org.apache.hadoop.util.JvmPauseMonitor$Monitor@2630af2a] INFO  util.JvmPauseMonitor (JvmPauseMonitor.java:run(188)) - Starting JVM pause monitor
2022-12-04 08:40:01,748 [Datanode State Machine Task Thread - 0] INFO  datanode.InitDatanodeState (InitDatanodeState.java:persistContainerDatanodeDetails(138)) - DatanodeDetails is persisted to /home/runner/work/ozone/ozone/hadoop-ozone/integration-test/target/test-dir/MiniOzoneClusterImpl-a2a71a7e-4c8f-47b8-990b-2bc30dd677e7/datanode-2/meta/datanode.id
2022-12-04 08:40:02,740 [Listener at 127.0.0.1/40415] INFO  ozone.MiniOzoneClusterImpl (MiniOzoneClusterImpl.java:lambda$waitForClusterToBeReady$0(216)) - Waiting for nodes to be ready. Got 0 of 3 DN Heartbeats.
2022-12-04 08:40:02,740 [Listener at 127.0.0.1/40415] INFO  ozone.MiniOzoneClusterImpl (MiniOzoneClusterImpl.java:lambda$waitForClusterToBeReady$0(219)) - Waiting for cluster to exit safe mode
2022-12-04 08:40:02,740 [Listener at 127.0.0.1/40415] INFO  ozone.MiniOzoneClusterImpl (MiniOzoneClusterImpl.java:lambda$waitForClusterToBeReady$0(221)) - SCM became leader
2022-12-04 08:40:03,038 [EndpointStateMachine task thread for /0.0.0.0:45507 - 0 ] INFO  utils.DatanodeStoreCache (DatanodeStoreCache.java:addDB(58)) - Added db /home/runner/work/ozone/ozone/hadoop-ozone/integration-test/target/test-dir/MiniOzoneClusterImpl-a2a71a7e-4c8f-47b8-990b-2bc30dd677e7/datanode-0/data-0/containers/hdds/a2a71a7e-4c8f-47b8-990b-2bc30dd677e7/DS-98673330-6dcc-459e-baaa-e1a4edc3e30f/container.db to cache
2022-12-04 08:40:03,038 [EndpointStateMachine task thread for /0.0.0.0:45507 - 0 ] INFO  volume.HddsVolume (HddsVolume.java:createDbStore(307)) - SchemaV3 db is created and loaded at /home/runner/work/ozone/ozone/hadoop-ozone/integration-test/target/test-dir/MiniOzoneClusterImpl-a2a71a7e-4c8f-47b8-990b-2bc30dd677e7/datanode-0/data-0/containers/hdds/a2a71a7e-4c8f-47b8-990b-2bc30dd677e7/DS-98673330-6dcc-459e-baaa-e1a4edc3e30f/container.db for volume DS-98673330-6dcc-459e-baaa-e1a4edc3e30f
2022-12-04 08:40:03,042 [EndpointStateMachine task thread for /0.0.0.0:45507 - 0 ] INFO  ozoneimpl.OzoneContainer (OzoneContainer.java:start(395)) - Attempting to start container services.
2022-12-04 08:40:03,044 [EndpointStateMachine task thread for /0.0.0.0:45507 - 0 ] INFO  ozoneimpl.OzoneContainer (OzoneContainer.java:startContainerScrub(312)) - Scheduled background container scanners and the on-demand container scanner have been disabled.
2022-12-04 08:40:03,046 [EndpointStateMachine task thread for /0.0.0.0:45507 - 0 ] INFO  replication.ReplicationServer (ReplicationServer.java:start(111)) - ReplicationServer is started using port 43127
2022-12-04 08:40:03,053 [EndpointStateMachine task thread for /0.0.0.0:45507 - 0 ] INFO  ratis.XceiverServerRatis (XceiverServerRatis.java:start(481)) - Starting XceiverServerRatis 9f181cac-2687-4d62-98e9-3903a7499e01
2022-12-04 08:40:03,055 [EndpointStateMachine task thread for /0.0.0.0:45507 - 0 ] INFO  server.RaftServer (RaftServerProxy.java:startImpl(393)) - 9f181cac-2687-4d62-98e9-3903a7499e01: start RPC server
2022-12-04 08:40:03,057 [EndpointStateMachine task thread for /0.0.0.0:45507 - 0 ] INFO  server.GrpcService (GrpcService.java:startImpl(270)) - 9f181cac-2687-4d62-98e9-3903a7499e01: GrpcService started, listening on 35415
2022-12-04 08:40:03,058 [EndpointStateMachine task thread for /0.0.0.0:45507 - 0 ] INFO  ratis.XceiverServerRatis (XceiverServerRatis.java:getRealPort(502)) - XceiverServerRatis 9f181cac-2687-4d62-98e9-3903a7499e01 is started using port 35415 for RATIS
2022-12-04 08:40:03,058 [JvmPauseMonitor1] INFO  util.JvmPauseMonitor (JvmPauseMonitor.java:run(105)) - JvmPauseMonitor-9f181cac-2687-4d62-98e9-3903a7499e01: Started
2022-12-04 08:40:03,058 [EndpointStateMachine task thread for /0.0.0.0:45507 - 0 ] INFO  ratis.XceiverServerRatis (XceiverServerRatis.java:getRealPort(502)) - XceiverServerRatis 9f181cac-2687-4d62-98e9-3903a7499e01 is started using port 35415 for RATIS_ADMIN
2022-12-04 08:40:03,059 [EndpointStateMachine task thread for /0.0.0.0:45507 - 0 ] INFO  ratis.XceiverServerRatis (XceiverServerRatis.java:getRealPort(502)) - XceiverServerRatis 9f181cac-2687-4d62-98e9-3903a7499e01 is started using port 35415 for RATIS_SERVER
2022-12-04 08:40:03,061 [EndpointStateMachine task thread for /0.0.0.0:45507 - 0 ] INFO  server.XceiverServerGrpc (XceiverServerGrpc.java:start(180)) - XceiverServerGrpc 9f181cac-2687-4d62-98e9-3903a7499e01 is started using port 33887
2022-12-04 08:40:03,395 [EndpointStateMachine task thread for /0.0.0.0:45507 - 0 ] INFO  utils.DatanodeStoreCache (DatanodeStoreCache.java:addDB(58)) - Added db /home/runner/work/ozone/ozone/hadoop-ozone/integration-test/target/test-dir/MiniOzoneClusterImpl-a2a71a7e-4c8f-47b8-990b-2bc30dd677e7/datanode-1/data-0/containers/hdds/a2a71a7e-4c8f-47b8-990b-2bc30dd677e7/DS-c666b07b-3c49-45da-bb6d-eca56e848359/container.db to cache
2022-12-04 08:40:03,395 [EndpointStateMachine task thread for /0.0.0.0:45507 - 0 ] INFO  volume.HddsVolume (HddsVolume.java:createDbStore(307)) - SchemaV3 db is created and loaded at /home/runner/work/ozone/ozone/hadoop-ozone/integration-test/target/test-dir/MiniOzoneClusterImpl-a2a71a7e-4c8f-47b8-990b-2bc30dd677e7/datanode-1/data-0/containers/hdds/a2a71a7e-4c8f-47b8-990b-2bc30dd677e7/DS-c666b07b-3c49-45da-bb6d-eca56e848359/container.db for volume DS-c666b07b-3c49-45da-bb6d-eca56e848359
2022-12-04 08:40:03,396 [EndpointStateMachine task thread for /0.0.0.0:45507 - 0 ] INFO  ozoneimpl.OzoneContainer (OzoneContainer.java:start(395)) - Attempting to start container services.
2022-12-04 08:40:03,396 [EndpointStateMachine task thread for /0.0.0.0:45507 - 0 ] INFO  ozoneimpl.OzoneContainer (OzoneContainer.java:startContainerScrub(312)) - Scheduled background container scanners and the on-demand container scanner have been disabled.
2022-12-04 08:40:03,398 [EndpointStateMachine task thread for /0.0.0.0:45507 - 0 ] INFO  replication.ReplicationServer (ReplicationServer.java:start(111)) - ReplicationServer is started using port 34477
2022-12-04 08:40:03,398 [EndpointStateMachine task thread for /0.0.0.0:45507 - 0 ] INFO  ratis.XceiverServerRatis (XceiverServerRatis.java:start(481)) - Starting XceiverServerRatis 4dfe2bcf-3e8c-4c55-988b-76052f767a96
2022-12-04 08:40:03,399 [EndpointStateMachine task thread for /0.0.0.0:45507 - 0 ] INFO  server.RaftServer (RaftServerProxy.java:startImpl(393)) - 4dfe2bcf-3e8c-4c55-988b-76052f767a96: start RPC server
2022-12-04 08:40:03,402 [EndpointStateMachine task thread for /0.0.0.0:45507 - 0 ] INFO  server.GrpcService (GrpcService.java:startImpl(270)) - 4dfe2bcf-3e8c-4c55-988b-76052f767a96: GrpcService started, listening on 44975
2022-12-04 08:40:03,402 [EndpointStateMachine task thread for /0.0.0.0:45507 - 0 ] INFO  ratis.XceiverServerRatis (XceiverServerRatis.java:getRealPort(502)) - XceiverServerRatis 4dfe2bcf-3e8c-4c55-988b-76052f767a96 is started using port 44975 for RATIS
2022-12-04 08:40:03,402 [JvmPauseMonitor2] INFO  util.JvmPauseMonitor (JvmPauseMonitor.java:run(105)) - JvmPauseMonitor-4dfe2bcf-3e8c-4c55-988b-76052f767a96: Started
2022-12-04 08:40:03,402 [EndpointStateMachine task thread for /0.0.0.0:45507 - 0 ] INFO  ratis.XceiverServerRatis (XceiverServerRatis.java:getRealPort(502)) - XceiverServerRatis 4dfe2bcf-3e8c-4c55-988b-76052f767a96 is started using port 44975 for RATIS_ADMIN
2022-12-04 08:40:03,403 [EndpointStateMachine task thread for /0.0.0.0:45507 - 0 ] INFO  ratis.XceiverServerRatis (XceiverServerRatis.java:getRealPort(502)) - XceiverServerRatis 4dfe2bcf-3e8c-4c55-988b-76052f767a96 is started using port 44975 for RATIS_SERVER
2022-12-04 08:40:03,404 [EndpointStateMachine task thread for /0.0.0.0:45507 - 0 ] INFO  server.XceiverServerGrpc (XceiverServerGrpc.java:start(180)) - XceiverServerGrpc 4dfe2bcf-3e8c-4c55-988b-76052f767a96 is started using port 39209
2022-12-04 08:40:03,740 [Listener at 127.0.0.1/40415] INFO  ozone.MiniOzoneClusterImpl (MiniOzoneClusterImpl.java:lambda$waitForClusterToBeReady$0(216)) - Waiting for nodes to be ready. Got 0 of 3 DN Heartbeats.
2022-12-04 08:40:03,740 [Listener at 127.0.0.1/40415] INFO  ozone.MiniOzoneClusterImpl (MiniOzoneClusterImpl.java:lambda$waitForClusterToBeReady$0(219)) - Waiting for cluster to exit safe mode
2022-12-04 08:40:03,740 [Listener at 127.0.0.1/40415] INFO  ozone.MiniOzoneClusterImpl (MiniOzoneClusterImpl.java:lambda$waitForClusterToBeReady$0(221)) - SCM became leader
2022-12-04 08:40:03,776 [EndpointStateMachine task thread for /0.0.0.0:45507 - 0 ] INFO  utils.DatanodeStoreCache (DatanodeStoreCache.java:addDB(58)) - Added db /home/runner/work/ozone/ozone/hadoop-ozone/integration-test/target/test-dir/MiniOzoneClusterImpl-a2a71a7e-4c8f-47b8-990b-2bc30dd677e7/datanode-2/data-0/containers/hdds/a2a71a7e-4c8f-47b8-990b-2bc30dd677e7/DS-08b27f5b-45ba-4d32-b469-5318c92e1f62/container.db to cache
2022-12-04 08:40:03,776 [EndpointStateMachine task thread for /0.0.0.0:45507 - 0 ] INFO  volume.HddsVolume (HddsVolume.java:createDbStore(307)) - SchemaV3 db is created and loaded at /home/runner/work/ozone/ozone/hadoop-ozone/integration-test/target/test-dir/MiniOzoneClusterImpl-a2a71a7e-4c8f-47b8-990b-2bc30dd677e7/datanode-2/data-0/containers/hdds/a2a71a7e-4c8f-47b8-990b-2bc30dd677e7/DS-08b27f5b-45ba-4d32-b469-5318c92e1f62/container.db for volume DS-08b27f5b-45ba-4d32-b469-5318c92e1f62
2022-12-04 08:40:03,776 [EndpointStateMachine task thread for /0.0.0.0:45507 - 0 ] INFO  ozoneimpl.OzoneContainer (OzoneContainer.java:start(395)) - Attempting to start container services.
2022-12-04 08:40:03,777 [EndpointStateMachine task thread for /0.0.0.0:45507 - 0 ] INFO  ozoneimpl.OzoneContainer (OzoneContainer.java:startContainerScrub(312)) - Scheduled background container scanners and the on-demand container scanner have been disabled.
2022-12-04 08:40:03,779 [EndpointStateMachine task thread for /0.0.0.0:45507 - 0 ] INFO  replication.ReplicationServer (ReplicationServer.java:start(111)) - ReplicationServer is started using port 39591
2022-12-04 08:40:03,779 [EndpointStateMachine task thread for /0.0.0.0:45507 - 0 ] INFO  ratis.XceiverServerRatis (XceiverServerRatis.java:start(481)) - Starting XceiverServerRatis 63101611-ba0d-476d-ab21-ebb904ff5769
2022-12-04 08:40:03,781 [EndpointStateMachine task thread for /0.0.0.0:45507 - 0 ] INFO  server.RaftServer (RaftServerProxy.java:startImpl(393)) - 63101611-ba0d-476d-ab21-ebb904ff5769: start RPC server
2022-12-04 08:40:03,784 [EndpointStateMachine task thread for /0.0.0.0:45507 - 0 ] INFO  server.GrpcService (GrpcService.java:startImpl(270)) - 63101611-ba0d-476d-ab21-ebb904ff5769: GrpcService started, listening on 39977
2022-12-04 08:40:03,785 [EndpointStateMachine task thread for /0.0.0.0:45507 - 0 ] INFO  ratis.XceiverServerRatis (XceiverServerRatis.java:getRealPort(502)) - XceiverServerRatis 63101611-ba0d-476d-ab21-ebb904ff5769 is started using port 39977 for RATIS
2022-12-04 08:40:03,785 [EndpointStateMachine task thread for /0.0.0.0:45507 - 0 ] INFO  ratis.XceiverServerRatis (XceiverServerRatis.java:getRealPort(502)) - XceiverServerRatis 63101611-ba0d-476d-ab21-ebb904ff5769 is started using port 39977 for RATIS_ADMIN
2022-12-04 08:40:03,785 [EndpointStateMachine task thread for /0.0.0.0:45507 - 0 ] INFO  ratis.XceiverServerRatis (XceiverServerRatis.java:getRealPort(502)) - XceiverServerRatis 63101611-ba0d-476d-ab21-ebb904ff5769 is started using port 39977 for RATIS_SERVER
2022-12-04 08:40:03,786 [JvmPauseMonitor3] INFO  util.JvmPauseMonitor (JvmPauseMonitor.java:run(105)) - JvmPauseMonitor-63101611-ba0d-476d-ab21-ebb904ff5769: Started
2022-12-04 08:40:03,791 [EndpointStateMachine task thread for /0.0.0.0:45507 - 0 ] INFO  server.XceiverServerGrpc (XceiverServerGrpc.java:start(180)) - XceiverServerGrpc 63101611-ba0d-476d-ab21-ebb904ff5769 is started using port 42557
2022-12-04 08:40:04,741 [Listener at 127.0.0.1/40415] INFO  ozone.MiniOzoneClusterImpl (MiniOzoneClusterImpl.java:lambda$waitForClusterToBeReady$0(216)) - Waiting for nodes to be ready. Got 0 of 3 DN Heartbeats.
2022-12-04 08:40:04,741 [Listener at 127.0.0.1/40415] INFO  ozone.MiniOzoneClusterImpl (MiniOzoneClusterImpl.java:lambda$waitForClusterToBeReady$0(219)) - Waiting for cluster to exit safe mode
2022-12-04 08:40:04,741 [Listener at 127.0.0.1/40415] INFO  ozone.MiniOzoneClusterImpl (MiniOzoneClusterImpl.java:lambda$waitForClusterToBeReady$0(221)) - SCM became leader
2022-12-04 08:40:04,947 [IPC Server handler 13 on default port 45507] INFO  net.NetworkTopologyImpl (NetworkTopologyImpl.java:add(112)) - Added a new node: /default-rack/9f181cac-2687-4d62-98e9-3903a7499e01
2022-12-04 08:40:04,949 [IPC Server handler 13 on default port 45507] INFO  node.SCMNodeManager (SCMNodeManager.java:register(397)) - Registered Data node : 9f181cac-2687-4d62-98e9-3903a7499e01{ip: 10.1.0.195, host: fv-az380-152.nl4gydpcqt3ebnqutlzgyneqag.dx.internal.cloudapp.net, ports: [REPLICATION=43127, RATIS=35415, RATIS_ADMIN=35415, RATIS_SERVER=35415, STANDALONE=33887], networkLocation: /default-rack, certSerialId: null, persistedOpState: null, persistedOpStateExpiryEpochSec: 0}
2022-12-04 08:40:04,952 [EventQueue-NewNodeForNewNodeHandler] INFO  pipeline.BackgroundPipelineCreator (BackgroundPipelineCreator.java:notifyEventTriggered(276)) - trigger a one-shot run on RatisPipelineUtilsThread.
2022-12-04 08:40:04,955 [EventQueue-NodeRegistrationContainerReportForDataNodeSafeModeRule] INFO  safemode.SCMSafeModeManager (DataNodeSafeModeRule.java:process(71)) - SCM in safe mode. 1 DataNodes registered, 3 required.
2022-12-04 08:40:04,955 [EventQueue-NodeRegistrationContainerReportForContainerSafeModeRule] INFO  safemode.SCMSafeModeManager (SCMSafeModeManager.java:validateSafeModeExitRules(200)) - ContainerSafeModeRule rule is successfully validated
2022-12-04 08:40:04,955 [EventQueue-PipelineReportForOneReplicaPipelineSafeModeRule] INFO  safemode.SCMSafeModeManager (SCMSafeModeManager.java:validateSafeModeExitRules(200)) - AtleastOneDatanodeReportedRule rule is successfully validated
2022-12-04 08:40:04,964 [RatisPipelineUtilsThread - 0] INFO  pipeline.RatisPipelineProvider (RatisPipelineProvider.java:lambda$create$0(195)) - Sending CreatePipelineCommand for pipeline:PipelineID=10c2386f-fd2a-45f2-a60d-e0c03f538dac to datanode:9f181cac-2687-4d62-98e9-3903a7499e01
2022-12-04 08:40:04,985 [RatisPipelineUtilsThread - 0] INFO  pipeline.PipelineStateManagerImpl (PipelineStateManagerImpl.java:addPipeline(103)) - Created pipeline Pipeline[ Id: 10c2386f-fd2a-45f2-a60d-e0c03f538dac, Nodes: 9f181cac-2687-4d62-98e9-3903a7499e01{ip: 10.1.0.195, host: fv-az380-152.nl4gydpcqt3ebnqutlzgyneqag.dx.internal.cloudapp.net, ports: [REPLICATION=43127, RATIS=35415, RATIS_ADMIN=35415, RATIS_SERVER=35415, STANDALONE=33887], networkLocation: /default-rack, certSerialId: null, persistedOpState: IN_SERVICE, persistedOpStateExpiryEpochSec: 0}, ReplicationConfig: RATIS/ONE, State:ALLOCATED, leaderId:, CreationTimestamp2022-12-04T08:40:04.963Z[Etc/UTC]].
2022-12-04 08:40:05,364 [IPC Server handler 18 on default port 45507] INFO  net.NetworkTopologyImpl (NetworkTopologyImpl.java:add(112)) - Added a new node: /default-rack/4dfe2bcf-3e8c-4c55-988b-76052f767a96
2022-12-04 08:40:05,364 [IPC Server handler 18 on default port 45507] INFO  node.SCMNodeManager (SCMNodeManager.java:register(397)) - Registered Data node : 4dfe2bcf-3e8c-4c55-988b-76052f767a96{ip: 10.1.0.195, host: fv-az380-152.nl4gydpcqt3ebnqutlzgyneqag.dx.internal.cloudapp.net, ports: [REPLICATION=34477, RATIS=44975, RATIS_ADMIN=44975, RATIS_SERVER=44975, STANDALONE=39209], networkLocation: /default-rack, certSerialId: null, persistedOpState: null, persistedOpStateExpiryEpochSec: 0}
2022-12-04 08:40:05,365 [EventQueue-NewNodeForNewNodeHandler] INFO  pipeline.BackgroundPipelineCreator (BackgroundPipelineCreator.java:notifyEventTriggered(276)) - trigger a one-shot run on RatisPipelineUtilsThread.
2022-12-04 08:40:05,371 [RatisPipelineUtilsThread - 0] INFO  pipeline.RatisPipelineProvider (RatisPipelineProvider.java:lambda$create$0(195)) - Sending CreatePipelineCommand for pipeline:PipelineID=7ae9e925-6c27-496c-be17-33c8492c229c to datanode:4dfe2bcf-3e8c-4c55-988b-76052f767a96
2022-12-04 08:40:05,371 [EventQueue-NodeRegistrationContainerReportForDataNodeSafeModeRule] INFO  safemode.SCMSafeModeManager (DataNodeSafeModeRule.java:process(71)) - SCM in safe mode. 2 DataNodes registered, 3 required.
2022-12-04 08:40:05,372 [RatisPipelineUtilsThread - 0] INFO  pipeline.PipelineStateManagerImpl (PipelineStateManagerImpl.java:addPipeline(103)) - Created pipeline Pipeline[ Id: 7ae9e925-6c27-496c-be17-33c8492c229c, Nodes: 4dfe2bcf-3e8c-4c55-988b-76052f767a96{ip: 10.1.0.195, host: fv-az380-152.nl4gydpcqt3ebnqutlzgyneqag.dx.internal.cloudapp.net, ports: [REPLICATION=34477, RATIS=44975, RATIS_ADMIN=44975, RATIS_SERVER=44975, STANDALONE=39209], networkLocation: /default-rack, certSerialId: null, persistedOpState: IN_SERVICE, persistedOpStateExpiryEpochSec: 0}, ReplicationConfig: RATIS/ONE, State:ALLOCATED, leaderId:, CreationTimestamp2022-12-04T08:40:05.371Z[Etc/UTC]].
2022-12-04 08:40:05,742 [Listener at 127.0.0.1/40415] INFO  ozone.MiniOzoneClusterImpl (MiniOzoneClusterImpl.java:lambda$waitForClusterToBeReady$0(216)) - Waiting for nodes to be ready. Got 2 of 3 DN Heartbeats.
2022-12-04 08:40:05,742 [Listener at 127.0.0.1/40415] INFO  ozone.MiniOzoneClusterImpl (MiniOzoneClusterImpl.java:lambda$waitForClusterToBeReady$0(219)) - Waiting for cluster to exit safe mode
2022-12-04 08:40:05,742 [Listener at 127.0.0.1/40415] INFO  ozone.MiniOzoneClusterImpl (MiniOzoneClusterImpl.java:lambda$waitForClusterToBeReady$0(221)) - SCM became leader
2022-12-04 08:40:05,747 [IPC Server handler 17 on default port 45507] INFO  net.NetworkTopologyImpl (NetworkTopologyImpl.java:add(112)) - Added a new node: /default-rack/63101611-ba0d-476d-ab21-ebb904ff5769
2022-12-04 08:40:05,748 [IPC Server handler 17 on default port 45507] INFO  node.SCMNodeManager (SCMNodeManager.java:register(397)) - Registered Data node : 63101611-ba0d-476d-ab21-ebb904ff5769{ip: 10.1.0.195, host: fv-az380-152.nl4gydpcqt3ebnqutlzgyneqag.dx.internal.cloudapp.net, ports: [REPLICATION=39591, RATIS=39977, RATIS_ADMIN=39977, RATIS_SERVER=39977, STANDALONE=42557], networkLocation: /default-rack, certSerialId: null, persistedOpState: null, persistedOpStateExpiryEpochSec: 0}
2022-12-04 08:40:05,748 [EventQueue-NewNodeForNewNodeHandler] INFO  pipeline.BackgroundPipelineCreator (BackgroundPipelineCreator.java:notifyEventTriggered(276)) - trigger a one-shot run on RatisPipelineUtilsThread.
2022-12-04 08:40:05,748 [EventQueue-NodeRegistrationContainerReportForDataNodeSafeModeRule] INFO  safemode.SCMSafeModeManager (DataNodeSafeModeRule.java:process(71)) - SCM in safe mode. 3 DataNodes registered, 3 required.
2022-12-04 08:40:05,749 [EventQueue-NodeRegistrationContainerReportForDataNodeSafeModeRule] INFO  safemode.SCMSafeModeManager (SCMSafeModeManager.java:validateSafeModeExitRules(200)) - DataNodeSafeModeRule rule is successfully validated
2022-12-04 08:40:05,749 [EventQueue-NodeRegistrationContainerReportForDataNodeSafeModeRule] INFO  safemode.SCMSafeModeManager (SCMSafeModeManager.java:completePreCheck(229)) - All SCM safe mode pre check rules have passed
2022-12-04 08:40:05,749 [RatisPipelineUtilsThread - 0] INFO  pipeline.RatisPipelineProvider (RatisPipelineProvider.java:lambda$create$0(195)) - Sending CreatePipelineCommand for pipeline:PipelineID=70d4c4d1-285c-4ed7-9190-4a7dddc06410 to datanode:63101611-ba0d-476d-ab21-ebb904ff5769
2022-12-04 08:40:05,749 [EventQueue-NodeRegistrationContainerReportForDataNodeSafeModeRule] INFO  ha.SCMContext (SCMContext.java:updateSafeModeStatus(228)) - Update SafeModeStatus from SafeModeStatus{safeModeStatus=true, preCheckPassed=false} to SafeModeStatus{safeModeStatus=true, preCheckPassed=true}.
2022-12-04 08:40:05,749 [EventQueue-NodeRegistrationContainerReportForDataNodeSafeModeRule] INFO  pipeline.BackgroundPipelineCreator (BackgroundPipelineCreator.java:notifyEventTriggered(276)) - trigger a one-shot run on RatisPipelineUtilsThread.
2022-12-04 08:40:05,751 [RatisPipelineUtilsThread - 0] INFO  pipeline.PipelineStateManagerImpl (PipelineStateManagerImpl.java:addPipeline(103)) - Created pipeline Pipeline[ Id: 70d4c4d1-285c-4ed7-9190-4a7dddc06410, Nodes: 63101611-ba0d-476d-ab21-ebb904ff5769{ip: 10.1.0.195, host: fv-az380-152.nl4gydpcqt3ebnqutlzgyneqag.dx.internal.cloudapp.net, ports: [REPLICATION=39591, RATIS=39977, RATIS_ADMIN=39977, RATIS_SERVER=39977, STANDALONE=42557], networkLocation: /default-rack, certSerialId: null, persistedOpState: IN_SERVICE, persistedOpStateExpiryEpochSec: 0}, ReplicationConfig: RATIS/ONE, State:ALLOCATED, leaderId:, CreationTimestamp2022-12-04T08:40:05.749Z[Etc/UTC]].
2022-12-04 08:40:05,755 [RatisPipelineUtilsThread - 0] INFO  pipeline.RatisPipelineProvider (RatisPipelineProvider.java:lambda$create$0(195)) - Sending CreatePipelineCommand for pipeline:PipelineID=1aa1602e-4112-4eaf-8af1-90796de8a9d8 to datanode:63101611-ba0d-476d-ab21-ebb904ff5769
2022-12-04 08:40:05,755 [RatisPipelineUtilsThread - 0] INFO  pipeline.RatisPipelineProvider (RatisPipelineProvider.java:lambda$create$0(195)) - Sending CreatePipelineCommand for pipeline:PipelineID=1aa1602e-4112-4eaf-8af1-90796de8a9d8 to datanode:9f181cac-2687-4d62-98e9-3903a7499e01
2022-12-04 08:40:05,755 [RatisPipelineUtilsThread - 0] INFO  pipeline.RatisPipelineProvider (RatisPipelineProvider.java:lambda$create$0(195)) - Sending CreatePipelineCommand for pipeline:PipelineID=1aa1602e-4112-4eaf-8af1-90796de8a9d8 to datanode:4dfe2bcf-3e8c-4c55-988b-76052f767a96
2022-12-04 08:40:05,758 [RatisPipelineUtilsThread - 0] INFO  pipeline.PipelineStateManagerImpl (PipelineStateManagerImpl.java:addPipeline(103)) - Created pipeline Pipeline[ Id: 1aa1602e-4112-4eaf-8af1-90796de8a9d8, Nodes: 63101611-ba0d-476d-ab21-ebb904ff5769{ip: 10.1.0.195, host: fv-az380-152.nl4gydpcqt3ebnqutlzgyneqag.dx.internal.cloudapp.net, ports: [REPLICATION=39591, RATIS=39977, RATIS_ADMIN=39977, RATIS_SERVER=39977, STANDALONE=42557], networkLocation: /default-rack, certSerialId: null, persistedOpState: IN_SERVICE, persistedOpStateExpiryEpochSec: 0}9f181cac-2687-4d62-98e9-3903a7499e01{ip: 10.1.0.195, host: fv-az380-152.nl4gydpcqt3ebnqutlzgyneqag.dx.internal.cloudapp.net, ports: [REPLICATION=43127, RATIS=35415, RATIS_ADMIN=35415, RATIS_SERVER=35415, STANDALONE=33887], networkLocation: /default-rack, certSerialId: null, persistedOpState: IN_SERVICE, persistedOpStateExpiryEpochSec: 0}4dfe2bcf-3e8c-4c55-988b-76052f767a96{ip: 10.1.0.195, host: fv-az380-152.nl4gydpcqt3ebnqutlzgyneqag.dx.internal.cloudapp.net, ports: [REPLICATION=34477, RATIS=44975, RATIS_ADMIN=44975, RATIS_SERVER=44975, STANDALONE=39209], networkLocation: /default-rack, certSerialId: null, persistedOpState: IN_SERVICE, persistedOpStateExpiryEpochSec: 0}, ReplicationConfig: RATIS/THREE, State:ALLOCATED, leaderId:, CreationTimestamp2022-12-04T08:40:05.755Z[Etc/UTC]].
2022-12-04 08:40:05,760 [RatisPipelineUtilsThread - 0] INFO  pipeline.RatisPipelineProvider (RatisPipelineProvider.java:lambda$create$0(195)) - Sending CreatePipelineCommand for pipeline:PipelineID=b92b2e80-45f8-4e92-b432-317d392e37cf to datanode:63101611-ba0d-476d-ab21-ebb904ff5769
2022-12-04 08:40:05,761 [RatisPipelineUtilsThread - 0] INFO  pipeline.RatisPipelineProvider (RatisPipelineProvider.java:lambda$create$0(195)) - Sending CreatePipelineCommand for pipeline:PipelineID=b92b2e80-45f8-4e92-b432-317d392e37cf to datanode:4dfe2bcf-3e8c-4c55-988b-76052f767a96
2022-12-04 08:40:05,761 [RatisPipelineUtilsThread - 0] INFO  pipeline.RatisPipelineProvider (RatisPipelineProvider.java:lambda$create$0(195)) - Sending CreatePipelineCommand for pipeline:PipelineID=b92b2e80-45f8-4e92-b432-317d392e37cf to datanode:9f181cac-2687-4d62-98e9-3903a7499e01
2022-12-04 08:40:05,764 [RatisPipelineUtilsThread - 0] INFO  pipeline.PipelineStateManagerImpl (PipelineStateManagerImpl.java:addPipeline(103)) - Created pipeline Pipeline[ Id: b92b2e80-45f8-4e92-b432-317d392e37cf, Nodes: 63101611-ba0d-476d-ab21-ebb904ff5769{ip: 10.1.0.195, host: fv-az380-152.nl4gydpcqt3ebnqutlzgyneqag.dx.internal.cloudapp.net, ports: [REPLICATION=39591, RATIS=39977, RATIS_ADMIN=39977, RATIS_SERVER=39977, STANDALONE=42557], networkLocation: /default-rack, certSerialId: null, persistedOpState: IN_SERVICE, persistedOpStateExpiryEpochSec: 0}4dfe2bcf-3e8c-4c55-988b-76052f767a96{ip: 10.1.0.195, host: fv-az380-152.nl4gydpcqt3ebnqutlzgyneqag.dx.internal.cloudapp.net, ports: [REPLICATION=34477, RATIS=44975, RATIS_ADMIN=44975, RATIS_SERVER=44975, STANDALONE=39209], networkLocation: /default-rack, certSerialId: null, persistedOpState: IN_SERVICE, persistedOpStateExpiryEpochSec: 0}9f181cac-2687-4d62-98e9-3903a7499e01{ip: 10.1.0.195, host: fv-az380-152.nl4gydpcqt3ebnqutlzgyneqag.dx.internal.cloudapp.net, ports: [REPLICATION=43127, RATIS=35415, RATIS_ADMIN=35415, RATIS_SERVER=35415, STANDALONE=33887], networkLocation: /default-rack, certSerialId: null, persistedOpState: IN_SERVICE, persistedOpStateExpiryEpochSec: 0}, ReplicationConfig: RATIS/THREE, State:ALLOCATED, leaderId:, CreationTimestamp2022-12-04T08:40:05.760Z[Etc/UTC]].
2022-12-04 08:40:05,765 [RatisPipelineUtilsThread - 0] INFO  pipeline.PipelineManagerImpl (PipelineManagerImpl.java:recordMetricsForPipeline(826)) - Pipeline: PipelineID=b92b2e80-45f8-4e92-b432-317d392e37cf contains same datanodes as previous pipelines: PipelineID=1aa1602e-4112-4eaf-8af1-90796de8a9d8 nodeIds: 63101611-ba0d-476d-ab21-ebb904ff5769, 4dfe2bcf-3e8c-4c55-988b-76052f767a96, 9f181cac-2687-4d62-98e9-3903a7499e01
2022-12-04 08:40:06,742 [Listener at 127.0.0.1/40415] INFO  ozone.MiniOzoneClusterImpl (MiniOzoneClusterImpl.java:lambda$waitForClusterToBeReady$0(216)) - Nodes are ready. Got 3 of 3 DN Heartbeats.
2022-12-04 08:40:06,743 [Listener at 127.0.0.1/40415] INFO  ozone.MiniOzoneClusterImpl (MiniOzoneClusterImpl.java:lambda$waitForClusterToBeReady$0(219)) - Waiting for cluster to exit safe mode
2022-12-04 08:40:06,743 [Listener at 127.0.0.1/40415] INFO  ozone.MiniOzoneClusterImpl (MiniOzoneClusterImpl.java:lambda$waitForClusterToBeReady$0(221)) - SCM became leader
2022-12-04 08:40:06,925 [EventQueue-CommandQueueReportForCommandQueueReportHandler] WARN  events.EventQueue (EventQueue.java:fireEvent(216)) - No event handler registered for event TypedEvent{payloadType=DatanodeDetails, name='Datanode_Command_Queue_Updated'}
2022-12-04 08:40:07,364 [EventQueue-CommandQueueReportForCommandQueueReportHandler] WARN  events.EventQueue (EventQueue.java:fireEvent(216)) - No event handler registered for event TypedEvent{payloadType=DatanodeDetails, name='Datanode_Command_Queue_Updated'}
2022-12-04 08:40:07,744 [Listener at 127.0.0.1/40415] INFO  ozone.MiniOzoneClusterImpl (MiniOzoneClusterImpl.java:lambda$waitForClusterToBeReady$0(216)) - Nodes are ready. Got 3 of 3 DN Heartbeats.
2022-12-04 08:40:07,744 [Listener at 127.0.0.1/40415] INFO  ozone.MiniOzoneClusterImpl (MiniOzoneClusterImpl.java:lambda$waitForClusterToBeReady$0(219)) - Waiting for cluster to exit safe mode
2022-12-04 08:40:07,744 [Listener at 127.0.0.1/40415] INFO  ozone.MiniOzoneClusterImpl (MiniOzoneClusterImpl.java:lambda$waitForClusterToBeReady$0(221)) - SCM became leader
2022-12-04 08:40:07,747 [EventQueue-CommandQueueReportForCommandQueueReportHandler] WARN  events.EventQueue (EventQueue.java:fireEvent(216)) - No event handler registered for event TypedEvent{payloadType=DatanodeDetails, name='Datanode_Command_Queue_Updated'}
2022-12-04 08:40:07,923 [EventQueue-CommandQueueReportForCommandQueueReportHandler] WARN  events.EventQueue (EventQueue.java:fireEvent(216)) - No event handler registered for event TypedEvent{payloadType=DatanodeDetails, name='Datanode_Command_Queue_Updated'}
2022-12-04 08:40:07,957 [Command processor thread] INFO  server.RaftServer (RaftServerProxy.java:addNew(96)) - 9f181cac-2687-4d62-98e9-3903a7499e01: addNew group-E0C03F538DAC:[9f181cac-2687-4d62-98e9-3903a7499e01|rpc:10.1.0.195:35415|priority:1|startupRole:FOLLOWER] returns group-E0C03F538DAC:java.util.concurrent.CompletableFuture@7b4aa218[Not completed]
2022-12-04 08:40:07,969 [pool-71-thread-1] INFO  server.RaftServer$Division (RaftServerImpl.java:<init>(195)) - 9f181cac-2687-4d62-98e9-3903a7499e01: new RaftServerImpl for group-E0C03F538DAC:[9f181cac-2687-4d62-98e9-3903a7499e01|rpc:10.1.0.195:35415|priority:1|startupRole:FOLLOWER] with ContainerStateMachine:uninitialized
2022-12-04 08:40:07,970 [pool-71-thread-1] INFO  server.RaftServerConfigKeys (ConfUtils.java:logGet(46)) - raft.server.rpc.timeout.min = 5s (custom)
2022-12-04 08:40:07,970 [pool-71-thread-1] INFO  server.RaftServerConfigKeys (ConfUtils.java:logGet(46)) - raft.server.rpc.timeout.max = 5200ms (custom)
2022-12-04 08:40:07,970 [pool-71-thread-1] INFO  server.RaftServerConfigKeys (ConfUtils.java:logGet(46)) - raft.server.rpc.sleep.time = 25ms (default)
2022-12-04 08:40:07,970 [pool-71-thread-1] INFO  server.RaftServerConfigKeys (ConfUtils.java:logGet(46)) - raft.server.rpc.slowness.timeout = 300s (custom)
2022-12-04 08:40:07,970 [pool-71-thread-1] INFO  server.RaftServerConfigKeys (ConfUtils.java:logGet(46)) - raft.server.leaderelection.leader.step-down.wait-time = 10s (default)
2022-12-04 08:40:07,970 [pool-71-thread-1] INFO  server.RaftServerConfigKeys (ConfUtils.java:logGet(46)) - raft.server.sleep.deviation.threshold = 300ms (default)
2022-12-04 08:40:07,970 [pool-71-thread-1] INFO  server.RaftServer$Division (ServerState.java:<init>(118)) - 9f181cac-2687-4d62-98e9-3903a7499e01@group-E0C03F538DAC: ConfigurationManager, init=-1: peers:[9f181cac-2687-4d62-98e9-3903a7499e01|rpc:10.1.0.195:35415|priority:1|startupRole:FOLLOWER]|listeners:[], old=null, confs=<EMPTY_MAP>
2022-12-04 08:40:07,970 [pool-71-thread-1] INFO  server.RaftServerConfigKeys (ConfUtils.java:logGet(46)) - raft.server.storage.dir = [/home/runner/work/ozone/ozone/hadoop-ozone/integration-test/target/test-dir/MiniOzoneClusterImpl-a2a71a7e-4c8f-47b8-990b-2bc30dd677e7/datanode-0/data/ratis] (custom)
2022-12-04 08:40:07,971 [pool-71-thread-1] INFO  server.RaftServerConfigKeys (ConfUtils.java:logGet(46)) - raft.server.log.corruption.policy = EXCEPTION (default)
2022-12-04 08:40:07,971 [pool-71-thread-1] INFO  server.RaftServerConfigKeys (ConfUtils.java:logGet(46)) - raft.server.storage.free-space.min = 0MB (=0) (default)
2022-12-04 08:40:07,971 [pool-71-thread-1] INFO  server.RaftServerConfigKeys (ConfUtils.java:logGet(46)) - raft.server.notification.no-leader.timeout = 300s (custom)
2022-12-04 08:40:07,971 [pool-71-thread-1] INFO  server.RaftServerConfigKeys (ConfUtils.java:logGet(46)) - raft.server.retrycache.expirytime = 600000ms (custom)
2022-12-04 08:40:07,971 [pool-71-thread-1] INFO  server.RaftServerConfigKeys (ConfUtils.java:logGet(46)) - raft.server.retrycache.statistics.expirytime = 100μs (default)
2022-12-04 08:40:07,979 [pool-71-thread-1] INFO  server.RaftServerConfigKeys (ConfUtils.java:logGet(46)) - raft.server.log.appender.install.snapshot.enabled = false (custom)
2022-12-04 08:40:07,979 [pool-71-thread-1] INFO  server.RaftServerConfigKeys (ConfUtils.java:logGet(46)) - raft.server.threadpool.server.cached = true (default)
2022-12-04 08:40:07,979 [pool-71-thread-1] INFO  server.RaftServerConfigKeys (ConfUtils.java:logGet(46)) - raft.server.threadpool.server.size = 0 (default)
2022-12-04 08:40:07,981 [pool-71-thread-1] INFO  server.RaftServerConfigKeys (ConfUtils.java:logGet(46)) - raft.server.threadpool.client.cached = true (default)
2022-12-04 08:40:07,982 [pool-71-thread-1] INFO  server.RaftServerConfigKeys (ConfUtils.java:logGet(46)) - raft.server.threadpool.client.size = 0 (default)
2022-12-04 08:40:07,982 [pool-71-thread-1] INFO  storage.RaftStorageDirectory (RaftStorageDirectoryImpl.java:analyzeStorage(137)) - The storage directory /home/runner/work/ozone/ozone/hadoop-ozone/integration-test/target/test-dir/MiniOzoneClusterImpl-a2a71a7e-4c8f-47b8-990b-2bc30dd677e7/datanode-0/data/ratis/10c2386f-fd2a-45f2-a60d-e0c03f538dac does not exist. Creating ...
2022-12-04 08:40:07,984 [pool-71-thread-1] INFO  storage.RaftStorageDirectory (RaftStorageDirectoryImpl.java:tryLock(231)) - Lock on /home/runner/work/ozone/ozone/hadoop-ozone/integration-test/target/test-dir/MiniOzoneClusterImpl-a2a71a7e-4c8f-47b8-990b-2bc30dd677e7/datanode-0/data/ratis/10c2386f-fd2a-45f2-a60d-e0c03f538dac/in_use.lock acquired by nodename 50461@fv-az380-152
2022-12-04 08:40:07,986 [pool-71-thread-1] INFO  storage.RaftStorage (RaftStorageImpl.java:format(96)) - Storage directory /home/runner/work/ozone/ozone/hadoop-ozone/integration-test/target/test-dir/MiniOzoneClusterImpl-a2a71a7e-4c8f-47b8-990b-2bc30dd677e7/datanode-0/data/ratis/10c2386f-fd2a-45f2-a60d-e0c03f538dac has been successfully formatted.
2022-12-04 08:40:07,996 [pool-71-thread-1] INFO  ratis.ContainerStateMachine (ContainerStateMachine.java:loadSnapshot(236)) - group-E0C03F538DAC: The snapshot info is null. Setting the last applied indexto:(t:0, i:~)
2022-12-04 08:40:07,997 [pool-71-thread-1] INFO  server.RaftServerConfigKeys (ConfUtils.java:logGet(46)) - raft.server.log.use.memory = false (default)
2022-12-04 08:40:07,997 [pool-71-thread-1] INFO  server.RaftServerConfigKeys (ConfUtils.java:logGet(46)) - raft.server.log.purge.gap = 1000000 (custom)
2022-12-04 08:40:07,997 [pool-71-thread-1] INFO  server.RaftServerConfigKeys (ConfUtils.java:logGet(46)) - raft.server.log.appender.buffer.byte-limit = 33554432 (custom)
2022-12-04 08:40:07,997 [pool-71-thread-1] INFO  server.RaftServerConfigKeys (ConfUtils.java:logGet(46)) - raft.server.log.statemachine.data.read.timeout = 1000ms (default)
2022-12-04 08:40:07,997 [pool-71-thread-1] INFO  server.RaftServerConfigKeys (ConfUtils.java:logGet(46)) - raft.server.log.purge.preservation.log.num = 0 (default)
2022-12-04 08:40:07,997 [pool-71-thread-1] INFO  server.RaftServerConfigKeys (ConfUtils.java:logGet(46)) - raft.server.log.segment.size.max = 1048576 (custom)
2022-12-04 08:40:08,002 [pool-71-thread-1] INFO  server.RaftServerConfigKeys (ConfUtils.java:logGet(46)) - raft.server.log.segment.cache.num.max = 2 (custom)
2022-12-04 08:40:08,002 [pool-71-thread-1] INFO  server.RaftServerConfigKeys (ConfUtils.java:logGet(46)) - raft.server.log.segment.cache.size.max = 200MB (=209715200) (default)
2022-12-04 08:40:08,002 [pool-71-thread-1] INFO  segmented.SegmentedRaftLogWorker (SegmentedRaftLogWorker.java:<init>(189)) - new 9f181cac-2687-4d62-98e9-3903a7499e01@group-E0C03F538DAC-SegmentedRaftLogWorker for RaftStorageImpl:Storage Directory /home/runner/work/ozone/ozone/hadoop-ozone/integration-test/target/test-dir/MiniOzoneClusterImpl-a2a71a7e-4c8f-47b8-990b-2bc30dd677e7/datanode-0/data/ratis/10c2386f-fd2a-45f2-a60d-e0c03f538dac
2022-12-04 08:40:08,002 [pool-71-thread-1] INFO  server.RaftServerConfigKeys (ConfUtils.java:logGet(46)) - raft.server.log.queue.byte-limit = 4294967296 (custom)
2022-12-04 08:40:08,002 [pool-71-thread-1] INFO  server.RaftServerConfigKeys (ConfUtils.java:logGet(46)) - raft.server.log.queue.element-limit = 1024 (custom)
2022-12-04 08:40:08,002 [pool-71-thread-1] INFO  server.RaftServerConfigKeys (ConfUtils.java:logGet(46)) - raft.server.log.segment.size.max = 1048576 (custom)
2022-12-04 08:40:08,002 [pool-71-thread-1] INFO  server.RaftServerConfigKeys (ConfUtils.java:logGet(46)) - raft.server.log.preallocated.size = 16384 (custom)
2022-12-04 08:40:08,002 [pool-71-thread-1] INFO  server.RaftServerConfigKeys (ConfUtils.java:logGet(46)) - raft.server.log.force.sync.num = 128 (default)
2022-12-04 08:40:08,002 [pool-71-thread-1] INFO  server.RaftServerConfigKeys (ConfUtils.java:logGet(46)) - raft.server.log.statemachine.data.sync = true (default)
2022-12-04 08:40:08,003 [pool-71-thread-1] INFO  server.RaftServerConfigKeys (ConfUtils.java:logGet(46)) - raft.server.log.statemachine.data.sync.timeout = 10s (default)
2022-12-04 08:40:08,003 [pool-71-thread-1] INFO  server.RaftServerConfigKeys (ConfUtils.java:logGet(46)) - raft.server.log.statemachine.data.sync.timeout.retry = -1 (default)
2022-12-04 08:40:08,007 [pool-71-thread-1] INFO  server.RaftServerConfigKeys (ConfUtils.java:logGet(46)) - raft.server.log.write.buffer.size = 1048576 (custom)
2022-12-04 08:40:08,009 [pool-71-thread-1] INFO  server.RaftServerConfigKeys (ConfUtils.java:logGet(46)) - raft.server.log.appender.buffer.byte-limit = 33554432 (custom)
2022-12-04 08:40:08,014 [pool-71-thread-1] INFO  server.RaftServerConfigKeys (ConfUtils.java:logGet(46)) - raft.server.log.unsafe-flush.enabled = false (default)
2022-12-04 08:40:08,015 [pool-71-thread-1] INFO  server.RaftServerConfigKeys (ConfUtils.java:logGet(46)) - raft.server.log.async-flush.enabled = false (default)
2022-12-04 08:40:08,015 [pool-71-thread-1] INFO  server.RaftServerConfigKeys (ConfUtils.java:logGet(46)) - raft.server.log.statemachine.data.caching.enabled = true (custom)
2022-12-04 08:40:08,015 [EventQueue-CommandQueueReportForCommandQueueReportHandler] WARN  events.EventQueue (EventQueue.java:fireEvent(216)) - No event handler registered for event TypedEvent{payloadType=DatanodeDetails, name='Datanode_Command_Queue_Updated'}
2022-12-04 08:40:08,016 [pool-71-thread-1] INFO  segmented.SegmentedRaftLogWorker (SegmentedRaftLogWorker.java:lambda$new$0(135)) - 9f181cac-2687-4d62-98e9-3903a7499e01@group-E0C03F538DAC-SegmentedRaftLogWorker: flushIndex: setUnconditionally 0 -> -1
2022-12-04 08:40:08,016 [pool-71-thread-1] INFO  segmented.SegmentedRaftLogWorker (SegmentedRaftLogWorker.java:lambda$new$0(135)) - 9f181cac-2687-4d62-98e9-3903a7499e01@group-E0C03F538DAC-SegmentedRaftLogWorker: safeCacheEvictIndex: setUnconditionally 0 -> -1
2022-12-04 08:40:08,016 [EventQueue-PipelineReportForPipelineReportHandler] INFO  pipeline.PipelineManagerImpl (PipelineManagerImpl.java:openPipeline(367)) - Pipeline Pipeline[ Id: 10c2386f-fd2a-45f2-a60d-e0c03f538dac, Nodes: 9f181cac-2687-4d62-98e9-3903a7499e01{ip: 10.1.0.195, host: fv-az380-152.nl4gydpcqt3ebnqutlzgyneqag.dx.internal.cloudapp.net, ports: [REPLICATION=43127, RATIS=35415, RATIS_ADMIN=35415, RATIS_SERVER=35415, STANDALONE=33887], networkLocation: /default-rack, certSerialId: null, persistedOpState: IN_SERVICE, persistedOpStateExpiryEpochSec: 0}, ReplicationConfig: RATIS/ONE, State:ALLOCATED, leaderId:9f181cac-2687-4d62-98e9-3903a7499e01, CreationTimestamp2022-12-04T08:40:04.963Z[Etc/UTC]] moved to OPEN state
2022-12-04 08:40:08,016 [pool-71-thread-1] INFO  server.RaftServer$Division (RaftServerImpl.java:start(334)) - 9f181cac-2687-4d62-98e9-3903a7499e01@group-E0C03F538DAC: start as a follower, conf=-1: peers:[9f181cac-2687-4d62-98e9-3903a7499e01|rpc:10.1.0.195:35415|priority:1|startupRole:FOLLOWER]|listeners:[], old=null
2022-12-04 08:40:08,016 [pool-71-thread-1] INFO  server.RaftServer$Division (RaftServerImpl.java:setRole(321)) - 9f181cac-2687-4d62-98e9-3903a7499e01@group-E0C03F538DAC: changes role from      null to FOLLOWER at term 0 for startAsFollower
2022-12-04 08:40:08,016 [pool-71-thread-1] INFO  impl.RoleInfo (RoleInfo.java:updateAndGet(139)) - 9f181cac-2687-4d62-98e9-3903a7499e01: start 9f181cac-2687-4d62-98e9-3903a7499e01@group-E0C03F538DAC-FollowerState
2022-12-04 08:40:08,017 [9f181cac-2687-4d62-98e9-3903a7499e01@group-E0C03F538DAC-FollowerState] INFO  server.RaftServerConfigKeys (ConfUtils.java:logFallback(53)) - raft.server.rpc.first-election.timeout.min = 5s (fallback to raft.server.rpc.timeout.min)
2022-12-04 08:40:08,017 [pool-71-thread-1] INFO  util.JmxRegister (JmxRegister.java:tryRegister(44)) - Successfully registered JMX Bean with object name Ratis:service=RaftServer,group=group-E0C03F538DAC,id=9f181cac-2687-4d62-98e9-3903a7499e01
2022-12-04 08:40:08,019 [pool-71-thread-1] INFO  server.RaftServerConfigKeys (ConfUtils.java:logGet(46)) - raft.server.snapshot.auto.trigger.enabled = true (custom)
2022-12-04 08:40:08,019 [pool-71-thread-1] INFO  server.RaftServerConfigKeys (ConfUtils.java:logGet(46)) - raft.server.snapshot.auto.trigger.threshold = 10000 (custom)
2022-12-04 08:40:08,019 [EventQueue-OpenPipelineForHealthyPipelineSafeModeRule] INFO  safemode.SCMSafeModeManager (HealthyPipelineSafeModeRule.java:process(137)) - SCM in safe mode. Healthy pipelines reported count is 0, required healthy pipeline reported count is 1
2022-12-04 08:40:08,019 [pool-71-thread-1] INFO  server.RaftServerConfigKeys (ConfUtils.java:logGet(46)) - raft.server.snapshot.retention.file.num = 5 (custom)
2022-12-04 08:40:08,019 [pool-71-thread-1] INFO  server.RaftServerConfigKeys (ConfUtils.java:logGet(46)) - raft.server.log.purge.upto.snapshot.index = false (default)
2022-12-04 08:40:08,022 [9f181cac-2687-4d62-98e9-3903a7499e01@group-E0C03F538DAC-FollowerState] INFO  server.RaftServerConfigKeys (ConfUtils.java:logFallback(53)) - raft.server.rpc.first-election.timeout.max = 5200ms (fallback to raft.server.rpc.timeout.max)
2022-12-04 08:40:08,027 [Command processor thread] INFO  ratis.XceiverServerRatis (XceiverServerRatis.java:addGroup(765)) - Created group PipelineID=10c2386f-fd2a-45f2-a60d-e0c03f538dac
2022-12-04 08:40:08,027 [Command processor thread] INFO  commandhandler.CreatePipelineCommandHandler (CreatePipelineCommandHandler.java:handle(113)) - Created Pipeline RATIS ONE PipelineID=10c2386f-fd2a-45f2-a60d-e0c03f538dac.
2022-12-04 08:40:08,028 [Command processor thread] INFO  server.RaftServer (RaftServerProxy.java:addNew(96)) - 9f181cac-2687-4d62-98e9-3903a7499e01: addNew group-90796DE8A9D8:[9f181cac-2687-4d62-98e9-3903a7499e01|rpc:10.1.0.195:35415|priority:1|startupRole:FOLLOWER, 63101611-ba0d-476d-ab21-ebb904ff5769|rpc:10.1.0.195:39977|priority:0|startupRole:FOLLOWER, 4dfe2bcf-3e8c-4c55-988b-76052f767a96|rpc:10.1.0.195:44975|priority:0|startupRole:FOLLOWER] returns group-90796DE8A9D8:java.util.concurrent.CompletableFuture@572ec71[Not completed]
2022-12-04 08:40:08,032 [pool-71-thread-1] INFO  server.RaftServer$Division (RaftServerImpl.java:<init>(195)) - 9f181cac-2687-4d62-98e9-3903a7499e01: new RaftServerImpl for group-90796DE8A9D8:[9f181cac-2687-4d62-98e9-3903a7499e01|rpc:10.1.0.195:35415|priority:1|startupRole:FOLLOWER, 63101611-ba0d-476d-ab21-ebb904ff5769|rpc:10.1.0.195:39977|priority:0|startupRole:FOLLOWER, 4dfe2bcf-3e8c-4c55-988b-76052f767a96|rpc:10.1.0.195:44975|priority:0|startupRole:FOLLOWER] with ContainerStateMachine:uninitialized
2022-12-04 08:40:08,034 [pool-71-thread-1] INFO  server.RaftServerConfigKeys (ConfUtils.java:logGet(46)) - raft.server.rpc.timeout.min = 5s (custom)
2022-12-04 08:40:08,034 [pool-71-thread-1] INFO  server.RaftServerConfigKeys (ConfUtils.java:logGet(46)) - raft.server.rpc.timeout.max = 5200ms (custom)
2022-12-04 08:40:08,034 [pool-71-thread-1] INFO  server.RaftServerConfigKeys (ConfUtils.java:logGet(46)) - raft.server.rpc.sleep.time = 25ms (default)
2022-12-04 08:40:08,034 [pool-71-thread-1] INFO  server.RaftServerConfigKeys (ConfUtils.java:logGet(46)) - raft.server.rpc.slowness.timeout = 300s (custom)
2022-12-04 08:40:08,034 [pool-71-thread-1] INFO  server.RaftServerConfigKeys (ConfUtils.java:logGet(46)) - raft.server.leaderelection.leader.step-down.wait-time = 10s (default)
2022-12-04 08:40:08,034 [pool-71-thread-1] INFO  server.RaftServerConfigKeys (ConfUtils.java:logGet(46)) - raft.server.sleep.deviation.threshold = 300ms (default)
2022-12-04 08:40:08,034 [pool-71-thread-1] INFO  server.RaftServer$Division (ServerState.java:<init>(118)) - 9f181cac-2687-4d62-98e9-3903a7499e01@group-90796DE8A9D8: ConfigurationManager, init=-1: peers:[9f181cac-2687-4d62-98e9-3903a7499e01|rpc:10.1.0.195:35415|priority:1|startupRole:FOLLOWER, 63101611-ba0d-476d-ab21-ebb904ff5769|rpc:10.1.0.195:39977|priority:0|startupRole:FOLLOWER, 4dfe2bcf-3e8c-4c55-988b-76052f767a96|rpc:10.1.0.195:44975|priority:0|startupRole:FOLLOWER]|listeners:[], old=null, confs=<EMPTY_MAP>
2022-12-04 08:40:08,034 [pool-71-thread-1] INFO  server.RaftServerConfigKeys (ConfUtils.java:logGet(46)) - raft.server.storage.dir = [/home/runner/work/ozone/ozone/hadoop-ozone/integration-test/target/test-dir/MiniOzoneClusterImpl-a2a71a7e-4c8f-47b8-990b-2bc30dd677e7/datanode-0/data/ratis] (custom)
2022-12-04 08:40:08,035 [pool-71-thread-1] INFO  server.RaftServerConfigKeys (ConfUtils.java:logGet(46)) - raft.server.log.corruption.policy = EXCEPTION (default)
2022-12-04 08:40:08,035 [pool-71-thread-1] INFO  server.RaftServerConfigKeys (ConfUtils.java:logGet(46)) - raft.server.storage.free-space.min = 0MB (=0) (default)
2022-12-04 08:40:08,035 [pool-71-thread-1] INFO  server.RaftServerConfigKeys (ConfUtils.java:logGet(46)) - raft.server.notification.no-leader.timeout = 300s (custom)
2022-12-04 08:40:08,035 [pool-71-thread-1] INFO  server.RaftServerConfigKeys (ConfUtils.java:logGet(46)) - raft.server.retrycache.expirytime = 600000ms (custom)
2022-12-04 08:40:08,035 [pool-71-thread-1] INFO  server.RaftServerConfigKeys (ConfUtils.java:logGet(46)) - raft.server.retrycache.statistics.expirytime = 100μs (default)
2022-12-04 08:40:08,038 [pool-71-thread-1] INFO  server.RaftServerConfigKeys (ConfUtils.java:logGet(46)) - raft.server.log.appender.install.snapshot.enabled = false (custom)
2022-12-04 08:40:08,038 [pool-71-thread-1] INFO  server.RaftServerConfigKeys (ConfUtils.java:logGet(46)) - raft.server.threadpool.server.cached = true (default)
2022-12-04 08:40:08,038 [pool-71-thread-1] INFO  server.RaftServerConfigKeys (ConfUtils.java:logGet(46)) - raft.server.threadpool.server.size = 0 (default)
2022-12-04 08:40:08,038 [pool-71-thread-1] INFO  server.RaftServerConfigKeys (ConfUtils.java:logGet(46)) - raft.server.threadpool.client.cached = true (default)
2022-12-04 08:40:08,038 [pool-71-thread-1] INFO  server.RaftServerConfigKeys (ConfUtils.java:logGet(46)) - raft.server.threadpool.client.size = 0 (default)
2022-12-04 08:40:08,039 [pool-71-thread-1] INFO  storage.RaftStorageDirectory (RaftStorageDirectoryImpl.java:analyzeStorage(137)) - The storage directory /home/runner/work/ozone/ozone/hadoop-ozone/integration-test/target/test-dir/MiniOzoneClusterImpl-a2a71a7e-4c8f-47b8-990b-2bc30dd677e7/datanode-0/data/ratis/1aa1602e-4112-4eaf-8af1-90796de8a9d8 does not exist. Creating ...
2022-12-04 08:40:08,040 [pool-71-thread-1] INFO  storage.RaftStorageDirectory (RaftStorageDirectoryImpl.java:tryLock(231)) - Lock on /home/runner/work/ozone/ozone/hadoop-ozone/integration-test/target/test-dir/MiniOzoneClusterImpl-a2a71a7e-4c8f-47b8-990b-2bc30dd677e7/datanode-0/data/ratis/1aa1602e-4112-4eaf-8af1-90796de8a9d8/in_use.lock acquired by nodename 50461@fv-az380-152
2022-12-04 08:40:08,041 [pool-71-thread-1] INFO  storage.RaftStorage (RaftStorageImpl.java:format(96)) - Storage directory /home/runner/work/ozone/ozone/hadoop-ozone/integration-test/target/test-dir/MiniOzoneClusterImpl-a2a71a7e-4c8f-47b8-990b-2bc30dd677e7/datanode-0/data/ratis/1aa1602e-4112-4eaf-8af1-90796de8a9d8 has been successfully formatted.
2022-12-04 08:40:08,041 [pool-71-thread-1] INFO  ratis.ContainerStateMachine (ContainerStateMachine.java:loadSnapshot(236)) - group-90796DE8A9D8: The snapshot info is null. Setting the last applied indexto:(t:0, i:~)
2022-12-04 08:40:08,041 [pool-71-thread-1] INFO  server.RaftServerConfigKeys (ConfUtils.java:logGet(46)) - raft.server.log.use.memory = false (default)
2022-12-04 08:40:08,041 [pool-71-thread-1] INFO  server.RaftServerConfigKeys (ConfUtils.java:logGet(46)) - raft.server.log.purge.gap = 1000000 (custom)
2022-12-04 08:40:08,042 [pool-71-thread-1] INFO  server.RaftServerConfigKeys (ConfUtils.java:logGet(46)) - raft.server.log.appender.buffer.byte-limit = 33554432 (custom)
2022-12-04 08:40:08,042 [pool-71-thread-1] INFO  server.RaftServerConfigKeys (ConfUtils.java:logGet(46)) - raft.server.log.statemachine.data.read.timeout = 1000ms (default)
2022-12-04 08:40:08,042 [pool-71-thread-1] INFO  server.RaftServerConfigKeys (ConfUtils.java:logGet(46)) - raft.server.log.purge.preservation.log.num = 0 (default)
2022-12-04 08:40:08,046 [pool-71-thread-1] INFO  server.RaftServerConfigKeys (ConfUtils.java:logGet(46)) - raft.server.log.segment.size.max = 1048576 (custom)
2022-12-04 08:40:08,046 [EventQueue-OpenPipelineForHealthyPipelineSafeModeRule] INFO  safemode.SCMSafeModeManager (HealthyPipelineSafeModeRule.java:process(137)) - SCM in safe mode. Healthy pipelines reported count is 0, required healthy pipeline reported count is 1
2022-12-04 08:40:08,046 [EventQueue-CommandQueueReportForCommandQueueReportHandler] WARN  events.EventQueue (EventQueue.java:fireEvent(216)) - No event handler registered for event TypedEvent{payloadType=DatanodeDetails, name='Datanode_Command_Queue_Updated'}
2022-12-04 08:40:08,047 [pool-71-thread-1] INFO  server.RaftServerConfigKeys (ConfUtils.java:logGet(46)) - raft.server.log.segment.cache.num.max = 2 (custom)
2022-12-04 08:40:08,048 [pool-71-thread-1] INFO  server.RaftServerConfigKeys (ConfUtils.java:logGet(46)) - raft.server.log.segment.cache.size.max = 200MB (=209715200) (default)
2022-12-04 08:40:08,049 [pool-71-thread-1] INFO  segmented.SegmentedRaftLogWorker (SegmentedRaftLogWorker.java:<init>(189)) - new 9f181cac-2687-4d62-98e9-3903a7499e01@group-90796DE8A9D8-SegmentedRaftLogWorker for RaftStorageImpl:Storage Directory /home/runner/work/ozone/ozone/hadoop-ozone/integration-test/target/test-dir/MiniOzoneClusterImpl-a2a71a7e-4c8f-47b8-990b-2bc30dd677e7/datanode-0/data/ratis/1aa1602e-4112-4eaf-8af1-90796de8a9d8
2022-12-04 08:40:08,049 [pool-71-thread-1] INFO  server.RaftServerConfigKeys (ConfUtils.java:logGet(46)) - raft.server.log.queue.byte-limit = 4294967296 (custom)
2022-12-04 08:40:08,049 [pool-71-thread-1] INFO  server.RaftServerConfigKeys (ConfUtils.java:logGet(46)) - raft.server.log.queue.element-limit = 1024 (custom)
2022-12-04 08:40:08,049 [pool-71-thread-1] INFO  server.RaftServerConfigKeys (ConfUtils.java:logGet(46)) - raft.server.log.segment.size.max = 1048576 (custom)
2022-12-04 08:40:08,049 [pool-71-thread-1] INFO  server.RaftServerConfigKeys (ConfUtils.java:logGet(46)) - raft.server.log.preallocated.size = 16384 (custom)
2022-12-04 08:40:08,049 [pool-71-thread-1] INFO  server.RaftServerConfigKeys (ConfUtils.java:logGet(46)) - raft.server.log.force.sync.num = 128 (default)
2022-12-04 08:40:08,049 [pool-71-thread-1] INFO  server.RaftServerConfigKeys (ConfUtils.java:logGet(46)) - raft.server.log.statemachine.data.sync = true (default)
2022-12-04 08:40:08,049 [pool-71-thread-1] INFO  server.RaftServerConfigKeys (ConfUtils.java:logGet(46)) - raft.server.log.statemachine.data.sync.timeout = 10s (default)
2022-12-04 08:40:08,049 [pool-71-thread-1] INFO  server.RaftServerConfigKeys (ConfUtils.java:logGet(46)) - raft.server.log.statemachine.data.sync.timeout.retry = -1 (default)
2022-12-04 08:40:08,050 [pool-71-thread-1] INFO  server.RaftServerConfigKeys (ConfUtils.java:logGet(46)) - raft.server.log.write.buffer.size = 1048576 (custom)
2022-12-04 08:40:08,051 [pool-71-thread-1] INFO  server.RaftServerConfigKeys (ConfUtils.java:logGet(46)) - raft.server.log.appender.buffer.byte-limit = 33554432 (custom)
2022-12-04 08:40:08,056 [pool-71-thread-1] INFO  server.RaftServerConfigKeys (ConfUtils.java:logGet(46)) - raft.server.log.unsafe-flush.enabled = false (default)
2022-12-04 08:40:08,056 [pool-71-thread-1] INFO  server.RaftServerConfigKeys (ConfUtils.java:logGet(46)) - raft.server.log.async-flush.enabled = false (default)
2022-12-04 08:40:08,056 [pool-71-thread-1] INFO  server.RaftServerConfigKeys (ConfUtils.java:logGet(46)) - raft.server.log.statemachine.data.caching.enabled = true (custom)
2022-12-04 08:40:08,056 [pool-71-thread-1] INFO  segmented.SegmentedRaftLogWorker (SegmentedRaftLogWorker.java:lambda$new$0(135)) - 9f181cac-2687-4d62-98e9-3903a7499e01@group-90796DE8A9D8-SegmentedRaftLogWorker: flushIndex: setUnconditionally 0 -> -1
2022-12-04 08:40:08,057 [pool-71-thread-1] INFO  segmented.SegmentedRaftLogWorker (SegmentedRaftLogWorker.java:lambda$new$0(135)) - 9f181cac-2687-4d62-98e9-3903a7499e01@group-90796DE8A9D8-SegmentedRaftLogWorker: safeCacheEvictIndex: setUnconditionally 0 -> -1
2022-12-04 08:40:08,057 [pool-71-thread-1] INFO  server.RaftServer$Division (RaftServerImpl.java:start(334)) - 9f181cac-2687-4d62-98e9-3903a7499e01@group-90796DE8A9D8: start as a follower, conf=-1: peers:[9f181cac-2687-4d62-98e9-3903a7499e01|rpc:10.1.0.195:35415|priority:1|startupRole:FOLLOWER, 63101611-ba0d-476d-ab21-ebb904ff5769|rpc:10.1.0.195:39977|priority:0|startupRole:FOLLOWER, 4dfe2bcf-3e8c-4c55-988b-76052f767a96|rpc:10.1.0.195:44975|priority:0|startupRole:FOLLOWER]|listeners:[], old=null
2022-12-04 08:40:08,057 [pool-71-thread-1] INFO  server.RaftServer$Division (RaftServerImpl.java:setRole(321)) - 9f181cac-2687-4d62-98e9-3903a7499e01@group-90796DE8A9D8: changes role from      null to FOLLOWER at term 0 for startAsFollower
2022-12-04 08:40:08,057 [pool-71-thread-1] INFO  impl.RoleInfo (RoleInfo.java:updateAndGet(139)) - 9f181cac-2687-4d62-98e9-3903a7499e01: start 9f181cac-2687-4d62-98e9-3903a7499e01@group-90796DE8A9D8-FollowerState
2022-12-04 08:40:08,057 [pool-71-thread-1] INFO  util.JmxRegister (JmxRegister.java:tryRegister(44)) - Successfully registered JMX Bean with object name Ratis:service=RaftServer,group=group-90796DE8A9D8,id=9f181cac-2687-4d62-98e9-3903a7499e01
2022-12-04 08:40:08,057 [pool-71-thread-1] INFO  server.RaftServerConfigKeys (ConfUtils.java:logGet(46)) - raft.server.snapshot.auto.trigger.enabled = true (custom)
2022-12-04 08:40:08,057 [pool-71-thread-1] INFO  server.RaftServerConfigKeys (ConfUtils.java:logGet(46)) - raft.server.snapshot.auto.trigger.threshold = 10000 (custom)
2022-12-04 08:40:08,058 [pool-71-thread-1] INFO  server.RaftServerConfigKeys (ConfUtils.java:logGet(46)) - raft.server.snapshot.retention.file.num = 5 (custom)
2022-12-04 08:40:08,058 [pool-71-thread-1] INFO  server.RaftServerConfigKeys (ConfUtils.java:logGet(46)) - raft.server.log.purge.upto.snapshot.index = false (default)
2022-12-04 08:40:08,058 [9f181cac-2687-4d62-98e9-3903a7499e01@group-90796DE8A9D8-FollowerState] INFO  server.RaftServerConfigKeys (ConfUtils.java:logFallback(53)) - raft.server.rpc.first-election.timeout.min = 5s (fallback to raft.server.rpc.timeout.min)
2022-12-04 08:40:08,058 [9f181cac-2687-4d62-98e9-3903a7499e01@group-90796DE8A9D8-FollowerState] INFO  server.RaftServerConfigKeys (ConfUtils.java:logFallback(53)) - raft.server.rpc.first-election.timeout.max = 5200ms (fallback to raft.server.rpc.timeout.max)
2022-12-04 08:40:08,059 [Command processor thread] INFO  ratis.XceiverServerRatis (XceiverServerRatis.java:addGroup(765)) - Created group PipelineID=1aa1602e-4112-4eaf-8af1-90796de8a9d8
2022-12-04 08:40:08,534 [JvmPauseMonitor2] WARN  util.JvmPauseMonitor (JvmPauseMonitor.java:detectPause(126)) - JvmPauseMonitor-4dfe2bcf-3e8c-4c55-988b-76052f767a96: Detected pause in JVM or host machine (eg GC): pause of approximately 129607580ns.
GC pool 'PS MarkSweep' had collection(s): count=1 time=178ms
GC pool 'PS Scavenge' had collection(s): count=1 time=37ms
2022-12-04 08:40:08,540 [Command processor thread] INFO  server.RaftServer (RaftServerProxy.java:addNew(96)) - 4dfe2bcf-3e8c-4c55-988b-76052f767a96: addNew group-33C8492C229C:[4dfe2bcf-3e8c-4c55-988b-76052f767a96|rpc:10.1.0.195:44975|priority:1|startupRole:FOLLOWER] returns group-33C8492C229C:java.util.concurrent.CompletableFuture@4777c8d4[Not completed]
2022-12-04 08:40:08,541 [EventQueue-CommandQueueReportForCommandQueueReportHandler] WARN  events.EventQueue (EventQueue.java:fireEvent(216)) - No event handler registered for event TypedEvent{payloadType=DatanodeDetails, name='Datanode_Command_Queue_Updated'}
2022-12-04 08:40:08,549 [pool-94-thread-1] INFO  server.RaftServer$Division (RaftServerImpl.java:<init>(195)) - 4dfe2bcf-3e8c-4c55-988b-76052f767a96: new RaftServerImpl for group-33C8492C229C:[4dfe2bcf-3e8c-4c55-988b-76052f767a96|rpc:10.1.0.195:44975|priority:1|startupRole:FOLLOWER] with ContainerStateMachine:uninitialized
2022-12-04 08:40:08,549 [pool-94-thread-1] INFO  server.RaftServerConfigKeys (ConfUtils.java:logGet(46)) - raft.server.rpc.timeout.min = 5s (custom)
2022-12-04 08:40:08,549 [pool-94-thread-1] INFO  server.RaftServerConfigKeys (ConfUtils.java:logGet(46)) - raft.server.rpc.timeout.max = 5200ms (custom)
2022-12-04 08:40:08,549 [pool-94-thread-1] INFO  server.RaftServerConfigKeys (ConfUtils.java:logGet(46)) - raft.server.rpc.sleep.time = 25ms (default)
2022-12-04 08:40:08,549 [pool-94-thread-1] INFO  server.RaftServerConfigKeys (ConfUtils.java:logGet(46)) - raft.server.rpc.slowness.timeout = 300s (custom)
2022-12-04 08:40:08,549 [pool-94-thread-1] INFO  server.RaftServerConfigKeys (ConfUtils.java:logGet(46)) - raft.server.leaderelection.leader.step-down.wait-time = 10s (default)
2022-12-04 08:40:08,549 [pool-94-thread-1] INFO  server.RaftServerConfigKeys (ConfUtils.java:logGet(46)) - raft.server.sleep.deviation.threshold = 300ms (default)
2022-12-04 08:40:08,551 [pool-94-thread-1] INFO  server.RaftServer$Division (ServerState.java:<init>(118)) - 4dfe2bcf-3e8c-4c55-988b-76052f767a96@group-33C8492C229C: ConfigurationManager, init=-1: peers:[4dfe2bcf-3e8c-4c55-988b-76052f767a96|rpc:10.1.0.195:44975|priority:1|startupRole:FOLLOWER]|listeners:[], old=null, confs=<EMPTY_MAP>
2022-12-04 08:40:08,551 [pool-94-thread-1] INFO  server.RaftServerConfigKeys (ConfUtils.java:logGet(46)) - raft.server.storage.dir = [/home/runner/work/ozone/ozone/hadoop-ozone/integration-test/target/test-dir/MiniOzoneClusterImpl-a2a71a7e-4c8f-47b8-990b-2bc30dd677e7/datanode-1/data/ratis] (custom)
2022-12-04 08:40:08,551 [pool-94-thread-1] INFO  server.RaftServerConfigKeys (ConfUtils.java:logGet(46)) - raft.server.log.corruption.policy = EXCEPTION (default)
2022-12-04 08:40:08,551 [pool-94-thread-1] INFO  server.RaftServerConfigKeys (ConfUtils.java:logGet(46)) - raft.server.storage.free-space.min = 0MB (=0) (default)
2022-12-04 08:40:08,551 [pool-94-thread-1] INFO  server.RaftServerConfigKeys (ConfUtils.java:logGet(46)) - raft.server.notification.no-leader.timeout = 300s (custom)
2022-12-04 08:40:08,551 [pool-94-thread-1] INFO  server.RaftServerConfigKeys (ConfUtils.java:logGet(46)) - raft.server.retrycache.expirytime = 600000ms (custom)
2022-12-04 08:40:08,551 [pool-94-thread-1] INFO  server.RaftServerConfigKeys (ConfUtils.java:logGet(46)) - raft.server.retrycache.statistics.expirytime = 100μs (default)
2022-12-04 08:40:08,556 [pool-94-thread-1] INFO  server.RaftServerConfigKeys (ConfUtils.java:logGet(46)) - raft.server.log.appender.install.snapshot.enabled = false (custom)
2022-12-04 08:40:08,557 [pool-94-thread-1] INFO  server.RaftServerConfigKeys (ConfUtils.java:logGet(46)) - raft.server.threadpool.server.cached = true (default)
2022-12-04 08:40:08,557 [pool-94-thread-1] INFO  server.RaftServerConfigKeys (ConfUtils.java:logGet(46)) - raft.server.threadpool.server.size = 0 (default)
2022-12-04 08:40:08,557 [pool-94-thread-1] INFO  server.RaftServerConfigKeys (ConfUtils.java:logGet(46)) - raft.server.threadpool.client.cached = true (default)
2022-12-04 08:40:08,557 [pool-94-thread-1] INFO  server.RaftServerConfigKeys (ConfUtils.java:logGet(46)) - raft.server.threadpool.client.size = 0 (default)
2022-12-04 08:40:08,558 [pool-94-thread-1] INFO  storage.RaftStorageDirectory (RaftStorageDirectoryImpl.java:analyzeStorage(137)) - The storage directory /home/runner/work/ozone/ozone/hadoop-ozone/integration-test/target/test-dir/MiniOzoneClusterImpl-a2a71a7e-4c8f-47b8-990b-2bc30dd677e7/datanode-1/data/ratis/7ae9e925-6c27-496c-be17-33c8492c229c does not exist. Creating ...
2022-12-04 08:40:08,559 [pool-94-thread-1] INFO  storage.RaftStorageDirectory (RaftStorageDirectoryImpl.java:tryLock(231)) - Lock on /home/runner/work/ozone/ozone/hadoop-ozone/integration-test/target/test-dir/MiniOzoneClusterImpl-a2a71a7e-4c8f-47b8-990b-2bc30dd677e7/datanode-1/data/ratis/7ae9e925-6c27-496c-be17-33c8492c229c/in_use.lock acquired by nodename 50461@fv-az380-152
2022-12-04 08:40:08,561 [pool-94-thread-1] INFO  storage.RaftStorage (RaftStorageImpl.java:format(96)) - Storage directory /home/runner/work/ozone/ozone/hadoop-ozone/integration-test/target/test-dir/MiniOzoneClusterImpl-a2a71a7e-4c8f-47b8-990b-2bc30dd677e7/datanode-1/data/ratis/7ae9e925-6c27-496c-be17-33c8492c229c has been successfully formatted.
2022-12-04 08:40:08,566 [pool-94-thread-1] INFO  ratis.ContainerStateMachine (ContainerStateMachine.java:loadSnapshot(236)) - group-33C8492C229C: The snapshot info is null. Setting the last applied indexto:(t:0, i:~)
2022-12-04 08:40:08,570 [pool-94-thread-1] INFO  server.RaftServerConfigKeys (ConfUtils.java:logGet(46)) - raft.server.log.use.memory = false (default)
2022-12-04 08:40:08,570 [pool-94-thread-1] INFO  server.RaftServerConfigKeys (ConfUtils.java:logGet(46)) - raft.server.log.purge.gap = 1000000 (custom)
2022-12-04 08:40:08,570 [pool-94-thread-1] INFO  server.RaftServerConfigKeys (ConfUtils.java:logGet(46)) - raft.server.log.appender.buffer.byte-limit = 33554432 (custom)
2022-12-04 08:40:08,570 [pool-94-thread-1] INFO  server.RaftServerConfigKeys (ConfUtils.java:logGet(46)) - raft.server.log.statemachine.data.read.timeout = 1000ms (default)
2022-12-04 08:40:08,570 [pool-94-thread-1] INFO  server.RaftServerConfigKeys (ConfUtils.java:logGet(46)) - raft.server.log.purge.preservation.log.num = 0 (default)
2022-12-04 08:40:08,570 [pool-94-thread-1] INFO  server.RaftServerConfigKeys (ConfUtils.java:logGet(46)) - raft.server.log.segment.size.max = 1048576 (custom)
2022-12-04 08:40:08,571 [EventQueue-CommandQueueReportForCommandQueueReportHandler] WARN  events.EventQueue (EventQueue.java:fireEvent(216)) - No event handler registered for event TypedEvent{payloadType=DatanodeDetails, name='Datanode_Command_Queue_Updated'}
2022-12-04 08:40:08,571 [pool-94-thread-1] INFO  server.RaftServerConfigKeys (ConfUtils.java:logGet(46)) - raft.server.log.segment.cache.num.max = 2 (custom)
2022-12-04 08:40:08,571 [pool-94-thread-1] INFO  server.RaftServerConfigKeys (ConfUtils.java:logGet(46)) - raft.server.log.segment.cache.size.max = 200MB (=209715200) (default)
2022-12-04 08:40:08,571 [pool-94-thread-1] INFO  segmented.SegmentedRaftLogWorker (SegmentedRaftLogWorker.java:<init>(189)) - new 4dfe2bcf-3e8c-4c55-988b-76052f767a96@group-33C8492C229C-SegmentedRaftLogWorker for RaftStorageImpl:Storage Directory /home/runner/work/ozone/ozone/hadoop-ozone/integration-test/target/test-dir/MiniOzoneClusterImpl-a2a71a7e-4c8f-47b8-990b-2bc30dd677e7/datanode-1/data/ratis/7ae9e925-6c27-496c-be17-33c8492c229c
2022-12-04 08:40:08,571 [EventQueue-PipelineReportForPipelineReportHandler] INFO  pipeline.PipelineManagerImpl (PipelineManagerImpl.java:openPipeline(367)) - Pipeline Pipeline[ Id: 7ae9e925-6c27-496c-be17-33c8492c229c, Nodes: 4dfe2bcf-3e8c-4c55-988b-76052f767a96{ip: 10.1.0.195, host: fv-az380-152.nl4gydpcqt3ebnqutlzgyneqag.dx.internal.cloudapp.net, ports: [REPLICATION=34477, RATIS=44975, RATIS_ADMIN=44975, RATIS_SERVER=44975, STANDALONE=39209], networkLocation: /default-rack, certSerialId: null, persistedOpState: IN_SERVICE, persistedOpStateExpiryEpochSec: 0}, ReplicationConfig: RATIS/ONE, State:ALLOCATED, leaderId:4dfe2bcf-3e8c-4c55-988b-76052f767a96, CreationTimestamp2022-12-04T08:40:05.371Z[Etc/UTC]] moved to OPEN state
2022-12-04 08:40:08,571 [pool-94-thread-1] INFO  server.RaftServerConfigKeys (ConfUtils.java:logGet(46)) - raft.server.log.queue.byte-limit = 4294967296 (custom)
2022-12-04 08:40:08,571 [pool-94-thread-1] INFO  server.RaftServerConfigKeys (ConfUtils.java:logGet(46)) - raft.server.log.queue.element-limit = 1024 (custom)
2022-12-04 08:40:08,571 [pool-94-thread-1] INFO  server.RaftServerConfigKeys (ConfUtils.java:logGet(46)) - raft.server.log.segment.size.max = 1048576 (custom)
2022-12-04 08:40:08,571 [pool-94-thread-1] INFO  server.RaftServerConfigKeys (ConfUtils.java:logGet(46)) - raft.server.log.preallocated.size = 16384 (custom)
2022-12-04 08:40:08,571 [pool-94-thread-1] INFO  server.RaftServerConfigKeys (ConfUtils.java:logGet(46)) - raft.server.log.force.sync.num = 128 (default)
2022-12-04 08:40:08,571 [pool-94-thread-1] INFO  server.RaftServerConfigKeys (ConfUtils.java:logGet(46)) - raft.server.log.statemachine.data.sync = true (default)
2022-12-04 08:40:08,571 [pool-94-thread-1] INFO  server.RaftServerConfigKeys (ConfUtils.java:logGet(46)) - raft.server.log.statemachine.data.sync.timeout = 10s (default)
2022-12-04 08:40:08,571 [pool-94-thread-1] INFO  server.RaftServerConfigKeys (ConfUtils.java:logGet(46)) - raft.server.log.statemachine.data.sync.timeout.retry = -1 (default)
2022-12-04 08:40:08,572 [EventQueue-OpenPipelineForHealthyPipelineSafeModeRule] INFO  safemode.SCMSafeModeManager (HealthyPipelineSafeModeRule.java:process(137)) - SCM in safe mode. Healthy pipelines reported count is 0, required healthy pipeline reported count is 1
2022-12-04 08:40:08,577 [pool-94-thread-1] INFO  server.RaftServerConfigKeys (ConfUtils.java:logGet(46)) - raft.server.log.write.buffer.size = 1048576 (custom)
2022-12-04 08:40:08,578 [pool-94-thread-1] INFO  server.RaftServerConfigKeys (ConfUtils.java:logGet(46)) - raft.server.log.appender.buffer.byte-limit = 33554432 (custom)
2022-12-04 08:40:08,588 [pool-94-thread-1] INFO  server.RaftServerConfigKeys (ConfUtils.java:logGet(46)) - raft.server.log.unsafe-flush.enabled = false (default)
2022-12-04 08:40:08,588 [pool-94-thread-1] INFO  server.RaftServerConfigKeys (ConfUtils.java:logGet(46)) - raft.server.log.async-flush.enabled = false (default)
2022-12-04 08:40:08,588 [pool-94-thread-1] INFO  server.RaftServerConfigKeys (ConfUtils.java:logGet(46)) - raft.server.log.statemachine.data.caching.enabled = true (custom)
2022-12-04 08:40:08,588 [pool-94-thread-1] INFO  segmented.SegmentedRaftLogWorker (SegmentedRaftLogWorker.java:lambda$new$0(135)) - 4dfe2bcf-3e8c-4c55-988b-76052f767a96@group-33C8492C229C-SegmentedRaftLogWorker: flushIndex: setUnconditionally 0 -> -1
2022-12-04 08:40:08,588 [pool-94-thread-1] INFO  segmented.SegmentedRaftLogWorker (SegmentedRaftLogWorker.java:lambda$new$0(135)) - 4dfe2bcf-3e8c-4c55-988b-76052f767a96@group-33C8492C229C-SegmentedRaftLogWorker: safeCacheEvictIndex: setUnconditionally 0 -> -1
2022-12-04 08:40:08,590 [pool-94-thread-1] INFO  server.RaftServer$Division (RaftServerImpl.java:start(334)) - 4dfe2bcf-3e8c-4c55-988b-76052f767a96@group-33C8492C229C: start as a follower, conf=-1: peers:[4dfe2bcf-3e8c-4c55-988b-76052f767a96|rpc:10.1.0.195:44975|priority:1|startupRole:FOLLOWER]|listeners:[], old=null
2022-12-04 08:40:08,590 [pool-94-thread-1] INFO  server.RaftServer$Division (RaftServerImpl.java:setRole(321)) - 4dfe2bcf-3e8c-4c55-988b-76052f767a96@group-33C8492C229C: changes role from      null to FOLLOWER at term 0 for startAsFollower
2022-12-04 08:40:08,590 [pool-94-thread-1] INFO  impl.RoleInfo (RoleInfo.java:updateAndGet(139)) - 4dfe2bcf-3e8c-4c55-988b-76052f767a96: start 4dfe2bcf-3e8c-4c55-988b-76052f767a96@group-33C8492C229C-FollowerState
2022-12-04 08:40:08,591 [4dfe2bcf-3e8c-4c55-988b-76052f767a96@group-33C8492C229C-FollowerState] INFO  server.RaftServerConfigKeys (ConfUtils.java:logFallback(53)) - raft.server.rpc.first-election.timeout.min = 5s (fallback to raft.server.rpc.timeout.min)
2022-12-04 08:40:08,595 [4dfe2bcf-3e8c-4c55-988b-76052f767a96@group-33C8492C229C-FollowerState] INFO  server.RaftServerConfigKeys (ConfUtils.java:logFallback(53)) - raft.server.rpc.first-election.timeout.max = 5200ms (fallback to raft.server.rpc.timeout.max)
2022-12-04 08:40:08,591 [pool-94-thread-1] INFO  util.JmxRegister (JmxRegister.java:tryRegister(44)) - Successfully registered JMX Bean with object name Ratis:service=RaftServer,group=group-33C8492C229C,id=4dfe2bcf-3e8c-4c55-988b-76052f767a96
2022-12-04 08:40:08,595 [pool-94-thread-1] INFO  server.RaftServerConfigKeys (ConfUtils.java:logGet(46)) - raft.server.snapshot.auto.trigger.enabled = true (custom)
2022-12-04 08:40:08,595 [pool-94-thread-1] INFO  server.RaftServerConfigKeys (ConfUtils.java:logGet(46)) - raft.server.snapshot.auto.trigger.threshold = 10000 (custom)
2022-12-04 08:40:08,595 [pool-94-thread-1] INFO  server.RaftServerConfigKeys (ConfUtils.java:logGet(46)) - raft.server.snapshot.retention.file.num = 5 (custom)
2022-12-04 08:40:08,595 [pool-94-thread-1] INFO  server.RaftServerConfigKeys (ConfUtils.java:logGet(46)) - raft.server.log.purge.upto.snapshot.index = false (default)
2022-12-04 08:40:08,597 [Command processor thread] INFO  ratis.XceiverServerRatis (XceiverServerRatis.java:addGroup(765)) - Created group PipelineID=7ae9e925-6c27-496c-be17-33c8492c229c
2022-12-04 08:40:08,597 [Command processor thread] INFO  commandhandler.CreatePipelineCommandHandler (CreatePipelineCommandHandler.java:handle(113)) - Created Pipeline RATIS ONE PipelineID=7ae9e925-6c27-496c-be17-33c8492c229c.
2022-12-04 08:40:08,598 [Command processor thread] INFO  server.RaftServer (RaftServerProxy.java:addNew(96)) - 4dfe2bcf-3e8c-4c55-988b-76052f767a96: addNew group-90796DE8A9D8:[9f181cac-2687-4d62-98e9-3903a7499e01|rpc:10.1.0.195:35415|priority:1|startupRole:FOLLOWER, 63101611-ba0d-476d-ab21-ebb904ff5769|rpc:10.1.0.195:39977|priority:0|startupRole:FOLLOWER, 4dfe2bcf-3e8c-4c55-988b-76052f767a96|rpc:10.1.0.195:44975|priority:0|startupRole:FOLLOWER] returns group-90796DE8A9D8:java.util.concurrent.CompletableFuture@434844e2[Not completed]
2022-12-04 08:40:08,599 [pool-94-thread-1] INFO  server.RaftServer$Division (RaftServerImpl.java:<init>(195)) - 4dfe2bcf-3e8c-4c55-988b-76052f767a96: new RaftServerImpl for group-90796DE8A9D8:[9f181cac-2687-4d62-98e9-3903a7499e01|rpc:10.1.0.195:35415|priority:1|startupRole:FOLLOWER, 63101611-ba0d-476d-ab21-ebb904ff5769|rpc:10.1.0.195:39977|priority:0|startupRole:FOLLOWER, 4dfe2bcf-3e8c-4c55-988b-76052f767a96|rpc:10.1.0.195:44975|priority:0|startupRole:FOLLOWER] with ContainerStateMachine:uninitialized
2022-12-04 08:40:08,599 [pool-94-thread-1] INFO  server.RaftServerConfigKeys (ConfUtils.java:logGet(46)) - raft.server.rpc.timeout.min = 5s (custom)
2022-12-04 08:40:08,599 [pool-94-thread-1] INFO  server.RaftServerConfigKeys (ConfUtils.java:logGet(46)) - raft.server.rpc.timeout.max = 5200ms (custom)
2022-12-04 08:40:08,599 [pool-94-thread-1] INFO  server.RaftServerConfigKeys (ConfUtils.java:logGet(46)) - raft.server.rpc.sleep.time = 25ms (default)
2022-12-04 08:40:08,599 [pool-94-thread-1] INFO  server.RaftServerConfigKeys (ConfUtils.java:logGet(46)) - raft.server.rpc.slowness.timeout = 300s (custom)
2022-12-04 08:40:08,599 [pool-94-thread-1] INFO  server.RaftServerConfigKeys (ConfUtils.java:logGet(46)) - raft.server.leaderelection.leader.step-down.wait-time = 10s (default)
2022-12-04 08:40:08,599 [pool-94-thread-1] INFO  server.RaftServerConfigKeys (ConfUtils.java:logGet(46)) - raft.server.sleep.deviation.threshold = 300ms (default)
2022-12-04 08:40:08,599 [pool-94-thread-1] INFO  server.RaftServer$Division (ServerState.java:<init>(118)) - 4dfe2bcf-3e8c-4c55-988b-76052f767a96@group-90796DE8A9D8: ConfigurationManager, init=-1: peers:[9f181cac-2687-4d62-98e9-3903a7499e01|rpc:10.1.0.195:35415|priority:1|startupRole:FOLLOWER, 63101611-ba0d-476d-ab21-ebb904ff5769|rpc:10.1.0.195:39977|priority:0|startupRole:FOLLOWER, 4dfe2bcf-3e8c-4c55-988b-76052f767a96|rpc:10.1.0.195:44975|priority:0|startupRole:FOLLOWER]|listeners:[], old=null, confs=<EMPTY_MAP>
2022-12-04 08:40:08,599 [pool-94-thread-1] INFO  server.RaftServerConfigKeys (ConfUtils.java:logGet(46)) - raft.server.storage.dir = [/home/runner/work/ozone/ozone/hadoop-ozone/integration-test/target/test-dir/MiniOzoneClusterImpl-a2a71a7e-4c8f-47b8-990b-2bc30dd677e7/datanode-1/data/ratis] (custom)
2022-12-04 08:40:08,600 [pool-94-thread-1] INFO  server.RaftServerConfigKeys (ConfUtils.java:logGet(46)) - raft.server.log.corruption.policy = EXCEPTION (default)
2022-12-04 08:40:08,600 [pool-94-thread-1] INFO  server.RaftServerConfigKeys (ConfUtils.java:logGet(46)) - raft.server.storage.free-space.min = 0MB (=0) (default)
2022-12-04 08:40:08,600 [pool-94-thread-1] INFO  server.RaftServerConfigKeys (ConfUtils.java:logGet(46)) - raft.server.notification.no-leader.timeout = 300s (custom)
2022-12-04 08:40:08,600 [pool-94-thread-1] INFO  server.RaftServerConfigKeys (ConfUtils.java:logGet(46)) - raft.server.retrycache.expirytime = 600000ms (custom)
2022-12-04 08:40:08,600 [pool-94-thread-1] INFO  server.RaftServerConfigKeys (ConfUtils.java:logGet(46)) - raft.server.retrycache.statistics.expirytime = 100μs (default)
2022-12-04 08:40:08,601 [pool-94-thread-1] INFO  server.RaftServerConfigKeys (ConfUtils.java:logGet(46)) - raft.server.log.appender.install.snapshot.enabled = false (custom)
2022-12-04 08:40:08,601 [pool-94-thread-1] INFO  server.RaftServerConfigKeys (ConfUtils.java:logGet(46)) - raft.server.threadpool.server.cached = true (default)
2022-12-04 08:40:08,601 [pool-94-thread-1] INFO  server.RaftServerConfigKeys (ConfUtils.java:logGet(46)) - raft.server.threadpool.server.size = 0 (default)
2022-12-04 08:40:08,601 [pool-94-thread-1] INFO  server.RaftServerConfigKeys (ConfUtils.java:logGet(46)) - raft.server.threadpool.client.cached = true (default)
2022-12-04 08:40:08,601 [pool-94-thread-1] INFO  server.RaftServerConfigKeys (ConfUtils.java:logGet(46)) - raft.server.threadpool.client.size = 0 (default)
2022-12-04 08:40:08,601 [pool-94-thread-1] INFO  storage.RaftStorageDirectory (RaftStorageDirectoryImpl.java:analyzeStorage(137)) - The storage directory /home/runner/work/ozone/ozone/hadoop-ozone/integration-test/target/test-dir/MiniOzoneClusterImpl-a2a71a7e-4c8f-47b8-990b-2bc30dd677e7/datanode-1/data/ratis/1aa1602e-4112-4eaf-8af1-90796de8a9d8 does not exist. Creating ...
2022-12-04 08:40:08,606 [pool-94-thread-1] INFO  storage.RaftStorageDirectory (RaftStorageDirectoryImpl.java:tryLock(231)) - Lock on /home/runner/work/ozone/ozone/hadoop-ozone/integration-test/target/test-dir/MiniOzoneClusterImpl-a2a71a7e-4c8f-47b8-990b-2bc30dd677e7/datanode-1/data/ratis/1aa1602e-4112-4eaf-8af1-90796de8a9d8/in_use.lock acquired by nodename 50461@fv-az380-152
2022-12-04 08:40:08,607 [pool-94-thread-1] INFO  storage.RaftStorage (RaftStorageImpl.java:format(96)) - Storage directory /home/runner/work/ozone/ozone/hadoop-ozone/integration-test/target/test-dir/MiniOzoneClusterImpl-a2a71a7e-4c8f-47b8-990b-2bc30dd677e7/datanode-1/data/ratis/1aa1602e-4112-4eaf-8af1-90796de8a9d8 has been successfully formatted.
2022-12-04 08:40:08,611 [pool-94-thread-1] INFO  ratis.ContainerStateMachine (ContainerStateMachine.java:loadSnapshot(236)) - group-90796DE8A9D8: The snapshot info is null. Setting the last applied indexto:(t:0, i:~)
2022-12-04 08:40:08,611 [pool-94-thread-1] INFO  server.RaftServerConfigKeys (ConfUtils.java:logGet(46)) - raft.server.log.use.memory = false (default)
2022-12-04 08:40:08,611 [pool-94-thread-1] INFO  server.RaftServerConfigKeys (ConfUtils.java:logGet(46)) - raft.server.log.purge.gap = 1000000 (custom)
2022-12-04 08:40:08,611 [pool-94-thread-1] INFO  server.RaftServerConfigKeys (ConfUtils.java:logGet(46)) - raft.server.log.appender.buffer.byte-limit = 33554432 (custom)
2022-12-04 08:40:08,611 [pool-94-thread-1] INFO  server.RaftServerConfigKeys (ConfUtils.java:logGet(46)) - raft.server.log.statemachine.data.read.timeout = 1000ms (default)
2022-12-04 08:40:08,611 [pool-94-thread-1] INFO  server.RaftServerConfigKeys (ConfUtils.java:logGet(46)) - raft.server.log.purge.preservation.log.num = 0 (default)
2022-12-04 08:40:08,611 [EventQueue-CommandQueueReportForCommandQueueReportHandler] WARN  events.EventQueue (EventQueue.java:fireEvent(216)) - No event handler registered for event TypedEvent{payloadType=DatanodeDetails, name='Datanode_Command_Queue_Updated'}
2022-12-04 08:40:08,612 [EventQueue-OpenPipelineForHealthyPipelineSafeModeRule] INFO  safemode.SCMSafeModeManager (HealthyPipelineSafeModeRule.java:process(137)) - SCM in safe mode. Healthy pipelines reported count is 0, required healthy pipeline reported count is 1
2022-12-04 08:40:08,614 [pool-94-thread-1] INFO  server.RaftServerConfigKeys (ConfUtils.java:logGet(46)) - raft.server.log.segment.size.max = 1048576 (custom)
2022-12-04 08:40:08,614 [pool-94-thread-1] INFO  server.RaftServerConfigKeys (ConfUtils.java:logGet(46)) - raft.server.log.segment.cache.num.max = 2 (custom)
2022-12-04 08:40:08,618 [pool-94-thread-1] INFO  server.RaftServerConfigKeys (ConfUtils.java:logGet(46)) - raft.server.log.segment.cache.size.max = 200MB (=209715200) (default)
2022-12-04 08:40:08,618 [pool-94-thread-1] INFO  segmented.SegmentedRaftLogWorker (SegmentedRaftLogWorker.java:<init>(189)) - new 4dfe2bcf-3e8c-4c55-988b-76052f767a96@group-90796DE8A9D8-SegmentedRaftLogWorker for RaftStorageImpl:Storage Directory /home/runner/work/ozone/ozone/hadoop-ozone/integration-test/target/test-dir/MiniOzoneClusterImpl-a2a71a7e-4c8f-47b8-990b-2bc30dd677e7/datanode-1/data/ratis/1aa1602e-4112-4eaf-8af1-90796de8a9d8
2022-12-04 08:40:08,619 [pool-94-thread-1] INFO  server.RaftServerConfigKeys (ConfUtils.java:logGet(46)) - raft.server.log.queue.byte-limit = 4294967296 (custom)
2022-12-04 08:40:08,619 [pool-94-thread-1] INFO  server.RaftServerConfigKeys (ConfUtils.java:logGet(46)) - raft.server.log.queue.element-limit = 1024 (custom)
2022-12-04 08:40:08,619 [pool-94-thread-1] INFO  server.RaftServerConfigKeys (ConfUtils.java:logGet(46)) - raft.server.log.segment.size.max = 1048576 (custom)
2022-12-04 08:40:08,619 [pool-94-thread-1] INFO  server.RaftServerConfigKeys (ConfUtils.java:logGet(46)) - raft.server.log.preallocated.size = 16384 (custom)
2022-12-04 08:40:08,619 [pool-94-thread-1] INFO  server.RaftServerConfigKeys (ConfUtils.java:logGet(46)) - raft.server.log.force.sync.num = 128 (default)
2022-12-04 08:40:08,619 [pool-94-thread-1] INFO  server.RaftServerConfigKeys (ConfUtils.java:logGet(46)) - raft.server.log.statemachine.data.sync = true (default)
2022-12-04 08:40:08,619 [pool-94-thread-1] INFO  server.RaftServerConfigKeys (ConfUtils.java:logGet(46)) - raft.server.log.statemachine.data.sync.timeout = 10s (default)
2022-12-04 08:40:08,619 [pool-94-thread-1] INFO  server.RaftServerConfigKeys (ConfUtils.java:logGet(46)) - raft.server.log.statemachine.data.sync.timeout.retry = -1 (default)
2022-12-04 08:40:08,630 [pool-94-thread-1] INFO  server.RaftServerConfigKeys (ConfUtils.java:logGet(46)) - raft.server.log.write.buffer.size = 1048576 (custom)
2022-12-04 08:40:08,630 [pool-94-thread-1] INFO  server.RaftServerConfigKeys (ConfUtils.java:logGet(46)) - raft.server.log.appender.buffer.byte-limit = 33554432 (custom)
2022-12-04 08:40:08,636 [pool-94-thread-1] INFO  server.RaftServerConfigKeys (ConfUtils.java:logGet(46)) - raft.server.log.unsafe-flush.enabled = false (default)
2022-12-04 08:40:08,636 [pool-94-thread-1] INFO  server.RaftServerConfigKeys (ConfUtils.java:logGet(46)) - raft.server.log.async-flush.enabled = false (default)
2022-12-04 08:40:08,636 [pool-94-thread-1] INFO  server.RaftServerConfigKeys (ConfUtils.java:logGet(46)) - raft.server.log.statemachine.data.caching.enabled = true (custom)
2022-12-04 08:40:08,636 [pool-94-thread-1] INFO  segmented.SegmentedRaftLogWorker (SegmentedRaftLogWorker.java:lambda$new$0(135)) - 4dfe2bcf-3e8c-4c55-988b-76052f767a96@group-90796DE8A9D8-SegmentedRaftLogWorker: flushIndex: setUnconditionally 0 -> -1
2022-12-04 08:40:08,636 [pool-94-thread-1] INFO  segmented.SegmentedRaftLogWorker (SegmentedRaftLogWorker.java:lambda$new$0(135)) - 4dfe2bcf-3e8c-4c55-988b-76052f767a96@group-90796DE8A9D8-SegmentedRaftLogWorker: safeCacheEvictIndex: setUnconditionally 0 -> -1
2022-12-04 08:40:08,637 [pool-94-thread-1] INFO  server.RaftServer$Division (RaftServerImpl.java:start(334)) - 4dfe2bcf-3e8c-4c55-988b-76052f767a96@group-90796DE8A9D8: start as a follower, conf=-1: peers:[9f181cac-2687-4d62-98e9-3903a7499e01|rpc:10.1.0.195:35415|priority:1|startupRole:FOLLOWER, 63101611-ba0d-476d-ab21-ebb904ff5769|rpc:10.1.0.195:39977|priority:0|startupRole:FOLLOWER, 4dfe2bcf-3e8c-4c55-988b-76052f767a96|rpc:10.1.0.195:44975|priority:0|startupRole:FOLLOWER]|listeners:[], old=null
2022-12-04 08:40:08,637 [pool-94-thread-1] INFO  server.RaftServer$Division (RaftServerImpl.java:setRole(321)) - 4dfe2bcf-3e8c-4c55-988b-76052f767a96@group-90796DE8A9D8: changes role from      null to FOLLOWER at term 0 for startAsFollower
2022-12-04 08:40:08,637 [pool-94-thread-1] INFO  impl.RoleInfo (RoleInfo.java:updateAndGet(139)) - 4dfe2bcf-3e8c-4c55-988b-76052f767a96: start 4dfe2bcf-3e8c-4c55-988b-76052f767a96@group-90796DE8A9D8-FollowerState
2022-12-04 08:40:08,641 [pool-94-thread-1] INFO  util.JmxRegister (JmxRegister.java:tryRegister(44)) - Successfully registered JMX Bean with object name Ratis:service=RaftServer,group=group-90796DE8A9D8,id=4dfe2bcf-3e8c-4c55-988b-76052f767a96
2022-12-04 08:40:08,641 [pool-94-thread-1] INFO  server.RaftServerConfigKeys (ConfUtils.java:logGet(46)) - raft.server.snapshot.auto.trigger.enabled = true (custom)
2022-12-04 08:40:08,642 [pool-94-thread-1] INFO  server.RaftServerConfigKeys (ConfUtils.java:logGet(46)) - raft.server.snapshot.auto.trigger.threshold = 10000 (custom)
2022-12-04 08:40:08,642 [pool-94-thread-1] INFO  server.RaftServerConfigKeys (ConfUtils.java:logGet(46)) - raft.server.snapshot.retention.file.num = 5 (custom)
2022-12-04 08:40:08,642 [pool-94-thread-1] INFO  server.RaftServerConfigKeys (ConfUtils.java:logGet(46)) - raft.server.log.purge.upto.snapshot.index = false (default)
2022-12-04 08:40:08,649 [4dfe2bcf-3e8c-4c55-988b-76052f767a96@group-90796DE8A9D8-FollowerState] INFO  server.RaftServerConfigKeys (ConfUtils.java:logFallback(53)) - raft.server.rpc.first-election.timeout.min = 5s (fallback to raft.server.rpc.timeout.min)
2022-12-04 08:40:08,649 [4dfe2bcf-3e8c-4c55-988b-76052f767a96@group-90796DE8A9D8-FollowerState] INFO  server.RaftServerConfigKeys (ConfUtils.java:logFallback(53)) - raft.server.rpc.first-election.timeout.max = 5200ms (fallback to raft.server.rpc.timeout.max)
2022-12-04 08:40:08,649 [Command processor thread] INFO  ratis.XceiverServerRatis (XceiverServerRatis.java:addGroup(765)) - Created group PipelineID=1aa1602e-4112-4eaf-8af1-90796de8a9d8
2022-12-04 08:40:08,745 [Listener at 127.0.0.1/40415] INFO  ozone.MiniOzoneClusterImpl (MiniOzoneClusterImpl.java:lambda$waitForClusterToBeReady$0(216)) - Nodes are ready. Got 3 of 3 DN Heartbeats.
2022-12-04 08:40:08,746 [Listener at 127.0.0.1/40415] INFO  ozone.MiniOzoneClusterImpl (MiniOzoneClusterImpl.java:lambda$waitForClusterToBeReady$0(219)) - Waiting for cluster to exit safe mode
2022-12-04 08:40:08,746 [Listener at 127.0.0.1/40415] INFO  ozone.MiniOzoneClusterImpl (MiniOzoneClusterImpl.java:lambda$waitForClusterToBeReady$0(221)) - SCM became leader
2022-12-04 08:40:08,747 [Command processor thread] INFO  server.RaftServer (RaftServerProxy.java:addNew(96)) - 63101611-ba0d-476d-ab21-ebb904ff5769: addNew group-4A7DDDC06410:[63101611-ba0d-476d-ab21-ebb904ff5769|rpc:10.1.0.195:39977|priority:1|startupRole:FOLLOWER] returns group-4A7DDDC06410:java.util.concurrent.CompletableFuture@11fc6631[Not completed]
2022-12-04 08:40:08,749 [EventQueue-CommandQueueReportForCommandQueueReportHandler] WARN  events.EventQueue (EventQueue.java:fireEvent(216)) - No event handler registered for event TypedEvent{payloadType=DatanodeDetails, name='Datanode_Command_Queue_Updated'}
2022-12-04 08:40:08,753 [pool-117-thread-1] INFO  server.RaftServer$Division (RaftServerImpl.java:<init>(195)) - 63101611-ba0d-476d-ab21-ebb904ff5769: new RaftServerImpl for group-4A7DDDC06410:[63101611-ba0d-476d-ab21-ebb904ff5769|rpc:10.1.0.195:39977|priority:1|startupRole:FOLLOWER] with ContainerStateMachine:uninitialized
2022-12-04 08:40:08,754 [pool-117-thread-1] INFO  server.RaftServerConfigKeys (ConfUtils.java:logGet(46)) - raft.server.rpc.timeout.min = 5s (custom)
2022-12-04 08:40:08,754 [pool-117-thread-1] INFO  server.RaftServerConfigKeys (ConfUtils.java:logGet(46)) - raft.server.rpc.timeout.max = 5200ms (custom)
2022-12-04 08:40:08,754 [pool-117-thread-1] INFO  server.RaftServerConfigKeys (ConfUtils.java:logGet(46)) - raft.server.rpc.sleep.time = 25ms (default)
2022-12-04 08:40:08,754 [pool-117-thread-1] INFO  server.RaftServerConfigKeys (ConfUtils.java:logGet(46)) - raft.server.rpc.slowness.timeout = 300s (custom)
2022-12-04 08:40:08,755 [pool-117-thread-1] INFO  server.RaftServerConfigKeys (ConfUtils.java:logGet(46)) - raft.server.leaderelection.leader.step-down.wait-time = 10s (default)
2022-12-04 08:40:08,755 [pool-117-thread-1] INFO  server.RaftServerConfigKeys (ConfUtils.java:logGet(46)) - raft.server.sleep.deviation.threshold = 300ms (default)
2022-12-04 08:40:08,755 [pool-117-thread-1] INFO  server.RaftServer$Division (ServerState.java:<init>(118)) - 63101611-ba0d-476d-ab21-ebb904ff5769@group-4A7DDDC06410: ConfigurationManager, init=-1: peers:[63101611-ba0d-476d-ab21-ebb904ff5769|rpc:10.1.0.195:39977|priority:1|startupRole:FOLLOWER]|listeners:[], old=null, confs=<EMPTY_MAP>
2022-12-04 08:40:08,755 [pool-117-thread-1] INFO  server.RaftServerConfigKeys (ConfUtils.java:logGet(46)) - raft.server.storage.dir = [/home/runner/work/ozone/ozone/hadoop-ozone/integration-test/target/test-dir/MiniOzoneClusterImpl-a2a71a7e-4c8f-47b8-990b-2bc30dd677e7/datanode-2/data/ratis] (custom)
2022-12-04 08:40:08,755 [pool-117-thread-1] INFO  server.RaftServerConfigKeys (ConfUtils.java:logGet(46)) - raft.server.log.corruption.policy = EXCEPTION (default)
2022-12-04 08:40:08,755 [pool-117-thread-1] INFO  server.RaftServerConfigKeys (ConfUtils.java:logGet(46)) - raft.server.storage.free-space.min = 0MB (=0) (default)
2022-12-04 08:40:08,755 [pool-117-thread-1] INFO  server.RaftServerConfigKeys (ConfUtils.java:logGet(46)) - raft.server.notification.no-leader.timeout = 300s (custom)
2022-12-04 08:40:08,755 [pool-117-thread-1] INFO  server.RaftServerConfigKeys (ConfUtils.java:logGet(46)) - raft.server.retrycache.expirytime = 600000ms (custom)
2022-12-04 08:40:08,756 [pool-117-thread-1] INFO  server.RaftServerConfigKeys (ConfUtils.java:logGet(46)) - raft.server.retrycache.statistics.expirytime = 100μs (default)
2022-12-04 08:40:08,767 [pool-117-thread-1] INFO  server.RaftServerConfigKeys (ConfUtils.java:logGet(46)) - raft.server.log.appender.install.snapshot.enabled = false (custom)
2022-12-04 08:40:08,767 [pool-117-thread-1] INFO  server.RaftServerConfigKeys (ConfUtils.java:logGet(46)) - raft.server.threadpool.server.cached = true (default)
2022-12-04 08:40:08,767 [pool-117-thread-1] INFO  server.RaftServerConfigKeys (ConfUtils.java:logGet(46)) - raft.server.threadpool.server.size = 0 (default)
2022-12-04 08:40:08,767 [pool-117-thread-1] INFO  server.RaftServerConfigKeys (ConfUtils.java:logGet(46)) - raft.server.threadpool.client.cached = true (default)
2022-12-04 08:40:08,767 [pool-117-thread-1] INFO  server.RaftServerConfigKeys (ConfUtils.java:logGet(46)) - raft.server.threadpool.client.size = 0 (default)
2022-12-04 08:40:08,767 [pool-117-thread-1] INFO  storage.RaftStorageDirectory (RaftStorageDirectoryImpl.java:analyzeStorage(137)) - The storage directory /home/runner/work/ozone/ozone/hadoop-ozone/integration-test/target/test-dir/MiniOzoneClusterImpl-a2a71a7e-4c8f-47b8-990b-2bc30dd677e7/datanode-2/data/ratis/70d4c4d1-285c-4ed7-9190-4a7dddc06410 does not exist. Creating ...
2022-12-04 08:40:08,771 [pool-117-thread-1] INFO  storage.RaftStorageDirectory (RaftStorageDirectoryImpl.java:tryLock(231)) - Lock on /home/runner/work/ozone/ozone/hadoop-ozone/integration-test/target/test-dir/MiniOzoneClusterImpl-a2a71a7e-4c8f-47b8-990b-2bc30dd677e7/datanode-2/data/ratis/70d4c4d1-285c-4ed7-9190-4a7dddc06410/in_use.lock acquired by nodename 50461@fv-az380-152
2022-12-04 08:40:08,773 [pool-117-thread-1] INFO  storage.RaftStorage (RaftStorageImpl.java:format(96)) - Storage directory /home/runner/work/ozone/ozone/hadoop-ozone/integration-test/target/test-dir/MiniOzoneClusterImpl-a2a71a7e-4c8f-47b8-990b-2bc30dd677e7/datanode-2/data/ratis/70d4c4d1-285c-4ed7-9190-4a7dddc06410 has been successfully formatted.
2022-12-04 08:40:08,774 [pool-117-thread-1] INFO  ratis.ContainerStateMachine (ContainerStateMachine.java:loadSnapshot(236)) - group-4A7DDDC06410: The snapshot info is null. Setting the last applied indexto:(t:0, i:~)
2022-12-04 08:40:08,774 [pool-117-thread-1] INFO  server.RaftServerConfigKeys (ConfUtils.java:logGet(46)) - raft.server.log.use.memory = false (default)
2022-12-04 08:40:08,774 [pool-117-thread-1] INFO  server.RaftServerConfigKeys (ConfUtils.java:logGet(46)) - raft.server.log.purge.gap = 1000000 (custom)
2022-12-04 08:40:08,774 [pool-117-thread-1] INFO  server.RaftServerConfigKeys (ConfUtils.java:logGet(46)) - raft.server.log.appender.buffer.byte-limit = 33554432 (custom)
2022-12-04 08:40:08,774 [pool-117-thread-1] INFO  server.RaftServerConfigKeys (ConfUtils.java:logGet(46)) - raft.server.log.statemachine.data.read.timeout = 1000ms (default)
2022-12-04 08:40:08,774 [pool-117-thread-1] INFO  server.RaftServerConfigKeys (ConfUtils.java:logGet(46)) - raft.server.log.purge.preservation.log.num = 0 (default)
2022-12-04 08:40:08,776 [EventQueue-CommandQueueReportForCommandQueueReportHandler] WARN  events.EventQueue (EventQueue.java:fireEvent(216)) - No event handler registered for event TypedEvent{payloadType=DatanodeDetails, name='Datanode_Command_Queue_Updated'}
2022-12-04 08:40:08,777 [EventQueue-PipelineReportForPipelineReportHandler] INFO  pipeline.PipelineManagerImpl (PipelineManagerImpl.java:openPipeline(367)) - Pipeline Pipeline[ Id: 70d4c4d1-285c-4ed7-9190-4a7dddc06410, Nodes: 63101611-ba0d-476d-ab21-ebb904ff5769{ip: 10.1.0.195, host: fv-az380-152.nl4gydpcqt3ebnqutlzgyneqag.dx.internal.cloudapp.net, ports: [REPLICATION=39591, RATIS=39977, RATIS_ADMIN=39977, RATIS_SERVER=39977, STANDALONE=42557], networkLocation: /default-rack, certSerialId: null, persistedOpState: IN_SERVICE, persistedOpStateExpiryEpochSec: 0}, ReplicationConfig: RATIS/ONE, State:ALLOCATED, leaderId:63101611-ba0d-476d-ab21-ebb904ff5769, CreationTimestamp2022-12-04T08:40:05.749Z[Etc/UTC]] moved to OPEN state
2022-12-04 08:40:08,777 [EventQueue-OpenPipelineForHealthyPipelineSafeModeRule] INFO  safemode.SCMSafeModeManager (HealthyPipelineSafeModeRule.java:process(137)) - SCM in safe mode. Healthy pipelines reported count is 0, required healthy pipeline reported count is 1
2022-12-04 08:40:08,779 [pool-117-thread-1] INFO  server.RaftServerConfigKeys (ConfUtils.java:logGet(46)) - raft.server.log.segment.size.max = 1048576 (custom)
2022-12-04 08:40:08,785 [pool-117-thread-1] INFO  server.RaftServerConfigKeys (ConfUtils.java:logGet(46)) - raft.server.log.segment.cache.num.max = 2 (custom)
2022-12-04 08:40:08,785 [pool-117-thread-1] INFO  server.RaftServerConfigKeys (ConfUtils.java:logGet(46)) - raft.server.log.segment.cache.size.max = 200MB (=209715200) (default)
2022-12-04 08:40:08,785 [pool-117-thread-1] INFO  segmented.SegmentedRaftLogWorker (SegmentedRaftLogWorker.java:<init>(189)) - new 63101611-ba0d-476d-ab21-ebb904ff5769@group-4A7DDDC06410-SegmentedRaftLogWorker for RaftStorageImpl:Storage Directory /home/runner/work/ozone/ozone/hadoop-ozone/integration-test/target/test-dir/MiniOzoneClusterImpl-a2a71a7e-4c8f-47b8-990b-2bc30dd677e7/datanode-2/data/ratis/70d4c4d1-285c-4ed7-9190-4a7dddc06410
2022-12-04 08:40:08,785 [pool-117-thread-1] INFO  server.RaftServerConfigKeys (ConfUtils.java:logGet(46)) - raft.server.log.queue.byte-limit = 4294967296 (custom)
2022-12-04 08:40:08,786 [pool-117-thread-1] INFO  server.RaftServerConfigKeys (ConfUtils.java:logGet(46)) - raft.server.log.queue.element-limit = 1024 (custom)
2022-12-04 08:40:08,786 [pool-117-thread-1] INFO  server.RaftServerConfigKeys (ConfUtils.java:logGet(46)) - raft.server.log.segment.size.max = 1048576 (custom)
2022-12-04 08:40:08,786 [pool-117-thread-1] INFO  server.RaftServerConfigKeys (ConfUtils.java:logGet(46)) - raft.server.log.preallocated.size = 16384 (custom)
2022-12-04 08:40:08,786 [pool-117-thread-1] INFO  server.RaftServerConfigKeys (ConfUtils.java:logGet(46)) - raft.server.log.force.sync.num = 128 (default)
2022-12-04 08:40:08,786 [pool-117-thread-1] INFO  server.RaftServerConfigKeys (ConfUtils.java:logGet(46)) - raft.server.log.statemachine.data.sync = true (default)
2022-12-04 08:40:08,786 [pool-117-thread-1] INFO  server.RaftServerConfigKeys (ConfUtils.java:logGet(46)) - raft.server.log.statemachine.data.sync.timeout = 10s (default)
2022-12-04 08:40:08,786 [pool-117-thread-1] INFO  server.RaftServerConfigKeys (ConfUtils.java:logGet(46)) - raft.server.log.statemachine.data.sync.timeout.retry = -1 (default)
2022-12-04 08:40:08,787 [pool-117-thread-1] INFO  server.RaftServerConfigKeys (ConfUtils.java:logGet(46)) - raft.server.log.write.buffer.size = 1048576 (custom)
2022-12-04 08:40:08,787 [pool-117-thread-1] INFO  server.RaftServerConfigKeys (ConfUtils.java:logGet(46)) - raft.server.log.appender.buffer.byte-limit = 33554432 (custom)
2022-12-04 08:40:08,792 [pool-117-thread-1] INFO  server.RaftServerConfigKeys (ConfUtils.java:logGet(46)) - raft.server.log.unsafe-flush.enabled = false (default)
2022-12-04 08:40:08,792 [pool-117-thread-1] INFO  server.RaftServerConfigKeys (ConfUtils.java:logGet(46)) - raft.server.log.async-flush.enabled = false (default)
2022-12-04 08:40:08,792 [pool-117-thread-1] INFO  server.RaftServerConfigKeys (ConfUtils.java:logGet(46)) - raft.server.log.statemachine.data.caching.enabled = true (custom)
2022-12-04 08:40:08,792 [pool-117-thread-1] INFO  segmented.SegmentedRaftLogWorker (SegmentedRaftLogWorker.java:lambda$new$0(135)) - 63101611-ba0d-476d-ab21-ebb904ff5769@group-4A7DDDC06410-SegmentedRaftLogWorker: flushIndex: setUnconditionally 0 -> -1
2022-12-04 08:40:08,792 [pool-117-thread-1] INFO  segmented.SegmentedRaftLogWorker (SegmentedRaftLogWorker.java:lambda$new$0(135)) - 63101611-ba0d-476d-ab21-ebb904ff5769@group-4A7DDDC06410-SegmentedRaftLogWorker: safeCacheEvictIndex: setUnconditionally 0 -> -1
2022-12-04 08:40:08,795 [pool-117-thread-1] INFO  server.RaftServer$Division (RaftServerImpl.java:start(334)) - 63101611-ba0d-476d-ab21-ebb904ff5769@group-4A7DDDC06410: start as a follower, conf=-1: peers:[63101611-ba0d-476d-ab21-ebb904ff5769|rpc:10.1.0.195:39977|priority:1|startupRole:FOLLOWER]|listeners:[], old=null
2022-12-04 08:40:08,795 [pool-117-thread-1] INFO  server.RaftServer$Division (RaftServerImpl.java:setRole(321)) - 63101611-ba0d-476d-ab21-ebb904ff5769@group-4A7DDDC06410: changes role from      null to FOLLOWER at term 0 for startAsFollower
2022-12-04 08:40:08,795 [pool-117-thread-1] INFO  impl.RoleInfo (RoleInfo.java:updateAndGet(139)) - 63101611-ba0d-476d-ab21-ebb904ff5769: start 63101611-ba0d-476d-ab21-ebb904ff5769@group-4A7DDDC06410-FollowerState
2022-12-04 08:40:08,798 [pool-117-thread-1] INFO  util.JmxRegister (JmxRegister.java:tryRegister(44)) - Successfully registered JMX Bean with object name Ratis:service=RaftServer,group=group-4A7DDDC06410,id=63101611-ba0d-476d-ab21-ebb904ff5769
2022-12-04 08:40:08,798 [63101611-ba0d-476d-ab21-ebb904ff5769@group-4A7DDDC06410-FollowerState] INFO  server.RaftServerConfigKeys (ConfUtils.java:logFallback(53)) - raft.server.rpc.first-election.timeout.min = 5s (fallback to raft.server.rpc.timeout.min)
2022-12-04 08:40:08,798 [63101611-ba0d-476d-ab21-ebb904ff5769@group-4A7DDDC06410-FollowerState] INFO  server.RaftServerConfigKeys (ConfUtils.java:logFallback(53)) - raft.server.rpc.first-election.timeout.max = 5200ms (fallback to raft.server.rpc.timeout.max)
2022-12-04 08:40:08,800 [pool-117-thread-1] INFO  server.RaftServerConfigKeys (ConfUtils.java:logGet(46)) - raft.server.snapshot.auto.trigger.enabled = true (custom)
2022-12-04 08:40:08,800 [pool-117-thread-1] INFO  server.RaftServerConfigKeys (ConfUtils.java:logGet(46)) - raft.server.snapshot.auto.trigger.threshold = 10000 (custom)
2022-12-04 08:40:08,800 [pool-117-thread-1] INFO  server.RaftServerConfigKeys (ConfUtils.java:logGet(46)) - raft.server.snapshot.retention.file.num = 5 (custom)
2022-12-04 08:40:08,801 [pool-117-thread-1] INFO  server.RaftServerConfigKeys (ConfUtils.java:logGet(46)) - raft.server.log.purge.upto.snapshot.index = false (default)
2022-12-04 08:40:08,805 [Command processor thread] INFO  ratis.XceiverServerRatis (XceiverServerRatis.java:addGroup(765)) - Created group PipelineID=70d4c4d1-285c-4ed7-9190-4a7dddc06410
2022-12-04 08:40:08,805 [Command processor thread] INFO  commandhandler.CreatePipelineCommandHandler (CreatePipelineCommandHandler.java:handle(113)) - Created Pipeline RATIS ONE PipelineID=70d4c4d1-285c-4ed7-9190-4a7dddc06410.
2022-12-04 08:40:08,805 [Command processor thread] INFO  server.RaftServer (RaftServerProxy.java:addNew(96)) - 63101611-ba0d-476d-ab21-ebb904ff5769: addNew group-90796DE8A9D8:[9f181cac-2687-4d62-98e9-3903a7499e01|rpc:10.1.0.195:35415|priority:1|startupRole:FOLLOWER, 63101611-ba0d-476d-ab21-ebb904ff5769|rpc:10.1.0.195:39977|priority:0|startupRole:FOLLOWER, 4dfe2bcf-3e8c-4c55-988b-76052f767a96|rpc:10.1.0.195:44975|priority:0|startupRole:FOLLOWER] returns group-90796DE8A9D8:java.util.concurrent.CompletableFuture@15c3f0d6[Not completed]
2022-12-04 08:40:08,807 [pool-117-thread-1] INFO  server.RaftServer$Division (RaftServerImpl.java:<init>(195)) - 63101611-ba0d-476d-ab21-ebb904ff5769: new RaftServerImpl for group-90796DE8A9D8:[9f181cac-2687-4d62-98e9-3903a7499e01|rpc:10.1.0.195:35415|priority:1|startupRole:FOLLOWER, 63101611-ba0d-476d-ab21-ebb904ff5769|rpc:10.1.0.195:39977|priority:0|startupRole:FOLLOWER, 4dfe2bcf-3e8c-4c55-988b-76052f767a96|rpc:10.1.0.195:44975|priority:0|startupRole:FOLLOWER] with ContainerStateMachine:uninitialized
2022-12-04 08:40:08,808 [pool-117-thread-1] INFO  server.RaftServerConfigKeys (ConfUtils.java:logGet(46)) - raft.server.rpc.timeout.min = 5s (custom)
2022-12-04 08:40:08,808 [pool-117-thread-1] INFO  server.RaftServerConfigKeys (ConfUtils.java:logGet(46)) - raft.server.rpc.timeout.max = 5200ms (custom)
2022-12-04 08:40:08,808 [pool-117-thread-1] INFO  server.RaftServerConfigKeys (ConfUtils.java:logGet(46)) - raft.server.rpc.sleep.time = 25ms (default)
2022-12-04 08:40:08,808 [pool-117-thread-1] INFO  server.RaftServerConfigKeys (ConfUtils.java:logGet(46)) - raft.server.rpc.slowness.timeout = 300s (custom)
2022-12-04 08:40:08,808 [pool-117-thread-1] INFO  server.RaftServerConfigKeys (ConfUtils.java:logGet(46)) - raft.server.leaderelection.leader.step-down.wait-time = 10s (default)
2022-12-04 08:40:08,808 [pool-117-thread-1] INFO  server.RaftServerConfigKeys (ConfUtils.java:logGet(46)) - raft.server.sleep.deviation.threshold = 300ms (default)
2022-12-04 08:40:08,809 [pool-117-thread-1] INFO  server.RaftServer$Division (ServerState.java:<init>(118)) - 63101611-ba0d-476d-ab21-ebb904ff5769@group-90796DE8A9D8: ConfigurationManager, init=-1: peers:[9f181cac-2687-4d62-98e9-3903a7499e01|rpc:10.1.0.195:35415|priority:1|startupRole:FOLLOWER, 63101611-ba0d-476d-ab21-ebb904ff5769|rpc:10.1.0.195:39977|priority:0|startupRole:FOLLOWER, 4dfe2bcf-3e8c-4c55-988b-76052f767a96|rpc:10.1.0.195:44975|priority:0|startupRole:FOLLOWER]|listeners:[], old=null, confs=<EMPTY_MAP>
2022-12-04 08:40:08,809 [pool-117-thread-1] INFO  server.RaftServerConfigKeys (ConfUtils.java:logGet(46)) - raft.server.storage.dir = [/home/runner/work/ozone/ozone/hadoop-ozone/integration-test/target/test-dir/MiniOzoneClusterImpl-a2a71a7e-4c8f-47b8-990b-2bc30dd677e7/datanode-2/data/ratis] (custom)
2022-12-04 08:40:08,809 [pool-117-thread-1] INFO  server.RaftServerConfigKeys (ConfUtils.java:logGet(46)) - raft.server.log.corruption.policy = EXCEPTION (default)
2022-12-04 08:40:08,809 [pool-117-thread-1] INFO  server.RaftServerConfigKeys (ConfUtils.java:logGet(46)) - raft.server.storage.free-space.min = 0MB (=0) (default)
2022-12-04 08:40:08,809 [pool-117-thread-1] INFO  server.RaftServerConfigKeys (ConfUtils.java:logGet(46)) - raft.server.notification.no-leader.timeout = 300s (custom)
2022-12-04 08:40:08,809 [pool-117-thread-1] INFO  server.RaftServerConfigKeys (ConfUtils.java:logGet(46)) - raft.server.retrycache.expirytime = 600000ms (custom)
2022-12-04 08:40:08,811 [pool-117-thread-1] INFO  server.RaftServerConfigKeys (ConfUtils.java:logGet(46)) - raft.server.retrycache.statistics.expirytime = 100μs (default)
2022-12-04 08:40:08,815 [pool-117-thread-1] INFO  server.RaftServerConfigKeys (ConfUtils.java:logGet(46)) - raft.server.log.appender.install.snapshot.enabled = false (custom)
2022-12-04 08:40:08,815 [pool-117-thread-1] INFO  server.RaftServerConfigKeys (ConfUtils.java:logGet(46)) - raft.server.threadpool.server.cached = true (default)
2022-12-04 08:40:08,815 [pool-117-thread-1] INFO  server.RaftServerConfigKeys (ConfUtils.java:logGet(46)) - raft.server.threadpool.server.size = 0 (default)
2022-12-04 08:40:08,815 [pool-117-thread-1] INFO  server.RaftServerConfigKeys (ConfUtils.java:logGet(46)) - raft.server.threadpool.client.cached = true (default)
2022-12-04 08:40:08,815 [pool-117-thread-1] INFO  server.RaftServerConfigKeys (ConfUtils.java:logGet(46)) - raft.server.threadpool.client.size = 0 (default)
2022-12-04 08:40:08,815 [pool-117-thread-1] INFO  storage.RaftStorageDirectory (RaftStorageDirectoryImpl.java:analyzeStorage(137)) - The storage directory /home/runner/work/ozone/ozone/hadoop-ozone/integration-test/target/test-dir/MiniOzoneClusterImpl-a2a71a7e-4c8f-47b8-990b-2bc30dd677e7/datanode-2/data/ratis/1aa1602e-4112-4eaf-8af1-90796de8a9d8 does not exist. Creating ...
2022-12-04 08:40:08,816 [pool-117-thread-1] INFO  storage.RaftStorageDirectory (RaftStorageDirectoryImpl.java:tryLock(231)) - Lock on /home/runner/work/ozone/ozone/hadoop-ozone/integration-test/target/test-dir/MiniOzoneClusterImpl-a2a71a7e-4c8f-47b8-990b-2bc30dd677e7/datanode-2/data/ratis/1aa1602e-4112-4eaf-8af1-90796de8a9d8/in_use.lock acquired by nodename 50461@fv-az380-152
2022-12-04 08:40:08,818 [pool-117-thread-1] INFO  storage.RaftStorage (RaftStorageImpl.java:format(96)) - Storage directory /home/runner/work/ozone/ozone/hadoop-ozone/integration-test/target/test-dir/MiniOzoneClusterImpl-a2a71a7e-4c8f-47b8-990b-2bc30dd677e7/datanode-2/data/ratis/1aa1602e-4112-4eaf-8af1-90796de8a9d8 has been successfully formatted.
2022-12-04 08:40:08,819 [pool-117-thread-1] INFO  ratis.ContainerStateMachine (ContainerStateMachine.java:loadSnapshot(236)) - group-90796DE8A9D8: The snapshot info is null. Setting the last applied indexto:(t:0, i:~)
2022-12-04 08:40:08,819 [pool-117-thread-1] INFO  server.RaftServerConfigKeys (ConfUtils.java:logGet(46)) - raft.server.log.use.memory = false (default)
2022-12-04 08:40:08,819 [pool-117-thread-1] INFO  server.RaftServerConfigKeys (ConfUtils.java:logGet(46)) - raft.server.log.purge.gap = 1000000 (custom)
2022-12-04 08:40:08,820 [pool-117-thread-1] INFO  server.RaftServerConfigKeys (ConfUtils.java:logGet(46)) - raft.server.log.appender.buffer.byte-limit = 33554432 (custom)
2022-12-04 08:40:08,821 [EventQueue-OpenPipelineForHealthyPipelineSafeModeRule] INFO  safemode.SCMSafeModeManager (HealthyPipelineSafeModeRule.java:process(137)) - SCM in safe mode. Healthy pipelines reported count is 0, required healthy pipeline reported count is 1
2022-12-04 08:40:08,821 [EventQueue-CommandQueueReportForCommandQueueReportHandler] WARN  events.EventQueue (EventQueue.java:fireEvent(216)) - No event handler registered for event TypedEvent{payloadType=DatanodeDetails, name='Datanode_Command_Queue_Updated'}
2022-12-04 08:40:08,823 [pool-117-thread-1] INFO  server.RaftServerConfigKeys (ConfUtils.java:logGet(46)) - raft.server.log.statemachine.data.read.timeout = 1000ms (default)
2022-12-04 08:40:08,823 [pool-117-thread-1] INFO  server.RaftServerConfigKeys (ConfUtils.java:logGet(46)) - raft.server.log.purge.preservation.log.num = 0 (default)
2022-12-04 08:40:08,823 [pool-117-thread-1] INFO  server.RaftServerConfigKeys (ConfUtils.java:logGet(46)) - raft.server.log.segment.size.max = 1048576 (custom)
2022-12-04 08:40:08,824 [pool-117-thread-1] INFO  server.RaftServerConfigKeys (ConfUtils.java:logGet(46)) - raft.server.log.segment.cache.num.max = 2 (custom)
2022-12-04 08:40:08,824 [pool-117-thread-1] INFO  server.RaftServerConfigKeys (ConfUtils.java:logGet(46)) - raft.server.log.segment.cache.size.max = 200MB (=209715200) (default)
2022-12-04 08:40:08,824 [pool-117-thread-1] INFO  segmented.SegmentedRaftLogWorker (SegmentedRaftLogWorker.java:<init>(189)) - new 63101611-ba0d-476d-ab21-ebb904ff5769@group-90796DE8A9D8-SegmentedRaftLogWorker for RaftStorageImpl:Storage Directory /home/runner/work/ozone/ozone/hadoop-ozone/integration-test/target/test-dir/MiniOzoneClusterImpl-a2a71a7e-4c8f-47b8-990b-2bc30dd677e7/datanode-2/data/ratis/1aa1602e-4112-4eaf-8af1-90796de8a9d8
2022-12-04 08:40:08,824 [pool-117-thread-1] INFO  server.RaftServerConfigKeys (ConfUtils.java:logGet(46)) - raft.server.log.queue.byte-limit = 4294967296 (custom)
2022-12-04 08:40:08,824 [pool-117-thread-1] INFO  server.RaftServerConfigKeys (ConfUtils.java:logGet(46)) - raft.server.log.queue.element-limit = 1024 (custom)
2022-12-04 08:40:08,824 [pool-117-thread-1] INFO  server.RaftServerConfigKeys (ConfUtils.java:logGet(46)) - raft.server.log.segment.size.max = 1048576 (custom)
2022-12-04 08:40:08,824 [pool-117-thread-1] INFO  server.RaftServerConfigKeys (ConfUtils.java:logGet(46)) - raft.server.log.preallocated.size = 16384 (custom)
2022-12-04 08:40:08,824 [pool-117-thread-1] INFO  server.RaftServerConfigKeys (ConfUtils.java:logGet(46)) - raft.server.log.force.sync.num = 128 (default)
2022-12-04 08:40:08,824 [pool-117-thread-1] INFO  server.RaftServerConfigKeys (ConfUtils.java:logGet(46)) - raft.server.log.statemachine.data.sync = true (default)
2022-12-04 08:40:08,824 [pool-117-thread-1] INFO  server.RaftServerConfigKeys (ConfUtils.java:logGet(46)) - raft.server.log.statemachine.data.sync.timeout = 10s (default)
2022-12-04 08:40:08,824 [pool-117-thread-1] INFO  server.RaftServerConfigKeys (ConfUtils.java:logGet(46)) - raft.server.log.statemachine.data.sync.timeout.retry = -1 (default)
2022-12-04 08:40:08,832 [pool-117-thread-1] INFO  server.RaftServerConfigKeys (ConfUtils.java:logGet(46)) - raft.server.log.write.buffer.size = 1048576 (custom)
2022-12-04 08:40:08,832 [pool-117-thread-1] INFO  server.RaftServerConfigKeys (ConfUtils.java:logGet(46)) - raft.server.log.appender.buffer.byte-limit = 33554432 (custom)
2022-12-04 08:40:08,837 [pool-117-thread-1] INFO  server.RaftServerConfigKeys (ConfUtils.java:logGet(46)) - raft.server.log.unsafe-flush.enabled = false (default)
2022-12-04 08:40:08,837 [pool-117-thread-1] INFO  server.RaftServerConfigKeys (ConfUtils.java:logGet(46)) - raft.server.log.async-flush.enabled = false (default)
2022-12-04 08:40:08,838 [pool-117-thread-1] INFO  server.RaftServerConfigKeys (ConfUtils.java:logGet(46)) - raft.server.log.statemachine.data.caching.enabled = true (custom)
2022-12-04 08:40:08,838 [pool-117-thread-1] INFO  segmented.SegmentedRaftLogWorker (SegmentedRaftLogWorker.java:lambda$new$0(135)) - 63101611-ba0d-476d-ab21-ebb904ff5769@group-90796DE8A9D8-SegmentedRaftLogWorker: flushIndex: setUnconditionally 0 -> -1
2022-12-04 08:40:08,838 [pool-117-thread-1] INFO  segmented.SegmentedRaftLogWorker (SegmentedRaftLogWorker.java:lambda$new$0(135)) - 63101611-ba0d-476d-ab21-ebb904ff5769@group-90796DE8A9D8-SegmentedRaftLogWorker: safeCacheEvictIndex: setUnconditionally 0 -> -1
2022-12-04 08:40:08,838 [pool-117-thread-1] INFO  server.RaftServer$Division (RaftServerImpl.java:start(334)) - 63101611-ba0d-476d-ab21-ebb904ff5769@group-90796DE8A9D8: start as a follower, conf=-1: peers:[9f181cac-2687-4d62-98e9-3903a7499e01|rpc:10.1.0.195:35415|priority:1|startupRole:FOLLOWER, 63101611-ba0d-476d-ab21-ebb904ff5769|rpc:10.1.0.195:39977|priority:0|startupRole:FOLLOWER, 4dfe2bcf-3e8c-4c55-988b-76052f767a96|rpc:10.1.0.195:44975|priority:0|startupRole:FOLLOWER]|listeners:[], old=null
2022-12-04 08:40:08,838 [pool-117-thread-1] INFO  server.RaftServer$Division (RaftServerImpl.java:setRole(321)) - 63101611-ba0d-476d-ab21-ebb904ff5769@group-90796DE8A9D8: changes role from      null to FOLLOWER at term 0 for startAsFollower
2022-12-04 08:40:08,838 [pool-117-thread-1] INFO  impl.RoleInfo (RoleInfo.java:updateAndGet(139)) - 63101611-ba0d-476d-ab21-ebb904ff5769: start 63101611-ba0d-476d-ab21-ebb904ff5769@group-90796DE8A9D8-FollowerState
2022-12-04 08:40:08,841 [pool-117-thread-1] INFO  util.JmxRegister (JmxRegister.java:tryRegister(44)) - Successfully registered JMX Bean with object name Ratis:service=RaftServer,group=group-90796DE8A9D8,id=63101611-ba0d-476d-ab21-ebb904ff5769
2022-12-04 08:40:08,841 [pool-117-thread-1] INFO  server.RaftServerConfigKeys (ConfUtils.java:logGet(46)) - raft.server.snapshot.auto.trigger.enabled = true (custom)
2022-12-04 08:40:08,842 [pool-117-thread-1] INFO  server.RaftServerConfigKeys (ConfUtils.java:logGet(46)) - raft.server.snapshot.auto.trigger.threshold = 10000 (custom)
2022-12-04 08:40:08,842 [pool-117-thread-1] INFO  server.RaftServerConfigKeys (ConfUtils.java:logGet(46)) - raft.server.snapshot.retention.file.num = 5 (custom)
2022-12-04 08:40:08,842 [pool-117-thread-1] INFO  server.RaftServerConfigKeys (ConfUtils.java:logGet(46)) - raft.server.log.purge.upto.snapshot.index = false (default)
2022-12-04 08:40:08,842 [63101611-ba0d-476d-ab21-ebb904ff5769@group-90796DE8A9D8-FollowerState] INFO  server.RaftServerConfigKeys (ConfUtils.java:logFallback(53)) - raft.server.rpc.first-election.timeout.min = 5s (fallback to raft.server.rpc.timeout.min)
2022-12-04 08:40:08,842 [63101611-ba0d-476d-ab21-ebb904ff5769@group-90796DE8A9D8-FollowerState] INFO  server.RaftServerConfigKeys (ConfUtils.java:logFallback(53)) - raft.server.rpc.first-election.timeout.max = 5200ms (fallback to raft.server.rpc.timeout.max)
2022-12-04 08:40:08,843 [Command processor thread] INFO  ratis.XceiverServerRatis (XceiverServerRatis.java:addGroup(765)) - Created group PipelineID=1aa1602e-4112-4eaf-8af1-90796de8a9d8
2022-12-04 08:40:09,055 [EventQueue-CommandQueueReportForCommandQueueReportHandler] WARN  events.EventQueue (EventQueue.java:fireEvent(216)) - No event handler registered for event TypedEvent{payloadType=DatanodeDetails, name='Datanode_Command_Queue_Updated'}
2022-12-04 08:40:09,059 [Command processor thread] INFO  commandhandler.CreatePipelineCommandHandler (CreatePipelineCommandHandler.java:handle(113)) - Created Pipeline RATIS THREE PipelineID=1aa1602e-4112-4eaf-8af1-90796de8a9d8.
2022-12-04 08:40:09,059 [Command processor thread] INFO  server.RaftServer (RaftServerProxy.java:addNew(96)) - 9f181cac-2687-4d62-98e9-3903a7499e01: addNew group-317D392E37CF:[9f181cac-2687-4d62-98e9-3903a7499e01|rpc:10.1.0.195:35415|priority:0|startupRole:FOLLOWER, 63101611-ba0d-476d-ab21-ebb904ff5769|rpc:10.1.0.195:39977|priority:0|startupRole:FOLLOWER, 4dfe2bcf-3e8c-4c55-988b-76052f767a96|rpc:10.1.0.195:44975|priority:1|startupRole:FOLLOWER] returns group-317D392E37CF:java.util.concurrent.CompletableFuture@6a65e48b[Not completed]
2022-12-04 08:40:09,061 [pool-71-thread-1] INFO  server.RaftServer$Division (RaftServerImpl.java:<init>(195)) - 9f181cac-2687-4d62-98e9-3903a7499e01: new RaftServerImpl for group-317D392E37CF:[9f181cac-2687-4d62-98e9-3903a7499e01|rpc:10.1.0.195:35415|priority:0|startupRole:FOLLOWER, 63101611-ba0d-476d-ab21-ebb904ff5769|rpc:10.1.0.195:39977|priority:0|startupRole:FOLLOWER, 4dfe2bcf-3e8c-4c55-988b-76052f767a96|rpc:10.1.0.195:44975|priority:1|startupRole:FOLLOWER] with ContainerStateMachine:uninitialized
2022-12-04 08:40:09,061 [pool-71-thread-1] INFO  server.RaftServerConfigKeys (ConfUtils.java:logGet(46)) - raft.server.rpc.timeout.min = 5s (custom)
2022-12-04 08:40:09,061 [pool-71-thread-1] INFO  server.RaftServerConfigKeys (ConfUtils.java:logGet(46)) - raft.server.rpc.timeout.max = 5200ms (custom)
2022-12-04 08:40:09,061 [pool-71-thread-1] INFO  server.RaftServerConfigKeys (ConfUtils.java:logGet(46)) - raft.server.rpc.sleep.time = 25ms (default)
2022-12-04 08:40:09,061 [pool-71-thread-1] INFO  server.RaftServerConfigKeys (ConfUtils.java:logGet(46)) - raft.server.rpc.slowness.timeout = 300s (custom)
2022-12-04 08:40:09,061 [pool-71-thread-1] INFO  server.RaftServerConfigKeys (ConfUtils.java:logGet(46)) - raft.server.leaderelection.leader.step-down.wait-time = 10s (default)
2022-12-04 08:40:09,061 [pool-71-thread-1] INFO  server.RaftServerConfigKeys (ConfUtils.java:logGet(46)) - raft.server.sleep.deviation.threshold = 300ms (default)
2022-12-04 08:40:09,061 [pool-71-thread-1] INFO  server.RaftServer$Division (ServerState.java:<init>(118)) - 9f181cac-2687-4d62-98e9-3903a7499e01@group-317D392E37CF: ConfigurationManager, init=-1: peers:[9f181cac-2687-4d62-98e9-3903a7499e01|rpc:10.1.0.195:35415|priority:0|startupRole:FOLLOWER, 63101611-ba0d-476d-ab21-ebb904ff5769|rpc:10.1.0.195:39977|priority:0|startupRole:FOLLOWER, 4dfe2bcf-3e8c-4c55-988b-76052f767a96|rpc:10.1.0.195:44975|priority:1|startupRole:FOLLOWER]|listeners:[], old=null, confs=<EMPTY_MAP>
2022-12-04 08:40:09,061 [Command processor thread] INFO  commandhandler.CreatePipelineCommandHandler (CreatePipelineCommandHandler.java:handle(113)) - Created Pipeline RATIS THREE PipelineID=1aa1602e-4112-4eaf-8af1-90796de8a9d8.
2022-12-04 08:40:09,062 [Command processor thread] INFO  server.RaftServer (RaftServerProxy.java:addNew(96)) - 4dfe2bcf-3e8c-4c55-988b-76052f767a96: addNew group-317D392E37CF:[9f181cac-2687-4d62-98e9-3903a7499e01|rpc:10.1.0.195:35415|priority:0|startupRole:FOLLOWER, 63101611-ba0d-476d-ab21-ebb904ff5769|rpc:10.1.0.195:39977|priority:0|startupRole:FOLLOWER, 4dfe2bcf-3e8c-4c55-988b-76052f767a96|rpc:10.1.0.195:44975|priority:1|startupRole:FOLLOWER] returns group-317D392E37CF:java.util.concurrent.CompletableFuture@21d2a773[Not completed]
2022-12-04 08:40:09,061 [pool-71-thread-1] INFO  server.RaftServerConfigKeys (ConfUtils.java:logGet(46)) - raft.server.storage.dir = [/home/runner/work/ozone/ozone/hadoop-ozone/integration-test/target/test-dir/MiniOzoneClusterImpl-a2a71a7e-4c8f-47b8-990b-2bc30dd677e7/datanode-0/data/ratis] (custom)
2022-12-04 08:40:09,065 [pool-71-thread-1] INFO  server.RaftServerConfigKeys (ConfUtils.java:logGet(46)) - raft.server.log.corruption.policy = EXCEPTION (default)
2022-12-04 08:40:09,065 [pool-71-thread-1] INFO  server.RaftServerConfigKeys (ConfUtils.java:logGet(46)) - raft.server.storage.free-space.min = 0MB (=0) (default)
2022-12-04 08:40:09,065 [pool-71-thread-1] INFO  server.RaftServerConfigKeys (ConfUtils.java:logGet(46)) - raft.server.notification.no-leader.timeout = 300s (custom)
2022-12-04 08:40:09,065 [pool-71-thread-1] INFO  server.RaftServerConfigKeys (ConfUtils.java:logGet(46)) - raft.server.retrycache.expirytime = 600000ms (custom)
2022-12-04 08:40:09,066 [pool-71-thread-1] INFO  server.RaftServerConfigKeys (ConfUtils.java:logGet(46)) - raft.server.retrycache.statistics.expirytime = 100μs (default)
2022-12-04 08:40:09,063 [pool-94-thread-1] INFO  server.RaftServer$Division (RaftServerImpl.java:<init>(195)) - 4dfe2bcf-3e8c-4c55-988b-76052f767a96: new RaftServerImpl for group-317D392E37CF:[9f181cac-2687-4d62-98e9-3903a7499e01|rpc:10.1.0.195:35415|priority:0|startupRole:FOLLOWER, 63101611-ba0d-476d-ab21-ebb904ff5769|rpc:10.1.0.195:39977|priority:0|startupRole:FOLLOWER, 4dfe2bcf-3e8c-4c55-988b-76052f767a96|rpc:10.1.0.195:44975|priority:1|startupRole:FOLLOWER] with ContainerStateMachine:uninitialized
2022-12-04 08:40:09,063 [Command processor thread] INFO  commandhandler.CreatePipelineCommandHandler (CreatePipelineCommandHandler.java:handle(113)) - Created Pipeline RATIS THREE PipelineID=1aa1602e-4112-4eaf-8af1-90796de8a9d8.
2022-12-04 08:40:09,067 [pool-94-thread-1] INFO  server.RaftServerConfigKeys (ConfUtils.java:logGet(46)) - raft.server.rpc.timeout.min = 5s (custom)
2022-12-04 08:40:09,067 [pool-94-thread-1] INFO  server.RaftServerConfigKeys (ConfUtils.java:logGet(46)) - raft.server.rpc.timeout.max = 5200ms (custom)
2022-12-04 08:40:09,067 [pool-94-thread-1] INFO  server.RaftServerConfigKeys (ConfUtils.java:logGet(46)) - raft.server.rpc.sleep.time = 25ms (default)
2022-12-04 08:40:09,067 [pool-94-thread-1] INFO  server.RaftServerConfigKeys (ConfUtils.java:logGet(46)) - raft.server.rpc.slowness.timeout = 300s (custom)
2022-12-04 08:40:09,067 [pool-94-thread-1] INFO  server.RaftServerConfigKeys (ConfUtils.java:logGet(46)) - raft.server.leaderelection.leader.step-down.wait-time = 10s (default)
2022-12-04 08:40:09,067 [pool-94-thread-1] INFO  server.RaftServerConfigKeys (ConfUtils.java:logGet(46)) - raft.server.sleep.deviation.threshold = 300ms (default)
2022-12-04 08:40:09,067 [pool-94-thread-1] INFO  server.RaftServer$Division (ServerState.java:<init>(118)) - 4dfe2bcf-3e8c-4c55-988b-76052f767a96@group-317D392E37CF: ConfigurationManager, init=-1: peers:[9f181cac-2687-4d62-98e9-3903a7499e01|rpc:10.1.0.195:35415|priority:0|startupRole:FOLLOWER, 63101611-ba0d-476d-ab21-ebb904ff5769|rpc:10.1.0.195:39977|priority:0|startupRole:FOLLOWER, 4dfe2bcf-3e8c-4c55-988b-76052f767a96|rpc:10.1.0.195:44975|priority:1|startupRole:FOLLOWER]|listeners:[], old=null, confs=<EMPTY_MAP>
2022-12-04 08:40:09,067 [pool-94-thread-1] INFO  server.RaftServerConfigKeys (ConfUtils.java:logGet(46)) - raft.server.storage.dir = [/home/runner/work/ozone/ozone/hadoop-ozone/integration-test/target/test-dir/MiniOzoneClusterImpl-a2a71a7e-4c8f-47b8-990b-2bc30dd677e7/datanode-1/data/ratis] (custom)
2022-12-04 08:40:09,067 [pool-94-thread-1] INFO  server.RaftServerConfigKeys (ConfUtils.java:logGet(46)) - raft.server.log.corruption.policy = EXCEPTION (default)
2022-12-04 08:40:09,068 [pool-94-thread-1] INFO  server.RaftServerConfigKeys (ConfUtils.java:logGet(46)) - raft.server.storage.free-space.min = 0MB (=0) (default)
2022-12-04 08:40:09,068 [pool-94-thread-1] INFO  server.RaftServerConfigKeys (ConfUtils.java:logGet(46)) - raft.server.notification.no-leader.timeout = 300s (custom)
2022-12-04 08:40:09,068 [pool-94-thread-1] INFO  server.RaftServerConfigKeys (ConfUtils.java:logGet(46)) - raft.server.retrycache.expirytime = 600000ms (custom)
2022-12-04 08:40:09,068 [pool-94-thread-1] INFO  server.RaftServerConfigKeys (ConfUtils.java:logGet(46)) - raft.server.retrycache.statistics.expirytime = 100μs (default)
2022-12-04 08:40:09,068 [pool-117-thread-1] INFO  server.RaftServer$Division (RaftServerImpl.java:<init>(195)) - 63101611-ba0d-476d-ab21-ebb904ff5769: new RaftServerImpl for group-317D392E37CF:[9f181cac-2687-4d62-98e9-3903a7499e01|rpc:10.1.0.195:35415|priority:0|startupRole:FOLLOWER, 63101611-ba0d-476d-ab21-ebb904ff5769|rpc:10.1.0.195:39977|priority:0|startupRole:FOLLOWER, 4dfe2bcf-3e8c-4c55-988b-76052f767a96|rpc:10.1.0.195:44975|priority:1|startupRole:FOLLOWER] with ContainerStateMachine:uninitialized
2022-12-04 08:40:09,066 [pool-71-thread-1] INFO  server.RaftServerConfigKeys (ConfUtils.java:logGet(46)) - raft.server.log.appender.install.snapshot.enabled = false (custom)
2022-12-04 08:40:09,071 [pool-117-thread-1] INFO  server.RaftServerConfigKeys (ConfUtils.java:logGet(46)) - raft.server.rpc.timeout.min = 5s (custom)
2022-12-04 08:40:09,069 [pool-94-thread-1] INFO  server.RaftServerConfigKeys (ConfUtils.java:logGet(46)) - raft.server.log.appender.install.snapshot.enabled = false (custom)
2022-12-04 08:40:09,071 [pool-117-thread-1] INFO  server.RaftServerConfigKeys (ConfUtils.java:logGet(46)) - raft.server.rpc.timeout.max = 5200ms (custom)
2022-12-04 08:40:09,071 [pool-117-thread-1] INFO  server.RaftServerConfigKeys (ConfUtils.java:logGet(46)) - raft.server.rpc.sleep.time = 25ms (default)
2022-12-04 08:40:09,071 [pool-117-thread-1] INFO  server.RaftServerConfigKeys (ConfUtils.java:logGet(46)) - raft.server.rpc.slowness.timeout = 300s (custom)
2022-12-04 08:40:09,071 [pool-117-thread-1] INFO  server.RaftServerConfigKeys (ConfUtils.java:logGet(46)) - raft.server.leaderelection.leader.step-down.wait-time = 10s (default)
2022-12-04 08:40:09,071 [pool-117-thread-1] INFO  server.RaftServerConfigKeys (ConfUtils.java:logGet(46)) - raft.server.sleep.deviation.threshold = 300ms (default)
2022-12-04 08:40:09,071 [pool-117-thread-1] INFO  server.RaftServer$Division (ServerState.java:<init>(118)) - 63101611-ba0d-476d-ab21-ebb904ff5769@group-317D392E37CF: ConfigurationManager, init=-1: peers:[9f181cac-2687-4d62-98e9-3903a7499e01|rpc:10.1.0.195:35415|priority:0|startupRole:FOLLOWER, 63101611-ba0d-476d-ab21-ebb904ff5769|rpc:10.1.0.195:39977|priority:0|startupRole:FOLLOWER, 4dfe2bcf-3e8c-4c55-988b-76052f767a96|rpc:10.1.0.195:44975|priority:1|startupRole:FOLLOWER]|listeners:[], old=null, confs=<EMPTY_MAP>
2022-12-04 08:40:09,071 [pool-117-thread-1] INFO  server.RaftServerConfigKeys (ConfUtils.java:logGet(46)) - raft.server.storage.dir = [/home/runner/work/ozone/ozone/hadoop-ozone/integration-test/target/test-dir/MiniOzoneClusterImpl-a2a71a7e-4c8f-47b8-990b-2bc30dd677e7/datanode-2/data/ratis] (custom)
2022-12-04 08:40:09,071 [pool-117-thread-1] INFO  server.RaftServerConfigKeys (ConfUtils.java:logGet(46)) - raft.server.log.corruption.policy = EXCEPTION (default)
2022-12-04 08:40:09,071 [pool-117-thread-1] INFO  server.RaftServerConfigKeys (ConfUtils.java:logGet(46)) - raft.server.storage.free-space.min = 0MB (=0) (default)
2022-12-04 08:40:09,071 [pool-117-thread-1] INFO  server.RaftServerConfigKeys (ConfUtils.java:logGet(46)) - raft.server.notification.no-leader.timeout = 300s (custom)
2022-12-04 08:40:09,071 [pool-117-thread-1] INFO  server.RaftServerConfigKeys (ConfUtils.java:logGet(46)) - raft.server.retrycache.expirytime = 600000ms (custom)
2022-12-04 08:40:09,072 [pool-117-thread-1] INFO  server.RaftServerConfigKeys (ConfUtils.java:logGet(46)) - raft.server.retrycache.statistics.expirytime = 100μs (default)
2022-12-04 08:40:09,072 [pool-117-thread-1] INFO  server.RaftServerConfigKeys (ConfUtils.java:logGet(46)) - raft.server.log.appender.install.snapshot.enabled = false (custom)
2022-12-04 08:40:09,072 [pool-117-thread-1] INFO  server.RaftServerConfigKeys (ConfUtils.java:logGet(46)) - raft.server.threadpool.server.cached = true (default)
2022-12-04 08:40:09,072 [pool-117-thread-1] INFO  server.RaftServerConfigKeys (ConfUtils.java:logGet(46)) - raft.server.threadpool.server.size = 0 (default)
2022-12-04 08:40:09,072 [pool-117-thread-1] INFO  server.RaftServerConfigKeys (ConfUtils.java:logGet(46)) - raft.server.threadpool.client.cached = true (default)
2022-12-04 08:40:09,072 [pool-117-thread-1] INFO  server.RaftServerConfigKeys (ConfUtils.java:logGet(46)) - raft.server.threadpool.client.size = 0 (default)
2022-12-04 08:40:09,067 [Command processor thread] INFO  server.RaftServer (RaftServerProxy.java:addNew(96)) - 63101611-ba0d-476d-ab21-ebb904ff5769: addNew group-317D392E37CF:[9f181cac-2687-4d62-98e9-3903a7499e01|rpc:10.1.0.195:35415|priority:0|startupRole:FOLLOWER, 63101611-ba0d-476d-ab21-ebb904ff5769|rpc:10.1.0.195:39977|priority:0|startupRole:FOLLOWER, 4dfe2bcf-3e8c-4c55-988b-76052f767a96|rpc:10.1.0.195:44975|priority:1|startupRole:FOLLOWER] returns group-317D392E37CF:java.util.concurrent.CompletableFuture@43a5b2f4[Not completed]
2022-12-04 08:40:09,071 [pool-94-thread-1] INFO  server.RaftServerConfigKeys (ConfUtils.java:logGet(46)) - raft.server.threadpool.server.cached = true (default)
2022-12-04 08:40:09,073 [pool-94-thread-1] INFO  server.RaftServerConfigKeys (ConfUtils.java:logGet(46)) - raft.server.threadpool.server.size = 0 (default)
2022-12-04 08:40:09,073 [pool-94-thread-1] INFO  server.RaftServerConfigKeys (ConfUtils.java:logGet(46)) - raft.server.threadpool.client.cached = true (default)
2022-12-04 08:40:09,073 [pool-94-thread-1] INFO  server.RaftServerConfigKeys (ConfUtils.java:logGet(46)) - raft.server.threadpool.client.size = 0 (default)
2022-12-04 08:40:09,073 [pool-94-thread-1] INFO  storage.RaftStorageDirectory (RaftStorageDirectoryImpl.java:analyzeStorage(137)) - The storage directory /home/runner/work/ozone/ozone/hadoop-ozone/integration-test/target/test-dir/MiniOzoneClusterImpl-a2a71a7e-4c8f-47b8-990b-2bc30dd677e7/datanode-1/data/ratis/b92b2e80-45f8-4e92-b432-317d392e37cf does not exist. Creating ...
2022-12-04 08:40:09,071 [pool-71-thread-1] INFO  server.RaftServerConfigKeys (ConfUtils.java:logGet(46)) - raft.server.threadpool.server.cached = true (default)
2022-12-04 08:40:09,076 [pool-71-thread-1] INFO  server.RaftServerConfigKeys (ConfUtils.java:logGet(46)) - raft.server.threadpool.server.size = 0 (default)
2022-12-04 08:40:09,076 [pool-71-thread-1] INFO  server.RaftServerConfigKeys (ConfUtils.java:logGet(46)) - raft.server.threadpool.client.cached = true (default)
2022-12-04 08:40:09,076 [pool-71-thread-1] INFO  server.RaftServerConfigKeys (ConfUtils.java:logGet(46)) - raft.server.threadpool.client.size = 0 (default)
2022-12-04 08:40:09,076 [pool-71-thread-1] INFO  storage.RaftStorageDirectory (RaftStorageDirectoryImpl.java:analyzeStorage(137)) - The storage directory /home/runner/work/ozone/ozone/hadoop-ozone/integration-test/target/test-dir/MiniOzoneClusterImpl-a2a71a7e-4c8f-47b8-990b-2bc30dd677e7/datanode-0/data/ratis/b92b2e80-45f8-4e92-b432-317d392e37cf does not exist. Creating ...
2022-12-04 08:40:09,074 [pool-94-thread-1] INFO  storage.RaftStorageDirectory (RaftStorageDirectoryImpl.java:tryLock(231)) - Lock on /home/runner/work/ozone/ozone/hadoop-ozone/integration-test/target/test-dir/MiniOzoneClusterImpl-a2a71a7e-4c8f-47b8-990b-2bc30dd677e7/datanode-1/data/ratis/b92b2e80-45f8-4e92-b432-317d392e37cf/in_use.lock acquired by nodename 50461@fv-az380-152
2022-12-04 08:40:09,073 [pool-117-thread-1] INFO  storage.RaftStorageDirectory (RaftStorageDirectoryImpl.java:analyzeStorage(137)) - The storage directory /home/runner/work/ozone/ozone/hadoop-ozone/integration-test/target/test-dir/MiniOzoneClusterImpl-a2a71a7e-4c8f-47b8-990b-2bc30dd677e7/datanode-2/data/ratis/b92b2e80-45f8-4e92-b432-317d392e37cf does not exist. Creating ...
2022-12-04 08:40:09,077 [pool-71-thread-1] INFO  storage.RaftStorageDirectory (RaftStorageDirectoryImpl.java:tryLock(231)) - Lock on /home/runner/work/ozone/ozone/hadoop-ozone/integration-test/target/test-dir/MiniOzoneClusterImpl-a2a71a7e-4c8f-47b8-990b-2bc30dd677e7/datanode-0/data/ratis/b92b2e80-45f8-4e92-b432-317d392e37cf/in_use.lock acquired by nodename 50461@fv-az380-152
2022-12-04 08:40:09,077 [pool-117-thread-1] INFO  storage.RaftStorageDirectory (RaftStorageDirectoryImpl.java:tryLock(231)) - Lock on /home/runner/work/ozone/ozone/hadoop-ozone/integration-test/target/test-dir/MiniOzoneClusterImpl-a2a71a7e-4c8f-47b8-990b-2bc30dd677e7/datanode-2/data/ratis/b92b2e80-45f8-4e92-b432-317d392e37cf/in_use.lock acquired by nodename 50461@fv-az380-152
2022-12-04 08:40:09,078 [pool-94-thread-1] INFO  storage.RaftStorage (RaftStorageImpl.java:format(96)) - Storage directory /home/runner/work/ozone/ozone/hadoop-ozone/integration-test/target/test-dir/MiniOzoneClusterImpl-a2a71a7e-4c8f-47b8-990b-2bc30dd677e7/datanode-1/data/ratis/b92b2e80-45f8-4e92-b432-317d392e37cf has been successfully formatted.
2022-12-04 08:40:09,078 [pool-94-thread-1] INFO  ratis.ContainerStateMachine (ContainerStateMachine.java:loadSnapshot(236)) - group-317D392E37CF: The snapshot info is null. Setting the last applied indexto:(t:0, i:~)
2022-12-04 08:40:09,078 [pool-94-thread-1] INFO  server.RaftServerConfigKeys (ConfUtils.java:logGet(46)) - raft.server.log.use.memory = false (default)
2022-12-04 08:40:09,079 [pool-117-thread-1] INFO  storage.RaftStorage (RaftStorageImpl.java:format(96)) - Storage directory /home/runner/work/ozone/ozone/hadoop-ozone/integration-test/target/test-dir/MiniOzoneClusterImpl-a2a71a7e-4c8f-47b8-990b-2bc30dd677e7/datanode-2/data/ratis/b92b2e80-45f8-4e92-b432-317d392e37cf has been successfully formatted.
2022-12-04 08:40:09,079 [pool-94-thread-1] INFO  server.RaftServerConfigKeys (ConfUtils.java:logGet(46)) - raft.server.log.purge.gap = 1000000 (custom)
2022-12-04 08:40:09,079 [pool-94-thread-1] INFO  server.RaftServerConfigKeys (ConfUtils.java:logGet(46)) - raft.server.log.appender.buffer.byte-limit = 33554432 (custom)
2022-12-04 08:40:09,079 [pool-94-thread-1] INFO  server.RaftServerConfigKeys (ConfUtils.java:logGet(46)) - raft.server.log.statemachine.data.read.timeout = 1000ms (default)
2022-12-04 08:40:09,079 [pool-94-thread-1] INFO  server.RaftServerConfigKeys (ConfUtils.java:logGet(46)) - raft.server.log.purge.preservation.log.num = 0 (default)
2022-12-04 08:40:09,079 [pool-117-thread-1] INFO  ratis.ContainerStateMachine (ContainerStateMachine.java:loadSnapshot(236)) - group-317D392E37CF: The snapshot info is null. Setting the last applied indexto:(t:0, i:~)
2022-12-04 08:40:09,079 [pool-117-thread-1] INFO  server.RaftServerConfigKeys (ConfUtils.java:logGet(46)) - raft.server.log.use.memory = false (default)
2022-12-04 08:40:09,079 [pool-117-thread-1] INFO  server.RaftServerConfigKeys (ConfUtils.java:logGet(46)) - raft.server.log.purge.gap = 1000000 (custom)
2022-12-04 08:40:09,079 [pool-117-thread-1] INFO  server.RaftServerConfigKeys (ConfUtils.java:logGet(46)) - raft.server.log.appender.buffer.byte-limit = 33554432 (custom)
2022-12-04 08:40:09,079 [pool-117-thread-1] INFO  server.RaftServerConfigKeys (ConfUtils.java:logGet(46)) - raft.server.log.statemachine.data.read.timeout = 1000ms (default)
2022-12-04 08:40:09,079 [pool-117-thread-1] INFO  server.RaftServerConfigKeys (ConfUtils.java:logGet(46)) - raft.server.log.purge.preservation.log.num = 0 (default)
2022-12-04 08:40:09,079 [pool-117-thread-1] INFO  server.RaftServerConfigKeys (ConfUtils.java:logGet(46)) - raft.server.log.segment.size.max = 1048576 (custom)
2022-12-04 08:40:09,079 [pool-71-thread-1] INFO  storage.RaftStorage (RaftStorageImpl.java:format(96)) - Storage directory /home/runner/work/ozone/ozone/hadoop-ozone/integration-test/target/test-dir/MiniOzoneClusterImpl-a2a71a7e-4c8f-47b8-990b-2bc30dd677e7/datanode-0/data/ratis/b92b2e80-45f8-4e92-b432-317d392e37cf has been successfully formatted.
2022-12-04 08:40:09,080 [pool-71-thread-1] INFO  ratis.ContainerStateMachine (ContainerStateMachine.java:loadSnapshot(236)) - group-317D392E37CF: The snapshot info is null. Setting the last applied indexto:(t:0, i:~)
2022-12-04 08:40:09,080 [pool-71-thread-1] INFO  server.RaftServerConfigKeys (ConfUtils.java:logGet(46)) - raft.server.log.use.memory = false (default)
2022-12-04 08:40:09,080 [pool-71-thread-1] INFO  server.RaftServerConfigKeys (ConfUtils.java:logGet(46)) - raft.server.log.purge.gap = 1000000 (custom)
2022-12-04 08:40:09,080 [pool-71-thread-1] INFO  server.RaftServerConfigKeys (ConfUtils.java:logGet(46)) - raft.server.log.appender.buffer.byte-limit = 33554432 (custom)
2022-12-04 08:40:09,080 [pool-71-thread-1] INFO  server.RaftServerConfigKeys (ConfUtils.java:logGet(46)) - raft.server.log.statemachine.data.read.timeout = 1000ms (default)
2022-12-04 08:40:09,080 [pool-71-thread-1] INFO  server.RaftServerConfigKeys (ConfUtils.java:logGet(46)) - raft.server.log.purge.preservation.log.num = 0 (default)
2022-12-04 08:40:09,080 [pool-117-thread-1] INFO  server.RaftServerConfigKeys (ConfUtils.java:logGet(46)) - raft.server.log.segment.cache.num.max = 2 (custom)
2022-12-04 08:40:09,081 [pool-117-thread-1] INFO  server.RaftServerConfigKeys (ConfUtils.java:logGet(46)) - raft.server.log.segment.cache.size.max = 200MB (=209715200) (default)
2022-12-04 08:40:09,081 [pool-117-thread-1] INFO  segmented.SegmentedRaftLogWorker (SegmentedRaftLogWorker.java:<init>(189)) - new 63101611-ba0d-476d-ab21-ebb904ff5769@group-317D392E37CF-SegmentedRaftLogWorker for RaftStorageImpl:Storage Directory /home/runner/work/ozone/ozone/hadoop-ozone/integration-test/target/test-dir/MiniOzoneClusterImpl-a2a71a7e-4c8f-47b8-990b-2bc30dd677e7/datanode-2/data/ratis/b92b2e80-45f8-4e92-b432-317d392e37cf
2022-12-04 08:40:09,081 [pool-94-thread-1] INFO  server.RaftServerConfigKeys (ConfUtils.java:logGet(46)) - raft.server.log.segment.size.max = 1048576 (custom)
2022-12-04 08:40:09,081 [pool-94-thread-1] INFO  server.RaftServerConfigKeys (ConfUtils.java:logGet(46)) - raft.server.log.segment.cache.num.max = 2 (custom)
2022-12-04 08:40:09,081 [pool-94-thread-1] INFO  server.RaftServerConfigKeys (ConfUtils.java:logGet(46)) - raft.server.log.segment.cache.size.max = 200MB (=209715200) (default)
2022-12-04 08:40:09,081 [pool-94-thread-1] INFO  segmented.SegmentedRaftLogWorker (SegmentedRaftLogWorker.java:<init>(189)) - new 4dfe2bcf-3e8c-4c55-988b-76052f767a96@group-317D392E37CF-SegmentedRaftLogWorker for RaftStorageImpl:Storage Directory /home/runner/work/ozone/ozone/hadoop-ozone/integration-test/target/test-dir/MiniOzoneClusterImpl-a2a71a7e-4c8f-47b8-990b-2bc30dd677e7/datanode-1/data/ratis/b92b2e80-45f8-4e92-b432-317d392e37cf
2022-12-04 08:40:09,081 [pool-94-thread-1] INFO  server.RaftServerConfigKeys (ConfUtils.java:logGet(46)) - raft.server.log.queue.byte-limit = 4294967296 (custom)
2022-12-04 08:40:09,081 [pool-94-thread-1] INFO  server.RaftServerConfigKeys (ConfUtils.java:logGet(46)) - raft.server.log.queue.element-limit = 1024 (custom)
2022-12-04 08:40:09,081 [pool-94-thread-1] INFO  server.RaftServerConfigKeys (ConfUtils.java:logGet(46)) - raft.server.log.segment.size.max = 1048576 (custom)
2022-12-04 08:40:09,081 [pool-94-thread-1] INFO  server.RaftServerConfigKeys (ConfUtils.java:logGet(46)) - raft.server.log.preallocated.size = 16384 (custom)
2022-12-04 08:40:09,081 [pool-94-thread-1] INFO  server.RaftServerConfigKeys (ConfUtils.java:logGet(46)) - raft.server.log.force.sync.num = 128 (default)
2022-12-04 08:40:09,082 [pool-94-thread-1] INFO  server.RaftServerConfigKeys (ConfUtils.java:logGet(46)) - raft.server.log.statemachine.data.sync = true (default)
2022-12-04 08:40:09,082 [pool-94-thread-1] INFO  server.RaftServerConfigKeys (ConfUtils.java:logGet(46)) - raft.server.log.statemachine.data.sync.timeout = 10s (default)
2022-12-04 08:40:09,082 [pool-94-thread-1] INFO  server.RaftServerConfigKeys (ConfUtils.java:logGet(46)) - raft.server.log.statemachine.data.sync.timeout.retry = -1 (default)
2022-12-04 08:40:09,081 [pool-117-thread-1] INFO  server.RaftServerConfigKeys (ConfUtils.java:logGet(46)) - raft.server.log.queue.byte-limit = 4294967296 (custom)
2022-12-04 08:40:09,082 [pool-117-thread-1] INFO  server.RaftServerConfigKeys (ConfUtils.java:logGet(46)) - raft.server.log.queue.element-limit = 1024 (custom)
2022-12-04 08:40:09,082 [pool-117-thread-1] INFO  server.RaftServerConfigKeys (ConfUtils.java:logGet(46)) - raft.server.log.segment.size.max = 1048576 (custom)
2022-12-04 08:40:09,082 [pool-117-thread-1] INFO  server.RaftServerConfigKeys (ConfUtils.java:logGet(46)) - raft.server.log.preallocated.size = 16384 (custom)
2022-12-04 08:40:09,082 [pool-117-thread-1] INFO  server.RaftServerConfigKeys (ConfUtils.java:logGet(46)) - raft.server.log.force.sync.num = 128 (default)
2022-12-04 08:40:09,082 [pool-117-thread-1] INFO  server.RaftServerConfigKeys (ConfUtils.java:logGet(46)) - raft.server.log.statemachine.data.sync = true (default)
2022-12-04 08:40:09,082 [pool-117-thread-1] INFO  server.RaftServerConfigKeys (ConfUtils.java:logGet(46)) - raft.server.log.statemachine.data.sync.timeout = 10s (default)
2022-12-04 08:40:09,084 [pool-117-thread-1] INFO  server.RaftServerConfigKeys (ConfUtils.java:logGet(46)) - raft.server.log.statemachine.data.sync.timeout.retry = -1 (default)
2022-12-04 08:40:09,081 [pool-71-thread-1] INFO  server.RaftServerConfigKeys (ConfUtils.java:logGet(46)) - raft.server.log.segment.size.max = 1048576 (custom)
2022-12-04 08:40:09,084 [EventQueue-OpenPipelineForHealthyPipelineSafeModeRule] INFO  safemode.SCMSafeModeManager (HealthyPipelineSafeModeRule.java:process(137)) - SCM in safe mode. Healthy pipelines reported count is 0, required healthy pipeline reported count is 1
2022-12-04 08:40:09,083 [EventQueue-CommandQueueReportForCommandQueueReportHandler] WARN  events.EventQueue (EventQueue.java:fireEvent(216)) - No event handler registered for event TypedEvent{payloadType=DatanodeDetails, name='Datanode_Command_Queue_Updated'}
2022-12-04 08:40:09,084 [pool-117-thread-1] INFO  server.RaftServerConfigKeys (ConfUtils.java:logGet(46)) - raft.server.log.write.buffer.size = 1048576 (custom)
2022-12-04 08:40:09,084 [pool-71-thread-1] INFO  server.RaftServerConfigKeys (ConfUtils.java:logGet(46)) - raft.server.log.segment.cache.num.max = 2 (custom)
2022-12-04 08:40:09,084 [pool-71-thread-1] INFO  server.RaftServerConfigKeys (ConfUtils.java:logGet(46)) - raft.server.log.segment.cache.size.max = 200MB (=209715200) (default)
2022-12-04 08:40:09,084 [pool-71-thread-1] INFO  segmented.SegmentedRaftLogWorker (SegmentedRaftLogWorker.java:<init>(189)) - new 9f181cac-2687-4d62-98e9-3903a7499e01@group-317D392E37CF-SegmentedRaftLogWorker for RaftStorageImpl:Storage Directory /home/runner/work/ozone/ozone/hadoop-ozone/integration-test/target/test-dir/MiniOzoneClusterImpl-a2a71a7e-4c8f-47b8-990b-2bc30dd677e7/datanode-0/data/ratis/b92b2e80-45f8-4e92-b432-317d392e37cf
2022-12-04 08:40:09,084 [pool-71-thread-1] INFO  server.RaftServerConfigKeys (ConfUtils.java:logGet(46)) - raft.server.log.queue.byte-limit = 4294967296 (custom)
2022-12-04 08:40:09,085 [pool-71-thread-1] INFO  server.RaftServerConfigKeys (ConfUtils.java:logGet(46)) - raft.server.log.queue.element-limit = 1024 (custom)
2022-12-04 08:40:09,085 [pool-71-thread-1] INFO  server.RaftServerConfigKeys (ConfUtils.java:logGet(46)) - raft.server.log.segment.size.max = 1048576 (custom)
2022-12-04 08:40:09,085 [pool-71-thread-1] INFO  server.RaftServerConfigKeys (ConfUtils.java:logGet(46)) - raft.server.log.preallocated.size = 16384 (custom)
2022-12-04 08:40:09,085 [pool-71-thread-1] INFO  server.RaftServerConfigKeys (ConfUtils.java:logGet(46)) - raft.server.log.force.sync.num = 128 (default)
2022-12-04 08:40:09,085 [pool-71-thread-1] INFO  server.RaftServerConfigKeys (ConfUtils.java:logGet(46)) - raft.server.log.statemachine.data.sync = true (default)
2022-12-04 08:40:09,085 [pool-71-thread-1] INFO  server.RaftServerConfigKeys (ConfUtils.java:logGet(46)) - raft.server.log.statemachine.data.sync.timeout = 10s (default)
2022-12-04 08:40:09,085 [pool-71-thread-1] INFO  server.RaftServerConfigKeys (ConfUtils.java:logGet(46)) - raft.server.log.statemachine.data.sync.timeout.retry = -1 (default)
2022-12-04 08:40:09,085 [pool-71-thread-1] INFO  server.RaftServerConfigKeys (ConfUtils.java:logGet(46)) - raft.server.log.write.buffer.size = 1048576 (custom)
2022-12-04 08:40:09,082 [pool-94-thread-1] INFO  server.RaftServerConfigKeys (ConfUtils.java:logGet(46)) - raft.server.log.write.buffer.size = 1048576 (custom)
2022-12-04 08:40:09,084 [pool-117-thread-1] INFO  server.RaftServerConfigKeys (ConfUtils.java:logGet(46)) - raft.server.log.appender.buffer.byte-limit = 33554432 (custom)
2022-12-04 08:40:09,086 [pool-94-thread-1] INFO  server.RaftServerConfigKeys (ConfUtils.java:logGet(46)) - raft.server.log.appender.buffer.byte-limit = 33554432 (custom)
2022-12-04 08:40:09,087 [pool-71-thread-1] INFO  server.RaftServerConfigKeys (ConfUtils.java:logGet(46)) - raft.server.log.appender.buffer.byte-limit = 33554432 (custom)
2022-12-04 08:40:09,096 [pool-94-thread-1] INFO  server.RaftServerConfigKeys (ConfUtils.java:logGet(46)) - raft.server.log.unsafe-flush.enabled = false (default)
2022-12-04 08:40:09,096 [pool-94-thread-1] INFO  server.RaftServerConfigKeys (ConfUtils.java:logGet(46)) - raft.server.log.async-flush.enabled = false (default)
2022-12-04 08:40:09,096 [pool-94-thread-1] INFO  server.RaftServerConfigKeys (ConfUtils.java:logGet(46)) - raft.server.log.statemachine.data.caching.enabled = true (custom)
2022-12-04 08:40:09,097 [pool-117-thread-1] INFO  server.RaftServerConfigKeys (ConfUtils.java:logGet(46)) - raft.server.log.unsafe-flush.enabled = false (default)
2022-12-04 08:40:09,097 [pool-117-thread-1] INFO  server.RaftServerConfigKeys (ConfUtils.java:logGet(46)) - raft.server.log.async-flush.enabled = false (default)
2022-12-04 08:40:09,097 [pool-117-thread-1] INFO  server.RaftServerConfigKeys (ConfUtils.java:logGet(46)) - raft.server.log.statemachine.data.caching.enabled = true (custom)
2022-12-04 08:40:09,097 [EventQueue-OpenPipelineForHealthyPipelineSafeModeRule] INFO  safemode.SCMSafeModeManager (HealthyPipelineSafeModeRule.java:process(137)) - SCM in safe mode. Healthy pipelines reported count is 0, required healthy pipeline reported count is 1
2022-12-04 08:40:09,097 [EventQueue-CommandQueueReportForCommandQueueReportHandler] WARN  events.EventQueue (EventQueue.java:fireEvent(216)) - No event handler registered for event TypedEvent{payloadType=DatanodeDetails, name='Datanode_Command_Queue_Updated'}
2022-12-04 08:40:09,099 [EventQueue-CommandQueueReportForCommandQueueReportHandler] WARN  events.EventQueue (EventQueue.java:fireEvent(216)) - No event handler registered for event TypedEvent{payloadType=DatanodeDetails, name='Datanode_Command_Queue_Updated'}
2022-12-04 08:40:09,099 [EventQueue-OpenPipelineForHealthyPipelineSafeModeRule] INFO  safemode.SCMSafeModeManager (HealthyPipelineSafeModeRule.java:process(137)) - SCM in safe mode. Healthy pipelines reported count is 0, required healthy pipeline reported count is 1
2022-12-04 08:40:09,101 [pool-94-thread-1] INFO  segmented.SegmentedRaftLogWorker (SegmentedRaftLogWorker.java:lambda$new$0(135)) - 4dfe2bcf-3e8c-4c55-988b-76052f767a96@group-317D392E37CF-SegmentedRaftLogWorker: flushIndex: setUnconditionally 0 -> -1
2022-12-04 08:40:09,101 [pool-94-thread-1] INFO  segmented.SegmentedRaftLogWorker (SegmentedRaftLogWorker.java:lambda$new$0(135)) - 4dfe2bcf-3e8c-4c55-988b-76052f767a96@group-317D392E37CF-SegmentedRaftLogWorker: safeCacheEvictIndex: setUnconditionally 0 -> -1
2022-12-04 08:40:09,106 [pool-71-thread-1] INFO  server.RaftServerConfigKeys (ConfUtils.java:logGet(46)) - raft.server.log.unsafe-flush.enabled = false (default)
2022-12-04 08:40:09,106 [pool-117-thread-1] INFO  segmented.SegmentedRaftLogWorker (SegmentedRaftLogWorker.java:lambda$new$0(135)) - 63101611-ba0d-476d-ab21-ebb904ff5769@group-317D392E37CF-SegmentedRaftLogWorker: flushIndex: setUnconditionally 0 -> -1
2022-12-04 08:40:09,106 [pool-117-thread-1] INFO  segmented.SegmentedRaftLogWorker (SegmentedRaftLogWorker.java:lambda$new$0(135)) - 63101611-ba0d-476d-ab21-ebb904ff5769@group-317D392E37CF-SegmentedRaftLogWorker: safeCacheEvictIndex: setUnconditionally 0 -> -1
2022-12-04 08:40:09,106 [pool-94-thread-1] INFO  server.RaftServer$Division (RaftServerImpl.java:start(334)) - 4dfe2bcf-3e8c-4c55-988b-76052f767a96@group-317D392E37CF: start as a follower, conf=-1: peers:[9f181cac-2687-4d62-98e9-3903a7499e01|rpc:10.1.0.195:35415|priority:0|startupRole:FOLLOWER, 63101611-ba0d-476d-ab21-ebb904ff5769|rpc:10.1.0.195:39977|priority:0|startupRole:FOLLOWER, 4dfe2bcf-3e8c-4c55-988b-76052f767a96|rpc:10.1.0.195:44975|priority:1|startupRole:FOLLOWER]|listeners:[], old=null
2022-12-04 08:40:09,106 [pool-71-thread-1] INFO  server.RaftServerConfigKeys (ConfUtils.java:logGet(46)) - raft.server.log.async-flush.enabled = false (default)
2022-12-04 08:40:09,106 [pool-71-thread-1] INFO  server.RaftServerConfigKeys (ConfUtils.java:logGet(46)) - raft.server.log.statemachine.data.caching.enabled = true (custom)
2022-12-04 08:40:09,106 [pool-94-thread-1] INFO  server.RaftServer$Division (RaftServerImpl.java:setRole(321)) - 4dfe2bcf-3e8c-4c55-988b-76052f767a96@group-317D392E37CF: changes role from      null to FOLLOWER at term 0 for startAsFollower
2022-12-04 08:40:09,107 [pool-94-thread-1] INFO  impl.RoleInfo (RoleInfo.java:updateAndGet(139)) - 4dfe2bcf-3e8c-4c55-988b-76052f767a96: start 4dfe2bcf-3e8c-4c55-988b-76052f767a96@group-317D392E37CF-FollowerState
2022-12-04 08:40:09,107 [pool-71-thread-1] INFO  segmented.SegmentedRaftLogWorker (SegmentedRaftLogWorker.java:lambda$new$0(135)) - 9f181cac-2687-4d62-98e9-3903a7499e01@group-317D392E37CF-SegmentedRaftLogWorker: flushIndex: setUnconditionally 0 -> -1
2022-12-04 08:40:09,106 [pool-117-thread-1] INFO  server.RaftServer$Division (RaftServerImpl.java:start(334)) - 63101611-ba0d-476d-ab21-ebb904ff5769@group-317D392E37CF: start as a follower, conf=-1: peers:[9f181cac-2687-4d62-98e9-3903a7499e01|rpc:10.1.0.195:35415|priority:0|startupRole:FOLLOWER, 63101611-ba0d-476d-ab21-ebb904ff5769|rpc:10.1.0.195:39977|priority:0|startupRole:FOLLOWER, 4dfe2bcf-3e8c-4c55-988b-76052f767a96|rpc:10.1.0.195:44975|priority:1|startupRole:FOLLOWER]|listeners:[], old=null
2022-12-04 08:40:09,107 [pool-117-thread-1] INFO  server.RaftServer$Division (RaftServerImpl.java:setRole(321)) - 63101611-ba0d-476d-ab21-ebb904ff5769@group-317D392E37CF: changes role from      null to FOLLOWER at term 0 for startAsFollower
2022-12-04 08:40:09,107 [pool-71-thread-1] INFO  segmented.SegmentedRaftLogWorker (SegmentedRaftLogWorker.java:lambda$new$0(135)) - 9f181cac-2687-4d62-98e9-3903a7499e01@group-317D392E37CF-SegmentedRaftLogWorker: safeCacheEvictIndex: setUnconditionally 0 -> -1
2022-12-04 08:40:09,107 [pool-94-thread-1] INFO  util.JmxRegister (JmxRegister.java:tryRegister(44)) - Successfully registered JMX Bean with object name Ratis:service=RaftServer,group=group-317D392E37CF,id=4dfe2bcf-3e8c-4c55-988b-76052f767a96
2022-12-04 08:40:09,107 [pool-94-thread-1] INFO  server.RaftServerConfigKeys (ConfUtils.java:logGet(46)) - raft.server.snapshot.auto.trigger.enabled = true (custom)
2022-12-04 08:40:09,108 [pool-94-thread-1] INFO  server.RaftServerConfigKeys (ConfUtils.java:logGet(46)) - raft.server.snapshot.auto.trigger.threshold = 10000 (custom)
2022-12-04 08:40:09,108 [pool-94-thread-1] INFO  server.RaftServerConfigKeys (ConfUtils.java:logGet(46)) - raft.server.snapshot.retention.file.num = 5 (custom)
2022-12-04 08:40:09,108 [pool-94-thread-1] INFO  server.RaftServerConfigKeys (ConfUtils.java:logGet(46)) - raft.server.log.purge.upto.snapshot.index = false (default)
2022-12-04 08:40:09,109 [4dfe2bcf-3e8c-4c55-988b-76052f767a96@group-317D392E37CF-FollowerState] INFO  server.RaftServerConfigKeys (ConfUtils.java:logFallback(53)) - raft.server.rpc.first-election.timeout.min = 5s (fallback to raft.server.rpc.timeout.min)
2022-12-04 08:40:09,109 [4dfe2bcf-3e8c-4c55-988b-76052f767a96@group-317D392E37CF-FollowerState] INFO  server.RaftServerConfigKeys (ConfUtils.java:logFallback(53)) - raft.server.rpc.first-election.timeout.max = 5200ms (fallback to raft.server.rpc.timeout.max)
2022-12-04 08:40:09,110 [pool-71-thread-1] INFO  server.RaftServer$Division (RaftServerImpl.java:start(334)) - 9f181cac-2687-4d62-98e9-3903a7499e01@group-317D392E37CF: start as a follower, conf=-1: peers:[9f181cac-2687-4d62-98e9-3903a7499e01|rpc:10.1.0.195:35415|priority:0|startupRole:FOLLOWER, 63101611-ba0d-476d-ab21-ebb904ff5769|rpc:10.1.0.195:39977|priority:0|startupRole:FOLLOWER, 4dfe2bcf-3e8c-4c55-988b-76052f767a96|rpc:10.1.0.195:44975|priority:1|startupRole:FOLLOWER]|listeners:[], old=null
2022-12-04 08:40:09,110 [pool-71-thread-1] INFO  server.RaftServer$Division (RaftServerImpl.java:setRole(321)) - 9f181cac-2687-4d62-98e9-3903a7499e01@group-317D392E37CF: changes role from      null to FOLLOWER at term 0 for startAsFollower
2022-12-04 08:40:09,110 [pool-71-thread-1] INFO  impl.RoleInfo (RoleInfo.java:updateAndGet(139)) - 9f181cac-2687-4d62-98e9-3903a7499e01: start 9f181cac-2687-4d62-98e9-3903a7499e01@group-317D392E37CF-FollowerState
2022-12-04 08:40:09,110 [pool-71-thread-1] INFO  util.JmxRegister (JmxRegister.java:tryRegister(44)) - Successfully registered JMX Bean with object name Ratis:service=RaftServer,group=group-317D392E37CF,id=9f181cac-2687-4d62-98e9-3903a7499e01
2022-12-04 08:40:09,110 [pool-71-thread-1] INFO  server.RaftServerConfigKeys (ConfUtils.java:logGet(46)) - raft.server.snapshot.auto.trigger.enabled = true (custom)
2022-12-04 08:40:09,111 [pool-71-thread-1] INFO  server.RaftServerConfigKeys (ConfUtils.java:logGet(46)) - raft.server.snapshot.auto.trigger.threshold = 10000 (custom)
2022-12-04 08:40:09,111 [pool-71-thread-1] INFO  server.RaftServerConfigKeys (ConfUtils.java:logGet(46)) - raft.server.snapshot.retention.file.num = 5 (custom)
2022-12-04 08:40:09,111 [pool-71-thread-1] INFO  server.RaftServerConfigKeys (ConfUtils.java:logGet(46)) - raft.server.log.purge.upto.snapshot.index = false (default)
2022-12-04 08:40:09,112 [Command processor thread] INFO  ratis.XceiverServerRatis (XceiverServerRatis.java:addGroup(765)) - Created group PipelineID=b92b2e80-45f8-4e92-b432-317d392e37cf
2022-12-04 08:40:09,113 [pool-117-thread-1] INFO  impl.RoleInfo (RoleInfo.java:updateAndGet(139)) - 63101611-ba0d-476d-ab21-ebb904ff5769: start 63101611-ba0d-476d-ab21-ebb904ff5769@group-317D392E37CF-FollowerState
2022-12-04 08:40:09,117 [pool-117-thread-1] INFO  util.JmxRegister (JmxRegister.java:tryRegister(44)) - Successfully registered JMX Bean with object name Ratis:service=RaftServer,group=group-317D392E37CF,id=63101611-ba0d-476d-ab21-ebb904ff5769
2022-12-04 08:40:09,117 [63101611-ba0d-476d-ab21-ebb904ff5769@group-317D392E37CF-FollowerState] INFO  server.RaftServerConfigKeys (ConfUtils.java:logFallback(53)) - raft.server.rpc.first-election.timeout.min = 5s (fallback to raft.server.rpc.timeout.min)
2022-12-04 08:40:09,130 [Command processor thread] INFO  ratis.XceiverServerRatis (XceiverServerRatis.java:addGroup(765)) - Created group PipelineID=b92b2e80-45f8-4e92-b432-317d392e37cf
2022-12-04 08:40:09,126 [9f181cac-2687-4d62-98e9-3903a7499e01@group-317D392E37CF-FollowerState] INFO  server.RaftServerConfigKeys (ConfUtils.java:logFallback(53)) - raft.server.rpc.first-election.timeout.min = 5s (fallback to raft.server.rpc.timeout.min)
2022-12-04 08:40:09,117 [pool-117-thread-1] INFO  server.RaftServerConfigKeys (ConfUtils.java:logGet(46)) - raft.server.snapshot.auto.trigger.enabled = true (custom)
2022-12-04 08:40:09,130 [pool-117-thread-1] INFO  server.RaftServerConfigKeys (ConfUtils.java:logGet(46)) - raft.server.snapshot.auto.trigger.threshold = 10000 (custom)
2022-12-04 08:40:09,130 [pool-117-thread-1] INFO  server.RaftServerConfigKeys (ConfUtils.java:logGet(46)) - raft.server.snapshot.retention.file.num = 5 (custom)
2022-12-04 08:40:09,130 [pool-117-thread-1] INFO  server.RaftServerConfigKeys (ConfUtils.java:logGet(46)) - raft.server.log.purge.upto.snapshot.index = false (default)
2022-12-04 08:40:09,130 [9f181cac-2687-4d62-98e9-3903a7499e01@group-317D392E37CF-FollowerState] INFO  server.RaftServerConfigKeys (ConfUtils.java:logFallback(53)) - raft.server.rpc.first-election.timeout.max = 5200ms (fallback to raft.server.rpc.timeout.max)
2022-12-04 08:40:09,130 [63101611-ba0d-476d-ab21-ebb904ff5769@group-317D392E37CF-FollowerState] INFO  server.RaftServerConfigKeys (ConfUtils.java:logFallback(53)) - raft.server.rpc.first-election.timeout.max = 5200ms (fallback to raft.server.rpc.timeout.max)
2022-12-04 08:40:09,137 [Command processor thread] INFO  ratis.XceiverServerRatis (XceiverServerRatis.java:addGroup(765)) - Created group PipelineID=b92b2e80-45f8-4e92-b432-317d392e37cf
2022-12-04 08:40:09,198 [Command processor thread] INFO  commandhandler.CreatePipelineCommandHandler (CreatePipelineCommandHandler.java:handle(113)) - Created Pipeline RATIS THREE PipelineID=b92b2e80-45f8-4e92-b432-317d392e37cf.
2022-12-04 08:40:09,210 [Command processor thread] INFO  commandhandler.CreatePipelineCommandHandler (CreatePipelineCommandHandler.java:handle(113)) - Created Pipeline RATIS THREE PipelineID=b92b2e80-45f8-4e92-b432-317d392e37cf.
2022-12-04 08:40:09,217 [Command processor thread] INFO  commandhandler.CreatePipelineCommandHandler (CreatePipelineCommandHandler.java:handle(113)) - Created Pipeline RATIS THREE PipelineID=b92b2e80-45f8-4e92-b432-317d392e37cf.
2022-12-04 08:40:09,746 [Listener at 127.0.0.1/40415] INFO  ozone.MiniOzoneClusterImpl (MiniOzoneClusterImpl.java:lambda$waitForClusterToBeReady$0(216)) - Nodes are ready. Got 3 of 3 DN Heartbeats.
2022-12-04 08:40:09,746 [Listener at 127.0.0.1/40415] INFO  ozone.MiniOzoneClusterImpl (MiniOzoneClusterImpl.java:lambda$waitForClusterToBeReady$0(219)) - Waiting for cluster to exit safe mode
2022-12-04 08:40:09,746 [Listener at 127.0.0.1/40415] INFO  ozone.MiniOzoneClusterImpl (MiniOzoneClusterImpl.java:lambda$waitForClusterToBeReady$0(221)) - SCM became leader
2022-12-04 08:40:10,082 [EventQueue-CommandQueueReportForCommandQueueReportHandler] WARN  events.EventQueue (EventQueue.java:fireEvent(216)) - No event handler registered for event TypedEvent{payloadType=DatanodeDetails, name='Datanode_Command_Queue_Updated'}
2022-12-04 08:40:10,083 [EventQueue-CommandQueueReportForCommandQueueReportHandler] WARN  events.EventQueue (EventQueue.java:fireEvent(216)) - No event handler registered for event TypedEvent{payloadType=DatanodeDetails, name='Datanode_Command_Queue_Updated'}
2022-12-04 08:40:10,086 [EventQueue-CommandQueueReportForCommandQueueReportHandler] WARN  events.EventQueue (EventQueue.java:fireEvent(216)) - No event handler registered for event TypedEvent{payloadType=DatanodeDetails, name='Datanode_Command_Queue_Updated'}
2022-12-04 08:40:10,747 [Listener at 127.0.0.1/40415] INFO  ozone.MiniOzoneClusterImpl (MiniOzoneClusterImpl.java:lambda$waitForClusterToBeReady$0(216)) - Nodes are ready. Got 3 of 3 DN Heartbeats.
2022-12-04 08:40:10,747 [Listener at 127.0.0.1/40415] INFO  ozone.MiniOzoneClusterImpl (MiniOzoneClusterImpl.java:lambda$waitForClusterToBeReady$0(219)) - Waiting for cluster to exit safe mode
2022-12-04 08:40:10,747 [Listener at 127.0.0.1/40415] INFO  ozone.MiniOzoneClusterImpl (MiniOzoneClusterImpl.java:lambda$waitForClusterToBeReady$0(221)) - SCM became leader
2022-12-04 08:40:11,087 [EventQueue-CommandQueueReportForCommandQueueReportHandler] WARN  events.EventQueue (EventQueue.java:fireEvent(216)) - No event handler registered for event TypedEvent{payloadType=DatanodeDetails, name='Datanode_Command_Queue_Updated'}
2022-12-04 08:40:11,088 [EventQueue-CommandQueueReportForCommandQueueReportHandler] WARN  events.EventQueue (EventQueue.java:fireEvent(216)) - No event handler registered for event TypedEvent{payloadType=DatanodeDetails, name='Datanode_Command_Queue_Updated'}
2022-12-04 08:40:11,089 [EventQueue-CommandQueueReportForCommandQueueReportHandler] WARN  events.EventQueue (EventQueue.java:fireEvent(216)) - No event handler registered for event TypedEvent{payloadType=DatanodeDetails, name='Datanode_Command_Queue_Updated'}
2022-12-04 08:40:11,747 [Listener at 127.0.0.1/40415] INFO  ozone.MiniOzoneClusterImpl (MiniOzoneClusterImpl.java:lambda$waitForClusterToBeReady$0(216)) - Nodes are ready. Got 3 of 3 DN Heartbeats.
2022-12-04 08:40:11,748 [Listener at 127.0.0.1/40415] INFO  ozone.MiniOzoneClusterImpl (MiniOzoneClusterImpl.java:lambda$waitForClusterToBeReady$0(219)) - Waiting for cluster to exit safe mode
2022-12-04 08:40:11,748 [Listener at 127.0.0.1/40415] INFO  ozone.MiniOzoneClusterImpl (MiniOzoneClusterImpl.java:lambda$waitForClusterToBeReady$0(221)) - SCM became leader
2022-12-04 08:40:12,083 [EventQueue-CommandQueueReportForCommandQueueReportHandler] WARN  events.EventQueue (EventQueue.java:fireEvent(216)) - No event handler registered for event TypedEvent{payloadType=DatanodeDetails, name='Datanode_Command_Queue_Updated'}
2022-12-04 08:40:12,087 [EventQueue-CommandQueueReportForCommandQueueReportHandler] WARN  events.EventQueue (EventQueue.java:fireEvent(216)) - No event handler registered for event TypedEvent{payloadType=DatanodeDetails, name='Datanode_Command_Queue_Updated'}
2022-12-04 08:40:12,088 [EventQueue-CommandQueueReportForCommandQueueReportHandler] WARN  events.EventQueue (EventQueue.java:fireEvent(216)) - No event handler registered for event TypedEvent{payloadType=DatanodeDetails, name='Datanode_Command_Queue_Updated'}
2022-12-04 08:40:12,748 [Listener at 127.0.0.1/40415] INFO  ozone.MiniOzoneClusterImpl (MiniOzoneClusterImpl.java:lambda$waitForClusterToBeReady$0(216)) - Nodes are ready. Got 3 of 3 DN Heartbeats.
2022-12-04 08:40:12,748 [Listener at 127.0.0.1/40415] INFO  ozone.MiniOzoneClusterImpl (MiniOzoneClusterImpl.java:lambda$waitForClusterToBeReady$0(219)) - Waiting for cluster to exit safe mode
2022-12-04 08:40:12,749 [Listener at 127.0.0.1/40415] INFO  ozone.MiniOzoneClusterImpl (MiniOzoneClusterImpl.java:lambda$waitForClusterToBeReady$0(221)) - SCM became leader
2022-12-04 08:40:13,061 [9f181cac-2687-4d62-98e9-3903a7499e01@group-E0C03F538DAC-FollowerState] INFO  impl.FollowerState (FollowerState.java:run(143)) - 9f181cac-2687-4d62-98e9-3903a7499e01@group-E0C03F538DAC-FollowerState: change to CANDIDATE, lastRpcElapsedTime:5044528443ns, electionTimeout:5039ms
2022-12-04 08:40:13,061 [9f181cac-2687-4d62-98e9-3903a7499e01@group-E0C03F538DAC-FollowerState] INFO  impl.RoleInfo (RoleInfo.java:shutdownFollowerState(110)) - 9f181cac-2687-4d62-98e9-3903a7499e01: shutdown 9f181cac-2687-4d62-98e9-3903a7499e01@group-E0C03F538DAC-FollowerState
2022-12-04 08:40:13,061 [9f181cac-2687-4d62-98e9-3903a7499e01@group-E0C03F538DAC-FollowerState] INFO  server.RaftServer$Division (RaftServerImpl.java:setRole(321)) - 9f181cac-2687-4d62-98e9-3903a7499e01@group-E0C03F538DAC: changes role from  FOLLOWER to CANDIDATE at term 0 for changeToCandidate
2022-12-04 08:40:13,062 [9f181cac-2687-4d62-98e9-3903a7499e01@group-E0C03F538DAC-FollowerState] INFO  server.RaftServerConfigKeys (ConfUtils.java:logGet(46)) - raft.server.leaderelection.pre-vote = false (custom)
2022-12-04 08:40:13,062 [9f181cac-2687-4d62-98e9-3903a7499e01@group-E0C03F538DAC-FollowerState] INFO  impl.RoleInfo (RoleInfo.java:updateAndGet(139)) - 9f181cac-2687-4d62-98e9-3903a7499e01: start 9f181cac-2687-4d62-98e9-3903a7499e01@group-E0C03F538DAC-LeaderElection2
2022-12-04 08:40:13,068 [9f181cac-2687-4d62-98e9-3903a7499e01@group-E0C03F538DAC-LeaderElection2] INFO  impl.LeaderElection (LeaderElection.java:askForVotes(312)) - 9f181cac-2687-4d62-98e9-3903a7499e01@group-E0C03F538DAC-LeaderElection2 ELECTION round 0: submit vote requests at term 1 for -1: peers:[9f181cac-2687-4d62-98e9-3903a7499e01|rpc:10.1.0.195:35415|priority:1|startupRole:FOLLOWER]|listeners:[], old=null
2022-12-04 08:40:13,068 [9f181cac-2687-4d62-98e9-3903a7499e01@group-E0C03F538DAC-LeaderElection2] INFO  impl.LeaderElection (LeaderElection.java:askForVotes(314)) - 9f181cac-2687-4d62-98e9-3903a7499e01@group-E0C03F538DAC-LeaderElection2 ELECTION round 0: result PASSED (term=1)
2022-12-04 08:40:13,068 [9f181cac-2687-4d62-98e9-3903a7499e01@group-E0C03F538DAC-LeaderElection2] INFO  impl.RoleInfo (RoleInfo.java:shutdownLeaderElection(130)) - 9f181cac-2687-4d62-98e9-3903a7499e01: shutdown 9f181cac-2687-4d62-98e9-3903a7499e01@group-E0C03F538DAC-LeaderElection2
2022-12-04 08:40:13,068 [9f181cac-2687-4d62-98e9-3903a7499e01@group-E0C03F538DAC-LeaderElection2] INFO  server.RaftServer$Division (RaftServerImpl.java:setRole(321)) - 9f181cac-2687-4d62-98e9-3903a7499e01@group-E0C03F538DAC: changes role from CANDIDATE to LEADER at term 1 for changeToLeader
2022-12-04 08:40:13,068 [9f181cac-2687-4d62-98e9-3903a7499e01@group-E0C03F538DAC-LeaderElection2] INFO  ratis.XceiverServerRatis (XceiverServerRatis.java:handleLeaderChangedNotification(863)) - Leader change notification received for group: group-E0C03F538DAC with new leaderId: 9f181cac-2687-4d62-98e9-3903a7499e01
2022-12-04 08:40:13,069 [9f181cac-2687-4d62-98e9-3903a7499e01@group-E0C03F538DAC-LeaderElection2] INFO  server.RaftServer$Division (ServerState.java:setLeader(313)) - 9f181cac-2687-4d62-98e9-3903a7499e01@group-E0C03F538DAC: change Leader from null to 9f181cac-2687-4d62-98e9-3903a7499e01 at term 1 for becomeLeader, leader elected after 5097ms
2022-12-04 08:40:13,069 [9f181cac-2687-4d62-98e9-3903a7499e01@group-E0C03F538DAC-LeaderElection2] INFO  server.RaftServerConfigKeys (ConfUtils.java:logGet(46)) - raft.server.staging.catchup.gap = 1000 (default)
2022-12-04 08:40:13,069 [9f181cac-2687-4d62-98e9-3903a7499e01@group-E0C03F538DAC-LeaderElection2] INFO  server.RaftServerConfigKeys (ConfUtils.java:logGet(46)) - raft.server.write.element-limit = 1024 (custom)
2022-12-04 08:40:13,069 [9f181cac-2687-4d62-98e9-3903a7499e01@group-E0C03F538DAC-LeaderElection2] INFO  server.RaftServerConfigKeys (ConfUtils.java:logGet(46)) - raft.server.write.byte-limit = 1024 M (=1073741824) (custom)
2022-12-04 08:40:13,069 [9f181cac-2687-4d62-98e9-3903a7499e01@group-E0C03F538DAC-LeaderElection2] INFO  server.RaftServerConfigKeys (ConfUtils.java:logGet(46)) - raft.server.watch.timeout = 180s (custom)
2022-12-04 08:40:13,070 [9f181cac-2687-4d62-98e9-3903a7499e01@group-E0C03F538DAC-LeaderElection2] INFO  server.RaftServerConfigKeys (ConfUtils.java:logGet(46)) - raft.server.watch.timeout.denomination = 1s (default)
2022-12-04 08:40:13,070 [9f181cac-2687-4d62-98e9-3903a7499e01@group-E0C03F538DAC-LeaderElection2] INFO  server.RaftServerConfigKeys (ConfUtils.java:logGet(46)) - raft.server.watch.element-limit = 65536 (default)
2022-12-04 08:40:13,070 [9f181cac-2687-4d62-98e9-3903a7499e01@group-E0C03F538DAC-LeaderElection2] INFO  server.RaftServerConfigKeys (ConfUtils.java:logGet(46)) - raft.server.write.element-limit = 1024 (custom)
2022-12-04 08:40:13,070 [9f181cac-2687-4d62-98e9-3903a7499e01@group-E0C03F538DAC-LeaderElection2] INFO  server.RaftServerConfigKeys (ConfUtils.java:logGet(46)) - raft.server.write.follower.gap.ratio.max = -1.0 (default)
2022-12-04 08:40:13,070 [9f181cac-2687-4d62-98e9-3903a7499e01@group-E0C03F538DAC-LeaderElection2] INFO  impl.RoleInfo (RoleInfo.java:updateAndGet(139)) - 9f181cac-2687-4d62-98e9-3903a7499e01: start 9f181cac-2687-4d62-98e9-3903a7499e01@group-E0C03F538DAC-LeaderStateImpl
2022-12-04 08:40:13,071 [9f181cac-2687-4d62-98e9-3903a7499e01@group-E0C03F538DAC-LeaderElection2] INFO  segmented.SegmentedRaftLogWorker (SegmentedRaftLogWorker.java:startLogSegment(452)) - 9f181cac-2687-4d62-98e9-3903a7499e01@group-E0C03F538DAC-SegmentedRaftLogWorker: Starting segment from index:0
2022-12-04 08:40:13,074 [9f181cac-2687-4d62-98e9-3903a7499e01@group-E0C03F538DAC-SegmentedRaftLogWorker] INFO  segmented.SegmentedRaftLogWorker (SegmentedRaftLogWorker.java:execute(656)) - 9f181cac-2687-4d62-98e9-3903a7499e01@group-E0C03F538DAC-SegmentedRaftLogWorker: created new log segment /home/runner/work/ozone/ozone/hadoop-ozone/integration-test/target/test-dir/MiniOzoneClusterImpl-a2a71a7e-4c8f-47b8-990b-2bc30dd677e7/datanode-0/data/ratis/10c2386f-fd2a-45f2-a60d-e0c03f538dac/current/log_inprogress_0
2022-12-04 08:40:13,075 [9f181cac-2687-4d62-98e9-3903a7499e01@group-E0C03F538DAC-LeaderElection2] INFO  server.RaftServer$Division (ServerState.java:setRaftConf(430)) - 9f181cac-2687-4d62-98e9-3903a7499e01@group-E0C03F538DAC: set configuration 0: peers:[9f181cac-2687-4d62-98e9-3903a7499e01|rpc:10.1.0.195:35415|dataStream:|priority:1|startupRole:FOLLOWER]|listeners:[], old=null
2022-12-04 08:40:13,078 [EventQueue-CommandQueueReportForCommandQueueReportHandler] WARN  events.EventQueue (EventQueue.java:fireEvent(216)) - No event handler registered for event TypedEvent{payloadType=DatanodeDetails, name='Datanode_Command_Queue_Updated'}
2022-12-04 08:40:13,079 [EventQueue-OpenPipelineForHealthyPipelineSafeModeRule] INFO  safemode.SCMSafeModeManager (HealthyPipelineSafeModeRule.java:process(137)) - SCM in safe mode. Healthy pipelines reported count is 0, required healthy pipeline reported count is 1
2022-12-04 08:40:13,085 [EventQueue-CommandQueueReportForCommandQueueReportHandler] WARN  events.EventQueue (EventQueue.java:fireEvent(216)) - No event handler registered for event TypedEvent{payloadType=DatanodeDetails, name='Datanode_Command_Queue_Updated'}
2022-12-04 08:40:13,086 [EventQueue-CommandQueueReportForCommandQueueReportHandler] WARN  events.EventQueue (EventQueue.java:fireEvent(216)) - No event handler registered for event TypedEvent{payloadType=DatanodeDetails, name='Datanode_Command_Queue_Updated'}
2022-12-04 08:40:13,120 [9f181cac-2687-4d62-98e9-3903a7499e01@group-90796DE8A9D8-FollowerState] INFO  impl.FollowerState (FollowerState.java:run(143)) - 9f181cac-2687-4d62-98e9-3903a7499e01@group-90796DE8A9D8-FollowerState: change to CANDIDATE, lastRpcElapsedTime:5062635915ns, electionTimeout:5061ms
2022-12-04 08:40:13,120 [9f181cac-2687-4d62-98e9-3903a7499e01@group-90796DE8A9D8-FollowerState] INFO  impl.RoleInfo (RoleInfo.java:shutdownFollowerState(110)) - 9f181cac-2687-4d62-98e9-3903a7499e01: shutdown 9f181cac-2687-4d62-98e9-3903a7499e01@group-90796DE8A9D8-FollowerState
2022-12-04 08:40:13,120 [9f181cac-2687-4d62-98e9-3903a7499e01@group-90796DE8A9D8-FollowerState] INFO  server.RaftServer$Division (RaftServerImpl.java:setRole(321)) - 9f181cac-2687-4d62-98e9-3903a7499e01@group-90796DE8A9D8: changes role from  FOLLOWER to CANDIDATE at term 0 for changeToCandidate
2022-12-04 08:40:13,121 [9f181cac-2687-4d62-98e9-3903a7499e01@group-90796DE8A9D8-FollowerState] INFO  server.RaftServerConfigKeys (ConfUtils.java:logGet(46)) - raft.server.leaderelection.pre-vote = false (custom)
2022-12-04 08:40:13,121 [9f181cac-2687-4d62-98e9-3903a7499e01@group-90796DE8A9D8-FollowerState] INFO  impl.RoleInfo (RoleInfo.java:updateAndGet(139)) - 9f181cac-2687-4d62-98e9-3903a7499e01: start 9f181cac-2687-4d62-98e9-3903a7499e01@group-90796DE8A9D8-LeaderElection3
2022-12-04 08:40:13,130 [9f181cac-2687-4d62-98e9-3903a7499e01@group-90796DE8A9D8-LeaderElection3] INFO  impl.LeaderElection (LeaderElection.java:askForVotes(312)) - 9f181cac-2687-4d62-98e9-3903a7499e01@group-90796DE8A9D8-LeaderElection3 ELECTION round 0: submit vote requests at term 1 for -1: peers:[9f181cac-2687-4d62-98e9-3903a7499e01|rpc:10.1.0.195:35415|priority:1|startupRole:FOLLOWER, 63101611-ba0d-476d-ab21-ebb904ff5769|rpc:10.1.0.195:39977|priority:0|startupRole:FOLLOWER, 4dfe2bcf-3e8c-4c55-988b-76052f767a96|rpc:10.1.0.195:44975|priority:0|startupRole:FOLLOWER]|listeners:[], old=null
2022-12-04 08:40:13,135 [9f181cac-2687-4d62-98e9-3903a7499e01@group-90796DE8A9D8-LeaderElection3-1] INFO  server.GrpcServerProtocolClient (GrpcServerProtocolClient.java:<init>(63)) - Build channel for 63101611-ba0d-476d-ab21-ebb904ff5769
2022-12-04 08:40:13,140 [9f181cac-2687-4d62-98e9-3903a7499e01@group-90796DE8A9D8-LeaderElection3] INFO  server.RaftServerConfigKeys (ConfUtils.java:logFallback(53)) - raft.server.rpc.first-election.timeout.min = 5s (fallback to raft.server.rpc.timeout.min)
2022-12-04 08:40:13,142 [9f181cac-2687-4d62-98e9-3903a7499e01@group-90796DE8A9D8-LeaderElection3] INFO  server.RaftServerConfigKeys (ConfUtils.java:logFallback(53)) - raft.server.rpc.first-election.timeout.max = 5200ms (fallback to raft.server.rpc.timeout.max)
2022-12-04 08:40:13,140 [9f181cac-2687-4d62-98e9-3903a7499e01@group-90796DE8A9D8-LeaderElection3-2] INFO  server.GrpcServerProtocolClient (GrpcServerProtocolClient.java:<init>(63)) - Build channel for 4dfe2bcf-3e8c-4c55-988b-76052f767a96
2022-12-04 08:40:13,158 [grpc-default-executor-1] INFO  server.RaftServer$Division (RaftServerImpl.java:requestVote(1218)) - 63101611-ba0d-476d-ab21-ebb904ff5769@group-90796DE8A9D8: receive requestVote(ELECTION, 9f181cac-2687-4d62-98e9-3903a7499e01, group-90796DE8A9D8, 1, (t:0, i:0))
2022-12-04 08:40:13,163 [grpc-default-executor-1] INFO  impl.VoteContext (VoteContext.java:log(49)) - 63101611-ba0d-476d-ab21-ebb904ff5769@group-90796DE8A9D8-FOLLOWER: accept ELECTION from 9f181cac-2687-4d62-98e9-3903a7499e01: our priority 0 <= candidate's priority 1
2022-12-04 08:40:13,164 [grpc-default-executor-1] INFO  server.RaftServer$Division (RaftServerImpl.java:setRole(321)) - 63101611-ba0d-476d-ab21-ebb904ff5769@group-90796DE8A9D8: changes role from  FOLLOWER to FOLLOWER at term 1 for candidate:9f181cac-2687-4d62-98e9-3903a7499e01
2022-12-04 08:40:13,166 [grpc-default-executor-1] INFO  impl.RoleInfo (RoleInfo.java:shutdownFollowerState(110)) - 63101611-ba0d-476d-ab21-ebb904ff5769: shutdown 63101611-ba0d-476d-ab21-ebb904ff5769@group-90796DE8A9D8-FollowerState
2022-12-04 08:40:13,166 [grpc-default-executor-2] INFO  server.RaftServer$Division (RaftServerImpl.java:requestVote(1218)) - 4dfe2bcf-3e8c-4c55-988b-76052f767a96@group-90796DE8A9D8: receive requestVote(ELECTION, 9f181cac-2687-4d62-98e9-3903a7499e01, group-90796DE8A9D8, 1, (t:0, i:0))
2022-12-04 08:40:13,167 [63101611-ba0d-476d-ab21-ebb904ff5769@group-90796DE8A9D8-FollowerState] INFO  impl.FollowerState (FollowerState.java:run(152)) - 63101611-ba0d-476d-ab21-ebb904ff5769@group-90796DE8A9D8-FollowerState was interrupted
2022-12-04 08:40:13,167 [grpc-default-executor-2] INFO  impl.VoteContext (VoteContext.java:log(49)) - 4dfe2bcf-3e8c-4c55-988b-76052f767a96@group-90796DE8A9D8-FOLLOWER: accept ELECTION from 9f181cac-2687-4d62-98e9-3903a7499e01: our priority 0 <= candidate's priority 1
2022-12-04 08:40:13,167 [grpc-default-executor-2] INFO  server.RaftServer$Division (RaftServerImpl.java:setRole(321)) - 4dfe2bcf-3e8c-4c55-988b-76052f767a96@group-90796DE8A9D8: changes role from  FOLLOWER to FOLLOWER at term 1 for candidate:9f181cac-2687-4d62-98e9-3903a7499e01
2022-12-04 08:40:13,167 [grpc-default-executor-2] INFO  impl.RoleInfo (RoleInfo.java:shutdownFollowerState(110)) - 4dfe2bcf-3e8c-4c55-988b-76052f767a96: shutdown 4dfe2bcf-3e8c-4c55-988b-76052f767a96@group-90796DE8A9D8-FollowerState
2022-12-04 08:40:13,167 [4dfe2bcf-3e8c-4c55-988b-76052f767a96@group-90796DE8A9D8-FollowerState] INFO  impl.FollowerState (FollowerState.java:run(152)) - 4dfe2bcf-3e8c-4c55-988b-76052f767a96@group-90796DE8A9D8-FollowerState was interrupted
2022-12-04 08:40:13,167 [grpc-default-executor-1] INFO  impl.RoleInfo (RoleInfo.java:updateAndGet(139)) - 63101611-ba0d-476d-ab21-ebb904ff5769: start 63101611-ba0d-476d-ab21-ebb904ff5769@group-90796DE8A9D8-FollowerState
2022-12-04 08:40:13,168 [grpc-default-executor-2] INFO  impl.RoleInfo (RoleInfo.java:updateAndGet(139)) - 4dfe2bcf-3e8c-4c55-988b-76052f767a96: start 4dfe2bcf-3e8c-4c55-988b-76052f767a96@group-90796DE8A9D8-FollowerState
2022-12-04 08:40:13,172 [63101611-ba0d-476d-ab21-ebb904ff5769@group-90796DE8A9D8-FollowerState] INFO  server.RaftServerConfigKeys (ConfUtils.java:logFallback(53)) - raft.server.rpc.first-election.timeout.min = 5s (fallback to raft.server.rpc.timeout.min)
2022-12-04 08:40:13,172 [63101611-ba0d-476d-ab21-ebb904ff5769@group-90796DE8A9D8-FollowerState] INFO  server.RaftServerConfigKeys (ConfUtils.java:logFallback(53)) - raft.server.rpc.first-election.timeout.max = 5200ms (fallback to raft.server.rpc.timeout.max)
2022-12-04 08:40:13,173 [4dfe2bcf-3e8c-4c55-988b-76052f767a96@group-90796DE8A9D8-FollowerState] INFO  server.RaftServerConfigKeys (ConfUtils.java:logFallback(53)) - raft.server.rpc.first-election.timeout.min = 5s (fallback to raft.server.rpc.timeout.min)
2022-12-04 08:40:13,173 [4dfe2bcf-3e8c-4c55-988b-76052f767a96@group-90796DE8A9D8-FollowerState] INFO  server.RaftServerConfigKeys (ConfUtils.java:logFallback(53)) - raft.server.rpc.first-election.timeout.max = 5200ms (fallback to raft.server.rpc.timeout.max)
2022-12-04 08:40:13,180 [grpc-default-executor-1] INFO  server.RaftServer$Division (RaftServerImpl.java:requestVote(1251)) - 63101611-ba0d-476d-ab21-ebb904ff5769@group-90796DE8A9D8 replies to ELECTION vote request: 9f181cac-2687-4d62-98e9-3903a7499e01<-63101611-ba0d-476d-ab21-ebb904ff5769#0:OK-t1. Peer's state: 63101611-ba0d-476d-ab21-ebb904ff5769@group-90796DE8A9D8:t1, leader=null, voted=9f181cac-2687-4d62-98e9-3903a7499e01, raftlog=Memoized:63101611-ba0d-476d-ab21-ebb904ff5769@group-90796DE8A9D8-SegmentedRaftLog:OPENED:c-1, conf=-1: peers:[9f181cac-2687-4d62-98e9-3903a7499e01|rpc:10.1.0.195:35415|priority:1|startupRole:FOLLOWER, 63101611-ba0d-476d-ab21-ebb904ff5769|rpc:10.1.0.195:39977|priority:0|startupRole:FOLLOWER, 4dfe2bcf-3e8c-4c55-988b-76052f767a96|rpc:10.1.0.195:44975|priority:0|startupRole:FOLLOWER]|listeners:[], old=null
2022-12-04 08:40:13,181 [grpc-default-executor-2] INFO  server.RaftServer$Division (RaftServerImpl.java:requestVote(1251)) - 4dfe2bcf-3e8c-4c55-988b-76052f767a96@group-90796DE8A9D8 replies to ELECTION vote request: 9f181cac-2687-4d62-98e9-3903a7499e01<-4dfe2bcf-3e8c-4c55-988b-76052f767a96#0:OK-t1. Peer's state: 4dfe2bcf-3e8c-4c55-988b-76052f767a96@group-90796DE8A9D8:t1, leader=null, voted=9f181cac-2687-4d62-98e9-3903a7499e01, raftlog=Memoized:4dfe2bcf-3e8c-4c55-988b-76052f767a96@group-90796DE8A9D8-SegmentedRaftLog:OPENED:c-1, conf=-1: peers:[9f181cac-2687-4d62-98e9-3903a7499e01|rpc:10.1.0.195:35415|priority:1|startupRole:FOLLOWER, 63101611-ba0d-476d-ab21-ebb904ff5769|rpc:10.1.0.195:39977|priority:0|startupRole:FOLLOWER, 4dfe2bcf-3e8c-4c55-988b-76052f767a96|rpc:10.1.0.195:44975|priority:0|startupRole:FOLLOWER]|listeners:[], old=null
2022-12-04 08:40:13,187 [9f181cac-2687-4d62-98e9-3903a7499e01@group-90796DE8A9D8-LeaderElection3] INFO  impl.LeaderElection (LeaderElection.java:logAndReturn(90)) - 9f181cac-2687-4d62-98e9-3903a7499e01@group-90796DE8A9D8-LeaderElection3: ELECTION PASSED received 1 response(s) and 0 exception(s):
2022-12-04 08:40:13,187 [9f181cac-2687-4d62-98e9-3903a7499e01@group-90796DE8A9D8-LeaderElection3] INFO  impl.LeaderElection (LeaderElection.java:logAndReturn(94)) -   Response 0: 9f181cac-2687-4d62-98e9-3903a7499e01<-4dfe2bcf-3e8c-4c55-988b-76052f767a96#0:OK-t1
2022-12-04 08:40:13,187 [9f181cac-2687-4d62-98e9-3903a7499e01@group-90796DE8A9D8-LeaderElection3] INFO  impl.LeaderElection (LeaderElection.java:askForVotes(314)) - 9f181cac-2687-4d62-98e9-3903a7499e01@group-90796DE8A9D8-LeaderElection3 ELECTION round 0: result PASSED
2022-12-04 08:40:13,187 [9f181cac-2687-4d62-98e9-3903a7499e01@group-90796DE8A9D8-LeaderElection3] INFO  impl.RoleInfo (RoleInfo.java:shutdownLeaderElection(130)) - 9f181cac-2687-4d62-98e9-3903a7499e01: shutdown 9f181cac-2687-4d62-98e9-3903a7499e01@group-90796DE8A9D8-LeaderElection3
2022-12-04 08:40:13,187 [9f181cac-2687-4d62-98e9-3903a7499e01@group-90796DE8A9D8-LeaderElection3] INFO  server.RaftServer$Division (RaftServerImpl.java:setRole(321)) - 9f181cac-2687-4d62-98e9-3903a7499e01@group-90796DE8A9D8: changes role from CANDIDATE to LEADER at term 1 for changeToLeader
2022-12-04 08:40:13,187 [9f181cac-2687-4d62-98e9-3903a7499e01@group-90796DE8A9D8-LeaderElection3] INFO  ratis.XceiverServerRatis (XceiverServerRatis.java:handleLeaderChangedNotification(863)) - Leader change notification received for group: group-90796DE8A9D8 with new leaderId: 9f181cac-2687-4d62-98e9-3903a7499e01
2022-12-04 08:40:13,188 [9f181cac-2687-4d62-98e9-3903a7499e01@group-90796DE8A9D8-LeaderElection3] INFO  server.RaftServer$Division (ServerState.java:setLeader(313)) - 9f181cac-2687-4d62-98e9-3903a7499e01@group-90796DE8A9D8: change Leader from null to 9f181cac-2687-4d62-98e9-3903a7499e01 at term 1 for becomeLeader, leader elected after 5152ms
2022-12-04 08:40:13,188 [9f181cac-2687-4d62-98e9-3903a7499e01@group-90796DE8A9D8-LeaderElection3] INFO  server.RaftServerConfigKeys (ConfUtils.java:logGet(46)) - raft.server.staging.catchup.gap = 1000 (default)
2022-12-04 08:40:13,188 [9f181cac-2687-4d62-98e9-3903a7499e01@group-90796DE8A9D8-LeaderElection3] INFO  server.RaftServerConfigKeys (ConfUtils.java:logGet(46)) - raft.server.write.element-limit = 1024 (custom)
2022-12-04 08:40:13,188 [9f181cac-2687-4d62-98e9-3903a7499e01@group-90796DE8A9D8-LeaderElection3] INFO  server.RaftServerConfigKeys (ConfUtils.java:logGet(46)) - raft.server.write.byte-limit = 1024 M (=1073741824) (custom)
2022-12-04 08:40:13,188 [9f181cac-2687-4d62-98e9-3903a7499e01@group-90796DE8A9D8-LeaderElection3] INFO  server.RaftServerConfigKeys (ConfUtils.java:logGet(46)) - raft.server.watch.timeout = 180s (custom)
2022-12-04 08:40:13,188 [9f181cac-2687-4d62-98e9-3903a7499e01@group-90796DE8A9D8-LeaderElection3] INFO  server.RaftServerConfigKeys (ConfUtils.java:logGet(46)) - raft.server.watch.timeout.denomination = 1s (default)
2022-12-04 08:40:13,188 [9f181cac-2687-4d62-98e9-3903a7499e01@group-90796DE8A9D8-LeaderElection3] INFO  server.RaftServerConfigKeys (ConfUtils.java:logGet(46)) - raft.server.watch.element-limit = 65536 (default)
2022-12-04 08:40:13,188 [9f181cac-2687-4d62-98e9-3903a7499e01@group-90796DE8A9D8-LeaderElection3] INFO  server.RaftServerConfigKeys (ConfUtils.java:logGet(46)) - raft.server.write.element-limit = 1024 (custom)
2022-12-04 08:40:13,188 [9f181cac-2687-4d62-98e9-3903a7499e01@group-90796DE8A9D8-LeaderElection3] INFO  server.RaftServerConfigKeys (ConfUtils.java:logGet(46)) - raft.server.write.follower.gap.ratio.max = -1.0 (default)
2022-12-04 08:40:13,200 [9f181cac-2687-4d62-98e9-3903a7499e01@group-90796DE8A9D8-LeaderElection3] INFO  server.RaftServerConfigKeys (ConfUtils.java:logGet(46)) - raft.server.log.appender.snapshot.chunk.size.max = 16MB (=16777216) (default)
2022-12-04 08:40:13,200 [9f181cac-2687-4d62-98e9-3903a7499e01@group-90796DE8A9D8-LeaderElection3] INFO  server.RaftServerConfigKeys (ConfUtils.java:logGet(46)) - raft.server.log.appender.buffer.byte-limit = 33554432 (custom)
2022-12-04 08:40:13,200 [9f181cac-2687-4d62-98e9-3903a7499e01@group-90796DE8A9D8-LeaderElection3] INFO  server.RaftServerConfigKeys (ConfUtils.java:logGet(46)) - raft.server.log.appender.buffer.element-limit = 1 (custom)
2022-12-04 08:40:13,204 [EventQueue-CommandQueueReportForCommandQueueReportHandler] WARN  events.EventQueue (EventQueue.java:fireEvent(216)) - No event handler registered for event TypedEvent{payloadType=DatanodeDetails, name='Datanode_Command_Queue_Updated'}
2022-12-04 08:40:13,205 [EventQueue-OpenPipelineForHealthyPipelineSafeModeRule] INFO  safemode.SCMSafeModeManager (HealthyPipelineSafeModeRule.java:process(137)) - SCM in safe mode. Healthy pipelines reported count is 0, required healthy pipeline reported count is 1
2022-12-04 08:40:13,204 [EventQueue-PipelineReportForPipelineReportHandler] INFO  pipeline.PipelineManagerImpl (PipelineManagerImpl.java:openPipeline(367)) - Pipeline Pipeline[ Id: 1aa1602e-4112-4eaf-8af1-90796de8a9d8, Nodes: 63101611-ba0d-476d-ab21-ebb904ff5769{ip: 10.1.0.195, host: fv-az380-152.nl4gydpcqt3ebnqutlzgyneqag.dx.internal.cloudapp.net, ports: [REPLICATION=39591, RATIS=39977, RATIS_ADMIN=39977, RATIS_SERVER=39977, STANDALONE=42557], networkLocation: /default-rack, certSerialId: null, persistedOpState: IN_SERVICE, persistedOpStateExpiryEpochSec: 0}9f181cac-2687-4d62-98e9-3903a7499e01{ip: 10.1.0.195, host: fv-az380-152.nl4gydpcqt3ebnqutlzgyneqag.dx.internal.cloudapp.net, ports: [REPLICATION=43127, RATIS=35415, RATIS_ADMIN=35415, RATIS_SERVER=35415, STANDALONE=33887], networkLocation: /default-rack, certSerialId: null, persistedOpState: IN_SERVICE, persistedOpStateExpiryEpochSec: 0}4dfe2bcf-3e8c-4c55-988b-76052f767a96{ip: 10.1.0.195, host: fv-az380-152.nl4gydpcqt3ebnqutlzgyneqag.dx.internal.cloudapp.net, ports: [REPLICATION=34477, RATIS=44975, RATIS_ADMIN=44975, RATIS_SERVER=44975, STANDALONE=39209], networkLocation: /default-rack, certSerialId: null, persistedOpState: IN_SERVICE, persistedOpStateExpiryEpochSec: 0}, ReplicationConfig: RATIS/THREE, State:ALLOCATED, leaderId:9f181cac-2687-4d62-98e9-3903a7499e01, CreationTimestamp2022-12-04T08:40:05.755Z[Etc/UTC]] moved to OPEN state
2022-12-04 08:40:13,205 [9f181cac-2687-4d62-98e9-3903a7499e01@group-90796DE8A9D8-LeaderElection3] INFO  grpc.GrpcConfigKeys (ConfUtils.java:logGet(46)) - raft.grpc.server.leader.outstanding.appends.max = 128 (default)
2022-12-04 08:40:13,206 [9f181cac-2687-4d62-98e9-3903a7499e01@group-90796DE8A9D8-LeaderElection3] INFO  server.RaftServerConfigKeys (ConfUtils.java:logGet(46)) - raft.server.rpc.request.timeout = 60s (custom)
2022-12-04 08:40:13,206 [9f181cac-2687-4d62-98e9-3903a7499e01@group-90796DE8A9D8-LeaderElection3] INFO  server.RaftServerConfigKeys (ConfUtils.java:logGet(46)) - raft.server.log.appender.install.snapshot.enabled = false (custom)
2022-12-04 08:40:13,206 [9f181cac-2687-4d62-98e9-3903a7499e01@group-90796DE8A9D8-LeaderElection3] INFO  grpc.GrpcConfigKeys (ConfUtils.java:logGet(46)) - raft.grpc.server.heartbeat.channel = true (default)
2022-12-04 08:40:13,206 [9f181cac-2687-4d62-98e9-3903a7499e01@group-90796DE8A9D8-LeaderElection3] INFO  server.RaftServerConfigKeys (ConfUtils.java:logGet(46)) - raft.server.log.appender.wait-time.min = 10ms (default)
2022-12-04 08:40:13,207 [EventQueue-OpenPipelineForHealthyPipelineSafeModeRule] INFO  safemode.SCMSafeModeManager (HealthyPipelineSafeModeRule.java:process(137)) - SCM in safe mode. Healthy pipelines reported count is 1, required healthy pipeline reported count is 1
2022-12-04 08:40:13,209 [EventQueue-OpenPipelineForHealthyPipelineSafeModeRule] INFO  safemode.SCMSafeModeManager (SCMSafeModeManager.java:validateSafeModeExitRules(200)) - HealthyPipelineSafeModeRule rule is successfully validated
2022-12-04 08:40:13,209 [EventQueue-OpenPipelineForHealthyPipelineSafeModeRule] INFO  safemode.SCMSafeModeManager (SCMSafeModeManager.java:validateSafeModeExitRules(215)) - ScmSafeModeManager, all rules are successfully validated
2022-12-04 08:40:13,209 [EventQueue-OpenPipelineForHealthyPipelineSafeModeRule] INFO  safemode.SCMSafeModeManager (SCMSafeModeManager.java:exitSafeMode(244)) - SCM exiting safe mode.
2022-12-04 08:40:13,209 [EventQueue-OpenPipelineForHealthyPipelineSafeModeRule] INFO  ha.SCMContext (SCMContext.java:updateSafeModeStatus(228)) - Update SafeModeStatus from SafeModeStatus{safeModeStatus=true, preCheckPassed=true} to SafeModeStatus{safeModeStatus=false, preCheckPassed=true}.
2022-12-04 08:40:13,209 [EventQueue-OpenPipelineForHealthyPipelineSafeModeRule] INFO  pipeline.BackgroundPipelineCreator (BackgroundPipelineCreator.java:notifyStatusChanged(254)) - Service BackgroundPipelineCreator transitions to RUNNING.
2022-12-04 08:40:13,210 [EventQueue-OpenPipelineForHealthyPipelineSafeModeRule] INFO  BackgroundPipelineScrubber (BackgroundSCMService.java:notifyStatusChanged(82)) - Service BackgroundPipelineScrubber transitions to RUNNING.
2022-12-04 08:40:13,210 [EventQueue-OpenPipelineForHealthyPipelineSafeModeRule] INFO  ExpiredContainerReplicaOpScrubber (BackgroundSCMService.java:notifyStatusChanged(82)) - Service ExpiredContainerReplicaOpScrubber transitions to RUNNING.
2022-12-04 08:40:13,210 [EventQueue-OpenPipelineForHealthyPipelineSafeModeRule] INFO  replication.ReplicationManager (ReplicationManager.java:notifyStatusChanged(860)) - Service ReplicationManager transitions to RUNNING.
2022-12-04 08:40:13,208 [9f181cac-2687-4d62-98e9-3903a7499e01@group-90796DE8A9D8-LeaderElection3] INFO  server.RaftServerConfigKeys (ConfUtils.java:logGet(46)) - raft.server.log.appender.snapshot.chunk.size.max = 16MB (=16777216) (default)
2022-12-04 08:40:13,213 [EventQueue-OpenPipelineForHealthyPipelineSafeModeRule] WARN  balancer.ContainerBalancer (ContainerBalancer.java:shouldRun(131)) - Could not find persisted configuration for ContainerBalancer when checking if ContainerBalancer should run. ContainerBalancer should not run now.
2022-12-04 08:40:13,213 [9f181cac-2687-4d62-98e9-3903a7499e01@group-90796DE8A9D8-LeaderElection3] INFO  server.RaftServerConfigKeys (ConfUtils.java:logGet(46)) - raft.server.log.appender.buffer.byte-limit = 33554432 (custom)
2022-12-04 08:40:13,213 [9f181cac-2687-4d62-98e9-3903a7499e01@group-90796DE8A9D8-LeaderElection3] INFO  server.RaftServerConfigKeys (ConfUtils.java:logGet(46)) - raft.server.log.appender.buffer.element-limit = 1 (custom)
2022-12-04 08:40:13,213 [9f181cac-2687-4d62-98e9-3903a7499e01@group-90796DE8A9D8-LeaderElection3] INFO  grpc.GrpcConfigKeys (ConfUtils.java:logGet(46)) - raft.grpc.server.leader.outstanding.appends.max = 128 (default)
2022-12-04 08:40:13,213 [9f181cac-2687-4d62-98e9-3903a7499e01@group-90796DE8A9D8-LeaderElection3] INFO  server.RaftServerConfigKeys (ConfUtils.java:logGet(46)) - raft.server.rpc.request.timeout = 60s (custom)
2022-12-04 08:40:13,214 [9f181cac-2687-4d62-98e9-3903a7499e01@group-90796DE8A9D8-LeaderElection3] INFO  server.RaftServerConfigKeys (ConfUtils.java:logGet(46)) - raft.server.log.appender.install.snapshot.enabled = false (custom)
2022-12-04 08:40:13,214 [9f181cac-2687-4d62-98e9-3903a7499e01@group-90796DE8A9D8-LeaderElection3] INFO  grpc.GrpcConfigKeys (ConfUtils.java:logGet(46)) - raft.grpc.server.heartbeat.channel = true (default)
2022-12-04 08:40:13,214 [9f181cac-2687-4d62-98e9-3903a7499e01@group-90796DE8A9D8-LeaderElection3] INFO  server.RaftServerConfigKeys (ConfUtils.java:logGet(46)) - raft.server.log.appender.wait-time.min = 10ms (default)
2022-12-04 08:40:13,214 [9f181cac-2687-4d62-98e9-3903a7499e01@group-90796DE8A9D8-LeaderElection3] INFO  impl.RoleInfo (RoleInfo.java:updateAndGet(139)) - 9f181cac-2687-4d62-98e9-3903a7499e01: start 9f181cac-2687-4d62-98e9-3903a7499e01@group-90796DE8A9D8-LeaderStateImpl
2022-12-04 08:40:13,215 [9f181cac-2687-4d62-98e9-3903a7499e01@group-90796DE8A9D8-LeaderElection3] INFO  segmented.SegmentedRaftLogWorker (SegmentedRaftLogWorker.java:startLogSegment(452)) - 9f181cac-2687-4d62-98e9-3903a7499e01@group-90796DE8A9D8-SegmentedRaftLogWorker: Starting segment from index:0
2022-12-04 08:40:13,216 [9f181cac-2687-4d62-98e9-3903a7499e01@group-90796DE8A9D8-SegmentedRaftLogWorker] INFO  segmented.SegmentedRaftLogWorker (SegmentedRaftLogWorker.java:execute(656)) - 9f181cac-2687-4d62-98e9-3903a7499e01@group-90796DE8A9D8-SegmentedRaftLogWorker: created new log segment /home/runner/work/ozone/ozone/hadoop-ozone/integration-test/target/test-dir/MiniOzoneClusterImpl-a2a71a7e-4c8f-47b8-990b-2bc30dd677e7/datanode-0/data/ratis/1aa1602e-4112-4eaf-8af1-90796de8a9d8/current/log_inprogress_0
2022-12-04 08:40:13,222 [9f181cac-2687-4d62-98e9-3903a7499e01@group-90796DE8A9D8-LeaderElection3] INFO  server.RaftServer$Division (ServerState.java:setRaftConf(430)) - 9f181cac-2687-4d62-98e9-3903a7499e01@group-90796DE8A9D8: set configuration 0: peers:[9f181cac-2687-4d62-98e9-3903a7499e01|rpc:10.1.0.195:35415|dataStream:|priority:1|startupRole:FOLLOWER, 63101611-ba0d-476d-ab21-ebb904ff5769|rpc:10.1.0.195:39977|dataStream:|priority:0|startupRole:FOLLOWER, 4dfe2bcf-3e8c-4c55-988b-76052f767a96|rpc:10.1.0.195:44975|dataStream:|priority:0|startupRole:FOLLOWER]|listeners:[], old=null
2022-12-04 08:40:13,267 [63101611-ba0d-476d-ab21-ebb904ff5769-server-thread1] INFO  ratis.XceiverServerRatis (XceiverServerRatis.java:handleLeaderChangedNotification(863)) - Leader change notification received for group: group-90796DE8A9D8 with new leaderId: 9f181cac-2687-4d62-98e9-3903a7499e01
2022-12-04 08:40:13,267 [63101611-ba0d-476d-ab21-ebb904ff5769-server-thread1] INFO  server.RaftServer$Division (ServerState.java:setLeader(313)) - 63101611-ba0d-476d-ab21-ebb904ff5769@group-90796DE8A9D8: change Leader from null to 9f181cac-2687-4d62-98e9-3903a7499e01 at term 1 for appendEntries, leader elected after 4458ms
2022-12-04 08:40:13,270 [4dfe2bcf-3e8c-4c55-988b-76052f767a96-server-thread1] INFO  ratis.XceiverServerRatis (XceiverServerRatis.java:handleLeaderChangedNotification(863)) - Leader change notification received for group: group-90796DE8A9D8 with new leaderId: 9f181cac-2687-4d62-98e9-3903a7499e01
2022-12-04 08:40:13,275 [4dfe2bcf-3e8c-4c55-988b-76052f767a96-server-thread1] INFO  server.RaftServer$Division (ServerState.java:setLeader(313)) - 4dfe2bcf-3e8c-4c55-988b-76052f767a96@group-90796DE8A9D8: change Leader from null to 9f181cac-2687-4d62-98e9-3903a7499e01 at term 1 for appendEntries, leader elected after 4669ms
2022-12-04 08:40:13,276 [4dfe2bcf-3e8c-4c55-988b-76052f767a96-server-thread1] INFO  server.RaftServer$Division (ServerState.java:setRaftConf(430)) - 4dfe2bcf-3e8c-4c55-988b-76052f767a96@group-90796DE8A9D8: set configuration 0: peers:[9f181cac-2687-4d62-98e9-3903a7499e01|rpc:10.1.0.195:35415|dataStream:|priority:1|startupRole:FOLLOWER, 63101611-ba0d-476d-ab21-ebb904ff5769|rpc:10.1.0.195:39977|dataStream:|priority:0|startupRole:FOLLOWER, 4dfe2bcf-3e8c-4c55-988b-76052f767a96|rpc:10.1.0.195:44975|dataStream:|priority:0|startupRole:FOLLOWER]|listeners:[], old=null
2022-12-04 08:40:13,277 [4dfe2bcf-3e8c-4c55-988b-76052f767a96-server-thread1] INFO  segmented.SegmentedRaftLogWorker (SegmentedRaftLogWorker.java:startLogSegment(452)) - 4dfe2bcf-3e8c-4c55-988b-76052f767a96@group-90796DE8A9D8-SegmentedRaftLogWorker: Starting segment from index:0
2022-12-04 08:40:13,279 [4dfe2bcf-3e8c-4c55-988b-76052f767a96@group-90796DE8A9D8-SegmentedRaftLogWorker] INFO  segmented.SegmentedRaftLogWorker (SegmentedRaftLogWorker.java:execute(656)) - 4dfe2bcf-3e8c-4c55-988b-76052f767a96@group-90796DE8A9D8-SegmentedRaftLogWorker: created new log segment /home/runner/work/ozone/ozone/hadoop-ozone/integration-test/target/test-dir/MiniOzoneClusterImpl-a2a71a7e-4c8f-47b8-990b-2bc30dd677e7/datanode-1/data/ratis/1aa1602e-4112-4eaf-8af1-90796de8a9d8/current/log_inprogress_0
2022-12-04 08:40:13,280 [63101611-ba0d-476d-ab21-ebb904ff5769-server-thread2] INFO  server.RaftServer$Division (ServerState.java:setRaftConf(430)) - 63101611-ba0d-476d-ab21-ebb904ff5769@group-90796DE8A9D8: set configuration 0: peers:[9f181cac-2687-4d62-98e9-3903a7499e01|rpc:10.1.0.195:35415|dataStream:|priority:1|startupRole:FOLLOWER, 63101611-ba0d-476d-ab21-ebb904ff5769|rpc:10.1.0.195:39977|dataStream:|priority:0|startupRole:FOLLOWER, 4dfe2bcf-3e8c-4c55-988b-76052f767a96|rpc:10.1.0.195:44975|dataStream:|priority:0|startupRole:FOLLOWER]|listeners:[], old=null
2022-12-04 08:40:13,282 [63101611-ba0d-476d-ab21-ebb904ff5769-server-thread2] INFO  segmented.SegmentedRaftLogWorker (SegmentedRaftLogWorker.java:startLogSegment(452)) - 63101611-ba0d-476d-ab21-ebb904ff5769@group-90796DE8A9D8-SegmentedRaftLogWorker: Starting segment from index:0
2022-12-04 08:40:13,284 [63101611-ba0d-476d-ab21-ebb904ff5769@group-90796DE8A9D8-SegmentedRaftLogWorker] INFO  segmented.SegmentedRaftLogWorker (SegmentedRaftLogWorker.java:execute(656)) - 63101611-ba0d-476d-ab21-ebb904ff5769@group-90796DE8A9D8-SegmentedRaftLogWorker: created new log segment /home/runner/work/ozone/ozone/hadoop-ozone/integration-test/target/test-dir/MiniOzoneClusterImpl-a2a71a7e-4c8f-47b8-990b-2bc30dd677e7/datanode-2/data/ratis/1aa1602e-4112-4eaf-8af1-90796de8a9d8/current/log_inprogress_0
2022-12-04 08:40:13,749 [Listener at 127.0.0.1/40415] INFO  ozone.MiniOzoneClusterImpl (MiniOzoneClusterImpl.java:lambda$waitForClusterToBeReady$0(216)) - Nodes are ready. Got 3 of 3 DN Heartbeats.
2022-12-04 08:40:13,749 [Listener at 127.0.0.1/40415] INFO  ozone.MiniOzoneClusterImpl (MiniOzoneClusterImpl.java:lambda$waitForClusterToBeReady$0(219)) - Cluster exits safe mode
2022-12-04 08:40:13,749 [Listener at 127.0.0.1/40415] INFO  ozone.MiniOzoneClusterImpl (MiniOzoneClusterImpl.java:lambda$waitForClusterToBeReady$0(221)) - SCM became leader
2022-12-04 08:40:13,794 [4dfe2bcf-3e8c-4c55-988b-76052f767a96@group-33C8492C229C-FollowerState] INFO  impl.FollowerState (FollowerState.java:run(143)) - 4dfe2bcf-3e8c-4c55-988b-76052f767a96@group-33C8492C229C-FollowerState: change to CANDIDATE, lastRpcElapsedTime:5203730306ns, electionTimeout:5199ms
2022-12-04 08:40:13,794 [4dfe2bcf-3e8c-4c55-988b-76052f767a96@group-33C8492C229C-FollowerState] INFO  impl.RoleInfo (RoleInfo.java:shutdownFollowerState(110)) - 4dfe2bcf-3e8c-4c55-988b-76052f767a96: shutdown 4dfe2bcf-3e8c-4c55-988b-76052f767a96@group-33C8492C229C-FollowerState
2022-12-04 08:40:13,794 [4dfe2bcf-3e8c-4c55-988b-76052f767a96@group-33C8492C229C-FollowerState] INFO  server.RaftServer$Division (RaftServerImpl.java:setRole(321)) - 4dfe2bcf-3e8c-4c55-988b-76052f767a96@group-33C8492C229C: changes role from  FOLLOWER to CANDIDATE at term 0 for changeToCandidate
2022-12-04 08:40:13,796 [4dfe2bcf-3e8c-4c55-988b-76052f767a96@group-33C8492C229C-FollowerState] INFO  server.RaftServerConfigKeys (ConfUtils.java:logGet(46)) - raft.server.leaderelection.pre-vote = false (custom)
2022-12-04 08:40:13,796 [4dfe2bcf-3e8c-4c55-988b-76052f767a96@group-33C8492C229C-FollowerState] INFO  impl.RoleInfo (RoleInfo.java:updateAndGet(139)) - 4dfe2bcf-3e8c-4c55-988b-76052f767a96: start 4dfe2bcf-3e8c-4c55-988b-76052f767a96@group-33C8492C229C-LeaderElection4
2022-12-04 08:40:13,803 [4dfe2bcf-3e8c-4c55-988b-76052f767a96@group-33C8492C229C-LeaderElection4] INFO  impl.LeaderElection (LeaderElection.java:askForVotes(312)) - 4dfe2bcf-3e8c-4c55-988b-76052f767a96@group-33C8492C229C-LeaderElection4 ELECTION round 0: submit vote requests at term 1 for -1: peers:[4dfe2bcf-3e8c-4c55-988b-76052f767a96|rpc:10.1.0.195:44975|priority:1|startupRole:FOLLOWER]|listeners:[], old=null
2022-12-04 08:40:13,806 [4dfe2bcf-3e8c-4c55-988b-76052f767a96@group-33C8492C229C-LeaderElection4] INFO  impl.LeaderElection (LeaderElection.java:askForVotes(314)) - 4dfe2bcf-3e8c-4c55-988b-76052f767a96@group-33C8492C229C-LeaderElection4 ELECTION round 0: result PASSED (term=1)
2022-12-04 08:40:13,806 [4dfe2bcf-3e8c-4c55-988b-76052f767a96@group-33C8492C229C-LeaderElection4] INFO  impl.RoleInfo (RoleInfo.java:shutdownLeaderElection(130)) - 4dfe2bcf-3e8c-4c55-988b-76052f767a96: shutdown 4dfe2bcf-3e8c-4c55-988b-76052f767a96@group-33C8492C229C-LeaderElection4
2022-12-04 08:40:13,806 [4dfe2bcf-3e8c-4c55-988b-76052f767a96@group-33C8492C229C-LeaderElection4] INFO  server.RaftServer$Division (RaftServerImpl.java:setRole(321)) - 4dfe2bcf-3e8c-4c55-988b-76052f767a96@group-33C8492C229C: changes role from CANDIDATE to LEADER at term 1 for changeToLeader
2022-12-04 08:40:13,806 [4dfe2bcf-3e8c-4c55-988b-76052f767a96@group-33C8492C229C-LeaderElection4] INFO  ratis.XceiverServerRatis (XceiverServerRatis.java:handleLeaderChangedNotification(863)) - Leader change notification received for group: group-33C8492C229C with new leaderId: 4dfe2bcf-3e8c-4c55-988b-76052f767a96
2022-12-04 08:40:13,806 [4dfe2bcf-3e8c-4c55-988b-76052f767a96@group-33C8492C229C-LeaderElection4] INFO  server.RaftServer$Division (ServerState.java:setLeader(313)) - 4dfe2bcf-3e8c-4c55-988b-76052f767a96@group-33C8492C229C: change Leader from null to 4dfe2bcf-3e8c-4c55-988b-76052f767a96 at term 1 for becomeLeader, leader elected after 5254ms
2022-12-04 08:40:13,807 [4dfe2bcf-3e8c-4c55-988b-76052f767a96@group-33C8492C229C-LeaderElection4] INFO  server.RaftServerConfigKeys (ConfUtils.java:logGet(46)) - raft.server.staging.catchup.gap = 1000 (default)
2022-12-04 08:40:13,814 [4dfe2bcf-3e8c-4c55-988b-76052f767a96@group-33C8492C229C-LeaderElection4] INFO  server.RaftServerConfigKeys (ConfUtils.java:logGet(46)) - raft.server.write.element-limit = 1024 (custom)
2022-12-04 08:40:13,814 [4dfe2bcf-3e8c-4c55-988b-76052f767a96@group-33C8492C229C-LeaderElection4] INFO  server.RaftServerConfigKeys (ConfUtils.java:logGet(46)) - raft.server.write.byte-limit = 1024 M (=1073741824) (custom)
2022-12-04 08:40:13,814 [4dfe2bcf-3e8c-4c55-988b-76052f767a96@group-33C8492C229C-LeaderElection4] INFO  server.RaftServerConfigKeys (ConfUtils.java:logGet(46)) - raft.server.watch.timeout = 180s (custom)
2022-12-04 08:40:13,814 [4dfe2bcf-3e8c-4c55-988b-76052f767a96@group-33C8492C229C-LeaderElection4] INFO  server.RaftServerConfigKeys (ConfUtils.java:logGet(46)) - raft.server.watch.timeout.denomination = 1s (default)
2022-12-04 08:40:13,814 [4dfe2bcf-3e8c-4c55-988b-76052f767a96@group-33C8492C229C-LeaderElection4] INFO  server.RaftServerConfigKeys (ConfUtils.java:logGet(46)) - raft.server.watch.element-limit = 65536 (default)
2022-12-04 08:40:13,814 [4dfe2bcf-3e8c-4c55-988b-76052f767a96@group-33C8492C229C-LeaderElection4] INFO  server.RaftServerConfigKeys (ConfUtils.java:logGet(46)) - raft.server.write.element-limit = 1024 (custom)
2022-12-04 08:40:13,814 [4dfe2bcf-3e8c-4c55-988b-76052f767a96@group-33C8492C229C-LeaderElection4] INFO  server.RaftServerConfigKeys (ConfUtils.java:logGet(46)) - raft.server.write.follower.gap.ratio.max = -1.0 (default)
2022-12-04 08:40:13,814 [4dfe2bcf-3e8c-4c55-988b-76052f767a96@group-33C8492C229C-LeaderElection4] INFO  impl.RoleInfo (RoleInfo.java:updateAndGet(139)) - 4dfe2bcf-3e8c-4c55-988b-76052f767a96: start 4dfe2bcf-3e8c-4c55-988b-76052f767a96@group-33C8492C229C-LeaderStateImpl
2022-12-04 08:40:13,815 [4dfe2bcf-3e8c-4c55-988b-76052f767a96@group-33C8492C229C-LeaderElection4] INFO  segmented.SegmentedRaftLogWorker (SegmentedRaftLogWorker.java:startLogSegment(452)) - 4dfe2bcf-3e8c-4c55-988b-76052f767a96@group-33C8492C229C-SegmentedRaftLogWorker: Starting segment from index:0
2022-12-04 08:40:13,816 [4dfe2bcf-3e8c-4c55-988b-76052f767a96@group-33C8492C229C-SegmentedRaftLogWorker] INFO  segmented.SegmentedRaftLogWorker (SegmentedRaftLogWorker.java:execute(656)) - 4dfe2bcf-3e8c-4c55-988b-76052f767a96@group-33C8492C229C-SegmentedRaftLogWorker: created new log segment /home/runner/work/ozone/ozone/hadoop-ozone/integration-test/target/test-dir/MiniOzoneClusterImpl-a2a71a7e-4c8f-47b8-990b-2bc30dd677e7/datanode-1/data/ratis/7ae9e925-6c27-496c-be17-33c8492c229c/current/log_inprogress_0
2022-12-04 08:40:13,816 [4dfe2bcf-3e8c-4c55-988b-76052f767a96@group-33C8492C229C-LeaderElection4] INFO  server.RaftServer$Division (ServerState.java:setRaftConf(430)) - 4dfe2bcf-3e8c-4c55-988b-76052f767a96@group-33C8492C229C: set configuration 0: peers:[4dfe2bcf-3e8c-4c55-988b-76052f767a96|rpc:10.1.0.195:44975|dataStream:|priority:1|startupRole:FOLLOWER]|listeners:[], old=null
2022-12-04 08:40:13,818 [EventQueue-CommandQueueReportForCommandQueueReportHandler] WARN  events.EventQueue (EventQueue.java:fireEvent(216)) - No event handler registered for event TypedEvent{payloadType=DatanodeDetails, name='Datanode_Command_Queue_Updated'}
2022-12-04 08:40:14,054 [63101611-ba0d-476d-ab21-ebb904ff5769@group-4A7DDDC06410-FollowerState] INFO  impl.FollowerState (FollowerState.java:run(143)) - 63101611-ba0d-476d-ab21-ebb904ff5769@group-4A7DDDC06410-FollowerState: change to CANDIDATE, lastRpcElapsedTime:5258782133ns, electionTimeout:5114ms
2022-12-04 08:40:14,055 [63101611-ba0d-476d-ab21-ebb904ff5769@group-4A7DDDC06410-FollowerState] INFO  impl.RoleInfo (RoleInfo.java:shutdownFollowerState(110)) - 63101611-ba0d-476d-ab21-ebb904ff5769: shutdown 63101611-ba0d-476d-ab21-ebb904ff5769@group-4A7DDDC06410-FollowerState
2022-12-04 08:40:14,055 [63101611-ba0d-476d-ab21-ebb904ff5769@group-4A7DDDC06410-FollowerState] INFO  server.RaftServer$Division (RaftServerImpl.java:setRole(321)) - 63101611-ba0d-476d-ab21-ebb904ff5769@group-4A7DDDC06410: changes role from  FOLLOWER to CANDIDATE at term 0 for changeToCandidate
2022-12-04 08:40:14,055 [63101611-ba0d-476d-ab21-ebb904ff5769@group-4A7DDDC06410-FollowerState] INFO  server.RaftServerConfigKeys (ConfUtils.java:logGet(46)) - raft.server.leaderelection.pre-vote = false (custom)
2022-12-04 08:40:14,055 [63101611-ba0d-476d-ab21-ebb904ff5769@group-4A7DDDC06410-FollowerState] INFO  impl.RoleInfo (RoleInfo.java:updateAndGet(139)) - 63101611-ba0d-476d-ab21-ebb904ff5769: start 63101611-ba0d-476d-ab21-ebb904ff5769@group-4A7DDDC06410-LeaderElection5
2022-12-04 08:40:14,072 [63101611-ba0d-476d-ab21-ebb904ff5769@group-4A7DDDC06410-LeaderElection5] INFO  impl.LeaderElection (LeaderElection.java:askForVotes(312)) - 63101611-ba0d-476d-ab21-ebb904ff5769@group-4A7DDDC06410-LeaderElection5 ELECTION round 0: submit vote requests at term 1 for -1: peers:[63101611-ba0d-476d-ab21-ebb904ff5769|rpc:10.1.0.195:39977|priority:1|startupRole:FOLLOWER]|listeners:[], old=null
2022-12-04 08:40:14,072 [63101611-ba0d-476d-ab21-ebb904ff5769@group-4A7DDDC06410-LeaderElection5] INFO  impl.LeaderElection (LeaderElection.java:askForVotes(314)) - 63101611-ba0d-476d-ab21-ebb904ff5769@group-4A7DDDC06410-LeaderElection5 ELECTION round 0: result PASSED (term=1)
2022-12-04 08:40:14,072 [63101611-ba0d-476d-ab21-ebb904ff5769@group-4A7DDDC06410-LeaderElection5] INFO  impl.RoleInfo (RoleInfo.java:shutdownLeaderElection(130)) - 63101611-ba0d-476d-ab21-ebb904ff5769: shutdown 63101611-ba0d-476d-ab21-ebb904ff5769@group-4A7DDDC06410-LeaderElection5
2022-12-04 08:40:14,072 [63101611-ba0d-476d-ab21-ebb904ff5769@group-4A7DDDC06410-LeaderElection5] INFO  server.RaftServer$Division (RaftServerImpl.java:setRole(321)) - 63101611-ba0d-476d-ab21-ebb904ff5769@group-4A7DDDC06410: changes role from CANDIDATE to LEADER at term 1 for changeToLeader
2022-12-04 08:40:14,072 [63101611-ba0d-476d-ab21-ebb904ff5769@group-4A7DDDC06410-LeaderElection5] INFO  ratis.XceiverServerRatis (XceiverServerRatis.java:handleLeaderChangedNotification(863)) - Leader change notification received for group: group-4A7DDDC06410 with new leaderId: 63101611-ba0d-476d-ab21-ebb904ff5769
2022-12-04 08:40:14,073 [63101611-ba0d-476d-ab21-ebb904ff5769@group-4A7DDDC06410-LeaderElection5] INFO  server.RaftServer$Division (ServerState.java:setLeader(313)) - 63101611-ba0d-476d-ab21-ebb904ff5769@group-4A7DDDC06410: change Leader from null to 63101611-ba0d-476d-ab21-ebb904ff5769 at term 1 for becomeLeader, leader elected after 5317ms
2022-12-04 08:40:14,073 [63101611-ba0d-476d-ab21-ebb904ff5769@group-4A7DDDC06410-LeaderElection5] INFO  server.RaftServerConfigKeys (ConfUtils.java:logGet(46)) - raft.server.staging.catchup.gap = 1000 (default)
2022-12-04 08:40:14,075 [63101611-ba0d-476d-ab21-ebb904ff5769@group-4A7DDDC06410-LeaderElection5] INFO  server.RaftServerConfigKeys (ConfUtils.java:logGet(46)) - raft.server.write.element-limit = 1024 (custom)
2022-12-04 08:40:14,076 [63101611-ba0d-476d-ab21-ebb904ff5769@group-4A7DDDC06410-LeaderElection5] INFO  server.RaftServerConfigKeys (ConfUtils.java:logGet(46)) - raft.server.write.byte-limit = 1024 M (=1073741824) (custom)
2022-12-04 08:40:14,076 [63101611-ba0d-476d-ab21-ebb904ff5769@group-4A7DDDC06410-LeaderElection5] INFO  server.RaftServerConfigKeys (ConfUtils.java:logGet(46)) - raft.server.watch.timeout = 180s (custom)
2022-12-04 08:40:14,076 [63101611-ba0d-476d-ab21-ebb904ff5769@group-4A7DDDC06410-LeaderElection5] INFO  server.RaftServerConfigKeys (ConfUtils.java:logGet(46)) - raft.server.watch.timeout.denomination = 1s (default)
2022-12-04 08:40:14,076 [63101611-ba0d-476d-ab21-ebb904ff5769@group-4A7DDDC06410-LeaderElection5] INFO  server.RaftServerConfigKeys (ConfUtils.java:logGet(46)) - raft.server.watch.element-limit = 65536 (default)
2022-12-04 08:40:14,076 [63101611-ba0d-476d-ab21-ebb904ff5769@group-4A7DDDC06410-LeaderElection5] INFO  server.RaftServerConfigKeys (ConfUtils.java:logGet(46)) - raft.server.write.element-limit = 1024 (custom)
2022-12-04 08:40:14,076 [63101611-ba0d-476d-ab21-ebb904ff5769@group-4A7DDDC06410-LeaderElection5] INFO  server.RaftServerConfigKeys (ConfUtils.java:logGet(46)) - raft.server.write.follower.gap.ratio.max = -1.0 (default)
2022-12-04 08:40:14,076 [63101611-ba0d-476d-ab21-ebb904ff5769@group-4A7DDDC06410-LeaderElection5] INFO  impl.RoleInfo (RoleInfo.java:updateAndGet(139)) - 63101611-ba0d-476d-ab21-ebb904ff5769: start 63101611-ba0d-476d-ab21-ebb904ff5769@group-4A7DDDC06410-LeaderStateImpl
2022-12-04 08:40:14,077 [63101611-ba0d-476d-ab21-ebb904ff5769@group-4A7DDDC06410-LeaderElection5] INFO  segmented.SegmentedRaftLogWorker (SegmentedRaftLogWorker.java:startLogSegment(452)) - 63101611-ba0d-476d-ab21-ebb904ff5769@group-4A7DDDC06410-SegmentedRaftLogWorker: Starting segment from index:0
2022-12-04 08:40:14,078 [63101611-ba0d-476d-ab21-ebb904ff5769@group-4A7DDDC06410-SegmentedRaftLogWorker] INFO  segmented.SegmentedRaftLogWorker (SegmentedRaftLogWorker.java:execute(656)) - 63101611-ba0d-476d-ab21-ebb904ff5769@group-4A7DDDC06410-SegmentedRaftLogWorker: created new log segment /home/runner/work/ozone/ozone/hadoop-ozone/integration-test/target/test-dir/MiniOzoneClusterImpl-a2a71a7e-4c8f-47b8-990b-2bc30dd677e7/datanode-2/data/ratis/70d4c4d1-285c-4ed7-9190-4a7dddc06410/current/log_inprogress_0
2022-12-04 08:40:14,082 [63101611-ba0d-476d-ab21-ebb904ff5769@group-4A7DDDC06410-LeaderElection5] INFO  server.RaftServer$Division (ServerState.java:setRaftConf(430)) - 63101611-ba0d-476d-ab21-ebb904ff5769@group-4A7DDDC06410: set configuration 0: peers:[63101611-ba0d-476d-ab21-ebb904ff5769|rpc:10.1.0.195:39977|dataStream:|priority:1|startupRole:FOLLOWER]|listeners:[], old=null
2022-12-04 08:40:14,086 [EventQueue-CommandQueueReportForCommandQueueReportHandler] WARN  events.EventQueue (EventQueue.java:fireEvent(216)) - No event handler registered for event TypedEvent{payloadType=DatanodeDetails, name='Datanode_Command_Queue_Updated'}
2022-12-04 08:40:14,178 [63101611-ba0d-476d-ab21-ebb904ff5769@group-317D392E37CF-FollowerState] INFO  impl.FollowerState (FollowerState.java:run(143)) - 63101611-ba0d-476d-ab21-ebb904ff5769@group-317D392E37CF-FollowerState: change to CANDIDATE, lastRpcElapsedTime:5064468156ns, electionTimeout:5047ms
2022-12-04 08:40:14,178 [63101611-ba0d-476d-ab21-ebb904ff5769@group-317D392E37CF-FollowerState] INFO  impl.RoleInfo (RoleInfo.java:shutdownFollowerState(110)) - 63101611-ba0d-476d-ab21-ebb904ff5769: shutdown 63101611-ba0d-476d-ab21-ebb904ff5769@group-317D392E37CF-FollowerState
2022-12-04 08:40:14,178 [63101611-ba0d-476d-ab21-ebb904ff5769@group-317D392E37CF-FollowerState] INFO  server.RaftServer$Division (RaftServerImpl.java:setRole(321)) - 63101611-ba0d-476d-ab21-ebb904ff5769@group-317D392E37CF: changes role from  FOLLOWER to CANDIDATE at term 0 for changeToCandidate
2022-12-04 08:40:14,178 [63101611-ba0d-476d-ab21-ebb904ff5769@group-317D392E37CF-FollowerState] INFO  server.RaftServerConfigKeys (ConfUtils.java:logGet(46)) - raft.server.leaderelection.pre-vote = false (custom)
2022-12-04 08:40:14,178 [63101611-ba0d-476d-ab21-ebb904ff5769@group-317D392E37CF-FollowerState] INFO  impl.RoleInfo (RoleInfo.java:updateAndGet(139)) - 63101611-ba0d-476d-ab21-ebb904ff5769: start 63101611-ba0d-476d-ab21-ebb904ff5769@group-317D392E37CF-LeaderElection6
2022-12-04 08:40:14,186 [63101611-ba0d-476d-ab21-ebb904ff5769@group-317D392E37CF-LeaderElection6] INFO  impl.LeaderElection (LeaderElection.java:askForVotes(312)) - 63101611-ba0d-476d-ab21-ebb904ff5769@group-317D392E37CF-LeaderElection6 ELECTION round 0: submit vote requests at term 1 for -1: peers:[9f181cac-2687-4d62-98e9-3903a7499e01|rpc:10.1.0.195:35415|priority:0|startupRole:FOLLOWER, 63101611-ba0d-476d-ab21-ebb904ff5769|rpc:10.1.0.195:39977|priority:0|startupRole:FOLLOWER, 4dfe2bcf-3e8c-4c55-988b-76052f767a96|rpc:10.1.0.195:44975|priority:1|startupRole:FOLLOWER]|listeners:[], old=null
2022-12-04 08:40:14,191 [63101611-ba0d-476d-ab21-ebb904ff5769@group-317D392E37CF-LeaderElection6] INFO  server.RaftServerConfigKeys (ConfUtils.java:logFallback(53)) - raft.server.rpc.first-election.timeout.min = 5s (fallback to raft.server.rpc.timeout.min)
2022-12-04 08:40:14,191 [63101611-ba0d-476d-ab21-ebb904ff5769@group-317D392E37CF-LeaderElection6] INFO  server.RaftServerConfigKeys (ConfUtils.java:logFallback(53)) - raft.server.rpc.first-election.timeout.max = 5200ms (fallback to raft.server.rpc.timeout.max)
2022-12-04 08:40:14,194 [EventQueue-CommandQueueReportForCommandQueueReportHandler] WARN  events.EventQueue (EventQueue.java:fireEvent(216)) - No event handler registered for event TypedEvent{payloadType=DatanodeDetails, name='Datanode_Command_Queue_Updated'}
2022-12-04 08:40:14,195 [63101611-ba0d-476d-ab21-ebb904ff5769@group-317D392E37CF-LeaderElection6-1] INFO  server.GrpcServerProtocolClient (GrpcServerProtocolClient.java:<init>(63)) - Build channel for 9f181cac-2687-4d62-98e9-3903a7499e01
2022-12-04 08:40:14,201 [63101611-ba0d-476d-ab21-ebb904ff5769@group-317D392E37CF-LeaderElection6-2] INFO  server.GrpcServerProtocolClient (GrpcServerProtocolClient.java:<init>(63)) - Build channel for 4dfe2bcf-3e8c-4c55-988b-76052f767a96
2022-12-04 08:40:14,226 [9f181cac-2687-4d62-98e9-3903a7499e01@group-317D392E37CF-FollowerState] INFO  impl.FollowerState (FollowerState.java:run(143)) - 9f181cac-2687-4d62-98e9-3903a7499e01@group-317D392E37CF-FollowerState: change to CANDIDATE, lastRpcElapsedTime:5116414619ns, electionTimeout:5084ms
2022-12-04 08:40:14,227 [9f181cac-2687-4d62-98e9-3903a7499e01@group-317D392E37CF-FollowerState] INFO  impl.RoleInfo (RoleInfo.java:shutdownFollowerState(110)) - 9f181cac-2687-4d62-98e9-3903a7499e01: shutdown 9f181cac-2687-4d62-98e9-3903a7499e01@group-317D392E37CF-FollowerState
2022-12-04 08:40:14,227 [9f181cac-2687-4d62-98e9-3903a7499e01@group-317D392E37CF-FollowerState] INFO  server.RaftServer$Division (RaftServerImpl.java:setRole(321)) - 9f181cac-2687-4d62-98e9-3903a7499e01@group-317D392E37CF: changes role from  FOLLOWER to CANDIDATE at term 0 for changeToCandidate
2022-12-04 08:40:14,227 [9f181cac-2687-4d62-98e9-3903a7499e01@group-317D392E37CF-FollowerState] INFO  server.RaftServerConfigKeys (ConfUtils.java:logGet(46)) - raft.server.leaderelection.pre-vote = false (custom)
2022-12-04 08:40:14,227 [9f181cac-2687-4d62-98e9-3903a7499e01@group-317D392E37CF-FollowerState] INFO  impl.RoleInfo (RoleInfo.java:updateAndGet(139)) - 9f181cac-2687-4d62-98e9-3903a7499e01: start 9f181cac-2687-4d62-98e9-3903a7499e01@group-317D392E37CF-LeaderElection7
2022-12-04 08:40:14,237 [grpc-default-executor-2] INFO  server.RaftServer$Division (RaftServerImpl.java:requestVote(1218)) - 9f181cac-2687-4d62-98e9-3903a7499e01@group-317D392E37CF: receive requestVote(ELECTION, 63101611-ba0d-476d-ab21-ebb904ff5769, group-317D392E37CF, 1, (t:0, i:0))
2022-12-04 08:40:14,238 [grpc-default-executor-3] INFO  server.RaftServer$Division (RaftServerImpl.java:requestVote(1218)) - 4dfe2bcf-3e8c-4c55-988b-76052f767a96@group-317D392E37CF: receive requestVote(ELECTION, 63101611-ba0d-476d-ab21-ebb904ff5769, group-317D392E37CF, 1, (t:0, i:0))
2022-12-04 08:40:14,238 [grpc-default-executor-3] INFO  impl.VoteContext (VoteContext.java:log(49)) - 4dfe2bcf-3e8c-4c55-988b-76052f767a96@group-317D392E37CF-FOLLOWER: reject ELECTION from 63101611-ba0d-476d-ab21-ebb904ff5769: our priority 1 > candidate's priority 0
2022-12-04 08:40:14,238 [grpc-default-executor-3] INFO  server.RaftServer$Division (RaftServerImpl.java:setRole(321)) - 4dfe2bcf-3e8c-4c55-988b-76052f767a96@group-317D392E37CF: changes role from  FOLLOWER to FOLLOWER at term 1 for candidate:63101611-ba0d-476d-ab21-ebb904ff5769
2022-12-04 08:40:14,238 [grpc-default-executor-3] INFO  impl.RoleInfo (RoleInfo.java:shutdownFollowerState(110)) - 4dfe2bcf-3e8c-4c55-988b-76052f767a96: shutdown 4dfe2bcf-3e8c-4c55-988b-76052f767a96@group-317D392E37CF-FollowerState
2022-12-04 08:40:14,238 [grpc-default-executor-3] INFO  impl.RoleInfo (RoleInfo.java:updateAndGet(139)) - 4dfe2bcf-3e8c-4c55-988b-76052f767a96: start 4dfe2bcf-3e8c-4c55-988b-76052f767a96@group-317D392E37CF-FollowerState
2022-12-04 08:40:14,238 [4dfe2bcf-3e8c-4c55-988b-76052f767a96@group-317D392E37CF-FollowerState] INFO  impl.FollowerState (FollowerState.java:run(152)) - 4dfe2bcf-3e8c-4c55-988b-76052f767a96@group-317D392E37CF-FollowerState was interrupted
2022-12-04 08:40:14,248 [grpc-default-executor-2] INFO  impl.VoteContext (VoteContext.java:log(49)) - 9f181cac-2687-4d62-98e9-3903a7499e01@group-317D392E37CF-CANDIDATE: accept ELECTION from 63101611-ba0d-476d-ab21-ebb904ff5769: our priority 0 <= candidate's priority 0
2022-12-04 08:40:14,249 [grpc-default-executor-2] INFO  server.RaftServer$Division (RaftServerImpl.java:setRole(321)) - 9f181cac-2687-4d62-98e9-3903a7499e01@group-317D392E37CF: changes role from CANDIDATE to FOLLOWER at term 1 for candidate:63101611-ba0d-476d-ab21-ebb904ff5769
2022-12-04 08:40:14,249 [grpc-default-executor-2] INFO  impl.RoleInfo (RoleInfo.java:shutdownLeaderElection(130)) - 9f181cac-2687-4d62-98e9-3903a7499e01: shutdown 9f181cac-2687-4d62-98e9-3903a7499e01@group-317D392E37CF-LeaderElection7
2022-12-04 08:40:14,250 [grpc-default-executor-3] INFO  server.RaftServer$Division (RaftServerImpl.java:requestVote(1251)) - 4dfe2bcf-3e8c-4c55-988b-76052f767a96@group-317D392E37CF replies to ELECTION vote request: 63101611-ba0d-476d-ab21-ebb904ff5769<-4dfe2bcf-3e8c-4c55-988b-76052f767a96#0:FAIL-t1. Peer's state: 4dfe2bcf-3e8c-4c55-988b-76052f767a96@group-317D392E37CF:t1, leader=null, voted=null, raftlog=Memoized:4dfe2bcf-3e8c-4c55-988b-76052f767a96@group-317D392E37CF-SegmentedRaftLog:OPENED:c-1, conf=-1: peers:[9f181cac-2687-4d62-98e9-3903a7499e01|rpc:10.1.0.195:35415|priority:0|startupRole:FOLLOWER, 63101611-ba0d-476d-ab21-ebb904ff5769|rpc:10.1.0.195:39977|priority:0|startupRole:FOLLOWER, 4dfe2bcf-3e8c-4c55-988b-76052f767a96|rpc:10.1.0.195:44975|priority:1|startupRole:FOLLOWER]|listeners:[], old=null
2022-12-04 08:40:14,251 [grpc-default-executor-2] INFO  impl.RoleInfo (RoleInfo.java:updateAndGet(139)) - 9f181cac-2687-4d62-98e9-3903a7499e01: start 9f181cac-2687-4d62-98e9-3903a7499e01@group-317D392E37CF-FollowerState
2022-12-04 08:40:14,254 [4dfe2bcf-3e8c-4c55-988b-76052f767a96@group-317D392E37CF-FollowerState] INFO  server.RaftServerConfigKeys (ConfUtils.java:logFallback(53)) - raft.server.rpc.first-election.timeout.min = 5s (fallback to raft.server.rpc.timeout.min)
2022-12-04 08:40:14,256 [9f181cac-2687-4d62-98e9-3903a7499e01@group-317D392E37CF-FollowerState] INFO  server.RaftServerConfigKeys (ConfUtils.java:logFallback(53)) - raft.server.rpc.first-election.timeout.min = 5s (fallback to raft.server.rpc.timeout.min)
2022-12-04 08:40:14,256 [4dfe2bcf-3e8c-4c55-988b-76052f767a96@group-317D392E37CF-FollowerState] INFO  server.RaftServerConfigKeys (ConfUtils.java:logFallback(53)) - raft.server.rpc.first-election.timeout.max = 5200ms (fallback to raft.server.rpc.timeout.max)
2022-12-04 08:40:14,256 [9f181cac-2687-4d62-98e9-3903a7499e01@group-317D392E37CF-FollowerState] INFO  server.RaftServerConfigKeys (ConfUtils.java:logFallback(53)) - raft.server.rpc.first-election.timeout.max = 5200ms (fallback to raft.server.rpc.timeout.max)
2022-12-04 08:40:14,255 [63101611-ba0d-476d-ab21-ebb904ff5769@group-317D392E37CF-LeaderElection6] INFO  impl.LeaderElection (LeaderElection.java:logAndReturn(90)) - 63101611-ba0d-476d-ab21-ebb904ff5769@group-317D392E37CF-LeaderElection6: ELECTION REJECTED received 1 response(s) and 0 exception(s):
2022-12-04 08:40:14,254 [grpc-default-executor-2] INFO  server.RaftServer$Division (RaftServerImpl.java:requestVote(1251)) - 9f181cac-2687-4d62-98e9-3903a7499e01@group-317D392E37CF replies to ELECTION vote request: 63101611-ba0d-476d-ab21-ebb904ff5769<-9f181cac-2687-4d62-98e9-3903a7499e01#0:OK-t1. Peer's state: 9f181cac-2687-4d62-98e9-3903a7499e01@group-317D392E37CF:t1, leader=null, voted=63101611-ba0d-476d-ab21-ebb904ff5769, raftlog=Memoized:9f181cac-2687-4d62-98e9-3903a7499e01@group-317D392E37CF-SegmentedRaftLog:OPENED:c-1, conf=-1: peers:[9f181cac-2687-4d62-98e9-3903a7499e01|rpc:10.1.0.195:35415|priority:0|startupRole:FOLLOWER, 63101611-ba0d-476d-ab21-ebb904ff5769|rpc:10.1.0.195:39977|priority:0|startupRole:FOLLOWER, 4dfe2bcf-3e8c-4c55-988b-76052f767a96|rpc:10.1.0.195:44975|priority:1|startupRole:FOLLOWER]|listeners:[], old=null
2022-12-04 08:40:14,256 [63101611-ba0d-476d-ab21-ebb904ff5769@group-317D392E37CF-LeaderElection6] INFO  impl.LeaderElection (LeaderElection.java:logAndReturn(94)) -   Response 0: 63101611-ba0d-476d-ab21-ebb904ff5769<-4dfe2bcf-3e8c-4c55-988b-76052f767a96#0:FAIL-t1
2022-12-04 08:40:14,256 [63101611-ba0d-476d-ab21-ebb904ff5769@group-317D392E37CF-LeaderElection6] INFO  impl.LeaderElection (LeaderElection.java:askForVotes(314)) - 63101611-ba0d-476d-ab21-ebb904ff5769@group-317D392E37CF-LeaderElection6 ELECTION round 0: result REJECTED
2022-12-04 08:40:14,256 [63101611-ba0d-476d-ab21-ebb904ff5769@group-317D392E37CF-LeaderElection6] INFO  server.RaftServer$Division (RaftServerImpl.java:setRole(321)) - 63101611-ba0d-476d-ab21-ebb904ff5769@group-317D392E37CF: changes role from CANDIDATE to FOLLOWER at term 1 for REJECTED
2022-12-04 08:40:14,256 [63101611-ba0d-476d-ab21-ebb904ff5769@group-317D392E37CF-LeaderElection6] INFO  impl.RoleInfo (RoleInfo.java:shutdownLeaderElection(130)) - 63101611-ba0d-476d-ab21-ebb904ff5769: shutdown 63101611-ba0d-476d-ab21-ebb904ff5769@group-317D392E37CF-LeaderElection6
2022-12-04 08:40:14,256 [63101611-ba0d-476d-ab21-ebb904ff5769@group-317D392E37CF-LeaderElection6] INFO  impl.RoleInfo (RoleInfo.java:updateAndGet(139)) - 63101611-ba0d-476d-ab21-ebb904ff5769: start 63101611-ba0d-476d-ab21-ebb904ff5769@group-317D392E37CF-FollowerState
2022-12-04 08:40:14,262 [63101611-ba0d-476d-ab21-ebb904ff5769@group-317D392E37CF-FollowerState] INFO  server.RaftServerConfigKeys (ConfUtils.java:logFallback(53)) - raft.server.rpc.first-election.timeout.min = 5s (fallback to raft.server.rpc.timeout.min)
2022-12-04 08:40:14,265 [63101611-ba0d-476d-ab21-ebb904ff5769@group-317D392E37CF-FollowerState] INFO  server.RaftServerConfigKeys (ConfUtils.java:logFallback(53)) - raft.server.rpc.first-election.timeout.max = 5200ms (fallback to raft.server.rpc.timeout.max)
2022-12-04 08:40:14,491 [Time-limited test] INFO  rpc.RpcClient (RpcClient.java:createVolume(472)) - Creating Volume: wlnpvrjxaz, with user40385 as owner and space quota set to -1 bytes, counts quota set to -1
2022-12-04 08:40:14,542 [OM StateMachine ApplyTransaction Thread - 0] INFO  volume.OMVolumeCreateRequest (OMVolumeCreateRequest.java:validateAndUpdateCache(195)) - created volume:wlnpvrjxaz for user:user40385
2022-12-04 08:40:14,559 [Time-limited test] INFO  rpc.RpcClient (RpcClient.java:createBucket(691)) - Creating Bucket: wlnpvrjxaz/gqzqxighxi, with bucket layout OBJECT_STORE, runner as owner, Versioning false, Storage Type set to DISK and Encryption set to false 
2022-12-04 08:40:14,579 [OM StateMachine ApplyTransaction Thread - 0] INFO  bucket.OMBucketCreateRequest (OMBucketCreateRequest.java:validateAndUpdateCache(260)) - created bucket: gqzqxighxi of layout OBJECT_STORE in volume: wlnpvrjxaz
2022-12-04 08:40:14,594 [Time-limited test] INFO  rpc.RpcClient (RpcClient.java:createBucket(691)) - Creating Bucket: wlnpvrjxaz/4e43df9f-6d89-4369-80a8-82b5d49c9abe, with bucket layout OBJECT_STORE, runner as owner, Versioning false, Storage Type set to DISK and Encryption set to false 
2022-12-04 08:40:14,598 [OM StateMachine ApplyTransaction Thread - 0] INFO  bucket.OMBucketCreateRequest (OMBucketCreateRequest.java:validateAndUpdateCache(260)) - created bucket: 4e43df9f-6d89-4369-80a8-82b5d49c9abe of layout OBJECT_STORE in volume: wlnpvrjxaz
2022-12-04 08:40:14,681 [IPC Server handler 11 on default port 35089] INFO  ha.SequenceIdGenerator (SequenceIdGenerator.java:getNextId(128)) - Allocate a batch for containerId, change lastId from 0 to 1000.
2022-12-04 08:40:14,693 [IPC Server handler 11 on default port 35089] WARN  ha.SequenceIdGenerator (SequenceIdGenerator.java:allocateBatch(237)) - Failed to allocate a batch for localId, expected lastId is 0, actual lastId is 109611004723200000.
2022-12-04 08:40:14,694 [IPC Server handler 11 on default port 35089] INFO  ha.SequenceIdGenerator (SequenceIdGenerator.java:getNextId(128)) - Allocate a batch for localId, change lastId from 109611004723200000 to 109611004723201000.
2022-12-04 08:40:14,747 [Time-limited test] INFO  impl.MetricsSystemImpl (MetricsSystemImpl.java:init(158)) - XceiverClientMetrics metrics system started (again)
2022-12-04 08:40:14,808 [EventQueue-CommandQueueReportForCommandQueueReportHandler] WARN  events.EventQueue (EventQueue.java:fireEvent(216)) - No event handler registered for event TypedEvent{payloadType=DatanodeDetails, name='Datanode_Command_Queue_Updated'}
2022-12-04 08:40:14,934 [EventQueue-CommandQueueReportForCommandQueueReportHandler] WARN  events.EventQueue (EventQueue.java:fireEvent(216)) - No event handler registered for event TypedEvent{payloadType=DatanodeDetails, name='Datanode_Command_Queue_Updated'}
2022-12-04 08:40:15,048 [OM StateMachine ApplyTransaction Thread - 0] INFO  key.OMKeyRequest (OMKeyRequest.java:wrapUncommittedBlocksAsPseudoKey(832)) - Detect allocated but uncommitted blocks [{blockID={containerID=2, localID=109611004723200002}, length=4194304, offset=0, token=null, pipeline=null, createVersion=0, partNumber=0}] in key abc/def/mpu-key1/.
2022-12-04 08:40:15,073 [Time-limited test] INFO  rpc.RpcClient (RpcClient.java:createBucket(691)) - Creating Bucket: wlnpvrjxaz/53b6ab5a-7d43-4221-9293-7a81fb1a816c, with bucket layout LEGACY, runner as owner, Versioning false, Storage Type set to DISK and Encryption set to false 
2022-12-04 08:40:15,074 [EventQueue-CommandQueueReportForCommandQueueReportHandler] WARN  events.EventQueue (EventQueue.java:fireEvent(216)) - No event handler registered for event TypedEvent{payloadType=DatanodeDetails, name='Datanode_Command_Queue_Updated'}
2022-12-04 08:40:15,077 [OM StateMachine ApplyTransaction Thread - 0] INFO  bucket.OMBucketCreateRequest (OMBucketCreateRequest.java:validateAndUpdateCache(260)) - created bucket: 53b6ab5a-7d43-4221-9293-7a81fb1a816c of layout LEGACY in volume: wlnpvrjxaz
2022-12-04 08:40:15,122 [EventQueue-CommandQueueReportForCommandQueueReportHandler] WARN  events.EventQueue (EventQueue.java:fireEvent(216)) - No event handler registered for event TypedEvent{payloadType=DatanodeDetails, name='Datanode_Command_Queue_Updated'}
2022-12-04 08:40:15,163 [OM StateMachine ApplyTransaction Thread - 0] INFO  key.OMKeyRequest (OMKeyRequest.java:wrapUncommittedBlocksAsPseudoKey(832)) - Detect allocated but uncommitted blocks [{blockID={containerID=4, localID=109611004723200004}, length=4194304, offset=0, token=null, pipeline=null, createVersion=0, partNumber=0}] in key abc/def/mpu-key1/newKey-1.
08:40:15.171 [OM StateMachine ApplyTransaction Thread - 0] ERROR OMAudit - user=runner | ip=127.0.0.1 | op=COMPLETE_MULTIPART_UPLOAD {volume=wlnpvrjxaz, bucket=53b6ab5a-7d43-4221-9293-7a81fb1a816c, key=abc/def/mpu-key1, dataSize=0, replicationType=NONE, replicationFactor=ZERO, multipartList=[partNumber: 1 partName: "/wlnpvrjxaz/53b6ab5a-7d43-4221-9293-7a81fb1a816c/abc/def/mpu-key1-56070831-2a0e-4206-8675-cb75a2801307-109454505743482884-1" ]} | ret=FAILURE
org.apache.hadoop.ozone.om.exceptions.OMException: Can not Complete MPU for file: abc/def/mpu-key1 as there is already directory in the given path
	at org.apache.hadoop.ozone.om.request.s3.multipart.S3MultipartUploadCompleteRequest.checkDirectoryAlreadyExists(S3MultipartUploadCompleteRequest.java:327) ~[ozone-manager-1.3.0-SNAPSHOT.jar:?]
	at org.apache.hadoop.ozone.om.request.s3.multipart.S3MultipartUploadCompleteRequest.validateAndUpdateCache(S3MultipartUploadCompleteRequest.java:171) ~[ozone-manager-1.3.0-SNAPSHOT.jar:?]
	at org.apache.hadoop.ozone.protocolPB.OzoneManagerRequestHandler.handleWriteRequest(OzoneManagerRequestHandler.java:311) ~[ozone-manager-1.3.0-SNAPSHOT.jar:?]
	at org.apache.hadoop.ozone.om.ratis.OzoneManagerStateMachine.runCommand(OzoneManagerStateMachine.java:533) ~[ozone-manager-1.3.0-SNAPSHOT.jar:?]
	at org.apache.hadoop.ozone.om.ratis.OzoneManagerStateMachine.lambda$1(OzoneManagerStateMachine.java:324) ~[ozone-manager-1.3.0-SNAPSHOT.jar:?]
	at java.util.concurrent.CompletableFuture$AsyncSupply.run(CompletableFuture.java:1604) [?:1.8.0_352]
	at java.util.concurrent.ThreadPoolExecutor.runWorker(ThreadPoolExecutor.java:1149) [?:1.8.0_352]
	at java.util.concurrent.ThreadPoolExecutor$Worker.run(ThreadPoolExecutor.java:624) [?:1.8.0_352]
	at java.lang.Thread.run(Thread.java:750) [?:1.8.0_352]
2022-12-04 08:40:15,182 [OM StateMachine ApplyTransaction Thread - 0] ERROR multipart.S3MultipartUploadCompleteRequest (S3MultipartUploadCompleteRequest.java:logResult(356)) - MultipartUpload Complete request failed for Key: abc/def/mpu-key1 in Volume/Bucket wlnpvrjxaz/53b6ab5a-7d43-4221-9293-7a81fb1a816c
NOT_A_FILE org.apache.hadoop.ozone.om.exceptions.OMException: Can not Complete MPU for file: abc/def/mpu-key1 as there is already directory in the given path
	at org.apache.hadoop.ozone.om.request.s3.multipart.S3MultipartUploadCompleteRequest.checkDirectoryAlreadyExists(S3MultipartUploadCompleteRequest.java:327)
	at org.apache.hadoop.ozone.om.request.s3.multipart.S3MultipartUploadCompleteRequest.validateAndUpdateCache(S3MultipartUploadCompleteRequest.java:171)
	at org.apache.hadoop.ozone.protocolPB.OzoneManagerRequestHandler.handleWriteRequest(OzoneManagerRequestHandler.java:311)
	at org.apache.hadoop.ozone.om.ratis.OzoneManagerStateMachine.runCommand(OzoneManagerStateMachine.java:533)
	at org.apache.hadoop.ozone.om.ratis.OzoneManagerStateMachine.lambda$1(OzoneManagerStateMachine.java:324)
	at java.util.concurrent.CompletableFuture$AsyncSupply.run(CompletableFuture.java:1604)
	at java.util.concurrent.ThreadPoolExecutor.runWorker(ThreadPoolExecutor.java:1149)
	at java.util.concurrent.ThreadPoolExecutor$Worker.run(ThreadPoolExecutor.java:624)
	at java.lang.Thread.run(Thread.java:750)
]]></system-out>
  </testcase>
  <testcase name="testFlatKeyStructureWithOBS" classname="org.apache.hadoop.ozone.om.TestObjectStoreWithLegacyFS" time="0.067">
    <failure type="java.lang.AssertionError"><![CDATA[java.lang.AssertionError
	at org.junit.Assert.fail(Assert.java:87)
	at org.junit.Assert.assertTrue(Assert.java:42)
	at org.junit.Assert.assertTrue(Assert.java:53)
	at org.apache.hadoop.ozone.om.TestObjectStoreWithLegacyFS.assertKeyCount(TestObjectStoreWithLegacyFS.java:160)
	at org.apache.hadoop.ozone.om.TestObjectStoreWithLegacyFS.lambda$testFlatKeyStructureWithOBS$1(TestObjectStoreWithLegacyFS.java:141)
	at org.apache.ozone.test.GenericTestUtils.waitFor(GenericTestUtils.java:217)
	at org.apache.hadoop.ozone.om.TestObjectStoreWithLegacyFS.testFlatKeyStructureWithOBS(TestObjectStoreWithLegacyFS.java:141)
	at sun.reflect.NativeMethodAccessorImpl.invoke0(Native Method)
	at sun.reflect.NativeMethodAccessorImpl.invoke(NativeMethodAccessorImpl.java:62)
	at sun.reflect.DelegatingMethodAccessorImpl.invoke(DelegatingMethodAccessorImpl.java:43)
	at java.lang.reflect.Method.invoke(Method.java:498)
	at org.junit.runners.model.FrameworkMethod$1.runReflectiveCall(FrameworkMethod.java:59)
	at org.junit.internal.runners.model.ReflectiveCallable.run(ReflectiveCallable.java:12)
	at org.junit.runners.model.FrameworkMethod.invokeExplosively(FrameworkMethod.java:56)
	at org.junit.internal.runners.statements.InvokeMethod.evaluate(InvokeMethod.java:17)
	at org.junit.internal.runners.statements.RunBefores.evaluate(RunBefores.java:26)
	at org.junit.internal.runners.statements.FailOnTimeout$CallableStatement.call(FailOnTimeout.java:288)
	at org.junit.internal.runners.statements.FailOnTimeout$CallableStatement.call(FailOnTimeout.java:282)
	at java.util.concurrent.FutureTask.run(FutureTask.java:266)
	at java.lang.Thread.run(Thread.java:750)
]]></failure>
    <system-out><![CDATA[2022-12-04 08:40:15,191 [EventQueue-CommandQueueReportForCommandQueueReportHandler] WARN  events.EventQueue (EventQueue.java:fireEvent(216)) - No event handler registered for event TypedEvent{payloadType=DatanodeDetails, name='Datanode_Command_Queue_Updated'}
2022-12-04 08:40:15,209 [Time-limited test] INFO  rpc.RpcClient (RpcClient.java:createVolume(472)) - Creating Volume: xzrenvxkdw, with user38237 as owner and space quota set to -1 bytes, counts quota set to -1
2022-12-04 08:40:15,213 [OM StateMachine ApplyTransaction Thread - 0] INFO  volume.OMVolumeCreateRequest (OMVolumeCreateRequest.java:validateAndUpdateCache(195)) - created volume:xzrenvxkdw for user:user38237
2022-12-04 08:40:15,217 [Time-limited test] INFO  rpc.RpcClient (RpcClient.java:createBucket(691)) - Creating Bucket: xzrenvxkdw/jaeotfskjv, with bucket layout OBJECT_STORE, runner as owner, Versioning false, Storage Type set to DISK and Encryption set to false 
2022-12-04 08:40:15,221 [OM StateMachine ApplyTransaction Thread - 0] INFO  bucket.OMBucketCreateRequest (OMBucketCreateRequest.java:validateAndUpdateCache(260)) - created bucket: jaeotfskjv of layout OBJECT_STORE in volume: xzrenvxkdw
2022-12-04 08:40:15,242 [OM StateMachine ApplyTransaction Thread - 0] INFO  key.OMKeyRequest (OMKeyRequest.java:wrapUncommittedBlocksAsPseudoKey(832)) - Detect allocated but uncommitted blocks [{blockID={containerID=2, localID=109611004723200005}, length=4194304, offset=0, token=null, pipeline=null, createVersion=0, partNumber=0}] in key dir1/dir2/dir3/key-1.
]]></system-out>
  </testcase>
</testsuite>