<?xml version="1.0" encoding="UTF-8"?>
<testsuite xmlns:xsi="http://www.w3.org/2001/XMLSchema-instance" xsi:noNamespaceSchemaLocation="https://maven.apache.org/surefire/maven-surefire-plugin/xsd/surefire-test-report-3.0.xsd" version="3.0" name="org.apache.hadoop.ozone.client.rpc.TestBlockOutputStreamWithFailures" time="615.245" tests="12" errors="0" skipped="0" failures="1">
  <properties>
    <property name="java.specification.version" value="17"/>
    <property name="sun.jnu.encoding" value="UTF-8"/>
    <property name="java.class.path" value="/home/runner/work/ozone/ozone/hadoop-ozone/integration-test/target/test-classes:/home/runner/work/ozone/ozone/hadoop-ozone/integration-test/target/classes:/home/runner/work/ozone/ozone/hadoop-ozone/common/target/ozone-common-1.5.0-SNAPSHOT.jar:/home/runner/.m2/repository/io/grpc/grpc-netty/1.58.0/grpc-netty-1.58.0.jar:/home/runner/.m2/repository/io/grpc/grpc-core/1.58.0/grpc-core-1.58.0.jar:/home/runner/.m2/repository/com/google/android/annotations/4.1.1.4/annotations-4.1.1.4.jar:/home/runner/.m2/repository/org/codehaus/mojo/animal-sniffer-annotations/1.23/animal-sniffer-annotations-1.23.jar:/home/runner/.m2/repository/io/grpc/grpc-context/1.58.0/grpc-context-1.58.0.jar:/home/runner/.m2/repository/io/grpc/grpc-util/1.58.0/grpc-util-1.58.0.jar:/home/runner/.m2/repository/com/google/errorprone/error_prone_annotations/2.28.0/error_prone_annotations-2.28.0.jar:/home/runner/.m2/repository/io/perfmark/perfmark-api/0.26.0/perfmark-api-0.26.0.jar:/home/runner/.m2/repository/io/netty/netty-codec-http2/4.1.109.Final/netty-codec-http2-4.1.109.Final.jar:/home/runner/.m2/repository/io/netty/netty-common/4.1.109.Final/netty-common-4.1.109.Final.jar:/home/runner/.m2/repository/io/netty/netty-buffer/4.1.109.Final/netty-buffer-4.1.109.Final.jar:/home/runner/.m2/repository/io/netty/netty-codec-http/4.1.109.Final/netty-codec-http-4.1.109.Final.jar:/home/runner/.m2/repository/io/netty/netty-handler-proxy/4.1.109.Final/netty-handler-proxy-4.1.109.Final.jar:/home/runner/.m2/repository/io/netty/netty-codec-socks/4.1.109.Final/netty-codec-socks-4.1.109.Final.jar:/home/runner/.m2/repository/io/netty/netty-tcnative-boringssl-static/2.0.65.Final/netty-tcnative-boringssl-static-2.0.65.Final.jar:/home/runner/.m2/repository/io/netty/netty-tcnative-classes/2.0.65.Final/netty-tcnative-classes-2.0.65.Final.jar:/home/runner/.m2/repository/io/netty/netty-tcnative-boringssl-static/2.0.65.Final/netty-tcnative-boringssl-static-2.0.65.Final-linux-x86_64.jar:/home/runner/.m2/repository/io/netty/netty-tcnative-boringssl-static/2.0.65.Final/netty-tcnative-boringssl-static-2.0.65.Final-linux-aarch_64.jar:/home/runner/.m2/repository/io/netty/netty-tcnative-boringssl-static/2.0.65.Final/netty-tcnative-boringssl-static-2.0.65.Final-osx-x86_64.jar:/home/runner/.m2/repository/io/netty/netty-tcnative-boringssl-static/2.0.65.Final/netty-tcnative-boringssl-static-2.0.65.Final-osx-aarch_64.jar:/home/runner/.m2/repository/io/netty/netty-tcnative-boringssl-static/2.0.65.Final/netty-tcnative-boringssl-static-2.0.65.Final-windows-x86_64.jar:/home/runner/.m2/repository/org/apache/commons/commons-compress/1.26.2/commons-compress-1.26.2.jar:/home/runner/work/ozone/ozone/hadoop-hdds/common/target/hdds-common-1.5.0-SNAPSHOT.jar:/home/runner/work/ozone/ozone/hadoop-hdds/client/target/hdds-client-1.5.0-SNAPSHOT.jar:/home/runner/work/ozone/ozone/hadoop-ozone/interface-client/target/ozone-interface-client-1.5.0-SNAPSHOT.jar:/home/runner/.m2/repository/org/apache/hadoop/hadoop-hdfs-client/3.3.6/hadoop-hdfs-client-3.3.6.jar:/home/runner/.m2/repository/com/squareup/okhttp3/okhttp/4.12.0/okhttp-4.12.0.jar:/home/runner/.m2/repository/com/squareup/okio/okio/3.6.0/okio-3.6.0.jar:/home/runner/.m2/repository/com/squareup/okio/okio-jvm/3.6.0/okio-jvm-3.6.0.jar:/home/runner/.m2/repository/org/jetbrains/kotlin/kotlin-stdlib-jdk8/1.9.25/kotlin-stdlib-jdk8-1.9.25.jar:/home/runner/.m2/repository/org/jetbrains/kotlin/kotlin-stdlib-jdk7/1.9.25/kotlin-stdlib-jdk7-1.9.25.jar:/home/runner/.m2/repository/org/jetbrains/kotlin/kotlin-stdlib-common/1.9.25/kotlin-stdlib-common-1.9.25.jar:/home/runner/.m2/repository/com/github/stephenc/jcip/jcip-annotations/1.0-1/jcip-annotations-1.0-1.jar:/home/runner/work/ozone/ozone/hadoop-hdds/test-utils/target/hdds-test-utils-1.5.0-SNAPSHOT.jar:/home/runner/.m2/repository/org/assertj/assertj-core/3.26.3/assertj-core-3.26.3.jar:/home/runner/.m2/repository/net/bytebuddy/byte-buddy/1.14.18/byte-buddy-1.14.18.jar:/home/runner/.m2/repository/com/google/guava/guava/32.1.3-jre/guava-32.1.3-jre.jar:/home/runner/.m2/repository/com/google/guava/failureaccess/1.0.1/failureaccess-1.0.1.jar:/home/runner/.m2/repository/com/google/guava/listenablefuture/9999.0-empty-to-avoid-conflict-with-guava/listenablefuture-9999.0-empty-to-avoid-conflict-with-guava.jar:/home/runner/.m2/repository/org/checkerframework/checker-qual/3.37.0/checker-qual-3.37.0.jar:/home/runner/.m2/repository/com/google/j2objc/j2objc-annotations/2.8/j2objc-annotations-2.8.jar:/home/runner/.m2/repository/commons-io/commons-io/2.16.1/commons-io-2.16.1.jar:/home/runner/.m2/repository/commons-logging/commons-logging/1.2/commons-logging-1.2.jar:/home/runner/.m2/repository/org/junit/jupiter/junit-jupiter-api/5.10.3/junit-jupiter-api-5.10.3.jar:/home/runner/.m2/repository/org/opentest4j/opentest4j/1.3.0/opentest4j-1.3.0.jar:/home/runner/.m2/repository/org/junit/platform/junit-platform-commons/1.10.3/junit-platform-commons-1.10.3.jar:/home/runner/.m2/repository/ch/qos/reload4j/reload4j/1.2.25/reload4j-1.2.25.jar:/home/runner/.m2/repository/jakarta/annotation/jakarta.annotation-api/2.1.1/jakarta.annotation-api-2.1.1.jar:/home/runner/.m2/repository/org/slf4j/slf4j-api/2.0.13/slf4j-api-2.0.13.jar:/home/runner/.m2/repository/org/apache/logging/log4j/log4j-api/2.23.1/log4j-api-2.23.1.jar:/home/runner/work/ozone/ozone/hadoop-hdds/server-scm/target/hdds-server-scm-1.5.0-SNAPSHOT.jar:/home/runner/.m2/repository/com/google/protobuf/protobuf-java/2.5.0/protobuf-java-2.5.0.jar:/home/runner/work/ozone/ozone/hadoop-hdds/container-service/target/hdds-container-service-1.5.0-SNAPSHOT.jar:/home/runner/work/ozone/ozone/hadoop-hdds/hadoop-dependency-server/target/hdds-hadoop-dependency-server-1.5.0-SNAPSHOT.jar:/home/runner/.m2/repository/com/nimbusds/nimbus-jose-jwt/9.40/nimbus-jose-jwt-9.40.jar:/home/runner/.m2/repository/org/apache/hadoop/hadoop-hdfs/3.3.6/hadoop-hdfs-3.3.6.jar:/home/runner/.m2/repository/commons-daemon/commons-daemon/1.4.0/commons-daemon-1.4.0.jar:/home/runner/.m2/repository/org/apache/kerby/kerb-core/1.0.1/kerb-core-1.0.1.jar:/home/runner/.m2/repository/org/apache/kerby/kerby-pkix/1.0.1/kerby-pkix-1.0.1.jar:/home/runner/.m2/repository/org/apache/kerby/kerby-asn1/1.0.1/kerby-asn1-1.0.1.jar:/home/runner/.m2/repository/org/apache/kerby/kerby-util/1.0.1/kerby-util-1.0.1.jar:/home/runner/.m2/repository/org/apache/kerby/kerb-util/1.0.1/kerb-util-1.0.1.jar:/home/runner/.m2/repository/org/apache/kerby/kerby-config/1.0.1/kerby-config-1.0.1.jar:/home/runner/.m2/repository/org/apache/kerby/kerb-crypto/1.0.1/kerb-crypto-1.0.1.jar:/home/runner/.m2/repository/org/xerial/snappy/snappy-java/1.1.10.5/snappy-java-1.1.10.5.jar:/home/runner/work/ozone/ozone/hadoop-hdds/framework/target/hdds-server-framework-1.5.0-SNAPSHOT.jar:/home/runner/.m2/repository/org/bouncycastle/bcprov-jdk18on/1.78.1/bcprov-jdk18on-1.78.1.jar:/home/runner/.m2/repository/io/dropwizard/metrics/metrics-core/3.2.6/metrics-core-3.2.6.jar:/home/runner/.m2/repository/org/apache/commons/commons-text/1.12.0/commons-text-1.12.0.jar:/home/runner/work/ozone/ozone/hadoop-hdds/framework/target/hdds-server-framework-1.5.0-SNAPSHOT-tests.jar:/home/runner/work/ozone/ozone/hadoop-hdds/interface-server/target/hdds-interface-server-1.5.0-SNAPSHOT.jar:/home/runner/work/ozone/ozone/hadoop-hdds/interface-admin/target/hdds-interface-admin-1.5.0-SNAPSHOT.jar:/home/runner/work/ozone/ozone/hadoop-hdds/managed-rocksdb/target/hdds-managed-rocksdb-1.5.0-SNAPSHOT.jar:/home/runner/.m2/repository/org/rocksdb/rocksdbjni/7.7.3/rocksdbjni-7.7.3.jar:/home/runner/.m2/repository/org/slf4j/slf4j-reload4j/2.0.13/slf4j-reload4j-2.0.13.jar:/home/runner/.m2/repository/org/apache/commons/commons-configuration2/2.10.1/commons-configuration2-2.10.1.jar:/home/runner/.m2/repository/commons-fileupload/commons-fileupload/1.5/commons-fileupload-1.5.jar:/home/runner/.m2/repository/org/apache/logging/log4j/log4j-core/2.23.1/log4j-core-2.23.1.jar:/home/runner/.m2/repository/com/lmax/disruptor/3.4.4/disruptor-3.4.4.jar:/home/runner/.m2/repository/org/eclipse/jetty/jetty-util/9.4.55.v20240627/jetty-util-9.4.55.v20240627.jar:/home/runner/.m2/repository/org/eclipse/jetty/jetty-server/9.4.55.v20240627/jetty-server-9.4.55.v20240627.jar:/home/runner/.m2/repository/org/eclipse/jetty/jetty-http/9.4.55.v20240627/jetty-http-9.4.55.v20240627.jar:/home/runner/.m2/repository/org/eclipse/jetty/jetty-io/9.4.55.v20240627/jetty-io-9.4.55.v20240627.jar:/home/runner/.m2/repository/org/eclipse/jetty/jetty-servlet/9.4.55.v20240627/jetty-servlet-9.4.55.v20240627.jar:/home/runner/.m2/repository/org/eclipse/jetty/jetty-security/9.4.55.v20240627/jetty-security-9.4.55.v20240627.jar:/home/runner/.m2/repository/org/eclipse/jetty/jetty-util-ajax/9.4.55.v20240627/jetty-util-ajax-9.4.55.v20240627.jar:/home/runner/.m2/repository/org/eclipse/jetty/jetty-webapp/9.4.55.v20240627/jetty-webapp-9.4.55.v20240627.jar:/home/runner/.m2/repository/org/eclipse/jetty/jetty-xml/9.4.55.v20240627/jetty-xml-9.4.55.v20240627.jar:/home/runner/.m2/repository/org/glassfish/jersey/containers/jersey-container-servlet-core/2.43/jersey-container-servlet-core-2.43.jar:/home/runner/.m2/repository/org/glassfish/hk2/external/jakarta.inject/2.6.1/jakarta.inject-2.6.1.jar:/home/runner/.m2/repository/org/glassfish/jersey/core/jersey-common/2.43/jersey-common-2.43.jar:/home/runner/.m2/repository/jakarta/ws/rs/jakarta.ws.rs-api/2.1.6/jakarta.ws.rs-api-2.1.6.jar:/home/runner/.m2/repository/org/apache/ratis/ratis-server/3.1.0/ratis-server-3.1.0.jar:/home/runner/.m2/repository/org/apache/ratis/ratis-thirdparty-misc/1.0.6/ratis-thirdparty-misc-1.0.6.jar:/home/runner/.m2/repository/org/apache/ratis/ratis-proto/3.1.0/ratis-proto-3.1.0.jar:/home/runner/.m2/repository/org/apache/ratis/ratis-common/3.1.0/ratis-common-3.1.0.jar:/home/runner/.m2/repository/org/apache/ratis/ratis-client/3.1.0/ratis-client-3.1.0.jar:/home/runner/.m2/repository/org/apache/ratis/ratis-metrics-api/3.1.0/ratis-metrics-api-3.1.0.jar:/home/runner/.m2/repository/org/apache/ratis/ratis-metrics-dropwizard3/3.1.0/ratis-metrics-dropwizard3-3.1.0.jar:/home/runner/.m2/repository/io/prometheus/simpleclient_dropwizard/0.16.0/simpleclient_dropwizard-0.16.0.jar:/home/runner/.m2/repository/io/prometheus/simpleclient/0.16.0/simpleclient-0.16.0.jar:/home/runner/.m2/repository/io/prometheus/simpleclient_common/0.16.0/simpleclient_common-0.16.0.jar:/home/runner/.m2/repository/com/fasterxml/jackson/datatype/jackson-datatype-jsr310/2.16.2/jackson-datatype-jsr310-2.16.2.jar:/home/runner/.m2/repository/com/fasterxml/jackson/core/jackson-core/2.16.2/jackson-core-2.16.2.jar:/home/runner/.m2/repository/com/github/jnr/jnr-posix/3.1.19/jnr-posix-3.1.19.jar:/home/runner/.m2/repository/com/github/jnr/jnr-ffi/2.2.16/jnr-ffi-2.2.16.jar:/home/runner/.m2/repository/com/github/jnr/jffi/1.3.13/jffi-1.3.13.jar:/home/runner/.m2/repository/com/github/jnr/jffi/1.3.13/jffi-1.3.13-native.jar:/home/runner/.m2/repository/org/ow2/asm/asm/9.2/asm-9.2.jar:/home/runner/.m2/repository/org/ow2/asm/asm-commons/9.2/asm-commons-9.2.jar:/home/runner/.m2/repository/org/ow2/asm/asm-analysis/9.2/asm-analysis-9.2.jar:/home/runner/.m2/repository/org/ow2/asm/asm-tree/9.2/asm-tree-9.2.jar:/home/runner/.m2/repository/org/ow2/asm/asm-util/9.2/asm-util-9.2.jar:/home/runner/.m2/repository/com/github/jnr/jnr-a64asm/1.0.0/jnr-a64asm-1.0.0.jar:/home/runner/.m2/repository/com/github/jnr/jnr-x86asm/1.0.2/jnr-x86asm-1.0.2.jar:/home/runner/.m2/repository/com/github/jnr/jnr-constants/0.10.4/jnr-constants-0.10.4.jar:/home/runner/work/ozone/ozone/hadoop-hdds/rocksdb-checkpoint-differ/target/rocksdb-checkpoint-differ-1.5.0-SNAPSHOT.jar:/home/runner/.m2/repository/org/jgrapht/jgrapht-core/1.4.0/jgrapht-core-1.4.0.jar:/home/runner/.m2/repository/org/jheaps/jheaps/0.11/jheaps-0.11.jar:/home/runner/.m2/repository/org/jgrapht/jgrapht-ext/1.4.0/jgrapht-ext-1.4.0.jar:/home/runner/.m2/repository/com/github/vlsi/mxgraph/jgraphx/3.9.8.1/jgraphx-3.9.8.1.jar:/home/runner/work/ozone/ozone/hadoop-ozone/ozone-manager/target/ozone-manager-1.5.0-SNAPSHOT.jar:/home/runner/.m2/repository/org/aspectj/aspectjrt/1.9.7/aspectjrt-1.9.7.jar:/home/runner/.m2/repository/org/aspectj/aspectjweaver/1.9.7/aspectjweaver-1.9.7.jar:/home/runner/work/ozone/ozone/hadoop-hdds/interface-client/target/hdds-interface-client-1.5.0-SNAPSHOT.jar:/home/runner/.m2/repository/org/apache/hadoop/thirdparty/hadoop-shaded-protobuf_3_7/1.1.1/hadoop-shaded-protobuf_3_7-1.1.1.jar:/home/runner/work/ozone/ozone/hadoop-ozone/interface-storage/target/ozone-interface-storage-1.5.0-SNAPSHOT.jar:/home/runner/.m2/repository/org/reflections/reflections/0.10.2/reflections-0.10.2.jar:/home/runner/.m2/repository/com/sun/jersey/jersey-client/1.19.4/jersey-client-1.19.4.jar:/home/runner/.m2/repository/org/codehaus/jackson/jackson-core-asl/1.9.13/jackson-core-asl-1.9.13.jar:/home/runner/.m2/repository/org/codehaus/jackson/jackson-mapper-asl/1.9.13/jackson-mapper-asl-1.9.13.jar:/home/runner/.m2/repository/org/codehaus/jackson/jackson-jaxrs/1.9.13/jackson-jaxrs-1.9.13.jar:/home/runner/.m2/repository/org/apache/ranger/ranger-intg/2.3.0/ranger-intg-2.3.0.jar:/home/runner/.m2/repository/org/apache/ranger/ranger-plugins-common/2.3.0/ranger-plugins-common-2.3.0.jar:/home/runner/.m2/repository/commons-lang/commons-lang/2.6/commons-lang-2.6.jar:/home/runner/.m2/repository/org/apache/ranger/ranger-plugins-cred/2.3.0/ranger-plugins-cred-2.3.0.jar:/home/runner/.m2/repository/org/apache/ranger/ranger-plugins-audit/2.3.0/ranger-plugins-audit-2.3.0.jar:/home/runner/.m2/repository/org/eclipse/jetty/jetty-client/9.4.55.v20240627/jetty-client-9.4.55.v20240627.jar:/home/runner/.m2/repository/org/apache/httpcomponents/httpmime/4.5.6/httpmime-4.5.6.jar:/home/runner/.m2/repository/org/apache/httpcomponents/httpcore-nio/4.4.16/httpcore-nio-4.4.16.jar:/home/runner/.m2/repository/org/apache/httpcomponents/httpasyncclient/4.1.3/httpasyncclient-4.1.3.jar:/home/runner/.m2/repository/com/carrotsearch/hppc/0.8.0/hppc-0.8.0.jar:/home/runner/.m2/repository/org/apache/orc/orc-core/1.5.8/orc-core-1.5.8.jar:/home/runner/.m2/repository/net/java/dev/jna/jna/5.2.0/jna-5.2.0.jar:/home/runner/.m2/repository/net/java/dev/jna/jna-platform/5.2.0/jna-platform-5.2.0.jar:/home/runner/.m2/repository/com/kstruct/gethostname4j/0.0.2/gethostname4j-0.0.2.jar:/home/runner/.m2/repository/org/apache/ranger/ranger-plugin-classloader/2.3.0/ranger-plugin-classloader-2.3.0.jar:/home/runner/work/ozone/ozone/hadoop-hdds/rocks-native/target/hdds-rocks-native-1.5.0-SNAPSHOT.jar:/home/runner/.m2/repository/org/apache/hadoop/hadoop-minikdc/3.3.6/hadoop-minikdc-3.3.6.jar:/home/runner/.m2/repository/org/apache/kerby/kerb-simplekdc/1.0.1/kerb-simplekdc-1.0.1.jar:/home/runner/.m2/repository/org/apache/kerby/kerb-client/1.0.1/kerb-client-1.0.1.jar:/home/runner/.m2/repository/org/apache/kerby/kerb-common/1.0.1/kerb-common-1.0.1.jar:/home/runner/.m2/repository/org/apache/kerby/token-provider/1.0.1/token-provider-1.0.1.jar:/home/runner/.m2/repository/org/apache/kerby/kerb-admin/1.0.1/kerb-admin-1.0.1.jar:/home/runner/.m2/repository/org/apache/kerby/kerb-server/1.0.1/kerb-server-1.0.1.jar:/home/runner/.m2/repository/org/apache/kerby/kerb-identity/1.0.1/kerb-identity-1.0.1.jar:/home/runner/.m2/repository/org/apache/kerby/kerby-xdr/1.0.1/kerby-xdr-1.0.1.jar:/home/runner/.m2/repository/junit/junit/4.13.2/junit-4.13.2.jar:/home/runner/.m2/repository/org/hamcrest/hamcrest-core/1.3/hamcrest-core-1.3.jar:/home/runner/work/ozone/ozone/hadoop-ozone/s3gateway/target/ozone-s3gateway-1.5.0-SNAPSHOT.jar:/home/runner/.m2/repository/org/javassist/javassist/3.30.2-GA/javassist-3.30.2-GA.jar:/home/runner/.m2/repository/org/jboss/weld/servlet/weld-servlet-shaded/3.1.9.Final/weld-servlet-shaded-3.1.9.Final.jar:/home/runner/.m2/repository/org/glassfish/jersey/ext/cdi/jersey-cdi1x/2.43/jersey-cdi1x-2.43.jar:/home/runner/.m2/repository/org/glassfish/jersey/inject/jersey-hk2/2.43/jersey-hk2-2.43.jar:/home/runner/.m2/repository/org/glassfish/hk2/hk2-locator/2.6.1/hk2-locator-2.6.1.jar:/home/runner/.m2/repository/org/glassfish/jersey/media/jersey-media-jaxb/2.43/jersey-media-jaxb-2.43.jar:/home/runner/.m2/repository/org/glassfish/hk2/osgi-resource-locator/1.0.3/osgi-resource-locator-1.0.3.jar:/home/runner/.m2/repository/org/glassfish/hk2/hk2-api/2.6.1/hk2-api-2.6.1.jar:/home/runner/.m2/repository/org/glassfish/hk2/hk2-utils/2.6.1/hk2-utils-2.6.1.jar:/home/runner/.m2/repository/org/glassfish/hk2/external/aopalliance-repackaged/2.6.1/aopalliance-repackaged-2.6.1.jar:/home/runner/.m2/repository/com/fasterxml/jackson/dataformat/jackson-dataformat-xml/2.16.2/jackson-dataformat-xml-2.16.2.jar:/home/runner/.m2/repository/org/codehaus/woodstox/stax2-api/4.2.2/stax2-api-4.2.2.jar:/home/runner/.m2/repository/com/fasterxml/woodstox/woodstox-core/5.4.0/woodstox-core-5.4.0.jar:/home/runner/.m2/repository/com/fasterxml/jackson/module/jackson-module-jaxb-annotations/2.16.2/jackson-module-jaxb-annotations-2.16.2.jar:/home/runner/.m2/repository/javax/enterprise/cdi-api/2.0/cdi-api-2.0.jar:/home/runner/.m2/repository/javax/el/javax.el-api/3.0.0/javax.el-api-3.0.0.jar:/home/runner/.m2/repository/javax/interceptor/javax.interceptor-api/1.2/javax.interceptor-api-1.2.jar:/home/runner/.m2/repository/javax/inject/javax.inject/1/javax.inject-1.jar:/home/runner/.m2/repository/jakarta/xml/bind/jakarta.xml.bind-api/2.3.3/jakarta.xml.bind-api-2.3.3.jar:/home/runner/.m2/repository/org/glassfish/jaxb/jaxb-runtime/2.3.9/jaxb-runtime-2.3.9.jar:/home/runner/.m2/repository/org/glassfish/jaxb/txw2/2.3.9/txw2-2.3.9.jar:/home/runner/.m2/repository/com/sun/istack/istack-commons-runtime/3.0.12/istack-commons-runtime-3.0.12.jar:/home/runner/.m2/repository/com/sun/activation/jakarta.activation/1.2.2/jakarta.activation-1.2.2.jar:/home/runner/.m2/repository/jakarta/activation/jakarta.activation-api/1.2.2/jakarta.activation-api-1.2.2.jar:/home/runner/.m2/repository/io/grpc/grpc-protobuf/1.58.0/grpc-protobuf-1.58.0.jar:/home/runner/.m2/repository/com/google/api/grpc/proto-google-common-protos/2.22.0/proto-google-common-protos-2.22.0.jar:/home/runner/.m2/repository/io/grpc/grpc-protobuf-lite/1.58.0/grpc-protobuf-lite-1.58.0.jar:/home/runner/.m2/repository/io/grpc/grpc-stub/1.58.0/grpc-stub-1.58.0.jar:/home/runner/.m2/repository/io/netty/netty-transport/4.1.109.Final/netty-transport-4.1.109.Final.jar:/home/runner/.m2/repository/io/netty/netty-resolver/4.1.109.Final/netty-resolver-4.1.109.Final.jar:/home/runner/work/ozone/ozone/hadoop-ozone/csi/target/ozone-csi-1.5.0-SNAPSHOT.jar:/home/runner/.m2/repository/com/google/protobuf/protobuf-java-util/3.19.6/protobuf-java-util-3.19.6.jar:/home/runner/.m2/repository/com/google/code/gson/gson/2.10.1/gson-2.10.1.jar:/home/runner/work/ozone/ozone/hadoop-hdds/config/target/hdds-config-1.5.0-SNAPSHOT.jar:/home/runner/.m2/repository/io/netty/netty-transport-native-epoll/4.1.109.Final/netty-transport-native-epoll-4.1.109.Final-linux-x86_64.jar:/home/runner/.m2/repository/io/netty/netty-transport-classes-epoll/4.1.109.Final/netty-transport-classes-epoll-4.1.109.Final.jar:/home/runner/.m2/repository/io/netty/netty-transport-native-unix-common/4.1.109.Final/netty-transport-native-unix-common-4.1.109.Final.jar:/home/runner/work/ozone/ozone/hadoop-ozone/recon/target/ozone-recon-1.5.0-SNAPSHOT.jar:/home/runner/work/ozone/ozone/hadoop-ozone/recon-codegen/target/ozone-reconcodegen-1.5.0-SNAPSHOT.jar:/home/runner/.m2/repository/com/google/inject/guice/6.0.0/guice-6.0.0.jar:/home/runner/.m2/repository/jakarta/inject/jakarta.inject-api/2.0.1/jakarta.inject-api-2.0.1.jar:/home/runner/.m2/repository/aopalliance/aopalliance/1.0/aopalliance-1.0.jar:/home/runner/.m2/repository/com/google/inject/extensions/guice-assistedinject/6.0.0/guice-assistedinject-6.0.0.jar:/home/runner/.m2/repository/com/google/inject/extensions/guice-servlet/6.0.0/guice-servlet-6.0.0.jar:/home/runner/.m2/repository/org/glassfish/jersey/containers/jersey-container-servlet/2.43/jersey-container-servlet-2.43.jar:/home/runner/.m2/repository/org/glassfish/hk2/guice-bridge/2.6.1/guice-bridge-2.6.1.jar:/home/runner/.m2/repository/org/glassfish/jersey/core/jersey-server/2.43/jersey-server-2.43.jar:/home/runner/.m2/repository/org/glassfish/jersey/core/jersey-client/2.43/jersey-client-2.43.jar:/home/runner/.m2/repository/jakarta/validation/jakarta.validation-api/2.0.2/jakarta.validation-api-2.0.2.jar:/home/runner/.m2/repository/org/glassfish/jersey/media/jersey-media-json-jackson/2.43/jersey-media-json-jackson-2.43.jar:/home/runner/.m2/repository/org/glassfish/jersey/ext/jersey-entity-filtering/2.43/jersey-entity-filtering-2.43.jar:/home/runner/.m2/repository/org/jooq/jooq/3.11.10/jooq-3.11.10.jar:/home/runner/.m2/repository/org/jooq/jooq-meta/3.11.10/jooq-meta-3.11.10.jar:/home/runner/.m2/repository/org/jooq/jooq-codegen/3.11.10/jooq-codegen-3.11.10.jar:/home/runner/.m2/repository/com/jolbox/bonecp/0.8.0.RELEASE/bonecp-0.8.0.RELEASE.jar:/home/runner/.m2/repository/org/apache/derby/derby/10.14.2.0/derby-10.14.2.0.jar:/home/runner/.m2/repository/org/xerial/sqlite-jdbc/3.46.0.0/sqlite-jdbc-3.46.0.0.jar:/home/runner/.m2/repository/org/springframework/spring-jdbc/5.3.37/spring-jdbc-5.3.37.jar:/home/runner/.m2/repository/org/springframework/spring-beans/5.3.37/spring-beans-5.3.37.jar:/home/runner/.m2/repository/org/springframework/spring-core/5.3.37/spring-core-5.3.37.jar:/home/runner/.m2/repository/org/springframework/spring-tx/5.3.37/spring-tx-5.3.37.jar:/home/runner/work/ozone/ozone/hadoop-ozone/client/target/ozone-client-1.5.0-SNAPSHOT.jar:/home/runner/work/ozone/ozone/hadoop-hdds/erasurecode/target/hdds-erasurecode-1.5.0-SNAPSHOT.jar:/home/runner/work/ozone/ozone/hadoop-ozone/ozonefs/target/ozone-filesystem-1.5.0-SNAPSHOT.jar:/home/runner/work/ozone/ozone/hadoop-ozone/ozonefs-common/target/ozone-filesystem-common-1.5.0-SNAPSHOT.jar:/home/runner/work/ozone/ozone/hadoop-ozone/tools/target/ozone-tools-1.5.0-SNAPSHOT.jar:/home/runner/.m2/repository/com/amazonaws/aws-java-sdk-core/1.12.661/aws-java-sdk-core-1.12.661.jar:/home/runner/.m2/repository/org/apache/httpcomponents/httpclient/4.5.14/httpclient-4.5.14.jar:/home/runner/.m2/repository/org/apache/httpcomponents/httpcore/4.4.16/httpcore-4.4.16.jar:/home/runner/.m2/repository/com/fasterxml/jackson/dataformat/jackson-dataformat-cbor/2.16.2/jackson-dataformat-cbor-2.16.2.jar:/home/runner/.m2/repository/joda-time/joda-time/2.12.7/joda-time-2.12.7.jar:/home/runner/.m2/repository/com/amazonaws/aws-java-sdk-s3/1.12.661/aws-java-sdk-s3-1.12.661.jar:/home/runner/.m2/repository/com/amazonaws/aws-java-sdk-kms/1.12.661/aws-java-sdk-kms-1.12.661.jar:/home/runner/.m2/repository/com/amazonaws/jmespath-java/1.12.661/jmespath-java-1.12.661.jar:/home/runner/.m2/repository/org/kohsuke/metainf-services/metainf-services/1.11/metainf-services-1.11.jar:/home/runner/work/ozone/ozone/hadoop-hdds/tools/target/hdds-tools-1.5.0-SNAPSHOT.jar:/home/runner/.m2/repository/org/apache/ratis/ratis-tools/3.1.0/ratis-tools-3.1.0.jar:/home/runner/.m2/repository/commons-cli/commons-cli/1.8.0/commons-cli-1.8.0.jar:/home/runner/.m2/repository/org/apache/commons/commons-lang3/3.14.0/commons-lang3-3.14.0.jar:/home/runner/work/ozone/ozone/hadoop-ozone/ozone-manager/target/ozone-manager-1.5.0-SNAPSHOT-tests.jar:/home/runner/work/ozone/ozone/hadoop-hdds/common/target/hdds-common-1.5.0-SNAPSHOT-tests.jar:/home/runner/work/ozone/ozone/hadoop-hdds/hadoop-dependency-client/target/hdds-hadoop-dependency-client-1.5.0-SNAPSHOT.jar:/home/runner/.m2/repository/info/picocli/picocli/4.7.6/picocli-4.7.6.jar:/home/runner/.m2/repository/com/fasterxml/jackson/core/jackson-annotations/2.16.2/jackson-annotations-2.16.2.jar:/home/runner/work/ozone/ozone/hadoop-hdds/annotations/target/hdds-annotation-processing-1.5.0-SNAPSHOT.jar:/home/runner/.m2/repository/javax/annotation/javax.annotation-api/1.3.2/javax.annotation-api-1.3.2.jar:/home/runner/.m2/repository/org/apache/ratis/ratis-server-api/3.1.0/ratis-server-api-3.1.0.jar:/home/runner/.m2/repository/org/apache/ratis/ratis-netty/3.1.0/ratis-netty-3.1.0.jar:/home/runner/.m2/repository/org/apache/ratis/ratis-grpc/3.1.0/ratis-grpc-3.1.0.jar:/home/runner/.m2/repository/org/bouncycastle/bcpkix-jdk18on/1.78.1/bcpkix-jdk18on-1.78.1.jar:/home/runner/.m2/repository/org/bouncycastle/bcutil-jdk18on/1.78.1/bcutil-jdk18on-1.78.1.jar:/home/runner/.m2/repository/commons-validator/commons-validator/1.6/commons-validator-1.6.jar:/home/runner/.m2/repository/commons-beanutils/commons-beanutils/1.9.4/commons-beanutils-1.9.4.jar:/home/runner/.m2/repository/commons-digester/commons-digester/1.8.1/commons-digester-1.8.1.jar:/home/runner/.m2/repository/commons-collections/commons-collections/3.2.2/commons-collections-3.2.2.jar:/home/runner/.m2/repository/io/jaegertracing/jaeger-client/1.8.1/jaeger-client-1.8.1.jar:/home/runner/.m2/repository/io/jaegertracing/jaeger-thrift/1.8.1/jaeger-thrift-1.8.1.jar:/home/runner/.m2/repository/org/apache/thrift/libthrift/0.15.0/libthrift-0.15.0.jar:/home/runner/.m2/repository/io/jaegertracing/jaeger-core/1.8.1/jaeger-core-1.8.1.jar:/home/runner/.m2/repository/io/jaegertracing/jaeger-tracerresolver/1.8.1/jaeger-tracerresolver-1.8.1.jar:/home/runner/.m2/repository/io/opentracing/contrib/opentracing-tracerresolver/0.1.8/opentracing-tracerresolver-0.1.8.jar:/home/runner/.m2/repository/org/jetbrains/kotlin/kotlin-stdlib/1.9.25/kotlin-stdlib-1.9.25.jar:/home/runner/.m2/repository/org/jetbrains/annotations/13.0/annotations-13.0.jar:/home/runner/.m2/repository/io/opentracing/opentracing-util/0.33.0/opentracing-util-0.33.0.jar:/home/runner/.m2/repository/io/opentracing/opentracing-api/0.33.0/opentracing-api-0.33.0.jar:/home/runner/.m2/repository/io/opentracing/opentracing-noop/0.33.0/opentracing-noop-0.33.0.jar:/home/runner/.m2/repository/org/yaml/snakeyaml/2.0/snakeyaml-2.0.jar:/home/runner/.m2/repository/io/grpc/grpc-api/1.58.0/grpc-api-1.58.0.jar:/home/runner/.m2/repository/org/junit/platform/junit-platform-launcher/1.10.3/junit-platform-launcher-1.10.3.jar:/home/runner/.m2/repository/org/junit/platform/junit-platform-engine/1.10.3/junit-platform-engine-1.10.3.jar:/home/runner/.m2/repository/org/apiguardian/apiguardian-api/1.1.2/apiguardian-api-1.1.2.jar:/home/runner/.m2/repository/org/apache/hadoop/hadoop-kms/3.3.6/hadoop-kms-3.3.6.jar:/home/runner/.m2/repository/org/apache/hadoop/hadoop-auth/3.3.6/hadoop-auth-3.3.6.jar:/home/runner/.m2/repository/org/apache/zookeeper/zookeeper/3.8.4/zookeeper-3.8.4.jar:/home/runner/.m2/repository/org/apache/zookeeper/zookeeper-jute/3.8.4/zookeeper-jute-3.8.4.jar:/home/runner/.m2/repository/org/apache/yetus/audience-annotations/0.12.0/audience-annotations-0.12.0.jar:/home/runner/.m2/repository/org/apache/curator/curator-framework/4.2.0/curator-framework-4.2.0.jar:/home/runner/.m2/repository/org/apache/hadoop/thirdparty/hadoop-shaded-guava/1.2.0/hadoop-shaded-guava-1.2.0.jar:/home/runner/.m2/repository/com/sun/jersey/jersey-core/1.19.4/jersey-core-1.19.4.jar:/home/runner/.m2/repository/javax/ws/rs/jsr311-api/1.1.1/jsr311-api-1.1.1.jar:/home/runner/.m2/repository/com/sun/jersey/jersey-server/1.19.4/jersey-server-1.19.4.jar:/home/runner/.m2/repository/javax/servlet/javax.servlet-api/3.1.0/javax.servlet-api-3.1.0.jar:/home/runner/.m2/repository/org/apache/hadoop/hadoop-common/3.3.6/hadoop-common-3.3.6.jar:/home/runner/.m2/repository/org/apache/commons/commons-math3/3.6.1/commons-math3-3.6.1.jar:/home/runner/.m2/repository/commons-net/commons-net/3.11.1/commons-net-3.11.1.jar:/home/runner/.m2/repository/com/sun/jersey/jersey-servlet/1.19.4/jersey-servlet-1.19.4.jar:/home/runner/.m2/repository/com/github/pjfanning/jersey-json/1.20/jersey-json-1.20.jar:/home/runner/.m2/repository/org/codehaus/jettison/jettison/1.1/jettison-1.1.jar:/home/runner/.m2/repository/com/sun/xml/bind/jaxb-impl/2.2.3-1/jaxb-impl-2.2.3-1.jar:/home/runner/.m2/repository/com/google/re2j/re2j/1.7/re2j-1.7.jar:/home/runner/.m2/repository/com/jcraft/jsch/0.1.55/jsch-0.1.55.jar:/home/runner/.m2/repository/org/apache/curator/curator-client/4.2.0/curator-client-4.2.0.jar:/home/runner/.m2/repository/org/apache/curator/curator-recipes/5.2.0/curator-recipes-5.2.0.jar:/home/runner/.m2/repository/com/google/code/findbugs/jsr305/3.0.2/jsr305-3.0.2.jar:/home/runner/.m2/repository/dnsjava/dnsjava/2.1.9/dnsjava-2.1.9.jar:/home/runner/.m2/repository/com/fasterxml/jackson/core/jackson-databind/2.16.2/jackson-databind-2.16.2.jar:/home/runner/.m2/repository/org/apache/hadoop/hadoop-kms/3.3.6/hadoop-kms-3.3.6-tests.jar:/home/runner/work/ozone/ozone/hadoop-hdds/server-scm/target/hdds-server-scm-1.5.0-SNAPSHOT-tests.jar:/home/runner/work/ozone/ozone/hadoop-hdds/container-service/target/hdds-container-service-1.5.0-SNAPSHOT-tests.jar:/home/runner/.m2/repository/com/github/luben/zstd-jni/1.5.6-3/zstd-jni-1.5.6-3.jar:/home/runner/.m2/repository/commons-codec/commons-codec/1.17.0/commons-codec-1.17.0.jar:/home/runner/.m2/repository/io/netty/netty-codec/4.1.109.Final/netty-codec-4.1.109.Final.jar:/home/runner/.m2/repository/io/netty/netty-handler/4.1.109.Final/netty-handler-4.1.109.Final.jar:/home/runner/work/ozone/ozone/hadoop-hdds/hadoop-dependency-test/target/hdds-hadoop-dependency-test-1.5.0-SNAPSHOT.jar:/home/runner/.m2/repository/org/apache/hadoop/hadoop-common/3.3.6/hadoop-common-3.3.6-tests.jar:/home/runner/.m2/repository/org/apache/hadoop/hadoop-hdfs/3.3.6/hadoop-hdfs-3.3.6-tests.jar:/home/runner/.m2/repository/org/junit/jupiter/junit-jupiter-engine/5.10.3/junit-jupiter-engine-5.10.3.jar:/home/runner/.m2/repository/org/junit/jupiter/junit-jupiter-params/5.10.3/junit-jupiter-params-5.10.3.jar:/home/runner/.m2/repository/org/mockito/mockito-core/4.11.0/mockito-core-4.11.0.jar:/home/runner/.m2/repository/net/bytebuddy/byte-buddy-agent/1.12.19/byte-buddy-agent-1.12.19.jar:/home/runner/.m2/repository/org/objenesis/objenesis/3.3/objenesis-3.3.jar:/home/runner/.m2/repository/org/mockito/mockito-inline/4.11.0/mockito-inline-4.11.0.jar:/home/runner/.m2/repository/org/mockito/mockito-junit-jupiter/4.11.0/mockito-junit-jupiter-4.11.0.jar:/home/runner/.m2/repository/org/apache/hadoop/hadoop-distcp/3.3.6/hadoop-distcp-3.3.6.jar:/home/runner/.m2/repository/org/apache/hadoop/hadoop-mapreduce-client-jobclient/3.3.6/hadoop-mapreduce-client-jobclient-3.3.6.jar:/home/runner/.m2/repository/org/apache/hadoop/hadoop-mapreduce-client-common/3.3.6/hadoop-mapreduce-client-common-3.3.6.jar:/home/runner/.m2/repository/org/apache/hadoop/hadoop-yarn-common/3.3.6/hadoop-yarn-common-3.3.6.jar:/home/runner/.m2/repository/org/apache/hadoop/hadoop-yarn-api/3.3.6/hadoop-yarn-api-3.3.6.jar:/home/runner/.m2/repository/javax/xml/bind/jaxb-api/2.2.11/jaxb-api-2.2.11.jar:/home/runner/.m2/repository/com/sun/jersey/contribs/jersey-guice/1.19.4/jersey-guice-1.19.4.jar:/home/runner/.m2/repository/com/fasterxml/jackson/jaxrs/jackson-jaxrs-json-provider/2.16.2/jackson-jaxrs-json-provider-2.16.2.jar:/home/runner/.m2/repository/com/fasterxml/jackson/jaxrs/jackson-jaxrs-base/2.16.2/jackson-jaxrs-base-2.16.2.jar:/home/runner/.m2/repository/org/apache/hadoop/hadoop-yarn-client/3.3.6/hadoop-yarn-client-3.3.6.jar:/home/runner/.m2/repository/org/eclipse/jetty/websocket/websocket-client/9.4.51.v20230217/websocket-client-9.4.51.v20230217.jar:/home/runner/.m2/repository/org/eclipse/jetty/websocket/websocket-common/9.4.51.v20230217/websocket-common-9.4.51.v20230217.jar:/home/runner/.m2/repository/org/eclipse/jetty/websocket/websocket-api/9.4.51.v20230217/websocket-api-9.4.51.v20230217.jar:/home/runner/.m2/repository/org/jline/jline/3.9.0/jline-3.9.0.jar:/home/runner/.m2/repository/org/apache/hadoop/hadoop-mapreduce-client-core/3.3.6/hadoop-mapreduce-client-core-3.3.6.jar:/home/runner/.m2/repository/org/apache/avro/avro/1.7.7/avro-1.7.7.jar:/home/runner/.m2/repository/com/thoughtworks/paranamer/paranamer/2.3/paranamer-2.3.jar:/home/runner/.m2/repository/org/apache/hadoop/hadoop-annotations/3.3.6/hadoop-annotations-3.3.6.jar:/home/runner/.m2/repository/io/netty/netty/3.10.6.Final/netty-3.10.6.Final.jar:/home/runner/.m2/repository/org/apache/hadoop/hadoop-distcp/3.3.6/hadoop-distcp-3.3.6-tests.jar:/home/runner/.m2/repository/org/hamcrest/hamcrest/2.2/hamcrest-2.2.jar:/home/runner/.m2/repository/org/slf4j/jul-to-slf4j/2.0.13/jul-to-slf4j-2.0.13.jar:/home/runner/work/ozone/ozone/hadoop-ozone/integration-test/target/gradle-enterprise/test-listeners.jar:"/>
    <property name="java.vm.vendor" value="Eclipse Adoptium"/>
    <property name="sun.arch.data.model" value="64"/>
    <property name="test.build.dir" value="/home/runner/work/ozone/ozone/hadoop-ozone/integration-test/target/test-dir"/>
    <property name="test.cache.data" value=""/>
    <property name="java.vendor.url" value="https://adoptium.net/"/>
    <property name="user.timezone" value="Etc/UTC"/>
    <property name="maven-surefire-plugin.argLineAccessArgs" value=" --add-opens java.management/com.sun.jmx.mbeanserver=ALL-UNNAMED --add-exports java.management/com.sun.jmx.mbeanserver=ALL-UNNAMED --add-opens java.base/java.nio=ALL-UNNAMED --add-opens java.base/java.lang=ALL-UNNAMED --add-opens java.base/java.lang.reflect=ALL-UNNAMED"/>
    <property name="os.name" value="Linux"/>
    <property name="java.vm.specification.version" value="17"/>
    <property name="test.build.data" value="/home/runner/work/ozone/ozone/hadoop-ozone/integration-test/target/test-dir"/>
    <property name="sun.java.launcher" value="SUN_STANDARD"/>
    <property name="sun.boot.library.path" value="/usr/lib/jvm/temurin-17-jdk-amd64/lib"/>
    <property name="sun.java.command" value="/home/runner/work/ozone/ozone/hadoop-ozone/integration-test/target/surefire/surefirebooter11937851031718649754.jar /home/runner/work/ozone/ozone/hadoop-ozone/integration-test/target/surefire 2024-08-09T17-53-45_081-jvmRun1 surefire3126354835363740639tmp surefire_267224727538125154249tmp"/>
    <property name="jdk.debug" value="release"/>
    <property name="native.lib.tmp.dir" value="/tmp"/>
    <property name="surefire.test.class.path" value="/home/runner/work/ozone/ozone/hadoop-ozone/integration-test/target/test-classes:/home/runner/work/ozone/ozone/hadoop-ozone/integration-test/target/classes:/home/runner/work/ozone/ozone/hadoop-ozone/common/target/ozone-common-1.5.0-SNAPSHOT.jar:/home/runner/.m2/repository/io/grpc/grpc-netty/1.58.0/grpc-netty-1.58.0.jar:/home/runner/.m2/repository/io/grpc/grpc-core/1.58.0/grpc-core-1.58.0.jar:/home/runner/.m2/repository/com/google/android/annotations/4.1.1.4/annotations-4.1.1.4.jar:/home/runner/.m2/repository/org/codehaus/mojo/animal-sniffer-annotations/1.23/animal-sniffer-annotations-1.23.jar:/home/runner/.m2/repository/io/grpc/grpc-context/1.58.0/grpc-context-1.58.0.jar:/home/runner/.m2/repository/io/grpc/grpc-util/1.58.0/grpc-util-1.58.0.jar:/home/runner/.m2/repository/com/google/errorprone/error_prone_annotations/2.28.0/error_prone_annotations-2.28.0.jar:/home/runner/.m2/repository/io/perfmark/perfmark-api/0.26.0/perfmark-api-0.26.0.jar:/home/runner/.m2/repository/io/netty/netty-codec-http2/4.1.109.Final/netty-codec-http2-4.1.109.Final.jar:/home/runner/.m2/repository/io/netty/netty-common/4.1.109.Final/netty-common-4.1.109.Final.jar:/home/runner/.m2/repository/io/netty/netty-buffer/4.1.109.Final/netty-buffer-4.1.109.Final.jar:/home/runner/.m2/repository/io/netty/netty-codec-http/4.1.109.Final/netty-codec-http-4.1.109.Final.jar:/home/runner/.m2/repository/io/netty/netty-handler-proxy/4.1.109.Final/netty-handler-proxy-4.1.109.Final.jar:/home/runner/.m2/repository/io/netty/netty-codec-socks/4.1.109.Final/netty-codec-socks-4.1.109.Final.jar:/home/runner/.m2/repository/io/netty/netty-tcnative-boringssl-static/2.0.65.Final/netty-tcnative-boringssl-static-2.0.65.Final.jar:/home/runner/.m2/repository/io/netty/netty-tcnative-classes/2.0.65.Final/netty-tcnative-classes-2.0.65.Final.jar:/home/runner/.m2/repository/io/netty/netty-tcnative-boringssl-static/2.0.65.Final/netty-tcnative-boringssl-static-2.0.65.Final-linux-x86_64.jar:/home/runner/.m2/repository/io/netty/netty-tcnative-boringssl-static/2.0.65.Final/netty-tcnative-boringssl-static-2.0.65.Final-linux-aarch_64.jar:/home/runner/.m2/repository/io/netty/netty-tcnative-boringssl-static/2.0.65.Final/netty-tcnative-boringssl-static-2.0.65.Final-osx-x86_64.jar:/home/runner/.m2/repository/io/netty/netty-tcnative-boringssl-static/2.0.65.Final/netty-tcnative-boringssl-static-2.0.65.Final-osx-aarch_64.jar:/home/runner/.m2/repository/io/netty/netty-tcnative-boringssl-static/2.0.65.Final/netty-tcnative-boringssl-static-2.0.65.Final-windows-x86_64.jar:/home/runner/.m2/repository/org/apache/commons/commons-compress/1.26.2/commons-compress-1.26.2.jar:/home/runner/work/ozone/ozone/hadoop-hdds/common/target/hdds-common-1.5.0-SNAPSHOT.jar:/home/runner/work/ozone/ozone/hadoop-hdds/client/target/hdds-client-1.5.0-SNAPSHOT.jar:/home/runner/work/ozone/ozone/hadoop-ozone/interface-client/target/ozone-interface-client-1.5.0-SNAPSHOT.jar:/home/runner/.m2/repository/org/apache/hadoop/hadoop-hdfs-client/3.3.6/hadoop-hdfs-client-3.3.6.jar:/home/runner/.m2/repository/com/squareup/okhttp3/okhttp/4.12.0/okhttp-4.12.0.jar:/home/runner/.m2/repository/com/squareup/okio/okio/3.6.0/okio-3.6.0.jar:/home/runner/.m2/repository/com/squareup/okio/okio-jvm/3.6.0/okio-jvm-3.6.0.jar:/home/runner/.m2/repository/org/jetbrains/kotlin/kotlin-stdlib-jdk8/1.9.25/kotlin-stdlib-jdk8-1.9.25.jar:/home/runner/.m2/repository/org/jetbrains/kotlin/kotlin-stdlib-jdk7/1.9.25/kotlin-stdlib-jdk7-1.9.25.jar:/home/runner/.m2/repository/org/jetbrains/kotlin/kotlin-stdlib-common/1.9.25/kotlin-stdlib-common-1.9.25.jar:/home/runner/.m2/repository/com/github/stephenc/jcip/jcip-annotations/1.0-1/jcip-annotations-1.0-1.jar:/home/runner/work/ozone/ozone/hadoop-hdds/test-utils/target/hdds-test-utils-1.5.0-SNAPSHOT.jar:/home/runner/.m2/repository/org/assertj/assertj-core/3.26.3/assertj-core-3.26.3.jar:/home/runner/.m2/repository/net/bytebuddy/byte-buddy/1.14.18/byte-buddy-1.14.18.jar:/home/runner/.m2/repository/com/google/guava/guava/32.1.3-jre/guava-32.1.3-jre.jar:/home/runner/.m2/repository/com/google/guava/failureaccess/1.0.1/failureaccess-1.0.1.jar:/home/runner/.m2/repository/com/google/guava/listenablefuture/9999.0-empty-to-avoid-conflict-with-guava/listenablefuture-9999.0-empty-to-avoid-conflict-with-guava.jar:/home/runner/.m2/repository/org/checkerframework/checker-qual/3.37.0/checker-qual-3.37.0.jar:/home/runner/.m2/repository/com/google/j2objc/j2objc-annotations/2.8/j2objc-annotations-2.8.jar:/home/runner/.m2/repository/commons-io/commons-io/2.16.1/commons-io-2.16.1.jar:/home/runner/.m2/repository/commons-logging/commons-logging/1.2/commons-logging-1.2.jar:/home/runner/.m2/repository/org/junit/jupiter/junit-jupiter-api/5.10.3/junit-jupiter-api-5.10.3.jar:/home/runner/.m2/repository/org/opentest4j/opentest4j/1.3.0/opentest4j-1.3.0.jar:/home/runner/.m2/repository/org/junit/platform/junit-platform-commons/1.10.3/junit-platform-commons-1.10.3.jar:/home/runner/.m2/repository/ch/qos/reload4j/reload4j/1.2.25/reload4j-1.2.25.jar:/home/runner/.m2/repository/jakarta/annotation/jakarta.annotation-api/2.1.1/jakarta.annotation-api-2.1.1.jar:/home/runner/.m2/repository/org/slf4j/slf4j-api/2.0.13/slf4j-api-2.0.13.jar:/home/runner/.m2/repository/org/apache/logging/log4j/log4j-api/2.23.1/log4j-api-2.23.1.jar:/home/runner/work/ozone/ozone/hadoop-hdds/server-scm/target/hdds-server-scm-1.5.0-SNAPSHOT.jar:/home/runner/.m2/repository/com/google/protobuf/protobuf-java/2.5.0/protobuf-java-2.5.0.jar:/home/runner/work/ozone/ozone/hadoop-hdds/container-service/target/hdds-container-service-1.5.0-SNAPSHOT.jar:/home/runner/work/ozone/ozone/hadoop-hdds/hadoop-dependency-server/target/hdds-hadoop-dependency-server-1.5.0-SNAPSHOT.jar:/home/runner/.m2/repository/com/nimbusds/nimbus-jose-jwt/9.40/nimbus-jose-jwt-9.40.jar:/home/runner/.m2/repository/org/apache/hadoop/hadoop-hdfs/3.3.6/hadoop-hdfs-3.3.6.jar:/home/runner/.m2/repository/commons-daemon/commons-daemon/1.4.0/commons-daemon-1.4.0.jar:/home/runner/.m2/repository/org/apache/kerby/kerb-core/1.0.1/kerb-core-1.0.1.jar:/home/runner/.m2/repository/org/apache/kerby/kerby-pkix/1.0.1/kerby-pkix-1.0.1.jar:/home/runner/.m2/repository/org/apache/kerby/kerby-asn1/1.0.1/kerby-asn1-1.0.1.jar:/home/runner/.m2/repository/org/apache/kerby/kerby-util/1.0.1/kerby-util-1.0.1.jar:/home/runner/.m2/repository/org/apache/kerby/kerb-util/1.0.1/kerb-util-1.0.1.jar:/home/runner/.m2/repository/org/apache/kerby/kerby-config/1.0.1/kerby-config-1.0.1.jar:/home/runner/.m2/repository/org/apache/kerby/kerb-crypto/1.0.1/kerb-crypto-1.0.1.jar:/home/runner/.m2/repository/org/xerial/snappy/snappy-java/1.1.10.5/snappy-java-1.1.10.5.jar:/home/runner/work/ozone/ozone/hadoop-hdds/framework/target/hdds-server-framework-1.5.0-SNAPSHOT.jar:/home/runner/.m2/repository/org/bouncycastle/bcprov-jdk18on/1.78.1/bcprov-jdk18on-1.78.1.jar:/home/runner/.m2/repository/io/dropwizard/metrics/metrics-core/3.2.6/metrics-core-3.2.6.jar:/home/runner/.m2/repository/org/apache/commons/commons-text/1.12.0/commons-text-1.12.0.jar:/home/runner/work/ozone/ozone/hadoop-hdds/framework/target/hdds-server-framework-1.5.0-SNAPSHOT-tests.jar:/home/runner/work/ozone/ozone/hadoop-hdds/interface-server/target/hdds-interface-server-1.5.0-SNAPSHOT.jar:/home/runner/work/ozone/ozone/hadoop-hdds/interface-admin/target/hdds-interface-admin-1.5.0-SNAPSHOT.jar:/home/runner/work/ozone/ozone/hadoop-hdds/managed-rocksdb/target/hdds-managed-rocksdb-1.5.0-SNAPSHOT.jar:/home/runner/.m2/repository/org/rocksdb/rocksdbjni/7.7.3/rocksdbjni-7.7.3.jar:/home/runner/.m2/repository/org/slf4j/slf4j-reload4j/2.0.13/slf4j-reload4j-2.0.13.jar:/home/runner/.m2/repository/org/apache/commons/commons-configuration2/2.10.1/commons-configuration2-2.10.1.jar:/home/runner/.m2/repository/commons-fileupload/commons-fileupload/1.5/commons-fileupload-1.5.jar:/home/runner/.m2/repository/org/apache/logging/log4j/log4j-core/2.23.1/log4j-core-2.23.1.jar:/home/runner/.m2/repository/com/lmax/disruptor/3.4.4/disruptor-3.4.4.jar:/home/runner/.m2/repository/org/eclipse/jetty/jetty-util/9.4.55.v20240627/jetty-util-9.4.55.v20240627.jar:/home/runner/.m2/repository/org/eclipse/jetty/jetty-server/9.4.55.v20240627/jetty-server-9.4.55.v20240627.jar:/home/runner/.m2/repository/org/eclipse/jetty/jetty-http/9.4.55.v20240627/jetty-http-9.4.55.v20240627.jar:/home/runner/.m2/repository/org/eclipse/jetty/jetty-io/9.4.55.v20240627/jetty-io-9.4.55.v20240627.jar:/home/runner/.m2/repository/org/eclipse/jetty/jetty-servlet/9.4.55.v20240627/jetty-servlet-9.4.55.v20240627.jar:/home/runner/.m2/repository/org/eclipse/jetty/jetty-security/9.4.55.v20240627/jetty-security-9.4.55.v20240627.jar:/home/runner/.m2/repository/org/eclipse/jetty/jetty-util-ajax/9.4.55.v20240627/jetty-util-ajax-9.4.55.v20240627.jar:/home/runner/.m2/repository/org/eclipse/jetty/jetty-webapp/9.4.55.v20240627/jetty-webapp-9.4.55.v20240627.jar:/home/runner/.m2/repository/org/eclipse/jetty/jetty-xml/9.4.55.v20240627/jetty-xml-9.4.55.v20240627.jar:/home/runner/.m2/repository/org/glassfish/jersey/containers/jersey-container-servlet-core/2.43/jersey-container-servlet-core-2.43.jar:/home/runner/.m2/repository/org/glassfish/hk2/external/jakarta.inject/2.6.1/jakarta.inject-2.6.1.jar:/home/runner/.m2/repository/org/glassfish/jersey/core/jersey-common/2.43/jersey-common-2.43.jar:/home/runner/.m2/repository/jakarta/ws/rs/jakarta.ws.rs-api/2.1.6/jakarta.ws.rs-api-2.1.6.jar:/home/runner/.m2/repository/org/apache/ratis/ratis-server/3.1.0/ratis-server-3.1.0.jar:/home/runner/.m2/repository/org/apache/ratis/ratis-thirdparty-misc/1.0.6/ratis-thirdparty-misc-1.0.6.jar:/home/runner/.m2/repository/org/apache/ratis/ratis-proto/3.1.0/ratis-proto-3.1.0.jar:/home/runner/.m2/repository/org/apache/ratis/ratis-common/3.1.0/ratis-common-3.1.0.jar:/home/runner/.m2/repository/org/apache/ratis/ratis-client/3.1.0/ratis-client-3.1.0.jar:/home/runner/.m2/repository/org/apache/ratis/ratis-metrics-api/3.1.0/ratis-metrics-api-3.1.0.jar:/home/runner/.m2/repository/org/apache/ratis/ratis-metrics-dropwizard3/3.1.0/ratis-metrics-dropwizard3-3.1.0.jar:/home/runner/.m2/repository/io/prometheus/simpleclient_dropwizard/0.16.0/simpleclient_dropwizard-0.16.0.jar:/home/runner/.m2/repository/io/prometheus/simpleclient/0.16.0/simpleclient-0.16.0.jar:/home/runner/.m2/repository/io/prometheus/simpleclient_common/0.16.0/simpleclient_common-0.16.0.jar:/home/runner/.m2/repository/com/fasterxml/jackson/datatype/jackson-datatype-jsr310/2.16.2/jackson-datatype-jsr310-2.16.2.jar:/home/runner/.m2/repository/com/fasterxml/jackson/core/jackson-core/2.16.2/jackson-core-2.16.2.jar:/home/runner/.m2/repository/com/github/jnr/jnr-posix/3.1.19/jnr-posix-3.1.19.jar:/home/runner/.m2/repository/com/github/jnr/jnr-ffi/2.2.16/jnr-ffi-2.2.16.jar:/home/runner/.m2/repository/com/github/jnr/jffi/1.3.13/jffi-1.3.13.jar:/home/runner/.m2/repository/com/github/jnr/jffi/1.3.13/jffi-1.3.13-native.jar:/home/runner/.m2/repository/org/ow2/asm/asm/9.2/asm-9.2.jar:/home/runner/.m2/repository/org/ow2/asm/asm-commons/9.2/asm-commons-9.2.jar:/home/runner/.m2/repository/org/ow2/asm/asm-analysis/9.2/asm-analysis-9.2.jar:/home/runner/.m2/repository/org/ow2/asm/asm-tree/9.2/asm-tree-9.2.jar:/home/runner/.m2/repository/org/ow2/asm/asm-util/9.2/asm-util-9.2.jar:/home/runner/.m2/repository/com/github/jnr/jnr-a64asm/1.0.0/jnr-a64asm-1.0.0.jar:/home/runner/.m2/repository/com/github/jnr/jnr-x86asm/1.0.2/jnr-x86asm-1.0.2.jar:/home/runner/.m2/repository/com/github/jnr/jnr-constants/0.10.4/jnr-constants-0.10.4.jar:/home/runner/work/ozone/ozone/hadoop-hdds/rocksdb-checkpoint-differ/target/rocksdb-checkpoint-differ-1.5.0-SNAPSHOT.jar:/home/runner/.m2/repository/org/jgrapht/jgrapht-core/1.4.0/jgrapht-core-1.4.0.jar:/home/runner/.m2/repository/org/jheaps/jheaps/0.11/jheaps-0.11.jar:/home/runner/.m2/repository/org/jgrapht/jgrapht-ext/1.4.0/jgrapht-ext-1.4.0.jar:/home/runner/.m2/repository/com/github/vlsi/mxgraph/jgraphx/3.9.8.1/jgraphx-3.9.8.1.jar:/home/runner/work/ozone/ozone/hadoop-ozone/ozone-manager/target/ozone-manager-1.5.0-SNAPSHOT.jar:/home/runner/.m2/repository/org/aspectj/aspectjrt/1.9.7/aspectjrt-1.9.7.jar:/home/runner/.m2/repository/org/aspectj/aspectjweaver/1.9.7/aspectjweaver-1.9.7.jar:/home/runner/work/ozone/ozone/hadoop-hdds/interface-client/target/hdds-interface-client-1.5.0-SNAPSHOT.jar:/home/runner/.m2/repository/org/apache/hadoop/thirdparty/hadoop-shaded-protobuf_3_7/1.1.1/hadoop-shaded-protobuf_3_7-1.1.1.jar:/home/runner/work/ozone/ozone/hadoop-ozone/interface-storage/target/ozone-interface-storage-1.5.0-SNAPSHOT.jar:/home/runner/.m2/repository/org/reflections/reflections/0.10.2/reflections-0.10.2.jar:/home/runner/.m2/repository/com/sun/jersey/jersey-client/1.19.4/jersey-client-1.19.4.jar:/home/runner/.m2/repository/org/codehaus/jackson/jackson-core-asl/1.9.13/jackson-core-asl-1.9.13.jar:/home/runner/.m2/repository/org/codehaus/jackson/jackson-mapper-asl/1.9.13/jackson-mapper-asl-1.9.13.jar:/home/runner/.m2/repository/org/codehaus/jackson/jackson-jaxrs/1.9.13/jackson-jaxrs-1.9.13.jar:/home/runner/.m2/repository/org/apache/ranger/ranger-intg/2.3.0/ranger-intg-2.3.0.jar:/home/runner/.m2/repository/org/apache/ranger/ranger-plugins-common/2.3.0/ranger-plugins-common-2.3.0.jar:/home/runner/.m2/repository/commons-lang/commons-lang/2.6/commons-lang-2.6.jar:/home/runner/.m2/repository/org/apache/ranger/ranger-plugins-cred/2.3.0/ranger-plugins-cred-2.3.0.jar:/home/runner/.m2/repository/org/apache/ranger/ranger-plugins-audit/2.3.0/ranger-plugins-audit-2.3.0.jar:/home/runner/.m2/repository/org/eclipse/jetty/jetty-client/9.4.55.v20240627/jetty-client-9.4.55.v20240627.jar:/home/runner/.m2/repository/org/apache/httpcomponents/httpmime/4.5.6/httpmime-4.5.6.jar:/home/runner/.m2/repository/org/apache/httpcomponents/httpcore-nio/4.4.16/httpcore-nio-4.4.16.jar:/home/runner/.m2/repository/org/apache/httpcomponents/httpasyncclient/4.1.3/httpasyncclient-4.1.3.jar:/home/runner/.m2/repository/com/carrotsearch/hppc/0.8.0/hppc-0.8.0.jar:/home/runner/.m2/repository/org/apache/orc/orc-core/1.5.8/orc-core-1.5.8.jar:/home/runner/.m2/repository/net/java/dev/jna/jna/5.2.0/jna-5.2.0.jar:/home/runner/.m2/repository/net/java/dev/jna/jna-platform/5.2.0/jna-platform-5.2.0.jar:/home/runner/.m2/repository/com/kstruct/gethostname4j/0.0.2/gethostname4j-0.0.2.jar:/home/runner/.m2/repository/org/apache/ranger/ranger-plugin-classloader/2.3.0/ranger-plugin-classloader-2.3.0.jar:/home/runner/work/ozone/ozone/hadoop-hdds/rocks-native/target/hdds-rocks-native-1.5.0-SNAPSHOT.jar:/home/runner/.m2/repository/org/apache/hadoop/hadoop-minikdc/3.3.6/hadoop-minikdc-3.3.6.jar:/home/runner/.m2/repository/org/apache/kerby/kerb-simplekdc/1.0.1/kerb-simplekdc-1.0.1.jar:/home/runner/.m2/repository/org/apache/kerby/kerb-client/1.0.1/kerb-client-1.0.1.jar:/home/runner/.m2/repository/org/apache/kerby/kerb-common/1.0.1/kerb-common-1.0.1.jar:/home/runner/.m2/repository/org/apache/kerby/token-provider/1.0.1/token-provider-1.0.1.jar:/home/runner/.m2/repository/org/apache/kerby/kerb-admin/1.0.1/kerb-admin-1.0.1.jar:/home/runner/.m2/repository/org/apache/kerby/kerb-server/1.0.1/kerb-server-1.0.1.jar:/home/runner/.m2/repository/org/apache/kerby/kerb-identity/1.0.1/kerb-identity-1.0.1.jar:/home/runner/.m2/repository/org/apache/kerby/kerby-xdr/1.0.1/kerby-xdr-1.0.1.jar:/home/runner/.m2/repository/junit/junit/4.13.2/junit-4.13.2.jar:/home/runner/.m2/repository/org/hamcrest/hamcrest-core/1.3/hamcrest-core-1.3.jar:/home/runner/work/ozone/ozone/hadoop-ozone/s3gateway/target/ozone-s3gateway-1.5.0-SNAPSHOT.jar:/home/runner/.m2/repository/org/javassist/javassist/3.30.2-GA/javassist-3.30.2-GA.jar:/home/runner/.m2/repository/org/jboss/weld/servlet/weld-servlet-shaded/3.1.9.Final/weld-servlet-shaded-3.1.9.Final.jar:/home/runner/.m2/repository/org/glassfish/jersey/ext/cdi/jersey-cdi1x/2.43/jersey-cdi1x-2.43.jar:/home/runner/.m2/repository/org/glassfish/jersey/inject/jersey-hk2/2.43/jersey-hk2-2.43.jar:/home/runner/.m2/repository/org/glassfish/hk2/hk2-locator/2.6.1/hk2-locator-2.6.1.jar:/home/runner/.m2/repository/org/glassfish/jersey/media/jersey-media-jaxb/2.43/jersey-media-jaxb-2.43.jar:/home/runner/.m2/repository/org/glassfish/hk2/osgi-resource-locator/1.0.3/osgi-resource-locator-1.0.3.jar:/home/runner/.m2/repository/org/glassfish/hk2/hk2-api/2.6.1/hk2-api-2.6.1.jar:/home/runner/.m2/repository/org/glassfish/hk2/hk2-utils/2.6.1/hk2-utils-2.6.1.jar:/home/runner/.m2/repository/org/glassfish/hk2/external/aopalliance-repackaged/2.6.1/aopalliance-repackaged-2.6.1.jar:/home/runner/.m2/repository/com/fasterxml/jackson/dataformat/jackson-dataformat-xml/2.16.2/jackson-dataformat-xml-2.16.2.jar:/home/runner/.m2/repository/org/codehaus/woodstox/stax2-api/4.2.2/stax2-api-4.2.2.jar:/home/runner/.m2/repository/com/fasterxml/woodstox/woodstox-core/5.4.0/woodstox-core-5.4.0.jar:/home/runner/.m2/repository/com/fasterxml/jackson/module/jackson-module-jaxb-annotations/2.16.2/jackson-module-jaxb-annotations-2.16.2.jar:/home/runner/.m2/repository/javax/enterprise/cdi-api/2.0/cdi-api-2.0.jar:/home/runner/.m2/repository/javax/el/javax.el-api/3.0.0/javax.el-api-3.0.0.jar:/home/runner/.m2/repository/javax/interceptor/javax.interceptor-api/1.2/javax.interceptor-api-1.2.jar:/home/runner/.m2/repository/javax/inject/javax.inject/1/javax.inject-1.jar:/home/runner/.m2/repository/jakarta/xml/bind/jakarta.xml.bind-api/2.3.3/jakarta.xml.bind-api-2.3.3.jar:/home/runner/.m2/repository/org/glassfish/jaxb/jaxb-runtime/2.3.9/jaxb-runtime-2.3.9.jar:/home/runner/.m2/repository/org/glassfish/jaxb/txw2/2.3.9/txw2-2.3.9.jar:/home/runner/.m2/repository/com/sun/istack/istack-commons-runtime/3.0.12/istack-commons-runtime-3.0.12.jar:/home/runner/.m2/repository/com/sun/activation/jakarta.activation/1.2.2/jakarta.activation-1.2.2.jar:/home/runner/.m2/repository/jakarta/activation/jakarta.activation-api/1.2.2/jakarta.activation-api-1.2.2.jar:/home/runner/.m2/repository/io/grpc/grpc-protobuf/1.58.0/grpc-protobuf-1.58.0.jar:/home/runner/.m2/repository/com/google/api/grpc/proto-google-common-protos/2.22.0/proto-google-common-protos-2.22.0.jar:/home/runner/.m2/repository/io/grpc/grpc-protobuf-lite/1.58.0/grpc-protobuf-lite-1.58.0.jar:/home/runner/.m2/repository/io/grpc/grpc-stub/1.58.0/grpc-stub-1.58.0.jar:/home/runner/.m2/repository/io/netty/netty-transport/4.1.109.Final/netty-transport-4.1.109.Final.jar:/home/runner/.m2/repository/io/netty/netty-resolver/4.1.109.Final/netty-resolver-4.1.109.Final.jar:/home/runner/work/ozone/ozone/hadoop-ozone/csi/target/ozone-csi-1.5.0-SNAPSHOT.jar:/home/runner/.m2/repository/com/google/protobuf/protobuf-java-util/3.19.6/protobuf-java-util-3.19.6.jar:/home/runner/.m2/repository/com/google/code/gson/gson/2.10.1/gson-2.10.1.jar:/home/runner/work/ozone/ozone/hadoop-hdds/config/target/hdds-config-1.5.0-SNAPSHOT.jar:/home/runner/.m2/repository/io/netty/netty-transport-native-epoll/4.1.109.Final/netty-transport-native-epoll-4.1.109.Final-linux-x86_64.jar:/home/runner/.m2/repository/io/netty/netty-transport-classes-epoll/4.1.109.Final/netty-transport-classes-epoll-4.1.109.Final.jar:/home/runner/.m2/repository/io/netty/netty-transport-native-unix-common/4.1.109.Final/netty-transport-native-unix-common-4.1.109.Final.jar:/home/runner/work/ozone/ozone/hadoop-ozone/recon/target/ozone-recon-1.5.0-SNAPSHOT.jar:/home/runner/work/ozone/ozone/hadoop-ozone/recon-codegen/target/ozone-reconcodegen-1.5.0-SNAPSHOT.jar:/home/runner/.m2/repository/com/google/inject/guice/6.0.0/guice-6.0.0.jar:/home/runner/.m2/repository/jakarta/inject/jakarta.inject-api/2.0.1/jakarta.inject-api-2.0.1.jar:/home/runner/.m2/repository/aopalliance/aopalliance/1.0/aopalliance-1.0.jar:/home/runner/.m2/repository/com/google/inject/extensions/guice-assistedinject/6.0.0/guice-assistedinject-6.0.0.jar:/home/runner/.m2/repository/com/google/inject/extensions/guice-servlet/6.0.0/guice-servlet-6.0.0.jar:/home/runner/.m2/repository/org/glassfish/jersey/containers/jersey-container-servlet/2.43/jersey-container-servlet-2.43.jar:/home/runner/.m2/repository/org/glassfish/hk2/guice-bridge/2.6.1/guice-bridge-2.6.1.jar:/home/runner/.m2/repository/org/glassfish/jersey/core/jersey-server/2.43/jersey-server-2.43.jar:/home/runner/.m2/repository/org/glassfish/jersey/core/jersey-client/2.43/jersey-client-2.43.jar:/home/runner/.m2/repository/jakarta/validation/jakarta.validation-api/2.0.2/jakarta.validation-api-2.0.2.jar:/home/runner/.m2/repository/org/glassfish/jersey/media/jersey-media-json-jackson/2.43/jersey-media-json-jackson-2.43.jar:/home/runner/.m2/repository/org/glassfish/jersey/ext/jersey-entity-filtering/2.43/jersey-entity-filtering-2.43.jar:/home/runner/.m2/repository/org/jooq/jooq/3.11.10/jooq-3.11.10.jar:/home/runner/.m2/repository/org/jooq/jooq-meta/3.11.10/jooq-meta-3.11.10.jar:/home/runner/.m2/repository/org/jooq/jooq-codegen/3.11.10/jooq-codegen-3.11.10.jar:/home/runner/.m2/repository/com/jolbox/bonecp/0.8.0.RELEASE/bonecp-0.8.0.RELEASE.jar:/home/runner/.m2/repository/org/apache/derby/derby/10.14.2.0/derby-10.14.2.0.jar:/home/runner/.m2/repository/org/xerial/sqlite-jdbc/3.46.0.0/sqlite-jdbc-3.46.0.0.jar:/home/runner/.m2/repository/org/springframework/spring-jdbc/5.3.37/spring-jdbc-5.3.37.jar:/home/runner/.m2/repository/org/springframework/spring-beans/5.3.37/spring-beans-5.3.37.jar:/home/runner/.m2/repository/org/springframework/spring-core/5.3.37/spring-core-5.3.37.jar:/home/runner/.m2/repository/org/springframework/spring-tx/5.3.37/spring-tx-5.3.37.jar:/home/runner/work/ozone/ozone/hadoop-ozone/client/target/ozone-client-1.5.0-SNAPSHOT.jar:/home/runner/work/ozone/ozone/hadoop-hdds/erasurecode/target/hdds-erasurecode-1.5.0-SNAPSHOT.jar:/home/runner/work/ozone/ozone/hadoop-ozone/ozonefs/target/ozone-filesystem-1.5.0-SNAPSHOT.jar:/home/runner/work/ozone/ozone/hadoop-ozone/ozonefs-common/target/ozone-filesystem-common-1.5.0-SNAPSHOT.jar:/home/runner/work/ozone/ozone/hadoop-ozone/tools/target/ozone-tools-1.5.0-SNAPSHOT.jar:/home/runner/.m2/repository/com/amazonaws/aws-java-sdk-core/1.12.661/aws-java-sdk-core-1.12.661.jar:/home/runner/.m2/repository/org/apache/httpcomponents/httpclient/4.5.14/httpclient-4.5.14.jar:/home/runner/.m2/repository/org/apache/httpcomponents/httpcore/4.4.16/httpcore-4.4.16.jar:/home/runner/.m2/repository/com/fasterxml/jackson/dataformat/jackson-dataformat-cbor/2.16.2/jackson-dataformat-cbor-2.16.2.jar:/home/runner/.m2/repository/joda-time/joda-time/2.12.7/joda-time-2.12.7.jar:/home/runner/.m2/repository/com/amazonaws/aws-java-sdk-s3/1.12.661/aws-java-sdk-s3-1.12.661.jar:/home/runner/.m2/repository/com/amazonaws/aws-java-sdk-kms/1.12.661/aws-java-sdk-kms-1.12.661.jar:/home/runner/.m2/repository/com/amazonaws/jmespath-java/1.12.661/jmespath-java-1.12.661.jar:/home/runner/.m2/repository/org/kohsuke/metainf-services/metainf-services/1.11/metainf-services-1.11.jar:/home/runner/work/ozone/ozone/hadoop-hdds/tools/target/hdds-tools-1.5.0-SNAPSHOT.jar:/home/runner/.m2/repository/org/apache/ratis/ratis-tools/3.1.0/ratis-tools-3.1.0.jar:/home/runner/.m2/repository/commons-cli/commons-cli/1.8.0/commons-cli-1.8.0.jar:/home/runner/.m2/repository/org/apache/commons/commons-lang3/3.14.0/commons-lang3-3.14.0.jar:/home/runner/work/ozone/ozone/hadoop-ozone/ozone-manager/target/ozone-manager-1.5.0-SNAPSHOT-tests.jar:/home/runner/work/ozone/ozone/hadoop-hdds/common/target/hdds-common-1.5.0-SNAPSHOT-tests.jar:/home/runner/work/ozone/ozone/hadoop-hdds/hadoop-dependency-client/target/hdds-hadoop-dependency-client-1.5.0-SNAPSHOT.jar:/home/runner/.m2/repository/info/picocli/picocli/4.7.6/picocli-4.7.6.jar:/home/runner/.m2/repository/com/fasterxml/jackson/core/jackson-annotations/2.16.2/jackson-annotations-2.16.2.jar:/home/runner/work/ozone/ozone/hadoop-hdds/annotations/target/hdds-annotation-processing-1.5.0-SNAPSHOT.jar:/home/runner/.m2/repository/javax/annotation/javax.annotation-api/1.3.2/javax.annotation-api-1.3.2.jar:/home/runner/.m2/repository/org/apache/ratis/ratis-server-api/3.1.0/ratis-server-api-3.1.0.jar:/home/runner/.m2/repository/org/apache/ratis/ratis-netty/3.1.0/ratis-netty-3.1.0.jar:/home/runner/.m2/repository/org/apache/ratis/ratis-grpc/3.1.0/ratis-grpc-3.1.0.jar:/home/runner/.m2/repository/org/bouncycastle/bcpkix-jdk18on/1.78.1/bcpkix-jdk18on-1.78.1.jar:/home/runner/.m2/repository/org/bouncycastle/bcutil-jdk18on/1.78.1/bcutil-jdk18on-1.78.1.jar:/home/runner/.m2/repository/commons-validator/commons-validator/1.6/commons-validator-1.6.jar:/home/runner/.m2/repository/commons-beanutils/commons-beanutils/1.9.4/commons-beanutils-1.9.4.jar:/home/runner/.m2/repository/commons-digester/commons-digester/1.8.1/commons-digester-1.8.1.jar:/home/runner/.m2/repository/commons-collections/commons-collections/3.2.2/commons-collections-3.2.2.jar:/home/runner/.m2/repository/io/jaegertracing/jaeger-client/1.8.1/jaeger-client-1.8.1.jar:/home/runner/.m2/repository/io/jaegertracing/jaeger-thrift/1.8.1/jaeger-thrift-1.8.1.jar:/home/runner/.m2/repository/org/apache/thrift/libthrift/0.15.0/libthrift-0.15.0.jar:/home/runner/.m2/repository/io/jaegertracing/jaeger-core/1.8.1/jaeger-core-1.8.1.jar:/home/runner/.m2/repository/io/jaegertracing/jaeger-tracerresolver/1.8.1/jaeger-tracerresolver-1.8.1.jar:/home/runner/.m2/repository/io/opentracing/contrib/opentracing-tracerresolver/0.1.8/opentracing-tracerresolver-0.1.8.jar:/home/runner/.m2/repository/org/jetbrains/kotlin/kotlin-stdlib/1.9.25/kotlin-stdlib-1.9.25.jar:/home/runner/.m2/repository/org/jetbrains/annotations/13.0/annotations-13.0.jar:/home/runner/.m2/repository/io/opentracing/opentracing-util/0.33.0/opentracing-util-0.33.0.jar:/home/runner/.m2/repository/io/opentracing/opentracing-api/0.33.0/opentracing-api-0.33.0.jar:/home/runner/.m2/repository/io/opentracing/opentracing-noop/0.33.0/opentracing-noop-0.33.0.jar:/home/runner/.m2/repository/org/yaml/snakeyaml/2.0/snakeyaml-2.0.jar:/home/runner/.m2/repository/io/grpc/grpc-api/1.58.0/grpc-api-1.58.0.jar:/home/runner/.m2/repository/org/junit/platform/junit-platform-launcher/1.10.3/junit-platform-launcher-1.10.3.jar:/home/runner/.m2/repository/org/junit/platform/junit-platform-engine/1.10.3/junit-platform-engine-1.10.3.jar:/home/runner/.m2/repository/org/apiguardian/apiguardian-api/1.1.2/apiguardian-api-1.1.2.jar:/home/runner/.m2/repository/org/apache/hadoop/hadoop-kms/3.3.6/hadoop-kms-3.3.6.jar:/home/runner/.m2/repository/org/apache/hadoop/hadoop-auth/3.3.6/hadoop-auth-3.3.6.jar:/home/runner/.m2/repository/org/apache/zookeeper/zookeeper/3.8.4/zookeeper-3.8.4.jar:/home/runner/.m2/repository/org/apache/zookeeper/zookeeper-jute/3.8.4/zookeeper-jute-3.8.4.jar:/home/runner/.m2/repository/org/apache/yetus/audience-annotations/0.12.0/audience-annotations-0.12.0.jar:/home/runner/.m2/repository/org/apache/curator/curator-framework/4.2.0/curator-framework-4.2.0.jar:/home/runner/.m2/repository/org/apache/hadoop/thirdparty/hadoop-shaded-guava/1.2.0/hadoop-shaded-guava-1.2.0.jar:/home/runner/.m2/repository/com/sun/jersey/jersey-core/1.19.4/jersey-core-1.19.4.jar:/home/runner/.m2/repository/javax/ws/rs/jsr311-api/1.1.1/jsr311-api-1.1.1.jar:/home/runner/.m2/repository/com/sun/jersey/jersey-server/1.19.4/jersey-server-1.19.4.jar:/home/runner/.m2/repository/javax/servlet/javax.servlet-api/3.1.0/javax.servlet-api-3.1.0.jar:/home/runner/.m2/repository/org/apache/hadoop/hadoop-common/3.3.6/hadoop-common-3.3.6.jar:/home/runner/.m2/repository/org/apache/commons/commons-math3/3.6.1/commons-math3-3.6.1.jar:/home/runner/.m2/repository/commons-net/commons-net/3.11.1/commons-net-3.11.1.jar:/home/runner/.m2/repository/com/sun/jersey/jersey-servlet/1.19.4/jersey-servlet-1.19.4.jar:/home/runner/.m2/repository/com/github/pjfanning/jersey-json/1.20/jersey-json-1.20.jar:/home/runner/.m2/repository/org/codehaus/jettison/jettison/1.1/jettison-1.1.jar:/home/runner/.m2/repository/com/sun/xml/bind/jaxb-impl/2.2.3-1/jaxb-impl-2.2.3-1.jar:/home/runner/.m2/repository/com/google/re2j/re2j/1.7/re2j-1.7.jar:/home/runner/.m2/repository/com/jcraft/jsch/0.1.55/jsch-0.1.55.jar:/home/runner/.m2/repository/org/apache/curator/curator-client/4.2.0/curator-client-4.2.0.jar:/home/runner/.m2/repository/org/apache/curator/curator-recipes/5.2.0/curator-recipes-5.2.0.jar:/home/runner/.m2/repository/com/google/code/findbugs/jsr305/3.0.2/jsr305-3.0.2.jar:/home/runner/.m2/repository/dnsjava/dnsjava/2.1.9/dnsjava-2.1.9.jar:/home/runner/.m2/repository/com/fasterxml/jackson/core/jackson-databind/2.16.2/jackson-databind-2.16.2.jar:/home/runner/.m2/repository/org/apache/hadoop/hadoop-kms/3.3.6/hadoop-kms-3.3.6-tests.jar:/home/runner/work/ozone/ozone/hadoop-hdds/server-scm/target/hdds-server-scm-1.5.0-SNAPSHOT-tests.jar:/home/runner/work/ozone/ozone/hadoop-hdds/container-service/target/hdds-container-service-1.5.0-SNAPSHOT-tests.jar:/home/runner/.m2/repository/com/github/luben/zstd-jni/1.5.6-3/zstd-jni-1.5.6-3.jar:/home/runner/.m2/repository/commons-codec/commons-codec/1.17.0/commons-codec-1.17.0.jar:/home/runner/.m2/repository/io/netty/netty-codec/4.1.109.Final/netty-codec-4.1.109.Final.jar:/home/runner/.m2/repository/io/netty/netty-handler/4.1.109.Final/netty-handler-4.1.109.Final.jar:/home/runner/work/ozone/ozone/hadoop-hdds/hadoop-dependency-test/target/hdds-hadoop-dependency-test-1.5.0-SNAPSHOT.jar:/home/runner/.m2/repository/org/apache/hadoop/hadoop-common/3.3.6/hadoop-common-3.3.6-tests.jar:/home/runner/.m2/repository/org/apache/hadoop/hadoop-hdfs/3.3.6/hadoop-hdfs-3.3.6-tests.jar:/home/runner/.m2/repository/org/junit/jupiter/junit-jupiter-engine/5.10.3/junit-jupiter-engine-5.10.3.jar:/home/runner/.m2/repository/org/junit/jupiter/junit-jupiter-params/5.10.3/junit-jupiter-params-5.10.3.jar:/home/runner/.m2/repository/org/mockito/mockito-core/4.11.0/mockito-core-4.11.0.jar:/home/runner/.m2/repository/net/bytebuddy/byte-buddy-agent/1.12.19/byte-buddy-agent-1.12.19.jar:/home/runner/.m2/repository/org/objenesis/objenesis/3.3/objenesis-3.3.jar:/home/runner/.m2/repository/org/mockito/mockito-inline/4.11.0/mockito-inline-4.11.0.jar:/home/runner/.m2/repository/org/mockito/mockito-junit-jupiter/4.11.0/mockito-junit-jupiter-4.11.0.jar:/home/runner/.m2/repository/org/apache/hadoop/hadoop-distcp/3.3.6/hadoop-distcp-3.3.6.jar:/home/runner/.m2/repository/org/apache/hadoop/hadoop-mapreduce-client-jobclient/3.3.6/hadoop-mapreduce-client-jobclient-3.3.6.jar:/home/runner/.m2/repository/org/apache/hadoop/hadoop-mapreduce-client-common/3.3.6/hadoop-mapreduce-client-common-3.3.6.jar:/home/runner/.m2/repository/org/apache/hadoop/hadoop-yarn-common/3.3.6/hadoop-yarn-common-3.3.6.jar:/home/runner/.m2/repository/org/apache/hadoop/hadoop-yarn-api/3.3.6/hadoop-yarn-api-3.3.6.jar:/home/runner/.m2/repository/javax/xml/bind/jaxb-api/2.2.11/jaxb-api-2.2.11.jar:/home/runner/.m2/repository/com/sun/jersey/contribs/jersey-guice/1.19.4/jersey-guice-1.19.4.jar:/home/runner/.m2/repository/com/fasterxml/jackson/jaxrs/jackson-jaxrs-json-provider/2.16.2/jackson-jaxrs-json-provider-2.16.2.jar:/home/runner/.m2/repository/com/fasterxml/jackson/jaxrs/jackson-jaxrs-base/2.16.2/jackson-jaxrs-base-2.16.2.jar:/home/runner/.m2/repository/org/apache/hadoop/hadoop-yarn-client/3.3.6/hadoop-yarn-client-3.3.6.jar:/home/runner/.m2/repository/org/eclipse/jetty/websocket/websocket-client/9.4.51.v20230217/websocket-client-9.4.51.v20230217.jar:/home/runner/.m2/repository/org/eclipse/jetty/websocket/websocket-common/9.4.51.v20230217/websocket-common-9.4.51.v20230217.jar:/home/runner/.m2/repository/org/eclipse/jetty/websocket/websocket-api/9.4.51.v20230217/websocket-api-9.4.51.v20230217.jar:/home/runner/.m2/repository/org/jline/jline/3.9.0/jline-3.9.0.jar:/home/runner/.m2/repository/org/apache/hadoop/hadoop-mapreduce-client-core/3.3.6/hadoop-mapreduce-client-core-3.3.6.jar:/home/runner/.m2/repository/org/apache/avro/avro/1.7.7/avro-1.7.7.jar:/home/runner/.m2/repository/com/thoughtworks/paranamer/paranamer/2.3/paranamer-2.3.jar:/home/runner/.m2/repository/org/apache/hadoop/hadoop-annotations/3.3.6/hadoop-annotations-3.3.6.jar:/home/runner/.m2/repository/io/netty/netty/3.10.6.Final/netty-3.10.6.Final.jar:/home/runner/.m2/repository/org/apache/hadoop/hadoop-distcp/3.3.6/hadoop-distcp-3.3.6-tests.jar:/home/runner/.m2/repository/org/hamcrest/hamcrest/2.2/hamcrest-2.2.jar:/home/runner/.m2/repository/org/slf4j/jul-to-slf4j/2.0.13/jul-to-slf4j-2.0.13.jar:/home/runner/work/ozone/ozone/hadoop-ozone/integration-test/target/gradle-enterprise/test-listeners.jar:"/>
    <property name="sun.cpu.endian" value="little"/>
    <property name="user.home" value="/home/runner"/>
    <property name="user.language" value="en"/>
    <property name="java.specification.vendor" value="Oracle Corporation"/>
    <property name="java.version.date" value="2024-07-16"/>
    <property name="java.home" value="/usr/lib/jvm/temurin-17-jdk-amd64"/>
    <property name="java.security.krb5.conf" value="/home/runner/work/ozone/ozone/hadoop-ozone/integration-test/target/test-classes/krb5.conf"/>
    <property name="file.separator" value="/"/>
    <property name="basedir" value="/home/runner/work/ozone/ozone/hadoop-ozone/integration-test"/>
    <property name="java.vm.compressedOopsMode" value="Zero based"/>
    <property name="line.separator" value="&#10;"/>
    <property name="java.vm.specification.vendor" value="Oracle Corporation"/>
    <property name="java.specification.name" value="Java Platform API Specification"/>
    <property name="skip.installnpx" value="true"/>
    <property name="surefire.real.class.path" value="/home/runner/work/ozone/ozone/hadoop-ozone/integration-test/target/surefire/surefirebooter11937851031718649754.jar"/>
    <property name="hadoop.log.dir" value="/home/runner/work/ozone/ozone/hadoop-ozone/integration-test/target/log"/>
    <property name="sun.management.compiler" value="HotSpot 64-Bit Tiered Compilers"/>
    <property name="java.runtime.version" value="17.0.12+7"/>
    <property name="skip.npx" value="true"/>
    <property name="user.name" value="runner"/>
    <property name="java.net.preferIPv4Stack" value="true"/>
    <property name="path.separator" value=":"/>
    <property name="java.security.egd" value="file:///dev/urandom"/>
    <property name="os.version" value="5.15.0-1068-azure"/>
    <property name="java.runtime.name" value="OpenJDK Runtime Environment"/>
    <property name="com.gradle.maven.scan.extension.test.listener.junitplatform.NestedExecutionSafeDelegatingTestExecutionListener" value="1e683a3e"/>
    <property name="file.encoding" value="UTF-8"/>
    <property name="java.vm.name" value="OpenJDK 64-Bit Server VM"/>
    <property name="java.vendor.version" value="Temurin-17.0.12+7"/>
    <property name="test.build.webapps" value=""/>
    <property name="develocity.listener.surefire.forkId" value="1"/>
    <property name="localRepository" value="/home/runner/.m2/repository"/>
    <property name="java.vendor.url.bug" value="https://github.com/adoptium/adoptium-support/issues"/>
    <property name="jetty.git.hash" value="70015831e5195ba74da6383c4ab7c90c56bb08af"/>
    <property name="java.io.tmpdir" value="/tmp"/>
    <property name="require.test.libhadoop" value=""/>
    <property name="java.version" value="17.0.12"/>
    <property name="user.dir" value="/home/runner/work/ozone/ozone/hadoop-ozone/integration-test"/>
    <property name="os.arch" value="amd64"/>
    <property name="java.vm.specification.name" value="Java Virtual Machine Specification"/>
    <property name="test.build.classes" value="/home/runner/work/ozone/ozone/hadoop-ozone/integration-test/target/test-classes"/>
    <property name="org.apache.ratis.thirdparty.io.netty.allocator.useCacheForAllThreads" value="false"/>
    <property name="native.encoding" value="UTF-8"/>
    <property name="hadoop.tmp.dir" value="/home/runner/work/ozone/ozone/hadoop-ozone/integration-test/target/tmp"/>
    <property name="java.library.path" value="/usr/java/packages/lib:/usr/lib64:/lib64:/lib:/usr/lib"/>
    <property name="java.vm.info" value="mixed mode, sharing"/>
    <property name="java.vendor" value="Eclipse Adoptium"/>
    <property name="java.vm.version" value="17.0.12+7"/>
    <property name="sun.io.unicode.encoding" value="UnicodeLittle"/>
    <property name="develocity.listener.port" value="42713"/>
    <property name="java.class.version" value="61.0"/>
  </properties>
  <testcase name="test2DatanodesFailure(boolean, boolean)[1]" classname="org.apache.hadoop.ozone.client.rpc.TestBlockOutputStreamWithFailures" time="75.171"/>
  <testcase name="test2DatanodesFailure(boolean, boolean)[2]" classname="org.apache.hadoop.ozone.client.rpc.TestBlockOutputStreamWithFailures" time="49.731"/>
  <testcase name="test2DatanodesFailure(boolean, boolean)[3]" classname="org.apache.hadoop.ozone.client.rpc.TestBlockOutputStreamWithFailures" time="47.003"/>
  <testcase name="test2DatanodesFailure(boolean, boolean)[4]" classname="org.apache.hadoop.ozone.client.rpc.TestBlockOutputStreamWithFailures" time="40.294"/>
  <testcase name="testDatanodeFailureWithPreAllocation(boolean, boolean)[1]" classname="org.apache.hadoop.ozone.client.rpc.TestBlockOutputStreamWithFailures" time="68.63"/>
  <testcase name="testDatanodeFailureWithPreAllocation(boolean, boolean)[2]" classname="org.apache.hadoop.ozone.client.rpc.TestBlockOutputStreamWithFailures" time="60.952"/>
  <testcase name="testDatanodeFailureWithPreAllocation(boolean, boolean)[3]" classname="org.apache.hadoop.ozone.client.rpc.TestBlockOutputStreamWithFailures" time="79.005"/>
  <testcase name="testDatanodeFailureWithPreAllocation(boolean, boolean)[4]" classname="org.apache.hadoop.ozone.client.rpc.TestBlockOutputStreamWithFailures" time="66.614"/>
  <testcase name="testContainerClose(boolean, boolean)[1]" classname="org.apache.hadoop.ozone.client.rpc.TestBlockOutputStreamWithFailures" time="33.413"/>
  <testcase name="testContainerClose(boolean, boolean)[2]" classname="org.apache.hadoop.ozone.client.rpc.TestBlockOutputStreamWithFailures" time="35.988"/>
  <testcase name="testContainerClose(boolean, boolean)[3]" classname="org.apache.hadoop.ozone.client.rpc.TestBlockOutputStreamWithFailures" time="34.473"/>
  <testcase name="testContainerClose(boolean, boolean)[4]" classname="org.apache.hadoop.ozone.client.rpc.TestBlockOutputStreamWithFailures" time="23.904">
    <failure type="org.opentest4j.AssertionFailedError"><![CDATA[org.opentest4j.AssertionFailedError: expected: <4> but was: <3>
	at org.junit.jupiter.api.AssertionFailureBuilder.build(AssertionFailureBuilder.java:151)
	at org.junit.jupiter.api.AssertionFailureBuilder.buildAndThrow(AssertionFailureBuilder.java:132)
	at org.junit.jupiter.api.AssertEquals.failNotEqual(AssertEquals.java:197)
	at org.junit.jupiter.api.AssertEquals.assertEquals(AssertEquals.java:150)
	at org.junit.jupiter.api.AssertEquals.assertEquals(AssertEquals.java:145)
	at org.junit.jupiter.api.Assertions.assertEquals(Assertions.java:531)
	at org.apache.hadoop.ozone.client.rpc.TestBlockOutputStreamWithFailures.testWriteMoreThanMaxFlushSize(TestBlockOutputStreamWithFailures.java:388)
	at org.apache.hadoop.ozone.client.rpc.TestBlockOutputStreamWithFailures.testContainerClose(TestBlockOutputStreamWithFailures.java:101)
	at java.base/java.lang.reflect.Method.invoke(Method.java:569)
	at java.base/java.util.stream.ForEachOps$ForEachOp$OfRef.accept(ForEachOps.java:183)
	at java.base/java.util.stream.ReferencePipeline$3$1.accept(ReferencePipeline.java:197)
	at java.base/java.util.stream.ReferencePipeline$2$1.accept(ReferencePipeline.java:179)
	at java.base/java.util.stream.ReferencePipeline$3$1.accept(ReferencePipeline.java:197)
	at java.base/java.util.stream.ForEachOps$ForEachOp$OfRef.accept(ForEachOps.java:183)
	at java.base/java.util.stream.ReferencePipeline$3$1.accept(ReferencePipeline.java:197)
	at java.base/java.util.stream.ReferencePipeline$3$1.accept(ReferencePipeline.java:197)
	at java.base/java.util.stream.ReferencePipeline$3$1.accept(ReferencePipeline.java:197)
	at java.base/java.util.stream.ForEachOps$ForEachOp$OfRef.accept(ForEachOps.java:183)
	at java.base/java.util.stream.ReferencePipeline$3$1.accept(ReferencePipeline.java:197)
	at java.base/java.util.Spliterators$ArraySpliterator.forEachRemaining(Spliterators.java:992)
	at java.base/java.util.stream.ReferencePipeline$Head.forEach(ReferencePipeline.java:762)
	at java.base/java.util.stream.ReferencePipeline$7$1.accept(ReferencePipeline.java:276)
	at java.base/java.util.stream.ReferencePipeline$3$1.accept(ReferencePipeline.java:197)
	at java.base/java.util.stream.ReferencePipeline$3$1.accept(ReferencePipeline.java:197)
	at java.base/java.util.stream.ReferencePipeline$3$1.accept(ReferencePipeline.java:197)
	at java.base/java.util.Spliterators$ArraySpliterator.forEachRemaining(Spliterators.java:992)
	at java.base/java.util.stream.AbstractPipeline.copyInto(AbstractPipeline.java:509)
	at java.base/java.util.stream.AbstractPipeline.wrapAndCopyInto(AbstractPipeline.java:499)
	at java.base/java.util.stream.ForEachOps$ForEachOp.evaluateSequential(ForEachOps.java:150)
	at java.base/java.util.stream.ForEachOps$ForEachOp$OfRef.evaluateSequential(ForEachOps.java:173)
	at java.base/java.util.stream.AbstractPipeline.evaluate(AbstractPipeline.java:234)
	at java.base/java.util.stream.ReferencePipeline.forEach(ReferencePipeline.java:596)
	at java.base/java.util.stream.ReferencePipeline$7$1.accept(ReferencePipeline.java:276)
	at java.base/java.util.stream.ReferencePipeline$3$1.accept(ReferencePipeline.java:197)
	at java.base/java.util.stream.ReferencePipeline$3$1.accept(ReferencePipeline.java:197)
	at java.base/java.util.stream.ReferencePipeline$3$1.accept(ReferencePipeline.java:197)
	at java.base/java.util.ArrayList$ArrayListSpliterator.forEachRemaining(ArrayList.java:1625)
	at java.base/java.util.stream.AbstractPipeline.copyInto(AbstractPipeline.java:509)
	at java.base/java.util.stream.AbstractPipeline.wrapAndCopyInto(AbstractPipeline.java:499)
	at java.base/java.util.stream.ForEachOps$ForEachOp.evaluateSequential(ForEachOps.java:150)
	at java.base/java.util.stream.ForEachOps$ForEachOp$OfRef.evaluateSequential(ForEachOps.java:173)
	at java.base/java.util.stream.AbstractPipeline.evaluate(AbstractPipeline.java:234)
	at java.base/java.util.stream.ReferencePipeline.forEach(ReferencePipeline.java:596)
	at java.base/java.util.stream.ReferencePipeline$7$1.accept(ReferencePipeline.java:276)
	at java.base/java.util.ArrayList$ArrayListSpliterator.forEachRemaining(ArrayList.java:1625)
	at java.base/java.util.stream.AbstractPipeline.copyInto(AbstractPipeline.java:509)
	at java.base/java.util.stream.AbstractPipeline.wrapAndCopyInto(AbstractPipeline.java:499)
	at java.base/java.util.stream.ForEachOps$ForEachOp.evaluateSequential(ForEachOps.java:150)
	at java.base/java.util.stream.ForEachOps$ForEachOp$OfRef.evaluateSequential(ForEachOps.java:173)
	at java.base/java.util.stream.AbstractPipeline.evaluate(AbstractPipeline.java:234)
	at java.base/java.util.stream.ReferencePipeline.forEach(ReferencePipeline.java:596)
	at java.base/java.util.ArrayList.forEach(ArrayList.java:1511)
	at java.base/java.util.ArrayList.forEach(ArrayList.java:1511)
	Suppressed: java.lang.AssertionError: Found 3 leaked objects, check logs
		at org.apache.hadoop.hdds.utils.db.CodecBuffer.assertNoLeaks(CodecBuffer.java:232)
		at org.apache.hadoop.hdds.utils.db.CodecTestUtil.gc(CodecTestUtil.java:54)
		at org.apache.hadoop.ozone.MiniOzoneClusterImpl.shutdown(MiniOzoneClusterImpl.java:411)
		at org.apache.hadoop.ozone.client.rpc.TestBlockOutputStreamWithFailures.shutdown(TestBlockOutputStreamWithFailures.java:81)
		... 45 more
]]></failure>
    <system-out><![CDATA[2024-08-09 18:20:54,077 [main] WARN  server.ServerUtils (ServerUtils.java:getScmDbDir(143)) - ozone.scm.db.dirs is not configured. We recommend adding this setting. Falling back to ozone.metadata.dirs instead.
2024-08-09 18:20:54,081 [main] WARN  server.ServerUtils (ServerUtils.java:getScmDbDir(143)) - ozone.scm.db.dirs is not configured. We recommend adding this setting. Falling back to ozone.metadata.dirs instead.
2024-08-09 18:20:54,081 [main] INFO  ha.SCMHANodeDetails (SCMHANodeDetails.java:loadSCMHAConfig(207)) - ServiceID for StorageContainerManager is null
2024-08-09 18:20:54,081 [main] INFO  ha.SCMHANodeDetails (SCMHANodeDetails.java:loadSCMHAConfig(212)) - ozone.scm.default.service.id is not defined, falling back to ozone.scm.service.ids to find serviceID for StorageContainerManager if it is HA enabled cluster
2024-08-09 18:20:54,082 [main] WARN  utils.HAUtils (HAUtils.java:getMetaDir(339)) - ozone.scm.db.dirs is not configured. We recommend adding this setting. Falling back to ozone.metadata.dirs instead.
2024-08-09 18:20:54,082 [main] WARN  db.DBStoreBuilder (DBStoreBuilder.java:applyDBDefinition(171)) - ozone.scm.db.dirs is not configured. We recommend adding this setting. Falling back to ozone.metadata.dirs instead.
2024-08-09 18:20:54,146 [main] INFO  net.NodeSchemaLoader (NodeSchemaLoader.java:loadSchemaFromFile(129)) - Loading schema from [jar:file:/home/runner/work/ozone/ozone/hadoop-hdds/common/target/hdds-common-1.5.0-SNAPSHOT.jar!/network-topology-default.xml]
2024-08-09 18:20:54,146 [main] INFO  net.NodeSchemaLoader (NodeSchemaLoader.java:loadSchema(176)) - Loading network topology layer schema file
2024-08-09 18:20:54,148 [main] INFO  upgrade.AbstractLayoutVersionManager (AbstractLayoutVersionManager.java:init(83)) - Initializing Layout version manager with metadata layout = HBASE_SUPPORT (version = 8), software layout = HBASE_SUPPORT (version = 8)
2024-08-09 18:20:54,149 [main] INFO  ha.SequenceIdGenerator (SequenceIdGenerator.java:upgradeToSequenceId(369)) - upgrade localId to 113750153625600000
2024-08-09 18:20:54,150 [main] INFO  ha.SequenceIdGenerator (SequenceIdGenerator.java:upgradeToSequenceId(379)) - upgrade delTxnId to 0
2024-08-09 18:20:54,150 [main] INFO  ha.SequenceIdGenerator (SequenceIdGenerator.java:upgradeToSequenceId(396)) - upgrade containerId to 0
2024-08-09 18:20:54,152 [main] INFO  ha.SequenceIdGenerator (SequenceIdGenerator.java:upgradeToCertificateSequenceId(433)) - upgrade CertificateId to 2
2024-08-09 18:20:54,152 [main] INFO  ha.SequenceIdGenerator (SequenceIdGenerator.java:<init>(240)) - Init the HA SequenceIdGenerator.
2024-08-09 18:20:54,153 [main] INFO  node.SCMNodeManager (SCMNodeManager.java:<init>(178)) - Entering startup safe mode.
2024-08-09 18:20:54,153 [main] INFO  algorithms.ContainerPlacementPolicyFactory (ContainerPlacementPolicyFactory.java:getPolicyInternal(86)) - Create container placement policy of type org.apache.hadoop.hdds.scm.container.placement.algorithms.SCMContainerPlacementRackAware
2024-08-09 18:20:54,153 [main] INFO  algorithms.ContainerPlacementPolicyFactory (ContainerPlacementPolicyFactory.java:getPolicyInternal(86)) - Create container placement policy of type org.apache.hadoop.hdds.scm.container.placement.algorithms.SCMContainerPlacementRackScatter
2024-08-09 18:20:54,153 [main] INFO  pipeline.PipelineStateManagerImpl (PipelineStateManagerImpl.java:initialize(78)) - No pipeline exists in current db
2024-08-09 18:20:54,154 [main] INFO  algorithms.LeaderChoosePolicyFactory (LeaderChoosePolicyFactory.java:getPolicy(57)) - Create leader choose policy of type org.apache.hadoop.hdds.scm.pipeline.leader.choose.algorithms.MinLeaderCountChoosePolicy
2024-08-09 18:20:54,154 [main] INFO  algorithms.ContainerPlacementPolicyFactory (ContainerPlacementPolicyFactory.java:getPolicyInternal(86)) - Create container placement policy of type org.apache.hadoop.hdds.scm.container.placement.algorithms.SCMContainerPlacementRackScatter
2024-08-09 18:20:54,154 [main] INFO  ha.SCMServiceManager (SCMServiceManager.java:register(42)) - Registering service BackgroundPipelineCreator.
2024-08-09 18:20:54,154 [main] INFO  pipeline.BackgroundPipelineCreator (BackgroundPipelineCreator.java:start(127)) - Starting RatisPipelineUtilsThread.
2024-08-09 18:20:54,154 [main] INFO  BackgroundPipelineScrubber (BackgroundSCMService.java:start(65)) - Starting BackgroundPipelineScrubber Service.
2024-08-09 18:20:54,155 [main] INFO  ha.SCMServiceManager (SCMServiceManager.java:register(42)) - Registering service BackgroundPipelineScrubber.
2024-08-09 18:20:54,155 [main] INFO  ExpiredContainerReplicaOpScrubber (BackgroundSCMService.java:start(65)) - Starting ExpiredContainerReplicaOpScrubber Service.
2024-08-09 18:20:54,155 [main] INFO  ha.SCMServiceManager (SCMServiceManager.java:register(42)) - Registering service ExpiredContainerReplicaOpScrubber.
2024-08-09 18:20:54,156 [main] INFO  algorithms.PipelineChoosePolicyFactory (PipelineChoosePolicyFactory.java:createPipelineChoosePolicyFromClass(80)) - Create pipeline choose policy of type org.apache.hadoop.hdds.scm.pipeline.choose.algorithms.RandomPipelineChoosePolicy
2024-08-09 18:20:54,156 [main] INFO  algorithms.PipelineChoosePolicyFactory (PipelineChoosePolicyFactory.java:createPipelineChoosePolicyFromClass(80)) - Create pipeline choose policy of type org.apache.hadoop.hdds.scm.pipeline.choose.algorithms.RandomPipelineChoosePolicy
2024-08-09 18:20:54,156 [main] INFO  ha.SCMServiceManager (SCMServiceManager.java:register(42)) - Registering service SCMBlockDeletingService.
2024-08-09 18:20:54,157 [main] INFO  replication.ReplicationManager (ReplicationManager.java:start(296)) - Starting Replication Monitor Thread.
2024-08-09 18:20:54,158 [ReplicationMonitor] INFO  replication.ReplicationManager (ReplicationManager.java:processAll(373)) - Replication Manager is not ready to run until 3000ms after safemode exit
2024-08-09 18:20:54,158 [main] INFO  ha.SCMServiceManager (SCMServiceManager.java:register(42)) - Registering service ReplicationManager.
2024-08-09 18:20:54,159 [main] INFO  safemode.ContainerSafeModeRule (ContainerSafeModeRule.java:<init>(91)) - containers with one replica threshold count 0
2024-08-09 18:20:54,159 [main] INFO  safemode.HealthyPipelineSafeModeRule (HealthyPipelineSafeModeRule.java:initializeRule(176)) - Total pipeline count is 0, healthy pipeline threshold count is 1
2024-08-09 18:20:54,159 [main] INFO  safemode.OneReplicaPipelineSafeModeRule (OneReplicaPipelineSafeModeRule.java:initializeRule(193)) - Total pipeline count is 0, pipeline's with at least one datanode reported threshold count is 0
2024-08-09 18:20:54,159 [main] INFO  server.StorageContainerManager (StorageContainerManager.java:<init>(442)) - SCM start with adminUsers: [runner]
2024-08-09 18:20:54,160 [main] INFO  ipc.CallQueueManager (CallQueueManager.java:<init>(90)) - Using callQueue: class java.util.concurrent.LinkedBlockingQueue, queueCapacity: 10000, scheduler: class org.apache.hadoop.ipc.DefaultRpcScheduler, ipcBackoff: false.
2024-08-09 18:20:54,160 [main] INFO  ipc.Server (Server.java:<init>(1287)) - Listener at 0.0.0.0:15585
2024-08-09 18:20:54,160 [Socket Reader #1 for port 15585] INFO  ipc.Server (Server.java:run(1323)) - Starting Socket Reader #1 for port 15585
2024-08-09 18:20:54,161 [main] INFO  ipc.CallQueueManager (CallQueueManager.java:<init>(90)) - Using callQueue: class java.util.concurrent.LinkedBlockingQueue, queueCapacity: 10000, scheduler: class org.apache.hadoop.ipc.DefaultRpcScheduler, ipcBackoff: false.
2024-08-09 18:20:54,161 [main] INFO  ipc.Server (Server.java:<init>(1287)) - Listener at 0.0.0.0:15584
2024-08-09 18:20:54,161 [Socket Reader #1 for port 15584] INFO  ipc.Server (Server.java:run(1323)) - Starting Socket Reader #1 for port 15584
2024-08-09 18:20:54,162 [main] INFO  ipc.CallQueueManager (CallQueueManager.java:<init>(90)) - Using callQueue: class java.util.concurrent.LinkedBlockingQueue, queueCapacity: 10000, scheduler: class org.apache.hadoop.ipc.DefaultRpcScheduler, ipcBackoff: false.
2024-08-09 18:20:54,162 [main] INFO  ipc.Server (Server.java:<init>(1287)) - Listener at 0.0.0.0:15583
2024-08-09 18:20:54,162 [Socket Reader #1 for port 15583] INFO  ipc.Server (Server.java:run(1323)) - Starting Socket Reader #1 for port 15583
2024-08-09 18:20:54,165 [main] INFO  ha.SCMServiceManager (SCMServiceManager.java:register(42)) - Registering service ContainerBalancer.
2024-08-09 18:20:54,165 [main] INFO  ha.SCMContext (SCMContext.java:updateSafeModeStatus(225)) - Update SafeModeStatus from SafeModeStatus{safeModeStatus=true, preCheckPassed=false} to SafeModeStatus{safeModeStatus=true, preCheckPassed=false}.
2024-08-09 18:20:54,165 [main] INFO  server.StorageContainerManager (StorageContainerManager.java:start(1541)) - StorageContainerLocationProtocol RPC server is listening at /0.0.0.0:15583
2024-08-09 18:20:54,166 [main] WARN  impl.MetricsConfig (MetricsConfig.java:loadFirst(136)) - Cannot locate configuration: tried hadoop-metrics2-storagecontainermanager.properties,hadoop-metrics2.properties
2024-08-09 18:20:54,167 [main] INFO  impl.MetricsSystemImpl (MetricsSystemImpl.java:startTimer(378)) - Scheduled Metric snapshot period at 10 second(s).
2024-08-09 18:20:54,167 [main] INFO  impl.MetricsSystemImpl (MetricsSystemImpl.java:start(191)) - StorageContainerManager metrics system started
2024-08-09 18:20:54,173 [main] INFO  impl.MetricsSinkAdapter (MetricsSinkAdapter.java:start(204)) - Sink prometheus started
2024-08-09 18:20:54,173 [main] INFO  impl.MetricsSystemImpl (MetricsSystemImpl.java:registerSink(305)) - Registered sink prometheus
2024-08-09 18:20:54,194 [main] INFO  server.SCMClientProtocolServer (SCMClientProtocolServer.java:start(208)) - RPC server for Client  is listening at /0.0.0.0:15583
2024-08-09 18:20:54,194 [IPC Server Responder] INFO  ipc.Server (Server.java:run(1562)) - IPC Server Responder: starting
2024-08-09 18:20:54,194 [IPC Server listener on 15583] INFO  ipc.Server (Server.java:run(1402)) - IPC Server listener on 15583: starting
2024-08-09 18:20:54,203 [main] INFO  server.StorageContainerManager (StorageContainerManager.java:start(1554)) - ScmBlockLocationProtocol RPC server is listening at /0.0.0.0:15584
2024-08-09 18:20:54,203 [main] INFO  server.SCMBlockProtocolServer (SCMBlockProtocolServer.java:start(167)) - RPC server for Block Protocol is listening at /0.0.0.0:15584
2024-08-09 18:20:54,204 [IPC Server Responder] INFO  ipc.Server (Server.java:run(1562)) - IPC Server Responder: starting
2024-08-09 18:20:54,204 [IPC Server listener on 15584] INFO  ipc.Server (Server.java:run(1402)) - IPC Server listener on 15584: starting
2024-08-09 18:20:54,214 [main] INFO  server.SCMDatanodeProtocolServer (SCMDatanodeProtocolServer.java:start(194)) - ScmDatanodeProtocol RPC server for DataNodes is listening at /0.0.0.0:15585
2024-08-09 18:20:54,215 [IPC Server Responder] INFO  ipc.Server (Server.java:run(1562)) - IPC Server Responder: starting
2024-08-09 18:20:54,215 [IPC Server listener on 15585] INFO  ipc.Server (Server.java:run(1402)) - IPC Server listener on 15585: starting
2024-08-09 18:20:54,223 [JvmPauseMonitor81] INFO  util.JvmPauseMonitor (JvmPauseMonitor.java:run(146)) - JvmPauseMonitor-ad45348c-fcfa-4ed7-8328-2ad0837fd7f1: Started
2024-08-09 18:20:54,224 [main] INFO  http.BaseHttpServer (BaseHttpServer.java:newHttpServer2BuilderForOzone(223)) - Starting Web-server for scm at: http://0.0.0.0:15586
2024-08-09 18:20:54,224 [main] INFO  http.BaseHttpServer (BaseHttpServer.java:<init>(110)) - Hadoop Security Enabled: false Ozone Security Enabled: false Ozone HTTP Security Enabled: false 
2024-08-09 18:20:54,225 [main] WARN  server.AuthenticationFilter (AuthenticationFilter.java:constructSecretProvider(240)) - Unable to initialize FileSignerSecretProvider, falling back to use random secrets. Reason: Could not read signature secret file: /home/runner/hadoop-http-auth-signature-secret
2024-08-09 18:20:54,225 [main] INFO  http.HttpRequestLog (HttpRequestLog.java:getRequestLog(86)) - Http request log for http.requests.scm is not defined
2024-08-09 18:20:54,226 [main] INFO  http.HttpServer2 (HttpServer2.java:addGlobalFilter(1035)) - Added global filter 'safety' (class=org.apache.hadoop.hdds.server.http.HttpServer2$QuotingInputFilter)
2024-08-09 18:20:54,226 [main] INFO  http.HttpServer2 (HttpServer2.java:addFilter(1011)) - Added filter static_user_filter (class=org.apache.hadoop.http.lib.StaticUserWebFilter$StaticUserFilter) to context scm
2024-08-09 18:20:54,226 [main] INFO  http.HttpServer2 (HttpServer2.java:addFilter(1019)) - Added filter static_user_filter (class=org.apache.hadoop.http.lib.StaticUserWebFilter$StaticUserFilter) to context static
2024-08-09 18:20:54,227 [main] INFO  http.HttpServer2 (HttpServer2.java:addFilter(1019)) - Added filter static_user_filter (class=org.apache.hadoop.http.lib.StaticUserWebFilter$StaticUserFilter) to context logs
2024-08-09 18:20:54,227 [main] INFO  http.BaseHttpServer (BaseHttpServer.java:<init>(189)) - HTTP server of scm uses base directory /home/runner/work/ozone/ozone/hadoop-ozone/integration-test/target/test-dir/MiniOzoneClusterImpl-d43ea6a6-39cf-404b-af74-5e65bec6c33b/ozone-meta/webserver
2024-08-09 18:20:54,227 [main] INFO  http.HttpServer2 (HttpServer2.java:bindListener(1235)) - Jetty bound to port 15586
2024-08-09 18:20:54,227 [main] INFO  server.Server (Server.java:doStart(375)) - jetty-9.4.55.v20240627; built: 2024-06-27T15:05:37.765Z; git: 70015831e5195ba74da6383c4ab7c90c56bb08af; jvm 17.0.12+7
2024-08-09 18:20:54,228 [main] INFO  server.session (DefaultSessionIdManager.java:doStart(334)) - DefaultSessionIdManager workerName=node0
2024-08-09 18:20:54,228 [main] INFO  server.session (DefaultSessionIdManager.java:doStart(339)) - No SessionScavenger set, using defaults
2024-08-09 18:20:54,228 [main] INFO  server.session (HouseKeeper.java:startScavenging(132)) - node0 Scavenging every 660000ms
2024-08-09 18:20:54,229 [main] INFO  handler.ContextHandler (ContextHandler.java:doStart(921)) - Started o.e.j.s.ServletContextHandler@22bd8120{logs,/logs,file:///home/runner/work/ozone/ozone/hadoop-ozone/integration-test/target/log,AVAILABLE}
2024-08-09 18:20:54,229 [main] INFO  handler.ContextHandler (ContextHandler.java:doStart(921)) - Started o.e.j.s.ServletContextHandler@530fd795{static,/static,file:///home/runner/work/ozone/ozone/hadoop-ozone/integration-test/target/test-classes/webapps/static,AVAILABLE}
2024-08-09 18:20:54,232 [main] INFO  handler.ContextHandler (ContextHandler.java:doStart(921)) - Started o.e.j.w.WebAppContext@2534aba{scm,/,file:///home/runner/work/ozone/ozone/hadoop-ozone/integration-test/target/test-classes/webapps/scm/,AVAILABLE}{file:/home/runner/work/ozone/ozone/hadoop-ozone/integration-test/target/test-classes/webapps/scm}
2024-08-09 18:20:54,233 [main] INFO  server.AbstractConnector (AbstractConnector.java:doStart(333)) - Started ServerConnector@6e14502a{HTTP/1.1, (http/1.1)}{0.0.0.0:15586}
2024-08-09 18:20:54,233 [main] INFO  server.Server (Server.java:doStart(415)) - Started @592307ms
2024-08-09 18:20:54,233 [main] WARN  impl.MetricsSystemImpl (MetricsSystemImpl.java:register(279)) - Sink prometheus already exists!
2024-08-09 18:20:54,233 [main] INFO  http.BaseHttpServer (BaseHttpServer.java:updateConnectorAddress(354)) - HTTP server of scm listening at http://0.0.0.0:15586
2024-08-09 18:20:54,234 [main] WARN  server.ServerUtils (ServerUtils.java:getDBPath(299)) - ozone.om.db.dirs is not configured. We recommend adding this setting. Falling back to ozone.metadata.dirs instead.
2024-08-09 18:20:54,235 [main] INFO  ha.OMHANodeDetails (OMHANodeDetails.java:loadOMHAConfig(115)) - ozone.om.internal.service.id is not defined, falling back to ozone.om.service.ids to find serviceID for OzoneManager if it is HA enabled cluster
2024-08-09 18:20:54,235 [main] INFO  ha.OMHANodeDetails (OMHANodeDetails.java:loadOMHAConfig(226)) - Configuration does not have ozone.om.address set. Falling back to the default OM address /127.0.0.1:15587
2024-08-09 18:20:54,235 [main] INFO  ha.OMHANodeDetails (OMHANodeDetails.java:getOMNodeDetailsForNonHA(254)) - OM Service ID is not set. Setting it to the default ID: omServiceIdDefault
2024-08-09 18:20:54,236 [main] INFO  ha.OMHANodeDetails (OMHANodeDetails.java:getOMNodeDetailsForNonHA(261)) - OM Node ID is not set. Setting it to the default ID: om1
2024-08-09 18:20:54,236 [main] WARN  server.ServerUtils (ServerUtils.java:getDBPath(299)) - ozone.om.db.dirs is not configured. We recommend adding this setting. Falling back to ozone.metadata.dirs instead.
2024-08-09 18:20:54,237 [main] INFO  upgrade.AbstractLayoutVersionManager (AbstractLayoutVersionManager.java:init(83)) - Initializing Layout version manager with metadata layout = HBASE_SUPPORT (version = 7), software layout = HBASE_SUPPORT (version = 7)
2024-08-09 18:20:54,272 [main] INFO  reflections.Reflections (Reflections.java:scan(219)) - Reflections took 35 ms to scan 2 urls, producing 188 keys and 547 values
2024-08-09 18:20:54,273 [main] INFO  upgrade.OMLayoutVersionManager (OMLayoutVersionManager.java:lambda$0(113)) - Skipping Upgrade Action QuotaRepairUpgradeAction since it has been finalized.
2024-08-09 18:20:54,273 [main] INFO  upgrade.OMLayoutVersionManager (OMLayoutVersionManager.java:lambda$0(113)) - Skipping Upgrade Action MockOmUpgradeAction since it has been finalized.
2024-08-09 18:20:54,273 [main] WARN  server.ServerUtils (ServerUtils.java:getDBPath(299)) - ozone.om.db.dirs is not configured. We recommend adding this setting. Falling back to ozone.metadata.dirs instead.
2024-08-09 18:20:54,274 [main] INFO  proxy.SCMBlockLocationFailoverProxyProvider (SCMBlockLocationFailoverProxyProvider.java:<init>(115)) - Created block location fail-over proxy with 1 nodes: [nodeId=scmNodeId,nodeAddress=/0.0.0.0:15584]
2024-08-09 18:20:54,275 [main] INFO  proxy.SCMBlockLocationFailoverProxyProvider (SCMBlockLocationFailoverProxyProvider.java:<init>(115)) - Created block location fail-over proxy with 1 nodes: [nodeId=scmNodeId,nodeAddress=/0.0.0.0:15584]
2024-08-09 18:20:54,278 [main] INFO  om.OzoneManager (OzoneManager.java:<init>(686)) - OM start with adminUsers: [runner]
2024-08-09 18:20:54,278 [main] WARN  server.ServerUtils (ServerUtils.java:getDBPath(299)) - ozone.om.db.dirs is not configured. We recommend adding this setting. Falling back to ozone.metadata.dirs instead.
2024-08-09 18:20:54,278 [main] INFO  helpers.OmKeyInfo (OmKeyInfo.java:getCodec(72)) - OmKeyInfo.getCodec ignorePipeline = true
2024-08-09 18:20:54,432 [main] INFO  om.OzoneManager (OzoneManager.java:instantiateServices(820)) - S3 Multi-Tenancy is disabled
2024-08-09 18:20:54,432 [main] INFO  om.OmSnapshotManager (OmSnapshotManager.java:<init>(180)) - Ozone filesystem snapshot feature is enabled.
2024-08-09 18:20:54,433 [main] WARN  server.ServerUtils (ServerUtils.java:getDBPath(299)) - ozone.om.snapshot.diff.db.dir is not configured. We recommend adding this setting. Falling back to ozone.metadata.dirs instead.
2024-08-09 18:20:54,459 [main] INFO  utils.NativeLibraryLoader (NativeLibraryLoader.java:loadLibrary(111)) - Loading Library: ozone_rocksdb_tools
2024-08-09 18:20:54,460 [main] ERROR snapshot.SnapshotDiffManager (SnapshotDiffManager.java:initNativeLibraryForEfficientDiff(287)) - Native Library for raw sst file reading loading failed.
org.apache.hadoop.hdds.utils.NativeLibraryNotLoadedException: Unable to load library ozone_rocksdb_tools from both java.library.path & resource file libozone_rocksdb_tools.so from jar.
	at org.apache.hadoop.hdds.utils.db.managed.ManagedRawSSTFileReader.loadLibrary(ManagedRawSSTFileReader.java:40)
	at org.apache.hadoop.ozone.om.snapshot.SnapshotDiffManager.initNativeLibraryForEfficientDiff(SnapshotDiffManager.java:285)
	at org.apache.hadoop.ozone.om.snapshot.SnapshotDiffManager.<init>(SnapshotDiffManager.java:259)
	at org.apache.hadoop.ozone.om.OmSnapshotManager.<init>(OmSnapshotManager.java:287)
	at org.apache.hadoop.ozone.om.OzoneManager.instantiateServices(OzoneManager.java:872)
	at org.apache.hadoop.ozone.om.OzoneManager.<init>(OzoneManager.java:696)
	at org.apache.hadoop.ozone.om.OzoneManager.createOm(OzoneManager.java:783)
	at org.apache.hadoop.ozone.MiniOzoneClusterImpl$Builder.createOM(MiniOzoneClusterImpl.java:703)
	at org.apache.hadoop.ozone.MiniOzoneClusterImpl$Builder.createAndStartSingleOM(MiniOzoneClusterImpl.java:687)
	at org.apache.hadoop.ozone.MiniOzoneClusterImpl$Builder.build(MiniOzoneClusterImpl.java:549)
	at org.apache.hadoop.ozone.client.rpc.TestBlockOutputStream.createCluster(TestBlockOutputStream.java:125)
	at org.apache.hadoop.ozone.client.rpc.TestBlockOutputStreamWithFailures.init(TestBlockOutputStreamWithFailures.java:75)
	at java.base/jdk.internal.reflect.NativeMethodAccessorImpl.invoke0(Native Method)
	at java.base/jdk.internal.reflect.NativeMethodAccessorImpl.invoke(NativeMethodAccessorImpl.java:77)
	at java.base/jdk.internal.reflect.DelegatingMethodAccessorImpl.invoke(DelegatingMethodAccessorImpl.java:43)
	at java.base/java.lang.reflect.Method.invoke(Method.java:569)
	at org.junit.platform.commons.util.ReflectionUtils.invokeMethod(ReflectionUtils.java:728)
	at org.junit.jupiter.engine.execution.MethodInvocation.proceed(MethodInvocation.java:60)
	at org.junit.jupiter.engine.execution.InvocationInterceptorChain$ValidatingInvocation.proceed(InvocationInterceptorChain.java:131)
	at org.junit.jupiter.engine.extension.TimeoutExtension.intercept(TimeoutExtension.java:156)
	at org.junit.jupiter.engine.extension.TimeoutExtension.interceptLifecycleMethod(TimeoutExtension.java:128)
	at org.junit.jupiter.engine.extension.TimeoutExtension.interceptBeforeEachMethod(TimeoutExtension.java:78)
	at org.junit.jupiter.engine.execution.InterceptingExecutableInvoker$ReflectiveInterceptorCall.lambda$ofVoidMethod$0(InterceptingExecutableInvoker.java:103)
	at org.junit.jupiter.engine.execution.InterceptingExecutableInvoker.lambda$invoke$0(InterceptingExecutableInvoker.java:93)
	at org.junit.jupiter.engine.execution.InvocationInterceptorChain$InterceptedInvocation.proceed(InvocationInterceptorChain.java:106)
	at org.junit.jupiter.engine.execution.InvocationInterceptorChain.proceed(InvocationInterceptorChain.java:64)
	at org.junit.jupiter.engine.execution.InvocationInterceptorChain.chainAndInvoke(InvocationInterceptorChain.java:45)
	at org.junit.jupiter.engine.execution.InvocationInterceptorChain.invoke(InvocationInterceptorChain.java:37)
	at org.junit.jupiter.engine.execution.InterceptingExecutableInvoker.invoke(InterceptingExecutableInvoker.java:92)
	at org.junit.jupiter.engine.execution.InterceptingExecutableInvoker.invoke(InterceptingExecutableInvoker.java:86)
	at org.junit.jupiter.engine.descriptor.ClassBasedTestDescriptor.invokeMethodInExtensionContext(ClassBasedTestDescriptor.java:521)
	at org.junit.jupiter.engine.descriptor.ClassBasedTestDescriptor.lambda$synthesizeBeforeEachMethodAdapter$23(ClassBasedTestDescriptor.java:506)
	at org.junit.jupiter.engine.descriptor.TestMethodTestDescriptor.lambda$invokeBeforeEachMethods$3(TestMethodTestDescriptor.java:175)
	at org.junit.jupiter.engine.descriptor.TestMethodTestDescriptor.lambda$invokeBeforeMethodsOrCallbacksUntilExceptionOccurs$6(TestMethodTestDescriptor.java:203)
	at org.junit.platform.engine.support.hierarchical.ThrowableCollector.execute(ThrowableCollector.java:73)
	at org.junit.jupiter.engine.descriptor.TestMethodTestDescriptor.invokeBeforeMethodsOrCallbacksUntilExceptionOccurs(TestMethodTestDescriptor.java:203)
	at org.junit.jupiter.engine.descriptor.TestMethodTestDescriptor.invokeBeforeEachMethods(TestMethodTestDescriptor.java:172)
	at org.junit.jupiter.engine.descriptor.TestMethodTestDescriptor.execute(TestMethodTestDescriptor.java:135)
	at org.junit.jupiter.engine.descriptor.TestMethodTestDescriptor.execute(TestMethodTestDescriptor.java:69)
	at org.junit.platform.engine.support.hierarchical.NodeTestTask.lambda$executeRecursively$6(NodeTestTask.java:151)
	at org.junit.platform.engine.support.hierarchical.ThrowableCollector.execute(ThrowableCollector.java:73)
	at org.junit.platform.engine.support.hierarchical.NodeTestTask.lambda$executeRecursively$8(NodeTestTask.java:141)
	at org.junit.platform.engine.support.hierarchical.Node.around(Node.java:137)
	at org.junit.platform.engine.support.hierarchical.NodeTestTask.lambda$executeRecursively$9(NodeTestTask.java:139)
	at org.junit.platform.engine.support.hierarchical.ThrowableCollector.execute(ThrowableCollector.java:73)
	at org.junit.platform.engine.support.hierarchical.NodeTestTask.executeRecursively(NodeTestTask.java:138)
	at org.junit.platform.engine.support.hierarchical.NodeTestTask.execute(NodeTestTask.java:95)
	at org.junit.platform.engine.support.hierarchical.SameThreadHierarchicalTestExecutorService.submit(SameThreadHierarchicalTestExecutorService.java:35)
	at org.junit.platform.engine.support.hierarchical.NodeTestTask$DefaultDynamicTestExecutor.execute(NodeTestTask.java:226)
	at org.junit.platform.engine.support.hierarchical.NodeTestTask$DefaultDynamicTestExecutor.execute(NodeTestTask.java:204)
	at org.junit.jupiter.engine.descriptor.TestTemplateTestDescriptor.execute(TestTemplateTestDescriptor.java:142)
	at org.junit.jupiter.engine.descriptor.TestTemplateTestDescriptor.lambda$execute$2(TestTemplateTestDescriptor.java:110)
	at java.base/java.util.stream.ForEachOps$ForEachOp$OfRef.accept(ForEachOps.java:183)
	at java.base/java.util.stream.ReferencePipeline$3$1.accept(ReferencePipeline.java:197)
	at java.base/java.util.stream.ReferencePipeline$2$1.accept(ReferencePipeline.java:179)
	at java.base/java.util.stream.ReferencePipeline$3$1.accept(ReferencePipeline.java:197)
	at java.base/java.util.stream.ForEachOps$ForEachOp$OfRef.accept(ForEachOps.java:183)
	at java.base/java.util.stream.ReferencePipeline$3$1.accept(ReferencePipeline.java:197)
	at java.base/java.util.stream.ReferencePipeline$3$1.accept(ReferencePipeline.java:197)
	at java.base/java.util.stream.ReferencePipeline$3$1.accept(ReferencePipeline.java:197)
	at java.base/java.util.stream.ForEachOps$ForEachOp$OfRef.accept(ForEachOps.java:183)
	at java.base/java.util.stream.ReferencePipeline$3$1.accept(ReferencePipeline.java:197)
	at java.base/java.util.Spliterators$ArraySpliterator.forEachRemaining(Spliterators.java:992)
	at java.base/java.util.stream.ReferencePipeline$Head.forEach(ReferencePipeline.java:762)
	at java.base/java.util.stream.ReferencePipeline$7$1.accept(ReferencePipeline.java:276)
	at java.base/java.util.stream.ReferencePipeline$3$1.accept(ReferencePipeline.java:197)
	at java.base/java.util.stream.ReferencePipeline$3$1.accept(ReferencePipeline.java:197)
	at java.base/java.util.stream.ReferencePipeline$3$1.accept(ReferencePipeline.java:197)
	at java.base/java.util.Spliterators$ArraySpliterator.forEachRemaining(Spliterators.java:992)
	at java.base/java.util.stream.AbstractPipeline.copyInto(AbstractPipeline.java:509)
	at java.base/java.util.stream.AbstractPipeline.wrapAndCopyInto(AbstractPipeline.java:499)
	at java.base/java.util.stream.ForEachOps$ForEachOp.evaluateSequential(ForEachOps.java:150)
	at java.base/java.util.stream.ForEachOps$ForEachOp$OfRef.evaluateSequential(ForEachOps.java:173)
	at java.base/java.util.stream.AbstractPipeline.evaluate(AbstractPipeline.java:234)
	at java.base/java.util.stream.ReferencePipeline.forEach(ReferencePipeline.java:596)
	at java.base/java.util.stream.ReferencePipeline$7$1.accept(ReferencePipeline.java:276)
	at java.base/java.util.stream.ReferencePipeline$3$1.accept(ReferencePipeline.java:197)
	at java.base/java.util.stream.ReferencePipeline$3$1.accept(ReferencePipeline.java:197)
	at java.base/java.util.stream.ReferencePipeline$3$1.accept(ReferencePipeline.java:197)
	at java.base/java.util.ArrayList$ArrayListSpliterator.forEachRemaining(ArrayList.java:1625)
	at java.base/java.util.stream.AbstractPipeline.copyInto(AbstractPipeline.java:509)
	at java.base/java.util.stream.AbstractPipeline.wrapAndCopyInto(AbstractPipeline.java:499)
	at java.base/java.util.stream.ForEachOps$ForEachOp.evaluateSequential(ForEachOps.java:150)
	at java.base/java.util.stream.ForEachOps$ForEachOp$OfRef.evaluateSequential(ForEachOps.java:173)
	at java.base/java.util.stream.AbstractPipeline.evaluate(AbstractPipeline.java:234)
	at java.base/java.util.stream.ReferencePipeline.forEach(ReferencePipeline.java:596)
	at java.base/java.util.stream.ReferencePipeline$7$1.accept(ReferencePipeline.java:276)
	at java.base/java.util.ArrayList$ArrayListSpliterator.forEachRemaining(ArrayList.java:1625)
	at java.base/java.util.stream.AbstractPipeline.copyInto(AbstractPipeline.java:509)
	at java.base/java.util.stream.AbstractPipeline.wrapAndCopyInto(AbstractPipeline.java:499)
	at java.base/java.util.stream.ForEachOps$ForEachOp.evaluateSequential(ForEachOps.java:150)
	at java.base/java.util.stream.ForEachOps$ForEachOp$OfRef.evaluateSequential(ForEachOps.java:173)
	at java.base/java.util.stream.AbstractPipeline.evaluate(AbstractPipeline.java:234)
	at java.base/java.util.stream.ReferencePipeline.forEach(ReferencePipeline.java:596)
	at org.junit.jupiter.engine.descriptor.TestTemplateTestDescriptor.execute(TestTemplateTestDescriptor.java:110)
	at org.junit.jupiter.engine.descriptor.TestTemplateTestDescriptor.execute(TestTemplateTestDescriptor.java:44)
	at org.junit.platform.engine.support.hierarchical.NodeTestTask.lambda$executeRecursively$6(NodeTestTask.java:151)
	at org.junit.platform.engine.support.hierarchical.ThrowableCollector.execute(ThrowableCollector.java:73)
	at org.junit.platform.engine.support.hierarchical.NodeTestTask.lambda$executeRecursively$8(NodeTestTask.java:141)
	at org.junit.platform.engine.support.hierarchical.Node.around(Node.java:137)
	at org.junit.platform.engine.support.hierarchical.NodeTestTask.lambda$executeRecursively$9(NodeTestTask.java:139)
	at org.junit.platform.engine.support.hierarchical.ThrowableCollector.execute(ThrowableCollector.java:73)
	at org.junit.platform.engine.support.hierarchical.NodeTestTask.executeRecursively(NodeTestTask.java:138)
	at org.junit.platform.engine.support.hierarchical.NodeTestTask.execute(NodeTestTask.java:95)
	at java.base/java.util.ArrayList.forEach(ArrayList.java:1511)
	at org.junit.platform.engine.support.hierarchical.SameThreadHierarchicalTestExecutorService.invokeAll(SameThreadHierarchicalTestExecutorService.java:41)
	at org.junit.platform.engine.support.hierarchical.NodeTestTask.lambda$executeRecursively$6(NodeTestTask.java:155)
	at org.junit.platform.engine.support.hierarchical.ThrowableCollector.execute(ThrowableCollector.java:73)
	at org.junit.platform.engine.support.hierarchical.NodeTestTask.lambda$executeRecursively$8(NodeTestTask.java:141)
	at org.junit.platform.engine.support.hierarchical.Node.around(Node.java:137)
	at org.junit.platform.engine.support.hierarchical.NodeTestTask.lambda$executeRecursively$9(NodeTestTask.java:139)
	at org.junit.platform.engine.support.hierarchical.ThrowableCollector.execute(ThrowableCollector.java:73)
	at org.junit.platform.engine.support.hierarchical.NodeTestTask.executeRecursively(NodeTestTask.java:138)
	at org.junit.platform.engine.support.hierarchical.NodeTestTask.execute(NodeTestTask.java:95)
	at java.base/java.util.ArrayList.forEach(ArrayList.java:1511)
	at org.junit.platform.engine.support.hierarchical.SameThreadHierarchicalTestExecutorService.invokeAll(SameThreadHierarchicalTestExecutorService.java:41)
	at org.junit.platform.engine.support.hierarchical.NodeTestTask.lambda$executeRecursively$6(NodeTestTask.java:155)
	at org.junit.platform.engine.support.hierarchical.ThrowableCollector.execute(ThrowableCollector.java:73)
	at org.junit.platform.engine.support.hierarchical.NodeTestTask.lambda$executeRecursively$8(NodeTestTask.java:141)
	at org.junit.platform.engine.support.hierarchical.Node.around(Node.java:137)
	at org.junit.platform.engine.support.hierarchical.NodeTestTask.lambda$executeRecursively$9(NodeTestTask.java:139)
	at org.junit.platform.engine.support.hierarchical.ThrowableCollector.execute(ThrowableCollector.java:73)
	at org.junit.platform.engine.support.hierarchical.NodeTestTask.executeRecursively(NodeTestTask.java:138)
	at org.junit.platform.engine.support.hierarchical.NodeTestTask.execute(NodeTestTask.java:95)
	at org.junit.platform.engine.support.hierarchical.SameThreadHierarchicalTestExecutorService.submit(SameThreadHierarchicalTestExecutorService.java:35)
	at org.junit.platform.engine.support.hierarchical.HierarchicalTestExecutor.execute(HierarchicalTestExecutor.java:57)
	at org.junit.platform.engine.support.hierarchical.HierarchicalTestEngine.execute(HierarchicalTestEngine.java:54)
	at org.junit.platform.launcher.core.EngineExecutionOrchestrator.execute(EngineExecutionOrchestrator.java:198)
	at org.junit.platform.launcher.core.EngineExecutionOrchestrator.execute(EngineExecutionOrchestrator.java:169)
	at org.junit.platform.launcher.core.EngineExecutionOrchestrator.execute(EngineExecutionOrchestrator.java:93)
	at org.junit.platform.launcher.core.EngineExecutionOrchestrator.lambda$execute$0(EngineExecutionOrchestrator.java:58)
	at org.junit.platform.launcher.core.EngineExecutionOrchestrator.withInterceptedStreams(EngineExecutionOrchestrator.java:141)
	at org.junit.platform.launcher.core.EngineExecutionOrchestrator.execute(EngineExecutionOrchestrator.java:57)
	at org.junit.platform.launcher.core.DefaultLauncher.execute(DefaultLauncher.java:103)
	at org.junit.platform.launcher.core.DefaultLauncher.execute(DefaultLauncher.java:85)
	at org.junit.platform.launcher.core.DelegatingLauncher.execute(DelegatingLauncher.java:47)
	at org.junit.platform.launcher.core.SessionPerRequestLauncher.execute(SessionPerRequestLauncher.java:63)
	at org.apache.maven.surefire.junitplatform.JUnitPlatformProvider.invokeAllTests(JUnitPlatformProvider.java:154)
	at org.apache.maven.surefire.junitplatform.JUnitPlatformProvider.invoke(JUnitPlatformProvider.java:123)
	at org.apache.maven.surefire.booter.ForkedBooter.runSuitesInProcess(ForkedBooter.java:377)
	at org.apache.maven.surefire.booter.ForkedBooter.execute(ForkedBooter.java:138)
	at org.apache.maven.surefire.booter.ForkedBooter.run(ForkedBooter.java:465)
	at org.apache.maven.surefire.booter.ForkedBooter.main(ForkedBooter.java:451)
2024-08-09 18:20:54,462 [main] INFO  om.OzoneManager (OzoneManager.java:addS3GVolumeToDB(4558)) - Created Volume s3v With Owner runner required for S3Gateway operations.
2024-08-09 18:20:54,462 [main] WARN  server.ServerUtils (ServerUtils.java:getDefaultRatisDirectory(311)) - Storage directory for Ratis is not configured. It is a good idea to map this to an SSD disk. Falling back to ozone.metadata.dirs
2024-08-09 18:20:54,462 [main] WARN  utils.OzoneManagerRatisUtils (OzoneManagerRatisUtils.java:getOMRatisSnapshotDirectory(475)) - ozone.om.ratis.snapshot.dir is not configured. Falling back to ozone.metadata.dirs config
2024-08-09 18:20:54,463 [main] WARN  server.ServerUtils (ServerUtils.java:getDefaultRatisDirectory(311)) - Storage directory for Ratis is not configured. It is a good idea to map this to an SSD disk. Falling back to ozone.metadata.dirs
2024-08-09 18:20:54,464 [main] INFO  ratis.OzoneManagerRatisServer (OzoneManagerRatisServer.java:<init>(168)) - Instantiating OM Ratis server with groupID: omServiceIdDefault and peers: localhost:15590
2024-08-09 18:20:54,464 [main] INFO  ratis.OzoneManagerStateMachine (OzoneManagerStateMachine.java:loadSnapshotInfoFromDB(593)) - TransactionInfo not found in OM DB.
2024-08-09 18:20:54,464 [main] INFO  server.RaftServer (ConfUtils.java:logGet(46)) - raft.rpc.type = GRPC (default)
2024-08-09 18:20:54,465 [main] INFO  grpc.GrpcConfigKeys (ConfUtils.java:logFallback(53)) - raft.grpc.admin.host = null (fallback to raft.grpc.server.host)
2024-08-09 18:20:54,465 [main] INFO  grpc.GrpcConfigKeys (ConfUtils.java:logFallback(53)) - raft.grpc.admin.port = 15590 (fallback to raft.grpc.server.port)
2024-08-09 18:20:54,465 [main] INFO  grpc.GrpcConfigKeys (ConfUtils.java:logFallback(53)) - raft.grpc.client.host = null (fallback to raft.grpc.server.host)
2024-08-09 18:20:54,465 [main] INFO  grpc.GrpcConfigKeys (ConfUtils.java:logFallback(53)) - raft.grpc.client.port = 15590 (fallback to raft.grpc.server.port)
2024-08-09 18:20:54,465 [main] INFO  grpc.GrpcConfigKeys (ConfUtils.java:logGet(46)) - raft.grpc.server.host = null (default)
2024-08-09 18:20:54,465 [main] INFO  grpc.GrpcConfigKeys (ConfUtils.java:logGet(46)) - raft.grpc.server.port = 15590 (custom)
2024-08-09 18:20:54,465 [main] INFO  server.GrpcService (ConfUtils.java:logGet(46)) - raft.grpc.message.size.max = 4194304 (custom)
2024-08-09 18:20:54,466 [main] INFO  server.RaftServerConfigKeys (ConfUtils.java:logGet(46)) - raft.server.log.appender.buffer.byte-limit = 4194304 (custom)
2024-08-09 18:20:54,466 [main] INFO  server.GrpcService (ConfUtils.java:logGet(46)) - raft.grpc.flow.control.window = 1MB (=1048576) (default)
2024-08-09 18:20:54,466 [main] INFO  server.RaftServerConfigKeys (ConfUtils.java:logGet(46)) - raft.server.rpc.request.timeout = 3000ms (default)
2024-08-09 18:20:54,466 [main] INFO  grpc.GrpcConfigKeys (ConfUtils.java:logGet(46)) - raft.grpc.server.heartbeat.channel = true (default)
2024-08-09 18:20:54,466 [main] INFO  grpc.GrpcConfigKeys (ConfUtils.java:logGet(46)) - raft.grpc.server.async.request.thread.pool.cached = true (default)
2024-08-09 18:20:54,466 [main] INFO  grpc.GrpcConfigKeys (ConfUtils.java:logGet(46)) - raft.grpc.server.async.request.thread.pool.size = 32 (default)
2024-08-09 18:20:54,467 [main] INFO  impl.DataStreamServerImpl (ConfUtils.java:logGet(46)) - raft.datastream.type = DISABLED (default)
2024-08-09 18:20:54,467 [main] INFO  server.RaftServerConfigKeys (ConfUtils.java:logGet(46)) - raft.server.sleep.deviation.threshold = 300ms (default)
2024-08-09 18:20:54,467 [main] INFO  server.RaftServerConfigKeys (ConfUtils.java:logGet(46)) - raft.server.close.threshold = 60s (default)
2024-08-09 18:20:54,468 [main] INFO  server.RaftServerConfigKeys (ConfUtils.java:logGet(46)) - raft.server.leaderelection.leader.step-down.wait-time = 10s (default)
2024-08-09 18:20:54,468 [main] INFO  server.RaftServerConfigKeys (ConfUtils.java:logGet(46)) - raft.server.storage.dir = [/home/runner/work/ozone/ozone/hadoop-ozone/integration-test/target/test-dir/MiniOzoneClusterImpl-d43ea6a6-39cf-404b-af74-5e65bec6c33b/ozone-meta/ratis] (custom)
2024-08-09 18:20:54,468 [main] INFO  server.RaftServerConfigKeys (ConfUtils.java:logGet(46)) - raft.server.threadpool.proxy.cached = true (default)
2024-08-09 18:20:54,468 [main] INFO  server.RaftServerConfigKeys (ConfUtils.java:logGet(46)) - raft.server.threadpool.proxy.size = 0 (default)
2024-08-09 18:20:54,469 [main] INFO  server.RaftServer (RaftServerProxy.java:addNew(101)) - om1: addNew group-C5BA1605619E:[om1|localhost:15590] returns group-C5BA1605619E:java.util.concurrent.CompletableFuture@1db8425f[Not completed]
2024-08-09 18:20:54,469 [om1-groupManagement] INFO  server.RaftServer$Division (RaftServerImpl.java:<init>(253)) - om1: new RaftServerImpl for group-C5BA1605619E:[om1|localhost:15590] with OzoneManagerStateMachine:uninitialized
2024-08-09 18:20:54,469 [main] INFO  om.OzoneManager (OzoneManager.java:initializeRatisServer(2177)) - OzoneManager Ratis server initialized at port 15590
2024-08-09 18:20:54,469 [om1-groupManagement] INFO  server.RaftServerConfigKeys (ConfUtils.java:logGet(46)) - raft.server.rpc.timeout.min = 1s (custom)
2024-08-09 18:20:54,469 [om1-groupManagement] INFO  server.RaftServerConfigKeys (ConfUtils.java:logGet(46)) - raft.server.rpc.timeout.max = 1200ms (custom)
2024-08-09 18:20:54,469 [om1-groupManagement] INFO  server.RaftServerConfigKeys (ConfUtils.java:logGet(46)) - raft.server.rpc.sleep.time = 25ms (default)
2024-08-09 18:20:54,469 [om1-groupManagement] INFO  server.RaftServerConfigKeys (ConfUtils.java:logGet(46)) - raft.server.rpc.slowness.timeout = 120s (custom)
2024-08-09 18:20:54,469 [om1-groupManagement] INFO  server.RaftServerConfigKeys (ConfUtils.java:logGet(46)) - raft.server.leaderelection.leader.step-down.wait-time = 10s (default)
2024-08-09 18:20:54,469 [om1-groupManagement] INFO  server.RaftServerConfigKeys (ConfUtils.java:logGet(46)) - raft.server.leaderelection.member.majority-add = false (default)
2024-08-09 18:20:54,469 [om1-groupManagement] INFO  server.RaftServerConfigKeys (ConfUtils.java:logGet(46)) - raft.server.sleep.deviation.threshold = 300ms (default)
2024-08-09 18:20:54,469 [om1-groupManagement] INFO  server.RaftServer$Division (ServerState.java:<init>(114)) - om1@group-C5BA1605619E: ConfigurationManager, init=conf: {index: -1, cur=peers:[om1|localhost:15590]|listeners:[], old=null}, confs=<EMPTY_MAP>
2024-08-09 18:20:54,469 [main] INFO  om.OzoneManager (OzoneManager.java:getRpcServer(1236)) - Creating RPC Server
2024-08-09 18:20:54,469 [om1-groupManagement] INFO  server.RaftServerConfigKeys (ConfUtils.java:logGet(46)) - raft.server.notification.no-leader.timeout = 120s (custom)
2024-08-09 18:20:54,470 [om1-groupManagement] INFO  server.RaftServerConfigKeys (ConfUtils.java:logGet(46)) - raft.server.read.timeout = 10s (default)
2024-08-09 18:20:54,470 [om1-groupManagement] INFO  server.RaftServerConfigKeys (ConfUtils.java:logGet(46)) - raft.server.retrycache.expirytime = 300s (custom)
2024-08-09 18:20:54,470 [om1-groupManagement] INFO  server.RaftServerConfigKeys (ConfUtils.java:logGet(46)) - raft.server.retrycache.statistics.expirytime = 100ms (default)
2024-08-09 18:20:54,470 [om1-groupManagement] INFO  server.RaftServerConfigKeys (ConfUtils.java:logGet(46)) - raft.server.read.option = DEFAULT (default)
2024-08-09 18:20:54,470 [om1-groupManagement] INFO  server.RaftServerConfigKeys (ConfUtils.java:logGet(46)) - raft.server.read.read-after-write-consistent.write-index-cache.expiry-time = 60s (default)
2024-08-09 18:20:54,472 [om1-groupManagement] INFO  server.RaftServerConfigKeys (ConfUtils.java:logGet(46)) - raft.server.rpc.request.timeout = 3000ms (default)
2024-08-09 18:20:54,472 [om1-groupManagement] INFO  server.RaftServerConfigKeys (ConfUtils.java:logGet(46)) - raft.server.log.appender.install.snapshot.enabled = false (custom)
2024-08-09 18:20:54,472 [om1-groupManagement] INFO  server.RaftServerConfigKeys (ConfUtils.java:logGet(46)) - raft.server.threadpool.server.cached = true (default)
2024-08-09 18:20:54,472 [om1-groupManagement] INFO  server.RaftServerConfigKeys (ConfUtils.java:logGet(46)) - raft.server.threadpool.server.size = 0 (default)
2024-08-09 18:20:54,472 [om1-groupManagement] INFO  server.RaftServerConfigKeys (ConfUtils.java:logGet(46)) - raft.server.threadpool.client.cached = true (default)
2024-08-09 18:20:54,472 [om1-groupManagement] INFO  server.RaftServerConfigKeys (ConfUtils.java:logGet(46)) - raft.server.threadpool.client.size = 0 (default)
2024-08-09 18:20:54,757 [main] INFO  reflections.Reflections (Reflections.java:scan(219)) - Reflections took 287 ms to scan 20 urls, producing 59 keys and 6773 values
2024-08-09 18:20:54,758 [main] INFO  ipc.CallQueueManager (CallQueueManager.java:<init>(90)) - Using callQueue: class java.util.concurrent.LinkedBlockingQueue, queueCapacity: 2000, scheduler: class org.apache.hadoop.ipc.DefaultRpcScheduler, ipcBackoff: false.
2024-08-09 18:20:54,758 [main] INFO  ipc.Server (Server.java:<init>(1287)) - Listener at 127.0.0.1:15587
2024-08-09 18:20:54,759 [Socket Reader #1 for port 15587] INFO  ipc.Server (Server.java:run(1323)) - Starting Socket Reader #1 for port 15587
2024-08-09 18:20:54,759 [Socket Reader #2 for port 15587] INFO  ipc.Server (Server.java:run(1323)) - Starting Socket Reader #2 for port 15587
2024-08-09 18:20:54,759 [Socket Reader #3 for port 15587] INFO  ipc.Server (Server.java:run(1323)) - Starting Socket Reader #3 for port 15587
2024-08-09 18:20:54,759 [Socket Reader #4 for port 15587] INFO  ipc.Server (Server.java:run(1323)) - Starting Socket Reader #4 for port 15587
2024-08-09 18:20:54,759 [Socket Reader #5 for port 15587] INFO  ipc.Server (Server.java:run(1323)) - Starting Socket Reader #5 for port 15587
2024-08-09 18:20:54,760 [Socket Reader #6 for port 15587] INFO  ipc.Server (Server.java:run(1323)) - Starting Socket Reader #6 for port 15587
2024-08-09 18:20:54,760 [Socket Reader #8 for port 15587] INFO  ipc.Server (Server.java:run(1323)) - Starting Socket Reader #8 for port 15587
2024-08-09 18:20:54,760 [Socket Reader #7 for port 15587] INFO  ipc.Server (Server.java:run(1323)) - Starting Socket Reader #7 for port 15587
2024-08-09 18:20:54,760 [Socket Reader #9 for port 15587] INFO  ipc.Server (Server.java:run(1323)) - Starting Socket Reader #9 for port 15587
2024-08-09 18:20:54,760 [Socket Reader #10 for port 15587] INFO  ipc.Server (Server.java:run(1323)) - Starting Socket Reader #10 for port 15587
2024-08-09 18:20:54,775 [main] INFO  impl.MetricsSystemImpl (MetricsSystemImpl.java:init(158)) - OzoneManager metrics system started (again)
2024-08-09 18:20:54,784 [main] INFO  om.OzoneManager (OzoneManager.java:start(1660)) - OzoneManager RPC server is listening at localhost/127.0.0.1:15587
2024-08-09 18:20:54,784 [main] INFO  ratis.OzoneManagerRatisServer (OzoneManagerRatisServer.java:start(594)) - Starting OzoneManagerRatisServer om1 at port 15590
2024-08-09 18:20:54,784 [om1-impl-thread1] INFO  server.RaftServerConfigKeys (ConfUtils.java:logGet(46)) - raft.server.storage.free-space.min = 0MB (=0) (default)
2024-08-09 18:20:54,785 [om1-impl-thread1] INFO  server.RaftServerConfigKeys (ConfUtils.java:logGet(46)) - raft.server.log.corruption.policy = EXCEPTION (default)
2024-08-09 18:20:54,785 [om1-impl-thread1] INFO  server.RaftServerConfigKeys (ConfUtils.java:logGet(46)) - raft.server.storage.dir = [/home/runner/work/ozone/ozone/hadoop-ozone/integration-test/target/test-dir/MiniOzoneClusterImpl-d43ea6a6-39cf-404b-af74-5e65bec6c33b/ozone-meta/ratis] (custom)
2024-08-09 18:20:54,785 [om1-impl-thread1] INFO  storage.RaftStorageDirectory (RaftStorageDirectoryImpl.java:analyzeStorage(138)) - The storage directory /home/runner/work/ozone/ozone/hadoop-ozone/integration-test/target/test-dir/MiniOzoneClusterImpl-d43ea6a6-39cf-404b-af74-5e65bec6c33b/ozone-meta/ratis/bf265839-605b-3f16-9796-c5ba1605619e does not exist. Creating ...
2024-08-09 18:20:54,788 [om1-impl-thread1] INFO  storage.RaftStorageDirectory (RaftStorageDirectoryImpl.java:tryLock(229)) - Lock on /home/runner/work/ozone/ozone/hadoop-ozone/integration-test/target/test-dir/MiniOzoneClusterImpl-d43ea6a6-39cf-404b-af74-5e65bec6c33b/ozone-meta/ratis/bf265839-605b-3f16-9796-c5ba1605619e/in_use.lock acquired by nodename 49851@fv-az1244-646
2024-08-09 18:20:54,790 [om1-impl-thread1] INFO  storage.RaftStorage (RaftStorageImpl.java:format(98)) - Storage directory /home/runner/work/ozone/ozone/hadoop-ozone/integration-test/target/test-dir/MiniOzoneClusterImpl-d43ea6a6-39cf-404b-af74-5e65bec6c33b/ozone-meta/ratis/bf265839-605b-3f16-9796-c5ba1605619e has been successfully formatted.
2024-08-09 18:20:54,790 [om1-impl-thread1] INFO  server.RaftServerConfigKeys (ConfUtils.java:logGet(46)) - raft.server.log.use.memory = false (default)
2024-08-09 18:20:54,790 [om1-impl-thread1] INFO  server.RaftServerConfigKeys (ConfUtils.java:logGet(46)) - raft.server.log.purge.gap = 1000000 (custom)
2024-08-09 18:20:54,790 [om1-impl-thread1] INFO  server.RaftServerConfigKeys (ConfUtils.java:logGet(46)) - raft.server.log.appender.buffer.byte-limit = 4194304 (custom)
2024-08-09 18:20:54,790 [om1-impl-thread1] INFO  server.RaftServerConfigKeys (ConfUtils.java:logGet(46)) - raft.server.log.statemachine.data.read.timeout = 1000ms (default)
2024-08-09 18:20:54,790 [om1-impl-thread1] INFO  server.RaftServerConfigKeys (ConfUtils.java:logGet(46)) - raft.server.log.purge.preservation.log.num = 0 (default)
2024-08-09 18:20:54,790 [om1-impl-thread1] INFO  server.RaftServerConfigKeys (ConfUtils.java:logGet(46)) - raft.server.log.segment.size.max = 4194304 (custom)
2024-08-09 18:20:54,791 [om1-impl-thread1] INFO  server.RaftServerConfigKeys (ConfUtils.java:logGet(46)) - raft.server.log.segment.cache.num.max = 2 (custom)
2024-08-09 18:20:54,791 [om1-impl-thread1] INFO  server.RaftServerConfigKeys (ConfUtils.java:logGet(46)) - raft.server.log.segment.cache.size.max = 200MB (=209715200) (default)
2024-08-09 18:20:54,791 [om1-impl-thread1] INFO  server.RaftServerConfigKeys (ConfUtils.java:logGet(46)) - raft.server.log.appender.buffer.byte-limit = 4194304 (custom)
2024-08-09 18:20:54,791 [om1-impl-thread1] INFO  util.AwaitToRun (AwaitToRun.java:start(81)) - Thread[om1@group-C5BA1605619E-cacheEviction-AwaitToRun,5,main] started
2024-08-09 18:20:54,791 [om1-impl-thread1] INFO  segmented.SegmentedRaftLogWorker (SegmentedRaftLogWorker.java:<init>(184)) - new om1@group-C5BA1605619E-SegmentedRaftLogWorker for RaftStorageImpl:Storage Directory /home/runner/work/ozone/ozone/hadoop-ozone/integration-test/target/test-dir/MiniOzoneClusterImpl-d43ea6a6-39cf-404b-af74-5e65bec6c33b/ozone-meta/ratis/bf265839-605b-3f16-9796-c5ba1605619e
2024-08-09 18:20:54,791 [om1-impl-thread1] INFO  server.RaftServerConfigKeys (ConfUtils.java:logGet(46)) - raft.server.log.queue.byte-limit = 64MB (=67108864) (default)
2024-08-09 18:20:54,791 [om1-impl-thread1] INFO  server.RaftServerConfigKeys (ConfUtils.java:logGet(46)) - raft.server.log.queue.element-limit = 4096 (default)
2024-08-09 18:20:54,791 [om1-impl-thread1] INFO  server.RaftServerConfigKeys (ConfUtils.java:logGet(46)) - raft.server.log.segment.size.max = 4194304 (custom)
2024-08-09 18:20:54,791 [om1-impl-thread1] INFO  server.RaftServerConfigKeys (ConfUtils.java:logGet(46)) - raft.server.log.preallocated.size = 4194304 (custom)
2024-08-09 18:20:54,791 [om1-impl-thread1] INFO  server.RaftServerConfigKeys (ConfUtils.java:logGet(46)) - raft.server.log.force.sync.num = 128 (default)
2024-08-09 18:20:54,791 [om1-impl-thread1] INFO  server.RaftServerConfigKeys (ConfUtils.java:logGet(46)) - raft.server.log.statemachine.data.sync = true (default)
2024-08-09 18:20:54,791 [om1-impl-thread1] INFO  server.RaftServerConfigKeys (ConfUtils.java:logGet(46)) - raft.server.log.statemachine.data.sync.timeout = 10s (default)
2024-08-09 18:20:54,792 [om1-impl-thread1] INFO  server.RaftServerConfigKeys (ConfUtils.java:logGet(46)) - raft.server.log.statemachine.data.sync.timeout.retry = -1 (default)
2024-08-09 18:20:54,792 [om1-impl-thread1] INFO  server.RaftServerConfigKeys (ConfUtils.java:logGet(46)) - raft.server.log.write.buffer.size = 4194312 (custom)
2024-08-09 18:20:54,793 [om1-impl-thread1] INFO  server.RaftServerConfigKeys (ConfUtils.java:logGet(46)) - raft.server.log.appender.buffer.byte-limit = 4194304 (custom)
2024-08-09 18:20:54,793 [om1-impl-thread1] INFO  server.RaftServerConfigKeys (ConfUtils.java:logGet(46)) - raft.server.log.unsafe-flush.enabled = false (default)
2024-08-09 18:20:54,793 [om1-impl-thread1] INFO  server.RaftServerConfigKeys (ConfUtils.java:logGet(46)) - raft.server.log.async-flush.enabled = false (default)
2024-08-09 18:20:54,793 [om1-impl-thread1] INFO  server.RaftServerConfigKeys (ConfUtils.java:logGet(46)) - raft.server.log.statemachine.data.caching.enabled = false (default)
2024-08-09 18:20:54,793 [om1-impl-thread1] INFO  segmented.SegmentedRaftLogWorker (SegmentedRaftLogWorker.java:lambda$new$0(135)) - om1@group-C5BA1605619E-SegmentedRaftLogWorker: flushIndex: setUnconditionally 0 -> -1
2024-08-09 18:20:54,793 [om1-impl-thread1] INFO  segmented.SegmentedRaftLogWorker (SegmentedRaftLogWorker.java:lambda$new$0(135)) - om1@group-C5BA1605619E-SegmentedRaftLogWorker: safeCacheEvictIndex: setUnconditionally 0 -> -1
2024-08-09 18:20:54,793 [om1-impl-thread1] INFO  server.RaftServer$Division (RaftServerImpl.java:start(389)) - om1@group-C5BA1605619E: start as a follower, conf=conf: {index: -1, cur=peers:[om1|localhost:15590]|listeners:[], old=null}
2024-08-09 18:20:54,793 [om1-impl-thread1] INFO  server.RaftServer$Division (RaftServerImpl.java:setRole(376)) - om1@group-C5BA1605619E: changes role from      null to FOLLOWER at term 0 for startAsFollower
2024-08-09 18:20:54,793 [om1-impl-thread1] INFO  impl.RoleInfo (RoleInfo.java:updateAndGet(148)) - om1: start om1@group-C5BA1605619E-FollowerState
2024-08-09 18:20:54,794 [om1@group-C5BA1605619E-FollowerState] INFO  server.RaftServerConfigKeys (ConfUtils.java:logFallback(53)) - raft.server.rpc.first-election.timeout.min = 1s (fallback to raft.server.rpc.timeout.min)
2024-08-09 18:20:54,794 [om1-impl-thread1] INFO  util.JmxRegister (JmxRegister.java:tryRegister(44)) - Successfully registered JMX Bean with object name Ratis:service=RaftServer,group=group-C5BA1605619E,id=om1
2024-08-09 18:20:54,794 [om1-impl-thread1] INFO  util.JmxRegister (JmxRegister.java:register(58)) - register mxBean class org.apache.ratis.server.impl.RaftServerJmxAdapter as Ratis:service=RaftServer,group=group-C5BA1605619E,id=om1
2024-08-09 18:20:54,794 [om1-impl-thread1] INFO  server.RaftServerConfigKeys (ConfUtils.java:logGet(46)) - raft.server.snapshot.trigger-when-stop.enabled = true (default)
2024-08-09 18:20:54,794 [om1-impl-thread1] INFO  server.RaftServerConfigKeys (ConfUtils.java:logGet(46)) - raft.server.snapshot.trigger-when-remove.enabled = true (default)
2024-08-09 18:20:54,794 [om1-impl-thread1] INFO  server.RaftServerConfigKeys (ConfUtils.java:logGet(46)) - raft.server.snapshot.auto.trigger.enabled = true (custom)
2024-08-09 18:20:54,794 [om1-impl-thread1] INFO  server.RaftServerConfigKeys (ConfUtils.java:logGet(46)) - raft.server.snapshot.auto.trigger.threshold = 400000 (default)
2024-08-09 18:20:54,794 [om1-impl-thread1] INFO  server.RaftServerConfigKeys (ConfUtils.java:logGet(46)) - raft.server.snapshot.retention.file.num = -1 (default)
2024-08-09 18:20:54,794 [om1-impl-thread1] INFO  server.RaftServerConfigKeys (ConfUtils.java:logGet(46)) - raft.server.log.purge.upto.snapshot.index = true (custom)
2024-08-09 18:20:54,794 [om1@group-C5BA1605619E-FollowerState] INFO  server.RaftServerConfigKeys (ConfUtils.java:logFallback(53)) - raft.server.rpc.first-election.timeout.max = 1200ms (fallback to raft.server.rpc.timeout.max)
2024-08-09 18:20:54,794 [main] INFO  server.RaftServer (RaftServerProxy.java:startImpl(408)) - om1: start RPC server
2024-08-09 18:20:54,795 [main] INFO  server.GrpcService (GrpcService.java:startImpl(302)) - om1: GrpcService started, listening on 15590
2024-08-09 18:20:54,795 [JvmPauseMonitor82] INFO  util.JvmPauseMonitor (JvmPauseMonitor.java:run(146)) - JvmPauseMonitor-om1: Started
2024-08-09 18:20:54,796 [main] INFO  om.OzoneManager (OzoneManager.java:start(1675)) - Version File has different layout version (7) than OM DB (null). That is expected if this OM has never been finalized to a newer layout version.
2024-08-09 18:20:54,798 [main] INFO  client.ScmTopologyClient (ScmTopologyClient.java:start(72)) - Initial network topology fetched from SCM: /.
2024-08-09 18:20:54,798 [main] INFO  net.NodeSchemaLoader (NodeSchemaLoader.java:loadSchemaFromFile(129)) - Loading schema from [jar:file:/home/runner/work/ozone/ozone/hadoop-hdds/common/target/hdds-common-1.5.0-SNAPSHOT.jar!/network-topology-default.xml]
2024-08-09 18:20:54,799 [main] INFO  net.NodeSchemaLoader (NodeSchemaLoader.java:loadSchema(176)) - Loading network topology layer schema file
2024-08-09 18:20:54,802 [main] INFO  http.BaseHttpServer (BaseHttpServer.java:newHttpServer2BuilderForOzone(223)) - Starting Web-server for ozoneManager at: http://0.0.0.0:15588
2024-08-09 18:20:54,802 [main] INFO  http.BaseHttpServer (BaseHttpServer.java:<init>(110)) - Hadoop Security Enabled: false Ozone Security Enabled: false Ozone HTTP Security Enabled: false 
2024-08-09 18:20:54,803 [main] WARN  server.AuthenticationFilter (AuthenticationFilter.java:constructSecretProvider(240)) - Unable to initialize FileSignerSecretProvider, falling back to use random secrets. Reason: Could not read signature secret file: /home/runner/hadoop-http-auth-signature-secret
2024-08-09 18:20:54,803 [main] INFO  http.HttpRequestLog (HttpRequestLog.java:getRequestLog(86)) - Http request log for http.requests.ozoneManager is not defined
2024-08-09 18:20:54,804 [main] INFO  http.HttpServer2 (HttpServer2.java:addGlobalFilter(1035)) - Added global filter 'safety' (class=org.apache.hadoop.hdds.server.http.HttpServer2$QuotingInputFilter)
2024-08-09 18:20:54,804 [main] INFO  http.HttpServer2 (HttpServer2.java:addFilter(1011)) - Added filter static_user_filter (class=org.apache.hadoop.http.lib.StaticUserWebFilter$StaticUserFilter) to context ozoneManager
2024-08-09 18:20:54,804 [main] INFO  http.HttpServer2 (HttpServer2.java:addFilter(1019)) - Added filter static_user_filter (class=org.apache.hadoop.http.lib.StaticUserWebFilter$StaticUserFilter) to context logs
2024-08-09 18:20:54,805 [main] INFO  http.HttpServer2 (HttpServer2.java:addFilter(1019)) - Added filter static_user_filter (class=org.apache.hadoop.http.lib.StaticUserWebFilter$StaticUserFilter) to context static
2024-08-09 18:20:54,805 [main] INFO  http.BaseHttpServer (BaseHttpServer.java:<init>(189)) - HTTP server of ozoneManager uses base directory /home/runner/work/ozone/ozone/hadoop-ozone/integration-test/target/test-dir/MiniOzoneClusterImpl-d43ea6a6-39cf-404b-af74-5e65bec6c33b/ozone-meta/webserver
2024-08-09 18:20:54,805 [main] INFO  http.HttpServer2 (HttpServer2.java:bindListener(1235)) - Jetty bound to port 15588
2024-08-09 18:20:54,805 [main] INFO  server.Server (Server.java:doStart(375)) - jetty-9.4.55.v20240627; built: 2024-06-27T15:05:37.765Z; git: 70015831e5195ba74da6383c4ab7c90c56bb08af; jvm 17.0.12+7
2024-08-09 18:20:54,806 [main] INFO  server.session (DefaultSessionIdManager.java:doStart(334)) - DefaultSessionIdManager workerName=node0
2024-08-09 18:20:54,806 [main] INFO  server.session (DefaultSessionIdManager.java:doStart(339)) - No SessionScavenger set, using defaults
2024-08-09 18:20:54,807 [main] INFO  server.session (HouseKeeper.java:startScavenging(132)) - node0 Scavenging every 600000ms
2024-08-09 18:20:54,807 [main] INFO  handler.ContextHandler (ContextHandler.java:doStart(921)) - Started o.e.j.s.ServletContextHandler@378b2953{logs,/logs,file:///home/runner/work/ozone/ozone/hadoop-ozone/integration-test/target/log,AVAILABLE}
2024-08-09 18:20:54,807 [main] INFO  handler.ContextHandler (ContextHandler.java:doStart(921)) - Started o.e.j.s.ServletContextHandler@5bcb66b1{static,/static,file:///home/runner/work/ozone/ozone/hadoop-ozone/integration-test/target/test-classes/webapps/static,AVAILABLE}
2024-08-09 18:20:54,811 [main] INFO  handler.ContextHandler (ContextHandler.java:doStart(921)) - Started o.e.j.w.WebAppContext@739d9f97{ozoneManager,/,file:///home/runner/work/ozone/ozone/hadoop-ozone/integration-test/target/test-classes/webapps/ozoneManager/,AVAILABLE}{file:/home/runner/work/ozone/ozone/hadoop-ozone/integration-test/target/test-classes/webapps/ozoneManager}
2024-08-09 18:20:54,811 [main] INFO  server.AbstractConnector (AbstractConnector.java:doStart(333)) - Started ServerConnector@4e453285{HTTP/1.1, (http/1.1)}{0.0.0.0:15588}
2024-08-09 18:20:54,811 [main] INFO  server.Server (Server.java:doStart(415)) - Started @592886ms
2024-08-09 18:20:54,811 [main] WARN  impl.MetricsSystemImpl (MetricsSystemImpl.java:register(279)) - Sink prometheus already exists!
2024-08-09 18:20:54,812 [main] INFO  http.BaseHttpServer (BaseHttpServer.java:updateConnectorAddress(354)) - HTTP server of ozoneManager listening at http://0.0.0.0:15588
2024-08-09 18:20:54,812 [IPC Server Responder] INFO  ipc.Server (Server.java:run(1562)) - IPC Server Responder: starting
2024-08-09 18:20:54,812 [IPC Server listener on 15587] INFO  ipc.Server (Server.java:run(1402)) - IPC Server listener on 15587: starting
2024-08-09 18:20:54,814 [main] INFO  om.OzoneManager (OzoneManager.java:startTrashEmptier(2130)) - Trash Interval set to 0. Files deleted won't move to trash
2024-08-09 18:20:54,823 [main] WARN  dropwizard3.Dm3MetricRegistriesImpl (Dm3MetricRegistriesImpl.java:addReporterRegistration(114)) - New reporters are added after registries were created. Some metrics will be missing from the reporter. Please add reporter before adding any new registry.
2024-08-09 18:20:54,824 [main] WARN  dropwizard3.Dm3MetricRegistriesImpl (Dm3MetricRegistriesImpl.java:addReporterRegistration(114)) - New reporters are added after registries were created. Some metrics will be missing from the reporter. Please add reporter before adding any new registry.
2024-08-09 18:20:54,824 [main] INFO  impl.MetricsSystemImpl (MetricsSystemImpl.java:init(158)) - HddsDatanode metrics system started (again)
2024-08-09 18:20:54,832 [main] INFO  ozone.HddsDatanodeService (HddsDatanodeService.java:start(235)) - HddsDatanodeService host:fv-az1244-646.2ivcf5gccrduxdzatmozi1qnag.dx.internal.cloudapp.net ip:10.1.0.6
2024-08-09 18:20:54,834 [main] INFO  upgrade.AbstractLayoutVersionManager (AbstractLayoutVersionManager.java:init(83)) - Initializing Layout version manager with metadata layout = HBASE_SUPPORT (version = 8), software layout = HBASE_SUPPORT (version = 8)
2024-08-09 18:20:54,835 [main] INFO  statemachine.DatanodeStateMachine (DatanodeStateMachine.java:getEndPointTaskThreadPoolSize(292)) - Datanode State Machine Task Thread Pool size 2
2024-08-09 18:20:54,836 [main] INFO  volume.HddsVolume (HddsVolume.java:<init>(126)) - Creating HddsVolume: /home/runner/work/ozone/ozone/hadoop-ozone/integration-test/target/test-dir/MiniOzoneClusterImpl-d43ea6a6-39cf-404b-af74-5e65bec6c33b/ozone-meta/datanode-1/data-0/hdds of storage type : DISK capacity : 9222449699674390527
2024-08-09 18:20:54,836 [main] INFO  volume.MutableVolumeSet (MutableVolumeSet.java:initializeVolumeSet(173)) - Added Volume : /home/runner/work/ozone/ozone/hadoop-ozone/integration-test/target/test-dir/MiniOzoneClusterImpl-d43ea6a6-39cf-404b-af74-5e65bec6c33b/ozone-meta/datanode-1/data-0/hdds to VolumeSet
2024-08-09 18:20:54,836 [main] INFO  volume.MutableVolumeSet (MutableVolumeSet.java:initializeVolumeSet(173)) - Added Volume : /home/runner/work/ozone/ozone/hadoop-ozone/integration-test/target/test-dir/MiniOzoneClusterImpl-d43ea6a6-39cf-404b-af74-5e65bec6c33b/ozone-meta/datanode-1/ratis to VolumeSet
2024-08-09 18:20:54,837 [main] INFO  ozoneimpl.OzoneContainer (HddsVolumeUtil.java:loadAllHddsVolumeDbStore(103)) - Load 1 volumes DbStore cost: 1ms
2024-08-09 18:20:54,838 [main] INFO  server.RaftServer (ConfUtils.java:logGet(46)) - raft.rpc.type = GRPC (default)
2024-08-09 18:20:54,838 [main] INFO  grpc.GrpcConfigKeys (ConfUtils.java:logFallback(53)) - raft.grpc.admin.host = null (fallback to raft.grpc.server.host)
2024-08-09 18:20:54,838 [main] INFO  grpc.GrpcConfigKeys (ConfUtils.java:logGet(46)) - raft.grpc.admin.port = 15595 (custom)
2024-08-09 18:20:54,838 [main] INFO  grpc.GrpcConfigKeys (ConfUtils.java:logFallback(53)) - raft.grpc.client.host = null (fallback to raft.grpc.server.host)
2024-08-09 18:20:54,839 [main] INFO  grpc.GrpcConfigKeys (ConfUtils.java:logGet(46)) - raft.grpc.client.port = 15595 (custom)
2024-08-09 18:20:54,839 [main] INFO  grpc.GrpcConfigKeys (ConfUtils.java:logGet(46)) - raft.grpc.server.host = null (default)
2024-08-09 18:20:54,839 [main] INFO  grpc.GrpcConfigKeys (ConfUtils.java:logGet(46)) - raft.grpc.server.port = 15595 (custom)
2024-08-09 18:20:54,839 [main] INFO  server.GrpcService (ConfUtils.java:logGet(46)) - raft.grpc.message.size.max = 32MB (=33554432) (custom)
2024-08-09 18:20:54,839 [main] INFO  server.RaftServerConfigKeys (ConfUtils.java:logGet(46)) - raft.server.log.appender.buffer.byte-limit = 8388608 (custom)
2024-08-09 18:20:54,839 [main] INFO  server.GrpcService (ConfUtils.java:logGet(46)) - raft.grpc.flow.control.window = 5MB (=5242880) (custom)
2024-08-09 18:20:54,839 [main] INFO  server.RaftServerConfigKeys (ConfUtils.java:logGet(46)) - raft.server.rpc.request.timeout = 3000ms (default)
2024-08-09 18:20:54,839 [main] INFO  grpc.GrpcConfigKeys (ConfUtils.java:logGet(46)) - raft.grpc.server.heartbeat.channel = true (default)
2024-08-09 18:20:54,840 [main] INFO  grpc.GrpcConfigKeys (ConfUtils.java:logGet(46)) - raft.grpc.server.async.request.thread.pool.cached = true (default)
2024-08-09 18:20:54,840 [main] INFO  grpc.GrpcConfigKeys (ConfUtils.java:logGet(46)) - raft.grpc.server.async.request.thread.pool.size = 32 (default)
2024-08-09 18:20:54,841 [main] INFO  impl.DataStreamServerImpl (ConfUtils.java:logGet(46)) - raft.datastream.type = NETTY (custom)
2024-08-09 18:20:54,841 [main] INFO  server.RaftServerConfigKeys (ConfUtils.java:logGet(46)) - raft.server.data-stream.async.request.thread.pool.cached = false (default)
2024-08-09 18:20:54,841 [main] INFO  server.RaftServerConfigKeys (ConfUtils.java:logGet(46)) - raft.server.data-stream.async.request.thread.pool.size = 20 (custom)
2024-08-09 18:20:54,841 [main] INFO  server.RaftServerConfigKeys (ConfUtils.java:logGet(46)) - raft.server.data-stream.async.write.thread.pool.size = 16 (default)
2024-08-09 18:20:54,841 [main] INFO  netty.NettyConfigKeys$DataStream (ConfUtils.java:logGet(46)) - raft.netty.dataStream.server.channel.inactive.grace-period = 10min (default)
2024-08-09 18:20:54,841 [main] INFO  server.RaftServerConfigKeys (ConfUtils.java:logGet(46)) - raft.server.data-stream.client.pool.size = 10 (default)
2024-08-09 18:20:54,841 [main] INFO  netty.NettyConfigKeys$DataStream (ConfUtils.java:logGet(46)) - raft.netty.dataStream.server.use-epoll = true (default)
2024-08-09 18:20:54,842 [main] INFO  netty.NettyConfigKeys$DataStream (ConfUtils.java:logGet(46)) - raft.netty.dataStream.server.boss-group.size = 0 (default)
2024-08-09 18:20:54,842 [main] INFO  netty.NettyUtils (NettyUtils.java:newEventLoopGroup(74)) - Create EpollEventLoopGroup for 98b1311b-33ed-441a-9d1f-284a1b8d0a39-NettyServerStreamRpc-bossGroup; Thread size is 0.
2024-08-09 18:20:54,842 [main] INFO  netty.NettyConfigKeys$DataStream (ConfUtils.java:logGet(46)) - raft.netty.dataStream.server.worker-group.size = 0 (default)
2024-08-09 18:20:54,842 [main] INFO  netty.NettyUtils (NettyUtils.java:newEventLoopGroup(74)) - Create EpollEventLoopGroup for 98b1311b-33ed-441a-9d1f-284a1b8d0a39-NettyServerStreamRpc-workerGroup; Thread size is 0.
2024-08-09 18:20:54,842 [main] INFO  netty.NettyConfigKeys$DataStream (ConfUtils.java:logGet(46)) - raft.netty.dataStream.server.tls.conf = null (default)
2024-08-09 18:20:54,843 [main] INFO  netty.NettyConfigKeys$DataStream (ConfUtils.java:logGet(46)) - raft.netty.dataStream.host = null (default)
2024-08-09 18:20:54,843 [main] INFO  netty.NettyConfigKeys$DataStream (ConfUtils.java:logGet(46)) - raft.netty.dataStream.port = 15598 (custom)
2024-08-09 18:20:54,843 [main] INFO  server.RaftServerConfigKeys (ConfUtils.java:logGet(46)) - raft.server.sleep.deviation.threshold = 300ms (default)
2024-08-09 18:20:54,843 [main] INFO  server.RaftServerConfigKeys (ConfUtils.java:logGet(46)) - raft.server.close.threshold = 60s (default)
2024-08-09 18:20:54,843 [main] INFO  server.RaftServerConfigKeys (ConfUtils.java:logGet(46)) - raft.server.leaderelection.leader.step-down.wait-time = 10s (default)
2024-08-09 18:20:54,844 [main] INFO  server.RaftServerConfigKeys (ConfUtils.java:logGet(46)) - raft.server.storage.dir = [/home/runner/work/ozone/ozone/hadoop-ozone/integration-test/target/test-dir/MiniOzoneClusterImpl-d43ea6a6-39cf-404b-af74-5e65bec6c33b/ozone-meta/datanode-1/ratis] (custom)
2024-08-09 18:20:54,844 [main] INFO  server.RaftServerConfigKeys (ConfUtils.java:logGet(46)) - raft.server.threadpool.proxy.cached = true (default)
2024-08-09 18:20:54,844 [main] INFO  server.RaftServerConfigKeys (ConfUtils.java:logGet(46)) - raft.server.threadpool.proxy.size = 0 (default)
2024-08-09 18:20:54,843 [98b1311b-33ed-441a-9d1f-284a1b8d0a39-NettyServerStreamRpc-bossGroup--thread1] INFO  logging.LoggingHandler (AbstractInternalLogger.java:log(148)) - [id: 0x607a074a] REGISTERED
2024-08-09 18:20:54,844 [98b1311b-33ed-441a-9d1f-284a1b8d0a39-NettyServerStreamRpc-bossGroup--thread1] INFO  logging.LoggingHandler (AbstractInternalLogger.java:log(148)) - [id: 0x607a074a] BIND: 0.0.0.0/0.0.0.0:15598
2024-08-09 18:20:54,844 [98b1311b-33ed-441a-9d1f-284a1b8d0a39-NettyServerStreamRpc-bossGroup--thread1] INFO  logging.LoggingHandler (AbstractInternalLogger.java:log(148)) - [id: 0x607a074a, L:/0.0.0.0:15598] ACTIVE
2024-08-09 18:20:54,845 [98b1311b-33ed-441a-9d1f-284a1b8d0a39-impl-thread1] INFO  server.RaftServer (RaftServerProxy.java:initGroupDir(266)) - 98b1311b-33ed-441a-9d1f-284a1b8d0a39: found a subdirectory /home/runner/work/ozone/ozone/hadoop-ozone/integration-test/target/test-dir/MiniOzoneClusterImpl-d43ea6a6-39cf-404b-af74-5e65bec6c33b/ozone-meta/datanode-1/ratis/tmp
2024-08-09 18:20:54,845 [98b1311b-33ed-441a-9d1f-284a1b8d0a39-impl-thread1] INFO  server.RaftServer (RaftServerProxy.java:initGroupDir(271)) - 98b1311b-33ed-441a-9d1f-284a1b8d0a39: The directory /home/runner/work/ozone/ozone/hadoop-ozone/integration-test/target/test-dir/MiniOzoneClusterImpl-d43ea6a6-39cf-404b-af74-5e65bec6c33b/ozone-meta/datanode-1/ratis/tmp is not a group directory; ignoring it. 
2024-08-09 18:20:54,845 [main] INFO  replication.ReplicationServer (ReplicationServer.java:<init>(86)) - Initializing replication server with thread count = 10 queue length = 4096
2024-08-09 18:20:54,846 [main] INFO  server.XceiverServerGrpc (XceiverServerGrpc.java:<init>(141)) - GrpcServer channel type EpollServerSocketChannel
2024-08-09 18:20:54,847 [main] INFO  replication.ReplicationSupervisor (ReplicationSupervisor.java:build(157)) - Initializing replication supervisor with thread count = 10
2024-08-09 18:20:54,847 [main] INFO  replication.ReplicationSupervisor (ReplicationSupervisor.java:nodeStateUpdated(312)) - Node state updated to IN_SERVICE, scaling executor pool size to 10
2024-08-09 18:20:54,848 [main] INFO  http.BaseHttpServer (BaseHttpServer.java:newHttpServer2BuilderForOzone(223)) - Starting Web-server for hddsDatanode at: http://0.0.0.0:15592
2024-08-09 18:20:54,849 [main] INFO  http.BaseHttpServer (BaseHttpServer.java:<init>(110)) - Hadoop Security Enabled: false Ozone Security Enabled: false Ozone HTTP Security Enabled: false 
2024-08-09 18:20:54,849 [main] WARN  server.AuthenticationFilter (AuthenticationFilter.java:constructSecretProvider(240)) - Unable to initialize FileSignerSecretProvider, falling back to use random secrets. Reason: Could not read signature secret file: /home/runner/hadoop-http-auth-signature-secret
2024-08-09 18:20:54,850 [main] INFO  http.HttpRequestLog (HttpRequestLog.java:getRequestLog(86)) - Http request log for http.requests.hddsDatanode is not defined
2024-08-09 18:20:54,851 [main] INFO  http.HttpServer2 (HttpServer2.java:addGlobalFilter(1035)) - Added global filter 'safety' (class=org.apache.hadoop.hdds.server.http.HttpServer2$QuotingInputFilter)
2024-08-09 18:20:54,851 [main] INFO  http.HttpServer2 (HttpServer2.java:addFilter(1011)) - Added filter static_user_filter (class=org.apache.hadoop.http.lib.StaticUserWebFilter$StaticUserFilter) to context hddsDatanode
2024-08-09 18:20:54,851 [main] INFO  http.HttpServer2 (HttpServer2.java:addFilter(1019)) - Added filter static_user_filter (class=org.apache.hadoop.http.lib.StaticUserWebFilter$StaticUserFilter) to context logs
2024-08-09 18:20:54,851 [main] INFO  http.HttpServer2 (HttpServer2.java:addFilter(1019)) - Added filter static_user_filter (class=org.apache.hadoop.http.lib.StaticUserWebFilter$StaticUserFilter) to context static
2024-08-09 18:20:54,852 [main] INFO  http.BaseHttpServer (BaseHttpServer.java:<init>(189)) - HTTP server of hddsDatanode uses base directory /home/runner/work/ozone/ozone/hadoop-ozone/integration-test/target/test-dir/MiniOzoneClusterImpl-d43ea6a6-39cf-404b-af74-5e65bec6c33b/ozone-meta/datanode-1/meta/webserver
2024-08-09 18:20:54,852 [main] INFO  http.HttpServer2 (HttpServer2.java:bindListener(1235)) - Jetty bound to port 15592
2024-08-09 18:20:54,852 [main] INFO  server.Server (Server.java:doStart(375)) - jetty-9.4.55.v20240627; built: 2024-06-27T15:05:37.765Z; git: 70015831e5195ba74da6383c4ab7c90c56bb08af; jvm 17.0.12+7
2024-08-09 18:20:54,853 [main] INFO  server.session (DefaultSessionIdManager.java:doStart(334)) - DefaultSessionIdManager workerName=node0
2024-08-09 18:20:54,853 [main] INFO  server.session (DefaultSessionIdManager.java:doStart(339)) - No SessionScavenger set, using defaults
2024-08-09 18:20:54,853 [main] INFO  server.session (HouseKeeper.java:startScavenging(132)) - node0 Scavenging every 600000ms
2024-08-09 18:20:54,853 [main] INFO  handler.ContextHandler (ContextHandler.java:doStart(921)) - Started o.e.j.s.ServletContextHandler@783cbb2e{logs,/logs,file:///home/runner/work/ozone/ozone/hadoop-ozone/integration-test/target/log,AVAILABLE}
2024-08-09 18:20:54,854 [main] INFO  handler.ContextHandler (ContextHandler.java:doStart(921)) - Started o.e.j.s.ServletContextHandler@3899f856{static,/static,jar:file:/home/runner/work/ozone/ozone/hadoop-hdds/container-service/target/hdds-container-service-1.5.0-SNAPSHOT.jar!/webapps/static,AVAILABLE}
2024-08-09 18:20:55,044 [main] INFO  handler.ContextHandler (ContextHandler.java:doStart(921)) - Started o.e.j.w.WebAppContext@86e7849{hddsDatanode,/,file:///home/runner/work/ozone/ozone/hadoop-ozone/integration-test/target/test-dir/MiniOzoneClusterImpl-d43ea6a6-39cf-404b-af74-5e65bec6c33b/ozone-meta/datanode-1/meta/webserver/jetty-0_0_0_0-15592-hdds-container-service-1_5_0-SNAPSHOT_jar-_-any-6513284063926042897/webapp/,AVAILABLE}{jar:file:/home/runner/work/ozone/ozone/hadoop-hdds/container-service/target/hdds-container-service-1.5.0-SNAPSHOT.jar!/webapps/hddsDatanode}
2024-08-09 18:20:55,044 [main] INFO  server.AbstractConnector (AbstractConnector.java:doStart(333)) - Started ServerConnector@3c29914a{HTTP/1.1, (http/1.1)}{0.0.0.0:15592}
2024-08-09 18:20:55,045 [main] INFO  server.Server (Server.java:doStart(415)) - Started @593119ms
2024-08-09 18:20:55,045 [main] WARN  impl.MetricsSystemImpl (MetricsSystemImpl.java:register(279)) - Sink prometheus already exists!
2024-08-09 18:20:55,045 [main] INFO  http.BaseHttpServer (BaseHttpServer.java:updateConnectorAddress(354)) - HTTP server of hddsDatanode listening at http://0.0.0.0:15592
2024-08-09 18:20:55,046 [main] INFO  ipc.CallQueueManager (CallQueueManager.java:<init>(90)) - Using callQueue: class java.util.concurrent.LinkedBlockingQueue, queueCapacity: 1000, scheduler: class org.apache.hadoop.ipc.DefaultRpcScheduler, ipcBackoff: false.
2024-08-09 18:20:55,046 [main] INFO  ipc.Server (Server.java:<init>(1287)) - Listener at 0.0.0.0:15593
2024-08-09 18:20:55,046 [Socket Reader #1 for port 15593] INFO  ipc.Server (Server.java:run(1323)) - Starting Socket Reader #1 for port 15593
2024-08-09 18:20:55,047 [main] INFO  ozone.HddsDatanodeService (HddsDatanodeService.java:start(319)) - Datanode start with admins: [runner]
2024-08-09 18:20:55,047 [main] INFO  ozone.HddsDatanodeClientProtocolServer (HddsDatanodeClientProtocolServer.java:start(77)) - RPC server for Client /0.0.0.0:15593
2024-08-09 18:20:55,048 [IPC Server Responder] INFO  ipc.Server (Server.java:run(1562)) - IPC Server Responder: starting
2024-08-09 18:20:55,048 [IPC Server listener on 15593] INFO  ipc.Server (Server.java:run(1402)) - IPC Server listener on 15593: starting
2024-08-09 18:20:55,049 [main] WARN  dropwizard3.Dm3MetricRegistriesImpl (Dm3MetricRegistriesImpl.java:addReporterRegistration(114)) - New reporters are added after registries were created. Some metrics will be missing from the reporter. Please add reporter before adding any new registry.
2024-08-09 18:20:55,049 [main] WARN  dropwizard3.Dm3MetricRegistriesImpl (Dm3MetricRegistriesImpl.java:addReporterRegistration(114)) - New reporters are added after registries were created. Some metrics will be missing from the reporter. Please add reporter before adding any new registry.
2024-08-09 18:20:55,049 [main] INFO  impl.MetricsSystemImpl (MetricsSystemImpl.java:init(158)) - HddsDatanode metrics system started (again)
2024-08-09 18:20:55,050 [98b1311b-33ed-441a-9d1f-284a1b8d0a39-DatanodeStateMachineDaemonThread] INFO  statemachine.DatanodeStateMachine (DatanodeStateMachine.java:startStateMachineThread(335)) - Ozone container server started.
2024-08-09 18:20:55,052 [98b1311b-33ed-441a-9d1f-284a1b8d0a39-DatanodeStateMachineTaskThread-0] INFO  datanode.InitDatanodeState (InitDatanodeState.java:persistContainerDatanodeDetails(139)) - DatanodeDetails is persisted to /home/runner/work/ozone/ozone/hadoop-ozone/integration-test/target/test-dir/MiniOzoneClusterImpl-d43ea6a6-39cf-404b-af74-5e65bec6c33b/ozone-meta/datanode-1/meta/datanode.id
2024-08-09 18:20:55,059 [main] INFO  ozone.HddsDatanodeService (HddsDatanodeService.java:start(235)) - HddsDatanodeService host:fv-az1244-646.2ivcf5gccrduxdzatmozi1qnag.dx.internal.cloudapp.net ip:10.1.0.6
2024-08-09 18:20:55,062 [main] INFO  upgrade.AbstractLayoutVersionManager (AbstractLayoutVersionManager.java:init(83)) - Initializing Layout version manager with metadata layout = HBASE_SUPPORT (version = 8), software layout = HBASE_SUPPORT (version = 8)
2024-08-09 18:20:55,062 [main] INFO  statemachine.DatanodeStateMachine (DatanodeStateMachine.java:getEndPointTaskThreadPoolSize(292)) - Datanode State Machine Task Thread Pool size 2
2024-08-09 18:20:55,063 [main] INFO  volume.HddsVolume (HddsVolume.java:<init>(126)) - Creating HddsVolume: /home/runner/work/ozone/ozone/hadoop-ozone/integration-test/target/test-dir/MiniOzoneClusterImpl-d43ea6a6-39cf-404b-af74-5e65bec6c33b/ozone-meta/datanode-2/data-0/hdds of storage type : DISK capacity : 9222449699674390527
2024-08-09 18:20:55,064 [main] INFO  volume.MutableVolumeSet (MutableVolumeSet.java:initializeVolumeSet(173)) - Added Volume : /home/runner/work/ozone/ozone/hadoop-ozone/integration-test/target/test-dir/MiniOzoneClusterImpl-d43ea6a6-39cf-404b-af74-5e65bec6c33b/ozone-meta/datanode-2/data-0/hdds to VolumeSet
2024-08-09 18:20:55,064 [main] INFO  volume.MutableVolumeSet (MutableVolumeSet.java:initializeVolumeSet(173)) - Added Volume : /home/runner/work/ozone/ozone/hadoop-ozone/integration-test/target/test-dir/MiniOzoneClusterImpl-d43ea6a6-39cf-404b-af74-5e65bec6c33b/ozone-meta/datanode-2/ratis to VolumeSet
2024-08-09 18:20:55,065 [main] INFO  ozoneimpl.OzoneContainer (HddsVolumeUtil.java:loadAllHddsVolumeDbStore(103)) - Load 1 volumes DbStore cost: 0ms
2024-08-09 18:20:55,066 [main] INFO  server.RaftServer (ConfUtils.java:logGet(46)) - raft.rpc.type = GRPC (default)
2024-08-09 18:20:55,066 [main] INFO  grpc.GrpcConfigKeys (ConfUtils.java:logFallback(53)) - raft.grpc.admin.host = null (fallback to raft.grpc.server.host)
2024-08-09 18:20:55,066 [main] INFO  grpc.GrpcConfigKeys (ConfUtils.java:logGet(46)) - raft.grpc.admin.port = 15604 (custom)
2024-08-09 18:20:55,067 [main] INFO  grpc.GrpcConfigKeys (ConfUtils.java:logFallback(53)) - raft.grpc.client.host = null (fallback to raft.grpc.server.host)
2024-08-09 18:20:55,067 [main] INFO  grpc.GrpcConfigKeys (ConfUtils.java:logGet(46)) - raft.grpc.client.port = 15604 (custom)
2024-08-09 18:20:55,067 [main] INFO  grpc.GrpcConfigKeys (ConfUtils.java:logGet(46)) - raft.grpc.server.host = null (default)
2024-08-09 18:20:55,067 [main] INFO  grpc.GrpcConfigKeys (ConfUtils.java:logGet(46)) - raft.grpc.server.port = 15604 (custom)
2024-08-09 18:20:55,067 [main] INFO  server.GrpcService (ConfUtils.java:logGet(46)) - raft.grpc.message.size.max = 32MB (=33554432) (custom)
2024-08-09 18:20:55,067 [main] INFO  server.RaftServerConfigKeys (ConfUtils.java:logGet(46)) - raft.server.log.appender.buffer.byte-limit = 8388608 (custom)
2024-08-09 18:20:55,068 [main] INFO  server.GrpcService (ConfUtils.java:logGet(46)) - raft.grpc.flow.control.window = 5MB (=5242880) (custom)
2024-08-09 18:20:55,068 [main] INFO  server.RaftServerConfigKeys (ConfUtils.java:logGet(46)) - raft.server.rpc.request.timeout = 3000ms (default)
2024-08-09 18:20:55,068 [main] INFO  grpc.GrpcConfigKeys (ConfUtils.java:logGet(46)) - raft.grpc.server.heartbeat.channel = true (default)
2024-08-09 18:20:55,068 [main] INFO  grpc.GrpcConfigKeys (ConfUtils.java:logGet(46)) - raft.grpc.server.async.request.thread.pool.cached = true (default)
2024-08-09 18:20:55,068 [main] INFO  grpc.GrpcConfigKeys (ConfUtils.java:logGet(46)) - raft.grpc.server.async.request.thread.pool.size = 32 (default)
2024-08-09 18:20:55,069 [main] INFO  impl.DataStreamServerImpl (ConfUtils.java:logGet(46)) - raft.datastream.type = NETTY (custom)
2024-08-09 18:20:55,069 [main] INFO  server.RaftServerConfigKeys (ConfUtils.java:logGet(46)) - raft.server.data-stream.async.request.thread.pool.cached = false (default)
2024-08-09 18:20:55,069 [main] INFO  server.RaftServerConfigKeys (ConfUtils.java:logGet(46)) - raft.server.data-stream.async.request.thread.pool.size = 20 (custom)
2024-08-09 18:20:55,069 [main] INFO  server.RaftServerConfigKeys (ConfUtils.java:logGet(46)) - raft.server.data-stream.async.write.thread.pool.size = 16 (default)
2024-08-09 18:20:55,070 [main] INFO  netty.NettyConfigKeys$DataStream (ConfUtils.java:logGet(46)) - raft.netty.dataStream.server.channel.inactive.grace-period = 10min (default)
2024-08-09 18:20:55,070 [main] INFO  server.RaftServerConfigKeys (ConfUtils.java:logGet(46)) - raft.server.data-stream.client.pool.size = 10 (default)
2024-08-09 18:20:55,070 [main] INFO  netty.NettyConfigKeys$DataStream (ConfUtils.java:logGet(46)) - raft.netty.dataStream.server.use-epoll = true (default)
2024-08-09 18:20:55,070 [main] INFO  netty.NettyConfigKeys$DataStream (ConfUtils.java:logGet(46)) - raft.netty.dataStream.server.boss-group.size = 0 (default)
2024-08-09 18:20:55,070 [main] INFO  netty.NettyUtils (NettyUtils.java:newEventLoopGroup(74)) - Create EpollEventLoopGroup for 3ef2c69f-b325-49e4-8b40-b7dfff9ecdd0-NettyServerStreamRpc-bossGroup; Thread size is 0.
2024-08-09 18:20:55,070 [main] INFO  netty.NettyConfigKeys$DataStream (ConfUtils.java:logGet(46)) - raft.netty.dataStream.server.worker-group.size = 0 (default)
2024-08-09 18:20:55,071 [main] INFO  netty.NettyUtils (NettyUtils.java:newEventLoopGroup(74)) - Create EpollEventLoopGroup for 3ef2c69f-b325-49e4-8b40-b7dfff9ecdd0-NettyServerStreamRpc-workerGroup; Thread size is 0.
2024-08-09 18:20:55,071 [main] INFO  netty.NettyConfigKeys$DataStream (ConfUtils.java:logGet(46)) - raft.netty.dataStream.server.tls.conf = null (default)
2024-08-09 18:20:55,071 [main] INFO  netty.NettyConfigKeys$DataStream (ConfUtils.java:logGet(46)) - raft.netty.dataStream.host = null (default)
2024-08-09 18:20:55,071 [main] INFO  netty.NettyConfigKeys$DataStream (ConfUtils.java:logGet(46)) - raft.netty.dataStream.port = 15607 (custom)
2024-08-09 18:20:55,072 [main] INFO  server.RaftServerConfigKeys (ConfUtils.java:logGet(46)) - raft.server.sleep.deviation.threshold = 300ms (default)
2024-08-09 18:20:55,072 [main] INFO  server.RaftServerConfigKeys (ConfUtils.java:logGet(46)) - raft.server.close.threshold = 60s (default)
2024-08-09 18:20:55,072 [main] INFO  server.RaftServerConfigKeys (ConfUtils.java:logGet(46)) - raft.server.leaderelection.leader.step-down.wait-time = 10s (default)
2024-08-09 18:20:55,072 [3ef2c69f-b325-49e4-8b40-b7dfff9ecdd0-NettyServerStreamRpc-bossGroup--thread1] INFO  logging.LoggingHandler (AbstractInternalLogger.java:log(148)) - [id: 0xdd87df32] REGISTERED
2024-08-09 18:20:55,072 [3ef2c69f-b325-49e4-8b40-b7dfff9ecdd0-NettyServerStreamRpc-bossGroup--thread1] INFO  logging.LoggingHandler (AbstractInternalLogger.java:log(148)) - [id: 0xdd87df32] BIND: 0.0.0.0/0.0.0.0:15607
2024-08-09 18:20:55,072 [3ef2c69f-b325-49e4-8b40-b7dfff9ecdd0-NettyServerStreamRpc-bossGroup--thread1] INFO  logging.LoggingHandler (AbstractInternalLogger.java:log(148)) - [id: 0xdd87df32, L:/0.0.0.0:15607] ACTIVE
2024-08-09 18:20:55,072 [main] INFO  server.RaftServerConfigKeys (ConfUtils.java:logGet(46)) - raft.server.storage.dir = [/home/runner/work/ozone/ozone/hadoop-ozone/integration-test/target/test-dir/MiniOzoneClusterImpl-d43ea6a6-39cf-404b-af74-5e65bec6c33b/ozone-meta/datanode-2/ratis] (custom)
2024-08-09 18:20:55,072 [main] INFO  server.RaftServerConfigKeys (ConfUtils.java:logGet(46)) - raft.server.threadpool.proxy.cached = true (default)
2024-08-09 18:20:55,073 [main] INFO  server.RaftServerConfigKeys (ConfUtils.java:logGet(46)) - raft.server.threadpool.proxy.size = 0 (default)
2024-08-09 18:20:55,073 [3ef2c69f-b325-49e4-8b40-b7dfff9ecdd0-impl-thread1] INFO  server.RaftServer (RaftServerProxy.java:initGroupDir(266)) - 3ef2c69f-b325-49e4-8b40-b7dfff9ecdd0: found a subdirectory /home/runner/work/ozone/ozone/hadoop-ozone/integration-test/target/test-dir/MiniOzoneClusterImpl-d43ea6a6-39cf-404b-af74-5e65bec6c33b/ozone-meta/datanode-2/ratis/tmp
2024-08-09 18:20:55,073 [3ef2c69f-b325-49e4-8b40-b7dfff9ecdd0-impl-thread1] INFO  server.RaftServer (RaftServerProxy.java:initGroupDir(271)) - 3ef2c69f-b325-49e4-8b40-b7dfff9ecdd0: The directory /home/runner/work/ozone/ozone/hadoop-ozone/integration-test/target/test-dir/MiniOzoneClusterImpl-d43ea6a6-39cf-404b-af74-5e65bec6c33b/ozone-meta/datanode-2/ratis/tmp is not a group directory; ignoring it. 
2024-08-09 18:20:55,073 [main] INFO  replication.ReplicationServer (ReplicationServer.java:<init>(86)) - Initializing replication server with thread count = 10 queue length = 4096
2024-08-09 18:20:55,074 [main] INFO  server.XceiverServerGrpc (XceiverServerGrpc.java:<init>(141)) - GrpcServer channel type EpollServerSocketChannel
2024-08-09 18:20:55,075 [main] INFO  replication.ReplicationSupervisor (ReplicationSupervisor.java:build(157)) - Initializing replication supervisor with thread count = 10
2024-08-09 18:20:55,075 [main] INFO  replication.ReplicationSupervisor (ReplicationSupervisor.java:nodeStateUpdated(312)) - Node state updated to IN_SERVICE, scaling executor pool size to 10
2024-08-09 18:20:55,077 [main] INFO  http.BaseHttpServer (BaseHttpServer.java:newHttpServer2BuilderForOzone(223)) - Starting Web-server for hddsDatanode at: http://0.0.0.0:15601
2024-08-09 18:20:55,077 [main] INFO  http.BaseHttpServer (BaseHttpServer.java:<init>(110)) - Hadoop Security Enabled: false Ozone Security Enabled: false Ozone HTTP Security Enabled: false 
2024-08-09 18:20:55,078 [main] WARN  server.AuthenticationFilter (AuthenticationFilter.java:constructSecretProvider(240)) - Unable to initialize FileSignerSecretProvider, falling back to use random secrets. Reason: Could not read signature secret file: /home/runner/hadoop-http-auth-signature-secret
2024-08-09 18:20:55,078 [main] INFO  http.HttpRequestLog (HttpRequestLog.java:getRequestLog(86)) - Http request log for http.requests.hddsDatanode is not defined
2024-08-09 18:20:55,079 [main] INFO  http.HttpServer2 (HttpServer2.java:addGlobalFilter(1035)) - Added global filter 'safety' (class=org.apache.hadoop.hdds.server.http.HttpServer2$QuotingInputFilter)
2024-08-09 18:20:55,079 [main] INFO  http.HttpServer2 (HttpServer2.java:addFilter(1011)) - Added filter static_user_filter (class=org.apache.hadoop.http.lib.StaticUserWebFilter$StaticUserFilter) to context hddsDatanode
2024-08-09 18:20:55,079 [main] INFO  http.HttpServer2 (HttpServer2.java:addFilter(1019)) - Added filter static_user_filter (class=org.apache.hadoop.http.lib.StaticUserWebFilter$StaticUserFilter) to context logs
2024-08-09 18:20:55,080 [main] INFO  http.HttpServer2 (HttpServer2.java:addFilter(1019)) - Added filter static_user_filter (class=org.apache.hadoop.http.lib.StaticUserWebFilter$StaticUserFilter) to context static
2024-08-09 18:20:55,080 [main] INFO  http.BaseHttpServer (BaseHttpServer.java:<init>(189)) - HTTP server of hddsDatanode uses base directory /home/runner/work/ozone/ozone/hadoop-ozone/integration-test/target/test-dir/MiniOzoneClusterImpl-d43ea6a6-39cf-404b-af74-5e65bec6c33b/ozone-meta/datanode-2/meta/webserver
2024-08-09 18:20:55,080 [main] INFO  http.HttpServer2 (HttpServer2.java:bindListener(1235)) - Jetty bound to port 15601
2024-08-09 18:20:55,080 [main] INFO  server.Server (Server.java:doStart(375)) - jetty-9.4.55.v20240627; built: 2024-06-27T15:05:37.765Z; git: 70015831e5195ba74da6383c4ab7c90c56bb08af; jvm 17.0.12+7
2024-08-09 18:20:55,081 [main] INFO  server.session (DefaultSessionIdManager.java:doStart(334)) - DefaultSessionIdManager workerName=node0
2024-08-09 18:20:55,081 [main] INFO  server.session (DefaultSessionIdManager.java:doStart(339)) - No SessionScavenger set, using defaults
2024-08-09 18:20:55,082 [main] INFO  server.session (HouseKeeper.java:startScavenging(132)) - node0 Scavenging every 660000ms
2024-08-09 18:20:55,082 [main] INFO  handler.ContextHandler (ContextHandler.java:doStart(921)) - Started o.e.j.s.ServletContextHandler@36a446af{logs,/logs,file:///home/runner/work/ozone/ozone/hadoop-ozone/integration-test/target/log,AVAILABLE}
2024-08-09 18:20:55,082 [main] INFO  handler.ContextHandler (ContextHandler.java:doStart(921)) - Started o.e.j.s.ServletContextHandler@561233bc{static,/static,jar:file:/home/runner/work/ozone/ozone/hadoop-hdds/container-service/target/hdds-container-service-1.5.0-SNAPSHOT.jar!/webapps/static,AVAILABLE}
2024-08-09 18:20:55,278 [main] INFO  handler.ContextHandler (ContextHandler.java:doStart(921)) - Started o.e.j.w.WebAppContext@5c1318be{hddsDatanode,/,file:///home/runner/work/ozone/ozone/hadoop-ozone/integration-test/target/test-dir/MiniOzoneClusterImpl-d43ea6a6-39cf-404b-af74-5e65bec6c33b/ozone-meta/datanode-2/meta/webserver/jetty-0_0_0_0-15601-hdds-container-service-1_5_0-SNAPSHOT_jar-_-any-806330000297152714/webapp/,AVAILABLE}{jar:file:/home/runner/work/ozone/ozone/hadoop-hdds/container-service/target/hdds-container-service-1.5.0-SNAPSHOT.jar!/webapps/hddsDatanode}
2024-08-09 18:20:55,279 [main] INFO  server.AbstractConnector (AbstractConnector.java:doStart(333)) - Started ServerConnector@2d8a980a{HTTP/1.1, (http/1.1)}{0.0.0.0:15601}
2024-08-09 18:20:55,279 [main] INFO  server.Server (Server.java:doStart(415)) - Started @593354ms
2024-08-09 18:20:55,279 [main] WARN  impl.MetricsSystemImpl (MetricsSystemImpl.java:register(279)) - Sink prometheus already exists!
2024-08-09 18:20:55,280 [main] INFO  http.BaseHttpServer (BaseHttpServer.java:updateConnectorAddress(354)) - HTTP server of hddsDatanode listening at http://0.0.0.0:15601
2024-08-09 18:20:55,280 [main] INFO  ipc.CallQueueManager (CallQueueManager.java:<init>(90)) - Using callQueue: class java.util.concurrent.LinkedBlockingQueue, queueCapacity: 1000, scheduler: class org.apache.hadoop.ipc.DefaultRpcScheduler, ipcBackoff: false.
2024-08-09 18:20:55,281 [main] INFO  ipc.Server (Server.java:<init>(1287)) - Listener at 0.0.0.0:15602
2024-08-09 18:20:55,281 [Socket Reader #1 for port 15602] INFO  ipc.Server (Server.java:run(1323)) - Starting Socket Reader #1 for port 15602
2024-08-09 18:20:55,282 [main] INFO  ozone.HddsDatanodeService (HddsDatanodeService.java:start(319)) - Datanode start with admins: [runner]
2024-08-09 18:20:55,282 [main] INFO  ozone.HddsDatanodeClientProtocolServer (HddsDatanodeClientProtocolServer.java:start(77)) - RPC server for Client /0.0.0.0:15602
2024-08-09 18:20:55,282 [IPC Server Responder] INFO  ipc.Server (Server.java:run(1562)) - IPC Server Responder: starting
2024-08-09 18:20:55,283 [IPC Server listener on 15602] INFO  ipc.Server (Server.java:run(1402)) - IPC Server listener on 15602: starting
2024-08-09 18:20:55,284 [main] WARN  dropwizard3.Dm3MetricRegistriesImpl (Dm3MetricRegistriesImpl.java:addReporterRegistration(114)) - New reporters are added after registries were created. Some metrics will be missing from the reporter. Please add reporter before adding any new registry.
2024-08-09 18:20:55,284 [main] WARN  dropwizard3.Dm3MetricRegistriesImpl (Dm3MetricRegistriesImpl.java:addReporterRegistration(114)) - New reporters are added after registries were created. Some metrics will be missing from the reporter. Please add reporter before adding any new registry.
2024-08-09 18:20:55,284 [main] INFO  impl.MetricsSystemImpl (MetricsSystemImpl.java:init(158)) - HddsDatanode metrics system started (again)
2024-08-09 18:20:55,285 [3ef2c69f-b325-49e4-8b40-b7dfff9ecdd0-DatanodeStateMachineDaemonThread] INFO  statemachine.DatanodeStateMachine (DatanodeStateMachine.java:startStateMachineThread(335)) - Ozone container server started.
2024-08-09 18:20:55,286 [3ef2c69f-b325-49e4-8b40-b7dfff9ecdd0-DatanodeStateMachineTaskThread-0] INFO  datanode.InitDatanodeState (InitDatanodeState.java:persistContainerDatanodeDetails(139)) - DatanodeDetails is persisted to /home/runner/work/ozone/ozone/hadoop-ozone/integration-test/target/test-dir/MiniOzoneClusterImpl-d43ea6a6-39cf-404b-af74-5e65bec6c33b/ozone-meta/datanode-2/meta/datanode.id
2024-08-09 18:20:55,293 [main] INFO  ozone.HddsDatanodeService (HddsDatanodeService.java:start(235)) - HddsDatanodeService host:fv-az1244-646.2ivcf5gccrduxdzatmozi1qnag.dx.internal.cloudapp.net ip:10.1.0.6
2024-08-09 18:20:55,295 [main] INFO  upgrade.AbstractLayoutVersionManager (AbstractLayoutVersionManager.java:init(83)) - Initializing Layout version manager with metadata layout = HBASE_SUPPORT (version = 8), software layout = HBASE_SUPPORT (version = 8)
2024-08-09 18:20:55,296 [main] INFO  statemachine.DatanodeStateMachine (DatanodeStateMachine.java:getEndPointTaskThreadPoolSize(292)) - Datanode State Machine Task Thread Pool size 2
2024-08-09 18:20:55,296 [main] INFO  volume.HddsVolume (HddsVolume.java:<init>(126)) - Creating HddsVolume: /home/runner/work/ozone/ozone/hadoop-ozone/integration-test/target/test-dir/MiniOzoneClusterImpl-d43ea6a6-39cf-404b-af74-5e65bec6c33b/ozone-meta/datanode-3/data-0/hdds of storage type : DISK capacity : 9222449699674390527
2024-08-09 18:20:55,297 [main] INFO  volume.MutableVolumeSet (MutableVolumeSet.java:initializeVolumeSet(173)) - Added Volume : /home/runner/work/ozone/ozone/hadoop-ozone/integration-test/target/test-dir/MiniOzoneClusterImpl-d43ea6a6-39cf-404b-af74-5e65bec6c33b/ozone-meta/datanode-3/data-0/hdds to VolumeSet
2024-08-09 18:20:55,297 [main] INFO  volume.MutableVolumeSet (MutableVolumeSet.java:initializeVolumeSet(173)) - Added Volume : /home/runner/work/ozone/ozone/hadoop-ozone/integration-test/target/test-dir/MiniOzoneClusterImpl-d43ea6a6-39cf-404b-af74-5e65bec6c33b/ozone-meta/datanode-3/ratis to VolumeSet
2024-08-09 18:20:55,297 [main] INFO  ozoneimpl.OzoneContainer (HddsVolumeUtil.java:loadAllHddsVolumeDbStore(103)) - Load 1 volumes DbStore cost: 0ms
2024-08-09 18:20:55,298 [main] INFO  server.RaftServer (ConfUtils.java:logGet(46)) - raft.rpc.type = GRPC (default)
2024-08-09 18:20:55,299 [main] INFO  grpc.GrpcConfigKeys (ConfUtils.java:logFallback(53)) - raft.grpc.admin.host = null (fallback to raft.grpc.server.host)
2024-08-09 18:20:55,299 [main] INFO  grpc.GrpcConfigKeys (ConfUtils.java:logGet(46)) - raft.grpc.admin.port = 15613 (custom)
2024-08-09 18:20:55,299 [main] INFO  grpc.GrpcConfigKeys (ConfUtils.java:logFallback(53)) - raft.grpc.client.host = null (fallback to raft.grpc.server.host)
2024-08-09 18:20:55,299 [main] INFO  grpc.GrpcConfigKeys (ConfUtils.java:logGet(46)) - raft.grpc.client.port = 15613 (custom)
2024-08-09 18:20:55,299 [main] INFO  grpc.GrpcConfigKeys (ConfUtils.java:logGet(46)) - raft.grpc.server.host = null (default)
2024-08-09 18:20:55,299 [main] INFO  grpc.GrpcConfigKeys (ConfUtils.java:logGet(46)) - raft.grpc.server.port = 15613 (custom)
2024-08-09 18:20:55,299 [main] INFO  server.GrpcService (ConfUtils.java:logGet(46)) - raft.grpc.message.size.max = 32MB (=33554432) (custom)
2024-08-09 18:20:55,299 [main] INFO  server.RaftServerConfigKeys (ConfUtils.java:logGet(46)) - raft.server.log.appender.buffer.byte-limit = 8388608 (custom)
2024-08-09 18:20:55,299 [main] INFO  server.GrpcService (ConfUtils.java:logGet(46)) - raft.grpc.flow.control.window = 5MB (=5242880) (custom)
2024-08-09 18:20:55,299 [main] INFO  server.RaftServerConfigKeys (ConfUtils.java:logGet(46)) - raft.server.rpc.request.timeout = 3000ms (default)
2024-08-09 18:20:55,300 [main] INFO  grpc.GrpcConfigKeys (ConfUtils.java:logGet(46)) - raft.grpc.server.heartbeat.channel = true (default)
2024-08-09 18:20:55,300 [main] INFO  grpc.GrpcConfigKeys (ConfUtils.java:logGet(46)) - raft.grpc.server.async.request.thread.pool.cached = true (default)
2024-08-09 18:20:55,300 [main] INFO  grpc.GrpcConfigKeys (ConfUtils.java:logGet(46)) - raft.grpc.server.async.request.thread.pool.size = 32 (default)
2024-08-09 18:20:55,300 [main] INFO  impl.DataStreamServerImpl (ConfUtils.java:logGet(46)) - raft.datastream.type = NETTY (custom)
2024-08-09 18:20:55,301 [main] INFO  server.RaftServerConfigKeys (ConfUtils.java:logGet(46)) - raft.server.data-stream.async.request.thread.pool.cached = false (default)
2024-08-09 18:20:55,301 [main] INFO  server.RaftServerConfigKeys (ConfUtils.java:logGet(46)) - raft.server.data-stream.async.request.thread.pool.size = 20 (custom)
2024-08-09 18:20:55,301 [main] INFO  server.RaftServerConfigKeys (ConfUtils.java:logGet(46)) - raft.server.data-stream.async.write.thread.pool.size = 16 (default)
2024-08-09 18:20:55,301 [main] INFO  netty.NettyConfigKeys$DataStream (ConfUtils.java:logGet(46)) - raft.netty.dataStream.server.channel.inactive.grace-period = 10min (default)
2024-08-09 18:20:55,301 [main] INFO  server.RaftServerConfigKeys (ConfUtils.java:logGet(46)) - raft.server.data-stream.client.pool.size = 10 (default)
2024-08-09 18:20:55,301 [main] INFO  netty.NettyConfigKeys$DataStream (ConfUtils.java:logGet(46)) - raft.netty.dataStream.server.use-epoll = true (default)
2024-08-09 18:20:55,301 [main] INFO  netty.NettyConfigKeys$DataStream (ConfUtils.java:logGet(46)) - raft.netty.dataStream.server.boss-group.size = 0 (default)
2024-08-09 18:20:55,301 [main] INFO  netty.NettyUtils (NettyUtils.java:newEventLoopGroup(74)) - Create EpollEventLoopGroup for 9be8d1c2-cf5e-49e7-8b06-3e73843a30ba-NettyServerStreamRpc-bossGroup; Thread size is 0.
2024-08-09 18:20:55,301 [main] INFO  netty.NettyConfigKeys$DataStream (ConfUtils.java:logGet(46)) - raft.netty.dataStream.server.worker-group.size = 0 (default)
2024-08-09 18:20:55,301 [main] INFO  netty.NettyUtils (NettyUtils.java:newEventLoopGroup(74)) - Create EpollEventLoopGroup for 9be8d1c2-cf5e-49e7-8b06-3e73843a30ba-NettyServerStreamRpc-workerGroup; Thread size is 0.
2024-08-09 18:20:55,302 [main] INFO  netty.NettyConfigKeys$DataStream (ConfUtils.java:logGet(46)) - raft.netty.dataStream.server.tls.conf = null (default)
2024-08-09 18:20:55,302 [main] INFO  netty.NettyConfigKeys$DataStream (ConfUtils.java:logGet(46)) - raft.netty.dataStream.host = null (default)
2024-08-09 18:20:55,302 [main] INFO  netty.NettyConfigKeys$DataStream (ConfUtils.java:logGet(46)) - raft.netty.dataStream.port = 15616 (custom)
2024-08-09 18:20:55,302 [main] INFO  server.RaftServerConfigKeys (ConfUtils.java:logGet(46)) - raft.server.sleep.deviation.threshold = 300ms (default)
2024-08-09 18:20:55,302 [main] INFO  server.RaftServerConfigKeys (ConfUtils.java:logGet(46)) - raft.server.close.threshold = 60s (default)
2024-08-09 18:20:55,302 [main] INFO  server.RaftServerConfigKeys (ConfUtils.java:logGet(46)) - raft.server.leaderelection.leader.step-down.wait-time = 10s (default)
2024-08-09 18:20:55,302 [9be8d1c2-cf5e-49e7-8b06-3e73843a30ba-NettyServerStreamRpc-bossGroup--thread1] INFO  logging.LoggingHandler (AbstractInternalLogger.java:log(148)) - [id: 0x1a777e08] REGISTERED
2024-08-09 18:20:55,303 [main] INFO  server.RaftServerConfigKeys (ConfUtils.java:logGet(46)) - raft.server.storage.dir = [/home/runner/work/ozone/ozone/hadoop-ozone/integration-test/target/test-dir/MiniOzoneClusterImpl-d43ea6a6-39cf-404b-af74-5e65bec6c33b/ozone-meta/datanode-3/ratis] (custom)
2024-08-09 18:20:55,303 [9be8d1c2-cf5e-49e7-8b06-3e73843a30ba-NettyServerStreamRpc-bossGroup--thread1] INFO  logging.LoggingHandler (AbstractInternalLogger.java:log(148)) - [id: 0x1a777e08] BIND: 0.0.0.0/0.0.0.0:15616
2024-08-09 18:20:55,303 [main] INFO  server.RaftServerConfigKeys (ConfUtils.java:logGet(46)) - raft.server.threadpool.proxy.cached = true (default)
2024-08-09 18:20:55,303 [9be8d1c2-cf5e-49e7-8b06-3e73843a30ba-NettyServerStreamRpc-bossGroup--thread1] INFO  logging.LoggingHandler (AbstractInternalLogger.java:log(148)) - [id: 0x1a777e08, L:/0.0.0.0:15616] ACTIVE
2024-08-09 18:20:55,303 [main] INFO  server.RaftServerConfigKeys (ConfUtils.java:logGet(46)) - raft.server.threadpool.proxy.size = 0 (default)
2024-08-09 18:20:55,303 [9be8d1c2-cf5e-49e7-8b06-3e73843a30ba-impl-thread1] INFO  server.RaftServer (RaftServerProxy.java:initGroupDir(266)) - 9be8d1c2-cf5e-49e7-8b06-3e73843a30ba: found a subdirectory /home/runner/work/ozone/ozone/hadoop-ozone/integration-test/target/test-dir/MiniOzoneClusterImpl-d43ea6a6-39cf-404b-af74-5e65bec6c33b/ozone-meta/datanode-3/ratis/tmp
2024-08-09 18:20:55,304 [9be8d1c2-cf5e-49e7-8b06-3e73843a30ba-impl-thread1] INFO  server.RaftServer (RaftServerProxy.java:initGroupDir(271)) - 9be8d1c2-cf5e-49e7-8b06-3e73843a30ba: The directory /home/runner/work/ozone/ozone/hadoop-ozone/integration-test/target/test-dir/MiniOzoneClusterImpl-d43ea6a6-39cf-404b-af74-5e65bec6c33b/ozone-meta/datanode-3/ratis/tmp is not a group directory; ignoring it. 
2024-08-09 18:20:55,304 [main] INFO  replication.ReplicationServer (ReplicationServer.java:<init>(86)) - Initializing replication server with thread count = 10 queue length = 4096
2024-08-09 18:20:55,304 [main] INFO  server.XceiverServerGrpc (XceiverServerGrpc.java:<init>(141)) - GrpcServer channel type EpollServerSocketChannel
2024-08-09 18:20:55,305 [main] INFO  replication.ReplicationSupervisor (ReplicationSupervisor.java:build(157)) - Initializing replication supervisor with thread count = 10
2024-08-09 18:20:55,305 [main] INFO  replication.ReplicationSupervisor (ReplicationSupervisor.java:nodeStateUpdated(312)) - Node state updated to IN_SERVICE, scaling executor pool size to 10
2024-08-09 18:20:55,307 [main] INFO  http.BaseHttpServer (BaseHttpServer.java:newHttpServer2BuilderForOzone(223)) - Starting Web-server for hddsDatanode at: http://0.0.0.0:15610
2024-08-09 18:20:55,307 [main] INFO  http.BaseHttpServer (BaseHttpServer.java:<init>(110)) - Hadoop Security Enabled: false Ozone Security Enabled: false Ozone HTTP Security Enabled: false 
2024-08-09 18:20:55,308 [main] WARN  server.AuthenticationFilter (AuthenticationFilter.java:constructSecretProvider(240)) - Unable to initialize FileSignerSecretProvider, falling back to use random secrets. Reason: Could not read signature secret file: /home/runner/hadoop-http-auth-signature-secret
2024-08-09 18:20:55,308 [main] INFO  http.HttpRequestLog (HttpRequestLog.java:getRequestLog(86)) - Http request log for http.requests.hddsDatanode is not defined
2024-08-09 18:20:55,309 [main] INFO  http.HttpServer2 (HttpServer2.java:addGlobalFilter(1035)) - Added global filter 'safety' (class=org.apache.hadoop.hdds.server.http.HttpServer2$QuotingInputFilter)
2024-08-09 18:20:55,309 [main] INFO  http.HttpServer2 (HttpServer2.java:addFilter(1011)) - Added filter static_user_filter (class=org.apache.hadoop.http.lib.StaticUserWebFilter$StaticUserFilter) to context hddsDatanode
2024-08-09 18:20:55,309 [main] INFO  http.HttpServer2 (HttpServer2.java:addFilter(1019)) - Added filter static_user_filter (class=org.apache.hadoop.http.lib.StaticUserWebFilter$StaticUserFilter) to context static
2024-08-09 18:20:55,309 [main] INFO  http.HttpServer2 (HttpServer2.java:addFilter(1019)) - Added filter static_user_filter (class=org.apache.hadoop.http.lib.StaticUserWebFilter$StaticUserFilter) to context logs
2024-08-09 18:20:55,310 [main] INFO  http.BaseHttpServer (BaseHttpServer.java:<init>(189)) - HTTP server of hddsDatanode uses base directory /home/runner/work/ozone/ozone/hadoop-ozone/integration-test/target/test-dir/MiniOzoneClusterImpl-d43ea6a6-39cf-404b-af74-5e65bec6c33b/ozone-meta/datanode-3/meta/webserver
2024-08-09 18:20:55,310 [main] INFO  http.HttpServer2 (HttpServer2.java:bindListener(1235)) - Jetty bound to port 15610
2024-08-09 18:20:55,310 [main] INFO  server.Server (Server.java:doStart(375)) - jetty-9.4.55.v20240627; built: 2024-06-27T15:05:37.765Z; git: 70015831e5195ba74da6383c4ab7c90c56bb08af; jvm 17.0.12+7
2024-08-09 18:20:55,311 [main] INFO  server.session (DefaultSessionIdManager.java:doStart(334)) - DefaultSessionIdManager workerName=node0
2024-08-09 18:20:55,311 [main] INFO  server.session (DefaultSessionIdManager.java:doStart(339)) - No SessionScavenger set, using defaults
2024-08-09 18:20:55,311 [main] INFO  server.session (HouseKeeper.java:startScavenging(132)) - node0 Scavenging every 600000ms
2024-08-09 18:20:55,312 [main] INFO  handler.ContextHandler (ContextHandler.java:doStart(921)) - Started o.e.j.s.ServletContextHandler@6a906c7e{logs,/logs,file:///home/runner/work/ozone/ozone/hadoop-ozone/integration-test/target/log,AVAILABLE}
2024-08-09 18:20:55,312 [main] INFO  handler.ContextHandler (ContextHandler.java:doStart(921)) - Started o.e.j.s.ServletContextHandler@535b5696{static,/static,jar:file:/home/runner/work/ozone/ozone/hadoop-hdds/container-service/target/hdds-container-service-1.5.0-SNAPSHOT.jar!/webapps/static,AVAILABLE}
2024-08-09 18:20:55,500 [main] INFO  handler.ContextHandler (ContextHandler.java:doStart(921)) - Started o.e.j.w.WebAppContext@3110da0c{hddsDatanode,/,file:///home/runner/work/ozone/ozone/hadoop-ozone/integration-test/target/test-dir/MiniOzoneClusterImpl-d43ea6a6-39cf-404b-af74-5e65bec6c33b/ozone-meta/datanode-3/meta/webserver/jetty-0_0_0_0-15610-hdds-container-service-1_5_0-SNAPSHOT_jar-_-any-11494399493113633546/webapp/,AVAILABLE}{jar:file:/home/runner/work/ozone/ozone/hadoop-hdds/container-service/target/hdds-container-service-1.5.0-SNAPSHOT.jar!/webapps/hddsDatanode}
2024-08-09 18:20:55,501 [main] INFO  server.AbstractConnector (AbstractConnector.java:doStart(333)) - Started ServerConnector@306aca8e{HTTP/1.1, (http/1.1)}{0.0.0.0:15610}
2024-08-09 18:20:55,501 [main] INFO  server.Server (Server.java:doStart(415)) - Started @593576ms
2024-08-09 18:20:55,502 [main] WARN  impl.MetricsSystemImpl (MetricsSystemImpl.java:register(279)) - Sink prometheus already exists!
2024-08-09 18:20:55,502 [main] INFO  http.BaseHttpServer (BaseHttpServer.java:updateConnectorAddress(354)) - HTTP server of hddsDatanode listening at http://0.0.0.0:15610
2024-08-09 18:20:55,503 [main] INFO  ipc.CallQueueManager (CallQueueManager.java:<init>(90)) - Using callQueue: class java.util.concurrent.LinkedBlockingQueue, queueCapacity: 1000, scheduler: class org.apache.hadoop.ipc.DefaultRpcScheduler, ipcBackoff: false.
2024-08-09 18:20:55,503 [main] INFO  ipc.Server (Server.java:<init>(1287)) - Listener at 0.0.0.0:15611
2024-08-09 18:20:55,503 [Socket Reader #1 for port 15611] INFO  ipc.Server (Server.java:run(1323)) - Starting Socket Reader #1 for port 15611
2024-08-09 18:20:55,504 [main] INFO  ozone.HddsDatanodeService (HddsDatanodeService.java:start(319)) - Datanode start with admins: [runner]
2024-08-09 18:20:55,505 [main] INFO  ozone.HddsDatanodeClientProtocolServer (HddsDatanodeClientProtocolServer.java:start(77)) - RPC server for Client /0.0.0.0:15611
2024-08-09 18:20:55,505 [IPC Server Responder] INFO  ipc.Server (Server.java:run(1562)) - IPC Server Responder: starting
2024-08-09 18:20:55,506 [IPC Server listener on 15611] INFO  ipc.Server (Server.java:run(1402)) - IPC Server listener on 15611: starting
2024-08-09 18:20:55,507 [main] WARN  dropwizard3.Dm3MetricRegistriesImpl (Dm3MetricRegistriesImpl.java:addReporterRegistration(114)) - New reporters are added after registries were created. Some metrics will be missing from the reporter. Please add reporter before adding any new registry.
2024-08-09 18:20:55,507 [main] WARN  dropwizard3.Dm3MetricRegistriesImpl (Dm3MetricRegistriesImpl.java:addReporterRegistration(114)) - New reporters are added after registries were created. Some metrics will be missing from the reporter. Please add reporter before adding any new registry.
2024-08-09 18:20:55,507 [main] INFO  impl.MetricsSystemImpl (MetricsSystemImpl.java:init(158)) - HddsDatanode metrics system started (again)
2024-08-09 18:20:55,508 [9be8d1c2-cf5e-49e7-8b06-3e73843a30ba-DatanodeStateMachineDaemonThread] INFO  statemachine.DatanodeStateMachine (DatanodeStateMachine.java:startStateMachineThread(335)) - Ozone container server started.
2024-08-09 18:20:55,509 [9be8d1c2-cf5e-49e7-8b06-3e73843a30ba-DatanodeStateMachineTaskThread-0] INFO  datanode.InitDatanodeState (InitDatanodeState.java:persistContainerDatanodeDetails(139)) - DatanodeDetails is persisted to /home/runner/work/ozone/ozone/hadoop-ozone/integration-test/target/test-dir/MiniOzoneClusterImpl-d43ea6a6-39cf-404b-af74-5e65bec6c33b/ozone-meta/datanode-3/meta/datanode.id
2024-08-09 18:20:55,517 [main] INFO  ozone.HddsDatanodeService (HddsDatanodeService.java:start(235)) - HddsDatanodeService host:fv-az1244-646.2ivcf5gccrduxdzatmozi1qnag.dx.internal.cloudapp.net ip:10.1.0.6
2024-08-09 18:20:55,519 [main] INFO  upgrade.AbstractLayoutVersionManager (AbstractLayoutVersionManager.java:init(83)) - Initializing Layout version manager with metadata layout = HBASE_SUPPORT (version = 8), software layout = HBASE_SUPPORT (version = 8)
2024-08-09 18:20:55,519 [main] INFO  statemachine.DatanodeStateMachine (DatanodeStateMachine.java:getEndPointTaskThreadPoolSize(292)) - Datanode State Machine Task Thread Pool size 2
2024-08-09 18:20:55,520 [main] INFO  volume.HddsVolume (HddsVolume.java:<init>(126)) - Creating HddsVolume: /home/runner/work/ozone/ozone/hadoop-ozone/integration-test/target/test-dir/MiniOzoneClusterImpl-d43ea6a6-39cf-404b-af74-5e65bec6c33b/ozone-meta/datanode-4/data-0/hdds of storage type : DISK capacity : 9222449699674390527
2024-08-09 18:20:55,520 [main] INFO  volume.MutableVolumeSet (MutableVolumeSet.java:initializeVolumeSet(173)) - Added Volume : /home/runner/work/ozone/ozone/hadoop-ozone/integration-test/target/test-dir/MiniOzoneClusterImpl-d43ea6a6-39cf-404b-af74-5e65bec6c33b/ozone-meta/datanode-4/data-0/hdds to VolumeSet
2024-08-09 18:20:55,521 [main] INFO  volume.MutableVolumeSet (MutableVolumeSet.java:initializeVolumeSet(173)) - Added Volume : /home/runner/work/ozone/ozone/hadoop-ozone/integration-test/target/test-dir/MiniOzoneClusterImpl-d43ea6a6-39cf-404b-af74-5e65bec6c33b/ozone-meta/datanode-4/ratis to VolumeSet
2024-08-09 18:20:55,521 [main] INFO  ozoneimpl.OzoneContainer (HddsVolumeUtil.java:loadAllHddsVolumeDbStore(103)) - Load 1 volumes DbStore cost: 0ms
2024-08-09 18:20:55,522 [main] INFO  server.RaftServer (ConfUtils.java:logGet(46)) - raft.rpc.type = GRPC (default)
2024-08-09 18:20:55,522 [main] INFO  grpc.GrpcConfigKeys (ConfUtils.java:logFallback(53)) - raft.grpc.admin.host = null (fallback to raft.grpc.server.host)
2024-08-09 18:20:55,523 [main] INFO  grpc.GrpcConfigKeys (ConfUtils.java:logGet(46)) - raft.grpc.admin.port = 15622 (custom)
2024-08-09 18:20:55,523 [main] INFO  grpc.GrpcConfigKeys (ConfUtils.java:logFallback(53)) - raft.grpc.client.host = null (fallback to raft.grpc.server.host)
2024-08-09 18:20:55,523 [main] INFO  grpc.GrpcConfigKeys (ConfUtils.java:logGet(46)) - raft.grpc.client.port = 15622 (custom)
2024-08-09 18:20:55,523 [main] INFO  grpc.GrpcConfigKeys (ConfUtils.java:logGet(46)) - raft.grpc.server.host = null (default)
2024-08-09 18:20:55,523 [main] INFO  grpc.GrpcConfigKeys (ConfUtils.java:logGet(46)) - raft.grpc.server.port = 15622 (custom)
2024-08-09 18:20:55,523 [main] INFO  server.GrpcService (ConfUtils.java:logGet(46)) - raft.grpc.message.size.max = 32MB (=33554432) (custom)
2024-08-09 18:20:55,523 [main] INFO  server.RaftServerConfigKeys (ConfUtils.java:logGet(46)) - raft.server.log.appender.buffer.byte-limit = 8388608 (custom)
2024-08-09 18:20:55,523 [main] INFO  server.GrpcService (ConfUtils.java:logGet(46)) - raft.grpc.flow.control.window = 5MB (=5242880) (custom)
2024-08-09 18:20:55,524 [main] INFO  server.RaftServerConfigKeys (ConfUtils.java:logGet(46)) - raft.server.rpc.request.timeout = 3000ms (default)
2024-08-09 18:20:55,524 [main] INFO  grpc.GrpcConfigKeys (ConfUtils.java:logGet(46)) - raft.grpc.server.heartbeat.channel = true (default)
2024-08-09 18:20:55,524 [main] INFO  grpc.GrpcConfigKeys (ConfUtils.java:logGet(46)) - raft.grpc.server.async.request.thread.pool.cached = true (default)
2024-08-09 18:20:55,524 [main] INFO  grpc.GrpcConfigKeys (ConfUtils.java:logGet(46)) - raft.grpc.server.async.request.thread.pool.size = 32 (default)
2024-08-09 18:20:55,525 [main] INFO  impl.DataStreamServerImpl (ConfUtils.java:logGet(46)) - raft.datastream.type = NETTY (custom)
2024-08-09 18:20:55,525 [main] INFO  server.RaftServerConfigKeys (ConfUtils.java:logGet(46)) - raft.server.data-stream.async.request.thread.pool.cached = false (default)
2024-08-09 18:20:55,525 [main] INFO  server.RaftServerConfigKeys (ConfUtils.java:logGet(46)) - raft.server.data-stream.async.request.thread.pool.size = 20 (custom)
2024-08-09 18:20:55,525 [main] INFO  server.RaftServerConfigKeys (ConfUtils.java:logGet(46)) - raft.server.data-stream.async.write.thread.pool.size = 16 (default)
2024-08-09 18:20:55,525 [main] INFO  netty.NettyConfigKeys$DataStream (ConfUtils.java:logGet(46)) - raft.netty.dataStream.server.channel.inactive.grace-period = 10min (default)
2024-08-09 18:20:55,525 [main] INFO  server.RaftServerConfigKeys (ConfUtils.java:logGet(46)) - raft.server.data-stream.client.pool.size = 10 (default)
2024-08-09 18:20:55,526 [main] INFO  netty.NettyConfigKeys$DataStream (ConfUtils.java:logGet(46)) - raft.netty.dataStream.server.use-epoll = true (default)
2024-08-09 18:20:55,526 [main] INFO  netty.NettyConfigKeys$DataStream (ConfUtils.java:logGet(46)) - raft.netty.dataStream.server.boss-group.size = 0 (default)
2024-08-09 18:20:55,526 [main] INFO  netty.NettyUtils (NettyUtils.java:newEventLoopGroup(74)) - Create EpollEventLoopGroup for 3c538fa1-1c2e-4857-863c-22038896ce66-NettyServerStreamRpc-bossGroup; Thread size is 0.
2024-08-09 18:20:55,526 [main] INFO  netty.NettyConfigKeys$DataStream (ConfUtils.java:logGet(46)) - raft.netty.dataStream.server.worker-group.size = 0 (default)
2024-08-09 18:20:55,526 [main] INFO  netty.NettyUtils (NettyUtils.java:newEventLoopGroup(74)) - Create EpollEventLoopGroup for 3c538fa1-1c2e-4857-863c-22038896ce66-NettyServerStreamRpc-workerGroup; Thread size is 0.
2024-08-09 18:20:55,526 [main] INFO  netty.NettyConfigKeys$DataStream (ConfUtils.java:logGet(46)) - raft.netty.dataStream.server.tls.conf = null (default)
2024-08-09 18:20:55,527 [main] INFO  netty.NettyConfigKeys$DataStream (ConfUtils.java:logGet(46)) - raft.netty.dataStream.host = null (default)
2024-08-09 18:20:55,527 [main] INFO  netty.NettyConfigKeys$DataStream (ConfUtils.java:logGet(46)) - raft.netty.dataStream.port = 15625 (custom)
2024-08-09 18:20:55,527 [main] INFO  server.RaftServerConfigKeys (ConfUtils.java:logGet(46)) - raft.server.sleep.deviation.threshold = 300ms (default)
2024-08-09 18:20:55,527 [main] INFO  server.RaftServerConfigKeys (ConfUtils.java:logGet(46)) - raft.server.close.threshold = 60s (default)
2024-08-09 18:20:55,527 [main] INFO  server.RaftServerConfigKeys (ConfUtils.java:logGet(46)) - raft.server.leaderelection.leader.step-down.wait-time = 10s (default)
2024-08-09 18:20:55,527 [3c538fa1-1c2e-4857-863c-22038896ce66-NettyServerStreamRpc-bossGroup--thread1] INFO  logging.LoggingHandler (AbstractInternalLogger.java:log(148)) - [id: 0x5736533b] REGISTERED
2024-08-09 18:20:55,528 [main] INFO  server.RaftServerConfigKeys (ConfUtils.java:logGet(46)) - raft.server.storage.dir = [/home/runner/work/ozone/ozone/hadoop-ozone/integration-test/target/test-dir/MiniOzoneClusterImpl-d43ea6a6-39cf-404b-af74-5e65bec6c33b/ozone-meta/datanode-4/ratis] (custom)
2024-08-09 18:20:55,528 [main] INFO  server.RaftServerConfigKeys (ConfUtils.java:logGet(46)) - raft.server.threadpool.proxy.cached = true (default)
2024-08-09 18:20:55,528 [main] INFO  server.RaftServerConfigKeys (ConfUtils.java:logGet(46)) - raft.server.threadpool.proxy.size = 0 (default)
2024-08-09 18:20:55,528 [3c538fa1-1c2e-4857-863c-22038896ce66-NettyServerStreamRpc-bossGroup--thread1] INFO  logging.LoggingHandler (AbstractInternalLogger.java:log(148)) - [id: 0x5736533b] BIND: 0.0.0.0/0.0.0.0:15625
2024-08-09 18:20:55,528 [3c538fa1-1c2e-4857-863c-22038896ce66-NettyServerStreamRpc-bossGroup--thread1] INFO  logging.LoggingHandler (AbstractInternalLogger.java:log(148)) - [id: 0x5736533b, L:/0.0.0.0:15625] ACTIVE
2024-08-09 18:20:55,528 [3c538fa1-1c2e-4857-863c-22038896ce66-impl-thread1] INFO  server.RaftServer (RaftServerProxy.java:initGroupDir(266)) - 3c538fa1-1c2e-4857-863c-22038896ce66: found a subdirectory /home/runner/work/ozone/ozone/hadoop-ozone/integration-test/target/test-dir/MiniOzoneClusterImpl-d43ea6a6-39cf-404b-af74-5e65bec6c33b/ozone-meta/datanode-4/ratis/tmp
2024-08-09 18:20:55,529 [3c538fa1-1c2e-4857-863c-22038896ce66-impl-thread1] INFO  server.RaftServer (RaftServerProxy.java:initGroupDir(271)) - 3c538fa1-1c2e-4857-863c-22038896ce66: The directory /home/runner/work/ozone/ozone/hadoop-ozone/integration-test/target/test-dir/MiniOzoneClusterImpl-d43ea6a6-39cf-404b-af74-5e65bec6c33b/ozone-meta/datanode-4/ratis/tmp is not a group directory; ignoring it. 
2024-08-09 18:20:55,529 [main] INFO  replication.ReplicationServer (ReplicationServer.java:<init>(86)) - Initializing replication server with thread count = 10 queue length = 4096
2024-08-09 18:20:55,530 [main] INFO  server.XceiverServerGrpc (XceiverServerGrpc.java:<init>(141)) - GrpcServer channel type EpollServerSocketChannel
2024-08-09 18:20:55,530 [main] INFO  replication.ReplicationSupervisor (ReplicationSupervisor.java:build(157)) - Initializing replication supervisor with thread count = 10
2024-08-09 18:20:55,531 [main] INFO  replication.ReplicationSupervisor (ReplicationSupervisor.java:nodeStateUpdated(312)) - Node state updated to IN_SERVICE, scaling executor pool size to 10
2024-08-09 18:20:55,532 [main] INFO  http.BaseHttpServer (BaseHttpServer.java:newHttpServer2BuilderForOzone(223)) - Starting Web-server for hddsDatanode at: http://0.0.0.0:15619
2024-08-09 18:20:55,532 [main] INFO  http.BaseHttpServer (BaseHttpServer.java:<init>(110)) - Hadoop Security Enabled: false Ozone Security Enabled: false Ozone HTTP Security Enabled: false 
2024-08-09 18:20:55,533 [main] WARN  server.AuthenticationFilter (AuthenticationFilter.java:constructSecretProvider(240)) - Unable to initialize FileSignerSecretProvider, falling back to use random secrets. Reason: Could not read signature secret file: /home/runner/hadoop-http-auth-signature-secret
2024-08-09 18:20:55,533 [main] INFO  http.HttpRequestLog (HttpRequestLog.java:getRequestLog(86)) - Http request log for http.requests.hddsDatanode is not defined
2024-08-09 18:20:55,534 [main] INFO  http.HttpServer2 (HttpServer2.java:addGlobalFilter(1035)) - Added global filter 'safety' (class=org.apache.hadoop.hdds.server.http.HttpServer2$QuotingInputFilter)
2024-08-09 18:20:55,534 [main] INFO  http.HttpServer2 (HttpServer2.java:addFilter(1011)) - Added filter static_user_filter (class=org.apache.hadoop.http.lib.StaticUserWebFilter$StaticUserFilter) to context hddsDatanode
2024-08-09 18:20:55,535 [main] INFO  http.HttpServer2 (HttpServer2.java:addFilter(1019)) - Added filter static_user_filter (class=org.apache.hadoop.http.lib.StaticUserWebFilter$StaticUserFilter) to context logs
2024-08-09 18:20:55,535 [main] INFO  http.HttpServer2 (HttpServer2.java:addFilter(1019)) - Added filter static_user_filter (class=org.apache.hadoop.http.lib.StaticUserWebFilter$StaticUserFilter) to context static
2024-08-09 18:20:55,535 [main] INFO  http.BaseHttpServer (BaseHttpServer.java:<init>(189)) - HTTP server of hddsDatanode uses base directory /home/runner/work/ozone/ozone/hadoop-ozone/integration-test/target/test-dir/MiniOzoneClusterImpl-d43ea6a6-39cf-404b-af74-5e65bec6c33b/ozone-meta/datanode-4/meta/webserver
2024-08-09 18:20:55,535 [main] INFO  http.HttpServer2 (HttpServer2.java:bindListener(1235)) - Jetty bound to port 15619
2024-08-09 18:20:55,535 [main] INFO  server.Server (Server.java:doStart(375)) - jetty-9.4.55.v20240627; built: 2024-06-27T15:05:37.765Z; git: 70015831e5195ba74da6383c4ab7c90c56bb08af; jvm 17.0.12+7
2024-08-09 18:20:55,536 [main] INFO  server.session (DefaultSessionIdManager.java:doStart(334)) - DefaultSessionIdManager workerName=node0
2024-08-09 18:20:55,537 [main] INFO  server.session (DefaultSessionIdManager.java:doStart(339)) - No SessionScavenger set, using defaults
2024-08-09 18:20:55,537 [main] INFO  server.session (HouseKeeper.java:startScavenging(132)) - node0 Scavenging every 600000ms
2024-08-09 18:20:55,537 [main] INFO  handler.ContextHandler (ContextHandler.java:doStart(921)) - Started o.e.j.s.ServletContextHandler@4d85b90f{logs,/logs,file:///home/runner/work/ozone/ozone/hadoop-ozone/integration-test/target/log,AVAILABLE}
2024-08-09 18:20:55,537 [main] INFO  handler.ContextHandler (ContextHandler.java:doStart(921)) - Started o.e.j.s.ServletContextHandler@621483ff{static,/static,jar:file:/home/runner/work/ozone/ozone/hadoop-hdds/container-service/target/hdds-container-service-1.5.0-SNAPSHOT.jar!/webapps/static,AVAILABLE}
2024-08-09 18:20:55,727 [main] INFO  handler.ContextHandler (ContextHandler.java:doStart(921)) - Started o.e.j.w.WebAppContext@17188355{hddsDatanode,/,file:///home/runner/work/ozone/ozone/hadoop-ozone/integration-test/target/test-dir/MiniOzoneClusterImpl-d43ea6a6-39cf-404b-af74-5e65bec6c33b/ozone-meta/datanode-4/meta/webserver/jetty-0_0_0_0-15619-hdds-container-service-1_5_0-SNAPSHOT_jar-_-any-13345272692888921836/webapp/,AVAILABLE}{jar:file:/home/runner/work/ozone/ozone/hadoop-hdds/container-service/target/hdds-container-service-1.5.0-SNAPSHOT.jar!/webapps/hddsDatanode}
2024-08-09 18:20:55,728 [main] INFO  server.AbstractConnector (AbstractConnector.java:doStart(333)) - Started ServerConnector@137b8209{HTTP/1.1, (http/1.1)}{0.0.0.0:15619}
2024-08-09 18:20:55,728 [main] INFO  server.Server (Server.java:doStart(415)) - Started @593803ms
2024-08-09 18:20:55,728 [main] WARN  impl.MetricsSystemImpl (MetricsSystemImpl.java:register(279)) - Sink prometheus already exists!
2024-08-09 18:20:55,729 [main] INFO  http.BaseHttpServer (BaseHttpServer.java:updateConnectorAddress(354)) - HTTP server of hddsDatanode listening at http://0.0.0.0:15619
2024-08-09 18:20:55,729 [main] INFO  ipc.CallQueueManager (CallQueueManager.java:<init>(90)) - Using callQueue: class java.util.concurrent.LinkedBlockingQueue, queueCapacity: 1000, scheduler: class org.apache.hadoop.ipc.DefaultRpcScheduler, ipcBackoff: false.
2024-08-09 18:20:55,729 [main] INFO  ipc.Server (Server.java:<init>(1287)) - Listener at 0.0.0.0:15620
2024-08-09 18:20:55,730 [Socket Reader #1 for port 15620] INFO  ipc.Server (Server.java:run(1323)) - Starting Socket Reader #1 for port 15620
2024-08-09 18:20:55,731 [main] INFO  ozone.HddsDatanodeService (HddsDatanodeService.java:start(319)) - Datanode start with admins: [runner]
2024-08-09 18:20:55,731 [main] INFO  ozone.HddsDatanodeClientProtocolServer (HddsDatanodeClientProtocolServer.java:start(77)) - RPC server for Client /0.0.0.0:15620
2024-08-09 18:20:55,731 [IPC Server Responder] INFO  ipc.Server (Server.java:run(1562)) - IPC Server Responder: starting
2024-08-09 18:20:55,731 [IPC Server listener on 15620] INFO  ipc.Server (Server.java:run(1402)) - IPC Server listener on 15620: starting
2024-08-09 18:20:55,733 [main] WARN  dropwizard3.Dm3MetricRegistriesImpl (Dm3MetricRegistriesImpl.java:addReporterRegistration(114)) - New reporters are added after registries were created. Some metrics will be missing from the reporter. Please add reporter before adding any new registry.
2024-08-09 18:20:55,733 [main] WARN  dropwizard3.Dm3MetricRegistriesImpl (Dm3MetricRegistriesImpl.java:addReporterRegistration(114)) - New reporters are added after registries were created. Some metrics will be missing from the reporter. Please add reporter before adding any new registry.
2024-08-09 18:20:55,733 [main] INFO  impl.MetricsSystemImpl (MetricsSystemImpl.java:init(158)) - HddsDatanode metrics system started (again)
2024-08-09 18:20:55,734 [3c538fa1-1c2e-4857-863c-22038896ce66-DatanodeStateMachineDaemonThread] INFO  statemachine.DatanodeStateMachine (DatanodeStateMachine.java:startStateMachineThread(335)) - Ozone container server started.
2024-08-09 18:20:55,735 [3c538fa1-1c2e-4857-863c-22038896ce66-DatanodeStateMachineTaskThread-0] INFO  datanode.InitDatanodeState (InitDatanodeState.java:persistContainerDatanodeDetails(139)) - DatanodeDetails is persisted to /home/runner/work/ozone/ozone/hadoop-ozone/integration-test/target/test-dir/MiniOzoneClusterImpl-d43ea6a6-39cf-404b-af74-5e65bec6c33b/ozone-meta/datanode-4/meta/datanode.id
2024-08-09 18:20:55,742 [main] INFO  ozone.HddsDatanodeService (HddsDatanodeService.java:start(235)) - HddsDatanodeService host:fv-az1244-646.2ivcf5gccrduxdzatmozi1qnag.dx.internal.cloudapp.net ip:10.1.0.6
2024-08-09 18:20:55,744 [main] INFO  upgrade.AbstractLayoutVersionManager (AbstractLayoutVersionManager.java:init(83)) - Initializing Layout version manager with metadata layout = HBASE_SUPPORT (version = 8), software layout = HBASE_SUPPORT (version = 8)
2024-08-09 18:20:55,744 [main] INFO  statemachine.DatanodeStateMachine (DatanodeStateMachine.java:getEndPointTaskThreadPoolSize(292)) - Datanode State Machine Task Thread Pool size 2
2024-08-09 18:20:55,745 [main] INFO  volume.HddsVolume (HddsVolume.java:<init>(126)) - Creating HddsVolume: /home/runner/work/ozone/ozone/hadoop-ozone/integration-test/target/test-dir/MiniOzoneClusterImpl-d43ea6a6-39cf-404b-af74-5e65bec6c33b/ozone-meta/datanode-5/data-0/hdds of storage type : DISK capacity : 9222449699674390527
2024-08-09 18:20:55,745 [main] INFO  volume.MutableVolumeSet (MutableVolumeSet.java:initializeVolumeSet(173)) - Added Volume : /home/runner/work/ozone/ozone/hadoop-ozone/integration-test/target/test-dir/MiniOzoneClusterImpl-d43ea6a6-39cf-404b-af74-5e65bec6c33b/ozone-meta/datanode-5/data-0/hdds to VolumeSet
2024-08-09 18:20:55,746 [main] INFO  volume.MutableVolumeSet (MutableVolumeSet.java:initializeVolumeSet(173)) - Added Volume : /home/runner/work/ozone/ozone/hadoop-ozone/integration-test/target/test-dir/MiniOzoneClusterImpl-d43ea6a6-39cf-404b-af74-5e65bec6c33b/ozone-meta/datanode-5/ratis to VolumeSet
2024-08-09 18:20:55,747 [main] INFO  ozoneimpl.OzoneContainer (HddsVolumeUtil.java:loadAllHddsVolumeDbStore(103)) - Load 1 volumes DbStore cost: 1ms
2024-08-09 18:20:55,748 [main] INFO  server.RaftServer (ConfUtils.java:logGet(46)) - raft.rpc.type = GRPC (default)
2024-08-09 18:20:55,748 [main] INFO  grpc.GrpcConfigKeys (ConfUtils.java:logFallback(53)) - raft.grpc.admin.host = null (fallback to raft.grpc.server.host)
2024-08-09 18:20:55,748 [main] INFO  grpc.GrpcConfigKeys (ConfUtils.java:logGet(46)) - raft.grpc.admin.port = 15631 (custom)
2024-08-09 18:20:55,748 [main] INFO  grpc.GrpcConfigKeys (ConfUtils.java:logFallback(53)) - raft.grpc.client.host = null (fallback to raft.grpc.server.host)
2024-08-09 18:20:55,749 [main] INFO  grpc.GrpcConfigKeys (ConfUtils.java:logGet(46)) - raft.grpc.client.port = 15631 (custom)
2024-08-09 18:20:55,749 [main] INFO  grpc.GrpcConfigKeys (ConfUtils.java:logGet(46)) - raft.grpc.server.host = null (default)
2024-08-09 18:20:55,749 [main] INFO  grpc.GrpcConfigKeys (ConfUtils.java:logGet(46)) - raft.grpc.server.port = 15631 (custom)
2024-08-09 18:20:55,749 [main] INFO  server.GrpcService (ConfUtils.java:logGet(46)) - raft.grpc.message.size.max = 32MB (=33554432) (custom)
2024-08-09 18:20:55,749 [main] INFO  server.RaftServerConfigKeys (ConfUtils.java:logGet(46)) - raft.server.log.appender.buffer.byte-limit = 8388608 (custom)
2024-08-09 18:20:55,749 [main] INFO  server.GrpcService (ConfUtils.java:logGet(46)) - raft.grpc.flow.control.window = 5MB (=5242880) (custom)
2024-08-09 18:20:55,749 [main] INFO  server.RaftServerConfigKeys (ConfUtils.java:logGet(46)) - raft.server.rpc.request.timeout = 3000ms (default)
2024-08-09 18:20:55,749 [main] INFO  grpc.GrpcConfigKeys (ConfUtils.java:logGet(46)) - raft.grpc.server.heartbeat.channel = true (default)
2024-08-09 18:20:55,750 [main] INFO  grpc.GrpcConfigKeys (ConfUtils.java:logGet(46)) - raft.grpc.server.async.request.thread.pool.cached = true (default)
2024-08-09 18:20:55,750 [main] INFO  grpc.GrpcConfigKeys (ConfUtils.java:logGet(46)) - raft.grpc.server.async.request.thread.pool.size = 32 (default)
2024-08-09 18:20:55,750 [main] INFO  impl.DataStreamServerImpl (ConfUtils.java:logGet(46)) - raft.datastream.type = NETTY (custom)
2024-08-09 18:20:55,751 [main] INFO  server.RaftServerConfigKeys (ConfUtils.java:logGet(46)) - raft.server.data-stream.async.request.thread.pool.cached = false (default)
2024-08-09 18:20:55,751 [main] INFO  server.RaftServerConfigKeys (ConfUtils.java:logGet(46)) - raft.server.data-stream.async.request.thread.pool.size = 20 (custom)
2024-08-09 18:20:55,751 [main] INFO  server.RaftServerConfigKeys (ConfUtils.java:logGet(46)) - raft.server.data-stream.async.write.thread.pool.size = 16 (default)
2024-08-09 18:20:55,751 [main] INFO  netty.NettyConfigKeys$DataStream (ConfUtils.java:logGet(46)) - raft.netty.dataStream.server.channel.inactive.grace-period = 10min (default)
2024-08-09 18:20:55,751 [main] INFO  server.RaftServerConfigKeys (ConfUtils.java:logGet(46)) - raft.server.data-stream.client.pool.size = 10 (default)
2024-08-09 18:20:55,751 [main] INFO  netty.NettyConfigKeys$DataStream (ConfUtils.java:logGet(46)) - raft.netty.dataStream.server.use-epoll = true (default)
2024-08-09 18:20:55,751 [main] INFO  netty.NettyConfigKeys$DataStream (ConfUtils.java:logGet(46)) - raft.netty.dataStream.server.boss-group.size = 0 (default)
2024-08-09 18:20:55,752 [main] INFO  netty.NettyUtils (NettyUtils.java:newEventLoopGroup(74)) - Create EpollEventLoopGroup for 2a5f2f3f-c544-4432-8d42-fb85fe01dde8-NettyServerStreamRpc-bossGroup; Thread size is 0.
2024-08-09 18:20:55,752 [main] INFO  netty.NettyConfigKeys$DataStream (ConfUtils.java:logGet(46)) - raft.netty.dataStream.server.worker-group.size = 0 (default)
2024-08-09 18:20:55,752 [main] INFO  netty.NettyUtils (NettyUtils.java:newEventLoopGroup(74)) - Create EpollEventLoopGroup for 2a5f2f3f-c544-4432-8d42-fb85fe01dde8-NettyServerStreamRpc-workerGroup; Thread size is 0.
2024-08-09 18:20:55,752 [main] INFO  netty.NettyConfigKeys$DataStream (ConfUtils.java:logGet(46)) - raft.netty.dataStream.server.tls.conf = null (default)
2024-08-09 18:20:55,752 [main] INFO  netty.NettyConfigKeys$DataStream (ConfUtils.java:logGet(46)) - raft.netty.dataStream.host = null (default)
2024-08-09 18:20:55,752 [main] INFO  netty.NettyConfigKeys$DataStream (ConfUtils.java:logGet(46)) - raft.netty.dataStream.port = 15634 (custom)
2024-08-09 18:20:55,753 [main] INFO  server.RaftServerConfigKeys (ConfUtils.java:logGet(46)) - raft.server.sleep.deviation.threshold = 300ms (default)
2024-08-09 18:20:55,753 [main] INFO  server.RaftServerConfigKeys (ConfUtils.java:logGet(46)) - raft.server.close.threshold = 60s (default)
2024-08-09 18:20:55,753 [main] INFO  server.RaftServerConfigKeys (ConfUtils.java:logGet(46)) - raft.server.leaderelection.leader.step-down.wait-time = 10s (default)
2024-08-09 18:20:55,753 [main] INFO  server.RaftServerConfigKeys (ConfUtils.java:logGet(46)) - raft.server.storage.dir = [/home/runner/work/ozone/ozone/hadoop-ozone/integration-test/target/test-dir/MiniOzoneClusterImpl-d43ea6a6-39cf-404b-af74-5e65bec6c33b/ozone-meta/datanode-5/ratis] (custom)
2024-08-09 18:20:55,753 [main] INFO  server.RaftServerConfigKeys (ConfUtils.java:logGet(46)) - raft.server.threadpool.proxy.cached = true (default)
2024-08-09 18:20:55,754 [main] INFO  server.RaftServerConfigKeys (ConfUtils.java:logGet(46)) - raft.server.threadpool.proxy.size = 0 (default)
2024-08-09 18:20:55,753 [2a5f2f3f-c544-4432-8d42-fb85fe01dde8-NettyServerStreamRpc-bossGroup--thread1] INFO  logging.LoggingHandler (AbstractInternalLogger.java:log(148)) - [id: 0x6ec4b645] REGISTERED
2024-08-09 18:20:55,754 [2a5f2f3f-c544-4432-8d42-fb85fe01dde8-impl-thread1] INFO  server.RaftServer (RaftServerProxy.java:initGroupDir(266)) - 2a5f2f3f-c544-4432-8d42-fb85fe01dde8: found a subdirectory /home/runner/work/ozone/ozone/hadoop-ozone/integration-test/target/test-dir/MiniOzoneClusterImpl-d43ea6a6-39cf-404b-af74-5e65bec6c33b/ozone-meta/datanode-5/ratis/tmp
2024-08-09 18:20:55,754 [2a5f2f3f-c544-4432-8d42-fb85fe01dde8-impl-thread1] INFO  server.RaftServer (RaftServerProxy.java:initGroupDir(271)) - 2a5f2f3f-c544-4432-8d42-fb85fe01dde8: The directory /home/runner/work/ozone/ozone/hadoop-ozone/integration-test/target/test-dir/MiniOzoneClusterImpl-d43ea6a6-39cf-404b-af74-5e65bec6c33b/ozone-meta/datanode-5/ratis/tmp is not a group directory; ignoring it. 
2024-08-09 18:20:55,754 [2a5f2f3f-c544-4432-8d42-fb85fe01dde8-NettyServerStreamRpc-bossGroup--thread1] INFO  logging.LoggingHandler (AbstractInternalLogger.java:log(148)) - [id: 0x6ec4b645] BIND: 0.0.0.0/0.0.0.0:15634
2024-08-09 18:20:55,754 [main] INFO  replication.ReplicationServer (ReplicationServer.java:<init>(86)) - Initializing replication server with thread count = 10 queue length = 4096
2024-08-09 18:20:55,754 [2a5f2f3f-c544-4432-8d42-fb85fe01dde8-NettyServerStreamRpc-bossGroup--thread1] INFO  logging.LoggingHandler (AbstractInternalLogger.java:log(148)) - [id: 0x6ec4b645, L:/0.0.0.0:15634] ACTIVE
2024-08-09 18:20:55,756 [main] INFO  server.XceiverServerGrpc (XceiverServerGrpc.java:<init>(141)) - GrpcServer channel type EpollServerSocketChannel
2024-08-09 18:20:55,757 [main] INFO  replication.ReplicationSupervisor (ReplicationSupervisor.java:build(157)) - Initializing replication supervisor with thread count = 10
2024-08-09 18:20:55,757 [main] INFO  replication.ReplicationSupervisor (ReplicationSupervisor.java:nodeStateUpdated(312)) - Node state updated to IN_SERVICE, scaling executor pool size to 10
2024-08-09 18:20:55,759 [main] INFO  http.BaseHttpServer (BaseHttpServer.java:newHttpServer2BuilderForOzone(223)) - Starting Web-server for hddsDatanode at: http://0.0.0.0:15628
2024-08-09 18:20:55,759 [main] INFO  http.BaseHttpServer (BaseHttpServer.java:<init>(110)) - Hadoop Security Enabled: false Ozone Security Enabled: false Ozone HTTP Security Enabled: false 
2024-08-09 18:20:55,760 [main] WARN  server.AuthenticationFilter (AuthenticationFilter.java:constructSecretProvider(240)) - Unable to initialize FileSignerSecretProvider, falling back to use random secrets. Reason: Could not read signature secret file: /home/runner/hadoop-http-auth-signature-secret
2024-08-09 18:20:55,761 [main] INFO  http.HttpRequestLog (HttpRequestLog.java:getRequestLog(86)) - Http request log for http.requests.hddsDatanode is not defined
2024-08-09 18:20:55,761 [main] INFO  http.HttpServer2 (HttpServer2.java:addGlobalFilter(1035)) - Added global filter 'safety' (class=org.apache.hadoop.hdds.server.http.HttpServer2$QuotingInputFilter)
2024-08-09 18:20:55,762 [main] INFO  http.HttpServer2 (HttpServer2.java:addFilter(1011)) - Added filter static_user_filter (class=org.apache.hadoop.http.lib.StaticUserWebFilter$StaticUserFilter) to context hddsDatanode
2024-08-09 18:20:55,762 [main] INFO  http.HttpServer2 (HttpServer2.java:addFilter(1019)) - Added filter static_user_filter (class=org.apache.hadoop.http.lib.StaticUserWebFilter$StaticUserFilter) to context static
2024-08-09 18:20:55,762 [main] INFO  http.HttpServer2 (HttpServer2.java:addFilter(1019)) - Added filter static_user_filter (class=org.apache.hadoop.http.lib.StaticUserWebFilter$StaticUserFilter) to context logs
2024-08-09 18:20:55,762 [main] INFO  http.BaseHttpServer (BaseHttpServer.java:<init>(189)) - HTTP server of hddsDatanode uses base directory /home/runner/work/ozone/ozone/hadoop-ozone/integration-test/target/test-dir/MiniOzoneClusterImpl-d43ea6a6-39cf-404b-af74-5e65bec6c33b/ozone-meta/datanode-5/meta/webserver
2024-08-09 18:20:55,762 [main] INFO  http.HttpServer2 (HttpServer2.java:bindListener(1235)) - Jetty bound to port 15628
2024-08-09 18:20:55,762 [main] INFO  server.Server (Server.java:doStart(375)) - jetty-9.4.55.v20240627; built: 2024-06-27T15:05:37.765Z; git: 70015831e5195ba74da6383c4ab7c90c56bb08af; jvm 17.0.12+7
2024-08-09 18:20:55,763 [main] INFO  server.session (DefaultSessionIdManager.java:doStart(334)) - DefaultSessionIdManager workerName=node0
2024-08-09 18:20:55,763 [main] INFO  server.session (DefaultSessionIdManager.java:doStart(339)) - No SessionScavenger set, using defaults
2024-08-09 18:20:55,764 [main] INFO  server.session (HouseKeeper.java:startScavenging(132)) - node0 Scavenging every 660000ms
2024-08-09 18:20:55,764 [main] INFO  handler.ContextHandler (ContextHandler.java:doStart(921)) - Started o.e.j.s.ServletContextHandler@79469f85{logs,/logs,file:///home/runner/work/ozone/ozone/hadoop-ozone/integration-test/target/log,AVAILABLE}
2024-08-09 18:20:55,764 [main] INFO  handler.ContextHandler (ContextHandler.java:doStart(921)) - Started o.e.j.s.ServletContextHandler@3fbe45ff{static,/static,jar:file:/home/runner/work/ozone/ozone/hadoop-hdds/container-service/target/hdds-container-service-1.5.0-SNAPSHOT.jar!/webapps/static,AVAILABLE}
2024-08-09 18:20:55,952 [main] INFO  handler.ContextHandler (ContextHandler.java:doStart(921)) - Started o.e.j.w.WebAppContext@5537d818{hddsDatanode,/,file:///home/runner/work/ozone/ozone/hadoop-ozone/integration-test/target/test-dir/MiniOzoneClusterImpl-d43ea6a6-39cf-404b-af74-5e65bec6c33b/ozone-meta/datanode-5/meta/webserver/jetty-0_0_0_0-15628-hdds-container-service-1_5_0-SNAPSHOT_jar-_-any-14957104575844973500/webapp/,AVAILABLE}{jar:file:/home/runner/work/ozone/ozone/hadoop-hdds/container-service/target/hdds-container-service-1.5.0-SNAPSHOT.jar!/webapps/hddsDatanode}
2024-08-09 18:20:55,952 [main] INFO  server.AbstractConnector (AbstractConnector.java:doStart(333)) - Started ServerConnector@64d2354f{HTTP/1.1, (http/1.1)}{0.0.0.0:15628}
2024-08-09 18:20:55,952 [main] INFO  server.Server (Server.java:doStart(415)) - Started @594027ms
2024-08-09 18:20:55,952 [main] WARN  impl.MetricsSystemImpl (MetricsSystemImpl.java:register(279)) - Sink prometheus already exists!
2024-08-09 18:20:55,953 [main] INFO  http.BaseHttpServer (BaseHttpServer.java:updateConnectorAddress(354)) - HTTP server of hddsDatanode listening at http://0.0.0.0:15628
2024-08-09 18:20:55,953 [main] INFO  ipc.CallQueueManager (CallQueueManager.java:<init>(90)) - Using callQueue: class java.util.concurrent.LinkedBlockingQueue, queueCapacity: 1000, scheduler: class org.apache.hadoop.ipc.DefaultRpcScheduler, ipcBackoff: false.
2024-08-09 18:20:55,954 [main] INFO  ipc.Server (Server.java:<init>(1287)) - Listener at 0.0.0.0:15629
2024-08-09 18:20:55,954 [Socket Reader #1 for port 15629] INFO  ipc.Server (Server.java:run(1323)) - Starting Socket Reader #1 for port 15629
2024-08-09 18:20:55,955 [main] INFO  ozone.HddsDatanodeService (HddsDatanodeService.java:start(319)) - Datanode start with admins: [runner]
2024-08-09 18:20:55,955 [main] INFO  ozone.HddsDatanodeClientProtocolServer (HddsDatanodeClientProtocolServer.java:start(77)) - RPC server for Client /0.0.0.0:15629
2024-08-09 18:20:55,956 [IPC Server Responder] INFO  ipc.Server (Server.java:run(1562)) - IPC Server Responder: starting
2024-08-09 18:20:55,956 [IPC Server listener on 15629] INFO  ipc.Server (Server.java:run(1402)) - IPC Server listener on 15629: starting
2024-08-09 18:20:55,958 [main] INFO  ozone.MiniOzoneClusterImpl (MiniOzoneClusterImpl.java:lambda$waitForClusterToBeReady$0(198)) - Waiting for nodes to be ready. Got 0 of 5 DN Heartbeats.
2024-08-09 18:20:55,958 [main] INFO  ozone.MiniOzoneClusterImpl (MiniOzoneClusterImpl.java:lambda$waitForClusterToBeReady$0(201)) - Waiting for cluster to exit safe mode
2024-08-09 18:20:55,958 [main] INFO  ozone.MiniOzoneClusterImpl (MiniOzoneClusterImpl.java:lambda$waitForClusterToBeReady$0(203)) - SCM became leader
2024-08-09 18:20:55,959 [2a5f2f3f-c544-4432-8d42-fb85fe01dde8-DatanodeStateMachineDaemonThread] INFO  statemachine.DatanodeStateMachine (DatanodeStateMachine.java:startStateMachineThread(335)) - Ozone container server started.
2024-08-09 18:20:55,960 [2a5f2f3f-c544-4432-8d42-fb85fe01dde8-DatanodeStateMachineTaskThread-0] INFO  datanode.InitDatanodeState (InitDatanodeState.java:persistContainerDatanodeDetails(139)) - DatanodeDetails is persisted to /home/runner/work/ozone/ozone/hadoop-ozone/integration-test/target/test-dir/MiniOzoneClusterImpl-d43ea6a6-39cf-404b-af74-5e65bec6c33b/ozone-meta/datanode-5/meta/datanode.id
2024-08-09 18:20:55,985 [om1@group-C5BA1605619E-FollowerState] INFO  impl.FollowerState (FollowerState.java:run(144)) - om1@group-C5BA1605619E-FollowerState: change to CANDIDATE, lastRpcElapsedTime:1192027551ns, electionTimeout:1191ms
2024-08-09 18:20:55,986 [om1@group-C5BA1605619E-FollowerState] INFO  impl.RoleInfo (RoleInfo.java:shutdownFollowerState(119)) - om1: shutdown om1@group-C5BA1605619E-FollowerState
2024-08-09 18:20:55,986 [om1@group-C5BA1605619E-FollowerState] INFO  server.RaftServer$Division (RaftServerImpl.java:setRole(376)) - om1@group-C5BA1605619E: changes role from  FOLLOWER to CANDIDATE at term 0 for changeToCandidate
2024-08-09 18:20:55,986 [om1@group-C5BA1605619E-FollowerState] INFO  server.RaftServerConfigKeys (ConfUtils.java:logGet(46)) - raft.server.leaderelection.pre-vote = true (default)
2024-08-09 18:20:55,986 [om1@group-C5BA1605619E-FollowerState] INFO  impl.RoleInfo (RoleInfo.java:updateAndGet(148)) - om1: start om1@group-C5BA1605619E-LeaderElection143
2024-08-09 18:20:55,986 [om1@group-C5BA1605619E-LeaderElection143] INFO  impl.LeaderElection (LeaderElection.java:askForVotes(321)) - om1@group-C5BA1605619E-LeaderElection143 PRE_VOTE round 0: submit vote requests at term 0 for conf: {index: -1, cur=peers:[om1|localhost:15590]|listeners:[], old=null}
2024-08-09 18:20:55,986 [om1@group-C5BA1605619E-LeaderElection143] INFO  impl.LeaderElection (LeaderElection.java:askForVotes(323)) - om1@group-C5BA1605619E-LeaderElection143 PRE_VOTE round 0: result PASSED (term=0)
2024-08-09 18:20:55,988 [om1@group-C5BA1605619E-LeaderElection143] INFO  impl.LeaderElection (LeaderElection.java:askForVotes(321)) - om1@group-C5BA1605619E-LeaderElection143 ELECTION round 0: submit vote requests at term 1 for conf: {index: -1, cur=peers:[om1|localhost:15590]|listeners:[], old=null}
2024-08-09 18:20:55,988 [om1@group-C5BA1605619E-LeaderElection143] INFO  impl.LeaderElection (LeaderElection.java:askForVotes(323)) - om1@group-C5BA1605619E-LeaderElection143 ELECTION round 0: result PASSED (term=1)
2024-08-09 18:20:55,988 [om1@group-C5BA1605619E-LeaderElection143] INFO  impl.RoleInfo (RoleInfo.java:shutdownLeaderElection(139)) - om1: shutdown om1@group-C5BA1605619E-LeaderElection143
2024-08-09 18:20:55,988 [om1@group-C5BA1605619E-LeaderElection143] INFO  server.RaftServer$Division (RaftServerImpl.java:setRole(376)) - om1@group-C5BA1605619E: changes role from CANDIDATE to LEADER at term 1 for changeToLeader
2024-08-09 18:20:55,988 [om1@group-C5BA1605619E-LeaderElection143] INFO  server.RaftServerConfigKeys (ConfUtils.java:logGet(46)) - raft.server.staging.catchup.gap = 1000 (default)
2024-08-09 18:20:55,988 [om1@group-C5BA1605619E-LeaderElection143] INFO  server.RaftServerConfigKeys (ConfUtils.java:logGet(46)) - raft.server.write.element-limit = 4096 (default)
2024-08-09 18:20:55,988 [om1@group-C5BA1605619E-LeaderElection143] INFO  server.RaftServerConfigKeys (ConfUtils.java:logGet(46)) - raft.server.write.byte-limit = 64MB (=67108864) (default)
2024-08-09 18:20:55,989 [om1@group-C5BA1605619E-LeaderElection143] INFO  server.RaftServerConfigKeys (ConfUtils.java:logGet(46)) - raft.server.watch.timeout = 10s (default)
2024-08-09 18:20:55,989 [om1@group-C5BA1605619E-LeaderElection143] INFO  server.RaftServerConfigKeys (ConfUtils.java:logGet(46)) - raft.server.watch.timeout.denomination = 1s (default)
2024-08-09 18:20:55,989 [om1@group-C5BA1605619E-LeaderElection143] INFO  server.RaftServerConfigKeys (ConfUtils.java:logGet(46)) - raft.server.watch.element-limit = 65536 (default)
2024-08-09 18:20:55,989 [om1@group-C5BA1605619E-LeaderElection143] INFO  server.RaftServerConfigKeys (ConfUtils.java:logGet(46)) - raft.server.read.leader.lease.enabled = false (default)
2024-08-09 18:20:55,989 [om1@group-C5BA1605619E-LeaderElection143] INFO  server.RaftServerConfigKeys (ConfUtils.java:logGet(46)) - raft.server.read.leader.lease.timeout.ratio = 0.9 (default)
2024-08-09 18:20:55,989 [om1@group-C5BA1605619E-LeaderElection143] INFO  server.RaftServerConfigKeys (ConfUtils.java:logGet(46)) - raft.server.rpc.timeout.min = 1s (custom)
2024-08-09 18:20:55,989 [om1@group-C5BA1605619E-LeaderElection143] INFO  server.RaftServerConfigKeys (ConfUtils.java:logGet(46)) - raft.server.log.log-metadata.enabled = true (default)
2024-08-09 18:20:55,989 [om1@group-C5BA1605619E-LeaderElection143] INFO  server.RaftServerConfigKeys (ConfUtils.java:logGet(46)) - raft.server.write.element-limit = 4096 (default)
2024-08-09 18:20:55,989 [om1@group-C5BA1605619E-LeaderElection143] INFO  server.RaftServerConfigKeys (ConfUtils.java:logGet(46)) - raft.server.write.follower.gap.ratio.max = -1.0 (default)
2024-08-09 18:20:55,989 [om1@group-C5BA1605619E-LeaderElection143] INFO  impl.RoleInfo (RoleInfo.java:updateAndGet(148)) - om1: start om1@group-C5BA1605619E-LeaderStateImpl
2024-08-09 18:20:55,989 [om1@group-C5BA1605619E-LeaderElection143] INFO  server.RaftServer$Division (RaftServerImpl.java:setFirstElection(549)) - om1@group-C5BA1605619E: set firstElectionSinceStartup to false for becomeLeader
2024-08-09 18:20:55,989 [om1@group-C5BA1605619E-LeaderElection143] INFO  server.RaftServer$Division (ServerState.java:setLeader(272)) - om1@group-C5BA1605619E: change Leader from null to om1 at term 1 for becomeLeader, leader elected after 1519ms
2024-08-09 18:20:55,989 [om1@group-C5BA1605619E-LeaderElection143] INFO  segmented.SegmentedRaftLogWorker (SegmentedRaftLogWorker.java:startLogSegment(433)) - om1@group-C5BA1605619E-SegmentedRaftLogWorker: Starting segment from index:0
2024-08-09 18:20:55,990 [om1@group-C5BA1605619E-LeaderElection143] INFO  server.RaftServer$Division (ServerState.java:setRaftConf(386)) - om1@group-C5BA1605619E: set configuration conf: {index: 0, cur=peers:[om1|localhost:15590]|listeners:[], old=null}
2024-08-09 18:20:55,990 [om1@group-C5BA1605619E-SegmentedRaftLogWorker] INFO  segmented.BufferedWriteChannel (BufferedWriteChannel.java:open(61)) - open log_inprogress_0 at position 0
2024-08-09 18:20:56,000 [om1@group-C5BA1605619E-SegmentedRaftLogWorker] INFO  segmented.SegmentedRaftLogWorker (SegmentedRaftLogWorker.java:execute(637)) - om1@group-C5BA1605619E-SegmentedRaftLogWorker: created new log segment /home/runner/work/ozone/ozone/hadoop-ozone/integration-test/target/test-dir/MiniOzoneClusterImpl-d43ea6a6-39cf-404b-af74-5e65bec6c33b/ozone-meta/ratis/bf265839-605b-3f16-9796-c5ba1605619e/current/log_inprogress_0
2024-08-09 18:20:56,001 [om1@group-C5BA1605619E-StateMachineUpdater] INFO  ratis.OzoneManagerStateMachine (OzoneManagerStateMachine.java:notifyConfigurationChanged(216)) - Received Configuration change notification from Ratis. New Peer list:
[id: "om1"
address: "localhost:15590"
startupRole: FOLLOWER
]
2024-08-09 18:20:56,001 [om1@group-C5BA1605619E-StateMachineUpdater] INFO  server.RaftServer$Division (LeaderStateImpl.java:checkStartIndex(316)) - Leader om1@group-C5BA1605619E-LeaderStateImpl is ready since appliedIndex == startIndex == 0
2024-08-09 18:20:56,958 [main] INFO  ozone.MiniOzoneClusterImpl (MiniOzoneClusterImpl.java:lambda$waitForClusterToBeReady$0(198)) - Waiting for nodes to be ready. Got 0 of 5 DN Heartbeats.
2024-08-09 18:20:56,958 [main] INFO  ozone.MiniOzoneClusterImpl (MiniOzoneClusterImpl.java:lambda$waitForClusterToBeReady$0(201)) - Waiting for cluster to exit safe mode
2024-08-09 18:20:56,958 [main] INFO  ozone.MiniOzoneClusterImpl (MiniOzoneClusterImpl.java:lambda$waitForClusterToBeReady$0(203)) - SCM became leader
2024-08-09 18:20:57,081 [98b1311b-33ed-441a-9d1f-284a1b8d0a39-EndpointStateMachineTaskThread-/0.0.0.0:15585-0 ] INFO  utils.DatanodeStoreCache (DatanodeStoreCache.java:addDB(72)) - Added db /home/runner/work/ozone/ozone/hadoop-ozone/integration-test/target/test-dir/MiniOzoneClusterImpl-d43ea6a6-39cf-404b-af74-5e65bec6c33b/ozone-meta/datanode-1/data-0/hdds/d43ea6a6-39cf-404b-af74-5e65bec6c33b/DS-8d2bd25b-be9a-4a23-bb57-52e776791c10/container.db to cache
2024-08-09 18:20:57,081 [98b1311b-33ed-441a-9d1f-284a1b8d0a39-EndpointStateMachineTaskThread-/0.0.0.0:15585-0 ] INFO  volume.HddsVolume (HddsVolume.java:createDbStore(437)) - SchemaV3 db is created and loaded at /home/runner/work/ozone/ozone/hadoop-ozone/integration-test/target/test-dir/MiniOzoneClusterImpl-d43ea6a6-39cf-404b-af74-5e65bec6c33b/ozone-meta/datanode-1/data-0/hdds/d43ea6a6-39cf-404b-af74-5e65bec6c33b/DS-8d2bd25b-be9a-4a23-bb57-52e776791c10/container.db for volume DS-8d2bd25b-be9a-4a23-bb57-52e776791c10
2024-08-09 18:20:57,083 [98b1311b-33ed-441a-9d1f-284a1b8d0a39-ContainerReader-0] INFO  ozoneimpl.ContainerReader (ContainerReader.java:readVolume(148)) - Start to verify containers on volume /home/runner/work/ozone/ozone/hadoop-ozone/integration-test/target/test-dir/MiniOzoneClusterImpl-d43ea6a6-39cf-404b-af74-5e65bec6c33b/ozone-meta/datanode-1/data-0/hdds
2024-08-09 18:20:57,083 [98b1311b-33ed-441a-9d1f-284a1b8d0a39-ContainerReader-0] INFO  ozoneimpl.ContainerReader (ContainerReader.java:readVolume(178)) - Finish verifying containers on volume /home/runner/work/ozone/ozone/hadoop-ozone/integration-test/target/test-dir/MiniOzoneClusterImpl-d43ea6a6-39cf-404b-af74-5e65bec6c33b/ozone-meta/datanode-1/data-0/hdds
2024-08-09 18:20:57,083 [98b1311b-33ed-441a-9d1f-284a1b8d0a39-EndpointStateMachineTaskThread-/0.0.0.0:15585-0 ] INFO  ozoneimpl.OzoneContainer (OzoneContainer.java:buildContainerSet(328)) - Build ContainerSet costs 0s
2024-08-09 18:20:57,083 [98b1311b-33ed-441a-9d1f-284a1b8d0a39-EndpointStateMachineTaskThread-/0.0.0.0:15585-0 ] INFO  volume.ThrottledAsyncChecker (ThrottledAsyncChecker.java:schedule(141)) - Scheduling a check for /home/runner/work/ozone/ozone/hadoop-ozone/integration-test/target/test-dir/MiniOzoneClusterImpl-d43ea6a6-39cf-404b-af74-5e65bec6c33b/ozone-meta/datanode-1/data-0/hdds
2024-08-09 18:20:57,084 [98b1311b-33ed-441a-9d1f-284a1b8d0a39-EndpointStateMachineTaskThread-/0.0.0.0:15585-0 ] INFO  volume.StorageVolumeChecker (StorageVolumeChecker.java:checkAllVolumes(218)) - Scheduled health check for volume /home/runner/work/ozone/ozone/hadoop-ozone/integration-test/target/test-dir/MiniOzoneClusterImpl-d43ea6a6-39cf-404b-af74-5e65bec6c33b/ozone-meta/datanode-1/data-0/hdds
2024-08-09 18:20:57,085 [98b1311b-33ed-441a-9d1f-284a1b8d0a39-EndpointStateMachineTaskThread-/0.0.0.0:15585-0 ] INFO  volume.ThrottledAsyncChecker (ThrottledAsyncChecker.java:schedule(141)) - Scheduling a check for /home/runner/work/ozone/ozone/hadoop-ozone/integration-test/target/test-dir/MiniOzoneClusterImpl-d43ea6a6-39cf-404b-af74-5e65bec6c33b/ozone-meta/datanode-1/ratis
2024-08-09 18:20:57,085 [98b1311b-33ed-441a-9d1f-284a1b8d0a39-EndpointStateMachineTaskThread-/0.0.0.0:15585-0 ] INFO  volume.StorageVolumeChecker (StorageVolumeChecker.java:checkAllVolumes(218)) - Scheduled health check for volume /home/runner/work/ozone/ozone/hadoop-ozone/integration-test/target/test-dir/MiniOzoneClusterImpl-d43ea6a6-39cf-404b-af74-5e65bec6c33b/ozone-meta/datanode-1/ratis
2024-08-09 18:20:57,086 [98b1311b-33ed-441a-9d1f-284a1b8d0a39-EndpointStateMachineTaskThread-/0.0.0.0:15585-0 ] INFO  ozoneimpl.OzoneContainer (OzoneContainer.java:start(459)) - Attempting to start container services.
2024-08-09 18:20:57,086 [ContainerMetadataScanner] INFO  ozoneimpl.AbstractBackgroundContainerScanner (AbstractBackgroundContainerScanner.java:runIteration(87)) - Completed an iteration in 0 minutes. Number of iterations (since the data-node restart) : 1, Number of containers scanned in this iteration : 0, Number of unhealthy containers found in this iteration : 0
2024-08-09 18:20:57,086 [ContainerDataScanner(/home/runner/work/ozone/ozone/hadoop-ozone/integration-test/target/test-dir/MiniOzoneClusterImpl-d43ea6a6-39cf-404b-af74-5e65bec6c33b/ozone-meta/datanode-1/data-0/hdds)] INFO  ozoneimpl.AbstractBackgroundContainerScanner (AbstractBackgroundContainerScanner.java:runIteration(87)) - Completed an iteration in 0 minutes. Number of iterations (since the data-node restart) : 1, Number of containers scanned in this iteration : 0, Number of unhealthy containers found in this iteration : 0
2024-08-09 18:20:57,086 [98b1311b-33ed-441a-9d1f-284a1b8d0a39-EndpointStateMachineTaskThread-/0.0.0.0:15585-0 ] INFO  replication.ReplicationServer (ReplicationServer.java:start(140)) - ReplicationServer is started using port 15599
2024-08-09 18:20:57,086 [98b1311b-33ed-441a-9d1f-284a1b8d0a39-EndpointStateMachineTaskThread-/0.0.0.0:15585-0 ] INFO  ratis.XceiverServerRatis (XceiverServerRatis.java:start(559)) - Starting XceiverServerRatis 98b1311b-33ed-441a-9d1f-284a1b8d0a39
2024-08-09 18:20:57,087 [98b1311b-33ed-441a-9d1f-284a1b8d0a39-EndpointStateMachineTaskThread-/0.0.0.0:15585-0 ] INFO  server.RaftServer (RaftServerProxy.java:startImpl(408)) - 98b1311b-33ed-441a-9d1f-284a1b8d0a39: start RPC server
2024-08-09 18:20:57,087 [98b1311b-33ed-441a-9d1f-284a1b8d0a39-EndpointStateMachineTaskThread-/0.0.0.0:15585-0 ] INFO  server.GrpcService (GrpcService.java:startImpl(302)) - 98b1311b-33ed-441a-9d1f-284a1b8d0a39: GrpcService started, listening on 15595
2024-08-09 18:20:57,087 [98b1311b-33ed-441a-9d1f-284a1b8d0a39-EndpointStateMachineTaskThread-/0.0.0.0:15585-0 ] INFO  ratis.XceiverServerRatis (XceiverServerRatis.java:getRealPort(585)) - XceiverServerRatis 98b1311b-33ed-441a-9d1f-284a1b8d0a39 is started using port 15595 for RATIS
2024-08-09 18:20:57,088 [98b1311b-33ed-441a-9d1f-284a1b8d0a39-EndpointStateMachineTaskThread-/0.0.0.0:15585-0 ] INFO  ratis.XceiverServerRatis (XceiverServerRatis.java:getRealPort(585)) - XceiverServerRatis 98b1311b-33ed-441a-9d1f-284a1b8d0a39 is started using port 15595 for RATIS_ADMIN
2024-08-09 18:20:57,088 [98b1311b-33ed-441a-9d1f-284a1b8d0a39-EndpointStateMachineTaskThread-/0.0.0.0:15585-0 ] INFO  ratis.XceiverServerRatis (XceiverServerRatis.java:getRealPort(585)) - XceiverServerRatis 98b1311b-33ed-441a-9d1f-284a1b8d0a39 is started using port 15595 for RATIS_SERVER
2024-08-09 18:20:57,088 [98b1311b-33ed-441a-9d1f-284a1b8d0a39-EndpointStateMachineTaskThread-/0.0.0.0:15585-0 ] INFO  ratis.XceiverServerRatis (XceiverServerRatis.java:getRealPort(585)) - XceiverServerRatis 98b1311b-33ed-441a-9d1f-284a1b8d0a39 is started using port 15598 for RATIS_DATASTREAM
2024-08-09 18:20:57,088 [JvmPauseMonitor83] INFO  util.JvmPauseMonitor (JvmPauseMonitor.java:run(146)) - JvmPauseMonitor-98b1311b-33ed-441a-9d1f-284a1b8d0a39: Started
2024-08-09 18:20:57,090 [98b1311b-33ed-441a-9d1f-284a1b8d0a39-BlockDeletingService#0] INFO  interfaces.ContainerDeletionChoosingPolicyTemplate (ContainerDeletionChoosingPolicyTemplate.java:chooseContainerForBlockDeletion(85)) - Chosen 0/5000 blocks from 0 candidate containers.
2024-08-09 18:20:57,317 [3ef2c69f-b325-49e4-8b40-b7dfff9ecdd0-EndpointStateMachineTaskThread-/0.0.0.0:15585-0 ] INFO  utils.DatanodeStoreCache (DatanodeStoreCache.java:addDB(72)) - Added db /home/runner/work/ozone/ozone/hadoop-ozone/integration-test/target/test-dir/MiniOzoneClusterImpl-d43ea6a6-39cf-404b-af74-5e65bec6c33b/ozone-meta/datanode-2/data-0/hdds/d43ea6a6-39cf-404b-af74-5e65bec6c33b/DS-89b97729-96ad-4001-9a47-8336ab55b50e/container.db to cache
2024-08-09 18:20:57,317 [3ef2c69f-b325-49e4-8b40-b7dfff9ecdd0-EndpointStateMachineTaskThread-/0.0.0.0:15585-0 ] INFO  volume.HddsVolume (HddsVolume.java:createDbStore(437)) - SchemaV3 db is created and loaded at /home/runner/work/ozone/ozone/hadoop-ozone/integration-test/target/test-dir/MiniOzoneClusterImpl-d43ea6a6-39cf-404b-af74-5e65bec6c33b/ozone-meta/datanode-2/data-0/hdds/d43ea6a6-39cf-404b-af74-5e65bec6c33b/DS-89b97729-96ad-4001-9a47-8336ab55b50e/container.db for volume DS-89b97729-96ad-4001-9a47-8336ab55b50e
2024-08-09 18:20:57,319 [3ef2c69f-b325-49e4-8b40-b7dfff9ecdd0-ContainerReader-0] INFO  ozoneimpl.ContainerReader (ContainerReader.java:readVolume(148)) - Start to verify containers on volume /home/runner/work/ozone/ozone/hadoop-ozone/integration-test/target/test-dir/MiniOzoneClusterImpl-d43ea6a6-39cf-404b-af74-5e65bec6c33b/ozone-meta/datanode-2/data-0/hdds
2024-08-09 18:20:57,319 [3ef2c69f-b325-49e4-8b40-b7dfff9ecdd0-ContainerReader-0] INFO  ozoneimpl.ContainerReader (ContainerReader.java:readVolume(178)) - Finish verifying containers on volume /home/runner/work/ozone/ozone/hadoop-ozone/integration-test/target/test-dir/MiniOzoneClusterImpl-d43ea6a6-39cf-404b-af74-5e65bec6c33b/ozone-meta/datanode-2/data-0/hdds
2024-08-09 18:20:57,320 [3ef2c69f-b325-49e4-8b40-b7dfff9ecdd0-EndpointStateMachineTaskThread-/0.0.0.0:15585-0 ] INFO  ozoneimpl.OzoneContainer (OzoneContainer.java:buildContainerSet(328)) - Build ContainerSet costs 0s
2024-08-09 18:20:57,320 [3ef2c69f-b325-49e4-8b40-b7dfff9ecdd0-EndpointStateMachineTaskThread-/0.0.0.0:15585-0 ] INFO  volume.ThrottledAsyncChecker (ThrottledAsyncChecker.java:schedule(141)) - Scheduling a check for /home/runner/work/ozone/ozone/hadoop-ozone/integration-test/target/test-dir/MiniOzoneClusterImpl-d43ea6a6-39cf-404b-af74-5e65bec6c33b/ozone-meta/datanode-2/data-0/hdds
2024-08-09 18:20:57,320 [3ef2c69f-b325-49e4-8b40-b7dfff9ecdd0-EndpointStateMachineTaskThread-/0.0.0.0:15585-0 ] INFO  volume.StorageVolumeChecker (StorageVolumeChecker.java:checkAllVolumes(218)) - Scheduled health check for volume /home/runner/work/ozone/ozone/hadoop-ozone/integration-test/target/test-dir/MiniOzoneClusterImpl-d43ea6a6-39cf-404b-af74-5e65bec6c33b/ozone-meta/datanode-2/data-0/hdds
2024-08-09 18:20:57,321 [3ef2c69f-b325-49e4-8b40-b7dfff9ecdd0-EndpointStateMachineTaskThread-/0.0.0.0:15585-0 ] INFO  volume.ThrottledAsyncChecker (ThrottledAsyncChecker.java:schedule(141)) - Scheduling a check for /home/runner/work/ozone/ozone/hadoop-ozone/integration-test/target/test-dir/MiniOzoneClusterImpl-d43ea6a6-39cf-404b-af74-5e65bec6c33b/ozone-meta/datanode-2/ratis
2024-08-09 18:20:57,321 [3ef2c69f-b325-49e4-8b40-b7dfff9ecdd0-EndpointStateMachineTaskThread-/0.0.0.0:15585-0 ] INFO  volume.StorageVolumeChecker (StorageVolumeChecker.java:checkAllVolumes(218)) - Scheduled health check for volume /home/runner/work/ozone/ozone/hadoop-ozone/integration-test/target/test-dir/MiniOzoneClusterImpl-d43ea6a6-39cf-404b-af74-5e65bec6c33b/ozone-meta/datanode-2/ratis
2024-08-09 18:20:57,322 [3ef2c69f-b325-49e4-8b40-b7dfff9ecdd0-EndpointStateMachineTaskThread-/0.0.0.0:15585-0 ] INFO  ozoneimpl.OzoneContainer (OzoneContainer.java:start(459)) - Attempting to start container services.
2024-08-09 18:20:57,323 [3ef2c69f-b325-49e4-8b40-b7dfff9ecdd0-EndpointStateMachineTaskThread-/0.0.0.0:15585-0 ] WARN  ozoneimpl.OnDemandContainerDataScanner (OnDemandContainerDataScanner.java:init(75)) - Trying to initialize on demand scanner a second time on a datanode.
2024-08-09 18:20:57,323 [ContainerMetadataScanner] INFO  ozoneimpl.AbstractBackgroundContainerScanner (AbstractBackgroundContainerScanner.java:runIteration(87)) - Completed an iteration in 0 minutes. Number of iterations (since the data-node restart) : 1, Number of containers scanned in this iteration : 0, Number of unhealthy containers found in this iteration : 0
2024-08-09 18:20:57,323 [ContainerDataScanner(/home/runner/work/ozone/ozone/hadoop-ozone/integration-test/target/test-dir/MiniOzoneClusterImpl-d43ea6a6-39cf-404b-af74-5e65bec6c33b/ozone-meta/datanode-2/data-0/hdds)] INFO  ozoneimpl.AbstractBackgroundContainerScanner (AbstractBackgroundContainerScanner.java:runIteration(87)) - Completed an iteration in 0 minutes. Number of iterations (since the data-node restart) : 1, Number of containers scanned in this iteration : 0, Number of unhealthy containers found in this iteration : 0
2024-08-09 18:20:57,323 [3ef2c69f-b325-49e4-8b40-b7dfff9ecdd0-EndpointStateMachineTaskThread-/0.0.0.0:15585-0 ] INFO  replication.ReplicationServer (ReplicationServer.java:start(140)) - ReplicationServer is started using port 15608
2024-08-09 18:20:57,324 [3ef2c69f-b325-49e4-8b40-b7dfff9ecdd0-EndpointStateMachineTaskThread-/0.0.0.0:15585-0 ] INFO  ratis.XceiverServerRatis (XceiverServerRatis.java:start(559)) - Starting XceiverServerRatis 3ef2c69f-b325-49e4-8b40-b7dfff9ecdd0
2024-08-09 18:20:57,324 [3ef2c69f-b325-49e4-8b40-b7dfff9ecdd0-EndpointStateMachineTaskThread-/0.0.0.0:15585-0 ] INFO  server.RaftServer (RaftServerProxy.java:startImpl(408)) - 3ef2c69f-b325-49e4-8b40-b7dfff9ecdd0: start RPC server
2024-08-09 18:20:57,324 [3ef2c69f-b325-49e4-8b40-b7dfff9ecdd0-EndpointStateMachineTaskThread-/0.0.0.0:15585-0 ] INFO  server.GrpcService (GrpcService.java:startImpl(302)) - 3ef2c69f-b325-49e4-8b40-b7dfff9ecdd0: GrpcService started, listening on 15604
2024-08-09 18:20:57,324 [3ef2c69f-b325-49e4-8b40-b7dfff9ecdd0-EndpointStateMachineTaskThread-/0.0.0.0:15585-0 ] INFO  ratis.XceiverServerRatis (XceiverServerRatis.java:getRealPort(585)) - XceiverServerRatis 3ef2c69f-b325-49e4-8b40-b7dfff9ecdd0 is started using port 15604 for RATIS
2024-08-09 18:20:57,325 [3ef2c69f-b325-49e4-8b40-b7dfff9ecdd0-EndpointStateMachineTaskThread-/0.0.0.0:15585-0 ] INFO  ratis.XceiverServerRatis (XceiverServerRatis.java:getRealPort(585)) - XceiverServerRatis 3ef2c69f-b325-49e4-8b40-b7dfff9ecdd0 is started using port 15604 for RATIS_ADMIN
2024-08-09 18:20:57,325 [3ef2c69f-b325-49e4-8b40-b7dfff9ecdd0-EndpointStateMachineTaskThread-/0.0.0.0:15585-0 ] INFO  ratis.XceiverServerRatis (XceiverServerRatis.java:getRealPort(585)) - XceiverServerRatis 3ef2c69f-b325-49e4-8b40-b7dfff9ecdd0 is started using port 15604 for RATIS_SERVER
2024-08-09 18:20:57,325 [3ef2c69f-b325-49e4-8b40-b7dfff9ecdd0-EndpointStateMachineTaskThread-/0.0.0.0:15585-0 ] INFO  ratis.XceiverServerRatis (XceiverServerRatis.java:getRealPort(585)) - XceiverServerRatis 3ef2c69f-b325-49e4-8b40-b7dfff9ecdd0 is started using port 15607 for RATIS_DATASTREAM
2024-08-09 18:20:57,325 [JvmPauseMonitor84] INFO  util.JvmPauseMonitor (JvmPauseMonitor.java:run(146)) - JvmPauseMonitor-3ef2c69f-b325-49e4-8b40-b7dfff9ecdd0: Started
2024-08-09 18:20:57,325 [3ef2c69f-b325-49e4-8b40-b7dfff9ecdd0-BlockDeletingService#0] INFO  interfaces.ContainerDeletionChoosingPolicyTemplate (ContainerDeletionChoosingPolicyTemplate.java:chooseContainerForBlockDeletion(85)) - Chosen 0/5000 blocks from 0 candidate containers.
2024-08-09 18:20:57,539 [9be8d1c2-cf5e-49e7-8b06-3e73843a30ba-EndpointStateMachineTaskThread-/0.0.0.0:15585-0 ] INFO  utils.DatanodeStoreCache (DatanodeStoreCache.java:addDB(72)) - Added db /home/runner/work/ozone/ozone/hadoop-ozone/integration-test/target/test-dir/MiniOzoneClusterImpl-d43ea6a6-39cf-404b-af74-5e65bec6c33b/ozone-meta/datanode-3/data-0/hdds/d43ea6a6-39cf-404b-af74-5e65bec6c33b/DS-a628857d-2640-4c72-928f-5a701fc78f5f/container.db to cache
2024-08-09 18:20:57,539 [9be8d1c2-cf5e-49e7-8b06-3e73843a30ba-EndpointStateMachineTaskThread-/0.0.0.0:15585-0 ] INFO  volume.HddsVolume (HddsVolume.java:createDbStore(437)) - SchemaV3 db is created and loaded at /home/runner/work/ozone/ozone/hadoop-ozone/integration-test/target/test-dir/MiniOzoneClusterImpl-d43ea6a6-39cf-404b-af74-5e65bec6c33b/ozone-meta/datanode-3/data-0/hdds/d43ea6a6-39cf-404b-af74-5e65bec6c33b/DS-a628857d-2640-4c72-928f-5a701fc78f5f/container.db for volume DS-a628857d-2640-4c72-928f-5a701fc78f5f
2024-08-09 18:20:57,541 [9be8d1c2-cf5e-49e7-8b06-3e73843a30ba-ContainerReader-0] INFO  ozoneimpl.ContainerReader (ContainerReader.java:readVolume(148)) - Start to verify containers on volume /home/runner/work/ozone/ozone/hadoop-ozone/integration-test/target/test-dir/MiniOzoneClusterImpl-d43ea6a6-39cf-404b-af74-5e65bec6c33b/ozone-meta/datanode-3/data-0/hdds
2024-08-09 18:20:57,541 [9be8d1c2-cf5e-49e7-8b06-3e73843a30ba-ContainerReader-0] INFO  ozoneimpl.ContainerReader (ContainerReader.java:readVolume(178)) - Finish verifying containers on volume /home/runner/work/ozone/ozone/hadoop-ozone/integration-test/target/test-dir/MiniOzoneClusterImpl-d43ea6a6-39cf-404b-af74-5e65bec6c33b/ozone-meta/datanode-3/data-0/hdds
2024-08-09 18:20:57,541 [9be8d1c2-cf5e-49e7-8b06-3e73843a30ba-EndpointStateMachineTaskThread-/0.0.0.0:15585-0 ] INFO  ozoneimpl.OzoneContainer (OzoneContainer.java:buildContainerSet(328)) - Build ContainerSet costs 0s
2024-08-09 18:20:57,541 [9be8d1c2-cf5e-49e7-8b06-3e73843a30ba-EndpointStateMachineTaskThread-/0.0.0.0:15585-0 ] INFO  volume.ThrottledAsyncChecker (ThrottledAsyncChecker.java:schedule(141)) - Scheduling a check for /home/runner/work/ozone/ozone/hadoop-ozone/integration-test/target/test-dir/MiniOzoneClusterImpl-d43ea6a6-39cf-404b-af74-5e65bec6c33b/ozone-meta/datanode-3/data-0/hdds
2024-08-09 18:20:57,541 [9be8d1c2-cf5e-49e7-8b06-3e73843a30ba-EndpointStateMachineTaskThread-/0.0.0.0:15585-0 ] INFO  volume.StorageVolumeChecker (StorageVolumeChecker.java:checkAllVolumes(218)) - Scheduled health check for volume /home/runner/work/ozone/ozone/hadoop-ozone/integration-test/target/test-dir/MiniOzoneClusterImpl-d43ea6a6-39cf-404b-af74-5e65bec6c33b/ozone-meta/datanode-3/data-0/hdds
2024-08-09 18:20:57,543 [9be8d1c2-cf5e-49e7-8b06-3e73843a30ba-EndpointStateMachineTaskThread-/0.0.0.0:15585-0 ] INFO  volume.ThrottledAsyncChecker (ThrottledAsyncChecker.java:schedule(141)) - Scheduling a check for /home/runner/work/ozone/ozone/hadoop-ozone/integration-test/target/test-dir/MiniOzoneClusterImpl-d43ea6a6-39cf-404b-af74-5e65bec6c33b/ozone-meta/datanode-3/ratis
2024-08-09 18:20:57,543 [9be8d1c2-cf5e-49e7-8b06-3e73843a30ba-EndpointStateMachineTaskThread-/0.0.0.0:15585-0 ] INFO  volume.StorageVolumeChecker (StorageVolumeChecker.java:checkAllVolumes(218)) - Scheduled health check for volume /home/runner/work/ozone/ozone/hadoop-ozone/integration-test/target/test-dir/MiniOzoneClusterImpl-d43ea6a6-39cf-404b-af74-5e65bec6c33b/ozone-meta/datanode-3/ratis
2024-08-09 18:20:57,543 [9be8d1c2-cf5e-49e7-8b06-3e73843a30ba-EndpointStateMachineTaskThread-/0.0.0.0:15585-0 ] INFO  ozoneimpl.OzoneContainer (OzoneContainer.java:start(459)) - Attempting to start container services.
2024-08-09 18:20:57,543 [9be8d1c2-cf5e-49e7-8b06-3e73843a30ba-EndpointStateMachineTaskThread-/0.0.0.0:15585-0 ] WARN  ozoneimpl.OnDemandContainerDataScanner (OnDemandContainerDataScanner.java:init(75)) - Trying to initialize on demand scanner a second time on a datanode.
2024-08-09 18:20:57,544 [ContainerMetadataScanner] INFO  ozoneimpl.AbstractBackgroundContainerScanner (AbstractBackgroundContainerScanner.java:runIteration(87)) - Completed an iteration in 0 minutes. Number of iterations (since the data-node restart) : 1, Number of containers scanned in this iteration : 0, Number of unhealthy containers found in this iteration : 0
2024-08-09 18:20:57,544 [ContainerDataScanner(/home/runner/work/ozone/ozone/hadoop-ozone/integration-test/target/test-dir/MiniOzoneClusterImpl-d43ea6a6-39cf-404b-af74-5e65bec6c33b/ozone-meta/datanode-3/data-0/hdds)] INFO  ozoneimpl.AbstractBackgroundContainerScanner (AbstractBackgroundContainerScanner.java:runIteration(87)) - Completed an iteration in 0 minutes. Number of iterations (since the data-node restart) : 1, Number of containers scanned in this iteration : 0, Number of unhealthy containers found in this iteration : 0
2024-08-09 18:20:57,544 [9be8d1c2-cf5e-49e7-8b06-3e73843a30ba-EndpointStateMachineTaskThread-/0.0.0.0:15585-0 ] INFO  replication.ReplicationServer (ReplicationServer.java:start(140)) - ReplicationServer is started using port 15617
2024-08-09 18:20:57,544 [9be8d1c2-cf5e-49e7-8b06-3e73843a30ba-EndpointStateMachineTaskThread-/0.0.0.0:15585-0 ] INFO  ratis.XceiverServerRatis (XceiverServerRatis.java:start(559)) - Starting XceiverServerRatis 9be8d1c2-cf5e-49e7-8b06-3e73843a30ba
2024-08-09 18:20:57,545 [9be8d1c2-cf5e-49e7-8b06-3e73843a30ba-EndpointStateMachineTaskThread-/0.0.0.0:15585-0 ] INFO  server.RaftServer (RaftServerProxy.java:startImpl(408)) - 9be8d1c2-cf5e-49e7-8b06-3e73843a30ba: start RPC server
2024-08-09 18:20:57,545 [9be8d1c2-cf5e-49e7-8b06-3e73843a30ba-EndpointStateMachineTaskThread-/0.0.0.0:15585-0 ] INFO  server.GrpcService (GrpcService.java:startImpl(302)) - 9be8d1c2-cf5e-49e7-8b06-3e73843a30ba: GrpcService started, listening on 15613
2024-08-09 18:20:57,545 [9be8d1c2-cf5e-49e7-8b06-3e73843a30ba-EndpointStateMachineTaskThread-/0.0.0.0:15585-0 ] INFO  ratis.XceiverServerRatis (XceiverServerRatis.java:getRealPort(585)) - XceiverServerRatis 9be8d1c2-cf5e-49e7-8b06-3e73843a30ba is started using port 15613 for RATIS
2024-08-09 18:20:57,545 [JvmPauseMonitor85] INFO  util.JvmPauseMonitor (JvmPauseMonitor.java:run(146)) - JvmPauseMonitor-9be8d1c2-cf5e-49e7-8b06-3e73843a30ba: Started
2024-08-09 18:20:57,545 [9be8d1c2-cf5e-49e7-8b06-3e73843a30ba-EndpointStateMachineTaskThread-/0.0.0.0:15585-0 ] INFO  ratis.XceiverServerRatis (XceiverServerRatis.java:getRealPort(585)) - XceiverServerRatis 9be8d1c2-cf5e-49e7-8b06-3e73843a30ba is started using port 15613 for RATIS_ADMIN
2024-08-09 18:20:57,545 [9be8d1c2-cf5e-49e7-8b06-3e73843a30ba-EndpointStateMachineTaskThread-/0.0.0.0:15585-0 ] INFO  ratis.XceiverServerRatis (XceiverServerRatis.java:getRealPort(585)) - XceiverServerRatis 9be8d1c2-cf5e-49e7-8b06-3e73843a30ba is started using port 15613 for RATIS_SERVER
2024-08-09 18:20:57,546 [9be8d1c2-cf5e-49e7-8b06-3e73843a30ba-EndpointStateMachineTaskThread-/0.0.0.0:15585-0 ] INFO  ratis.XceiverServerRatis (XceiverServerRatis.java:getRealPort(585)) - XceiverServerRatis 9be8d1c2-cf5e-49e7-8b06-3e73843a30ba is started using port 15616 for RATIS_DATASTREAM
2024-08-09 18:20:57,546 [9be8d1c2-cf5e-49e7-8b06-3e73843a30ba-BlockDeletingService#0] INFO  interfaces.ContainerDeletionChoosingPolicyTemplate (ContainerDeletionChoosingPolicyTemplate.java:chooseContainerForBlockDeletion(85)) - Chosen 0/5000 blocks from 0 candidate containers.
2024-08-09 18:20:57,763 [3c538fa1-1c2e-4857-863c-22038896ce66-EndpointStateMachineTaskThread-/0.0.0.0:15585-0 ] INFO  utils.DatanodeStoreCache (DatanodeStoreCache.java:addDB(72)) - Added db /home/runner/work/ozone/ozone/hadoop-ozone/integration-test/target/test-dir/MiniOzoneClusterImpl-d43ea6a6-39cf-404b-af74-5e65bec6c33b/ozone-meta/datanode-4/data-0/hdds/d43ea6a6-39cf-404b-af74-5e65bec6c33b/DS-98d1fba8-ca3e-429c-a4e5-722c252cfa76/container.db to cache
2024-08-09 18:20:57,763 [3c538fa1-1c2e-4857-863c-22038896ce66-EndpointStateMachineTaskThread-/0.0.0.0:15585-0 ] INFO  volume.HddsVolume (HddsVolume.java:createDbStore(437)) - SchemaV3 db is created and loaded at /home/runner/work/ozone/ozone/hadoop-ozone/integration-test/target/test-dir/MiniOzoneClusterImpl-d43ea6a6-39cf-404b-af74-5e65bec6c33b/ozone-meta/datanode-4/data-0/hdds/d43ea6a6-39cf-404b-af74-5e65bec6c33b/DS-98d1fba8-ca3e-429c-a4e5-722c252cfa76/container.db for volume DS-98d1fba8-ca3e-429c-a4e5-722c252cfa76
2024-08-09 18:20:57,765 [3c538fa1-1c2e-4857-863c-22038896ce66-ContainerReader-0] INFO  ozoneimpl.ContainerReader (ContainerReader.java:readVolume(148)) - Start to verify containers on volume /home/runner/work/ozone/ozone/hadoop-ozone/integration-test/target/test-dir/MiniOzoneClusterImpl-d43ea6a6-39cf-404b-af74-5e65bec6c33b/ozone-meta/datanode-4/data-0/hdds
2024-08-09 18:20:57,765 [3c538fa1-1c2e-4857-863c-22038896ce66-ContainerReader-0] INFO  ozoneimpl.ContainerReader (ContainerReader.java:readVolume(178)) - Finish verifying containers on volume /home/runner/work/ozone/ozone/hadoop-ozone/integration-test/target/test-dir/MiniOzoneClusterImpl-d43ea6a6-39cf-404b-af74-5e65bec6c33b/ozone-meta/datanode-4/data-0/hdds
2024-08-09 18:20:57,766 [3c538fa1-1c2e-4857-863c-22038896ce66-EndpointStateMachineTaskThread-/0.0.0.0:15585-0 ] INFO  ozoneimpl.OzoneContainer (OzoneContainer.java:buildContainerSet(328)) - Build ContainerSet costs 0s
2024-08-09 18:20:57,766 [3c538fa1-1c2e-4857-863c-22038896ce66-EndpointStateMachineTaskThread-/0.0.0.0:15585-0 ] INFO  volume.ThrottledAsyncChecker (ThrottledAsyncChecker.java:schedule(141)) - Scheduling a check for /home/runner/work/ozone/ozone/hadoop-ozone/integration-test/target/test-dir/MiniOzoneClusterImpl-d43ea6a6-39cf-404b-af74-5e65bec6c33b/ozone-meta/datanode-4/data-0/hdds
2024-08-09 18:20:57,766 [3c538fa1-1c2e-4857-863c-22038896ce66-EndpointStateMachineTaskThread-/0.0.0.0:15585-0 ] INFO  volume.StorageVolumeChecker (StorageVolumeChecker.java:checkAllVolumes(218)) - Scheduled health check for volume /home/runner/work/ozone/ozone/hadoop-ozone/integration-test/target/test-dir/MiniOzoneClusterImpl-d43ea6a6-39cf-404b-af74-5e65bec6c33b/ozone-meta/datanode-4/data-0/hdds
2024-08-09 18:20:57,768 [3c538fa1-1c2e-4857-863c-22038896ce66-EndpointStateMachineTaskThread-/0.0.0.0:15585-0 ] INFO  volume.ThrottledAsyncChecker (ThrottledAsyncChecker.java:schedule(141)) - Scheduling a check for /home/runner/work/ozone/ozone/hadoop-ozone/integration-test/target/test-dir/MiniOzoneClusterImpl-d43ea6a6-39cf-404b-af74-5e65bec6c33b/ozone-meta/datanode-4/ratis
2024-08-09 18:20:57,768 [3c538fa1-1c2e-4857-863c-22038896ce66-EndpointStateMachineTaskThread-/0.0.0.0:15585-0 ] INFO  volume.StorageVolumeChecker (StorageVolumeChecker.java:checkAllVolumes(218)) - Scheduled health check for volume /home/runner/work/ozone/ozone/hadoop-ozone/integration-test/target/test-dir/MiniOzoneClusterImpl-d43ea6a6-39cf-404b-af74-5e65bec6c33b/ozone-meta/datanode-4/ratis
2024-08-09 18:20:57,769 [3c538fa1-1c2e-4857-863c-22038896ce66-EndpointStateMachineTaskThread-/0.0.0.0:15585-0 ] INFO  ozoneimpl.OzoneContainer (OzoneContainer.java:start(459)) - Attempting to start container services.
2024-08-09 18:20:57,769 [3c538fa1-1c2e-4857-863c-22038896ce66-EndpointStateMachineTaskThread-/0.0.0.0:15585-0 ] WARN  ozoneimpl.OnDemandContainerDataScanner (OnDemandContainerDataScanner.java:init(75)) - Trying to initialize on demand scanner a second time on a datanode.
2024-08-09 18:20:57,769 [ContainerMetadataScanner] INFO  ozoneimpl.AbstractBackgroundContainerScanner (AbstractBackgroundContainerScanner.java:runIteration(87)) - Completed an iteration in 0 minutes. Number of iterations (since the data-node restart) : 1, Number of containers scanned in this iteration : 0, Number of unhealthy containers found in this iteration : 0
2024-08-09 18:20:57,770 [ContainerDataScanner(/home/runner/work/ozone/ozone/hadoop-ozone/integration-test/target/test-dir/MiniOzoneClusterImpl-d43ea6a6-39cf-404b-af74-5e65bec6c33b/ozone-meta/datanode-4/data-0/hdds)] INFO  ozoneimpl.AbstractBackgroundContainerScanner (AbstractBackgroundContainerScanner.java:runIteration(87)) - Completed an iteration in 0 minutes. Number of iterations (since the data-node restart) : 1, Number of containers scanned in this iteration : 0, Number of unhealthy containers found in this iteration : 0
2024-08-09 18:20:57,770 [3c538fa1-1c2e-4857-863c-22038896ce66-EndpointStateMachineTaskThread-/0.0.0.0:15585-0 ] INFO  replication.ReplicationServer (ReplicationServer.java:start(140)) - ReplicationServer is started using port 15626
2024-08-09 18:20:57,770 [3c538fa1-1c2e-4857-863c-22038896ce66-EndpointStateMachineTaskThread-/0.0.0.0:15585-0 ] INFO  ratis.XceiverServerRatis (XceiverServerRatis.java:start(559)) - Starting XceiverServerRatis 3c538fa1-1c2e-4857-863c-22038896ce66
2024-08-09 18:20:57,770 [3c538fa1-1c2e-4857-863c-22038896ce66-EndpointStateMachineTaskThread-/0.0.0.0:15585-0 ] INFO  server.RaftServer (RaftServerProxy.java:startImpl(408)) - 3c538fa1-1c2e-4857-863c-22038896ce66: start RPC server
2024-08-09 18:20:57,771 [3c538fa1-1c2e-4857-863c-22038896ce66-EndpointStateMachineTaskThread-/0.0.0.0:15585-0 ] INFO  server.GrpcService (GrpcService.java:startImpl(302)) - 3c538fa1-1c2e-4857-863c-22038896ce66: GrpcService started, listening on 15622
2024-08-09 18:20:57,771 [3c538fa1-1c2e-4857-863c-22038896ce66-EndpointStateMachineTaskThread-/0.0.0.0:15585-0 ] INFO  ratis.XceiverServerRatis (XceiverServerRatis.java:getRealPort(585)) - XceiverServerRatis 3c538fa1-1c2e-4857-863c-22038896ce66 is started using port 15622 for RATIS
2024-08-09 18:20:57,771 [JvmPauseMonitor86] INFO  util.JvmPauseMonitor (JvmPauseMonitor.java:run(146)) - JvmPauseMonitor-3c538fa1-1c2e-4857-863c-22038896ce66: Started
2024-08-09 18:20:57,771 [3c538fa1-1c2e-4857-863c-22038896ce66-EndpointStateMachineTaskThread-/0.0.0.0:15585-0 ] INFO  ratis.XceiverServerRatis (XceiverServerRatis.java:getRealPort(585)) - XceiverServerRatis 3c538fa1-1c2e-4857-863c-22038896ce66 is started using port 15622 for RATIS_ADMIN
2024-08-09 18:20:57,771 [3c538fa1-1c2e-4857-863c-22038896ce66-EndpointStateMachineTaskThread-/0.0.0.0:15585-0 ] INFO  ratis.XceiverServerRatis (XceiverServerRatis.java:getRealPort(585)) - XceiverServerRatis 3c538fa1-1c2e-4857-863c-22038896ce66 is started using port 15622 for RATIS_SERVER
2024-08-09 18:20:57,771 [3c538fa1-1c2e-4857-863c-22038896ce66-EndpointStateMachineTaskThread-/0.0.0.0:15585-0 ] INFO  ratis.XceiverServerRatis (XceiverServerRatis.java:getRealPort(585)) - XceiverServerRatis 3c538fa1-1c2e-4857-863c-22038896ce66 is started using port 15625 for RATIS_DATASTREAM
2024-08-09 18:20:57,772 [3c538fa1-1c2e-4857-863c-22038896ce66-BlockDeletingService#0] INFO  interfaces.ContainerDeletionChoosingPolicyTemplate (ContainerDeletionChoosingPolicyTemplate.java:chooseContainerForBlockDeletion(85)) - Chosen 0/5000 blocks from 0 candidate containers.
2024-08-09 18:20:57,959 [main] INFO  ozone.MiniOzoneClusterImpl (MiniOzoneClusterImpl.java:lambda$waitForClusterToBeReady$0(198)) - Waiting for nodes to be ready. Got 0 of 5 DN Heartbeats.
2024-08-09 18:20:57,959 [main] INFO  ozone.MiniOzoneClusterImpl (MiniOzoneClusterImpl.java:lambda$waitForClusterToBeReady$0(201)) - Waiting for cluster to exit safe mode
2024-08-09 18:20:57,959 [main] INFO  ozone.MiniOzoneClusterImpl (MiniOzoneClusterImpl.java:lambda$waitForClusterToBeReady$0(203)) - SCM became leader
2024-08-09 18:20:57,990 [2a5f2f3f-c544-4432-8d42-fb85fe01dde8-EndpointStateMachineTaskThread-/0.0.0.0:15585-0 ] INFO  utils.DatanodeStoreCache (DatanodeStoreCache.java:addDB(72)) - Added db /home/runner/work/ozone/ozone/hadoop-ozone/integration-test/target/test-dir/MiniOzoneClusterImpl-d43ea6a6-39cf-404b-af74-5e65bec6c33b/ozone-meta/datanode-5/data-0/hdds/d43ea6a6-39cf-404b-af74-5e65bec6c33b/DS-d5540e05-6c3c-4a0a-840d-0d582bc7a518/container.db to cache
2024-08-09 18:20:57,990 [2a5f2f3f-c544-4432-8d42-fb85fe01dde8-EndpointStateMachineTaskThread-/0.0.0.0:15585-0 ] INFO  volume.HddsVolume (HddsVolume.java:createDbStore(437)) - SchemaV3 db is created and loaded at /home/runner/work/ozone/ozone/hadoop-ozone/integration-test/target/test-dir/MiniOzoneClusterImpl-d43ea6a6-39cf-404b-af74-5e65bec6c33b/ozone-meta/datanode-5/data-0/hdds/d43ea6a6-39cf-404b-af74-5e65bec6c33b/DS-d5540e05-6c3c-4a0a-840d-0d582bc7a518/container.db for volume DS-d5540e05-6c3c-4a0a-840d-0d582bc7a518
2024-08-09 18:20:57,991 [2a5f2f3f-c544-4432-8d42-fb85fe01dde8-ContainerReader-0] INFO  ozoneimpl.ContainerReader (ContainerReader.java:readVolume(148)) - Start to verify containers on volume /home/runner/work/ozone/ozone/hadoop-ozone/integration-test/target/test-dir/MiniOzoneClusterImpl-d43ea6a6-39cf-404b-af74-5e65bec6c33b/ozone-meta/datanode-5/data-0/hdds
2024-08-09 18:20:57,992 [2a5f2f3f-c544-4432-8d42-fb85fe01dde8-ContainerReader-0] INFO  ozoneimpl.ContainerReader (ContainerReader.java:readVolume(178)) - Finish verifying containers on volume /home/runner/work/ozone/ozone/hadoop-ozone/integration-test/target/test-dir/MiniOzoneClusterImpl-d43ea6a6-39cf-404b-af74-5e65bec6c33b/ozone-meta/datanode-5/data-0/hdds
2024-08-09 18:20:57,992 [2a5f2f3f-c544-4432-8d42-fb85fe01dde8-EndpointStateMachineTaskThread-/0.0.0.0:15585-0 ] INFO  ozoneimpl.OzoneContainer (OzoneContainer.java:buildContainerSet(328)) - Build ContainerSet costs 0s
2024-08-09 18:20:57,992 [2a5f2f3f-c544-4432-8d42-fb85fe01dde8-EndpointStateMachineTaskThread-/0.0.0.0:15585-0 ] INFO  volume.ThrottledAsyncChecker (ThrottledAsyncChecker.java:schedule(141)) - Scheduling a check for /home/runner/work/ozone/ozone/hadoop-ozone/integration-test/target/test-dir/MiniOzoneClusterImpl-d43ea6a6-39cf-404b-af74-5e65bec6c33b/ozone-meta/datanode-5/data-0/hdds
2024-08-09 18:20:57,992 [2a5f2f3f-c544-4432-8d42-fb85fe01dde8-EndpointStateMachineTaskThread-/0.0.0.0:15585-0 ] INFO  volume.StorageVolumeChecker (StorageVolumeChecker.java:checkAllVolumes(218)) - Scheduled health check for volume /home/runner/work/ozone/ozone/hadoop-ozone/integration-test/target/test-dir/MiniOzoneClusterImpl-d43ea6a6-39cf-404b-af74-5e65bec6c33b/ozone-meta/datanode-5/data-0/hdds
2024-08-09 18:20:57,993 [2a5f2f3f-c544-4432-8d42-fb85fe01dde8-EndpointStateMachineTaskThread-/0.0.0.0:15585-0 ] INFO  volume.ThrottledAsyncChecker (ThrottledAsyncChecker.java:schedule(141)) - Scheduling a check for /home/runner/work/ozone/ozone/hadoop-ozone/integration-test/target/test-dir/MiniOzoneClusterImpl-d43ea6a6-39cf-404b-af74-5e65bec6c33b/ozone-meta/datanode-5/ratis
2024-08-09 18:20:57,993 [2a5f2f3f-c544-4432-8d42-fb85fe01dde8-EndpointStateMachineTaskThread-/0.0.0.0:15585-0 ] INFO  volume.StorageVolumeChecker (StorageVolumeChecker.java:checkAllVolumes(218)) - Scheduled health check for volume /home/runner/work/ozone/ozone/hadoop-ozone/integration-test/target/test-dir/MiniOzoneClusterImpl-d43ea6a6-39cf-404b-af74-5e65bec6c33b/ozone-meta/datanode-5/ratis
2024-08-09 18:20:57,995 [2a5f2f3f-c544-4432-8d42-fb85fe01dde8-EndpointStateMachineTaskThread-/0.0.0.0:15585-0 ] INFO  ozoneimpl.OzoneContainer (OzoneContainer.java:start(459)) - Attempting to start container services.
2024-08-09 18:20:57,995 [2a5f2f3f-c544-4432-8d42-fb85fe01dde8-EndpointStateMachineTaskThread-/0.0.0.0:15585-0 ] WARN  ozoneimpl.OnDemandContainerDataScanner (OnDemandContainerDataScanner.java:init(75)) - Trying to initialize on demand scanner a second time on a datanode.
2024-08-09 18:20:57,996 [ContainerMetadataScanner] INFO  ozoneimpl.AbstractBackgroundContainerScanner (AbstractBackgroundContainerScanner.java:runIteration(87)) - Completed an iteration in 0 minutes. Number of iterations (since the data-node restart) : 1, Number of containers scanned in this iteration : 0, Number of unhealthy containers found in this iteration : 0
2024-08-09 18:20:57,996 [ContainerDataScanner(/home/runner/work/ozone/ozone/hadoop-ozone/integration-test/target/test-dir/MiniOzoneClusterImpl-d43ea6a6-39cf-404b-af74-5e65bec6c33b/ozone-meta/datanode-5/data-0/hdds)] INFO  ozoneimpl.AbstractBackgroundContainerScanner (AbstractBackgroundContainerScanner.java:runIteration(87)) - Completed an iteration in 0 minutes. Number of iterations (since the data-node restart) : 1, Number of containers scanned in this iteration : 0, Number of unhealthy containers found in this iteration : 0
2024-08-09 18:20:57,996 [2a5f2f3f-c544-4432-8d42-fb85fe01dde8-EndpointStateMachineTaskThread-/0.0.0.0:15585-0 ] INFO  replication.ReplicationServer (ReplicationServer.java:start(140)) - ReplicationServer is started using port 15635
2024-08-09 18:20:57,996 [2a5f2f3f-c544-4432-8d42-fb85fe01dde8-EndpointStateMachineTaskThread-/0.0.0.0:15585-0 ] INFO  ratis.XceiverServerRatis (XceiverServerRatis.java:start(559)) - Starting XceiverServerRatis 2a5f2f3f-c544-4432-8d42-fb85fe01dde8
2024-08-09 18:20:57,997 [2a5f2f3f-c544-4432-8d42-fb85fe01dde8-EndpointStateMachineTaskThread-/0.0.0.0:15585-0 ] INFO  server.RaftServer (RaftServerProxy.java:startImpl(408)) - 2a5f2f3f-c544-4432-8d42-fb85fe01dde8: start RPC server
2024-08-09 18:20:57,997 [2a5f2f3f-c544-4432-8d42-fb85fe01dde8-EndpointStateMachineTaskThread-/0.0.0.0:15585-0 ] INFO  server.GrpcService (GrpcService.java:startImpl(302)) - 2a5f2f3f-c544-4432-8d42-fb85fe01dde8: GrpcService started, listening on 15631
2024-08-09 18:20:57,997 [2a5f2f3f-c544-4432-8d42-fb85fe01dde8-EndpointStateMachineTaskThread-/0.0.0.0:15585-0 ] INFO  ratis.XceiverServerRatis (XceiverServerRatis.java:getRealPort(585)) - XceiverServerRatis 2a5f2f3f-c544-4432-8d42-fb85fe01dde8 is started using port 15631 for RATIS
2024-08-09 18:20:57,997 [2a5f2f3f-c544-4432-8d42-fb85fe01dde8-EndpointStateMachineTaskThread-/0.0.0.0:15585-0 ] INFO  ratis.XceiverServerRatis (XceiverServerRatis.java:getRealPort(585)) - XceiverServerRatis 2a5f2f3f-c544-4432-8d42-fb85fe01dde8 is started using port 15631 for RATIS_ADMIN
2024-08-09 18:20:57,997 [2a5f2f3f-c544-4432-8d42-fb85fe01dde8-EndpointStateMachineTaskThread-/0.0.0.0:15585-0 ] INFO  ratis.XceiverServerRatis (XceiverServerRatis.java:getRealPort(585)) - XceiverServerRatis 2a5f2f3f-c544-4432-8d42-fb85fe01dde8 is started using port 15631 for RATIS_SERVER
2024-08-09 18:20:57,997 [2a5f2f3f-c544-4432-8d42-fb85fe01dde8-EndpointStateMachineTaskThread-/0.0.0.0:15585-0 ] INFO  ratis.XceiverServerRatis (XceiverServerRatis.java:getRealPort(585)) - XceiverServerRatis 2a5f2f3f-c544-4432-8d42-fb85fe01dde8 is started using port 15634 for RATIS_DATASTREAM
2024-08-09 18:20:57,998 [2a5f2f3f-c544-4432-8d42-fb85fe01dde8-BlockDeletingService#0] INFO  interfaces.ContainerDeletionChoosingPolicyTemplate (ContainerDeletionChoosingPolicyTemplate.java:chooseContainerForBlockDeletion(85)) - Chosen 0/5000 blocks from 0 candidate containers.
2024-08-09 18:20:57,997 [JvmPauseMonitor87] INFO  util.JvmPauseMonitor (JvmPauseMonitor.java:run(146)) - JvmPauseMonitor-2a5f2f3f-c544-4432-8d42-fb85fe01dde8: Started
2024-08-09 18:20:58,959 [main] INFO  ozone.MiniOzoneClusterImpl (MiniOzoneClusterImpl.java:lambda$waitForClusterToBeReady$0(198)) - Waiting for nodes to be ready. Got 0 of 5 DN Heartbeats.
2024-08-09 18:20:58,959 [main] INFO  ozone.MiniOzoneClusterImpl (MiniOzoneClusterImpl.java:lambda$waitForClusterToBeReady$0(201)) - Waiting for cluster to exit safe mode
2024-08-09 18:20:58,960 [main] INFO  ozone.MiniOzoneClusterImpl (MiniOzoneClusterImpl.java:lambda$waitForClusterToBeReady$0(203)) - SCM became leader
2024-08-09 18:20:59,051 [IPC Server handler 4 on default port 15585] INFO  net.NetworkTopologyImpl (NetworkTopologyImpl.java:add(134)) - Added a new node: /default-rack/98b1311b-33ed-441a-9d1f-284a1b8d0a39
2024-08-09 18:20:59,051 [IPC Server handler 4 on default port 15585] INFO  node.SCMNodeManager (SCMNodeManager.java:register(422)) - Registered datanode: 98b1311b-33ed-441a-9d1f-284a1b8d0a39{ip: 127.0.0.1, host: localhost, ports: [HTTP=15592, CLIENT_RPC=15593, REPLICATION=15599, RATIS=15595, RATIS_ADMIN=15595, RATIS_SERVER=15595, RATIS_DATASTREAM=15598, STANDALONE=15594], networkLocation: /default-rack, certSerialId: null, persistedOpState: null, persistedOpStateExpiryEpochSec: 0}
2024-08-09 18:20:59,052 [EventQueue-NewNodeForNewNodeHandler] INFO  pipeline.BackgroundPipelineCreator (BackgroundPipelineCreator.java:notifyEventTriggered(280)) - trigger a one-shot run on RatisPipelineUtilsThread.
2024-08-09 18:20:59,052 [EventQueue-NodeRegistrationContainerReportForContainerSafeModeRule] INFO  safemode.SCMSafeModeManager (SCMSafeModeManager.java:validateSafeModeExitRules(203)) - ContainerSafeModeRule rule is successfully validated
2024-08-09 18:20:59,052 [RatisPipelineUtilsThread-0] INFO  pipeline.RatisPipelineProvider (RatisPipelineProvider.java:lambda$create$0(205)) - Sending CreatePipelineCommand for pipeline:PipelineID=6a6564da-9bde-44be-a024-b6ed3cab776b to datanode:98b1311b-33ed-441a-9d1f-284a1b8d0a39
2024-08-09 18:20:59,052 [EventQueue-PipelineReportForOneReplicaPipelineSafeModeRule] INFO  safemode.SCMSafeModeManager (SCMSafeModeManager.java:validateSafeModeExitRules(203)) - AtleastOneDatanodeReportedRule rule is successfully validated
2024-08-09 18:20:59,052 [EventQueue-NodeRegistrationContainerReportForDataNodeSafeModeRule] INFO  safemode.SCMSafeModeManager (DataNodeSafeModeRule.java:process(71)) - SCM in safe mode. 1 DataNodes registered, 3 required.
2024-08-09 18:20:59,053 [RatisPipelineUtilsThread-0] INFO  pipeline.BackgroundPipelineCreator (BackgroundPipelineCreator.java:createPipelines(236)) - Created new pipeline Pipeline[ Id: 6a6564da-9bde-44be-a024-b6ed3cab776b, Nodes: 98b1311b-33ed-441a-9d1f-284a1b8d0a39(localhost/127.0.0.1) ReplicaIndex: 0, ReplicationConfig: RATIS/ONE, State:ALLOCATED, leaderId:, CreationTimestamp2024-08-09T18:20:59.052635867Z[Etc/UTC]]
2024-08-09 18:20:59,286 [IPC Server handler 0 on default port 15585] INFO  net.NetworkTopologyImpl (NetworkTopologyImpl.java:add(134)) - Added a new node: /default-rack/3ef2c69f-b325-49e4-8b40-b7dfff9ecdd0
2024-08-09 18:20:59,287 [IPC Server handler 0 on default port 15585] INFO  node.SCMNodeManager (SCMNodeManager.java:register(422)) - Registered datanode: 3ef2c69f-b325-49e4-8b40-b7dfff9ecdd0{ip: 127.0.0.1, host: localhost, ports: [HTTP=15601, CLIENT_RPC=15602, REPLICATION=15608, RATIS=15604, RATIS_ADMIN=15604, RATIS_SERVER=15604, RATIS_DATASTREAM=15607, STANDALONE=15603], networkLocation: /default-rack, certSerialId: null, persistedOpState: null, persistedOpStateExpiryEpochSec: 0}
2024-08-09 18:20:59,287 [EventQueue-NewNodeForNewNodeHandler] INFO  pipeline.BackgroundPipelineCreator (BackgroundPipelineCreator.java:notifyEventTriggered(280)) - trigger a one-shot run on RatisPipelineUtilsThread.
2024-08-09 18:20:59,287 [EventQueue-NodeRegistrationContainerReportForDataNodeSafeModeRule] INFO  safemode.SCMSafeModeManager (DataNodeSafeModeRule.java:process(71)) - SCM in safe mode. 2 DataNodes registered, 3 required.
2024-08-09 18:20:59,287 [RatisPipelineUtilsThread-0] INFO  pipeline.RatisPipelineProvider (RatisPipelineProvider.java:lambda$create$0(205)) - Sending CreatePipelineCommand for pipeline:PipelineID=aaac9c0d-7fcc-44a2-85f0-eb4772a83867 to datanode:3ef2c69f-b325-49e4-8b40-b7dfff9ecdd0
2024-08-09 18:20:59,288 [RatisPipelineUtilsThread-0] INFO  pipeline.BackgroundPipelineCreator (BackgroundPipelineCreator.java:createPipelines(236)) - Created new pipeline Pipeline[ Id: aaac9c0d-7fcc-44a2-85f0-eb4772a83867, Nodes: 3ef2c69f-b325-49e4-8b40-b7dfff9ecdd0(localhost/127.0.0.1) ReplicaIndex: 0, ReplicationConfig: RATIS/ONE, State:ALLOCATED, leaderId:, CreationTimestamp2024-08-09T18:20:59.287637394Z[Etc/UTC]]
2024-08-09 18:20:59,509 [IPC Server handler 1 on default port 15585] INFO  net.NetworkTopologyImpl (NetworkTopologyImpl.java:add(134)) - Added a new node: /default-rack/9be8d1c2-cf5e-49e7-8b06-3e73843a30ba
2024-08-09 18:20:59,509 [IPC Server handler 1 on default port 15585] INFO  node.SCMNodeManager (SCMNodeManager.java:register(422)) - Registered datanode: 9be8d1c2-cf5e-49e7-8b06-3e73843a30ba{ip: 127.0.0.1, host: localhost, ports: [HTTP=15610, CLIENT_RPC=15611, REPLICATION=15617, RATIS=15613, RATIS_ADMIN=15613, RATIS_SERVER=15613, RATIS_DATASTREAM=15616, STANDALONE=15612], networkLocation: /default-rack, certSerialId: null, persistedOpState: null, persistedOpStateExpiryEpochSec: 0}
2024-08-09 18:20:59,510 [EventQueue-NodeRegistrationContainerReportForDataNodeSafeModeRule] INFO  safemode.SCMSafeModeManager (DataNodeSafeModeRule.java:process(71)) - SCM in safe mode. 3 DataNodes registered, 3 required.
2024-08-09 18:20:59,510 [EventQueue-NodeRegistrationContainerReportForDataNodeSafeModeRule] INFO  safemode.SCMSafeModeManager (SCMSafeModeManager.java:validateSafeModeExitRules(203)) - DataNodeSafeModeRule rule is successfully validated
2024-08-09 18:20:59,510 [EventQueue-NodeRegistrationContainerReportForDataNodeSafeModeRule] INFO  safemode.SCMSafeModeManager (SCMSafeModeManager.java:completePreCheck(232)) - All SCM safe mode pre check rules have passed
2024-08-09 18:20:59,510 [EventQueue-NewNodeForNewNodeHandler] INFO  pipeline.BackgroundPipelineCreator (BackgroundPipelineCreator.java:notifyEventTriggered(280)) - trigger a one-shot run on RatisPipelineUtilsThread.
2024-08-09 18:20:59,510 [EventQueue-NodeRegistrationContainerReportForDataNodeSafeModeRule] INFO  ha.SCMContext (SCMContext.java:updateSafeModeStatus(225)) - Update SafeModeStatus from SafeModeStatus{safeModeStatus=true, preCheckPassed=false} to SafeModeStatus{safeModeStatus=true, preCheckPassed=true}.
2024-08-09 18:20:59,510 [EventQueue-NodeRegistrationContainerReportForDataNodeSafeModeRule] INFO  pipeline.BackgroundPipelineCreator (BackgroundPipelineCreator.java:notifyEventTriggered(280)) - trigger a one-shot run on RatisPipelineUtilsThread.
2024-08-09 18:20:59,510 [RatisPipelineUtilsThread-0] INFO  pipeline.RatisPipelineProvider (RatisPipelineProvider.java:lambda$create$0(205)) - Sending CreatePipelineCommand for pipeline:PipelineID=0a45b1b2-bb08-4842-b7a2-36466027f2ac to datanode:9be8d1c2-cf5e-49e7-8b06-3e73843a30ba
2024-08-09 18:20:59,511 [RatisPipelineUtilsThread-0] INFO  pipeline.BackgroundPipelineCreator (BackgroundPipelineCreator.java:createPipelines(236)) - Created new pipeline Pipeline[ Id: 0a45b1b2-bb08-4842-b7a2-36466027f2ac, Nodes: 9be8d1c2-cf5e-49e7-8b06-3e73843a30ba(localhost/127.0.0.1) ReplicaIndex: 0, ReplicationConfig: RATIS/ONE, State:ALLOCATED, leaderId:, CreationTimestamp2024-08-09T18:20:59.510966393Z[Etc/UTC]]
2024-08-09 18:20:59,511 [RatisPipelineUtilsThread-0] INFO  pipeline.RatisPipelineProvider (RatisPipelineProvider.java:lambda$create$0(205)) - Sending CreatePipelineCommand for pipeline:PipelineID=74a31c5c-faeb-4bb3-8859-bb6fbb1e63c3 to datanode:9be8d1c2-cf5e-49e7-8b06-3e73843a30ba
2024-08-09 18:20:59,511 [RatisPipelineUtilsThread-0] INFO  pipeline.RatisPipelineProvider (RatisPipelineProvider.java:lambda$create$0(205)) - Sending CreatePipelineCommand for pipeline:PipelineID=74a31c5c-faeb-4bb3-8859-bb6fbb1e63c3 to datanode:3ef2c69f-b325-49e4-8b40-b7dfff9ecdd0
2024-08-09 18:20:59,511 [RatisPipelineUtilsThread-0] INFO  pipeline.RatisPipelineProvider (RatisPipelineProvider.java:lambda$create$0(205)) - Sending CreatePipelineCommand for pipeline:PipelineID=74a31c5c-faeb-4bb3-8859-bb6fbb1e63c3 to datanode:98b1311b-33ed-441a-9d1f-284a1b8d0a39
2024-08-09 18:20:59,512 [RatisPipelineUtilsThread-0] INFO  pipeline.BackgroundPipelineCreator (BackgroundPipelineCreator.java:createPipelines(236)) - Created new pipeline Pipeline[ Id: 74a31c5c-faeb-4bb3-8859-bb6fbb1e63c3, Nodes: 9be8d1c2-cf5e-49e7-8b06-3e73843a30ba(localhost/127.0.0.1) ReplicaIndex: 03ef2c69f-b325-49e4-8b40-b7dfff9ecdd0(localhost/127.0.0.1) ReplicaIndex: 098b1311b-33ed-441a-9d1f-284a1b8d0a39(localhost/127.0.0.1) ReplicaIndex: 0, ReplicationConfig: RATIS/THREE, State:ALLOCATED, leaderId:, CreationTimestamp2024-08-09T18:20:59.511868750Z[Etc/UTC]]
2024-08-09 18:20:59,512 [RatisPipelineUtilsThread-0] INFO  pipeline.RatisPipelineProvider (RatisPipelineProvider.java:lambda$create$0(205)) - Sending CreatePipelineCommand for pipeline:PipelineID=021e6b1c-1e31-4f3c-b0e6-8c4206e090ce to datanode:3ef2c69f-b325-49e4-8b40-b7dfff9ecdd0
2024-08-09 18:20:59,512 [RatisPipelineUtilsThread-0] INFO  pipeline.RatisPipelineProvider (RatisPipelineProvider.java:lambda$create$0(205)) - Sending CreatePipelineCommand for pipeline:PipelineID=021e6b1c-1e31-4f3c-b0e6-8c4206e090ce to datanode:98b1311b-33ed-441a-9d1f-284a1b8d0a39
2024-08-09 18:20:59,512 [RatisPipelineUtilsThread-0] INFO  pipeline.RatisPipelineProvider (RatisPipelineProvider.java:lambda$create$0(205)) - Sending CreatePipelineCommand for pipeline:PipelineID=021e6b1c-1e31-4f3c-b0e6-8c4206e090ce to datanode:9be8d1c2-cf5e-49e7-8b06-3e73843a30ba
2024-08-09 18:20:59,513 [RatisPipelineUtilsThread-0] INFO  pipeline.PipelineManagerImpl (PipelineManagerImpl.java:recordMetricsForPipeline(916)) - Pipeline: PipelineID=021e6b1c-1e31-4f3c-b0e6-8c4206e090ce contains same datanodes as previous pipelines: PipelineID=74a31c5c-faeb-4bb3-8859-bb6fbb1e63c3 nodeIds: 3ef2c69f-b325-49e4-8b40-b7dfff9ecdd0, 98b1311b-33ed-441a-9d1f-284a1b8d0a39, 9be8d1c2-cf5e-49e7-8b06-3e73843a30ba
2024-08-09 18:20:59,513 [RatisPipelineUtilsThread-0] INFO  pipeline.BackgroundPipelineCreator (BackgroundPipelineCreator.java:createPipelines(236)) - Created new pipeline Pipeline[ Id: 021e6b1c-1e31-4f3c-b0e6-8c4206e090ce, Nodes: 3ef2c69f-b325-49e4-8b40-b7dfff9ecdd0(localhost/127.0.0.1) ReplicaIndex: 098b1311b-33ed-441a-9d1f-284a1b8d0a39(localhost/127.0.0.1) ReplicaIndex: 09be8d1c2-cf5e-49e7-8b06-3e73843a30ba(localhost/127.0.0.1) ReplicaIndex: 0, ReplicationConfig: RATIS/THREE, State:ALLOCATED, leaderId:, CreationTimestamp2024-08-09T18:20:59.512688502Z[Etc/UTC]]
2024-08-09 18:20:59,513 [RatisPipelineUtilsThread-0] INFO  pipeline.RatisPipelineProvider (RatisPipelineProvider.java:lambda$create$0(205)) - Sending CreatePipelineCommand for pipeline:PipelineID=ebfa0b04-bdee-4a3e-8eb5-e2a1be1294d8 to datanode:3ef2c69f-b325-49e4-8b40-b7dfff9ecdd0
2024-08-09 18:20:59,513 [RatisPipelineUtilsThread-0] INFO  pipeline.RatisPipelineProvider (RatisPipelineProvider.java:lambda$create$0(205)) - Sending CreatePipelineCommand for pipeline:PipelineID=ebfa0b04-bdee-4a3e-8eb5-e2a1be1294d8 to datanode:98b1311b-33ed-441a-9d1f-284a1b8d0a39
2024-08-09 18:20:59,513 [RatisPipelineUtilsThread-0] INFO  pipeline.RatisPipelineProvider (RatisPipelineProvider.java:lambda$create$0(205)) - Sending CreatePipelineCommand for pipeline:PipelineID=ebfa0b04-bdee-4a3e-8eb5-e2a1be1294d8 to datanode:9be8d1c2-cf5e-49e7-8b06-3e73843a30ba
2024-08-09 18:20:59,513 [RatisPipelineUtilsThread-0] INFO  pipeline.PipelineManagerImpl (PipelineManagerImpl.java:recordMetricsForPipeline(916)) - Pipeline: PipelineID=ebfa0b04-bdee-4a3e-8eb5-e2a1be1294d8 contains same datanodes as previous pipelines: PipelineID=021e6b1c-1e31-4f3c-b0e6-8c4206e090ce nodeIds: 3ef2c69f-b325-49e4-8b40-b7dfff9ecdd0, 98b1311b-33ed-441a-9d1f-284a1b8d0a39, 9be8d1c2-cf5e-49e7-8b06-3e73843a30ba
2024-08-09 18:20:59,513 [RatisPipelineUtilsThread-0] INFO  pipeline.PipelineManagerImpl (PipelineManagerImpl.java:recordMetricsForPipeline(916)) - Pipeline: PipelineID=ebfa0b04-bdee-4a3e-8eb5-e2a1be1294d8 contains same datanodes as previous pipelines: PipelineID=74a31c5c-faeb-4bb3-8859-bb6fbb1e63c3 nodeIds: 3ef2c69f-b325-49e4-8b40-b7dfff9ecdd0, 98b1311b-33ed-441a-9d1f-284a1b8d0a39, 9be8d1c2-cf5e-49e7-8b06-3e73843a30ba
2024-08-09 18:20:59,513 [RatisPipelineUtilsThread-0] INFO  pipeline.BackgroundPipelineCreator (BackgroundPipelineCreator.java:createPipelines(236)) - Created new pipeline Pipeline[ Id: ebfa0b04-bdee-4a3e-8eb5-e2a1be1294d8, Nodes: 3ef2c69f-b325-49e4-8b40-b7dfff9ecdd0(localhost/127.0.0.1) ReplicaIndex: 098b1311b-33ed-441a-9d1f-284a1b8d0a39(localhost/127.0.0.1) ReplicaIndex: 09be8d1c2-cf5e-49e7-8b06-3e73843a30ba(localhost/127.0.0.1) ReplicaIndex: 0, ReplicationConfig: RATIS/THREE, State:ALLOCATED, leaderId:, CreationTimestamp2024-08-09T18:20:59.513457069Z[Etc/UTC]]
2024-08-09 18:20:59,735 [IPC Server handler 2 on default port 15585] INFO  net.NetworkTopologyImpl (NetworkTopologyImpl.java:add(134)) - Added a new node: /default-rack/3c538fa1-1c2e-4857-863c-22038896ce66
2024-08-09 18:20:59,735 [IPC Server handler 2 on default port 15585] INFO  node.SCMNodeManager (SCMNodeManager.java:register(422)) - Registered datanode: 3c538fa1-1c2e-4857-863c-22038896ce66{ip: 127.0.0.1, host: localhost, ports: [HTTP=15619, CLIENT_RPC=15620, REPLICATION=15626, RATIS=15622, RATIS_ADMIN=15622, RATIS_SERVER=15622, RATIS_DATASTREAM=15625, STANDALONE=15621], networkLocation: /default-rack, certSerialId: null, persistedOpState: null, persistedOpStateExpiryEpochSec: 0}
2024-08-09 18:20:59,735 [EventQueue-NewNodeForNewNodeHandler] INFO  pipeline.BackgroundPipelineCreator (BackgroundPipelineCreator.java:notifyEventTriggered(280)) - trigger a one-shot run on RatisPipelineUtilsThread.
2024-08-09 18:20:59,736 [RatisPipelineUtilsThread-0] INFO  pipeline.RatisPipelineProvider (RatisPipelineProvider.java:lambda$create$0(205)) - Sending CreatePipelineCommand for pipeline:PipelineID=240efc40-5390-4818-8ad9-8f46ad45b620 to datanode:3c538fa1-1c2e-4857-863c-22038896ce66
2024-08-09 18:20:59,736 [RatisPipelineUtilsThread-0] INFO  pipeline.BackgroundPipelineCreator (BackgroundPipelineCreator.java:createPipelines(236)) - Created new pipeline Pipeline[ Id: 240efc40-5390-4818-8ad9-8f46ad45b620, Nodes: 3c538fa1-1c2e-4857-863c-22038896ce66(localhost/127.0.0.1) ReplicaIndex: 0, ReplicationConfig: RATIS/ONE, State:ALLOCATED, leaderId:, CreationTimestamp2024-08-09T18:20:59.736003675Z[Etc/UTC]]
2024-08-09 18:20:59,960 [main] INFO  ozone.MiniOzoneClusterImpl (MiniOzoneClusterImpl.java:lambda$waitForClusterToBeReady$0(198)) - Waiting for nodes to be ready. Got 4 of 5 DN Heartbeats.
2024-08-09 18:20:59,960 [main] INFO  ozone.MiniOzoneClusterImpl (MiniOzoneClusterImpl.java:lambda$waitForClusterToBeReady$0(201)) - Waiting for cluster to exit safe mode
2024-08-09 18:20:59,960 [main] INFO  ozone.MiniOzoneClusterImpl (MiniOzoneClusterImpl.java:lambda$waitForClusterToBeReady$0(203)) - SCM became leader
2024-08-09 18:20:59,960 [IPC Server handler 3 on default port 15585] INFO  net.NetworkTopologyImpl (NetworkTopologyImpl.java:add(134)) - Added a new node: /default-rack/2a5f2f3f-c544-4432-8d42-fb85fe01dde8
2024-08-09 18:20:59,961 [IPC Server handler 3 on default port 15585] INFO  node.SCMNodeManager (SCMNodeManager.java:register(422)) - Registered datanode: 2a5f2f3f-c544-4432-8d42-fb85fe01dde8{ip: 127.0.0.1, host: localhost, ports: [HTTP=15628, CLIENT_RPC=15629, REPLICATION=15635, RATIS=15631, RATIS_ADMIN=15631, RATIS_SERVER=15631, RATIS_DATASTREAM=15634, STANDALONE=15630], networkLocation: /default-rack, certSerialId: null, persistedOpState: null, persistedOpStateExpiryEpochSec: 0}
2024-08-09 18:20:59,961 [EventQueue-NewNodeForNewNodeHandler] INFO  pipeline.BackgroundPipelineCreator (BackgroundPipelineCreator.java:notifyEventTriggered(280)) - trigger a one-shot run on RatisPipelineUtilsThread.
2024-08-09 18:20:59,961 [RatisPipelineUtilsThread-0] INFO  pipeline.RatisPipelineProvider (RatisPipelineProvider.java:lambda$create$0(205)) - Sending CreatePipelineCommand for pipeline:PipelineID=f1ff5aa2-5a0a-423d-a366-e9e52f0c611c to datanode:2a5f2f3f-c544-4432-8d42-fb85fe01dde8
2024-08-09 18:20:59,962 [RatisPipelineUtilsThread-0] INFO  pipeline.BackgroundPipelineCreator (BackgroundPipelineCreator.java:createPipelines(236)) - Created new pipeline Pipeline[ Id: f1ff5aa2-5a0a-423d-a366-e9e52f0c611c, Nodes: 2a5f2f3f-c544-4432-8d42-fb85fe01dde8(localhost/127.0.0.1) ReplicaIndex: 0, ReplicationConfig: RATIS/ONE, State:ALLOCATED, leaderId:, CreationTimestamp2024-08-09T18:20:59.961878869Z[Etc/UTC]]
2024-08-09 18:21:00,960 [main] INFO  ozone.MiniOzoneClusterImpl (MiniOzoneClusterImpl.java:lambda$waitForClusterToBeReady$0(198)) - Nodes are ready. Got 5 of 5 DN Heartbeats.
2024-08-09 18:21:00,961 [main] INFO  ozone.MiniOzoneClusterImpl (MiniOzoneClusterImpl.java:lambda$waitForClusterToBeReady$0(201)) - Waiting for cluster to exit safe mode
2024-08-09 18:21:00,961 [main] INFO  ozone.MiniOzoneClusterImpl (MiniOzoneClusterImpl.java:lambda$waitForClusterToBeReady$0(203)) - SCM became leader
2024-08-09 18:21:01,961 [main] INFO  ozone.MiniOzoneClusterImpl (MiniOzoneClusterImpl.java:lambda$waitForClusterToBeReady$0(198)) - Nodes are ready. Got 5 of 5 DN Heartbeats.
2024-08-09 18:21:01,961 [main] INFO  ozone.MiniOzoneClusterImpl (MiniOzoneClusterImpl.java:lambda$waitForClusterToBeReady$0(201)) - Waiting for cluster to exit safe mode
2024-08-09 18:21:01,961 [main] INFO  ozone.MiniOzoneClusterImpl (MiniOzoneClusterImpl.java:lambda$waitForClusterToBeReady$0(203)) - SCM became leader
2024-08-09 18:21:02,051 [98b1311b-33ed-441a-9d1f-284a1b8d0a39-PipelineCommandHandlerThread-0] INFO  server.RaftServer (RaftServerProxy.java:addNew(101)) - 98b1311b-33ed-441a-9d1f-284a1b8d0a39: addNew group-B6ED3CAB776B:[98b1311b-33ed-441a-9d1f-284a1b8d0a39|127.0.0.1:15595] returns group-B6ED3CAB776B:java.util.concurrent.CompletableFuture@86d84db[Not completed]
2024-08-09 18:21:02,052 [98b1311b-33ed-441a-9d1f-284a1b8d0a39-groupManagement] INFO  server.RaftServer$Division (RaftServerImpl.java:<init>(253)) - 98b1311b-33ed-441a-9d1f-284a1b8d0a39: new RaftServerImpl for group-B6ED3CAB776B:[98b1311b-33ed-441a-9d1f-284a1b8d0a39|127.0.0.1:15595] with ContainerStateMachine:uninitialized
2024-08-09 18:21:02,052 [98b1311b-33ed-441a-9d1f-284a1b8d0a39-groupManagement] INFO  server.RaftServerConfigKeys (ConfUtils.java:logGet(46)) - raft.server.rpc.timeout.min = 5s (custom)
2024-08-09 18:21:02,052 [98b1311b-33ed-441a-9d1f-284a1b8d0a39-groupManagement] INFO  server.RaftServerConfigKeys (ConfUtils.java:logGet(46)) - raft.server.rpc.timeout.max = 5200ms (custom)
2024-08-09 18:21:02,052 [98b1311b-33ed-441a-9d1f-284a1b8d0a39-groupManagement] INFO  server.RaftServerConfigKeys (ConfUtils.java:logGet(46)) - raft.server.rpc.sleep.time = 25ms (default)
2024-08-09 18:21:02,052 [98b1311b-33ed-441a-9d1f-284a1b8d0a39-groupManagement] INFO  server.RaftServerConfigKeys (ConfUtils.java:logGet(46)) - raft.server.rpc.slowness.timeout = 300000ms (custom)
2024-08-09 18:21:02,052 [98b1311b-33ed-441a-9d1f-284a1b8d0a39-groupManagement] INFO  server.RaftServerConfigKeys (ConfUtils.java:logGet(46)) - raft.server.leaderelection.leader.step-down.wait-time = 10s (default)
2024-08-09 18:21:02,052 [98b1311b-33ed-441a-9d1f-284a1b8d0a39-groupManagement] INFO  server.RaftServerConfigKeys (ConfUtils.java:logGet(46)) - raft.server.leaderelection.member.majority-add = false (default)
2024-08-09 18:21:02,052 [98b1311b-33ed-441a-9d1f-284a1b8d0a39-groupManagement] INFO  server.RaftServerConfigKeys (ConfUtils.java:logGet(46)) - raft.server.sleep.deviation.threshold = 300ms (default)
2024-08-09 18:21:02,052 [98b1311b-33ed-441a-9d1f-284a1b8d0a39-groupManagement] INFO  server.RaftServer$Division (ServerState.java:<init>(114)) - 98b1311b-33ed-441a-9d1f-284a1b8d0a39@group-B6ED3CAB776B: ConfigurationManager, init=conf: {index: -1, cur=peers:[98b1311b-33ed-441a-9d1f-284a1b8d0a39|127.0.0.1:15595]|listeners:[], old=null}, confs=<EMPTY_MAP>
2024-08-09 18:21:02,052 [98b1311b-33ed-441a-9d1f-284a1b8d0a39-groupManagement] INFO  server.RaftServerConfigKeys (ConfUtils.java:logGet(46)) - raft.server.notification.no-leader.timeout = 300000ms (custom)
2024-08-09 18:21:02,052 [98b1311b-33ed-441a-9d1f-284a1b8d0a39-groupManagement] INFO  server.RaftServerConfigKeys (ConfUtils.java:logGet(46)) - raft.server.read.timeout = 10s (default)
2024-08-09 18:21:02,052 [98b1311b-33ed-441a-9d1f-284a1b8d0a39-groupManagement] INFO  server.RaftServerConfigKeys (ConfUtils.java:logGet(46)) - raft.server.retrycache.expirytime = 600000ms (custom)
2024-08-09 18:21:02,052 [98b1311b-33ed-441a-9d1f-284a1b8d0a39-groupManagement] INFO  server.RaftServerConfigKeys (ConfUtils.java:logGet(46)) - raft.server.retrycache.statistics.expirytime = 100ms (default)
2024-08-09 18:21:02,052 [98b1311b-33ed-441a-9d1f-284a1b8d0a39-groupManagement] INFO  server.RaftServerConfigKeys (ConfUtils.java:logGet(46)) - raft.server.read.option = DEFAULT (default)
2024-08-09 18:21:02,053 [98b1311b-33ed-441a-9d1f-284a1b8d0a39-groupManagement] INFO  server.RaftServerConfigKeys (ConfUtils.java:logGet(46)) - raft.server.read.read-after-write-consistent.write-index-cache.expiry-time = 60s (default)
2024-08-09 18:21:02,054 [98b1311b-33ed-441a-9d1f-284a1b8d0a39-groupManagement] INFO  server.RaftServerConfigKeys (ConfUtils.java:logGet(46)) - raft.server.rpc.request.timeout = 3000ms (default)
2024-08-09 18:21:02,054 [98b1311b-33ed-441a-9d1f-284a1b8d0a39-groupManagement] INFO  server.RaftServerConfigKeys (ConfUtils.java:logGet(46)) - raft.server.log.appender.install.snapshot.enabled = false (custom)
2024-08-09 18:21:02,054 [98b1311b-33ed-441a-9d1f-284a1b8d0a39-groupManagement] INFO  server.RaftServerConfigKeys (ConfUtils.java:logGet(46)) - raft.server.threadpool.server.cached = true (default)
2024-08-09 18:21:02,054 [98b1311b-33ed-441a-9d1f-284a1b8d0a39-groupManagement] INFO  server.RaftServerConfigKeys (ConfUtils.java:logGet(46)) - raft.server.threadpool.server.size = 0 (default)
2024-08-09 18:21:02,054 [98b1311b-33ed-441a-9d1f-284a1b8d0a39-groupManagement] INFO  server.RaftServerConfigKeys (ConfUtils.java:logGet(46)) - raft.server.threadpool.client.cached = true (default)
2024-08-09 18:21:02,054 [98b1311b-33ed-441a-9d1f-284a1b8d0a39-groupManagement] INFO  server.RaftServerConfigKeys (ConfUtils.java:logGet(46)) - raft.server.threadpool.client.size = 0 (default)
2024-08-09 18:21:02,054 [98b1311b-33ed-441a-9d1f-284a1b8d0a39-groupManagement] INFO  server.RaftServerConfigKeys (ConfUtils.java:logGet(46)) - raft.server.storage.free-space.min = 0MB (=0) (default)
2024-08-09 18:21:02,054 [98b1311b-33ed-441a-9d1f-284a1b8d0a39-groupManagement] INFO  server.RaftServerConfigKeys (ConfUtils.java:logGet(46)) - raft.server.log.corruption.policy = EXCEPTION (default)
2024-08-09 18:21:02,054 [98b1311b-33ed-441a-9d1f-284a1b8d0a39-groupManagement] INFO  server.RaftServerConfigKeys (ConfUtils.java:logGet(46)) - raft.server.storage.dir = [/home/runner/work/ozone/ozone/hadoop-ozone/integration-test/target/test-dir/MiniOzoneClusterImpl-d43ea6a6-39cf-404b-af74-5e65bec6c33b/ozone-meta/datanode-1/ratis] (custom)
2024-08-09 18:21:02,055 [98b1311b-33ed-441a-9d1f-284a1b8d0a39-groupManagement] INFO  storage.RaftStorageDirectory (RaftStorageDirectoryImpl.java:analyzeStorage(138)) - The storage directory /home/runner/work/ozone/ozone/hadoop-ozone/integration-test/target/test-dir/MiniOzoneClusterImpl-d43ea6a6-39cf-404b-af74-5e65bec6c33b/ozone-meta/datanode-1/ratis/6a6564da-9bde-44be-a024-b6ed3cab776b does not exist. Creating ...
2024-08-09 18:21:02,056 [98b1311b-33ed-441a-9d1f-284a1b8d0a39-groupManagement] INFO  storage.RaftStorageDirectory (RaftStorageDirectoryImpl.java:tryLock(229)) - Lock on /home/runner/work/ozone/ozone/hadoop-ozone/integration-test/target/test-dir/MiniOzoneClusterImpl-d43ea6a6-39cf-404b-af74-5e65bec6c33b/ozone-meta/datanode-1/ratis/6a6564da-9bde-44be-a024-b6ed3cab776b/in_use.lock acquired by nodename 49851@fv-az1244-646
2024-08-09 18:21:02,057 [98b1311b-33ed-441a-9d1f-284a1b8d0a39-groupManagement] INFO  storage.RaftStorage (RaftStorageImpl.java:format(98)) - Storage directory /home/runner/work/ozone/ozone/hadoop-ozone/integration-test/target/test-dir/MiniOzoneClusterImpl-d43ea6a6-39cf-404b-af74-5e65bec6c33b/ozone-meta/datanode-1/ratis/6a6564da-9bde-44be-a024-b6ed3cab776b has been successfully formatted.
2024-08-09 18:21:02,057 [98b1311b-33ed-441a-9d1f-284a1b8d0a39-groupManagement] INFO  ratis.ContainerStateMachine (ContainerStateMachine.java:loadSnapshot(287)) - group-B6ED3CAB776B: The snapshot info is null. Setting the last applied index to:(t:0, i:~)
2024-08-09 18:21:02,057 [98b1311b-33ed-441a-9d1f-284a1b8d0a39-groupManagement] INFO  server.RaftServerConfigKeys (ConfUtils.java:logGet(46)) - raft.server.log.use.memory = false (default)
2024-08-09 18:21:02,057 [98b1311b-33ed-441a-9d1f-284a1b8d0a39-groupManagement] INFO  server.RaftServerConfigKeys (ConfUtils.java:logGet(46)) - raft.server.log.purge.gap = 1000000 (custom)
2024-08-09 18:21:02,057 [98b1311b-33ed-441a-9d1f-284a1b8d0a39-groupManagement] INFO  server.RaftServerConfigKeys (ConfUtils.java:logGet(46)) - raft.server.log.appender.buffer.byte-limit = 8388608 (custom)
2024-08-09 18:21:02,058 [98b1311b-33ed-441a-9d1f-284a1b8d0a39-groupManagement] INFO  server.RaftServerConfigKeys (ConfUtils.java:logGet(46)) - raft.server.log.statemachine.data.read.timeout = 1000ms (default)
2024-08-09 18:21:02,058 [98b1311b-33ed-441a-9d1f-284a1b8d0a39-groupManagement] INFO  server.RaftServerConfigKeys (ConfUtils.java:logGet(46)) - raft.server.log.purge.preservation.log.num = 0 (default)
2024-08-09 18:21:02,058 [EventQueue-PipelineReportForPipelineReportHandler] INFO  pipeline.PipelineReportHandler (PipelineReportHandler.java:processPipelineReport(136)) - Opened pipeline PipelineID=6a6564da-9bde-44be-a024-b6ed3cab776b
2024-08-09 18:21:02,058 [98b1311b-33ed-441a-9d1f-284a1b8d0a39-groupManagement] INFO  server.RaftServerConfigKeys (ConfUtils.java:logGet(46)) - raft.server.log.segment.size.max = 67108864 (custom)
2024-08-09 18:21:02,058 [EventQueue-OpenPipelineForHealthyPipelineSafeModeRule] INFO  safemode.SCMSafeModeManager (HealthyPipelineSafeModeRule.java:process(140)) - SCM in safe mode. Healthy pipelines reported count is 0, required healthy pipeline reported count is 1
2024-08-09 18:21:02,059 [98b1311b-33ed-441a-9d1f-284a1b8d0a39-groupManagement] INFO  server.RaftServerConfigKeys (ConfUtils.java:logGet(46)) - raft.server.log.segment.cache.num.max = 2 (custom)
2024-08-09 18:21:02,059 [98b1311b-33ed-441a-9d1f-284a1b8d0a39-groupManagement] INFO  server.RaftServerConfigKeys (ConfUtils.java:logGet(46)) - raft.server.log.segment.cache.size.max = 200MB (=209715200) (default)
2024-08-09 18:21:02,059 [98b1311b-33ed-441a-9d1f-284a1b8d0a39-groupManagement] INFO  server.RaftServerConfigKeys (ConfUtils.java:logGet(46)) - raft.server.log.appender.buffer.byte-limit = 8388608 (custom)
2024-08-09 18:21:02,059 [98b1311b-33ed-441a-9d1f-284a1b8d0a39-groupManagement] INFO  util.AwaitToRun (AwaitToRun.java:start(81)) - Thread[98b1311b-33ed-441a-9d1f-284a1b8d0a39@group-B6ED3CAB776B-cacheEviction-AwaitToRun,5,main] started
2024-08-09 18:21:02,059 [98b1311b-33ed-441a-9d1f-284a1b8d0a39-groupManagement] INFO  segmented.SegmentedRaftLogWorker (SegmentedRaftLogWorker.java:<init>(184)) - new 98b1311b-33ed-441a-9d1f-284a1b8d0a39@group-B6ED3CAB776B-SegmentedRaftLogWorker for RaftStorageImpl:Storage Directory /home/runner/work/ozone/ozone/hadoop-ozone/integration-test/target/test-dir/MiniOzoneClusterImpl-d43ea6a6-39cf-404b-af74-5e65bec6c33b/ozone-meta/datanode-1/ratis/6a6564da-9bde-44be-a024-b6ed3cab776b
2024-08-09 18:21:02,059 [98b1311b-33ed-441a-9d1f-284a1b8d0a39-groupManagement] INFO  server.RaftServerConfigKeys (ConfUtils.java:logGet(46)) - raft.server.log.queue.byte-limit = 4294967296 (custom)
2024-08-09 18:21:02,059 [98b1311b-33ed-441a-9d1f-284a1b8d0a39-groupManagement] INFO  server.RaftServerConfigKeys (ConfUtils.java:logGet(46)) - raft.server.log.queue.element-limit = 1024 (custom)
2024-08-09 18:21:02,059 [98b1311b-33ed-441a-9d1f-284a1b8d0a39-groupManagement] INFO  server.RaftServerConfigKeys (ConfUtils.java:logGet(46)) - raft.server.log.segment.size.max = 67108864 (custom)
2024-08-09 18:21:02,059 [98b1311b-33ed-441a-9d1f-284a1b8d0a39-groupManagement] INFO  server.RaftServerConfigKeys (ConfUtils.java:logGet(46)) - raft.server.log.preallocated.size = 4194304 (custom)
2024-08-09 18:21:02,059 [98b1311b-33ed-441a-9d1f-284a1b8d0a39-groupManagement] INFO  server.RaftServerConfigKeys (ConfUtils.java:logGet(46)) - raft.server.log.force.sync.num = 128 (default)
2024-08-09 18:21:02,059 [98b1311b-33ed-441a-9d1f-284a1b8d0a39-groupManagement] INFO  server.RaftServerConfigKeys (ConfUtils.java:logGet(46)) - raft.server.log.statemachine.data.sync = true (default)
2024-08-09 18:21:02,059 [98b1311b-33ed-441a-9d1f-284a1b8d0a39-groupManagement] INFO  server.RaftServerConfigKeys (ConfUtils.java:logGet(46)) - raft.server.log.statemachine.data.sync.timeout = 10s (default)
2024-08-09 18:21:02,059 [98b1311b-33ed-441a-9d1f-284a1b8d0a39-groupManagement] INFO  server.RaftServerConfigKeys (ConfUtils.java:logGet(46)) - raft.server.log.statemachine.data.sync.timeout.retry = 30 (custom)
2024-08-09 18:21:02,060 [98b1311b-33ed-441a-9d1f-284a1b8d0a39-groupManagement] INFO  server.RaftServerConfigKeys (ConfUtils.java:logGet(46)) - raft.server.log.write.buffer.size = 8388616 (custom)
2024-08-09 18:21:02,061 [98b1311b-33ed-441a-9d1f-284a1b8d0a39-groupManagement] INFO  server.RaftServerConfigKeys (ConfUtils.java:logGet(46)) - raft.server.log.appender.buffer.byte-limit = 8388608 (custom)
2024-08-09 18:21:02,061 [98b1311b-33ed-441a-9d1f-284a1b8d0a39-groupManagement] INFO  server.RaftServerConfigKeys (ConfUtils.java:logGet(46)) - raft.server.log.unsafe-flush.enabled = false (default)
2024-08-09 18:21:02,061 [98b1311b-33ed-441a-9d1f-284a1b8d0a39-groupManagement] INFO  server.RaftServerConfigKeys (ConfUtils.java:logGet(46)) - raft.server.log.async-flush.enabled = false (default)
2024-08-09 18:21:02,061 [98b1311b-33ed-441a-9d1f-284a1b8d0a39-groupManagement] INFO  server.RaftServerConfigKeys (ConfUtils.java:logGet(46)) - raft.server.log.statemachine.data.caching.enabled = true (custom)
2024-08-09 18:21:02,061 [98b1311b-33ed-441a-9d1f-284a1b8d0a39-groupManagement] INFO  segmented.SegmentedRaftLogWorker (SegmentedRaftLogWorker.java:lambda$new$0(135)) - 98b1311b-33ed-441a-9d1f-284a1b8d0a39@group-B6ED3CAB776B-SegmentedRaftLogWorker: flushIndex: setUnconditionally 0 -> -1
2024-08-09 18:21:02,061 [98b1311b-33ed-441a-9d1f-284a1b8d0a39-groupManagement] INFO  segmented.SegmentedRaftLogWorker (SegmentedRaftLogWorker.java:lambda$new$0(135)) - 98b1311b-33ed-441a-9d1f-284a1b8d0a39@group-B6ED3CAB776B-SegmentedRaftLogWorker: safeCacheEvictIndex: setUnconditionally 0 -> -1
2024-08-09 18:21:02,061 [98b1311b-33ed-441a-9d1f-284a1b8d0a39-groupManagement] INFO  server.RaftServer$Division (RaftServerImpl.java:start(389)) - 98b1311b-33ed-441a-9d1f-284a1b8d0a39@group-B6ED3CAB776B: start as a follower, conf=conf: {index: -1, cur=peers:[98b1311b-33ed-441a-9d1f-284a1b8d0a39|127.0.0.1:15595]|listeners:[], old=null}
2024-08-09 18:21:02,062 [98b1311b-33ed-441a-9d1f-284a1b8d0a39-groupManagement] INFO  server.RaftServer$Division (RaftServerImpl.java:setRole(376)) - 98b1311b-33ed-441a-9d1f-284a1b8d0a39@group-B6ED3CAB776B: changes role from      null to FOLLOWER at term 0 for startAsFollower
2024-08-09 18:21:02,062 [98b1311b-33ed-441a-9d1f-284a1b8d0a39-groupManagement] INFO  impl.RoleInfo (RoleInfo.java:updateAndGet(148)) - 98b1311b-33ed-441a-9d1f-284a1b8d0a39: start 98b1311b-33ed-441a-9d1f-284a1b8d0a39@group-B6ED3CAB776B-FollowerState
2024-08-09 18:21:02,062 [98b1311b-33ed-441a-9d1f-284a1b8d0a39@group-B6ED3CAB776B-FollowerState] INFO  server.RaftServerConfigKeys (ConfUtils.java:logFallback(53)) - raft.server.rpc.first-election.timeout.min = 5s (fallback to raft.server.rpc.timeout.min)
2024-08-09 18:21:02,062 [98b1311b-33ed-441a-9d1f-284a1b8d0a39@group-B6ED3CAB776B-FollowerState] INFO  server.RaftServerConfigKeys (ConfUtils.java:logFallback(53)) - raft.server.rpc.first-election.timeout.max = 5200ms (fallback to raft.server.rpc.timeout.max)
2024-08-09 18:21:02,062 [98b1311b-33ed-441a-9d1f-284a1b8d0a39-groupManagement] INFO  util.JmxRegister (JmxRegister.java:tryRegister(44)) - Successfully registered JMX Bean with object name Ratis:service=RaftServer,group=group-B6ED3CAB776B,id=98b1311b-33ed-441a-9d1f-284a1b8d0a39
2024-08-09 18:21:02,062 [98b1311b-33ed-441a-9d1f-284a1b8d0a39-groupManagement] INFO  util.JmxRegister (JmxRegister.java:register(58)) - register mxBean class org.apache.ratis.server.impl.RaftServerJmxAdapter as Ratis:service=RaftServer,group=group-B6ED3CAB776B,id=98b1311b-33ed-441a-9d1f-284a1b8d0a39
2024-08-09 18:21:02,062 [98b1311b-33ed-441a-9d1f-284a1b8d0a39-groupManagement] INFO  server.RaftServerConfigKeys (ConfUtils.java:logGet(46)) - raft.server.snapshot.trigger-when-stop.enabled = true (default)
2024-08-09 18:21:02,062 [98b1311b-33ed-441a-9d1f-284a1b8d0a39-groupManagement] INFO  server.RaftServerConfigKeys (ConfUtils.java:logGet(46)) - raft.server.snapshot.trigger-when-remove.enabled = true (default)
2024-08-09 18:21:02,062 [98b1311b-33ed-441a-9d1f-284a1b8d0a39-groupManagement] INFO  server.RaftServerConfigKeys (ConfUtils.java:logGet(46)) - raft.server.snapshot.auto.trigger.enabled = true (custom)
2024-08-09 18:21:02,062 [98b1311b-33ed-441a-9d1f-284a1b8d0a39-groupManagement] INFO  server.RaftServerConfigKeys (ConfUtils.java:logGet(46)) - raft.server.snapshot.auto.trigger.threshold = 10000 (custom)
2024-08-09 18:21:02,062 [98b1311b-33ed-441a-9d1f-284a1b8d0a39-groupManagement] INFO  server.RaftServerConfigKeys (ConfUtils.java:logGet(46)) - raft.server.snapshot.retention.file.num = 5 (custom)
2024-08-09 18:21:02,062 [98b1311b-33ed-441a-9d1f-284a1b8d0a39-groupManagement] INFO  server.RaftServerConfigKeys (ConfUtils.java:logGet(46)) - raft.server.log.purge.upto.snapshot.index = false (default)
2024-08-09 18:21:02,063 [98b1311b-33ed-441a-9d1f-284a1b8d0a39-PipelineCommandHandlerThread-0] INFO  ratis.XceiverServerRatis (XceiverServerRatis.java:addGroup(846)) - Created group PipelineID=6a6564da-9bde-44be-a024-b6ed3cab776b
2024-08-09 18:21:02,063 [98b1311b-33ed-441a-9d1f-284a1b8d0a39-PipelineCommandHandlerThread-0] INFO  commandhandler.CreatePipelineCommandHandler (CreatePipelineCommandHandler.java:lambda$handle$2(124)) - Created Pipeline RATIS ONE PipelineID=6a6564da-9bde-44be-a024-b6ed3cab776b.
2024-08-09 18:21:02,063 [98b1311b-33ed-441a-9d1f-284a1b8d0a39-PipelineCommandHandlerThread-0] INFO  server.RaftServer (RaftServerProxy.java:addNew(101)) - 98b1311b-33ed-441a-9d1f-284a1b8d0a39: addNew group-BB6FBB1E63C3:[98b1311b-33ed-441a-9d1f-284a1b8d0a39|127.0.0.1:15595, 3ef2c69f-b325-49e4-8b40-b7dfff9ecdd0|127.0.0.1:15604, 9be8d1c2-cf5e-49e7-8b06-3e73843a30ba|127.0.0.1:15613] returns group-BB6FBB1E63C3:java.util.concurrent.CompletableFuture@c52110e[Not completed]
2024-08-09 18:21:02,063 [98b1311b-33ed-441a-9d1f-284a1b8d0a39-groupManagement] INFO  server.RaftServer$Division (RaftServerImpl.java:<init>(253)) - 98b1311b-33ed-441a-9d1f-284a1b8d0a39: new RaftServerImpl for group-BB6FBB1E63C3:[98b1311b-33ed-441a-9d1f-284a1b8d0a39|127.0.0.1:15595, 3ef2c69f-b325-49e4-8b40-b7dfff9ecdd0|127.0.0.1:15604, 9be8d1c2-cf5e-49e7-8b06-3e73843a30ba|127.0.0.1:15613] with ContainerStateMachine:uninitialized
2024-08-09 18:21:02,063 [98b1311b-33ed-441a-9d1f-284a1b8d0a39-groupManagement] INFO  server.RaftServerConfigKeys (ConfUtils.java:logGet(46)) - raft.server.rpc.timeout.min = 5s (custom)
2024-08-09 18:21:02,064 [98b1311b-33ed-441a-9d1f-284a1b8d0a39-groupManagement] INFO  server.RaftServerConfigKeys (ConfUtils.java:logGet(46)) - raft.server.rpc.timeout.max = 5200ms (custom)
2024-08-09 18:21:02,064 [98b1311b-33ed-441a-9d1f-284a1b8d0a39-groupManagement] INFO  server.RaftServerConfigKeys (ConfUtils.java:logGet(46)) - raft.server.rpc.sleep.time = 25ms (default)
2024-08-09 18:21:02,064 [98b1311b-33ed-441a-9d1f-284a1b8d0a39-groupManagement] INFO  server.RaftServerConfigKeys (ConfUtils.java:logGet(46)) - raft.server.rpc.slowness.timeout = 300000ms (custom)
2024-08-09 18:21:02,064 [98b1311b-33ed-441a-9d1f-284a1b8d0a39-groupManagement] INFO  server.RaftServerConfigKeys (ConfUtils.java:logGet(46)) - raft.server.leaderelection.leader.step-down.wait-time = 10s (default)
2024-08-09 18:21:02,064 [98b1311b-33ed-441a-9d1f-284a1b8d0a39-groupManagement] INFO  server.RaftServerConfigKeys (ConfUtils.java:logGet(46)) - raft.server.leaderelection.member.majority-add = false (default)
2024-08-09 18:21:02,064 [98b1311b-33ed-441a-9d1f-284a1b8d0a39-groupManagement] INFO  server.RaftServerConfigKeys (ConfUtils.java:logGet(46)) - raft.server.sleep.deviation.threshold = 300ms (default)
2024-08-09 18:21:02,064 [98b1311b-33ed-441a-9d1f-284a1b8d0a39-groupManagement] INFO  server.RaftServer$Division (ServerState.java:<init>(114)) - 98b1311b-33ed-441a-9d1f-284a1b8d0a39@group-BB6FBB1E63C3: ConfigurationManager, init=conf: {index: -1, cur=peers:[98b1311b-33ed-441a-9d1f-284a1b8d0a39|127.0.0.1:15595, 3ef2c69f-b325-49e4-8b40-b7dfff9ecdd0|127.0.0.1:15604, 9be8d1c2-cf5e-49e7-8b06-3e73843a30ba|127.0.0.1:15613]|listeners:[], old=null}, confs=<EMPTY_MAP>
2024-08-09 18:21:02,064 [98b1311b-33ed-441a-9d1f-284a1b8d0a39-groupManagement] INFO  server.RaftServerConfigKeys (ConfUtils.java:logGet(46)) - raft.server.notification.no-leader.timeout = 300000ms (custom)
2024-08-09 18:21:02,064 [98b1311b-33ed-441a-9d1f-284a1b8d0a39-groupManagement] INFO  server.RaftServerConfigKeys (ConfUtils.java:logGet(46)) - raft.server.read.timeout = 10s (default)
2024-08-09 18:21:02,064 [98b1311b-33ed-441a-9d1f-284a1b8d0a39-groupManagement] INFO  server.RaftServerConfigKeys (ConfUtils.java:logGet(46)) - raft.server.retrycache.expirytime = 600000ms (custom)
2024-08-09 18:21:02,064 [98b1311b-33ed-441a-9d1f-284a1b8d0a39-groupManagement] INFO  server.RaftServerConfigKeys (ConfUtils.java:logGet(46)) - raft.server.retrycache.statistics.expirytime = 100ms (default)
2024-08-09 18:21:02,064 [98b1311b-33ed-441a-9d1f-284a1b8d0a39-groupManagement] INFO  server.RaftServerConfigKeys (ConfUtils.java:logGet(46)) - raft.server.read.option = DEFAULT (default)
2024-08-09 18:21:02,064 [98b1311b-33ed-441a-9d1f-284a1b8d0a39-groupManagement] INFO  server.RaftServerConfigKeys (ConfUtils.java:logGet(46)) - raft.server.read.read-after-write-consistent.write-index-cache.expiry-time = 60s (default)
2024-08-09 18:21:02,065 [98b1311b-33ed-441a-9d1f-284a1b8d0a39-groupManagement] INFO  server.RaftServerConfigKeys (ConfUtils.java:logGet(46)) - raft.server.rpc.request.timeout = 3000ms (default)
2024-08-09 18:21:02,065 [98b1311b-33ed-441a-9d1f-284a1b8d0a39-groupManagement] INFO  server.RaftServerConfigKeys (ConfUtils.java:logGet(46)) - raft.server.log.appender.install.snapshot.enabled = false (custom)
2024-08-09 18:21:02,065 [98b1311b-33ed-441a-9d1f-284a1b8d0a39-groupManagement] INFO  server.RaftServerConfigKeys (ConfUtils.java:logGet(46)) - raft.server.threadpool.server.cached = true (default)
2024-08-09 18:21:02,066 [98b1311b-33ed-441a-9d1f-284a1b8d0a39-groupManagement] INFO  server.RaftServerConfigKeys (ConfUtils.java:logGet(46)) - raft.server.threadpool.server.size = 0 (default)
2024-08-09 18:21:02,066 [98b1311b-33ed-441a-9d1f-284a1b8d0a39-groupManagement] INFO  server.RaftServerConfigKeys (ConfUtils.java:logGet(46)) - raft.server.threadpool.client.cached = true (default)
2024-08-09 18:21:02,066 [98b1311b-33ed-441a-9d1f-284a1b8d0a39-groupManagement] INFO  server.RaftServerConfigKeys (ConfUtils.java:logGet(46)) - raft.server.threadpool.client.size = 0 (default)
2024-08-09 18:21:02,066 [98b1311b-33ed-441a-9d1f-284a1b8d0a39-groupManagement] INFO  server.RaftServerConfigKeys (ConfUtils.java:logGet(46)) - raft.server.storage.free-space.min = 0MB (=0) (default)
2024-08-09 18:21:02,066 [98b1311b-33ed-441a-9d1f-284a1b8d0a39-groupManagement] INFO  server.RaftServerConfigKeys (ConfUtils.java:logGet(46)) - raft.server.log.corruption.policy = EXCEPTION (default)
2024-08-09 18:21:02,066 [98b1311b-33ed-441a-9d1f-284a1b8d0a39-groupManagement] INFO  server.RaftServerConfigKeys (ConfUtils.java:logGet(46)) - raft.server.storage.dir = [/home/runner/work/ozone/ozone/hadoop-ozone/integration-test/target/test-dir/MiniOzoneClusterImpl-d43ea6a6-39cf-404b-af74-5e65bec6c33b/ozone-meta/datanode-1/ratis] (custom)
2024-08-09 18:21:02,066 [98b1311b-33ed-441a-9d1f-284a1b8d0a39-groupManagement] INFO  storage.RaftStorageDirectory (RaftStorageDirectoryImpl.java:analyzeStorage(138)) - The storage directory /home/runner/work/ozone/ozone/hadoop-ozone/integration-test/target/test-dir/MiniOzoneClusterImpl-d43ea6a6-39cf-404b-af74-5e65bec6c33b/ozone-meta/datanode-1/ratis/74a31c5c-faeb-4bb3-8859-bb6fbb1e63c3 does not exist. Creating ...
2024-08-09 18:21:02,067 [98b1311b-33ed-441a-9d1f-284a1b8d0a39-groupManagement] INFO  storage.RaftStorageDirectory (RaftStorageDirectoryImpl.java:tryLock(229)) - Lock on /home/runner/work/ozone/ozone/hadoop-ozone/integration-test/target/test-dir/MiniOzoneClusterImpl-d43ea6a6-39cf-404b-af74-5e65bec6c33b/ozone-meta/datanode-1/ratis/74a31c5c-faeb-4bb3-8859-bb6fbb1e63c3/in_use.lock acquired by nodename 49851@fv-az1244-646
2024-08-09 18:21:02,068 [98b1311b-33ed-441a-9d1f-284a1b8d0a39-groupManagement] INFO  storage.RaftStorage (RaftStorageImpl.java:format(98)) - Storage directory /home/runner/work/ozone/ozone/hadoop-ozone/integration-test/target/test-dir/MiniOzoneClusterImpl-d43ea6a6-39cf-404b-af74-5e65bec6c33b/ozone-meta/datanode-1/ratis/74a31c5c-faeb-4bb3-8859-bb6fbb1e63c3 has been successfully formatted.
2024-08-09 18:21:02,068 [98b1311b-33ed-441a-9d1f-284a1b8d0a39-groupManagement] INFO  ratis.ContainerStateMachine (ContainerStateMachine.java:loadSnapshot(287)) - group-BB6FBB1E63C3: The snapshot info is null. Setting the last applied index to:(t:0, i:~)
2024-08-09 18:21:02,068 [98b1311b-33ed-441a-9d1f-284a1b8d0a39-groupManagement] INFO  server.RaftServerConfigKeys (ConfUtils.java:logGet(46)) - raft.server.log.use.memory = false (default)
2024-08-09 18:21:02,069 [EventQueue-OpenPipelineForHealthyPipelineSafeModeRule] INFO  safemode.SCMSafeModeManager (HealthyPipelineSafeModeRule.java:process(140)) - SCM in safe mode. Healthy pipelines reported count is 0, required healthy pipeline reported count is 1
2024-08-09 18:21:02,069 [98b1311b-33ed-441a-9d1f-284a1b8d0a39-groupManagement] INFO  server.RaftServerConfigKeys (ConfUtils.java:logGet(46)) - raft.server.log.purge.gap = 1000000 (custom)
2024-08-09 18:21:02,069 [98b1311b-33ed-441a-9d1f-284a1b8d0a39-groupManagement] INFO  server.RaftServerConfigKeys (ConfUtils.java:logGet(46)) - raft.server.log.appender.buffer.byte-limit = 8388608 (custom)
2024-08-09 18:21:02,069 [98b1311b-33ed-441a-9d1f-284a1b8d0a39-groupManagement] INFO  server.RaftServerConfigKeys (ConfUtils.java:logGet(46)) - raft.server.log.statemachine.data.read.timeout = 1000ms (default)
2024-08-09 18:21:02,069 [98b1311b-33ed-441a-9d1f-284a1b8d0a39-groupManagement] INFO  server.RaftServerConfigKeys (ConfUtils.java:logGet(46)) - raft.server.log.purge.preservation.log.num = 0 (default)
2024-08-09 18:21:02,069 [98b1311b-33ed-441a-9d1f-284a1b8d0a39-groupManagement] INFO  server.RaftServerConfigKeys (ConfUtils.java:logGet(46)) - raft.server.log.segment.size.max = 67108864 (custom)
2024-08-09 18:21:02,070 [98b1311b-33ed-441a-9d1f-284a1b8d0a39-groupManagement] INFO  server.RaftServerConfigKeys (ConfUtils.java:logGet(46)) - raft.server.log.segment.cache.num.max = 2 (custom)
2024-08-09 18:21:02,070 [98b1311b-33ed-441a-9d1f-284a1b8d0a39-groupManagement] INFO  server.RaftServerConfigKeys (ConfUtils.java:logGet(46)) - raft.server.log.segment.cache.size.max = 200MB (=209715200) (default)
2024-08-09 18:21:02,070 [98b1311b-33ed-441a-9d1f-284a1b8d0a39-groupManagement] INFO  server.RaftServerConfigKeys (ConfUtils.java:logGet(46)) - raft.server.log.appender.buffer.byte-limit = 8388608 (custom)
2024-08-09 18:21:02,070 [98b1311b-33ed-441a-9d1f-284a1b8d0a39-groupManagement] INFO  util.AwaitToRun (AwaitToRun.java:start(81)) - Thread[98b1311b-33ed-441a-9d1f-284a1b8d0a39@group-BB6FBB1E63C3-cacheEviction-AwaitToRun,5,main] started
2024-08-09 18:21:02,070 [98b1311b-33ed-441a-9d1f-284a1b8d0a39-groupManagement] INFO  segmented.SegmentedRaftLogWorker (SegmentedRaftLogWorker.java:<init>(184)) - new 98b1311b-33ed-441a-9d1f-284a1b8d0a39@group-BB6FBB1E63C3-SegmentedRaftLogWorker for RaftStorageImpl:Storage Directory /home/runner/work/ozone/ozone/hadoop-ozone/integration-test/target/test-dir/MiniOzoneClusterImpl-d43ea6a6-39cf-404b-af74-5e65bec6c33b/ozone-meta/datanode-1/ratis/74a31c5c-faeb-4bb3-8859-bb6fbb1e63c3
2024-08-09 18:21:02,070 [98b1311b-33ed-441a-9d1f-284a1b8d0a39-groupManagement] INFO  server.RaftServerConfigKeys (ConfUtils.java:logGet(46)) - raft.server.log.queue.byte-limit = 4294967296 (custom)
2024-08-09 18:21:02,070 [98b1311b-33ed-441a-9d1f-284a1b8d0a39-groupManagement] INFO  server.RaftServerConfigKeys (ConfUtils.java:logGet(46)) - raft.server.log.queue.element-limit = 1024 (custom)
2024-08-09 18:21:02,070 [98b1311b-33ed-441a-9d1f-284a1b8d0a39-groupManagement] INFO  server.RaftServerConfigKeys (ConfUtils.java:logGet(46)) - raft.server.log.segment.size.max = 67108864 (custom)
2024-08-09 18:21:02,070 [98b1311b-33ed-441a-9d1f-284a1b8d0a39-groupManagement] INFO  server.RaftServerConfigKeys (ConfUtils.java:logGet(46)) - raft.server.log.preallocated.size = 4194304 (custom)
2024-08-09 18:21:02,070 [98b1311b-33ed-441a-9d1f-284a1b8d0a39-groupManagement] INFO  server.RaftServerConfigKeys (ConfUtils.java:logGet(46)) - raft.server.log.force.sync.num = 128 (default)
2024-08-09 18:21:02,070 [98b1311b-33ed-441a-9d1f-284a1b8d0a39-groupManagement] INFO  server.RaftServerConfigKeys (ConfUtils.java:logGet(46)) - raft.server.log.statemachine.data.sync = true (default)
2024-08-09 18:21:02,070 [98b1311b-33ed-441a-9d1f-284a1b8d0a39-groupManagement] INFO  server.RaftServerConfigKeys (ConfUtils.java:logGet(46)) - raft.server.log.statemachine.data.sync.timeout = 10s (default)
2024-08-09 18:21:02,070 [98b1311b-33ed-441a-9d1f-284a1b8d0a39-groupManagement] INFO  server.RaftServerConfigKeys (ConfUtils.java:logGet(46)) - raft.server.log.statemachine.data.sync.timeout.retry = 30 (custom)
2024-08-09 18:21:02,070 [98b1311b-33ed-441a-9d1f-284a1b8d0a39-groupManagement] INFO  server.RaftServerConfigKeys (ConfUtils.java:logGet(46)) - raft.server.log.write.buffer.size = 8388616 (custom)
2024-08-09 18:21:02,072 [98b1311b-33ed-441a-9d1f-284a1b8d0a39-groupManagement] INFO  server.RaftServerConfigKeys (ConfUtils.java:logGet(46)) - raft.server.log.appender.buffer.byte-limit = 8388608 (custom)
2024-08-09 18:21:02,072 [98b1311b-33ed-441a-9d1f-284a1b8d0a39-groupManagement] INFO  server.RaftServerConfigKeys (ConfUtils.java:logGet(46)) - raft.server.log.unsafe-flush.enabled = false (default)
2024-08-09 18:21:02,072 [98b1311b-33ed-441a-9d1f-284a1b8d0a39-groupManagement] INFO  server.RaftServerConfigKeys (ConfUtils.java:logGet(46)) - raft.server.log.async-flush.enabled = false (default)
2024-08-09 18:21:02,072 [98b1311b-33ed-441a-9d1f-284a1b8d0a39-groupManagement] INFO  server.RaftServerConfigKeys (ConfUtils.java:logGet(46)) - raft.server.log.statemachine.data.caching.enabled = true (custom)
2024-08-09 18:21:02,072 [98b1311b-33ed-441a-9d1f-284a1b8d0a39-groupManagement] INFO  segmented.SegmentedRaftLogWorker (SegmentedRaftLogWorker.java:lambda$new$0(135)) - 98b1311b-33ed-441a-9d1f-284a1b8d0a39@group-BB6FBB1E63C3-SegmentedRaftLogWorker: flushIndex: setUnconditionally 0 -> -1
2024-08-09 18:21:02,072 [98b1311b-33ed-441a-9d1f-284a1b8d0a39-groupManagement] INFO  segmented.SegmentedRaftLogWorker (SegmentedRaftLogWorker.java:lambda$new$0(135)) - 98b1311b-33ed-441a-9d1f-284a1b8d0a39@group-BB6FBB1E63C3-SegmentedRaftLogWorker: safeCacheEvictIndex: setUnconditionally 0 -> -1
2024-08-09 18:21:02,072 [98b1311b-33ed-441a-9d1f-284a1b8d0a39-groupManagement] INFO  server.RaftServer$Division (RaftServerImpl.java:start(389)) - 98b1311b-33ed-441a-9d1f-284a1b8d0a39@group-BB6FBB1E63C3: start as a follower, conf=conf: {index: -1, cur=peers:[98b1311b-33ed-441a-9d1f-284a1b8d0a39|127.0.0.1:15595, 3ef2c69f-b325-49e4-8b40-b7dfff9ecdd0|127.0.0.1:15604, 9be8d1c2-cf5e-49e7-8b06-3e73843a30ba|127.0.0.1:15613]|listeners:[], old=null}
2024-08-09 18:21:02,072 [98b1311b-33ed-441a-9d1f-284a1b8d0a39-groupManagement] INFO  server.RaftServer$Division (RaftServerImpl.java:setRole(376)) - 98b1311b-33ed-441a-9d1f-284a1b8d0a39@group-BB6FBB1E63C3: changes role from      null to FOLLOWER at term 0 for startAsFollower
2024-08-09 18:21:02,073 [98b1311b-33ed-441a-9d1f-284a1b8d0a39-groupManagement] INFO  impl.RoleInfo (RoleInfo.java:updateAndGet(148)) - 98b1311b-33ed-441a-9d1f-284a1b8d0a39: start 98b1311b-33ed-441a-9d1f-284a1b8d0a39@group-BB6FBB1E63C3-FollowerState
2024-08-09 18:21:02,073 [98b1311b-33ed-441a-9d1f-284a1b8d0a39@group-BB6FBB1E63C3-FollowerState] INFO  server.RaftServerConfigKeys (ConfUtils.java:logFallback(53)) - raft.server.rpc.first-election.timeout.min = 5s (fallback to raft.server.rpc.timeout.min)
2024-08-09 18:21:02,073 [98b1311b-33ed-441a-9d1f-284a1b8d0a39@group-BB6FBB1E63C3-FollowerState] INFO  server.RaftServerConfigKeys (ConfUtils.java:logFallback(53)) - raft.server.rpc.first-election.timeout.max = 5200ms (fallback to raft.server.rpc.timeout.max)
2024-08-09 18:21:02,073 [98b1311b-33ed-441a-9d1f-284a1b8d0a39-groupManagement] INFO  util.JmxRegister (JmxRegister.java:tryRegister(44)) - Successfully registered JMX Bean with object name Ratis:service=RaftServer,group=group-BB6FBB1E63C3,id=98b1311b-33ed-441a-9d1f-284a1b8d0a39
2024-08-09 18:21:02,073 [98b1311b-33ed-441a-9d1f-284a1b8d0a39-groupManagement] INFO  util.JmxRegister (JmxRegister.java:register(58)) - register mxBean class org.apache.ratis.server.impl.RaftServerJmxAdapter as Ratis:service=RaftServer,group=group-BB6FBB1E63C3,id=98b1311b-33ed-441a-9d1f-284a1b8d0a39
2024-08-09 18:21:02,073 [98b1311b-33ed-441a-9d1f-284a1b8d0a39-groupManagement] INFO  server.RaftServerConfigKeys (ConfUtils.java:logGet(46)) - raft.server.snapshot.trigger-when-stop.enabled = true (default)
2024-08-09 18:21:02,073 [98b1311b-33ed-441a-9d1f-284a1b8d0a39-groupManagement] INFO  server.RaftServerConfigKeys (ConfUtils.java:logGet(46)) - raft.server.snapshot.trigger-when-remove.enabled = true (default)
2024-08-09 18:21:02,073 [98b1311b-33ed-441a-9d1f-284a1b8d0a39-groupManagement] INFO  server.RaftServerConfigKeys (ConfUtils.java:logGet(46)) - raft.server.snapshot.auto.trigger.enabled = true (custom)
2024-08-09 18:21:02,073 [98b1311b-33ed-441a-9d1f-284a1b8d0a39-groupManagement] INFO  server.RaftServerConfigKeys (ConfUtils.java:logGet(46)) - raft.server.snapshot.auto.trigger.threshold = 10000 (custom)
2024-08-09 18:21:02,073 [98b1311b-33ed-441a-9d1f-284a1b8d0a39-groupManagement] INFO  server.RaftServerConfigKeys (ConfUtils.java:logGet(46)) - raft.server.snapshot.retention.file.num = 5 (custom)
2024-08-09 18:21:02,073 [98b1311b-33ed-441a-9d1f-284a1b8d0a39-groupManagement] INFO  server.RaftServerConfigKeys (ConfUtils.java:logGet(46)) - raft.server.log.purge.upto.snapshot.index = false (default)
2024-08-09 18:21:02,074 [98b1311b-33ed-441a-9d1f-284a1b8d0a39-PipelineCommandHandlerThread-0] INFO  ratis.XceiverServerRatis (XceiverServerRatis.java:addGroup(846)) - Created group PipelineID=74a31c5c-faeb-4bb3-8859-bb6fbb1e63c3
2024-08-09 18:21:02,079 [grpc-default-executor-0] INFO  server.RaftServer (RaftServerProxy.java:addNew(101)) - 9be8d1c2-cf5e-49e7-8b06-3e73843a30ba: addNew group-BB6FBB1E63C3:[98b1311b-33ed-441a-9d1f-284a1b8d0a39|127.0.0.1:15595, 3ef2c69f-b325-49e4-8b40-b7dfff9ecdd0|127.0.0.1:15604, 9be8d1c2-cf5e-49e7-8b06-3e73843a30ba|127.0.0.1:15613] returns group-BB6FBB1E63C3:java.util.concurrent.CompletableFuture@198dad81[Not completed]
2024-08-09 18:21:02,080 [9be8d1c2-cf5e-49e7-8b06-3e73843a30ba-groupManagement] INFO  server.RaftServer$Division (RaftServerImpl.java:<init>(253)) - 9be8d1c2-cf5e-49e7-8b06-3e73843a30ba: new RaftServerImpl for group-BB6FBB1E63C3:[98b1311b-33ed-441a-9d1f-284a1b8d0a39|127.0.0.1:15595, 3ef2c69f-b325-49e4-8b40-b7dfff9ecdd0|127.0.0.1:15604, 9be8d1c2-cf5e-49e7-8b06-3e73843a30ba|127.0.0.1:15613] with ContainerStateMachine:uninitialized
2024-08-09 18:21:02,080 [9be8d1c2-cf5e-49e7-8b06-3e73843a30ba-groupManagement] INFO  server.RaftServerConfigKeys (ConfUtils.java:logGet(46)) - raft.server.rpc.timeout.min = 5s (custom)
2024-08-09 18:21:02,080 [9be8d1c2-cf5e-49e7-8b06-3e73843a30ba-groupManagement] INFO  server.RaftServerConfigKeys (ConfUtils.java:logGet(46)) - raft.server.rpc.timeout.max = 5200ms (custom)
2024-08-09 18:21:02,080 [9be8d1c2-cf5e-49e7-8b06-3e73843a30ba-groupManagement] INFO  server.RaftServerConfigKeys (ConfUtils.java:logGet(46)) - raft.server.rpc.sleep.time = 25ms (default)
2024-08-09 18:21:02,080 [9be8d1c2-cf5e-49e7-8b06-3e73843a30ba-groupManagement] INFO  server.RaftServerConfigKeys (ConfUtils.java:logGet(46)) - raft.server.rpc.slowness.timeout = 300000ms (custom)
2024-08-09 18:21:02,080 [9be8d1c2-cf5e-49e7-8b06-3e73843a30ba-groupManagement] INFO  server.RaftServerConfigKeys (ConfUtils.java:logGet(46)) - raft.server.leaderelection.leader.step-down.wait-time = 10s (default)
2024-08-09 18:21:02,080 [9be8d1c2-cf5e-49e7-8b06-3e73843a30ba-groupManagement] INFO  server.RaftServerConfigKeys (ConfUtils.java:logGet(46)) - raft.server.leaderelection.member.majority-add = false (default)
2024-08-09 18:21:02,080 [9be8d1c2-cf5e-49e7-8b06-3e73843a30ba-groupManagement] INFO  server.RaftServerConfigKeys (ConfUtils.java:logGet(46)) - raft.server.sleep.deviation.threshold = 300ms (default)
2024-08-09 18:21:02,080 [9be8d1c2-cf5e-49e7-8b06-3e73843a30ba-groupManagement] INFO  server.RaftServer$Division (ServerState.java:<init>(114)) - 9be8d1c2-cf5e-49e7-8b06-3e73843a30ba@group-BB6FBB1E63C3: ConfigurationManager, init=conf: {index: -1, cur=peers:[98b1311b-33ed-441a-9d1f-284a1b8d0a39|127.0.0.1:15595, 3ef2c69f-b325-49e4-8b40-b7dfff9ecdd0|127.0.0.1:15604, 9be8d1c2-cf5e-49e7-8b06-3e73843a30ba|127.0.0.1:15613]|listeners:[], old=null}, confs=<EMPTY_MAP>
2024-08-09 18:21:02,080 [9be8d1c2-cf5e-49e7-8b06-3e73843a30ba-groupManagement] INFO  server.RaftServerConfigKeys (ConfUtils.java:logGet(46)) - raft.server.notification.no-leader.timeout = 300000ms (custom)
2024-08-09 18:21:02,080 [9be8d1c2-cf5e-49e7-8b06-3e73843a30ba-groupManagement] INFO  server.RaftServerConfigKeys (ConfUtils.java:logGet(46)) - raft.server.read.timeout = 10s (default)
2024-08-09 18:21:02,080 [9be8d1c2-cf5e-49e7-8b06-3e73843a30ba-groupManagement] INFO  server.RaftServerConfigKeys (ConfUtils.java:logGet(46)) - raft.server.retrycache.expirytime = 600000ms (custom)
2024-08-09 18:21:02,081 [9be8d1c2-cf5e-49e7-8b06-3e73843a30ba-groupManagement] INFO  server.RaftServerConfigKeys (ConfUtils.java:logGet(46)) - raft.server.retrycache.statistics.expirytime = 100ms (default)
2024-08-09 18:21:02,081 [9be8d1c2-cf5e-49e7-8b06-3e73843a30ba-groupManagement] INFO  server.RaftServerConfigKeys (ConfUtils.java:logGet(46)) - raft.server.read.option = DEFAULT (default)
2024-08-09 18:21:02,081 [9be8d1c2-cf5e-49e7-8b06-3e73843a30ba-groupManagement] INFO  server.RaftServerConfigKeys (ConfUtils.java:logGet(46)) - raft.server.read.read-after-write-consistent.write-index-cache.expiry-time = 60s (default)
2024-08-09 18:21:02,083 [9be8d1c2-cf5e-49e7-8b06-3e73843a30ba-groupManagement] INFO  server.RaftServerConfigKeys (ConfUtils.java:logGet(46)) - raft.server.rpc.request.timeout = 3000ms (default)
2024-08-09 18:21:02,083 [9be8d1c2-cf5e-49e7-8b06-3e73843a30ba-groupManagement] INFO  server.RaftServerConfigKeys (ConfUtils.java:logGet(46)) - raft.server.log.appender.install.snapshot.enabled = false (custom)
2024-08-09 18:21:02,083 [9be8d1c2-cf5e-49e7-8b06-3e73843a30ba-groupManagement] INFO  server.RaftServerConfigKeys (ConfUtils.java:logGet(46)) - raft.server.threadpool.server.cached = true (default)
2024-08-09 18:21:02,083 [9be8d1c2-cf5e-49e7-8b06-3e73843a30ba-groupManagement] INFO  server.RaftServerConfigKeys (ConfUtils.java:logGet(46)) - raft.server.threadpool.server.size = 0 (default)
2024-08-09 18:21:02,083 [9be8d1c2-cf5e-49e7-8b06-3e73843a30ba-groupManagement] INFO  server.RaftServerConfigKeys (ConfUtils.java:logGet(46)) - raft.server.threadpool.client.cached = true (default)
2024-08-09 18:21:02,083 [9be8d1c2-cf5e-49e7-8b06-3e73843a30ba-groupManagement] INFO  server.RaftServerConfigKeys (ConfUtils.java:logGet(46)) - raft.server.threadpool.client.size = 0 (default)
2024-08-09 18:21:02,083 [9be8d1c2-cf5e-49e7-8b06-3e73843a30ba-groupManagement] INFO  server.RaftServerConfigKeys (ConfUtils.java:logGet(46)) - raft.server.storage.free-space.min = 0MB (=0) (default)
2024-08-09 18:21:02,083 [9be8d1c2-cf5e-49e7-8b06-3e73843a30ba-groupManagement] INFO  server.RaftServerConfigKeys (ConfUtils.java:logGet(46)) - raft.server.log.corruption.policy = EXCEPTION (default)
2024-08-09 18:21:02,083 [9be8d1c2-cf5e-49e7-8b06-3e73843a30ba-groupManagement] INFO  server.RaftServerConfigKeys (ConfUtils.java:logGet(46)) - raft.server.storage.dir = [/home/runner/work/ozone/ozone/hadoop-ozone/integration-test/target/test-dir/MiniOzoneClusterImpl-d43ea6a6-39cf-404b-af74-5e65bec6c33b/ozone-meta/datanode-3/ratis] (custom)
2024-08-09 18:21:02,083 [9be8d1c2-cf5e-49e7-8b06-3e73843a30ba-groupManagement] INFO  storage.RaftStorageDirectory (RaftStorageDirectoryImpl.java:analyzeStorage(138)) - The storage directory /home/runner/work/ozone/ozone/hadoop-ozone/integration-test/target/test-dir/MiniOzoneClusterImpl-d43ea6a6-39cf-404b-af74-5e65bec6c33b/ozone-meta/datanode-3/ratis/74a31c5c-faeb-4bb3-8859-bb6fbb1e63c3 does not exist. Creating ...
2024-08-09 18:21:02,085 [9be8d1c2-cf5e-49e7-8b06-3e73843a30ba-groupManagement] INFO  storage.RaftStorageDirectory (RaftStorageDirectoryImpl.java:tryLock(229)) - Lock on /home/runner/work/ozone/ozone/hadoop-ozone/integration-test/target/test-dir/MiniOzoneClusterImpl-d43ea6a6-39cf-404b-af74-5e65bec6c33b/ozone-meta/datanode-3/ratis/74a31c5c-faeb-4bb3-8859-bb6fbb1e63c3/in_use.lock acquired by nodename 49851@fv-az1244-646
2024-08-09 18:21:02,086 [9be8d1c2-cf5e-49e7-8b06-3e73843a30ba-groupManagement] INFO  storage.RaftStorage (RaftStorageImpl.java:format(98)) - Storage directory /home/runner/work/ozone/ozone/hadoop-ozone/integration-test/target/test-dir/MiniOzoneClusterImpl-d43ea6a6-39cf-404b-af74-5e65bec6c33b/ozone-meta/datanode-3/ratis/74a31c5c-faeb-4bb3-8859-bb6fbb1e63c3 has been successfully formatted.
2024-08-09 18:21:02,086 [9be8d1c2-cf5e-49e7-8b06-3e73843a30ba-groupManagement] INFO  ratis.ContainerStateMachine (ContainerStateMachine.java:loadSnapshot(287)) - group-BB6FBB1E63C3: The snapshot info is null. Setting the last applied index to:(t:0, i:~)
2024-08-09 18:21:02,086 [9be8d1c2-cf5e-49e7-8b06-3e73843a30ba-groupManagement] INFO  server.RaftServerConfigKeys (ConfUtils.java:logGet(46)) - raft.server.log.use.memory = false (default)
2024-08-09 18:21:02,087 [9be8d1c2-cf5e-49e7-8b06-3e73843a30ba-groupManagement] INFO  server.RaftServerConfigKeys (ConfUtils.java:logGet(46)) - raft.server.log.purge.gap = 1000000 (custom)
2024-08-09 18:21:02,087 [9be8d1c2-cf5e-49e7-8b06-3e73843a30ba-groupManagement] INFO  server.RaftServerConfigKeys (ConfUtils.java:logGet(46)) - raft.server.log.appender.buffer.byte-limit = 8388608 (custom)
2024-08-09 18:21:02,087 [9be8d1c2-cf5e-49e7-8b06-3e73843a30ba-groupManagement] INFO  server.RaftServerConfigKeys (ConfUtils.java:logGet(46)) - raft.server.log.statemachine.data.read.timeout = 1000ms (default)
2024-08-09 18:21:02,087 [9be8d1c2-cf5e-49e7-8b06-3e73843a30ba-groupManagement] INFO  server.RaftServerConfigKeys (ConfUtils.java:logGet(46)) - raft.server.log.purge.preservation.log.num = 0 (default)
2024-08-09 18:21:02,088 [9be8d1c2-cf5e-49e7-8b06-3e73843a30ba-groupManagement] INFO  server.RaftServerConfigKeys (ConfUtils.java:logGet(46)) - raft.server.log.segment.size.max = 67108864 (custom)
2024-08-09 18:21:02,088 [9be8d1c2-cf5e-49e7-8b06-3e73843a30ba-groupManagement] INFO  server.RaftServerConfigKeys (ConfUtils.java:logGet(46)) - raft.server.log.segment.cache.num.max = 2 (custom)
2024-08-09 18:21:02,088 [9be8d1c2-cf5e-49e7-8b06-3e73843a30ba-groupManagement] INFO  server.RaftServerConfigKeys (ConfUtils.java:logGet(46)) - raft.server.log.segment.cache.size.max = 200MB (=209715200) (default)
2024-08-09 18:21:02,088 [9be8d1c2-cf5e-49e7-8b06-3e73843a30ba-groupManagement] INFO  server.RaftServerConfigKeys (ConfUtils.java:logGet(46)) - raft.server.log.appender.buffer.byte-limit = 8388608 (custom)
2024-08-09 18:21:02,088 [9be8d1c2-cf5e-49e7-8b06-3e73843a30ba-groupManagement] INFO  util.AwaitToRun (AwaitToRun.java:start(81)) - Thread[9be8d1c2-cf5e-49e7-8b06-3e73843a30ba@group-BB6FBB1E63C3-cacheEviction-AwaitToRun,5,main] started
2024-08-09 18:21:02,088 [9be8d1c2-cf5e-49e7-8b06-3e73843a30ba-groupManagement] INFO  segmented.SegmentedRaftLogWorker (SegmentedRaftLogWorker.java:<init>(184)) - new 9be8d1c2-cf5e-49e7-8b06-3e73843a30ba@group-BB6FBB1E63C3-SegmentedRaftLogWorker for RaftStorageImpl:Storage Directory /home/runner/work/ozone/ozone/hadoop-ozone/integration-test/target/test-dir/MiniOzoneClusterImpl-d43ea6a6-39cf-404b-af74-5e65bec6c33b/ozone-meta/datanode-3/ratis/74a31c5c-faeb-4bb3-8859-bb6fbb1e63c3
2024-08-09 18:21:02,088 [9be8d1c2-cf5e-49e7-8b06-3e73843a30ba-groupManagement] INFO  server.RaftServerConfigKeys (ConfUtils.java:logGet(46)) - raft.server.log.queue.byte-limit = 4294967296 (custom)
2024-08-09 18:21:02,088 [9be8d1c2-cf5e-49e7-8b06-3e73843a30ba-groupManagement] INFO  server.RaftServerConfigKeys (ConfUtils.java:logGet(46)) - raft.server.log.queue.element-limit = 1024 (custom)
2024-08-09 18:21:02,088 [9be8d1c2-cf5e-49e7-8b06-3e73843a30ba-groupManagement] INFO  server.RaftServerConfigKeys (ConfUtils.java:logGet(46)) - raft.server.log.segment.size.max = 67108864 (custom)
2024-08-09 18:21:02,088 [9be8d1c2-cf5e-49e7-8b06-3e73843a30ba-groupManagement] INFO  server.RaftServerConfigKeys (ConfUtils.java:logGet(46)) - raft.server.log.preallocated.size = 4194304 (custom)
2024-08-09 18:21:02,088 [9be8d1c2-cf5e-49e7-8b06-3e73843a30ba-groupManagement] INFO  server.RaftServerConfigKeys (ConfUtils.java:logGet(46)) - raft.server.log.force.sync.num = 128 (default)
2024-08-09 18:21:02,089 [9be8d1c2-cf5e-49e7-8b06-3e73843a30ba-groupManagement] INFO  server.RaftServerConfigKeys (ConfUtils.java:logGet(46)) - raft.server.log.statemachine.data.sync = true (default)
2024-08-09 18:21:02,089 [9be8d1c2-cf5e-49e7-8b06-3e73843a30ba-groupManagement] INFO  server.RaftServerConfigKeys (ConfUtils.java:logGet(46)) - raft.server.log.statemachine.data.sync.timeout = 10s (default)
2024-08-09 18:21:02,089 [9be8d1c2-cf5e-49e7-8b06-3e73843a30ba-groupManagement] INFO  server.RaftServerConfigKeys (ConfUtils.java:logGet(46)) - raft.server.log.statemachine.data.sync.timeout.retry = 30 (custom)
2024-08-09 18:21:02,089 [9be8d1c2-cf5e-49e7-8b06-3e73843a30ba-groupManagement] INFO  server.RaftServerConfigKeys (ConfUtils.java:logGet(46)) - raft.server.log.write.buffer.size = 8388616 (custom)
2024-08-09 18:21:02,089 [9be8d1c2-cf5e-49e7-8b06-3e73843a30ba-groupManagement] INFO  server.RaftServerConfigKeys (ConfUtils.java:logGet(46)) - raft.server.log.appender.buffer.byte-limit = 8388608 (custom)
2024-08-09 18:21:02,089 [9be8d1c2-cf5e-49e7-8b06-3e73843a30ba-groupManagement] INFO  server.RaftServerConfigKeys (ConfUtils.java:logGet(46)) - raft.server.log.unsafe-flush.enabled = false (default)
2024-08-09 18:21:02,089 [9be8d1c2-cf5e-49e7-8b06-3e73843a30ba-groupManagement] INFO  server.RaftServerConfigKeys (ConfUtils.java:logGet(46)) - raft.server.log.async-flush.enabled = false (default)
2024-08-09 18:21:02,089 [9be8d1c2-cf5e-49e7-8b06-3e73843a30ba-groupManagement] INFO  server.RaftServerConfigKeys (ConfUtils.java:logGet(46)) - raft.server.log.statemachine.data.caching.enabled = true (custom)
2024-08-09 18:21:02,089 [9be8d1c2-cf5e-49e7-8b06-3e73843a30ba-groupManagement] INFO  segmented.SegmentedRaftLogWorker (SegmentedRaftLogWorker.java:lambda$new$0(135)) - 9be8d1c2-cf5e-49e7-8b06-3e73843a30ba@group-BB6FBB1E63C3-SegmentedRaftLogWorker: flushIndex: setUnconditionally 0 -> -1
2024-08-09 18:21:02,089 [9be8d1c2-cf5e-49e7-8b06-3e73843a30ba-groupManagement] INFO  segmented.SegmentedRaftLogWorker (SegmentedRaftLogWorker.java:lambda$new$0(135)) - 9be8d1c2-cf5e-49e7-8b06-3e73843a30ba@group-BB6FBB1E63C3-SegmentedRaftLogWorker: safeCacheEvictIndex: setUnconditionally 0 -> -1
2024-08-09 18:21:02,090 [9be8d1c2-cf5e-49e7-8b06-3e73843a30ba-groupManagement] INFO  server.RaftServer$Division (RaftServerImpl.java:start(389)) - 9be8d1c2-cf5e-49e7-8b06-3e73843a30ba@group-BB6FBB1E63C3: start as a follower, conf=conf: {index: -1, cur=peers:[98b1311b-33ed-441a-9d1f-284a1b8d0a39|127.0.0.1:15595, 3ef2c69f-b325-49e4-8b40-b7dfff9ecdd0|127.0.0.1:15604, 9be8d1c2-cf5e-49e7-8b06-3e73843a30ba|127.0.0.1:15613]|listeners:[], old=null}
2024-08-09 18:21:02,090 [9be8d1c2-cf5e-49e7-8b06-3e73843a30ba-groupManagement] INFO  server.RaftServer$Division (RaftServerImpl.java:setRole(376)) - 9be8d1c2-cf5e-49e7-8b06-3e73843a30ba@group-BB6FBB1E63C3: changes role from      null to FOLLOWER at term 0 for startAsFollower
2024-08-09 18:21:02,090 [9be8d1c2-cf5e-49e7-8b06-3e73843a30ba-groupManagement] INFO  impl.RoleInfo (RoleInfo.java:updateAndGet(148)) - 9be8d1c2-cf5e-49e7-8b06-3e73843a30ba: start 9be8d1c2-cf5e-49e7-8b06-3e73843a30ba@group-BB6FBB1E63C3-FollowerState
2024-08-09 18:21:02,095 [9be8d1c2-cf5e-49e7-8b06-3e73843a30ba@group-BB6FBB1E63C3-FollowerState] INFO  server.RaftServerConfigKeys (ConfUtils.java:logFallback(53)) - raft.server.rpc.first-election.timeout.min = 5s (fallback to raft.server.rpc.timeout.min)
2024-08-09 18:21:02,095 [9be8d1c2-cf5e-49e7-8b06-3e73843a30ba@group-BB6FBB1E63C3-FollowerState] INFO  server.RaftServerConfigKeys (ConfUtils.java:logFallback(53)) - raft.server.rpc.first-election.timeout.max = 5200ms (fallback to raft.server.rpc.timeout.max)
2024-08-09 18:21:02,095 [9be8d1c2-cf5e-49e7-8b06-3e73843a30ba-groupManagement] INFO  util.JmxRegister (JmxRegister.java:tryRegister(44)) - Successfully registered JMX Bean with object name Ratis:service=RaftServer,group=group-BB6FBB1E63C3,id=9be8d1c2-cf5e-49e7-8b06-3e73843a30ba
2024-08-09 18:21:02,095 [9be8d1c2-cf5e-49e7-8b06-3e73843a30ba-groupManagement] INFO  util.JmxRegister (JmxRegister.java:register(58)) - register mxBean class org.apache.ratis.server.impl.RaftServerJmxAdapter as Ratis:service=RaftServer,group=group-BB6FBB1E63C3,id=9be8d1c2-cf5e-49e7-8b06-3e73843a30ba
2024-08-09 18:21:02,095 [9be8d1c2-cf5e-49e7-8b06-3e73843a30ba-groupManagement] INFO  server.RaftServerConfigKeys (ConfUtils.java:logGet(46)) - raft.server.snapshot.trigger-when-stop.enabled = true (default)
2024-08-09 18:21:02,095 [9be8d1c2-cf5e-49e7-8b06-3e73843a30ba-groupManagement] INFO  server.RaftServerConfigKeys (ConfUtils.java:logGet(46)) - raft.server.snapshot.trigger-when-remove.enabled = true (default)
2024-08-09 18:21:02,095 [9be8d1c2-cf5e-49e7-8b06-3e73843a30ba-groupManagement] INFO  server.RaftServerConfigKeys (ConfUtils.java:logGet(46)) - raft.server.snapshot.auto.trigger.enabled = true (custom)
2024-08-09 18:21:02,095 [9be8d1c2-cf5e-49e7-8b06-3e73843a30ba-groupManagement] INFO  server.RaftServerConfigKeys (ConfUtils.java:logGet(46)) - raft.server.snapshot.auto.trigger.threshold = 10000 (custom)
2024-08-09 18:21:02,095 [9be8d1c2-cf5e-49e7-8b06-3e73843a30ba-groupManagement] INFO  server.RaftServerConfigKeys (ConfUtils.java:logGet(46)) - raft.server.snapshot.retention.file.num = 5 (custom)
2024-08-09 18:21:02,095 [9be8d1c2-cf5e-49e7-8b06-3e73843a30ba-groupManagement] INFO  server.RaftServerConfigKeys (ConfUtils.java:logGet(46)) - raft.server.log.purge.upto.snapshot.index = false (default)
2024-08-09 18:21:02,104 [grpc-default-executor-1] INFO  server.RaftServer (RaftServerProxy.java:addNew(101)) - 3ef2c69f-b325-49e4-8b40-b7dfff9ecdd0: addNew group-BB6FBB1E63C3:[98b1311b-33ed-441a-9d1f-284a1b8d0a39|127.0.0.1:15595, 3ef2c69f-b325-49e4-8b40-b7dfff9ecdd0|127.0.0.1:15604, 9be8d1c2-cf5e-49e7-8b06-3e73843a30ba|127.0.0.1:15613] returns group-BB6FBB1E63C3:java.util.concurrent.CompletableFuture@36b2908[Not completed]
2024-08-09 18:21:02,105 [3ef2c69f-b325-49e4-8b40-b7dfff9ecdd0-groupManagement] INFO  server.RaftServer$Division (RaftServerImpl.java:<init>(253)) - 3ef2c69f-b325-49e4-8b40-b7dfff9ecdd0: new RaftServerImpl for group-BB6FBB1E63C3:[98b1311b-33ed-441a-9d1f-284a1b8d0a39|127.0.0.1:15595, 3ef2c69f-b325-49e4-8b40-b7dfff9ecdd0|127.0.0.1:15604, 9be8d1c2-cf5e-49e7-8b06-3e73843a30ba|127.0.0.1:15613] with ContainerStateMachine:uninitialized
2024-08-09 18:21:02,105 [3ef2c69f-b325-49e4-8b40-b7dfff9ecdd0-groupManagement] INFO  server.RaftServerConfigKeys (ConfUtils.java:logGet(46)) - raft.server.rpc.timeout.min = 5s (custom)
2024-08-09 18:21:02,106 [3ef2c69f-b325-49e4-8b40-b7dfff9ecdd0-groupManagement] INFO  server.RaftServerConfigKeys (ConfUtils.java:logGet(46)) - raft.server.rpc.timeout.max = 5200ms (custom)
2024-08-09 18:21:02,106 [3ef2c69f-b325-49e4-8b40-b7dfff9ecdd0-groupManagement] INFO  server.RaftServerConfigKeys (ConfUtils.java:logGet(46)) - raft.server.rpc.sleep.time = 25ms (default)
2024-08-09 18:21:02,106 [3ef2c69f-b325-49e4-8b40-b7dfff9ecdd0-groupManagement] INFO  server.RaftServerConfigKeys (ConfUtils.java:logGet(46)) - raft.server.rpc.slowness.timeout = 300000ms (custom)
2024-08-09 18:21:02,107 [3ef2c69f-b325-49e4-8b40-b7dfff9ecdd0-groupManagement] INFO  server.RaftServerConfigKeys (ConfUtils.java:logGet(46)) - raft.server.leaderelection.leader.step-down.wait-time = 10s (default)
2024-08-09 18:21:02,107 [3ef2c69f-b325-49e4-8b40-b7dfff9ecdd0-groupManagement] INFO  server.RaftServerConfigKeys (ConfUtils.java:logGet(46)) - raft.server.leaderelection.member.majority-add = false (default)
2024-08-09 18:21:02,107 [3ef2c69f-b325-49e4-8b40-b7dfff9ecdd0-groupManagement] INFO  server.RaftServerConfigKeys (ConfUtils.java:logGet(46)) - raft.server.sleep.deviation.threshold = 300ms (default)
2024-08-09 18:21:02,107 [3ef2c69f-b325-49e4-8b40-b7dfff9ecdd0-groupManagement] INFO  server.RaftServer$Division (ServerState.java:<init>(114)) - 3ef2c69f-b325-49e4-8b40-b7dfff9ecdd0@group-BB6FBB1E63C3: ConfigurationManager, init=conf: {index: -1, cur=peers:[98b1311b-33ed-441a-9d1f-284a1b8d0a39|127.0.0.1:15595, 3ef2c69f-b325-49e4-8b40-b7dfff9ecdd0|127.0.0.1:15604, 9be8d1c2-cf5e-49e7-8b06-3e73843a30ba|127.0.0.1:15613]|listeners:[], old=null}, confs=<EMPTY_MAP>
2024-08-09 18:21:02,107 [3ef2c69f-b325-49e4-8b40-b7dfff9ecdd0-groupManagement] INFO  server.RaftServerConfigKeys (ConfUtils.java:logGet(46)) - raft.server.notification.no-leader.timeout = 300000ms (custom)
2024-08-09 18:21:02,107 [3ef2c69f-b325-49e4-8b40-b7dfff9ecdd0-groupManagement] INFO  server.RaftServerConfigKeys (ConfUtils.java:logGet(46)) - raft.server.read.timeout = 10s (default)
2024-08-09 18:21:02,107 [3ef2c69f-b325-49e4-8b40-b7dfff9ecdd0-groupManagement] INFO  server.RaftServerConfigKeys (ConfUtils.java:logGet(46)) - raft.server.retrycache.expirytime = 600000ms (custom)
2024-08-09 18:21:02,107 [3ef2c69f-b325-49e4-8b40-b7dfff9ecdd0-groupManagement] INFO  server.RaftServerConfigKeys (ConfUtils.java:logGet(46)) - raft.server.retrycache.statistics.expirytime = 100ms (default)
2024-08-09 18:21:02,107 [3ef2c69f-b325-49e4-8b40-b7dfff9ecdd0-groupManagement] INFO  server.RaftServerConfigKeys (ConfUtils.java:logGet(46)) - raft.server.read.option = DEFAULT (default)
2024-08-09 18:21:02,107 [3ef2c69f-b325-49e4-8b40-b7dfff9ecdd0-groupManagement] INFO  server.RaftServerConfigKeys (ConfUtils.java:logGet(46)) - raft.server.read.read-after-write-consistent.write-index-cache.expiry-time = 60s (default)
2024-08-09 18:21:02,109 [3ef2c69f-b325-49e4-8b40-b7dfff9ecdd0-groupManagement] INFO  server.RaftServerConfigKeys (ConfUtils.java:logGet(46)) - raft.server.rpc.request.timeout = 3000ms (default)
2024-08-09 18:21:02,109 [3ef2c69f-b325-49e4-8b40-b7dfff9ecdd0-groupManagement] INFO  server.RaftServerConfigKeys (ConfUtils.java:logGet(46)) - raft.server.log.appender.install.snapshot.enabled = false (custom)
2024-08-09 18:21:02,109 [3ef2c69f-b325-49e4-8b40-b7dfff9ecdd0-groupManagement] INFO  server.RaftServerConfigKeys (ConfUtils.java:logGet(46)) - raft.server.threadpool.server.cached = true (default)
2024-08-09 18:21:02,109 [3ef2c69f-b325-49e4-8b40-b7dfff9ecdd0-groupManagement] INFO  server.RaftServerConfigKeys (ConfUtils.java:logGet(46)) - raft.server.threadpool.server.size = 0 (default)
2024-08-09 18:21:02,109 [3ef2c69f-b325-49e4-8b40-b7dfff9ecdd0-groupManagement] INFO  server.RaftServerConfigKeys (ConfUtils.java:logGet(46)) - raft.server.threadpool.client.cached = true (default)
2024-08-09 18:21:02,109 [3ef2c69f-b325-49e4-8b40-b7dfff9ecdd0-groupManagement] INFO  server.RaftServerConfigKeys (ConfUtils.java:logGet(46)) - raft.server.threadpool.client.size = 0 (default)
2024-08-09 18:21:02,109 [3ef2c69f-b325-49e4-8b40-b7dfff9ecdd0-groupManagement] INFO  server.RaftServerConfigKeys (ConfUtils.java:logGet(46)) - raft.server.storage.free-space.min = 0MB (=0) (default)
2024-08-09 18:21:02,109 [3ef2c69f-b325-49e4-8b40-b7dfff9ecdd0-groupManagement] INFO  server.RaftServerConfigKeys (ConfUtils.java:logGet(46)) - raft.server.log.corruption.policy = EXCEPTION (default)
2024-08-09 18:21:02,109 [3ef2c69f-b325-49e4-8b40-b7dfff9ecdd0-groupManagement] INFO  server.RaftServerConfigKeys (ConfUtils.java:logGet(46)) - raft.server.storage.dir = [/home/runner/work/ozone/ozone/hadoop-ozone/integration-test/target/test-dir/MiniOzoneClusterImpl-d43ea6a6-39cf-404b-af74-5e65bec6c33b/ozone-meta/datanode-2/ratis] (custom)
2024-08-09 18:21:02,110 [3ef2c69f-b325-49e4-8b40-b7dfff9ecdd0-groupManagement] INFO  storage.RaftStorageDirectory (RaftStorageDirectoryImpl.java:analyzeStorage(138)) - The storage directory /home/runner/work/ozone/ozone/hadoop-ozone/integration-test/target/test-dir/MiniOzoneClusterImpl-d43ea6a6-39cf-404b-af74-5e65bec6c33b/ozone-meta/datanode-2/ratis/74a31c5c-faeb-4bb3-8859-bb6fbb1e63c3 does not exist. Creating ...
2024-08-09 18:21:02,111 [3ef2c69f-b325-49e4-8b40-b7dfff9ecdd0-groupManagement] INFO  storage.RaftStorageDirectory (RaftStorageDirectoryImpl.java:tryLock(229)) - Lock on /home/runner/work/ozone/ozone/hadoop-ozone/integration-test/target/test-dir/MiniOzoneClusterImpl-d43ea6a6-39cf-404b-af74-5e65bec6c33b/ozone-meta/datanode-2/ratis/74a31c5c-faeb-4bb3-8859-bb6fbb1e63c3/in_use.lock acquired by nodename 49851@fv-az1244-646
2024-08-09 18:21:02,112 [3ef2c69f-b325-49e4-8b40-b7dfff9ecdd0-groupManagement] INFO  storage.RaftStorage (RaftStorageImpl.java:format(98)) - Storage directory /home/runner/work/ozone/ozone/hadoop-ozone/integration-test/target/test-dir/MiniOzoneClusterImpl-d43ea6a6-39cf-404b-af74-5e65bec6c33b/ozone-meta/datanode-2/ratis/74a31c5c-faeb-4bb3-8859-bb6fbb1e63c3 has been successfully formatted.
2024-08-09 18:21:02,112 [3ef2c69f-b325-49e4-8b40-b7dfff9ecdd0-groupManagement] INFO  ratis.ContainerStateMachine (ContainerStateMachine.java:loadSnapshot(287)) - group-BB6FBB1E63C3: The snapshot info is null. Setting the last applied index to:(t:0, i:~)
2024-08-09 18:21:02,112 [3ef2c69f-b325-49e4-8b40-b7dfff9ecdd0-groupManagement] INFO  server.RaftServerConfigKeys (ConfUtils.java:logGet(46)) - raft.server.log.use.memory = false (default)
2024-08-09 18:21:02,112 [3ef2c69f-b325-49e4-8b40-b7dfff9ecdd0-groupManagement] INFO  server.RaftServerConfigKeys (ConfUtils.java:logGet(46)) - raft.server.log.purge.gap = 1000000 (custom)
2024-08-09 18:21:02,112 [3ef2c69f-b325-49e4-8b40-b7dfff9ecdd0-groupManagement] INFO  server.RaftServerConfigKeys (ConfUtils.java:logGet(46)) - raft.server.log.appender.buffer.byte-limit = 8388608 (custom)
2024-08-09 18:21:02,113 [3ef2c69f-b325-49e4-8b40-b7dfff9ecdd0-groupManagement] INFO  server.RaftServerConfigKeys (ConfUtils.java:logGet(46)) - raft.server.log.statemachine.data.read.timeout = 1000ms (default)
2024-08-09 18:21:02,113 [3ef2c69f-b325-49e4-8b40-b7dfff9ecdd0-groupManagement] INFO  server.RaftServerConfigKeys (ConfUtils.java:logGet(46)) - raft.server.log.purge.preservation.log.num = 0 (default)
2024-08-09 18:21:02,114 [3ef2c69f-b325-49e4-8b40-b7dfff9ecdd0-groupManagement] INFO  server.RaftServerConfigKeys (ConfUtils.java:logGet(46)) - raft.server.log.segment.size.max = 67108864 (custom)
2024-08-09 18:21:02,114 [3ef2c69f-b325-49e4-8b40-b7dfff9ecdd0-groupManagement] INFO  server.RaftServerConfigKeys (ConfUtils.java:logGet(46)) - raft.server.log.segment.cache.num.max = 2 (custom)
2024-08-09 18:21:02,114 [3ef2c69f-b325-49e4-8b40-b7dfff9ecdd0-groupManagement] INFO  server.RaftServerConfigKeys (ConfUtils.java:logGet(46)) - raft.server.log.segment.cache.size.max = 200MB (=209715200) (default)
2024-08-09 18:21:02,114 [3ef2c69f-b325-49e4-8b40-b7dfff9ecdd0-groupManagement] INFO  server.RaftServerConfigKeys (ConfUtils.java:logGet(46)) - raft.server.log.appender.buffer.byte-limit = 8388608 (custom)
2024-08-09 18:21:02,115 [3ef2c69f-b325-49e4-8b40-b7dfff9ecdd0-groupManagement] INFO  util.AwaitToRun (AwaitToRun.java:start(81)) - Thread[3ef2c69f-b325-49e4-8b40-b7dfff9ecdd0@group-BB6FBB1E63C3-cacheEviction-AwaitToRun,5,main] started
2024-08-09 18:21:02,115 [3ef2c69f-b325-49e4-8b40-b7dfff9ecdd0-groupManagement] INFO  segmented.SegmentedRaftLogWorker (SegmentedRaftLogWorker.java:<init>(184)) - new 3ef2c69f-b325-49e4-8b40-b7dfff9ecdd0@group-BB6FBB1E63C3-SegmentedRaftLogWorker for RaftStorageImpl:Storage Directory /home/runner/work/ozone/ozone/hadoop-ozone/integration-test/target/test-dir/MiniOzoneClusterImpl-d43ea6a6-39cf-404b-af74-5e65bec6c33b/ozone-meta/datanode-2/ratis/74a31c5c-faeb-4bb3-8859-bb6fbb1e63c3
2024-08-09 18:21:02,115 [3ef2c69f-b325-49e4-8b40-b7dfff9ecdd0-groupManagement] INFO  server.RaftServerConfigKeys (ConfUtils.java:logGet(46)) - raft.server.log.queue.byte-limit = 4294967296 (custom)
2024-08-09 18:21:02,115 [3ef2c69f-b325-49e4-8b40-b7dfff9ecdd0-groupManagement] INFO  server.RaftServerConfigKeys (ConfUtils.java:logGet(46)) - raft.server.log.queue.element-limit = 1024 (custom)
2024-08-09 18:21:02,115 [3ef2c69f-b325-49e4-8b40-b7dfff9ecdd0-groupManagement] INFO  server.RaftServerConfigKeys (ConfUtils.java:logGet(46)) - raft.server.log.segment.size.max = 67108864 (custom)
2024-08-09 18:21:02,115 [3ef2c69f-b325-49e4-8b40-b7dfff9ecdd0-groupManagement] INFO  server.RaftServerConfigKeys (ConfUtils.java:logGet(46)) - raft.server.log.preallocated.size = 4194304 (custom)
2024-08-09 18:21:02,115 [3ef2c69f-b325-49e4-8b40-b7dfff9ecdd0-groupManagement] INFO  server.RaftServerConfigKeys (ConfUtils.java:logGet(46)) - raft.server.log.force.sync.num = 128 (default)
2024-08-09 18:21:02,115 [3ef2c69f-b325-49e4-8b40-b7dfff9ecdd0-groupManagement] INFO  server.RaftServerConfigKeys (ConfUtils.java:logGet(46)) - raft.server.log.statemachine.data.sync = true (default)
2024-08-09 18:21:02,115 [3ef2c69f-b325-49e4-8b40-b7dfff9ecdd0-groupManagement] INFO  server.RaftServerConfigKeys (ConfUtils.java:logGet(46)) - raft.server.log.statemachine.data.sync.timeout = 10s (default)
2024-08-09 18:21:02,115 [3ef2c69f-b325-49e4-8b40-b7dfff9ecdd0-groupManagement] INFO  server.RaftServerConfigKeys (ConfUtils.java:logGet(46)) - raft.server.log.statemachine.data.sync.timeout.retry = 30 (custom)
2024-08-09 18:21:02,115 [3ef2c69f-b325-49e4-8b40-b7dfff9ecdd0-groupManagement] INFO  server.RaftServerConfigKeys (ConfUtils.java:logGet(46)) - raft.server.log.write.buffer.size = 8388616 (custom)
2024-08-09 18:21:02,117 [3ef2c69f-b325-49e4-8b40-b7dfff9ecdd0-groupManagement] INFO  server.RaftServerConfigKeys (ConfUtils.java:logGet(46)) - raft.server.log.appender.buffer.byte-limit = 8388608 (custom)
2024-08-09 18:21:02,117 [3ef2c69f-b325-49e4-8b40-b7dfff9ecdd0-groupManagement] INFO  server.RaftServerConfigKeys (ConfUtils.java:logGet(46)) - raft.server.log.unsafe-flush.enabled = false (default)
2024-08-09 18:21:02,117 [3ef2c69f-b325-49e4-8b40-b7dfff9ecdd0-groupManagement] INFO  server.RaftServerConfigKeys (ConfUtils.java:logGet(46)) - raft.server.log.async-flush.enabled = false (default)
2024-08-09 18:21:02,117 [3ef2c69f-b325-49e4-8b40-b7dfff9ecdd0-groupManagement] INFO  server.RaftServerConfigKeys (ConfUtils.java:logGet(46)) - raft.server.log.statemachine.data.caching.enabled = true (custom)
2024-08-09 18:21:02,118 [3ef2c69f-b325-49e4-8b40-b7dfff9ecdd0-groupManagement] INFO  segmented.SegmentedRaftLogWorker (SegmentedRaftLogWorker.java:lambda$new$0(135)) - 3ef2c69f-b325-49e4-8b40-b7dfff9ecdd0@group-BB6FBB1E63C3-SegmentedRaftLogWorker: flushIndex: setUnconditionally 0 -> -1
2024-08-09 18:21:02,118 [3ef2c69f-b325-49e4-8b40-b7dfff9ecdd0-groupManagement] INFO  segmented.SegmentedRaftLogWorker (SegmentedRaftLogWorker.java:lambda$new$0(135)) - 3ef2c69f-b325-49e4-8b40-b7dfff9ecdd0@group-BB6FBB1E63C3-SegmentedRaftLogWorker: safeCacheEvictIndex: setUnconditionally 0 -> -1
2024-08-09 18:21:02,118 [3ef2c69f-b325-49e4-8b40-b7dfff9ecdd0-groupManagement] INFO  server.RaftServer$Division (RaftServerImpl.java:start(389)) - 3ef2c69f-b325-49e4-8b40-b7dfff9ecdd0@group-BB6FBB1E63C3: start as a follower, conf=conf: {index: -1, cur=peers:[98b1311b-33ed-441a-9d1f-284a1b8d0a39|127.0.0.1:15595, 3ef2c69f-b325-49e4-8b40-b7dfff9ecdd0|127.0.0.1:15604, 9be8d1c2-cf5e-49e7-8b06-3e73843a30ba|127.0.0.1:15613]|listeners:[], old=null}
2024-08-09 18:21:02,118 [3ef2c69f-b325-49e4-8b40-b7dfff9ecdd0-groupManagement] INFO  server.RaftServer$Division (RaftServerImpl.java:setRole(376)) - 3ef2c69f-b325-49e4-8b40-b7dfff9ecdd0@group-BB6FBB1E63C3: changes role from      null to FOLLOWER at term 0 for startAsFollower
2024-08-09 18:21:02,118 [3ef2c69f-b325-49e4-8b40-b7dfff9ecdd0-groupManagement] INFO  impl.RoleInfo (RoleInfo.java:updateAndGet(148)) - 3ef2c69f-b325-49e4-8b40-b7dfff9ecdd0: start 3ef2c69f-b325-49e4-8b40-b7dfff9ecdd0@group-BB6FBB1E63C3-FollowerState
2024-08-09 18:21:02,118 [3ef2c69f-b325-49e4-8b40-b7dfff9ecdd0@group-BB6FBB1E63C3-FollowerState] INFO  server.RaftServerConfigKeys (ConfUtils.java:logFallback(53)) - raft.server.rpc.first-election.timeout.min = 5s (fallback to raft.server.rpc.timeout.min)
2024-08-09 18:21:02,118 [3ef2c69f-b325-49e4-8b40-b7dfff9ecdd0@group-BB6FBB1E63C3-FollowerState] INFO  server.RaftServerConfigKeys (ConfUtils.java:logFallback(53)) - raft.server.rpc.first-election.timeout.max = 5200ms (fallback to raft.server.rpc.timeout.max)
2024-08-09 18:21:02,118 [3ef2c69f-b325-49e4-8b40-b7dfff9ecdd0-groupManagement] INFO  util.JmxRegister (JmxRegister.java:tryRegister(44)) - Successfully registered JMX Bean with object name Ratis:service=RaftServer,group=group-BB6FBB1E63C3,id=3ef2c69f-b325-49e4-8b40-b7dfff9ecdd0
2024-08-09 18:21:02,118 [3ef2c69f-b325-49e4-8b40-b7dfff9ecdd0-groupManagement] INFO  util.JmxRegister (JmxRegister.java:register(58)) - register mxBean class org.apache.ratis.server.impl.RaftServerJmxAdapter as Ratis:service=RaftServer,group=group-BB6FBB1E63C3,id=3ef2c69f-b325-49e4-8b40-b7dfff9ecdd0
2024-08-09 18:21:02,118 [3ef2c69f-b325-49e4-8b40-b7dfff9ecdd0-groupManagement] INFO  server.RaftServerConfigKeys (ConfUtils.java:logGet(46)) - raft.server.snapshot.trigger-when-stop.enabled = true (default)
2024-08-09 18:21:02,118 [3ef2c69f-b325-49e4-8b40-b7dfff9ecdd0-groupManagement] INFO  server.RaftServerConfigKeys (ConfUtils.java:logGet(46)) - raft.server.snapshot.trigger-when-remove.enabled = true (default)
2024-08-09 18:21:02,118 [3ef2c69f-b325-49e4-8b40-b7dfff9ecdd0-groupManagement] INFO  server.RaftServerConfigKeys (ConfUtils.java:logGet(46)) - raft.server.snapshot.auto.trigger.enabled = true (custom)
2024-08-09 18:21:02,118 [3ef2c69f-b325-49e4-8b40-b7dfff9ecdd0-groupManagement] INFO  server.RaftServerConfigKeys (ConfUtils.java:logGet(46)) - raft.server.snapshot.auto.trigger.threshold = 10000 (custom)
2024-08-09 18:21:02,118 [3ef2c69f-b325-49e4-8b40-b7dfff9ecdd0-groupManagement] INFO  server.RaftServerConfigKeys (ConfUtils.java:logGet(46)) - raft.server.snapshot.retention.file.num = 5 (custom)
2024-08-09 18:21:02,119 [3ef2c69f-b325-49e4-8b40-b7dfff9ecdd0-groupManagement] INFO  server.RaftServerConfigKeys (ConfUtils.java:logGet(46)) - raft.server.log.purge.upto.snapshot.index = false (default)
2024-08-09 18:21:02,121 [98b1311b-33ed-441a-9d1f-284a1b8d0a39-PipelineCommandHandlerThread-0] INFO  commandhandler.CreatePipelineCommandHandler (CreatePipelineCommandHandler.java:lambda$handle$2(124)) - Created Pipeline RATIS THREE PipelineID=74a31c5c-faeb-4bb3-8859-bb6fbb1e63c3.
2024-08-09 18:21:02,121 [98b1311b-33ed-441a-9d1f-284a1b8d0a39-PipelineCommandHandlerThread-0] INFO  server.RaftServer (RaftServerProxy.java:addNew(101)) - 98b1311b-33ed-441a-9d1f-284a1b8d0a39: addNew group-8C4206E090CE:[98b1311b-33ed-441a-9d1f-284a1b8d0a39|127.0.0.1:15595, 3ef2c69f-b325-49e4-8b40-b7dfff9ecdd0|127.0.0.1:15604, 9be8d1c2-cf5e-49e7-8b06-3e73843a30ba|127.0.0.1:15613] returns group-8C4206E090CE:java.util.concurrent.CompletableFuture@55d5bbf6[Not completed]
2024-08-09 18:21:02,122 [98b1311b-33ed-441a-9d1f-284a1b8d0a39-groupManagement] INFO  server.RaftServer$Division (RaftServerImpl.java:<init>(253)) - 98b1311b-33ed-441a-9d1f-284a1b8d0a39: new RaftServerImpl for group-8C4206E090CE:[98b1311b-33ed-441a-9d1f-284a1b8d0a39|127.0.0.1:15595, 3ef2c69f-b325-49e4-8b40-b7dfff9ecdd0|127.0.0.1:15604, 9be8d1c2-cf5e-49e7-8b06-3e73843a30ba|127.0.0.1:15613] with ContainerStateMachine:uninitialized
2024-08-09 18:21:02,122 [98b1311b-33ed-441a-9d1f-284a1b8d0a39-groupManagement] INFO  server.RaftServerConfigKeys (ConfUtils.java:logGet(46)) - raft.server.rpc.timeout.min = 5s (custom)
2024-08-09 18:21:02,122 [98b1311b-33ed-441a-9d1f-284a1b8d0a39-groupManagement] INFO  server.RaftServerConfigKeys (ConfUtils.java:logGet(46)) - raft.server.rpc.timeout.max = 5200ms (custom)
2024-08-09 18:21:02,122 [98b1311b-33ed-441a-9d1f-284a1b8d0a39-groupManagement] INFO  server.RaftServerConfigKeys (ConfUtils.java:logGet(46)) - raft.server.rpc.sleep.time = 25ms (default)
2024-08-09 18:21:02,122 [98b1311b-33ed-441a-9d1f-284a1b8d0a39-groupManagement] INFO  server.RaftServerConfigKeys (ConfUtils.java:logGet(46)) - raft.server.rpc.slowness.timeout = 300000ms (custom)
2024-08-09 18:21:02,122 [98b1311b-33ed-441a-9d1f-284a1b8d0a39-groupManagement] INFO  server.RaftServerConfigKeys (ConfUtils.java:logGet(46)) - raft.server.leaderelection.leader.step-down.wait-time = 10s (default)
2024-08-09 18:21:02,122 [98b1311b-33ed-441a-9d1f-284a1b8d0a39-groupManagement] INFO  server.RaftServerConfigKeys (ConfUtils.java:logGet(46)) - raft.server.leaderelection.member.majority-add = false (default)
2024-08-09 18:21:02,122 [98b1311b-33ed-441a-9d1f-284a1b8d0a39-groupManagement] INFO  server.RaftServerConfigKeys (ConfUtils.java:logGet(46)) - raft.server.sleep.deviation.threshold = 300ms (default)
2024-08-09 18:21:02,122 [98b1311b-33ed-441a-9d1f-284a1b8d0a39-groupManagement] INFO  server.RaftServer$Division (ServerState.java:<init>(114)) - 98b1311b-33ed-441a-9d1f-284a1b8d0a39@group-8C4206E090CE: ConfigurationManager, init=conf: {index: -1, cur=peers:[98b1311b-33ed-441a-9d1f-284a1b8d0a39|127.0.0.1:15595, 3ef2c69f-b325-49e4-8b40-b7dfff9ecdd0|127.0.0.1:15604, 9be8d1c2-cf5e-49e7-8b06-3e73843a30ba|127.0.0.1:15613]|listeners:[], old=null}, confs=<EMPTY_MAP>
2024-08-09 18:21:02,122 [98b1311b-33ed-441a-9d1f-284a1b8d0a39-groupManagement] INFO  server.RaftServerConfigKeys (ConfUtils.java:logGet(46)) - raft.server.notification.no-leader.timeout = 300000ms (custom)
2024-08-09 18:21:02,122 [98b1311b-33ed-441a-9d1f-284a1b8d0a39-groupManagement] INFO  server.RaftServerConfigKeys (ConfUtils.java:logGet(46)) - raft.server.read.timeout = 10s (default)
2024-08-09 18:21:02,122 [98b1311b-33ed-441a-9d1f-284a1b8d0a39-groupManagement] INFO  server.RaftServerConfigKeys (ConfUtils.java:logGet(46)) - raft.server.retrycache.expirytime = 600000ms (custom)
2024-08-09 18:21:02,122 [98b1311b-33ed-441a-9d1f-284a1b8d0a39-groupManagement] INFO  server.RaftServerConfigKeys (ConfUtils.java:logGet(46)) - raft.server.retrycache.statistics.expirytime = 100ms (default)
2024-08-09 18:21:02,122 [98b1311b-33ed-441a-9d1f-284a1b8d0a39-groupManagement] INFO  server.RaftServerConfigKeys (ConfUtils.java:logGet(46)) - raft.server.read.option = DEFAULT (default)
2024-08-09 18:21:02,122 [98b1311b-33ed-441a-9d1f-284a1b8d0a39-groupManagement] INFO  server.RaftServerConfigKeys (ConfUtils.java:logGet(46)) - raft.server.read.read-after-write-consistent.write-index-cache.expiry-time = 60s (default)
2024-08-09 18:21:02,124 [98b1311b-33ed-441a-9d1f-284a1b8d0a39-groupManagement] INFO  server.RaftServerConfigKeys (ConfUtils.java:logGet(46)) - raft.server.rpc.request.timeout = 3000ms (default)
2024-08-09 18:21:02,124 [98b1311b-33ed-441a-9d1f-284a1b8d0a39-groupManagement] INFO  server.RaftServerConfigKeys (ConfUtils.java:logGet(46)) - raft.server.log.appender.install.snapshot.enabled = false (custom)
2024-08-09 18:21:02,124 [98b1311b-33ed-441a-9d1f-284a1b8d0a39-groupManagement] INFO  server.RaftServerConfigKeys (ConfUtils.java:logGet(46)) - raft.server.threadpool.server.cached = true (default)
2024-08-09 18:21:02,124 [98b1311b-33ed-441a-9d1f-284a1b8d0a39-groupManagement] INFO  server.RaftServerConfigKeys (ConfUtils.java:logGet(46)) - raft.server.threadpool.server.size = 0 (default)
2024-08-09 18:21:02,124 [98b1311b-33ed-441a-9d1f-284a1b8d0a39-groupManagement] INFO  server.RaftServerConfigKeys (ConfUtils.java:logGet(46)) - raft.server.threadpool.client.cached = true (default)
2024-08-09 18:21:02,124 [98b1311b-33ed-441a-9d1f-284a1b8d0a39-groupManagement] INFO  server.RaftServerConfigKeys (ConfUtils.java:logGet(46)) - raft.server.threadpool.client.size = 0 (default)
2024-08-09 18:21:02,124 [98b1311b-33ed-441a-9d1f-284a1b8d0a39-groupManagement] INFO  server.RaftServerConfigKeys (ConfUtils.java:logGet(46)) - raft.server.storage.free-space.min = 0MB (=0) (default)
2024-08-09 18:21:02,125 [98b1311b-33ed-441a-9d1f-284a1b8d0a39-groupManagement] INFO  server.RaftServerConfigKeys (ConfUtils.java:logGet(46)) - raft.server.log.corruption.policy = EXCEPTION (default)
2024-08-09 18:21:02,125 [98b1311b-33ed-441a-9d1f-284a1b8d0a39-groupManagement] INFO  server.RaftServerConfigKeys (ConfUtils.java:logGet(46)) - raft.server.storage.dir = [/home/runner/work/ozone/ozone/hadoop-ozone/integration-test/target/test-dir/MiniOzoneClusterImpl-d43ea6a6-39cf-404b-af74-5e65bec6c33b/ozone-meta/datanode-1/ratis] (custom)
2024-08-09 18:21:02,125 [98b1311b-33ed-441a-9d1f-284a1b8d0a39-groupManagement] INFO  storage.RaftStorageDirectory (RaftStorageDirectoryImpl.java:analyzeStorage(138)) - The storage directory /home/runner/work/ozone/ozone/hadoop-ozone/integration-test/target/test-dir/MiniOzoneClusterImpl-d43ea6a6-39cf-404b-af74-5e65bec6c33b/ozone-meta/datanode-1/ratis/021e6b1c-1e31-4f3c-b0e6-8c4206e090ce does not exist. Creating ...
2024-08-09 18:21:02,126 [98b1311b-33ed-441a-9d1f-284a1b8d0a39-groupManagement] INFO  storage.RaftStorageDirectory (RaftStorageDirectoryImpl.java:tryLock(229)) - Lock on /home/runner/work/ozone/ozone/hadoop-ozone/integration-test/target/test-dir/MiniOzoneClusterImpl-d43ea6a6-39cf-404b-af74-5e65bec6c33b/ozone-meta/datanode-1/ratis/021e6b1c-1e31-4f3c-b0e6-8c4206e090ce/in_use.lock acquired by nodename 49851@fv-az1244-646
2024-08-09 18:21:02,127 [98b1311b-33ed-441a-9d1f-284a1b8d0a39-groupManagement] INFO  storage.RaftStorage (RaftStorageImpl.java:format(98)) - Storage directory /home/runner/work/ozone/ozone/hadoop-ozone/integration-test/target/test-dir/MiniOzoneClusterImpl-d43ea6a6-39cf-404b-af74-5e65bec6c33b/ozone-meta/datanode-1/ratis/021e6b1c-1e31-4f3c-b0e6-8c4206e090ce has been successfully formatted.
2024-08-09 18:21:02,127 [98b1311b-33ed-441a-9d1f-284a1b8d0a39-groupManagement] INFO  ratis.ContainerStateMachine (ContainerStateMachine.java:loadSnapshot(287)) - group-8C4206E090CE: The snapshot info is null. Setting the last applied index to:(t:0, i:~)
2024-08-09 18:21:02,127 [98b1311b-33ed-441a-9d1f-284a1b8d0a39-groupManagement] INFO  server.RaftServerConfigKeys (ConfUtils.java:logGet(46)) - raft.server.log.use.memory = false (default)
2024-08-09 18:21:02,128 [98b1311b-33ed-441a-9d1f-284a1b8d0a39-groupManagement] INFO  server.RaftServerConfigKeys (ConfUtils.java:logGet(46)) - raft.server.log.purge.gap = 1000000 (custom)
2024-08-09 18:21:02,128 [98b1311b-33ed-441a-9d1f-284a1b8d0a39-groupManagement] INFO  server.RaftServerConfigKeys (ConfUtils.java:logGet(46)) - raft.server.log.appender.buffer.byte-limit = 8388608 (custom)
2024-08-09 18:21:02,128 [98b1311b-33ed-441a-9d1f-284a1b8d0a39-groupManagement] INFO  server.RaftServerConfigKeys (ConfUtils.java:logGet(46)) - raft.server.log.statemachine.data.read.timeout = 1000ms (default)
2024-08-09 18:21:02,128 [98b1311b-33ed-441a-9d1f-284a1b8d0a39-groupManagement] INFO  server.RaftServerConfigKeys (ConfUtils.java:logGet(46)) - raft.server.log.purge.preservation.log.num = 0 (default)
2024-08-09 18:21:02,128 [EventQueue-OpenPipelineForHealthyPipelineSafeModeRule] INFO  safemode.SCMSafeModeManager (HealthyPipelineSafeModeRule.java:process(140)) - SCM in safe mode. Healthy pipelines reported count is 0, required healthy pipeline reported count is 1
2024-08-09 18:21:02,129 [98b1311b-33ed-441a-9d1f-284a1b8d0a39-groupManagement] INFO  server.RaftServerConfigKeys (ConfUtils.java:logGet(46)) - raft.server.log.segment.size.max = 67108864 (custom)
2024-08-09 18:21:02,129 [98b1311b-33ed-441a-9d1f-284a1b8d0a39-groupManagement] INFO  server.RaftServerConfigKeys (ConfUtils.java:logGet(46)) - raft.server.log.segment.cache.num.max = 2 (custom)
2024-08-09 18:21:02,129 [98b1311b-33ed-441a-9d1f-284a1b8d0a39-groupManagement] INFO  server.RaftServerConfigKeys (ConfUtils.java:logGet(46)) - raft.server.log.segment.cache.size.max = 200MB (=209715200) (default)
2024-08-09 18:21:02,129 [98b1311b-33ed-441a-9d1f-284a1b8d0a39-groupManagement] INFO  server.RaftServerConfigKeys (ConfUtils.java:logGet(46)) - raft.server.log.appender.buffer.byte-limit = 8388608 (custom)
2024-08-09 18:21:02,129 [98b1311b-33ed-441a-9d1f-284a1b8d0a39-groupManagement] INFO  util.AwaitToRun (AwaitToRun.java:start(81)) - Thread[98b1311b-33ed-441a-9d1f-284a1b8d0a39@group-8C4206E090CE-cacheEviction-AwaitToRun,5,main] started
2024-08-09 18:21:02,129 [98b1311b-33ed-441a-9d1f-284a1b8d0a39-groupManagement] INFO  segmented.SegmentedRaftLogWorker (SegmentedRaftLogWorker.java:<init>(184)) - new 98b1311b-33ed-441a-9d1f-284a1b8d0a39@group-8C4206E090CE-SegmentedRaftLogWorker for RaftStorageImpl:Storage Directory /home/runner/work/ozone/ozone/hadoop-ozone/integration-test/target/test-dir/MiniOzoneClusterImpl-d43ea6a6-39cf-404b-af74-5e65bec6c33b/ozone-meta/datanode-1/ratis/021e6b1c-1e31-4f3c-b0e6-8c4206e090ce
2024-08-09 18:21:02,129 [98b1311b-33ed-441a-9d1f-284a1b8d0a39-groupManagement] INFO  server.RaftServerConfigKeys (ConfUtils.java:logGet(46)) - raft.server.log.queue.byte-limit = 4294967296 (custom)
2024-08-09 18:21:02,129 [98b1311b-33ed-441a-9d1f-284a1b8d0a39-groupManagement] INFO  server.RaftServerConfigKeys (ConfUtils.java:logGet(46)) - raft.server.log.queue.element-limit = 1024 (custom)
2024-08-09 18:21:02,129 [98b1311b-33ed-441a-9d1f-284a1b8d0a39-groupManagement] INFO  server.RaftServerConfigKeys (ConfUtils.java:logGet(46)) - raft.server.log.segment.size.max = 67108864 (custom)
2024-08-09 18:21:02,129 [98b1311b-33ed-441a-9d1f-284a1b8d0a39-groupManagement] INFO  server.RaftServerConfigKeys (ConfUtils.java:logGet(46)) - raft.server.log.preallocated.size = 4194304 (custom)
2024-08-09 18:21:02,129 [98b1311b-33ed-441a-9d1f-284a1b8d0a39-groupManagement] INFO  server.RaftServerConfigKeys (ConfUtils.java:logGet(46)) - raft.server.log.force.sync.num = 128 (default)
2024-08-09 18:21:02,130 [98b1311b-33ed-441a-9d1f-284a1b8d0a39-groupManagement] INFO  server.RaftServerConfigKeys (ConfUtils.java:logGet(46)) - raft.server.log.statemachine.data.sync = true (default)
2024-08-09 18:21:02,130 [98b1311b-33ed-441a-9d1f-284a1b8d0a39-groupManagement] INFO  server.RaftServerConfigKeys (ConfUtils.java:logGet(46)) - raft.server.log.statemachine.data.sync.timeout = 10s (default)
2024-08-09 18:21:02,130 [98b1311b-33ed-441a-9d1f-284a1b8d0a39-groupManagement] INFO  server.RaftServerConfigKeys (ConfUtils.java:logGet(46)) - raft.server.log.statemachine.data.sync.timeout.retry = 30 (custom)
2024-08-09 18:21:02,130 [98b1311b-33ed-441a-9d1f-284a1b8d0a39-groupManagement] INFO  server.RaftServerConfigKeys (ConfUtils.java:logGet(46)) - raft.server.log.write.buffer.size = 8388616 (custom)
2024-08-09 18:21:02,132 [98b1311b-33ed-441a-9d1f-284a1b8d0a39-groupManagement] INFO  server.RaftServerConfigKeys (ConfUtils.java:logGet(46)) - raft.server.log.appender.buffer.byte-limit = 8388608 (custom)
2024-08-09 18:21:02,132 [98b1311b-33ed-441a-9d1f-284a1b8d0a39-groupManagement] INFO  server.RaftServerConfigKeys (ConfUtils.java:logGet(46)) - raft.server.log.unsafe-flush.enabled = false (default)
2024-08-09 18:21:02,132 [98b1311b-33ed-441a-9d1f-284a1b8d0a39-groupManagement] INFO  server.RaftServerConfigKeys (ConfUtils.java:logGet(46)) - raft.server.log.async-flush.enabled = false (default)
2024-08-09 18:21:02,132 [98b1311b-33ed-441a-9d1f-284a1b8d0a39-groupManagement] INFO  server.RaftServerConfigKeys (ConfUtils.java:logGet(46)) - raft.server.log.statemachine.data.caching.enabled = true (custom)
2024-08-09 18:21:02,132 [98b1311b-33ed-441a-9d1f-284a1b8d0a39-groupManagement] INFO  segmented.SegmentedRaftLogWorker (SegmentedRaftLogWorker.java:lambda$new$0(135)) - 98b1311b-33ed-441a-9d1f-284a1b8d0a39@group-8C4206E090CE-SegmentedRaftLogWorker: flushIndex: setUnconditionally 0 -> -1
2024-08-09 18:21:02,132 [98b1311b-33ed-441a-9d1f-284a1b8d0a39-groupManagement] INFO  segmented.SegmentedRaftLogWorker (SegmentedRaftLogWorker.java:lambda$new$0(135)) - 98b1311b-33ed-441a-9d1f-284a1b8d0a39@group-8C4206E090CE-SegmentedRaftLogWorker: safeCacheEvictIndex: setUnconditionally 0 -> -1
2024-08-09 18:21:02,132 [98b1311b-33ed-441a-9d1f-284a1b8d0a39-groupManagement] INFO  server.RaftServer$Division (RaftServerImpl.java:start(389)) - 98b1311b-33ed-441a-9d1f-284a1b8d0a39@group-8C4206E090CE: start as a follower, conf=conf: {index: -1, cur=peers:[98b1311b-33ed-441a-9d1f-284a1b8d0a39|127.0.0.1:15595, 3ef2c69f-b325-49e4-8b40-b7dfff9ecdd0|127.0.0.1:15604, 9be8d1c2-cf5e-49e7-8b06-3e73843a30ba|127.0.0.1:15613]|listeners:[], old=null}
2024-08-09 18:21:02,132 [98b1311b-33ed-441a-9d1f-284a1b8d0a39-groupManagement] INFO  server.RaftServer$Division (RaftServerImpl.java:setRole(376)) - 98b1311b-33ed-441a-9d1f-284a1b8d0a39@group-8C4206E090CE: changes role from      null to FOLLOWER at term 0 for startAsFollower
2024-08-09 18:21:02,132 [98b1311b-33ed-441a-9d1f-284a1b8d0a39-groupManagement] INFO  impl.RoleInfo (RoleInfo.java:updateAndGet(148)) - 98b1311b-33ed-441a-9d1f-284a1b8d0a39: start 98b1311b-33ed-441a-9d1f-284a1b8d0a39@group-8C4206E090CE-FollowerState
2024-08-09 18:21:02,133 [98b1311b-33ed-441a-9d1f-284a1b8d0a39@group-8C4206E090CE-FollowerState] INFO  server.RaftServerConfigKeys (ConfUtils.java:logFallback(53)) - raft.server.rpc.first-election.timeout.min = 5s (fallback to raft.server.rpc.timeout.min)
2024-08-09 18:21:02,133 [98b1311b-33ed-441a-9d1f-284a1b8d0a39@group-8C4206E090CE-FollowerState] INFO  server.RaftServerConfigKeys (ConfUtils.java:logFallback(53)) - raft.server.rpc.first-election.timeout.max = 5200ms (fallback to raft.server.rpc.timeout.max)
2024-08-09 18:21:02,133 [98b1311b-33ed-441a-9d1f-284a1b8d0a39-groupManagement] INFO  util.JmxRegister (JmxRegister.java:tryRegister(44)) - Successfully registered JMX Bean with object name Ratis:service=RaftServer,group=group-8C4206E090CE,id=98b1311b-33ed-441a-9d1f-284a1b8d0a39
2024-08-09 18:21:02,133 [98b1311b-33ed-441a-9d1f-284a1b8d0a39-groupManagement] INFO  util.JmxRegister (JmxRegister.java:register(58)) - register mxBean class org.apache.ratis.server.impl.RaftServerJmxAdapter as Ratis:service=RaftServer,group=group-8C4206E090CE,id=98b1311b-33ed-441a-9d1f-284a1b8d0a39
2024-08-09 18:21:02,133 [98b1311b-33ed-441a-9d1f-284a1b8d0a39-groupManagement] INFO  server.RaftServerConfigKeys (ConfUtils.java:logGet(46)) - raft.server.snapshot.trigger-when-stop.enabled = true (default)
2024-08-09 18:21:02,133 [98b1311b-33ed-441a-9d1f-284a1b8d0a39-groupManagement] INFO  server.RaftServerConfigKeys (ConfUtils.java:logGet(46)) - raft.server.snapshot.trigger-when-remove.enabled = true (default)
2024-08-09 18:21:02,133 [98b1311b-33ed-441a-9d1f-284a1b8d0a39-groupManagement] INFO  server.RaftServerConfigKeys (ConfUtils.java:logGet(46)) - raft.server.snapshot.auto.trigger.enabled = true (custom)
2024-08-09 18:21:02,133 [98b1311b-33ed-441a-9d1f-284a1b8d0a39-groupManagement] INFO  server.RaftServerConfigKeys (ConfUtils.java:logGet(46)) - raft.server.snapshot.auto.trigger.threshold = 10000 (custom)
2024-08-09 18:21:02,133 [98b1311b-33ed-441a-9d1f-284a1b8d0a39-groupManagement] INFO  server.RaftServerConfigKeys (ConfUtils.java:logGet(46)) - raft.server.snapshot.retention.file.num = 5 (custom)
2024-08-09 18:21:02,133 [98b1311b-33ed-441a-9d1f-284a1b8d0a39-groupManagement] INFO  server.RaftServerConfigKeys (ConfUtils.java:logGet(46)) - raft.server.log.purge.upto.snapshot.index = false (default)
2024-08-09 18:21:02,134 [98b1311b-33ed-441a-9d1f-284a1b8d0a39-PipelineCommandHandlerThread-0] INFO  ratis.XceiverServerRatis (XceiverServerRatis.java:addGroup(846)) - Created group PipelineID=021e6b1c-1e31-4f3c-b0e6-8c4206e090ce
2024-08-09 18:21:02,137 [grpc-default-executor-1] INFO  server.RaftServer (RaftServerProxy.java:addNew(101)) - 3ef2c69f-b325-49e4-8b40-b7dfff9ecdd0: addNew group-8C4206E090CE:[98b1311b-33ed-441a-9d1f-284a1b8d0a39|127.0.0.1:15595, 3ef2c69f-b325-49e4-8b40-b7dfff9ecdd0|127.0.0.1:15604, 9be8d1c2-cf5e-49e7-8b06-3e73843a30ba|127.0.0.1:15613] returns group-8C4206E090CE:java.util.concurrent.CompletableFuture@73dec04f[Not completed]
2024-08-09 18:21:02,138 [3ef2c69f-b325-49e4-8b40-b7dfff9ecdd0-groupManagement] INFO  server.RaftServer$Division (RaftServerImpl.java:<init>(253)) - 3ef2c69f-b325-49e4-8b40-b7dfff9ecdd0: new RaftServerImpl for group-8C4206E090CE:[98b1311b-33ed-441a-9d1f-284a1b8d0a39|127.0.0.1:15595, 3ef2c69f-b325-49e4-8b40-b7dfff9ecdd0|127.0.0.1:15604, 9be8d1c2-cf5e-49e7-8b06-3e73843a30ba|127.0.0.1:15613] with ContainerStateMachine:uninitialized
2024-08-09 18:21:02,138 [3ef2c69f-b325-49e4-8b40-b7dfff9ecdd0-groupManagement] INFO  server.RaftServerConfigKeys (ConfUtils.java:logGet(46)) - raft.server.rpc.timeout.min = 5s (custom)
2024-08-09 18:21:02,138 [3ef2c69f-b325-49e4-8b40-b7dfff9ecdd0-groupManagement] INFO  server.RaftServerConfigKeys (ConfUtils.java:logGet(46)) - raft.server.rpc.timeout.max = 5200ms (custom)
2024-08-09 18:21:02,138 [3ef2c69f-b325-49e4-8b40-b7dfff9ecdd0-groupManagement] INFO  server.RaftServerConfigKeys (ConfUtils.java:logGet(46)) - raft.server.rpc.sleep.time = 25ms (default)
2024-08-09 18:21:02,138 [3ef2c69f-b325-49e4-8b40-b7dfff9ecdd0-groupManagement] INFO  server.RaftServerConfigKeys (ConfUtils.java:logGet(46)) - raft.server.rpc.slowness.timeout = 300000ms (custom)
2024-08-09 18:21:02,138 [3ef2c69f-b325-49e4-8b40-b7dfff9ecdd0-groupManagement] INFO  server.RaftServerConfigKeys (ConfUtils.java:logGet(46)) - raft.server.leaderelection.leader.step-down.wait-time = 10s (default)
2024-08-09 18:21:02,138 [3ef2c69f-b325-49e4-8b40-b7dfff9ecdd0-groupManagement] INFO  server.RaftServerConfigKeys (ConfUtils.java:logGet(46)) - raft.server.leaderelection.member.majority-add = false (default)
2024-08-09 18:21:02,138 [3ef2c69f-b325-49e4-8b40-b7dfff9ecdd0-groupManagement] INFO  server.RaftServerConfigKeys (ConfUtils.java:logGet(46)) - raft.server.sleep.deviation.threshold = 300ms (default)
2024-08-09 18:21:02,138 [3ef2c69f-b325-49e4-8b40-b7dfff9ecdd0-groupManagement] INFO  server.RaftServer$Division (ServerState.java:<init>(114)) - 3ef2c69f-b325-49e4-8b40-b7dfff9ecdd0@group-8C4206E090CE: ConfigurationManager, init=conf: {index: -1, cur=peers:[98b1311b-33ed-441a-9d1f-284a1b8d0a39|127.0.0.1:15595, 3ef2c69f-b325-49e4-8b40-b7dfff9ecdd0|127.0.0.1:15604, 9be8d1c2-cf5e-49e7-8b06-3e73843a30ba|127.0.0.1:15613]|listeners:[], old=null}, confs=<EMPTY_MAP>
2024-08-09 18:21:02,138 [3ef2c69f-b325-49e4-8b40-b7dfff9ecdd0-groupManagement] INFO  server.RaftServerConfigKeys (ConfUtils.java:logGet(46)) - raft.server.notification.no-leader.timeout = 300000ms (custom)
2024-08-09 18:21:02,138 [3ef2c69f-b325-49e4-8b40-b7dfff9ecdd0-groupManagement] INFO  server.RaftServerConfigKeys (ConfUtils.java:logGet(46)) - raft.server.read.timeout = 10s (default)
2024-08-09 18:21:02,138 [3ef2c69f-b325-49e4-8b40-b7dfff9ecdd0-groupManagement] INFO  server.RaftServerConfigKeys (ConfUtils.java:logGet(46)) - raft.server.retrycache.expirytime = 600000ms (custom)
2024-08-09 18:21:02,138 [3ef2c69f-b325-49e4-8b40-b7dfff9ecdd0-groupManagement] INFO  server.RaftServerConfigKeys (ConfUtils.java:logGet(46)) - raft.server.retrycache.statistics.expirytime = 100ms (default)
2024-08-09 18:21:02,138 [3ef2c69f-b325-49e4-8b40-b7dfff9ecdd0-groupManagement] INFO  server.RaftServerConfigKeys (ConfUtils.java:logGet(46)) - raft.server.read.option = DEFAULT (default)
2024-08-09 18:21:02,138 [3ef2c69f-b325-49e4-8b40-b7dfff9ecdd0-groupManagement] INFO  server.RaftServerConfigKeys (ConfUtils.java:logGet(46)) - raft.server.read.read-after-write-consistent.write-index-cache.expiry-time = 60s (default)
2024-08-09 18:21:02,140 [3ef2c69f-b325-49e4-8b40-b7dfff9ecdd0-groupManagement] INFO  server.RaftServerConfigKeys (ConfUtils.java:logGet(46)) - raft.server.rpc.request.timeout = 3000ms (default)
2024-08-09 18:21:02,140 [3ef2c69f-b325-49e4-8b40-b7dfff9ecdd0-groupManagement] INFO  server.RaftServerConfigKeys (ConfUtils.java:logGet(46)) - raft.server.log.appender.install.snapshot.enabled = false (custom)
2024-08-09 18:21:02,140 [3ef2c69f-b325-49e4-8b40-b7dfff9ecdd0-groupManagement] INFO  server.RaftServerConfigKeys (ConfUtils.java:logGet(46)) - raft.server.threadpool.server.cached = true (default)
2024-08-09 18:21:02,140 [3ef2c69f-b325-49e4-8b40-b7dfff9ecdd0-groupManagement] INFO  server.RaftServerConfigKeys (ConfUtils.java:logGet(46)) - raft.server.threadpool.server.size = 0 (default)
2024-08-09 18:21:02,140 [3ef2c69f-b325-49e4-8b40-b7dfff9ecdd0-groupManagement] INFO  server.RaftServerConfigKeys (ConfUtils.java:logGet(46)) - raft.server.threadpool.client.cached = true (default)
2024-08-09 18:21:02,141 [3ef2c69f-b325-49e4-8b40-b7dfff9ecdd0-groupManagement] INFO  server.RaftServerConfigKeys (ConfUtils.java:logGet(46)) - raft.server.threadpool.client.size = 0 (default)
2024-08-09 18:21:02,141 [3ef2c69f-b325-49e4-8b40-b7dfff9ecdd0-groupManagement] INFO  server.RaftServerConfigKeys (ConfUtils.java:logGet(46)) - raft.server.storage.free-space.min = 0MB (=0) (default)
2024-08-09 18:21:02,141 [3ef2c69f-b325-49e4-8b40-b7dfff9ecdd0-groupManagement] INFO  server.RaftServerConfigKeys (ConfUtils.java:logGet(46)) - raft.server.log.corruption.policy = EXCEPTION (default)
2024-08-09 18:21:02,141 [3ef2c69f-b325-49e4-8b40-b7dfff9ecdd0-groupManagement] INFO  server.RaftServerConfigKeys (ConfUtils.java:logGet(46)) - raft.server.storage.dir = [/home/runner/work/ozone/ozone/hadoop-ozone/integration-test/target/test-dir/MiniOzoneClusterImpl-d43ea6a6-39cf-404b-af74-5e65bec6c33b/ozone-meta/datanode-2/ratis] (custom)
2024-08-09 18:21:02,141 [3ef2c69f-b325-49e4-8b40-b7dfff9ecdd0-groupManagement] INFO  storage.RaftStorageDirectory (RaftStorageDirectoryImpl.java:analyzeStorage(138)) - The storage directory /home/runner/work/ozone/ozone/hadoop-ozone/integration-test/target/test-dir/MiniOzoneClusterImpl-d43ea6a6-39cf-404b-af74-5e65bec6c33b/ozone-meta/datanode-2/ratis/021e6b1c-1e31-4f3c-b0e6-8c4206e090ce does not exist. Creating ...
2024-08-09 18:21:02,142 [3ef2c69f-b325-49e4-8b40-b7dfff9ecdd0-groupManagement] INFO  storage.RaftStorageDirectory (RaftStorageDirectoryImpl.java:tryLock(229)) - Lock on /home/runner/work/ozone/ozone/hadoop-ozone/integration-test/target/test-dir/MiniOzoneClusterImpl-d43ea6a6-39cf-404b-af74-5e65bec6c33b/ozone-meta/datanode-2/ratis/021e6b1c-1e31-4f3c-b0e6-8c4206e090ce/in_use.lock acquired by nodename 49851@fv-az1244-646
2024-08-09 18:21:02,143 [3ef2c69f-b325-49e4-8b40-b7dfff9ecdd0-groupManagement] INFO  storage.RaftStorage (RaftStorageImpl.java:format(98)) - Storage directory /home/runner/work/ozone/ozone/hadoop-ozone/integration-test/target/test-dir/MiniOzoneClusterImpl-d43ea6a6-39cf-404b-af74-5e65bec6c33b/ozone-meta/datanode-2/ratis/021e6b1c-1e31-4f3c-b0e6-8c4206e090ce has been successfully formatted.
2024-08-09 18:21:02,143 [3ef2c69f-b325-49e4-8b40-b7dfff9ecdd0-groupManagement] INFO  ratis.ContainerStateMachine (ContainerStateMachine.java:loadSnapshot(287)) - group-8C4206E090CE: The snapshot info is null. Setting the last applied index to:(t:0, i:~)
2024-08-09 18:21:02,144 [3ef2c69f-b325-49e4-8b40-b7dfff9ecdd0-groupManagement] INFO  server.RaftServerConfigKeys (ConfUtils.java:logGet(46)) - raft.server.log.use.memory = false (default)
2024-08-09 18:21:02,144 [3ef2c69f-b325-49e4-8b40-b7dfff9ecdd0-groupManagement] INFO  server.RaftServerConfigKeys (ConfUtils.java:logGet(46)) - raft.server.log.purge.gap = 1000000 (custom)
2024-08-09 18:21:02,144 [3ef2c69f-b325-49e4-8b40-b7dfff9ecdd0-groupManagement] INFO  server.RaftServerConfigKeys (ConfUtils.java:logGet(46)) - raft.server.log.appender.buffer.byte-limit = 8388608 (custom)
2024-08-09 18:21:02,144 [3ef2c69f-b325-49e4-8b40-b7dfff9ecdd0-groupManagement] INFO  server.RaftServerConfigKeys (ConfUtils.java:logGet(46)) - raft.server.log.statemachine.data.read.timeout = 1000ms (default)
2024-08-09 18:21:02,144 [3ef2c69f-b325-49e4-8b40-b7dfff9ecdd0-groupManagement] INFO  server.RaftServerConfigKeys (ConfUtils.java:logGet(46)) - raft.server.log.purge.preservation.log.num = 0 (default)
2024-08-09 18:21:02,145 [3ef2c69f-b325-49e4-8b40-b7dfff9ecdd0-groupManagement] INFO  server.RaftServerConfigKeys (ConfUtils.java:logGet(46)) - raft.server.log.segment.size.max = 67108864 (custom)
2024-08-09 18:21:02,145 [3ef2c69f-b325-49e4-8b40-b7dfff9ecdd0-groupManagement] INFO  server.RaftServerConfigKeys (ConfUtils.java:logGet(46)) - raft.server.log.segment.cache.num.max = 2 (custom)
2024-08-09 18:21:02,145 [3ef2c69f-b325-49e4-8b40-b7dfff9ecdd0-groupManagement] INFO  server.RaftServerConfigKeys (ConfUtils.java:logGet(46)) - raft.server.log.segment.cache.size.max = 200MB (=209715200) (default)
2024-08-09 18:21:02,145 [3ef2c69f-b325-49e4-8b40-b7dfff9ecdd0-groupManagement] INFO  server.RaftServerConfigKeys (ConfUtils.java:logGet(46)) - raft.server.log.appender.buffer.byte-limit = 8388608 (custom)
2024-08-09 18:21:02,145 [3ef2c69f-b325-49e4-8b40-b7dfff9ecdd0-groupManagement] INFO  util.AwaitToRun (AwaitToRun.java:start(81)) - Thread[3ef2c69f-b325-49e4-8b40-b7dfff9ecdd0@group-8C4206E090CE-cacheEviction-AwaitToRun,5,main] started
2024-08-09 18:21:02,145 [3ef2c69f-b325-49e4-8b40-b7dfff9ecdd0-groupManagement] INFO  segmented.SegmentedRaftLogWorker (SegmentedRaftLogWorker.java:<init>(184)) - new 3ef2c69f-b325-49e4-8b40-b7dfff9ecdd0@group-8C4206E090CE-SegmentedRaftLogWorker for RaftStorageImpl:Storage Directory /home/runner/work/ozone/ozone/hadoop-ozone/integration-test/target/test-dir/MiniOzoneClusterImpl-d43ea6a6-39cf-404b-af74-5e65bec6c33b/ozone-meta/datanode-2/ratis/021e6b1c-1e31-4f3c-b0e6-8c4206e090ce
2024-08-09 18:21:02,145 [3ef2c69f-b325-49e4-8b40-b7dfff9ecdd0-groupManagement] INFO  server.RaftServerConfigKeys (ConfUtils.java:logGet(46)) - raft.server.log.queue.byte-limit = 4294967296 (custom)
2024-08-09 18:21:02,145 [3ef2c69f-b325-49e4-8b40-b7dfff9ecdd0-groupManagement] INFO  server.RaftServerConfigKeys (ConfUtils.java:logGet(46)) - raft.server.log.queue.element-limit = 1024 (custom)
2024-08-09 18:21:02,145 [3ef2c69f-b325-49e4-8b40-b7dfff9ecdd0-groupManagement] INFO  server.RaftServerConfigKeys (ConfUtils.java:logGet(46)) - raft.server.log.segment.size.max = 67108864 (custom)
2024-08-09 18:21:02,146 [3ef2c69f-b325-49e4-8b40-b7dfff9ecdd0-groupManagement] INFO  server.RaftServerConfigKeys (ConfUtils.java:logGet(46)) - raft.server.log.preallocated.size = 4194304 (custom)
2024-08-09 18:21:02,146 [3ef2c69f-b325-49e4-8b40-b7dfff9ecdd0-groupManagement] INFO  server.RaftServerConfigKeys (ConfUtils.java:logGet(46)) - raft.server.log.force.sync.num = 128 (default)
2024-08-09 18:21:02,146 [3ef2c69f-b325-49e4-8b40-b7dfff9ecdd0-groupManagement] INFO  server.RaftServerConfigKeys (ConfUtils.java:logGet(46)) - raft.server.log.statemachine.data.sync = true (default)
2024-08-09 18:21:02,146 [3ef2c69f-b325-49e4-8b40-b7dfff9ecdd0-groupManagement] INFO  server.RaftServerConfigKeys (ConfUtils.java:logGet(46)) - raft.server.log.statemachine.data.sync.timeout = 10s (default)
2024-08-09 18:21:02,146 [3ef2c69f-b325-49e4-8b40-b7dfff9ecdd0-groupManagement] INFO  server.RaftServerConfigKeys (ConfUtils.java:logGet(46)) - raft.server.log.statemachine.data.sync.timeout.retry = 30 (custom)
2024-08-09 18:21:02,146 [3ef2c69f-b325-49e4-8b40-b7dfff9ecdd0-groupManagement] INFO  server.RaftServerConfigKeys (ConfUtils.java:logGet(46)) - raft.server.log.write.buffer.size = 8388616 (custom)
2024-08-09 18:21:02,148 [3ef2c69f-b325-49e4-8b40-b7dfff9ecdd0-groupManagement] INFO  server.RaftServerConfigKeys (ConfUtils.java:logGet(46)) - raft.server.log.appender.buffer.byte-limit = 8388608 (custom)
2024-08-09 18:21:02,148 [3ef2c69f-b325-49e4-8b40-b7dfff9ecdd0-groupManagement] INFO  server.RaftServerConfigKeys (ConfUtils.java:logGet(46)) - raft.server.log.unsafe-flush.enabled = false (default)
2024-08-09 18:21:02,148 [3ef2c69f-b325-49e4-8b40-b7dfff9ecdd0-groupManagement] INFO  server.RaftServerConfigKeys (ConfUtils.java:logGet(46)) - raft.server.log.async-flush.enabled = false (default)
2024-08-09 18:21:02,148 [3ef2c69f-b325-49e4-8b40-b7dfff9ecdd0-groupManagement] INFO  server.RaftServerConfigKeys (ConfUtils.java:logGet(46)) - raft.server.log.statemachine.data.caching.enabled = true (custom)
2024-08-09 18:21:02,148 [3ef2c69f-b325-49e4-8b40-b7dfff9ecdd0-groupManagement] INFO  segmented.SegmentedRaftLogWorker (SegmentedRaftLogWorker.java:lambda$new$0(135)) - 3ef2c69f-b325-49e4-8b40-b7dfff9ecdd0@group-8C4206E090CE-SegmentedRaftLogWorker: flushIndex: setUnconditionally 0 -> -1
2024-08-09 18:21:02,148 [3ef2c69f-b325-49e4-8b40-b7dfff9ecdd0-groupManagement] INFO  segmented.SegmentedRaftLogWorker (SegmentedRaftLogWorker.java:lambda$new$0(135)) - 3ef2c69f-b325-49e4-8b40-b7dfff9ecdd0@group-8C4206E090CE-SegmentedRaftLogWorker: safeCacheEvictIndex: setUnconditionally 0 -> -1
2024-08-09 18:21:02,148 [3ef2c69f-b325-49e4-8b40-b7dfff9ecdd0-groupManagement] INFO  server.RaftServer$Division (RaftServerImpl.java:start(389)) - 3ef2c69f-b325-49e4-8b40-b7dfff9ecdd0@group-8C4206E090CE: start as a follower, conf=conf: {index: -1, cur=peers:[98b1311b-33ed-441a-9d1f-284a1b8d0a39|127.0.0.1:15595, 3ef2c69f-b325-49e4-8b40-b7dfff9ecdd0|127.0.0.1:15604, 9be8d1c2-cf5e-49e7-8b06-3e73843a30ba|127.0.0.1:15613]|listeners:[], old=null}
2024-08-09 18:21:02,148 [3ef2c69f-b325-49e4-8b40-b7dfff9ecdd0-groupManagement] INFO  server.RaftServer$Division (RaftServerImpl.java:setRole(376)) - 3ef2c69f-b325-49e4-8b40-b7dfff9ecdd0@group-8C4206E090CE: changes role from      null to FOLLOWER at term 0 for startAsFollower
2024-08-09 18:21:02,149 [3ef2c69f-b325-49e4-8b40-b7dfff9ecdd0-groupManagement] INFO  impl.RoleInfo (RoleInfo.java:updateAndGet(148)) - 3ef2c69f-b325-49e4-8b40-b7dfff9ecdd0: start 3ef2c69f-b325-49e4-8b40-b7dfff9ecdd0@group-8C4206E090CE-FollowerState
2024-08-09 18:21:02,149 [3ef2c69f-b325-49e4-8b40-b7dfff9ecdd0-groupManagement] INFO  util.JmxRegister (JmxRegister.java:tryRegister(44)) - Successfully registered JMX Bean with object name Ratis:service=RaftServer,group=group-8C4206E090CE,id=3ef2c69f-b325-49e4-8b40-b7dfff9ecdd0
2024-08-09 18:21:02,149 [3ef2c69f-b325-49e4-8b40-b7dfff9ecdd0-groupManagement] INFO  util.JmxRegister (JmxRegister.java:register(58)) - register mxBean class org.apache.ratis.server.impl.RaftServerJmxAdapter as Ratis:service=RaftServer,group=group-8C4206E090CE,id=3ef2c69f-b325-49e4-8b40-b7dfff9ecdd0
2024-08-09 18:21:02,149 [3ef2c69f-b325-49e4-8b40-b7dfff9ecdd0-groupManagement] INFO  server.RaftServerConfigKeys (ConfUtils.java:logGet(46)) - raft.server.snapshot.trigger-when-stop.enabled = true (default)
2024-08-09 18:21:02,149 [3ef2c69f-b325-49e4-8b40-b7dfff9ecdd0-groupManagement] INFO  server.RaftServerConfigKeys (ConfUtils.java:logGet(46)) - raft.server.snapshot.trigger-when-remove.enabled = true (default)
2024-08-09 18:21:02,149 [3ef2c69f-b325-49e4-8b40-b7dfff9ecdd0-groupManagement] INFO  server.RaftServerConfigKeys (ConfUtils.java:logGet(46)) - raft.server.snapshot.auto.trigger.enabled = true (custom)
2024-08-09 18:21:02,149 [3ef2c69f-b325-49e4-8b40-b7dfff9ecdd0-groupManagement] INFO  server.RaftServerConfigKeys (ConfUtils.java:logGet(46)) - raft.server.snapshot.auto.trigger.threshold = 10000 (custom)
2024-08-09 18:21:02,149 [3ef2c69f-b325-49e4-8b40-b7dfff9ecdd0-groupManagement] INFO  server.RaftServerConfigKeys (ConfUtils.java:logGet(46)) - raft.server.snapshot.retention.file.num = 5 (custom)
2024-08-09 18:21:02,149 [3ef2c69f-b325-49e4-8b40-b7dfff9ecdd0-groupManagement] INFO  server.RaftServerConfigKeys (ConfUtils.java:logGet(46)) - raft.server.log.purge.upto.snapshot.index = false (default)
2024-08-09 18:21:02,149 [3ef2c69f-b325-49e4-8b40-b7dfff9ecdd0@group-8C4206E090CE-FollowerState] INFO  server.RaftServerConfigKeys (ConfUtils.java:logFallback(53)) - raft.server.rpc.first-election.timeout.min = 5s (fallback to raft.server.rpc.timeout.min)
2024-08-09 18:21:02,149 [3ef2c69f-b325-49e4-8b40-b7dfff9ecdd0@group-8C4206E090CE-FollowerState] INFO  server.RaftServerConfigKeys (ConfUtils.java:logFallback(53)) - raft.server.rpc.first-election.timeout.max = 5200ms (fallback to raft.server.rpc.timeout.max)
2024-08-09 18:21:02,158 [grpc-default-executor-1] INFO  server.RaftServer (RaftServerProxy.java:addNew(101)) - 9be8d1c2-cf5e-49e7-8b06-3e73843a30ba: addNew group-8C4206E090CE:[98b1311b-33ed-441a-9d1f-284a1b8d0a39|127.0.0.1:15595, 3ef2c69f-b325-49e4-8b40-b7dfff9ecdd0|127.0.0.1:15604, 9be8d1c2-cf5e-49e7-8b06-3e73843a30ba|127.0.0.1:15613] returns group-8C4206E090CE:java.util.concurrent.CompletableFuture@326abae7[Not completed]
2024-08-09 18:21:02,158 [9be8d1c2-cf5e-49e7-8b06-3e73843a30ba-groupManagement] INFO  server.RaftServer$Division (RaftServerImpl.java:<init>(253)) - 9be8d1c2-cf5e-49e7-8b06-3e73843a30ba: new RaftServerImpl for group-8C4206E090CE:[98b1311b-33ed-441a-9d1f-284a1b8d0a39|127.0.0.1:15595, 3ef2c69f-b325-49e4-8b40-b7dfff9ecdd0|127.0.0.1:15604, 9be8d1c2-cf5e-49e7-8b06-3e73843a30ba|127.0.0.1:15613] with ContainerStateMachine:uninitialized
2024-08-09 18:21:02,158 [9be8d1c2-cf5e-49e7-8b06-3e73843a30ba-groupManagement] INFO  server.RaftServerConfigKeys (ConfUtils.java:logGet(46)) - raft.server.rpc.timeout.min = 5s (custom)
2024-08-09 18:21:02,158 [9be8d1c2-cf5e-49e7-8b06-3e73843a30ba-groupManagement] INFO  server.RaftServerConfigKeys (ConfUtils.java:logGet(46)) - raft.server.rpc.timeout.max = 5200ms (custom)
2024-08-09 18:21:02,158 [9be8d1c2-cf5e-49e7-8b06-3e73843a30ba-groupManagement] INFO  server.RaftServerConfigKeys (ConfUtils.java:logGet(46)) - raft.server.rpc.sleep.time = 25ms (default)
2024-08-09 18:21:02,158 [9be8d1c2-cf5e-49e7-8b06-3e73843a30ba-groupManagement] INFO  server.RaftServerConfigKeys (ConfUtils.java:logGet(46)) - raft.server.rpc.slowness.timeout = 300000ms (custom)
2024-08-09 18:21:02,158 [9be8d1c2-cf5e-49e7-8b06-3e73843a30ba-groupManagement] INFO  server.RaftServerConfigKeys (ConfUtils.java:logGet(46)) - raft.server.leaderelection.leader.step-down.wait-time = 10s (default)
2024-08-09 18:21:02,159 [9be8d1c2-cf5e-49e7-8b06-3e73843a30ba-groupManagement] INFO  server.RaftServerConfigKeys (ConfUtils.java:logGet(46)) - raft.server.leaderelection.member.majority-add = false (default)
2024-08-09 18:21:02,159 [9be8d1c2-cf5e-49e7-8b06-3e73843a30ba-groupManagement] INFO  server.RaftServerConfigKeys (ConfUtils.java:logGet(46)) - raft.server.sleep.deviation.threshold = 300ms (default)
2024-08-09 18:21:02,159 [9be8d1c2-cf5e-49e7-8b06-3e73843a30ba-groupManagement] INFO  server.RaftServer$Division (ServerState.java:<init>(114)) - 9be8d1c2-cf5e-49e7-8b06-3e73843a30ba@group-8C4206E090CE: ConfigurationManager, init=conf: {index: -1, cur=peers:[98b1311b-33ed-441a-9d1f-284a1b8d0a39|127.0.0.1:15595, 3ef2c69f-b325-49e4-8b40-b7dfff9ecdd0|127.0.0.1:15604, 9be8d1c2-cf5e-49e7-8b06-3e73843a30ba|127.0.0.1:15613]|listeners:[], old=null}, confs=<EMPTY_MAP>
2024-08-09 18:21:02,159 [9be8d1c2-cf5e-49e7-8b06-3e73843a30ba-groupManagement] INFO  server.RaftServerConfigKeys (ConfUtils.java:logGet(46)) - raft.server.notification.no-leader.timeout = 300000ms (custom)
2024-08-09 18:21:02,159 [9be8d1c2-cf5e-49e7-8b06-3e73843a30ba-groupManagement] INFO  server.RaftServerConfigKeys (ConfUtils.java:logGet(46)) - raft.server.read.timeout = 10s (default)
2024-08-09 18:21:02,159 [9be8d1c2-cf5e-49e7-8b06-3e73843a30ba-groupManagement] INFO  server.RaftServerConfigKeys (ConfUtils.java:logGet(46)) - raft.server.retrycache.expirytime = 600000ms (custom)
2024-08-09 18:21:02,159 [9be8d1c2-cf5e-49e7-8b06-3e73843a30ba-groupManagement] INFO  server.RaftServerConfigKeys (ConfUtils.java:logGet(46)) - raft.server.retrycache.statistics.expirytime = 100ms (default)
2024-08-09 18:21:02,159 [9be8d1c2-cf5e-49e7-8b06-3e73843a30ba-groupManagement] INFO  server.RaftServerConfigKeys (ConfUtils.java:logGet(46)) - raft.server.read.option = DEFAULT (default)
2024-08-09 18:21:02,159 [9be8d1c2-cf5e-49e7-8b06-3e73843a30ba-groupManagement] INFO  server.RaftServerConfigKeys (ConfUtils.java:logGet(46)) - raft.server.read.read-after-write-consistent.write-index-cache.expiry-time = 60s (default)
2024-08-09 18:21:02,160 [9be8d1c2-cf5e-49e7-8b06-3e73843a30ba-groupManagement] INFO  server.RaftServerConfigKeys (ConfUtils.java:logGet(46)) - raft.server.rpc.request.timeout = 3000ms (default)
2024-08-09 18:21:02,160 [9be8d1c2-cf5e-49e7-8b06-3e73843a30ba-groupManagement] INFO  server.RaftServerConfigKeys (ConfUtils.java:logGet(46)) - raft.server.log.appender.install.snapshot.enabled = false (custom)
2024-08-09 18:21:02,160 [9be8d1c2-cf5e-49e7-8b06-3e73843a30ba-groupManagement] INFO  server.RaftServerConfigKeys (ConfUtils.java:logGet(46)) - raft.server.threadpool.server.cached = true (default)
2024-08-09 18:21:02,160 [9be8d1c2-cf5e-49e7-8b06-3e73843a30ba-groupManagement] INFO  server.RaftServerConfigKeys (ConfUtils.java:logGet(46)) - raft.server.threadpool.server.size = 0 (default)
2024-08-09 18:21:02,160 [9be8d1c2-cf5e-49e7-8b06-3e73843a30ba-groupManagement] INFO  server.RaftServerConfigKeys (ConfUtils.java:logGet(46)) - raft.server.threadpool.client.cached = true (default)
2024-08-09 18:21:02,160 [9be8d1c2-cf5e-49e7-8b06-3e73843a30ba-groupManagement] INFO  server.RaftServerConfigKeys (ConfUtils.java:logGet(46)) - raft.server.threadpool.client.size = 0 (default)
2024-08-09 18:21:02,160 [9be8d1c2-cf5e-49e7-8b06-3e73843a30ba-groupManagement] INFO  server.RaftServerConfigKeys (ConfUtils.java:logGet(46)) - raft.server.storage.free-space.min = 0MB (=0) (default)
2024-08-09 18:21:02,160 [9be8d1c2-cf5e-49e7-8b06-3e73843a30ba-groupManagement] INFO  server.RaftServerConfigKeys (ConfUtils.java:logGet(46)) - raft.server.log.corruption.policy = EXCEPTION (default)
2024-08-09 18:21:02,161 [9be8d1c2-cf5e-49e7-8b06-3e73843a30ba-groupManagement] INFO  server.RaftServerConfigKeys (ConfUtils.java:logGet(46)) - raft.server.storage.dir = [/home/runner/work/ozone/ozone/hadoop-ozone/integration-test/target/test-dir/MiniOzoneClusterImpl-d43ea6a6-39cf-404b-af74-5e65bec6c33b/ozone-meta/datanode-3/ratis] (custom)
2024-08-09 18:21:02,161 [9be8d1c2-cf5e-49e7-8b06-3e73843a30ba-groupManagement] INFO  storage.RaftStorageDirectory (RaftStorageDirectoryImpl.java:analyzeStorage(138)) - The storage directory /home/runner/work/ozone/ozone/hadoop-ozone/integration-test/target/test-dir/MiniOzoneClusterImpl-d43ea6a6-39cf-404b-af74-5e65bec6c33b/ozone-meta/datanode-3/ratis/021e6b1c-1e31-4f3c-b0e6-8c4206e090ce does not exist. Creating ...
2024-08-09 18:21:02,162 [9be8d1c2-cf5e-49e7-8b06-3e73843a30ba-groupManagement] INFO  storage.RaftStorageDirectory (RaftStorageDirectoryImpl.java:tryLock(229)) - Lock on /home/runner/work/ozone/ozone/hadoop-ozone/integration-test/target/test-dir/MiniOzoneClusterImpl-d43ea6a6-39cf-404b-af74-5e65bec6c33b/ozone-meta/datanode-3/ratis/021e6b1c-1e31-4f3c-b0e6-8c4206e090ce/in_use.lock acquired by nodename 49851@fv-az1244-646
2024-08-09 18:21:02,163 [9be8d1c2-cf5e-49e7-8b06-3e73843a30ba-groupManagement] INFO  storage.RaftStorage (RaftStorageImpl.java:format(98)) - Storage directory /home/runner/work/ozone/ozone/hadoop-ozone/integration-test/target/test-dir/MiniOzoneClusterImpl-d43ea6a6-39cf-404b-af74-5e65bec6c33b/ozone-meta/datanode-3/ratis/021e6b1c-1e31-4f3c-b0e6-8c4206e090ce has been successfully formatted.
2024-08-09 18:21:02,163 [9be8d1c2-cf5e-49e7-8b06-3e73843a30ba-groupManagement] INFO  ratis.ContainerStateMachine (ContainerStateMachine.java:loadSnapshot(287)) - group-8C4206E090CE: The snapshot info is null. Setting the last applied index to:(t:0, i:~)
2024-08-09 18:21:02,163 [9be8d1c2-cf5e-49e7-8b06-3e73843a30ba-groupManagement] INFO  server.RaftServerConfigKeys (ConfUtils.java:logGet(46)) - raft.server.log.use.memory = false (default)
2024-08-09 18:21:02,163 [9be8d1c2-cf5e-49e7-8b06-3e73843a30ba-groupManagement] INFO  server.RaftServerConfigKeys (ConfUtils.java:logGet(46)) - raft.server.log.purge.gap = 1000000 (custom)
2024-08-09 18:21:02,164 [9be8d1c2-cf5e-49e7-8b06-3e73843a30ba-groupManagement] INFO  server.RaftServerConfigKeys (ConfUtils.java:logGet(46)) - raft.server.log.appender.buffer.byte-limit = 8388608 (custom)
2024-08-09 18:21:02,164 [9be8d1c2-cf5e-49e7-8b06-3e73843a30ba-groupManagement] INFO  server.RaftServerConfigKeys (ConfUtils.java:logGet(46)) - raft.server.log.statemachine.data.read.timeout = 1000ms (default)
2024-08-09 18:21:02,164 [9be8d1c2-cf5e-49e7-8b06-3e73843a30ba-groupManagement] INFO  server.RaftServerConfigKeys (ConfUtils.java:logGet(46)) - raft.server.log.purge.preservation.log.num = 0 (default)
2024-08-09 18:21:02,164 [9be8d1c2-cf5e-49e7-8b06-3e73843a30ba-groupManagement] INFO  server.RaftServerConfigKeys (ConfUtils.java:logGet(46)) - raft.server.log.segment.size.max = 67108864 (custom)
2024-08-09 18:21:02,165 [9be8d1c2-cf5e-49e7-8b06-3e73843a30ba-groupManagement] INFO  server.RaftServerConfigKeys (ConfUtils.java:logGet(46)) - raft.server.log.segment.cache.num.max = 2 (custom)
2024-08-09 18:21:02,165 [9be8d1c2-cf5e-49e7-8b06-3e73843a30ba-groupManagement] INFO  server.RaftServerConfigKeys (ConfUtils.java:logGet(46)) - raft.server.log.segment.cache.size.max = 200MB (=209715200) (default)
2024-08-09 18:21:02,165 [9be8d1c2-cf5e-49e7-8b06-3e73843a30ba-groupManagement] INFO  server.RaftServerConfigKeys (ConfUtils.java:logGet(46)) - raft.server.log.appender.buffer.byte-limit = 8388608 (custom)
2024-08-09 18:21:02,165 [9be8d1c2-cf5e-49e7-8b06-3e73843a30ba-groupManagement] INFO  util.AwaitToRun (AwaitToRun.java:start(81)) - Thread[9be8d1c2-cf5e-49e7-8b06-3e73843a30ba@group-8C4206E090CE-cacheEviction-AwaitToRun,5,main] started
2024-08-09 18:21:02,165 [9be8d1c2-cf5e-49e7-8b06-3e73843a30ba-groupManagement] INFO  segmented.SegmentedRaftLogWorker (SegmentedRaftLogWorker.java:<init>(184)) - new 9be8d1c2-cf5e-49e7-8b06-3e73843a30ba@group-8C4206E090CE-SegmentedRaftLogWorker for RaftStorageImpl:Storage Directory /home/runner/work/ozone/ozone/hadoop-ozone/integration-test/target/test-dir/MiniOzoneClusterImpl-d43ea6a6-39cf-404b-af74-5e65bec6c33b/ozone-meta/datanode-3/ratis/021e6b1c-1e31-4f3c-b0e6-8c4206e090ce
2024-08-09 18:21:02,165 [9be8d1c2-cf5e-49e7-8b06-3e73843a30ba-groupManagement] INFO  server.RaftServerConfigKeys (ConfUtils.java:logGet(46)) - raft.server.log.queue.byte-limit = 4294967296 (custom)
2024-08-09 18:21:02,165 [9be8d1c2-cf5e-49e7-8b06-3e73843a30ba-groupManagement] INFO  server.RaftServerConfigKeys (ConfUtils.java:logGet(46)) - raft.server.log.queue.element-limit = 1024 (custom)
2024-08-09 18:21:02,165 [9be8d1c2-cf5e-49e7-8b06-3e73843a30ba-groupManagement] INFO  server.RaftServerConfigKeys (ConfUtils.java:logGet(46)) - raft.server.log.segment.size.max = 67108864 (custom)
2024-08-09 18:21:02,165 [9be8d1c2-cf5e-49e7-8b06-3e73843a30ba-groupManagement] INFO  server.RaftServerConfigKeys (ConfUtils.java:logGet(46)) - raft.server.log.preallocated.size = 4194304 (custom)
2024-08-09 18:21:02,165 [9be8d1c2-cf5e-49e7-8b06-3e73843a30ba-groupManagement] INFO  server.RaftServerConfigKeys (ConfUtils.java:logGet(46)) - raft.server.log.force.sync.num = 128 (default)
2024-08-09 18:21:02,165 [9be8d1c2-cf5e-49e7-8b06-3e73843a30ba-groupManagement] INFO  server.RaftServerConfigKeys (ConfUtils.java:logGet(46)) - raft.server.log.statemachine.data.sync = true (default)
2024-08-09 18:21:02,165 [9be8d1c2-cf5e-49e7-8b06-3e73843a30ba-groupManagement] INFO  server.RaftServerConfigKeys (ConfUtils.java:logGet(46)) - raft.server.log.statemachine.data.sync.timeout = 10s (default)
2024-08-09 18:21:02,165 [9be8d1c2-cf5e-49e7-8b06-3e73843a30ba-groupManagement] INFO  server.RaftServerConfigKeys (ConfUtils.java:logGet(46)) - raft.server.log.statemachine.data.sync.timeout.retry = 30 (custom)
2024-08-09 18:21:02,165 [9be8d1c2-cf5e-49e7-8b06-3e73843a30ba-groupManagement] INFO  server.RaftServerConfigKeys (ConfUtils.java:logGet(46)) - raft.server.log.write.buffer.size = 8388616 (custom)
2024-08-09 18:21:02,166 [9be8d1c2-cf5e-49e7-8b06-3e73843a30ba-groupManagement] INFO  server.RaftServerConfigKeys (ConfUtils.java:logGet(46)) - raft.server.log.appender.buffer.byte-limit = 8388608 (custom)
2024-08-09 18:21:02,166 [9be8d1c2-cf5e-49e7-8b06-3e73843a30ba-groupManagement] INFO  server.RaftServerConfigKeys (ConfUtils.java:logGet(46)) - raft.server.log.unsafe-flush.enabled = false (default)
2024-08-09 18:21:02,166 [9be8d1c2-cf5e-49e7-8b06-3e73843a30ba-groupManagement] INFO  server.RaftServerConfigKeys (ConfUtils.java:logGet(46)) - raft.server.log.async-flush.enabled = false (default)
2024-08-09 18:21:02,166 [9be8d1c2-cf5e-49e7-8b06-3e73843a30ba-groupManagement] INFO  server.RaftServerConfigKeys (ConfUtils.java:logGet(46)) - raft.server.log.statemachine.data.caching.enabled = true (custom)
2024-08-09 18:21:02,166 [9be8d1c2-cf5e-49e7-8b06-3e73843a30ba-groupManagement] INFO  segmented.SegmentedRaftLogWorker (SegmentedRaftLogWorker.java:lambda$new$0(135)) - 9be8d1c2-cf5e-49e7-8b06-3e73843a30ba@group-8C4206E090CE-SegmentedRaftLogWorker: flushIndex: setUnconditionally 0 -> -1
2024-08-09 18:21:02,166 [9be8d1c2-cf5e-49e7-8b06-3e73843a30ba-groupManagement] INFO  segmented.SegmentedRaftLogWorker (SegmentedRaftLogWorker.java:lambda$new$0(135)) - 9be8d1c2-cf5e-49e7-8b06-3e73843a30ba@group-8C4206E090CE-SegmentedRaftLogWorker: safeCacheEvictIndex: setUnconditionally 0 -> -1
2024-08-09 18:21:02,166 [9be8d1c2-cf5e-49e7-8b06-3e73843a30ba-groupManagement] INFO  server.RaftServer$Division (RaftServerImpl.java:start(389)) - 9be8d1c2-cf5e-49e7-8b06-3e73843a30ba@group-8C4206E090CE: start as a follower, conf=conf: {index: -1, cur=peers:[98b1311b-33ed-441a-9d1f-284a1b8d0a39|127.0.0.1:15595, 3ef2c69f-b325-49e4-8b40-b7dfff9ecdd0|127.0.0.1:15604, 9be8d1c2-cf5e-49e7-8b06-3e73843a30ba|127.0.0.1:15613]|listeners:[], old=null}
2024-08-09 18:21:02,166 [9be8d1c2-cf5e-49e7-8b06-3e73843a30ba-groupManagement] INFO  server.RaftServer$Division (RaftServerImpl.java:setRole(376)) - 9be8d1c2-cf5e-49e7-8b06-3e73843a30ba@group-8C4206E090CE: changes role from      null to FOLLOWER at term 0 for startAsFollower
2024-08-09 18:21:02,166 [9be8d1c2-cf5e-49e7-8b06-3e73843a30ba-groupManagement] INFO  impl.RoleInfo (RoleInfo.java:updateAndGet(148)) - 9be8d1c2-cf5e-49e7-8b06-3e73843a30ba: start 9be8d1c2-cf5e-49e7-8b06-3e73843a30ba@group-8C4206E090CE-FollowerState
2024-08-09 18:21:02,167 [9be8d1c2-cf5e-49e7-8b06-3e73843a30ba@group-8C4206E090CE-FollowerState] INFO  server.RaftServerConfigKeys (ConfUtils.java:logFallback(53)) - raft.server.rpc.first-election.timeout.min = 5s (fallback to raft.server.rpc.timeout.min)
2024-08-09 18:21:02,167 [9be8d1c2-cf5e-49e7-8b06-3e73843a30ba@group-8C4206E090CE-FollowerState] INFO  server.RaftServerConfigKeys (ConfUtils.java:logFallback(53)) - raft.server.rpc.first-election.timeout.max = 5200ms (fallback to raft.server.rpc.timeout.max)
2024-08-09 18:21:02,167 [9be8d1c2-cf5e-49e7-8b06-3e73843a30ba-groupManagement] INFO  util.JmxRegister (JmxRegister.java:tryRegister(44)) - Successfully registered JMX Bean with object name Ratis:service=RaftServer,group=group-8C4206E090CE,id=9be8d1c2-cf5e-49e7-8b06-3e73843a30ba
2024-08-09 18:21:02,167 [9be8d1c2-cf5e-49e7-8b06-3e73843a30ba-groupManagement] INFO  util.JmxRegister (JmxRegister.java:register(58)) - register mxBean class org.apache.ratis.server.impl.RaftServerJmxAdapter as Ratis:service=RaftServer,group=group-8C4206E090CE,id=9be8d1c2-cf5e-49e7-8b06-3e73843a30ba
2024-08-09 18:21:02,167 [9be8d1c2-cf5e-49e7-8b06-3e73843a30ba-groupManagement] INFO  server.RaftServerConfigKeys (ConfUtils.java:logGet(46)) - raft.server.snapshot.trigger-when-stop.enabled = true (default)
2024-08-09 18:21:02,167 [9be8d1c2-cf5e-49e7-8b06-3e73843a30ba-groupManagement] INFO  server.RaftServerConfigKeys (ConfUtils.java:logGet(46)) - raft.server.snapshot.trigger-when-remove.enabled = true (default)
2024-08-09 18:21:02,167 [9be8d1c2-cf5e-49e7-8b06-3e73843a30ba-groupManagement] INFO  server.RaftServerConfigKeys (ConfUtils.java:logGet(46)) - raft.server.snapshot.auto.trigger.enabled = true (custom)
2024-08-09 18:21:02,167 [9be8d1c2-cf5e-49e7-8b06-3e73843a30ba-groupManagement] INFO  server.RaftServerConfigKeys (ConfUtils.java:logGet(46)) - raft.server.snapshot.auto.trigger.threshold = 10000 (custom)
2024-08-09 18:21:02,167 [9be8d1c2-cf5e-49e7-8b06-3e73843a30ba-groupManagement] INFO  server.RaftServerConfigKeys (ConfUtils.java:logGet(46)) - raft.server.snapshot.retention.file.num = 5 (custom)
2024-08-09 18:21:02,167 [9be8d1c2-cf5e-49e7-8b06-3e73843a30ba-groupManagement] INFO  server.RaftServerConfigKeys (ConfUtils.java:logGet(46)) - raft.server.log.purge.upto.snapshot.index = false (default)
2024-08-09 18:21:02,169 [98b1311b-33ed-441a-9d1f-284a1b8d0a39-PipelineCommandHandlerThread-0] INFO  commandhandler.CreatePipelineCommandHandler (CreatePipelineCommandHandler.java:lambda$handle$2(124)) - Created Pipeline RATIS THREE PipelineID=021e6b1c-1e31-4f3c-b0e6-8c4206e090ce.
2024-08-09 18:21:02,169 [98b1311b-33ed-441a-9d1f-284a1b8d0a39-PipelineCommandHandlerThread-0] INFO  server.RaftServer (RaftServerProxy.java:addNew(101)) - 98b1311b-33ed-441a-9d1f-284a1b8d0a39: addNew group-E2A1BE1294D8:[98b1311b-33ed-441a-9d1f-284a1b8d0a39|127.0.0.1:15595, 3ef2c69f-b325-49e4-8b40-b7dfff9ecdd0|127.0.0.1:15604, 9be8d1c2-cf5e-49e7-8b06-3e73843a30ba|127.0.0.1:15613] returns group-E2A1BE1294D8:java.util.concurrent.CompletableFuture@292a5a59[Not completed]
2024-08-09 18:21:02,169 [98b1311b-33ed-441a-9d1f-284a1b8d0a39-groupManagement] INFO  server.RaftServer$Division (RaftServerImpl.java:<init>(253)) - 98b1311b-33ed-441a-9d1f-284a1b8d0a39: new RaftServerImpl for group-E2A1BE1294D8:[98b1311b-33ed-441a-9d1f-284a1b8d0a39|127.0.0.1:15595, 3ef2c69f-b325-49e4-8b40-b7dfff9ecdd0|127.0.0.1:15604, 9be8d1c2-cf5e-49e7-8b06-3e73843a30ba|127.0.0.1:15613] with ContainerStateMachine:uninitialized
2024-08-09 18:21:02,169 [98b1311b-33ed-441a-9d1f-284a1b8d0a39-groupManagement] INFO  server.RaftServerConfigKeys (ConfUtils.java:logGet(46)) - raft.server.rpc.timeout.min = 5s (custom)
2024-08-09 18:21:02,169 [98b1311b-33ed-441a-9d1f-284a1b8d0a39-groupManagement] INFO  server.RaftServerConfigKeys (ConfUtils.java:logGet(46)) - raft.server.rpc.timeout.max = 5200ms (custom)
2024-08-09 18:21:02,169 [98b1311b-33ed-441a-9d1f-284a1b8d0a39-groupManagement] INFO  server.RaftServerConfigKeys (ConfUtils.java:logGet(46)) - raft.server.rpc.sleep.time = 25ms (default)
2024-08-09 18:21:02,169 [98b1311b-33ed-441a-9d1f-284a1b8d0a39-groupManagement] INFO  server.RaftServerConfigKeys (ConfUtils.java:logGet(46)) - raft.server.rpc.slowness.timeout = 300000ms (custom)
2024-08-09 18:21:02,170 [98b1311b-33ed-441a-9d1f-284a1b8d0a39-groupManagement] INFO  server.RaftServerConfigKeys (ConfUtils.java:logGet(46)) - raft.server.leaderelection.leader.step-down.wait-time = 10s (default)
2024-08-09 18:21:02,170 [98b1311b-33ed-441a-9d1f-284a1b8d0a39-groupManagement] INFO  server.RaftServerConfigKeys (ConfUtils.java:logGet(46)) - raft.server.leaderelection.member.majority-add = false (default)
2024-08-09 18:21:02,170 [98b1311b-33ed-441a-9d1f-284a1b8d0a39-groupManagement] INFO  server.RaftServerConfigKeys (ConfUtils.java:logGet(46)) - raft.server.sleep.deviation.threshold = 300ms (default)
2024-08-09 18:21:02,170 [98b1311b-33ed-441a-9d1f-284a1b8d0a39-groupManagement] INFO  server.RaftServer$Division (ServerState.java:<init>(114)) - 98b1311b-33ed-441a-9d1f-284a1b8d0a39@group-E2A1BE1294D8: ConfigurationManager, init=conf: {index: -1, cur=peers:[98b1311b-33ed-441a-9d1f-284a1b8d0a39|127.0.0.1:15595, 3ef2c69f-b325-49e4-8b40-b7dfff9ecdd0|127.0.0.1:15604, 9be8d1c2-cf5e-49e7-8b06-3e73843a30ba|127.0.0.1:15613]|listeners:[], old=null}, confs=<EMPTY_MAP>
2024-08-09 18:21:02,170 [98b1311b-33ed-441a-9d1f-284a1b8d0a39-groupManagement] INFO  server.RaftServerConfigKeys (ConfUtils.java:logGet(46)) - raft.server.notification.no-leader.timeout = 300000ms (custom)
2024-08-09 18:21:02,170 [98b1311b-33ed-441a-9d1f-284a1b8d0a39-groupManagement] INFO  server.RaftServerConfigKeys (ConfUtils.java:logGet(46)) - raft.server.read.timeout = 10s (default)
2024-08-09 18:21:02,170 [98b1311b-33ed-441a-9d1f-284a1b8d0a39-groupManagement] INFO  server.RaftServerConfigKeys (ConfUtils.java:logGet(46)) - raft.server.retrycache.expirytime = 600000ms (custom)
2024-08-09 18:21:02,170 [98b1311b-33ed-441a-9d1f-284a1b8d0a39-groupManagement] INFO  server.RaftServerConfigKeys (ConfUtils.java:logGet(46)) - raft.server.retrycache.statistics.expirytime = 100ms (default)
2024-08-09 18:21:02,170 [98b1311b-33ed-441a-9d1f-284a1b8d0a39-groupManagement] INFO  server.RaftServerConfigKeys (ConfUtils.java:logGet(46)) - raft.server.read.option = DEFAULT (default)
2024-08-09 18:21:02,170 [98b1311b-33ed-441a-9d1f-284a1b8d0a39-groupManagement] INFO  server.RaftServerConfigKeys (ConfUtils.java:logGet(46)) - raft.server.read.read-after-write-consistent.write-index-cache.expiry-time = 60s (default)
2024-08-09 18:21:02,171 [98b1311b-33ed-441a-9d1f-284a1b8d0a39-groupManagement] INFO  server.RaftServerConfigKeys (ConfUtils.java:logGet(46)) - raft.server.rpc.request.timeout = 3000ms (default)
2024-08-09 18:21:02,171 [98b1311b-33ed-441a-9d1f-284a1b8d0a39-groupManagement] INFO  server.RaftServerConfigKeys (ConfUtils.java:logGet(46)) - raft.server.log.appender.install.snapshot.enabled = false (custom)
2024-08-09 18:21:02,171 [98b1311b-33ed-441a-9d1f-284a1b8d0a39-groupManagement] INFO  server.RaftServerConfigKeys (ConfUtils.java:logGet(46)) - raft.server.threadpool.server.cached = true (default)
2024-08-09 18:21:02,171 [98b1311b-33ed-441a-9d1f-284a1b8d0a39-groupManagement] INFO  server.RaftServerConfigKeys (ConfUtils.java:logGet(46)) - raft.server.threadpool.server.size = 0 (default)
2024-08-09 18:21:02,171 [98b1311b-33ed-441a-9d1f-284a1b8d0a39-groupManagement] INFO  server.RaftServerConfigKeys (ConfUtils.java:logGet(46)) - raft.server.threadpool.client.cached = true (default)
2024-08-09 18:21:02,171 [98b1311b-33ed-441a-9d1f-284a1b8d0a39-groupManagement] INFO  server.RaftServerConfigKeys (ConfUtils.java:logGet(46)) - raft.server.threadpool.client.size = 0 (default)
2024-08-09 18:21:02,171 [98b1311b-33ed-441a-9d1f-284a1b8d0a39-groupManagement] INFO  server.RaftServerConfigKeys (ConfUtils.java:logGet(46)) - raft.server.storage.free-space.min = 0MB (=0) (default)
2024-08-09 18:21:02,171 [98b1311b-33ed-441a-9d1f-284a1b8d0a39-groupManagement] INFO  server.RaftServerConfigKeys (ConfUtils.java:logGet(46)) - raft.server.log.corruption.policy = EXCEPTION (default)
2024-08-09 18:21:02,171 [98b1311b-33ed-441a-9d1f-284a1b8d0a39-groupManagement] INFO  server.RaftServerConfigKeys (ConfUtils.java:logGet(46)) - raft.server.storage.dir = [/home/runner/work/ozone/ozone/hadoop-ozone/integration-test/target/test-dir/MiniOzoneClusterImpl-d43ea6a6-39cf-404b-af74-5e65bec6c33b/ozone-meta/datanode-1/ratis] (custom)
2024-08-09 18:21:02,172 [98b1311b-33ed-441a-9d1f-284a1b8d0a39-groupManagement] INFO  storage.RaftStorageDirectory (RaftStorageDirectoryImpl.java:analyzeStorage(138)) - The storage directory /home/runner/work/ozone/ozone/hadoop-ozone/integration-test/target/test-dir/MiniOzoneClusterImpl-d43ea6a6-39cf-404b-af74-5e65bec6c33b/ozone-meta/datanode-1/ratis/ebfa0b04-bdee-4a3e-8eb5-e2a1be1294d8 does not exist. Creating ...
2024-08-09 18:21:02,173 [98b1311b-33ed-441a-9d1f-284a1b8d0a39-groupManagement] INFO  storage.RaftStorageDirectory (RaftStorageDirectoryImpl.java:tryLock(229)) - Lock on /home/runner/work/ozone/ozone/hadoop-ozone/integration-test/target/test-dir/MiniOzoneClusterImpl-d43ea6a6-39cf-404b-af74-5e65bec6c33b/ozone-meta/datanode-1/ratis/ebfa0b04-bdee-4a3e-8eb5-e2a1be1294d8/in_use.lock acquired by nodename 49851@fv-az1244-646
2024-08-09 18:21:02,173 [98b1311b-33ed-441a-9d1f-284a1b8d0a39-groupManagement] INFO  storage.RaftStorage (RaftStorageImpl.java:format(98)) - Storage directory /home/runner/work/ozone/ozone/hadoop-ozone/integration-test/target/test-dir/MiniOzoneClusterImpl-d43ea6a6-39cf-404b-af74-5e65bec6c33b/ozone-meta/datanode-1/ratis/ebfa0b04-bdee-4a3e-8eb5-e2a1be1294d8 has been successfully formatted.
2024-08-09 18:21:02,174 [98b1311b-33ed-441a-9d1f-284a1b8d0a39-groupManagement] INFO  ratis.ContainerStateMachine (ContainerStateMachine.java:loadSnapshot(287)) - group-E2A1BE1294D8: The snapshot info is null. Setting the last applied index to:(t:0, i:~)
2024-08-09 18:21:02,174 [98b1311b-33ed-441a-9d1f-284a1b8d0a39-groupManagement] INFO  server.RaftServerConfigKeys (ConfUtils.java:logGet(46)) - raft.server.log.use.memory = false (default)
2024-08-09 18:21:02,174 [98b1311b-33ed-441a-9d1f-284a1b8d0a39-groupManagement] INFO  server.RaftServerConfigKeys (ConfUtils.java:logGet(46)) - raft.server.log.purge.gap = 1000000 (custom)
2024-08-09 18:21:02,174 [98b1311b-33ed-441a-9d1f-284a1b8d0a39-groupManagement] INFO  server.RaftServerConfigKeys (ConfUtils.java:logGet(46)) - raft.server.log.appender.buffer.byte-limit = 8388608 (custom)
2024-08-09 18:21:02,174 [98b1311b-33ed-441a-9d1f-284a1b8d0a39-groupManagement] INFO  server.RaftServerConfigKeys (ConfUtils.java:logGet(46)) - raft.server.log.statemachine.data.read.timeout = 1000ms (default)
2024-08-09 18:21:02,174 [98b1311b-33ed-441a-9d1f-284a1b8d0a39-groupManagement] INFO  server.RaftServerConfigKeys (ConfUtils.java:logGet(46)) - raft.server.log.purge.preservation.log.num = 0 (default)
2024-08-09 18:21:02,174 [EventQueue-OpenPipelineForHealthyPipelineSafeModeRule] INFO  safemode.SCMSafeModeManager (HealthyPipelineSafeModeRule.java:process(140)) - SCM in safe mode. Healthy pipelines reported count is 0, required healthy pipeline reported count is 1
2024-08-09 18:21:02,175 [98b1311b-33ed-441a-9d1f-284a1b8d0a39-groupManagement] INFO  server.RaftServerConfigKeys (ConfUtils.java:logGet(46)) - raft.server.log.segment.size.max = 67108864 (custom)
2024-08-09 18:21:02,175 [98b1311b-33ed-441a-9d1f-284a1b8d0a39-groupManagement] INFO  server.RaftServerConfigKeys (ConfUtils.java:logGet(46)) - raft.server.log.segment.cache.num.max = 2 (custom)
2024-08-09 18:21:02,175 [98b1311b-33ed-441a-9d1f-284a1b8d0a39-groupManagement] INFO  server.RaftServerConfigKeys (ConfUtils.java:logGet(46)) - raft.server.log.segment.cache.size.max = 200MB (=209715200) (default)
2024-08-09 18:21:02,175 [98b1311b-33ed-441a-9d1f-284a1b8d0a39-groupManagement] INFO  server.RaftServerConfigKeys (ConfUtils.java:logGet(46)) - raft.server.log.appender.buffer.byte-limit = 8388608 (custom)
2024-08-09 18:21:02,175 [98b1311b-33ed-441a-9d1f-284a1b8d0a39-groupManagement] INFO  util.AwaitToRun (AwaitToRun.java:start(81)) - Thread[98b1311b-33ed-441a-9d1f-284a1b8d0a39@group-E2A1BE1294D8-cacheEviction-AwaitToRun,5,main] started
2024-08-09 18:21:02,175 [98b1311b-33ed-441a-9d1f-284a1b8d0a39-groupManagement] INFO  segmented.SegmentedRaftLogWorker (SegmentedRaftLogWorker.java:<init>(184)) - new 98b1311b-33ed-441a-9d1f-284a1b8d0a39@group-E2A1BE1294D8-SegmentedRaftLogWorker for RaftStorageImpl:Storage Directory /home/runner/work/ozone/ozone/hadoop-ozone/integration-test/target/test-dir/MiniOzoneClusterImpl-d43ea6a6-39cf-404b-af74-5e65bec6c33b/ozone-meta/datanode-1/ratis/ebfa0b04-bdee-4a3e-8eb5-e2a1be1294d8
2024-08-09 18:21:02,175 [98b1311b-33ed-441a-9d1f-284a1b8d0a39-groupManagement] INFO  server.RaftServerConfigKeys (ConfUtils.java:logGet(46)) - raft.server.log.queue.byte-limit = 4294967296 (custom)
2024-08-09 18:21:02,175 [98b1311b-33ed-441a-9d1f-284a1b8d0a39-groupManagement] INFO  server.RaftServerConfigKeys (ConfUtils.java:logGet(46)) - raft.server.log.queue.element-limit = 1024 (custom)
2024-08-09 18:21:02,175 [98b1311b-33ed-441a-9d1f-284a1b8d0a39-groupManagement] INFO  server.RaftServerConfigKeys (ConfUtils.java:logGet(46)) - raft.server.log.segment.size.max = 67108864 (custom)
2024-08-09 18:21:02,175 [98b1311b-33ed-441a-9d1f-284a1b8d0a39-groupManagement] INFO  server.RaftServerConfigKeys (ConfUtils.java:logGet(46)) - raft.server.log.preallocated.size = 4194304 (custom)
2024-08-09 18:21:02,175 [98b1311b-33ed-441a-9d1f-284a1b8d0a39-groupManagement] INFO  server.RaftServerConfigKeys (ConfUtils.java:logGet(46)) - raft.server.log.force.sync.num = 128 (default)
2024-08-09 18:21:02,176 [98b1311b-33ed-441a-9d1f-284a1b8d0a39-groupManagement] INFO  server.RaftServerConfigKeys (ConfUtils.java:logGet(46)) - raft.server.log.statemachine.data.sync = true (default)
2024-08-09 18:21:02,176 [98b1311b-33ed-441a-9d1f-284a1b8d0a39-groupManagement] INFO  server.RaftServerConfigKeys (ConfUtils.java:logGet(46)) - raft.server.log.statemachine.data.sync.timeout = 10s (default)
2024-08-09 18:21:02,176 [98b1311b-33ed-441a-9d1f-284a1b8d0a39-groupManagement] INFO  server.RaftServerConfigKeys (ConfUtils.java:logGet(46)) - raft.server.log.statemachine.data.sync.timeout.retry = 30 (custom)
2024-08-09 18:21:02,176 [98b1311b-33ed-441a-9d1f-284a1b8d0a39-groupManagement] INFO  server.RaftServerConfigKeys (ConfUtils.java:logGet(46)) - raft.server.log.write.buffer.size = 8388616 (custom)
2024-08-09 18:21:02,177 [98b1311b-33ed-441a-9d1f-284a1b8d0a39-groupManagement] INFO  server.RaftServerConfigKeys (ConfUtils.java:logGet(46)) - raft.server.log.appender.buffer.byte-limit = 8388608 (custom)
2024-08-09 18:21:02,177 [98b1311b-33ed-441a-9d1f-284a1b8d0a39-groupManagement] INFO  server.RaftServerConfigKeys (ConfUtils.java:logGet(46)) - raft.server.log.unsafe-flush.enabled = false (default)
2024-08-09 18:21:02,177 [98b1311b-33ed-441a-9d1f-284a1b8d0a39-groupManagement] INFO  server.RaftServerConfigKeys (ConfUtils.java:logGet(46)) - raft.server.log.async-flush.enabled = false (default)
2024-08-09 18:21:02,177 [98b1311b-33ed-441a-9d1f-284a1b8d0a39-groupManagement] INFO  server.RaftServerConfigKeys (ConfUtils.java:logGet(46)) - raft.server.log.statemachine.data.caching.enabled = true (custom)
2024-08-09 18:21:02,177 [98b1311b-33ed-441a-9d1f-284a1b8d0a39-groupManagement] INFO  segmented.SegmentedRaftLogWorker (SegmentedRaftLogWorker.java:lambda$new$0(135)) - 98b1311b-33ed-441a-9d1f-284a1b8d0a39@group-E2A1BE1294D8-SegmentedRaftLogWorker: flushIndex: setUnconditionally 0 -> -1
2024-08-09 18:21:02,178 [98b1311b-33ed-441a-9d1f-284a1b8d0a39-groupManagement] INFO  segmented.SegmentedRaftLogWorker (SegmentedRaftLogWorker.java:lambda$new$0(135)) - 98b1311b-33ed-441a-9d1f-284a1b8d0a39@group-E2A1BE1294D8-SegmentedRaftLogWorker: safeCacheEvictIndex: setUnconditionally 0 -> -1
2024-08-09 18:21:02,178 [98b1311b-33ed-441a-9d1f-284a1b8d0a39-groupManagement] INFO  server.RaftServer$Division (RaftServerImpl.java:start(389)) - 98b1311b-33ed-441a-9d1f-284a1b8d0a39@group-E2A1BE1294D8: start as a follower, conf=conf: {index: -1, cur=peers:[98b1311b-33ed-441a-9d1f-284a1b8d0a39|127.0.0.1:15595, 3ef2c69f-b325-49e4-8b40-b7dfff9ecdd0|127.0.0.1:15604, 9be8d1c2-cf5e-49e7-8b06-3e73843a30ba|127.0.0.1:15613]|listeners:[], old=null}
2024-08-09 18:21:02,178 [98b1311b-33ed-441a-9d1f-284a1b8d0a39-groupManagement] INFO  server.RaftServer$Division (RaftServerImpl.java:setRole(376)) - 98b1311b-33ed-441a-9d1f-284a1b8d0a39@group-E2A1BE1294D8: changes role from      null to FOLLOWER at term 0 for startAsFollower
2024-08-09 18:21:02,178 [98b1311b-33ed-441a-9d1f-284a1b8d0a39-groupManagement] INFO  impl.RoleInfo (RoleInfo.java:updateAndGet(148)) - 98b1311b-33ed-441a-9d1f-284a1b8d0a39: start 98b1311b-33ed-441a-9d1f-284a1b8d0a39@group-E2A1BE1294D8-FollowerState
2024-08-09 18:21:02,178 [98b1311b-33ed-441a-9d1f-284a1b8d0a39@group-E2A1BE1294D8-FollowerState] INFO  server.RaftServerConfigKeys (ConfUtils.java:logFallback(53)) - raft.server.rpc.first-election.timeout.min = 5s (fallback to raft.server.rpc.timeout.min)
2024-08-09 18:21:02,178 [98b1311b-33ed-441a-9d1f-284a1b8d0a39@group-E2A1BE1294D8-FollowerState] INFO  server.RaftServerConfigKeys (ConfUtils.java:logFallback(53)) - raft.server.rpc.first-election.timeout.max = 5200ms (fallback to raft.server.rpc.timeout.max)
2024-08-09 18:21:02,178 [98b1311b-33ed-441a-9d1f-284a1b8d0a39-groupManagement] INFO  util.JmxRegister (JmxRegister.java:tryRegister(44)) - Successfully registered JMX Bean with object name Ratis:service=RaftServer,group=group-E2A1BE1294D8,id=98b1311b-33ed-441a-9d1f-284a1b8d0a39
2024-08-09 18:21:02,178 [98b1311b-33ed-441a-9d1f-284a1b8d0a39-groupManagement] INFO  util.JmxRegister (JmxRegister.java:register(58)) - register mxBean class org.apache.ratis.server.impl.RaftServerJmxAdapter as Ratis:service=RaftServer,group=group-E2A1BE1294D8,id=98b1311b-33ed-441a-9d1f-284a1b8d0a39
2024-08-09 18:21:02,178 [98b1311b-33ed-441a-9d1f-284a1b8d0a39-groupManagement] INFO  server.RaftServerConfigKeys (ConfUtils.java:logGet(46)) - raft.server.snapshot.trigger-when-stop.enabled = true (default)
2024-08-09 18:21:02,178 [98b1311b-33ed-441a-9d1f-284a1b8d0a39-groupManagement] INFO  server.RaftServerConfigKeys (ConfUtils.java:logGet(46)) - raft.server.snapshot.trigger-when-remove.enabled = true (default)
2024-08-09 18:21:02,178 [98b1311b-33ed-441a-9d1f-284a1b8d0a39-groupManagement] INFO  server.RaftServerConfigKeys (ConfUtils.java:logGet(46)) - raft.server.snapshot.auto.trigger.enabled = true (custom)
2024-08-09 18:21:02,178 [98b1311b-33ed-441a-9d1f-284a1b8d0a39-groupManagement] INFO  server.RaftServerConfigKeys (ConfUtils.java:logGet(46)) - raft.server.snapshot.auto.trigger.threshold = 10000 (custom)
2024-08-09 18:21:02,178 [98b1311b-33ed-441a-9d1f-284a1b8d0a39-groupManagement] INFO  server.RaftServerConfigKeys (ConfUtils.java:logGet(46)) - raft.server.snapshot.retention.file.num = 5 (custom)
2024-08-09 18:21:02,178 [98b1311b-33ed-441a-9d1f-284a1b8d0a39-groupManagement] INFO  server.RaftServerConfigKeys (ConfUtils.java:logGet(46)) - raft.server.log.purge.upto.snapshot.index = false (default)
2024-08-09 18:21:02,179 [98b1311b-33ed-441a-9d1f-284a1b8d0a39-PipelineCommandHandlerThread-0] INFO  ratis.XceiverServerRatis (XceiverServerRatis.java:addGroup(846)) - Created group PipelineID=ebfa0b04-bdee-4a3e-8eb5-e2a1be1294d8
2024-08-09 18:21:02,182 [grpc-default-executor-1] INFO  server.RaftServer (RaftServerProxy.java:addNew(101)) - 3ef2c69f-b325-49e4-8b40-b7dfff9ecdd0: addNew group-E2A1BE1294D8:[98b1311b-33ed-441a-9d1f-284a1b8d0a39|127.0.0.1:15595, 3ef2c69f-b325-49e4-8b40-b7dfff9ecdd0|127.0.0.1:15604, 9be8d1c2-cf5e-49e7-8b06-3e73843a30ba|127.0.0.1:15613] returns group-E2A1BE1294D8:java.util.concurrent.CompletableFuture@f6a9af4[Not completed]
2024-08-09 18:21:02,182 [3ef2c69f-b325-49e4-8b40-b7dfff9ecdd0-groupManagement] INFO  server.RaftServer$Division (RaftServerImpl.java:<init>(253)) - 3ef2c69f-b325-49e4-8b40-b7dfff9ecdd0: new RaftServerImpl for group-E2A1BE1294D8:[98b1311b-33ed-441a-9d1f-284a1b8d0a39|127.0.0.1:15595, 3ef2c69f-b325-49e4-8b40-b7dfff9ecdd0|127.0.0.1:15604, 9be8d1c2-cf5e-49e7-8b06-3e73843a30ba|127.0.0.1:15613] with ContainerStateMachine:uninitialized
2024-08-09 18:21:02,182 [3ef2c69f-b325-49e4-8b40-b7dfff9ecdd0-groupManagement] INFO  server.RaftServerConfigKeys (ConfUtils.java:logGet(46)) - raft.server.rpc.timeout.min = 5s (custom)
2024-08-09 18:21:02,183 [3ef2c69f-b325-49e4-8b40-b7dfff9ecdd0-groupManagement] INFO  server.RaftServerConfigKeys (ConfUtils.java:logGet(46)) - raft.server.rpc.timeout.max = 5200ms (custom)
2024-08-09 18:21:02,183 [3ef2c69f-b325-49e4-8b40-b7dfff9ecdd0-groupManagement] INFO  server.RaftServerConfigKeys (ConfUtils.java:logGet(46)) - raft.server.rpc.sleep.time = 25ms (default)
2024-08-09 18:21:02,183 [3ef2c69f-b325-49e4-8b40-b7dfff9ecdd0-groupManagement] INFO  server.RaftServerConfigKeys (ConfUtils.java:logGet(46)) - raft.server.rpc.slowness.timeout = 300000ms (custom)
2024-08-09 18:21:02,183 [3ef2c69f-b325-49e4-8b40-b7dfff9ecdd0-groupManagement] INFO  server.RaftServerConfigKeys (ConfUtils.java:logGet(46)) - raft.server.leaderelection.leader.step-down.wait-time = 10s (default)
2024-08-09 18:21:02,183 [3ef2c69f-b325-49e4-8b40-b7dfff9ecdd0-groupManagement] INFO  server.RaftServerConfigKeys (ConfUtils.java:logGet(46)) - raft.server.leaderelection.member.majority-add = false (default)
2024-08-09 18:21:02,183 [3ef2c69f-b325-49e4-8b40-b7dfff9ecdd0-groupManagement] INFO  server.RaftServerConfigKeys (ConfUtils.java:logGet(46)) - raft.server.sleep.deviation.threshold = 300ms (default)
2024-08-09 18:21:02,183 [3ef2c69f-b325-49e4-8b40-b7dfff9ecdd0-groupManagement] INFO  server.RaftServer$Division (ServerState.java:<init>(114)) - 3ef2c69f-b325-49e4-8b40-b7dfff9ecdd0@group-E2A1BE1294D8: ConfigurationManager, init=conf: {index: -1, cur=peers:[98b1311b-33ed-441a-9d1f-284a1b8d0a39|127.0.0.1:15595, 3ef2c69f-b325-49e4-8b40-b7dfff9ecdd0|127.0.0.1:15604, 9be8d1c2-cf5e-49e7-8b06-3e73843a30ba|127.0.0.1:15613]|listeners:[], old=null}, confs=<EMPTY_MAP>
2024-08-09 18:21:02,183 [3ef2c69f-b325-49e4-8b40-b7dfff9ecdd0-groupManagement] INFO  server.RaftServerConfigKeys (ConfUtils.java:logGet(46)) - raft.server.notification.no-leader.timeout = 300000ms (custom)
2024-08-09 18:21:02,183 [3ef2c69f-b325-49e4-8b40-b7dfff9ecdd0-groupManagement] INFO  server.RaftServerConfigKeys (ConfUtils.java:logGet(46)) - raft.server.read.timeout = 10s (default)
2024-08-09 18:21:02,183 [3ef2c69f-b325-49e4-8b40-b7dfff9ecdd0-groupManagement] INFO  server.RaftServerConfigKeys (ConfUtils.java:logGet(46)) - raft.server.retrycache.expirytime = 600000ms (custom)
2024-08-09 18:21:02,183 [3ef2c69f-b325-49e4-8b40-b7dfff9ecdd0-groupManagement] INFO  server.RaftServerConfigKeys (ConfUtils.java:logGet(46)) - raft.server.retrycache.statistics.expirytime = 100ms (default)
2024-08-09 18:21:02,183 [3ef2c69f-b325-49e4-8b40-b7dfff9ecdd0-groupManagement] INFO  server.RaftServerConfigKeys (ConfUtils.java:logGet(46)) - raft.server.read.option = DEFAULT (default)
2024-08-09 18:21:02,183 [3ef2c69f-b325-49e4-8b40-b7dfff9ecdd0-groupManagement] INFO  server.RaftServerConfigKeys (ConfUtils.java:logGet(46)) - raft.server.read.read-after-write-consistent.write-index-cache.expiry-time = 60s (default)
2024-08-09 18:21:02,184 [3ef2c69f-b325-49e4-8b40-b7dfff9ecdd0-groupManagement] INFO  server.RaftServerConfigKeys (ConfUtils.java:logGet(46)) - raft.server.rpc.request.timeout = 3000ms (default)
2024-08-09 18:21:02,184 [3ef2c69f-b325-49e4-8b40-b7dfff9ecdd0-groupManagement] INFO  server.RaftServerConfigKeys (ConfUtils.java:logGet(46)) - raft.server.log.appender.install.snapshot.enabled = false (custom)
2024-08-09 18:21:02,184 [3ef2c69f-b325-49e4-8b40-b7dfff9ecdd0-groupManagement] INFO  server.RaftServerConfigKeys (ConfUtils.java:logGet(46)) - raft.server.threadpool.server.cached = true (default)
2024-08-09 18:21:02,184 [3ef2c69f-b325-49e4-8b40-b7dfff9ecdd0-groupManagement] INFO  server.RaftServerConfigKeys (ConfUtils.java:logGet(46)) - raft.server.threadpool.server.size = 0 (default)
2024-08-09 18:21:02,184 [3ef2c69f-b325-49e4-8b40-b7dfff9ecdd0-groupManagement] INFO  server.RaftServerConfigKeys (ConfUtils.java:logGet(46)) - raft.server.threadpool.client.cached = true (default)
2024-08-09 18:21:02,184 [3ef2c69f-b325-49e4-8b40-b7dfff9ecdd0-groupManagement] INFO  server.RaftServerConfigKeys (ConfUtils.java:logGet(46)) - raft.server.threadpool.client.size = 0 (default)
2024-08-09 18:21:02,185 [3ef2c69f-b325-49e4-8b40-b7dfff9ecdd0-groupManagement] INFO  server.RaftServerConfigKeys (ConfUtils.java:logGet(46)) - raft.server.storage.free-space.min = 0MB (=0) (default)
2024-08-09 18:21:02,185 [3ef2c69f-b325-49e4-8b40-b7dfff9ecdd0-groupManagement] INFO  server.RaftServerConfigKeys (ConfUtils.java:logGet(46)) - raft.server.log.corruption.policy = EXCEPTION (default)
2024-08-09 18:21:02,185 [3ef2c69f-b325-49e4-8b40-b7dfff9ecdd0-groupManagement] INFO  server.RaftServerConfigKeys (ConfUtils.java:logGet(46)) - raft.server.storage.dir = [/home/runner/work/ozone/ozone/hadoop-ozone/integration-test/target/test-dir/MiniOzoneClusterImpl-d43ea6a6-39cf-404b-af74-5e65bec6c33b/ozone-meta/datanode-2/ratis] (custom)
2024-08-09 18:21:02,185 [3ef2c69f-b325-49e4-8b40-b7dfff9ecdd0-groupManagement] INFO  storage.RaftStorageDirectory (RaftStorageDirectoryImpl.java:analyzeStorage(138)) - The storage directory /home/runner/work/ozone/ozone/hadoop-ozone/integration-test/target/test-dir/MiniOzoneClusterImpl-d43ea6a6-39cf-404b-af74-5e65bec6c33b/ozone-meta/datanode-2/ratis/ebfa0b04-bdee-4a3e-8eb5-e2a1be1294d8 does not exist. Creating ...
2024-08-09 18:21:02,186 [3ef2c69f-b325-49e4-8b40-b7dfff9ecdd0-groupManagement] INFO  storage.RaftStorageDirectory (RaftStorageDirectoryImpl.java:tryLock(229)) - Lock on /home/runner/work/ozone/ozone/hadoop-ozone/integration-test/target/test-dir/MiniOzoneClusterImpl-d43ea6a6-39cf-404b-af74-5e65bec6c33b/ozone-meta/datanode-2/ratis/ebfa0b04-bdee-4a3e-8eb5-e2a1be1294d8/in_use.lock acquired by nodename 49851@fv-az1244-646
2024-08-09 18:21:02,187 [3ef2c69f-b325-49e4-8b40-b7dfff9ecdd0-groupManagement] INFO  storage.RaftStorage (RaftStorageImpl.java:format(98)) - Storage directory /home/runner/work/ozone/ozone/hadoop-ozone/integration-test/target/test-dir/MiniOzoneClusterImpl-d43ea6a6-39cf-404b-af74-5e65bec6c33b/ozone-meta/datanode-2/ratis/ebfa0b04-bdee-4a3e-8eb5-e2a1be1294d8 has been successfully formatted.
2024-08-09 18:21:02,187 [3ef2c69f-b325-49e4-8b40-b7dfff9ecdd0-groupManagement] INFO  ratis.ContainerStateMachine (ContainerStateMachine.java:loadSnapshot(287)) - group-E2A1BE1294D8: The snapshot info is null. Setting the last applied index to:(t:0, i:~)
2024-08-09 18:21:02,187 [3ef2c69f-b325-49e4-8b40-b7dfff9ecdd0-groupManagement] INFO  server.RaftServerConfigKeys (ConfUtils.java:logGet(46)) - raft.server.log.use.memory = false (default)
2024-08-09 18:21:02,187 [3ef2c69f-b325-49e4-8b40-b7dfff9ecdd0-groupManagement] INFO  server.RaftServerConfigKeys (ConfUtils.java:logGet(46)) - raft.server.log.purge.gap = 1000000 (custom)
2024-08-09 18:21:02,187 [3ef2c69f-b325-49e4-8b40-b7dfff9ecdd0-groupManagement] INFO  server.RaftServerConfigKeys (ConfUtils.java:logGet(46)) - raft.server.log.appender.buffer.byte-limit = 8388608 (custom)
2024-08-09 18:21:02,187 [3ef2c69f-b325-49e4-8b40-b7dfff9ecdd0-groupManagement] INFO  server.RaftServerConfigKeys (ConfUtils.java:logGet(46)) - raft.server.log.statemachine.data.read.timeout = 1000ms (default)
2024-08-09 18:21:02,187 [3ef2c69f-b325-49e4-8b40-b7dfff9ecdd0-groupManagement] INFO  server.RaftServerConfigKeys (ConfUtils.java:logGet(46)) - raft.server.log.purge.preservation.log.num = 0 (default)
2024-08-09 18:21:02,188 [3ef2c69f-b325-49e4-8b40-b7dfff9ecdd0-groupManagement] INFO  server.RaftServerConfigKeys (ConfUtils.java:logGet(46)) - raft.server.log.segment.size.max = 67108864 (custom)
2024-08-09 18:21:02,188 [3ef2c69f-b325-49e4-8b40-b7dfff9ecdd0-groupManagement] INFO  server.RaftServerConfigKeys (ConfUtils.java:logGet(46)) - raft.server.log.segment.cache.num.max = 2 (custom)
2024-08-09 18:21:02,188 [3ef2c69f-b325-49e4-8b40-b7dfff9ecdd0-groupManagement] INFO  server.RaftServerConfigKeys (ConfUtils.java:logGet(46)) - raft.server.log.segment.cache.size.max = 200MB (=209715200) (default)
2024-08-09 18:21:02,188 [3ef2c69f-b325-49e4-8b40-b7dfff9ecdd0-groupManagement] INFO  server.RaftServerConfigKeys (ConfUtils.java:logGet(46)) - raft.server.log.appender.buffer.byte-limit = 8388608 (custom)
2024-08-09 18:21:02,188 [3ef2c69f-b325-49e4-8b40-b7dfff9ecdd0-groupManagement] INFO  util.AwaitToRun (AwaitToRun.java:start(81)) - Thread[3ef2c69f-b325-49e4-8b40-b7dfff9ecdd0@group-E2A1BE1294D8-cacheEviction-AwaitToRun,5,main] started
2024-08-09 18:21:02,188 [3ef2c69f-b325-49e4-8b40-b7dfff9ecdd0-groupManagement] INFO  segmented.SegmentedRaftLogWorker (SegmentedRaftLogWorker.java:<init>(184)) - new 3ef2c69f-b325-49e4-8b40-b7dfff9ecdd0@group-E2A1BE1294D8-SegmentedRaftLogWorker for RaftStorageImpl:Storage Directory /home/runner/work/ozone/ozone/hadoop-ozone/integration-test/target/test-dir/MiniOzoneClusterImpl-d43ea6a6-39cf-404b-af74-5e65bec6c33b/ozone-meta/datanode-2/ratis/ebfa0b04-bdee-4a3e-8eb5-e2a1be1294d8
2024-08-09 18:21:02,188 [3ef2c69f-b325-49e4-8b40-b7dfff9ecdd0-groupManagement] INFO  server.RaftServerConfigKeys (ConfUtils.java:logGet(46)) - raft.server.log.queue.byte-limit = 4294967296 (custom)
2024-08-09 18:21:02,188 [3ef2c69f-b325-49e4-8b40-b7dfff9ecdd0-groupManagement] INFO  server.RaftServerConfigKeys (ConfUtils.java:logGet(46)) - raft.server.log.queue.element-limit = 1024 (custom)
2024-08-09 18:21:02,188 [3ef2c69f-b325-49e4-8b40-b7dfff9ecdd0-groupManagement] INFO  server.RaftServerConfigKeys (ConfUtils.java:logGet(46)) - raft.server.log.segment.size.max = 67108864 (custom)
2024-08-09 18:21:02,189 [3ef2c69f-b325-49e4-8b40-b7dfff9ecdd0-groupManagement] INFO  server.RaftServerConfigKeys (ConfUtils.java:logGet(46)) - raft.server.log.preallocated.size = 4194304 (custom)
2024-08-09 18:21:02,189 [3ef2c69f-b325-49e4-8b40-b7dfff9ecdd0-groupManagement] INFO  server.RaftServerConfigKeys (ConfUtils.java:logGet(46)) - raft.server.log.force.sync.num = 128 (default)
2024-08-09 18:21:02,189 [3ef2c69f-b325-49e4-8b40-b7dfff9ecdd0-groupManagement] INFO  server.RaftServerConfigKeys (ConfUtils.java:logGet(46)) - raft.server.log.statemachine.data.sync = true (default)
2024-08-09 18:21:02,189 [3ef2c69f-b325-49e4-8b40-b7dfff9ecdd0-groupManagement] INFO  server.RaftServerConfigKeys (ConfUtils.java:logGet(46)) - raft.server.log.statemachine.data.sync.timeout = 10s (default)
2024-08-09 18:21:02,189 [3ef2c69f-b325-49e4-8b40-b7dfff9ecdd0-groupManagement] INFO  server.RaftServerConfigKeys (ConfUtils.java:logGet(46)) - raft.server.log.statemachine.data.sync.timeout.retry = 30 (custom)
2024-08-09 18:21:02,189 [3ef2c69f-b325-49e4-8b40-b7dfff9ecdd0-groupManagement] INFO  server.RaftServerConfigKeys (ConfUtils.java:logGet(46)) - raft.server.log.write.buffer.size = 8388616 (custom)
2024-08-09 18:21:02,190 [3ef2c69f-b325-49e4-8b40-b7dfff9ecdd0-groupManagement] INFO  server.RaftServerConfigKeys (ConfUtils.java:logGet(46)) - raft.server.log.appender.buffer.byte-limit = 8388608 (custom)
2024-08-09 18:21:02,190 [3ef2c69f-b325-49e4-8b40-b7dfff9ecdd0-groupManagement] INFO  server.RaftServerConfigKeys (ConfUtils.java:logGet(46)) - raft.server.log.unsafe-flush.enabled = false (default)
2024-08-09 18:21:02,190 [3ef2c69f-b325-49e4-8b40-b7dfff9ecdd0-groupManagement] INFO  server.RaftServerConfigKeys (ConfUtils.java:logGet(46)) - raft.server.log.async-flush.enabled = false (default)
2024-08-09 18:21:02,190 [3ef2c69f-b325-49e4-8b40-b7dfff9ecdd0-groupManagement] INFO  server.RaftServerConfigKeys (ConfUtils.java:logGet(46)) - raft.server.log.statemachine.data.caching.enabled = true (custom)
2024-08-09 18:21:02,191 [3ef2c69f-b325-49e4-8b40-b7dfff9ecdd0-groupManagement] INFO  segmented.SegmentedRaftLogWorker (SegmentedRaftLogWorker.java:lambda$new$0(135)) - 3ef2c69f-b325-49e4-8b40-b7dfff9ecdd0@group-E2A1BE1294D8-SegmentedRaftLogWorker: flushIndex: setUnconditionally 0 -> -1
2024-08-09 18:21:02,191 [3ef2c69f-b325-49e4-8b40-b7dfff9ecdd0-groupManagement] INFO  segmented.SegmentedRaftLogWorker (SegmentedRaftLogWorker.java:lambda$new$0(135)) - 3ef2c69f-b325-49e4-8b40-b7dfff9ecdd0@group-E2A1BE1294D8-SegmentedRaftLogWorker: safeCacheEvictIndex: setUnconditionally 0 -> -1
2024-08-09 18:21:02,191 [3ef2c69f-b325-49e4-8b40-b7dfff9ecdd0-groupManagement] INFO  server.RaftServer$Division (RaftServerImpl.java:start(389)) - 3ef2c69f-b325-49e4-8b40-b7dfff9ecdd0@group-E2A1BE1294D8: start as a follower, conf=conf: {index: -1, cur=peers:[98b1311b-33ed-441a-9d1f-284a1b8d0a39|127.0.0.1:15595, 3ef2c69f-b325-49e4-8b40-b7dfff9ecdd0|127.0.0.1:15604, 9be8d1c2-cf5e-49e7-8b06-3e73843a30ba|127.0.0.1:15613]|listeners:[], old=null}
2024-08-09 18:21:02,191 [3ef2c69f-b325-49e4-8b40-b7dfff9ecdd0-groupManagement] INFO  server.RaftServer$Division (RaftServerImpl.java:setRole(376)) - 3ef2c69f-b325-49e4-8b40-b7dfff9ecdd0@group-E2A1BE1294D8: changes role from      null to FOLLOWER at term 0 for startAsFollower
2024-08-09 18:21:02,191 [3ef2c69f-b325-49e4-8b40-b7dfff9ecdd0-groupManagement] INFO  impl.RoleInfo (RoleInfo.java:updateAndGet(148)) - 3ef2c69f-b325-49e4-8b40-b7dfff9ecdd0: start 3ef2c69f-b325-49e4-8b40-b7dfff9ecdd0@group-E2A1BE1294D8-FollowerState
2024-08-09 18:21:02,191 [3ef2c69f-b325-49e4-8b40-b7dfff9ecdd0@group-E2A1BE1294D8-FollowerState] INFO  server.RaftServerConfigKeys (ConfUtils.java:logFallback(53)) - raft.server.rpc.first-election.timeout.min = 5s (fallback to raft.server.rpc.timeout.min)
2024-08-09 18:21:02,191 [3ef2c69f-b325-49e4-8b40-b7dfff9ecdd0@group-E2A1BE1294D8-FollowerState] INFO  server.RaftServerConfigKeys (ConfUtils.java:logFallback(53)) - raft.server.rpc.first-election.timeout.max = 5200ms (fallback to raft.server.rpc.timeout.max)
2024-08-09 18:21:02,191 [3ef2c69f-b325-49e4-8b40-b7dfff9ecdd0-groupManagement] INFO  util.JmxRegister (JmxRegister.java:tryRegister(44)) - Successfully registered JMX Bean with object name Ratis:service=RaftServer,group=group-E2A1BE1294D8,id=3ef2c69f-b325-49e4-8b40-b7dfff9ecdd0
2024-08-09 18:21:02,191 [3ef2c69f-b325-49e4-8b40-b7dfff9ecdd0-groupManagement] INFO  util.JmxRegister (JmxRegister.java:register(58)) - register mxBean class org.apache.ratis.server.impl.RaftServerJmxAdapter as Ratis:service=RaftServer,group=group-E2A1BE1294D8,id=3ef2c69f-b325-49e4-8b40-b7dfff9ecdd0
2024-08-09 18:21:02,191 [3ef2c69f-b325-49e4-8b40-b7dfff9ecdd0-groupManagement] INFO  server.RaftServerConfigKeys (ConfUtils.java:logGet(46)) - raft.server.snapshot.trigger-when-stop.enabled = true (default)
2024-08-09 18:21:02,191 [3ef2c69f-b325-49e4-8b40-b7dfff9ecdd0-groupManagement] INFO  server.RaftServerConfigKeys (ConfUtils.java:logGet(46)) - raft.server.snapshot.trigger-when-remove.enabled = true (default)
2024-08-09 18:21:02,191 [3ef2c69f-b325-49e4-8b40-b7dfff9ecdd0-groupManagement] INFO  server.RaftServerConfigKeys (ConfUtils.java:logGet(46)) - raft.server.snapshot.auto.trigger.enabled = true (custom)
2024-08-09 18:21:02,191 [3ef2c69f-b325-49e4-8b40-b7dfff9ecdd0-groupManagement] INFO  server.RaftServerConfigKeys (ConfUtils.java:logGet(46)) - raft.server.snapshot.auto.trigger.threshold = 10000 (custom)
2024-08-09 18:21:02,192 [3ef2c69f-b325-49e4-8b40-b7dfff9ecdd0-groupManagement] INFO  server.RaftServerConfigKeys (ConfUtils.java:logGet(46)) - raft.server.snapshot.retention.file.num = 5 (custom)
2024-08-09 18:21:02,192 [3ef2c69f-b325-49e4-8b40-b7dfff9ecdd0-groupManagement] INFO  server.RaftServerConfigKeys (ConfUtils.java:logGet(46)) - raft.server.log.purge.upto.snapshot.index = false (default)
2024-08-09 18:21:02,196 [grpc-default-executor-1] INFO  server.RaftServer (RaftServerProxy.java:addNew(101)) - 9be8d1c2-cf5e-49e7-8b06-3e73843a30ba: addNew group-E2A1BE1294D8:[98b1311b-33ed-441a-9d1f-284a1b8d0a39|127.0.0.1:15595, 3ef2c69f-b325-49e4-8b40-b7dfff9ecdd0|127.0.0.1:15604, 9be8d1c2-cf5e-49e7-8b06-3e73843a30ba|127.0.0.1:15613] returns group-E2A1BE1294D8:java.util.concurrent.CompletableFuture@6a81cc04[Not completed]
2024-08-09 18:21:02,197 [9be8d1c2-cf5e-49e7-8b06-3e73843a30ba-groupManagement] INFO  server.RaftServer$Division (RaftServerImpl.java:<init>(253)) - 9be8d1c2-cf5e-49e7-8b06-3e73843a30ba: new RaftServerImpl for group-E2A1BE1294D8:[98b1311b-33ed-441a-9d1f-284a1b8d0a39|127.0.0.1:15595, 3ef2c69f-b325-49e4-8b40-b7dfff9ecdd0|127.0.0.1:15604, 9be8d1c2-cf5e-49e7-8b06-3e73843a30ba|127.0.0.1:15613] with ContainerStateMachine:uninitialized
2024-08-09 18:21:02,197 [9be8d1c2-cf5e-49e7-8b06-3e73843a30ba-groupManagement] INFO  server.RaftServerConfigKeys (ConfUtils.java:logGet(46)) - raft.server.rpc.timeout.min = 5s (custom)
2024-08-09 18:21:02,197 [9be8d1c2-cf5e-49e7-8b06-3e73843a30ba-groupManagement] INFO  server.RaftServerConfigKeys (ConfUtils.java:logGet(46)) - raft.server.rpc.timeout.max = 5200ms (custom)
2024-08-09 18:21:02,197 [9be8d1c2-cf5e-49e7-8b06-3e73843a30ba-groupManagement] INFO  server.RaftServerConfigKeys (ConfUtils.java:logGet(46)) - raft.server.rpc.sleep.time = 25ms (default)
2024-08-09 18:21:02,197 [9be8d1c2-cf5e-49e7-8b06-3e73843a30ba-groupManagement] INFO  server.RaftServerConfigKeys (ConfUtils.java:logGet(46)) - raft.server.rpc.slowness.timeout = 300000ms (custom)
2024-08-09 18:21:02,197 [9be8d1c2-cf5e-49e7-8b06-3e73843a30ba-groupManagement] INFO  server.RaftServerConfigKeys (ConfUtils.java:logGet(46)) - raft.server.leaderelection.leader.step-down.wait-time = 10s (default)
2024-08-09 18:21:02,197 [9be8d1c2-cf5e-49e7-8b06-3e73843a30ba-groupManagement] INFO  server.RaftServerConfigKeys (ConfUtils.java:logGet(46)) - raft.server.leaderelection.member.majority-add = false (default)
2024-08-09 18:21:02,197 [9be8d1c2-cf5e-49e7-8b06-3e73843a30ba-groupManagement] INFO  server.RaftServerConfigKeys (ConfUtils.java:logGet(46)) - raft.server.sleep.deviation.threshold = 300ms (default)
2024-08-09 18:21:02,197 [9be8d1c2-cf5e-49e7-8b06-3e73843a30ba-groupManagement] INFO  server.RaftServer$Division (ServerState.java:<init>(114)) - 9be8d1c2-cf5e-49e7-8b06-3e73843a30ba@group-E2A1BE1294D8: ConfigurationManager, init=conf: {index: -1, cur=peers:[98b1311b-33ed-441a-9d1f-284a1b8d0a39|127.0.0.1:15595, 3ef2c69f-b325-49e4-8b40-b7dfff9ecdd0|127.0.0.1:15604, 9be8d1c2-cf5e-49e7-8b06-3e73843a30ba|127.0.0.1:15613]|listeners:[], old=null}, confs=<EMPTY_MAP>
2024-08-09 18:21:02,197 [9be8d1c2-cf5e-49e7-8b06-3e73843a30ba-groupManagement] INFO  server.RaftServerConfigKeys (ConfUtils.java:logGet(46)) - raft.server.notification.no-leader.timeout = 300000ms (custom)
2024-08-09 18:21:02,197 [9be8d1c2-cf5e-49e7-8b06-3e73843a30ba-groupManagement] INFO  server.RaftServerConfigKeys (ConfUtils.java:logGet(46)) - raft.server.read.timeout = 10s (default)
2024-08-09 18:21:02,197 [9be8d1c2-cf5e-49e7-8b06-3e73843a30ba-groupManagement] INFO  server.RaftServerConfigKeys (ConfUtils.java:logGet(46)) - raft.server.retrycache.expirytime = 600000ms (custom)
2024-08-09 18:21:02,197 [9be8d1c2-cf5e-49e7-8b06-3e73843a30ba-groupManagement] INFO  server.RaftServerConfigKeys (ConfUtils.java:logGet(46)) - raft.server.retrycache.statistics.expirytime = 100ms (default)
2024-08-09 18:21:02,197 [9be8d1c2-cf5e-49e7-8b06-3e73843a30ba-groupManagement] INFO  server.RaftServerConfigKeys (ConfUtils.java:logGet(46)) - raft.server.read.option = DEFAULT (default)
2024-08-09 18:21:02,197 [9be8d1c2-cf5e-49e7-8b06-3e73843a30ba-groupManagement] INFO  server.RaftServerConfigKeys (ConfUtils.java:logGet(46)) - raft.server.read.read-after-write-consistent.write-index-cache.expiry-time = 60s (default)
2024-08-09 18:21:02,199 [9be8d1c2-cf5e-49e7-8b06-3e73843a30ba-groupManagement] INFO  server.RaftServerConfigKeys (ConfUtils.java:logGet(46)) - raft.server.rpc.request.timeout = 3000ms (default)
2024-08-09 18:21:02,199 [9be8d1c2-cf5e-49e7-8b06-3e73843a30ba-groupManagement] INFO  server.RaftServerConfigKeys (ConfUtils.java:logGet(46)) - raft.server.log.appender.install.snapshot.enabled = false (custom)
2024-08-09 18:21:02,199 [9be8d1c2-cf5e-49e7-8b06-3e73843a30ba-groupManagement] INFO  server.RaftServerConfigKeys (ConfUtils.java:logGet(46)) - raft.server.threadpool.server.cached = true (default)
2024-08-09 18:21:02,199 [9be8d1c2-cf5e-49e7-8b06-3e73843a30ba-groupManagement] INFO  server.RaftServerConfigKeys (ConfUtils.java:logGet(46)) - raft.server.threadpool.server.size = 0 (default)
2024-08-09 18:21:02,199 [9be8d1c2-cf5e-49e7-8b06-3e73843a30ba-groupManagement] INFO  server.RaftServerConfigKeys (ConfUtils.java:logGet(46)) - raft.server.threadpool.client.cached = true (default)
2024-08-09 18:21:02,199 [9be8d1c2-cf5e-49e7-8b06-3e73843a30ba-groupManagement] INFO  server.RaftServerConfigKeys (ConfUtils.java:logGet(46)) - raft.server.threadpool.client.size = 0 (default)
2024-08-09 18:21:02,199 [9be8d1c2-cf5e-49e7-8b06-3e73843a30ba-groupManagement] INFO  server.RaftServerConfigKeys (ConfUtils.java:logGet(46)) - raft.server.storage.free-space.min = 0MB (=0) (default)
2024-08-09 18:21:02,199 [9be8d1c2-cf5e-49e7-8b06-3e73843a30ba-groupManagement] INFO  server.RaftServerConfigKeys (ConfUtils.java:logGet(46)) - raft.server.log.corruption.policy = EXCEPTION (default)
2024-08-09 18:21:02,199 [9be8d1c2-cf5e-49e7-8b06-3e73843a30ba-groupManagement] INFO  server.RaftServerConfigKeys (ConfUtils.java:logGet(46)) - raft.server.storage.dir = [/home/runner/work/ozone/ozone/hadoop-ozone/integration-test/target/test-dir/MiniOzoneClusterImpl-d43ea6a6-39cf-404b-af74-5e65bec6c33b/ozone-meta/datanode-3/ratis] (custom)
2024-08-09 18:21:02,199 [9be8d1c2-cf5e-49e7-8b06-3e73843a30ba-groupManagement] INFO  storage.RaftStorageDirectory (RaftStorageDirectoryImpl.java:analyzeStorage(138)) - The storage directory /home/runner/work/ozone/ozone/hadoop-ozone/integration-test/target/test-dir/MiniOzoneClusterImpl-d43ea6a6-39cf-404b-af74-5e65bec6c33b/ozone-meta/datanode-3/ratis/ebfa0b04-bdee-4a3e-8eb5-e2a1be1294d8 does not exist. Creating ...
2024-08-09 18:21:02,202 [9be8d1c2-cf5e-49e7-8b06-3e73843a30ba-groupManagement] INFO  storage.RaftStorageDirectory (RaftStorageDirectoryImpl.java:tryLock(229)) - Lock on /home/runner/work/ozone/ozone/hadoop-ozone/integration-test/target/test-dir/MiniOzoneClusterImpl-d43ea6a6-39cf-404b-af74-5e65bec6c33b/ozone-meta/datanode-3/ratis/ebfa0b04-bdee-4a3e-8eb5-e2a1be1294d8/in_use.lock acquired by nodename 49851@fv-az1244-646
2024-08-09 18:21:02,203 [9be8d1c2-cf5e-49e7-8b06-3e73843a30ba-groupManagement] INFO  storage.RaftStorage (RaftStorageImpl.java:format(98)) - Storage directory /home/runner/work/ozone/ozone/hadoop-ozone/integration-test/target/test-dir/MiniOzoneClusterImpl-d43ea6a6-39cf-404b-af74-5e65bec6c33b/ozone-meta/datanode-3/ratis/ebfa0b04-bdee-4a3e-8eb5-e2a1be1294d8 has been successfully formatted.
2024-08-09 18:21:02,203 [9be8d1c2-cf5e-49e7-8b06-3e73843a30ba-groupManagement] INFO  ratis.ContainerStateMachine (ContainerStateMachine.java:loadSnapshot(287)) - group-E2A1BE1294D8: The snapshot info is null. Setting the last applied index to:(t:0, i:~)
2024-08-09 18:21:02,203 [9be8d1c2-cf5e-49e7-8b06-3e73843a30ba-groupManagement] INFO  server.RaftServerConfigKeys (ConfUtils.java:logGet(46)) - raft.server.log.use.memory = false (default)
2024-08-09 18:21:02,203 [9be8d1c2-cf5e-49e7-8b06-3e73843a30ba-groupManagement] INFO  server.RaftServerConfigKeys (ConfUtils.java:logGet(46)) - raft.server.log.purge.gap = 1000000 (custom)
2024-08-09 18:21:02,203 [9be8d1c2-cf5e-49e7-8b06-3e73843a30ba-groupManagement] INFO  server.RaftServerConfigKeys (ConfUtils.java:logGet(46)) - raft.server.log.appender.buffer.byte-limit = 8388608 (custom)
2024-08-09 18:21:02,203 [9be8d1c2-cf5e-49e7-8b06-3e73843a30ba-groupManagement] INFO  server.RaftServerConfigKeys (ConfUtils.java:logGet(46)) - raft.server.log.statemachine.data.read.timeout = 1000ms (default)
2024-08-09 18:21:02,203 [9be8d1c2-cf5e-49e7-8b06-3e73843a30ba-groupManagement] INFO  server.RaftServerConfigKeys (ConfUtils.java:logGet(46)) - raft.server.log.purge.preservation.log.num = 0 (default)
2024-08-09 18:21:02,204 [9be8d1c2-cf5e-49e7-8b06-3e73843a30ba-groupManagement] INFO  server.RaftServerConfigKeys (ConfUtils.java:logGet(46)) - raft.server.log.segment.size.max = 67108864 (custom)
2024-08-09 18:21:02,204 [9be8d1c2-cf5e-49e7-8b06-3e73843a30ba-groupManagement] INFO  server.RaftServerConfigKeys (ConfUtils.java:logGet(46)) - raft.server.log.segment.cache.num.max = 2 (custom)
2024-08-09 18:21:02,204 [9be8d1c2-cf5e-49e7-8b06-3e73843a30ba-groupManagement] INFO  server.RaftServerConfigKeys (ConfUtils.java:logGet(46)) - raft.server.log.segment.cache.size.max = 200MB (=209715200) (default)
2024-08-09 18:21:02,204 [9be8d1c2-cf5e-49e7-8b06-3e73843a30ba-groupManagement] INFO  server.RaftServerConfigKeys (ConfUtils.java:logGet(46)) - raft.server.log.appender.buffer.byte-limit = 8388608 (custom)
2024-08-09 18:21:02,204 [9be8d1c2-cf5e-49e7-8b06-3e73843a30ba-groupManagement] INFO  util.AwaitToRun (AwaitToRun.java:start(81)) - Thread[9be8d1c2-cf5e-49e7-8b06-3e73843a30ba@group-E2A1BE1294D8-cacheEviction-AwaitToRun,5,main] started
2024-08-09 18:21:02,205 [9be8d1c2-cf5e-49e7-8b06-3e73843a30ba-groupManagement] INFO  segmented.SegmentedRaftLogWorker (SegmentedRaftLogWorker.java:<init>(184)) - new 9be8d1c2-cf5e-49e7-8b06-3e73843a30ba@group-E2A1BE1294D8-SegmentedRaftLogWorker for RaftStorageImpl:Storage Directory /home/runner/work/ozone/ozone/hadoop-ozone/integration-test/target/test-dir/MiniOzoneClusterImpl-d43ea6a6-39cf-404b-af74-5e65bec6c33b/ozone-meta/datanode-3/ratis/ebfa0b04-bdee-4a3e-8eb5-e2a1be1294d8
2024-08-09 18:21:02,205 [9be8d1c2-cf5e-49e7-8b06-3e73843a30ba-groupManagement] INFO  server.RaftServerConfigKeys (ConfUtils.java:logGet(46)) - raft.server.log.queue.byte-limit = 4294967296 (custom)
2024-08-09 18:21:02,205 [9be8d1c2-cf5e-49e7-8b06-3e73843a30ba-groupManagement] INFO  server.RaftServerConfigKeys (ConfUtils.java:logGet(46)) - raft.server.log.queue.element-limit = 1024 (custom)
2024-08-09 18:21:02,205 [9be8d1c2-cf5e-49e7-8b06-3e73843a30ba-groupManagement] INFO  server.RaftServerConfigKeys (ConfUtils.java:logGet(46)) - raft.server.log.segment.size.max = 67108864 (custom)
2024-08-09 18:21:02,205 [9be8d1c2-cf5e-49e7-8b06-3e73843a30ba-groupManagement] INFO  server.RaftServerConfigKeys (ConfUtils.java:logGet(46)) - raft.server.log.preallocated.size = 4194304 (custom)
2024-08-09 18:21:02,205 [9be8d1c2-cf5e-49e7-8b06-3e73843a30ba-groupManagement] INFO  server.RaftServerConfigKeys (ConfUtils.java:logGet(46)) - raft.server.log.force.sync.num = 128 (default)
2024-08-09 18:21:02,205 [9be8d1c2-cf5e-49e7-8b06-3e73843a30ba-groupManagement] INFO  server.RaftServerConfigKeys (ConfUtils.java:logGet(46)) - raft.server.log.statemachine.data.sync = true (default)
2024-08-09 18:21:02,205 [9be8d1c2-cf5e-49e7-8b06-3e73843a30ba-groupManagement] INFO  server.RaftServerConfigKeys (ConfUtils.java:logGet(46)) - raft.server.log.statemachine.data.sync.timeout = 10s (default)
2024-08-09 18:21:02,205 [9be8d1c2-cf5e-49e7-8b06-3e73843a30ba-groupManagement] INFO  server.RaftServerConfigKeys (ConfUtils.java:logGet(46)) - raft.server.log.statemachine.data.sync.timeout.retry = 30 (custom)
2024-08-09 18:21:02,205 [9be8d1c2-cf5e-49e7-8b06-3e73843a30ba-groupManagement] INFO  server.RaftServerConfigKeys (ConfUtils.java:logGet(46)) - raft.server.log.write.buffer.size = 8388616 (custom)
2024-08-09 18:21:02,206 [9be8d1c2-cf5e-49e7-8b06-3e73843a30ba-groupManagement] INFO  server.RaftServerConfigKeys (ConfUtils.java:logGet(46)) - raft.server.log.appender.buffer.byte-limit = 8388608 (custom)
2024-08-09 18:21:02,206 [9be8d1c2-cf5e-49e7-8b06-3e73843a30ba-groupManagement] INFO  server.RaftServerConfigKeys (ConfUtils.java:logGet(46)) - raft.server.log.unsafe-flush.enabled = false (default)
2024-08-09 18:21:02,206 [9be8d1c2-cf5e-49e7-8b06-3e73843a30ba-groupManagement] INFO  server.RaftServerConfigKeys (ConfUtils.java:logGet(46)) - raft.server.log.async-flush.enabled = false (default)
2024-08-09 18:21:02,206 [9be8d1c2-cf5e-49e7-8b06-3e73843a30ba-groupManagement] INFO  server.RaftServerConfigKeys (ConfUtils.java:logGet(46)) - raft.server.log.statemachine.data.caching.enabled = true (custom)
2024-08-09 18:21:02,206 [9be8d1c2-cf5e-49e7-8b06-3e73843a30ba-groupManagement] INFO  segmented.SegmentedRaftLogWorker (SegmentedRaftLogWorker.java:lambda$new$0(135)) - 9be8d1c2-cf5e-49e7-8b06-3e73843a30ba@group-E2A1BE1294D8-SegmentedRaftLogWorker: flushIndex: setUnconditionally 0 -> -1
2024-08-09 18:21:02,206 [9be8d1c2-cf5e-49e7-8b06-3e73843a30ba-groupManagement] INFO  segmented.SegmentedRaftLogWorker (SegmentedRaftLogWorker.java:lambda$new$0(135)) - 9be8d1c2-cf5e-49e7-8b06-3e73843a30ba@group-E2A1BE1294D8-SegmentedRaftLogWorker: safeCacheEvictIndex: setUnconditionally 0 -> -1
2024-08-09 18:21:02,206 [9be8d1c2-cf5e-49e7-8b06-3e73843a30ba-groupManagement] INFO  server.RaftServer$Division (RaftServerImpl.java:start(389)) - 9be8d1c2-cf5e-49e7-8b06-3e73843a30ba@group-E2A1BE1294D8: start as a follower, conf=conf: {index: -1, cur=peers:[98b1311b-33ed-441a-9d1f-284a1b8d0a39|127.0.0.1:15595, 3ef2c69f-b325-49e4-8b40-b7dfff9ecdd0|127.0.0.1:15604, 9be8d1c2-cf5e-49e7-8b06-3e73843a30ba|127.0.0.1:15613]|listeners:[], old=null}
2024-08-09 18:21:02,206 [9be8d1c2-cf5e-49e7-8b06-3e73843a30ba-groupManagement] INFO  server.RaftServer$Division (RaftServerImpl.java:setRole(376)) - 9be8d1c2-cf5e-49e7-8b06-3e73843a30ba@group-E2A1BE1294D8: changes role from      null to FOLLOWER at term 0 for startAsFollower
2024-08-09 18:21:02,206 [9be8d1c2-cf5e-49e7-8b06-3e73843a30ba-groupManagement] INFO  impl.RoleInfo (RoleInfo.java:updateAndGet(148)) - 9be8d1c2-cf5e-49e7-8b06-3e73843a30ba: start 9be8d1c2-cf5e-49e7-8b06-3e73843a30ba@group-E2A1BE1294D8-FollowerState
2024-08-09 18:21:02,206 [9be8d1c2-cf5e-49e7-8b06-3e73843a30ba@group-E2A1BE1294D8-FollowerState] INFO  server.RaftServerConfigKeys (ConfUtils.java:logFallback(53)) - raft.server.rpc.first-election.timeout.min = 5s (fallback to raft.server.rpc.timeout.min)
2024-08-09 18:21:02,206 [9be8d1c2-cf5e-49e7-8b06-3e73843a30ba@group-E2A1BE1294D8-FollowerState] INFO  server.RaftServerConfigKeys (ConfUtils.java:logFallback(53)) - raft.server.rpc.first-election.timeout.max = 5200ms (fallback to raft.server.rpc.timeout.max)
2024-08-09 18:21:02,206 [9be8d1c2-cf5e-49e7-8b06-3e73843a30ba-groupManagement] INFO  util.JmxRegister (JmxRegister.java:tryRegister(44)) - Successfully registered JMX Bean with object name Ratis:service=RaftServer,group=group-E2A1BE1294D8,id=9be8d1c2-cf5e-49e7-8b06-3e73843a30ba
2024-08-09 18:21:02,207 [9be8d1c2-cf5e-49e7-8b06-3e73843a30ba-groupManagement] INFO  util.JmxRegister (JmxRegister.java:register(58)) - register mxBean class org.apache.ratis.server.impl.RaftServerJmxAdapter as Ratis:service=RaftServer,group=group-E2A1BE1294D8,id=9be8d1c2-cf5e-49e7-8b06-3e73843a30ba
2024-08-09 18:21:02,207 [9be8d1c2-cf5e-49e7-8b06-3e73843a30ba-groupManagement] INFO  server.RaftServerConfigKeys (ConfUtils.java:logGet(46)) - raft.server.snapshot.trigger-when-stop.enabled = true (default)
2024-08-09 18:21:02,207 [9be8d1c2-cf5e-49e7-8b06-3e73843a30ba-groupManagement] INFO  server.RaftServerConfigKeys (ConfUtils.java:logGet(46)) - raft.server.snapshot.trigger-when-remove.enabled = true (default)
2024-08-09 18:21:02,207 [9be8d1c2-cf5e-49e7-8b06-3e73843a30ba-groupManagement] INFO  server.RaftServerConfigKeys (ConfUtils.java:logGet(46)) - raft.server.snapshot.auto.trigger.enabled = true (custom)
2024-08-09 18:21:02,207 [9be8d1c2-cf5e-49e7-8b06-3e73843a30ba-groupManagement] INFO  server.RaftServerConfigKeys (ConfUtils.java:logGet(46)) - raft.server.snapshot.auto.trigger.threshold = 10000 (custom)
2024-08-09 18:21:02,207 [9be8d1c2-cf5e-49e7-8b06-3e73843a30ba-groupManagement] INFO  server.RaftServerConfigKeys (ConfUtils.java:logGet(46)) - raft.server.snapshot.retention.file.num = 5 (custom)
2024-08-09 18:21:02,207 [9be8d1c2-cf5e-49e7-8b06-3e73843a30ba-groupManagement] INFO  server.RaftServerConfigKeys (ConfUtils.java:logGet(46)) - raft.server.log.purge.upto.snapshot.index = false (default)
2024-08-09 18:21:02,209 [98b1311b-33ed-441a-9d1f-284a1b8d0a39-PipelineCommandHandlerThread-0] INFO  commandhandler.CreatePipelineCommandHandler (CreatePipelineCommandHandler.java:lambda$handle$2(124)) - Created Pipeline RATIS THREE PipelineID=ebfa0b04-bdee-4a3e-8eb5-e2a1be1294d8.
2024-08-09 18:21:02,286 [3ef2c69f-b325-49e4-8b40-b7dfff9ecdd0-PipelineCommandHandlerThread-0] INFO  server.RaftServer (RaftServerProxy.java:addNew(101)) - 3ef2c69f-b325-49e4-8b40-b7dfff9ecdd0: addNew group-EB4772A83867:[3ef2c69f-b325-49e4-8b40-b7dfff9ecdd0|127.0.0.1:15604] returns group-EB4772A83867:java.util.concurrent.CompletableFuture@68e8f01c[Not completed]
2024-08-09 18:21:02,286 [3ef2c69f-b325-49e4-8b40-b7dfff9ecdd0-groupManagement] INFO  server.RaftServer$Division (RaftServerImpl.java:<init>(253)) - 3ef2c69f-b325-49e4-8b40-b7dfff9ecdd0: new RaftServerImpl for group-EB4772A83867:[3ef2c69f-b325-49e4-8b40-b7dfff9ecdd0|127.0.0.1:15604] with ContainerStateMachine:uninitialized
2024-08-09 18:21:02,286 [3ef2c69f-b325-49e4-8b40-b7dfff9ecdd0-groupManagement] INFO  server.RaftServerConfigKeys (ConfUtils.java:logGet(46)) - raft.server.rpc.timeout.min = 5s (custom)
2024-08-09 18:21:02,286 [3ef2c69f-b325-49e4-8b40-b7dfff9ecdd0-groupManagement] INFO  server.RaftServerConfigKeys (ConfUtils.java:logGet(46)) - raft.server.rpc.timeout.max = 5200ms (custom)
2024-08-09 18:21:02,286 [3ef2c69f-b325-49e4-8b40-b7dfff9ecdd0-groupManagement] INFO  server.RaftServerConfigKeys (ConfUtils.java:logGet(46)) - raft.server.rpc.sleep.time = 25ms (default)
2024-08-09 18:21:02,286 [3ef2c69f-b325-49e4-8b40-b7dfff9ecdd0-groupManagement] INFO  server.RaftServerConfigKeys (ConfUtils.java:logGet(46)) - raft.server.rpc.slowness.timeout = 300000ms (custom)
2024-08-09 18:21:02,286 [3ef2c69f-b325-49e4-8b40-b7dfff9ecdd0-groupManagement] INFO  server.RaftServerConfigKeys (ConfUtils.java:logGet(46)) - raft.server.leaderelection.leader.step-down.wait-time = 10s (default)
2024-08-09 18:21:02,286 [3ef2c69f-b325-49e4-8b40-b7dfff9ecdd0-groupManagement] INFO  server.RaftServerConfigKeys (ConfUtils.java:logGet(46)) - raft.server.leaderelection.member.majority-add = false (default)
2024-08-09 18:21:02,286 [3ef2c69f-b325-49e4-8b40-b7dfff9ecdd0-groupManagement] INFO  server.RaftServerConfigKeys (ConfUtils.java:logGet(46)) - raft.server.sleep.deviation.threshold = 300ms (default)
2024-08-09 18:21:02,287 [3ef2c69f-b325-49e4-8b40-b7dfff9ecdd0-groupManagement] INFO  server.RaftServer$Division (ServerState.java:<init>(114)) - 3ef2c69f-b325-49e4-8b40-b7dfff9ecdd0@group-EB4772A83867: ConfigurationManager, init=conf: {index: -1, cur=peers:[3ef2c69f-b325-49e4-8b40-b7dfff9ecdd0|127.0.0.1:15604]|listeners:[], old=null}, confs=<EMPTY_MAP>
2024-08-09 18:21:02,287 [3ef2c69f-b325-49e4-8b40-b7dfff9ecdd0-groupManagement] INFO  server.RaftServerConfigKeys (ConfUtils.java:logGet(46)) - raft.server.notification.no-leader.timeout = 300000ms (custom)
2024-08-09 18:21:02,287 [3ef2c69f-b325-49e4-8b40-b7dfff9ecdd0-groupManagement] INFO  server.RaftServerConfigKeys (ConfUtils.java:logGet(46)) - raft.server.read.timeout = 10s (default)
2024-08-09 18:21:02,287 [3ef2c69f-b325-49e4-8b40-b7dfff9ecdd0-groupManagement] INFO  server.RaftServerConfigKeys (ConfUtils.java:logGet(46)) - raft.server.retrycache.expirytime = 600000ms (custom)
2024-08-09 18:21:02,287 [3ef2c69f-b325-49e4-8b40-b7dfff9ecdd0-groupManagement] INFO  server.RaftServerConfigKeys (ConfUtils.java:logGet(46)) - raft.server.retrycache.statistics.expirytime = 100ms (default)
2024-08-09 18:21:02,287 [3ef2c69f-b325-49e4-8b40-b7dfff9ecdd0-groupManagement] INFO  server.RaftServerConfigKeys (ConfUtils.java:logGet(46)) - raft.server.read.option = DEFAULT (default)
2024-08-09 18:21:02,287 [3ef2c69f-b325-49e4-8b40-b7dfff9ecdd0-groupManagement] INFO  server.RaftServerConfigKeys (ConfUtils.java:logGet(46)) - raft.server.read.read-after-write-consistent.write-index-cache.expiry-time = 60s (default)
2024-08-09 18:21:02,288 [3ef2c69f-b325-49e4-8b40-b7dfff9ecdd0-groupManagement] INFO  server.RaftServerConfigKeys (ConfUtils.java:logGet(46)) - raft.server.rpc.request.timeout = 3000ms (default)
2024-08-09 18:21:02,288 [3ef2c69f-b325-49e4-8b40-b7dfff9ecdd0-groupManagement] INFO  server.RaftServerConfigKeys (ConfUtils.java:logGet(46)) - raft.server.log.appender.install.snapshot.enabled = false (custom)
2024-08-09 18:21:02,288 [3ef2c69f-b325-49e4-8b40-b7dfff9ecdd0-groupManagement] INFO  server.RaftServerConfigKeys (ConfUtils.java:logGet(46)) - raft.server.threadpool.server.cached = true (default)
2024-08-09 18:21:02,288 [3ef2c69f-b325-49e4-8b40-b7dfff9ecdd0-groupManagement] INFO  server.RaftServerConfigKeys (ConfUtils.java:logGet(46)) - raft.server.threadpool.server.size = 0 (default)
2024-08-09 18:21:02,288 [3ef2c69f-b325-49e4-8b40-b7dfff9ecdd0-groupManagement] INFO  server.RaftServerConfigKeys (ConfUtils.java:logGet(46)) - raft.server.threadpool.client.cached = true (default)
2024-08-09 18:21:02,288 [3ef2c69f-b325-49e4-8b40-b7dfff9ecdd0-groupManagement] INFO  server.RaftServerConfigKeys (ConfUtils.java:logGet(46)) - raft.server.threadpool.client.size = 0 (default)
2024-08-09 18:21:02,288 [3ef2c69f-b325-49e4-8b40-b7dfff9ecdd0-groupManagement] INFO  server.RaftServerConfigKeys (ConfUtils.java:logGet(46)) - raft.server.storage.free-space.min = 0MB (=0) (default)
2024-08-09 18:21:02,289 [3ef2c69f-b325-49e4-8b40-b7dfff9ecdd0-groupManagement] INFO  server.RaftServerConfigKeys (ConfUtils.java:logGet(46)) - raft.server.log.corruption.policy = EXCEPTION (default)
2024-08-09 18:21:02,289 [3ef2c69f-b325-49e4-8b40-b7dfff9ecdd0-groupManagement] INFO  server.RaftServerConfigKeys (ConfUtils.java:logGet(46)) - raft.server.storage.dir = [/home/runner/work/ozone/ozone/hadoop-ozone/integration-test/target/test-dir/MiniOzoneClusterImpl-d43ea6a6-39cf-404b-af74-5e65bec6c33b/ozone-meta/datanode-2/ratis] (custom)
2024-08-09 18:21:02,289 [3ef2c69f-b325-49e4-8b40-b7dfff9ecdd0-groupManagement] INFO  storage.RaftStorageDirectory (RaftStorageDirectoryImpl.java:analyzeStorage(138)) - The storage directory /home/runner/work/ozone/ozone/hadoop-ozone/integration-test/target/test-dir/MiniOzoneClusterImpl-d43ea6a6-39cf-404b-af74-5e65bec6c33b/ozone-meta/datanode-2/ratis/aaac9c0d-7fcc-44a2-85f0-eb4772a83867 does not exist. Creating ...
2024-08-09 18:21:02,290 [3ef2c69f-b325-49e4-8b40-b7dfff9ecdd0-groupManagement] INFO  storage.RaftStorageDirectory (RaftStorageDirectoryImpl.java:tryLock(229)) - Lock on /home/runner/work/ozone/ozone/hadoop-ozone/integration-test/target/test-dir/MiniOzoneClusterImpl-d43ea6a6-39cf-404b-af74-5e65bec6c33b/ozone-meta/datanode-2/ratis/aaac9c0d-7fcc-44a2-85f0-eb4772a83867/in_use.lock acquired by nodename 49851@fv-az1244-646
2024-08-09 18:21:02,291 [3ef2c69f-b325-49e4-8b40-b7dfff9ecdd0-groupManagement] INFO  storage.RaftStorage (RaftStorageImpl.java:format(98)) - Storage directory /home/runner/work/ozone/ozone/hadoop-ozone/integration-test/target/test-dir/MiniOzoneClusterImpl-d43ea6a6-39cf-404b-af74-5e65bec6c33b/ozone-meta/datanode-2/ratis/aaac9c0d-7fcc-44a2-85f0-eb4772a83867 has been successfully formatted.
2024-08-09 18:21:02,291 [3ef2c69f-b325-49e4-8b40-b7dfff9ecdd0-groupManagement] INFO  ratis.ContainerStateMachine (ContainerStateMachine.java:loadSnapshot(287)) - group-EB4772A83867: The snapshot info is null. Setting the last applied index to:(t:0, i:~)
2024-08-09 18:21:02,291 [3ef2c69f-b325-49e4-8b40-b7dfff9ecdd0-groupManagement] INFO  server.RaftServerConfigKeys (ConfUtils.java:logGet(46)) - raft.server.log.use.memory = false (default)
2024-08-09 18:21:02,291 [3ef2c69f-b325-49e4-8b40-b7dfff9ecdd0-groupManagement] INFO  server.RaftServerConfigKeys (ConfUtils.java:logGet(46)) - raft.server.log.purge.gap = 1000000 (custom)
2024-08-09 18:21:02,291 [3ef2c69f-b325-49e4-8b40-b7dfff9ecdd0-groupManagement] INFO  server.RaftServerConfigKeys (ConfUtils.java:logGet(46)) - raft.server.log.appender.buffer.byte-limit = 8388608 (custom)
2024-08-09 18:21:02,291 [3ef2c69f-b325-49e4-8b40-b7dfff9ecdd0-groupManagement] INFO  server.RaftServerConfigKeys (ConfUtils.java:logGet(46)) - raft.server.log.statemachine.data.read.timeout = 1000ms (default)
2024-08-09 18:21:02,291 [3ef2c69f-b325-49e4-8b40-b7dfff9ecdd0-groupManagement] INFO  server.RaftServerConfigKeys (ConfUtils.java:logGet(46)) - raft.server.log.purge.preservation.log.num = 0 (default)
2024-08-09 18:21:02,292 [EventQueue-PipelineReportForPipelineReportHandler] INFO  pipeline.PipelineReportHandler (PipelineReportHandler.java:processPipelineReport(136)) - Opened pipeline PipelineID=aaac9c0d-7fcc-44a2-85f0-eb4772a83867
2024-08-09 18:21:02,292 [EventQueue-OpenPipelineForHealthyPipelineSafeModeRule] INFO  safemode.SCMSafeModeManager (HealthyPipelineSafeModeRule.java:process(140)) - SCM in safe mode. Healthy pipelines reported count is 0, required healthy pipeline reported count is 1
2024-08-09 18:21:02,293 [3ef2c69f-b325-49e4-8b40-b7dfff9ecdd0-groupManagement] INFO  server.RaftServerConfigKeys (ConfUtils.java:logGet(46)) - raft.server.log.segment.size.max = 67108864 (custom)
2024-08-09 18:21:02,293 [3ef2c69f-b325-49e4-8b40-b7dfff9ecdd0-groupManagement] INFO  server.RaftServerConfigKeys (ConfUtils.java:logGet(46)) - raft.server.log.segment.cache.num.max = 2 (custom)
2024-08-09 18:21:02,293 [3ef2c69f-b325-49e4-8b40-b7dfff9ecdd0-groupManagement] INFO  server.RaftServerConfigKeys (ConfUtils.java:logGet(46)) - raft.server.log.segment.cache.size.max = 200MB (=209715200) (default)
2024-08-09 18:21:02,293 [3ef2c69f-b325-49e4-8b40-b7dfff9ecdd0-groupManagement] INFO  server.RaftServerConfigKeys (ConfUtils.java:logGet(46)) - raft.server.log.appender.buffer.byte-limit = 8388608 (custom)
2024-08-09 18:21:02,294 [3ef2c69f-b325-49e4-8b40-b7dfff9ecdd0-groupManagement] INFO  util.AwaitToRun (AwaitToRun.java:start(81)) - Thread[3ef2c69f-b325-49e4-8b40-b7dfff9ecdd0@group-EB4772A83867-cacheEviction-AwaitToRun,5,main] started
2024-08-09 18:21:02,294 [3ef2c69f-b325-49e4-8b40-b7dfff9ecdd0-groupManagement] INFO  segmented.SegmentedRaftLogWorker (SegmentedRaftLogWorker.java:<init>(184)) - new 3ef2c69f-b325-49e4-8b40-b7dfff9ecdd0@group-EB4772A83867-SegmentedRaftLogWorker for RaftStorageImpl:Storage Directory /home/runner/work/ozone/ozone/hadoop-ozone/integration-test/target/test-dir/MiniOzoneClusterImpl-d43ea6a6-39cf-404b-af74-5e65bec6c33b/ozone-meta/datanode-2/ratis/aaac9c0d-7fcc-44a2-85f0-eb4772a83867
2024-08-09 18:21:02,294 [3ef2c69f-b325-49e4-8b40-b7dfff9ecdd0-groupManagement] INFO  server.RaftServerConfigKeys (ConfUtils.java:logGet(46)) - raft.server.log.queue.byte-limit = 4294967296 (custom)
2024-08-09 18:21:02,294 [3ef2c69f-b325-49e4-8b40-b7dfff9ecdd0-groupManagement] INFO  server.RaftServerConfigKeys (ConfUtils.java:logGet(46)) - raft.server.log.queue.element-limit = 1024 (custom)
2024-08-09 18:21:02,294 [3ef2c69f-b325-49e4-8b40-b7dfff9ecdd0-groupManagement] INFO  server.RaftServerConfigKeys (ConfUtils.java:logGet(46)) - raft.server.log.segment.size.max = 67108864 (custom)
2024-08-09 18:21:02,294 [3ef2c69f-b325-49e4-8b40-b7dfff9ecdd0-groupManagement] INFO  server.RaftServerConfigKeys (ConfUtils.java:logGet(46)) - raft.server.log.preallocated.size = 4194304 (custom)
2024-08-09 18:21:02,294 [3ef2c69f-b325-49e4-8b40-b7dfff9ecdd0-groupManagement] INFO  server.RaftServerConfigKeys (ConfUtils.java:logGet(46)) - raft.server.log.force.sync.num = 128 (default)
2024-08-09 18:21:02,294 [3ef2c69f-b325-49e4-8b40-b7dfff9ecdd0-groupManagement] INFO  server.RaftServerConfigKeys (ConfUtils.java:logGet(46)) - raft.server.log.statemachine.data.sync = true (default)
2024-08-09 18:21:02,294 [3ef2c69f-b325-49e4-8b40-b7dfff9ecdd0-groupManagement] INFO  server.RaftServerConfigKeys (ConfUtils.java:logGet(46)) - raft.server.log.statemachine.data.sync.timeout = 10s (default)
2024-08-09 18:21:02,294 [3ef2c69f-b325-49e4-8b40-b7dfff9ecdd0-groupManagement] INFO  server.RaftServerConfigKeys (ConfUtils.java:logGet(46)) - raft.server.log.statemachine.data.sync.timeout.retry = 30 (custom)
2024-08-09 18:21:02,294 [3ef2c69f-b325-49e4-8b40-b7dfff9ecdd0-groupManagement] INFO  server.RaftServerConfigKeys (ConfUtils.java:logGet(46)) - raft.server.log.write.buffer.size = 8388616 (custom)
2024-08-09 18:21:02,296 [3ef2c69f-b325-49e4-8b40-b7dfff9ecdd0-groupManagement] INFO  server.RaftServerConfigKeys (ConfUtils.java:logGet(46)) - raft.server.log.appender.buffer.byte-limit = 8388608 (custom)
2024-08-09 18:21:02,296 [3ef2c69f-b325-49e4-8b40-b7dfff9ecdd0-groupManagement] INFO  server.RaftServerConfigKeys (ConfUtils.java:logGet(46)) - raft.server.log.unsafe-flush.enabled = false (default)
2024-08-09 18:21:02,296 [3ef2c69f-b325-49e4-8b40-b7dfff9ecdd0-groupManagement] INFO  server.RaftServerConfigKeys (ConfUtils.java:logGet(46)) - raft.server.log.async-flush.enabled = false (default)
2024-08-09 18:21:02,296 [3ef2c69f-b325-49e4-8b40-b7dfff9ecdd0-groupManagement] INFO  server.RaftServerConfigKeys (ConfUtils.java:logGet(46)) - raft.server.log.statemachine.data.caching.enabled = true (custom)
2024-08-09 18:21:02,296 [3ef2c69f-b325-49e4-8b40-b7dfff9ecdd0-groupManagement] INFO  segmented.SegmentedRaftLogWorker (SegmentedRaftLogWorker.java:lambda$new$0(135)) - 3ef2c69f-b325-49e4-8b40-b7dfff9ecdd0@group-EB4772A83867-SegmentedRaftLogWorker: flushIndex: setUnconditionally 0 -> -1
2024-08-09 18:21:02,296 [3ef2c69f-b325-49e4-8b40-b7dfff9ecdd0-groupManagement] INFO  segmented.SegmentedRaftLogWorker (SegmentedRaftLogWorker.java:lambda$new$0(135)) - 3ef2c69f-b325-49e4-8b40-b7dfff9ecdd0@group-EB4772A83867-SegmentedRaftLogWorker: safeCacheEvictIndex: setUnconditionally 0 -> -1
2024-08-09 18:21:02,296 [3ef2c69f-b325-49e4-8b40-b7dfff9ecdd0-groupManagement] INFO  server.RaftServer$Division (RaftServerImpl.java:start(389)) - 3ef2c69f-b325-49e4-8b40-b7dfff9ecdd0@group-EB4772A83867: start as a follower, conf=conf: {index: -1, cur=peers:[3ef2c69f-b325-49e4-8b40-b7dfff9ecdd0|127.0.0.1:15604]|listeners:[], old=null}
2024-08-09 18:21:02,296 [3ef2c69f-b325-49e4-8b40-b7dfff9ecdd0-groupManagement] INFO  server.RaftServer$Division (RaftServerImpl.java:setRole(376)) - 3ef2c69f-b325-49e4-8b40-b7dfff9ecdd0@group-EB4772A83867: changes role from      null to FOLLOWER at term 0 for startAsFollower
2024-08-09 18:21:02,296 [3ef2c69f-b325-49e4-8b40-b7dfff9ecdd0-groupManagement] INFO  impl.RoleInfo (RoleInfo.java:updateAndGet(148)) - 3ef2c69f-b325-49e4-8b40-b7dfff9ecdd0: start 3ef2c69f-b325-49e4-8b40-b7dfff9ecdd0@group-EB4772A83867-FollowerState
2024-08-09 18:21:02,297 [3ef2c69f-b325-49e4-8b40-b7dfff9ecdd0@group-EB4772A83867-FollowerState] INFO  server.RaftServerConfigKeys (ConfUtils.java:logFallback(53)) - raft.server.rpc.first-election.timeout.min = 5s (fallback to raft.server.rpc.timeout.min)
2024-08-09 18:21:02,297 [3ef2c69f-b325-49e4-8b40-b7dfff9ecdd0-groupManagement] INFO  util.JmxRegister (JmxRegister.java:tryRegister(44)) - Successfully registered JMX Bean with object name Ratis:service=RaftServer,group=group-EB4772A83867,id=3ef2c69f-b325-49e4-8b40-b7dfff9ecdd0
2024-08-09 18:21:02,297 [3ef2c69f-b325-49e4-8b40-b7dfff9ecdd0-groupManagement] INFO  util.JmxRegister (JmxRegister.java:register(58)) - register mxBean class org.apache.ratis.server.impl.RaftServerJmxAdapter as Ratis:service=RaftServer,group=group-EB4772A83867,id=3ef2c69f-b325-49e4-8b40-b7dfff9ecdd0
2024-08-09 18:21:02,297 [3ef2c69f-b325-49e4-8b40-b7dfff9ecdd0@group-EB4772A83867-FollowerState] INFO  server.RaftServerConfigKeys (ConfUtils.java:logFallback(53)) - raft.server.rpc.first-election.timeout.max = 5200ms (fallback to raft.server.rpc.timeout.max)
2024-08-09 18:21:02,297 [3ef2c69f-b325-49e4-8b40-b7dfff9ecdd0-groupManagement] INFO  server.RaftServerConfigKeys (ConfUtils.java:logGet(46)) - raft.server.snapshot.trigger-when-stop.enabled = true (default)
2024-08-09 18:21:02,297 [3ef2c69f-b325-49e4-8b40-b7dfff9ecdd0-groupManagement] INFO  server.RaftServerConfigKeys (ConfUtils.java:logGet(46)) - raft.server.snapshot.trigger-when-remove.enabled = true (default)
2024-08-09 18:21:02,297 [3ef2c69f-b325-49e4-8b40-b7dfff9ecdd0-groupManagement] INFO  server.RaftServerConfigKeys (ConfUtils.java:logGet(46)) - raft.server.snapshot.auto.trigger.enabled = true (custom)
2024-08-09 18:21:02,297 [3ef2c69f-b325-49e4-8b40-b7dfff9ecdd0-groupManagement] INFO  server.RaftServerConfigKeys (ConfUtils.java:logGet(46)) - raft.server.snapshot.auto.trigger.threshold = 10000 (custom)
2024-08-09 18:21:02,297 [3ef2c69f-b325-49e4-8b40-b7dfff9ecdd0-groupManagement] INFO  server.RaftServerConfigKeys (ConfUtils.java:logGet(46)) - raft.server.snapshot.retention.file.num = 5 (custom)
2024-08-09 18:21:02,297 [3ef2c69f-b325-49e4-8b40-b7dfff9ecdd0-groupManagement] INFO  server.RaftServerConfigKeys (ConfUtils.java:logGet(46)) - raft.server.log.purge.upto.snapshot.index = false (default)
2024-08-09 18:21:02,297 [3ef2c69f-b325-49e4-8b40-b7dfff9ecdd0-PipelineCommandHandlerThread-0] INFO  ratis.XceiverServerRatis (XceiverServerRatis.java:addGroup(846)) - Created group PipelineID=aaac9c0d-7fcc-44a2-85f0-eb4772a83867
2024-08-09 18:21:02,298 [3ef2c69f-b325-49e4-8b40-b7dfff9ecdd0-PipelineCommandHandlerThread-0] INFO  commandhandler.CreatePipelineCommandHandler (CreatePipelineCommandHandler.java:lambda$handle$2(124)) - Created Pipeline RATIS ONE PipelineID=aaac9c0d-7fcc-44a2-85f0-eb4772a83867.
2024-08-09 18:21:02,509 [9be8d1c2-cf5e-49e7-8b06-3e73843a30ba-PipelineCommandHandlerThread-0] INFO  server.RaftServer (RaftServerProxy.java:addNew(101)) - 9be8d1c2-cf5e-49e7-8b06-3e73843a30ba: addNew group-36466027F2AC:[9be8d1c2-cf5e-49e7-8b06-3e73843a30ba|127.0.0.1:15613] returns group-36466027F2AC:java.util.concurrent.CompletableFuture@5639ed9d[Not completed]
2024-08-09 18:21:02,509 [9be8d1c2-cf5e-49e7-8b06-3e73843a30ba-groupManagement] INFO  server.RaftServer$Division (RaftServerImpl.java:<init>(253)) - 9be8d1c2-cf5e-49e7-8b06-3e73843a30ba: new RaftServerImpl for group-36466027F2AC:[9be8d1c2-cf5e-49e7-8b06-3e73843a30ba|127.0.0.1:15613] with ContainerStateMachine:uninitialized
2024-08-09 18:21:02,510 [9be8d1c2-cf5e-49e7-8b06-3e73843a30ba-groupManagement] INFO  server.RaftServerConfigKeys (ConfUtils.java:logGet(46)) - raft.server.rpc.timeout.min = 5s (custom)
2024-08-09 18:21:02,510 [9be8d1c2-cf5e-49e7-8b06-3e73843a30ba-groupManagement] INFO  server.RaftServerConfigKeys (ConfUtils.java:logGet(46)) - raft.server.rpc.timeout.max = 5200ms (custom)
2024-08-09 18:21:02,510 [9be8d1c2-cf5e-49e7-8b06-3e73843a30ba-groupManagement] INFO  server.RaftServerConfigKeys (ConfUtils.java:logGet(46)) - raft.server.rpc.sleep.time = 25ms (default)
2024-08-09 18:21:02,510 [9be8d1c2-cf5e-49e7-8b06-3e73843a30ba-groupManagement] INFO  server.RaftServerConfigKeys (ConfUtils.java:logGet(46)) - raft.server.rpc.slowness.timeout = 300000ms (custom)
2024-08-09 18:21:02,510 [9be8d1c2-cf5e-49e7-8b06-3e73843a30ba-groupManagement] INFO  server.RaftServerConfigKeys (ConfUtils.java:logGet(46)) - raft.server.leaderelection.leader.step-down.wait-time = 10s (default)
2024-08-09 18:21:02,510 [9be8d1c2-cf5e-49e7-8b06-3e73843a30ba-groupManagement] INFO  server.RaftServerConfigKeys (ConfUtils.java:logGet(46)) - raft.server.leaderelection.member.majority-add = false (default)
2024-08-09 18:21:02,510 [9be8d1c2-cf5e-49e7-8b06-3e73843a30ba-groupManagement] INFO  server.RaftServerConfigKeys (ConfUtils.java:logGet(46)) - raft.server.sleep.deviation.threshold = 300ms (default)
2024-08-09 18:21:02,510 [9be8d1c2-cf5e-49e7-8b06-3e73843a30ba-groupManagement] INFO  server.RaftServer$Division (ServerState.java:<init>(114)) - 9be8d1c2-cf5e-49e7-8b06-3e73843a30ba@group-36466027F2AC: ConfigurationManager, init=conf: {index: -1, cur=peers:[9be8d1c2-cf5e-49e7-8b06-3e73843a30ba|127.0.0.1:15613]|listeners:[], old=null}, confs=<EMPTY_MAP>
2024-08-09 18:21:02,510 [9be8d1c2-cf5e-49e7-8b06-3e73843a30ba-groupManagement] INFO  server.RaftServerConfigKeys (ConfUtils.java:logGet(46)) - raft.server.notification.no-leader.timeout = 300000ms (custom)
2024-08-09 18:21:02,510 [9be8d1c2-cf5e-49e7-8b06-3e73843a30ba-groupManagement] INFO  server.RaftServerConfigKeys (ConfUtils.java:logGet(46)) - raft.server.read.timeout = 10s (default)
2024-08-09 18:21:02,510 [9be8d1c2-cf5e-49e7-8b06-3e73843a30ba-groupManagement] INFO  server.RaftServerConfigKeys (ConfUtils.java:logGet(46)) - raft.server.retrycache.expirytime = 600000ms (custom)
2024-08-09 18:21:02,510 [9be8d1c2-cf5e-49e7-8b06-3e73843a30ba-groupManagement] INFO  server.RaftServerConfigKeys (ConfUtils.java:logGet(46)) - raft.server.retrycache.statistics.expirytime = 100ms (default)
2024-08-09 18:21:02,510 [9be8d1c2-cf5e-49e7-8b06-3e73843a30ba-groupManagement] INFO  server.RaftServerConfigKeys (ConfUtils.java:logGet(46)) - raft.server.read.option = DEFAULT (default)
2024-08-09 18:21:02,510 [9be8d1c2-cf5e-49e7-8b06-3e73843a30ba-groupManagement] INFO  server.RaftServerConfigKeys (ConfUtils.java:logGet(46)) - raft.server.read.read-after-write-consistent.write-index-cache.expiry-time = 60s (default)
2024-08-09 18:21:02,512 [9be8d1c2-cf5e-49e7-8b06-3e73843a30ba-groupManagement] INFO  server.RaftServerConfigKeys (ConfUtils.java:logGet(46)) - raft.server.rpc.request.timeout = 3000ms (default)
2024-08-09 18:21:02,512 [9be8d1c2-cf5e-49e7-8b06-3e73843a30ba-groupManagement] INFO  server.RaftServerConfigKeys (ConfUtils.java:logGet(46)) - raft.server.log.appender.install.snapshot.enabled = false (custom)
2024-08-09 18:21:02,512 [9be8d1c2-cf5e-49e7-8b06-3e73843a30ba-groupManagement] INFO  server.RaftServerConfigKeys (ConfUtils.java:logGet(46)) - raft.server.threadpool.server.cached = true (default)
2024-08-09 18:21:02,512 [9be8d1c2-cf5e-49e7-8b06-3e73843a30ba-groupManagement] INFO  server.RaftServerConfigKeys (ConfUtils.java:logGet(46)) - raft.server.threadpool.server.size = 0 (default)
2024-08-09 18:21:02,512 [9be8d1c2-cf5e-49e7-8b06-3e73843a30ba-groupManagement] INFO  server.RaftServerConfigKeys (ConfUtils.java:logGet(46)) - raft.server.threadpool.client.cached = true (default)
2024-08-09 18:21:02,512 [9be8d1c2-cf5e-49e7-8b06-3e73843a30ba-groupManagement] INFO  server.RaftServerConfigKeys (ConfUtils.java:logGet(46)) - raft.server.threadpool.client.size = 0 (default)
2024-08-09 18:21:02,512 [9be8d1c2-cf5e-49e7-8b06-3e73843a30ba-groupManagement] INFO  server.RaftServerConfigKeys (ConfUtils.java:logGet(46)) - raft.server.storage.free-space.min = 0MB (=0) (default)
2024-08-09 18:21:02,512 [9be8d1c2-cf5e-49e7-8b06-3e73843a30ba-groupManagement] INFO  server.RaftServerConfigKeys (ConfUtils.java:logGet(46)) - raft.server.log.corruption.policy = EXCEPTION (default)
2024-08-09 18:21:02,512 [9be8d1c2-cf5e-49e7-8b06-3e73843a30ba-groupManagement] INFO  server.RaftServerConfigKeys (ConfUtils.java:logGet(46)) - raft.server.storage.dir = [/home/runner/work/ozone/ozone/hadoop-ozone/integration-test/target/test-dir/MiniOzoneClusterImpl-d43ea6a6-39cf-404b-af74-5e65bec6c33b/ozone-meta/datanode-3/ratis] (custom)
2024-08-09 18:21:02,512 [9be8d1c2-cf5e-49e7-8b06-3e73843a30ba-groupManagement] INFO  storage.RaftStorageDirectory (RaftStorageDirectoryImpl.java:analyzeStorage(138)) - The storage directory /home/runner/work/ozone/ozone/hadoop-ozone/integration-test/target/test-dir/MiniOzoneClusterImpl-d43ea6a6-39cf-404b-af74-5e65bec6c33b/ozone-meta/datanode-3/ratis/0a45b1b2-bb08-4842-b7a2-36466027f2ac does not exist. Creating ...
2024-08-09 18:21:02,513 [9be8d1c2-cf5e-49e7-8b06-3e73843a30ba-groupManagement] INFO  storage.RaftStorageDirectory (RaftStorageDirectoryImpl.java:tryLock(229)) - Lock on /home/runner/work/ozone/ozone/hadoop-ozone/integration-test/target/test-dir/MiniOzoneClusterImpl-d43ea6a6-39cf-404b-af74-5e65bec6c33b/ozone-meta/datanode-3/ratis/0a45b1b2-bb08-4842-b7a2-36466027f2ac/in_use.lock acquired by nodename 49851@fv-az1244-646
2024-08-09 18:21:02,514 [9be8d1c2-cf5e-49e7-8b06-3e73843a30ba-groupManagement] INFO  storage.RaftStorage (RaftStorageImpl.java:format(98)) - Storage directory /home/runner/work/ozone/ozone/hadoop-ozone/integration-test/target/test-dir/MiniOzoneClusterImpl-d43ea6a6-39cf-404b-af74-5e65bec6c33b/ozone-meta/datanode-3/ratis/0a45b1b2-bb08-4842-b7a2-36466027f2ac has been successfully formatted.
2024-08-09 18:21:02,515 [9be8d1c2-cf5e-49e7-8b06-3e73843a30ba-groupManagement] INFO  ratis.ContainerStateMachine (ContainerStateMachine.java:loadSnapshot(287)) - group-36466027F2AC: The snapshot info is null. Setting the last applied index to:(t:0, i:~)
2024-08-09 18:21:02,515 [9be8d1c2-cf5e-49e7-8b06-3e73843a30ba-groupManagement] INFO  server.RaftServerConfigKeys (ConfUtils.java:logGet(46)) - raft.server.log.use.memory = false (default)
2024-08-09 18:21:02,515 [9be8d1c2-cf5e-49e7-8b06-3e73843a30ba-groupManagement] INFO  server.RaftServerConfigKeys (ConfUtils.java:logGet(46)) - raft.server.log.purge.gap = 1000000 (custom)
2024-08-09 18:21:02,515 [9be8d1c2-cf5e-49e7-8b06-3e73843a30ba-groupManagement] INFO  server.RaftServerConfigKeys (ConfUtils.java:logGet(46)) - raft.server.log.appender.buffer.byte-limit = 8388608 (custom)
2024-08-09 18:21:02,515 [9be8d1c2-cf5e-49e7-8b06-3e73843a30ba-groupManagement] INFO  server.RaftServerConfigKeys (ConfUtils.java:logGet(46)) - raft.server.log.statemachine.data.read.timeout = 1000ms (default)
2024-08-09 18:21:02,515 [9be8d1c2-cf5e-49e7-8b06-3e73843a30ba-groupManagement] INFO  server.RaftServerConfigKeys (ConfUtils.java:logGet(46)) - raft.server.log.purge.preservation.log.num = 0 (default)
2024-08-09 18:21:02,516 [9be8d1c2-cf5e-49e7-8b06-3e73843a30ba-groupManagement] INFO  server.RaftServerConfigKeys (ConfUtils.java:logGet(46)) - raft.server.log.segment.size.max = 67108864 (custom)
2024-08-09 18:21:02,516 [EventQueue-PipelineReportForPipelineReportHandler] INFO  pipeline.PipelineReportHandler (PipelineReportHandler.java:processPipelineReport(136)) - Opened pipeline PipelineID=0a45b1b2-bb08-4842-b7a2-36466027f2ac
2024-08-09 18:21:02,516 [9be8d1c2-cf5e-49e7-8b06-3e73843a30ba-groupManagement] INFO  server.RaftServerConfigKeys (ConfUtils.java:logGet(46)) - raft.server.log.segment.cache.num.max = 2 (custom)
2024-08-09 18:21:02,516 [EventQueue-OpenPipelineForHealthyPipelineSafeModeRule] INFO  safemode.SCMSafeModeManager (HealthyPipelineSafeModeRule.java:process(140)) - SCM in safe mode. Healthy pipelines reported count is 0, required healthy pipeline reported count is 1
2024-08-09 18:21:02,516 [9be8d1c2-cf5e-49e7-8b06-3e73843a30ba-groupManagement] INFO  server.RaftServerConfigKeys (ConfUtils.java:logGet(46)) - raft.server.log.segment.cache.size.max = 200MB (=209715200) (default)
2024-08-09 18:21:02,516 [9be8d1c2-cf5e-49e7-8b06-3e73843a30ba-groupManagement] INFO  server.RaftServerConfigKeys (ConfUtils.java:logGet(46)) - raft.server.log.appender.buffer.byte-limit = 8388608 (custom)
2024-08-09 18:21:02,516 [9be8d1c2-cf5e-49e7-8b06-3e73843a30ba-groupManagement] INFO  util.AwaitToRun (AwaitToRun.java:start(81)) - Thread[9be8d1c2-cf5e-49e7-8b06-3e73843a30ba@group-36466027F2AC-cacheEviction-AwaitToRun,5,main] started
2024-08-09 18:21:02,516 [9be8d1c2-cf5e-49e7-8b06-3e73843a30ba-groupManagement] INFO  segmented.SegmentedRaftLogWorker (SegmentedRaftLogWorker.java:<init>(184)) - new 9be8d1c2-cf5e-49e7-8b06-3e73843a30ba@group-36466027F2AC-SegmentedRaftLogWorker for RaftStorageImpl:Storage Directory /home/runner/work/ozone/ozone/hadoop-ozone/integration-test/target/test-dir/MiniOzoneClusterImpl-d43ea6a6-39cf-404b-af74-5e65bec6c33b/ozone-meta/datanode-3/ratis/0a45b1b2-bb08-4842-b7a2-36466027f2ac
2024-08-09 18:21:02,516 [9be8d1c2-cf5e-49e7-8b06-3e73843a30ba-groupManagement] INFO  server.RaftServerConfigKeys (ConfUtils.java:logGet(46)) - raft.server.log.queue.byte-limit = 4294967296 (custom)
2024-08-09 18:21:02,516 [9be8d1c2-cf5e-49e7-8b06-3e73843a30ba-groupManagement] INFO  server.RaftServerConfigKeys (ConfUtils.java:logGet(46)) - raft.server.log.queue.element-limit = 1024 (custom)
2024-08-09 18:21:02,516 [9be8d1c2-cf5e-49e7-8b06-3e73843a30ba-groupManagement] INFO  server.RaftServerConfigKeys (ConfUtils.java:logGet(46)) - raft.server.log.segment.size.max = 67108864 (custom)
2024-08-09 18:21:02,517 [9be8d1c2-cf5e-49e7-8b06-3e73843a30ba-groupManagement] INFO  server.RaftServerConfigKeys (ConfUtils.java:logGet(46)) - raft.server.log.preallocated.size = 4194304 (custom)
2024-08-09 18:21:02,517 [9be8d1c2-cf5e-49e7-8b06-3e73843a30ba-groupManagement] INFO  server.RaftServerConfigKeys (ConfUtils.java:logGet(46)) - raft.server.log.force.sync.num = 128 (default)
2024-08-09 18:21:02,517 [9be8d1c2-cf5e-49e7-8b06-3e73843a30ba-groupManagement] INFO  server.RaftServerConfigKeys (ConfUtils.java:logGet(46)) - raft.server.log.statemachine.data.sync = true (default)
2024-08-09 18:21:02,517 [9be8d1c2-cf5e-49e7-8b06-3e73843a30ba-groupManagement] INFO  server.RaftServerConfigKeys (ConfUtils.java:logGet(46)) - raft.server.log.statemachine.data.sync.timeout = 10s (default)
2024-08-09 18:21:02,517 [9be8d1c2-cf5e-49e7-8b06-3e73843a30ba-groupManagement] INFO  server.RaftServerConfigKeys (ConfUtils.java:logGet(46)) - raft.server.log.statemachine.data.sync.timeout.retry = 30 (custom)
2024-08-09 18:21:02,517 [9be8d1c2-cf5e-49e7-8b06-3e73843a30ba-groupManagement] INFO  server.RaftServerConfigKeys (ConfUtils.java:logGet(46)) - raft.server.log.write.buffer.size = 8388616 (custom)
2024-08-09 18:21:02,517 [9be8d1c2-cf5e-49e7-8b06-3e73843a30ba-groupManagement] INFO  server.RaftServerConfigKeys (ConfUtils.java:logGet(46)) - raft.server.log.appender.buffer.byte-limit = 8388608 (custom)
2024-08-09 18:21:02,517 [9be8d1c2-cf5e-49e7-8b06-3e73843a30ba-groupManagement] INFO  server.RaftServerConfigKeys (ConfUtils.java:logGet(46)) - raft.server.log.unsafe-flush.enabled = false (default)
2024-08-09 18:21:02,517 [9be8d1c2-cf5e-49e7-8b06-3e73843a30ba-groupManagement] INFO  server.RaftServerConfigKeys (ConfUtils.java:logGet(46)) - raft.server.log.async-flush.enabled = false (default)
2024-08-09 18:21:02,517 [9be8d1c2-cf5e-49e7-8b06-3e73843a30ba-groupManagement] INFO  server.RaftServerConfigKeys (ConfUtils.java:logGet(46)) - raft.server.log.statemachine.data.caching.enabled = true (custom)
2024-08-09 18:21:02,518 [9be8d1c2-cf5e-49e7-8b06-3e73843a30ba-groupManagement] INFO  segmented.SegmentedRaftLogWorker (SegmentedRaftLogWorker.java:lambda$new$0(135)) - 9be8d1c2-cf5e-49e7-8b06-3e73843a30ba@group-36466027F2AC-SegmentedRaftLogWorker: flushIndex: setUnconditionally 0 -> -1
2024-08-09 18:21:02,518 [9be8d1c2-cf5e-49e7-8b06-3e73843a30ba-groupManagement] INFO  segmented.SegmentedRaftLogWorker (SegmentedRaftLogWorker.java:lambda$new$0(135)) - 9be8d1c2-cf5e-49e7-8b06-3e73843a30ba@group-36466027F2AC-SegmentedRaftLogWorker: safeCacheEvictIndex: setUnconditionally 0 -> -1
2024-08-09 18:21:02,518 [9be8d1c2-cf5e-49e7-8b06-3e73843a30ba-groupManagement] INFO  server.RaftServer$Division (RaftServerImpl.java:start(389)) - 9be8d1c2-cf5e-49e7-8b06-3e73843a30ba@group-36466027F2AC: start as a follower, conf=conf: {index: -1, cur=peers:[9be8d1c2-cf5e-49e7-8b06-3e73843a30ba|127.0.0.1:15613]|listeners:[], old=null}
2024-08-09 18:21:02,518 [9be8d1c2-cf5e-49e7-8b06-3e73843a30ba-groupManagement] INFO  server.RaftServer$Division (RaftServerImpl.java:setRole(376)) - 9be8d1c2-cf5e-49e7-8b06-3e73843a30ba@group-36466027F2AC: changes role from      null to FOLLOWER at term 0 for startAsFollower
2024-08-09 18:21:02,518 [9be8d1c2-cf5e-49e7-8b06-3e73843a30ba-groupManagement] INFO  impl.RoleInfo (RoleInfo.java:updateAndGet(148)) - 9be8d1c2-cf5e-49e7-8b06-3e73843a30ba: start 9be8d1c2-cf5e-49e7-8b06-3e73843a30ba@group-36466027F2AC-FollowerState
2024-08-09 18:21:02,518 [9be8d1c2-cf5e-49e7-8b06-3e73843a30ba@group-36466027F2AC-FollowerState] INFO  server.RaftServerConfigKeys (ConfUtils.java:logFallback(53)) - raft.server.rpc.first-election.timeout.min = 5s (fallback to raft.server.rpc.timeout.min)
2024-08-09 18:21:02,518 [9be8d1c2-cf5e-49e7-8b06-3e73843a30ba@group-36466027F2AC-FollowerState] INFO  server.RaftServerConfigKeys (ConfUtils.java:logFallback(53)) - raft.server.rpc.first-election.timeout.max = 5200ms (fallback to raft.server.rpc.timeout.max)
2024-08-09 18:21:02,518 [9be8d1c2-cf5e-49e7-8b06-3e73843a30ba-groupManagement] INFO  util.JmxRegister (JmxRegister.java:tryRegister(44)) - Successfully registered JMX Bean with object name Ratis:service=RaftServer,group=group-36466027F2AC,id=9be8d1c2-cf5e-49e7-8b06-3e73843a30ba
2024-08-09 18:21:02,518 [9be8d1c2-cf5e-49e7-8b06-3e73843a30ba-groupManagement] INFO  util.JmxRegister (JmxRegister.java:register(58)) - register mxBean class org.apache.ratis.server.impl.RaftServerJmxAdapter as Ratis:service=RaftServer,group=group-36466027F2AC,id=9be8d1c2-cf5e-49e7-8b06-3e73843a30ba
2024-08-09 18:21:02,518 [9be8d1c2-cf5e-49e7-8b06-3e73843a30ba-groupManagement] INFO  server.RaftServerConfigKeys (ConfUtils.java:logGet(46)) - raft.server.snapshot.trigger-when-stop.enabled = true (default)
2024-08-09 18:21:02,518 [9be8d1c2-cf5e-49e7-8b06-3e73843a30ba-groupManagement] INFO  server.RaftServerConfigKeys (ConfUtils.java:logGet(46)) - raft.server.snapshot.trigger-when-remove.enabled = true (default)
2024-08-09 18:21:02,518 [9be8d1c2-cf5e-49e7-8b06-3e73843a30ba-groupManagement] INFO  server.RaftServerConfigKeys (ConfUtils.java:logGet(46)) - raft.server.snapshot.auto.trigger.enabled = true (custom)
2024-08-09 18:21:02,518 [9be8d1c2-cf5e-49e7-8b06-3e73843a30ba-groupManagement] INFO  server.RaftServerConfigKeys (ConfUtils.java:logGet(46)) - raft.server.snapshot.auto.trigger.threshold = 10000 (custom)
2024-08-09 18:21:02,518 [9be8d1c2-cf5e-49e7-8b06-3e73843a30ba-groupManagement] INFO  server.RaftServerConfigKeys (ConfUtils.java:logGet(46)) - raft.server.snapshot.retention.file.num = 5 (custom)
2024-08-09 18:21:02,518 [9be8d1c2-cf5e-49e7-8b06-3e73843a30ba-groupManagement] INFO  server.RaftServerConfigKeys (ConfUtils.java:logGet(46)) - raft.server.log.purge.upto.snapshot.index = false (default)
2024-08-09 18:21:02,519 [9be8d1c2-cf5e-49e7-8b06-3e73843a30ba-PipelineCommandHandlerThread-0] INFO  ratis.XceiverServerRatis (XceiverServerRatis.java:addGroup(846)) - Created group PipelineID=0a45b1b2-bb08-4842-b7a2-36466027f2ac
2024-08-09 18:21:02,519 [9be8d1c2-cf5e-49e7-8b06-3e73843a30ba-PipelineCommandHandlerThread-0] INFO  commandhandler.CreatePipelineCommandHandler (CreatePipelineCommandHandler.java:lambda$handle$2(124)) - Created Pipeline RATIS ONE PipelineID=0a45b1b2-bb08-4842-b7a2-36466027f2ac.
2024-08-09 18:21:02,735 [3c538fa1-1c2e-4857-863c-22038896ce66-PipelineCommandHandlerThread-0] INFO  server.RaftServer (RaftServerProxy.java:addNew(101)) - 3c538fa1-1c2e-4857-863c-22038896ce66: addNew group-8F46AD45B620:[3c538fa1-1c2e-4857-863c-22038896ce66|127.0.0.1:15622] returns group-8F46AD45B620:java.util.concurrent.CompletableFuture@7b6c2438[Not completed]
2024-08-09 18:21:02,736 [3c538fa1-1c2e-4857-863c-22038896ce66-groupManagement] INFO  server.RaftServer$Division (RaftServerImpl.java:<init>(253)) - 3c538fa1-1c2e-4857-863c-22038896ce66: new RaftServerImpl for group-8F46AD45B620:[3c538fa1-1c2e-4857-863c-22038896ce66|127.0.0.1:15622] with ContainerStateMachine:uninitialized
2024-08-09 18:21:02,736 [3c538fa1-1c2e-4857-863c-22038896ce66-groupManagement] INFO  server.RaftServerConfigKeys (ConfUtils.java:logGet(46)) - raft.server.rpc.timeout.min = 5s (custom)
2024-08-09 18:21:02,736 [3c538fa1-1c2e-4857-863c-22038896ce66-groupManagement] INFO  server.RaftServerConfigKeys (ConfUtils.java:logGet(46)) - raft.server.rpc.timeout.max = 5200ms (custom)
2024-08-09 18:21:02,736 [3c538fa1-1c2e-4857-863c-22038896ce66-groupManagement] INFO  server.RaftServerConfigKeys (ConfUtils.java:logGet(46)) - raft.server.rpc.sleep.time = 25ms (default)
2024-08-09 18:21:02,736 [3c538fa1-1c2e-4857-863c-22038896ce66-groupManagement] INFO  server.RaftServerConfigKeys (ConfUtils.java:logGet(46)) - raft.server.rpc.slowness.timeout = 300000ms (custom)
2024-08-09 18:21:02,736 [3c538fa1-1c2e-4857-863c-22038896ce66-groupManagement] INFO  server.RaftServerConfigKeys (ConfUtils.java:logGet(46)) - raft.server.leaderelection.leader.step-down.wait-time = 10s (default)
2024-08-09 18:21:02,736 [3c538fa1-1c2e-4857-863c-22038896ce66-groupManagement] INFO  server.RaftServerConfigKeys (ConfUtils.java:logGet(46)) - raft.server.leaderelection.member.majority-add = false (default)
2024-08-09 18:21:02,736 [3c538fa1-1c2e-4857-863c-22038896ce66-groupManagement] INFO  server.RaftServerConfigKeys (ConfUtils.java:logGet(46)) - raft.server.sleep.deviation.threshold = 300ms (default)
2024-08-09 18:21:02,736 [3c538fa1-1c2e-4857-863c-22038896ce66-groupManagement] INFO  server.RaftServer$Division (ServerState.java:<init>(114)) - 3c538fa1-1c2e-4857-863c-22038896ce66@group-8F46AD45B620: ConfigurationManager, init=conf: {index: -1, cur=peers:[3c538fa1-1c2e-4857-863c-22038896ce66|127.0.0.1:15622]|listeners:[], old=null}, confs=<EMPTY_MAP>
2024-08-09 18:21:02,736 [3c538fa1-1c2e-4857-863c-22038896ce66-groupManagement] INFO  server.RaftServerConfigKeys (ConfUtils.java:logGet(46)) - raft.server.notification.no-leader.timeout = 300000ms (custom)
2024-08-09 18:21:02,736 [3c538fa1-1c2e-4857-863c-22038896ce66-groupManagement] INFO  server.RaftServerConfigKeys (ConfUtils.java:logGet(46)) - raft.server.read.timeout = 10s (default)
2024-08-09 18:21:02,736 [3c538fa1-1c2e-4857-863c-22038896ce66-groupManagement] INFO  server.RaftServerConfigKeys (ConfUtils.java:logGet(46)) - raft.server.retrycache.expirytime = 600000ms (custom)
2024-08-09 18:21:02,736 [3c538fa1-1c2e-4857-863c-22038896ce66-groupManagement] INFO  server.RaftServerConfigKeys (ConfUtils.java:logGet(46)) - raft.server.retrycache.statistics.expirytime = 100ms (default)
2024-08-09 18:21:02,736 [3c538fa1-1c2e-4857-863c-22038896ce66-groupManagement] INFO  server.RaftServerConfigKeys (ConfUtils.java:logGet(46)) - raft.server.read.option = DEFAULT (default)
2024-08-09 18:21:02,736 [3c538fa1-1c2e-4857-863c-22038896ce66-groupManagement] INFO  server.RaftServerConfigKeys (ConfUtils.java:logGet(46)) - raft.server.read.read-after-write-consistent.write-index-cache.expiry-time = 60s (default)
2024-08-09 18:21:02,738 [3c538fa1-1c2e-4857-863c-22038896ce66-groupManagement] INFO  server.RaftServerConfigKeys (ConfUtils.java:logGet(46)) - raft.server.rpc.request.timeout = 3000ms (default)
2024-08-09 18:21:02,738 [3c538fa1-1c2e-4857-863c-22038896ce66-groupManagement] INFO  server.RaftServerConfigKeys (ConfUtils.java:logGet(46)) - raft.server.log.appender.install.snapshot.enabled = false (custom)
2024-08-09 18:21:02,738 [3c538fa1-1c2e-4857-863c-22038896ce66-groupManagement] INFO  server.RaftServerConfigKeys (ConfUtils.java:logGet(46)) - raft.server.threadpool.server.cached = true (default)
2024-08-09 18:21:02,738 [3c538fa1-1c2e-4857-863c-22038896ce66-groupManagement] INFO  server.RaftServerConfigKeys (ConfUtils.java:logGet(46)) - raft.server.threadpool.server.size = 0 (default)
2024-08-09 18:21:02,738 [3c538fa1-1c2e-4857-863c-22038896ce66-groupManagement] INFO  server.RaftServerConfigKeys (ConfUtils.java:logGet(46)) - raft.server.threadpool.client.cached = true (default)
2024-08-09 18:21:02,738 [3c538fa1-1c2e-4857-863c-22038896ce66-groupManagement] INFO  server.RaftServerConfigKeys (ConfUtils.java:logGet(46)) - raft.server.threadpool.client.size = 0 (default)
2024-08-09 18:21:02,738 [3c538fa1-1c2e-4857-863c-22038896ce66-groupManagement] INFO  server.RaftServerConfigKeys (ConfUtils.java:logGet(46)) - raft.server.storage.free-space.min = 0MB (=0) (default)
2024-08-09 18:21:02,738 [3c538fa1-1c2e-4857-863c-22038896ce66-groupManagement] INFO  server.RaftServerConfigKeys (ConfUtils.java:logGet(46)) - raft.server.log.corruption.policy = EXCEPTION (default)
2024-08-09 18:21:02,738 [3c538fa1-1c2e-4857-863c-22038896ce66-groupManagement] INFO  server.RaftServerConfigKeys (ConfUtils.java:logGet(46)) - raft.server.storage.dir = [/home/runner/work/ozone/ozone/hadoop-ozone/integration-test/target/test-dir/MiniOzoneClusterImpl-d43ea6a6-39cf-404b-af74-5e65bec6c33b/ozone-meta/datanode-4/ratis] (custom)
2024-08-09 18:21:02,738 [3c538fa1-1c2e-4857-863c-22038896ce66-groupManagement] INFO  storage.RaftStorageDirectory (RaftStorageDirectoryImpl.java:analyzeStorage(138)) - The storage directory /home/runner/work/ozone/ozone/hadoop-ozone/integration-test/target/test-dir/MiniOzoneClusterImpl-d43ea6a6-39cf-404b-af74-5e65bec6c33b/ozone-meta/datanode-4/ratis/240efc40-5390-4818-8ad9-8f46ad45b620 does not exist. Creating ...
2024-08-09 18:21:02,739 [3c538fa1-1c2e-4857-863c-22038896ce66-groupManagement] INFO  storage.RaftStorageDirectory (RaftStorageDirectoryImpl.java:tryLock(229)) - Lock on /home/runner/work/ozone/ozone/hadoop-ozone/integration-test/target/test-dir/MiniOzoneClusterImpl-d43ea6a6-39cf-404b-af74-5e65bec6c33b/ozone-meta/datanode-4/ratis/240efc40-5390-4818-8ad9-8f46ad45b620/in_use.lock acquired by nodename 49851@fv-az1244-646
2024-08-09 18:21:02,740 [3c538fa1-1c2e-4857-863c-22038896ce66-groupManagement] INFO  storage.RaftStorage (RaftStorageImpl.java:format(98)) - Storage directory /home/runner/work/ozone/ozone/hadoop-ozone/integration-test/target/test-dir/MiniOzoneClusterImpl-d43ea6a6-39cf-404b-af74-5e65bec6c33b/ozone-meta/datanode-4/ratis/240efc40-5390-4818-8ad9-8f46ad45b620 has been successfully formatted.
2024-08-09 18:21:02,741 [3c538fa1-1c2e-4857-863c-22038896ce66-groupManagement] INFO  ratis.ContainerStateMachine (ContainerStateMachine.java:loadSnapshot(287)) - group-8F46AD45B620: The snapshot info is null. Setting the last applied index to:(t:0, i:~)
2024-08-09 18:21:02,741 [3c538fa1-1c2e-4857-863c-22038896ce66-groupManagement] INFO  server.RaftServerConfigKeys (ConfUtils.java:logGet(46)) - raft.server.log.use.memory = false (default)
2024-08-09 18:21:02,741 [3c538fa1-1c2e-4857-863c-22038896ce66-groupManagement] INFO  server.RaftServerConfigKeys (ConfUtils.java:logGet(46)) - raft.server.log.purge.gap = 1000000 (custom)
2024-08-09 18:21:02,741 [3c538fa1-1c2e-4857-863c-22038896ce66-groupManagement] INFO  server.RaftServerConfigKeys (ConfUtils.java:logGet(46)) - raft.server.log.appender.buffer.byte-limit = 8388608 (custom)
2024-08-09 18:21:02,741 [3c538fa1-1c2e-4857-863c-22038896ce66-groupManagement] INFO  server.RaftServerConfigKeys (ConfUtils.java:logGet(46)) - raft.server.log.statemachine.data.read.timeout = 1000ms (default)
2024-08-09 18:21:02,741 [3c538fa1-1c2e-4857-863c-22038896ce66-groupManagement] INFO  server.RaftServerConfigKeys (ConfUtils.java:logGet(46)) - raft.server.log.purge.preservation.log.num = 0 (default)
2024-08-09 18:21:02,742 [EventQueue-PipelineReportForPipelineReportHandler] INFO  pipeline.PipelineReportHandler (PipelineReportHandler.java:processPipelineReport(136)) - Opened pipeline PipelineID=240efc40-5390-4818-8ad9-8f46ad45b620
2024-08-09 18:21:02,742 [3c538fa1-1c2e-4857-863c-22038896ce66-groupManagement] INFO  server.RaftServerConfigKeys (ConfUtils.java:logGet(46)) - raft.server.log.segment.size.max = 67108864 (custom)
2024-08-09 18:21:02,742 [EventQueue-OpenPipelineForHealthyPipelineSafeModeRule] INFO  safemode.SCMSafeModeManager (HealthyPipelineSafeModeRule.java:process(140)) - SCM in safe mode. Healthy pipelines reported count is 0, required healthy pipeline reported count is 1
2024-08-09 18:21:02,742 [3c538fa1-1c2e-4857-863c-22038896ce66-groupManagement] INFO  server.RaftServerConfigKeys (ConfUtils.java:logGet(46)) - raft.server.log.segment.cache.num.max = 2 (custom)
2024-08-09 18:21:02,742 [3c538fa1-1c2e-4857-863c-22038896ce66-groupManagement] INFO  server.RaftServerConfigKeys (ConfUtils.java:logGet(46)) - raft.server.log.segment.cache.size.max = 200MB (=209715200) (default)
2024-08-09 18:21:02,742 [3c538fa1-1c2e-4857-863c-22038896ce66-groupManagement] INFO  server.RaftServerConfigKeys (ConfUtils.java:logGet(46)) - raft.server.log.appender.buffer.byte-limit = 8388608 (custom)
2024-08-09 18:21:02,742 [3c538fa1-1c2e-4857-863c-22038896ce66-groupManagement] INFO  util.AwaitToRun (AwaitToRun.java:start(81)) - Thread[3c538fa1-1c2e-4857-863c-22038896ce66@group-8F46AD45B620-cacheEviction-AwaitToRun,5,main] started
2024-08-09 18:21:02,742 [3c538fa1-1c2e-4857-863c-22038896ce66-groupManagement] INFO  segmented.SegmentedRaftLogWorker (SegmentedRaftLogWorker.java:<init>(184)) - new 3c538fa1-1c2e-4857-863c-22038896ce66@group-8F46AD45B620-SegmentedRaftLogWorker for RaftStorageImpl:Storage Directory /home/runner/work/ozone/ozone/hadoop-ozone/integration-test/target/test-dir/MiniOzoneClusterImpl-d43ea6a6-39cf-404b-af74-5e65bec6c33b/ozone-meta/datanode-4/ratis/240efc40-5390-4818-8ad9-8f46ad45b620
2024-08-09 18:21:02,742 [3c538fa1-1c2e-4857-863c-22038896ce66-groupManagement] INFO  server.RaftServerConfigKeys (ConfUtils.java:logGet(46)) - raft.server.log.queue.byte-limit = 4294967296 (custom)
2024-08-09 18:21:02,742 [3c538fa1-1c2e-4857-863c-22038896ce66-groupManagement] INFO  server.RaftServerConfigKeys (ConfUtils.java:logGet(46)) - raft.server.log.queue.element-limit = 1024 (custom)
2024-08-09 18:21:02,742 [3c538fa1-1c2e-4857-863c-22038896ce66-groupManagement] INFO  server.RaftServerConfigKeys (ConfUtils.java:logGet(46)) - raft.server.log.segment.size.max = 67108864 (custom)
2024-08-09 18:21:02,742 [3c538fa1-1c2e-4857-863c-22038896ce66-groupManagement] INFO  server.RaftServerConfigKeys (ConfUtils.java:logGet(46)) - raft.server.log.preallocated.size = 4194304 (custom)
2024-08-09 18:21:02,742 [3c538fa1-1c2e-4857-863c-22038896ce66-groupManagement] INFO  server.RaftServerConfigKeys (ConfUtils.java:logGet(46)) - raft.server.log.force.sync.num = 128 (default)
2024-08-09 18:21:02,742 [3c538fa1-1c2e-4857-863c-22038896ce66-groupManagement] INFO  server.RaftServerConfigKeys (ConfUtils.java:logGet(46)) - raft.server.log.statemachine.data.sync = true (default)
2024-08-09 18:21:02,743 [3c538fa1-1c2e-4857-863c-22038896ce66-groupManagement] INFO  server.RaftServerConfigKeys (ConfUtils.java:logGet(46)) - raft.server.log.statemachine.data.sync.timeout = 10s (default)
2024-08-09 18:21:02,743 [3c538fa1-1c2e-4857-863c-22038896ce66-groupManagement] INFO  server.RaftServerConfigKeys (ConfUtils.java:logGet(46)) - raft.server.log.statemachine.data.sync.timeout.retry = 30 (custom)
2024-08-09 18:21:02,743 [3c538fa1-1c2e-4857-863c-22038896ce66-groupManagement] INFO  server.RaftServerConfigKeys (ConfUtils.java:logGet(46)) - raft.server.log.write.buffer.size = 8388616 (custom)
2024-08-09 18:21:02,743 [3c538fa1-1c2e-4857-863c-22038896ce66-groupManagement] INFO  server.RaftServerConfigKeys (ConfUtils.java:logGet(46)) - raft.server.log.appender.buffer.byte-limit = 8388608 (custom)
2024-08-09 18:21:02,743 [3c538fa1-1c2e-4857-863c-22038896ce66-groupManagement] INFO  server.RaftServerConfigKeys (ConfUtils.java:logGet(46)) - raft.server.log.unsafe-flush.enabled = false (default)
2024-08-09 18:21:02,743 [3c538fa1-1c2e-4857-863c-22038896ce66-groupManagement] INFO  server.RaftServerConfigKeys (ConfUtils.java:logGet(46)) - raft.server.log.async-flush.enabled = false (default)
2024-08-09 18:21:02,743 [3c538fa1-1c2e-4857-863c-22038896ce66-groupManagement] INFO  server.RaftServerConfigKeys (ConfUtils.java:logGet(46)) - raft.server.log.statemachine.data.caching.enabled = true (custom)
2024-08-09 18:21:02,744 [3c538fa1-1c2e-4857-863c-22038896ce66-groupManagement] INFO  segmented.SegmentedRaftLogWorker (SegmentedRaftLogWorker.java:lambda$new$0(135)) - 3c538fa1-1c2e-4857-863c-22038896ce66@group-8F46AD45B620-SegmentedRaftLogWorker: flushIndex: setUnconditionally 0 -> -1
2024-08-09 18:21:02,744 [3c538fa1-1c2e-4857-863c-22038896ce66-groupManagement] INFO  segmented.SegmentedRaftLogWorker (SegmentedRaftLogWorker.java:lambda$new$0(135)) - 3c538fa1-1c2e-4857-863c-22038896ce66@group-8F46AD45B620-SegmentedRaftLogWorker: safeCacheEvictIndex: setUnconditionally 0 -> -1
2024-08-09 18:21:02,744 [3c538fa1-1c2e-4857-863c-22038896ce66-groupManagement] INFO  server.RaftServer$Division (RaftServerImpl.java:start(389)) - 3c538fa1-1c2e-4857-863c-22038896ce66@group-8F46AD45B620: start as a follower, conf=conf: {index: -1, cur=peers:[3c538fa1-1c2e-4857-863c-22038896ce66|127.0.0.1:15622]|listeners:[], old=null}
2024-08-09 18:21:02,744 [3c538fa1-1c2e-4857-863c-22038896ce66-groupManagement] INFO  server.RaftServer$Division (RaftServerImpl.java:setRole(376)) - 3c538fa1-1c2e-4857-863c-22038896ce66@group-8F46AD45B620: changes role from      null to FOLLOWER at term 0 for startAsFollower
2024-08-09 18:21:02,744 [3c538fa1-1c2e-4857-863c-22038896ce66-groupManagement] INFO  impl.RoleInfo (RoleInfo.java:updateAndGet(148)) - 3c538fa1-1c2e-4857-863c-22038896ce66: start 3c538fa1-1c2e-4857-863c-22038896ce66@group-8F46AD45B620-FollowerState
2024-08-09 18:21:02,744 [3c538fa1-1c2e-4857-863c-22038896ce66@group-8F46AD45B620-FollowerState] INFO  server.RaftServerConfigKeys (ConfUtils.java:logFallback(53)) - raft.server.rpc.first-election.timeout.min = 5s (fallback to raft.server.rpc.timeout.min)
2024-08-09 18:21:02,744 [3c538fa1-1c2e-4857-863c-22038896ce66@group-8F46AD45B620-FollowerState] INFO  server.RaftServerConfigKeys (ConfUtils.java:logFallback(53)) - raft.server.rpc.first-election.timeout.max = 5200ms (fallback to raft.server.rpc.timeout.max)
2024-08-09 18:21:02,744 [3c538fa1-1c2e-4857-863c-22038896ce66-groupManagement] INFO  util.JmxRegister (JmxRegister.java:tryRegister(44)) - Successfully registered JMX Bean with object name Ratis:service=RaftServer,group=group-8F46AD45B620,id=3c538fa1-1c2e-4857-863c-22038896ce66
2024-08-09 18:21:02,744 [3c538fa1-1c2e-4857-863c-22038896ce66-groupManagement] INFO  util.JmxRegister (JmxRegister.java:register(58)) - register mxBean class org.apache.ratis.server.impl.RaftServerJmxAdapter as Ratis:service=RaftServer,group=group-8F46AD45B620,id=3c538fa1-1c2e-4857-863c-22038896ce66
2024-08-09 18:21:02,744 [3c538fa1-1c2e-4857-863c-22038896ce66-groupManagement] INFO  server.RaftServerConfigKeys (ConfUtils.java:logGet(46)) - raft.server.snapshot.trigger-when-stop.enabled = true (default)
2024-08-09 18:21:02,744 [3c538fa1-1c2e-4857-863c-22038896ce66-groupManagement] INFO  server.RaftServerConfigKeys (ConfUtils.java:logGet(46)) - raft.server.snapshot.trigger-when-remove.enabled = true (default)
2024-08-09 18:21:02,744 [3c538fa1-1c2e-4857-863c-22038896ce66-groupManagement] INFO  server.RaftServerConfigKeys (ConfUtils.java:logGet(46)) - raft.server.snapshot.auto.trigger.enabled = true (custom)
2024-08-09 18:21:02,745 [3c538fa1-1c2e-4857-863c-22038896ce66-groupManagement] INFO  server.RaftServerConfigKeys (ConfUtils.java:logGet(46)) - raft.server.snapshot.auto.trigger.threshold = 10000 (custom)
2024-08-09 18:21:02,745 [3c538fa1-1c2e-4857-863c-22038896ce66-groupManagement] INFO  server.RaftServerConfigKeys (ConfUtils.java:logGet(46)) - raft.server.snapshot.retention.file.num = 5 (custom)
2024-08-09 18:21:02,745 [3c538fa1-1c2e-4857-863c-22038896ce66-groupManagement] INFO  server.RaftServerConfigKeys (ConfUtils.java:logGet(46)) - raft.server.log.purge.upto.snapshot.index = false (default)
2024-08-09 18:21:02,745 [3c538fa1-1c2e-4857-863c-22038896ce66-PipelineCommandHandlerThread-0] INFO  ratis.XceiverServerRatis (XceiverServerRatis.java:addGroup(846)) - Created group PipelineID=240efc40-5390-4818-8ad9-8f46ad45b620
2024-08-09 18:21:02,745 [3c538fa1-1c2e-4857-863c-22038896ce66-PipelineCommandHandlerThread-0] INFO  commandhandler.CreatePipelineCommandHandler (CreatePipelineCommandHandler.java:lambda$handle$2(124)) - Created Pipeline RATIS ONE PipelineID=240efc40-5390-4818-8ad9-8f46ad45b620.
2024-08-09 18:21:02,960 [2a5f2f3f-c544-4432-8d42-fb85fe01dde8-PipelineCommandHandlerThread-0] INFO  server.RaftServer (RaftServerProxy.java:addNew(101)) - 2a5f2f3f-c544-4432-8d42-fb85fe01dde8: addNew group-E9E52F0C611C:[2a5f2f3f-c544-4432-8d42-fb85fe01dde8|127.0.0.1:15631] returns group-E9E52F0C611C:java.util.concurrent.CompletableFuture@1febee14[Not completed]
2024-08-09 18:21:02,961 [2a5f2f3f-c544-4432-8d42-fb85fe01dde8-groupManagement] INFO  server.RaftServer$Division (RaftServerImpl.java:<init>(253)) - 2a5f2f3f-c544-4432-8d42-fb85fe01dde8: new RaftServerImpl for group-E9E52F0C611C:[2a5f2f3f-c544-4432-8d42-fb85fe01dde8|127.0.0.1:15631] with ContainerStateMachine:uninitialized
2024-08-09 18:21:02,961 [2a5f2f3f-c544-4432-8d42-fb85fe01dde8-groupManagement] INFO  server.RaftServerConfigKeys (ConfUtils.java:logGet(46)) - raft.server.rpc.timeout.min = 5s (custom)
2024-08-09 18:21:02,961 [2a5f2f3f-c544-4432-8d42-fb85fe01dde8-groupManagement] INFO  server.RaftServerConfigKeys (ConfUtils.java:logGet(46)) - raft.server.rpc.timeout.max = 5200ms (custom)
2024-08-09 18:21:02,961 [2a5f2f3f-c544-4432-8d42-fb85fe01dde8-groupManagement] INFO  server.RaftServerConfigKeys (ConfUtils.java:logGet(46)) - raft.server.rpc.sleep.time = 25ms (default)
2024-08-09 18:21:02,961 [2a5f2f3f-c544-4432-8d42-fb85fe01dde8-groupManagement] INFO  server.RaftServerConfigKeys (ConfUtils.java:logGet(46)) - raft.server.rpc.slowness.timeout = 300000ms (custom)
2024-08-09 18:21:02,961 [2a5f2f3f-c544-4432-8d42-fb85fe01dde8-groupManagement] INFO  server.RaftServerConfigKeys (ConfUtils.java:logGet(46)) - raft.server.leaderelection.leader.step-down.wait-time = 10s (default)
2024-08-09 18:21:02,961 [2a5f2f3f-c544-4432-8d42-fb85fe01dde8-groupManagement] INFO  server.RaftServerConfigKeys (ConfUtils.java:logGet(46)) - raft.server.leaderelection.member.majority-add = false (default)
2024-08-09 18:21:02,961 [2a5f2f3f-c544-4432-8d42-fb85fe01dde8-groupManagement] INFO  server.RaftServerConfigKeys (ConfUtils.java:logGet(46)) - raft.server.sleep.deviation.threshold = 300ms (default)
2024-08-09 18:21:02,961 [2a5f2f3f-c544-4432-8d42-fb85fe01dde8-groupManagement] INFO  server.RaftServer$Division (ServerState.java:<init>(114)) - 2a5f2f3f-c544-4432-8d42-fb85fe01dde8@group-E9E52F0C611C: ConfigurationManager, init=conf: {index: -1, cur=peers:[2a5f2f3f-c544-4432-8d42-fb85fe01dde8|127.0.0.1:15631]|listeners:[], old=null}, confs=<EMPTY_MAP>
2024-08-09 18:21:02,961 [2a5f2f3f-c544-4432-8d42-fb85fe01dde8-groupManagement] INFO  server.RaftServerConfigKeys (ConfUtils.java:logGet(46)) - raft.server.notification.no-leader.timeout = 300000ms (custom)
2024-08-09 18:21:02,961 [2a5f2f3f-c544-4432-8d42-fb85fe01dde8-groupManagement] INFO  server.RaftServerConfigKeys (ConfUtils.java:logGet(46)) - raft.server.read.timeout = 10s (default)
2024-08-09 18:21:02,961 [2a5f2f3f-c544-4432-8d42-fb85fe01dde8-groupManagement] INFO  server.RaftServerConfigKeys (ConfUtils.java:logGet(46)) - raft.server.retrycache.expirytime = 600000ms (custom)
2024-08-09 18:21:02,961 [2a5f2f3f-c544-4432-8d42-fb85fe01dde8-groupManagement] INFO  server.RaftServerConfigKeys (ConfUtils.java:logGet(46)) - raft.server.retrycache.statistics.expirytime = 100ms (default)
2024-08-09 18:21:02,961 [2a5f2f3f-c544-4432-8d42-fb85fe01dde8-groupManagement] INFO  server.RaftServerConfigKeys (ConfUtils.java:logGet(46)) - raft.server.read.option = DEFAULT (default)
2024-08-09 18:21:02,961 [2a5f2f3f-c544-4432-8d42-fb85fe01dde8-groupManagement] INFO  server.RaftServerConfigKeys (ConfUtils.java:logGet(46)) - raft.server.read.read-after-write-consistent.write-index-cache.expiry-time = 60s (default)
2024-08-09 18:21:02,962 [main] INFO  ozone.MiniOzoneClusterImpl (MiniOzoneClusterImpl.java:lambda$waitForClusterToBeReady$0(198)) - Nodes are ready. Got 5 of 5 DN Heartbeats.
2024-08-09 18:21:02,962 [main] INFO  ozone.MiniOzoneClusterImpl (MiniOzoneClusterImpl.java:lambda$waitForClusterToBeReady$0(201)) - Waiting for cluster to exit safe mode
2024-08-09 18:21:02,962 [main] INFO  ozone.MiniOzoneClusterImpl (MiniOzoneClusterImpl.java:lambda$waitForClusterToBeReady$0(203)) - SCM became leader
2024-08-09 18:21:02,963 [2a5f2f3f-c544-4432-8d42-fb85fe01dde8-groupManagement] INFO  server.RaftServerConfigKeys (ConfUtils.java:logGet(46)) - raft.server.rpc.request.timeout = 3000ms (default)
2024-08-09 18:21:02,963 [2a5f2f3f-c544-4432-8d42-fb85fe01dde8-groupManagement] INFO  server.RaftServerConfigKeys (ConfUtils.java:logGet(46)) - raft.server.log.appender.install.snapshot.enabled = false (custom)
2024-08-09 18:21:02,963 [2a5f2f3f-c544-4432-8d42-fb85fe01dde8-groupManagement] INFO  server.RaftServerConfigKeys (ConfUtils.java:logGet(46)) - raft.server.threadpool.server.cached = true (default)
2024-08-09 18:21:02,963 [2a5f2f3f-c544-4432-8d42-fb85fe01dde8-groupManagement] INFO  server.RaftServerConfigKeys (ConfUtils.java:logGet(46)) - raft.server.threadpool.server.size = 0 (default)
2024-08-09 18:21:02,963 [2a5f2f3f-c544-4432-8d42-fb85fe01dde8-groupManagement] INFO  server.RaftServerConfigKeys (ConfUtils.java:logGet(46)) - raft.server.threadpool.client.cached = true (default)
2024-08-09 18:21:02,963 [2a5f2f3f-c544-4432-8d42-fb85fe01dde8-groupManagement] INFO  server.RaftServerConfigKeys (ConfUtils.java:logGet(46)) - raft.server.threadpool.client.size = 0 (default)
2024-08-09 18:21:02,963 [2a5f2f3f-c544-4432-8d42-fb85fe01dde8-groupManagement] INFO  server.RaftServerConfigKeys (ConfUtils.java:logGet(46)) - raft.server.storage.free-space.min = 0MB (=0) (default)
2024-08-09 18:21:02,963 [2a5f2f3f-c544-4432-8d42-fb85fe01dde8-groupManagement] INFO  server.RaftServerConfigKeys (ConfUtils.java:logGet(46)) - raft.server.log.corruption.policy = EXCEPTION (default)
2024-08-09 18:21:02,963 [2a5f2f3f-c544-4432-8d42-fb85fe01dde8-groupManagement] INFO  server.RaftServerConfigKeys (ConfUtils.java:logGet(46)) - raft.server.storage.dir = [/home/runner/work/ozone/ozone/hadoop-ozone/integration-test/target/test-dir/MiniOzoneClusterImpl-d43ea6a6-39cf-404b-af74-5e65bec6c33b/ozone-meta/datanode-5/ratis] (custom)
2024-08-09 18:21:02,964 [2a5f2f3f-c544-4432-8d42-fb85fe01dde8-groupManagement] INFO  storage.RaftStorageDirectory (RaftStorageDirectoryImpl.java:analyzeStorage(138)) - The storage directory /home/runner/work/ozone/ozone/hadoop-ozone/integration-test/target/test-dir/MiniOzoneClusterImpl-d43ea6a6-39cf-404b-af74-5e65bec6c33b/ozone-meta/datanode-5/ratis/f1ff5aa2-5a0a-423d-a366-e9e52f0c611c does not exist. Creating ...
2024-08-09 18:21:02,965 [2a5f2f3f-c544-4432-8d42-fb85fe01dde8-groupManagement] INFO  storage.RaftStorageDirectory (RaftStorageDirectoryImpl.java:tryLock(229)) - Lock on /home/runner/work/ozone/ozone/hadoop-ozone/integration-test/target/test-dir/MiniOzoneClusterImpl-d43ea6a6-39cf-404b-af74-5e65bec6c33b/ozone-meta/datanode-5/ratis/f1ff5aa2-5a0a-423d-a366-e9e52f0c611c/in_use.lock acquired by nodename 49851@fv-az1244-646
2024-08-09 18:21:02,966 [2a5f2f3f-c544-4432-8d42-fb85fe01dde8-groupManagement] INFO  storage.RaftStorage (RaftStorageImpl.java:format(98)) - Storage directory /home/runner/work/ozone/ozone/hadoop-ozone/integration-test/target/test-dir/MiniOzoneClusterImpl-d43ea6a6-39cf-404b-af74-5e65bec6c33b/ozone-meta/datanode-5/ratis/f1ff5aa2-5a0a-423d-a366-e9e52f0c611c has been successfully formatted.
2024-08-09 18:21:02,966 [2a5f2f3f-c544-4432-8d42-fb85fe01dde8-groupManagement] INFO  ratis.ContainerStateMachine (ContainerStateMachine.java:loadSnapshot(287)) - group-E9E52F0C611C: The snapshot info is null. Setting the last applied index to:(t:0, i:~)
2024-08-09 18:21:02,966 [2a5f2f3f-c544-4432-8d42-fb85fe01dde8-groupManagement] INFO  server.RaftServerConfigKeys (ConfUtils.java:logGet(46)) - raft.server.log.use.memory = false (default)
2024-08-09 18:21:02,966 [2a5f2f3f-c544-4432-8d42-fb85fe01dde8-groupManagement] INFO  server.RaftServerConfigKeys (ConfUtils.java:logGet(46)) - raft.server.log.purge.gap = 1000000 (custom)
2024-08-09 18:21:02,966 [2a5f2f3f-c544-4432-8d42-fb85fe01dde8-groupManagement] INFO  server.RaftServerConfigKeys (ConfUtils.java:logGet(46)) - raft.server.log.appender.buffer.byte-limit = 8388608 (custom)
2024-08-09 18:21:02,966 [2a5f2f3f-c544-4432-8d42-fb85fe01dde8-groupManagement] INFO  server.RaftServerConfigKeys (ConfUtils.java:logGet(46)) - raft.server.log.statemachine.data.read.timeout = 1000ms (default)
2024-08-09 18:21:02,966 [2a5f2f3f-c544-4432-8d42-fb85fe01dde8-groupManagement] INFO  server.RaftServerConfigKeys (ConfUtils.java:logGet(46)) - raft.server.log.purge.preservation.log.num = 0 (default)
2024-08-09 18:21:02,967 [EventQueue-PipelineReportForPipelineReportHandler] INFO  pipeline.PipelineReportHandler (PipelineReportHandler.java:processPipelineReport(136)) - Opened pipeline PipelineID=f1ff5aa2-5a0a-423d-a366-e9e52f0c611c
2024-08-09 18:21:02,967 [EventQueue-OpenPipelineForHealthyPipelineSafeModeRule] INFO  safemode.SCMSafeModeManager (HealthyPipelineSafeModeRule.java:process(140)) - SCM in safe mode. Healthy pipelines reported count is 0, required healthy pipeline reported count is 1
2024-08-09 18:21:02,967 [2a5f2f3f-c544-4432-8d42-fb85fe01dde8-groupManagement] INFO  server.RaftServerConfigKeys (ConfUtils.java:logGet(46)) - raft.server.log.segment.size.max = 67108864 (custom)
2024-08-09 18:21:02,967 [2a5f2f3f-c544-4432-8d42-fb85fe01dde8-groupManagement] INFO  server.RaftServerConfigKeys (ConfUtils.java:logGet(46)) - raft.server.log.segment.cache.num.max = 2 (custom)
2024-08-09 18:21:02,967 [2a5f2f3f-c544-4432-8d42-fb85fe01dde8-groupManagement] INFO  server.RaftServerConfigKeys (ConfUtils.java:logGet(46)) - raft.server.log.segment.cache.size.max = 200MB (=209715200) (default)
2024-08-09 18:21:02,967 [2a5f2f3f-c544-4432-8d42-fb85fe01dde8-groupManagement] INFO  server.RaftServerConfigKeys (ConfUtils.java:logGet(46)) - raft.server.log.appender.buffer.byte-limit = 8388608 (custom)
2024-08-09 18:21:02,967 [2a5f2f3f-c544-4432-8d42-fb85fe01dde8-groupManagement] INFO  util.AwaitToRun (AwaitToRun.java:start(81)) - Thread[2a5f2f3f-c544-4432-8d42-fb85fe01dde8@group-E9E52F0C611C-cacheEviction-AwaitToRun,5,main] started
2024-08-09 18:21:02,967 [2a5f2f3f-c544-4432-8d42-fb85fe01dde8-groupManagement] INFO  segmented.SegmentedRaftLogWorker (SegmentedRaftLogWorker.java:<init>(184)) - new 2a5f2f3f-c544-4432-8d42-fb85fe01dde8@group-E9E52F0C611C-SegmentedRaftLogWorker for RaftStorageImpl:Storage Directory /home/runner/work/ozone/ozone/hadoop-ozone/integration-test/target/test-dir/MiniOzoneClusterImpl-d43ea6a6-39cf-404b-af74-5e65bec6c33b/ozone-meta/datanode-5/ratis/f1ff5aa2-5a0a-423d-a366-e9e52f0c611c
2024-08-09 18:21:02,968 [2a5f2f3f-c544-4432-8d42-fb85fe01dde8-groupManagement] INFO  server.RaftServerConfigKeys (ConfUtils.java:logGet(46)) - raft.server.log.queue.byte-limit = 4294967296 (custom)
2024-08-09 18:21:02,968 [2a5f2f3f-c544-4432-8d42-fb85fe01dde8-groupManagement] INFO  server.RaftServerConfigKeys (ConfUtils.java:logGet(46)) - raft.server.log.queue.element-limit = 1024 (custom)
2024-08-09 18:21:02,968 [2a5f2f3f-c544-4432-8d42-fb85fe01dde8-groupManagement] INFO  server.RaftServerConfigKeys (ConfUtils.java:logGet(46)) - raft.server.log.segment.size.max = 67108864 (custom)
2024-08-09 18:21:02,968 [2a5f2f3f-c544-4432-8d42-fb85fe01dde8-groupManagement] INFO  server.RaftServerConfigKeys (ConfUtils.java:logGet(46)) - raft.server.log.preallocated.size = 4194304 (custom)
2024-08-09 18:21:02,968 [2a5f2f3f-c544-4432-8d42-fb85fe01dde8-groupManagement] INFO  server.RaftServerConfigKeys (ConfUtils.java:logGet(46)) - raft.server.log.force.sync.num = 128 (default)
2024-08-09 18:21:02,968 [2a5f2f3f-c544-4432-8d42-fb85fe01dde8-groupManagement] INFO  server.RaftServerConfigKeys (ConfUtils.java:logGet(46)) - raft.server.log.statemachine.data.sync = true (default)
2024-08-09 18:21:02,968 [2a5f2f3f-c544-4432-8d42-fb85fe01dde8-groupManagement] INFO  server.RaftServerConfigKeys (ConfUtils.java:logGet(46)) - raft.server.log.statemachine.data.sync.timeout = 10s (default)
2024-08-09 18:21:02,968 [2a5f2f3f-c544-4432-8d42-fb85fe01dde8-groupManagement] INFO  server.RaftServerConfigKeys (ConfUtils.java:logGet(46)) - raft.server.log.statemachine.data.sync.timeout.retry = 30 (custom)
2024-08-09 18:21:02,968 [2a5f2f3f-c544-4432-8d42-fb85fe01dde8-groupManagement] INFO  server.RaftServerConfigKeys (ConfUtils.java:logGet(46)) - raft.server.log.write.buffer.size = 8388616 (custom)
2024-08-09 18:21:02,968 [2a5f2f3f-c544-4432-8d42-fb85fe01dde8-groupManagement] INFO  server.RaftServerConfigKeys (ConfUtils.java:logGet(46)) - raft.server.log.appender.buffer.byte-limit = 8388608 (custom)
2024-08-09 18:21:02,968 [2a5f2f3f-c544-4432-8d42-fb85fe01dde8-groupManagement] INFO  server.RaftServerConfigKeys (ConfUtils.java:logGet(46)) - raft.server.log.unsafe-flush.enabled = false (default)
2024-08-09 18:21:02,968 [2a5f2f3f-c544-4432-8d42-fb85fe01dde8-groupManagement] INFO  server.RaftServerConfigKeys (ConfUtils.java:logGet(46)) - raft.server.log.async-flush.enabled = false (default)
2024-08-09 18:21:02,968 [2a5f2f3f-c544-4432-8d42-fb85fe01dde8-groupManagement] INFO  server.RaftServerConfigKeys (ConfUtils.java:logGet(46)) - raft.server.log.statemachine.data.caching.enabled = true (custom)
2024-08-09 18:21:02,969 [2a5f2f3f-c544-4432-8d42-fb85fe01dde8-groupManagement] INFO  segmented.SegmentedRaftLogWorker (SegmentedRaftLogWorker.java:lambda$new$0(135)) - 2a5f2f3f-c544-4432-8d42-fb85fe01dde8@group-E9E52F0C611C-SegmentedRaftLogWorker: flushIndex: setUnconditionally 0 -> -1
2024-08-09 18:21:02,969 [2a5f2f3f-c544-4432-8d42-fb85fe01dde8-groupManagement] INFO  segmented.SegmentedRaftLogWorker (SegmentedRaftLogWorker.java:lambda$new$0(135)) - 2a5f2f3f-c544-4432-8d42-fb85fe01dde8@group-E9E52F0C611C-SegmentedRaftLogWorker: safeCacheEvictIndex: setUnconditionally 0 -> -1
2024-08-09 18:21:02,969 [2a5f2f3f-c544-4432-8d42-fb85fe01dde8-groupManagement] INFO  server.RaftServer$Division (RaftServerImpl.java:start(389)) - 2a5f2f3f-c544-4432-8d42-fb85fe01dde8@group-E9E52F0C611C: start as a follower, conf=conf: {index: -1, cur=peers:[2a5f2f3f-c544-4432-8d42-fb85fe01dde8|127.0.0.1:15631]|listeners:[], old=null}
2024-08-09 18:21:02,969 [2a5f2f3f-c544-4432-8d42-fb85fe01dde8-groupManagement] INFO  server.RaftServer$Division (RaftServerImpl.java:setRole(376)) - 2a5f2f3f-c544-4432-8d42-fb85fe01dde8@group-E9E52F0C611C: changes role from      null to FOLLOWER at term 0 for startAsFollower
2024-08-09 18:21:02,969 [2a5f2f3f-c544-4432-8d42-fb85fe01dde8-groupManagement] INFO  impl.RoleInfo (RoleInfo.java:updateAndGet(148)) - 2a5f2f3f-c544-4432-8d42-fb85fe01dde8: start 2a5f2f3f-c544-4432-8d42-fb85fe01dde8@group-E9E52F0C611C-FollowerState
2024-08-09 18:21:02,969 [2a5f2f3f-c544-4432-8d42-fb85fe01dde8@group-E9E52F0C611C-FollowerState] INFO  server.RaftServerConfigKeys (ConfUtils.java:logFallback(53)) - raft.server.rpc.first-election.timeout.min = 5s (fallback to raft.server.rpc.timeout.min)
2024-08-09 18:21:02,969 [2a5f2f3f-c544-4432-8d42-fb85fe01dde8@group-E9E52F0C611C-FollowerState] INFO  server.RaftServerConfigKeys (ConfUtils.java:logFallback(53)) - raft.server.rpc.first-election.timeout.max = 5200ms (fallback to raft.server.rpc.timeout.max)
2024-08-09 18:21:02,969 [2a5f2f3f-c544-4432-8d42-fb85fe01dde8-groupManagement] INFO  util.JmxRegister (JmxRegister.java:tryRegister(44)) - Successfully registered JMX Bean with object name Ratis:service=RaftServer,group=group-E9E52F0C611C,id=2a5f2f3f-c544-4432-8d42-fb85fe01dde8
2024-08-09 18:21:02,969 [2a5f2f3f-c544-4432-8d42-fb85fe01dde8-groupManagement] INFO  util.JmxRegister (JmxRegister.java:register(58)) - register mxBean class org.apache.ratis.server.impl.RaftServerJmxAdapter as Ratis:service=RaftServer,group=group-E9E52F0C611C,id=2a5f2f3f-c544-4432-8d42-fb85fe01dde8
2024-08-09 18:21:02,969 [2a5f2f3f-c544-4432-8d42-fb85fe01dde8-groupManagement] INFO  server.RaftServerConfigKeys (ConfUtils.java:logGet(46)) - raft.server.snapshot.trigger-when-stop.enabled = true (default)
2024-08-09 18:21:02,969 [2a5f2f3f-c544-4432-8d42-fb85fe01dde8-groupManagement] INFO  server.RaftServerConfigKeys (ConfUtils.java:logGet(46)) - raft.server.snapshot.trigger-when-remove.enabled = true (default)
2024-08-09 18:21:02,969 [2a5f2f3f-c544-4432-8d42-fb85fe01dde8-groupManagement] INFO  server.RaftServerConfigKeys (ConfUtils.java:logGet(46)) - raft.server.snapshot.auto.trigger.enabled = true (custom)
2024-08-09 18:21:02,969 [2a5f2f3f-c544-4432-8d42-fb85fe01dde8-groupManagement] INFO  server.RaftServerConfigKeys (ConfUtils.java:logGet(46)) - raft.server.snapshot.auto.trigger.threshold = 10000 (custom)
2024-08-09 18:21:02,970 [2a5f2f3f-c544-4432-8d42-fb85fe01dde8-groupManagement] INFO  server.RaftServerConfigKeys (ConfUtils.java:logGet(46)) - raft.server.snapshot.retention.file.num = 5 (custom)
2024-08-09 18:21:02,970 [2a5f2f3f-c544-4432-8d42-fb85fe01dde8-groupManagement] INFO  server.RaftServerConfigKeys (ConfUtils.java:logGet(46)) - raft.server.log.purge.upto.snapshot.index = false (default)
2024-08-09 18:21:02,970 [2a5f2f3f-c544-4432-8d42-fb85fe01dde8-PipelineCommandHandlerThread-0] INFO  ratis.XceiverServerRatis (XceiverServerRatis.java:addGroup(846)) - Created group PipelineID=f1ff5aa2-5a0a-423d-a366-e9e52f0c611c
2024-08-09 18:21:02,970 [2a5f2f3f-c544-4432-8d42-fb85fe01dde8-PipelineCommandHandlerThread-0] INFO  commandhandler.CreatePipelineCommandHandler (CreatePipelineCommandHandler.java:lambda$handle$2(124)) - Created Pipeline RATIS ONE PipelineID=f1ff5aa2-5a0a-423d-a366-e9e52f0c611c.
2024-08-09 18:21:03,962 [main] INFO  ozone.MiniOzoneClusterImpl (MiniOzoneClusterImpl.java:lambda$waitForClusterToBeReady$0(198)) - Nodes are ready. Got 5 of 5 DN Heartbeats.
2024-08-09 18:21:03,962 [main] INFO  ozone.MiniOzoneClusterImpl (MiniOzoneClusterImpl.java:lambda$waitForClusterToBeReady$0(201)) - Waiting for cluster to exit safe mode
2024-08-09 18:21:03,962 [main] INFO  ozone.MiniOzoneClusterImpl (MiniOzoneClusterImpl.java:lambda$waitForClusterToBeReady$0(203)) - SCM became leader
2024-08-09 18:21:04,963 [main] INFO  ozone.MiniOzoneClusterImpl (MiniOzoneClusterImpl.java:lambda$waitForClusterToBeReady$0(198)) - Nodes are ready. Got 5 of 5 DN Heartbeats.
2024-08-09 18:21:04,963 [main] INFO  ozone.MiniOzoneClusterImpl (MiniOzoneClusterImpl.java:lambda$waitForClusterToBeReady$0(201)) - Waiting for cluster to exit safe mode
2024-08-09 18:21:04,963 [main] INFO  ozone.MiniOzoneClusterImpl (MiniOzoneClusterImpl.java:lambda$waitForClusterToBeReady$0(203)) - SCM became leader
2024-08-09 18:21:05,963 [main] INFO  ozone.MiniOzoneClusterImpl (MiniOzoneClusterImpl.java:lambda$waitForClusterToBeReady$0(198)) - Nodes are ready. Got 5 of 5 DN Heartbeats.
2024-08-09 18:21:05,964 [main] INFO  ozone.MiniOzoneClusterImpl (MiniOzoneClusterImpl.java:lambda$waitForClusterToBeReady$0(201)) - Waiting for cluster to exit safe mode
2024-08-09 18:21:05,964 [main] INFO  ozone.MiniOzoneClusterImpl (MiniOzoneClusterImpl.java:lambda$waitForClusterToBeReady$0(203)) - SCM became leader
2024-08-09 18:21:06,964 [main] INFO  ozone.MiniOzoneClusterImpl (MiniOzoneClusterImpl.java:lambda$waitForClusterToBeReady$0(198)) - Nodes are ready. Got 5 of 5 DN Heartbeats.
2024-08-09 18:21:06,964 [main] INFO  ozone.MiniOzoneClusterImpl (MiniOzoneClusterImpl.java:lambda$waitForClusterToBeReady$0(201)) - Waiting for cluster to exit safe mode
2024-08-09 18:21:06,964 [main] INFO  ozone.MiniOzoneClusterImpl (MiniOzoneClusterImpl.java:lambda$waitForClusterToBeReady$0(203)) - SCM became leader
2024-08-09 18:21:07,095 [9be8d1c2-cf5e-49e7-8b06-3e73843a30ba@group-BB6FBB1E63C3-FollowerState] INFO  impl.FollowerState (FollowerState.java:run(144)) - 9be8d1c2-cf5e-49e7-8b06-3e73843a30ba@group-BB6FBB1E63C3-FollowerState: change to CANDIDATE, lastRpcElapsedTime:5005188531ns, electionTimeout:5000ms
2024-08-09 18:21:07,095 [9be8d1c2-cf5e-49e7-8b06-3e73843a30ba@group-BB6FBB1E63C3-FollowerState] INFO  impl.RoleInfo (RoleInfo.java:shutdownFollowerState(119)) - 9be8d1c2-cf5e-49e7-8b06-3e73843a30ba: shutdown 9be8d1c2-cf5e-49e7-8b06-3e73843a30ba@group-BB6FBB1E63C3-FollowerState
2024-08-09 18:21:07,095 [9be8d1c2-cf5e-49e7-8b06-3e73843a30ba@group-BB6FBB1E63C3-FollowerState] INFO  server.RaftServer$Division (RaftServerImpl.java:setRole(376)) - 9be8d1c2-cf5e-49e7-8b06-3e73843a30ba@group-BB6FBB1E63C3: changes role from  FOLLOWER to CANDIDATE at term 0 for changeToCandidate
2024-08-09 18:21:07,095 [9be8d1c2-cf5e-49e7-8b06-3e73843a30ba@group-BB6FBB1E63C3-FollowerState] INFO  server.RaftServerConfigKeys (ConfUtils.java:logGet(46)) - raft.server.leaderelection.pre-vote = true (default)
2024-08-09 18:21:07,095 [9be8d1c2-cf5e-49e7-8b06-3e73843a30ba@group-BB6FBB1E63C3-FollowerState] INFO  impl.RoleInfo (RoleInfo.java:updateAndGet(148)) - 9be8d1c2-cf5e-49e7-8b06-3e73843a30ba: start 9be8d1c2-cf5e-49e7-8b06-3e73843a30ba@group-BB6FBB1E63C3-LeaderElection144
2024-08-09 18:21:07,096 [9be8d1c2-cf5e-49e7-8b06-3e73843a30ba@group-BB6FBB1E63C3-LeaderElection144] INFO  impl.LeaderElection (LeaderElection.java:askForVotes(321)) - 9be8d1c2-cf5e-49e7-8b06-3e73843a30ba@group-BB6FBB1E63C3-LeaderElection144 PRE_VOTE round 0: submit vote requests at term 0 for conf: {index: -1, cur=peers:[98b1311b-33ed-441a-9d1f-284a1b8d0a39|127.0.0.1:15595, 3ef2c69f-b325-49e4-8b40-b7dfff9ecdd0|127.0.0.1:15604, 9be8d1c2-cf5e-49e7-8b06-3e73843a30ba|127.0.0.1:15613]|listeners:[], old=null}
2024-08-09 18:21:07,096 [98b1311b-33ed-441a-9d1f-284a1b8d0a39@group-B6ED3CAB776B-FollowerState] INFO  impl.FollowerState (FollowerState.java:run(144)) - 98b1311b-33ed-441a-9d1f-284a1b8d0a39@group-B6ED3CAB776B-FollowerState: change to CANDIDATE, lastRpcElapsedTime:5034400255ns, electionTimeout:5034ms
2024-08-09 18:21:07,096 [98b1311b-33ed-441a-9d1f-284a1b8d0a39@group-B6ED3CAB776B-FollowerState] INFO  impl.RoleInfo (RoleInfo.java:shutdownFollowerState(119)) - 98b1311b-33ed-441a-9d1f-284a1b8d0a39: shutdown 98b1311b-33ed-441a-9d1f-284a1b8d0a39@group-B6ED3CAB776B-FollowerState
2024-08-09 18:21:07,096 [98b1311b-33ed-441a-9d1f-284a1b8d0a39@group-B6ED3CAB776B-FollowerState] INFO  server.RaftServer$Division (RaftServerImpl.java:setRole(376)) - 98b1311b-33ed-441a-9d1f-284a1b8d0a39@group-B6ED3CAB776B: changes role from  FOLLOWER to CANDIDATE at term 0 for changeToCandidate
2024-08-09 18:21:07,096 [98b1311b-33ed-441a-9d1f-284a1b8d0a39@group-B6ED3CAB776B-FollowerState] INFO  server.RaftServerConfigKeys (ConfUtils.java:logGet(46)) - raft.server.leaderelection.pre-vote = true (default)
2024-08-09 18:21:07,096 [98b1311b-33ed-441a-9d1f-284a1b8d0a39@group-B6ED3CAB776B-FollowerState] INFO  impl.RoleInfo (RoleInfo.java:updateAndGet(148)) - 98b1311b-33ed-441a-9d1f-284a1b8d0a39: start 98b1311b-33ed-441a-9d1f-284a1b8d0a39@group-B6ED3CAB776B-LeaderElection145
2024-08-09 18:21:07,096 [9be8d1c2-cf5e-49e7-8b06-3e73843a30ba@group-BB6FBB1E63C3-LeaderElection144-1] INFO  server.GrpcServerProtocolClient (GrpcServerProtocolClient.java:<init>(65)) - Build channel for 98b1311b-33ed-441a-9d1f-284a1b8d0a39|127.0.0.1:15595
2024-08-09 18:21:07,097 [98b1311b-33ed-441a-9d1f-284a1b8d0a39@group-B6ED3CAB776B-LeaderElection145] INFO  impl.LeaderElection (LeaderElection.java:askForVotes(321)) - 98b1311b-33ed-441a-9d1f-284a1b8d0a39@group-B6ED3CAB776B-LeaderElection145 PRE_VOTE round 0: submit vote requests at term 0 for conf: {index: -1, cur=peers:[98b1311b-33ed-441a-9d1f-284a1b8d0a39|127.0.0.1:15595]|listeners:[], old=null}
2024-08-09 18:21:07,097 [98b1311b-33ed-441a-9d1f-284a1b8d0a39@group-B6ED3CAB776B-LeaderElection145] INFO  impl.LeaderElection (LeaderElection.java:askForVotes(323)) - 98b1311b-33ed-441a-9d1f-284a1b8d0a39@group-B6ED3CAB776B-LeaderElection145 PRE_VOTE round 0: result PASSED (term=0)
2024-08-09 18:21:07,097 [9be8d1c2-cf5e-49e7-8b06-3e73843a30ba@group-BB6FBB1E63C3-LeaderElection144-2] INFO  server.GrpcServerProtocolClient (GrpcServerProtocolClient.java:<init>(65)) - Build channel for 3ef2c69f-b325-49e4-8b40-b7dfff9ecdd0|127.0.0.1:15604
2024-08-09 18:21:07,096 [9be8d1c2-cf5e-49e7-8b06-3e73843a30ba@group-BB6FBB1E63C3-LeaderElection144] INFO  server.RaftServerConfigKeys (ConfUtils.java:logFallback(53)) - raft.server.rpc.first-election.timeout.min = 5s (fallback to raft.server.rpc.timeout.min)
2024-08-09 18:21:07,097 [9be8d1c2-cf5e-49e7-8b06-3e73843a30ba@group-BB6FBB1E63C3-LeaderElection144] INFO  server.RaftServerConfigKeys (ConfUtils.java:logFallback(53)) - raft.server.rpc.first-election.timeout.max = 5200ms (fallback to raft.server.rpc.timeout.max)
2024-08-09 18:21:07,099 [98b1311b-33ed-441a-9d1f-284a1b8d0a39@group-B6ED3CAB776B-LeaderElection145] INFO  impl.LeaderElection (LeaderElection.java:askForVotes(321)) - 98b1311b-33ed-441a-9d1f-284a1b8d0a39@group-B6ED3CAB776B-LeaderElection145 ELECTION round 0: submit vote requests at term 1 for conf: {index: -1, cur=peers:[98b1311b-33ed-441a-9d1f-284a1b8d0a39|127.0.0.1:15595]|listeners:[], old=null}
2024-08-09 18:21:07,099 [98b1311b-33ed-441a-9d1f-284a1b8d0a39@group-B6ED3CAB776B-LeaderElection145] INFO  impl.LeaderElection (LeaderElection.java:askForVotes(323)) - 98b1311b-33ed-441a-9d1f-284a1b8d0a39@group-B6ED3CAB776B-LeaderElection145 ELECTION round 0: result PASSED (term=1)
2024-08-09 18:21:07,099 [98b1311b-33ed-441a-9d1f-284a1b8d0a39@group-B6ED3CAB776B-LeaderElection145] INFO  impl.RoleInfo (RoleInfo.java:shutdownLeaderElection(139)) - 98b1311b-33ed-441a-9d1f-284a1b8d0a39: shutdown 98b1311b-33ed-441a-9d1f-284a1b8d0a39@group-B6ED3CAB776B-LeaderElection145
2024-08-09 18:21:07,099 [98b1311b-33ed-441a-9d1f-284a1b8d0a39@group-B6ED3CAB776B-LeaderElection145] INFO  server.RaftServer$Division (RaftServerImpl.java:setRole(376)) - 98b1311b-33ed-441a-9d1f-284a1b8d0a39@group-B6ED3CAB776B: changes role from CANDIDATE to LEADER at term 1 for changeToLeader
2024-08-09 18:21:07,099 [98b1311b-33ed-441a-9d1f-284a1b8d0a39@group-B6ED3CAB776B-LeaderElection145] INFO  server.RaftServerConfigKeys (ConfUtils.java:logGet(46)) - raft.server.staging.catchup.gap = 1000 (default)
2024-08-09 18:21:07,099 [98b1311b-33ed-441a-9d1f-284a1b8d0a39@group-B6ED3CAB776B-LeaderElection145] INFO  server.RaftServerConfigKeys (ConfUtils.java:logGet(46)) - raft.server.write.element-limit = 1024 (custom)
2024-08-09 18:21:07,099 [98b1311b-33ed-441a-9d1f-284a1b8d0a39@group-B6ED3CAB776B-LeaderElection145] INFO  server.RaftServerConfigKeys (ConfUtils.java:logGet(46)) - raft.server.write.byte-limit = 1024 M (=1073741824) (custom)
2024-08-09 18:21:07,100 [98b1311b-33ed-441a-9d1f-284a1b8d0a39@group-B6ED3CAB776B-LeaderElection145] INFO  server.RaftServerConfigKeys (ConfUtils.java:logGet(46)) - raft.server.watch.timeout = 3000ms (custom)
2024-08-09 18:21:07,100 [98b1311b-33ed-441a-9d1f-284a1b8d0a39@group-B6ED3CAB776B-LeaderElection145] INFO  server.RaftServerConfigKeys (ConfUtils.java:logGet(46)) - raft.server.watch.timeout.denomination = 1s (default)
2024-08-09 18:21:07,100 [98b1311b-33ed-441a-9d1f-284a1b8d0a39@group-B6ED3CAB776B-LeaderElection145] INFO  server.RaftServerConfigKeys (ConfUtils.java:logGet(46)) - raft.server.watch.element-limit = 65536 (default)
2024-08-09 18:21:07,100 [grpc-default-executor-0] INFO  server.RaftServer$Division (RaftServerImpl.java:requestVote(1416)) - 3ef2c69f-b325-49e4-8b40-b7dfff9ecdd0@group-BB6FBB1E63C3: receive requestVote(PRE_VOTE, 9be8d1c2-cf5e-49e7-8b06-3e73843a30ba, group-BB6FBB1E63C3, 0, (t:0, i:0))
2024-08-09 18:21:07,100 [grpc-default-executor-0] INFO  impl.VoteContext (VoteContext.java:log(49)) - 3ef2c69f-b325-49e4-8b40-b7dfff9ecdd0@group-BB6FBB1E63C3-FOLLOWER: accept PRE_VOTE from 9be8d1c2-cf5e-49e7-8b06-3e73843a30ba: our priority 0 <= candidate's priority 1
2024-08-09 18:21:07,100 [98b1311b-33ed-441a-9d1f-284a1b8d0a39@group-B6ED3CAB776B-LeaderElection145] INFO  server.RaftServerConfigKeys (ConfUtils.java:logGet(46)) - raft.server.read.leader.lease.enabled = false (default)
2024-08-09 18:21:07,100 [grpc-default-executor-0] INFO  server.RaftServer$Division (RaftServerImpl.java:requestVote(1449)) - 3ef2c69f-b325-49e4-8b40-b7dfff9ecdd0@group-BB6FBB1E63C3 replies to PRE_VOTE vote request: 9be8d1c2-cf5e-49e7-8b06-3e73843a30ba<-3ef2c69f-b325-49e4-8b40-b7dfff9ecdd0#0:OK-t0. Peer's state: 3ef2c69f-b325-49e4-8b40-b7dfff9ecdd0@group-BB6FBB1E63C3:t0, leader=null, voted=, raftlog=Memoized:3ef2c69f-b325-49e4-8b40-b7dfff9ecdd0@group-BB6FBB1E63C3-SegmentedRaftLog:OPENED:c-1:lastnull, conf=conf: {index: -1, cur=peers:[98b1311b-33ed-441a-9d1f-284a1b8d0a39|127.0.0.1:15595, 3ef2c69f-b325-49e4-8b40-b7dfff9ecdd0|127.0.0.1:15604, 9be8d1c2-cf5e-49e7-8b06-3e73843a30ba|127.0.0.1:15613]|listeners:[], old=null}
2024-08-09 18:21:07,100 [grpc-default-executor-1] INFO  server.RaftServer$Division (RaftServerImpl.java:requestVote(1416)) - 98b1311b-33ed-441a-9d1f-284a1b8d0a39@group-BB6FBB1E63C3: receive requestVote(PRE_VOTE, 9be8d1c2-cf5e-49e7-8b06-3e73843a30ba, group-BB6FBB1E63C3, 0, (t:0, i:0))
2024-08-09 18:21:07,101 [grpc-default-executor-1] INFO  impl.VoteContext (VoteContext.java:log(49)) - 98b1311b-33ed-441a-9d1f-284a1b8d0a39@group-BB6FBB1E63C3-FOLLOWER: accept PRE_VOTE from 9be8d1c2-cf5e-49e7-8b06-3e73843a30ba: our priority 0 <= candidate's priority 1
2024-08-09 18:21:07,101 [grpc-default-executor-1] INFO  server.RaftServer$Division (RaftServerImpl.java:requestVote(1449)) - 98b1311b-33ed-441a-9d1f-284a1b8d0a39@group-BB6FBB1E63C3 replies to PRE_VOTE vote request: 9be8d1c2-cf5e-49e7-8b06-3e73843a30ba<-98b1311b-33ed-441a-9d1f-284a1b8d0a39#0:OK-t0. Peer's state: 98b1311b-33ed-441a-9d1f-284a1b8d0a39@group-BB6FBB1E63C3:t0, leader=null, voted=, raftlog=Memoized:98b1311b-33ed-441a-9d1f-284a1b8d0a39@group-BB6FBB1E63C3-SegmentedRaftLog:OPENED:c-1:lastnull, conf=conf: {index: -1, cur=peers:[98b1311b-33ed-441a-9d1f-284a1b8d0a39|127.0.0.1:15595, 3ef2c69f-b325-49e4-8b40-b7dfff9ecdd0|127.0.0.1:15604, 9be8d1c2-cf5e-49e7-8b06-3e73843a30ba|127.0.0.1:15613]|listeners:[], old=null}
2024-08-09 18:21:07,101 [98b1311b-33ed-441a-9d1f-284a1b8d0a39@group-B6ED3CAB776B-LeaderElection145] INFO  server.RaftServerConfigKeys (ConfUtils.java:logGet(46)) - raft.server.read.leader.lease.timeout.ratio = 0.9 (default)
2024-08-09 18:21:07,101 [98b1311b-33ed-441a-9d1f-284a1b8d0a39@group-B6ED3CAB776B-LeaderElection145] INFO  server.RaftServerConfigKeys (ConfUtils.java:logGet(46)) - raft.server.rpc.timeout.min = 5s (custom)
2024-08-09 18:21:07,101 [9be8d1c2-cf5e-49e7-8b06-3e73843a30ba@group-BB6FBB1E63C3-LeaderElection144] INFO  impl.LeaderElection (LeaderElection.java:logAndReturn(89)) - 9be8d1c2-cf5e-49e7-8b06-3e73843a30ba@group-BB6FBB1E63C3-LeaderElection144: PRE_VOTE PASSED received 1 response(s) and 0 exception(s):
2024-08-09 18:21:07,101 [9be8d1c2-cf5e-49e7-8b06-3e73843a30ba@group-BB6FBB1E63C3-LeaderElection144] INFO  impl.LeaderElection (LeaderElection.java:logAndReturn(93)) -   Response 0: 9be8d1c2-cf5e-49e7-8b06-3e73843a30ba<-98b1311b-33ed-441a-9d1f-284a1b8d0a39#0:OK-t0
2024-08-09 18:21:07,101 [98b1311b-33ed-441a-9d1f-284a1b8d0a39@group-B6ED3CAB776B-LeaderElection145] INFO  server.RaftServerConfigKeys (ConfUtils.java:logGet(46)) - raft.server.log.log-metadata.enabled = true (default)
2024-08-09 18:21:07,101 [98b1311b-33ed-441a-9d1f-284a1b8d0a39@group-B6ED3CAB776B-LeaderElection145] INFO  server.RaftServerConfigKeys (ConfUtils.java:logGet(46)) - raft.server.write.element-limit = 1024 (custom)
2024-08-09 18:21:07,101 [9be8d1c2-cf5e-49e7-8b06-3e73843a30ba@group-BB6FBB1E63C3-LeaderElection144] INFO  impl.LeaderElection (LeaderElection.java:askForVotes(323)) - 9be8d1c2-cf5e-49e7-8b06-3e73843a30ba@group-BB6FBB1E63C3-LeaderElection144 PRE_VOTE round 0: result PASSED
2024-08-09 18:21:07,101 [98b1311b-33ed-441a-9d1f-284a1b8d0a39@group-B6ED3CAB776B-LeaderElection145] INFO  server.RaftServerConfigKeys (ConfUtils.java:logGet(46)) - raft.server.write.follower.gap.ratio.max = -1.0 (default)
2024-08-09 18:21:07,101 [98b1311b-33ed-441a-9d1f-284a1b8d0a39@group-B6ED3CAB776B-LeaderElection145] INFO  impl.RoleInfo (RoleInfo.java:updateAndGet(148)) - 98b1311b-33ed-441a-9d1f-284a1b8d0a39: start 98b1311b-33ed-441a-9d1f-284a1b8d0a39@group-B6ED3CAB776B-LeaderStateImpl
2024-08-09 18:21:07,101 [98b1311b-33ed-441a-9d1f-284a1b8d0a39@group-B6ED3CAB776B-LeaderElection145] INFO  server.RaftServer$Division (RaftServerImpl.java:setFirstElection(549)) - 98b1311b-33ed-441a-9d1f-284a1b8d0a39@group-B6ED3CAB776B: set firstElectionSinceStartup to false for becomeLeader
2024-08-09 18:21:07,101 [98b1311b-33ed-441a-9d1f-284a1b8d0a39@group-B6ED3CAB776B-LeaderElection145] INFO  ratis.XceiverServerRatis (XceiverServerRatis.java:handleLeaderChangedNotification(947)) - Leader change notification received for group: group-B6ED3CAB776B with new leaderId: 98b1311b-33ed-441a-9d1f-284a1b8d0a39
2024-08-09 18:21:07,102 [98b1311b-33ed-441a-9d1f-284a1b8d0a39@group-B6ED3CAB776B-LeaderElection145] INFO  server.RaftServer$Division (ServerState.java:setLeader(272)) - 98b1311b-33ed-441a-9d1f-284a1b8d0a39@group-B6ED3CAB776B: change Leader from null to 98b1311b-33ed-441a-9d1f-284a1b8d0a39 at term 1 for becomeLeader, leader elected after 5049ms
2024-08-09 18:21:07,102 [98b1311b-33ed-441a-9d1f-284a1b8d0a39@group-B6ED3CAB776B-LeaderElection145] INFO  segmented.SegmentedRaftLogWorker (SegmentedRaftLogWorker.java:startLogSegment(433)) - 98b1311b-33ed-441a-9d1f-284a1b8d0a39@group-B6ED3CAB776B-SegmentedRaftLogWorker: Starting segment from index:0
2024-08-09 18:21:07,102 [98b1311b-33ed-441a-9d1f-284a1b8d0a39@group-B6ED3CAB776B-SegmentedRaftLogWorker] INFO  segmented.BufferedWriteChannel (BufferedWriteChannel.java:open(61)) - open log_inprogress_0 at position 0
2024-08-09 18:21:07,103 [EventQueue-OpenPipelineForHealthyPipelineSafeModeRule] INFO  safemode.SCMSafeModeManager (HealthyPipelineSafeModeRule.java:process(140)) - SCM in safe mode. Healthy pipelines reported count is 0, required healthy pipeline reported count is 1
2024-08-09 18:21:07,103 [98b1311b-33ed-441a-9d1f-284a1b8d0a39@group-B6ED3CAB776B-LeaderElection145] INFO  server.RaftServer$Division (ServerState.java:setRaftConf(386)) - 98b1311b-33ed-441a-9d1f-284a1b8d0a39@group-B6ED3CAB776B: set configuration conf: {index: 0, cur=peers:[98b1311b-33ed-441a-9d1f-284a1b8d0a39|127.0.0.1:15595]|listeners:[], old=null}
2024-08-09 18:21:07,107 [9be8d1c2-cf5e-49e7-8b06-3e73843a30ba@group-BB6FBB1E63C3-LeaderElection144] INFO  impl.LeaderElection (LeaderElection.java:askForVotes(321)) - 9be8d1c2-cf5e-49e7-8b06-3e73843a30ba@group-BB6FBB1E63C3-LeaderElection144 ELECTION round 0: submit vote requests at term 1 for conf: {index: -1, cur=peers:[98b1311b-33ed-441a-9d1f-284a1b8d0a39|127.0.0.1:15595, 3ef2c69f-b325-49e4-8b40-b7dfff9ecdd0|127.0.0.1:15604, 9be8d1c2-cf5e-49e7-8b06-3e73843a30ba|127.0.0.1:15613]|listeners:[], old=null}
2024-08-09 18:21:07,107 [9be8d1c2-cf5e-49e7-8b06-3e73843a30ba@group-BB6FBB1E63C3-LeaderElection144] INFO  server.RaftServerConfigKeys (ConfUtils.java:logFallback(53)) - raft.server.rpc.first-election.timeout.min = 5s (fallback to raft.server.rpc.timeout.min)
2024-08-09 18:21:07,107 [9be8d1c2-cf5e-49e7-8b06-3e73843a30ba@group-BB6FBB1E63C3-LeaderElection144] INFO  server.RaftServerConfigKeys (ConfUtils.java:logFallback(53)) - raft.server.rpc.first-election.timeout.max = 5200ms (fallback to raft.server.rpc.timeout.max)
2024-08-09 18:21:07,108 [grpc-default-executor-0] INFO  server.RaftServer$Division (RaftServerImpl.java:requestVote(1416)) - 98b1311b-33ed-441a-9d1f-284a1b8d0a39@group-BB6FBB1E63C3: receive requestVote(ELECTION, 9be8d1c2-cf5e-49e7-8b06-3e73843a30ba, group-BB6FBB1E63C3, 1, (t:0, i:0))
2024-08-09 18:21:07,108 [grpc-default-executor-1] INFO  server.RaftServer$Division (RaftServerImpl.java:requestVote(1416)) - 3ef2c69f-b325-49e4-8b40-b7dfff9ecdd0@group-BB6FBB1E63C3: receive requestVote(ELECTION, 9be8d1c2-cf5e-49e7-8b06-3e73843a30ba, group-BB6FBB1E63C3, 1, (t:0, i:0))
2024-08-09 18:21:07,108 [grpc-default-executor-0] INFO  impl.VoteContext (VoteContext.java:log(49)) - 98b1311b-33ed-441a-9d1f-284a1b8d0a39@group-BB6FBB1E63C3-FOLLOWER: accept ELECTION from 9be8d1c2-cf5e-49e7-8b06-3e73843a30ba: our priority 0 <= candidate's priority 1
2024-08-09 18:21:07,108 [grpc-default-executor-1] INFO  impl.VoteContext (VoteContext.java:log(49)) - 3ef2c69f-b325-49e4-8b40-b7dfff9ecdd0@group-BB6FBB1E63C3-FOLLOWER: accept ELECTION from 9be8d1c2-cf5e-49e7-8b06-3e73843a30ba: our priority 0 <= candidate's priority 1
2024-08-09 18:21:07,108 [grpc-default-executor-1] INFO  server.RaftServer$Division (RaftServerImpl.java:setRole(376)) - 3ef2c69f-b325-49e4-8b40-b7dfff9ecdd0@group-BB6FBB1E63C3: changes role from  FOLLOWER to FOLLOWER at term 1 for candidate:9be8d1c2-cf5e-49e7-8b06-3e73843a30ba
2024-08-09 18:21:07,108 [grpc-default-executor-1] INFO  impl.RoleInfo (RoleInfo.java:shutdownFollowerState(119)) - 3ef2c69f-b325-49e4-8b40-b7dfff9ecdd0: shutdown 3ef2c69f-b325-49e4-8b40-b7dfff9ecdd0@group-BB6FBB1E63C3-FollowerState
2024-08-09 18:21:07,108 [grpc-default-executor-1] INFO  impl.RoleInfo (RoleInfo.java:updateAndGet(148)) - 3ef2c69f-b325-49e4-8b40-b7dfff9ecdd0: start 3ef2c69f-b325-49e4-8b40-b7dfff9ecdd0@group-BB6FBB1E63C3-FollowerState
2024-08-09 18:21:07,108 [grpc-default-executor-0] INFO  server.RaftServer$Division (RaftServerImpl.java:setRole(376)) - 98b1311b-33ed-441a-9d1f-284a1b8d0a39@group-BB6FBB1E63C3: changes role from  FOLLOWER to FOLLOWER at term 1 for candidate:9be8d1c2-cf5e-49e7-8b06-3e73843a30ba
2024-08-09 18:21:07,108 [grpc-default-executor-0] INFO  impl.RoleInfo (RoleInfo.java:shutdownFollowerState(119)) - 98b1311b-33ed-441a-9d1f-284a1b8d0a39: shutdown 98b1311b-33ed-441a-9d1f-284a1b8d0a39@group-BB6FBB1E63C3-FollowerState
2024-08-09 18:21:07,108 [grpc-default-executor-1] INFO  server.RaftServer$Division (RaftServerImpl.java:setFirstElection(549)) - 3ef2c69f-b325-49e4-8b40-b7dfff9ecdd0@group-BB6FBB1E63C3: set firstElectionSinceStartup to false for candidate:9be8d1c2-cf5e-49e7-8b06-3e73843a30ba
2024-08-09 18:21:07,108 [98b1311b-33ed-441a-9d1f-284a1b8d0a39@group-BB6FBB1E63C3-FollowerState] INFO  impl.FollowerState (FollowerState.java:run(153)) - 98b1311b-33ed-441a-9d1f-284a1b8d0a39@group-BB6FBB1E63C3-FollowerState was interrupted
2024-08-09 18:21:07,108 [3ef2c69f-b325-49e4-8b40-b7dfff9ecdd0@group-BB6FBB1E63C3-FollowerState] INFO  impl.FollowerState (FollowerState.java:run(153)) - 3ef2c69f-b325-49e4-8b40-b7dfff9ecdd0@group-BB6FBB1E63C3-FollowerState was interrupted
2024-08-09 18:21:07,108 [grpc-default-executor-0] INFO  impl.RoleInfo (RoleInfo.java:updateAndGet(148)) - 98b1311b-33ed-441a-9d1f-284a1b8d0a39: start 98b1311b-33ed-441a-9d1f-284a1b8d0a39@group-BB6FBB1E63C3-FollowerState
2024-08-09 18:21:07,109 [grpc-default-executor-0] INFO  server.RaftServer$Division (RaftServerImpl.java:setFirstElection(549)) - 98b1311b-33ed-441a-9d1f-284a1b8d0a39@group-BB6FBB1E63C3: set firstElectionSinceStartup to false for candidate:9be8d1c2-cf5e-49e7-8b06-3e73843a30ba
2024-08-09 18:21:07,111 [grpc-default-executor-1] INFO  server.RaftServer$Division (RaftServerImpl.java:requestVote(1449)) - 3ef2c69f-b325-49e4-8b40-b7dfff9ecdd0@group-BB6FBB1E63C3 replies to ELECTION vote request: 9be8d1c2-cf5e-49e7-8b06-3e73843a30ba<-3ef2c69f-b325-49e4-8b40-b7dfff9ecdd0#0:OK-t1. Peer's state: 3ef2c69f-b325-49e4-8b40-b7dfff9ecdd0@group-BB6FBB1E63C3:t1, leader=null, voted=9be8d1c2-cf5e-49e7-8b06-3e73843a30ba, raftlog=Memoized:3ef2c69f-b325-49e4-8b40-b7dfff9ecdd0@group-BB6FBB1E63C3-SegmentedRaftLog:OPENED:c-1:lastnull, conf=conf: {index: -1, cur=peers:[98b1311b-33ed-441a-9d1f-284a1b8d0a39|127.0.0.1:15595, 3ef2c69f-b325-49e4-8b40-b7dfff9ecdd0|127.0.0.1:15604, 9be8d1c2-cf5e-49e7-8b06-3e73843a30ba|127.0.0.1:15613]|listeners:[], old=null}
2024-08-09 18:21:07,112 [9be8d1c2-cf5e-49e7-8b06-3e73843a30ba@group-BB6FBB1E63C3-LeaderElection144] INFO  impl.LeaderElection (LeaderElection.java:logAndReturn(89)) - 9be8d1c2-cf5e-49e7-8b06-3e73843a30ba@group-BB6FBB1E63C3-LeaderElection144: ELECTION PASSED received 1 response(s) and 0 exception(s):
2024-08-09 18:21:07,111 [grpc-default-executor-0] INFO  server.RaftServer$Division (RaftServerImpl.java:requestVote(1449)) - 98b1311b-33ed-441a-9d1f-284a1b8d0a39@group-BB6FBB1E63C3 replies to ELECTION vote request: 9be8d1c2-cf5e-49e7-8b06-3e73843a30ba<-98b1311b-33ed-441a-9d1f-284a1b8d0a39#0:OK-t1. Peer's state: 98b1311b-33ed-441a-9d1f-284a1b8d0a39@group-BB6FBB1E63C3:t1, leader=null, voted=9be8d1c2-cf5e-49e7-8b06-3e73843a30ba, raftlog=Memoized:98b1311b-33ed-441a-9d1f-284a1b8d0a39@group-BB6FBB1E63C3-SegmentedRaftLog:OPENED:c-1:lastnull, conf=conf: {index: -1, cur=peers:[98b1311b-33ed-441a-9d1f-284a1b8d0a39|127.0.0.1:15595, 3ef2c69f-b325-49e4-8b40-b7dfff9ecdd0|127.0.0.1:15604, 9be8d1c2-cf5e-49e7-8b06-3e73843a30ba|127.0.0.1:15613]|listeners:[], old=null}
2024-08-09 18:21:07,112 [9be8d1c2-cf5e-49e7-8b06-3e73843a30ba@group-BB6FBB1E63C3-LeaderElection144] INFO  impl.LeaderElection (LeaderElection.java:logAndReturn(93)) -   Response 0: 9be8d1c2-cf5e-49e7-8b06-3e73843a30ba<-3ef2c69f-b325-49e4-8b40-b7dfff9ecdd0#0:OK-t1
2024-08-09 18:21:07,112 [9be8d1c2-cf5e-49e7-8b06-3e73843a30ba@group-BB6FBB1E63C3-LeaderElection144] INFO  impl.LeaderElection (LeaderElection.java:askForVotes(323)) - 9be8d1c2-cf5e-49e7-8b06-3e73843a30ba@group-BB6FBB1E63C3-LeaderElection144 ELECTION round 0: result PASSED
2024-08-09 18:21:07,112 [9be8d1c2-cf5e-49e7-8b06-3e73843a30ba@group-BB6FBB1E63C3-LeaderElection144] INFO  impl.RoleInfo (RoleInfo.java:shutdownLeaderElection(139)) - 9be8d1c2-cf5e-49e7-8b06-3e73843a30ba: shutdown 9be8d1c2-cf5e-49e7-8b06-3e73843a30ba@group-BB6FBB1E63C3-LeaderElection144
2024-08-09 18:21:07,112 [9be8d1c2-cf5e-49e7-8b06-3e73843a30ba@group-BB6FBB1E63C3-LeaderElection144] INFO  server.RaftServer$Division (RaftServerImpl.java:setRole(376)) - 9be8d1c2-cf5e-49e7-8b06-3e73843a30ba@group-BB6FBB1E63C3: changes role from CANDIDATE to LEADER at term 1 for changeToLeader
2024-08-09 18:21:07,112 [9be8d1c2-cf5e-49e7-8b06-3e73843a30ba@group-BB6FBB1E63C3-LeaderElection144] INFO  server.RaftServerConfigKeys (ConfUtils.java:logGet(46)) - raft.server.staging.catchup.gap = 1000 (default)
2024-08-09 18:21:07,112 [9be8d1c2-cf5e-49e7-8b06-3e73843a30ba@group-BB6FBB1E63C3-LeaderElection144] INFO  server.RaftServerConfigKeys (ConfUtils.java:logGet(46)) - raft.server.write.element-limit = 1024 (custom)
2024-08-09 18:21:07,113 [9be8d1c2-cf5e-49e7-8b06-3e73843a30ba@group-BB6FBB1E63C3-LeaderElection144] INFO  server.RaftServerConfigKeys (ConfUtils.java:logGet(46)) - raft.server.write.byte-limit = 1024 M (=1073741824) (custom)
2024-08-09 18:21:07,113 [9be8d1c2-cf5e-49e7-8b06-3e73843a30ba@group-BB6FBB1E63C3-LeaderElection144] INFO  server.RaftServerConfigKeys (ConfUtils.java:logGet(46)) - raft.server.watch.timeout = 3000ms (custom)
2024-08-09 18:21:07,113 [9be8d1c2-cf5e-49e7-8b06-3e73843a30ba@group-BB6FBB1E63C3-LeaderElection144] INFO  server.RaftServerConfigKeys (ConfUtils.java:logGet(46)) - raft.server.watch.timeout.denomination = 1s (default)
2024-08-09 18:21:07,113 [9be8d1c2-cf5e-49e7-8b06-3e73843a30ba@group-BB6FBB1E63C3-LeaderElection144] INFO  server.RaftServerConfigKeys (ConfUtils.java:logGet(46)) - raft.server.watch.element-limit = 65536 (default)
2024-08-09 18:21:07,113 [9be8d1c2-cf5e-49e7-8b06-3e73843a30ba@group-BB6FBB1E63C3-LeaderElection144] INFO  server.RaftServerConfigKeys (ConfUtils.java:logGet(46)) - raft.server.read.leader.lease.enabled = false (default)
2024-08-09 18:21:07,113 [9be8d1c2-cf5e-49e7-8b06-3e73843a30ba@group-BB6FBB1E63C3-LeaderElection144] INFO  server.RaftServerConfigKeys (ConfUtils.java:logGet(46)) - raft.server.read.leader.lease.timeout.ratio = 0.9 (default)
2024-08-09 18:21:07,113 [9be8d1c2-cf5e-49e7-8b06-3e73843a30ba@group-BB6FBB1E63C3-LeaderElection144] INFO  server.RaftServerConfigKeys (ConfUtils.java:logGet(46)) - raft.server.rpc.timeout.min = 5s (custom)
2024-08-09 18:21:07,113 [9be8d1c2-cf5e-49e7-8b06-3e73843a30ba@group-BB6FBB1E63C3-LeaderElection144] INFO  server.RaftServerConfigKeys (ConfUtils.java:logGet(46)) - raft.server.log.log-metadata.enabled = true (default)
2024-08-09 18:21:07,113 [9be8d1c2-cf5e-49e7-8b06-3e73843a30ba@group-BB6FBB1E63C3-LeaderElection144] INFO  server.RaftServerConfigKeys (ConfUtils.java:logGet(46)) - raft.server.write.element-limit = 1024 (custom)
2024-08-09 18:21:07,113 [9be8d1c2-cf5e-49e7-8b06-3e73843a30ba@group-BB6FBB1E63C3-LeaderElection144] INFO  server.RaftServerConfigKeys (ConfUtils.java:logGet(46)) - raft.server.write.follower.gap.ratio.max = -1.0 (default)
2024-08-09 18:21:07,113 [9be8d1c2-cf5e-49e7-8b06-3e73843a30ba@group-BB6FBB1E63C3-LeaderElection144] INFO  server.RaftServerConfigKeys (ConfUtils.java:logGet(46)) - raft.server.log.appender.snapshot.chunk.size.max = 16MB (=16777216) (default)
2024-08-09 18:21:07,113 [9be8d1c2-cf5e-49e7-8b06-3e73843a30ba@group-BB6FBB1E63C3-LeaderElection144] INFO  server.RaftServerConfigKeys (ConfUtils.java:logGet(46)) - raft.server.log.appender.buffer.byte-limit = 8388608 (custom)
2024-08-09 18:21:07,114 [9be8d1c2-cf5e-49e7-8b06-3e73843a30ba@group-BB6FBB1E63C3-LeaderElection144] INFO  server.RaftServerConfigKeys (ConfUtils.java:logGet(46)) - raft.server.log.appender.buffer.element-limit = 1024 (custom)
2024-08-09 18:21:07,114 [9be8d1c2-cf5e-49e7-8b06-3e73843a30ba@group-BB6FBB1E63C3-LeaderElection144] INFO  server.RaftServerConfigKeys (ConfUtils.java:logGet(46)) - raft.server.log.appender.wait-time.min = 0ms (custom)
2024-08-09 18:21:07,114 [9be8d1c2-cf5e-49e7-8b06-3e73843a30ba@group-BB6FBB1E63C3-LeaderElection144] INFO  grpc.GrpcConfigKeys (ConfUtils.java:logGet(46)) - raft.grpc.server.leader.outstanding.appends.max = 8 (default)
2024-08-09 18:21:07,114 [9be8d1c2-cf5e-49e7-8b06-3e73843a30ba@group-BB6FBB1E63C3-LeaderElection144] INFO  server.RaftServerConfigKeys (ConfUtils.java:logGet(46)) - raft.server.rpc.request.timeout = 3000ms (default)
2024-08-09 18:21:07,114 [9be8d1c2-cf5e-49e7-8b06-3e73843a30ba@group-BB6FBB1E63C3-LeaderElection144] INFO  grpc.GrpcConfigKeys (ConfUtils.java:logGet(46)) - raft.grpc.server.install_snapshot.request.element-limit = 8 (default)
2024-08-09 18:21:07,114 [9be8d1c2-cf5e-49e7-8b06-3e73843a30ba@group-BB6FBB1E63C3-LeaderElection144] INFO  grpc.GrpcConfigKeys (ConfUtils.java:logGet(46)) - raft.grpc.server.install_snapshot.request.timeout = 3000ms (default)
2024-08-09 18:21:07,114 [9be8d1c2-cf5e-49e7-8b06-3e73843a30ba@group-BB6FBB1E63C3-LeaderElection144] INFO  grpc.GrpcConfigKeys (ConfUtils.java:logGet(46)) - raft.grpc.server.log-message.batch.duration = 5s (default)
2024-08-09 18:21:07,114 [9be8d1c2-cf5e-49e7-8b06-3e73843a30ba@group-BB6FBB1E63C3-LeaderElection144] INFO  server.RaftServerConfigKeys (ConfUtils.java:logGet(46)) - raft.server.log.appender.install.snapshot.enabled = false (custom)
2024-08-09 18:21:07,114 [9be8d1c2-cf5e-49e7-8b06-3e73843a30ba@group-BB6FBB1E63C3-LeaderElection144] INFO  grpc.GrpcConfigKeys (ConfUtils.java:logGet(46)) - raft.grpc.server.heartbeat.channel = true (default)
2024-08-09 18:21:07,114 [9be8d1c2-cf5e-49e7-8b06-3e73843a30ba@group-BB6FBB1E63C3-LeaderElection144] INFO  server.RaftServerConfigKeys (ConfUtils.java:logGet(46)) - raft.server.log.appender.snapshot.chunk.size.max = 16MB (=16777216) (default)
2024-08-09 18:21:07,114 [9be8d1c2-cf5e-49e7-8b06-3e73843a30ba@group-BB6FBB1E63C3-LeaderElection144] INFO  server.RaftServerConfigKeys (ConfUtils.java:logGet(46)) - raft.server.log.appender.buffer.byte-limit = 8388608 (custom)
2024-08-09 18:21:07,115 [9be8d1c2-cf5e-49e7-8b06-3e73843a30ba@group-BB6FBB1E63C3-LeaderElection144] INFO  server.RaftServerConfigKeys (ConfUtils.java:logGet(46)) - raft.server.log.appender.buffer.element-limit = 1024 (custom)
2024-08-09 18:21:07,115 [9be8d1c2-cf5e-49e7-8b06-3e73843a30ba@group-BB6FBB1E63C3-LeaderElection144] INFO  server.RaftServerConfigKeys (ConfUtils.java:logGet(46)) - raft.server.log.appender.wait-time.min = 0ms (custom)
2024-08-09 18:21:07,115 [9be8d1c2-cf5e-49e7-8b06-3e73843a30ba@group-BB6FBB1E63C3-LeaderElection144] INFO  grpc.GrpcConfigKeys (ConfUtils.java:logGet(46)) - raft.grpc.server.leader.outstanding.appends.max = 8 (default)
2024-08-09 18:21:07,115 [9be8d1c2-cf5e-49e7-8b06-3e73843a30ba@group-BB6FBB1E63C3-LeaderElection144] INFO  server.RaftServerConfigKeys (ConfUtils.java:logGet(46)) - raft.server.rpc.request.timeout = 3000ms (default)
2024-08-09 18:21:07,115 [9be8d1c2-cf5e-49e7-8b06-3e73843a30ba@group-BB6FBB1E63C3-LeaderElection144] INFO  grpc.GrpcConfigKeys (ConfUtils.java:logGet(46)) - raft.grpc.server.install_snapshot.request.element-limit = 8 (default)
2024-08-09 18:21:07,115 [9be8d1c2-cf5e-49e7-8b06-3e73843a30ba@group-BB6FBB1E63C3-LeaderElection144] INFO  grpc.GrpcConfigKeys (ConfUtils.java:logGet(46)) - raft.grpc.server.install_snapshot.request.timeout = 3000ms (default)
2024-08-09 18:21:07,115 [9be8d1c2-cf5e-49e7-8b06-3e73843a30ba@group-BB6FBB1E63C3-LeaderElection144] INFO  grpc.GrpcConfigKeys (ConfUtils.java:logGet(46)) - raft.grpc.server.log-message.batch.duration = 5s (default)
2024-08-09 18:21:07,115 [9be8d1c2-cf5e-49e7-8b06-3e73843a30ba@group-BB6FBB1E63C3-LeaderElection144] INFO  server.RaftServerConfigKeys (ConfUtils.java:logGet(46)) - raft.server.log.appender.install.snapshot.enabled = false (custom)
2024-08-09 18:21:07,115 [9be8d1c2-cf5e-49e7-8b06-3e73843a30ba@group-BB6FBB1E63C3-LeaderElection144] INFO  grpc.GrpcConfigKeys (ConfUtils.java:logGet(46)) - raft.grpc.server.heartbeat.channel = true (default)
2024-08-09 18:21:07,115 [9be8d1c2-cf5e-49e7-8b06-3e73843a30ba@group-BB6FBB1E63C3-LeaderElection144] INFO  impl.RoleInfo (RoleInfo.java:updateAndGet(148)) - 9be8d1c2-cf5e-49e7-8b06-3e73843a30ba: start 9be8d1c2-cf5e-49e7-8b06-3e73843a30ba@group-BB6FBB1E63C3-LeaderStateImpl
2024-08-09 18:21:07,115 [9be8d1c2-cf5e-49e7-8b06-3e73843a30ba@group-BB6FBB1E63C3-LeaderElection144] INFO  server.RaftServer$Division (RaftServerImpl.java:setFirstElection(549)) - 9be8d1c2-cf5e-49e7-8b06-3e73843a30ba@group-BB6FBB1E63C3: set firstElectionSinceStartup to false for becomeLeader
2024-08-09 18:21:07,115 [9be8d1c2-cf5e-49e7-8b06-3e73843a30ba@group-BB6FBB1E63C3-LeaderElection144] INFO  ratis.XceiverServerRatis (XceiverServerRatis.java:handleLeaderChangedNotification(947)) - Leader change notification received for group: group-BB6FBB1E63C3 with new leaderId: 9be8d1c2-cf5e-49e7-8b06-3e73843a30ba
2024-08-09 18:21:07,115 [9be8d1c2-cf5e-49e7-8b06-3e73843a30ba@group-BB6FBB1E63C3-LeaderElection144] INFO  server.RaftServer$Division (ServerState.java:setLeader(272)) - 9be8d1c2-cf5e-49e7-8b06-3e73843a30ba@group-BB6FBB1E63C3: change Leader from null to 9be8d1c2-cf5e-49e7-8b06-3e73843a30ba at term 1 for becomeLeader, leader elected after 5034ms
2024-08-09 18:21:07,115 [9be8d1c2-cf5e-49e7-8b06-3e73843a30ba@group-BB6FBB1E63C3-LeaderElection144] INFO  segmented.SegmentedRaftLogWorker (SegmentedRaftLogWorker.java:startLogSegment(433)) - 9be8d1c2-cf5e-49e7-8b06-3e73843a30ba@group-BB6FBB1E63C3-SegmentedRaftLogWorker: Starting segment from index:0
2024-08-09 18:21:07,115 [9be8d1c2-cf5e-49e7-8b06-3e73843a30ba@group-BB6FBB1E63C3-LeaderElection144] INFO  server.RaftServer$Division (ServerState.java:setRaftConf(386)) - 9be8d1c2-cf5e-49e7-8b06-3e73843a30ba@group-BB6FBB1E63C3: set configuration conf: {index: 0, cur=peers:[98b1311b-33ed-441a-9d1f-284a1b8d0a39|127.0.0.1:15595, 3ef2c69f-b325-49e4-8b40-b7dfff9ecdd0|127.0.0.1:15604, 9be8d1c2-cf5e-49e7-8b06-3e73843a30ba|127.0.0.1:15613]|listeners:[], old=null}
2024-08-09 18:21:07,116 [98b1311b-33ed-441a-9d1f-284a1b8d0a39@group-B6ED3CAB776B-SegmentedRaftLogWorker] INFO  segmented.SegmentedRaftLogWorker (SegmentedRaftLogWorker.java:execute(637)) - 98b1311b-33ed-441a-9d1f-284a1b8d0a39@group-B6ED3CAB776B-SegmentedRaftLogWorker: created new log segment /home/runner/work/ozone/ozone/hadoop-ozone/integration-test/target/test-dir/MiniOzoneClusterImpl-d43ea6a6-39cf-404b-af74-5e65bec6c33b/ozone-meta/datanode-1/ratis/6a6564da-9bde-44be-a024-b6ed3cab776b/current/log_inprogress_0
2024-08-09 18:21:07,116 [9be8d1c2-cf5e-49e7-8b06-3e73843a30ba@group-BB6FBB1E63C3-SegmentedRaftLogWorker] INFO  segmented.BufferedWriteChannel (BufferedWriteChannel.java:open(61)) - open log_inprogress_0 at position 0
2024-08-09 18:21:07,116 [EventQueue-OpenPipelineForHealthyPipelineSafeModeRule] INFO  safemode.SCMSafeModeManager (HealthyPipelineSafeModeRule.java:process(140)) - SCM in safe mode. Healthy pipelines reported count is 0, required healthy pipeline reported count is 1
2024-08-09 18:21:07,116 [EventQueue-PipelineReportForPipelineReportHandler] INFO  pipeline.PipelineReportHandler (PipelineReportHandler.java:processPipelineReport(136)) - Opened pipeline PipelineID=74a31c5c-faeb-4bb3-8859-bb6fbb1e63c3
2024-08-09 18:21:07,116 [EventQueue-OpenPipelineForHealthyPipelineSafeModeRule] INFO  safemode.SCMSafeModeManager (HealthyPipelineSafeModeRule.java:process(140)) - SCM in safe mode. Healthy pipelines reported count is 1, required healthy pipeline reported count is 1
2024-08-09 18:21:07,116 [EventQueue-OpenPipelineForHealthyPipelineSafeModeRule] INFO  safemode.SCMSafeModeManager (SCMSafeModeManager.java:validateSafeModeExitRules(203)) - HealthyPipelineSafeModeRule rule is successfully validated
2024-08-09 18:21:07,116 [EventQueue-OpenPipelineForHealthyPipelineSafeModeRule] INFO  safemode.SCMSafeModeManager (SCMSafeModeManager.java:validateSafeModeExitRules(218)) - ScmSafeModeManager, all rules are successfully validated
2024-08-09 18:21:07,116 [EventQueue-OpenPipelineForHealthyPipelineSafeModeRule] INFO  safemode.SCMSafeModeManager (SCMSafeModeManager.java:exitSafeMode(248)) - SCM exiting safe mode.
2024-08-09 18:21:07,116 [EventQueue-OpenPipelineForHealthyPipelineSafeModeRule] INFO  ha.SCMContext (SCMContext.java:updateSafeModeStatus(225)) - Update SafeModeStatus from SafeModeStatus{safeModeStatus=true, preCheckPassed=true} to SafeModeStatus{safeModeStatus=false, preCheckPassed=true}.
2024-08-09 18:21:07,117 [EventQueue-OpenPipelineForHealthyPipelineSafeModeRule] INFO  pipeline.BackgroundPipelineCreator (BackgroundPipelineCreator.java:notifyStatusChanged(258)) - Service BackgroundPipelineCreator transitions to RUNNING.
2024-08-09 18:21:07,117 [EventQueue-OpenPipelineForHealthyPipelineSafeModeRule] INFO  BackgroundPipelineScrubber (BackgroundSCMService.java:notifyStatusChanged(79)) - Service BackgroundPipelineScrubber transitions to RUNNING.
2024-08-09 18:21:07,117 [EventQueue-OpenPipelineForHealthyPipelineSafeModeRule] INFO  ExpiredContainerReplicaOpScrubber (BackgroundSCMService.java:notifyStatusChanged(79)) - Service ExpiredContainerReplicaOpScrubber transitions to RUNNING.
2024-08-09 18:21:07,117 [EventQueue-OpenPipelineForHealthyPipelineSafeModeRule] INFO  block.SCMBlockDeletingService (SCMBlockDeletingService.java:notifyStatusChanged(247)) - notifyStatusChanged:RUNNING
2024-08-09 18:21:07,117 [EventQueue-OpenPipelineForHealthyPipelineSafeModeRule] INFO  replication.ReplicationManager (ReplicationManager.java:notifyStatusChanged(1406)) - Service ReplicationManager transitions to RUNNING.
2024-08-09 18:21:07,117 [EventQueue-OpenPipelineForHealthyPipelineSafeModeRule] WARN  balancer.ContainerBalancer (ContainerBalancer.java:shouldRun(136)) - Could not find persisted configuration for ContainerBalancer when checking if ContainerBalancer should run. ContainerBalancer should not run now.
2024-08-09 18:21:07,122 [98b1311b-33ed-441a-9d1f-284a1b8d0a39-server-thread1] INFO  ratis.XceiverServerRatis (XceiverServerRatis.java:handleLeaderChangedNotification(947)) - Leader change notification received for group: group-BB6FBB1E63C3 with new leaderId: 9be8d1c2-cf5e-49e7-8b06-3e73843a30ba
2024-08-09 18:21:07,122 [98b1311b-33ed-441a-9d1f-284a1b8d0a39-server-thread1] INFO  server.RaftServer$Division (ServerState.java:setLeader(272)) - 98b1311b-33ed-441a-9d1f-284a1b8d0a39@group-BB6FBB1E63C3: change Leader from null to 9be8d1c2-cf5e-49e7-8b06-3e73843a30ba at term 1 for appendEntries, leader elected after 5058ms
2024-08-09 18:21:07,128 [3ef2c69f-b325-49e4-8b40-b7dfff9ecdd0-server-thread1] INFO  ratis.XceiverServerRatis (XceiverServerRatis.java:handleLeaderChangedNotification(947)) - Leader change notification received for group: group-BB6FBB1E63C3 with new leaderId: 9be8d1c2-cf5e-49e7-8b06-3e73843a30ba
2024-08-09 18:21:07,128 [3ef2c69f-b325-49e4-8b40-b7dfff9ecdd0-server-thread1] INFO  server.RaftServer$Division (ServerState.java:setLeader(272)) - 3ef2c69f-b325-49e4-8b40-b7dfff9ecdd0@group-BB6FBB1E63C3: change Leader from null to 9be8d1c2-cf5e-49e7-8b06-3e73843a30ba at term 1 for appendEntries, leader elected after 5021ms
2024-08-09 18:21:07,129 [98b1311b-33ed-441a-9d1f-284a1b8d0a39@group-B6ED3CAB776B-StateMachineUpdater] INFO  server.RaftServer$Division (LeaderStateImpl.java:checkStartIndex(316)) - Leader 98b1311b-33ed-441a-9d1f-284a1b8d0a39@group-B6ED3CAB776B-LeaderStateImpl is ready since appliedIndex == startIndex == 0
2024-08-09 18:21:07,129 [9be8d1c2-cf5e-49e7-8b06-3e73843a30ba@group-BB6FBB1E63C3-SegmentedRaftLogWorker] INFO  segmented.SegmentedRaftLogWorker (SegmentedRaftLogWorker.java:execute(637)) - 9be8d1c2-cf5e-49e7-8b06-3e73843a30ba@group-BB6FBB1E63C3-SegmentedRaftLogWorker: created new log segment /home/runner/work/ozone/ozone/hadoop-ozone/integration-test/target/test-dir/MiniOzoneClusterImpl-d43ea6a6-39cf-404b-af74-5e65bec6c33b/ozone-meta/datanode-3/ratis/74a31c5c-faeb-4bb3-8859-bb6fbb1e63c3/current/log_inprogress_0
2024-08-09 18:21:07,130 [3ef2c69f-b325-49e4-8b40-b7dfff9ecdd0-server-thread2] INFO  server.RaftServer$Division (ServerState.java:setRaftConf(386)) - 3ef2c69f-b325-49e4-8b40-b7dfff9ecdd0@group-BB6FBB1E63C3: set configuration conf: {index: 0, cur=peers:[98b1311b-33ed-441a-9d1f-284a1b8d0a39|127.0.0.1:15595, 3ef2c69f-b325-49e4-8b40-b7dfff9ecdd0|127.0.0.1:15604, 9be8d1c2-cf5e-49e7-8b06-3e73843a30ba|127.0.0.1:15613]|listeners:[], old=null}
2024-08-09 18:21:07,130 [3ef2c69f-b325-49e4-8b40-b7dfff9ecdd0-server-thread2] INFO  segmented.SegmentedRaftLogWorker (SegmentedRaftLogWorker.java:startLogSegment(433)) - 3ef2c69f-b325-49e4-8b40-b7dfff9ecdd0@group-BB6FBB1E63C3-SegmentedRaftLogWorker: Starting segment from index:0
2024-08-09 18:21:07,130 [3ef2c69f-b325-49e4-8b40-b7dfff9ecdd0@group-BB6FBB1E63C3-SegmentedRaftLogWorker] INFO  segmented.BufferedWriteChannel (BufferedWriteChannel.java:open(61)) - open log_inprogress_0 at position 0
2024-08-09 18:21:07,139 [98b1311b-33ed-441a-9d1f-284a1b8d0a39-server-thread3] INFO  server.RaftServer$Division (ServerState.java:setRaftConf(386)) - 98b1311b-33ed-441a-9d1f-284a1b8d0a39@group-BB6FBB1E63C3: set configuration conf: {index: 0, cur=peers:[98b1311b-33ed-441a-9d1f-284a1b8d0a39|127.0.0.1:15595, 3ef2c69f-b325-49e4-8b40-b7dfff9ecdd0|127.0.0.1:15604, 9be8d1c2-cf5e-49e7-8b06-3e73843a30ba|127.0.0.1:15613]|listeners:[], old=null}
2024-08-09 18:21:07,139 [98b1311b-33ed-441a-9d1f-284a1b8d0a39-server-thread3] INFO  segmented.SegmentedRaftLogWorker (SegmentedRaftLogWorker.java:startLogSegment(433)) - 98b1311b-33ed-441a-9d1f-284a1b8d0a39@group-BB6FBB1E63C3-SegmentedRaftLogWorker: Starting segment from index:0
2024-08-09 18:21:07,139 [98b1311b-33ed-441a-9d1f-284a1b8d0a39@group-BB6FBB1E63C3-SegmentedRaftLogWorker] INFO  segmented.BufferedWriteChannel (BufferedWriteChannel.java:open(61)) - open log_inprogress_0 at position 0
2024-08-09 18:21:07,141 [3ef2c69f-b325-49e4-8b40-b7dfff9ecdd0@group-BB6FBB1E63C3-SegmentedRaftLogWorker] INFO  segmented.SegmentedRaftLogWorker (SegmentedRaftLogWorker.java:execute(637)) - 3ef2c69f-b325-49e4-8b40-b7dfff9ecdd0@group-BB6FBB1E63C3-SegmentedRaftLogWorker: created new log segment /home/runner/work/ozone/ozone/hadoop-ozone/integration-test/target/test-dir/MiniOzoneClusterImpl-d43ea6a6-39cf-404b-af74-5e65bec6c33b/ozone-meta/datanode-2/ratis/74a31c5c-faeb-4bb3-8859-bb6fbb1e63c3/current/log_inprogress_0
2024-08-09 18:21:07,148 [9be8d1c2-cf5e-49e7-8b06-3e73843a30ba@group-BB6FBB1E63C3-StateMachineUpdater] INFO  server.RaftServer$Division (LeaderStateImpl.java:checkStartIndex(316)) - Leader 9be8d1c2-cf5e-49e7-8b06-3e73843a30ba@group-BB6FBB1E63C3-LeaderStateImpl is ready since appliedIndex == startIndex == 0
2024-08-09 18:21:07,149 [98b1311b-33ed-441a-9d1f-284a1b8d0a39@group-BB6FBB1E63C3-SegmentedRaftLogWorker] INFO  segmented.SegmentedRaftLogWorker (SegmentedRaftLogWorker.java:execute(637)) - 98b1311b-33ed-441a-9d1f-284a1b8d0a39@group-BB6FBB1E63C3-SegmentedRaftLogWorker: created new log segment /home/runner/work/ozone/ozone/hadoop-ozone/integration-test/target/test-dir/MiniOzoneClusterImpl-d43ea6a6-39cf-404b-af74-5e65bec6c33b/ozone-meta/datanode-1/ratis/74a31c5c-faeb-4bb3-8859-bb6fbb1e63c3/current/log_inprogress_0
2024-08-09 18:21:07,190 [98b1311b-33ed-441a-9d1f-284a1b8d0a39@group-8C4206E090CE-FollowerState] INFO  impl.FollowerState (FollowerState.java:run(144)) - 98b1311b-33ed-441a-9d1f-284a1b8d0a39@group-8C4206E090CE-FollowerState: change to CANDIDATE, lastRpcElapsedTime:5057384482ns, electionTimeout:5057ms
2024-08-09 18:21:07,190 [98b1311b-33ed-441a-9d1f-284a1b8d0a39@group-8C4206E090CE-FollowerState] INFO  impl.RoleInfo (RoleInfo.java:shutdownFollowerState(119)) - 98b1311b-33ed-441a-9d1f-284a1b8d0a39: shutdown 98b1311b-33ed-441a-9d1f-284a1b8d0a39@group-8C4206E090CE-FollowerState
2024-08-09 18:21:07,190 [98b1311b-33ed-441a-9d1f-284a1b8d0a39@group-8C4206E090CE-FollowerState] INFO  server.RaftServer$Division (RaftServerImpl.java:setRole(376)) - 98b1311b-33ed-441a-9d1f-284a1b8d0a39@group-8C4206E090CE: changes role from  FOLLOWER to CANDIDATE at term 0 for changeToCandidate
2024-08-09 18:21:07,190 [98b1311b-33ed-441a-9d1f-284a1b8d0a39@group-8C4206E090CE-FollowerState] INFO  server.RaftServerConfigKeys (ConfUtils.java:logGet(46)) - raft.server.leaderelection.pre-vote = true (default)
2024-08-09 18:21:07,190 [98b1311b-33ed-441a-9d1f-284a1b8d0a39@group-8C4206E090CE-FollowerState] INFO  impl.RoleInfo (RoleInfo.java:updateAndGet(148)) - 98b1311b-33ed-441a-9d1f-284a1b8d0a39: start 98b1311b-33ed-441a-9d1f-284a1b8d0a39@group-8C4206E090CE-LeaderElection146
2024-08-09 18:21:07,191 [98b1311b-33ed-441a-9d1f-284a1b8d0a39@group-8C4206E090CE-LeaderElection146] INFO  impl.LeaderElection (LeaderElection.java:askForVotes(321)) - 98b1311b-33ed-441a-9d1f-284a1b8d0a39@group-8C4206E090CE-LeaderElection146 PRE_VOTE round 0: submit vote requests at term 0 for conf: {index: -1, cur=peers:[98b1311b-33ed-441a-9d1f-284a1b8d0a39|127.0.0.1:15595, 3ef2c69f-b325-49e4-8b40-b7dfff9ecdd0|127.0.0.1:15604, 9be8d1c2-cf5e-49e7-8b06-3e73843a30ba|127.0.0.1:15613]|listeners:[], old=null}
2024-08-09 18:21:07,191 [98b1311b-33ed-441a-9d1f-284a1b8d0a39@group-8C4206E090CE-LeaderElection146-1] INFO  server.GrpcServerProtocolClient (GrpcServerProtocolClient.java:<init>(65)) - Build channel for 3ef2c69f-b325-49e4-8b40-b7dfff9ecdd0|127.0.0.1:15604
2024-08-09 18:21:07,191 [98b1311b-33ed-441a-9d1f-284a1b8d0a39@group-8C4206E090CE-LeaderElection146-2] INFO  server.GrpcServerProtocolClient (GrpcServerProtocolClient.java:<init>(65)) - Build channel for 9be8d1c2-cf5e-49e7-8b06-3e73843a30ba|127.0.0.1:15613
2024-08-09 18:21:07,191 [98b1311b-33ed-441a-9d1f-284a1b8d0a39@group-8C4206E090CE-LeaderElection146] INFO  server.RaftServerConfigKeys (ConfUtils.java:logFallback(53)) - raft.server.rpc.first-election.timeout.min = 5s (fallback to raft.server.rpc.timeout.min)
2024-08-09 18:21:07,192 [98b1311b-33ed-441a-9d1f-284a1b8d0a39@group-8C4206E090CE-LeaderElection146] INFO  server.RaftServerConfigKeys (ConfUtils.java:logFallback(53)) - raft.server.rpc.first-election.timeout.max = 5200ms (fallback to raft.server.rpc.timeout.max)
2024-08-09 18:21:07,194 [grpc-default-executor-3] INFO  server.RaftServer$Division (RaftServerImpl.java:requestVote(1416)) - 3ef2c69f-b325-49e4-8b40-b7dfff9ecdd0@group-8C4206E090CE: receive requestVote(PRE_VOTE, 98b1311b-33ed-441a-9d1f-284a1b8d0a39, group-8C4206E090CE, 0, (t:0, i:0))
2024-08-09 18:21:07,194 [grpc-default-executor-2] INFO  server.RaftServer$Division (RaftServerImpl.java:requestVote(1416)) - 9be8d1c2-cf5e-49e7-8b06-3e73843a30ba@group-8C4206E090CE: receive requestVote(PRE_VOTE, 98b1311b-33ed-441a-9d1f-284a1b8d0a39, group-8C4206E090CE, 0, (t:0, i:0))
2024-08-09 18:21:07,194 [grpc-default-executor-3] INFO  impl.VoteContext (VoteContext.java:log(49)) - 3ef2c69f-b325-49e4-8b40-b7dfff9ecdd0@group-8C4206E090CE-FOLLOWER: accept PRE_VOTE from 98b1311b-33ed-441a-9d1f-284a1b8d0a39: our priority 0 <= candidate's priority 1
2024-08-09 18:21:07,194 [grpc-default-executor-2] INFO  impl.VoteContext (VoteContext.java:log(49)) - 9be8d1c2-cf5e-49e7-8b06-3e73843a30ba@group-8C4206E090CE-FOLLOWER: accept PRE_VOTE from 98b1311b-33ed-441a-9d1f-284a1b8d0a39: our priority 0 <= candidate's priority 1
2024-08-09 18:21:07,194 [grpc-default-executor-3] INFO  server.RaftServer$Division (RaftServerImpl.java:requestVote(1449)) - 3ef2c69f-b325-49e4-8b40-b7dfff9ecdd0@group-8C4206E090CE replies to PRE_VOTE vote request: 98b1311b-33ed-441a-9d1f-284a1b8d0a39<-3ef2c69f-b325-49e4-8b40-b7dfff9ecdd0#0:OK-t0. Peer's state: 3ef2c69f-b325-49e4-8b40-b7dfff9ecdd0@group-8C4206E090CE:t0, leader=null, voted=, raftlog=Memoized:3ef2c69f-b325-49e4-8b40-b7dfff9ecdd0@group-8C4206E090CE-SegmentedRaftLog:OPENED:c-1:lastnull, conf=conf: {index: -1, cur=peers:[98b1311b-33ed-441a-9d1f-284a1b8d0a39|127.0.0.1:15595, 3ef2c69f-b325-49e4-8b40-b7dfff9ecdd0|127.0.0.1:15604, 9be8d1c2-cf5e-49e7-8b06-3e73843a30ba|127.0.0.1:15613]|listeners:[], old=null}
2024-08-09 18:21:07,194 [grpc-default-executor-2] INFO  server.RaftServer$Division (RaftServerImpl.java:requestVote(1449)) - 9be8d1c2-cf5e-49e7-8b06-3e73843a30ba@group-8C4206E090CE replies to PRE_VOTE vote request: 98b1311b-33ed-441a-9d1f-284a1b8d0a39<-9be8d1c2-cf5e-49e7-8b06-3e73843a30ba#0:OK-t0. Peer's state: 9be8d1c2-cf5e-49e7-8b06-3e73843a30ba@group-8C4206E090CE:t0, leader=null, voted=, raftlog=Memoized:9be8d1c2-cf5e-49e7-8b06-3e73843a30ba@group-8C4206E090CE-SegmentedRaftLog:OPENED:c-1:lastnull, conf=conf: {index: -1, cur=peers:[98b1311b-33ed-441a-9d1f-284a1b8d0a39|127.0.0.1:15595, 3ef2c69f-b325-49e4-8b40-b7dfff9ecdd0|127.0.0.1:15604, 9be8d1c2-cf5e-49e7-8b06-3e73843a30ba|127.0.0.1:15613]|listeners:[], old=null}
2024-08-09 18:21:07,194 [98b1311b-33ed-441a-9d1f-284a1b8d0a39@group-8C4206E090CE-LeaderElection146] INFO  impl.LeaderElection (LeaderElection.java:logAndReturn(89)) - 98b1311b-33ed-441a-9d1f-284a1b8d0a39@group-8C4206E090CE-LeaderElection146: PRE_VOTE PASSED received 1 response(s) and 0 exception(s):
2024-08-09 18:21:07,194 [98b1311b-33ed-441a-9d1f-284a1b8d0a39@group-8C4206E090CE-LeaderElection146] INFO  impl.LeaderElection (LeaderElection.java:logAndReturn(93)) -   Response 0: 98b1311b-33ed-441a-9d1f-284a1b8d0a39<-3ef2c69f-b325-49e4-8b40-b7dfff9ecdd0#0:OK-t0
2024-08-09 18:21:07,194 [98b1311b-33ed-441a-9d1f-284a1b8d0a39@group-8C4206E090CE-LeaderElection146] INFO  impl.LeaderElection (LeaderElection.java:askForVotes(323)) - 98b1311b-33ed-441a-9d1f-284a1b8d0a39@group-8C4206E090CE-LeaderElection146 PRE_VOTE round 0: result PASSED
2024-08-09 18:21:07,195 [98b1311b-33ed-441a-9d1f-284a1b8d0a39@group-8C4206E090CE-LeaderElection146] INFO  impl.LeaderElection (LeaderElection.java:askForVotes(321)) - 98b1311b-33ed-441a-9d1f-284a1b8d0a39@group-8C4206E090CE-LeaderElection146 ELECTION round 0: submit vote requests at term 1 for conf: {index: -1, cur=peers:[98b1311b-33ed-441a-9d1f-284a1b8d0a39|127.0.0.1:15595, 3ef2c69f-b325-49e4-8b40-b7dfff9ecdd0|127.0.0.1:15604, 9be8d1c2-cf5e-49e7-8b06-3e73843a30ba|127.0.0.1:15613]|listeners:[], old=null}
2024-08-09 18:21:07,196 [98b1311b-33ed-441a-9d1f-284a1b8d0a39@group-8C4206E090CE-LeaderElection146] INFO  server.RaftServerConfigKeys (ConfUtils.java:logFallback(53)) - raft.server.rpc.first-election.timeout.min = 5s (fallback to raft.server.rpc.timeout.min)
2024-08-09 18:21:07,196 [98b1311b-33ed-441a-9d1f-284a1b8d0a39@group-8C4206E090CE-LeaderElection146] INFO  server.RaftServerConfigKeys (ConfUtils.java:logFallback(53)) - raft.server.rpc.first-election.timeout.max = 5200ms (fallback to raft.server.rpc.timeout.max)
2024-08-09 18:21:07,196 [grpc-default-executor-3] INFO  server.RaftServer$Division (RaftServerImpl.java:requestVote(1416)) - 9be8d1c2-cf5e-49e7-8b06-3e73843a30ba@group-8C4206E090CE: receive requestVote(ELECTION, 98b1311b-33ed-441a-9d1f-284a1b8d0a39, group-8C4206E090CE, 1, (t:0, i:0))
2024-08-09 18:21:07,196 [grpc-default-executor-2] INFO  server.RaftServer$Division (RaftServerImpl.java:requestVote(1416)) - 3ef2c69f-b325-49e4-8b40-b7dfff9ecdd0@group-8C4206E090CE: receive requestVote(ELECTION, 98b1311b-33ed-441a-9d1f-284a1b8d0a39, group-8C4206E090CE, 1, (t:0, i:0))
2024-08-09 18:21:07,196 [grpc-default-executor-3] INFO  impl.VoteContext (VoteContext.java:log(49)) - 9be8d1c2-cf5e-49e7-8b06-3e73843a30ba@group-8C4206E090CE-FOLLOWER: accept ELECTION from 98b1311b-33ed-441a-9d1f-284a1b8d0a39: our priority 0 <= candidate's priority 1
2024-08-09 18:21:07,196 [grpc-default-executor-3] INFO  server.RaftServer$Division (RaftServerImpl.java:setRole(376)) - 9be8d1c2-cf5e-49e7-8b06-3e73843a30ba@group-8C4206E090CE: changes role from  FOLLOWER to FOLLOWER at term 1 for candidate:98b1311b-33ed-441a-9d1f-284a1b8d0a39
2024-08-09 18:21:07,196 [grpc-default-executor-3] INFO  impl.RoleInfo (RoleInfo.java:shutdownFollowerState(119)) - 9be8d1c2-cf5e-49e7-8b06-3e73843a30ba: shutdown 9be8d1c2-cf5e-49e7-8b06-3e73843a30ba@group-8C4206E090CE-FollowerState
2024-08-09 18:21:07,196 [grpc-default-executor-3] INFO  impl.RoleInfo (RoleInfo.java:updateAndGet(148)) - 9be8d1c2-cf5e-49e7-8b06-3e73843a30ba: start 9be8d1c2-cf5e-49e7-8b06-3e73843a30ba@group-8C4206E090CE-FollowerState
2024-08-09 18:21:07,196 [grpc-default-executor-2] INFO  impl.VoteContext (VoteContext.java:log(49)) - 3ef2c69f-b325-49e4-8b40-b7dfff9ecdd0@group-8C4206E090CE-FOLLOWER: accept ELECTION from 98b1311b-33ed-441a-9d1f-284a1b8d0a39: our priority 0 <= candidate's priority 1
2024-08-09 18:21:07,196 [grpc-default-executor-2] INFO  server.RaftServer$Division (RaftServerImpl.java:setRole(376)) - 3ef2c69f-b325-49e4-8b40-b7dfff9ecdd0@group-8C4206E090CE: changes role from  FOLLOWER to FOLLOWER at term 1 for candidate:98b1311b-33ed-441a-9d1f-284a1b8d0a39
2024-08-09 18:21:07,196 [grpc-default-executor-2] INFO  impl.RoleInfo (RoleInfo.java:shutdownFollowerState(119)) - 3ef2c69f-b325-49e4-8b40-b7dfff9ecdd0: shutdown 3ef2c69f-b325-49e4-8b40-b7dfff9ecdd0@group-8C4206E090CE-FollowerState
2024-08-09 18:21:07,197 [grpc-default-executor-2] INFO  impl.RoleInfo (RoleInfo.java:updateAndGet(148)) - 3ef2c69f-b325-49e4-8b40-b7dfff9ecdd0: start 3ef2c69f-b325-49e4-8b40-b7dfff9ecdd0@group-8C4206E090CE-FollowerState
2024-08-09 18:21:07,197 [3ef2c69f-b325-49e4-8b40-b7dfff9ecdd0@group-8C4206E090CE-FollowerState] INFO  impl.FollowerState (FollowerState.java:run(153)) - 3ef2c69f-b325-49e4-8b40-b7dfff9ecdd0@group-8C4206E090CE-FollowerState was interrupted
2024-08-09 18:21:07,196 [9be8d1c2-cf5e-49e7-8b06-3e73843a30ba@group-8C4206E090CE-FollowerState] INFO  impl.FollowerState (FollowerState.java:run(153)) - 9be8d1c2-cf5e-49e7-8b06-3e73843a30ba@group-8C4206E090CE-FollowerState was interrupted
2024-08-09 18:21:07,197 [grpc-default-executor-2] INFO  server.RaftServer$Division (RaftServerImpl.java:setFirstElection(549)) - 3ef2c69f-b325-49e4-8b40-b7dfff9ecdd0@group-8C4206E090CE: set firstElectionSinceStartup to false for candidate:98b1311b-33ed-441a-9d1f-284a1b8d0a39
2024-08-09 18:21:07,196 [grpc-default-executor-3] INFO  server.RaftServer$Division (RaftServerImpl.java:setFirstElection(549)) - 9be8d1c2-cf5e-49e7-8b06-3e73843a30ba@group-8C4206E090CE: set firstElectionSinceStartup to false for candidate:98b1311b-33ed-441a-9d1f-284a1b8d0a39
2024-08-09 18:21:07,198 [grpc-default-executor-2] INFO  server.RaftServer$Division (RaftServerImpl.java:requestVote(1449)) - 3ef2c69f-b325-49e4-8b40-b7dfff9ecdd0@group-8C4206E090CE replies to ELECTION vote request: 98b1311b-33ed-441a-9d1f-284a1b8d0a39<-3ef2c69f-b325-49e4-8b40-b7dfff9ecdd0#0:OK-t1. Peer's state: 3ef2c69f-b325-49e4-8b40-b7dfff9ecdd0@group-8C4206E090CE:t1, leader=null, voted=98b1311b-33ed-441a-9d1f-284a1b8d0a39, raftlog=Memoized:3ef2c69f-b325-49e4-8b40-b7dfff9ecdd0@group-8C4206E090CE-SegmentedRaftLog:OPENED:c-1:lastnull, conf=conf: {index: -1, cur=peers:[98b1311b-33ed-441a-9d1f-284a1b8d0a39|127.0.0.1:15595, 3ef2c69f-b325-49e4-8b40-b7dfff9ecdd0|127.0.0.1:15604, 9be8d1c2-cf5e-49e7-8b06-3e73843a30ba|127.0.0.1:15613]|listeners:[], old=null}
2024-08-09 18:21:07,198 [98b1311b-33ed-441a-9d1f-284a1b8d0a39@group-8C4206E090CE-LeaderElection146] INFO  impl.LeaderElection (LeaderElection.java:logAndReturn(89)) - 98b1311b-33ed-441a-9d1f-284a1b8d0a39@group-8C4206E090CE-LeaderElection146: ELECTION PASSED received 1 response(s) and 0 exception(s):
2024-08-09 18:21:07,198 [98b1311b-33ed-441a-9d1f-284a1b8d0a39@group-8C4206E090CE-LeaderElection146] INFO  impl.LeaderElection (LeaderElection.java:logAndReturn(93)) -   Response 0: 98b1311b-33ed-441a-9d1f-284a1b8d0a39<-3ef2c69f-b325-49e4-8b40-b7dfff9ecdd0#0:OK-t1
2024-08-09 18:21:07,198 [98b1311b-33ed-441a-9d1f-284a1b8d0a39@group-8C4206E090CE-LeaderElection146] INFO  impl.LeaderElection (LeaderElection.java:askForVotes(323)) - 98b1311b-33ed-441a-9d1f-284a1b8d0a39@group-8C4206E090CE-LeaderElection146 ELECTION round 0: result PASSED
2024-08-09 18:21:07,198 [98b1311b-33ed-441a-9d1f-284a1b8d0a39@group-8C4206E090CE-LeaderElection146] INFO  impl.RoleInfo (RoleInfo.java:shutdownLeaderElection(139)) - 98b1311b-33ed-441a-9d1f-284a1b8d0a39: shutdown 98b1311b-33ed-441a-9d1f-284a1b8d0a39@group-8C4206E090CE-LeaderElection146
2024-08-09 18:21:07,198 [98b1311b-33ed-441a-9d1f-284a1b8d0a39@group-8C4206E090CE-LeaderElection146] INFO  server.RaftServer$Division (RaftServerImpl.java:setRole(376)) - 98b1311b-33ed-441a-9d1f-284a1b8d0a39@group-8C4206E090CE: changes role from CANDIDATE to LEADER at term 1 for changeToLeader
2024-08-09 18:21:07,198 [98b1311b-33ed-441a-9d1f-284a1b8d0a39@group-8C4206E090CE-LeaderElection146] INFO  server.RaftServerConfigKeys (ConfUtils.java:logGet(46)) - raft.server.staging.catchup.gap = 1000 (default)
2024-08-09 18:21:07,199 [grpc-default-executor-3] INFO  server.RaftServer$Division (RaftServerImpl.java:requestVote(1449)) - 9be8d1c2-cf5e-49e7-8b06-3e73843a30ba@group-8C4206E090CE replies to ELECTION vote request: 98b1311b-33ed-441a-9d1f-284a1b8d0a39<-9be8d1c2-cf5e-49e7-8b06-3e73843a30ba#0:OK-t1. Peer's state: 9be8d1c2-cf5e-49e7-8b06-3e73843a30ba@group-8C4206E090CE:t1, leader=null, voted=98b1311b-33ed-441a-9d1f-284a1b8d0a39, raftlog=Memoized:9be8d1c2-cf5e-49e7-8b06-3e73843a30ba@group-8C4206E090CE-SegmentedRaftLog:OPENED:c-1:lastnull, conf=conf: {index: -1, cur=peers:[98b1311b-33ed-441a-9d1f-284a1b8d0a39|127.0.0.1:15595, 3ef2c69f-b325-49e4-8b40-b7dfff9ecdd0|127.0.0.1:15604, 9be8d1c2-cf5e-49e7-8b06-3e73843a30ba|127.0.0.1:15613]|listeners:[], old=null}
2024-08-09 18:21:07,199 [98b1311b-33ed-441a-9d1f-284a1b8d0a39@group-8C4206E090CE-LeaderElection146] INFO  server.RaftServerConfigKeys (ConfUtils.java:logGet(46)) - raft.server.write.element-limit = 1024 (custom)
2024-08-09 18:21:07,199 [98b1311b-33ed-441a-9d1f-284a1b8d0a39@group-8C4206E090CE-LeaderElection146] INFO  server.RaftServerConfigKeys (ConfUtils.java:logGet(46)) - raft.server.write.byte-limit = 1024 M (=1073741824) (custom)
2024-08-09 18:21:07,199 [98b1311b-33ed-441a-9d1f-284a1b8d0a39@group-8C4206E090CE-LeaderElection146] INFO  server.RaftServerConfigKeys (ConfUtils.java:logGet(46)) - raft.server.watch.timeout = 3000ms (custom)
2024-08-09 18:21:07,199 [98b1311b-33ed-441a-9d1f-284a1b8d0a39@group-8C4206E090CE-LeaderElection146] INFO  server.RaftServerConfigKeys (ConfUtils.java:logGet(46)) - raft.server.watch.timeout.denomination = 1s (default)
2024-08-09 18:21:07,199 [98b1311b-33ed-441a-9d1f-284a1b8d0a39@group-8C4206E090CE-LeaderElection146] INFO  server.RaftServerConfigKeys (ConfUtils.java:logGet(46)) - raft.server.watch.element-limit = 65536 (default)
2024-08-09 18:21:07,199 [98b1311b-33ed-441a-9d1f-284a1b8d0a39@group-8C4206E090CE-LeaderElection146] INFO  server.RaftServerConfigKeys (ConfUtils.java:logGet(46)) - raft.server.read.leader.lease.enabled = false (default)
2024-08-09 18:21:07,199 [98b1311b-33ed-441a-9d1f-284a1b8d0a39@group-8C4206E090CE-LeaderElection146] INFO  server.RaftServerConfigKeys (ConfUtils.java:logGet(46)) - raft.server.read.leader.lease.timeout.ratio = 0.9 (default)
2024-08-09 18:21:07,199 [98b1311b-33ed-441a-9d1f-284a1b8d0a39@group-8C4206E090CE-LeaderElection146] INFO  server.RaftServerConfigKeys (ConfUtils.java:logGet(46)) - raft.server.rpc.timeout.min = 5s (custom)
2024-08-09 18:21:07,200 [98b1311b-33ed-441a-9d1f-284a1b8d0a39@group-8C4206E090CE-LeaderElection146] INFO  server.RaftServerConfigKeys (ConfUtils.java:logGet(46)) - raft.server.log.log-metadata.enabled = true (default)
2024-08-09 18:21:07,200 [98b1311b-33ed-441a-9d1f-284a1b8d0a39@group-8C4206E090CE-LeaderElection146] INFO  server.RaftServerConfigKeys (ConfUtils.java:logGet(46)) - raft.server.write.element-limit = 1024 (custom)
2024-08-09 18:21:07,200 [98b1311b-33ed-441a-9d1f-284a1b8d0a39@group-8C4206E090CE-LeaderElection146] INFO  server.RaftServerConfigKeys (ConfUtils.java:logGet(46)) - raft.server.write.follower.gap.ratio.max = -1.0 (default)
2024-08-09 18:21:07,200 [98b1311b-33ed-441a-9d1f-284a1b8d0a39@group-8C4206E090CE-LeaderElection146] INFO  server.RaftServerConfigKeys (ConfUtils.java:logGet(46)) - raft.server.log.appender.snapshot.chunk.size.max = 16MB (=16777216) (default)
2024-08-09 18:21:07,200 [98b1311b-33ed-441a-9d1f-284a1b8d0a39@group-8C4206E090CE-LeaderElection146] INFO  server.RaftServerConfigKeys (ConfUtils.java:logGet(46)) - raft.server.log.appender.buffer.byte-limit = 8388608 (custom)
2024-08-09 18:21:07,200 [98b1311b-33ed-441a-9d1f-284a1b8d0a39@group-8C4206E090CE-LeaderElection146] INFO  server.RaftServerConfigKeys (ConfUtils.java:logGet(46)) - raft.server.log.appender.buffer.element-limit = 1024 (custom)
2024-08-09 18:21:07,200 [98b1311b-33ed-441a-9d1f-284a1b8d0a39@group-8C4206E090CE-LeaderElection146] INFO  server.RaftServerConfigKeys (ConfUtils.java:logGet(46)) - raft.server.log.appender.wait-time.min = 0ms (custom)
2024-08-09 18:21:07,200 [98b1311b-33ed-441a-9d1f-284a1b8d0a39@group-8C4206E090CE-LeaderElection146] INFO  grpc.GrpcConfigKeys (ConfUtils.java:logGet(46)) - raft.grpc.server.leader.outstanding.appends.max = 8 (default)
2024-08-09 18:21:07,200 [98b1311b-33ed-441a-9d1f-284a1b8d0a39@group-8C4206E090CE-LeaderElection146] INFO  server.RaftServerConfigKeys (ConfUtils.java:logGet(46)) - raft.server.rpc.request.timeout = 3000ms (default)
2024-08-09 18:21:07,200 [98b1311b-33ed-441a-9d1f-284a1b8d0a39@group-8C4206E090CE-LeaderElection146] INFO  grpc.GrpcConfigKeys (ConfUtils.java:logGet(46)) - raft.grpc.server.install_snapshot.request.element-limit = 8 (default)
2024-08-09 18:21:07,200 [98b1311b-33ed-441a-9d1f-284a1b8d0a39@group-8C4206E090CE-LeaderElection146] INFO  grpc.GrpcConfigKeys (ConfUtils.java:logGet(46)) - raft.grpc.server.install_snapshot.request.timeout = 3000ms (default)
2024-08-09 18:21:07,200 [98b1311b-33ed-441a-9d1f-284a1b8d0a39@group-8C4206E090CE-LeaderElection146] INFO  grpc.GrpcConfigKeys (ConfUtils.java:logGet(46)) - raft.grpc.server.log-message.batch.duration = 5s (default)
2024-08-09 18:21:07,200 [98b1311b-33ed-441a-9d1f-284a1b8d0a39@group-8C4206E090CE-LeaderElection146] INFO  server.RaftServerConfigKeys (ConfUtils.java:logGet(46)) - raft.server.log.appender.install.snapshot.enabled = false (custom)
2024-08-09 18:21:07,200 [98b1311b-33ed-441a-9d1f-284a1b8d0a39@group-8C4206E090CE-LeaderElection146] INFO  grpc.GrpcConfigKeys (ConfUtils.java:logGet(46)) - raft.grpc.server.heartbeat.channel = true (default)
2024-08-09 18:21:07,201 [98b1311b-33ed-441a-9d1f-284a1b8d0a39@group-8C4206E090CE-LeaderElection146] INFO  server.RaftServerConfigKeys (ConfUtils.java:logGet(46)) - raft.server.log.appender.snapshot.chunk.size.max = 16MB (=16777216) (default)
2024-08-09 18:21:07,201 [98b1311b-33ed-441a-9d1f-284a1b8d0a39@group-8C4206E090CE-LeaderElection146] INFO  server.RaftServerConfigKeys (ConfUtils.java:logGet(46)) - raft.server.log.appender.buffer.byte-limit = 8388608 (custom)
2024-08-09 18:21:07,201 [98b1311b-33ed-441a-9d1f-284a1b8d0a39@group-8C4206E090CE-LeaderElection146] INFO  server.RaftServerConfigKeys (ConfUtils.java:logGet(46)) - raft.server.log.appender.buffer.element-limit = 1024 (custom)
2024-08-09 18:21:07,201 [98b1311b-33ed-441a-9d1f-284a1b8d0a39@group-8C4206E090CE-LeaderElection146] INFO  server.RaftServerConfigKeys (ConfUtils.java:logGet(46)) - raft.server.log.appender.wait-time.min = 0ms (custom)
2024-08-09 18:21:07,201 [98b1311b-33ed-441a-9d1f-284a1b8d0a39@group-8C4206E090CE-LeaderElection146] INFO  grpc.GrpcConfigKeys (ConfUtils.java:logGet(46)) - raft.grpc.server.leader.outstanding.appends.max = 8 (default)
2024-08-09 18:21:07,201 [98b1311b-33ed-441a-9d1f-284a1b8d0a39@group-8C4206E090CE-LeaderElection146] INFO  server.RaftServerConfigKeys (ConfUtils.java:logGet(46)) - raft.server.rpc.request.timeout = 3000ms (default)
2024-08-09 18:21:07,201 [98b1311b-33ed-441a-9d1f-284a1b8d0a39@group-8C4206E090CE-LeaderElection146] INFO  grpc.GrpcConfigKeys (ConfUtils.java:logGet(46)) - raft.grpc.server.install_snapshot.request.element-limit = 8 (default)
2024-08-09 18:21:07,201 [98b1311b-33ed-441a-9d1f-284a1b8d0a39@group-8C4206E090CE-LeaderElection146] INFO  grpc.GrpcConfigKeys (ConfUtils.java:logGet(46)) - raft.grpc.server.install_snapshot.request.timeout = 3000ms (default)
2024-08-09 18:21:07,201 [98b1311b-33ed-441a-9d1f-284a1b8d0a39@group-8C4206E090CE-LeaderElection146] INFO  grpc.GrpcConfigKeys (ConfUtils.java:logGet(46)) - raft.grpc.server.log-message.batch.duration = 5s (default)
2024-08-09 18:21:07,201 [98b1311b-33ed-441a-9d1f-284a1b8d0a39@group-8C4206E090CE-LeaderElection146] INFO  server.RaftServerConfigKeys (ConfUtils.java:logGet(46)) - raft.server.log.appender.install.snapshot.enabled = false (custom)
2024-08-09 18:21:07,201 [98b1311b-33ed-441a-9d1f-284a1b8d0a39@group-8C4206E090CE-LeaderElection146] INFO  grpc.GrpcConfigKeys (ConfUtils.java:logGet(46)) - raft.grpc.server.heartbeat.channel = true (default)
2024-08-09 18:21:07,201 [98b1311b-33ed-441a-9d1f-284a1b8d0a39@group-8C4206E090CE-LeaderElection146] INFO  impl.RoleInfo (RoleInfo.java:updateAndGet(148)) - 98b1311b-33ed-441a-9d1f-284a1b8d0a39: start 98b1311b-33ed-441a-9d1f-284a1b8d0a39@group-8C4206E090CE-LeaderStateImpl
2024-08-09 18:21:07,202 [98b1311b-33ed-441a-9d1f-284a1b8d0a39@group-8C4206E090CE-LeaderElection146] INFO  server.RaftServer$Division (RaftServerImpl.java:setFirstElection(549)) - 98b1311b-33ed-441a-9d1f-284a1b8d0a39@group-8C4206E090CE: set firstElectionSinceStartup to false for becomeLeader
2024-08-09 18:21:07,202 [98b1311b-33ed-441a-9d1f-284a1b8d0a39@group-8C4206E090CE-LeaderElection146] INFO  ratis.XceiverServerRatis (XceiverServerRatis.java:handleLeaderChangedNotification(947)) - Leader change notification received for group: group-8C4206E090CE with new leaderId: 98b1311b-33ed-441a-9d1f-284a1b8d0a39
2024-08-09 18:21:07,202 [98b1311b-33ed-441a-9d1f-284a1b8d0a39@group-8C4206E090CE-LeaderElection146] INFO  server.RaftServer$Division (ServerState.java:setLeader(272)) - 98b1311b-33ed-441a-9d1f-284a1b8d0a39@group-8C4206E090CE: change Leader from null to 98b1311b-33ed-441a-9d1f-284a1b8d0a39 at term 1 for becomeLeader, leader elected after 5079ms
2024-08-09 18:21:07,202 [98b1311b-33ed-441a-9d1f-284a1b8d0a39@group-8C4206E090CE-LeaderElection146] INFO  segmented.SegmentedRaftLogWorker (SegmentedRaftLogWorker.java:startLogSegment(433)) - 98b1311b-33ed-441a-9d1f-284a1b8d0a39@group-8C4206E090CE-SegmentedRaftLogWorker: Starting segment from index:0
2024-08-09 18:21:07,202 [98b1311b-33ed-441a-9d1f-284a1b8d0a39@group-8C4206E090CE-LeaderElection146] INFO  server.RaftServer$Division (ServerState.java:setRaftConf(386)) - 98b1311b-33ed-441a-9d1f-284a1b8d0a39@group-8C4206E090CE: set configuration conf: {index: 0, cur=peers:[98b1311b-33ed-441a-9d1f-284a1b8d0a39|127.0.0.1:15595, 3ef2c69f-b325-49e4-8b40-b7dfff9ecdd0|127.0.0.1:15604, 9be8d1c2-cf5e-49e7-8b06-3e73843a30ba|127.0.0.1:15613]|listeners:[], old=null}
2024-08-09 18:21:07,202 [98b1311b-33ed-441a-9d1f-284a1b8d0a39@group-8C4206E090CE-SegmentedRaftLogWorker] INFO  segmented.BufferedWriteChannel (BufferedWriteChannel.java:open(61)) - open log_inprogress_0 at position 0
2024-08-09 18:21:07,210 [EventQueue-PipelineReportForPipelineReportHandler] INFO  pipeline.PipelineReportHandler (PipelineReportHandler.java:processPipelineReport(136)) - Opened pipeline PipelineID=021e6b1c-1e31-4f3c-b0e6-8c4206e090ce
2024-08-09 18:21:07,210 [3ef2c69f-b325-49e4-8b40-b7dfff9ecdd0-server-thread1] INFO  ratis.XceiverServerRatis (XceiverServerRatis.java:handleLeaderChangedNotification(947)) - Leader change notification received for group: group-8C4206E090CE with new leaderId: 98b1311b-33ed-441a-9d1f-284a1b8d0a39
2024-08-09 18:21:07,211 [3ef2c69f-b325-49e4-8b40-b7dfff9ecdd0-server-thread1] INFO  server.RaftServer$Division (ServerState.java:setLeader(272)) - 3ef2c69f-b325-49e4-8b40-b7dfff9ecdd0@group-8C4206E090CE: change Leader from null to 98b1311b-33ed-441a-9d1f-284a1b8d0a39 at term 1 for appendEntries, leader elected after 5072ms
2024-08-09 18:21:07,212 [98b1311b-33ed-441a-9d1f-284a1b8d0a39@group-8C4206E090CE-SegmentedRaftLogWorker] INFO  segmented.SegmentedRaftLogWorker (SegmentedRaftLogWorker.java:execute(637)) - 98b1311b-33ed-441a-9d1f-284a1b8d0a39@group-8C4206E090CE-SegmentedRaftLogWorker: created new log segment /home/runner/work/ozone/ozone/hadoop-ozone/integration-test/target/test-dir/MiniOzoneClusterImpl-d43ea6a6-39cf-404b-af74-5e65bec6c33b/ozone-meta/datanode-1/ratis/021e6b1c-1e31-4f3c-b0e6-8c4206e090ce/current/log_inprogress_0
2024-08-09 18:21:07,212 [3ef2c69f-b325-49e4-8b40-b7dfff9ecdd0-server-thread2] INFO  server.RaftServer$Division (ServerState.java:setRaftConf(386)) - 3ef2c69f-b325-49e4-8b40-b7dfff9ecdd0@group-8C4206E090CE: set configuration conf: {index: 0, cur=peers:[98b1311b-33ed-441a-9d1f-284a1b8d0a39|127.0.0.1:15595, 3ef2c69f-b325-49e4-8b40-b7dfff9ecdd0|127.0.0.1:15604, 9be8d1c2-cf5e-49e7-8b06-3e73843a30ba|127.0.0.1:15613]|listeners:[], old=null}
2024-08-09 18:21:07,212 [3ef2c69f-b325-49e4-8b40-b7dfff9ecdd0-server-thread2] INFO  segmented.SegmentedRaftLogWorker (SegmentedRaftLogWorker.java:startLogSegment(433)) - 3ef2c69f-b325-49e4-8b40-b7dfff9ecdd0@group-8C4206E090CE-SegmentedRaftLogWorker: Starting segment from index:0
2024-08-09 18:21:07,212 [3ef2c69f-b325-49e4-8b40-b7dfff9ecdd0@group-8C4206E090CE-SegmentedRaftLogWorker] INFO  segmented.BufferedWriteChannel (BufferedWriteChannel.java:open(61)) - open log_inprogress_0 at position 0
2024-08-09 18:21:07,219 [9be8d1c2-cf5e-49e7-8b06-3e73843a30ba-server-thread1] INFO  ratis.XceiverServerRatis (XceiverServerRatis.java:handleLeaderChangedNotification(947)) - Leader change notification received for group: group-8C4206E090CE with new leaderId: 98b1311b-33ed-441a-9d1f-284a1b8d0a39
2024-08-09 18:21:07,219 [9be8d1c2-cf5e-49e7-8b06-3e73843a30ba-server-thread1] INFO  server.RaftServer$Division (ServerState.java:setLeader(272)) - 9be8d1c2-cf5e-49e7-8b06-3e73843a30ba@group-8C4206E090CE: change Leader from null to 98b1311b-33ed-441a-9d1f-284a1b8d0a39 at term 1 for appendEntries, leader elected after 5060ms
2024-08-09 18:21:07,219 [9be8d1c2-cf5e-49e7-8b06-3e73843a30ba-server-thread2] INFO  server.RaftServer$Division (ServerState.java:setRaftConf(386)) - 9be8d1c2-cf5e-49e7-8b06-3e73843a30ba@group-8C4206E090CE: set configuration conf: {index: 0, cur=peers:[98b1311b-33ed-441a-9d1f-284a1b8d0a39|127.0.0.1:15595, 3ef2c69f-b325-49e4-8b40-b7dfff9ecdd0|127.0.0.1:15604, 9be8d1c2-cf5e-49e7-8b06-3e73843a30ba|127.0.0.1:15613]|listeners:[], old=null}
2024-08-09 18:21:07,220 [9be8d1c2-cf5e-49e7-8b06-3e73843a30ba-server-thread2] INFO  segmented.SegmentedRaftLogWorker (SegmentedRaftLogWorker.java:startLogSegment(433)) - 9be8d1c2-cf5e-49e7-8b06-3e73843a30ba@group-8C4206E090CE-SegmentedRaftLogWorker: Starting segment from index:0
2024-08-09 18:21:07,220 [9be8d1c2-cf5e-49e7-8b06-3e73843a30ba@group-8C4206E090CE-SegmentedRaftLogWorker] INFO  segmented.BufferedWriteChannel (BufferedWriteChannel.java:open(61)) - open log_inprogress_0 at position 0
2024-08-09 18:21:07,223 [3ef2c69f-b325-49e4-8b40-b7dfff9ecdd0@group-8C4206E090CE-SegmentedRaftLogWorker] INFO  segmented.SegmentedRaftLogWorker (SegmentedRaftLogWorker.java:execute(637)) - 3ef2c69f-b325-49e4-8b40-b7dfff9ecdd0@group-8C4206E090CE-SegmentedRaftLogWorker: created new log segment /home/runner/work/ozone/ozone/hadoop-ozone/integration-test/target/test-dir/MiniOzoneClusterImpl-d43ea6a6-39cf-404b-af74-5e65bec6c33b/ozone-meta/datanode-2/ratis/021e6b1c-1e31-4f3c-b0e6-8c4206e090ce/current/log_inprogress_0
2024-08-09 18:21:07,225 [98b1311b-33ed-441a-9d1f-284a1b8d0a39@group-8C4206E090CE-StateMachineUpdater] INFO  server.RaftServer$Division (LeaderStateImpl.java:checkStartIndex(316)) - Leader 98b1311b-33ed-441a-9d1f-284a1b8d0a39@group-8C4206E090CE-LeaderStateImpl is ready since appliedIndex == startIndex == 0
2024-08-09 18:21:07,231 [9be8d1c2-cf5e-49e7-8b06-3e73843a30ba@group-8C4206E090CE-SegmentedRaftLogWorker] INFO  segmented.SegmentedRaftLogWorker (SegmentedRaftLogWorker.java:execute(637)) - 9be8d1c2-cf5e-49e7-8b06-3e73843a30ba@group-8C4206E090CE-SegmentedRaftLogWorker: created new log segment /home/runner/work/ozone/ozone/hadoop-ozone/integration-test/target/test-dir/MiniOzoneClusterImpl-d43ea6a6-39cf-404b-af74-5e65bec6c33b/ozone-meta/datanode-3/ratis/021e6b1c-1e31-4f3c-b0e6-8c4206e090ce/current/log_inprogress_0
2024-08-09 18:21:07,294 [98b1311b-33ed-441a-9d1f-284a1b8d0a39@group-E2A1BE1294D8-FollowerState] INFO  impl.FollowerState (FollowerState.java:run(144)) - 98b1311b-33ed-441a-9d1f-284a1b8d0a39@group-E2A1BE1294D8-FollowerState: change to CANDIDATE, lastRpcElapsedTime:5116458767ns, electionTimeout:5116ms
2024-08-09 18:21:07,294 [98b1311b-33ed-441a-9d1f-284a1b8d0a39@group-E2A1BE1294D8-FollowerState] INFO  impl.RoleInfo (RoleInfo.java:shutdownFollowerState(119)) - 98b1311b-33ed-441a-9d1f-284a1b8d0a39: shutdown 98b1311b-33ed-441a-9d1f-284a1b8d0a39@group-E2A1BE1294D8-FollowerState
2024-08-09 18:21:07,294 [98b1311b-33ed-441a-9d1f-284a1b8d0a39@group-E2A1BE1294D8-FollowerState] INFO  server.RaftServer$Division (RaftServerImpl.java:setRole(376)) - 98b1311b-33ed-441a-9d1f-284a1b8d0a39@group-E2A1BE1294D8: changes role from  FOLLOWER to CANDIDATE at term 0 for changeToCandidate
2024-08-09 18:21:07,295 [98b1311b-33ed-441a-9d1f-284a1b8d0a39@group-E2A1BE1294D8-FollowerState] INFO  server.RaftServerConfigKeys (ConfUtils.java:logGet(46)) - raft.server.leaderelection.pre-vote = true (default)
2024-08-09 18:21:07,295 [98b1311b-33ed-441a-9d1f-284a1b8d0a39@group-E2A1BE1294D8-FollowerState] INFO  impl.RoleInfo (RoleInfo.java:updateAndGet(148)) - 98b1311b-33ed-441a-9d1f-284a1b8d0a39: start 98b1311b-33ed-441a-9d1f-284a1b8d0a39@group-E2A1BE1294D8-LeaderElection147
2024-08-09 18:21:07,295 [98b1311b-33ed-441a-9d1f-284a1b8d0a39@group-E2A1BE1294D8-LeaderElection147] INFO  impl.LeaderElection (LeaderElection.java:askForVotes(321)) - 98b1311b-33ed-441a-9d1f-284a1b8d0a39@group-E2A1BE1294D8-LeaderElection147 PRE_VOTE round 0: submit vote requests at term 0 for conf: {index: -1, cur=peers:[98b1311b-33ed-441a-9d1f-284a1b8d0a39|127.0.0.1:15595, 3ef2c69f-b325-49e4-8b40-b7dfff9ecdd0|127.0.0.1:15604, 9be8d1c2-cf5e-49e7-8b06-3e73843a30ba|127.0.0.1:15613]|listeners:[], old=null}
2024-08-09 18:21:07,296 [grpc-default-executor-3] INFO  server.RaftServer$Division (RaftServerImpl.java:requestVote(1416)) - 3ef2c69f-b325-49e4-8b40-b7dfff9ecdd0@group-E2A1BE1294D8: receive requestVote(PRE_VOTE, 98b1311b-33ed-441a-9d1f-284a1b8d0a39, group-E2A1BE1294D8, 0, (t:0, i:0))
2024-08-09 18:21:07,296 [grpc-default-executor-3] INFO  impl.VoteContext (VoteContext.java:log(49)) - 3ef2c69f-b325-49e4-8b40-b7dfff9ecdd0@group-E2A1BE1294D8-FOLLOWER: reject PRE_VOTE from 98b1311b-33ed-441a-9d1f-284a1b8d0a39: our priority 1 > candidate's priority 0
2024-08-09 18:21:07,296 [grpc-default-executor-3] INFO  server.RaftServer$Division (RaftServerImpl.java:requestVote(1449)) - 3ef2c69f-b325-49e4-8b40-b7dfff9ecdd0@group-E2A1BE1294D8 replies to PRE_VOTE vote request: 98b1311b-33ed-441a-9d1f-284a1b8d0a39<-3ef2c69f-b325-49e4-8b40-b7dfff9ecdd0#0:FAIL-t0. Peer's state: 3ef2c69f-b325-49e4-8b40-b7dfff9ecdd0@group-E2A1BE1294D8:t0, leader=null, voted=, raftlog=Memoized:3ef2c69f-b325-49e4-8b40-b7dfff9ecdd0@group-E2A1BE1294D8-SegmentedRaftLog:OPENED:c-1:lastnull, conf=conf: {index: -1, cur=peers:[98b1311b-33ed-441a-9d1f-284a1b8d0a39|127.0.0.1:15595, 3ef2c69f-b325-49e4-8b40-b7dfff9ecdd0|127.0.0.1:15604, 9be8d1c2-cf5e-49e7-8b06-3e73843a30ba|127.0.0.1:15613]|listeners:[], old=null}
2024-08-09 18:21:07,300 [98b1311b-33ed-441a-9d1f-284a1b8d0a39@group-E2A1BE1294D8-LeaderElection147] INFO  server.RaftServerConfigKeys (ConfUtils.java:logFallback(53)) - raft.server.rpc.first-election.timeout.min = 5s (fallback to raft.server.rpc.timeout.min)
2024-08-09 18:21:07,300 [98b1311b-33ed-441a-9d1f-284a1b8d0a39@group-E2A1BE1294D8-LeaderElection147] INFO  server.RaftServerConfigKeys (ConfUtils.java:logFallback(53)) - raft.server.rpc.first-election.timeout.max = 5200ms (fallback to raft.server.rpc.timeout.max)
2024-08-09 18:21:07,300 [98b1311b-33ed-441a-9d1f-284a1b8d0a39@group-E2A1BE1294D8-LeaderElection147] INFO  impl.LeaderElection (LeaderElection.java:logAndReturn(89)) - 98b1311b-33ed-441a-9d1f-284a1b8d0a39@group-E2A1BE1294D8-LeaderElection147: PRE_VOTE REJECTED received 1 response(s) and 0 exception(s):
2024-08-09 18:21:07,300 [98b1311b-33ed-441a-9d1f-284a1b8d0a39@group-E2A1BE1294D8-LeaderElection147] INFO  impl.LeaderElection (LeaderElection.java:logAndReturn(93)) -   Response 0: 98b1311b-33ed-441a-9d1f-284a1b8d0a39<-3ef2c69f-b325-49e4-8b40-b7dfff9ecdd0#0:FAIL-t0
2024-08-09 18:21:07,300 [98b1311b-33ed-441a-9d1f-284a1b8d0a39@group-E2A1BE1294D8-LeaderElection147] INFO  impl.LeaderElection (LeaderElection.java:askForVotes(323)) - 98b1311b-33ed-441a-9d1f-284a1b8d0a39@group-E2A1BE1294D8-LeaderElection147 PRE_VOTE round 0: result REJECTED
2024-08-09 18:21:07,300 [98b1311b-33ed-441a-9d1f-284a1b8d0a39@group-E2A1BE1294D8-LeaderElection147] INFO  server.RaftServer$Division (RaftServerImpl.java:setRole(376)) - 98b1311b-33ed-441a-9d1f-284a1b8d0a39@group-E2A1BE1294D8: changes role from CANDIDATE to FOLLOWER at term 0 for REJECTED
2024-08-09 18:21:07,300 [98b1311b-33ed-441a-9d1f-284a1b8d0a39@group-E2A1BE1294D8-LeaderElection147] INFO  impl.RoleInfo (RoleInfo.java:shutdownLeaderElection(139)) - 98b1311b-33ed-441a-9d1f-284a1b8d0a39: shutdown 98b1311b-33ed-441a-9d1f-284a1b8d0a39@group-E2A1BE1294D8-LeaderElection147
2024-08-09 18:21:07,300 [98b1311b-33ed-441a-9d1f-284a1b8d0a39@group-E2A1BE1294D8-LeaderElection147] INFO  impl.RoleInfo (RoleInfo.java:updateAndGet(148)) - 98b1311b-33ed-441a-9d1f-284a1b8d0a39: start 98b1311b-33ed-441a-9d1f-284a1b8d0a39@group-E2A1BE1294D8-FollowerState
2024-08-09 18:21:07,300 [grpc-default-executor-3] INFO  server.RaftServer$Division (RaftServerImpl.java:requestVote(1416)) - 9be8d1c2-cf5e-49e7-8b06-3e73843a30ba@group-E2A1BE1294D8: receive requestVote(PRE_VOTE, 98b1311b-33ed-441a-9d1f-284a1b8d0a39, group-E2A1BE1294D8, 0, (t:0, i:0))
2024-08-09 18:21:07,301 [grpc-default-executor-3] INFO  impl.VoteContext (VoteContext.java:log(49)) - 9be8d1c2-cf5e-49e7-8b06-3e73843a30ba@group-E2A1BE1294D8-FOLLOWER: accept PRE_VOTE from 98b1311b-33ed-441a-9d1f-284a1b8d0a39: our priority 0 <= candidate's priority 0
2024-08-09 18:21:07,301 [grpc-default-executor-3] INFO  server.RaftServer$Division (RaftServerImpl.java:requestVote(1449)) - 9be8d1c2-cf5e-49e7-8b06-3e73843a30ba@group-E2A1BE1294D8 replies to PRE_VOTE vote request: 98b1311b-33ed-441a-9d1f-284a1b8d0a39<-9be8d1c2-cf5e-49e7-8b06-3e73843a30ba#0:OK-t0. Peer's state: 9be8d1c2-cf5e-49e7-8b06-3e73843a30ba@group-E2A1BE1294D8:t0, leader=null, voted=, raftlog=Memoized:9be8d1c2-cf5e-49e7-8b06-3e73843a30ba@group-E2A1BE1294D8-SegmentedRaftLog:OPENED:c-1:lastnull, conf=conf: {index: -1, cur=peers:[98b1311b-33ed-441a-9d1f-284a1b8d0a39|127.0.0.1:15595, 3ef2c69f-b325-49e4-8b40-b7dfff9ecdd0|127.0.0.1:15604, 9be8d1c2-cf5e-49e7-8b06-3e73843a30ba|127.0.0.1:15613]|listeners:[], old=null}
2024-08-09 18:21:07,302 [98b1311b-33ed-441a-9d1f-284a1b8d0a39@group-E2A1BE1294D8-LeaderElection147] INFO  server.RaftServer$Division (RaftServerImpl.java:setFirstElection(549)) - 98b1311b-33ed-441a-9d1f-284a1b8d0a39@group-E2A1BE1294D8: set firstElectionSinceStartup to false for REJECTED
2024-08-09 18:21:07,339 [3ef2c69f-b325-49e4-8b40-b7dfff9ecdd0@group-E2A1BE1294D8-FollowerState] INFO  impl.FollowerState (FollowerState.java:run(144)) - 3ef2c69f-b325-49e4-8b40-b7dfff9ecdd0@group-E2A1BE1294D8-FollowerState: change to CANDIDATE, lastRpcElapsedTime:5148450798ns, electionTimeout:5148ms
2024-08-09 18:21:07,340 [3ef2c69f-b325-49e4-8b40-b7dfff9ecdd0@group-E2A1BE1294D8-FollowerState] INFO  impl.RoleInfo (RoleInfo.java:shutdownFollowerState(119)) - 3ef2c69f-b325-49e4-8b40-b7dfff9ecdd0: shutdown 3ef2c69f-b325-49e4-8b40-b7dfff9ecdd0@group-E2A1BE1294D8-FollowerState
2024-08-09 18:21:07,340 [3ef2c69f-b325-49e4-8b40-b7dfff9ecdd0@group-E2A1BE1294D8-FollowerState] INFO  server.RaftServer$Division (RaftServerImpl.java:setRole(376)) - 3ef2c69f-b325-49e4-8b40-b7dfff9ecdd0@group-E2A1BE1294D8: changes role from  FOLLOWER to CANDIDATE at term 0 for changeToCandidate
2024-08-09 18:21:07,340 [3ef2c69f-b325-49e4-8b40-b7dfff9ecdd0@group-E2A1BE1294D8-FollowerState] INFO  server.RaftServerConfigKeys (ConfUtils.java:logGet(46)) - raft.server.leaderelection.pre-vote = true (default)
2024-08-09 18:21:07,340 [3ef2c69f-b325-49e4-8b40-b7dfff9ecdd0@group-E2A1BE1294D8-FollowerState] INFO  impl.RoleInfo (RoleInfo.java:updateAndGet(148)) - 3ef2c69f-b325-49e4-8b40-b7dfff9ecdd0: start 3ef2c69f-b325-49e4-8b40-b7dfff9ecdd0@group-E2A1BE1294D8-LeaderElection148
2024-08-09 18:21:07,340 [3ef2c69f-b325-49e4-8b40-b7dfff9ecdd0@group-E2A1BE1294D8-LeaderElection148] INFO  impl.LeaderElection (LeaderElection.java:askForVotes(321)) - 3ef2c69f-b325-49e4-8b40-b7dfff9ecdd0@group-E2A1BE1294D8-LeaderElection148 PRE_VOTE round 0: submit vote requests at term 0 for conf: {index: -1, cur=peers:[98b1311b-33ed-441a-9d1f-284a1b8d0a39|127.0.0.1:15595, 3ef2c69f-b325-49e4-8b40-b7dfff9ecdd0|127.0.0.1:15604, 9be8d1c2-cf5e-49e7-8b06-3e73843a30ba|127.0.0.1:15613]|listeners:[], old=null}
2024-08-09 18:21:07,341 [3ef2c69f-b325-49e4-8b40-b7dfff9ecdd0@group-E2A1BE1294D8-LeaderElection148-1] INFO  server.GrpcServerProtocolClient (GrpcServerProtocolClient.java:<init>(65)) - Build channel for 98b1311b-33ed-441a-9d1f-284a1b8d0a39|127.0.0.1:15595
2024-08-09 18:21:07,341 [3ef2c69f-b325-49e4-8b40-b7dfff9ecdd0@group-E2A1BE1294D8-LeaderElection148-2] INFO  server.GrpcServerProtocolClient (GrpcServerProtocolClient.java:<init>(65)) - Build channel for 9be8d1c2-cf5e-49e7-8b06-3e73843a30ba|127.0.0.1:15613
2024-08-09 18:21:07,341 [3ef2c69f-b325-49e4-8b40-b7dfff9ecdd0@group-E2A1BE1294D8-LeaderElection148] INFO  server.RaftServerConfigKeys (ConfUtils.java:logFallback(53)) - raft.server.rpc.first-election.timeout.min = 5s (fallback to raft.server.rpc.timeout.min)
2024-08-09 18:21:07,341 [3ef2c69f-b325-49e4-8b40-b7dfff9ecdd0@group-E2A1BE1294D8-LeaderElection148] INFO  server.RaftServerConfigKeys (ConfUtils.java:logFallback(53)) - raft.server.rpc.first-election.timeout.max = 5200ms (fallback to raft.server.rpc.timeout.max)
2024-08-09 18:21:07,344 [grpc-default-executor-2] INFO  server.RaftServer$Division (RaftServerImpl.java:requestVote(1416)) - 9be8d1c2-cf5e-49e7-8b06-3e73843a30ba@group-E2A1BE1294D8: receive requestVote(PRE_VOTE, 3ef2c69f-b325-49e4-8b40-b7dfff9ecdd0, group-E2A1BE1294D8, 0, (t:0, i:0))
2024-08-09 18:21:07,344 [grpc-default-executor-2] INFO  impl.VoteContext (VoteContext.java:log(49)) - 9be8d1c2-cf5e-49e7-8b06-3e73843a30ba@group-E2A1BE1294D8-FOLLOWER: accept PRE_VOTE from 3ef2c69f-b325-49e4-8b40-b7dfff9ecdd0: our priority 0 <= candidate's priority 1
2024-08-09 18:21:07,344 [grpc-default-executor-2] INFO  server.RaftServer$Division (RaftServerImpl.java:requestVote(1449)) - 9be8d1c2-cf5e-49e7-8b06-3e73843a30ba@group-E2A1BE1294D8 replies to PRE_VOTE vote request: 3ef2c69f-b325-49e4-8b40-b7dfff9ecdd0<-9be8d1c2-cf5e-49e7-8b06-3e73843a30ba#0:OK-t0. Peer's state: 9be8d1c2-cf5e-49e7-8b06-3e73843a30ba@group-E2A1BE1294D8:t0, leader=null, voted=, raftlog=Memoized:9be8d1c2-cf5e-49e7-8b06-3e73843a30ba@group-E2A1BE1294D8-SegmentedRaftLog:OPENED:c-1:lastnull, conf=conf: {index: -1, cur=peers:[98b1311b-33ed-441a-9d1f-284a1b8d0a39|127.0.0.1:15595, 3ef2c69f-b325-49e4-8b40-b7dfff9ecdd0|127.0.0.1:15604, 9be8d1c2-cf5e-49e7-8b06-3e73843a30ba|127.0.0.1:15613]|listeners:[], old=null}
2024-08-09 18:21:07,344 [grpc-default-executor-2] INFO  server.RaftServer$Division (RaftServerImpl.java:requestVote(1416)) - 98b1311b-33ed-441a-9d1f-284a1b8d0a39@group-E2A1BE1294D8: receive requestVote(PRE_VOTE, 3ef2c69f-b325-49e4-8b40-b7dfff9ecdd0, group-E2A1BE1294D8, 0, (t:0, i:0))
2024-08-09 18:21:07,344 [grpc-default-executor-2] INFO  impl.VoteContext (VoteContext.java:log(49)) - 98b1311b-33ed-441a-9d1f-284a1b8d0a39@group-E2A1BE1294D8-FOLLOWER: accept PRE_VOTE from 3ef2c69f-b325-49e4-8b40-b7dfff9ecdd0: our priority 0 <= candidate's priority 1
2024-08-09 18:21:07,344 [grpc-default-executor-2] INFO  server.RaftServer$Division (RaftServerImpl.java:requestVote(1449)) - 98b1311b-33ed-441a-9d1f-284a1b8d0a39@group-E2A1BE1294D8 replies to PRE_VOTE vote request: 3ef2c69f-b325-49e4-8b40-b7dfff9ecdd0<-98b1311b-33ed-441a-9d1f-284a1b8d0a39#0:OK-t0. Peer's state: 98b1311b-33ed-441a-9d1f-284a1b8d0a39@group-E2A1BE1294D8:t0, leader=null, voted=, raftlog=Memoized:98b1311b-33ed-441a-9d1f-284a1b8d0a39@group-E2A1BE1294D8-SegmentedRaftLog:OPENED:c-1:lastnull, conf=conf: {index: -1, cur=peers:[98b1311b-33ed-441a-9d1f-284a1b8d0a39|127.0.0.1:15595, 3ef2c69f-b325-49e4-8b40-b7dfff9ecdd0|127.0.0.1:15604, 9be8d1c2-cf5e-49e7-8b06-3e73843a30ba|127.0.0.1:15613]|listeners:[], old=null}
2024-08-09 18:21:07,345 [3ef2c69f-b325-49e4-8b40-b7dfff9ecdd0@group-E2A1BE1294D8-LeaderElection148] INFO  impl.LeaderElection (LeaderElection.java:logAndReturn(89)) - 3ef2c69f-b325-49e4-8b40-b7dfff9ecdd0@group-E2A1BE1294D8-LeaderElection148: PRE_VOTE PASSED received 1 response(s) and 0 exception(s):
2024-08-09 18:21:07,345 [3ef2c69f-b325-49e4-8b40-b7dfff9ecdd0@group-E2A1BE1294D8-LeaderElection148] INFO  impl.LeaderElection (LeaderElection.java:logAndReturn(93)) -   Response 0: 3ef2c69f-b325-49e4-8b40-b7dfff9ecdd0<-9be8d1c2-cf5e-49e7-8b06-3e73843a30ba#0:OK-t0
2024-08-09 18:21:07,345 [3ef2c69f-b325-49e4-8b40-b7dfff9ecdd0@group-E2A1BE1294D8-LeaderElection148] INFO  impl.LeaderElection (LeaderElection.java:askForVotes(323)) - 3ef2c69f-b325-49e4-8b40-b7dfff9ecdd0@group-E2A1BE1294D8-LeaderElection148 PRE_VOTE round 0: result PASSED
2024-08-09 18:21:07,346 [3ef2c69f-b325-49e4-8b40-b7dfff9ecdd0@group-E2A1BE1294D8-LeaderElection148] INFO  impl.LeaderElection (LeaderElection.java:askForVotes(321)) - 3ef2c69f-b325-49e4-8b40-b7dfff9ecdd0@group-E2A1BE1294D8-LeaderElection148 ELECTION round 0: submit vote requests at term 1 for conf: {index: -1, cur=peers:[98b1311b-33ed-441a-9d1f-284a1b8d0a39|127.0.0.1:15595, 3ef2c69f-b325-49e4-8b40-b7dfff9ecdd0|127.0.0.1:15604, 9be8d1c2-cf5e-49e7-8b06-3e73843a30ba|127.0.0.1:15613]|listeners:[], old=null}
2024-08-09 18:21:07,347 [3ef2c69f-b325-49e4-8b40-b7dfff9ecdd0@group-E2A1BE1294D8-LeaderElection148] INFO  server.RaftServerConfigKeys (ConfUtils.java:logFallback(53)) - raft.server.rpc.first-election.timeout.min = 5s (fallback to raft.server.rpc.timeout.min)
2024-08-09 18:21:07,347 [3ef2c69f-b325-49e4-8b40-b7dfff9ecdd0@group-E2A1BE1294D8-LeaderElection148] INFO  server.RaftServerConfigKeys (ConfUtils.java:logFallback(53)) - raft.server.rpc.first-election.timeout.max = 5200ms (fallback to raft.server.rpc.timeout.max)
2024-08-09 18:21:07,347 [grpc-default-executor-2] INFO  server.RaftServer$Division (RaftServerImpl.java:requestVote(1416)) - 98b1311b-33ed-441a-9d1f-284a1b8d0a39@group-E2A1BE1294D8: receive requestVote(ELECTION, 3ef2c69f-b325-49e4-8b40-b7dfff9ecdd0, group-E2A1BE1294D8, 1, (t:0, i:0))
2024-08-09 18:21:07,347 [grpc-default-executor-2] INFO  impl.VoteContext (VoteContext.java:log(49)) - 98b1311b-33ed-441a-9d1f-284a1b8d0a39@group-E2A1BE1294D8-FOLLOWER: accept ELECTION from 3ef2c69f-b325-49e4-8b40-b7dfff9ecdd0: our priority 0 <= candidate's priority 1
2024-08-09 18:21:07,347 [grpc-default-executor-2] INFO  server.RaftServer$Division (RaftServerImpl.java:setRole(376)) - 98b1311b-33ed-441a-9d1f-284a1b8d0a39@group-E2A1BE1294D8: changes role from  FOLLOWER to FOLLOWER at term 1 for candidate:3ef2c69f-b325-49e4-8b40-b7dfff9ecdd0
2024-08-09 18:21:07,347 [grpc-default-executor-2] INFO  impl.RoleInfo (RoleInfo.java:shutdownFollowerState(119)) - 98b1311b-33ed-441a-9d1f-284a1b8d0a39: shutdown 98b1311b-33ed-441a-9d1f-284a1b8d0a39@group-E2A1BE1294D8-FollowerState
2024-08-09 18:21:07,347 [grpc-default-executor-2] INFO  impl.RoleInfo (RoleInfo.java:updateAndGet(148)) - 98b1311b-33ed-441a-9d1f-284a1b8d0a39: start 98b1311b-33ed-441a-9d1f-284a1b8d0a39@group-E2A1BE1294D8-FollowerState
2024-08-09 18:21:07,347 [grpc-default-executor-3] INFO  server.RaftServer$Division (RaftServerImpl.java:requestVote(1416)) - 9be8d1c2-cf5e-49e7-8b06-3e73843a30ba@group-E2A1BE1294D8: receive requestVote(ELECTION, 3ef2c69f-b325-49e4-8b40-b7dfff9ecdd0, group-E2A1BE1294D8, 1, (t:0, i:0))
2024-08-09 18:21:07,348 [98b1311b-33ed-441a-9d1f-284a1b8d0a39@group-E2A1BE1294D8-FollowerState] INFO  impl.FollowerState (FollowerState.java:run(153)) - 98b1311b-33ed-441a-9d1f-284a1b8d0a39@group-E2A1BE1294D8-FollowerState was interrupted
2024-08-09 18:21:07,348 [grpc-default-executor-3] INFO  impl.VoteContext (VoteContext.java:log(49)) - 9be8d1c2-cf5e-49e7-8b06-3e73843a30ba@group-E2A1BE1294D8-FOLLOWER: accept ELECTION from 3ef2c69f-b325-49e4-8b40-b7dfff9ecdd0: our priority 0 <= candidate's priority 1
2024-08-09 18:21:07,348 [grpc-default-executor-3] INFO  server.RaftServer$Division (RaftServerImpl.java:setRole(376)) - 9be8d1c2-cf5e-49e7-8b06-3e73843a30ba@group-E2A1BE1294D8: changes role from  FOLLOWER to FOLLOWER at term 1 for candidate:3ef2c69f-b325-49e4-8b40-b7dfff9ecdd0
2024-08-09 18:21:07,348 [grpc-default-executor-3] INFO  impl.RoleInfo (RoleInfo.java:shutdownFollowerState(119)) - 9be8d1c2-cf5e-49e7-8b06-3e73843a30ba: shutdown 9be8d1c2-cf5e-49e7-8b06-3e73843a30ba@group-E2A1BE1294D8-FollowerState
2024-08-09 18:21:07,348 [grpc-default-executor-3] INFO  impl.RoleInfo (RoleInfo.java:updateAndGet(148)) - 9be8d1c2-cf5e-49e7-8b06-3e73843a30ba: start 9be8d1c2-cf5e-49e7-8b06-3e73843a30ba@group-E2A1BE1294D8-FollowerState
2024-08-09 18:21:07,348 [grpc-default-executor-3] INFO  server.RaftServer$Division (RaftServerImpl.java:setFirstElection(549)) - 9be8d1c2-cf5e-49e7-8b06-3e73843a30ba@group-E2A1BE1294D8: set firstElectionSinceStartup to false for candidate:3ef2c69f-b325-49e4-8b40-b7dfff9ecdd0
2024-08-09 18:21:07,348 [9be8d1c2-cf5e-49e7-8b06-3e73843a30ba@group-E2A1BE1294D8-FollowerState] INFO  impl.FollowerState (FollowerState.java:run(153)) - 9be8d1c2-cf5e-49e7-8b06-3e73843a30ba@group-E2A1BE1294D8-FollowerState was interrupted
2024-08-09 18:21:07,349 [grpc-default-executor-2] INFO  server.RaftServer$Division (RaftServerImpl.java:requestVote(1449)) - 98b1311b-33ed-441a-9d1f-284a1b8d0a39@group-E2A1BE1294D8 replies to ELECTION vote request: 3ef2c69f-b325-49e4-8b40-b7dfff9ecdd0<-98b1311b-33ed-441a-9d1f-284a1b8d0a39#0:OK-t1. Peer's state: 98b1311b-33ed-441a-9d1f-284a1b8d0a39@group-E2A1BE1294D8:t1, leader=null, voted=3ef2c69f-b325-49e4-8b40-b7dfff9ecdd0, raftlog=Memoized:98b1311b-33ed-441a-9d1f-284a1b8d0a39@group-E2A1BE1294D8-SegmentedRaftLog:OPENED:c-1:lastnull, conf=conf: {index: -1, cur=peers:[98b1311b-33ed-441a-9d1f-284a1b8d0a39|127.0.0.1:15595, 3ef2c69f-b325-49e4-8b40-b7dfff9ecdd0|127.0.0.1:15604, 9be8d1c2-cf5e-49e7-8b06-3e73843a30ba|127.0.0.1:15613]|listeners:[], old=null}
2024-08-09 18:21:07,349 [grpc-default-executor-3] INFO  server.RaftServer$Division (RaftServerImpl.java:requestVote(1449)) - 9be8d1c2-cf5e-49e7-8b06-3e73843a30ba@group-E2A1BE1294D8 replies to ELECTION vote request: 3ef2c69f-b325-49e4-8b40-b7dfff9ecdd0<-9be8d1c2-cf5e-49e7-8b06-3e73843a30ba#0:OK-t1. Peer's state: 9be8d1c2-cf5e-49e7-8b06-3e73843a30ba@group-E2A1BE1294D8:t1, leader=null, voted=3ef2c69f-b325-49e4-8b40-b7dfff9ecdd0, raftlog=Memoized:9be8d1c2-cf5e-49e7-8b06-3e73843a30ba@group-E2A1BE1294D8-SegmentedRaftLog:OPENED:c-1:lastnull, conf=conf: {index: -1, cur=peers:[98b1311b-33ed-441a-9d1f-284a1b8d0a39|127.0.0.1:15595, 3ef2c69f-b325-49e4-8b40-b7dfff9ecdd0|127.0.0.1:15604, 9be8d1c2-cf5e-49e7-8b06-3e73843a30ba|127.0.0.1:15613]|listeners:[], old=null}
2024-08-09 18:21:07,349 [3ef2c69f-b325-49e4-8b40-b7dfff9ecdd0@group-E2A1BE1294D8-LeaderElection148] INFO  impl.LeaderElection (LeaderElection.java:logAndReturn(89)) - 3ef2c69f-b325-49e4-8b40-b7dfff9ecdd0@group-E2A1BE1294D8-LeaderElection148: ELECTION PASSED received 1 response(s) and 0 exception(s):
2024-08-09 18:21:07,349 [3ef2c69f-b325-49e4-8b40-b7dfff9ecdd0@group-E2A1BE1294D8-LeaderElection148] INFO  impl.LeaderElection (LeaderElection.java:logAndReturn(93)) -   Response 0: 3ef2c69f-b325-49e4-8b40-b7dfff9ecdd0<-98b1311b-33ed-441a-9d1f-284a1b8d0a39#0:OK-t1
2024-08-09 18:21:07,349 [3ef2c69f-b325-49e4-8b40-b7dfff9ecdd0@group-E2A1BE1294D8-LeaderElection148] INFO  impl.LeaderElection (LeaderElection.java:askForVotes(323)) - 3ef2c69f-b325-49e4-8b40-b7dfff9ecdd0@group-E2A1BE1294D8-LeaderElection148 ELECTION round 0: result PASSED
2024-08-09 18:21:07,350 [3ef2c69f-b325-49e4-8b40-b7dfff9ecdd0@group-E2A1BE1294D8-LeaderElection148] INFO  impl.RoleInfo (RoleInfo.java:shutdownLeaderElection(139)) - 3ef2c69f-b325-49e4-8b40-b7dfff9ecdd0: shutdown 3ef2c69f-b325-49e4-8b40-b7dfff9ecdd0@group-E2A1BE1294D8-LeaderElection148
2024-08-09 18:21:07,350 [3ef2c69f-b325-49e4-8b40-b7dfff9ecdd0@group-E2A1BE1294D8-LeaderElection148] INFO  server.RaftServer$Division (RaftServerImpl.java:setRole(376)) - 3ef2c69f-b325-49e4-8b40-b7dfff9ecdd0@group-E2A1BE1294D8: changes role from CANDIDATE to LEADER at term 1 for changeToLeader
2024-08-09 18:21:07,350 [3ef2c69f-b325-49e4-8b40-b7dfff9ecdd0@group-E2A1BE1294D8-LeaderElection148] INFO  server.RaftServerConfigKeys (ConfUtils.java:logGet(46)) - raft.server.staging.catchup.gap = 1000 (default)
2024-08-09 18:21:07,350 [3ef2c69f-b325-49e4-8b40-b7dfff9ecdd0@group-E2A1BE1294D8-LeaderElection148] INFO  server.RaftServerConfigKeys (ConfUtils.java:logGet(46)) - raft.server.write.element-limit = 1024 (custom)
2024-08-09 18:21:07,350 [3ef2c69f-b325-49e4-8b40-b7dfff9ecdd0@group-E2A1BE1294D8-LeaderElection148] INFO  server.RaftServerConfigKeys (ConfUtils.java:logGet(46)) - raft.server.write.byte-limit = 1024 M (=1073741824) (custom)
2024-08-09 18:21:07,350 [3ef2c69f-b325-49e4-8b40-b7dfff9ecdd0@group-E2A1BE1294D8-LeaderElection148] INFO  server.RaftServerConfigKeys (ConfUtils.java:logGet(46)) - raft.server.watch.timeout = 3000ms (custom)
2024-08-09 18:21:07,350 [3ef2c69f-b325-49e4-8b40-b7dfff9ecdd0@group-E2A1BE1294D8-LeaderElection148] INFO  server.RaftServerConfigKeys (ConfUtils.java:logGet(46)) - raft.server.watch.timeout.denomination = 1s (default)
2024-08-09 18:21:07,350 [3ef2c69f-b325-49e4-8b40-b7dfff9ecdd0@group-E2A1BE1294D8-LeaderElection148] INFO  server.RaftServerConfigKeys (ConfUtils.java:logGet(46)) - raft.server.watch.element-limit = 65536 (default)
2024-08-09 18:21:07,350 [3ef2c69f-b325-49e4-8b40-b7dfff9ecdd0@group-E2A1BE1294D8-LeaderElection148] INFO  server.RaftServerConfigKeys (ConfUtils.java:logGet(46)) - raft.server.read.leader.lease.enabled = false (default)
2024-08-09 18:21:07,350 [3ef2c69f-b325-49e4-8b40-b7dfff9ecdd0@group-E2A1BE1294D8-LeaderElection148] INFO  server.RaftServerConfigKeys (ConfUtils.java:logGet(46)) - raft.server.read.leader.lease.timeout.ratio = 0.9 (default)
2024-08-09 18:21:07,351 [3ef2c69f-b325-49e4-8b40-b7dfff9ecdd0@group-E2A1BE1294D8-LeaderElection148] INFO  server.RaftServerConfigKeys (ConfUtils.java:logGet(46)) - raft.server.rpc.timeout.min = 5s (custom)
2024-08-09 18:21:07,351 [3ef2c69f-b325-49e4-8b40-b7dfff9ecdd0@group-E2A1BE1294D8-LeaderElection148] INFO  server.RaftServerConfigKeys (ConfUtils.java:logGet(46)) - raft.server.log.log-metadata.enabled = true (default)
2024-08-09 18:21:07,351 [3ef2c69f-b325-49e4-8b40-b7dfff9ecdd0@group-E2A1BE1294D8-LeaderElection148] INFO  server.RaftServerConfigKeys (ConfUtils.java:logGet(46)) - raft.server.write.element-limit = 1024 (custom)
2024-08-09 18:21:07,351 [3ef2c69f-b325-49e4-8b40-b7dfff9ecdd0@group-E2A1BE1294D8-LeaderElection148] INFO  server.RaftServerConfigKeys (ConfUtils.java:logGet(46)) - raft.server.write.follower.gap.ratio.max = -1.0 (default)
2024-08-09 18:21:07,352 [3ef2c69f-b325-49e4-8b40-b7dfff9ecdd0@group-E2A1BE1294D8-LeaderElection148] INFO  server.RaftServerConfigKeys (ConfUtils.java:logGet(46)) - raft.server.log.appender.snapshot.chunk.size.max = 16MB (=16777216) (default)
2024-08-09 18:21:07,352 [3ef2c69f-b325-49e4-8b40-b7dfff9ecdd0@group-E2A1BE1294D8-LeaderElection148] INFO  server.RaftServerConfigKeys (ConfUtils.java:logGet(46)) - raft.server.log.appender.buffer.byte-limit = 8388608 (custom)
2024-08-09 18:21:07,352 [3ef2c69f-b325-49e4-8b40-b7dfff9ecdd0@group-E2A1BE1294D8-LeaderElection148] INFO  server.RaftServerConfigKeys (ConfUtils.java:logGet(46)) - raft.server.log.appender.buffer.element-limit = 1024 (custom)
2024-08-09 18:21:07,352 [3ef2c69f-b325-49e4-8b40-b7dfff9ecdd0@group-E2A1BE1294D8-LeaderElection148] INFO  server.RaftServerConfigKeys (ConfUtils.java:logGet(46)) - raft.server.log.appender.wait-time.min = 0ms (custom)
2024-08-09 18:21:07,352 [3ef2c69f-b325-49e4-8b40-b7dfff9ecdd0@group-E2A1BE1294D8-LeaderElection148] INFO  grpc.GrpcConfigKeys (ConfUtils.java:logGet(46)) - raft.grpc.server.leader.outstanding.appends.max = 8 (default)
2024-08-09 18:21:07,352 [3ef2c69f-b325-49e4-8b40-b7dfff9ecdd0@group-E2A1BE1294D8-LeaderElection148] INFO  server.RaftServerConfigKeys (ConfUtils.java:logGet(46)) - raft.server.rpc.request.timeout = 3000ms (default)
2024-08-09 18:21:07,352 [3ef2c69f-b325-49e4-8b40-b7dfff9ecdd0@group-E2A1BE1294D8-LeaderElection148] INFO  grpc.GrpcConfigKeys (ConfUtils.java:logGet(46)) - raft.grpc.server.install_snapshot.request.element-limit = 8 (default)
2024-08-09 18:21:07,352 [3ef2c69f-b325-49e4-8b40-b7dfff9ecdd0@group-E2A1BE1294D8-LeaderElection148] INFO  grpc.GrpcConfigKeys (ConfUtils.java:logGet(46)) - raft.grpc.server.install_snapshot.request.timeout = 3000ms (default)
2024-08-09 18:21:07,352 [3ef2c69f-b325-49e4-8b40-b7dfff9ecdd0@group-E2A1BE1294D8-LeaderElection148] INFO  grpc.GrpcConfigKeys (ConfUtils.java:logGet(46)) - raft.grpc.server.log-message.batch.duration = 5s (default)
2024-08-09 18:21:07,352 [3ef2c69f-b325-49e4-8b40-b7dfff9ecdd0@group-E2A1BE1294D8-LeaderElection148] INFO  server.RaftServerConfigKeys (ConfUtils.java:logGet(46)) - raft.server.log.appender.install.snapshot.enabled = false (custom)
2024-08-09 18:21:07,352 [3ef2c69f-b325-49e4-8b40-b7dfff9ecdd0@group-E2A1BE1294D8-LeaderElection148] INFO  grpc.GrpcConfigKeys (ConfUtils.java:logGet(46)) - raft.grpc.server.heartbeat.channel = true (default)
2024-08-09 18:21:07,353 [3ef2c69f-b325-49e4-8b40-b7dfff9ecdd0@group-E2A1BE1294D8-LeaderElection148] INFO  server.RaftServerConfigKeys (ConfUtils.java:logGet(46)) - raft.server.log.appender.snapshot.chunk.size.max = 16MB (=16777216) (default)
2024-08-09 18:21:07,353 [3ef2c69f-b325-49e4-8b40-b7dfff9ecdd0@group-E2A1BE1294D8-LeaderElection148] INFO  server.RaftServerConfigKeys (ConfUtils.java:logGet(46)) - raft.server.log.appender.buffer.byte-limit = 8388608 (custom)
2024-08-09 18:21:07,353 [3ef2c69f-b325-49e4-8b40-b7dfff9ecdd0@group-E2A1BE1294D8-LeaderElection148] INFO  server.RaftServerConfigKeys (ConfUtils.java:logGet(46)) - raft.server.log.appender.buffer.element-limit = 1024 (custom)
2024-08-09 18:21:07,353 [3ef2c69f-b325-49e4-8b40-b7dfff9ecdd0@group-E2A1BE1294D8-LeaderElection148] INFO  server.RaftServerConfigKeys (ConfUtils.java:logGet(46)) - raft.server.log.appender.wait-time.min = 0ms (custom)
2024-08-09 18:21:07,353 [3ef2c69f-b325-49e4-8b40-b7dfff9ecdd0@group-E2A1BE1294D8-LeaderElection148] INFO  grpc.GrpcConfigKeys (ConfUtils.java:logGet(46)) - raft.grpc.server.leader.outstanding.appends.max = 8 (default)
2024-08-09 18:21:07,353 [3ef2c69f-b325-49e4-8b40-b7dfff9ecdd0@group-E2A1BE1294D8-LeaderElection148] INFO  server.RaftServerConfigKeys (ConfUtils.java:logGet(46)) - raft.server.rpc.request.timeout = 3000ms (default)
2024-08-09 18:21:07,353 [3ef2c69f-b325-49e4-8b40-b7dfff9ecdd0@group-E2A1BE1294D8-LeaderElection148] INFO  grpc.GrpcConfigKeys (ConfUtils.java:logGet(46)) - raft.grpc.server.install_snapshot.request.element-limit = 8 (default)
2024-08-09 18:21:07,353 [3ef2c69f-b325-49e4-8b40-b7dfff9ecdd0@group-E2A1BE1294D8-LeaderElection148] INFO  grpc.GrpcConfigKeys (ConfUtils.java:logGet(46)) - raft.grpc.server.install_snapshot.request.timeout = 3000ms (default)
2024-08-09 18:21:07,353 [3ef2c69f-b325-49e4-8b40-b7dfff9ecdd0@group-E2A1BE1294D8-LeaderElection148] INFO  grpc.GrpcConfigKeys (ConfUtils.java:logGet(46)) - raft.grpc.server.log-message.batch.duration = 5s (default)
2024-08-09 18:21:07,353 [3ef2c69f-b325-49e4-8b40-b7dfff9ecdd0@group-E2A1BE1294D8-LeaderElection148] INFO  server.RaftServerConfigKeys (ConfUtils.java:logGet(46)) - raft.server.log.appender.install.snapshot.enabled = false (custom)
2024-08-09 18:21:07,353 [3ef2c69f-b325-49e4-8b40-b7dfff9ecdd0@group-E2A1BE1294D8-LeaderElection148] INFO  grpc.GrpcConfigKeys (ConfUtils.java:logGet(46)) - raft.grpc.server.heartbeat.channel = true (default)
2024-08-09 18:21:07,353 [3ef2c69f-b325-49e4-8b40-b7dfff9ecdd0@group-E2A1BE1294D8-LeaderElection148] INFO  impl.RoleInfo (RoleInfo.java:updateAndGet(148)) - 3ef2c69f-b325-49e4-8b40-b7dfff9ecdd0: start 3ef2c69f-b325-49e4-8b40-b7dfff9ecdd0@group-E2A1BE1294D8-LeaderStateImpl
2024-08-09 18:21:07,353 [3ef2c69f-b325-49e4-8b40-b7dfff9ecdd0@group-E2A1BE1294D8-LeaderElection148] INFO  server.RaftServer$Division (RaftServerImpl.java:setFirstElection(549)) - 3ef2c69f-b325-49e4-8b40-b7dfff9ecdd0@group-E2A1BE1294D8: set firstElectionSinceStartup to false for becomeLeader
2024-08-09 18:21:07,353 [3ef2c69f-b325-49e4-8b40-b7dfff9ecdd0@group-E2A1BE1294D8-LeaderElection148] INFO  ratis.XceiverServerRatis (XceiverServerRatis.java:handleLeaderChangedNotification(947)) - Leader change notification received for group: group-E2A1BE1294D8 with new leaderId: 3ef2c69f-b325-49e4-8b40-b7dfff9ecdd0
2024-08-09 18:21:07,353 [3ef2c69f-b325-49e4-8b40-b7dfff9ecdd0@group-E2A1BE1294D8-LeaderElection148] INFO  server.RaftServer$Division (ServerState.java:setLeader(272)) - 3ef2c69f-b325-49e4-8b40-b7dfff9ecdd0@group-E2A1BE1294D8: change Leader from null to 3ef2c69f-b325-49e4-8b40-b7dfff9ecdd0 at term 1 for becomeLeader, leader elected after 5170ms
2024-08-09 18:21:07,353 [3ef2c69f-b325-49e4-8b40-b7dfff9ecdd0@group-E2A1BE1294D8-LeaderElection148] INFO  segmented.SegmentedRaftLogWorker (SegmentedRaftLogWorker.java:startLogSegment(433)) - 3ef2c69f-b325-49e4-8b40-b7dfff9ecdd0@group-E2A1BE1294D8-SegmentedRaftLogWorker: Starting segment from index:0
2024-08-09 18:21:07,354 [3ef2c69f-b325-49e4-8b40-b7dfff9ecdd0@group-E2A1BE1294D8-LeaderElection148] INFO  server.RaftServer$Division (ServerState.java:setRaftConf(386)) - 3ef2c69f-b325-49e4-8b40-b7dfff9ecdd0@group-E2A1BE1294D8: set configuration conf: {index: 0, cur=peers:[98b1311b-33ed-441a-9d1f-284a1b8d0a39|127.0.0.1:15595, 3ef2c69f-b325-49e4-8b40-b7dfff9ecdd0|127.0.0.1:15604, 9be8d1c2-cf5e-49e7-8b06-3e73843a30ba|127.0.0.1:15613]|listeners:[], old=null}
2024-08-09 18:21:07,354 [3ef2c69f-b325-49e4-8b40-b7dfff9ecdd0@group-E2A1BE1294D8-SegmentedRaftLogWorker] INFO  segmented.BufferedWriteChannel (BufferedWriteChannel.java:open(61)) - open log_inprogress_0 at position 0
2024-08-09 18:21:07,354 [EventQueue-PipelineReportForPipelineReportHandler] INFO  pipeline.PipelineReportHandler (PipelineReportHandler.java:processPipelineReport(136)) - Opened pipeline PipelineID=ebfa0b04-bdee-4a3e-8eb5-e2a1be1294d8
2024-08-09 18:21:07,363 [9be8d1c2-cf5e-49e7-8b06-3e73843a30ba-server-thread1] INFO  ratis.XceiverServerRatis (XceiverServerRatis.java:handleLeaderChangedNotification(947)) - Leader change notification received for group: group-E2A1BE1294D8 with new leaderId: 3ef2c69f-b325-49e4-8b40-b7dfff9ecdd0
2024-08-09 18:21:07,364 [9be8d1c2-cf5e-49e7-8b06-3e73843a30ba-server-thread1] INFO  server.RaftServer$Division (ServerState.java:setLeader(272)) - 9be8d1c2-cf5e-49e7-8b06-3e73843a30ba@group-E2A1BE1294D8: change Leader from null to 3ef2c69f-b325-49e4-8b40-b7dfff9ecdd0 at term 1 for appendEntries, leader elected after 5166ms
2024-08-09 18:21:07,364 [98b1311b-33ed-441a-9d1f-284a1b8d0a39-server-thread1] INFO  ratis.XceiverServerRatis (XceiverServerRatis.java:handleLeaderChangedNotification(947)) - Leader change notification received for group: group-E2A1BE1294D8 with new leaderId: 3ef2c69f-b325-49e4-8b40-b7dfff9ecdd0
2024-08-09 18:21:07,364 [98b1311b-33ed-441a-9d1f-284a1b8d0a39-server-thread1] INFO  server.RaftServer$Division (ServerState.java:setLeader(272)) - 98b1311b-33ed-441a-9d1f-284a1b8d0a39@group-E2A1BE1294D8: change Leader from null to 3ef2c69f-b325-49e4-8b40-b7dfff9ecdd0 at term 1 for appendEntries, leader elected after 5193ms
2024-08-09 18:21:07,364 [3ef2c69f-b325-49e4-8b40-b7dfff9ecdd0@group-E2A1BE1294D8-SegmentedRaftLogWorker] INFO  segmented.SegmentedRaftLogWorker (SegmentedRaftLogWorker.java:execute(637)) - 3ef2c69f-b325-49e4-8b40-b7dfff9ecdd0@group-E2A1BE1294D8-SegmentedRaftLogWorker: created new log segment /home/runner/work/ozone/ozone/hadoop-ozone/integration-test/target/test-dir/MiniOzoneClusterImpl-d43ea6a6-39cf-404b-af74-5e65bec6c33b/ozone-meta/datanode-2/ratis/ebfa0b04-bdee-4a3e-8eb5-e2a1be1294d8/current/log_inprogress_0
2024-08-09 18:21:07,365 [98b1311b-33ed-441a-9d1f-284a1b8d0a39-server-thread2] INFO  server.RaftServer$Division (ServerState.java:setRaftConf(386)) - 98b1311b-33ed-441a-9d1f-284a1b8d0a39@group-E2A1BE1294D8: set configuration conf: {index: 0, cur=peers:[98b1311b-33ed-441a-9d1f-284a1b8d0a39|127.0.0.1:15595, 3ef2c69f-b325-49e4-8b40-b7dfff9ecdd0|127.0.0.1:15604, 9be8d1c2-cf5e-49e7-8b06-3e73843a30ba|127.0.0.1:15613]|listeners:[], old=null}
2024-08-09 18:21:07,365 [98b1311b-33ed-441a-9d1f-284a1b8d0a39-server-thread2] INFO  segmented.SegmentedRaftLogWorker (SegmentedRaftLogWorker.java:startLogSegment(433)) - 98b1311b-33ed-441a-9d1f-284a1b8d0a39@group-E2A1BE1294D8-SegmentedRaftLogWorker: Starting segment from index:0
2024-08-09 18:21:07,365 [9be8d1c2-cf5e-49e7-8b06-3e73843a30ba-server-thread2] INFO  server.RaftServer$Division (ServerState.java:setRaftConf(386)) - 9be8d1c2-cf5e-49e7-8b06-3e73843a30ba@group-E2A1BE1294D8: set configuration conf: {index: 0, cur=peers:[98b1311b-33ed-441a-9d1f-284a1b8d0a39|127.0.0.1:15595, 3ef2c69f-b325-49e4-8b40-b7dfff9ecdd0|127.0.0.1:15604, 9be8d1c2-cf5e-49e7-8b06-3e73843a30ba|127.0.0.1:15613]|listeners:[], old=null}
2024-08-09 18:21:07,366 [98b1311b-33ed-441a-9d1f-284a1b8d0a39@group-E2A1BE1294D8-SegmentedRaftLogWorker] INFO  segmented.BufferedWriteChannel (BufferedWriteChannel.java:open(61)) - open log_inprogress_0 at position 0
2024-08-09 18:21:07,366 [9be8d1c2-cf5e-49e7-8b06-3e73843a30ba-server-thread2] INFO  segmented.SegmentedRaftLogWorker (SegmentedRaftLogWorker.java:startLogSegment(433)) - 9be8d1c2-cf5e-49e7-8b06-3e73843a30ba@group-E2A1BE1294D8-SegmentedRaftLogWorker: Starting segment from index:0
2024-08-09 18:21:07,366 [9be8d1c2-cf5e-49e7-8b06-3e73843a30ba@group-E2A1BE1294D8-SegmentedRaftLogWorker] INFO  segmented.BufferedWriteChannel (BufferedWriteChannel.java:open(61)) - open log_inprogress_0 at position 0
2024-08-09 18:21:07,378 [98b1311b-33ed-441a-9d1f-284a1b8d0a39@group-E2A1BE1294D8-SegmentedRaftLogWorker] INFO  segmented.SegmentedRaftLogWorker (SegmentedRaftLogWorker.java:execute(637)) - 98b1311b-33ed-441a-9d1f-284a1b8d0a39@group-E2A1BE1294D8-SegmentedRaftLogWorker: created new log segment /home/runner/work/ozone/ozone/hadoop-ozone/integration-test/target/test-dir/MiniOzoneClusterImpl-d43ea6a6-39cf-404b-af74-5e65bec6c33b/ozone-meta/datanode-1/ratis/ebfa0b04-bdee-4a3e-8eb5-e2a1be1294d8/current/log_inprogress_0
2024-08-09 18:21:07,379 [9be8d1c2-cf5e-49e7-8b06-3e73843a30ba@group-E2A1BE1294D8-SegmentedRaftLogWorker] INFO  segmented.SegmentedRaftLogWorker (SegmentedRaftLogWorker.java:execute(637)) - 9be8d1c2-cf5e-49e7-8b06-3e73843a30ba@group-E2A1BE1294D8-SegmentedRaftLogWorker: created new log segment /home/runner/work/ozone/ozone/hadoop-ozone/integration-test/target/test-dir/MiniOzoneClusterImpl-d43ea6a6-39cf-404b-af74-5e65bec6c33b/ozone-meta/datanode-3/ratis/ebfa0b04-bdee-4a3e-8eb5-e2a1be1294d8/current/log_inprogress_0
2024-08-09 18:21:07,381 [3ef2c69f-b325-49e4-8b40-b7dfff9ecdd0@group-E2A1BE1294D8-StateMachineUpdater] INFO  server.RaftServer$Division (LeaderStateImpl.java:checkStartIndex(316)) - Leader 3ef2c69f-b325-49e4-8b40-b7dfff9ecdd0@group-E2A1BE1294D8-LeaderStateImpl is ready since appliedIndex == startIndex == 0
2024-08-09 18:21:07,421 [3ef2c69f-b325-49e4-8b40-b7dfff9ecdd0@group-EB4772A83867-FollowerState] INFO  impl.FollowerState (FollowerState.java:run(144)) - 3ef2c69f-b325-49e4-8b40-b7dfff9ecdd0@group-EB4772A83867-FollowerState: change to CANDIDATE, lastRpcElapsedTime:5124537238ns, electionTimeout:5124ms
2024-08-09 18:21:07,421 [3ef2c69f-b325-49e4-8b40-b7dfff9ecdd0@group-EB4772A83867-FollowerState] INFO  impl.RoleInfo (RoleInfo.java:shutdownFollowerState(119)) - 3ef2c69f-b325-49e4-8b40-b7dfff9ecdd0: shutdown 3ef2c69f-b325-49e4-8b40-b7dfff9ecdd0@group-EB4772A83867-FollowerState
2024-08-09 18:21:07,421 [3ef2c69f-b325-49e4-8b40-b7dfff9ecdd0@group-EB4772A83867-FollowerState] INFO  server.RaftServer$Division (RaftServerImpl.java:setRole(376)) - 3ef2c69f-b325-49e4-8b40-b7dfff9ecdd0@group-EB4772A83867: changes role from  FOLLOWER to CANDIDATE at term 0 for changeToCandidate
2024-08-09 18:21:07,421 [3ef2c69f-b325-49e4-8b40-b7dfff9ecdd0@group-EB4772A83867-FollowerState] INFO  server.RaftServerConfigKeys (ConfUtils.java:logGet(46)) - raft.server.leaderelection.pre-vote = true (default)
2024-08-09 18:21:07,421 [3ef2c69f-b325-49e4-8b40-b7dfff9ecdd0@group-EB4772A83867-FollowerState] INFO  impl.RoleInfo (RoleInfo.java:updateAndGet(148)) - 3ef2c69f-b325-49e4-8b40-b7dfff9ecdd0: start 3ef2c69f-b325-49e4-8b40-b7dfff9ecdd0@group-EB4772A83867-LeaderElection149
2024-08-09 18:21:07,422 [3ef2c69f-b325-49e4-8b40-b7dfff9ecdd0@group-EB4772A83867-LeaderElection149] INFO  impl.LeaderElection (LeaderElection.java:askForVotes(321)) - 3ef2c69f-b325-49e4-8b40-b7dfff9ecdd0@group-EB4772A83867-LeaderElection149 PRE_VOTE round 0: submit vote requests at term 0 for conf: {index: -1, cur=peers:[3ef2c69f-b325-49e4-8b40-b7dfff9ecdd0|127.0.0.1:15604]|listeners:[], old=null}
2024-08-09 18:21:07,422 [3ef2c69f-b325-49e4-8b40-b7dfff9ecdd0@group-EB4772A83867-LeaderElection149] INFO  impl.LeaderElection (LeaderElection.java:askForVotes(323)) - 3ef2c69f-b325-49e4-8b40-b7dfff9ecdd0@group-EB4772A83867-LeaderElection149 PRE_VOTE round 0: result PASSED (term=0)
2024-08-09 18:21:07,423 [3ef2c69f-b325-49e4-8b40-b7dfff9ecdd0@group-EB4772A83867-LeaderElection149] INFO  impl.LeaderElection (LeaderElection.java:askForVotes(321)) - 3ef2c69f-b325-49e4-8b40-b7dfff9ecdd0@group-EB4772A83867-LeaderElection149 ELECTION round 0: submit vote requests at term 1 for conf: {index: -1, cur=peers:[3ef2c69f-b325-49e4-8b40-b7dfff9ecdd0|127.0.0.1:15604]|listeners:[], old=null}
2024-08-09 18:21:07,423 [3ef2c69f-b325-49e4-8b40-b7dfff9ecdd0@group-EB4772A83867-LeaderElection149] INFO  impl.LeaderElection (LeaderElection.java:askForVotes(323)) - 3ef2c69f-b325-49e4-8b40-b7dfff9ecdd0@group-EB4772A83867-LeaderElection149 ELECTION round 0: result PASSED (term=1)
2024-08-09 18:21:07,423 [3ef2c69f-b325-49e4-8b40-b7dfff9ecdd0@group-EB4772A83867-LeaderElection149] INFO  impl.RoleInfo (RoleInfo.java:shutdownLeaderElection(139)) - 3ef2c69f-b325-49e4-8b40-b7dfff9ecdd0: shutdown 3ef2c69f-b325-49e4-8b40-b7dfff9ecdd0@group-EB4772A83867-LeaderElection149
2024-08-09 18:21:07,423 [3ef2c69f-b325-49e4-8b40-b7dfff9ecdd0@group-EB4772A83867-LeaderElection149] INFO  server.RaftServer$Division (RaftServerImpl.java:setRole(376)) - 3ef2c69f-b325-49e4-8b40-b7dfff9ecdd0@group-EB4772A83867: changes role from CANDIDATE to LEADER at term 1 for changeToLeader
2024-08-09 18:21:07,423 [3ef2c69f-b325-49e4-8b40-b7dfff9ecdd0@group-EB4772A83867-LeaderElection149] INFO  server.RaftServerConfigKeys (ConfUtils.java:logGet(46)) - raft.server.staging.catchup.gap = 1000 (default)
2024-08-09 18:21:07,423 [3ef2c69f-b325-49e4-8b40-b7dfff9ecdd0@group-EB4772A83867-LeaderElection149] INFO  server.RaftServerConfigKeys (ConfUtils.java:logGet(46)) - raft.server.write.element-limit = 1024 (custom)
2024-08-09 18:21:07,423 [3ef2c69f-b325-49e4-8b40-b7dfff9ecdd0@group-EB4772A83867-LeaderElection149] INFO  server.RaftServerConfigKeys (ConfUtils.java:logGet(46)) - raft.server.write.byte-limit = 1024 M (=1073741824) (custom)
2024-08-09 18:21:07,424 [3ef2c69f-b325-49e4-8b40-b7dfff9ecdd0@group-EB4772A83867-LeaderElection149] INFO  server.RaftServerConfigKeys (ConfUtils.java:logGet(46)) - raft.server.watch.timeout = 3000ms (custom)
2024-08-09 18:21:07,424 [3ef2c69f-b325-49e4-8b40-b7dfff9ecdd0@group-EB4772A83867-LeaderElection149] INFO  server.RaftServerConfigKeys (ConfUtils.java:logGet(46)) - raft.server.watch.timeout.denomination = 1s (default)
2024-08-09 18:21:07,424 [3ef2c69f-b325-49e4-8b40-b7dfff9ecdd0@group-EB4772A83867-LeaderElection149] INFO  server.RaftServerConfigKeys (ConfUtils.java:logGet(46)) - raft.server.watch.element-limit = 65536 (default)
2024-08-09 18:21:07,424 [3ef2c69f-b325-49e4-8b40-b7dfff9ecdd0@group-EB4772A83867-LeaderElection149] INFO  server.RaftServerConfigKeys (ConfUtils.java:logGet(46)) - raft.server.read.leader.lease.enabled = false (default)
2024-08-09 18:21:07,424 [3ef2c69f-b325-49e4-8b40-b7dfff9ecdd0@group-EB4772A83867-LeaderElection149] INFO  server.RaftServerConfigKeys (ConfUtils.java:logGet(46)) - raft.server.read.leader.lease.timeout.ratio = 0.9 (default)
2024-08-09 18:21:07,424 [3ef2c69f-b325-49e4-8b40-b7dfff9ecdd0@group-EB4772A83867-LeaderElection149] INFO  server.RaftServerConfigKeys (ConfUtils.java:logGet(46)) - raft.server.rpc.timeout.min = 5s (custom)
2024-08-09 18:21:07,424 [3ef2c69f-b325-49e4-8b40-b7dfff9ecdd0@group-EB4772A83867-LeaderElection149] INFO  server.RaftServerConfigKeys (ConfUtils.java:logGet(46)) - raft.server.log.log-metadata.enabled = true (default)
2024-08-09 18:21:07,424 [3ef2c69f-b325-49e4-8b40-b7dfff9ecdd0@group-EB4772A83867-LeaderElection149] INFO  server.RaftServerConfigKeys (ConfUtils.java:logGet(46)) - raft.server.write.element-limit = 1024 (custom)
2024-08-09 18:21:07,424 [3ef2c69f-b325-49e4-8b40-b7dfff9ecdd0@group-EB4772A83867-LeaderElection149] INFO  server.RaftServerConfigKeys (ConfUtils.java:logGet(46)) - raft.server.write.follower.gap.ratio.max = -1.0 (default)
2024-08-09 18:21:07,424 [3ef2c69f-b325-49e4-8b40-b7dfff9ecdd0@group-EB4772A83867-LeaderElection149] INFO  impl.RoleInfo (RoleInfo.java:updateAndGet(148)) - 3ef2c69f-b325-49e4-8b40-b7dfff9ecdd0: start 3ef2c69f-b325-49e4-8b40-b7dfff9ecdd0@group-EB4772A83867-LeaderStateImpl
2024-08-09 18:21:07,424 [3ef2c69f-b325-49e4-8b40-b7dfff9ecdd0@group-EB4772A83867-LeaderElection149] INFO  server.RaftServer$Division (RaftServerImpl.java:setFirstElection(549)) - 3ef2c69f-b325-49e4-8b40-b7dfff9ecdd0@group-EB4772A83867: set firstElectionSinceStartup to false for becomeLeader
2024-08-09 18:21:07,424 [3ef2c69f-b325-49e4-8b40-b7dfff9ecdd0@group-EB4772A83867-LeaderElection149] INFO  ratis.XceiverServerRatis (XceiverServerRatis.java:handleLeaderChangedNotification(947)) - Leader change notification received for group: group-EB4772A83867 with new leaderId: 3ef2c69f-b325-49e4-8b40-b7dfff9ecdd0
2024-08-09 18:21:07,424 [3ef2c69f-b325-49e4-8b40-b7dfff9ecdd0@group-EB4772A83867-LeaderElection149] INFO  server.RaftServer$Division (ServerState.java:setLeader(272)) - 3ef2c69f-b325-49e4-8b40-b7dfff9ecdd0@group-EB4772A83867: change Leader from null to 3ef2c69f-b325-49e4-8b40-b7dfff9ecdd0 at term 1 for becomeLeader, leader elected after 5137ms
2024-08-09 18:21:07,425 [3ef2c69f-b325-49e4-8b40-b7dfff9ecdd0@group-EB4772A83867-LeaderElection149] INFO  segmented.SegmentedRaftLogWorker (SegmentedRaftLogWorker.java:startLogSegment(433)) - 3ef2c69f-b325-49e4-8b40-b7dfff9ecdd0@group-EB4772A83867-SegmentedRaftLogWorker: Starting segment from index:0
2024-08-09 18:21:07,425 [3ef2c69f-b325-49e4-8b40-b7dfff9ecdd0@group-EB4772A83867-LeaderElection149] INFO  server.RaftServer$Division (ServerState.java:setRaftConf(386)) - 3ef2c69f-b325-49e4-8b40-b7dfff9ecdd0@group-EB4772A83867: set configuration conf: {index: 0, cur=peers:[3ef2c69f-b325-49e4-8b40-b7dfff9ecdd0|127.0.0.1:15604]|listeners:[], old=null}
2024-08-09 18:21:07,425 [3ef2c69f-b325-49e4-8b40-b7dfff9ecdd0@group-EB4772A83867-SegmentedRaftLogWorker] INFO  segmented.BufferedWriteChannel (BufferedWriteChannel.java:open(61)) - open log_inprogress_0 at position 0
2024-08-09 18:21:07,435 [3ef2c69f-b325-49e4-8b40-b7dfff9ecdd0@group-EB4772A83867-SegmentedRaftLogWorker] INFO  segmented.SegmentedRaftLogWorker (SegmentedRaftLogWorker.java:execute(637)) - 3ef2c69f-b325-49e4-8b40-b7dfff9ecdd0@group-EB4772A83867-SegmentedRaftLogWorker: created new log segment /home/runner/work/ozone/ozone/hadoop-ozone/integration-test/target/test-dir/MiniOzoneClusterImpl-d43ea6a6-39cf-404b-af74-5e65bec6c33b/ozone-meta/datanode-2/ratis/aaac9c0d-7fcc-44a2-85f0-eb4772a83867/current/log_inprogress_0
2024-08-09 18:21:07,437 [3ef2c69f-b325-49e4-8b40-b7dfff9ecdd0@group-EB4772A83867-StateMachineUpdater] INFO  server.RaftServer$Division (LeaderStateImpl.java:checkStartIndex(316)) - Leader 3ef2c69f-b325-49e4-8b40-b7dfff9ecdd0@group-EB4772A83867-LeaderStateImpl is ready since appliedIndex == startIndex == 0
2024-08-09 18:21:07,555 [9be8d1c2-cf5e-49e7-8b06-3e73843a30ba@group-36466027F2AC-FollowerState] INFO  impl.FollowerState (FollowerState.java:run(144)) - 9be8d1c2-cf5e-49e7-8b06-3e73843a30ba@group-36466027F2AC-FollowerState: change to CANDIDATE, lastRpcElapsedTime:5037395066ns, electionTimeout:5037ms
2024-08-09 18:21:07,555 [9be8d1c2-cf5e-49e7-8b06-3e73843a30ba@group-36466027F2AC-FollowerState] INFO  impl.RoleInfo (RoleInfo.java:shutdownFollowerState(119)) - 9be8d1c2-cf5e-49e7-8b06-3e73843a30ba: shutdown 9be8d1c2-cf5e-49e7-8b06-3e73843a30ba@group-36466027F2AC-FollowerState
2024-08-09 18:21:07,555 [9be8d1c2-cf5e-49e7-8b06-3e73843a30ba@group-36466027F2AC-FollowerState] INFO  server.RaftServer$Division (RaftServerImpl.java:setRole(376)) - 9be8d1c2-cf5e-49e7-8b06-3e73843a30ba@group-36466027F2AC: changes role from  FOLLOWER to CANDIDATE at term 0 for changeToCandidate
2024-08-09 18:21:07,556 [9be8d1c2-cf5e-49e7-8b06-3e73843a30ba@group-36466027F2AC-FollowerState] INFO  server.RaftServerConfigKeys (ConfUtils.java:logGet(46)) - raft.server.leaderelection.pre-vote = true (default)
2024-08-09 18:21:07,556 [9be8d1c2-cf5e-49e7-8b06-3e73843a30ba@group-36466027F2AC-FollowerState] INFO  impl.RoleInfo (RoleInfo.java:updateAndGet(148)) - 9be8d1c2-cf5e-49e7-8b06-3e73843a30ba: start 9be8d1c2-cf5e-49e7-8b06-3e73843a30ba@group-36466027F2AC-LeaderElection150
2024-08-09 18:21:07,556 [9be8d1c2-cf5e-49e7-8b06-3e73843a30ba@group-36466027F2AC-LeaderElection150] INFO  impl.LeaderElection (LeaderElection.java:askForVotes(321)) - 9be8d1c2-cf5e-49e7-8b06-3e73843a30ba@group-36466027F2AC-LeaderElection150 PRE_VOTE round 0: submit vote requests at term 0 for conf: {index: -1, cur=peers:[9be8d1c2-cf5e-49e7-8b06-3e73843a30ba|127.0.0.1:15613]|listeners:[], old=null}
2024-08-09 18:21:07,556 [9be8d1c2-cf5e-49e7-8b06-3e73843a30ba@group-36466027F2AC-LeaderElection150] INFO  impl.LeaderElection (LeaderElection.java:askForVotes(323)) - 9be8d1c2-cf5e-49e7-8b06-3e73843a30ba@group-36466027F2AC-LeaderElection150 PRE_VOTE round 0: result PASSED (term=0)
2024-08-09 18:21:07,557 [9be8d1c2-cf5e-49e7-8b06-3e73843a30ba@group-36466027F2AC-LeaderElection150] INFO  impl.LeaderElection (LeaderElection.java:askForVotes(321)) - 9be8d1c2-cf5e-49e7-8b06-3e73843a30ba@group-36466027F2AC-LeaderElection150 ELECTION round 0: submit vote requests at term 1 for conf: {index: -1, cur=peers:[9be8d1c2-cf5e-49e7-8b06-3e73843a30ba|127.0.0.1:15613]|listeners:[], old=null}
2024-08-09 18:21:07,557 [9be8d1c2-cf5e-49e7-8b06-3e73843a30ba@group-36466027F2AC-LeaderElection150] INFO  impl.LeaderElection (LeaderElection.java:askForVotes(323)) - 9be8d1c2-cf5e-49e7-8b06-3e73843a30ba@group-36466027F2AC-LeaderElection150 ELECTION round 0: result PASSED (term=1)
2024-08-09 18:21:07,557 [9be8d1c2-cf5e-49e7-8b06-3e73843a30ba@group-36466027F2AC-LeaderElection150] INFO  impl.RoleInfo (RoleInfo.java:shutdownLeaderElection(139)) - 9be8d1c2-cf5e-49e7-8b06-3e73843a30ba: shutdown 9be8d1c2-cf5e-49e7-8b06-3e73843a30ba@group-36466027F2AC-LeaderElection150
2024-08-09 18:21:07,557 [9be8d1c2-cf5e-49e7-8b06-3e73843a30ba@group-36466027F2AC-LeaderElection150] INFO  server.RaftServer$Division (RaftServerImpl.java:setRole(376)) - 9be8d1c2-cf5e-49e7-8b06-3e73843a30ba@group-36466027F2AC: changes role from CANDIDATE to LEADER at term 1 for changeToLeader
2024-08-09 18:21:07,557 [9be8d1c2-cf5e-49e7-8b06-3e73843a30ba@group-36466027F2AC-LeaderElection150] INFO  server.RaftServerConfigKeys (ConfUtils.java:logGet(46)) - raft.server.staging.catchup.gap = 1000 (default)
2024-08-09 18:21:07,557 [9be8d1c2-cf5e-49e7-8b06-3e73843a30ba@group-36466027F2AC-LeaderElection150] INFO  server.RaftServerConfigKeys (ConfUtils.java:logGet(46)) - raft.server.write.element-limit = 1024 (custom)
2024-08-09 18:21:07,558 [9be8d1c2-cf5e-49e7-8b06-3e73843a30ba@group-36466027F2AC-LeaderElection150] INFO  server.RaftServerConfigKeys (ConfUtils.java:logGet(46)) - raft.server.write.byte-limit = 1024 M (=1073741824) (custom)
2024-08-09 18:21:07,558 [9be8d1c2-cf5e-49e7-8b06-3e73843a30ba@group-36466027F2AC-LeaderElection150] INFO  server.RaftServerConfigKeys (ConfUtils.java:logGet(46)) - raft.server.watch.timeout = 3000ms (custom)
2024-08-09 18:21:07,558 [9be8d1c2-cf5e-49e7-8b06-3e73843a30ba@group-36466027F2AC-LeaderElection150] INFO  server.RaftServerConfigKeys (ConfUtils.java:logGet(46)) - raft.server.watch.timeout.denomination = 1s (default)
2024-08-09 18:21:07,558 [9be8d1c2-cf5e-49e7-8b06-3e73843a30ba@group-36466027F2AC-LeaderElection150] INFO  server.RaftServerConfigKeys (ConfUtils.java:logGet(46)) - raft.server.watch.element-limit = 65536 (default)
2024-08-09 18:21:07,558 [9be8d1c2-cf5e-49e7-8b06-3e73843a30ba@group-36466027F2AC-LeaderElection150] INFO  server.RaftServerConfigKeys (ConfUtils.java:logGet(46)) - raft.server.read.leader.lease.enabled = false (default)
2024-08-09 18:21:07,558 [9be8d1c2-cf5e-49e7-8b06-3e73843a30ba@group-36466027F2AC-LeaderElection150] INFO  server.RaftServerConfigKeys (ConfUtils.java:logGet(46)) - raft.server.read.leader.lease.timeout.ratio = 0.9 (default)
2024-08-09 18:21:07,558 [9be8d1c2-cf5e-49e7-8b06-3e73843a30ba@group-36466027F2AC-LeaderElection150] INFO  server.RaftServerConfigKeys (ConfUtils.java:logGet(46)) - raft.server.rpc.timeout.min = 5s (custom)
2024-08-09 18:21:07,558 [9be8d1c2-cf5e-49e7-8b06-3e73843a30ba@group-36466027F2AC-LeaderElection150] INFO  server.RaftServerConfigKeys (ConfUtils.java:logGet(46)) - raft.server.log.log-metadata.enabled = true (default)
2024-08-09 18:21:07,558 [9be8d1c2-cf5e-49e7-8b06-3e73843a30ba@group-36466027F2AC-LeaderElection150] INFO  server.RaftServerConfigKeys (ConfUtils.java:logGet(46)) - raft.server.write.element-limit = 1024 (custom)
2024-08-09 18:21:07,558 [9be8d1c2-cf5e-49e7-8b06-3e73843a30ba@group-36466027F2AC-LeaderElection150] INFO  server.RaftServerConfigKeys (ConfUtils.java:logGet(46)) - raft.server.write.follower.gap.ratio.max = -1.0 (default)
2024-08-09 18:21:07,558 [9be8d1c2-cf5e-49e7-8b06-3e73843a30ba@group-36466027F2AC-LeaderElection150] INFO  impl.RoleInfo (RoleInfo.java:updateAndGet(148)) - 9be8d1c2-cf5e-49e7-8b06-3e73843a30ba: start 9be8d1c2-cf5e-49e7-8b06-3e73843a30ba@group-36466027F2AC-LeaderStateImpl
2024-08-09 18:21:07,558 [9be8d1c2-cf5e-49e7-8b06-3e73843a30ba@group-36466027F2AC-LeaderElection150] INFO  server.RaftServer$Division (RaftServerImpl.java:setFirstElection(549)) - 9be8d1c2-cf5e-49e7-8b06-3e73843a30ba@group-36466027F2AC: set firstElectionSinceStartup to false for becomeLeader
2024-08-09 18:21:07,558 [9be8d1c2-cf5e-49e7-8b06-3e73843a30ba@group-36466027F2AC-LeaderElection150] INFO  ratis.XceiverServerRatis (XceiverServerRatis.java:handleLeaderChangedNotification(947)) - Leader change notification received for group: group-36466027F2AC with new leaderId: 9be8d1c2-cf5e-49e7-8b06-3e73843a30ba
2024-08-09 18:21:07,559 [9be8d1c2-cf5e-49e7-8b06-3e73843a30ba@group-36466027F2AC-LeaderElection150] INFO  server.RaftServer$Division (ServerState.java:setLeader(272)) - 9be8d1c2-cf5e-49e7-8b06-3e73843a30ba@group-36466027F2AC: change Leader from null to 9be8d1c2-cf5e-49e7-8b06-3e73843a30ba at term 1 for becomeLeader, leader elected after 5048ms
2024-08-09 18:21:07,559 [9be8d1c2-cf5e-49e7-8b06-3e73843a30ba@group-36466027F2AC-LeaderElection150] INFO  segmented.SegmentedRaftLogWorker (SegmentedRaftLogWorker.java:startLogSegment(433)) - 9be8d1c2-cf5e-49e7-8b06-3e73843a30ba@group-36466027F2AC-SegmentedRaftLogWorker: Starting segment from index:0
2024-08-09 18:21:07,559 [9be8d1c2-cf5e-49e7-8b06-3e73843a30ba@group-36466027F2AC-SegmentedRaftLogWorker] INFO  segmented.BufferedWriteChannel (BufferedWriteChannel.java:open(61)) - open log_inprogress_0 at position 0
2024-08-09 18:21:07,564 [9be8d1c2-cf5e-49e7-8b06-3e73843a30ba@group-36466027F2AC-LeaderElection150] INFO  server.RaftServer$Division (ServerState.java:setRaftConf(386)) - 9be8d1c2-cf5e-49e7-8b06-3e73843a30ba@group-36466027F2AC: set configuration conf: {index: 0, cur=peers:[9be8d1c2-cf5e-49e7-8b06-3e73843a30ba|127.0.0.1:15613]|listeners:[], old=null}
2024-08-09 18:21:07,568 [9be8d1c2-cf5e-49e7-8b06-3e73843a30ba@group-36466027F2AC-SegmentedRaftLogWorker] INFO  segmented.SegmentedRaftLogWorker (SegmentedRaftLogWorker.java:execute(637)) - 9be8d1c2-cf5e-49e7-8b06-3e73843a30ba@group-36466027F2AC-SegmentedRaftLogWorker: created new log segment /home/runner/work/ozone/ozone/hadoop-ozone/integration-test/target/test-dir/MiniOzoneClusterImpl-d43ea6a6-39cf-404b-af74-5e65bec6c33b/ozone-meta/datanode-3/ratis/0a45b1b2-bb08-4842-b7a2-36466027f2ac/current/log_inprogress_0
2024-08-09 18:21:07,569 [9be8d1c2-cf5e-49e7-8b06-3e73843a30ba@group-36466027F2AC-StateMachineUpdater] INFO  server.RaftServer$Division (LeaderStateImpl.java:checkStartIndex(316)) - Leader 9be8d1c2-cf5e-49e7-8b06-3e73843a30ba@group-36466027F2AC-LeaderStateImpl is ready since appliedIndex == startIndex == 0
2024-08-09 18:21:07,876 [3c538fa1-1c2e-4857-863c-22038896ce66@group-8F46AD45B620-FollowerState] INFO  impl.FollowerState (FollowerState.java:run(144)) - 3c538fa1-1c2e-4857-863c-22038896ce66@group-8F46AD45B620-FollowerState: change to CANDIDATE, lastRpcElapsedTime:5132425858ns, electionTimeout:5132ms
2024-08-09 18:21:07,877 [3c538fa1-1c2e-4857-863c-22038896ce66@group-8F46AD45B620-FollowerState] INFO  impl.RoleInfo (RoleInfo.java:shutdownFollowerState(119)) - 3c538fa1-1c2e-4857-863c-22038896ce66: shutdown 3c538fa1-1c2e-4857-863c-22038896ce66@group-8F46AD45B620-FollowerState
2024-08-09 18:21:07,877 [3c538fa1-1c2e-4857-863c-22038896ce66@group-8F46AD45B620-FollowerState] INFO  server.RaftServer$Division (RaftServerImpl.java:setRole(376)) - 3c538fa1-1c2e-4857-863c-22038896ce66@group-8F46AD45B620: changes role from  FOLLOWER to CANDIDATE at term 0 for changeToCandidate
2024-08-09 18:21:07,877 [3c538fa1-1c2e-4857-863c-22038896ce66@group-8F46AD45B620-FollowerState] INFO  server.RaftServerConfigKeys (ConfUtils.java:logGet(46)) - raft.server.leaderelection.pre-vote = true (default)
2024-08-09 18:21:07,877 [3c538fa1-1c2e-4857-863c-22038896ce66@group-8F46AD45B620-FollowerState] INFO  impl.RoleInfo (RoleInfo.java:updateAndGet(148)) - 3c538fa1-1c2e-4857-863c-22038896ce66: start 3c538fa1-1c2e-4857-863c-22038896ce66@group-8F46AD45B620-LeaderElection151
2024-08-09 18:21:07,877 [3c538fa1-1c2e-4857-863c-22038896ce66@group-8F46AD45B620-LeaderElection151] INFO  impl.LeaderElection (LeaderElection.java:askForVotes(321)) - 3c538fa1-1c2e-4857-863c-22038896ce66@group-8F46AD45B620-LeaderElection151 PRE_VOTE round 0: submit vote requests at term 0 for conf: {index: -1, cur=peers:[3c538fa1-1c2e-4857-863c-22038896ce66|127.0.0.1:15622]|listeners:[], old=null}
2024-08-09 18:21:07,877 [3c538fa1-1c2e-4857-863c-22038896ce66@group-8F46AD45B620-LeaderElection151] INFO  impl.LeaderElection (LeaderElection.java:askForVotes(323)) - 3c538fa1-1c2e-4857-863c-22038896ce66@group-8F46AD45B620-LeaderElection151 PRE_VOTE round 0: result PASSED (term=0)
2024-08-09 18:21:07,879 [3c538fa1-1c2e-4857-863c-22038896ce66@group-8F46AD45B620-LeaderElection151] INFO  impl.LeaderElection (LeaderElection.java:askForVotes(321)) - 3c538fa1-1c2e-4857-863c-22038896ce66@group-8F46AD45B620-LeaderElection151 ELECTION round 0: submit vote requests at term 1 for conf: {index: -1, cur=peers:[3c538fa1-1c2e-4857-863c-22038896ce66|127.0.0.1:15622]|listeners:[], old=null}
2024-08-09 18:21:07,879 [3c538fa1-1c2e-4857-863c-22038896ce66@group-8F46AD45B620-LeaderElection151] INFO  impl.LeaderElection (LeaderElection.java:askForVotes(323)) - 3c538fa1-1c2e-4857-863c-22038896ce66@group-8F46AD45B620-LeaderElection151 ELECTION round 0: result PASSED (term=1)
2024-08-09 18:21:07,879 [3c538fa1-1c2e-4857-863c-22038896ce66@group-8F46AD45B620-LeaderElection151] INFO  impl.RoleInfo (RoleInfo.java:shutdownLeaderElection(139)) - 3c538fa1-1c2e-4857-863c-22038896ce66: shutdown 3c538fa1-1c2e-4857-863c-22038896ce66@group-8F46AD45B620-LeaderElection151
2024-08-09 18:21:07,879 [3c538fa1-1c2e-4857-863c-22038896ce66@group-8F46AD45B620-LeaderElection151] INFO  server.RaftServer$Division (RaftServerImpl.java:setRole(376)) - 3c538fa1-1c2e-4857-863c-22038896ce66@group-8F46AD45B620: changes role from CANDIDATE to LEADER at term 1 for changeToLeader
2024-08-09 18:21:07,879 [3c538fa1-1c2e-4857-863c-22038896ce66@group-8F46AD45B620-LeaderElection151] INFO  server.RaftServerConfigKeys (ConfUtils.java:logGet(46)) - raft.server.staging.catchup.gap = 1000 (default)
2024-08-09 18:21:07,879 [3c538fa1-1c2e-4857-863c-22038896ce66@group-8F46AD45B620-LeaderElection151] INFO  server.RaftServerConfigKeys (ConfUtils.java:logGet(46)) - raft.server.write.element-limit = 1024 (custom)
2024-08-09 18:21:07,879 [3c538fa1-1c2e-4857-863c-22038896ce66@group-8F46AD45B620-LeaderElection151] INFO  server.RaftServerConfigKeys (ConfUtils.java:logGet(46)) - raft.server.write.byte-limit = 1024 M (=1073741824) (custom)
2024-08-09 18:21:07,879 [3c538fa1-1c2e-4857-863c-22038896ce66@group-8F46AD45B620-LeaderElection151] INFO  server.RaftServerConfigKeys (ConfUtils.java:logGet(46)) - raft.server.watch.timeout = 3000ms (custom)
2024-08-09 18:21:07,879 [3c538fa1-1c2e-4857-863c-22038896ce66@group-8F46AD45B620-LeaderElection151] INFO  server.RaftServerConfigKeys (ConfUtils.java:logGet(46)) - raft.server.watch.timeout.denomination = 1s (default)
2024-08-09 18:21:07,879 [3c538fa1-1c2e-4857-863c-22038896ce66@group-8F46AD45B620-LeaderElection151] INFO  server.RaftServerConfigKeys (ConfUtils.java:logGet(46)) - raft.server.watch.element-limit = 65536 (default)
2024-08-09 18:21:07,880 [3c538fa1-1c2e-4857-863c-22038896ce66@group-8F46AD45B620-LeaderElection151] INFO  server.RaftServerConfigKeys (ConfUtils.java:logGet(46)) - raft.server.read.leader.lease.enabled = false (default)
2024-08-09 18:21:07,880 [3c538fa1-1c2e-4857-863c-22038896ce66@group-8F46AD45B620-LeaderElection151] INFO  server.RaftServerConfigKeys (ConfUtils.java:logGet(46)) - raft.server.read.leader.lease.timeout.ratio = 0.9 (default)
2024-08-09 18:21:07,880 [3c538fa1-1c2e-4857-863c-22038896ce66@group-8F46AD45B620-LeaderElection151] INFO  server.RaftServerConfigKeys (ConfUtils.java:logGet(46)) - raft.server.rpc.timeout.min = 5s (custom)
2024-08-09 18:21:07,880 [3c538fa1-1c2e-4857-863c-22038896ce66@group-8F46AD45B620-LeaderElection151] INFO  server.RaftServerConfigKeys (ConfUtils.java:logGet(46)) - raft.server.log.log-metadata.enabled = true (default)
2024-08-09 18:21:07,880 [3c538fa1-1c2e-4857-863c-22038896ce66@group-8F46AD45B620-LeaderElection151] INFO  server.RaftServerConfigKeys (ConfUtils.java:logGet(46)) - raft.server.write.element-limit = 1024 (custom)
2024-08-09 18:21:07,880 [3c538fa1-1c2e-4857-863c-22038896ce66@group-8F46AD45B620-LeaderElection151] INFO  server.RaftServerConfigKeys (ConfUtils.java:logGet(46)) - raft.server.write.follower.gap.ratio.max = -1.0 (default)
2024-08-09 18:21:07,880 [3c538fa1-1c2e-4857-863c-22038896ce66@group-8F46AD45B620-LeaderElection151] INFO  impl.RoleInfo (RoleInfo.java:updateAndGet(148)) - 3c538fa1-1c2e-4857-863c-22038896ce66: start 3c538fa1-1c2e-4857-863c-22038896ce66@group-8F46AD45B620-LeaderStateImpl
2024-08-09 18:21:07,880 [3c538fa1-1c2e-4857-863c-22038896ce66@group-8F46AD45B620-LeaderElection151] INFO  server.RaftServer$Division (RaftServerImpl.java:setFirstElection(549)) - 3c538fa1-1c2e-4857-863c-22038896ce66@group-8F46AD45B620: set firstElectionSinceStartup to false for becomeLeader
2024-08-09 18:21:07,880 [3c538fa1-1c2e-4857-863c-22038896ce66@group-8F46AD45B620-LeaderElection151] INFO  ratis.XceiverServerRatis (XceiverServerRatis.java:handleLeaderChangedNotification(947)) - Leader change notification received for group: group-8F46AD45B620 with new leaderId: 3c538fa1-1c2e-4857-863c-22038896ce66
2024-08-09 18:21:07,880 [3c538fa1-1c2e-4857-863c-22038896ce66@group-8F46AD45B620-LeaderElection151] INFO  server.RaftServer$Division (ServerState.java:setLeader(272)) - 3c538fa1-1c2e-4857-863c-22038896ce66@group-8F46AD45B620: change Leader from null to 3c538fa1-1c2e-4857-863c-22038896ce66 at term 1 for becomeLeader, leader elected after 5143ms
2024-08-09 18:21:07,880 [3c538fa1-1c2e-4857-863c-22038896ce66@group-8F46AD45B620-LeaderElection151] INFO  segmented.SegmentedRaftLogWorker (SegmentedRaftLogWorker.java:startLogSegment(433)) - 3c538fa1-1c2e-4857-863c-22038896ce66@group-8F46AD45B620-SegmentedRaftLogWorker: Starting segment from index:0
2024-08-09 18:21:07,880 [3c538fa1-1c2e-4857-863c-22038896ce66@group-8F46AD45B620-SegmentedRaftLogWorker] INFO  segmented.BufferedWriteChannel (BufferedWriteChannel.java:open(61)) - open log_inprogress_0 at position 0
2024-08-09 18:21:07,883 [3c538fa1-1c2e-4857-863c-22038896ce66@group-8F46AD45B620-LeaderElection151] INFO  server.RaftServer$Division (ServerState.java:setRaftConf(386)) - 3c538fa1-1c2e-4857-863c-22038896ce66@group-8F46AD45B620: set configuration conf: {index: 0, cur=peers:[3c538fa1-1c2e-4857-863c-22038896ce66|127.0.0.1:15622]|listeners:[], old=null}
2024-08-09 18:21:07,890 [3c538fa1-1c2e-4857-863c-22038896ce66@group-8F46AD45B620-SegmentedRaftLogWorker] INFO  segmented.SegmentedRaftLogWorker (SegmentedRaftLogWorker.java:execute(637)) - 3c538fa1-1c2e-4857-863c-22038896ce66@group-8F46AD45B620-SegmentedRaftLogWorker: created new log segment /home/runner/work/ozone/ozone/hadoop-ozone/integration-test/target/test-dir/MiniOzoneClusterImpl-d43ea6a6-39cf-404b-af74-5e65bec6c33b/ozone-meta/datanode-4/ratis/240efc40-5390-4818-8ad9-8f46ad45b620/current/log_inprogress_0
2024-08-09 18:21:07,892 [3c538fa1-1c2e-4857-863c-22038896ce66@group-8F46AD45B620-StateMachineUpdater] INFO  server.RaftServer$Division (LeaderStateImpl.java:checkStartIndex(316)) - Leader 3c538fa1-1c2e-4857-863c-22038896ce66@group-8F46AD45B620-LeaderStateImpl is ready since appliedIndex == startIndex == 0
2024-08-09 18:21:07,964 [main] INFO  ozone.MiniOzoneClusterImpl (MiniOzoneClusterImpl.java:lambda$waitForClusterToBeReady$0(198)) - Nodes are ready. Got 5 of 5 DN Heartbeats.
2024-08-09 18:21:07,965 [main] INFO  ozone.MiniOzoneClusterImpl (MiniOzoneClusterImpl.java:lambda$waitForClusterToBeReady$0(201)) - Cluster exits safe mode
2024-08-09 18:21:07,965 [main] INFO  ozone.MiniOzoneClusterImpl (MiniOzoneClusterImpl.java:lambda$waitForClusterToBeReady$0(203)) - SCM became leader
2024-08-09 18:21:07,969 [main] INFO  rpc.RpcClient (RpcClient.java:createVolume(474)) - Creating Volume: testblockoutputstream, with runner as owner and space quota set to -1 bytes, counts quota set to -1
2024-08-09 18:21:07,971 [om1-OMStateMachineApplyTransactionThread - 0] INFO  volume.OMVolumeCreateRequest (OMVolumeCreateRequest.java:validateAndUpdateCache(198)) - created volume:testblockoutputstream for user:runner
2024-08-09 18:21:07,973 [main] INFO  rpc.RpcClient (RpcClient.java:createBucket(700)) - Creating Bucket: testblockoutputstream/testblockoutputstream, with server-side default bucket layout, runner as owner, Versioning false, Storage Type set to DISK and Encryption set to false, Replication Type set to server-side default replication type, Namespace Quota set to -1, Space Quota set to -1 
2024-08-09 18:21:07,974 [om1-OMStateMachineApplyTransactionThread - 0] INFO  bucket.OMBucketCreateRequest (OMBucketCreateRequest.java:validateAndUpdateCache(293)) - created bucket: testblockoutputstream of layout FILE_SYSTEM_OPTIMIZED in volume: testblockoutputstream
2024-08-09 18:21:07,983 [IPC Server handler 2 on default port 15584] INFO  ha.SequenceIdGenerator (SequenceIdGenerator.java:getNextId(144)) - Allocate a batch for containerId, change lastId from 0 to 1000.
2024-08-09 18:21:07,983 [IPC Server handler 2 on default port 15584] WARN  ha.SequenceIdGenerator (SequenceIdGenerator.java:allocateBatch(257)) - Failed to allocate a batch for localId, expected lastId is 0, actual lastId is 113750153625600000.
2024-08-09 18:21:07,983 [IPC Server handler 2 on default port 15584] INFO  ha.SequenceIdGenerator (SequenceIdGenerator.java:getNextId(144)) - Allocate a batch for localId, change lastId from 113750153625600000 to 113750153625601000.
2024-08-09 18:21:07,988 [main] INFO  scm.XceiverClientRatis (XceiverClientRatis.java:<init>(140)) - WatchType ALL_COMMITTED. Majority 2, 
2024-08-09 18:21:08,050 [EventQueue-CloseContainerForCloseContainerEventHandler] INFO  container.CloseContainerEventHandler (CloseContainerEventHandler.java:onMessage(88)) - Close container Event triggered for container : #1, current state: OPEN
2024-08-09 18:21:08,051 [EventQueue-CloseContainerForCloseContainerEventHandler] INFO  container.CloseContainerEventHandler (CloseContainerEventHandler.java:onMessage(88)) - Close container Event triggered for container : #1, current state: CLOSING
2024-08-09 18:21:08,051 [EventQueue-CloseContainerForCloseContainerEventHandler] INFO  container.CloseContainerEventHandler (CloseContainerEventHandler.java:onMessage(88)) - Close container Event triggered for container : #1, current state: CLOSING
2024-08-09 18:21:08,158 [2a5f2f3f-c544-4432-8d42-fb85fe01dde8@group-E9E52F0C611C-FollowerState] INFO  impl.FollowerState (FollowerState.java:run(144)) - 2a5f2f3f-c544-4432-8d42-fb85fe01dde8@group-E9E52F0C611C-FollowerState: change to CANDIDATE, lastRpcElapsedTime:5189401461ns, electionTimeout:5189ms
2024-08-09 18:21:08,159 [2a5f2f3f-c544-4432-8d42-fb85fe01dde8@group-E9E52F0C611C-FollowerState] INFO  impl.RoleInfo (RoleInfo.java:shutdownFollowerState(119)) - 2a5f2f3f-c544-4432-8d42-fb85fe01dde8: shutdown 2a5f2f3f-c544-4432-8d42-fb85fe01dde8@group-E9E52F0C611C-FollowerState
2024-08-09 18:21:08,159 [2a5f2f3f-c544-4432-8d42-fb85fe01dde8@group-E9E52F0C611C-FollowerState] INFO  server.RaftServer$Division (RaftServerImpl.java:setRole(376)) - 2a5f2f3f-c544-4432-8d42-fb85fe01dde8@group-E9E52F0C611C: changes role from  FOLLOWER to CANDIDATE at term 0 for changeToCandidate
2024-08-09 18:21:08,159 [2a5f2f3f-c544-4432-8d42-fb85fe01dde8@group-E9E52F0C611C-FollowerState] INFO  server.RaftServerConfigKeys (ConfUtils.java:logGet(46)) - raft.server.leaderelection.pre-vote = true (default)
2024-08-09 18:21:08,159 [2a5f2f3f-c544-4432-8d42-fb85fe01dde8@group-E9E52F0C611C-FollowerState] INFO  impl.RoleInfo (RoleInfo.java:updateAndGet(148)) - 2a5f2f3f-c544-4432-8d42-fb85fe01dde8: start 2a5f2f3f-c544-4432-8d42-fb85fe01dde8@group-E9E52F0C611C-LeaderElection152
2024-08-09 18:21:08,159 [2a5f2f3f-c544-4432-8d42-fb85fe01dde8@group-E9E52F0C611C-LeaderElection152] INFO  impl.LeaderElection (LeaderElection.java:askForVotes(321)) - 2a5f2f3f-c544-4432-8d42-fb85fe01dde8@group-E9E52F0C611C-LeaderElection152 PRE_VOTE round 0: submit vote requests at term 0 for conf: {index: -1, cur=peers:[2a5f2f3f-c544-4432-8d42-fb85fe01dde8|127.0.0.1:15631]|listeners:[], old=null}
2024-08-09 18:21:08,159 [2a5f2f3f-c544-4432-8d42-fb85fe01dde8@group-E9E52F0C611C-LeaderElection152] INFO  impl.LeaderElection (LeaderElection.java:askForVotes(323)) - 2a5f2f3f-c544-4432-8d42-fb85fe01dde8@group-E9E52F0C611C-LeaderElection152 PRE_VOTE round 0: result PASSED (term=0)
2024-08-09 18:21:08,161 [2a5f2f3f-c544-4432-8d42-fb85fe01dde8@group-E9E52F0C611C-LeaderElection152] INFO  impl.LeaderElection (LeaderElection.java:askForVotes(321)) - 2a5f2f3f-c544-4432-8d42-fb85fe01dde8@group-E9E52F0C611C-LeaderElection152 ELECTION round 0: submit vote requests at term 1 for conf: {index: -1, cur=peers:[2a5f2f3f-c544-4432-8d42-fb85fe01dde8|127.0.0.1:15631]|listeners:[], old=null}
2024-08-09 18:21:08,161 [2a5f2f3f-c544-4432-8d42-fb85fe01dde8@group-E9E52F0C611C-LeaderElection152] INFO  impl.LeaderElection (LeaderElection.java:askForVotes(323)) - 2a5f2f3f-c544-4432-8d42-fb85fe01dde8@group-E9E52F0C611C-LeaderElection152 ELECTION round 0: result PASSED (term=1)
2024-08-09 18:21:08,161 [2a5f2f3f-c544-4432-8d42-fb85fe01dde8@group-E9E52F0C611C-LeaderElection152] INFO  impl.RoleInfo (RoleInfo.java:shutdownLeaderElection(139)) - 2a5f2f3f-c544-4432-8d42-fb85fe01dde8: shutdown 2a5f2f3f-c544-4432-8d42-fb85fe01dde8@group-E9E52F0C611C-LeaderElection152
2024-08-09 18:21:08,161 [2a5f2f3f-c544-4432-8d42-fb85fe01dde8@group-E9E52F0C611C-LeaderElection152] INFO  server.RaftServer$Division (RaftServerImpl.java:setRole(376)) - 2a5f2f3f-c544-4432-8d42-fb85fe01dde8@group-E9E52F0C611C: changes role from CANDIDATE to LEADER at term 1 for changeToLeader
2024-08-09 18:21:08,161 [2a5f2f3f-c544-4432-8d42-fb85fe01dde8@group-E9E52F0C611C-LeaderElection152] INFO  server.RaftServerConfigKeys (ConfUtils.java:logGet(46)) - raft.server.staging.catchup.gap = 1000 (default)
2024-08-09 18:21:08,161 [2a5f2f3f-c544-4432-8d42-fb85fe01dde8@group-E9E52F0C611C-LeaderElection152] INFO  server.RaftServerConfigKeys (ConfUtils.java:logGet(46)) - raft.server.write.element-limit = 1024 (custom)
2024-08-09 18:21:08,161 [2a5f2f3f-c544-4432-8d42-fb85fe01dde8@group-E9E52F0C611C-LeaderElection152] INFO  server.RaftServerConfigKeys (ConfUtils.java:logGet(46)) - raft.server.write.byte-limit = 1024 M (=1073741824) (custom)
2024-08-09 18:21:08,161 [2a5f2f3f-c544-4432-8d42-fb85fe01dde8@group-E9E52F0C611C-LeaderElection152] INFO  server.RaftServerConfigKeys (ConfUtils.java:logGet(46)) - raft.server.watch.timeout = 3000ms (custom)
2024-08-09 18:21:08,161 [2a5f2f3f-c544-4432-8d42-fb85fe01dde8@group-E9E52F0C611C-LeaderElection152] INFO  server.RaftServerConfigKeys (ConfUtils.java:logGet(46)) - raft.server.watch.timeout.denomination = 1s (default)
2024-08-09 18:21:08,161 [2a5f2f3f-c544-4432-8d42-fb85fe01dde8@group-E9E52F0C611C-LeaderElection152] INFO  server.RaftServerConfigKeys (ConfUtils.java:logGet(46)) - raft.server.watch.element-limit = 65536 (default)
2024-08-09 18:21:08,162 [2a5f2f3f-c544-4432-8d42-fb85fe01dde8@group-E9E52F0C611C-LeaderElection152] INFO  server.RaftServerConfigKeys (ConfUtils.java:logGet(46)) - raft.server.read.leader.lease.enabled = false (default)
2024-08-09 18:21:08,162 [2a5f2f3f-c544-4432-8d42-fb85fe01dde8@group-E9E52F0C611C-LeaderElection152] INFO  server.RaftServerConfigKeys (ConfUtils.java:logGet(46)) - raft.server.read.leader.lease.timeout.ratio = 0.9 (default)
2024-08-09 18:21:08,162 [2a5f2f3f-c544-4432-8d42-fb85fe01dde8@group-E9E52F0C611C-LeaderElection152] INFO  server.RaftServerConfigKeys (ConfUtils.java:logGet(46)) - raft.server.rpc.timeout.min = 5s (custom)
2024-08-09 18:21:08,162 [2a5f2f3f-c544-4432-8d42-fb85fe01dde8@group-E9E52F0C611C-LeaderElection152] INFO  server.RaftServerConfigKeys (ConfUtils.java:logGet(46)) - raft.server.log.log-metadata.enabled = true (default)
2024-08-09 18:21:08,162 [2a5f2f3f-c544-4432-8d42-fb85fe01dde8@group-E9E52F0C611C-LeaderElection152] INFO  server.RaftServerConfigKeys (ConfUtils.java:logGet(46)) - raft.server.write.element-limit = 1024 (custom)
2024-08-09 18:21:08,162 [2a5f2f3f-c544-4432-8d42-fb85fe01dde8@group-E9E52F0C611C-LeaderElection152] INFO  server.RaftServerConfigKeys (ConfUtils.java:logGet(46)) - raft.server.write.follower.gap.ratio.max = -1.0 (default)
2024-08-09 18:21:08,162 [2a5f2f3f-c544-4432-8d42-fb85fe01dde8@group-E9E52F0C611C-LeaderElection152] INFO  impl.RoleInfo (RoleInfo.java:updateAndGet(148)) - 2a5f2f3f-c544-4432-8d42-fb85fe01dde8: start 2a5f2f3f-c544-4432-8d42-fb85fe01dde8@group-E9E52F0C611C-LeaderStateImpl
2024-08-09 18:21:08,162 [2a5f2f3f-c544-4432-8d42-fb85fe01dde8@group-E9E52F0C611C-LeaderElection152] INFO  server.RaftServer$Division (RaftServerImpl.java:setFirstElection(549)) - 2a5f2f3f-c544-4432-8d42-fb85fe01dde8@group-E9E52F0C611C: set firstElectionSinceStartup to false for becomeLeader
2024-08-09 18:21:08,162 [2a5f2f3f-c544-4432-8d42-fb85fe01dde8@group-E9E52F0C611C-LeaderElection152] INFO  ratis.XceiverServerRatis (XceiverServerRatis.java:handleLeaderChangedNotification(947)) - Leader change notification received for group: group-E9E52F0C611C with new leaderId: 2a5f2f3f-c544-4432-8d42-fb85fe01dde8
2024-08-09 18:21:08,162 [2a5f2f3f-c544-4432-8d42-fb85fe01dde8@group-E9E52F0C611C-LeaderElection152] INFO  server.RaftServer$Division (ServerState.java:setLeader(272)) - 2a5f2f3f-c544-4432-8d42-fb85fe01dde8@group-E9E52F0C611C: change Leader from null to 2a5f2f3f-c544-4432-8d42-fb85fe01dde8 at term 1 for becomeLeader, leader elected after 5201ms
2024-08-09 18:21:08,162 [2a5f2f3f-c544-4432-8d42-fb85fe01dde8@group-E9E52F0C611C-LeaderElection152] INFO  segmented.SegmentedRaftLogWorker (SegmentedRaftLogWorker.java:startLogSegment(433)) - 2a5f2f3f-c544-4432-8d42-fb85fe01dde8@group-E9E52F0C611C-SegmentedRaftLogWorker: Starting segment from index:0
2024-08-09 18:21:08,163 [2a5f2f3f-c544-4432-8d42-fb85fe01dde8@group-E9E52F0C611C-LeaderElection152] INFO  server.RaftServer$Division (ServerState.java:setRaftConf(386)) - 2a5f2f3f-c544-4432-8d42-fb85fe01dde8@group-E9E52F0C611C: set configuration conf: {index: 0, cur=peers:[2a5f2f3f-c544-4432-8d42-fb85fe01dde8|127.0.0.1:15631]|listeners:[], old=null}
2024-08-09 18:21:08,163 [2a5f2f3f-c544-4432-8d42-fb85fe01dde8@group-E9E52F0C611C-SegmentedRaftLogWorker] INFO  segmented.BufferedWriteChannel (BufferedWriteChannel.java:open(61)) - open log_inprogress_0 at position 0
2024-08-09 18:21:08,174 [2a5f2f3f-c544-4432-8d42-fb85fe01dde8@group-E9E52F0C611C-SegmentedRaftLogWorker] INFO  segmented.SegmentedRaftLogWorker (SegmentedRaftLogWorker.java:execute(637)) - 2a5f2f3f-c544-4432-8d42-fb85fe01dde8@group-E9E52F0C611C-SegmentedRaftLogWorker: created new log segment /home/runner/work/ozone/ozone/hadoop-ozone/integration-test/target/test-dir/MiniOzoneClusterImpl-d43ea6a6-39cf-404b-af74-5e65bec6c33b/ozone-meta/datanode-5/ratis/f1ff5aa2-5a0a-423d-a366-e9e52f0c611c/current/log_inprogress_0
2024-08-09 18:21:08,176 [2a5f2f3f-c544-4432-8d42-fb85fe01dde8@group-E9E52F0C611C-StateMachineUpdater] INFO  server.RaftServer$Division (LeaderStateImpl.java:checkStartIndex(316)) - Leader 2a5f2f3f-c544-4432-8d42-fb85fe01dde8@group-E9E52F0C611C-LeaderStateImpl is ready since appliedIndex == startIndex == 0
2024-08-09 18:21:11,000 [3ef2c69f-b325-49e4-8b40-b7dfff9ecdd0-CloseContainerThread-0] INFO  commandhandler.CloseContainerCommandHandler (CloseContainerCommandHandler.java:lambda$handle$0(154)) - Follower cannot close container #1.
2024-08-09 18:21:11,004 [9be8d1c2-cf5e-49e7-8b06-3e73843a30ba-CloseContainerThread-0] INFO  commandhandler.CloseContainerCommandHandler (CloseContainerCommandHandler.java:lambda$handle$0(154)) - Follower cannot close container #1.
2024-08-09 18:21:11,007 [3ef2c69f-b325-49e4-8b40-b7dfff9ecdd0-ContainerOp-021e6b1c-1e31-4f3c-b0e6-8c4206e090ce-8] INFO  keyvalue.KeyValueContainer (KeyValueContainer.java:flushAndSyncDB(529)) - Container 1 is synced with bcsId 14.
2024-08-09 18:21:11,007 [3ef2c69f-b325-49e4-8b40-b7dfff9ecdd0-ContainerOp-021e6b1c-1e31-4f3c-b0e6-8c4206e090ce-8] INFO  keyvalue.KeyValueContainer (KeyValueContainer.java:flushAndSyncDB(529)) - Container 1 is synced with bcsId 14.
2024-08-09 18:21:11,008 [3ef2c69f-b325-49e4-8b40-b7dfff9ecdd0-ContainerOp-021e6b1c-1e31-4f3c-b0e6-8c4206e090ce-8] INFO  keyvalue.KeyValueContainer (KeyValueContainer.java:close(444)) - Container 1 is closed with bcsId 14.
2024-08-09 18:21:11,009 [FixedThreadPoolWithAffinityExecutor-0-0] INFO  container.IncrementalContainerReportHandler (AbstractContainerReportHandler.java:updateContainerState(312)) - Moving container #1 to CLOSED state, datanode 3ef2c69f-b325-49e4-8b40-b7dfff9ecdd0(localhost/127.0.0.1) reported CLOSED replica with index 0.
2024-08-09 18:21:11,009 [98b1311b-33ed-441a-9d1f-284a1b8d0a39-ContainerOp-021e6b1c-1e31-4f3c-b0e6-8c4206e090ce-8] INFO  keyvalue.KeyValueContainer (KeyValueContainer.java:flushAndSyncDB(529)) - Container 1 is synced with bcsId 14.
2024-08-09 18:21:11,010 [98b1311b-33ed-441a-9d1f-284a1b8d0a39-ContainerOp-021e6b1c-1e31-4f3c-b0e6-8c4206e090ce-8] INFO  keyvalue.KeyValueContainer (KeyValueContainer.java:flushAndSyncDB(529)) - Container 1 is synced with bcsId 14.
2024-08-09 18:21:11,011 [98b1311b-33ed-441a-9d1f-284a1b8d0a39-ContainerOp-021e6b1c-1e31-4f3c-b0e6-8c4206e090ce-8] INFO  keyvalue.KeyValueContainer (KeyValueContainer.java:close(444)) - Container 1 is closed with bcsId 14.
2024-08-09 18:21:11,012 [9be8d1c2-cf5e-49e7-8b06-3e73843a30ba-ContainerOp-021e6b1c-1e31-4f3c-b0e6-8c4206e090ce-8] INFO  keyvalue.KeyValueContainer (KeyValueContainer.java:flushAndSyncDB(529)) - Container 1 is synced with bcsId 14.
2024-08-09 18:21:11,012 [9be8d1c2-cf5e-49e7-8b06-3e73843a30ba-ContainerOp-021e6b1c-1e31-4f3c-b0e6-8c4206e090ce-8] INFO  keyvalue.KeyValueContainer (KeyValueContainer.java:flushAndSyncDB(529)) - Container 1 is synced with bcsId 14.
2024-08-09 18:21:11,013 [9be8d1c2-cf5e-49e7-8b06-3e73843a30ba-ContainerOp-021e6b1c-1e31-4f3c-b0e6-8c4206e090ce-8] INFO  keyvalue.KeyValueContainer (KeyValueContainer.java:close(444)) - Container 1 is closed with bcsId 14.
18:21:11.052 [98b1311b-33ed-441a-9d1f-284a1b8d0a39-client-thread1] ERROR DNAudit - user=null | ip=null | op=WRITE_CHUNK {blockData=conID: 1 locID: 113750153625600001 bcsId: 14 replicaIndex: 0, blockDataSize=100} | ret=FAILURE
org.apache.hadoop.hdds.scm.container.common.helpers.ContainerNotOpenException: Container 1 in CLOSED state
	at org.apache.hadoop.ozone.container.common.impl.HddsDispatcher.validateContainerCommand(HddsDispatcher.java:569) ~[hdds-container-service-1.5.0-SNAPSHOT.jar:?]
	at org.apache.hadoop.ozone.container.common.transport.server.ratis.ContainerStateMachine.startTransaction(ContainerStateMachine.java:418) ~[hdds-container-service-1.5.0-SNAPSHOT.jar:?]
	at org.apache.ratis.server.impl.RaftServerImpl.writeAsyncImpl(RaftServerImpl.java:975) ~[ratis-server-3.1.0.jar:3.1.0]
	at org.apache.ratis.server.impl.RaftServerImpl.writeAsync(RaftServerImpl.java:945) ~[ratis-server-3.1.0.jar:3.1.0]
	at org.apache.ratis.server.impl.RaftServerImpl.replyFuture(RaftServerImpl.java:937) ~[ratis-server-3.1.0.jar:3.1.0]
	at org.apache.ratis.server.impl.RaftServerImpl.submitClientRequestAsync(RaftServerImpl.java:912) ~[ratis-server-3.1.0.jar:3.1.0]
	at org.apache.ratis.server.impl.RaftServerImpl.lambda$executeSubmitClientRequestAsync$11(RaftServerImpl.java:893) ~[ratis-server-3.1.0.jar:3.1.0]
	at java.base/java.util.concurrent.CompletableFuture$AsyncSupply.run(CompletableFuture.java:1768) [?:?]
	at java.base/java.util.concurrent.ThreadPoolExecutor.runWorker(ThreadPoolExecutor.java:1136) [?:?]
	at java.base/java.util.concurrent.ThreadPoolExecutor$Worker.run(ThreadPoolExecutor.java:635) [?:?]
	at java.base/java.lang.Thread.run(Thread.java:840) [?:?]
18:21:11.053 [98b1311b-33ed-441a-9d1f-284a1b8d0a39-client-thread1] ERROR DNAudit - user=null | ip=null | op=WRITE_CHUNK {blockData=conID: 1 locID: 113750153625600001 bcsId: 14 replicaIndex: 0, blockDataSize=100} | ret=FAILURE
org.apache.hadoop.hdds.scm.container.common.helpers.ContainerNotOpenException: Container 1 in CLOSED state
	at org.apache.hadoop.ozone.container.common.impl.HddsDispatcher.validateContainerCommand(HddsDispatcher.java:569) ~[hdds-container-service-1.5.0-SNAPSHOT.jar:?]
	at org.apache.hadoop.ozone.container.common.transport.server.ratis.ContainerStateMachine.startTransaction(ContainerStateMachine.java:418) ~[hdds-container-service-1.5.0-SNAPSHOT.jar:?]
	at org.apache.ratis.server.impl.RaftServerImpl.writeAsyncImpl(RaftServerImpl.java:975) ~[ratis-server-3.1.0.jar:3.1.0]
	at org.apache.ratis.server.impl.RaftServerImpl.writeAsync(RaftServerImpl.java:945) ~[ratis-server-3.1.0.jar:3.1.0]
	at org.apache.ratis.server.impl.RaftServerImpl.replyFuture(RaftServerImpl.java:937) ~[ratis-server-3.1.0.jar:3.1.0]
	at org.apache.ratis.server.impl.RaftServerImpl.submitClientRequestAsync(RaftServerImpl.java:912) ~[ratis-server-3.1.0.jar:3.1.0]
	at org.apache.ratis.server.impl.RaftServerImpl.lambda$executeSubmitClientRequestAsync$11(RaftServerImpl.java:893) ~[ratis-server-3.1.0.jar:3.1.0]
	at java.base/java.util.concurrent.CompletableFuture$AsyncSupply.run(CompletableFuture.java:1768) [?:?]
	at java.base/java.util.concurrent.ThreadPoolExecutor.runWorker(ThreadPoolExecutor.java:1136) [?:?]
	at java.base/java.util.concurrent.ThreadPoolExecutor$Worker.run(ThreadPoolExecutor.java:635) [?:?]
	at java.base/java.lang.Thread.run(Thread.java:840) [?:?]
2024-08-09 18:21:11,053 [grpc-default-executor-1] ERROR impl.OrderedAsync (OrderedAsync.java:lambda$send$4(181)) - Failed to send request, message=cmdType: WriteChunk
traceID: ""
containerID: 1
datanodeUuid: "3ef2c69f-b325-49e4-8b40-b7dfff9ecdd0"
writeChunk {
  blockID {
    containerID: 1
    localID: 113750153625600001
    blockCommitSequenceId: 14
    replicaIndex: 0
  }
  chunkData {
    chunkName: "113750153625600001_chunk_6"
    offset: 500
    len: 100
    checksumData {
      type: NONE
      bytesPerChecksum: 16384
    }
  }
}
version: 4
, data.size=100
java.util.concurrent.CompletionException: org.apache.ratis.protocol.exceptions.StateMachineException: org.apache.hadoop.hdds.scm.container.common.helpers.ContainerNotOpenException from Server 98b1311b-33ed-441a-9d1f-284a1b8d0a39@group-8C4206E090CE: Container 1 in CLOSED state
	at org.apache.ratis.client.impl.RaftClientImpl.handleRaftException(RaftClientImpl.java:373)
	at org.apache.ratis.client.impl.OrderedAsync.lambda$send$3(OrderedAsync.java:175)
	at java.base/java.util.concurrent.CompletableFuture$UniApply.tryFire(CompletableFuture.java:646)
	at java.base/java.util.concurrent.CompletableFuture.postComplete(CompletableFuture.java:510)
	at java.base/java.util.concurrent.CompletableFuture.complete(CompletableFuture.java:2147)
	at org.apache.ratis.client.impl.OrderedAsync$PendingOrderedRequest.setReply(OrderedAsync.java:105)
	at org.apache.ratis.client.impl.OrderedAsync$PendingOrderedRequest.setReply(OrderedAsync.java:66)
	at org.apache.ratis.util.SlidingWindow$RequestMap.setReply(SlidingWindow.java:147)
	at org.apache.ratis.util.SlidingWindow$Client.receiveReply(SlidingWindow.java:351)
	at org.apache.ratis.client.impl.OrderedAsync.lambda$sendRequestWithRetry$5(OrderedAsync.java:210)
	at java.base/java.util.concurrent.CompletableFuture$UniAccept.tryFire(CompletableFuture.java:718)
	at java.base/java.util.concurrent.CompletableFuture.postComplete(CompletableFuture.java:510)
	at java.base/java.util.concurrent.CompletableFuture.complete(CompletableFuture.java:2147)
	at org.apache.ratis.grpc.client.GrpcClientProtocolClient$AsyncStreamObservers$1.lambda$onNext$0(GrpcClientProtocolClient.java:322)
	at java.base/java.util.Optional.ifPresent(Optional.java:178)
	at org.apache.ratis.grpc.client.GrpcClientProtocolClient$AsyncStreamObservers.handleReplyFuture(GrpcClientProtocolClient.java:378)
	at org.apache.ratis.grpc.client.GrpcClientProtocolClient$AsyncStreamObservers.access$100(GrpcClientProtocolClient.java:300)
	at org.apache.ratis.grpc.client.GrpcClientProtocolClient$AsyncStreamObservers$1.onNext(GrpcClientProtocolClient.java:322)
	at org.apache.ratis.grpc.client.GrpcClientProtocolClient$AsyncStreamObservers$1.onNext(GrpcClientProtocolClient.java:305)
	at org.apache.ratis.thirdparty.io.grpc.stub.ClientCalls$StreamObserverToCallListenerAdapter.onMessage(ClientCalls.java:468)
	at org.apache.ratis.thirdparty.io.grpc.ForwardingClientCallListener.onMessage(ForwardingClientCallListener.java:33)
	at org.apache.ratis.thirdparty.io.grpc.internal.DelayedClientCall$DelayedListener.onMessage(DelayedClientCall.java:473)
	at org.apache.ratis.thirdparty.io.grpc.internal.ClientCallImpl$ClientStreamListenerImpl$1MessagesAvailable.runInternal(ClientCallImpl.java:660)
	at org.apache.ratis.thirdparty.io.grpc.internal.ClientCallImpl$ClientStreamListenerImpl$1MessagesAvailable.runInContext(ClientCallImpl.java:647)
	at org.apache.ratis.thirdparty.io.grpc.internal.ContextRunnable.run(ContextRunnable.java:37)
	at org.apache.ratis.thirdparty.io.grpc.internal.SerializingExecutor.run(SerializingExecutor.java:133)
	at java.base/java.util.concurrent.ThreadPoolExecutor.runWorker(ThreadPoolExecutor.java:1136)
	at java.base/java.util.concurrent.ThreadPoolExecutor$Worker.run(ThreadPoolExecutor.java:635)
	at java.base/java.lang.Thread.run(Thread.java:840)
Caused by: org.apache.ratis.protocol.exceptions.StateMachineException: org.apache.hadoop.hdds.scm.container.common.helpers.ContainerNotOpenException from Server 98b1311b-33ed-441a-9d1f-284a1b8d0a39@group-8C4206E090CE: Container 1 in CLOSED state
	at org.apache.hadoop.ozone.container.common.impl.HddsDispatcher.validateContainerCommand(HddsDispatcher.java:569)
	at org.apache.hadoop.ozone.container.common.transport.server.ratis.ContainerStateMachine.startTransaction(ContainerStateMachine.java:418)
	at org.apache.ratis.server.impl.RaftServerImpl.writeAsyncImpl(RaftServerImpl.java:975)
	at org.apache.ratis.server.impl.RaftServerImpl.writeAsync(RaftServerImpl.java:945)
	at org.apache.ratis.server.impl.RaftServerImpl.replyFuture(RaftServerImpl.java:937)
	at org.apache.ratis.server.impl.RaftServerImpl.submitClientRequestAsync(RaftServerImpl.java:912)
	at org.apache.ratis.server.impl.RaftServerImpl.lambda$executeSubmitClientRequestAsync$11(RaftServerImpl.java:893)
	at java.base/java.util.concurrent.CompletableFuture$AsyncSupply.run(CompletableFuture.java:1768)
	... 3 more
Caused by: org.apache.hadoop.hdds.scm.container.common.helpers.ContainerNotOpenException: Container 1 in CLOSED state
	at jdk.internal.reflect.GeneratedConstructorAccessor90.newInstance(Unknown Source)
	at java.base/jdk.internal.reflect.DelegatingConstructorAccessorImpl.newInstance(DelegatingConstructorAccessorImpl.java:45)
	at java.base/java.lang.reflect.Constructor.newInstanceWithCaller(Constructor.java:500)
	at java.base/java.lang.reflect.Constructor.newInstance(Constructor.java:481)
	at org.apache.ratis.util.ReflectionUtils.instantiateException(ReflectionUtils.java:259)
	at org.apache.ratis.client.impl.ClientProtoUtils.toStateMachineException(ClientProtoUtils.java:451)
	at org.apache.ratis.client.impl.ClientProtoUtils.toStateMachineException(ClientProtoUtils.java:437)
	at org.apache.ratis.client.impl.ClientProtoUtils.toRaftClientReply(ClientProtoUtils.java:404)
	at org.apache.ratis.grpc.client.GrpcClientProtocolClient$AsyncStreamObservers$1.onNext(GrpcClientProtocolClient.java:310)
	at org.apache.ratis.grpc.client.GrpcClientProtocolClient$AsyncStreamObservers$1.onNext(GrpcClientProtocolClient.java:305)
	at org.apache.ratis.thirdparty.io.grpc.stub.ClientCalls$StreamObserverToCallListenerAdapter.onMessage(ClientCalls.java:468)
	at org.apache.ratis.thirdparty.io.grpc.ForwardingClientCallListener.onMessage(ForwardingClientCallListener.java:33)
	at org.apache.ratis.thirdparty.io.grpc.internal.DelayedClientCall$DelayedListener.onMessage(DelayedClientCall.java:473)
	at org.apache.ratis.thirdparty.io.grpc.internal.ClientCallImpl$ClientStreamListenerImpl$1MessagesAvailable.runInternal(ClientCallImpl.java:660)
	at org.apache.ratis.thirdparty.io.grpc.internal.ClientCallImpl$ClientStreamListenerImpl$1MessagesAvailable.runInContext(ClientCallImpl.java:647)
	at org.apache.ratis.thirdparty.io.grpc.internal.ContextRunnable.run(ContextRunnable.java:37)
	at org.apache.ratis.thirdparty.io.grpc.internal.SerializingExecutor.run(SerializingExecutor.java:133)
	... 3 more
18:21:11.054 [98b1311b-33ed-441a-9d1f-284a1b8d0a39-client-thread1] ERROR DNAudit - user=null | ip=null | op=PUT_BLOCK {blockData=[blockId=conID: 1 locID: 113750153625600001 bcsId: 0 replicaIndex: null, size=700]} | ret=FAILURE
org.apache.hadoop.hdds.scm.container.common.helpers.ContainerNotOpenException: Container 1 in CLOSED state
	at org.apache.hadoop.ozone.container.common.impl.HddsDispatcher.validateContainerCommand(HddsDispatcher.java:569) ~[hdds-container-service-1.5.0-SNAPSHOT.jar:?]
	at org.apache.hadoop.ozone.container.common.transport.server.ratis.ContainerStateMachine.startTransaction(ContainerStateMachine.java:418) ~[hdds-container-service-1.5.0-SNAPSHOT.jar:?]
	at org.apache.ratis.server.impl.RaftServerImpl.writeAsyncImpl(RaftServerImpl.java:975) ~[ratis-server-3.1.0.jar:3.1.0]
	at org.apache.ratis.server.impl.RaftServerImpl.writeAsync(RaftServerImpl.java:945) ~[ratis-server-3.1.0.jar:3.1.0]
	at org.apache.ratis.server.impl.RaftServerImpl.replyFuture(RaftServerImpl.java:937) ~[ratis-server-3.1.0.jar:3.1.0]
	at org.apache.ratis.server.impl.RaftServerImpl.submitClientRequestAsync(RaftServerImpl.java:912) ~[ratis-server-3.1.0.jar:3.1.0]
	at org.apache.ratis.server.impl.RaftServerImpl.lambda$executeSubmitClientRequestAsync$11(RaftServerImpl.java:893) ~[ratis-server-3.1.0.jar:3.1.0]
	at java.base/java.util.concurrent.CompletableFuture$AsyncSupply.run(CompletableFuture.java:1768) [?:?]
	at java.base/java.util.concurrent.ThreadPoolExecutor.runWorker(ThreadPoolExecutor.java:1136) [?:?]
	at java.base/java.util.concurrent.ThreadPoolExecutor$Worker.run(ThreadPoolExecutor.java:635) [?:?]
	at java.base/java.lang.Thread.run(Thread.java:840) [?:?]
2024-08-09 18:21:11,055 [grpc-default-executor-1] ERROR impl.OrderedAsync (OrderedAsync.java:lambda$send$4(181)) - Failed to send request, message=cmdType: WriteChunk
traceID: ""
containerID: 1
datanodeUuid: "3ef2c69f-b325-49e4-8b40-b7dfff9ecdd0"
writeChunk {
  blockID {
    containerID: 1
    localID: 113750153625600001
    blockCommitSequenceId: 14
    replicaIndex: 0
  }
  chunkData {
    chunkName: "113750153625600001_chunk_7"
    offset: 600
    len: 100
    checksumData {
      type: NONE
      bytesPerChecksum: 16384
    }
  }
}
version: 4
, data.size=100
java.util.concurrent.CompletionException: org.apache.ratis.protocol.exceptions.StateMachineException: org.apache.hadoop.hdds.scm.container.common.helpers.ContainerNotOpenException from Server 98b1311b-33ed-441a-9d1f-284a1b8d0a39@group-8C4206E090CE: Container 1 in CLOSED state
	at org.apache.ratis.client.impl.RaftClientImpl.handleRaftException(RaftClientImpl.java:373)
	at org.apache.ratis.client.impl.OrderedAsync.lambda$send$3(OrderedAsync.java:175)
	at java.base/java.util.concurrent.CompletableFuture$UniApply.tryFire(CompletableFuture.java:646)
	at java.base/java.util.concurrent.CompletableFuture.postComplete(CompletableFuture.java:510)
	at java.base/java.util.concurrent.CompletableFuture.complete(CompletableFuture.java:2147)
	at org.apache.ratis.client.impl.OrderedAsync$PendingOrderedRequest.setReply(OrderedAsync.java:105)
	at org.apache.ratis.client.impl.OrderedAsync$PendingOrderedRequest.setReply(OrderedAsync.java:66)
	at org.apache.ratis.util.SlidingWindow$RequestMap.setReply(SlidingWindow.java:147)
	at org.apache.ratis.util.SlidingWindow$Client.receiveReply(SlidingWindow.java:351)
	at org.apache.ratis.client.impl.OrderedAsync.lambda$sendRequestWithRetry$5(OrderedAsync.java:210)
	at java.base/java.util.concurrent.CompletableFuture$UniAccept.tryFire(CompletableFuture.java:718)
	at java.base/java.util.concurrent.CompletableFuture.postComplete(CompletableFuture.java:510)
	at java.base/java.util.concurrent.CompletableFuture.complete(CompletableFuture.java:2147)
	at org.apache.ratis.grpc.client.GrpcClientProtocolClient$AsyncStreamObservers$1.lambda$onNext$0(GrpcClientProtocolClient.java:322)
	at java.base/java.util.Optional.ifPresent(Optional.java:178)
	at org.apache.ratis.grpc.client.GrpcClientProtocolClient$AsyncStreamObservers.handleReplyFuture(GrpcClientProtocolClient.java:378)
	at org.apache.ratis.grpc.client.GrpcClientProtocolClient$AsyncStreamObservers.access$100(GrpcClientProtocolClient.java:300)
	at org.apache.ratis.grpc.client.GrpcClientProtocolClient$AsyncStreamObservers$1.onNext(GrpcClientProtocolClient.java:322)
	at org.apache.ratis.grpc.client.GrpcClientProtocolClient$AsyncStreamObservers$1.onNext(GrpcClientProtocolClient.java:305)
	at org.apache.ratis.thirdparty.io.grpc.stub.ClientCalls$StreamObserverToCallListenerAdapter.onMessage(ClientCalls.java:468)
	at org.apache.ratis.thirdparty.io.grpc.ForwardingClientCallListener.onMessage(ForwardingClientCallListener.java:33)
	at org.apache.ratis.thirdparty.io.grpc.internal.DelayedClientCall$DelayedListener.onMessage(DelayedClientCall.java:473)
	at org.apache.ratis.thirdparty.io.grpc.internal.ClientCallImpl$ClientStreamListenerImpl$1MessagesAvailable.runInternal(ClientCallImpl.java:660)
	at org.apache.ratis.thirdparty.io.grpc.internal.ClientCallImpl$ClientStreamListenerImpl$1MessagesAvailable.runInContext(ClientCallImpl.java:647)
	at org.apache.ratis.thirdparty.io.grpc.internal.ContextRunnable.run(ContextRunnable.java:37)
	at org.apache.ratis.thirdparty.io.grpc.internal.SerializingExecutor.run(SerializingExecutor.java:133)
	at java.base/java.util.concurrent.ThreadPoolExecutor.runWorker(ThreadPoolExecutor.java:1136)
	at java.base/java.util.concurrent.ThreadPoolExecutor$Worker.run(ThreadPoolExecutor.java:635)
	at java.base/java.lang.Thread.run(Thread.java:840)
Caused by: org.apache.ratis.protocol.exceptions.StateMachineException: org.apache.hadoop.hdds.scm.container.common.helpers.ContainerNotOpenException from Server 98b1311b-33ed-441a-9d1f-284a1b8d0a39@group-8C4206E090CE: Container 1 in CLOSED state
	at org.apache.hadoop.ozone.container.common.impl.HddsDispatcher.validateContainerCommand(HddsDispatcher.java:569)
	at org.apache.hadoop.ozone.container.common.transport.server.ratis.ContainerStateMachine.startTransaction(ContainerStateMachine.java:418)
	at org.apache.ratis.server.impl.RaftServerImpl.writeAsyncImpl(RaftServerImpl.java:975)
	at org.apache.ratis.server.impl.RaftServerImpl.writeAsync(RaftServerImpl.java:945)
	at org.apache.ratis.server.impl.RaftServerImpl.replyFuture(RaftServerImpl.java:937)
	at org.apache.ratis.server.impl.RaftServerImpl.submitClientRequestAsync(RaftServerImpl.java:912)
	at org.apache.ratis.server.impl.RaftServerImpl.lambda$executeSubmitClientRequestAsync$11(RaftServerImpl.java:893)
	at java.base/java.util.concurrent.CompletableFuture$AsyncSupply.run(CompletableFuture.java:1768)
	... 3 more
Caused by: org.apache.hadoop.hdds.scm.container.common.helpers.ContainerNotOpenException: Container 1 in CLOSED state
	at jdk.internal.reflect.GeneratedConstructorAccessor90.newInstance(Unknown Source)
	at java.base/jdk.internal.reflect.DelegatingConstructorAccessorImpl.newInstance(DelegatingConstructorAccessorImpl.java:45)
	at java.base/java.lang.reflect.Constructor.newInstanceWithCaller(Constructor.java:500)
	at java.base/java.lang.reflect.Constructor.newInstance(Constructor.java:481)
	at org.apache.ratis.util.ReflectionUtils.instantiateException(ReflectionUtils.java:259)
	at org.apache.ratis.client.impl.ClientProtoUtils.toStateMachineException(ClientProtoUtils.java:451)
	at org.apache.ratis.client.impl.ClientProtoUtils.toStateMachineException(ClientProtoUtils.java:437)
	at org.apache.ratis.client.impl.ClientProtoUtils.toRaftClientReply(ClientProtoUtils.java:404)
	at org.apache.ratis.grpc.client.GrpcClientProtocolClient$AsyncStreamObservers$1.onNext(GrpcClientProtocolClient.java:310)
	at org.apache.ratis.grpc.client.GrpcClientProtocolClient$AsyncStreamObservers$1.onNext(GrpcClientProtocolClient.java:305)
	at org.apache.ratis.thirdparty.io.grpc.stub.ClientCalls$StreamObserverToCallListenerAdapter.onMessage(ClientCalls.java:468)
	at org.apache.ratis.thirdparty.io.grpc.ForwardingClientCallListener.onMessage(ForwardingClientCallListener.java:33)
	at org.apache.ratis.thirdparty.io.grpc.internal.DelayedClientCall$DelayedListener.onMessage(DelayedClientCall.java:473)
	at org.apache.ratis.thirdparty.io.grpc.internal.ClientCallImpl$ClientStreamListenerImpl$1MessagesAvailable.runInternal(ClientCallImpl.java:660)
	at org.apache.ratis.thirdparty.io.grpc.internal.ClientCallImpl$ClientStreamListenerImpl$1MessagesAvailable.runInContext(ClientCallImpl.java:647)
	at org.apache.ratis.thirdparty.io.grpc.internal.ContextRunnable.run(ContextRunnable.java:37)
	at org.apache.ratis.thirdparty.io.grpc.internal.SerializingExecutor.run(SerializingExecutor.java:133)
	... 3 more
18:21:11.056 [98b1311b-33ed-441a-9d1f-284a1b8d0a39-client-thread1] ERROR DNAudit - user=null | ip=null | op=WRITE_CHUNK {blockData=conID: 1 locID: 113750153625600001 bcsId: 14 replicaIndex: 0, blockDataSize=100} | ret=FAILURE
org.apache.hadoop.hdds.scm.container.common.helpers.ContainerNotOpenException: Container 1 in CLOSED state
	at org.apache.hadoop.ozone.container.common.impl.HddsDispatcher.validateContainerCommand(HddsDispatcher.java:569) ~[hdds-container-service-1.5.0-SNAPSHOT.jar:?]
	at org.apache.hadoop.ozone.container.common.transport.server.ratis.ContainerStateMachine.startTransaction(ContainerStateMachine.java:418) ~[hdds-container-service-1.5.0-SNAPSHOT.jar:?]
	at org.apache.ratis.server.impl.RaftServerImpl.writeAsyncImpl(RaftServerImpl.java:975) ~[ratis-server-3.1.0.jar:3.1.0]
	at org.apache.ratis.server.impl.RaftServerImpl.writeAsync(RaftServerImpl.java:945) ~[ratis-server-3.1.0.jar:3.1.0]
	at org.apache.ratis.server.impl.RaftServerImpl.replyFuture(RaftServerImpl.java:937) ~[ratis-server-3.1.0.jar:3.1.0]
	at org.apache.ratis.server.impl.RaftServerImpl.submitClientRequestAsync(RaftServerImpl.java:912) ~[ratis-server-3.1.0.jar:3.1.0]
	at org.apache.ratis.server.impl.RaftServerImpl.lambda$executeSubmitClientRequestAsync$11(RaftServerImpl.java:893) ~[ratis-server-3.1.0.jar:3.1.0]
	at java.base/java.util.concurrent.CompletableFuture$AsyncSupply.run(CompletableFuture.java:1768) [?:?]
	at java.base/java.util.concurrent.ThreadPoolExecutor.runWorker(ThreadPoolExecutor.java:1136) [?:?]
	at java.base/java.util.concurrent.ThreadPoolExecutor$Worker.run(ThreadPoolExecutor.java:635) [?:?]
	at java.base/java.lang.Thread.run(Thread.java:840) [?:?]
2024-08-09 18:21:11,056 [grpc-default-executor-1] ERROR impl.OrderedAsync (OrderedAsync.java:lambda$send$4(181)) - Failed to send request, message=cmdType: PutBlock
traceID: ""
containerID: 1
datanodeUuid: "3ef2c69f-b325-49e4-8b40-b7dfff9ecdd0"
putBlock {
  blockData {
    blockID {
      containerID: 1
      localID: 113750153625600001
      blockCommitSequenceId: 0
    }
    metadata {
      key: "TYPE"
      value: "KEY"
    }
    chunks {
      chunkName: "113750153625600001_chunk_1"
      offset: 0
      len: 100
      checksumData {
        type: NONE
        bytesPerChecksum: 16384
      }
    }
    chunks {
      chunkName: "113750153625600001_chunk_2"
      offset: 100
      len: 100
      checksumData {
        type: NONE
        bytesPerChecksum: 16384
      }
    }
    chunks {
      chunkName: "113750153625600001_chunk_3"
      offset: 200
      len: 100
      checksumData {
        type: NONE
        bytesPerChecksum: 16384
      }
    }
    chunks {
      chunkName: "113750153625600001_chunk_4"
      offset: 300
      len: 100
      checksumData {
        type: NONE
        bytesPerChecksum: 16384
      }
    }
    chunks {
      chunkName: "113750153625600001_chunk_5"
      offset: 400
      len: 100
      checksumData {
        type: NONE
        bytesPerChecksum: 16384
      }
    }
    chunks {
      chunkName: "113750153625600001_chunk_6"
      offset: 500
      len: 100
      checksumData {
        type: NONE
        bytesPerChecksum: 16384
      }
    }
    chunks {
      chunkName: "113750153625600001_chunk_7"
      offset: 600
      len: 100
      checksumData {
        type: NONE
        bytesPerChecksum: 16384
      }
    }
  }
  eof: false
}
version: 4
, data.size=0
java.util.concurrent.CompletionException: org.apache.ratis.protocol.exceptions.StateMachineException: org.apache.hadoop.hdds.scm.container.common.helpers.ContainerNotOpenException from Server 98b1311b-33ed-441a-9d1f-284a1b8d0a39@group-8C4206E090CE: Container 1 in CLOSED state
	at org.apache.ratis.client.impl.RaftClientImpl.handleRaftException(RaftClientImpl.java:373)
	at org.apache.ratis.client.impl.OrderedAsync.lambda$send$3(OrderedAsync.java:175)
	at java.base/java.util.concurrent.CompletableFuture$UniApply.tryFire(CompletableFuture.java:646)
	at java.base/java.util.concurrent.CompletableFuture.postComplete(CompletableFuture.java:510)
	at java.base/java.util.concurrent.CompletableFuture.complete(CompletableFuture.java:2147)
	at org.apache.ratis.client.impl.OrderedAsync$PendingOrderedRequest.setReply(OrderedAsync.java:105)
	at org.apache.ratis.client.impl.OrderedAsync$PendingOrderedRequest.setReply(OrderedAsync.java:66)
	at org.apache.ratis.util.SlidingWindow$RequestMap.setReply(SlidingWindow.java:147)
	at org.apache.ratis.util.SlidingWindow$Client.receiveReply(SlidingWindow.java:351)
	at org.apache.ratis.client.impl.OrderedAsync.lambda$sendRequestWithRetry$5(OrderedAsync.java:210)
	at java.base/java.util.concurrent.CompletableFuture$UniAccept.tryFire(CompletableFuture.java:718)
	at java.base/java.util.concurrent.CompletableFuture.postComplete(CompletableFuture.java:510)
	at java.base/java.util.concurrent.CompletableFuture.complete(CompletableFuture.java:2147)
	at org.apache.ratis.grpc.client.GrpcClientProtocolClient$AsyncStreamObservers$1.lambda$onNext$0(GrpcClientProtocolClient.java:322)
	at java.base/java.util.Optional.ifPresent(Optional.java:178)
	at org.apache.ratis.grpc.client.GrpcClientProtocolClient$AsyncStreamObservers.handleReplyFuture(GrpcClientProtocolClient.java:378)
	at org.apache.ratis.grpc.client.GrpcClientProtocolClient$AsyncStreamObservers.access$100(GrpcClientProtocolClient.java:300)
	at org.apache.ratis.grpc.client.GrpcClientProtocolClient$AsyncStreamObservers$1.onNext(GrpcClientProtocolClient.java:322)
	at org.apache.ratis.grpc.client.GrpcClientProtocolClient$AsyncStreamObservers$1.onNext(GrpcClientProtocolClient.java:305)
	at org.apache.ratis.thirdparty.io.grpc.stub.ClientCalls$StreamObserverToCallListenerAdapter.onMessage(ClientCalls.java:468)
	at org.apache.ratis.thirdparty.io.grpc.ForwardingClientCallListener.onMessage(ForwardingClientCallListener.java:33)
	at org.apache.ratis.thirdparty.io.grpc.internal.DelayedClientCall$DelayedListener.onMessage(DelayedClientCall.java:473)
	at org.apache.ratis.thirdparty.io.grpc.internal.ClientCallImpl$ClientStreamListenerImpl$1MessagesAvailable.runInternal(ClientCallImpl.java:660)
	at org.apache.ratis.thirdparty.io.grpc.internal.ClientCallImpl$ClientStreamListenerImpl$1MessagesAvailable.runInContext(ClientCallImpl.java:647)
	at org.apache.ratis.thirdparty.io.grpc.internal.ContextRunnable.run(ContextRunnable.java:37)
	at org.apache.ratis.thirdparty.io.grpc.internal.SerializingExecutor.run(SerializingExecutor.java:133)
	at java.base/java.util.concurrent.ThreadPoolExecutor.runWorker(ThreadPoolExecutor.java:1136)
	at java.base/java.util.concurrent.ThreadPoolExecutor$Worker.run(ThreadPoolExecutor.java:635)
	at java.base/java.lang.Thread.run(Thread.java:840)
Caused by: org.apache.ratis.protocol.exceptions.StateMachineException: org.apache.hadoop.hdds.scm.container.common.helpers.ContainerNotOpenException from Server 98b1311b-33ed-441a-9d1f-284a1b8d0a39@group-8C4206E090CE: Container 1 in CLOSED state
	at org.apache.hadoop.ozone.container.common.impl.HddsDispatcher.validateContainerCommand(HddsDispatcher.java:569)
	at org.apache.hadoop.ozone.container.common.transport.server.ratis.ContainerStateMachine.startTransaction(ContainerStateMachine.java:418)
	at org.apache.ratis.server.impl.RaftServerImpl.writeAsyncImpl(RaftServerImpl.java:975)
	at org.apache.ratis.server.impl.RaftServerImpl.writeAsync(RaftServerImpl.java:945)
	at org.apache.ratis.server.impl.RaftServerImpl.replyFuture(RaftServerImpl.java:937)
	at org.apache.ratis.server.impl.RaftServerImpl.submitClientRequestAsync(RaftServerImpl.java:912)
	at org.apache.ratis.server.impl.RaftServerImpl.lambda$executeSubmitClientRequestAsync$11(RaftServerImpl.java:893)
	at java.base/java.util.concurrent.CompletableFuture$AsyncSupply.run(CompletableFuture.java:1768)
	... 3 more
Caused by: org.apache.hadoop.hdds.scm.container.common.helpers.ContainerNotOpenException: Container 1 in CLOSED state
	at jdk.internal.reflect.GeneratedConstructorAccessor90.newInstance(Unknown Source)
	at java.base/jdk.internal.reflect.DelegatingConstructorAccessorImpl.newInstance(DelegatingConstructorAccessorImpl.java:45)
	at java.base/java.lang.reflect.Constructor.newInstanceWithCaller(Constructor.java:500)
	at java.base/java.lang.reflect.Constructor.newInstance(Constructor.java:481)
	at org.apache.ratis.util.ReflectionUtils.instantiateException(ReflectionUtils.java:259)
	at org.apache.ratis.client.impl.ClientProtoUtils.toStateMachineException(ClientProtoUtils.java:451)
	at org.apache.ratis.client.impl.ClientProtoUtils.toStateMachineException(ClientProtoUtils.java:437)
	at org.apache.ratis.client.impl.ClientProtoUtils.toRaftClientReply(ClientProtoUtils.java:404)
	at org.apache.ratis.grpc.client.GrpcClientProtocolClient$AsyncStreamObservers$1.onNext(GrpcClientProtocolClient.java:310)
	at org.apache.ratis.grpc.client.GrpcClientProtocolClient$AsyncStreamObservers$1.onNext(GrpcClientProtocolClient.java:305)
	at org.apache.ratis.thirdparty.io.grpc.stub.ClientCalls$StreamObserverToCallListenerAdapter.onMessage(ClientCalls.java:468)
	at org.apache.ratis.thirdparty.io.grpc.ForwardingClientCallListener.onMessage(ForwardingClientCallListener.java:33)
	at org.apache.ratis.thirdparty.io.grpc.internal.DelayedClientCall$DelayedListener.onMessage(DelayedClientCall.java:473)
	at org.apache.ratis.thirdparty.io.grpc.internal.ClientCallImpl$ClientStreamListenerImpl$1MessagesAvailable.runInternal(ClientCallImpl.java:660)
	at org.apache.ratis.thirdparty.io.grpc.internal.ClientCallImpl$ClientStreamListenerImpl$1MessagesAvailable.runInContext(ClientCallImpl.java:647)
	at org.apache.ratis.thirdparty.io.grpc.internal.ContextRunnable.run(ContextRunnable.java:37)
	at org.apache.ratis.thirdparty.io.grpc.internal.SerializingExecutor.run(SerializingExecutor.java:133)
	... 3 more
18:21:11.058 [98b1311b-33ed-441a-9d1f-284a1b8d0a39-client-thread1] ERROR DNAudit - user=null | ip=null | op=PUT_BLOCK {blockData=[blockId=conID: 1 locID: 113750153625600001 bcsId: 0 replicaIndex: null, size=800]} | ret=FAILURE
org.apache.hadoop.hdds.scm.container.common.helpers.ContainerNotOpenException: Container 1 in CLOSED state
	at org.apache.hadoop.ozone.container.common.impl.HddsDispatcher.validateContainerCommand(HddsDispatcher.java:569) ~[hdds-container-service-1.5.0-SNAPSHOT.jar:?]
	at org.apache.hadoop.ozone.container.common.transport.server.ratis.ContainerStateMachine.startTransaction(ContainerStateMachine.java:418) ~[hdds-container-service-1.5.0-SNAPSHOT.jar:?]
	at org.apache.ratis.server.impl.RaftServerImpl.writeAsyncImpl(RaftServerImpl.java:975) ~[ratis-server-3.1.0.jar:3.1.0]
	at org.apache.ratis.server.impl.RaftServerImpl.writeAsync(RaftServerImpl.java:945) ~[ratis-server-3.1.0.jar:3.1.0]
	at org.apache.ratis.server.impl.RaftServerImpl.replyFuture(RaftServerImpl.java:937) ~[ratis-server-3.1.0.jar:3.1.0]
	at org.apache.ratis.server.impl.RaftServerImpl.submitClientRequestAsync(RaftServerImpl.java:912) ~[ratis-server-3.1.0.jar:3.1.0]
	at org.apache.ratis.server.impl.RaftServerImpl.lambda$executeSubmitClientRequestAsync$11(RaftServerImpl.java:893) ~[ratis-server-3.1.0.jar:3.1.0]
	at java.base/java.util.concurrent.CompletableFuture$AsyncSupply.run(CompletableFuture.java:1768) [?:?]
	at java.base/java.util.concurrent.ThreadPoolExecutor.runWorker(ThreadPoolExecutor.java:1136) [?:?]
	at java.base/java.util.concurrent.ThreadPoolExecutor$Worker.run(ThreadPoolExecutor.java:635) [?:?]
	at java.base/java.lang.Thread.run(Thread.java:840) [?:?]
2024-08-09 18:21:11,059 [grpc-default-executor-0] ERROR impl.OrderedAsync (OrderedAsync.java:lambda$send$4(181)) - Failed to send request, message=cmdType: WriteChunk
traceID: ""
containerID: 1
datanodeUuid: "3ef2c69f-b325-49e4-8b40-b7dfff9ecdd0"
writeChunk {
  blockID {
    containerID: 1
    localID: 113750153625600001
    blockCommitSequenceId: 14
    replicaIndex: 0
  }
  chunkData {
    chunkName: "113750153625600001_chunk_8"
    offset: 700
    len: 100
    checksumData {
      type: NONE
      bytesPerChecksum: 16384
    }
  }
}
version: 4
, data.size=100
java.util.concurrent.CompletionException: org.apache.ratis.protocol.exceptions.StateMachineException: org.apache.hadoop.hdds.scm.container.common.helpers.ContainerNotOpenException from Server 98b1311b-33ed-441a-9d1f-284a1b8d0a39@group-8C4206E090CE: Container 1 in CLOSED state
	at org.apache.ratis.client.impl.RaftClientImpl.handleRaftException(RaftClientImpl.java:373)
	at org.apache.ratis.client.impl.OrderedAsync.lambda$send$3(OrderedAsync.java:175)
	at java.base/java.util.concurrent.CompletableFuture$UniApply.tryFire(CompletableFuture.java:646)
	at java.base/java.util.concurrent.CompletableFuture.postComplete(CompletableFuture.java:510)
	at java.base/java.util.concurrent.CompletableFuture.complete(CompletableFuture.java:2147)
	at org.apache.ratis.client.impl.OrderedAsync$PendingOrderedRequest.setReply(OrderedAsync.java:105)
	at org.apache.ratis.client.impl.OrderedAsync$PendingOrderedRequest.setReply(OrderedAsync.java:66)
	at org.apache.ratis.util.SlidingWindow$RequestMap.setReply(SlidingWindow.java:147)
	at org.apache.ratis.util.SlidingWindow$Client.receiveReply(SlidingWindow.java:351)
	at org.apache.ratis.client.impl.OrderedAsync.lambda$sendRequestWithRetry$5(OrderedAsync.java:210)
	at java.base/java.util.concurrent.CompletableFuture$UniAccept.tryFire(CompletableFuture.java:718)
	at java.base/java.util.concurrent.CompletableFuture.postComplete(CompletableFuture.java:510)
	at java.base/java.util.concurrent.CompletableFuture.complete(CompletableFuture.java:2147)
	at org.apache.ratis.grpc.client.GrpcClientProtocolClient$AsyncStreamObservers$1.lambda$onNext$0(GrpcClientProtocolClient.java:322)
	at java.base/java.util.Optional.ifPresent(Optional.java:178)
	at org.apache.ratis.grpc.client.GrpcClientProtocolClient$AsyncStreamObservers.handleReplyFuture(GrpcClientProtocolClient.java:378)
	at org.apache.ratis.grpc.client.GrpcClientProtocolClient$AsyncStreamObservers.access$100(GrpcClientProtocolClient.java:300)
	at org.apache.ratis.grpc.client.GrpcClientProtocolClient$AsyncStreamObservers$1.onNext(GrpcClientProtocolClient.java:322)
	at org.apache.ratis.grpc.client.GrpcClientProtocolClient$AsyncStreamObservers$1.onNext(GrpcClientProtocolClient.java:305)
	at org.apache.ratis.thirdparty.io.grpc.stub.ClientCalls$StreamObserverToCallListenerAdapter.onMessage(ClientCalls.java:468)
	at org.apache.ratis.thirdparty.io.grpc.ForwardingClientCallListener.onMessage(ForwardingClientCallListener.java:33)
	at org.apache.ratis.thirdparty.io.grpc.internal.DelayedClientCall$DelayedListener.onMessage(DelayedClientCall.java:473)
	at org.apache.ratis.thirdparty.io.grpc.internal.ClientCallImpl$ClientStreamListenerImpl$1MessagesAvailable.runInternal(ClientCallImpl.java:660)
	at org.apache.ratis.thirdparty.io.grpc.internal.ClientCallImpl$ClientStreamListenerImpl$1MessagesAvailable.runInContext(ClientCallImpl.java:647)
	at org.apache.ratis.thirdparty.io.grpc.internal.ContextRunnable.run(ContextRunnable.java:37)
	at org.apache.ratis.thirdparty.io.grpc.internal.SerializingExecutor.run(SerializingExecutor.java:133)
	at java.base/java.util.concurrent.ThreadPoolExecutor.runWorker(ThreadPoolExecutor.java:1136)
	at java.base/java.util.concurrent.ThreadPoolExecutor$Worker.run(ThreadPoolExecutor.java:635)
	at java.base/java.lang.Thread.run(Thread.java:840)
Caused by: org.apache.ratis.protocol.exceptions.StateMachineException: org.apache.hadoop.hdds.scm.container.common.helpers.ContainerNotOpenException from Server 98b1311b-33ed-441a-9d1f-284a1b8d0a39@group-8C4206E090CE: Container 1 in CLOSED state
	at org.apache.hadoop.ozone.container.common.impl.HddsDispatcher.validateContainerCommand(HddsDispatcher.java:569)
	at org.apache.hadoop.ozone.container.common.transport.server.ratis.ContainerStateMachine.startTransaction(ContainerStateMachine.java:418)
	at org.apache.ratis.server.impl.RaftServerImpl.writeAsyncImpl(RaftServerImpl.java:975)
	at org.apache.ratis.server.impl.RaftServerImpl.writeAsync(RaftServerImpl.java:945)
	at org.apache.ratis.server.impl.RaftServerImpl.replyFuture(RaftServerImpl.java:937)
	at org.apache.ratis.server.impl.RaftServerImpl.submitClientRequestAsync(RaftServerImpl.java:912)
	at org.apache.ratis.server.impl.RaftServerImpl.lambda$executeSubmitClientRequestAsync$11(RaftServerImpl.java:893)
	at java.base/java.util.concurrent.CompletableFuture$AsyncSupply.run(CompletableFuture.java:1768)
	... 3 more
Caused by: org.apache.hadoop.hdds.scm.container.common.helpers.ContainerNotOpenException: Container 1 in CLOSED state
	at jdk.internal.reflect.GeneratedConstructorAccessor90.newInstance(Unknown Source)
	at java.base/jdk.internal.reflect.DelegatingConstructorAccessorImpl.newInstance(DelegatingConstructorAccessorImpl.java:45)
	at java.base/java.lang.reflect.Constructor.newInstanceWithCaller(Constructor.java:500)
	at java.base/java.lang.reflect.Constructor.newInstance(Constructor.java:481)
	at org.apache.ratis.util.ReflectionUtils.instantiateException(ReflectionUtils.java:259)
	at org.apache.ratis.client.impl.ClientProtoUtils.toStateMachineException(ClientProtoUtils.java:451)
	at org.apache.ratis.client.impl.ClientProtoUtils.toStateMachineException(ClientProtoUtils.java:437)
	at org.apache.ratis.client.impl.ClientProtoUtils.toRaftClientReply(ClientProtoUtils.java:404)
	at org.apache.ratis.grpc.client.GrpcClientProtocolClient$AsyncStreamObservers$1.onNext(GrpcClientProtocolClient.java:310)
	at org.apache.ratis.grpc.client.GrpcClientProtocolClient$AsyncStreamObservers$1.onNext(GrpcClientProtocolClient.java:305)
	at org.apache.ratis.thirdparty.io.grpc.stub.ClientCalls$StreamObserverToCallListenerAdapter.onMessage(ClientCalls.java:468)
	at org.apache.ratis.thirdparty.io.grpc.ForwardingClientCallListener.onMessage(ForwardingClientCallListener.java:33)
	at org.apache.ratis.thirdparty.io.grpc.internal.DelayedClientCall$DelayedListener.onMessage(DelayedClientCall.java:473)
	at org.apache.ratis.thirdparty.io.grpc.internal.ClientCallImpl$ClientStreamListenerImpl$1MessagesAvailable.runInternal(ClientCallImpl.java:660)
	at org.apache.ratis.thirdparty.io.grpc.internal.ClientCallImpl$ClientStreamListenerImpl$1MessagesAvailable.runInContext(ClientCallImpl.java:647)
	at org.apache.ratis.thirdparty.io.grpc.internal.ContextRunnable.run(ContextRunnable.java:37)
	at org.apache.ratis.thirdparty.io.grpc.internal.SerializingExecutor.run(SerializingExecutor.java:133)
	... 3 more
2024-08-09 18:21:11,060 [grpc-default-executor-0] ERROR impl.OrderedAsync (OrderedAsync.java:lambda$send$4(181)) - Failed to send request, message=cmdType: PutBlock
traceID: ""
containerID: 1
datanodeUuid: "3ef2c69f-b325-49e4-8b40-b7dfff9ecdd0"
putBlock {
  blockData {
    blockID {
      containerID: 1
      localID: 113750153625600001
      blockCommitSequenceId: 0
    }
    metadata {
      key: "TYPE"
      value: "KEY"
    }
    chunks {
      chunkName: "113750153625600001_chunk_1"
      offset: 0
      len: 100
      checksumData {
        type: NONE
        bytesPerChecksum: 16384
      }
    }
    chunks {
      chunkName: "113750153625600001_chunk_2"
      offset: 100
      len: 100
      checksumData {
        type: NONE
        bytesPerChecksum: 16384
      }
    }
    chunks {
      chunkName: "113750153625600001_chunk_3"
      offset: 200
      len: 100
      checksumData {
        type: NONE
        bytesPerChecksum: 16384
      }
    }
    chunks {
      chunkName: "113750153625600001_chunk_4"
      offset: 300
      len: 100
      checksumData {
        type: NONE
        bytesPerChecksum: 16384
      }
    }
    chunks {
      chunkName: "113750153625600001_chunk_5"
      offset: 400
      len: 100
      checksumData {
        type: NONE
        bytesPerChecksum: 16384
      }
    }
    chunks {
      chunkName: "113750153625600001_chunk_6"
      offset: 500
      len: 100
      checksumData {
        type: NONE
        bytesPerChecksum: 16384
      }
    }
    chunks {
      chunkName: "113750153625600001_chunk_7"
      offset: 600
      len: 100
      checksumData {
        type: NONE
        bytesPerChecksum: 16384
      }
    }
    chunks {
      chunkName: "113750153625600001_chunk_8"
      offset: 700
      len: 100
      checksumData {
        type: NONE
        bytesPerChecksum: 16384
      }
    }
  }
  eof: true
}
version: 4
, data.size=0
java.util.concurrent.CompletionException: org.apache.ratis.protocol.exceptions.StateMachineException: org.apache.hadoop.hdds.scm.container.common.helpers.ContainerNotOpenException from Server 98b1311b-33ed-441a-9d1f-284a1b8d0a39@group-8C4206E090CE: Container 1 in CLOSED state
	at org.apache.ratis.client.impl.RaftClientImpl.handleRaftException(RaftClientImpl.java:373)
	at org.apache.ratis.client.impl.OrderedAsync.lambda$send$3(OrderedAsync.java:175)
	at java.base/java.util.concurrent.CompletableFuture$UniApply.tryFire(CompletableFuture.java:646)
	at java.base/java.util.concurrent.CompletableFuture.postComplete(CompletableFuture.java:510)
	at java.base/java.util.concurrent.CompletableFuture.complete(CompletableFuture.java:2147)
	at org.apache.ratis.client.impl.OrderedAsync$PendingOrderedRequest.setReply(OrderedAsync.java:105)
	at org.apache.ratis.client.impl.OrderedAsync$PendingOrderedRequest.setReply(OrderedAsync.java:66)
	at org.apache.ratis.util.SlidingWindow$RequestMap.setReply(SlidingWindow.java:147)
	at org.apache.ratis.util.SlidingWindow$Client.receiveReply(SlidingWindow.java:351)
	at org.apache.ratis.client.impl.OrderedAsync.lambda$sendRequestWithRetry$5(OrderedAsync.java:210)
	at java.base/java.util.concurrent.CompletableFuture$UniAccept.tryFire(CompletableFuture.java:718)
	at java.base/java.util.concurrent.CompletableFuture.postComplete(CompletableFuture.java:510)
	at java.base/java.util.concurrent.CompletableFuture.complete(CompletableFuture.java:2147)
	at org.apache.ratis.grpc.client.GrpcClientProtocolClient$AsyncStreamObservers$1.lambda$onNext$0(GrpcClientProtocolClient.java:322)
	at java.base/java.util.Optional.ifPresent(Optional.java:178)
	at org.apache.ratis.grpc.client.GrpcClientProtocolClient$AsyncStreamObservers.handleReplyFuture(GrpcClientProtocolClient.java:378)
	at org.apache.ratis.grpc.client.GrpcClientProtocolClient$AsyncStreamObservers.access$100(GrpcClientProtocolClient.java:300)
	at org.apache.ratis.grpc.client.GrpcClientProtocolClient$AsyncStreamObservers$1.onNext(GrpcClientProtocolClient.java:322)
	at org.apache.ratis.grpc.client.GrpcClientProtocolClient$AsyncStreamObservers$1.onNext(GrpcClientProtocolClient.java:305)
	at org.apache.ratis.thirdparty.io.grpc.stub.ClientCalls$StreamObserverToCallListenerAdapter.onMessage(ClientCalls.java:468)
	at org.apache.ratis.thirdparty.io.grpc.ForwardingClientCallListener.onMessage(ForwardingClientCallListener.java:33)
	at org.apache.ratis.thirdparty.io.grpc.internal.DelayedClientCall$DelayedListener.onMessage(DelayedClientCall.java:473)
	at org.apache.ratis.thirdparty.io.grpc.internal.ClientCallImpl$ClientStreamListenerImpl$1MessagesAvailable.runInternal(ClientCallImpl.java:660)
	at org.apache.ratis.thirdparty.io.grpc.internal.ClientCallImpl$ClientStreamListenerImpl$1MessagesAvailable.runInContext(ClientCallImpl.java:647)
	at org.apache.ratis.thirdparty.io.grpc.internal.ContextRunnable.run(ContextRunnable.java:37)
	at org.apache.ratis.thirdparty.io.grpc.internal.SerializingExecutor.run(SerializingExecutor.java:133)
	at java.base/java.util.concurrent.ThreadPoolExecutor.runWorker(ThreadPoolExecutor.java:1136)
	at java.base/java.util.concurrent.ThreadPoolExecutor$Worker.run(ThreadPoolExecutor.java:635)
	at java.base/java.lang.Thread.run(Thread.java:840)
Caused by: org.apache.ratis.protocol.exceptions.StateMachineException: org.apache.hadoop.hdds.scm.container.common.helpers.ContainerNotOpenException from Server 98b1311b-33ed-441a-9d1f-284a1b8d0a39@group-8C4206E090CE: Container 1 in CLOSED state
	at org.apache.hadoop.ozone.container.common.impl.HddsDispatcher.validateContainerCommand(HddsDispatcher.java:569)
	at org.apache.hadoop.ozone.container.common.transport.server.ratis.ContainerStateMachine.startTransaction(ContainerStateMachine.java:418)
	at org.apache.ratis.server.impl.RaftServerImpl.writeAsyncImpl(RaftServerImpl.java:975)
	at org.apache.ratis.server.impl.RaftServerImpl.writeAsync(RaftServerImpl.java:945)
	at org.apache.ratis.server.impl.RaftServerImpl.replyFuture(RaftServerImpl.java:937)
	at org.apache.ratis.server.impl.RaftServerImpl.submitClientRequestAsync(RaftServerImpl.java:912)
	at org.apache.ratis.server.impl.RaftServerImpl.lambda$executeSubmitClientRequestAsync$11(RaftServerImpl.java:893)
	at java.base/java.util.concurrent.CompletableFuture$AsyncSupply.run(CompletableFuture.java:1768)
	... 3 more
Caused by: org.apache.hadoop.hdds.scm.container.common.helpers.ContainerNotOpenException: Container 1 in CLOSED state
	at jdk.internal.reflect.GeneratedConstructorAccessor90.newInstance(Unknown Source)
	at java.base/jdk.internal.reflect.DelegatingConstructorAccessorImpl.newInstance(DelegatingConstructorAccessorImpl.java:45)
	at java.base/java.lang.reflect.Constructor.newInstanceWithCaller(Constructor.java:500)
	at java.base/java.lang.reflect.Constructor.newInstance(Constructor.java:481)
	at org.apache.ratis.util.ReflectionUtils.instantiateException(ReflectionUtils.java:259)
	at org.apache.ratis.client.impl.ClientProtoUtils.toStateMachineException(ClientProtoUtils.java:451)
	at org.apache.ratis.client.impl.ClientProtoUtils.toStateMachineException(ClientProtoUtils.java:437)
	at org.apache.ratis.client.impl.ClientProtoUtils.toRaftClientReply(ClientProtoUtils.java:404)
	at org.apache.ratis.grpc.client.GrpcClientProtocolClient$AsyncStreamObservers$1.onNext(GrpcClientProtocolClient.java:310)
	at org.apache.ratis.grpc.client.GrpcClientProtocolClient$AsyncStreamObservers$1.onNext(GrpcClientProtocolClient.java:305)
	at org.apache.ratis.thirdparty.io.grpc.stub.ClientCalls$StreamObserverToCallListenerAdapter.onMessage(ClientCalls.java:468)
	at org.apache.ratis.thirdparty.io.grpc.ForwardingClientCallListener.onMessage(ForwardingClientCallListener.java:33)
	at org.apache.ratis.thirdparty.io.grpc.internal.DelayedClientCall$DelayedListener.onMessage(DelayedClientCall.java:473)
	at org.apache.ratis.thirdparty.io.grpc.internal.ClientCallImpl$ClientStreamListenerImpl$1MessagesAvailable.runInternal(ClientCallImpl.java:660)
	at org.apache.ratis.thirdparty.io.grpc.internal.ClientCallImpl$ClientStreamListenerImpl$1MessagesAvailable.runInContext(ClientCallImpl.java:647)
	at org.apache.ratis.thirdparty.io.grpc.internal.ContextRunnable.run(ContextRunnable.java:37)
	at org.apache.ratis.thirdparty.io.grpc.internal.SerializingExecutor.run(SerializingExecutor.java:133)
	... 3 more
2024-08-09 18:21:13,633 [main] INFO  scm.XceiverClientRatis (XceiverClientRatis.java:<init>(140)) - WatchType ALL_COMMITTED. Majority 1, 
2024-08-09 18:21:13,655 [EventQueue-CloseContainerForCloseContainerEventHandler] INFO  container.CloseContainerEventHandler (CloseContainerEventHandler.java:onMessage(88)) - Close container Event triggered for container : #3, current state: OPEN
2024-08-09 18:21:17,645 [98b1311b-33ed-441a-9d1f-284a1b8d0a39-ContainerOp-6a6564da-9bde-44be-a024-b6ed3cab776b-8] INFO  keyvalue.KeyValueContainer (KeyValueContainer.java:flushAndSyncDB(529)) - Container 3 is synced with bcsId 9.
2024-08-09 18:21:17,645 [98b1311b-33ed-441a-9d1f-284a1b8d0a39-ContainerOp-6a6564da-9bde-44be-a024-b6ed3cab776b-8] INFO  keyvalue.KeyValueContainer (KeyValueContainer.java:flushAndSyncDB(529)) - Container 3 is synced with bcsId 9.
2024-08-09 18:21:17,647 [98b1311b-33ed-441a-9d1f-284a1b8d0a39-ContainerOp-6a6564da-9bde-44be-a024-b6ed3cab776b-8] INFO  keyvalue.KeyValueContainer (KeyValueContainer.java:close(444)) - Container 3 is closed with bcsId 9.
2024-08-09 18:21:17,647 [FixedThreadPoolWithAffinityExecutor-0-0] INFO  container.IncrementalContainerReportHandler (AbstractContainerReportHandler.java:updateContainerState(312)) - Moving container #3 to CLOSED state, datanode 98b1311b-33ed-441a-9d1f-284a1b8d0a39(localhost/127.0.0.1) reported CLOSED replica with index 0.
18:21:17.657 [98b1311b-33ed-441a-9d1f-284a1b8d0a39-client-thread1] ERROR DNAudit - user=null | ip=null | op=WRITE_CHUNK {blockData=conID: 3 locID: 113750153625600003 bcsId: 9 replicaIndex: 0, blockDataSize=100} | ret=FAILURE
org.apache.hadoop.hdds.scm.container.common.helpers.ContainerNotOpenException: Container 3 in CLOSED state
	at org.apache.hadoop.ozone.container.common.impl.HddsDispatcher.validateContainerCommand(HddsDispatcher.java:569) ~[hdds-container-service-1.5.0-SNAPSHOT.jar:?]
	at org.apache.hadoop.ozone.container.common.transport.server.ratis.ContainerStateMachine.startTransaction(ContainerStateMachine.java:418) ~[hdds-container-service-1.5.0-SNAPSHOT.jar:?]
	at org.apache.ratis.server.impl.RaftServerImpl.writeAsyncImpl(RaftServerImpl.java:975) ~[ratis-server-3.1.0.jar:3.1.0]
	at org.apache.ratis.server.impl.RaftServerImpl.writeAsync(RaftServerImpl.java:945) ~[ratis-server-3.1.0.jar:3.1.0]
	at org.apache.ratis.server.impl.RaftServerImpl.replyFuture(RaftServerImpl.java:937) ~[ratis-server-3.1.0.jar:3.1.0]
	at org.apache.ratis.server.impl.RaftServerImpl.submitClientRequestAsync(RaftServerImpl.java:912) ~[ratis-server-3.1.0.jar:3.1.0]
	at org.apache.ratis.server.impl.RaftServerImpl.lambda$executeSubmitClientRequestAsync$11(RaftServerImpl.java:893) ~[ratis-server-3.1.0.jar:3.1.0]
	at java.base/java.util.concurrent.CompletableFuture$AsyncSupply.run(CompletableFuture.java:1768) [?:?]
	at java.base/java.util.concurrent.ThreadPoolExecutor.runWorker(ThreadPoolExecutor.java:1136) [?:?]
	at java.base/java.util.concurrent.ThreadPoolExecutor$Worker.run(ThreadPoolExecutor.java:635) [?:?]
	at java.base/java.lang.Thread.run(Thread.java:840) [?:?]
18:21:17.658 [98b1311b-33ed-441a-9d1f-284a1b8d0a39-client-thread1] ERROR DNAudit - user=null | ip=null | op=WRITE_CHUNK {blockData=conID: 3 locID: 113750153625600003 bcsId: 9 replicaIndex: 0, blockDataSize=100} | ret=FAILURE
org.apache.hadoop.hdds.scm.container.common.helpers.ContainerNotOpenException: Container 3 in CLOSED state
	at org.apache.hadoop.ozone.container.common.impl.HddsDispatcher.validateContainerCommand(HddsDispatcher.java:569) ~[hdds-container-service-1.5.0-SNAPSHOT.jar:?]
	at org.apache.hadoop.ozone.container.common.transport.server.ratis.ContainerStateMachine.startTransaction(ContainerStateMachine.java:418) ~[hdds-container-service-1.5.0-SNAPSHOT.jar:?]
	at org.apache.ratis.server.impl.RaftServerImpl.writeAsyncImpl(RaftServerImpl.java:975) ~[ratis-server-3.1.0.jar:3.1.0]
	at org.apache.ratis.server.impl.RaftServerImpl.writeAsync(RaftServerImpl.java:945) ~[ratis-server-3.1.0.jar:3.1.0]
	at org.apache.ratis.server.impl.RaftServerImpl.replyFuture(RaftServerImpl.java:937) ~[ratis-server-3.1.0.jar:3.1.0]
	at org.apache.ratis.server.impl.RaftServerImpl.submitClientRequestAsync(RaftServerImpl.java:912) ~[ratis-server-3.1.0.jar:3.1.0]
	at org.apache.ratis.server.impl.RaftServerImpl.lambda$executeSubmitClientRequestAsync$11(RaftServerImpl.java:893) ~[ratis-server-3.1.0.jar:3.1.0]
	at java.base/java.util.concurrent.CompletableFuture$AsyncSupply.run(CompletableFuture.java:1768) [?:?]
	at java.base/java.util.concurrent.ThreadPoolExecutor.runWorker(ThreadPoolExecutor.java:1136) [?:?]
	at java.base/java.util.concurrent.ThreadPoolExecutor$Worker.run(ThreadPoolExecutor.java:635) [?:?]
	at java.base/java.lang.Thread.run(Thread.java:840) [?:?]
18:21:17.659 [98b1311b-33ed-441a-9d1f-284a1b8d0a39-client-thread1] ERROR DNAudit - user=null | ip=null | op=PUT_BLOCK {blockData=[blockId=conID: 3 locID: 113750153625600003 bcsId: 0 replicaIndex: null, size=700]} | ret=FAILURE
org.apache.hadoop.hdds.scm.container.common.helpers.ContainerNotOpenException: Container 3 in CLOSED state
	at org.apache.hadoop.ozone.container.common.impl.HddsDispatcher.validateContainerCommand(HddsDispatcher.java:569) ~[hdds-container-service-1.5.0-SNAPSHOT.jar:?]
	at org.apache.hadoop.ozone.container.common.transport.server.ratis.ContainerStateMachine.startTransaction(ContainerStateMachine.java:418) ~[hdds-container-service-1.5.0-SNAPSHOT.jar:?]
	at org.apache.ratis.server.impl.RaftServerImpl.writeAsyncImpl(RaftServerImpl.java:975) ~[ratis-server-3.1.0.jar:3.1.0]
	at org.apache.ratis.server.impl.RaftServerImpl.writeAsync(RaftServerImpl.java:945) ~[ratis-server-3.1.0.jar:3.1.0]
	at org.apache.ratis.server.impl.RaftServerImpl.replyFuture(RaftServerImpl.java:937) ~[ratis-server-3.1.0.jar:3.1.0]
	at org.apache.ratis.server.impl.RaftServerImpl.submitClientRequestAsync(RaftServerImpl.java:912) ~[ratis-server-3.1.0.jar:3.1.0]
	at org.apache.ratis.server.impl.RaftServerImpl.lambda$executeSubmitClientRequestAsync$11(RaftServerImpl.java:893) ~[ratis-server-3.1.0.jar:3.1.0]
	at java.base/java.util.concurrent.CompletableFuture$AsyncSupply.run(CompletableFuture.java:1768) [?:?]
	at java.base/java.util.concurrent.ThreadPoolExecutor.runWorker(ThreadPoolExecutor.java:1136) [?:?]
	at java.base/java.util.concurrent.ThreadPoolExecutor$Worker.run(ThreadPoolExecutor.java:635) [?:?]
	at java.base/java.lang.Thread.run(Thread.java:840) [?:?]
2024-08-09 18:21:17,659 [grpc-default-executor-3] ERROR impl.OrderedAsync (OrderedAsync.java:lambda$send$4(181)) - Failed to send request, message=cmdType: WriteChunk
traceID: ""
containerID: 3
datanodeUuid: "98b1311b-33ed-441a-9d1f-284a1b8d0a39"
writeChunk {
  blockID {
    containerID: 3
    localID: 113750153625600003
    blockCommitSequenceId: 9
    replicaIndex: 0
  }
  chunkData {
    chunkName: "113750153625600003_chunk_6"
    offset: 500
    len: 100
    checksumData {
      type: NONE
      bytesPerChecksum: 16384
    }
  }
}
version: 4
, data.size=100
java.util.concurrent.CompletionException: org.apache.ratis.protocol.exceptions.StateMachineException: org.apache.hadoop.hdds.scm.container.common.helpers.ContainerNotOpenException from Server 98b1311b-33ed-441a-9d1f-284a1b8d0a39@group-B6ED3CAB776B: Container 3 in CLOSED state
	at org.apache.ratis.client.impl.RaftClientImpl.handleRaftException(RaftClientImpl.java:373)
	at org.apache.ratis.client.impl.OrderedAsync.lambda$send$3(OrderedAsync.java:175)
	at java.base/java.util.concurrent.CompletableFuture$UniApply.tryFire(CompletableFuture.java:646)
	at java.base/java.util.concurrent.CompletableFuture.postComplete(CompletableFuture.java:510)
	at java.base/java.util.concurrent.CompletableFuture.complete(CompletableFuture.java:2147)
	at org.apache.ratis.client.impl.OrderedAsync$PendingOrderedRequest.setReply(OrderedAsync.java:105)
	at org.apache.ratis.client.impl.OrderedAsync$PendingOrderedRequest.setReply(OrderedAsync.java:66)
	at org.apache.ratis.util.SlidingWindow$RequestMap.setReply(SlidingWindow.java:147)
	at org.apache.ratis.util.SlidingWindow$Client.receiveReply(SlidingWindow.java:351)
	at org.apache.ratis.client.impl.OrderedAsync.lambda$sendRequestWithRetry$5(OrderedAsync.java:210)
	at java.base/java.util.concurrent.CompletableFuture$UniAccept.tryFire(CompletableFuture.java:718)
	at java.base/java.util.concurrent.CompletableFuture.postComplete(CompletableFuture.java:510)
	at java.base/java.util.concurrent.CompletableFuture.complete(CompletableFuture.java:2147)
	at org.apache.ratis.grpc.client.GrpcClientProtocolClient$AsyncStreamObservers$1.lambda$onNext$0(GrpcClientProtocolClient.java:322)
	at java.base/java.util.Optional.ifPresent(Optional.java:178)
	at org.apache.ratis.grpc.client.GrpcClientProtocolClient$AsyncStreamObservers.handleReplyFuture(GrpcClientProtocolClient.java:378)
	at org.apache.ratis.grpc.client.GrpcClientProtocolClient$AsyncStreamObservers.access$100(GrpcClientProtocolClient.java:300)
	at org.apache.ratis.grpc.client.GrpcClientProtocolClient$AsyncStreamObservers$1.onNext(GrpcClientProtocolClient.java:322)
	at org.apache.ratis.grpc.client.GrpcClientProtocolClient$AsyncStreamObservers$1.onNext(GrpcClientProtocolClient.java:305)
	at org.apache.ratis.thirdparty.io.grpc.stub.ClientCalls$StreamObserverToCallListenerAdapter.onMessage(ClientCalls.java:468)
	at org.apache.ratis.thirdparty.io.grpc.ForwardingClientCallListener.onMessage(ForwardingClientCallListener.java:33)
	at org.apache.ratis.thirdparty.io.grpc.internal.ClientCallImpl$ClientStreamListenerImpl$1MessagesAvailable.runInternal(ClientCallImpl.java:660)
	at org.apache.ratis.thirdparty.io.grpc.internal.ClientCallImpl$ClientStreamListenerImpl$1MessagesAvailable.runInContext(ClientCallImpl.java:647)
	at org.apache.ratis.thirdparty.io.grpc.internal.ContextRunnable.run(ContextRunnable.java:37)
	at org.apache.ratis.thirdparty.io.grpc.internal.SerializingExecutor.run(SerializingExecutor.java:133)
	at java.base/java.util.concurrent.ThreadPoolExecutor.runWorker(ThreadPoolExecutor.java:1136)
	at java.base/java.util.concurrent.ThreadPoolExecutor$Worker.run(ThreadPoolExecutor.java:635)
	at java.base/java.lang.Thread.run(Thread.java:840)
Caused by: org.apache.ratis.protocol.exceptions.StateMachineException: org.apache.hadoop.hdds.scm.container.common.helpers.ContainerNotOpenException from Server 98b1311b-33ed-441a-9d1f-284a1b8d0a39@group-B6ED3CAB776B: Container 3 in CLOSED state
	at org.apache.hadoop.ozone.container.common.impl.HddsDispatcher.validateContainerCommand(HddsDispatcher.java:569)
	at org.apache.hadoop.ozone.container.common.transport.server.ratis.ContainerStateMachine.startTransaction(ContainerStateMachine.java:418)
	at org.apache.ratis.server.impl.RaftServerImpl.writeAsyncImpl(RaftServerImpl.java:975)
	at org.apache.ratis.server.impl.RaftServerImpl.writeAsync(RaftServerImpl.java:945)
	at org.apache.ratis.server.impl.RaftServerImpl.replyFuture(RaftServerImpl.java:937)
	at org.apache.ratis.server.impl.RaftServerImpl.submitClientRequestAsync(RaftServerImpl.java:912)
	at org.apache.ratis.server.impl.RaftServerImpl.lambda$executeSubmitClientRequestAsync$11(RaftServerImpl.java:893)
	at java.base/java.util.concurrent.CompletableFuture$AsyncSupply.run(CompletableFuture.java:1768)
	... 3 more
Caused by: org.apache.hadoop.hdds.scm.container.common.helpers.ContainerNotOpenException: Container 3 in CLOSED state
	at jdk.internal.reflect.GeneratedConstructorAccessor90.newInstance(Unknown Source)
	at java.base/jdk.internal.reflect.DelegatingConstructorAccessorImpl.newInstance(DelegatingConstructorAccessorImpl.java:45)
	at java.base/java.lang.reflect.Constructor.newInstanceWithCaller(Constructor.java:500)
	at java.base/java.lang.reflect.Constructor.newInstance(Constructor.java:481)
	at org.apache.ratis.util.ReflectionUtils.instantiateException(ReflectionUtils.java:259)
	at org.apache.ratis.client.impl.ClientProtoUtils.toStateMachineException(ClientProtoUtils.java:451)
	at org.apache.ratis.client.impl.ClientProtoUtils.toStateMachineException(ClientProtoUtils.java:437)
	at org.apache.ratis.client.impl.ClientProtoUtils.toRaftClientReply(ClientProtoUtils.java:404)
	at org.apache.ratis.grpc.client.GrpcClientProtocolClient$AsyncStreamObservers$1.onNext(GrpcClientProtocolClient.java:310)
	at org.apache.ratis.grpc.client.GrpcClientProtocolClient$AsyncStreamObservers$1.onNext(GrpcClientProtocolClient.java:305)
	at org.apache.ratis.thirdparty.io.grpc.stub.ClientCalls$StreamObserverToCallListenerAdapter.onMessage(ClientCalls.java:468)
	at org.apache.ratis.thirdparty.io.grpc.ForwardingClientCallListener.onMessage(ForwardingClientCallListener.java:33)
	at org.apache.ratis.thirdparty.io.grpc.internal.ClientCallImpl$ClientStreamListenerImpl$1MessagesAvailable.runInternal(ClientCallImpl.java:660)
	at org.apache.ratis.thirdparty.io.grpc.internal.ClientCallImpl$ClientStreamListenerImpl$1MessagesAvailable.runInContext(ClientCallImpl.java:647)
	at org.apache.ratis.thirdparty.io.grpc.internal.ContextRunnable.run(ContextRunnable.java:37)
	at org.apache.ratis.thirdparty.io.grpc.internal.SerializingExecutor.run(SerializingExecutor.java:133)
	... 3 more
18:21:17.660 [98b1311b-33ed-441a-9d1f-284a1b8d0a39-client-thread1] ERROR DNAudit - user=null | ip=null | op=WRITE_CHUNK {blockData=conID: 3 locID: 113750153625600003 bcsId: 9 replicaIndex: 0, blockDataSize=100} | ret=FAILURE
org.apache.hadoop.hdds.scm.container.common.helpers.ContainerNotOpenException: Container 3 in CLOSED state
	at org.apache.hadoop.ozone.container.common.impl.HddsDispatcher.validateContainerCommand(HddsDispatcher.java:569) ~[hdds-container-service-1.5.0-SNAPSHOT.jar:?]
	at org.apache.hadoop.ozone.container.common.transport.server.ratis.ContainerStateMachine.startTransaction(ContainerStateMachine.java:418) ~[hdds-container-service-1.5.0-SNAPSHOT.jar:?]
	at org.apache.ratis.server.impl.RaftServerImpl.writeAsyncImpl(RaftServerImpl.java:975) ~[ratis-server-3.1.0.jar:3.1.0]
	at org.apache.ratis.server.impl.RaftServerImpl.writeAsync(RaftServerImpl.java:945) ~[ratis-server-3.1.0.jar:3.1.0]
	at org.apache.ratis.server.impl.RaftServerImpl.replyFuture(RaftServerImpl.java:937) ~[ratis-server-3.1.0.jar:3.1.0]
	at org.apache.ratis.server.impl.RaftServerImpl.submitClientRequestAsync(RaftServerImpl.java:912) ~[ratis-server-3.1.0.jar:3.1.0]
	at org.apache.ratis.server.impl.RaftServerImpl.lambda$executeSubmitClientRequestAsync$11(RaftServerImpl.java:893) ~[ratis-server-3.1.0.jar:3.1.0]
	at java.base/java.util.concurrent.CompletableFuture$AsyncSupply.run(CompletableFuture.java:1768) [?:?]
	at java.base/java.util.concurrent.ThreadPoolExecutor.runWorker(ThreadPoolExecutor.java:1136) [?:?]
	at java.base/java.util.concurrent.ThreadPoolExecutor$Worker.run(ThreadPoolExecutor.java:635) [?:?]
	at java.base/java.lang.Thread.run(Thread.java:840) [?:?]
18:21:17.660 [98b1311b-33ed-441a-9d1f-284a1b8d0a39-client-thread1] ERROR DNAudit - user=null | ip=null | op=PUT_BLOCK {blockData=[blockId=conID: 3 locID: 113750153625600003 bcsId: 0 replicaIndex: null, size=800]} | ret=FAILURE
org.apache.hadoop.hdds.scm.container.common.helpers.ContainerNotOpenException: Container 3 in CLOSED state
	at org.apache.hadoop.ozone.container.common.impl.HddsDispatcher.validateContainerCommand(HddsDispatcher.java:569) ~[hdds-container-service-1.5.0-SNAPSHOT.jar:?]
	at org.apache.hadoop.ozone.container.common.transport.server.ratis.ContainerStateMachine.startTransaction(ContainerStateMachine.java:418) ~[hdds-container-service-1.5.0-SNAPSHOT.jar:?]
	at org.apache.ratis.server.impl.RaftServerImpl.writeAsyncImpl(RaftServerImpl.java:975) ~[ratis-server-3.1.0.jar:3.1.0]
	at org.apache.ratis.server.impl.RaftServerImpl.writeAsync(RaftServerImpl.java:945) ~[ratis-server-3.1.0.jar:3.1.0]
	at org.apache.ratis.server.impl.RaftServerImpl.replyFuture(RaftServerImpl.java:937) ~[ratis-server-3.1.0.jar:3.1.0]
	at org.apache.ratis.server.impl.RaftServerImpl.submitClientRequestAsync(RaftServerImpl.java:912) ~[ratis-server-3.1.0.jar:3.1.0]
	at org.apache.ratis.server.impl.RaftServerImpl.lambda$executeSubmitClientRequestAsync$11(RaftServerImpl.java:893) ~[ratis-server-3.1.0.jar:3.1.0]
	at java.base/java.util.concurrent.CompletableFuture$AsyncSupply.run(CompletableFuture.java:1768) [?:?]
	at java.base/java.util.concurrent.ThreadPoolExecutor.runWorker(ThreadPoolExecutor.java:1136) [?:?]
	at java.base/java.util.concurrent.ThreadPoolExecutor$Worker.run(ThreadPoolExecutor.java:635) [?:?]
	at java.base/java.lang.Thread.run(Thread.java:840) [?:?]
2024-08-09 18:21:17,660 [grpc-default-executor-3] ERROR impl.OrderedAsync (OrderedAsync.java:lambda$send$4(181)) - Failed to send request, message=cmdType: WriteChunk
traceID: ""
containerID: 3
datanodeUuid: "98b1311b-33ed-441a-9d1f-284a1b8d0a39"
writeChunk {
  blockID {
    containerID: 3
    localID: 113750153625600003
    blockCommitSequenceId: 9
    replicaIndex: 0
  }
  chunkData {
    chunkName: "113750153625600003_chunk_7"
    offset: 600
    len: 100
    checksumData {
      type: NONE
      bytesPerChecksum: 16384
    }
  }
}
version: 4
, data.size=100
java.util.concurrent.CompletionException: org.apache.ratis.protocol.exceptions.StateMachineException: org.apache.hadoop.hdds.scm.container.common.helpers.ContainerNotOpenException from Server 98b1311b-33ed-441a-9d1f-284a1b8d0a39@group-B6ED3CAB776B: Container 3 in CLOSED state
	at org.apache.ratis.client.impl.RaftClientImpl.handleRaftException(RaftClientImpl.java:373)
	at org.apache.ratis.client.impl.OrderedAsync.lambda$send$3(OrderedAsync.java:175)
	at java.base/java.util.concurrent.CompletableFuture$UniApply.tryFire(CompletableFuture.java:646)
	at java.base/java.util.concurrent.CompletableFuture.postComplete(CompletableFuture.java:510)
	at java.base/java.util.concurrent.CompletableFuture.complete(CompletableFuture.java:2147)
	at org.apache.ratis.client.impl.OrderedAsync$PendingOrderedRequest.setReply(OrderedAsync.java:105)
	at org.apache.ratis.client.impl.OrderedAsync$PendingOrderedRequest.setReply(OrderedAsync.java:66)
	at org.apache.ratis.util.SlidingWindow$RequestMap.setReply(SlidingWindow.java:147)
	at org.apache.ratis.util.SlidingWindow$Client.receiveReply(SlidingWindow.java:351)
	at org.apache.ratis.client.impl.OrderedAsync.lambda$sendRequestWithRetry$5(OrderedAsync.java:210)
	at java.base/java.util.concurrent.CompletableFuture$UniAccept.tryFire(CompletableFuture.java:718)
	at java.base/java.util.concurrent.CompletableFuture.postComplete(CompletableFuture.java:510)
	at java.base/java.util.concurrent.CompletableFuture.complete(CompletableFuture.java:2147)
	at org.apache.ratis.grpc.client.GrpcClientProtocolClient$AsyncStreamObservers$1.lambda$onNext$0(GrpcClientProtocolClient.java:322)
	at java.base/java.util.Optional.ifPresent(Optional.java:178)
	at org.apache.ratis.grpc.client.GrpcClientProtocolClient$AsyncStreamObservers.handleReplyFuture(GrpcClientProtocolClient.java:378)
	at org.apache.ratis.grpc.client.GrpcClientProtocolClient$AsyncStreamObservers.access$100(GrpcClientProtocolClient.java:300)
	at org.apache.ratis.grpc.client.GrpcClientProtocolClient$AsyncStreamObservers$1.onNext(GrpcClientProtocolClient.java:322)
	at org.apache.ratis.grpc.client.GrpcClientProtocolClient$AsyncStreamObservers$1.onNext(GrpcClientProtocolClient.java:305)
	at org.apache.ratis.thirdparty.io.grpc.stub.ClientCalls$StreamObserverToCallListenerAdapter.onMessage(ClientCalls.java:468)
	at org.apache.ratis.thirdparty.io.grpc.ForwardingClientCallListener.onMessage(ForwardingClientCallListener.java:33)
	at org.apache.ratis.thirdparty.io.grpc.internal.ClientCallImpl$ClientStreamListenerImpl$1MessagesAvailable.runInternal(ClientCallImpl.java:660)
	at org.apache.ratis.thirdparty.io.grpc.internal.ClientCallImpl$ClientStreamListenerImpl$1MessagesAvailable.runInContext(ClientCallImpl.java:647)
	at org.apache.ratis.thirdparty.io.grpc.internal.ContextRunnable.run(ContextRunnable.java:37)
	at org.apache.ratis.thirdparty.io.grpc.internal.SerializingExecutor.run(SerializingExecutor.java:133)
	at java.base/java.util.concurrent.ThreadPoolExecutor.runWorker(ThreadPoolExecutor.java:1136)
	at java.base/java.util.concurrent.ThreadPoolExecutor$Worker.run(ThreadPoolExecutor.java:635)
	at java.base/java.lang.Thread.run(Thread.java:840)
Caused by: org.apache.ratis.protocol.exceptions.StateMachineException: org.apache.hadoop.hdds.scm.container.common.helpers.ContainerNotOpenException from Server 98b1311b-33ed-441a-9d1f-284a1b8d0a39@group-B6ED3CAB776B: Container 3 in CLOSED state
	at org.apache.hadoop.ozone.container.common.impl.HddsDispatcher.validateContainerCommand(HddsDispatcher.java:569)
	at org.apache.hadoop.ozone.container.common.transport.server.ratis.ContainerStateMachine.startTransaction(ContainerStateMachine.java:418)
	at org.apache.ratis.server.impl.RaftServerImpl.writeAsyncImpl(RaftServerImpl.java:975)
	at org.apache.ratis.server.impl.RaftServerImpl.writeAsync(RaftServerImpl.java:945)
	at org.apache.ratis.server.impl.RaftServerImpl.replyFuture(RaftServerImpl.java:937)
	at org.apache.ratis.server.impl.RaftServerImpl.submitClientRequestAsync(RaftServerImpl.java:912)
	at org.apache.ratis.server.impl.RaftServerImpl.lambda$executeSubmitClientRequestAsync$11(RaftServerImpl.java:893)
	at java.base/java.util.concurrent.CompletableFuture$AsyncSupply.run(CompletableFuture.java:1768)
	... 3 more
Caused by: org.apache.hadoop.hdds.scm.container.common.helpers.ContainerNotOpenException: Container 3 in CLOSED state
	at jdk.internal.reflect.GeneratedConstructorAccessor90.newInstance(Unknown Source)
	at java.base/jdk.internal.reflect.DelegatingConstructorAccessorImpl.newInstance(DelegatingConstructorAccessorImpl.java:45)
	at java.base/java.lang.reflect.Constructor.newInstanceWithCaller(Constructor.java:500)
	at java.base/java.lang.reflect.Constructor.newInstance(Constructor.java:481)
	at org.apache.ratis.util.ReflectionUtils.instantiateException(ReflectionUtils.java:259)
	at org.apache.ratis.client.impl.ClientProtoUtils.toStateMachineException(ClientProtoUtils.java:451)
	at org.apache.ratis.client.impl.ClientProtoUtils.toStateMachineException(ClientProtoUtils.java:437)
	at org.apache.ratis.client.impl.ClientProtoUtils.toRaftClientReply(ClientProtoUtils.java:404)
	at org.apache.ratis.grpc.client.GrpcClientProtocolClient$AsyncStreamObservers$1.onNext(GrpcClientProtocolClient.java:310)
	at org.apache.ratis.grpc.client.GrpcClientProtocolClient$AsyncStreamObservers$1.onNext(GrpcClientProtocolClient.java:305)
	at org.apache.ratis.thirdparty.io.grpc.stub.ClientCalls$StreamObserverToCallListenerAdapter.onMessage(ClientCalls.java:468)
	at org.apache.ratis.thirdparty.io.grpc.ForwardingClientCallListener.onMessage(ForwardingClientCallListener.java:33)
	at org.apache.ratis.thirdparty.io.grpc.internal.ClientCallImpl$ClientStreamListenerImpl$1MessagesAvailable.runInternal(ClientCallImpl.java:660)
	at org.apache.ratis.thirdparty.io.grpc.internal.ClientCallImpl$ClientStreamListenerImpl$1MessagesAvailable.runInContext(ClientCallImpl.java:647)
	at org.apache.ratis.thirdparty.io.grpc.internal.ContextRunnable.run(ContextRunnable.java:37)
	at org.apache.ratis.thirdparty.io.grpc.internal.SerializingExecutor.run(SerializingExecutor.java:133)
	... 3 more
2024-08-09 18:21:17,661 [grpc-default-executor-3] ERROR impl.OrderedAsync (OrderedAsync.java:lambda$send$4(181)) - Failed to send request, message=cmdType: PutBlock
traceID: ""
containerID: 3
datanodeUuid: "98b1311b-33ed-441a-9d1f-284a1b8d0a39"
putBlock {
  blockData {
    blockID {
      containerID: 3
      localID: 113750153625600003
      blockCommitSequenceId: 0
    }
    metadata {
      key: "TYPE"
      value: "KEY"
    }
    chunks {
      chunkName: "113750153625600003_chunk_1"
      offset: 0
      len: 100
      checksumData {
        type: NONE
        bytesPerChecksum: 16384
      }
    }
    chunks {
      chunkName: "113750153625600003_chunk_2"
      offset: 100
      len: 100
      checksumData {
        type: NONE
        bytesPerChecksum: 16384
      }
    }
    chunks {
      chunkName: "113750153625600003_chunk_3"
      offset: 200
      len: 100
      checksumData {
        type: NONE
        bytesPerChecksum: 16384
      }
    }
    chunks {
      chunkName: "113750153625600003_chunk_4"
      offset: 300
      len: 100
      checksumData {
        type: NONE
        bytesPerChecksum: 16384
      }
    }
    chunks {
      chunkName: "113750153625600003_chunk_5"
      offset: 400
      len: 100
      checksumData {
        type: NONE
        bytesPerChecksum: 16384
      }
    }
    chunks {
      chunkName: "113750153625600003_chunk_6"
      offset: 500
      len: 100
      checksumData {
        type: NONE
        bytesPerChecksum: 16384
      }
    }
    chunks {
      chunkName: "113750153625600003_chunk_7"
      offset: 600
      len: 100
      checksumData {
        type: NONE
        bytesPerChecksum: 16384
      }
    }
  }
  eof: false
}
version: 4
, data.size=0
java.util.concurrent.CompletionException: org.apache.ratis.protocol.exceptions.StateMachineException: org.apache.hadoop.hdds.scm.container.common.helpers.ContainerNotOpenException from Server 98b1311b-33ed-441a-9d1f-284a1b8d0a39@group-B6ED3CAB776B: Container 3 in CLOSED state
	at org.apache.ratis.client.impl.RaftClientImpl.handleRaftException(RaftClientImpl.java:373)
	at org.apache.ratis.client.impl.OrderedAsync.lambda$send$3(OrderedAsync.java:175)
	at java.base/java.util.concurrent.CompletableFuture$UniApply.tryFire(CompletableFuture.java:646)
	at java.base/java.util.concurrent.CompletableFuture.postComplete(CompletableFuture.java:510)
	at java.base/java.util.concurrent.CompletableFuture.complete(CompletableFuture.java:2147)
	at org.apache.ratis.client.impl.OrderedAsync$PendingOrderedRequest.setReply(OrderedAsync.java:105)
	at org.apache.ratis.client.impl.OrderedAsync$PendingOrderedRequest.setReply(OrderedAsync.java:66)
	at org.apache.ratis.util.SlidingWindow$RequestMap.setReply(SlidingWindow.java:147)
	at org.apache.ratis.util.SlidingWindow$Client.receiveReply(SlidingWindow.java:351)
	at org.apache.ratis.client.impl.OrderedAsync.lambda$sendRequestWithRetry$5(OrderedAsync.java:210)
	at java.base/java.util.concurrent.CompletableFuture$UniAccept.tryFire(CompletableFuture.java:718)
	at java.base/java.util.concurrent.CompletableFuture.postComplete(CompletableFuture.java:510)
	at java.base/java.util.concurrent.CompletableFuture.complete(CompletableFuture.java:2147)
	at org.apache.ratis.grpc.client.GrpcClientProtocolClient$AsyncStreamObservers$1.lambda$onNext$0(GrpcClientProtocolClient.java:322)
	at java.base/java.util.Optional.ifPresent(Optional.java:178)
	at org.apache.ratis.grpc.client.GrpcClientProtocolClient$AsyncStreamObservers.handleReplyFuture(GrpcClientProtocolClient.java:378)
	at org.apache.ratis.grpc.client.GrpcClientProtocolClient$AsyncStreamObservers.access$100(GrpcClientProtocolClient.java:300)
	at org.apache.ratis.grpc.client.GrpcClientProtocolClient$AsyncStreamObservers$1.onNext(GrpcClientProtocolClient.java:322)
	at org.apache.ratis.grpc.client.GrpcClientProtocolClient$AsyncStreamObservers$1.onNext(GrpcClientProtocolClient.java:305)
	at org.apache.ratis.thirdparty.io.grpc.stub.ClientCalls$StreamObserverToCallListenerAdapter.onMessage(ClientCalls.java:468)
	at org.apache.ratis.thirdparty.io.grpc.ForwardingClientCallListener.onMessage(ForwardingClientCallListener.java:33)
	at org.apache.ratis.thirdparty.io.grpc.internal.ClientCallImpl$ClientStreamListenerImpl$1MessagesAvailable.runInternal(ClientCallImpl.java:660)
	at org.apache.ratis.thirdparty.io.grpc.internal.ClientCallImpl$ClientStreamListenerImpl$1MessagesAvailable.runInContext(ClientCallImpl.java:647)
	at org.apache.ratis.thirdparty.io.grpc.internal.ContextRunnable.run(ContextRunnable.java:37)
	at org.apache.ratis.thirdparty.io.grpc.internal.SerializingExecutor.run(SerializingExecutor.java:133)
	at java.base/java.util.concurrent.ThreadPoolExecutor.runWorker(ThreadPoolExecutor.java:1136)
	at java.base/java.util.concurrent.ThreadPoolExecutor$Worker.run(ThreadPoolExecutor.java:635)
	at java.base/java.lang.Thread.run(Thread.java:840)
Caused by: org.apache.ratis.protocol.exceptions.StateMachineException: org.apache.hadoop.hdds.scm.container.common.helpers.ContainerNotOpenException from Server 98b1311b-33ed-441a-9d1f-284a1b8d0a39@group-B6ED3CAB776B: Container 3 in CLOSED state
	at org.apache.hadoop.ozone.container.common.impl.HddsDispatcher.validateContainerCommand(HddsDispatcher.java:569)
	at org.apache.hadoop.ozone.container.common.transport.server.ratis.ContainerStateMachine.startTransaction(ContainerStateMachine.java:418)
	at org.apache.ratis.server.impl.RaftServerImpl.writeAsyncImpl(RaftServerImpl.java:975)
	at org.apache.ratis.server.impl.RaftServerImpl.writeAsync(RaftServerImpl.java:945)
	at org.apache.ratis.server.impl.RaftServerImpl.replyFuture(RaftServerImpl.java:937)
	at org.apache.ratis.server.impl.RaftServerImpl.submitClientRequestAsync(RaftServerImpl.java:912)
	at org.apache.ratis.server.impl.RaftServerImpl.lambda$executeSubmitClientRequestAsync$11(RaftServerImpl.java:893)
	at java.base/java.util.concurrent.CompletableFuture$AsyncSupply.run(CompletableFuture.java:1768)
	... 3 more
Caused by: org.apache.hadoop.hdds.scm.container.common.helpers.ContainerNotOpenException: Container 3 in CLOSED state
	at jdk.internal.reflect.GeneratedConstructorAccessor90.newInstance(Unknown Source)
	at java.base/jdk.internal.reflect.DelegatingConstructorAccessorImpl.newInstance(DelegatingConstructorAccessorImpl.java:45)
	at java.base/java.lang.reflect.Constructor.newInstanceWithCaller(Constructor.java:500)
	at java.base/java.lang.reflect.Constructor.newInstance(Constructor.java:481)
	at org.apache.ratis.util.ReflectionUtils.instantiateException(ReflectionUtils.java:259)
	at org.apache.ratis.client.impl.ClientProtoUtils.toStateMachineException(ClientProtoUtils.java:451)
	at org.apache.ratis.client.impl.ClientProtoUtils.toStateMachineException(ClientProtoUtils.java:437)
	at org.apache.ratis.client.impl.ClientProtoUtils.toRaftClientReply(ClientProtoUtils.java:404)
	at org.apache.ratis.grpc.client.GrpcClientProtocolClient$AsyncStreamObservers$1.onNext(GrpcClientProtocolClient.java:310)
	at org.apache.ratis.grpc.client.GrpcClientProtocolClient$AsyncStreamObservers$1.onNext(GrpcClientProtocolClient.java:305)
	at org.apache.ratis.thirdparty.io.grpc.stub.ClientCalls$StreamObserverToCallListenerAdapter.onMessage(ClientCalls.java:468)
	at org.apache.ratis.thirdparty.io.grpc.ForwardingClientCallListener.onMessage(ForwardingClientCallListener.java:33)
	at org.apache.ratis.thirdparty.io.grpc.internal.ClientCallImpl$ClientStreamListenerImpl$1MessagesAvailable.runInternal(ClientCallImpl.java:660)
	at org.apache.ratis.thirdparty.io.grpc.internal.ClientCallImpl$ClientStreamListenerImpl$1MessagesAvailable.runInContext(ClientCallImpl.java:647)
	at org.apache.ratis.thirdparty.io.grpc.internal.ContextRunnable.run(ContextRunnable.java:37)
	at org.apache.ratis.thirdparty.io.grpc.internal.SerializingExecutor.run(SerializingExecutor.java:133)
	... 3 more
2024-08-09 18:21:17,662 [grpc-default-executor-3] ERROR impl.OrderedAsync (OrderedAsync.java:lambda$send$4(181)) - Failed to send request, message=cmdType: WriteChunk
traceID: ""
containerID: 3
datanodeUuid: "98b1311b-33ed-441a-9d1f-284a1b8d0a39"
writeChunk {
  blockID {
    containerID: 3
    localID: 113750153625600003
    blockCommitSequenceId: 9
    replicaIndex: 0
  }
  chunkData {
    chunkName: "113750153625600003_chunk_8"
    offset: 700
    len: 100
    checksumData {
      type: NONE
      bytesPerChecksum: 16384
    }
  }
}
version: 4
, data.size=100
java.util.concurrent.CompletionException: org.apache.ratis.protocol.exceptions.StateMachineException: org.apache.hadoop.hdds.scm.container.common.helpers.ContainerNotOpenException from Server 98b1311b-33ed-441a-9d1f-284a1b8d0a39@group-B6ED3CAB776B: Container 3 in CLOSED state
	at org.apache.ratis.client.impl.RaftClientImpl.handleRaftException(RaftClientImpl.java:373)
	at org.apache.ratis.client.impl.OrderedAsync.lambda$send$3(OrderedAsync.java:175)
	at java.base/java.util.concurrent.CompletableFuture$UniApply.tryFire(CompletableFuture.java:646)
	at java.base/java.util.concurrent.CompletableFuture.postComplete(CompletableFuture.java:510)
	at java.base/java.util.concurrent.CompletableFuture.complete(CompletableFuture.java:2147)
	at org.apache.ratis.client.impl.OrderedAsync$PendingOrderedRequest.setReply(OrderedAsync.java:105)
	at org.apache.ratis.client.impl.OrderedAsync$PendingOrderedRequest.setReply(OrderedAsync.java:66)
	at org.apache.ratis.util.SlidingWindow$RequestMap.setReply(SlidingWindow.java:147)
	at org.apache.ratis.util.SlidingWindow$Client.receiveReply(SlidingWindow.java:351)
	at org.apache.ratis.client.impl.OrderedAsync.lambda$sendRequestWithRetry$5(OrderedAsync.java:210)
	at java.base/java.util.concurrent.CompletableFuture$UniAccept.tryFire(CompletableFuture.java:718)
	at java.base/java.util.concurrent.CompletableFuture.postComplete(CompletableFuture.java:510)
	at java.base/java.util.concurrent.CompletableFuture.complete(CompletableFuture.java:2147)
	at org.apache.ratis.grpc.client.GrpcClientProtocolClient$AsyncStreamObservers$1.lambda$onNext$0(GrpcClientProtocolClient.java:322)
	at java.base/java.util.Optional.ifPresent(Optional.java:178)
	at org.apache.ratis.grpc.client.GrpcClientProtocolClient$AsyncStreamObservers.handleReplyFuture(GrpcClientProtocolClient.java:378)
	at org.apache.ratis.grpc.client.GrpcClientProtocolClient$AsyncStreamObservers.access$100(GrpcClientProtocolClient.java:300)
	at org.apache.ratis.grpc.client.GrpcClientProtocolClient$AsyncStreamObservers$1.onNext(GrpcClientProtocolClient.java:322)
	at org.apache.ratis.grpc.client.GrpcClientProtocolClient$AsyncStreamObservers$1.onNext(GrpcClientProtocolClient.java:305)
	at org.apache.ratis.thirdparty.io.grpc.stub.ClientCalls$StreamObserverToCallListenerAdapter.onMessage(ClientCalls.java:468)
	at org.apache.ratis.thirdparty.io.grpc.ForwardingClientCallListener.onMessage(ForwardingClientCallListener.java:33)
	at org.apache.ratis.thirdparty.io.grpc.internal.ClientCallImpl$ClientStreamListenerImpl$1MessagesAvailable.runInternal(ClientCallImpl.java:660)
	at org.apache.ratis.thirdparty.io.grpc.internal.ClientCallImpl$ClientStreamListenerImpl$1MessagesAvailable.runInContext(ClientCallImpl.java:647)
	at org.apache.ratis.thirdparty.io.grpc.internal.ContextRunnable.run(ContextRunnable.java:37)
	at org.apache.ratis.thirdparty.io.grpc.internal.SerializingExecutor.run(SerializingExecutor.java:133)
	at java.base/java.util.concurrent.ThreadPoolExecutor.runWorker(ThreadPoolExecutor.java:1136)
	at java.base/java.util.concurrent.ThreadPoolExecutor$Worker.run(ThreadPoolExecutor.java:635)
	at java.base/java.lang.Thread.run(Thread.java:840)
Caused by: org.apache.ratis.protocol.exceptions.StateMachineException: org.apache.hadoop.hdds.scm.container.common.helpers.ContainerNotOpenException from Server 98b1311b-33ed-441a-9d1f-284a1b8d0a39@group-B6ED3CAB776B: Container 3 in CLOSED state
	at org.apache.hadoop.ozone.container.common.impl.HddsDispatcher.validateContainerCommand(HddsDispatcher.java:569)
	at org.apache.hadoop.ozone.container.common.transport.server.ratis.ContainerStateMachine.startTransaction(ContainerStateMachine.java:418)
	at org.apache.ratis.server.impl.RaftServerImpl.writeAsyncImpl(RaftServerImpl.java:975)
	at org.apache.ratis.server.impl.RaftServerImpl.writeAsync(RaftServerImpl.java:945)
	at org.apache.ratis.server.impl.RaftServerImpl.replyFuture(RaftServerImpl.java:937)
	at org.apache.ratis.server.impl.RaftServerImpl.submitClientRequestAsync(RaftServerImpl.java:912)
	at org.apache.ratis.server.impl.RaftServerImpl.lambda$executeSubmitClientRequestAsync$11(RaftServerImpl.java:893)
	at java.base/java.util.concurrent.CompletableFuture$AsyncSupply.run(CompletableFuture.java:1768)
	... 3 more
Caused by: org.apache.hadoop.hdds.scm.container.common.helpers.ContainerNotOpenException: Container 3 in CLOSED state
	at jdk.internal.reflect.GeneratedConstructorAccessor90.newInstance(Unknown Source)
	at java.base/jdk.internal.reflect.DelegatingConstructorAccessorImpl.newInstance(DelegatingConstructorAccessorImpl.java:45)
	at java.base/java.lang.reflect.Constructor.newInstanceWithCaller(Constructor.java:500)
	at java.base/java.lang.reflect.Constructor.newInstance(Constructor.java:481)
	at org.apache.ratis.util.ReflectionUtils.instantiateException(ReflectionUtils.java:259)
	at org.apache.ratis.client.impl.ClientProtoUtils.toStateMachineException(ClientProtoUtils.java:451)
	at org.apache.ratis.client.impl.ClientProtoUtils.toStateMachineException(ClientProtoUtils.java:437)
	at org.apache.ratis.client.impl.ClientProtoUtils.toRaftClientReply(ClientProtoUtils.java:404)
	at org.apache.ratis.grpc.client.GrpcClientProtocolClient$AsyncStreamObservers$1.onNext(GrpcClientProtocolClient.java:310)
	at org.apache.ratis.grpc.client.GrpcClientProtocolClient$AsyncStreamObservers$1.onNext(GrpcClientProtocolClient.java:305)
	at org.apache.ratis.thirdparty.io.grpc.stub.ClientCalls$StreamObserverToCallListenerAdapter.onMessage(ClientCalls.java:468)
	at org.apache.ratis.thirdparty.io.grpc.ForwardingClientCallListener.onMessage(ForwardingClientCallListener.java:33)
	at org.apache.ratis.thirdparty.io.grpc.internal.ClientCallImpl$ClientStreamListenerImpl$1MessagesAvailable.runInternal(ClientCallImpl.java:660)
	at org.apache.ratis.thirdparty.io.grpc.internal.ClientCallImpl$ClientStreamListenerImpl$1MessagesAvailable.runInContext(ClientCallImpl.java:647)
	at org.apache.ratis.thirdparty.io.grpc.internal.ContextRunnable.run(ContextRunnable.java:37)
	at org.apache.ratis.thirdparty.io.grpc.internal.SerializingExecutor.run(SerializingExecutor.java:133)
	... 3 more
2024-08-09 18:21:17,662 [grpc-default-executor-3] ERROR impl.OrderedAsync (OrderedAsync.java:lambda$send$4(181)) - Failed to send request, message=cmdType: PutBlock
traceID: ""
containerID: 3
datanodeUuid: "98b1311b-33ed-441a-9d1f-284a1b8d0a39"
putBlock {
  blockData {
    blockID {
      containerID: 3
      localID: 113750153625600003
      blockCommitSequenceId: 0
    }
    metadata {
      key: "TYPE"
      value: "KEY"
    }
    chunks {
      chunkName: "113750153625600003_chunk_1"
      offset: 0
      len: 100
      checksumData {
        type: NONE
        bytesPerChecksum: 16384
      }
    }
    chunks {
      chunkName: "113750153625600003_chunk_2"
      offset: 100
      len: 100
      checksumData {
        type: NONE
        bytesPerChecksum: 16384
      }
    }
    chunks {
      chunkName: "113750153625600003_chunk_3"
      offset: 200
      len: 100
      checksumData {
        type: NONE
        bytesPerChecksum: 16384
      }
    }
    chunks {
      chunkName: "113750153625600003_chunk_4"
      offset: 300
      len: 100
      checksumData {
        type: NONE
        bytesPerChecksum: 16384
      }
    }
    chunks {
      chunkName: "113750153625600003_chunk_5"
      offset: 400
      len: 100
      checksumData {
        type: NONE
        bytesPerChecksum: 16384
      }
    }
    chunks {
      chunkName: "113750153625600003_chunk_6"
      offset: 500
      len: 100
      checksumData {
        type: NONE
        bytesPerChecksum: 16384
      }
    }
    chunks {
      chunkName: "113750153625600003_chunk_7"
      offset: 600
      len: 100
      checksumData {
        type: NONE
        bytesPerChecksum: 16384
      }
    }
    chunks {
      chunkName: "113750153625600003_chunk_8"
      offset: 700
      len: 100
      checksumData {
        type: NONE
        bytesPerChecksum: 16384
      }
    }
  }
  eof: true
}
version: 4
, data.size=0
java.util.concurrent.CompletionException: org.apache.ratis.protocol.exceptions.StateMachineException: org.apache.hadoop.hdds.scm.container.common.helpers.ContainerNotOpenException from Server 98b1311b-33ed-441a-9d1f-284a1b8d0a39@group-B6ED3CAB776B: Container 3 in CLOSED state
	at org.apache.ratis.client.impl.RaftClientImpl.handleRaftException(RaftClientImpl.java:373)
	at org.apache.ratis.client.impl.OrderedAsync.lambda$send$3(OrderedAsync.java:175)
	at java.base/java.util.concurrent.CompletableFuture$UniApply.tryFire(CompletableFuture.java:646)
	at java.base/java.util.concurrent.CompletableFuture.postComplete(CompletableFuture.java:510)
	at java.base/java.util.concurrent.CompletableFuture.complete(CompletableFuture.java:2147)
	at org.apache.ratis.client.impl.OrderedAsync$PendingOrderedRequest.setReply(OrderedAsync.java:105)
	at org.apache.ratis.client.impl.OrderedAsync$PendingOrderedRequest.setReply(OrderedAsync.java:66)
	at org.apache.ratis.util.SlidingWindow$RequestMap.setReply(SlidingWindow.java:147)
	at org.apache.ratis.util.SlidingWindow$Client.receiveReply(SlidingWindow.java:351)
	at org.apache.ratis.client.impl.OrderedAsync.lambda$sendRequestWithRetry$5(OrderedAsync.java:210)
	at java.base/java.util.concurrent.CompletableFuture$UniAccept.tryFire(CompletableFuture.java:718)
	at java.base/java.util.concurrent.CompletableFuture.postComplete(CompletableFuture.java:510)
	at java.base/java.util.concurrent.CompletableFuture.complete(CompletableFuture.java:2147)
	at org.apache.ratis.grpc.client.GrpcClientProtocolClient$AsyncStreamObservers$1.lambda$onNext$0(GrpcClientProtocolClient.java:322)
	at java.base/java.util.Optional.ifPresent(Optional.java:178)
	at org.apache.ratis.grpc.client.GrpcClientProtocolClient$AsyncStreamObservers.handleReplyFuture(GrpcClientProtocolClient.java:378)
	at org.apache.ratis.grpc.client.GrpcClientProtocolClient$AsyncStreamObservers.access$100(GrpcClientProtocolClient.java:300)
	at org.apache.ratis.grpc.client.GrpcClientProtocolClient$AsyncStreamObservers$1.onNext(GrpcClientProtocolClient.java:322)
	at org.apache.ratis.grpc.client.GrpcClientProtocolClient$AsyncStreamObservers$1.onNext(GrpcClientProtocolClient.java:305)
	at org.apache.ratis.thirdparty.io.grpc.stub.ClientCalls$StreamObserverToCallListenerAdapter.onMessage(ClientCalls.java:468)
	at org.apache.ratis.thirdparty.io.grpc.ForwardingClientCallListener.onMessage(ForwardingClientCallListener.java:33)
	at org.apache.ratis.thirdparty.io.grpc.internal.ClientCallImpl$ClientStreamListenerImpl$1MessagesAvailable.runInternal(ClientCallImpl.java:660)
	at org.apache.ratis.thirdparty.io.grpc.internal.ClientCallImpl$ClientStreamListenerImpl$1MessagesAvailable.runInContext(ClientCallImpl.java:647)
	at org.apache.ratis.thirdparty.io.grpc.internal.ContextRunnable.run(ContextRunnable.java:37)
	at org.apache.ratis.thirdparty.io.grpc.internal.SerializingExecutor.run(SerializingExecutor.java:133)
	at java.base/java.util.concurrent.ThreadPoolExecutor.runWorker(ThreadPoolExecutor.java:1136)
	at java.base/java.util.concurrent.ThreadPoolExecutor$Worker.run(ThreadPoolExecutor.java:635)
	at java.base/java.lang.Thread.run(Thread.java:840)
Caused by: org.apache.ratis.protocol.exceptions.StateMachineException: org.apache.hadoop.hdds.scm.container.common.helpers.ContainerNotOpenException from Server 98b1311b-33ed-441a-9d1f-284a1b8d0a39@group-B6ED3CAB776B: Container 3 in CLOSED state
	at org.apache.hadoop.ozone.container.common.impl.HddsDispatcher.validateContainerCommand(HddsDispatcher.java:569)
	at org.apache.hadoop.ozone.container.common.transport.server.ratis.ContainerStateMachine.startTransaction(ContainerStateMachine.java:418)
	at org.apache.ratis.server.impl.RaftServerImpl.writeAsyncImpl(RaftServerImpl.java:975)
	at org.apache.ratis.server.impl.RaftServerImpl.writeAsync(RaftServerImpl.java:945)
	at org.apache.ratis.server.impl.RaftServerImpl.replyFuture(RaftServerImpl.java:937)
	at org.apache.ratis.server.impl.RaftServerImpl.submitClientRequestAsync(RaftServerImpl.java:912)
	at org.apache.ratis.server.impl.RaftServerImpl.lambda$executeSubmitClientRequestAsync$11(RaftServerImpl.java:893)
	at java.base/java.util.concurrent.CompletableFuture$AsyncSupply.run(CompletableFuture.java:1768)
	... 3 more
Caused by: org.apache.hadoop.hdds.scm.container.common.helpers.ContainerNotOpenException: Container 3 in CLOSED state
	at jdk.internal.reflect.GeneratedConstructorAccessor90.newInstance(Unknown Source)
	at java.base/jdk.internal.reflect.DelegatingConstructorAccessorImpl.newInstance(DelegatingConstructorAccessorImpl.java:45)
	at java.base/java.lang.reflect.Constructor.newInstanceWithCaller(Constructor.java:500)
	at java.base/java.lang.reflect.Constructor.newInstance(Constructor.java:481)
	at org.apache.ratis.util.ReflectionUtils.instantiateException(ReflectionUtils.java:259)
	at org.apache.ratis.client.impl.ClientProtoUtils.toStateMachineException(ClientProtoUtils.java:451)
	at org.apache.ratis.client.impl.ClientProtoUtils.toStateMachineException(ClientProtoUtils.java:437)
	at org.apache.ratis.client.impl.ClientProtoUtils.toRaftClientReply(ClientProtoUtils.java:404)
	at org.apache.ratis.grpc.client.GrpcClientProtocolClient$AsyncStreamObservers$1.onNext(GrpcClientProtocolClient.java:310)
	at org.apache.ratis.grpc.client.GrpcClientProtocolClient$AsyncStreamObservers$1.onNext(GrpcClientProtocolClient.java:305)
	at org.apache.ratis.thirdparty.io.grpc.stub.ClientCalls$StreamObserverToCallListenerAdapter.onMessage(ClientCalls.java:468)
	at org.apache.ratis.thirdparty.io.grpc.ForwardingClientCallListener.onMessage(ForwardingClientCallListener.java:33)
	at org.apache.ratis.thirdparty.io.grpc.internal.ClientCallImpl$ClientStreamListenerImpl$1MessagesAvailable.runInternal(ClientCallImpl.java:660)
	at org.apache.ratis.thirdparty.io.grpc.internal.ClientCallImpl$ClientStreamListenerImpl$1MessagesAvailable.runInContext(ClientCallImpl.java:647)
	at org.apache.ratis.thirdparty.io.grpc.internal.ContextRunnable.run(ContextRunnable.java:37)
	at org.apache.ratis.thirdparty.io.grpc.internal.SerializingExecutor.run(SerializingExecutor.java:133)
	... 3 more
2024-08-09 18:21:17,731 [main] INFO  ozone.MiniOzoneClusterImpl (MiniOzoneClusterImpl.java:shutdown(410)) - Shutting down the Mini Ozone Cluster
2024-08-09 18:21:17,732 [main] INFO  db.CodecTestUtil (CodecTestUtil.java:gc(50)) - gc 0
2024-08-09 18:21:17,861 [Finalizer] WARN  db.CodecBuffer (CodecBuffer.java:detectLeaks(279)) - LEAK 1: [0<=0<=100: ], refCnt=1, capacity=100 allocation:
org.apache.hadoop.hdds.utils.db.CodecBuffer.<init>(CodecBuffer.java:54)
org.apache.hadoop.hdds.utils.db.CodecBuffer$LeakDetector$1.<init>(CodecBuffer.java:78)
org.apache.hadoop.hdds.utils.db.CodecBuffer$LeakDetector.newCodecBuffer(CodecBuffer.java:78)
org.apache.hadoop.hdds.utils.db.CodecBuffer$Factory.newCodecBuffer(CodecBuffer.java:71)
org.apache.hadoop.hdds.utils.db.CodecBuffer$Factory.newCodecBuffer(CodecBuffer.java:67)
org.apache.hadoop.hdds.utils.db.CodecBuffer.allocate(CodecBuffer.java:196)
org.apache.hadoop.hdds.utils.db.CodecBuffer.allocateDirect(CodecBuffer.java:204)
org.apache.hadoop.ozone.common.ChunkBuffer.allocate(ChunkBuffer.java:54)
org.apache.hadoop.hdds.scm.storage.BufferPool.allocateBuffer(BufferPool.java:102)
org.apache.hadoop.hdds.scm.storage.BlockOutputStream.allocateNewBufferIfNeeded(BlockOutputStream.java:382)
org.apache.hadoop.hdds.scm.storage.BlockOutputStream.write(BlockOutputStream.java:338)
org.apache.hadoop.ozone.client.io.BlockOutputStreamEntry.write(BlockOutputStreamEntry.java:138)
org.apache.hadoop.ozone.client.io.KeyOutputStream.writeToOutputStream(KeyOutputStream.java:258)
org.apache.hadoop.ozone.client.io.KeyOutputStream.handleWrite(KeyOutputStream.java:236)
org.apache.hadoop.ozone.client.io.KeyOutputStream.write(KeyOutputStream.java:215)
org.apache.hadoop.ozone.client.io.OzoneOutputStream.write(OzoneOutputStream.java:94)
java.base/java.io.OutputStream.write(OutputStream.java:127)
org.apache.hadoop.ozone.client.rpc.TestBlockOutputStreamWithFailures.testWriteMoreThanMaxFlushSize(TestBlockOutputStreamWithFailures.java:378)
org.apache.hadoop.ozone.client.rpc.TestBlockOutputStreamWithFailures.testContainerClose(TestBlockOutputStreamWithFailures.java:101)
java.base/jdk.internal.reflect.NativeMethodAccessorImpl.invoke0(Native Method)
java.base/jdk.internal.reflect.NativeMethodAccessorImpl.invoke(NativeMethodAccessorImpl.java:77)
java.base/jdk.internal.reflect.DelegatingMethodAccessorImpl.invoke(DelegatingMethodAccessorImpl.java:43)
java.base/java.lang.reflect.Method.invoke(Method.java:569)
org.junit.platform.commons.util.ReflectionUtils.invokeMethod(ReflectionUtils.java:728)
org.junit.jupiter.engine.execution.MethodInvocation.proceed(MethodInvocation.java:60)
org.junit.jupiter.engine.execution.InvocationInterceptorChain$ValidatingInvocation.proceed(InvocationInterceptorChain.java:131)
org.junit.jupiter.engine.extension.SameThreadTimeoutInvocation.proceed(SameThreadTimeoutInvocation.java:45)
org.junit.jupiter.engine.extension.TimeoutExtension.intercept(TimeoutExtension.java:156)
org.junit.jupiter.engine.extension.TimeoutExtension.interceptTestableMethod(TimeoutExtension.java:147)
org.junit.jupiter.engine.extension.TimeoutExtension.interceptTestTemplateMethod(TimeoutExtension.java:94)
org.junit.jupiter.engine.execution.InterceptingExecutableInvoker$ReflectiveInterceptorCall.lambda$ofVoidMethod$0(InterceptingExecutableInvoker.java:103)
org.junit.jupiter.engine.execution.InterceptingExecutableInvoker.lambda$invoke$0(InterceptingExecutableInvoker.java:93)
org.junit.jupiter.engine.execution.InvocationInterceptorChain$InterceptedInvocation.proceed(InvocationInterceptorChain.java:106)
org.junit.jupiter.engine.execution.InvocationInterceptorChain.proceed(InvocationInterceptorChain.java:64)
org.junit.jupiter.engine.execution.InvocationInterceptorChain.chainAndInvoke(InvocationInterceptorChain.java:45)
org.junit.jupiter.engine.execution.InvocationInterceptorChain.invoke(InvocationInterceptorChain.java:37)
org.junit.jupiter.engine.execution.InterceptingExecutableInvoker.invoke(InterceptingExecutableInvoker.java:92)
org.junit.jupiter.engine.execution.InterceptingExecutableInvoker.invoke(InterceptingExecutableInvoker.java:86)
org.junit.jupiter.engine.descriptor.TestMethodTestDescriptor.lambda$invokeTestMethod$7(TestMethodTestDescriptor.java:218)
org.junit.platform.engine.support.hierarchical.ThrowableCollector.execute(ThrowableCollector.java:73)
org.junit.jupiter.engine.descriptor.TestMethodTestDescriptor.invokeTestMethod(TestMethodTestDescriptor.java:214)
org.junit.jupiter.engine.descriptor.TestMethodTestDescriptor.execute(TestMethodTestDescriptor.java:139)
org.junit.jupiter.engine.descriptor.TestMethodTestDescriptor.execute(TestMethodTestDescriptor.java:69)
org.junit.platform.engine.support.hierarchical.NodeTestTask.lambda$executeRecursively$6(NodeTestTask.java:151)
org.junit.platform.engine.support.hierarchical.ThrowableCollector.execute(ThrowableCollector.java:73)
org.junit.platform.engine.support.hierarchical.NodeTestTask.lambda$executeRecursively$8(NodeTestTask.java:141)
org.junit.platform.engine.support.hierarchical.Node.around(Node.java:137)
org.junit.platform.engine.support.hierarchical.NodeTestTask.lambda$executeRecursively$9(NodeTestTask.java:139)
org.junit.platform.engine.support.hierarchical.ThrowableCollector.execute(ThrowableCollector.java:73)
org.junit.platform.engine.support.hierarchical.NodeTestTask.executeRecursively(NodeTestTask.java:138)
org.junit.platform.engine.support.hierarchical.NodeTestTask.execute(NodeTestTask.java:95)
org.junit.platform.engine.support.hierarchical.SameThreadHierarchicalTestExecutorService.submit(SameThreadHierarchicalTestExecutorService.java:35)
org.junit.platform.engine.support.hierarchical.NodeTestTask$DefaultDynamicTestExecutor.execute(NodeTestTask.java:226)
org.junit.platform.engine.support.hierarchical.NodeTestTask$DefaultDynamicTestExecutor.execute(NodeTestTask.java:204)
org.junit.jupiter.engine.descriptor.TestTemplateTestDescriptor.execute(TestTemplateTestDescriptor.java:142)
org.junit.jupiter.engine.descriptor.TestTemplateTestDescriptor.lambda$execute$2(TestTemplateTestDescriptor.java:110)
java.base/java.util.stream.ForEachOps$ForEachOp$OfRef.accept(ForEachOps.java:183)
java.base/java.util.stream.ReferencePipeline$3$1.accept(ReferencePipeline.java:197)
java.base/java.util.stream.ReferencePipeline$2$1.accept(ReferencePipeline.java:179)
java.base/java.util.stream.ReferencePipeline$3$1.accept(ReferencePipeline.java:197)
java.base/java.util.stream.ForEachOps$ForEachOp$OfRef.accept(ForEachOps.java:183)
java.base/java.util.stream.ReferencePipeline$3$1.accept(ReferencePipeline.java:197)
java.base/java.util.stream.ReferencePipeline$3$1.accept(ReferencePipeline.java:197)
java.base/java.util.stream.ReferencePipeline$3$1.accept(ReferencePipeline.java:197)
java.base/java.util.stream.ForEachOps$ForEachOp$OfRef.accept(ForEachOps.java:183)
java.base/java.util.stream.ReferencePipeline$3$1.accept(ReferencePipeline.java:197)
java.base/java.util.Spliterators$ArraySpliterator.forEachRemaining(Spliterators.java:992)
java.base/java.util.stream.ReferencePipeline$Head.forEach(ReferencePipeline.java:762)
java.base/java.util.stream.ReferencePipeline$7$1.accept(ReferencePipeline.java:276)
java.base/java.util.stream.ReferencePipeline$3$1.accept(ReferencePipeline.java:197)
java.base/java.util.stream.ReferencePipeline$3$1.accept(ReferencePipeline.java:197)
java.base/java.util.stream.ReferencePipeline$3$1.accept(ReferencePipeline.java:197)
java.base/java.util.Spliterators$ArraySpliterator.forEachRemaining(Spliterators.java:992)
java.base/java.util.stream.AbstractPipeline.copyInto(AbstractPipeline.java:509)
java.base/java.util.stream.AbstractPipeline.wrapAndCopyInto(AbstractPipeline.java:499)
java.base/java.util.stream.ForEachOps$ForEachOp.evaluateSequential(ForEachOps.java:150)
java.base/java.util.stream.ForEachOps$ForEachOp$OfRef.evaluateSequential(ForEachOps.java:173)
java.base/java.util.stream.AbstractPipeline.evaluate(AbstractPipeline.java:234)
java.base/java.util.stream.ReferencePipeline.forEach(ReferencePipeline.java:596)
java.base/java.util.stream.ReferencePipeline$7$1.accept(ReferencePipeline.java:276)
java.base/java.util.stream.ReferencePipeline$3$1.accept(ReferencePipeline.java:197)
java.base/java.util.stream.ReferencePipeline$3$1.accept(ReferencePipeline.java:197)
java.base/java.util.stream.ReferencePipeline$3$1.accept(ReferencePipeline.java:197)
java.base/java.util.ArrayList$ArrayListSpliterator.forEachRemaining(ArrayList.java:1625)
java.base/java.util.stream.AbstractPipeline.copyInto(AbstractPipeline.java:509)
java.base/java.util.stream.AbstractPipeline.wrapAndCopyInto(AbstractPipeline.java:499)
java.base/java.util.stream.ForEachOps$ForEachOp.evaluateSequential(ForEachOps.java:150)
java.base/java.util.stream.ForEachOps$ForEachOp$OfRef.evaluateSequential(ForEachOps.java:173)
java.base/java.util.stream.AbstractPipeline.evaluate(AbstractPipeline.java:234)
java.base/java.util.stream.ReferencePipeline.forEach(ReferencePipeline.java:596)
java.base/java.util.stream.ReferencePipeline$7$1.accept(ReferencePipeline.java:276)
java.base/java.util.ArrayList$ArrayListSpliterator.forEachRemaining(ArrayList.java:1625)
java.base/java.util.stream.AbstractPipeline.copyInto(AbstractPipeline.java:509)
java.base/java.util.stream.AbstractPipeline.wrapAndCopyInto(AbstractPipeline.java:499)
java.base/java.util.stream.ForEachOps$ForEachOp.evaluateSequential(ForEachOps.java:150)
java.base/java.util.stream.ForEachOps$ForEachOp$OfRef.evaluateSequential(ForEachOps.java:173)
java.base/java.util.stream.AbstractPipeline.evaluate(AbstractPipeline.java:234)
java.base/java.util.stream.ReferencePipeline.forEach(ReferencePipeline.java:596)
org.junit.jupiter.engine.descriptor.TestTemplateTestDescriptor.execute(TestTemplateTestDescriptor.java:110)
org.junit.jupiter.engine.descriptor.TestTemplateTestDescriptor.execute(TestTemplateTestDescriptor.java:44)
org.junit.platform.engine.support.hierarchical.NodeTestTask.lambda$executeRecursively$6(NodeTestTask.java:151)
org.junit.platform.engine.support.hierarchical.ThrowableCollector.execute(ThrowableCollector.java:73)
org.junit.platform.engine.support.hierarchical.NodeTestTask.lambda$executeRecursively$8(NodeTestTask.java:141)
org.junit.platform.engine.support.hierarchical.Node.around(Node.java:137)
org.junit.platform.engine.support.hierarchical.NodeTestTask.lambda$executeRecursively$9(NodeTestTask.java:139)
org.junit.platform.engine.support.hierarchical.ThrowableCollector.execute(ThrowableCollector.java:73)
org.junit.platform.engine.support.hierarchical.NodeTestTask.executeRecursively(NodeTestTask.java:138)
org.junit.platform.engine.support.hierarchical.NodeTestTask.execute(NodeTestTask.java:95)
java.base/java.util.ArrayList.forEach(ArrayList.java:1511)
org.junit.platform.engine.support.hierarchical.SameThreadHierarchicalTestExecutorService.invokeAll(SameThreadHierarchicalTestExecutorService.java:41)
org.junit.platform.engine.support.hierarchical.NodeTestTask.lambda$executeRecursively$6(NodeTestTask.java:155)
org.junit.platform.engine.support.hierarchical.ThrowableCollector.execute(ThrowableCollector.java:73)
org.junit.platform.engine.support.hierarchical.NodeTestTask.lambda$executeRecursively$8(NodeTestTask.java:141)
org.junit.platform.engine.support.hierarchical.Node.around(Node.java:137)
org.junit.platform.engine.support.hierarchical.NodeTestTask.lambda$executeRecursively$9(NodeTestTask.java:139)
org.junit.platform.engine.support.hierarchical.ThrowableCollector.execute(ThrowableCollector.java:73)
org.junit.platform.engine.support.hierarchical.NodeTestTask.executeRecursively(NodeTestTask.java:138)
org.junit.platform.engine.support.hierarchical.NodeTestTask.execute(NodeTestTask.java:95)
java.base/java.util.ArrayList.forEach(ArrayList.java:1511)
org.junit.platform.engine.support.hierarchical.SameThreadHierarchicalTestExecutorService.invokeAll(SameThreadHierarchicalTestExecutorService.java:41)
org.junit.platform.engine.support.hierarchical.NodeTestTask.lambda$executeRecursively$6(NodeTestTask.java:155)
org.junit.platform.engine.support.hierarchical.ThrowableCollector.execute(ThrowableCollector.java:73)
org.junit.platform.engine.support.hierarchical.NodeTestTask.lambda$executeRecursively$8(NodeTestTask.java:141)
org.junit.platform.engine.support.hierarchical.Node.around(Node.java:137)
org.junit.platform.engine.support.hierarchical.NodeTestTask.lambda$executeRecursively$9(NodeTestTask.java:139)
org.junit.platform.engine.support.hierarchical.ThrowableCollector.execute(ThrowableCollector.java:73)
org.junit.platform.engine.support.hierarchical.NodeTestTask.executeRecursively(NodeTestTask.java:138)
org.junit.platform.engine.support.hierarchical.NodeTestTask.execute(NodeTestTask.java:95)
org.junit.platform.engine.support.hierarchical.SameThreadHierarchicalTestExecutorService.submit(SameThreadHierarchicalTestExecutorService.java:35)
org.junit.platform.engine.support.hierarchical.HierarchicalTestExecutor.execute(HierarchicalTestExecutor.java:57)
org.junit.platform.engine.support.hierarchical.HierarchicalTestEngine.execute(HierarchicalTestEngine.java:54)
org.junit.platform.launcher.core.EngineExecutionOrchestrator.execute(EngineExecutionOrchestrator.java:198)
org.junit.platform.launcher.core.EngineExecutionOrchestrator.execute(EngineExecutionOrchestrator.java:169)
org.junit.platform.launcher.core.EngineExecutionOrchestrator.execute(EngineExecutionOrchestrator.java:93)
org.junit.platform.launcher.core.EngineExecutionOrchestrator.lambda$execute$0(EngineExecutionOrchestrator.java:58)
org.junit.platform.launcher.core.EngineExecutionOrchestrator.withInterceptedStreams(EngineExecutionOrchestrator.java:141)
org.junit.platform.launcher.core.EngineExecutionOrchestrator.execute(EngineExecutionOrchestrator.java:57)
org.junit.platform.launcher.core.DefaultLauncher.execute(DefaultLauncher.java:103)
org.junit.platform.launcher.core.DefaultLauncher.execute(DefaultLauncher.java:85)
org.junit.platform.launcher.core.DelegatingLauncher.execute(DelegatingLauncher.java:47)
org.junit.platform.launcher.core.SessionPerRequestLauncher.execute(SessionPerRequestLauncher.java:63)
org.apache.maven.surefire.junitplatform.JUnitPlatformProvider.invokeAllTests(JUnitPlatformProvider.java:154)
org.apache.maven.surefire.junitplatform.JUnitPlatformProvider.invoke(JUnitPlatformProvider.java:123)
org.apache.maven.surefire.booter.ForkedBooter.runSuitesInProcess(ForkedBooter.java:377)
org.apache.maven.surefire.booter.ForkedBooter.execute(ForkedBooter.java:138)
org.apache.maven.surefire.booter.ForkedBooter.run(ForkedBooter.java:465)
org.apache.maven.surefire.booter.ForkedBooter.main(ForkedBooter.java:451)

2024-08-09 18:21:17,861 [Finalizer] WARN  db.CodecBuffer (CodecBuffer.java:detectLeaks(279)) - LEAK 2: [0<=0<=100: ], refCnt=1, capacity=100 allocation:
org.apache.hadoop.hdds.utils.db.CodecBuffer.<init>(CodecBuffer.java:54)
org.apache.hadoop.hdds.utils.db.CodecBuffer$LeakDetector$1.<init>(CodecBuffer.java:78)
org.apache.hadoop.hdds.utils.db.CodecBuffer$LeakDetector.newCodecBuffer(CodecBuffer.java:78)
org.apache.hadoop.hdds.utils.db.CodecBuffer$Factory.newCodecBuffer(CodecBuffer.java:71)
org.apache.hadoop.hdds.utils.db.CodecBuffer$Factory.newCodecBuffer(CodecBuffer.java:67)
org.apache.hadoop.hdds.utils.db.CodecBuffer.allocate(CodecBuffer.java:196)
org.apache.hadoop.hdds.utils.db.CodecBuffer.allocateDirect(CodecBuffer.java:204)
org.apache.hadoop.ozone.common.ChunkBuffer.allocate(ChunkBuffer.java:54)
org.apache.hadoop.hdds.scm.storage.BufferPool.allocateBuffer(BufferPool.java:102)
org.apache.hadoop.hdds.scm.storage.BlockOutputStream.allocateNewBufferIfNeeded(BlockOutputStream.java:382)
org.apache.hadoop.hdds.scm.storage.BlockOutputStream.write(BlockOutputStream.java:338)
org.apache.hadoop.ozone.client.io.BlockOutputStreamEntry.write(BlockOutputStreamEntry.java:138)
org.apache.hadoop.ozone.client.io.KeyOutputStream.writeToOutputStream(KeyOutputStream.java:258)
org.apache.hadoop.ozone.client.io.KeyOutputStream.handleWrite(KeyOutputStream.java:236)
org.apache.hadoop.ozone.client.io.KeyOutputStream.write(KeyOutputStream.java:215)
org.apache.hadoop.ozone.client.io.OzoneOutputStream.write(OzoneOutputStream.java:94)
java.base/java.io.OutputStream.write(OutputStream.java:127)
org.apache.hadoop.ozone.client.rpc.TestBlockOutputStreamWithFailures.testWriteMoreThanMaxFlushSize(TestBlockOutputStreamWithFailures.java:378)
org.apache.hadoop.ozone.client.rpc.TestBlockOutputStreamWithFailures.testContainerClose(TestBlockOutputStreamWithFailures.java:101)
java.base/jdk.internal.reflect.NativeMethodAccessorImpl.invoke0(Native Method)
java.base/jdk.internal.reflect.NativeMethodAccessorImpl.invoke(NativeMethodAccessorImpl.java:77)
java.base/jdk.internal.reflect.DelegatingMethodAccessorImpl.invoke(DelegatingMethodAccessorImpl.java:43)
java.base/java.lang.reflect.Method.invoke(Method.java:569)
org.junit.platform.commons.util.ReflectionUtils.invokeMethod(ReflectionUtils.java:728)
org.junit.jupiter.engine.execution.MethodInvocation.proceed(MethodInvocation.java:60)
org.junit.jupiter.engine.execution.InvocationInterceptorChain$ValidatingInvocation.proceed(InvocationInterceptorChain.java:131)
org.junit.jupiter.engine.extension.SameThreadTimeoutInvocation.proceed(SameThreadTimeoutInvocation.java:45)
org.junit.jupiter.engine.extension.TimeoutExtension.intercept(TimeoutExtension.java:156)
org.junit.jupiter.engine.extension.TimeoutExtension.interceptTestableMethod(TimeoutExtension.java:147)
org.junit.jupiter.engine.extension.TimeoutExtension.interceptTestTemplateMethod(TimeoutExtension.java:94)
org.junit.jupiter.engine.execution.InterceptingExecutableInvoker$ReflectiveInterceptorCall.lambda$ofVoidMethod$0(InterceptingExecutableInvoker.java:103)
org.junit.jupiter.engine.execution.InterceptingExecutableInvoker.lambda$invoke$0(InterceptingExecutableInvoker.java:93)
org.junit.jupiter.engine.execution.InvocationInterceptorChain$InterceptedInvocation.proceed(InvocationInterceptorChain.java:106)
org.junit.jupiter.engine.execution.InvocationInterceptorChain.proceed(InvocationInterceptorChain.java:64)
org.junit.jupiter.engine.execution.InvocationInterceptorChain.chainAndInvoke(InvocationInterceptorChain.java:45)
org.junit.jupiter.engine.execution.InvocationInterceptorChain.invoke(InvocationInterceptorChain.java:37)
org.junit.jupiter.engine.execution.InterceptingExecutableInvoker.invoke(InterceptingExecutableInvoker.java:92)
org.junit.jupiter.engine.execution.InterceptingExecutableInvoker.invoke(InterceptingExecutableInvoker.java:86)
org.junit.jupiter.engine.descriptor.TestMethodTestDescriptor.lambda$invokeTestMethod$7(TestMethodTestDescriptor.java:218)
org.junit.platform.engine.support.hierarchical.ThrowableCollector.execute(ThrowableCollector.java:73)
org.junit.jupiter.engine.descriptor.TestMethodTestDescriptor.invokeTestMethod(TestMethodTestDescriptor.java:214)
org.junit.jupiter.engine.descriptor.TestMethodTestDescriptor.execute(TestMethodTestDescriptor.java:139)
org.junit.jupiter.engine.descriptor.TestMethodTestDescriptor.execute(TestMethodTestDescriptor.java:69)
org.junit.platform.engine.support.hierarchical.NodeTestTask.lambda$executeRecursively$6(NodeTestTask.java:151)
org.junit.platform.engine.support.hierarchical.ThrowableCollector.execute(ThrowableCollector.java:73)
org.junit.platform.engine.support.hierarchical.NodeTestTask.lambda$executeRecursively$8(NodeTestTask.java:141)
org.junit.platform.engine.support.hierarchical.Node.around(Node.java:137)
org.junit.platform.engine.support.hierarchical.NodeTestTask.lambda$executeRecursively$9(NodeTestTask.java:139)
org.junit.platform.engine.support.hierarchical.ThrowableCollector.execute(ThrowableCollector.java:73)
org.junit.platform.engine.support.hierarchical.NodeTestTask.executeRecursively(NodeTestTask.java:138)
org.junit.platform.engine.support.hierarchical.NodeTestTask.execute(NodeTestTask.java:95)
org.junit.platform.engine.support.hierarchical.SameThreadHierarchicalTestExecutorService.submit(SameThreadHierarchicalTestExecutorService.java:35)
org.junit.platform.engine.support.hierarchical.NodeTestTask$DefaultDynamicTestExecutor.execute(NodeTestTask.java:226)
org.junit.platform.engine.support.hierarchical.NodeTestTask$DefaultDynamicTestExecutor.execute(NodeTestTask.java:204)
org.junit.jupiter.engine.descriptor.TestTemplateTestDescriptor.execute(TestTemplateTestDescriptor.java:142)
org.junit.jupiter.engine.descriptor.TestTemplateTestDescriptor.lambda$execute$2(TestTemplateTestDescriptor.java:110)
java.base/java.util.stream.ForEachOps$ForEachOp$OfRef.accept(ForEachOps.java:183)
java.base/java.util.stream.ReferencePipeline$3$1.accept(ReferencePipeline.java:197)
java.base/java.util.stream.ReferencePipeline$2$1.accept(ReferencePipeline.java:179)
java.base/java.util.stream.ReferencePipeline$3$1.accept(ReferencePipeline.java:197)
java.base/java.util.stream.ForEachOps$ForEachOp$OfRef.accept(ForEachOps.java:183)
java.base/java.util.stream.ReferencePipeline$3$1.accept(ReferencePipeline.java:197)
java.base/java.util.stream.ReferencePipeline$3$1.accept(ReferencePipeline.java:197)
java.base/java.util.stream.ReferencePipeline$3$1.accept(ReferencePipeline.java:197)
java.base/java.util.stream.ForEachOps$ForEachOp$OfRef.accept(ForEachOps.java:183)
java.base/java.util.stream.ReferencePipeline$3$1.accept(ReferencePipeline.java:197)
java.base/java.util.Spliterators$ArraySpliterator.forEachRemaining(Spliterators.java:992)
java.base/java.util.stream.ReferencePipeline$Head.forEach(ReferencePipeline.java:762)
java.base/java.util.stream.ReferencePipeline$7$1.accept(ReferencePipeline.java:276)
java.base/java.util.stream.ReferencePipeline$3$1.accept(ReferencePipeline.java:197)
java.base/java.util.stream.ReferencePipeline$3$1.accept(ReferencePipeline.java:197)
java.base/java.util.stream.ReferencePipeline$3$1.accept(ReferencePipeline.java:197)
java.base/java.util.Spliterators$ArraySpliterator.forEachRemaining(Spliterators.java:992)
java.base/java.util.stream.AbstractPipeline.copyInto(AbstractPipeline.java:509)
java.base/java.util.stream.AbstractPipeline.wrapAndCopyInto(AbstractPipeline.java:499)
java.base/java.util.stream.ForEachOps$ForEachOp.evaluateSequential(ForEachOps.java:150)
java.base/java.util.stream.ForEachOps$ForEachOp$OfRef.evaluateSequential(ForEachOps.java:173)
java.base/java.util.stream.AbstractPipeline.evaluate(AbstractPipeline.java:234)
java.base/java.util.stream.ReferencePipeline.forEach(ReferencePipeline.java:596)
java.base/java.util.stream.ReferencePipeline$7$1.accept(ReferencePipeline.java:276)
java.base/java.util.stream.ReferencePipeline$3$1.accept(ReferencePipeline.java:197)
java.base/java.util.stream.ReferencePipeline$3$1.accept(ReferencePipeline.java:197)
java.base/java.util.stream.ReferencePipeline$3$1.accept(ReferencePipeline.java:197)
java.base/java.util.ArrayList$ArrayListSpliterator.forEachRemaining(ArrayList.java:1625)
java.base/java.util.stream.AbstractPipeline.copyInto(AbstractPipeline.java:509)
java.base/java.util.stream.AbstractPipeline.wrapAndCopyInto(AbstractPipeline.java:499)
java.base/java.util.stream.ForEachOps$ForEachOp.evaluateSequential(ForEachOps.java:150)
java.base/java.util.stream.ForEachOps$ForEachOp$OfRef.evaluateSequential(ForEachOps.java:173)
java.base/java.util.stream.AbstractPipeline.evaluate(AbstractPipeline.java:234)
java.base/java.util.stream.ReferencePipeline.forEach(ReferencePipeline.java:596)
java.base/java.util.stream.ReferencePipeline$7$1.accept(ReferencePipeline.java:276)
java.base/java.util.ArrayList$ArrayListSpliterator.forEachRemaining(ArrayList.java:1625)
java.base/java.util.stream.AbstractPipeline.copyInto(AbstractPipeline.java:509)
java.base/java.util.stream.AbstractPipeline.wrapAndCopyInto(AbstractPipeline.java:499)
java.base/java.util.stream.ForEachOps$ForEachOp.evaluateSequential(ForEachOps.java:150)
java.base/java.util.stream.ForEachOps$ForEachOp$OfRef.evaluateSequential(ForEachOps.java:173)
java.base/java.util.stream.AbstractPipeline.evaluate(AbstractPipeline.java:234)
java.base/java.util.stream.ReferencePipeline.forEach(ReferencePipeline.java:596)
org.junit.jupiter.engine.descriptor.TestTemplateTestDescriptor.execute(TestTemplateTestDescriptor.java:110)
org.junit.jupiter.engine.descriptor.TestTemplateTestDescriptor.execute(TestTemplateTestDescriptor.java:44)
org.junit.platform.engine.support.hierarchical.NodeTestTask.lambda$executeRecursively$6(NodeTestTask.java:151)
org.junit.platform.engine.support.hierarchical.ThrowableCollector.execute(ThrowableCollector.java:73)
org.junit.platform.engine.support.hierarchical.NodeTestTask.lambda$executeRecursively$8(NodeTestTask.java:141)
org.junit.platform.engine.support.hierarchical.Node.around(Node.java:137)
org.junit.platform.engine.support.hierarchical.NodeTestTask.lambda$executeRecursively$9(NodeTestTask.java:139)
org.junit.platform.engine.support.hierarchical.ThrowableCollector.execute(ThrowableCollector.java:73)
org.junit.platform.engine.support.hierarchical.NodeTestTask.executeRecursively(NodeTestTask.java:138)
org.junit.platform.engine.support.hierarchical.NodeTestTask.execute(NodeTestTask.java:95)
java.base/java.util.ArrayList.forEach(ArrayList.java:1511)
org.junit.platform.engine.support.hierarchical.SameThreadHierarchicalTestExecutorService.invokeAll(SameThreadHierarchicalTestExecutorService.java:41)
org.junit.platform.engine.support.hierarchical.NodeTestTask.lambda$executeRecursively$6(NodeTestTask.java:155)
org.junit.platform.engine.support.hierarchical.ThrowableCollector.execute(ThrowableCollector.java:73)
org.junit.platform.engine.support.hierarchical.NodeTestTask.lambda$executeRecursively$8(NodeTestTask.java:141)
org.junit.platform.engine.support.hierarchical.Node.around(Node.java:137)
org.junit.platform.engine.support.hierarchical.NodeTestTask.lambda$executeRecursively$9(NodeTestTask.java:139)
org.junit.platform.engine.support.hierarchical.ThrowableCollector.execute(ThrowableCollector.java:73)
org.junit.platform.engine.support.hierarchical.NodeTestTask.executeRecursively(NodeTestTask.java:138)
org.junit.platform.engine.support.hierarchical.NodeTestTask.execute(NodeTestTask.java:95)
java.base/java.util.ArrayList.forEach(ArrayList.java:1511)
org.junit.platform.engine.support.hierarchical.SameThreadHierarchicalTestExecutorService.invokeAll(SameThreadHierarchicalTestExecutorService.java:41)
org.junit.platform.engine.support.hierarchical.NodeTestTask.lambda$executeRecursively$6(NodeTestTask.java:155)
org.junit.platform.engine.support.hierarchical.ThrowableCollector.execute(ThrowableCollector.java:73)
org.junit.platform.engine.support.hierarchical.NodeTestTask.lambda$executeRecursively$8(NodeTestTask.java:141)
org.junit.platform.engine.support.hierarchical.Node.around(Node.java:137)
org.junit.platform.engine.support.hierarchical.NodeTestTask.lambda$executeRecursively$9(NodeTestTask.java:139)
org.junit.platform.engine.support.hierarchical.ThrowableCollector.execute(ThrowableCollector.java:73)
org.junit.platform.engine.support.hierarchical.NodeTestTask.executeRecursively(NodeTestTask.java:138)
org.junit.platform.engine.support.hierarchical.NodeTestTask.execute(NodeTestTask.java:95)
org.junit.platform.engine.support.hierarchical.SameThreadHierarchicalTestExecutorService.submit(SameThreadHierarchicalTestExecutorService.java:35)
org.junit.platform.engine.support.hierarchical.HierarchicalTestExecutor.execute(HierarchicalTestExecutor.java:57)
org.junit.platform.engine.support.hierarchical.HierarchicalTestEngine.execute(HierarchicalTestEngine.java:54)
org.junit.platform.launcher.core.EngineExecutionOrchestrator.execute(EngineExecutionOrchestrator.java:198)
org.junit.platform.launcher.core.EngineExecutionOrchestrator.execute(EngineExecutionOrchestrator.java:169)
org.junit.platform.launcher.core.EngineExecutionOrchestrator.execute(EngineExecutionOrchestrator.java:93)
org.junit.platform.launcher.core.EngineExecutionOrchestrator.lambda$execute$0(EngineExecutionOrchestrator.java:58)
org.junit.platform.launcher.core.EngineExecutionOrchestrator.withInterceptedStreams(EngineExecutionOrchestrator.java:141)
org.junit.platform.launcher.core.EngineExecutionOrchestrator.execute(EngineExecutionOrchestrator.java:57)
org.junit.platform.launcher.core.DefaultLauncher.execute(DefaultLauncher.java:103)
org.junit.platform.launcher.core.DefaultLauncher.execute(DefaultLauncher.java:85)
org.junit.platform.launcher.core.DelegatingLauncher.execute(DelegatingLauncher.java:47)
org.junit.platform.launcher.core.SessionPerRequestLauncher.execute(SessionPerRequestLauncher.java:63)
org.apache.maven.surefire.junitplatform.JUnitPlatformProvider.invokeAllTests(JUnitPlatformProvider.java:154)
org.apache.maven.surefire.junitplatform.JUnitPlatformProvider.invoke(JUnitPlatformProvider.java:123)
org.apache.maven.surefire.booter.ForkedBooter.runSuitesInProcess(ForkedBooter.java:377)
org.apache.maven.surefire.booter.ForkedBooter.execute(ForkedBooter.java:138)
org.apache.maven.surefire.booter.ForkedBooter.run(ForkedBooter.java:465)
org.apache.maven.surefire.booter.ForkedBooter.main(ForkedBooter.java:451)

2024-08-09 18:21:17,862 [Finalizer] WARN  db.CodecBuffer (CodecBuffer.java:detectLeaks(279)) - LEAK 3: [0<=0<=100: ], refCnt=1, capacity=100 allocation:
org.apache.hadoop.hdds.utils.db.CodecBuffer.<init>(CodecBuffer.java:54)
org.apache.hadoop.hdds.utils.db.CodecBuffer$LeakDetector$1.<init>(CodecBuffer.java:78)
org.apache.hadoop.hdds.utils.db.CodecBuffer$LeakDetector.newCodecBuffer(CodecBuffer.java:78)
org.apache.hadoop.hdds.utils.db.CodecBuffer$Factory.newCodecBuffer(CodecBuffer.java:71)
org.apache.hadoop.hdds.utils.db.CodecBuffer$Factory.newCodecBuffer(CodecBuffer.java:67)
org.apache.hadoop.hdds.utils.db.CodecBuffer.allocate(CodecBuffer.java:196)
org.apache.hadoop.hdds.utils.db.CodecBuffer.allocateDirect(CodecBuffer.java:204)
org.apache.hadoop.ozone.common.ChunkBuffer.allocate(ChunkBuffer.java:54)
org.apache.hadoop.hdds.scm.storage.BufferPool.allocateBuffer(BufferPool.java:102)
org.apache.hadoop.hdds.scm.storage.BlockOutputStream.allocateNewBufferIfNeeded(BlockOutputStream.java:382)
org.apache.hadoop.hdds.scm.storage.BlockOutputStream.write(BlockOutputStream.java:338)
org.apache.hadoop.ozone.client.io.BlockOutputStreamEntry.write(BlockOutputStreamEntry.java:138)
org.apache.hadoop.ozone.client.io.KeyOutputStream.writeToOutputStream(KeyOutputStream.java:258)
org.apache.hadoop.ozone.client.io.KeyOutputStream.handleWrite(KeyOutputStream.java:236)
org.apache.hadoop.ozone.client.io.KeyOutputStream.write(KeyOutputStream.java:215)
org.apache.hadoop.ozone.client.io.OzoneOutputStream.write(OzoneOutputStream.java:94)
java.base/java.io.OutputStream.write(OutputStream.java:127)
org.apache.hadoop.ozone.client.rpc.TestBlockOutputStreamWithFailures.testWriteMoreThanMaxFlushSize(TestBlockOutputStreamWithFailures.java:378)
org.apache.hadoop.ozone.client.rpc.TestBlockOutputStreamWithFailures.testContainerClose(TestBlockOutputStreamWithFailures.java:101)
java.base/jdk.internal.reflect.NativeMethodAccessorImpl.invoke0(Native Method)
java.base/jdk.internal.reflect.NativeMethodAccessorImpl.invoke(NativeMethodAccessorImpl.java:77)
java.base/jdk.internal.reflect.DelegatingMethodAccessorImpl.invoke(DelegatingMethodAccessorImpl.java:43)
java.base/java.lang.reflect.Method.invoke(Method.java:569)
org.junit.platform.commons.util.ReflectionUtils.invokeMethod(ReflectionUtils.java:728)
org.junit.jupiter.engine.execution.MethodInvocation.proceed(MethodInvocation.java:60)
org.junit.jupiter.engine.execution.InvocationInterceptorChain$ValidatingInvocation.proceed(InvocationInterceptorChain.java:131)
org.junit.jupiter.engine.extension.SameThreadTimeoutInvocation.proceed(SameThreadTimeoutInvocation.java:45)
org.junit.jupiter.engine.extension.TimeoutExtension.intercept(TimeoutExtension.java:156)
org.junit.jupiter.engine.extension.TimeoutExtension.interceptTestableMethod(TimeoutExtension.java:147)
org.junit.jupiter.engine.extension.TimeoutExtension.interceptTestTemplateMethod(TimeoutExtension.java:94)
org.junit.jupiter.engine.execution.InterceptingExecutableInvoker$ReflectiveInterceptorCall.lambda$ofVoidMethod$0(InterceptingExecutableInvoker.java:103)
org.junit.jupiter.engine.execution.InterceptingExecutableInvoker.lambda$invoke$0(InterceptingExecutableInvoker.java:93)
org.junit.jupiter.engine.execution.InvocationInterceptorChain$InterceptedInvocation.proceed(InvocationInterceptorChain.java:106)
org.junit.jupiter.engine.execution.InvocationInterceptorChain.proceed(InvocationInterceptorChain.java:64)
org.junit.jupiter.engine.execution.InvocationInterceptorChain.chainAndInvoke(InvocationInterceptorChain.java:45)
org.junit.jupiter.engine.execution.InvocationInterceptorChain.invoke(InvocationInterceptorChain.java:37)
org.junit.jupiter.engine.execution.InterceptingExecutableInvoker.invoke(InterceptingExecutableInvoker.java:92)
org.junit.jupiter.engine.execution.InterceptingExecutableInvoker.invoke(InterceptingExecutableInvoker.java:86)
org.junit.jupiter.engine.descriptor.TestMethodTestDescriptor.lambda$invokeTestMethod$7(TestMethodTestDescriptor.java:218)
org.junit.platform.engine.support.hierarchical.ThrowableCollector.execute(ThrowableCollector.java:73)
org.junit.jupiter.engine.descriptor.TestMethodTestDescriptor.invokeTestMethod(TestMethodTestDescriptor.java:214)
org.junit.jupiter.engine.descriptor.TestMethodTestDescriptor.execute(TestMethodTestDescriptor.java:139)
org.junit.jupiter.engine.descriptor.TestMethodTestDescriptor.execute(TestMethodTestDescriptor.java:69)
org.junit.platform.engine.support.hierarchical.NodeTestTask.lambda$executeRecursively$6(NodeTestTask.java:151)
org.junit.platform.engine.support.hierarchical.ThrowableCollector.execute(ThrowableCollector.java:73)
org.junit.platform.engine.support.hierarchical.NodeTestTask.lambda$executeRecursively$8(NodeTestTask.java:141)
org.junit.platform.engine.support.hierarchical.Node.around(Node.java:137)
org.junit.platform.engine.support.hierarchical.NodeTestTask.lambda$executeRecursively$9(NodeTestTask.java:139)
org.junit.platform.engine.support.hierarchical.ThrowableCollector.execute(ThrowableCollector.java:73)
org.junit.platform.engine.support.hierarchical.NodeTestTask.executeRecursively(NodeTestTask.java:138)
org.junit.platform.engine.support.hierarchical.NodeTestTask.execute(NodeTestTask.java:95)
org.junit.platform.engine.support.hierarchical.SameThreadHierarchicalTestExecutorService.submit(SameThreadHierarchicalTestExecutorService.java:35)
org.junit.platform.engine.support.hierarchical.NodeTestTask$DefaultDynamicTestExecutor.execute(NodeTestTask.java:226)
org.junit.platform.engine.support.hierarchical.NodeTestTask$DefaultDynamicTestExecutor.execute(NodeTestTask.java:204)
org.junit.jupiter.engine.descriptor.TestTemplateTestDescriptor.execute(TestTemplateTestDescriptor.java:142)
org.junit.jupiter.engine.descriptor.TestTemplateTestDescriptor.lambda$execute$2(TestTemplateTestDescriptor.java:110)
java.base/java.util.stream.ForEachOps$ForEachOp$OfRef.accept(ForEachOps.java:183)
java.base/java.util.stream.ReferencePipeline$3$1.accept(ReferencePipeline.java:197)
java.base/java.util.stream.ReferencePipeline$2$1.accept(ReferencePipeline.java:179)
java.base/java.util.stream.ReferencePipeline$3$1.accept(ReferencePipeline.java:197)
java.base/java.util.stream.ForEachOps$ForEachOp$OfRef.accept(ForEachOps.java:183)
java.base/java.util.stream.ReferencePipeline$3$1.accept(ReferencePipeline.java:197)
java.base/java.util.stream.ReferencePipeline$3$1.accept(ReferencePipeline.java:197)
java.base/java.util.stream.ReferencePipeline$3$1.accept(ReferencePipeline.java:197)
java.base/java.util.stream.ForEachOps$ForEachOp$OfRef.accept(ForEachOps.java:183)
java.base/java.util.stream.ReferencePipeline$3$1.accept(ReferencePipeline.java:197)
java.base/java.util.Spliterators$ArraySpliterator.forEachRemaining(Spliterators.java:992)
java.base/java.util.stream.ReferencePipeline$Head.forEach(ReferencePipeline.java:762)
java.base/java.util.stream.ReferencePipeline$7$1.accept(ReferencePipeline.java:276)
java.base/java.util.stream.ReferencePipeline$3$1.accept(ReferencePipeline.java:197)
java.base/java.util.stream.ReferencePipeline$3$1.accept(ReferencePipeline.java:197)
java.base/java.util.stream.ReferencePipeline$3$1.accept(ReferencePipeline.java:197)
java.base/java.util.Spliterators$ArraySpliterator.forEachRemaining(Spliterators.java:992)
java.base/java.util.stream.AbstractPipeline.copyInto(AbstractPipeline.java:509)
java.base/java.util.stream.AbstractPipeline.wrapAndCopyInto(AbstractPipeline.java:499)
java.base/java.util.stream.ForEachOps$ForEachOp.evaluateSequential(ForEachOps.java:150)
java.base/java.util.stream.ForEachOps$ForEachOp$OfRef.evaluateSequential(ForEachOps.java:173)
java.base/java.util.stream.AbstractPipeline.evaluate(AbstractPipeline.java:234)
java.base/java.util.stream.ReferencePipeline.forEach(ReferencePipeline.java:596)
java.base/java.util.stream.ReferencePipeline$7$1.accept(ReferencePipeline.java:276)
java.base/java.util.stream.ReferencePipeline$3$1.accept(ReferencePipeline.java:197)
java.base/java.util.stream.ReferencePipeline$3$1.accept(ReferencePipeline.java:197)
java.base/java.util.stream.ReferencePipeline$3$1.accept(ReferencePipeline.java:197)
java.base/java.util.ArrayList$ArrayListSpliterator.forEachRemaining(ArrayList.java:1625)
java.base/java.util.stream.AbstractPipeline.copyInto(AbstractPipeline.java:509)
java.base/java.util.stream.AbstractPipeline.wrapAndCopyInto(AbstractPipeline.java:499)
java.base/java.util.stream.ForEachOps$ForEachOp.evaluateSequential(ForEachOps.java:150)
java.base/java.util.stream.ForEachOps$ForEachOp$OfRef.evaluateSequential(ForEachOps.java:173)
java.base/java.util.stream.AbstractPipeline.evaluate(AbstractPipeline.java:234)
java.base/java.util.stream.ReferencePipeline.forEach(ReferencePipeline.java:596)
java.base/java.util.stream.ReferencePipeline$7$1.accept(ReferencePipeline.java:276)
java.base/java.util.ArrayList$ArrayListSpliterator.forEachRemaining(ArrayList.java:1625)
java.base/java.util.stream.AbstractPipeline.copyInto(AbstractPipeline.java:509)
java.base/java.util.stream.AbstractPipeline.wrapAndCopyInto(AbstractPipeline.java:499)
java.base/java.util.stream.ForEachOps$ForEachOp.evaluateSequential(ForEachOps.java:150)
java.base/java.util.stream.ForEachOps$ForEachOp$OfRef.evaluateSequential(ForEachOps.java:173)
java.base/java.util.stream.AbstractPipeline.evaluate(AbstractPipeline.java:234)
java.base/java.util.stream.ReferencePipeline.forEach(ReferencePipeline.java:596)
org.junit.jupiter.engine.descriptor.TestTemplateTestDescriptor.execute(TestTemplateTestDescriptor.java:110)
org.junit.jupiter.engine.descriptor.TestTemplateTestDescriptor.execute(TestTemplateTestDescriptor.java:44)
org.junit.platform.engine.support.hierarchical.NodeTestTask.lambda$executeRecursively$6(NodeTestTask.java:151)
org.junit.platform.engine.support.hierarchical.ThrowableCollector.execute(ThrowableCollector.java:73)
org.junit.platform.engine.support.hierarchical.NodeTestTask.lambda$executeRecursively$8(NodeTestTask.java:141)
org.junit.platform.engine.support.hierarchical.Node.around(Node.java:137)
org.junit.platform.engine.support.hierarchical.NodeTestTask.lambda$executeRecursively$9(NodeTestTask.java:139)
org.junit.platform.engine.support.hierarchical.ThrowableCollector.execute(ThrowableCollector.java:73)
org.junit.platform.engine.support.hierarchical.NodeTestTask.executeRecursively(NodeTestTask.java:138)
org.junit.platform.engine.support.hierarchical.NodeTestTask.execute(NodeTestTask.java:95)
java.base/java.util.ArrayList.forEach(ArrayList.java:1511)
org.junit.platform.engine.support.hierarchical.SameThreadHierarchicalTestExecutorService.invokeAll(SameThreadHierarchicalTestExecutorService.java:41)
org.junit.platform.engine.support.hierarchical.NodeTestTask.lambda$executeRecursively$6(NodeTestTask.java:155)
org.junit.platform.engine.support.hierarchical.ThrowableCollector.execute(ThrowableCollector.java:73)
org.junit.platform.engine.support.hierarchical.NodeTestTask.lambda$executeRecursively$8(NodeTestTask.java:141)
org.junit.platform.engine.support.hierarchical.Node.around(Node.java:137)
org.junit.platform.engine.support.hierarchical.NodeTestTask.lambda$executeRecursively$9(NodeTestTask.java:139)
org.junit.platform.engine.support.hierarchical.ThrowableCollector.execute(ThrowableCollector.java:73)
org.junit.platform.engine.support.hierarchical.NodeTestTask.executeRecursively(NodeTestTask.java:138)
org.junit.platform.engine.support.hierarchical.NodeTestTask.execute(NodeTestTask.java:95)
java.base/java.util.ArrayList.forEach(ArrayList.java:1511)
org.junit.platform.engine.support.hierarchical.SameThreadHierarchicalTestExecutorService.invokeAll(SameThreadHierarchicalTestExecutorService.java:41)
org.junit.platform.engine.support.hierarchical.NodeTestTask.lambda$executeRecursively$6(NodeTestTask.java:155)
org.junit.platform.engine.support.hierarchical.ThrowableCollector.execute(ThrowableCollector.java:73)
org.junit.platform.engine.support.hierarchical.NodeTestTask.lambda$executeRecursively$8(NodeTestTask.java:141)
org.junit.platform.engine.support.hierarchical.Node.around(Node.java:137)
org.junit.platform.engine.support.hierarchical.NodeTestTask.lambda$executeRecursively$9(NodeTestTask.java:139)
org.junit.platform.engine.support.hierarchical.ThrowableCollector.execute(ThrowableCollector.java:73)
org.junit.platform.engine.support.hierarchical.NodeTestTask.executeRecursively(NodeTestTask.java:138)
org.junit.platform.engine.support.hierarchical.NodeTestTask.execute(NodeTestTask.java:95)
org.junit.platform.engine.support.hierarchical.SameThreadHierarchicalTestExecutorService.submit(SameThreadHierarchicalTestExecutorService.java:35)
org.junit.platform.engine.support.hierarchical.HierarchicalTestExecutor.execute(HierarchicalTestExecutor.java:57)
org.junit.platform.engine.support.hierarchical.HierarchicalTestEngine.execute(HierarchicalTestEngine.java:54)
org.junit.platform.launcher.core.EngineExecutionOrchestrator.execute(EngineExecutionOrchestrator.java:198)
org.junit.platform.launcher.core.EngineExecutionOrchestrator.execute(EngineExecutionOrchestrator.java:169)
org.junit.platform.launcher.core.EngineExecutionOrchestrator.execute(EngineExecutionOrchestrator.java:93)
org.junit.platform.launcher.core.EngineExecutionOrchestrator.lambda$execute$0(EngineExecutionOrchestrator.java:58)
org.junit.platform.launcher.core.EngineExecutionOrchestrator.withInterceptedStreams(EngineExecutionOrchestrator.java:141)
org.junit.platform.launcher.core.EngineExecutionOrchestrator.execute(EngineExecutionOrchestrator.java:57)
org.junit.platform.launcher.core.DefaultLauncher.execute(DefaultLauncher.java:103)
org.junit.platform.launcher.core.DefaultLauncher.execute(DefaultLauncher.java:85)
org.junit.platform.launcher.core.DelegatingLauncher.execute(DelegatingLauncher.java:47)
org.junit.platform.launcher.core.SessionPerRequestLauncher.execute(SessionPerRequestLauncher.java:63)
org.apache.maven.surefire.junitplatform.JUnitPlatformProvider.invokeAllTests(JUnitPlatformProvider.java:154)
org.apache.maven.surefire.junitplatform.JUnitPlatformProvider.invoke(JUnitPlatformProvider.java:123)
org.apache.maven.surefire.booter.ForkedBooter.runSuitesInProcess(ForkedBooter.java:377)
org.apache.maven.surefire.booter.ForkedBooter.execute(ForkedBooter.java:138)
org.apache.maven.surefire.booter.ForkedBooter.run(ForkedBooter.java:465)
org.apache.maven.surefire.booter.ForkedBooter.main(ForkedBooter.java:451)

]]></system-out>
  </testcase>
</testsuite>