<?xml version="1.0" encoding="UTF-8"?>
<testsuite xmlns:xsi="http://www.w3.org/2001/XMLSchema-instance" xsi:noNamespaceSchemaLocation="https://maven.apache.org/surefire/maven-surefire-plugin/xsd/surefire-test-report.xsd" name="org.apache.hadoop.ozone.TestMiniOzoneCluster" time="151.145" tests="5" errors="0" skipped="0" failures="1">
  <properties>
    <property name="awt.toolkit" value="sun.awt.X11.XToolkit"/>
    <property name="file.encoding.pkg" value="sun.io"/>
    <property name="java.specification.version" value="1.8"/>
    <property name="sun.cpu.isalist" value=""/>
    <property name="sun.jnu.encoding" value="UTF-8"/>
    <property name="java.class.path" value="/home/runner/work/ozone/ozone/hadoop-ozone/integration-test/target/test-classes:/home/runner/work/ozone/ozone/hadoop-ozone/integration-test/target/classes:/home/runner/.m2/repository/org/apache/ozone/ozone-common/1.2.0-SNAPSHOT/ozone-common-1.2.0-SNAPSHOT.jar:/home/runner/.m2/repository/org/apache/commons/commons-compress/1.20/commons-compress-1.20.jar:/home/runner/.m2/repository/org/apache/ozone/hdds-common/1.2.0-SNAPSHOT/hdds-common-1.2.0-SNAPSHOT.jar:/home/runner/.m2/repository/org/apache/ozone/hdds-client/1.2.0-SNAPSHOT/hdds-client-1.2.0-SNAPSHOT.jar:/home/runner/.m2/repository/org/apache/ozone/ozone-interface-client/1.2.0-SNAPSHOT/ozone-interface-client-1.2.0-SNAPSHOT.jar:/home/runner/.m2/repository/org/apache/ozone/hdds-server-framework/1.2.0-SNAPSHOT/hdds-server-framework-1.2.0-SNAPSHOT.jar:/home/runner/.m2/repository/org/apache/ozone/hdds-interface-server/1.2.0-SNAPSHOT/hdds-interface-server-1.2.0-SNAPSHOT.jar:/home/runner/.m2/repository/org/eclipse/jetty/jetty-servlet/9.4.43.v20210629/jetty-servlet-9.4.43.v20210629.jar:/home/runner/.m2/repository/org/eclipse/jetty/jetty-security/9.4.43.v20210629/jetty-security-9.4.43.v20210629.jar:/home/runner/.m2/repository/org/rocksdb/rocksdbjni/6.20.3/rocksdbjni-6.20.3.jar:/home/runner/.m2/repository/io/prometheus/simpleclient_dropwizard/0.7.0/simpleclient_dropwizard-0.7.0.jar:/home/runner/.m2/repository/io/prometheus/simpleclient/0.7.0/simpleclient-0.7.0.jar:/home/runner/.m2/repository/io/prometheus/simpleclient_common/0.7.0/simpleclient_common-0.7.0.jar:/home/runner/.m2/repository/com/fasterxml/jackson/datatype/jackson-datatype-jsr310/2.12.1/jackson-datatype-jsr310-2.12.1.jar:/home/runner/.m2/repository/org/apache/ozone/hdds-test-utils/1.2.0-SNAPSHOT/hdds-test-utils-1.2.0-SNAPSHOT.jar:/home/runner/.m2/repository/com/google/guava/guava/30.1.1-jre/guava-30.1.1-jre.jar:/home/runner/.m2/repository/com/google/guava/failureaccess/1.0.1/failureaccess-1.0.1.jar:/home/runner/.m2/repository/com/google/guava/listenablefuture/9999.0-empty-to-avoid-conflict-with-guava/listenablefuture-9999.0-empty-to-avoid-conflict-with-guava.jar:/home/runner/.m2/repository/com/google/code/findbugs/jsr305/3.0.0/jsr305-3.0.0.jar:/home/runner/.m2/repository/org/checkerframework/checker-qual/3.8.0/checker-qual-3.8.0.jar:/home/runner/.m2/repository/com/google/errorprone/error_prone_annotations/2.2.0/error_prone_annotations-2.2.0.jar:/home/runner/.m2/repository/com/google/j2objc/j2objc-annotations/1.3/j2objc-annotations-1.3.jar:/home/runner/.m2/repository/commons-io/commons-io/2.8.0/commons-io-2.8.0.jar:/home/runner/.m2/repository/commons-logging/commons-logging/1.2/commons-logging-1.2.jar:/home/runner/.m2/repository/log4j/log4j/1.2.17/log4j-1.2.17.jar:/home/runner/.m2/repository/org/slf4j/slf4j-api/1.7.30/slf4j-api-1.7.30.jar:/home/runner/.m2/repository/org/apache/ozone/hdds-server-scm/1.2.0-SNAPSHOT/hdds-server-scm-1.2.0-SNAPSHOT.jar:/home/runner/.m2/repository/org/apache/ozone/hdds-container-service/1.2.0-SNAPSHOT/hdds-container-service-1.2.0-SNAPSHOT.jar:/home/runner/.m2/repository/org/apache/ozone/hdds-hadoop-dependency-server/1.2.0-SNAPSHOT/hdds-hadoop-dependency-server-1.2.0-SNAPSHOT.jar:/home/runner/.m2/repository/org/apache/hadoop/hadoop-hdfs/3.3.1/hadoop-hdfs-3.3.1.jar:/home/runner/.m2/repository/io/dropwizard/metrics/metrics-core/3.2.4/metrics-core-3.2.4.jar:/home/runner/.m2/repository/org/apache/hadoop/hadoop-hdfs-client/3.3.1/hadoop-hdfs-client-3.3.1.jar:/home/runner/.m2/repository/org/bouncycastle/bcprov-jdk15on/1.67/bcprov-jdk15on-1.67.jar:/home/runner/.m2/repository/com/google/protobuf/protobuf-java/2.5.0/protobuf-java-2.5.0.jar:/home/runner/.m2/repository/org/apache/ozone/ozone-manager/1.2.0-SNAPSHOT/ozone-manager-1.2.0-SNAPSHOT.jar:/home/runner/.m2/repository/org/aspectj/aspectjrt/1.9.7/aspectjrt-1.9.7.jar:/home/runner/.m2/repository/org/aspectj/aspectjweaver/1.9.7/aspectjweaver-1.9.7.jar:/home/runner/.m2/repository/org/apache/ozone/hdds-interface-client/1.2.0-SNAPSHOT/hdds-interface-client-1.2.0-SNAPSHOT.jar:/home/runner/.m2/repository/org/apache/hadoop/thirdparty/hadoop-shaded-protobuf_3_7/1.1.1/hadoop-shaded-protobuf_3_7-1.1.1.jar:/home/runner/.m2/repository/org/apache/ozone/ozone-interface-storage/1.2.0-SNAPSHOT/ozone-interface-storage-1.2.0-SNAPSHOT.jar:/home/runner/.m2/repository/org/reflections/reflections/0.9.11/reflections-0.9.11.jar:/home/runner/.m2/repository/org/apache/hadoop/hadoop-minikdc/3.3.1/hadoop-minikdc-3.3.1.jar:/home/runner/.m2/repository/org/apache/kerby/kerb-simplekdc/1.0.1/kerb-simplekdc-1.0.1.jar:/home/runner/.m2/repository/org/apache/kerby/kerb-client/1.0.1/kerb-client-1.0.1.jar:/home/runner/.m2/repository/org/apache/kerby/kerby-config/1.0.1/kerby-config-1.0.1.jar:/home/runner/.m2/repository/org/apache/kerby/kerb-common/1.0.1/kerb-common-1.0.1.jar:/home/runner/.m2/repository/org/apache/kerby/kerb-crypto/1.0.1/kerb-crypto-1.0.1.jar:/home/runner/.m2/repository/org/apache/kerby/kerb-util/1.0.1/kerb-util-1.0.1.jar:/home/runner/.m2/repository/org/apache/kerby/token-provider/1.0.1/token-provider-1.0.1.jar:/home/runner/.m2/repository/org/apache/kerby/kerb-admin/1.0.1/kerb-admin-1.0.1.jar:/home/runner/.m2/repository/org/apache/kerby/kerb-server/1.0.1/kerb-server-1.0.1.jar:/home/runner/.m2/repository/org/apache/kerby/kerb-identity/1.0.1/kerb-identity-1.0.1.jar:/home/runner/.m2/repository/org/apache/kerby/kerby-xdr/1.0.1/kerby-xdr-1.0.1.jar:/home/runner/.m2/repository/org/slf4j/slf4j-log4j12/1.7.30/slf4j-log4j12-1.7.30.jar:/home/runner/.m2/repository/org/apache/ozone/ozone-s3gateway/1.2.0-SNAPSHOT/ozone-s3gateway-1.2.0-SNAPSHOT.jar:/home/runner/.m2/repository/org/javassist/javassist/3.21.0-GA/javassist-3.21.0-GA.jar:/home/runner/.m2/repository/org/jboss/weld/servlet/weld-servlet/2.4.7.Final/weld-servlet-2.4.7.Final.jar:/home/runner/.m2/repository/org/glassfish/jersey/containers/jersey-container-servlet-core/2.33/jersey-container-servlet-core-2.33.jar:/home/runner/.m2/repository/org/glassfish/hk2/external/jakarta.inject/2.6.1/jakarta.inject-2.6.1.jar:/home/runner/.m2/repository/org/glassfish/jersey/core/jersey-common/2.33/jersey-common-2.33.jar:/home/runner/.m2/repository/jakarta/ws/rs/jakarta.ws.rs-api/2.1.6/jakarta.ws.rs-api-2.1.6.jar:/home/runner/.m2/repository/org/glassfish/jersey/ext/cdi/jersey-cdi1x/2.33/jersey-cdi1x-2.33.jar:/home/runner/.m2/repository/org/glassfish/jersey/inject/jersey-hk2/2.33/jersey-hk2-2.33.jar:/home/runner/.m2/repository/org/glassfish/hk2/hk2-locator/2.6.1/hk2-locator-2.6.1.jar:/home/runner/.m2/repository/org/glassfish/jersey/media/jersey-media-jaxb/2.33/jersey-media-jaxb-2.33.jar:/home/runner/.m2/repository/org/glassfish/hk2/osgi-resource-locator/1.0.3/osgi-resource-locator-1.0.3.jar:/home/runner/.m2/repository/org/glassfish/hk2/hk2-api/2.5.0/hk2-api-2.5.0.jar:/home/runner/.m2/repository/org/glassfish/hk2/hk2-utils/2.5.0/hk2-utils-2.5.0.jar:/home/runner/.m2/repository/org/glassfish/hk2/external/aopalliance-repackaged/2.5.0/aopalliance-repackaged-2.5.0.jar:/home/runner/.m2/repository/com/fasterxml/jackson/dataformat/jackson-dataformat-xml/2.12.1/jackson-dataformat-xml-2.12.1.jar:/home/runner/.m2/repository/com/fasterxml/jackson/core/jackson-core/2.12.1/jackson-core-2.12.1.jar:/home/runner/.m2/repository/com/fasterxml/jackson/module/jackson-module-jaxb-annotations/2.12.1/jackson-module-jaxb-annotations-2.12.1.jar:/home/runner/.m2/repository/jakarta/xml/bind/jakarta.xml.bind-api/2.3.2/jakarta.xml.bind-api-2.3.2.jar:/home/runner/.m2/repository/org/codehaus/woodstox/stax2-api/3.1.4/stax2-api-3.1.4.jar:/home/runner/.m2/repository/com/fasterxml/woodstox/woodstox-core/5.0.3/woodstox-core-5.0.3.jar:/home/runner/.m2/repository/javax/enterprise/cdi-api/1.2/cdi-api-1.2.jar:/home/runner/.m2/repository/javax/el/javax.el-api/3.0.0/javax.el-api-3.0.0.jar:/home/runner/.m2/repository/javax/interceptor/javax.interceptor-api/1.2/javax.interceptor-api-1.2.jar:/home/runner/.m2/repository/javax/inject/javax.inject/1/javax.inject-1.jar:/home/runner/.m2/repository/javax/xml/bind/jaxb-api/2.3.0/jaxb-api-2.3.0.jar:/home/runner/.m2/repository/org/glassfish/jaxb/jaxb-runtime/2.3.0.1/jaxb-runtime-2.3.0.1.jar:/home/runner/.m2/repository/org/glassfish/jaxb/jaxb-core/2.3.0.1/jaxb-core-2.3.0.1.jar:/home/runner/.m2/repository/org/glassfish/jaxb/txw2/2.3.0.1/txw2-2.3.0.1.jar:/home/runner/.m2/repository/com/sun/istack/istack-commons-runtime/3.0.5/istack-commons-runtime-3.0.5.jar:/home/runner/.m2/repository/org/jvnet/staxex/stax-ex/1.7.8/stax-ex-1.7.8.jar:/home/runner/.m2/repository/com/sun/xml/fastinfoset/FastInfoset/1.2.13/FastInfoset-1.2.13.jar:/home/runner/.m2/repository/javax/activation/activation/1.1.1/activation-1.1.1.jar:/home/runner/.m2/repository/org/apache/ozone/ozone-csi/1.2.0-SNAPSHOT/ozone-csi-1.2.0-SNAPSHOT.jar:/home/runner/.m2/repository/com/google/protobuf/protobuf-java-util/3.12.0/protobuf-java-util-3.12.0.jar:/home/runner/.m2/repository/com/google/code/gson/gson/2.2.4/gson-2.2.4.jar:/home/runner/.m2/repository/org/apache/ozone/hdds-config/1.2.0-SNAPSHOT/hdds-config-1.2.0-SNAPSHOT.jar:/home/runner/.m2/repository/io/grpc/grpc-netty/1.33.0/grpc-netty-1.33.0.jar:/home/runner/.m2/repository/io/grpc/grpc-core/1.33.0/grpc-core-1.33.0.jar:/home/runner/.m2/repository/com/google/android/annotations/4.1.1.4/annotations-4.1.1.4.jar:/home/runner/.m2/repository/io/netty/netty-codec-http2/4.1.63.Final/netty-codec-http2-4.1.63.Final.jar:/home/runner/.m2/repository/io/netty/netty-codec-http/4.1.63.Final/netty-codec-http-4.1.63.Final.jar:/home/runner/.m2/repository/io/netty/netty-handler-proxy/4.1.63.Final/netty-handler-proxy-4.1.63.Final.jar:/home/runner/.m2/repository/io/netty/netty-codec-socks/4.1.63.Final/netty-codec-socks-4.1.63.Final.jar:/home/runner/.m2/repository/io/perfmark/perfmark-api/0.19.0/perfmark-api-0.19.0.jar:/home/runner/.m2/repository/org/codehaus/mojo/animal-sniffer-annotations/1.18/animal-sniffer-annotations-1.18.jar:/home/runner/.m2/repository/io/netty/netty-transport-native-epoll/4.1.63.Final/netty-transport-native-epoll-4.1.63.Final.jar:/home/runner/.m2/repository/io/netty/netty-common/4.1.63.Final/netty-common-4.1.63.Final.jar:/home/runner/.m2/repository/io/netty/netty-buffer/4.1.63.Final/netty-buffer-4.1.63.Final.jar:/home/runner/.m2/repository/io/netty/netty-transport-native-unix-common/4.1.63.Final/netty-transport-native-unix-common-4.1.63.Final.jar:/home/runner/.m2/repository/io/grpc/grpc-protobuf/1.33.0/grpc-protobuf-1.33.0.jar:/home/runner/.m2/repository/io/grpc/grpc-api/1.33.0/grpc-api-1.33.0.jar:/home/runner/.m2/repository/io/grpc/grpc-context/1.33.0/grpc-context-1.33.0.jar:/home/runner/.m2/repository/com/google/api/grpc/proto-google-common-protos/1.17.0/proto-google-common-protos-1.17.0.jar:/home/runner/.m2/repository/io/grpc/grpc-protobuf-lite/1.33.0/grpc-protobuf-lite-1.33.0.jar:/home/runner/.m2/repository/io/grpc/grpc-stub/1.33.0/grpc-stub-1.33.0.jar:/home/runner/.m2/repository/org/apache/ozone/ozone-recon/1.2.0-SNAPSHOT/ozone-recon-1.2.0-SNAPSHOT.jar:/home/runner/.m2/repository/org/apache/ozone/ozone-reconcodegen/1.2.0-SNAPSHOT/ozone-reconcodegen-1.2.0-SNAPSHOT.jar:/home/runner/.m2/repository/com/google/inject/extensions/guice-multibindings/4.0/guice-multibindings-4.0.jar:/home/runner/.m2/repository/com/google/inject/guice/4.0/guice-4.0.jar:/home/runner/.m2/repository/aopalliance/aopalliance/1.0/aopalliance-1.0.jar:/home/runner/.m2/repository/com/google/inject/extensions/guice-assistedinject/4.0/guice-assistedinject-4.0.jar:/home/runner/.m2/repository/com/google/inject/extensions/guice-servlet/4.0/guice-servlet-4.0.jar:/home/runner/.m2/repository/org/glassfish/jersey/containers/jersey-container-servlet/2.33/jersey-container-servlet-2.33.jar:/home/runner/.m2/repository/org/glassfish/hk2/guice-bridge/2.5.0/guice-bridge-2.5.0.jar:/home/runner/.m2/repository/org/glassfish/jersey/core/jersey-server/2.33/jersey-server-2.33.jar:/home/runner/.m2/repository/org/glassfish/jersey/core/jersey-client/2.33/jersey-client-2.33.jar:/home/runner/.m2/repository/jakarta/annotation/jakarta.annotation-api/1.3.5/jakarta.annotation-api-1.3.5.jar:/home/runner/.m2/repository/jakarta/validation/jakarta.validation-api/2.0.2/jakarta.validation-api-2.0.2.jar:/home/runner/.m2/repository/org/glassfish/jersey/media/jersey-media-json-jackson/2.33/jersey-media-json-jackson-2.33.jar:/home/runner/.m2/repository/org/glassfish/jersey/ext/jersey-entity-filtering/2.33/jersey-entity-filtering-2.33.jar:/home/runner/.m2/repository/org/jooq/jooq/3.11.10/jooq-3.11.10.jar:/home/runner/.m2/repository/org/jooq/jooq-meta/3.11.10/jooq-meta-3.11.10.jar:/home/runner/.m2/repository/org/jooq/jooq-codegen/3.11.10/jooq-codegen-3.11.10.jar:/home/runner/.m2/repository/com/jolbox/bonecp/0.8.0.RELEASE/bonecp-0.8.0.RELEASE.jar:/home/runner/.m2/repository/org/apache/derby/derby/10.14.2.0/derby-10.14.2.0.jar:/home/runner/.m2/repository/org/xerial/sqlite-jdbc/3.25.2/sqlite-jdbc-3.25.2.jar:/home/runner/.m2/repository/org/springframework/spring-jdbc/5.2.11.RELEASE/spring-jdbc-5.2.11.RELEASE.jar:/home/runner/.m2/repository/org/springframework/spring-beans/5.2.11.RELEASE/spring-beans-5.2.11.RELEASE.jar:/home/runner/.m2/repository/org/springframework/spring-core/5.2.11.RELEASE/spring-core-5.2.11.RELEASE.jar:/home/runner/.m2/repository/org/springframework/spring-jcl/5.2.11.RELEASE/spring-jcl-5.2.11.RELEASE.jar:/home/runner/.m2/repository/org/springframework/spring-tx/5.2.11.RELEASE/spring-tx-5.2.11.RELEASE.jar:/home/runner/.m2/repository/org/apache/ozone/ozone-client/1.2.0-SNAPSHOT/ozone-client-1.2.0-SNAPSHOT.jar:/home/runner/.m2/repository/org/apache/ozone/ozone-filesystem/1.2.0-SNAPSHOT/ozone-filesystem-1.2.0-SNAPSHOT.jar:/home/runner/.m2/repository/org/apache/ozone/ozone-filesystem-common/1.2.0-SNAPSHOT/ozone-filesystem-common-1.2.0-SNAPSHOT.jar:/home/runner/.m2/repository/org/apache/ozone/ozone-tools/1.2.0-SNAPSHOT/ozone-tools-1.2.0-SNAPSHOT.jar:/home/runner/.m2/repository/org/apache/ratis/ratis-tools/2.1.0-03f3b68-SNAPSHOT/ratis-tools-2.1.0-03f3b68-SNAPSHOT.jar:/home/runner/.m2/repository/com/amazonaws/aws-java-sdk-core/1.11.901/aws-java-sdk-core-1.11.901.jar:/home/runner/.m2/repository/org/apache/httpcomponents/httpclient/4.5.13/httpclient-4.5.13.jar:/home/runner/.m2/repository/org/apache/httpcomponents/httpcore/4.4.13/httpcore-4.4.13.jar:/home/runner/.m2/repository/software/amazon/ion/ion-java/1.0.2/ion-java-1.0.2.jar:/home/runner/.m2/repository/com/fasterxml/jackson/dataformat/jackson-dataformat-cbor/2.12.1/jackson-dataformat-cbor-2.12.1.jar:/home/runner/.m2/repository/joda-time/joda-time/2.8.1/joda-time-2.8.1.jar:/home/runner/.m2/repository/com/amazonaws/aws-java-sdk-s3/1.11.901/aws-java-sdk-s3-1.11.901.jar:/home/runner/.m2/repository/com/amazonaws/aws-java-sdk-kms/1.11.901/aws-java-sdk-kms-1.11.901.jar:/home/runner/.m2/repository/com/amazonaws/jmespath-java/1.11.901/jmespath-java-1.11.901.jar:/home/runner/.m2/repository/org/kohsuke/metainf-services/metainf-services/1.8/metainf-services-1.8.jar:/home/runner/.m2/repository/org/apache/ozone/hdds-tools/1.2.0-SNAPSHOT/hdds-tools-1.2.0-SNAPSHOT.jar:/home/runner/.m2/repository/commons-cli/commons-cli/1.2/commons-cli-1.2.jar:/home/runner/.m2/repository/org/apache/commons/commons-lang3/3.7/commons-lang3-3.7.jar:/home/runner/.m2/repository/org/apache/ozone/ozone-manager/1.2.0-SNAPSHOT/ozone-manager-1.2.0-SNAPSHOT-tests.jar:/home/runner/.m2/repository/org/apache/ozone/hdds-common/1.2.0-SNAPSHOT/hdds-common-1.2.0-SNAPSHOT-tests.jar:/home/runner/.m2/repository/org/apache/ozone/hdds-hadoop-dependency-client/1.2.0-SNAPSHOT/hdds-hadoop-dependency-client-1.2.0-SNAPSHOT.jar:/home/runner/.m2/repository/info/picocli/picocli/4.6.1/picocli-4.6.1.jar:/home/runner/.m2/repository/com/fasterxml/jackson/core/jackson-annotations/2.12.1/jackson-annotations-2.12.1.jar:/home/runner/.m2/repository/javax/annotation/javax.annotation-api/1.2/javax.annotation-api-1.2.jar:/home/runner/.m2/repository/org/apache/ratis/ratis-server/2.1.0-03f3b68-SNAPSHOT/ratis-server-2.1.0-03f3b68-SNAPSHOT.jar:/home/runner/.m2/repository/org/apache/ratis/ratis-client/2.1.0-03f3b68-SNAPSHOT/ratis-client-2.1.0-03f3b68-SNAPSHOT.jar:/home/runner/.m2/repository/org/apache/ratis/ratis-server-api/2.1.0-03f3b68-SNAPSHOT/ratis-server-api-2.1.0-03f3b68-SNAPSHOT.jar:/home/runner/.m2/repository/org/apache/ratis/ratis-metrics/2.1.0-03f3b68-SNAPSHOT/ratis-metrics-2.1.0-03f3b68-SNAPSHOT.jar:/home/runner/.m2/repository/org/apache/ratis/ratis-netty/2.1.0-03f3b68-SNAPSHOT/ratis-netty-2.1.0-03f3b68-SNAPSHOT.jar:/home/runner/.m2/repository/org/apache/ratis/ratis-grpc/2.1.0-03f3b68-SNAPSHOT/ratis-grpc-2.1.0-03f3b68-SNAPSHOT.jar:/home/runner/.m2/repository/org/apache/logging/log4j/log4j-api/2.13.3/log4j-api-2.13.3.jar:/home/runner/.m2/repository/org/apache/logging/log4j/log4j-core/2.13.3/log4j-core-2.13.3.jar:/home/runner/.m2/repository/com/lmax/disruptor/3.4.2/disruptor-3.4.2.jar:/home/runner/.m2/repository/org/apache/commons/commons-pool2/2.6.0/commons-pool2-2.6.0.jar:/home/runner/.m2/repository/org/bouncycastle/bcpkix-jdk15on/1.67/bcpkix-jdk15on-1.67.jar:/home/runner/.m2/repository/commons-validator/commons-validator/1.6/commons-validator-1.6.jar:/home/runner/.m2/repository/commons-beanutils/commons-beanutils/1.9.4/commons-beanutils-1.9.4.jar:/home/runner/.m2/repository/commons-digester/commons-digester/1.8.1/commons-digester-1.8.1.jar:/home/runner/.m2/repository/commons-collections/commons-collections/3.2.2/commons-collections-3.2.2.jar:/home/runner/.m2/repository/io/jaegertracing/jaeger-client/1.6.0/jaeger-client-1.6.0.jar:/home/runner/.m2/repository/io/jaegertracing/jaeger-thrift/1.6.0/jaeger-thrift-1.6.0.jar:/home/runner/.m2/repository/org/apache/thrift/libthrift/0.14.1/libthrift-0.14.1.jar:/home/runner/.m2/repository/com/squareup/okhttp3/okhttp/4.9.0/okhttp-4.9.0.jar:/home/runner/.m2/repository/com/squareup/okio/okio/2.8.0/okio-2.8.0.jar:/home/runner/.m2/repository/io/jaegertracing/jaeger-core/1.6.0/jaeger-core-1.6.0.jar:/home/runner/.m2/repository/io/jaegertracing/jaeger-tracerresolver/1.6.0/jaeger-tracerresolver-1.6.0.jar:/home/runner/.m2/repository/io/opentracing/contrib/opentracing-tracerresolver/0.1.8/opentracing-tracerresolver-0.1.8.jar:/home/runner/.m2/repository/org/jetbrains/kotlin/kotlin-stdlib/1.4.31/kotlin-stdlib-1.4.31.jar:/home/runner/.m2/repository/org/jetbrains/kotlin/kotlin-stdlib-common/1.4.31/kotlin-stdlib-common-1.4.31.jar:/home/runner/.m2/repository/org/jetbrains/annotations/13.0/annotations-13.0.jar:/home/runner/.m2/repository/io/opentracing/opentracing-util/0.33.0/opentracing-util-0.33.0.jar:/home/runner/.m2/repository/io/opentracing/opentracing-api/0.33.0/opentracing-api-0.33.0.jar:/home/runner/.m2/repository/io/opentracing/opentracing-noop/0.33.0/opentracing-noop-0.33.0.jar:/home/runner/.m2/repository/org/yaml/snakeyaml/1.26/snakeyaml-1.26.jar:/home/runner/.m2/repository/org/apache/ozone/hdds-interface-admin/1.2.0-SNAPSHOT/hdds-interface-admin-1.2.0-SNAPSHOT.jar:/home/runner/.m2/repository/junit/junit/4.13.1/junit-4.13.1.jar:/home/runner/.m2/repository/org/hamcrest/hamcrest-core/1.3/hamcrest-core-1.3.jar:/home/runner/.m2/repository/org/junit/jupiter/junit-jupiter-api/5.7.0/junit-jupiter-api-5.7.0.jar:/home/runner/.m2/repository/org/apiguardian/apiguardian-api/1.1.0/apiguardian-api-1.1.0.jar:/home/runner/.m2/repository/org/opentest4j/opentest4j/1.2.0/opentest4j-1.2.0.jar:/home/runner/.m2/repository/org/junit/platform/junit-platform-commons/1.7.0/junit-platform-commons-1.7.0.jar:/home/runner/.m2/repository/org/junit/jupiter/junit-jupiter-engine/5.7.0/junit-jupiter-engine-5.7.0.jar:/home/runner/.m2/repository/org/junit/platform/junit-platform-engine/1.7.0/junit-platform-engine-1.7.0.jar:/home/runner/.m2/repository/org/junit/vintage/junit-vintage-engine/5.7.0/junit-vintage-engine-5.7.0.jar:/home/runner/.m2/repository/org/junit/platform/junit-platform-launcher/1.7.0/junit-platform-launcher-1.7.0.jar:/home/runner/.m2/repository/org/openjdk/jmh/jmh-core/1.19/jmh-core-1.19.jar:/home/runner/.m2/repository/net/sf/jopt-simple/jopt-simple/4.6/jopt-simple-4.6.jar:/home/runner/.m2/repository/org/apache/commons/commons-math3/3.1.1/commons-math3-3.1.1.jar:/home/runner/.m2/repository/org/openjdk/jmh/jmh-generator-annprocess/1.19/jmh-generator-annprocess-1.19.jar:/home/runner/.m2/repository/org/mockito/mockito-core/2.28.2/mockito-core-2.28.2.jar:/home/runner/.m2/repository/net/bytebuddy/byte-buddy/1.9.10/byte-buddy-1.9.10.jar:/home/runner/.m2/repository/net/bytebuddy/byte-buddy-agent/1.9.10/byte-buddy-agent-1.9.10.jar:/home/runner/.m2/repository/org/objenesis/objenesis/1.0/objenesis-1.0.jar:/home/runner/.m2/repository/org/apache/hadoop/hadoop-kms/3.3.1/hadoop-kms-3.3.1.jar:/home/runner/.m2/repository/org/apache/hadoop/hadoop-auth/3.3.1/hadoop-auth-3.3.1.jar:/home/runner/.m2/repository/com/nimbusds/nimbus-jose-jwt/7.9/nimbus-jose-jwt-7.9.jar:/home/runner/.m2/repository/com/github/stephenc/jcip/jcip-annotations/1.0-1/jcip-annotations-1.0-1.jar:/home/runner/.m2/repository/net/minidev/json-smart/2.3/json-smart-2.3.jar:/home/runner/.m2/repository/net/minidev/accessors-smart/1.2/accessors-smart-1.2.jar:/home/runner/.m2/repository/org/ow2/asm/asm/5.0.4/asm-5.0.4.jar:/home/runner/.m2/repository/org/apache/zookeeper/zookeeper/3.5.6/zookeeper-3.5.6.jar:/home/runner/.m2/repository/org/apache/zookeeper/zookeeper-jute/3.5.6/zookeeper-jute-3.5.6.jar:/home/runner/.m2/repository/org/apache/yetus/audience-annotations/0.5.0/audience-annotations-0.5.0.jar:/home/runner/.m2/repository/org/apache/curator/curator-framework/4.2.0/curator-framework-4.2.0.jar:/home/runner/.m2/repository/org/apache/hadoop/thirdparty/hadoop-shaded-guava/1.1.1/hadoop-shaded-guava-1.1.1.jar:/home/runner/.m2/repository/com/sun/jersey/jersey-core/1.19/jersey-core-1.19.jar:/home/runner/.m2/repository/javax/ws/rs/jsr311-api/1.1.1/jsr311-api-1.1.1.jar:/home/runner/.m2/repository/com/sun/jersey/jersey-server/1.19/jersey-server-1.19.jar:/home/runner/.m2/repository/javax/servlet/javax.servlet-api/3.1.0/javax.servlet-api-3.1.0.jar:/home/runner/.m2/repository/org/eclipse/jetty/jetty-server/9.4.43.v20210629/jetty-server-9.4.43.v20210629.jar:/home/runner/.m2/repository/org/eclipse/jetty/jetty-http/9.4.43.v20210629/jetty-http-9.4.43.v20210629.jar:/home/runner/.m2/repository/org/eclipse/jetty/jetty-io/9.4.43.v20210629/jetty-io-9.4.43.v20210629.jar:/home/runner/.m2/repository/org/eclipse/jetty/jetty-webapp/9.4.43.v20210629/jetty-webapp-9.4.43.v20210629.jar:/home/runner/.m2/repository/org/eclipse/jetty/jetty-xml/9.4.43.v20210629/jetty-xml-9.4.43.v20210629.jar:/home/runner/.m2/repository/org/apache/hadoop/hadoop-common/3.3.1/hadoop-common-3.3.1.jar:/home/runner/.m2/repository/commons-net/commons-net/3.6/commons-net-3.6.jar:/home/runner/.m2/repository/jakarta/activation/jakarta.activation-api/1.2.1/jakarta.activation-api-1.2.1.jar:/home/runner/.m2/repository/com/sun/jersey/jersey-servlet/1.19/jersey-servlet-1.19.jar:/home/runner/.m2/repository/com/sun/jersey/jersey-json/1.19/jersey-json-1.19.jar:/home/runner/.m2/repository/org/codehaus/jettison/jettison/1.1/jettison-1.1.jar:/home/runner/.m2/repository/com/sun/xml/bind/jaxb-impl/2.2.3-1/jaxb-impl-2.2.3-1.jar:/home/runner/.m2/repository/org/codehaus/jackson/jackson-jaxrs/1.9.2/jackson-jaxrs-1.9.2.jar:/home/runner/.m2/repository/org/codehaus/jackson/jackson-xc/1.9.2/jackson-xc-1.9.2.jar:/home/runner/.m2/repository/org/apache/commons/commons-configuration2/2.1.1/commons-configuration2-2.1.1.jar:/home/runner/.m2/repository/org/apache/commons/commons-text/1.4/commons-text-1.4.jar:/home/runner/.m2/repository/com/google/re2j/re2j/1.1/re2j-1.1.jar:/home/runner/.m2/repository/com/jcraft/jsch/0.1.54/jsch-0.1.54.jar:/home/runner/.m2/repository/org/apache/curator/curator-client/4.2.0/curator-client-4.2.0.jar:/home/runner/.m2/repository/org/apache/curator/curator-recipes/4.2.0/curator-recipes-4.2.0.jar:/home/runner/.m2/repository/org/apache/kerby/kerb-core/1.0.1/kerb-core-1.0.1.jar:/home/runner/.m2/repository/org/apache/kerby/kerby-pkix/1.0.1/kerby-pkix-1.0.1.jar:/home/runner/.m2/repository/org/apache/kerby/kerby-asn1/1.0.1/kerby-asn1-1.0.1.jar:/home/runner/.m2/repository/org/apache/kerby/kerby-util/1.0.1/kerby-util-1.0.1.jar:/home/runner/.m2/repository/dnsjava/dnsjava/2.1.7/dnsjava-2.1.7.jar:/home/runner/.m2/repository/org/xerial/snappy/snappy-java/1.1.8.2/snappy-java-1.1.8.2.jar:/home/runner/.m2/repository/org/slf4j/jul-to-slf4j/1.7.30/jul-to-slf4j-1.7.30.jar:/home/runner/.m2/repository/org/eclipse/jetty/jetty-util/9.4.43.v20210629/jetty-util-9.4.43.v20210629.jar:/home/runner/.m2/repository/com/fasterxml/jackson/core/jackson-databind/2.12.1/jackson-databind-2.12.1.jar:/home/runner/.m2/repository/org/apache/hadoop/hadoop-kms/3.3.1/hadoop-kms-3.3.1-tests.jar:/home/runner/.m2/repository/org/apache/ozone/hdds-server-scm/1.2.0-SNAPSHOT/hdds-server-scm-1.2.0-SNAPSHOT-tests.jar:/home/runner/.m2/repository/org/apache/ozone/hdds-container-service/1.2.0-SNAPSHOT/hdds-container-service-1.2.0-SNAPSHOT-tests.jar:/home/runner/.m2/repository/commons-codec/commons-codec/1.11/commons-codec-1.11.jar:/home/runner/.m2/repository/io/netty/netty-transport/4.1.63.Final/netty-transport-4.1.63.Final.jar:/home/runner/.m2/repository/io/netty/netty-resolver/4.1.63.Final/netty-resolver-4.1.63.Final.jar:/home/runner/.m2/repository/io/netty/netty-codec/4.1.63.Final/netty-codec-4.1.63.Final.jar:/home/runner/.m2/repository/io/netty/netty-handler/4.1.63.Final/netty-handler-4.1.63.Final.jar:/home/runner/.m2/repository/org/apache/ozone/hdds-hadoop-dependency-test/1.2.0-SNAPSHOT/hdds-hadoop-dependency-test-1.2.0-SNAPSHOT.jar:/home/runner/.m2/repository/org/apache/hadoop/hadoop-common/3.3.1/hadoop-common-3.3.1-tests.jar:/home/runner/.m2/repository/org/assertj/assertj-core/3.12.2/assertj-core-3.12.2.jar:/home/runner/.m2/repository/org/apache/hadoop/hadoop-hdfs/3.3.1/hadoop-hdfs-3.3.1-tests.jar:/home/runner/.m2/repository/org/eclipse/jetty/jetty-util-ajax/9.4.43.v20210629/jetty-util-ajax-9.4.43.v20210629.jar:/home/runner/.m2/repository/commons-daemon/commons-daemon/1.0.13/commons-daemon-1.0.13.jar:/home/runner/.m2/repository/io/netty/netty/3.10.6.Final/netty-3.10.6.Final.jar:/home/runner/.m2/repository/io/netty/netty-all/4.1.63.Final/netty-all-4.1.63.Final.jar:/home/runner/.m2/repository/org/apache/htrace/htrace-core4/4.1.0-incubating/htrace-core4-4.1.0-incubating.jar:/home/runner/.m2/repository/org/fusesource/leveldbjni/leveldbjni-all/1.8/leveldbjni-all-1.8.jar:/home/runner/.m2/repository/org/apache/hadoop/hadoop-distcp/3.3.1/hadoop-distcp-3.3.1.jar:/home/runner/.m2/repository/org/apache/hadoop/hadoop-mapreduce-client-jobclient/3.3.1/hadoop-mapreduce-client-jobclient-3.3.1.jar:/home/runner/.m2/repository/org/apache/hadoop/hadoop-mapreduce-client-common/3.3.1/hadoop-mapreduce-client-common-3.3.1.jar:/home/runner/.m2/repository/org/apache/hadoop/hadoop-yarn-common/3.3.1/hadoop-yarn-common-3.3.1.jar:/home/runner/.m2/repository/org/apache/hadoop/hadoop-yarn-api/3.3.1/hadoop-yarn-api-3.3.1.jar:/home/runner/.m2/repository/com/sun/jersey/jersey-client/1.19/jersey-client-1.19.jar:/home/runner/.m2/repository/com/sun/jersey/contribs/jersey-guice/1.19/jersey-guice-1.19.jar:/home/runner/.m2/repository/com/fasterxml/jackson/jaxrs/jackson-jaxrs-json-provider/2.12.1/jackson-jaxrs-json-provider-2.12.1.jar:/home/runner/.m2/repository/com/fasterxml/jackson/jaxrs/jackson-jaxrs-base/2.12.1/jackson-jaxrs-base-2.12.1.jar:/home/runner/.m2/repository/org/apache/hadoop/hadoop-yarn-client/3.3.1/hadoop-yarn-client-3.3.1.jar:/home/runner/.m2/repository/org/eclipse/jetty/websocket/websocket-client/9.4.40.v20210413/websocket-client-9.4.40.v20210413.jar:/home/runner/.m2/repository/org/eclipse/jetty/jetty-client/9.4.40.v20210413/jetty-client-9.4.40.v20210413.jar:/home/runner/.m2/repository/org/eclipse/jetty/websocket/websocket-common/9.4.40.v20210413/websocket-common-9.4.40.v20210413.jar:/home/runner/.m2/repository/org/eclipse/jetty/websocket/websocket-api/9.4.40.v20210413/websocket-api-9.4.40.v20210413.jar:/home/runner/.m2/repository/org/jline/jline/3.9.0/jline-3.9.0.jar:/home/runner/.m2/repository/org/apache/hadoop/hadoop-mapreduce-client-core/3.3.1/hadoop-mapreduce-client-core-3.3.1.jar:/home/runner/.m2/repository/org/apache/avro/avro/1.7.7/avro-1.7.7.jar:/home/runner/.m2/repository/org/codehaus/jackson/jackson-core-asl/1.9.13/jackson-core-asl-1.9.13.jar:/home/runner/.m2/repository/org/codehaus/jackson/jackson-mapper-asl/1.9.13/jackson-mapper-asl-1.9.13.jar:/home/runner/.m2/repository/com/thoughtworks/paranamer/paranamer/2.3/paranamer-2.3.jar:/home/runner/.m2/repository/org/apache/hadoop/hadoop-annotations/3.3.1/hadoop-annotations-3.3.1.jar:/usr/lib/jvm/adoptopenjdk-8-hotspot-amd64/jre/../lib/tools.jar:/home/runner/.m2/repository/org/apache/hadoop/hadoop-distcp/3.3.1/hadoop-distcp-3.3.1-tests.jar:/home/runner/.m2/repository/org/apache/ratis/ratis-common/2.1.0-03f3b68-SNAPSHOT/ratis-common-2.1.0-03f3b68-SNAPSHOT.jar:/home/runner/.m2/repository/org/apache/ratis/ratis-thirdparty-misc/0.7.0/ratis-thirdparty-misc-0.7.0.jar:/home/runner/.m2/repository/org/apache/ratis/ratis-proto/2.1.0-03f3b68-SNAPSHOT/ratis-proto-2.1.0-03f3b68-SNAPSHOT.jar:"/>
    <property name="java.vm.vendor" value="AdoptOpenJDK"/>
    <property name="sun.arch.data.model" value="64"/>
    <property name="test.build.dir" value="/home/runner/work/ozone/ozone/hadoop-ozone/integration-test/target/test-dir"/>
    <property name="test.cache.data" value=""/>
    <property name="java.vendor.url" value="https://adoptopenjdk.net/"/>
    <property name="user.timezone" value=""/>
    <property name="java.vm.specification.version" value="1.8"/>
    <property name="os.name" value="Linux"/>
    <property name="test.build.data" value="/home/runner/work/ozone/ozone/hadoop-ozone/integration-test/target/test-dir"/>
    <property name="sun.java.launcher" value="SUN_STANDARD"/>
    <property name="sun.boot.library.path" value="/usr/lib/jvm/adoptopenjdk-8-hotspot-amd64/jre/lib/amd64"/>
    <property name="sun.java.command" value="/home/runner/work/ozone/ozone/hadoop-ozone/integration-test/target/surefire/surefirebooter1761249307299370767.jar /home/runner/work/ozone/ozone/hadoop-ozone/integration-test/target/surefire 2021-09-23T02-35-56_267-jvmRun1 surefire6353528165098332992tmp surefire_505260841777302290971tmp"/>
    <property name="surefire.test.class.path" value="/home/runner/work/ozone/ozone/hadoop-ozone/integration-test/target/test-classes:/home/runner/work/ozone/ozone/hadoop-ozone/integration-test/target/classes:/home/runner/.m2/repository/org/apache/ozone/ozone-common/1.2.0-SNAPSHOT/ozone-common-1.2.0-SNAPSHOT.jar:/home/runner/.m2/repository/org/apache/commons/commons-compress/1.20/commons-compress-1.20.jar:/home/runner/.m2/repository/org/apache/ozone/hdds-common/1.2.0-SNAPSHOT/hdds-common-1.2.0-SNAPSHOT.jar:/home/runner/.m2/repository/org/apache/ozone/hdds-client/1.2.0-SNAPSHOT/hdds-client-1.2.0-SNAPSHOT.jar:/home/runner/.m2/repository/org/apache/ozone/ozone-interface-client/1.2.0-SNAPSHOT/ozone-interface-client-1.2.0-SNAPSHOT.jar:/home/runner/.m2/repository/org/apache/ozone/hdds-server-framework/1.2.0-SNAPSHOT/hdds-server-framework-1.2.0-SNAPSHOT.jar:/home/runner/.m2/repository/org/apache/ozone/hdds-interface-server/1.2.0-SNAPSHOT/hdds-interface-server-1.2.0-SNAPSHOT.jar:/home/runner/.m2/repository/org/eclipse/jetty/jetty-servlet/9.4.43.v20210629/jetty-servlet-9.4.43.v20210629.jar:/home/runner/.m2/repository/org/eclipse/jetty/jetty-security/9.4.43.v20210629/jetty-security-9.4.43.v20210629.jar:/home/runner/.m2/repository/org/rocksdb/rocksdbjni/6.20.3/rocksdbjni-6.20.3.jar:/home/runner/.m2/repository/io/prometheus/simpleclient_dropwizard/0.7.0/simpleclient_dropwizard-0.7.0.jar:/home/runner/.m2/repository/io/prometheus/simpleclient/0.7.0/simpleclient-0.7.0.jar:/home/runner/.m2/repository/io/prometheus/simpleclient_common/0.7.0/simpleclient_common-0.7.0.jar:/home/runner/.m2/repository/com/fasterxml/jackson/datatype/jackson-datatype-jsr310/2.12.1/jackson-datatype-jsr310-2.12.1.jar:/home/runner/.m2/repository/org/apache/ozone/hdds-test-utils/1.2.0-SNAPSHOT/hdds-test-utils-1.2.0-SNAPSHOT.jar:/home/runner/.m2/repository/com/google/guava/guava/30.1.1-jre/guava-30.1.1-jre.jar:/home/runner/.m2/repository/com/google/guava/failureaccess/1.0.1/failureaccess-1.0.1.jar:/home/runner/.m2/repository/com/google/guava/listenablefuture/9999.0-empty-to-avoid-conflict-with-guava/listenablefuture-9999.0-empty-to-avoid-conflict-with-guava.jar:/home/runner/.m2/repository/com/google/code/findbugs/jsr305/3.0.0/jsr305-3.0.0.jar:/home/runner/.m2/repository/org/checkerframework/checker-qual/3.8.0/checker-qual-3.8.0.jar:/home/runner/.m2/repository/com/google/errorprone/error_prone_annotations/2.2.0/error_prone_annotations-2.2.0.jar:/home/runner/.m2/repository/com/google/j2objc/j2objc-annotations/1.3/j2objc-annotations-1.3.jar:/home/runner/.m2/repository/commons-io/commons-io/2.8.0/commons-io-2.8.0.jar:/home/runner/.m2/repository/commons-logging/commons-logging/1.2/commons-logging-1.2.jar:/home/runner/.m2/repository/log4j/log4j/1.2.17/log4j-1.2.17.jar:/home/runner/.m2/repository/org/slf4j/slf4j-api/1.7.30/slf4j-api-1.7.30.jar:/home/runner/.m2/repository/org/apache/ozone/hdds-server-scm/1.2.0-SNAPSHOT/hdds-server-scm-1.2.0-SNAPSHOT.jar:/home/runner/.m2/repository/org/apache/ozone/hdds-container-service/1.2.0-SNAPSHOT/hdds-container-service-1.2.0-SNAPSHOT.jar:/home/runner/.m2/repository/org/apache/ozone/hdds-hadoop-dependency-server/1.2.0-SNAPSHOT/hdds-hadoop-dependency-server-1.2.0-SNAPSHOT.jar:/home/runner/.m2/repository/org/apache/hadoop/hadoop-hdfs/3.3.1/hadoop-hdfs-3.3.1.jar:/home/runner/.m2/repository/io/dropwizard/metrics/metrics-core/3.2.4/metrics-core-3.2.4.jar:/home/runner/.m2/repository/org/apache/hadoop/hadoop-hdfs-client/3.3.1/hadoop-hdfs-client-3.3.1.jar:/home/runner/.m2/repository/org/bouncycastle/bcprov-jdk15on/1.67/bcprov-jdk15on-1.67.jar:/home/runner/.m2/repository/com/google/protobuf/protobuf-java/2.5.0/protobuf-java-2.5.0.jar:/home/runner/.m2/repository/org/apache/ozone/ozone-manager/1.2.0-SNAPSHOT/ozone-manager-1.2.0-SNAPSHOT.jar:/home/runner/.m2/repository/org/aspectj/aspectjrt/1.9.7/aspectjrt-1.9.7.jar:/home/runner/.m2/repository/org/aspectj/aspectjweaver/1.9.7/aspectjweaver-1.9.7.jar:/home/runner/.m2/repository/org/apache/ozone/hdds-interface-client/1.2.0-SNAPSHOT/hdds-interface-client-1.2.0-SNAPSHOT.jar:/home/runner/.m2/repository/org/apache/hadoop/thirdparty/hadoop-shaded-protobuf_3_7/1.1.1/hadoop-shaded-protobuf_3_7-1.1.1.jar:/home/runner/.m2/repository/org/apache/ozone/ozone-interface-storage/1.2.0-SNAPSHOT/ozone-interface-storage-1.2.0-SNAPSHOT.jar:/home/runner/.m2/repository/org/reflections/reflections/0.9.11/reflections-0.9.11.jar:/home/runner/.m2/repository/org/apache/hadoop/hadoop-minikdc/3.3.1/hadoop-minikdc-3.3.1.jar:/home/runner/.m2/repository/org/apache/kerby/kerb-simplekdc/1.0.1/kerb-simplekdc-1.0.1.jar:/home/runner/.m2/repository/org/apache/kerby/kerb-client/1.0.1/kerb-client-1.0.1.jar:/home/runner/.m2/repository/org/apache/kerby/kerby-config/1.0.1/kerby-config-1.0.1.jar:/home/runner/.m2/repository/org/apache/kerby/kerb-common/1.0.1/kerb-common-1.0.1.jar:/home/runner/.m2/repository/org/apache/kerby/kerb-crypto/1.0.1/kerb-crypto-1.0.1.jar:/home/runner/.m2/repository/org/apache/kerby/kerb-util/1.0.1/kerb-util-1.0.1.jar:/home/runner/.m2/repository/org/apache/kerby/token-provider/1.0.1/token-provider-1.0.1.jar:/home/runner/.m2/repository/org/apache/kerby/kerb-admin/1.0.1/kerb-admin-1.0.1.jar:/home/runner/.m2/repository/org/apache/kerby/kerb-server/1.0.1/kerb-server-1.0.1.jar:/home/runner/.m2/repository/org/apache/kerby/kerb-identity/1.0.1/kerb-identity-1.0.1.jar:/home/runner/.m2/repository/org/apache/kerby/kerby-xdr/1.0.1/kerby-xdr-1.0.1.jar:/home/runner/.m2/repository/org/slf4j/slf4j-log4j12/1.7.30/slf4j-log4j12-1.7.30.jar:/home/runner/.m2/repository/org/apache/ozone/ozone-s3gateway/1.2.0-SNAPSHOT/ozone-s3gateway-1.2.0-SNAPSHOT.jar:/home/runner/.m2/repository/org/javassist/javassist/3.21.0-GA/javassist-3.21.0-GA.jar:/home/runner/.m2/repository/org/jboss/weld/servlet/weld-servlet/2.4.7.Final/weld-servlet-2.4.7.Final.jar:/home/runner/.m2/repository/org/glassfish/jersey/containers/jersey-container-servlet-core/2.33/jersey-container-servlet-core-2.33.jar:/home/runner/.m2/repository/org/glassfish/hk2/external/jakarta.inject/2.6.1/jakarta.inject-2.6.1.jar:/home/runner/.m2/repository/org/glassfish/jersey/core/jersey-common/2.33/jersey-common-2.33.jar:/home/runner/.m2/repository/jakarta/ws/rs/jakarta.ws.rs-api/2.1.6/jakarta.ws.rs-api-2.1.6.jar:/home/runner/.m2/repository/org/glassfish/jersey/ext/cdi/jersey-cdi1x/2.33/jersey-cdi1x-2.33.jar:/home/runner/.m2/repository/org/glassfish/jersey/inject/jersey-hk2/2.33/jersey-hk2-2.33.jar:/home/runner/.m2/repository/org/glassfish/hk2/hk2-locator/2.6.1/hk2-locator-2.6.1.jar:/home/runner/.m2/repository/org/glassfish/jersey/media/jersey-media-jaxb/2.33/jersey-media-jaxb-2.33.jar:/home/runner/.m2/repository/org/glassfish/hk2/osgi-resource-locator/1.0.3/osgi-resource-locator-1.0.3.jar:/home/runner/.m2/repository/org/glassfish/hk2/hk2-api/2.5.0/hk2-api-2.5.0.jar:/home/runner/.m2/repository/org/glassfish/hk2/hk2-utils/2.5.0/hk2-utils-2.5.0.jar:/home/runner/.m2/repository/org/glassfish/hk2/external/aopalliance-repackaged/2.5.0/aopalliance-repackaged-2.5.0.jar:/home/runner/.m2/repository/com/fasterxml/jackson/dataformat/jackson-dataformat-xml/2.12.1/jackson-dataformat-xml-2.12.1.jar:/home/runner/.m2/repository/com/fasterxml/jackson/core/jackson-core/2.12.1/jackson-core-2.12.1.jar:/home/runner/.m2/repository/com/fasterxml/jackson/module/jackson-module-jaxb-annotations/2.12.1/jackson-module-jaxb-annotations-2.12.1.jar:/home/runner/.m2/repository/jakarta/xml/bind/jakarta.xml.bind-api/2.3.2/jakarta.xml.bind-api-2.3.2.jar:/home/runner/.m2/repository/org/codehaus/woodstox/stax2-api/3.1.4/stax2-api-3.1.4.jar:/home/runner/.m2/repository/com/fasterxml/woodstox/woodstox-core/5.0.3/woodstox-core-5.0.3.jar:/home/runner/.m2/repository/javax/enterprise/cdi-api/1.2/cdi-api-1.2.jar:/home/runner/.m2/repository/javax/el/javax.el-api/3.0.0/javax.el-api-3.0.0.jar:/home/runner/.m2/repository/javax/interceptor/javax.interceptor-api/1.2/javax.interceptor-api-1.2.jar:/home/runner/.m2/repository/javax/inject/javax.inject/1/javax.inject-1.jar:/home/runner/.m2/repository/javax/xml/bind/jaxb-api/2.3.0/jaxb-api-2.3.0.jar:/home/runner/.m2/repository/org/glassfish/jaxb/jaxb-runtime/2.3.0.1/jaxb-runtime-2.3.0.1.jar:/home/runner/.m2/repository/org/glassfish/jaxb/jaxb-core/2.3.0.1/jaxb-core-2.3.0.1.jar:/home/runner/.m2/repository/org/glassfish/jaxb/txw2/2.3.0.1/txw2-2.3.0.1.jar:/home/runner/.m2/repository/com/sun/istack/istack-commons-runtime/3.0.5/istack-commons-runtime-3.0.5.jar:/home/runner/.m2/repository/org/jvnet/staxex/stax-ex/1.7.8/stax-ex-1.7.8.jar:/home/runner/.m2/repository/com/sun/xml/fastinfoset/FastInfoset/1.2.13/FastInfoset-1.2.13.jar:/home/runner/.m2/repository/javax/activation/activation/1.1.1/activation-1.1.1.jar:/home/runner/.m2/repository/org/apache/ozone/ozone-csi/1.2.0-SNAPSHOT/ozone-csi-1.2.0-SNAPSHOT.jar:/home/runner/.m2/repository/com/google/protobuf/protobuf-java-util/3.12.0/protobuf-java-util-3.12.0.jar:/home/runner/.m2/repository/com/google/code/gson/gson/2.2.4/gson-2.2.4.jar:/home/runner/.m2/repository/org/apache/ozone/hdds-config/1.2.0-SNAPSHOT/hdds-config-1.2.0-SNAPSHOT.jar:/home/runner/.m2/repository/io/grpc/grpc-netty/1.33.0/grpc-netty-1.33.0.jar:/home/runner/.m2/repository/io/grpc/grpc-core/1.33.0/grpc-core-1.33.0.jar:/home/runner/.m2/repository/com/google/android/annotations/4.1.1.4/annotations-4.1.1.4.jar:/home/runner/.m2/repository/io/netty/netty-codec-http2/4.1.63.Final/netty-codec-http2-4.1.63.Final.jar:/home/runner/.m2/repository/io/netty/netty-codec-http/4.1.63.Final/netty-codec-http-4.1.63.Final.jar:/home/runner/.m2/repository/io/netty/netty-handler-proxy/4.1.63.Final/netty-handler-proxy-4.1.63.Final.jar:/home/runner/.m2/repository/io/netty/netty-codec-socks/4.1.63.Final/netty-codec-socks-4.1.63.Final.jar:/home/runner/.m2/repository/io/perfmark/perfmark-api/0.19.0/perfmark-api-0.19.0.jar:/home/runner/.m2/repository/org/codehaus/mojo/animal-sniffer-annotations/1.18/animal-sniffer-annotations-1.18.jar:/home/runner/.m2/repository/io/netty/netty-transport-native-epoll/4.1.63.Final/netty-transport-native-epoll-4.1.63.Final.jar:/home/runner/.m2/repository/io/netty/netty-common/4.1.63.Final/netty-common-4.1.63.Final.jar:/home/runner/.m2/repository/io/netty/netty-buffer/4.1.63.Final/netty-buffer-4.1.63.Final.jar:/home/runner/.m2/repository/io/netty/netty-transport-native-unix-common/4.1.63.Final/netty-transport-native-unix-common-4.1.63.Final.jar:/home/runner/.m2/repository/io/grpc/grpc-protobuf/1.33.0/grpc-protobuf-1.33.0.jar:/home/runner/.m2/repository/io/grpc/grpc-api/1.33.0/grpc-api-1.33.0.jar:/home/runner/.m2/repository/io/grpc/grpc-context/1.33.0/grpc-context-1.33.0.jar:/home/runner/.m2/repository/com/google/api/grpc/proto-google-common-protos/1.17.0/proto-google-common-protos-1.17.0.jar:/home/runner/.m2/repository/io/grpc/grpc-protobuf-lite/1.33.0/grpc-protobuf-lite-1.33.0.jar:/home/runner/.m2/repository/io/grpc/grpc-stub/1.33.0/grpc-stub-1.33.0.jar:/home/runner/.m2/repository/org/apache/ozone/ozone-recon/1.2.0-SNAPSHOT/ozone-recon-1.2.0-SNAPSHOT.jar:/home/runner/.m2/repository/org/apache/ozone/ozone-reconcodegen/1.2.0-SNAPSHOT/ozone-reconcodegen-1.2.0-SNAPSHOT.jar:/home/runner/.m2/repository/com/google/inject/extensions/guice-multibindings/4.0/guice-multibindings-4.0.jar:/home/runner/.m2/repository/com/google/inject/guice/4.0/guice-4.0.jar:/home/runner/.m2/repository/aopalliance/aopalliance/1.0/aopalliance-1.0.jar:/home/runner/.m2/repository/com/google/inject/extensions/guice-assistedinject/4.0/guice-assistedinject-4.0.jar:/home/runner/.m2/repository/com/google/inject/extensions/guice-servlet/4.0/guice-servlet-4.0.jar:/home/runner/.m2/repository/org/glassfish/jersey/containers/jersey-container-servlet/2.33/jersey-container-servlet-2.33.jar:/home/runner/.m2/repository/org/glassfish/hk2/guice-bridge/2.5.0/guice-bridge-2.5.0.jar:/home/runner/.m2/repository/org/glassfish/jersey/core/jersey-server/2.33/jersey-server-2.33.jar:/home/runner/.m2/repository/org/glassfish/jersey/core/jersey-client/2.33/jersey-client-2.33.jar:/home/runner/.m2/repository/jakarta/annotation/jakarta.annotation-api/1.3.5/jakarta.annotation-api-1.3.5.jar:/home/runner/.m2/repository/jakarta/validation/jakarta.validation-api/2.0.2/jakarta.validation-api-2.0.2.jar:/home/runner/.m2/repository/org/glassfish/jersey/media/jersey-media-json-jackson/2.33/jersey-media-json-jackson-2.33.jar:/home/runner/.m2/repository/org/glassfish/jersey/ext/jersey-entity-filtering/2.33/jersey-entity-filtering-2.33.jar:/home/runner/.m2/repository/org/jooq/jooq/3.11.10/jooq-3.11.10.jar:/home/runner/.m2/repository/org/jooq/jooq-meta/3.11.10/jooq-meta-3.11.10.jar:/home/runner/.m2/repository/org/jooq/jooq-codegen/3.11.10/jooq-codegen-3.11.10.jar:/home/runner/.m2/repository/com/jolbox/bonecp/0.8.0.RELEASE/bonecp-0.8.0.RELEASE.jar:/home/runner/.m2/repository/org/apache/derby/derby/10.14.2.0/derby-10.14.2.0.jar:/home/runner/.m2/repository/org/xerial/sqlite-jdbc/3.25.2/sqlite-jdbc-3.25.2.jar:/home/runner/.m2/repository/org/springframework/spring-jdbc/5.2.11.RELEASE/spring-jdbc-5.2.11.RELEASE.jar:/home/runner/.m2/repository/org/springframework/spring-beans/5.2.11.RELEASE/spring-beans-5.2.11.RELEASE.jar:/home/runner/.m2/repository/org/springframework/spring-core/5.2.11.RELEASE/spring-core-5.2.11.RELEASE.jar:/home/runner/.m2/repository/org/springframework/spring-jcl/5.2.11.RELEASE/spring-jcl-5.2.11.RELEASE.jar:/home/runner/.m2/repository/org/springframework/spring-tx/5.2.11.RELEASE/spring-tx-5.2.11.RELEASE.jar:/home/runner/.m2/repository/org/apache/ozone/ozone-client/1.2.0-SNAPSHOT/ozone-client-1.2.0-SNAPSHOT.jar:/home/runner/.m2/repository/org/apache/ozone/ozone-filesystem/1.2.0-SNAPSHOT/ozone-filesystem-1.2.0-SNAPSHOT.jar:/home/runner/.m2/repository/org/apache/ozone/ozone-filesystem-common/1.2.0-SNAPSHOT/ozone-filesystem-common-1.2.0-SNAPSHOT.jar:/home/runner/.m2/repository/org/apache/ozone/ozone-tools/1.2.0-SNAPSHOT/ozone-tools-1.2.0-SNAPSHOT.jar:/home/runner/.m2/repository/org/apache/ratis/ratis-tools/2.1.0-03f3b68-SNAPSHOT/ratis-tools-2.1.0-03f3b68-SNAPSHOT.jar:/home/runner/.m2/repository/com/amazonaws/aws-java-sdk-core/1.11.901/aws-java-sdk-core-1.11.901.jar:/home/runner/.m2/repository/org/apache/httpcomponents/httpclient/4.5.13/httpclient-4.5.13.jar:/home/runner/.m2/repository/org/apache/httpcomponents/httpcore/4.4.13/httpcore-4.4.13.jar:/home/runner/.m2/repository/software/amazon/ion/ion-java/1.0.2/ion-java-1.0.2.jar:/home/runner/.m2/repository/com/fasterxml/jackson/dataformat/jackson-dataformat-cbor/2.12.1/jackson-dataformat-cbor-2.12.1.jar:/home/runner/.m2/repository/joda-time/joda-time/2.8.1/joda-time-2.8.1.jar:/home/runner/.m2/repository/com/amazonaws/aws-java-sdk-s3/1.11.901/aws-java-sdk-s3-1.11.901.jar:/home/runner/.m2/repository/com/amazonaws/aws-java-sdk-kms/1.11.901/aws-java-sdk-kms-1.11.901.jar:/home/runner/.m2/repository/com/amazonaws/jmespath-java/1.11.901/jmespath-java-1.11.901.jar:/home/runner/.m2/repository/org/kohsuke/metainf-services/metainf-services/1.8/metainf-services-1.8.jar:/home/runner/.m2/repository/org/apache/ozone/hdds-tools/1.2.0-SNAPSHOT/hdds-tools-1.2.0-SNAPSHOT.jar:/home/runner/.m2/repository/commons-cli/commons-cli/1.2/commons-cli-1.2.jar:/home/runner/.m2/repository/org/apache/commons/commons-lang3/3.7/commons-lang3-3.7.jar:/home/runner/.m2/repository/org/apache/ozone/ozone-manager/1.2.0-SNAPSHOT/ozone-manager-1.2.0-SNAPSHOT-tests.jar:/home/runner/.m2/repository/org/apache/ozone/hdds-common/1.2.0-SNAPSHOT/hdds-common-1.2.0-SNAPSHOT-tests.jar:/home/runner/.m2/repository/org/apache/ozone/hdds-hadoop-dependency-client/1.2.0-SNAPSHOT/hdds-hadoop-dependency-client-1.2.0-SNAPSHOT.jar:/home/runner/.m2/repository/info/picocli/picocli/4.6.1/picocli-4.6.1.jar:/home/runner/.m2/repository/com/fasterxml/jackson/core/jackson-annotations/2.12.1/jackson-annotations-2.12.1.jar:/home/runner/.m2/repository/javax/annotation/javax.annotation-api/1.2/javax.annotation-api-1.2.jar:/home/runner/.m2/repository/org/apache/ratis/ratis-server/2.1.0-03f3b68-SNAPSHOT/ratis-server-2.1.0-03f3b68-SNAPSHOT.jar:/home/runner/.m2/repository/org/apache/ratis/ratis-client/2.1.0-03f3b68-SNAPSHOT/ratis-client-2.1.0-03f3b68-SNAPSHOT.jar:/home/runner/.m2/repository/org/apache/ratis/ratis-server-api/2.1.0-03f3b68-SNAPSHOT/ratis-server-api-2.1.0-03f3b68-SNAPSHOT.jar:/home/runner/.m2/repository/org/apache/ratis/ratis-metrics/2.1.0-03f3b68-SNAPSHOT/ratis-metrics-2.1.0-03f3b68-SNAPSHOT.jar:/home/runner/.m2/repository/org/apache/ratis/ratis-netty/2.1.0-03f3b68-SNAPSHOT/ratis-netty-2.1.0-03f3b68-SNAPSHOT.jar:/home/runner/.m2/repository/org/apache/ratis/ratis-grpc/2.1.0-03f3b68-SNAPSHOT/ratis-grpc-2.1.0-03f3b68-SNAPSHOT.jar:/home/runner/.m2/repository/org/apache/logging/log4j/log4j-api/2.13.3/log4j-api-2.13.3.jar:/home/runner/.m2/repository/org/apache/logging/log4j/log4j-core/2.13.3/log4j-core-2.13.3.jar:/home/runner/.m2/repository/com/lmax/disruptor/3.4.2/disruptor-3.4.2.jar:/home/runner/.m2/repository/org/apache/commons/commons-pool2/2.6.0/commons-pool2-2.6.0.jar:/home/runner/.m2/repository/org/bouncycastle/bcpkix-jdk15on/1.67/bcpkix-jdk15on-1.67.jar:/home/runner/.m2/repository/commons-validator/commons-validator/1.6/commons-validator-1.6.jar:/home/runner/.m2/repository/commons-beanutils/commons-beanutils/1.9.4/commons-beanutils-1.9.4.jar:/home/runner/.m2/repository/commons-digester/commons-digester/1.8.1/commons-digester-1.8.1.jar:/home/runner/.m2/repository/commons-collections/commons-collections/3.2.2/commons-collections-3.2.2.jar:/home/runner/.m2/repository/io/jaegertracing/jaeger-client/1.6.0/jaeger-client-1.6.0.jar:/home/runner/.m2/repository/io/jaegertracing/jaeger-thrift/1.6.0/jaeger-thrift-1.6.0.jar:/home/runner/.m2/repository/org/apache/thrift/libthrift/0.14.1/libthrift-0.14.1.jar:/home/runner/.m2/repository/com/squareup/okhttp3/okhttp/4.9.0/okhttp-4.9.0.jar:/home/runner/.m2/repository/com/squareup/okio/okio/2.8.0/okio-2.8.0.jar:/home/runner/.m2/repository/io/jaegertracing/jaeger-core/1.6.0/jaeger-core-1.6.0.jar:/home/runner/.m2/repository/io/jaegertracing/jaeger-tracerresolver/1.6.0/jaeger-tracerresolver-1.6.0.jar:/home/runner/.m2/repository/io/opentracing/contrib/opentracing-tracerresolver/0.1.8/opentracing-tracerresolver-0.1.8.jar:/home/runner/.m2/repository/org/jetbrains/kotlin/kotlin-stdlib/1.4.31/kotlin-stdlib-1.4.31.jar:/home/runner/.m2/repository/org/jetbrains/kotlin/kotlin-stdlib-common/1.4.31/kotlin-stdlib-common-1.4.31.jar:/home/runner/.m2/repository/org/jetbrains/annotations/13.0/annotations-13.0.jar:/home/runner/.m2/repository/io/opentracing/opentracing-util/0.33.0/opentracing-util-0.33.0.jar:/home/runner/.m2/repository/io/opentracing/opentracing-api/0.33.0/opentracing-api-0.33.0.jar:/home/runner/.m2/repository/io/opentracing/opentracing-noop/0.33.0/opentracing-noop-0.33.0.jar:/home/runner/.m2/repository/org/yaml/snakeyaml/1.26/snakeyaml-1.26.jar:/home/runner/.m2/repository/org/apache/ozone/hdds-interface-admin/1.2.0-SNAPSHOT/hdds-interface-admin-1.2.0-SNAPSHOT.jar:/home/runner/.m2/repository/junit/junit/4.13.1/junit-4.13.1.jar:/home/runner/.m2/repository/org/hamcrest/hamcrest-core/1.3/hamcrest-core-1.3.jar:/home/runner/.m2/repository/org/junit/jupiter/junit-jupiter-api/5.7.0/junit-jupiter-api-5.7.0.jar:/home/runner/.m2/repository/org/apiguardian/apiguardian-api/1.1.0/apiguardian-api-1.1.0.jar:/home/runner/.m2/repository/org/opentest4j/opentest4j/1.2.0/opentest4j-1.2.0.jar:/home/runner/.m2/repository/org/junit/platform/junit-platform-commons/1.7.0/junit-platform-commons-1.7.0.jar:/home/runner/.m2/repository/org/junit/jupiter/junit-jupiter-engine/5.7.0/junit-jupiter-engine-5.7.0.jar:/home/runner/.m2/repository/org/junit/platform/junit-platform-engine/1.7.0/junit-platform-engine-1.7.0.jar:/home/runner/.m2/repository/org/junit/vintage/junit-vintage-engine/5.7.0/junit-vintage-engine-5.7.0.jar:/home/runner/.m2/repository/org/junit/platform/junit-platform-launcher/1.7.0/junit-platform-launcher-1.7.0.jar:/home/runner/.m2/repository/org/openjdk/jmh/jmh-core/1.19/jmh-core-1.19.jar:/home/runner/.m2/repository/net/sf/jopt-simple/jopt-simple/4.6/jopt-simple-4.6.jar:/home/runner/.m2/repository/org/apache/commons/commons-math3/3.1.1/commons-math3-3.1.1.jar:/home/runner/.m2/repository/org/openjdk/jmh/jmh-generator-annprocess/1.19/jmh-generator-annprocess-1.19.jar:/home/runner/.m2/repository/org/mockito/mockito-core/2.28.2/mockito-core-2.28.2.jar:/home/runner/.m2/repository/net/bytebuddy/byte-buddy/1.9.10/byte-buddy-1.9.10.jar:/home/runner/.m2/repository/net/bytebuddy/byte-buddy-agent/1.9.10/byte-buddy-agent-1.9.10.jar:/home/runner/.m2/repository/org/objenesis/objenesis/1.0/objenesis-1.0.jar:/home/runner/.m2/repository/org/apache/hadoop/hadoop-kms/3.3.1/hadoop-kms-3.3.1.jar:/home/runner/.m2/repository/org/apache/hadoop/hadoop-auth/3.3.1/hadoop-auth-3.3.1.jar:/home/runner/.m2/repository/com/nimbusds/nimbus-jose-jwt/7.9/nimbus-jose-jwt-7.9.jar:/home/runner/.m2/repository/com/github/stephenc/jcip/jcip-annotations/1.0-1/jcip-annotations-1.0-1.jar:/home/runner/.m2/repository/net/minidev/json-smart/2.3/json-smart-2.3.jar:/home/runner/.m2/repository/net/minidev/accessors-smart/1.2/accessors-smart-1.2.jar:/home/runner/.m2/repository/org/ow2/asm/asm/5.0.4/asm-5.0.4.jar:/home/runner/.m2/repository/org/apache/zookeeper/zookeeper/3.5.6/zookeeper-3.5.6.jar:/home/runner/.m2/repository/org/apache/zookeeper/zookeeper-jute/3.5.6/zookeeper-jute-3.5.6.jar:/home/runner/.m2/repository/org/apache/yetus/audience-annotations/0.5.0/audience-annotations-0.5.0.jar:/home/runner/.m2/repository/org/apache/curator/curator-framework/4.2.0/curator-framework-4.2.0.jar:/home/runner/.m2/repository/org/apache/hadoop/thirdparty/hadoop-shaded-guava/1.1.1/hadoop-shaded-guava-1.1.1.jar:/home/runner/.m2/repository/com/sun/jersey/jersey-core/1.19/jersey-core-1.19.jar:/home/runner/.m2/repository/javax/ws/rs/jsr311-api/1.1.1/jsr311-api-1.1.1.jar:/home/runner/.m2/repository/com/sun/jersey/jersey-server/1.19/jersey-server-1.19.jar:/home/runner/.m2/repository/javax/servlet/javax.servlet-api/3.1.0/javax.servlet-api-3.1.0.jar:/home/runner/.m2/repository/org/eclipse/jetty/jetty-server/9.4.43.v20210629/jetty-server-9.4.43.v20210629.jar:/home/runner/.m2/repository/org/eclipse/jetty/jetty-http/9.4.43.v20210629/jetty-http-9.4.43.v20210629.jar:/home/runner/.m2/repository/org/eclipse/jetty/jetty-io/9.4.43.v20210629/jetty-io-9.4.43.v20210629.jar:/home/runner/.m2/repository/org/eclipse/jetty/jetty-webapp/9.4.43.v20210629/jetty-webapp-9.4.43.v20210629.jar:/home/runner/.m2/repository/org/eclipse/jetty/jetty-xml/9.4.43.v20210629/jetty-xml-9.4.43.v20210629.jar:/home/runner/.m2/repository/org/apache/hadoop/hadoop-common/3.3.1/hadoop-common-3.3.1.jar:/home/runner/.m2/repository/commons-net/commons-net/3.6/commons-net-3.6.jar:/home/runner/.m2/repository/jakarta/activation/jakarta.activation-api/1.2.1/jakarta.activation-api-1.2.1.jar:/home/runner/.m2/repository/com/sun/jersey/jersey-servlet/1.19/jersey-servlet-1.19.jar:/home/runner/.m2/repository/com/sun/jersey/jersey-json/1.19/jersey-json-1.19.jar:/home/runner/.m2/repository/org/codehaus/jettison/jettison/1.1/jettison-1.1.jar:/home/runner/.m2/repository/com/sun/xml/bind/jaxb-impl/2.2.3-1/jaxb-impl-2.2.3-1.jar:/home/runner/.m2/repository/org/codehaus/jackson/jackson-jaxrs/1.9.2/jackson-jaxrs-1.9.2.jar:/home/runner/.m2/repository/org/codehaus/jackson/jackson-xc/1.9.2/jackson-xc-1.9.2.jar:/home/runner/.m2/repository/org/apache/commons/commons-configuration2/2.1.1/commons-configuration2-2.1.1.jar:/home/runner/.m2/repository/org/apache/commons/commons-text/1.4/commons-text-1.4.jar:/home/runner/.m2/repository/com/google/re2j/re2j/1.1/re2j-1.1.jar:/home/runner/.m2/repository/com/jcraft/jsch/0.1.54/jsch-0.1.54.jar:/home/runner/.m2/repository/org/apache/curator/curator-client/4.2.0/curator-client-4.2.0.jar:/home/runner/.m2/repository/org/apache/curator/curator-recipes/4.2.0/curator-recipes-4.2.0.jar:/home/runner/.m2/repository/org/apache/kerby/kerb-core/1.0.1/kerb-core-1.0.1.jar:/home/runner/.m2/repository/org/apache/kerby/kerby-pkix/1.0.1/kerby-pkix-1.0.1.jar:/home/runner/.m2/repository/org/apache/kerby/kerby-asn1/1.0.1/kerby-asn1-1.0.1.jar:/home/runner/.m2/repository/org/apache/kerby/kerby-util/1.0.1/kerby-util-1.0.1.jar:/home/runner/.m2/repository/dnsjava/dnsjava/2.1.7/dnsjava-2.1.7.jar:/home/runner/.m2/repository/org/xerial/snappy/snappy-java/1.1.8.2/snappy-java-1.1.8.2.jar:/home/runner/.m2/repository/org/slf4j/jul-to-slf4j/1.7.30/jul-to-slf4j-1.7.30.jar:/home/runner/.m2/repository/org/eclipse/jetty/jetty-util/9.4.43.v20210629/jetty-util-9.4.43.v20210629.jar:/home/runner/.m2/repository/com/fasterxml/jackson/core/jackson-databind/2.12.1/jackson-databind-2.12.1.jar:/home/runner/.m2/repository/org/apache/hadoop/hadoop-kms/3.3.1/hadoop-kms-3.3.1-tests.jar:/home/runner/.m2/repository/org/apache/ozone/hdds-server-scm/1.2.0-SNAPSHOT/hdds-server-scm-1.2.0-SNAPSHOT-tests.jar:/home/runner/.m2/repository/org/apache/ozone/hdds-container-service/1.2.0-SNAPSHOT/hdds-container-service-1.2.0-SNAPSHOT-tests.jar:/home/runner/.m2/repository/commons-codec/commons-codec/1.11/commons-codec-1.11.jar:/home/runner/.m2/repository/io/netty/netty-transport/4.1.63.Final/netty-transport-4.1.63.Final.jar:/home/runner/.m2/repository/io/netty/netty-resolver/4.1.63.Final/netty-resolver-4.1.63.Final.jar:/home/runner/.m2/repository/io/netty/netty-codec/4.1.63.Final/netty-codec-4.1.63.Final.jar:/home/runner/.m2/repository/io/netty/netty-handler/4.1.63.Final/netty-handler-4.1.63.Final.jar:/home/runner/.m2/repository/org/apache/ozone/hdds-hadoop-dependency-test/1.2.0-SNAPSHOT/hdds-hadoop-dependency-test-1.2.0-SNAPSHOT.jar:/home/runner/.m2/repository/org/apache/hadoop/hadoop-common/3.3.1/hadoop-common-3.3.1-tests.jar:/home/runner/.m2/repository/org/assertj/assertj-core/3.12.2/assertj-core-3.12.2.jar:/home/runner/.m2/repository/org/apache/hadoop/hadoop-hdfs/3.3.1/hadoop-hdfs-3.3.1-tests.jar:/home/runner/.m2/repository/org/eclipse/jetty/jetty-util-ajax/9.4.43.v20210629/jetty-util-ajax-9.4.43.v20210629.jar:/home/runner/.m2/repository/commons-daemon/commons-daemon/1.0.13/commons-daemon-1.0.13.jar:/home/runner/.m2/repository/io/netty/netty/3.10.6.Final/netty-3.10.6.Final.jar:/home/runner/.m2/repository/io/netty/netty-all/4.1.63.Final/netty-all-4.1.63.Final.jar:/home/runner/.m2/repository/org/apache/htrace/htrace-core4/4.1.0-incubating/htrace-core4-4.1.0-incubating.jar:/home/runner/.m2/repository/org/fusesource/leveldbjni/leveldbjni-all/1.8/leveldbjni-all-1.8.jar:/home/runner/.m2/repository/org/apache/hadoop/hadoop-distcp/3.3.1/hadoop-distcp-3.3.1.jar:/home/runner/.m2/repository/org/apache/hadoop/hadoop-mapreduce-client-jobclient/3.3.1/hadoop-mapreduce-client-jobclient-3.3.1.jar:/home/runner/.m2/repository/org/apache/hadoop/hadoop-mapreduce-client-common/3.3.1/hadoop-mapreduce-client-common-3.3.1.jar:/home/runner/.m2/repository/org/apache/hadoop/hadoop-yarn-common/3.3.1/hadoop-yarn-common-3.3.1.jar:/home/runner/.m2/repository/org/apache/hadoop/hadoop-yarn-api/3.3.1/hadoop-yarn-api-3.3.1.jar:/home/runner/.m2/repository/com/sun/jersey/jersey-client/1.19/jersey-client-1.19.jar:/home/runner/.m2/repository/com/sun/jersey/contribs/jersey-guice/1.19/jersey-guice-1.19.jar:/home/runner/.m2/repository/com/fasterxml/jackson/jaxrs/jackson-jaxrs-json-provider/2.12.1/jackson-jaxrs-json-provider-2.12.1.jar:/home/runner/.m2/repository/com/fasterxml/jackson/jaxrs/jackson-jaxrs-base/2.12.1/jackson-jaxrs-base-2.12.1.jar:/home/runner/.m2/repository/org/apache/hadoop/hadoop-yarn-client/3.3.1/hadoop-yarn-client-3.3.1.jar:/home/runner/.m2/repository/org/eclipse/jetty/websocket/websocket-client/9.4.40.v20210413/websocket-client-9.4.40.v20210413.jar:/home/runner/.m2/repository/org/eclipse/jetty/jetty-client/9.4.40.v20210413/jetty-client-9.4.40.v20210413.jar:/home/runner/.m2/repository/org/eclipse/jetty/websocket/websocket-common/9.4.40.v20210413/websocket-common-9.4.40.v20210413.jar:/home/runner/.m2/repository/org/eclipse/jetty/websocket/websocket-api/9.4.40.v20210413/websocket-api-9.4.40.v20210413.jar:/home/runner/.m2/repository/org/jline/jline/3.9.0/jline-3.9.0.jar:/home/runner/.m2/repository/org/apache/hadoop/hadoop-mapreduce-client-core/3.3.1/hadoop-mapreduce-client-core-3.3.1.jar:/home/runner/.m2/repository/org/apache/avro/avro/1.7.7/avro-1.7.7.jar:/home/runner/.m2/repository/org/codehaus/jackson/jackson-core-asl/1.9.13/jackson-core-asl-1.9.13.jar:/home/runner/.m2/repository/org/codehaus/jackson/jackson-mapper-asl/1.9.13/jackson-mapper-asl-1.9.13.jar:/home/runner/.m2/repository/com/thoughtworks/paranamer/paranamer/2.3/paranamer-2.3.jar:/home/runner/.m2/repository/org/apache/hadoop/hadoop-annotations/3.3.1/hadoop-annotations-3.3.1.jar:/usr/lib/jvm/adoptopenjdk-8-hotspot-amd64/jre/../lib/tools.jar:/home/runner/.m2/repository/org/apache/hadoop/hadoop-distcp/3.3.1/hadoop-distcp-3.3.1-tests.jar:/home/runner/.m2/repository/org/apache/ratis/ratis-common/2.1.0-03f3b68-SNAPSHOT/ratis-common-2.1.0-03f3b68-SNAPSHOT.jar:/home/runner/.m2/repository/org/apache/ratis/ratis-thirdparty-misc/0.7.0/ratis-thirdparty-misc-0.7.0.jar:/home/runner/.m2/repository/org/apache/ratis/ratis-proto/2.1.0-03f3b68-SNAPSHOT/ratis-proto-2.1.0-03f3b68-SNAPSHOT.jar:"/>
    <property name="sun.cpu.endian" value="little"/>
    <property name="user.home" value="/home/runner"/>
    <property name="user.language" value="en"/>
    <property name="java.specification.vendor" value="Oracle Corporation"/>
    <property name="java.home" value="/usr/lib/jvm/adoptopenjdk-8-hotspot-amd64/jre"/>
    <property name="java.security.krb5.conf" value="/home/runner/work/ozone/ozone/hadoop-ozone/integration-test/target/test-classes/krb5.conf"/>
    <property name="basedir" value="/home/runner/work/ozone/ozone/hadoop-ozone/integration-test"/>
    <property name="file.separator" value="/"/>
    <property name="line.separator" value="&#10;"/>
    <property name="java.vm.specification.vendor" value="Oracle Corporation"/>
    <property name="java.specification.name" value="Java Platform API Specification"/>
    <property name="java.awt.graphicsenv" value="sun.awt.X11GraphicsEnvironment"/>
    <property name="skip.installnpx" value="true"/>
    <property name="surefire.real.class.path" value="/home/runner/work/ozone/ozone/hadoop-ozone/integration-test/target/surefire/surefirebooter1761249307299370767.jar:/home/runner/.m2/repository/org/jacoco/org.jacoco.agent/0.8.5/org.jacoco.agent-0.8.5-runtime.jar"/>
    <property name="hadoop.log.dir" value="/home/runner/work/ozone/ozone/hadoop-ozone/integration-test/target/log"/>
    <property name="sun.boot.class.path" value="/usr/lib/jvm/adoptopenjdk-8-hotspot-amd64/jre/lib/resources.jar:/usr/lib/jvm/adoptopenjdk-8-hotspot-amd64/jre/lib/rt.jar:/usr/lib/jvm/adoptopenjdk-8-hotspot-amd64/jre/lib/sunrsasign.jar:/usr/lib/jvm/adoptopenjdk-8-hotspot-amd64/jre/lib/jsse.jar:/usr/lib/jvm/adoptopenjdk-8-hotspot-amd64/jre/lib/jce.jar:/usr/lib/jvm/adoptopenjdk-8-hotspot-amd64/jre/lib/charsets.jar:/usr/lib/jvm/adoptopenjdk-8-hotspot-amd64/jre/lib/jfr.jar:/usr/lib/jvm/adoptopenjdk-8-hotspot-amd64/jre/classes"/>
    <property name="sun.management.compiler" value="HotSpot 64-Bit Tiered Compilers"/>
    <property name="skip.npx" value="true"/>
    <property name="java.runtime.version" value="1.8.0_292-b10"/>
    <property name="java.net.preferIPv4Stack" value="true"/>
    <property name="user.name" value="runner"/>
    <property name="path.separator" value=":"/>
    <property name="java.security.egd" value="file:///dev/urandom"/>
    <property name="os.version" value="5.4.0-1058-azure"/>
    <property name="java.endorsed.dirs" value="/usr/lib/jvm/adoptopenjdk-8-hotspot-amd64/jre/lib/endorsed"/>
    <property name="java.runtime.name" value="OpenJDK Runtime Environment"/>
    <property name="file.encoding" value="UTF-8"/>
    <property name="java.vm.name" value="OpenJDK 64-Bit Server VM"/>
    <property name="test.build.webapps" value=""/>
    <property name="localRepository" value="/home/runner/.m2/repository"/>
    <property name="java.vendor.url.bug" value="https://github.com/AdoptOpenJDK/openjdk-support/issues"/>
    <property name="java.io.tmpdir" value="/tmp"/>
    <property name="require.test.libhadoop" value=""/>
    <property name="java.version" value="1.8.0_292"/>
    <property name="user.dir" value="/home/runner/work/ozone/ozone/hadoop-ozone/integration-test"/>
    <property name="os.arch" value="amd64"/>
    <property name="java.vm.specification.name" value="Java Virtual Machine Specification"/>
    <property name="test.build.classes" value="/home/runner/work/ozone/ozone/hadoop-ozone/integration-test/target/test-classes"/>
    <property name="java.awt.printerjob" value="sun.print.PSPrinterJob"/>
    <property name="sun.os.patch.level" value="unknown"/>
    <property name="hadoop.tmp.dir" value="/home/runner/work/ozone/ozone/hadoop-ozone/integration-test/target/tmp"/>
    <property name="java.library.path" value="/usr/java/packages/lib/amd64:/usr/lib64:/lib64:/lib:/usr/lib"/>
    <property name="java.vm.info" value="mixed mode"/>
    <property name="java.vendor" value="AdoptOpenJDK"/>
    <property name="java.vm.version" value="25.292-b10"/>
    <property name="java.ext.dirs" value="/usr/lib/jvm/adoptopenjdk-8-hotspot-amd64/jre/lib/ext:/usr/java/packages/lib/ext"/>
    <property name="sun.io.unicode.encoding" value="UnicodeLittle"/>
    <property name="java.class.version" value="52.0"/>
  </properties>
  <testcase name="testMultipleDataDirs" classname="org.apache.hadoop.ozone.TestMiniOzoneCluster" time="21.876"/>
  <testcase name="testStartMultipleDatanodes" classname="org.apache.hadoop.ozone.TestMiniOzoneCluster" time="30.163"/>
  <testcase name="testDNstartAfterSCM" classname="org.apache.hadoop.ozone.TestMiniOzoneCluster" time="78.706">
    <failure message="expected:&lt;HEARTBEAT&gt; but was:&lt;REGISTER&gt;" type="java.lang.AssertionError"><![CDATA[java.lang.AssertionError: expected:<HEARTBEAT> but was:<REGISTER>
	at org.junit.Assert.fail(Assert.java:89)
	at org.junit.Assert.failNotEquals(Assert.java:835)
	at org.junit.Assert.assertEquals(Assert.java:120)
	at org.junit.Assert.assertEquals(Assert.java:146)
	at org.apache.hadoop.ozone.TestMiniOzoneCluster.testDNstartAfterSCM(TestMiniOzoneCluster.java:343)
	at sun.reflect.NativeMethodAccessorImpl.invoke0(Native Method)
	at sun.reflect.NativeMethodAccessorImpl.invoke(NativeMethodAccessorImpl.java:62)
	at sun.reflect.DelegatingMethodAccessorImpl.invoke(DelegatingMethodAccessorImpl.java:43)
	at java.lang.reflect.Method.invoke(Method.java:498)
	at org.junit.runners.model.FrameworkMethod$1.runReflectiveCall(FrameworkMethod.java:59)
	at org.junit.internal.runners.model.ReflectiveCallable.run(ReflectiveCallable.java:12)
	at org.junit.runners.model.FrameworkMethod.invokeExplosively(FrameworkMethod.java:56)
	at org.junit.internal.runners.statements.InvokeMethod.evaluate(InvokeMethod.java:17)
	at org.junit.internal.runners.statements.FailOnTimeout$CallableStatement.call(FailOnTimeout.java:288)
	at org.junit.internal.runners.statements.FailOnTimeout$CallableStatement.call(FailOnTimeout.java:282)
	at java.util.concurrent.FutureTask.run(FutureTask.java:266)
	at java.lang.Thread.run(Thread.java:748)
]]></failure>
    <system-out><![CDATA[2021-09-23 03:28:57,154 [Time-limited test] WARN  server.ServerUtils (ServerUtils.java:getScmDbDir(148)) - ozone.scm.db.dirs is not configured. We recommend adding this setting. Falling back to ozone.metadata.dirs instead.
2021-09-23 03:28:57,157 [Time-limited test] INFO  ha.SCMHANodeDetails (SCMHANodeDetails.java:loadSCMHAConfig(157)) - ServiceID for StorageContainerManager is null
2021-09-23 03:28:57,157 [Time-limited test] INFO  ha.SCMHANodeDetails (SCMHANodeDetails.java:loadSCMHAConfig(162)) - ozone.scm.default.service.id is not defined, falling back to ozone.scm.service.ids to find serviceID for StorageContainerManager if it is HA enabled cluster
2021-09-23 03:28:57,158 [Time-limited test] WARN  server.ServerUtils (ServerUtils.java:getScmDbDir(148)) - ozone.scm.db.dirs is not configured. We recommend adding this setting. Falling back to ozone.metadata.dirs instead.
2021-09-23 03:28:57,159 [Time-limited test] INFO  upgrade.AbstractLayoutVersionManager (AbstractLayoutVersionManager.java:init(79)) - Initializing Layout version manager with metadata layout = SCM_HA (version = 2), software layout = SCM_HA (version = 2)
2021-09-23 03:28:57,249 [Time-limited test] INFO  reflections.Reflections (Reflections.java:scan(232)) - Reflections took 82 ms to scan 7 urls, producing 119 keys and 275 values 
2021-09-23 03:28:57,260 [Time-limited test] WARN  utils.HAUtils (HAUtils.java:getMetaDir(342)) - ozone.scm.db.dirs is not configured. We recommend adding this setting. Falling back to ozone.metadata.dirs instead.
2021-09-23 03:28:57,263 [Time-limited test] WARN  db.DBStoreBuilder (DBStoreBuilder.java:applyDBDefinition(145)) - ozone.scm.db.dirs is not configured. We recommend adding this setting. Falling back to ozone.metadata.dirs instead.
2021-09-23 03:28:57,432 [Time-limited test] INFO  net.NodeSchemaLoader (NodeSchemaLoader.java:loadSchemaFromFile(129)) - Loading schema from [jar:file:/home/runner/.m2/repository/org/apache/ozone/hdds-common/1.2.0-SNAPSHOT/hdds-common-1.2.0-SNAPSHOT.jar!/network-topology-default.xml]
2021-09-23 03:28:57,442 [Time-limited test] INFO  net.NodeSchemaLoader (NodeSchemaLoader.java:loadSchema(176)) - Loading network topology layer schema file
2021-09-23 03:28:57,453 [Time-limited test] INFO  ha.SequenceIdGenerator (SequenceIdGenerator.java:upgradeToSequenceId(327)) - upgrade localId to 107544261427200000
2021-09-23 03:28:57,458 [Time-limited test] INFO  ha.SequenceIdGenerator (SequenceIdGenerator.java:upgradeToSequenceId(337)) - upgrade delTxnId to 0
2021-09-23 03:28:57,458 [Time-limited test] INFO  ha.SequenceIdGenerator (SequenceIdGenerator.java:upgradeToSequenceId(351)) - upgrade containerId to 0
2021-09-23 03:28:57,459 [Time-limited test] INFO  ha.SequenceIdGenerator (SequenceIdGenerator.java:<init>(217)) - Init the HA SequenceIdGenerator.
2021-09-23 03:28:57,459 [Time-limited test] WARN  server.ServerUtils (ServerUtils.java:sanitizeUserArgs(73)) - ozone.scm.stale.node.interval value = 300000 is larger than max = 100000 based on the key value of ozone.scm.heartbeat.thread.interval, reset to the max value 100000.
2021-09-23 03:28:57,459 [Time-limited test] WARN  server.ServerUtils (ServerUtils.java:sanitizeUserArgs(73)) - ozone.scm.stale.node.interval value = 300000 is larger than max = 100000 based on the key value of ozone.scm.heartbeat.thread.interval, reset to the max value 100000.
2021-09-23 03:28:57,474 [Time-limited test] INFO  node.SCMNodeManager (SCMNodeManager.java:<init>(144)) - Entering startup safe mode.
2021-09-23 03:28:57,474 [Time-limited test] INFO  algorithms.ContainerPlacementPolicyFactory (ContainerPlacementPolicyFactory.java:getPolicy(60)) - Create container placement policy of type org.apache.hadoop.hdds.scm.container.placement.algorithms.SCMContainerPlacementRandom
2021-09-23 03:28:57,474 [Time-limited test] INFO  pipeline.PipelineStateManager (PipelineStateManagerV2Impl.java:initialize(78)) - No pipeline exists in current db
2021-09-23 03:28:57,474 [Time-limited test] INFO  algorithms.LeaderChoosePolicyFactory (LeaderChoosePolicyFactory.java:getPolicy(57)) - Create leader choose policy of type org.apache.hadoop.hdds.scm.pipeline.leader.choose.algorithms.MinLeaderCountChoosePolicy
2021-09-23 03:28:57,475 [Time-limited test] INFO  ha.SCMServiceManager (SCMServiceManager.java:register(43)) - Registering service BackgroundPipelineCreator.
2021-09-23 03:28:57,475 [Time-limited test] INFO  pipeline.BackgroundPipelineCreator (BackgroundPipelineCreatorV2.java:start(130)) - Starting RatisPipelineUtilsThread.
2021-09-23 03:28:57,482 [Time-limited test] INFO  algorithms.PipelineChoosePolicyFactory (PipelineChoosePolicyFactory.java:createPipelineChoosePolicyFromClass(73)) - Create pipeline choose policy of type org.apache.hadoop.hdds.scm.pipeline.choose.algorithms.RandomPipelineChoosePolicy
2021-09-23 03:28:57,483 [Time-limited test] INFO  ha.SCMServiceManager (SCMServiceManager.java:register(43)) - Registering service SCMBlockDeletingService.
2021-09-23 03:28:57,483 [Time-limited test] INFO  ha.SCMServiceManager (SCMServiceManager.java:register(43)) - Registering service ReplicationManager.
2021-09-23 03:28:57,483 [Time-limited test] INFO  container.ReplicationManager (ReplicationManager.java:start(319)) - Starting Replication Monitor Thread.
2021-09-23 03:28:57,484 [Time-limited test] INFO  safemode.ContainerSafeModeRule (ContainerSafeModeRule.java:<init>(89)) - containers with one replica threshold count 0
2021-09-23 03:28:57,484 [Time-limited test] INFO  safemode.HealthyPipelineSafeModeRule (HealthyPipelineSafeModeRule.java:initializeRule(156)) - Total pipeline count is 0, healthy pipeline threshold count is 1
2021-09-23 03:28:57,484 [Time-limited test] INFO  safemode.OneReplicaPipelineSafeModeRule (OneReplicaPipelineSafeModeRule.java:initializeRule(180)) - Total pipeline count is 0, pipeline's with at least one datanode reported threshold count is 0
2021-09-23 03:28:57,485 [Time-limited test] INFO  ipc.CallQueueManager (CallQueueManager.java:<init>(90)) - Using callQueue: class java.util.concurrent.LinkedBlockingQueue, queueCapacity: 2000, scheduler: class org.apache.hadoop.ipc.DefaultRpcScheduler, ipcBackoff: false.
2021-09-23 03:28:57,494 [Socket Reader #1 for port 0] INFO  ipc.Server (Server.java:run(1265)) - Starting Socket Reader #1 for port 0
2021-09-23 03:28:57,495 [Listener at 0.0.0.0/36503] INFO  ipc.CallQueueManager (CallQueueManager.java:<init>(90)) - Using callQueue: class java.util.concurrent.LinkedBlockingQueue, queueCapacity: 2000, scheduler: class org.apache.hadoop.ipc.DefaultRpcScheduler, ipcBackoff: false.
2021-09-23 03:28:57,518 [Socket Reader #1 for port 0] INFO  ipc.Server (Server.java:run(1265)) - Starting Socket Reader #1 for port 0
2021-09-23 03:28:57,518 [Listener at 0.0.0.0/44255] INFO  ipc.CallQueueManager (CallQueueManager.java:<init>(90)) - Using callQueue: class java.util.concurrent.LinkedBlockingQueue, queueCapacity: 2000, scheduler: class org.apache.hadoop.ipc.DefaultRpcScheduler, ipcBackoff: false.
2021-09-23 03:28:57,526 [Socket Reader #1 for port 0] INFO  ipc.Server (Server.java:run(1265)) - Starting Socket Reader #1 for port 0
2021-09-23 03:28:57,530 [ReplicationMonitor] INFO  container.ReplicationManager (ReplicationManager.java:processAll(371)) - Replication Monitor Thread took 0 milliseconds for processing 0 containers.
2021-09-23 03:28:57,577 [Listener at 0.0.0.0/36179] INFO  algorithms.ContainerPlacementPolicyFactory (ContainerPlacementPolicyFactory.java:getPolicy(60)) - Create container placement policy of type org.apache.hadoop.hdds.scm.container.placement.algorithms.SCMContainerPlacementRandom
2021-09-23 03:28:57,590 [Listener at 0.0.0.0/36179] INFO  server.StorageContainerManager (StorageContainerManager.java:<init>(387)) - 
Container Balancer status:
Key                            Value
Running                        false
Container Balancer Configuration values:
Key                                                Value
Threshold                                          0.1
Max Datanodes to Involve per Iteration(ratio)      0.5
Max Size to Move per Iteration                     10737418240B

2021-09-23 03:28:57,590 [Listener at 0.0.0.0/36179] WARN  events.EventQueue (EventQueue.java:fireEvent(194)) - No event handler registered for event TypedEvent{payloadType=SafeModeStatus, name='Safe mode status'}
2021-09-23 03:28:57,590 [Listener at 0.0.0.0/36179] INFO  ha.SCMContext (SCMContext.java:updateSafeModeStatus(205)) - Update SafeModeStatus from SafeModeStatus{safeModeStatus=true, preCheckPassed=false} to SafeModeStatus{safeModeStatus=true, preCheckPassed=false}.
2021-09-23 03:28:57,590 [Listener at 0.0.0.0/36179] INFO  server.StorageContainerManager (StorageContainerManager.java:start(1279)) - StorageContainerLocationProtocol RPC server is listening at /0.0.0.0:36179
2021-09-23 03:28:57,592 [Listener at 0.0.0.0/36179] WARN  impl.MetricsConfig (MetricsConfig.java:loadFirst(136)) - Cannot locate configuration: tried hadoop-metrics2-storagecontainermanager.properties,hadoop-metrics2.properties
2021-09-23 03:28:57,600 [Listener at 0.0.0.0/36179] INFO  impl.MetricsSystemImpl (MetricsSystemImpl.java:startTimer(378)) - Scheduled Metric snapshot period at 10 second(s).
2021-09-23 03:28:57,600 [Listener at 0.0.0.0/36179] INFO  impl.MetricsSystemImpl (MetricsSystemImpl.java:start(191)) - StorageContainerManager metrics system started
2021-09-23 03:28:57,632 [Listener at 0.0.0.0/36179] INFO  impl.MetricsSinkAdapter (MetricsSinkAdapter.java:start(204)) - Sink prometheus started
2021-09-23 03:28:57,632 [Listener at 0.0.0.0/36179] INFO  impl.MetricsSystemImpl (MetricsSystemImpl.java:registerSink(305)) - Registered sink prometheus
2021-09-23 03:28:57,698 [Listener at 0.0.0.0/36179] INFO  server.SCMClientProtocolServer (SCMClientProtocolServer.java:start(164)) - RPC server for Client  is listening at /0.0.0.0:36179
2021-09-23 03:28:57,703 [IPC Server Responder] INFO  ipc.Server (Server.java:run(1507)) - IPC Server Responder: starting
2021-09-23 03:28:57,705 [IPC Server listener on 0] INFO  ipc.Server (Server.java:run(1344)) - IPC Server listener on 0: starting
2021-09-23 03:28:57,818 [Listener at 0.0.0.0/36179] INFO  server.StorageContainerManager (StorageContainerManager.java:start(1294)) - ScmBlockLocationProtocol RPC server is listening at /0.0.0.0:44255
2021-09-23 03:28:57,818 [Listener at 0.0.0.0/36179] INFO  server.SCMBlockProtocolServer (SCMBlockProtocolServer.java:start(151)) - RPC server for Block Protocol is listening at /0.0.0.0:44255
2021-09-23 03:28:57,822 [IPC Server Responder] INFO  ipc.Server (Server.java:run(1507)) - IPC Server Responder: starting
2021-09-23 03:28:57,822 [IPC Server listener on 0] INFO  ipc.Server (Server.java:run(1344)) - IPC Server listener on 0: starting
2021-09-23 03:28:57,932 [Listener at 0.0.0.0/36179] INFO  server.StorageContainerManager (StorageContainerManager.java:start(1300)) - ScmDatanodeProtocl RPC server is listening at /0.0.0.0:36503
2021-09-23 03:28:57,932 [Listener at 0.0.0.0/36179] INFO  server.SCMDatanodeProtocolServer (SCMDatanodeProtocolServer.java:start(181)) - RPC server for DataNodes is listening at /0.0.0.0:36503
2021-09-23 03:28:57,933 [IPC Server Responder] INFO  ipc.Server (Server.java:run(1507)) - IPC Server Responder: starting
2021-09-23 03:28:57,936 [IPC Server listener on 0] INFO  ipc.Server (Server.java:run(1344)) - IPC Server listener on 0: starting
2021-09-23 03:28:58,022 [Listener at 0.0.0.0/36179] INFO  http.BaseHttpServer (BaseHttpServer.java:newHttpServer2BuilderForOzone(209)) - Starting Web-server for scm at: http://0.0.0.0:0
2021-09-23 03:28:58,022 [Listener at 0.0.0.0/36179] INFO  http.BaseHttpServer (BaseHttpServer.java:<init>(107)) - Hadoop Security Enabled: false Ozone Security Enabled: false Ozone HTTP Security Enabled: false 
2021-09-23 03:28:58,023 [Listener at 0.0.0.0/36179] INFO  server.AuthenticationFilter (AuthenticationFilter.java:constructSecretProvider(240)) - Unable to initialize FileSignerSecretProvider, falling back to use random secrets.
2021-09-23 03:28:58,024 [org.apache.hadoop.util.JvmPauseMonitor$Monitor@32b97f99] INFO  util.JvmPauseMonitor (JvmPauseMonitor.java:run(188)) - Starting JVM pause monitor
2021-09-23 03:28:58,024 [Listener at 0.0.0.0/36179] WARN  http.HttpRequestLog (HttpRequestLog.java:getRequestLog(103)) - Jetty request log can only be enabled using Log4j
2021-09-23 03:28:58,025 [Listener at 0.0.0.0/36179] INFO  http.HttpServer2 (HttpServer2.java:addGlobalFilter(1030)) - Added global filter 'safety' (class=org.apache.hadoop.hdds.server.http.HttpServer2$QuotingInputFilter)
2021-09-23 03:28:58,026 [Listener at 0.0.0.0/36179] INFO  http.HttpServer2 (HttpServer2.java:addFilter(1006)) - Added filter static_user_filter (class=org.apache.hadoop.http.lib.StaticUserWebFilter$StaticUserFilter) to context scm
2021-09-23 03:28:58,026 [Listener at 0.0.0.0/36179] INFO  http.HttpServer2 (HttpServer2.java:addFilter(1014)) - Added filter static_user_filter (class=org.apache.hadoop.http.lib.StaticUserWebFilter$StaticUserFilter) to context logs
2021-09-23 03:28:58,026 [Listener at 0.0.0.0/36179] INFO  http.HttpServer2 (HttpServer2.java:addFilter(1014)) - Added filter static_user_filter (class=org.apache.hadoop.http.lib.StaticUserWebFilter$StaticUserFilter) to context static
2021-09-23 03:28:58,026 [Listener at 0.0.0.0/36179] INFO  http.HttpServer2 (HttpServer2.java:bindListener(1249)) - Jetty bound to port 41909
2021-09-23 03:28:58,027 [Listener at 0.0.0.0/36179] INFO  server.Server (Server.java:doStart(375)) - jetty-9.4.43.v20210629; built: 2021-06-30T11:07:22.254Z; git: 526006ecfa3af7f1a27ef3a288e2bef7ea9dd7e8; jvm 1.8.0_292-b10
2021-09-23 03:28:58,054 [Listener at 0.0.0.0/36179] INFO  server.session (DefaultSessionIdManager.java:doStart(334)) - DefaultSessionIdManager workerName=node0
2021-09-23 03:28:58,054 [Listener at 0.0.0.0/36179] INFO  server.session (DefaultSessionIdManager.java:doStart(339)) - No SessionScavenger set, using defaults
2021-09-23 03:28:58,054 [Listener at 0.0.0.0/36179] INFO  server.session (HouseKeeper.java:startScavenging(132)) - node0 Scavenging every 660000ms
2021-09-23 03:28:58,066 [Listener at 0.0.0.0/36179] INFO  handler.ContextHandler (ContextHandler.java:doStart(915)) - Started o.e.j.s.ServletContextHandler@46844431{logs,/logs,file:///home/runner/work/ozone/ozone/hadoop-ozone/integration-test/target/log,AVAILABLE}
2021-09-23 03:28:58,066 [Listener at 0.0.0.0/36179] INFO  handler.ContextHandler (ContextHandler.java:doStart(915)) - Started o.e.j.s.ServletContextHandler@1e3013ab{static,/static,file:///home/runner/work/ozone/ozone/hadoop-ozone/integration-test/target/test-classes/webapps/static,AVAILABLE}
2021-09-23 03:28:58,073 [Listener at 0.0.0.0/36179] INFO  handler.ContextHandler (ContextHandler.java:doStart(915)) - Started o.e.j.w.WebAppContext@1ccf7d99{scm,/,file:///home/runner/work/ozone/ozone/hadoop-ozone/integration-test/target/test-classes/webapps/scm/,AVAILABLE}{file:/home/runner/work/ozone/ozone/hadoop-ozone/integration-test/target/test-classes/webapps/scm}
2021-09-23 03:28:58,074 [Listener at 0.0.0.0/36179] INFO  server.AbstractConnector (AbstractConnector.java:doStart(331)) - Started ServerConnector@3032a452{HTTP/1.1, (http/1.1)}{0.0.0.0:41909}
2021-09-23 03:28:58,075 [Listener at 0.0.0.0/36179] INFO  server.Server (Server.java:doStart(415)) - Started @54217ms
2021-09-23 03:28:58,075 [Listener at 0.0.0.0/36179] WARN  impl.MetricsSystemImpl (MetricsSystemImpl.java:register(279)) - Sink prometheus already exists!
2021-09-23 03:28:58,076 [Listener at 0.0.0.0/36179] INFO  http.BaseHttpServer (BaseHttpServer.java:updateConnectorAddress(329)) - HTTP server of scm listening at http://0.0.0.0:41909
2021-09-23 03:28:58,076 [Listener at 0.0.0.0/36179] WARN  server.ServerUtils (ServerUtils.java:getDBPath(225)) - ozone.om.db.dirs is not configured. We recommend adding this setting. Falling back to ozone.metadata.dirs instead.
2021-09-23 03:28:58,078 [Listener at 0.0.0.0/36179] INFO  ha.OMHANodeDetails (OMHANodeDetails.java:loadOMHAConfig(112)) - ozone.om.internal.service.id is not defined, falling back to ozone.om.service.ids to find serviceID for OzoneManager if it is HA enabled cluster
2021-09-23 03:28:58,082 [Listener at 0.0.0.0/36179] INFO  ha.OMHANodeDetails (OMHANodeDetails.java:loadOMHAConfig(219)) - Configuration does not have ozone.om.address set. Falling back to the default OM address /127.0.0.1:0
2021-09-23 03:28:58,082 [Listener at 0.0.0.0/36179] INFO  ha.OMHANodeDetails (OMHANodeDetails.java:getOMNodeDetails(247)) - OM Service ID is not set. Setting it to the default ID: omServiceIdDefault
2021-09-23 03:28:58,082 [Listener at 0.0.0.0/36179] INFO  ha.OMHANodeDetails (OMHANodeDetails.java:getOMNodeDetails(254)) - OM Node ID is not set. Setting it to the default ID: om1
2021-09-23 03:28:58,082 [Listener at 0.0.0.0/36179] WARN  server.ServerUtils (ServerUtils.java:getDBPath(225)) - ozone.om.db.dirs is not configured. We recommend adding this setting. Falling back to ozone.metadata.dirs instead.
2021-09-23 03:28:58,083 [Listener at 0.0.0.0/36179] INFO  upgrade.AbstractLayoutVersionManager (AbstractLayoutVersionManager.java:init(79)) - Initializing Layout version manager with metadata layout = INITIAL_VERSION (version = 0), software layout = INITIAL_VERSION (version = 0)
2021-09-23 03:28:58,198 [Listener at 0.0.0.0/36179] INFO  reflections.Reflections (Reflections.java:scan(232)) - Reflections took 115 ms to scan 2 urls, producing 131 keys and 342 values [using 2 cores]
2021-09-23 03:28:58,198 [Listener at 0.0.0.0/36179] INFO  upgrade.OMLayoutVersionManager (OMLayoutVersionManager.java:lambda$0(115)) - Skipping Upgrade Action MockOmUpgradeAction since it has been finalized.
2021-09-23 03:28:58,198 [Listener at 0.0.0.0/36179] WARN  server.ServerUtils (ServerUtils.java:getDBPath(225)) - ozone.om.db.dirs is not configured. We recommend adding this setting. Falling back to ozone.metadata.dirs instead.
2021-09-23 03:28:58,219 [Listener at 0.0.0.0/36179] WARN  server.ServerUtils (ServerUtils.java:getDBPath(225)) - ozone.om.db.dirs is not configured. We recommend adding this setting. Falling back to ozone.metadata.dirs instead.
2021-09-23 03:28:58,219 [Listener at 0.0.0.0/36179] INFO  codec.OmKeyInfoCodec (OmKeyInfoCodec.java:<init>(51)) - OmKeyInfoCodec ignorePipeline = true
2021-09-23 03:28:58,220 [Listener at 0.0.0.0/36179] INFO  codec.RepeatedOmKeyInfoCodec (RepeatedOmKeyInfoCodec.java:<init>(42)) - RepeatedOmKeyInfoCodec ignorePipeline = true
2021-09-23 03:28:58,495 [Listener at 0.0.0.0/36179] INFO  om.OzoneManager (OzoneManager.java:addS3GVolumeToDB(4127)) - Created Volume s3v With Owner runner required for S3Gateway operations.
2021-09-23 03:28:58,495 [Listener at 0.0.0.0/36179] WARN  server.ServerUtils (ServerUtils.java:getDefaultRatisDirectory(237)) - Storage directory for Ratis is not configured. It is a good idea to map this to an SSD disk. Falling back to ozone.metadata.dirs
2021-09-23 03:28:58,495 [Listener at 0.0.0.0/36179] WARN  utils.OzoneManagerRatisUtils (OzoneManagerRatisUtils.java:getOMRatisSnapshotDirectory(391)) - ozone.om.ratis.snapshot.dir is not configured. Falling back to ozone.metadata.dirs config
2021-09-23 03:28:58,500 [Listener at 0.0.0.0/36179] WARN  server.ServerUtils (ServerUtils.java:getDefaultRatisDirectory(237)) - Storage directory for Ratis is not configured. It is a good idea to map this to an SSD disk. Falling back to ozone.metadata.dirs
2021-09-23 03:28:58,501 [Listener at 0.0.0.0/36179] INFO  ratis.OzoneManagerRatisServer (OzoneManagerRatisServer.java:<init>(158)) - Instantiating OM Ratis server with groupID: omServiceIdDefault and peers: localhost:9872
2021-09-23 03:28:58,506 [Listener at 0.0.0.0/36179] INFO  ratis.OzoneManagerStateMachine (OzoneManagerStateMachine.java:loadSnapshotInfoFromDB(605)) - LastAppliedIndex is set from TransactionInfo from OM DB as (t:0, i:~)
2021-09-23 03:28:58,510 [Listener at 0.0.0.0/36179] INFO  server.RaftServer (ConfUtils.java:logGet(44)) - raft.rpc.type = GRPC (default)
2021-09-23 03:28:58,514 [Listener at 0.0.0.0/36179] INFO  grpc.GrpcFactory (GrpcFactory.java:checkPooledByteBufAllocatorUseCacheForAllThreads(48)) - PERFORMANCE WARNING: useCacheForAllThreads is true that may cause Netty to create a lot garbage objects and, as a result, trigger GC.
	It is recommended to disable useCacheForAllThreads by setting -Dorg.apache.ratis.thirdparty.io.netty.allocator.useCacheForAllThreads=false in command line.
2021-09-23 03:28:58,515 [Listener at 0.0.0.0/36179] INFO  grpc.GrpcConfigKeys (ConfUtils.java:logGet(44)) - raft.grpc.admin.port = -1 (default)
2021-09-23 03:28:58,515 [Listener at 0.0.0.0/36179] INFO  grpc.GrpcConfigKeys (ConfUtils.java:logGet(44)) - raft.grpc.server.port = 9872 (custom)
2021-09-23 03:28:58,515 [Listener at 0.0.0.0/36179] INFO  grpc.GrpcConfigKeys (ConfUtils.java:logGet(44)) - raft.grpc.client.port = -1 (default)
2021-09-23 03:28:58,515 [Listener at 0.0.0.0/36179] INFO  grpc.GrpcConfigKeys (ConfUtils.java:logGet(44)) - raft.grpc.server.port = 9872 (custom)
2021-09-23 03:28:58,515 [Listener at 0.0.0.0/36179] INFO  grpc.GrpcConfigKeys (ConfUtils.java:logGet(44)) - raft.grpc.server.port = 9872 (custom)
2021-09-23 03:28:58,515 [Listener at 0.0.0.0/36179] INFO  server.GrpcService (ConfUtils.java:logGet(44)) - raft.grpc.message.size.max = 33554432 (custom)
2021-09-23 03:28:58,515 [Listener at 0.0.0.0/36179] INFO  server.RaftServerConfigKeys (ConfUtils.java:logGet(44)) - raft.server.log.appender.buffer.byte-limit = 33554432 (custom)
2021-09-23 03:28:58,515 [Listener at 0.0.0.0/36179] INFO  server.GrpcService (ConfUtils.java:logGet(44)) - raft.grpc.flow.control.window = 1MB (=1048576) (default)
2021-09-23 03:28:58,515 [Listener at 0.0.0.0/36179] INFO  server.RaftServerConfigKeys (ConfUtils.java:logGet(44)) - raft.server.rpc.request.timeout = 3000ms (default)
2021-09-23 03:28:58,517 [Listener at 0.0.0.0/36179] INFO  impl.DataStreamServerImpl (ConfUtils.java:logGet(44)) - raft.datastream.type = DISABLED (default)
2021-09-23 03:28:58,522 [Listener at 0.0.0.0/36179] INFO  server.RaftServerConfigKeys (ConfUtils.java:logGet(44)) - raft.server.rpc.slowness.timeout = 120s (custom)
2021-09-23 03:28:58,522 [Listener at 0.0.0.0/36179] INFO  server.RaftServerConfigKeys (ConfUtils.java:logGet(44)) - raft.server.leaderelection.leader.step-down.wait-time = 10s (default)
2021-09-23 03:28:58,522 [Listener at 0.0.0.0/36179] INFO  server.RaftServerConfigKeys (ConfUtils.java:logGet(44)) - raft.server.storage.dir = [/home/runner/work/ozone/ozone/hadoop-ozone/integration-test/target/test-dir/MiniOzoneClusterImpl-53dd09de-9596-4e63-80fc-208f4288e982/ozone-meta/ratis] (custom)
2021-09-23 03:28:58,522 [Listener at 0.0.0.0/36179] INFO  server.RaftServer (RaftServerProxy.java:addNew(95)) - om1: addNew group-C5BA1605619E:[om1|rpc:localhost:9872|priority:0] returns group-C5BA1605619E:java.util.concurrent.CompletableFuture@77da106[Not completed]
2021-09-23 03:28:58,523 [Listener at 0.0.0.0/36179] INFO  om.OzoneManager (OzoneManager.java:initializeRatisServer(1585)) - OzoneManager Ratis server initialized at port 9872
2021-09-23 03:28:58,523 [pool-212-thread-1] INFO  server.RaftServer$Division (RaftServerImpl.java:<init>(181)) - om1: new RaftServerImpl for group-C5BA1605619E:[om1|rpc:localhost:9872|priority:0] with OzoneManagerStateMachine:uninitialized
2021-09-23 03:28:58,527 [Listener at 0.0.0.0/36179] INFO  ipc.CallQueueManager (CallQueueManager.java:<init>(90)) - Using callQueue: class java.util.concurrent.LinkedBlockingQueue, queueCapacity: 2000, scheduler: class org.apache.hadoop.ipc.DefaultRpcScheduler, ipcBackoff: false.
2021-09-23 03:28:58,534 [Socket Reader #1 for port 0] INFO  ipc.Server (Server.java:run(1265)) - Starting Socket Reader #1 for port 0
2021-09-23 03:28:58,562 [pool-212-thread-1] INFO  server.RaftServerConfigKeys (ConfUtils.java:logGet(44)) - raft.server.rpc.timeout.min = 1s (custom)
2021-09-23 03:28:58,562 [pool-212-thread-1] INFO  server.RaftServerConfigKeys (ConfUtils.java:logGet(44)) - raft.server.rpc.timeout.max = 1200ms (custom)
2021-09-23 03:28:58,562 [pool-212-thread-1] INFO  server.RaftServerConfigKeys (ConfUtils.java:logGet(44)) - raft.server.rpc.sleep.time = 25ms (default)
2021-09-23 03:28:58,562 [pool-212-thread-1] INFO  server.RaftServerConfigKeys (ConfUtils.java:logGet(44)) - raft.server.rpc.slowness.timeout = 120s (custom)
2021-09-23 03:28:58,562 [pool-212-thread-1] INFO  server.RaftServerConfigKeys (ConfUtils.java:logGet(44)) - raft.server.leaderelection.leader.step-down.wait-time = 10s (default)
2021-09-23 03:28:58,562 [pool-212-thread-1] INFO  server.RaftServerConfigKeys (ConfUtils.java:logGet(44)) - raft.server.sleep.deviation.threshold = 300ms (default)
2021-09-23 03:28:58,562 [pool-212-thread-1] INFO  server.RaftServerConfigKeys (ConfUtils.java:logGet(44)) - raft.server.log.appender.install.snapshot.enabled = false (custom)
2021-09-23 03:28:58,562 [pool-212-thread-1] INFO  server.RaftServer$Division (ServerState.java:<init>(105)) - om1@group-C5BA1605619E: ConfigurationManager, init=-1: [om1|rpc:localhost:9872|priority:0], old=null, confs=<EMPTY_MAP>
2021-09-23 03:28:58,562 [pool-212-thread-1] INFO  server.RaftServerConfigKeys (ConfUtils.java:logGet(44)) - raft.server.storage.dir = [/home/runner/work/ozone/ozone/hadoop-ozone/integration-test/target/test-dir/MiniOzoneClusterImpl-53dd09de-9596-4e63-80fc-208f4288e982/ozone-meta/ratis] (custom)
2021-09-23 03:28:58,562 [pool-212-thread-1] INFO  server.RaftServerConfigKeys (ConfUtils.java:logGet(44)) - raft.server.log.corruption.policy = EXCEPTION (default)
2021-09-23 03:28:58,562 [pool-212-thread-1] INFO  server.RaftServerConfigKeys (ConfUtils.java:logGet(44)) - raft.server.storage.free-space.min = 0MB (=0) (default)
2021-09-23 03:28:58,562 [pool-212-thread-1] INFO  storage.RaftStorageDirectory (RaftStorageDirectoryImpl.java:analyzeStorage(135)) - The storage directory /home/runner/work/ozone/ozone/hadoop-ozone/integration-test/target/test-dir/MiniOzoneClusterImpl-53dd09de-9596-4e63-80fc-208f4288e982/ozone-meta/ratis/bf265839-605b-3f16-9796-c5ba1605619e does not exist. Creating ...
2021-09-23 03:28:58,566 [pool-212-thread-1] INFO  storage.RaftStorageDirectory (RaftStorageDirectoryImpl.java:tryLock(230)) - Lock on /home/runner/work/ozone/ozone/hadoop-ozone/integration-test/target/test-dir/MiniOzoneClusterImpl-53dd09de-9596-4e63-80fc-208f4288e982/ozone-meta/ratis/bf265839-605b-3f16-9796-c5ba1605619e/in_use.lock acquired by nodename 7136@fv-az50-49
2021-09-23 03:28:58,568 [pool-212-thread-1] INFO  storage.RaftStorage (RaftStorageImpl.java:format(89)) - Storage directory /home/runner/work/ozone/ozone/hadoop-ozone/integration-test/target/test-dir/MiniOzoneClusterImpl-53dd09de-9596-4e63-80fc-208f4288e982/ozone-meta/ratis/bf265839-605b-3f16-9796-c5ba1605619e has been successfully formatted.
2021-09-23 03:28:58,568 [pool-212-thread-1] INFO  server.RaftServerConfigKeys (ConfUtils.java:logGet(44)) - raft.server.notification.no-leader.timeout = 120s (custom)
2021-09-23 03:28:58,568 [pool-212-thread-1] INFO  server.RaftServerConfigKeys (ConfUtils.java:logGet(44)) - raft.server.log.use.memory = false (default)
2021-09-23 03:28:58,568 [pool-212-thread-1] INFO  server.RaftServerConfigKeys (ConfUtils.java:logGet(44)) - raft.server.log.purge.gap = 1000000 (custom)
2021-09-23 03:28:58,568 [pool-212-thread-1] INFO  server.RaftServerConfigKeys (ConfUtils.java:logGet(44)) - raft.server.log.appender.buffer.byte-limit = 33554432 (custom)
2021-09-23 03:28:58,569 [pool-212-thread-1] INFO  server.RaftServerConfigKeys (ConfUtils.java:logGet(44)) - raft.server.log.segment.size.max = 4194304 (custom)
2021-09-23 03:28:58,569 [pool-212-thread-1] INFO  server.RaftServerConfigKeys (ConfUtils.java:logGet(44)) - raft.server.log.segment.cache.num.max = 2 (custom)
2021-09-23 03:28:58,569 [pool-212-thread-1] INFO  server.RaftServerConfigKeys (ConfUtils.java:logGet(44)) - raft.server.log.segment.cache.size.max = 200MB (=209715200) (default)
2021-09-23 03:28:58,569 [pool-212-thread-1] INFO  segmented.SegmentedRaftLogWorker (SegmentedRaftLogWorker.java:<init>(182)) - new om1@group-C5BA1605619E-SegmentedRaftLogWorker for RaftStorageImpl:Storage Directory /home/runner/work/ozone/ozone/hadoop-ozone/integration-test/target/test-dir/MiniOzoneClusterImpl-53dd09de-9596-4e63-80fc-208f4288e982/ozone-meta/ratis/bf265839-605b-3f16-9796-c5ba1605619e
2021-09-23 03:28:58,569 [pool-212-thread-1] INFO  server.RaftServerConfigKeys (ConfUtils.java:logGet(44)) - raft.server.log.queue.byte-limit = 64MB (=67108864) (default)
2021-09-23 03:28:58,569 [pool-212-thread-1] INFO  server.RaftServerConfigKeys (ConfUtils.java:logGet(44)) - raft.server.log.queue.element-limit = 4096 (default)
2021-09-23 03:28:58,570 [pool-212-thread-1] INFO  server.RaftServerConfigKeys (ConfUtils.java:logGet(44)) - raft.server.log.segment.size.max = 4194304 (custom)
2021-09-23 03:28:58,570 [pool-212-thread-1] INFO  server.RaftServerConfigKeys (ConfUtils.java:logGet(44)) - raft.server.log.preallocated.size = 4194304 (custom)
2021-09-23 03:28:58,570 [pool-212-thread-1] INFO  server.RaftServerConfigKeys (ConfUtils.java:logGet(44)) - raft.server.log.force.sync.num = 128 (default)
2021-09-23 03:28:58,570 [pool-212-thread-1] INFO  server.RaftServerConfigKeys (ConfUtils.java:logGet(44)) - raft.server.log.statemachine.data.sync = true (default)
2021-09-23 03:28:58,570 [pool-212-thread-1] INFO  server.RaftServerConfigKeys (ConfUtils.java:logGet(44)) - raft.server.log.statemachine.data.sync.timeout = 10s (default)
2021-09-23 03:28:58,570 [pool-212-thread-1] INFO  server.RaftServerConfigKeys (ConfUtils.java:logGet(44)) - raft.server.log.statemachine.data.sync.timeout.retry = -1 (default)
2021-09-23 03:28:58,571 [pool-212-thread-1] INFO  server.RaftServerConfigKeys (ConfUtils.java:logGet(44)) - raft.server.log.write.buffer.size = 64KB (=65536) (default)
2021-09-23 03:28:58,571 [pool-212-thread-1] INFO  server.RaftServerConfigKeys (ConfUtils.java:logGet(44)) - raft.server.log.statemachine.data.caching.enabled = false (default)
2021-09-23 03:28:58,571 [pool-212-thread-1] INFO  segmented.SegmentedRaftLogWorker (SegmentedRaftLogWorker.java:lambda$new$0(133)) - om1@group-C5BA1605619E-SegmentedRaftLogWorker: flushIndex: setUnconditionally 0 -> -1
2021-09-23 03:28:58,571 [pool-212-thread-1] INFO  segmented.SegmentedRaftLogWorker (SegmentedRaftLogWorker.java:lambda$new$0(133)) - om1@group-C5BA1605619E-SegmentedRaftLogWorker: safeCacheEvictIndex: setUnconditionally 0 -> -1
2021-09-23 03:28:58,577 [Listener at 127.0.0.1/43673] INFO  om.OzoneManager (OzoneManager.java:initFSOLayout(4333)) - Configured ozone.om.metadata.layout=SIMPLE and disabled optimized OM FS operations
2021-09-23 03:28:58,577 [pool-212-thread-1] INFO  server.RaftServerConfigKeys (ConfUtils.java:logGet(44)) - raft.server.snapshot.auto.trigger.enabled = true (custom)
2021-09-23 03:28:58,578 [pool-212-thread-1] INFO  server.RaftServerConfigKeys (ConfUtils.java:logGet(44)) - raft.server.snapshot.auto.trigger.threshold = 400000 (default)
2021-09-23 03:28:58,579 [pool-212-thread-1] INFO  server.RaftServerConfigKeys (ConfUtils.java:logGet(44)) - raft.server.snapshot.retention.file.num = -1 (default)
2021-09-23 03:28:58,579 [pool-212-thread-1] INFO  server.RaftServerConfigKeys (ConfUtils.java:logGet(44)) - raft.server.log.purge.upto.snapshot.index = true (custom)
2021-09-23 03:28:58,579 [pool-212-thread-1] INFO  server.RaftServerConfigKeys (ConfUtils.java:logGet(44)) - raft.server.retrycache.expirytime = 300s (custom)
2021-09-23 03:28:58,579 [pool-212-thread-1] INFO  server.RaftServerConfigKeys (ConfUtils.java:logGet(44)) - raft.server.retrycache.statistics.expirytime = 100μs (default)
2021-09-23 03:28:58,591 [Listener at 127.0.0.1/43673] INFO  impl.MetricsSystemImpl (MetricsSystemImpl.java:init(158)) - OzoneManager metrics system started (again)
2021-09-23 03:28:58,629 [Listener at 127.0.0.1/43673] INFO  om.OzoneManager (OzoneManager.java:start(1281)) - OzoneManager RPC server is listening at localhost/127.0.0.1:43673
2021-09-23 03:28:58,629 [Listener at 127.0.0.1/43673] INFO  ratis.OzoneManagerRatisServer (OzoneManagerRatisServer.java:start(516)) - Starting OzoneManagerRatisServer om1 at port 9872
2021-09-23 03:28:58,630 [Listener at 127.0.0.1/43673] INFO  server.RaftServer$Division (RaftServerImpl.java:start(296)) - om1@group-C5BA1605619E: start as a follower, conf=-1: [om1|rpc:localhost:9872|priority:0], old=null
2021-09-23 03:28:58,632 [Listener at 127.0.0.1/43673] INFO  server.RaftServer$Division (RaftServerImpl.java:setRole(285)) - om1@group-C5BA1605619E: changes role from      null to FOLLOWER at term 0 for startAsFollower
2021-09-23 03:28:58,632 [Listener at 127.0.0.1/43673] INFO  impl.RoleInfo (RoleInfo.java:updateAndGet(130)) - om1: start om1@group-C5BA1605619E-FollowerState
2021-09-23 03:28:58,642 [Listener at 127.0.0.1/43673] INFO  util.JmxRegister (JmxRegister.java:tryRegister(44)) - Successfully registered JMX Bean with object name Ratis:service=RaftServer,group=group-C5BA1605619E,id=om1
2021-09-23 03:28:58,644 [Listener at 127.0.0.1/43673] INFO  server.RaftServer (RaftServerProxy.java:lambda$start$5(374)) - om1: start RPC server
2021-09-23 03:28:58,670 [Listener at 127.0.0.1/43673] INFO  server.GrpcService (GrpcService.java:startImpl(253)) - om1: GrpcService started, listening on 9872
2021-09-23 03:28:58,672 [Listener at 127.0.0.1/43673] INFO  om.OzoneManager (OzoneManager.java:start(1299)) - Version File has different layout version (0) than OM DB (null). That is expected if this OM has never been finalized to a newer layout version.
2021-09-23 03:28:58,673 [org.apache.ratis.util.JvmPauseMonitor$$Lambda$531/1321261357@3684f4e7] INFO  util.JvmPauseMonitor (JvmPauseMonitor.java:run(103)) - JvmPauseMonitor-om1: Started
2021-09-23 03:28:58,676 [Listener at 127.0.0.1/43673] INFO  http.BaseHttpServer (BaseHttpServer.java:newHttpServer2BuilderForOzone(209)) - Starting Web-server for ozoneManager at: http://0.0.0.0:0
2021-09-23 03:28:58,676 [Listener at 127.0.0.1/43673] INFO  http.BaseHttpServer (BaseHttpServer.java:<init>(107)) - Hadoop Security Enabled: false Ozone Security Enabled: false Ozone HTTP Security Enabled: false 
2021-09-23 03:28:58,677 [Listener at 127.0.0.1/43673] INFO  server.AuthenticationFilter (AuthenticationFilter.java:constructSecretProvider(240)) - Unable to initialize FileSignerSecretProvider, falling back to use random secrets.
2021-09-23 03:28:58,686 [Listener at 127.0.0.1/43673] WARN  http.HttpRequestLog (HttpRequestLog.java:getRequestLog(103)) - Jetty request log can only be enabled using Log4j
2021-09-23 03:28:58,687 [Listener at 127.0.0.1/43673] INFO  http.HttpServer2 (HttpServer2.java:addGlobalFilter(1030)) - Added global filter 'safety' (class=org.apache.hadoop.hdds.server.http.HttpServer2$QuotingInputFilter)
2021-09-23 03:28:58,688 [Listener at 127.0.0.1/43673] INFO  http.HttpServer2 (HttpServer2.java:addFilter(1006)) - Added filter static_user_filter (class=org.apache.hadoop.http.lib.StaticUserWebFilter$StaticUserFilter) to context ozoneManager
2021-09-23 03:28:58,688 [Listener at 127.0.0.1/43673] INFO  http.HttpServer2 (HttpServer2.java:addFilter(1014)) - Added filter static_user_filter (class=org.apache.hadoop.http.lib.StaticUserWebFilter$StaticUserFilter) to context static
2021-09-23 03:28:58,688 [Listener at 127.0.0.1/43673] INFO  http.HttpServer2 (HttpServer2.java:addFilter(1014)) - Added filter static_user_filter (class=org.apache.hadoop.http.lib.StaticUserWebFilter$StaticUserFilter) to context logs
2021-09-23 03:28:58,689 [Listener at 127.0.0.1/43673] INFO  http.HttpServer2 (HttpServer2.java:bindListener(1249)) - Jetty bound to port 42807
2021-09-23 03:28:58,689 [Listener at 127.0.0.1/43673] INFO  server.Server (Server.java:doStart(375)) - jetty-9.4.43.v20210629; built: 2021-06-30T11:07:22.254Z; git: 526006ecfa3af7f1a27ef3a288e2bef7ea9dd7e8; jvm 1.8.0_292-b10
2021-09-23 03:28:58,719 [Listener at 127.0.0.1/43673] INFO  server.session (DefaultSessionIdManager.java:doStart(334)) - DefaultSessionIdManager workerName=node0
2021-09-23 03:28:58,719 [Listener at 127.0.0.1/43673] INFO  server.session (DefaultSessionIdManager.java:doStart(339)) - No SessionScavenger set, using defaults
2021-09-23 03:28:58,719 [Listener at 127.0.0.1/43673] INFO  server.session (HouseKeeper.java:startScavenging(132)) - node0 Scavenging every 600000ms
2021-09-23 03:28:58,720 [Listener at 127.0.0.1/43673] INFO  handler.ContextHandler (ContextHandler.java:doStart(915)) - Started o.e.j.s.ServletContextHandler@1e8bf6c1{logs,/logs,file:///home/runner/work/ozone/ozone/hadoop-ozone/integration-test/target/log,AVAILABLE}
2021-09-23 03:28:58,721 [Listener at 127.0.0.1/43673] INFO  handler.ContextHandler (ContextHandler.java:doStart(915)) - Started o.e.j.s.ServletContextHandler@188da4e9{static,/static,file:///home/runner/work/ozone/ozone/hadoop-ozone/integration-test/target/test-classes/webapps/static,AVAILABLE}
2021-09-23 03:28:58,724 [Listener at 127.0.0.1/43673] INFO  handler.ContextHandler (ContextHandler.java:doStart(915)) - Started o.e.j.w.WebAppContext@60bdb363{ozoneManager,/,file:///home/runner/work/ozone/ozone/hadoop-ozone/integration-test/target/test-classes/webapps/ozoneManager/,AVAILABLE}{file:/home/runner/work/ozone/ozone/hadoop-ozone/integration-test/target/test-classes/webapps/ozoneManager}
2021-09-23 03:28:58,730 [Listener at 127.0.0.1/43673] INFO  server.AbstractConnector (AbstractConnector.java:doStart(331)) - Started ServerConnector@1983dba6{HTTP/1.1, (http/1.1)}{0.0.0.0:42807}
2021-09-23 03:28:58,730 [Listener at 127.0.0.1/43673] INFO  server.Server (Server.java:doStart(415)) - Started @54872ms
2021-09-23 03:28:58,730 [Listener at 127.0.0.1/43673] WARN  impl.MetricsSystemImpl (MetricsSystemImpl.java:register(279)) - Sink prometheus already exists!
2021-09-23 03:28:58,730 [Listener at 127.0.0.1/43673] INFO  http.BaseHttpServer (BaseHttpServer.java:updateConnectorAddress(329)) - HTTP server of ozoneManager listening at http://0.0.0.0:42807
2021-09-23 03:28:58,742 [IPC Server Responder] INFO  ipc.Server (Server.java:run(1507)) - IPC Server Responder: starting
2021-09-23 03:28:58,746 [IPC Server listener on 0] INFO  ipc.Server (Server.java:run(1344)) - IPC Server listener on 0: starting
2021-09-23 03:28:58,808 [Listener at 127.0.0.1/43673] INFO  om.OzoneManager (OzoneManager.java:startTrashEmptier(1543)) - Trash Interval set to 0. Files deleted will not move to trash
2021-09-23 03:28:58,816 [Listener at 127.0.0.1/43673] WARN  impl.MetricRegistriesImpl (MetricRegistriesImpl.java:addReporterRegistration(111)) - New reporters are added after registries were created. Some metrics will be missing from the reporter. Please add reporter before adding any new registry.
2021-09-23 03:28:58,816 [Listener at 127.0.0.1/43673] WARN  impl.MetricRegistriesImpl (MetricRegistriesImpl.java:addReporterRegistration(111)) - New reporters are added after registries were created. Some metrics will be missing from the reporter. Please add reporter before adding any new registry.
2021-09-23 03:28:58,816 [Listener at 127.0.0.1/43673] INFO  impl.MetricsSystemImpl (MetricsSystemImpl.java:init(158)) - HddsDatanode metrics system started (again)
2021-09-23 03:28:58,816 [org.apache.hadoop.util.JvmPauseMonitor$Monitor@492e87ec] INFO  util.JvmPauseMonitor (JvmPauseMonitor.java:run(188)) - Starting JVM pause monitor
2021-09-23 03:28:58,830 [Listener at 127.0.0.1/43673] INFO  ozone.HddsDatanodeService (HddsDatanodeService.java:start(234)) - HddsDatanodeService host:fv-az50-49.grzltbmokehuzjyc5b133kdqgh.cx.internal.cloudapp.net ip:10.1.0.98
2021-09-23 03:28:58,884 [Listener at 127.0.0.1/43673] INFO  upgrade.AbstractLayoutVersionManager (AbstractLayoutVersionManager.java:init(79)) - Initializing Layout version manager with metadata layout = SCM_HA (version = 2), software layout = SCM_HA (version = 2)
2021-09-23 03:28:58,987 [Listener at 127.0.0.1/43673] INFO  reflections.Reflections (Reflections.java:scan(232)) - Reflections took 99 ms to scan 7 urls, producing 119 keys and 275 values 
2021-09-23 03:28:58,997 [Listener at 127.0.0.1/43673] INFO  volume.HddsVolume (HddsVolume.java:<init>(120)) - Creating HddsVolume: /home/runner/work/ozone/ozone/hadoop-ozone/integration-test/target/test-dir/MiniOzoneClusterImpl-53dd09de-9596-4e63-80fc-208f4288e982/datanode-0/data-0/containers/hdds of storage type : DISK capacity : 9223372036854775807
2021-09-23 03:28:59,005 [Listener at 127.0.0.1/43673] INFO  volume.MutableVolumeSet (MutableVolumeSet.java:initializeVolumeSet(168)) - Added Volume : /home/runner/work/ozone/ozone/hadoop-ozone/integration-test/target/test-dir/MiniOzoneClusterImpl-53dd09de-9596-4e63-80fc-208f4288e982/datanode-0/data-0/containers/hdds to VolumeSet
2021-09-23 03:28:59,006 [Listener at 127.0.0.1/43673] INFO  volume.ThrottledAsyncChecker (ThrottledAsyncChecker.java:schedule(141)) - Scheduling a check for /home/runner/work/ozone/ozone/hadoop-ozone/integration-test/target/test-dir/MiniOzoneClusterImpl-53dd09de-9596-4e63-80fc-208f4288e982/datanode-0/data-0/containers/hdds
2021-09-23 03:28:59,010 [Listener at 127.0.0.1/43673] INFO  volume.StorageVolumeChecker (StorageVolumeChecker.java:checkAllVolumes(202)) - Scheduled health check for volume /home/runner/work/ozone/ozone/hadoop-ozone/integration-test/target/test-dir/MiniOzoneClusterImpl-53dd09de-9596-4e63-80fc-208f4288e982/datanode-0/data-0/containers/hdds
2021-09-23 03:28:59,037 [Listener at 127.0.0.1/43673] INFO  volume.MutableVolumeSet (MutableVolumeSet.java:initializeVolumeSet(168)) - Added Volume : /home/runner/work/ozone/ozone/hadoop-ozone/integration-test/target/test-dir/MiniOzoneClusterImpl-53dd09de-9596-4e63-80fc-208f4288e982/datanode-0/data/ratis to VolumeSet
2021-09-23 03:28:59,038 [Listener at 127.0.0.1/43673] INFO  volume.ThrottledAsyncChecker (ThrottledAsyncChecker.java:schedule(141)) - Scheduling a check for /home/runner/work/ozone/ozone/hadoop-ozone/integration-test/target/test-dir/MiniOzoneClusterImpl-53dd09de-9596-4e63-80fc-208f4288e982/datanode-0/data/ratis
2021-09-23 03:28:59,038 [Listener at 127.0.0.1/43673] INFO  volume.StorageVolumeChecker (StorageVolumeChecker.java:checkAllVolumes(202)) - Scheduled health check for volume /home/runner/work/ozone/ozone/hadoop-ozone/integration-test/target/test-dir/MiniOzoneClusterImpl-53dd09de-9596-4e63-80fc-208f4288e982/datanode-0/data/ratis
2021-09-23 03:28:59,053 [Thread-503] INFO  ozoneimpl.ContainerReader (ContainerReader.java:readVolume(172)) - Finish verifying containers on volume /home/runner/work/ozone/ozone/hadoop-ozone/integration-test/target/test-dir/MiniOzoneClusterImpl-53dd09de-9596-4e63-80fc-208f4288e982/datanode-0/data-0/containers/hdds
2021-09-23 03:28:59,053 [Listener at 127.0.0.1/43673] INFO  ozoneimpl.OzoneContainer (OzoneContainer.java:buildContainerSet(236)) - Build ContainerSet costs 0s
2021-09-23 03:28:59,056 [Listener at 127.0.0.1/43673] INFO  server.RaftServer (ConfUtils.java:logGet(44)) - raft.rpc.type = GRPC (default)
2021-09-23 03:28:59,056 [Listener at 127.0.0.1/43673] INFO  grpc.GrpcFactory (GrpcFactory.java:checkPooledByteBufAllocatorUseCacheForAllThreads(48)) - PERFORMANCE WARNING: useCacheForAllThreads is true that may cause Netty to create a lot garbage objects and, as a result, trigger GC.
	It is recommended to disable useCacheForAllThreads by setting -Dorg.apache.ratis.thirdparty.io.netty.allocator.useCacheForAllThreads=false in command line.
2021-09-23 03:28:59,056 [Listener at 127.0.0.1/43673] INFO  grpc.GrpcConfigKeys (ConfUtils.java:logGet(44)) - raft.grpc.admin.port = 0 (custom)
2021-09-23 03:28:59,056 [Listener at 127.0.0.1/43673] INFO  grpc.GrpcConfigKeys (ConfUtils.java:logGet(44)) - raft.grpc.client.port = 0 (custom)
2021-09-23 03:28:59,056 [Listener at 127.0.0.1/43673] INFO  grpc.GrpcConfigKeys (ConfUtils.java:logGet(44)) - raft.grpc.server.port = 0 (default)
2021-09-23 03:28:59,057 [Listener at 127.0.0.1/43673] INFO  server.GrpcService (ConfUtils.java:logGet(44)) - raft.grpc.message.size.max = 32MB (=33554432) (custom)
2021-09-23 03:28:59,057 [Listener at 127.0.0.1/43673] INFO  server.RaftServerConfigKeys (ConfUtils.java:logGet(44)) - raft.server.log.appender.buffer.byte-limit = 33554432 (custom)
2021-09-23 03:28:59,057 [Listener at 127.0.0.1/43673] INFO  server.GrpcService (ConfUtils.java:logGet(44)) - raft.grpc.flow.control.window = 5MB (=5242880) (custom)
2021-09-23 03:28:59,057 [Listener at 127.0.0.1/43673] INFO  server.RaftServerConfigKeys (ConfUtils.java:logGet(44)) - raft.server.rpc.request.timeout = 60s (custom)
2021-09-23 03:28:59,059 [Listener at 127.0.0.1/43673] INFO  impl.DataStreamServerImpl (ConfUtils.java:logGet(44)) - raft.datastream.type = DISABLED (default)
2021-09-23 03:28:59,061 [Listener at 127.0.0.1/43673] INFO  server.RaftServerConfigKeys (ConfUtils.java:logGet(44)) - raft.server.rpc.slowness.timeout = 300s (custom)
2021-09-23 03:28:59,062 [Listener at 127.0.0.1/43673] INFO  server.RaftServerConfigKeys (ConfUtils.java:logGet(44)) - raft.server.leaderelection.leader.step-down.wait-time = 10s (default)
2021-09-23 03:28:59,063 [Listener at 127.0.0.1/43673] INFO  server.RaftServerConfigKeys (ConfUtils.java:logGet(44)) - raft.server.storage.dir = [/home/runner/work/ozone/ozone/hadoop-ozone/integration-test/target/test-dir/MiniOzoneClusterImpl-53dd09de-9596-4e63-80fc-208f4288e982/datanode-0/data/ratis] (custom)
2021-09-23 03:28:59,071 [Listener at 127.0.0.1/43673] INFO  http.BaseHttpServer (BaseHttpServer.java:newHttpServer2BuilderForOzone(209)) - Starting Web-server for hddsDatanode at: http://0.0.0.0:0
2021-09-23 03:28:59,071 [Listener at 127.0.0.1/43673] INFO  http.BaseHttpServer (BaseHttpServer.java:<init>(107)) - Hadoop Security Enabled: false Ozone Security Enabled: false Ozone HTTP Security Enabled: false 
2021-09-23 03:28:59,072 [Listener at 127.0.0.1/43673] INFO  server.AuthenticationFilter (AuthenticationFilter.java:constructSecretProvider(240)) - Unable to initialize FileSignerSecretProvider, falling back to use random secrets.
2021-09-23 03:28:59,075 [Listener at 127.0.0.1/43673] WARN  http.HttpRequestLog (HttpRequestLog.java:getRequestLog(103)) - Jetty request log can only be enabled using Log4j
2021-09-23 03:28:59,076 [Listener at 127.0.0.1/43673] INFO  http.HttpServer2 (HttpServer2.java:addGlobalFilter(1030)) - Added global filter 'safety' (class=org.apache.hadoop.hdds.server.http.HttpServer2$QuotingInputFilter)
2021-09-23 03:28:59,077 [Listener at 127.0.0.1/43673] INFO  http.HttpServer2 (HttpServer2.java:addFilter(1006)) - Added filter static_user_filter (class=org.apache.hadoop.http.lib.StaticUserWebFilter$StaticUserFilter) to context hddsDatanode
2021-09-23 03:28:59,077 [Listener at 127.0.0.1/43673] INFO  http.HttpServer2 (HttpServer2.java:addFilter(1014)) - Added filter static_user_filter (class=org.apache.hadoop.http.lib.StaticUserWebFilter$StaticUserFilter) to context logs
2021-09-23 03:28:59,077 [Listener at 127.0.0.1/43673] INFO  http.HttpServer2 (HttpServer2.java:addFilter(1014)) - Added filter static_user_filter (class=org.apache.hadoop.http.lib.StaticUserWebFilter$StaticUserFilter) to context static
2021-09-23 03:28:59,087 [Listener at 127.0.0.1/43673] INFO  http.HttpServer2 (HttpServer2.java:bindListener(1249)) - Jetty bound to port 45359
2021-09-23 03:28:59,087 [Listener at 127.0.0.1/43673] INFO  server.Server (Server.java:doStart(375)) - jetty-9.4.43.v20210629; built: 2021-06-30T11:07:22.254Z; git: 526006ecfa3af7f1a27ef3a288e2bef7ea9dd7e8; jvm 1.8.0_292-b10
2021-09-23 03:28:59,101 [Listener at 127.0.0.1/43673] INFO  server.session (DefaultSessionIdManager.java:doStart(334)) - DefaultSessionIdManager workerName=node0
2021-09-23 03:28:59,101 [Listener at 127.0.0.1/43673] INFO  server.session (DefaultSessionIdManager.java:doStart(339)) - No SessionScavenger set, using defaults
2021-09-23 03:28:59,101 [Listener at 127.0.0.1/43673] INFO  server.session (HouseKeeper.java:startScavenging(132)) - node0 Scavenging every 600000ms
2021-09-23 03:28:59,102 [Listener at 127.0.0.1/43673] INFO  handler.ContextHandler (ContextHandler.java:doStart(915)) - Started o.e.j.s.ServletContextHandler@434b223{logs,/logs,file:///home/runner/work/ozone/ozone/hadoop-ozone/integration-test/target/log,AVAILABLE}
2021-09-23 03:28:59,103 [Listener at 127.0.0.1/43673] INFO  handler.ContextHandler (ContextHandler.java:doStart(915)) - Started o.e.j.s.ServletContextHandler@67bfd701{static,/static,jar:file:/home/runner/.m2/repository/org/apache/ozone/hdds-container-service/1.2.0-SNAPSHOT/hdds-container-service-1.2.0-SNAPSHOT.jar!/webapps/static,AVAILABLE}
2021-09-23 03:28:59,216 [Listener at 127.0.0.1/43673] INFO  handler.ContextHandler (ContextHandler.java:doStart(915)) - Started o.e.j.w.WebAppContext@d6a5c4d{hddsDatanode,/,file:///tmp/jetty-0_0_0_0-45359-hdds-container-service-1_2_0-SNAPSHOT_jar-_-any-2089595108716091558/webapp/,AVAILABLE}{jar:file:/home/runner/.m2/repository/org/apache/ozone/hdds-container-service/1.2.0-SNAPSHOT/hdds-container-service-1.2.0-SNAPSHOT.jar!/webapps/hddsDatanode}
2021-09-23 03:28:59,217 [Listener at 127.0.0.1/43673] INFO  server.AbstractConnector (AbstractConnector.java:doStart(331)) - Started ServerConnector@30ee0fb0{HTTP/1.1, (http/1.1)}{0.0.0.0:45359}
2021-09-23 03:28:59,218 [Listener at 127.0.0.1/43673] INFO  server.Server (Server.java:doStart(415)) - Started @55360ms
2021-09-23 03:28:59,218 [Listener at 127.0.0.1/43673] WARN  impl.MetricsSystemImpl (MetricsSystemImpl.java:register(279)) - Sink prometheus already exists!
2021-09-23 03:28:59,218 [Listener at 127.0.0.1/43673] INFO  http.BaseHttpServer (BaseHttpServer.java:updateConnectorAddress(329)) - HTTP server of hddsDatanode listening at http://0.0.0.0:45359
2021-09-23 03:28:59,223 [Listener at 127.0.0.1/43673] WARN  impl.MetricRegistriesImpl (MetricRegistriesImpl.java:addReporterRegistration(111)) - New reporters are added after registries were created. Some metrics will be missing from the reporter. Please add reporter before adding any new registry.
2021-09-23 03:28:59,223 [Listener at 127.0.0.1/43673] WARN  impl.MetricRegistriesImpl (MetricRegistriesImpl.java:addReporterRegistration(111)) - New reporters are added after registries were created. Some metrics will be missing from the reporter. Please add reporter before adding any new registry.
2021-09-23 03:28:59,223 [Listener at 127.0.0.1/43673] INFO  impl.MetricsSystemImpl (MetricsSystemImpl.java:init(158)) - HddsDatanode metrics system started (again)
2021-09-23 03:28:59,238 [Datanode State Machine Thread - 0] INFO  statemachine.DatanodeStateMachine (DatanodeStateMachine.java:lambda$startDaemon$0(456)) - Ozone container server started.
2021-09-23 03:28:59,251 [Listener at 127.0.0.1/43673] INFO  ozone.HddsDatanodeService (HddsDatanodeService.java:start(234)) - HddsDatanodeService host:fv-az50-49.grzltbmokehuzjyc5b133kdqgh.cx.internal.cloudapp.net ip:10.1.0.98
2021-09-23 03:28:59,286 [org.apache.hadoop.util.JvmPauseMonitor$Monitor@40df8e61] INFO  util.JvmPauseMonitor (JvmPauseMonitor.java:run(188)) - Starting JVM pause monitor
2021-09-23 03:28:59,292 [Listener at 127.0.0.1/43673] INFO  upgrade.AbstractLayoutVersionManager (AbstractLayoutVersionManager.java:init(79)) - Initializing Layout version manager with metadata layout = SCM_HA (version = 2), software layout = SCM_HA (version = 2)
2021-09-23 03:28:59,314 [Datanode State Machine Task Thread - 0] INFO  datanode.InitDatanodeState (InitDatanodeState.java:persistContainerDatanodeDetails(145)) - DatanodeDetails is persisted to /home/runner/work/ozone/ozone/hadoop-ozone/integration-test/target/test-dir/MiniOzoneClusterImpl-53dd09de-9596-4e63-80fc-208f4288e982/datanode-0/meta/datanode.id
2021-09-23 03:28:59,400 [Listener at 127.0.0.1/43673] INFO  reflections.Reflections (Reflections.java:scan(232)) - Reflections took 101 ms to scan 7 urls, producing 119 keys and 275 values 
2021-09-23 03:28:59,406 [Listener at 127.0.0.1/43673] INFO  volume.HddsVolume (HddsVolume.java:<init>(120)) - Creating HddsVolume: /home/runner/work/ozone/ozone/hadoop-ozone/integration-test/target/test-dir/MiniOzoneClusterImpl-53dd09de-9596-4e63-80fc-208f4288e982/datanode-1/data-0/containers/hdds of storage type : DISK capacity : 9223372036854775807
2021-09-23 03:28:59,407 [Listener at 127.0.0.1/43673] INFO  volume.MutableVolumeSet (MutableVolumeSet.java:initializeVolumeSet(168)) - Added Volume : /home/runner/work/ozone/ozone/hadoop-ozone/integration-test/target/test-dir/MiniOzoneClusterImpl-53dd09de-9596-4e63-80fc-208f4288e982/datanode-1/data-0/containers/hdds to VolumeSet
2021-09-23 03:28:59,407 [Listener at 127.0.0.1/43673] INFO  volume.ThrottledAsyncChecker (ThrottledAsyncChecker.java:schedule(141)) - Scheduling a check for /home/runner/work/ozone/ozone/hadoop-ozone/integration-test/target/test-dir/MiniOzoneClusterImpl-53dd09de-9596-4e63-80fc-208f4288e982/datanode-1/data-0/containers/hdds
2021-09-23 03:28:59,419 [Listener at 127.0.0.1/43673] INFO  volume.StorageVolumeChecker (StorageVolumeChecker.java:checkAllVolumes(202)) - Scheduled health check for volume /home/runner/work/ozone/ozone/hadoop-ozone/integration-test/target/test-dir/MiniOzoneClusterImpl-53dd09de-9596-4e63-80fc-208f4288e982/datanode-1/data-0/containers/hdds
2021-09-23 03:28:59,433 [Listener at 127.0.0.1/43673] INFO  volume.MutableVolumeSet (MutableVolumeSet.java:initializeVolumeSet(168)) - Added Volume : /home/runner/work/ozone/ozone/hadoop-ozone/integration-test/target/test-dir/MiniOzoneClusterImpl-53dd09de-9596-4e63-80fc-208f4288e982/datanode-1/data/ratis to VolumeSet
2021-09-23 03:28:59,433 [Listener at 127.0.0.1/43673] INFO  volume.ThrottledAsyncChecker (ThrottledAsyncChecker.java:schedule(141)) - Scheduling a check for /home/runner/work/ozone/ozone/hadoop-ozone/integration-test/target/test-dir/MiniOzoneClusterImpl-53dd09de-9596-4e63-80fc-208f4288e982/datanode-1/data/ratis
2021-09-23 03:28:59,433 [Listener at 127.0.0.1/43673] INFO  volume.StorageVolumeChecker (StorageVolumeChecker.java:checkAllVolumes(202)) - Scheduled health check for volume /home/runner/work/ozone/ozone/hadoop-ozone/integration-test/target/test-dir/MiniOzoneClusterImpl-53dd09de-9596-4e63-80fc-208f4288e982/datanode-1/data/ratis
2021-09-23 03:28:59,482 [Thread-515] INFO  ozoneimpl.ContainerReader (ContainerReader.java:readVolume(172)) - Finish verifying containers on volume /home/runner/work/ozone/ozone/hadoop-ozone/integration-test/target/test-dir/MiniOzoneClusterImpl-53dd09de-9596-4e63-80fc-208f4288e982/datanode-1/data-0/containers/hdds
2021-09-23 03:28:59,482 [Listener at 127.0.0.1/43673] INFO  ozoneimpl.OzoneContainer (OzoneContainer.java:buildContainerSet(236)) - Build ContainerSet costs 0s
2021-09-23 03:28:59,486 [Listener at 127.0.0.1/43673] INFO  server.RaftServer (ConfUtils.java:logGet(44)) - raft.rpc.type = GRPC (default)
2021-09-23 03:28:59,486 [Listener at 127.0.0.1/43673] INFO  grpc.GrpcFactory (GrpcFactory.java:checkPooledByteBufAllocatorUseCacheForAllThreads(48)) - PERFORMANCE WARNING: useCacheForAllThreads is true that may cause Netty to create a lot garbage objects and, as a result, trigger GC.
	It is recommended to disable useCacheForAllThreads by setting -Dorg.apache.ratis.thirdparty.io.netty.allocator.useCacheForAllThreads=false in command line.
2021-09-23 03:28:59,487 [Listener at 127.0.0.1/43673] INFO  grpc.GrpcConfigKeys (ConfUtils.java:logGet(44)) - raft.grpc.admin.port = 0 (custom)
2021-09-23 03:28:59,487 [Listener at 127.0.0.1/43673] INFO  grpc.GrpcConfigKeys (ConfUtils.java:logGet(44)) - raft.grpc.client.port = 0 (custom)
2021-09-23 03:28:59,487 [Listener at 127.0.0.1/43673] INFO  grpc.GrpcConfigKeys (ConfUtils.java:logGet(44)) - raft.grpc.server.port = 0 (default)
2021-09-23 03:28:59,487 [Listener at 127.0.0.1/43673] INFO  server.GrpcService (ConfUtils.java:logGet(44)) - raft.grpc.message.size.max = 32MB (=33554432) (custom)
2021-09-23 03:28:59,487 [Listener at 127.0.0.1/43673] INFO  server.RaftServerConfigKeys (ConfUtils.java:logGet(44)) - raft.server.log.appender.buffer.byte-limit = 33554432 (custom)
2021-09-23 03:28:59,487 [Listener at 127.0.0.1/43673] INFO  server.GrpcService (ConfUtils.java:logGet(44)) - raft.grpc.flow.control.window = 5MB (=5242880) (custom)
2021-09-23 03:28:59,487 [Listener at 127.0.0.1/43673] INFO  server.RaftServerConfigKeys (ConfUtils.java:logGet(44)) - raft.server.rpc.request.timeout = 60s (custom)
2021-09-23 03:28:59,488 [Listener at 127.0.0.1/43673] INFO  impl.DataStreamServerImpl (ConfUtils.java:logGet(44)) - raft.datastream.type = DISABLED (default)
2021-09-23 03:28:59,488 [Listener at 127.0.0.1/43673] INFO  server.RaftServerConfigKeys (ConfUtils.java:logGet(44)) - raft.server.rpc.slowness.timeout = 300s (custom)
2021-09-23 03:28:59,488 [Listener at 127.0.0.1/43673] INFO  server.RaftServerConfigKeys (ConfUtils.java:logGet(44)) - raft.server.leaderelection.leader.step-down.wait-time = 10s (default)
2021-09-23 03:28:59,489 [Listener at 127.0.0.1/43673] INFO  server.RaftServerConfigKeys (ConfUtils.java:logGet(44)) - raft.server.storage.dir = [/home/runner/work/ozone/ozone/hadoop-ozone/integration-test/target/test-dir/MiniOzoneClusterImpl-53dd09de-9596-4e63-80fc-208f4288e982/datanode-1/data/ratis] (custom)
2021-09-23 03:28:59,503 [Listener at 127.0.0.1/43673] INFO  http.BaseHttpServer (BaseHttpServer.java:newHttpServer2BuilderForOzone(209)) - Starting Web-server for hddsDatanode at: http://0.0.0.0:0
2021-09-23 03:28:59,503 [Listener at 127.0.0.1/43673] INFO  http.BaseHttpServer (BaseHttpServer.java:<init>(107)) - Hadoop Security Enabled: false Ozone Security Enabled: false Ozone HTTP Security Enabled: false 
2021-09-23 03:28:59,504 [Listener at 127.0.0.1/43673] INFO  server.AuthenticationFilter (AuthenticationFilter.java:constructSecretProvider(240)) - Unable to initialize FileSignerSecretProvider, falling back to use random secrets.
2021-09-23 03:28:59,507 [Listener at 127.0.0.1/43673] WARN  http.HttpRequestLog (HttpRequestLog.java:getRequestLog(103)) - Jetty request log can only be enabled using Log4j
2021-09-23 03:28:59,508 [Listener at 127.0.0.1/43673] INFO  http.HttpServer2 (HttpServer2.java:addGlobalFilter(1030)) - Added global filter 'safety' (class=org.apache.hadoop.hdds.server.http.HttpServer2$QuotingInputFilter)
2021-09-23 03:28:59,517 [Listener at 127.0.0.1/43673] INFO  http.HttpServer2 (HttpServer2.java:addFilter(1006)) - Added filter static_user_filter (class=org.apache.hadoop.http.lib.StaticUserWebFilter$StaticUserFilter) to context hddsDatanode
2021-09-23 03:28:59,517 [Listener at 127.0.0.1/43673] INFO  http.HttpServer2 (HttpServer2.java:addFilter(1014)) - Added filter static_user_filter (class=org.apache.hadoop.http.lib.StaticUserWebFilter$StaticUserFilter) to context static
2021-09-23 03:28:59,517 [Listener at 127.0.0.1/43673] INFO  http.HttpServer2 (HttpServer2.java:addFilter(1014)) - Added filter static_user_filter (class=org.apache.hadoop.http.lib.StaticUserWebFilter$StaticUserFilter) to context logs
2021-09-23 03:28:59,518 [Listener at 127.0.0.1/43673] INFO  http.HttpServer2 (HttpServer2.java:bindListener(1249)) - Jetty bound to port 39375
2021-09-23 03:28:59,518 [Listener at 127.0.0.1/43673] INFO  server.Server (Server.java:doStart(375)) - jetty-9.4.43.v20210629; built: 2021-06-30T11:07:22.254Z; git: 526006ecfa3af7f1a27ef3a288e2bef7ea9dd7e8; jvm 1.8.0_292-b10
2021-09-23 03:28:59,519 [Listener at 127.0.0.1/43673] INFO  server.session (DefaultSessionIdManager.java:doStart(334)) - DefaultSessionIdManager workerName=node0
2021-09-23 03:28:59,519 [Listener at 127.0.0.1/43673] INFO  server.session (DefaultSessionIdManager.java:doStart(339)) - No SessionScavenger set, using defaults
2021-09-23 03:28:59,519 [Listener at 127.0.0.1/43673] INFO  server.session (HouseKeeper.java:startScavenging(132)) - node0 Scavenging every 600000ms
2021-09-23 03:28:59,520 [Listener at 127.0.0.1/43673] INFO  handler.ContextHandler (ContextHandler.java:doStart(915)) - Started o.e.j.s.ServletContextHandler@286943d7{logs,/logs,file:///home/runner/work/ozone/ozone/hadoop-ozone/integration-test/target/log,AVAILABLE}
2021-09-23 03:28:59,520 [Listener at 127.0.0.1/43673] INFO  handler.ContextHandler (ContextHandler.java:doStart(915)) - Started o.e.j.s.ServletContextHandler@674882e{static,/static,jar:file:/home/runner/.m2/repository/org/apache/ozone/hdds-container-service/1.2.0-SNAPSHOT/hdds-container-service-1.2.0-SNAPSHOT.jar!/webapps/static,AVAILABLE}
2021-09-23 03:28:59,615 [Listener at 127.0.0.1/43673] INFO  handler.ContextHandler (ContextHandler.java:doStart(915)) - Started o.e.j.w.WebAppContext@3ee0b179{hddsDatanode,/,file:///tmp/jetty-0_0_0_0-39375-hdds-container-service-1_2_0-SNAPSHOT_jar-_-any-5537079168849292804/webapp/,AVAILABLE}{jar:file:/home/runner/.m2/repository/org/apache/ozone/hdds-container-service/1.2.0-SNAPSHOT/hdds-container-service-1.2.0-SNAPSHOT.jar!/webapps/hddsDatanode}
2021-09-23 03:28:59,618 [Listener at 127.0.0.1/43673] INFO  server.AbstractConnector (AbstractConnector.java:doStart(331)) - Started ServerConnector@b0ac445{HTTP/1.1, (http/1.1)}{0.0.0.0:39375}
2021-09-23 03:28:59,619 [Listener at 127.0.0.1/43673] INFO  server.Server (Server.java:doStart(415)) - Started @55761ms
2021-09-23 03:28:59,619 [Listener at 127.0.0.1/43673] WARN  impl.MetricsSystemImpl (MetricsSystemImpl.java:register(279)) - Sink prometheus already exists!
2021-09-23 03:28:59,619 [Listener at 127.0.0.1/43673] INFO  http.BaseHttpServer (BaseHttpServer.java:updateConnectorAddress(329)) - HTTP server of hddsDatanode listening at http://0.0.0.0:39375
2021-09-23 03:28:59,630 [Listener at 127.0.0.1/43673] WARN  impl.MetricRegistriesImpl (MetricRegistriesImpl.java:addReporterRegistration(111)) - New reporters are added after registries were created. Some metrics will be missing from the reporter. Please add reporter before adding any new registry.
2021-09-23 03:28:59,630 [Listener at 127.0.0.1/43673] WARN  impl.MetricRegistriesImpl (MetricRegistriesImpl.java:addReporterRegistration(111)) - New reporters are added after registries were created. Some metrics will be missing from the reporter. Please add reporter before adding any new registry.
2021-09-23 03:28:59,630 [Listener at 127.0.0.1/43673] INFO  impl.MetricsSystemImpl (MetricsSystemImpl.java:init(158)) - HddsDatanode metrics system started (again)
2021-09-23 03:28:59,638 [Datanode State Machine Thread - 0] INFO  statemachine.DatanodeStateMachine (DatanodeStateMachine.java:lambda$startDaemon$0(456)) - Ozone container server started.
2021-09-23 03:28:59,654 [org.apache.hadoop.util.JvmPauseMonitor$Monitor@7e7c7f99] INFO  util.JvmPauseMonitor (JvmPauseMonitor.java:run(188)) - Starting JVM pause monitor
2021-09-23 03:28:59,664 [Listener at 127.0.0.1/43673] INFO  ozone.HddsDatanodeService (HddsDatanodeService.java:start(234)) - HddsDatanodeService host:fv-az50-49.grzltbmokehuzjyc5b133kdqgh.cx.internal.cloudapp.net ip:10.1.0.98
2021-09-23 03:28:59,702 [Datanode State Machine Task Thread - 0] INFO  datanode.InitDatanodeState (InitDatanodeState.java:persistContainerDatanodeDetails(145)) - DatanodeDetails is persisted to /home/runner/work/ozone/ozone/hadoop-ozone/integration-test/target/test-dir/MiniOzoneClusterImpl-53dd09de-9596-4e63-80fc-208f4288e982/datanode-1/meta/datanode.id
2021-09-23 03:28:59,728 [Listener at 127.0.0.1/43673] INFO  upgrade.AbstractLayoutVersionManager (AbstractLayoutVersionManager.java:init(79)) - Initializing Layout version manager with metadata layout = SCM_HA (version = 2), software layout = SCM_HA (version = 2)
2021-09-23 03:28:59,759 [om1@group-C5BA1605619E-FollowerState] INFO  impl.FollowerState (FollowerState.java:run(134)) - om1@group-C5BA1605619E-FollowerState: change to CANDIDATE, lastRpcElapsedTime:1126568459ns, electionTimeout:1117ms
2021-09-23 03:28:59,759 [om1@group-C5BA1605619E-FollowerState] INFO  impl.RoleInfo (RoleInfo.java:shutdownFollowerState(108)) - om1: shutdown om1@group-C5BA1605619E-FollowerState
2021-09-23 03:28:59,759 [om1@group-C5BA1605619E-FollowerState] INFO  server.RaftServer$Division (RaftServerImpl.java:setRole(285)) - om1@group-C5BA1605619E: changes role from  FOLLOWER to CANDIDATE at term 0 for changeToCandidate
2021-09-23 03:28:59,759 [om1@group-C5BA1605619E-FollowerState] INFO  server.RaftServerConfigKeys (ConfUtils.java:logGet(44)) - raft.server.leaderelection.pre-vote = false (custom)
2021-09-23 03:28:59,759 [om1@group-C5BA1605619E-FollowerState] INFO  impl.RoleInfo (RoleInfo.java:updateAndGet(130)) - om1: start om1@group-C5BA1605619E-LeaderElection8
2021-09-23 03:28:59,784 [om1@group-C5BA1605619E-LeaderElection8] INFO  impl.LeaderElection (LeaderElection.java:askForVotes(306)) - om1@group-C5BA1605619E-LeaderElection8 ELECTION round 0: submit vote requests at term 1 for -1: [om1|rpc:localhost:9872|priority:0], old=null
2021-09-23 03:28:59,784 [om1@group-C5BA1605619E-LeaderElection8] INFO  impl.LeaderElection (LeaderElection.java:askForVotes(308)) - om1@group-C5BA1605619E-LeaderElection8 ELECTION round 0: result PASSED (term=1)
2021-09-23 03:28:59,784 [om1@group-C5BA1605619E-LeaderElection8] INFO  impl.RoleInfo (RoleInfo.java:shutdownLeaderElection(121)) - om1: shutdown om1@group-C5BA1605619E-LeaderElection8
2021-09-23 03:28:59,784 [om1@group-C5BA1605619E-LeaderElection8] INFO  server.RaftServer$Division (RaftServerImpl.java:setRole(285)) - om1@group-C5BA1605619E: changes role from CANDIDATE to LEADER at term 1 for changeToLeader
2021-09-23 03:28:59,784 [om1@group-C5BA1605619E-LeaderElection8] INFO  server.RaftServer$Division (ServerState.java:setLeader(285)) - om1@group-C5BA1605619E: change Leader from null to om1 at term 1 for becomeLeader, leader elected after 1215ms
2021-09-23 03:28:59,784 [om1@group-C5BA1605619E-LeaderElection8] INFO  server.RaftServerConfigKeys (ConfUtils.java:logGet(44)) - raft.server.staging.catchup.gap = 1000 (default)
2021-09-23 03:28:59,784 [om1@group-C5BA1605619E-LeaderElection8] INFO  server.RaftServerConfigKeys (ConfUtils.java:logGet(44)) - raft.server.write.element-limit = 4096 (default)
2021-09-23 03:28:59,784 [om1@group-C5BA1605619E-LeaderElection8] INFO  server.RaftServerConfigKeys (ConfUtils.java:logGet(44)) - raft.server.write.byte-limit = 64MB (=67108864) (default)
2021-09-23 03:28:59,785 [om1@group-C5BA1605619E-LeaderElection8] INFO  server.RaftServerConfigKeys (ConfUtils.java:logGet(44)) - raft.server.watch.timeout = 10s (default)
2021-09-23 03:28:59,785 [om1@group-C5BA1605619E-LeaderElection8] INFO  server.RaftServerConfigKeys (ConfUtils.java:logGet(44)) - raft.server.watch.timeout.denomination = 1s (default)
2021-09-23 03:28:59,785 [om1@group-C5BA1605619E-LeaderElection8] INFO  server.RaftServerConfigKeys (ConfUtils.java:logGet(44)) - raft.server.watch.element-limit = 65536 (default)
2021-09-23 03:28:59,785 [om1@group-C5BA1605619E-LeaderElection8] INFO  impl.RoleInfo (RoleInfo.java:updateAndGet(130)) - om1: start om1@group-C5BA1605619E-LeaderStateImpl
2021-09-23 03:28:59,785 [om1@group-C5BA1605619E-LeaderElection8] INFO  segmented.SegmentedRaftLogWorker (SegmentedRaftLogWorker.java:startLogSegment(394)) - om1@group-C5BA1605619E-SegmentedRaftLogWorker: Starting segment from index:0
2021-09-23 03:28:59,794 [om1@group-C5BA1605619E-SegmentedRaftLogWorker] INFO  segmented.SegmentedRaftLogWorker (SegmentedRaftLogWorker.java:execute(601)) - om1@group-C5BA1605619E-SegmentedRaftLogWorker: created new log segment /home/runner/work/ozone/ozone/hadoop-ozone/integration-test/target/test-dir/MiniOzoneClusterImpl-53dd09de-9596-4e63-80fc-208f4288e982/ozone-meta/ratis/bf265839-605b-3f16-9796-c5ba1605619e/current/log_inprogress_0
2021-09-23 03:28:59,800 [om1@group-C5BA1605619E-LeaderElection8] INFO  server.RaftServer$Division (ServerState.java:setRaftConf(387)) - om1@group-C5BA1605619E: set configuration 0: [om1|rpc:localhost:9872|admin:|client:|dataStream:|priority:0], old=null
2021-09-23 03:28:59,807 [om1@group-C5BA1605619E-StateMachineUpdater] INFO  ratis.OzoneManagerStateMachine (OzoneManagerStateMachine.java:notifyConfigurationChanged(188)) - Received Configuration change notification from Ratis. New Peer list:
[id: "om1"
address: "localhost:9872"
]
2021-09-23 03:28:59,855 [Listener at 127.0.0.1/43673] INFO  reflections.Reflections (Reflections.java:scan(232)) - Reflections took 124 ms to scan 7 urls, producing 119 keys and 275 values 
2021-09-23 03:28:59,871 [Listener at 127.0.0.1/43673] INFO  volume.HddsVolume (HddsVolume.java:<init>(120)) - Creating HddsVolume: /home/runner/work/ozone/ozone/hadoop-ozone/integration-test/target/test-dir/MiniOzoneClusterImpl-53dd09de-9596-4e63-80fc-208f4288e982/datanode-2/data-0/containers/hdds of storage type : DISK capacity : 9223372036854775807
2021-09-23 03:28:59,872 [Listener at 127.0.0.1/43673] INFO  volume.MutableVolumeSet (MutableVolumeSet.java:initializeVolumeSet(168)) - Added Volume : /home/runner/work/ozone/ozone/hadoop-ozone/integration-test/target/test-dir/MiniOzoneClusterImpl-53dd09de-9596-4e63-80fc-208f4288e982/datanode-2/data-0/containers/hdds to VolumeSet
2021-09-23 03:28:59,872 [Listener at 127.0.0.1/43673] INFO  volume.ThrottledAsyncChecker (ThrottledAsyncChecker.java:schedule(141)) - Scheduling a check for /home/runner/work/ozone/ozone/hadoop-ozone/integration-test/target/test-dir/MiniOzoneClusterImpl-53dd09de-9596-4e63-80fc-208f4288e982/datanode-2/data-0/containers/hdds
2021-09-23 03:28:59,879 [Listener at 127.0.0.1/43673] INFO  volume.StorageVolumeChecker (StorageVolumeChecker.java:checkAllVolumes(202)) - Scheduled health check for volume /home/runner/work/ozone/ozone/hadoop-ozone/integration-test/target/test-dir/MiniOzoneClusterImpl-53dd09de-9596-4e63-80fc-208f4288e982/datanode-2/data-0/containers/hdds
2021-09-23 03:28:59,901 [Listener at 127.0.0.1/43673] INFO  volume.MutableVolumeSet (MutableVolumeSet.java:initializeVolumeSet(168)) - Added Volume : /home/runner/work/ozone/ozone/hadoop-ozone/integration-test/target/test-dir/MiniOzoneClusterImpl-53dd09de-9596-4e63-80fc-208f4288e982/datanode-2/data/ratis to VolumeSet
2021-09-23 03:28:59,901 [Listener at 127.0.0.1/43673] INFO  volume.ThrottledAsyncChecker (ThrottledAsyncChecker.java:schedule(141)) - Scheduling a check for /home/runner/work/ozone/ozone/hadoop-ozone/integration-test/target/test-dir/MiniOzoneClusterImpl-53dd09de-9596-4e63-80fc-208f4288e982/datanode-2/data/ratis
2021-09-23 03:28:59,901 [Listener at 127.0.0.1/43673] INFO  volume.StorageVolumeChecker (StorageVolumeChecker.java:checkAllVolumes(202)) - Scheduled health check for volume /home/runner/work/ozone/ozone/hadoop-ozone/integration-test/target/test-dir/MiniOzoneClusterImpl-53dd09de-9596-4e63-80fc-208f4288e982/datanode-2/data/ratis
2021-09-23 03:28:59,916 [Thread-529] INFO  ozoneimpl.ContainerReader (ContainerReader.java:readVolume(172)) - Finish verifying containers on volume /home/runner/work/ozone/ozone/hadoop-ozone/integration-test/target/test-dir/MiniOzoneClusterImpl-53dd09de-9596-4e63-80fc-208f4288e982/datanode-2/data-0/containers/hdds
2021-09-23 03:28:59,916 [Listener at 127.0.0.1/43673] INFO  ozoneimpl.OzoneContainer (OzoneContainer.java:buildContainerSet(236)) - Build ContainerSet costs 0s
2021-09-23 03:28:59,918 [Listener at 127.0.0.1/43673] INFO  server.RaftServer (ConfUtils.java:logGet(44)) - raft.rpc.type = GRPC (default)
2021-09-23 03:28:59,919 [Listener at 127.0.0.1/43673] INFO  grpc.GrpcFactory (GrpcFactory.java:checkPooledByteBufAllocatorUseCacheForAllThreads(48)) - PERFORMANCE WARNING: useCacheForAllThreads is true that may cause Netty to create a lot garbage objects and, as a result, trigger GC.
	It is recommended to disable useCacheForAllThreads by setting -Dorg.apache.ratis.thirdparty.io.netty.allocator.useCacheForAllThreads=false in command line.
2021-09-23 03:28:59,919 [Listener at 127.0.0.1/43673] INFO  grpc.GrpcConfigKeys (ConfUtils.java:logGet(44)) - raft.grpc.admin.port = 0 (custom)
2021-09-23 03:28:59,919 [Listener at 127.0.0.1/43673] INFO  grpc.GrpcConfigKeys (ConfUtils.java:logGet(44)) - raft.grpc.client.port = 0 (custom)
2021-09-23 03:28:59,919 [Listener at 127.0.0.1/43673] INFO  grpc.GrpcConfigKeys (ConfUtils.java:logGet(44)) - raft.grpc.server.port = 0 (default)
2021-09-23 03:28:59,919 [Listener at 127.0.0.1/43673] INFO  server.GrpcService (ConfUtils.java:logGet(44)) - raft.grpc.message.size.max = 32MB (=33554432) (custom)
2021-09-23 03:28:59,919 [Listener at 127.0.0.1/43673] INFO  server.RaftServerConfigKeys (ConfUtils.java:logGet(44)) - raft.server.log.appender.buffer.byte-limit = 33554432 (custom)
2021-09-23 03:28:59,919 [Listener at 127.0.0.1/43673] INFO  server.GrpcService (ConfUtils.java:logGet(44)) - raft.grpc.flow.control.window = 5MB (=5242880) (custom)
2021-09-23 03:28:59,920 [Listener at 127.0.0.1/43673] INFO  server.RaftServerConfigKeys (ConfUtils.java:logGet(44)) - raft.server.rpc.request.timeout = 60s (custom)
2021-09-23 03:28:59,920 [Listener at 127.0.0.1/43673] INFO  impl.DataStreamServerImpl (ConfUtils.java:logGet(44)) - raft.datastream.type = DISABLED (default)
2021-09-23 03:28:59,924 [Listener at 127.0.0.1/43673] INFO  server.RaftServerConfigKeys (ConfUtils.java:logGet(44)) - raft.server.rpc.slowness.timeout = 300s (custom)
2021-09-23 03:28:59,925 [Listener at 127.0.0.1/43673] INFO  server.RaftServerConfigKeys (ConfUtils.java:logGet(44)) - raft.server.leaderelection.leader.step-down.wait-time = 10s (default)
2021-09-23 03:28:59,925 [Listener at 127.0.0.1/43673] INFO  server.RaftServerConfigKeys (ConfUtils.java:logGet(44)) - raft.server.storage.dir = [/home/runner/work/ozone/ozone/hadoop-ozone/integration-test/target/test-dir/MiniOzoneClusterImpl-53dd09de-9596-4e63-80fc-208f4288e982/datanode-2/data/ratis] (custom)
2021-09-23 03:28:59,928 [Listener at 127.0.0.1/43673] INFO  http.BaseHttpServer (BaseHttpServer.java:newHttpServer2BuilderForOzone(209)) - Starting Web-server for hddsDatanode at: http://0.0.0.0:0
2021-09-23 03:28:59,928 [Listener at 127.0.0.1/43673] INFO  http.BaseHttpServer (BaseHttpServer.java:<init>(107)) - Hadoop Security Enabled: false Ozone Security Enabled: false Ozone HTTP Security Enabled: false 
2021-09-23 03:28:59,929 [Listener at 127.0.0.1/43673] INFO  server.AuthenticationFilter (AuthenticationFilter.java:constructSecretProvider(240)) - Unable to initialize FileSignerSecretProvider, falling back to use random secrets.
2021-09-23 03:28:59,930 [Listener at 127.0.0.1/43673] WARN  http.HttpRequestLog (HttpRequestLog.java:getRequestLog(103)) - Jetty request log can only be enabled using Log4j
2021-09-23 03:28:59,930 [Listener at 127.0.0.1/43673] INFO  http.HttpServer2 (HttpServer2.java:addGlobalFilter(1030)) - Added global filter 'safety' (class=org.apache.hadoop.hdds.server.http.HttpServer2$QuotingInputFilter)
2021-09-23 03:28:59,931 [Listener at 127.0.0.1/43673] INFO  http.HttpServer2 (HttpServer2.java:addFilter(1006)) - Added filter static_user_filter (class=org.apache.hadoop.http.lib.StaticUserWebFilter$StaticUserFilter) to context hddsDatanode
2021-09-23 03:28:59,931 [Listener at 127.0.0.1/43673] INFO  http.HttpServer2 (HttpServer2.java:addFilter(1014)) - Added filter static_user_filter (class=org.apache.hadoop.http.lib.StaticUserWebFilter$StaticUserFilter) to context logs
2021-09-23 03:28:59,931 [Listener at 127.0.0.1/43673] INFO  http.HttpServer2 (HttpServer2.java:addFilter(1014)) - Added filter static_user_filter (class=org.apache.hadoop.http.lib.StaticUserWebFilter$StaticUserFilter) to context static
2021-09-23 03:28:59,932 [Listener at 127.0.0.1/43673] INFO  http.HttpServer2 (HttpServer2.java:bindListener(1249)) - Jetty bound to port 44353
2021-09-23 03:28:59,932 [Listener at 127.0.0.1/43673] INFO  server.Server (Server.java:doStart(375)) - jetty-9.4.43.v20210629; built: 2021-06-30T11:07:22.254Z; git: 526006ecfa3af7f1a27ef3a288e2bef7ea9dd7e8; jvm 1.8.0_292-b10
2021-09-23 03:28:59,934 [Listener at 127.0.0.1/43673] INFO  server.session (DefaultSessionIdManager.java:doStart(334)) - DefaultSessionIdManager workerName=node0
2021-09-23 03:28:59,934 [Listener at 127.0.0.1/43673] INFO  server.session (DefaultSessionIdManager.java:doStart(339)) - No SessionScavenger set, using defaults
2021-09-23 03:28:59,934 [Listener at 127.0.0.1/43673] INFO  server.session (HouseKeeper.java:startScavenging(132)) - node0 Scavenging every 660000ms
2021-09-23 03:28:59,936 [Listener at 127.0.0.1/43673] INFO  handler.ContextHandler (ContextHandler.java:doStart(915)) - Started o.e.j.s.ServletContextHandler@62e5a077{logs,/logs,file:///home/runner/work/ozone/ozone/hadoop-ozone/integration-test/target/log,AVAILABLE}
2021-09-23 03:28:59,936 [Listener at 127.0.0.1/43673] INFO  handler.ContextHandler (ContextHandler.java:doStart(915)) - Started o.e.j.s.ServletContextHandler@41969edb{static,/static,jar:file:/home/runner/.m2/repository/org/apache/ozone/hdds-container-service/1.2.0-SNAPSHOT/hdds-container-service-1.2.0-SNAPSHOT.jar!/webapps/static,AVAILABLE}
2021-09-23 03:29:00,028 [Listener at 127.0.0.1/43673] INFO  handler.ContextHandler (ContextHandler.java:doStart(915)) - Started o.e.j.w.WebAppContext@78fe3403{hddsDatanode,/,file:///tmp/jetty-0_0_0_0-44353-hdds-container-service-1_2_0-SNAPSHOT_jar-_-any-8363448859113377873/webapp/,AVAILABLE}{jar:file:/home/runner/.m2/repository/org/apache/ozone/hdds-container-service/1.2.0-SNAPSHOT/hdds-container-service-1.2.0-SNAPSHOT.jar!/webapps/hddsDatanode}
2021-09-23 03:29:00,039 [Listener at 127.0.0.1/43673] INFO  server.AbstractConnector (AbstractConnector.java:doStart(331)) - Started ServerConnector@38c405e4{HTTP/1.1, (http/1.1)}{0.0.0.0:44353}
2021-09-23 03:29:00,039 [Listener at 127.0.0.1/43673] INFO  server.Server (Server.java:doStart(415)) - Started @56181ms
2021-09-23 03:29:00,039 [Listener at 127.0.0.1/43673] WARN  impl.MetricsSystemImpl (MetricsSystemImpl.java:register(279)) - Sink prometheus already exists!
2021-09-23 03:29:00,040 [Listener at 127.0.0.1/43673] INFO  http.BaseHttpServer (BaseHttpServer.java:updateConnectorAddress(329)) - HTTP server of hddsDatanode listening at http://0.0.0.0:44353
2021-09-23 03:29:00,050 [Listener at 127.0.0.1/43673] INFO  ozone.MiniOzoneClusterImpl (MiniOzoneClusterImpl.java:lambda$waitForClusterToBeReady$0(235)) - Waiting for nodes to be ready. Got 0 of 3 DN Heartbeats.
2021-09-23 03:29:00,050 [Listener at 127.0.0.1/43673] INFO  ozone.MiniOzoneClusterImpl (MiniOzoneClusterImpl.java:lambda$waitForClusterToBeReady$0(238)) - Waiting for cluster to exit safe mode
2021-09-23 03:29:00,050 [Listener at 127.0.0.1/43673] INFO  ozone.MiniOzoneClusterImpl (MiniOzoneClusterImpl.java:lambda$waitForClusterToBeReady$0(240)) - SCM became leader
2021-09-23 03:29:00,050 [Datanode State Machine Thread - 0] INFO  statemachine.DatanodeStateMachine (DatanodeStateMachine.java:lambda$startDaemon$0(456)) - Ozone container server started.
2021-09-23 03:29:00,074 [org.apache.hadoop.util.JvmPauseMonitor$Monitor@2369fede] INFO  util.JvmPauseMonitor (JvmPauseMonitor.java:run(188)) - Starting JVM pause monitor
2021-09-23 03:29:00,088 [Datanode State Machine Task Thread - 0] INFO  datanode.InitDatanodeState (InitDatanodeState.java:persistContainerDatanodeDetails(145)) - DatanodeDetails is persisted to /home/runner/work/ozone/ozone/hadoop-ozone/integration-test/target/test-dir/MiniOzoneClusterImpl-53dd09de-9596-4e63-80fc-208f4288e982/datanode-2/meta/datanode.id
2021-09-23 03:29:01,050 [Listener at 127.0.0.1/43673] INFO  ozone.MiniOzoneClusterImpl (MiniOzoneClusterImpl.java:lambda$waitForClusterToBeReady$0(235)) - Waiting for nodes to be ready. Got 0 of 3 DN Heartbeats.
2021-09-23 03:29:01,050 [Listener at 127.0.0.1/43673] INFO  ozone.MiniOzoneClusterImpl (MiniOzoneClusterImpl.java:lambda$waitForClusterToBeReady$0(238)) - Waiting for cluster to exit safe mode
2021-09-23 03:29:01,050 [Listener at 127.0.0.1/43673] INFO  ozone.MiniOzoneClusterImpl (MiniOzoneClusterImpl.java:lambda$waitForClusterToBeReady$0(240)) - SCM became leader
2021-09-23 03:29:01,317 [EndpointStateMachine task thread for /0.0.0.0:36503 - 0 ] INFO  ozoneimpl.OzoneContainer (OzoneContainer.java:start(304)) - Attempting to start container services.
2021-09-23 03:29:01,317 [EndpointStateMachine task thread for /0.0.0.0:36503 - 0 ] INFO  ozoneimpl.OzoneContainer (OzoneContainer.java:startContainerScrub(249)) - Background container scanner has been disabled.
2021-09-23 03:29:01,319 [EndpointStateMachine task thread for /0.0.0.0:36503 - 0 ] INFO  replication.ReplicationServer (ReplicationServer.java:start(107)) - ReplicationServer is started using port 40191
2021-09-23 03:29:01,319 [EndpointStateMachine task thread for /0.0.0.0:36503 - 0 ] INFO  ratis.XceiverServerRatis (XceiverServerRatis.java:start(481)) - Starting XceiverServerRatis 9cd1aba0-3bef-48ca-b96c-00189f9f00e2
2021-09-23 03:29:01,320 [EndpointStateMachine task thread for /0.0.0.0:36503 - 0 ] INFO  server.RaftServer (RaftServerProxy.java:lambda$start$5(374)) - 9cd1aba0-3bef-48ca-b96c-00189f9f00e2: start RPC server
2021-09-23 03:29:01,327 [EndpointStateMachine task thread for /0.0.0.0:36503 - 0 ] INFO  server.GrpcService (GrpcService.java:startImpl(253)) - 9cd1aba0-3bef-48ca-b96c-00189f9f00e2: GrpcService started, listening on 41505
2021-09-23 03:29:01,327 [EndpointStateMachine task thread for /0.0.0.0:36503 - 0 ] INFO  ratis.XceiverServerRatis (XceiverServerRatis.java:getRealPort(502)) - XceiverServerRatis 9cd1aba0-3bef-48ca-b96c-00189f9f00e2 is started using port 41505 for RATIS
2021-09-23 03:29:01,327 [EndpointStateMachine task thread for /0.0.0.0:36503 - 0 ] INFO  ratis.XceiverServerRatis (XceiverServerRatis.java:getRealPort(502)) - XceiverServerRatis 9cd1aba0-3bef-48ca-b96c-00189f9f00e2 is started using port 41505 for RATIS_ADMIN
2021-09-23 03:29:01,327 [EndpointStateMachine task thread for /0.0.0.0:36503 - 0 ] INFO  ratis.XceiverServerRatis (XceiverServerRatis.java:getRealPort(502)) - XceiverServerRatis 9cd1aba0-3bef-48ca-b96c-00189f9f00e2 is started using port 41505 for RATIS_SERVER
2021-09-23 03:29:01,330 [EndpointStateMachine task thread for /0.0.0.0:36503 - 0 ] INFO  server.XceiverServerGrpc (XceiverServerGrpc.java:start(135)) - XceiverServerGrpc 9cd1aba0-3bef-48ca-b96c-00189f9f00e2 is started using port 43527
2021-09-23 03:29:01,338 [org.apache.ratis.util.JvmPauseMonitor$$Lambda$531/1321261357@1a295826] INFO  util.JvmPauseMonitor (JvmPauseMonitor.java:run(103)) - JvmPauseMonitor-9cd1aba0-3bef-48ca-b96c-00189f9f00e2: Started
2021-09-23 03:29:01,670 [EndpointStateMachine task thread for /0.0.0.0:36503 - 0 ] INFO  ozoneimpl.OzoneContainer (OzoneContainer.java:start(304)) - Attempting to start container services.
2021-09-23 03:29:01,670 [EndpointStateMachine task thread for /0.0.0.0:36503 - 0 ] INFO  ozoneimpl.OzoneContainer (OzoneContainer.java:startContainerScrub(249)) - Background container scanner has been disabled.
2021-09-23 03:29:01,672 [EndpointStateMachine task thread for /0.0.0.0:36503 - 0 ] INFO  replication.ReplicationServer (ReplicationServer.java:start(107)) - ReplicationServer is started using port 46093
2021-09-23 03:29:01,673 [EndpointStateMachine task thread for /0.0.0.0:36503 - 0 ] INFO  ratis.XceiverServerRatis (XceiverServerRatis.java:start(481)) - Starting XceiverServerRatis 768abe3e-e5a9-4d99-a987-26001157f375
2021-09-23 03:29:01,678 [EndpointStateMachine task thread for /0.0.0.0:36503 - 0 ] INFO  server.RaftServer (RaftServerProxy.java:lambda$start$5(374)) - 768abe3e-e5a9-4d99-a987-26001157f375: start RPC server
2021-09-23 03:29:01,682 [EndpointStateMachine task thread for /0.0.0.0:36503 - 0 ] INFO  server.GrpcService (GrpcService.java:startImpl(253)) - 768abe3e-e5a9-4d99-a987-26001157f375: GrpcService started, listening on 39881
2021-09-23 03:29:01,683 [EndpointStateMachine task thread for /0.0.0.0:36503 - 0 ] INFO  ratis.XceiverServerRatis (XceiverServerRatis.java:getRealPort(502)) - XceiverServerRatis 768abe3e-e5a9-4d99-a987-26001157f375 is started using port 39881 for RATIS
2021-09-23 03:29:01,683 [EndpointStateMachine task thread for /0.0.0.0:36503 - 0 ] INFO  ratis.XceiverServerRatis (XceiverServerRatis.java:getRealPort(502)) - XceiverServerRatis 768abe3e-e5a9-4d99-a987-26001157f375 is started using port 39881 for RATIS_ADMIN
2021-09-23 03:29:01,683 [EndpointStateMachine task thread for /0.0.0.0:36503 - 0 ] INFO  ratis.XceiverServerRatis (XceiverServerRatis.java:getRealPort(502)) - XceiverServerRatis 768abe3e-e5a9-4d99-a987-26001157f375 is started using port 39881 for RATIS_SERVER
2021-09-23 03:29:01,690 [EndpointStateMachine task thread for /0.0.0.0:36503 - 0 ] INFO  server.XceiverServerGrpc (XceiverServerGrpc.java:start(135)) - XceiverServerGrpc 768abe3e-e5a9-4d99-a987-26001157f375 is started using port 33617
2021-09-23 03:29:01,702 [org.apache.ratis.util.JvmPauseMonitor$$Lambda$531/1321261357@15f04933] INFO  util.JvmPauseMonitor (JvmPauseMonitor.java:run(103)) - JvmPauseMonitor-768abe3e-e5a9-4d99-a987-26001157f375: Started
2021-09-23 03:29:02,051 [Listener at 127.0.0.1/43673] INFO  ozone.MiniOzoneClusterImpl (MiniOzoneClusterImpl.java:lambda$waitForClusterToBeReady$0(235)) - Waiting for nodes to be ready. Got 0 of 3 DN Heartbeats.
2021-09-23 03:29:02,051 [Listener at 127.0.0.1/43673] INFO  ozone.MiniOzoneClusterImpl (MiniOzoneClusterImpl.java:lambda$waitForClusterToBeReady$0(238)) - Waiting for cluster to exit safe mode
2021-09-23 03:29:02,051 [Listener at 127.0.0.1/43673] INFO  ozone.MiniOzoneClusterImpl (MiniOzoneClusterImpl.java:lambda$waitForClusterToBeReady$0(240)) - SCM became leader
2021-09-23 03:29:02,109 [EndpointStateMachine task thread for /0.0.0.0:36503 - 0 ] INFO  ozoneimpl.OzoneContainer (OzoneContainer.java:start(304)) - Attempting to start container services.
2021-09-23 03:29:02,110 [EndpointStateMachine task thread for /0.0.0.0:36503 - 0 ] INFO  ozoneimpl.OzoneContainer (OzoneContainer.java:startContainerScrub(249)) - Background container scanner has been disabled.
2021-09-23 03:29:02,113 [EndpointStateMachine task thread for /0.0.0.0:36503 - 0 ] INFO  replication.ReplicationServer (ReplicationServer.java:start(107)) - ReplicationServer is started using port 35707
2021-09-23 03:29:02,113 [EndpointStateMachine task thread for /0.0.0.0:36503 - 0 ] INFO  ratis.XceiverServerRatis (XceiverServerRatis.java:start(481)) - Starting XceiverServerRatis e7dc5bb2-1c20-468e-bb9f-5c6a91a907f2
2021-09-23 03:29:02,117 [EndpointStateMachine task thread for /0.0.0.0:36503 - 0 ] INFO  server.RaftServer (RaftServerProxy.java:lambda$start$5(374)) - e7dc5bb2-1c20-468e-bb9f-5c6a91a907f2: start RPC server
2021-09-23 03:29:02,118 [EndpointStateMachine task thread for /0.0.0.0:36503 - 0 ] INFO  server.GrpcService (GrpcService.java:startImpl(253)) - e7dc5bb2-1c20-468e-bb9f-5c6a91a907f2: GrpcService started, listening on 38093
2021-09-23 03:29:02,118 [EndpointStateMachine task thread for /0.0.0.0:36503 - 0 ] INFO  ratis.XceiverServerRatis (XceiverServerRatis.java:getRealPort(502)) - XceiverServerRatis e7dc5bb2-1c20-468e-bb9f-5c6a91a907f2 is started using port 38093 for RATIS
2021-09-23 03:29:02,118 [EndpointStateMachine task thread for /0.0.0.0:36503 - 0 ] INFO  ratis.XceiverServerRatis (XceiverServerRatis.java:getRealPort(502)) - XceiverServerRatis e7dc5bb2-1c20-468e-bb9f-5c6a91a907f2 is started using port 38093 for RATIS_ADMIN
2021-09-23 03:29:02,118 [EndpointStateMachine task thread for /0.0.0.0:36503 - 0 ] INFO  ratis.XceiverServerRatis (XceiverServerRatis.java:getRealPort(502)) - XceiverServerRatis e7dc5bb2-1c20-468e-bb9f-5c6a91a907f2 is started using port 38093 for RATIS_SERVER
2021-09-23 03:29:02,123 [EndpointStateMachine task thread for /0.0.0.0:36503 - 0 ] INFO  server.XceiverServerGrpc (XceiverServerGrpc.java:start(135)) - XceiverServerGrpc e7dc5bb2-1c20-468e-bb9f-5c6a91a907f2 is started using port 38481
2021-09-23 03:29:02,124 [org.apache.ratis.util.JvmPauseMonitor$$Lambda$531/1321261357@25e6c4ca] INFO  util.JvmPauseMonitor (JvmPauseMonitor.java:run(103)) - JvmPauseMonitor-e7dc5bb2-1c20-468e-bb9f-5c6a91a907f2: Started
2021-09-23 03:29:03,051 [Listener at 127.0.0.1/43673] INFO  ozone.MiniOzoneClusterImpl (MiniOzoneClusterImpl.java:lambda$waitForClusterToBeReady$0(235)) - Waiting for nodes to be ready. Got 0 of 3 DN Heartbeats.
2021-09-23 03:29:03,051 [Listener at 127.0.0.1/43673] INFO  ozone.MiniOzoneClusterImpl (MiniOzoneClusterImpl.java:lambda$waitForClusterToBeReady$0(238)) - Waiting for cluster to exit safe mode
2021-09-23 03:29:03,051 [Listener at 127.0.0.1/43673] INFO  ozone.MiniOzoneClusterImpl (MiniOzoneClusterImpl.java:lambda$waitForClusterToBeReady$0(240)) - SCM became leader
2021-09-23 03:29:03,288 [IPC Server handler 1 on default port 36503] INFO  net.NetworkTopologyImpl (NetworkTopologyImpl.java:add(112)) - Added a new node: /default-rack/9cd1aba0-3bef-48ca-b96c-00189f9f00e2
2021-09-23 03:29:03,288 [IPC Server handler 1 on default port 36503] INFO  node.SCMNodeManager (SCMNodeManager.java:register(389)) - Registered Data node : 9cd1aba0-3bef-48ca-b96c-00189f9f00e2{ip: 10.1.0.98, host: fv-az50-49.grzltbmokehuzjyc5b133kdqgh.cx.internal.cloudapp.net, ports: [REPLICATION=40191, RATIS=41505, RATIS_ADMIN=41505, RATIS_SERVER=41505, STANDALONE=43527], networkLocation: /default-rack, certSerialId: null, persistedOpState: null, persistedOpStateExpiryEpochSec: 0}
2021-09-23 03:29:03,291 [EventQueue-NodeRegistrationContainerReportForDataNodeSafeModeRule] INFO  safemode.SCMSafeModeManager (DataNodeSafeModeRule.java:process(71)) - SCM in safe mode. 1 DataNodes registered, 3 required.
2021-09-23 03:29:03,291 [EventQueue-NodeRegistrationContainerReportForContainerSafeModeRule] INFO  safemode.SCMSafeModeManager (SCMSafeModeManager.java:validateSafeModeExitRules(204)) - ContainerSafeModeRule rule is successfully validated
2021-09-23 03:29:03,302 [EventQueue-NewNodeForNewNodeHandler] INFO  pipeline.BackgroundPipelineCreator (BackgroundPipelineCreatorV2.java:notifyEventTriggered(285)) - trigger a one-shot run on RatisPipelineUtilsThread.
2021-09-23 03:29:03,303 [RatisPipelineUtilsThread - 0] INFO  pipeline.RatisPipelineProvider (RatisPipelineProvider.java:lambda$create$0(183)) - Sending CreatePipelineCommand for pipeline:PipelineID=e1bf4ab7-0b4e-4393-ae74-893c6f4e4145 to datanode:9cd1aba0-3bef-48ca-b96c-00189f9f00e2
2021-09-23 03:29:03,303 [EventQueue-PipelineReportForOneReplicaPipelineSafeModeRule] INFO  safemode.SCMSafeModeManager (SCMSafeModeManager.java:validateSafeModeExitRules(204)) - AtleastOneDatanodeReportedRule rule is successfully validated
2021-09-23 03:29:03,304 [RatisPipelineUtilsThread - 0] INFO  pipeline.PipelineStateManager (PipelineStateManagerV2Impl.java:addPipeline(101)) - Created pipeline Pipeline[ Id: e1bf4ab7-0b4e-4393-ae74-893c6f4e4145, Nodes: 9cd1aba0-3bef-48ca-b96c-00189f9f00e2{ip: 10.1.0.98, host: fv-az50-49.grzltbmokehuzjyc5b133kdqgh.cx.internal.cloudapp.net, ports: [REPLICATION=40191, RATIS=41505, RATIS_ADMIN=41505, RATIS_SERVER=41505, STANDALONE=43527], networkLocation: /default-rack, certSerialId: null, persistedOpState: IN_SERVICE, persistedOpStateExpiryEpochSec: 0}, ReplicationConfig: RATIS/ONE, State:ALLOCATED, leaderId:, CreationTimestamp2021-09-23T03:29:03.303Z[Etc/UTC]].
2021-09-23 03:29:03,652 [IPC Server handler 2 on default port 36503] INFO  net.NetworkTopologyImpl (NetworkTopologyImpl.java:add(112)) - Added a new node: /default-rack/768abe3e-e5a9-4d99-a987-26001157f375
2021-09-23 03:29:03,652 [IPC Server handler 2 on default port 36503] INFO  node.SCMNodeManager (SCMNodeManager.java:register(389)) - Registered Data node : 768abe3e-e5a9-4d99-a987-26001157f375{ip: 10.1.0.98, host: fv-az50-49.grzltbmokehuzjyc5b133kdqgh.cx.internal.cloudapp.net, ports: [REPLICATION=46093, RATIS=39881, RATIS_ADMIN=39881, RATIS_SERVER=39881, STANDALONE=33617], networkLocation: /default-rack, certSerialId: null, persistedOpState: null, persistedOpStateExpiryEpochSec: 0}
2021-09-23 03:29:03,652 [EventQueue-NewNodeForNewNodeHandler] INFO  pipeline.BackgroundPipelineCreator (BackgroundPipelineCreatorV2.java:notifyEventTriggered(285)) - trigger a one-shot run on RatisPipelineUtilsThread.
2021-09-23 03:29:03,660 [RatisPipelineUtilsThread - 0] INFO  pipeline.RatisPipelineProvider (RatisPipelineProvider.java:lambda$create$0(183)) - Sending CreatePipelineCommand for pipeline:PipelineID=739077f9-6383-419b-9eb4-d09fb9a7b916 to datanode:768abe3e-e5a9-4d99-a987-26001157f375
2021-09-23 03:29:03,661 [RatisPipelineUtilsThread - 0] INFO  pipeline.PipelineStateManager (PipelineStateManagerV2Impl.java:addPipeline(101)) - Created pipeline Pipeline[ Id: 739077f9-6383-419b-9eb4-d09fb9a7b916, Nodes: 768abe3e-e5a9-4d99-a987-26001157f375{ip: 10.1.0.98, host: fv-az50-49.grzltbmokehuzjyc5b133kdqgh.cx.internal.cloudapp.net, ports: [REPLICATION=46093, RATIS=39881, RATIS_ADMIN=39881, RATIS_SERVER=39881, STANDALONE=33617], networkLocation: /default-rack, certSerialId: null, persistedOpState: IN_SERVICE, persistedOpStateExpiryEpochSec: 0}, ReplicationConfig: RATIS/ONE, State:ALLOCATED, leaderId:, CreationTimestamp2021-09-23T03:29:03.660Z[Etc/UTC]].
2021-09-23 03:29:03,674 [EventQueue-NodeRegistrationContainerReportForDataNodeSafeModeRule] INFO  safemode.SCMSafeModeManager (DataNodeSafeModeRule.java:process(71)) - SCM in safe mode. 2 DataNodes registered, 3 required.
2021-09-23 03:29:04,052 [Listener at 127.0.0.1/43673] INFO  ozone.MiniOzoneClusterImpl (MiniOzoneClusterImpl.java:lambda$waitForClusterToBeReady$0(235)) - Waiting for nodes to be ready. Got 2 of 3 DN Heartbeats.
2021-09-23 03:29:04,053 [Listener at 127.0.0.1/43673] INFO  ozone.MiniOzoneClusterImpl (MiniOzoneClusterImpl.java:lambda$waitForClusterToBeReady$0(238)) - Waiting for cluster to exit safe mode
2021-09-23 03:29:04,053 [Listener at 127.0.0.1/43673] INFO  ozone.MiniOzoneClusterImpl (MiniOzoneClusterImpl.java:lambda$waitForClusterToBeReady$0(240)) - SCM became leader
2021-09-23 03:29:04,079 [IPC Server handler 0 on default port 36503] INFO  net.NetworkTopologyImpl (NetworkTopologyImpl.java:add(112)) - Added a new node: /default-rack/e7dc5bb2-1c20-468e-bb9f-5c6a91a907f2
2021-09-23 03:29:04,080 [IPC Server handler 0 on default port 36503] INFO  node.SCMNodeManager (SCMNodeManager.java:register(389)) - Registered Data node : e7dc5bb2-1c20-468e-bb9f-5c6a91a907f2{ip: 10.1.0.98, host: fv-az50-49.grzltbmokehuzjyc5b133kdqgh.cx.internal.cloudapp.net, ports: [REPLICATION=35707, RATIS=38093, RATIS_ADMIN=38093, RATIS_SERVER=38093, STANDALONE=38481], networkLocation: /default-rack, certSerialId: null, persistedOpState: null, persistedOpStateExpiryEpochSec: 0}
2021-09-23 03:29:04,080 [EventQueue-NewNodeForNewNodeHandler] INFO  pipeline.BackgroundPipelineCreator (BackgroundPipelineCreatorV2.java:notifyEventTriggered(285)) - trigger a one-shot run on RatisPipelineUtilsThread.
2021-09-23 03:29:04,080 [RatisPipelineUtilsThread - 0] INFO  pipeline.RatisPipelineProvider (RatisPipelineProvider.java:lambda$create$0(183)) - Sending CreatePipelineCommand for pipeline:PipelineID=1c3c92d9-14a1-49d6-a768-889e418f68ca to datanode:e7dc5bb2-1c20-468e-bb9f-5c6a91a907f2
2021-09-23 03:29:04,081 [RatisPipelineUtilsThread - 0] INFO  pipeline.PipelineStateManager (PipelineStateManagerV2Impl.java:addPipeline(101)) - Created pipeline Pipeline[ Id: 1c3c92d9-14a1-49d6-a768-889e418f68ca, Nodes: e7dc5bb2-1c20-468e-bb9f-5c6a91a907f2{ip: 10.1.0.98, host: fv-az50-49.grzltbmokehuzjyc5b133kdqgh.cx.internal.cloudapp.net, ports: [REPLICATION=35707, RATIS=38093, RATIS_ADMIN=38093, RATIS_SERVER=38093, STANDALONE=38481], networkLocation: /default-rack, certSerialId: null, persistedOpState: IN_SERVICE, persistedOpStateExpiryEpochSec: 0}, ReplicationConfig: RATIS/ONE, State:ALLOCATED, leaderId:, CreationTimestamp2021-09-23T03:29:04.080Z[Etc/UTC]].
2021-09-23 03:29:04,090 [EventQueue-NodeRegistrationContainerReportForDataNodeSafeModeRule] INFO  safemode.SCMSafeModeManager (DataNodeSafeModeRule.java:process(71)) - SCM in safe mode. 3 DataNodes registered, 3 required.
2021-09-23 03:29:04,090 [EventQueue-NodeRegistrationContainerReportForDataNodeSafeModeRule] INFO  safemode.SCMSafeModeManager (SCMSafeModeManager.java:validateSafeModeExitRules(204)) - DataNodeSafeModeRule rule is successfully validated
2021-09-23 03:29:04,090 [EventQueue-NodeRegistrationContainerReportForDataNodeSafeModeRule] INFO  safemode.SCMSafeModeManager (SCMSafeModeManager.java:completePreCheck(233)) - All SCM safe mode pre check rules have passed
2021-09-23 03:29:04,090 [EventQueue-NodeRegistrationContainerReportForDataNodeSafeModeRule] WARN  events.EventQueue (EventQueue.java:fireEvent(194)) - No event handler registered for event TypedEvent{payloadType=SafeModeStatus, name='Safe mode status'}
2021-09-23 03:29:04,090 [EventQueue-NodeRegistrationContainerReportForDataNodeSafeModeRule] INFO  ha.SCMContext (SCMContext.java:updateSafeModeStatus(205)) - Update SafeModeStatus from SafeModeStatus{safeModeStatus=true, preCheckPassed=false} to SafeModeStatus{safeModeStatus=true, preCheckPassed=true}.
2021-09-23 03:29:04,090 [EventQueue-NodeRegistrationContainerReportForDataNodeSafeModeRule] INFO  pipeline.BackgroundPipelineCreator (BackgroundPipelineCreatorV2.java:notifyEventTriggered(285)) - trigger a one-shot run on RatisPipelineUtilsThread.
2021-09-23 03:29:04,091 [RatisPipelineUtilsThread - 0] INFO  pipeline.RatisPipelineProvider (RatisPipelineProvider.java:lambda$create$0(183)) - Sending CreatePipelineCommand for pipeline:PipelineID=7eba5817-37da-440e-a4b8-2d5ede50c6dc to datanode:e7dc5bb2-1c20-468e-bb9f-5c6a91a907f2
2021-09-23 03:29:04,092 [RatisPipelineUtilsThread - 0] INFO  pipeline.RatisPipelineProvider (RatisPipelineProvider.java:lambda$create$0(183)) - Sending CreatePipelineCommand for pipeline:PipelineID=7eba5817-37da-440e-a4b8-2d5ede50c6dc to datanode:9cd1aba0-3bef-48ca-b96c-00189f9f00e2
2021-09-23 03:29:04,092 [RatisPipelineUtilsThread - 0] INFO  pipeline.RatisPipelineProvider (RatisPipelineProvider.java:lambda$create$0(183)) - Sending CreatePipelineCommand for pipeline:PipelineID=7eba5817-37da-440e-a4b8-2d5ede50c6dc to datanode:768abe3e-e5a9-4d99-a987-26001157f375
2021-09-23 03:29:04,096 [RatisPipelineUtilsThread - 0] INFO  pipeline.PipelineStateManager (PipelineStateManagerV2Impl.java:addPipeline(101)) - Created pipeline Pipeline[ Id: 7eba5817-37da-440e-a4b8-2d5ede50c6dc, Nodes: e7dc5bb2-1c20-468e-bb9f-5c6a91a907f2{ip: 10.1.0.98, host: fv-az50-49.grzltbmokehuzjyc5b133kdqgh.cx.internal.cloudapp.net, ports: [REPLICATION=35707, RATIS=38093, RATIS_ADMIN=38093, RATIS_SERVER=38093, STANDALONE=38481], networkLocation: /default-rack, certSerialId: null, persistedOpState: IN_SERVICE, persistedOpStateExpiryEpochSec: 0}9cd1aba0-3bef-48ca-b96c-00189f9f00e2{ip: 10.1.0.98, host: fv-az50-49.grzltbmokehuzjyc5b133kdqgh.cx.internal.cloudapp.net, ports: [REPLICATION=40191, RATIS=41505, RATIS_ADMIN=41505, RATIS_SERVER=41505, STANDALONE=43527], networkLocation: /default-rack, certSerialId: null, persistedOpState: IN_SERVICE, persistedOpStateExpiryEpochSec: 0}768abe3e-e5a9-4d99-a987-26001157f375{ip: 10.1.0.98, host: fv-az50-49.grzltbmokehuzjyc5b133kdqgh.cx.internal.cloudapp.net, ports: [REPLICATION=46093, RATIS=39881, RATIS_ADMIN=39881, RATIS_SERVER=39881, STANDALONE=33617], networkLocation: /default-rack, certSerialId: null, persistedOpState: IN_SERVICE, persistedOpStateExpiryEpochSec: 0}, ReplicationConfig: RATIS/THREE, State:ALLOCATED, leaderId:, CreationTimestamp2021-09-23T03:29:04.091Z[Etc/UTC]].
2021-09-23 03:29:05,053 [Listener at 127.0.0.1/43673] INFO  ozone.MiniOzoneClusterImpl (MiniOzoneClusterImpl.java:lambda$waitForClusterToBeReady$0(235)) - Nodes are ready. Got 3 of 3 DN Heartbeats.
2021-09-23 03:29:05,053 [Listener at 127.0.0.1/43673] INFO  ozone.MiniOzoneClusterImpl (MiniOzoneClusterImpl.java:lambda$waitForClusterToBeReady$0(238)) - Waiting for cluster to exit safe mode
2021-09-23 03:29:05,053 [Listener at 127.0.0.1/43673] INFO  ozone.MiniOzoneClusterImpl (MiniOzoneClusterImpl.java:lambda$waitForClusterToBeReady$0(240)) - SCM became leader
2021-09-23 03:29:06,053 [Listener at 127.0.0.1/43673] INFO  ozone.MiniOzoneClusterImpl (MiniOzoneClusterImpl.java:lambda$waitForClusterToBeReady$0(235)) - Nodes are ready. Got 3 of 3 DN Heartbeats.
2021-09-23 03:29:06,054 [Listener at 127.0.0.1/43673] INFO  ozone.MiniOzoneClusterImpl (MiniOzoneClusterImpl.java:lambda$waitForClusterToBeReady$0(238)) - Waiting for cluster to exit safe mode
2021-09-23 03:29:06,054 [Listener at 127.0.0.1/43673] INFO  ozone.MiniOzoneClusterImpl (MiniOzoneClusterImpl.java:lambda$waitForClusterToBeReady$0(240)) - SCM became leader
2021-09-23 03:29:06,287 [Command processor thread] INFO  server.RaftServer (RaftServerProxy.java:addNew(95)) - 9cd1aba0-3bef-48ca-b96c-00189f9f00e2: addNew group-893C6F4E4145:[9cd1aba0-3bef-48ca-b96c-00189f9f00e2|rpc:10.1.0.98:41505|priority:1] returns group-893C6F4E4145:java.util.concurrent.CompletableFuture@14193d45[Not completed]
2021-09-23 03:29:06,300 [pool-226-thread-1] INFO  server.RaftServer$Division (RaftServerImpl.java:<init>(181)) - 9cd1aba0-3bef-48ca-b96c-00189f9f00e2: new RaftServerImpl for group-893C6F4E4145:[9cd1aba0-3bef-48ca-b96c-00189f9f00e2|rpc:10.1.0.98:41505|priority:1] with ContainerStateMachine:uninitialized
2021-09-23 03:29:06,302 [pool-226-thread-1] INFO  server.RaftServerConfigKeys (ConfUtils.java:logGet(44)) - raft.server.rpc.timeout.min = 5s (custom)
2021-09-23 03:29:06,302 [pool-226-thread-1] INFO  server.RaftServerConfigKeys (ConfUtils.java:logGet(44)) - raft.server.rpc.timeout.max = 5200ms (custom)
2021-09-23 03:29:06,302 [pool-226-thread-1] INFO  server.RaftServerConfigKeys (ConfUtils.java:logGet(44)) - raft.server.rpc.sleep.time = 25ms (default)
2021-09-23 03:29:06,302 [pool-226-thread-1] INFO  server.RaftServerConfigKeys (ConfUtils.java:logGet(44)) - raft.server.rpc.slowness.timeout = 300s (custom)
2021-09-23 03:29:06,302 [pool-226-thread-1] INFO  server.RaftServerConfigKeys (ConfUtils.java:logGet(44)) - raft.server.leaderelection.leader.step-down.wait-time = 10s (default)
2021-09-23 03:29:06,302 [pool-226-thread-1] INFO  server.RaftServerConfigKeys (ConfUtils.java:logGet(44)) - raft.server.sleep.deviation.threshold = 300ms (default)
2021-09-23 03:29:06,302 [pool-226-thread-1] INFO  server.RaftServerConfigKeys (ConfUtils.java:logGet(44)) - raft.server.log.appender.install.snapshot.enabled = false (custom)
2021-09-23 03:29:06,302 [pool-226-thread-1] INFO  server.RaftServer$Division (ServerState.java:<init>(105)) - 9cd1aba0-3bef-48ca-b96c-00189f9f00e2@group-893C6F4E4145: ConfigurationManager, init=-1: [9cd1aba0-3bef-48ca-b96c-00189f9f00e2|rpc:10.1.0.98:41505|priority:1], old=null, confs=<EMPTY_MAP>
2021-09-23 03:29:06,302 [pool-226-thread-1] INFO  server.RaftServerConfigKeys (ConfUtils.java:logGet(44)) - raft.server.storage.dir = [/home/runner/work/ozone/ozone/hadoop-ozone/integration-test/target/test-dir/MiniOzoneClusterImpl-53dd09de-9596-4e63-80fc-208f4288e982/datanode-0/data/ratis] (custom)
2021-09-23 03:29:06,302 [pool-226-thread-1] INFO  server.RaftServerConfigKeys (ConfUtils.java:logGet(44)) - raft.server.log.corruption.policy = EXCEPTION (default)
2021-09-23 03:29:06,302 [pool-226-thread-1] INFO  server.RaftServerConfigKeys (ConfUtils.java:logGet(44)) - raft.server.storage.free-space.min = 0MB (=0) (default)
2021-09-23 03:29:06,303 [pool-226-thread-1] INFO  storage.RaftStorageDirectory (RaftStorageDirectoryImpl.java:analyzeStorage(135)) - The storage directory /home/runner/work/ozone/ozone/hadoop-ozone/integration-test/target/test-dir/MiniOzoneClusterImpl-53dd09de-9596-4e63-80fc-208f4288e982/datanode-0/data/ratis/e1bf4ab7-0b4e-4393-ae74-893c6f4e4145 does not exist. Creating ...
2021-09-23 03:29:06,306 [pool-226-thread-1] INFO  storage.RaftStorageDirectory (RaftStorageDirectoryImpl.java:tryLock(230)) - Lock on /home/runner/work/ozone/ozone/hadoop-ozone/integration-test/target/test-dir/MiniOzoneClusterImpl-53dd09de-9596-4e63-80fc-208f4288e982/datanode-0/data/ratis/e1bf4ab7-0b4e-4393-ae74-893c6f4e4145/in_use.lock acquired by nodename 7136@fv-az50-49
2021-09-23 03:29:06,314 [pool-226-thread-1] INFO  storage.RaftStorage (RaftStorageImpl.java:format(89)) - Storage directory /home/runner/work/ozone/ozone/hadoop-ozone/integration-test/target/test-dir/MiniOzoneClusterImpl-53dd09de-9596-4e63-80fc-208f4288e982/datanode-0/data/ratis/e1bf4ab7-0b4e-4393-ae74-893c6f4e4145 has been successfully formatted.
2021-09-23 03:29:06,326 [pool-226-thread-1] INFO  ratis.ContainerStateMachine (ContainerStateMachine.java:loadSnapshot(224)) - group-893C6F4E4145: The snapshot info is null. Setting the last applied indexto:(t:0, i:~)
2021-09-23 03:29:06,326 [Datanode State Machine Thread - 0] WARN  statemachine.StateContext (StateContext.java:execute(621)) - No available thread in pool for past 1 seconds.
2021-09-23 03:29:06,326 [pool-226-thread-1] INFO  server.RaftServerConfigKeys (ConfUtils.java:logGet(44)) - raft.server.notification.no-leader.timeout = 300s (custom)
2021-09-23 03:29:06,326 [pool-226-thread-1] INFO  server.RaftServerConfigKeys (ConfUtils.java:logGet(44)) - raft.server.log.use.memory = false (default)
2021-09-23 03:29:06,326 [pool-226-thread-1] INFO  server.RaftServerConfigKeys (ConfUtils.java:logGet(44)) - raft.server.log.purge.gap = 1000000 (custom)
2021-09-23 03:29:06,326 [pool-226-thread-1] INFO  server.RaftServerConfigKeys (ConfUtils.java:logGet(44)) - raft.server.log.appender.buffer.byte-limit = 33554432 (custom)
2021-09-23 03:29:06,326 [pool-226-thread-1] INFO  server.RaftServerConfigKeys (ConfUtils.java:logGet(44)) - raft.server.log.segment.size.max = 1048576 (custom)
2021-09-23 03:29:06,327 [pool-226-thread-1] INFO  server.RaftServerConfigKeys (ConfUtils.java:logGet(44)) - raft.server.log.segment.cache.num.max = 2 (custom)
2021-09-23 03:29:06,327 [pool-226-thread-1] INFO  server.RaftServerConfigKeys (ConfUtils.java:logGet(44)) - raft.server.log.segment.cache.size.max = 200MB (=209715200) (default)
2021-09-23 03:29:06,327 [pool-226-thread-1] INFO  segmented.SegmentedRaftLogWorker (SegmentedRaftLogWorker.java:<init>(182)) - new 9cd1aba0-3bef-48ca-b96c-00189f9f00e2@group-893C6F4E4145-SegmentedRaftLogWorker for RaftStorageImpl:Storage Directory /home/runner/work/ozone/ozone/hadoop-ozone/integration-test/target/test-dir/MiniOzoneClusterImpl-53dd09de-9596-4e63-80fc-208f4288e982/datanode-0/data/ratis/e1bf4ab7-0b4e-4393-ae74-893c6f4e4145
2021-09-23 03:29:06,327 [pool-226-thread-1] INFO  server.RaftServerConfigKeys (ConfUtils.java:logGet(44)) - raft.server.log.queue.byte-limit = 2147483647 (custom)
2021-09-23 03:29:06,327 [pool-226-thread-1] INFO  server.RaftServerConfigKeys (ConfUtils.java:logGet(44)) - raft.server.log.queue.element-limit = 1024 (custom)
2021-09-23 03:29:06,327 [pool-226-thread-1] INFO  server.RaftServerConfigKeys (ConfUtils.java:logGet(44)) - raft.server.log.segment.size.max = 1048576 (custom)
2021-09-23 03:29:06,327 [pool-226-thread-1] INFO  server.RaftServerConfigKeys (ConfUtils.java:logGet(44)) - raft.server.log.preallocated.size = 16384 (custom)
2021-09-23 03:29:06,327 [pool-226-thread-1] INFO  server.RaftServerConfigKeys (ConfUtils.java:logGet(44)) - raft.server.log.force.sync.num = 128 (default)
2021-09-23 03:29:06,327 [pool-226-thread-1] INFO  server.RaftServerConfigKeys (ConfUtils.java:logGet(44)) - raft.server.log.statemachine.data.sync = true (default)
2021-09-23 03:29:06,327 [pool-226-thread-1] INFO  server.RaftServerConfigKeys (ConfUtils.java:logGet(44)) - raft.server.log.statemachine.data.sync.timeout = 10s (default)
2021-09-23 03:29:06,327 [pool-226-thread-1] INFO  server.RaftServerConfigKeys (ConfUtils.java:logGet(44)) - raft.server.log.statemachine.data.sync.timeout.retry = -1 (default)
2021-09-23 03:29:06,328 [pool-226-thread-1] INFO  server.RaftServerConfigKeys (ConfUtils.java:logGet(44)) - raft.server.log.write.buffer.size = 1048576 (custom)
2021-09-23 03:29:06,329 [pool-226-thread-1] INFO  server.RaftServerConfigKeys (ConfUtils.java:logGet(44)) - raft.server.log.statemachine.data.caching.enabled = true (custom)
2021-09-23 03:29:06,329 [pool-226-thread-1] INFO  segmented.SegmentedRaftLogWorker (SegmentedRaftLogWorker.java:lambda$new$0(133)) - 9cd1aba0-3bef-48ca-b96c-00189f9f00e2@group-893C6F4E4145-SegmentedRaftLogWorker: flushIndex: setUnconditionally 0 -> -1
2021-09-23 03:29:06,329 [pool-226-thread-1] INFO  segmented.SegmentedRaftLogWorker (SegmentedRaftLogWorker.java:lambda$new$0(133)) - 9cd1aba0-3bef-48ca-b96c-00189f9f00e2@group-893C6F4E4145-SegmentedRaftLogWorker: safeCacheEvictIndex: setUnconditionally 0 -> -1
2021-09-23 03:29:06,330 [EventQueue-PipelineReportForPipelineReportHandler] INFO  pipeline.PipelineManagerImpl (PipelineManagerImpl.java:openPipeline(282)) - Pipeline Pipeline[ Id: e1bf4ab7-0b4e-4393-ae74-893c6f4e4145, Nodes: 9cd1aba0-3bef-48ca-b96c-00189f9f00e2{ip: 10.1.0.98, host: fv-az50-49.grzltbmokehuzjyc5b133kdqgh.cx.internal.cloudapp.net, ports: [REPLICATION=40191, RATIS=41505, RATIS_ADMIN=41505, RATIS_SERVER=41505, STANDALONE=43527], networkLocation: /default-rack, certSerialId: null, persistedOpState: IN_SERVICE, persistedOpStateExpiryEpochSec: 0}, ReplicationConfig: RATIS/ONE, State:ALLOCATED, leaderId:9cd1aba0-3bef-48ca-b96c-00189f9f00e2, CreationTimestamp2021-09-23T03:29:03.303Z[Etc/UTC]] moved to OPEN state
2021-09-23 03:29:06,347 [pool-226-thread-1] INFO  server.RaftServerConfigKeys (ConfUtils.java:logGet(44)) - raft.server.snapshot.auto.trigger.enabled = true (custom)
2021-09-23 03:29:06,347 [pool-226-thread-1] INFO  server.RaftServerConfigKeys (ConfUtils.java:logGet(44)) - raft.server.snapshot.auto.trigger.threshold = 10000 (custom)
2021-09-23 03:29:06,347 [pool-226-thread-1] INFO  server.RaftServerConfigKeys (ConfUtils.java:logGet(44)) - raft.server.snapshot.retention.file.num = 5 (custom)
2021-09-23 03:29:06,347 [pool-226-thread-1] INFO  server.RaftServerConfigKeys (ConfUtils.java:logGet(44)) - raft.server.log.purge.upto.snapshot.index = false (default)
2021-09-23 03:29:06,347 [pool-226-thread-1] INFO  server.RaftServerConfigKeys (ConfUtils.java:logGet(44)) - raft.server.retrycache.expirytime = 600000ms (custom)
2021-09-23 03:29:06,347 [pool-226-thread-1] INFO  server.RaftServerConfigKeys (ConfUtils.java:logGet(44)) - raft.server.retrycache.statistics.expirytime = 100μs (default)
2021-09-23 03:29:06,348 [pool-226-thread-1] INFO  server.RaftServer$Division (RaftServerImpl.java:start(296)) - 9cd1aba0-3bef-48ca-b96c-00189f9f00e2@group-893C6F4E4145: start as a follower, conf=-1: [9cd1aba0-3bef-48ca-b96c-00189f9f00e2|rpc:10.1.0.98:41505|priority:1], old=null
2021-09-23 03:29:06,374 [pool-226-thread-1] INFO  server.RaftServer$Division (RaftServerImpl.java:setRole(285)) - 9cd1aba0-3bef-48ca-b96c-00189f9f00e2@group-893C6F4E4145: changes role from      null to FOLLOWER at term 0 for startAsFollower
2021-09-23 03:29:06,374 [pool-226-thread-1] INFO  impl.RoleInfo (RoleInfo.java:updateAndGet(130)) - 9cd1aba0-3bef-48ca-b96c-00189f9f00e2: start 9cd1aba0-3bef-48ca-b96c-00189f9f00e2@group-893C6F4E4145-FollowerState
2021-09-23 03:29:06,378 [pool-226-thread-1] INFO  util.JmxRegister (JmxRegister.java:tryRegister(44)) - Successfully registered JMX Bean with object name Ratis:service=RaftServer,group=group-893C6F4E4145,id=9cd1aba0-3bef-48ca-b96c-00189f9f00e2
2021-09-23 03:29:06,386 [Command processor thread] INFO  ratis.XceiverServerRatis (XceiverServerRatis.java:addGroup(762)) - Created group PipelineID=e1bf4ab7-0b4e-4393-ae74-893c6f4e4145
2021-09-23 03:29:06,392 [Command processor thread] INFO  commandhandler.CreatePipelineCommandHandler (CreatePipelineCommandHandler.java:handle(106)) - Created Pipeline RATIS ONE PipelineID=e1bf4ab7-0b4e-4393-ae74-893c6f4e4145.
2021-09-23 03:29:06,392 [Command processor thread] INFO  server.RaftServer (RaftServerProxy.java:addNew(95)) - 9cd1aba0-3bef-48ca-b96c-00189f9f00e2: addNew group-2D5EDE50C6DC:[e7dc5bb2-1c20-468e-bb9f-5c6a91a907f2|rpc:10.1.0.98:38093|priority:0, 9cd1aba0-3bef-48ca-b96c-00189f9f00e2|rpc:10.1.0.98:41505|priority:0, 768abe3e-e5a9-4d99-a987-26001157f375|rpc:10.1.0.98:39881|priority:1] returns group-2D5EDE50C6DC:java.util.concurrent.CompletableFuture@1026bb1e[Not completed]
2021-09-23 03:29:06,393 [pool-226-thread-1] INFO  server.RaftServer$Division (RaftServerImpl.java:<init>(181)) - 9cd1aba0-3bef-48ca-b96c-00189f9f00e2: new RaftServerImpl for group-2D5EDE50C6DC:[e7dc5bb2-1c20-468e-bb9f-5c6a91a907f2|rpc:10.1.0.98:38093|priority:0, 9cd1aba0-3bef-48ca-b96c-00189f9f00e2|rpc:10.1.0.98:41505|priority:0, 768abe3e-e5a9-4d99-a987-26001157f375|rpc:10.1.0.98:39881|priority:1] with ContainerStateMachine:uninitialized
2021-09-23 03:29:06,393 [pool-226-thread-1] INFO  server.RaftServerConfigKeys (ConfUtils.java:logGet(44)) - raft.server.rpc.timeout.min = 5s (custom)
2021-09-23 03:29:06,393 [pool-226-thread-1] INFO  server.RaftServerConfigKeys (ConfUtils.java:logGet(44)) - raft.server.rpc.timeout.max = 5200ms (custom)
2021-09-23 03:29:06,393 [pool-226-thread-1] INFO  server.RaftServerConfigKeys (ConfUtils.java:logGet(44)) - raft.server.rpc.sleep.time = 25ms (default)
2021-09-23 03:29:06,393 [pool-226-thread-1] INFO  server.RaftServerConfigKeys (ConfUtils.java:logGet(44)) - raft.server.rpc.slowness.timeout = 300s (custom)
2021-09-23 03:29:06,393 [pool-226-thread-1] INFO  server.RaftServerConfigKeys (ConfUtils.java:logGet(44)) - raft.server.leaderelection.leader.step-down.wait-time = 10s (default)
2021-09-23 03:29:06,393 [pool-226-thread-1] INFO  server.RaftServerConfigKeys (ConfUtils.java:logGet(44)) - raft.server.sleep.deviation.threshold = 300ms (default)
2021-09-23 03:29:06,393 [pool-226-thread-1] INFO  server.RaftServerConfigKeys (ConfUtils.java:logGet(44)) - raft.server.log.appender.install.snapshot.enabled = false (custom)
2021-09-23 03:29:06,393 [pool-226-thread-1] INFO  server.RaftServer$Division (ServerState.java:<init>(105)) - 9cd1aba0-3bef-48ca-b96c-00189f9f00e2@group-2D5EDE50C6DC: ConfigurationManager, init=-1: [e7dc5bb2-1c20-468e-bb9f-5c6a91a907f2|rpc:10.1.0.98:38093|priority:0, 9cd1aba0-3bef-48ca-b96c-00189f9f00e2|rpc:10.1.0.98:41505|priority:0, 768abe3e-e5a9-4d99-a987-26001157f375|rpc:10.1.0.98:39881|priority:1], old=null, confs=<EMPTY_MAP>
2021-09-23 03:29:06,393 [pool-226-thread-1] INFO  server.RaftServerConfigKeys (ConfUtils.java:logGet(44)) - raft.server.storage.dir = [/home/runner/work/ozone/ozone/hadoop-ozone/integration-test/target/test-dir/MiniOzoneClusterImpl-53dd09de-9596-4e63-80fc-208f4288e982/datanode-0/data/ratis] (custom)
2021-09-23 03:29:06,393 [pool-226-thread-1] INFO  server.RaftServerConfigKeys (ConfUtils.java:logGet(44)) - raft.server.log.corruption.policy = EXCEPTION (default)
2021-09-23 03:29:06,393 [pool-226-thread-1] INFO  server.RaftServerConfigKeys (ConfUtils.java:logGet(44)) - raft.server.storage.free-space.min = 0MB (=0) (default)
2021-09-23 03:29:06,393 [pool-226-thread-1] INFO  storage.RaftStorageDirectory (RaftStorageDirectoryImpl.java:analyzeStorage(135)) - The storage directory /home/runner/work/ozone/ozone/hadoop-ozone/integration-test/target/test-dir/MiniOzoneClusterImpl-53dd09de-9596-4e63-80fc-208f4288e982/datanode-0/data/ratis/7eba5817-37da-440e-a4b8-2d5ede50c6dc does not exist. Creating ...
2021-09-23 03:29:06,391 [EventQueue-OpenPipelineForHealthyPipelineSafeModeRule] INFO  safemode.SCMSafeModeManager (HealthyPipelineSafeModeRule.java:process(124)) - SCM in safe mode. Healthy pipelines reported count is 0, required healthy pipeline reported count is 1
2021-09-23 03:29:06,399 [pool-226-thread-1] INFO  storage.RaftStorageDirectory (RaftStorageDirectoryImpl.java:tryLock(230)) - Lock on /home/runner/work/ozone/ozone/hadoop-ozone/integration-test/target/test-dir/MiniOzoneClusterImpl-53dd09de-9596-4e63-80fc-208f4288e982/datanode-0/data/ratis/7eba5817-37da-440e-a4b8-2d5ede50c6dc/in_use.lock acquired by nodename 7136@fv-az50-49
2021-09-23 03:29:06,400 [pool-226-thread-1] INFO  storage.RaftStorage (RaftStorageImpl.java:format(89)) - Storage directory /home/runner/work/ozone/ozone/hadoop-ozone/integration-test/target/test-dir/MiniOzoneClusterImpl-53dd09de-9596-4e63-80fc-208f4288e982/datanode-0/data/ratis/7eba5817-37da-440e-a4b8-2d5ede50c6dc has been successfully formatted.
2021-09-23 03:29:06,400 [pool-226-thread-1] INFO  ratis.ContainerStateMachine (ContainerStateMachine.java:loadSnapshot(224)) - group-2D5EDE50C6DC: The snapshot info is null. Setting the last applied indexto:(t:0, i:~)
2021-09-23 03:29:06,400 [Datanode State Machine Thread - 0] WARN  statemachine.StateContext (StateContext.java:execute(621)) - No available thread in pool for past 1 seconds.
2021-09-23 03:29:06,400 [pool-226-thread-1] INFO  server.RaftServerConfigKeys (ConfUtils.java:logGet(44)) - raft.server.notification.no-leader.timeout = 300s (custom)
2021-09-23 03:29:06,400 [pool-226-thread-1] INFO  server.RaftServerConfigKeys (ConfUtils.java:logGet(44)) - raft.server.log.use.memory = false (default)
2021-09-23 03:29:06,400 [pool-226-thread-1] INFO  server.RaftServerConfigKeys (ConfUtils.java:logGet(44)) - raft.server.log.purge.gap = 1000000 (custom)
2021-09-23 03:29:06,401 [pool-226-thread-1] INFO  server.RaftServerConfigKeys (ConfUtils.java:logGet(44)) - raft.server.log.appender.buffer.byte-limit = 33554432 (custom)
2021-09-23 03:29:06,401 [EventQueue-OpenPipelineForHealthyPipelineSafeModeRule] INFO  safemode.SCMSafeModeManager (HealthyPipelineSafeModeRule.java:process(124)) - SCM in safe mode. Healthy pipelines reported count is 0, required healthy pipeline reported count is 1
2021-09-23 03:29:06,402 [pool-226-thread-1] INFO  server.RaftServerConfigKeys (ConfUtils.java:logGet(44)) - raft.server.log.segment.size.max = 1048576 (custom)
2021-09-23 03:29:06,403 [pool-226-thread-1] INFO  server.RaftServerConfigKeys (ConfUtils.java:logGet(44)) - raft.server.log.segment.cache.num.max = 2 (custom)
2021-09-23 03:29:06,403 [pool-226-thread-1] INFO  server.RaftServerConfigKeys (ConfUtils.java:logGet(44)) - raft.server.log.segment.cache.size.max = 200MB (=209715200) (default)
2021-09-23 03:29:06,403 [pool-226-thread-1] INFO  segmented.SegmentedRaftLogWorker (SegmentedRaftLogWorker.java:<init>(182)) - new 9cd1aba0-3bef-48ca-b96c-00189f9f00e2@group-2D5EDE50C6DC-SegmentedRaftLogWorker for RaftStorageImpl:Storage Directory /home/runner/work/ozone/ozone/hadoop-ozone/integration-test/target/test-dir/MiniOzoneClusterImpl-53dd09de-9596-4e63-80fc-208f4288e982/datanode-0/data/ratis/7eba5817-37da-440e-a4b8-2d5ede50c6dc
2021-09-23 03:29:06,403 [pool-226-thread-1] INFO  server.RaftServerConfigKeys (ConfUtils.java:logGet(44)) - raft.server.log.queue.byte-limit = 2147483647 (custom)
2021-09-23 03:29:06,403 [pool-226-thread-1] INFO  server.RaftServerConfigKeys (ConfUtils.java:logGet(44)) - raft.server.log.queue.element-limit = 1024 (custom)
2021-09-23 03:29:06,403 [pool-226-thread-1] INFO  server.RaftServerConfigKeys (ConfUtils.java:logGet(44)) - raft.server.log.segment.size.max = 1048576 (custom)
2021-09-23 03:29:06,403 [pool-226-thread-1] INFO  server.RaftServerConfigKeys (ConfUtils.java:logGet(44)) - raft.server.log.preallocated.size = 16384 (custom)
2021-09-23 03:29:06,403 [pool-226-thread-1] INFO  server.RaftServerConfigKeys (ConfUtils.java:logGet(44)) - raft.server.log.force.sync.num = 128 (default)
2021-09-23 03:29:06,403 [pool-226-thread-1] INFO  server.RaftServerConfigKeys (ConfUtils.java:logGet(44)) - raft.server.log.statemachine.data.sync = true (default)
2021-09-23 03:29:06,403 [pool-226-thread-1] INFO  server.RaftServerConfigKeys (ConfUtils.java:logGet(44)) - raft.server.log.statemachine.data.sync.timeout = 10s (default)
2021-09-23 03:29:06,403 [pool-226-thread-1] INFO  server.RaftServerConfigKeys (ConfUtils.java:logGet(44)) - raft.server.log.statemachine.data.sync.timeout.retry = -1 (default)
2021-09-23 03:29:06,410 [pool-226-thread-1] INFO  server.RaftServerConfigKeys (ConfUtils.java:logGet(44)) - raft.server.log.write.buffer.size = 1048576 (custom)
2021-09-23 03:29:06,410 [pool-226-thread-1] INFO  server.RaftServerConfigKeys (ConfUtils.java:logGet(44)) - raft.server.log.statemachine.data.caching.enabled = true (custom)
2021-09-23 03:29:06,411 [pool-226-thread-1] INFO  segmented.SegmentedRaftLogWorker (SegmentedRaftLogWorker.java:lambda$new$0(133)) - 9cd1aba0-3bef-48ca-b96c-00189f9f00e2@group-2D5EDE50C6DC-SegmentedRaftLogWorker: flushIndex: setUnconditionally 0 -> -1
2021-09-23 03:29:06,411 [pool-226-thread-1] INFO  segmented.SegmentedRaftLogWorker (SegmentedRaftLogWorker.java:lambda$new$0(133)) - 9cd1aba0-3bef-48ca-b96c-00189f9f00e2@group-2D5EDE50C6DC-SegmentedRaftLogWorker: safeCacheEvictIndex: setUnconditionally 0 -> -1
2021-09-23 03:29:06,422 [pool-226-thread-1] INFO  server.RaftServerConfigKeys (ConfUtils.java:logGet(44)) - raft.server.snapshot.auto.trigger.enabled = true (custom)
2021-09-23 03:29:06,422 [pool-226-thread-1] INFO  server.RaftServerConfigKeys (ConfUtils.java:logGet(44)) - raft.server.snapshot.auto.trigger.threshold = 10000 (custom)
2021-09-23 03:29:06,422 [pool-226-thread-1] INFO  server.RaftServerConfigKeys (ConfUtils.java:logGet(44)) - raft.server.snapshot.retention.file.num = 5 (custom)
2021-09-23 03:29:06,422 [pool-226-thread-1] INFO  server.RaftServerConfigKeys (ConfUtils.java:logGet(44)) - raft.server.log.purge.upto.snapshot.index = false (default)
2021-09-23 03:29:06,422 [pool-226-thread-1] INFO  server.RaftServerConfigKeys (ConfUtils.java:logGet(44)) - raft.server.retrycache.expirytime = 600000ms (custom)
2021-09-23 03:29:06,422 [pool-226-thread-1] INFO  server.RaftServerConfigKeys (ConfUtils.java:logGet(44)) - raft.server.retrycache.statistics.expirytime = 100μs (default)
2021-09-23 03:29:06,423 [pool-226-thread-1] INFO  server.RaftServer$Division (RaftServerImpl.java:start(296)) - 9cd1aba0-3bef-48ca-b96c-00189f9f00e2@group-2D5EDE50C6DC: start as a follower, conf=-1: [e7dc5bb2-1c20-468e-bb9f-5c6a91a907f2|rpc:10.1.0.98:38093|priority:0, 9cd1aba0-3bef-48ca-b96c-00189f9f00e2|rpc:10.1.0.98:41505|priority:0, 768abe3e-e5a9-4d99-a987-26001157f375|rpc:10.1.0.98:39881|priority:1], old=null
2021-09-23 03:29:06,423 [pool-226-thread-1] INFO  server.RaftServer$Division (RaftServerImpl.java:setRole(285)) - 9cd1aba0-3bef-48ca-b96c-00189f9f00e2@group-2D5EDE50C6DC: changes role from      null to FOLLOWER at term 0 for startAsFollower
2021-09-23 03:29:06,423 [pool-226-thread-1] INFO  impl.RoleInfo (RoleInfo.java:updateAndGet(130)) - 9cd1aba0-3bef-48ca-b96c-00189f9f00e2: start 9cd1aba0-3bef-48ca-b96c-00189f9f00e2@group-2D5EDE50C6DC-FollowerState
2021-09-23 03:29:06,434 [pool-226-thread-1] INFO  util.JmxRegister (JmxRegister.java:tryRegister(44)) - Successfully registered JMX Bean with object name Ratis:service=RaftServer,group=group-2D5EDE50C6DC,id=9cd1aba0-3bef-48ca-b96c-00189f9f00e2
2021-09-23 03:29:06,446 [Command processor thread] INFO  ratis.XceiverServerRatis (XceiverServerRatis.java:addGroup(762)) - Created group PipelineID=7eba5817-37da-440e-a4b8-2d5ede50c6dc
2021-09-23 03:29:06,510 [grpc-default-executor-0] INFO  server.RaftServer (RaftServerProxy.java:addNew(95)) - e7dc5bb2-1c20-468e-bb9f-5c6a91a907f2: addNew group-2D5EDE50C6DC:[e7dc5bb2-1c20-468e-bb9f-5c6a91a907f2|rpc:10.1.0.98:38093|dataStream:|priority:0, 9cd1aba0-3bef-48ca-b96c-00189f9f00e2|rpc:10.1.0.98:41505|dataStream:|priority:0, 768abe3e-e5a9-4d99-a987-26001157f375|rpc:10.1.0.98:39881|dataStream:|priority:1] returns group-2D5EDE50C6DC:java.util.concurrent.CompletableFuture@14edda93[Not completed]
2021-09-23 03:29:06,526 [pool-264-thread-1] INFO  server.RaftServer$Division (RaftServerImpl.java:<init>(181)) - e7dc5bb2-1c20-468e-bb9f-5c6a91a907f2: new RaftServerImpl for group-2D5EDE50C6DC:[e7dc5bb2-1c20-468e-bb9f-5c6a91a907f2|rpc:10.1.0.98:38093|dataStream:|priority:0, 9cd1aba0-3bef-48ca-b96c-00189f9f00e2|rpc:10.1.0.98:41505|dataStream:|priority:0, 768abe3e-e5a9-4d99-a987-26001157f375|rpc:10.1.0.98:39881|dataStream:|priority:1] with ContainerStateMachine:uninitialized
2021-09-23 03:29:06,534 [pool-264-thread-1] INFO  server.RaftServerConfigKeys (ConfUtils.java:logGet(44)) - raft.server.rpc.timeout.min = 5s (custom)
2021-09-23 03:29:06,534 [pool-264-thread-1] INFO  server.RaftServerConfigKeys (ConfUtils.java:logGet(44)) - raft.server.rpc.timeout.max = 5200ms (custom)
2021-09-23 03:29:06,534 [pool-264-thread-1] INFO  server.RaftServerConfigKeys (ConfUtils.java:logGet(44)) - raft.server.rpc.sleep.time = 25ms (default)
2021-09-23 03:29:06,534 [pool-264-thread-1] INFO  server.RaftServerConfigKeys (ConfUtils.java:logGet(44)) - raft.server.rpc.slowness.timeout = 300s (custom)
2021-09-23 03:29:06,534 [pool-264-thread-1] INFO  server.RaftServerConfigKeys (ConfUtils.java:logGet(44)) - raft.server.leaderelection.leader.step-down.wait-time = 10s (default)
2021-09-23 03:29:06,534 [pool-264-thread-1] INFO  server.RaftServerConfigKeys (ConfUtils.java:logGet(44)) - raft.server.sleep.deviation.threshold = 300ms (default)
2021-09-23 03:29:06,534 [pool-264-thread-1] INFO  server.RaftServerConfigKeys (ConfUtils.java:logGet(44)) - raft.server.log.appender.install.snapshot.enabled = false (custom)
2021-09-23 03:29:06,534 [pool-264-thread-1] INFO  server.RaftServer$Division (ServerState.java:<init>(105)) - e7dc5bb2-1c20-468e-bb9f-5c6a91a907f2@group-2D5EDE50C6DC: ConfigurationManager, init=-1: [e7dc5bb2-1c20-468e-bb9f-5c6a91a907f2|rpc:10.1.0.98:38093|dataStream:|priority:0, 9cd1aba0-3bef-48ca-b96c-00189f9f00e2|rpc:10.1.0.98:41505|dataStream:|priority:0, 768abe3e-e5a9-4d99-a987-26001157f375|rpc:10.1.0.98:39881|dataStream:|priority:1], old=null, confs=<EMPTY_MAP>
2021-09-23 03:29:06,534 [pool-264-thread-1] INFO  server.RaftServerConfigKeys (ConfUtils.java:logGet(44)) - raft.server.storage.dir = [/home/runner/work/ozone/ozone/hadoop-ozone/integration-test/target/test-dir/MiniOzoneClusterImpl-53dd09de-9596-4e63-80fc-208f4288e982/datanode-2/data/ratis] (custom)
2021-09-23 03:29:06,534 [pool-264-thread-1] INFO  server.RaftServerConfigKeys (ConfUtils.java:logGet(44)) - raft.server.log.corruption.policy = EXCEPTION (default)
2021-09-23 03:29:06,534 [pool-264-thread-1] INFO  server.RaftServerConfigKeys (ConfUtils.java:logGet(44)) - raft.server.storage.free-space.min = 0MB (=0) (default)
2021-09-23 03:29:06,534 [pool-264-thread-1] INFO  storage.RaftStorageDirectory (RaftStorageDirectoryImpl.java:analyzeStorage(135)) - The storage directory /home/runner/work/ozone/ozone/hadoop-ozone/integration-test/target/test-dir/MiniOzoneClusterImpl-53dd09de-9596-4e63-80fc-208f4288e982/datanode-2/data/ratis/7eba5817-37da-440e-a4b8-2d5ede50c6dc does not exist. Creating ...
2021-09-23 03:29:06,536 [pool-264-thread-1] INFO  storage.RaftStorageDirectory (RaftStorageDirectoryImpl.java:tryLock(230)) - Lock on /home/runner/work/ozone/ozone/hadoop-ozone/integration-test/target/test-dir/MiniOzoneClusterImpl-53dd09de-9596-4e63-80fc-208f4288e982/datanode-2/data/ratis/7eba5817-37da-440e-a4b8-2d5ede50c6dc/in_use.lock acquired by nodename 7136@fv-az50-49
2021-09-23 03:29:06,540 [pool-264-thread-1] INFO  storage.RaftStorage (RaftStorageImpl.java:format(89)) - Storage directory /home/runner/work/ozone/ozone/hadoop-ozone/integration-test/target/test-dir/MiniOzoneClusterImpl-53dd09de-9596-4e63-80fc-208f4288e982/datanode-2/data/ratis/7eba5817-37da-440e-a4b8-2d5ede50c6dc has been successfully formatted.
2021-09-23 03:29:06,541 [pool-264-thread-1] INFO  ratis.ContainerStateMachine (ContainerStateMachine.java:loadSnapshot(224)) - group-2D5EDE50C6DC: The snapshot info is null. Setting the last applied indexto:(t:0, i:~)
2021-09-23 03:29:06,541 [pool-264-thread-1] INFO  server.RaftServerConfigKeys (ConfUtils.java:logGet(44)) - raft.server.notification.no-leader.timeout = 300s (custom)
2021-09-23 03:29:06,541 [pool-264-thread-1] INFO  server.RaftServerConfigKeys (ConfUtils.java:logGet(44)) - raft.server.log.use.memory = false (default)
2021-09-23 03:29:06,541 [pool-264-thread-1] INFO  server.RaftServerConfigKeys (ConfUtils.java:logGet(44)) - raft.server.log.purge.gap = 1000000 (custom)
2021-09-23 03:29:06,541 [pool-264-thread-1] INFO  server.RaftServerConfigKeys (ConfUtils.java:logGet(44)) - raft.server.log.appender.buffer.byte-limit = 33554432 (custom)
2021-09-23 03:29:06,542 [pool-264-thread-1] INFO  server.RaftServerConfigKeys (ConfUtils.java:logGet(44)) - raft.server.log.segment.size.max = 1048576 (custom)
2021-09-23 03:29:06,542 [pool-264-thread-1] INFO  server.RaftServerConfigKeys (ConfUtils.java:logGet(44)) - raft.server.log.segment.cache.num.max = 2 (custom)
2021-09-23 03:29:06,542 [Datanode State Machine Thread - 0] WARN  statemachine.StateContext (StateContext.java:execute(621)) - No available thread in pool for past 1 seconds.
2021-09-23 03:29:06,547 [pool-264-thread-1] INFO  server.RaftServerConfigKeys (ConfUtils.java:logGet(44)) - raft.server.log.segment.cache.size.max = 200MB (=209715200) (default)
2021-09-23 03:29:06,547 [pool-264-thread-1] INFO  segmented.SegmentedRaftLogWorker (SegmentedRaftLogWorker.java:<init>(182)) - new e7dc5bb2-1c20-468e-bb9f-5c6a91a907f2@group-2D5EDE50C6DC-SegmentedRaftLogWorker for RaftStorageImpl:Storage Directory /home/runner/work/ozone/ozone/hadoop-ozone/integration-test/target/test-dir/MiniOzoneClusterImpl-53dd09de-9596-4e63-80fc-208f4288e982/datanode-2/data/ratis/7eba5817-37da-440e-a4b8-2d5ede50c6dc
2021-09-23 03:29:06,547 [pool-264-thread-1] INFO  server.RaftServerConfigKeys (ConfUtils.java:logGet(44)) - raft.server.log.queue.byte-limit = 2147483647 (custom)
2021-09-23 03:29:06,547 [pool-264-thread-1] INFO  server.RaftServerConfigKeys (ConfUtils.java:logGet(44)) - raft.server.log.queue.element-limit = 1024 (custom)
2021-09-23 03:29:06,547 [pool-264-thread-1] INFO  server.RaftServerConfigKeys (ConfUtils.java:logGet(44)) - raft.server.log.segment.size.max = 1048576 (custom)
2021-09-23 03:29:06,547 [pool-264-thread-1] INFO  server.RaftServerConfigKeys (ConfUtils.java:logGet(44)) - raft.server.log.preallocated.size = 16384 (custom)
2021-09-23 03:29:06,547 [pool-264-thread-1] INFO  server.RaftServerConfigKeys (ConfUtils.java:logGet(44)) - raft.server.log.force.sync.num = 128 (default)
2021-09-23 03:29:06,547 [pool-264-thread-1] INFO  server.RaftServerConfigKeys (ConfUtils.java:logGet(44)) - raft.server.log.statemachine.data.sync = true (default)
2021-09-23 03:29:06,547 [pool-264-thread-1] INFO  server.RaftServerConfigKeys (ConfUtils.java:logGet(44)) - raft.server.log.statemachine.data.sync.timeout = 10s (default)
2021-09-23 03:29:06,547 [pool-264-thread-1] INFO  server.RaftServerConfigKeys (ConfUtils.java:logGet(44)) - raft.server.log.statemachine.data.sync.timeout.retry = -1 (default)
2021-09-23 03:29:06,554 [pool-264-thread-1] INFO  server.RaftServerConfigKeys (ConfUtils.java:logGet(44)) - raft.server.log.write.buffer.size = 1048576 (custom)
2021-09-23 03:29:06,555 [pool-264-thread-1] INFO  server.RaftServerConfigKeys (ConfUtils.java:logGet(44)) - raft.server.log.statemachine.data.caching.enabled = true (custom)
2021-09-23 03:29:06,555 [pool-264-thread-1] INFO  segmented.SegmentedRaftLogWorker (SegmentedRaftLogWorker.java:lambda$new$0(133)) - e7dc5bb2-1c20-468e-bb9f-5c6a91a907f2@group-2D5EDE50C6DC-SegmentedRaftLogWorker: flushIndex: setUnconditionally 0 -> -1
2021-09-23 03:29:06,556 [pool-264-thread-1] INFO  segmented.SegmentedRaftLogWorker (SegmentedRaftLogWorker.java:lambda$new$0(133)) - e7dc5bb2-1c20-468e-bb9f-5c6a91a907f2@group-2D5EDE50C6DC-SegmentedRaftLogWorker: safeCacheEvictIndex: setUnconditionally 0 -> -1
2021-09-23 03:29:06,563 [pool-264-thread-1] INFO  server.RaftServerConfigKeys (ConfUtils.java:logGet(44)) - raft.server.snapshot.auto.trigger.enabled = true (custom)
2021-09-23 03:29:06,563 [pool-264-thread-1] INFO  server.RaftServerConfigKeys (ConfUtils.java:logGet(44)) - raft.server.snapshot.auto.trigger.threshold = 10000 (custom)
2021-09-23 03:29:06,563 [pool-264-thread-1] INFO  server.RaftServerConfigKeys (ConfUtils.java:logGet(44)) - raft.server.snapshot.retention.file.num = 5 (custom)
2021-09-23 03:29:06,563 [pool-264-thread-1] INFO  server.RaftServerConfigKeys (ConfUtils.java:logGet(44)) - raft.server.log.purge.upto.snapshot.index = false (default)
2021-09-23 03:29:06,563 [pool-264-thread-1] INFO  server.RaftServerConfigKeys (ConfUtils.java:logGet(44)) - raft.server.retrycache.expirytime = 600000ms (custom)
2021-09-23 03:29:06,567 [pool-264-thread-1] INFO  server.RaftServerConfigKeys (ConfUtils.java:logGet(44)) - raft.server.retrycache.statistics.expirytime = 100μs (default)
2021-09-23 03:29:06,570 [pool-264-thread-1] INFO  server.RaftServer$Division (RaftServerImpl.java:start(296)) - e7dc5bb2-1c20-468e-bb9f-5c6a91a907f2@group-2D5EDE50C6DC: start as a follower, conf=-1: [e7dc5bb2-1c20-468e-bb9f-5c6a91a907f2|rpc:10.1.0.98:38093|dataStream:|priority:0, 9cd1aba0-3bef-48ca-b96c-00189f9f00e2|rpc:10.1.0.98:41505|dataStream:|priority:0, 768abe3e-e5a9-4d99-a987-26001157f375|rpc:10.1.0.98:39881|dataStream:|priority:1], old=null
2021-09-23 03:29:06,570 [pool-264-thread-1] INFO  server.RaftServer$Division (RaftServerImpl.java:setRole(285)) - e7dc5bb2-1c20-468e-bb9f-5c6a91a907f2@group-2D5EDE50C6DC: changes role from      null to FOLLOWER at term 0 for startAsFollower
2021-09-23 03:29:06,570 [pool-264-thread-1] INFO  impl.RoleInfo (RoleInfo.java:updateAndGet(130)) - e7dc5bb2-1c20-468e-bb9f-5c6a91a907f2: start e7dc5bb2-1c20-468e-bb9f-5c6a91a907f2@group-2D5EDE50C6DC-FollowerState
2021-09-23 03:29:06,577 [pool-264-thread-1] INFO  util.JmxRegister (JmxRegister.java:tryRegister(44)) - Successfully registered JMX Bean with object name Ratis:service=RaftServer,group=group-2D5EDE50C6DC,id=e7dc5bb2-1c20-468e-bb9f-5c6a91a907f2
2021-09-23 03:29:06,657 [Command processor thread] INFO  server.RaftServer (RaftServerProxy.java:addNew(95)) - 768abe3e-e5a9-4d99-a987-26001157f375: addNew group-D09FB9A7B916:[768abe3e-e5a9-4d99-a987-26001157f375|rpc:10.1.0.98:39881|priority:1] returns group-D09FB9A7B916:java.util.concurrent.CompletableFuture@16481ece[Not completed]
2021-09-23 03:29:06,677 [pool-245-thread-1] INFO  server.RaftServer$Division (RaftServerImpl.java:<init>(181)) - 768abe3e-e5a9-4d99-a987-26001157f375: new RaftServerImpl for group-D09FB9A7B916:[768abe3e-e5a9-4d99-a987-26001157f375|rpc:10.1.0.98:39881|priority:1] with ContainerStateMachine:uninitialized
2021-09-23 03:29:06,678 [pool-245-thread-1] INFO  server.RaftServerConfigKeys (ConfUtils.java:logGet(44)) - raft.server.rpc.timeout.min = 5s (custom)
2021-09-23 03:29:06,678 [pool-245-thread-1] INFO  server.RaftServerConfigKeys (ConfUtils.java:logGet(44)) - raft.server.rpc.timeout.max = 5200ms (custom)
2021-09-23 03:29:06,678 [pool-245-thread-1] INFO  server.RaftServerConfigKeys (ConfUtils.java:logGet(44)) - raft.server.rpc.sleep.time = 25ms (default)
2021-09-23 03:29:06,678 [pool-245-thread-1] INFO  server.RaftServerConfigKeys (ConfUtils.java:logGet(44)) - raft.server.rpc.slowness.timeout = 300s (custom)
2021-09-23 03:29:06,678 [pool-245-thread-1] INFO  server.RaftServerConfigKeys (ConfUtils.java:logGet(44)) - raft.server.leaderelection.leader.step-down.wait-time = 10s (default)
2021-09-23 03:29:06,678 [pool-245-thread-1] INFO  server.RaftServerConfigKeys (ConfUtils.java:logGet(44)) - raft.server.sleep.deviation.threshold = 300ms (default)
2021-09-23 03:29:06,679 [pool-245-thread-1] INFO  server.RaftServerConfigKeys (ConfUtils.java:logGet(44)) - raft.server.log.appender.install.snapshot.enabled = false (custom)
2021-09-23 03:29:06,679 [pool-245-thread-1] INFO  server.RaftServer$Division (ServerState.java:<init>(105)) - 768abe3e-e5a9-4d99-a987-26001157f375@group-D09FB9A7B916: ConfigurationManager, init=-1: [768abe3e-e5a9-4d99-a987-26001157f375|rpc:10.1.0.98:39881|priority:1], old=null, confs=<EMPTY_MAP>
2021-09-23 03:29:06,679 [pool-245-thread-1] INFO  server.RaftServerConfigKeys (ConfUtils.java:logGet(44)) - raft.server.storage.dir = [/home/runner/work/ozone/ozone/hadoop-ozone/integration-test/target/test-dir/MiniOzoneClusterImpl-53dd09de-9596-4e63-80fc-208f4288e982/datanode-1/data/ratis] (custom)
2021-09-23 03:29:06,679 [pool-245-thread-1] INFO  server.RaftServerConfigKeys (ConfUtils.java:logGet(44)) - raft.server.log.corruption.policy = EXCEPTION (default)
2021-09-23 03:29:06,679 [pool-245-thread-1] INFO  server.RaftServerConfigKeys (ConfUtils.java:logGet(44)) - raft.server.storage.free-space.min = 0MB (=0) (default)
2021-09-23 03:29:06,679 [pool-245-thread-1] INFO  storage.RaftStorageDirectory (RaftStorageDirectoryImpl.java:analyzeStorage(135)) - The storage directory /home/runner/work/ozone/ozone/hadoop-ozone/integration-test/target/test-dir/MiniOzoneClusterImpl-53dd09de-9596-4e63-80fc-208f4288e982/datanode-1/data/ratis/739077f9-6383-419b-9eb4-d09fb9a7b916 does not exist. Creating ...
2021-09-23 03:29:06,680 [pool-245-thread-1] INFO  storage.RaftStorageDirectory (RaftStorageDirectoryImpl.java:tryLock(230)) - Lock on /home/runner/work/ozone/ozone/hadoop-ozone/integration-test/target/test-dir/MiniOzoneClusterImpl-53dd09de-9596-4e63-80fc-208f4288e982/datanode-1/data/ratis/739077f9-6383-419b-9eb4-d09fb9a7b916/in_use.lock acquired by nodename 7136@fv-az50-49
2021-09-23 03:29:06,681 [pool-245-thread-1] INFO  storage.RaftStorage (RaftStorageImpl.java:format(89)) - Storage directory /home/runner/work/ozone/ozone/hadoop-ozone/integration-test/target/test-dir/MiniOzoneClusterImpl-53dd09de-9596-4e63-80fc-208f4288e982/datanode-1/data/ratis/739077f9-6383-419b-9eb4-d09fb9a7b916 has been successfully formatted.
2021-09-23 03:29:06,694 [pool-245-thread-1] INFO  ratis.ContainerStateMachine (ContainerStateMachine.java:loadSnapshot(224)) - group-D09FB9A7B916: The snapshot info is null. Setting the last applied indexto:(t:0, i:~)
2021-09-23 03:29:06,694 [pool-245-thread-1] INFO  server.RaftServerConfigKeys (ConfUtils.java:logGet(44)) - raft.server.notification.no-leader.timeout = 300s (custom)
2021-09-23 03:29:06,694 [pool-245-thread-1] INFO  server.RaftServerConfigKeys (ConfUtils.java:logGet(44)) - raft.server.log.use.memory = false (default)
2021-09-23 03:29:06,694 [pool-245-thread-1] INFO  server.RaftServerConfigKeys (ConfUtils.java:logGet(44)) - raft.server.log.purge.gap = 1000000 (custom)
2021-09-23 03:29:06,694 [pool-245-thread-1] INFO  server.RaftServerConfigKeys (ConfUtils.java:logGet(44)) - raft.server.log.appender.buffer.byte-limit = 33554432 (custom)
2021-09-23 03:29:06,694 [pool-245-thread-1] INFO  server.RaftServerConfigKeys (ConfUtils.java:logGet(44)) - raft.server.log.segment.size.max = 1048576 (custom)
2021-09-23 03:29:06,695 [pool-245-thread-1] INFO  server.RaftServerConfigKeys (ConfUtils.java:logGet(44)) - raft.server.log.segment.cache.num.max = 2 (custom)
2021-09-23 03:29:06,695 [pool-245-thread-1] INFO  server.RaftServerConfigKeys (ConfUtils.java:logGet(44)) - raft.server.log.segment.cache.size.max = 200MB (=209715200) (default)
2021-09-23 03:29:06,695 [pool-245-thread-1] INFO  segmented.SegmentedRaftLogWorker (SegmentedRaftLogWorker.java:<init>(182)) - new 768abe3e-e5a9-4d99-a987-26001157f375@group-D09FB9A7B916-SegmentedRaftLogWorker for RaftStorageImpl:Storage Directory /home/runner/work/ozone/ozone/hadoop-ozone/integration-test/target/test-dir/MiniOzoneClusterImpl-53dd09de-9596-4e63-80fc-208f4288e982/datanode-1/data/ratis/739077f9-6383-419b-9eb4-d09fb9a7b916
2021-09-23 03:29:06,695 [pool-245-thread-1] INFO  server.RaftServerConfigKeys (ConfUtils.java:logGet(44)) - raft.server.log.queue.byte-limit = 2147483647 (custom)
2021-09-23 03:29:06,695 [pool-245-thread-1] INFO  server.RaftServerConfigKeys (ConfUtils.java:logGet(44)) - raft.server.log.queue.element-limit = 1024 (custom)
2021-09-23 03:29:06,695 [pool-245-thread-1] INFO  server.RaftServerConfigKeys (ConfUtils.java:logGet(44)) - raft.server.log.segment.size.max = 1048576 (custom)
2021-09-23 03:29:06,695 [pool-245-thread-1] INFO  server.RaftServerConfigKeys (ConfUtils.java:logGet(44)) - raft.server.log.preallocated.size = 16384 (custom)
2021-09-23 03:29:06,695 [pool-245-thread-1] INFO  server.RaftServerConfigKeys (ConfUtils.java:logGet(44)) - raft.server.log.force.sync.num = 128 (default)
2021-09-23 03:29:06,695 [pool-245-thread-1] INFO  server.RaftServerConfigKeys (ConfUtils.java:logGet(44)) - raft.server.log.statemachine.data.sync = true (default)
2021-09-23 03:29:06,695 [pool-245-thread-1] INFO  server.RaftServerConfigKeys (ConfUtils.java:logGet(44)) - raft.server.log.statemachine.data.sync.timeout = 10s (default)
2021-09-23 03:29:06,695 [pool-245-thread-1] INFO  server.RaftServerConfigKeys (ConfUtils.java:logGet(44)) - raft.server.log.statemachine.data.sync.timeout.retry = -1 (default)
2021-09-23 03:29:06,696 [pool-245-thread-1] INFO  server.RaftServerConfigKeys (ConfUtils.java:logGet(44)) - raft.server.log.write.buffer.size = 1048576 (custom)
2021-09-23 03:29:06,697 [pool-245-thread-1] INFO  server.RaftServerConfigKeys (ConfUtils.java:logGet(44)) - raft.server.log.statemachine.data.caching.enabled = true (custom)
2021-09-23 03:29:06,697 [pool-245-thread-1] INFO  segmented.SegmentedRaftLogWorker (SegmentedRaftLogWorker.java:lambda$new$0(133)) - 768abe3e-e5a9-4d99-a987-26001157f375@group-D09FB9A7B916-SegmentedRaftLogWorker: flushIndex: setUnconditionally 0 -> -1
2021-09-23 03:29:06,697 [pool-245-thread-1] INFO  segmented.SegmentedRaftLogWorker (SegmentedRaftLogWorker.java:lambda$new$0(133)) - 768abe3e-e5a9-4d99-a987-26001157f375@group-D09FB9A7B916-SegmentedRaftLogWorker: safeCacheEvictIndex: setUnconditionally 0 -> -1
2021-09-23 03:29:06,705 [pool-245-thread-1] INFO  server.RaftServerConfigKeys (ConfUtils.java:logGet(44)) - raft.server.snapshot.auto.trigger.enabled = true (custom)
2021-09-23 03:29:06,706 [pool-245-thread-1] INFO  server.RaftServerConfigKeys (ConfUtils.java:logGet(44)) - raft.server.snapshot.auto.trigger.threshold = 10000 (custom)
2021-09-23 03:29:06,706 [pool-245-thread-1] INFO  server.RaftServerConfigKeys (ConfUtils.java:logGet(44)) - raft.server.snapshot.retention.file.num = 5 (custom)
2021-09-23 03:29:06,706 [pool-245-thread-1] INFO  server.RaftServerConfigKeys (ConfUtils.java:logGet(44)) - raft.server.log.purge.upto.snapshot.index = false (default)
2021-09-23 03:29:06,706 [pool-245-thread-1] INFO  server.RaftServerConfigKeys (ConfUtils.java:logGet(44)) - raft.server.retrycache.expirytime = 600000ms (custom)
2021-09-23 03:29:06,706 [pool-245-thread-1] INFO  server.RaftServerConfigKeys (ConfUtils.java:logGet(44)) - raft.server.retrycache.statistics.expirytime = 100μs (default)
2021-09-23 03:29:06,708 [pool-245-thread-1] INFO  server.RaftServer$Division (RaftServerImpl.java:start(296)) - 768abe3e-e5a9-4d99-a987-26001157f375@group-D09FB9A7B916: start as a follower, conf=-1: [768abe3e-e5a9-4d99-a987-26001157f375|rpc:10.1.0.98:39881|priority:1], old=null
2021-09-23 03:29:06,714 [pool-245-thread-1] INFO  server.RaftServer$Division (RaftServerImpl.java:setRole(285)) - 768abe3e-e5a9-4d99-a987-26001157f375@group-D09FB9A7B916: changes role from      null to FOLLOWER at term 0 for startAsFollower
2021-09-23 03:29:06,714 [pool-245-thread-1] INFO  impl.RoleInfo (RoleInfo.java:updateAndGet(130)) - 768abe3e-e5a9-4d99-a987-26001157f375: start 768abe3e-e5a9-4d99-a987-26001157f375@group-D09FB9A7B916-FollowerState
2021-09-23 03:29:06,714 [EventQueue-PipelineReportForPipelineReportHandler] INFO  pipeline.PipelineManagerImpl (PipelineManagerImpl.java:openPipeline(282)) - Pipeline Pipeline[ Id: 739077f9-6383-419b-9eb4-d09fb9a7b916, Nodes: 768abe3e-e5a9-4d99-a987-26001157f375{ip: 10.1.0.98, host: fv-az50-49.grzltbmokehuzjyc5b133kdqgh.cx.internal.cloudapp.net, ports: [REPLICATION=46093, RATIS=39881, RATIS_ADMIN=39881, RATIS_SERVER=39881, STANDALONE=33617], networkLocation: /default-rack, certSerialId: null, persistedOpState: IN_SERVICE, persistedOpStateExpiryEpochSec: 0}, ReplicationConfig: RATIS/ONE, State:ALLOCATED, leaderId:768abe3e-e5a9-4d99-a987-26001157f375, CreationTimestamp2021-09-23T03:29:03.660Z[Etc/UTC]] moved to OPEN state
2021-09-23 03:29:06,715 [EventQueue-OpenPipelineForHealthyPipelineSafeModeRule] INFO  safemode.SCMSafeModeManager (HealthyPipelineSafeModeRule.java:process(124)) - SCM in safe mode. Healthy pipelines reported count is 0, required healthy pipeline reported count is 1
2021-09-23 03:29:06,730 [pool-245-thread-1] INFO  util.JmxRegister (JmxRegister.java:tryRegister(44)) - Successfully registered JMX Bean with object name Ratis:service=RaftServer,group=group-D09FB9A7B916,id=768abe3e-e5a9-4d99-a987-26001157f375
2021-09-23 03:29:06,732 [Command processor thread] INFO  ratis.XceiverServerRatis (XceiverServerRatis.java:addGroup(762)) - Created group PipelineID=739077f9-6383-419b-9eb4-d09fb9a7b916
2021-09-23 03:29:06,732 [Command processor thread] INFO  commandhandler.CreatePipelineCommandHandler (CreatePipelineCommandHandler.java:handle(106)) - Created Pipeline RATIS ONE PipelineID=739077f9-6383-419b-9eb4-d09fb9a7b916.
2021-09-23 03:29:06,732 [Command processor thread] INFO  server.RaftServer (RaftServerProxy.java:addNew(95)) - 768abe3e-e5a9-4d99-a987-26001157f375: addNew group-2D5EDE50C6DC:[e7dc5bb2-1c20-468e-bb9f-5c6a91a907f2|rpc:10.1.0.98:38093|priority:0, 9cd1aba0-3bef-48ca-b96c-00189f9f00e2|rpc:10.1.0.98:41505|priority:0, 768abe3e-e5a9-4d99-a987-26001157f375|rpc:10.1.0.98:39881|priority:1] returns group-2D5EDE50C6DC:java.util.concurrent.CompletableFuture@127788df[Not completed]
2021-09-23 03:29:06,735 [pool-245-thread-1] INFO  server.RaftServer$Division (RaftServerImpl.java:<init>(181)) - 768abe3e-e5a9-4d99-a987-26001157f375: new RaftServerImpl for group-2D5EDE50C6DC:[e7dc5bb2-1c20-468e-bb9f-5c6a91a907f2|rpc:10.1.0.98:38093|priority:0, 9cd1aba0-3bef-48ca-b96c-00189f9f00e2|rpc:10.1.0.98:41505|priority:0, 768abe3e-e5a9-4d99-a987-26001157f375|rpc:10.1.0.98:39881|priority:1] with ContainerStateMachine:uninitialized
2021-09-23 03:29:06,736 [pool-245-thread-1] INFO  server.RaftServerConfigKeys (ConfUtils.java:logGet(44)) - raft.server.rpc.timeout.min = 5s (custom)
2021-09-23 03:29:06,736 [pool-245-thread-1] INFO  server.RaftServerConfigKeys (ConfUtils.java:logGet(44)) - raft.server.rpc.timeout.max = 5200ms (custom)
2021-09-23 03:29:06,736 [pool-245-thread-1] INFO  server.RaftServerConfigKeys (ConfUtils.java:logGet(44)) - raft.server.rpc.sleep.time = 25ms (default)
2021-09-23 03:29:06,736 [pool-245-thread-1] INFO  server.RaftServerConfigKeys (ConfUtils.java:logGet(44)) - raft.server.rpc.slowness.timeout = 300s (custom)
2021-09-23 03:29:06,736 [pool-245-thread-1] INFO  server.RaftServerConfigKeys (ConfUtils.java:logGet(44)) - raft.server.leaderelection.leader.step-down.wait-time = 10s (default)
2021-09-23 03:29:06,736 [pool-245-thread-1] INFO  server.RaftServerConfigKeys (ConfUtils.java:logGet(44)) - raft.server.sleep.deviation.threshold = 300ms (default)
2021-09-23 03:29:06,736 [pool-245-thread-1] INFO  server.RaftServerConfigKeys (ConfUtils.java:logGet(44)) - raft.server.log.appender.install.snapshot.enabled = false (custom)
2021-09-23 03:29:06,736 [pool-245-thread-1] INFO  server.RaftServer$Division (ServerState.java:<init>(105)) - 768abe3e-e5a9-4d99-a987-26001157f375@group-2D5EDE50C6DC: ConfigurationManager, init=-1: [e7dc5bb2-1c20-468e-bb9f-5c6a91a907f2|rpc:10.1.0.98:38093|priority:0, 9cd1aba0-3bef-48ca-b96c-00189f9f00e2|rpc:10.1.0.98:41505|priority:0, 768abe3e-e5a9-4d99-a987-26001157f375|rpc:10.1.0.98:39881|priority:1], old=null, confs=<EMPTY_MAP>
2021-09-23 03:29:06,736 [pool-245-thread-1] INFO  server.RaftServerConfigKeys (ConfUtils.java:logGet(44)) - raft.server.storage.dir = [/home/runner/work/ozone/ozone/hadoop-ozone/integration-test/target/test-dir/MiniOzoneClusterImpl-53dd09de-9596-4e63-80fc-208f4288e982/datanode-1/data/ratis] (custom)
2021-09-23 03:29:06,736 [pool-245-thread-1] INFO  server.RaftServerConfigKeys (ConfUtils.java:logGet(44)) - raft.server.log.corruption.policy = EXCEPTION (default)
2021-09-23 03:29:06,736 [pool-245-thread-1] INFO  server.RaftServerConfigKeys (ConfUtils.java:logGet(44)) - raft.server.storage.free-space.min = 0MB (=0) (default)
2021-09-23 03:29:06,736 [pool-245-thread-1] INFO  storage.RaftStorageDirectory (RaftStorageDirectoryImpl.java:analyzeStorage(135)) - The storage directory /home/runner/work/ozone/ozone/hadoop-ozone/integration-test/target/test-dir/MiniOzoneClusterImpl-53dd09de-9596-4e63-80fc-208f4288e982/datanode-1/data/ratis/7eba5817-37da-440e-a4b8-2d5ede50c6dc does not exist. Creating ...
2021-09-23 03:29:06,739 [pool-245-thread-1] INFO  storage.RaftStorageDirectory (RaftStorageDirectoryImpl.java:tryLock(230)) - Lock on /home/runner/work/ozone/ozone/hadoop-ozone/integration-test/target/test-dir/MiniOzoneClusterImpl-53dd09de-9596-4e63-80fc-208f4288e982/datanode-1/data/ratis/7eba5817-37da-440e-a4b8-2d5ede50c6dc/in_use.lock acquired by nodename 7136@fv-az50-49
2021-09-23 03:29:06,742 [pool-245-thread-1] INFO  storage.RaftStorage (RaftStorageImpl.java:format(89)) - Storage directory /home/runner/work/ozone/ozone/hadoop-ozone/integration-test/target/test-dir/MiniOzoneClusterImpl-53dd09de-9596-4e63-80fc-208f4288e982/datanode-1/data/ratis/7eba5817-37da-440e-a4b8-2d5ede50c6dc has been successfully formatted.
2021-09-23 03:29:06,749 [Datanode State Machine Thread - 0] WARN  statemachine.StateContext (StateContext.java:execute(621)) - No available thread in pool for past 1 seconds.
2021-09-23 03:29:06,750 [pool-245-thread-1] INFO  ratis.ContainerStateMachine (ContainerStateMachine.java:loadSnapshot(224)) - group-2D5EDE50C6DC: The snapshot info is null. Setting the last applied indexto:(t:0, i:~)
2021-09-23 03:29:06,750 [pool-245-thread-1] INFO  server.RaftServerConfigKeys (ConfUtils.java:logGet(44)) - raft.server.notification.no-leader.timeout = 300s (custom)
2021-09-23 03:29:06,751 [EventQueue-OpenPipelineForHealthyPipelineSafeModeRule] INFO  safemode.SCMSafeModeManager (HealthyPipelineSafeModeRule.java:process(124)) - SCM in safe mode. Healthy pipelines reported count is 0, required healthy pipeline reported count is 1
2021-09-23 03:29:06,751 [pool-245-thread-1] INFO  server.RaftServerConfigKeys (ConfUtils.java:logGet(44)) - raft.server.log.use.memory = false (default)
2021-09-23 03:29:06,752 [pool-245-thread-1] INFO  server.RaftServerConfigKeys (ConfUtils.java:logGet(44)) - raft.server.log.purge.gap = 1000000 (custom)
2021-09-23 03:29:06,752 [pool-245-thread-1] INFO  server.RaftServerConfigKeys (ConfUtils.java:logGet(44)) - raft.server.log.appender.buffer.byte-limit = 33554432 (custom)
2021-09-23 03:29:06,752 [pool-245-thread-1] INFO  server.RaftServerConfigKeys (ConfUtils.java:logGet(44)) - raft.server.log.segment.size.max = 1048576 (custom)
2021-09-23 03:29:06,752 [pool-245-thread-1] INFO  server.RaftServerConfigKeys (ConfUtils.java:logGet(44)) - raft.server.log.segment.cache.num.max = 2 (custom)
2021-09-23 03:29:06,752 [pool-245-thread-1] INFO  server.RaftServerConfigKeys (ConfUtils.java:logGet(44)) - raft.server.log.segment.cache.size.max = 200MB (=209715200) (default)
2021-09-23 03:29:06,752 [pool-245-thread-1] INFO  segmented.SegmentedRaftLogWorker (SegmentedRaftLogWorker.java:<init>(182)) - new 768abe3e-e5a9-4d99-a987-26001157f375@group-2D5EDE50C6DC-SegmentedRaftLogWorker for RaftStorageImpl:Storage Directory /home/runner/work/ozone/ozone/hadoop-ozone/integration-test/target/test-dir/MiniOzoneClusterImpl-53dd09de-9596-4e63-80fc-208f4288e982/datanode-1/data/ratis/7eba5817-37da-440e-a4b8-2d5ede50c6dc
2021-09-23 03:29:06,752 [pool-245-thread-1] INFO  server.RaftServerConfigKeys (ConfUtils.java:logGet(44)) - raft.server.log.queue.byte-limit = 2147483647 (custom)
2021-09-23 03:29:06,752 [pool-245-thread-1] INFO  server.RaftServerConfigKeys (ConfUtils.java:logGet(44)) - raft.server.log.queue.element-limit = 1024 (custom)
2021-09-23 03:29:06,752 [pool-245-thread-1] INFO  server.RaftServerConfigKeys (ConfUtils.java:logGet(44)) - raft.server.log.segment.size.max = 1048576 (custom)
2021-09-23 03:29:06,753 [pool-245-thread-1] INFO  server.RaftServerConfigKeys (ConfUtils.java:logGet(44)) - raft.server.log.preallocated.size = 16384 (custom)
2021-09-23 03:29:06,753 [pool-245-thread-1] INFO  server.RaftServerConfigKeys (ConfUtils.java:logGet(44)) - raft.server.log.force.sync.num = 128 (default)
2021-09-23 03:29:06,753 [pool-245-thread-1] INFO  server.RaftServerConfigKeys (ConfUtils.java:logGet(44)) - raft.server.log.statemachine.data.sync = true (default)
2021-09-23 03:29:06,753 [pool-245-thread-1] INFO  server.RaftServerConfigKeys (ConfUtils.java:logGet(44)) - raft.server.log.statemachine.data.sync.timeout = 10s (default)
2021-09-23 03:29:06,753 [pool-245-thread-1] INFO  server.RaftServerConfigKeys (ConfUtils.java:logGet(44)) - raft.server.log.statemachine.data.sync.timeout.retry = -1 (default)
2021-09-23 03:29:06,765 [pool-245-thread-1] INFO  server.RaftServerConfigKeys (ConfUtils.java:logGet(44)) - raft.server.log.write.buffer.size = 1048576 (custom)
2021-09-23 03:29:06,766 [pool-245-thread-1] INFO  server.RaftServerConfigKeys (ConfUtils.java:logGet(44)) - raft.server.log.statemachine.data.caching.enabled = true (custom)
2021-09-23 03:29:06,766 [pool-245-thread-1] INFO  segmented.SegmentedRaftLogWorker (SegmentedRaftLogWorker.java:lambda$new$0(133)) - 768abe3e-e5a9-4d99-a987-26001157f375@group-2D5EDE50C6DC-SegmentedRaftLogWorker: flushIndex: setUnconditionally 0 -> -1
2021-09-23 03:29:06,767 [pool-245-thread-1] INFO  segmented.SegmentedRaftLogWorker (SegmentedRaftLogWorker.java:lambda$new$0(133)) - 768abe3e-e5a9-4d99-a987-26001157f375@group-2D5EDE50C6DC-SegmentedRaftLogWorker: safeCacheEvictIndex: setUnconditionally 0 -> -1
2021-09-23 03:29:06,767 [pool-245-thread-1] INFO  server.RaftServerConfigKeys (ConfUtils.java:logGet(44)) - raft.server.snapshot.auto.trigger.enabled = true (custom)
2021-09-23 03:29:06,767 [pool-245-thread-1] INFO  server.RaftServerConfigKeys (ConfUtils.java:logGet(44)) - raft.server.snapshot.auto.trigger.threshold = 10000 (custom)
2021-09-23 03:29:06,767 [pool-245-thread-1] INFO  server.RaftServerConfigKeys (ConfUtils.java:logGet(44)) - raft.server.snapshot.retention.file.num = 5 (custom)
2021-09-23 03:29:06,767 [pool-245-thread-1] INFO  server.RaftServerConfigKeys (ConfUtils.java:logGet(44)) - raft.server.log.purge.upto.snapshot.index = false (default)
2021-09-23 03:29:06,767 [pool-245-thread-1] INFO  server.RaftServerConfigKeys (ConfUtils.java:logGet(44)) - raft.server.retrycache.expirytime = 600000ms (custom)
2021-09-23 03:29:06,767 [pool-245-thread-1] INFO  server.RaftServerConfigKeys (ConfUtils.java:logGet(44)) - raft.server.retrycache.statistics.expirytime = 100μs (default)
2021-09-23 03:29:06,768 [pool-245-thread-1] INFO  server.RaftServer$Division (RaftServerImpl.java:start(296)) - 768abe3e-e5a9-4d99-a987-26001157f375@group-2D5EDE50C6DC: start as a follower, conf=-1: [e7dc5bb2-1c20-468e-bb9f-5c6a91a907f2|rpc:10.1.0.98:38093|priority:0, 9cd1aba0-3bef-48ca-b96c-00189f9f00e2|rpc:10.1.0.98:41505|priority:0, 768abe3e-e5a9-4d99-a987-26001157f375|rpc:10.1.0.98:39881|priority:1], old=null
2021-09-23 03:29:06,768 [pool-245-thread-1] INFO  server.RaftServer$Division (RaftServerImpl.java:setRole(285)) - 768abe3e-e5a9-4d99-a987-26001157f375@group-2D5EDE50C6DC: changes role from      null to FOLLOWER at term 0 for startAsFollower
2021-09-23 03:29:06,768 [pool-245-thread-1] INFO  impl.RoleInfo (RoleInfo.java:updateAndGet(130)) - 768abe3e-e5a9-4d99-a987-26001157f375: start 768abe3e-e5a9-4d99-a987-26001157f375@group-2D5EDE50C6DC-FollowerState
2021-09-23 03:29:06,769 [pool-245-thread-1] INFO  util.JmxRegister (JmxRegister.java:tryRegister(44)) - Successfully registered JMX Bean with object name Ratis:service=RaftServer,group=group-2D5EDE50C6DC,id=768abe3e-e5a9-4d99-a987-26001157f375
2021-09-23 03:29:06,772 [Command processor thread] INFO  ratis.XceiverServerRatis (XceiverServerRatis.java:addGroup(762)) - Created group PipelineID=7eba5817-37da-440e-a4b8-2d5ede50c6dc
2021-09-23 03:29:06,807 [Command processor thread] INFO  commandhandler.CreatePipelineCommandHandler (CreatePipelineCommandHandler.java:handle(106)) - Created Pipeline RATIS THREE PipelineID=7eba5817-37da-440e-a4b8-2d5ede50c6dc.
2021-09-23 03:29:06,910 [Command processor thread] INFO  commandhandler.CreatePipelineCommandHandler (CreatePipelineCommandHandler.java:handle(106)) - Created Pipeline RATIS THREE PipelineID=7eba5817-37da-440e-a4b8-2d5ede50c6dc.
2021-09-23 03:29:07,054 [Listener at 127.0.0.1/43673] INFO  ozone.MiniOzoneClusterImpl (MiniOzoneClusterImpl.java:lambda$waitForClusterToBeReady$0(235)) - Nodes are ready. Got 3 of 3 DN Heartbeats.
2021-09-23 03:29:07,054 [Listener at 127.0.0.1/43673] INFO  ozone.MiniOzoneClusterImpl (MiniOzoneClusterImpl.java:lambda$waitForClusterToBeReady$0(238)) - Waiting for cluster to exit safe mode
2021-09-23 03:29:07,054 [Listener at 127.0.0.1/43673] INFO  ozone.MiniOzoneClusterImpl (MiniOzoneClusterImpl.java:lambda$waitForClusterToBeReady$0(240)) - SCM became leader
2021-09-23 03:29:07,074 [Command processor thread] INFO  server.RaftServer (RaftServerProxy.java:addNew(95)) - e7dc5bb2-1c20-468e-bb9f-5c6a91a907f2: addNew group-889E418F68CA:[e7dc5bb2-1c20-468e-bb9f-5c6a91a907f2|rpc:10.1.0.98:38093|priority:1] returns group-889E418F68CA:java.util.concurrent.CompletableFuture@2040738a[Not completed]
2021-09-23 03:29:07,075 [pool-264-thread-1] INFO  server.RaftServer$Division (RaftServerImpl.java:<init>(181)) - e7dc5bb2-1c20-468e-bb9f-5c6a91a907f2: new RaftServerImpl for group-889E418F68CA:[e7dc5bb2-1c20-468e-bb9f-5c6a91a907f2|rpc:10.1.0.98:38093|priority:1] with ContainerStateMachine:uninitialized
2021-09-23 03:29:07,076 [pool-264-thread-1] INFO  server.RaftServerConfigKeys (ConfUtils.java:logGet(44)) - raft.server.rpc.timeout.min = 5s (custom)
2021-09-23 03:29:07,076 [pool-264-thread-1] INFO  server.RaftServerConfigKeys (ConfUtils.java:logGet(44)) - raft.server.rpc.timeout.max = 5200ms (custom)
2021-09-23 03:29:07,076 [pool-264-thread-1] INFO  server.RaftServerConfigKeys (ConfUtils.java:logGet(44)) - raft.server.rpc.sleep.time = 25ms (default)
2021-09-23 03:29:07,076 [pool-264-thread-1] INFO  server.RaftServerConfigKeys (ConfUtils.java:logGet(44)) - raft.server.rpc.slowness.timeout = 300s (custom)
2021-09-23 03:29:07,076 [pool-264-thread-1] INFO  server.RaftServerConfigKeys (ConfUtils.java:logGet(44)) - raft.server.leaderelection.leader.step-down.wait-time = 10s (default)
2021-09-23 03:29:07,076 [pool-264-thread-1] INFO  server.RaftServerConfigKeys (ConfUtils.java:logGet(44)) - raft.server.sleep.deviation.threshold = 300ms (default)
2021-09-23 03:29:07,076 [pool-264-thread-1] INFO  server.RaftServerConfigKeys (ConfUtils.java:logGet(44)) - raft.server.log.appender.install.snapshot.enabled = false (custom)
2021-09-23 03:29:07,076 [pool-264-thread-1] INFO  server.RaftServer$Division (ServerState.java:<init>(105)) - e7dc5bb2-1c20-468e-bb9f-5c6a91a907f2@group-889E418F68CA: ConfigurationManager, init=-1: [e7dc5bb2-1c20-468e-bb9f-5c6a91a907f2|rpc:10.1.0.98:38093|priority:1], old=null, confs=<EMPTY_MAP>
2021-09-23 03:29:07,076 [pool-264-thread-1] INFO  server.RaftServerConfigKeys (ConfUtils.java:logGet(44)) - raft.server.storage.dir = [/home/runner/work/ozone/ozone/hadoop-ozone/integration-test/target/test-dir/MiniOzoneClusterImpl-53dd09de-9596-4e63-80fc-208f4288e982/datanode-2/data/ratis] (custom)
2021-09-23 03:29:07,076 [pool-264-thread-1] INFO  server.RaftServerConfigKeys (ConfUtils.java:logGet(44)) - raft.server.log.corruption.policy = EXCEPTION (default)
2021-09-23 03:29:07,076 [pool-264-thread-1] INFO  server.RaftServerConfigKeys (ConfUtils.java:logGet(44)) - raft.server.storage.free-space.min = 0MB (=0) (default)
2021-09-23 03:29:07,076 [pool-264-thread-1] INFO  storage.RaftStorageDirectory (RaftStorageDirectoryImpl.java:analyzeStorage(135)) - The storage directory /home/runner/work/ozone/ozone/hadoop-ozone/integration-test/target/test-dir/MiniOzoneClusterImpl-53dd09de-9596-4e63-80fc-208f4288e982/datanode-2/data/ratis/1c3c92d9-14a1-49d6-a768-889e418f68ca does not exist. Creating ...
2021-09-23 03:29:07,077 [pool-264-thread-1] INFO  storage.RaftStorageDirectory (RaftStorageDirectoryImpl.java:tryLock(230)) - Lock on /home/runner/work/ozone/ozone/hadoop-ozone/integration-test/target/test-dir/MiniOzoneClusterImpl-53dd09de-9596-4e63-80fc-208f4288e982/datanode-2/data/ratis/1c3c92d9-14a1-49d6-a768-889e418f68ca/in_use.lock acquired by nodename 7136@fv-az50-49
2021-09-23 03:29:07,078 [pool-264-thread-1] INFO  storage.RaftStorage (RaftStorageImpl.java:format(89)) - Storage directory /home/runner/work/ozone/ozone/hadoop-ozone/integration-test/target/test-dir/MiniOzoneClusterImpl-53dd09de-9596-4e63-80fc-208f4288e982/datanode-2/data/ratis/1c3c92d9-14a1-49d6-a768-889e418f68ca has been successfully formatted.
2021-09-23 03:29:07,079 [Datanode State Machine Thread - 0] WARN  statemachine.StateContext (StateContext.java:execute(621)) - No available thread in pool for past 1 seconds.
2021-09-23 03:29:07,081 [EventQueue-PipelineReportForPipelineReportHandler] INFO  pipeline.PipelineManagerImpl (PipelineManagerImpl.java:openPipeline(282)) - Pipeline Pipeline[ Id: 1c3c92d9-14a1-49d6-a768-889e418f68ca, Nodes: e7dc5bb2-1c20-468e-bb9f-5c6a91a907f2{ip: 10.1.0.98, host: fv-az50-49.grzltbmokehuzjyc5b133kdqgh.cx.internal.cloudapp.net, ports: [REPLICATION=35707, RATIS=38093, RATIS_ADMIN=38093, RATIS_SERVER=38093, STANDALONE=38481], networkLocation: /default-rack, certSerialId: null, persistedOpState: IN_SERVICE, persistedOpStateExpiryEpochSec: 0}, ReplicationConfig: RATIS/ONE, State:ALLOCATED, leaderId:e7dc5bb2-1c20-468e-bb9f-5c6a91a907f2, CreationTimestamp2021-09-23T03:29:04.080Z[Etc/UTC]] moved to OPEN state
2021-09-23 03:29:07,081 [EventQueue-OpenPipelineForHealthyPipelineSafeModeRule] INFO  safemode.SCMSafeModeManager (HealthyPipelineSafeModeRule.java:process(124)) - SCM in safe mode. Healthy pipelines reported count is 0, required healthy pipeline reported count is 1
2021-09-23 03:29:07,081 [pool-264-thread-1] INFO  ratis.ContainerStateMachine (ContainerStateMachine.java:loadSnapshot(224)) - group-889E418F68CA: The snapshot info is null. Setting the last applied indexto:(t:0, i:~)
2021-09-23 03:29:07,090 [pool-264-thread-1] INFO  server.RaftServerConfigKeys (ConfUtils.java:logGet(44)) - raft.server.notification.no-leader.timeout = 300s (custom)
2021-09-23 03:29:07,090 [pool-264-thread-1] INFO  server.RaftServerConfigKeys (ConfUtils.java:logGet(44)) - raft.server.log.use.memory = false (default)
2021-09-23 03:29:07,090 [pool-264-thread-1] INFO  server.RaftServerConfigKeys (ConfUtils.java:logGet(44)) - raft.server.log.purge.gap = 1000000 (custom)
2021-09-23 03:29:07,090 [pool-264-thread-1] INFO  server.RaftServerConfigKeys (ConfUtils.java:logGet(44)) - raft.server.log.appender.buffer.byte-limit = 33554432 (custom)
2021-09-23 03:29:07,090 [pool-264-thread-1] INFO  server.RaftServerConfigKeys (ConfUtils.java:logGet(44)) - raft.server.log.segment.size.max = 1048576 (custom)
2021-09-23 03:29:07,091 [pool-264-thread-1] INFO  server.RaftServerConfigKeys (ConfUtils.java:logGet(44)) - raft.server.log.segment.cache.num.max = 2 (custom)
2021-09-23 03:29:07,091 [pool-264-thread-1] INFO  server.RaftServerConfigKeys (ConfUtils.java:logGet(44)) - raft.server.log.segment.cache.size.max = 200MB (=209715200) (default)
2021-09-23 03:29:07,091 [pool-264-thread-1] INFO  segmented.SegmentedRaftLogWorker (SegmentedRaftLogWorker.java:<init>(182)) - new e7dc5bb2-1c20-468e-bb9f-5c6a91a907f2@group-889E418F68CA-SegmentedRaftLogWorker for RaftStorageImpl:Storage Directory /home/runner/work/ozone/ozone/hadoop-ozone/integration-test/target/test-dir/MiniOzoneClusterImpl-53dd09de-9596-4e63-80fc-208f4288e982/datanode-2/data/ratis/1c3c92d9-14a1-49d6-a768-889e418f68ca
2021-09-23 03:29:07,091 [pool-264-thread-1] INFO  server.RaftServerConfigKeys (ConfUtils.java:logGet(44)) - raft.server.log.queue.byte-limit = 2147483647 (custom)
2021-09-23 03:29:07,091 [pool-264-thread-1] INFO  server.RaftServerConfigKeys (ConfUtils.java:logGet(44)) - raft.server.log.queue.element-limit = 1024 (custom)
2021-09-23 03:29:07,091 [pool-264-thread-1] INFO  server.RaftServerConfigKeys (ConfUtils.java:logGet(44)) - raft.server.log.segment.size.max = 1048576 (custom)
2021-09-23 03:29:07,091 [pool-264-thread-1] INFO  server.RaftServerConfigKeys (ConfUtils.java:logGet(44)) - raft.server.log.preallocated.size = 16384 (custom)
2021-09-23 03:29:07,091 [pool-264-thread-1] INFO  server.RaftServerConfigKeys (ConfUtils.java:logGet(44)) - raft.server.log.force.sync.num = 128 (default)
2021-09-23 03:29:07,091 [pool-264-thread-1] INFO  server.RaftServerConfigKeys (ConfUtils.java:logGet(44)) - raft.server.log.statemachine.data.sync = true (default)
2021-09-23 03:29:07,091 [pool-264-thread-1] INFO  server.RaftServerConfigKeys (ConfUtils.java:logGet(44)) - raft.server.log.statemachine.data.sync.timeout = 10s (default)
2021-09-23 03:29:07,091 [pool-264-thread-1] INFO  server.RaftServerConfigKeys (ConfUtils.java:logGet(44)) - raft.server.log.statemachine.data.sync.timeout.retry = -1 (default)
2021-09-23 03:29:07,092 [pool-264-thread-1] INFO  server.RaftServerConfigKeys (ConfUtils.java:logGet(44)) - raft.server.log.write.buffer.size = 1048576 (custom)
2021-09-23 03:29:07,093 [pool-264-thread-1] INFO  server.RaftServerConfigKeys (ConfUtils.java:logGet(44)) - raft.server.log.statemachine.data.caching.enabled = true (custom)
2021-09-23 03:29:07,093 [pool-264-thread-1] INFO  segmented.SegmentedRaftLogWorker (SegmentedRaftLogWorker.java:lambda$new$0(133)) - e7dc5bb2-1c20-468e-bb9f-5c6a91a907f2@group-889E418F68CA-SegmentedRaftLogWorker: flushIndex: setUnconditionally 0 -> -1
2021-09-23 03:29:07,093 [pool-264-thread-1] INFO  segmented.SegmentedRaftLogWorker (SegmentedRaftLogWorker.java:lambda$new$0(133)) - e7dc5bb2-1c20-468e-bb9f-5c6a91a907f2@group-889E418F68CA-SegmentedRaftLogWorker: safeCacheEvictIndex: setUnconditionally 0 -> -1
2021-09-23 03:29:07,093 [pool-264-thread-1] INFO  server.RaftServerConfigKeys (ConfUtils.java:logGet(44)) - raft.server.snapshot.auto.trigger.enabled = true (custom)
2021-09-23 03:29:07,093 [pool-264-thread-1] INFO  server.RaftServerConfigKeys (ConfUtils.java:logGet(44)) - raft.server.snapshot.auto.trigger.threshold = 10000 (custom)
2021-09-23 03:29:07,093 [pool-264-thread-1] INFO  server.RaftServerConfigKeys (ConfUtils.java:logGet(44)) - raft.server.snapshot.retention.file.num = 5 (custom)
2021-09-23 03:29:07,093 [pool-264-thread-1] INFO  server.RaftServerConfigKeys (ConfUtils.java:logGet(44)) - raft.server.log.purge.upto.snapshot.index = false (default)
2021-09-23 03:29:07,093 [pool-264-thread-1] INFO  server.RaftServerConfigKeys (ConfUtils.java:logGet(44)) - raft.server.retrycache.expirytime = 600000ms (custom)
2021-09-23 03:29:07,093 [pool-264-thread-1] INFO  server.RaftServerConfigKeys (ConfUtils.java:logGet(44)) - raft.server.retrycache.statistics.expirytime = 100μs (default)
2021-09-23 03:29:07,096 [pool-264-thread-1] INFO  server.RaftServer$Division (RaftServerImpl.java:start(296)) - e7dc5bb2-1c20-468e-bb9f-5c6a91a907f2@group-889E418F68CA: start as a follower, conf=-1: [e7dc5bb2-1c20-468e-bb9f-5c6a91a907f2|rpc:10.1.0.98:38093|priority:1], old=null
2021-09-23 03:29:07,096 [pool-264-thread-1] INFO  server.RaftServer$Division (RaftServerImpl.java:setRole(285)) - e7dc5bb2-1c20-468e-bb9f-5c6a91a907f2@group-889E418F68CA: changes role from      null to FOLLOWER at term 0 for startAsFollower
2021-09-23 03:29:07,097 [pool-264-thread-1] INFO  impl.RoleInfo (RoleInfo.java:updateAndGet(130)) - e7dc5bb2-1c20-468e-bb9f-5c6a91a907f2: start e7dc5bb2-1c20-468e-bb9f-5c6a91a907f2@group-889E418F68CA-FollowerState
2021-09-23 03:29:07,105 [pool-264-thread-1] INFO  util.JmxRegister (JmxRegister.java:tryRegister(44)) - Successfully registered JMX Bean with object name Ratis:service=RaftServer,group=group-889E418F68CA,id=e7dc5bb2-1c20-468e-bb9f-5c6a91a907f2
2021-09-23 03:29:07,106 [Command processor thread] INFO  ratis.XceiverServerRatis (XceiverServerRatis.java:addGroup(762)) - Created group PipelineID=1c3c92d9-14a1-49d6-a768-889e418f68ca
2021-09-23 03:29:07,106 [Command processor thread] INFO  commandhandler.CreatePipelineCommandHandler (CreatePipelineCommandHandler.java:handle(106)) - Created Pipeline RATIS ONE PipelineID=1c3c92d9-14a1-49d6-a768-889e418f68ca.
2021-09-23 03:29:08,054 [Listener at 127.0.0.1/43673] INFO  ozone.MiniOzoneClusterImpl (MiniOzoneClusterImpl.java:lambda$waitForClusterToBeReady$0(235)) - Nodes are ready. Got 3 of 3 DN Heartbeats.
2021-09-23 03:29:08,055 [Listener at 127.0.0.1/43673] INFO  ozone.MiniOzoneClusterImpl (MiniOzoneClusterImpl.java:lambda$waitForClusterToBeReady$0(238)) - Waiting for cluster to exit safe mode
2021-09-23 03:29:08,055 [Listener at 127.0.0.1/43673] INFO  ozone.MiniOzoneClusterImpl (MiniOzoneClusterImpl.java:lambda$waitForClusterToBeReady$0(240)) - SCM became leader
2021-09-23 03:29:09,055 [Listener at 127.0.0.1/43673] INFO  ozone.MiniOzoneClusterImpl (MiniOzoneClusterImpl.java:lambda$waitForClusterToBeReady$0(235)) - Nodes are ready. Got 3 of 3 DN Heartbeats.
2021-09-23 03:29:09,055 [Listener at 127.0.0.1/43673] INFO  ozone.MiniOzoneClusterImpl (MiniOzoneClusterImpl.java:lambda$waitForClusterToBeReady$0(238)) - Waiting for cluster to exit safe mode
2021-09-23 03:29:09,055 [Listener at 127.0.0.1/43673] INFO  ozone.MiniOzoneClusterImpl (MiniOzoneClusterImpl.java:lambda$waitForClusterToBeReady$0(240)) - SCM became leader
2021-09-23 03:29:10,055 [Listener at 127.0.0.1/43673] INFO  ozone.MiniOzoneClusterImpl (MiniOzoneClusterImpl.java:lambda$waitForClusterToBeReady$0(235)) - Nodes are ready. Got 3 of 3 DN Heartbeats.
2021-09-23 03:29:10,056 [Listener at 127.0.0.1/43673] INFO  ozone.MiniOzoneClusterImpl (MiniOzoneClusterImpl.java:lambda$waitForClusterToBeReady$0(238)) - Waiting for cluster to exit safe mode
2021-09-23 03:29:10,056 [Listener at 127.0.0.1/43673] INFO  ozone.MiniOzoneClusterImpl (MiniOzoneClusterImpl.java:lambda$waitForClusterToBeReady$0(240)) - SCM became leader
2021-09-23 03:29:11,056 [Listener at 127.0.0.1/43673] INFO  ozone.MiniOzoneClusterImpl (MiniOzoneClusterImpl.java:lambda$waitForClusterToBeReady$0(235)) - Nodes are ready. Got 3 of 3 DN Heartbeats.
2021-09-23 03:29:11,056 [Listener at 127.0.0.1/43673] INFO  ozone.MiniOzoneClusterImpl (MiniOzoneClusterImpl.java:lambda$waitForClusterToBeReady$0(238)) - Waiting for cluster to exit safe mode
2021-09-23 03:29:11,056 [Listener at 127.0.0.1/43673] INFO  ozone.MiniOzoneClusterImpl (MiniOzoneClusterImpl.java:lambda$waitForClusterToBeReady$0(240)) - SCM became leader
2021-09-23 03:29:11,532 [9cd1aba0-3bef-48ca-b96c-00189f9f00e2@group-893C6F4E4145-FollowerState] INFO  impl.FollowerState (FollowerState.java:run(134)) - 9cd1aba0-3bef-48ca-b96c-00189f9f00e2@group-893C6F4E4145-FollowerState: change to CANDIDATE, lastRpcElapsedTime:5158113558ns, electionTimeout:5154ms
2021-09-23 03:29:11,532 [9cd1aba0-3bef-48ca-b96c-00189f9f00e2@group-893C6F4E4145-FollowerState] INFO  impl.RoleInfo (RoleInfo.java:shutdownFollowerState(108)) - 9cd1aba0-3bef-48ca-b96c-00189f9f00e2: shutdown 9cd1aba0-3bef-48ca-b96c-00189f9f00e2@group-893C6F4E4145-FollowerState
2021-09-23 03:29:11,532 [9cd1aba0-3bef-48ca-b96c-00189f9f00e2@group-893C6F4E4145-FollowerState] INFO  server.RaftServer$Division (RaftServerImpl.java:setRole(285)) - 9cd1aba0-3bef-48ca-b96c-00189f9f00e2@group-893C6F4E4145: changes role from  FOLLOWER to CANDIDATE at term 0 for changeToCandidate
2021-09-23 03:29:11,533 [9cd1aba0-3bef-48ca-b96c-00189f9f00e2@group-893C6F4E4145-FollowerState] INFO  server.RaftServerConfigKeys (ConfUtils.java:logGet(44)) - raft.server.leaderelection.pre-vote = false (custom)
2021-09-23 03:29:11,533 [9cd1aba0-3bef-48ca-b96c-00189f9f00e2@group-893C6F4E4145-FollowerState] INFO  impl.RoleInfo (RoleInfo.java:updateAndGet(130)) - 9cd1aba0-3bef-48ca-b96c-00189f9f00e2: start 9cd1aba0-3bef-48ca-b96c-00189f9f00e2@group-893C6F4E4145-LeaderElection9
2021-09-23 03:29:11,550 [9cd1aba0-3bef-48ca-b96c-00189f9f00e2@group-893C6F4E4145-LeaderElection9] INFO  impl.LeaderElection (LeaderElection.java:askForVotes(306)) - 9cd1aba0-3bef-48ca-b96c-00189f9f00e2@group-893C6F4E4145-LeaderElection9 ELECTION round 0: submit vote requests at term 1 for -1: [9cd1aba0-3bef-48ca-b96c-00189f9f00e2|rpc:10.1.0.98:41505|priority:1], old=null
2021-09-23 03:29:11,551 [9cd1aba0-3bef-48ca-b96c-00189f9f00e2@group-893C6F4E4145-LeaderElection9] INFO  impl.LeaderElection (LeaderElection.java:askForVotes(308)) - 9cd1aba0-3bef-48ca-b96c-00189f9f00e2@group-893C6F4E4145-LeaderElection9 ELECTION round 0: result PASSED (term=1)
2021-09-23 03:29:11,551 [9cd1aba0-3bef-48ca-b96c-00189f9f00e2@group-893C6F4E4145-LeaderElection9] INFO  impl.RoleInfo (RoleInfo.java:shutdownLeaderElection(121)) - 9cd1aba0-3bef-48ca-b96c-00189f9f00e2: shutdown 9cd1aba0-3bef-48ca-b96c-00189f9f00e2@group-893C6F4E4145-LeaderElection9
2021-09-23 03:29:11,551 [9cd1aba0-3bef-48ca-b96c-00189f9f00e2@group-893C6F4E4145-LeaderElection9] INFO  server.RaftServer$Division (RaftServerImpl.java:setRole(285)) - 9cd1aba0-3bef-48ca-b96c-00189f9f00e2@group-893C6F4E4145: changes role from CANDIDATE to LEADER at term 1 for changeToLeader
2021-09-23 03:29:11,551 [9cd1aba0-3bef-48ca-b96c-00189f9f00e2@group-893C6F4E4145-LeaderElection9] INFO  ratis.XceiverServerRatis (XceiverServerRatis.java:handleLeaderChangedNotification(860)) - Leader change notification received for group: group-893C6F4E4145 with new leaderId: 9cd1aba0-3bef-48ca-b96c-00189f9f00e2
2021-09-23 03:29:11,551 [9cd1aba0-3bef-48ca-b96c-00189f9f00e2@group-893C6F4E4145-LeaderElection9] INFO  server.RaftServer$Division (ServerState.java:setLeader(285)) - 9cd1aba0-3bef-48ca-b96c-00189f9f00e2@group-893C6F4E4145: change Leader from null to 9cd1aba0-3bef-48ca-b96c-00189f9f00e2 at term 1 for becomeLeader, leader elected after 5224ms
2021-09-23 03:29:11,551 [9cd1aba0-3bef-48ca-b96c-00189f9f00e2@group-893C6F4E4145-LeaderElection9] INFO  server.RaftServerConfigKeys (ConfUtils.java:logGet(44)) - raft.server.staging.catchup.gap = 1000 (default)
2021-09-23 03:29:11,551 [9cd1aba0-3bef-48ca-b96c-00189f9f00e2@group-893C6F4E4145-LeaderElection9] INFO  server.RaftServerConfigKeys (ConfUtils.java:logGet(44)) - raft.server.write.element-limit = 1024 (custom)
2021-09-23 03:29:11,551 [9cd1aba0-3bef-48ca-b96c-00189f9f00e2@group-893C6F4E4145-LeaderElection9] INFO  server.RaftServerConfigKeys (ConfUtils.java:logGet(44)) - raft.server.write.byte-limit = 1024 M (=1073741824) (custom)
2021-09-23 03:29:11,552 [9cd1aba0-3bef-48ca-b96c-00189f9f00e2@group-893C6F4E4145-LeaderElection9] INFO  server.RaftServerConfigKeys (ConfUtils.java:logGet(44)) - raft.server.watch.timeout = 180s (custom)
2021-09-23 03:29:11,552 [9cd1aba0-3bef-48ca-b96c-00189f9f00e2@group-893C6F4E4145-LeaderElection9] INFO  server.RaftServerConfigKeys (ConfUtils.java:logGet(44)) - raft.server.watch.timeout.denomination = 1s (default)
2021-09-23 03:29:11,552 [9cd1aba0-3bef-48ca-b96c-00189f9f00e2@group-893C6F4E4145-LeaderElection9] INFO  server.RaftServerConfigKeys (ConfUtils.java:logGet(44)) - raft.server.watch.element-limit = 65536 (default)
2021-09-23 03:29:11,552 [9cd1aba0-3bef-48ca-b96c-00189f9f00e2@group-893C6F4E4145-LeaderElection9] INFO  impl.RoleInfo (RoleInfo.java:updateAndGet(130)) - 9cd1aba0-3bef-48ca-b96c-00189f9f00e2: start 9cd1aba0-3bef-48ca-b96c-00189f9f00e2@group-893C6F4E4145-LeaderStateImpl
2021-09-23 03:29:11,552 [9cd1aba0-3bef-48ca-b96c-00189f9f00e2@group-893C6F4E4145-LeaderElection9] INFO  segmented.SegmentedRaftLogWorker (SegmentedRaftLogWorker.java:startLogSegment(394)) - 9cd1aba0-3bef-48ca-b96c-00189f9f00e2@group-893C6F4E4145-SegmentedRaftLogWorker: Starting segment from index:0
2021-09-23 03:29:11,553 [Datanode State Machine Thread - 0] WARN  statemachine.StateContext (StateContext.java:execute(621)) - No available thread in pool for past 1 seconds.
2021-09-23 03:29:11,554 [9cd1aba0-3bef-48ca-b96c-00189f9f00e2@group-893C6F4E4145-SegmentedRaftLogWorker] INFO  segmented.SegmentedRaftLogWorker (SegmentedRaftLogWorker.java:execute(601)) - 9cd1aba0-3bef-48ca-b96c-00189f9f00e2@group-893C6F4E4145-SegmentedRaftLogWorker: created new log segment /home/runner/work/ozone/ozone/hadoop-ozone/integration-test/target/test-dir/MiniOzoneClusterImpl-53dd09de-9596-4e63-80fc-208f4288e982/datanode-0/data/ratis/e1bf4ab7-0b4e-4393-ae74-893c6f4e4145/current/log_inprogress_0
2021-09-23 03:29:11,555 [EventQueue-OpenPipelineForHealthyPipelineSafeModeRule] INFO  safemode.SCMSafeModeManager (HealthyPipelineSafeModeRule.java:process(124)) - SCM in safe mode. Healthy pipelines reported count is 0, required healthy pipeline reported count is 1
2021-09-23 03:29:11,556 [9cd1aba0-3bef-48ca-b96c-00189f9f00e2@group-2D5EDE50C6DC-FollowerState] INFO  impl.FollowerState (FollowerState.java:run(134)) - 9cd1aba0-3bef-48ca-b96c-00189f9f00e2@group-2D5EDE50C6DC-FollowerState: change to CANDIDATE, lastRpcElapsedTime:5133049100ns, electionTimeout:5122ms
2021-09-23 03:29:11,557 [9cd1aba0-3bef-48ca-b96c-00189f9f00e2@group-2D5EDE50C6DC-FollowerState] INFO  impl.RoleInfo (RoleInfo.java:shutdownFollowerState(108)) - 9cd1aba0-3bef-48ca-b96c-00189f9f00e2: shutdown 9cd1aba0-3bef-48ca-b96c-00189f9f00e2@group-2D5EDE50C6DC-FollowerState
2021-09-23 03:29:11,557 [9cd1aba0-3bef-48ca-b96c-00189f9f00e2@group-2D5EDE50C6DC-FollowerState] INFO  server.RaftServer$Division (RaftServerImpl.java:setRole(285)) - 9cd1aba0-3bef-48ca-b96c-00189f9f00e2@group-2D5EDE50C6DC: changes role from  FOLLOWER to CANDIDATE at term 0 for changeToCandidate
2021-09-23 03:29:11,570 [9cd1aba0-3bef-48ca-b96c-00189f9f00e2@group-2D5EDE50C6DC-FollowerState] INFO  server.RaftServerConfigKeys (ConfUtils.java:logGet(44)) - raft.server.leaderelection.pre-vote = false (custom)
2021-09-23 03:29:11,570 [9cd1aba0-3bef-48ca-b96c-00189f9f00e2@group-2D5EDE50C6DC-FollowerState] INFO  impl.RoleInfo (RoleInfo.java:updateAndGet(130)) - 9cd1aba0-3bef-48ca-b96c-00189f9f00e2: start 9cd1aba0-3bef-48ca-b96c-00189f9f00e2@group-2D5EDE50C6DC-LeaderElection10
2021-09-23 03:29:11,574 [9cd1aba0-3bef-48ca-b96c-00189f9f00e2@group-893C6F4E4145-LeaderElection9] INFO  server.RaftServer$Division (ServerState.java:setRaftConf(387)) - 9cd1aba0-3bef-48ca-b96c-00189f9f00e2@group-893C6F4E4145: set configuration 0: [9cd1aba0-3bef-48ca-b96c-00189f9f00e2|rpc:10.1.0.98:41505|dataStream:|priority:1], old=null
2021-09-23 03:29:11,599 [9cd1aba0-3bef-48ca-b96c-00189f9f00e2@group-2D5EDE50C6DC-LeaderElection10] INFO  impl.LeaderElection (LeaderElection.java:askForVotes(306)) - 9cd1aba0-3bef-48ca-b96c-00189f9f00e2@group-2D5EDE50C6DC-LeaderElection10 ELECTION round 0: submit vote requests at term 1 for -1: [e7dc5bb2-1c20-468e-bb9f-5c6a91a907f2|rpc:10.1.0.98:38093|priority:0, 9cd1aba0-3bef-48ca-b96c-00189f9f00e2|rpc:10.1.0.98:41505|priority:0, 768abe3e-e5a9-4d99-a987-26001157f375|rpc:10.1.0.98:39881|priority:1], old=null
2021-09-23 03:29:11,644 [grpc-default-executor-1] INFO  server.RaftServer$Division (RaftServerImpl.java:requestVote(1043)) - 768abe3e-e5a9-4d99-a987-26001157f375@group-2D5EDE50C6DC: receive requestVote(ELECTION, 9cd1aba0-3bef-48ca-b96c-00189f9f00e2, group-2D5EDE50C6DC, 1, (t:0, i:0))
2021-09-23 03:29:11,644 [grpc-default-executor-0] INFO  server.RaftServer$Division (RaftServerImpl.java:requestVote(1043)) - e7dc5bb2-1c20-468e-bb9f-5c6a91a907f2@group-2D5EDE50C6DC: receive requestVote(ELECTION, 9cd1aba0-3bef-48ca-b96c-00189f9f00e2, group-2D5EDE50C6DC, 1, (t:0, i:0))
2021-09-23 03:29:11,644 [grpc-default-executor-0] INFO  impl.VoteContext (VoteContext.java:log(48)) - e7dc5bb2-1c20-468e-bb9f-5c6a91a907f2@group-2D5EDE50C6DC-FOLLOWER: accept ELECTION from 9cd1aba0-3bef-48ca-b96c-00189f9f00e2: our priority 0 <= candidate's priority 0
2021-09-23 03:29:11,645 [grpc-default-executor-0] INFO  server.RaftServer$Division (RaftServerImpl.java:setRole(285)) - e7dc5bb2-1c20-468e-bb9f-5c6a91a907f2@group-2D5EDE50C6DC: changes role from  FOLLOWER to FOLLOWER at term 1 for candidate:9cd1aba0-3bef-48ca-b96c-00189f9f00e2
2021-09-23 03:29:11,645 [grpc-default-executor-0] INFO  impl.RoleInfo (RoleInfo.java:shutdownFollowerState(108)) - e7dc5bb2-1c20-468e-bb9f-5c6a91a907f2: shutdown e7dc5bb2-1c20-468e-bb9f-5c6a91a907f2@group-2D5EDE50C6DC-FollowerState
2021-09-23 03:29:11,645 [grpc-default-executor-0] INFO  impl.RoleInfo (RoleInfo.java:updateAndGet(130)) - e7dc5bb2-1c20-468e-bb9f-5c6a91a907f2: start e7dc5bb2-1c20-468e-bb9f-5c6a91a907f2@group-2D5EDE50C6DC-FollowerState
2021-09-23 03:29:11,645 [e7dc5bb2-1c20-468e-bb9f-5c6a91a907f2@group-2D5EDE50C6DC-FollowerState] INFO  impl.FollowerState (FollowerState.java:run(143)) - e7dc5bb2-1c20-468e-bb9f-5c6a91a907f2@group-2D5EDE50C6DC-FollowerState was interrupted: {}
java.lang.InterruptedException: sleep interrupted
	at java.lang.Thread.sleep(Native Method)
	at java.lang.Thread.sleep(Thread.java:340)
	at java.util.concurrent.TimeUnit.sleep(TimeUnit.java:386)
	at org.apache.ratis.util.TimeDuration.sleep(TimeDuration.java:324)
	at org.apache.ratis.util.TimeDuration.sleep(TimeDuration.java:309)
	at org.apache.ratis.server.impl.FollowerState.run(FollowerState.java:118)
2021-09-23 03:29:11,645 [grpc-default-executor-1] INFO  impl.VoteContext (VoteContext.java:log(48)) - 768abe3e-e5a9-4d99-a987-26001157f375@group-2D5EDE50C6DC-FOLLOWER: reject ELECTION from 9cd1aba0-3bef-48ca-b96c-00189f9f00e2: our priority 1 > candidate's priority 0
2021-09-23 03:29:11,645 [grpc-default-executor-1] INFO  server.RaftServer$Division (RaftServerImpl.java:setRole(285)) - 768abe3e-e5a9-4d99-a987-26001157f375@group-2D5EDE50C6DC: changes role from  FOLLOWER to FOLLOWER at term 1 for candidate:9cd1aba0-3bef-48ca-b96c-00189f9f00e2
2021-09-23 03:29:11,645 [grpc-default-executor-1] INFO  impl.RoleInfo (RoleInfo.java:shutdownFollowerState(108)) - 768abe3e-e5a9-4d99-a987-26001157f375: shutdown 768abe3e-e5a9-4d99-a987-26001157f375@group-2D5EDE50C6DC-FollowerState
2021-09-23 03:29:11,654 [grpc-default-executor-1] INFO  impl.RoleInfo (RoleInfo.java:updateAndGet(130)) - 768abe3e-e5a9-4d99-a987-26001157f375: start 768abe3e-e5a9-4d99-a987-26001157f375@group-2D5EDE50C6DC-FollowerState
2021-09-23 03:29:11,658 [768abe3e-e5a9-4d99-a987-26001157f375@group-2D5EDE50C6DC-FollowerState] INFO  impl.FollowerState (FollowerState.java:run(143)) - 768abe3e-e5a9-4d99-a987-26001157f375@group-2D5EDE50C6DC-FollowerState was interrupted: {}
java.lang.InterruptedException: sleep interrupted
	at java.lang.Thread.sleep(Native Method)
	at java.lang.Thread.sleep(Thread.java:340)
	at java.util.concurrent.TimeUnit.sleep(TimeUnit.java:386)
	at org.apache.ratis.util.TimeDuration.sleep(TimeDuration.java:324)
	at org.apache.ratis.util.TimeDuration.sleep(TimeDuration.java:309)
	at org.apache.ratis.server.impl.FollowerState.run(FollowerState.java:118)
2021-09-23 03:29:11,658 [grpc-default-executor-0] INFO  server.RaftServer$Division (RaftServerImpl.java:requestVote(1075)) - e7dc5bb2-1c20-468e-bb9f-5c6a91a907f2@group-2D5EDE50C6DC replies to ELECTION vote request: 9cd1aba0-3bef-48ca-b96c-00189f9f00e2<-e7dc5bb2-1c20-468e-bb9f-5c6a91a907f2#0:OK-t1. Peer's state: e7dc5bb2-1c20-468e-bb9f-5c6a91a907f2@group-2D5EDE50C6DC:t1, leader=null, voted=9cd1aba0-3bef-48ca-b96c-00189f9f00e2, raftlog=e7dc5bb2-1c20-468e-bb9f-5c6a91a907f2@group-2D5EDE50C6DC-SegmentedRaftLog:OPENED:c-1,f-1,i0, conf=-1: [e7dc5bb2-1c20-468e-bb9f-5c6a91a907f2|rpc:10.1.0.98:38093|dataStream:|priority:0, 9cd1aba0-3bef-48ca-b96c-00189f9f00e2|rpc:10.1.0.98:41505|dataStream:|priority:0, 768abe3e-e5a9-4d99-a987-26001157f375|rpc:10.1.0.98:39881|dataStream:|priority:1], old=null
2021-09-23 03:29:11,693 [grpc-default-executor-1] INFO  server.RaftServer$Division (RaftServerImpl.java:requestVote(1075)) - 768abe3e-e5a9-4d99-a987-26001157f375@group-2D5EDE50C6DC replies to ELECTION vote request: 9cd1aba0-3bef-48ca-b96c-00189f9f00e2<-768abe3e-e5a9-4d99-a987-26001157f375#0:FAIL-t1. Peer's state: 768abe3e-e5a9-4d99-a987-26001157f375@group-2D5EDE50C6DC:t1, leader=null, voted=null, raftlog=768abe3e-e5a9-4d99-a987-26001157f375@group-2D5EDE50C6DC-SegmentedRaftLog:OPENED:c-1,f-1,i0, conf=-1: [e7dc5bb2-1c20-468e-bb9f-5c6a91a907f2|rpc:10.1.0.98:38093|priority:0, 9cd1aba0-3bef-48ca-b96c-00189f9f00e2|rpc:10.1.0.98:41505|priority:0, 768abe3e-e5a9-4d99-a987-26001157f375|rpc:10.1.0.98:39881|priority:1], old=null
2021-09-23 03:29:11,707 [9cd1aba0-3bef-48ca-b96c-00189f9f00e2@group-2D5EDE50C6DC-LeaderElection10] INFO  impl.LeaderElection (LeaderElection.java:logAndReturn(89)) - 9cd1aba0-3bef-48ca-b96c-00189f9f00e2@group-2D5EDE50C6DC-LeaderElection10: ELECTION REJECTED received 2 response(s) and 0 exception(s):
2021-09-23 03:29:11,708 [9cd1aba0-3bef-48ca-b96c-00189f9f00e2@group-2D5EDE50C6DC-LeaderElection10] INFO  impl.LeaderElection (LeaderElection.java:logAndReturn(93)) -   Response 0: 9cd1aba0-3bef-48ca-b96c-00189f9f00e2<-e7dc5bb2-1c20-468e-bb9f-5c6a91a907f2#0:OK-t1
2021-09-23 03:29:11,708 [9cd1aba0-3bef-48ca-b96c-00189f9f00e2@group-2D5EDE50C6DC-LeaderElection10] INFO  impl.LeaderElection (LeaderElection.java:logAndReturn(93)) -   Response 1: 9cd1aba0-3bef-48ca-b96c-00189f9f00e2<-768abe3e-e5a9-4d99-a987-26001157f375#0:FAIL-t1
2021-09-23 03:29:11,708 [9cd1aba0-3bef-48ca-b96c-00189f9f00e2@group-2D5EDE50C6DC-LeaderElection10] INFO  impl.LeaderElection (LeaderElection.java:askForVotes(308)) - 9cd1aba0-3bef-48ca-b96c-00189f9f00e2@group-2D5EDE50C6DC-LeaderElection10 ELECTION round 0: result REJECTED
2021-09-23 03:29:11,708 [9cd1aba0-3bef-48ca-b96c-00189f9f00e2@group-2D5EDE50C6DC-LeaderElection10] INFO  server.RaftServer$Division (RaftServerImpl.java:setRole(285)) - 9cd1aba0-3bef-48ca-b96c-00189f9f00e2@group-2D5EDE50C6DC: changes role from CANDIDATE to FOLLOWER at term 1 for REJECTED
2021-09-23 03:29:11,726 [9cd1aba0-3bef-48ca-b96c-00189f9f00e2@group-2D5EDE50C6DC-LeaderElection10] INFO  impl.RoleInfo (RoleInfo.java:shutdownLeaderElection(121)) - 9cd1aba0-3bef-48ca-b96c-00189f9f00e2: shutdown 9cd1aba0-3bef-48ca-b96c-00189f9f00e2@group-2D5EDE50C6DC-LeaderElection10
2021-09-23 03:29:11,726 [9cd1aba0-3bef-48ca-b96c-00189f9f00e2@group-2D5EDE50C6DC-LeaderElection10] INFO  impl.RoleInfo (RoleInfo.java:updateAndGet(130)) - 9cd1aba0-3bef-48ca-b96c-00189f9f00e2: start 9cd1aba0-3bef-48ca-b96c-00189f9f00e2@group-2D5EDE50C6DC-FollowerState
2021-09-23 03:29:11,805 [768abe3e-e5a9-4d99-a987-26001157f375@group-D09FB9A7B916-FollowerState] INFO  impl.FollowerState (FollowerState.java:run(134)) - 768abe3e-e5a9-4d99-a987-26001157f375@group-D09FB9A7B916-FollowerState: change to CANDIDATE, lastRpcElapsedTime:5091058532ns, electionTimeout:5073ms
2021-09-23 03:29:11,806 [768abe3e-e5a9-4d99-a987-26001157f375@group-D09FB9A7B916-FollowerState] INFO  impl.RoleInfo (RoleInfo.java:shutdownFollowerState(108)) - 768abe3e-e5a9-4d99-a987-26001157f375: shutdown 768abe3e-e5a9-4d99-a987-26001157f375@group-D09FB9A7B916-FollowerState
2021-09-23 03:29:11,806 [768abe3e-e5a9-4d99-a987-26001157f375@group-D09FB9A7B916-FollowerState] INFO  server.RaftServer$Division (RaftServerImpl.java:setRole(285)) - 768abe3e-e5a9-4d99-a987-26001157f375@group-D09FB9A7B916: changes role from  FOLLOWER to CANDIDATE at term 0 for changeToCandidate
2021-09-23 03:29:11,806 [768abe3e-e5a9-4d99-a987-26001157f375@group-D09FB9A7B916-FollowerState] INFO  server.RaftServerConfigKeys (ConfUtils.java:logGet(44)) - raft.server.leaderelection.pre-vote = false (custom)
2021-09-23 03:29:11,806 [768abe3e-e5a9-4d99-a987-26001157f375@group-D09FB9A7B916-FollowerState] INFO  impl.RoleInfo (RoleInfo.java:updateAndGet(130)) - 768abe3e-e5a9-4d99-a987-26001157f375: start 768abe3e-e5a9-4d99-a987-26001157f375@group-D09FB9A7B916-LeaderElection11
2021-09-23 03:29:11,826 [768abe3e-e5a9-4d99-a987-26001157f375@group-D09FB9A7B916-LeaderElection11] INFO  impl.LeaderElection (LeaderElection.java:askForVotes(306)) - 768abe3e-e5a9-4d99-a987-26001157f375@group-D09FB9A7B916-LeaderElection11 ELECTION round 0: submit vote requests at term 1 for -1: [768abe3e-e5a9-4d99-a987-26001157f375|rpc:10.1.0.98:39881|priority:1], old=null
2021-09-23 03:29:11,826 [768abe3e-e5a9-4d99-a987-26001157f375@group-D09FB9A7B916-LeaderElection11] INFO  impl.LeaderElection (LeaderElection.java:askForVotes(308)) - 768abe3e-e5a9-4d99-a987-26001157f375@group-D09FB9A7B916-LeaderElection11 ELECTION round 0: result PASSED (term=1)
2021-09-23 03:29:11,827 [768abe3e-e5a9-4d99-a987-26001157f375@group-D09FB9A7B916-LeaderElection11] INFO  impl.RoleInfo (RoleInfo.java:shutdownLeaderElection(121)) - 768abe3e-e5a9-4d99-a987-26001157f375: shutdown 768abe3e-e5a9-4d99-a987-26001157f375@group-D09FB9A7B916-LeaderElection11
2021-09-23 03:29:11,827 [768abe3e-e5a9-4d99-a987-26001157f375@group-D09FB9A7B916-LeaderElection11] INFO  server.RaftServer$Division (RaftServerImpl.java:setRole(285)) - 768abe3e-e5a9-4d99-a987-26001157f375@group-D09FB9A7B916: changes role from CANDIDATE to LEADER at term 1 for changeToLeader
2021-09-23 03:29:11,827 [768abe3e-e5a9-4d99-a987-26001157f375@group-D09FB9A7B916-LeaderElection11] INFO  ratis.XceiverServerRatis (XceiverServerRatis.java:handleLeaderChangedNotification(860)) - Leader change notification received for group: group-D09FB9A7B916 with new leaderId: 768abe3e-e5a9-4d99-a987-26001157f375
2021-09-23 03:29:11,827 [768abe3e-e5a9-4d99-a987-26001157f375@group-D09FB9A7B916-LeaderElection11] INFO  server.RaftServer$Division (ServerState.java:setLeader(285)) - 768abe3e-e5a9-4d99-a987-26001157f375@group-D09FB9A7B916: change Leader from null to 768abe3e-e5a9-4d99-a987-26001157f375 at term 1 for becomeLeader, leader elected after 5132ms
2021-09-23 03:29:11,827 [768abe3e-e5a9-4d99-a987-26001157f375@group-D09FB9A7B916-LeaderElection11] INFO  server.RaftServerConfigKeys (ConfUtils.java:logGet(44)) - raft.server.staging.catchup.gap = 1000 (default)
2021-09-23 03:29:11,827 [Datanode State Machine Thread - 0] WARN  statemachine.StateContext (StateContext.java:execute(621)) - No available thread in pool for past 1 seconds.
2021-09-23 03:29:11,827 [768abe3e-e5a9-4d99-a987-26001157f375@group-D09FB9A7B916-LeaderElection11] INFO  server.RaftServerConfigKeys (ConfUtils.java:logGet(44)) - raft.server.write.element-limit = 1024 (custom)
2021-09-23 03:29:11,827 [768abe3e-e5a9-4d99-a987-26001157f375@group-D09FB9A7B916-LeaderElection11] INFO  server.RaftServerConfigKeys (ConfUtils.java:logGet(44)) - raft.server.write.byte-limit = 1024 M (=1073741824) (custom)
2021-09-23 03:29:11,828 [768abe3e-e5a9-4d99-a987-26001157f375@group-D09FB9A7B916-LeaderElection11] INFO  server.RaftServerConfigKeys (ConfUtils.java:logGet(44)) - raft.server.watch.timeout = 180s (custom)
2021-09-23 03:29:11,828 [768abe3e-e5a9-4d99-a987-26001157f375@group-D09FB9A7B916-LeaderElection11] INFO  server.RaftServerConfigKeys (ConfUtils.java:logGet(44)) - raft.server.watch.timeout.denomination = 1s (default)
2021-09-23 03:29:11,828 [768abe3e-e5a9-4d99-a987-26001157f375@group-D09FB9A7B916-LeaderElection11] INFO  server.RaftServerConfigKeys (ConfUtils.java:logGet(44)) - raft.server.watch.element-limit = 65536 (default)
2021-09-23 03:29:11,828 [768abe3e-e5a9-4d99-a987-26001157f375@group-D09FB9A7B916-LeaderElection11] INFO  impl.RoleInfo (RoleInfo.java:updateAndGet(130)) - 768abe3e-e5a9-4d99-a987-26001157f375: start 768abe3e-e5a9-4d99-a987-26001157f375@group-D09FB9A7B916-LeaderStateImpl
2021-09-23 03:29:11,828 [768abe3e-e5a9-4d99-a987-26001157f375@group-D09FB9A7B916-LeaderElection11] INFO  segmented.SegmentedRaftLogWorker (SegmentedRaftLogWorker.java:startLogSegment(394)) - 768abe3e-e5a9-4d99-a987-26001157f375@group-D09FB9A7B916-SegmentedRaftLogWorker: Starting segment from index:0
2021-09-23 03:29:11,829 [EventQueue-OpenPipelineForHealthyPipelineSafeModeRule] INFO  safemode.SCMSafeModeManager (HealthyPipelineSafeModeRule.java:process(124)) - SCM in safe mode. Healthy pipelines reported count is 0, required healthy pipeline reported count is 1
2021-09-23 03:29:11,831 [768abe3e-e5a9-4d99-a987-26001157f375@group-D09FB9A7B916-SegmentedRaftLogWorker] INFO  segmented.SegmentedRaftLogWorker (SegmentedRaftLogWorker.java:execute(601)) - 768abe3e-e5a9-4d99-a987-26001157f375@group-D09FB9A7B916-SegmentedRaftLogWorker: created new log segment /home/runner/work/ozone/ozone/hadoop-ozone/integration-test/target/test-dir/MiniOzoneClusterImpl-53dd09de-9596-4e63-80fc-208f4288e982/datanode-1/data/ratis/739077f9-6383-419b-9eb4-d09fb9a7b916/current/log_inprogress_0
2021-09-23 03:29:11,846 [768abe3e-e5a9-4d99-a987-26001157f375@group-D09FB9A7B916-LeaderElection11] INFO  server.RaftServer$Division (ServerState.java:setRaftConf(387)) - 768abe3e-e5a9-4d99-a987-26001157f375@group-D09FB9A7B916: set configuration 0: [768abe3e-e5a9-4d99-a987-26001157f375|rpc:10.1.0.98:39881|dataStream:|priority:1], old=null
2021-09-23 03:29:12,056 [Listener at 127.0.0.1/43673] INFO  ozone.MiniOzoneClusterImpl (MiniOzoneClusterImpl.java:lambda$waitForClusterToBeReady$0(235)) - Nodes are ready. Got 3 of 3 DN Heartbeats.
2021-09-23 03:29:12,057 [Listener at 127.0.0.1/43673] INFO  ozone.MiniOzoneClusterImpl (MiniOzoneClusterImpl.java:lambda$waitForClusterToBeReady$0(238)) - Waiting for cluster to exit safe mode
2021-09-23 03:29:12,057 [Listener at 127.0.0.1/43673] INFO  ozone.MiniOzoneClusterImpl (MiniOzoneClusterImpl.java:lambda$waitForClusterToBeReady$0(240)) - SCM became leader
2021-09-23 03:29:12,197 [e7dc5bb2-1c20-468e-bb9f-5c6a91a907f2@group-889E418F68CA-FollowerState] INFO  impl.FollowerState (FollowerState.java:run(134)) - e7dc5bb2-1c20-468e-bb9f-5c6a91a907f2@group-889E418F68CA-FollowerState: change to CANDIDATE, lastRpcElapsedTime:5100943094ns, electionTimeout:5092ms
2021-09-23 03:29:12,198 [e7dc5bb2-1c20-468e-bb9f-5c6a91a907f2@group-889E418F68CA-FollowerState] INFO  impl.RoleInfo (RoleInfo.java:shutdownFollowerState(108)) - e7dc5bb2-1c20-468e-bb9f-5c6a91a907f2: shutdown e7dc5bb2-1c20-468e-bb9f-5c6a91a907f2@group-889E418F68CA-FollowerState
2021-09-23 03:29:12,198 [e7dc5bb2-1c20-468e-bb9f-5c6a91a907f2@group-889E418F68CA-FollowerState] INFO  server.RaftServer$Division (RaftServerImpl.java:setRole(285)) - e7dc5bb2-1c20-468e-bb9f-5c6a91a907f2@group-889E418F68CA: changes role from  FOLLOWER to CANDIDATE at term 0 for changeToCandidate
2021-09-23 03:29:12,198 [e7dc5bb2-1c20-468e-bb9f-5c6a91a907f2@group-889E418F68CA-FollowerState] INFO  server.RaftServerConfigKeys (ConfUtils.java:logGet(44)) - raft.server.leaderelection.pre-vote = false (custom)
2021-09-23 03:29:12,198 [e7dc5bb2-1c20-468e-bb9f-5c6a91a907f2@group-889E418F68CA-FollowerState] INFO  impl.RoleInfo (RoleInfo.java:updateAndGet(130)) - e7dc5bb2-1c20-468e-bb9f-5c6a91a907f2: start e7dc5bb2-1c20-468e-bb9f-5c6a91a907f2@group-889E418F68CA-LeaderElection12
2021-09-23 03:29:12,216 [e7dc5bb2-1c20-468e-bb9f-5c6a91a907f2@group-889E418F68CA-LeaderElection12] INFO  impl.LeaderElection (LeaderElection.java:askForVotes(306)) - e7dc5bb2-1c20-468e-bb9f-5c6a91a907f2@group-889E418F68CA-LeaderElection12 ELECTION round 0: submit vote requests at term 1 for -1: [e7dc5bb2-1c20-468e-bb9f-5c6a91a907f2|rpc:10.1.0.98:38093|priority:1], old=null
2021-09-23 03:29:12,216 [e7dc5bb2-1c20-468e-bb9f-5c6a91a907f2@group-889E418F68CA-LeaderElection12] INFO  impl.LeaderElection (LeaderElection.java:askForVotes(308)) - e7dc5bb2-1c20-468e-bb9f-5c6a91a907f2@group-889E418F68CA-LeaderElection12 ELECTION round 0: result PASSED (term=1)
2021-09-23 03:29:12,216 [e7dc5bb2-1c20-468e-bb9f-5c6a91a907f2@group-889E418F68CA-LeaderElection12] INFO  impl.RoleInfo (RoleInfo.java:shutdownLeaderElection(121)) - e7dc5bb2-1c20-468e-bb9f-5c6a91a907f2: shutdown e7dc5bb2-1c20-468e-bb9f-5c6a91a907f2@group-889E418F68CA-LeaderElection12
2021-09-23 03:29:12,216 [e7dc5bb2-1c20-468e-bb9f-5c6a91a907f2@group-889E418F68CA-LeaderElection12] INFO  server.RaftServer$Division (RaftServerImpl.java:setRole(285)) - e7dc5bb2-1c20-468e-bb9f-5c6a91a907f2@group-889E418F68CA: changes role from CANDIDATE to LEADER at term 1 for changeToLeader
2021-09-23 03:29:12,216 [e7dc5bb2-1c20-468e-bb9f-5c6a91a907f2@group-889E418F68CA-LeaderElection12] INFO  ratis.XceiverServerRatis (XceiverServerRatis.java:handleLeaderChangedNotification(860)) - Leader change notification received for group: group-889E418F68CA with new leaderId: e7dc5bb2-1c20-468e-bb9f-5c6a91a907f2
2021-09-23 03:29:12,216 [e7dc5bb2-1c20-468e-bb9f-5c6a91a907f2@group-889E418F68CA-LeaderElection12] INFO  server.RaftServer$Division (ServerState.java:setLeader(285)) - e7dc5bb2-1c20-468e-bb9f-5c6a91a907f2@group-889E418F68CA: change Leader from null to e7dc5bb2-1c20-468e-bb9f-5c6a91a907f2 at term 1 for becomeLeader, leader elected after 5126ms
2021-09-23 03:29:12,216 [e7dc5bb2-1c20-468e-bb9f-5c6a91a907f2@group-889E418F68CA-LeaderElection12] INFO  server.RaftServerConfigKeys (ConfUtils.java:logGet(44)) - raft.server.staging.catchup.gap = 1000 (default)
2021-09-23 03:29:12,216 [e7dc5bb2-1c20-468e-bb9f-5c6a91a907f2@group-889E418F68CA-LeaderElection12] INFO  server.RaftServerConfigKeys (ConfUtils.java:logGet(44)) - raft.server.write.element-limit = 1024 (custom)
2021-09-23 03:29:12,217 [e7dc5bb2-1c20-468e-bb9f-5c6a91a907f2@group-889E418F68CA-LeaderElection12] INFO  server.RaftServerConfigKeys (ConfUtils.java:logGet(44)) - raft.server.write.byte-limit = 1024 M (=1073741824) (custom)
2021-09-23 03:29:12,217 [e7dc5bb2-1c20-468e-bb9f-5c6a91a907f2@group-889E418F68CA-LeaderElection12] INFO  server.RaftServerConfigKeys (ConfUtils.java:logGet(44)) - raft.server.watch.timeout = 180s (custom)
2021-09-23 03:29:12,217 [e7dc5bb2-1c20-468e-bb9f-5c6a91a907f2@group-889E418F68CA-LeaderElection12] INFO  server.RaftServerConfigKeys (ConfUtils.java:logGet(44)) - raft.server.watch.timeout.denomination = 1s (default)
2021-09-23 03:29:12,217 [e7dc5bb2-1c20-468e-bb9f-5c6a91a907f2@group-889E418F68CA-LeaderElection12] INFO  server.RaftServerConfigKeys (ConfUtils.java:logGet(44)) - raft.server.watch.element-limit = 65536 (default)
2021-09-23 03:29:12,217 [e7dc5bb2-1c20-468e-bb9f-5c6a91a907f2@group-889E418F68CA-LeaderElection12] INFO  impl.RoleInfo (RoleInfo.java:updateAndGet(130)) - e7dc5bb2-1c20-468e-bb9f-5c6a91a907f2: start e7dc5bb2-1c20-468e-bb9f-5c6a91a907f2@group-889E418F68CA-LeaderStateImpl
2021-09-23 03:29:12,217 [e7dc5bb2-1c20-468e-bb9f-5c6a91a907f2@group-889E418F68CA-LeaderElection12] INFO  segmented.SegmentedRaftLogWorker (SegmentedRaftLogWorker.java:startLogSegment(394)) - e7dc5bb2-1c20-468e-bb9f-5c6a91a907f2@group-889E418F68CA-SegmentedRaftLogWorker: Starting segment from index:0
2021-09-23 03:29:12,218 [Datanode State Machine Thread - 0] WARN  statemachine.StateContext (StateContext.java:execute(621)) - No available thread in pool for past 1 seconds.
2021-09-23 03:29:12,220 [EventQueue-OpenPipelineForHealthyPipelineSafeModeRule] INFO  safemode.SCMSafeModeManager (HealthyPipelineSafeModeRule.java:process(124)) - SCM in safe mode. Healthy pipelines reported count is 0, required healthy pipeline reported count is 1
2021-09-23 03:29:12,221 [e7dc5bb2-1c20-468e-bb9f-5c6a91a907f2@group-889E418F68CA-SegmentedRaftLogWorker] INFO  segmented.SegmentedRaftLogWorker (SegmentedRaftLogWorker.java:execute(601)) - e7dc5bb2-1c20-468e-bb9f-5c6a91a907f2@group-889E418F68CA-SegmentedRaftLogWorker: created new log segment /home/runner/work/ozone/ozone/hadoop-ozone/integration-test/target/test-dir/MiniOzoneClusterImpl-53dd09de-9596-4e63-80fc-208f4288e982/datanode-2/data/ratis/1c3c92d9-14a1-49d6-a768-889e418f68ca/current/log_inprogress_0
2021-09-23 03:29:12,254 [e7dc5bb2-1c20-468e-bb9f-5c6a91a907f2@group-889E418F68CA-LeaderElection12] INFO  server.RaftServer$Division (ServerState.java:setRaftConf(387)) - e7dc5bb2-1c20-468e-bb9f-5c6a91a907f2@group-889E418F68CA: set configuration 0: [e7dc5bb2-1c20-468e-bb9f-5c6a91a907f2|rpc:10.1.0.98:38093|dataStream:|priority:1], old=null
2021-09-23 03:29:13,057 [Listener at 127.0.0.1/43673] INFO  ozone.MiniOzoneClusterImpl (MiniOzoneClusterImpl.java:lambda$waitForClusterToBeReady$0(235)) - Nodes are ready. Got 3 of 3 DN Heartbeats.
2021-09-23 03:29:13,057 [Listener at 127.0.0.1/43673] INFO  ozone.MiniOzoneClusterImpl (MiniOzoneClusterImpl.java:lambda$waitForClusterToBeReady$0(238)) - Waiting for cluster to exit safe mode
2021-09-23 03:29:13,057 [Listener at 127.0.0.1/43673] INFO  ozone.MiniOzoneClusterImpl (MiniOzoneClusterImpl.java:lambda$waitForClusterToBeReady$0(240)) - SCM became leader
2021-09-23 03:29:14,057 [Listener at 127.0.0.1/43673] INFO  ozone.MiniOzoneClusterImpl (MiniOzoneClusterImpl.java:lambda$waitForClusterToBeReady$0(235)) - Nodes are ready. Got 3 of 3 DN Heartbeats.
2021-09-23 03:29:14,057 [Listener at 127.0.0.1/43673] INFO  ozone.MiniOzoneClusterImpl (MiniOzoneClusterImpl.java:lambda$waitForClusterToBeReady$0(238)) - Waiting for cluster to exit safe mode
2021-09-23 03:29:14,057 [Listener at 127.0.0.1/43673] INFO  ozone.MiniOzoneClusterImpl (MiniOzoneClusterImpl.java:lambda$waitForClusterToBeReady$0(240)) - SCM became leader
2021-09-23 03:29:15,058 [Listener at 127.0.0.1/43673] INFO  ozone.MiniOzoneClusterImpl (MiniOzoneClusterImpl.java:lambda$waitForClusterToBeReady$0(235)) - Nodes are ready. Got 3 of 3 DN Heartbeats.
2021-09-23 03:29:15,058 [Listener at 127.0.0.1/43673] INFO  ozone.MiniOzoneClusterImpl (MiniOzoneClusterImpl.java:lambda$waitForClusterToBeReady$0(238)) - Waiting for cluster to exit safe mode
2021-09-23 03:29:15,058 [Listener at 127.0.0.1/43673] INFO  ozone.MiniOzoneClusterImpl (MiniOzoneClusterImpl.java:lambda$waitForClusterToBeReady$0(240)) - SCM became leader
2021-09-23 03:29:16,066 [Listener at 127.0.0.1/43673] INFO  ozone.MiniOzoneClusterImpl (MiniOzoneClusterImpl.java:lambda$waitForClusterToBeReady$0(235)) - Nodes are ready. Got 3 of 3 DN Heartbeats.
2021-09-23 03:29:16,066 [Listener at 127.0.0.1/43673] INFO  ozone.MiniOzoneClusterImpl (MiniOzoneClusterImpl.java:lambda$waitForClusterToBeReady$0(238)) - Waiting for cluster to exit safe mode
2021-09-23 03:29:16,066 [Listener at 127.0.0.1/43673] INFO  ozone.MiniOzoneClusterImpl (MiniOzoneClusterImpl.java:lambda$waitForClusterToBeReady$0(240)) - SCM became leader
2021-09-23 03:29:16,747 [768abe3e-e5a9-4d99-a987-26001157f375@group-2D5EDE50C6DC-FollowerState] INFO  impl.FollowerState (FollowerState.java:run(134)) - 768abe3e-e5a9-4d99-a987-26001157f375@group-2D5EDE50C6DC-FollowerState: change to CANDIDATE, lastRpcElapsedTime:5092661934ns, electionTimeout:5053ms
2021-09-23 03:29:16,747 [768abe3e-e5a9-4d99-a987-26001157f375@group-2D5EDE50C6DC-FollowerState] INFO  impl.RoleInfo (RoleInfo.java:shutdownFollowerState(108)) - 768abe3e-e5a9-4d99-a987-26001157f375: shutdown 768abe3e-e5a9-4d99-a987-26001157f375@group-2D5EDE50C6DC-FollowerState
2021-09-23 03:29:16,747 [768abe3e-e5a9-4d99-a987-26001157f375@group-2D5EDE50C6DC-FollowerState] INFO  server.RaftServer$Division (RaftServerImpl.java:setRole(285)) - 768abe3e-e5a9-4d99-a987-26001157f375@group-2D5EDE50C6DC: changes role from  FOLLOWER to CANDIDATE at term 1 for changeToCandidate
2021-09-23 03:29:16,747 [768abe3e-e5a9-4d99-a987-26001157f375@group-2D5EDE50C6DC-FollowerState] INFO  server.RaftServerConfigKeys (ConfUtils.java:logGet(44)) - raft.server.leaderelection.pre-vote = false (custom)
2021-09-23 03:29:16,748 [768abe3e-e5a9-4d99-a987-26001157f375@group-2D5EDE50C6DC-FollowerState] INFO  impl.RoleInfo (RoleInfo.java:updateAndGet(130)) - 768abe3e-e5a9-4d99-a987-26001157f375: start 768abe3e-e5a9-4d99-a987-26001157f375@group-2D5EDE50C6DC-LeaderElection13
2021-09-23 03:29:16,764 [9cd1aba0-3bef-48ca-b96c-00189f9f00e2@group-2D5EDE50C6DC-FollowerState] INFO  impl.FollowerState (FollowerState.java:run(134)) - 9cd1aba0-3bef-48ca-b96c-00189f9f00e2@group-2D5EDE50C6DC-FollowerState: change to CANDIDATE, lastRpcElapsedTime:5038336389ns, electionTimeout:5022ms
2021-09-23 03:29:16,764 [9cd1aba0-3bef-48ca-b96c-00189f9f00e2@group-2D5EDE50C6DC-FollowerState] INFO  impl.RoleInfo (RoleInfo.java:shutdownFollowerState(108)) - 9cd1aba0-3bef-48ca-b96c-00189f9f00e2: shutdown 9cd1aba0-3bef-48ca-b96c-00189f9f00e2@group-2D5EDE50C6DC-FollowerState
2021-09-23 03:29:16,764 [9cd1aba0-3bef-48ca-b96c-00189f9f00e2@group-2D5EDE50C6DC-FollowerState] INFO  server.RaftServer$Division (RaftServerImpl.java:setRole(285)) - 9cd1aba0-3bef-48ca-b96c-00189f9f00e2@group-2D5EDE50C6DC: changes role from  FOLLOWER to CANDIDATE at term 1 for changeToCandidate
2021-09-23 03:29:16,764 [9cd1aba0-3bef-48ca-b96c-00189f9f00e2@group-2D5EDE50C6DC-FollowerState] INFO  server.RaftServerConfigKeys (ConfUtils.java:logGet(44)) - raft.server.leaderelection.pre-vote = false (custom)
2021-09-23 03:29:16,764 [9cd1aba0-3bef-48ca-b96c-00189f9f00e2@group-2D5EDE50C6DC-FollowerState] INFO  impl.RoleInfo (RoleInfo.java:updateAndGet(130)) - 9cd1aba0-3bef-48ca-b96c-00189f9f00e2: start 9cd1aba0-3bef-48ca-b96c-00189f9f00e2@group-2D5EDE50C6DC-LeaderElection14
2021-09-23 03:29:16,772 [768abe3e-e5a9-4d99-a987-26001157f375@group-2D5EDE50C6DC-LeaderElection13] INFO  impl.LeaderElection (LeaderElection.java:askForVotes(306)) - 768abe3e-e5a9-4d99-a987-26001157f375@group-2D5EDE50C6DC-LeaderElection13 ELECTION round 0: submit vote requests at term 2 for -1: [e7dc5bb2-1c20-468e-bb9f-5c6a91a907f2|rpc:10.1.0.98:38093|priority:0, 9cd1aba0-3bef-48ca-b96c-00189f9f00e2|rpc:10.1.0.98:41505|priority:0, 768abe3e-e5a9-4d99-a987-26001157f375|rpc:10.1.0.98:39881|priority:1], old=null
2021-09-23 03:29:16,776 [9cd1aba0-3bef-48ca-b96c-00189f9f00e2@group-2D5EDE50C6DC-LeaderElection14] INFO  impl.LeaderElection (LeaderElection.java:askForVotes(306)) - 9cd1aba0-3bef-48ca-b96c-00189f9f00e2@group-2D5EDE50C6DC-LeaderElection14 ELECTION round 0: submit vote requests at term 2 for -1: [e7dc5bb2-1c20-468e-bb9f-5c6a91a907f2|rpc:10.1.0.98:38093|priority:0, 9cd1aba0-3bef-48ca-b96c-00189f9f00e2|rpc:10.1.0.98:41505|priority:0, 768abe3e-e5a9-4d99-a987-26001157f375|rpc:10.1.0.98:39881|priority:1], old=null
2021-09-23 03:29:16,850 [grpc-default-executor-0] INFO  server.RaftServer$Division (RaftServerImpl.java:requestVote(1043)) - 768abe3e-e5a9-4d99-a987-26001157f375@group-2D5EDE50C6DC: receive requestVote(ELECTION, 9cd1aba0-3bef-48ca-b96c-00189f9f00e2, group-2D5EDE50C6DC, 2, (t:0, i:0))
2021-09-23 03:29:16,850 [grpc-default-executor-0] INFO  impl.VoteContext (VoteContext.java:log(48)) - 768abe3e-e5a9-4d99-a987-26001157f375@group-2D5EDE50C6DC-CANDIDATE: reject ELECTION from 9cd1aba0-3bef-48ca-b96c-00189f9f00e2: already has voted for 768abe3e-e5a9-4d99-a987-26001157f375 at current term 2
2021-09-23 03:29:16,850 [grpc-default-executor-0] INFO  server.RaftServer$Division (RaftServerImpl.java:requestVote(1075)) - 768abe3e-e5a9-4d99-a987-26001157f375@group-2D5EDE50C6DC replies to ELECTION vote request: 9cd1aba0-3bef-48ca-b96c-00189f9f00e2<-768abe3e-e5a9-4d99-a987-26001157f375#0:FAIL-t2. Peer's state: 768abe3e-e5a9-4d99-a987-26001157f375@group-2D5EDE50C6DC:t2, leader=null, voted=768abe3e-e5a9-4d99-a987-26001157f375, raftlog=768abe3e-e5a9-4d99-a987-26001157f375@group-2D5EDE50C6DC-SegmentedRaftLog:OPENED:c-1,f-1,i0, conf=-1: [e7dc5bb2-1c20-468e-bb9f-5c6a91a907f2|rpc:10.1.0.98:38093|priority:0, 9cd1aba0-3bef-48ca-b96c-00189f9f00e2|rpc:10.1.0.98:41505|priority:0, 768abe3e-e5a9-4d99-a987-26001157f375|rpc:10.1.0.98:39881|priority:1], old=null
2021-09-23 03:29:16,850 [e7dc5bb2-1c20-468e-bb9f-5c6a91a907f2@group-2D5EDE50C6DC-FollowerState] INFO  impl.FollowerState (FollowerState.java:run(134)) - e7dc5bb2-1c20-468e-bb9f-5c6a91a907f2@group-2D5EDE50C6DC-FollowerState: change to CANDIDATE, lastRpcElapsedTime:5191879964ns, electionTimeout:5172ms
2021-09-23 03:29:16,850 [e7dc5bb2-1c20-468e-bb9f-5c6a91a907f2@group-2D5EDE50C6DC-FollowerState] INFO  impl.RoleInfo (RoleInfo.java:shutdownFollowerState(108)) - e7dc5bb2-1c20-468e-bb9f-5c6a91a907f2: shutdown e7dc5bb2-1c20-468e-bb9f-5c6a91a907f2@group-2D5EDE50C6DC-FollowerState
2021-09-23 03:29:16,851 [e7dc5bb2-1c20-468e-bb9f-5c6a91a907f2@group-2D5EDE50C6DC-FollowerState] INFO  server.RaftServer$Division (RaftServerImpl.java:setRole(285)) - e7dc5bb2-1c20-468e-bb9f-5c6a91a907f2@group-2D5EDE50C6DC: changes role from  FOLLOWER to CANDIDATE at term 1 for changeToCandidate
2021-09-23 03:29:16,851 [e7dc5bb2-1c20-468e-bb9f-5c6a91a907f2@group-2D5EDE50C6DC-FollowerState] INFO  server.RaftServerConfigKeys (ConfUtils.java:logGet(44)) - raft.server.leaderelection.pre-vote = false (custom)
2021-09-23 03:29:16,851 [e7dc5bb2-1c20-468e-bb9f-5c6a91a907f2@group-2D5EDE50C6DC-FollowerState] INFO  impl.RoleInfo (RoleInfo.java:updateAndGet(130)) - e7dc5bb2-1c20-468e-bb9f-5c6a91a907f2: start e7dc5bb2-1c20-468e-bb9f-5c6a91a907f2@group-2D5EDE50C6DC-LeaderElection15
2021-09-23 03:29:16,850 [grpc-default-executor-1] INFO  server.RaftServer$Division (RaftServerImpl.java:requestVote(1043)) - e7dc5bb2-1c20-468e-bb9f-5c6a91a907f2@group-2D5EDE50C6DC: receive requestVote(ELECTION, 9cd1aba0-3bef-48ca-b96c-00189f9f00e2, group-2D5EDE50C6DC, 2, (t:0, i:0))
2021-09-23 03:29:16,858 [grpc-default-executor-1] INFO  impl.VoteContext (VoteContext.java:log(48)) - e7dc5bb2-1c20-468e-bb9f-5c6a91a907f2@group-2D5EDE50C6DC-CANDIDATE: reject ELECTION from 9cd1aba0-3bef-48ca-b96c-00189f9f00e2: already has voted for e7dc5bb2-1c20-468e-bb9f-5c6a91a907f2 at current term 2
2021-09-23 03:29:16,858 [grpc-default-executor-1] INFO  server.RaftServer$Division (RaftServerImpl.java:requestVote(1075)) - e7dc5bb2-1c20-468e-bb9f-5c6a91a907f2@group-2D5EDE50C6DC replies to ELECTION vote request: 9cd1aba0-3bef-48ca-b96c-00189f9f00e2<-e7dc5bb2-1c20-468e-bb9f-5c6a91a907f2#0:FAIL-t2. Peer's state: e7dc5bb2-1c20-468e-bb9f-5c6a91a907f2@group-2D5EDE50C6DC:t2, leader=null, voted=e7dc5bb2-1c20-468e-bb9f-5c6a91a907f2, raftlog=e7dc5bb2-1c20-468e-bb9f-5c6a91a907f2@group-2D5EDE50C6DC-SegmentedRaftLog:OPENED:c-1,f-1,i0, conf=-1: [e7dc5bb2-1c20-468e-bb9f-5c6a91a907f2|rpc:10.1.0.98:38093|dataStream:|priority:0, 9cd1aba0-3bef-48ca-b96c-00189f9f00e2|rpc:10.1.0.98:41505|dataStream:|priority:0, 768abe3e-e5a9-4d99-a987-26001157f375|rpc:10.1.0.98:39881|dataStream:|priority:1], old=null
2021-09-23 03:29:16,861 [grpc-default-executor-3] INFO  server.RaftServer$Division (RaftServerImpl.java:requestVote(1043)) - 9cd1aba0-3bef-48ca-b96c-00189f9f00e2@group-2D5EDE50C6DC: receive requestVote(ELECTION, 768abe3e-e5a9-4d99-a987-26001157f375, group-2D5EDE50C6DC, 2, (t:0, i:0))
2021-09-23 03:29:16,858 [e7dc5bb2-1c20-468e-bb9f-5c6a91a907f2@group-2D5EDE50C6DC-LeaderElection15] INFO  impl.LeaderElection (LeaderElection.java:askForVotes(306)) - e7dc5bb2-1c20-468e-bb9f-5c6a91a907f2@group-2D5EDE50C6DC-LeaderElection15 ELECTION round 0: submit vote requests at term 2 for -1: [e7dc5bb2-1c20-468e-bb9f-5c6a91a907f2|rpc:10.1.0.98:38093|dataStream:|priority:0, 9cd1aba0-3bef-48ca-b96c-00189f9f00e2|rpc:10.1.0.98:41505|dataStream:|priority:0, 768abe3e-e5a9-4d99-a987-26001157f375|rpc:10.1.0.98:39881|dataStream:|priority:1], old=null
2021-09-23 03:29:16,858 [9cd1aba0-3bef-48ca-b96c-00189f9f00e2@group-2D5EDE50C6DC-LeaderElection14] INFO  impl.LeaderElection (LeaderElection.java:logAndReturn(89)) - 9cd1aba0-3bef-48ca-b96c-00189f9f00e2@group-2D5EDE50C6DC-LeaderElection14: ELECTION REJECTED received 1 response(s) and 0 exception(s):
2021-09-23 03:29:16,852 [grpc-default-executor-2] INFO  server.RaftServer$Division (RaftServerImpl.java:requestVote(1043)) - e7dc5bb2-1c20-468e-bb9f-5c6a91a907f2@group-2D5EDE50C6DC: receive requestVote(ELECTION, 768abe3e-e5a9-4d99-a987-26001157f375, group-2D5EDE50C6DC, 2, (t:0, i:0))
2021-09-23 03:29:16,866 [9cd1aba0-3bef-48ca-b96c-00189f9f00e2@group-2D5EDE50C6DC-LeaderElection14] INFO  impl.LeaderElection (LeaderElection.java:logAndReturn(93)) -   Response 0: 9cd1aba0-3bef-48ca-b96c-00189f9f00e2<-768abe3e-e5a9-4d99-a987-26001157f375#0:FAIL-t2
2021-09-23 03:29:16,866 [9cd1aba0-3bef-48ca-b96c-00189f9f00e2@group-2D5EDE50C6DC-LeaderElection14] INFO  impl.LeaderElection (LeaderElection.java:askForVotes(308)) - 9cd1aba0-3bef-48ca-b96c-00189f9f00e2@group-2D5EDE50C6DC-LeaderElection14 ELECTION round 0: result REJECTED
2021-09-23 03:29:16,861 [grpc-default-executor-3] INFO  impl.VoteContext (VoteContext.java:log(48)) - 9cd1aba0-3bef-48ca-b96c-00189f9f00e2@group-2D5EDE50C6DC-CANDIDATE: reject ELECTION from 768abe3e-e5a9-4d99-a987-26001157f375: already has voted for 9cd1aba0-3bef-48ca-b96c-00189f9f00e2 at current term 2
2021-09-23 03:29:16,867 [grpc-default-executor-3] INFO  server.RaftServer$Division (RaftServerImpl.java:requestVote(1075)) - 9cd1aba0-3bef-48ca-b96c-00189f9f00e2@group-2D5EDE50C6DC replies to ELECTION vote request: 768abe3e-e5a9-4d99-a987-26001157f375<-9cd1aba0-3bef-48ca-b96c-00189f9f00e2#0:FAIL-t2. Peer's state: 9cd1aba0-3bef-48ca-b96c-00189f9f00e2@group-2D5EDE50C6DC:t2, leader=null, voted=9cd1aba0-3bef-48ca-b96c-00189f9f00e2, raftlog=9cd1aba0-3bef-48ca-b96c-00189f9f00e2@group-2D5EDE50C6DC-SegmentedRaftLog:OPENED:c-1,f-1,i0, conf=-1: [e7dc5bb2-1c20-468e-bb9f-5c6a91a907f2|rpc:10.1.0.98:38093|priority:0, 9cd1aba0-3bef-48ca-b96c-00189f9f00e2|rpc:10.1.0.98:41505|priority:0, 768abe3e-e5a9-4d99-a987-26001157f375|rpc:10.1.0.98:39881|priority:1], old=null
2021-09-23 03:29:16,866 [grpc-default-executor-2] INFO  impl.VoteContext (VoteContext.java:log(48)) - e7dc5bb2-1c20-468e-bb9f-5c6a91a907f2@group-2D5EDE50C6DC-CANDIDATE: reject ELECTION from 768abe3e-e5a9-4d99-a987-26001157f375: already has voted for e7dc5bb2-1c20-468e-bb9f-5c6a91a907f2 at current term 2
2021-09-23 03:29:16,867 [grpc-default-executor-2] INFO  server.RaftServer$Division (RaftServerImpl.java:requestVote(1075)) - e7dc5bb2-1c20-468e-bb9f-5c6a91a907f2@group-2D5EDE50C6DC replies to ELECTION vote request: 768abe3e-e5a9-4d99-a987-26001157f375<-e7dc5bb2-1c20-468e-bb9f-5c6a91a907f2#0:FAIL-t2. Peer's state: e7dc5bb2-1c20-468e-bb9f-5c6a91a907f2@group-2D5EDE50C6DC:t2, leader=null, voted=e7dc5bb2-1c20-468e-bb9f-5c6a91a907f2, raftlog=e7dc5bb2-1c20-468e-bb9f-5c6a91a907f2@group-2D5EDE50C6DC-SegmentedRaftLog:OPENED:c-1,f-1,i0, conf=-1: [e7dc5bb2-1c20-468e-bb9f-5c6a91a907f2|rpc:10.1.0.98:38093|dataStream:|priority:0, 9cd1aba0-3bef-48ca-b96c-00189f9f00e2|rpc:10.1.0.98:41505|dataStream:|priority:0, 768abe3e-e5a9-4d99-a987-26001157f375|rpc:10.1.0.98:39881|dataStream:|priority:1], old=null
2021-09-23 03:29:16,868 [9cd1aba0-3bef-48ca-b96c-00189f9f00e2@group-2D5EDE50C6DC-LeaderElection14] INFO  server.RaftServer$Division (RaftServerImpl.java:setRole(285)) - 9cd1aba0-3bef-48ca-b96c-00189f9f00e2@group-2D5EDE50C6DC: changes role from CANDIDATE to FOLLOWER at term 2 for REJECTED
2021-09-23 03:29:16,890 [9cd1aba0-3bef-48ca-b96c-00189f9f00e2@group-2D5EDE50C6DC-LeaderElection14] INFO  impl.RoleInfo (RoleInfo.java:shutdownLeaderElection(121)) - 9cd1aba0-3bef-48ca-b96c-00189f9f00e2: shutdown 9cd1aba0-3bef-48ca-b96c-00189f9f00e2@group-2D5EDE50C6DC-LeaderElection14
2021-09-23 03:29:16,890 [9cd1aba0-3bef-48ca-b96c-00189f9f00e2@group-2D5EDE50C6DC-LeaderElection14] INFO  impl.RoleInfo (RoleInfo.java:updateAndGet(130)) - 9cd1aba0-3bef-48ca-b96c-00189f9f00e2: start 9cd1aba0-3bef-48ca-b96c-00189f9f00e2@group-2D5EDE50C6DC-FollowerState
2021-09-23 03:29:16,919 [grpc-default-executor-3] INFO  server.RaftServer$Division (RaftServerImpl.java:requestVote(1043)) - 768abe3e-e5a9-4d99-a987-26001157f375@group-2D5EDE50C6DC: receive requestVote(ELECTION, e7dc5bb2-1c20-468e-bb9f-5c6a91a907f2, group-2D5EDE50C6DC, 2, (t:0, i:0))
2021-09-23 03:29:16,920 [grpc-default-executor-3] INFO  impl.VoteContext (VoteContext.java:log(48)) - 768abe3e-e5a9-4d99-a987-26001157f375@group-2D5EDE50C6DC-CANDIDATE: reject ELECTION from e7dc5bb2-1c20-468e-bb9f-5c6a91a907f2: already has voted for 768abe3e-e5a9-4d99-a987-26001157f375 at current term 2
2021-09-23 03:29:16,920 [grpc-default-executor-3] INFO  server.RaftServer$Division (RaftServerImpl.java:requestVote(1075)) - 768abe3e-e5a9-4d99-a987-26001157f375@group-2D5EDE50C6DC replies to ELECTION vote request: e7dc5bb2-1c20-468e-bb9f-5c6a91a907f2<-768abe3e-e5a9-4d99-a987-26001157f375#0:FAIL-t2. Peer's state: 768abe3e-e5a9-4d99-a987-26001157f375@group-2D5EDE50C6DC:t2, leader=null, voted=768abe3e-e5a9-4d99-a987-26001157f375, raftlog=768abe3e-e5a9-4d99-a987-26001157f375@group-2D5EDE50C6DC-SegmentedRaftLog:OPENED:c-1,f-1,i0, conf=-1: [e7dc5bb2-1c20-468e-bb9f-5c6a91a907f2|rpc:10.1.0.98:38093|priority:0, 9cd1aba0-3bef-48ca-b96c-00189f9f00e2|rpc:10.1.0.98:41505|priority:0, 768abe3e-e5a9-4d99-a987-26001157f375|rpc:10.1.0.98:39881|priority:1], old=null
2021-09-23 03:29:16,920 [768abe3e-e5a9-4d99-a987-26001157f375@group-2D5EDE50C6DC-LeaderElection13] INFO  impl.LeaderElection (LeaderElection.java:logAndReturn(89)) - 768abe3e-e5a9-4d99-a987-26001157f375@group-2D5EDE50C6DC-LeaderElection13: ELECTION REJECTED received 2 response(s) and 0 exception(s):
2021-09-23 03:29:16,921 [768abe3e-e5a9-4d99-a987-26001157f375@group-2D5EDE50C6DC-LeaderElection13] INFO  impl.LeaderElection (LeaderElection.java:logAndReturn(93)) -   Response 0: 768abe3e-e5a9-4d99-a987-26001157f375<-e7dc5bb2-1c20-468e-bb9f-5c6a91a907f2#0:FAIL-t2
2021-09-23 03:29:16,922 [768abe3e-e5a9-4d99-a987-26001157f375@group-2D5EDE50C6DC-LeaderElection13] INFO  impl.LeaderElection (LeaderElection.java:logAndReturn(93)) -   Response 1: 768abe3e-e5a9-4d99-a987-26001157f375<-9cd1aba0-3bef-48ca-b96c-00189f9f00e2#0:FAIL-t2
2021-09-23 03:29:16,922 [768abe3e-e5a9-4d99-a987-26001157f375@group-2D5EDE50C6DC-LeaderElection13] INFO  impl.LeaderElection (LeaderElection.java:askForVotes(308)) - 768abe3e-e5a9-4d99-a987-26001157f375@group-2D5EDE50C6DC-LeaderElection13 ELECTION round 0: result REJECTED
2021-09-23 03:29:16,922 [768abe3e-e5a9-4d99-a987-26001157f375@group-2D5EDE50C6DC-LeaderElection13] INFO  server.RaftServer$Division (RaftServerImpl.java:setRole(285)) - 768abe3e-e5a9-4d99-a987-26001157f375@group-2D5EDE50C6DC: changes role from CANDIDATE to FOLLOWER at term 2 for REJECTED
2021-09-23 03:29:16,922 [768abe3e-e5a9-4d99-a987-26001157f375@group-2D5EDE50C6DC-LeaderElection13] INFO  impl.RoleInfo (RoleInfo.java:shutdownLeaderElection(121)) - 768abe3e-e5a9-4d99-a987-26001157f375: shutdown 768abe3e-e5a9-4d99-a987-26001157f375@group-2D5EDE50C6DC-LeaderElection13
2021-09-23 03:29:16,922 [768abe3e-e5a9-4d99-a987-26001157f375@group-2D5EDE50C6DC-LeaderElection13] INFO  impl.RoleInfo (RoleInfo.java:updateAndGet(130)) - 768abe3e-e5a9-4d99-a987-26001157f375: start 768abe3e-e5a9-4d99-a987-26001157f375@group-2D5EDE50C6DC-FollowerState
2021-09-23 03:29:16,930 [grpc-default-executor-3] INFO  server.RaftServer$Division (RaftServerImpl.java:requestVote(1043)) - 9cd1aba0-3bef-48ca-b96c-00189f9f00e2@group-2D5EDE50C6DC: receive requestVote(ELECTION, e7dc5bb2-1c20-468e-bb9f-5c6a91a907f2, group-2D5EDE50C6DC, 2, (t:0, i:0))
2021-09-23 03:29:16,931 [grpc-default-executor-3] INFO  impl.VoteContext (VoteContext.java:log(48)) - 9cd1aba0-3bef-48ca-b96c-00189f9f00e2@group-2D5EDE50C6DC-FOLLOWER: reject ELECTION from e7dc5bb2-1c20-468e-bb9f-5c6a91a907f2: already has voted for 9cd1aba0-3bef-48ca-b96c-00189f9f00e2 at current term 2
2021-09-23 03:29:16,931 [grpc-default-executor-3] INFO  server.RaftServer$Division (RaftServerImpl.java:requestVote(1075)) - 9cd1aba0-3bef-48ca-b96c-00189f9f00e2@group-2D5EDE50C6DC replies to ELECTION vote request: e7dc5bb2-1c20-468e-bb9f-5c6a91a907f2<-9cd1aba0-3bef-48ca-b96c-00189f9f00e2#0:FAIL-t2. Peer's state: 9cd1aba0-3bef-48ca-b96c-00189f9f00e2@group-2D5EDE50C6DC:t2, leader=null, voted=9cd1aba0-3bef-48ca-b96c-00189f9f00e2, raftlog=9cd1aba0-3bef-48ca-b96c-00189f9f00e2@group-2D5EDE50C6DC-SegmentedRaftLog:OPENED:c-1,f-1,i0, conf=-1: [e7dc5bb2-1c20-468e-bb9f-5c6a91a907f2|rpc:10.1.0.98:38093|priority:0, 9cd1aba0-3bef-48ca-b96c-00189f9f00e2|rpc:10.1.0.98:41505|priority:0, 768abe3e-e5a9-4d99-a987-26001157f375|rpc:10.1.0.98:39881|priority:1], old=null
2021-09-23 03:29:16,935 [e7dc5bb2-1c20-468e-bb9f-5c6a91a907f2@group-2D5EDE50C6DC-LeaderElection15] INFO  impl.LeaderElection (LeaderElection.java:logAndReturn(89)) - e7dc5bb2-1c20-468e-bb9f-5c6a91a907f2@group-2D5EDE50C6DC-LeaderElection15: ELECTION REJECTED received 1 response(s) and 0 exception(s):
2021-09-23 03:29:16,936 [e7dc5bb2-1c20-468e-bb9f-5c6a91a907f2@group-2D5EDE50C6DC-LeaderElection15] INFO  impl.LeaderElection (LeaderElection.java:logAndReturn(93)) -   Response 0: e7dc5bb2-1c20-468e-bb9f-5c6a91a907f2<-768abe3e-e5a9-4d99-a987-26001157f375#0:FAIL-t2
2021-09-23 03:29:16,936 [e7dc5bb2-1c20-468e-bb9f-5c6a91a907f2@group-2D5EDE50C6DC-LeaderElection15] INFO  impl.LeaderElection (LeaderElection.java:askForVotes(308)) - e7dc5bb2-1c20-468e-bb9f-5c6a91a907f2@group-2D5EDE50C6DC-LeaderElection15 ELECTION round 0: result REJECTED
2021-09-23 03:29:16,936 [e7dc5bb2-1c20-468e-bb9f-5c6a91a907f2@group-2D5EDE50C6DC-LeaderElection15] INFO  server.RaftServer$Division (RaftServerImpl.java:setRole(285)) - e7dc5bb2-1c20-468e-bb9f-5c6a91a907f2@group-2D5EDE50C6DC: changes role from CANDIDATE to FOLLOWER at term 2 for REJECTED
2021-09-23 03:29:16,936 [e7dc5bb2-1c20-468e-bb9f-5c6a91a907f2@group-2D5EDE50C6DC-LeaderElection15] INFO  impl.RoleInfo (RoleInfo.java:shutdownLeaderElection(121)) - e7dc5bb2-1c20-468e-bb9f-5c6a91a907f2: shutdown e7dc5bb2-1c20-468e-bb9f-5c6a91a907f2@group-2D5EDE50C6DC-LeaderElection15
2021-09-23 03:29:16,936 [e7dc5bb2-1c20-468e-bb9f-5c6a91a907f2@group-2D5EDE50C6DC-LeaderElection15] INFO  impl.RoleInfo (RoleInfo.java:updateAndGet(130)) - e7dc5bb2-1c20-468e-bb9f-5c6a91a907f2: start e7dc5bb2-1c20-468e-bb9f-5c6a91a907f2@group-2D5EDE50C6DC-FollowerState
2021-09-23 03:29:17,066 [Listener at 127.0.0.1/43673] INFO  ozone.MiniOzoneClusterImpl (MiniOzoneClusterImpl.java:lambda$waitForClusterToBeReady$0(235)) - Nodes are ready. Got 3 of 3 DN Heartbeats.
2021-09-23 03:29:17,067 [Listener at 127.0.0.1/43673] INFO  ozone.MiniOzoneClusterImpl (MiniOzoneClusterImpl.java:lambda$waitForClusterToBeReady$0(238)) - Waiting for cluster to exit safe mode
2021-09-23 03:29:17,067 [Listener at 127.0.0.1/43673] INFO  ozone.MiniOzoneClusterImpl (MiniOzoneClusterImpl.java:lambda$waitForClusterToBeReady$0(240)) - SCM became leader
2021-09-23 03:29:18,070 [Listener at 127.0.0.1/43673] INFO  ozone.MiniOzoneClusterImpl (MiniOzoneClusterImpl.java:lambda$waitForClusterToBeReady$0(235)) - Nodes are ready. Got 3 of 3 DN Heartbeats.
2021-09-23 03:29:18,070 [Listener at 127.0.0.1/43673] INFO  ozone.MiniOzoneClusterImpl (MiniOzoneClusterImpl.java:lambda$waitForClusterToBeReady$0(238)) - Waiting for cluster to exit safe mode
2021-09-23 03:29:18,070 [Listener at 127.0.0.1/43673] INFO  ozone.MiniOzoneClusterImpl (MiniOzoneClusterImpl.java:lambda$waitForClusterToBeReady$0(240)) - SCM became leader
2021-09-23 03:29:19,070 [Listener at 127.0.0.1/43673] INFO  ozone.MiniOzoneClusterImpl (MiniOzoneClusterImpl.java:lambda$waitForClusterToBeReady$0(235)) - Nodes are ready. Got 3 of 3 DN Heartbeats.
2021-09-23 03:29:19,070 [Listener at 127.0.0.1/43673] INFO  ozone.MiniOzoneClusterImpl (MiniOzoneClusterImpl.java:lambda$waitForClusterToBeReady$0(238)) - Waiting for cluster to exit safe mode
2021-09-23 03:29:19,070 [Listener at 127.0.0.1/43673] INFO  ozone.MiniOzoneClusterImpl (MiniOzoneClusterImpl.java:lambda$waitForClusterToBeReady$0(240)) - SCM became leader
2021-09-23 03:29:20,071 [Listener at 127.0.0.1/43673] INFO  ozone.MiniOzoneClusterImpl (MiniOzoneClusterImpl.java:lambda$waitForClusterToBeReady$0(235)) - Nodes are ready. Got 3 of 3 DN Heartbeats.
2021-09-23 03:29:20,071 [Listener at 127.0.0.1/43673] INFO  ozone.MiniOzoneClusterImpl (MiniOzoneClusterImpl.java:lambda$waitForClusterToBeReady$0(238)) - Waiting for cluster to exit safe mode
2021-09-23 03:29:20,071 [Listener at 127.0.0.1/43673] INFO  ozone.MiniOzoneClusterImpl (MiniOzoneClusterImpl.java:lambda$waitForClusterToBeReady$0(240)) - SCM became leader
2021-09-23 03:29:21,071 [Listener at 127.0.0.1/43673] INFO  ozone.MiniOzoneClusterImpl (MiniOzoneClusterImpl.java:lambda$waitForClusterToBeReady$0(235)) - Nodes are ready. Got 3 of 3 DN Heartbeats.
2021-09-23 03:29:21,071 [Listener at 127.0.0.1/43673] INFO  ozone.MiniOzoneClusterImpl (MiniOzoneClusterImpl.java:lambda$waitForClusterToBeReady$0(238)) - Waiting for cluster to exit safe mode
2021-09-23 03:29:21,071 [Listener at 127.0.0.1/43673] INFO  ozone.MiniOzoneClusterImpl (MiniOzoneClusterImpl.java:lambda$waitForClusterToBeReady$0(240)) - SCM became leader
2021-09-23 03:29:21,946 [9cd1aba0-3bef-48ca-b96c-00189f9f00e2@group-2D5EDE50C6DC-FollowerState] INFO  impl.FollowerState (FollowerState.java:run(134)) - 9cd1aba0-3bef-48ca-b96c-00189f9f00e2@group-2D5EDE50C6DC-FollowerState: change to CANDIDATE, lastRpcElapsedTime:5055578990ns, electionTimeout:5043ms
2021-09-23 03:29:21,946 [9cd1aba0-3bef-48ca-b96c-00189f9f00e2@group-2D5EDE50C6DC-FollowerState] INFO  impl.RoleInfo (RoleInfo.java:shutdownFollowerState(108)) - 9cd1aba0-3bef-48ca-b96c-00189f9f00e2: shutdown 9cd1aba0-3bef-48ca-b96c-00189f9f00e2@group-2D5EDE50C6DC-FollowerState
2021-09-23 03:29:21,946 [9cd1aba0-3bef-48ca-b96c-00189f9f00e2@group-2D5EDE50C6DC-FollowerState] INFO  server.RaftServer$Division (RaftServerImpl.java:setRole(285)) - 9cd1aba0-3bef-48ca-b96c-00189f9f00e2@group-2D5EDE50C6DC: changes role from  FOLLOWER to CANDIDATE at term 2 for changeToCandidate
2021-09-23 03:29:21,946 [9cd1aba0-3bef-48ca-b96c-00189f9f00e2@group-2D5EDE50C6DC-FollowerState] INFO  server.RaftServerConfigKeys (ConfUtils.java:logGet(44)) - raft.server.leaderelection.pre-vote = false (custom)
2021-09-23 03:29:21,946 [9cd1aba0-3bef-48ca-b96c-00189f9f00e2@group-2D5EDE50C6DC-FollowerState] INFO  impl.RoleInfo (RoleInfo.java:updateAndGet(130)) - 9cd1aba0-3bef-48ca-b96c-00189f9f00e2: start 9cd1aba0-3bef-48ca-b96c-00189f9f00e2@group-2D5EDE50C6DC-LeaderElection16
2021-09-23 03:29:21,960 [9cd1aba0-3bef-48ca-b96c-00189f9f00e2@group-2D5EDE50C6DC-LeaderElection16] INFO  impl.LeaderElection (LeaderElection.java:askForVotes(306)) - 9cd1aba0-3bef-48ca-b96c-00189f9f00e2@group-2D5EDE50C6DC-LeaderElection16 ELECTION round 0: submit vote requests at term 3 for -1: [e7dc5bb2-1c20-468e-bb9f-5c6a91a907f2|rpc:10.1.0.98:38093|priority:0, 9cd1aba0-3bef-48ca-b96c-00189f9f00e2|rpc:10.1.0.98:41505|priority:0, 768abe3e-e5a9-4d99-a987-26001157f375|rpc:10.1.0.98:39881|priority:1], old=null
2021-09-23 03:29:21,975 [768abe3e-e5a9-4d99-a987-26001157f375@group-2D5EDE50C6DC-FollowerState] INFO  impl.FollowerState (FollowerState.java:run(134)) - 768abe3e-e5a9-4d99-a987-26001157f375@group-2D5EDE50C6DC-FollowerState: change to CANDIDATE, lastRpcElapsedTime:5053584877ns, electionTimeout:5033ms
2021-09-23 03:29:21,975 [768abe3e-e5a9-4d99-a987-26001157f375@group-2D5EDE50C6DC-FollowerState] INFO  impl.RoleInfo (RoleInfo.java:shutdownFollowerState(108)) - 768abe3e-e5a9-4d99-a987-26001157f375: shutdown 768abe3e-e5a9-4d99-a987-26001157f375@group-2D5EDE50C6DC-FollowerState
2021-09-23 03:29:21,976 [768abe3e-e5a9-4d99-a987-26001157f375@group-2D5EDE50C6DC-FollowerState] INFO  server.RaftServer$Division (RaftServerImpl.java:setRole(285)) - 768abe3e-e5a9-4d99-a987-26001157f375@group-2D5EDE50C6DC: changes role from  FOLLOWER to CANDIDATE at term 2 for changeToCandidate
2021-09-23 03:29:21,994 [grpc-default-executor-3] INFO  server.RaftServer$Division (RaftServerImpl.java:requestVote(1043)) - e7dc5bb2-1c20-468e-bb9f-5c6a91a907f2@group-2D5EDE50C6DC: receive requestVote(ELECTION, 9cd1aba0-3bef-48ca-b96c-00189f9f00e2, group-2D5EDE50C6DC, 3, (t:0, i:0))
2021-09-23 03:29:21,995 [grpc-default-executor-3] INFO  impl.VoteContext (VoteContext.java:log(48)) - e7dc5bb2-1c20-468e-bb9f-5c6a91a907f2@group-2D5EDE50C6DC-FOLLOWER: accept ELECTION from 9cd1aba0-3bef-48ca-b96c-00189f9f00e2: our priority 0 <= candidate's priority 0
2021-09-23 03:29:21,995 [grpc-default-executor-3] INFO  server.RaftServer$Division (RaftServerImpl.java:setRole(285)) - e7dc5bb2-1c20-468e-bb9f-5c6a91a907f2@group-2D5EDE50C6DC: changes role from  FOLLOWER to FOLLOWER at term 3 for candidate:9cd1aba0-3bef-48ca-b96c-00189f9f00e2
2021-09-23 03:29:21,995 [grpc-default-executor-3] INFO  impl.RoleInfo (RoleInfo.java:shutdownFollowerState(108)) - e7dc5bb2-1c20-468e-bb9f-5c6a91a907f2: shutdown e7dc5bb2-1c20-468e-bb9f-5c6a91a907f2@group-2D5EDE50C6DC-FollowerState
2021-09-23 03:29:21,995 [grpc-default-executor-3] INFO  impl.RoleInfo (RoleInfo.java:updateAndGet(130)) - e7dc5bb2-1c20-468e-bb9f-5c6a91a907f2: start e7dc5bb2-1c20-468e-bb9f-5c6a91a907f2@group-2D5EDE50C6DC-FollowerState
2021-09-23 03:29:21,995 [e7dc5bb2-1c20-468e-bb9f-5c6a91a907f2@group-2D5EDE50C6DC-FollowerState] INFO  impl.FollowerState (FollowerState.java:run(143)) - e7dc5bb2-1c20-468e-bb9f-5c6a91a907f2@group-2D5EDE50C6DC-FollowerState was interrupted: {}
java.lang.InterruptedException: sleep interrupted
	at java.lang.Thread.sleep(Native Method)
	at java.lang.Thread.sleep(Thread.java:340)
	at java.util.concurrent.TimeUnit.sleep(TimeUnit.java:386)
	at org.apache.ratis.util.TimeDuration.sleep(TimeDuration.java:324)
	at org.apache.ratis.util.TimeDuration.sleep(TimeDuration.java:309)
	at org.apache.ratis.server.impl.FollowerState.run(FollowerState.java:118)
2021-09-23 03:29:21,995 [768abe3e-e5a9-4d99-a987-26001157f375@group-2D5EDE50C6DC-FollowerState] INFO  server.RaftServerConfigKeys (ConfUtils.java:logGet(44)) - raft.server.leaderelection.pre-vote = false (custom)
2021-09-23 03:29:21,997 [768abe3e-e5a9-4d99-a987-26001157f375@group-2D5EDE50C6DC-FollowerState] INFO  impl.RoleInfo (RoleInfo.java:updateAndGet(130)) - 768abe3e-e5a9-4d99-a987-26001157f375: start 768abe3e-e5a9-4d99-a987-26001157f375@group-2D5EDE50C6DC-LeaderElection17
2021-09-23 03:29:22,006 [grpc-default-executor-1] INFO  server.RaftServer$Division (RaftServerImpl.java:requestVote(1043)) - 768abe3e-e5a9-4d99-a987-26001157f375@group-2D5EDE50C6DC: receive requestVote(ELECTION, 9cd1aba0-3bef-48ca-b96c-00189f9f00e2, group-2D5EDE50C6DC, 3, (t:0, i:0))
2021-09-23 03:29:22,006 [grpc-default-executor-1] INFO  impl.VoteContext (VoteContext.java:log(48)) - 768abe3e-e5a9-4d99-a987-26001157f375@group-2D5EDE50C6DC-CANDIDATE: reject ELECTION from 9cd1aba0-3bef-48ca-b96c-00189f9f00e2: our priority 1 > candidate's priority 0
2021-09-23 03:29:22,006 [grpc-default-executor-1] INFO  server.RaftServer$Division (RaftServerImpl.java:setRole(285)) - 768abe3e-e5a9-4d99-a987-26001157f375@group-2D5EDE50C6DC: changes role from CANDIDATE to FOLLOWER at term 3 for candidate:9cd1aba0-3bef-48ca-b96c-00189f9f00e2
2021-09-23 03:29:22,007 [grpc-default-executor-1] INFO  impl.RoleInfo (RoleInfo.java:shutdownLeaderElection(121)) - 768abe3e-e5a9-4d99-a987-26001157f375: shutdown 768abe3e-e5a9-4d99-a987-26001157f375@group-2D5EDE50C6DC-LeaderElection17
2021-09-23 03:29:22,007 [grpc-default-executor-1] INFO  impl.RoleInfo (RoleInfo.java:updateAndGet(130)) - 768abe3e-e5a9-4d99-a987-26001157f375: start 768abe3e-e5a9-4d99-a987-26001157f375@group-2D5EDE50C6DC-FollowerState
2021-09-23 03:29:22,008 [grpc-default-executor-1] INFO  server.RaftServer$Division (RaftServerImpl.java:requestVote(1075)) - 768abe3e-e5a9-4d99-a987-26001157f375@group-2D5EDE50C6DC replies to ELECTION vote request: 9cd1aba0-3bef-48ca-b96c-00189f9f00e2<-768abe3e-e5a9-4d99-a987-26001157f375#0:FAIL-t3. Peer's state: 768abe3e-e5a9-4d99-a987-26001157f375@group-2D5EDE50C6DC:t3, leader=null, voted=null, raftlog=768abe3e-e5a9-4d99-a987-26001157f375@group-2D5EDE50C6DC-SegmentedRaftLog:OPENED:c-1,f-1,i0, conf=-1: [e7dc5bb2-1c20-468e-bb9f-5c6a91a907f2|rpc:10.1.0.98:38093|priority:0, 9cd1aba0-3bef-48ca-b96c-00189f9f00e2|rpc:10.1.0.98:41505|priority:0, 768abe3e-e5a9-4d99-a987-26001157f375|rpc:10.1.0.98:39881|priority:1], old=null
2021-09-23 03:29:22,014 [9cd1aba0-3bef-48ca-b96c-00189f9f00e2@group-2D5EDE50C6DC-LeaderElection16] INFO  impl.LeaderElection (LeaderElection.java:logAndReturn(89)) - 9cd1aba0-3bef-48ca-b96c-00189f9f00e2@group-2D5EDE50C6DC-LeaderElection16: ELECTION REJECTED received 1 response(s) and 0 exception(s):
2021-09-23 03:29:22,014 [9cd1aba0-3bef-48ca-b96c-00189f9f00e2@group-2D5EDE50C6DC-LeaderElection16] INFO  impl.LeaderElection (LeaderElection.java:logAndReturn(93)) -   Response 0: 9cd1aba0-3bef-48ca-b96c-00189f9f00e2<-768abe3e-e5a9-4d99-a987-26001157f375#0:FAIL-t3
2021-09-23 03:29:22,014 [9cd1aba0-3bef-48ca-b96c-00189f9f00e2@group-2D5EDE50C6DC-LeaderElection16] INFO  impl.LeaderElection (LeaderElection.java:askForVotes(308)) - 9cd1aba0-3bef-48ca-b96c-00189f9f00e2@group-2D5EDE50C6DC-LeaderElection16 ELECTION round 0: result REJECTED
2021-09-23 03:29:22,014 [9cd1aba0-3bef-48ca-b96c-00189f9f00e2@group-2D5EDE50C6DC-LeaderElection16] INFO  server.RaftServer$Division (RaftServerImpl.java:setRole(285)) - 9cd1aba0-3bef-48ca-b96c-00189f9f00e2@group-2D5EDE50C6DC: changes role from CANDIDATE to FOLLOWER at term 3 for REJECTED
2021-09-23 03:29:22,014 [9cd1aba0-3bef-48ca-b96c-00189f9f00e2@group-2D5EDE50C6DC-LeaderElection16] INFO  impl.RoleInfo (RoleInfo.java:shutdownLeaderElection(121)) - 9cd1aba0-3bef-48ca-b96c-00189f9f00e2: shutdown 9cd1aba0-3bef-48ca-b96c-00189f9f00e2@group-2D5EDE50C6DC-LeaderElection16
2021-09-23 03:29:22,014 [9cd1aba0-3bef-48ca-b96c-00189f9f00e2@group-2D5EDE50C6DC-LeaderElection16] INFO  impl.RoleInfo (RoleInfo.java:updateAndGet(130)) - 9cd1aba0-3bef-48ca-b96c-00189f9f00e2: start 9cd1aba0-3bef-48ca-b96c-00189f9f00e2@group-2D5EDE50C6DC-FollowerState
2021-09-23 03:29:22,032 [768abe3e-e5a9-4d99-a987-26001157f375@group-2D5EDE50C6DC-LeaderElection17] INFO  impl.LeaderElection (LeaderElection.java:run(230)) - 768abe3e-e5a9-4d99-a987-26001157f375@group-2D5EDE50C6DC-LeaderElection17: skip running since this is already CLOSING
2021-09-23 03:29:22,034 [grpc-default-executor-3] INFO  server.RaftServer$Division (RaftServerImpl.java:requestVote(1075)) - e7dc5bb2-1c20-468e-bb9f-5c6a91a907f2@group-2D5EDE50C6DC replies to ELECTION vote request: 9cd1aba0-3bef-48ca-b96c-00189f9f00e2<-e7dc5bb2-1c20-468e-bb9f-5c6a91a907f2#0:OK-t3. Peer's state: e7dc5bb2-1c20-468e-bb9f-5c6a91a907f2@group-2D5EDE50C6DC:t3, leader=null, voted=9cd1aba0-3bef-48ca-b96c-00189f9f00e2, raftlog=e7dc5bb2-1c20-468e-bb9f-5c6a91a907f2@group-2D5EDE50C6DC-SegmentedRaftLog:OPENED:c-1,f-1,i0, conf=-1: [e7dc5bb2-1c20-468e-bb9f-5c6a91a907f2|rpc:10.1.0.98:38093|dataStream:|priority:0, 9cd1aba0-3bef-48ca-b96c-00189f9f00e2|rpc:10.1.0.98:41505|dataStream:|priority:0, 768abe3e-e5a9-4d99-a987-26001157f375|rpc:10.1.0.98:39881|dataStream:|priority:1], old=null
2021-09-23 03:29:22,071 [Listener at 127.0.0.1/43673] INFO  ozone.MiniOzoneClusterImpl (MiniOzoneClusterImpl.java:lambda$waitForClusterToBeReady$0(235)) - Nodes are ready. Got 3 of 3 DN Heartbeats.
2021-09-23 03:29:22,072 [Listener at 127.0.0.1/43673] INFO  ozone.MiniOzoneClusterImpl (MiniOzoneClusterImpl.java:lambda$waitForClusterToBeReady$0(238)) - Waiting for cluster to exit safe mode
2021-09-23 03:29:22,072 [Listener at 127.0.0.1/43673] INFO  ozone.MiniOzoneClusterImpl (MiniOzoneClusterImpl.java:lambda$waitForClusterToBeReady$0(240)) - SCM became leader
2021-09-23 03:29:23,072 [Listener at 127.0.0.1/43673] INFO  ozone.MiniOzoneClusterImpl (MiniOzoneClusterImpl.java:lambda$waitForClusterToBeReady$0(235)) - Nodes are ready. Got 3 of 3 DN Heartbeats.
2021-09-23 03:29:23,072 [Listener at 127.0.0.1/43673] INFO  ozone.MiniOzoneClusterImpl (MiniOzoneClusterImpl.java:lambda$waitForClusterToBeReady$0(238)) - Waiting for cluster to exit safe mode
2021-09-23 03:29:23,072 [Listener at 127.0.0.1/43673] INFO  ozone.MiniOzoneClusterImpl (MiniOzoneClusterImpl.java:lambda$waitForClusterToBeReady$0(240)) - SCM became leader
2021-09-23 03:29:24,072 [Listener at 127.0.0.1/43673] INFO  ozone.MiniOzoneClusterImpl (MiniOzoneClusterImpl.java:lambda$waitForClusterToBeReady$0(235)) - Nodes are ready. Got 3 of 3 DN Heartbeats.
2021-09-23 03:29:24,072 [Listener at 127.0.0.1/43673] INFO  ozone.MiniOzoneClusterImpl (MiniOzoneClusterImpl.java:lambda$waitForClusterToBeReady$0(238)) - Waiting for cluster to exit safe mode
2021-09-23 03:29:24,073 [Listener at 127.0.0.1/43673] INFO  ozone.MiniOzoneClusterImpl (MiniOzoneClusterImpl.java:lambda$waitForClusterToBeReady$0(240)) - SCM became leader
2021-09-23 03:29:25,078 [Listener at 127.0.0.1/43673] INFO  ozone.MiniOzoneClusterImpl (MiniOzoneClusterImpl.java:lambda$waitForClusterToBeReady$0(235)) - Nodes are ready. Got 3 of 3 DN Heartbeats.
2021-09-23 03:29:25,078 [Listener at 127.0.0.1/43673] INFO  ozone.MiniOzoneClusterImpl (MiniOzoneClusterImpl.java:lambda$waitForClusterToBeReady$0(238)) - Waiting for cluster to exit safe mode
2021-09-23 03:29:25,078 [Listener at 127.0.0.1/43673] INFO  ozone.MiniOzoneClusterImpl (MiniOzoneClusterImpl.java:lambda$waitForClusterToBeReady$0(240)) - SCM became leader
2021-09-23 03:29:26,078 [Listener at 127.0.0.1/43673] INFO  ozone.MiniOzoneClusterImpl (MiniOzoneClusterImpl.java:lambda$waitForClusterToBeReady$0(235)) - Nodes are ready. Got 3 of 3 DN Heartbeats.
2021-09-23 03:29:26,078 [Listener at 127.0.0.1/43673] INFO  ozone.MiniOzoneClusterImpl (MiniOzoneClusterImpl.java:lambda$waitForClusterToBeReady$0(238)) - Waiting for cluster to exit safe mode
2021-09-23 03:29:26,078 [Listener at 127.0.0.1/43673] INFO  ozone.MiniOzoneClusterImpl (MiniOzoneClusterImpl.java:lambda$waitForClusterToBeReady$0(240)) - SCM became leader
2021-09-23 03:29:27,059 [768abe3e-e5a9-4d99-a987-26001157f375@group-2D5EDE50C6DC-FollowerState] INFO  impl.FollowerState (FollowerState.java:run(134)) - 768abe3e-e5a9-4d99-a987-26001157f375@group-2D5EDE50C6DC-FollowerState: change to CANDIDATE, lastRpcElapsedTime:5052395562ns, electionTimeout:5010ms
2021-09-23 03:29:27,060 [768abe3e-e5a9-4d99-a987-26001157f375@group-2D5EDE50C6DC-FollowerState] INFO  impl.RoleInfo (RoleInfo.java:shutdownFollowerState(108)) - 768abe3e-e5a9-4d99-a987-26001157f375: shutdown 768abe3e-e5a9-4d99-a987-26001157f375@group-2D5EDE50C6DC-FollowerState
2021-09-23 03:29:27,060 [768abe3e-e5a9-4d99-a987-26001157f375@group-2D5EDE50C6DC-FollowerState] INFO  server.RaftServer$Division (RaftServerImpl.java:setRole(285)) - 768abe3e-e5a9-4d99-a987-26001157f375@group-2D5EDE50C6DC: changes role from  FOLLOWER to CANDIDATE at term 3 for changeToCandidate
2021-09-23 03:29:27,060 [768abe3e-e5a9-4d99-a987-26001157f375@group-2D5EDE50C6DC-FollowerState] INFO  server.RaftServerConfigKeys (ConfUtils.java:logGet(44)) - raft.server.leaderelection.pre-vote = false (custom)
2021-09-23 03:29:27,060 [768abe3e-e5a9-4d99-a987-26001157f375@group-2D5EDE50C6DC-FollowerState] INFO  impl.RoleInfo (RoleInfo.java:updateAndGet(130)) - 768abe3e-e5a9-4d99-a987-26001157f375: start 768abe3e-e5a9-4d99-a987-26001157f375@group-2D5EDE50C6DC-LeaderElection18
2021-09-23 03:29:27,075 [768abe3e-e5a9-4d99-a987-26001157f375@group-2D5EDE50C6DC-LeaderElection18] INFO  impl.LeaderElection (LeaderElection.java:askForVotes(306)) - 768abe3e-e5a9-4d99-a987-26001157f375@group-2D5EDE50C6DC-LeaderElection18 ELECTION round 0: submit vote requests at term 4 for -1: [e7dc5bb2-1c20-468e-bb9f-5c6a91a907f2|rpc:10.1.0.98:38093|priority:0, 9cd1aba0-3bef-48ca-b96c-00189f9f00e2|rpc:10.1.0.98:41505|priority:0, 768abe3e-e5a9-4d99-a987-26001157f375|rpc:10.1.0.98:39881|priority:1], old=null
2021-09-23 03:29:27,079 [Listener at 127.0.0.1/43673] INFO  ozone.MiniOzoneClusterImpl (MiniOzoneClusterImpl.java:lambda$waitForClusterToBeReady$0(235)) - Nodes are ready. Got 3 of 3 DN Heartbeats.
2021-09-23 03:29:27,079 [Listener at 127.0.0.1/43673] INFO  ozone.MiniOzoneClusterImpl (MiniOzoneClusterImpl.java:lambda$waitForClusterToBeReady$0(238)) - Waiting for cluster to exit safe mode
2021-09-23 03:29:27,079 [Listener at 127.0.0.1/43673] INFO  ozone.MiniOzoneClusterImpl (MiniOzoneClusterImpl.java:lambda$waitForClusterToBeReady$0(240)) - SCM became leader
2021-09-23 03:29:27,090 [grpc-default-executor-1] INFO  server.RaftServer$Division (RaftServerImpl.java:requestVote(1043)) - e7dc5bb2-1c20-468e-bb9f-5c6a91a907f2@group-2D5EDE50C6DC: receive requestVote(ELECTION, 768abe3e-e5a9-4d99-a987-26001157f375, group-2D5EDE50C6DC, 4, (t:0, i:0))
2021-09-23 03:29:27,090 [grpc-default-executor-1] INFO  impl.VoteContext (VoteContext.java:log(48)) - e7dc5bb2-1c20-468e-bb9f-5c6a91a907f2@group-2D5EDE50C6DC-FOLLOWER: accept ELECTION from 768abe3e-e5a9-4d99-a987-26001157f375: our priority 0 <= candidate's priority 1
2021-09-23 03:29:27,090 [grpc-default-executor-1] INFO  server.RaftServer$Division (RaftServerImpl.java:setRole(285)) - e7dc5bb2-1c20-468e-bb9f-5c6a91a907f2@group-2D5EDE50C6DC: changes role from  FOLLOWER to FOLLOWER at term 4 for candidate:768abe3e-e5a9-4d99-a987-26001157f375
2021-09-23 03:29:27,090 [grpc-default-executor-1] INFO  impl.RoleInfo (RoleInfo.java:shutdownFollowerState(108)) - e7dc5bb2-1c20-468e-bb9f-5c6a91a907f2: shutdown e7dc5bb2-1c20-468e-bb9f-5c6a91a907f2@group-2D5EDE50C6DC-FollowerState
2021-09-23 03:29:27,090 [grpc-default-executor-1] INFO  impl.RoleInfo (RoleInfo.java:updateAndGet(130)) - e7dc5bb2-1c20-468e-bb9f-5c6a91a907f2: start e7dc5bb2-1c20-468e-bb9f-5c6a91a907f2@group-2D5EDE50C6DC-FollowerState
2021-09-23 03:29:27,090 [e7dc5bb2-1c20-468e-bb9f-5c6a91a907f2@group-2D5EDE50C6DC-FollowerState] INFO  impl.FollowerState (FollowerState.java:run(143)) - e7dc5bb2-1c20-468e-bb9f-5c6a91a907f2@group-2D5EDE50C6DC-FollowerState was interrupted: {}
java.lang.InterruptedException: sleep interrupted
	at java.lang.Thread.sleep(Native Method)
	at java.lang.Thread.sleep(Thread.java:340)
	at java.util.concurrent.TimeUnit.sleep(TimeUnit.java:386)
	at org.apache.ratis.util.TimeDuration.sleep(TimeDuration.java:324)
	at org.apache.ratis.util.TimeDuration.sleep(TimeDuration.java:309)
	at org.apache.ratis.server.impl.FollowerState.run(FollowerState.java:118)
2021-09-23 03:29:27,098 [grpc-default-executor-3] INFO  server.RaftServer$Division (RaftServerImpl.java:requestVote(1043)) - 9cd1aba0-3bef-48ca-b96c-00189f9f00e2@group-2D5EDE50C6DC: receive requestVote(ELECTION, 768abe3e-e5a9-4d99-a987-26001157f375, group-2D5EDE50C6DC, 4, (t:0, i:0))
2021-09-23 03:29:27,098 [grpc-default-executor-3] INFO  impl.VoteContext (VoteContext.java:log(48)) - 9cd1aba0-3bef-48ca-b96c-00189f9f00e2@group-2D5EDE50C6DC-FOLLOWER: accept ELECTION from 768abe3e-e5a9-4d99-a987-26001157f375: our priority 0 <= candidate's priority 1
2021-09-23 03:29:27,098 [grpc-default-executor-3] INFO  server.RaftServer$Division (RaftServerImpl.java:setRole(285)) - 9cd1aba0-3bef-48ca-b96c-00189f9f00e2@group-2D5EDE50C6DC: changes role from  FOLLOWER to FOLLOWER at term 4 for candidate:768abe3e-e5a9-4d99-a987-26001157f375
2021-09-23 03:29:27,098 [grpc-default-executor-3] INFO  impl.RoleInfo (RoleInfo.java:shutdownFollowerState(108)) - 9cd1aba0-3bef-48ca-b96c-00189f9f00e2: shutdown 9cd1aba0-3bef-48ca-b96c-00189f9f00e2@group-2D5EDE50C6DC-FollowerState
2021-09-23 03:29:27,098 [grpc-default-executor-3] INFO  impl.RoleInfo (RoleInfo.java:updateAndGet(130)) - 9cd1aba0-3bef-48ca-b96c-00189f9f00e2: start 9cd1aba0-3bef-48ca-b96c-00189f9f00e2@group-2D5EDE50C6DC-FollowerState
2021-09-23 03:29:27,098 [9cd1aba0-3bef-48ca-b96c-00189f9f00e2@group-2D5EDE50C6DC-FollowerState] INFO  impl.FollowerState (FollowerState.java:run(143)) - 9cd1aba0-3bef-48ca-b96c-00189f9f00e2@group-2D5EDE50C6DC-FollowerState was interrupted: {}
java.lang.InterruptedException: sleep interrupted
	at java.lang.Thread.sleep(Native Method)
	at java.lang.Thread.sleep(Thread.java:340)
	at java.util.concurrent.TimeUnit.sleep(TimeUnit.java:386)
	at org.apache.ratis.util.TimeDuration.sleep(TimeDuration.java:324)
	at org.apache.ratis.util.TimeDuration.sleep(TimeDuration.java:309)
	at org.apache.ratis.server.impl.FollowerState.run(FollowerState.java:118)
2021-09-23 03:29:27,102 [grpc-default-executor-3] INFO  server.RaftServer$Division (RaftServerImpl.java:requestVote(1075)) - 9cd1aba0-3bef-48ca-b96c-00189f9f00e2@group-2D5EDE50C6DC replies to ELECTION vote request: 768abe3e-e5a9-4d99-a987-26001157f375<-9cd1aba0-3bef-48ca-b96c-00189f9f00e2#0:OK-t4. Peer's state: 9cd1aba0-3bef-48ca-b96c-00189f9f00e2@group-2D5EDE50C6DC:t4, leader=null, voted=768abe3e-e5a9-4d99-a987-26001157f375, raftlog=9cd1aba0-3bef-48ca-b96c-00189f9f00e2@group-2D5EDE50C6DC-SegmentedRaftLog:OPENED:c-1,f-1,i0, conf=-1: [e7dc5bb2-1c20-468e-bb9f-5c6a91a907f2|rpc:10.1.0.98:38093|priority:0, 9cd1aba0-3bef-48ca-b96c-00189f9f00e2|rpc:10.1.0.98:41505|priority:0, 768abe3e-e5a9-4d99-a987-26001157f375|rpc:10.1.0.98:39881|priority:1], old=null
2021-09-23 03:29:27,103 [768abe3e-e5a9-4d99-a987-26001157f375@group-2D5EDE50C6DC-LeaderElection18] INFO  impl.LeaderElection (LeaderElection.java:logAndReturn(89)) - 768abe3e-e5a9-4d99-a987-26001157f375@group-2D5EDE50C6DC-LeaderElection18: ELECTION PASSED received 1 response(s) and 0 exception(s):
2021-09-23 03:29:27,103 [768abe3e-e5a9-4d99-a987-26001157f375@group-2D5EDE50C6DC-LeaderElection18] INFO  impl.LeaderElection (LeaderElection.java:logAndReturn(93)) -   Response 0: 768abe3e-e5a9-4d99-a987-26001157f375<-9cd1aba0-3bef-48ca-b96c-00189f9f00e2#0:OK-t4
2021-09-23 03:29:27,103 [768abe3e-e5a9-4d99-a987-26001157f375@group-2D5EDE50C6DC-LeaderElection18] INFO  impl.LeaderElection (LeaderElection.java:askForVotes(308)) - 768abe3e-e5a9-4d99-a987-26001157f375@group-2D5EDE50C6DC-LeaderElection18 ELECTION round 0: result PASSED
2021-09-23 03:29:27,103 [768abe3e-e5a9-4d99-a987-26001157f375@group-2D5EDE50C6DC-LeaderElection18] INFO  impl.RoleInfo (RoleInfo.java:shutdownLeaderElection(121)) - 768abe3e-e5a9-4d99-a987-26001157f375: shutdown 768abe3e-e5a9-4d99-a987-26001157f375@group-2D5EDE50C6DC-LeaderElection18
2021-09-23 03:29:27,103 [768abe3e-e5a9-4d99-a987-26001157f375@group-2D5EDE50C6DC-LeaderElection18] INFO  server.RaftServer$Division (RaftServerImpl.java:setRole(285)) - 768abe3e-e5a9-4d99-a987-26001157f375@group-2D5EDE50C6DC: changes role from CANDIDATE to LEADER at term 4 for changeToLeader
2021-09-23 03:29:27,104 [768abe3e-e5a9-4d99-a987-26001157f375@group-2D5EDE50C6DC-LeaderElection18] INFO  ratis.XceiverServerRatis (XceiverServerRatis.java:handleLeaderChangedNotification(860)) - Leader change notification received for group: group-2D5EDE50C6DC with new leaderId: 768abe3e-e5a9-4d99-a987-26001157f375
2021-09-23 03:29:27,104 [grpc-default-executor-1] INFO  server.RaftServer$Division (RaftServerImpl.java:requestVote(1075)) - e7dc5bb2-1c20-468e-bb9f-5c6a91a907f2@group-2D5EDE50C6DC replies to ELECTION vote request: 768abe3e-e5a9-4d99-a987-26001157f375<-e7dc5bb2-1c20-468e-bb9f-5c6a91a907f2#0:OK-t4. Peer's state: e7dc5bb2-1c20-468e-bb9f-5c6a91a907f2@group-2D5EDE50C6DC:t4, leader=null, voted=768abe3e-e5a9-4d99-a987-26001157f375, raftlog=e7dc5bb2-1c20-468e-bb9f-5c6a91a907f2@group-2D5EDE50C6DC-SegmentedRaftLog:OPENED:c-1,f-1,i0, conf=-1: [e7dc5bb2-1c20-468e-bb9f-5c6a91a907f2|rpc:10.1.0.98:38093|dataStream:|priority:0, 9cd1aba0-3bef-48ca-b96c-00189f9f00e2|rpc:10.1.0.98:41505|dataStream:|priority:0, 768abe3e-e5a9-4d99-a987-26001157f375|rpc:10.1.0.98:39881|dataStream:|priority:1], old=null
2021-09-23 03:29:27,105 [EventQueue-PipelineReportForPipelineReportHandler] INFO  pipeline.PipelineManagerImpl (PipelineManagerImpl.java:openPipeline(282)) - Pipeline Pipeline[ Id: 7eba5817-37da-440e-a4b8-2d5ede50c6dc, Nodes: e7dc5bb2-1c20-468e-bb9f-5c6a91a907f2{ip: 10.1.0.98, host: fv-az50-49.grzltbmokehuzjyc5b133kdqgh.cx.internal.cloudapp.net, ports: [REPLICATION=35707, RATIS=38093, RATIS_ADMIN=38093, RATIS_SERVER=38093, STANDALONE=38481], networkLocation: /default-rack, certSerialId: null, persistedOpState: IN_SERVICE, persistedOpStateExpiryEpochSec: 0}9cd1aba0-3bef-48ca-b96c-00189f9f00e2{ip: 10.1.0.98, host: fv-az50-49.grzltbmokehuzjyc5b133kdqgh.cx.internal.cloudapp.net, ports: [REPLICATION=40191, RATIS=41505, RATIS_ADMIN=41505, RATIS_SERVER=41505, STANDALONE=43527], networkLocation: /default-rack, certSerialId: null, persistedOpState: IN_SERVICE, persistedOpStateExpiryEpochSec: 0}768abe3e-e5a9-4d99-a987-26001157f375{ip: 10.1.0.98, host: fv-az50-49.grzltbmokehuzjyc5b133kdqgh.cx.internal.cloudapp.net, ports: [REPLICATION=46093, RATIS=39881, RATIS_ADMIN=39881, RATIS_SERVER=39881, STANDALONE=33617], networkLocation: /default-rack, certSerialId: null, persistedOpState: IN_SERVICE, persistedOpStateExpiryEpochSec: 0}, ReplicationConfig: RATIS/THREE, State:ALLOCATED, leaderId:768abe3e-e5a9-4d99-a987-26001157f375, CreationTimestamp2021-09-23T03:29:04.091Z[Etc/UTC]] moved to OPEN state
2021-09-23 03:29:27,104 [Datanode State Machine Thread - 0] WARN  statemachine.StateContext (StateContext.java:execute(621)) - No available thread in pool for past 1 seconds.
2021-09-23 03:29:27,104 [768abe3e-e5a9-4d99-a987-26001157f375@group-2D5EDE50C6DC-LeaderElection18] INFO  server.RaftServer$Division (ServerState.java:setLeader(285)) - 768abe3e-e5a9-4d99-a987-26001157f375@group-2D5EDE50C6DC: change Leader from null to 768abe3e-e5a9-4d99-a987-26001157f375 at term 4 for becomeLeader, leader elected after 20353ms
2021-09-23 03:29:27,146 [768abe3e-e5a9-4d99-a987-26001157f375@group-2D5EDE50C6DC-LeaderElection18] INFO  server.RaftServerConfigKeys (ConfUtils.java:logGet(44)) - raft.server.staging.catchup.gap = 1000 (default)
2021-09-23 03:29:27,146 [768abe3e-e5a9-4d99-a987-26001157f375@group-2D5EDE50C6DC-LeaderElection18] INFO  server.RaftServerConfigKeys (ConfUtils.java:logGet(44)) - raft.server.write.element-limit = 1024 (custom)
2021-09-23 03:29:27,146 [768abe3e-e5a9-4d99-a987-26001157f375@group-2D5EDE50C6DC-LeaderElection18] INFO  server.RaftServerConfigKeys (ConfUtils.java:logGet(44)) - raft.server.write.byte-limit = 1024 M (=1073741824) (custom)
2021-09-23 03:29:27,147 [768abe3e-e5a9-4d99-a987-26001157f375@group-2D5EDE50C6DC-LeaderElection18] INFO  server.RaftServerConfigKeys (ConfUtils.java:logGet(44)) - raft.server.watch.timeout = 180s (custom)
2021-09-23 03:29:27,147 [768abe3e-e5a9-4d99-a987-26001157f375@group-2D5EDE50C6DC-LeaderElection18] INFO  server.RaftServerConfigKeys (ConfUtils.java:logGet(44)) - raft.server.watch.timeout.denomination = 1s (default)
2021-09-23 03:29:27,147 [768abe3e-e5a9-4d99-a987-26001157f375@group-2D5EDE50C6DC-LeaderElection18] INFO  server.RaftServerConfigKeys (ConfUtils.java:logGet(44)) - raft.server.watch.element-limit = 65536 (default)
2021-09-23 03:29:27,147 [768abe3e-e5a9-4d99-a987-26001157f375@group-2D5EDE50C6DC-LeaderElection18] INFO  server.RaftServerConfigKeys (ConfUtils.java:logGet(44)) - raft.server.log.appender.snapshot.chunk.size.max = 16MB (=16777216) (default)
2021-09-23 03:29:27,147 [768abe3e-e5a9-4d99-a987-26001157f375@group-2D5EDE50C6DC-LeaderElection18] INFO  server.RaftServerConfigKeys (ConfUtils.java:logGet(44)) - raft.server.log.appender.buffer.byte-limit = 33554432 (custom)
2021-09-23 03:29:27,147 [768abe3e-e5a9-4d99-a987-26001157f375@group-2D5EDE50C6DC-LeaderElection18] INFO  server.RaftServerConfigKeys (ConfUtils.java:logGet(44)) - raft.server.log.appender.buffer.element-limit = 1 (custom)
2021-09-23 03:29:27,147 [768abe3e-e5a9-4d99-a987-26001157f375@group-2D5EDE50C6DC-LeaderElection18] INFO  grpc.GrpcConfigKeys (ConfUtils.java:logGet(44)) - raft.grpc.server.leader.outstanding.appends.max = 128 (default)
2021-09-23 03:29:27,147 [768abe3e-e5a9-4d99-a987-26001157f375@group-2D5EDE50C6DC-LeaderElection18] INFO  server.RaftServerConfigKeys (ConfUtils.java:logGet(44)) - raft.server.rpc.request.timeout = 60s (custom)
2021-09-23 03:29:27,147 [768abe3e-e5a9-4d99-a987-26001157f375@group-2D5EDE50C6DC-LeaderElection18] INFO  server.RaftServerConfigKeys (ConfUtils.java:logGet(44)) - raft.server.log.appender.install.snapshot.enabled = false (custom)
2021-09-23 03:29:27,148 [768abe3e-e5a9-4d99-a987-26001157f375@group-2D5EDE50C6DC-LeaderElection18] INFO  server.RaftServerConfigKeys (ConfUtils.java:logGet(44)) - raft.server.log.appender.snapshot.chunk.size.max = 16MB (=16777216) (default)
2021-09-23 03:29:27,148 [768abe3e-e5a9-4d99-a987-26001157f375@group-2D5EDE50C6DC-LeaderElection18] INFO  server.RaftServerConfigKeys (ConfUtils.java:logGet(44)) - raft.server.log.appender.buffer.byte-limit = 33554432 (custom)
2021-09-23 03:29:27,148 [768abe3e-e5a9-4d99-a987-26001157f375@group-2D5EDE50C6DC-LeaderElection18] INFO  server.RaftServerConfigKeys (ConfUtils.java:logGet(44)) - raft.server.log.appender.buffer.element-limit = 1 (custom)
2021-09-23 03:29:27,148 [768abe3e-e5a9-4d99-a987-26001157f375@group-2D5EDE50C6DC-LeaderElection18] INFO  grpc.GrpcConfigKeys (ConfUtils.java:logGet(44)) - raft.grpc.server.leader.outstanding.appends.max = 128 (default)
2021-09-23 03:29:27,148 [768abe3e-e5a9-4d99-a987-26001157f375@group-2D5EDE50C6DC-LeaderElection18] INFO  server.RaftServerConfigKeys (ConfUtils.java:logGet(44)) - raft.server.rpc.request.timeout = 60s (custom)
2021-09-23 03:29:27,148 [768abe3e-e5a9-4d99-a987-26001157f375@group-2D5EDE50C6DC-LeaderElection18] INFO  server.RaftServerConfigKeys (ConfUtils.java:logGet(44)) - raft.server.log.appender.install.snapshot.enabled = false (custom)
2021-09-23 03:29:27,149 [768abe3e-e5a9-4d99-a987-26001157f375@group-2D5EDE50C6DC-LeaderElection18] INFO  impl.RoleInfo (RoleInfo.java:updateAndGet(130)) - 768abe3e-e5a9-4d99-a987-26001157f375: start 768abe3e-e5a9-4d99-a987-26001157f375@group-2D5EDE50C6DC-LeaderStateImpl
2021-09-23 03:29:27,133 [EventQueue-OpenPipelineForHealthyPipelineSafeModeRule] INFO  safemode.SCMSafeModeManager (HealthyPipelineSafeModeRule.java:process(124)) - SCM in safe mode. Healthy pipelines reported count is 1, required healthy pipeline reported count is 1
2021-09-23 03:29:27,150 [EventQueue-OpenPipelineForHealthyPipelineSafeModeRule] INFO  safemode.SCMSafeModeManager (SCMSafeModeManager.java:validateSafeModeExitRules(204)) - HealthyPipelineSafeModeRule rule is successfully validated
2021-09-23 03:29:27,150 [EventQueue-OpenPipelineForHealthyPipelineSafeModeRule] INFO  safemode.SCMSafeModeManager (SCMSafeModeManager.java:validateSafeModeExitRules(219)) - ScmSafeModeManager, all rules are successfully validated
2021-09-23 03:29:27,150 [EventQueue-OpenPipelineForHealthyPipelineSafeModeRule] INFO  safemode.SCMSafeModeManager (SCMSafeModeManager.java:exitSafeMode(248)) - SCM exiting safe mode.
2021-09-23 03:29:27,150 [EventQueue-OpenPipelineForHealthyPipelineSafeModeRule] WARN  events.EventQueue (EventQueue.java:fireEvent(194)) - No event handler registered for event TypedEvent{payloadType=SafeModeStatus, name='Safe mode status'}
2021-09-23 03:29:27,150 [EventQueue-OpenPipelineForHealthyPipelineSafeModeRule] INFO  ha.SCMContext (SCMContext.java:updateSafeModeStatus(205)) - Update SafeModeStatus from SafeModeStatus{safeModeStatus=true, preCheckPassed=true} to SafeModeStatus{safeModeStatus=false, preCheckPassed=true}.
2021-09-23 03:29:27,150 [EventQueue-OpenPipelineForHealthyPipelineSafeModeRule] INFO  pipeline.BackgroundPipelineCreator (BackgroundPipelineCreatorV2.java:notifyStatusChanged(264)) - Service BackgroundPipelineCreator transitions to RUNNING.
2021-09-23 03:29:27,150 [EventQueue-OpenPipelineForHealthyPipelineSafeModeRule] INFO  container.ReplicationManager (ReplicationManager.java:notifyStatusChanged(1743)) - Service ReplicationManager transitions to RUNNING.
2021-09-23 03:29:27,150 [768abe3e-e5a9-4d99-a987-26001157f375@group-2D5EDE50C6DC-LeaderElection18] INFO  segmented.SegmentedRaftLogWorker (SegmentedRaftLogWorker.java:startLogSegment(394)) - 768abe3e-e5a9-4d99-a987-26001157f375@group-2D5EDE50C6DC-SegmentedRaftLogWorker: Starting segment from index:0
2021-09-23 03:29:27,151 [768abe3e-e5a9-4d99-a987-26001157f375@group-2D5EDE50C6DC-SegmentedRaftLogWorker] INFO  segmented.SegmentedRaftLogWorker (SegmentedRaftLogWorker.java:execute(601)) - 768abe3e-e5a9-4d99-a987-26001157f375@group-2D5EDE50C6DC-SegmentedRaftLogWorker: created new log segment /home/runner/work/ozone/ozone/hadoop-ozone/integration-test/target/test-dir/MiniOzoneClusterImpl-53dd09de-9596-4e63-80fc-208f4288e982/datanode-1/data/ratis/7eba5817-37da-440e-a4b8-2d5ede50c6dc/current/log_inprogress_0
2021-09-23 03:29:27,165 [grpc-default-executor-3] INFO  ratis.XceiverServerRatis (XceiverServerRatis.java:handleLeaderChangedNotification(860)) - Leader change notification received for group: group-2D5EDE50C6DC with new leaderId: 768abe3e-e5a9-4d99-a987-26001157f375
2021-09-23 03:29:27,166 [grpc-default-executor-3] INFO  server.RaftServer$Division (ServerState.java:setLeader(285)) - e7dc5bb2-1c20-468e-bb9f-5c6a91a907f2@group-2D5EDE50C6DC: change Leader from null to 768abe3e-e5a9-4d99-a987-26001157f375 at term 4 for appendEntries, leader elected after 20624ms
2021-09-23 03:29:27,182 [768abe3e-e5a9-4d99-a987-26001157f375@group-2D5EDE50C6DC-LeaderElection18] INFO  server.RaftServer$Division (ServerState.java:setRaftConf(387)) - 768abe3e-e5a9-4d99-a987-26001157f375@group-2D5EDE50C6DC: set configuration 0: [e7dc5bb2-1c20-468e-bb9f-5c6a91a907f2|rpc:10.1.0.98:38093|dataStream:|priority:0, 9cd1aba0-3bef-48ca-b96c-00189f9f00e2|rpc:10.1.0.98:41505|dataStream:|priority:0, 768abe3e-e5a9-4d99-a987-26001157f375|rpc:10.1.0.98:39881|dataStream:|priority:1], old=null
2021-09-23 03:29:27,184 [grpc-default-executor-2] INFO  ratis.XceiverServerRatis (XceiverServerRatis.java:handleLeaderChangedNotification(860)) - Leader change notification received for group: group-2D5EDE50C6DC with new leaderId: 768abe3e-e5a9-4d99-a987-26001157f375
2021-09-23 03:29:27,184 [grpc-default-executor-2] INFO  server.RaftServer$Division (ServerState.java:setLeader(285)) - 9cd1aba0-3bef-48ca-b96c-00189f9f00e2@group-2D5EDE50C6DC: change Leader from null to 768abe3e-e5a9-4d99-a987-26001157f375 at term 4 for appendEntries, leader elected after 20784ms
2021-09-23 03:29:27,214 [grpc-default-executor-3] INFO  server.RaftServer$Division (ServerState.java:setRaftConf(387)) - e7dc5bb2-1c20-468e-bb9f-5c6a91a907f2@group-2D5EDE50C6DC: set configuration 0: [e7dc5bb2-1c20-468e-bb9f-5c6a91a907f2|rpc:10.1.0.98:38093|dataStream:|priority:0, 9cd1aba0-3bef-48ca-b96c-00189f9f00e2|rpc:10.1.0.98:41505|dataStream:|priority:0, 768abe3e-e5a9-4d99-a987-26001157f375|rpc:10.1.0.98:39881|dataStream:|priority:1], old=null
2021-09-23 03:29:27,214 [grpc-default-executor-3] INFO  segmented.SegmentedRaftLogWorker (SegmentedRaftLogWorker.java:startLogSegment(394)) - e7dc5bb2-1c20-468e-bb9f-5c6a91a907f2@group-2D5EDE50C6DC-SegmentedRaftLogWorker: Starting segment from index:0
2021-09-23 03:29:27,215 [grpc-default-executor-2] INFO  server.RaftServer$Division (ServerState.java:setRaftConf(387)) - 9cd1aba0-3bef-48ca-b96c-00189f9f00e2@group-2D5EDE50C6DC: set configuration 0: [e7dc5bb2-1c20-468e-bb9f-5c6a91a907f2|rpc:10.1.0.98:38093|dataStream:|priority:0, 9cd1aba0-3bef-48ca-b96c-00189f9f00e2|rpc:10.1.0.98:41505|dataStream:|priority:0, 768abe3e-e5a9-4d99-a987-26001157f375|rpc:10.1.0.98:39881|dataStream:|priority:1], old=null
2021-09-23 03:29:27,219 [grpc-default-executor-2] INFO  segmented.SegmentedRaftLogWorker (SegmentedRaftLogWorker.java:startLogSegment(394)) - 9cd1aba0-3bef-48ca-b96c-00189f9f00e2@group-2D5EDE50C6DC-SegmentedRaftLogWorker: Starting segment from index:0
2021-09-23 03:29:27,219 [e7dc5bb2-1c20-468e-bb9f-5c6a91a907f2@group-2D5EDE50C6DC-SegmentedRaftLogWorker] INFO  segmented.SegmentedRaftLogWorker (SegmentedRaftLogWorker.java:execute(601)) - e7dc5bb2-1c20-468e-bb9f-5c6a91a907f2@group-2D5EDE50C6DC-SegmentedRaftLogWorker: created new log segment /home/runner/work/ozone/ozone/hadoop-ozone/integration-test/target/test-dir/MiniOzoneClusterImpl-53dd09de-9596-4e63-80fc-208f4288e982/datanode-2/data/ratis/7eba5817-37da-440e-a4b8-2d5ede50c6dc/current/log_inprogress_0
2021-09-23 03:29:27,226 [9cd1aba0-3bef-48ca-b96c-00189f9f00e2@group-2D5EDE50C6DC-SegmentedRaftLogWorker] INFO  segmented.SegmentedRaftLogWorker (SegmentedRaftLogWorker.java:execute(601)) - 9cd1aba0-3bef-48ca-b96c-00189f9f00e2@group-2D5EDE50C6DC-SegmentedRaftLogWorker: created new log segment /home/runner/work/ozone/ozone/hadoop-ozone/integration-test/target/test-dir/MiniOzoneClusterImpl-53dd09de-9596-4e63-80fc-208f4288e982/datanode-0/data/ratis/7eba5817-37da-440e-a4b8-2d5ede50c6dc/current/log_inprogress_0
2021-09-23 03:29:28,079 [Listener at 127.0.0.1/43673] INFO  ozone.MiniOzoneClusterImpl (MiniOzoneClusterImpl.java:lambda$waitForClusterToBeReady$0(235)) - Nodes are ready. Got 3 of 3 DN Heartbeats.
2021-09-23 03:29:28,079 [Listener at 127.0.0.1/43673] INFO  ozone.MiniOzoneClusterImpl (MiniOzoneClusterImpl.java:lambda$waitForClusterToBeReady$0(238)) - Cluster exits safe mode
2021-09-23 03:29:28,079 [Listener at 127.0.0.1/43673] INFO  ozone.MiniOzoneClusterImpl (MiniOzoneClusterImpl.java:lambda$waitForClusterToBeReady$0(240)) - SCM became leader
2021-09-23 03:29:28,079 [Listener at 127.0.0.1/43673] INFO  server.StorageContainerManager (StorageContainerManager.java:stop(1371)) - Stopping Container Balancer service.
2021-09-23 03:29:28,079 [Listener at 127.0.0.1/43673] INFO  balancer.ContainerBalancer (ContainerBalancer.java:stop(717)) - Container Balancer is not running.
2021-09-23 03:29:28,079 [Listener at 127.0.0.1/43673] INFO  server.StorageContainerManager (StorageContainerManager.java:stop(1378)) - Stopping Replication Manager Service.
2021-09-23 03:29:28,079 [Listener at 127.0.0.1/43673] INFO  container.ReplicationManager (ReplicationManager.java:stop(350)) - Stopping Replication Monitor Thread.
2021-09-23 03:29:28,080 [Listener at 127.0.0.1/43673] INFO  server.StorageContainerManager (StorageContainerManager.java:stop(1385)) - Stopping the Datanode Admin Monitor.
2021-09-23 03:29:28,080 [Listener at 127.0.0.1/43673] INFO  server.StorageContainerManager (StorageContainerManager.java:stop(1392)) - Stopping Lease Manager of the command watchers
2021-09-23 03:29:28,080 [Listener at 127.0.0.1/43673] INFO  server.StorageContainerManager (StorageContainerManager.java:stop(1399)) - Stopping datanode service RPC server
2021-09-23 03:29:28,080 [Listener at 127.0.0.1/43673] INFO  server.SCMDatanodeProtocolServer (SCMDatanodeProtocolServer.java:stop(389)) - Stopping the RPC server for DataNodes
2021-09-23 03:29:28,080 [Listener at 127.0.0.1/43673] INFO  ipc.Server (Server.java:stop(3414)) - Stopping server on 36503
2021-09-23 03:29:28,082 [IPC Server listener on 0] INFO  ipc.Server (Server.java:run(1376)) - Stopping IPC Server listener on 0
2021-09-23 03:29:28,082 [IPC Server Responder] INFO  ipc.Server (Server.java:run(1512)) - Stopping IPC Server Responder
2021-09-23 03:29:28,107 [EndpointStateMachine task thread for /0.0.0.0:36503 - 0 ] WARN  statemachine.EndpointStateMachine (EndpointStateMachine.java:logIfNeeded(236)) - Unable to communicate to SCM server at 0.0.0.0:36503 for past 0 seconds.
java.io.EOFException: End of File Exception between local host is: "fv-az50-49/10.1.0.98"; destination host is: "0.0.0.0":36503; : java.io.EOFException; For more details see:  http://wiki.apache.org/hadoop/EOFException
	at sun.reflect.NativeConstructorAccessorImpl.newInstance0(Native Method)
	at sun.reflect.NativeConstructorAccessorImpl.newInstance(NativeConstructorAccessorImpl.java:62)
	at sun.reflect.DelegatingConstructorAccessorImpl.newInstance(DelegatingConstructorAccessorImpl.java:45)
	at java.lang.reflect.Constructor.newInstance(Constructor.java:423)
	at org.apache.hadoop.net.NetUtils.wrapWithMessage(NetUtils.java:913)
	at org.apache.hadoop.net.NetUtils.wrapException(NetUtils.java:862)
	at org.apache.hadoop.ipc.Client.getRpcResponse(Client.java:1577)
	at org.apache.hadoop.ipc.Client.call(Client.java:1519)
	at org.apache.hadoop.ipc.Client.call(Client.java:1416)
	at org.apache.hadoop.ipc.ProtobufRpcEngine$Invoker.invoke(ProtobufRpcEngine.java:236)
	at org.apache.hadoop.ipc.ProtobufRpcEngine$Invoker.invoke(ProtobufRpcEngine.java:123)
	at com.sun.proxy.$Proxy49.submitRequest(Unknown Source)
	at org.apache.hadoop.ozone.protocolPB.StorageContainerDatanodeProtocolClientSideTranslatorPB.submitRequest(StorageContainerDatanodeProtocolClientSideTranslatorPB.java:117)
	at org.apache.hadoop.ozone.protocolPB.StorageContainerDatanodeProtocolClientSideTranslatorPB.sendHeartbeat(StorageContainerDatanodeProtocolClientSideTranslatorPB.java:149)
	at org.apache.hadoop.ozone.container.common.states.endpoint.HeartbeatEndpointTask.call(HeartbeatEndpointTask.java:179)
	at org.apache.hadoop.ozone.container.common.states.endpoint.HeartbeatEndpointTask.call(HeartbeatEndpointTask.java:82)
	at java.util.concurrent.FutureTask.run(FutureTask.java:266)
	at java.util.concurrent.ThreadPoolExecutor.runWorker(ThreadPoolExecutor.java:1149)
	at java.util.concurrent.ThreadPoolExecutor$Worker.run(ThreadPoolExecutor.java:624)
	at java.lang.Thread.run(Thread.java:748)
Caused by: java.io.EOFException
	at java.io.DataInputStream.readInt(DataInputStream.java:392)
	at org.apache.hadoop.ipc.Client$IpcStreams.readResponse(Client.java:1892)
	at org.apache.hadoop.ipc.Client$Connection.receiveRpcResponse(Client.java:1202)
	at org.apache.hadoop.ipc.Client$Connection.run(Client.java:1098)
2021-09-23 03:29:28,175 [SCM Heartbeat Processing Thread - 0] WARN  node.NodeStateManager (NodeStateManager.java:scheduleNextHealthCheck(799)) - Current Thread is interrupted, shutting down HB processing thread for Node Manager.
2021-09-23 03:29:28,175 [Listener at 127.0.0.1/43673] INFO  server.StorageContainerManager (StorageContainerManager.java:stop(1407)) - Stopping block service RPC server
2021-09-23 03:29:28,175 [Listener at 127.0.0.1/43673] INFO  server.SCMBlockProtocolServer (SCMBlockProtocolServer.java:stop(160)) - Stopping the RPC server for Block Protocol
2021-09-23 03:29:28,175 [Listener at 127.0.0.1/43673] INFO  ipc.Server (Server.java:stop(3414)) - Stopping server on 44255
2021-09-23 03:29:28,177 [IPC Server listener on 0] INFO  ipc.Server (Server.java:run(1376)) - Stopping IPC Server listener on 0
2021-09-23 03:29:28,177 [Listener at 127.0.0.1/43673] INFO  server.StorageContainerManager (StorageContainerManager.java:stop(1414)) - Stopping the StorageContainerLocationProtocol RPC server
2021-09-23 03:29:28,177 [Listener at 127.0.0.1/43673] INFO  server.SCMClientProtocolServer (SCMClientProtocolServer.java:stop(173)) - Stopping the RPC server for Client Protocol
2021-09-23 03:29:28,177 [IPC Server Responder] INFO  ipc.Server (Server.java:run(1512)) - Stopping IPC Server Responder
2021-09-23 03:29:28,177 [Listener at 127.0.0.1/43673] INFO  ipc.Server (Server.java:stop(3414)) - Stopping server on 36179
2021-09-23 03:29:28,181 [IPC Server Responder] INFO  ipc.Server (Server.java:run(1512)) - Stopping IPC Server Responder
2021-09-23 03:29:28,181 [Listener at 127.0.0.1/43673] INFO  server.StorageContainerManager (StorageContainerManager.java:stop(1421)) - Stopping Storage Container Manager HTTP server.
2021-09-23 03:29:28,181 [Listener at 127.0.0.1/43673] INFO  handler.ContextHandler (ContextHandler.java:doStop(1153)) - Stopped o.e.j.w.WebAppContext@1ccf7d99{scm,/,null,STOPPED}{file:/home/runner/work/ozone/ozone/hadoop-ozone/integration-test/target/test-classes/webapps/scm}
2021-09-23 03:29:28,184 [IPC Server listener on 0] INFO  ipc.Server (Server.java:run(1376)) - Stopping IPC Server listener on 0
2021-09-23 03:29:28,198 [Listener at 127.0.0.1/43673] INFO  server.AbstractConnector (AbstractConnector.java:doStop(381)) - Stopped ServerConnector@3032a452{HTTP/1.1, (http/1.1)}{0.0.0.0:0}
2021-09-23 03:29:28,199 [Listener at 127.0.0.1/43673] INFO  server.session (HouseKeeper.java:stopScavenging(149)) - node0 Stopped scavenging
2021-09-23 03:29:28,199 [Listener at 127.0.0.1/43673] INFO  handler.ContextHandler (ContextHandler.java:doStop(1153)) - Stopped o.e.j.s.ServletContextHandler@1e3013ab{static,/static,file:///home/runner/work/ozone/ozone/hadoop-ozone/integration-test/target/test-classes/webapps/static,STOPPED}
2021-09-23 03:29:28,199 [Listener at 127.0.0.1/43673] INFO  handler.ContextHandler (ContextHandler.java:doStop(1153)) - Stopped o.e.j.s.ServletContextHandler@46844431{logs,/logs,file:///home/runner/work/ozone/ozone/hadoop-ozone/integration-test/target/log,STOPPED}
2021-09-23 03:29:28,203 [Listener at 127.0.0.1/43673] INFO  server.StorageContainerManager (StorageContainerManager.java:stop(1432)) - Stopping Block Manager Service.
2021-09-23 03:29:28,203 [Listener at 127.0.0.1/43673] INFO  utils.BackgroundService (BackgroundService.java:shutdown(132)) - Shutting down service SCMBlockDeletingService
2021-09-23 03:29:28,203 [Listener at 127.0.0.1/43673] INFO  utils.BackgroundService (BackgroundService.java:shutdown(132)) - Shutting down service SCMBlockDeletingService
2021-09-23 03:29:28,203 [Listener at 127.0.0.1/43673] INFO  server.StorageContainerManager (StorageContainerManager.java:stop(1459)) - Stopping SCM Event Queue.
2021-09-23 03:29:28,209 [Listener at 127.0.0.1/43673] INFO  server.StorageContainerManager (StorageContainerManager.java:stop(1470)) - Stopping SCM HA services.
2021-09-23 03:29:28,209 [Listener at 127.0.0.1/43673] INFO  pipeline.BackgroundPipelineCreator (BackgroundPipelineCreatorV2.java:stop(158)) - Stopping RatisPipelineUtilsThread.
2021-09-23 03:29:28,209 [Listener at 127.0.0.1/43673] INFO  server.StorageContainerManager (StorageContainerManager.java:stop(1480)) - Stopping SCM MetadataStore.
2021-09-23 03:29:28,210 [Listener at 127.0.0.1/43673] INFO  impl.MetricsSystemImpl (MetricsSystemImpl.java:stop(210)) - Stopping HddsDatanode metrics system...
2021-09-23 03:29:28,230 [prometheus] INFO  impl.MetricsSinkAdapter (MetricsSinkAdapter.java:publishMetricsFromQueue(141)) - prometheus thread interrupted.
2021-09-23 03:29:28,230 [Listener at 127.0.0.1/43673] INFO  impl.MetricsSystemImpl (MetricsSystemImpl.java:stop(216)) - HddsDatanode metrics system stopped.
2021-09-23 03:29:29,235 [EndpointStateMachine task thread for /0.0.0.0:36503 - 0 ] INFO  ipc.Client (Client.java:handleConnectionFailure(977)) - Retrying connect to server: 0.0.0.0/0.0.0.0:36503. Already tried 0 time(s); retry policy is RetryUpToMaximumCountWithFixedSleep(maxRetries=15, sleepTime=1000 MILLISECONDS)
2021-09-23 03:29:30,236 [EndpointStateMachine task thread for /0.0.0.0:36503 - 0 ] INFO  ipc.Client (Client.java:handleConnectionFailure(977)) - Retrying connect to server: 0.0.0.0/0.0.0.0:36503. Already tried 1 time(s); retry policy is RetryUpToMaximumCountWithFixedSleep(maxRetries=15, sleepTime=1000 MILLISECONDS)
2021-09-23 03:29:30,244 [Datanode State Machine Thread - 0] ERROR datanode.RunningDatanodeState (RunningDatanodeState.java:computeNextContainerState(199)) - Error in executing end point task.
java.util.concurrent.ExecutionException: java.util.concurrent.TimeoutException
	at java.util.concurrent.FutureTask.report(FutureTask.java:122)
	at java.util.concurrent.FutureTask.get(FutureTask.java:192)
	at org.apache.hadoop.ozone.container.common.states.datanode.RunningDatanodeState.computeNextContainerState(RunningDatanodeState.java:191)
	at org.apache.hadoop.ozone.container.common.states.datanode.RunningDatanodeState.await(RunningDatanodeState.java:231)
	at org.apache.hadoop.ozone.container.common.states.datanode.RunningDatanodeState.await(RunningDatanodeState.java:50)
	at org.apache.hadoop.ozone.container.common.statemachine.StateContext.execute(StateContext.java:629)
	at org.apache.hadoop.ozone.container.common.statemachine.DatanodeStateMachine.start(DatanodeStateMachine.java:270)
	at org.apache.hadoop.ozone.container.common.statemachine.DatanodeStateMachine.lambda$startDaemon$0(DatanodeStateMachine.java:457)
	at java.lang.Thread.run(Thread.java:748)
Caused by: java.util.concurrent.TimeoutException
	at java.util.concurrent.FutureTask.get(FutureTask.java:205)
	at org.apache.hadoop.ozone.container.common.states.datanode.RunningDatanodeState.lambda$execute$0(RunningDatanodeState.java:149)
	at java.util.concurrent.FutureTask.run(FutureTask.java:266)
	at java.util.concurrent.Executors$RunnableAdapter.call(Executors.java:511)
	at java.util.concurrent.FutureTask.run(FutureTask.java:266)
	at java.util.concurrent.ThreadPoolExecutor.runWorker(ThreadPoolExecutor.java:1149)
	at java.util.concurrent.ThreadPoolExecutor$Worker.run(ThreadPoolExecutor.java:624)
	... 1 more
2021-09-23 03:29:31,237 [EndpointStateMachine task thread for /0.0.0.0:36503 - 0 ] INFO  ipc.Client (Client.java:handleConnectionFailure(977)) - Retrying connect to server: 0.0.0.0/0.0.0.0:36503. Already tried 2 time(s); retry policy is RetryUpToMaximumCountWithFixedSleep(maxRetries=15, sleepTime=1000 MILLISECONDS)
2021-09-23 03:29:32,237 [EndpointStateMachine task thread for /0.0.0.0:36503 - 0 ] INFO  ipc.Client (Client.java:handleConnectionFailure(977)) - Retrying connect to server: 0.0.0.0/0.0.0.0:36503. Already tried 3 time(s); retry policy is RetryUpToMaximumCountWithFixedSleep(maxRetries=15, sleepTime=1000 MILLISECONDS)
2021-09-23 03:29:33,106 [Datanode State Machine Thread - 0] ERROR datanode.RunningDatanodeState (RunningDatanodeState.java:computeNextContainerState(199)) - Error in executing end point task.
java.util.concurrent.ExecutionException: java.util.concurrent.TimeoutException
	at java.util.concurrent.FutureTask.report(FutureTask.java:122)
	at java.util.concurrent.FutureTask.get(FutureTask.java:192)
	at org.apache.hadoop.ozone.container.common.states.datanode.RunningDatanodeState.computeNextContainerState(RunningDatanodeState.java:191)
	at org.apache.hadoop.ozone.container.common.states.datanode.RunningDatanodeState.await(RunningDatanodeState.java:231)
	at org.apache.hadoop.ozone.container.common.states.datanode.RunningDatanodeState.await(RunningDatanodeState.java:50)
	at org.apache.hadoop.ozone.container.common.statemachine.StateContext.execute(StateContext.java:629)
	at org.apache.hadoop.ozone.container.common.statemachine.DatanodeStateMachine.start(DatanodeStateMachine.java:270)
	at org.apache.hadoop.ozone.container.common.statemachine.DatanodeStateMachine.lambda$startDaemon$0(DatanodeStateMachine.java:457)
	at java.lang.Thread.run(Thread.java:748)
Caused by: java.util.concurrent.TimeoutException
	at java.util.concurrent.FutureTask.get(FutureTask.java:205)
	at org.apache.hadoop.ozone.container.common.states.datanode.RunningDatanodeState.lambda$execute$0(RunningDatanodeState.java:149)
	at java.util.concurrent.FutureTask.run(FutureTask.java:266)
	at java.util.concurrent.Executors$RunnableAdapter.call(Executors.java:511)
	at java.util.concurrent.FutureTask.run(FutureTask.java:266)
	at java.util.concurrent.ThreadPoolExecutor.runWorker(ThreadPoolExecutor.java:1149)
	at java.util.concurrent.ThreadPoolExecutor$Worker.run(ThreadPoolExecutor.java:624)
	... 1 more
2021-09-23 03:29:33,231 [Listener at 127.0.0.1/43673] INFO  ozoneimpl.OzoneContainer (OzoneContainer.java:stop(325)) - Attempting to stop container services.
2021-09-23 03:29:33,232 [Listener at 127.0.0.1/43673] INFO  server.RaftServer (RaftServerProxy.java:lambda$close$6(391)) - 9cd1aba0-3bef-48ca-b96c-00189f9f00e2: close
2021-09-23 03:29:33,238 [EndpointStateMachine task thread for /0.0.0.0:36503 - 0 ] INFO  ipc.Client (Client.java:handleConnectionFailure(977)) - Retrying connect to server: 0.0.0.0/0.0.0.0:36503. Already tried 4 time(s); retry policy is RetryUpToMaximumCountWithFixedSleep(maxRetries=15, sleepTime=1000 MILLISECONDS)
2021-09-23 03:29:33,238 [Listener at 127.0.0.1/43673] INFO  server.RaftServer$Division (RaftServerImpl.java:lambda$close$4(407)) - 9cd1aba0-3bef-48ca-b96c-00189f9f00e2@group-2D5EDE50C6DC: shutdown
2021-09-23 03:29:33,239 [Listener at 127.0.0.1/43673] INFO  util.JmxRegister (JmxRegister.java:unregister(73)) - Successfully un-registered JMX Bean with object name Ratis:service=RaftServer,group=group-2D5EDE50C6DC,id=9cd1aba0-3bef-48ca-b96c-00189f9f00e2
2021-09-23 03:29:33,239 [Listener at 127.0.0.1/43673] INFO  impl.RoleInfo (RoleInfo.java:shutdownFollowerState(108)) - 9cd1aba0-3bef-48ca-b96c-00189f9f00e2: shutdown 9cd1aba0-3bef-48ca-b96c-00189f9f00e2@group-2D5EDE50C6DC-FollowerState
2021-09-23 03:29:33,239 [Listener at 127.0.0.1/43673] INFO  impl.StateMachineUpdater (StateMachineUpdater.java:stopAndJoin(149)) - 9cd1aba0-3bef-48ca-b96c-00189f9f00e2@group-2D5EDE50C6DC-StateMachineUpdater: set stopIndex = 0
2021-09-23 03:29:33,239 [9cd1aba0-3bef-48ca-b96c-00189f9f00e2@group-2D5EDE50C6DC-FollowerState] INFO  impl.FollowerState (FollowerState.java:run(143)) - 9cd1aba0-3bef-48ca-b96c-00189f9f00e2@group-2D5EDE50C6DC-FollowerState was interrupted: {}
java.lang.InterruptedException: sleep interrupted
	at java.lang.Thread.sleep(Native Method)
	at java.lang.Thread.sleep(Thread.java:340)
	at java.util.concurrent.TimeUnit.sleep(TimeUnit.java:386)
	at org.apache.ratis.util.TimeDuration.sleep(TimeDuration.java:324)
	at org.apache.ratis.util.TimeDuration.sleep(TimeDuration.java:309)
	at org.apache.ratis.server.impl.FollowerState.run(FollowerState.java:118)
2021-09-23 03:29:33,239 [9cd1aba0-3bef-48ca-b96c-00189f9f00e2@group-2D5EDE50C6DC-StateMachineUpdater] INFO  ratis.ContainerStateMachine (ContainerStateMachine.java:takeSnapshot(292)) - group-2D5EDE50C6DC: Taking a snapshot at:(t:4, i:0) file /home/runner/work/ozone/ozone/hadoop-ozone/integration-test/target/test-dir/MiniOzoneClusterImpl-53dd09de-9596-4e63-80fc-208f4288e982/datanode-0/data/ratis/7eba5817-37da-440e-a4b8-2d5ede50c6dc/sm/snapshot.4_0
2021-09-23 03:29:33,250 [9cd1aba0-3bef-48ca-b96c-00189f9f00e2@group-2D5EDE50C6DC-StateMachineUpdater] INFO  ratis.ContainerStateMachine (ContainerStateMachine.java:takeSnapshot(303)) - group-2D5EDE50C6DC: Finished taking a snapshot at:(t:4, i:0) file:/home/runner/work/ozone/ozone/hadoop-ozone/integration-test/target/test-dir/MiniOzoneClusterImpl-53dd09de-9596-4e63-80fc-208f4288e982/datanode-0/data/ratis/7eba5817-37da-440e-a4b8-2d5ede50c6dc/sm/snapshot.4_0 took: 10 ms
2021-09-23 03:29:33,250 [9cd1aba0-3bef-48ca-b96c-00189f9f00e2@group-2D5EDE50C6DC-StateMachineUpdater] INFO  impl.StateMachineUpdater (StateMachineUpdater.java:takeSnapshot(281)) - 9cd1aba0-3bef-48ca-b96c-00189f9f00e2@group-2D5EDE50C6DC-StateMachineUpdater: Took a snapshot at index 0
2021-09-23 03:29:33,250 [9cd1aba0-3bef-48ca-b96c-00189f9f00e2@group-2D5EDE50C6DC-StateMachineUpdater] INFO  impl.StateMachineUpdater (StateMachineUpdater.java:lambda$new$0(89)) - 9cd1aba0-3bef-48ca-b96c-00189f9f00e2@group-2D5EDE50C6DC-StateMachineUpdater: snapshotIndex: updateIncreasingly -1 -> 0
2021-09-23 03:29:33,250 [Listener at 127.0.0.1/43673] INFO  server.RaftServer$Division (ServerState.java:close(419)) - 9cd1aba0-3bef-48ca-b96c-00189f9f00e2@group-2D5EDE50C6DC: closes. applyIndex: 0
2021-09-23 03:29:33,251 [9cd1aba0-3bef-48ca-b96c-00189f9f00e2@group-2D5EDE50C6DC-SegmentedRaftLogWorker] INFO  segmented.SegmentedRaftLogWorker (SegmentedRaftLogWorker.java:run(327)) - 9cd1aba0-3bef-48ca-b96c-00189f9f00e2@group-2D5EDE50C6DC-SegmentedRaftLogWorker was interrupted, exiting. There are 0 tasks remaining in the queue.
2021-09-23 03:29:33,251 [Listener at 127.0.0.1/43673] INFO  segmented.SegmentedRaftLogWorker (SegmentedRaftLogWorker.java:close(237)) - 9cd1aba0-3bef-48ca-b96c-00189f9f00e2@group-2D5EDE50C6DC-SegmentedRaftLogWorker close()
2021-09-23 03:29:33,253 [Listener at 127.0.0.1/43673] INFO  server.RaftServer$Division (RaftServerImpl.java:lambda$close$4(407)) - 9cd1aba0-3bef-48ca-b96c-00189f9f00e2@group-893C6F4E4145: shutdown
2021-09-23 03:29:33,253 [Listener at 127.0.0.1/43673] INFO  util.JmxRegister (JmxRegister.java:unregister(73)) - Successfully un-registered JMX Bean with object name Ratis:service=RaftServer,group=group-893C6F4E4145,id=9cd1aba0-3bef-48ca-b96c-00189f9f00e2
2021-09-23 03:29:33,253 [Listener at 127.0.0.1/43673] INFO  impl.RoleInfo (RoleInfo.java:shutdownLeaderState(91)) - 9cd1aba0-3bef-48ca-b96c-00189f9f00e2: shutdown 9cd1aba0-3bef-48ca-b96c-00189f9f00e2@group-893C6F4E4145-LeaderStateImpl
2021-09-23 03:29:33,253 [Listener at 127.0.0.1/43673] INFO  impl.PendingRequests (PendingRequests.java:sendNotLeaderResponses(282)) - 9cd1aba0-3bef-48ca-b96c-00189f9f00e2@group-893C6F4E4145-PendingRequests: sendNotLeaderResponses
2021-09-23 03:29:33,259 [9cd1aba0-3bef-48ca-b96c-00189f9f00e2@group-893C6F4E4145-StateMachineUpdater] INFO  ratis.ContainerStateMachine (ContainerStateMachine.java:takeSnapshot(292)) - group-893C6F4E4145: Taking a snapshot at:(t:1, i:0) file /home/runner/work/ozone/ozone/hadoop-ozone/integration-test/target/test-dir/MiniOzoneClusterImpl-53dd09de-9596-4e63-80fc-208f4288e982/datanode-0/data/ratis/e1bf4ab7-0b4e-4393-ae74-893c6f4e4145/sm/snapshot.1_0
2021-09-23 03:29:33,259 [Listener at 127.0.0.1/43673] INFO  impl.StateMachineUpdater (StateMachineUpdater.java:stopAndJoin(149)) - 9cd1aba0-3bef-48ca-b96c-00189f9f00e2@group-893C6F4E4145-StateMachineUpdater: set stopIndex = 0
2021-09-23 03:29:33,260 [9cd1aba0-3bef-48ca-b96c-00189f9f00e2@group-893C6F4E4145-StateMachineUpdater] INFO  ratis.ContainerStateMachine (ContainerStateMachine.java:takeSnapshot(303)) - group-893C6F4E4145: Finished taking a snapshot at:(t:1, i:0) file:/home/runner/work/ozone/ozone/hadoop-ozone/integration-test/target/test-dir/MiniOzoneClusterImpl-53dd09de-9596-4e63-80fc-208f4288e982/datanode-0/data/ratis/e1bf4ab7-0b4e-4393-ae74-893c6f4e4145/sm/snapshot.1_0 took: 1 ms
2021-09-23 03:29:33,260 [9cd1aba0-3bef-48ca-b96c-00189f9f00e2@group-893C6F4E4145-StateMachineUpdater] INFO  impl.StateMachineUpdater (StateMachineUpdater.java:takeSnapshot(281)) - 9cd1aba0-3bef-48ca-b96c-00189f9f00e2@group-893C6F4E4145-StateMachineUpdater: Took a snapshot at index 0
2021-09-23 03:29:33,260 [9cd1aba0-3bef-48ca-b96c-00189f9f00e2@group-893C6F4E4145-StateMachineUpdater] INFO  impl.StateMachineUpdater (StateMachineUpdater.java:lambda$new$0(89)) - 9cd1aba0-3bef-48ca-b96c-00189f9f00e2@group-893C6F4E4145-StateMachineUpdater: snapshotIndex: updateIncreasingly -1 -> 0
2021-09-23 03:29:33,260 [Listener at 127.0.0.1/43673] INFO  server.RaftServer$Division (ServerState.java:close(419)) - 9cd1aba0-3bef-48ca-b96c-00189f9f00e2@group-893C6F4E4145: closes. applyIndex: 0
2021-09-23 03:29:33,261 [9cd1aba0-3bef-48ca-b96c-00189f9f00e2@group-893C6F4E4145-SegmentedRaftLogWorker] INFO  segmented.SegmentedRaftLogWorker (SegmentedRaftLogWorker.java:run(327)) - 9cd1aba0-3bef-48ca-b96c-00189f9f00e2@group-893C6F4E4145-SegmentedRaftLogWorker was interrupted, exiting. There are 0 tasks remaining in the queue.
2021-09-23 03:29:33,261 [Listener at 127.0.0.1/43673] INFO  segmented.SegmentedRaftLogWorker (SegmentedRaftLogWorker.java:close(237)) - 9cd1aba0-3bef-48ca-b96c-00189f9f00e2@group-893C6F4E4145-SegmentedRaftLogWorker close()
2021-09-23 03:29:33,262 [Listener at 127.0.0.1/43673] INFO  server.GrpcService (GrpcService.java:closeImpl(262)) - 9cd1aba0-3bef-48ca-b96c-00189f9f00e2: shutdown server with port 41505 now
2021-09-23 03:29:33,275 [grpc-default-executor-1] WARN  server.GrpcLogAppender (LogUtils.java:warn(122)) - 768abe3e-e5a9-4d99-a987-26001157f375@group-2D5EDE50C6DC->9cd1aba0-3bef-48ca-b96c-00189f9f00e2-AppendLogResponseHandler: Failed appendEntries: org.apache.ratis.thirdparty.io.grpc.StatusRuntimeException: CANCELLED: HTTP/2 error code: CANCEL
Received Rst Stream
2021-09-23 03:29:33,275 [grpc-default-executor-1] WARN  server.GrpcLogAppender (GrpcLogAppender.java:resetClient(111)) - 768abe3e-e5a9-4d99-a987-26001157f375@group-2D5EDE50C6DC->9cd1aba0-3bef-48ca-b96c-00189f9f00e2-GrpcLogAppender: Leader has not got in touch with Follower 768abe3e-e5a9-4d99-a987-26001157f375@group-2D5EDE50C6DC->9cd1aba0-3bef-48ca-b96c-00189f9f00e2(c0,m0,n1, attendVote=true, lastRpcSendTime=976, lastRpcResponseTime=970) yet, just keep nextIndex unchanged and retry.
2021-09-23 03:29:33,266 [grpc-default-executor-2] WARN  server.GrpcServerProtocolService (LogUtils.java:warn(122)) - 9cd1aba0-3bef-48ca-b96c-00189f9f00e2: installSnapshot onError, lastRequest: 768abe3e-e5a9-4d99-a987-26001157f375->9cd1aba0-3bef-48ca-b96c-00189f9f00e2#1-t4,previous=(t:0, i:0),leaderCommit=0,initializing? true,entries: size=1, first=(t:4, i:0), CONFIGURATIONENTRY: org.apache.ratis.thirdparty.io.grpc.StatusRuntimeException: CANCELLED: client cancelled
2021-09-23 03:29:33,307 [Listener at 127.0.0.1/43673] INFO  server.GrpcService (GrpcService.java:closeImpl(271)) - 9cd1aba0-3bef-48ca-b96c-00189f9f00e2: shutdown server with port 41505 successfully
2021-09-23 03:29:33,307 [org.apache.ratis.util.JvmPauseMonitor$$Lambda$531/1321261357@1a295826] INFO  util.JvmPauseMonitor (JvmPauseMonitor.java:run(109)) - JvmPauseMonitor-9cd1aba0-3bef-48ca-b96c-00189f9f00e2: Stopped
2021-09-23 03:29:33,308 [Listener at 127.0.0.1/43673] INFO  utils.BackgroundService (BackgroundService.java:shutdown(132)) - Shutting down service BlockDeletingService
2021-09-23 03:29:34,239 [EndpointStateMachine task thread for /0.0.0.0:36503 - 0 ] INFO  ipc.Client (Client.java:handleConnectionFailure(977)) - Retrying connect to server: 0.0.0.0/0.0.0.0:36503. Already tried 5 time(s); retry policy is RetryUpToMaximumCountWithFixedSleep(maxRetries=15, sleepTime=1000 MILLISECONDS)
2021-09-23 03:29:34,851 [grpc-default-executor-2] WARN  server.GrpcLogAppender (LogUtils.java:warn(122)) - 768abe3e-e5a9-4d99-a987-26001157f375@group-2D5EDE50C6DC->9cd1aba0-3bef-48ca-b96c-00189f9f00e2-AppendLogResponseHandler: Failed appendEntries: org.apache.ratis.thirdparty.io.grpc.StatusRuntimeException: UNAVAILABLE: io exception
2021-09-23 03:29:34,852 [grpc-default-executor-2] WARN  server.GrpcLogAppender (GrpcLogAppender.java:resetClient(111)) - 768abe3e-e5a9-4d99-a987-26001157f375@group-2D5EDE50C6DC->9cd1aba0-3bef-48ca-b96c-00189f9f00e2-GrpcLogAppender: Leader has not got in touch with Follower 768abe3e-e5a9-4d99-a987-26001157f375@group-2D5EDE50C6DC->9cd1aba0-3bef-48ca-b96c-00189f9f00e2(c0,m0,n1, attendVote=true, lastRpcSendTime=11, lastRpcResponseTime=2546) yet, just keep nextIndex unchanged and retry.
2021-09-23 03:29:35,240 [EndpointStateMachine task thread for /0.0.0.0:36503 - 0 ] INFO  ipc.Client (Client.java:handleConnectionFailure(977)) - Retrying connect to server: 0.0.0.0/0.0.0.0:36503. Already tried 6 time(s); retry policy is RetryUpToMaximumCountWithFixedSleep(maxRetries=15, sleepTime=1000 MILLISECONDS)
2021-09-23 03:29:36,122 [Datanode State Machine Thread - 0] ERROR datanode.RunningDatanodeState (RunningDatanodeState.java:computeNextContainerState(199)) - Error in executing end point task.
java.util.concurrent.ExecutionException: java.util.concurrent.TimeoutException
	at java.util.concurrent.FutureTask.report(FutureTask.java:122)
	at java.util.concurrent.FutureTask.get(FutureTask.java:192)
	at org.apache.hadoop.ozone.container.common.states.datanode.RunningDatanodeState.computeNextContainerState(RunningDatanodeState.java:191)
	at org.apache.hadoop.ozone.container.common.states.datanode.RunningDatanodeState.await(RunningDatanodeState.java:231)
	at org.apache.hadoop.ozone.container.common.states.datanode.RunningDatanodeState.await(RunningDatanodeState.java:50)
	at org.apache.hadoop.ozone.container.common.statemachine.StateContext.execute(StateContext.java:629)
	at org.apache.hadoop.ozone.container.common.statemachine.DatanodeStateMachine.start(DatanodeStateMachine.java:270)
	at org.apache.hadoop.ozone.container.common.statemachine.DatanodeStateMachine.lambda$startDaemon$0(DatanodeStateMachine.java:457)
	at java.lang.Thread.run(Thread.java:748)
Caused by: java.util.concurrent.TimeoutException
	at java.util.concurrent.FutureTask.get(FutureTask.java:205)
	at org.apache.hadoop.ozone.container.common.states.datanode.RunningDatanodeState.lambda$execute$0(RunningDatanodeState.java:149)
	at java.util.concurrent.FutureTask.run(FutureTask.java:266)
	at java.util.concurrent.Executors$RunnableAdapter.call(Executors.java:511)
	at java.util.concurrent.FutureTask.run(FutureTask.java:266)
	at java.util.concurrent.ThreadPoolExecutor.runWorker(ThreadPoolExecutor.java:1149)
	at java.util.concurrent.ThreadPoolExecutor$Worker.run(ThreadPoolExecutor.java:624)
	... 1 more
2021-09-23 03:29:36,240 [EndpointStateMachine task thread for /0.0.0.0:36503 - 0 ] INFO  ipc.Client (Client.java:handleConnectionFailure(977)) - Retrying connect to server: 0.0.0.0/0.0.0.0:36503. Already tried 7 time(s); retry policy is RetryUpToMaximumCountWithFixedSleep(maxRetries=15, sleepTime=1000 MILLISECONDS)
2021-09-23 03:29:36,320 [Listener at 127.0.0.1/43673] INFO  statemachine.DatanodeStateMachine (DatanodeStateMachine.java:stopDaemon(515)) - Ozone container server stopped.
2021-09-23 03:29:36,321 [Listener at 127.0.0.1/43673] INFO  handler.ContextHandler (ContextHandler.java:doStop(1153)) - Stopped o.e.j.w.WebAppContext@d6a5c4d{hddsDatanode,/,null,STOPPED}{jar:file:/home/runner/.m2/repository/org/apache/ozone/hdds-container-service/1.2.0-SNAPSHOT/hdds-container-service-1.2.0-SNAPSHOT.jar!/webapps/hddsDatanode}
2021-09-23 03:29:36,322 [Listener at 127.0.0.1/43673] INFO  server.AbstractConnector (AbstractConnector.java:doStop(381)) - Stopped ServerConnector@30ee0fb0{HTTP/1.1, (http/1.1)}{0.0.0.0:0}
2021-09-23 03:29:36,323 [Listener at 127.0.0.1/43673] INFO  server.session (HouseKeeper.java:stopScavenging(149)) - node0 Stopped scavenging
2021-09-23 03:29:36,323 [Listener at 127.0.0.1/43673] INFO  handler.ContextHandler (ContextHandler.java:doStop(1153)) - Stopped o.e.j.s.ServletContextHandler@67bfd701{static,/static,jar:file:/home/runner/.m2/repository/org/apache/ozone/hdds-container-service/1.2.0-SNAPSHOT/hdds-container-service-1.2.0-SNAPSHOT.jar!/webapps/static,STOPPED}
2021-09-23 03:29:36,323 [Listener at 127.0.0.1/43673] INFO  handler.ContextHandler (ContextHandler.java:doStop(1153)) - Stopped o.e.j.s.ServletContextHandler@434b223{logs,/logs,file:///home/runner/work/ozone/ozone/hadoop-ozone/integration-test/target/log,STOPPED}
2021-09-23 03:29:36,335 [Listener at 127.0.0.1/43673] WARN  impl.MetricRegistriesImpl (MetricRegistriesImpl.java:addReporterRegistration(111)) - New reporters are added after registries were created. Some metrics will be missing from the reporter. Please add reporter before adding any new registry.
2021-09-23 03:29:36,344 [Listener at 127.0.0.1/43673] WARN  impl.MetricRegistriesImpl (MetricRegistriesImpl.java:addReporterRegistration(111)) - New reporters are added after registries were created. Some metrics will be missing from the reporter. Please add reporter before adding any new registry.
2021-09-23 03:29:36,345 [Listener at 127.0.0.1/43673] WARN  impl.MetricsConfig (MetricsConfig.java:loadFirst(136)) - Cannot locate configuration: tried hadoop-metrics2-hddsdatanode.properties,hadoop-metrics2.properties
2021-09-23 03:29:36,354 [Listener at 127.0.0.1/43673] INFO  impl.MetricsSystemImpl (MetricsSystemImpl.java:startTimer(378)) - Scheduled Metric snapshot period at 10 second(s).
2021-09-23 03:29:36,354 [Listener at 127.0.0.1/43673] INFO  impl.MetricsSystemImpl (MetricsSystemImpl.java:start(191)) - HddsDatanode metrics system started
2021-09-23 03:29:36,406 [Listener at 127.0.0.1/43673] INFO  impl.MetricsSinkAdapter (MetricsSinkAdapter.java:start(204)) - Sink prometheus started
2021-09-23 03:29:36,406 [Listener at 127.0.0.1/43673] INFO  impl.MetricsSystemImpl (MetricsSystemImpl.java:registerSink(305)) - Registered sink prometheus
2021-09-23 03:29:36,547 [Listener at 127.0.0.1/43673] INFO  ozone.HddsDatanodeService (HddsDatanodeService.java:start(234)) - HddsDatanodeService host:fv-az50-49.grzltbmokehuzjyc5b133kdqgh.cx.internal.cloudapp.net ip:10.1.0.98
2021-09-23 03:29:36,598 [Listener at 127.0.0.1/43673] INFO  upgrade.AbstractLayoutVersionManager (AbstractLayoutVersionManager.java:init(79)) - Initializing Layout version manager with metadata layout = SCM_HA (version = 2), software layout = SCM_HA (version = 2)
2021-09-23 03:29:36,696 [Listener at 127.0.0.1/43673] INFO  reflections.Reflections (Reflections.java:scan(232)) - Reflections took 97 ms to scan 7 urls, producing 119 keys and 275 values 
2021-09-23 03:29:36,715 [Listener at 127.0.0.1/43673] INFO  volume.HddsVolume (HddsVolume.java:<init>(120)) - Creating HddsVolume: /home/runner/work/ozone/ozone/hadoop-ozone/integration-test/target/test-dir/MiniOzoneClusterImpl-53dd09de-9596-4e63-80fc-208f4288e982/datanode-0/data-0/containers/hdds of storage type : DISK capacity : 9223372036854775807
2021-09-23 03:29:36,715 [Listener at 127.0.0.1/43673] INFO  volume.MutableVolumeSet (MutableVolumeSet.java:initializeVolumeSet(168)) - Added Volume : /home/runner/work/ozone/ozone/hadoop-ozone/integration-test/target/test-dir/MiniOzoneClusterImpl-53dd09de-9596-4e63-80fc-208f4288e982/datanode-0/data-0/containers/hdds to VolumeSet
2021-09-23 03:29:36,715 [Listener at 127.0.0.1/43673] INFO  volume.ThrottledAsyncChecker (ThrottledAsyncChecker.java:schedule(141)) - Scheduling a check for /home/runner/work/ozone/ozone/hadoop-ozone/integration-test/target/test-dir/MiniOzoneClusterImpl-53dd09de-9596-4e63-80fc-208f4288e982/datanode-0/data-0/containers/hdds
2021-09-23 03:29:36,716 [Listener at 127.0.0.1/43673] INFO  volume.StorageVolumeChecker (StorageVolumeChecker.java:checkAllVolumes(202)) - Scheduled health check for volume /home/runner/work/ozone/ozone/hadoop-ozone/integration-test/target/test-dir/MiniOzoneClusterImpl-53dd09de-9596-4e63-80fc-208f4288e982/datanode-0/data-0/containers/hdds
2021-09-23 03:29:36,734 [Listener at 127.0.0.1/43673] INFO  volume.MutableVolumeSet (MutableVolumeSet.java:initializeVolumeSet(168)) - Added Volume : /home/runner/work/ozone/ozone/hadoop-ozone/integration-test/target/test-dir/MiniOzoneClusterImpl-53dd09de-9596-4e63-80fc-208f4288e982/datanode-0/data/ratis to VolumeSet
2021-09-23 03:29:36,734 [Listener at 127.0.0.1/43673] INFO  volume.ThrottledAsyncChecker (ThrottledAsyncChecker.java:schedule(141)) - Scheduling a check for /home/runner/work/ozone/ozone/hadoop-ozone/integration-test/target/test-dir/MiniOzoneClusterImpl-53dd09de-9596-4e63-80fc-208f4288e982/datanode-0/data/ratis
2021-09-23 03:29:36,735 [Listener at 127.0.0.1/43673] INFO  volume.StorageVolumeChecker (StorageVolumeChecker.java:checkAllVolumes(202)) - Scheduled health check for volume /home/runner/work/ozone/ozone/hadoop-ozone/integration-test/target/test-dir/MiniOzoneClusterImpl-53dd09de-9596-4e63-80fc-208f4288e982/datanode-0/data/ratis
2021-09-23 03:29:36,830 [Thread-629] INFO  ozoneimpl.ContainerReader (ContainerReader.java:readVolume(142)) - Start to verify containers on volume /home/runner/work/ozone/ozone/hadoop-ozone/integration-test/target/test-dir/MiniOzoneClusterImpl-53dd09de-9596-4e63-80fc-208f4288e982/datanode-0/data-0/containers/hdds
2021-09-23 03:29:36,831 [Thread-629] INFO  ozoneimpl.ContainerReader (ContainerReader.java:readVolume(172)) - Finish verifying containers on volume /home/runner/work/ozone/ozone/hadoop-ozone/integration-test/target/test-dir/MiniOzoneClusterImpl-53dd09de-9596-4e63-80fc-208f4288e982/datanode-0/data-0/containers/hdds
2021-09-23 03:29:36,831 [Listener at 127.0.0.1/43673] INFO  ozoneimpl.OzoneContainer (OzoneContainer.java:buildContainerSet(236)) - Build ContainerSet costs 0s
2021-09-23 03:29:36,833 [Listener at 127.0.0.1/43673] INFO  server.RaftServer (ConfUtils.java:logGet(44)) - raft.rpc.type = GRPC (default)
2021-09-23 03:29:36,833 [Listener at 127.0.0.1/43673] INFO  grpc.GrpcFactory (GrpcFactory.java:checkPooledByteBufAllocatorUseCacheForAllThreads(48)) - PERFORMANCE WARNING: useCacheForAllThreads is true that may cause Netty to create a lot garbage objects and, as a result, trigger GC.
	It is recommended to disable useCacheForAllThreads by setting -Dorg.apache.ratis.thirdparty.io.netty.allocator.useCacheForAllThreads=false in command line.
2021-09-23 03:29:36,833 [Listener at 127.0.0.1/43673] INFO  grpc.GrpcConfigKeys (ConfUtils.java:logGet(44)) - raft.grpc.admin.port = 41505 (custom)
2021-09-23 03:29:36,835 [Listener at 127.0.0.1/43673] INFO  grpc.GrpcConfigKeys (ConfUtils.java:logGet(44)) - raft.grpc.client.port = 41505 (custom)
2021-09-23 03:29:36,835 [Listener at 127.0.0.1/43673] INFO  grpc.GrpcConfigKeys (ConfUtils.java:logGet(44)) - raft.grpc.server.port = 41505 (custom)
2021-09-23 03:29:36,836 [Listener at 127.0.0.1/43673] INFO  server.GrpcService (ConfUtils.java:logGet(44)) - raft.grpc.message.size.max = 32MB (=33554432) (custom)
2021-09-23 03:29:36,836 [Listener at 127.0.0.1/43673] INFO  server.RaftServerConfigKeys (ConfUtils.java:logGet(44)) - raft.server.log.appender.buffer.byte-limit = 33554432 (custom)
2021-09-23 03:29:36,836 [Listener at 127.0.0.1/43673] INFO  server.GrpcService (ConfUtils.java:logGet(44)) - raft.grpc.flow.control.window = 5MB (=5242880) (custom)
2021-09-23 03:29:36,836 [Listener at 127.0.0.1/43673] INFO  server.RaftServerConfigKeys (ConfUtils.java:logGet(44)) - raft.server.rpc.request.timeout = 60s (custom)
2021-09-23 03:29:36,838 [Listener at 127.0.0.1/43673] INFO  impl.DataStreamServerImpl (ConfUtils.java:logGet(44)) - raft.datastream.type = DISABLED (default)
2021-09-23 03:29:36,838 [Listener at 127.0.0.1/43673] INFO  server.RaftServerConfigKeys (ConfUtils.java:logGet(44)) - raft.server.rpc.slowness.timeout = 300s (custom)
2021-09-23 03:29:36,838 [Listener at 127.0.0.1/43673] INFO  server.RaftServerConfigKeys (ConfUtils.java:logGet(44)) - raft.server.leaderelection.leader.step-down.wait-time = 10s (default)
2021-09-23 03:29:36,839 [Listener at 127.0.0.1/43673] INFO  server.RaftServerConfigKeys (ConfUtils.java:logGet(44)) - raft.server.storage.dir = [/home/runner/work/ozone/ozone/hadoop-ozone/integration-test/target/test-dir/MiniOzoneClusterImpl-53dd09de-9596-4e63-80fc-208f4288e982/datanode-0/data/ratis] (custom)
2021-09-23 03:29:36,839 [Listener at 127.0.0.1/43673] INFO  server.RaftServer (RaftServerProxy.java:lambda$null$1(235)) - 9cd1aba0-3bef-48ca-b96c-00189f9f00e2: found a subdirectory /home/runner/work/ozone/ozone/hadoop-ozone/integration-test/target/test-dir/MiniOzoneClusterImpl-53dd09de-9596-4e63-80fc-208f4288e982/datanode-0/data/ratis/e1bf4ab7-0b4e-4393-ae74-893c6f4e4145
2021-09-23 03:29:36,847 [Listener at 127.0.0.1/43673] INFO  server.RaftServer (RaftServerProxy.java:addNew(95)) - 9cd1aba0-3bef-48ca-b96c-00189f9f00e2: addNew group-893C6F4E4145:[] returns group-893C6F4E4145:java.util.concurrent.CompletableFuture@4365dfa8[Not completed]
2021-09-23 03:29:36,848 [Listener at 127.0.0.1/43673] INFO  server.RaftServer (RaftServerProxy.java:lambda$null$1(235)) - 9cd1aba0-3bef-48ca-b96c-00189f9f00e2: found a subdirectory /home/runner/work/ozone/ozone/hadoop-ozone/integration-test/target/test-dir/MiniOzoneClusterImpl-53dd09de-9596-4e63-80fc-208f4288e982/datanode-0/data/ratis/7eba5817-37da-440e-a4b8-2d5ede50c6dc
2021-09-23 03:29:36,848 [Listener at 127.0.0.1/43673] INFO  server.RaftServer (RaftServerProxy.java:addNew(95)) - 9cd1aba0-3bef-48ca-b96c-00189f9f00e2: addNew group-2D5EDE50C6DC:[] returns group-2D5EDE50C6DC:java.util.concurrent.CompletableFuture@16c8c2c4[Not completed]
2021-09-23 03:29:36,851 [pool-289-thread-1] INFO  server.RaftServer$Division (RaftServerImpl.java:<init>(181)) - 9cd1aba0-3bef-48ca-b96c-00189f9f00e2: new RaftServerImpl for group-893C6F4E4145:[] with ContainerStateMachine:uninitialized
2021-09-23 03:29:36,890 [pool-289-thread-1] INFO  server.RaftServerConfigKeys (ConfUtils.java:logGet(44)) - raft.server.rpc.timeout.min = 5s (custom)
2021-09-23 03:29:36,890 [pool-289-thread-1] INFO  server.RaftServerConfigKeys (ConfUtils.java:logGet(44)) - raft.server.rpc.timeout.max = 5200ms (custom)
2021-09-23 03:29:36,890 [pool-289-thread-1] INFO  server.RaftServerConfigKeys (ConfUtils.java:logGet(44)) - raft.server.rpc.sleep.time = 25ms (default)
2021-09-23 03:29:36,890 [pool-289-thread-1] INFO  server.RaftServerConfigKeys (ConfUtils.java:logGet(44)) - raft.server.rpc.slowness.timeout = 300s (custom)
2021-09-23 03:29:36,890 [pool-289-thread-1] INFO  server.RaftServerConfigKeys (ConfUtils.java:logGet(44)) - raft.server.leaderelection.leader.step-down.wait-time = 10s (default)
2021-09-23 03:29:36,890 [pool-289-thread-1] INFO  server.RaftServerConfigKeys (ConfUtils.java:logGet(44)) - raft.server.sleep.deviation.threshold = 300ms (default)
2021-09-23 03:29:36,890 [pool-289-thread-1] INFO  server.RaftServerConfigKeys (ConfUtils.java:logGet(44)) - raft.server.log.appender.install.snapshot.enabled = false (custom)
2021-09-23 03:29:36,890 [pool-289-thread-1] INFO  server.RaftServer$Division (ServerState.java:<init>(105)) - 9cd1aba0-3bef-48ca-b96c-00189f9f00e2@group-893C6F4E4145: ConfigurationManager, init=-1: [], old=null, confs=<EMPTY_MAP>
2021-09-23 03:29:36,890 [pool-289-thread-1] INFO  server.RaftServerConfigKeys (ConfUtils.java:logGet(44)) - raft.server.storage.dir = [/home/runner/work/ozone/ozone/hadoop-ozone/integration-test/target/test-dir/MiniOzoneClusterImpl-53dd09de-9596-4e63-80fc-208f4288e982/datanode-0/data/ratis] (custom)
2021-09-23 03:29:36,891 [pool-289-thread-1] INFO  server.RaftServerConfigKeys (ConfUtils.java:logGet(44)) - raft.server.log.corruption.policy = EXCEPTION (default)
2021-09-23 03:29:36,891 [pool-289-thread-1] INFO  server.RaftServerConfigKeys (ConfUtils.java:logGet(44)) - raft.server.storage.free-space.min = 0MB (=0) (default)
2021-09-23 03:29:36,891 [Listener at 127.0.0.1/43673] INFO  http.BaseHttpServer (BaseHttpServer.java:newHttpServer2BuilderForOzone(209)) - Starting Web-server for hddsDatanode at: http://0.0.0.0:45359
2021-09-23 03:29:36,891 [Listener at 127.0.0.1/43673] INFO  http.BaseHttpServer (BaseHttpServer.java:<init>(107)) - Hadoop Security Enabled: false Ozone Security Enabled: false Ozone HTTP Security Enabled: false 
2021-09-23 03:29:36,893 [Listener at 127.0.0.1/43673] INFO  server.AuthenticationFilter (AuthenticationFilter.java:constructSecretProvider(240)) - Unable to initialize FileSignerSecretProvider, falling back to use random secrets.
2021-09-23 03:29:36,898 [pool-289-thread-1] INFO  storage.RaftStorageDirectory (RaftStorageDirectoryImpl.java:tryLock(230)) - Lock on /home/runner/work/ozone/ozone/hadoop-ozone/integration-test/target/test-dir/MiniOzoneClusterImpl-53dd09de-9596-4e63-80fc-208f4288e982/datanode-0/data/ratis/e1bf4ab7-0b4e-4393-ae74-893c6f4e4145/in_use.lock acquired by nodename 7136@fv-az50-49
2021-09-23 03:29:36,899 [pool-289-thread-1] INFO  storage.RaftStorage (RaftStorageImpl.java:analyzeAndRecoverStorage(110)) - Read RaftStorageMetadata{term=1, votedFor=9cd1aba0-3bef-48ca-b96c-00189f9f00e2} from /home/runner/work/ozone/ozone/hadoop-ozone/integration-test/target/test-dir/MiniOzoneClusterImpl-53dd09de-9596-4e63-80fc-208f4288e982/datanode-0/data/ratis/e1bf4ab7-0b4e-4393-ae74-893c6f4e4145/current/raft-meta
2021-09-23 03:29:36,917 [Listener at 127.0.0.1/43673] WARN  http.HttpRequestLog (HttpRequestLog.java:getRequestLog(103)) - Jetty request log can only be enabled using Log4j
2021-09-23 03:29:36,918 [Listener at 127.0.0.1/43673] INFO  http.HttpServer2 (HttpServer2.java:addGlobalFilter(1030)) - Added global filter 'safety' (class=org.apache.hadoop.hdds.server.http.HttpServer2$QuotingInputFilter)
2021-09-23 03:29:36,918 [Listener at 127.0.0.1/43673] INFO  http.HttpServer2 (HttpServer2.java:addFilter(1006)) - Added filter static_user_filter (class=org.apache.hadoop.http.lib.StaticUserWebFilter$StaticUserFilter) to context hddsDatanode
2021-09-23 03:29:36,918 [Listener at 127.0.0.1/43673] INFO  http.HttpServer2 (HttpServer2.java:addFilter(1014)) - Added filter static_user_filter (class=org.apache.hadoop.http.lib.StaticUserWebFilter$StaticUserFilter) to context static
2021-09-23 03:29:36,918 [Listener at 127.0.0.1/43673] INFO  http.HttpServer2 (HttpServer2.java:addFilter(1014)) - Added filter static_user_filter (class=org.apache.hadoop.http.lib.StaticUserWebFilter$StaticUserFilter) to context logs
2021-09-23 03:29:36,919 [Listener at 127.0.0.1/43673] INFO  http.HttpServer2 (HttpServer2.java:bindListener(1249)) - Jetty bound to port 45359
2021-09-23 03:29:36,919 [Listener at 127.0.0.1/43673] INFO  server.Server (Server.java:doStart(375)) - jetty-9.4.43.v20210629; built: 2021-06-30T11:07:22.254Z; git: 526006ecfa3af7f1a27ef3a288e2bef7ea9dd7e8; jvm 1.8.0_292-b10
2021-09-23 03:29:37,022 [pool-289-thread-1] INFO  ratis.ContainerStateMachine (ContainerStateMachine.java:loadSnapshot(233)) - group-893C6F4E4145: Setting the last applied index to (t:1, i:0)
2021-09-23 03:29:37,026 [Listener at 127.0.0.1/43673] INFO  server.session (DefaultSessionIdManager.java:doStart(334)) - DefaultSessionIdManager workerName=node0
2021-09-23 03:29:37,026 [Listener at 127.0.0.1/43673] INFO  server.session (DefaultSessionIdManager.java:doStart(339)) - No SessionScavenger set, using defaults
2021-09-23 03:29:37,026 [Listener at 127.0.0.1/43673] INFO  server.session (HouseKeeper.java:startScavenging(132)) - node0 Scavenging every 660000ms
2021-09-23 03:29:37,028 [pool-289-thread-1] INFO  server.RaftServer$Division (ServerState.java:setRaftConf(387)) - 9cd1aba0-3bef-48ca-b96c-00189f9f00e2@group-893C6F4E4145: set configuration 0: [9cd1aba0-3bef-48ca-b96c-00189f9f00e2|rpc:10.1.0.98:41505|dataStream:|priority:1], old=null
2021-09-23 03:29:37,028 [pool-289-thread-1] INFO  server.RaftServerConfigKeys (ConfUtils.java:logGet(44)) - raft.server.notification.no-leader.timeout = 300s (custom)
2021-09-23 03:29:37,028 [pool-289-thread-1] INFO  server.RaftServerConfigKeys (ConfUtils.java:logGet(44)) - raft.server.log.use.memory = false (default)
2021-09-23 03:29:37,037 [pool-289-thread-1] INFO  server.RaftServerConfigKeys (ConfUtils.java:logGet(44)) - raft.server.log.purge.gap = 1000000 (custom)
2021-09-23 03:29:37,037 [pool-289-thread-1] INFO  server.RaftServerConfigKeys (ConfUtils.java:logGet(44)) - raft.server.log.appender.buffer.byte-limit = 33554432 (custom)
2021-09-23 03:29:37,040 [pool-289-thread-1] INFO  server.RaftServerConfigKeys (ConfUtils.java:logGet(44)) - raft.server.log.segment.size.max = 1048576 (custom)
2021-09-23 03:29:37,043 [pool-289-thread-1] INFO  server.RaftServerConfigKeys (ConfUtils.java:logGet(44)) - raft.server.log.segment.cache.num.max = 2 (custom)
2021-09-23 03:29:37,047 [pool-289-thread-1] INFO  server.RaftServerConfigKeys (ConfUtils.java:logGet(44)) - raft.server.log.segment.cache.size.max = 200MB (=209715200) (default)
2021-09-23 03:29:37,047 [pool-289-thread-1] INFO  segmented.SegmentedRaftLogWorker (SegmentedRaftLogWorker.java:<init>(182)) - new 9cd1aba0-3bef-48ca-b96c-00189f9f00e2@group-893C6F4E4145-SegmentedRaftLogWorker for RaftStorageImpl:Storage Directory /home/runner/work/ozone/ozone/hadoop-ozone/integration-test/target/test-dir/MiniOzoneClusterImpl-53dd09de-9596-4e63-80fc-208f4288e982/datanode-0/data/ratis/e1bf4ab7-0b4e-4393-ae74-893c6f4e4145
2021-09-23 03:29:37,054 [Listener at 127.0.0.1/43673] INFO  handler.ContextHandler (ContextHandler.java:doStart(915)) - Started o.e.j.s.ServletContextHandler@204d7724{logs,/logs,file:///home/runner/work/ozone/ozone/hadoop-ozone/integration-test/target/log,AVAILABLE}
2021-09-23 03:29:37,054 [Listener at 127.0.0.1/43673] INFO  handler.ContextHandler (ContextHandler.java:doStart(915)) - Started o.e.j.s.ServletContextHandler@1e47307{static,/static,jar:file:/home/runner/.m2/repository/org/apache/ozone/hdds-container-service/1.2.0-SNAPSHOT/hdds-container-service-1.2.0-SNAPSHOT.jar!/webapps/static,AVAILABLE}
2021-09-23 03:29:37,063 [pool-289-thread-1] INFO  server.RaftServerConfigKeys (ConfUtils.java:logGet(44)) - raft.server.log.queue.byte-limit = 2147483647 (custom)
2021-09-23 03:29:37,063 [pool-289-thread-1] INFO  server.RaftServerConfigKeys (ConfUtils.java:logGet(44)) - raft.server.log.queue.element-limit = 1024 (custom)
2021-09-23 03:29:37,063 [pool-289-thread-1] INFO  server.RaftServerConfigKeys (ConfUtils.java:logGet(44)) - raft.server.log.segment.size.max = 1048576 (custom)
2021-09-23 03:29:37,063 [pool-289-thread-1] INFO  server.RaftServerConfigKeys (ConfUtils.java:logGet(44)) - raft.server.log.preallocated.size = 16384 (custom)
2021-09-23 03:29:37,063 [pool-289-thread-1] INFO  server.RaftServerConfigKeys (ConfUtils.java:logGet(44)) - raft.server.log.force.sync.num = 128 (default)
2021-09-23 03:29:37,063 [pool-289-thread-1] INFO  server.RaftServerConfigKeys (ConfUtils.java:logGet(44)) - raft.server.log.statemachine.data.sync = true (default)
2021-09-23 03:29:37,064 [pool-289-thread-1] INFO  server.RaftServerConfigKeys (ConfUtils.java:logGet(44)) - raft.server.log.statemachine.data.sync.timeout = 10s (default)
2021-09-23 03:29:37,064 [pool-289-thread-1] INFO  server.RaftServerConfigKeys (ConfUtils.java:logGet(44)) - raft.server.log.statemachine.data.sync.timeout.retry = -1 (default)
2021-09-23 03:29:37,065 [pool-289-thread-1] INFO  server.RaftServerConfigKeys (ConfUtils.java:logGet(44)) - raft.server.log.write.buffer.size = 1048576 (custom)
2021-09-23 03:29:37,065 [pool-289-thread-1] INFO  server.RaftServerConfigKeys (ConfUtils.java:logGet(44)) - raft.server.log.statemachine.data.caching.enabled = true (custom)
2021-09-23 03:29:37,099 [pool-289-thread-1] INFO  server.RaftServer$Division (ServerState.java:setRaftConf(387)) - 9cd1aba0-3bef-48ca-b96c-00189f9f00e2@group-893C6F4E4145: set configuration 0: [9cd1aba0-3bef-48ca-b96c-00189f9f00e2|rpc:10.1.0.98:41505|dataStream:|priority:1], old=null
2021-09-23 03:29:37,100 [pool-289-thread-1] INFO  segmented.LogSegment (LogSegment.java:loadSegment(173)) - Successfully read 1 entries from segment file /home/runner/work/ozone/ozone/hadoop-ozone/integration-test/target/test-dir/MiniOzoneClusterImpl-53dd09de-9596-4e63-80fc-208f4288e982/datanode-0/data/ratis/e1bf4ab7-0b4e-4393-ae74-893c6f4e4145/current/log_inprogress_0
2021-09-23 03:29:37,100 [pool-289-thread-1] INFO  segmented.SegmentedRaftLogWorker (SegmentedRaftLogWorker.java:lambda$new$0(133)) - 9cd1aba0-3bef-48ca-b96c-00189f9f00e2@group-893C6F4E4145-SegmentedRaftLogWorker: flushIndex: setUnconditionally 0 -> 0
2021-09-23 03:29:37,100 [pool-289-thread-1] INFO  segmented.SegmentedRaftLogWorker (SegmentedRaftLogWorker.java:lambda$new$0(133)) - 9cd1aba0-3bef-48ca-b96c-00189f9f00e2@group-893C6F4E4145-SegmentedRaftLogWorker: safeCacheEvictIndex: setUnconditionally 0 -> -1
2021-09-23 03:29:37,106 [pool-289-thread-1] INFO  server.RaftServerConfigKeys (ConfUtils.java:logGet(44)) - raft.server.snapshot.auto.trigger.enabled = true (custom)
2021-09-23 03:29:37,107 [pool-289-thread-1] INFO  server.RaftServerConfigKeys (ConfUtils.java:logGet(44)) - raft.server.snapshot.auto.trigger.threshold = 10000 (custom)
2021-09-23 03:29:37,107 [pool-289-thread-1] INFO  server.RaftServerConfigKeys (ConfUtils.java:logGet(44)) - raft.server.snapshot.retention.file.num = 5 (custom)
2021-09-23 03:29:37,107 [pool-289-thread-1] INFO  server.RaftServerConfigKeys (ConfUtils.java:logGet(44)) - raft.server.log.purge.upto.snapshot.index = false (default)
2021-09-23 03:29:37,107 [pool-289-thread-1] INFO  server.RaftServerConfigKeys (ConfUtils.java:logGet(44)) - raft.server.retrycache.expirytime = 600000ms (custom)
2021-09-23 03:29:37,107 [pool-289-thread-1] INFO  server.RaftServerConfigKeys (ConfUtils.java:logGet(44)) - raft.server.retrycache.statistics.expirytime = 100μs (default)
2021-09-23 03:29:37,109 [pool-289-thread-1] INFO  server.RaftServer$Division (RaftServerImpl.java:<init>(181)) - 9cd1aba0-3bef-48ca-b96c-00189f9f00e2: new RaftServerImpl for group-2D5EDE50C6DC:[] with ContainerStateMachine:uninitialized
2021-09-23 03:29:37,114 [pool-289-thread-1] INFO  server.RaftServerConfigKeys (ConfUtils.java:logGet(44)) - raft.server.rpc.timeout.min = 5s (custom)
2021-09-23 03:29:37,114 [pool-289-thread-1] INFO  server.RaftServerConfigKeys (ConfUtils.java:logGet(44)) - raft.server.rpc.timeout.max = 5200ms (custom)
2021-09-23 03:29:37,114 [pool-289-thread-1] INFO  server.RaftServerConfigKeys (ConfUtils.java:logGet(44)) - raft.server.rpc.sleep.time = 25ms (default)
2021-09-23 03:29:37,114 [pool-289-thread-1] INFO  server.RaftServerConfigKeys (ConfUtils.java:logGet(44)) - raft.server.rpc.slowness.timeout = 300s (custom)
2021-09-23 03:29:37,115 [pool-289-thread-1] INFO  server.RaftServerConfigKeys (ConfUtils.java:logGet(44)) - raft.server.leaderelection.leader.step-down.wait-time = 10s (default)
2021-09-23 03:29:37,115 [pool-289-thread-1] INFO  server.RaftServerConfigKeys (ConfUtils.java:logGet(44)) - raft.server.sleep.deviation.threshold = 300ms (default)
2021-09-23 03:29:37,115 [pool-289-thread-1] INFO  server.RaftServerConfigKeys (ConfUtils.java:logGet(44)) - raft.server.log.appender.install.snapshot.enabled = false (custom)
2021-09-23 03:29:37,115 [pool-289-thread-1] INFO  server.RaftServer$Division (ServerState.java:<init>(105)) - 9cd1aba0-3bef-48ca-b96c-00189f9f00e2@group-2D5EDE50C6DC: ConfigurationManager, init=-1: [], old=null, confs=<EMPTY_MAP>
2021-09-23 03:29:37,115 [pool-289-thread-1] INFO  server.RaftServerConfigKeys (ConfUtils.java:logGet(44)) - raft.server.storage.dir = [/home/runner/work/ozone/ozone/hadoop-ozone/integration-test/target/test-dir/MiniOzoneClusterImpl-53dd09de-9596-4e63-80fc-208f4288e982/datanode-0/data/ratis] (custom)
2021-09-23 03:29:37,116 [pool-289-thread-1] INFO  server.RaftServerConfigKeys (ConfUtils.java:logGet(44)) - raft.server.log.corruption.policy = EXCEPTION (default)
2021-09-23 03:29:37,116 [pool-289-thread-1] INFO  server.RaftServerConfigKeys (ConfUtils.java:logGet(44)) - raft.server.storage.free-space.min = 0MB (=0) (default)
2021-09-23 03:29:37,117 [pool-289-thread-1] INFO  storage.RaftStorageDirectory (RaftStorageDirectoryImpl.java:tryLock(230)) - Lock on /home/runner/work/ozone/ozone/hadoop-ozone/integration-test/target/test-dir/MiniOzoneClusterImpl-53dd09de-9596-4e63-80fc-208f4288e982/datanode-0/data/ratis/7eba5817-37da-440e-a4b8-2d5ede50c6dc/in_use.lock acquired by nodename 7136@fv-az50-49
2021-09-23 03:29:37,118 [pool-289-thread-1] INFO  storage.RaftStorage (RaftStorageImpl.java:analyzeAndRecoverStorage(110)) - Read RaftStorageMetadata{term=4, votedFor=768abe3e-e5a9-4d99-a987-26001157f375} from /home/runner/work/ozone/ozone/hadoop-ozone/integration-test/target/test-dir/MiniOzoneClusterImpl-53dd09de-9596-4e63-80fc-208f4288e982/datanode-0/data/ratis/7eba5817-37da-440e-a4b8-2d5ede50c6dc/current/raft-meta
2021-09-23 03:29:37,122 [pool-289-thread-1] INFO  ratis.ContainerStateMachine (ContainerStateMachine.java:loadSnapshot(233)) - group-2D5EDE50C6DC: Setting the last applied index to (t:4, i:0)
2021-09-23 03:29:37,122 [pool-289-thread-1] INFO  server.RaftServer$Division (ServerState.java:setRaftConf(387)) - 9cd1aba0-3bef-48ca-b96c-00189f9f00e2@group-2D5EDE50C6DC: set configuration 0: [e7dc5bb2-1c20-468e-bb9f-5c6a91a907f2|rpc:10.1.0.98:38093|dataStream:|priority:0, 9cd1aba0-3bef-48ca-b96c-00189f9f00e2|rpc:10.1.0.98:41505|dataStream:|priority:0, 768abe3e-e5a9-4d99-a987-26001157f375|rpc:10.1.0.98:39881|dataStream:|priority:1], old=null
2021-09-23 03:29:37,123 [pool-289-thread-1] INFO  server.RaftServerConfigKeys (ConfUtils.java:logGet(44)) - raft.server.notification.no-leader.timeout = 300s (custom)
2021-09-23 03:29:37,123 [pool-289-thread-1] INFO  server.RaftServerConfigKeys (ConfUtils.java:logGet(44)) - raft.server.log.use.memory = false (default)
2021-09-23 03:29:37,123 [pool-289-thread-1] INFO  server.RaftServerConfigKeys (ConfUtils.java:logGet(44)) - raft.server.log.purge.gap = 1000000 (custom)
2021-09-23 03:29:37,123 [pool-289-thread-1] INFO  server.RaftServerConfigKeys (ConfUtils.java:logGet(44)) - raft.server.log.appender.buffer.byte-limit = 33554432 (custom)
2021-09-23 03:29:37,124 [pool-289-thread-1] INFO  server.RaftServerConfigKeys (ConfUtils.java:logGet(44)) - raft.server.log.segment.size.max = 1048576 (custom)
2021-09-23 03:29:37,124 [pool-289-thread-1] INFO  server.RaftServerConfigKeys (ConfUtils.java:logGet(44)) - raft.server.log.segment.cache.num.max = 2 (custom)
2021-09-23 03:29:37,127 [pool-289-thread-1] INFO  server.RaftServerConfigKeys (ConfUtils.java:logGet(44)) - raft.server.log.segment.cache.size.max = 200MB (=209715200) (default)
2021-09-23 03:29:37,127 [pool-289-thread-1] INFO  segmented.SegmentedRaftLogWorker (SegmentedRaftLogWorker.java:<init>(182)) - new 9cd1aba0-3bef-48ca-b96c-00189f9f00e2@group-2D5EDE50C6DC-SegmentedRaftLogWorker for RaftStorageImpl:Storage Directory /home/runner/work/ozone/ozone/hadoop-ozone/integration-test/target/test-dir/MiniOzoneClusterImpl-53dd09de-9596-4e63-80fc-208f4288e982/datanode-0/data/ratis/7eba5817-37da-440e-a4b8-2d5ede50c6dc
2021-09-23 03:29:37,127 [pool-289-thread-1] INFO  server.RaftServerConfigKeys (ConfUtils.java:logGet(44)) - raft.server.log.queue.byte-limit = 2147483647 (custom)
2021-09-23 03:29:37,134 [pool-289-thread-1] INFO  server.RaftServerConfigKeys (ConfUtils.java:logGet(44)) - raft.server.log.queue.element-limit = 1024 (custom)
2021-09-23 03:29:37,134 [pool-289-thread-1] INFO  server.RaftServerConfigKeys (ConfUtils.java:logGet(44)) - raft.server.log.segment.size.max = 1048576 (custom)
2021-09-23 03:29:37,134 [pool-289-thread-1] INFO  server.RaftServerConfigKeys (ConfUtils.java:logGet(44)) - raft.server.log.preallocated.size = 16384 (custom)
2021-09-23 03:29:37,134 [pool-289-thread-1] INFO  server.RaftServerConfigKeys (ConfUtils.java:logGet(44)) - raft.server.log.force.sync.num = 128 (default)
2021-09-23 03:29:37,134 [pool-289-thread-1] INFO  server.RaftServerConfigKeys (ConfUtils.java:logGet(44)) - raft.server.log.statemachine.data.sync = true (default)
2021-09-23 03:29:37,135 [pool-289-thread-1] INFO  server.RaftServerConfigKeys (ConfUtils.java:logGet(44)) - raft.server.log.statemachine.data.sync.timeout = 10s (default)
2021-09-23 03:29:37,135 [pool-289-thread-1] INFO  server.RaftServerConfigKeys (ConfUtils.java:logGet(44)) - raft.server.log.statemachine.data.sync.timeout.retry = -1 (default)
2021-09-23 03:29:37,136 [pool-289-thread-1] INFO  server.RaftServerConfigKeys (ConfUtils.java:logGet(44)) - raft.server.log.write.buffer.size = 1048576 (custom)
2021-09-23 03:29:37,136 [pool-289-thread-1] INFO  server.RaftServerConfigKeys (ConfUtils.java:logGet(44)) - raft.server.log.statemachine.data.caching.enabled = true (custom)
2021-09-23 03:29:37,141 [pool-289-thread-1] INFO  server.RaftServer$Division (ServerState.java:setRaftConf(387)) - 9cd1aba0-3bef-48ca-b96c-00189f9f00e2@group-2D5EDE50C6DC: set configuration 0: [e7dc5bb2-1c20-468e-bb9f-5c6a91a907f2|rpc:10.1.0.98:38093|dataStream:|priority:0, 9cd1aba0-3bef-48ca-b96c-00189f9f00e2|rpc:10.1.0.98:41505|dataStream:|priority:0, 768abe3e-e5a9-4d99-a987-26001157f375|rpc:10.1.0.98:39881|dataStream:|priority:1], old=null
2021-09-23 03:29:37,142 [pool-289-thread-1] INFO  segmented.LogSegment (LogSegment.java:loadSegment(173)) - Successfully read 1 entries from segment file /home/runner/work/ozone/ozone/hadoop-ozone/integration-test/target/test-dir/MiniOzoneClusterImpl-53dd09de-9596-4e63-80fc-208f4288e982/datanode-0/data/ratis/7eba5817-37da-440e-a4b8-2d5ede50c6dc/current/log_inprogress_0
2021-09-23 03:29:37,145 [pool-289-thread-1] INFO  segmented.SegmentedRaftLogWorker (SegmentedRaftLogWorker.java:lambda$new$0(133)) - 9cd1aba0-3bef-48ca-b96c-00189f9f00e2@group-2D5EDE50C6DC-SegmentedRaftLogWorker: flushIndex: setUnconditionally 0 -> 0
2021-09-23 03:29:37,145 [pool-289-thread-1] INFO  segmented.SegmentedRaftLogWorker (SegmentedRaftLogWorker.java:lambda$new$0(133)) - 9cd1aba0-3bef-48ca-b96c-00189f9f00e2@group-2D5EDE50C6DC-SegmentedRaftLogWorker: safeCacheEvictIndex: setUnconditionally 0 -> -1
2021-09-23 03:29:37,155 [pool-289-thread-1] INFO  server.RaftServerConfigKeys (ConfUtils.java:logGet(44)) - raft.server.snapshot.auto.trigger.enabled = true (custom)
2021-09-23 03:29:37,155 [pool-289-thread-1] INFO  server.RaftServerConfigKeys (ConfUtils.java:logGet(44)) - raft.server.snapshot.auto.trigger.threshold = 10000 (custom)
2021-09-23 03:29:37,155 [pool-289-thread-1] INFO  server.RaftServerConfigKeys (ConfUtils.java:logGet(44)) - raft.server.snapshot.retention.file.num = 5 (custom)
2021-09-23 03:29:37,155 [pool-289-thread-1] INFO  server.RaftServerConfigKeys (ConfUtils.java:logGet(44)) - raft.server.log.purge.upto.snapshot.index = false (default)
2021-09-23 03:29:37,156 [pool-289-thread-1] INFO  server.RaftServerConfigKeys (ConfUtils.java:logGet(44)) - raft.server.retrycache.expirytime = 600000ms (custom)
2021-09-23 03:29:37,156 [pool-289-thread-1] INFO  server.RaftServerConfigKeys (ConfUtils.java:logGet(44)) - raft.server.retrycache.statistics.expirytime = 100μs (default)
2021-09-23 03:29:37,227 [Listener at 127.0.0.1/43673] INFO  handler.ContextHandler (ContextHandler.java:doStart(915)) - Started o.e.j.w.WebAppContext@5deec7b{hddsDatanode,/,file:///tmp/jetty-0_0_0_0-45359-hdds-container-service-1_2_0-SNAPSHOT_jar-_-any-7093769946163097286/webapp/,AVAILABLE}{jar:file:/home/runner/.m2/repository/org/apache/ozone/hdds-container-service/1.2.0-SNAPSHOT/hdds-container-service-1.2.0-SNAPSHOT.jar!/webapps/hddsDatanode}
2021-09-23 03:29:37,241 [EndpointStateMachine task thread for /0.0.0.0:36503 - 0 ] INFO  ipc.Client (Client.java:handleConnectionFailure(977)) - Retrying connect to server: 0.0.0.0/0.0.0.0:36503. Already tried 8 time(s); retry policy is RetryUpToMaximumCountWithFixedSleep(maxRetries=15, sleepTime=1000 MILLISECONDS)
2021-09-23 03:29:37,258 [Listener at 127.0.0.1/43673] INFO  server.AbstractConnector (AbstractConnector.java:doStart(331)) - Started ServerConnector@30a7b1c{HTTP/1.1, (http/1.1)}{0.0.0.0:45359}
2021-09-23 03:29:37,258 [Listener at 127.0.0.1/43673] INFO  server.Server (Server.java:doStart(415)) - Started @93401ms
2021-09-23 03:29:37,258 [Listener at 127.0.0.1/43673] WARN  impl.MetricsSystemImpl (MetricsSystemImpl.java:register(279)) - Sink prometheus already exists!
2021-09-23 03:29:37,259 [Listener at 127.0.0.1/43673] INFO  http.BaseHttpServer (BaseHttpServer.java:updateConnectorAddress(329)) - HTTP server of hddsDatanode listening at http://0.0.0.0:45359
2021-09-23 03:29:37,266 [Datanode State Machine Thread - 0] INFO  statemachine.DatanodeStateMachine (DatanodeStateMachine.java:lambda$startDaemon$0(456)) - Ozone container server started.
2021-09-23 03:29:37,338 [org.apache.hadoop.util.JvmPauseMonitor$Monitor@70197eeb] INFO  util.JvmPauseMonitor (JvmPauseMonitor.java:run(188)) - Starting JVM pause monitor
2021-09-23 03:29:37,345 [grpc-default-executor-2] WARN  server.GrpcLogAppender (LogUtils.java:warn(122)) - 768abe3e-e5a9-4d99-a987-26001157f375@group-2D5EDE50C6DC->9cd1aba0-3bef-48ca-b96c-00189f9f00e2-AppendLogResponseHandler: Failed appendEntries: org.apache.ratis.thirdparty.io.grpc.StatusRuntimeException: UNAVAILABLE: io exception
2021-09-23 03:29:37,346 [grpc-default-executor-2] WARN  server.GrpcLogAppender (GrpcLogAppender.java:resetClient(111)) - 768abe3e-e5a9-4d99-a987-26001157f375@group-2D5EDE50C6DC->9cd1aba0-3bef-48ca-b96c-00189f9f00e2-GrpcLogAppender: Leader has not got in touch with Follower 768abe3e-e5a9-4d99-a987-26001157f375@group-2D5EDE50C6DC->9cd1aba0-3bef-48ca-b96c-00189f9f00e2(c0,m0,n1, attendVote=true, lastRpcSendTime=0, lastRpcResponseTime=5040) yet, just keep nextIndex unchanged and retry.
2021-09-23 03:29:38,242 [EndpointStateMachine task thread for /0.0.0.0:36503 - 0 ] INFO  ipc.Client (Client.java:handleConnectionFailure(977)) - Retrying connect to server: 0.0.0.0/0.0.0.0:36503. Already tried 9 time(s); retry policy is RetryUpToMaximumCountWithFixedSleep(maxRetries=15, sleepTime=1000 MILLISECONDS)
2021-09-23 03:29:39,243 [EndpointStateMachine task thread for /0.0.0.0:36503 - 0 ] INFO  ipc.Client (Client.java:handleConnectionFailure(977)) - Retrying connect to server: 0.0.0.0/0.0.0.0:36503. Already tried 10 time(s); retry policy is RetryUpToMaximumCountWithFixedSleep(maxRetries=15, sleepTime=1000 MILLISECONDS)
2021-09-23 03:29:39,847 [grpc-default-executor-3] WARN  server.GrpcLogAppender (LogUtils.java:warn(122)) - 768abe3e-e5a9-4d99-a987-26001157f375@group-2D5EDE50C6DC->9cd1aba0-3bef-48ca-b96c-00189f9f00e2-AppendLogResponseHandler: Failed appendEntries: org.apache.ratis.thirdparty.io.grpc.StatusRuntimeException: UNAVAILABLE: io exception
2021-09-23 03:29:39,848 [grpc-default-executor-3] WARN  server.GrpcLogAppender (GrpcLogAppender.java:resetClient(111)) - 768abe3e-e5a9-4d99-a987-26001157f375@group-2D5EDE50C6DC->9cd1aba0-3bef-48ca-b96c-00189f9f00e2-GrpcLogAppender: Leader has not got in touch with Follower 768abe3e-e5a9-4d99-a987-26001157f375@group-2D5EDE50C6DC->9cd1aba0-3bef-48ca-b96c-00189f9f00e2(c0,m0,n1, attendVote=true, lastRpcSendTime=2503, lastRpcResponseTime=7543) yet, just keep nextIndex unchanged and retry.
2021-09-23 03:29:40,252 [EndpointStateMachine task thread for /0.0.0.0:36503 - 0 ] INFO  ipc.Client (Client.java:handleConnectionFailure(977)) - Retrying connect to server: 0.0.0.0/0.0.0.0:36503. Already tried 11 time(s); retry policy is RetryUpToMaximumCountWithFixedSleep(maxRetries=15, sleepTime=1000 MILLISECONDS)
2021-09-23 03:29:41,253 [EndpointStateMachine task thread for /0.0.0.0:36503 - 0 ] INFO  ipc.Client (Client.java:handleConnectionFailure(977)) - Retrying connect to server: 0.0.0.0/0.0.0.0:36503. Already tried 12 time(s); retry policy is RetryUpToMaximumCountWithFixedSleep(maxRetries=15, sleepTime=1000 MILLISECONDS)
2021-09-23 03:29:42,258 [EndpointStateMachine task thread for /0.0.0.0:36503 - 0 ] INFO  ipc.Client (Client.java:handleConnectionFailure(977)) - Retrying connect to server: 0.0.0.0/0.0.0.0:36503. Already tried 13 time(s); retry policy is RetryUpToMaximumCountWithFixedSleep(maxRetries=15, sleepTime=1000 MILLISECONDS)
2021-09-23 03:29:42,350 [grpc-default-executor-2] WARN  server.GrpcLogAppender (LogUtils.java:warn(122)) - 768abe3e-e5a9-4d99-a987-26001157f375@group-2D5EDE50C6DC->9cd1aba0-3bef-48ca-b96c-00189f9f00e2-AppendLogResponseHandler: Failed appendEntries: org.apache.ratis.thirdparty.io.grpc.StatusRuntimeException: UNAVAILABLE: io exception
2021-09-23 03:29:42,351 [grpc-default-executor-2] WARN  server.GrpcLogAppender (GrpcLogAppender.java:resetClient(111)) - 768abe3e-e5a9-4d99-a987-26001157f375@group-2D5EDE50C6DC->9cd1aba0-3bef-48ca-b96c-00189f9f00e2-GrpcLogAppender: Leader has not got in touch with Follower 768abe3e-e5a9-4d99-a987-26001157f375@group-2D5EDE50C6DC->9cd1aba0-3bef-48ca-b96c-00189f9f00e2(c0,m0,n1, attendVote=true, lastRpcSendTime=2502, lastRpcResponseTime=10045) yet, just keep nextIndex unchanged and retry.
2021-09-23 03:29:43,259 [EndpointStateMachine task thread for /0.0.0.0:36503 - 0 ] INFO  ipc.Client (Client.java:handleConnectionFailure(977)) - Retrying connect to server: 0.0.0.0/0.0.0.0:36503. Already tried 14 time(s); retry policy is RetryUpToMaximumCountWithFixedSleep(maxRetries=15, sleepTime=1000 MILLISECONDS)
2021-09-23 03:29:43,260 [EndpointStateMachine task thread for /0.0.0.0:36503 - 0 ] WARN  statemachine.EndpointStateMachine (EndpointStateMachine.java:logIfNeeded(236)) - Unable to communicate to SCM server at 0.0.0.0:36503 for past 0 seconds.
java.net.ConnectException: Your endpoint configuration is wrong; For more details see:  http://wiki.apache.org/hadoop/UnsetHostnameOrPort
	at sun.reflect.NativeConstructorAccessorImpl.newInstance0(Native Method)
	at sun.reflect.NativeConstructorAccessorImpl.newInstance(NativeConstructorAccessorImpl.java:62)
	at sun.reflect.DelegatingConstructorAccessorImpl.newInstance(DelegatingConstructorAccessorImpl.java:45)
	at java.lang.reflect.Constructor.newInstance(Constructor.java:423)
	at org.apache.hadoop.net.NetUtils.wrapWithMessage(NetUtils.java:913)
	at org.apache.hadoop.net.NetUtils.wrapException(NetUtils.java:824)
	at org.apache.hadoop.ipc.Client.getRpcResponse(Client.java:1577)
	at org.apache.hadoop.ipc.Client.call(Client.java:1519)
	at org.apache.hadoop.ipc.Client.call(Client.java:1416)
	at org.apache.hadoop.ipc.ProtobufRpcEngine$Invoker.invoke(ProtobufRpcEngine.java:236)
	at org.apache.hadoop.ipc.ProtobufRpcEngine$Invoker.invoke(ProtobufRpcEngine.java:123)
	at com.sun.proxy.$Proxy49.submitRequest(Unknown Source)
	at org.apache.hadoop.ozone.protocolPB.StorageContainerDatanodeProtocolClientSideTranslatorPB.submitRequest(StorageContainerDatanodeProtocolClientSideTranslatorPB.java:117)
	at org.apache.hadoop.ozone.protocolPB.StorageContainerDatanodeProtocolClientSideTranslatorPB.sendHeartbeat(StorageContainerDatanodeProtocolClientSideTranslatorPB.java:149)
	at org.apache.hadoop.ozone.container.common.states.endpoint.HeartbeatEndpointTask.call(HeartbeatEndpointTask.java:179)
	at org.apache.hadoop.ozone.container.common.states.endpoint.HeartbeatEndpointTask.call(HeartbeatEndpointTask.java:82)
	at java.util.concurrent.FutureTask.run(FutureTask.java:266)
	at java.util.concurrent.ThreadPoolExecutor.runWorker(ThreadPoolExecutor.java:1149)
	at java.util.concurrent.ThreadPoolExecutor$Worker.run(ThreadPoolExecutor.java:624)
	at java.lang.Thread.run(Thread.java:748)
Caused by: java.net.ConnectException: Connection refused
	at sun.nio.ch.SocketChannelImpl.checkConnect(Native Method)
	at sun.nio.ch.SocketChannelImpl.finishConnect(SocketChannelImpl.java:716)
	at org.apache.hadoop.net.SocketIOWithTimeout.connect(SocketIOWithTimeout.java:206)
	at org.apache.hadoop.net.NetUtils.connect(NetUtils.java:586)
	at org.apache.hadoop.ipc.Client$Connection.setupConnection(Client.java:701)
	at org.apache.hadoop.ipc.Client$Connection.setupIOstreams(Client.java:822)
	at org.apache.hadoop.ipc.Client$Connection.access$3800(Client.java:414)
	at org.apache.hadoop.ipc.Client.getConnection(Client.java:1647)
	at org.apache.hadoop.ipc.Client.call(Client.java:1463)
	... 12 more
2021-09-23 03:29:44,268 [EndpointStateMachine task thread for /0.0.0.0:36503 - 0 ] INFO  ipc.Client (Client.java:handleConnectionFailure(977)) - Retrying connect to server: 0.0.0.0/0.0.0.0:36503. Already tried 0 time(s); retry policy is RetryUpToMaximumCountWithFixedSleep(maxRetries=15, sleepTime=1000 MILLISECONDS)
2021-09-23 03:29:44,855 [grpc-default-executor-2] WARN  server.GrpcLogAppender (LogUtils.java:warn(122)) - 768abe3e-e5a9-4d99-a987-26001157f375@group-2D5EDE50C6DC->9cd1aba0-3bef-48ca-b96c-00189f9f00e2-AppendLogResponseHandler: Failed appendEntries: org.apache.ratis.thirdparty.io.grpc.StatusRuntimeException: UNAVAILABLE: io exception
2021-09-23 03:29:44,856 [grpc-default-executor-2] WARN  server.GrpcLogAppender (GrpcLogAppender.java:resetClient(111)) - 768abe3e-e5a9-4d99-a987-26001157f375@group-2D5EDE50C6DC->9cd1aba0-3bef-48ca-b96c-00189f9f00e2-GrpcLogAppender: Leader has not got in touch with Follower 768abe3e-e5a9-4d99-a987-26001157f375@group-2D5EDE50C6DC->9cd1aba0-3bef-48ca-b96c-00189f9f00e2(c0,m0,n1, attendVote=true, lastRpcSendTime=0, lastRpcResponseTime=12550) yet, just keep nextIndex unchanged and retry.
2021-09-23 03:29:45,269 [EndpointStateMachine task thread for /0.0.0.0:36503 - 0 ] INFO  ipc.Client (Client.java:handleConnectionFailure(977)) - Retrying connect to server: 0.0.0.0/0.0.0.0:36503. Already tried 1 time(s); retry policy is RetryUpToMaximumCountWithFixedSleep(maxRetries=15, sleepTime=1000 MILLISECONDS)
2021-09-23 03:29:46,270 [EndpointStateMachine task thread for /0.0.0.0:36503 - 0 ] INFO  ipc.Client (Client.java:handleConnectionFailure(977)) - Retrying connect to server: 0.0.0.0/0.0.0.0:36503. Already tried 2 time(s); retry policy is RetryUpToMaximumCountWithFixedSleep(maxRetries=15, sleepTime=1000 MILLISECONDS)
2021-09-23 03:29:47,270 [EndpointStateMachine task thread for /0.0.0.0:36503 - 0 ] INFO  ipc.Client (Client.java:handleConnectionFailure(977)) - Retrying connect to server: 0.0.0.0/0.0.0.0:36503. Already tried 3 time(s); retry policy is RetryUpToMaximumCountWithFixedSleep(maxRetries=15, sleepTime=1000 MILLISECONDS)
2021-09-23 03:29:47,363 [grpc-default-executor-2] WARN  server.GrpcLogAppender (LogUtils.java:warn(122)) - 768abe3e-e5a9-4d99-a987-26001157f375@group-2D5EDE50C6DC->9cd1aba0-3bef-48ca-b96c-00189f9f00e2-AppendLogResponseHandler: Failed appendEntries: org.apache.ratis.thirdparty.io.grpc.StatusRuntimeException: UNAVAILABLE: io exception
2021-09-23 03:29:47,364 [grpc-default-executor-2] WARN  server.GrpcLogAppender (GrpcLogAppender.java:resetClient(111)) - 768abe3e-e5a9-4d99-a987-26001157f375@group-2D5EDE50C6DC->9cd1aba0-3bef-48ca-b96c-00189f9f00e2-GrpcLogAppender: Leader has not got in touch with Follower 768abe3e-e5a9-4d99-a987-26001157f375@group-2D5EDE50C6DC->9cd1aba0-3bef-48ca-b96c-00189f9f00e2(c0,m0,n1, attendVote=true, lastRpcSendTime=0, lastRpcResponseTime=15058) yet, just keep nextIndex unchanged and retry.
2021-09-23 03:29:48,271 [EndpointStateMachine task thread for /0.0.0.0:36503 - 0 ] INFO  ipc.Client (Client.java:handleConnectionFailure(977)) - Retrying connect to server: 0.0.0.0/0.0.0.0:36503. Already tried 4 time(s); retry policy is RetryUpToMaximumCountWithFixedSleep(maxRetries=15, sleepTime=1000 MILLISECONDS)
2021-09-23 03:29:49,274 [EndpointStateMachine task thread for /0.0.0.0:36503 - 0 ] INFO  ipc.Client (Client.java:handleConnectionFailure(977)) - Retrying connect to server: 0.0.0.0/0.0.0.0:36503. Already tried 5 time(s); retry policy is RetryUpToMaximumCountWithFixedSleep(maxRetries=15, sleepTime=1000 MILLISECONDS)
2021-09-23 03:29:49,867 [grpc-default-executor-2] WARN  server.GrpcLogAppender (LogUtils.java:warn(122)) - 768abe3e-e5a9-4d99-a987-26001157f375@group-2D5EDE50C6DC->9cd1aba0-3bef-48ca-b96c-00189f9f00e2-AppendLogResponseHandler: Failed appendEntries: org.apache.ratis.thirdparty.io.grpc.StatusRuntimeException: UNAVAILABLE: io exception
2021-09-23 03:29:49,867 [grpc-default-executor-2] WARN  server.GrpcLogAppender (GrpcLogAppender.java:resetClient(111)) - 768abe3e-e5a9-4d99-a987-26001157f375@group-2D5EDE50C6DC->9cd1aba0-3bef-48ca-b96c-00189f9f00e2-GrpcLogAppender: Leader has not got in touch with Follower 768abe3e-e5a9-4d99-a987-26001157f375@group-2D5EDE50C6DC->9cd1aba0-3bef-48ca-b96c-00189f9f00e2(c0,m0,n1, attendVote=true, lastRpcSendTime=0, lastRpcResponseTime=17562) yet, just keep nextIndex unchanged and retry.
2021-09-23 03:29:50,274 [EndpointStateMachine task thread for /0.0.0.0:36503 - 0 ] INFO  ipc.Client (Client.java:handleConnectionFailure(977)) - Retrying connect to server: 0.0.0.0/0.0.0.0:36503. Already tried 6 time(s); retry policy is RetryUpToMaximumCountWithFixedSleep(maxRetries=15, sleepTime=1000 MILLISECONDS)
2021-09-23 03:29:51,282 [EndpointStateMachine task thread for /0.0.0.0:36503 - 0 ] INFO  ipc.Client (Client.java:handleConnectionFailure(977)) - Retrying connect to server: 0.0.0.0/0.0.0.0:36503. Already tried 7 time(s); retry policy is RetryUpToMaximumCountWithFixedSleep(maxRetries=15, sleepTime=1000 MILLISECONDS)
2021-09-23 03:29:52,282 [EndpointStateMachine task thread for /0.0.0.0:36503 - 0 ] INFO  ipc.Client (Client.java:handleConnectionFailure(977)) - Retrying connect to server: 0.0.0.0/0.0.0.0:36503. Already tried 8 time(s); retry policy is RetryUpToMaximumCountWithFixedSleep(maxRetries=15, sleepTime=1000 MILLISECONDS)
2021-09-23 03:29:52,375 [grpc-default-executor-2] WARN  server.GrpcLogAppender (LogUtils.java:warn(122)) - 768abe3e-e5a9-4d99-a987-26001157f375@group-2D5EDE50C6DC->9cd1aba0-3bef-48ca-b96c-00189f9f00e2-AppendLogResponseHandler: Failed appendEntries: org.apache.ratis.thirdparty.io.grpc.StatusRuntimeException: UNAVAILABLE: io exception
2021-09-23 03:29:52,376 [grpc-default-executor-2] WARN  server.GrpcLogAppender (GrpcLogAppender.java:resetClient(111)) - 768abe3e-e5a9-4d99-a987-26001157f375@group-2D5EDE50C6DC->9cd1aba0-3bef-48ca-b96c-00189f9f00e2-GrpcLogAppender: Leader has not got in touch with Follower 768abe3e-e5a9-4d99-a987-26001157f375@group-2D5EDE50C6DC->9cd1aba0-3bef-48ca-b96c-00189f9f00e2(c0,m0,n1, attendVote=true, lastRpcSendTime=0, lastRpcResponseTime=20070) yet, just keep nextIndex unchanged and retry.
2021-09-23 03:29:53,283 [EndpointStateMachine task thread for /0.0.0.0:36503 - 0 ] INFO  ipc.Client (Client.java:handleConnectionFailure(977)) - Retrying connect to server: 0.0.0.0/0.0.0.0:36503. Already tried 9 time(s); retry policy is RetryUpToMaximumCountWithFixedSleep(maxRetries=15, sleepTime=1000 MILLISECONDS)
2021-09-23 03:29:54,284 [EndpointStateMachine task thread for /0.0.0.0:36503 - 0 ] INFO  ipc.Client (Client.java:handleConnectionFailure(977)) - Retrying connect to server: 0.0.0.0/0.0.0.0:36503. Already tried 10 time(s); retry policy is RetryUpToMaximumCountWithFixedSleep(maxRetries=15, sleepTime=1000 MILLISECONDS)
2021-09-23 03:29:54,876 [grpc-default-executor-2] WARN  server.GrpcLogAppender (LogUtils.java:warn(122)) - 768abe3e-e5a9-4d99-a987-26001157f375@group-2D5EDE50C6DC->9cd1aba0-3bef-48ca-b96c-00189f9f00e2-AppendLogResponseHandler: Failed appendEntries: org.apache.ratis.thirdparty.io.grpc.StatusRuntimeException: UNAVAILABLE: io exception
2021-09-23 03:29:54,877 [grpc-default-executor-2] WARN  server.GrpcLogAppender (GrpcLogAppender.java:resetClient(111)) - 768abe3e-e5a9-4d99-a987-26001157f375@group-2D5EDE50C6DC->9cd1aba0-3bef-48ca-b96c-00189f9f00e2-GrpcLogAppender: Leader has not got in touch with Follower 768abe3e-e5a9-4d99-a987-26001157f375@group-2D5EDE50C6DC->9cd1aba0-3bef-48ca-b96c-00189f9f00e2(c0,m0,n1, attendVote=true, lastRpcSendTime=0, lastRpcResponseTime=22571) yet, just keep nextIndex unchanged and retry.
2021-09-23 03:29:55,284 [EndpointStateMachine task thread for /0.0.0.0:36503 - 0 ] INFO  ipc.Client (Client.java:handleConnectionFailure(977)) - Retrying connect to server: 0.0.0.0/0.0.0.0:36503. Already tried 11 time(s); retry policy is RetryUpToMaximumCountWithFixedSleep(maxRetries=15, sleepTime=1000 MILLISECONDS)
2021-09-23 03:29:56,285 [EndpointStateMachine task thread for /0.0.0.0:36503 - 0 ] INFO  ipc.Client (Client.java:handleConnectionFailure(977)) - Retrying connect to server: 0.0.0.0/0.0.0.0:36503. Already tried 12 time(s); retry policy is RetryUpToMaximumCountWithFixedSleep(maxRetries=15, sleepTime=1000 MILLISECONDS)
2021-09-23 03:29:57,285 [Listener at 127.0.0.1/43673] INFO  ozone.MiniOzoneClusterImpl (MiniOzoneClusterImpl.java:restartStorageContainerManager(361)) - Restarting SCM in cluster class org.apache.hadoop.ozone.MiniOzoneClusterImpl
2021-09-23 03:29:57,285 [Listener at 127.0.0.1/43673] INFO  server.StorageContainerManager (StorageContainerManager.java:stop(1371)) - Stopping Container Balancer service.
2021-09-23 03:29:57,285 [Listener at 127.0.0.1/43673] INFO  balancer.ContainerBalancer (ContainerBalancer.java:stop(717)) - Container Balancer is not running.
2021-09-23 03:29:57,285 [Listener at 127.0.0.1/43673] INFO  server.StorageContainerManager (StorageContainerManager.java:stop(1378)) - Stopping Replication Manager Service.
2021-09-23 03:29:57,285 [Listener at 127.0.0.1/43673] INFO  container.ReplicationManager (ReplicationManager.java:stop(357)) - Replication Monitor Thread is not running.
2021-09-23 03:29:57,285 [Listener at 127.0.0.1/43673] INFO  server.StorageContainerManager (StorageContainerManager.java:stop(1385)) - Stopping the Datanode Admin Monitor.
2021-09-23 03:29:57,285 [Listener at 127.0.0.1/43673] INFO  server.StorageContainerManager (StorageContainerManager.java:stop(1392)) - Stopping Lease Manager of the command watchers
2021-09-23 03:29:57,285 [Listener at 127.0.0.1/43673] ERROR server.StorageContainerManager (StorageContainerManager.java:stop(1395)) - Lease Manager of the command watchers stop failed
2021-09-23 03:29:57,285 [Listener at 127.0.0.1/43673] INFO  server.StorageContainerManager (StorageContainerManager.java:stop(1399)) - Stopping datanode service RPC server
2021-09-23 03:29:57,286 [Listener at 127.0.0.1/43673] INFO  server.SCMDatanodeProtocolServer (SCMDatanodeProtocolServer.java:stop(389)) - Stopping the RPC server for DataNodes
2021-09-23 03:29:57,286 [Listener at 127.0.0.1/43673] INFO  ipc.Server (Server.java:stop(3414)) - Stopping server on 36503
2021-09-23 03:29:57,286 [Listener at 127.0.0.1/43673] INFO  server.StorageContainerManager (StorageContainerManager.java:stop(1407)) - Stopping block service RPC server
2021-09-23 03:29:57,286 [Listener at 127.0.0.1/43673] INFO  server.SCMBlockProtocolServer (SCMBlockProtocolServer.java:stop(160)) - Stopping the RPC server for Block Protocol
2021-09-23 03:29:57,286 [Listener at 127.0.0.1/43673] INFO  ipc.Server (Server.java:stop(3414)) - Stopping server on 44255
2021-09-23 03:29:57,286 [Listener at 127.0.0.1/43673] INFO  server.StorageContainerManager (StorageContainerManager.java:stop(1414)) - Stopping the StorageContainerLocationProtocol RPC server
2021-09-23 03:29:57,286 [Listener at 127.0.0.1/43673] INFO  server.SCMClientProtocolServer (SCMClientProtocolServer.java:stop(173)) - Stopping the RPC server for Client Protocol
2021-09-23 03:29:57,286 [Listener at 127.0.0.1/43673] INFO  ipc.Server (Server.java:stop(3414)) - Stopping server on 36179
2021-09-23 03:29:57,286 [Listener at 127.0.0.1/43673] INFO  server.StorageContainerManager (StorageContainerManager.java:stop(1421)) - Stopping Storage Container Manager HTTP server.
2021-09-23 03:29:57,286 [Listener at 127.0.0.1/43673] INFO  server.StorageContainerManager (StorageContainerManager.java:stop(1432)) - Stopping Block Manager Service.
2021-09-23 03:29:57,286 [Listener at 127.0.0.1/43673] INFO  utils.BackgroundService (BackgroundService.java:shutdown(132)) - Shutting down service SCMBlockDeletingService
2021-09-23 03:29:57,286 [Listener at 127.0.0.1/43673] INFO  utils.BackgroundService (BackgroundService.java:shutdown(132)) - Shutting down service SCMBlockDeletingService
2021-09-23 03:29:57,286 [Listener at 127.0.0.1/43673] INFO  server.StorageContainerManager (StorageContainerManager.java:stop(1459)) - Stopping SCM Event Queue.
2021-09-23 03:29:57,286 [Listener at 127.0.0.1/43673] INFO  server.StorageContainerManager (StorageContainerManager.java:stop(1470)) - Stopping SCM HA services.
2021-09-23 03:29:57,287 [Listener at 127.0.0.1/43673] WARN  pipeline.BackgroundPipelineCreator (BackgroundPipelineCreatorV2.java:stop(154)) - RatisPipelineUtilsThread is not running, just ignore.
2021-09-23 03:29:57,287 [Listener at 127.0.0.1/43673] INFO  server.StorageContainerManager (StorageContainerManager.java:stop(1480)) - Stopping SCM MetadataStore.
2021-09-23 03:29:57,287 [Listener at 127.0.0.1/43673] INFO  impl.MetricsSystemImpl (MetricsSystemImpl.java:stop(210)) - Stopping HddsDatanode metrics system...
2021-09-23 03:29:57,294 [EndpointStateMachine task thread for /0.0.0.0:36503 - 0 ] INFO  ipc.Client (Client.java:handleConnectionFailure(977)) - Retrying connect to server: 0.0.0.0/0.0.0.0:36503. Already tried 13 time(s); retry policy is RetryUpToMaximumCountWithFixedSleep(maxRetries=15, sleepTime=1000 MILLISECONDS)
2021-09-23 03:29:57,295 [prometheus] INFO  impl.MetricsSinkAdapter (MetricsSinkAdapter.java:publishMetricsFromQueue(141)) - prometheus thread interrupted.
2021-09-23 03:29:57,295 [Listener at 127.0.0.1/43673] INFO  impl.MetricsSystemImpl (MetricsSystemImpl.java:stop(216)) - HddsDatanode metrics system stopped.
2021-09-23 03:29:57,296 [Listener at 127.0.0.1/43673] INFO  ha.SCMHANodeDetails (SCMHANodeDetails.java:loadSCMHAConfig(157)) - ServiceID for StorageContainerManager is null
2021-09-23 03:29:57,296 [Listener at 127.0.0.1/43673] INFO  ha.SCMHANodeDetails (SCMHANodeDetails.java:loadSCMHAConfig(162)) - ozone.scm.default.service.id is not defined, falling back to ozone.scm.service.ids to find serviceID for StorageContainerManager if it is HA enabled cluster
2021-09-23 03:29:57,296 [Listener at 127.0.0.1/43673] WARN  server.ServerUtils (ServerUtils.java:getScmDbDir(148)) - ozone.scm.db.dirs is not configured. We recommend adding this setting. Falling back to ozone.metadata.dirs instead.
2021-09-23 03:29:57,297 [Listener at 127.0.0.1/43673] INFO  upgrade.AbstractLayoutVersionManager (AbstractLayoutVersionManager.java:init(79)) - Initializing Layout version manager with metadata layout = SCM_HA (version = 2), software layout = SCM_HA (version = 2)
2021-09-23 03:29:57,354 [Listener at 127.0.0.1/43673] INFO  reflections.Reflections (Reflections.java:scan(232)) - Reflections took 56 ms to scan 7 urls, producing 119 keys and 275 values 
2021-09-23 03:29:57,355 [Listener at 127.0.0.1/43673] WARN  utils.HAUtils (HAUtils.java:getMetaDir(342)) - ozone.scm.db.dirs is not configured. We recommend adding this setting. Falling back to ozone.metadata.dirs instead.
2021-09-23 03:29:57,356 [Listener at 127.0.0.1/43673] WARN  db.DBStoreBuilder (DBStoreBuilder.java:applyDBDefinition(145)) - ozone.scm.db.dirs is not configured. We recommend adding this setting. Falling back to ozone.metadata.dirs instead.
2021-09-23 03:29:57,377 [grpc-default-executor-2] WARN  server.GrpcLogAppender (LogUtils.java:warn(122)) - 768abe3e-e5a9-4d99-a987-26001157f375@group-2D5EDE50C6DC->9cd1aba0-3bef-48ca-b96c-00189f9f00e2-AppendLogResponseHandler: Failed appendEntries: org.apache.ratis.thirdparty.io.grpc.StatusRuntimeException: UNAVAILABLE: io exception
2021-09-23 03:29:57,378 [grpc-default-executor-2] WARN  server.GrpcLogAppender (GrpcLogAppender.java:resetClient(111)) - 768abe3e-e5a9-4d99-a987-26001157f375@group-2D5EDE50C6DC->9cd1aba0-3bef-48ca-b96c-00189f9f00e2-GrpcLogAppender: Leader has not got in touch with Follower 768abe3e-e5a9-4d99-a987-26001157f375@group-2D5EDE50C6DC->9cd1aba0-3bef-48ca-b96c-00189f9f00e2(c0,m0,n1, attendVote=true, lastRpcSendTime=2502, lastRpcResponseTime=25072) yet, just keep nextIndex unchanged and retry.
2021-09-23 03:29:57,491 [Listener at 127.0.0.1/43673] INFO  net.NodeSchemaLoader (NodeSchemaLoader.java:loadSchemaFromFile(129)) - Loading schema from [jar:file:/home/runner/.m2/repository/org/apache/ozone/hdds-common/1.2.0-SNAPSHOT/hdds-common-1.2.0-SNAPSHOT.jar!/network-topology-default.xml]
2021-09-23 03:29:57,491 [Listener at 127.0.0.1/43673] INFO  net.NodeSchemaLoader (NodeSchemaLoader.java:loadSchema(176)) - Loading network topology layer schema file
2021-09-23 03:29:57,504 [Listener at 127.0.0.1/43673] WARN  impl.MetricRegistriesImpl (MetricRegistriesImpl.java:addReporterRegistration(111)) - New reporters are added after registries were created. Some metrics will be missing from the reporter. Please add reporter before adding any new registry.
2021-09-23 03:29:57,504 [Listener at 127.0.0.1/43673] WARN  impl.MetricRegistriesImpl (MetricRegistriesImpl.java:addReporterRegistration(111)) - New reporters are added after registries were created. Some metrics will be missing from the reporter. Please add reporter before adding any new registry.
2021-09-23 03:29:57,505 [Listener at 127.0.0.1/43673] INFO  ha.SequenceIdGenerator (SequenceIdGenerator.java:<init>(217)) - Init the HA SequenceIdGenerator.
2021-09-23 03:29:57,505 [Listener at 127.0.0.1/43673] WARN  server.ServerUtils (ServerUtils.java:sanitizeUserArgs(73)) - ozone.scm.stale.node.interval value = 300000 is larger than max = 100000 based on the key value of ozone.scm.heartbeat.thread.interval, reset to the max value 100000.
2021-09-23 03:29:57,506 [Listener at 127.0.0.1/43673] WARN  server.ServerUtils (ServerUtils.java:sanitizeUserArgs(73)) - ozone.scm.stale.node.interval value = 300000 is larger than max = 100000 based on the key value of ozone.scm.heartbeat.thread.interval, reset to the max value 100000.
2021-09-23 03:29:57,511 [Listener at 127.0.0.1/43673] INFO  node.SCMNodeManager (SCMNodeManager.java:<init>(144)) - Entering startup safe mode.
2021-09-23 03:29:57,512 [Listener at 127.0.0.1/43673] INFO  algorithms.ContainerPlacementPolicyFactory (ContainerPlacementPolicyFactory.java:getPolicy(60)) - Create container placement policy of type org.apache.hadoop.hdds.scm.container.placement.algorithms.SCMContainerPlacementRandom
2021-09-23 03:29:57,513 [Listener at 127.0.0.1/43673] INFO  algorithms.LeaderChoosePolicyFactory (LeaderChoosePolicyFactory.java:getPolicy(57)) - Create leader choose policy of type org.apache.hadoop.hdds.scm.pipeline.leader.choose.algorithms.MinLeaderCountChoosePolicy
2021-09-23 03:29:57,514 [Listener at 127.0.0.1/43673] INFO  ha.SCMServiceManager (SCMServiceManager.java:register(43)) - Registering service BackgroundPipelineCreator.
2021-09-23 03:29:57,518 [Listener at 127.0.0.1/43673] INFO  pipeline.BackgroundPipelineCreator (BackgroundPipelineCreatorV2.java:start(130)) - Starting RatisPipelineUtilsThread.
2021-09-23 03:29:57,530 [Listener at 127.0.0.1/43673] INFO  algorithms.PipelineChoosePolicyFactory (PipelineChoosePolicyFactory.java:createPipelineChoosePolicyFromClass(73)) - Create pipeline choose policy of type org.apache.hadoop.hdds.scm.pipeline.choose.algorithms.RandomPipelineChoosePolicy
2021-09-23 03:29:57,531 [Listener at 127.0.0.1/43673] INFO  ha.SCMServiceManager (SCMServiceManager.java:register(43)) - Registering service SCMBlockDeletingService.
2021-09-23 03:29:57,531 [Listener at 127.0.0.1/43673] INFO  ha.SCMServiceManager (SCMServiceManager.java:register(43)) - Registering service ReplicationManager.
2021-09-23 03:29:57,531 [Listener at 127.0.0.1/43673] INFO  container.ReplicationManager (ReplicationManager.java:start(319)) - Starting Replication Monitor Thread.
2021-09-23 03:29:57,552 [Listener at 127.0.0.1/43673] INFO  safemode.ContainerSafeModeRule (ContainerSafeModeRule.java:<init>(89)) - containers with one replica threshold count 0
2021-09-23 03:29:57,552 [Listener at 127.0.0.1/43673] INFO  safemode.HealthyPipelineSafeModeRule (HealthyPipelineSafeModeRule.java:initializeRule(156)) - Total pipeline count is 1, healthy pipeline threshold count is 1
2021-09-23 03:29:57,552 [Listener at 127.0.0.1/43673] INFO  safemode.OneReplicaPipelineSafeModeRule (OneReplicaPipelineSafeModeRule.java:initializeRule(180)) - Total pipeline count is 1, pipeline's with at least one datanode reported threshold count is 1
2021-09-23 03:29:57,562 [ReplicationMonitor] INFO  container.ReplicationManager (ReplicationManager.java:processAll(371)) - Replication Monitor Thread took 0 milliseconds for processing 0 containers.
2021-09-23 03:29:57,578 [Listener at 127.0.0.1/43673] INFO  ipc.CallQueueManager (CallQueueManager.java:<init>(90)) - Using callQueue: class java.util.concurrent.LinkedBlockingQueue, queueCapacity: 2000, scheduler: class org.apache.hadoop.ipc.DefaultRpcScheduler, ipcBackoff: false.
2021-09-23 03:29:57,586 [Socket Reader #1 for port 36503] INFO  ipc.Server (Server.java:run(1265)) - Starting Socket Reader #1 for port 36503
2021-09-23 03:29:57,595 [Listener at 0.0.0.0/36503] INFO  ipc.CallQueueManager (CallQueueManager.java:<init>(90)) - Using callQueue: class java.util.concurrent.LinkedBlockingQueue, queueCapacity: 2000, scheduler: class org.apache.hadoop.ipc.DefaultRpcScheduler, ipcBackoff: false.
2021-09-23 03:29:57,595 [Socket Reader #1 for port 44255] INFO  ipc.Server (Server.java:run(1265)) - Starting Socket Reader #1 for port 44255
2021-09-23 03:29:57,596 [Listener at 0.0.0.0/44255] INFO  ipc.CallQueueManager (CallQueueManager.java:<init>(90)) - Using callQueue: class java.util.concurrent.LinkedBlockingQueue, queueCapacity: 2000, scheduler: class org.apache.hadoop.ipc.DefaultRpcScheduler, ipcBackoff: false.
2021-09-23 03:29:57,597 [Socket Reader #1 for port 36179] INFO  ipc.Server (Server.java:run(1265)) - Starting Socket Reader #1 for port 36179
2021-09-23 03:29:57,640 [Listener at 0.0.0.0/36179] INFO  algorithms.ContainerPlacementPolicyFactory (ContainerPlacementPolicyFactory.java:getPolicy(60)) - Create container placement policy of type org.apache.hadoop.hdds.scm.container.placement.algorithms.SCMContainerPlacementRandom
2021-09-23 03:29:57,640 [Listener at 0.0.0.0/36179] INFO  server.StorageContainerManager (StorageContainerManager.java:<init>(387)) - 
Container Balancer status:
Key                            Value
Running                        false
Container Balancer Configuration values:
Key                                                Value
Threshold                                          0.1
Max Datanodes to Involve per Iteration(ratio)      0.5
Max Size to Move per Iteration                     10737418240B

2021-09-23 03:29:57,640 [Listener at 0.0.0.0/36179] WARN  events.EventQueue (EventQueue.java:fireEvent(194)) - No event handler registered for event TypedEvent{payloadType=SafeModeStatus, name='Safe mode status'}
2021-09-23 03:29:57,641 [Listener at 0.0.0.0/36179] INFO  ha.SCMContext (SCMContext.java:updateSafeModeStatus(205)) - Update SafeModeStatus from SafeModeStatus{safeModeStatus=true, preCheckPassed=false} to SafeModeStatus{safeModeStatus=true, preCheckPassed=false}.
2021-09-23 03:29:57,641 [Listener at 0.0.0.0/36179] INFO  server.StorageContainerManager (StorageContainerManager.java:start(1279)) - StorageContainerLocationProtocol RPC server is listening at /0.0.0.0:36179
2021-09-23 03:29:57,662 [Listener at 0.0.0.0/36179] WARN  impl.MetricsConfig (MetricsConfig.java:loadFirst(136)) - Cannot locate configuration: tried hadoop-metrics2-storagecontainermanager.properties,hadoop-metrics2.properties
2021-09-23 03:29:57,686 [Listener at 0.0.0.0/36179] INFO  impl.MetricsSystemImpl (MetricsSystemImpl.java:startTimer(378)) - Scheduled Metric snapshot period at 10 second(s).
2021-09-23 03:29:57,686 [Listener at 0.0.0.0/36179] INFO  impl.MetricsSystemImpl (MetricsSystemImpl.java:start(191)) - StorageContainerManager metrics system started
2021-09-23 03:29:57,714 [Listener at 0.0.0.0/36179] INFO  impl.MetricsSinkAdapter (MetricsSinkAdapter.java:start(204)) - Sink prometheus started
2021-09-23 03:29:57,718 [Listener at 0.0.0.0/36179] INFO  impl.MetricsSystemImpl (MetricsSystemImpl.java:registerSink(305)) - Registered sink prometheus
2021-09-23 03:29:57,783 [Listener at 0.0.0.0/36179] INFO  server.SCMClientProtocolServer (SCMClientProtocolServer.java:start(164)) - RPC server for Client  is listening at /0.0.0.0:36179
2021-09-23 03:29:57,790 [IPC Server Responder] INFO  ipc.Server (Server.java:run(1507)) - IPC Server Responder: starting
2021-09-23 03:29:57,793 [IPC Server listener on 36179] INFO  ipc.Server (Server.java:run(1344)) - IPC Server listener on 36179: starting
2021-09-23 03:29:57,914 [Listener at 0.0.0.0/36179] INFO  server.StorageContainerManager (StorageContainerManager.java:start(1294)) - ScmBlockLocationProtocol RPC server is listening at /0.0.0.0:44255
2021-09-23 03:29:57,914 [Listener at 0.0.0.0/36179] INFO  server.SCMBlockProtocolServer (SCMBlockProtocolServer.java:start(151)) - RPC server for Block Protocol is listening at /0.0.0.0:44255
2021-09-23 03:29:57,930 [IPC Server Responder] INFO  ipc.Server (Server.java:run(1507)) - IPC Server Responder: starting
2021-09-23 03:29:57,938 [IPC Server listener on 44255] INFO  ipc.Server (Server.java:run(1344)) - IPC Server listener on 44255: starting
2021-09-23 03:29:58,104 [Listener at 0.0.0.0/36179] INFO  server.StorageContainerManager (StorageContainerManager.java:start(1300)) - ScmDatanodeProtocl RPC server is listening at /0.0.0.0:36503
2021-09-23 03:29:58,105 [Listener at 0.0.0.0/36179] INFO  server.SCMDatanodeProtocolServer (SCMDatanodeProtocolServer.java:start(181)) - RPC server for DataNodes is listening at /0.0.0.0:36503
2021-09-23 03:29:58,114 [IPC Server Responder] INFO  ipc.Server (Server.java:run(1507)) - IPC Server Responder: starting
2021-09-23 03:29:58,134 [IPC Server listener on 36503] INFO  ipc.Server (Server.java:run(1344)) - IPC Server listener on 36503: starting
2021-09-23 03:29:58,185 [Listener at 0.0.0.0/36179] INFO  http.BaseHttpServer (BaseHttpServer.java:newHttpServer2BuilderForOzone(209)) - Starting Web-server for scm at: http://0.0.0.0:41909
2021-09-23 03:29:58,185 [Listener at 0.0.0.0/36179] INFO  http.BaseHttpServer (BaseHttpServer.java:<init>(107)) - Hadoop Security Enabled: false Ozone Security Enabled: false Ozone HTTP Security Enabled: false 
2021-09-23 03:29:58,223 [Listener at 0.0.0.0/36179] INFO  server.AuthenticationFilter (AuthenticationFilter.java:constructSecretProvider(240)) - Unable to initialize FileSignerSecretProvider, falling back to use random secrets.
2021-09-23 03:29:58,223 [org.apache.hadoop.util.JvmPauseMonitor$Monitor@2b9d2a7d] INFO  util.JvmPauseMonitor (JvmPauseMonitor.java:run(188)) - Starting JVM pause monitor
2021-09-23 03:29:58,234 [Listener at 0.0.0.0/36179] WARN  http.HttpRequestLog (HttpRequestLog.java:getRequestLog(103)) - Jetty request log can only be enabled using Log4j
2021-09-23 03:29:58,235 [Listener at 0.0.0.0/36179] INFO  http.HttpServer2 (HttpServer2.java:addGlobalFilter(1030)) - Added global filter 'safety' (class=org.apache.hadoop.hdds.server.http.HttpServer2$QuotingInputFilter)
2021-09-23 03:29:58,235 [Listener at 0.0.0.0/36179] INFO  http.HttpServer2 (HttpServer2.java:addFilter(1006)) - Added filter static_user_filter (class=org.apache.hadoop.http.lib.StaticUserWebFilter$StaticUserFilter) to context scm
2021-09-23 03:29:58,236 [Listener at 0.0.0.0/36179] INFO  http.HttpServer2 (HttpServer2.java:addFilter(1014)) - Added filter static_user_filter (class=org.apache.hadoop.http.lib.StaticUserWebFilter$StaticUserFilter) to context logs
2021-09-23 03:29:58,236 [Listener at 0.0.0.0/36179] INFO  http.HttpServer2 (HttpServer2.java:addFilter(1014)) - Added filter static_user_filter (class=org.apache.hadoop.http.lib.StaticUserWebFilter$StaticUserFilter) to context static
2021-09-23 03:29:58,236 [Listener at 0.0.0.0/36179] INFO  http.HttpServer2 (HttpServer2.java:bindListener(1249)) - Jetty bound to port 41909
2021-09-23 03:29:58,236 [Listener at 0.0.0.0/36179] INFO  server.Server (Server.java:doStart(375)) - jetty-9.4.43.v20210629; built: 2021-06-30T11:07:22.254Z; git: 526006ecfa3af7f1a27ef3a288e2bef7ea9dd7e8; jvm 1.8.0_292-b10
2021-09-23 03:29:58,317 [Listener at 0.0.0.0/36179] INFO  server.session (DefaultSessionIdManager.java:doStart(334)) - DefaultSessionIdManager workerName=node0
2021-09-23 03:29:58,318 [Listener at 0.0.0.0/36179] INFO  server.session (DefaultSessionIdManager.java:doStart(339)) - No SessionScavenger set, using defaults
2021-09-23 03:29:58,318 [Listener at 0.0.0.0/36179] INFO  server.session (HouseKeeper.java:startScavenging(132)) - node0 Scavenging every 660000ms
2021-09-23 03:29:58,318 [EndpointStateMachine task thread for /0.0.0.0:36503 - 0 ] INFO  ipc.Client (Client.java:handleConnectionFailure(977)) - Retrying connect to server: 0.0.0.0/0.0.0.0:36503. Already tried 14 time(s); retry policy is RetryUpToMaximumCountWithFixedSleep(maxRetries=15, sleepTime=1000 MILLISECONDS)
2021-09-23 03:29:58,326 [Listener at 0.0.0.0/36179] INFO  handler.ContextHandler (ContextHandler.java:doStart(915)) - Started o.e.j.s.ServletContextHandler@45a7695e{logs,/logs,file:///home/runner/work/ozone/ozone/hadoop-ozone/integration-test/target/log,AVAILABLE}
2021-09-23 03:29:58,326 [Listener at 0.0.0.0/36179] INFO  handler.ContextHandler (ContextHandler.java:doStart(915)) - Started o.e.j.s.ServletContextHandler@16ba6746{static,/static,file:///home/runner/work/ozone/ozone/hadoop-ozone/integration-test/target/test-classes/webapps/static,AVAILABLE}
2021-09-23 03:29:58,329 [Listener at 0.0.0.0/36179] INFO  handler.ContextHandler (ContextHandler.java:doStart(915)) - Started o.e.j.w.WebAppContext@5aac27fa{scm,/,file:///home/runner/work/ozone/ozone/hadoop-ozone/integration-test/target/test-classes/webapps/scm/,AVAILABLE}{file:/home/runner/work/ozone/ozone/hadoop-ozone/integration-test/target/test-classes/webapps/scm}
2021-09-23 03:29:58,349 [Listener at 0.0.0.0/36179] INFO  server.AbstractConnector (AbstractConnector.java:doStart(331)) - Started ServerConnector@7821f672{HTTP/1.1, (http/1.1)}{0.0.0.0:41909}
2021-09-23 03:29:58,350 [Listener at 0.0.0.0/36179] INFO  server.Server (Server.java:doStart(415)) - Started @114492ms
2021-09-23 03:29:58,350 [Listener at 0.0.0.0/36179] WARN  impl.MetricsSystemImpl (MetricsSystemImpl.java:register(279)) - Sink prometheus already exists!
2021-09-23 03:29:58,358 [Listener at 0.0.0.0/36179] INFO  http.BaseHttpServer (BaseHttpServer.java:updateConnectorAddress(329)) - HTTP server of scm listening at http://0.0.0.0:41909
2021-09-23 03:29:58,358 [Listener at 0.0.0.0/36179] INFO  ozone.MiniOzoneClusterImpl (MiniOzoneClusterImpl.java:lambda$waitForClusterToBeReady$0(235)) - Waiting for nodes to be ready. Got 0 of 3 DN Heartbeats.
2021-09-23 03:29:58,358 [Listener at 0.0.0.0/36179] INFO  ozone.MiniOzoneClusterImpl (MiniOzoneClusterImpl.java:lambda$waitForClusterToBeReady$0(238)) - Waiting for cluster to exit safe mode
2021-09-23 03:29:58,358 [Listener at 0.0.0.0/36179] INFO  ozone.MiniOzoneClusterImpl (MiniOzoneClusterImpl.java:lambda$waitForClusterToBeReady$0(240)) - SCM became leader
2021-09-23 03:29:58,359 [IPC Server handler 1 on default port 36503] INFO  server.SCMDatanodeHeartbeatDispatcher (SCMDatanodeHeartbeatDispatcher.java:dispatch(101)) - SCM received heartbeat from an unregistered datanode 768abe3e-e5a9-4d99-a987-26001157f375{ip: 10.1.0.98, host: fv-az50-49.grzltbmokehuzjyc5b133kdqgh.cx.internal.cloudapp.net, ports: [REPLICATION=46093, RATIS=39881, RATIS_ADMIN=39881, RATIS_SERVER=39881, STANDALONE=33617], networkLocation: /default-rack, certSerialId: null, persistedOpState: null, persistedOpStateExpiryEpochSec: 0}. Asking datanode to re-register.
2021-09-23 03:29:58,360 [IPC Server handler 1 on default port 36503] INFO  server.SCMDatanodeHeartbeatDispatcher (SCMDatanodeHeartbeatDispatcher.java:dispatch(101)) - SCM received heartbeat from an unregistered datanode e7dc5bb2-1c20-468e-bb9f-5c6a91a907f2{ip: 10.1.0.98, host: fv-az50-49.grzltbmokehuzjyc5b133kdqgh.cx.internal.cloudapp.net, ports: [REPLICATION=35707, RATIS=38093, RATIS_ADMIN=38093, RATIS_SERVER=38093, STANDALONE=38481], networkLocation: /default-rack, certSerialId: null, persistedOpState: null, persistedOpStateExpiryEpochSec: 0}. Asking datanode to re-register.
2021-09-23 03:29:58,367 [EndpointStateMachine task thread for /0.0.0.0:36503 - 0 ] INFO  ozoneimpl.OzoneContainer (OzoneContainer.java:start(304)) - Attempting to start container services.
2021-09-23 03:29:58,384 [EndpointStateMachine task thread for /0.0.0.0:36503 - 0 ] INFO  ozoneimpl.OzoneContainer (OzoneContainer.java:startContainerScrub(249)) - Background container scanner has been disabled.
2021-09-23 03:29:58,371 [IPC Server handler 4 on default port 36503] INFO  server.SCMDatanodeHeartbeatDispatcher (SCMDatanodeHeartbeatDispatcher.java:dispatch(101)) - SCM received heartbeat from an unregistered datanode 768abe3e-e5a9-4d99-a987-26001157f375{ip: 10.1.0.98, host: fv-az50-49.grzltbmokehuzjyc5b133kdqgh.cx.internal.cloudapp.net, ports: [REPLICATION=46093, RATIS=39881, RATIS_ADMIN=39881, RATIS_SERVER=39881, STANDALONE=33617], networkLocation: /default-rack, certSerialId: null, persistedOpState: null, persistedOpStateExpiryEpochSec: 0}. Asking datanode to re-register.
2021-09-23 03:29:58,371 [IPC Server handler 3 on default port 36503] INFO  server.SCMDatanodeHeartbeatDispatcher (SCMDatanodeHeartbeatDispatcher.java:dispatch(101)) - SCM received heartbeat from an unregistered datanode e7dc5bb2-1c20-468e-bb9f-5c6a91a907f2{ip: 10.1.0.98, host: fv-az50-49.grzltbmokehuzjyc5b133kdqgh.cx.internal.cloudapp.net, ports: [REPLICATION=35707, RATIS=38093, RATIS_ADMIN=38093, RATIS_SERVER=38093, STANDALONE=38481], networkLocation: /default-rack, certSerialId: null, persistedOpState: null, persistedOpStateExpiryEpochSec: 0}. Asking datanode to re-register.
2021-09-23 03:29:58,388 [EndpointStateMachine task thread for /0.0.0.0:36503 - 0 ] INFO  replication.ReplicationServer (ReplicationServer.java:start(107)) - ReplicationServer is started using port 38869
2021-09-23 03:29:58,391 [EndpointStateMachine task thread for /0.0.0.0:36503 - 0 ] INFO  ratis.XceiverServerRatis (XceiverServerRatis.java:start(481)) - Starting XceiverServerRatis 9cd1aba0-3bef-48ca-b96c-00189f9f00e2
2021-09-23 03:29:58,445 [EndpointStateMachine task thread for /0.0.0.0:36503 - 0 ] INFO  server.RaftServer$Division (RaftServerImpl.java:start(296)) - 9cd1aba0-3bef-48ca-b96c-00189f9f00e2@group-893C6F4E4145: start as a follower, conf=0: [9cd1aba0-3bef-48ca-b96c-00189f9f00e2|rpc:10.1.0.98:41505|dataStream:|priority:1], old=null
2021-09-23 03:29:58,445 [EndpointStateMachine task thread for /0.0.0.0:36503 - 0 ] INFO  server.RaftServer$Division (RaftServerImpl.java:setRole(285)) - 9cd1aba0-3bef-48ca-b96c-00189f9f00e2@group-893C6F4E4145: changes role from      null to FOLLOWER at term 1 for startAsFollower
2021-09-23 03:29:58,445 [EndpointStateMachine task thread for /0.0.0.0:36503 - 0 ] INFO  impl.RoleInfo (RoleInfo.java:updateAndGet(130)) - 9cd1aba0-3bef-48ca-b96c-00189f9f00e2: start 9cd1aba0-3bef-48ca-b96c-00189f9f00e2@group-893C6F4E4145-FollowerState
2021-09-23 03:29:58,445 [ForkJoinPool.commonPool-worker-0] INFO  server.RaftServer$Division (RaftServerImpl.java:start(296)) - 9cd1aba0-3bef-48ca-b96c-00189f9f00e2@group-2D5EDE50C6DC: start as a follower, conf=0: [e7dc5bb2-1c20-468e-bb9f-5c6a91a907f2|rpc:10.1.0.98:38093|dataStream:|priority:0, 9cd1aba0-3bef-48ca-b96c-00189f9f00e2|rpc:10.1.0.98:41505|dataStream:|priority:0, 768abe3e-e5a9-4d99-a987-26001157f375|rpc:10.1.0.98:39881|dataStream:|priority:1], old=null
2021-09-23 03:29:58,445 [EndpointStateMachine task thread for /0.0.0.0:36503 - 0 ] INFO  util.JmxRegister (JmxRegister.java:tryRegister(44)) - Successfully registered JMX Bean with object name Ratis:service=RaftServer,group=group-893C6F4E4145,id=9cd1aba0-3bef-48ca-b96c-00189f9f00e2
2021-09-23 03:29:58,458 [IPC Server handler 5 on default port 36503] INFO  server.SCMDatanodeHeartbeatDispatcher (SCMDatanodeHeartbeatDispatcher.java:dispatch(101)) - SCM received heartbeat from an unregistered datanode 768abe3e-e5a9-4d99-a987-26001157f375{ip: 10.1.0.98, host: fv-az50-49.grzltbmokehuzjyc5b133kdqgh.cx.internal.cloudapp.net, ports: [REPLICATION=46093, RATIS=39881, RATIS_ADMIN=39881, RATIS_SERVER=39881, STANDALONE=33617], networkLocation: /default-rack, certSerialId: null, persistedOpState: null, persistedOpStateExpiryEpochSec: 0}. Asking datanode to re-register.
2021-09-23 03:29:58,459 [IPC Server handler 5 on default port 36503] INFO  server.SCMDatanodeHeartbeatDispatcher (SCMDatanodeHeartbeatDispatcher.java:dispatch(101)) - SCM received heartbeat from an unregistered datanode e7dc5bb2-1c20-468e-bb9f-5c6a91a907f2{ip: 10.1.0.98, host: fv-az50-49.grzltbmokehuzjyc5b133kdqgh.cx.internal.cloudapp.net, ports: [REPLICATION=35707, RATIS=38093, RATIS_ADMIN=38093, RATIS_SERVER=38093, STANDALONE=38481], networkLocation: /default-rack, certSerialId: null, persistedOpState: null, persistedOpStateExpiryEpochSec: 0}. Asking datanode to re-register.
2021-09-23 03:29:58,462 [IPC Server handler 7 on default port 36503] INFO  server.SCMDatanodeHeartbeatDispatcher (SCMDatanodeHeartbeatDispatcher.java:dispatch(101)) - SCM received heartbeat from an unregistered datanode e7dc5bb2-1c20-468e-bb9f-5c6a91a907f2{ip: 10.1.0.98, host: fv-az50-49.grzltbmokehuzjyc5b133kdqgh.cx.internal.cloudapp.net, ports: [REPLICATION=35707, RATIS=38093, RATIS_ADMIN=38093, RATIS_SERVER=38093, STANDALONE=38481], networkLocation: /default-rack, certSerialId: null, persistedOpState: null, persistedOpStateExpiryEpochSec: 0}. Asking datanode to re-register.
2021-09-23 03:29:58,462 [IPC Server handler 8 on default port 36503] INFO  server.SCMDatanodeHeartbeatDispatcher (SCMDatanodeHeartbeatDispatcher.java:dispatch(101)) - SCM received heartbeat from an unregistered datanode 768abe3e-e5a9-4d99-a987-26001157f375{ip: 10.1.0.98, host: fv-az50-49.grzltbmokehuzjyc5b133kdqgh.cx.internal.cloudapp.net, ports: [REPLICATION=46093, RATIS=39881, RATIS_ADMIN=39881, RATIS_SERVER=39881, STANDALONE=33617], networkLocation: /default-rack, certSerialId: null, persistedOpState: null, persistedOpStateExpiryEpochSec: 0}. Asking datanode to re-register.
2021-09-23 03:29:58,464 [ForkJoinPool.commonPool-worker-0] INFO  server.RaftServer$Division (RaftServerImpl.java:setRole(285)) - 9cd1aba0-3bef-48ca-b96c-00189f9f00e2@group-2D5EDE50C6DC: changes role from      null to FOLLOWER at term 4 for startAsFollower
2021-09-23 03:29:58,466 [ForkJoinPool.commonPool-worker-0] INFO  impl.RoleInfo (RoleInfo.java:updateAndGet(130)) - 9cd1aba0-3bef-48ca-b96c-00189f9f00e2: start 9cd1aba0-3bef-48ca-b96c-00189f9f00e2@group-2D5EDE50C6DC-FollowerState
2021-09-23 03:29:58,466 [ForkJoinPool.commonPool-worker-0] INFO  util.JmxRegister (JmxRegister.java:tryRegister(44)) - Successfully registered JMX Bean with object name Ratis:service=RaftServer,group=group-2D5EDE50C6DC,id=9cd1aba0-3bef-48ca-b96c-00189f9f00e2
2021-09-23 03:29:58,470 [EndpointStateMachine task thread for /0.0.0.0:36503 - 0 ] INFO  server.RaftServer (RaftServerProxy.java:lambda$start$5(374)) - 9cd1aba0-3bef-48ca-b96c-00189f9f00e2: start RPC server
2021-09-23 03:29:58,490 [EndpointStateMachine task thread for /0.0.0.0:36503 - 0 ] INFO  server.GrpcService (GrpcService.java:startImpl(253)) - 9cd1aba0-3bef-48ca-b96c-00189f9f00e2: GrpcService started, listening on 41505
2021-09-23 03:29:58,491 [IPC Server handler 10 on default port 36503] INFO  server.SCMDatanodeHeartbeatDispatcher (SCMDatanodeHeartbeatDispatcher.java:dispatch(101)) - SCM received heartbeat from an unregistered datanode 768abe3e-e5a9-4d99-a987-26001157f375{ip: 10.1.0.98, host: fv-az50-49.grzltbmokehuzjyc5b133kdqgh.cx.internal.cloudapp.net, ports: [REPLICATION=46093, RATIS=39881, RATIS_ADMIN=39881, RATIS_SERVER=39881, STANDALONE=33617], networkLocation: /default-rack, certSerialId: null, persistedOpState: null, persistedOpStateExpiryEpochSec: 0}. Asking datanode to re-register.
2021-09-23 03:29:58,491 [EndpointStateMachine task thread for /0.0.0.0:36503 - 0 ] INFO  ratis.XceiverServerRatis (XceiverServerRatis.java:getRealPort(502)) - XceiverServerRatis 9cd1aba0-3bef-48ca-b96c-00189f9f00e2 is started using port 41505 for RATIS
2021-09-23 03:29:58,491 [EndpointStateMachine task thread for /0.0.0.0:36503 - 0 ] INFO  ratis.XceiverServerRatis (XceiverServerRatis.java:getRealPort(502)) - XceiverServerRatis 9cd1aba0-3bef-48ca-b96c-00189f9f00e2 is started using port 41505 for RATIS_ADMIN
2021-09-23 03:29:58,491 [EndpointStateMachine task thread for /0.0.0.0:36503 - 0 ] INFO  ratis.XceiverServerRatis (XceiverServerRatis.java:getRealPort(502)) - XceiverServerRatis 9cd1aba0-3bef-48ca-b96c-00189f9f00e2 is started using port 41505 for RATIS_SERVER
2021-09-23 03:29:58,492 [IPC Server handler 11 on default port 36503] INFO  server.SCMDatanodeHeartbeatDispatcher (SCMDatanodeHeartbeatDispatcher.java:dispatch(101)) - SCM received heartbeat from an unregistered datanode 768abe3e-e5a9-4d99-a987-26001157f375{ip: 10.1.0.98, host: fv-az50-49.grzltbmokehuzjyc5b133kdqgh.cx.internal.cloudapp.net, ports: [REPLICATION=46093, RATIS=39881, RATIS_ADMIN=39881, RATIS_SERVER=39881, STANDALONE=33617], networkLocation: /default-rack, certSerialId: null, persistedOpState: null, persistedOpStateExpiryEpochSec: 0}. Asking datanode to re-register.
2021-09-23 03:29:58,494 [IPC Server handler 9 on default port 36503] INFO  server.SCMDatanodeHeartbeatDispatcher (SCMDatanodeHeartbeatDispatcher.java:dispatch(101)) - SCM received heartbeat from an unregistered datanode e7dc5bb2-1c20-468e-bb9f-5c6a91a907f2{ip: 10.1.0.98, host: fv-az50-49.grzltbmokehuzjyc5b133kdqgh.cx.internal.cloudapp.net, ports: [REPLICATION=35707, RATIS=38093, RATIS_ADMIN=38093, RATIS_SERVER=38093, STANDALONE=38481], networkLocation: /default-rack, certSerialId: null, persistedOpState: null, persistedOpStateExpiryEpochSec: 0}. Asking datanode to re-register.
2021-09-23 03:29:58,502 [IPC Server handler 9 on default port 36503] INFO  server.SCMDatanodeHeartbeatDispatcher (SCMDatanodeHeartbeatDispatcher.java:dispatch(101)) - SCM received heartbeat from an unregistered datanode 768abe3e-e5a9-4d99-a987-26001157f375{ip: 10.1.0.98, host: fv-az50-49.grzltbmokehuzjyc5b133kdqgh.cx.internal.cloudapp.net, ports: [REPLICATION=46093, RATIS=39881, RATIS_ADMIN=39881, RATIS_SERVER=39881, STANDALONE=33617], networkLocation: /default-rack, certSerialId: null, persistedOpState: null, persistedOpStateExpiryEpochSec: 0}. Asking datanode to re-register.
2021-09-23 03:29:58,515 [org.apache.ratis.util.JvmPauseMonitor$$Lambda$531/1321261357@3525e8a6] INFO  util.JvmPauseMonitor (JvmPauseMonitor.java:run(103)) - JvmPauseMonitor-9cd1aba0-3bef-48ca-b96c-00189f9f00e2: Started
2021-09-23 03:29:58,542 [IPC Server handler 13 on default port 36503] INFO  server.SCMDatanodeHeartbeatDispatcher (SCMDatanodeHeartbeatDispatcher.java:dispatch(101)) - SCM received heartbeat from an unregistered datanode e7dc5bb2-1c20-468e-bb9f-5c6a91a907f2{ip: 10.1.0.98, host: fv-az50-49.grzltbmokehuzjyc5b133kdqgh.cx.internal.cloudapp.net, ports: [REPLICATION=35707, RATIS=38093, RATIS_ADMIN=38093, RATIS_SERVER=38093, STANDALONE=38481], networkLocation: /default-rack, certSerialId: null, persistedOpState: null, persistedOpStateExpiryEpochSec: 0}. Asking datanode to re-register.
2021-09-23 03:29:58,542 [IPC Server handler 14 on default port 36503] INFO  server.SCMDatanodeHeartbeatDispatcher (SCMDatanodeHeartbeatDispatcher.java:dispatch(101)) - SCM received heartbeat from an unregistered datanode 768abe3e-e5a9-4d99-a987-26001157f375{ip: 10.1.0.98, host: fv-az50-49.grzltbmokehuzjyc5b133kdqgh.cx.internal.cloudapp.net, ports: [REPLICATION=46093, RATIS=39881, RATIS_ADMIN=39881, RATIS_SERVER=39881, STANDALONE=33617], networkLocation: /default-rack, certSerialId: null, persistedOpState: null, persistedOpStateExpiryEpochSec: 0}. Asking datanode to re-register.
2021-09-23 03:29:58,546 [IPC Server handler 15 on default port 36503] INFO  server.SCMDatanodeHeartbeatDispatcher (SCMDatanodeHeartbeatDispatcher.java:dispatch(101)) - SCM received heartbeat from an unregistered datanode e7dc5bb2-1c20-468e-bb9f-5c6a91a907f2{ip: 10.1.0.98, host: fv-az50-49.grzltbmokehuzjyc5b133kdqgh.cx.internal.cloudapp.net, ports: [REPLICATION=35707, RATIS=38093, RATIS_ADMIN=38093, RATIS_SERVER=38093, STANDALONE=38481], networkLocation: /default-rack, certSerialId: null, persistedOpState: null, persistedOpStateExpiryEpochSec: 0}. Asking datanode to re-register.
2021-09-23 03:29:58,546 [IPC Server handler 16 on default port 36503] INFO  server.SCMDatanodeHeartbeatDispatcher (SCMDatanodeHeartbeatDispatcher.java:dispatch(101)) - SCM received heartbeat from an unregistered datanode 768abe3e-e5a9-4d99-a987-26001157f375{ip: 10.1.0.98, host: fv-az50-49.grzltbmokehuzjyc5b133kdqgh.cx.internal.cloudapp.net, ports: [REPLICATION=46093, RATIS=39881, RATIS_ADMIN=39881, RATIS_SERVER=39881, STANDALONE=33617], networkLocation: /default-rack, certSerialId: null, persistedOpState: null, persistedOpStateExpiryEpochSec: 0}. Asking datanode to re-register.
2021-09-23 03:29:58,553 [IPC Server handler 17 on default port 36503] INFO  server.SCMDatanodeHeartbeatDispatcher (SCMDatanodeHeartbeatDispatcher.java:dispatch(101)) - SCM received heartbeat from an unregistered datanode e7dc5bb2-1c20-468e-bb9f-5c6a91a907f2{ip: 10.1.0.98, host: fv-az50-49.grzltbmokehuzjyc5b133kdqgh.cx.internal.cloudapp.net, ports: [REPLICATION=35707, RATIS=38093, RATIS_ADMIN=38093, RATIS_SERVER=38093, STANDALONE=38481], networkLocation: /default-rack, certSerialId: null, persistedOpState: null, persistedOpStateExpiryEpochSec: 0}. Asking datanode to re-register.
2021-09-23 03:29:58,561 [IPC Server handler 18 on default port 36503] INFO  server.SCMDatanodeHeartbeatDispatcher (SCMDatanodeHeartbeatDispatcher.java:dispatch(101)) - SCM received heartbeat from an unregistered datanode 768abe3e-e5a9-4d99-a987-26001157f375{ip: 10.1.0.98, host: fv-az50-49.grzltbmokehuzjyc5b133kdqgh.cx.internal.cloudapp.net, ports: [REPLICATION=46093, RATIS=39881, RATIS_ADMIN=39881, RATIS_SERVER=39881, STANDALONE=33617], networkLocation: /default-rack, certSerialId: null, persistedOpState: null, persistedOpStateExpiryEpochSec: 0}. Asking datanode to re-register.
2021-09-23 03:29:58,563 [IPC Server handler 19 on default port 36503] INFO  server.SCMDatanodeHeartbeatDispatcher (SCMDatanodeHeartbeatDispatcher.java:dispatch(101)) - SCM received heartbeat from an unregistered datanode e7dc5bb2-1c20-468e-bb9f-5c6a91a907f2{ip: 10.1.0.98, host: fv-az50-49.grzltbmokehuzjyc5b133kdqgh.cx.internal.cloudapp.net, ports: [REPLICATION=35707, RATIS=38093, RATIS_ADMIN=38093, RATIS_SERVER=38093, STANDALONE=38481], networkLocation: /default-rack, certSerialId: null, persistedOpState: null, persistedOpStateExpiryEpochSec: 0}. Asking datanode to re-register.
2021-09-23 03:29:58,563 [IPC Server handler 1 on default port 36503] INFO  server.SCMDatanodeHeartbeatDispatcher (SCMDatanodeHeartbeatDispatcher.java:dispatch(101)) - SCM received heartbeat from an unregistered datanode 768abe3e-e5a9-4d99-a987-26001157f375{ip: 10.1.0.98, host: fv-az50-49.grzltbmokehuzjyc5b133kdqgh.cx.internal.cloudapp.net, ports: [REPLICATION=46093, RATIS=39881, RATIS_ADMIN=39881, RATIS_SERVER=39881, STANDALONE=33617], networkLocation: /default-rack, certSerialId: null, persistedOpState: null, persistedOpStateExpiryEpochSec: 0}. Asking datanode to re-register.
2021-09-23 03:29:58,577 [IPC Server handler 2 on default port 36503] INFO  server.SCMDatanodeHeartbeatDispatcher (SCMDatanodeHeartbeatDispatcher.java:dispatch(101)) - SCM received heartbeat from an unregistered datanode e7dc5bb2-1c20-468e-bb9f-5c6a91a907f2{ip: 10.1.0.98, host: fv-az50-49.grzltbmokehuzjyc5b133kdqgh.cx.internal.cloudapp.net, ports: [REPLICATION=35707, RATIS=38093, RATIS_ADMIN=38093, RATIS_SERVER=38093, STANDALONE=38481], networkLocation: /default-rack, certSerialId: null, persistedOpState: null, persistedOpStateExpiryEpochSec: 0}. Asking datanode to re-register.
2021-09-23 03:29:58,590 [IPC Server handler 0 on default port 36503] INFO  server.SCMDatanodeHeartbeatDispatcher (SCMDatanodeHeartbeatDispatcher.java:dispatch(101)) - SCM received heartbeat from an unregistered datanode 768abe3e-e5a9-4d99-a987-26001157f375{ip: 10.1.0.98, host: fv-az50-49.grzltbmokehuzjyc5b133kdqgh.cx.internal.cloudapp.net, ports: [REPLICATION=46093, RATIS=39881, RATIS_ADMIN=39881, RATIS_SERVER=39881, STANDALONE=33617], networkLocation: /default-rack, certSerialId: null, persistedOpState: null, persistedOpStateExpiryEpochSec: 0}. Asking datanode to re-register.
2021-09-23 03:29:58,594 [IPC Server handler 4 on default port 36503] INFO  server.SCMDatanodeHeartbeatDispatcher (SCMDatanodeHeartbeatDispatcher.java:dispatch(101)) - SCM received heartbeat from an unregistered datanode 768abe3e-e5a9-4d99-a987-26001157f375{ip: 10.1.0.98, host: fv-az50-49.grzltbmokehuzjyc5b133kdqgh.cx.internal.cloudapp.net, ports: [REPLICATION=46093, RATIS=39881, RATIS_ADMIN=39881, RATIS_SERVER=39881, STANDALONE=33617], networkLocation: /default-rack, certSerialId: null, persistedOpState: null, persistedOpStateExpiryEpochSec: 0}. Asking datanode to re-register.
2021-09-23 03:29:58,594 [IPC Server handler 3 on default port 36503] INFO  server.SCMDatanodeHeartbeatDispatcher (SCMDatanodeHeartbeatDispatcher.java:dispatch(101)) - SCM received heartbeat from an unregistered datanode e7dc5bb2-1c20-468e-bb9f-5c6a91a907f2{ip: 10.1.0.98, host: fv-az50-49.grzltbmokehuzjyc5b133kdqgh.cx.internal.cloudapp.net, ports: [REPLICATION=35707, RATIS=38093, RATIS_ADMIN=38093, RATIS_SERVER=38093, STANDALONE=38481], networkLocation: /default-rack, certSerialId: null, persistedOpState: null, persistedOpStateExpiryEpochSec: 0}. Asking datanode to re-register.
2021-09-23 03:29:58,606 [IPC Server handler 5 on default port 36503] INFO  server.SCMDatanodeHeartbeatDispatcher (SCMDatanodeHeartbeatDispatcher.java:dispatch(101)) - SCM received heartbeat from an unregistered datanode 768abe3e-e5a9-4d99-a987-26001157f375{ip: 10.1.0.98, host: fv-az50-49.grzltbmokehuzjyc5b133kdqgh.cx.internal.cloudapp.net, ports: [REPLICATION=46093, RATIS=39881, RATIS_ADMIN=39881, RATIS_SERVER=39881, STANDALONE=33617], networkLocation: /default-rack, certSerialId: null, persistedOpState: null, persistedOpStateExpiryEpochSec: 0}. Asking datanode to re-register.
2021-09-23 03:29:58,611 [IPC Server handler 6 on default port 36503] INFO  server.SCMDatanodeHeartbeatDispatcher (SCMDatanodeHeartbeatDispatcher.java:dispatch(101)) - SCM received heartbeat from an unregistered datanode e7dc5bb2-1c20-468e-bb9f-5c6a91a907f2{ip: 10.1.0.98, host: fv-az50-49.grzltbmokehuzjyc5b133kdqgh.cx.internal.cloudapp.net, ports: [REPLICATION=35707, RATIS=38093, RATIS_ADMIN=38093, RATIS_SERVER=38093, STANDALONE=38481], networkLocation: /default-rack, certSerialId: null, persistedOpState: null, persistedOpStateExpiryEpochSec: 0}. Asking datanode to re-register.
2021-09-23 03:29:58,612 [IPC Server handler 7 on default port 36503] INFO  server.SCMDatanodeHeartbeatDispatcher (SCMDatanodeHeartbeatDispatcher.java:dispatch(101)) - SCM received heartbeat from an unregistered datanode 768abe3e-e5a9-4d99-a987-26001157f375{ip: 10.1.0.98, host: fv-az50-49.grzltbmokehuzjyc5b133kdqgh.cx.internal.cloudapp.net, ports: [REPLICATION=46093, RATIS=39881, RATIS_ADMIN=39881, RATIS_SERVER=39881, STANDALONE=33617], networkLocation: /default-rack, certSerialId: null, persistedOpState: null, persistedOpStateExpiryEpochSec: 0}. Asking datanode to re-register.
2021-09-23 03:29:58,615 [IPC Server handler 8 on default port 36503] INFO  server.SCMDatanodeHeartbeatDispatcher (SCMDatanodeHeartbeatDispatcher.java:dispatch(101)) - SCM received heartbeat from an unregistered datanode e7dc5bb2-1c20-468e-bb9f-5c6a91a907f2{ip: 10.1.0.98, host: fv-az50-49.grzltbmokehuzjyc5b133kdqgh.cx.internal.cloudapp.net, ports: [REPLICATION=35707, RATIS=38093, RATIS_ADMIN=38093, RATIS_SERVER=38093, STANDALONE=38481], networkLocation: /default-rack, certSerialId: null, persistedOpState: null, persistedOpStateExpiryEpochSec: 0}. Asking datanode to re-register.
2021-09-23 03:29:58,619 [IPC Server handler 10 on default port 36503] INFO  server.SCMDatanodeHeartbeatDispatcher (SCMDatanodeHeartbeatDispatcher.java:dispatch(101)) - SCM received heartbeat from an unregistered datanode 768abe3e-e5a9-4d99-a987-26001157f375{ip: 10.1.0.98, host: fv-az50-49.grzltbmokehuzjyc5b133kdqgh.cx.internal.cloudapp.net, ports: [REPLICATION=46093, RATIS=39881, RATIS_ADMIN=39881, RATIS_SERVER=39881, STANDALONE=33617], networkLocation: /default-rack, certSerialId: null, persistedOpState: null, persistedOpStateExpiryEpochSec: 0}. Asking datanode to re-register.
2021-09-23 03:29:58,646 [IPC Server handler 11 on default port 36503] INFO  server.SCMDatanodeHeartbeatDispatcher (SCMDatanodeHeartbeatDispatcher.java:dispatch(101)) - SCM received heartbeat from an unregistered datanode e7dc5bb2-1c20-468e-bb9f-5c6a91a907f2{ip: 10.1.0.98, host: fv-az50-49.grzltbmokehuzjyc5b133kdqgh.cx.internal.cloudapp.net, ports: [REPLICATION=35707, RATIS=38093, RATIS_ADMIN=38093, RATIS_SERVER=38093, STANDALONE=38481], networkLocation: /default-rack, certSerialId: null, persistedOpState: null, persistedOpStateExpiryEpochSec: 0}. Asking datanode to re-register.
2021-09-23 03:29:58,658 [IPC Server handler 9 on default port 36503] INFO  server.SCMDatanodeHeartbeatDispatcher (SCMDatanodeHeartbeatDispatcher.java:dispatch(101)) - SCM received heartbeat from an unregistered datanode 768abe3e-e5a9-4d99-a987-26001157f375{ip: 10.1.0.98, host: fv-az50-49.grzltbmokehuzjyc5b133kdqgh.cx.internal.cloudapp.net, ports: [REPLICATION=46093, RATIS=39881, RATIS_ADMIN=39881, RATIS_SERVER=39881, STANDALONE=33617], networkLocation: /default-rack, certSerialId: null, persistedOpState: null, persistedOpStateExpiryEpochSec: 0}. Asking datanode to re-register.
2021-09-23 03:29:58,663 [IPC Server handler 9 on default port 36503] INFO  server.SCMDatanodeHeartbeatDispatcher (SCMDatanodeHeartbeatDispatcher.java:dispatch(101)) - SCM received heartbeat from an unregistered datanode e7dc5bb2-1c20-468e-bb9f-5c6a91a907f2{ip: 10.1.0.98, host: fv-az50-49.grzltbmokehuzjyc5b133kdqgh.cx.internal.cloudapp.net, ports: [REPLICATION=35707, RATIS=38093, RATIS_ADMIN=38093, RATIS_SERVER=38093, STANDALONE=38481], networkLocation: /default-rack, certSerialId: null, persistedOpState: null, persistedOpStateExpiryEpochSec: 0}. Asking datanode to re-register.
2021-09-23 03:29:58,678 [IPC Server handler 12 on default port 36503] INFO  server.SCMDatanodeHeartbeatDispatcher (SCMDatanodeHeartbeatDispatcher.java:dispatch(101)) - SCM received heartbeat from an unregistered datanode e7dc5bb2-1c20-468e-bb9f-5c6a91a907f2{ip: 10.1.0.98, host: fv-az50-49.grzltbmokehuzjyc5b133kdqgh.cx.internal.cloudapp.net, ports: [REPLICATION=35707, RATIS=38093, RATIS_ADMIN=38093, RATIS_SERVER=38093, STANDALONE=38481], networkLocation: /default-rack, certSerialId: null, persistedOpState: null, persistedOpStateExpiryEpochSec: 0}. Asking datanode to re-register.
2021-09-23 03:29:58,679 [IPC Server handler 12 on default port 36503] INFO  server.SCMDatanodeHeartbeatDispatcher (SCMDatanodeHeartbeatDispatcher.java:dispatch(101)) - SCM received heartbeat from an unregistered datanode 768abe3e-e5a9-4d99-a987-26001157f375{ip: 10.1.0.98, host: fv-az50-49.grzltbmokehuzjyc5b133kdqgh.cx.internal.cloudapp.net, ports: [REPLICATION=46093, RATIS=39881, RATIS_ADMIN=39881, RATIS_SERVER=39881, STANDALONE=33617], networkLocation: /default-rack, certSerialId: null, persistedOpState: null, persistedOpStateExpiryEpochSec: 0}. Asking datanode to re-register.
2021-09-23 03:29:58,691 [IPC Server handler 13 on default port 36503] INFO  server.SCMDatanodeHeartbeatDispatcher (SCMDatanodeHeartbeatDispatcher.java:dispatch(101)) - SCM received heartbeat from an unregistered datanode e7dc5bb2-1c20-468e-bb9f-5c6a91a907f2{ip: 10.1.0.98, host: fv-az50-49.grzltbmokehuzjyc5b133kdqgh.cx.internal.cloudapp.net, ports: [REPLICATION=35707, RATIS=38093, RATIS_ADMIN=38093, RATIS_SERVER=38093, STANDALONE=38481], networkLocation: /default-rack, certSerialId: null, persistedOpState: null, persistedOpStateExpiryEpochSec: 0}. Asking datanode to re-register.
2021-09-23 03:29:58,691 [IPC Server handler 14 on default port 36503] INFO  server.SCMDatanodeHeartbeatDispatcher (SCMDatanodeHeartbeatDispatcher.java:dispatch(101)) - SCM received heartbeat from an unregistered datanode 768abe3e-e5a9-4d99-a987-26001157f375{ip: 10.1.0.98, host: fv-az50-49.grzltbmokehuzjyc5b133kdqgh.cx.internal.cloudapp.net, ports: [REPLICATION=46093, RATIS=39881, RATIS_ADMIN=39881, RATIS_SERVER=39881, STANDALONE=33617], networkLocation: /default-rack, certSerialId: null, persistedOpState: null, persistedOpStateExpiryEpochSec: 0}. Asking datanode to re-register.
2021-09-23 03:29:58,698 [IPC Server handler 15 on default port 36503] INFO  server.SCMDatanodeHeartbeatDispatcher (SCMDatanodeHeartbeatDispatcher.java:dispatch(101)) - SCM received heartbeat from an unregistered datanode 768abe3e-e5a9-4d99-a987-26001157f375{ip: 10.1.0.98, host: fv-az50-49.grzltbmokehuzjyc5b133kdqgh.cx.internal.cloudapp.net, ports: [REPLICATION=46093, RATIS=39881, RATIS_ADMIN=39881, RATIS_SERVER=39881, STANDALONE=33617], networkLocation: /default-rack, certSerialId: null, persistedOpState: null, persistedOpStateExpiryEpochSec: 0}. Asking datanode to re-register.
2021-09-23 03:29:58,718 [IPC Server handler 18 on default port 36503] INFO  server.SCMDatanodeHeartbeatDispatcher (SCMDatanodeHeartbeatDispatcher.java:dispatch(101)) - SCM received heartbeat from an unregistered datanode e7dc5bb2-1c20-468e-bb9f-5c6a91a907f2{ip: 10.1.0.98, host: fv-az50-49.grzltbmokehuzjyc5b133kdqgh.cx.internal.cloudapp.net, ports: [REPLICATION=35707, RATIS=38093, RATIS_ADMIN=38093, RATIS_SERVER=38093, STANDALONE=38481], networkLocation: /default-rack, certSerialId: null, persistedOpState: null, persistedOpStateExpiryEpochSec: 0}. Asking datanode to re-register.
2021-09-23 03:29:58,730 [IPC Server handler 19 on default port 36503] INFO  server.SCMDatanodeHeartbeatDispatcher (SCMDatanodeHeartbeatDispatcher.java:dispatch(101)) - SCM received heartbeat from an unregistered datanode 768abe3e-e5a9-4d99-a987-26001157f375{ip: 10.1.0.98, host: fv-az50-49.grzltbmokehuzjyc5b133kdqgh.cx.internal.cloudapp.net, ports: [REPLICATION=46093, RATIS=39881, RATIS_ADMIN=39881, RATIS_SERVER=39881, STANDALONE=33617], networkLocation: /default-rack, certSerialId: null, persistedOpState: null, persistedOpStateExpiryEpochSec: 0}. Asking datanode to re-register.
2021-09-23 03:29:58,748 [IPC Server handler 1 on default port 36503] INFO  server.SCMDatanodeHeartbeatDispatcher (SCMDatanodeHeartbeatDispatcher.java:dispatch(101)) - SCM received heartbeat from an unregistered datanode e7dc5bb2-1c20-468e-bb9f-5c6a91a907f2{ip: 10.1.0.98, host: fv-az50-49.grzltbmokehuzjyc5b133kdqgh.cx.internal.cloudapp.net, ports: [REPLICATION=35707, RATIS=38093, RATIS_ADMIN=38093, RATIS_SERVER=38093, STANDALONE=38481], networkLocation: /default-rack, certSerialId: null, persistedOpState: null, persistedOpStateExpiryEpochSec: 0}. Asking datanode to re-register.
2021-09-23 03:29:58,748 [IPC Server handler 2 on default port 36503] INFO  server.SCMDatanodeHeartbeatDispatcher (SCMDatanodeHeartbeatDispatcher.java:dispatch(101)) - SCM received heartbeat from an unregistered datanode 768abe3e-e5a9-4d99-a987-26001157f375{ip: 10.1.0.98, host: fv-az50-49.grzltbmokehuzjyc5b133kdqgh.cx.internal.cloudapp.net, ports: [REPLICATION=46093, RATIS=39881, RATIS_ADMIN=39881, RATIS_SERVER=39881, STANDALONE=33617], networkLocation: /default-rack, certSerialId: null, persistedOpState: null, persistedOpStateExpiryEpochSec: 0}. Asking datanode to re-register.
2021-09-23 03:29:58,758 [IPC Server handler 0 on default port 36503] INFO  server.SCMDatanodeHeartbeatDispatcher (SCMDatanodeHeartbeatDispatcher.java:dispatch(101)) - SCM received heartbeat from an unregistered datanode 768abe3e-e5a9-4d99-a987-26001157f375{ip: 10.1.0.98, host: fv-az50-49.grzltbmokehuzjyc5b133kdqgh.cx.internal.cloudapp.net, ports: [REPLICATION=46093, RATIS=39881, RATIS_ADMIN=39881, RATIS_SERVER=39881, STANDALONE=33617], networkLocation: /default-rack, certSerialId: null, persistedOpState: null, persistedOpStateExpiryEpochSec: 0}. Asking datanode to re-register.
2021-09-23 03:29:58,763 [IPC Server handler 4 on default port 36503] INFO  server.SCMDatanodeHeartbeatDispatcher (SCMDatanodeHeartbeatDispatcher.java:dispatch(101)) - SCM received heartbeat from an unregistered datanode e7dc5bb2-1c20-468e-bb9f-5c6a91a907f2{ip: 10.1.0.98, host: fv-az50-49.grzltbmokehuzjyc5b133kdqgh.cx.internal.cloudapp.net, ports: [REPLICATION=35707, RATIS=38093, RATIS_ADMIN=38093, RATIS_SERVER=38093, STANDALONE=38481], networkLocation: /default-rack, certSerialId: null, persistedOpState: null, persistedOpStateExpiryEpochSec: 0}. Asking datanode to re-register.
2021-09-23 03:29:58,771 [IPC Server handler 5 on default port 36503] INFO  server.SCMDatanodeHeartbeatDispatcher (SCMDatanodeHeartbeatDispatcher.java:dispatch(101)) - SCM received heartbeat from an unregistered datanode e7dc5bb2-1c20-468e-bb9f-5c6a91a907f2{ip: 10.1.0.98, host: fv-az50-49.grzltbmokehuzjyc5b133kdqgh.cx.internal.cloudapp.net, ports: [REPLICATION=35707, RATIS=38093, RATIS_ADMIN=38093, RATIS_SERVER=38093, STANDALONE=38481], networkLocation: /default-rack, certSerialId: null, persistedOpState: null, persistedOpStateExpiryEpochSec: 0}. Asking datanode to re-register.
2021-09-23 03:29:58,769 [IPC Server handler 3 on default port 36503] INFO  server.SCMDatanodeHeartbeatDispatcher (SCMDatanodeHeartbeatDispatcher.java:dispatch(101)) - SCM received heartbeat from an unregistered datanode 768abe3e-e5a9-4d99-a987-26001157f375{ip: 10.1.0.98, host: fv-az50-49.grzltbmokehuzjyc5b133kdqgh.cx.internal.cloudapp.net, ports: [REPLICATION=46093, RATIS=39881, RATIS_ADMIN=39881, RATIS_SERVER=39881, STANDALONE=33617], networkLocation: /default-rack, certSerialId: null, persistedOpState: null, persistedOpStateExpiryEpochSec: 0}. Asking datanode to re-register.
2021-09-23 03:29:58,795 [IPC Server handler 6 on default port 36503] INFO  server.SCMDatanodeHeartbeatDispatcher (SCMDatanodeHeartbeatDispatcher.java:dispatch(101)) - SCM received heartbeat from an unregistered datanode 768abe3e-e5a9-4d99-a987-26001157f375{ip: 10.1.0.98, host: fv-az50-49.grzltbmokehuzjyc5b133kdqgh.cx.internal.cloudapp.net, ports: [REPLICATION=46093, RATIS=39881, RATIS_ADMIN=39881, RATIS_SERVER=39881, STANDALONE=33617], networkLocation: /default-rack, certSerialId: null, persistedOpState: null, persistedOpStateExpiryEpochSec: 0}. Asking datanode to re-register.
2021-09-23 03:29:58,795 [IPC Server handler 7 on default port 36503] INFO  server.SCMDatanodeHeartbeatDispatcher (SCMDatanodeHeartbeatDispatcher.java:dispatch(101)) - SCM received heartbeat from an unregistered datanode e7dc5bb2-1c20-468e-bb9f-5c6a91a907f2{ip: 10.1.0.98, host: fv-az50-49.grzltbmokehuzjyc5b133kdqgh.cx.internal.cloudapp.net, ports: [REPLICATION=35707, RATIS=38093, RATIS_ADMIN=38093, RATIS_SERVER=38093, STANDALONE=38481], networkLocation: /default-rack, certSerialId: null, persistedOpState: null, persistedOpStateExpiryEpochSec: 0}. Asking datanode to re-register.
2021-09-23 03:29:58,796 [IPC Server handler 8 on default port 36503] INFO  server.SCMDatanodeHeartbeatDispatcher (SCMDatanodeHeartbeatDispatcher.java:dispatch(101)) - SCM received heartbeat from an unregistered datanode 768abe3e-e5a9-4d99-a987-26001157f375{ip: 10.1.0.98, host: fv-az50-49.grzltbmokehuzjyc5b133kdqgh.cx.internal.cloudapp.net, ports: [REPLICATION=46093, RATIS=39881, RATIS_ADMIN=39881, RATIS_SERVER=39881, STANDALONE=33617], networkLocation: /default-rack, certSerialId: null, persistedOpState: null, persistedOpStateExpiryEpochSec: 0}. Asking datanode to re-register.
2021-09-23 03:29:58,799 [IPC Server handler 10 on default port 36503] INFO  server.SCMDatanodeHeartbeatDispatcher (SCMDatanodeHeartbeatDispatcher.java:dispatch(101)) - SCM received heartbeat from an unregistered datanode 768abe3e-e5a9-4d99-a987-26001157f375{ip: 10.1.0.98, host: fv-az50-49.grzltbmokehuzjyc5b133kdqgh.cx.internal.cloudapp.net, ports: [REPLICATION=46093, RATIS=39881, RATIS_ADMIN=39881, RATIS_SERVER=39881, STANDALONE=33617], networkLocation: /default-rack, certSerialId: null, persistedOpState: null, persistedOpStateExpiryEpochSec: 0}. Asking datanode to re-register.
2021-09-23 03:29:58,799 [IPC Server handler 11 on default port 36503] INFO  server.SCMDatanodeHeartbeatDispatcher (SCMDatanodeHeartbeatDispatcher.java:dispatch(101)) - SCM received heartbeat from an unregistered datanode e7dc5bb2-1c20-468e-bb9f-5c6a91a907f2{ip: 10.1.0.98, host: fv-az50-49.grzltbmokehuzjyc5b133kdqgh.cx.internal.cloudapp.net, ports: [REPLICATION=35707, RATIS=38093, RATIS_ADMIN=38093, RATIS_SERVER=38093, STANDALONE=38481], networkLocation: /default-rack, certSerialId: null, persistedOpState: null, persistedOpStateExpiryEpochSec: 0}. Asking datanode to re-register.
2021-09-23 03:29:58,800 [IPC Server handler 9 on default port 36503] INFO  server.SCMDatanodeHeartbeatDispatcher (SCMDatanodeHeartbeatDispatcher.java:dispatch(101)) - SCM received heartbeat from an unregistered datanode e7dc5bb2-1c20-468e-bb9f-5c6a91a907f2{ip: 10.1.0.98, host: fv-az50-49.grzltbmokehuzjyc5b133kdqgh.cx.internal.cloudapp.net, ports: [REPLICATION=35707, RATIS=38093, RATIS_ADMIN=38093, RATIS_SERVER=38093, STANDALONE=38481], networkLocation: /default-rack, certSerialId: null, persistedOpState: null, persistedOpStateExpiryEpochSec: 0}. Asking datanode to re-register.
2021-09-23 03:29:58,801 [IPC Server handler 12 on default port 36503] INFO  server.SCMDatanodeHeartbeatDispatcher (SCMDatanodeHeartbeatDispatcher.java:dispatch(101)) - SCM received heartbeat from an unregistered datanode e7dc5bb2-1c20-468e-bb9f-5c6a91a907f2{ip: 10.1.0.98, host: fv-az50-49.grzltbmokehuzjyc5b133kdqgh.cx.internal.cloudapp.net, ports: [REPLICATION=35707, RATIS=38093, RATIS_ADMIN=38093, RATIS_SERVER=38093, STANDALONE=38481], networkLocation: /default-rack, certSerialId: null, persistedOpState: null, persistedOpStateExpiryEpochSec: 0}. Asking datanode to re-register.
2021-09-23 03:29:58,805 [IPC Server handler 13 on default port 36503] INFO  server.SCMDatanodeHeartbeatDispatcher (SCMDatanodeHeartbeatDispatcher.java:dispatch(101)) - SCM received heartbeat from an unregistered datanode e7dc5bb2-1c20-468e-bb9f-5c6a91a907f2{ip: 10.1.0.98, host: fv-az50-49.grzltbmokehuzjyc5b133kdqgh.cx.internal.cloudapp.net, ports: [REPLICATION=35707, RATIS=38093, RATIS_ADMIN=38093, RATIS_SERVER=38093, STANDALONE=38481], networkLocation: /default-rack, certSerialId: null, persistedOpState: null, persistedOpStateExpiryEpochSec: 0}. Asking datanode to re-register.
2021-09-23 03:29:58,805 [IPC Server handler 14 on default port 36503] INFO  server.SCMDatanodeHeartbeatDispatcher (SCMDatanodeHeartbeatDispatcher.java:dispatch(101)) - SCM received heartbeat from an unregistered datanode 768abe3e-e5a9-4d99-a987-26001157f375{ip: 10.1.0.98, host: fv-az50-49.grzltbmokehuzjyc5b133kdqgh.cx.internal.cloudapp.net, ports: [REPLICATION=46093, RATIS=39881, RATIS_ADMIN=39881, RATIS_SERVER=39881, STANDALONE=33617], networkLocation: /default-rack, certSerialId: null, persistedOpState: null, persistedOpStateExpiryEpochSec: 0}. Asking datanode to re-register.
2021-09-23 03:29:58,806 [IPC Server handler 16 on default port 36503] INFO  server.SCMDatanodeHeartbeatDispatcher (SCMDatanodeHeartbeatDispatcher.java:dispatch(101)) - SCM received heartbeat from an unregistered datanode 768abe3e-e5a9-4d99-a987-26001157f375{ip: 10.1.0.98, host: fv-az50-49.grzltbmokehuzjyc5b133kdqgh.cx.internal.cloudapp.net, ports: [REPLICATION=46093, RATIS=39881, RATIS_ADMIN=39881, RATIS_SERVER=39881, STANDALONE=33617], networkLocation: /default-rack, certSerialId: null, persistedOpState: null, persistedOpStateExpiryEpochSec: 0}. Asking datanode to re-register.
2021-09-23 03:29:58,807 [IPC Server handler 17 on default port 36503] INFO  server.SCMDatanodeHeartbeatDispatcher (SCMDatanodeHeartbeatDispatcher.java:dispatch(101)) - SCM received heartbeat from an unregistered datanode 768abe3e-e5a9-4d99-a987-26001157f375{ip: 10.1.0.98, host: fv-az50-49.grzltbmokehuzjyc5b133kdqgh.cx.internal.cloudapp.net, ports: [REPLICATION=46093, RATIS=39881, RATIS_ADMIN=39881, RATIS_SERVER=39881, STANDALONE=33617], networkLocation: /default-rack, certSerialId: null, persistedOpState: null, persistedOpStateExpiryEpochSec: 0}. Asking datanode to re-register.
2021-09-23 03:29:58,807 [IPC Server handler 15 on default port 36503] INFO  server.SCMDatanodeHeartbeatDispatcher (SCMDatanodeHeartbeatDispatcher.java:dispatch(101)) - SCM received heartbeat from an unregistered datanode e7dc5bb2-1c20-468e-bb9f-5c6a91a907f2{ip: 10.1.0.98, host: fv-az50-49.grzltbmokehuzjyc5b133kdqgh.cx.internal.cloudapp.net, ports: [REPLICATION=35707, RATIS=38093, RATIS_ADMIN=38093, RATIS_SERVER=38093, STANDALONE=38481], networkLocation: /default-rack, certSerialId: null, persistedOpState: null, persistedOpStateExpiryEpochSec: 0}. Asking datanode to re-register.
2021-09-23 03:29:58,808 [IPC Server handler 18 on default port 36503] INFO  server.SCMDatanodeHeartbeatDispatcher (SCMDatanodeHeartbeatDispatcher.java:dispatch(101)) - SCM received heartbeat from an unregistered datanode e7dc5bb2-1c20-468e-bb9f-5c6a91a907f2{ip: 10.1.0.98, host: fv-az50-49.grzltbmokehuzjyc5b133kdqgh.cx.internal.cloudapp.net, ports: [REPLICATION=35707, RATIS=38093, RATIS_ADMIN=38093, RATIS_SERVER=38093, STANDALONE=38481], networkLocation: /default-rack, certSerialId: null, persistedOpState: null, persistedOpStateExpiryEpochSec: 0}. Asking datanode to re-register.
2021-09-23 03:29:58,809 [IPC Server handler 19 on default port 36503] INFO  server.SCMDatanodeHeartbeatDispatcher (SCMDatanodeHeartbeatDispatcher.java:dispatch(101)) - SCM received heartbeat from an unregistered datanode e7dc5bb2-1c20-468e-bb9f-5c6a91a907f2{ip: 10.1.0.98, host: fv-az50-49.grzltbmokehuzjyc5b133kdqgh.cx.internal.cloudapp.net, ports: [REPLICATION=35707, RATIS=38093, RATIS_ADMIN=38093, RATIS_SERVER=38093, STANDALONE=38481], networkLocation: /default-rack, certSerialId: null, persistedOpState: null, persistedOpStateExpiryEpochSec: 0}. Asking datanode to re-register.
2021-09-23 03:29:58,810 [IPC Server handler 2 on default port 36503] INFO  server.SCMDatanodeHeartbeatDispatcher (SCMDatanodeHeartbeatDispatcher.java:dispatch(101)) - SCM received heartbeat from an unregistered datanode e7dc5bb2-1c20-468e-bb9f-5c6a91a907f2{ip: 10.1.0.98, host: fv-az50-49.grzltbmokehuzjyc5b133kdqgh.cx.internal.cloudapp.net, ports: [REPLICATION=35707, RATIS=38093, RATIS_ADMIN=38093, RATIS_SERVER=38093, STANDALONE=38481], networkLocation: /default-rack, certSerialId: null, persistedOpState: null, persistedOpStateExpiryEpochSec: 0}. Asking datanode to re-register.
2021-09-23 03:29:59,154 [IPC Server handler 1 on default port 36503] INFO  net.NetworkTopologyImpl (NetworkTopologyImpl.java:add(112)) - Added a new node: /default-rack/768abe3e-e5a9-4d99-a987-26001157f375
2021-09-23 03:29:59,155 [IPC Server handler 1 on default port 36503] INFO  node.SCMNodeManager (SCMNodeManager.java:register(389)) - Registered Data node : 768abe3e-e5a9-4d99-a987-26001157f375{ip: 10.1.0.98, host: fv-az50-49.grzltbmokehuzjyc5b133kdqgh.cx.internal.cloudapp.net, ports: [REPLICATION=46093, RATIS=39881, RATIS_ADMIN=39881, RATIS_SERVER=39881, STANDALONE=33617], networkLocation: /default-rack, certSerialId: null, persistedOpState: null, persistedOpStateExpiryEpochSec: 0}
2021-09-23 03:29:59,170 [EventQueue-NewNodeForNewNodeHandler] INFO  pipeline.BackgroundPipelineCreator (BackgroundPipelineCreatorV2.java:notifyEventTriggered(285)) - trigger a one-shot run on RatisPipelineUtilsThread.
2021-09-23 03:29:59,197 [EventQueue-NodeRegistrationContainerReportForDataNodeSafeModeRule] INFO  safemode.SCMSafeModeManager (DataNodeSafeModeRule.java:process(71)) - SCM in safe mode. 1 DataNodes registered, 3 required.
2021-09-23 03:29:59,206 [EventQueue-NodeRegistrationContainerReportForContainerSafeModeRule] INFO  safemode.SCMSafeModeManager (SCMSafeModeManager.java:validateSafeModeExitRules(204)) - ContainerSafeModeRule rule is successfully validated
2021-09-23 03:29:59,206 [EventQueue-PipelineReportForOneReplicaPipelineSafeModeRule] INFO  safemode.SCMSafeModeManager (OneReplicaPipelineSafeModeRule.java:process(120)) - SCM in safe mode. Pipelines with at least one datanode reported count is 1, required at least one datanode reported per pipeline count is 1
2021-09-23 03:29:59,230 [EventQueue-PipelineReportForOneReplicaPipelineSafeModeRule] INFO  safemode.SCMSafeModeManager (SCMSafeModeManager.java:validateSafeModeExitRules(204)) - AtleastOneDatanodeReportedRule rule is successfully validated
2021-09-23 03:29:59,258 [EventQueue-OpenPipelineForHealthyPipelineSafeModeRule] INFO  safemode.SCMSafeModeManager (HealthyPipelineSafeModeRule.java:process(124)) - SCM in safe mode. Healthy pipelines reported count is 0, required healthy pipeline reported count is 1
2021-09-23 03:29:59,286 [IPC Server handler 0 on default port 36503] INFO  net.NetworkTopologyImpl (NetworkTopologyImpl.java:add(112)) - Added a new node: /default-rack/e7dc5bb2-1c20-468e-bb9f-5c6a91a907f2
2021-09-23 03:29:59,286 [IPC Server handler 0 on default port 36503] INFO  node.SCMNodeManager (SCMNodeManager.java:register(389)) - Registered Data node : e7dc5bb2-1c20-468e-bb9f-5c6a91a907f2{ip: 10.1.0.98, host: fv-az50-49.grzltbmokehuzjyc5b133kdqgh.cx.internal.cloudapp.net, ports: [REPLICATION=35707, RATIS=38093, RATIS_ADMIN=38093, RATIS_SERVER=38093, STANDALONE=38481], networkLocation: /default-rack, certSerialId: null, persistedOpState: null, persistedOpStateExpiryEpochSec: 0}
2021-09-23 03:29:59,290 [EventQueue-NewNodeForNewNodeHandler] INFO  pipeline.BackgroundPipelineCreator (BackgroundPipelineCreatorV2.java:notifyEventTriggered(285)) - trigger a one-shot run on RatisPipelineUtilsThread.
2021-09-23 03:29:59,306 [EventQueue-NodeRegistrationContainerReportForDataNodeSafeModeRule] INFO  safemode.SCMSafeModeManager (DataNodeSafeModeRule.java:process(71)) - SCM in safe mode. 2 DataNodes registered, 3 required.
2021-09-23 03:29:59,306 [EventQueue-OpenPipelineForHealthyPipelineSafeModeRule] INFO  safemode.SCMSafeModeManager (HealthyPipelineSafeModeRule.java:process(124)) - SCM in safe mode. Healthy pipelines reported count is 0, required healthy pipeline reported count is 1
2021-09-23 03:29:59,348 [IPC Server handler 4 on default port 36503] INFO  net.NetworkTopologyImpl (NetworkTopologyImpl.java:add(112)) - Added a new node: /default-rack/9cd1aba0-3bef-48ca-b96c-00189f9f00e2
2021-09-23 03:29:59,348 [IPC Server handler 4 on default port 36503] INFO  node.SCMNodeManager (SCMNodeManager.java:register(389)) - Registered Data node : 9cd1aba0-3bef-48ca-b96c-00189f9f00e2{ip: 10.1.0.98, host: fv-az50-49.grzltbmokehuzjyc5b133kdqgh.cx.internal.cloudapp.net, ports: [REPLICATION=38869, RATIS=41505, RATIS_ADMIN=41505, RATIS_SERVER=41505, STANDALONE=43527], networkLocation: /default-rack, certSerialId: null, persistedOpState: IN_SERVICE, persistedOpStateExpiryEpochSec: 0}
2021-09-23 03:29:59,348 [EventQueue-NewNodeForNewNodeHandler] INFO  pipeline.BackgroundPipelineCreator (BackgroundPipelineCreatorV2.java:notifyEventTriggered(285)) - trigger a one-shot run on RatisPipelineUtilsThread.
2021-09-23 03:29:59,350 [EventQueue-NodeRegistrationContainerReportForDataNodeSafeModeRule] INFO  safemode.SCMSafeModeManager (DataNodeSafeModeRule.java:process(71)) - SCM in safe mode. 3 DataNodes registered, 3 required.
2021-09-23 03:29:59,350 [EventQueue-NodeRegistrationContainerReportForDataNodeSafeModeRule] INFO  safemode.SCMSafeModeManager (SCMSafeModeManager.java:validateSafeModeExitRules(204)) - DataNodeSafeModeRule rule is successfully validated
2021-09-23 03:29:59,351 [EventQueue-NodeRegistrationContainerReportForDataNodeSafeModeRule] INFO  safemode.SCMSafeModeManager (SCMSafeModeManager.java:completePreCheck(233)) - All SCM safe mode pre check rules have passed
2021-09-23 03:29:59,351 [EventQueue-NodeRegistrationContainerReportForDataNodeSafeModeRule] WARN  events.EventQueue (EventQueue.java:fireEvent(194)) - No event handler registered for event TypedEvent{payloadType=SafeModeStatus, name='Safe mode status'}
2021-09-23 03:29:59,351 [EventQueue-NodeRegistrationContainerReportForDataNodeSafeModeRule] INFO  ha.SCMContext (SCMContext.java:updateSafeModeStatus(205)) - Update SafeModeStatus from SafeModeStatus{safeModeStatus=true, preCheckPassed=false} to SafeModeStatus{safeModeStatus=true, preCheckPassed=true}.
2021-09-23 03:29:59,351 [EventQueue-NodeRegistrationContainerReportForDataNodeSafeModeRule] INFO  pipeline.BackgroundPipelineCreator (BackgroundPipelineCreatorV2.java:notifyEventTriggered(285)) - trigger a one-shot run on RatisPipelineUtilsThread.
2021-09-23 03:29:59,352 [EventQueue-OpenPipelineForHealthyPipelineSafeModeRule] INFO  safemode.SCMSafeModeManager (HealthyPipelineSafeModeRule.java:process(124)) - SCM in safe mode. Healthy pipelines reported count is 1, required healthy pipeline reported count is 1
2021-09-23 03:29:59,352 [EventQueue-OpenPipelineForHealthyPipelineSafeModeRule] INFO  safemode.SCMSafeModeManager (SCMSafeModeManager.java:validateSafeModeExitRules(204)) - HealthyPipelineSafeModeRule rule is successfully validated
2021-09-23 03:29:59,352 [EventQueue-OpenPipelineForHealthyPipelineSafeModeRule] INFO  safemode.SCMSafeModeManager (SCMSafeModeManager.java:validateSafeModeExitRules(219)) - ScmSafeModeManager, all rules are successfully validated
2021-09-23 03:29:59,352 [EventQueue-OpenPipelineForHealthyPipelineSafeModeRule] INFO  safemode.SCMSafeModeManager (SCMSafeModeManager.java:exitSafeMode(248)) - SCM exiting safe mode.
2021-09-23 03:29:59,352 [EventQueue-OpenPipelineForHealthyPipelineSafeModeRule] WARN  events.EventQueue (EventQueue.java:fireEvent(194)) - No event handler registered for event TypedEvent{payloadType=SafeModeStatus, name='Safe mode status'}
2021-09-23 03:29:59,352 [EventQueue-OpenPipelineForHealthyPipelineSafeModeRule] INFO  ha.SCMContext (SCMContext.java:updateSafeModeStatus(205)) - Update SafeModeStatus from SafeModeStatus{safeModeStatus=true, preCheckPassed=true} to SafeModeStatus{safeModeStatus=false, preCheckPassed=true}.
2021-09-23 03:29:59,352 [EventQueue-OpenPipelineForHealthyPipelineSafeModeRule] INFO  pipeline.BackgroundPipelineCreator (BackgroundPipelineCreatorV2.java:notifyStatusChanged(264)) - Service BackgroundPipelineCreator transitions to RUNNING.
2021-09-23 03:29:59,352 [EventQueue-OpenPipelineForHealthyPipelineSafeModeRule] INFO  container.ReplicationManager (ReplicationManager.java:notifyStatusChanged(1743)) - Service ReplicationManager transitions to RUNNING.
2021-09-23 03:29:59,358 [Listener at 0.0.0.0/36179] INFO  ozone.MiniOzoneClusterImpl (MiniOzoneClusterImpl.java:lambda$waitForClusterToBeReady$0(235)) - Nodes are ready. Got 3 of 3 DN Heartbeats.
2021-09-23 03:29:59,358 [Listener at 0.0.0.0/36179] INFO  ozone.MiniOzoneClusterImpl (MiniOzoneClusterImpl.java:lambda$waitForClusterToBeReady$0(238)) - Cluster exits safe mode
2021-09-23 03:29:59,358 [Listener at 0.0.0.0/36179] INFO  ozone.MiniOzoneClusterImpl (MiniOzoneClusterImpl.java:lambda$waitForClusterToBeReady$0(240)) - SCM became leader
2021-09-23 03:29:59,358 [Listener at 0.0.0.0/36179] INFO  ozone.MiniOzoneClusterImpl (MiniOzoneClusterImpl.java:lambda$waitForClusterToBeReady$0(235)) - Nodes are ready. Got 3 of 3 DN Heartbeats.
2021-09-23 03:29:59,358 [Listener at 0.0.0.0/36179] INFO  ozone.MiniOzoneClusterImpl (MiniOzoneClusterImpl.java:lambda$waitForClusterToBeReady$0(238)) - Cluster exits safe mode
2021-09-23 03:29:59,358 [Listener at 0.0.0.0/36179] INFO  ozone.MiniOzoneClusterImpl (MiniOzoneClusterImpl.java:lambda$waitForClusterToBeReady$0(240)) - SCM became leader
2021-09-23 03:29:59,359 [Time-limited test] INFO  ozone.MiniOzoneClusterImpl (MiniOzoneClusterImpl.java:shutdown(453)) - Shutting down the Mini Ozone Cluster
2021-09-23 03:29:59,359 [Time-limited test] INFO  ozone.MiniOzoneClusterImpl (MiniOzoneClusterImpl.java:stop(468)) - Stopping the Mini Ozone Cluster
2021-09-23 03:29:59,359 [Time-limited test] INFO  ozone.MiniOzoneClusterImpl (MiniOzoneClusterImpl.java:stopOM(550)) - Stopping the OzoneManager
2021-09-23 03:29:59,359 [Time-limited test] INFO  om.OzoneManager (OzoneManager.java:stop(1644)) - Stopping Ozone Manager
2021-09-23 03:29:59,360 [Time-limited test] INFO  ipc.Server (Server.java:stop(3414)) - Stopping server on 43673
2021-09-23 03:29:59,390 [IPC Server Responder] INFO  ipc.Server (Server.java:run(1512)) - Stopping IPC Server Responder
2021-09-23 03:29:59,391 [Time-limited test] INFO  server.RaftServer (RaftServerProxy.java:lambda$close$6(391)) - om1: close
2021-09-23 03:29:59,391 [Time-limited test] INFO  server.RaftServer$Division (RaftServerImpl.java:lambda$close$4(407)) - om1@group-C5BA1605619E: shutdown
2021-09-23 03:29:59,392 [Time-limited test] INFO  util.JmxRegister (JmxRegister.java:unregister(73)) - Successfully un-registered JMX Bean with object name Ratis:service=RaftServer,group=group-C5BA1605619E,id=om1
2021-09-23 03:29:59,392 [Time-limited test] INFO  impl.RoleInfo (RoleInfo.java:shutdownLeaderState(91)) - om1: shutdown om1@group-C5BA1605619E-LeaderStateImpl
2021-09-23 03:29:59,392 [Time-limited test] INFO  impl.PendingRequests (PendingRequests.java:sendNotLeaderResponses(282)) - om1@group-C5BA1605619E-PendingRequests: sendNotLeaderResponses
2021-09-23 03:29:59,392 [Time-limited test] INFO  impl.StateMachineUpdater (StateMachineUpdater.java:stopAndJoin(149)) - om1@group-C5BA1605619E-StateMachineUpdater: set stopIndex = 0
2021-09-23 03:29:59,393 [om1@group-C5BA1605619E-StateMachineUpdater] INFO  ratis.OzoneManagerStateMachine (OzoneManagerStateMachine.java:takeSnapshot(417)) - Current Snapshot Index (t:1, i:0)
2021-09-23 03:29:59,393 [om1@group-C5BA1605619E-StateMachineUpdater] INFO  impl.StateMachineUpdater (StateMachineUpdater.java:takeSnapshot(281)) - om1@group-C5BA1605619E-StateMachineUpdater: Took a snapshot at index 0
2021-09-23 03:29:59,393 [om1@group-C5BA1605619E-StateMachineUpdater] INFO  impl.StateMachineUpdater (StateMachineUpdater.java:lambda$new$0(89)) - om1@group-C5BA1605619E-StateMachineUpdater: snapshotIndex: updateIncreasingly -1 -> 0
2021-09-23 03:29:59,393 [om1@group-C5BA1605619E-StateMachineUpdater] INFO  ratis.OzoneManagerStateMachine (OzoneManagerStateMachine.java:close(471)) - StateMachine has shutdown. Shutdown OzoneManager if not already shutdown.
2021-09-23 03:29:59,397 [IPC Server listener on 0] INFO  ipc.Server (Server.java:run(1376)) - Stopping IPC Server listener on 0
2021-09-23 03:29:59,397 [Time-limited test] INFO  server.RaftServer$Division (ServerState.java:close(419)) - om1@group-C5BA1605619E: closes. applyIndex: 0
2021-09-23 03:29:59,410 [om1@group-C5BA1605619E-SegmentedRaftLogWorker] INFO  segmented.SegmentedRaftLogWorker (SegmentedRaftLogWorker.java:run(327)) - om1@group-C5BA1605619E-SegmentedRaftLogWorker was interrupted, exiting. There are 0 tasks remaining in the queue.
2021-09-23 03:29:59,410 [Time-limited test] INFO  segmented.SegmentedRaftLogWorker (SegmentedRaftLogWorker.java:close(237)) - om1@group-C5BA1605619E-SegmentedRaftLogWorker close()
2021-09-23 03:29:59,414 [Time-limited test] INFO  server.GrpcService (GrpcService.java:closeImpl(262)) - om1: shutdown server with port 9872 now
2021-09-23 03:29:59,417 [Time-limited test] INFO  server.GrpcService (GrpcService.java:closeImpl(271)) - om1: shutdown server with port 9872 successfully
2021-09-23 03:29:59,418 [org.apache.ratis.util.JvmPauseMonitor$$Lambda$531/1321261357@3684f4e7] INFO  util.JvmPauseMonitor (JvmPauseMonitor.java:run(109)) - JvmPauseMonitor-om1: Stopped
2021-09-23 03:29:59,418 [Time-limited test] INFO  ratis.OzoneManagerDoubleBuffer (OzoneManagerDoubleBuffer.java:stop(437)) - Stopping OMDoubleBuffer flush thread
2021-09-23 03:29:59,418 [OMDoubleBufferFlushThread] INFO  ratis.OzoneManagerDoubleBuffer (OzoneManagerDoubleBuffer.java:flushTransactions(356)) - OMDoubleBuffer flush thread OMDoubleBufferFlushThread is interrupted and will exit. OMDoubleBufferFlushThread
2021-09-23 03:29:59,418 [Time-limited test] INFO  utils.BackgroundService (BackgroundService.java:shutdown(132)) - Shutting down service KeyDeletingService
2021-09-23 03:29:59,429 [Time-limited test] INFO  handler.ContextHandler (ContextHandler.java:doStop(1153)) - Stopped o.e.j.w.WebAppContext@60bdb363{ozoneManager,/,null,STOPPED}{file:/home/runner/work/ozone/ozone/hadoop-ozone/integration-test/target/test-classes/webapps/ozoneManager}
2021-09-23 03:29:59,434 [Time-limited test] INFO  server.AbstractConnector (AbstractConnector.java:doStop(381)) - Stopped ServerConnector@1983dba6{HTTP/1.1, (http/1.1)}{0.0.0.0:0}
2021-09-23 03:29:59,435 [Time-limited test] INFO  server.session (HouseKeeper.java:stopScavenging(149)) - node0 Stopped scavenging
2021-09-23 03:29:59,435 [Time-limited test] INFO  handler.ContextHandler (ContextHandler.java:doStop(1153)) - Stopped o.e.j.s.ServletContextHandler@188da4e9{static,/static,file:///home/runner/work/ozone/ozone/hadoop-ozone/integration-test/target/test-classes/webapps/static,STOPPED}
2021-09-23 03:29:59,441 [Time-limited test] INFO  handler.ContextHandler (ContextHandler.java:doStop(1153)) - Stopped o.e.j.s.ServletContextHandler@1e8bf6c1{logs,/logs,file:///home/runner/work/ozone/ozone/hadoop-ozone/integration-test/target/log,STOPPED}
2021-09-23 03:29:59,451 [Time-limited test] INFO  ozone.MiniOzoneClusterImpl (MiniOzoneClusterImpl.java:stopDatanodes(527)) - Stopping the HddsDatanodes
2021-09-23 03:29:59,884 [grpc-default-executor-2] WARN  server.GrpcLogAppender (LogUtils.java:warn(122)) - 768abe3e-e5a9-4d99-a987-26001157f375@group-2D5EDE50C6DC->9cd1aba0-3bef-48ca-b96c-00189f9f00e2-AppendLogResponseHandler: Failed appendEntries: org.apache.ratis.thirdparty.io.grpc.StatusRuntimeException: UNAVAILABLE: io exception
2021-09-23 03:29:59,885 [grpc-default-executor-2] WARN  server.GrpcLogAppender (GrpcLogAppender.java:resetClient(111)) - 768abe3e-e5a9-4d99-a987-26001157f375@group-2D5EDE50C6DC->9cd1aba0-3bef-48ca-b96c-00189f9f00e2-GrpcLogAppender: Leader has not got in touch with Follower 768abe3e-e5a9-4d99-a987-26001157f375@group-2D5EDE50C6DC->9cd1aba0-3bef-48ca-b96c-00189f9f00e2(c0,m0,n1, attendVote=true, lastRpcSendTime=0, lastRpcResponseTime=27579) yet, just keep nextIndex unchanged and retry.
2021-09-23 03:30:02,399 [grpc-default-executor-3] INFO  ratis.XceiverServerRatis (XceiverServerRatis.java:handleLeaderChangedNotification(860)) - Leader change notification received for group: group-2D5EDE50C6DC with new leaderId: 768abe3e-e5a9-4d99-a987-26001157f375
2021-09-23 03:30:02,399 [grpc-default-executor-3] INFO  server.RaftServer$Division (ServerState.java:setLeader(285)) - 9cd1aba0-3bef-48ca-b96c-00189f9f00e2@group-2D5EDE50C6DC: change Leader from null to 768abe3e-e5a9-4d99-a987-26001157f375 at term 4 for appendEntries, leader elected after 25275ms
2021-09-23 03:30:03,473 [9cd1aba0-3bef-48ca-b96c-00189f9f00e2@group-893C6F4E4145-FollowerState] INFO  impl.FollowerState (FollowerState.java:run(134)) - 9cd1aba0-3bef-48ca-b96c-00189f9f00e2@group-893C6F4E4145-FollowerState: change to CANDIDATE, lastRpcElapsedTime:5027807349ns, electionTimeout:5015ms
2021-09-23 03:30:03,473 [9cd1aba0-3bef-48ca-b96c-00189f9f00e2@group-893C6F4E4145-FollowerState] INFO  impl.RoleInfo (RoleInfo.java:shutdownFollowerState(108)) - 9cd1aba0-3bef-48ca-b96c-00189f9f00e2: shutdown 9cd1aba0-3bef-48ca-b96c-00189f9f00e2@group-893C6F4E4145-FollowerState
2021-09-23 03:30:03,473 [9cd1aba0-3bef-48ca-b96c-00189f9f00e2@group-893C6F4E4145-FollowerState] INFO  server.RaftServer$Division (RaftServerImpl.java:setRole(285)) - 9cd1aba0-3bef-48ca-b96c-00189f9f00e2@group-893C6F4E4145: changes role from  FOLLOWER to CANDIDATE at term 1 for changeToCandidate
2021-09-23 03:30:03,473 [9cd1aba0-3bef-48ca-b96c-00189f9f00e2@group-893C6F4E4145-FollowerState] INFO  server.RaftServerConfigKeys (ConfUtils.java:logGet(44)) - raft.server.leaderelection.pre-vote = false (custom)
2021-09-23 03:30:03,473 [9cd1aba0-3bef-48ca-b96c-00189f9f00e2@group-893C6F4E4145-FollowerState] INFO  impl.RoleInfo (RoleInfo.java:updateAndGet(130)) - 9cd1aba0-3bef-48ca-b96c-00189f9f00e2: start 9cd1aba0-3bef-48ca-b96c-00189f9f00e2@group-893C6F4E4145-LeaderElection19
2021-09-23 03:30:03,505 [9cd1aba0-3bef-48ca-b96c-00189f9f00e2@group-893C6F4E4145-LeaderElection19] INFO  impl.LeaderElection (LeaderElection.java:askForVotes(306)) - 9cd1aba0-3bef-48ca-b96c-00189f9f00e2@group-893C6F4E4145-LeaderElection19 ELECTION round 0: submit vote requests at term 2 for 0: [9cd1aba0-3bef-48ca-b96c-00189f9f00e2|rpc:10.1.0.98:41505|dataStream:|priority:1], old=null
2021-09-23 03:30:03,505 [9cd1aba0-3bef-48ca-b96c-00189f9f00e2@group-893C6F4E4145-LeaderElection19] INFO  impl.LeaderElection (LeaderElection.java:askForVotes(308)) - 9cd1aba0-3bef-48ca-b96c-00189f9f00e2@group-893C6F4E4145-LeaderElection19 ELECTION round 0: result PASSED (term=2)
2021-09-23 03:30:03,505 [9cd1aba0-3bef-48ca-b96c-00189f9f00e2@group-893C6F4E4145-LeaderElection19] INFO  impl.RoleInfo (RoleInfo.java:shutdownLeaderElection(121)) - 9cd1aba0-3bef-48ca-b96c-00189f9f00e2: shutdown 9cd1aba0-3bef-48ca-b96c-00189f9f00e2@group-893C6F4E4145-LeaderElection19
2021-09-23 03:30:03,505 [9cd1aba0-3bef-48ca-b96c-00189f9f00e2@group-893C6F4E4145-LeaderElection19] INFO  server.RaftServer$Division (RaftServerImpl.java:setRole(285)) - 9cd1aba0-3bef-48ca-b96c-00189f9f00e2@group-893C6F4E4145: changes role from CANDIDATE to LEADER at term 2 for changeToLeader
2021-09-23 03:30:03,505 [9cd1aba0-3bef-48ca-b96c-00189f9f00e2@group-893C6F4E4145-LeaderElection19] INFO  ratis.XceiverServerRatis (XceiverServerRatis.java:handleLeaderChangedNotification(860)) - Leader change notification received for group: group-893C6F4E4145 with new leaderId: 9cd1aba0-3bef-48ca-b96c-00189f9f00e2
2021-09-23 03:30:03,506 [9cd1aba0-3bef-48ca-b96c-00189f9f00e2@group-893C6F4E4145-LeaderElection19] INFO  server.RaftServer$Division (ServerState.java:setLeader(285)) - 9cd1aba0-3bef-48ca-b96c-00189f9f00e2@group-893C6F4E4145: change Leader from null to 9cd1aba0-3bef-48ca-b96c-00189f9f00e2 at term 2 for becomeLeader, leader elected after 26477ms
2021-09-23 03:30:03,506 [9cd1aba0-3bef-48ca-b96c-00189f9f00e2@group-893C6F4E4145-LeaderElection19] INFO  server.RaftServerConfigKeys (ConfUtils.java:logGet(44)) - raft.server.staging.catchup.gap = 1000 (default)
2021-09-23 03:30:03,507 [9cd1aba0-3bef-48ca-b96c-00189f9f00e2@group-893C6F4E4145-LeaderElection19] INFO  server.RaftServerConfigKeys (ConfUtils.java:logGet(44)) - raft.server.write.element-limit = 1024 (custom)
2021-09-23 03:30:03,507 [9cd1aba0-3bef-48ca-b96c-00189f9f00e2@group-893C6F4E4145-LeaderElection19] INFO  server.RaftServerConfigKeys (ConfUtils.java:logGet(44)) - raft.server.write.byte-limit = 1024 M (=1073741824) (custom)
2021-09-23 03:30:03,507 [9cd1aba0-3bef-48ca-b96c-00189f9f00e2@group-893C6F4E4145-LeaderElection19] INFO  server.RaftServerConfigKeys (ConfUtils.java:logGet(44)) - raft.server.watch.timeout = 180s (custom)
2021-09-23 03:30:03,507 [9cd1aba0-3bef-48ca-b96c-00189f9f00e2@group-893C6F4E4145-LeaderElection19] INFO  server.RaftServerConfigKeys (ConfUtils.java:logGet(44)) - raft.server.watch.timeout.denomination = 1s (default)
2021-09-23 03:30:03,507 [9cd1aba0-3bef-48ca-b96c-00189f9f00e2@group-893C6F4E4145-LeaderElection19] INFO  server.RaftServerConfigKeys (ConfUtils.java:logGet(44)) - raft.server.watch.element-limit = 65536 (default)
2021-09-23 03:30:03,507 [9cd1aba0-3bef-48ca-b96c-00189f9f00e2@group-893C6F4E4145-LeaderElection19] INFO  impl.RoleInfo (RoleInfo.java:updateAndGet(130)) - 9cd1aba0-3bef-48ca-b96c-00189f9f00e2: start 9cd1aba0-3bef-48ca-b96c-00189f9f00e2@group-893C6F4E4145-LeaderStateImpl
2021-09-23 03:30:03,508 [9cd1aba0-3bef-48ca-b96c-00189f9f00e2@group-893C6F4E4145-LeaderElection19] INFO  segmented.SegmentedRaftLogWorker (SegmentedRaftLogWorker.java:rollLogSegment(399)) - 9cd1aba0-3bef-48ca-b96c-00189f9f00e2@group-893C6F4E4145-SegmentedRaftLogWorker: Rolling segment log-0_0 to index:0
2021-09-23 03:30:03,510 [9cd1aba0-3bef-48ca-b96c-00189f9f00e2@group-893C6F4E4145-LeaderElection19] INFO  server.RaftServer$Division (ServerState.java:setRaftConf(387)) - 9cd1aba0-3bef-48ca-b96c-00189f9f00e2@group-893C6F4E4145: set configuration 1: [9cd1aba0-3bef-48ca-b96c-00189f9f00e2|rpc:10.1.0.98:41505|dataStream:|priority:1], old=null
2021-09-23 03:30:03,525 [9cd1aba0-3bef-48ca-b96c-00189f9f00e2@group-893C6F4E4145-SegmentedRaftLogWorker] INFO  segmented.SegmentedRaftLogWorker (SegmentedRaftLogWorker.java:execute(558)) - 9cd1aba0-3bef-48ca-b96c-00189f9f00e2@group-893C6F4E4145-SegmentedRaftLogWorker: Rolled log segment from /home/runner/work/ozone/ozone/hadoop-ozone/integration-test/target/test-dir/MiniOzoneClusterImpl-53dd09de-9596-4e63-80fc-208f4288e982/datanode-0/data/ratis/e1bf4ab7-0b4e-4393-ae74-893c6f4e4145/current/log_inprogress_0 to /home/runner/work/ozone/ozone/hadoop-ozone/integration-test/target/test-dir/MiniOzoneClusterImpl-53dd09de-9596-4e63-80fc-208f4288e982/datanode-0/data/ratis/e1bf4ab7-0b4e-4393-ae74-893c6f4e4145/current/log_0-0
2021-09-23 03:30:03,530 [9cd1aba0-3bef-48ca-b96c-00189f9f00e2@group-893C6F4E4145-SegmentedRaftLogWorker] INFO  segmented.SegmentedRaftLogWorker (SegmentedRaftLogWorker.java:execute(601)) - 9cd1aba0-3bef-48ca-b96c-00189f9f00e2@group-893C6F4E4145-SegmentedRaftLogWorker: created new log segment /home/runner/work/ozone/ozone/hadoop-ozone/integration-test/target/test-dir/MiniOzoneClusterImpl-53dd09de-9596-4e63-80fc-208f4288e982/datanode-0/data/ratis/e1bf4ab7-0b4e-4393-ae74-893c6f4e4145/current/log_inprogress_1
2021-09-23 03:30:04,452 [ForkJoinPool.commonPool-worker-0] INFO  ozoneimpl.OzoneContainer (OzoneContainer.java:stop(325)) - Attempting to stop container services.
2021-09-23 03:30:04,452 [ForkJoinPool.commonPool-worker-0] INFO  server.RaftServer (RaftServerProxy.java:lambda$close$6(391)) - 9cd1aba0-3bef-48ca-b96c-00189f9f00e2: close
2021-09-23 03:30:04,453 [ForkJoinPool.commonPool-worker-0] INFO  server.RaftServer$Division (RaftServerImpl.java:lambda$close$4(407)) - 9cd1aba0-3bef-48ca-b96c-00189f9f00e2@group-2D5EDE50C6DC: shutdown
2021-09-23 03:30:04,453 [ForkJoinPool.commonPool-worker-0] INFO  util.JmxRegister (JmxRegister.java:unregister(73)) - Successfully un-registered JMX Bean with object name Ratis:service=RaftServer,group=group-2D5EDE50C6DC,id=9cd1aba0-3bef-48ca-b96c-00189f9f00e2
2021-09-23 03:30:04,453 [ForkJoinPool.commonPool-worker-0] INFO  impl.RoleInfo (RoleInfo.java:shutdownFollowerState(108)) - 9cd1aba0-3bef-48ca-b96c-00189f9f00e2: shutdown 9cd1aba0-3bef-48ca-b96c-00189f9f00e2@group-2D5EDE50C6DC-FollowerState
2021-09-23 03:30:04,453 [ForkJoinPool.commonPool-worker-0] INFO  impl.StateMachineUpdater (StateMachineUpdater.java:stopAndJoin(149)) - 9cd1aba0-3bef-48ca-b96c-00189f9f00e2@group-2D5EDE50C6DC-StateMachineUpdater: set stopIndex = 0
2021-09-23 03:30:04,453 [9cd1aba0-3bef-48ca-b96c-00189f9f00e2@group-2D5EDE50C6DC-FollowerState] INFO  impl.FollowerState (FollowerState.java:run(143)) - 9cd1aba0-3bef-48ca-b96c-00189f9f00e2@group-2D5EDE50C6DC-FollowerState was interrupted: {}
java.lang.InterruptedException: sleep interrupted
	at java.lang.Thread.sleep(Native Method)
	at java.lang.Thread.sleep(Thread.java:340)
	at java.util.concurrent.TimeUnit.sleep(TimeUnit.java:386)
	at org.apache.ratis.util.TimeDuration.sleep(TimeDuration.java:324)
	at org.apache.ratis.util.TimeDuration.sleep(TimeDuration.java:309)
	at org.apache.ratis.server.impl.FollowerState.run(FollowerState.java:118)
2021-09-23 03:30:04,461 [ForkJoinPool.commonPool-worker-0] INFO  server.RaftServer$Division (ServerState.java:close(419)) - 9cd1aba0-3bef-48ca-b96c-00189f9f00e2@group-2D5EDE50C6DC: closes. applyIndex: 0
2021-09-23 03:30:04,461 [9cd1aba0-3bef-48ca-b96c-00189f9f00e2@group-2D5EDE50C6DC-SegmentedRaftLogWorker] INFO  segmented.SegmentedRaftLogWorker (SegmentedRaftLogWorker.java:run(327)) - 9cd1aba0-3bef-48ca-b96c-00189f9f00e2@group-2D5EDE50C6DC-SegmentedRaftLogWorker was interrupted, exiting. There are 0 tasks remaining in the queue.
2021-09-23 03:30:04,466 [ForkJoinPool.commonPool-worker-0] INFO  segmented.SegmentedRaftLogWorker (SegmentedRaftLogWorker.java:close(237)) - 9cd1aba0-3bef-48ca-b96c-00189f9f00e2@group-2D5EDE50C6DC-SegmentedRaftLogWorker close()
2021-09-23 03:30:04,475 [ForkJoinPool.commonPool-worker-0] INFO  server.RaftServer$Division (RaftServerImpl.java:lambda$close$4(407)) - 9cd1aba0-3bef-48ca-b96c-00189f9f00e2@group-893C6F4E4145: shutdown
2021-09-23 03:30:04,475 [ForkJoinPool.commonPool-worker-0] INFO  util.JmxRegister (JmxRegister.java:unregister(73)) - Successfully un-registered JMX Bean with object name Ratis:service=RaftServer,group=group-893C6F4E4145,id=9cd1aba0-3bef-48ca-b96c-00189f9f00e2
2021-09-23 03:30:04,475 [ForkJoinPool.commonPool-worker-0] INFO  impl.RoleInfo (RoleInfo.java:shutdownLeaderState(91)) - 9cd1aba0-3bef-48ca-b96c-00189f9f00e2: shutdown 9cd1aba0-3bef-48ca-b96c-00189f9f00e2@group-893C6F4E4145-LeaderStateImpl
2021-09-23 03:30:04,475 [ForkJoinPool.commonPool-worker-0] INFO  impl.PendingRequests (PendingRequests.java:sendNotLeaderResponses(282)) - 9cd1aba0-3bef-48ca-b96c-00189f9f00e2@group-893C6F4E4145-PendingRequests: sendNotLeaderResponses
2021-09-23 03:30:04,480 [ForkJoinPool.commonPool-worker-0] INFO  impl.StateMachineUpdater (StateMachineUpdater.java:stopAndJoin(149)) - 9cd1aba0-3bef-48ca-b96c-00189f9f00e2@group-893C6F4E4145-StateMachineUpdater: set stopIndex = 2
2021-09-23 03:30:04,480 [9cd1aba0-3bef-48ca-b96c-00189f9f00e2@group-893C6F4E4145-StateMachineUpdater] INFO  ratis.ContainerStateMachine (ContainerStateMachine.java:takeSnapshot(292)) - group-893C6F4E4145: Taking a snapshot at:(t:2, i:2) file /home/runner/work/ozone/ozone/hadoop-ozone/integration-test/target/test-dir/MiniOzoneClusterImpl-53dd09de-9596-4e63-80fc-208f4288e982/datanode-0/data/ratis/e1bf4ab7-0b4e-4393-ae74-893c6f4e4145/sm/snapshot.2_2
2021-09-23 03:30:04,481 [9cd1aba0-3bef-48ca-b96c-00189f9f00e2@group-893C6F4E4145-StateMachineUpdater] INFO  ratis.ContainerStateMachine (ContainerStateMachine.java:takeSnapshot(303)) - group-893C6F4E4145: Finished taking a snapshot at:(t:2, i:2) file:/home/runner/work/ozone/ozone/hadoop-ozone/integration-test/target/test-dir/MiniOzoneClusterImpl-53dd09de-9596-4e63-80fc-208f4288e982/datanode-0/data/ratis/e1bf4ab7-0b4e-4393-ae74-893c6f4e4145/sm/snapshot.2_2 took: 1 ms
2021-09-23 03:30:04,481 [9cd1aba0-3bef-48ca-b96c-00189f9f00e2@group-893C6F4E4145-StateMachineUpdater] INFO  impl.StateMachineUpdater (StateMachineUpdater.java:takeSnapshot(281)) - 9cd1aba0-3bef-48ca-b96c-00189f9f00e2@group-893C6F4E4145-StateMachineUpdater: Took a snapshot at index 2
2021-09-23 03:30:04,481 [9cd1aba0-3bef-48ca-b96c-00189f9f00e2@group-893C6F4E4145-StateMachineUpdater] INFO  impl.StateMachineUpdater (StateMachineUpdater.java:lambda$new$0(89)) - 9cd1aba0-3bef-48ca-b96c-00189f9f00e2@group-893C6F4E4145-StateMachineUpdater: snapshotIndex: updateIncreasingly 0 -> 2
2021-09-23 03:30:04,482 [ForkJoinPool.commonPool-worker-0] INFO  server.RaftServer$Division (ServerState.java:close(419)) - 9cd1aba0-3bef-48ca-b96c-00189f9f00e2@group-893C6F4E4145: closes. applyIndex: 2
2021-09-23 03:30:04,482 [9cd1aba0-3bef-48ca-b96c-00189f9f00e2@group-893C6F4E4145-SegmentedRaftLogWorker] INFO  segmented.SegmentedRaftLogWorker (SegmentedRaftLogWorker.java:run(327)) - 9cd1aba0-3bef-48ca-b96c-00189f9f00e2@group-893C6F4E4145-SegmentedRaftLogWorker was interrupted, exiting. There are 0 tasks remaining in the queue.
2021-09-23 03:30:04,482 [ForkJoinPool.commonPool-worker-0] INFO  segmented.SegmentedRaftLogWorker (SegmentedRaftLogWorker.java:close(237)) - 9cd1aba0-3bef-48ca-b96c-00189f9f00e2@group-893C6F4E4145-SegmentedRaftLogWorker close()
2021-09-23 03:30:04,483 [ForkJoinPool.commonPool-worker-0] INFO  server.GrpcService (GrpcService.java:closeImpl(262)) - 9cd1aba0-3bef-48ca-b96c-00189f9f00e2: shutdown server with port 41505 now
2021-09-23 03:30:04,485 [grpc-default-executor-2] WARN  server.GrpcServerProtocolService (LogUtils.java:warn(122)) - 9cd1aba0-3bef-48ca-b96c-00189f9f00e2: installSnapshot onError, lastRequest: null: org.apache.ratis.thirdparty.io.grpc.StatusRuntimeException: CANCELLED: client cancelled
2021-09-23 03:30:04,494 [ForkJoinPool.commonPool-worker-0] INFO  server.GrpcService (GrpcService.java:closeImpl(271)) - 9cd1aba0-3bef-48ca-b96c-00189f9f00e2: shutdown server with port 41505 successfully
2021-09-23 03:30:04,494 [Time-limited test] INFO  ozoneimpl.OzoneContainer (OzoneContainer.java:stop(325)) - Attempting to stop container services.
2021-09-23 03:30:04,494 [org.apache.ratis.util.JvmPauseMonitor$$Lambda$531/1321261357@3525e8a6] INFO  util.JvmPauseMonitor (JvmPauseMonitor.java:run(109)) - JvmPauseMonitor-9cd1aba0-3bef-48ca-b96c-00189f9f00e2: Stopped
2021-09-23 03:30:04,495 [grpc-default-executor-2] WARN  server.GrpcLogAppender (LogUtils.java:warn(122)) - 768abe3e-e5a9-4d99-a987-26001157f375@group-2D5EDE50C6DC->9cd1aba0-3bef-48ca-b96c-00189f9f00e2-AppendLogResponseHandler: Failed appendEntries: org.apache.ratis.thirdparty.io.grpc.StatusRuntimeException: CANCELLED: HTTP/2 error code: CANCEL
Received Rst Stream
2021-09-23 03:30:04,495 [grpc-default-executor-2] WARN  server.GrpcLogAppender (GrpcLogAppender.java:resetClient(111)) - 768abe3e-e5a9-4d99-a987-26001157f375@group-2D5EDE50C6DC->9cd1aba0-3bef-48ca-b96c-00189f9f00e2-GrpcLogAppender: Leader has not got in touch with Follower 768abe3e-e5a9-4d99-a987-26001157f375@group-2D5EDE50C6DC->9cd1aba0-3bef-48ca-b96c-00189f9f00e2(c0,m0,n1, attendVote=true, lastRpcSendTime=2100, lastRpcResponseTime=2070) yet, just keep nextIndex unchanged and retry.
2021-09-23 03:30:04,495 [Time-limited test] INFO  server.RaftServer (RaftServerProxy.java:lambda$close$6(391)) - 768abe3e-e5a9-4d99-a987-26001157f375: close
2021-09-23 03:30:04,495 [Time-limited test] INFO  server.RaftServer$Division (RaftServerImpl.java:lambda$close$4(407)) - 768abe3e-e5a9-4d99-a987-26001157f375@group-2D5EDE50C6DC: shutdown
2021-09-23 03:30:04,495 [Time-limited test] INFO  util.JmxRegister (JmxRegister.java:unregister(73)) - Successfully un-registered JMX Bean with object name Ratis:service=RaftServer,group=group-2D5EDE50C6DC,id=768abe3e-e5a9-4d99-a987-26001157f375
2021-09-23 03:30:04,495 [Time-limited test] INFO  impl.RoleInfo (RoleInfo.java:shutdownLeaderState(91)) - 768abe3e-e5a9-4d99-a987-26001157f375: shutdown 768abe3e-e5a9-4d99-a987-26001157f375@group-2D5EDE50C6DC-LeaderStateImpl
2021-09-23 03:30:04,495 [Time-limited test] INFO  impl.PendingRequests (PendingRequests.java:sendNotLeaderResponses(282)) - 768abe3e-e5a9-4d99-a987-26001157f375@group-2D5EDE50C6DC-PendingRequests: sendNotLeaderResponses
2021-09-23 03:30:04,496 [Time-limited test] INFO  impl.StateMachineUpdater (StateMachineUpdater.java:stopAndJoin(149)) - 768abe3e-e5a9-4d99-a987-26001157f375@group-2D5EDE50C6DC-StateMachineUpdater: set stopIndex = 0
2021-09-23 03:30:04,496 [768abe3e-e5a9-4d99-a987-26001157f375@group-2D5EDE50C6DC-StateMachineUpdater] INFO  ratis.ContainerStateMachine (ContainerStateMachine.java:takeSnapshot(292)) - group-2D5EDE50C6DC: Taking a snapshot at:(t:4, i:0) file /home/runner/work/ozone/ozone/hadoop-ozone/integration-test/target/test-dir/MiniOzoneClusterImpl-53dd09de-9596-4e63-80fc-208f4288e982/datanode-1/data/ratis/7eba5817-37da-440e-a4b8-2d5ede50c6dc/sm/snapshot.4_0
2021-09-23 03:30:04,497 [768abe3e-e5a9-4d99-a987-26001157f375@group-2D5EDE50C6DC->e7dc5bb2-1c20-468e-bb9f-5c6a91a907f2-GrpcLogAppender-LogAppenderDaemon] WARN  server.GrpcLogAppender (GrpcLogAppender.java:mayWait(175)) - 768abe3e-e5a9-4d99-a987-26001157f375@group-2D5EDE50C6DC->e7dc5bb2-1c20-468e-bb9f-5c6a91a907f2-GrpcLogAppender: Wait interrupted by java.lang.InterruptedException
2021-09-23 03:30:04,497 [768abe3e-e5a9-4d99-a987-26001157f375@group-2D5EDE50C6DC->9cd1aba0-3bef-48ca-b96c-00189f9f00e2-GrpcLogAppender-LogAppenderDaemon] WARN  server.GrpcLogAppender (GrpcLogAppender.java:mayWait(175)) - 768abe3e-e5a9-4d99-a987-26001157f375@group-2D5EDE50C6DC->9cd1aba0-3bef-48ca-b96c-00189f9f00e2-GrpcLogAppender: Wait interrupted by java.lang.InterruptedException
2021-09-23 03:30:04,497 [768abe3e-e5a9-4d99-a987-26001157f375@group-2D5EDE50C6DC-StateMachineUpdater] INFO  ratis.ContainerStateMachine (ContainerStateMachine.java:takeSnapshot(303)) - group-2D5EDE50C6DC: Finished taking a snapshot at:(t:4, i:0) file:/home/runner/work/ozone/ozone/hadoop-ozone/integration-test/target/test-dir/MiniOzoneClusterImpl-53dd09de-9596-4e63-80fc-208f4288e982/datanode-1/data/ratis/7eba5817-37da-440e-a4b8-2d5ede50c6dc/sm/snapshot.4_0 took: 1 ms
2021-09-23 03:30:04,497 [grpc-default-executor-2] INFO  server.GrpcServerProtocolService (GrpcServerProtocolService.java:onCompleted(140)) - e7dc5bb2-1c20-468e-bb9f-5c6a91a907f2: Completed APPEND_ENTRIES, lastRequest: 768abe3e-e5a9-4d99-a987-26001157f375->e7dc5bb2-1c20-468e-bb9f-5c6a91a907f2#1-t4,previous=(t:0, i:0),leaderCommit=0,initializing? true,entries: size=1, first=(t:4, i:0), CONFIGURATIONENTRY
2021-09-23 03:30:04,497 [768abe3e-e5a9-4d99-a987-26001157f375@group-2D5EDE50C6DC-StateMachineUpdater] INFO  impl.StateMachineUpdater (StateMachineUpdater.java:takeSnapshot(281)) - 768abe3e-e5a9-4d99-a987-26001157f375@group-2D5EDE50C6DC-StateMachineUpdater: Took a snapshot at index 0
2021-09-23 03:30:04,497 [768abe3e-e5a9-4d99-a987-26001157f375@group-2D5EDE50C6DC-StateMachineUpdater] INFO  impl.StateMachineUpdater (StateMachineUpdater.java:lambda$new$0(89)) - 768abe3e-e5a9-4d99-a987-26001157f375@group-2D5EDE50C6DC-StateMachineUpdater: snapshotIndex: updateIncreasingly -1 -> 0
2021-09-23 03:30:04,498 [Time-limited test] INFO  server.RaftServer$Division (ServerState.java:close(419)) - 768abe3e-e5a9-4d99-a987-26001157f375@group-2D5EDE50C6DC: closes. applyIndex: 0
2021-09-23 03:30:04,498 [768abe3e-e5a9-4d99-a987-26001157f375@group-2D5EDE50C6DC-SegmentedRaftLogWorker] INFO  segmented.SegmentedRaftLogWorker (SegmentedRaftLogWorker.java:run(327)) - 768abe3e-e5a9-4d99-a987-26001157f375@group-2D5EDE50C6DC-SegmentedRaftLogWorker was interrupted, exiting. There are 0 tasks remaining in the queue.
2021-09-23 03:30:04,498 [grpc-default-executor-3] INFO  server.GrpcLogAppender (GrpcLogAppender.java:onCompleted(344)) - 768abe3e-e5a9-4d99-a987-26001157f375@group-2D5EDE50C6DC->e7dc5bb2-1c20-468e-bb9f-5c6a91a907f2-AppendLogResponseHandler: follower responses appendEntries COMPLETED
2021-09-23 03:30:04,498 [Time-limited test] INFO  segmented.SegmentedRaftLogWorker (SegmentedRaftLogWorker.java:close(237)) - 768abe3e-e5a9-4d99-a987-26001157f375@group-2D5EDE50C6DC-SegmentedRaftLogWorker close()
2021-09-23 03:30:04,498 [grpc-default-executor-3] INFO  leader.FollowerInfo (FollowerInfoImpl.java:lambda$new$0(46)) - 768abe3e-e5a9-4d99-a987-26001157f375@group-2D5EDE50C6DC->e7dc5bb2-1c20-468e-bb9f-5c6a91a907f2: nextIndex: updateUnconditionally 1 -> 0
2021-09-23 03:30:04,526 [Time-limited test] INFO  server.RaftServer$Division (RaftServerImpl.java:lambda$close$4(407)) - 768abe3e-e5a9-4d99-a987-26001157f375@group-D09FB9A7B916: shutdown
2021-09-23 03:30:04,526 [Time-limited test] INFO  util.JmxRegister (JmxRegister.java:unregister(73)) - Successfully un-registered JMX Bean with object name Ratis:service=RaftServer,group=group-D09FB9A7B916,id=768abe3e-e5a9-4d99-a987-26001157f375
2021-09-23 03:30:04,526 [Time-limited test] INFO  impl.RoleInfo (RoleInfo.java:shutdownLeaderState(91)) - 768abe3e-e5a9-4d99-a987-26001157f375: shutdown 768abe3e-e5a9-4d99-a987-26001157f375@group-D09FB9A7B916-LeaderStateImpl
2021-09-23 03:30:04,526 [Time-limited test] INFO  impl.PendingRequests (PendingRequests.java:sendNotLeaderResponses(282)) - 768abe3e-e5a9-4d99-a987-26001157f375@group-D09FB9A7B916-PendingRequests: sendNotLeaderResponses
2021-09-23 03:30:04,527 [Time-limited test] INFO  impl.StateMachineUpdater (StateMachineUpdater.java:stopAndJoin(149)) - 768abe3e-e5a9-4d99-a987-26001157f375@group-D09FB9A7B916-StateMachineUpdater: set stopIndex = 0
2021-09-23 03:30:04,530 [768abe3e-e5a9-4d99-a987-26001157f375@group-D09FB9A7B916-StateMachineUpdater] INFO  ratis.ContainerStateMachine (ContainerStateMachine.java:takeSnapshot(292)) - group-D09FB9A7B916: Taking a snapshot at:(t:1, i:0) file /home/runner/work/ozone/ozone/hadoop-ozone/integration-test/target/test-dir/MiniOzoneClusterImpl-53dd09de-9596-4e63-80fc-208f4288e982/datanode-1/data/ratis/739077f9-6383-419b-9eb4-d09fb9a7b916/sm/snapshot.1_0
2021-09-23 03:30:04,538 [ForkJoinPool.commonPool-worker-0] INFO  utils.BackgroundService (BackgroundService.java:shutdown(132)) - Shutting down service BlockDeletingService
2021-09-23 03:30:04,538 [768abe3e-e5a9-4d99-a987-26001157f375@group-D09FB9A7B916-StateMachineUpdater] INFO  ratis.ContainerStateMachine (ContainerStateMachine.java:takeSnapshot(303)) - group-D09FB9A7B916: Finished taking a snapshot at:(t:1, i:0) file:/home/runner/work/ozone/ozone/hadoop-ozone/integration-test/target/test-dir/MiniOzoneClusterImpl-53dd09de-9596-4e63-80fc-208f4288e982/datanode-1/data/ratis/739077f9-6383-419b-9eb4-d09fb9a7b916/sm/snapshot.1_0 took: 8 ms
2021-09-23 03:30:04,538 [768abe3e-e5a9-4d99-a987-26001157f375@group-D09FB9A7B916-StateMachineUpdater] INFO  impl.StateMachineUpdater (StateMachineUpdater.java:takeSnapshot(281)) - 768abe3e-e5a9-4d99-a987-26001157f375@group-D09FB9A7B916-StateMachineUpdater: Took a snapshot at index 0
2021-09-23 03:30:04,539 [768abe3e-e5a9-4d99-a987-26001157f375@group-D09FB9A7B916-StateMachineUpdater] INFO  impl.StateMachineUpdater (StateMachineUpdater.java:lambda$new$0(89)) - 768abe3e-e5a9-4d99-a987-26001157f375@group-D09FB9A7B916-StateMachineUpdater: snapshotIndex: updateIncreasingly -1 -> 0
2021-09-23 03:30:04,539 [Time-limited test] INFO  server.RaftServer$Division (ServerState.java:close(419)) - 768abe3e-e5a9-4d99-a987-26001157f375@group-D09FB9A7B916: closes. applyIndex: 0
2021-09-23 03:30:04,539 [768abe3e-e5a9-4d99-a987-26001157f375@group-D09FB9A7B916-SegmentedRaftLogWorker] INFO  segmented.SegmentedRaftLogWorker (SegmentedRaftLogWorker.java:run(327)) - 768abe3e-e5a9-4d99-a987-26001157f375@group-D09FB9A7B916-SegmentedRaftLogWorker was interrupted, exiting. There are 0 tasks remaining in the queue.
2021-09-23 03:30:04,539 [Time-limited test] INFO  segmented.SegmentedRaftLogWorker (SegmentedRaftLogWorker.java:close(237)) - 768abe3e-e5a9-4d99-a987-26001157f375@group-D09FB9A7B916-SegmentedRaftLogWorker close()
2021-09-23 03:30:04,540 [Time-limited test] INFO  server.GrpcService (GrpcService.java:closeImpl(262)) - 768abe3e-e5a9-4d99-a987-26001157f375: shutdown server with port 39881 now
2021-09-23 03:30:04,553 [Time-limited test] INFO  server.GrpcService (GrpcService.java:closeImpl(271)) - 768abe3e-e5a9-4d99-a987-26001157f375: shutdown server with port 39881 successfully
2021-09-23 03:30:04,554 [org.apache.ratis.util.JvmPauseMonitor$$Lambda$531/1321261357@15f04933] INFO  util.JvmPauseMonitor (JvmPauseMonitor.java:run(109)) - JvmPauseMonitor-768abe3e-e5a9-4d99-a987-26001157f375: Stopped
2021-09-23 03:30:04,582 [Time-limited test] INFO  utils.BackgroundService (BackgroundService.java:shutdown(132)) - Shutting down service BlockDeletingService
2021-09-23 03:30:07,550 [ForkJoinPool.commonPool-worker-0] INFO  statemachine.DatanodeStateMachine (DatanodeStateMachine.java:stopDaemon(515)) - Ozone container server stopped.
2021-09-23 03:30:07,553 [ForkJoinPool.commonPool-worker-0] INFO  handler.ContextHandler (ContextHandler.java:doStop(1153)) - Stopped o.e.j.w.WebAppContext@5deec7b{hddsDatanode,/,null,STOPPED}{jar:file:/home/runner/.m2/repository/org/apache/ozone/hdds-container-service/1.2.0-SNAPSHOT/hdds-container-service-1.2.0-SNAPSHOT.jar!/webapps/hddsDatanode}
2021-09-23 03:30:07,554 [ForkJoinPool.commonPool-worker-0] INFO  server.AbstractConnector (AbstractConnector.java:doStop(381)) - Stopped ServerConnector@30a7b1c{HTTP/1.1, (http/1.1)}{0.0.0.0:45359}
2021-09-23 03:30:07,554 [ForkJoinPool.commonPool-worker-0] INFO  server.session (HouseKeeper.java:stopScavenging(149)) - node0 Stopped scavenging
2021-09-23 03:30:07,558 [ForkJoinPool.commonPool-worker-0] INFO  handler.ContextHandler (ContextHandler.java:doStop(1153)) - Stopped o.e.j.s.ServletContextHandler@1e47307{static,/static,jar:file:/home/runner/.m2/repository/org/apache/ozone/hdds-container-service/1.2.0-SNAPSHOT/hdds-container-service-1.2.0-SNAPSHOT.jar!/webapps/static,STOPPED}
2021-09-23 03:30:07,559 [ForkJoinPool.commonPool-worker-0] INFO  handler.ContextHandler (ContextHandler.java:doStop(1153)) - Stopped o.e.j.s.ServletContextHandler@204d7724{logs,/logs,file:///home/runner/work/ozone/ozone/hadoop-ozone/integration-test/target/log,STOPPED}
2021-09-23 03:30:07,604 [Time-limited test] INFO  statemachine.DatanodeStateMachine (DatanodeStateMachine.java:stopDaemon(515)) - Ozone container server stopped.
2021-09-23 03:30:07,615 [Time-limited test] INFO  handler.ContextHandler (ContextHandler.java:doStop(1153)) - Stopped o.e.j.w.WebAppContext@3ee0b179{hddsDatanode,/,null,STOPPED}{jar:file:/home/runner/.m2/repository/org/apache/ozone/hdds-container-service/1.2.0-SNAPSHOT/hdds-container-service-1.2.0-SNAPSHOT.jar!/webapps/hddsDatanode}
2021-09-23 03:30:07,618 [Time-limited test] INFO  server.AbstractConnector (AbstractConnector.java:doStop(381)) - Stopped ServerConnector@b0ac445{HTTP/1.1, (http/1.1)}{0.0.0.0:0}
2021-09-23 03:30:07,618 [Time-limited test] INFO  server.session (HouseKeeper.java:stopScavenging(149)) - node0 Stopped scavenging
2021-09-23 03:30:07,619 [Time-limited test] INFO  handler.ContextHandler (ContextHandler.java:doStop(1153)) - Stopped o.e.j.s.ServletContextHandler@674882e{static,/static,jar:file:/home/runner/.m2/repository/org/apache/ozone/hdds-container-service/1.2.0-SNAPSHOT/hdds-container-service-1.2.0-SNAPSHOT.jar!/webapps/static,STOPPED}
2021-09-23 03:30:07,619 [Time-limited test] INFO  handler.ContextHandler (ContextHandler.java:doStop(1153)) - Stopped o.e.j.s.ServletContextHandler@286943d7{logs,/logs,file:///home/runner/work/ozone/ozone/hadoop-ozone/integration-test/target/log,STOPPED}
2021-09-23 03:30:07,905 [e7dc5bb2-1c20-468e-bb9f-5c6a91a907f2@group-2D5EDE50C6DC-FollowerState] INFO  impl.FollowerState (FollowerState.java:run(134)) - e7dc5bb2-1c20-468e-bb9f-5c6a91a907f2@group-2D5EDE50C6DC-FollowerState: change to CANDIDATE, lastRpcElapsedTime:5391746748ns, electionTimeout:5109ms
2021-09-23 03:30:07,906 [e7dc5bb2-1c20-468e-bb9f-5c6a91a907f2@group-2D5EDE50C6DC-FollowerState] INFO  impl.RoleInfo (RoleInfo.java:shutdownFollowerState(108)) - e7dc5bb2-1c20-468e-bb9f-5c6a91a907f2: shutdown e7dc5bb2-1c20-468e-bb9f-5c6a91a907f2@group-2D5EDE50C6DC-FollowerState
2021-09-23 03:30:07,906 [e7dc5bb2-1c20-468e-bb9f-5c6a91a907f2@group-2D5EDE50C6DC-FollowerState] INFO  server.RaftServer$Division (RaftServerImpl.java:setRole(285)) - e7dc5bb2-1c20-468e-bb9f-5c6a91a907f2@group-2D5EDE50C6DC: changes role from  FOLLOWER to CANDIDATE at term 4 for changeToCandidate
2021-09-23 03:30:07,906 [e7dc5bb2-1c20-468e-bb9f-5c6a91a907f2@group-2D5EDE50C6DC-FollowerState] INFO  server.RaftServerConfigKeys (ConfUtils.java:logGet(44)) - raft.server.leaderelection.pre-vote = false (custom)
2021-09-23 03:30:07,906 [e7dc5bb2-1c20-468e-bb9f-5c6a91a907f2@group-2D5EDE50C6DC-FollowerState] INFO  impl.RoleInfo (RoleInfo.java:updateAndGet(130)) - e7dc5bb2-1c20-468e-bb9f-5c6a91a907f2: start e7dc5bb2-1c20-468e-bb9f-5c6a91a907f2@group-2D5EDE50C6DC-LeaderElection20
2021-09-23 03:30:07,938 [e7dc5bb2-1c20-468e-bb9f-5c6a91a907f2@group-2D5EDE50C6DC-LeaderElection20] INFO  server.RaftServer$Division (ServerState.java:setLeader(285)) - e7dc5bb2-1c20-468e-bb9f-5c6a91a907f2@group-2D5EDE50C6DC: change Leader from 768abe3e-e5a9-4d99-a987-26001157f375 to null at term 4 for ELECTION
2021-09-23 03:30:07,943 [e7dc5bb2-1c20-468e-bb9f-5c6a91a907f2@group-2D5EDE50C6DC-LeaderElection20] INFO  impl.LeaderElection (LeaderElection.java:askForVotes(306)) - e7dc5bb2-1c20-468e-bb9f-5c6a91a907f2@group-2D5EDE50C6DC-LeaderElection20 ELECTION round 0: submit vote requests at term 5 for 0: [e7dc5bb2-1c20-468e-bb9f-5c6a91a907f2|rpc:10.1.0.98:38093|dataStream:|priority:0, 9cd1aba0-3bef-48ca-b96c-00189f9f00e2|rpc:10.1.0.98:41505|dataStream:|priority:0, 768abe3e-e5a9-4d99-a987-26001157f375|rpc:10.1.0.98:39881|dataStream:|priority:1], old=null
2021-09-23 03:30:07,970 [e7dc5bb2-1c20-468e-bb9f-5c6a91a907f2@group-2D5EDE50C6DC-LeaderElection20] INFO  impl.LeaderElection (LogUtils.java:infoOrTrace(137)) - e7dc5bb2-1c20-468e-bb9f-5c6a91a907f2@group-2D5EDE50C6DC-LeaderElection20 got exception when requesting votes: java.util.concurrent.ExecutionException: org.apache.ratis.thirdparty.io.grpc.StatusRuntimeException: UNAVAILABLE: io exception
2021-09-23 03:30:07,973 [e7dc5bb2-1c20-468e-bb9f-5c6a91a907f2@group-2D5EDE50C6DC-LeaderElection20] INFO  impl.LeaderElection (LogUtils.java:infoOrTrace(137)) - e7dc5bb2-1c20-468e-bb9f-5c6a91a907f2@group-2D5EDE50C6DC-LeaderElection20 got exception when requesting votes: java.util.concurrent.ExecutionException: org.apache.ratis.thirdparty.io.grpc.StatusRuntimeException: UNAVAILABLE: io exception
2021-09-23 03:30:07,973 [e7dc5bb2-1c20-468e-bb9f-5c6a91a907f2@group-2D5EDE50C6DC-LeaderElection20] INFO  impl.LeaderElection (LeaderElection.java:logAndReturn(89)) - e7dc5bb2-1c20-468e-bb9f-5c6a91a907f2@group-2D5EDE50C6DC-LeaderElection20: ELECTION REJECTED received 0 response(s) and 2 exception(s):
2021-09-23 03:30:07,973 [e7dc5bb2-1c20-468e-bb9f-5c6a91a907f2@group-2D5EDE50C6DC-LeaderElection20] INFO  impl.LeaderElection (LogUtils.java:infoOrTrace(137)) -   Exception 0: java.util.concurrent.ExecutionException: org.apache.ratis.thirdparty.io.grpc.StatusRuntimeException: UNAVAILABLE: io exception
2021-09-23 03:30:07,973 [e7dc5bb2-1c20-468e-bb9f-5c6a91a907f2@group-2D5EDE50C6DC-LeaderElection20] INFO  impl.LeaderElection (LogUtils.java:infoOrTrace(137)) -   Exception 1: java.util.concurrent.ExecutionException: org.apache.ratis.thirdparty.io.grpc.StatusRuntimeException: UNAVAILABLE: io exception
2021-09-23 03:30:07,973 [e7dc5bb2-1c20-468e-bb9f-5c6a91a907f2@group-2D5EDE50C6DC-LeaderElection20] INFO  impl.LeaderElection (LeaderElection.java:askForVotes(308)) - e7dc5bb2-1c20-468e-bb9f-5c6a91a907f2@group-2D5EDE50C6DC-LeaderElection20 ELECTION round 0: result REJECTED
2021-09-23 03:30:07,973 [e7dc5bb2-1c20-468e-bb9f-5c6a91a907f2@group-2D5EDE50C6DC-LeaderElection20] INFO  server.RaftServer$Division (RaftServerImpl.java:setRole(285)) - e7dc5bb2-1c20-468e-bb9f-5c6a91a907f2@group-2D5EDE50C6DC: changes role from CANDIDATE to FOLLOWER at term 5 for REJECTED
2021-09-23 03:30:07,973 [e7dc5bb2-1c20-468e-bb9f-5c6a91a907f2@group-2D5EDE50C6DC-LeaderElection20] INFO  impl.RoleInfo (RoleInfo.java:shutdownLeaderElection(121)) - e7dc5bb2-1c20-468e-bb9f-5c6a91a907f2: shutdown e7dc5bb2-1c20-468e-bb9f-5c6a91a907f2@group-2D5EDE50C6DC-LeaderElection20
2021-09-23 03:30:07,973 [e7dc5bb2-1c20-468e-bb9f-5c6a91a907f2@group-2D5EDE50C6DC-LeaderElection20] INFO  impl.RoleInfo (RoleInfo.java:updateAndGet(130)) - e7dc5bb2-1c20-468e-bb9f-5c6a91a907f2: start e7dc5bb2-1c20-468e-bb9f-5c6a91a907f2@group-2D5EDE50C6DC-FollowerState
2021-09-23 03:30:12,563 [ForkJoinPool.commonPool-worker-0] INFO  ozoneimpl.OzoneContainer (OzoneContainer.java:stop(325)) - Attempting to stop container services.
2021-09-23 03:30:12,564 [ForkJoinPool.commonPool-worker-0] INFO  server.RaftServer (RaftServerProxy.java:lambda$close$6(391)) - e7dc5bb2-1c20-468e-bb9f-5c6a91a907f2: close
2021-09-23 03:30:12,564 [ForkJoinPool.commonPool-worker-0] INFO  server.RaftServer$Division (RaftServerImpl.java:lambda$close$4(407)) - e7dc5bb2-1c20-468e-bb9f-5c6a91a907f2@group-889E418F68CA: shutdown
2021-09-23 03:30:12,564 [ForkJoinPool.commonPool-worker-0] INFO  util.JmxRegister (JmxRegister.java:unregister(73)) - Successfully un-registered JMX Bean with object name Ratis:service=RaftServer,group=group-889E418F68CA,id=e7dc5bb2-1c20-468e-bb9f-5c6a91a907f2
2021-09-23 03:30:12,564 [ForkJoinPool.commonPool-worker-0] INFO  impl.RoleInfo (RoleInfo.java:shutdownLeaderState(91)) - e7dc5bb2-1c20-468e-bb9f-5c6a91a907f2: shutdown e7dc5bb2-1c20-468e-bb9f-5c6a91a907f2@group-889E418F68CA-LeaderStateImpl
2021-09-23 03:30:12,565 [ForkJoinPool.commonPool-worker-0] INFO  impl.PendingRequests (PendingRequests.java:sendNotLeaderResponses(282)) - e7dc5bb2-1c20-468e-bb9f-5c6a91a907f2@group-889E418F68CA-PendingRequests: sendNotLeaderResponses
2021-09-23 03:30:12,565 [ForkJoinPool.commonPool-worker-0] INFO  impl.StateMachineUpdater (StateMachineUpdater.java:stopAndJoin(149)) - e7dc5bb2-1c20-468e-bb9f-5c6a91a907f2@group-889E418F68CA-StateMachineUpdater: set stopIndex = 0
2021-09-23 03:30:12,565 [e7dc5bb2-1c20-468e-bb9f-5c6a91a907f2@group-889E418F68CA-StateMachineUpdater] INFO  ratis.ContainerStateMachine (ContainerStateMachine.java:takeSnapshot(292)) - group-889E418F68CA: Taking a snapshot at:(t:1, i:0) file /home/runner/work/ozone/ozone/hadoop-ozone/integration-test/target/test-dir/MiniOzoneClusterImpl-53dd09de-9596-4e63-80fc-208f4288e982/datanode-2/data/ratis/1c3c92d9-14a1-49d6-a768-889e418f68ca/sm/snapshot.1_0
2021-09-23 03:30:12,567 [e7dc5bb2-1c20-468e-bb9f-5c6a91a907f2@group-889E418F68CA-StateMachineUpdater] INFO  ratis.ContainerStateMachine (ContainerStateMachine.java:takeSnapshot(303)) - group-889E418F68CA: Finished taking a snapshot at:(t:1, i:0) file:/home/runner/work/ozone/ozone/hadoop-ozone/integration-test/target/test-dir/MiniOzoneClusterImpl-53dd09de-9596-4e63-80fc-208f4288e982/datanode-2/data/ratis/1c3c92d9-14a1-49d6-a768-889e418f68ca/sm/snapshot.1_0 took: 1 ms
2021-09-23 03:30:12,567 [e7dc5bb2-1c20-468e-bb9f-5c6a91a907f2@group-889E418F68CA-StateMachineUpdater] INFO  impl.StateMachineUpdater (StateMachineUpdater.java:takeSnapshot(281)) - e7dc5bb2-1c20-468e-bb9f-5c6a91a907f2@group-889E418F68CA-StateMachineUpdater: Took a snapshot at index 0
2021-09-23 03:30:12,567 [e7dc5bb2-1c20-468e-bb9f-5c6a91a907f2@group-889E418F68CA-StateMachineUpdater] INFO  impl.StateMachineUpdater (StateMachineUpdater.java:lambda$new$0(89)) - e7dc5bb2-1c20-468e-bb9f-5c6a91a907f2@group-889E418F68CA-StateMachineUpdater: snapshotIndex: updateIncreasingly -1 -> 0
2021-09-23 03:30:12,567 [ForkJoinPool.commonPool-worker-0] INFO  server.RaftServer$Division (ServerState.java:close(419)) - e7dc5bb2-1c20-468e-bb9f-5c6a91a907f2@group-889E418F68CA: closes. applyIndex: 0
2021-09-23 03:30:12,567 [e7dc5bb2-1c20-468e-bb9f-5c6a91a907f2@group-889E418F68CA-SegmentedRaftLogWorker] INFO  segmented.SegmentedRaftLogWorker (SegmentedRaftLogWorker.java:run(327)) - e7dc5bb2-1c20-468e-bb9f-5c6a91a907f2@group-889E418F68CA-SegmentedRaftLogWorker was interrupted, exiting. There are 0 tasks remaining in the queue.
2021-09-23 03:30:12,568 [ForkJoinPool.commonPool-worker-0] INFO  segmented.SegmentedRaftLogWorker (SegmentedRaftLogWorker.java:close(237)) - e7dc5bb2-1c20-468e-bb9f-5c6a91a907f2@group-889E418F68CA-SegmentedRaftLogWorker close()
2021-09-23 03:30:12,568 [ForkJoinPool.commonPool-worker-0] INFO  server.RaftServer$Division (RaftServerImpl.java:lambda$close$4(407)) - e7dc5bb2-1c20-468e-bb9f-5c6a91a907f2@group-2D5EDE50C6DC: shutdown
2021-09-23 03:30:12,569 [ForkJoinPool.commonPool-worker-0] INFO  util.JmxRegister (JmxRegister.java:unregister(73)) - Successfully un-registered JMX Bean with object name Ratis:service=RaftServer,group=group-2D5EDE50C6DC,id=e7dc5bb2-1c20-468e-bb9f-5c6a91a907f2
2021-09-23 03:30:12,569 [ForkJoinPool.commonPool-worker-0] INFO  impl.RoleInfo (RoleInfo.java:shutdownFollowerState(108)) - e7dc5bb2-1c20-468e-bb9f-5c6a91a907f2: shutdown e7dc5bb2-1c20-468e-bb9f-5c6a91a907f2@group-2D5EDE50C6DC-FollowerState
2021-09-23 03:30:12,569 [ForkJoinPool.commonPool-worker-0] INFO  impl.StateMachineUpdater (StateMachineUpdater.java:stopAndJoin(149)) - e7dc5bb2-1c20-468e-bb9f-5c6a91a907f2@group-2D5EDE50C6DC-StateMachineUpdater: set stopIndex = 0
2021-09-23 03:30:12,574 [e7dc5bb2-1c20-468e-bb9f-5c6a91a907f2@group-2D5EDE50C6DC-FollowerState] INFO  impl.FollowerState (FollowerState.java:run(143)) - e7dc5bb2-1c20-468e-bb9f-5c6a91a907f2@group-2D5EDE50C6DC-FollowerState was interrupted: {}
java.lang.InterruptedException: sleep interrupted
	at java.lang.Thread.sleep(Native Method)
	at java.lang.Thread.sleep(Thread.java:340)
	at java.util.concurrent.TimeUnit.sleep(TimeUnit.java:386)
	at org.apache.ratis.util.TimeDuration.sleep(TimeDuration.java:324)
	at org.apache.ratis.util.TimeDuration.sleep(TimeDuration.java:309)
	at org.apache.ratis.server.impl.FollowerState.run(FollowerState.java:118)
2021-09-23 03:30:12,574 [e7dc5bb2-1c20-468e-bb9f-5c6a91a907f2@group-2D5EDE50C6DC-StateMachineUpdater] INFO  ratis.ContainerStateMachine (ContainerStateMachine.java:takeSnapshot(292)) - group-2D5EDE50C6DC: Taking a snapshot at:(t:4, i:0) file /home/runner/work/ozone/ozone/hadoop-ozone/integration-test/target/test-dir/MiniOzoneClusterImpl-53dd09de-9596-4e63-80fc-208f4288e982/datanode-2/data/ratis/7eba5817-37da-440e-a4b8-2d5ede50c6dc/sm/snapshot.4_0
2021-09-23 03:30:12,575 [e7dc5bb2-1c20-468e-bb9f-5c6a91a907f2@group-2D5EDE50C6DC-StateMachineUpdater] INFO  ratis.ContainerStateMachine (ContainerStateMachine.java:takeSnapshot(303)) - group-2D5EDE50C6DC: Finished taking a snapshot at:(t:4, i:0) file:/home/runner/work/ozone/ozone/hadoop-ozone/integration-test/target/test-dir/MiniOzoneClusterImpl-53dd09de-9596-4e63-80fc-208f4288e982/datanode-2/data/ratis/7eba5817-37da-440e-a4b8-2d5ede50c6dc/sm/snapshot.4_0 took: 1 ms
2021-09-23 03:30:12,575 [e7dc5bb2-1c20-468e-bb9f-5c6a91a907f2@group-2D5EDE50C6DC-StateMachineUpdater] INFO  impl.StateMachineUpdater (StateMachineUpdater.java:takeSnapshot(281)) - e7dc5bb2-1c20-468e-bb9f-5c6a91a907f2@group-2D5EDE50C6DC-StateMachineUpdater: Took a snapshot at index 0
2021-09-23 03:30:12,575 [e7dc5bb2-1c20-468e-bb9f-5c6a91a907f2@group-2D5EDE50C6DC-StateMachineUpdater] INFO  impl.StateMachineUpdater (StateMachineUpdater.java:lambda$new$0(89)) - e7dc5bb2-1c20-468e-bb9f-5c6a91a907f2@group-2D5EDE50C6DC-StateMachineUpdater: snapshotIndex: updateIncreasingly -1 -> 0
2021-09-23 03:30:12,576 [ForkJoinPool.commonPool-worker-0] INFO  server.RaftServer$Division (ServerState.java:close(419)) - e7dc5bb2-1c20-468e-bb9f-5c6a91a907f2@group-2D5EDE50C6DC: closes. applyIndex: 0
2021-09-23 03:30:12,576 [e7dc5bb2-1c20-468e-bb9f-5c6a91a907f2@group-2D5EDE50C6DC-SegmentedRaftLogWorker] INFO  segmented.SegmentedRaftLogWorker (SegmentedRaftLogWorker.java:run(327)) - e7dc5bb2-1c20-468e-bb9f-5c6a91a907f2@group-2D5EDE50C6DC-SegmentedRaftLogWorker was interrupted, exiting. There are 0 tasks remaining in the queue.
2021-09-23 03:30:12,576 [ForkJoinPool.commonPool-worker-0] INFO  segmented.SegmentedRaftLogWorker (SegmentedRaftLogWorker.java:close(237)) - e7dc5bb2-1c20-468e-bb9f-5c6a91a907f2@group-2D5EDE50C6DC-SegmentedRaftLogWorker close()
2021-09-23 03:30:12,577 [ForkJoinPool.commonPool-worker-0] INFO  server.GrpcService (GrpcService.java:closeImpl(262)) - e7dc5bb2-1c20-468e-bb9f-5c6a91a907f2: shutdown server with port 38093 now
2021-09-23 03:30:12,591 [ForkJoinPool.commonPool-worker-0] INFO  server.GrpcService (GrpcService.java:closeImpl(271)) - e7dc5bb2-1c20-468e-bb9f-5c6a91a907f2: shutdown server with port 38093 successfully
2021-09-23 03:30:12,591 [org.apache.ratis.util.JvmPauseMonitor$$Lambda$531/1321261357@25e6c4ca] INFO  util.JvmPauseMonitor (JvmPauseMonitor.java:run(109)) - JvmPauseMonitor-e7dc5bb2-1c20-468e-bb9f-5c6a91a907f2: Stopped
2021-09-23 03:30:12,597 [ForkJoinPool.commonPool-worker-0] INFO  utils.BackgroundService (BackgroundService.java:shutdown(132)) - Shutting down service BlockDeletingService
2021-09-23 03:30:15,603 [ForkJoinPool.commonPool-worker-0] INFO  statemachine.DatanodeStateMachine (DatanodeStateMachine.java:stopDaemon(515)) - Ozone container server stopped.
2021-09-23 03:30:15,606 [ForkJoinPool.commonPool-worker-0] INFO  handler.ContextHandler (ContextHandler.java:doStop(1153)) - Stopped o.e.j.w.WebAppContext@78fe3403{hddsDatanode,/,null,STOPPED}{jar:file:/home/runner/.m2/repository/org/apache/ozone/hdds-container-service/1.2.0-SNAPSHOT/hdds-container-service-1.2.0-SNAPSHOT.jar!/webapps/hddsDatanode}
2021-09-23 03:30:15,611 [ForkJoinPool.commonPool-worker-0] INFO  server.AbstractConnector (AbstractConnector.java:doStop(381)) - Stopped ServerConnector@38c405e4{HTTP/1.1, (http/1.1)}{0.0.0.0:0}
2021-09-23 03:30:15,611 [ForkJoinPool.commonPool-worker-0] INFO  server.session (HouseKeeper.java:stopScavenging(149)) - node0 Stopped scavenging
2021-09-23 03:30:15,612 [ForkJoinPool.commonPool-worker-0] INFO  handler.ContextHandler (ContextHandler.java:doStop(1153)) - Stopped o.e.j.s.ServletContextHandler@41969edb{static,/static,jar:file:/home/runner/.m2/repository/org/apache/ozone/hdds-container-service/1.2.0-SNAPSHOT/hdds-container-service-1.2.0-SNAPSHOT.jar!/webapps/static,STOPPED}
2021-09-23 03:30:15,613 [ForkJoinPool.commonPool-worker-0] INFO  handler.ContextHandler (ContextHandler.java:doStop(1153)) - Stopped o.e.j.s.ServletContextHandler@62e5a077{logs,/logs,file:///home/runner/work/ozone/ozone/hadoop-ozone/integration-test/target/log,STOPPED}
2021-09-23 03:30:15,619 [Time-limited test] INFO  ozone.MiniOzoneClusterImpl (MiniOzoneClusterImpl.java:stopSCM(542)) - Stopping the StorageContainerManager
2021-09-23 03:30:15,619 [Time-limited test] INFO  server.StorageContainerManager (StorageContainerManager.java:stop(1371)) - Stopping Container Balancer service.
2021-09-23 03:30:15,619 [Time-limited test] INFO  balancer.ContainerBalancer (ContainerBalancer.java:stop(717)) - Container Balancer is not running.
2021-09-23 03:30:15,619 [Time-limited test] INFO  server.StorageContainerManager (StorageContainerManager.java:stop(1378)) - Stopping Replication Manager Service.
2021-09-23 03:30:15,619 [Time-limited test] INFO  container.ReplicationManager (ReplicationManager.java:stop(350)) - Stopping Replication Monitor Thread.
2021-09-23 03:30:15,619 [Time-limited test] INFO  server.StorageContainerManager (StorageContainerManager.java:stop(1385)) - Stopping the Datanode Admin Monitor.
2021-09-23 03:30:15,619 [Time-limited test] INFO  server.StorageContainerManager (StorageContainerManager.java:stop(1392)) - Stopping Lease Manager of the command watchers
2021-09-23 03:30:15,619 [Time-limited test] INFO  server.StorageContainerManager (StorageContainerManager.java:stop(1399)) - Stopping datanode service RPC server
2021-09-23 03:30:15,619 [Time-limited test] INFO  server.SCMDatanodeProtocolServer (SCMDatanodeProtocolServer.java:stop(389)) - Stopping the RPC server for DataNodes
2021-09-23 03:30:15,620 [Time-limited test] INFO  ipc.Server (Server.java:stop(3414)) - Stopping server on 36503
2021-09-23 03:30:15,632 [IPC Server Responder] INFO  ipc.Server (Server.java:run(1512)) - Stopping IPC Server Responder
2021-09-23 03:30:15,632 [IPC Server listener on 36503] INFO  ipc.Server (Server.java:run(1376)) - Stopping IPC Server listener on 36503
2021-09-23 03:30:15,720 [SCM Heartbeat Processing Thread - 0] WARN  node.NodeStateManager (NodeStateManager.java:scheduleNextHealthCheck(799)) - Current Thread is interrupted, shutting down HB processing thread for Node Manager.
2021-09-23 03:30:15,720 [Time-limited test] INFO  server.StorageContainerManager (StorageContainerManager.java:stop(1407)) - Stopping block service RPC server
2021-09-23 03:30:15,720 [Time-limited test] INFO  server.SCMBlockProtocolServer (SCMBlockProtocolServer.java:stop(160)) - Stopping the RPC server for Block Protocol
2021-09-23 03:30:15,722 [Time-limited test] INFO  ipc.Server (Server.java:stop(3414)) - Stopping server on 44255
2021-09-23 03:30:15,724 [IPC Server listener on 44255] INFO  ipc.Server (Server.java:run(1376)) - Stopping IPC Server listener on 44255
2021-09-23 03:30:15,724 [Time-limited test] INFO  server.StorageContainerManager (StorageContainerManager.java:stop(1414)) - Stopping the StorageContainerLocationProtocol RPC server
2021-09-23 03:30:15,724 [Time-limited test] INFO  server.SCMClientProtocolServer (SCMClientProtocolServer.java:stop(173)) - Stopping the RPC server for Client Protocol
2021-09-23 03:30:15,724 [IPC Server Responder] INFO  ipc.Server (Server.java:run(1512)) - Stopping IPC Server Responder
2021-09-23 03:30:15,724 [Time-limited test] INFO  ipc.Server (Server.java:stop(3414)) - Stopping server on 36179
2021-09-23 03:30:15,730 [IPC Server Responder] INFO  ipc.Server (Server.java:run(1512)) - Stopping IPC Server Responder
2021-09-23 03:30:15,730 [Time-limited test] INFO  server.StorageContainerManager (StorageContainerManager.java:stop(1421)) - Stopping Storage Container Manager HTTP server.
2021-09-23 03:30:15,730 [IPC Server listener on 36179] INFO  ipc.Server (Server.java:run(1376)) - Stopping IPC Server listener on 36179
2021-09-23 03:30:15,732 [Time-limited test] INFO  handler.ContextHandler (ContextHandler.java:doStop(1153)) - Stopped o.e.j.w.WebAppContext@5aac27fa{scm,/,null,STOPPED}{file:/home/runner/work/ozone/ozone/hadoop-ozone/integration-test/target/test-classes/webapps/scm}
2021-09-23 03:30:15,732 [Time-limited test] INFO  server.AbstractConnector (AbstractConnector.java:doStop(381)) - Stopped ServerConnector@7821f672{HTTP/1.1, (http/1.1)}{0.0.0.0:41909}
2021-09-23 03:30:15,732 [Time-limited test] INFO  server.session (HouseKeeper.java:stopScavenging(149)) - node0 Stopped scavenging
2021-09-23 03:30:15,733 [Time-limited test] INFO  handler.ContextHandler (ContextHandler.java:doStop(1153)) - Stopped o.e.j.s.ServletContextHandler@16ba6746{static,/static,file:///home/runner/work/ozone/ozone/hadoop-ozone/integration-test/target/test-classes/webapps/static,STOPPED}
2021-09-23 03:30:15,733 [Time-limited test] INFO  handler.ContextHandler (ContextHandler.java:doStop(1153)) - Stopped o.e.j.s.ServletContextHandler@45a7695e{logs,/logs,file:///home/runner/work/ozone/ozone/hadoop-ozone/integration-test/target/log,STOPPED}
2021-09-23 03:30:15,734 [Time-limited test] INFO  server.StorageContainerManager (StorageContainerManager.java:stop(1432)) - Stopping Block Manager Service.
2021-09-23 03:30:15,735 [Time-limited test] INFO  utils.BackgroundService (BackgroundService.java:shutdown(132)) - Shutting down service SCMBlockDeletingService
2021-09-23 03:30:15,735 [Time-limited test] INFO  utils.BackgroundService (BackgroundService.java:shutdown(132)) - Shutting down service SCMBlockDeletingService
2021-09-23 03:30:15,735 [Time-limited test] INFO  server.StorageContainerManager (StorageContainerManager.java:stop(1459)) - Stopping SCM Event Queue.
2021-09-23 03:30:15,738 [Time-limited test] INFO  server.StorageContainerManager (StorageContainerManager.java:stop(1470)) - Stopping SCM HA services.
2021-09-23 03:30:15,738 [Time-limited test] INFO  pipeline.BackgroundPipelineCreator (BackgroundPipelineCreatorV2.java:stop(158)) - Stopping RatisPipelineUtilsThread.
2021-09-23 03:30:15,738 [Time-limited test] INFO  server.StorageContainerManager (StorageContainerManager.java:stop(1480)) - Stopping SCM MetadataStore.
2021-09-23 03:30:15,740 [Time-limited test] INFO  impl.MetricsSystemImpl (MetricsSystemImpl.java:stop(210)) - Stopping StorageContainerManager metrics system...
2021-09-23 03:30:15,768 [prometheus] INFO  impl.MetricsSinkAdapter (MetricsSinkAdapter.java:publishMetricsFromQueue(141)) - prometheus thread interrupted.
2021-09-23 03:30:15,774 [Time-limited test] INFO  impl.MetricsSystemImpl (MetricsSystemImpl.java:stop(216)) - StorageContainerManager metrics system stopped.
]]></system-out>
  </testcase>
  <testcase name="testDatanodeIDPersistent" classname="org.apache.hadoop.ozone.TestMiniOzoneCluster" time="0.076"/>
  <testcase name="testContainerRandomPort" classname="org.apache.hadoop.ozone.TestMiniOzoneCluster" time="20.086"/>
</testsuite>