<?xml version="1.0" encoding="UTF-8"?>
<testsuite xmlns:xsi="http://www.w3.org/2001/XMLSchema-instance" xsi:noNamespaceSchemaLocation="https://maven.apache.org/surefire/maven-surefire-plugin/xsd/surefire-test-report.xsd" name="org.apache.hadoop.ozone.client.rpc.TestContainerStateMachineFailures" time="63.068" tests="5" errors="0" skipped="0" failures="1">
  <properties>
    <property name="awt.toolkit" value="sun.awt.X11.XToolkit"/>
    <property name="file.encoding.pkg" value="sun.io"/>
    <property name="java.specification.version" value="1.8"/>
    <property name="sun.cpu.isalist" value=""/>
    <property name="sun.jnu.encoding" value="ANSI_X3.4-1968"/>
    <property name="java.class.path" value="/github/workspace/mnt/ozone/hadoop-ozone/integration-test/target/test-classes:/github/workspace/mnt/ozone/hadoop-ozone/integration-test/target/classes:/home/user/.m2/repository/org/apache/hadoop/hadoop-ozone-common/0.6.0-SNAPSHOT/hadoop-ozone-common-0.6.0-SNAPSHOT.jar:/home/user/.m2/repository/org/apache/commons/commons-compress/1.4.1/commons-compress-1.4.1.jar:/home/user/.m2/repository/org/tukaani/xz/1.0/xz-1.0.jar:/home/user/.m2/repository/org/apache/hadoop/hadoop-hdds-common/0.6.0-SNAPSHOT/hadoop-hdds-common-0.6.0-SNAPSHOT.jar:/home/user/.m2/repository/org/apache/hadoop/hadoop-hdds-hadoop-dependency-client/0.6.0-SNAPSHOT/hadoop-hdds-hadoop-dependency-client-0.6.0-SNAPSHOT.jar:/home/user/.m2/repository/info/picocli/picocli/3.9.6/picocli-3.9.6.jar:/home/user/.m2/repository/com/fasterxml/jackson/core/jackson-annotations/2.10.3/jackson-annotations-2.10.3.jar:/home/user/.m2/repository/javax/annotation/javax.annotation-api/1.2/javax.annotation-api-1.2.jar:/home/user/.m2/repository/org/apache/ratis/ratis-server/0.6.0-6ab75ae-SNAPSHOT/ratis-server-0.6.0-6ab75ae-SNAPSHOT.jar:/home/user/.m2/repository/org/apache/ratis/ratis-client/0.6.0-6ab75ae-SNAPSHOT/ratis-client-0.6.0-6ab75ae-SNAPSHOT.jar:/home/user/.m2/repository/org/apache/ratis/ratis-metrics/0.6.0-6ab75ae-SNAPSHOT/ratis-metrics-0.6.0-6ab75ae-SNAPSHOT.jar:/home/user/.m2/repository/org/apache/ratis/ratis-netty/0.6.0-6ab75ae-SNAPSHOT/ratis-netty-0.6.0-6ab75ae-SNAPSHOT.jar:/home/user/.m2/repository/org/apache/ratis/ratis-grpc/0.6.0-6ab75ae-SNAPSHOT/ratis-grpc-0.6.0-6ab75ae-SNAPSHOT.jar:/home/user/.m2/repository/org/apache/logging/log4j/log4j-api/2.11.0/log4j-api-2.11.0.jar:/home/user/.m2/repository/org/apache/logging/log4j/log4j-core/2.11.0/log4j-core-2.11.0.jar:/home/user/.m2/repository/com/lmax/disruptor/3.4.2/disruptor-3.4.2.jar:/home/user/.m2/repository/org/apache/commons/commons-pool2/2.6.0/commons-pool2-2.6.0.jar:/home/user/.m2/repository/org/bouncycastle/bcpkix-jdk15on/1.60/bcpkix-jdk15on-1.60.jar:/home/user/.m2/repository/commons-validator/commons-validator/1.6/commons-validator-1.6.jar:/home/user/.m2/repository/commons-digester/commons-digester/1.8.1/commons-digester-1.8.1.jar:/home/user/.m2/repository/io/jaegertracing/jaeger-client/1.2.0/jaeger-client-1.2.0.jar:/home/user/.m2/repository/io/jaegertracing/jaeger-thrift/1.2.0/jaeger-thrift-1.2.0.jar:/home/user/.m2/repository/org/apache/thrift/libthrift/0.13.0/libthrift-0.13.0.jar:/home/user/.m2/repository/com/squareup/okhttp3/okhttp/4.2.2/okhttp-4.2.2.jar:/home/user/.m2/repository/com/squareup/okio/okio/2.2.2/okio-2.2.2.jar:/home/user/.m2/repository/org/jetbrains/kotlin/kotlin-stdlib/1.3.50/kotlin-stdlib-1.3.50.jar:/home/user/.m2/repository/org/jetbrains/kotlin/kotlin-stdlib-common/1.3.50/kotlin-stdlib-common-1.3.50.jar:/home/user/.m2/repository/org/jetbrains/annotations/13.0/annotations-13.0.jar:/home/user/.m2/repository/io/jaegertracing/jaeger-core/1.2.0/jaeger-core-1.2.0.jar:/home/user/.m2/repository/io/jaegertracing/jaeger-tracerresolver/1.2.0/jaeger-tracerresolver-1.2.0.jar:/home/user/.m2/repository/io/opentracing/contrib/opentracing-tracerresolver/0.1.8/opentracing-tracerresolver-0.1.8.jar:/home/user/.m2/repository/io/opentracing/opentracing-util/0.33.0/opentracing-util-0.33.0.jar:/home/user/.m2/repository/io/opentracing/opentracing-api/0.33.0/opentracing-api-0.33.0.jar:/home/user/.m2/repository/io/opentracing/opentracing-noop/0.33.0/opentracing-noop-0.33.0.jar:/home/user/.m2/repository/org/apache/hadoop/hadoop-hdds-client/0.6.0-SNAPSHOT/hadoop-hdds-client-0.6.0-SNAPSHOT.jar:/home/user/.m2/repository/org/apache/hadoop/hadoop-ozone-interface-client/0.6.0-SNAPSHOT/hadoop-ozone-interface-client-0.6.0-SNAPSHOT.jar:/home/user/.m2/repository/org/apache/hadoop/hadoop-hdds-test-utils/0.6.0-SNAPSHOT/hadoop-hdds-test-utils-0.6.0-SNAPSHOT.jar:/home/user/.m2/repository/com/google/guava/guava/28.2-jre/guava-28.2-jre.jar:/home/user/.m2/repository/com/google/guava/failureaccess/1.0.1/failureaccess-1.0.1.jar:/home/user/.m2/repository/com/google/guava/listenablefuture/9999.0-empty-to-avoid-conflict-with-guava/listenablefuture-9999.0-empty-to-avoid-conflict-with-guava.jar:/home/user/.m2/repository/com/google/code/findbugs/jsr305/3.0.0/jsr305-3.0.0.jar:/home/user/.m2/repository/org/checkerframework/checker-qual/2.10.0/checker-qual-2.10.0.jar:/home/user/.m2/repository/com/google/errorprone/error_prone_annotations/2.2.0/error_prone_annotations-2.2.0.jar:/home/user/.m2/repository/com/google/j2objc/j2objc-annotations/1.3/j2objc-annotations-1.3.jar:/home/user/.m2/repository/commons-io/commons-io/2.5/commons-io-2.5.jar:/home/user/.m2/repository/commons-logging/commons-logging/1.2/commons-logging-1.2.jar:/home/user/.m2/repository/log4j/log4j/1.2.17/log4j-1.2.17.jar:/home/user/.m2/repository/org/slf4j/slf4j-api/1.7.25/slf4j-api-1.7.25.jar:/home/user/.m2/repository/org/apache/hadoop/hadoop-hdds-server-scm/0.6.0-SNAPSHOT/hadoop-hdds-server-scm-0.6.0-SNAPSHOT.jar:/home/user/.m2/repository/org/apache/hadoop/hadoop-hdds-container-service/0.6.0-SNAPSHOT/hadoop-hdds-container-service-0.6.0-SNAPSHOT.jar:/home/user/.m2/repository/org/apache/hadoop/hadoop-hdds-hadoop-dependency-server/0.6.0-SNAPSHOT/hadoop-hdds-hadoop-dependency-server-0.6.0-SNAPSHOT.jar:/home/user/.m2/repository/org/apache/hadoop/hadoop-hdds-server-framework/0.6.0-SNAPSHOT/hadoop-hdds-server-framework-0.6.0-SNAPSHOT.jar:/home/user/.m2/repository/org/apache/hadoop/hadoop-hdds-interface-server/0.6.0-SNAPSHOT/hadoop-hdds-interface-server-0.6.0-SNAPSHOT.jar:/home/user/.m2/repository/org/apache/hadoop/hadoop-hdds-interface-admin/0.6.0-SNAPSHOT/hadoop-hdds-interface-admin-0.6.0-SNAPSHOT.jar:/home/user/.m2/repository/org/rocksdb/rocksdbjni/6.8.1/rocksdbjni-6.8.1.jar:/home/user/.m2/repository/io/prometheus/simpleclient_dropwizard/0.7.0/simpleclient_dropwizard-0.7.0.jar:/home/user/.m2/repository/io/prometheus/simpleclient/0.7.0/simpleclient-0.7.0.jar:/home/user/.m2/repository/io/prometheus/simpleclient_common/0.7.0/simpleclient_common-0.7.0.jar:/home/user/.m2/repository/com/fasterxml/jackson/datatype/jackson-datatype-jsr310/2.10.3/jackson-datatype-jsr310-2.10.3.jar:/home/user/.m2/repository/org/apache/hadoop/hadoop-hdds-docs/0.6.0-SNAPSHOT/hadoop-hdds-docs-0.6.0-SNAPSHOT.jar:/home/user/.m2/repository/io/dropwizard/metrics/metrics-core/3.2.4/metrics-core-3.2.4.jar:/home/user/.m2/repository/org/apache/hadoop/hadoop-hdfs-client/3.2.1/hadoop-hdfs-client-3.2.1.jar:/home/user/.m2/repository/org/bouncycastle/bcprov-jdk15on/1.60/bcprov-jdk15on-1.60.jar:/home/user/.m2/repository/org/apache/hadoop/hadoop-ozone-ozone-manager/0.6.0-SNAPSHOT/hadoop-ozone-ozone-manager-0.6.0-SNAPSHOT.jar:/home/user/.m2/repository/org/apache/hadoop/hadoop-hdds-interface-client/0.6.0-SNAPSHOT/hadoop-hdds-interface-client-0.6.0-SNAPSHOT.jar:/home/user/.m2/repository/org/apache/ratis/ratis-thirdparty-misc/0.4.0/ratis-thirdparty-misc-0.4.0.jar:/home/user/.m2/repository/org/apache/hadoop/hadoop-minikdc/3.2.1/hadoop-minikdc-3.2.1.jar:/home/user/.m2/repository/org/apache/kerby/kerb-simplekdc/1.0.1/kerb-simplekdc-1.0.1.jar:/home/user/.m2/repository/org/apache/kerby/kerb-client/1.0.1/kerb-client-1.0.1.jar:/home/user/.m2/repository/org/apache/kerby/kerby-config/1.0.1/kerby-config-1.0.1.jar:/home/user/.m2/repository/org/apache/kerby/kerb-core/1.0.1/kerb-core-1.0.1.jar:/home/user/.m2/repository/org/apache/kerby/kerby-pkix/1.0.1/kerby-pkix-1.0.1.jar:/home/user/.m2/repository/org/apache/kerby/kerby-asn1/1.0.1/kerby-asn1-1.0.1.jar:/home/user/.m2/repository/org/apache/kerby/kerby-util/1.0.1/kerby-util-1.0.1.jar:/home/user/.m2/repository/org/apache/kerby/kerb-common/1.0.1/kerb-common-1.0.1.jar:/home/user/.m2/repository/org/apache/kerby/kerb-crypto/1.0.1/kerb-crypto-1.0.1.jar:/home/user/.m2/repository/org/apache/kerby/kerb-util/1.0.1/kerb-util-1.0.1.jar:/home/user/.m2/repository/org/apache/kerby/token-provider/1.0.1/token-provider-1.0.1.jar:/home/user/.m2/repository/org/apache/kerby/kerb-admin/1.0.1/kerb-admin-1.0.1.jar:/home/user/.m2/repository/org/apache/kerby/kerb-server/1.0.1/kerb-server-1.0.1.jar:/home/user/.m2/repository/org/apache/kerby/kerb-identity/1.0.1/kerb-identity-1.0.1.jar:/home/user/.m2/repository/org/apache/kerby/kerby-xdr/1.0.1/kerby-xdr-1.0.1.jar:/home/user/.m2/repository/org/slf4j/slf4j-log4j12/1.7.25/slf4j-log4j12-1.7.25.jar:/home/user/.m2/repository/org/apache/hadoop/hadoop-ozone-s3gateway/0.6.0-SNAPSHOT/hadoop-ozone-s3gateway-0.6.0-SNAPSHOT.jar:/home/user/.m2/repository/org/jboss/weld/servlet/weld-servlet/2.4.7.Final/weld-servlet-2.4.7.Final.jar:/home/user/.m2/repository/org/glassfish/jersey/containers/jersey-container-servlet-core/2.27/jersey-container-servlet-core-2.27.jar:/home/user/.m2/repository/org/glassfish/hk2/external/javax.inject/2.5.0-b42/javax.inject-2.5.0-b42.jar:/home/user/.m2/repository/org/glassfish/jersey/core/jersey-common/2.27/jersey-common-2.27.jar:/home/user/.m2/repository/org/glassfish/hk2/osgi-resource-locator/1.0.1/osgi-resource-locator-1.0.1.jar:/home/user/.m2/repository/javax/ws/rs/javax.ws.rs-api/2.1/javax.ws.rs-api-2.1.jar:/home/user/.m2/repository/org/glassfish/jersey/ext/cdi/jersey-cdi1x/2.27/jersey-cdi1x-2.27.jar:/home/user/.m2/repository/org/glassfish/jersey/inject/jersey-hk2/2.27/jersey-hk2-2.27.jar:/home/user/.m2/repository/org/glassfish/hk2/hk2-locator/2.5.0-b42/hk2-locator-2.5.0-b42.jar:/home/user/.m2/repository/org/javassist/javassist/3.22.0-CR2/javassist-3.22.0-CR2.jar:/home/user/.m2/repository/org/glassfish/hk2/hk2-api/2.5.0/hk2-api-2.5.0.jar:/home/user/.m2/repository/org/glassfish/hk2/external/jakarta.inject/2.5.0/jakarta.inject-2.5.0.jar:/home/user/.m2/repository/org/glassfish/hk2/hk2-utils/2.5.0/hk2-utils-2.5.0.jar:/home/user/.m2/repository/jakarta/annotation/jakarta.annotation-api/1.3.4/jakarta.annotation-api-1.3.4.jar:/home/user/.m2/repository/org/glassfish/hk2/external/aopalliance-repackaged/2.5.0/aopalliance-repackaged-2.5.0.jar:/home/user/.m2/repository/com/fasterxml/jackson/dataformat/jackson-dataformat-xml/2.10.3/jackson-dataformat-xml-2.10.3.jar:/home/user/.m2/repository/com/fasterxml/jackson/core/jackson-core/2.10.3/jackson-core-2.10.3.jar:/home/user/.m2/repository/com/fasterxml/jackson/module/jackson-module-jaxb-annotations/2.10.3/jackson-module-jaxb-annotations-2.10.3.jar:/home/user/.m2/repository/jakarta/xml/bind/jakarta.xml.bind-api/2.3.2/jakarta.xml.bind-api-2.3.2.jar:/home/user/.m2/repository/jakarta/activation/jakarta.activation-api/1.2.1/jakarta.activation-api-1.2.1.jar:/home/user/.m2/repository/org/codehaus/woodstox/stax2-api/3.1.4/stax2-api-3.1.4.jar:/home/user/.m2/repository/com/fasterxml/woodstox/woodstox-core/5.0.3/woodstox-core-5.0.3.jar:/home/user/.m2/repository/javax/enterprise/cdi-api/1.2/cdi-api-1.2.jar:/home/user/.m2/repository/javax/el/javax.el-api/3.0.0/javax.el-api-3.0.0.jar:/home/user/.m2/repository/javax/interceptor/javax.interceptor-api/1.2/javax.interceptor-api-1.2.jar:/home/user/.m2/repository/javax/inject/javax.inject/1/javax.inject-1.jar:/home/user/.m2/repository/com/sun/xml/bind/jaxb-impl/2.3.0.1/jaxb-impl-2.3.0.1.jar:/home/user/.m2/repository/com/sun/xml/bind/jaxb-core/2.3.0.1/jaxb-core-2.3.0.1.jar:/home/user/.m2/repository/javax/xml/bind/jaxb-api/2.3.0/jaxb-api-2.3.0.jar:/home/user/.m2/repository/javax/activation/activation/1.1.1/activation-1.1.1.jar:/home/user/.m2/repository/org/apache/hadoop/hadoop-ozone-csi/0.6.0-SNAPSHOT/hadoop-ozone-csi-0.6.0-SNAPSHOT.jar:/home/user/.m2/repository/com/google/protobuf/protobuf-java-util/3.11.0/protobuf-java-util-3.11.0.jar:/home/user/.m2/repository/com/google/code/gson/gson/2.2.4/gson-2.2.4.jar:/home/user/.m2/repository/org/apache/hadoop/hadoop-hdds-config/0.6.0-SNAPSHOT/hadoop-hdds-config-0.6.0-SNAPSHOT.jar:/home/user/.m2/repository/com/google/protobuf/protobuf-java/2.5.0/protobuf-java-2.5.0.jar:/home/user/.m2/repository/io/grpc/grpc-netty/1.29.0/grpc-netty-1.29.0.jar:/home/user/.m2/repository/io/grpc/grpc-core/1.29.0/grpc-core-1.29.0.jar:/home/user/.m2/repository/com/google/android/annotations/4.1.1.4/annotations-4.1.1.4.jar:/home/user/.m2/repository/io/perfmark/perfmark-api/0.19.0/perfmark-api-0.19.0.jar:/home/user/.m2/repository/io/netty/netty-codec-http2/4.1.48.Final/netty-codec-http2-4.1.48.Final.jar:/home/user/.m2/repository/io/netty/netty-codec/4.1.48.Final/netty-codec-4.1.48.Final.jar:/home/user/.m2/repository/io/netty/netty-handler/4.1.48.Final/netty-handler-4.1.48.Final.jar:/home/user/.m2/repository/io/netty/netty-codec-http/4.1.48.Final/netty-codec-http-4.1.48.Final.jar:/home/user/.m2/repository/io/netty/netty-handler-proxy/4.1.48.Final/netty-handler-proxy-4.1.48.Final.jar:/home/user/.m2/repository/io/netty/netty-codec-socks/4.1.48.Final/netty-codec-socks-4.1.48.Final.jar:/home/user/.m2/repository/io/netty/netty-transport-native-epoll/4.1.48.Final/netty-transport-native-epoll-4.1.48.Final.jar:/home/user/.m2/repository/io/netty/netty-common/4.1.48.Final/netty-common-4.1.48.Final.jar:/home/user/.m2/repository/io/netty/netty-buffer/4.1.48.Final/netty-buffer-4.1.48.Final.jar:/home/user/.m2/repository/io/netty/netty-transport/4.1.48.Final/netty-transport-4.1.48.Final.jar:/home/user/.m2/repository/io/netty/netty-resolver/4.1.48.Final/netty-resolver-4.1.48.Final.jar:/home/user/.m2/repository/io/netty/netty-transport-native-unix-common/4.1.48.Final/netty-transport-native-unix-common-4.1.48.Final.jar:/home/user/.m2/repository/io/grpc/grpc-protobuf/1.29.0/grpc-protobuf-1.29.0.jar:/home/user/.m2/repository/io/grpc/grpc-api/1.29.0/grpc-api-1.29.0.jar:/home/user/.m2/repository/io/grpc/grpc-context/1.29.0/grpc-context-1.29.0.jar:/home/user/.m2/repository/org/codehaus/mojo/animal-sniffer-annotations/1.18/animal-sniffer-annotations-1.18.jar:/home/user/.m2/repository/com/google/api/grpc/proto-google-common-protos/1.17.0/proto-google-common-protos-1.17.0.jar:/home/user/.m2/repository/io/grpc/grpc-protobuf-lite/1.29.0/grpc-protobuf-lite-1.29.0.jar:/home/user/.m2/repository/io/grpc/grpc-stub/1.29.0/grpc-stub-1.29.0.jar:/home/user/.m2/repository/org/apache/hadoop/hadoop-ozone-recon/0.6.0-SNAPSHOT/hadoop-ozone-recon-0.6.0-SNAPSHOT.jar:/home/user/.m2/repository/org/apache/hadoop/hadoop-ozone-reconcodegen/0.6.0-SNAPSHOT/hadoop-ozone-reconcodegen-0.6.0-SNAPSHOT.jar:/home/user/.m2/repository/com/google/inject/extensions/guice-multibindings/4.0/guice-multibindings-4.0.jar:/home/user/.m2/repository/com/google/inject/guice/4.0/guice-4.0.jar:/home/user/.m2/repository/aopalliance/aopalliance/1.0/aopalliance-1.0.jar:/home/user/.m2/repository/com/google/inject/extensions/guice-assistedinject/4.0/guice-assistedinject-4.0.jar:/home/user/.m2/repository/com/google/inject/extensions/guice-servlet/4.0/guice-servlet-4.0.jar:/home/user/.m2/repository/org/glassfish/jersey/containers/jersey-container-servlet/2.27/jersey-container-servlet-2.27.jar:/home/user/.m2/repository/org/glassfish/hk2/guice-bridge/2.5.0/guice-bridge-2.5.0.jar:/home/user/.m2/repository/org/glassfish/jersey/core/jersey-server/2.27/jersey-server-2.27.jar:/home/user/.m2/repository/org/glassfish/jersey/core/jersey-client/2.27/jersey-client-2.27.jar:/home/user/.m2/repository/org/glassfish/jersey/media/jersey-media-jaxb/2.27/jersey-media-jaxb-2.27.jar:/home/user/.m2/repository/javax/validation/validation-api/1.1.0.Final/validation-api-1.1.0.Final.jar:/home/user/.m2/repository/org/glassfish/jersey/media/jersey-media-json-jackson/2.27/jersey-media-json-jackson-2.27.jar:/home/user/.m2/repository/org/glassfish/jersey/ext/jersey-entity-filtering/2.27/jersey-entity-filtering-2.27.jar:/home/user/.m2/repository/org/jooq/jooq/3.11.10/jooq-3.11.10.jar:/home/user/.m2/repository/org/jooq/jooq-meta/3.11.10/jooq-meta-3.11.10.jar:/home/user/.m2/repository/org/jooq/jooq-codegen/3.11.10/jooq-codegen-3.11.10.jar:/home/user/.m2/repository/com/jolbox/bonecp/0.8.0.RELEASE/bonecp-0.8.0.RELEASE.jar:/home/user/.m2/repository/org/apache/derby/derby/10.14.2.0/derby-10.14.2.0.jar:/home/user/.m2/repository/org/xerial/sqlite-jdbc/3.25.2/sqlite-jdbc-3.25.2.jar:/home/user/.m2/repository/org/springframework/spring-jdbc/5.2.5.RELEASE/spring-jdbc-5.2.5.RELEASE.jar:/home/user/.m2/repository/org/springframework/spring-beans/5.2.5.RELEASE/spring-beans-5.2.5.RELEASE.jar:/home/user/.m2/repository/org/springframework/spring-core/5.2.5.RELEASE/spring-core-5.2.5.RELEASE.jar:/home/user/.m2/repository/org/springframework/spring-jcl/5.2.5.RELEASE/spring-jcl-5.2.5.RELEASE.jar:/home/user/.m2/repository/org/springframework/spring-tx/5.2.5.RELEASE/spring-tx-5.2.5.RELEASE.jar:/home/user/.m2/repository/org/apache/hadoop/hadoop-ozone-client/0.6.0-SNAPSHOT/hadoop-ozone-client-0.6.0-SNAPSHOT.jar:/home/user/.m2/repository/org/apache/hadoop/hadoop-ozone-filesystem/0.6.0-SNAPSHOT/hadoop-ozone-filesystem-0.6.0-SNAPSHOT.jar:/home/user/.m2/repository/org/apache/hadoop/hadoop-ozone-filesystem-common/0.6.0-SNAPSHOT/hadoop-ozone-filesystem-common-0.6.0-SNAPSHOT.jar:/home/user/.m2/repository/org/apache/hadoop/hadoop-ozone-tools/0.6.0-SNAPSHOT/hadoop-ozone-tools-0.6.0-SNAPSHOT.jar:/home/user/.m2/repository/org/apache/hadoop/hadoop-hdfs/3.2.1/hadoop-hdfs-3.2.1.jar:/home/user/.m2/repository/org/apache/ratis/ratis-tools/0.6.0-6ab75ae-SNAPSHOT/ratis-tools-0.6.0-6ab75ae-SNAPSHOT.jar:/home/user/.m2/repository/org/apache/ratis/ratis-proto/0.6.0-6ab75ae-SNAPSHOT/ratis-proto-0.6.0-6ab75ae-SNAPSHOT.jar:/home/user/.m2/repository/org/apache/ratis/ratis-common/0.6.0-6ab75ae-SNAPSHOT/ratis-common-0.6.0-6ab75ae-SNAPSHOT.jar:/home/user/.m2/repository/com/amazonaws/aws-java-sdk-core/1.11.615/aws-java-sdk-core-1.11.615.jar:/home/user/.m2/repository/org/apache/httpcomponents/httpclient/4.5.2/httpclient-4.5.2.jar:/home/user/.m2/repository/org/apache/httpcomponents/httpcore/4.4.4/httpcore-4.4.4.jar:/home/user/.m2/repository/software/amazon/ion/ion-java/1.0.2/ion-java-1.0.2.jar:/home/user/.m2/repository/com/fasterxml/jackson/dataformat/jackson-dataformat-cbor/2.10.3/jackson-dataformat-cbor-2.10.3.jar:/home/user/.m2/repository/joda-time/joda-time/2.8.1/joda-time-2.8.1.jar:/home/user/.m2/repository/com/amazonaws/aws-java-sdk-s3/1.11.615/aws-java-sdk-s3-1.11.615.jar:/home/user/.m2/repository/com/amazonaws/aws-java-sdk-kms/1.11.615/aws-java-sdk-kms-1.11.615.jar:/home/user/.m2/repository/com/amazonaws/jmespath-java/1.11.615/jmespath-java-1.11.615.jar:/home/user/.m2/repository/org/apache/hadoop/hadoop-hdds-tools/0.6.0-SNAPSHOT/hadoop-hdds-tools-0.6.0-SNAPSHOT.jar:/home/user/.m2/repository/commons-cli/commons-cli/1.2/commons-cli-1.2.jar:/home/user/.m2/repository/org/apache/commons/commons-lang3/3.7/commons-lang3-3.7.jar:/home/user/.m2/repository/org/apache/hadoop/hadoop-ozone-ozone-manager/0.6.0-SNAPSHOT/hadoop-ozone-ozone-manager-0.6.0-SNAPSHOT-tests.jar:/home/user/.m2/repository/junit/junit/4.11/junit-4.11.jar:/home/user/.m2/repository/org/hamcrest/hamcrest-core/1.3/hamcrest-core-1.3.jar:/home/user/.m2/repository/org/openjdk/jmh/jmh-core/1.19/jmh-core-1.19.jar:/home/user/.m2/repository/net/sf/jopt-simple/jopt-simple/4.6/jopt-simple-4.6.jar:/home/user/.m2/repository/org/apache/commons/commons-math3/3.1.1/commons-math3-3.1.1.jar:/home/user/.m2/repository/org/openjdk/jmh/jmh-generator-annprocess/1.19/jmh-generator-annprocess-1.19.jar:/home/user/.m2/repository/org/mockito/mockito-all/1.8.5/mockito-all-1.8.5.jar:/home/user/.m2/repository/org/apache/hadoop/hadoop-kms/3.2.1/hadoop-kms-3.2.1.jar:/home/user/.m2/repository/org/apache/hadoop/hadoop-auth/3.2.1/hadoop-auth-3.2.1.jar:/home/user/.m2/repository/com/nimbusds/nimbus-jose-jwt/7.9/nimbus-jose-jwt-7.9.jar:/home/user/.m2/repository/com/github/stephenc/jcip/jcip-annotations/1.0-1/jcip-annotations-1.0-1.jar:/home/user/.m2/repository/net/minidev/json-smart/2.3/json-smart-2.3.jar:/home/user/.m2/repository/net/minidev/accessors-smart/1.2/accessors-smart-1.2.jar:/home/user/.m2/repository/org/ow2/asm/asm/5.0.4/asm-5.0.4.jar:/home/user/.m2/repository/org/apache/zookeeper/zookeeper/3.4.13/zookeeper-3.4.13.jar:/home/user/.m2/repository/org/apache/yetus/audience-annotations/0.5.0/audience-annotations-0.5.0.jar:/home/user/.m2/repository/org/apache/curator/curator-framework/2.13.0/curator-framework-2.13.0.jar:/home/user/.m2/repository/com/sun/jersey/jersey-core/1.19/jersey-core-1.19.jar:/home/user/.m2/repository/javax/ws/rs/jsr311-api/1.1.1/jsr311-api-1.1.1.jar:/home/user/.m2/repository/com/sun/jersey/jersey-server/1.19/jersey-server-1.19.jar:/home/user/.m2/repository/javax/servlet/javax.servlet-api/3.1.0/javax.servlet-api-3.1.0.jar:/home/user/.m2/repository/org/eclipse/jetty/jetty-server/9.4.26.v20200117/jetty-server-9.4.26.v20200117.jar:/home/user/.m2/repository/org/eclipse/jetty/jetty-http/9.4.26.v20200117/jetty-http-9.4.26.v20200117.jar:/home/user/.m2/repository/org/eclipse/jetty/jetty-io/9.4.26.v20200117/jetty-io-9.4.26.v20200117.jar:/home/user/.m2/repository/org/eclipse/jetty/jetty-webapp/9.4.26.v20200117/jetty-webapp-9.4.26.v20200117.jar:/home/user/.m2/repository/org/eclipse/jetty/jetty-xml/9.4.26.v20200117/jetty-xml-9.4.26.v20200117.jar:/home/user/.m2/repository/org/eclipse/jetty/jetty-servlet/9.4.26.v20200117/jetty-servlet-9.4.26.v20200117.jar:/home/user/.m2/repository/org/eclipse/jetty/jetty-security/9.4.26.v20200117/jetty-security-9.4.26.v20200117.jar:/home/user/.m2/repository/org/apache/hadoop/hadoop-common/3.2.1/hadoop-common-3.2.1.jar:/home/user/.m2/repository/commons-net/commons-net/3.6/commons-net-3.6.jar:/home/user/.m2/repository/commons-collections/commons-collections/3.2.2/commons-collections-3.2.2.jar:/home/user/.m2/repository/com/sun/jersey/jersey-servlet/1.19/jersey-servlet-1.19.jar:/home/user/.m2/repository/com/sun/jersey/jersey-json/1.19/jersey-json-1.19.jar:/home/user/.m2/repository/org/codehaus/jettison/jettison/1.1/jettison-1.1.jar:/home/user/.m2/repository/org/codehaus/jackson/jackson-jaxrs/1.9.2/jackson-jaxrs-1.9.2.jar:/home/user/.m2/repository/org/codehaus/jackson/jackson-xc/1.9.2/jackson-xc-1.9.2.jar:/home/user/.m2/repository/commons-beanutils/commons-beanutils/1.9.4/commons-beanutils-1.9.4.jar:/home/user/.m2/repository/org/apache/commons/commons-configuration2/2.1.1/commons-configuration2-2.1.1.jar:/home/user/.m2/repository/org/apache/commons/commons-text/1.4/commons-text-1.4.jar:/home/user/.m2/repository/com/google/re2j/re2j/1.1/re2j-1.1.jar:/home/user/.m2/repository/com/jcraft/jsch/0.1.54/jsch-0.1.54.jar:/home/user/.m2/repository/org/apache/curator/curator-client/2.13.0/curator-client-2.13.0.jar:/home/user/.m2/repository/org/apache/curator/curator-recipes/2.13.0/curator-recipes-2.13.0.jar:/home/user/.m2/repository/dnsjava/dnsjava/2.1.7/dnsjava-2.1.7.jar:/home/user/.m2/repository/org/slf4j/jul-to-slf4j/1.7.25/jul-to-slf4j-1.7.25.jar:/home/user/.m2/repository/org/eclipse/jetty/jetty-util/9.4.26.v20200117/jetty-util-9.4.26.v20200117.jar:/home/user/.m2/repository/com/fasterxml/jackson/core/jackson-databind/2.10.3/jackson-databind-2.10.3.jar:/home/user/.m2/repository/org/apache/hadoop/hadoop-kms/3.2.1/hadoop-kms-3.2.1-tests.jar:/home/user/.m2/repository/org/apache/hadoop/hadoop-hdds-server-scm/0.6.0-SNAPSHOT/hadoop-hdds-server-scm-0.6.0-SNAPSHOT-tests.jar:/home/user/.m2/repository/org/apache/hadoop/hadoop-hdds-container-service/0.6.0-SNAPSHOT/hadoop-hdds-container-service-0.6.0-SNAPSHOT-tests.jar:/home/user/.m2/repository/org/apache/hadoop/hadoop-hdds-common/0.6.0-SNAPSHOT/hadoop-hdds-common-0.6.0-SNAPSHOT-tests.jar:/home/user/.m2/repository/org/yaml/snakeyaml/1.16/snakeyaml-1.16.jar:/home/user/.m2/repository/org/apache/hadoop/hadoop-hdds-hadoop-dependency-test/0.6.0-SNAPSHOT/hadoop-hdds-hadoop-dependency-test-0.6.0-SNAPSHOT.jar:/home/user/.m2/repository/org/apache/hadoop/hadoop-common/3.2.1/hadoop-common-3.2.1-tests.jar:/home/user/.m2/repository/javax/servlet/jsp/jsp-api/2.1/jsp-api-2.1.jar:/home/user/.m2/repository/org/apache/hadoop/hadoop-hdfs/3.2.1/hadoop-hdfs-3.2.1-tests.jar:/home/user/.m2/repository/org/eclipse/jetty/jetty-util-ajax/9.4.26.v20200117/jetty-util-ajax-9.4.26.v20200117.jar:/home/user/.m2/repository/commons-codec/commons-codec/1.11/commons-codec-1.11.jar:/home/user/.m2/repository/commons-daemon/commons-daemon/1.0.13/commons-daemon-1.0.13.jar:/home/user/.m2/repository/io/netty/netty/3.10.5.Final/netty-3.10.5.Final.jar:/home/user/.m2/repository/io/netty/netty-all/4.1.48.Final/netty-all-4.1.48.Final.jar:/home/user/.m2/repository/org/apache/htrace/htrace-core4/4.1.0-incubating/htrace-core4-4.1.0-incubating.jar:/home/user/.m2/repository/org/fusesource/leveldbjni/leveldbjni-all/1.8/leveldbjni-all-1.8.jar:/home/user/.m2/repository/org/apache/hadoop/hadoop-distcp/3.2.1/hadoop-distcp-3.2.1.jar:/home/user/.m2/repository/org/apache/hadoop/hadoop-mapreduce-client-jobclient/3.2.1/hadoop-mapreduce-client-jobclient-3.2.1.jar:/home/user/.m2/repository/org/apache/hadoop/hadoop-mapreduce-client-common/3.2.1/hadoop-mapreduce-client-common-3.2.1.jar:/home/user/.m2/repository/org/apache/hadoop/hadoop-yarn-common/3.2.1/hadoop-yarn-common-3.2.1.jar:/home/user/.m2/repository/org/apache/hadoop/hadoop-yarn-api/3.2.1/hadoop-yarn-api-3.2.1.jar:/home/user/.m2/repository/com/sun/jersey/jersey-client/1.19/jersey-client-1.19.jar:/home/user/.m2/repository/com/sun/jersey/contribs/jersey-guice/1.19/jersey-guice-1.19.jar:/home/user/.m2/repository/com/fasterxml/jackson/jaxrs/jackson-jaxrs-json-provider/2.10.3/jackson-jaxrs-json-provider-2.10.3.jar:/home/user/.m2/repository/com/fasterxml/jackson/jaxrs/jackson-jaxrs-base/2.10.3/jackson-jaxrs-base-2.10.3.jar:/home/user/.m2/repository/org/apache/hadoop/hadoop-yarn-client/3.2.1/hadoop-yarn-client-3.2.1.jar:/home/user/.m2/repository/org/apache/hadoop/hadoop-mapreduce-client-core/3.2.1/hadoop-mapreduce-client-core-3.2.1.jar:/home/user/.m2/repository/org/apache/avro/avro/1.7.7/avro-1.7.7.jar:/home/user/.m2/repository/org/codehaus/jackson/jackson-core-asl/1.9.13/jackson-core-asl-1.9.13.jar:/home/user/.m2/repository/org/codehaus/jackson/jackson-mapper-asl/1.9.13/jackson-mapper-asl-1.9.13.jar:/home/user/.m2/repository/com/thoughtworks/paranamer/paranamer/2.3/paranamer-2.3.jar:/home/user/.m2/repository/org/xerial/snappy/snappy-java/1.0.5/snappy-java-1.0.5.jar:/home/user/.m2/repository/org/apache/hadoop/hadoop-annotations/3.2.1/hadoop-annotations-3.2.1.jar:/usr/lib/jvm/java-1.8.0-openjdk-1.8.0.232.b09-0.el7_7.x86_64/jre/../lib/tools.jar:/home/user/.m2/repository/org/apache/hadoop/hadoop-distcp/3.2.1/hadoop-distcp-3.2.1-tests.jar:"/>
    <property name="java.vm.vendor" value="Oracle Corporation"/>
    <property name="sun.arch.data.model" value="64"/>
    <property name="test.build.dir" value="/github/workspace/mnt/ozone/hadoop-ozone/integration-test/target/test-dir"/>
    <property name="test.cache.data" value=""/>
    <property name="java.vendor.url" value="http://java.oracle.com/"/>
    <property name="user.timezone" value=""/>
    <property name="java.vm.specification.version" value="1.8"/>
    <property name="os.name" value="Linux"/>
    <property name="test.build.data" value="/github/workspace/mnt/ozone/hadoop-ozone/integration-test/target/test-dir"/>
    <property name="user.country" value="US"/>
    <property name="sun.java.launcher" value="SUN_STANDARD"/>
    <property name="sun.boot.library.path" value="/usr/lib/jvm/java-1.8.0-openjdk-1.8.0.232.b09-0.el7_7.x86_64/jre/lib/amd64"/>
    <property name="sun.java.command" value="/github/workspace/mnt/ozone/hadoop-ozone/integration-test/target/surefire/surefirebooter1073337233714036892.jar /github/workspace/mnt/ozone/hadoop-ozone/integration-test/target/surefire 2020-07-08T13-30-35_909-jvmRun1 surefire2455169531283325616tmp surefire_212659490721593473459tmp"/>
    <property name="surefire.test.class.path" value="/github/workspace/mnt/ozone/hadoop-ozone/integration-test/target/test-classes:/github/workspace/mnt/ozone/hadoop-ozone/integration-test/target/classes:/home/user/.m2/repository/org/apache/hadoop/hadoop-ozone-common/0.6.0-SNAPSHOT/hadoop-ozone-common-0.6.0-SNAPSHOT.jar:/home/user/.m2/repository/org/apache/commons/commons-compress/1.4.1/commons-compress-1.4.1.jar:/home/user/.m2/repository/org/tukaani/xz/1.0/xz-1.0.jar:/home/user/.m2/repository/org/apache/hadoop/hadoop-hdds-common/0.6.0-SNAPSHOT/hadoop-hdds-common-0.6.0-SNAPSHOT.jar:/home/user/.m2/repository/org/apache/hadoop/hadoop-hdds-hadoop-dependency-client/0.6.0-SNAPSHOT/hadoop-hdds-hadoop-dependency-client-0.6.0-SNAPSHOT.jar:/home/user/.m2/repository/info/picocli/picocli/3.9.6/picocli-3.9.6.jar:/home/user/.m2/repository/com/fasterxml/jackson/core/jackson-annotations/2.10.3/jackson-annotations-2.10.3.jar:/home/user/.m2/repository/javax/annotation/javax.annotation-api/1.2/javax.annotation-api-1.2.jar:/home/user/.m2/repository/org/apache/ratis/ratis-server/0.6.0-6ab75ae-SNAPSHOT/ratis-server-0.6.0-6ab75ae-SNAPSHOT.jar:/home/user/.m2/repository/org/apache/ratis/ratis-client/0.6.0-6ab75ae-SNAPSHOT/ratis-client-0.6.0-6ab75ae-SNAPSHOT.jar:/home/user/.m2/repository/org/apache/ratis/ratis-metrics/0.6.0-6ab75ae-SNAPSHOT/ratis-metrics-0.6.0-6ab75ae-SNAPSHOT.jar:/home/user/.m2/repository/org/apache/ratis/ratis-netty/0.6.0-6ab75ae-SNAPSHOT/ratis-netty-0.6.0-6ab75ae-SNAPSHOT.jar:/home/user/.m2/repository/org/apache/ratis/ratis-grpc/0.6.0-6ab75ae-SNAPSHOT/ratis-grpc-0.6.0-6ab75ae-SNAPSHOT.jar:/home/user/.m2/repository/org/apache/logging/log4j/log4j-api/2.11.0/log4j-api-2.11.0.jar:/home/user/.m2/repository/org/apache/logging/log4j/log4j-core/2.11.0/log4j-core-2.11.0.jar:/home/user/.m2/repository/com/lmax/disruptor/3.4.2/disruptor-3.4.2.jar:/home/user/.m2/repository/org/apache/commons/commons-pool2/2.6.0/commons-pool2-2.6.0.jar:/home/user/.m2/repository/org/bouncycastle/bcpkix-jdk15on/1.60/bcpkix-jdk15on-1.60.jar:/home/user/.m2/repository/commons-validator/commons-validator/1.6/commons-validator-1.6.jar:/home/user/.m2/repository/commons-digester/commons-digester/1.8.1/commons-digester-1.8.1.jar:/home/user/.m2/repository/io/jaegertracing/jaeger-client/1.2.0/jaeger-client-1.2.0.jar:/home/user/.m2/repository/io/jaegertracing/jaeger-thrift/1.2.0/jaeger-thrift-1.2.0.jar:/home/user/.m2/repository/org/apache/thrift/libthrift/0.13.0/libthrift-0.13.0.jar:/home/user/.m2/repository/com/squareup/okhttp3/okhttp/4.2.2/okhttp-4.2.2.jar:/home/user/.m2/repository/com/squareup/okio/okio/2.2.2/okio-2.2.2.jar:/home/user/.m2/repository/org/jetbrains/kotlin/kotlin-stdlib/1.3.50/kotlin-stdlib-1.3.50.jar:/home/user/.m2/repository/org/jetbrains/kotlin/kotlin-stdlib-common/1.3.50/kotlin-stdlib-common-1.3.50.jar:/home/user/.m2/repository/org/jetbrains/annotations/13.0/annotations-13.0.jar:/home/user/.m2/repository/io/jaegertracing/jaeger-core/1.2.0/jaeger-core-1.2.0.jar:/home/user/.m2/repository/io/jaegertracing/jaeger-tracerresolver/1.2.0/jaeger-tracerresolver-1.2.0.jar:/home/user/.m2/repository/io/opentracing/contrib/opentracing-tracerresolver/0.1.8/opentracing-tracerresolver-0.1.8.jar:/home/user/.m2/repository/io/opentracing/opentracing-util/0.33.0/opentracing-util-0.33.0.jar:/home/user/.m2/repository/io/opentracing/opentracing-api/0.33.0/opentracing-api-0.33.0.jar:/home/user/.m2/repository/io/opentracing/opentracing-noop/0.33.0/opentracing-noop-0.33.0.jar:/home/user/.m2/repository/org/apache/hadoop/hadoop-hdds-client/0.6.0-SNAPSHOT/hadoop-hdds-client-0.6.0-SNAPSHOT.jar:/home/user/.m2/repository/org/apache/hadoop/hadoop-ozone-interface-client/0.6.0-SNAPSHOT/hadoop-ozone-interface-client-0.6.0-SNAPSHOT.jar:/home/user/.m2/repository/org/apache/hadoop/hadoop-hdds-test-utils/0.6.0-SNAPSHOT/hadoop-hdds-test-utils-0.6.0-SNAPSHOT.jar:/home/user/.m2/repository/com/google/guava/guava/28.2-jre/guava-28.2-jre.jar:/home/user/.m2/repository/com/google/guava/failureaccess/1.0.1/failureaccess-1.0.1.jar:/home/user/.m2/repository/com/google/guava/listenablefuture/9999.0-empty-to-avoid-conflict-with-guava/listenablefuture-9999.0-empty-to-avoid-conflict-with-guava.jar:/home/user/.m2/repository/com/google/code/findbugs/jsr305/3.0.0/jsr305-3.0.0.jar:/home/user/.m2/repository/org/checkerframework/checker-qual/2.10.0/checker-qual-2.10.0.jar:/home/user/.m2/repository/com/google/errorprone/error_prone_annotations/2.2.0/error_prone_annotations-2.2.0.jar:/home/user/.m2/repository/com/google/j2objc/j2objc-annotations/1.3/j2objc-annotations-1.3.jar:/home/user/.m2/repository/commons-io/commons-io/2.5/commons-io-2.5.jar:/home/user/.m2/repository/commons-logging/commons-logging/1.2/commons-logging-1.2.jar:/home/user/.m2/repository/log4j/log4j/1.2.17/log4j-1.2.17.jar:/home/user/.m2/repository/org/slf4j/slf4j-api/1.7.25/slf4j-api-1.7.25.jar:/home/user/.m2/repository/org/apache/hadoop/hadoop-hdds-server-scm/0.6.0-SNAPSHOT/hadoop-hdds-server-scm-0.6.0-SNAPSHOT.jar:/home/user/.m2/repository/org/apache/hadoop/hadoop-hdds-container-service/0.6.0-SNAPSHOT/hadoop-hdds-container-service-0.6.0-SNAPSHOT.jar:/home/user/.m2/repository/org/apache/hadoop/hadoop-hdds-hadoop-dependency-server/0.6.0-SNAPSHOT/hadoop-hdds-hadoop-dependency-server-0.6.0-SNAPSHOT.jar:/home/user/.m2/repository/org/apache/hadoop/hadoop-hdds-server-framework/0.6.0-SNAPSHOT/hadoop-hdds-server-framework-0.6.0-SNAPSHOT.jar:/home/user/.m2/repository/org/apache/hadoop/hadoop-hdds-interface-server/0.6.0-SNAPSHOT/hadoop-hdds-interface-server-0.6.0-SNAPSHOT.jar:/home/user/.m2/repository/org/apache/hadoop/hadoop-hdds-interface-admin/0.6.0-SNAPSHOT/hadoop-hdds-interface-admin-0.6.0-SNAPSHOT.jar:/home/user/.m2/repository/org/rocksdb/rocksdbjni/6.8.1/rocksdbjni-6.8.1.jar:/home/user/.m2/repository/io/prometheus/simpleclient_dropwizard/0.7.0/simpleclient_dropwizard-0.7.0.jar:/home/user/.m2/repository/io/prometheus/simpleclient/0.7.0/simpleclient-0.7.0.jar:/home/user/.m2/repository/io/prometheus/simpleclient_common/0.7.0/simpleclient_common-0.7.0.jar:/home/user/.m2/repository/com/fasterxml/jackson/datatype/jackson-datatype-jsr310/2.10.3/jackson-datatype-jsr310-2.10.3.jar:/home/user/.m2/repository/org/apache/hadoop/hadoop-hdds-docs/0.6.0-SNAPSHOT/hadoop-hdds-docs-0.6.0-SNAPSHOT.jar:/home/user/.m2/repository/io/dropwizard/metrics/metrics-core/3.2.4/metrics-core-3.2.4.jar:/home/user/.m2/repository/org/apache/hadoop/hadoop-hdfs-client/3.2.1/hadoop-hdfs-client-3.2.1.jar:/home/user/.m2/repository/org/bouncycastle/bcprov-jdk15on/1.60/bcprov-jdk15on-1.60.jar:/home/user/.m2/repository/org/apache/hadoop/hadoop-ozone-ozone-manager/0.6.0-SNAPSHOT/hadoop-ozone-ozone-manager-0.6.0-SNAPSHOT.jar:/home/user/.m2/repository/org/apache/hadoop/hadoop-hdds-interface-client/0.6.0-SNAPSHOT/hadoop-hdds-interface-client-0.6.0-SNAPSHOT.jar:/home/user/.m2/repository/org/apache/ratis/ratis-thirdparty-misc/0.4.0/ratis-thirdparty-misc-0.4.0.jar:/home/user/.m2/repository/org/apache/hadoop/hadoop-minikdc/3.2.1/hadoop-minikdc-3.2.1.jar:/home/user/.m2/repository/org/apache/kerby/kerb-simplekdc/1.0.1/kerb-simplekdc-1.0.1.jar:/home/user/.m2/repository/org/apache/kerby/kerb-client/1.0.1/kerb-client-1.0.1.jar:/home/user/.m2/repository/org/apache/kerby/kerby-config/1.0.1/kerby-config-1.0.1.jar:/home/user/.m2/repository/org/apache/kerby/kerb-core/1.0.1/kerb-core-1.0.1.jar:/home/user/.m2/repository/org/apache/kerby/kerby-pkix/1.0.1/kerby-pkix-1.0.1.jar:/home/user/.m2/repository/org/apache/kerby/kerby-asn1/1.0.1/kerby-asn1-1.0.1.jar:/home/user/.m2/repository/org/apache/kerby/kerby-util/1.0.1/kerby-util-1.0.1.jar:/home/user/.m2/repository/org/apache/kerby/kerb-common/1.0.1/kerb-common-1.0.1.jar:/home/user/.m2/repository/org/apache/kerby/kerb-crypto/1.0.1/kerb-crypto-1.0.1.jar:/home/user/.m2/repository/org/apache/kerby/kerb-util/1.0.1/kerb-util-1.0.1.jar:/home/user/.m2/repository/org/apache/kerby/token-provider/1.0.1/token-provider-1.0.1.jar:/home/user/.m2/repository/org/apache/kerby/kerb-admin/1.0.1/kerb-admin-1.0.1.jar:/home/user/.m2/repository/org/apache/kerby/kerb-server/1.0.1/kerb-server-1.0.1.jar:/home/user/.m2/repository/org/apache/kerby/kerb-identity/1.0.1/kerb-identity-1.0.1.jar:/home/user/.m2/repository/org/apache/kerby/kerby-xdr/1.0.1/kerby-xdr-1.0.1.jar:/home/user/.m2/repository/org/slf4j/slf4j-log4j12/1.7.25/slf4j-log4j12-1.7.25.jar:/home/user/.m2/repository/org/apache/hadoop/hadoop-ozone-s3gateway/0.6.0-SNAPSHOT/hadoop-ozone-s3gateway-0.6.0-SNAPSHOT.jar:/home/user/.m2/repository/org/jboss/weld/servlet/weld-servlet/2.4.7.Final/weld-servlet-2.4.7.Final.jar:/home/user/.m2/repository/org/glassfish/jersey/containers/jersey-container-servlet-core/2.27/jersey-container-servlet-core-2.27.jar:/home/user/.m2/repository/org/glassfish/hk2/external/javax.inject/2.5.0-b42/javax.inject-2.5.0-b42.jar:/home/user/.m2/repository/org/glassfish/jersey/core/jersey-common/2.27/jersey-common-2.27.jar:/home/user/.m2/repository/org/glassfish/hk2/osgi-resource-locator/1.0.1/osgi-resource-locator-1.0.1.jar:/home/user/.m2/repository/javax/ws/rs/javax.ws.rs-api/2.1/javax.ws.rs-api-2.1.jar:/home/user/.m2/repository/org/glassfish/jersey/ext/cdi/jersey-cdi1x/2.27/jersey-cdi1x-2.27.jar:/home/user/.m2/repository/org/glassfish/jersey/inject/jersey-hk2/2.27/jersey-hk2-2.27.jar:/home/user/.m2/repository/org/glassfish/hk2/hk2-locator/2.5.0-b42/hk2-locator-2.5.0-b42.jar:/home/user/.m2/repository/org/javassist/javassist/3.22.0-CR2/javassist-3.22.0-CR2.jar:/home/user/.m2/repository/org/glassfish/hk2/hk2-api/2.5.0/hk2-api-2.5.0.jar:/home/user/.m2/repository/org/glassfish/hk2/external/jakarta.inject/2.5.0/jakarta.inject-2.5.0.jar:/home/user/.m2/repository/org/glassfish/hk2/hk2-utils/2.5.0/hk2-utils-2.5.0.jar:/home/user/.m2/repository/jakarta/annotation/jakarta.annotation-api/1.3.4/jakarta.annotation-api-1.3.4.jar:/home/user/.m2/repository/org/glassfish/hk2/external/aopalliance-repackaged/2.5.0/aopalliance-repackaged-2.5.0.jar:/home/user/.m2/repository/com/fasterxml/jackson/dataformat/jackson-dataformat-xml/2.10.3/jackson-dataformat-xml-2.10.3.jar:/home/user/.m2/repository/com/fasterxml/jackson/core/jackson-core/2.10.3/jackson-core-2.10.3.jar:/home/user/.m2/repository/com/fasterxml/jackson/module/jackson-module-jaxb-annotations/2.10.3/jackson-module-jaxb-annotations-2.10.3.jar:/home/user/.m2/repository/jakarta/xml/bind/jakarta.xml.bind-api/2.3.2/jakarta.xml.bind-api-2.3.2.jar:/home/user/.m2/repository/jakarta/activation/jakarta.activation-api/1.2.1/jakarta.activation-api-1.2.1.jar:/home/user/.m2/repository/org/codehaus/woodstox/stax2-api/3.1.4/stax2-api-3.1.4.jar:/home/user/.m2/repository/com/fasterxml/woodstox/woodstox-core/5.0.3/woodstox-core-5.0.3.jar:/home/user/.m2/repository/javax/enterprise/cdi-api/1.2/cdi-api-1.2.jar:/home/user/.m2/repository/javax/el/javax.el-api/3.0.0/javax.el-api-3.0.0.jar:/home/user/.m2/repository/javax/interceptor/javax.interceptor-api/1.2/javax.interceptor-api-1.2.jar:/home/user/.m2/repository/javax/inject/javax.inject/1/javax.inject-1.jar:/home/user/.m2/repository/com/sun/xml/bind/jaxb-impl/2.3.0.1/jaxb-impl-2.3.0.1.jar:/home/user/.m2/repository/com/sun/xml/bind/jaxb-core/2.3.0.1/jaxb-core-2.3.0.1.jar:/home/user/.m2/repository/javax/xml/bind/jaxb-api/2.3.0/jaxb-api-2.3.0.jar:/home/user/.m2/repository/javax/activation/activation/1.1.1/activation-1.1.1.jar:/home/user/.m2/repository/org/apache/hadoop/hadoop-ozone-csi/0.6.0-SNAPSHOT/hadoop-ozone-csi-0.6.0-SNAPSHOT.jar:/home/user/.m2/repository/com/google/protobuf/protobuf-java-util/3.11.0/protobuf-java-util-3.11.0.jar:/home/user/.m2/repository/com/google/code/gson/gson/2.2.4/gson-2.2.4.jar:/home/user/.m2/repository/org/apache/hadoop/hadoop-hdds-config/0.6.0-SNAPSHOT/hadoop-hdds-config-0.6.0-SNAPSHOT.jar:/home/user/.m2/repository/com/google/protobuf/protobuf-java/2.5.0/protobuf-java-2.5.0.jar:/home/user/.m2/repository/io/grpc/grpc-netty/1.29.0/grpc-netty-1.29.0.jar:/home/user/.m2/repository/io/grpc/grpc-core/1.29.0/grpc-core-1.29.0.jar:/home/user/.m2/repository/com/google/android/annotations/4.1.1.4/annotations-4.1.1.4.jar:/home/user/.m2/repository/io/perfmark/perfmark-api/0.19.0/perfmark-api-0.19.0.jar:/home/user/.m2/repository/io/netty/netty-codec-http2/4.1.48.Final/netty-codec-http2-4.1.48.Final.jar:/home/user/.m2/repository/io/netty/netty-codec/4.1.48.Final/netty-codec-4.1.48.Final.jar:/home/user/.m2/repository/io/netty/netty-handler/4.1.48.Final/netty-handler-4.1.48.Final.jar:/home/user/.m2/repository/io/netty/netty-codec-http/4.1.48.Final/netty-codec-http-4.1.48.Final.jar:/home/user/.m2/repository/io/netty/netty-handler-proxy/4.1.48.Final/netty-handler-proxy-4.1.48.Final.jar:/home/user/.m2/repository/io/netty/netty-codec-socks/4.1.48.Final/netty-codec-socks-4.1.48.Final.jar:/home/user/.m2/repository/io/netty/netty-transport-native-epoll/4.1.48.Final/netty-transport-native-epoll-4.1.48.Final.jar:/home/user/.m2/repository/io/netty/netty-common/4.1.48.Final/netty-common-4.1.48.Final.jar:/home/user/.m2/repository/io/netty/netty-buffer/4.1.48.Final/netty-buffer-4.1.48.Final.jar:/home/user/.m2/repository/io/netty/netty-transport/4.1.48.Final/netty-transport-4.1.48.Final.jar:/home/user/.m2/repository/io/netty/netty-resolver/4.1.48.Final/netty-resolver-4.1.48.Final.jar:/home/user/.m2/repository/io/netty/netty-transport-native-unix-common/4.1.48.Final/netty-transport-native-unix-common-4.1.48.Final.jar:/home/user/.m2/repository/io/grpc/grpc-protobuf/1.29.0/grpc-protobuf-1.29.0.jar:/home/user/.m2/repository/io/grpc/grpc-api/1.29.0/grpc-api-1.29.0.jar:/home/user/.m2/repository/io/grpc/grpc-context/1.29.0/grpc-context-1.29.0.jar:/home/user/.m2/repository/org/codehaus/mojo/animal-sniffer-annotations/1.18/animal-sniffer-annotations-1.18.jar:/home/user/.m2/repository/com/google/api/grpc/proto-google-common-protos/1.17.0/proto-google-common-protos-1.17.0.jar:/home/user/.m2/repository/io/grpc/grpc-protobuf-lite/1.29.0/grpc-protobuf-lite-1.29.0.jar:/home/user/.m2/repository/io/grpc/grpc-stub/1.29.0/grpc-stub-1.29.0.jar:/home/user/.m2/repository/org/apache/hadoop/hadoop-ozone-recon/0.6.0-SNAPSHOT/hadoop-ozone-recon-0.6.0-SNAPSHOT.jar:/home/user/.m2/repository/org/apache/hadoop/hadoop-ozone-reconcodegen/0.6.0-SNAPSHOT/hadoop-ozone-reconcodegen-0.6.0-SNAPSHOT.jar:/home/user/.m2/repository/com/google/inject/extensions/guice-multibindings/4.0/guice-multibindings-4.0.jar:/home/user/.m2/repository/com/google/inject/guice/4.0/guice-4.0.jar:/home/user/.m2/repository/aopalliance/aopalliance/1.0/aopalliance-1.0.jar:/home/user/.m2/repository/com/google/inject/extensions/guice-assistedinject/4.0/guice-assistedinject-4.0.jar:/home/user/.m2/repository/com/google/inject/extensions/guice-servlet/4.0/guice-servlet-4.0.jar:/home/user/.m2/repository/org/glassfish/jersey/containers/jersey-container-servlet/2.27/jersey-container-servlet-2.27.jar:/home/user/.m2/repository/org/glassfish/hk2/guice-bridge/2.5.0/guice-bridge-2.5.0.jar:/home/user/.m2/repository/org/glassfish/jersey/core/jersey-server/2.27/jersey-server-2.27.jar:/home/user/.m2/repository/org/glassfish/jersey/core/jersey-client/2.27/jersey-client-2.27.jar:/home/user/.m2/repository/org/glassfish/jersey/media/jersey-media-jaxb/2.27/jersey-media-jaxb-2.27.jar:/home/user/.m2/repository/javax/validation/validation-api/1.1.0.Final/validation-api-1.1.0.Final.jar:/home/user/.m2/repository/org/glassfish/jersey/media/jersey-media-json-jackson/2.27/jersey-media-json-jackson-2.27.jar:/home/user/.m2/repository/org/glassfish/jersey/ext/jersey-entity-filtering/2.27/jersey-entity-filtering-2.27.jar:/home/user/.m2/repository/org/jooq/jooq/3.11.10/jooq-3.11.10.jar:/home/user/.m2/repository/org/jooq/jooq-meta/3.11.10/jooq-meta-3.11.10.jar:/home/user/.m2/repository/org/jooq/jooq-codegen/3.11.10/jooq-codegen-3.11.10.jar:/home/user/.m2/repository/com/jolbox/bonecp/0.8.0.RELEASE/bonecp-0.8.0.RELEASE.jar:/home/user/.m2/repository/org/apache/derby/derby/10.14.2.0/derby-10.14.2.0.jar:/home/user/.m2/repository/org/xerial/sqlite-jdbc/3.25.2/sqlite-jdbc-3.25.2.jar:/home/user/.m2/repository/org/springframework/spring-jdbc/5.2.5.RELEASE/spring-jdbc-5.2.5.RELEASE.jar:/home/user/.m2/repository/org/springframework/spring-beans/5.2.5.RELEASE/spring-beans-5.2.5.RELEASE.jar:/home/user/.m2/repository/org/springframework/spring-core/5.2.5.RELEASE/spring-core-5.2.5.RELEASE.jar:/home/user/.m2/repository/org/springframework/spring-jcl/5.2.5.RELEASE/spring-jcl-5.2.5.RELEASE.jar:/home/user/.m2/repository/org/springframework/spring-tx/5.2.5.RELEASE/spring-tx-5.2.5.RELEASE.jar:/home/user/.m2/repository/org/apache/hadoop/hadoop-ozone-client/0.6.0-SNAPSHOT/hadoop-ozone-client-0.6.0-SNAPSHOT.jar:/home/user/.m2/repository/org/apache/hadoop/hadoop-ozone-filesystem/0.6.0-SNAPSHOT/hadoop-ozone-filesystem-0.6.0-SNAPSHOT.jar:/home/user/.m2/repository/org/apache/hadoop/hadoop-ozone-filesystem-common/0.6.0-SNAPSHOT/hadoop-ozone-filesystem-common-0.6.0-SNAPSHOT.jar:/home/user/.m2/repository/org/apache/hadoop/hadoop-ozone-tools/0.6.0-SNAPSHOT/hadoop-ozone-tools-0.6.0-SNAPSHOT.jar:/home/user/.m2/repository/org/apache/hadoop/hadoop-hdfs/3.2.1/hadoop-hdfs-3.2.1.jar:/home/user/.m2/repository/org/apache/ratis/ratis-tools/0.6.0-6ab75ae-SNAPSHOT/ratis-tools-0.6.0-6ab75ae-SNAPSHOT.jar:/home/user/.m2/repository/org/apache/ratis/ratis-proto/0.6.0-6ab75ae-SNAPSHOT/ratis-proto-0.6.0-6ab75ae-SNAPSHOT.jar:/home/user/.m2/repository/org/apache/ratis/ratis-common/0.6.0-6ab75ae-SNAPSHOT/ratis-common-0.6.0-6ab75ae-SNAPSHOT.jar:/home/user/.m2/repository/com/amazonaws/aws-java-sdk-core/1.11.615/aws-java-sdk-core-1.11.615.jar:/home/user/.m2/repository/org/apache/httpcomponents/httpclient/4.5.2/httpclient-4.5.2.jar:/home/user/.m2/repository/org/apache/httpcomponents/httpcore/4.4.4/httpcore-4.4.4.jar:/home/user/.m2/repository/software/amazon/ion/ion-java/1.0.2/ion-java-1.0.2.jar:/home/user/.m2/repository/com/fasterxml/jackson/dataformat/jackson-dataformat-cbor/2.10.3/jackson-dataformat-cbor-2.10.3.jar:/home/user/.m2/repository/joda-time/joda-time/2.8.1/joda-time-2.8.1.jar:/home/user/.m2/repository/com/amazonaws/aws-java-sdk-s3/1.11.615/aws-java-sdk-s3-1.11.615.jar:/home/user/.m2/repository/com/amazonaws/aws-java-sdk-kms/1.11.615/aws-java-sdk-kms-1.11.615.jar:/home/user/.m2/repository/com/amazonaws/jmespath-java/1.11.615/jmespath-java-1.11.615.jar:/home/user/.m2/repository/org/apache/hadoop/hadoop-hdds-tools/0.6.0-SNAPSHOT/hadoop-hdds-tools-0.6.0-SNAPSHOT.jar:/home/user/.m2/repository/commons-cli/commons-cli/1.2/commons-cli-1.2.jar:/home/user/.m2/repository/org/apache/commons/commons-lang3/3.7/commons-lang3-3.7.jar:/home/user/.m2/repository/org/apache/hadoop/hadoop-ozone-ozone-manager/0.6.0-SNAPSHOT/hadoop-ozone-ozone-manager-0.6.0-SNAPSHOT-tests.jar:/home/user/.m2/repository/junit/junit/4.11/junit-4.11.jar:/home/user/.m2/repository/org/hamcrest/hamcrest-core/1.3/hamcrest-core-1.3.jar:/home/user/.m2/repository/org/openjdk/jmh/jmh-core/1.19/jmh-core-1.19.jar:/home/user/.m2/repository/net/sf/jopt-simple/jopt-simple/4.6/jopt-simple-4.6.jar:/home/user/.m2/repository/org/apache/commons/commons-math3/3.1.1/commons-math3-3.1.1.jar:/home/user/.m2/repository/org/openjdk/jmh/jmh-generator-annprocess/1.19/jmh-generator-annprocess-1.19.jar:/home/user/.m2/repository/org/mockito/mockito-all/1.8.5/mockito-all-1.8.5.jar:/home/user/.m2/repository/org/apache/hadoop/hadoop-kms/3.2.1/hadoop-kms-3.2.1.jar:/home/user/.m2/repository/org/apache/hadoop/hadoop-auth/3.2.1/hadoop-auth-3.2.1.jar:/home/user/.m2/repository/com/nimbusds/nimbus-jose-jwt/7.9/nimbus-jose-jwt-7.9.jar:/home/user/.m2/repository/com/github/stephenc/jcip/jcip-annotations/1.0-1/jcip-annotations-1.0-1.jar:/home/user/.m2/repository/net/minidev/json-smart/2.3/json-smart-2.3.jar:/home/user/.m2/repository/net/minidev/accessors-smart/1.2/accessors-smart-1.2.jar:/home/user/.m2/repository/org/ow2/asm/asm/5.0.4/asm-5.0.4.jar:/home/user/.m2/repository/org/apache/zookeeper/zookeeper/3.4.13/zookeeper-3.4.13.jar:/home/user/.m2/repository/org/apache/yetus/audience-annotations/0.5.0/audience-annotations-0.5.0.jar:/home/user/.m2/repository/org/apache/curator/curator-framework/2.13.0/curator-framework-2.13.0.jar:/home/user/.m2/repository/com/sun/jersey/jersey-core/1.19/jersey-core-1.19.jar:/home/user/.m2/repository/javax/ws/rs/jsr311-api/1.1.1/jsr311-api-1.1.1.jar:/home/user/.m2/repository/com/sun/jersey/jersey-server/1.19/jersey-server-1.19.jar:/home/user/.m2/repository/javax/servlet/javax.servlet-api/3.1.0/javax.servlet-api-3.1.0.jar:/home/user/.m2/repository/org/eclipse/jetty/jetty-server/9.4.26.v20200117/jetty-server-9.4.26.v20200117.jar:/home/user/.m2/repository/org/eclipse/jetty/jetty-http/9.4.26.v20200117/jetty-http-9.4.26.v20200117.jar:/home/user/.m2/repository/org/eclipse/jetty/jetty-io/9.4.26.v20200117/jetty-io-9.4.26.v20200117.jar:/home/user/.m2/repository/org/eclipse/jetty/jetty-webapp/9.4.26.v20200117/jetty-webapp-9.4.26.v20200117.jar:/home/user/.m2/repository/org/eclipse/jetty/jetty-xml/9.4.26.v20200117/jetty-xml-9.4.26.v20200117.jar:/home/user/.m2/repository/org/eclipse/jetty/jetty-servlet/9.4.26.v20200117/jetty-servlet-9.4.26.v20200117.jar:/home/user/.m2/repository/org/eclipse/jetty/jetty-security/9.4.26.v20200117/jetty-security-9.4.26.v20200117.jar:/home/user/.m2/repository/org/apache/hadoop/hadoop-common/3.2.1/hadoop-common-3.2.1.jar:/home/user/.m2/repository/commons-net/commons-net/3.6/commons-net-3.6.jar:/home/user/.m2/repository/commons-collections/commons-collections/3.2.2/commons-collections-3.2.2.jar:/home/user/.m2/repository/com/sun/jersey/jersey-servlet/1.19/jersey-servlet-1.19.jar:/home/user/.m2/repository/com/sun/jersey/jersey-json/1.19/jersey-json-1.19.jar:/home/user/.m2/repository/org/codehaus/jettison/jettison/1.1/jettison-1.1.jar:/home/user/.m2/repository/org/codehaus/jackson/jackson-jaxrs/1.9.2/jackson-jaxrs-1.9.2.jar:/home/user/.m2/repository/org/codehaus/jackson/jackson-xc/1.9.2/jackson-xc-1.9.2.jar:/home/user/.m2/repository/commons-beanutils/commons-beanutils/1.9.4/commons-beanutils-1.9.4.jar:/home/user/.m2/repository/org/apache/commons/commons-configuration2/2.1.1/commons-configuration2-2.1.1.jar:/home/user/.m2/repository/org/apache/commons/commons-text/1.4/commons-text-1.4.jar:/home/user/.m2/repository/com/google/re2j/re2j/1.1/re2j-1.1.jar:/home/user/.m2/repository/com/jcraft/jsch/0.1.54/jsch-0.1.54.jar:/home/user/.m2/repository/org/apache/curator/curator-client/2.13.0/curator-client-2.13.0.jar:/home/user/.m2/repository/org/apache/curator/curator-recipes/2.13.0/curator-recipes-2.13.0.jar:/home/user/.m2/repository/dnsjava/dnsjava/2.1.7/dnsjava-2.1.7.jar:/home/user/.m2/repository/org/slf4j/jul-to-slf4j/1.7.25/jul-to-slf4j-1.7.25.jar:/home/user/.m2/repository/org/eclipse/jetty/jetty-util/9.4.26.v20200117/jetty-util-9.4.26.v20200117.jar:/home/user/.m2/repository/com/fasterxml/jackson/core/jackson-databind/2.10.3/jackson-databind-2.10.3.jar:/home/user/.m2/repository/org/apache/hadoop/hadoop-kms/3.2.1/hadoop-kms-3.2.1-tests.jar:/home/user/.m2/repository/org/apache/hadoop/hadoop-hdds-server-scm/0.6.0-SNAPSHOT/hadoop-hdds-server-scm-0.6.0-SNAPSHOT-tests.jar:/home/user/.m2/repository/org/apache/hadoop/hadoop-hdds-container-service/0.6.0-SNAPSHOT/hadoop-hdds-container-service-0.6.0-SNAPSHOT-tests.jar:/home/user/.m2/repository/org/apache/hadoop/hadoop-hdds-common/0.6.0-SNAPSHOT/hadoop-hdds-common-0.6.0-SNAPSHOT-tests.jar:/home/user/.m2/repository/org/yaml/snakeyaml/1.16/snakeyaml-1.16.jar:/home/user/.m2/repository/org/apache/hadoop/hadoop-hdds-hadoop-dependency-test/0.6.0-SNAPSHOT/hadoop-hdds-hadoop-dependency-test-0.6.0-SNAPSHOT.jar:/home/user/.m2/repository/org/apache/hadoop/hadoop-common/3.2.1/hadoop-common-3.2.1-tests.jar:/home/user/.m2/repository/javax/servlet/jsp/jsp-api/2.1/jsp-api-2.1.jar:/home/user/.m2/repository/org/apache/hadoop/hadoop-hdfs/3.2.1/hadoop-hdfs-3.2.1-tests.jar:/home/user/.m2/repository/org/eclipse/jetty/jetty-util-ajax/9.4.26.v20200117/jetty-util-ajax-9.4.26.v20200117.jar:/home/user/.m2/repository/commons-codec/commons-codec/1.11/commons-codec-1.11.jar:/home/user/.m2/repository/commons-daemon/commons-daemon/1.0.13/commons-daemon-1.0.13.jar:/home/user/.m2/repository/io/netty/netty/3.10.5.Final/netty-3.10.5.Final.jar:/home/user/.m2/repository/io/netty/netty-all/4.1.48.Final/netty-all-4.1.48.Final.jar:/home/user/.m2/repository/org/apache/htrace/htrace-core4/4.1.0-incubating/htrace-core4-4.1.0-incubating.jar:/home/user/.m2/repository/org/fusesource/leveldbjni/leveldbjni-all/1.8/leveldbjni-all-1.8.jar:/home/user/.m2/repository/org/apache/hadoop/hadoop-distcp/3.2.1/hadoop-distcp-3.2.1.jar:/home/user/.m2/repository/org/apache/hadoop/hadoop-mapreduce-client-jobclient/3.2.1/hadoop-mapreduce-client-jobclient-3.2.1.jar:/home/user/.m2/repository/org/apache/hadoop/hadoop-mapreduce-client-common/3.2.1/hadoop-mapreduce-client-common-3.2.1.jar:/home/user/.m2/repository/org/apache/hadoop/hadoop-yarn-common/3.2.1/hadoop-yarn-common-3.2.1.jar:/home/user/.m2/repository/org/apache/hadoop/hadoop-yarn-api/3.2.1/hadoop-yarn-api-3.2.1.jar:/home/user/.m2/repository/com/sun/jersey/jersey-client/1.19/jersey-client-1.19.jar:/home/user/.m2/repository/com/sun/jersey/contribs/jersey-guice/1.19/jersey-guice-1.19.jar:/home/user/.m2/repository/com/fasterxml/jackson/jaxrs/jackson-jaxrs-json-provider/2.10.3/jackson-jaxrs-json-provider-2.10.3.jar:/home/user/.m2/repository/com/fasterxml/jackson/jaxrs/jackson-jaxrs-base/2.10.3/jackson-jaxrs-base-2.10.3.jar:/home/user/.m2/repository/org/apache/hadoop/hadoop-yarn-client/3.2.1/hadoop-yarn-client-3.2.1.jar:/home/user/.m2/repository/org/apache/hadoop/hadoop-mapreduce-client-core/3.2.1/hadoop-mapreduce-client-core-3.2.1.jar:/home/user/.m2/repository/org/apache/avro/avro/1.7.7/avro-1.7.7.jar:/home/user/.m2/repository/org/codehaus/jackson/jackson-core-asl/1.9.13/jackson-core-asl-1.9.13.jar:/home/user/.m2/repository/org/codehaus/jackson/jackson-mapper-asl/1.9.13/jackson-mapper-asl-1.9.13.jar:/home/user/.m2/repository/com/thoughtworks/paranamer/paranamer/2.3/paranamer-2.3.jar:/home/user/.m2/repository/org/xerial/snappy/snappy-java/1.0.5/snappy-java-1.0.5.jar:/home/user/.m2/repository/org/apache/hadoop/hadoop-annotations/3.2.1/hadoop-annotations-3.2.1.jar:/usr/lib/jvm/java-1.8.0-openjdk-1.8.0.232.b09-0.el7_7.x86_64/jre/../lib/tools.jar:/home/user/.m2/repository/org/apache/hadoop/hadoop-distcp/3.2.1/hadoop-distcp-3.2.1-tests.jar:"/>
    <property name="sun.cpu.endian" value="little"/>
    <property name="user.home" value="/home/user"/>
    <property name="user.language" value="en"/>
    <property name="java.specification.vendor" value="Oracle Corporation"/>
    <property name="java.home" value="/usr/lib/jvm/java-1.8.0-openjdk-1.8.0.232.b09-0.el7_7.x86_64/jre"/>
    <property name="java.security.krb5.conf" value="/github/workspace/mnt/ozone/hadoop-ozone/integration-test/target/test-classes/krb5.conf"/>
    <property name="basedir" value="/github/workspace/mnt/ozone/hadoop-ozone/integration-test"/>
    <property name="file.separator" value="/"/>
    <property name="line.separator" value="&#10;"/>
    <property name="java.vm.specification.vendor" value="Oracle Corporation"/>
    <property name="java.specification.name" value="Java Platform API Specification"/>
    <property name="java.awt.graphicsenv" value="sun.awt.X11GraphicsEnvironment"/>
    <property name="skip.installnpx" value="true"/>
    <property name="surefire.real.class.path" value="/github/workspace/mnt/ozone/hadoop-ozone/integration-test/target/surefire/surefirebooter1073337233714036892.jar:/home/user/.m2/repository/org/jacoco/org.jacoco.agent/0.8.5/org.jacoco.agent-0.8.5-runtime.jar"/>
    <property name="hadoop.log.dir" value="/github/workspace/mnt/ozone/hadoop-ozone/integration-test/target/log"/>
    <property name="sun.boot.class.path" value="/usr/lib/jvm/java-1.8.0-openjdk-1.8.0.232.b09-0.el7_7.x86_64/jre/lib/resources.jar:/usr/lib/jvm/java-1.8.0-openjdk-1.8.0.232.b09-0.el7_7.x86_64/jre/lib/rt.jar:/usr/lib/jvm/java-1.8.0-openjdk-1.8.0.232.b09-0.el7_7.x86_64/jre/lib/sunrsasign.jar:/usr/lib/jvm/java-1.8.0-openjdk-1.8.0.232.b09-0.el7_7.x86_64/jre/lib/jsse.jar:/usr/lib/jvm/java-1.8.0-openjdk-1.8.0.232.b09-0.el7_7.x86_64/jre/lib/jce.jar:/usr/lib/jvm/java-1.8.0-openjdk-1.8.0.232.b09-0.el7_7.x86_64/jre/lib/charsets.jar:/usr/lib/jvm/java-1.8.0-openjdk-1.8.0.232.b09-0.el7_7.x86_64/jre/lib/jfr.jar:/usr/lib/jvm/java-1.8.0-openjdk-1.8.0.232.b09-0.el7_7.x86_64/jre/classes"/>
    <property name="sun.management.compiler" value="HotSpot 64-Bit Tiered Compilers"/>
    <property name="skip.npx" value="true"/>
    <property name="java.runtime.version" value="1.8.0_232-b09"/>
    <property name="java.net.preferIPv4Stack" value="true"/>
    <property name="user.name" value="jenkins1001"/>
    <property name="path.separator" value=":"/>
    <property name="java.security.egd" value="file:///dev/urandom"/>
    <property name="os.version" value="5.3.0-1031-azure"/>
    <property name="java.endorsed.dirs" value="/usr/lib/jvm/java-1.8.0-openjdk-1.8.0.232.b09-0.el7_7.x86_64/jre/lib/endorsed"/>
    <property name="java.runtime.name" value="OpenJDK Runtime Environment"/>
    <property name="file.encoding" value="ANSI_X3.4-1968"/>
    <property name="java.vm.name" value="OpenJDK 64-Bit Server VM"/>
    <property name="test.build.webapps" value=""/>
    <property name="localRepository" value="/home/user/.m2/repository"/>
    <property name="java.vendor.url.bug" value="http://bugreport.sun.com/bugreport/"/>
    <property name="java.io.tmpdir" value="/tmp"/>
    <property name="require.test.libhadoop" value=""/>
    <property name="java.version" value="1.8.0_232"/>
    <property name="user.dir" value="/github/workspace/mnt/ozone/hadoop-ozone/integration-test"/>
    <property name="os.arch" value="amd64"/>
    <property name="java.vm.specification.name" value="Java Virtual Machine Specification"/>
    <property name="test.build.classes" value="/github/workspace/mnt/ozone/hadoop-ozone/integration-test/target/test-classes"/>
    <property name="java.awt.printerjob" value="sun.print.PSPrinterJob"/>
    <property name="sun.os.patch.level" value="unknown"/>
    <property name="hadoop.tmp.dir" value="/github/workspace/mnt/ozone/hadoop-ozone/integration-test/target/tmp"/>
    <property name="java.library.path" value="/usr/lib:/usr/java/packages/lib/amd64:/usr/lib64:/lib64:/lib:/usr/lib"/>
    <property name="java.vm.info" value="mixed mode"/>
    <property name="java.vendor" value="Oracle Corporation"/>
    <property name="java.vm.version" value="25.232-b09"/>
    <property name="java.ext.dirs" value="/usr/lib/jvm/java-1.8.0-openjdk-1.8.0.232.b09-0.el7_7.x86_64/jre/lib/ext:/usr/java/packages/lib/ext"/>
    <property name="sun.io.unicode.encoding" value="UnicodeLittle"/>
    <property name="java.class.version" value="52.0"/>
  </properties>
  <testcase name="testApplyTransactionIdempotencyWithClosedContainer" classname="org.apache.hadoop.ozone.client.rpc.TestContainerStateMachineFailures" time="0.771">
    <failure type="java.lang.AssertionError">java.lang.AssertionError
	at org.junit.Assert.fail(Assert.java:86)
	at org.junit.Assert.assertTrue(Assert.java:41)
	at org.junit.Assert.assertFalse(Assert.java:64)
	at org.junit.Assert.assertFalse(Assert.java:74)
	at org.apache.hadoop.ozone.client.rpc.TestContainerStateMachineFailures.testApplyTransactionIdempotencyWithClosedContainer(TestContainerStateMachineFailures.java:450)
	at sun.reflect.NativeMethodAccessorImpl.invoke0(Native Method)
	at sun.reflect.NativeMethodAccessorImpl.invoke(NativeMethodAccessorImpl.java:62)
	at sun.reflect.DelegatingMethodAccessorImpl.invoke(DelegatingMethodAccessorImpl.java:43)
	at java.lang.reflect.Method.invoke(Method.java:498)
	at org.junit.runners.model.FrameworkMethod$1.runReflectiveCall(FrameworkMethod.java:47)
	at org.junit.internal.runners.model.ReflectiveCallable.run(ReflectiveCallable.java:12)
	at org.junit.runners.model.FrameworkMethod.invokeExplosively(FrameworkMethod.java:44)
	at org.junit.internal.runners.statements.InvokeMethod.evaluate(InvokeMethod.java:17)
	at org.junit.runners.ParentRunner.runLeaf(ParentRunner.java:271)
	at org.junit.runners.BlockJUnit4ClassRunner.runChild(BlockJUnit4ClassRunner.java:70)
	at org.junit.runners.BlockJUnit4ClassRunner.runChild(BlockJUnit4ClassRunner.java:50)
	at org.junit.runners.ParentRunner$3.run(ParentRunner.java:238)
	at org.junit.runners.ParentRunner$1.schedule(ParentRunner.java:63)
	at org.junit.runners.ParentRunner.runChildren(ParentRunner.java:236)
	at org.junit.runners.ParentRunner.access$000(ParentRunner.java:53)
	at org.junit.runners.ParentRunner$2.evaluate(ParentRunner.java:229)
	at org.junit.internal.runners.statements.RunBefores.evaluate(RunBefores.java:26)
	at org.junit.internal.runners.statements.RunAfters.evaluate(RunAfters.java:27)
	at org.junit.runners.ParentRunner.run(ParentRunner.java:309)
	at org.apache.maven.surefire.junit4.JUnit4Provider.execute(JUnit4Provider.java:365)
	at org.apache.maven.surefire.junit4.JUnit4Provider.executeWithRerun(JUnit4Provider.java:273)
	at org.apache.maven.surefire.junit4.JUnit4Provider.executeTestSet(JUnit4Provider.java:238)
	at org.apache.maven.surefire.junit4.JUnit4Provider.invoke(JUnit4Provider.java:159)
	at org.apache.maven.surefire.booter.ForkedBooter.invokeProviderInSameClassLoader(ForkedBooter.java:384)
	at org.apache.maven.surefire.booter.ForkedBooter.runSuitesInProcess(ForkedBooter.java:345)
	at org.apache.maven.surefire.booter.ForkedBooter.execute(ForkedBooter.java:126)
	at org.apache.maven.surefire.booter.ForkedBooter.main(ForkedBooter.java:418)
</failure>
    <system-out><![CDATA[2020-07-08 14:09:57,737 [main] WARN  server.ServerUtils (ServerUtils.java:getScmDbDir(148)) - ozone.scm.db.dirs is not configured. We recommend adding this setting. Falling back to ozone.metadata.dirs instead.
2020-07-08 14:09:57,833 [main] WARN  server.ServerUtils (ServerUtils.java:getScmDbDir(148)) - ozone.scm.db.dirs is not configured. We recommend adding this setting. Falling back to ozone.metadata.dirs instead.
2020-07-08 14:09:57,993 [main] WARN  db.DBStoreBuilder (DBStoreBuilder.java:createDBStoreBuilder(277)) - ozone.scm.db.dirs is not configured. We recommend adding this setting. Falling back to ozone.metadata.dirs instead.
2020-07-08 14:09:58,142 [main] INFO  net.NodeSchemaLoader (NodeSchemaLoader.java:loadSchemaFromFile(126)) - Loading file from sun.misc.CompoundEnumeration@7383eae2
2020-07-08 14:09:58,144 [main] INFO  net.NodeSchemaLoader (NodeSchemaLoader.java:loadSchema(172)) - Loading network topology layer schema file
2020-07-08 14:09:58,234 [main] INFO  node.SCMNodeManager (SCMNodeManager.java:<init>(116)) - Entering startup safe mode.
2020-07-08 14:09:58,406 [main] INFO  algorithms.ContainerPlacementPolicyFactory (ContainerPlacementPolicyFactory.java:getPolicy(60)) - Create container placement policy of type org.apache.hadoop.hdds.scm.container.placement.algorithms.SCMContainerPlacementRandom
2020-07-08 14:09:58,434 [main] INFO  pipeline.SCMPipelineManager (SCMPipelineManager.java:initializePipelineState(158)) - No pipeline exists in current db
2020-07-08 14:09:58,532 [main] INFO  safemode.HealthyPipelineSafeModeRule (HealthyPipelineSafeModeRule.java:<init>(89)) - Total pipeline count is 0, healthy pipeline threshold count is 0
2020-07-08 14:09:58,537 [main] INFO  safemode.OneReplicaPipelineSafeModeRule (OneReplicaPipelineSafeModeRule.java:<init>(79)) - Total pipeline count is 0, pipeline's with at least one datanode reported threshold count is 0
2020-07-08 14:09:58,566 [RatisPipelineUtilsThread] ERROR pipeline.SCMPipelineManager (SCMPipelineManager.java:createPipeline(222)) - Failed to create pipeline of type RATIS and factor ONE. Exception: Cannot create pipeline of factor 1 using 0 nodes. Used 0 nodes. Healthy nodes 0
2020-07-08 14:09:58,898 [main] INFO  ipc.CallQueueManager (CallQueueManager.java:<init>(84)) - Using callQueue: class java.util.concurrent.LinkedBlockingQueue, queueCapacity: 2000, scheduler: class org.apache.hadoop.ipc.DefaultRpcScheduler, ipcBackoff: false.
2020-07-08 14:09:58,924 [Socket Reader #1 for port 0] INFO  ipc.Server (Server.java:run(1219)) - Starting Socket Reader #1 for port 0
2020-07-08 14:09:58,962 [Listener at 0.0.0.0/38551] INFO  ipc.CallQueueManager (CallQueueManager.java:<init>(84)) - Using callQueue: class java.util.concurrent.LinkedBlockingQueue, queueCapacity: 2000, scheduler: class org.apache.hadoop.ipc.DefaultRpcScheduler, ipcBackoff: false.
2020-07-08 14:09:58,963 [Socket Reader #1 for port 0] INFO  ipc.Server (Server.java:run(1219)) - Starting Socket Reader #1 for port 0
2020-07-08 14:09:58,979 [Listener at 0.0.0.0/37303] INFO  ipc.CallQueueManager (CallQueueManager.java:<init>(84)) - Using callQueue: class java.util.concurrent.LinkedBlockingQueue, queueCapacity: 2000, scheduler: class org.apache.hadoop.ipc.DefaultRpcScheduler, ipcBackoff: false.
2020-07-08 14:09:58,982 [Socket Reader #1 for port 0] INFO  ipc.Server (Server.java:run(1219)) - Starting Socket Reader #1 for port 0
2020-07-08 14:09:59,004 [Listener at 0.0.0.0/36941] INFO  http.BaseHttpServer (BaseHttpServer.java:newHttpServer2BuilderForOzone(207)) - Starting Web-server for scm at: http://0.0.0.0:0
2020-07-08 14:09:59,004 [Listener at 0.0.0.0/36941] INFO  http.BaseHttpServer (BaseHttpServer.java:<init>(106)) - Hadoop Security Enabled: false Ozone Security Enabled: false Ozone HTTP Security Enabled: false 
2020-07-08 14:09:59,031 [Listener at 0.0.0.0/36941] INFO  util.log (Log.java:initialized(169)) - Logging initialized @2460ms to org.eclipse.jetty.util.log.Slf4jLog
2020-07-08 14:09:59,173 [Listener at 0.0.0.0/36941] INFO  server.AuthenticationFilter (AuthenticationFilter.java:constructSecretProvider(240)) - Unable to initialize FileSignerSecretProvider, falling back to use random secrets.
2020-07-08 14:09:59,188 [Listener at 0.0.0.0/36941] WARN  http.HttpRequestLog (HttpRequestLog.java:getRequestLog(103)) - Jetty request log can only be enabled using Log4j
2020-07-08 14:09:59,194 [Listener at 0.0.0.0/36941] INFO  http.HttpServer2 (HttpServer2.java:addGlobalFilter(998)) - Added global filter 'safety' (class=org.apache.hadoop.hdds.server.http.HttpServer2$QuotingInputFilter)
2020-07-08 14:09:59,199 [Listener at 0.0.0.0/36941] INFO  http.HttpServer2 (HttpServer2.java:addFilter(974)) - Added filter static_user_filter (class=org.apache.hadoop.http.lib.StaticUserWebFilter$StaticUserFilter) to context scm
2020-07-08 14:09:59,199 [Listener at 0.0.0.0/36941] INFO  http.HttpServer2 (HttpServer2.java:addFilter(982)) - Added filter static_user_filter (class=org.apache.hadoop.http.lib.StaticUserWebFilter$StaticUserFilter) to context static
2020-07-08 14:09:59,200 [Listener at 0.0.0.0/36941] INFO  http.HttpServer2 (HttpServer2.java:addFilter(982)) - Added filter static_user_filter (class=org.apache.hadoop.http.lib.StaticUserWebFilter$StaticUserFilter) to context logs
2020-07-08 14:09:59,259 [Listener at 0.0.0.0/36941] INFO  server.StorageContainerManager (StorageContainerManager.java:start(782)) - StorageContainerLocationProtocol RPC server is listening at /0.0.0.0:36941
2020-07-08 14:09:59,314 [Listener at 0.0.0.0/36941] WARN  impl.MetricsConfig (MetricsConfig.java:loadFirst(134)) - Cannot locate configuration: tried hadoop-metrics2-storagecontainermanager.properties,hadoop-metrics2.properties
2020-07-08 14:09:59,329 [Listener at 0.0.0.0/36941] INFO  impl.MetricsSystemImpl (MetricsSystemImpl.java:startTimer(374)) - Scheduled Metric snapshot period at 10 second(s).
2020-07-08 14:09:59,329 [Listener at 0.0.0.0/36941] INFO  impl.MetricsSystemImpl (MetricsSystemImpl.java:start(191)) - StorageContainerManager metrics system started
2020-07-08 14:09:59,583 [Listener at 0.0.0.0/36941] INFO  server.SCMClientProtocolServer (SCMClientProtocolServer.java:start(156)) - RPC server for Client  is listening at /0.0.0.0:36941
2020-07-08 14:09:59,585 [IPC Server Responder] INFO  ipc.Server (Server.java:run(1460)) - IPC Server Responder: starting
2020-07-08 14:09:59,587 [IPC Server listener on 0] INFO  ipc.Server (Server.java:run(1298)) - IPC Server listener on 0: starting
2020-07-08 14:09:59,593 [Listener at 0.0.0.0/36941] INFO  server.StorageContainerManager (StorageContainerManager.java:start(794)) - ScmBlockLocationProtocol RPC server is listening at /0.0.0.0:37303
2020-07-08 14:09:59,594 [Listener at 0.0.0.0/36941] INFO  server.SCMBlockProtocolServer (SCMBlockProtocolServer.java:start(149)) - RPC server for Block Protocol is listening at /0.0.0.0:37303
2020-07-08 14:09:59,595 [IPC Server Responder] INFO  ipc.Server (Server.java:run(1460)) - IPC Server Responder: starting
2020-07-08 14:09:59,595 [IPC Server listener on 0] INFO  ipc.Server (Server.java:run(1298)) - IPC Server listener on 0: starting
2020-07-08 14:09:59,598 [Listener at 0.0.0.0/36941] INFO  server.StorageContainerManager (StorageContainerManager.java:start(800)) - ScmDatanodeProtocl RPC server is listening at /0.0.0.0:38551
2020-07-08 14:09:59,598 [Listener at 0.0.0.0/36941] INFO  server.SCMDatanodeProtocolServer (SCMDatanodeProtocolServer.java:start(172)) - RPC server for DataNodes is listening at /0.0.0.0:38551
2020-07-08 14:09:59,599 [IPC Server Responder] INFO  ipc.Server (Server.java:run(1460)) - IPC Server Responder: starting
2020-07-08 14:09:59,599 [IPC Server listener on 0] INFO  ipc.Server (Server.java:run(1298)) - IPC Server listener on 0: starting
2020-07-08 14:09:59,603 [Listener at 0.0.0.0/36941] INFO  http.HttpServer2 (HttpServer2.java:bindListener(1216)) - Jetty bound to port 45995
2020-07-08 14:09:59,605 [Listener at 0.0.0.0/36941] INFO  server.Server (Server.java:doStart(359)) - jetty-9.4.26.v20200117; built: 2020-01-17T12:35:33.676Z; git: 7b38981d25d14afb4a12ff1f2596756144edf695; jvm 1.8.0_232-b09
2020-07-08 14:09:59,645 [Listener at 0.0.0.0/36941] INFO  server.session (DefaultSessionIdManager.java:doStart(333)) - DefaultSessionIdManager workerName=node0
2020-07-08 14:09:59,645 [Listener at 0.0.0.0/36941] INFO  server.session (DefaultSessionIdManager.java:doStart(338)) - No SessionScavenger set, using defaults
2020-07-08 14:09:59,647 [Listener at 0.0.0.0/36941] INFO  server.session (HouseKeeper.java:startScavenging(140)) - node0 Scavenging every 660000ms
2020-07-08 14:09:59,660 [Listener at 0.0.0.0/36941] INFO  handler.ContextHandler (ContextHandler.java:doStart(825)) - Started o.e.j.s.ServletContextHandler@62765aec{logs,/logs,file:///github/workspace/mnt/ozone/hadoop-ozone/integration-test/target/log,AVAILABLE}
2020-07-08 14:09:59,660 [Listener at 0.0.0.0/36941] INFO  handler.ContextHandler (ContextHandler.java:doStart(825)) - Started o.e.j.s.ServletContextHandler@2cd388f5{static,/static,file:///github/workspace/mnt/ozone/hadoop-ozone/integration-test/target/test-classes/webapps/static,AVAILABLE}
2020-07-08 14:09:59,707 [Listener at 0.0.0.0/36941] INFO  handler.ContextHandler (ContextHandler.java:doStart(825)) - Started o.e.j.w.WebAppContext@443cdaa4{scm,/,file:///github/workspace/mnt/ozone/hadoop-ozone/integration-test/target/test-classes/webapps/scm/,AVAILABLE}{file:/github/workspace/mnt/ozone/hadoop-ozone/integration-test/target/test-classes/webapps/scm}
2020-07-08 14:09:59,716 [Listener at 0.0.0.0/36941] INFO  server.AbstractConnector (AbstractConnector.java:doStart(330)) - Started ServerConnector@4cc7d00d{HTTP/1.1,[http/1.1]}{0.0.0.0:45995}
2020-07-08 14:09:59,717 [Listener at 0.0.0.0/36941] INFO  server.Server (Server.java:doStart(399)) - Started @3145ms
2020-07-08 14:09:59,719 [Listener at 0.0.0.0/36941] INFO  impl.MetricsSinkAdapter (MetricsSinkAdapter.java:start(204)) - Sink prometheus started
2020-07-08 14:09:59,719 [Listener at 0.0.0.0/36941] INFO  impl.MetricsSystemImpl (MetricsSystemImpl.java:registerSink(301)) - Registered sink prometheus
2020-07-08 14:09:59,725 [Listener at 0.0.0.0/36941] INFO  http.BaseHttpServer (BaseHttpServer.java:updateConnectorAddress(327)) - HTTP server of scm listening at http://0.0.0.0:45995
2020-07-08 14:09:59,733 [Listener at 0.0.0.0/36941] WARN  server.ServerUtils (ServerUtils.java:getDBPath(225)) - ozone.om.db.dirs is not configured. We recommend adding this setting. Falling back to ozone.metadata.dirs instead.
2020-07-08 14:09:59,742 [org.apache.hadoop.util.JvmPauseMonitor$Monitor@2d313c8c] INFO  util.JvmPauseMonitor (JvmPauseMonitor.java:run(188)) - Starting JVM pause monitor
2020-07-08 14:09:59,836 [Listener at 0.0.0.0/36941] INFO  ha.OMHANodeDetails (OMHANodeDetails.java:loadOMHAConfig(104)) - ozone.om.internal.service.id is not defined, falling back to ozone.om.service.ids to find serviceID for OzoneManager if it is HA enabled cluster
2020-07-08 14:09:59,838 [Listener at 0.0.0.0/36941] INFO  ha.OMHANodeDetails (OMHANodeDetails.java:loadOMHAConfig(213)) - Configuration either no ozone.om.address set. Falling back to the default OM address /127.0.0.1:0
2020-07-08 14:09:59,839 [Listener at 0.0.0.0/36941] INFO  ha.OMHANodeDetails (OMHANodeDetails.java:getOMNodeDetails(241)) - OM Service ID is not set. Setting it to the default ID: omServiceIdDefault
2020-07-08 14:09:59,841 [Listener at 0.0.0.0/36941] WARN  server.ServerUtils (ServerUtils.java:getDBPath(225)) - ozone.om.db.dirs is not configured. We recommend adding this setting. Falling back to ozone.metadata.dirs instead.
2020-07-08 14:09:59,841 [Listener at 0.0.0.0/36941] WARN  server.ServerUtils (ServerUtils.java:getDBPath(225)) - ozone.om.db.dirs is not configured. We recommend adding this setting. Falling back to ozone.metadata.dirs instead.
2020-07-08 14:10:00,616 [Listener at 0.0.0.0/36941] WARN  server.ServerUtils (ServerUtils.java:getDBPath(225)) - ozone.om.db.dirs is not configured. We recommend adding this setting. Falling back to ozone.metadata.dirs instead.
2020-07-08 14:10:00,767 [Listener at 0.0.0.0/36941] INFO  ipc.CallQueueManager (CallQueueManager.java:<init>(84)) - Using callQueue: class java.util.concurrent.LinkedBlockingQueue, queueCapacity: 2000, scheduler: class org.apache.hadoop.ipc.DefaultRpcScheduler, ipcBackoff: false.
2020-07-08 14:10:00,767 [Socket Reader #1 for port 0] INFO  ipc.Server (Server.java:run(1219)) - Starting Socket Reader #1 for port 0
2020-07-08 14:10:00,788 [Listener at 127.0.0.1/34841] INFO  impl.MetricsSystemImpl (MetricsSystemImpl.java:init(158)) - OzoneManager metrics system started (again)
2020-07-08 14:10:00,790 [Listener at 127.0.0.1/34841] INFO  om.OzoneManager (OzoneManager.java:start(1083)) - OzoneManager RPC server is listening at localhost/127.0.0.1:34841
2020-07-08 14:10:00,812 [IPC Server Responder] INFO  ipc.Server (Server.java:run(1460)) - IPC Server Responder: starting
2020-07-08 14:10:00,812 [IPC Server listener on 0] INFO  ipc.Server (Server.java:run(1298)) - IPC Server listener on 0: starting
2020-07-08 14:10:00,828 [Listener at 127.0.0.1/34841] INFO  http.BaseHttpServer (BaseHttpServer.java:newHttpServer2BuilderForOzone(207)) - Starting Web-server for ozoneManager at: http://0.0.0.0:0
2020-07-08 14:10:00,829 [Listener at 127.0.0.1/34841] INFO  http.BaseHttpServer (BaseHttpServer.java:<init>(106)) - Hadoop Security Enabled: false Ozone Security Enabled: false Ozone HTTP Security Enabled: false 
2020-07-08 14:10:00,832 [Listener at 127.0.0.1/34841] INFO  server.AuthenticationFilter (AuthenticationFilter.java:constructSecretProvider(240)) - Unable to initialize FileSignerSecretProvider, falling back to use random secrets.
2020-07-08 14:10:00,833 [Listener at 127.0.0.1/34841] WARN  http.HttpRequestLog (HttpRequestLog.java:getRequestLog(103)) - Jetty request log can only be enabled using Log4j
2020-07-08 14:10:00,834 [Listener at 127.0.0.1/34841] INFO  http.HttpServer2 (HttpServer2.java:addGlobalFilter(998)) - Added global filter 'safety' (class=org.apache.hadoop.hdds.server.http.HttpServer2$QuotingInputFilter)
2020-07-08 14:10:00,836 [Listener at 127.0.0.1/34841] INFO  http.HttpServer2 (HttpServer2.java:addFilter(974)) - Added filter static_user_filter (class=org.apache.hadoop.http.lib.StaticUserWebFilter$StaticUserFilter) to context ozoneManager
2020-07-08 14:10:00,836 [Listener at 127.0.0.1/34841] INFO  http.HttpServer2 (HttpServer2.java:addFilter(982)) - Added filter static_user_filter (class=org.apache.hadoop.http.lib.StaticUserWebFilter$StaticUserFilter) to context logs
2020-07-08 14:10:00,837 [Listener at 127.0.0.1/34841] INFO  http.HttpServer2 (HttpServer2.java:addFilter(982)) - Added filter static_user_filter (class=org.apache.hadoop.http.lib.StaticUserWebFilter$StaticUserFilter) to context static
2020-07-08 14:10:00,840 [Listener at 127.0.0.1/34841] INFO  http.HttpServer2 (HttpServer2.java:bindListener(1216)) - Jetty bound to port 36809
2020-07-08 14:10:00,840 [Listener at 127.0.0.1/34841] INFO  server.Server (Server.java:doStart(359)) - jetty-9.4.26.v20200117; built: 2020-01-17T12:35:33.676Z; git: 7b38981d25d14afb4a12ff1f2596756144edf695; jvm 1.8.0_232-b09
2020-07-08 14:10:00,844 [Listener at 127.0.0.1/34841] INFO  server.session (DefaultSessionIdManager.java:doStart(333)) - DefaultSessionIdManager workerName=node0
2020-07-08 14:10:00,844 [Listener at 127.0.0.1/34841] INFO  server.session (DefaultSessionIdManager.java:doStart(338)) - No SessionScavenger set, using defaults
2020-07-08 14:10:00,844 [Listener at 127.0.0.1/34841] INFO  server.session (HouseKeeper.java:startScavenging(140)) - node0 Scavenging every 660000ms
2020-07-08 14:10:00,846 [Listener at 127.0.0.1/34841] INFO  handler.ContextHandler (ContextHandler.java:doStart(825)) - Started o.e.j.s.ServletContextHandler@550f522b{logs,/logs,file:///github/workspace/mnt/ozone/hadoop-ozone/integration-test/target/log,AVAILABLE}
2020-07-08 14:10:00,846 [Listener at 127.0.0.1/34841] INFO  handler.ContextHandler (ContextHandler.java:doStart(825)) - Started o.e.j.s.ServletContextHandler@6a7fc4c1{static,/static,file:///github/workspace/mnt/ozone/hadoop-ozone/integration-test/target/test-classes/webapps/static,AVAILABLE}
2020-07-08 14:10:00,856 [Listener at 127.0.0.1/34841] INFO  handler.ContextHandler (ContextHandler.java:doStart(825)) - Started o.e.j.w.WebAppContext@2f498f21{ozoneManager,/,file:///github/workspace/mnt/ozone/hadoop-ozone/integration-test/target/test-classes/webapps/ozoneManager/,AVAILABLE}{file:/github/workspace/mnt/ozone/hadoop-ozone/integration-test/target/test-classes/webapps/ozoneManager}
2020-07-08 14:10:00,859 [Listener at 127.0.0.1/34841] INFO  server.AbstractConnector (AbstractConnector.java:doStart(330)) - Started ServerConnector@31450fc0{HTTP/1.1,[http/1.1]}{0.0.0.0:36809}
2020-07-08 14:10:00,860 [Listener at 127.0.0.1/34841] INFO  server.Server (Server.java:doStart(399)) - Started @4288ms
2020-07-08 14:10:00,863 [Listener at 127.0.0.1/34841] WARN  impl.MetricsSystemImpl (MetricsSystemImpl.java:register(276)) - Sink prometheus already exists!
2020-07-08 14:10:00,869 [Listener at 127.0.0.1/34841] INFO  http.BaseHttpServer (BaseHttpServer.java:updateConnectorAddress(327)) - HTTP server of ozoneManager listening at http://0.0.0.0:36809
2020-07-08 14:10:00,878 [org.apache.hadoop.util.JvmPauseMonitor$Monitor@a302f30] INFO  util.JvmPauseMonitor (JvmPauseMonitor.java:run(188)) - Starting JVM pause monitor
2020-07-08 14:10:01,035 [Listener at 127.0.0.1/34841] INFO  metrics.MetricRegistries (MetricRegistriesLoader.java:load(64)) - Loaded MetricRegistries class org.apache.ratis.metrics.impl.MetricRegistriesImpl
2020-07-08 14:10:01,037 [Listener at 127.0.0.1/34841] INFO  impl.MetricsSystemImpl (MetricsSystemImpl.java:init(158)) - HddsDatanode metrics system started (again)
2020-07-08 14:10:01,042 [Listener at 127.0.0.1/34841] INFO  ozone.HddsDatanodeService (HddsDatanodeService.java:start(197)) - HddsDatanodeService host:fa59273552ea ip:172.17.0.2
2020-07-08 14:10:01,129 [Listener at 127.0.0.1/34841] INFO  volume.HddsVolume (HddsVolume.java:<init>(176)) - Creating Volume: /github/workspace/mnt/ozone/hadoop-ozone/integration-test/target/test-dir/MiniOzoneClusterImpl-32bd3365-c0fa-4882-bde6-5b86600e32bb/datanode-0/data-0/containers/hdds of storage type : DISK and capacity : 9223372036854775807
2020-07-08 14:10:01,139 [Listener at 127.0.0.1/34841] INFO  volume.MutableVolumeSet (MutableVolumeSet.java:initializeVolumeSet(181)) - Added Volume : /github/workspace/mnt/ozone/hadoop-ozone/integration-test/target/test-dir/MiniOzoneClusterImpl-32bd3365-c0fa-4882-bde6-5b86600e32bb/datanode-0/data-0/containers/hdds to VolumeSet
2020-07-08 14:10:01,140 [Listener at 127.0.0.1/34841] INFO  volume.ThrottledAsyncChecker (ThrottledAsyncChecker.java:schedule(141)) - Scheduling a check for /github/workspace/mnt/ozone/hadoop-ozone/integration-test/target/test-dir/MiniOzoneClusterImpl-32bd3365-c0fa-4882-bde6-5b86600e32bb/datanode-0/data-0/containers/hdds
2020-07-08 14:10:01,166 [Listener at 127.0.0.1/34841] INFO  volume.HddsVolumeChecker (HddsVolumeChecker.java:checkAllVolumes(200)) - Scheduled health check for volume /github/workspace/mnt/ozone/hadoop-ozone/integration-test/target/test-dir/MiniOzoneClusterImpl-32bd3365-c0fa-4882-bde6-5b86600e32bb/datanode-0/data-0/containers/hdds
2020-07-08 14:10:01,287 [Listener at 127.0.0.1/34841] INFO  impl.RaftServerProxy (ConfUtils.java:logGet(44)) - raft.rpc.type = GRPC (default)
2020-07-08 14:10:01,358 [Listener at 127.0.0.1/34841] INFO  grpc.GrpcFactory (GrpcFactory.java:checkPooledByteBufAllocatorUseCacheForAllThreads(45)) - PERFORMANCE WARNING: useCacheForAllThreads is true that may cause Netty to create a lot garbage objects and, as a result, trigger GC.
	It is recommended to disable useCacheForAllThreads by setting -Dorg.apache.ratis.thirdparty.io.netty.allocator.useCacheForAllThreads=false in command line.
2020-07-08 14:10:01,365 [Listener at 127.0.0.1/34841] INFO  grpc.GrpcConfigKeys (ConfUtils.java:logGet(44)) - raft.grpc.server.port = 0 (default)
2020-07-08 14:10:01,366 [Listener at 127.0.0.1/34841] INFO  server.GrpcService (ConfUtils.java:logGet(44)) - raft.grpc.message.size.max = 32MB (=33554432) (custom)
2020-07-08 14:10:01,367 [Listener at 127.0.0.1/34841] INFO  server.RaftServerConfigKeys (ConfUtils.java:logGet(44)) - raft.server.log.appender.buffer.byte-limit = 33554432 (custom)
2020-07-08 14:10:01,368 [Listener at 127.0.0.1/34841] INFO  server.GrpcService (ConfUtils.java:logGet(44)) - raft.grpc.flow.control.window = 5MB (=5242880) (custom)
2020-07-08 14:10:01,369 [Listener at 127.0.0.1/34841] INFO  server.RaftServerConfigKeys (ConfUtils.java:logGet(44)) - raft.server.rpc.request.timeout = 3000ms (default)
2020-07-08 14:10:01,558 [Listener at 127.0.0.1/34841] INFO  server.RaftServerConfigKeys (ConfUtils.java:logGet(44)) - raft.server.storage.dir = [/github/workspace/mnt/ozone/hadoop-ozone/integration-test/target/test-dir/MiniOzoneClusterImpl-32bd3365-c0fa-4882-bde6-5b86600e32bb/datanode-0/data/ratis] (custom)
2020-07-08 14:10:01,673 [Listener at 127.0.0.1/34841] INFO  http.BaseHttpServer (BaseHttpServer.java:newHttpServer2BuilderForOzone(207)) - Starting Web-server for hddsDatanode at: http://0.0.0.0:0
2020-07-08 14:10:01,673 [Listener at 127.0.0.1/34841] INFO  http.BaseHttpServer (BaseHttpServer.java:<init>(106)) - Hadoop Security Enabled: false Ozone Security Enabled: false Ozone HTTP Security Enabled: false 
2020-07-08 14:10:01,674 [Listener at 127.0.0.1/34841] INFO  server.AuthenticationFilter (AuthenticationFilter.java:constructSecretProvider(240)) - Unable to initialize FileSignerSecretProvider, falling back to use random secrets.
2020-07-08 14:10:01,675 [Listener at 127.0.0.1/34841] WARN  http.HttpRequestLog (HttpRequestLog.java:getRequestLog(103)) - Jetty request log can only be enabled using Log4j
2020-07-08 14:10:01,676 [Listener at 127.0.0.1/34841] INFO  http.HttpServer2 (HttpServer2.java:addGlobalFilter(998)) - Added global filter 'safety' (class=org.apache.hadoop.hdds.server.http.HttpServer2$QuotingInputFilter)
2020-07-08 14:10:01,677 [Listener at 127.0.0.1/34841] INFO  http.HttpServer2 (HttpServer2.java:addFilter(974)) - Added filter static_user_filter (class=org.apache.hadoop.http.lib.StaticUserWebFilter$StaticUserFilter) to context hddsDatanode
2020-07-08 14:10:01,677 [Listener at 127.0.0.1/34841] INFO  http.HttpServer2 (HttpServer2.java:addFilter(982)) - Added filter static_user_filter (class=org.apache.hadoop.http.lib.StaticUserWebFilter$StaticUserFilter) to context static
2020-07-08 14:10:01,677 [Listener at 127.0.0.1/34841] INFO  http.HttpServer2 (HttpServer2.java:addFilter(982)) - Added filter static_user_filter (class=org.apache.hadoop.http.lib.StaticUserWebFilter$StaticUserFilter) to context logs
2020-07-08 14:10:01,678 [Listener at 127.0.0.1/34841] INFO  http.HttpServer2 (HttpServer2.java:bindListener(1216)) - Jetty bound to port 41671
2020-07-08 14:10:01,678 [Listener at 127.0.0.1/34841] INFO  server.Server (Server.java:doStart(359)) - jetty-9.4.26.v20200117; built: 2020-01-17T12:35:33.676Z; git: 7b38981d25d14afb4a12ff1f2596756144edf695; jvm 1.8.0_232-b09
2020-07-08 14:10:01,681 [Listener at 127.0.0.1/34841] INFO  server.session (DefaultSessionIdManager.java:doStart(333)) - DefaultSessionIdManager workerName=node0
2020-07-08 14:10:01,681 [Listener at 127.0.0.1/34841] INFO  server.session (DefaultSessionIdManager.java:doStart(338)) - No SessionScavenger set, using defaults
2020-07-08 14:10:01,682 [Listener at 127.0.0.1/34841] INFO  server.session (HouseKeeper.java:startScavenging(140)) - node0 Scavenging every 660000ms
2020-07-08 14:10:01,684 [Listener at 127.0.0.1/34841] INFO  handler.ContextHandler (ContextHandler.java:doStart(825)) - Started o.e.j.s.ServletContextHandler@5472c27a{logs,/logs,file:///github/workspace/mnt/ozone/hadoop-ozone/integration-test/target/log,AVAILABLE}
2020-07-08 14:10:01,684 [Listener at 127.0.0.1/34841] INFO  handler.ContextHandler (ContextHandler.java:doStart(825)) - Started o.e.j.s.ServletContextHandler@299e245c{static,/static,jar:file:/home/user/.m2/repository/org/apache/hadoop/hadoop-hdds-container-service/0.6.0-SNAPSHOT/hadoop-hdds-container-service-0.6.0-SNAPSHOT.jar!/webapps/static,AVAILABLE}
2020-07-08 14:10:01,714 [Listener at 127.0.0.1/34841] INFO  handler.ContextHandler (ContextHandler.java:doStart(825)) - Started o.e.j.w.WebAppContext@7b6c3b37{hddsDatanode,/,file:///tmp/jetty-0_0_0_0-41671-hadoop-hdds-container-service-0_6_0-SNAPSHOT_jar-_-any-8491014474543569858.dir/webapp/,AVAILABLE}{jar:file:/home/user/.m2/repository/org/apache/hadoop/hadoop-hdds-container-service/0.6.0-SNAPSHOT/hadoop-hdds-container-service-0.6.0-SNAPSHOT.jar!/webapps/hddsDatanode}
2020-07-08 14:10:01,718 [Listener at 127.0.0.1/34841] INFO  server.AbstractConnector (AbstractConnector.java:doStart(330)) - Started ServerConnector@c50d1b2{HTTP/1.1,[http/1.1]}{0.0.0.0:41671}
2020-07-08 14:10:01,718 [Listener at 127.0.0.1/34841] INFO  server.Server (Server.java:doStart(399)) - Started @5147ms
2020-07-08 14:10:01,718 [Listener at 127.0.0.1/34841] WARN  impl.MetricsSystemImpl (MetricsSystemImpl.java:register(276)) - Sink prometheus already exists!
2020-07-08 14:10:01,722 [Listener at 127.0.0.1/34841] INFO  http.BaseHttpServer (BaseHttpServer.java:updateConnectorAddress(327)) - HTTP server of hddsDatanode listening at http://0.0.0.0:41671
2020-07-08 14:10:01,723 [Listener at 127.0.0.1/34841] INFO  impl.MetricsSystemImpl (MetricsSystemImpl.java:init(158)) - HddsDatanode metrics system started (again)
2020-07-08 14:10:01,725 [Listener at 127.0.0.1/34841] INFO  ozone.HddsDatanodeService (HddsDatanodeService.java:start(197)) - HddsDatanodeService host:fa59273552ea ip:172.17.0.2
2020-07-08 14:10:01,729 [Listener at 127.0.0.1/34841] INFO  volume.HddsVolume (HddsVolume.java:<init>(176)) - Creating Volume: /github/workspace/mnt/ozone/hadoop-ozone/integration-test/target/test-dir/MiniOzoneClusterImpl-32bd3365-c0fa-4882-bde6-5b86600e32bb/datanode-1/data-0/containers/hdds of storage type : DISK and capacity : 9223372036854775807
2020-07-08 14:10:01,729 [Listener at 127.0.0.1/34841] INFO  volume.MutableVolumeSet (MutableVolumeSet.java:initializeVolumeSet(181)) - Added Volume : /github/workspace/mnt/ozone/hadoop-ozone/integration-test/target/test-dir/MiniOzoneClusterImpl-32bd3365-c0fa-4882-bde6-5b86600e32bb/datanode-1/data-0/containers/hdds to VolumeSet
2020-07-08 14:10:01,729 [Listener at 127.0.0.1/34841] INFO  volume.ThrottledAsyncChecker (ThrottledAsyncChecker.java:schedule(141)) - Scheduling a check for /github/workspace/mnt/ozone/hadoop-ozone/integration-test/target/test-dir/MiniOzoneClusterImpl-32bd3365-c0fa-4882-bde6-5b86600e32bb/datanode-1/data-0/containers/hdds
2020-07-08 14:10:01,731 [Listener at 127.0.0.1/34841] INFO  volume.HddsVolumeChecker (HddsVolumeChecker.java:checkAllVolumes(200)) - Scheduled health check for volume /github/workspace/mnt/ozone/hadoop-ozone/integration-test/target/test-dir/MiniOzoneClusterImpl-32bd3365-c0fa-4882-bde6-5b86600e32bb/datanode-1/data-0/containers/hdds
2020-07-08 14:10:01,765 [org.apache.hadoop.util.JvmPauseMonitor$Monitor@1174ca77] INFO  util.JvmPauseMonitor (JvmPauseMonitor.java:run(188)) - Starting JVM pause monitor
2020-07-08 14:10:01,772 [Listener at 127.0.0.1/34841] INFO  impl.RaftServerProxy (ConfUtils.java:logGet(44)) - raft.rpc.type = GRPC (default)
2020-07-08 14:10:01,772 [Listener at 127.0.0.1/34841] INFO  grpc.GrpcFactory (GrpcFactory.java:checkPooledByteBufAllocatorUseCacheForAllThreads(45)) - PERFORMANCE WARNING: useCacheForAllThreads is true that may cause Netty to create a lot garbage objects and, as a result, trigger GC.
	It is recommended to disable useCacheForAllThreads by setting -Dorg.apache.ratis.thirdparty.io.netty.allocator.useCacheForAllThreads=false in command line.
2020-07-08 14:10:01,772 [Listener at 127.0.0.1/34841] INFO  grpc.GrpcConfigKeys (ConfUtils.java:logGet(44)) - raft.grpc.server.port = 0 (default)
2020-07-08 14:10:01,773 [Listener at 127.0.0.1/34841] INFO  server.GrpcService (ConfUtils.java:logGet(44)) - raft.grpc.message.size.max = 32MB (=33554432) (custom)
2020-07-08 14:10:01,773 [Listener at 127.0.0.1/34841] INFO  server.RaftServerConfigKeys (ConfUtils.java:logGet(44)) - raft.server.log.appender.buffer.byte-limit = 33554432 (custom)
2020-07-08 14:10:01,773 [Listener at 127.0.0.1/34841] INFO  server.GrpcService (ConfUtils.java:logGet(44)) - raft.grpc.flow.control.window = 5MB (=5242880) (custom)
2020-07-08 14:10:01,773 [Listener at 127.0.0.1/34841] INFO  server.RaftServerConfigKeys (ConfUtils.java:logGet(44)) - raft.server.rpc.request.timeout = 3000ms (default)
2020-07-08 14:10:01,774 [Listener at 127.0.0.1/34841] INFO  server.RaftServerConfigKeys (ConfUtils.java:logGet(44)) - raft.server.storage.dir = [/github/workspace/mnt/ozone/hadoop-ozone/integration-test/target/test-dir/MiniOzoneClusterImpl-32bd3365-c0fa-4882-bde6-5b86600e32bb/datanode-1/data/ratis] (custom)
2020-07-08 14:10:01,782 [Listener at 127.0.0.1/34841] INFO  http.BaseHttpServer (BaseHttpServer.java:newHttpServer2BuilderForOzone(207)) - Starting Web-server for hddsDatanode at: http://0.0.0.0:0
2020-07-08 14:10:01,782 [Listener at 127.0.0.1/34841] INFO  http.BaseHttpServer (BaseHttpServer.java:<init>(106)) - Hadoop Security Enabled: false Ozone Security Enabled: false Ozone HTTP Security Enabled: false 
2020-07-08 14:10:01,784 [Listener at 127.0.0.1/34841] INFO  server.AuthenticationFilter (AuthenticationFilter.java:constructSecretProvider(240)) - Unable to initialize FileSignerSecretProvider, falling back to use random secrets.
2020-07-08 14:10:01,797 [Listener at 127.0.0.1/34841] WARN  http.HttpRequestLog (HttpRequestLog.java:getRequestLog(103)) - Jetty request log can only be enabled using Log4j
2020-07-08 14:10:01,797 [Listener at 127.0.0.1/34841] INFO  http.HttpServer2 (HttpServer2.java:addGlobalFilter(998)) - Added global filter 'safety' (class=org.apache.hadoop.hdds.server.http.HttpServer2$QuotingInputFilter)
2020-07-08 14:10:01,798 [Listener at 127.0.0.1/34841] INFO  http.HttpServer2 (HttpServer2.java:addFilter(974)) - Added filter static_user_filter (class=org.apache.hadoop.http.lib.StaticUserWebFilter$StaticUserFilter) to context hddsDatanode
2020-07-08 14:10:01,799 [Listener at 127.0.0.1/34841] INFO  http.HttpServer2 (HttpServer2.java:addFilter(982)) - Added filter static_user_filter (class=org.apache.hadoop.http.lib.StaticUserWebFilter$StaticUserFilter) to context static
2020-07-08 14:10:01,799 [Listener at 127.0.0.1/34841] INFO  http.HttpServer2 (HttpServer2.java:addFilter(982)) - Added filter static_user_filter (class=org.apache.hadoop.http.lib.StaticUserWebFilter$StaticUserFilter) to context logs
2020-07-08 14:10:01,799 [Listener at 127.0.0.1/34841] INFO  http.HttpServer2 (HttpServer2.java:bindListener(1216)) - Jetty bound to port 42997
2020-07-08 14:10:01,799 [Listener at 127.0.0.1/34841] INFO  server.Server (Server.java:doStart(359)) - jetty-9.4.26.v20200117; built: 2020-01-17T12:35:33.676Z; git: 7b38981d25d14afb4a12ff1f2596756144edf695; jvm 1.8.0_232-b09
2020-07-08 14:10:01,821 [Listener at 127.0.0.1/34841] INFO  server.session (DefaultSessionIdManager.java:doStart(333)) - DefaultSessionIdManager workerName=node0
2020-07-08 14:10:01,821 [Listener at 127.0.0.1/34841] INFO  server.session (DefaultSessionIdManager.java:doStart(338)) - No SessionScavenger set, using defaults
2020-07-08 14:10:01,821 [Listener at 127.0.0.1/34841] INFO  server.session (HouseKeeper.java:startScavenging(140)) - node0 Scavenging every 600000ms
2020-07-08 14:10:01,833 [Listener at 127.0.0.1/34841] INFO  handler.ContextHandler (ContextHandler.java:doStart(825)) - Started o.e.j.s.ServletContextHandler@79194b1c{logs,/logs,file:///github/workspace/mnt/ozone/hadoop-ozone/integration-test/target/log,AVAILABLE}
2020-07-08 14:10:01,833 [Listener at 127.0.0.1/34841] INFO  handler.ContextHandler (ContextHandler.java:doStart(825)) - Started o.e.j.s.ServletContextHandler@6ed87b1c{static,/static,jar:file:/home/user/.m2/repository/org/apache/hadoop/hadoop-hdds-container-service/0.6.0-SNAPSHOT/hadoop-hdds-container-service-0.6.0-SNAPSHOT.jar!/webapps/static,AVAILABLE}
2020-07-08 14:10:01,875 [Listener at 127.0.0.1/34841] INFO  handler.ContextHandler (ContextHandler.java:doStart(825)) - Started o.e.j.w.WebAppContext@67e12e28{hddsDatanode,/,file:///tmp/jetty-0_0_0_0-42997-hadoop-hdds-container-service-0_6_0-SNAPSHOT_jar-_-any-1764343540562756363.dir/webapp/,AVAILABLE}{jar:file:/home/user/.m2/repository/org/apache/hadoop/hadoop-hdds-container-service/0.6.0-SNAPSHOT/hadoop-hdds-container-service-0.6.0-SNAPSHOT.jar!/webapps/hddsDatanode}
2020-07-08 14:10:01,879 [Listener at 127.0.0.1/34841] INFO  server.AbstractConnector (AbstractConnector.java:doStart(330)) - Started ServerConnector@d0456ad{HTTP/1.1,[http/1.1]}{0.0.0.0:42997}
2020-07-08 14:10:01,880 [Listener at 127.0.0.1/34841] INFO  server.Server (Server.java:doStart(399)) - Started @5308ms
2020-07-08 14:10:01,880 [Listener at 127.0.0.1/34841] WARN  impl.MetricsSystemImpl (MetricsSystemImpl.java:register(276)) - Sink prometheus already exists!
2020-07-08 14:10:01,884 [Listener at 127.0.0.1/34841] INFO  http.BaseHttpServer (BaseHttpServer.java:updateConnectorAddress(327)) - HTTP server of hddsDatanode listening at http://0.0.0.0:42997
2020-07-08 14:10:01,891 [Listener at 127.0.0.1/34841] INFO  impl.MetricsSystemImpl (MetricsSystemImpl.java:init(158)) - HddsDatanode metrics system started (again)
2020-07-08 14:10:01,893 [Listener at 127.0.0.1/34841] INFO  ozone.HddsDatanodeService (HddsDatanodeService.java:start(197)) - HddsDatanodeService host:fa59273552ea ip:172.17.0.2
2020-07-08 14:10:01,894 [Listener at 127.0.0.1/34841] INFO  volume.HddsVolume (HddsVolume.java:<init>(176)) - Creating Volume: /github/workspace/mnt/ozone/hadoop-ozone/integration-test/target/test-dir/MiniOzoneClusterImpl-32bd3365-c0fa-4882-bde6-5b86600e32bb/datanode-2/data-0/containers/hdds of storage type : DISK and capacity : 9223372036854775807
2020-07-08 14:10:01,894 [Listener at 127.0.0.1/34841] INFO  volume.MutableVolumeSet (MutableVolumeSet.java:initializeVolumeSet(181)) - Added Volume : /github/workspace/mnt/ozone/hadoop-ozone/integration-test/target/test-dir/MiniOzoneClusterImpl-32bd3365-c0fa-4882-bde6-5b86600e32bb/datanode-2/data-0/containers/hdds to VolumeSet
2020-07-08 14:10:01,895 [Listener at 127.0.0.1/34841] INFO  volume.ThrottledAsyncChecker (ThrottledAsyncChecker.java:schedule(141)) - Scheduling a check for /github/workspace/mnt/ozone/hadoop-ozone/integration-test/target/test-dir/MiniOzoneClusterImpl-32bd3365-c0fa-4882-bde6-5b86600e32bb/datanode-2/data-0/containers/hdds
2020-07-08 14:10:01,905 [Listener at 127.0.0.1/34841] INFO  volume.HddsVolumeChecker (HddsVolumeChecker.java:checkAllVolumes(200)) - Scheduled health check for volume /github/workspace/mnt/ozone/hadoop-ozone/integration-test/target/test-dir/MiniOzoneClusterImpl-32bd3365-c0fa-4882-bde6-5b86600e32bb/datanode-2/data-0/containers/hdds
2020-07-08 14:10:01,945 [org.apache.hadoop.util.JvmPauseMonitor$Monitor@58197249] INFO  util.JvmPauseMonitor (JvmPauseMonitor.java:run(188)) - Starting JVM pause monitor
2020-07-08 14:10:01,960 [Listener at 127.0.0.1/34841] INFO  impl.RaftServerProxy (ConfUtils.java:logGet(44)) - raft.rpc.type = GRPC (default)
2020-07-08 14:10:01,960 [Listener at 127.0.0.1/34841] INFO  grpc.GrpcFactory (GrpcFactory.java:checkPooledByteBufAllocatorUseCacheForAllThreads(45)) - PERFORMANCE WARNING: useCacheForAllThreads is true that may cause Netty to create a lot garbage objects and, as a result, trigger GC.
	It is recommended to disable useCacheForAllThreads by setting -Dorg.apache.ratis.thirdparty.io.netty.allocator.useCacheForAllThreads=false in command line.
2020-07-08 14:10:01,960 [Listener at 127.0.0.1/34841] INFO  grpc.GrpcConfigKeys (ConfUtils.java:logGet(44)) - raft.grpc.server.port = 0 (default)
2020-07-08 14:10:01,962 [Listener at 127.0.0.1/34841] INFO  server.GrpcService (ConfUtils.java:logGet(44)) - raft.grpc.message.size.max = 32MB (=33554432) (custom)
2020-07-08 14:10:01,962 [Listener at 127.0.0.1/34841] INFO  server.RaftServerConfigKeys (ConfUtils.java:logGet(44)) - raft.server.log.appender.buffer.byte-limit = 33554432 (custom)
2020-07-08 14:10:01,962 [Listener at 127.0.0.1/34841] INFO  server.GrpcService (ConfUtils.java:logGet(44)) - raft.grpc.flow.control.window = 5MB (=5242880) (custom)
2020-07-08 14:10:01,962 [Listener at 127.0.0.1/34841] INFO  server.RaftServerConfigKeys (ConfUtils.java:logGet(44)) - raft.server.rpc.request.timeout = 3000ms (default)
2020-07-08 14:10:01,963 [Listener at 127.0.0.1/34841] INFO  server.RaftServerConfigKeys (ConfUtils.java:logGet(44)) - raft.server.storage.dir = [/github/workspace/mnt/ozone/hadoop-ozone/integration-test/target/test-dir/MiniOzoneClusterImpl-32bd3365-c0fa-4882-bde6-5b86600e32bb/datanode-2/data/ratis] (custom)
2020-07-08 14:10:01,973 [Datanode State Machine Thread - 0] INFO  datanode.InitDatanodeState (InitDatanodeState.java:persistContainerDatanodeDetails(145)) - DatanodeDetails is persisted to /github/workspace/mnt/ozone/hadoop-ozone/integration-test/target/test-dir/MiniOzoneClusterImpl-32bd3365-c0fa-4882-bde6-5b86600e32bb/datanode-0/meta/datanode.id
2020-07-08 14:10:01,975 [Datanode State Machine Thread - 0] INFO  datanode.InitDatanodeState (InitDatanodeState.java:persistContainerDatanodeDetails(145)) - DatanodeDetails is persisted to /github/workspace/mnt/ozone/hadoop-ozone/integration-test/target/test-dir/MiniOzoneClusterImpl-32bd3365-c0fa-4882-bde6-5b86600e32bb/datanode-1/meta/datanode.id
2020-07-08 14:10:01,983 [Listener at 127.0.0.1/34841] INFO  http.BaseHttpServer (BaseHttpServer.java:newHttpServer2BuilderForOzone(207)) - Starting Web-server for hddsDatanode at: http://0.0.0.0:0
2020-07-08 14:10:01,985 [Listener at 127.0.0.1/34841] INFO  http.BaseHttpServer (BaseHttpServer.java:<init>(106)) - Hadoop Security Enabled: false Ozone Security Enabled: false Ozone HTTP Security Enabled: false 
2020-07-08 14:10:01,987 [Listener at 127.0.0.1/34841] INFO  server.AuthenticationFilter (AuthenticationFilter.java:constructSecretProvider(240)) - Unable to initialize FileSignerSecretProvider, falling back to use random secrets.
2020-07-08 14:10:01,988 [Listener at 127.0.0.1/34841] WARN  http.HttpRequestLog (HttpRequestLog.java:getRequestLog(103)) - Jetty request log can only be enabled using Log4j
2020-07-08 14:10:01,989 [Listener at 127.0.0.1/34841] INFO  http.HttpServer2 (HttpServer2.java:addGlobalFilter(998)) - Added global filter 'safety' (class=org.apache.hadoop.hdds.server.http.HttpServer2$QuotingInputFilter)
2020-07-08 14:10:01,990 [Listener at 127.0.0.1/34841] INFO  http.HttpServer2 (HttpServer2.java:addFilter(974)) - Added filter static_user_filter (class=org.apache.hadoop.http.lib.StaticUserWebFilter$StaticUserFilter) to context hddsDatanode
2020-07-08 14:10:01,990 [Listener at 127.0.0.1/34841] INFO  http.HttpServer2 (HttpServer2.java:addFilter(982)) - Added filter static_user_filter (class=org.apache.hadoop.http.lib.StaticUserWebFilter$StaticUserFilter) to context logs
2020-07-08 14:10:01,990 [Listener at 127.0.0.1/34841] INFO  http.HttpServer2 (HttpServer2.java:addFilter(982)) - Added filter static_user_filter (class=org.apache.hadoop.http.lib.StaticUserWebFilter$StaticUserFilter) to context static
2020-07-08 14:10:01,993 [Listener at 127.0.0.1/34841] INFO  http.HttpServer2 (HttpServer2.java:bindListener(1216)) - Jetty bound to port 36643
2020-07-08 14:10:01,993 [Listener at 127.0.0.1/34841] INFO  server.Server (Server.java:doStart(359)) - jetty-9.4.26.v20200117; built: 2020-01-17T12:35:33.676Z; git: 7b38981d25d14afb4a12ff1f2596756144edf695; jvm 1.8.0_232-b09
2020-07-08 14:10:01,997 [Listener at 127.0.0.1/34841] INFO  server.session (DefaultSessionIdManager.java:doStart(333)) - DefaultSessionIdManager workerName=node0
2020-07-08 14:10:01,997 [Listener at 127.0.0.1/34841] INFO  server.session (DefaultSessionIdManager.java:doStart(338)) - No SessionScavenger set, using defaults
2020-07-08 14:10:01,997 [Listener at 127.0.0.1/34841] INFO  server.session (HouseKeeper.java:startScavenging(140)) - node0 Scavenging every 600000ms
2020-07-08 14:10:01,998 [Listener at 127.0.0.1/34841] INFO  handler.ContextHandler (ContextHandler.java:doStart(825)) - Started o.e.j.s.ServletContextHandler@3bd5dff5{logs,/logs,file:///github/workspace/mnt/ozone/hadoop-ozone/integration-test/target/log,AVAILABLE}
2020-07-08 14:10:01,999 [Listener at 127.0.0.1/34841] INFO  handler.ContextHandler (ContextHandler.java:doStart(825)) - Started o.e.j.s.ServletContextHandler@68cc6fa4{static,/static,jar:file:/home/user/.m2/repository/org/apache/hadoop/hadoop-hdds-container-service/0.6.0-SNAPSHOT/hadoop-hdds-container-service-0.6.0-SNAPSHOT.jar!/webapps/static,AVAILABLE}
2020-07-08 14:10:02,022 [Listener at 127.0.0.1/34841] INFO  handler.ContextHandler (ContextHandler.java:doStart(825)) - Started o.e.j.w.WebAppContext@52b2713a{hddsDatanode,/,file:///tmp/jetty-0_0_0_0-36643-hadoop-hdds-container-service-0_6_0-SNAPSHOT_jar-_-any-769984487045128880.dir/webapp/,AVAILABLE}{jar:file:/home/user/.m2/repository/org/apache/hadoop/hadoop-hdds-container-service/0.6.0-SNAPSHOT/hadoop-hdds-container-service-0.6.0-SNAPSHOT.jar!/webapps/hddsDatanode}
2020-07-08 14:10:02,025 [Listener at 127.0.0.1/34841] INFO  server.AbstractConnector (AbstractConnector.java:doStart(330)) - Started ServerConnector@441c2d2a{HTTP/1.1,[http/1.1]}{0.0.0.0:36643}
2020-07-08 14:10:02,025 [Listener at 127.0.0.1/34841] INFO  server.Server (Server.java:doStart(399)) - Started @5454ms
2020-07-08 14:10:02,026 [Listener at 127.0.0.1/34841] WARN  impl.MetricsSystemImpl (MetricsSystemImpl.java:register(276)) - Sink prometheus already exists!
2020-07-08 14:10:02,031 [Listener at 127.0.0.1/34841] INFO  http.BaseHttpServer (BaseHttpServer.java:updateConnectorAddress(327)) - HTTP server of hddsDatanode listening at http://0.0.0.0:36643
2020-07-08 14:10:02,031 [Listener at 127.0.0.1/34841] INFO  impl.MetricsSystemImpl (MetricsSystemImpl.java:init(158)) - HddsDatanode metrics system started (again)
2020-07-08 14:10:02,032 [Listener at 127.0.0.1/34841] INFO  ozone.HddsDatanodeService (HddsDatanodeService.java:start(197)) - HddsDatanodeService host:fa59273552ea ip:172.17.0.2
2020-07-08 14:10:02,034 [Listener at 127.0.0.1/34841] INFO  volume.HddsVolume (HddsVolume.java:<init>(176)) - Creating Volume: /github/workspace/mnt/ozone/hadoop-ozone/integration-test/target/test-dir/MiniOzoneClusterImpl-32bd3365-c0fa-4882-bde6-5b86600e32bb/datanode-3/data-0/containers/hdds of storage type : DISK and capacity : 9223372036854775807
2020-07-08 14:10:02,034 [Listener at 127.0.0.1/34841] INFO  volume.MutableVolumeSet (MutableVolumeSet.java:initializeVolumeSet(181)) - Added Volume : /github/workspace/mnt/ozone/hadoop-ozone/integration-test/target/test-dir/MiniOzoneClusterImpl-32bd3365-c0fa-4882-bde6-5b86600e32bb/datanode-3/data-0/containers/hdds to VolumeSet
2020-07-08 14:10:02,034 [Listener at 127.0.0.1/34841] INFO  volume.ThrottledAsyncChecker (ThrottledAsyncChecker.java:schedule(141)) - Scheduling a check for /github/workspace/mnt/ozone/hadoop-ozone/integration-test/target/test-dir/MiniOzoneClusterImpl-32bd3365-c0fa-4882-bde6-5b86600e32bb/datanode-3/data-0/containers/hdds
2020-07-08 14:10:02,035 [Listener at 127.0.0.1/34841] INFO  volume.HddsVolumeChecker (HddsVolumeChecker.java:checkAllVolumes(200)) - Scheduled health check for volume /github/workspace/mnt/ozone/hadoop-ozone/integration-test/target/test-dir/MiniOzoneClusterImpl-32bd3365-c0fa-4882-bde6-5b86600e32bb/datanode-3/data-0/containers/hdds
2020-07-08 14:10:02,073 [org.apache.hadoop.util.JvmPauseMonitor$Monitor@6ad5cace] INFO  util.JvmPauseMonitor (JvmPauseMonitor.java:run(188)) - Starting JVM pause monitor
2020-07-08 14:10:02,091 [Listener at 127.0.0.1/34841] INFO  impl.RaftServerProxy (ConfUtils.java:logGet(44)) - raft.rpc.type = GRPC (default)
2020-07-08 14:10:02,091 [Listener at 127.0.0.1/34841] INFO  grpc.GrpcFactory (GrpcFactory.java:checkPooledByteBufAllocatorUseCacheForAllThreads(45)) - PERFORMANCE WARNING: useCacheForAllThreads is true that may cause Netty to create a lot garbage objects and, as a result, trigger GC.
	It is recommended to disable useCacheForAllThreads by setting -Dorg.apache.ratis.thirdparty.io.netty.allocator.useCacheForAllThreads=false in command line.
2020-07-08 14:10:02,091 [Listener at 127.0.0.1/34841] INFO  grpc.GrpcConfigKeys (ConfUtils.java:logGet(44)) - raft.grpc.server.port = 0 (default)
2020-07-08 14:10:02,091 [Listener at 127.0.0.1/34841] INFO  server.GrpcService (ConfUtils.java:logGet(44)) - raft.grpc.message.size.max = 32MB (=33554432) (custom)
2020-07-08 14:10:02,091 [Listener at 127.0.0.1/34841] INFO  server.RaftServerConfigKeys (ConfUtils.java:logGet(44)) - raft.server.log.appender.buffer.byte-limit = 33554432 (custom)
2020-07-08 14:10:02,091 [Listener at 127.0.0.1/34841] INFO  server.GrpcService (ConfUtils.java:logGet(44)) - raft.grpc.flow.control.window = 5MB (=5242880) (custom)
2020-07-08 14:10:02,092 [Listener at 127.0.0.1/34841] INFO  server.RaftServerConfigKeys (ConfUtils.java:logGet(44)) - raft.server.rpc.request.timeout = 3000ms (default)
2020-07-08 14:10:02,095 [Listener at 127.0.0.1/34841] INFO  server.RaftServerConfigKeys (ConfUtils.java:logGet(44)) - raft.server.storage.dir = [/github/workspace/mnt/ozone/hadoop-ozone/integration-test/target/test-dir/MiniOzoneClusterImpl-32bd3365-c0fa-4882-bde6-5b86600e32bb/datanode-3/data/ratis] (custom)
2020-07-08 14:10:02,098 [Datanode State Machine Thread - 0] INFO  datanode.InitDatanodeState (InitDatanodeState.java:persistContainerDatanodeDetails(145)) - DatanodeDetails is persisted to /github/workspace/mnt/ozone/hadoop-ozone/integration-test/target/test-dir/MiniOzoneClusterImpl-32bd3365-c0fa-4882-bde6-5b86600e32bb/datanode-2/meta/datanode.id
2020-07-08 14:10:02,103 [Listener at 127.0.0.1/34841] INFO  http.BaseHttpServer (BaseHttpServer.java:newHttpServer2BuilderForOzone(207)) - Starting Web-server for hddsDatanode at: http://0.0.0.0:0
2020-07-08 14:10:02,104 [Listener at 127.0.0.1/34841] INFO  http.BaseHttpServer (BaseHttpServer.java:<init>(106)) - Hadoop Security Enabled: false Ozone Security Enabled: false Ozone HTTP Security Enabled: false 
2020-07-08 14:10:02,106 [Listener at 127.0.0.1/34841] INFO  server.AuthenticationFilter (AuthenticationFilter.java:constructSecretProvider(240)) - Unable to initialize FileSignerSecretProvider, falling back to use random secrets.
2020-07-08 14:10:02,107 [Listener at 127.0.0.1/34841] WARN  http.HttpRequestLog (HttpRequestLog.java:getRequestLog(103)) - Jetty request log can only be enabled using Log4j
2020-07-08 14:10:02,108 [Listener at 127.0.0.1/34841] INFO  http.HttpServer2 (HttpServer2.java:addGlobalFilter(998)) - Added global filter 'safety' (class=org.apache.hadoop.hdds.server.http.HttpServer2$QuotingInputFilter)
2020-07-08 14:10:02,110 [Listener at 127.0.0.1/34841] INFO  http.HttpServer2 (HttpServer2.java:addFilter(974)) - Added filter static_user_filter (class=org.apache.hadoop.http.lib.StaticUserWebFilter$StaticUserFilter) to context hddsDatanode
2020-07-08 14:10:02,111 [Listener at 127.0.0.1/34841] INFO  http.HttpServer2 (HttpServer2.java:addFilter(982)) - Added filter static_user_filter (class=org.apache.hadoop.http.lib.StaticUserWebFilter$StaticUserFilter) to context logs
2020-07-08 14:10:02,111 [Listener at 127.0.0.1/34841] INFO  http.HttpServer2 (HttpServer2.java:addFilter(982)) - Added filter static_user_filter (class=org.apache.hadoop.http.lib.StaticUserWebFilter$StaticUserFilter) to context static
2020-07-08 14:10:02,111 [Listener at 127.0.0.1/34841] INFO  http.HttpServer2 (HttpServer2.java:bindListener(1216)) - Jetty bound to port 45427
2020-07-08 14:10:02,111 [Listener at 127.0.0.1/34841] INFO  server.Server (Server.java:doStart(359)) - jetty-9.4.26.v20200117; built: 2020-01-17T12:35:33.676Z; git: 7b38981d25d14afb4a12ff1f2596756144edf695; jvm 1.8.0_232-b09
2020-07-08 14:10:02,118 [Listener at 127.0.0.1/34841] INFO  server.session (DefaultSessionIdManager.java:doStart(333)) - DefaultSessionIdManager workerName=node0
2020-07-08 14:10:02,118 [Listener at 127.0.0.1/34841] INFO  server.session (DefaultSessionIdManager.java:doStart(338)) - No SessionScavenger set, using defaults
2020-07-08 14:10:02,119 [Listener at 127.0.0.1/34841] INFO  server.session (HouseKeeper.java:startScavenging(140)) - node0 Scavenging every 600000ms
2020-07-08 14:10:02,119 [Listener at 127.0.0.1/34841] INFO  handler.ContextHandler (ContextHandler.java:doStart(825)) - Started o.e.j.s.ServletContextHandler@738b93a8{logs,/logs,file:///github/workspace/mnt/ozone/hadoop-ozone/integration-test/target/log,AVAILABLE}
2020-07-08 14:10:02,120 [Listener at 127.0.0.1/34841] INFO  handler.ContextHandler (ContextHandler.java:doStart(825)) - Started o.e.j.s.ServletContextHandler@64547a83{static,/static,jar:file:/home/user/.m2/repository/org/apache/hadoop/hadoop-hdds-container-service/0.6.0-SNAPSHOT/hadoop-hdds-container-service-0.6.0-SNAPSHOT.jar!/webapps/static,AVAILABLE}
2020-07-08 14:10:02,144 [Listener at 127.0.0.1/34841] INFO  handler.ContextHandler (ContextHandler.java:doStart(825)) - Started o.e.j.w.WebAppContext@3e866323{hddsDatanode,/,file:///tmp/jetty-0_0_0_0-45427-hadoop-hdds-container-service-0_6_0-SNAPSHOT_jar-_-any-8848215347032733891.dir/webapp/,AVAILABLE}{jar:file:/home/user/.m2/repository/org/apache/hadoop/hadoop-hdds-container-service/0.6.0-SNAPSHOT/hadoop-hdds-container-service-0.6.0-SNAPSHOT.jar!/webapps/hddsDatanode}
2020-07-08 14:10:02,148 [Listener at 127.0.0.1/34841] INFO  server.AbstractConnector (AbstractConnector.java:doStart(330)) - Started ServerConnector@586a9fe1{HTTP/1.1,[http/1.1]}{0.0.0.0:45427}
2020-07-08 14:10:02,149 [Listener at 127.0.0.1/34841] INFO  server.Server (Server.java:doStart(399)) - Started @5577ms
2020-07-08 14:10:02,149 [Listener at 127.0.0.1/34841] WARN  impl.MetricsSystemImpl (MetricsSystemImpl.java:register(276)) - Sink prometheus already exists!
2020-07-08 14:10:02,153 [Listener at 127.0.0.1/34841] INFO  http.BaseHttpServer (BaseHttpServer.java:updateConnectorAddress(327)) - HTTP server of hddsDatanode listening at http://0.0.0.0:45427
2020-07-08 14:10:02,154 [Listener at 127.0.0.1/34841] INFO  impl.MetricsSystemImpl (MetricsSystemImpl.java:init(158)) - HddsDatanode metrics system started (again)
2020-07-08 14:10:02,155 [Listener at 127.0.0.1/34841] INFO  ozone.HddsDatanodeService (HddsDatanodeService.java:start(197)) - HddsDatanodeService host:fa59273552ea ip:172.17.0.2
2020-07-08 14:10:02,157 [Listener at 127.0.0.1/34841] INFO  volume.HddsVolume (HddsVolume.java:<init>(176)) - Creating Volume: /github/workspace/mnt/ozone/hadoop-ozone/integration-test/target/test-dir/MiniOzoneClusterImpl-32bd3365-c0fa-4882-bde6-5b86600e32bb/datanode-4/data-0/containers/hdds of storage type : DISK and capacity : 9223372036854775807
2020-07-08 14:10:02,157 [Listener at 127.0.0.1/34841] INFO  volume.MutableVolumeSet (MutableVolumeSet.java:initializeVolumeSet(181)) - Added Volume : /github/workspace/mnt/ozone/hadoop-ozone/integration-test/target/test-dir/MiniOzoneClusterImpl-32bd3365-c0fa-4882-bde6-5b86600e32bb/datanode-4/data-0/containers/hdds to VolumeSet
2020-07-08 14:10:02,157 [Listener at 127.0.0.1/34841] INFO  volume.ThrottledAsyncChecker (ThrottledAsyncChecker.java:schedule(141)) - Scheduling a check for /github/workspace/mnt/ozone/hadoop-ozone/integration-test/target/test-dir/MiniOzoneClusterImpl-32bd3365-c0fa-4882-bde6-5b86600e32bb/datanode-4/data-0/containers/hdds
2020-07-08 14:10:02,159 [Listener at 127.0.0.1/34841] INFO  volume.HddsVolumeChecker (HddsVolumeChecker.java:checkAllVolumes(200)) - Scheduled health check for volume /github/workspace/mnt/ozone/hadoop-ozone/integration-test/target/test-dir/MiniOzoneClusterImpl-32bd3365-c0fa-4882-bde6-5b86600e32bb/datanode-4/data-0/containers/hdds
2020-07-08 14:10:02,173 [org.apache.hadoop.util.JvmPauseMonitor$Monitor@b61f33f] INFO  util.JvmPauseMonitor (JvmPauseMonitor.java:run(188)) - Starting JVM pause monitor
2020-07-08 14:10:02,185 [Datanode State Machine Thread - 0] INFO  datanode.InitDatanodeState (InitDatanodeState.java:persistContainerDatanodeDetails(145)) - DatanodeDetails is persisted to /github/workspace/mnt/ozone/hadoop-ozone/integration-test/target/test-dir/MiniOzoneClusterImpl-32bd3365-c0fa-4882-bde6-5b86600e32bb/datanode-3/meta/datanode.id
2020-07-08 14:10:02,196 [Listener at 127.0.0.1/34841] INFO  impl.RaftServerProxy (ConfUtils.java:logGet(44)) - raft.rpc.type = GRPC (default)
2020-07-08 14:10:02,197 [Listener at 127.0.0.1/34841] INFO  grpc.GrpcFactory (GrpcFactory.java:checkPooledByteBufAllocatorUseCacheForAllThreads(45)) - PERFORMANCE WARNING: useCacheForAllThreads is true that may cause Netty to create a lot garbage objects and, as a result, trigger GC.
	It is recommended to disable useCacheForAllThreads by setting -Dorg.apache.ratis.thirdparty.io.netty.allocator.useCacheForAllThreads=false in command line.
2020-07-08 14:10:02,197 [Listener at 127.0.0.1/34841] INFO  grpc.GrpcConfigKeys (ConfUtils.java:logGet(44)) - raft.grpc.server.port = 0 (default)
2020-07-08 14:10:02,197 [Listener at 127.0.0.1/34841] INFO  server.GrpcService (ConfUtils.java:logGet(44)) - raft.grpc.message.size.max = 32MB (=33554432) (custom)
2020-07-08 14:10:02,197 [Listener at 127.0.0.1/34841] INFO  server.RaftServerConfigKeys (ConfUtils.java:logGet(44)) - raft.server.log.appender.buffer.byte-limit = 33554432 (custom)
2020-07-08 14:10:02,197 [Listener at 127.0.0.1/34841] INFO  server.GrpcService (ConfUtils.java:logGet(44)) - raft.grpc.flow.control.window = 5MB (=5242880) (custom)
2020-07-08 14:10:02,197 [Listener at 127.0.0.1/34841] INFO  server.RaftServerConfigKeys (ConfUtils.java:logGet(44)) - raft.server.rpc.request.timeout = 3000ms (default)
2020-07-08 14:10:02,198 [Listener at 127.0.0.1/34841] INFO  server.RaftServerConfigKeys (ConfUtils.java:logGet(44)) - raft.server.storage.dir = [/github/workspace/mnt/ozone/hadoop-ozone/integration-test/target/test-dir/MiniOzoneClusterImpl-32bd3365-c0fa-4882-bde6-5b86600e32bb/datanode-4/data/ratis] (custom)
2020-07-08 14:10:02,204 [Listener at 127.0.0.1/34841] INFO  http.BaseHttpServer (BaseHttpServer.java:newHttpServer2BuilderForOzone(207)) - Starting Web-server for hddsDatanode at: http://0.0.0.0:0
2020-07-08 14:10:02,204 [Listener at 127.0.0.1/34841] INFO  http.BaseHttpServer (BaseHttpServer.java:<init>(106)) - Hadoop Security Enabled: false Ozone Security Enabled: false Ozone HTTP Security Enabled: false 
2020-07-08 14:10:02,205 [Listener at 127.0.0.1/34841] INFO  server.AuthenticationFilter (AuthenticationFilter.java:constructSecretProvider(240)) - Unable to initialize FileSignerSecretProvider, falling back to use random secrets.
2020-07-08 14:10:02,206 [Listener at 127.0.0.1/34841] WARN  http.HttpRequestLog (HttpRequestLog.java:getRequestLog(103)) - Jetty request log can only be enabled using Log4j
2020-07-08 14:10:02,207 [Listener at 127.0.0.1/34841] INFO  http.HttpServer2 (HttpServer2.java:addGlobalFilter(998)) - Added global filter 'safety' (class=org.apache.hadoop.hdds.server.http.HttpServer2$QuotingInputFilter)
2020-07-08 14:10:02,208 [Listener at 127.0.0.1/34841] INFO  http.HttpServer2 (HttpServer2.java:addFilter(974)) - Added filter static_user_filter (class=org.apache.hadoop.http.lib.StaticUserWebFilter$StaticUserFilter) to context hddsDatanode
2020-07-08 14:10:02,208 [Listener at 127.0.0.1/34841] INFO  http.HttpServer2 (HttpServer2.java:addFilter(982)) - Added filter static_user_filter (class=org.apache.hadoop.http.lib.StaticUserWebFilter$StaticUserFilter) to context logs
2020-07-08 14:10:02,208 [Listener at 127.0.0.1/34841] INFO  http.HttpServer2 (HttpServer2.java:addFilter(982)) - Added filter static_user_filter (class=org.apache.hadoop.http.lib.StaticUserWebFilter$StaticUserFilter) to context static
2020-07-08 14:10:02,208 [Listener at 127.0.0.1/34841] INFO  http.HttpServer2 (HttpServer2.java:bindListener(1216)) - Jetty bound to port 39447
2020-07-08 14:10:02,209 [Listener at 127.0.0.1/34841] INFO  server.Server (Server.java:doStart(359)) - jetty-9.4.26.v20200117; built: 2020-01-17T12:35:33.676Z; git: 7b38981d25d14afb4a12ff1f2596756144edf695; jvm 1.8.0_232-b09
2020-07-08 14:10:02,210 [Listener at 127.0.0.1/34841] INFO  server.session (DefaultSessionIdManager.java:doStart(333)) - DefaultSessionIdManager workerName=node0
2020-07-08 14:10:02,211 [Listener at 127.0.0.1/34841] INFO  server.session (DefaultSessionIdManager.java:doStart(338)) - No SessionScavenger set, using defaults
2020-07-08 14:10:02,211 [Listener at 127.0.0.1/34841] INFO  server.session (HouseKeeper.java:startScavenging(140)) - node0 Scavenging every 600000ms
2020-07-08 14:10:02,213 [Listener at 127.0.0.1/34841] INFO  handler.ContextHandler (ContextHandler.java:doStart(825)) - Started o.e.j.s.ServletContextHandler@6345dc06{logs,/logs,file:///github/workspace/mnt/ozone/hadoop-ozone/integration-test/target/log,AVAILABLE}
2020-07-08 14:10:02,214 [Listener at 127.0.0.1/34841] INFO  handler.ContextHandler (ContextHandler.java:doStart(825)) - Started o.e.j.s.ServletContextHandler@22025464{static,/static,jar:file:/home/user/.m2/repository/org/apache/hadoop/hadoop-hdds-container-service/0.6.0-SNAPSHOT/hadoop-hdds-container-service-0.6.0-SNAPSHOT.jar!/webapps/static,AVAILABLE}
2020-07-08 14:10:02,233 [Listener at 127.0.0.1/34841] INFO  handler.ContextHandler (ContextHandler.java:doStart(825)) - Started o.e.j.w.WebAppContext@5dc218e2{hddsDatanode,/,file:///tmp/jetty-0_0_0_0-39447-hadoop-hdds-container-service-0_6_0-SNAPSHOT_jar-_-any-1151444005937563517.dir/webapp/,AVAILABLE}{jar:file:/home/user/.m2/repository/org/apache/hadoop/hadoop-hdds-container-service/0.6.0-SNAPSHOT/hadoop-hdds-container-service-0.6.0-SNAPSHOT.jar!/webapps/hddsDatanode}
2020-07-08 14:10:02,237 [Listener at 127.0.0.1/34841] INFO  server.AbstractConnector (AbstractConnector.java:doStart(330)) - Started ServerConnector@c50503e{HTTP/1.1,[http/1.1]}{0.0.0.0:39447}
2020-07-08 14:10:02,237 [Listener at 127.0.0.1/34841] INFO  server.Server (Server.java:doStart(399)) - Started @5666ms
2020-07-08 14:10:02,237 [Listener at 127.0.0.1/34841] WARN  impl.MetricsSystemImpl (MetricsSystemImpl.java:register(276)) - Sink prometheus already exists!
2020-07-08 14:10:02,243 [Listener at 127.0.0.1/34841] INFO  http.BaseHttpServer (BaseHttpServer.java:updateConnectorAddress(327)) - HTTP server of hddsDatanode listening at http://0.0.0.0:39447
2020-07-08 14:10:02,243 [Listener at 127.0.0.1/34841] INFO  impl.MetricsSystemImpl (MetricsSystemImpl.java:init(158)) - HddsDatanode metrics system started (again)
2020-07-08 14:10:02,245 [Listener at 127.0.0.1/34841] INFO  ozone.HddsDatanodeService (HddsDatanodeService.java:start(197)) - HddsDatanodeService host:fa59273552ea ip:172.17.0.2
2020-07-08 14:10:02,247 [Listener at 127.0.0.1/34841] INFO  volume.HddsVolume (HddsVolume.java:<init>(176)) - Creating Volume: /github/workspace/mnt/ozone/hadoop-ozone/integration-test/target/test-dir/MiniOzoneClusterImpl-32bd3365-c0fa-4882-bde6-5b86600e32bb/datanode-5/data-0/containers/hdds of storage type : DISK and capacity : 9223372036854775807
2020-07-08 14:10:02,247 [Listener at 127.0.0.1/34841] INFO  volume.MutableVolumeSet (MutableVolumeSet.java:initializeVolumeSet(181)) - Added Volume : /github/workspace/mnt/ozone/hadoop-ozone/integration-test/target/test-dir/MiniOzoneClusterImpl-32bd3365-c0fa-4882-bde6-5b86600e32bb/datanode-5/data-0/containers/hdds to VolumeSet
2020-07-08 14:10:02,247 [Listener at 127.0.0.1/34841] INFO  volume.ThrottledAsyncChecker (ThrottledAsyncChecker.java:schedule(141)) - Scheduling a check for /github/workspace/mnt/ozone/hadoop-ozone/integration-test/target/test-dir/MiniOzoneClusterImpl-32bd3365-c0fa-4882-bde6-5b86600e32bb/datanode-5/data-0/containers/hdds
2020-07-08 14:10:02,249 [Listener at 127.0.0.1/34841] INFO  volume.HddsVolumeChecker (HddsVolumeChecker.java:checkAllVolumes(200)) - Scheduled health check for volume /github/workspace/mnt/ozone/hadoop-ozone/integration-test/target/test-dir/MiniOzoneClusterImpl-32bd3365-c0fa-4882-bde6-5b86600e32bb/datanode-5/data-0/containers/hdds
2020-07-08 14:10:02,277 [org.apache.hadoop.util.JvmPauseMonitor$Monitor@13025bf7] INFO  util.JvmPauseMonitor (JvmPauseMonitor.java:run(188)) - Starting JVM pause monitor
2020-07-08 14:10:02,286 [Datanode State Machine Thread - 0] INFO  datanode.InitDatanodeState (InitDatanodeState.java:persistContainerDatanodeDetails(145)) - DatanodeDetails is persisted to /github/workspace/mnt/ozone/hadoop-ozone/integration-test/target/test-dir/MiniOzoneClusterImpl-32bd3365-c0fa-4882-bde6-5b86600e32bb/datanode-4/meta/datanode.id
2020-07-08 14:10:02,293 [Listener at 127.0.0.1/34841] INFO  impl.RaftServerProxy (ConfUtils.java:logGet(44)) - raft.rpc.type = GRPC (default)
2020-07-08 14:10:02,293 [Listener at 127.0.0.1/34841] INFO  grpc.GrpcFactory (GrpcFactory.java:checkPooledByteBufAllocatorUseCacheForAllThreads(45)) - PERFORMANCE WARNING: useCacheForAllThreads is true that may cause Netty to create a lot garbage objects and, as a result, trigger GC.
	It is recommended to disable useCacheForAllThreads by setting -Dorg.apache.ratis.thirdparty.io.netty.allocator.useCacheForAllThreads=false in command line.
2020-07-08 14:10:02,294 [Listener at 127.0.0.1/34841] INFO  grpc.GrpcConfigKeys (ConfUtils.java:logGet(44)) - raft.grpc.server.port = 0 (default)
2020-07-08 14:10:02,294 [Listener at 127.0.0.1/34841] INFO  server.GrpcService (ConfUtils.java:logGet(44)) - raft.grpc.message.size.max = 32MB (=33554432) (custom)
2020-07-08 14:10:02,294 [Listener at 127.0.0.1/34841] INFO  server.RaftServerConfigKeys (ConfUtils.java:logGet(44)) - raft.server.log.appender.buffer.byte-limit = 33554432 (custom)
2020-07-08 14:10:02,294 [Listener at 127.0.0.1/34841] INFO  server.GrpcService (ConfUtils.java:logGet(44)) - raft.grpc.flow.control.window = 5MB (=5242880) (custom)
2020-07-08 14:10:02,294 [Listener at 127.0.0.1/34841] INFO  server.RaftServerConfigKeys (ConfUtils.java:logGet(44)) - raft.server.rpc.request.timeout = 3000ms (default)
2020-07-08 14:10:02,296 [Listener at 127.0.0.1/34841] INFO  server.RaftServerConfigKeys (ConfUtils.java:logGet(44)) - raft.server.storage.dir = [/github/workspace/mnt/ozone/hadoop-ozone/integration-test/target/test-dir/MiniOzoneClusterImpl-32bd3365-c0fa-4882-bde6-5b86600e32bb/datanode-5/data/ratis] (custom)
2020-07-08 14:10:02,305 [Listener at 127.0.0.1/34841] INFO  http.BaseHttpServer (BaseHttpServer.java:newHttpServer2BuilderForOzone(207)) - Starting Web-server for hddsDatanode at: http://0.0.0.0:0
2020-07-08 14:10:02,305 [Listener at 127.0.0.1/34841] INFO  http.BaseHttpServer (BaseHttpServer.java:<init>(106)) - Hadoop Security Enabled: false Ozone Security Enabled: false Ozone HTTP Security Enabled: false 
2020-07-08 14:10:02,307 [Listener at 127.0.0.1/34841] INFO  server.AuthenticationFilter (AuthenticationFilter.java:constructSecretProvider(240)) - Unable to initialize FileSignerSecretProvider, falling back to use random secrets.
2020-07-08 14:10:02,308 [Listener at 127.0.0.1/34841] WARN  http.HttpRequestLog (HttpRequestLog.java:getRequestLog(103)) - Jetty request log can only be enabled using Log4j
2020-07-08 14:10:02,315 [Listener at 127.0.0.1/34841] INFO  http.HttpServer2 (HttpServer2.java:addGlobalFilter(998)) - Added global filter 'safety' (class=org.apache.hadoop.hdds.server.http.HttpServer2$QuotingInputFilter)
2020-07-08 14:10:02,315 [Listener at 127.0.0.1/34841] INFO  http.HttpServer2 (HttpServer2.java:addFilter(974)) - Added filter static_user_filter (class=org.apache.hadoop.http.lib.StaticUserWebFilter$StaticUserFilter) to context hddsDatanode
2020-07-08 14:10:02,316 [Listener at 127.0.0.1/34841] INFO  http.HttpServer2 (HttpServer2.java:addFilter(982)) - Added filter static_user_filter (class=org.apache.hadoop.http.lib.StaticUserWebFilter$StaticUserFilter) to context logs
2020-07-08 14:10:02,316 [Listener at 127.0.0.1/34841] INFO  http.HttpServer2 (HttpServer2.java:addFilter(982)) - Added filter static_user_filter (class=org.apache.hadoop.http.lib.StaticUserWebFilter$StaticUserFilter) to context static
2020-07-08 14:10:02,317 [Listener at 127.0.0.1/34841] INFO  http.HttpServer2 (HttpServer2.java:bindListener(1216)) - Jetty bound to port 46153
2020-07-08 14:10:02,318 [Listener at 127.0.0.1/34841] INFO  server.Server (Server.java:doStart(359)) - jetty-9.4.26.v20200117; built: 2020-01-17T12:35:33.676Z; git: 7b38981d25d14afb4a12ff1f2596756144edf695; jvm 1.8.0_232-b09
2020-07-08 14:10:02,321 [Listener at 127.0.0.1/34841] INFO  server.session (DefaultSessionIdManager.java:doStart(333)) - DefaultSessionIdManager workerName=node0
2020-07-08 14:10:02,322 [Listener at 127.0.0.1/34841] INFO  server.session (DefaultSessionIdManager.java:doStart(338)) - No SessionScavenger set, using defaults
2020-07-08 14:10:02,322 [Listener at 127.0.0.1/34841] INFO  server.session (HouseKeeper.java:startScavenging(140)) - node0 Scavenging every 660000ms
2020-07-08 14:10:02,323 [Listener at 127.0.0.1/34841] INFO  handler.ContextHandler (ContextHandler.java:doStart(825)) - Started o.e.j.s.ServletContextHandler@4c364a9d{logs,/logs,file:///github/workspace/mnt/ozone/hadoop-ozone/integration-test/target/log,AVAILABLE}
2020-07-08 14:10:02,323 [Listener at 127.0.0.1/34841] INFO  handler.ContextHandler (ContextHandler.java:doStart(825)) - Started o.e.j.s.ServletContextHandler@59ebe484{static,/static,jar:file:/home/user/.m2/repository/org/apache/hadoop/hadoop-hdds-container-service/0.6.0-SNAPSHOT/hadoop-hdds-container-service-0.6.0-SNAPSHOT.jar!/webapps/static,AVAILABLE}
2020-07-08 14:10:02,349 [Listener at 127.0.0.1/34841] INFO  handler.ContextHandler (ContextHandler.java:doStart(825)) - Started o.e.j.w.WebAppContext@32a541a8{hddsDatanode,/,file:///tmp/jetty-0_0_0_0-46153-hadoop-hdds-container-service-0_6_0-SNAPSHOT_jar-_-any-7155515742619519392.dir/webapp/,AVAILABLE}{jar:file:/home/user/.m2/repository/org/apache/hadoop/hadoop-hdds-container-service/0.6.0-SNAPSHOT/hadoop-hdds-container-service-0.6.0-SNAPSHOT.jar!/webapps/hddsDatanode}
2020-07-08 14:10:02,353 [Listener at 127.0.0.1/34841] INFO  server.AbstractConnector (AbstractConnector.java:doStart(330)) - Started ServerConnector@42718ebf{HTTP/1.1,[http/1.1]}{0.0.0.0:46153}
2020-07-08 14:10:02,353 [Listener at 127.0.0.1/34841] INFO  server.Server (Server.java:doStart(399)) - Started @5782ms
2020-07-08 14:10:02,353 [Listener at 127.0.0.1/34841] WARN  impl.MetricsSystemImpl (MetricsSystemImpl.java:register(276)) - Sink prometheus already exists!
2020-07-08 14:10:02,358 [Listener at 127.0.0.1/34841] INFO  http.BaseHttpServer (BaseHttpServer.java:updateConnectorAddress(327)) - HTTP server of hddsDatanode listening at http://0.0.0.0:46153
2020-07-08 14:10:02,358 [Listener at 127.0.0.1/34841] INFO  impl.MetricsSystemImpl (MetricsSystemImpl.java:init(158)) - HddsDatanode metrics system started (again)
2020-07-08 14:10:02,360 [Listener at 127.0.0.1/34841] INFO  ozone.HddsDatanodeService (HddsDatanodeService.java:start(197)) - HddsDatanodeService host:fa59273552ea ip:172.17.0.2
2020-07-08 14:10:02,362 [Listener at 127.0.0.1/34841] INFO  volume.HddsVolume (HddsVolume.java:<init>(176)) - Creating Volume: /github/workspace/mnt/ozone/hadoop-ozone/integration-test/target/test-dir/MiniOzoneClusterImpl-32bd3365-c0fa-4882-bde6-5b86600e32bb/datanode-6/data-0/containers/hdds of storage type : DISK and capacity : 9223372036854775807
2020-07-08 14:10:02,362 [Listener at 127.0.0.1/34841] INFO  volume.MutableVolumeSet (MutableVolumeSet.java:initializeVolumeSet(181)) - Added Volume : /github/workspace/mnt/ozone/hadoop-ozone/integration-test/target/test-dir/MiniOzoneClusterImpl-32bd3365-c0fa-4882-bde6-5b86600e32bb/datanode-6/data-0/containers/hdds to VolumeSet
2020-07-08 14:10:02,362 [Listener at 127.0.0.1/34841] INFO  volume.ThrottledAsyncChecker (ThrottledAsyncChecker.java:schedule(141)) - Scheduling a check for /github/workspace/mnt/ozone/hadoop-ozone/integration-test/target/test-dir/MiniOzoneClusterImpl-32bd3365-c0fa-4882-bde6-5b86600e32bb/datanode-6/data-0/containers/hdds
2020-07-08 14:10:02,364 [Listener at 127.0.0.1/34841] INFO  volume.HddsVolumeChecker (HddsVolumeChecker.java:checkAllVolumes(200)) - Scheduled health check for volume /github/workspace/mnt/ozone/hadoop-ozone/integration-test/target/test-dir/MiniOzoneClusterImpl-32bd3365-c0fa-4882-bde6-5b86600e32bb/datanode-6/data-0/containers/hdds
2020-07-08 14:10:02,377 [org.apache.hadoop.util.JvmPauseMonitor$Monitor@551d4545] INFO  util.JvmPauseMonitor (JvmPauseMonitor.java:run(188)) - Starting JVM pause monitor
2020-07-08 14:10:02,381 [Datanode State Machine Thread - 0] INFO  datanode.InitDatanodeState (InitDatanodeState.java:persistContainerDatanodeDetails(145)) - DatanodeDetails is persisted to /github/workspace/mnt/ozone/hadoop-ozone/integration-test/target/test-dir/MiniOzoneClusterImpl-32bd3365-c0fa-4882-bde6-5b86600e32bb/datanode-5/meta/datanode.id
2020-07-08 14:10:02,391 [Listener at 127.0.0.1/34841] INFO  impl.RaftServerProxy (ConfUtils.java:logGet(44)) - raft.rpc.type = GRPC (default)
2020-07-08 14:10:02,391 [Listener at 127.0.0.1/34841] INFO  grpc.GrpcFactory (GrpcFactory.java:checkPooledByteBufAllocatorUseCacheForAllThreads(45)) - PERFORMANCE WARNING: useCacheForAllThreads is true that may cause Netty to create a lot garbage objects and, as a result, trigger GC.
	It is recommended to disable useCacheForAllThreads by setting -Dorg.apache.ratis.thirdparty.io.netty.allocator.useCacheForAllThreads=false in command line.
2020-07-08 14:10:02,391 [Listener at 127.0.0.1/34841] INFO  grpc.GrpcConfigKeys (ConfUtils.java:logGet(44)) - raft.grpc.server.port = 0 (default)
2020-07-08 14:10:02,391 [Listener at 127.0.0.1/34841] INFO  server.GrpcService (ConfUtils.java:logGet(44)) - raft.grpc.message.size.max = 32MB (=33554432) (custom)
2020-07-08 14:10:02,392 [Listener at 127.0.0.1/34841] INFO  server.RaftServerConfigKeys (ConfUtils.java:logGet(44)) - raft.server.log.appender.buffer.byte-limit = 33554432 (custom)
2020-07-08 14:10:02,392 [Listener at 127.0.0.1/34841] INFO  server.GrpcService (ConfUtils.java:logGet(44)) - raft.grpc.flow.control.window = 5MB (=5242880) (custom)
2020-07-08 14:10:02,392 [Listener at 127.0.0.1/34841] INFO  server.RaftServerConfigKeys (ConfUtils.java:logGet(44)) - raft.server.rpc.request.timeout = 3000ms (default)
2020-07-08 14:10:02,393 [Listener at 127.0.0.1/34841] INFO  server.RaftServerConfigKeys (ConfUtils.java:logGet(44)) - raft.server.storage.dir = [/github/workspace/mnt/ozone/hadoop-ozone/integration-test/target/test-dir/MiniOzoneClusterImpl-32bd3365-c0fa-4882-bde6-5b86600e32bb/datanode-6/data/ratis] (custom)
2020-07-08 14:10:02,399 [Listener at 127.0.0.1/34841] INFO  http.BaseHttpServer (BaseHttpServer.java:newHttpServer2BuilderForOzone(207)) - Starting Web-server for hddsDatanode at: http://0.0.0.0:0
2020-07-08 14:10:02,399 [Listener at 127.0.0.1/34841] INFO  http.BaseHttpServer (BaseHttpServer.java:<init>(106)) - Hadoop Security Enabled: false Ozone Security Enabled: false Ozone HTTP Security Enabled: false 
2020-07-08 14:10:02,400 [Listener at 127.0.0.1/34841] INFO  server.AuthenticationFilter (AuthenticationFilter.java:constructSecretProvider(240)) - Unable to initialize FileSignerSecretProvider, falling back to use random secrets.
2020-07-08 14:10:02,400 [Listener at 127.0.0.1/34841] WARN  http.HttpRequestLog (HttpRequestLog.java:getRequestLog(103)) - Jetty request log can only be enabled using Log4j
2020-07-08 14:10:02,401 [Listener at 127.0.0.1/34841] INFO  http.HttpServer2 (HttpServer2.java:addGlobalFilter(998)) - Added global filter 'safety' (class=org.apache.hadoop.hdds.server.http.HttpServer2$QuotingInputFilter)
2020-07-08 14:10:02,402 [Listener at 127.0.0.1/34841] INFO  http.HttpServer2 (HttpServer2.java:addFilter(974)) - Added filter static_user_filter (class=org.apache.hadoop.http.lib.StaticUserWebFilter$StaticUserFilter) to context hddsDatanode
2020-07-08 14:10:02,402 [Listener at 127.0.0.1/34841] INFO  http.HttpServer2 (HttpServer2.java:addFilter(982)) - Added filter static_user_filter (class=org.apache.hadoop.http.lib.StaticUserWebFilter$StaticUserFilter) to context logs
2020-07-08 14:10:02,402 [Listener at 127.0.0.1/34841] INFO  http.HttpServer2 (HttpServer2.java:addFilter(982)) - Added filter static_user_filter (class=org.apache.hadoop.http.lib.StaticUserWebFilter$StaticUserFilter) to context static
2020-07-08 14:10:02,403 [Listener at 127.0.0.1/34841] INFO  http.HttpServer2 (HttpServer2.java:bindListener(1216)) - Jetty bound to port 45347
2020-07-08 14:10:02,403 [Listener at 127.0.0.1/34841] INFO  server.Server (Server.java:doStart(359)) - jetty-9.4.26.v20200117; built: 2020-01-17T12:35:33.676Z; git: 7b38981d25d14afb4a12ff1f2596756144edf695; jvm 1.8.0_232-b09
2020-07-08 14:10:02,407 [Listener at 127.0.0.1/34841] INFO  server.session (DefaultSessionIdManager.java:doStart(333)) - DefaultSessionIdManager workerName=node0
2020-07-08 14:10:02,407 [Listener at 127.0.0.1/34841] INFO  server.session (DefaultSessionIdManager.java:doStart(338)) - No SessionScavenger set, using defaults
2020-07-08 14:10:02,407 [Listener at 127.0.0.1/34841] INFO  server.session (HouseKeeper.java:startScavenging(140)) - node0 Scavenging every 600000ms
2020-07-08 14:10:02,408 [Listener at 127.0.0.1/34841] INFO  handler.ContextHandler (ContextHandler.java:doStart(825)) - Started o.e.j.s.ServletContextHandler@4d37c996{logs,/logs,file:///github/workspace/mnt/ozone/hadoop-ozone/integration-test/target/log,AVAILABLE}
2020-07-08 14:10:02,409 [Listener at 127.0.0.1/34841] INFO  handler.ContextHandler (ContextHandler.java:doStart(825)) - Started o.e.j.s.ServletContextHandler@3f8c4bcf{static,/static,jar:file:/home/user/.m2/repository/org/apache/hadoop/hadoop-hdds-container-service/0.6.0-SNAPSHOT/hadoop-hdds-container-service-0.6.0-SNAPSHOT.jar!/webapps/static,AVAILABLE}
2020-07-08 14:10:02,433 [Listener at 127.0.0.1/34841] INFO  handler.ContextHandler (ContextHandler.java:doStart(825)) - Started o.e.j.w.WebAppContext@437a4e61{hddsDatanode,/,file:///tmp/jetty-0_0_0_0-45347-hadoop-hdds-container-service-0_6_0-SNAPSHOT_jar-_-any-3451651330806662417.dir/webapp/,AVAILABLE}{jar:file:/home/user/.m2/repository/org/apache/hadoop/hadoop-hdds-container-service/0.6.0-SNAPSHOT/hadoop-hdds-container-service-0.6.0-SNAPSHOT.jar!/webapps/hddsDatanode}
2020-07-08 14:10:02,435 [Listener at 127.0.0.1/34841] INFO  server.AbstractConnector (AbstractConnector.java:doStart(330)) - Started ServerConnector@7712c315{HTTP/1.1,[http/1.1]}{0.0.0.0:45347}
2020-07-08 14:10:02,435 [Listener at 127.0.0.1/34841] INFO  server.Server (Server.java:doStart(399)) - Started @5864ms
2020-07-08 14:10:02,435 [Listener at 127.0.0.1/34841] WARN  impl.MetricsSystemImpl (MetricsSystemImpl.java:register(276)) - Sink prometheus already exists!
2020-07-08 14:10:02,440 [Listener at 127.0.0.1/34841] INFO  http.BaseHttpServer (BaseHttpServer.java:updateConnectorAddress(327)) - HTTP server of hddsDatanode listening at http://0.0.0.0:45347
2020-07-08 14:10:02,440 [Listener at 127.0.0.1/34841] INFO  impl.MetricsSystemImpl (MetricsSystemImpl.java:init(158)) - HddsDatanode metrics system started (again)
2020-07-08 14:10:02,442 [Listener at 127.0.0.1/34841] INFO  ozone.HddsDatanodeService (HddsDatanodeService.java:start(197)) - HddsDatanodeService host:fa59273552ea ip:172.17.0.2
2020-07-08 14:10:02,443 [Listener at 127.0.0.1/34841] INFO  volume.HddsVolume (HddsVolume.java:<init>(176)) - Creating Volume: /github/workspace/mnt/ozone/hadoop-ozone/integration-test/target/test-dir/MiniOzoneClusterImpl-32bd3365-c0fa-4882-bde6-5b86600e32bb/datanode-7/data-0/containers/hdds of storage type : DISK and capacity : 9223372036854775807
2020-07-08 14:10:02,444 [Listener at 127.0.0.1/34841] INFO  volume.MutableVolumeSet (MutableVolumeSet.java:initializeVolumeSet(181)) - Added Volume : /github/workspace/mnt/ozone/hadoop-ozone/integration-test/target/test-dir/MiniOzoneClusterImpl-32bd3365-c0fa-4882-bde6-5b86600e32bb/datanode-7/data-0/containers/hdds to VolumeSet
2020-07-08 14:10:02,444 [Listener at 127.0.0.1/34841] INFO  volume.ThrottledAsyncChecker (ThrottledAsyncChecker.java:schedule(141)) - Scheduling a check for /github/workspace/mnt/ozone/hadoop-ozone/integration-test/target/test-dir/MiniOzoneClusterImpl-32bd3365-c0fa-4882-bde6-5b86600e32bb/datanode-7/data-0/containers/hdds
2020-07-08 14:10:02,446 [Listener at 127.0.0.1/34841] INFO  volume.HddsVolumeChecker (HddsVolumeChecker.java:checkAllVolumes(200)) - Scheduled health check for volume /github/workspace/mnt/ozone/hadoop-ozone/integration-test/target/test-dir/MiniOzoneClusterImpl-32bd3365-c0fa-4882-bde6-5b86600e32bb/datanode-7/data-0/containers/hdds
2020-07-08 14:10:02,461 [org.apache.hadoop.util.JvmPauseMonitor$Monitor@22ad3609] INFO  util.JvmPauseMonitor (JvmPauseMonitor.java:run(188)) - Starting JVM pause monitor
2020-07-08 14:10:02,478 [Datanode State Machine Thread - 0] INFO  datanode.InitDatanodeState (InitDatanodeState.java:persistContainerDatanodeDetails(145)) - DatanodeDetails is persisted to /github/workspace/mnt/ozone/hadoop-ozone/integration-test/target/test-dir/MiniOzoneClusterImpl-32bd3365-c0fa-4882-bde6-5b86600e32bb/datanode-6/meta/datanode.id
2020-07-08 14:10:02,483 [Listener at 127.0.0.1/34841] INFO  impl.RaftServerProxy (ConfUtils.java:logGet(44)) - raft.rpc.type = GRPC (default)
2020-07-08 14:10:02,484 [Listener at 127.0.0.1/34841] INFO  grpc.GrpcFactory (GrpcFactory.java:checkPooledByteBufAllocatorUseCacheForAllThreads(45)) - PERFORMANCE WARNING: useCacheForAllThreads is true that may cause Netty to create a lot garbage objects and, as a result, trigger GC.
	It is recommended to disable useCacheForAllThreads by setting -Dorg.apache.ratis.thirdparty.io.netty.allocator.useCacheForAllThreads=false in command line.
2020-07-08 14:10:02,484 [Listener at 127.0.0.1/34841] INFO  grpc.GrpcConfigKeys (ConfUtils.java:logGet(44)) - raft.grpc.server.port = 0 (default)
2020-07-08 14:10:02,484 [Listener at 127.0.0.1/34841] INFO  server.GrpcService (ConfUtils.java:logGet(44)) - raft.grpc.message.size.max = 32MB (=33554432) (custom)
2020-07-08 14:10:02,484 [Listener at 127.0.0.1/34841] INFO  server.RaftServerConfigKeys (ConfUtils.java:logGet(44)) - raft.server.log.appender.buffer.byte-limit = 33554432 (custom)
2020-07-08 14:10:02,484 [Listener at 127.0.0.1/34841] INFO  server.GrpcService (ConfUtils.java:logGet(44)) - raft.grpc.flow.control.window = 5MB (=5242880) (custom)
2020-07-08 14:10:02,485 [Listener at 127.0.0.1/34841] INFO  server.RaftServerConfigKeys (ConfUtils.java:logGet(44)) - raft.server.rpc.request.timeout = 3000ms (default)
2020-07-08 14:10:02,486 [Listener at 127.0.0.1/34841] INFO  server.RaftServerConfigKeys (ConfUtils.java:logGet(44)) - raft.server.storage.dir = [/github/workspace/mnt/ozone/hadoop-ozone/integration-test/target/test-dir/MiniOzoneClusterImpl-32bd3365-c0fa-4882-bde6-5b86600e32bb/datanode-7/data/ratis] (custom)
2020-07-08 14:10:02,493 [Listener at 127.0.0.1/34841] INFO  http.BaseHttpServer (BaseHttpServer.java:newHttpServer2BuilderForOzone(207)) - Starting Web-server for hddsDatanode at: http://0.0.0.0:0
2020-07-08 14:10:02,493 [Listener at 127.0.0.1/34841] INFO  http.BaseHttpServer (BaseHttpServer.java:<init>(106)) - Hadoop Security Enabled: false Ozone Security Enabled: false Ozone HTTP Security Enabled: false 
2020-07-08 14:10:02,494 [Listener at 127.0.0.1/34841] INFO  server.AuthenticationFilter (AuthenticationFilter.java:constructSecretProvider(240)) - Unable to initialize FileSignerSecretProvider, falling back to use random secrets.
2020-07-08 14:10:02,495 [Listener at 127.0.0.1/34841] WARN  http.HttpRequestLog (HttpRequestLog.java:getRequestLog(103)) - Jetty request log can only be enabled using Log4j
2020-07-08 14:10:02,495 [Listener at 127.0.0.1/34841] INFO  http.HttpServer2 (HttpServer2.java:addGlobalFilter(998)) - Added global filter 'safety' (class=org.apache.hadoop.hdds.server.http.HttpServer2$QuotingInputFilter)
2020-07-08 14:10:02,496 [Listener at 127.0.0.1/34841] INFO  http.HttpServer2 (HttpServer2.java:addFilter(974)) - Added filter static_user_filter (class=org.apache.hadoop.http.lib.StaticUserWebFilter$StaticUserFilter) to context hddsDatanode
2020-07-08 14:10:02,496 [Listener at 127.0.0.1/34841] INFO  http.HttpServer2 (HttpServer2.java:addFilter(982)) - Added filter static_user_filter (class=org.apache.hadoop.http.lib.StaticUserWebFilter$StaticUserFilter) to context static
2020-07-08 14:10:02,497 [Listener at 127.0.0.1/34841] INFO  http.HttpServer2 (HttpServer2.java:addFilter(982)) - Added filter static_user_filter (class=org.apache.hadoop.http.lib.StaticUserWebFilter$StaticUserFilter) to context logs
2020-07-08 14:10:02,497 [Listener at 127.0.0.1/34841] INFO  http.HttpServer2 (HttpServer2.java:bindListener(1216)) - Jetty bound to port 41589
2020-07-08 14:10:02,497 [Listener at 127.0.0.1/34841] INFO  server.Server (Server.java:doStart(359)) - jetty-9.4.26.v20200117; built: 2020-01-17T12:35:33.676Z; git: 7b38981d25d14afb4a12ff1f2596756144edf695; jvm 1.8.0_232-b09
2020-07-08 14:10:02,501 [Listener at 127.0.0.1/34841] INFO  server.session (DefaultSessionIdManager.java:doStart(333)) - DefaultSessionIdManager workerName=node0
2020-07-08 14:10:02,501 [Listener at 127.0.0.1/34841] INFO  server.session (DefaultSessionIdManager.java:doStart(338)) - No SessionScavenger set, using defaults
2020-07-08 14:10:02,502 [Listener at 127.0.0.1/34841] INFO  server.session (HouseKeeper.java:startScavenging(140)) - node0 Scavenging every 660000ms
2020-07-08 14:10:02,505 [Listener at 127.0.0.1/34841] INFO  handler.ContextHandler (ContextHandler.java:doStart(825)) - Started o.e.j.s.ServletContextHandler@5ba7391b{logs,/logs,file:///github/workspace/mnt/ozone/hadoop-ozone/integration-test/target/log,AVAILABLE}
2020-07-08 14:10:02,505 [Listener at 127.0.0.1/34841] INFO  handler.ContextHandler (ContextHandler.java:doStart(825)) - Started o.e.j.s.ServletContextHandler@9203db8{static,/static,jar:file:/home/user/.m2/repository/org/apache/hadoop/hadoop-hdds-container-service/0.6.0-SNAPSHOT/hadoop-hdds-container-service-0.6.0-SNAPSHOT.jar!/webapps/static,AVAILABLE}
2020-07-08 14:10:02,523 [Listener at 127.0.0.1/34841] INFO  handler.ContextHandler (ContextHandler.java:doStart(825)) - Started o.e.j.w.WebAppContext@58d635de{hddsDatanode,/,file:///tmp/jetty-0_0_0_0-41589-hadoop-hdds-container-service-0_6_0-SNAPSHOT_jar-_-any-6365251579601197471.dir/webapp/,AVAILABLE}{jar:file:/home/user/.m2/repository/org/apache/hadoop/hadoop-hdds-container-service/0.6.0-SNAPSHOT/hadoop-hdds-container-service-0.6.0-SNAPSHOT.jar!/webapps/hddsDatanode}
2020-07-08 14:10:02,525 [Listener at 127.0.0.1/34841] INFO  server.AbstractConnector (AbstractConnector.java:doStart(330)) - Started ServerConnector@7dbc77ca{HTTP/1.1,[http/1.1]}{0.0.0.0:41589}
2020-07-08 14:10:02,527 [Listener at 127.0.0.1/34841] INFO  server.Server (Server.java:doStart(399)) - Started @5955ms
2020-07-08 14:10:02,527 [Listener at 127.0.0.1/34841] WARN  impl.MetricsSystemImpl (MetricsSystemImpl.java:register(276)) - Sink prometheus already exists!
2020-07-08 14:10:02,531 [Listener at 127.0.0.1/34841] INFO  http.BaseHttpServer (BaseHttpServer.java:updateConnectorAddress(327)) - HTTP server of hddsDatanode listening at http://0.0.0.0:41589
2020-07-08 14:10:02,531 [Listener at 127.0.0.1/34841] INFO  impl.MetricsSystemImpl (MetricsSystemImpl.java:init(158)) - HddsDatanode metrics system started (again)
2020-07-08 14:10:02,534 [Listener at 127.0.0.1/34841] INFO  ozone.HddsDatanodeService (HddsDatanodeService.java:start(197)) - HddsDatanodeService host:fa59273552ea ip:172.17.0.2
2020-07-08 14:10:02,537 [Listener at 127.0.0.1/34841] INFO  volume.HddsVolume (HddsVolume.java:<init>(176)) - Creating Volume: /github/workspace/mnt/ozone/hadoop-ozone/integration-test/target/test-dir/MiniOzoneClusterImpl-32bd3365-c0fa-4882-bde6-5b86600e32bb/datanode-8/data-0/containers/hdds of storage type : DISK and capacity : 9223372036854775807
2020-07-08 14:10:02,537 [Listener at 127.0.0.1/34841] INFO  volume.MutableVolumeSet (MutableVolumeSet.java:initializeVolumeSet(181)) - Added Volume : /github/workspace/mnt/ozone/hadoop-ozone/integration-test/target/test-dir/MiniOzoneClusterImpl-32bd3365-c0fa-4882-bde6-5b86600e32bb/datanode-8/data-0/containers/hdds to VolumeSet
2020-07-08 14:10:02,538 [Listener at 127.0.0.1/34841] INFO  volume.ThrottledAsyncChecker (ThrottledAsyncChecker.java:schedule(141)) - Scheduling a check for /github/workspace/mnt/ozone/hadoop-ozone/integration-test/target/test-dir/MiniOzoneClusterImpl-32bd3365-c0fa-4882-bde6-5b86600e32bb/datanode-8/data-0/containers/hdds
2020-07-08 14:10:02,544 [org.apache.hadoop.util.JvmPauseMonitor$Monitor@59eba2d9] INFO  util.JvmPauseMonitor (JvmPauseMonitor.java:run(188)) - Starting JVM pause monitor
2020-07-08 14:10:02,553 [Listener at 127.0.0.1/34841] INFO  volume.HddsVolumeChecker (HddsVolumeChecker.java:checkAllVolumes(200)) - Scheduled health check for volume /github/workspace/mnt/ozone/hadoop-ozone/integration-test/target/test-dir/MiniOzoneClusterImpl-32bd3365-c0fa-4882-bde6-5b86600e32bb/datanode-8/data-0/containers/hdds
2020-07-08 14:10:02,567 [Datanode State Machine Thread - 0] INFO  datanode.InitDatanodeState (InitDatanodeState.java:persistContainerDatanodeDetails(145)) - DatanodeDetails is persisted to /github/workspace/mnt/ozone/hadoop-ozone/integration-test/target/test-dir/MiniOzoneClusterImpl-32bd3365-c0fa-4882-bde6-5b86600e32bb/datanode-7/meta/datanode.id
2020-07-08 14:10:02,582 [Listener at 127.0.0.1/34841] INFO  impl.RaftServerProxy (ConfUtils.java:logGet(44)) - raft.rpc.type = GRPC (default)
2020-07-08 14:10:02,583 [Listener at 127.0.0.1/34841] INFO  grpc.GrpcFactory (GrpcFactory.java:checkPooledByteBufAllocatorUseCacheForAllThreads(45)) - PERFORMANCE WARNING: useCacheForAllThreads is true that may cause Netty to create a lot garbage objects and, as a result, trigger GC.
	It is recommended to disable useCacheForAllThreads by setting -Dorg.apache.ratis.thirdparty.io.netty.allocator.useCacheForAllThreads=false in command line.
2020-07-08 14:10:02,583 [Listener at 127.0.0.1/34841] INFO  grpc.GrpcConfigKeys (ConfUtils.java:logGet(44)) - raft.grpc.server.port = 0 (default)
2020-07-08 14:10:02,583 [Listener at 127.0.0.1/34841] INFO  server.GrpcService (ConfUtils.java:logGet(44)) - raft.grpc.message.size.max = 32MB (=33554432) (custom)
2020-07-08 14:10:02,583 [Listener at 127.0.0.1/34841] INFO  server.RaftServerConfigKeys (ConfUtils.java:logGet(44)) - raft.server.log.appender.buffer.byte-limit = 33554432 (custom)
2020-07-08 14:10:02,583 [Listener at 127.0.0.1/34841] INFO  server.GrpcService (ConfUtils.java:logGet(44)) - raft.grpc.flow.control.window = 5MB (=5242880) (custom)
2020-07-08 14:10:02,584 [Listener at 127.0.0.1/34841] INFO  server.RaftServerConfigKeys (ConfUtils.java:logGet(44)) - raft.server.rpc.request.timeout = 3000ms (default)
2020-07-08 14:10:02,585 [Listener at 127.0.0.1/34841] INFO  server.RaftServerConfigKeys (ConfUtils.java:logGet(44)) - raft.server.storage.dir = [/github/workspace/mnt/ozone/hadoop-ozone/integration-test/target/test-dir/MiniOzoneClusterImpl-32bd3365-c0fa-4882-bde6-5b86600e32bb/datanode-8/data/ratis] (custom)
2020-07-08 14:10:02,592 [Listener at 127.0.0.1/34841] INFO  http.BaseHttpServer (BaseHttpServer.java:newHttpServer2BuilderForOzone(207)) - Starting Web-server for hddsDatanode at: http://0.0.0.0:0
2020-07-08 14:10:02,592 [Listener at 127.0.0.1/34841] INFO  http.BaseHttpServer (BaseHttpServer.java:<init>(106)) - Hadoop Security Enabled: false Ozone Security Enabled: false Ozone HTTP Security Enabled: false 
2020-07-08 14:10:02,594 [Listener at 127.0.0.1/34841] INFO  server.AuthenticationFilter (AuthenticationFilter.java:constructSecretProvider(240)) - Unable to initialize FileSignerSecretProvider, falling back to use random secrets.
2020-07-08 14:10:02,594 [Listener at 127.0.0.1/34841] WARN  http.HttpRequestLog (HttpRequestLog.java:getRequestLog(103)) - Jetty request log can only be enabled using Log4j
2020-07-08 14:10:02,595 [Listener at 127.0.0.1/34841] INFO  http.HttpServer2 (HttpServer2.java:addGlobalFilter(998)) - Added global filter 'safety' (class=org.apache.hadoop.hdds.server.http.HttpServer2$QuotingInputFilter)
2020-07-08 14:10:02,596 [Listener at 127.0.0.1/34841] INFO  http.HttpServer2 (HttpServer2.java:addFilter(974)) - Added filter static_user_filter (class=org.apache.hadoop.http.lib.StaticUserWebFilter$StaticUserFilter) to context hddsDatanode
2020-07-08 14:10:02,596 [Listener at 127.0.0.1/34841] INFO  http.HttpServer2 (HttpServer2.java:addFilter(982)) - Added filter static_user_filter (class=org.apache.hadoop.http.lib.StaticUserWebFilter$StaticUserFilter) to context static
2020-07-08 14:10:02,596 [Listener at 127.0.0.1/34841] INFO  http.HttpServer2 (HttpServer2.java:addFilter(982)) - Added filter static_user_filter (class=org.apache.hadoop.http.lib.StaticUserWebFilter$StaticUserFilter) to context logs
2020-07-08 14:10:02,597 [Listener at 127.0.0.1/34841] INFO  http.HttpServer2 (HttpServer2.java:bindListener(1216)) - Jetty bound to port 37621
2020-07-08 14:10:02,597 [Listener at 127.0.0.1/34841] INFO  server.Server (Server.java:doStart(359)) - jetty-9.4.26.v20200117; built: 2020-01-17T12:35:33.676Z; git: 7b38981d25d14afb4a12ff1f2596756144edf695; jvm 1.8.0_232-b09
2020-07-08 14:10:02,599 [Listener at 127.0.0.1/34841] INFO  server.session (DefaultSessionIdManager.java:doStart(333)) - DefaultSessionIdManager workerName=node0
2020-07-08 14:10:02,599 [Listener at 127.0.0.1/34841] INFO  server.session (DefaultSessionIdManager.java:doStart(338)) - No SessionScavenger set, using defaults
2020-07-08 14:10:02,599 [Listener at 127.0.0.1/34841] INFO  server.session (HouseKeeper.java:startScavenging(140)) - node0 Scavenging every 600000ms
2020-07-08 14:10:02,600 [Listener at 127.0.0.1/34841] INFO  handler.ContextHandler (ContextHandler.java:doStart(825)) - Started o.e.j.s.ServletContextHandler@175c4ae5{logs,/logs,file:///github/workspace/mnt/ozone/hadoop-ozone/integration-test/target/log,AVAILABLE}
2020-07-08 14:10:02,600 [Listener at 127.0.0.1/34841] INFO  handler.ContextHandler (ContextHandler.java:doStart(825)) - Started o.e.j.s.ServletContextHandler@2b33e616{static,/static,jar:file:/home/user/.m2/repository/org/apache/hadoop/hadoop-hdds-container-service/0.6.0-SNAPSHOT/hadoop-hdds-container-service-0.6.0-SNAPSHOT.jar!/webapps/static,AVAILABLE}
2020-07-08 14:10:02,622 [Listener at 127.0.0.1/34841] INFO  handler.ContextHandler (ContextHandler.java:doStart(825)) - Started o.e.j.w.WebAppContext@70ed03e4{hddsDatanode,/,file:///tmp/jetty-0_0_0_0-37621-hadoop-hdds-container-service-0_6_0-SNAPSHOT_jar-_-any-1951687035667862904.dir/webapp/,AVAILABLE}{jar:file:/home/user/.m2/repository/org/apache/hadoop/hadoop-hdds-container-service/0.6.0-SNAPSHOT/hadoop-hdds-container-service-0.6.0-SNAPSHOT.jar!/webapps/hddsDatanode}
2020-07-08 14:10:02,625 [Listener at 127.0.0.1/34841] INFO  server.AbstractConnector (AbstractConnector.java:doStart(330)) - Started ServerConnector@1252d480{HTTP/1.1,[http/1.1]}{0.0.0.0:37621}
2020-07-08 14:10:02,626 [Listener at 127.0.0.1/34841] INFO  server.Server (Server.java:doStart(399)) - Started @6054ms
2020-07-08 14:10:02,626 [Listener at 127.0.0.1/34841] WARN  impl.MetricsSystemImpl (MetricsSystemImpl.java:register(276)) - Sink prometheus already exists!
2020-07-08 14:10:02,630 [Listener at 127.0.0.1/34841] INFO  http.BaseHttpServer (BaseHttpServer.java:updateConnectorAddress(327)) - HTTP server of hddsDatanode listening at http://0.0.0.0:37621
2020-07-08 14:10:02,631 [Listener at 127.0.0.1/34841] INFO  impl.MetricsSystemImpl (MetricsSystemImpl.java:init(158)) - HddsDatanode metrics system started (again)
2020-07-08 14:10:02,633 [Listener at 127.0.0.1/34841] INFO  ozone.HddsDatanodeService (HddsDatanodeService.java:start(197)) - HddsDatanodeService host:fa59273552ea ip:172.17.0.2
2020-07-08 14:10:02,634 [Listener at 127.0.0.1/34841] INFO  volume.HddsVolume (HddsVolume.java:<init>(176)) - Creating Volume: /github/workspace/mnt/ozone/hadoop-ozone/integration-test/target/test-dir/MiniOzoneClusterImpl-32bd3365-c0fa-4882-bde6-5b86600e32bb/datanode-9/data-0/containers/hdds of storage type : DISK and capacity : 9223372036854775807
2020-07-08 14:10:02,634 [Listener at 127.0.0.1/34841] INFO  volume.MutableVolumeSet (MutableVolumeSet.java:initializeVolumeSet(181)) - Added Volume : /github/workspace/mnt/ozone/hadoop-ozone/integration-test/target/test-dir/MiniOzoneClusterImpl-32bd3365-c0fa-4882-bde6-5b86600e32bb/datanode-9/data-0/containers/hdds to VolumeSet
2020-07-08 14:10:02,634 [Listener at 127.0.0.1/34841] INFO  volume.ThrottledAsyncChecker (ThrottledAsyncChecker.java:schedule(141)) - Scheduling a check for /github/workspace/mnt/ozone/hadoop-ozone/integration-test/target/test-dir/MiniOzoneClusterImpl-32bd3365-c0fa-4882-bde6-5b86600e32bb/datanode-9/data-0/containers/hdds
2020-07-08 14:10:02,635 [Listener at 127.0.0.1/34841] INFO  volume.HddsVolumeChecker (HddsVolumeChecker.java:checkAllVolumes(200)) - Scheduled health check for volume /github/workspace/mnt/ozone/hadoop-ozone/integration-test/target/test-dir/MiniOzoneClusterImpl-32bd3365-c0fa-4882-bde6-5b86600e32bb/datanode-9/data-0/containers/hdds
2020-07-08 14:10:02,666 [org.apache.hadoop.util.JvmPauseMonitor$Monitor@7ac3b099] INFO  util.JvmPauseMonitor (JvmPauseMonitor.java:run(188)) - Starting JVM pause monitor
2020-07-08 14:10:02,672 [Listener at 127.0.0.1/34841] INFO  impl.RaftServerProxy (ConfUtils.java:logGet(44)) - raft.rpc.type = GRPC (default)
2020-07-08 14:10:02,672 [Datanode State Machine Thread - 0] INFO  datanode.InitDatanodeState (InitDatanodeState.java:persistContainerDatanodeDetails(145)) - DatanodeDetails is persisted to /github/workspace/mnt/ozone/hadoop-ozone/integration-test/target/test-dir/MiniOzoneClusterImpl-32bd3365-c0fa-4882-bde6-5b86600e32bb/datanode-8/meta/datanode.id
2020-07-08 14:10:02,672 [Listener at 127.0.0.1/34841] INFO  grpc.GrpcFactory (GrpcFactory.java:checkPooledByteBufAllocatorUseCacheForAllThreads(45)) - PERFORMANCE WARNING: useCacheForAllThreads is true that may cause Netty to create a lot garbage objects and, as a result, trigger GC.
	It is recommended to disable useCacheForAllThreads by setting -Dorg.apache.ratis.thirdparty.io.netty.allocator.useCacheForAllThreads=false in command line.
2020-07-08 14:10:02,673 [Listener at 127.0.0.1/34841] INFO  grpc.GrpcConfigKeys (ConfUtils.java:logGet(44)) - raft.grpc.server.port = 0 (default)
2020-07-08 14:10:02,673 [Listener at 127.0.0.1/34841] INFO  server.GrpcService (ConfUtils.java:logGet(44)) - raft.grpc.message.size.max = 32MB (=33554432) (custom)
2020-07-08 14:10:02,673 [Listener at 127.0.0.1/34841] INFO  server.RaftServerConfigKeys (ConfUtils.java:logGet(44)) - raft.server.log.appender.buffer.byte-limit = 33554432 (custom)
2020-07-08 14:10:02,673 [Listener at 127.0.0.1/34841] INFO  server.GrpcService (ConfUtils.java:logGet(44)) - raft.grpc.flow.control.window = 5MB (=5242880) (custom)
2020-07-08 14:10:02,673 [Listener at 127.0.0.1/34841] INFO  server.RaftServerConfigKeys (ConfUtils.java:logGet(44)) - raft.server.rpc.request.timeout = 3000ms (default)
2020-07-08 14:10:02,674 [Listener at 127.0.0.1/34841] INFO  server.RaftServerConfigKeys (ConfUtils.java:logGet(44)) - raft.server.storage.dir = [/github/workspace/mnt/ozone/hadoop-ozone/integration-test/target/test-dir/MiniOzoneClusterImpl-32bd3365-c0fa-4882-bde6-5b86600e32bb/datanode-9/data/ratis] (custom)
2020-07-08 14:10:02,682 [Listener at 127.0.0.1/34841] INFO  http.BaseHttpServer (BaseHttpServer.java:newHttpServer2BuilderForOzone(207)) - Starting Web-server for hddsDatanode at: http://0.0.0.0:0
2020-07-08 14:10:02,682 [Listener at 127.0.0.1/34841] INFO  http.BaseHttpServer (BaseHttpServer.java:<init>(106)) - Hadoop Security Enabled: false Ozone Security Enabled: false Ozone HTTP Security Enabled: false 
2020-07-08 14:10:02,683 [Listener at 127.0.0.1/34841] INFO  server.AuthenticationFilter (AuthenticationFilter.java:constructSecretProvider(240)) - Unable to initialize FileSignerSecretProvider, falling back to use random secrets.
2020-07-08 14:10:02,684 [Listener at 127.0.0.1/34841] WARN  http.HttpRequestLog (HttpRequestLog.java:getRequestLog(103)) - Jetty request log can only be enabled using Log4j
2020-07-08 14:10:02,684 [Listener at 127.0.0.1/34841] INFO  http.HttpServer2 (HttpServer2.java:addGlobalFilter(998)) - Added global filter 'safety' (class=org.apache.hadoop.hdds.server.http.HttpServer2$QuotingInputFilter)
2020-07-08 14:10:02,685 [Listener at 127.0.0.1/34841] INFO  http.HttpServer2 (HttpServer2.java:addFilter(974)) - Added filter static_user_filter (class=org.apache.hadoop.http.lib.StaticUserWebFilter$StaticUserFilter) to context hddsDatanode
2020-07-08 14:10:02,686 [Listener at 127.0.0.1/34841] INFO  http.HttpServer2 (HttpServer2.java:addFilter(982)) - Added filter static_user_filter (class=org.apache.hadoop.http.lib.StaticUserWebFilter$StaticUserFilter) to context logs
2020-07-08 14:10:02,686 [Listener at 127.0.0.1/34841] INFO  http.HttpServer2 (HttpServer2.java:addFilter(982)) - Added filter static_user_filter (class=org.apache.hadoop.http.lib.StaticUserWebFilter$StaticUserFilter) to context static
2020-07-08 14:10:02,686 [Listener at 127.0.0.1/34841] INFO  http.HttpServer2 (HttpServer2.java:bindListener(1216)) - Jetty bound to port 36899
2020-07-08 14:10:02,686 [Listener at 127.0.0.1/34841] INFO  server.Server (Server.java:doStart(359)) - jetty-9.4.26.v20200117; built: 2020-01-17T12:35:33.676Z; git: 7b38981d25d14afb4a12ff1f2596756144edf695; jvm 1.8.0_232-b09
2020-07-08 14:10:02,688 [Listener at 127.0.0.1/34841] INFO  server.session (DefaultSessionIdManager.java:doStart(333)) - DefaultSessionIdManager workerName=node0
2020-07-08 14:10:02,688 [Listener at 127.0.0.1/34841] INFO  server.session (DefaultSessionIdManager.java:doStart(338)) - No SessionScavenger set, using defaults
2020-07-08 14:10:02,688 [Listener at 127.0.0.1/34841] INFO  server.session (HouseKeeper.java:startScavenging(140)) - node0 Scavenging every 660000ms
2020-07-08 14:10:02,693 [Listener at 127.0.0.1/34841] INFO  handler.ContextHandler (ContextHandler.java:doStart(825)) - Started o.e.j.s.ServletContextHandler@5a919251{logs,/logs,file:///github/workspace/mnt/ozone/hadoop-ozone/integration-test/target/log,AVAILABLE}
2020-07-08 14:10:02,693 [Listener at 127.0.0.1/34841] INFO  handler.ContextHandler (ContextHandler.java:doStart(825)) - Started o.e.j.s.ServletContextHandler@b3c7c75{static,/static,jar:file:/home/user/.m2/repository/org/apache/hadoop/hadoop-hdds-container-service/0.6.0-SNAPSHOT/hadoop-hdds-container-service-0.6.0-SNAPSHOT.jar!/webapps/static,AVAILABLE}
2020-07-08 14:10:02,710 [Listener at 127.0.0.1/34841] INFO  handler.ContextHandler (ContextHandler.java:doStart(825)) - Started o.e.j.w.WebAppContext@637de489{hddsDatanode,/,file:///tmp/jetty-0_0_0_0-36899-hadoop-hdds-container-service-0_6_0-SNAPSHOT_jar-_-any-3714385005182589867.dir/webapp/,AVAILABLE}{jar:file:/home/user/.m2/repository/org/apache/hadoop/hadoop-hdds-container-service/0.6.0-SNAPSHOT/hadoop-hdds-container-service-0.6.0-SNAPSHOT.jar!/webapps/hddsDatanode}
2020-07-08 14:10:02,712 [Listener at 127.0.0.1/34841] INFO  server.AbstractConnector (AbstractConnector.java:doStart(330)) - Started ServerConnector@23e54c8a{HTTP/1.1,[http/1.1]}{0.0.0.0:36899}
2020-07-08 14:10:02,712 [Listener at 127.0.0.1/34841] INFO  server.Server (Server.java:doStart(399)) - Started @6141ms
2020-07-08 14:10:02,712 [Listener at 127.0.0.1/34841] WARN  impl.MetricsSystemImpl (MetricsSystemImpl.java:register(276)) - Sink prometheus already exists!
2020-07-08 14:10:02,722 [Listener at 127.0.0.1/34841] INFO  http.BaseHttpServer (BaseHttpServer.java:updateConnectorAddress(327)) - HTTP server of hddsDatanode listening at http://0.0.0.0:36899
2020-07-08 14:10:02,724 [Listener at 127.0.0.1/34841] INFO  ozone.MiniOzoneClusterImpl (MiniOzoneClusterImpl.java:lambda$waitForClusterToBeReady$0(177)) - Waiting for nodes to be ready. Got 0 of 10 DN Heartbeats.
2020-07-08 14:10:02,724 [Listener at 127.0.0.1/34841] INFO  ozone.MiniOzoneClusterImpl (MiniOzoneClusterImpl.java:lambda$waitForClusterToBeReady$0(180)) - Waiting for cluster to exit safe mode
2020-07-08 14:10:02,729 [org.apache.hadoop.util.JvmPauseMonitor$Monitor@4b82e29d] INFO  util.JvmPauseMonitor (JvmPauseMonitor.java:run(188)) - Starting JVM pause monitor
2020-07-08 14:10:02,734 [Datanode State Machine Thread - 0] INFO  datanode.InitDatanodeState (InitDatanodeState.java:persistContainerDatanodeDetails(145)) - DatanodeDetails is persisted to /github/workspace/mnt/ozone/hadoop-ozone/integration-test/target/test-dir/MiniOzoneClusterImpl-32bd3365-c0fa-4882-bde6-5b86600e32bb/datanode-9/meta/datanode.id
2020-07-08 14:10:03,724 [Listener at 127.0.0.1/34841] INFO  ozone.MiniOzoneClusterImpl (MiniOzoneClusterImpl.java:lambda$waitForClusterToBeReady$0(177)) - Waiting for nodes to be ready. Got 0 of 10 DN Heartbeats.
2020-07-08 14:10:03,724 [Listener at 127.0.0.1/34841] INFO  ozone.MiniOzoneClusterImpl (MiniOzoneClusterImpl.java:lambda$waitForClusterToBeReady$0(180)) - Waiting for cluster to exit safe mode
2020-07-08 14:10:03,833 [Datanode State Machine Thread - 0] INFO  ozoneimpl.OzoneContainer (OzoneContainer.java:start(232)) - Attempting to start container services.
2020-07-08 14:10:03,837 [Datanode State Machine Thread - 0] INFO  ozoneimpl.OzoneContainer (OzoneContainer.java:startContainerScrub(196)) - Background container scanner has been disabled.
2020-07-08 14:10:03,837 [Datanode State Machine Thread - 0] INFO  ratis.XceiverServerRatis (XceiverServerRatis.java:start(425)) - Starting XceiverServerRatis 23f52161-4d0b-4057-9580-ae17c3abe8f9 at port 0
2020-07-08 14:10:03,857 [Datanode State Machine Thread - 0] INFO  impl.RaftServerProxy (RaftServerProxy.java:lambda$start$3(304)) - 23f52161-4d0b-4057-9580-ae17c3abe8f9: start RPC server
2020-07-08 14:10:03,917 [Datanode State Machine Thread - 0] INFO  server.GrpcService (GrpcService.java:startImpl(160)) - 23f52161-4d0b-4057-9580-ae17c3abe8f9: GrpcService started, listening on 0.0.0.0/0.0.0.0:33835
2020-07-08 14:10:03,918 [Datanode State Machine Thread - 0] INFO  ratis.XceiverServerRatis (XceiverServerRatis.java:start(437)) - XceiverServerRatis 23f52161-4d0b-4057-9580-ae17c3abe8f9 is started using port 33835
2020-07-08 14:10:03,922 [Datanode State Machine Thread - 0] INFO  server.XceiverServerGrpc (XceiverServerGrpc.java:start(145)) - XceiverServerGrpc 23f52161-4d0b-4057-9580-ae17c3abe8f9 is started using port 35337
2020-07-08 14:10:03,944 [Datanode State Machine Thread - 0] INFO  ozoneimpl.OzoneContainer (OzoneContainer.java:start(232)) - Attempting to start container services.
2020-07-08 14:10:03,947 [Datanode State Machine Thread - 0] INFO  ozoneimpl.OzoneContainer (OzoneContainer.java:startContainerScrub(196)) - Background container scanner has been disabled.
2020-07-08 14:10:03,948 [Datanode State Machine Thread - 0] INFO  ratis.XceiverServerRatis (XceiverServerRatis.java:start(425)) - Starting XceiverServerRatis 777a0c97-fe03-4145-8875-90750d7699c7 at port 0
2020-07-08 14:10:03,949 [Datanode State Machine Thread - 0] INFO  impl.RaftServerProxy (RaftServerProxy.java:lambda$start$3(304)) - 777a0c97-fe03-4145-8875-90750d7699c7: start RPC server
2020-07-08 14:10:03,960 [Datanode State Machine Thread - 0] INFO  server.GrpcService (GrpcService.java:startImpl(160)) - 777a0c97-fe03-4145-8875-90750d7699c7: GrpcService started, listening on 0.0.0.0/0.0.0.0:33153
2020-07-08 14:10:03,961 [Datanode State Machine Thread - 0] INFO  ratis.XceiverServerRatis (XceiverServerRatis.java:start(437)) - XceiverServerRatis 777a0c97-fe03-4145-8875-90750d7699c7 is started using port 33153
2020-07-08 14:10:03,962 [Datanode State Machine Thread - 0] INFO  server.XceiverServerGrpc (XceiverServerGrpc.java:start(145)) - XceiverServerGrpc 777a0c97-fe03-4145-8875-90750d7699c7 is started using port 33163
2020-07-08 14:10:04,076 [Datanode State Machine Thread - 0] INFO  ozoneimpl.OzoneContainer (OzoneContainer.java:start(232)) - Attempting to start container services.
2020-07-08 14:10:04,076 [Datanode State Machine Thread - 0] INFO  ozoneimpl.OzoneContainer (OzoneContainer.java:startContainerScrub(196)) - Background container scanner has been disabled.
2020-07-08 14:10:04,076 [Datanode State Machine Thread - 0] INFO  ratis.XceiverServerRatis (XceiverServerRatis.java:start(425)) - Starting XceiverServerRatis 826f2dd8-5b44-4231-95cf-b9c87eb33eaf at port 0
2020-07-08 14:10:04,077 [Datanode State Machine Thread - 0] INFO  impl.RaftServerProxy (RaftServerProxy.java:lambda$start$3(304)) - 826f2dd8-5b44-4231-95cf-b9c87eb33eaf: start RPC server
2020-07-08 14:10:04,085 [Datanode State Machine Thread - 0] INFO  server.GrpcService (GrpcService.java:startImpl(160)) - 826f2dd8-5b44-4231-95cf-b9c87eb33eaf: GrpcService started, listening on 0.0.0.0/0.0.0.0:37049
2020-07-08 14:10:04,086 [Datanode State Machine Thread - 0] INFO  ratis.XceiverServerRatis (XceiverServerRatis.java:start(437)) - XceiverServerRatis 826f2dd8-5b44-4231-95cf-b9c87eb33eaf is started using port 37049
2020-07-08 14:10:04,087 [Datanode State Machine Thread - 0] INFO  server.XceiverServerGrpc (XceiverServerGrpc.java:start(145)) - XceiverServerGrpc 826f2dd8-5b44-4231-95cf-b9c87eb33eaf is started using port 46743
2020-07-08 14:10:04,176 [Datanode State Machine Thread - 0] INFO  ozoneimpl.OzoneContainer (OzoneContainer.java:start(232)) - Attempting to start container services.
2020-07-08 14:10:04,177 [Datanode State Machine Thread - 0] INFO  ozoneimpl.OzoneContainer (OzoneContainer.java:startContainerScrub(196)) - Background container scanner has been disabled.
2020-07-08 14:10:04,177 [Datanode State Machine Thread - 0] INFO  ratis.XceiverServerRatis (XceiverServerRatis.java:start(425)) - Starting XceiverServerRatis 1beaea03-3085-41d3-a7f9-4c54f70b633b at port 0
2020-07-08 14:10:04,180 [Datanode State Machine Thread - 0] INFO  impl.RaftServerProxy (RaftServerProxy.java:lambda$start$3(304)) - 1beaea03-3085-41d3-a7f9-4c54f70b633b: start RPC server
2020-07-08 14:10:04,182 [Datanode State Machine Thread - 0] INFO  server.GrpcService (GrpcService.java:startImpl(160)) - 1beaea03-3085-41d3-a7f9-4c54f70b633b: GrpcService started, listening on 0.0.0.0/0.0.0.0:38777
2020-07-08 14:10:04,182 [Datanode State Machine Thread - 0] INFO  ratis.XceiverServerRatis (XceiverServerRatis.java:start(437)) - XceiverServerRatis 1beaea03-3085-41d3-a7f9-4c54f70b633b is started using port 38777
2020-07-08 14:10:04,183 [Datanode State Machine Thread - 0] INFO  server.XceiverServerGrpc (XceiverServerGrpc.java:start(145)) - XceiverServerGrpc 1beaea03-3085-41d3-a7f9-4c54f70b633b is started using port 40663
2020-07-08 14:10:04,281 [Datanode State Machine Thread - 0] INFO  ozoneimpl.OzoneContainer (OzoneContainer.java:start(232)) - Attempting to start container services.
2020-07-08 14:10:04,281 [Datanode State Machine Thread - 0] INFO  ozoneimpl.OzoneContainer (OzoneContainer.java:startContainerScrub(196)) - Background container scanner has been disabled.
2020-07-08 14:10:04,281 [Datanode State Machine Thread - 0] INFO  ratis.XceiverServerRatis (XceiverServerRatis.java:start(425)) - Starting XceiverServerRatis d017e2c5-c92e-4431-be88-95bb161f4165 at port 0
2020-07-08 14:10:04,283 [Datanode State Machine Thread - 0] INFO  impl.RaftServerProxy (RaftServerProxy.java:lambda$start$3(304)) - d017e2c5-c92e-4431-be88-95bb161f4165: start RPC server
2020-07-08 14:10:04,285 [Datanode State Machine Thread - 0] INFO  server.GrpcService (GrpcService.java:startImpl(160)) - d017e2c5-c92e-4431-be88-95bb161f4165: GrpcService started, listening on 0.0.0.0/0.0.0.0:46205
2020-07-08 14:10:04,285 [Datanode State Machine Thread - 0] INFO  ratis.XceiverServerRatis (XceiverServerRatis.java:start(437)) - XceiverServerRatis d017e2c5-c92e-4431-be88-95bb161f4165 is started using port 46205
2020-07-08 14:10:04,286 [Datanode State Machine Thread - 0] INFO  server.XceiverServerGrpc (XceiverServerGrpc.java:start(145)) - XceiverServerGrpc d017e2c5-c92e-4431-be88-95bb161f4165 is started using port 41443
2020-07-08 14:10:04,380 [Datanode State Machine Thread - 0] INFO  ozoneimpl.OzoneContainer (OzoneContainer.java:start(232)) - Attempting to start container services.
2020-07-08 14:10:04,380 [Datanode State Machine Thread - 0] INFO  ozoneimpl.OzoneContainer (OzoneContainer.java:startContainerScrub(196)) - Background container scanner has been disabled.
2020-07-08 14:10:04,380 [Datanode State Machine Thread - 0] INFO  ratis.XceiverServerRatis (XceiverServerRatis.java:start(425)) - Starting XceiverServerRatis f826a808-1191-49e1-9c45-32a2a6ec2e98 at port 0
2020-07-08 14:10:04,381 [Datanode State Machine Thread - 0] INFO  impl.RaftServerProxy (RaftServerProxy.java:lambda$start$3(304)) - f826a808-1191-49e1-9c45-32a2a6ec2e98: start RPC server
2020-07-08 14:10:04,383 [Datanode State Machine Thread - 0] INFO  server.GrpcService (GrpcService.java:startImpl(160)) - f826a808-1191-49e1-9c45-32a2a6ec2e98: GrpcService started, listening on 0.0.0.0/0.0.0.0:38585
2020-07-08 14:10:04,383 [Datanode State Machine Thread - 0] INFO  ratis.XceiverServerRatis (XceiverServerRatis.java:start(437)) - XceiverServerRatis f826a808-1191-49e1-9c45-32a2a6ec2e98 is started using port 38585
2020-07-08 14:10:04,384 [Datanode State Machine Thread - 0] INFO  server.XceiverServerGrpc (XceiverServerGrpc.java:start(145)) - XceiverServerGrpc f826a808-1191-49e1-9c45-32a2a6ec2e98 is started using port 33903
2020-07-08 14:10:04,465 [Datanode State Machine Thread - 0] INFO  ozoneimpl.OzoneContainer (OzoneContainer.java:start(232)) - Attempting to start container services.
2020-07-08 14:10:04,465 [Datanode State Machine Thread - 0] INFO  ozoneimpl.OzoneContainer (OzoneContainer.java:startContainerScrub(196)) - Background container scanner has been disabled.
2020-07-08 14:10:04,465 [Datanode State Machine Thread - 0] INFO  ratis.XceiverServerRatis (XceiverServerRatis.java:start(425)) - Starting XceiverServerRatis c28ef88f-9b25-4426-804e-afc9c4445efc at port 0
2020-07-08 14:10:04,466 [Datanode State Machine Thread - 0] INFO  impl.RaftServerProxy (RaftServerProxy.java:lambda$start$3(304)) - c28ef88f-9b25-4426-804e-afc9c4445efc: start RPC server
2020-07-08 14:10:04,470 [Datanode State Machine Thread - 0] INFO  server.GrpcService (GrpcService.java:startImpl(160)) - c28ef88f-9b25-4426-804e-afc9c4445efc: GrpcService started, listening on 0.0.0.0/0.0.0.0:40607
2020-07-08 14:10:04,470 [Datanode State Machine Thread - 0] INFO  ratis.XceiverServerRatis (XceiverServerRatis.java:start(437)) - XceiverServerRatis c28ef88f-9b25-4426-804e-afc9c4445efc is started using port 40607
2020-07-08 14:10:04,471 [Datanode State Machine Thread - 0] INFO  server.XceiverServerGrpc (XceiverServerGrpc.java:start(145)) - XceiverServerGrpc c28ef88f-9b25-4426-804e-afc9c4445efc is started using port 45637
2020-07-08 14:10:04,545 [Datanode State Machine Thread - 0] INFO  ozoneimpl.OzoneContainer (OzoneContainer.java:start(232)) - Attempting to start container services.
2020-07-08 14:10:04,546 [Datanode State Machine Thread - 0] INFO  ozoneimpl.OzoneContainer (OzoneContainer.java:startContainerScrub(196)) - Background container scanner has been disabled.
2020-07-08 14:10:04,546 [Datanode State Machine Thread - 0] INFO  ratis.XceiverServerRatis (XceiverServerRatis.java:start(425)) - Starting XceiverServerRatis 280695a2-ab39-4103-98fb-325cbc6182a1 at port 0
2020-07-08 14:10:04,546 [Datanode State Machine Thread - 0] INFO  impl.RaftServerProxy (RaftServerProxy.java:lambda$start$3(304)) - 280695a2-ab39-4103-98fb-325cbc6182a1: start RPC server
2020-07-08 14:10:04,549 [Datanode State Machine Thread - 0] INFO  server.GrpcService (GrpcService.java:startImpl(160)) - 280695a2-ab39-4103-98fb-325cbc6182a1: GrpcService started, listening on 0.0.0.0/0.0.0.0:39071
2020-07-08 14:10:04,549 [Datanode State Machine Thread - 0] INFO  ratis.XceiverServerRatis (XceiverServerRatis.java:start(437)) - XceiverServerRatis 280695a2-ab39-4103-98fb-325cbc6182a1 is started using port 39071
2020-07-08 14:10:04,553 [Datanode State Machine Thread - 0] INFO  server.XceiverServerGrpc (XceiverServerGrpc.java:start(145)) - XceiverServerGrpc 280695a2-ab39-4103-98fb-325cbc6182a1 is started using port 42521
2020-07-08 14:10:04,671 [Datanode State Machine Thread - 0] INFO  ozoneimpl.OzoneContainer (OzoneContainer.java:start(232)) - Attempting to start container services.
2020-07-08 14:10:04,671 [Datanode State Machine Thread - 0] INFO  ozoneimpl.OzoneContainer (OzoneContainer.java:startContainerScrub(196)) - Background container scanner has been disabled.
2020-07-08 14:10:04,671 [Datanode State Machine Thread - 0] INFO  ratis.XceiverServerRatis (XceiverServerRatis.java:start(425)) - Starting XceiverServerRatis a091f5b3-7442-44ba-a161-b66621ecd7ea at port 0
2020-07-08 14:10:04,676 [Datanode State Machine Thread - 0] INFO  impl.RaftServerProxy (RaftServerProxy.java:lambda$start$3(304)) - a091f5b3-7442-44ba-a161-b66621ecd7ea: start RPC server
2020-07-08 14:10:04,679 [Datanode State Machine Thread - 0] INFO  server.GrpcService (GrpcService.java:startImpl(160)) - a091f5b3-7442-44ba-a161-b66621ecd7ea: GrpcService started, listening on 0.0.0.0/0.0.0.0:43945
2020-07-08 14:10:04,679 [Datanode State Machine Thread - 0] INFO  ratis.XceiverServerRatis (XceiverServerRatis.java:start(437)) - XceiverServerRatis a091f5b3-7442-44ba-a161-b66621ecd7ea is started using port 43945
2020-07-08 14:10:04,680 [Datanode State Machine Thread - 0] INFO  server.XceiverServerGrpc (XceiverServerGrpc.java:start(145)) - XceiverServerGrpc a091f5b3-7442-44ba-a161-b66621ecd7ea is started using port 37987
2020-07-08 14:10:04,725 [Listener at 127.0.0.1/34841] INFO  ozone.MiniOzoneClusterImpl (MiniOzoneClusterImpl.java:lambda$waitForClusterToBeReady$0(177)) - Waiting for nodes to be ready. Got 0 of 10 DN Heartbeats.
2020-07-08 14:10:04,725 [Listener at 127.0.0.1/34841] INFO  ozone.MiniOzoneClusterImpl (MiniOzoneClusterImpl.java:lambda$waitForClusterToBeReady$0(180)) - Waiting for cluster to exit safe mode
2020-07-08 14:10:04,732 [Datanode State Machine Thread - 0] INFO  ozoneimpl.OzoneContainer (OzoneContainer.java:start(232)) - Attempting to start container services.
2020-07-08 14:10:04,732 [Datanode State Machine Thread - 0] INFO  ozoneimpl.OzoneContainer (OzoneContainer.java:startContainerScrub(196)) - Background container scanner has been disabled.
2020-07-08 14:10:04,732 [Datanode State Machine Thread - 0] INFO  ratis.XceiverServerRatis (XceiverServerRatis.java:start(425)) - Starting XceiverServerRatis 6e7cd3db-72e2-4b3a-8ef8-c30d2b0a8f56 at port 0
2020-07-08 14:10:04,733 [Datanode State Machine Thread - 0] INFO  impl.RaftServerProxy (RaftServerProxy.java:lambda$start$3(304)) - 6e7cd3db-72e2-4b3a-8ef8-c30d2b0a8f56: start RPC server
2020-07-08 14:10:04,735 [Datanode State Machine Thread - 0] INFO  server.GrpcService (GrpcService.java:startImpl(160)) - 6e7cd3db-72e2-4b3a-8ef8-c30d2b0a8f56: GrpcService started, listening on 0.0.0.0/0.0.0.0:33797
2020-07-08 14:10:04,735 [Datanode State Machine Thread - 0] INFO  ratis.XceiverServerRatis (XceiverServerRatis.java:start(437)) - XceiverServerRatis 6e7cd3db-72e2-4b3a-8ef8-c30d2b0a8f56 is started using port 33797
2020-07-08 14:10:04,740 [Datanode State Machine Thread - 0] INFO  server.XceiverServerGrpc (XceiverServerGrpc.java:start(145)) - XceiverServerGrpc 6e7cd3db-72e2-4b3a-8ef8-c30d2b0a8f56 is started using port 43657
2020-07-08 14:10:05,725 [Listener at 127.0.0.1/34841] INFO  ozone.MiniOzoneClusterImpl (MiniOzoneClusterImpl.java:lambda$waitForClusterToBeReady$0(177)) - Waiting for nodes to be ready. Got 0 of 10 DN Heartbeats.
2020-07-08 14:10:05,725 [Listener at 127.0.0.1/34841] INFO  ozone.MiniOzoneClusterImpl (MiniOzoneClusterImpl.java:lambda$waitForClusterToBeReady$0(180)) - Waiting for cluster to exit safe mode
2020-07-08 14:10:05,788 [IPC Server handler 1 on default port 38551] INFO  net.NetworkTopology (NetworkTopologyImpl.java:add(111)) - Added a new node: /default-rack/23f52161-4d0b-4057-9580-ae17c3abe8f9
2020-07-08 14:10:05,788 [IPC Server handler 1 on default port 38551] INFO  node.SCMNodeManager (SCMNodeManager.java:register(268)) - Registered Data node : 23f52161-4d0b-4057-9580-ae17c3abe8f9{ip: 172.17.0.2, host: fa59273552ea, networkLocation: /default-rack, certSerialId: null}
2020-07-08 14:10:05,793 [EventQueue-NodeRegistrationContainerReportForDataNodeSafeModeRule] INFO  safemode.SCMSafeModeManager (DataNodeSafeModeRule.java:process(71)) - SCM in safe mode. 1 DataNodes registered, 1 required.
2020-07-08 14:10:05,793 [EventQueue-NodeRegistrationContainerReportForDataNodeSafeModeRule] INFO  safemode.SCMSafeModeManager (SCMSafeModeManager.java:validateSafeModeExitRules(214)) - DataNodeSafeModeRule rule is successfully validated
2020-07-08 14:10:05,793 [EventQueue-NodeRegistrationContainerReportForDataNodeSafeModeRule] INFO  safemode.SCMSafeModeManager (SCMSafeModeManager.java:completePreCheck(242)) - All SCM safe mode pre check rules have passed
2020-07-08 14:10:05,800 [EventQueue-NodeRegistrationContainerReportForContainerSafeModeRule] INFO  safemode.SCMSafeModeManager (SCMSafeModeManager.java:validateSafeModeExitRules(214)) - ContainerSafeModeRule rule is successfully validated
2020-07-08 14:10:05,804 [RatisPipelineUtilsThread] INFO  pipeline.RatisPipelineProvider (RatisPipelineProvider.java:lambda$create$0(138)) - Sending CreatePipelineCommand for pipeline:PipelineID=3ec74b14-4574-4dac-b740-ec0b65524de6 to datanode:23f52161-4d0b-4057-9580-ae17c3abe8f9
2020-07-08 14:10:05,864 [RatisPipelineUtilsThread] INFO  pipeline.PipelineStateManager (PipelineStateManager.java:addPipeline(54)) - Created pipeline Pipeline[ Id: 3ec74b14-4574-4dac-b740-ec0b65524de6, Nodes: 23f52161-4d0b-4057-9580-ae17c3abe8f9{ip: 172.17.0.2, host: fa59273552ea, networkLocation: /default-rack, certSerialId: null}, Type:RATIS, Factor:ONE, State:ALLOCATED, leaderId:, CreationTimestamp2020-07-08T14:10:05.800Z]
2020-07-08 14:10:05,867 [RatisPipelineUtilsThread] ERROR pipeline.SCMPipelineManager (SCMPipelineManager.java:createPipeline(222)) - Failed to create pipeline of type RATIS and factor ONE. Exception: Cannot create pipeline of factor 1 using 0 nodes. Used 1 nodes. Healthy nodes 1
2020-07-08 14:10:05,868 [RatisPipelineUtilsThread] WARN  pipeline.PipelinePlacementPolicy (PipelinePlacementPolicy.java:filterViableNodes(133)) - Pipeline creation failed due to no sufficient healthy datanodes. Required 3. Found 1.
2020-07-08 14:10:05,868 [RatisPipelineUtilsThread] ERROR pipeline.SCMPipelineManager (SCMPipelineManager.java:createPipeline(222)) - Failed to create pipeline of type RATIS and factor THREE. Exception: Pipeline creation failed due to no sufficient healthy datanodes. Required 3. Found 1.
2020-07-08 14:10:05,943 [IPC Server handler 2 on default port 38551] INFO  net.NetworkTopology (NetworkTopologyImpl.java:add(111)) - Added a new node: /default-rack/777a0c97-fe03-4145-8875-90750d7699c7
2020-07-08 14:10:05,943 [IPC Server handler 2 on default port 38551] INFO  node.SCMNodeManager (SCMNodeManager.java:register(268)) - Registered Data node : 777a0c97-fe03-4145-8875-90750d7699c7{ip: 172.17.0.2, host: fa59273552ea, networkLocation: /default-rack, certSerialId: null}
2020-07-08 14:10:05,943 [EventQueue-NodeRegistrationContainerReportForDataNodeSafeModeRule] INFO  safemode.SCMSafeModeManager (SCMSafeModeManager.java:validateSafeModeExitRules(214)) - DataNodeSafeModeRule rule is successfully validated
2020-07-08 14:10:05,943 [EventQueue-NodeRegistrationContainerReportForContainerSafeModeRule] INFO  safemode.SCMSafeModeManager (SCMSafeModeManager.java:validateSafeModeExitRules(214)) - ContainerSafeModeRule rule is successfully validated
2020-07-08 14:10:05,945 [RatisPipelineUtilsThread] INFO  pipeline.RatisPipelineProvider (RatisPipelineProvider.java:lambda$create$0(138)) - Sending CreatePipelineCommand for pipeline:PipelineID=ba0b2554-8528-4722-abb4-8f14de03ea64 to datanode:777a0c97-fe03-4145-8875-90750d7699c7
2020-07-08 14:10:05,945 [RatisPipelineUtilsThread] INFO  pipeline.PipelineStateManager (PipelineStateManager.java:addPipeline(54)) - Created pipeline Pipeline[ Id: ba0b2554-8528-4722-abb4-8f14de03ea64, Nodes: 777a0c97-fe03-4145-8875-90750d7699c7{ip: 172.17.0.2, host: fa59273552ea, networkLocation: /default-rack, certSerialId: null}, Type:RATIS, Factor:ONE, State:ALLOCATED, leaderId:, CreationTimestamp2020-07-08T14:10:05.945Z]
2020-07-08 14:10:05,945 [RatisPipelineUtilsThread] ERROR pipeline.SCMPipelineManager (SCMPipelineManager.java:createPipeline(222)) - Failed to create pipeline of type RATIS and factor ONE. Exception: Cannot create pipeline of factor 1 using 0 nodes. Used 2 nodes. Healthy nodes 2
2020-07-08 14:10:05,946 [RatisPipelineUtilsThread] WARN  pipeline.PipelinePlacementPolicy (PipelinePlacementPolicy.java:filterViableNodes(133)) - Pipeline creation failed due to no sufficient healthy datanodes. Required 3. Found 2.
2020-07-08 14:10:05,946 [RatisPipelineUtilsThread] ERROR pipeline.SCMPipelineManager (SCMPipelineManager.java:createPipeline(222)) - Failed to create pipeline of type RATIS and factor THREE. Exception: Pipeline creation failed due to no sufficient healthy datanodes. Required 3. Found 2.
2020-07-08 14:10:06,075 [IPC Server handler 3 on default port 38551] INFO  net.NetworkTopology (NetworkTopologyImpl.java:add(111)) - Added a new node: /default-rack/826f2dd8-5b44-4231-95cf-b9c87eb33eaf
2020-07-08 14:10:06,075 [IPC Server handler 3 on default port 38551] INFO  node.SCMNodeManager (SCMNodeManager.java:register(268)) - Registered Data node : 826f2dd8-5b44-4231-95cf-b9c87eb33eaf{ip: 172.17.0.2, host: fa59273552ea, networkLocation: /default-rack, certSerialId: null}
2020-07-08 14:10:06,075 [EventQueue-NodeRegistrationContainerReportForContainerSafeModeRule] INFO  safemode.SCMSafeModeManager (SCMSafeModeManager.java:validateSafeModeExitRules(214)) - ContainerSafeModeRule rule is successfully validated
2020-07-08 14:10:06,075 [RatisPipelineUtilsThread] INFO  pipeline.RatisPipelineProvider (RatisPipelineProvider.java:lambda$create$0(138)) - Sending CreatePipelineCommand for pipeline:PipelineID=c33ab1cd-5caf-4c64-98ff-8ce204b191a4 to datanode:826f2dd8-5b44-4231-95cf-b9c87eb33eaf
2020-07-08 14:10:06,075 [EventQueue-NodeRegistrationContainerReportForDataNodeSafeModeRule] INFO  safemode.SCMSafeModeManager (SCMSafeModeManager.java:validateSafeModeExitRules(214)) - DataNodeSafeModeRule rule is successfully validated
2020-07-08 14:10:06,076 [RatisPipelineUtilsThread] INFO  pipeline.PipelineStateManager (PipelineStateManager.java:addPipeline(54)) - Created pipeline Pipeline[ Id: c33ab1cd-5caf-4c64-98ff-8ce204b191a4, Nodes: 826f2dd8-5b44-4231-95cf-b9c87eb33eaf{ip: 172.17.0.2, host: fa59273552ea, networkLocation: /default-rack, certSerialId: null}, Type:RATIS, Factor:ONE, State:ALLOCATED, leaderId:, CreationTimestamp2020-07-08T14:10:06.075Z]
2020-07-08 14:10:06,076 [RatisPipelineUtilsThread] ERROR pipeline.SCMPipelineManager (SCMPipelineManager.java:createPipeline(222)) - Failed to create pipeline of type RATIS and factor ONE. Exception: Cannot create pipeline of factor 1 using 0 nodes. Used 3 nodes. Healthy nodes 3
2020-07-08 14:10:06,080 [RatisPipelineUtilsThread] INFO  pipeline.RatisPipelineProvider (RatisPipelineProvider.java:lambda$create$0(138)) - Sending CreatePipelineCommand for pipeline:PipelineID=3dd271a5-29c8-4646-bc98-2907d62b86d8 to datanode:826f2dd8-5b44-4231-95cf-b9c87eb33eaf
2020-07-08 14:10:06,080 [RatisPipelineUtilsThread] INFO  pipeline.RatisPipelineProvider (RatisPipelineProvider.java:lambda$create$0(138)) - Sending CreatePipelineCommand for pipeline:PipelineID=3dd271a5-29c8-4646-bc98-2907d62b86d8 to datanode:777a0c97-fe03-4145-8875-90750d7699c7
2020-07-08 14:10:06,080 [RatisPipelineUtilsThread] INFO  pipeline.RatisPipelineProvider (RatisPipelineProvider.java:lambda$create$0(138)) - Sending CreatePipelineCommand for pipeline:PipelineID=3dd271a5-29c8-4646-bc98-2907d62b86d8 to datanode:23f52161-4d0b-4057-9580-ae17c3abe8f9
2020-07-08 14:10:06,081 [RatisPipelineUtilsThread] INFO  pipeline.PipelineStateManager (PipelineStateManager.java:addPipeline(54)) - Created pipeline Pipeline[ Id: 3dd271a5-29c8-4646-bc98-2907d62b86d8, Nodes: 826f2dd8-5b44-4231-95cf-b9c87eb33eaf{ip: 172.17.0.2, host: fa59273552ea, networkLocation: /default-rack, certSerialId: null}777a0c97-fe03-4145-8875-90750d7699c7{ip: 172.17.0.2, host: fa59273552ea, networkLocation: /default-rack, certSerialId: null}23f52161-4d0b-4057-9580-ae17c3abe8f9{ip: 172.17.0.2, host: fa59273552ea, networkLocation: /default-rack, certSerialId: null}, Type:RATIS, Factor:THREE, State:ALLOCATED, leaderId:, CreationTimestamp2020-07-08T14:10:06.080Z]
2020-07-08 14:10:06,081 [RatisPipelineUtilsThread] ERROR pipeline.SCMPipelineManager (SCMPipelineManager.java:createPipeline(222)) - Failed to create pipeline of type RATIS and factor THREE. Exception: Pipeline creation failed because nodes are engaged in other pipelines and every node can only be engaged in max 2 pipelines. Required 3. Found 0
2020-07-08 14:10:06,175 [IPC Server handler 5 on default port 38551] INFO  net.NetworkTopology (NetworkTopologyImpl.java:add(111)) - Added a new node: /default-rack/1beaea03-3085-41d3-a7f9-4c54f70b633b
2020-07-08 14:10:06,175 [IPC Server handler 5 on default port 38551] INFO  node.SCMNodeManager (SCMNodeManager.java:register(268)) - Registered Data node : 1beaea03-3085-41d3-a7f9-4c54f70b633b{ip: 172.17.0.2, host: fa59273552ea, networkLocation: /default-rack, certSerialId: null}
2020-07-08 14:10:06,176 [EventQueue-NodeRegistrationContainerReportForDataNodeSafeModeRule] INFO  safemode.SCMSafeModeManager (SCMSafeModeManager.java:validateSafeModeExitRules(214)) - DataNodeSafeModeRule rule is successfully validated
2020-07-08 14:10:06,176 [EventQueue-NodeRegistrationContainerReportForContainerSafeModeRule] INFO  safemode.SCMSafeModeManager (SCMSafeModeManager.java:validateSafeModeExitRules(214)) - ContainerSafeModeRule rule is successfully validated
2020-07-08 14:10:06,177 [RatisPipelineUtilsThread] INFO  pipeline.RatisPipelineProvider (RatisPipelineProvider.java:lambda$create$0(138)) - Sending CreatePipelineCommand for pipeline:PipelineID=0ed8c8c9-80b4-4598-939b-77716e955746 to datanode:1beaea03-3085-41d3-a7f9-4c54f70b633b
2020-07-08 14:10:06,177 [RatisPipelineUtilsThread] INFO  pipeline.PipelineStateManager (PipelineStateManager.java:addPipeline(54)) - Created pipeline Pipeline[ Id: 0ed8c8c9-80b4-4598-939b-77716e955746, Nodes: 1beaea03-3085-41d3-a7f9-4c54f70b633b{ip: 172.17.0.2, host: fa59273552ea, networkLocation: /default-rack, certSerialId: null}, Type:RATIS, Factor:ONE, State:ALLOCATED, leaderId:, CreationTimestamp2020-07-08T14:10:06.177Z]
2020-07-08 14:10:06,178 [RatisPipelineUtilsThread] ERROR pipeline.SCMPipelineManager (SCMPipelineManager.java:createPipeline(222)) - Failed to create pipeline of type RATIS and factor ONE. Exception: Cannot create pipeline of factor 1 using 0 nodes. Used 4 nodes. Healthy nodes 4
2020-07-08 14:10:06,178 [RatisPipelineUtilsThread] ERROR pipeline.SCMPipelineManager (SCMPipelineManager.java:createPipeline(222)) - Failed to create pipeline of type RATIS and factor THREE. Exception: Pipeline creation failed because nodes are engaged in other pipelines and every node can only be engaged in max 2 pipelines. Required 3. Found 1
2020-07-08 14:10:06,279 [IPC Server handler 6 on default port 38551] INFO  net.NetworkTopology (NetworkTopologyImpl.java:add(111)) - Added a new node: /default-rack/d017e2c5-c92e-4431-be88-95bb161f4165
2020-07-08 14:10:06,279 [IPC Server handler 6 on default port 38551] INFO  node.SCMNodeManager (SCMNodeManager.java:register(268)) - Registered Data node : d017e2c5-c92e-4431-be88-95bb161f4165{ip: 172.17.0.2, host: fa59273552ea, networkLocation: /default-rack, certSerialId: null}
2020-07-08 14:10:06,279 [EventQueue-NodeRegistrationContainerReportForDataNodeSafeModeRule] INFO  safemode.SCMSafeModeManager (SCMSafeModeManager.java:validateSafeModeExitRules(214)) - DataNodeSafeModeRule rule is successfully validated
2020-07-08 14:10:06,279 [EventQueue-NodeRegistrationContainerReportForContainerSafeModeRule] INFO  safemode.SCMSafeModeManager (SCMSafeModeManager.java:validateSafeModeExitRules(214)) - ContainerSafeModeRule rule is successfully validated
2020-07-08 14:10:06,280 [RatisPipelineUtilsThread] INFO  pipeline.RatisPipelineProvider (RatisPipelineProvider.java:lambda$create$0(138)) - Sending CreatePipelineCommand for pipeline:PipelineID=bd3655f7-7f73-479e-977c-2b27927fa061 to datanode:d017e2c5-c92e-4431-be88-95bb161f4165
2020-07-08 14:10:06,280 [RatisPipelineUtilsThread] INFO  pipeline.PipelineStateManager (PipelineStateManager.java:addPipeline(54)) - Created pipeline Pipeline[ Id: bd3655f7-7f73-479e-977c-2b27927fa061, Nodes: d017e2c5-c92e-4431-be88-95bb161f4165{ip: 172.17.0.2, host: fa59273552ea, networkLocation: /default-rack, certSerialId: null}, Type:RATIS, Factor:ONE, State:ALLOCATED, leaderId:, CreationTimestamp2020-07-08T14:10:06.280Z]
2020-07-08 14:10:06,281 [RatisPipelineUtilsThread] ERROR pipeline.SCMPipelineManager (SCMPipelineManager.java:createPipeline(222)) - Failed to create pipeline of type RATIS and factor ONE. Exception: Cannot create pipeline of factor 1 using 0 nodes. Used 5 nodes. Healthy nodes 5
2020-07-08 14:10:06,281 [RatisPipelineUtilsThread] ERROR pipeline.SCMPipelineManager (SCMPipelineManager.java:createPipeline(222)) - Failed to create pipeline of type RATIS and factor THREE. Exception: Pipeline creation failed because nodes are engaged in other pipelines and every node can only be engaged in max 2 pipelines. Required 3. Found 2
2020-07-08 14:10:06,379 [IPC Server handler 8 on default port 38551] INFO  net.NetworkTopology (NetworkTopologyImpl.java:add(111)) - Added a new node: /default-rack/f826a808-1191-49e1-9c45-32a2a6ec2e98
2020-07-08 14:10:06,379 [IPC Server handler 8 on default port 38551] INFO  node.SCMNodeManager (SCMNodeManager.java:register(268)) - Registered Data node : f826a808-1191-49e1-9c45-32a2a6ec2e98{ip: 172.17.0.2, host: fa59273552ea, networkLocation: /default-rack, certSerialId: null}
2020-07-08 14:10:06,379 [EventQueue-NodeRegistrationContainerReportForContainerSafeModeRule] INFO  safemode.SCMSafeModeManager (SCMSafeModeManager.java:validateSafeModeExitRules(214)) - ContainerSafeModeRule rule is successfully validated
2020-07-08 14:10:06,380 [EventQueue-NodeRegistrationContainerReportForDataNodeSafeModeRule] INFO  safemode.SCMSafeModeManager (SCMSafeModeManager.java:validateSafeModeExitRules(214)) - DataNodeSafeModeRule rule is successfully validated
2020-07-08 14:10:06,380 [RatisPipelineUtilsThread] INFO  pipeline.RatisPipelineProvider (RatisPipelineProvider.java:lambda$create$0(138)) - Sending CreatePipelineCommand for pipeline:PipelineID=0b7698e5-94d9-404f-8b67-52ab4d538de5 to datanode:f826a808-1191-49e1-9c45-32a2a6ec2e98
2020-07-08 14:10:06,381 [RatisPipelineUtilsThread] INFO  pipeline.PipelineStateManager (PipelineStateManager.java:addPipeline(54)) - Created pipeline Pipeline[ Id: 0b7698e5-94d9-404f-8b67-52ab4d538de5, Nodes: f826a808-1191-49e1-9c45-32a2a6ec2e98{ip: 172.17.0.2, host: fa59273552ea, networkLocation: /default-rack, certSerialId: null}, Type:RATIS, Factor:ONE, State:ALLOCATED, leaderId:, CreationTimestamp2020-07-08T14:10:06.380Z]
2020-07-08 14:10:06,381 [RatisPipelineUtilsThread] ERROR pipeline.SCMPipelineManager (SCMPipelineManager.java:createPipeline(222)) - Failed to create pipeline of type RATIS and factor ONE. Exception: Cannot create pipeline of factor 1 using 0 nodes. Used 6 nodes. Healthy nodes 6
2020-07-08 14:10:06,382 [RatisPipelineUtilsThread] INFO  pipeline.RatisPipelineProvider (RatisPipelineProvider.java:lambda$create$0(138)) - Sending CreatePipelineCommand for pipeline:PipelineID=1c6d60c1-5f73-4316-b62f-85823d3fcdd2 to datanode:1beaea03-3085-41d3-a7f9-4c54f70b633b
2020-07-08 14:10:06,382 [RatisPipelineUtilsThread] INFO  pipeline.RatisPipelineProvider (RatisPipelineProvider.java:lambda$create$0(138)) - Sending CreatePipelineCommand for pipeline:PipelineID=1c6d60c1-5f73-4316-b62f-85823d3fcdd2 to datanode:d017e2c5-c92e-4431-be88-95bb161f4165
2020-07-08 14:10:06,382 [RatisPipelineUtilsThread] INFO  pipeline.RatisPipelineProvider (RatisPipelineProvider.java:lambda$create$0(138)) - Sending CreatePipelineCommand for pipeline:PipelineID=1c6d60c1-5f73-4316-b62f-85823d3fcdd2 to datanode:f826a808-1191-49e1-9c45-32a2a6ec2e98
2020-07-08 14:10:06,382 [RatisPipelineUtilsThread] INFO  pipeline.PipelineStateManager (PipelineStateManager.java:addPipeline(54)) - Created pipeline Pipeline[ Id: 1c6d60c1-5f73-4316-b62f-85823d3fcdd2, Nodes: 1beaea03-3085-41d3-a7f9-4c54f70b633b{ip: 172.17.0.2, host: fa59273552ea, networkLocation: /default-rack, certSerialId: null}d017e2c5-c92e-4431-be88-95bb161f4165{ip: 172.17.0.2, host: fa59273552ea, networkLocation: /default-rack, certSerialId: null}f826a808-1191-49e1-9c45-32a2a6ec2e98{ip: 172.17.0.2, host: fa59273552ea, networkLocation: /default-rack, certSerialId: null}, Type:RATIS, Factor:THREE, State:ALLOCATED, leaderId:, CreationTimestamp2020-07-08T14:10:06.382Z]
2020-07-08 14:10:06,382 [RatisPipelineUtilsThread] ERROR pipeline.SCMPipelineManager (SCMPipelineManager.java:createPipeline(222)) - Failed to create pipeline of type RATIS and factor THREE. Exception: Pipeline creation failed because nodes are engaged in other pipelines and every node can only be engaged in max 2 pipelines. Required 3. Found 0
2020-07-08 14:10:06,466 [IPC Server handler 7 on default port 38551] INFO  net.NetworkTopology (NetworkTopologyImpl.java:add(111)) - Added a new node: /default-rack/c28ef88f-9b25-4426-804e-afc9c4445efc
2020-07-08 14:10:06,467 [IPC Server handler 7 on default port 38551] INFO  node.SCMNodeManager (SCMNodeManager.java:register(268)) - Registered Data node : c28ef88f-9b25-4426-804e-afc9c4445efc{ip: 172.17.0.2, host: fa59273552ea, networkLocation: /default-rack, certSerialId: null}
2020-07-08 14:10:06,467 [EventQueue-NodeRegistrationContainerReportForDataNodeSafeModeRule] INFO  safemode.SCMSafeModeManager (SCMSafeModeManager.java:validateSafeModeExitRules(214)) - DataNodeSafeModeRule rule is successfully validated
2020-07-08 14:10:06,467 [EventQueue-NodeRegistrationContainerReportForContainerSafeModeRule] INFO  safemode.SCMSafeModeManager (SCMSafeModeManager.java:validateSafeModeExitRules(214)) - ContainerSafeModeRule rule is successfully validated
2020-07-08 14:10:06,468 [RatisPipelineUtilsThread] INFO  pipeline.RatisPipelineProvider (RatisPipelineProvider.java:lambda$create$0(138)) - Sending CreatePipelineCommand for pipeline:PipelineID=fbbffd08-8a85-471c-87c0-8ae7e06557ac to datanode:c28ef88f-9b25-4426-804e-afc9c4445efc
2020-07-08 14:10:06,468 [RatisPipelineUtilsThread] INFO  pipeline.PipelineStateManager (PipelineStateManager.java:addPipeline(54)) - Created pipeline Pipeline[ Id: fbbffd08-8a85-471c-87c0-8ae7e06557ac, Nodes: c28ef88f-9b25-4426-804e-afc9c4445efc{ip: 172.17.0.2, host: fa59273552ea, networkLocation: /default-rack, certSerialId: null}, Type:RATIS, Factor:ONE, State:ALLOCATED, leaderId:, CreationTimestamp2020-07-08T14:10:06.468Z]
2020-07-08 14:10:06,471 [RatisPipelineUtilsThread] ERROR pipeline.SCMPipelineManager (SCMPipelineManager.java:createPipeline(222)) - Failed to create pipeline of type RATIS and factor ONE. Exception: Cannot create pipeline of factor 1 using 0 nodes. Used 7 nodes. Healthy nodes 7
2020-07-08 14:10:06,471 [RatisPipelineUtilsThread] ERROR pipeline.SCMPipelineManager (SCMPipelineManager.java:createPipeline(222)) - Failed to create pipeline of type RATIS and factor THREE. Exception: Pipeline creation failed because nodes are engaged in other pipelines and every node can only be engaged in max 2 pipelines. Required 3. Found 1
2020-07-08 14:10:06,544 [IPC Server handler 9 on default port 38551] INFO  net.NetworkTopology (NetworkTopologyImpl.java:add(111)) - Added a new node: /default-rack/280695a2-ab39-4103-98fb-325cbc6182a1
2020-07-08 14:10:06,544 [IPC Server handler 9 on default port 38551] INFO  node.SCMNodeManager (SCMNodeManager.java:register(268)) - Registered Data node : 280695a2-ab39-4103-98fb-325cbc6182a1{ip: 172.17.0.2, host: fa59273552ea, networkLocation: /default-rack, certSerialId: null}
2020-07-08 14:10:06,545 [EventQueue-NodeRegistrationContainerReportForDataNodeSafeModeRule] INFO  safemode.SCMSafeModeManager (SCMSafeModeManager.java:validateSafeModeExitRules(214)) - DataNodeSafeModeRule rule is successfully validated
2020-07-08 14:10:06,545 [EventQueue-NodeRegistrationContainerReportForContainerSafeModeRule] INFO  safemode.SCMSafeModeManager (SCMSafeModeManager.java:validateSafeModeExitRules(214)) - ContainerSafeModeRule rule is successfully validated
2020-07-08 14:10:06,545 [RatisPipelineUtilsThread] INFO  pipeline.RatisPipelineProvider (RatisPipelineProvider.java:lambda$create$0(138)) - Sending CreatePipelineCommand for pipeline:PipelineID=739d0814-4cd4-43a7-82c2-d5ac1befb0e7 to datanode:280695a2-ab39-4103-98fb-325cbc6182a1
2020-07-08 14:10:06,546 [RatisPipelineUtilsThread] INFO  pipeline.PipelineStateManager (PipelineStateManager.java:addPipeline(54)) - Created pipeline Pipeline[ Id: 739d0814-4cd4-43a7-82c2-d5ac1befb0e7, Nodes: 280695a2-ab39-4103-98fb-325cbc6182a1{ip: 172.17.0.2, host: fa59273552ea, networkLocation: /default-rack, certSerialId: null}, Type:RATIS, Factor:ONE, State:ALLOCATED, leaderId:, CreationTimestamp2020-07-08T14:10:06.545Z]
2020-07-08 14:10:06,547 [RatisPipelineUtilsThread] ERROR pipeline.SCMPipelineManager (SCMPipelineManager.java:createPipeline(222)) - Failed to create pipeline of type RATIS and factor ONE. Exception: Cannot create pipeline of factor 1 using 0 nodes. Used 8 nodes. Healthy nodes 8
2020-07-08 14:10:06,547 [RatisPipelineUtilsThread] ERROR pipeline.SCMPipelineManager (SCMPipelineManager.java:createPipeline(222)) - Failed to create pipeline of type RATIS and factor THREE. Exception: Pipeline creation failed because nodes are engaged in other pipelines and every node can only be engaged in max 2 pipelines. Required 3. Found 2
2020-07-08 14:10:06,672 [IPC Server handler 4 on default port 38551] INFO  net.NetworkTopology (NetworkTopologyImpl.java:add(111)) - Added a new node: /default-rack/a091f5b3-7442-44ba-a161-b66621ecd7ea
2020-07-08 14:10:06,676 [IPC Server handler 4 on default port 38551] INFO  node.SCMNodeManager (SCMNodeManager.java:register(268)) - Registered Data node : a091f5b3-7442-44ba-a161-b66621ecd7ea{ip: 172.17.0.2, host: fa59273552ea, networkLocation: /default-rack, certSerialId: null}
2020-07-08 14:10:06,676 [EventQueue-NodeRegistrationContainerReportForContainerSafeModeRule] INFO  safemode.SCMSafeModeManager (SCMSafeModeManager.java:validateSafeModeExitRules(214)) - ContainerSafeModeRule rule is successfully validated
2020-07-08 14:10:06,676 [EventQueue-NodeRegistrationContainerReportForDataNodeSafeModeRule] INFO  safemode.SCMSafeModeManager (SCMSafeModeManager.java:validateSafeModeExitRules(214)) - DataNodeSafeModeRule rule is successfully validated
2020-07-08 14:10:06,676 [RatisPipelineUtilsThread] INFO  pipeline.RatisPipelineProvider (RatisPipelineProvider.java:lambda$create$0(138)) - Sending CreatePipelineCommand for pipeline:PipelineID=959276bf-6dcb-414d-ac6d-f38d8a4ccfdb to datanode:a091f5b3-7442-44ba-a161-b66621ecd7ea
2020-07-08 14:10:06,677 [RatisPipelineUtilsThread] INFO  pipeline.PipelineStateManager (PipelineStateManager.java:addPipeline(54)) - Created pipeline Pipeline[ Id: 959276bf-6dcb-414d-ac6d-f38d8a4ccfdb, Nodes: a091f5b3-7442-44ba-a161-b66621ecd7ea{ip: 172.17.0.2, host: fa59273552ea, networkLocation: /default-rack, certSerialId: null}, Type:RATIS, Factor:ONE, State:ALLOCATED, leaderId:, CreationTimestamp2020-07-08T14:10:06.676Z]
2020-07-08 14:10:06,677 [RatisPipelineUtilsThread] ERROR pipeline.SCMPipelineManager (SCMPipelineManager.java:createPipeline(222)) - Failed to create pipeline of type RATIS and factor ONE. Exception: Cannot create pipeline of factor 1 using 0 nodes. Used 9 nodes. Healthy nodes 9
2020-07-08 14:10:06,678 [RatisPipelineUtilsThread] INFO  pipeline.RatisPipelineProvider (RatisPipelineProvider.java:lambda$create$0(138)) - Sending CreatePipelineCommand for pipeline:PipelineID=de7fcfac-ff0f-40cd-958a-d9414bca1d20 to datanode:280695a2-ab39-4103-98fb-325cbc6182a1
2020-07-08 14:10:06,678 [RatisPipelineUtilsThread] INFO  pipeline.RatisPipelineProvider (RatisPipelineProvider.java:lambda$create$0(138)) - Sending CreatePipelineCommand for pipeline:PipelineID=de7fcfac-ff0f-40cd-958a-d9414bca1d20 to datanode:a091f5b3-7442-44ba-a161-b66621ecd7ea
2020-07-08 14:10:06,678 [RatisPipelineUtilsThread] INFO  pipeline.RatisPipelineProvider (RatisPipelineProvider.java:lambda$create$0(138)) - Sending CreatePipelineCommand for pipeline:PipelineID=de7fcfac-ff0f-40cd-958a-d9414bca1d20 to datanode:c28ef88f-9b25-4426-804e-afc9c4445efc
2020-07-08 14:10:06,678 [RatisPipelineUtilsThread] INFO  pipeline.PipelineStateManager (PipelineStateManager.java:addPipeline(54)) - Created pipeline Pipeline[ Id: de7fcfac-ff0f-40cd-958a-d9414bca1d20, Nodes: 280695a2-ab39-4103-98fb-325cbc6182a1{ip: 172.17.0.2, host: fa59273552ea, networkLocation: /default-rack, certSerialId: null}a091f5b3-7442-44ba-a161-b66621ecd7ea{ip: 172.17.0.2, host: fa59273552ea, networkLocation: /default-rack, certSerialId: null}c28ef88f-9b25-4426-804e-afc9c4445efc{ip: 172.17.0.2, host: fa59273552ea, networkLocation: /default-rack, certSerialId: null}, Type:RATIS, Factor:THREE, State:ALLOCATED, leaderId:, CreationTimestamp2020-07-08T14:10:06.678Z]
2020-07-08 14:10:06,679 [RatisPipelineUtilsThread] ERROR pipeline.SCMPipelineManager (SCMPipelineManager.java:createPipeline(222)) - Failed to create pipeline of type RATIS and factor THREE. Exception: Pipeline creation failed because nodes are engaged in other pipelines and every node can only be engaged in max 2 pipelines. Required 3. Found 0
2020-07-08 14:10:06,725 [Listener at 127.0.0.1/34841] INFO  ozone.MiniOzoneClusterImpl (MiniOzoneClusterImpl.java:lambda$waitForClusterToBeReady$0(177)) - Waiting for nodes to be ready. Got 9 of 10 DN Heartbeats.
2020-07-08 14:10:06,726 [Listener at 127.0.0.1/34841] INFO  ozone.MiniOzoneClusterImpl (MiniOzoneClusterImpl.java:lambda$waitForClusterToBeReady$0(180)) - Waiting for cluster to exit safe mode
2020-07-08 14:10:06,733 [IPC Server handler 1 on default port 38551] INFO  net.NetworkTopology (NetworkTopologyImpl.java:add(111)) - Added a new node: /default-rack/6e7cd3db-72e2-4b3a-8ef8-c30d2b0a8f56
2020-07-08 14:10:06,734 [RatisPipelineUtilsThread] INFO  pipeline.RatisPipelineProvider (RatisPipelineProvider.java:lambda$create$0(138)) - Sending CreatePipelineCommand for pipeline:PipelineID=d874ac75-60a7-44ed-82fd-02008be8667b to datanode:6e7cd3db-72e2-4b3a-8ef8-c30d2b0a8f56
2020-07-08 14:10:06,736 [RatisPipelineUtilsThread] INFO  pipeline.PipelineStateManager (PipelineStateManager.java:addPipeline(54)) - Created pipeline Pipeline[ Id: d874ac75-60a7-44ed-82fd-02008be8667b, Nodes: 6e7cd3db-72e2-4b3a-8ef8-c30d2b0a8f56{ip: 172.17.0.2, host: fa59273552ea, networkLocation: /default-rack, certSerialId: null}, Type:RATIS, Factor:ONE, State:ALLOCATED, leaderId:, CreationTimestamp2020-07-08T14:10:06.733Z]
2020-07-08 14:10:06,742 [IPC Server handler 1 on default port 38551] INFO  node.SCMNodeManager (SCMNodeManager.java:register(268)) - Registered Data node : 6e7cd3db-72e2-4b3a-8ef8-c30d2b0a8f56{ip: 172.17.0.2, host: fa59273552ea, networkLocation: /default-rack, certSerialId: null}
2020-07-08 14:10:06,743 [EventQueue-NodeRegistrationContainerReportForDataNodeSafeModeRule] INFO  safemode.SCMSafeModeManager (SCMSafeModeManager.java:validateSafeModeExitRules(214)) - DataNodeSafeModeRule rule is successfully validated
2020-07-08 14:10:06,743 [EventQueue-NodeRegistrationContainerReportForContainerSafeModeRule] INFO  safemode.SCMSafeModeManager (SCMSafeModeManager.java:validateSafeModeExitRules(214)) - ContainerSafeModeRule rule is successfully validated
2020-07-08 14:10:06,744 [RatisPipelineUtilsThread] ERROR pipeline.SCMPipelineManager (SCMPipelineManager.java:createPipeline(222)) - Failed to create pipeline of type RATIS and factor ONE. Exception: Cannot create pipeline of factor 1 using 0 nodes. Used 10 nodes. Healthy nodes 10
2020-07-08 14:10:06,744 [RatisPipelineUtilsThread] ERROR pipeline.SCMPipelineManager (SCMPipelineManager.java:createPipeline(222)) - Failed to create pipeline of type RATIS and factor THREE. Exception: Pipeline creation failed because nodes are engaged in other pipelines and every node can only be engaged in max 2 pipelines. Required 3. Found 1
2020-07-08 14:10:07,727 [Listener at 127.0.0.1/34841] INFO  ozone.MiniOzoneClusterImpl (MiniOzoneClusterImpl.java:lambda$waitForClusterToBeReady$0(177)) - Nodes are ready. Got 10 of 10 DN Heartbeats.
2020-07-08 14:10:07,727 [Listener at 127.0.0.1/34841] INFO  ozone.MiniOzoneClusterImpl (MiniOzoneClusterImpl.java:lambda$waitForClusterToBeReady$0(180)) - Waiting for cluster to exit safe mode
2020-07-08 14:10:08,727 [Listener at 127.0.0.1/34841] INFO  ozone.MiniOzoneClusterImpl (MiniOzoneClusterImpl.java:lambda$waitForClusterToBeReady$0(177)) - Nodes are ready. Got 10 of 10 DN Heartbeats.
2020-07-08 14:10:08,727 [Listener at 127.0.0.1/34841] INFO  ozone.MiniOzoneClusterImpl (MiniOzoneClusterImpl.java:lambda$waitForClusterToBeReady$0(180)) - Waiting for cluster to exit safe mode
2020-07-08 14:10:08,784 [Command processor thread] INFO  impl.RaftServerProxy (RaftServerProxy.java:addNew(89)) - 23f52161-4d0b-4057-9580-ae17c3abe8f9: addNew group-EC0B65524DE6:[23f52161-4d0b-4057-9580-ae17c3abe8f9:172.17.0.2:33835] returns group-EC0B65524DE6:java.util.concurrent.CompletableFuture@499a0728[Not completed]
2020-07-08 14:10:08,802 [pool-33-thread-1] INFO  impl.RaftServerImpl (RaftServerImpl.java:<init>(99)) - 23f52161-4d0b-4057-9580-ae17c3abe8f9: new RaftServerImpl for group-EC0B65524DE6:[23f52161-4d0b-4057-9580-ae17c3abe8f9:172.17.0.2:33835] with ContainerStateMachine:uninitialized
2020-07-08 14:10:08,804 [pool-33-thread-1] INFO  server.RaftServerConfigKeys (ConfUtils.java:logGet(44)) - raft.server.rpc.timeout.min = 5s (custom)
2020-07-08 14:10:08,804 [pool-33-thread-1] INFO  server.RaftServerConfigKeys (ConfUtils.java:logGet(44)) - raft.server.rpc.timeout.max = 5200ms (custom)
2020-07-08 14:10:08,804 [pool-33-thread-1] INFO  server.RaftServerConfigKeys (ConfUtils.java:logGet(44)) - raft.server.rpcslowness.timeout = 300000ms (custom)
2020-07-08 14:10:08,805 [pool-33-thread-1] INFO  server.RaftServerConfigKeys (ConfUtils.java:logGet(44)) - raft.server.sleep.deviation.threshold = 300 (default)
2020-07-08 14:10:08,805 [pool-33-thread-1] INFO  server.RaftServerConfigKeys (ConfUtils.java:logGet(44)) - raft.server.log.appender.install.snapshot.enabled = false (custom)
2020-07-08 14:10:08,811 [pool-33-thread-1] INFO  impl.RaftServerImpl (ServerState.java:<init>(103)) - 23f52161-4d0b-4057-9580-ae17c3abe8f9@group-EC0B65524DE6: ConfigurationManager, init=-1: [23f52161-4d0b-4057-9580-ae17c3abe8f9:172.17.0.2:33835], old=null, confs=<EMPTY_MAP>
2020-07-08 14:10:08,811 [pool-33-thread-1] INFO  server.RaftServerConfigKeys (ConfUtils.java:logGet(44)) - raft.server.storage.dir = [/github/workspace/mnt/ozone/hadoop-ozone/integration-test/target/test-dir/MiniOzoneClusterImpl-32bd3365-c0fa-4882-bde6-5b86600e32bb/datanode-0/data/ratis] (custom)
2020-07-08 14:10:08,815 [pool-33-thread-1] INFO  server.RaftServerConfigKeys (ConfUtils.java:logGet(44)) - raft.server.log.corruption.policy = EXCEPTION (default)
2020-07-08 14:10:08,817 [pool-33-thread-1] INFO  storage.RaftStorageDirectory (RaftStorageDirectory.java:analyzeStorage(261)) - The storage directory /github/workspace/mnt/ozone/hadoop-ozone/integration-test/target/test-dir/MiniOzoneClusterImpl-32bd3365-c0fa-4882-bde6-5b86600e32bb/datanode-0/data/ratis/3ec74b14-4574-4dac-b740-ec0b65524de6 does not exist. Creating ...
2020-07-08 14:10:08,821 [pool-33-thread-1] INFO  storage.RaftStorageDirectory (RaftStorageDirectory.java:tryLock(343)) - Lock on /github/workspace/mnt/ozone/hadoop-ozone/integration-test/target/test-dir/MiniOzoneClusterImpl-32bd3365-c0fa-4882-bde6-5b86600e32bb/datanode-0/data/ratis/3ec74b14-4574-4dac-b740-ec0b65524de6/in_use.lock acquired by nodename 40207@fa59273552ea
2020-07-08 14:10:08,824 [pool-33-thread-1] INFO  storage.RaftStorage (RaftStorage.java:format(84)) - Storage directory /github/workspace/mnt/ozone/hadoop-ozone/integration-test/target/test-dir/MiniOzoneClusterImpl-32bd3365-c0fa-4882-bde6-5b86600e32bb/datanode-0/data/ratis/3ec74b14-4574-4dac-b740-ec0b65524de6 has been successfully formatted.
2020-07-08 14:10:08,826 [pool-33-thread-1] INFO  ratis.ContainerStateMachine (ContainerStateMachine.java:loadSnapshot(225)) - group-EC0B65524DE6: The snapshot info is null. Setting the last applied indexto:(t:0, i:~)
2020-07-08 14:10:08,828 [EventQueue-PipelineReportForPipelineReportHandler] INFO  pipeline.PipelineStateManager (PipelineStateManager.java:openPipeline(131)) - Pipeline Pipeline[ Id: 3ec74b14-4574-4dac-b740-ec0b65524de6, Nodes: 23f52161-4d0b-4057-9580-ae17c3abe8f9{ip: 172.17.0.2, host: fa59273552ea, networkLocation: /default-rack, certSerialId: null}, Type:RATIS, Factor:ONE, State:ALLOCATED, leaderId:23f52161-4d0b-4057-9580-ae17c3abe8f9, CreationTimestamp2020-07-08T14:10:05.800Z] moved to OPEN state
2020-07-08 14:10:08,832 [EventQueue-OpenPipelineForOneReplicaPipelineSafeModeRule] INFO  safemode.SCMSafeModeManager (SCMSafeModeManager.java:validateSafeModeExitRules(214)) - AtleastOneDatanodeReportedRule rule is successfully validated
2020-07-08 14:10:08,832 [pool-33-thread-1] INFO  server.RaftServerConfigKeys (ConfUtils.java:logGet(44)) - raft.server.notification.no-leader.timeout = 60s (default)
2020-07-08 14:10:08,834 [pool-33-thread-1] INFO  server.RaftServerConfigKeys (ConfUtils.java:logGet(44)) - raft.server.log.use.memory = false (default)
2020-07-08 14:10:08,838 [pool-33-thread-1] INFO  server.RaftServerConfigKeys (ConfUtils.java:logGet(44)) - raft.server.log.purge.gap = 1000000 (custom)
2020-07-08 14:10:08,839 [pool-33-thread-1] INFO  server.RaftServerConfigKeys (ConfUtils.java:logGet(44)) - raft.server.log.appender.buffer.byte-limit = 33554432 (custom)
2020-07-08 14:10:08,841 [pool-33-thread-1] INFO  server.RaftServerConfigKeys (ConfUtils.java:logGet(44)) - raft.server.log.segment.size.max = 1048576 (custom)
2020-07-08 14:10:08,839 [EventQueue-OpenPipelineForHealthyPipelineSafeModeRule] INFO  safemode.SCMSafeModeManager (HealthyPipelineSafeModeRule.java:process(129)) - SCM in safe mode. Healthy pipelines reported count is 0, required healthy pipeline reported count is 1
2020-07-08 14:10:08,844 [pool-33-thread-1] INFO  metrics.RatisMetrics (RatisMetrics.java:lambda$create$0(36)) - Creating Metrics Registry : ratis.log_worker.23f52161-4d0b-4057-9580-ae17c3abe8f9@group-EC0B65524DE6
2020-07-08 14:10:08,854 [pool-33-thread-1] INFO  server.RaftServerConfigKeys (ConfUtils.java:logGet(44)) - raft.server.log.segment.cache.num.max = 2 (custom)
2020-07-08 14:10:08,859 [pool-33-thread-1] INFO  segmented.SegmentedRaftLogWorker (SegmentedRaftLogWorker.java:<init>(180)) - new 23f52161-4d0b-4057-9580-ae17c3abe8f9@group-EC0B65524DE6-SegmentedRaftLogWorker for RaftStorage:Storage Directory /github/workspace/mnt/ozone/hadoop-ozone/integration-test/target/test-dir/MiniOzoneClusterImpl-32bd3365-c0fa-4882-bde6-5b86600e32bb/datanode-0/data/ratis/3ec74b14-4574-4dac-b740-ec0b65524de6
2020-07-08 14:10:08,859 [pool-33-thread-1] INFO  server.RaftServerConfigKeys (ConfUtils.java:logGet(44)) - raft.server.log.queue.byte-limit = 2147483647 (custom)
2020-07-08 14:10:08,860 [pool-33-thread-1] INFO  server.RaftServerConfigKeys (ConfUtils.java:logGet(44)) - raft.server.log.queue.element-limit = 1024 (custom)
2020-07-08 14:10:08,861 [pool-33-thread-1] INFO  server.RaftServerConfigKeys (ConfUtils.java:logGet(44)) - raft.server.log.segment.size.max = 1048576 (custom)
2020-07-08 14:10:08,861 [pool-33-thread-1] INFO  server.RaftServerConfigKeys (ConfUtils.java:logGet(44)) - raft.server.log.preallocated.size = 16384 (custom)
2020-07-08 14:10:08,861 [pool-33-thread-1] INFO  server.RaftServerConfigKeys (ConfUtils.java:logGet(44)) - raft.server.log.write.buffer.size = 1048576 (custom)
2020-07-08 14:10:08,862 [pool-33-thread-1] INFO  server.RaftServerConfigKeys (ConfUtils.java:logGet(44)) - raft.server.log.force.sync.num = 128 (default)
2020-07-08 14:10:08,864 [pool-33-thread-1] INFO  server.RaftServerConfigKeys (ConfUtils.java:logGet(44)) - raft.server.log.statemachine.data.sync = true (default)
2020-07-08 14:10:08,864 [pool-33-thread-1] INFO  server.RaftServerConfigKeys (ConfUtils.java:logGet(44)) - raft.server.log.statemachine.data.sync.timeout = 10s (default)
2020-07-08 14:10:08,865 [pool-33-thread-1] INFO  server.RaftServerConfigKeys (ConfUtils.java:logGet(44)) - raft.server.log.statemachine.data.sync.timeout.retry = -1 (default)
2020-07-08 14:10:08,881 [pool-33-thread-1] INFO  server.RaftServerConfigKeys (ConfUtils.java:logGet(44)) - raft.server.log.statemachine.data.caching.enabled = true (custom)
2020-07-08 14:10:08,885 [pool-33-thread-1] INFO  segmented.SegmentedRaftLogWorker (SegmentedRaftLogWorker.java:lambda$new$0(129)) - 23f52161-4d0b-4057-9580-ae17c3abe8f9@group-EC0B65524DE6-SegmentedRaftLogWorker: flushIndex: setUnconditionally 0 -> -1
2020-07-08 14:10:08,885 [pool-33-thread-1] INFO  segmented.SegmentedRaftLogWorker (SegmentedRaftLogWorker.java:lambda$new$0(129)) - 23f52161-4d0b-4057-9580-ae17c3abe8f9@group-EC0B65524DE6-SegmentedRaftLogWorker: safeCacheEvictIndex: setUnconditionally 0 -> -1
2020-07-08 14:10:08,895 [pool-33-thread-1] INFO  server.RaftServerConfigKeys (ConfUtils.java:logGet(44)) - raft.server.snapshot.auto.trigger.enabled = true (custom)
2020-07-08 14:10:08,895 [pool-33-thread-1] INFO  server.RaftServerConfigKeys (ConfUtils.java:logGet(44)) - raft.server.snapshot.auto.trigger.threshold = 1 (custom)
2020-07-08 14:10:08,896 [pool-33-thread-1] INFO  server.RaftServerConfigKeys (ConfUtils.java:logGet(44)) - raft.server.snapshot.retention.file.num = 5 (custom)
2020-07-08 14:10:08,896 [pool-33-thread-1] INFO  server.RaftServerConfigKeys (ConfUtils.java:logGet(44)) - raft.server.log.purge.upto.snapshot.index = false (default)
2020-07-08 14:10:08,897 [pool-33-thread-1] INFO  server.RaftServerConfigKeys (ConfUtils.java:logGet(44)) - raft.server.retrycache.expirytime = 600000ms (custom)
2020-07-08 14:10:08,916 [pool-33-thread-1] INFO  metrics.RatisMetrics (RatisMetrics.java:lambda$create$0(36)) - Creating Metrics Registry : ratis.leader_election.23f52161-4d0b-4057-9580-ae17c3abe8f9@group-EC0B65524DE6
2020-07-08 14:10:08,919 [pool-33-thread-1] INFO  metrics.RatisMetrics (RatisMetrics.java:lambda$create$0(36)) - Creating Metrics Registry : ratis.server.23f52161-4d0b-4057-9580-ae17c3abe8f9@group-EC0B65524DE6
2020-07-08 14:10:08,924 [pool-33-thread-1] INFO  impl.RaftServerImpl (RaftServerImpl.java:start(186)) - 23f52161-4d0b-4057-9580-ae17c3abe8f9@group-EC0B65524DE6: start as a follower, conf=-1: [23f52161-4d0b-4057-9580-ae17c3abe8f9:172.17.0.2:33835], old=null
2020-07-08 14:10:08,925 [pool-33-thread-1] INFO  impl.RaftServerImpl (RaftServerImpl.java:setRole(175)) - 23f52161-4d0b-4057-9580-ae17c3abe8f9@group-EC0B65524DE6: changes role from      null to FOLLOWER at term 0 for startAsFollower
2020-07-08 14:10:08,926 [pool-33-thread-1] INFO  impl.RoleInfo (RoleInfo.java:updateAndGet(143)) - 23f52161-4d0b-4057-9580-ae17c3abe8f9: start FollowerState
2020-07-08 14:10:08,927 [pool-33-thread-1] INFO  util.JmxRegister (JmxRegister.java:tryRegister(44)) - Successfully registered JMX Bean with object name Ratis:service=RaftServer,group=group-EC0B65524DE6,id=23f52161-4d0b-4057-9580-ae17c3abe8f9
2020-07-08 14:10:08,928 [pool-33-thread-1] INFO  metrics.RatisMetrics (RatisMetrics.java:lambda$create$0(36)) - Creating Metrics Registry : ratis.state_machine.23f52161-4d0b-4057-9580-ae17c3abe8f9@group-EC0B65524DE6
2020-07-08 14:10:08,944 [Command processor thread] INFO  impl.RaftServerProxy (RaftServerProxy.java:addNew(89)) - 777a0c97-fe03-4145-8875-90750d7699c7: addNew group-8F14DE03EA64:[777a0c97-fe03-4145-8875-90750d7699c7:172.17.0.2:33153] returns group-8F14DE03EA64:java.util.concurrent.CompletableFuture@8871229[Not completed]
2020-07-08 14:10:08,947 [Command processor thread] INFO  commandhandler.CreatePipelineCommandHandler (CreatePipelineCommandHandler.java:handle(109)) - Created Pipeline RATIS ONE #id: "3ec74b14-4574-4dac-b740-ec0b65524de6"
uuid128 {
  mostSigBits: 4523666901153631660
  leastSigBits: -5241930432570569242
}
.
2020-07-08 14:10:08,947 [Command processor thread] INFO  impl.RaftServerProxy (RaftServerProxy.java:addNew(89)) - 23f52161-4d0b-4057-9580-ae17c3abe8f9: addNew group-2907D62B86D8:[777a0c97-fe03-4145-8875-90750d7699c7:172.17.0.2:33153, 23f52161-4d0b-4057-9580-ae17c3abe8f9:172.17.0.2:33835, 826f2dd8-5b44-4231-95cf-b9c87eb33eaf:172.17.0.2:37049] returns group-2907D62B86D8:java.util.concurrent.CompletableFuture@7b5e4514[Not completed]
2020-07-08 14:10:08,972 [pool-48-thread-1] INFO  impl.RaftServerImpl (RaftServerImpl.java:<init>(99)) - 777a0c97-fe03-4145-8875-90750d7699c7: new RaftServerImpl for group-8F14DE03EA64:[777a0c97-fe03-4145-8875-90750d7699c7:172.17.0.2:33153] with ContainerStateMachine:uninitialized
2020-07-08 14:10:08,977 [pool-48-thread-1] INFO  server.RaftServerConfigKeys (ConfUtils.java:logGet(44)) - raft.server.rpc.timeout.min = 5s (custom)
2020-07-08 14:10:08,977 [pool-48-thread-1] INFO  server.RaftServerConfigKeys (ConfUtils.java:logGet(44)) - raft.server.rpc.timeout.max = 5200ms (custom)
2020-07-08 14:10:08,977 [pool-48-thread-1] INFO  server.RaftServerConfigKeys (ConfUtils.java:logGet(44)) - raft.server.rpcslowness.timeout = 300000ms (custom)
2020-07-08 14:10:08,977 [pool-48-thread-1] INFO  server.RaftServerConfigKeys (ConfUtils.java:logGet(44)) - raft.server.sleep.deviation.threshold = 300 (default)
2020-07-08 14:10:08,977 [pool-48-thread-1] INFO  server.RaftServerConfigKeys (ConfUtils.java:logGet(44)) - raft.server.log.appender.install.snapshot.enabled = false (custom)
2020-07-08 14:10:08,978 [pool-48-thread-1] INFO  impl.RaftServerImpl (ServerState.java:<init>(103)) - 777a0c97-fe03-4145-8875-90750d7699c7@group-8F14DE03EA64: ConfigurationManager, init=-1: [777a0c97-fe03-4145-8875-90750d7699c7:172.17.0.2:33153], old=null, confs=<EMPTY_MAP>
2020-07-08 14:10:08,978 [pool-48-thread-1] INFO  server.RaftServerConfigKeys (ConfUtils.java:logGet(44)) - raft.server.storage.dir = [/github/workspace/mnt/ozone/hadoop-ozone/integration-test/target/test-dir/MiniOzoneClusterImpl-32bd3365-c0fa-4882-bde6-5b86600e32bb/datanode-1/data/ratis] (custom)
2020-07-08 14:10:08,982 [pool-48-thread-1] INFO  server.RaftServerConfigKeys (ConfUtils.java:logGet(44)) - raft.server.log.corruption.policy = EXCEPTION (default)
2020-07-08 14:10:08,984 [pool-48-thread-1] INFO  storage.RaftStorageDirectory (RaftStorageDirectory.java:analyzeStorage(261)) - The storage directory /github/workspace/mnt/ozone/hadoop-ozone/integration-test/target/test-dir/MiniOzoneClusterImpl-32bd3365-c0fa-4882-bde6-5b86600e32bb/datanode-1/data/ratis/ba0b2554-8528-4722-abb4-8f14de03ea64 does not exist. Creating ...
2020-07-08 14:10:08,987 [pool-33-thread-1] INFO  impl.RaftServerImpl (RaftServerImpl.java:<init>(99)) - 23f52161-4d0b-4057-9580-ae17c3abe8f9: new RaftServerImpl for group-2907D62B86D8:[777a0c97-fe03-4145-8875-90750d7699c7:172.17.0.2:33153, 23f52161-4d0b-4057-9580-ae17c3abe8f9:172.17.0.2:33835, 826f2dd8-5b44-4231-95cf-b9c87eb33eaf:172.17.0.2:37049] with ContainerStateMachine:uninitialized
2020-07-08 14:10:08,988 [pool-33-thread-1] INFO  server.RaftServerConfigKeys (ConfUtils.java:logGet(44)) - raft.server.rpc.timeout.min = 5s (custom)
2020-07-08 14:10:08,988 [pool-33-thread-1] INFO  server.RaftServerConfigKeys (ConfUtils.java:logGet(44)) - raft.server.rpc.timeout.max = 5200ms (custom)
2020-07-08 14:10:08,988 [pool-33-thread-1] INFO  server.RaftServerConfigKeys (ConfUtils.java:logGet(44)) - raft.server.rpcslowness.timeout = 300000ms (custom)
2020-07-08 14:10:08,988 [pool-33-thread-1] INFO  server.RaftServerConfigKeys (ConfUtils.java:logGet(44)) - raft.server.sleep.deviation.threshold = 300 (default)
2020-07-08 14:10:08,988 [pool-33-thread-1] INFO  server.RaftServerConfigKeys (ConfUtils.java:logGet(44)) - raft.server.log.appender.install.snapshot.enabled = false (custom)
2020-07-08 14:10:08,988 [pool-33-thread-1] INFO  impl.RaftServerImpl (ServerState.java:<init>(103)) - 23f52161-4d0b-4057-9580-ae17c3abe8f9@group-2907D62B86D8: ConfigurationManager, init=-1: [777a0c97-fe03-4145-8875-90750d7699c7:172.17.0.2:33153, 23f52161-4d0b-4057-9580-ae17c3abe8f9:172.17.0.2:33835, 826f2dd8-5b44-4231-95cf-b9c87eb33eaf:172.17.0.2:37049], old=null, confs=<EMPTY_MAP>
2020-07-08 14:10:08,988 [pool-33-thread-1] INFO  server.RaftServerConfigKeys (ConfUtils.java:logGet(44)) - raft.server.storage.dir = [/github/workspace/mnt/ozone/hadoop-ozone/integration-test/target/test-dir/MiniOzoneClusterImpl-32bd3365-c0fa-4882-bde6-5b86600e32bb/datanode-0/data/ratis] (custom)
2020-07-08 14:10:08,988 [pool-33-thread-1] INFO  server.RaftServerConfigKeys (ConfUtils.java:logGet(44)) - raft.server.log.corruption.policy = EXCEPTION (default)
2020-07-08 14:10:08,988 [pool-33-thread-1] INFO  storage.RaftStorageDirectory (RaftStorageDirectory.java:analyzeStorage(261)) - The storage directory /github/workspace/mnt/ozone/hadoop-ozone/integration-test/target/test-dir/MiniOzoneClusterImpl-32bd3365-c0fa-4882-bde6-5b86600e32bb/datanode-0/data/ratis/3dd271a5-29c8-4646-bc98-2907d62b86d8 does not exist. Creating ...
2020-07-08 14:10:08,990 [pool-33-thread-1] INFO  storage.RaftStorageDirectory (RaftStorageDirectory.java:tryLock(343)) - Lock on /github/workspace/mnt/ozone/hadoop-ozone/integration-test/target/test-dir/MiniOzoneClusterImpl-32bd3365-c0fa-4882-bde6-5b86600e32bb/datanode-0/data/ratis/3dd271a5-29c8-4646-bc98-2907d62b86d8/in_use.lock acquired by nodename 40207@fa59273552ea
2020-07-08 14:10:08,990 [pool-48-thread-1] INFO  storage.RaftStorageDirectory (RaftStorageDirectory.java:tryLock(343)) - Lock on /github/workspace/mnt/ozone/hadoop-ozone/integration-test/target/test-dir/MiniOzoneClusterImpl-32bd3365-c0fa-4882-bde6-5b86600e32bb/datanode-1/data/ratis/ba0b2554-8528-4722-abb4-8f14de03ea64/in_use.lock acquired by nodename 40207@fa59273552ea
2020-07-08 14:10:08,991 [pool-33-thread-1] INFO  storage.RaftStorage (RaftStorage.java:format(84)) - Storage directory /github/workspace/mnt/ozone/hadoop-ozone/integration-test/target/test-dir/MiniOzoneClusterImpl-32bd3365-c0fa-4882-bde6-5b86600e32bb/datanode-0/data/ratis/3dd271a5-29c8-4646-bc98-2907d62b86d8 has been successfully formatted.
2020-07-08 14:10:08,991 [pool-33-thread-1] INFO  ratis.ContainerStateMachine (ContainerStateMachine.java:loadSnapshot(225)) - group-2907D62B86D8: The snapshot info is null. Setting the last applied indexto:(t:0, i:~)
2020-07-08 14:10:08,992 [pool-33-thread-1] INFO  server.RaftServerConfigKeys (ConfUtils.java:logGet(44)) - raft.server.notification.no-leader.timeout = 60s (default)
2020-07-08 14:10:08,992 [pool-33-thread-1] INFO  server.RaftServerConfigKeys (ConfUtils.java:logGet(44)) - raft.server.log.use.memory = false (default)
2020-07-08 14:10:08,992 [pool-33-thread-1] INFO  server.RaftServerConfigKeys (ConfUtils.java:logGet(44)) - raft.server.log.purge.gap = 1000000 (custom)
2020-07-08 14:10:08,992 [pool-33-thread-1] INFO  server.RaftServerConfigKeys (ConfUtils.java:logGet(44)) - raft.server.log.appender.buffer.byte-limit = 33554432 (custom)
2020-07-08 14:10:08,992 [pool-33-thread-1] INFO  server.RaftServerConfigKeys (ConfUtils.java:logGet(44)) - raft.server.log.segment.size.max = 1048576 (custom)
2020-07-08 14:10:08,992 [pool-33-thread-1] INFO  metrics.RatisMetrics (RatisMetrics.java:lambda$create$0(36)) - Creating Metrics Registry : ratis.log_worker.23f52161-4d0b-4057-9580-ae17c3abe8f9@group-2907D62B86D8
2020-07-08 14:10:08,992 [pool-33-thread-1] INFO  server.RaftServerConfigKeys (ConfUtils.java:logGet(44)) - raft.server.log.segment.cache.num.max = 2 (custom)
2020-07-08 14:10:08,992 [pool-33-thread-1] INFO  segmented.SegmentedRaftLogWorker (SegmentedRaftLogWorker.java:<init>(180)) - new 23f52161-4d0b-4057-9580-ae17c3abe8f9@group-2907D62B86D8-SegmentedRaftLogWorker for RaftStorage:Storage Directory /github/workspace/mnt/ozone/hadoop-ozone/integration-test/target/test-dir/MiniOzoneClusterImpl-32bd3365-c0fa-4882-bde6-5b86600e32bb/datanode-0/data/ratis/3dd271a5-29c8-4646-bc98-2907d62b86d8
2020-07-08 14:10:08,992 [pool-33-thread-1] INFO  server.RaftServerConfigKeys (ConfUtils.java:logGet(44)) - raft.server.log.queue.byte-limit = 2147483647 (custom)
2020-07-08 14:10:08,992 [pool-33-thread-1] INFO  server.RaftServerConfigKeys (ConfUtils.java:logGet(44)) - raft.server.log.queue.element-limit = 1024 (custom)
2020-07-08 14:10:08,992 [pool-33-thread-1] INFO  server.RaftServerConfigKeys (ConfUtils.java:logGet(44)) - raft.server.log.segment.size.max = 1048576 (custom)
2020-07-08 14:10:08,992 [pool-33-thread-1] INFO  server.RaftServerConfigKeys (ConfUtils.java:logGet(44)) - raft.server.log.preallocated.size = 16384 (custom)
2020-07-08 14:10:08,992 [pool-33-thread-1] INFO  server.RaftServerConfigKeys (ConfUtils.java:logGet(44)) - raft.server.log.write.buffer.size = 1048576 (custom)
2020-07-08 14:10:08,993 [pool-33-thread-1] INFO  server.RaftServerConfigKeys (ConfUtils.java:logGet(44)) - raft.server.log.force.sync.num = 128 (default)
2020-07-08 14:10:08,993 [pool-33-thread-1] INFO  server.RaftServerConfigKeys (ConfUtils.java:logGet(44)) - raft.server.log.statemachine.data.sync = true (default)
2020-07-08 14:10:08,993 [pool-33-thread-1] INFO  server.RaftServerConfigKeys (ConfUtils.java:logGet(44)) - raft.server.log.statemachine.data.sync.timeout = 10s (default)
2020-07-08 14:10:08,993 [pool-33-thread-1] INFO  server.RaftServerConfigKeys (ConfUtils.java:logGet(44)) - raft.server.log.statemachine.data.sync.timeout.retry = -1 (default)
2020-07-08 14:10:08,996 [pool-33-thread-1] INFO  server.RaftServerConfigKeys (ConfUtils.java:logGet(44)) - raft.server.log.statemachine.data.caching.enabled = true (custom)
2020-07-08 14:10:08,996 [pool-33-thread-1] INFO  segmented.SegmentedRaftLogWorker (SegmentedRaftLogWorker.java:lambda$new$0(129)) - 23f52161-4d0b-4057-9580-ae17c3abe8f9@group-2907D62B86D8-SegmentedRaftLogWorker: flushIndex: setUnconditionally 0 -> -1
2020-07-08 14:10:08,996 [pool-33-thread-1] INFO  segmented.SegmentedRaftLogWorker (SegmentedRaftLogWorker.java:lambda$new$0(129)) - 23f52161-4d0b-4057-9580-ae17c3abe8f9@group-2907D62B86D8-SegmentedRaftLogWorker: safeCacheEvictIndex: setUnconditionally 0 -> -1
2020-07-08 14:10:08,998 [pool-48-thread-1] INFO  storage.RaftStorage (RaftStorage.java:format(84)) - Storage directory /github/workspace/mnt/ozone/hadoop-ozone/integration-test/target/test-dir/MiniOzoneClusterImpl-32bd3365-c0fa-4882-bde6-5b86600e32bb/datanode-1/data/ratis/ba0b2554-8528-4722-abb4-8f14de03ea64 has been successfully formatted.
2020-07-08 14:10:09,001 [pool-33-thread-1] INFO  server.RaftServerConfigKeys (ConfUtils.java:logGet(44)) - raft.server.snapshot.auto.trigger.enabled = true (custom)
2020-07-08 14:10:09,001 [pool-33-thread-1] INFO  server.RaftServerConfigKeys (ConfUtils.java:logGet(44)) - raft.server.snapshot.auto.trigger.threshold = 1 (custom)
2020-07-08 14:10:09,001 [pool-33-thread-1] INFO  server.RaftServerConfigKeys (ConfUtils.java:logGet(44)) - raft.server.snapshot.retention.file.num = 5 (custom)
2020-07-08 14:10:09,002 [pool-33-thread-1] INFO  server.RaftServerConfigKeys (ConfUtils.java:logGet(44)) - raft.server.log.purge.upto.snapshot.index = false (default)
2020-07-08 14:10:09,002 [pool-33-thread-1] INFO  server.RaftServerConfigKeys (ConfUtils.java:logGet(44)) - raft.server.retrycache.expirytime = 600000ms (custom)
2020-07-08 14:10:09,002 [pool-33-thread-1] INFO  metrics.RatisMetrics (RatisMetrics.java:lambda$create$0(36)) - Creating Metrics Registry : ratis.leader_election.23f52161-4d0b-4057-9580-ae17c3abe8f9@group-2907D62B86D8
2020-07-08 14:10:09,002 [EventQueue-PipelineReportForPipelineReportHandler] INFO  pipeline.PipelineStateManager (PipelineStateManager.java:openPipeline(131)) - Pipeline Pipeline[ Id: ba0b2554-8528-4722-abb4-8f14de03ea64, Nodes: 777a0c97-fe03-4145-8875-90750d7699c7{ip: 172.17.0.2, host: fa59273552ea, networkLocation: /default-rack, certSerialId: null}, Type:RATIS, Factor:ONE, State:ALLOCATED, leaderId:777a0c97-fe03-4145-8875-90750d7699c7, CreationTimestamp2020-07-08T14:10:05.945Z] moved to OPEN state
2020-07-08 14:10:09,002 [EventQueue-OpenPipelineForOneReplicaPipelineSafeModeRule] INFO  safemode.SCMSafeModeManager (SCMSafeModeManager.java:validateSafeModeExitRules(214)) - AtleastOneDatanodeReportedRule rule is successfully validated
2020-07-08 14:10:09,002 [EventQueue-OpenPipelineForHealthyPipelineSafeModeRule] INFO  safemode.SCMSafeModeManager (HealthyPipelineSafeModeRule.java:process(129)) - SCM in safe mode. Healthy pipelines reported count is 0, required healthy pipeline reported count is 1
2020-07-08 14:10:09,001 [pool-48-thread-1] INFO  ratis.ContainerStateMachine (ContainerStateMachine.java:loadSnapshot(225)) - group-8F14DE03EA64: The snapshot info is null. Setting the last applied indexto:(t:0, i:~)
2020-07-08 14:10:09,003 [pool-48-thread-1] INFO  server.RaftServerConfigKeys (ConfUtils.java:logGet(44)) - raft.server.notification.no-leader.timeout = 60s (default)
2020-07-08 14:10:09,003 [pool-48-thread-1] INFO  server.RaftServerConfigKeys (ConfUtils.java:logGet(44)) - raft.server.log.use.memory = false (default)
2020-07-08 14:10:09,003 [pool-48-thread-1] INFO  server.RaftServerConfigKeys (ConfUtils.java:logGet(44)) - raft.server.log.purge.gap = 1000000 (custom)
2020-07-08 14:10:09,004 [pool-48-thread-1] INFO  server.RaftServerConfigKeys (ConfUtils.java:logGet(44)) - raft.server.log.appender.buffer.byte-limit = 33554432 (custom)
2020-07-08 14:10:09,004 [pool-48-thread-1] INFO  server.RaftServerConfigKeys (ConfUtils.java:logGet(44)) - raft.server.log.segment.size.max = 1048576 (custom)
2020-07-08 14:10:09,004 [pool-48-thread-1] INFO  metrics.RatisMetrics (RatisMetrics.java:lambda$create$0(36)) - Creating Metrics Registry : ratis.log_worker.777a0c97-fe03-4145-8875-90750d7699c7@group-8F14DE03EA64
2020-07-08 14:10:09,005 [pool-33-thread-1] INFO  metrics.RatisMetrics (RatisMetrics.java:lambda$create$0(36)) - Creating Metrics Registry : ratis.server.23f52161-4d0b-4057-9580-ae17c3abe8f9@group-2907D62B86D8
2020-07-08 14:10:09,006 [pool-48-thread-1] INFO  server.RaftServerConfigKeys (ConfUtils.java:logGet(44)) - raft.server.log.segment.cache.num.max = 2 (custom)
2020-07-08 14:10:09,006 [pool-48-thread-1] INFO  segmented.SegmentedRaftLogWorker (SegmentedRaftLogWorker.java:<init>(180)) - new 777a0c97-fe03-4145-8875-90750d7699c7@group-8F14DE03EA64-SegmentedRaftLogWorker for RaftStorage:Storage Directory /github/workspace/mnt/ozone/hadoop-ozone/integration-test/target/test-dir/MiniOzoneClusterImpl-32bd3365-c0fa-4882-bde6-5b86600e32bb/datanode-1/data/ratis/ba0b2554-8528-4722-abb4-8f14de03ea64
2020-07-08 14:10:09,007 [pool-48-thread-1] INFO  server.RaftServerConfigKeys (ConfUtils.java:logGet(44)) - raft.server.log.queue.byte-limit = 2147483647 (custom)
2020-07-08 14:10:09,007 [pool-48-thread-1] INFO  server.RaftServerConfigKeys (ConfUtils.java:logGet(44)) - raft.server.log.queue.element-limit = 1024 (custom)
2020-07-08 14:10:09,007 [pool-48-thread-1] INFO  server.RaftServerConfigKeys (ConfUtils.java:logGet(44)) - raft.server.log.segment.size.max = 1048576 (custom)
2020-07-08 14:10:09,007 [pool-48-thread-1] INFO  server.RaftServerConfigKeys (ConfUtils.java:logGet(44)) - raft.server.log.preallocated.size = 16384 (custom)
2020-07-08 14:10:09,007 [pool-48-thread-1] INFO  server.RaftServerConfigKeys (ConfUtils.java:logGet(44)) - raft.server.log.write.buffer.size = 1048576 (custom)
2020-07-08 14:10:09,007 [pool-48-thread-1] INFO  server.RaftServerConfigKeys (ConfUtils.java:logGet(44)) - raft.server.log.force.sync.num = 128 (default)
2020-07-08 14:10:09,007 [pool-48-thread-1] INFO  server.RaftServerConfigKeys (ConfUtils.java:logGet(44)) - raft.server.log.statemachine.data.sync = true (default)
2020-07-08 14:10:09,007 [pool-48-thread-1] INFO  server.RaftServerConfigKeys (ConfUtils.java:logGet(44)) - raft.server.log.statemachine.data.sync.timeout = 10s (default)
2020-07-08 14:10:09,007 [pool-48-thread-1] INFO  server.RaftServerConfigKeys (ConfUtils.java:logGet(44)) - raft.server.log.statemachine.data.sync.timeout.retry = -1 (default)
2020-07-08 14:10:09,010 [pool-48-thread-1] INFO  server.RaftServerConfigKeys (ConfUtils.java:logGet(44)) - raft.server.log.statemachine.data.caching.enabled = true (custom)
2020-07-08 14:10:09,010 [pool-48-thread-1] INFO  segmented.SegmentedRaftLogWorker (SegmentedRaftLogWorker.java:lambda$new$0(129)) - 777a0c97-fe03-4145-8875-90750d7699c7@group-8F14DE03EA64-SegmentedRaftLogWorker: flushIndex: setUnconditionally 0 -> -1
2020-07-08 14:10:09,010 [pool-48-thread-1] INFO  segmented.SegmentedRaftLogWorker (SegmentedRaftLogWorker.java:lambda$new$0(129)) - 777a0c97-fe03-4145-8875-90750d7699c7@group-8F14DE03EA64-SegmentedRaftLogWorker: safeCacheEvictIndex: setUnconditionally 0 -> -1
2020-07-08 14:10:09,010 [pool-48-thread-1] INFO  server.RaftServerConfigKeys (ConfUtils.java:logGet(44)) - raft.server.snapshot.auto.trigger.enabled = true (custom)
2020-07-08 14:10:09,010 [pool-48-thread-1] INFO  server.RaftServerConfigKeys (ConfUtils.java:logGet(44)) - raft.server.snapshot.auto.trigger.threshold = 1 (custom)
2020-07-08 14:10:09,010 [pool-48-thread-1] INFO  server.RaftServerConfigKeys (ConfUtils.java:logGet(44)) - raft.server.snapshot.retention.file.num = 5 (custom)
2020-07-08 14:10:09,010 [pool-48-thread-1] INFO  server.RaftServerConfigKeys (ConfUtils.java:logGet(44)) - raft.server.log.purge.upto.snapshot.index = false (default)
2020-07-08 14:10:09,011 [pool-48-thread-1] INFO  server.RaftServerConfigKeys (ConfUtils.java:logGet(44)) - raft.server.retrycache.expirytime = 600000ms (custom)
2020-07-08 14:10:09,011 [pool-48-thread-1] INFO  metrics.RatisMetrics (RatisMetrics.java:lambda$create$0(36)) - Creating Metrics Registry : ratis.leader_election.777a0c97-fe03-4145-8875-90750d7699c7@group-8F14DE03EA64
2020-07-08 14:10:09,012 [pool-33-thread-1] INFO  impl.RaftServerImpl (RaftServerImpl.java:start(186)) - 23f52161-4d0b-4057-9580-ae17c3abe8f9@group-2907D62B86D8: start as a follower, conf=-1: [777a0c97-fe03-4145-8875-90750d7699c7:172.17.0.2:33153, 23f52161-4d0b-4057-9580-ae17c3abe8f9:172.17.0.2:33835, 826f2dd8-5b44-4231-95cf-b9c87eb33eaf:172.17.0.2:37049], old=null
2020-07-08 14:10:09,012 [pool-33-thread-1] INFO  impl.RaftServerImpl (RaftServerImpl.java:setRole(175)) - 23f52161-4d0b-4057-9580-ae17c3abe8f9@group-2907D62B86D8: changes role from      null to FOLLOWER at term 0 for startAsFollower
2020-07-08 14:10:09,012 [pool-33-thread-1] INFO  impl.RoleInfo (RoleInfo.java:updateAndGet(143)) - 23f52161-4d0b-4057-9580-ae17c3abe8f9: start FollowerState
2020-07-08 14:10:09,013 [pool-33-thread-1] INFO  util.JmxRegister (JmxRegister.java:tryRegister(44)) - Successfully registered JMX Bean with object name Ratis:service=RaftServer,group=group-2907D62B86D8,id=23f52161-4d0b-4057-9580-ae17c3abe8f9
2020-07-08 14:10:09,013 [pool-33-thread-1] INFO  metrics.RatisMetrics (RatisMetrics.java:lambda$create$0(36)) - Creating Metrics Registry : ratis.state_machine.23f52161-4d0b-4057-9580-ae17c3abe8f9@group-2907D62B86D8
2020-07-08 14:10:09,017 [pool-48-thread-1] INFO  metrics.RatisMetrics (RatisMetrics.java:lambda$create$0(36)) - Creating Metrics Registry : ratis.server.777a0c97-fe03-4145-8875-90750d7699c7@group-8F14DE03EA64
2020-07-08 14:10:09,020 [pool-48-thread-1] INFO  impl.RaftServerImpl (RaftServerImpl.java:start(186)) - 777a0c97-fe03-4145-8875-90750d7699c7@group-8F14DE03EA64: start as a follower, conf=-1: [777a0c97-fe03-4145-8875-90750d7699c7:172.17.0.2:33153], old=null
2020-07-08 14:10:09,020 [pool-48-thread-1] INFO  impl.RaftServerImpl (RaftServerImpl.java:setRole(175)) - 777a0c97-fe03-4145-8875-90750d7699c7@group-8F14DE03EA64: changes role from      null to FOLLOWER at term 0 for startAsFollower
2020-07-08 14:10:09,020 [pool-48-thread-1] INFO  impl.RoleInfo (RoleInfo.java:updateAndGet(143)) - 777a0c97-fe03-4145-8875-90750d7699c7: start FollowerState
2020-07-08 14:10:09,045 [pool-48-thread-1] INFO  util.JmxRegister (JmxRegister.java:tryRegister(44)) - Successfully registered JMX Bean with object name Ratis:service=RaftServer,group=group-8F14DE03EA64,id=777a0c97-fe03-4145-8875-90750d7699c7
2020-07-08 14:10:09,050 [pool-48-thread-1] INFO  metrics.RatisMetrics (RatisMetrics.java:lambda$create$0(36)) - Creating Metrics Registry : ratis.state_machine.777a0c97-fe03-4145-8875-90750d7699c7@group-8F14DE03EA64
2020-07-08 14:10:09,051 [Command processor thread] INFO  commandhandler.CreatePipelineCommandHandler (CreatePipelineCommandHandler.java:handle(109)) - Created Pipeline RATIS ONE #id: "ba0b2554-8528-4722-abb4-8f14de03ea64"
uuid128 {
  mostSigBits: -5040894312969648350
  leastSigBits: -6074072677629040028
}
.
2020-07-08 14:10:09,061 [Command processor thread] INFO  impl.RaftServerProxy (RaftServerProxy.java:addNew(89)) - 777a0c97-fe03-4145-8875-90750d7699c7: addNew group-2907D62B86D8:[777a0c97-fe03-4145-8875-90750d7699c7:172.17.0.2:33153, 23f52161-4d0b-4057-9580-ae17c3abe8f9:172.17.0.2:33835, 826f2dd8-5b44-4231-95cf-b9c87eb33eaf:172.17.0.2:37049] returns group-2907D62B86D8:java.util.concurrent.CompletableFuture@cb887e1[Not completed]
2020-07-08 14:10:09,063 [pool-48-thread-1] INFO  impl.RaftServerImpl (RaftServerImpl.java:<init>(99)) - 777a0c97-fe03-4145-8875-90750d7699c7: new RaftServerImpl for group-2907D62B86D8:[777a0c97-fe03-4145-8875-90750d7699c7:172.17.0.2:33153, 23f52161-4d0b-4057-9580-ae17c3abe8f9:172.17.0.2:33835, 826f2dd8-5b44-4231-95cf-b9c87eb33eaf:172.17.0.2:37049] with ContainerStateMachine:uninitialized
2020-07-08 14:10:09,063 [pool-48-thread-1] INFO  server.RaftServerConfigKeys (ConfUtils.java:logGet(44)) - raft.server.rpc.timeout.min = 5s (custom)
2020-07-08 14:10:09,063 [pool-48-thread-1] INFO  server.RaftServerConfigKeys (ConfUtils.java:logGet(44)) - raft.server.rpc.timeout.max = 5200ms (custom)
2020-07-08 14:10:09,063 [pool-48-thread-1] INFO  server.RaftServerConfigKeys (ConfUtils.java:logGet(44)) - raft.server.rpcslowness.timeout = 300000ms (custom)
2020-07-08 14:10:09,063 [pool-48-thread-1] INFO  server.RaftServerConfigKeys (ConfUtils.java:logGet(44)) - raft.server.sleep.deviation.threshold = 300 (default)
2020-07-08 14:10:09,063 [pool-48-thread-1] INFO  server.RaftServerConfigKeys (ConfUtils.java:logGet(44)) - raft.server.log.appender.install.snapshot.enabled = false (custom)
2020-07-08 14:10:09,063 [pool-48-thread-1] INFO  impl.RaftServerImpl (ServerState.java:<init>(103)) - 777a0c97-fe03-4145-8875-90750d7699c7@group-2907D62B86D8: ConfigurationManager, init=-1: [777a0c97-fe03-4145-8875-90750d7699c7:172.17.0.2:33153, 23f52161-4d0b-4057-9580-ae17c3abe8f9:172.17.0.2:33835, 826f2dd8-5b44-4231-95cf-b9c87eb33eaf:172.17.0.2:37049], old=null, confs=<EMPTY_MAP>
2020-07-08 14:10:09,063 [pool-48-thread-1] INFO  server.RaftServerConfigKeys (ConfUtils.java:logGet(44)) - raft.server.storage.dir = [/github/workspace/mnt/ozone/hadoop-ozone/integration-test/target/test-dir/MiniOzoneClusterImpl-32bd3365-c0fa-4882-bde6-5b86600e32bb/datanode-1/data/ratis] (custom)
2020-07-08 14:10:09,063 [pool-48-thread-1] INFO  server.RaftServerConfigKeys (ConfUtils.java:logGet(44)) - raft.server.log.corruption.policy = EXCEPTION (default)
2020-07-08 14:10:09,063 [pool-48-thread-1] INFO  storage.RaftStorageDirectory (RaftStorageDirectory.java:analyzeStorage(261)) - The storage directory /github/workspace/mnt/ozone/hadoop-ozone/integration-test/target/test-dir/MiniOzoneClusterImpl-32bd3365-c0fa-4882-bde6-5b86600e32bb/datanode-1/data/ratis/3dd271a5-29c8-4646-bc98-2907d62b86d8 does not exist. Creating ...
2020-07-08 14:10:09,065 [pool-48-thread-1] INFO  storage.RaftStorageDirectory (RaftStorageDirectory.java:tryLock(343)) - Lock on /github/workspace/mnt/ozone/hadoop-ozone/integration-test/target/test-dir/MiniOzoneClusterImpl-32bd3365-c0fa-4882-bde6-5b86600e32bb/datanode-1/data/ratis/3dd271a5-29c8-4646-bc98-2907d62b86d8/in_use.lock acquired by nodename 40207@fa59273552ea
2020-07-08 14:10:09,068 [pool-48-thread-1] INFO  storage.RaftStorage (RaftStorage.java:format(84)) - Storage directory /github/workspace/mnt/ozone/hadoop-ozone/integration-test/target/test-dir/MiniOzoneClusterImpl-32bd3365-c0fa-4882-bde6-5b86600e32bb/datanode-1/data/ratis/3dd271a5-29c8-4646-bc98-2907d62b86d8 has been successfully formatted.
2020-07-08 14:10:09,070 [pool-48-thread-1] INFO  ratis.ContainerStateMachine (ContainerStateMachine.java:loadSnapshot(225)) - group-2907D62B86D8: The snapshot info is null. Setting the last applied indexto:(t:0, i:~)
2020-07-08 14:10:09,070 [pool-48-thread-1] INFO  server.RaftServerConfigKeys (ConfUtils.java:logGet(44)) - raft.server.notification.no-leader.timeout = 60s (default)
2020-07-08 14:10:09,070 [pool-48-thread-1] INFO  server.RaftServerConfigKeys (ConfUtils.java:logGet(44)) - raft.server.log.use.memory = false (default)
2020-07-08 14:10:09,070 [pool-48-thread-1] INFO  server.RaftServerConfigKeys (ConfUtils.java:logGet(44)) - raft.server.log.purge.gap = 1000000 (custom)
2020-07-08 14:10:09,070 [pool-48-thread-1] INFO  server.RaftServerConfigKeys (ConfUtils.java:logGet(44)) - raft.server.log.appender.buffer.byte-limit = 33554432 (custom)
2020-07-08 14:10:09,070 [pool-48-thread-1] INFO  server.RaftServerConfigKeys (ConfUtils.java:logGet(44)) - raft.server.log.segment.size.max = 1048576 (custom)
2020-07-08 14:10:09,070 [pool-48-thread-1] INFO  metrics.RatisMetrics (RatisMetrics.java:lambda$create$0(36)) - Creating Metrics Registry : ratis.log_worker.777a0c97-fe03-4145-8875-90750d7699c7@group-2907D62B86D8
2020-07-08 14:10:09,071 [pool-48-thread-1] INFO  server.RaftServerConfigKeys (ConfUtils.java:logGet(44)) - raft.server.log.segment.cache.num.max = 2 (custom)
2020-07-08 14:10:09,071 [pool-48-thread-1] INFO  segmented.SegmentedRaftLogWorker (SegmentedRaftLogWorker.java:<init>(180)) - new 777a0c97-fe03-4145-8875-90750d7699c7@group-2907D62B86D8-SegmentedRaftLogWorker for RaftStorage:Storage Directory /github/workspace/mnt/ozone/hadoop-ozone/integration-test/target/test-dir/MiniOzoneClusterImpl-32bd3365-c0fa-4882-bde6-5b86600e32bb/datanode-1/data/ratis/3dd271a5-29c8-4646-bc98-2907d62b86d8
2020-07-08 14:10:09,071 [pool-48-thread-1] INFO  server.RaftServerConfigKeys (ConfUtils.java:logGet(44)) - raft.server.log.queue.byte-limit = 2147483647 (custom)
2020-07-08 14:10:09,071 [pool-48-thread-1] INFO  server.RaftServerConfigKeys (ConfUtils.java:logGet(44)) - raft.server.log.queue.element-limit = 1024 (custom)
2020-07-08 14:10:09,071 [pool-48-thread-1] INFO  server.RaftServerConfigKeys (ConfUtils.java:logGet(44)) - raft.server.log.segment.size.max = 1048576 (custom)
2020-07-08 14:10:09,071 [pool-48-thread-1] INFO  server.RaftServerConfigKeys (ConfUtils.java:logGet(44)) - raft.server.log.preallocated.size = 16384 (custom)
2020-07-08 14:10:09,071 [pool-48-thread-1] INFO  server.RaftServerConfigKeys (ConfUtils.java:logGet(44)) - raft.server.log.write.buffer.size = 1048576 (custom)
2020-07-08 14:10:09,071 [pool-48-thread-1] INFO  server.RaftServerConfigKeys (ConfUtils.java:logGet(44)) - raft.server.log.force.sync.num = 128 (default)
2020-07-08 14:10:09,071 [pool-48-thread-1] INFO  server.RaftServerConfigKeys (ConfUtils.java:logGet(44)) - raft.server.log.statemachine.data.sync = true (default)
2020-07-08 14:10:09,071 [pool-48-thread-1] INFO  server.RaftServerConfigKeys (ConfUtils.java:logGet(44)) - raft.server.log.statemachine.data.sync.timeout = 10s (default)
2020-07-08 14:10:09,071 [pool-48-thread-1] INFO  server.RaftServerConfigKeys (ConfUtils.java:logGet(44)) - raft.server.log.statemachine.data.sync.timeout.retry = -1 (default)
2020-07-08 14:10:09,085 [pool-48-thread-1] INFO  server.RaftServerConfigKeys (ConfUtils.java:logGet(44)) - raft.server.log.statemachine.data.caching.enabled = true (custom)
2020-07-08 14:10:09,085 [Command processor thread] INFO  impl.RaftServerProxy (RaftServerProxy.java:addNew(89)) - 826f2dd8-5b44-4231-95cf-b9c87eb33eaf: addNew group-8CE204B191A4:[826f2dd8-5b44-4231-95cf-b9c87eb33eaf:172.17.0.2:37049] returns group-8CE204B191A4:java.util.concurrent.CompletableFuture@3aec71da[Not completed]
2020-07-08 14:10:09,086 [pool-63-thread-1] INFO  impl.RaftServerImpl (RaftServerImpl.java:<init>(99)) - 826f2dd8-5b44-4231-95cf-b9c87eb33eaf: new RaftServerImpl for group-8CE204B191A4:[826f2dd8-5b44-4231-95cf-b9c87eb33eaf:172.17.0.2:37049] with ContainerStateMachine:uninitialized
2020-07-08 14:10:09,085 [pool-48-thread-1] INFO  segmented.SegmentedRaftLogWorker (SegmentedRaftLogWorker.java:lambda$new$0(129)) - 777a0c97-fe03-4145-8875-90750d7699c7@group-2907D62B86D8-SegmentedRaftLogWorker: flushIndex: setUnconditionally 0 -> -1
2020-07-08 14:10:09,086 [pool-48-thread-1] INFO  segmented.SegmentedRaftLogWorker (SegmentedRaftLogWorker.java:lambda$new$0(129)) - 777a0c97-fe03-4145-8875-90750d7699c7@group-2907D62B86D8-SegmentedRaftLogWorker: safeCacheEvictIndex: setUnconditionally 0 -> -1
2020-07-08 14:10:09,093 [pool-48-thread-1] INFO  server.RaftServerConfigKeys (ConfUtils.java:logGet(44)) - raft.server.snapshot.auto.trigger.enabled = true (custom)
2020-07-08 14:10:09,093 [pool-48-thread-1] INFO  server.RaftServerConfigKeys (ConfUtils.java:logGet(44)) - raft.server.snapshot.auto.trigger.threshold = 1 (custom)
2020-07-08 14:10:09,093 [pool-48-thread-1] INFO  server.RaftServerConfigKeys (ConfUtils.java:logGet(44)) - raft.server.snapshot.retention.file.num = 5 (custom)
2020-07-08 14:10:09,093 [pool-48-thread-1] INFO  server.RaftServerConfigKeys (ConfUtils.java:logGet(44)) - raft.server.log.purge.upto.snapshot.index = false (default)
2020-07-08 14:10:09,093 [pool-48-thread-1] INFO  server.RaftServerConfigKeys (ConfUtils.java:logGet(44)) - raft.server.retrycache.expirytime = 600000ms (custom)
2020-07-08 14:10:09,093 [pool-48-thread-1] INFO  metrics.RatisMetrics (RatisMetrics.java:lambda$create$0(36)) - Creating Metrics Registry : ratis.leader_election.777a0c97-fe03-4145-8875-90750d7699c7@group-2907D62B86D8
2020-07-08 14:10:09,094 [pool-48-thread-1] INFO  metrics.RatisMetrics (RatisMetrics.java:lambda$create$0(36)) - Creating Metrics Registry : ratis.server.777a0c97-fe03-4145-8875-90750d7699c7@group-2907D62B86D8
2020-07-08 14:10:09,097 [pool-63-thread-1] INFO  server.RaftServerConfigKeys (ConfUtils.java:logGet(44)) - raft.server.rpc.timeout.min = 5s (custom)
2020-07-08 14:10:09,097 [pool-63-thread-1] INFO  server.RaftServerConfigKeys (ConfUtils.java:logGet(44)) - raft.server.rpc.timeout.max = 5200ms (custom)
2020-07-08 14:10:09,097 [pool-63-thread-1] INFO  server.RaftServerConfigKeys (ConfUtils.java:logGet(44)) - raft.server.rpcslowness.timeout = 300000ms (custom)
2020-07-08 14:10:09,098 [pool-63-thread-1] INFO  server.RaftServerConfigKeys (ConfUtils.java:logGet(44)) - raft.server.sleep.deviation.threshold = 300 (default)
2020-07-08 14:10:09,098 [pool-63-thread-1] INFO  server.RaftServerConfigKeys (ConfUtils.java:logGet(44)) - raft.server.log.appender.install.snapshot.enabled = false (custom)
2020-07-08 14:10:09,098 [pool-63-thread-1] INFO  impl.RaftServerImpl (ServerState.java:<init>(103)) - 826f2dd8-5b44-4231-95cf-b9c87eb33eaf@group-8CE204B191A4: ConfigurationManager, init=-1: [826f2dd8-5b44-4231-95cf-b9c87eb33eaf:172.17.0.2:37049], old=null, confs=<EMPTY_MAP>
2020-07-08 14:10:09,098 [pool-63-thread-1] INFO  server.RaftServerConfigKeys (ConfUtils.java:logGet(44)) - raft.server.storage.dir = [/github/workspace/mnt/ozone/hadoop-ozone/integration-test/target/test-dir/MiniOzoneClusterImpl-32bd3365-c0fa-4882-bde6-5b86600e32bb/datanode-2/data/ratis] (custom)
2020-07-08 14:10:09,098 [pool-63-thread-1] INFO  server.RaftServerConfigKeys (ConfUtils.java:logGet(44)) - raft.server.log.corruption.policy = EXCEPTION (default)
2020-07-08 14:10:09,098 [pool-63-thread-1] INFO  storage.RaftStorageDirectory (RaftStorageDirectory.java:analyzeStorage(261)) - The storage directory /github/workspace/mnt/ozone/hadoop-ozone/integration-test/target/test-dir/MiniOzoneClusterImpl-32bd3365-c0fa-4882-bde6-5b86600e32bb/datanode-2/data/ratis/c33ab1cd-5caf-4c64-98ff-8ce204b191a4 does not exist. Creating ...
2020-07-08 14:10:09,100 [pool-63-thread-1] INFO  storage.RaftStorageDirectory (RaftStorageDirectory.java:tryLock(343)) - Lock on /github/workspace/mnt/ozone/hadoop-ozone/integration-test/target/test-dir/MiniOzoneClusterImpl-32bd3365-c0fa-4882-bde6-5b86600e32bb/datanode-2/data/ratis/c33ab1cd-5caf-4c64-98ff-8ce204b191a4/in_use.lock acquired by nodename 40207@fa59273552ea
2020-07-08 14:10:09,102 [pool-63-thread-1] INFO  storage.RaftStorage (RaftStorage.java:format(84)) - Storage directory /github/workspace/mnt/ozone/hadoop-ozone/integration-test/target/test-dir/MiniOzoneClusterImpl-32bd3365-c0fa-4882-bde6-5b86600e32bb/datanode-2/data/ratis/c33ab1cd-5caf-4c64-98ff-8ce204b191a4 has been successfully formatted.
2020-07-08 14:10:09,102 [pool-63-thread-1] INFO  ratis.ContainerStateMachine (ContainerStateMachine.java:loadSnapshot(225)) - group-8CE204B191A4: The snapshot info is null. Setting the last applied indexto:(t:0, i:~)
2020-07-08 14:10:09,102 [pool-63-thread-1] INFO  server.RaftServerConfigKeys (ConfUtils.java:logGet(44)) - raft.server.notification.no-leader.timeout = 60s (default)
2020-07-08 14:10:09,102 [pool-63-thread-1] INFO  server.RaftServerConfigKeys (ConfUtils.java:logGet(44)) - raft.server.log.use.memory = false (default)
2020-07-08 14:10:09,102 [pool-63-thread-1] INFO  server.RaftServerConfigKeys (ConfUtils.java:logGet(44)) - raft.server.log.purge.gap = 1000000 (custom)
2020-07-08 14:10:09,102 [pool-63-thread-1] INFO  server.RaftServerConfigKeys (ConfUtils.java:logGet(44)) - raft.server.log.appender.buffer.byte-limit = 33554432 (custom)
2020-07-08 14:10:09,103 [pool-63-thread-1] INFO  server.RaftServerConfigKeys (ConfUtils.java:logGet(44)) - raft.server.log.segment.size.max = 1048576 (custom)
2020-07-08 14:10:09,104 [pool-63-thread-1] INFO  metrics.RatisMetrics (RatisMetrics.java:lambda$create$0(36)) - Creating Metrics Registry : ratis.log_worker.826f2dd8-5b44-4231-95cf-b9c87eb33eaf@group-8CE204B191A4
2020-07-08 14:10:09,104 [pool-63-thread-1] INFO  server.RaftServerConfigKeys (ConfUtils.java:logGet(44)) - raft.server.log.segment.cache.num.max = 2 (custom)
2020-07-08 14:10:09,103 [EventQueue-PipelineReportForPipelineReportHandler] INFO  pipeline.PipelineStateManager (PipelineStateManager.java:openPipeline(131)) - Pipeline Pipeline[ Id: c33ab1cd-5caf-4c64-98ff-8ce204b191a4, Nodes: 826f2dd8-5b44-4231-95cf-b9c87eb33eaf{ip: 172.17.0.2, host: fa59273552ea, networkLocation: /default-rack, certSerialId: null}, Type:RATIS, Factor:ONE, State:ALLOCATED, leaderId:826f2dd8-5b44-4231-95cf-b9c87eb33eaf, CreationTimestamp2020-07-08T14:10:06.075Z] moved to OPEN state
2020-07-08 14:10:09,104 [EventQueue-OpenPipelineForOneReplicaPipelineSafeModeRule] INFO  safemode.SCMSafeModeManager (SCMSafeModeManager.java:validateSafeModeExitRules(214)) - AtleastOneDatanodeReportedRule rule is successfully validated
2020-07-08 14:10:09,104 [EventQueue-OpenPipelineForHealthyPipelineSafeModeRule] INFO  safemode.SCMSafeModeManager (HealthyPipelineSafeModeRule.java:process(129)) - SCM in safe mode. Healthy pipelines reported count is 0, required healthy pipeline reported count is 1
2020-07-08 14:10:09,104 [pool-63-thread-1] INFO  segmented.SegmentedRaftLogWorker (SegmentedRaftLogWorker.java:<init>(180)) - new 826f2dd8-5b44-4231-95cf-b9c87eb33eaf@group-8CE204B191A4-SegmentedRaftLogWorker for RaftStorage:Storage Directory /github/workspace/mnt/ozone/hadoop-ozone/integration-test/target/test-dir/MiniOzoneClusterImpl-32bd3365-c0fa-4882-bde6-5b86600e32bb/datanode-2/data/ratis/c33ab1cd-5caf-4c64-98ff-8ce204b191a4
2020-07-08 14:10:09,105 [pool-63-thread-1] INFO  server.RaftServerConfigKeys (ConfUtils.java:logGet(44)) - raft.server.log.queue.byte-limit = 2147483647 (custom)
2020-07-08 14:10:09,105 [pool-63-thread-1] INFO  server.RaftServerConfigKeys (ConfUtils.java:logGet(44)) - raft.server.log.queue.element-limit = 1024 (custom)
2020-07-08 14:10:09,105 [pool-63-thread-1] INFO  server.RaftServerConfigKeys (ConfUtils.java:logGet(44)) - raft.server.log.segment.size.max = 1048576 (custom)
2020-07-08 14:10:09,105 [pool-63-thread-1] INFO  server.RaftServerConfigKeys (ConfUtils.java:logGet(44)) - raft.server.log.preallocated.size = 16384 (custom)
2020-07-08 14:10:09,105 [pool-63-thread-1] INFO  server.RaftServerConfigKeys (ConfUtils.java:logGet(44)) - raft.server.log.write.buffer.size = 1048576 (custom)
2020-07-08 14:10:09,105 [pool-63-thread-1] INFO  server.RaftServerConfigKeys (ConfUtils.java:logGet(44)) - raft.server.log.force.sync.num = 128 (default)
2020-07-08 14:10:09,105 [pool-63-thread-1] INFO  server.RaftServerConfigKeys (ConfUtils.java:logGet(44)) - raft.server.log.statemachine.data.sync = true (default)
2020-07-08 14:10:09,105 [pool-63-thread-1] INFO  server.RaftServerConfigKeys (ConfUtils.java:logGet(44)) - raft.server.log.statemachine.data.sync.timeout = 10s (default)
2020-07-08 14:10:09,105 [pool-63-thread-1] INFO  server.RaftServerConfigKeys (ConfUtils.java:logGet(44)) - raft.server.log.statemachine.data.sync.timeout.retry = -1 (default)
2020-07-08 14:10:09,106 [pool-48-thread-1] INFO  impl.RaftServerImpl (RaftServerImpl.java:start(186)) - 777a0c97-fe03-4145-8875-90750d7699c7@group-2907D62B86D8: start as a follower, conf=-1: [777a0c97-fe03-4145-8875-90750d7699c7:172.17.0.2:33153, 23f52161-4d0b-4057-9580-ae17c3abe8f9:172.17.0.2:33835, 826f2dd8-5b44-4231-95cf-b9c87eb33eaf:172.17.0.2:37049], old=null
2020-07-08 14:10:09,106 [pool-48-thread-1] INFO  impl.RaftServerImpl (RaftServerImpl.java:setRole(175)) - 777a0c97-fe03-4145-8875-90750d7699c7@group-2907D62B86D8: changes role from      null to FOLLOWER at term 0 for startAsFollower
2020-07-08 14:10:09,106 [pool-48-thread-1] INFO  impl.RoleInfo (RoleInfo.java:updateAndGet(143)) - 777a0c97-fe03-4145-8875-90750d7699c7: start FollowerState
2020-07-08 14:10:09,107 [pool-63-thread-1] INFO  server.RaftServerConfigKeys (ConfUtils.java:logGet(44)) - raft.server.log.statemachine.data.caching.enabled = true (custom)
2020-07-08 14:10:09,108 [pool-63-thread-1] INFO  segmented.SegmentedRaftLogWorker (SegmentedRaftLogWorker.java:lambda$new$0(129)) - 826f2dd8-5b44-4231-95cf-b9c87eb33eaf@group-8CE204B191A4-SegmentedRaftLogWorker: flushIndex: setUnconditionally 0 -> -1
2020-07-08 14:10:09,108 [pool-63-thread-1] INFO  segmented.SegmentedRaftLogWorker (SegmentedRaftLogWorker.java:lambda$new$0(129)) - 826f2dd8-5b44-4231-95cf-b9c87eb33eaf@group-8CE204B191A4-SegmentedRaftLogWorker: safeCacheEvictIndex: setUnconditionally 0 -> -1
2020-07-08 14:10:09,117 [pool-48-thread-1] INFO  util.JmxRegister (JmxRegister.java:tryRegister(44)) - Successfully registered JMX Bean with object name Ratis:service=RaftServer,group=group-2907D62B86D8,id=777a0c97-fe03-4145-8875-90750d7699c7
2020-07-08 14:10:09,117 [pool-48-thread-1] INFO  metrics.RatisMetrics (RatisMetrics.java:lambda$create$0(36)) - Creating Metrics Registry : ratis.state_machine.777a0c97-fe03-4145-8875-90750d7699c7@group-2907D62B86D8
2020-07-08 14:10:09,125 [pool-63-thread-1] INFO  server.RaftServerConfigKeys (ConfUtils.java:logGet(44)) - raft.server.snapshot.auto.trigger.enabled = true (custom)
2020-07-08 14:10:09,125 [pool-63-thread-1] INFO  server.RaftServerConfigKeys (ConfUtils.java:logGet(44)) - raft.server.snapshot.auto.trigger.threshold = 1 (custom)
2020-07-08 14:10:09,125 [pool-63-thread-1] INFO  server.RaftServerConfigKeys (ConfUtils.java:logGet(44)) - raft.server.snapshot.retention.file.num = 5 (custom)
2020-07-08 14:10:09,125 [pool-63-thread-1] INFO  server.RaftServerConfigKeys (ConfUtils.java:logGet(44)) - raft.server.log.purge.upto.snapshot.index = false (default)
2020-07-08 14:10:09,128 [pool-63-thread-1] INFO  server.RaftServerConfigKeys (ConfUtils.java:logGet(44)) - raft.server.retrycache.expirytime = 600000ms (custom)
2020-07-08 14:10:09,128 [pool-63-thread-1] INFO  metrics.RatisMetrics (RatisMetrics.java:lambda$create$0(36)) - Creating Metrics Registry : ratis.leader_election.826f2dd8-5b44-4231-95cf-b9c87eb33eaf@group-8CE204B191A4
2020-07-08 14:10:09,145 [pool-63-thread-1] INFO  metrics.RatisMetrics (RatisMetrics.java:lambda$create$0(36)) - Creating Metrics Registry : ratis.server.826f2dd8-5b44-4231-95cf-b9c87eb33eaf@group-8CE204B191A4
2020-07-08 14:10:09,147 [pool-63-thread-1] INFO  impl.RaftServerImpl (RaftServerImpl.java:start(186)) - 826f2dd8-5b44-4231-95cf-b9c87eb33eaf@group-8CE204B191A4: start as a follower, conf=-1: [826f2dd8-5b44-4231-95cf-b9c87eb33eaf:172.17.0.2:37049], old=null
2020-07-08 14:10:09,147 [pool-63-thread-1] INFO  impl.RaftServerImpl (RaftServerImpl.java:setRole(175)) - 826f2dd8-5b44-4231-95cf-b9c87eb33eaf@group-8CE204B191A4: changes role from      null to FOLLOWER at term 0 for startAsFollower
2020-07-08 14:10:09,147 [pool-63-thread-1] INFO  impl.RoleInfo (RoleInfo.java:updateAndGet(143)) - 826f2dd8-5b44-4231-95cf-b9c87eb33eaf: start FollowerState
2020-07-08 14:10:09,157 [pool-63-thread-1] INFO  util.JmxRegister (JmxRegister.java:tryRegister(44)) - Successfully registered JMX Bean with object name Ratis:service=RaftServer,group=group-8CE204B191A4,id=826f2dd8-5b44-4231-95cf-b9c87eb33eaf
2020-07-08 14:10:09,157 [pool-63-thread-1] INFO  metrics.RatisMetrics (RatisMetrics.java:lambda$create$0(36)) - Creating Metrics Registry : ratis.state_machine.826f2dd8-5b44-4231-95cf-b9c87eb33eaf@group-8CE204B191A4
2020-07-08 14:10:09,158 [Command processor thread] INFO  commandhandler.CreatePipelineCommandHandler (CreatePipelineCommandHandler.java:handle(109)) - Created Pipeline RATIS ONE #id: "c33ab1cd-5caf-4c64-98ff-8ce204b191a4"
uuid128 {
  mostSigBits: -4378992192082981788
  leastSigBits: -7422058758514044508
}
.
2020-07-08 14:10:09,158 [Command processor thread] INFO  impl.RaftServerProxy (RaftServerProxy.java:addNew(89)) - 826f2dd8-5b44-4231-95cf-b9c87eb33eaf: addNew group-2907D62B86D8:[777a0c97-fe03-4145-8875-90750d7699c7:172.17.0.2:33153, 23f52161-4d0b-4057-9580-ae17c3abe8f9:172.17.0.2:33835, 826f2dd8-5b44-4231-95cf-b9c87eb33eaf:172.17.0.2:37049] returns group-2907D62B86D8:java.util.concurrent.CompletableFuture@3ed3f25f[Not completed]
2020-07-08 14:10:09,159 [pool-63-thread-1] INFO  impl.RaftServerImpl (RaftServerImpl.java:<init>(99)) - 826f2dd8-5b44-4231-95cf-b9c87eb33eaf: new RaftServerImpl for group-2907D62B86D8:[777a0c97-fe03-4145-8875-90750d7699c7:172.17.0.2:33153, 23f52161-4d0b-4057-9580-ae17c3abe8f9:172.17.0.2:33835, 826f2dd8-5b44-4231-95cf-b9c87eb33eaf:172.17.0.2:37049] with ContainerStateMachine:uninitialized
2020-07-08 14:10:09,159 [pool-63-thread-1] INFO  server.RaftServerConfigKeys (ConfUtils.java:logGet(44)) - raft.server.rpc.timeout.min = 5s (custom)
2020-07-08 14:10:09,159 [pool-63-thread-1] INFO  server.RaftServerConfigKeys (ConfUtils.java:logGet(44)) - raft.server.rpc.timeout.max = 5200ms (custom)
2020-07-08 14:10:09,159 [pool-63-thread-1] INFO  server.RaftServerConfigKeys (ConfUtils.java:logGet(44)) - raft.server.rpcslowness.timeout = 300000ms (custom)
2020-07-08 14:10:09,160 [pool-63-thread-1] INFO  server.RaftServerConfigKeys (ConfUtils.java:logGet(44)) - raft.server.sleep.deviation.threshold = 300 (default)
2020-07-08 14:10:09,160 [pool-63-thread-1] INFO  server.RaftServerConfigKeys (ConfUtils.java:logGet(44)) - raft.server.log.appender.install.snapshot.enabled = false (custom)
2020-07-08 14:10:09,160 [pool-63-thread-1] INFO  impl.RaftServerImpl (ServerState.java:<init>(103)) - 826f2dd8-5b44-4231-95cf-b9c87eb33eaf@group-2907D62B86D8: ConfigurationManager, init=-1: [777a0c97-fe03-4145-8875-90750d7699c7:172.17.0.2:33153, 23f52161-4d0b-4057-9580-ae17c3abe8f9:172.17.0.2:33835, 826f2dd8-5b44-4231-95cf-b9c87eb33eaf:172.17.0.2:37049], old=null, confs=<EMPTY_MAP>
2020-07-08 14:10:09,160 [pool-63-thread-1] INFO  server.RaftServerConfigKeys (ConfUtils.java:logGet(44)) - raft.server.storage.dir = [/github/workspace/mnt/ozone/hadoop-ozone/integration-test/target/test-dir/MiniOzoneClusterImpl-32bd3365-c0fa-4882-bde6-5b86600e32bb/datanode-2/data/ratis] (custom)
2020-07-08 14:10:09,160 [pool-63-thread-1] INFO  server.RaftServerConfigKeys (ConfUtils.java:logGet(44)) - raft.server.log.corruption.policy = EXCEPTION (default)
2020-07-08 14:10:09,160 [pool-63-thread-1] INFO  storage.RaftStorageDirectory (RaftStorageDirectory.java:analyzeStorage(261)) - The storage directory /github/workspace/mnt/ozone/hadoop-ozone/integration-test/target/test-dir/MiniOzoneClusterImpl-32bd3365-c0fa-4882-bde6-5b86600e32bb/datanode-2/data/ratis/3dd271a5-29c8-4646-bc98-2907d62b86d8 does not exist. Creating ...
2020-07-08 14:10:09,163 [pool-63-thread-1] INFO  storage.RaftStorageDirectory (RaftStorageDirectory.java:tryLock(343)) - Lock on /github/workspace/mnt/ozone/hadoop-ozone/integration-test/target/test-dir/MiniOzoneClusterImpl-32bd3365-c0fa-4882-bde6-5b86600e32bb/datanode-2/data/ratis/3dd271a5-29c8-4646-bc98-2907d62b86d8/in_use.lock acquired by nodename 40207@fa59273552ea
2020-07-08 14:10:09,167 [pool-63-thread-1] INFO  storage.RaftStorage (RaftStorage.java:format(84)) - Storage directory /github/workspace/mnt/ozone/hadoop-ozone/integration-test/target/test-dir/MiniOzoneClusterImpl-32bd3365-c0fa-4882-bde6-5b86600e32bb/datanode-2/data/ratis/3dd271a5-29c8-4646-bc98-2907d62b86d8 has been successfully formatted.
2020-07-08 14:10:09,169 [pool-63-thread-1] INFO  ratis.ContainerStateMachine (ContainerStateMachine.java:loadSnapshot(225)) - group-2907D62B86D8: The snapshot info is null. Setting the last applied indexto:(t:0, i:~)
2020-07-08 14:10:09,169 [pool-63-thread-1] INFO  server.RaftServerConfigKeys (ConfUtils.java:logGet(44)) - raft.server.notification.no-leader.timeout = 60s (default)
2020-07-08 14:10:09,169 [pool-63-thread-1] INFO  server.RaftServerConfigKeys (ConfUtils.java:logGet(44)) - raft.server.log.use.memory = false (default)
2020-07-08 14:10:09,169 [pool-63-thread-1] INFO  server.RaftServerConfigKeys (ConfUtils.java:logGet(44)) - raft.server.log.purge.gap = 1000000 (custom)
2020-07-08 14:10:09,169 [pool-63-thread-1] INFO  server.RaftServerConfigKeys (ConfUtils.java:logGet(44)) - raft.server.log.appender.buffer.byte-limit = 33554432 (custom)
2020-07-08 14:10:09,169 [pool-63-thread-1] INFO  server.RaftServerConfigKeys (ConfUtils.java:logGet(44)) - raft.server.log.segment.size.max = 1048576 (custom)
2020-07-08 14:10:09,169 [pool-63-thread-1] INFO  metrics.RatisMetrics (RatisMetrics.java:lambda$create$0(36)) - Creating Metrics Registry : ratis.log_worker.826f2dd8-5b44-4231-95cf-b9c87eb33eaf@group-2907D62B86D8
2020-07-08 14:10:09,170 [pool-63-thread-1] INFO  server.RaftServerConfigKeys (ConfUtils.java:logGet(44)) - raft.server.log.segment.cache.num.max = 2 (custom)
2020-07-08 14:10:09,170 [pool-63-thread-1] INFO  segmented.SegmentedRaftLogWorker (SegmentedRaftLogWorker.java:<init>(180)) - new 826f2dd8-5b44-4231-95cf-b9c87eb33eaf@group-2907D62B86D8-SegmentedRaftLogWorker for RaftStorage:Storage Directory /github/workspace/mnt/ozone/hadoop-ozone/integration-test/target/test-dir/MiniOzoneClusterImpl-32bd3365-c0fa-4882-bde6-5b86600e32bb/datanode-2/data/ratis/3dd271a5-29c8-4646-bc98-2907d62b86d8
2020-07-08 14:10:09,170 [pool-63-thread-1] INFO  server.RaftServerConfigKeys (ConfUtils.java:logGet(44)) - raft.server.log.queue.byte-limit = 2147483647 (custom)
2020-07-08 14:10:09,170 [pool-63-thread-1] INFO  server.RaftServerConfigKeys (ConfUtils.java:logGet(44)) - raft.server.log.queue.element-limit = 1024 (custom)
2020-07-08 14:10:09,170 [pool-63-thread-1] INFO  server.RaftServerConfigKeys (ConfUtils.java:logGet(44)) - raft.server.log.segment.size.max = 1048576 (custom)
2020-07-08 14:10:09,170 [pool-63-thread-1] INFO  server.RaftServerConfigKeys (ConfUtils.java:logGet(44)) - raft.server.log.preallocated.size = 16384 (custom)
2020-07-08 14:10:09,170 [pool-63-thread-1] INFO  server.RaftServerConfigKeys (ConfUtils.java:logGet(44)) - raft.server.log.write.buffer.size = 1048576 (custom)
2020-07-08 14:10:09,170 [pool-63-thread-1] INFO  server.RaftServerConfigKeys (ConfUtils.java:logGet(44)) - raft.server.log.force.sync.num = 128 (default)
2020-07-08 14:10:09,170 [pool-63-thread-1] INFO  server.RaftServerConfigKeys (ConfUtils.java:logGet(44)) - raft.server.log.statemachine.data.sync = true (default)
2020-07-08 14:10:09,170 [pool-63-thread-1] INFO  server.RaftServerConfigKeys (ConfUtils.java:logGet(44)) - raft.server.log.statemachine.data.sync.timeout = 10s (default)
2020-07-08 14:10:09,170 [pool-63-thread-1] INFO  server.RaftServerConfigKeys (ConfUtils.java:logGet(44)) - raft.server.log.statemachine.data.sync.timeout.retry = -1 (default)
2020-07-08 14:10:09,174 [pool-63-thread-1] INFO  server.RaftServerConfigKeys (ConfUtils.java:logGet(44)) - raft.server.log.statemachine.data.caching.enabled = true (custom)
2020-07-08 14:10:09,174 [pool-63-thread-1] INFO  segmented.SegmentedRaftLogWorker (SegmentedRaftLogWorker.java:lambda$new$0(129)) - 826f2dd8-5b44-4231-95cf-b9c87eb33eaf@group-2907D62B86D8-SegmentedRaftLogWorker: flushIndex: setUnconditionally 0 -> -1
2020-07-08 14:10:09,174 [pool-63-thread-1] INFO  segmented.SegmentedRaftLogWorker (SegmentedRaftLogWorker.java:lambda$new$0(129)) - 826f2dd8-5b44-4231-95cf-b9c87eb33eaf@group-2907D62B86D8-SegmentedRaftLogWorker: safeCacheEvictIndex: setUnconditionally 0 -> -1
2020-07-08 14:10:09,174 [Command processor thread] INFO  impl.RaftServerProxy (RaftServerProxy.java:addNew(89)) - 1beaea03-3085-41d3-a7f9-4c54f70b633b: addNew group-77716E955746:[1beaea03-3085-41d3-a7f9-4c54f70b633b:172.17.0.2:38777] returns group-77716E955746:java.util.concurrent.CompletableFuture@54fed22b[Not completed]
2020-07-08 14:10:09,175 [pool-78-thread-1] INFO  impl.RaftServerImpl (RaftServerImpl.java:<init>(99)) - 1beaea03-3085-41d3-a7f9-4c54f70b633b: new RaftServerImpl for group-77716E955746:[1beaea03-3085-41d3-a7f9-4c54f70b633b:172.17.0.2:38777] with ContainerStateMachine:uninitialized
2020-07-08 14:10:09,176 [pool-63-thread-1] INFO  server.RaftServerConfigKeys (ConfUtils.java:logGet(44)) - raft.server.snapshot.auto.trigger.enabled = true (custom)
2020-07-08 14:10:09,176 [pool-63-thread-1] INFO  server.RaftServerConfigKeys (ConfUtils.java:logGet(44)) - raft.server.snapshot.auto.trigger.threshold = 1 (custom)
2020-07-08 14:10:09,176 [pool-63-thread-1] INFO  server.RaftServerConfigKeys (ConfUtils.java:logGet(44)) - raft.server.snapshot.retention.file.num = 5 (custom)
2020-07-08 14:10:09,176 [pool-63-thread-1] INFO  server.RaftServerConfigKeys (ConfUtils.java:logGet(44)) - raft.server.log.purge.upto.snapshot.index = false (default)
2020-07-08 14:10:09,176 [pool-63-thread-1] INFO  server.RaftServerConfigKeys (ConfUtils.java:logGet(44)) - raft.server.retrycache.expirytime = 600000ms (custom)
2020-07-08 14:10:09,176 [pool-63-thread-1] INFO  metrics.RatisMetrics (RatisMetrics.java:lambda$create$0(36)) - Creating Metrics Registry : ratis.leader_election.826f2dd8-5b44-4231-95cf-b9c87eb33eaf@group-2907D62B86D8
2020-07-08 14:10:09,189 [pool-63-thread-1] INFO  metrics.RatisMetrics (RatisMetrics.java:lambda$create$0(36)) - Creating Metrics Registry : ratis.server.826f2dd8-5b44-4231-95cf-b9c87eb33eaf@group-2907D62B86D8
2020-07-08 14:10:09,190 [pool-63-thread-1] INFO  impl.RaftServerImpl (RaftServerImpl.java:start(186)) - 826f2dd8-5b44-4231-95cf-b9c87eb33eaf@group-2907D62B86D8: start as a follower, conf=-1: [777a0c97-fe03-4145-8875-90750d7699c7:172.17.0.2:33153, 23f52161-4d0b-4057-9580-ae17c3abe8f9:172.17.0.2:33835, 826f2dd8-5b44-4231-95cf-b9c87eb33eaf:172.17.0.2:37049], old=null
2020-07-08 14:10:09,190 [pool-63-thread-1] INFO  impl.RaftServerImpl (RaftServerImpl.java:setRole(175)) - 826f2dd8-5b44-4231-95cf-b9c87eb33eaf@group-2907D62B86D8: changes role from      null to FOLLOWER at term 0 for startAsFollower
2020-07-08 14:10:09,190 [pool-63-thread-1] INFO  impl.RoleInfo (RoleInfo.java:updateAndGet(143)) - 826f2dd8-5b44-4231-95cf-b9c87eb33eaf: start FollowerState
2020-07-08 14:10:09,190 [pool-78-thread-1] INFO  server.RaftServerConfigKeys (ConfUtils.java:logGet(44)) - raft.server.rpc.timeout.min = 5s (custom)
2020-07-08 14:10:09,190 [pool-78-thread-1] INFO  server.RaftServerConfigKeys (ConfUtils.java:logGet(44)) - raft.server.rpc.timeout.max = 5200ms (custom)
2020-07-08 14:10:09,190 [pool-78-thread-1] INFO  server.RaftServerConfigKeys (ConfUtils.java:logGet(44)) - raft.server.rpcslowness.timeout = 300000ms (custom)
2020-07-08 14:10:09,190 [pool-78-thread-1] INFO  server.RaftServerConfigKeys (ConfUtils.java:logGet(44)) - raft.server.sleep.deviation.threshold = 300 (default)
2020-07-08 14:10:09,190 [pool-78-thread-1] INFO  server.RaftServerConfigKeys (ConfUtils.java:logGet(44)) - raft.server.log.appender.install.snapshot.enabled = false (custom)
2020-07-08 14:10:09,190 [pool-78-thread-1] INFO  impl.RaftServerImpl (ServerState.java:<init>(103)) - 1beaea03-3085-41d3-a7f9-4c54f70b633b@group-77716E955746: ConfigurationManager, init=-1: [1beaea03-3085-41d3-a7f9-4c54f70b633b:172.17.0.2:38777], old=null, confs=<EMPTY_MAP>
2020-07-08 14:10:09,191 [pool-78-thread-1] INFO  server.RaftServerConfigKeys (ConfUtils.java:logGet(44)) - raft.server.storage.dir = [/github/workspace/mnt/ozone/hadoop-ozone/integration-test/target/test-dir/MiniOzoneClusterImpl-32bd3365-c0fa-4882-bde6-5b86600e32bb/datanode-3/data/ratis] (custom)
2020-07-08 14:10:09,191 [pool-78-thread-1] INFO  server.RaftServerConfigKeys (ConfUtils.java:logGet(44)) - raft.server.log.corruption.policy = EXCEPTION (default)
2020-07-08 14:10:09,191 [pool-78-thread-1] INFO  storage.RaftStorageDirectory (RaftStorageDirectory.java:analyzeStorage(261)) - The storage directory /github/workspace/mnt/ozone/hadoop-ozone/integration-test/target/test-dir/MiniOzoneClusterImpl-32bd3365-c0fa-4882-bde6-5b86600e32bb/datanode-3/data/ratis/0ed8c8c9-80b4-4598-939b-77716e955746 does not exist. Creating ...
2020-07-08 14:10:09,192 [pool-63-thread-1] INFO  util.JmxRegister (JmxRegister.java:tryRegister(44)) - Successfully registered JMX Bean with object name Ratis:service=RaftServer,group=group-2907D62B86D8,id=826f2dd8-5b44-4231-95cf-b9c87eb33eaf
2020-07-08 14:10:09,193 [pool-63-thread-1] INFO  metrics.RatisMetrics (RatisMetrics.java:lambda$create$0(36)) - Creating Metrics Registry : ratis.state_machine.826f2dd8-5b44-4231-95cf-b9c87eb33eaf@group-2907D62B86D8
2020-07-08 14:10:09,192 [pool-78-thread-1] INFO  storage.RaftStorageDirectory (RaftStorageDirectory.java:tryLock(343)) - Lock on /github/workspace/mnt/ozone/hadoop-ozone/integration-test/target/test-dir/MiniOzoneClusterImpl-32bd3365-c0fa-4882-bde6-5b86600e32bb/datanode-3/data/ratis/0ed8c8c9-80b4-4598-939b-77716e955746/in_use.lock acquired by nodename 40207@fa59273552ea
2020-07-08 14:10:09,196 [pool-78-thread-1] INFO  storage.RaftStorage (RaftStorage.java:format(84)) - Storage directory /github/workspace/mnt/ozone/hadoop-ozone/integration-test/target/test-dir/MiniOzoneClusterImpl-32bd3365-c0fa-4882-bde6-5b86600e32bb/datanode-3/data/ratis/0ed8c8c9-80b4-4598-939b-77716e955746 has been successfully formatted.
2020-07-08 14:10:09,196 [pool-78-thread-1] INFO  ratis.ContainerStateMachine (ContainerStateMachine.java:loadSnapshot(225)) - group-77716E955746: The snapshot info is null. Setting the last applied indexto:(t:0, i:~)
2020-07-08 14:10:09,196 [pool-78-thread-1] INFO  server.RaftServerConfigKeys (ConfUtils.java:logGet(44)) - raft.server.notification.no-leader.timeout = 60s (default)
2020-07-08 14:10:09,196 [pool-78-thread-1] INFO  server.RaftServerConfigKeys (ConfUtils.java:logGet(44)) - raft.server.log.use.memory = false (default)
2020-07-08 14:10:09,196 [pool-78-thread-1] INFO  server.RaftServerConfigKeys (ConfUtils.java:logGet(44)) - raft.server.log.purge.gap = 1000000 (custom)
2020-07-08 14:10:09,196 [pool-78-thread-1] INFO  server.RaftServerConfigKeys (ConfUtils.java:logGet(44)) - raft.server.log.appender.buffer.byte-limit = 33554432 (custom)
2020-07-08 14:10:09,196 [pool-78-thread-1] INFO  server.RaftServerConfigKeys (ConfUtils.java:logGet(44)) - raft.server.log.segment.size.max = 1048576 (custom)
2020-07-08 14:10:09,196 [pool-78-thread-1] INFO  metrics.RatisMetrics (RatisMetrics.java:lambda$create$0(36)) - Creating Metrics Registry : ratis.log_worker.1beaea03-3085-41d3-a7f9-4c54f70b633b@group-77716E955746
2020-07-08 14:10:09,196 [pool-78-thread-1] INFO  server.RaftServerConfigKeys (ConfUtils.java:logGet(44)) - raft.server.log.segment.cache.num.max = 2 (custom)
2020-07-08 14:10:09,197 [pool-78-thread-1] INFO  segmented.SegmentedRaftLogWorker (SegmentedRaftLogWorker.java:<init>(180)) - new 1beaea03-3085-41d3-a7f9-4c54f70b633b@group-77716E955746-SegmentedRaftLogWorker for RaftStorage:Storage Directory /github/workspace/mnt/ozone/hadoop-ozone/integration-test/target/test-dir/MiniOzoneClusterImpl-32bd3365-c0fa-4882-bde6-5b86600e32bb/datanode-3/data/ratis/0ed8c8c9-80b4-4598-939b-77716e955746
2020-07-08 14:10:09,197 [pool-78-thread-1] INFO  server.RaftServerConfigKeys (ConfUtils.java:logGet(44)) - raft.server.log.queue.byte-limit = 2147483647 (custom)
2020-07-08 14:10:09,197 [pool-78-thread-1] INFO  server.RaftServerConfigKeys (ConfUtils.java:logGet(44)) - raft.server.log.queue.element-limit = 1024 (custom)
2020-07-08 14:10:09,197 [pool-78-thread-1] INFO  server.RaftServerConfigKeys (ConfUtils.java:logGet(44)) - raft.server.log.segment.size.max = 1048576 (custom)
2020-07-08 14:10:09,197 [pool-78-thread-1] INFO  server.RaftServerConfigKeys (ConfUtils.java:logGet(44)) - raft.server.log.preallocated.size = 16384 (custom)
2020-07-08 14:10:09,197 [pool-78-thread-1] INFO  server.RaftServerConfigKeys (ConfUtils.java:logGet(44)) - raft.server.log.write.buffer.size = 1048576 (custom)
2020-07-08 14:10:09,197 [pool-78-thread-1] INFO  server.RaftServerConfigKeys (ConfUtils.java:logGet(44)) - raft.server.log.force.sync.num = 128 (default)
2020-07-08 14:10:09,197 [pool-78-thread-1] INFO  server.RaftServerConfigKeys (ConfUtils.java:logGet(44)) - raft.server.log.statemachine.data.sync = true (default)
2020-07-08 14:10:09,197 [pool-78-thread-1] INFO  server.RaftServerConfigKeys (ConfUtils.java:logGet(44)) - raft.server.log.statemachine.data.sync.timeout = 10s (default)
2020-07-08 14:10:09,197 [pool-78-thread-1] INFO  server.RaftServerConfigKeys (ConfUtils.java:logGet(44)) - raft.server.log.statemachine.data.sync.timeout.retry = -1 (default)
2020-07-08 14:10:09,199 [pool-78-thread-1] INFO  server.RaftServerConfigKeys (ConfUtils.java:logGet(44)) - raft.server.log.statemachine.data.caching.enabled = true (custom)
2020-07-08 14:10:09,199 [pool-78-thread-1] INFO  segmented.SegmentedRaftLogWorker (SegmentedRaftLogWorker.java:lambda$new$0(129)) - 1beaea03-3085-41d3-a7f9-4c54f70b633b@group-77716E955746-SegmentedRaftLogWorker: flushIndex: setUnconditionally 0 -> -1
2020-07-08 14:10:09,199 [pool-78-thread-1] INFO  segmented.SegmentedRaftLogWorker (SegmentedRaftLogWorker.java:lambda$new$0(129)) - 1beaea03-3085-41d3-a7f9-4c54f70b633b@group-77716E955746-SegmentedRaftLogWorker: safeCacheEvictIndex: setUnconditionally 0 -> -1
2020-07-08 14:10:09,202 [EventQueue-PipelineReportForPipelineReportHandler] INFO  pipeline.PipelineStateManager (PipelineStateManager.java:openPipeline(131)) - Pipeline Pipeline[ Id: 0ed8c8c9-80b4-4598-939b-77716e955746, Nodes: 1beaea03-3085-41d3-a7f9-4c54f70b633b{ip: 172.17.0.2, host: fa59273552ea, networkLocation: /default-rack, certSerialId: null}, Type:RATIS, Factor:ONE, State:ALLOCATED, leaderId:1beaea03-3085-41d3-a7f9-4c54f70b633b, CreationTimestamp2020-07-08T14:10:06.177Z] moved to OPEN state
2020-07-08 14:10:09,202 [EventQueue-OpenPipelineForOneReplicaPipelineSafeModeRule] INFO  safemode.SCMSafeModeManager (SCMSafeModeManager.java:validateSafeModeExitRules(214)) - AtleastOneDatanodeReportedRule rule is successfully validated
2020-07-08 14:10:09,202 [EventQueue-OpenPipelineForHealthyPipelineSafeModeRule] INFO  safemode.SCMSafeModeManager (HealthyPipelineSafeModeRule.java:process(129)) - SCM in safe mode. Healthy pipelines reported count is 0, required healthy pipeline reported count is 1
2020-07-08 14:10:09,213 [pool-78-thread-1] INFO  server.RaftServerConfigKeys (ConfUtils.java:logGet(44)) - raft.server.snapshot.auto.trigger.enabled = true (custom)
2020-07-08 14:10:09,213 [pool-78-thread-1] INFO  server.RaftServerConfigKeys (ConfUtils.java:logGet(44)) - raft.server.snapshot.auto.trigger.threshold = 1 (custom)
2020-07-08 14:10:09,213 [pool-78-thread-1] INFO  server.RaftServerConfigKeys (ConfUtils.java:logGet(44)) - raft.server.snapshot.retention.file.num = 5 (custom)
2020-07-08 14:10:09,213 [pool-78-thread-1] INFO  server.RaftServerConfigKeys (ConfUtils.java:logGet(44)) - raft.server.log.purge.upto.snapshot.index = false (default)
2020-07-08 14:10:09,213 [pool-78-thread-1] INFO  server.RaftServerConfigKeys (ConfUtils.java:logGet(44)) - raft.server.retrycache.expirytime = 600000ms (custom)
2020-07-08 14:10:09,213 [pool-78-thread-1] INFO  metrics.RatisMetrics (RatisMetrics.java:lambda$create$0(36)) - Creating Metrics Registry : ratis.leader_election.1beaea03-3085-41d3-a7f9-4c54f70b633b@group-77716E955746
2020-07-08 14:10:09,214 [pool-78-thread-1] INFO  metrics.RatisMetrics (RatisMetrics.java:lambda$create$0(36)) - Creating Metrics Registry : ratis.server.1beaea03-3085-41d3-a7f9-4c54f70b633b@group-77716E955746
2020-07-08 14:10:09,215 [pool-78-thread-1] INFO  impl.RaftServerImpl (RaftServerImpl.java:start(186)) - 1beaea03-3085-41d3-a7f9-4c54f70b633b@group-77716E955746: start as a follower, conf=-1: [1beaea03-3085-41d3-a7f9-4c54f70b633b:172.17.0.2:38777], old=null
2020-07-08 14:10:09,215 [pool-78-thread-1] INFO  impl.RaftServerImpl (RaftServerImpl.java:setRole(175)) - 1beaea03-3085-41d3-a7f9-4c54f70b633b@group-77716E955746: changes role from      null to FOLLOWER at term 0 for startAsFollower
2020-07-08 14:10:09,215 [pool-78-thread-1] INFO  impl.RoleInfo (RoleInfo.java:updateAndGet(143)) - 1beaea03-3085-41d3-a7f9-4c54f70b633b: start FollowerState
2020-07-08 14:10:09,217 [pool-78-thread-1] INFO  util.JmxRegister (JmxRegister.java:tryRegister(44)) - Successfully registered JMX Bean with object name Ratis:service=RaftServer,group=group-77716E955746,id=1beaea03-3085-41d3-a7f9-4c54f70b633b
2020-07-08 14:10:09,217 [pool-78-thread-1] INFO  metrics.RatisMetrics (RatisMetrics.java:lambda$create$0(36)) - Creating Metrics Registry : ratis.state_machine.1beaea03-3085-41d3-a7f9-4c54f70b633b@group-77716E955746
2020-07-08 14:10:09,218 [Command processor thread] INFO  commandhandler.CreatePipelineCommandHandler (CreatePipelineCommandHandler.java:handle(109)) - Created Pipeline RATIS ONE #id: "0ed8c8c9-80b4-4598-939b-77716e955746"
uuid128 {
  mostSigBits: 1069825679273772440
  leastSigBits: -7810517799673702586
}
.
2020-07-08 14:10:09,219 [Command processor thread] INFO  impl.RaftServerProxy (RaftServerProxy.java:addNew(89)) - 1beaea03-3085-41d3-a7f9-4c54f70b633b: addNew group-85823D3FCDD2:[f826a808-1191-49e1-9c45-32a2a6ec2e98:172.17.0.2:38585, 1beaea03-3085-41d3-a7f9-4c54f70b633b:172.17.0.2:38777, d017e2c5-c92e-4431-be88-95bb161f4165:172.17.0.2:46205] returns group-85823D3FCDD2:java.util.concurrent.CompletableFuture@50c15c6c[Not completed]
2020-07-08 14:10:09,220 [pool-78-thread-1] INFO  impl.RaftServerImpl (RaftServerImpl.java:<init>(99)) - 1beaea03-3085-41d3-a7f9-4c54f70b633b: new RaftServerImpl for group-85823D3FCDD2:[f826a808-1191-49e1-9c45-32a2a6ec2e98:172.17.0.2:38585, 1beaea03-3085-41d3-a7f9-4c54f70b633b:172.17.0.2:38777, d017e2c5-c92e-4431-be88-95bb161f4165:172.17.0.2:46205] with ContainerStateMachine:uninitialized
2020-07-08 14:10:09,220 [pool-78-thread-1] INFO  server.RaftServerConfigKeys (ConfUtils.java:logGet(44)) - raft.server.rpc.timeout.min = 5s (custom)
2020-07-08 14:10:09,221 [pool-78-thread-1] INFO  server.RaftServerConfigKeys (ConfUtils.java:logGet(44)) - raft.server.rpc.timeout.max = 5200ms (custom)
2020-07-08 14:10:09,221 [pool-78-thread-1] INFO  server.RaftServerConfigKeys (ConfUtils.java:logGet(44)) - raft.server.rpcslowness.timeout = 300000ms (custom)
2020-07-08 14:10:09,221 [pool-78-thread-1] INFO  server.RaftServerConfigKeys (ConfUtils.java:logGet(44)) - raft.server.sleep.deviation.threshold = 300 (default)
2020-07-08 14:10:09,221 [pool-78-thread-1] INFO  server.RaftServerConfigKeys (ConfUtils.java:logGet(44)) - raft.server.log.appender.install.snapshot.enabled = false (custom)
2020-07-08 14:10:09,221 [pool-78-thread-1] INFO  impl.RaftServerImpl (ServerState.java:<init>(103)) - 1beaea03-3085-41d3-a7f9-4c54f70b633b@group-85823D3FCDD2: ConfigurationManager, init=-1: [f826a808-1191-49e1-9c45-32a2a6ec2e98:172.17.0.2:38585, 1beaea03-3085-41d3-a7f9-4c54f70b633b:172.17.0.2:38777, d017e2c5-c92e-4431-be88-95bb161f4165:172.17.0.2:46205], old=null, confs=<EMPTY_MAP>
2020-07-08 14:10:09,221 [pool-78-thread-1] INFO  server.RaftServerConfigKeys (ConfUtils.java:logGet(44)) - raft.server.storage.dir = [/github/workspace/mnt/ozone/hadoop-ozone/integration-test/target/test-dir/MiniOzoneClusterImpl-32bd3365-c0fa-4882-bde6-5b86600e32bb/datanode-3/data/ratis] (custom)
2020-07-08 14:10:09,221 [pool-78-thread-1] INFO  server.RaftServerConfigKeys (ConfUtils.java:logGet(44)) - raft.server.log.corruption.policy = EXCEPTION (default)
2020-07-08 14:10:09,221 [pool-78-thread-1] INFO  storage.RaftStorageDirectory (RaftStorageDirectory.java:analyzeStorage(261)) - The storage directory /github/workspace/mnt/ozone/hadoop-ozone/integration-test/target/test-dir/MiniOzoneClusterImpl-32bd3365-c0fa-4882-bde6-5b86600e32bb/datanode-3/data/ratis/1c6d60c1-5f73-4316-b62f-85823d3fcdd2 does not exist. Creating ...
2020-07-08 14:10:09,224 [pool-78-thread-1] INFO  storage.RaftStorageDirectory (RaftStorageDirectory.java:tryLock(343)) - Lock on /github/workspace/mnt/ozone/hadoop-ozone/integration-test/target/test-dir/MiniOzoneClusterImpl-32bd3365-c0fa-4882-bde6-5b86600e32bb/datanode-3/data/ratis/1c6d60c1-5f73-4316-b62f-85823d3fcdd2/in_use.lock acquired by nodename 40207@fa59273552ea
2020-07-08 14:10:09,225 [pool-78-thread-1] INFO  storage.RaftStorage (RaftStorage.java:format(84)) - Storage directory /github/workspace/mnt/ozone/hadoop-ozone/integration-test/target/test-dir/MiniOzoneClusterImpl-32bd3365-c0fa-4882-bde6-5b86600e32bb/datanode-3/data/ratis/1c6d60c1-5f73-4316-b62f-85823d3fcdd2 has been successfully formatted.
2020-07-08 14:10:09,226 [pool-78-thread-1] INFO  ratis.ContainerStateMachine (ContainerStateMachine.java:loadSnapshot(225)) - group-85823D3FCDD2: The snapshot info is null. Setting the last applied indexto:(t:0, i:~)
2020-07-08 14:10:09,226 [pool-78-thread-1] INFO  server.RaftServerConfigKeys (ConfUtils.java:logGet(44)) - raft.server.notification.no-leader.timeout = 60s (default)
2020-07-08 14:10:09,226 [pool-78-thread-1] INFO  server.RaftServerConfigKeys (ConfUtils.java:logGet(44)) - raft.server.log.use.memory = false (default)
2020-07-08 14:10:09,226 [pool-78-thread-1] INFO  server.RaftServerConfigKeys (ConfUtils.java:logGet(44)) - raft.server.log.purge.gap = 1000000 (custom)
2020-07-08 14:10:09,227 [pool-78-thread-1] INFO  server.RaftServerConfigKeys (ConfUtils.java:logGet(44)) - raft.server.log.appender.buffer.byte-limit = 33554432 (custom)
2020-07-08 14:10:09,227 [pool-78-thread-1] INFO  server.RaftServerConfigKeys (ConfUtils.java:logGet(44)) - raft.server.log.segment.size.max = 1048576 (custom)
2020-07-08 14:10:09,227 [pool-78-thread-1] INFO  metrics.RatisMetrics (RatisMetrics.java:lambda$create$0(36)) - Creating Metrics Registry : ratis.log_worker.1beaea03-3085-41d3-a7f9-4c54f70b633b@group-85823D3FCDD2
2020-07-08 14:10:09,227 [pool-78-thread-1] INFO  server.RaftServerConfigKeys (ConfUtils.java:logGet(44)) - raft.server.log.segment.cache.num.max = 2 (custom)
2020-07-08 14:10:09,227 [pool-78-thread-1] INFO  segmented.SegmentedRaftLogWorker (SegmentedRaftLogWorker.java:<init>(180)) - new 1beaea03-3085-41d3-a7f9-4c54f70b633b@group-85823D3FCDD2-SegmentedRaftLogWorker for RaftStorage:Storage Directory /github/workspace/mnt/ozone/hadoop-ozone/integration-test/target/test-dir/MiniOzoneClusterImpl-32bd3365-c0fa-4882-bde6-5b86600e32bb/datanode-3/data/ratis/1c6d60c1-5f73-4316-b62f-85823d3fcdd2
2020-07-08 14:10:09,227 [pool-78-thread-1] INFO  server.RaftServerConfigKeys (ConfUtils.java:logGet(44)) - raft.server.log.queue.byte-limit = 2147483647 (custom)
2020-07-08 14:10:09,227 [pool-78-thread-1] INFO  server.RaftServerConfigKeys (ConfUtils.java:logGet(44)) - raft.server.log.queue.element-limit = 1024 (custom)
2020-07-08 14:10:09,227 [pool-78-thread-1] INFO  server.RaftServerConfigKeys (ConfUtils.java:logGet(44)) - raft.server.log.segment.size.max = 1048576 (custom)
2020-07-08 14:10:09,227 [pool-78-thread-1] INFO  server.RaftServerConfigKeys (ConfUtils.java:logGet(44)) - raft.server.log.preallocated.size = 16384 (custom)
2020-07-08 14:10:09,227 [pool-78-thread-1] INFO  server.RaftServerConfigKeys (ConfUtils.java:logGet(44)) - raft.server.log.write.buffer.size = 1048576 (custom)
2020-07-08 14:10:09,228 [pool-78-thread-1] INFO  server.RaftServerConfigKeys (ConfUtils.java:logGet(44)) - raft.server.log.force.sync.num = 128 (default)
2020-07-08 14:10:09,228 [pool-78-thread-1] INFO  server.RaftServerConfigKeys (ConfUtils.java:logGet(44)) - raft.server.log.statemachine.data.sync = true (default)
2020-07-08 14:10:09,228 [pool-78-thread-1] INFO  server.RaftServerConfigKeys (ConfUtils.java:logGet(44)) - raft.server.log.statemachine.data.sync.timeout = 10s (default)
2020-07-08 14:10:09,228 [pool-78-thread-1] INFO  server.RaftServerConfigKeys (ConfUtils.java:logGet(44)) - raft.server.log.statemachine.data.sync.timeout.retry = -1 (default)
2020-07-08 14:10:09,230 [pool-78-thread-1] INFO  server.RaftServerConfigKeys (ConfUtils.java:logGet(44)) - raft.server.log.statemachine.data.caching.enabled = true (custom)
2020-07-08 14:10:09,230 [pool-78-thread-1] INFO  segmented.SegmentedRaftLogWorker (SegmentedRaftLogWorker.java:lambda$new$0(129)) - 1beaea03-3085-41d3-a7f9-4c54f70b633b@group-85823D3FCDD2-SegmentedRaftLogWorker: flushIndex: setUnconditionally 0 -> -1
2020-07-08 14:10:09,233 [pool-78-thread-1] INFO  segmented.SegmentedRaftLogWorker (SegmentedRaftLogWorker.java:lambda$new$0(129)) - 1beaea03-3085-41d3-a7f9-4c54f70b633b@group-85823D3FCDD2-SegmentedRaftLogWorker: safeCacheEvictIndex: setUnconditionally 0 -> -1
2020-07-08 14:10:09,256 [pool-78-thread-1] INFO  server.RaftServerConfigKeys (ConfUtils.java:logGet(44)) - raft.server.snapshot.auto.trigger.enabled = true (custom)
2020-07-08 14:10:09,256 [pool-78-thread-1] INFO  server.RaftServerConfigKeys (ConfUtils.java:logGet(44)) - raft.server.snapshot.auto.trigger.threshold = 1 (custom)
2020-07-08 14:10:09,256 [pool-78-thread-1] INFO  server.RaftServerConfigKeys (ConfUtils.java:logGet(44)) - raft.server.snapshot.retention.file.num = 5 (custom)
2020-07-08 14:10:09,256 [pool-78-thread-1] INFO  server.RaftServerConfigKeys (ConfUtils.java:logGet(44)) - raft.server.log.purge.upto.snapshot.index = false (default)
2020-07-08 14:10:09,256 [pool-78-thread-1] INFO  server.RaftServerConfigKeys (ConfUtils.java:logGet(44)) - raft.server.retrycache.expirytime = 600000ms (custom)
2020-07-08 14:10:09,256 [pool-78-thread-1] INFO  metrics.RatisMetrics (RatisMetrics.java:lambda$create$0(36)) - Creating Metrics Registry : ratis.leader_election.1beaea03-3085-41d3-a7f9-4c54f70b633b@group-85823D3FCDD2
2020-07-08 14:10:09,257 [pool-78-thread-1] INFO  metrics.RatisMetrics (RatisMetrics.java:lambda$create$0(36)) - Creating Metrics Registry : ratis.server.1beaea03-3085-41d3-a7f9-4c54f70b633b@group-85823D3FCDD2
2020-07-08 14:10:09,258 [pool-78-thread-1] INFO  impl.RaftServerImpl (RaftServerImpl.java:start(186)) - 1beaea03-3085-41d3-a7f9-4c54f70b633b@group-85823D3FCDD2: start as a follower, conf=-1: [f826a808-1191-49e1-9c45-32a2a6ec2e98:172.17.0.2:38585, 1beaea03-3085-41d3-a7f9-4c54f70b633b:172.17.0.2:38777, d017e2c5-c92e-4431-be88-95bb161f4165:172.17.0.2:46205], old=null
2020-07-08 14:10:09,258 [pool-78-thread-1] INFO  impl.RaftServerImpl (RaftServerImpl.java:setRole(175)) - 1beaea03-3085-41d3-a7f9-4c54f70b633b@group-85823D3FCDD2: changes role from      null to FOLLOWER at term 0 for startAsFollower
2020-07-08 14:10:09,258 [pool-78-thread-1] INFO  impl.RoleInfo (RoleInfo.java:updateAndGet(143)) - 1beaea03-3085-41d3-a7f9-4c54f70b633b: start FollowerState
2020-07-08 14:10:09,265 [pool-78-thread-1] INFO  util.JmxRegister (JmxRegister.java:tryRegister(44)) - Successfully registered JMX Bean with object name Ratis:service=RaftServer,group=group-85823D3FCDD2,id=1beaea03-3085-41d3-a7f9-4c54f70b633b
2020-07-08 14:10:09,265 [pool-78-thread-1] INFO  metrics.RatisMetrics (RatisMetrics.java:lambda$create$0(36)) - Creating Metrics Registry : ratis.state_machine.1beaea03-3085-41d3-a7f9-4c54f70b633b@group-85823D3FCDD2
2020-07-08 14:10:09,294 [Command processor thread] INFO  impl.RaftServerProxy (RaftServerProxy.java:addNew(89)) - d017e2c5-c92e-4431-be88-95bb161f4165: addNew group-2B27927FA061:[d017e2c5-c92e-4431-be88-95bb161f4165:172.17.0.2:46205] returns group-2B27927FA061:java.util.concurrent.CompletableFuture@7fccd1a8[Not completed]
2020-07-08 14:10:09,297 [pool-93-thread-1] INFO  impl.RaftServerImpl (RaftServerImpl.java:<init>(99)) - d017e2c5-c92e-4431-be88-95bb161f4165: new RaftServerImpl for group-2B27927FA061:[d017e2c5-c92e-4431-be88-95bb161f4165:172.17.0.2:46205] with ContainerStateMachine:uninitialized
2020-07-08 14:10:09,297 [pool-93-thread-1] INFO  server.RaftServerConfigKeys (ConfUtils.java:logGet(44)) - raft.server.rpc.timeout.min = 5s (custom)
2020-07-08 14:10:09,297 [pool-93-thread-1] INFO  server.RaftServerConfigKeys (ConfUtils.java:logGet(44)) - raft.server.rpc.timeout.max = 5200ms (custom)
2020-07-08 14:10:09,297 [pool-93-thread-1] INFO  server.RaftServerConfigKeys (ConfUtils.java:logGet(44)) - raft.server.rpcslowness.timeout = 300000ms (custom)
2020-07-08 14:10:09,297 [pool-93-thread-1] INFO  server.RaftServerConfigKeys (ConfUtils.java:logGet(44)) - raft.server.sleep.deviation.threshold = 300 (default)
2020-07-08 14:10:09,297 [pool-93-thread-1] INFO  server.RaftServerConfigKeys (ConfUtils.java:logGet(44)) - raft.server.log.appender.install.snapshot.enabled = false (custom)
2020-07-08 14:10:09,297 [pool-93-thread-1] INFO  impl.RaftServerImpl (ServerState.java:<init>(103)) - d017e2c5-c92e-4431-be88-95bb161f4165@group-2B27927FA061: ConfigurationManager, init=-1: [d017e2c5-c92e-4431-be88-95bb161f4165:172.17.0.2:46205], old=null, confs=<EMPTY_MAP>
2020-07-08 14:10:09,297 [pool-93-thread-1] INFO  server.RaftServerConfigKeys (ConfUtils.java:logGet(44)) - raft.server.storage.dir = [/github/workspace/mnt/ozone/hadoop-ozone/integration-test/target/test-dir/MiniOzoneClusterImpl-32bd3365-c0fa-4882-bde6-5b86600e32bb/datanode-4/data/ratis] (custom)
2020-07-08 14:10:09,298 [pool-93-thread-1] INFO  server.RaftServerConfigKeys (ConfUtils.java:logGet(44)) - raft.server.log.corruption.policy = EXCEPTION (default)
2020-07-08 14:10:09,298 [pool-93-thread-1] INFO  storage.RaftStorageDirectory (RaftStorageDirectory.java:analyzeStorage(261)) - The storage directory /github/workspace/mnt/ozone/hadoop-ozone/integration-test/target/test-dir/MiniOzoneClusterImpl-32bd3365-c0fa-4882-bde6-5b86600e32bb/datanode-4/data/ratis/bd3655f7-7f73-479e-977c-2b27927fa061 does not exist. Creating ...
2020-07-08 14:10:09,316 [pool-93-thread-1] INFO  storage.RaftStorageDirectory (RaftStorageDirectory.java:tryLock(343)) - Lock on /github/workspace/mnt/ozone/hadoop-ozone/integration-test/target/test-dir/MiniOzoneClusterImpl-32bd3365-c0fa-4882-bde6-5b86600e32bb/datanode-4/data/ratis/bd3655f7-7f73-479e-977c-2b27927fa061/in_use.lock acquired by nodename 40207@fa59273552ea
2020-07-08 14:10:09,317 [pool-93-thread-1] INFO  storage.RaftStorage (RaftStorage.java:format(84)) - Storage directory /github/workspace/mnt/ozone/hadoop-ozone/integration-test/target/test-dir/MiniOzoneClusterImpl-32bd3365-c0fa-4882-bde6-5b86600e32bb/datanode-4/data/ratis/bd3655f7-7f73-479e-977c-2b27927fa061 has been successfully formatted.
2020-07-08 14:10:09,321 [pool-93-thread-1] INFO  ratis.ContainerStateMachine (ContainerStateMachine.java:loadSnapshot(225)) - group-2B27927FA061: The snapshot info is null. Setting the last applied indexto:(t:0, i:~)
2020-07-08 14:10:09,321 [pool-93-thread-1] INFO  server.RaftServerConfigKeys (ConfUtils.java:logGet(44)) - raft.server.notification.no-leader.timeout = 60s (default)
2020-07-08 14:10:09,321 [pool-93-thread-1] INFO  server.RaftServerConfigKeys (ConfUtils.java:logGet(44)) - raft.server.log.use.memory = false (default)
2020-07-08 14:10:09,321 [pool-93-thread-1] INFO  server.RaftServerConfigKeys (ConfUtils.java:logGet(44)) - raft.server.log.purge.gap = 1000000 (custom)
2020-07-08 14:10:09,321 [pool-93-thread-1] INFO  server.RaftServerConfigKeys (ConfUtils.java:logGet(44)) - raft.server.log.appender.buffer.byte-limit = 33554432 (custom)
2020-07-08 14:10:09,321 [pool-93-thread-1] INFO  server.RaftServerConfigKeys (ConfUtils.java:logGet(44)) - raft.server.log.segment.size.max = 1048576 (custom)
2020-07-08 14:10:09,321 [pool-93-thread-1] INFO  metrics.RatisMetrics (RatisMetrics.java:lambda$create$0(36)) - Creating Metrics Registry : ratis.log_worker.d017e2c5-c92e-4431-be88-95bb161f4165@group-2B27927FA061
2020-07-08 14:10:09,321 [pool-93-thread-1] INFO  server.RaftServerConfigKeys (ConfUtils.java:logGet(44)) - raft.server.log.segment.cache.num.max = 2 (custom)
2020-07-08 14:10:09,322 [pool-93-thread-1] INFO  segmented.SegmentedRaftLogWorker (SegmentedRaftLogWorker.java:<init>(180)) - new d017e2c5-c92e-4431-be88-95bb161f4165@group-2B27927FA061-SegmentedRaftLogWorker for RaftStorage:Storage Directory /github/workspace/mnt/ozone/hadoop-ozone/integration-test/target/test-dir/MiniOzoneClusterImpl-32bd3365-c0fa-4882-bde6-5b86600e32bb/datanode-4/data/ratis/bd3655f7-7f73-479e-977c-2b27927fa061
2020-07-08 14:10:09,322 [pool-93-thread-1] INFO  server.RaftServerConfigKeys (ConfUtils.java:logGet(44)) - raft.server.log.queue.byte-limit = 2147483647 (custom)
2020-07-08 14:10:09,322 [pool-93-thread-1] INFO  server.RaftServerConfigKeys (ConfUtils.java:logGet(44)) - raft.server.log.queue.element-limit = 1024 (custom)
2020-07-08 14:10:09,322 [pool-93-thread-1] INFO  server.RaftServerConfigKeys (ConfUtils.java:logGet(44)) - raft.server.log.segment.size.max = 1048576 (custom)
2020-07-08 14:10:09,322 [pool-93-thread-1] INFO  server.RaftServerConfigKeys (ConfUtils.java:logGet(44)) - raft.server.log.preallocated.size = 16384 (custom)
2020-07-08 14:10:09,322 [pool-93-thread-1] INFO  server.RaftServerConfigKeys (ConfUtils.java:logGet(44)) - raft.server.log.write.buffer.size = 1048576 (custom)
2020-07-08 14:10:09,322 [pool-93-thread-1] INFO  server.RaftServerConfigKeys (ConfUtils.java:logGet(44)) - raft.server.log.force.sync.num = 128 (default)
2020-07-08 14:10:09,322 [pool-93-thread-1] INFO  server.RaftServerConfigKeys (ConfUtils.java:logGet(44)) - raft.server.log.statemachine.data.sync = true (default)
2020-07-08 14:10:09,322 [pool-93-thread-1] INFO  server.RaftServerConfigKeys (ConfUtils.java:logGet(44)) - raft.server.log.statemachine.data.sync.timeout = 10s (default)
2020-07-08 14:10:09,322 [pool-93-thread-1] INFO  server.RaftServerConfigKeys (ConfUtils.java:logGet(44)) - raft.server.log.statemachine.data.sync.timeout.retry = -1 (default)
2020-07-08 14:10:09,324 [EventQueue-PipelineReportForPipelineReportHandler] INFO  pipeline.PipelineStateManager (PipelineStateManager.java:openPipeline(131)) - Pipeline Pipeline[ Id: bd3655f7-7f73-479e-977c-2b27927fa061, Nodes: d017e2c5-c92e-4431-be88-95bb161f4165{ip: 172.17.0.2, host: fa59273552ea, networkLocation: /default-rack, certSerialId: null}, Type:RATIS, Factor:ONE, State:ALLOCATED, leaderId:d017e2c5-c92e-4431-be88-95bb161f4165, CreationTimestamp2020-07-08T14:10:06.280Z] moved to OPEN state
2020-07-08 14:10:09,324 [EventQueue-OpenPipelineForOneReplicaPipelineSafeModeRule] INFO  safemode.SCMSafeModeManager (SCMSafeModeManager.java:validateSafeModeExitRules(214)) - AtleastOneDatanodeReportedRule rule is successfully validated
2020-07-08 14:10:09,324 [EventQueue-OpenPipelineForHealthyPipelineSafeModeRule] INFO  safemode.SCMSafeModeManager (HealthyPipelineSafeModeRule.java:process(129)) - SCM in safe mode. Healthy pipelines reported count is 0, required healthy pipeline reported count is 1
2020-07-08 14:10:09,325 [pool-93-thread-1] INFO  server.RaftServerConfigKeys (ConfUtils.java:logGet(44)) - raft.server.log.statemachine.data.caching.enabled = true (custom)
2020-07-08 14:10:09,325 [pool-93-thread-1] INFO  segmented.SegmentedRaftLogWorker (SegmentedRaftLogWorker.java:lambda$new$0(129)) - d017e2c5-c92e-4431-be88-95bb161f4165@group-2B27927FA061-SegmentedRaftLogWorker: flushIndex: setUnconditionally 0 -> -1
2020-07-08 14:10:09,325 [pool-93-thread-1] INFO  segmented.SegmentedRaftLogWorker (SegmentedRaftLogWorker.java:lambda$new$0(129)) - d017e2c5-c92e-4431-be88-95bb161f4165@group-2B27927FA061-SegmentedRaftLogWorker: safeCacheEvictIndex: setUnconditionally 0 -> -1
2020-07-08 14:10:09,330 [pool-93-thread-1] INFO  server.RaftServerConfigKeys (ConfUtils.java:logGet(44)) - raft.server.snapshot.auto.trigger.enabled = true (custom)
2020-07-08 14:10:09,330 [pool-93-thread-1] INFO  server.RaftServerConfigKeys (ConfUtils.java:logGet(44)) - raft.server.snapshot.auto.trigger.threshold = 1 (custom)
2020-07-08 14:10:09,330 [pool-93-thread-1] INFO  server.RaftServerConfigKeys (ConfUtils.java:logGet(44)) - raft.server.snapshot.retention.file.num = 5 (custom)
2020-07-08 14:10:09,330 [pool-93-thread-1] INFO  server.RaftServerConfigKeys (ConfUtils.java:logGet(44)) - raft.server.log.purge.upto.snapshot.index = false (default)
2020-07-08 14:10:09,330 [pool-93-thread-1] INFO  server.RaftServerConfigKeys (ConfUtils.java:logGet(44)) - raft.server.retrycache.expirytime = 600000ms (custom)
2020-07-08 14:10:09,330 [pool-93-thread-1] INFO  metrics.RatisMetrics (RatisMetrics.java:lambda$create$0(36)) - Creating Metrics Registry : ratis.leader_election.d017e2c5-c92e-4431-be88-95bb161f4165@group-2B27927FA061
2020-07-08 14:10:09,331 [pool-93-thread-1] INFO  metrics.RatisMetrics (RatisMetrics.java:lambda$create$0(36)) - Creating Metrics Registry : ratis.server.d017e2c5-c92e-4431-be88-95bb161f4165@group-2B27927FA061
2020-07-08 14:10:09,332 [pool-93-thread-1] INFO  impl.RaftServerImpl (RaftServerImpl.java:start(186)) - d017e2c5-c92e-4431-be88-95bb161f4165@group-2B27927FA061: start as a follower, conf=-1: [d017e2c5-c92e-4431-be88-95bb161f4165:172.17.0.2:46205], old=null
2020-07-08 14:10:09,332 [pool-93-thread-1] INFO  impl.RaftServerImpl (RaftServerImpl.java:setRole(175)) - d017e2c5-c92e-4431-be88-95bb161f4165@group-2B27927FA061: changes role from      null to FOLLOWER at term 0 for startAsFollower
2020-07-08 14:10:09,332 [pool-93-thread-1] INFO  impl.RoleInfo (RoleInfo.java:updateAndGet(143)) - d017e2c5-c92e-4431-be88-95bb161f4165: start FollowerState
2020-07-08 14:10:09,341 [pool-93-thread-1] INFO  util.JmxRegister (JmxRegister.java:tryRegister(44)) - Successfully registered JMX Bean with object name Ratis:service=RaftServer,group=group-2B27927FA061,id=d017e2c5-c92e-4431-be88-95bb161f4165
2020-07-08 14:10:09,341 [pool-93-thread-1] INFO  metrics.RatisMetrics (RatisMetrics.java:lambda$create$0(36)) - Creating Metrics Registry : ratis.state_machine.d017e2c5-c92e-4431-be88-95bb161f4165@group-2B27927FA061
2020-07-08 14:10:09,346 [Command processor thread] INFO  commandhandler.CreatePipelineCommandHandler (CreatePipelineCommandHandler.java:handle(109)) - Created Pipeline RATIS ONE #id: "bd3655f7-7f73-479e-977c-2b27927fa061"
uuid128 {
  mostSigBits: -4812564630315251810
  leastSigBits: -7531097027908755359
}
.
2020-07-08 14:10:09,347 [Command processor thread] INFO  impl.RaftServerProxy (RaftServerProxy.java:addNew(89)) - d017e2c5-c92e-4431-be88-95bb161f4165: addNew group-85823D3FCDD2:[f826a808-1191-49e1-9c45-32a2a6ec2e98:172.17.0.2:38585, 1beaea03-3085-41d3-a7f9-4c54f70b633b:172.17.0.2:38777, d017e2c5-c92e-4431-be88-95bb161f4165:172.17.0.2:46205] returns group-85823D3FCDD2:java.util.concurrent.CompletableFuture@7bf35a89[Not completed]
2020-07-08 14:10:09,377 [Command processor thread] INFO  impl.RaftServerProxy (RaftServerProxy.java:addNew(89)) - f826a808-1191-49e1-9c45-32a2a6ec2e98: addNew group-52AB4D538DE5:[f826a808-1191-49e1-9c45-32a2a6ec2e98:172.17.0.2:38585] returns group-52AB4D538DE5:java.util.concurrent.CompletableFuture@70125993[Not completed]
2020-07-08 14:10:09,485 [Command processor thread] INFO  impl.RaftServerProxy (RaftServerProxy.java:addNew(89)) - c28ef88f-9b25-4426-804e-afc9c4445efc: addNew group-8AE7E06557AC:[c28ef88f-9b25-4426-804e-afc9c4445efc:172.17.0.2:40607] returns group-8AE7E06557AC:java.util.concurrent.CompletableFuture@65c4c5df[Not completed]
2020-07-08 14:10:09,561 [Command processor thread] INFO  impl.RaftServerProxy (RaftServerProxy.java:addNew(89)) - 280695a2-ab39-4103-98fb-325cbc6182a1: addNew group-D5AC1BEFB0E7:[280695a2-ab39-4103-98fb-325cbc6182a1:172.17.0.2:39071] returns group-D5AC1BEFB0E7:java.util.concurrent.CompletableFuture@65c461b3[Not completed]
2020-07-08 14:10:09,635 [pool-138-thread-1] INFO  impl.RaftServerImpl (RaftServerImpl.java:<init>(99)) - 280695a2-ab39-4103-98fb-325cbc6182a1: new RaftServerImpl for group-D5AC1BEFB0E7:[280695a2-ab39-4103-98fb-325cbc6182a1:172.17.0.2:39071] with ContainerStateMachine:uninitialized
2020-07-08 14:10:09,635 [pool-138-thread-1] INFO  server.RaftServerConfigKeys (ConfUtils.java:logGet(44)) - raft.server.rpc.timeout.min = 5s (custom)
2020-07-08 14:10:09,635 [pool-138-thread-1] INFO  server.RaftServerConfigKeys (ConfUtils.java:logGet(44)) - raft.server.rpc.timeout.max = 5200ms (custom)
2020-07-08 14:10:09,635 [pool-138-thread-1] INFO  server.RaftServerConfigKeys (ConfUtils.java:logGet(44)) - raft.server.rpcslowness.timeout = 300000ms (custom)
2020-07-08 14:10:09,636 [pool-138-thread-1] INFO  server.RaftServerConfigKeys (ConfUtils.java:logGet(44)) - raft.server.sleep.deviation.threshold = 300 (default)
2020-07-08 14:10:09,636 [pool-138-thread-1] INFO  server.RaftServerConfigKeys (ConfUtils.java:logGet(44)) - raft.server.log.appender.install.snapshot.enabled = false (custom)
2020-07-08 14:10:09,637 [pool-138-thread-1] INFO  impl.RaftServerImpl (ServerState.java:<init>(103)) - 280695a2-ab39-4103-98fb-325cbc6182a1@group-D5AC1BEFB0E7: ConfigurationManager, init=-1: [280695a2-ab39-4103-98fb-325cbc6182a1:172.17.0.2:39071], old=null, confs=<EMPTY_MAP>
2020-07-08 14:10:09,637 [pool-138-thread-1] INFO  server.RaftServerConfigKeys (ConfUtils.java:logGet(44)) - raft.server.storage.dir = [/github/workspace/mnt/ozone/hadoop-ozone/integration-test/target/test-dir/MiniOzoneClusterImpl-32bd3365-c0fa-4882-bde6-5b86600e32bb/datanode-7/data/ratis] (custom)
2020-07-08 14:10:09,637 [pool-138-thread-1] INFO  server.RaftServerConfigKeys (ConfUtils.java:logGet(44)) - raft.server.log.corruption.policy = EXCEPTION (default)
2020-07-08 14:10:09,637 [pool-138-thread-1] INFO  storage.RaftStorageDirectory (RaftStorageDirectory.java:analyzeStorage(261)) - The storage directory /github/workspace/mnt/ozone/hadoop-ozone/integration-test/target/test-dir/MiniOzoneClusterImpl-32bd3365-c0fa-4882-bde6-5b86600e32bb/datanode-7/data/ratis/739d0814-4cd4-43a7-82c2-d5ac1befb0e7 does not exist. Creating ...
2020-07-08 14:10:09,650 [pool-138-thread-1] INFO  storage.RaftStorageDirectory (RaftStorageDirectory.java:tryLock(343)) - Lock on /github/workspace/mnt/ozone/hadoop-ozone/integration-test/target/test-dir/MiniOzoneClusterImpl-32bd3365-c0fa-4882-bde6-5b86600e32bb/datanode-7/data/ratis/739d0814-4cd4-43a7-82c2-d5ac1befb0e7/in_use.lock acquired by nodename 40207@fa59273552ea
2020-07-08 14:10:09,650 [pool-123-thread-1] INFO  impl.RaftServerImpl (RaftServerImpl.java:<init>(99)) - c28ef88f-9b25-4426-804e-afc9c4445efc: new RaftServerImpl for group-8AE7E06557AC:[c28ef88f-9b25-4426-804e-afc9c4445efc:172.17.0.2:40607] with ContainerStateMachine:uninitialized
2020-07-08 14:10:09,650 [pool-123-thread-1] INFO  server.RaftServerConfigKeys (ConfUtils.java:logGet(44)) - raft.server.rpc.timeout.min = 5s (custom)
2020-07-08 14:10:09,651 [pool-123-thread-1] INFO  server.RaftServerConfigKeys (ConfUtils.java:logGet(44)) - raft.server.rpc.timeout.max = 5200ms (custom)
2020-07-08 14:10:09,653 [pool-138-thread-1] INFO  storage.RaftStorage (RaftStorage.java:format(84)) - Storage directory /github/workspace/mnt/ozone/hadoop-ozone/integration-test/target/test-dir/MiniOzoneClusterImpl-32bd3365-c0fa-4882-bde6-5b86600e32bb/datanode-7/data/ratis/739d0814-4cd4-43a7-82c2-d5ac1befb0e7 has been successfully formatted.
2020-07-08 14:10:09,654 [pool-93-thread-1] INFO  impl.RaftServerImpl (RaftServerImpl.java:<init>(99)) - d017e2c5-c92e-4431-be88-95bb161f4165: new RaftServerImpl for group-85823D3FCDD2:[f826a808-1191-49e1-9c45-32a2a6ec2e98:172.17.0.2:38585, 1beaea03-3085-41d3-a7f9-4c54f70b633b:172.17.0.2:38777, d017e2c5-c92e-4431-be88-95bb161f4165:172.17.0.2:46205] with ContainerStateMachine:uninitialized
2020-07-08 14:10:09,654 [pool-93-thread-1] INFO  server.RaftServerConfigKeys (ConfUtils.java:logGet(44)) - raft.server.rpc.timeout.min = 5s (custom)
2020-07-08 14:10:09,654 [pool-93-thread-1] INFO  server.RaftServerConfigKeys (ConfUtils.java:logGet(44)) - raft.server.rpc.timeout.max = 5200ms (custom)
2020-07-08 14:10:09,654 [pool-93-thread-1] INFO  server.RaftServerConfigKeys (ConfUtils.java:logGet(44)) - raft.server.rpcslowness.timeout = 300000ms (custom)
2020-07-08 14:10:09,654 [pool-93-thread-1] INFO  server.RaftServerConfigKeys (ConfUtils.java:logGet(44)) - raft.server.sleep.deviation.threshold = 300 (default)
2020-07-08 14:10:09,655 [pool-93-thread-1] INFO  server.RaftServerConfigKeys (ConfUtils.java:logGet(44)) - raft.server.log.appender.install.snapshot.enabled = false (custom)
2020-07-08 14:10:09,655 [pool-93-thread-1] INFO  impl.RaftServerImpl (ServerState.java:<init>(103)) - d017e2c5-c92e-4431-be88-95bb161f4165@group-85823D3FCDD2: ConfigurationManager, init=-1: [f826a808-1191-49e1-9c45-32a2a6ec2e98:172.17.0.2:38585, 1beaea03-3085-41d3-a7f9-4c54f70b633b:172.17.0.2:38777, d017e2c5-c92e-4431-be88-95bb161f4165:172.17.0.2:46205], old=null, confs=<EMPTY_MAP>
2020-07-08 14:10:09,655 [pool-93-thread-1] INFO  server.RaftServerConfigKeys (ConfUtils.java:logGet(44)) - raft.server.storage.dir = [/github/workspace/mnt/ozone/hadoop-ozone/integration-test/target/test-dir/MiniOzoneClusterImpl-32bd3365-c0fa-4882-bde6-5b86600e32bb/datanode-4/data/ratis] (custom)
2020-07-08 14:10:09,655 [pool-93-thread-1] INFO  server.RaftServerConfigKeys (ConfUtils.java:logGet(44)) - raft.server.log.corruption.policy = EXCEPTION (default)
2020-07-08 14:10:09,656 [pool-93-thread-1] INFO  storage.RaftStorageDirectory (RaftStorageDirectory.java:analyzeStorage(261)) - The storage directory /github/workspace/mnt/ozone/hadoop-ozone/integration-test/target/test-dir/MiniOzoneClusterImpl-32bd3365-c0fa-4882-bde6-5b86600e32bb/datanode-4/data/ratis/1c6d60c1-5f73-4316-b62f-85823d3fcdd2 does not exist. Creating ...
2020-07-08 14:10:09,656 [EventQueue-PipelineReportForPipelineReportHandler] INFO  pipeline.PipelineStateManager (PipelineStateManager.java:openPipeline(131)) - Pipeline Pipeline[ Id: 739d0814-4cd4-43a7-82c2-d5ac1befb0e7, Nodes: 280695a2-ab39-4103-98fb-325cbc6182a1{ip: 172.17.0.2, host: fa59273552ea, networkLocation: /default-rack, certSerialId: null}, Type:RATIS, Factor:ONE, State:ALLOCATED, leaderId:280695a2-ab39-4103-98fb-325cbc6182a1, CreationTimestamp2020-07-08T14:10:06.545Z] moved to OPEN state
2020-07-08 14:10:09,656 [EventQueue-OpenPipelineForOneReplicaPipelineSafeModeRule] INFO  safemode.SCMSafeModeManager (SCMSafeModeManager.java:validateSafeModeExitRules(214)) - AtleastOneDatanodeReportedRule rule is successfully validated
2020-07-08 14:10:09,656 [EventQueue-OpenPipelineForHealthyPipelineSafeModeRule] INFO  safemode.SCMSafeModeManager (HealthyPipelineSafeModeRule.java:process(129)) - SCM in safe mode. Healthy pipelines reported count is 0, required healthy pipeline reported count is 1
2020-07-08 14:10:09,653 [pool-108-thread-1] INFO  impl.RaftServerImpl (RaftServerImpl.java:<init>(99)) - f826a808-1191-49e1-9c45-32a2a6ec2e98: new RaftServerImpl for group-52AB4D538DE5:[f826a808-1191-49e1-9c45-32a2a6ec2e98:172.17.0.2:38585] with ContainerStateMachine:uninitialized
2020-07-08 14:10:09,657 [pool-108-thread-1] INFO  server.RaftServerConfigKeys (ConfUtils.java:logGet(44)) - raft.server.rpc.timeout.min = 5s (custom)
2020-07-08 14:10:09,657 [pool-108-thread-1] INFO  server.RaftServerConfigKeys (ConfUtils.java:logGet(44)) - raft.server.rpc.timeout.max = 5200ms (custom)
2020-07-08 14:10:09,657 [pool-108-thread-1] INFO  server.RaftServerConfigKeys (ConfUtils.java:logGet(44)) - raft.server.rpcslowness.timeout = 300000ms (custom)
2020-07-08 14:10:09,657 [pool-108-thread-1] INFO  server.RaftServerConfigKeys (ConfUtils.java:logGet(44)) - raft.server.sleep.deviation.threshold = 300 (default)
2020-07-08 14:10:09,657 [pool-108-thread-1] INFO  server.RaftServerConfigKeys (ConfUtils.java:logGet(44)) - raft.server.log.appender.install.snapshot.enabled = false (custom)
2020-07-08 14:10:09,657 [pool-108-thread-1] INFO  impl.RaftServerImpl (ServerState.java:<init>(103)) - f826a808-1191-49e1-9c45-32a2a6ec2e98@group-52AB4D538DE5: ConfigurationManager, init=-1: [f826a808-1191-49e1-9c45-32a2a6ec2e98:172.17.0.2:38585], old=null, confs=<EMPTY_MAP>
2020-07-08 14:10:09,657 [pool-108-thread-1] INFO  server.RaftServerConfigKeys (ConfUtils.java:logGet(44)) - raft.server.storage.dir = [/github/workspace/mnt/ozone/hadoop-ozone/integration-test/target/test-dir/MiniOzoneClusterImpl-32bd3365-c0fa-4882-bde6-5b86600e32bb/datanode-5/data/ratis] (custom)
2020-07-08 14:10:09,657 [pool-108-thread-1] INFO  server.RaftServerConfigKeys (ConfUtils.java:logGet(44)) - raft.server.log.corruption.policy = EXCEPTION (default)
2020-07-08 14:10:09,657 [pool-108-thread-1] INFO  storage.RaftStorageDirectory (RaftStorageDirectory.java:analyzeStorage(261)) - The storage directory /github/workspace/mnt/ozone/hadoop-ozone/integration-test/target/test-dir/MiniOzoneClusterImpl-32bd3365-c0fa-4882-bde6-5b86600e32bb/datanode-5/data/ratis/0b7698e5-94d9-404f-8b67-52ab4d538de5 does not exist. Creating ...
2020-07-08 14:10:09,658 [pool-123-thread-1] INFO  server.RaftServerConfigKeys (ConfUtils.java:logGet(44)) - raft.server.rpcslowness.timeout = 300000ms (custom)
2020-07-08 14:10:09,658 [pool-123-thread-1] INFO  server.RaftServerConfigKeys (ConfUtils.java:logGet(44)) - raft.server.sleep.deviation.threshold = 300 (default)
2020-07-08 14:10:09,658 [pool-123-thread-1] INFO  server.RaftServerConfigKeys (ConfUtils.java:logGet(44)) - raft.server.log.appender.install.snapshot.enabled = false (custom)
2020-07-08 14:10:09,658 [pool-123-thread-1] INFO  impl.RaftServerImpl (ServerState.java:<init>(103)) - c28ef88f-9b25-4426-804e-afc9c4445efc@group-8AE7E06557AC: ConfigurationManager, init=-1: [c28ef88f-9b25-4426-804e-afc9c4445efc:172.17.0.2:40607], old=null, confs=<EMPTY_MAP>
2020-07-08 14:10:09,658 [pool-123-thread-1] INFO  server.RaftServerConfigKeys (ConfUtils.java:logGet(44)) - raft.server.storage.dir = [/github/workspace/mnt/ozone/hadoop-ozone/integration-test/target/test-dir/MiniOzoneClusterImpl-32bd3365-c0fa-4882-bde6-5b86600e32bb/datanode-6/data/ratis] (custom)
2020-07-08 14:10:09,658 [pool-123-thread-1] INFO  server.RaftServerConfigKeys (ConfUtils.java:logGet(44)) - raft.server.log.corruption.policy = EXCEPTION (default)
2020-07-08 14:10:09,658 [pool-123-thread-1] INFO  storage.RaftStorageDirectory (RaftStorageDirectory.java:analyzeStorage(261)) - The storage directory /github/workspace/mnt/ozone/hadoop-ozone/integration-test/target/test-dir/MiniOzoneClusterImpl-32bd3365-c0fa-4882-bde6-5b86600e32bb/datanode-6/data/ratis/fbbffd08-8a85-471c-87c0-8ae7e06557ac does not exist. Creating ...
2020-07-08 14:10:09,659 [pool-138-thread-1] INFO  ratis.ContainerStateMachine (ContainerStateMachine.java:loadSnapshot(225)) - group-D5AC1BEFB0E7: The snapshot info is null. Setting the last applied indexto:(t:0, i:~)
2020-07-08 14:10:09,659 [pool-138-thread-1] INFO  server.RaftServerConfigKeys (ConfUtils.java:logGet(44)) - raft.server.notification.no-leader.timeout = 60s (default)
2020-07-08 14:10:09,660 [pool-138-thread-1] INFO  server.RaftServerConfigKeys (ConfUtils.java:logGet(44)) - raft.server.log.use.memory = false (default)
2020-07-08 14:10:09,660 [pool-138-thread-1] INFO  server.RaftServerConfigKeys (ConfUtils.java:logGet(44)) - raft.server.log.purge.gap = 1000000 (custom)
2020-07-08 14:10:09,660 [pool-138-thread-1] INFO  server.RaftServerConfigKeys (ConfUtils.java:logGet(44)) - raft.server.log.appender.buffer.byte-limit = 33554432 (custom)
2020-07-08 14:10:09,660 [pool-138-thread-1] INFO  server.RaftServerConfigKeys (ConfUtils.java:logGet(44)) - raft.server.log.segment.size.max = 1048576 (custom)
2020-07-08 14:10:09,661 [pool-138-thread-1] INFO  metrics.RatisMetrics (RatisMetrics.java:lambda$create$0(36)) - Creating Metrics Registry : ratis.log_worker.280695a2-ab39-4103-98fb-325cbc6182a1@group-D5AC1BEFB0E7
2020-07-08 14:10:09,661 [pool-138-thread-1] INFO  server.RaftServerConfigKeys (ConfUtils.java:logGet(44)) - raft.server.log.segment.cache.num.max = 2 (custom)
2020-07-08 14:10:09,662 [pool-138-thread-1] INFO  segmented.SegmentedRaftLogWorker (SegmentedRaftLogWorker.java:<init>(180)) - new 280695a2-ab39-4103-98fb-325cbc6182a1@group-D5AC1BEFB0E7-SegmentedRaftLogWorker for RaftStorage:Storage Directory /github/workspace/mnt/ozone/hadoop-ozone/integration-test/target/test-dir/MiniOzoneClusterImpl-32bd3365-c0fa-4882-bde6-5b86600e32bb/datanode-7/data/ratis/739d0814-4cd4-43a7-82c2-d5ac1befb0e7
2020-07-08 14:10:09,663 [pool-138-thread-1] INFO  server.RaftServerConfigKeys (ConfUtils.java:logGet(44)) - raft.server.log.queue.byte-limit = 2147483647 (custom)
2020-07-08 14:10:09,663 [pool-138-thread-1] INFO  server.RaftServerConfigKeys (ConfUtils.java:logGet(44)) - raft.server.log.queue.element-limit = 1024 (custom)
2020-07-08 14:10:09,668 [pool-138-thread-1] INFO  server.RaftServerConfigKeys (ConfUtils.java:logGet(44)) - raft.server.log.segment.size.max = 1048576 (custom)
2020-07-08 14:10:09,668 [pool-138-thread-1] INFO  server.RaftServerConfigKeys (ConfUtils.java:logGet(44)) - raft.server.log.preallocated.size = 16384 (custom)
2020-07-08 14:10:09,669 [pool-138-thread-1] INFO  server.RaftServerConfigKeys (ConfUtils.java:logGet(44)) - raft.server.log.write.buffer.size = 1048576 (custom)
2020-07-08 14:10:09,659 [pool-108-thread-1] INFO  storage.RaftStorageDirectory (RaftStorageDirectory.java:tryLock(343)) - Lock on /github/workspace/mnt/ozone/hadoop-ozone/integration-test/target/test-dir/MiniOzoneClusterImpl-32bd3365-c0fa-4882-bde6-5b86600e32bb/datanode-5/data/ratis/0b7698e5-94d9-404f-8b67-52ab4d538de5/in_use.lock acquired by nodename 40207@fa59273552ea
2020-07-08 14:10:09,661 [pool-123-thread-1] INFO  storage.RaftStorageDirectory (RaftStorageDirectory.java:tryLock(343)) - Lock on /github/workspace/mnt/ozone/hadoop-ozone/integration-test/target/test-dir/MiniOzoneClusterImpl-32bd3365-c0fa-4882-bde6-5b86600e32bb/datanode-6/data/ratis/fbbffd08-8a85-471c-87c0-8ae7e06557ac/in_use.lock acquired by nodename 40207@fa59273552ea
2020-07-08 14:10:09,660 [pool-93-thread-1] INFO  storage.RaftStorageDirectory (RaftStorageDirectory.java:tryLock(343)) - Lock on /github/workspace/mnt/ozone/hadoop-ozone/integration-test/target/test-dir/MiniOzoneClusterImpl-32bd3365-c0fa-4882-bde6-5b86600e32bb/datanode-4/data/ratis/1c6d60c1-5f73-4316-b62f-85823d3fcdd2/in_use.lock acquired by nodename 40207@fa59273552ea
2020-07-08 14:10:09,670 [pool-108-thread-1] INFO  storage.RaftStorage (RaftStorage.java:format(84)) - Storage directory /github/workspace/mnt/ozone/hadoop-ozone/integration-test/target/test-dir/MiniOzoneClusterImpl-32bd3365-c0fa-4882-bde6-5b86600e32bb/datanode-5/data/ratis/0b7698e5-94d9-404f-8b67-52ab4d538de5 has been successfully formatted.
2020-07-08 14:10:09,671 [pool-138-thread-1] INFO  server.RaftServerConfigKeys (ConfUtils.java:logGet(44)) - raft.server.log.force.sync.num = 128 (default)
2020-07-08 14:10:09,671 [pool-138-thread-1] INFO  server.RaftServerConfigKeys (ConfUtils.java:logGet(44)) - raft.server.log.statemachine.data.sync = true (default)
2020-07-08 14:10:09,672 [pool-138-thread-1] INFO  server.RaftServerConfigKeys (ConfUtils.java:logGet(44)) - raft.server.log.statemachine.data.sync.timeout = 10s (default)
2020-07-08 14:10:09,672 [pool-138-thread-1] INFO  server.RaftServerConfigKeys (ConfUtils.java:logGet(44)) - raft.server.log.statemachine.data.sync.timeout.retry = -1 (default)
2020-07-08 14:10:09,672 [pool-123-thread-1] INFO  storage.RaftStorage (RaftStorage.java:format(84)) - Storage directory /github/workspace/mnt/ozone/hadoop-ozone/integration-test/target/test-dir/MiniOzoneClusterImpl-32bd3365-c0fa-4882-bde6-5b86600e32bb/datanode-6/data/ratis/fbbffd08-8a85-471c-87c0-8ae7e06557ac has been successfully formatted.
2020-07-08 14:10:09,672 [pool-93-thread-1] INFO  storage.RaftStorage (RaftStorage.java:format(84)) - Storage directory /github/workspace/mnt/ozone/hadoop-ozone/integration-test/target/test-dir/MiniOzoneClusterImpl-32bd3365-c0fa-4882-bde6-5b86600e32bb/datanode-4/data/ratis/1c6d60c1-5f73-4316-b62f-85823d3fcdd2 has been successfully formatted.
2020-07-08 14:10:09,695 [Command processor thread] INFO  impl.RaftServerProxy (RaftServerProxy.java:addNew(89)) - a091f5b3-7442-44ba-a161-b66621ecd7ea: addNew group-F38D8A4CCFDB:[a091f5b3-7442-44ba-a161-b66621ecd7ea:172.17.0.2:43945] returns group-F38D8A4CCFDB:java.util.concurrent.CompletableFuture@431b99ad[Not completed]
2020-07-08 14:10:09,695 [pool-93-thread-1] INFO  ratis.ContainerStateMachine (ContainerStateMachine.java:loadSnapshot(225)) - group-85823D3FCDD2: The snapshot info is null. Setting the last applied indexto:(t:0, i:~)
2020-07-08 14:10:09,695 [pool-93-thread-1] INFO  server.RaftServerConfigKeys (ConfUtils.java:logGet(44)) - raft.server.notification.no-leader.timeout = 60s (default)
2020-07-08 14:10:09,695 [pool-93-thread-1] INFO  server.RaftServerConfigKeys (ConfUtils.java:logGet(44)) - raft.server.log.use.memory = false (default)
2020-07-08 14:10:09,695 [pool-93-thread-1] INFO  server.RaftServerConfigKeys (ConfUtils.java:logGet(44)) - raft.server.log.purge.gap = 1000000 (custom)
2020-07-08 14:10:09,695 [pool-93-thread-1] INFO  server.RaftServerConfigKeys (ConfUtils.java:logGet(44)) - raft.server.log.appender.buffer.byte-limit = 33554432 (custom)
2020-07-08 14:10:09,695 [pool-93-thread-1] INFO  server.RaftServerConfigKeys (ConfUtils.java:logGet(44)) - raft.server.log.segment.size.max = 1048576 (custom)
2020-07-08 14:10:09,695 [pool-93-thread-1] INFO  metrics.RatisMetrics (RatisMetrics.java:lambda$create$0(36)) - Creating Metrics Registry : ratis.log_worker.d017e2c5-c92e-4431-be88-95bb161f4165@group-85823D3FCDD2
2020-07-08 14:10:09,696 [pool-93-thread-1] INFO  server.RaftServerConfigKeys (ConfUtils.java:logGet(44)) - raft.server.log.segment.cache.num.max = 2 (custom)
2020-07-08 14:10:09,696 [pool-93-thread-1] INFO  segmented.SegmentedRaftLogWorker (SegmentedRaftLogWorker.java:<init>(180)) - new d017e2c5-c92e-4431-be88-95bb161f4165@group-85823D3FCDD2-SegmentedRaftLogWorker for RaftStorage:Storage Directory /github/workspace/mnt/ozone/hadoop-ozone/integration-test/target/test-dir/MiniOzoneClusterImpl-32bd3365-c0fa-4882-bde6-5b86600e32bb/datanode-4/data/ratis/1c6d60c1-5f73-4316-b62f-85823d3fcdd2
2020-07-08 14:10:09,696 [pool-93-thread-1] INFO  server.RaftServerConfigKeys (ConfUtils.java:logGet(44)) - raft.server.log.queue.byte-limit = 2147483647 (custom)
2020-07-08 14:10:09,696 [pool-93-thread-1] INFO  server.RaftServerConfigKeys (ConfUtils.java:logGet(44)) - raft.server.log.queue.element-limit = 1024 (custom)
2020-07-08 14:10:09,696 [pool-93-thread-1] INFO  server.RaftServerConfigKeys (ConfUtils.java:logGet(44)) - raft.server.log.segment.size.max = 1048576 (custom)
2020-07-08 14:10:09,696 [pool-93-thread-1] INFO  server.RaftServerConfigKeys (ConfUtils.java:logGet(44)) - raft.server.log.preallocated.size = 16384 (custom)
2020-07-08 14:10:09,696 [pool-93-thread-1] INFO  server.RaftServerConfigKeys (ConfUtils.java:logGet(44)) - raft.server.log.write.buffer.size = 1048576 (custom)
2020-07-08 14:10:09,696 [pool-93-thread-1] INFO  server.RaftServerConfigKeys (ConfUtils.java:logGet(44)) - raft.server.log.force.sync.num = 128 (default)
2020-07-08 14:10:09,696 [pool-93-thread-1] INFO  server.RaftServerConfigKeys (ConfUtils.java:logGet(44)) - raft.server.log.statemachine.data.sync = true (default)
2020-07-08 14:10:09,696 [pool-93-thread-1] INFO  server.RaftServerConfigKeys (ConfUtils.java:logGet(44)) - raft.server.log.statemachine.data.sync.timeout = 10s (default)
2020-07-08 14:10:09,696 [pool-93-thread-1] INFO  server.RaftServerConfigKeys (ConfUtils.java:logGet(44)) - raft.server.log.statemachine.data.sync.timeout.retry = -1 (default)
2020-07-08 14:10:09,697 [pool-123-thread-1] INFO  ratis.ContainerStateMachine (ContainerStateMachine.java:loadSnapshot(225)) - group-8AE7E06557AC: The snapshot info is null. Setting the last applied indexto:(t:0, i:~)
2020-07-08 14:10:09,697 [pool-123-thread-1] INFO  server.RaftServerConfigKeys (ConfUtils.java:logGet(44)) - raft.server.notification.no-leader.timeout = 60s (default)
2020-07-08 14:10:09,697 [pool-123-thread-1] INFO  server.RaftServerConfigKeys (ConfUtils.java:logGet(44)) - raft.server.log.use.memory = false (default)
2020-07-08 14:10:09,697 [pool-123-thread-1] INFO  server.RaftServerConfigKeys (ConfUtils.java:logGet(44)) - raft.server.log.purge.gap = 1000000 (custom)
2020-07-08 14:10:09,697 [pool-123-thread-1] INFO  server.RaftServerConfigKeys (ConfUtils.java:logGet(44)) - raft.server.log.appender.buffer.byte-limit = 33554432 (custom)
2020-07-08 14:10:09,697 [pool-123-thread-1] INFO  server.RaftServerConfigKeys (ConfUtils.java:logGet(44)) - raft.server.log.segment.size.max = 1048576 (custom)
2020-07-08 14:10:09,697 [pool-123-thread-1] INFO  metrics.RatisMetrics (RatisMetrics.java:lambda$create$0(36)) - Creating Metrics Registry : ratis.log_worker.c28ef88f-9b25-4426-804e-afc9c4445efc@group-8AE7E06557AC
2020-07-08 14:10:09,697 [pool-93-thread-1] INFO  server.RaftServerConfigKeys (ConfUtils.java:logGet(44)) - raft.server.log.statemachine.data.caching.enabled = true (custom)
2020-07-08 14:10:09,698 [pool-93-thread-1] INFO  segmented.SegmentedRaftLogWorker (SegmentedRaftLogWorker.java:lambda$new$0(129)) - d017e2c5-c92e-4431-be88-95bb161f4165@group-85823D3FCDD2-SegmentedRaftLogWorker: flushIndex: setUnconditionally 0 -> -1
2020-07-08 14:10:09,698 [pool-93-thread-1] INFO  segmented.SegmentedRaftLogWorker (SegmentedRaftLogWorker.java:lambda$new$0(129)) - d017e2c5-c92e-4431-be88-95bb161f4165@group-85823D3FCDD2-SegmentedRaftLogWorker: safeCacheEvictIndex: setUnconditionally 0 -> -1
2020-07-08 14:10:09,698 [pool-123-thread-1] INFO  server.RaftServerConfigKeys (ConfUtils.java:logGet(44)) - raft.server.log.segment.cache.num.max = 2 (custom)
2020-07-08 14:10:09,699 [pool-123-thread-1] INFO  segmented.SegmentedRaftLogWorker (SegmentedRaftLogWorker.java:<init>(180)) - new c28ef88f-9b25-4426-804e-afc9c4445efc@group-8AE7E06557AC-SegmentedRaftLogWorker for RaftStorage:Storage Directory /github/workspace/mnt/ozone/hadoop-ozone/integration-test/target/test-dir/MiniOzoneClusterImpl-32bd3365-c0fa-4882-bde6-5b86600e32bb/datanode-6/data/ratis/fbbffd08-8a85-471c-87c0-8ae7e06557ac
2020-07-08 14:10:09,699 [pool-123-thread-1] INFO  server.RaftServerConfigKeys (ConfUtils.java:logGet(44)) - raft.server.log.queue.byte-limit = 2147483647 (custom)
2020-07-08 14:10:09,699 [pool-123-thread-1] INFO  server.RaftServerConfigKeys (ConfUtils.java:logGet(44)) - raft.server.log.queue.element-limit = 1024 (custom)
2020-07-08 14:10:09,699 [pool-123-thread-1] INFO  server.RaftServerConfigKeys (ConfUtils.java:logGet(44)) - raft.server.log.segment.size.max = 1048576 (custom)
2020-07-08 14:10:09,699 [pool-123-thread-1] INFO  server.RaftServerConfigKeys (ConfUtils.java:logGet(44)) - raft.server.log.preallocated.size = 16384 (custom)
2020-07-08 14:10:09,699 [pool-123-thread-1] INFO  server.RaftServerConfigKeys (ConfUtils.java:logGet(44)) - raft.server.log.write.buffer.size = 1048576 (custom)
2020-07-08 14:10:09,699 [pool-123-thread-1] INFO  server.RaftServerConfigKeys (ConfUtils.java:logGet(44)) - raft.server.log.force.sync.num = 128 (default)
2020-07-08 14:10:09,699 [pool-123-thread-1] INFO  server.RaftServerConfigKeys (ConfUtils.java:logGet(44)) - raft.server.log.statemachine.data.sync = true (default)
2020-07-08 14:10:09,699 [pool-123-thread-1] INFO  server.RaftServerConfigKeys (ConfUtils.java:logGet(44)) - raft.server.log.statemachine.data.sync.timeout = 10s (default)
2020-07-08 14:10:09,699 [pool-123-thread-1] INFO  server.RaftServerConfigKeys (ConfUtils.java:logGet(44)) - raft.server.log.statemachine.data.sync.timeout.retry = -1 (default)
2020-07-08 14:10:09,699 [EventQueue-PipelineReportForPipelineReportHandler] INFO  pipeline.PipelineStateManager (PipelineStateManager.java:openPipeline(131)) - Pipeline Pipeline[ Id: fbbffd08-8a85-471c-87c0-8ae7e06557ac, Nodes: c28ef88f-9b25-4426-804e-afc9c4445efc{ip: 172.17.0.2, host: fa59273552ea, networkLocation: /default-rack, certSerialId: null}, Type:RATIS, Factor:ONE, State:ALLOCATED, leaderId:c28ef88f-9b25-4426-804e-afc9c4445efc, CreationTimestamp2020-07-08T14:10:06.468Z] moved to OPEN state
2020-07-08 14:10:09,700 [EventQueue-OpenPipelineForOneReplicaPipelineSafeModeRule] INFO  safemode.SCMSafeModeManager (SCMSafeModeManager.java:validateSafeModeExitRules(214)) - AtleastOneDatanodeReportedRule rule is successfully validated
2020-07-08 14:10:09,700 [EventQueue-OpenPipelineForHealthyPipelineSafeModeRule] INFO  safemode.SCMSafeModeManager (HealthyPipelineSafeModeRule.java:process(129)) - SCM in safe mode. Healthy pipelines reported count is 0, required healthy pipeline reported count is 1
2020-07-08 14:10:09,699 [pool-138-thread-1] INFO  server.RaftServerConfigKeys (ConfUtils.java:logGet(44)) - raft.server.log.statemachine.data.caching.enabled = true (custom)
2020-07-08 14:10:09,700 [pool-138-thread-1] INFO  segmented.SegmentedRaftLogWorker (SegmentedRaftLogWorker.java:lambda$new$0(129)) - 280695a2-ab39-4103-98fb-325cbc6182a1@group-D5AC1BEFB0E7-SegmentedRaftLogWorker: flushIndex: setUnconditionally 0 -> -1
2020-07-08 14:10:09,700 [pool-138-thread-1] INFO  segmented.SegmentedRaftLogWorker (SegmentedRaftLogWorker.java:lambda$new$0(129)) - 280695a2-ab39-4103-98fb-325cbc6182a1@group-D5AC1BEFB0E7-SegmentedRaftLogWorker: safeCacheEvictIndex: setUnconditionally 0 -> -1
2020-07-08 14:10:09,701 [pool-153-thread-1] INFO  impl.RaftServerImpl (RaftServerImpl.java:<init>(99)) - a091f5b3-7442-44ba-a161-b66621ecd7ea: new RaftServerImpl for group-F38D8A4CCFDB:[a091f5b3-7442-44ba-a161-b66621ecd7ea:172.17.0.2:43945] with ContainerStateMachine:uninitialized
2020-07-08 14:10:09,702 [pool-153-thread-1] INFO  server.RaftServerConfigKeys (ConfUtils.java:logGet(44)) - raft.server.rpc.timeout.min = 5s (custom)
2020-07-08 14:10:09,703 [pool-153-thread-1] INFO  server.RaftServerConfigKeys (ConfUtils.java:logGet(44)) - raft.server.rpc.timeout.max = 5200ms (custom)
2020-07-08 14:10:09,703 [pool-153-thread-1] INFO  server.RaftServerConfigKeys (ConfUtils.java:logGet(44)) - raft.server.rpcslowness.timeout = 300000ms (custom)
2020-07-08 14:10:09,703 [pool-153-thread-1] INFO  server.RaftServerConfigKeys (ConfUtils.java:logGet(44)) - raft.server.sleep.deviation.threshold = 300 (default)
2020-07-08 14:10:09,703 [pool-153-thread-1] INFO  server.RaftServerConfigKeys (ConfUtils.java:logGet(44)) - raft.server.log.appender.install.snapshot.enabled = false (custom)
2020-07-08 14:10:09,703 [pool-153-thread-1] INFO  impl.RaftServerImpl (ServerState.java:<init>(103)) - a091f5b3-7442-44ba-a161-b66621ecd7ea@group-F38D8A4CCFDB: ConfigurationManager, init=-1: [a091f5b3-7442-44ba-a161-b66621ecd7ea:172.17.0.2:43945], old=null, confs=<EMPTY_MAP>
2020-07-08 14:10:09,704 [pool-153-thread-1] INFO  server.RaftServerConfigKeys (ConfUtils.java:logGet(44)) - raft.server.storage.dir = [/github/workspace/mnt/ozone/hadoop-ozone/integration-test/target/test-dir/MiniOzoneClusterImpl-32bd3365-c0fa-4882-bde6-5b86600e32bb/datanode-8/data/ratis] (custom)
2020-07-08 14:10:09,713 [pool-153-thread-1] INFO  server.RaftServerConfigKeys (ConfUtils.java:logGet(44)) - raft.server.log.corruption.policy = EXCEPTION (default)
2020-07-08 14:10:09,713 [pool-153-thread-1] INFO  storage.RaftStorageDirectory (RaftStorageDirectory.java:analyzeStorage(261)) - The storage directory /github/workspace/mnt/ozone/hadoop-ozone/integration-test/target/test-dir/MiniOzoneClusterImpl-32bd3365-c0fa-4882-bde6-5b86600e32bb/datanode-8/data/ratis/959276bf-6dcb-414d-ac6d-f38d8a4ccfdb does not exist. Creating ...
2020-07-08 14:10:09,704 [pool-108-thread-1] INFO  ratis.ContainerStateMachine (ContainerStateMachine.java:loadSnapshot(225)) - group-52AB4D538DE5: The snapshot info is null. Setting the last applied indexto:(t:0, i:~)
2020-07-08 14:10:09,714 [pool-108-thread-1] INFO  server.RaftServerConfigKeys (ConfUtils.java:logGet(44)) - raft.server.notification.no-leader.timeout = 60s (default)
2020-07-08 14:10:09,714 [pool-108-thread-1] INFO  server.RaftServerConfigKeys (ConfUtils.java:logGet(44)) - raft.server.log.use.memory = false (default)
2020-07-08 14:10:09,714 [pool-108-thread-1] INFO  server.RaftServerConfigKeys (ConfUtils.java:logGet(44)) - raft.server.log.purge.gap = 1000000 (custom)
2020-07-08 14:10:09,714 [pool-108-thread-1] INFO  server.RaftServerConfigKeys (ConfUtils.java:logGet(44)) - raft.server.log.appender.buffer.byte-limit = 33554432 (custom)
2020-07-08 14:10:09,714 [pool-108-thread-1] INFO  server.RaftServerConfigKeys (ConfUtils.java:logGet(44)) - raft.server.log.segment.size.max = 1048576 (custom)
2020-07-08 14:10:09,714 [pool-108-thread-1] INFO  metrics.RatisMetrics (RatisMetrics.java:lambda$create$0(36)) - Creating Metrics Registry : ratis.log_worker.f826a808-1191-49e1-9c45-32a2a6ec2e98@group-52AB4D538DE5
2020-07-08 14:10:09,714 [pool-108-thread-1] INFO  server.RaftServerConfigKeys (ConfUtils.java:logGet(44)) - raft.server.log.segment.cache.num.max = 2 (custom)
2020-07-08 14:10:09,714 [pool-108-thread-1] INFO  segmented.SegmentedRaftLogWorker (SegmentedRaftLogWorker.java:<init>(180)) - new f826a808-1191-49e1-9c45-32a2a6ec2e98@group-52AB4D538DE5-SegmentedRaftLogWorker for RaftStorage:Storage Directory /github/workspace/mnt/ozone/hadoop-ozone/integration-test/target/test-dir/MiniOzoneClusterImpl-32bd3365-c0fa-4882-bde6-5b86600e32bb/datanode-5/data/ratis/0b7698e5-94d9-404f-8b67-52ab4d538de5
2020-07-08 14:10:09,714 [pool-108-thread-1] INFO  server.RaftServerConfigKeys (ConfUtils.java:logGet(44)) - raft.server.log.queue.byte-limit = 2147483647 (custom)
2020-07-08 14:10:09,714 [pool-108-thread-1] INFO  server.RaftServerConfigKeys (ConfUtils.java:logGet(44)) - raft.server.log.queue.element-limit = 1024 (custom)
2020-07-08 14:10:09,715 [pool-108-thread-1] INFO  server.RaftServerConfigKeys (ConfUtils.java:logGet(44)) - raft.server.log.segment.size.max = 1048576 (custom)
2020-07-08 14:10:09,715 [pool-108-thread-1] INFO  server.RaftServerConfigKeys (ConfUtils.java:logGet(44)) - raft.server.log.preallocated.size = 16384 (custom)
2020-07-08 14:10:09,715 [pool-108-thread-1] INFO  server.RaftServerConfigKeys (ConfUtils.java:logGet(44)) - raft.server.log.write.buffer.size = 1048576 (custom)
2020-07-08 14:10:09,715 [pool-108-thread-1] INFO  server.RaftServerConfigKeys (ConfUtils.java:logGet(44)) - raft.server.log.force.sync.num = 128 (default)
2020-07-08 14:10:09,715 [pool-108-thread-1] INFO  server.RaftServerConfigKeys (ConfUtils.java:logGet(44)) - raft.server.log.statemachine.data.sync = true (default)
2020-07-08 14:10:09,715 [pool-108-thread-1] INFO  server.RaftServerConfigKeys (ConfUtils.java:logGet(44)) - raft.server.log.statemachine.data.sync.timeout = 10s (default)
2020-07-08 14:10:09,715 [pool-108-thread-1] INFO  server.RaftServerConfigKeys (ConfUtils.java:logGet(44)) - raft.server.log.statemachine.data.sync.timeout.retry = -1 (default)
2020-07-08 14:10:09,715 [EventQueue-PipelineReportForPipelineReportHandler] INFO  pipeline.PipelineStateManager (PipelineStateManager.java:openPipeline(131)) - Pipeline Pipeline[ Id: 0b7698e5-94d9-404f-8b67-52ab4d538de5, Nodes: f826a808-1191-49e1-9c45-32a2a6ec2e98{ip: 172.17.0.2, host: fa59273552ea, networkLocation: /default-rack, certSerialId: null}, Type:RATIS, Factor:ONE, State:ALLOCATED, leaderId:f826a808-1191-49e1-9c45-32a2a6ec2e98, CreationTimestamp2020-07-08T14:10:06.380Z] moved to OPEN state
2020-07-08 14:10:09,715 [pool-153-thread-1] INFO  storage.RaftStorageDirectory (RaftStorageDirectory.java:tryLock(343)) - Lock on /github/workspace/mnt/ozone/hadoop-ozone/integration-test/target/test-dir/MiniOzoneClusterImpl-32bd3365-c0fa-4882-bde6-5b86600e32bb/datanode-8/data/ratis/959276bf-6dcb-414d-ac6d-f38d8a4ccfdb/in_use.lock acquired by nodename 40207@fa59273552ea
2020-07-08 14:10:09,704 [pool-93-thread-1] INFO  server.RaftServerConfigKeys (ConfUtils.java:logGet(44)) - raft.server.snapshot.auto.trigger.enabled = true (custom)
2020-07-08 14:10:09,716 [pool-93-thread-1] INFO  server.RaftServerConfigKeys (ConfUtils.java:logGet(44)) - raft.server.snapshot.auto.trigger.threshold = 1 (custom)
2020-07-08 14:10:09,716 [pool-93-thread-1] INFO  server.RaftServerConfigKeys (ConfUtils.java:logGet(44)) - raft.server.snapshot.retention.file.num = 5 (custom)
2020-07-08 14:10:09,716 [pool-93-thread-1] INFO  server.RaftServerConfigKeys (ConfUtils.java:logGet(44)) - raft.server.log.purge.upto.snapshot.index = false (default)
2020-07-08 14:10:09,715 [EventQueue-OpenPipelineForHealthyPipelineSafeModeRule] INFO  safemode.SCMSafeModeManager (HealthyPipelineSafeModeRule.java:process(129)) - SCM in safe mode. Healthy pipelines reported count is 0, required healthy pipeline reported count is 1
2020-07-08 14:10:09,715 [EventQueue-OpenPipelineForOneReplicaPipelineSafeModeRule] INFO  safemode.SCMSafeModeManager (SCMSafeModeManager.java:validateSafeModeExitRules(214)) - AtleastOneDatanodeReportedRule rule is successfully validated
2020-07-08 14:10:09,719 [pool-153-thread-1] INFO  storage.RaftStorage (RaftStorage.java:format(84)) - Storage directory /github/workspace/mnt/ozone/hadoop-ozone/integration-test/target/test-dir/MiniOzoneClusterImpl-32bd3365-c0fa-4882-bde6-5b86600e32bb/datanode-8/data/ratis/959276bf-6dcb-414d-ac6d-f38d8a4ccfdb has been successfully formatted.
2020-07-08 14:10:09,722 [pool-138-thread-1] INFO  server.RaftServerConfigKeys (ConfUtils.java:logGet(44)) - raft.server.snapshot.auto.trigger.enabled = true (custom)
2020-07-08 14:10:09,722 [pool-138-thread-1] INFO  server.RaftServerConfigKeys (ConfUtils.java:logGet(44)) - raft.server.snapshot.auto.trigger.threshold = 1 (custom)
2020-07-08 14:10:09,722 [pool-138-thread-1] INFO  server.RaftServerConfigKeys (ConfUtils.java:logGet(44)) - raft.server.snapshot.retention.file.num = 5 (custom)
2020-07-08 14:10:09,723 [pool-138-thread-1] INFO  server.RaftServerConfigKeys (ConfUtils.java:logGet(44)) - raft.server.log.purge.upto.snapshot.index = false (default)
2020-07-08 14:10:09,723 [pool-138-thread-1] INFO  server.RaftServerConfigKeys (ConfUtils.java:logGet(44)) - raft.server.retrycache.expirytime = 600000ms (custom)
2020-07-08 14:10:09,723 [pool-138-thread-1] INFO  metrics.RatisMetrics (RatisMetrics.java:lambda$create$0(36)) - Creating Metrics Registry : ratis.leader_election.280695a2-ab39-4103-98fb-325cbc6182a1@group-D5AC1BEFB0E7
2020-07-08 14:10:09,723 [pool-138-thread-1] INFO  metrics.RatisMetrics (RatisMetrics.java:lambda$create$0(36)) - Creating Metrics Registry : ratis.server.280695a2-ab39-4103-98fb-325cbc6182a1@group-D5AC1BEFB0E7
2020-07-08 14:10:09,724 [pool-138-thread-1] INFO  impl.RaftServerImpl (RaftServerImpl.java:start(186)) - 280695a2-ab39-4103-98fb-325cbc6182a1@group-D5AC1BEFB0E7: start as a follower, conf=-1: [280695a2-ab39-4103-98fb-325cbc6182a1:172.17.0.2:39071], old=null
2020-07-08 14:10:09,724 [pool-138-thread-1] INFO  impl.RaftServerImpl (RaftServerImpl.java:setRole(175)) - 280695a2-ab39-4103-98fb-325cbc6182a1@group-D5AC1BEFB0E7: changes role from      null to FOLLOWER at term 0 for startAsFollower
2020-07-08 14:10:09,724 [pool-138-thread-1] INFO  impl.RoleInfo (RoleInfo.java:updateAndGet(143)) - 280695a2-ab39-4103-98fb-325cbc6182a1: start FollowerState
2020-07-08 14:10:09,727 [pool-138-thread-1] INFO  util.JmxRegister (JmxRegister.java:tryRegister(44)) - Successfully registered JMX Bean with object name Ratis:service=RaftServer,group=group-D5AC1BEFB0E7,id=280695a2-ab39-4103-98fb-325cbc6182a1
2020-07-08 14:10:09,727 [pool-138-thread-1] INFO  metrics.RatisMetrics (RatisMetrics.java:lambda$create$0(36)) - Creating Metrics Registry : ratis.state_machine.280695a2-ab39-4103-98fb-325cbc6182a1@group-D5AC1BEFB0E7
2020-07-08 14:10:09,727 [Listener at 127.0.0.1/34841] INFO  ozone.MiniOzoneClusterImpl (MiniOzoneClusterImpl.java:lambda$waitForClusterToBeReady$0(177)) - Nodes are ready. Got 10 of 10 DN Heartbeats.
2020-07-08 14:10:09,728 [Listener at 127.0.0.1/34841] INFO  ozone.MiniOzoneClusterImpl (MiniOzoneClusterImpl.java:lambda$waitForClusterToBeReady$0(180)) - Waiting for cluster to exit safe mode
2020-07-08 14:10:09,729 [Command processor thread] INFO  commandhandler.CreatePipelineCommandHandler (CreatePipelineCommandHandler.java:handle(109)) - Created Pipeline RATIS ONE #id: "739d0814-4cd4-43a7-82c2-d5ac1befb0e7"
uuid128 {
  mostSigBits: 8330823768986633127
  leastSigBits: -9024415768117268249
}
.
2020-07-08 14:10:09,729 [Command processor thread] INFO  impl.RaftServerProxy (RaftServerProxy.java:addNew(89)) - 280695a2-ab39-4103-98fb-325cbc6182a1: addNew group-D9414BCA1D20:[c28ef88f-9b25-4426-804e-afc9c4445efc:172.17.0.2:40607, a091f5b3-7442-44ba-a161-b66621ecd7ea:172.17.0.2:43945, 280695a2-ab39-4103-98fb-325cbc6182a1:172.17.0.2:39071] returns group-D9414BCA1D20:java.util.concurrent.CompletableFuture@61fbf9d3[Not completed]
2020-07-08 14:10:09,730 [pool-138-thread-1] INFO  impl.RaftServerImpl (RaftServerImpl.java:<init>(99)) - 280695a2-ab39-4103-98fb-325cbc6182a1: new RaftServerImpl for group-D9414BCA1D20:[c28ef88f-9b25-4426-804e-afc9c4445efc:172.17.0.2:40607, a091f5b3-7442-44ba-a161-b66621ecd7ea:172.17.0.2:43945, 280695a2-ab39-4103-98fb-325cbc6182a1:172.17.0.2:39071] with ContainerStateMachine:uninitialized
2020-07-08 14:10:09,730 [pool-138-thread-1] INFO  server.RaftServerConfigKeys (ConfUtils.java:logGet(44)) - raft.server.rpc.timeout.min = 5s (custom)
2020-07-08 14:10:09,730 [pool-138-thread-1] INFO  server.RaftServerConfigKeys (ConfUtils.java:logGet(44)) - raft.server.rpc.timeout.max = 5200ms (custom)
2020-07-08 14:10:09,730 [pool-138-thread-1] INFO  server.RaftServerConfigKeys (ConfUtils.java:logGet(44)) - raft.server.rpcslowness.timeout = 300000ms (custom)
2020-07-08 14:10:09,730 [pool-138-thread-1] INFO  server.RaftServerConfigKeys (ConfUtils.java:logGet(44)) - raft.server.sleep.deviation.threshold = 300 (default)
2020-07-08 14:10:09,730 [pool-138-thread-1] INFO  server.RaftServerConfigKeys (ConfUtils.java:logGet(44)) - raft.server.log.appender.install.snapshot.enabled = false (custom)
2020-07-08 14:10:09,730 [pool-138-thread-1] INFO  impl.RaftServerImpl (ServerState.java:<init>(103)) - 280695a2-ab39-4103-98fb-325cbc6182a1@group-D9414BCA1D20: ConfigurationManager, init=-1: [c28ef88f-9b25-4426-804e-afc9c4445efc:172.17.0.2:40607, a091f5b3-7442-44ba-a161-b66621ecd7ea:172.17.0.2:43945, 280695a2-ab39-4103-98fb-325cbc6182a1:172.17.0.2:39071], old=null, confs=<EMPTY_MAP>
2020-07-08 14:10:09,731 [pool-138-thread-1] INFO  server.RaftServerConfigKeys (ConfUtils.java:logGet(44)) - raft.server.storage.dir = [/github/workspace/mnt/ozone/hadoop-ozone/integration-test/target/test-dir/MiniOzoneClusterImpl-32bd3365-c0fa-4882-bde6-5b86600e32bb/datanode-7/data/ratis] (custom)
2020-07-08 14:10:09,731 [pool-138-thread-1] INFO  server.RaftServerConfigKeys (ConfUtils.java:logGet(44)) - raft.server.log.corruption.policy = EXCEPTION (default)
2020-07-08 14:10:09,731 [pool-138-thread-1] INFO  storage.RaftStorageDirectory (RaftStorageDirectory.java:analyzeStorage(261)) - The storage directory /github/workspace/mnt/ozone/hadoop-ozone/integration-test/target/test-dir/MiniOzoneClusterImpl-32bd3365-c0fa-4882-bde6-5b86600e32bb/datanode-7/data/ratis/de7fcfac-ff0f-40cd-958a-d9414bca1d20 does not exist. Creating ...
2020-07-08 14:10:09,732 [pool-123-thread-1] INFO  server.RaftServerConfigKeys (ConfUtils.java:logGet(44)) - raft.server.log.statemachine.data.caching.enabled = true (custom)
2020-07-08 14:10:09,733 [pool-123-thread-1] INFO  segmented.SegmentedRaftLogWorker (SegmentedRaftLogWorker.java:lambda$new$0(129)) - c28ef88f-9b25-4426-804e-afc9c4445efc@group-8AE7E06557AC-SegmentedRaftLogWorker: flushIndex: setUnconditionally 0 -> -1
2020-07-08 14:10:09,733 [pool-123-thread-1] INFO  segmented.SegmentedRaftLogWorker (SegmentedRaftLogWorker.java:lambda$new$0(129)) - c28ef88f-9b25-4426-804e-afc9c4445efc@group-8AE7E06557AC-SegmentedRaftLogWorker: safeCacheEvictIndex: setUnconditionally 0 -> -1
2020-07-08 14:10:09,733 [pool-138-thread-1] INFO  storage.RaftStorageDirectory (RaftStorageDirectory.java:tryLock(343)) - Lock on /github/workspace/mnt/ozone/hadoop-ozone/integration-test/target/test-dir/MiniOzoneClusterImpl-32bd3365-c0fa-4882-bde6-5b86600e32bb/datanode-7/data/ratis/de7fcfac-ff0f-40cd-958a-d9414bca1d20/in_use.lock acquired by nodename 40207@fa59273552ea
2020-07-08 14:10:09,734 [pool-138-thread-1] INFO  storage.RaftStorage (RaftStorage.java:format(84)) - Storage directory /github/workspace/mnt/ozone/hadoop-ozone/integration-test/target/test-dir/MiniOzoneClusterImpl-32bd3365-c0fa-4882-bde6-5b86600e32bb/datanode-7/data/ratis/de7fcfac-ff0f-40cd-958a-d9414bca1d20 has been successfully formatted.
2020-07-08 14:10:09,748 [Command processor thread] INFO  impl.RaftServerProxy (RaftServerProxy.java:addNew(89)) - 6e7cd3db-72e2-4b3a-8ef8-c30d2b0a8f56: addNew group-02008BE8667B:[6e7cd3db-72e2-4b3a-8ef8-c30d2b0a8f56:172.17.0.2:33797] returns group-02008BE8667B:java.util.concurrent.CompletableFuture@4ae8835[Not completed]
2020-07-08 14:10:09,753 [pool-153-thread-1] INFO  ratis.ContainerStateMachine (ContainerStateMachine.java:loadSnapshot(225)) - group-F38D8A4CCFDB: The snapshot info is null. Setting the last applied indexto:(t:0, i:~)
2020-07-08 14:10:09,753 [pool-153-thread-1] INFO  server.RaftServerConfigKeys (ConfUtils.java:logGet(44)) - raft.server.notification.no-leader.timeout = 60s (default)
2020-07-08 14:10:09,753 [pool-153-thread-1] INFO  server.RaftServerConfigKeys (ConfUtils.java:logGet(44)) - raft.server.log.use.memory = false (default)
2020-07-08 14:10:09,753 [pool-153-thread-1] INFO  server.RaftServerConfigKeys (ConfUtils.java:logGet(44)) - raft.server.log.purge.gap = 1000000 (custom)
2020-07-08 14:10:09,753 [pool-153-thread-1] INFO  server.RaftServerConfigKeys (ConfUtils.java:logGet(44)) - raft.server.log.appender.buffer.byte-limit = 33554432 (custom)
2020-07-08 14:10:09,754 [pool-153-thread-1] INFO  server.RaftServerConfigKeys (ConfUtils.java:logGet(44)) - raft.server.log.segment.size.max = 1048576 (custom)
2020-07-08 14:10:09,755 [pool-153-thread-1] INFO  metrics.RatisMetrics (RatisMetrics.java:lambda$create$0(36)) - Creating Metrics Registry : ratis.log_worker.a091f5b3-7442-44ba-a161-b66621ecd7ea@group-F38D8A4CCFDB
2020-07-08 14:10:09,755 [pool-153-thread-1] INFO  server.RaftServerConfigKeys (ConfUtils.java:logGet(44)) - raft.server.log.segment.cache.num.max = 2 (custom)
2020-07-08 14:10:09,755 [pool-153-thread-1] INFO  segmented.SegmentedRaftLogWorker (SegmentedRaftLogWorker.java:<init>(180)) - new a091f5b3-7442-44ba-a161-b66621ecd7ea@group-F38D8A4CCFDB-SegmentedRaftLogWorker for RaftStorage:Storage Directory /github/workspace/mnt/ozone/hadoop-ozone/integration-test/target/test-dir/MiniOzoneClusterImpl-32bd3365-c0fa-4882-bde6-5b86600e32bb/datanode-8/data/ratis/959276bf-6dcb-414d-ac6d-f38d8a4ccfdb
2020-07-08 14:10:09,755 [pool-153-thread-1] INFO  server.RaftServerConfigKeys (ConfUtils.java:logGet(44)) - raft.server.log.queue.byte-limit = 2147483647 (custom)
2020-07-08 14:10:09,755 [pool-153-thread-1] INFO  server.RaftServerConfigKeys (ConfUtils.java:logGet(44)) - raft.server.log.queue.element-limit = 1024 (custom)
2020-07-08 14:10:09,755 [pool-153-thread-1] INFO  server.RaftServerConfigKeys (ConfUtils.java:logGet(44)) - raft.server.log.segment.size.max = 1048576 (custom)
2020-07-08 14:10:09,755 [pool-153-thread-1] INFO  server.RaftServerConfigKeys (ConfUtils.java:logGet(44)) - raft.server.log.preallocated.size = 16384 (custom)
2020-07-08 14:10:09,755 [pool-153-thread-1] INFO  server.RaftServerConfigKeys (ConfUtils.java:logGet(44)) - raft.server.log.write.buffer.size = 1048576 (custom)
2020-07-08 14:10:09,755 [pool-153-thread-1] INFO  server.RaftServerConfigKeys (ConfUtils.java:logGet(44)) - raft.server.log.force.sync.num = 128 (default)
2020-07-08 14:10:09,755 [pool-153-thread-1] INFO  server.RaftServerConfigKeys (ConfUtils.java:logGet(44)) - raft.server.log.statemachine.data.sync = true (default)
2020-07-08 14:10:09,755 [pool-153-thread-1] INFO  server.RaftServerConfigKeys (ConfUtils.java:logGet(44)) - raft.server.log.statemachine.data.sync.timeout = 10s (default)
2020-07-08 14:10:09,773 [pool-153-thread-1] INFO  server.RaftServerConfigKeys (ConfUtils.java:logGet(44)) - raft.server.log.statemachine.data.sync.timeout.retry = -1 (default)
2020-07-08 14:10:09,776 [pool-153-thread-1] INFO  server.RaftServerConfigKeys (ConfUtils.java:logGet(44)) - raft.server.log.statemachine.data.caching.enabled = true (custom)
2020-07-08 14:10:09,776 [pool-153-thread-1] INFO  segmented.SegmentedRaftLogWorker (SegmentedRaftLogWorker.java:lambda$new$0(129)) - a091f5b3-7442-44ba-a161-b66621ecd7ea@group-F38D8A4CCFDB-SegmentedRaftLogWorker: flushIndex: setUnconditionally 0 -> -1
2020-07-08 14:10:09,776 [pool-153-thread-1] INFO  segmented.SegmentedRaftLogWorker (SegmentedRaftLogWorker.java:lambda$new$0(129)) - a091f5b3-7442-44ba-a161-b66621ecd7ea@group-F38D8A4CCFDB-SegmentedRaftLogWorker: safeCacheEvictIndex: setUnconditionally 0 -> -1
2020-07-08 14:10:09,754 [pool-93-thread-1] INFO  server.RaftServerConfigKeys (ConfUtils.java:logGet(44)) - raft.server.retrycache.expirytime = 600000ms (custom)
2020-07-08 14:10:09,769 [pool-123-thread-1] INFO  server.RaftServerConfigKeys (ConfUtils.java:logGet(44)) - raft.server.snapshot.auto.trigger.enabled = true (custom)
2020-07-08 14:10:09,777 [pool-123-thread-1] INFO  server.RaftServerConfigKeys (ConfUtils.java:logGet(44)) - raft.server.snapshot.auto.trigger.threshold = 1 (custom)
2020-07-08 14:10:09,777 [pool-123-thread-1] INFO  server.RaftServerConfigKeys (ConfUtils.java:logGet(44)) - raft.server.snapshot.retention.file.num = 5 (custom)
2020-07-08 14:10:09,777 [pool-123-thread-1] INFO  server.RaftServerConfigKeys (ConfUtils.java:logGet(44)) - raft.server.log.purge.upto.snapshot.index = false (default)
2020-07-08 14:10:09,761 [pool-138-thread-1] INFO  ratis.ContainerStateMachine (ContainerStateMachine.java:loadSnapshot(225)) - group-D9414BCA1D20: The snapshot info is null. Setting the last applied indexto:(t:0, i:~)
2020-07-08 14:10:09,761 [pool-168-thread-1] INFO  impl.RaftServerImpl (RaftServerImpl.java:<init>(99)) - 6e7cd3db-72e2-4b3a-8ef8-c30d2b0a8f56: new RaftServerImpl for group-02008BE8667B:[6e7cd3db-72e2-4b3a-8ef8-c30d2b0a8f56:172.17.0.2:33797] with ContainerStateMachine:uninitialized
2020-07-08 14:10:09,758 [pool-108-thread-1] INFO  server.RaftServerConfigKeys (ConfUtils.java:logGet(44)) - raft.server.log.statemachine.data.caching.enabled = true (custom)
2020-07-08 14:10:09,757 [EventQueue-PipelineReportForPipelineReportHandler] INFO  pipeline.PipelineStateManager (PipelineStateManager.java:openPipeline(131)) - Pipeline Pipeline[ Id: 959276bf-6dcb-414d-ac6d-f38d8a4ccfdb, Nodes: a091f5b3-7442-44ba-a161-b66621ecd7ea{ip: 172.17.0.2, host: fa59273552ea, networkLocation: /default-rack, certSerialId: null}, Type:RATIS, Factor:ONE, State:ALLOCATED, leaderId:a091f5b3-7442-44ba-a161-b66621ecd7ea, CreationTimestamp2020-07-08T14:10:06.676Z] moved to OPEN state
2020-07-08 14:10:09,777 [pool-108-thread-1] INFO  segmented.SegmentedRaftLogWorker (SegmentedRaftLogWorker.java:lambda$new$0(129)) - f826a808-1191-49e1-9c45-32a2a6ec2e98@group-52AB4D538DE5-SegmentedRaftLogWorker: flushIndex: setUnconditionally 0 -> -1
2020-07-08 14:10:09,777 [pool-108-thread-1] INFO  segmented.SegmentedRaftLogWorker (SegmentedRaftLogWorker.java:lambda$new$0(129)) - f826a808-1191-49e1-9c45-32a2a6ec2e98@group-52AB4D538DE5-SegmentedRaftLogWorker: safeCacheEvictIndex: setUnconditionally 0 -> -1
2020-07-08 14:10:09,777 [pool-168-thread-1] INFO  server.RaftServerConfigKeys (ConfUtils.java:logGet(44)) - raft.server.rpc.timeout.min = 5s (custom)
2020-07-08 14:10:09,777 [pool-138-thread-1] INFO  server.RaftServerConfigKeys (ConfUtils.java:logGet(44)) - raft.server.notification.no-leader.timeout = 60s (default)
2020-07-08 14:10:09,778 [pool-138-thread-1] INFO  server.RaftServerConfigKeys (ConfUtils.java:logGet(44)) - raft.server.log.use.memory = false (default)
2020-07-08 14:10:09,778 [pool-138-thread-1] INFO  server.RaftServerConfigKeys (ConfUtils.java:logGet(44)) - raft.server.log.purge.gap = 1000000 (custom)
2020-07-08 14:10:09,778 [pool-138-thread-1] INFO  server.RaftServerConfigKeys (ConfUtils.java:logGet(44)) - raft.server.log.appender.buffer.byte-limit = 33554432 (custom)
2020-07-08 14:10:09,778 [pool-138-thread-1] INFO  server.RaftServerConfigKeys (ConfUtils.java:logGet(44)) - raft.server.log.segment.size.max = 1048576 (custom)
2020-07-08 14:10:09,778 [pool-138-thread-1] INFO  metrics.RatisMetrics (RatisMetrics.java:lambda$create$0(36)) - Creating Metrics Registry : ratis.log_worker.280695a2-ab39-4103-98fb-325cbc6182a1@group-D9414BCA1D20
2020-07-08 14:10:09,778 [pool-138-thread-1] INFO  server.RaftServerConfigKeys (ConfUtils.java:logGet(44)) - raft.server.log.segment.cache.num.max = 2 (custom)
2020-07-08 14:10:09,778 [pool-138-thread-1] INFO  segmented.SegmentedRaftLogWorker (SegmentedRaftLogWorker.java:<init>(180)) - new 280695a2-ab39-4103-98fb-325cbc6182a1@group-D9414BCA1D20-SegmentedRaftLogWorker for RaftStorage:Storage Directory /github/workspace/mnt/ozone/hadoop-ozone/integration-test/target/test-dir/MiniOzoneClusterImpl-32bd3365-c0fa-4882-bde6-5b86600e32bb/datanode-7/data/ratis/de7fcfac-ff0f-40cd-958a-d9414bca1d20
2020-07-08 14:10:09,778 [pool-138-thread-1] INFO  server.RaftServerConfigKeys (ConfUtils.java:logGet(44)) - raft.server.log.queue.byte-limit = 2147483647 (custom)
2020-07-08 14:10:09,778 [pool-138-thread-1] INFO  server.RaftServerConfigKeys (ConfUtils.java:logGet(44)) - raft.server.log.queue.element-limit = 1024 (custom)
2020-07-08 14:10:09,778 [pool-138-thread-1] INFO  server.RaftServerConfigKeys (ConfUtils.java:logGet(44)) - raft.server.log.segment.size.max = 1048576 (custom)
2020-07-08 14:10:09,778 [pool-138-thread-1] INFO  server.RaftServerConfigKeys (ConfUtils.java:logGet(44)) - raft.server.log.preallocated.size = 16384 (custom)
2020-07-08 14:10:09,778 [pool-138-thread-1] INFO  server.RaftServerConfigKeys (ConfUtils.java:logGet(44)) - raft.server.log.write.buffer.size = 1048576 (custom)
2020-07-08 14:10:09,778 [pool-138-thread-1] INFO  server.RaftServerConfigKeys (ConfUtils.java:logGet(44)) - raft.server.log.force.sync.num = 128 (default)
2020-07-08 14:10:09,778 [pool-138-thread-1] INFO  server.RaftServerConfigKeys (ConfUtils.java:logGet(44)) - raft.server.log.statemachine.data.sync = true (default)
2020-07-08 14:10:09,779 [pool-138-thread-1] INFO  server.RaftServerConfigKeys (ConfUtils.java:logGet(44)) - raft.server.log.statemachine.data.sync.timeout = 10s (default)
2020-07-08 14:10:09,779 [pool-138-thread-1] INFO  server.RaftServerConfigKeys (ConfUtils.java:logGet(44)) - raft.server.log.statemachine.data.sync.timeout.retry = -1 (default)
2020-07-08 14:10:09,777 [pool-93-thread-1] INFO  metrics.RatisMetrics (RatisMetrics.java:lambda$create$0(36)) - Creating Metrics Registry : ratis.leader_election.d017e2c5-c92e-4431-be88-95bb161f4165@group-85823D3FCDD2
2020-07-08 14:10:09,778 [pool-168-thread-1] INFO  server.RaftServerConfigKeys (ConfUtils.java:logGet(44)) - raft.server.rpc.timeout.max = 5200ms (custom)
2020-07-08 14:10:09,779 [pool-168-thread-1] INFO  server.RaftServerConfigKeys (ConfUtils.java:logGet(44)) - raft.server.rpcslowness.timeout = 300000ms (custom)
2020-07-08 14:10:09,779 [pool-168-thread-1] INFO  server.RaftServerConfigKeys (ConfUtils.java:logGet(44)) - raft.server.sleep.deviation.threshold = 300 (default)
2020-07-08 14:10:09,779 [pool-168-thread-1] INFO  server.RaftServerConfigKeys (ConfUtils.java:logGet(44)) - raft.server.log.appender.install.snapshot.enabled = false (custom)
2020-07-08 14:10:09,779 [pool-168-thread-1] INFO  impl.RaftServerImpl (ServerState.java:<init>(103)) - 6e7cd3db-72e2-4b3a-8ef8-c30d2b0a8f56@group-02008BE8667B: ConfigurationManager, init=-1: [6e7cd3db-72e2-4b3a-8ef8-c30d2b0a8f56:172.17.0.2:33797], old=null, confs=<EMPTY_MAP>
2020-07-08 14:10:09,779 [pool-93-thread-1] INFO  metrics.RatisMetrics (RatisMetrics.java:lambda$create$0(36)) - Creating Metrics Registry : ratis.server.d017e2c5-c92e-4431-be88-95bb161f4165@group-85823D3FCDD2
2020-07-08 14:10:09,780 [pool-93-thread-1] INFO  impl.RaftServerImpl (RaftServerImpl.java:start(186)) - d017e2c5-c92e-4431-be88-95bb161f4165@group-85823D3FCDD2: start as a follower, conf=-1: [f826a808-1191-49e1-9c45-32a2a6ec2e98:172.17.0.2:38585, 1beaea03-3085-41d3-a7f9-4c54f70b633b:172.17.0.2:38777, d017e2c5-c92e-4431-be88-95bb161f4165:172.17.0.2:46205], old=null
2020-07-08 14:10:09,780 [pool-93-thread-1] INFO  impl.RaftServerImpl (RaftServerImpl.java:setRole(175)) - d017e2c5-c92e-4431-be88-95bb161f4165@group-85823D3FCDD2: changes role from      null to FOLLOWER at term 0 for startAsFollower
2020-07-08 14:10:09,777 [EventQueue-OpenPipelineForHealthyPipelineSafeModeRule] INFO  safemode.SCMSafeModeManager (HealthyPipelineSafeModeRule.java:process(129)) - SCM in safe mode. Healthy pipelines reported count is 0, required healthy pipeline reported count is 1
2020-07-08 14:10:09,777 [EventQueue-OpenPipelineForOneReplicaPipelineSafeModeRule] INFO  safemode.SCMSafeModeManager (SCMSafeModeManager.java:validateSafeModeExitRules(214)) - AtleastOneDatanodeReportedRule rule is successfully validated
2020-07-08 14:10:09,779 [pool-168-thread-1] INFO  server.RaftServerConfigKeys (ConfUtils.java:logGet(44)) - raft.server.storage.dir = [/github/workspace/mnt/ozone/hadoop-ozone/integration-test/target/test-dir/MiniOzoneClusterImpl-32bd3365-c0fa-4882-bde6-5b86600e32bb/datanode-9/data/ratis] (custom)
2020-07-08 14:10:09,781 [pool-168-thread-1] INFO  server.RaftServerConfigKeys (ConfUtils.java:logGet(44)) - raft.server.log.corruption.policy = EXCEPTION (default)
2020-07-08 14:10:09,781 [pool-168-thread-1] INFO  storage.RaftStorageDirectory (RaftStorageDirectory.java:analyzeStorage(261)) - The storage directory /github/workspace/mnt/ozone/hadoop-ozone/integration-test/target/test-dir/MiniOzoneClusterImpl-32bd3365-c0fa-4882-bde6-5b86600e32bb/datanode-9/data/ratis/d874ac75-60a7-44ed-82fd-02008be8667b does not exist. Creating ...
2020-07-08 14:10:09,782 [pool-168-thread-1] INFO  storage.RaftStorageDirectory (RaftStorageDirectory.java:tryLock(343)) - Lock on /github/workspace/mnt/ozone/hadoop-ozone/integration-test/target/test-dir/MiniOzoneClusterImpl-32bd3365-c0fa-4882-bde6-5b86600e32bb/datanode-9/data/ratis/d874ac75-60a7-44ed-82fd-02008be8667b/in_use.lock acquired by nodename 40207@fa59273552ea
2020-07-08 14:10:09,784 [pool-168-thread-1] INFO  storage.RaftStorage (RaftStorage.java:format(84)) - Storage directory /github/workspace/mnt/ozone/hadoop-ozone/integration-test/target/test-dir/MiniOzoneClusterImpl-32bd3365-c0fa-4882-bde6-5b86600e32bb/datanode-9/data/ratis/d874ac75-60a7-44ed-82fd-02008be8667b has been successfully formatted.
2020-07-08 14:10:09,786 [pool-153-thread-1] INFO  server.RaftServerConfigKeys (ConfUtils.java:logGet(44)) - raft.server.snapshot.auto.trigger.enabled = true (custom)
2020-07-08 14:10:09,786 [pool-153-thread-1] INFO  server.RaftServerConfigKeys (ConfUtils.java:logGet(44)) - raft.server.snapshot.auto.trigger.threshold = 1 (custom)
2020-07-08 14:10:09,786 [pool-153-thread-1] INFO  server.RaftServerConfigKeys (ConfUtils.java:logGet(44)) - raft.server.snapshot.retention.file.num = 5 (custom)
2020-07-08 14:10:09,786 [pool-153-thread-1] INFO  server.RaftServerConfigKeys (ConfUtils.java:logGet(44)) - raft.server.log.purge.upto.snapshot.index = false (default)
2020-07-08 14:10:09,786 [pool-153-thread-1] INFO  server.RaftServerConfigKeys (ConfUtils.java:logGet(44)) - raft.server.retrycache.expirytime = 600000ms (custom)
2020-07-08 14:10:09,786 [pool-153-thread-1] INFO  metrics.RatisMetrics (RatisMetrics.java:lambda$create$0(36)) - Creating Metrics Registry : ratis.leader_election.a091f5b3-7442-44ba-a161-b66621ecd7ea@group-F38D8A4CCFDB
2020-07-08 14:10:09,787 [pool-153-thread-1] INFO  metrics.RatisMetrics (RatisMetrics.java:lambda$create$0(36)) - Creating Metrics Registry : ratis.server.a091f5b3-7442-44ba-a161-b66621ecd7ea@group-F38D8A4CCFDB
2020-07-08 14:10:09,788 [pool-153-thread-1] INFO  impl.RaftServerImpl (RaftServerImpl.java:start(186)) - a091f5b3-7442-44ba-a161-b66621ecd7ea@group-F38D8A4CCFDB: start as a follower, conf=-1: [a091f5b3-7442-44ba-a161-b66621ecd7ea:172.17.0.2:43945], old=null
2020-07-08 14:10:09,788 [pool-153-thread-1] INFO  impl.RaftServerImpl (RaftServerImpl.java:setRole(175)) - a091f5b3-7442-44ba-a161-b66621ecd7ea@group-F38D8A4CCFDB: changes role from      null to FOLLOWER at term 0 for startAsFollower
2020-07-08 14:10:09,788 [pool-153-thread-1] INFO  impl.RoleInfo (RoleInfo.java:updateAndGet(143)) - a091f5b3-7442-44ba-a161-b66621ecd7ea: start FollowerState
2020-07-08 14:10:09,794 [pool-153-thread-1] INFO  util.JmxRegister (JmxRegister.java:tryRegister(44)) - Successfully registered JMX Bean with object name Ratis:service=RaftServer,group=group-F38D8A4CCFDB,id=a091f5b3-7442-44ba-a161-b66621ecd7ea
2020-07-08 14:10:09,794 [pool-153-thread-1] INFO  metrics.RatisMetrics (RatisMetrics.java:lambda$create$0(36)) - Creating Metrics Registry : ratis.state_machine.a091f5b3-7442-44ba-a161-b66621ecd7ea@group-F38D8A4CCFDB
2020-07-08 14:10:09,798 [Command processor thread] INFO  commandhandler.CreatePipelineCommandHandler (CreatePipelineCommandHandler.java:handle(109)) - Created Pipeline RATIS ONE #id: "959276bf-6dcb-414d-ac6d-f38d8a4ccfdb"
uuid128 {
  mostSigBits: -7668936650905665203
  leastSigBits: -6021889337488257061
}
.
2020-07-08 14:10:09,798 [Command processor thread] INFO  impl.RaftServerProxy (RaftServerProxy.java:addNew(89)) - a091f5b3-7442-44ba-a161-b66621ecd7ea: addNew group-D9414BCA1D20:[c28ef88f-9b25-4426-804e-afc9c4445efc:172.17.0.2:40607, a091f5b3-7442-44ba-a161-b66621ecd7ea:172.17.0.2:43945, 280695a2-ab39-4103-98fb-325cbc6182a1:172.17.0.2:39071] returns group-D9414BCA1D20:java.util.concurrent.CompletableFuture@47241516[Not completed]
2020-07-08 14:10:09,799 [pool-153-thread-1] INFO  impl.RaftServerImpl (RaftServerImpl.java:<init>(99)) - a091f5b3-7442-44ba-a161-b66621ecd7ea: new RaftServerImpl for group-D9414BCA1D20:[c28ef88f-9b25-4426-804e-afc9c4445efc:172.17.0.2:40607, a091f5b3-7442-44ba-a161-b66621ecd7ea:172.17.0.2:43945, 280695a2-ab39-4103-98fb-325cbc6182a1:172.17.0.2:39071] with ContainerStateMachine:uninitialized
2020-07-08 14:10:09,799 [pool-153-thread-1] INFO  server.RaftServerConfigKeys (ConfUtils.java:logGet(44)) - raft.server.rpc.timeout.min = 5s (custom)
2020-07-08 14:10:09,799 [pool-153-thread-1] INFO  server.RaftServerConfigKeys (ConfUtils.java:logGet(44)) - raft.server.rpc.timeout.max = 5200ms (custom)
2020-07-08 14:10:09,800 [pool-153-thread-1] INFO  server.RaftServerConfigKeys (ConfUtils.java:logGet(44)) - raft.server.rpcslowness.timeout = 300000ms (custom)
2020-07-08 14:10:09,800 [pool-153-thread-1] INFO  server.RaftServerConfigKeys (ConfUtils.java:logGet(44)) - raft.server.sleep.deviation.threshold = 300 (default)
2020-07-08 14:10:09,800 [pool-153-thread-1] INFO  server.RaftServerConfigKeys (ConfUtils.java:logGet(44)) - raft.server.log.appender.install.snapshot.enabled = false (custom)
2020-07-08 14:10:09,800 [pool-153-thread-1] INFO  impl.RaftServerImpl (ServerState.java:<init>(103)) - a091f5b3-7442-44ba-a161-b66621ecd7ea@group-D9414BCA1D20: ConfigurationManager, init=-1: [c28ef88f-9b25-4426-804e-afc9c4445efc:172.17.0.2:40607, a091f5b3-7442-44ba-a161-b66621ecd7ea:172.17.0.2:43945, 280695a2-ab39-4103-98fb-325cbc6182a1:172.17.0.2:39071], old=null, confs=<EMPTY_MAP>
2020-07-08 14:10:09,800 [pool-153-thread-1] INFO  server.RaftServerConfigKeys (ConfUtils.java:logGet(44)) - raft.server.storage.dir = [/github/workspace/mnt/ozone/hadoop-ozone/integration-test/target/test-dir/MiniOzoneClusterImpl-32bd3365-c0fa-4882-bde6-5b86600e32bb/datanode-8/data/ratis] (custom)
2020-07-08 14:10:09,800 [pool-153-thread-1] INFO  server.RaftServerConfigKeys (ConfUtils.java:logGet(44)) - raft.server.log.corruption.policy = EXCEPTION (default)
2020-07-08 14:10:09,800 [pool-153-thread-1] INFO  storage.RaftStorageDirectory (RaftStorageDirectory.java:analyzeStorage(261)) - The storage directory /github/workspace/mnt/ozone/hadoop-ozone/integration-test/target/test-dir/MiniOzoneClusterImpl-32bd3365-c0fa-4882-bde6-5b86600e32bb/datanode-8/data/ratis/de7fcfac-ff0f-40cd-958a-d9414bca1d20 does not exist. Creating ...
2020-07-08 14:10:09,800 [pool-168-thread-1] INFO  ratis.ContainerStateMachine (ContainerStateMachine.java:loadSnapshot(225)) - group-02008BE8667B: The snapshot info is null. Setting the last applied indexto:(t:0, i:~)
2020-07-08 14:10:09,800 [pool-168-thread-1] INFO  server.RaftServerConfigKeys (ConfUtils.java:logGet(44)) - raft.server.notification.no-leader.timeout = 60s (default)
2020-07-08 14:10:09,804 [pool-168-thread-1] INFO  server.RaftServerConfigKeys (ConfUtils.java:logGet(44)) - raft.server.log.use.memory = false (default)
2020-07-08 14:10:09,804 [pool-168-thread-1] INFO  server.RaftServerConfigKeys (ConfUtils.java:logGet(44)) - raft.server.log.purge.gap = 1000000 (custom)
2020-07-08 14:10:09,804 [pool-168-thread-1] INFO  server.RaftServerConfigKeys (ConfUtils.java:logGet(44)) - raft.server.log.appender.buffer.byte-limit = 33554432 (custom)
2020-07-08 14:10:09,804 [pool-168-thread-1] INFO  server.RaftServerConfigKeys (ConfUtils.java:logGet(44)) - raft.server.log.segment.size.max = 1048576 (custom)
2020-07-08 14:10:09,804 [pool-168-thread-1] INFO  metrics.RatisMetrics (RatisMetrics.java:lambda$create$0(36)) - Creating Metrics Registry : ratis.log_worker.6e7cd3db-72e2-4b3a-8ef8-c30d2b0a8f56@group-02008BE8667B
2020-07-08 14:10:09,804 [pool-168-thread-1] INFO  server.RaftServerConfigKeys (ConfUtils.java:logGet(44)) - raft.server.log.segment.cache.num.max = 2 (custom)
2020-07-08 14:10:09,804 [pool-168-thread-1] INFO  segmented.SegmentedRaftLogWorker (SegmentedRaftLogWorker.java:<init>(180)) - new 6e7cd3db-72e2-4b3a-8ef8-c30d2b0a8f56@group-02008BE8667B-SegmentedRaftLogWorker for RaftStorage:Storage Directory /github/workspace/mnt/ozone/hadoop-ozone/integration-test/target/test-dir/MiniOzoneClusterImpl-32bd3365-c0fa-4882-bde6-5b86600e32bb/datanode-9/data/ratis/d874ac75-60a7-44ed-82fd-02008be8667b
2020-07-08 14:10:09,805 [pool-168-thread-1] INFO  server.RaftServerConfigKeys (ConfUtils.java:logGet(44)) - raft.server.log.queue.byte-limit = 2147483647 (custom)
2020-07-08 14:10:09,805 [pool-168-thread-1] INFO  server.RaftServerConfigKeys (ConfUtils.java:logGet(44)) - raft.server.log.queue.element-limit = 1024 (custom)
2020-07-08 14:10:09,805 [pool-168-thread-1] INFO  server.RaftServerConfigKeys (ConfUtils.java:logGet(44)) - raft.server.log.segment.size.max = 1048576 (custom)
2020-07-08 14:10:09,805 [pool-168-thread-1] INFO  server.RaftServerConfigKeys (ConfUtils.java:logGet(44)) - raft.server.log.preallocated.size = 16384 (custom)
2020-07-08 14:10:09,805 [pool-168-thread-1] INFO  server.RaftServerConfigKeys (ConfUtils.java:logGet(44)) - raft.server.log.write.buffer.size = 1048576 (custom)
2020-07-08 14:10:09,805 [pool-168-thread-1] INFO  server.RaftServerConfigKeys (ConfUtils.java:logGet(44)) - raft.server.log.force.sync.num = 128 (default)
2020-07-08 14:10:09,805 [pool-168-thread-1] INFO  server.RaftServerConfigKeys (ConfUtils.java:logGet(44)) - raft.server.log.statemachine.data.sync = true (default)
2020-07-08 14:10:09,805 [pool-168-thread-1] INFO  server.RaftServerConfigKeys (ConfUtils.java:logGet(44)) - raft.server.log.statemachine.data.sync.timeout = 10s (default)
2020-07-08 14:10:09,805 [pool-168-thread-1] INFO  server.RaftServerConfigKeys (ConfUtils.java:logGet(44)) - raft.server.log.statemachine.data.sync.timeout.retry = -1 (default)
2020-07-08 14:10:09,804 [EventQueue-PipelineReportForPipelineReportHandler] INFO  pipeline.PipelineStateManager (PipelineStateManager.java:openPipeline(131)) - Pipeline Pipeline[ Id: d874ac75-60a7-44ed-82fd-02008be8667b, Nodes: 6e7cd3db-72e2-4b3a-8ef8-c30d2b0a8f56{ip: 172.17.0.2, host: fa59273552ea, networkLocation: /default-rack, certSerialId: null}, Type:RATIS, Factor:ONE, State:ALLOCATED, leaderId:6e7cd3db-72e2-4b3a-8ef8-c30d2b0a8f56, CreationTimestamp2020-07-08T14:10:06.733Z] moved to OPEN state
2020-07-08 14:10:09,805 [EventQueue-OpenPipelineForOneReplicaPipelineSafeModeRule] INFO  safemode.SCMSafeModeManager (SCMSafeModeManager.java:validateSafeModeExitRules(214)) - AtleastOneDatanodeReportedRule rule is successfully validated
2020-07-08 14:10:09,805 [EventQueue-OpenPipelineForHealthyPipelineSafeModeRule] INFO  safemode.SCMSafeModeManager (HealthyPipelineSafeModeRule.java:process(129)) - SCM in safe mode. Healthy pipelines reported count is 0, required healthy pipeline reported count is 1
2020-07-08 14:10:09,802 [pool-138-thread-1] INFO  server.RaftServerConfigKeys (ConfUtils.java:logGet(44)) - raft.server.log.statemachine.data.caching.enabled = true (custom)
2020-07-08 14:10:09,809 [pool-138-thread-1] INFO  segmented.SegmentedRaftLogWorker (SegmentedRaftLogWorker.java:lambda$new$0(129)) - 280695a2-ab39-4103-98fb-325cbc6182a1@group-D9414BCA1D20-SegmentedRaftLogWorker: flushIndex: setUnconditionally 0 -> -1
2020-07-08 14:10:09,809 [pool-138-thread-1] INFO  segmented.SegmentedRaftLogWorker (SegmentedRaftLogWorker.java:lambda$new$0(129)) - 280695a2-ab39-4103-98fb-325cbc6182a1@group-D9414BCA1D20-SegmentedRaftLogWorker: safeCacheEvictIndex: setUnconditionally 0 -> -1
2020-07-08 14:10:09,801 [pool-93-thread-1] INFO  impl.RoleInfo (RoleInfo.java:updateAndGet(143)) - d017e2c5-c92e-4431-be88-95bb161f4165: start FollowerState
2020-07-08 14:10:09,810 [pool-153-thread-1] INFO  storage.RaftStorageDirectory (RaftStorageDirectory.java:tryLock(343)) - Lock on /github/workspace/mnt/ozone/hadoop-ozone/integration-test/target/test-dir/MiniOzoneClusterImpl-32bd3365-c0fa-4882-bde6-5b86600e32bb/datanode-8/data/ratis/de7fcfac-ff0f-40cd-958a-d9414bca1d20/in_use.lock acquired by nodename 40207@fa59273552ea
2020-07-08 14:10:09,811 [pool-153-thread-1] INFO  storage.RaftStorage (RaftStorage.java:format(84)) - Storage directory /github/workspace/mnt/ozone/hadoop-ozone/integration-test/target/test-dir/MiniOzoneClusterImpl-32bd3365-c0fa-4882-bde6-5b86600e32bb/datanode-8/data/ratis/de7fcfac-ff0f-40cd-958a-d9414bca1d20 has been successfully formatted.
2020-07-08 14:10:09,815 [pool-108-thread-1] INFO  server.RaftServerConfigKeys (ConfUtils.java:logGet(44)) - raft.server.snapshot.auto.trigger.enabled = true (custom)
2020-07-08 14:10:09,815 [pool-153-thread-1] INFO  ratis.ContainerStateMachine (ContainerStateMachine.java:loadSnapshot(225)) - group-D9414BCA1D20: The snapshot info is null. Setting the last applied indexto:(t:0, i:~)
2020-07-08 14:10:09,815 [pool-153-thread-1] INFO  server.RaftServerConfigKeys (ConfUtils.java:logGet(44)) - raft.server.notification.no-leader.timeout = 60s (default)
2020-07-08 14:10:09,815 [pool-153-thread-1] INFO  server.RaftServerConfigKeys (ConfUtils.java:logGet(44)) - raft.server.log.use.memory = false (default)
2020-07-08 14:10:09,815 [pool-153-thread-1] INFO  server.RaftServerConfigKeys (ConfUtils.java:logGet(44)) - raft.server.log.purge.gap = 1000000 (custom)
2020-07-08 14:10:09,815 [pool-153-thread-1] INFO  server.RaftServerConfigKeys (ConfUtils.java:logGet(44)) - raft.server.log.appender.buffer.byte-limit = 33554432 (custom)
2020-07-08 14:10:09,815 [pool-153-thread-1] INFO  server.RaftServerConfigKeys (ConfUtils.java:logGet(44)) - raft.server.log.segment.size.max = 1048576 (custom)
2020-07-08 14:10:09,815 [pool-153-thread-1] INFO  metrics.RatisMetrics (RatisMetrics.java:lambda$create$0(36)) - Creating Metrics Registry : ratis.log_worker.a091f5b3-7442-44ba-a161-b66621ecd7ea@group-D9414BCA1D20
2020-07-08 14:10:09,815 [pool-153-thread-1] INFO  server.RaftServerConfigKeys (ConfUtils.java:logGet(44)) - raft.server.log.segment.cache.num.max = 2 (custom)
2020-07-08 14:10:09,816 [pool-153-thread-1] INFO  segmented.SegmentedRaftLogWorker (SegmentedRaftLogWorker.java:<init>(180)) - new a091f5b3-7442-44ba-a161-b66621ecd7ea@group-D9414BCA1D20-SegmentedRaftLogWorker for RaftStorage:Storage Directory /github/workspace/mnt/ozone/hadoop-ozone/integration-test/target/test-dir/MiniOzoneClusterImpl-32bd3365-c0fa-4882-bde6-5b86600e32bb/datanode-8/data/ratis/de7fcfac-ff0f-40cd-958a-d9414bca1d20
2020-07-08 14:10:09,816 [pool-153-thread-1] INFO  server.RaftServerConfigKeys (ConfUtils.java:logGet(44)) - raft.server.log.queue.byte-limit = 2147483647 (custom)
2020-07-08 14:10:09,816 [pool-153-thread-1] INFO  server.RaftServerConfigKeys (ConfUtils.java:logGet(44)) - raft.server.log.queue.element-limit = 1024 (custom)
2020-07-08 14:10:09,816 [pool-153-thread-1] INFO  server.RaftServerConfigKeys (ConfUtils.java:logGet(44)) - raft.server.log.segment.size.max = 1048576 (custom)
2020-07-08 14:10:09,816 [pool-153-thread-1] INFO  server.RaftServerConfigKeys (ConfUtils.java:logGet(44)) - raft.server.log.preallocated.size = 16384 (custom)
2020-07-08 14:10:09,816 [pool-153-thread-1] INFO  server.RaftServerConfigKeys (ConfUtils.java:logGet(44)) - raft.server.log.write.buffer.size = 1048576 (custom)
2020-07-08 14:10:09,816 [pool-153-thread-1] INFO  server.RaftServerConfigKeys (ConfUtils.java:logGet(44)) - raft.server.log.force.sync.num = 128 (default)
2020-07-08 14:10:09,816 [pool-153-thread-1] INFO  server.RaftServerConfigKeys (ConfUtils.java:logGet(44)) - raft.server.log.statemachine.data.sync = true (default)
2020-07-08 14:10:09,816 [pool-153-thread-1] INFO  server.RaftServerConfigKeys (ConfUtils.java:logGet(44)) - raft.server.log.statemachine.data.sync.timeout = 10s (default)
2020-07-08 14:10:09,816 [pool-153-thread-1] INFO  server.RaftServerConfigKeys (ConfUtils.java:logGet(44)) - raft.server.log.statemachine.data.sync.timeout.retry = -1 (default)
2020-07-08 14:10:09,815 [pool-123-thread-1] INFO  server.RaftServerConfigKeys (ConfUtils.java:logGet(44)) - raft.server.retrycache.expirytime = 600000ms (custom)
2020-07-08 14:10:09,817 [pool-123-thread-1] INFO  metrics.RatisMetrics (RatisMetrics.java:lambda$create$0(36)) - Creating Metrics Registry : ratis.leader_election.c28ef88f-9b25-4426-804e-afc9c4445efc@group-8AE7E06557AC
2020-07-08 14:10:09,817 [pool-123-thread-1] INFO  metrics.RatisMetrics (RatisMetrics.java:lambda$create$0(36)) - Creating Metrics Registry : ratis.server.c28ef88f-9b25-4426-804e-afc9c4445efc@group-8AE7E06557AC
2020-07-08 14:10:09,818 [pool-123-thread-1] INFO  impl.RaftServerImpl (RaftServerImpl.java:start(186)) - c28ef88f-9b25-4426-804e-afc9c4445efc@group-8AE7E06557AC: start as a follower, conf=-1: [c28ef88f-9b25-4426-804e-afc9c4445efc:172.17.0.2:40607], old=null
2020-07-08 14:10:09,818 [pool-123-thread-1] INFO  impl.RaftServerImpl (RaftServerImpl.java:setRole(175)) - c28ef88f-9b25-4426-804e-afc9c4445efc@group-8AE7E06557AC: changes role from      null to FOLLOWER at term 0 for startAsFollower
2020-07-08 14:10:09,815 [pool-108-thread-1] INFO  server.RaftServerConfigKeys (ConfUtils.java:logGet(44)) - raft.server.snapshot.auto.trigger.threshold = 1 (custom)
2020-07-08 14:10:09,818 [pool-108-thread-1] INFO  server.RaftServerConfigKeys (ConfUtils.java:logGet(44)) - raft.server.snapshot.retention.file.num = 5 (custom)
2020-07-08 14:10:09,818 [pool-108-thread-1] INFO  server.RaftServerConfigKeys (ConfUtils.java:logGet(44)) - raft.server.log.purge.upto.snapshot.index = false (default)
2020-07-08 14:10:09,819 [pool-153-thread-1] INFO  server.RaftServerConfigKeys (ConfUtils.java:logGet(44)) - raft.server.log.statemachine.data.caching.enabled = true (custom)
2020-07-08 14:10:09,820 [pool-153-thread-1] INFO  segmented.SegmentedRaftLogWorker (SegmentedRaftLogWorker.java:lambda$new$0(129)) - a091f5b3-7442-44ba-a161-b66621ecd7ea@group-D9414BCA1D20-SegmentedRaftLogWorker: flushIndex: setUnconditionally 0 -> -1
2020-07-08 14:10:09,820 [pool-153-thread-1] INFO  segmented.SegmentedRaftLogWorker (SegmentedRaftLogWorker.java:lambda$new$0(129)) - a091f5b3-7442-44ba-a161-b66621ecd7ea@group-D9414BCA1D20-SegmentedRaftLogWorker: safeCacheEvictIndex: setUnconditionally 0 -> -1
2020-07-08 14:10:09,822 [pool-93-thread-1] INFO  util.JmxRegister (JmxRegister.java:tryRegister(44)) - Successfully registered JMX Bean with object name Ratis:service=RaftServer,group=group-85823D3FCDD2,id=d017e2c5-c92e-4431-be88-95bb161f4165
2020-07-08 14:10:09,822 [pool-93-thread-1] INFO  metrics.RatisMetrics (RatisMetrics.java:lambda$create$0(36)) - Creating Metrics Registry : ratis.state_machine.d017e2c5-c92e-4431-be88-95bb161f4165@group-85823D3FCDD2
2020-07-08 14:10:09,834 [pool-168-thread-1] INFO  server.RaftServerConfigKeys (ConfUtils.java:logGet(44)) - raft.server.log.statemachine.data.caching.enabled = true (custom)
2020-07-08 14:10:09,834 [pool-168-thread-1] INFO  segmented.SegmentedRaftLogWorker (SegmentedRaftLogWorker.java:lambda$new$0(129)) - 6e7cd3db-72e2-4b3a-8ef8-c30d2b0a8f56@group-02008BE8667B-SegmentedRaftLogWorker: flushIndex: setUnconditionally 0 -> -1
2020-07-08 14:10:09,835 [pool-168-thread-1] INFO  segmented.SegmentedRaftLogWorker (SegmentedRaftLogWorker.java:lambda$new$0(129)) - 6e7cd3db-72e2-4b3a-8ef8-c30d2b0a8f56@group-02008BE8667B-SegmentedRaftLogWorker: safeCacheEvictIndex: setUnconditionally 0 -> -1
2020-07-08 14:10:09,835 [pool-168-thread-1] INFO  server.RaftServerConfigKeys (ConfUtils.java:logGet(44)) - raft.server.snapshot.auto.trigger.enabled = true (custom)
2020-07-08 14:10:09,835 [pool-168-thread-1] INFO  server.RaftServerConfigKeys (ConfUtils.java:logGet(44)) - raft.server.snapshot.auto.trigger.threshold = 1 (custom)
2020-07-08 14:10:09,835 [pool-168-thread-1] INFO  server.RaftServerConfigKeys (ConfUtils.java:logGet(44)) - raft.server.snapshot.retention.file.num = 5 (custom)
2020-07-08 14:10:09,835 [pool-168-thread-1] INFO  server.RaftServerConfigKeys (ConfUtils.java:logGet(44)) - raft.server.log.purge.upto.snapshot.index = false (default)
2020-07-08 14:10:09,835 [pool-168-thread-1] INFO  server.RaftServerConfigKeys (ConfUtils.java:logGet(44)) - raft.server.retrycache.expirytime = 600000ms (custom)
2020-07-08 14:10:09,835 [pool-168-thread-1] INFO  metrics.RatisMetrics (RatisMetrics.java:lambda$create$0(36)) - Creating Metrics Registry : ratis.leader_election.6e7cd3db-72e2-4b3a-8ef8-c30d2b0a8f56@group-02008BE8667B
2020-07-08 14:10:09,836 [pool-168-thread-1] INFO  metrics.RatisMetrics (RatisMetrics.java:lambda$create$0(36)) - Creating Metrics Registry : ratis.server.6e7cd3db-72e2-4b3a-8ef8-c30d2b0a8f56@group-02008BE8667B
2020-07-08 14:10:09,837 [pool-168-thread-1] INFO  impl.RaftServerImpl (RaftServerImpl.java:start(186)) - 6e7cd3db-72e2-4b3a-8ef8-c30d2b0a8f56@group-02008BE8667B: start as a follower, conf=-1: [6e7cd3db-72e2-4b3a-8ef8-c30d2b0a8f56:172.17.0.2:33797], old=null
2020-07-08 14:10:09,837 [pool-168-thread-1] INFO  impl.RaftServerImpl (RaftServerImpl.java:setRole(175)) - 6e7cd3db-72e2-4b3a-8ef8-c30d2b0a8f56@group-02008BE8667B: changes role from      null to FOLLOWER at term 0 for startAsFollower
2020-07-08 14:10:09,837 [pool-168-thread-1] INFO  impl.RoleInfo (RoleInfo.java:updateAndGet(143)) - 6e7cd3db-72e2-4b3a-8ef8-c30d2b0a8f56: start FollowerState
2020-07-08 14:10:09,841 [pool-168-thread-1] INFO  util.JmxRegister (JmxRegister.java:tryRegister(44)) - Successfully registered JMX Bean with object name Ratis:service=RaftServer,group=group-02008BE8667B,id=6e7cd3db-72e2-4b3a-8ef8-c30d2b0a8f56
2020-07-08 14:10:09,841 [pool-168-thread-1] INFO  metrics.RatisMetrics (RatisMetrics.java:lambda$create$0(36)) - Creating Metrics Registry : ratis.state_machine.6e7cd3db-72e2-4b3a-8ef8-c30d2b0a8f56@group-02008BE8667B
2020-07-08 14:10:09,845 [Command processor thread] INFO  commandhandler.CreatePipelineCommandHandler (CreatePipelineCommandHandler.java:handle(109)) - Created Pipeline RATIS ONE #id: "d874ac75-60a7-44ed-82fd-02008be8667b"
uuid128 {
  mostSigBits: -2849463044085955347
  leastSigBits: -9008041478300604805
}
.
2020-07-08 14:10:09,846 [pool-138-thread-1] INFO  server.RaftServerConfigKeys (ConfUtils.java:logGet(44)) - raft.server.snapshot.auto.trigger.enabled = true (custom)
2020-07-08 14:10:09,846 [pool-138-thread-1] INFO  server.RaftServerConfigKeys (ConfUtils.java:logGet(44)) - raft.server.snapshot.auto.trigger.threshold = 1 (custom)
2020-07-08 14:10:09,846 [pool-138-thread-1] INFO  server.RaftServerConfigKeys (ConfUtils.java:logGet(44)) - raft.server.snapshot.retention.file.num = 5 (custom)
2020-07-08 14:10:09,846 [pool-138-thread-1] INFO  server.RaftServerConfigKeys (ConfUtils.java:logGet(44)) - raft.server.log.purge.upto.snapshot.index = false (default)
2020-07-08 14:10:09,846 [pool-138-thread-1] INFO  server.RaftServerConfigKeys (ConfUtils.java:logGet(44)) - raft.server.retrycache.expirytime = 600000ms (custom)
2020-07-08 14:10:09,846 [pool-138-thread-1] INFO  metrics.RatisMetrics (RatisMetrics.java:lambda$create$0(36)) - Creating Metrics Registry : ratis.leader_election.280695a2-ab39-4103-98fb-325cbc6182a1@group-D9414BCA1D20
2020-07-08 14:10:09,846 [pool-138-thread-1] INFO  metrics.RatisMetrics (RatisMetrics.java:lambda$create$0(36)) - Creating Metrics Registry : ratis.server.280695a2-ab39-4103-98fb-325cbc6182a1@group-D9414BCA1D20
2020-07-08 14:10:09,847 [pool-138-thread-1] INFO  impl.RaftServerImpl (RaftServerImpl.java:start(186)) - 280695a2-ab39-4103-98fb-325cbc6182a1@group-D9414BCA1D20: start as a follower, conf=-1: [c28ef88f-9b25-4426-804e-afc9c4445efc:172.17.0.2:40607, a091f5b3-7442-44ba-a161-b66621ecd7ea:172.17.0.2:43945, 280695a2-ab39-4103-98fb-325cbc6182a1:172.17.0.2:39071], old=null
2020-07-08 14:10:09,847 [pool-138-thread-1] INFO  impl.RaftServerImpl (RaftServerImpl.java:setRole(175)) - 280695a2-ab39-4103-98fb-325cbc6182a1@group-D9414BCA1D20: changes role from      null to FOLLOWER at term 0 for startAsFollower
2020-07-08 14:10:09,847 [pool-138-thread-1] INFO  impl.RoleInfo (RoleInfo.java:updateAndGet(143)) - 280695a2-ab39-4103-98fb-325cbc6182a1: start FollowerState
2020-07-08 14:10:09,848 [pool-138-thread-1] INFO  util.JmxRegister (JmxRegister.java:tryRegister(44)) - Successfully registered JMX Bean with object name Ratis:service=RaftServer,group=group-D9414BCA1D20,id=280695a2-ab39-4103-98fb-325cbc6182a1
2020-07-08 14:10:09,848 [pool-138-thread-1] INFO  metrics.RatisMetrics (RatisMetrics.java:lambda$create$0(36)) - Creating Metrics Registry : ratis.state_machine.280695a2-ab39-4103-98fb-325cbc6182a1@group-D9414BCA1D20
2020-07-08 14:10:09,853 [pool-153-thread-1] INFO  server.RaftServerConfigKeys (ConfUtils.java:logGet(44)) - raft.server.snapshot.auto.trigger.enabled = true (custom)
2020-07-08 14:10:09,853 [pool-108-thread-1] INFO  server.RaftServerConfigKeys (ConfUtils.java:logGet(44)) - raft.server.retrycache.expirytime = 600000ms (custom)
2020-07-08 14:10:09,853 [pool-108-thread-1] INFO  metrics.RatisMetrics (RatisMetrics.java:lambda$create$0(36)) - Creating Metrics Registry : ratis.leader_election.f826a808-1191-49e1-9c45-32a2a6ec2e98@group-52AB4D538DE5
2020-07-08 14:10:09,853 [pool-153-thread-1] INFO  server.RaftServerConfigKeys (ConfUtils.java:logGet(44)) - raft.server.snapshot.auto.trigger.threshold = 1 (custom)
2020-07-08 14:10:09,853 [pool-153-thread-1] INFO  server.RaftServerConfigKeys (ConfUtils.java:logGet(44)) - raft.server.snapshot.retention.file.num = 5 (custom)
2020-07-08 14:10:09,853 [pool-153-thread-1] INFO  server.RaftServerConfigKeys (ConfUtils.java:logGet(44)) - raft.server.log.purge.upto.snapshot.index = false (default)
2020-07-08 14:10:09,853 [pool-153-thread-1] INFO  server.RaftServerConfigKeys (ConfUtils.java:logGet(44)) - raft.server.retrycache.expirytime = 600000ms (custom)
2020-07-08 14:10:09,853 [pool-108-thread-1] INFO  metrics.RatisMetrics (RatisMetrics.java:lambda$create$0(36)) - Creating Metrics Registry : ratis.server.f826a808-1191-49e1-9c45-32a2a6ec2e98@group-52AB4D538DE5
2020-07-08 14:10:09,853 [pool-123-thread-1] INFO  impl.RoleInfo (RoleInfo.java:updateAndGet(143)) - c28ef88f-9b25-4426-804e-afc9c4445efc: start FollowerState
2020-07-08 14:10:09,853 [pool-153-thread-1] INFO  metrics.RatisMetrics (RatisMetrics.java:lambda$create$0(36)) - Creating Metrics Registry : ratis.leader_election.a091f5b3-7442-44ba-a161-b66621ecd7ea@group-D9414BCA1D20
2020-07-08 14:10:09,865 [pool-123-thread-1] INFO  util.JmxRegister (JmxRegister.java:tryRegister(44)) - Successfully registered JMX Bean with object name Ratis:service=RaftServer,group=group-8AE7E06557AC,id=c28ef88f-9b25-4426-804e-afc9c4445efc
2020-07-08 14:10:09,865 [pool-123-thread-1] INFO  metrics.RatisMetrics (RatisMetrics.java:lambda$create$0(36)) - Creating Metrics Registry : ratis.state_machine.c28ef88f-9b25-4426-804e-afc9c4445efc@group-8AE7E06557AC
2020-07-08 14:10:09,866 [pool-153-thread-1] INFO  metrics.RatisMetrics (RatisMetrics.java:lambda$create$0(36)) - Creating Metrics Registry : ratis.server.a091f5b3-7442-44ba-a161-b66621ecd7ea@group-D9414BCA1D20
2020-07-08 14:10:09,867 [pool-108-thread-1] INFO  impl.RaftServerImpl (RaftServerImpl.java:start(186)) - f826a808-1191-49e1-9c45-32a2a6ec2e98@group-52AB4D538DE5: start as a follower, conf=-1: [f826a808-1191-49e1-9c45-32a2a6ec2e98:172.17.0.2:38585], old=null
2020-07-08 14:10:09,867 [pool-108-thread-1] INFO  impl.RaftServerImpl (RaftServerImpl.java:setRole(175)) - f826a808-1191-49e1-9c45-32a2a6ec2e98@group-52AB4D538DE5: changes role from      null to FOLLOWER at term 0 for startAsFollower
2020-07-08 14:10:09,868 [pool-153-thread-1] INFO  impl.RaftServerImpl (RaftServerImpl.java:start(186)) - a091f5b3-7442-44ba-a161-b66621ecd7ea@group-D9414BCA1D20: start as a follower, conf=-1: [c28ef88f-9b25-4426-804e-afc9c4445efc:172.17.0.2:40607, a091f5b3-7442-44ba-a161-b66621ecd7ea:172.17.0.2:43945, 280695a2-ab39-4103-98fb-325cbc6182a1:172.17.0.2:39071], old=null
2020-07-08 14:10:09,868 [pool-153-thread-1] INFO  impl.RaftServerImpl (RaftServerImpl.java:setRole(175)) - a091f5b3-7442-44ba-a161-b66621ecd7ea@group-D9414BCA1D20: changes role from      null to FOLLOWER at term 0 for startAsFollower
2020-07-08 14:10:09,872 [pool-153-thread-1] INFO  impl.RoleInfo (RoleInfo.java:updateAndGet(143)) - a091f5b3-7442-44ba-a161-b66621ecd7ea: start FollowerState
2020-07-08 14:10:09,872 [pool-108-thread-1] INFO  impl.RoleInfo (RoleInfo.java:updateAndGet(143)) - f826a808-1191-49e1-9c45-32a2a6ec2e98: start FollowerState
2020-07-08 14:10:09,872 [pool-153-thread-1] INFO  util.JmxRegister (JmxRegister.java:tryRegister(44)) - Successfully registered JMX Bean with object name Ratis:service=RaftServer,group=group-D9414BCA1D20,id=a091f5b3-7442-44ba-a161-b66621ecd7ea
2020-07-08 14:10:09,872 [pool-153-thread-1] INFO  metrics.RatisMetrics (RatisMetrics.java:lambda$create$0(36)) - Creating Metrics Registry : ratis.state_machine.a091f5b3-7442-44ba-a161-b66621ecd7ea@group-D9414BCA1D20
2020-07-08 14:10:09,873 [pool-108-thread-1] INFO  util.JmxRegister (JmxRegister.java:tryRegister(44)) - Successfully registered JMX Bean with object name Ratis:service=RaftServer,group=group-52AB4D538DE5,id=f826a808-1191-49e1-9c45-32a2a6ec2e98
2020-07-08 14:10:09,873 [pool-108-thread-1] INFO  metrics.RatisMetrics (RatisMetrics.java:lambda$create$0(36)) - Creating Metrics Registry : ratis.state_machine.f826a808-1191-49e1-9c45-32a2a6ec2e98@group-52AB4D538DE5
2020-07-08 14:10:09,877 [Command processor thread] INFO  commandhandler.CreatePipelineCommandHandler (CreatePipelineCommandHandler.java:handle(109)) - Created Pipeline RATIS ONE #id: "fbbffd08-8a85-471c-87c0-8ae7e06557ac"
uuid128 {
  mostSigBits: -306248036512348388
  leastSigBits: -8664772954554017876
}
.
2020-07-08 14:10:09,878 [Command processor thread] INFO  impl.RaftServerProxy (RaftServerProxy.java:addNew(89)) - c28ef88f-9b25-4426-804e-afc9c4445efc: addNew group-D9414BCA1D20:[c28ef88f-9b25-4426-804e-afc9c4445efc:172.17.0.2:40607, a091f5b3-7442-44ba-a161-b66621ecd7ea:172.17.0.2:43945, 280695a2-ab39-4103-98fb-325cbc6182a1:172.17.0.2:39071] returns group-D9414BCA1D20:java.util.concurrent.CompletableFuture@61fb5dbf[Not completed]
2020-07-08 14:10:09,878 [pool-123-thread-1] INFO  impl.RaftServerImpl (RaftServerImpl.java:<init>(99)) - c28ef88f-9b25-4426-804e-afc9c4445efc: new RaftServerImpl for group-D9414BCA1D20:[c28ef88f-9b25-4426-804e-afc9c4445efc:172.17.0.2:40607, a091f5b3-7442-44ba-a161-b66621ecd7ea:172.17.0.2:43945, 280695a2-ab39-4103-98fb-325cbc6182a1:172.17.0.2:39071] with ContainerStateMachine:uninitialized
2020-07-08 14:10:09,879 [pool-123-thread-1] INFO  server.RaftServerConfigKeys (ConfUtils.java:logGet(44)) - raft.server.rpc.timeout.min = 5s (custom)
2020-07-08 14:10:09,879 [pool-123-thread-1] INFO  server.RaftServerConfigKeys (ConfUtils.java:logGet(44)) - raft.server.rpc.timeout.max = 5200ms (custom)
2020-07-08 14:10:09,879 [pool-123-thread-1] INFO  server.RaftServerConfigKeys (ConfUtils.java:logGet(44)) - raft.server.rpcslowness.timeout = 300000ms (custom)
2020-07-08 14:10:09,879 [pool-123-thread-1] INFO  server.RaftServerConfigKeys (ConfUtils.java:logGet(44)) - raft.server.sleep.deviation.threshold = 300 (default)
2020-07-08 14:10:09,879 [pool-123-thread-1] INFO  server.RaftServerConfigKeys (ConfUtils.java:logGet(44)) - raft.server.log.appender.install.snapshot.enabled = false (custom)
2020-07-08 14:10:09,879 [pool-123-thread-1] INFO  impl.RaftServerImpl (ServerState.java:<init>(103)) - c28ef88f-9b25-4426-804e-afc9c4445efc@group-D9414BCA1D20: ConfigurationManager, init=-1: [c28ef88f-9b25-4426-804e-afc9c4445efc:172.17.0.2:40607, a091f5b3-7442-44ba-a161-b66621ecd7ea:172.17.0.2:43945, 280695a2-ab39-4103-98fb-325cbc6182a1:172.17.0.2:39071], old=null, confs=<EMPTY_MAP>
2020-07-08 14:10:09,879 [pool-123-thread-1] INFO  server.RaftServerConfigKeys (ConfUtils.java:logGet(44)) - raft.server.storage.dir = [/github/workspace/mnt/ozone/hadoop-ozone/integration-test/target/test-dir/MiniOzoneClusterImpl-32bd3365-c0fa-4882-bde6-5b86600e32bb/datanode-6/data/ratis] (custom)
2020-07-08 14:10:09,879 [pool-123-thread-1] INFO  server.RaftServerConfigKeys (ConfUtils.java:logGet(44)) - raft.server.log.corruption.policy = EXCEPTION (default)
2020-07-08 14:10:09,879 [pool-123-thread-1] INFO  storage.RaftStorageDirectory (RaftStorageDirectory.java:analyzeStorage(261)) - The storage directory /github/workspace/mnt/ozone/hadoop-ozone/integration-test/target/test-dir/MiniOzoneClusterImpl-32bd3365-c0fa-4882-bde6-5b86600e32bb/datanode-6/data/ratis/de7fcfac-ff0f-40cd-958a-d9414bca1d20 does not exist. Creating ...
2020-07-08 14:10:09,881 [pool-123-thread-1] INFO  storage.RaftStorageDirectory (RaftStorageDirectory.java:tryLock(343)) - Lock on /github/workspace/mnt/ozone/hadoop-ozone/integration-test/target/test-dir/MiniOzoneClusterImpl-32bd3365-c0fa-4882-bde6-5b86600e32bb/datanode-6/data/ratis/de7fcfac-ff0f-40cd-958a-d9414bca1d20/in_use.lock acquired by nodename 40207@fa59273552ea
2020-07-08 14:10:09,883 [pool-123-thread-1] INFO  storage.RaftStorage (RaftStorage.java:format(84)) - Storage directory /github/workspace/mnt/ozone/hadoop-ozone/integration-test/target/test-dir/MiniOzoneClusterImpl-32bd3365-c0fa-4882-bde6-5b86600e32bb/datanode-6/data/ratis/de7fcfac-ff0f-40cd-958a-d9414bca1d20 has been successfully formatted.
2020-07-08 14:10:09,885 [Command processor thread] INFO  commandhandler.CreatePipelineCommandHandler (CreatePipelineCommandHandler.java:handle(109)) - Created Pipeline RATIS ONE #id: "0b7698e5-94d9-404f-8b67-52ab4d538de5"
uuid128 {
  mostSigBits: 826015693481263183
  leastSigBits: -8401655684146164251
}
.
2020-07-08 14:10:09,885 [pool-123-thread-1] INFO  ratis.ContainerStateMachine (ContainerStateMachine.java:loadSnapshot(225)) - group-D9414BCA1D20: The snapshot info is null. Setting the last applied indexto:(t:0, i:~)
2020-07-08 14:10:09,885 [pool-123-thread-1] INFO  server.RaftServerConfigKeys (ConfUtils.java:logGet(44)) - raft.server.notification.no-leader.timeout = 60s (default)
2020-07-08 14:10:09,885 [pool-123-thread-1] INFO  server.RaftServerConfigKeys (ConfUtils.java:logGet(44)) - raft.server.log.use.memory = false (default)
2020-07-08 14:10:09,885 [Command processor thread] INFO  impl.RaftServerProxy (RaftServerProxy.java:addNew(89)) - f826a808-1191-49e1-9c45-32a2a6ec2e98: addNew group-85823D3FCDD2:[f826a808-1191-49e1-9c45-32a2a6ec2e98:172.17.0.2:38585, 1beaea03-3085-41d3-a7f9-4c54f70b633b:172.17.0.2:38777, d017e2c5-c92e-4431-be88-95bb161f4165:172.17.0.2:46205] returns group-85823D3FCDD2:java.util.concurrent.CompletableFuture@742dc349[Not completed]
2020-07-08 14:10:09,886 [pool-108-thread-1] INFO  impl.RaftServerImpl (RaftServerImpl.java:<init>(99)) - f826a808-1191-49e1-9c45-32a2a6ec2e98: new RaftServerImpl for group-85823D3FCDD2:[f826a808-1191-49e1-9c45-32a2a6ec2e98:172.17.0.2:38585, 1beaea03-3085-41d3-a7f9-4c54f70b633b:172.17.0.2:38777, d017e2c5-c92e-4431-be88-95bb161f4165:172.17.0.2:46205] with ContainerStateMachine:uninitialized
2020-07-08 14:10:09,886 [pool-108-thread-1] INFO  server.RaftServerConfigKeys (ConfUtils.java:logGet(44)) - raft.server.rpc.timeout.min = 5s (custom)
2020-07-08 14:10:09,887 [pool-108-thread-1] INFO  server.RaftServerConfigKeys (ConfUtils.java:logGet(44)) - raft.server.rpc.timeout.max = 5200ms (custom)
2020-07-08 14:10:09,887 [pool-108-thread-1] INFO  server.RaftServerConfigKeys (ConfUtils.java:logGet(44)) - raft.server.rpcslowness.timeout = 300000ms (custom)
2020-07-08 14:10:09,887 [pool-108-thread-1] INFO  server.RaftServerConfigKeys (ConfUtils.java:logGet(44)) - raft.server.sleep.deviation.threshold = 300 (default)
2020-07-08 14:10:09,887 [pool-108-thread-1] INFO  server.RaftServerConfigKeys (ConfUtils.java:logGet(44)) - raft.server.log.appender.install.snapshot.enabled = false (custom)
2020-07-08 14:10:09,887 [pool-108-thread-1] INFO  impl.RaftServerImpl (ServerState.java:<init>(103)) - f826a808-1191-49e1-9c45-32a2a6ec2e98@group-85823D3FCDD2: ConfigurationManager, init=-1: [f826a808-1191-49e1-9c45-32a2a6ec2e98:172.17.0.2:38585, 1beaea03-3085-41d3-a7f9-4c54f70b633b:172.17.0.2:38777, d017e2c5-c92e-4431-be88-95bb161f4165:172.17.0.2:46205], old=null, confs=<EMPTY_MAP>
2020-07-08 14:10:09,887 [pool-108-thread-1] INFO  server.RaftServerConfigKeys (ConfUtils.java:logGet(44)) - raft.server.storage.dir = [/github/workspace/mnt/ozone/hadoop-ozone/integration-test/target/test-dir/MiniOzoneClusterImpl-32bd3365-c0fa-4882-bde6-5b86600e32bb/datanode-5/data/ratis] (custom)
2020-07-08 14:10:09,887 [pool-108-thread-1] INFO  server.RaftServerConfigKeys (ConfUtils.java:logGet(44)) - raft.server.log.corruption.policy = EXCEPTION (default)
2020-07-08 14:10:09,887 [pool-108-thread-1] INFO  storage.RaftStorageDirectory (RaftStorageDirectory.java:analyzeStorage(261)) - The storage directory /github/workspace/mnt/ozone/hadoop-ozone/integration-test/target/test-dir/MiniOzoneClusterImpl-32bd3365-c0fa-4882-bde6-5b86600e32bb/datanode-5/data/ratis/1c6d60c1-5f73-4316-b62f-85823d3fcdd2 does not exist. Creating ...
2020-07-08 14:10:09,886 [pool-123-thread-1] INFO  server.RaftServerConfigKeys (ConfUtils.java:logGet(44)) - raft.server.log.purge.gap = 1000000 (custom)
2020-07-08 14:10:09,888 [pool-123-thread-1] INFO  server.RaftServerConfigKeys (ConfUtils.java:logGet(44)) - raft.server.log.appender.buffer.byte-limit = 33554432 (custom)
2020-07-08 14:10:09,888 [pool-123-thread-1] INFO  server.RaftServerConfigKeys (ConfUtils.java:logGet(44)) - raft.server.log.segment.size.max = 1048576 (custom)
2020-07-08 14:10:09,888 [pool-123-thread-1] INFO  metrics.RatisMetrics (RatisMetrics.java:lambda$create$0(36)) - Creating Metrics Registry : ratis.log_worker.c28ef88f-9b25-4426-804e-afc9c4445efc@group-D9414BCA1D20
2020-07-08 14:10:09,888 [pool-123-thread-1] INFO  server.RaftServerConfigKeys (ConfUtils.java:logGet(44)) - raft.server.log.segment.cache.num.max = 2 (custom)
2020-07-08 14:10:09,888 [pool-123-thread-1] INFO  segmented.SegmentedRaftLogWorker (SegmentedRaftLogWorker.java:<init>(180)) - new c28ef88f-9b25-4426-804e-afc9c4445efc@group-D9414BCA1D20-SegmentedRaftLogWorker for RaftStorage:Storage Directory /github/workspace/mnt/ozone/hadoop-ozone/integration-test/target/test-dir/MiniOzoneClusterImpl-32bd3365-c0fa-4882-bde6-5b86600e32bb/datanode-6/data/ratis/de7fcfac-ff0f-40cd-958a-d9414bca1d20
2020-07-08 14:10:09,888 [pool-123-thread-1] INFO  server.RaftServerConfigKeys (ConfUtils.java:logGet(44)) - raft.server.log.queue.byte-limit = 2147483647 (custom)
2020-07-08 14:10:09,888 [pool-123-thread-1] INFO  server.RaftServerConfigKeys (ConfUtils.java:logGet(44)) - raft.server.log.queue.element-limit = 1024 (custom)
2020-07-08 14:10:09,888 [pool-123-thread-1] INFO  server.RaftServerConfigKeys (ConfUtils.java:logGet(44)) - raft.server.log.segment.size.max = 1048576 (custom)
2020-07-08 14:10:09,888 [pool-123-thread-1] INFO  server.RaftServerConfigKeys (ConfUtils.java:logGet(44)) - raft.server.log.preallocated.size = 16384 (custom)
2020-07-08 14:10:09,888 [pool-123-thread-1] INFO  server.RaftServerConfigKeys (ConfUtils.java:logGet(44)) - raft.server.log.write.buffer.size = 1048576 (custom)
2020-07-08 14:10:09,897 [pool-123-thread-1] INFO  server.RaftServerConfigKeys (ConfUtils.java:logGet(44)) - raft.server.log.force.sync.num = 128 (default)
2020-07-08 14:10:09,897 [pool-123-thread-1] INFO  server.RaftServerConfigKeys (ConfUtils.java:logGet(44)) - raft.server.log.statemachine.data.sync = true (default)
2020-07-08 14:10:09,897 [pool-123-thread-1] INFO  server.RaftServerConfigKeys (ConfUtils.java:logGet(44)) - raft.server.log.statemachine.data.sync.timeout = 10s (default)
2020-07-08 14:10:09,897 [pool-123-thread-1] INFO  server.RaftServerConfigKeys (ConfUtils.java:logGet(44)) - raft.server.log.statemachine.data.sync.timeout.retry = -1 (default)
2020-07-08 14:10:09,899 [pool-123-thread-1] INFO  server.RaftServerConfigKeys (ConfUtils.java:logGet(44)) - raft.server.log.statemachine.data.caching.enabled = true (custom)
2020-07-08 14:10:09,899 [pool-108-thread-1] INFO  storage.RaftStorageDirectory (RaftStorageDirectory.java:tryLock(343)) - Lock on /github/workspace/mnt/ozone/hadoop-ozone/integration-test/target/test-dir/MiniOzoneClusterImpl-32bd3365-c0fa-4882-bde6-5b86600e32bb/datanode-5/data/ratis/1c6d60c1-5f73-4316-b62f-85823d3fcdd2/in_use.lock acquired by nodename 40207@fa59273552ea
2020-07-08 14:10:09,904 [pool-123-thread-1] INFO  segmented.SegmentedRaftLogWorker (SegmentedRaftLogWorker.java:lambda$new$0(129)) - c28ef88f-9b25-4426-804e-afc9c4445efc@group-D9414BCA1D20-SegmentedRaftLogWorker: flushIndex: setUnconditionally 0 -> -1
2020-07-08 14:10:09,904 [pool-123-thread-1] INFO  segmented.SegmentedRaftLogWorker (SegmentedRaftLogWorker.java:lambda$new$0(129)) - c28ef88f-9b25-4426-804e-afc9c4445efc@group-D9414BCA1D20-SegmentedRaftLogWorker: safeCacheEvictIndex: setUnconditionally 0 -> -1
2020-07-08 14:10:09,907 [pool-108-thread-1] INFO  storage.RaftStorage (RaftStorage.java:format(84)) - Storage directory /github/workspace/mnt/ozone/hadoop-ozone/integration-test/target/test-dir/MiniOzoneClusterImpl-32bd3365-c0fa-4882-bde6-5b86600e32bb/datanode-5/data/ratis/1c6d60c1-5f73-4316-b62f-85823d3fcdd2 has been successfully formatted.
2020-07-08 14:10:09,908 [pool-123-thread-1] INFO  server.RaftServerConfigKeys (ConfUtils.java:logGet(44)) - raft.server.snapshot.auto.trigger.enabled = true (custom)
2020-07-08 14:10:09,908 [pool-123-thread-1] INFO  server.RaftServerConfigKeys (ConfUtils.java:logGet(44)) - raft.server.snapshot.auto.trigger.threshold = 1 (custom)
2020-07-08 14:10:09,908 [pool-123-thread-1] INFO  server.RaftServerConfigKeys (ConfUtils.java:logGet(44)) - raft.server.snapshot.retention.file.num = 5 (custom)
2020-07-08 14:10:09,908 [pool-123-thread-1] INFO  server.RaftServerConfigKeys (ConfUtils.java:logGet(44)) - raft.server.log.purge.upto.snapshot.index = false (default)
2020-07-08 14:10:09,908 [pool-123-thread-1] INFO  server.RaftServerConfigKeys (ConfUtils.java:logGet(44)) - raft.server.retrycache.expirytime = 600000ms (custom)
2020-07-08 14:10:09,908 [pool-123-thread-1] INFO  metrics.RatisMetrics (RatisMetrics.java:lambda$create$0(36)) - Creating Metrics Registry : ratis.leader_election.c28ef88f-9b25-4426-804e-afc9c4445efc@group-D9414BCA1D20
2020-07-08 14:10:09,909 [pool-123-thread-1] INFO  metrics.RatisMetrics (RatisMetrics.java:lambda$create$0(36)) - Creating Metrics Registry : ratis.server.c28ef88f-9b25-4426-804e-afc9c4445efc@group-D9414BCA1D20
2020-07-08 14:10:09,910 [pool-123-thread-1] INFO  impl.RaftServerImpl (RaftServerImpl.java:start(186)) - c28ef88f-9b25-4426-804e-afc9c4445efc@group-D9414BCA1D20: start as a follower, conf=-1: [c28ef88f-9b25-4426-804e-afc9c4445efc:172.17.0.2:40607, a091f5b3-7442-44ba-a161-b66621ecd7ea:172.17.0.2:43945, 280695a2-ab39-4103-98fb-325cbc6182a1:172.17.0.2:39071], old=null
2020-07-08 14:10:09,910 [pool-123-thread-1] INFO  impl.RaftServerImpl (RaftServerImpl.java:setRole(175)) - c28ef88f-9b25-4426-804e-afc9c4445efc@group-D9414BCA1D20: changes role from      null to FOLLOWER at term 0 for startAsFollower
2020-07-08 14:10:09,910 [pool-123-thread-1] INFO  impl.RoleInfo (RoleInfo.java:updateAndGet(143)) - c28ef88f-9b25-4426-804e-afc9c4445efc: start FollowerState
2020-07-08 14:10:09,915 [pool-123-thread-1] INFO  util.JmxRegister (JmxRegister.java:tryRegister(44)) - Successfully registered JMX Bean with object name Ratis:service=RaftServer,group=group-D9414BCA1D20,id=c28ef88f-9b25-4426-804e-afc9c4445efc
2020-07-08 14:10:09,915 [pool-123-thread-1] INFO  metrics.RatisMetrics (RatisMetrics.java:lambda$create$0(36)) - Creating Metrics Registry : ratis.state_machine.c28ef88f-9b25-4426-804e-afc9c4445efc@group-D9414BCA1D20
2020-07-08 14:10:09,920 [pool-108-thread-1] INFO  ratis.ContainerStateMachine (ContainerStateMachine.java:loadSnapshot(225)) - group-85823D3FCDD2: The snapshot info is null. Setting the last applied indexto:(t:0, i:~)
2020-07-08 14:10:09,920 [pool-108-thread-1] INFO  server.RaftServerConfigKeys (ConfUtils.java:logGet(44)) - raft.server.notification.no-leader.timeout = 60s (default)
2020-07-08 14:10:09,920 [pool-108-thread-1] INFO  server.RaftServerConfigKeys (ConfUtils.java:logGet(44)) - raft.server.log.use.memory = false (default)
2020-07-08 14:10:09,920 [pool-108-thread-1] INFO  server.RaftServerConfigKeys (ConfUtils.java:logGet(44)) - raft.server.log.purge.gap = 1000000 (custom)
2020-07-08 14:10:09,920 [pool-108-thread-1] INFO  server.RaftServerConfigKeys (ConfUtils.java:logGet(44)) - raft.server.log.appender.buffer.byte-limit = 33554432 (custom)
2020-07-08 14:10:09,920 [pool-108-thread-1] INFO  server.RaftServerConfigKeys (ConfUtils.java:logGet(44)) - raft.server.log.segment.size.max = 1048576 (custom)
2020-07-08 14:10:09,921 [pool-108-thread-1] INFO  metrics.RatisMetrics (RatisMetrics.java:lambda$create$0(36)) - Creating Metrics Registry : ratis.log_worker.f826a808-1191-49e1-9c45-32a2a6ec2e98@group-85823D3FCDD2
2020-07-08 14:10:09,921 [pool-108-thread-1] INFO  server.RaftServerConfigKeys (ConfUtils.java:logGet(44)) - raft.server.log.segment.cache.num.max = 2 (custom)
2020-07-08 14:10:09,921 [pool-108-thread-1] INFO  segmented.SegmentedRaftLogWorker (SegmentedRaftLogWorker.java:<init>(180)) - new f826a808-1191-49e1-9c45-32a2a6ec2e98@group-85823D3FCDD2-SegmentedRaftLogWorker for RaftStorage:Storage Directory /github/workspace/mnt/ozone/hadoop-ozone/integration-test/target/test-dir/MiniOzoneClusterImpl-32bd3365-c0fa-4882-bde6-5b86600e32bb/datanode-5/data/ratis/1c6d60c1-5f73-4316-b62f-85823d3fcdd2
2020-07-08 14:10:09,921 [pool-108-thread-1] INFO  server.RaftServerConfigKeys (ConfUtils.java:logGet(44)) - raft.server.log.queue.byte-limit = 2147483647 (custom)
2020-07-08 14:10:09,921 [pool-108-thread-1] INFO  server.RaftServerConfigKeys (ConfUtils.java:logGet(44)) - raft.server.log.queue.element-limit = 1024 (custom)
2020-07-08 14:10:09,921 [pool-108-thread-1] INFO  server.RaftServerConfigKeys (ConfUtils.java:logGet(44)) - raft.server.log.segment.size.max = 1048576 (custom)
2020-07-08 14:10:09,921 [pool-108-thread-1] INFO  server.RaftServerConfigKeys (ConfUtils.java:logGet(44)) - raft.server.log.preallocated.size = 16384 (custom)
2020-07-08 14:10:09,921 [pool-108-thread-1] INFO  server.RaftServerConfigKeys (ConfUtils.java:logGet(44)) - raft.server.log.write.buffer.size = 1048576 (custom)
2020-07-08 14:10:09,921 [pool-108-thread-1] INFO  server.RaftServerConfigKeys (ConfUtils.java:logGet(44)) - raft.server.log.force.sync.num = 128 (default)
2020-07-08 14:10:09,921 [pool-108-thread-1] INFO  server.RaftServerConfigKeys (ConfUtils.java:logGet(44)) - raft.server.log.statemachine.data.sync = true (default)
2020-07-08 14:10:09,921 [pool-108-thread-1] INFO  server.RaftServerConfigKeys (ConfUtils.java:logGet(44)) - raft.server.log.statemachine.data.sync.timeout = 10s (default)
2020-07-08 14:10:09,921 [pool-108-thread-1] INFO  server.RaftServerConfigKeys (ConfUtils.java:logGet(44)) - raft.server.log.statemachine.data.sync.timeout.retry = -1 (default)
2020-07-08 14:10:09,933 [pool-108-thread-1] INFO  server.RaftServerConfigKeys (ConfUtils.java:logGet(44)) - raft.server.log.statemachine.data.caching.enabled = true (custom)
2020-07-08 14:10:09,934 [pool-108-thread-1] INFO  segmented.SegmentedRaftLogWorker (SegmentedRaftLogWorker.java:lambda$new$0(129)) - f826a808-1191-49e1-9c45-32a2a6ec2e98@group-85823D3FCDD2-SegmentedRaftLogWorker: flushIndex: setUnconditionally 0 -> -1
2020-07-08 14:10:09,934 [pool-108-thread-1] INFO  segmented.SegmentedRaftLogWorker (SegmentedRaftLogWorker.java:lambda$new$0(129)) - f826a808-1191-49e1-9c45-32a2a6ec2e98@group-85823D3FCDD2-SegmentedRaftLogWorker: safeCacheEvictIndex: setUnconditionally 0 -> -1
2020-07-08 14:10:09,934 [pool-108-thread-1] INFO  server.RaftServerConfigKeys (ConfUtils.java:logGet(44)) - raft.server.snapshot.auto.trigger.enabled = true (custom)
2020-07-08 14:10:09,935 [pool-108-thread-1] INFO  server.RaftServerConfigKeys (ConfUtils.java:logGet(44)) - raft.server.snapshot.auto.trigger.threshold = 1 (custom)
2020-07-08 14:10:09,935 [pool-108-thread-1] INFO  server.RaftServerConfigKeys (ConfUtils.java:logGet(44)) - raft.server.snapshot.retention.file.num = 5 (custom)
2020-07-08 14:10:09,935 [pool-108-thread-1] INFO  server.RaftServerConfigKeys (ConfUtils.java:logGet(44)) - raft.server.log.purge.upto.snapshot.index = false (default)
2020-07-08 14:10:09,935 [pool-108-thread-1] INFO  server.RaftServerConfigKeys (ConfUtils.java:logGet(44)) - raft.server.retrycache.expirytime = 600000ms (custom)
2020-07-08 14:10:09,935 [pool-108-thread-1] INFO  metrics.RatisMetrics (RatisMetrics.java:lambda$create$0(36)) - Creating Metrics Registry : ratis.leader_election.f826a808-1191-49e1-9c45-32a2a6ec2e98@group-85823D3FCDD2
2020-07-08 14:10:09,936 [pool-108-thread-1] INFO  metrics.RatisMetrics (RatisMetrics.java:lambda$create$0(36)) - Creating Metrics Registry : ratis.server.f826a808-1191-49e1-9c45-32a2a6ec2e98@group-85823D3FCDD2
2020-07-08 14:10:09,946 [pool-108-thread-1] INFO  impl.RaftServerImpl (RaftServerImpl.java:start(186)) - f826a808-1191-49e1-9c45-32a2a6ec2e98@group-85823D3FCDD2: start as a follower, conf=-1: [f826a808-1191-49e1-9c45-32a2a6ec2e98:172.17.0.2:38585, 1beaea03-3085-41d3-a7f9-4c54f70b633b:172.17.0.2:38777, d017e2c5-c92e-4431-be88-95bb161f4165:172.17.0.2:46205], old=null
2020-07-08 14:10:09,946 [pool-108-thread-1] INFO  impl.RaftServerImpl (RaftServerImpl.java:setRole(175)) - f826a808-1191-49e1-9c45-32a2a6ec2e98@group-85823D3FCDD2: changes role from      null to FOLLOWER at term 0 for startAsFollower
2020-07-08 14:10:09,946 [pool-108-thread-1] INFO  impl.RoleInfo (RoleInfo.java:updateAndGet(143)) - f826a808-1191-49e1-9c45-32a2a6ec2e98: start FollowerState
2020-07-08 14:10:09,951 [pool-108-thread-1] INFO  util.JmxRegister (JmxRegister.java:tryRegister(44)) - Successfully registered JMX Bean with object name Ratis:service=RaftServer,group=group-85823D3FCDD2,id=f826a808-1191-49e1-9c45-32a2a6ec2e98
2020-07-08 14:10:09,957 [pool-108-thread-1] INFO  metrics.RatisMetrics (RatisMetrics.java:lambda$create$0(36)) - Creating Metrics Registry : ratis.state_machine.f826a808-1191-49e1-9c45-32a2a6ec2e98@group-85823D3FCDD2
2020-07-08 14:10:10,161 [Command processor thread] INFO  commandhandler.CreatePipelineCommandHandler (CreatePipelineCommandHandler.java:handle(109)) - Created Pipeline RATIS THREE #id: "3dd271a5-29c8-4646-bc98-2907d62b86d8"
uuid128 {
  mostSigBits: 4454747935607375430
  leastSigBits: -4857087084484393256
}
.
2020-07-08 14:10:10,189 [Command processor thread] INFO  commandhandler.CreatePipelineCommandHandler (CreatePipelineCommandHandler.java:handle(109)) - Created Pipeline RATIS THREE #id: "3dd271a5-29c8-4646-bc98-2907d62b86d8"
uuid128 {
  mostSigBits: 4454747935607375430
  leastSigBits: -4857087084484393256
}
.
2020-07-08 14:10:10,217 [Command processor thread] INFO  commandhandler.CreatePipelineCommandHandler (CreatePipelineCommandHandler.java:handle(109)) - Created Pipeline RATIS THREE #id: "1c6d60c1-5f73-4316-b62f-85823d3fcdd2"
uuid128 {
  mostSigBits: 2048399789169787670
  leastSigBits: -5318885840481432110
}
.
2020-07-08 14:10:10,225 [Command processor thread] INFO  commandhandler.CreatePipelineCommandHandler (CreatePipelineCommandHandler.java:handle(109)) - Created Pipeline RATIS THREE #id: "3dd271a5-29c8-4646-bc98-2907d62b86d8"
uuid128 {
  mostSigBits: 4454747935607375430
  leastSigBits: -4857087084484393256
}
.
2020-07-08 14:10:10,259 [Command processor thread] INFO  commandhandler.CreatePipelineCommandHandler (CreatePipelineCommandHandler.java:handle(109)) - Created Pipeline RATIS THREE #id: "de7fcfac-ff0f-40cd-958a-d9414bca1d20"
uuid128 {
  mostSigBits: -2413982533326782259
  leastSigBits: -7671080140804580064
}
.
2020-07-08 14:10:10,261 [Command processor thread] INFO  commandhandler.CreatePipelineCommandHandler (CreatePipelineCommandHandler.java:handle(109)) - Created Pipeline RATIS THREE #id: "1c6d60c1-5f73-4316-b62f-85823d3fcdd2"
uuid128 {
  mostSigBits: 2048399789169787670
  leastSigBits: -5318885840481432110
}
.
2020-07-08 14:10:10,273 [Command processor thread] INFO  commandhandler.CreatePipelineCommandHandler (CreatePipelineCommandHandler.java:handle(109)) - Created Pipeline RATIS THREE #id: "1c6d60c1-5f73-4316-b62f-85823d3fcdd2"
uuid128 {
  mostSigBits: 2048399789169787670
  leastSigBits: -5318885840481432110
}
.
2020-07-08 14:10:10,277 [Command processor thread] INFO  commandhandler.CreatePipelineCommandHandler (CreatePipelineCommandHandler.java:handle(109)) - Created Pipeline RATIS THREE #id: "de7fcfac-ff0f-40cd-958a-d9414bca1d20"
uuid128 {
  mostSigBits: -2413982533326782259
  leastSigBits: -7671080140804580064
}
.
2020-07-08 14:10:10,278 [Command processor thread] INFO  commandhandler.CreatePipelineCommandHandler (CreatePipelineCommandHandler.java:handle(109)) - Created Pipeline RATIS THREE #id: "de7fcfac-ff0f-40cd-958a-d9414bca1d20"
uuid128 {
  mostSigBits: -2413982533326782259
  leastSigBits: -7671080140804580064
}
.
2020-07-08 14:10:10,728 [Listener at 127.0.0.1/34841] INFO  ozone.MiniOzoneClusterImpl (MiniOzoneClusterImpl.java:lambda$waitForClusterToBeReady$0(177)) - Nodes are ready. Got 10 of 10 DN Heartbeats.
2020-07-08 14:10:10,728 [Listener at 127.0.0.1/34841] INFO  ozone.MiniOzoneClusterImpl (MiniOzoneClusterImpl.java:lambda$waitForClusterToBeReady$0(180)) - Waiting for cluster to exit safe mode
2020-07-08 14:10:11,728 [Listener at 127.0.0.1/34841] INFO  ozone.MiniOzoneClusterImpl (MiniOzoneClusterImpl.java:lambda$waitForClusterToBeReady$0(177)) - Nodes are ready. Got 10 of 10 DN Heartbeats.
2020-07-08 14:10:11,729 [Listener at 127.0.0.1/34841] INFO  ozone.MiniOzoneClusterImpl (MiniOzoneClusterImpl.java:lambda$waitForClusterToBeReady$0(180)) - Waiting for cluster to exit safe mode
2020-07-08 14:10:12,729 [Listener at 127.0.0.1/34841] INFO  ozone.MiniOzoneClusterImpl (MiniOzoneClusterImpl.java:lambda$waitForClusterToBeReady$0(177)) - Nodes are ready. Got 10 of 10 DN Heartbeats.
2020-07-08 14:10:12,729 [Listener at 127.0.0.1/34841] INFO  ozone.MiniOzoneClusterImpl (MiniOzoneClusterImpl.java:lambda$waitForClusterToBeReady$0(180)) - Waiting for cluster to exit safe mode
2020-07-08 14:10:13,729 [Listener at 127.0.0.1/34841] INFO  ozone.MiniOzoneClusterImpl (MiniOzoneClusterImpl.java:lambda$waitForClusterToBeReady$0(177)) - Nodes are ready. Got 10 of 10 DN Heartbeats.
2020-07-08 14:10:13,730 [Listener at 127.0.0.1/34841] INFO  ozone.MiniOzoneClusterImpl (MiniOzoneClusterImpl.java:lambda$waitForClusterToBeReady$0(180)) - Waiting for cluster to exit safe mode
2020-07-08 14:10:13,931 [Thread-269] INFO  impl.FollowerState (FollowerState.java:run(108)) - 23f52161-4d0b-4057-9580-ae17c3abe8f9@group-EC0B65524DE6-FollowerState: change to CANDIDATE, lastRpcTime:5005ms, electionTimeout:5000ms
2020-07-08 14:10:13,934 [Thread-269] INFO  impl.RoleInfo (RoleInfo.java:shutdownFollowerState(121)) - 23f52161-4d0b-4057-9580-ae17c3abe8f9: shutdown FollowerState
2020-07-08 14:10:13,934 [Thread-269] INFO  impl.RaftServerImpl (RaftServerImpl.java:setRole(175)) - 23f52161-4d0b-4057-9580-ae17c3abe8f9@group-EC0B65524DE6: changes role from  FOLLOWER to CANDIDATE at term 0 for changeToCandidate
2020-07-08 14:10:13,936 [Thread-269] INFO  impl.RoleInfo (RoleInfo.java:updateAndGet(143)) - 23f52161-4d0b-4057-9580-ae17c3abe8f9: start LeaderElection
2020-07-08 14:10:13,943 [23f52161-4d0b-4057-9580-ae17c3abe8f9@group-EC0B65524DE6-LeaderElection1] INFO  impl.LeaderElection (LeaderElection.java:askForVotes(206)) - 23f52161-4d0b-4057-9580-ae17c3abe8f9@group-EC0B65524DE6-LeaderElection1: begin an election at term 1 for -1: [23f52161-4d0b-4057-9580-ae17c3abe8f9:172.17.0.2:33835], old=null
2020-07-08 14:10:13,944 [23f52161-4d0b-4057-9580-ae17c3abe8f9@group-EC0B65524DE6-LeaderElection1] INFO  impl.RoleInfo (RoleInfo.java:shutdownLeaderElection(134)) - 23f52161-4d0b-4057-9580-ae17c3abe8f9: shutdown LeaderElection
2020-07-08 14:10:13,944 [23f52161-4d0b-4057-9580-ae17c3abe8f9@group-EC0B65524DE6-LeaderElection1] INFO  impl.RaftServerImpl (RaftServerImpl.java:setRole(175)) - 23f52161-4d0b-4057-9580-ae17c3abe8f9@group-EC0B65524DE6: changes role from CANDIDATE to LEADER at term 1 for changeToLeader
2020-07-08 14:10:13,945 [23f52161-4d0b-4057-9580-ae17c3abe8f9@group-EC0B65524DE6-LeaderElection1] INFO  ratis.XceiverServerRatis (XceiverServerRatis.java:handleLeaderChangedNotification(762)) - Leader change notification received for group: group-EC0B65524DE6 with new leaderId: 23f52161-4d0b-4057-9580-ae17c3abe8f9
2020-07-08 14:10:13,945 [23f52161-4d0b-4057-9580-ae17c3abe8f9@group-EC0B65524DE6-LeaderElection1] INFO  impl.RaftServerImpl (ServerState.java:setLeader(255)) - 23f52161-4d0b-4057-9580-ae17c3abe8f9@group-EC0B65524DE6: change Leader from null to 23f52161-4d0b-4057-9580-ae17c3abe8f9 at term 1 for becomeLeader, leader elected after 5118ms
2020-07-08 14:10:13,952 [23f52161-4d0b-4057-9580-ae17c3abe8f9@group-EC0B65524DE6-LeaderElection1] INFO  server.RaftServerConfigKeys (ConfUtils.java:logGet(44)) - raft.server.staging.catchup.gap = 1000 (default)
2020-07-08 14:10:13,952 [23f52161-4d0b-4057-9580-ae17c3abe8f9@group-EC0B65524DE6-LeaderElection1] INFO  server.RaftServerConfigKeys (ConfUtils.java:logGet(44)) - raft.server.rpc.sleep.time = 25ms (default)
2020-07-08 14:10:13,954 [23f52161-4d0b-4057-9580-ae17c3abe8f9@group-EC0B65524DE6-LeaderElection1] INFO  metrics.RatisMetrics (RatisMetrics.java:lambda$create$0(36)) - Creating Metrics Registry : ratis.log_appender.23f52161-4d0b-4057-9580-ae17c3abe8f9@group-EC0B65524DE6
2020-07-08 14:10:13,955 [23f52161-4d0b-4057-9580-ae17c3abe8f9@group-EC0B65524DE6-LeaderElection1] INFO  server.RaftServerConfigKeys (ConfUtils.java:logGet(44)) - raft.server.write.element-limit = 1024 (custom)
2020-07-08 14:10:13,956 [23f52161-4d0b-4057-9580-ae17c3abe8f9@group-EC0B65524DE6-LeaderElection1] INFO  server.RaftServerConfigKeys (ConfUtils.java:logGet(44)) - raft.server.write.byte-limit = 1073741824 (custom)
2020-07-08 14:10:13,965 [23f52161-4d0b-4057-9580-ae17c3abe8f9@group-EC0B65524DE6-LeaderElection1] INFO  server.RaftServerConfigKeys (ConfUtils.java:logGet(44)) - raft.server.watch.timeout = 10000ms (default)
2020-07-08 14:10:13,965 [23f52161-4d0b-4057-9580-ae17c3abe8f9@group-EC0B65524DE6-LeaderElection1] INFO  server.RaftServerConfigKeys (ConfUtils.java:logGet(44)) - raft.server.watch.timeout.denomination = 1s (default)
2020-07-08 14:10:13,965 [23f52161-4d0b-4057-9580-ae17c3abe8f9@group-EC0B65524DE6-LeaderElection1] INFO  server.RaftServerConfigKeys (ConfUtils.java:logGet(44)) - raft.server.watch.element-limit = 65536 (default)
2020-07-08 14:10:13,971 [23f52161-4d0b-4057-9580-ae17c3abe8f9@group-EC0B65524DE6-LeaderElection1] INFO  impl.RoleInfo (RoleInfo.java:updateAndGet(143)) - 23f52161-4d0b-4057-9580-ae17c3abe8f9: start LeaderState
2020-07-08 14:10:13,986 [23f52161-4d0b-4057-9580-ae17c3abe8f9@group-EC0B65524DE6-LeaderElection1] INFO  segmented.SegmentedRaftLogWorker (SegmentedRaftLogWorker.java:startLogSegment(397)) - 23f52161-4d0b-4057-9580-ae17c3abe8f9@group-EC0B65524DE6-SegmentedRaftLogWorker: Starting segment from index:0
2020-07-08 14:10:13,995 [23f52161-4d0b-4057-9580-ae17c3abe8f9@group-EC0B65524DE6-LeaderElection1] INFO  impl.RaftServerImpl (ServerState.java:setRaftConf(356)) - 23f52161-4d0b-4057-9580-ae17c3abe8f9@group-EC0B65524DE6: set configuration 0: [23f52161-4d0b-4057-9580-ae17c3abe8f9:172.17.0.2:33835], old=null at 0
2020-07-08 14:10:14,064 [Thread-272] INFO  impl.FollowerState (FollowerState.java:run(108)) - 23f52161-4d0b-4057-9580-ae17c3abe8f9@group-2907D62B86D8-FollowerState: change to CANDIDATE, lastRpcTime:5051ms, electionTimeout:5050ms
2020-07-08 14:10:14,065 [Thread-272] INFO  impl.RoleInfo (RoleInfo.java:shutdownFollowerState(121)) - 23f52161-4d0b-4057-9580-ae17c3abe8f9: shutdown FollowerState
2020-07-08 14:10:14,066 [Thread-272] INFO  impl.RaftServerImpl (RaftServerImpl.java:setRole(175)) - 23f52161-4d0b-4057-9580-ae17c3abe8f9@group-2907D62B86D8: changes role from  FOLLOWER to CANDIDATE at term 0 for changeToCandidate
2020-07-08 14:10:14,066 [Thread-272] INFO  impl.RoleInfo (RoleInfo.java:updateAndGet(143)) - 23f52161-4d0b-4057-9580-ae17c3abe8f9: start LeaderElection
2020-07-08 14:10:14,081 [23f52161-4d0b-4057-9580-ae17c3abe8f9@group-2907D62B86D8-LeaderElection2] INFO  impl.LeaderElection (LeaderElection.java:askForVotes(206)) - 23f52161-4d0b-4057-9580-ae17c3abe8f9@group-2907D62B86D8-LeaderElection2: begin an election at term 1 for -1: [777a0c97-fe03-4145-8875-90750d7699c7:172.17.0.2:33153, 23f52161-4d0b-4057-9580-ae17c3abe8f9:172.17.0.2:33835, 826f2dd8-5b44-4231-95cf-b9c87eb33eaf:172.17.0.2:37049], old=null
2020-07-08 14:10:14,094 [23f52161-4d0b-4057-9580-ae17c3abe8f9@group-EC0B65524DE6-SegmentedRaftLogWorker] INFO  segmented.SegmentedRaftLogWorker (SegmentedRaftLogWorker.java:execute(596)) - 23f52161-4d0b-4057-9580-ae17c3abe8f9@group-EC0B65524DE6-SegmentedRaftLogWorker: created new log segment /github/workspace/mnt/ozone/hadoop-ozone/integration-test/target/test-dir/MiniOzoneClusterImpl-32bd3365-c0fa-4882-bde6-5b86600e32bb/datanode-0/data/ratis/3ec74b14-4574-4dac-b740-ec0b65524de6/current/log_inprogress_0
2020-07-08 14:10:14,104 [23f52161-4d0b-4057-9580-ae17c3abe8f9@group-EC0B65524DE6-StateMachineUpdater] INFO  ratis.ContainerStateMachine (ContainerStateMachine.java:takeSnapshot(293)) - group-EC0B65524DE6: Taking a snapshot at:(t:1, i:0) file /github/workspace/mnt/ozone/hadoop-ozone/integration-test/target/test-dir/MiniOzoneClusterImpl-32bd3365-c0fa-4882-bde6-5b86600e32bb/datanode-0/data/ratis/3ec74b14-4574-4dac-b740-ec0b65524de6/sm/snapshot.1_0
2020-07-08 14:10:14,106 [Thread-273] INFO  impl.FollowerState (FollowerState.java:run(108)) - 777a0c97-fe03-4145-8875-90750d7699c7@group-8F14DE03EA64-FollowerState: change to CANDIDATE, lastRpcTime:5086ms, electionTimeout:5060ms
2020-07-08 14:10:14,107 [Thread-273] INFO  impl.RoleInfo (RoleInfo.java:shutdownFollowerState(121)) - 777a0c97-fe03-4145-8875-90750d7699c7: shutdown FollowerState
2020-07-08 14:10:14,107 [Thread-273] INFO  impl.RaftServerImpl (RaftServerImpl.java:setRole(175)) - 777a0c97-fe03-4145-8875-90750d7699c7@group-8F14DE03EA64: changes role from  FOLLOWER to CANDIDATE at term 0 for changeToCandidate
2020-07-08 14:10:14,107 [Thread-273] INFO  impl.RoleInfo (RoleInfo.java:updateAndGet(143)) - 777a0c97-fe03-4145-8875-90750d7699c7: start LeaderElection
2020-07-08 14:10:14,129 [grpc-default-executor-5] DEBUG impl.RaftServerImpl (RaftServerImpl.java:requestVote(821)) - 826f2dd8-5b44-4231-95cf-b9c87eb33eaf@group-2907D62B86D8: receive requestVote(23f52161-4d0b-4057-9580-ae17c3abe8f9, group-2907D62B86D8, 1, (t:0, i:0))
2020-07-08 14:10:14,135 [grpc-default-executor-2] DEBUG impl.RaftServerImpl (RaftServerImpl.java:requestVote(821)) - 777a0c97-fe03-4145-8875-90750d7699c7@group-2907D62B86D8: receive requestVote(23f52161-4d0b-4057-9580-ae17c3abe8f9, group-2907D62B86D8, 1, (t:0, i:0))
2020-07-08 14:10:14,135 [grpc-default-executor-5] INFO  impl.RaftServerImpl (RaftServerImpl.java:setRole(175)) - 826f2dd8-5b44-4231-95cf-b9c87eb33eaf@group-2907D62B86D8: changes role from  FOLLOWER to FOLLOWER at term 1 for recognizeCandidate:23f52161-4d0b-4057-9580-ae17c3abe8f9
2020-07-08 14:10:14,135 [grpc-default-executor-5] INFO  impl.RoleInfo (RoleInfo.java:shutdownFollowerState(121)) - 826f2dd8-5b44-4231-95cf-b9c87eb33eaf: shutdown FollowerState
2020-07-08 14:10:14,135 [Thread-279] INFO  impl.FollowerState (FollowerState.java:run(117)) - 826f2dd8-5b44-4231-95cf-b9c87eb33eaf@group-2907D62B86D8-FollowerState was interrupted: java.lang.InterruptedException: sleep interrupted
2020-07-08 14:10:14,135 [grpc-default-executor-5] INFO  impl.RoleInfo (RoleInfo.java:updateAndGet(143)) - 826f2dd8-5b44-4231-95cf-b9c87eb33eaf: start FollowerState
2020-07-08 14:10:14,148 [grpc-default-executor-2] INFO  impl.RaftServerImpl (RaftServerImpl.java:setRole(175)) - 777a0c97-fe03-4145-8875-90750d7699c7@group-2907D62B86D8: changes role from  FOLLOWER to FOLLOWER at term 1 for recognizeCandidate:23f52161-4d0b-4057-9580-ae17c3abe8f9
2020-07-08 14:10:14,148 [grpc-default-executor-2] INFO  impl.RoleInfo (RoleInfo.java:shutdownFollowerState(121)) - 777a0c97-fe03-4145-8875-90750d7699c7: shutdown FollowerState
2020-07-08 14:10:14,148 [grpc-default-executor-2] INFO  impl.RoleInfo (RoleInfo.java:updateAndGet(143)) - 777a0c97-fe03-4145-8875-90750d7699c7: start FollowerState
2020-07-08 14:10:14,148 [Thread-275] INFO  impl.FollowerState (FollowerState.java:run(117)) - 777a0c97-fe03-4145-8875-90750d7699c7@group-2907D62B86D8-FollowerState was interrupted: java.lang.InterruptedException: sleep interrupted
2020-07-08 14:10:14,156 [grpc-default-executor-2] DEBUG impl.RaftServerImpl (RaftServerImpl.java:requestVote(853)) - 777a0c97-fe03-4145-8875-90750d7699c7@group-2907D62B86D8 replies to vote request: 23f52161-4d0b-4057-9580-ae17c3abe8f9<-777a0c97-fe03-4145-8875-90750d7699c7#0:OK-t1. Peer's state: 777a0c97-fe03-4145-8875-90750d7699c7@group-2907D62B86D8:t1, leader=null, voted=23f52161-4d0b-4057-9580-ae17c3abe8f9, raftlog=777a0c97-fe03-4145-8875-90750d7699c7@group-2907D62B86D8-SegmentedRaftLog:OPENED:c-1,f-1,i0, conf=-1: [777a0c97-fe03-4145-8875-90750d7699c7:172.17.0.2:33153, 23f52161-4d0b-4057-9580-ae17c3abe8f9:172.17.0.2:33835, 826f2dd8-5b44-4231-95cf-b9c87eb33eaf:172.17.0.2:37049], old=null
2020-07-08 14:10:14,160 [grpc-default-executor-5] DEBUG impl.RaftServerImpl (RaftServerImpl.java:requestVote(853)) - 826f2dd8-5b44-4231-95cf-b9c87eb33eaf@group-2907D62B86D8 replies to vote request: 23f52161-4d0b-4057-9580-ae17c3abe8f9<-826f2dd8-5b44-4231-95cf-b9c87eb33eaf#0:OK-t1. Peer's state: 826f2dd8-5b44-4231-95cf-b9c87eb33eaf@group-2907D62B86D8:t1, leader=null, voted=23f52161-4d0b-4057-9580-ae17c3abe8f9, raftlog=826f2dd8-5b44-4231-95cf-b9c87eb33eaf@group-2907D62B86D8-SegmentedRaftLog:OPENED:c-1,f-1,i0, conf=-1: [777a0c97-fe03-4145-8875-90750d7699c7:172.17.0.2:33153, 23f52161-4d0b-4057-9580-ae17c3abe8f9:172.17.0.2:33835, 826f2dd8-5b44-4231-95cf-b9c87eb33eaf:172.17.0.2:37049], old=null
2020-07-08 14:10:14,338 [Thread-281] INFO  impl.FollowerState (FollowerState.java:run(108)) - 1beaea03-3085-41d3-a7f9-4c54f70b633b@group-77716E955746-FollowerState: change to CANDIDATE, lastRpcTime:5122ms, electionTimeout:5113ms
2020-07-08 14:10:14,344 [Thread-281] INFO  impl.RoleInfo (RoleInfo.java:shutdownFollowerState(121)) - 1beaea03-3085-41d3-a7f9-4c54f70b633b: shutdown FollowerState
2020-07-08 14:10:14,344 [Thread-281] INFO  impl.RaftServerImpl (RaftServerImpl.java:setRole(175)) - 1beaea03-3085-41d3-a7f9-4c54f70b633b@group-77716E955746: changes role from  FOLLOWER to CANDIDATE at term 0 for changeToCandidate
2020-07-08 14:10:14,344 [Thread-281] INFO  impl.RoleInfo (RoleInfo.java:updateAndGet(143)) - 1beaea03-3085-41d3-a7f9-4c54f70b633b: start LeaderElection
2020-07-08 14:10:14,345 [Thread-283] INFO  impl.FollowerState (FollowerState.java:run(108)) - 1beaea03-3085-41d3-a7f9-4c54f70b633b@group-85823D3FCDD2-FollowerState: change to CANDIDATE, lastRpcTime:5086ms, electionTimeout:5001ms
2020-07-08 14:10:14,349 [Thread-283] INFO  impl.RoleInfo (RoleInfo.java:shutdownFollowerState(121)) - 1beaea03-3085-41d3-a7f9-4c54f70b633b: shutdown FollowerState
2020-07-08 14:10:14,349 [Thread-283] INFO  impl.RaftServerImpl (RaftServerImpl.java:setRole(175)) - 1beaea03-3085-41d3-a7f9-4c54f70b633b@group-85823D3FCDD2: changes role from  FOLLOWER to CANDIDATE at term 0 for changeToCandidate
2020-07-08 14:10:14,349 [Thread-283] INFO  impl.RoleInfo (RoleInfo.java:updateAndGet(143)) - 1beaea03-3085-41d3-a7f9-4c54f70b633b: start LeaderElection
2020-07-08 14:10:14,347 [777a0c97-fe03-4145-8875-90750d7699c7@group-8F14DE03EA64-LeaderElection3] INFO  impl.LeaderElection (LeaderElection.java:askForVotes(206)) - 777a0c97-fe03-4145-8875-90750d7699c7@group-8F14DE03EA64-LeaderElection3: begin an election at term 1 for -1: [777a0c97-fe03-4145-8875-90750d7699c7:172.17.0.2:33153], old=null
2020-07-08 14:10:14,349 [777a0c97-fe03-4145-8875-90750d7699c7@group-8F14DE03EA64-LeaderElection3] INFO  impl.RoleInfo (RoleInfo.java:shutdownLeaderElection(134)) - 777a0c97-fe03-4145-8875-90750d7699c7: shutdown LeaderElection
2020-07-08 14:10:14,349 [777a0c97-fe03-4145-8875-90750d7699c7@group-8F14DE03EA64-LeaderElection3] INFO  impl.RaftServerImpl (RaftServerImpl.java:setRole(175)) - 777a0c97-fe03-4145-8875-90750d7699c7@group-8F14DE03EA64: changes role from CANDIDATE to LEADER at term 1 for changeToLeader
2020-07-08 14:10:14,349 [777a0c97-fe03-4145-8875-90750d7699c7@group-8F14DE03EA64-LeaderElection3] INFO  ratis.XceiverServerRatis (XceiverServerRatis.java:handleLeaderChangedNotification(762)) - Leader change notification received for group: group-8F14DE03EA64 with new leaderId: 777a0c97-fe03-4145-8875-90750d7699c7
2020-07-08 14:10:14,345 [Thread-277] INFO  impl.FollowerState (FollowerState.java:run(108)) - 826f2dd8-5b44-4231-95cf-b9c87eb33eaf@group-8CE204B191A4-FollowerState: change to CANDIDATE, lastRpcTime:5197ms, electionTimeout:5057ms
2020-07-08 14:10:14,349 [Thread-277] INFO  impl.RoleInfo (RoleInfo.java:shutdownFollowerState(121)) - 826f2dd8-5b44-4231-95cf-b9c87eb33eaf: shutdown FollowerState
2020-07-08 14:10:14,349 [Thread-277] INFO  impl.RaftServerImpl (RaftServerImpl.java:setRole(175)) - 826f2dd8-5b44-4231-95cf-b9c87eb33eaf@group-8CE204B191A4: changes role from  FOLLOWER to CANDIDATE at term 0 for changeToCandidate
2020-07-08 14:10:14,355 [23f52161-4d0b-4057-9580-ae17c3abe8f9@group-2907D62B86D8-LeaderElection2] INFO  impl.LeaderElection (LeaderElection.java:logAndReturn(61)) - 23f52161-4d0b-4057-9580-ae17c3abe8f9@group-2907D62B86D8-LeaderElection2: Election PASSED; received 1 response(s) [23f52161-4d0b-4057-9580-ae17c3abe8f9<-777a0c97-fe03-4145-8875-90750d7699c7#0:OK-t1] and 0 exception(s); 23f52161-4d0b-4057-9580-ae17c3abe8f9@group-2907D62B86D8:t1, leader=null, voted=23f52161-4d0b-4057-9580-ae17c3abe8f9, raftlog=23f52161-4d0b-4057-9580-ae17c3abe8f9@group-2907D62B86D8-SegmentedRaftLog:OPENED:c-1,f-1,i0, conf=-1: [777a0c97-fe03-4145-8875-90750d7699c7:172.17.0.2:33153, 23f52161-4d0b-4057-9580-ae17c3abe8f9:172.17.0.2:33835, 826f2dd8-5b44-4231-95cf-b9c87eb33eaf:172.17.0.2:37049], old=null
2020-07-08 14:10:14,355 [23f52161-4d0b-4057-9580-ae17c3abe8f9@group-2907D62B86D8-LeaderElection2] INFO  impl.RoleInfo (RoleInfo.java:shutdownLeaderElection(134)) - 23f52161-4d0b-4057-9580-ae17c3abe8f9: shutdown LeaderElection
2020-07-08 14:10:14,355 [23f52161-4d0b-4057-9580-ae17c3abe8f9@group-2907D62B86D8-LeaderElection2] INFO  impl.RaftServerImpl (RaftServerImpl.java:setRole(175)) - 23f52161-4d0b-4057-9580-ae17c3abe8f9@group-2907D62B86D8: changes role from CANDIDATE to LEADER at term 1 for changeToLeader
2020-07-08 14:10:14,355 [23f52161-4d0b-4057-9580-ae17c3abe8f9@group-2907D62B86D8-LeaderElection2] INFO  ratis.XceiverServerRatis (XceiverServerRatis.java:handleLeaderChangedNotification(762)) - Leader change notification received for group: group-2907D62B86D8 with new leaderId: 23f52161-4d0b-4057-9580-ae17c3abe8f9
2020-07-08 14:10:14,355 [23f52161-4d0b-4057-9580-ae17c3abe8f9@group-2907D62B86D8-LeaderElection2] INFO  impl.RaftServerImpl (ServerState.java:setLeader(255)) - 23f52161-4d0b-4057-9580-ae17c3abe8f9@group-2907D62B86D8: change Leader from null to 23f52161-4d0b-4057-9580-ae17c3abe8f9 at term 1 for becomeLeader, leader elected after 5363ms
2020-07-08 14:10:14,355 [23f52161-4d0b-4057-9580-ae17c3abe8f9@group-2907D62B86D8-LeaderElection2] INFO  server.RaftServerConfigKeys (ConfUtils.java:logGet(44)) - raft.server.staging.catchup.gap = 1000 (default)
2020-07-08 14:10:14,355 [23f52161-4d0b-4057-9580-ae17c3abe8f9@group-2907D62B86D8-LeaderElection2] INFO  server.RaftServerConfigKeys (ConfUtils.java:logGet(44)) - raft.server.rpc.sleep.time = 25ms (default)
2020-07-08 14:10:14,355 [23f52161-4d0b-4057-9580-ae17c3abe8f9@group-2907D62B86D8-LeaderElection2] INFO  metrics.RatisMetrics (RatisMetrics.java:lambda$create$0(36)) - Creating Metrics Registry : ratis.log_appender.23f52161-4d0b-4057-9580-ae17c3abe8f9@group-2907D62B86D8
2020-07-08 14:10:14,365 [Thread-277] INFO  impl.RoleInfo (RoleInfo.java:updateAndGet(143)) - 826f2dd8-5b44-4231-95cf-b9c87eb33eaf: start LeaderElection
2020-07-08 14:10:14,367 [23f52161-4d0b-4057-9580-ae17c3abe8f9@group-2907D62B86D8-LeaderElection2] INFO  server.RaftServerConfigKeys (ConfUtils.java:logGet(44)) - raft.server.write.element-limit = 1024 (custom)
2020-07-08 14:10:14,368 [23f52161-4d0b-4057-9580-ae17c3abe8f9@group-2907D62B86D8-LeaderElection2] INFO  server.RaftServerConfigKeys (ConfUtils.java:logGet(44)) - raft.server.write.byte-limit = 1073741824 (custom)
2020-07-08 14:10:14,369 [23f52161-4d0b-4057-9580-ae17c3abe8f9@group-2907D62B86D8-LeaderElection2] INFO  server.RaftServerConfigKeys (ConfUtils.java:logGet(44)) - raft.server.watch.timeout = 10000ms (default)
2020-07-08 14:10:14,369 [23f52161-4d0b-4057-9580-ae17c3abe8f9@group-2907D62B86D8-LeaderElection2] INFO  server.RaftServerConfigKeys (ConfUtils.java:logGet(44)) - raft.server.watch.timeout.denomination = 1s (default)
2020-07-08 14:10:14,369 [23f52161-4d0b-4057-9580-ae17c3abe8f9@group-2907D62B86D8-LeaderElection2] INFO  server.RaftServerConfigKeys (ConfUtils.java:logGet(44)) - raft.server.watch.element-limit = 65536 (default)
2020-07-08 14:10:14,366 [EventQueue-PipelineReportForPipelineReportHandler] INFO  pipeline.PipelineStateManager (PipelineStateManager.java:openPipeline(131)) - Pipeline Pipeline[ Id: 3dd271a5-29c8-4646-bc98-2907d62b86d8, Nodes: 826f2dd8-5b44-4231-95cf-b9c87eb33eaf{ip: 172.17.0.2, host: fa59273552ea, networkLocation: /default-rack, certSerialId: null}777a0c97-fe03-4145-8875-90750d7699c7{ip: 172.17.0.2, host: fa59273552ea, networkLocation: /default-rack, certSerialId: null}23f52161-4d0b-4057-9580-ae17c3abe8f9{ip: 172.17.0.2, host: fa59273552ea, networkLocation: /default-rack, certSerialId: null}, Type:RATIS, Factor:THREE, State:ALLOCATED, leaderId:23f52161-4d0b-4057-9580-ae17c3abe8f9, CreationTimestamp2020-07-08T14:10:06.080Z] moved to OPEN state
2020-07-08 14:10:14,365 [777a0c97-fe03-4145-8875-90750d7699c7@group-8F14DE03EA64-LeaderElection3] INFO  impl.RaftServerImpl (ServerState.java:setLeader(255)) - 777a0c97-fe03-4145-8875-90750d7699c7@group-8F14DE03EA64: change Leader from null to 777a0c97-fe03-4145-8875-90750d7699c7 at term 1 for becomeLeader, leader elected after 5346ms
2020-07-08 14:10:14,369 [777a0c97-fe03-4145-8875-90750d7699c7@group-8F14DE03EA64-LeaderElection3] INFO  server.RaftServerConfigKeys (ConfUtils.java:logGet(44)) - raft.server.staging.catchup.gap = 1000 (default)
2020-07-08 14:10:14,370 [777a0c97-fe03-4145-8875-90750d7699c7@group-8F14DE03EA64-LeaderElection3] INFO  server.RaftServerConfigKeys (ConfUtils.java:logGet(44)) - raft.server.rpc.sleep.time = 25ms (default)
2020-07-08 14:10:14,370 [1beaea03-3085-41d3-a7f9-4c54f70b633b@group-85823D3FCDD2-LeaderElection5] INFO  impl.LeaderElection (LeaderElection.java:askForVotes(206)) - 1beaea03-3085-41d3-a7f9-4c54f70b633b@group-85823D3FCDD2-LeaderElection5: begin an election at term 1 for -1: [f826a808-1191-49e1-9c45-32a2a6ec2e98:172.17.0.2:38585, 1beaea03-3085-41d3-a7f9-4c54f70b633b:172.17.0.2:38777, d017e2c5-c92e-4431-be88-95bb161f4165:172.17.0.2:46205], old=null
2020-07-08 14:10:14,369 [EventQueue-OpenPipelineForOneReplicaPipelineSafeModeRule] INFO  safemode.SCMSafeModeManager (SCMSafeModeManager.java:validateSafeModeExitRules(214)) - AtleastOneDatanodeReportedRule rule is successfully validated
2020-07-08 14:10:14,396 [Thread-285] INFO  impl.FollowerState (FollowerState.java:run(108)) - d017e2c5-c92e-4431-be88-95bb161f4165@group-2B27927FA061-FollowerState: change to CANDIDATE, lastRpcTime:5064ms, electionTimeout:5054ms
2020-07-08 14:10:14,405 [Thread-285] INFO  impl.RoleInfo (RoleInfo.java:shutdownFollowerState(121)) - d017e2c5-c92e-4431-be88-95bb161f4165: shutdown FollowerState
2020-07-08 14:10:14,405 [Thread-285] INFO  impl.RaftServerImpl (RaftServerImpl.java:setRole(175)) - d017e2c5-c92e-4431-be88-95bb161f4165@group-2B27927FA061: changes role from  FOLLOWER to CANDIDATE at term 0 for changeToCandidate
2020-07-08 14:10:14,393 [777a0c97-fe03-4145-8875-90750d7699c7@group-8F14DE03EA64-LeaderElection3] INFO  metrics.RatisMetrics (RatisMetrics.java:lambda$create$0(36)) - Creating Metrics Registry : ratis.log_appender.777a0c97-fe03-4145-8875-90750d7699c7@group-8F14DE03EA64
2020-07-08 14:10:14,373 [1beaea03-3085-41d3-a7f9-4c54f70b633b@group-77716E955746-LeaderElection4] INFO  impl.LeaderElection (LeaderElection.java:askForVotes(206)) - 1beaea03-3085-41d3-a7f9-4c54f70b633b@group-77716E955746-LeaderElection4: begin an election at term 1 for -1: [1beaea03-3085-41d3-a7f9-4c54f70b633b:172.17.0.2:38777], old=null
2020-07-08 14:10:14,405 [1beaea03-3085-41d3-a7f9-4c54f70b633b@group-77716E955746-LeaderElection4] INFO  impl.RoleInfo (RoleInfo.java:shutdownLeaderElection(134)) - 1beaea03-3085-41d3-a7f9-4c54f70b633b: shutdown LeaderElection
2020-07-08 14:10:14,405 [1beaea03-3085-41d3-a7f9-4c54f70b633b@group-77716E955746-LeaderElection4] INFO  impl.RaftServerImpl (RaftServerImpl.java:setRole(175)) - 1beaea03-3085-41d3-a7f9-4c54f70b633b@group-77716E955746: changes role from CANDIDATE to LEADER at term 1 for changeToLeader
2020-07-08 14:10:14,405 [1beaea03-3085-41d3-a7f9-4c54f70b633b@group-77716E955746-LeaderElection4] INFO  ratis.XceiverServerRatis (XceiverServerRatis.java:handleLeaderChangedNotification(762)) - Leader change notification received for group: group-77716E955746 with new leaderId: 1beaea03-3085-41d3-a7f9-4c54f70b633b
2020-07-08 14:10:14,371 [23f52161-4d0b-4057-9580-ae17c3abe8f9@group-2907D62B86D8-LeaderElection2] INFO  server.RaftServerConfigKeys (ConfUtils.java:logGet(44)) - raft.server.log.appender.snapshot.chunk.size.max = 16MB (=16777216) (default)
2020-07-08 14:10:14,406 [23f52161-4d0b-4057-9580-ae17c3abe8f9@group-2907D62B86D8-LeaderElection2] INFO  server.RaftServerConfigKeys (ConfUtils.java:logGet(44)) - raft.server.log.appender.buffer.byte-limit = 33554432 (custom)
2020-07-08 14:10:14,406 [23f52161-4d0b-4057-9580-ae17c3abe8f9@group-2907D62B86D8-LeaderElection2] INFO  server.RaftServerConfigKeys (ConfUtils.java:logGet(44)) - raft.server.log.appender.buffer.element-limit = 1 (custom)
2020-07-08 14:10:14,369 [EventQueue-OpenPipelineForHealthyPipelineSafeModeRule] INFO  safemode.SCMSafeModeManager (HealthyPipelineSafeModeRule.java:process(129)) - SCM in safe mode. Healthy pipelines reported count is 1, required healthy pipeline reported count is 1
2020-07-08 14:10:14,408 [EventQueue-OpenPipelineForHealthyPipelineSafeModeRule] INFO  safemode.SCMSafeModeManager (SCMSafeModeManager.java:validateSafeModeExitRules(214)) - HealthyPipelineSafeModeRule rule is successfully validated
2020-07-08 14:10:14,408 [EventQueue-OpenPipelineForHealthyPipelineSafeModeRule] INFO  safemode.SCMSafeModeManager (SCMSafeModeManager.java:validateSafeModeExitRules(228)) - ScmSafeModeManager, all rules are successfully validated
2020-07-08 14:10:14,409 [EventQueue-OpenPipelineForHealthyPipelineSafeModeRule] INFO  safemode.SCMSafeModeManager (SCMSafeModeManager.java:exitSafeMode(257)) - SCM exiting safe mode.
2020-07-08 14:10:14,405 [777a0c97-fe03-4145-8875-90750d7699c7@group-8F14DE03EA64-LeaderElection3] INFO  server.RaftServerConfigKeys (ConfUtils.java:logGet(44)) - raft.server.write.element-limit = 1024 (custom)
2020-07-08 14:10:14,409 [777a0c97-fe03-4145-8875-90750d7699c7@group-8F14DE03EA64-LeaderElection3] INFO  server.RaftServerConfigKeys (ConfUtils.java:logGet(44)) - raft.server.write.byte-limit = 1073741824 (custom)
2020-07-08 14:10:14,409 [777a0c97-fe03-4145-8875-90750d7699c7@group-8F14DE03EA64-LeaderElection3] INFO  server.RaftServerConfigKeys (ConfUtils.java:logGet(44)) - raft.server.watch.timeout = 10000ms (default)
2020-07-08 14:10:14,409 [777a0c97-fe03-4145-8875-90750d7699c7@group-8F14DE03EA64-LeaderElection3] INFO  server.RaftServerConfigKeys (ConfUtils.java:logGet(44)) - raft.server.watch.timeout.denomination = 1s (default)
2020-07-08 14:10:14,409 [777a0c97-fe03-4145-8875-90750d7699c7@group-8F14DE03EA64-LeaderElection3] INFO  server.RaftServerConfigKeys (ConfUtils.java:logGet(44)) - raft.server.watch.element-limit = 65536 (default)
2020-07-08 14:10:14,410 [777a0c97-fe03-4145-8875-90750d7699c7@group-8F14DE03EA64-LeaderElection3] INFO  impl.RoleInfo (RoleInfo.java:updateAndGet(143)) - 777a0c97-fe03-4145-8875-90750d7699c7: start LeaderState
2020-07-08 14:10:14,410 [777a0c97-fe03-4145-8875-90750d7699c7@group-8F14DE03EA64-LeaderElection3] INFO  segmented.SegmentedRaftLogWorker (SegmentedRaftLogWorker.java:startLogSegment(397)) - 777a0c97-fe03-4145-8875-90750d7699c7@group-8F14DE03EA64-SegmentedRaftLogWorker: Starting segment from index:0
2020-07-08 14:10:14,419 [777a0c97-fe03-4145-8875-90750d7699c7@group-8F14DE03EA64-SegmentedRaftLogWorker] INFO  segmented.SegmentedRaftLogWorker (SegmentedRaftLogWorker.java:execute(596)) - 777a0c97-fe03-4145-8875-90750d7699c7@group-8F14DE03EA64-SegmentedRaftLogWorker: created new log segment /github/workspace/mnt/ozone/hadoop-ozone/integration-test/target/test-dir/MiniOzoneClusterImpl-32bd3365-c0fa-4882-bde6-5b86600e32bb/datanode-1/data/ratis/ba0b2554-8528-4722-abb4-8f14de03ea64/current/log_inprogress_0
2020-07-08 14:10:14,424 [1beaea03-3085-41d3-a7f9-4c54f70b633b@group-77716E955746-LeaderElection4] INFO  impl.RaftServerImpl (ServerState.java:setLeader(255)) - 1beaea03-3085-41d3-a7f9-4c54f70b633b@group-77716E955746: change Leader from null to 1beaea03-3085-41d3-a7f9-4c54f70b633b at term 1 for becomeLeader, leader elected after 5209ms
2020-07-08 14:10:14,424 [Thread-285] INFO  impl.RoleInfo (RoleInfo.java:updateAndGet(143)) - d017e2c5-c92e-4431-be88-95bb161f4165: start LeaderElection
2020-07-08 14:10:14,440 [777a0c97-fe03-4145-8875-90750d7699c7@group-8F14DE03EA64-LeaderElection3] INFO  impl.RaftServerImpl (ServerState.java:setRaftConf(356)) - 777a0c97-fe03-4145-8875-90750d7699c7@group-8F14DE03EA64: set configuration 0: [777a0c97-fe03-4145-8875-90750d7699c7:172.17.0.2:33153], old=null at 0
2020-07-08 14:10:14,424 [23f52161-4d0b-4057-9580-ae17c3abe8f9@group-2907D62B86D8-LeaderElection2] INFO  grpc.GrpcConfigKeys (ConfUtils.java:logGet(44)) - raft.grpc.server.leader.outstanding.appends.max = 128 (default)
2020-07-08 14:10:14,457 [23f52161-4d0b-4057-9580-ae17c3abe8f9@group-2907D62B86D8-LeaderElection2] INFO  server.RaftServerConfigKeys (ConfUtils.java:logGet(44)) - raft.server.rpc.request.timeout = 3000ms (default)
2020-07-08 14:10:14,457 [23f52161-4d0b-4057-9580-ae17c3abe8f9@group-2907D62B86D8-LeaderElection2] INFO  server.RaftServerConfigKeys (ConfUtils.java:logGet(44)) - raft.server.log.appender.install.snapshot.enabled = false (custom)
2020-07-08 14:10:14,458 [23f52161-4d0b-4057-9580-ae17c3abe8f9@group-2907D62B86D8-LeaderElection2] INFO  metrics.RatisMetrics (RatisMetrics.java:lambda$create$0(36)) - Creating Metrics Registry : ratis_grpc.log_appender.23f52161-4d0b-4057-9580-ae17c3abe8f9@group-2907D62B86D8
2020-07-08 14:10:14,458 [826f2dd8-5b44-4231-95cf-b9c87eb33eaf@group-8CE204B191A4-LeaderElection6] INFO  impl.LeaderElection (LeaderElection.java:askForVotes(206)) - 826f2dd8-5b44-4231-95cf-b9c87eb33eaf@group-8CE204B191A4-LeaderElection6: begin an election at term 1 for -1: [826f2dd8-5b44-4231-95cf-b9c87eb33eaf:172.17.0.2:37049], old=null
2020-07-08 14:10:14,458 [826f2dd8-5b44-4231-95cf-b9c87eb33eaf@group-8CE204B191A4-LeaderElection6] INFO  impl.RoleInfo (RoleInfo.java:shutdownLeaderElection(134)) - 826f2dd8-5b44-4231-95cf-b9c87eb33eaf: shutdown LeaderElection
2020-07-08 14:10:14,458 [826f2dd8-5b44-4231-95cf-b9c87eb33eaf@group-8CE204B191A4-LeaderElection6] INFO  impl.RaftServerImpl (RaftServerImpl.java:setRole(175)) - 826f2dd8-5b44-4231-95cf-b9c87eb33eaf@group-8CE204B191A4: changes role from CANDIDATE to LEADER at term 1 for changeToLeader
2020-07-08 14:10:14,458 [826f2dd8-5b44-4231-95cf-b9c87eb33eaf@group-8CE204B191A4-LeaderElection6] INFO  ratis.XceiverServerRatis (XceiverServerRatis.java:handleLeaderChangedNotification(762)) - Leader change notification received for group: group-8CE204B191A4 with new leaderId: 826f2dd8-5b44-4231-95cf-b9c87eb33eaf
2020-07-08 14:10:14,459 [826f2dd8-5b44-4231-95cf-b9c87eb33eaf@group-8CE204B191A4-LeaderElection6] INFO  impl.RaftServerImpl (ServerState.java:setLeader(255)) - 826f2dd8-5b44-4231-95cf-b9c87eb33eaf@group-8CE204B191A4: change Leader from null to 826f2dd8-5b44-4231-95cf-b9c87eb33eaf at term 1 for becomeLeader, leader elected after 5356ms
2020-07-08 14:10:14,459 [826f2dd8-5b44-4231-95cf-b9c87eb33eaf@group-8CE204B191A4-LeaderElection6] INFO  server.RaftServerConfigKeys (ConfUtils.java:logGet(44)) - raft.server.staging.catchup.gap = 1000 (default)
2020-07-08 14:10:14,459 [826f2dd8-5b44-4231-95cf-b9c87eb33eaf@group-8CE204B191A4-LeaderElection6] INFO  server.RaftServerConfigKeys (ConfUtils.java:logGet(44)) - raft.server.rpc.sleep.time = 25ms (default)
2020-07-08 14:10:14,459 [826f2dd8-5b44-4231-95cf-b9c87eb33eaf@group-8CE204B191A4-LeaderElection6] INFO  metrics.RatisMetrics (RatisMetrics.java:lambda$create$0(36)) - Creating Metrics Registry : ratis.log_appender.826f2dd8-5b44-4231-95cf-b9c87eb33eaf@group-8CE204B191A4
2020-07-08 14:10:14,459 [826f2dd8-5b44-4231-95cf-b9c87eb33eaf@group-8CE204B191A4-LeaderElection6] INFO  server.RaftServerConfigKeys (ConfUtils.java:logGet(44)) - raft.server.write.element-limit = 1024 (custom)
2020-07-08 14:10:14,459 [826f2dd8-5b44-4231-95cf-b9c87eb33eaf@group-8CE204B191A4-LeaderElection6] INFO  server.RaftServerConfigKeys (ConfUtils.java:logGet(44)) - raft.server.write.byte-limit = 1073741824 (custom)
2020-07-08 14:10:14,459 [1beaea03-3085-41d3-a7f9-4c54f70b633b@group-77716E955746-LeaderElection4] INFO  server.RaftServerConfigKeys (ConfUtils.java:logGet(44)) - raft.server.staging.catchup.gap = 1000 (default)
2020-07-08 14:10:14,459 [1beaea03-3085-41d3-a7f9-4c54f70b633b@group-77716E955746-LeaderElection4] INFO  server.RaftServerConfigKeys (ConfUtils.java:logGet(44)) - raft.server.rpc.sleep.time = 25ms (default)
2020-07-08 14:10:14,459 [1beaea03-3085-41d3-a7f9-4c54f70b633b@group-77716E955746-LeaderElection4] INFO  metrics.RatisMetrics (RatisMetrics.java:lambda$create$0(36)) - Creating Metrics Registry : ratis.log_appender.1beaea03-3085-41d3-a7f9-4c54f70b633b@group-77716E955746
2020-07-08 14:10:14,459 [1beaea03-3085-41d3-a7f9-4c54f70b633b@group-77716E955746-LeaderElection4] INFO  server.RaftServerConfigKeys (ConfUtils.java:logGet(44)) - raft.server.write.element-limit = 1024 (custom)
2020-07-08 14:10:14,460 [1beaea03-3085-41d3-a7f9-4c54f70b633b@group-77716E955746-LeaderElection4] INFO  server.RaftServerConfigKeys (ConfUtils.java:logGet(44)) - raft.server.write.byte-limit = 1073741824 (custom)
2020-07-08 14:10:14,460 [grpc-default-executor-5] DEBUG impl.RaftServerImpl (RaftServerImpl.java:requestVote(821)) - f826a808-1191-49e1-9c45-32a2a6ec2e98@group-85823D3FCDD2: receive requestVote(1beaea03-3085-41d3-a7f9-4c54f70b633b, group-85823D3FCDD2, 1, (t:0, i:0))
2020-07-08 14:10:14,462 [grpc-default-executor-2] DEBUG impl.RaftServerImpl (RaftServerImpl.java:requestVote(821)) - d017e2c5-c92e-4431-be88-95bb161f4165@group-85823D3FCDD2: receive requestVote(1beaea03-3085-41d3-a7f9-4c54f70b633b, group-85823D3FCDD2, 1, (t:0, i:0))
2020-07-08 14:10:14,463 [grpc-default-executor-5] INFO  impl.RaftServerImpl (RaftServerImpl.java:setRole(175)) - f826a808-1191-49e1-9c45-32a2a6ec2e98@group-85823D3FCDD2: changes role from  FOLLOWER to FOLLOWER at term 1 for recognizeCandidate:1beaea03-3085-41d3-a7f9-4c54f70b633b
2020-07-08 14:10:14,463 [grpc-default-executor-5] INFO  impl.RoleInfo (RoleInfo.java:shutdownFollowerState(121)) - f826a808-1191-49e1-9c45-32a2a6ec2e98: shutdown FollowerState
2020-07-08 14:10:14,463 [grpc-default-executor-5] INFO  impl.RoleInfo (RoleInfo.java:updateAndGet(143)) - f826a808-1191-49e1-9c45-32a2a6ec2e98: start FollowerState
2020-07-08 14:10:14,463 [Thread-309] INFO  impl.FollowerState (FollowerState.java:run(117)) - f826a808-1191-49e1-9c45-32a2a6ec2e98@group-85823D3FCDD2-FollowerState was interrupted: java.lang.InterruptedException: sleep interrupted
2020-07-08 14:10:14,465 [826f2dd8-5b44-4231-95cf-b9c87eb33eaf@group-8CE204B191A4-LeaderElection6] INFO  server.RaftServerConfigKeys (ConfUtils.java:logGet(44)) - raft.server.watch.timeout = 10000ms (default)
2020-07-08 14:10:14,465 [826f2dd8-5b44-4231-95cf-b9c87eb33eaf@group-8CE204B191A4-LeaderElection6] INFO  server.RaftServerConfigKeys (ConfUtils.java:logGet(44)) - raft.server.watch.timeout.denomination = 1s (default)
2020-07-08 14:10:14,465 [826f2dd8-5b44-4231-95cf-b9c87eb33eaf@group-8CE204B191A4-LeaderElection6] INFO  server.RaftServerConfigKeys (ConfUtils.java:logGet(44)) - raft.server.watch.element-limit = 65536 (default)
2020-07-08 14:10:14,465 [826f2dd8-5b44-4231-95cf-b9c87eb33eaf@group-8CE204B191A4-LeaderElection6] INFO  impl.RoleInfo (RoleInfo.java:updateAndGet(143)) - 826f2dd8-5b44-4231-95cf-b9c87eb33eaf: start LeaderState
2020-07-08 14:10:14,466 [1beaea03-3085-41d3-a7f9-4c54f70b633b@group-77716E955746-LeaderElection4] INFO  server.RaftServerConfigKeys (ConfUtils.java:logGet(44)) - raft.server.watch.timeout = 10000ms (default)
2020-07-08 14:10:14,466 [1beaea03-3085-41d3-a7f9-4c54f70b633b@group-77716E955746-LeaderElection4] INFO  server.RaftServerConfigKeys (ConfUtils.java:logGet(44)) - raft.server.watch.timeout.denomination = 1s (default)
2020-07-08 14:10:14,466 [1beaea03-3085-41d3-a7f9-4c54f70b633b@group-77716E955746-LeaderElection4] INFO  server.RaftServerConfigKeys (ConfUtils.java:logGet(44)) - raft.server.watch.element-limit = 65536 (default)
2020-07-08 14:10:14,466 [1beaea03-3085-41d3-a7f9-4c54f70b633b@group-77716E955746-LeaderElection4] INFO  impl.RoleInfo (RoleInfo.java:updateAndGet(143)) - 1beaea03-3085-41d3-a7f9-4c54f70b633b: start LeaderState
2020-07-08 14:10:14,466 [d017e2c5-c92e-4431-be88-95bb161f4165@group-2B27927FA061-LeaderElection7] INFO  impl.LeaderElection (LeaderElection.java:askForVotes(206)) - d017e2c5-c92e-4431-be88-95bb161f4165@group-2B27927FA061-LeaderElection7: begin an election at term 1 for -1: [d017e2c5-c92e-4431-be88-95bb161f4165:172.17.0.2:46205], old=null
2020-07-08 14:10:14,466 [d017e2c5-c92e-4431-be88-95bb161f4165@group-2B27927FA061-LeaderElection7] INFO  impl.RoleInfo (RoleInfo.java:shutdownLeaderElection(134)) - d017e2c5-c92e-4431-be88-95bb161f4165: shutdown LeaderElection
2020-07-08 14:10:14,466 [d017e2c5-c92e-4431-be88-95bb161f4165@group-2B27927FA061-LeaderElection7] INFO  impl.RaftServerImpl (RaftServerImpl.java:setRole(175)) - d017e2c5-c92e-4431-be88-95bb161f4165@group-2B27927FA061: changes role from CANDIDATE to LEADER at term 1 for changeToLeader
2020-07-08 14:10:14,466 [d017e2c5-c92e-4431-be88-95bb161f4165@group-2B27927FA061-LeaderElection7] INFO  ratis.XceiverServerRatis (XceiverServerRatis.java:handleLeaderChangedNotification(762)) - Leader change notification received for group: group-2B27927FA061 with new leaderId: d017e2c5-c92e-4431-be88-95bb161f4165
2020-07-08 14:10:14,467 [777a0c97-fe03-4145-8875-90750d7699c7@group-8F14DE03EA64-StateMachineUpdater] INFO  ratis.ContainerStateMachine (ContainerStateMachine.java:takeSnapshot(293)) - group-8F14DE03EA64: Taking a snapshot at:(t:1, i:0) file /github/workspace/mnt/ozone/hadoop-ozone/integration-test/target/test-dir/MiniOzoneClusterImpl-32bd3365-c0fa-4882-bde6-5b86600e32bb/datanode-1/data/ratis/ba0b2554-8528-4722-abb4-8f14de03ea64/sm/snapshot.1_0
2020-07-08 14:10:14,467 [826f2dd8-5b44-4231-95cf-b9c87eb33eaf@group-8CE204B191A4-LeaderElection6] INFO  segmented.SegmentedRaftLogWorker (SegmentedRaftLogWorker.java:startLogSegment(397)) - 826f2dd8-5b44-4231-95cf-b9c87eb33eaf@group-8CE204B191A4-SegmentedRaftLogWorker: Starting segment from index:0
2020-07-08 14:10:14,468 [1beaea03-3085-41d3-a7f9-4c54f70b633b@group-77716E955746-LeaderElection4] INFO  segmented.SegmentedRaftLogWorker (SegmentedRaftLogWorker.java:startLogSegment(397)) - 1beaea03-3085-41d3-a7f9-4c54f70b633b@group-77716E955746-SegmentedRaftLogWorker: Starting segment from index:0
2020-07-08 14:10:14,469 [23f52161-4d0b-4057-9580-ae17c3abe8f9@group-2907D62B86D8-LeaderElection2] INFO  server.RaftServerConfigKeys (ConfUtils.java:logGet(44)) - raft.server.log.appender.snapshot.chunk.size.max = 16MB (=16777216) (default)
2020-07-08 14:10:14,469 [23f52161-4d0b-4057-9580-ae17c3abe8f9@group-2907D62B86D8-LeaderElection2] INFO  server.RaftServerConfigKeys (ConfUtils.java:logGet(44)) - raft.server.log.appender.buffer.byte-limit = 33554432 (custom)
2020-07-08 14:10:14,469 [23f52161-4d0b-4057-9580-ae17c3abe8f9@group-2907D62B86D8-LeaderElection2] INFO  server.RaftServerConfigKeys (ConfUtils.java:logGet(44)) - raft.server.log.appender.buffer.element-limit = 1 (custom)
2020-07-08 14:10:14,469 [grpc-default-executor-2] INFO  impl.RaftServerImpl (RaftServerImpl.java:setRole(175)) - d017e2c5-c92e-4431-be88-95bb161f4165@group-85823D3FCDD2: changes role from  FOLLOWER to FOLLOWER at term 1 for recognizeCandidate:1beaea03-3085-41d3-a7f9-4c54f70b633b
2020-07-08 14:10:14,469 [grpc-default-executor-2] INFO  impl.RoleInfo (RoleInfo.java:shutdownFollowerState(121)) - d017e2c5-c92e-4431-be88-95bb161f4165: shutdown FollowerState
2020-07-08 14:10:14,473 [grpc-default-executor-2] INFO  impl.RoleInfo (RoleInfo.java:updateAndGet(143)) - d017e2c5-c92e-4431-be88-95bb161f4165: start FollowerState
2020-07-08 14:10:14,473 [Thread-290] INFO  impl.FollowerState (FollowerState.java:run(117)) - d017e2c5-c92e-4431-be88-95bb161f4165@group-85823D3FCDD2-FollowerState was interrupted: java.lang.InterruptedException: sleep interrupted
2020-07-08 14:10:14,474 [d017e2c5-c92e-4431-be88-95bb161f4165@group-2B27927FA061-LeaderElection7] INFO  impl.RaftServerImpl (ServerState.java:setLeader(255)) - d017e2c5-c92e-4431-be88-95bb161f4165@group-2B27927FA061: change Leader from null to d017e2c5-c92e-4431-be88-95bb161f4165 at term 1 for becomeLeader, leader elected after 5145ms
2020-07-08 14:10:14,473 [23f52161-4d0b-4057-9580-ae17c3abe8f9@group-2907D62B86D8-LeaderElection2] INFO  grpc.GrpcConfigKeys (ConfUtils.java:logGet(44)) - raft.grpc.server.leader.outstanding.appends.max = 128 (default)
2020-07-08 14:10:14,475 [23f52161-4d0b-4057-9580-ae17c3abe8f9@group-2907D62B86D8-LeaderElection2] INFO  server.RaftServerConfigKeys (ConfUtils.java:logGet(44)) - raft.server.rpc.request.timeout = 3000ms (default)
2020-07-08 14:10:14,475 [23f52161-4d0b-4057-9580-ae17c3abe8f9@group-2907D62B86D8-LeaderElection2] INFO  server.RaftServerConfigKeys (ConfUtils.java:logGet(44)) - raft.server.log.appender.install.snapshot.enabled = false (custom)
2020-07-08 14:10:14,475 [1beaea03-3085-41d3-a7f9-4c54f70b633b@group-77716E955746-SegmentedRaftLogWorker] INFO  segmented.SegmentedRaftLogWorker (SegmentedRaftLogWorker.java:execute(596)) - 1beaea03-3085-41d3-a7f9-4c54f70b633b@group-77716E955746-SegmentedRaftLogWorker: created new log segment /github/workspace/mnt/ozone/hadoop-ozone/integration-test/target/test-dir/MiniOzoneClusterImpl-32bd3365-c0fa-4882-bde6-5b86600e32bb/datanode-3/data/ratis/0ed8c8c9-80b4-4598-939b-77716e955746/current/log_inprogress_0
2020-07-08 14:10:14,475 [grpc-default-executor-2] DEBUG impl.RaftServerImpl (RaftServerImpl.java:requestVote(853)) - d017e2c5-c92e-4431-be88-95bb161f4165@group-85823D3FCDD2 replies to vote request: 1beaea03-3085-41d3-a7f9-4c54f70b633b<-d017e2c5-c92e-4431-be88-95bb161f4165#0:OK-t1. Peer's state: d017e2c5-c92e-4431-be88-95bb161f4165@group-85823D3FCDD2:t1, leader=null, voted=1beaea03-3085-41d3-a7f9-4c54f70b633b, raftlog=d017e2c5-c92e-4431-be88-95bb161f4165@group-85823D3FCDD2-SegmentedRaftLog:OPENED:c-1,f-1,i0, conf=-1: [f826a808-1191-49e1-9c45-32a2a6ec2e98:172.17.0.2:38585, 1beaea03-3085-41d3-a7f9-4c54f70b633b:172.17.0.2:38777, d017e2c5-c92e-4431-be88-95bb161f4165:172.17.0.2:46205], old=null
2020-07-08 14:10:14,476 [826f2dd8-5b44-4231-95cf-b9c87eb33eaf@group-8CE204B191A4-SegmentedRaftLogWorker] INFO  segmented.SegmentedRaftLogWorker (SegmentedRaftLogWorker.java:execute(596)) - 826f2dd8-5b44-4231-95cf-b9c87eb33eaf@group-8CE204B191A4-SegmentedRaftLogWorker: created new log segment /github/workspace/mnt/ozone/hadoop-ozone/integration-test/target/test-dir/MiniOzoneClusterImpl-32bd3365-c0fa-4882-bde6-5b86600e32bb/datanode-2/data/ratis/c33ab1cd-5caf-4c64-98ff-8ce204b191a4/current/log_inprogress_0
2020-07-08 14:10:14,477 [826f2dd8-5b44-4231-95cf-b9c87eb33eaf@group-8CE204B191A4-LeaderElection6] INFO  impl.RaftServerImpl (ServerState.java:setRaftConf(356)) - 826f2dd8-5b44-4231-95cf-b9c87eb33eaf@group-8CE204B191A4: set configuration 0: [826f2dd8-5b44-4231-95cf-b9c87eb33eaf:172.17.0.2:37049], old=null at 0
2020-07-08 14:10:14,478 [1beaea03-3085-41d3-a7f9-4c54f70b633b@group-85823D3FCDD2-LeaderElection5] INFO  impl.LeaderElection (LeaderElection.java:logAndReturn(61)) - 1beaea03-3085-41d3-a7f9-4c54f70b633b@group-85823D3FCDD2-LeaderElection5: Election PASSED; received 1 response(s) [1beaea03-3085-41d3-a7f9-4c54f70b633b<-d017e2c5-c92e-4431-be88-95bb161f4165#0:OK-t1] and 0 exception(s); 1beaea03-3085-41d3-a7f9-4c54f70b633b@group-85823D3FCDD2:t1, leader=null, voted=1beaea03-3085-41d3-a7f9-4c54f70b633b, raftlog=1beaea03-3085-41d3-a7f9-4c54f70b633b@group-85823D3FCDD2-SegmentedRaftLog:OPENED:c-1,f-1,i0, conf=-1: [f826a808-1191-49e1-9c45-32a2a6ec2e98:172.17.0.2:38585, 1beaea03-3085-41d3-a7f9-4c54f70b633b:172.17.0.2:38777, d017e2c5-c92e-4431-be88-95bb161f4165:172.17.0.2:46205], old=null
2020-07-08 14:10:14,479 [1beaea03-3085-41d3-a7f9-4c54f70b633b@group-85823D3FCDD2-LeaderElection5] INFO  impl.RoleInfo (RoleInfo.java:shutdownLeaderElection(134)) - 1beaea03-3085-41d3-a7f9-4c54f70b633b: shutdown LeaderElection
2020-07-08 14:10:14,479 [1beaea03-3085-41d3-a7f9-4c54f70b633b@group-85823D3FCDD2-LeaderElection5] INFO  impl.RaftServerImpl (RaftServerImpl.java:setRole(175)) - 1beaea03-3085-41d3-a7f9-4c54f70b633b@group-85823D3FCDD2: changes role from CANDIDATE to LEADER at term 1 for changeToLeader
2020-07-08 14:10:14,479 [1beaea03-3085-41d3-a7f9-4c54f70b633b@group-85823D3FCDD2-LeaderElection5] INFO  ratis.XceiverServerRatis (XceiverServerRatis.java:handleLeaderChangedNotification(762)) - Leader change notification received for group: group-85823D3FCDD2 with new leaderId: 1beaea03-3085-41d3-a7f9-4c54f70b633b
2020-07-08 14:10:14,479 [1beaea03-3085-41d3-a7f9-4c54f70b633b@group-85823D3FCDD2-LeaderElection5] INFO  impl.RaftServerImpl (ServerState.java:setLeader(255)) - 1beaea03-3085-41d3-a7f9-4c54f70b633b@group-85823D3FCDD2: change Leader from null to 1beaea03-3085-41d3-a7f9-4c54f70b633b at term 1 for becomeLeader, leader elected after 5252ms
2020-07-08 14:10:14,479 [1beaea03-3085-41d3-a7f9-4c54f70b633b@group-85823D3FCDD2-LeaderElection5] INFO  server.RaftServerConfigKeys (ConfUtils.java:logGet(44)) - raft.server.staging.catchup.gap = 1000 (default)
2020-07-08 14:10:14,479 [1beaea03-3085-41d3-a7f9-4c54f70b633b@group-85823D3FCDD2-LeaderElection5] INFO  server.RaftServerConfigKeys (ConfUtils.java:logGet(44)) - raft.server.rpc.sleep.time = 25ms (default)
2020-07-08 14:10:14,479 [1beaea03-3085-41d3-a7f9-4c54f70b633b@group-85823D3FCDD2-LeaderElection5] INFO  metrics.RatisMetrics (RatisMetrics.java:lambda$create$0(36)) - Creating Metrics Registry : ratis.log_appender.1beaea03-3085-41d3-a7f9-4c54f70b633b@group-85823D3FCDD2
2020-07-08 14:10:14,479 [1beaea03-3085-41d3-a7f9-4c54f70b633b@group-85823D3FCDD2-LeaderElection5] INFO  server.RaftServerConfigKeys (ConfUtils.java:logGet(44)) - raft.server.write.element-limit = 1024 (custom)
2020-07-08 14:10:14,479 [1beaea03-3085-41d3-a7f9-4c54f70b633b@group-85823D3FCDD2-LeaderElection5] INFO  server.RaftServerConfigKeys (ConfUtils.java:logGet(44)) - raft.server.write.byte-limit = 1073741824 (custom)
2020-07-08 14:10:14,478 [d017e2c5-c92e-4431-be88-95bb161f4165@group-2B27927FA061-LeaderElection7] INFO  server.RaftServerConfigKeys (ConfUtils.java:logGet(44)) - raft.server.staging.catchup.gap = 1000 (default)
2020-07-08 14:10:14,485 [d017e2c5-c92e-4431-be88-95bb161f4165@group-2B27927FA061-LeaderElection7] INFO  server.RaftServerConfigKeys (ConfUtils.java:logGet(44)) - raft.server.rpc.sleep.time = 25ms (default)
2020-07-08 14:10:14,485 [d017e2c5-c92e-4431-be88-95bb161f4165@group-2B27927FA061-LeaderElection7] INFO  metrics.RatisMetrics (RatisMetrics.java:lambda$create$0(36)) - Creating Metrics Registry : ratis.log_appender.d017e2c5-c92e-4431-be88-95bb161f4165@group-2B27927FA061
2020-07-08 14:10:14,485 [d017e2c5-c92e-4431-be88-95bb161f4165@group-2B27927FA061-LeaderElection7] INFO  server.RaftServerConfigKeys (ConfUtils.java:logGet(44)) - raft.server.write.element-limit = 1024 (custom)
2020-07-08 14:10:14,485 [d017e2c5-c92e-4431-be88-95bb161f4165@group-2B27927FA061-LeaderElection7] INFO  server.RaftServerConfigKeys (ConfUtils.java:logGet(44)) - raft.server.write.byte-limit = 1073741824 (custom)
2020-07-08 14:10:14,477 [grpc-default-executor-5] DEBUG impl.RaftServerImpl (RaftServerImpl.java:requestVote(853)) - f826a808-1191-49e1-9c45-32a2a6ec2e98@group-85823D3FCDD2 replies to vote request: 1beaea03-3085-41d3-a7f9-4c54f70b633b<-f826a808-1191-49e1-9c45-32a2a6ec2e98#0:OK-t1. Peer's state: f826a808-1191-49e1-9c45-32a2a6ec2e98@group-85823D3FCDD2:t1, leader=null, voted=1beaea03-3085-41d3-a7f9-4c54f70b633b, raftlog=f826a808-1191-49e1-9c45-32a2a6ec2e98@group-85823D3FCDD2-SegmentedRaftLog:OPENED:c-1,f-1,i0, conf=-1: [f826a808-1191-49e1-9c45-32a2a6ec2e98:172.17.0.2:38585, 1beaea03-3085-41d3-a7f9-4c54f70b633b:172.17.0.2:38777, d017e2c5-c92e-4431-be88-95bb161f4165:172.17.0.2:46205], old=null
2020-07-08 14:10:14,477 [1beaea03-3085-41d3-a7f9-4c54f70b633b@group-77716E955746-LeaderElection4] INFO  impl.RaftServerImpl (ServerState.java:setRaftConf(356)) - 1beaea03-3085-41d3-a7f9-4c54f70b633b@group-77716E955746: set configuration 0: [1beaea03-3085-41d3-a7f9-4c54f70b633b:172.17.0.2:38777], old=null at 0
2020-07-08 14:10:14,481 [EventQueue-PipelineReportForPipelineReportHandler] INFO  pipeline.PipelineStateManager (PipelineStateManager.java:openPipeline(131)) - Pipeline Pipeline[ Id: 1c6d60c1-5f73-4316-b62f-85823d3fcdd2, Nodes: 1beaea03-3085-41d3-a7f9-4c54f70b633b{ip: 172.17.0.2, host: fa59273552ea, networkLocation: /default-rack, certSerialId: null}d017e2c5-c92e-4431-be88-95bb161f4165{ip: 172.17.0.2, host: fa59273552ea, networkLocation: /default-rack, certSerialId: null}f826a808-1191-49e1-9c45-32a2a6ec2e98{ip: 172.17.0.2, host: fa59273552ea, networkLocation: /default-rack, certSerialId: null}, Type:RATIS, Factor:THREE, State:ALLOCATED, leaderId:1beaea03-3085-41d3-a7f9-4c54f70b633b, CreationTimestamp2020-07-08T14:10:06.382Z] moved to OPEN state
2020-07-08 14:10:14,491 [1beaea03-3085-41d3-a7f9-4c54f70b633b@group-85823D3FCDD2-LeaderElection5] INFO  server.RaftServerConfigKeys (ConfUtils.java:logGet(44)) - raft.server.watch.timeout = 10000ms (default)
2020-07-08 14:10:14,491 [1beaea03-3085-41d3-a7f9-4c54f70b633b@group-85823D3FCDD2-LeaderElection5] INFO  server.RaftServerConfigKeys (ConfUtils.java:logGet(44)) - raft.server.watch.timeout.denomination = 1s (default)
2020-07-08 14:10:14,491 [1beaea03-3085-41d3-a7f9-4c54f70b633b@group-85823D3FCDD2-LeaderElection5] INFO  server.RaftServerConfigKeys (ConfUtils.java:logGet(44)) - raft.server.watch.element-limit = 65536 (default)
2020-07-08 14:10:14,491 [1beaea03-3085-41d3-a7f9-4c54f70b633b@group-85823D3FCDD2-LeaderElection5] INFO  server.RaftServerConfigKeys (ConfUtils.java:logGet(44)) - raft.server.log.appender.snapshot.chunk.size.max = 16MB (=16777216) (default)
2020-07-08 14:10:14,491 [1beaea03-3085-41d3-a7f9-4c54f70b633b@group-85823D3FCDD2-LeaderElection5] INFO  server.RaftServerConfigKeys (ConfUtils.java:logGet(44)) - raft.server.log.appender.buffer.byte-limit = 33554432 (custom)
2020-07-08 14:10:14,491 [1beaea03-3085-41d3-a7f9-4c54f70b633b@group-85823D3FCDD2-LeaderElection5] INFO  server.RaftServerConfigKeys (ConfUtils.java:logGet(44)) - raft.server.log.appender.buffer.element-limit = 1 (custom)
2020-07-08 14:10:14,491 [1beaea03-3085-41d3-a7f9-4c54f70b633b@group-85823D3FCDD2-LeaderElection5] INFO  grpc.GrpcConfigKeys (ConfUtils.java:logGet(44)) - raft.grpc.server.leader.outstanding.appends.max = 128 (default)
2020-07-08 14:10:14,491 [1beaea03-3085-41d3-a7f9-4c54f70b633b@group-85823D3FCDD2-LeaderElection5] INFO  server.RaftServerConfigKeys (ConfUtils.java:logGet(44)) - raft.server.rpc.request.timeout = 3000ms (default)
2020-07-08 14:10:14,491 [1beaea03-3085-41d3-a7f9-4c54f70b633b@group-85823D3FCDD2-LeaderElection5] INFO  server.RaftServerConfigKeys (ConfUtils.java:logGet(44)) - raft.server.log.appender.install.snapshot.enabled = false (custom)
2020-07-08 14:10:14,492 [1beaea03-3085-41d3-a7f9-4c54f70b633b@group-85823D3FCDD2-LeaderElection5] INFO  metrics.RatisMetrics (RatisMetrics.java:lambda$create$0(36)) - Creating Metrics Registry : ratis_grpc.log_appender.1beaea03-3085-41d3-a7f9-4c54f70b633b@group-85823D3FCDD2
2020-07-08 14:10:14,492 [d017e2c5-c92e-4431-be88-95bb161f4165@group-2B27927FA061-LeaderElection7] INFO  server.RaftServerConfigKeys (ConfUtils.java:logGet(44)) - raft.server.watch.timeout = 10000ms (default)
2020-07-08 14:10:14,500 [d017e2c5-c92e-4431-be88-95bb161f4165@group-2B27927FA061-LeaderElection7] INFO  server.RaftServerConfigKeys (ConfUtils.java:logGet(44)) - raft.server.watch.timeout.denomination = 1s (default)
2020-07-08 14:10:14,500 [d017e2c5-c92e-4431-be88-95bb161f4165@group-2B27927FA061-LeaderElection7] INFO  server.RaftServerConfigKeys (ConfUtils.java:logGet(44)) - raft.server.watch.element-limit = 65536 (default)
2020-07-08 14:10:14,496 [1beaea03-3085-41d3-a7f9-4c54f70b633b@group-85823D3FCDD2-LeaderElection5] INFO  server.RaftServerConfigKeys (ConfUtils.java:logGet(44)) - raft.server.log.appender.snapshot.chunk.size.max = 16MB (=16777216) (default)
2020-07-08 14:10:14,500 [1beaea03-3085-41d3-a7f9-4c54f70b633b@group-85823D3FCDD2-LeaderElection5] INFO  server.RaftServerConfigKeys (ConfUtils.java:logGet(44)) - raft.server.log.appender.buffer.byte-limit = 33554432 (custom)
2020-07-08 14:10:14,500 [1beaea03-3085-41d3-a7f9-4c54f70b633b@group-85823D3FCDD2-LeaderElection5] INFO  server.RaftServerConfigKeys (ConfUtils.java:logGet(44)) - raft.server.log.appender.buffer.element-limit = 1 (custom)
2020-07-08 14:10:14,500 [1beaea03-3085-41d3-a7f9-4c54f70b633b@group-85823D3FCDD2-LeaderElection5] INFO  grpc.GrpcConfigKeys (ConfUtils.java:logGet(44)) - raft.grpc.server.leader.outstanding.appends.max = 128 (default)
2020-07-08 14:10:14,495 [1beaea03-3085-41d3-a7f9-4c54f70b633b@group-77716E955746-StateMachineUpdater] INFO  ratis.ContainerStateMachine (ContainerStateMachine.java:takeSnapshot(293)) - group-77716E955746: Taking a snapshot at:(t:1, i:0) file /github/workspace/mnt/ozone/hadoop-ozone/integration-test/target/test-dir/MiniOzoneClusterImpl-32bd3365-c0fa-4882-bde6-5b86600e32bb/datanode-3/data/ratis/0ed8c8c9-80b4-4598-939b-77716e955746/sm/snapshot.1_0
2020-07-08 14:10:14,495 [826f2dd8-5b44-4231-95cf-b9c87eb33eaf@group-8CE204B191A4-StateMachineUpdater] INFO  ratis.ContainerStateMachine (ContainerStateMachine.java:takeSnapshot(293)) - group-8CE204B191A4: Taking a snapshot at:(t:1, i:0) file /github/workspace/mnt/ozone/hadoop-ozone/integration-test/target/test-dir/MiniOzoneClusterImpl-32bd3365-c0fa-4882-bde6-5b86600e32bb/datanode-2/data/ratis/c33ab1cd-5caf-4c64-98ff-8ce204b191a4/sm/snapshot.1_0
2020-07-08 14:10:14,501 [d017e2c5-c92e-4431-be88-95bb161f4165@group-2B27927FA061-LeaderElection7] INFO  impl.RoleInfo (RoleInfo.java:updateAndGet(143)) - d017e2c5-c92e-4431-be88-95bb161f4165: start LeaderState
2020-07-08 14:10:14,501 [d017e2c5-c92e-4431-be88-95bb161f4165@group-2B27927FA061-LeaderElection7] INFO  segmented.SegmentedRaftLogWorker (SegmentedRaftLogWorker.java:startLogSegment(397)) - d017e2c5-c92e-4431-be88-95bb161f4165@group-2B27927FA061-SegmentedRaftLogWorker: Starting segment from index:0
2020-07-08 14:10:14,494 [23f52161-4d0b-4057-9580-ae17c3abe8f9@group-2907D62B86D8-LeaderElection2] INFO  impl.RoleInfo (RoleInfo.java:updateAndGet(143)) - 23f52161-4d0b-4057-9580-ae17c3abe8f9: start LeaderState
2020-07-08 14:10:14,502 [23f52161-4d0b-4057-9580-ae17c3abe8f9@group-2907D62B86D8-LeaderElection2] INFO  segmented.SegmentedRaftLogWorker (SegmentedRaftLogWorker.java:startLogSegment(397)) - 23f52161-4d0b-4057-9580-ae17c3abe8f9@group-2907D62B86D8-SegmentedRaftLogWorker: Starting segment from index:0
2020-07-08 14:10:14,502 [1beaea03-3085-41d3-a7f9-4c54f70b633b@group-85823D3FCDD2-LeaderElection5] INFO  server.RaftServerConfigKeys (ConfUtils.java:logGet(44)) - raft.server.rpc.request.timeout = 3000ms (default)
2020-07-08 14:10:14,503 [d017e2c5-c92e-4431-be88-95bb161f4165@group-2B27927FA061-SegmentedRaftLogWorker] INFO  segmented.SegmentedRaftLogWorker (SegmentedRaftLogWorker.java:execute(596)) - d017e2c5-c92e-4431-be88-95bb161f4165@group-2B27927FA061-SegmentedRaftLogWorker: created new log segment /github/workspace/mnt/ozone/hadoop-ozone/integration-test/target/test-dir/MiniOzoneClusterImpl-32bd3365-c0fa-4882-bde6-5b86600e32bb/datanode-4/data/ratis/bd3655f7-7f73-479e-977c-2b27927fa061/current/log_inprogress_0
2020-07-08 14:10:14,503 [1beaea03-3085-41d3-a7f9-4c54f70b633b@group-85823D3FCDD2-LeaderElection5] INFO  server.RaftServerConfigKeys (ConfUtils.java:logGet(44)) - raft.server.log.appender.install.snapshot.enabled = false (custom)
2020-07-08 14:10:14,504 [1beaea03-3085-41d3-a7f9-4c54f70b633b@group-85823D3FCDD2-LeaderElection5] INFO  impl.RoleInfo (RoleInfo.java:updateAndGet(143)) - 1beaea03-3085-41d3-a7f9-4c54f70b633b: start LeaderState
2020-07-08 14:10:14,504 [1beaea03-3085-41d3-a7f9-4c54f70b633b@group-85823D3FCDD2-LeaderElection5] INFO  segmented.SegmentedRaftLogWorker (SegmentedRaftLogWorker.java:startLogSegment(397)) - 1beaea03-3085-41d3-a7f9-4c54f70b633b@group-85823D3FCDD2-SegmentedRaftLogWorker: Starting segment from index:0
2020-07-08 14:10:14,505 [d017e2c5-c92e-4431-be88-95bb161f4165@group-2B27927FA061-LeaderElection7] INFO  impl.RaftServerImpl (ServerState.java:setRaftConf(356)) - d017e2c5-c92e-4431-be88-95bb161f4165@group-2B27927FA061: set configuration 0: [d017e2c5-c92e-4431-be88-95bb161f4165:172.17.0.2:46205], old=null at 0
2020-07-08 14:10:14,506 [23f52161-4d0b-4057-9580-ae17c3abe8f9@group-2907D62B86D8-SegmentedRaftLogWorker] INFO  segmented.SegmentedRaftLogWorker (SegmentedRaftLogWorker.java:execute(596)) - 23f52161-4d0b-4057-9580-ae17c3abe8f9@group-2907D62B86D8-SegmentedRaftLogWorker: created new log segment /github/workspace/mnt/ozone/hadoop-ozone/integration-test/target/test-dir/MiniOzoneClusterImpl-32bd3365-c0fa-4882-bde6-5b86600e32bb/datanode-0/data/ratis/3dd271a5-29c8-4646-bc98-2907d62b86d8/current/log_inprogress_0
2020-07-08 14:10:14,507 [d017e2c5-c92e-4431-be88-95bb161f4165@group-2B27927FA061-StateMachineUpdater] INFO  ratis.ContainerStateMachine (ContainerStateMachine.java:takeSnapshot(293)) - group-2B27927FA061: Taking a snapshot at:(t:1, i:0) file /github/workspace/mnt/ozone/hadoop-ozone/integration-test/target/test-dir/MiniOzoneClusterImpl-32bd3365-c0fa-4882-bde6-5b86600e32bb/datanode-4/data/ratis/bd3655f7-7f73-479e-977c-2b27927fa061/sm/snapshot.1_0
2020-07-08 14:10:14,507 [1beaea03-3085-41d3-a7f9-4c54f70b633b@group-85823D3FCDD2-SegmentedRaftLogWorker] INFO  segmented.SegmentedRaftLogWorker (SegmentedRaftLogWorker.java:execute(596)) - 1beaea03-3085-41d3-a7f9-4c54f70b633b@group-85823D3FCDD2-SegmentedRaftLogWorker: created new log segment /github/workspace/mnt/ozone/hadoop-ozone/integration-test/target/test-dir/MiniOzoneClusterImpl-32bd3365-c0fa-4882-bde6-5b86600e32bb/datanode-3/data/ratis/1c6d60c1-5f73-4316-b62f-85823d3fcdd2/current/log_inprogress_0
2020-07-08 14:10:14,518 [826f2dd8-5b44-4231-95cf-b9c87eb33eaf@group-8CE204B191A4-StateMachineUpdater] INFO  ratis.ContainerStateMachine (ContainerStateMachine.java:takeSnapshot(304)) - group-8CE204B191A4: Finished taking a snapshot at:(t:1, i:0) file:/github/workspace/mnt/ozone/hadoop-ozone/integration-test/target/test-dir/MiniOzoneClusterImpl-32bd3365-c0fa-4882-bde6-5b86600e32bb/datanode-2/data/ratis/c33ab1cd-5caf-4c64-98ff-8ce204b191a4/sm/snapshot.1_0 time:23
2020-07-08 14:10:14,519 [826f2dd8-5b44-4231-95cf-b9c87eb33eaf@group-8CE204B191A4-StateMachineUpdater] INFO  impl.StateMachineUpdater (StateMachineUpdater.java:takeSnapshot(277)) - 826f2dd8-5b44-4231-95cf-b9c87eb33eaf@group-8CE204B191A4-StateMachineUpdater: Took a snapshot at index 0
2020-07-08 14:10:14,519 [826f2dd8-5b44-4231-95cf-b9c87eb33eaf@group-8CE204B191A4-StateMachineUpdater] INFO  impl.StateMachineUpdater (StateMachineUpdater.java:lambda$new$0(87)) - 826f2dd8-5b44-4231-95cf-b9c87eb33eaf@group-8CE204B191A4-StateMachineUpdater: snapshotIndex: updateIncreasingly -1 -> 0
2020-07-08 14:10:14,521 [1beaea03-3085-41d3-a7f9-4c54f70b633b@group-77716E955746-StateMachineUpdater] INFO  ratis.ContainerStateMachine (ContainerStateMachine.java:takeSnapshot(304)) - group-77716E955746: Finished taking a snapshot at:(t:1, i:0) file:/github/workspace/mnt/ozone/hadoop-ozone/integration-test/target/test-dir/MiniOzoneClusterImpl-32bd3365-c0fa-4882-bde6-5b86600e32bb/datanode-3/data/ratis/0ed8c8c9-80b4-4598-939b-77716e955746/sm/snapshot.1_0 time:25
2020-07-08 14:10:14,521 [777a0c97-fe03-4145-8875-90750d7699c7@group-8F14DE03EA64-StateMachineUpdater] INFO  ratis.ContainerStateMachine (ContainerStateMachine.java:takeSnapshot(304)) - group-8F14DE03EA64: Finished taking a snapshot at:(t:1, i:0) file:/github/workspace/mnt/ozone/hadoop-ozone/integration-test/target/test-dir/MiniOzoneClusterImpl-32bd3365-c0fa-4882-bde6-5b86600e32bb/datanode-1/data/ratis/ba0b2554-8528-4722-abb4-8f14de03ea64/sm/snapshot.1_0 time:53
2020-07-08 14:10:14,521 [23f52161-4d0b-4057-9580-ae17c3abe8f9@group-EC0B65524DE6-StateMachineUpdater] INFO  ratis.ContainerStateMachine (ContainerStateMachine.java:takeSnapshot(304)) - group-EC0B65524DE6: Finished taking a snapshot at:(t:1, i:0) file:/github/workspace/mnt/ozone/hadoop-ozone/integration-test/target/test-dir/MiniOzoneClusterImpl-32bd3365-c0fa-4882-bde6-5b86600e32bb/datanode-0/data/ratis/3ec74b14-4574-4dac-b740-ec0b65524de6/sm/snapshot.1_0 time:417
2020-07-08 14:10:14,523 [d017e2c5-c92e-4431-be88-95bb161f4165@group-2B27927FA061-StateMachineUpdater] INFO  ratis.ContainerStateMachine (ContainerStateMachine.java:takeSnapshot(304)) - group-2B27927FA061: Finished taking a snapshot at:(t:1, i:0) file:/github/workspace/mnt/ozone/hadoop-ozone/integration-test/target/test-dir/MiniOzoneClusterImpl-32bd3365-c0fa-4882-bde6-5b86600e32bb/datanode-4/data/ratis/bd3655f7-7f73-479e-977c-2b27927fa061/sm/snapshot.1_0 time:16
2020-07-08 14:10:14,530 [23f52161-4d0b-4057-9580-ae17c3abe8f9@group-2907D62B86D8-LeaderElection2] INFO  impl.RaftServerImpl (ServerState.java:setRaftConf(356)) - 23f52161-4d0b-4057-9580-ae17c3abe8f9@group-2907D62B86D8: set configuration 0: [777a0c97-fe03-4145-8875-90750d7699c7:172.17.0.2:33153, 23f52161-4d0b-4057-9580-ae17c3abe8f9:172.17.0.2:33835, 826f2dd8-5b44-4231-95cf-b9c87eb33eaf:172.17.0.2:37049], old=null at 0
2020-07-08 14:10:14,521 [1beaea03-3085-41d3-a7f9-4c54f70b633b@group-77716E955746-StateMachineUpdater] INFO  impl.StateMachineUpdater (StateMachineUpdater.java:takeSnapshot(277)) - 1beaea03-3085-41d3-a7f9-4c54f70b633b@group-77716E955746-StateMachineUpdater: Took a snapshot at index 0
2020-07-08 14:10:14,531 [1beaea03-3085-41d3-a7f9-4c54f70b633b@group-77716E955746-StateMachineUpdater] INFO  impl.StateMachineUpdater (StateMachineUpdater.java:lambda$new$0(87)) - 1beaea03-3085-41d3-a7f9-4c54f70b633b@group-77716E955746-StateMachineUpdater: snapshotIndex: updateIncreasingly -1 -> 0
2020-07-08 14:10:14,540 [grpc-default-executor-5] INFO  ratis.XceiverServerRatis (XceiverServerRatis.java:handleLeaderChangedNotification(762)) - Leader change notification received for group: group-2907D62B86D8 with new leaderId: 23f52161-4d0b-4057-9580-ae17c3abe8f9
2020-07-08 14:10:14,540 [grpc-default-executor-5] INFO  impl.RaftServerImpl (ServerState.java:setLeader(255)) - 826f2dd8-5b44-4231-95cf-b9c87eb33eaf@group-2907D62B86D8: change Leader from null to 23f52161-4d0b-4057-9580-ae17c3abe8f9 at term 1 for appendEntries, leader elected after 5370ms
2020-07-08 14:10:14,552 [1beaea03-3085-41d3-a7f9-4c54f70b633b@group-85823D3FCDD2-LeaderElection5] INFO  impl.RaftServerImpl (ServerState.java:setRaftConf(356)) - 1beaea03-3085-41d3-a7f9-4c54f70b633b@group-85823D3FCDD2: set configuration 0: [f826a808-1191-49e1-9c45-32a2a6ec2e98:172.17.0.2:38585, 1beaea03-3085-41d3-a7f9-4c54f70b633b:172.17.0.2:38777, d017e2c5-c92e-4431-be88-95bb161f4165:172.17.0.2:46205], old=null at 0
2020-07-08 14:10:14,553 [1beaea03-3085-41d3-a7f9-4c54f70b633b@group-85823D3FCDD2-StateMachineUpdater] INFO  ratis.ContainerStateMachine (ContainerStateMachine.java:takeSnapshot(293)) - group-85823D3FCDD2: Taking a snapshot at:(t:1, i:0) file /github/workspace/mnt/ozone/hadoop-ozone/integration-test/target/test-dir/MiniOzoneClusterImpl-32bd3365-c0fa-4882-bde6-5b86600e32bb/datanode-3/data/ratis/1c6d60c1-5f73-4316-b62f-85823d3fcdd2/sm/snapshot.1_0
2020-07-08 14:10:14,555 [1beaea03-3085-41d3-a7f9-4c54f70b633b@group-85823D3FCDD2-StateMachineUpdater] INFO  ratis.ContainerStateMachine (ContainerStateMachine.java:takeSnapshot(304)) - group-85823D3FCDD2: Finished taking a snapshot at:(t:1, i:0) file:/github/workspace/mnt/ozone/hadoop-ozone/integration-test/target/test-dir/MiniOzoneClusterImpl-32bd3365-c0fa-4882-bde6-5b86600e32bb/datanode-3/data/ratis/1c6d60c1-5f73-4316-b62f-85823d3fcdd2/sm/snapshot.1_0 time:1
2020-07-08 14:10:14,555 [1beaea03-3085-41d3-a7f9-4c54f70b633b@group-85823D3FCDD2-StateMachineUpdater] INFO  impl.StateMachineUpdater (StateMachineUpdater.java:takeSnapshot(277)) - 1beaea03-3085-41d3-a7f9-4c54f70b633b@group-85823D3FCDD2-StateMachineUpdater: Took a snapshot at index 0
2020-07-08 14:10:14,555 [1beaea03-3085-41d3-a7f9-4c54f70b633b@group-85823D3FCDD2-StateMachineUpdater] INFO  impl.StateMachineUpdater (StateMachineUpdater.java:lambda$new$0(87)) - 1beaea03-3085-41d3-a7f9-4c54f70b633b@group-85823D3FCDD2-StateMachineUpdater: snapshotIndex: updateIncreasingly -1 -> 0
2020-07-08 14:10:14,564 [23f52161-4d0b-4057-9580-ae17c3abe8f9@group-2907D62B86D8-StateMachineUpdater] INFO  ratis.ContainerStateMachine (ContainerStateMachine.java:takeSnapshot(293)) - group-2907D62B86D8: Taking a snapshot at:(t:1, i:0) file /github/workspace/mnt/ozone/hadoop-ozone/integration-test/target/test-dir/MiniOzoneClusterImpl-32bd3365-c0fa-4882-bde6-5b86600e32bb/datanode-0/data/ratis/3dd271a5-29c8-4646-bc98-2907d62b86d8/sm/snapshot.1_0
2020-07-08 14:10:14,521 [777a0c97-fe03-4145-8875-90750d7699c7@group-8F14DE03EA64-StateMachineUpdater] INFO  impl.StateMachineUpdater (StateMachineUpdater.java:takeSnapshot(277)) - 777a0c97-fe03-4145-8875-90750d7699c7@group-8F14DE03EA64-StateMachineUpdater: Took a snapshot at index 0
2020-07-08 14:10:14,564 [777a0c97-fe03-4145-8875-90750d7699c7@group-8F14DE03EA64-StateMachineUpdater] INFO  impl.StateMachineUpdater (StateMachineUpdater.java:lambda$new$0(87)) - 777a0c97-fe03-4145-8875-90750d7699c7@group-8F14DE03EA64-StateMachineUpdater: snapshotIndex: updateIncreasingly -1 -> 0
2020-07-08 14:10:14,521 [23f52161-4d0b-4057-9580-ae17c3abe8f9@group-EC0B65524DE6-StateMachineUpdater] INFO  impl.StateMachineUpdater (StateMachineUpdater.java:takeSnapshot(277)) - 23f52161-4d0b-4057-9580-ae17c3abe8f9@group-EC0B65524DE6-StateMachineUpdater: Took a snapshot at index 0
2020-07-08 14:10:14,565 [23f52161-4d0b-4057-9580-ae17c3abe8f9@group-EC0B65524DE6-StateMachineUpdater] INFO  impl.StateMachineUpdater (StateMachineUpdater.java:lambda$new$0(87)) - 23f52161-4d0b-4057-9580-ae17c3abe8f9@group-EC0B65524DE6-StateMachineUpdater: snapshotIndex: updateIncreasingly -1 -> 0
2020-07-08 14:10:14,523 [d017e2c5-c92e-4431-be88-95bb161f4165@group-2B27927FA061-StateMachineUpdater] INFO  impl.StateMachineUpdater (StateMachineUpdater.java:takeSnapshot(277)) - d017e2c5-c92e-4431-be88-95bb161f4165@group-2B27927FA061-StateMachineUpdater: Took a snapshot at index 0
2020-07-08 14:10:14,565 [d017e2c5-c92e-4431-be88-95bb161f4165@group-2B27927FA061-StateMachineUpdater] INFO  impl.StateMachineUpdater (StateMachineUpdater.java:lambda$new$0(87)) - d017e2c5-c92e-4431-be88-95bb161f4165@group-2B27927FA061-StateMachineUpdater: snapshotIndex: updateIncreasingly -1 -> 0
2020-07-08 14:10:14,568 [23f52161-4d0b-4057-9580-ae17c3abe8f9@group-2907D62B86D8-StateMachineUpdater] INFO  ratis.ContainerStateMachine (ContainerStateMachine.java:takeSnapshot(304)) - group-2907D62B86D8: Finished taking a snapshot at:(t:1, i:0) file:/github/workspace/mnt/ozone/hadoop-ozone/integration-test/target/test-dir/MiniOzoneClusterImpl-32bd3365-c0fa-4882-bde6-5b86600e32bb/datanode-0/data/ratis/3dd271a5-29c8-4646-bc98-2907d62b86d8/sm/snapshot.1_0 time:4
2020-07-08 14:10:14,569 [23f52161-4d0b-4057-9580-ae17c3abe8f9@group-2907D62B86D8-StateMachineUpdater] INFO  impl.StateMachineUpdater (StateMachineUpdater.java:takeSnapshot(277)) - 23f52161-4d0b-4057-9580-ae17c3abe8f9@group-2907D62B86D8-StateMachineUpdater: Took a snapshot at index 0
2020-07-08 14:10:14,569 [23f52161-4d0b-4057-9580-ae17c3abe8f9@group-2907D62B86D8-StateMachineUpdater] INFO  impl.StateMachineUpdater (StateMachineUpdater.java:lambda$new$0(87)) - 23f52161-4d0b-4057-9580-ae17c3abe8f9@group-2907D62B86D8-StateMachineUpdater: snapshotIndex: updateIncreasingly -1 -> 0
2020-07-08 14:10:14,570 [grpc-default-executor-0] INFO  ratis.XceiverServerRatis (XceiverServerRatis.java:handleLeaderChangedNotification(762)) - Leader change notification received for group: group-85823D3FCDD2 with new leaderId: 1beaea03-3085-41d3-a7f9-4c54f70b633b
2020-07-08 14:10:14,570 [grpc-default-executor-0] INFO  impl.RaftServerImpl (ServerState.java:setLeader(255)) - d017e2c5-c92e-4431-be88-95bb161f4165@group-85823D3FCDD2: change Leader from null to 1beaea03-3085-41d3-a7f9-4c54f70b633b at term 1 for appendEntries, leader elected after 4875ms
2020-07-08 14:10:14,571 [grpc-default-executor-2] INFO  ratis.XceiverServerRatis (XceiverServerRatis.java:handleLeaderChangedNotification(762)) - Leader change notification received for group: group-85823D3FCDD2 with new leaderId: 1beaea03-3085-41d3-a7f9-4c54f70b633b
2020-07-08 14:10:14,571 [grpc-default-executor-2] INFO  impl.RaftServerImpl (ServerState.java:setLeader(255)) - f826a808-1191-49e1-9c45-32a2a6ec2e98@group-85823D3FCDD2: change Leader from null to 1beaea03-3085-41d3-a7f9-4c54f70b633b at term 1 for appendEntries, leader elected after 4650ms
2020-07-08 14:10:14,574 [grpc-default-executor-5] INFO  ratis.XceiverServerRatis (XceiverServerRatis.java:handleLeaderChangedNotification(762)) - Leader change notification received for group: group-2907D62B86D8 with new leaderId: 23f52161-4d0b-4057-9580-ae17c3abe8f9
2020-07-08 14:10:14,574 [grpc-default-executor-5] INFO  impl.RaftServerImpl (ServerState.java:setLeader(255)) - 777a0c97-fe03-4145-8875-90750d7699c7@group-2907D62B86D8: change Leader from null to 23f52161-4d0b-4057-9580-ae17c3abe8f9 at term 1 for appendEntries, leader elected after 5504ms
2020-07-08 14:10:14,576 [grpc-default-executor-3] DEBUG impl.RaftServerImpl (RaftServerImpl.java:logAppendEntries(928)) - 826f2dd8-5b44-4231-95cf-b9c87eb33eaf@group-2907D62B86D8: receive appendEntries(23f52161-4d0b-4057-9580-ae17c3abe8f9, 1, null, 0, false, commits[23f52161-4d0b-4057-9580-ae17c3abe8f9:c0, 777a0c97-fe03-4145-8875-90750d7699c7:c-1, 826f2dd8-5b44-4231-95cf-b9c87eb33eaf:c-1], entries: (t:1, i:0), CONFIGURATIONENTRY
2020-07-08 14:10:14,576 [grpc-default-executor-2] DEBUG impl.RaftServerImpl (RaftServerImpl.java:logAppendEntries(928)) - f826a808-1191-49e1-9c45-32a2a6ec2e98@group-85823D3FCDD2: receive appendEntries(1beaea03-3085-41d3-a7f9-4c54f70b633b, 1, null, 0, false, commits[1beaea03-3085-41d3-a7f9-4c54f70b633b:c0, f826a808-1191-49e1-9c45-32a2a6ec2e98:c-1, d017e2c5-c92e-4431-be88-95bb161f4165:c-1], entries: (t:1, i:0), CONFIGURATIONENTRY
2020-07-08 14:10:14,577 [grpc-default-executor-0] DEBUG impl.RaftServerImpl (RaftServerImpl.java:logAppendEntries(928)) - d017e2c5-c92e-4431-be88-95bb161f4165@group-85823D3FCDD2: receive appendEntries(1beaea03-3085-41d3-a7f9-4c54f70b633b, 1, null, 0, false, commits[1beaea03-3085-41d3-a7f9-4c54f70b633b:c0, f826a808-1191-49e1-9c45-32a2a6ec2e98:c-1, d017e2c5-c92e-4431-be88-95bb161f4165:c-1], entries: (t:1, i:0), CONFIGURATIONENTRY
2020-07-08 14:10:14,579 [grpc-default-executor-0] INFO  impl.RaftServerImpl (ServerState.java:setRaftConf(356)) - d017e2c5-c92e-4431-be88-95bb161f4165@group-85823D3FCDD2: set configuration 0: [f826a808-1191-49e1-9c45-32a2a6ec2e98:172.17.0.2:38585, 1beaea03-3085-41d3-a7f9-4c54f70b633b:172.17.0.2:38777, d017e2c5-c92e-4431-be88-95bb161f4165:172.17.0.2:46205], old=null at 0
2020-07-08 14:10:14,579 [grpc-default-executor-0] INFO  segmented.SegmentedRaftLogWorker (SegmentedRaftLogWorker.java:startLogSegment(397)) - d017e2c5-c92e-4431-be88-95bb161f4165@group-85823D3FCDD2-SegmentedRaftLogWorker: Starting segment from index:0
2020-07-08 14:10:14,580 [grpc-default-executor-2] INFO  impl.RaftServerImpl (ServerState.java:setRaftConf(356)) - f826a808-1191-49e1-9c45-32a2a6ec2e98@group-85823D3FCDD2: set configuration 0: [f826a808-1191-49e1-9c45-32a2a6ec2e98:172.17.0.2:38585, 1beaea03-3085-41d3-a7f9-4c54f70b633b:172.17.0.2:38777, d017e2c5-c92e-4431-be88-95bb161f4165:172.17.0.2:46205], old=null at 0
2020-07-08 14:10:14,581 [grpc-default-executor-3] INFO  impl.RaftServerImpl (ServerState.java:setRaftConf(356)) - 826f2dd8-5b44-4231-95cf-b9c87eb33eaf@group-2907D62B86D8: set configuration 0: [777a0c97-fe03-4145-8875-90750d7699c7:172.17.0.2:33153, 23f52161-4d0b-4057-9580-ae17c3abe8f9:172.17.0.2:33835, 826f2dd8-5b44-4231-95cf-b9c87eb33eaf:172.17.0.2:37049], old=null at 0
2020-07-08 14:10:14,581 [grpc-default-executor-2] INFO  segmented.SegmentedRaftLogWorker (SegmentedRaftLogWorker.java:startLogSegment(397)) - f826a808-1191-49e1-9c45-32a2a6ec2e98@group-85823D3FCDD2-SegmentedRaftLogWorker: Starting segment from index:0
2020-07-08 14:10:14,581 [grpc-default-executor-3] INFO  segmented.SegmentedRaftLogWorker (SegmentedRaftLogWorker.java:startLogSegment(397)) - 826f2dd8-5b44-4231-95cf-b9c87eb33eaf@group-2907D62B86D8-SegmentedRaftLogWorker: Starting segment from index:0
2020-07-08 14:10:14,588 [grpc-default-executor-4] DEBUG server.GrpcLogAppender (GrpcLogAppender.java:onNext(257)) - 1beaea03-3085-41d3-a7f9-4c54f70b633b@group-85823D3FCDD2->f826a808-1191-49e1-9c45-32a2a6ec2e98-AppendLogResponseHandler: received the first reply 1beaea03-3085-41d3-a7f9-4c54f70b633b<-f826a808-1191-49e1-9c45-32a2a6ec2e98#0:OK,SUCCESS,nextIndex:0,term:1,followerCommit:-1, request=AppendEntriesRequest:cid=0,entriesCount=0,lastEntry=null
2020-07-08 14:10:14,588 [grpc-default-executor-5] DEBUG impl.RaftServerImpl (RaftServerImpl.java:logAppendEntries(928)) - 777a0c97-fe03-4145-8875-90750d7699c7@group-2907D62B86D8: receive appendEntries(23f52161-4d0b-4057-9580-ae17c3abe8f9, 1, null, 0, false, commits[23f52161-4d0b-4057-9580-ae17c3abe8f9:c0, 777a0c97-fe03-4145-8875-90750d7699c7:c-1, 826f2dd8-5b44-4231-95cf-b9c87eb33eaf:c-1], entries: (t:1, i:0), CONFIGURATIONENTRY
2020-07-08 14:10:14,590 [grpc-default-executor-5] INFO  impl.RaftServerImpl (ServerState.java:setRaftConf(356)) - 777a0c97-fe03-4145-8875-90750d7699c7@group-2907D62B86D8: set configuration 0: [777a0c97-fe03-4145-8875-90750d7699c7:172.17.0.2:33153, 23f52161-4d0b-4057-9580-ae17c3abe8f9:172.17.0.2:33835, 826f2dd8-5b44-4231-95cf-b9c87eb33eaf:172.17.0.2:37049], old=null at 0
2020-07-08 14:10:14,589 [grpc-default-executor-1] DEBUG server.GrpcLogAppender (GrpcLogAppender.java:onNext(257)) - 23f52161-4d0b-4057-9580-ae17c3abe8f9@group-2907D62B86D8->826f2dd8-5b44-4231-95cf-b9c87eb33eaf-AppendLogResponseHandler: received the first reply 23f52161-4d0b-4057-9580-ae17c3abe8f9<-826f2dd8-5b44-4231-95cf-b9c87eb33eaf#0:OK,SUCCESS,nextIndex:0,term:1,followerCommit:-1, request=AppendEntriesRequest:cid=0,entriesCount=0,lastEntry=null
2020-07-08 14:10:14,590 [grpc-default-executor-2] DEBUG server.GrpcLogAppender (GrpcLogAppender.java:onNext(257)) - 23f52161-4d0b-4057-9580-ae17c3abe8f9@group-2907D62B86D8->777a0c97-fe03-4145-8875-90750d7699c7-AppendLogResponseHandler: received the first reply 23f52161-4d0b-4057-9580-ae17c3abe8f9<-777a0c97-fe03-4145-8875-90750d7699c7#0:OK,SUCCESS,nextIndex:0,term:1,followerCommit:-1, request=AppendEntriesRequest:cid=0,entriesCount=0,lastEntry=null
2020-07-08 14:10:14,591 [grpc-default-executor-0] DEBUG server.GrpcLogAppender (GrpcLogAppender.java:onNext(257)) - 1beaea03-3085-41d3-a7f9-4c54f70b633b@group-85823D3FCDD2->d017e2c5-c92e-4431-be88-95bb161f4165-AppendLogResponseHandler: received the first reply 1beaea03-3085-41d3-a7f9-4c54f70b633b<-d017e2c5-c92e-4431-be88-95bb161f4165#0:OK,SUCCESS,nextIndex:1,term:1,followerCommit:-1, request=AppendEntriesRequest:cid=0,entriesCount=0,lastEntry=null
2020-07-08 14:10:14,592 [grpc-default-executor-5] INFO  segmented.SegmentedRaftLogWorker (SegmentedRaftLogWorker.java:startLogSegment(397)) - 777a0c97-fe03-4145-8875-90750d7699c7@group-2907D62B86D8-SegmentedRaftLogWorker: Starting segment from index:0
2020-07-08 14:10:14,593 [d017e2c5-c92e-4431-be88-95bb161f4165@group-85823D3FCDD2-SegmentedRaftLogWorker] INFO  segmented.SegmentedRaftLogWorker (SegmentedRaftLogWorker.java:execute(596)) - d017e2c5-c92e-4431-be88-95bb161f4165@group-85823D3FCDD2-SegmentedRaftLogWorker: created new log segment /github/workspace/mnt/ozone/hadoop-ozone/integration-test/target/test-dir/MiniOzoneClusterImpl-32bd3365-c0fa-4882-bde6-5b86600e32bb/datanode-4/data/ratis/1c6d60c1-5f73-4316-b62f-85823d3fcdd2/current/log_inprogress_0
2020-07-08 14:10:14,593 [f826a808-1191-49e1-9c45-32a2a6ec2e98@group-85823D3FCDD2-SegmentedRaftLogWorker] INFO  segmented.SegmentedRaftLogWorker (SegmentedRaftLogWorker.java:execute(596)) - f826a808-1191-49e1-9c45-32a2a6ec2e98@group-85823D3FCDD2-SegmentedRaftLogWorker: created new log segment /github/workspace/mnt/ozone/hadoop-ozone/integration-test/target/test-dir/MiniOzoneClusterImpl-32bd3365-c0fa-4882-bde6-5b86600e32bb/datanode-5/data/ratis/1c6d60c1-5f73-4316-b62f-85823d3fcdd2/current/log_inprogress_0
2020-07-08 14:10:14,593 [826f2dd8-5b44-4231-95cf-b9c87eb33eaf@group-2907D62B86D8-SegmentedRaftLogWorker] INFO  segmented.SegmentedRaftLogWorker (SegmentedRaftLogWorker.java:execute(596)) - 826f2dd8-5b44-4231-95cf-b9c87eb33eaf@group-2907D62B86D8-SegmentedRaftLogWorker: created new log segment /github/workspace/mnt/ozone/hadoop-ozone/integration-test/target/test-dir/MiniOzoneClusterImpl-32bd3365-c0fa-4882-bde6-5b86600e32bb/datanode-2/data/ratis/3dd271a5-29c8-4646-bc98-2907d62b86d8/current/log_inprogress_0
2020-07-08 14:10:14,598 [777a0c97-fe03-4145-8875-90750d7699c7@group-2907D62B86D8-SegmentedRaftLogWorker] INFO  segmented.SegmentedRaftLogWorker (SegmentedRaftLogWorker.java:execute(596)) - 777a0c97-fe03-4145-8875-90750d7699c7@group-2907D62B86D8-SegmentedRaftLogWorker: created new log segment /github/workspace/mnt/ozone/hadoop-ozone/integration-test/target/test-dir/MiniOzoneClusterImpl-32bd3365-c0fa-4882-bde6-5b86600e32bb/datanode-1/data/ratis/3dd271a5-29c8-4646-bc98-2907d62b86d8/current/log_inprogress_0
2020-07-08 14:10:14,604 [Thread-356] DEBUG impl.RaftServerImpl (RaftServerImpl.java:logAppendEntries(928)) - f826a808-1191-49e1-9c45-32a2a6ec2e98@group-85823D3FCDD2: succeeded to handle AppendEntries. Reply: 1beaea03-3085-41d3-a7f9-4c54f70b633b<-f826a808-1191-49e1-9c45-32a2a6ec2e98#1:OK,SUCCESS,nextIndex:1,term:1,followerCommit:0
2020-07-08 14:10:14,604 [f826a808-1191-49e1-9c45-32a2a6ec2e98@group-85823D3FCDD2-StateMachineUpdater] INFO  ratis.ContainerStateMachine (ContainerStateMachine.java:takeSnapshot(293)) - group-85823D3FCDD2: Taking a snapshot at:(t:1, i:0) file /github/workspace/mnt/ozone/hadoop-ozone/integration-test/target/test-dir/MiniOzoneClusterImpl-32bd3365-c0fa-4882-bde6-5b86600e32bb/datanode-5/data/ratis/1c6d60c1-5f73-4316-b62f-85823d3fcdd2/sm/snapshot.1_0
2020-07-08 14:10:14,605 [grpc-default-executor-2] DEBUG server.GrpcLogAppender (GrpcLogAppender.java:onNext(257)) - 1beaea03-3085-41d3-a7f9-4c54f70b633b@group-85823D3FCDD2->f826a808-1191-49e1-9c45-32a2a6ec2e98-AppendLogResponseHandler: received a reply 1beaea03-3085-41d3-a7f9-4c54f70b633b<-f826a808-1191-49e1-9c45-32a2a6ec2e98#1:OK,SUCCESS,nextIndex:1,term:1,followerCommit:0, request=AppendEntriesRequest:cid=1,entriesCount=1,lastEntry=(t:1, i:0)
2020-07-08 14:10:14,605 [f826a808-1191-49e1-9c45-32a2a6ec2e98@group-85823D3FCDD2-StateMachineUpdater] INFO  ratis.ContainerStateMachine (ContainerStateMachine.java:takeSnapshot(304)) - group-85823D3FCDD2: Finished taking a snapshot at:(t:1, i:0) file:/github/workspace/mnt/ozone/hadoop-ozone/integration-test/target/test-dir/MiniOzoneClusterImpl-32bd3365-c0fa-4882-bde6-5b86600e32bb/datanode-5/data/ratis/1c6d60c1-5f73-4316-b62f-85823d3fcdd2/sm/snapshot.1_0 time:1
2020-07-08 14:10:14,605 [f826a808-1191-49e1-9c45-32a2a6ec2e98@group-85823D3FCDD2-StateMachineUpdater] INFO  impl.StateMachineUpdater (StateMachineUpdater.java:takeSnapshot(277)) - f826a808-1191-49e1-9c45-32a2a6ec2e98@group-85823D3FCDD2-StateMachineUpdater: Took a snapshot at index 0
2020-07-08 14:10:14,605 [f826a808-1191-49e1-9c45-32a2a6ec2e98@group-85823D3FCDD2-StateMachineUpdater] INFO  impl.StateMachineUpdater (StateMachineUpdater.java:lambda$new$0(87)) - f826a808-1191-49e1-9c45-32a2a6ec2e98@group-85823D3FCDD2-StateMachineUpdater: snapshotIndex: updateIncreasingly -1 -> 0
2020-07-08 14:10:14,607 [777a0c97-fe03-4145-8875-90750d7699c7@group-2907D62B86D8-StateMachineUpdater] INFO  ratis.ContainerStateMachine (ContainerStateMachine.java:takeSnapshot(293)) - group-2907D62B86D8: Taking a snapshot at:(t:1, i:0) file /github/workspace/mnt/ozone/hadoop-ozone/integration-test/target/test-dir/MiniOzoneClusterImpl-32bd3365-c0fa-4882-bde6-5b86600e32bb/datanode-1/data/ratis/3dd271a5-29c8-4646-bc98-2907d62b86d8/sm/snapshot.1_0
2020-07-08 14:10:14,607 [777a0c97-fe03-4145-8875-90750d7699c7@group-2907D62B86D8-StateMachineUpdater] INFO  ratis.ContainerStateMachine (ContainerStateMachine.java:takeSnapshot(304)) - group-2907D62B86D8: Finished taking a snapshot at:(t:1, i:0) file:/github/workspace/mnt/ozone/hadoop-ozone/integration-test/target/test-dir/MiniOzoneClusterImpl-32bd3365-c0fa-4882-bde6-5b86600e32bb/datanode-1/data/ratis/3dd271a5-29c8-4646-bc98-2907d62b86d8/sm/snapshot.1_0 time:1
2020-07-08 14:10:14,608 [777a0c97-fe03-4145-8875-90750d7699c7@group-2907D62B86D8-StateMachineUpdater] INFO  impl.StateMachineUpdater (StateMachineUpdater.java:takeSnapshot(277)) - 777a0c97-fe03-4145-8875-90750d7699c7@group-2907D62B86D8-StateMachineUpdater: Took a snapshot at index 0
2020-07-08 14:10:14,608 [777a0c97-fe03-4145-8875-90750d7699c7@group-2907D62B86D8-StateMachineUpdater] INFO  impl.StateMachineUpdater (StateMachineUpdater.java:lambda$new$0(87)) - 777a0c97-fe03-4145-8875-90750d7699c7@group-2907D62B86D8-StateMachineUpdater: snapshotIndex: updateIncreasingly -1 -> 0
2020-07-08 14:10:14,608 [Thread-359] DEBUG impl.RaftServerImpl (RaftServerImpl.java:logAppendEntries(928)) - 777a0c97-fe03-4145-8875-90750d7699c7@group-2907D62B86D8: succeeded to handle AppendEntries. Reply: 23f52161-4d0b-4057-9580-ae17c3abe8f9<-777a0c97-fe03-4145-8875-90750d7699c7#1:OK,SUCCESS,nextIndex:1,term:1,followerCommit:0
2020-07-08 14:10:14,609 [grpc-default-executor-2] DEBUG server.GrpcLogAppender (GrpcLogAppender.java:onNext(257)) - 23f52161-4d0b-4057-9580-ae17c3abe8f9@group-2907D62B86D8->777a0c97-fe03-4145-8875-90750d7699c7-AppendLogResponseHandler: received a reply 23f52161-4d0b-4057-9580-ae17c3abe8f9<-777a0c97-fe03-4145-8875-90750d7699c7#1:OK,SUCCESS,nextIndex:1,term:1,followerCommit:0, request=AppendEntriesRequest:cid=1,entriesCount=1,lastEntry=(t:1, i:0)
2020-07-08 14:10:14,610 [d017e2c5-c92e-4431-be88-95bb161f4165@group-85823D3FCDD2-StateMachineUpdater] INFO  ratis.ContainerStateMachine (ContainerStateMachine.java:takeSnapshot(293)) - group-85823D3FCDD2: Taking a snapshot at:(t:1, i:0) file /github/workspace/mnt/ozone/hadoop-ozone/integration-test/target/test-dir/MiniOzoneClusterImpl-32bd3365-c0fa-4882-bde6-5b86600e32bb/datanode-4/data/ratis/1c6d60c1-5f73-4316-b62f-85823d3fcdd2/sm/snapshot.1_0
2020-07-08 14:10:14,610 [Thread-358] DEBUG impl.RaftServerImpl (RaftServerImpl.java:logAppendEntries(928)) - d017e2c5-c92e-4431-be88-95bb161f4165@group-85823D3FCDD2: succeeded to handle AppendEntries. Reply: 1beaea03-3085-41d3-a7f9-4c54f70b633b<-d017e2c5-c92e-4431-be88-95bb161f4165#1:OK,SUCCESS,nextIndex:1,term:1,followerCommit:0
2020-07-08 14:10:14,611 [d017e2c5-c92e-4431-be88-95bb161f4165@group-85823D3FCDD2-StateMachineUpdater] INFO  ratis.ContainerStateMachine (ContainerStateMachine.java:takeSnapshot(304)) - group-85823D3FCDD2: Finished taking a snapshot at:(t:1, i:0) file:/github/workspace/mnt/ozone/hadoop-ozone/integration-test/target/test-dir/MiniOzoneClusterImpl-32bd3365-c0fa-4882-bde6-5b86600e32bb/datanode-4/data/ratis/1c6d60c1-5f73-4316-b62f-85823d3fcdd2/sm/snapshot.1_0 time:0
2020-07-08 14:10:14,611 [d017e2c5-c92e-4431-be88-95bb161f4165@group-85823D3FCDD2-StateMachineUpdater] INFO  impl.StateMachineUpdater (StateMachineUpdater.java:takeSnapshot(277)) - d017e2c5-c92e-4431-be88-95bb161f4165@group-85823D3FCDD2-StateMachineUpdater: Took a snapshot at index 0
2020-07-08 14:10:14,611 [d017e2c5-c92e-4431-be88-95bb161f4165@group-85823D3FCDD2-StateMachineUpdater] INFO  impl.StateMachineUpdater (StateMachineUpdater.java:lambda$new$0(87)) - d017e2c5-c92e-4431-be88-95bb161f4165@group-85823D3FCDD2-StateMachineUpdater: snapshotIndex: updateIncreasingly -1 -> 0
2020-07-08 14:10:14,612 [grpc-default-executor-2] DEBUG server.GrpcLogAppender (GrpcLogAppender.java:onNext(257)) - 1beaea03-3085-41d3-a7f9-4c54f70b633b@group-85823D3FCDD2->d017e2c5-c92e-4431-be88-95bb161f4165-AppendLogResponseHandler: received a reply 1beaea03-3085-41d3-a7f9-4c54f70b633b<-d017e2c5-c92e-4431-be88-95bb161f4165#1:OK,SUCCESS,nextIndex:1,term:1,followerCommit:0, request=AppendEntriesRequest:cid=1,entriesCount=1,lastEntry=(t:1, i:0)
2020-07-08 14:10:14,617 [826f2dd8-5b44-4231-95cf-b9c87eb33eaf@group-2907D62B86D8-StateMachineUpdater] INFO  ratis.ContainerStateMachine (ContainerStateMachine.java:takeSnapshot(293)) - group-2907D62B86D8: Taking a snapshot at:(t:1, i:0) file /github/workspace/mnt/ozone/hadoop-ozone/integration-test/target/test-dir/MiniOzoneClusterImpl-32bd3365-c0fa-4882-bde6-5b86600e32bb/datanode-2/data/ratis/3dd271a5-29c8-4646-bc98-2907d62b86d8/sm/snapshot.1_0
2020-07-08 14:10:14,617 [Thread-357] DEBUG impl.RaftServerImpl (RaftServerImpl.java:logAppendEntries(928)) - 826f2dd8-5b44-4231-95cf-b9c87eb33eaf@group-2907D62B86D8: succeeded to handle AppendEntries. Reply: 23f52161-4d0b-4057-9580-ae17c3abe8f9<-826f2dd8-5b44-4231-95cf-b9c87eb33eaf#1:OK,SUCCESS,nextIndex:1,term:1,followerCommit:0
2020-07-08 14:10:14,617 [826f2dd8-5b44-4231-95cf-b9c87eb33eaf@group-2907D62B86D8-StateMachineUpdater] INFO  ratis.ContainerStateMachine (ContainerStateMachine.java:takeSnapshot(304)) - group-2907D62B86D8: Finished taking a snapshot at:(t:1, i:0) file:/github/workspace/mnt/ozone/hadoop-ozone/integration-test/target/test-dir/MiniOzoneClusterImpl-32bd3365-c0fa-4882-bde6-5b86600e32bb/datanode-2/data/ratis/3dd271a5-29c8-4646-bc98-2907d62b86d8/sm/snapshot.1_0 time:1
2020-07-08 14:10:14,617 [826f2dd8-5b44-4231-95cf-b9c87eb33eaf@group-2907D62B86D8-StateMachineUpdater] INFO  impl.StateMachineUpdater (StateMachineUpdater.java:takeSnapshot(277)) - 826f2dd8-5b44-4231-95cf-b9c87eb33eaf@group-2907D62B86D8-StateMachineUpdater: Took a snapshot at index 0
2020-07-08 14:10:14,617 [826f2dd8-5b44-4231-95cf-b9c87eb33eaf@group-2907D62B86D8-StateMachineUpdater] INFO  impl.StateMachineUpdater (StateMachineUpdater.java:lambda$new$0(87)) - 826f2dd8-5b44-4231-95cf-b9c87eb33eaf@group-2907D62B86D8-StateMachineUpdater: snapshotIndex: updateIncreasingly -1 -> 0
2020-07-08 14:10:14,618 [grpc-default-executor-2] DEBUG server.GrpcLogAppender (GrpcLogAppender.java:onNext(257)) - 23f52161-4d0b-4057-9580-ae17c3abe8f9@group-2907D62B86D8->826f2dd8-5b44-4231-95cf-b9c87eb33eaf-AppendLogResponseHandler: received a reply 23f52161-4d0b-4057-9580-ae17c3abe8f9<-826f2dd8-5b44-4231-95cf-b9c87eb33eaf#1:OK,SUCCESS,nextIndex:1,term:1,followerCommit:0, request=AppendEntriesRequest:cid=1,entriesCount=1,lastEntry=(t:1, i:0)
2020-07-08 14:10:14,730 [Listener at 127.0.0.1/34841] INFO  ozone.MiniOzoneClusterImpl (MiniOzoneClusterImpl.java:lambda$waitForClusterToBeReady$0(177)) - Nodes are ready. Got 10 of 10 DN Heartbeats.
2020-07-08 14:10:14,730 [Listener at 127.0.0.1/34841] INFO  ozone.MiniOzoneClusterImpl (MiniOzoneClusterImpl.java:lambda$waitForClusterToBeReady$0(180)) - Cluster exits safe mode
2020-07-08 14:10:14,859 [Thread-288] INFO  impl.FollowerState (FollowerState.java:run(108)) - 280695a2-ab39-4103-98fb-325cbc6182a1@group-D5AC1BEFB0E7-FollowerState: change to CANDIDATE, lastRpcTime:5134ms, electionTimeout:5131ms
2020-07-08 14:10:14,859 [Thread-296] INFO  impl.FollowerState (FollowerState.java:run(108)) - 6e7cd3db-72e2-4b3a-8ef8-c30d2b0a8f56@group-02008BE8667B-FollowerState: change to CANDIDATE, lastRpcTime:5022ms, electionTimeout:5016ms
2020-07-08 14:10:14,859 [Thread-288] INFO  impl.RoleInfo (RoleInfo.java:shutdownFollowerState(121)) - 280695a2-ab39-4103-98fb-325cbc6182a1: shutdown FollowerState
2020-07-08 14:10:14,859 [Thread-288] INFO  impl.RaftServerImpl (RaftServerImpl.java:setRole(175)) - 280695a2-ab39-4103-98fb-325cbc6182a1@group-D5AC1BEFB0E7: changes role from  FOLLOWER to CANDIDATE at term 0 for changeToCandidate
2020-07-08 14:10:14,859 [Thread-288] INFO  impl.RoleInfo (RoleInfo.java:updateAndGet(143)) - 280695a2-ab39-4103-98fb-325cbc6182a1: start LeaderElection
2020-07-08 14:10:14,860 [Thread-296] INFO  impl.RoleInfo (RoleInfo.java:shutdownFollowerState(121)) - 6e7cd3db-72e2-4b3a-8ef8-c30d2b0a8f56: shutdown FollowerState
2020-07-08 14:10:14,860 [Thread-296] INFO  impl.RaftServerImpl (RaftServerImpl.java:setRole(175)) - 6e7cd3db-72e2-4b3a-8ef8-c30d2b0a8f56@group-02008BE8667B: changes role from  FOLLOWER to CANDIDATE at term 0 for changeToCandidate
2020-07-08 14:10:14,873 [Thread-296] INFO  impl.RoleInfo (RoleInfo.java:updateAndGet(143)) - 6e7cd3db-72e2-4b3a-8ef8-c30d2b0a8f56: start LeaderElection
2020-07-08 14:10:14,887 [Thread-292] INFO  impl.FollowerState (FollowerState.java:run(108)) - a091f5b3-7442-44ba-a161-b66621ecd7ea@group-F38D8A4CCFDB-FollowerState: change to CANDIDATE, lastRpcTime:5099ms, electionTimeout:5092ms
2020-07-08 14:10:14,890 [Thread-292] INFO  impl.RoleInfo (RoleInfo.java:shutdownFollowerState(121)) - a091f5b3-7442-44ba-a161-b66621ecd7ea: shutdown FollowerState
2020-07-08 14:10:14,890 [Thread-292] INFO  impl.RaftServerImpl (RaftServerImpl.java:setRole(175)) - a091f5b3-7442-44ba-a161-b66621ecd7ea@group-F38D8A4CCFDB: changes role from  FOLLOWER to CANDIDATE at term 0 for changeToCandidate
2020-07-08 14:10:14,890 [Thread-292] INFO  impl.RoleInfo (RoleInfo.java:updateAndGet(143)) - a091f5b3-7442-44ba-a161-b66621ecd7ea: start LeaderElection
2020-07-08 14:10:14,891 [280695a2-ab39-4103-98fb-325cbc6182a1@group-D5AC1BEFB0E7-LeaderElection8] INFO  impl.LeaderElection (LeaderElection.java:askForVotes(206)) - 280695a2-ab39-4103-98fb-325cbc6182a1@group-D5AC1BEFB0E7-LeaderElection8: begin an election at term 1 for -1: [280695a2-ab39-4103-98fb-325cbc6182a1:172.17.0.2:39071], old=null
2020-07-08 14:10:14,891 [280695a2-ab39-4103-98fb-325cbc6182a1@group-D5AC1BEFB0E7-LeaderElection8] INFO  impl.RoleInfo (RoleInfo.java:shutdownLeaderElection(134)) - 280695a2-ab39-4103-98fb-325cbc6182a1: shutdown LeaderElection
2020-07-08 14:10:14,891 [280695a2-ab39-4103-98fb-325cbc6182a1@group-D5AC1BEFB0E7-LeaderElection8] INFO  impl.RaftServerImpl (RaftServerImpl.java:setRole(175)) - 280695a2-ab39-4103-98fb-325cbc6182a1@group-D5AC1BEFB0E7: changes role from CANDIDATE to LEADER at term 1 for changeToLeader
2020-07-08 14:10:14,891 [280695a2-ab39-4103-98fb-325cbc6182a1@group-D5AC1BEFB0E7-LeaderElection8] INFO  ratis.XceiverServerRatis (XceiverServerRatis.java:handleLeaderChangedNotification(762)) - Leader change notification received for group: group-D5AC1BEFB0E7 with new leaderId: 280695a2-ab39-4103-98fb-325cbc6182a1
2020-07-08 14:10:14,891 [6e7cd3db-72e2-4b3a-8ef8-c30d2b0a8f56@group-02008BE8667B-LeaderElection9] INFO  impl.LeaderElection (LeaderElection.java:askForVotes(206)) - 6e7cd3db-72e2-4b3a-8ef8-c30d2b0a8f56@group-02008BE8667B-LeaderElection9: begin an election at term 1 for -1: [6e7cd3db-72e2-4b3a-8ef8-c30d2b0a8f56:172.17.0.2:33797], old=null
2020-07-08 14:10:14,891 [6e7cd3db-72e2-4b3a-8ef8-c30d2b0a8f56@group-02008BE8667B-LeaderElection9] INFO  impl.RoleInfo (RoleInfo.java:shutdownLeaderElection(134)) - 6e7cd3db-72e2-4b3a-8ef8-c30d2b0a8f56: shutdown LeaderElection
2020-07-08 14:10:14,891 [6e7cd3db-72e2-4b3a-8ef8-c30d2b0a8f56@group-02008BE8667B-LeaderElection9] INFO  impl.RaftServerImpl (RaftServerImpl.java:setRole(175)) - 6e7cd3db-72e2-4b3a-8ef8-c30d2b0a8f56@group-02008BE8667B: changes role from CANDIDATE to LEADER at term 1 for changeToLeader
2020-07-08 14:10:14,891 [6e7cd3db-72e2-4b3a-8ef8-c30d2b0a8f56@group-02008BE8667B-LeaderElection9] INFO  ratis.XceiverServerRatis (XceiverServerRatis.java:handleLeaderChangedNotification(762)) - Leader change notification received for group: group-02008BE8667B with new leaderId: 6e7cd3db-72e2-4b3a-8ef8-c30d2b0a8f56
2020-07-08 14:10:14,900 [6e7cd3db-72e2-4b3a-8ef8-c30d2b0a8f56@group-02008BE8667B-LeaderElection9] INFO  impl.RaftServerImpl (ServerState.java:setLeader(255)) - 6e7cd3db-72e2-4b3a-8ef8-c30d2b0a8f56@group-02008BE8667B: change Leader from null to 6e7cd3db-72e2-4b3a-8ef8-c30d2b0a8f56 at term 1 for becomeLeader, leader elected after 5090ms
2020-07-08 14:10:14,900 [280695a2-ab39-4103-98fb-325cbc6182a1@group-D5AC1BEFB0E7-LeaderElection8] INFO  impl.RaftServerImpl (ServerState.java:setLeader(255)) - 280695a2-ab39-4103-98fb-325cbc6182a1@group-D5AC1BEFB0E7: change Leader from null to 280695a2-ab39-4103-98fb-325cbc6182a1 at term 1 for becomeLeader, leader elected after 5231ms
2020-07-08 14:10:14,906 [6e7cd3db-72e2-4b3a-8ef8-c30d2b0a8f56@group-02008BE8667B-LeaderElection9] INFO  server.RaftServerConfigKeys (ConfUtils.java:logGet(44)) - raft.server.staging.catchup.gap = 1000 (default)
2020-07-08 14:10:14,906 [6e7cd3db-72e2-4b3a-8ef8-c30d2b0a8f56@group-02008BE8667B-LeaderElection9] INFO  server.RaftServerConfigKeys (ConfUtils.java:logGet(44)) - raft.server.rpc.sleep.time = 25ms (default)
2020-07-08 14:10:14,906 [6e7cd3db-72e2-4b3a-8ef8-c30d2b0a8f56@group-02008BE8667B-LeaderElection9] INFO  metrics.RatisMetrics (RatisMetrics.java:lambda$create$0(36)) - Creating Metrics Registry : ratis.log_appender.6e7cd3db-72e2-4b3a-8ef8-c30d2b0a8f56@group-02008BE8667B
2020-07-08 14:10:14,906 [6e7cd3db-72e2-4b3a-8ef8-c30d2b0a8f56@group-02008BE8667B-LeaderElection9] INFO  server.RaftServerConfigKeys (ConfUtils.java:logGet(44)) - raft.server.write.element-limit = 1024 (custom)
2020-07-08 14:10:14,906 [6e7cd3db-72e2-4b3a-8ef8-c30d2b0a8f56@group-02008BE8667B-LeaderElection9] INFO  server.RaftServerConfigKeys (ConfUtils.java:logGet(44)) - raft.server.write.byte-limit = 1073741824 (custom)
2020-07-08 14:10:14,906 [6e7cd3db-72e2-4b3a-8ef8-c30d2b0a8f56@group-02008BE8667B-LeaderElection9] INFO  server.RaftServerConfigKeys (ConfUtils.java:logGet(44)) - raft.server.watch.timeout = 10000ms (default)
2020-07-08 14:10:14,906 [6e7cd3db-72e2-4b3a-8ef8-c30d2b0a8f56@group-02008BE8667B-LeaderElection9] INFO  server.RaftServerConfigKeys (ConfUtils.java:logGet(44)) - raft.server.watch.timeout.denomination = 1s (default)
2020-07-08 14:10:14,907 [6e7cd3db-72e2-4b3a-8ef8-c30d2b0a8f56@group-02008BE8667B-LeaderElection9] INFO  server.RaftServerConfigKeys (ConfUtils.java:logGet(44)) - raft.server.watch.element-limit = 65536 (default)
2020-07-08 14:10:14,907 [6e7cd3db-72e2-4b3a-8ef8-c30d2b0a8f56@group-02008BE8667B-LeaderElection9] INFO  impl.RoleInfo (RoleInfo.java:updateAndGet(143)) - 6e7cd3db-72e2-4b3a-8ef8-c30d2b0a8f56: start LeaderState
2020-07-08 14:10:14,907 [6e7cd3db-72e2-4b3a-8ef8-c30d2b0a8f56@group-02008BE8667B-LeaderElection9] INFO  segmented.SegmentedRaftLogWorker (SegmentedRaftLogWorker.java:startLogSegment(397)) - 6e7cd3db-72e2-4b3a-8ef8-c30d2b0a8f56@group-02008BE8667B-SegmentedRaftLogWorker: Starting segment from index:0
2020-07-08 14:10:14,908 [280695a2-ab39-4103-98fb-325cbc6182a1@group-D5AC1BEFB0E7-LeaderElection8] INFO  server.RaftServerConfigKeys (ConfUtils.java:logGet(44)) - raft.server.staging.catchup.gap = 1000 (default)
2020-07-08 14:10:14,908 [280695a2-ab39-4103-98fb-325cbc6182a1@group-D5AC1BEFB0E7-LeaderElection8] INFO  server.RaftServerConfigKeys (ConfUtils.java:logGet(44)) - raft.server.rpc.sleep.time = 25ms (default)
2020-07-08 14:10:14,913 [6e7cd3db-72e2-4b3a-8ef8-c30d2b0a8f56@group-02008BE8667B-SegmentedRaftLogWorker] INFO  segmented.SegmentedRaftLogWorker (SegmentedRaftLogWorker.java:execute(596)) - 6e7cd3db-72e2-4b3a-8ef8-c30d2b0a8f56@group-02008BE8667B-SegmentedRaftLogWorker: created new log segment /github/workspace/mnt/ozone/hadoop-ozone/integration-test/target/test-dir/MiniOzoneClusterImpl-32bd3365-c0fa-4882-bde6-5b86600e32bb/datanode-9/data/ratis/d874ac75-60a7-44ed-82fd-02008be8667b/current/log_inprogress_0
2020-07-08 14:10:14,917 [6e7cd3db-72e2-4b3a-8ef8-c30d2b0a8f56@group-02008BE8667B-LeaderElection9] INFO  impl.RaftServerImpl (ServerState.java:setRaftConf(356)) - 6e7cd3db-72e2-4b3a-8ef8-c30d2b0a8f56@group-02008BE8667B: set configuration 0: [6e7cd3db-72e2-4b3a-8ef8-c30d2b0a8f56:172.17.0.2:33797], old=null at 0
2020-07-08 14:10:14,924 [280695a2-ab39-4103-98fb-325cbc6182a1@group-D5AC1BEFB0E7-LeaderElection8] INFO  metrics.RatisMetrics (RatisMetrics.java:lambda$create$0(36)) - Creating Metrics Registry : ratis.log_appender.280695a2-ab39-4103-98fb-325cbc6182a1@group-D5AC1BEFB0E7
2020-07-08 14:10:14,924 [280695a2-ab39-4103-98fb-325cbc6182a1@group-D5AC1BEFB0E7-LeaderElection8] INFO  server.RaftServerConfigKeys (ConfUtils.java:logGet(44)) - raft.server.write.element-limit = 1024 (custom)
2020-07-08 14:10:14,924 [280695a2-ab39-4103-98fb-325cbc6182a1@group-D5AC1BEFB0E7-LeaderElection8] INFO  server.RaftServerConfigKeys (ConfUtils.java:logGet(44)) - raft.server.write.byte-limit = 1073741824 (custom)
2020-07-08 14:10:14,925 [280695a2-ab39-4103-98fb-325cbc6182a1@group-D5AC1BEFB0E7-LeaderElection8] INFO  server.RaftServerConfigKeys (ConfUtils.java:logGet(44)) - raft.server.watch.timeout = 10000ms (default)
2020-07-08 14:10:14,925 [280695a2-ab39-4103-98fb-325cbc6182a1@group-D5AC1BEFB0E7-LeaderElection8] INFO  server.RaftServerConfigKeys (ConfUtils.java:logGet(44)) - raft.server.watch.timeout.denomination = 1s (default)
2020-07-08 14:10:14,925 [280695a2-ab39-4103-98fb-325cbc6182a1@group-D5AC1BEFB0E7-LeaderElection8] INFO  server.RaftServerConfigKeys (ConfUtils.java:logGet(44)) - raft.server.watch.element-limit = 65536 (default)
2020-07-08 14:10:14,925 [280695a2-ab39-4103-98fb-325cbc6182a1@group-D5AC1BEFB0E7-LeaderElection8] INFO  impl.RoleInfo (RoleInfo.java:updateAndGet(143)) - 280695a2-ab39-4103-98fb-325cbc6182a1: start LeaderState
2020-07-08 14:10:14,925 [280695a2-ab39-4103-98fb-325cbc6182a1@group-D5AC1BEFB0E7-LeaderElection8] INFO  segmented.SegmentedRaftLogWorker (SegmentedRaftLogWorker.java:startLogSegment(397)) - 280695a2-ab39-4103-98fb-325cbc6182a1@group-D5AC1BEFB0E7-SegmentedRaftLogWorker: Starting segment from index:0
2020-07-08 14:10:14,926 [280695a2-ab39-4103-98fb-325cbc6182a1@group-D5AC1BEFB0E7-LeaderElection8] INFO  impl.RaftServerImpl (ServerState.java:setRaftConf(356)) - 280695a2-ab39-4103-98fb-325cbc6182a1@group-D5AC1BEFB0E7: set configuration 0: [280695a2-ab39-4103-98fb-325cbc6182a1:172.17.0.2:39071], old=null at 0
2020-07-08 14:10:14,927 [6e7cd3db-72e2-4b3a-8ef8-c30d2b0a8f56@group-02008BE8667B-StateMachineUpdater] INFO  ratis.ContainerStateMachine (ContainerStateMachine.java:takeSnapshot(293)) - group-02008BE8667B: Taking a snapshot at:(t:1, i:0) file /github/workspace/mnt/ozone/hadoop-ozone/integration-test/target/test-dir/MiniOzoneClusterImpl-32bd3365-c0fa-4882-bde6-5b86600e32bb/datanode-9/data/ratis/d874ac75-60a7-44ed-82fd-02008be8667b/sm/snapshot.1_0
2020-07-08 14:10:14,927 [280695a2-ab39-4103-98fb-325cbc6182a1@group-D5AC1BEFB0E7-SegmentedRaftLogWorker] INFO  segmented.SegmentedRaftLogWorker (SegmentedRaftLogWorker.java:execute(596)) - 280695a2-ab39-4103-98fb-325cbc6182a1@group-D5AC1BEFB0E7-SegmentedRaftLogWorker: created new log segment /github/workspace/mnt/ozone/hadoop-ozone/integration-test/target/test-dir/MiniOzoneClusterImpl-32bd3365-c0fa-4882-bde6-5b86600e32bb/datanode-7/data/ratis/739d0814-4cd4-43a7-82c2-d5ac1befb0e7/current/log_inprogress_0
2020-07-08 14:10:14,943 [6e7cd3db-72e2-4b3a-8ef8-c30d2b0a8f56@group-02008BE8667B-StateMachineUpdater] INFO  ratis.ContainerStateMachine (ContainerStateMachine.java:takeSnapshot(304)) - group-02008BE8667B: Finished taking a snapshot at:(t:1, i:0) file:/github/workspace/mnt/ozone/hadoop-ozone/integration-test/target/test-dir/MiniOzoneClusterImpl-32bd3365-c0fa-4882-bde6-5b86600e32bb/datanode-9/data/ratis/d874ac75-60a7-44ed-82fd-02008be8667b/sm/snapshot.1_0 time:16
2020-07-08 14:10:14,943 [6e7cd3db-72e2-4b3a-8ef8-c30d2b0a8f56@group-02008BE8667B-StateMachineUpdater] INFO  impl.StateMachineUpdater (StateMachineUpdater.java:takeSnapshot(277)) - 6e7cd3db-72e2-4b3a-8ef8-c30d2b0a8f56@group-02008BE8667B-StateMachineUpdater: Took a snapshot at index 0
2020-07-08 14:10:14,943 [6e7cd3db-72e2-4b3a-8ef8-c30d2b0a8f56@group-02008BE8667B-StateMachineUpdater] INFO  impl.StateMachineUpdater (StateMachineUpdater.java:lambda$new$0(87)) - 6e7cd3db-72e2-4b3a-8ef8-c30d2b0a8f56@group-02008BE8667B-StateMachineUpdater: snapshotIndex: updateIncreasingly -1 -> 0
2020-07-08 14:10:14,945 [280695a2-ab39-4103-98fb-325cbc6182a1@group-D5AC1BEFB0E7-StateMachineUpdater] INFO  ratis.ContainerStateMachine (ContainerStateMachine.java:takeSnapshot(293)) - group-D5AC1BEFB0E7: Taking a snapshot at:(t:1, i:0) file /github/workspace/mnt/ozone/hadoop-ozone/integration-test/target/test-dir/MiniOzoneClusterImpl-32bd3365-c0fa-4882-bde6-5b86600e32bb/datanode-7/data/ratis/739d0814-4cd4-43a7-82c2-d5ac1befb0e7/sm/snapshot.1_0
2020-07-08 14:10:14,946 [280695a2-ab39-4103-98fb-325cbc6182a1@group-D5AC1BEFB0E7-StateMachineUpdater] INFO  ratis.ContainerStateMachine (ContainerStateMachine.java:takeSnapshot(304)) - group-D5AC1BEFB0E7: Finished taking a snapshot at:(t:1, i:0) file:/github/workspace/mnt/ozone/hadoop-ozone/integration-test/target/test-dir/MiniOzoneClusterImpl-32bd3365-c0fa-4882-bde6-5b86600e32bb/datanode-7/data/ratis/739d0814-4cd4-43a7-82c2-d5ac1befb0e7/sm/snapshot.1_0 time:1
2020-07-08 14:10:14,946 [a091f5b3-7442-44ba-a161-b66621ecd7ea@group-F38D8A4CCFDB-LeaderElection10] INFO  impl.LeaderElection (LeaderElection.java:askForVotes(206)) - a091f5b3-7442-44ba-a161-b66621ecd7ea@group-F38D8A4CCFDB-LeaderElection10: begin an election at term 1 for -1: [a091f5b3-7442-44ba-a161-b66621ecd7ea:172.17.0.2:43945], old=null
2020-07-08 14:10:14,946 [a091f5b3-7442-44ba-a161-b66621ecd7ea@group-F38D8A4CCFDB-LeaderElection10] INFO  impl.RoleInfo (RoleInfo.java:shutdownLeaderElection(134)) - a091f5b3-7442-44ba-a161-b66621ecd7ea: shutdown LeaderElection
2020-07-08 14:10:14,946 [a091f5b3-7442-44ba-a161-b66621ecd7ea@group-F38D8A4CCFDB-LeaderElection10] INFO  impl.RaftServerImpl (RaftServerImpl.java:setRole(175)) - a091f5b3-7442-44ba-a161-b66621ecd7ea@group-F38D8A4CCFDB: changes role from CANDIDATE to LEADER at term 1 for changeToLeader
2020-07-08 14:10:14,946 [280695a2-ab39-4103-98fb-325cbc6182a1@group-D5AC1BEFB0E7-StateMachineUpdater] INFO  impl.StateMachineUpdater (StateMachineUpdater.java:takeSnapshot(277)) - 280695a2-ab39-4103-98fb-325cbc6182a1@group-D5AC1BEFB0E7-StateMachineUpdater: Took a snapshot at index 0
2020-07-08 14:10:14,946 [280695a2-ab39-4103-98fb-325cbc6182a1@group-D5AC1BEFB0E7-StateMachineUpdater] INFO  impl.StateMachineUpdater (StateMachineUpdater.java:lambda$new$0(87)) - 280695a2-ab39-4103-98fb-325cbc6182a1@group-D5AC1BEFB0E7-StateMachineUpdater: snapshotIndex: updateIncreasingly -1 -> 0
2020-07-08 14:10:14,946 [a091f5b3-7442-44ba-a161-b66621ecd7ea@group-F38D8A4CCFDB-LeaderElection10] INFO  ratis.XceiverServerRatis (XceiverServerRatis.java:handleLeaderChangedNotification(762)) - Leader change notification received for group: group-F38D8A4CCFDB with new leaderId: a091f5b3-7442-44ba-a161-b66621ecd7ea
2020-07-08 14:10:14,946 [Thread-304] INFO  impl.FollowerState (FollowerState.java:run(108)) - f826a808-1191-49e1-9c45-32a2a6ec2e98@group-52AB4D538DE5-FollowerState: change to CANDIDATE, lastRpcTime:5073ms, electionTimeout:5072ms
2020-07-08 14:10:14,947 [Thread-304] INFO  impl.RoleInfo (RoleInfo.java:shutdownFollowerState(121)) - f826a808-1191-49e1-9c45-32a2a6ec2e98: shutdown FollowerState
2020-07-08 14:10:14,947 [Thread-304] INFO  impl.RaftServerImpl (RaftServerImpl.java:setRole(175)) - f826a808-1191-49e1-9c45-32a2a6ec2e98@group-52AB4D538DE5: changes role from  FOLLOWER to CANDIDATE at term 0 for changeToCandidate
2020-07-08 14:10:14,947 [Thread-304] INFO  impl.RoleInfo (RoleInfo.java:updateAndGet(143)) - f826a808-1191-49e1-9c45-32a2a6ec2e98: start LeaderElection
2020-07-08 14:10:14,946 [a091f5b3-7442-44ba-a161-b66621ecd7ea@group-F38D8A4CCFDB-LeaderElection10] INFO  impl.RaftServerImpl (ServerState.java:setLeader(255)) - a091f5b3-7442-44ba-a161-b66621ecd7ea@group-F38D8A4CCFDB: change Leader from null to a091f5b3-7442-44ba-a161-b66621ecd7ea at term 1 for becomeLeader, leader elected after 5192ms
2020-07-08 14:10:14,956 [a091f5b3-7442-44ba-a161-b66621ecd7ea@group-F38D8A4CCFDB-LeaderElection10] INFO  server.RaftServerConfigKeys (ConfUtils.java:logGet(44)) - raft.server.staging.catchup.gap = 1000 (default)
2020-07-08 14:10:14,958 [a091f5b3-7442-44ba-a161-b66621ecd7ea@group-F38D8A4CCFDB-LeaderElection10] INFO  server.RaftServerConfigKeys (ConfUtils.java:logGet(44)) - raft.server.rpc.sleep.time = 25ms (default)
2020-07-08 14:10:14,958 [a091f5b3-7442-44ba-a161-b66621ecd7ea@group-F38D8A4CCFDB-LeaderElection10] INFO  metrics.RatisMetrics (RatisMetrics.java:lambda$create$0(36)) - Creating Metrics Registry : ratis.log_appender.a091f5b3-7442-44ba-a161-b66621ecd7ea@group-F38D8A4CCFDB
2020-07-08 14:10:14,958 [a091f5b3-7442-44ba-a161-b66621ecd7ea@group-F38D8A4CCFDB-LeaderElection10] INFO  server.RaftServerConfigKeys (ConfUtils.java:logGet(44)) - raft.server.write.element-limit = 1024 (custom)
2020-07-08 14:10:14,958 [a091f5b3-7442-44ba-a161-b66621ecd7ea@group-F38D8A4CCFDB-LeaderElection10] INFO  server.RaftServerConfigKeys (ConfUtils.java:logGet(44)) - raft.server.write.byte-limit = 1073741824 (custom)
2020-07-08 14:10:14,958 [a091f5b3-7442-44ba-a161-b66621ecd7ea@group-F38D8A4CCFDB-LeaderElection10] INFO  server.RaftServerConfigKeys (ConfUtils.java:logGet(44)) - raft.server.watch.timeout = 10000ms (default)
2020-07-08 14:10:14,958 [a091f5b3-7442-44ba-a161-b66621ecd7ea@group-F38D8A4CCFDB-LeaderElection10] INFO  server.RaftServerConfigKeys (ConfUtils.java:logGet(44)) - raft.server.watch.timeout.denomination = 1s (default)
2020-07-08 14:10:14,958 [a091f5b3-7442-44ba-a161-b66621ecd7ea@group-F38D8A4CCFDB-LeaderElection10] INFO  server.RaftServerConfigKeys (ConfUtils.java:logGet(44)) - raft.server.watch.element-limit = 65536 (default)
2020-07-08 14:10:14,959 [a091f5b3-7442-44ba-a161-b66621ecd7ea@group-F38D8A4CCFDB-LeaderElection10] INFO  impl.RoleInfo (RoleInfo.java:updateAndGet(143)) - a091f5b3-7442-44ba-a161-b66621ecd7ea: start LeaderState
2020-07-08 14:10:14,959 [a091f5b3-7442-44ba-a161-b66621ecd7ea@group-F38D8A4CCFDB-LeaderElection10] INFO  segmented.SegmentedRaftLogWorker (SegmentedRaftLogWorker.java:startLogSegment(397)) - a091f5b3-7442-44ba-a161-b66621ecd7ea@group-F38D8A4CCFDB-SegmentedRaftLogWorker: Starting segment from index:0
2020-07-08 14:10:14,959 [f826a808-1191-49e1-9c45-32a2a6ec2e98@group-52AB4D538DE5-LeaderElection11] INFO  impl.LeaderElection (LeaderElection.java:askForVotes(206)) - f826a808-1191-49e1-9c45-32a2a6ec2e98@group-52AB4D538DE5-LeaderElection11: begin an election at term 1 for -1: [f826a808-1191-49e1-9c45-32a2a6ec2e98:172.17.0.2:38585], old=null
2020-07-08 14:10:14,959 [f826a808-1191-49e1-9c45-32a2a6ec2e98@group-52AB4D538DE5-LeaderElection11] INFO  impl.RoleInfo (RoleInfo.java:shutdownLeaderElection(134)) - f826a808-1191-49e1-9c45-32a2a6ec2e98: shutdown LeaderElection
2020-07-08 14:10:14,959 [f826a808-1191-49e1-9c45-32a2a6ec2e98@group-52AB4D538DE5-LeaderElection11] INFO  impl.RaftServerImpl (RaftServerImpl.java:setRole(175)) - f826a808-1191-49e1-9c45-32a2a6ec2e98@group-52AB4D538DE5: changes role from CANDIDATE to LEADER at term 1 for changeToLeader
2020-07-08 14:10:14,959 [f826a808-1191-49e1-9c45-32a2a6ec2e98@group-52AB4D538DE5-LeaderElection11] INFO  ratis.XceiverServerRatis (XceiverServerRatis.java:handleLeaderChangedNotification(762)) - Leader change notification received for group: group-52AB4D538DE5 with new leaderId: f826a808-1191-49e1-9c45-32a2a6ec2e98
2020-07-08 14:10:14,960 [a091f5b3-7442-44ba-a161-b66621ecd7ea@group-F38D8A4CCFDB-SegmentedRaftLogWorker] INFO  segmented.SegmentedRaftLogWorker (SegmentedRaftLogWorker.java:execute(596)) - a091f5b3-7442-44ba-a161-b66621ecd7ea@group-F38D8A4CCFDB-SegmentedRaftLogWorker: created new log segment /github/workspace/mnt/ozone/hadoop-ozone/integration-test/target/test-dir/MiniOzoneClusterImpl-32bd3365-c0fa-4882-bde6-5b86600e32bb/datanode-8/data/ratis/959276bf-6dcb-414d-ac6d-f38d8a4ccfdb/current/log_inprogress_0
2020-07-08 14:10:14,966 [f826a808-1191-49e1-9c45-32a2a6ec2e98@group-52AB4D538DE5-LeaderElection11] INFO  impl.RaftServerImpl (ServerState.java:setLeader(255)) - f826a808-1191-49e1-9c45-32a2a6ec2e98@group-52AB4D538DE5: change Leader from null to f826a808-1191-49e1-9c45-32a2a6ec2e98 at term 1 for becomeLeader, leader elected after 5245ms
2020-07-08 14:10:14,966 [a091f5b3-7442-44ba-a161-b66621ecd7ea@group-F38D8A4CCFDB-LeaderElection10] INFO  impl.RaftServerImpl (ServerState.java:setRaftConf(356)) - a091f5b3-7442-44ba-a161-b66621ecd7ea@group-F38D8A4CCFDB: set configuration 0: [a091f5b3-7442-44ba-a161-b66621ecd7ea:172.17.0.2:43945], old=null at 0
2020-07-08 14:10:14,981 [a091f5b3-7442-44ba-a161-b66621ecd7ea@group-F38D8A4CCFDB-StateMachineUpdater] INFO  ratis.ContainerStateMachine (ContainerStateMachine.java:takeSnapshot(293)) - group-F38D8A4CCFDB: Taking a snapshot at:(t:1, i:0) file /github/workspace/mnt/ozone/hadoop-ozone/integration-test/target/test-dir/MiniOzoneClusterImpl-32bd3365-c0fa-4882-bde6-5b86600e32bb/datanode-8/data/ratis/959276bf-6dcb-414d-ac6d-f38d8a4ccfdb/sm/snapshot.1_0
2020-07-08 14:10:14,982 [a091f5b3-7442-44ba-a161-b66621ecd7ea@group-F38D8A4CCFDB-StateMachineUpdater] INFO  ratis.ContainerStateMachine (ContainerStateMachine.java:takeSnapshot(304)) - group-F38D8A4CCFDB: Finished taking a snapshot at:(t:1, i:0) file:/github/workspace/mnt/ozone/hadoop-ozone/integration-test/target/test-dir/MiniOzoneClusterImpl-32bd3365-c0fa-4882-bde6-5b86600e32bb/datanode-8/data/ratis/959276bf-6dcb-414d-ac6d-f38d8a4ccfdb/sm/snapshot.1_0 time:0
2020-07-08 14:10:14,982 [a091f5b3-7442-44ba-a161-b66621ecd7ea@group-F38D8A4CCFDB-StateMachineUpdater] INFO  impl.StateMachineUpdater (StateMachineUpdater.java:takeSnapshot(277)) - a091f5b3-7442-44ba-a161-b66621ecd7ea@group-F38D8A4CCFDB-StateMachineUpdater: Took a snapshot at index 0
2020-07-08 14:10:14,982 [a091f5b3-7442-44ba-a161-b66621ecd7ea@group-F38D8A4CCFDB-StateMachineUpdater] INFO  impl.StateMachineUpdater (StateMachineUpdater.java:lambda$new$0(87)) - a091f5b3-7442-44ba-a161-b66621ecd7ea@group-F38D8A4CCFDB-StateMachineUpdater: snapshotIndex: updateIncreasingly -1 -> 0
2020-07-08 14:10:14,985 [f826a808-1191-49e1-9c45-32a2a6ec2e98@group-52AB4D538DE5-LeaderElection11] INFO  server.RaftServerConfigKeys (ConfUtils.java:logGet(44)) - raft.server.staging.catchup.gap = 1000 (default)
2020-07-08 14:10:14,986 [f826a808-1191-49e1-9c45-32a2a6ec2e98@group-52AB4D538DE5-LeaderElection11] INFO  server.RaftServerConfigKeys (ConfUtils.java:logGet(44)) - raft.server.rpc.sleep.time = 25ms (default)
2020-07-08 14:10:14,986 [f826a808-1191-49e1-9c45-32a2a6ec2e98@group-52AB4D538DE5-LeaderElection11] INFO  metrics.RatisMetrics (RatisMetrics.java:lambda$create$0(36)) - Creating Metrics Registry : ratis.log_appender.f826a808-1191-49e1-9c45-32a2a6ec2e98@group-52AB4D538DE5
2020-07-08 14:10:14,986 [f826a808-1191-49e1-9c45-32a2a6ec2e98@group-52AB4D538DE5-LeaderElection11] INFO  server.RaftServerConfigKeys (ConfUtils.java:logGet(44)) - raft.server.write.element-limit = 1024 (custom)
2020-07-08 14:10:14,986 [f826a808-1191-49e1-9c45-32a2a6ec2e98@group-52AB4D538DE5-LeaderElection11] INFO  server.RaftServerConfigKeys (ConfUtils.java:logGet(44)) - raft.server.write.byte-limit = 1073741824 (custom)
2020-07-08 14:10:14,986 [f826a808-1191-49e1-9c45-32a2a6ec2e98@group-52AB4D538DE5-LeaderElection11] INFO  server.RaftServerConfigKeys (ConfUtils.java:logGet(44)) - raft.server.watch.timeout = 10000ms (default)
2020-07-08 14:10:14,986 [f826a808-1191-49e1-9c45-32a2a6ec2e98@group-52AB4D538DE5-LeaderElection11] INFO  server.RaftServerConfigKeys (ConfUtils.java:logGet(44)) - raft.server.watch.timeout.denomination = 1s (default)
2020-07-08 14:10:14,986 [f826a808-1191-49e1-9c45-32a2a6ec2e98@group-52AB4D538DE5-LeaderElection11] INFO  server.RaftServerConfigKeys (ConfUtils.java:logGet(44)) - raft.server.watch.element-limit = 65536 (default)
2020-07-08 14:10:14,987 [f826a808-1191-49e1-9c45-32a2a6ec2e98@group-52AB4D538DE5-LeaderElection11] INFO  impl.RoleInfo (RoleInfo.java:updateAndGet(143)) - f826a808-1191-49e1-9c45-32a2a6ec2e98: start LeaderState
2020-07-08 14:10:14,987 [f826a808-1191-49e1-9c45-32a2a6ec2e98@group-52AB4D538DE5-LeaderElection11] INFO  segmented.SegmentedRaftLogWorker (SegmentedRaftLogWorker.java:startLogSegment(397)) - f826a808-1191-49e1-9c45-32a2a6ec2e98@group-52AB4D538DE5-SegmentedRaftLogWorker: Starting segment from index:0
2020-07-08 14:10:14,989 [f826a808-1191-49e1-9c45-32a2a6ec2e98@group-52AB4D538DE5-SegmentedRaftLogWorker] INFO  segmented.SegmentedRaftLogWorker (SegmentedRaftLogWorker.java:execute(596)) - f826a808-1191-49e1-9c45-32a2a6ec2e98@group-52AB4D538DE5-SegmentedRaftLogWorker: created new log segment /github/workspace/mnt/ozone/hadoop-ozone/integration-test/target/test-dir/MiniOzoneClusterImpl-32bd3365-c0fa-4882-bde6-5b86600e32bb/datanode-5/data/ratis/0b7698e5-94d9-404f-8b67-52ab4d538de5/current/log_inprogress_0
2020-07-08 14:10:14,996 [Thread-293] INFO  impl.FollowerState (FollowerState.java:run(108)) - c28ef88f-9b25-4426-804e-afc9c4445efc@group-8AE7E06557AC-FollowerState: change to CANDIDATE, lastRpcTime:5142ms, electionTimeout:5142ms
2020-07-08 14:10:14,996 [Thread-293] INFO  impl.RoleInfo (RoleInfo.java:shutdownFollowerState(121)) - c28ef88f-9b25-4426-804e-afc9c4445efc: shutdown FollowerState
2020-07-08 14:10:14,996 [Thread-293] INFO  impl.RaftServerImpl (RaftServerImpl.java:setRole(175)) - c28ef88f-9b25-4426-804e-afc9c4445efc@group-8AE7E06557AC: changes role from  FOLLOWER to CANDIDATE at term 0 for changeToCandidate
2020-07-08 14:10:14,996 [f826a808-1191-49e1-9c45-32a2a6ec2e98@group-52AB4D538DE5-LeaderElection11] INFO  impl.RaftServerImpl (ServerState.java:setRaftConf(356)) - f826a808-1191-49e1-9c45-32a2a6ec2e98@group-52AB4D538DE5: set configuration 0: [f826a808-1191-49e1-9c45-32a2a6ec2e98:172.17.0.2:38585], old=null at 0
2020-07-08 14:10:14,997 [Thread-293] INFO  impl.RoleInfo (RoleInfo.java:updateAndGet(143)) - c28ef88f-9b25-4426-804e-afc9c4445efc: start LeaderElection
2020-07-08 14:10:15,000 [f826a808-1191-49e1-9c45-32a2a6ec2e98@group-52AB4D538DE5-StateMachineUpdater] INFO  ratis.ContainerStateMachine (ContainerStateMachine.java:takeSnapshot(293)) - group-52AB4D538DE5: Taking a snapshot at:(t:1, i:0) file /github/workspace/mnt/ozone/hadoop-ozone/integration-test/target/test-dir/MiniOzoneClusterImpl-32bd3365-c0fa-4882-bde6-5b86600e32bb/datanode-5/data/ratis/0b7698e5-94d9-404f-8b67-52ab4d538de5/sm/snapshot.1_0
2020-07-08 14:10:15,001 [f826a808-1191-49e1-9c45-32a2a6ec2e98@group-52AB4D538DE5-StateMachineUpdater] INFO  ratis.ContainerStateMachine (ContainerStateMachine.java:takeSnapshot(304)) - group-52AB4D538DE5: Finished taking a snapshot at:(t:1, i:0) file:/github/workspace/mnt/ozone/hadoop-ozone/integration-test/target/test-dir/MiniOzoneClusterImpl-32bd3365-c0fa-4882-bde6-5b86600e32bb/datanode-5/data/ratis/0b7698e5-94d9-404f-8b67-52ab4d538de5/sm/snapshot.1_0 time:1
2020-07-08 14:10:15,001 [f826a808-1191-49e1-9c45-32a2a6ec2e98@group-52AB4D538DE5-StateMachineUpdater] INFO  impl.StateMachineUpdater (StateMachineUpdater.java:takeSnapshot(277)) - f826a808-1191-49e1-9c45-32a2a6ec2e98@group-52AB4D538DE5-StateMachineUpdater: Took a snapshot at index 0
2020-07-08 14:10:15,001 [f826a808-1191-49e1-9c45-32a2a6ec2e98@group-52AB4D538DE5-StateMachineUpdater] INFO  impl.StateMachineUpdater (StateMachineUpdater.java:lambda$new$0(87)) - f826a808-1191-49e1-9c45-32a2a6ec2e98@group-52AB4D538DE5-StateMachineUpdater: snapshotIndex: updateIncreasingly -1 -> 0
2020-07-08 14:10:15,003 [c28ef88f-9b25-4426-804e-afc9c4445efc@group-8AE7E06557AC-LeaderElection12] INFO  impl.LeaderElection (LeaderElection.java:askForVotes(206)) - c28ef88f-9b25-4426-804e-afc9c4445efc@group-8AE7E06557AC-LeaderElection12: begin an election at term 1 for -1: [c28ef88f-9b25-4426-804e-afc9c4445efc:172.17.0.2:40607], old=null
2020-07-08 14:10:15,003 [c28ef88f-9b25-4426-804e-afc9c4445efc@group-8AE7E06557AC-LeaderElection12] INFO  impl.RoleInfo (RoleInfo.java:shutdownLeaderElection(134)) - c28ef88f-9b25-4426-804e-afc9c4445efc: shutdown LeaderElection
2020-07-08 14:10:15,003 [c28ef88f-9b25-4426-804e-afc9c4445efc@group-8AE7E06557AC-LeaderElection12] INFO  impl.RaftServerImpl (RaftServerImpl.java:setRole(175)) - c28ef88f-9b25-4426-804e-afc9c4445efc@group-8AE7E06557AC: changes role from CANDIDATE to LEADER at term 1 for changeToLeader
2020-07-08 14:10:15,004 [c28ef88f-9b25-4426-804e-afc9c4445efc@group-8AE7E06557AC-LeaderElection12] INFO  ratis.XceiverServerRatis (XceiverServerRatis.java:handleLeaderChangedNotification(762)) - Leader change notification received for group: group-8AE7E06557AC with new leaderId: c28ef88f-9b25-4426-804e-afc9c4445efc
2020-07-08 14:10:15,004 [c28ef88f-9b25-4426-804e-afc9c4445efc@group-8AE7E06557AC-LeaderElection12] INFO  impl.RaftServerImpl (ServerState.java:setLeader(255)) - c28ef88f-9b25-4426-804e-afc9c4445efc@group-8AE7E06557AC: change Leader from null to c28ef88f-9b25-4426-804e-afc9c4445efc at term 1 for becomeLeader, leader elected after 5306ms
2020-07-08 14:10:15,005 [c28ef88f-9b25-4426-804e-afc9c4445efc@group-8AE7E06557AC-LeaderElection12] INFO  server.RaftServerConfigKeys (ConfUtils.java:logGet(44)) - raft.server.staging.catchup.gap = 1000 (default)
2020-07-08 14:10:15,005 [c28ef88f-9b25-4426-804e-afc9c4445efc@group-8AE7E06557AC-LeaderElection12] INFO  server.RaftServerConfigKeys (ConfUtils.java:logGet(44)) - raft.server.rpc.sleep.time = 25ms (default)
2020-07-08 14:10:15,005 [c28ef88f-9b25-4426-804e-afc9c4445efc@group-8AE7E06557AC-LeaderElection12] INFO  metrics.RatisMetrics (RatisMetrics.java:lambda$create$0(36)) - Creating Metrics Registry : ratis.log_appender.c28ef88f-9b25-4426-804e-afc9c4445efc@group-8AE7E06557AC
2020-07-08 14:10:15,006 [c28ef88f-9b25-4426-804e-afc9c4445efc@group-8AE7E06557AC-LeaderElection12] INFO  server.RaftServerConfigKeys (ConfUtils.java:logGet(44)) - raft.server.write.element-limit = 1024 (custom)
2020-07-08 14:10:15,007 [c28ef88f-9b25-4426-804e-afc9c4445efc@group-8AE7E06557AC-LeaderElection12] INFO  server.RaftServerConfigKeys (ConfUtils.java:logGet(44)) - raft.server.write.byte-limit = 1073741824 (custom)
2020-07-08 14:10:15,008 [c28ef88f-9b25-4426-804e-afc9c4445efc@group-8AE7E06557AC-LeaderElection12] INFO  server.RaftServerConfigKeys (ConfUtils.java:logGet(44)) - raft.server.watch.timeout = 10000ms (default)
2020-07-08 14:10:15,008 [c28ef88f-9b25-4426-804e-afc9c4445efc@group-8AE7E06557AC-LeaderElection12] INFO  server.RaftServerConfigKeys (ConfUtils.java:logGet(44)) - raft.server.watch.timeout.denomination = 1s (default)
2020-07-08 14:10:15,008 [c28ef88f-9b25-4426-804e-afc9c4445efc@group-8AE7E06557AC-LeaderElection12] INFO  server.RaftServerConfigKeys (ConfUtils.java:logGet(44)) - raft.server.watch.element-limit = 65536 (default)
2020-07-08 14:10:15,008 [c28ef88f-9b25-4426-804e-afc9c4445efc@group-8AE7E06557AC-LeaderElection12] INFO  impl.RoleInfo (RoleInfo.java:updateAndGet(143)) - c28ef88f-9b25-4426-804e-afc9c4445efc: start LeaderState
2020-07-08 14:10:15,008 [c28ef88f-9b25-4426-804e-afc9c4445efc@group-8AE7E06557AC-LeaderElection12] INFO  segmented.SegmentedRaftLogWorker (SegmentedRaftLogWorker.java:startLogSegment(397)) - c28ef88f-9b25-4426-804e-afc9c4445efc@group-8AE7E06557AC-SegmentedRaftLogWorker: Starting segment from index:0
2020-07-08 14:10:15,009 [c28ef88f-9b25-4426-804e-afc9c4445efc@group-8AE7E06557AC-LeaderElection12] INFO  impl.RaftServerImpl (ServerState.java:setRaftConf(356)) - c28ef88f-9b25-4426-804e-afc9c4445efc@group-8AE7E06557AC: set configuration 0: [c28ef88f-9b25-4426-804e-afc9c4445efc:172.17.0.2:40607], old=null at 0
2020-07-08 14:10:15,024 [Thread-298] INFO  impl.FollowerState (FollowerState.java:run(108)) - 280695a2-ab39-4103-98fb-325cbc6182a1@group-D9414BCA1D20-FollowerState: change to CANDIDATE, lastRpcTime:5176ms, electionTimeout:5166ms
2020-07-08 14:10:15,024 [Thread-298] INFO  impl.RoleInfo (RoleInfo.java:shutdownFollowerState(121)) - 280695a2-ab39-4103-98fb-325cbc6182a1: shutdown FollowerState
2020-07-08 14:10:15,024 [Thread-298] INFO  impl.RaftServerImpl (RaftServerImpl.java:setRole(175)) - 280695a2-ab39-4103-98fb-325cbc6182a1@group-D9414BCA1D20: changes role from  FOLLOWER to CANDIDATE at term 0 for changeToCandidate
2020-07-08 14:10:15,024 [Thread-298] INFO  impl.RoleInfo (RoleInfo.java:updateAndGet(143)) - 280695a2-ab39-4103-98fb-325cbc6182a1: start LeaderElection
2020-07-08 14:10:15,033 [c28ef88f-9b25-4426-804e-afc9c4445efc@group-8AE7E06557AC-SegmentedRaftLogWorker] INFO  segmented.SegmentedRaftLogWorker (SegmentedRaftLogWorker.java:execute(596)) - c28ef88f-9b25-4426-804e-afc9c4445efc@group-8AE7E06557AC-SegmentedRaftLogWorker: created new log segment /github/workspace/mnt/ozone/hadoop-ozone/integration-test/target/test-dir/MiniOzoneClusterImpl-32bd3365-c0fa-4882-bde6-5b86600e32bb/datanode-6/data/ratis/fbbffd08-8a85-471c-87c0-8ae7e06557ac/current/log_inprogress_0
2020-07-08 14:10:15,034 [c28ef88f-9b25-4426-804e-afc9c4445efc@group-8AE7E06557AC-StateMachineUpdater] INFO  ratis.ContainerStateMachine (ContainerStateMachine.java:takeSnapshot(293)) - group-8AE7E06557AC: Taking a snapshot at:(t:1, i:0) file /github/workspace/mnt/ozone/hadoop-ozone/integration-test/target/test-dir/MiniOzoneClusterImpl-32bd3365-c0fa-4882-bde6-5b86600e32bb/datanode-6/data/ratis/fbbffd08-8a85-471c-87c0-8ae7e06557ac/sm/snapshot.1_0
2020-07-08 14:10:15,036 [c28ef88f-9b25-4426-804e-afc9c4445efc@group-8AE7E06557AC-StateMachineUpdater] INFO  ratis.ContainerStateMachine (ContainerStateMachine.java:takeSnapshot(304)) - group-8AE7E06557AC: Finished taking a snapshot at:(t:1, i:0) file:/github/workspace/mnt/ozone/hadoop-ozone/integration-test/target/test-dir/MiniOzoneClusterImpl-32bd3365-c0fa-4882-bde6-5b86600e32bb/datanode-6/data/ratis/fbbffd08-8a85-471c-87c0-8ae7e06557ac/sm/snapshot.1_0 time:1
2020-07-08 14:10:15,036 [c28ef88f-9b25-4426-804e-afc9c4445efc@group-8AE7E06557AC-StateMachineUpdater] INFO  impl.StateMachineUpdater (StateMachineUpdater.java:takeSnapshot(277)) - c28ef88f-9b25-4426-804e-afc9c4445efc@group-8AE7E06557AC-StateMachineUpdater: Took a snapshot at index 0
2020-07-08 14:10:15,036 [c28ef88f-9b25-4426-804e-afc9c4445efc@group-8AE7E06557AC-StateMachineUpdater] INFO  impl.StateMachineUpdater (StateMachineUpdater.java:lambda$new$0(87)) - c28ef88f-9b25-4426-804e-afc9c4445efc@group-8AE7E06557AC-StateMachineUpdater: snapshotIndex: updateIncreasingly -1 -> 0
2020-07-08 14:10:15,045 [Thread-305] INFO  impl.FollowerState (FollowerState.java:run(108)) - a091f5b3-7442-44ba-a161-b66621ecd7ea@group-D9414BCA1D20-FollowerState: change to CANDIDATE, lastRpcTime:5172ms, electionTimeout:5165ms
2020-07-08 14:10:15,045 [Thread-305] INFO  impl.RoleInfo (RoleInfo.java:shutdownFollowerState(121)) - a091f5b3-7442-44ba-a161-b66621ecd7ea: shutdown FollowerState
2020-07-08 14:10:15,045 [Thread-305] INFO  impl.RaftServerImpl (RaftServerImpl.java:setRole(175)) - a091f5b3-7442-44ba-a161-b66621ecd7ea@group-D9414BCA1D20: changes role from  FOLLOWER to CANDIDATE at term 0 for changeToCandidate
2020-07-08 14:10:15,045 [Thread-305] INFO  impl.RoleInfo (RoleInfo.java:updateAndGet(143)) - a091f5b3-7442-44ba-a161-b66621ecd7ea: start LeaderElection
2020-07-08 14:10:15,054 [280695a2-ab39-4103-98fb-325cbc6182a1@group-D9414BCA1D20-LeaderElection13] INFO  impl.LeaderElection (LeaderElection.java:askForVotes(206)) - 280695a2-ab39-4103-98fb-325cbc6182a1@group-D9414BCA1D20-LeaderElection13: begin an election at term 1 for -1: [c28ef88f-9b25-4426-804e-afc9c4445efc:172.17.0.2:40607, a091f5b3-7442-44ba-a161-b66621ecd7ea:172.17.0.2:43945, 280695a2-ab39-4103-98fb-325cbc6182a1:172.17.0.2:39071], old=null
2020-07-08 14:10:15,065 [Thread-307] INFO  impl.FollowerState (FollowerState.java:run(108)) - c28ef88f-9b25-4426-804e-afc9c4445efc@group-D9414BCA1D20-FollowerState: change to CANDIDATE, lastRpcTime:5154ms, electionTimeout:5149ms
2020-07-08 14:10:15,065 [Thread-307] INFO  impl.RoleInfo (RoleInfo.java:shutdownFollowerState(121)) - c28ef88f-9b25-4426-804e-afc9c4445efc: shutdown FollowerState
2020-07-08 14:10:15,065 [Thread-307] INFO  impl.RaftServerImpl (RaftServerImpl.java:setRole(175)) - c28ef88f-9b25-4426-804e-afc9c4445efc@group-D9414BCA1D20: changes role from  FOLLOWER to CANDIDATE at term 0 for changeToCandidate
2020-07-08 14:10:15,066 [a091f5b3-7442-44ba-a161-b66621ecd7ea@group-D9414BCA1D20-LeaderElection14] INFO  impl.LeaderElection (LeaderElection.java:askForVotes(206)) - a091f5b3-7442-44ba-a161-b66621ecd7ea@group-D9414BCA1D20-LeaderElection14: begin an election at term 1 for -1: [c28ef88f-9b25-4426-804e-afc9c4445efc:172.17.0.2:40607, a091f5b3-7442-44ba-a161-b66621ecd7ea:172.17.0.2:43945, 280695a2-ab39-4103-98fb-325cbc6182a1:172.17.0.2:39071], old=null
2020-07-08 14:10:15,081 [Thread-307] INFO  impl.RoleInfo (RoleInfo.java:updateAndGet(143)) - c28ef88f-9b25-4426-804e-afc9c4445efc: start LeaderElection
2020-07-08 14:10:15,109 [grpc-default-executor-2] DEBUG impl.RaftServerImpl (RaftServerImpl.java:requestVote(821)) - c28ef88f-9b25-4426-804e-afc9c4445efc@group-D9414BCA1D20: receive requestVote(280695a2-ab39-4103-98fb-325cbc6182a1, group-D9414BCA1D20, 1, (t:0, i:0))
2020-07-08 14:10:15,109 [grpc-default-executor-4] DEBUG impl.RaftServerImpl (RaftServerImpl.java:requestVote(821)) - a091f5b3-7442-44ba-a161-b66621ecd7ea@group-D9414BCA1D20: receive requestVote(280695a2-ab39-4103-98fb-325cbc6182a1, group-D9414BCA1D20, 1, (t:0, i:0))
2020-07-08 14:10:15,109 [grpc-default-executor-4] DEBUG impl.RaftServerImpl (RaftServerImpl.java:requestVote(853)) - a091f5b3-7442-44ba-a161-b66621ecd7ea@group-D9414BCA1D20 replies to vote request: 280695a2-ab39-4103-98fb-325cbc6182a1<-a091f5b3-7442-44ba-a161-b66621ecd7ea#0:FAIL-t1. Peer's state: a091f5b3-7442-44ba-a161-b66621ecd7ea@group-D9414BCA1D20:t1, leader=null, voted=a091f5b3-7442-44ba-a161-b66621ecd7ea, raftlog=a091f5b3-7442-44ba-a161-b66621ecd7ea@group-D9414BCA1D20-SegmentedRaftLog:OPENED:c-1,f-1,i0, conf=-1: [c28ef88f-9b25-4426-804e-afc9c4445efc:172.17.0.2:40607, a091f5b3-7442-44ba-a161-b66621ecd7ea:172.17.0.2:43945, 280695a2-ab39-4103-98fb-325cbc6182a1:172.17.0.2:39071], old=null
2020-07-08 14:10:15,110 [grpc-default-executor-0] DEBUG impl.RaftServerImpl (RaftServerImpl.java:requestVote(821)) - c28ef88f-9b25-4426-804e-afc9c4445efc@group-D9414BCA1D20: receive requestVote(a091f5b3-7442-44ba-a161-b66621ecd7ea, group-D9414BCA1D20, 1, (t:0, i:0))
2020-07-08 14:10:15,125 [c28ef88f-9b25-4426-804e-afc9c4445efc@group-D9414BCA1D20-LeaderElection15] INFO  impl.LeaderElection (LeaderElection.java:askForVotes(206)) - c28ef88f-9b25-4426-804e-afc9c4445efc@group-D9414BCA1D20-LeaderElection15: begin an election at term 1 for -1: [c28ef88f-9b25-4426-804e-afc9c4445efc:172.17.0.2:40607, a091f5b3-7442-44ba-a161-b66621ecd7ea:172.17.0.2:43945, 280695a2-ab39-4103-98fb-325cbc6182a1:172.17.0.2:39071], old=null
2020-07-08 14:10:15,125 [grpc-default-executor-0] DEBUG impl.RaftServerImpl (RaftServerImpl.java:requestVote(853)) - c28ef88f-9b25-4426-804e-afc9c4445efc@group-D9414BCA1D20 replies to vote request: a091f5b3-7442-44ba-a161-b66621ecd7ea<-c28ef88f-9b25-4426-804e-afc9c4445efc#0:FAIL-t1. Peer's state: c28ef88f-9b25-4426-804e-afc9c4445efc@group-D9414BCA1D20:t1, leader=null, voted=c28ef88f-9b25-4426-804e-afc9c4445efc, raftlog=c28ef88f-9b25-4426-804e-afc9c4445efc@group-D9414BCA1D20-SegmentedRaftLog:OPENED:c-1,f-1,i0, conf=-1: [c28ef88f-9b25-4426-804e-afc9c4445efc:172.17.0.2:40607, a091f5b3-7442-44ba-a161-b66621ecd7ea:172.17.0.2:43945, 280695a2-ab39-4103-98fb-325cbc6182a1:172.17.0.2:39071], old=null
2020-07-08 14:10:15,128 [grpc-default-executor-2] DEBUG impl.RaftServerImpl (RaftServerImpl.java:requestVote(853)) - c28ef88f-9b25-4426-804e-afc9c4445efc@group-D9414BCA1D20 replies to vote request: 280695a2-ab39-4103-98fb-325cbc6182a1<-c28ef88f-9b25-4426-804e-afc9c4445efc#0:FAIL-t1. Peer's state: c28ef88f-9b25-4426-804e-afc9c4445efc@group-D9414BCA1D20:t1, leader=null, voted=c28ef88f-9b25-4426-804e-afc9c4445efc, raftlog=c28ef88f-9b25-4426-804e-afc9c4445efc@group-D9414BCA1D20-SegmentedRaftLog:OPENED:c-1,f-1,i0, conf=-1: [c28ef88f-9b25-4426-804e-afc9c4445efc:172.17.0.2:40607, a091f5b3-7442-44ba-a161-b66621ecd7ea:172.17.0.2:43945, 280695a2-ab39-4103-98fb-325cbc6182a1:172.17.0.2:39071], old=null
2020-07-08 14:10:15,130 [grpc-default-executor-4] DEBUG impl.RaftServerImpl (RaftServerImpl.java:requestVote(821)) - 280695a2-ab39-4103-98fb-325cbc6182a1@group-D9414BCA1D20: receive requestVote(a091f5b3-7442-44ba-a161-b66621ecd7ea, group-D9414BCA1D20, 1, (t:0, i:0))
2020-07-08 14:10:15,134 [grpc-default-executor-4] DEBUG impl.RaftServerImpl (RaftServerImpl.java:requestVote(853)) - 280695a2-ab39-4103-98fb-325cbc6182a1@group-D9414BCA1D20 replies to vote request: a091f5b3-7442-44ba-a161-b66621ecd7ea<-280695a2-ab39-4103-98fb-325cbc6182a1#0:FAIL-t1. Peer's state: 280695a2-ab39-4103-98fb-325cbc6182a1@group-D9414BCA1D20:t1, leader=null, voted=280695a2-ab39-4103-98fb-325cbc6182a1, raftlog=280695a2-ab39-4103-98fb-325cbc6182a1@group-D9414BCA1D20-SegmentedRaftLog:OPENED:c-1,f-1,i0, conf=-1: [c28ef88f-9b25-4426-804e-afc9c4445efc:172.17.0.2:40607, a091f5b3-7442-44ba-a161-b66621ecd7ea:172.17.0.2:43945, 280695a2-ab39-4103-98fb-325cbc6182a1:172.17.0.2:39071], old=null
2020-07-08 14:10:15,142 [a091f5b3-7442-44ba-a161-b66621ecd7ea@group-D9414BCA1D20-LeaderElection14] INFO  impl.LeaderElection (LeaderElection.java:logAndReturn(61)) - a091f5b3-7442-44ba-a161-b66621ecd7ea@group-D9414BCA1D20-LeaderElection14: Election REJECTED; received 2 response(s) [a091f5b3-7442-44ba-a161-b66621ecd7ea<-c28ef88f-9b25-4426-804e-afc9c4445efc#0:FAIL-t1, a091f5b3-7442-44ba-a161-b66621ecd7ea<-280695a2-ab39-4103-98fb-325cbc6182a1#0:FAIL-t1] and 0 exception(s); a091f5b3-7442-44ba-a161-b66621ecd7ea@group-D9414BCA1D20:t1, leader=null, voted=a091f5b3-7442-44ba-a161-b66621ecd7ea, raftlog=a091f5b3-7442-44ba-a161-b66621ecd7ea@group-D9414BCA1D20-SegmentedRaftLog:OPENED:c-1,f-1,i0, conf=-1: [c28ef88f-9b25-4426-804e-afc9c4445efc:172.17.0.2:40607, a091f5b3-7442-44ba-a161-b66621ecd7ea:172.17.0.2:43945, 280695a2-ab39-4103-98fb-325cbc6182a1:172.17.0.2:39071], old=null
2020-07-08 14:10:15,143 [a091f5b3-7442-44ba-a161-b66621ecd7ea@group-D9414BCA1D20-LeaderElection14] INFO  impl.RaftServerImpl (RaftServerImpl.java:setRole(175)) - a091f5b3-7442-44ba-a161-b66621ecd7ea@group-D9414BCA1D20: changes role from CANDIDATE to FOLLOWER at term 1 for DISCOVERED_A_NEW_TERM
2020-07-08 14:10:15,145 [a091f5b3-7442-44ba-a161-b66621ecd7ea@group-D9414BCA1D20-LeaderElection14] INFO  impl.RoleInfo (RoleInfo.java:shutdownLeaderElection(134)) - a091f5b3-7442-44ba-a161-b66621ecd7ea: shutdown LeaderElection
2020-07-08 14:10:15,145 [a091f5b3-7442-44ba-a161-b66621ecd7ea@group-D9414BCA1D20-LeaderElection14] INFO  impl.RoleInfo (RoleInfo.java:updateAndGet(143)) - a091f5b3-7442-44ba-a161-b66621ecd7ea: start FollowerState
2020-07-08 14:10:15,144 [280695a2-ab39-4103-98fb-325cbc6182a1@group-D9414BCA1D20-LeaderElection13] INFO  impl.LeaderElection (LeaderElection.java:logAndReturn(61)) - 280695a2-ab39-4103-98fb-325cbc6182a1@group-D9414BCA1D20-LeaderElection13: Election REJECTED; received 2 response(s) [280695a2-ab39-4103-98fb-325cbc6182a1<-c28ef88f-9b25-4426-804e-afc9c4445efc#0:FAIL-t1, 280695a2-ab39-4103-98fb-325cbc6182a1<-a091f5b3-7442-44ba-a161-b66621ecd7ea#0:FAIL-t1] and 0 exception(s); 280695a2-ab39-4103-98fb-325cbc6182a1@group-D9414BCA1D20:t1, leader=null, voted=280695a2-ab39-4103-98fb-325cbc6182a1, raftlog=280695a2-ab39-4103-98fb-325cbc6182a1@group-D9414BCA1D20-SegmentedRaftLog:OPENED:c-1,f-1,i0, conf=-1: [c28ef88f-9b25-4426-804e-afc9c4445efc:172.17.0.2:40607, a091f5b3-7442-44ba-a161-b66621ecd7ea:172.17.0.2:43945, 280695a2-ab39-4103-98fb-325cbc6182a1:172.17.0.2:39071], old=null
2020-07-08 14:10:15,148 [280695a2-ab39-4103-98fb-325cbc6182a1@group-D9414BCA1D20-LeaderElection13] INFO  impl.RaftServerImpl (RaftServerImpl.java:setRole(175)) - 280695a2-ab39-4103-98fb-325cbc6182a1@group-D9414BCA1D20: changes role from CANDIDATE to FOLLOWER at term 1 for DISCOVERED_A_NEW_TERM
2020-07-08 14:10:15,148 [280695a2-ab39-4103-98fb-325cbc6182a1@group-D9414BCA1D20-LeaderElection13] INFO  impl.RoleInfo (RoleInfo.java:shutdownLeaderElection(134)) - 280695a2-ab39-4103-98fb-325cbc6182a1: shutdown LeaderElection
2020-07-08 14:10:15,148 [280695a2-ab39-4103-98fb-325cbc6182a1@group-D9414BCA1D20-LeaderElection13] INFO  impl.RoleInfo (RoleInfo.java:updateAndGet(143)) - 280695a2-ab39-4103-98fb-325cbc6182a1: start FollowerState
2020-07-08 14:10:15,159 [grpc-default-executor-0] DEBUG impl.RaftServerImpl (RaftServerImpl.java:requestVote(821)) - a091f5b3-7442-44ba-a161-b66621ecd7ea@group-D9414BCA1D20: receive requestVote(c28ef88f-9b25-4426-804e-afc9c4445efc, group-D9414BCA1D20, 1, (t:0, i:0))
2020-07-08 14:10:15,160 [grpc-default-executor-0] DEBUG impl.RaftServerImpl (RaftServerImpl.java:requestVote(853)) - a091f5b3-7442-44ba-a161-b66621ecd7ea@group-D9414BCA1D20 replies to vote request: c28ef88f-9b25-4426-804e-afc9c4445efc<-a091f5b3-7442-44ba-a161-b66621ecd7ea#0:FAIL-t1. Peer's state: a091f5b3-7442-44ba-a161-b66621ecd7ea@group-D9414BCA1D20:t1, leader=null, voted=a091f5b3-7442-44ba-a161-b66621ecd7ea, raftlog=a091f5b3-7442-44ba-a161-b66621ecd7ea@group-D9414BCA1D20-SegmentedRaftLog:OPENED:c-1,f-1,i0, conf=-1: [c28ef88f-9b25-4426-804e-afc9c4445efc:172.17.0.2:40607, a091f5b3-7442-44ba-a161-b66621ecd7ea:172.17.0.2:43945, 280695a2-ab39-4103-98fb-325cbc6182a1:172.17.0.2:39071], old=null
2020-07-08 14:10:15,159 [grpc-default-executor-4] DEBUG impl.RaftServerImpl (RaftServerImpl.java:requestVote(821)) - 280695a2-ab39-4103-98fb-325cbc6182a1@group-D9414BCA1D20: receive requestVote(c28ef88f-9b25-4426-804e-afc9c4445efc, group-D9414BCA1D20, 1, (t:0, i:0))
2020-07-08 14:10:15,160 [grpc-default-executor-4] DEBUG impl.RaftServerImpl (RaftServerImpl.java:requestVote(853)) - 280695a2-ab39-4103-98fb-325cbc6182a1@group-D9414BCA1D20 replies to vote request: c28ef88f-9b25-4426-804e-afc9c4445efc<-280695a2-ab39-4103-98fb-325cbc6182a1#0:FAIL-t1. Peer's state: 280695a2-ab39-4103-98fb-325cbc6182a1@group-D9414BCA1D20:t1, leader=null, voted=280695a2-ab39-4103-98fb-325cbc6182a1, raftlog=280695a2-ab39-4103-98fb-325cbc6182a1@group-D9414BCA1D20-SegmentedRaftLog:OPENED:c-1,f-1,i0, conf=-1: [c28ef88f-9b25-4426-804e-afc9c4445efc:172.17.0.2:40607, a091f5b3-7442-44ba-a161-b66621ecd7ea:172.17.0.2:43945, 280695a2-ab39-4103-98fb-325cbc6182a1:172.17.0.2:39071], old=null
2020-07-08 14:10:15,162 [c28ef88f-9b25-4426-804e-afc9c4445efc@group-D9414BCA1D20-LeaderElection15] INFO  impl.LeaderElection (LeaderElection.java:logAndReturn(61)) - c28ef88f-9b25-4426-804e-afc9c4445efc@group-D9414BCA1D20-LeaderElection15: Election REJECTED; received 2 response(s) [c28ef88f-9b25-4426-804e-afc9c4445efc<-a091f5b3-7442-44ba-a161-b66621ecd7ea#0:FAIL-t1, c28ef88f-9b25-4426-804e-afc9c4445efc<-280695a2-ab39-4103-98fb-325cbc6182a1#0:FAIL-t1] and 0 exception(s); c28ef88f-9b25-4426-804e-afc9c4445efc@group-D9414BCA1D20:t1, leader=null, voted=c28ef88f-9b25-4426-804e-afc9c4445efc, raftlog=c28ef88f-9b25-4426-804e-afc9c4445efc@group-D9414BCA1D20-SegmentedRaftLog:OPENED:c-1,f-1,i0, conf=-1: [c28ef88f-9b25-4426-804e-afc9c4445efc:172.17.0.2:40607, a091f5b3-7442-44ba-a161-b66621ecd7ea:172.17.0.2:43945, 280695a2-ab39-4103-98fb-325cbc6182a1:172.17.0.2:39071], old=null
2020-07-08 14:10:15,165 [c28ef88f-9b25-4426-804e-afc9c4445efc@group-D9414BCA1D20-LeaderElection15] INFO  impl.RaftServerImpl (RaftServerImpl.java:setRole(175)) - c28ef88f-9b25-4426-804e-afc9c4445efc@group-D9414BCA1D20: changes role from CANDIDATE to FOLLOWER at term 1 for DISCOVERED_A_NEW_TERM
2020-07-08 14:10:15,165 [c28ef88f-9b25-4426-804e-afc9c4445efc@group-D9414BCA1D20-LeaderElection15] INFO  impl.RoleInfo (RoleInfo.java:shutdownLeaderElection(134)) - c28ef88f-9b25-4426-804e-afc9c4445efc: shutdown LeaderElection
2020-07-08 14:10:15,165 [c28ef88f-9b25-4426-804e-afc9c4445efc@group-D9414BCA1D20-LeaderElection15] INFO  impl.RoleInfo (RoleInfo.java:updateAndGet(143)) - c28ef88f-9b25-4426-804e-afc9c4445efc: start FollowerState
2020-07-08 14:10:15,354 [Listener at 127.0.0.1/34841] INFO  rpc.RpcClient (RpcClient.java:createVolume(313)) - Creating Volume: testcontainerstatemachinefailures, with jenkins1001 as owner.
2020-07-08 14:10:15,437 [IPC Server handler 18 on default port 34841] INFO  volume.OMVolumeCreateRequest (OMVolumeCreateRequest.java:validateAndUpdateCache(208)) - created volume:testcontainerstatemachinefailures for user:jenkins1001
2020-07-08 14:10:15,452 [Listener at 127.0.0.1/34841] INFO  rpc.RpcClient (RpcClient.java:createBucket(456)) - Creating Bucket: testcontainerstatemachinefailures/testcontainerstatemachinefailures, with Versioning false and Storage Type set to DISK and Encryption set to false 
2020-07-08 14:10:15,630 [Listener at 127.0.0.1/34841] INFO  impl.MetricsSystemImpl (MetricsSystemImpl.java:init(158)) - XceiverClientMetrics metrics system started (again)
2020-07-08 14:10:15,780 [grpc-default-executor-0] DEBUG impl.RaftServerImpl (RaftServerImpl.java:submitClientRequestAsync(575)) - 777a0c97-fe03-4145-8875-90750d7699c7@group-8F14DE03EA64: receive client request(RaftClientRequest:client-10CE97E00D33->777a0c97-fe03-4145-8875-90750d7699c7@group-8F14DE03EA64, cid=18, seq=1*, Watch(0), Message:<EMPTY>)
2020-07-08 14:10:15,781 [grpc-default-executor-0] DEBUG impl.RaftServerImpl (LeaderState.java:addWatchReqeust(353)) - 777a0c97-fe03-4145-8875-90750d7699c7@group-8F14DE03EA64-LeaderState: addWatchRequest RaftClientRequest:client-10CE97E00D33->777a0c97-fe03-4145-8875-90750d7699c7@group-8F14DE03EA64, cid=18, seq=1*, Watch(0), Message:<EMPTY>
2020-07-08 14:10:15,810 [grpc-default-executor-4] DEBUG impl.RaftServerImpl (RaftServerImpl.java:submitClientRequestAsync(575)) - 777a0c97-fe03-4145-8875-90750d7699c7@group-8F14DE03EA64: receive client request(RaftClientRequest:client-10CE97E00D33->777a0c97-fe03-4145-8875-90750d7699c7@group-8F14DE03EA64, cid=19, seq=2, RW, Message:0000006f080c12001801...(size=120))
2020-07-08 14:10:15,855 [grpc-default-executor-4] DEBUG impl.RaftServerImpl (LeaderState.java:addPendingRequest(335)) - 777a0c97-fe03-4145-8875-90750d7699c7@group-8F14DE03EA64-LeaderState: addPendingRequest at RaftClientRequest:client-10CE97E00D33->777a0c97-fe03-4145-8875-90750d7699c7@group-8F14DE03EA64, cid=19, seq=2, RW, Message:0000006f080c12001801...(size=120), entry=(t:1, i:1), STATEMACHINELOGENTRY, client-10CE97E00D33, cid=19
2020-07-08 14:10:15,857 [grpc-default-executor-4] DEBUG impl.RaftServerImpl (RaftServerImpl.java:submitClientRequestAsync(575)) - 777a0c97-fe03-4145-8875-90750d7699c7@group-8F14DE03EA64: receive client request(RaftClientRequest:client-10CE97E00D33->777a0c97-fe03-4145-8875-90750d7699c7@group-8F14DE03EA64, cid=20, seq=3, RW, Message:0000007f080612001801...(size=131))
2020-07-08 14:10:15,860 [grpc-default-executor-4] DEBUG impl.RaftServerImpl (LeaderState.java:addPendingRequest(335)) - 777a0c97-fe03-4145-8875-90750d7699c7@group-8F14DE03EA64-LeaderState: addPendingRequest at RaftClientRequest:client-10CE97E00D33->777a0c97-fe03-4145-8875-90750d7699c7@group-8F14DE03EA64, cid=20, seq=3, RW, Message:0000007f080612001801...(size=131), entry=(t:1, i:2), STATEMACHINELOGENTRY, client-10CE97E00D33, cid=20
2020-07-08 14:10:16,019 [777a0c97-fe03-4145-8875-90750d7699c7@group-8F14DE03EA64-StateMachineUpdater] INFO  ratis.ContainerStateMachine (ContainerStateMachine.java:takeSnapshot(293)) - group-8F14DE03EA64: Taking a snapshot at:(t:1, i:2) file /github/workspace/mnt/ozone/hadoop-ozone/integration-test/target/test-dir/MiniOzoneClusterImpl-32bd3365-c0fa-4882-bde6-5b86600e32bb/datanode-1/data/ratis/ba0b2554-8528-4722-abb4-8f14de03ea64/sm/snapshot.1_2
2020-07-08 14:10:16,023 [777a0c97-fe03-4145-8875-90750d7699c7@group-8F14DE03EA64-StateMachineUpdater] INFO  ratis.ContainerStateMachine (ContainerStateMachine.java:takeSnapshot(304)) - group-8F14DE03EA64: Finished taking a snapshot at:(t:1, i:2) file:/github/workspace/mnt/ozone/hadoop-ozone/integration-test/target/test-dir/MiniOzoneClusterImpl-32bd3365-c0fa-4882-bde6-5b86600e32bb/datanode-1/data/ratis/ba0b2554-8528-4722-abb4-8f14de03ea64/sm/snapshot.1_2 time:4
2020-07-08 14:10:16,024 [777a0c97-fe03-4145-8875-90750d7699c7@group-8F14DE03EA64-StateMachineUpdater] INFO  impl.StateMachineUpdater (StateMachineUpdater.java:takeSnapshot(277)) - 777a0c97-fe03-4145-8875-90750d7699c7@group-8F14DE03EA64-StateMachineUpdater: Took a snapshot at index 2
2020-07-08 14:10:16,024 [777a0c97-fe03-4145-8875-90750d7699c7@group-8F14DE03EA64-StateMachineUpdater] INFO  impl.StateMachineUpdater (StateMachineUpdater.java:lambda$new$0(87)) - 777a0c97-fe03-4145-8875-90750d7699c7@group-8F14DE03EA64-StateMachineUpdater: snapshotIndex: updateIncreasingly 0 -> 2
2020-07-08 14:10:16,024 [777a0c97-fe03-4145-8875-90750d7699c7@group-8F14DE03EA64-StateMachineUpdater] INFO  ratis.ContainerStateMachine (ContainerStateMachine.java:takeSnapshot(293)) - group-8F14DE03EA64: Taking a snapshot at:(t:1, i:3) file /github/workspace/mnt/ozone/hadoop-ozone/integration-test/target/test-dir/MiniOzoneClusterImpl-32bd3365-c0fa-4882-bde6-5b86600e32bb/datanode-1/data/ratis/ba0b2554-8528-4722-abb4-8f14de03ea64/sm/snapshot.1_3
2020-07-08 14:10:16,025 [777a0c97-fe03-4145-8875-90750d7699c7@group-8F14DE03EA64-StateMachineUpdater] INFO  ratis.ContainerStateMachine (ContainerStateMachine.java:takeSnapshot(304)) - group-8F14DE03EA64: Finished taking a snapshot at:(t:1, i:3) file:/github/workspace/mnt/ozone/hadoop-ozone/integration-test/target/test-dir/MiniOzoneClusterImpl-32bd3365-c0fa-4882-bde6-5b86600e32bb/datanode-1/data/ratis/ba0b2554-8528-4722-abb4-8f14de03ea64/sm/snapshot.1_3 time:1
2020-07-08 14:10:16,026 [777a0c97-fe03-4145-8875-90750d7699c7@group-8F14DE03EA64-StateMachineUpdater] INFO  impl.StateMachineUpdater (StateMachineUpdater.java:takeSnapshot(277)) - 777a0c97-fe03-4145-8875-90750d7699c7@group-8F14DE03EA64-StateMachineUpdater: Took a snapshot at index 3
2020-07-08 14:10:16,026 [777a0c97-fe03-4145-8875-90750d7699c7@group-8F14DE03EA64-StateMachineUpdater] INFO  impl.StateMachineUpdater (StateMachineUpdater.java:lambda$new$0(87)) - 777a0c97-fe03-4145-8875-90750d7699c7@group-8F14DE03EA64-StateMachineUpdater: snapshotIndex: updateIncreasingly 2 -> 3
2020-07-08 14:10:16,031 [grpc-default-executor-4] DEBUG impl.RaftServerImpl (RaftServerImpl.java:submitClientRequestAsync(575)) - 777a0c97-fe03-4145-8875-90750d7699c7@group-8F14DE03EA64: receive client request(RaftClientRequest:client-10CE97E00D33->777a0c97-fe03-4145-8875-90750d7699c7@group-8F14DE03EA64, cid=21, seq=4, RW, Message:0000006f080c12001801...(size=120))
2020-07-08 14:10:16,032 [grpc-default-executor-4] DEBUG impl.RaftServerImpl (LeaderState.java:addPendingRequest(335)) - 777a0c97-fe03-4145-8875-90750d7699c7@group-8F14DE03EA64-LeaderState: addPendingRequest at RaftClientRequest:client-10CE97E00D33->777a0c97-fe03-4145-8875-90750d7699c7@group-8F14DE03EA64, cid=21, seq=4, RW, Message:0000006f080c12001801...(size=120), entry=(t:1, i:4), STATEMACHINELOGENTRY, client-10CE97E00D33, cid=21
2020-07-08 14:10:16,036 [grpc-default-executor-4] DEBUG impl.RaftServerImpl (RaftServerImpl.java:submitClientRequestAsync(575)) - 777a0c97-fe03-4145-8875-90750d7699c7@group-8F14DE03EA64: receive client request(RaftClientRequest:client-10CE97E00D33->777a0c97-fe03-4145-8875-90750d7699c7@group-8F14DE03EA64, cid=22, seq=5, RW, Message:000000b0080612001801...(size=180))
2020-07-08 14:10:16,037 [777a0c97-fe03-4145-8875-90750d7699c7@group-8F14DE03EA64-StateMachineUpdater] INFO  ratis.ContainerStateMachine (ContainerStateMachine.java:takeSnapshot(293)) - group-8F14DE03EA64: Taking a snapshot at:(t:1, i:4) file /github/workspace/mnt/ozone/hadoop-ozone/integration-test/target/test-dir/MiniOzoneClusterImpl-32bd3365-c0fa-4882-bde6-5b86600e32bb/datanode-1/data/ratis/ba0b2554-8528-4722-abb4-8f14de03ea64/sm/snapshot.1_4
2020-07-08 14:10:16,039 [777a0c97-fe03-4145-8875-90750d7699c7@group-8F14DE03EA64-StateMachineUpdater] INFO  ratis.ContainerStateMachine (ContainerStateMachine.java:takeSnapshot(304)) - group-8F14DE03EA64: Finished taking a snapshot at:(t:1, i:4) file:/github/workspace/mnt/ozone/hadoop-ozone/integration-test/target/test-dir/MiniOzoneClusterImpl-32bd3365-c0fa-4882-bde6-5b86600e32bb/datanode-1/data/ratis/ba0b2554-8528-4722-abb4-8f14de03ea64/sm/snapshot.1_4 time:1
2020-07-08 14:10:16,039 [777a0c97-fe03-4145-8875-90750d7699c7@group-8F14DE03EA64-StateMachineUpdater] INFO  impl.StateMachineUpdater (StateMachineUpdater.java:takeSnapshot(277)) - 777a0c97-fe03-4145-8875-90750d7699c7@group-8F14DE03EA64-StateMachineUpdater: Took a snapshot at index 4
2020-07-08 14:10:16,039 [777a0c97-fe03-4145-8875-90750d7699c7@group-8F14DE03EA64-StateMachineUpdater] INFO  impl.StateMachineUpdater (StateMachineUpdater.java:lambda$new$0(87)) - 777a0c97-fe03-4145-8875-90750d7699c7@group-8F14DE03EA64-StateMachineUpdater: snapshotIndex: updateIncreasingly 3 -> 4
2020-07-08 14:10:16,039 [777a0c97-fe03-4145-8875-90750d7699c7@group-8F14DE03EA64-StateMachineUpdater] INFO  ratis.ContainerStateMachine (ContainerStateMachine.java:takeSnapshot(293)) - group-8F14DE03EA64: Taking a snapshot at:(t:1, i:5) file /github/workspace/mnt/ozone/hadoop-ozone/integration-test/target/test-dir/MiniOzoneClusterImpl-32bd3365-c0fa-4882-bde6-5b86600e32bb/datanode-1/data/ratis/ba0b2554-8528-4722-abb4-8f14de03ea64/sm/snapshot.1_5
2020-07-08 14:10:16,039 [grpc-default-executor-4] DEBUG impl.RaftServerImpl (LeaderState.java:addPendingRequest(335)) - 777a0c97-fe03-4145-8875-90750d7699c7@group-8F14DE03EA64-LeaderState: addPendingRequest at RaftClientRequest:client-10CE97E00D33->777a0c97-fe03-4145-8875-90750d7699c7@group-8F14DE03EA64, cid=22, seq=5, RW, Message:000000b0080612001801...(size=180), entry=(t:1, i:6), STATEMACHINELOGENTRY, client-10CE97E00D33, cid=22
2020-07-08 14:10:16,041 [777a0c97-fe03-4145-8875-90750d7699c7@group-8F14DE03EA64-StateMachineUpdater] INFO  ratis.ContainerStateMachine (ContainerStateMachine.java:takeSnapshot(304)) - group-8F14DE03EA64: Finished taking a snapshot at:(t:1, i:5) file:/github/workspace/mnt/ozone/hadoop-ozone/integration-test/target/test-dir/MiniOzoneClusterImpl-32bd3365-c0fa-4882-bde6-5b86600e32bb/datanode-1/data/ratis/ba0b2554-8528-4722-abb4-8f14de03ea64/sm/snapshot.1_5 time:2
2020-07-08 14:10:16,041 [777a0c97-fe03-4145-8875-90750d7699c7@group-8F14DE03EA64-StateMachineUpdater] INFO  impl.StateMachineUpdater (StateMachineUpdater.java:takeSnapshot(277)) - 777a0c97-fe03-4145-8875-90750d7699c7@group-8F14DE03EA64-StateMachineUpdater: Took a snapshot at index 5
2020-07-08 14:10:16,041 [777a0c97-fe03-4145-8875-90750d7699c7@group-8F14DE03EA64-StateMachineUpdater] INFO  impl.StateMachineUpdater (StateMachineUpdater.java:lambda$new$0(87)) - 777a0c97-fe03-4145-8875-90750d7699c7@group-8F14DE03EA64-StateMachineUpdater: snapshotIndex: updateIncreasingly 4 -> 5
2020-07-08 14:10:16,045 [777a0c97-fe03-4145-8875-90750d7699c7@group-8F14DE03EA64-StateMachineUpdater] INFO  ratis.ContainerStateMachine (ContainerStateMachine.java:takeSnapshot(293)) - group-8F14DE03EA64: Taking a snapshot at:(t:1, i:7) file /github/workspace/mnt/ozone/hadoop-ozone/integration-test/target/test-dir/MiniOzoneClusterImpl-32bd3365-c0fa-4882-bde6-5b86600e32bb/datanode-1/data/ratis/ba0b2554-8528-4722-abb4-8f14de03ea64/sm/snapshot.1_7
2020-07-08 14:10:16,046 [777a0c97-fe03-4145-8875-90750d7699c7@group-8F14DE03EA64-StateMachineUpdater] INFO  ratis.ContainerStateMachine (ContainerStateMachine.java:takeSnapshot(304)) - group-8F14DE03EA64: Finished taking a snapshot at:(t:1, i:7) file:/github/workspace/mnt/ozone/hadoop-ozone/integration-test/target/test-dir/MiniOzoneClusterImpl-32bd3365-c0fa-4882-bde6-5b86600e32bb/datanode-1/data/ratis/ba0b2554-8528-4722-abb4-8f14de03ea64/sm/snapshot.1_7 time:1
2020-07-08 14:10:16,047 [777a0c97-fe03-4145-8875-90750d7699c7@group-8F14DE03EA64-StateMachineUpdater] INFO  impl.SimpleStateMachineStorage (SimpleStateMachineStorage.java:cleanupOldSnapshots(99)) - Deleting old snapshot at /github/workspace/mnt/ozone/hadoop-ozone/integration-test/target/test-dir/MiniOzoneClusterImpl-32bd3365-c0fa-4882-bde6-5b86600e32bb/datanode-1/data/ratis/ba0b2554-8528-4722-abb4-8f14de03ea64/sm/snapshot.1_0
2020-07-08 14:10:16,048 [777a0c97-fe03-4145-8875-90750d7699c7@group-8F14DE03EA64-StateMachineUpdater] INFO  impl.StateMachineUpdater (StateMachineUpdater.java:takeSnapshot(277)) - 777a0c97-fe03-4145-8875-90750d7699c7@group-8F14DE03EA64-StateMachineUpdater: Took a snapshot at index 7
2020-07-08 14:10:16,048 [777a0c97-fe03-4145-8875-90750d7699c7@group-8F14DE03EA64-StateMachineUpdater] INFO  impl.StateMachineUpdater (StateMachineUpdater.java:lambda$new$0(87)) - 777a0c97-fe03-4145-8875-90750d7699c7@group-8F14DE03EA64-StateMachineUpdater: snapshotIndex: updateIncreasingly 5 -> 7
2020-07-08 14:10:16,066 [Listener at 127.0.0.1/34841] INFO  ratis.ContainerStateMachine (ContainerStateMachine.java:takeSnapshot(293)) - group-8F14DE03EA64: Taking a snapshot at:(t:1, i:7) file /github/workspace/mnt/ozone/hadoop-ozone/integration-test/target/test-dir/MiniOzoneClusterImpl-32bd3365-c0fa-4882-bde6-5b86600e32bb/datanode-1/data/ratis/ba0b2554-8528-4722-abb4-8f14de03ea64/sm/snapshot.1_7
2020-07-08 14:10:16,067 [Listener at 127.0.0.1/34841] INFO  ratis.ContainerStateMachine (ContainerStateMachine.java:takeSnapshot(304)) - group-8F14DE03EA64: Finished taking a snapshot at:(t:1, i:7) file:/github/workspace/mnt/ozone/hadoop-ozone/integration-test/target/test-dir/MiniOzoneClusterImpl-32bd3365-c0fa-4882-bde6-5b86600e32bb/datanode-1/data/ratis/ba0b2554-8528-4722-abb4-8f14de03ea64/sm/snapshot.1_7 time:1
2020-07-08 14:10:16,068 [Listener at 127.0.0.1/34841] INFO  ozone.MiniOzoneClusterImpl (MiniOzoneClusterImpl.java:getStorageContainerLocationClient(289)) - Creating StorageContainerLocationProtocol RPC client with address /0.0.0.0:36941
2020-07-08 14:10:16,196 [grpc-default-executor-4] DEBUG impl.RaftServerImpl (RaftServerImpl.java:submitClientRequestAsync(575)) - 777a0c97-fe03-4145-8875-90750d7699c7@group-8F14DE03EA64: receive client request(RaftClientRequest:client-4AAB76CDE010->777a0c97-fe03-4145-8875-90750d7699c7@group-8F14DE03EA64, cid=23, seq=1*, Watch(0), Message:<EMPTY>)
2020-07-08 14:10:16,196 [grpc-default-executor-4] DEBUG impl.RaftServerImpl (LeaderState.java:addWatchReqeust(353)) - 777a0c97-fe03-4145-8875-90750d7699c7@group-8F14DE03EA64-LeaderState: addWatchRequest RaftClientRequest:client-4AAB76CDE010->777a0c97-fe03-4145-8875-90750d7699c7@group-8F14DE03EA64, cid=23, seq=1*, Watch(0), Message:<EMPTY>
2020-07-08 14:10:16,210 [grpc-default-executor-4] DEBUG impl.RaftServerImpl (RaftServerImpl.java:submitClientRequestAsync(575)) - 777a0c97-fe03-4145-8875-90750d7699c7@group-8F14DE03EA64: receive client request(RaftClientRequest:client-4AAB76CDE010->777a0c97-fe03-4145-8875-90750d7699c7@group-8F14DE03EA64, cid=24, seq=2, RW, Message:0000002e081112001801...(size=50))
2020-07-08 14:10:16,212 [grpc-default-executor-4] DEBUG impl.RaftServerImpl (LeaderState.java:addPendingRequest(335)) - 777a0c97-fe03-4145-8875-90750d7699c7@group-8F14DE03EA64-LeaderState: addPendingRequest at RaftClientRequest:client-4AAB76CDE010->777a0c97-fe03-4145-8875-90750d7699c7@group-8F14DE03EA64, cid=24, seq=2, RW, Message:0000002e081112001801...(size=50), entry=(t:1, i:8), STATEMACHINELOGENTRY, client-4AAB76CDE010, cid=24
2020-07-08 14:10:16,223 [EventQueue-IncrementalContainerReportForIncrementalContainerReportHandler] WARN  container.IncrementalContainerReportHandler (AbstractContainerReportHandler.java:updateContainerState(138)) - Container #1 is in OPEN state, but the datanode 777a0c97-fe03-4145-8875-90750d7699c7{ip: 172.17.0.2, host: fa59273552ea, networkLocation: /default-rack, certSerialId: null} reports an CLOSING replica.
2020-07-08 14:10:16,223 [RatisApplyTransactionExecutor 1] INFO  interfaces.Container (KeyValueContainer.java:flushAndSyncDB(387)) - Container 1 is synced with bcsId 6.
2020-07-08 14:10:16,223 [RatisApplyTransactionExecutor 1] INFO  interfaces.Container (KeyValueContainer.java:flushAndSyncDB(387)) - Container 1 is synced with bcsId 6.
2020-07-08 14:10:16,229 [RatisApplyTransactionExecutor 1] INFO  interfaces.Container (KeyValueContainer.java:close(325)) - Container 1 is closed with bcsId 6.
2020-07-08 14:10:16,231 [EventQueue-IncrementalContainerReportForIncrementalContainerReportHandler] WARN  container.IncrementalContainerReportHandler (AbstractContainerReportHandler.java:updateContainerState(138)) - Container #1 is in OPEN state, but the datanode 777a0c97-fe03-4145-8875-90750d7699c7{ip: 172.17.0.2, host: fa59273552ea, networkLocation: /default-rack, certSerialId: null} reports an CLOSED replica.
2020-07-08 14:10:16,233 [777a0c97-fe03-4145-8875-90750d7699c7@group-8F14DE03EA64-StateMachineUpdater] INFO  ratis.ContainerStateMachine (ContainerStateMachine.java:takeSnapshot(293)) - group-8F14DE03EA64: Taking a snapshot at:(t:1, i:7) file /github/workspace/mnt/ozone/hadoop-ozone/integration-test/target/test-dir/MiniOzoneClusterImpl-32bd3365-c0fa-4882-bde6-5b86600e32bb/datanode-1/data/ratis/ba0b2554-8528-4722-abb4-8f14de03ea64/sm/snapshot.1_7
2020-07-08 14:10:16,236 [777a0c97-fe03-4145-8875-90750d7699c7@group-8F14DE03EA64-StateMachineUpdater] INFO  ratis.ContainerStateMachine (ContainerStateMachine.java:takeSnapshot(304)) - group-8F14DE03EA64: Finished taking a snapshot at:(t:1, i:7) file:/github/workspace/mnt/ozone/hadoop-ozone/integration-test/target/test-dir/MiniOzoneClusterImpl-32bd3365-c0fa-4882-bde6-5b86600e32bb/datanode-1/data/ratis/ba0b2554-8528-4722-abb4-8f14de03ea64/sm/snapshot.1_7 time:2
2020-07-08 14:10:16,236 [777a0c97-fe03-4145-8875-90750d7699c7@group-8F14DE03EA64-StateMachineUpdater] INFO  impl.StateMachineUpdater (StateMachineUpdater.java:takeSnapshot(277)) - 777a0c97-fe03-4145-8875-90750d7699c7@group-8F14DE03EA64-StateMachineUpdater: Took a snapshot at index 7
2020-07-08 14:10:16,236 [777a0c97-fe03-4145-8875-90750d7699c7@group-8F14DE03EA64-StateMachineUpdater] INFO  impl.StateMachineUpdater (StateMachineUpdater.java:lambda$new$0(87)) - 777a0c97-fe03-4145-8875-90750d7699c7@group-8F14DE03EA64-StateMachineUpdater: snapshotIndex: updateIncreasingly 7 -> 7
2020-07-08 14:10:16,236 [777a0c97-fe03-4145-8875-90750d7699c7@group-8F14DE03EA64-StateMachineUpdater] INFO  ratis.ContainerStateMachine (ContainerStateMachine.java:takeSnapshot(293)) - group-8F14DE03EA64: Taking a snapshot at:(t:1, i:7) file /github/workspace/mnt/ozone/hadoop-ozone/integration-test/target/test-dir/MiniOzoneClusterImpl-32bd3365-c0fa-4882-bde6-5b86600e32bb/datanode-1/data/ratis/ba0b2554-8528-4722-abb4-8f14de03ea64/sm/snapshot.1_7
2020-07-08 14:10:16,238 [Listener at 127.0.0.1/34841] INFO  ratis.ContainerStateMachine (ContainerStateMachine.java:takeSnapshot(293)) - group-8F14DE03EA64: Taking a snapshot at:(t:1, i:7) file /github/workspace/mnt/ozone/hadoop-ozone/integration-test/target/test-dir/MiniOzoneClusterImpl-32bd3365-c0fa-4882-bde6-5b86600e32bb/datanode-1/data/ratis/ba0b2554-8528-4722-abb4-8f14de03ea64/sm/snapshot.1_7
2020-07-08 14:10:16,239 [777a0c97-fe03-4145-8875-90750d7699c7@group-8F14DE03EA64-StateMachineUpdater] INFO  ratis.ContainerStateMachine (ContainerStateMachine.java:takeSnapshot(304)) - group-8F14DE03EA64: Finished taking a snapshot at:(t:1, i:7) file:/github/workspace/mnt/ozone/hadoop-ozone/integration-test/target/test-dir/MiniOzoneClusterImpl-32bd3365-c0fa-4882-bde6-5b86600e32bb/datanode-1/data/ratis/ba0b2554-8528-4722-abb4-8f14de03ea64/sm/snapshot.1_7 time:2
2020-07-08 14:10:16,239 [777a0c97-fe03-4145-8875-90750d7699c7@group-8F14DE03EA64-StateMachineUpdater] INFO  impl.StateMachineUpdater (StateMachineUpdater.java:takeSnapshot(277)) - 777a0c97-fe03-4145-8875-90750d7699c7@group-8F14DE03EA64-StateMachineUpdater: Took a snapshot at index 7
2020-07-08 14:10:16,239 [777a0c97-fe03-4145-8875-90750d7699c7@group-8F14DE03EA64-StateMachineUpdater] INFO  impl.StateMachineUpdater (StateMachineUpdater.java:lambda$new$0(87)) - 777a0c97-fe03-4145-8875-90750d7699c7@group-8F14DE03EA64-StateMachineUpdater: snapshotIndex: updateIncreasingly 7 -> 7
2020-07-08 14:10:16,240 [Listener at 127.0.0.1/34841] INFO  ratis.ContainerStateMachine (ContainerStateMachine.java:takeSnapshot(304)) - group-8F14DE03EA64: Finished taking a snapshot at:(t:1, i:7) file:/github/workspace/mnt/ozone/hadoop-ozone/integration-test/target/test-dir/MiniOzoneClusterImpl-32bd3365-c0fa-4882-bde6-5b86600e32bb/datanode-1/data/ratis/ba0b2554-8528-4722-abb4-8f14de03ea64/sm/snapshot.1_7 time:1
]]></system-out>
    <system-err><![CDATA[ERROR StatusLogger No Log4j 2 configuration file found. Using default configuration (logging only errors to the console), or user programmatically provided configurations. Set system property 'log4j2.debug' to show Log4j 2 internal initialization logging. See https://logging.apache.org/log4j/2.x/manual/configuration.html for instructions on how to configure Log4j 2
]]></system-err>
  </testcase>
  <testcase name="testWriteStateMachineDataIdempotencyWithClosedContainer" classname="org.apache.hadoop.ozone.client.rpc.TestContainerStateMachineFailures" time="0.625"/>
  <testcase name="testContainerStateMachineFailures" classname="org.apache.hadoop.ozone.client.rpc.TestContainerStateMachineFailures" time="12.624"/>
  <testcase name="testUnhealthyContainer" classname="org.apache.hadoop.ozone.client.rpc.TestContainerStateMachineFailures" time="5.339"/>
  <testcase name="testApplyTransactionFailure" classname="org.apache.hadoop.ozone.client.rpc.TestContainerStateMachineFailures" time="0.149"/>
</testsuite>