<?xml version="1.0" encoding="UTF-8"?>
<testsuite xmlns:xsi="http://www.w3.org/2001/XMLSchema-instance" xsi:noNamespaceSchemaLocation="https://maven.apache.org/surefire/maven-surefire-plugin/xsd/surefire-test-report.xsd" name="org.apache.hadoop.ozone.client.rpc.TestCommitWatcher" time="138.214" tests="2" errors="1" skipped="0" failures="0">
  <properties>
    <property name="awt.toolkit" value="sun.awt.X11.XToolkit"/>
    <property name="file.encoding.pkg" value="sun.io"/>
    <property name="java.specification.version" value="1.8"/>
    <property name="sun.cpu.isalist" value=""/>
    <property name="sun.jnu.encoding" value="ANSI_X3.4-1968"/>
    <property name="java.class.path" value="/github/workspace/mnt/ozone/hadoop-ozone/integration-test/target/test-classes:/github/workspace/mnt/ozone/hadoop-ozone/integration-test/target/classes:/home/user/.m2/repository/org/apache/hadoop/hadoop-ozone-common/0.6.0-SNAPSHOT/hadoop-ozone-common-0.6.0-SNAPSHOT.jar:/home/user/.m2/repository/org/apache/commons/commons-compress/1.4.1/commons-compress-1.4.1.jar:/home/user/.m2/repository/org/tukaani/xz/1.0/xz-1.0.jar:/home/user/.m2/repository/org/apache/hadoop/hadoop-hdds-common/0.6.0-SNAPSHOT/hadoop-hdds-common-0.6.0-SNAPSHOT.jar:/home/user/.m2/repository/info/picocli/picocli/3.9.6/picocli-3.9.6.jar:/home/user/.m2/repository/com/fasterxml/jackson/core/jackson-annotations/2.10.3/jackson-annotations-2.10.3.jar:/home/user/.m2/repository/javax/annotation/javax.annotation-api/1.2/javax.annotation-api-1.2.jar:/home/user/.m2/repository/org/apache/ratis/ratis-server/0.6.0-cac3336-SNAPSHOT/ratis-server-0.6.0-cac3336-SNAPSHOT.jar:/home/user/.m2/repository/org/apache/ratis/ratis-thirdparty-misc/0.4.0/ratis-thirdparty-misc-0.4.0.jar:/home/user/.m2/repository/org/apache/ratis/ratis-client/0.6.0-cac3336-SNAPSHOT/ratis-client-0.6.0-cac3336-SNAPSHOT.jar:/home/user/.m2/repository/org/apache/ratis/ratis-metrics/0.6.0-cac3336-SNAPSHOT/ratis-metrics-0.6.0-cac3336-SNAPSHOT.jar:/home/user/.m2/repository/org/apache/ratis/ratis-netty/0.6.0-cac3336-SNAPSHOT/ratis-netty-0.6.0-cac3336-SNAPSHOT.jar:/home/user/.m2/repository/org/apache/ratis/ratis-grpc/0.6.0-cac3336-SNAPSHOT/ratis-grpc-0.6.0-cac3336-SNAPSHOT.jar:/home/user/.m2/repository/org/apache/logging/log4j/log4j-api/2.11.0/log4j-api-2.11.0.jar:/home/user/.m2/repository/org/apache/logging/log4j/log4j-core/2.11.0/log4j-core-2.11.0.jar:/home/user/.m2/repository/com/lmax/disruptor/3.4.2/disruptor-3.4.2.jar:/home/user/.m2/repository/org/apache/commons/commons-pool2/2.6.0/commons-pool2-2.6.0.jar:/home/user/.m2/repository/org/bouncycastle/bcpkix-jdk15on/1.60/bcpkix-jdk15on-1.60.jar:/home/user/.m2/repository/commons-validator/commons-validator/1.6/commons-validator-1.6.jar:/home/user/.m2/repository/commons-digester/commons-digester/1.8.1/commons-digester-1.8.1.jar:/home/user/.m2/repository/io/jaegertracing/jaeger-client/1.2.0/jaeger-client-1.2.0.jar:/home/user/.m2/repository/io/jaegertracing/jaeger-thrift/1.2.0/jaeger-thrift-1.2.0.jar:/home/user/.m2/repository/org/apache/thrift/libthrift/0.13.0/libthrift-0.13.0.jar:/home/user/.m2/repository/com/squareup/okhttp3/okhttp/4.2.2/okhttp-4.2.2.jar:/home/user/.m2/repository/com/squareup/okio/okio/2.2.2/okio-2.2.2.jar:/home/user/.m2/repository/org/jetbrains/kotlin/kotlin-stdlib/1.3.50/kotlin-stdlib-1.3.50.jar:/home/user/.m2/repository/org/jetbrains/kotlin/kotlin-stdlib-common/1.3.50/kotlin-stdlib-common-1.3.50.jar:/home/user/.m2/repository/org/jetbrains/annotations/13.0/annotations-13.0.jar:/home/user/.m2/repository/io/jaegertracing/jaeger-core/1.2.0/jaeger-core-1.2.0.jar:/home/user/.m2/repository/io/jaegertracing/jaeger-tracerresolver/1.2.0/jaeger-tracerresolver-1.2.0.jar:/home/user/.m2/repository/io/opentracing/contrib/opentracing-tracerresolver/0.1.8/opentracing-tracerresolver-0.1.8.jar:/home/user/.m2/repository/io/opentracing/opentracing-util/0.33.0/opentracing-util-0.33.0.jar:/home/user/.m2/repository/io/opentracing/opentracing-api/0.33.0/opentracing-api-0.33.0.jar:/home/user/.m2/repository/io/opentracing/opentracing-noop/0.33.0/opentracing-noop-0.33.0.jar:/home/user/.m2/repository/org/apache/hadoop/hadoop-hdds-client/0.6.0-SNAPSHOT/hadoop-hdds-client-0.6.0-SNAPSHOT.jar:/home/user/.m2/repository/org/apache/hadoop/hadoop-hdds-test-utils/0.6.0-SNAPSHOT/hadoop-hdds-test-utils-0.6.0-SNAPSHOT.jar:/home/user/.m2/repository/com/google/guava/guava/28.2-jre/guava-28.2-jre.jar:/home/user/.m2/repository/com/google/guava/failureaccess/1.0.1/failureaccess-1.0.1.jar:/home/user/.m2/repository/com/google/guava/listenablefuture/9999.0-empty-to-avoid-conflict-with-guava/listenablefuture-9999.0-empty-to-avoid-conflict-with-guava.jar:/home/user/.m2/repository/com/google/code/findbugs/jsr305/3.0.0/jsr305-3.0.0.jar:/home/user/.m2/repository/org/checkerframework/checker-qual/2.10.0/checker-qual-2.10.0.jar:/home/user/.m2/repository/com/google/errorprone/error_prone_annotations/2.2.0/error_prone_annotations-2.2.0.jar:/home/user/.m2/repository/com/google/j2objc/j2objc-annotations/1.3/j2objc-annotations-1.3.jar:/home/user/.m2/repository/commons-io/commons-io/2.5/commons-io-2.5.jar:/home/user/.m2/repository/commons-logging/commons-logging/1.2/commons-logging-1.2.jar:/home/user/.m2/repository/log4j/log4j/1.2.17/log4j-1.2.17.jar:/home/user/.m2/repository/org/slf4j/slf4j-api/1.7.25/slf4j-api-1.7.25.jar:/home/user/.m2/repository/org/apache/hadoop/hadoop-hdds-server-scm/0.6.0-SNAPSHOT/hadoop-hdds-server-scm-0.6.0-SNAPSHOT.jar:/home/user/.m2/repository/org/apache/hadoop/hadoop-hdds-container-service/0.6.0-SNAPSHOT/hadoop-hdds-container-service-0.6.0-SNAPSHOT.jar:/home/user/.m2/repository/org/apache/hadoop/hadoop-hdds-hadoop-dependency-server/0.6.0-SNAPSHOT/hadoop-hdds-hadoop-dependency-server-0.6.0-SNAPSHOT.jar:/home/user/.m2/repository/org/apache/hadoop/hadoop-hdds-server-framework/0.6.0-SNAPSHOT/hadoop-hdds-server-framework-0.6.0-SNAPSHOT.jar:/home/user/.m2/repository/org/rocksdb/rocksdbjni/6.6.4/rocksdbjni-6.6.4.jar:/home/user/.m2/repository/io/prometheus/simpleclient_dropwizard/0.7.0/simpleclient_dropwizard-0.7.0.jar:/home/user/.m2/repository/io/prometheus/simpleclient/0.7.0/simpleclient-0.7.0.jar:/home/user/.m2/repository/io/prometheus/simpleclient_common/0.7.0/simpleclient_common-0.7.0.jar:/home/user/.m2/repository/com/fasterxml/jackson/datatype/jackson-datatype-jsr310/2.10.3/jackson-datatype-jsr310-2.10.3.jar:/home/user/.m2/repository/org/apache/hadoop/hadoop-hdds-docs/0.6.0-SNAPSHOT/hadoop-hdds-docs-0.6.0-SNAPSHOT.jar:/home/user/.m2/repository/io/dropwizard/metrics/metrics-core/3.2.4/metrics-core-3.2.4.jar:/home/user/.m2/repository/org/apache/hadoop/hadoop-hdfs-client/3.2.1/hadoop-hdfs-client-3.2.1.jar:/home/user/.m2/repository/org/bouncycastle/bcprov-jdk15on/1.60/bcprov-jdk15on-1.60.jar:/home/user/.m2/repository/org/apache/hadoop/hadoop-ozone-ozone-manager/0.6.0-SNAPSHOT/hadoop-ozone-ozone-manager-0.6.0-SNAPSHOT.jar:/home/user/.m2/repository/org/apache/hadoop/hadoop-minikdc/3.2.1/hadoop-minikdc-3.2.1.jar:/home/user/.m2/repository/org/apache/kerby/kerb-simplekdc/1.0.1/kerb-simplekdc-1.0.1.jar:/home/user/.m2/repository/org/apache/kerby/kerb-client/1.0.1/kerb-client-1.0.1.jar:/home/user/.m2/repository/org/apache/kerby/kerby-config/1.0.1/kerby-config-1.0.1.jar:/home/user/.m2/repository/org/apache/kerby/kerb-core/1.0.1/kerb-core-1.0.1.jar:/home/user/.m2/repository/org/apache/kerby/kerby-pkix/1.0.1/kerby-pkix-1.0.1.jar:/home/user/.m2/repository/org/apache/kerby/kerby-asn1/1.0.1/kerby-asn1-1.0.1.jar:/home/user/.m2/repository/org/apache/kerby/kerby-util/1.0.1/kerby-util-1.0.1.jar:/home/user/.m2/repository/org/apache/kerby/kerb-common/1.0.1/kerb-common-1.0.1.jar:/home/user/.m2/repository/org/apache/kerby/kerb-crypto/1.0.1/kerb-crypto-1.0.1.jar:/home/user/.m2/repository/org/apache/kerby/kerb-util/1.0.1/kerb-util-1.0.1.jar:/home/user/.m2/repository/org/apache/kerby/token-provider/1.0.1/token-provider-1.0.1.jar:/home/user/.m2/repository/org/apache/kerby/kerb-admin/1.0.1/kerb-admin-1.0.1.jar:/home/user/.m2/repository/org/apache/kerby/kerb-server/1.0.1/kerb-server-1.0.1.jar:/home/user/.m2/repository/org/apache/kerby/kerb-identity/1.0.1/kerb-identity-1.0.1.jar:/home/user/.m2/repository/org/apache/kerby/kerby-xdr/1.0.1/kerby-xdr-1.0.1.jar:/home/user/.m2/repository/org/slf4j/slf4j-log4j12/1.7.25/slf4j-log4j12-1.7.25.jar:/home/user/.m2/repository/org/apache/hadoop/hadoop-ozone-s3gateway/0.6.0-SNAPSHOT/hadoop-ozone-s3gateway-0.6.0-SNAPSHOT.jar:/home/user/.m2/repository/org/jboss/weld/servlet/weld-servlet/2.4.7.Final/weld-servlet-2.4.7.Final.jar:/home/user/.m2/repository/org/glassfish/jersey/containers/jersey-container-servlet-core/2.27/jersey-container-servlet-core-2.27.jar:/home/user/.m2/repository/org/glassfish/hk2/external/javax.inject/2.5.0-b42/javax.inject-2.5.0-b42.jar:/home/user/.m2/repository/org/glassfish/jersey/core/jersey-common/2.27/jersey-common-2.27.jar:/home/user/.m2/repository/org/glassfish/hk2/osgi-resource-locator/1.0.1/osgi-resource-locator-1.0.1.jar:/home/user/.m2/repository/javax/ws/rs/javax.ws.rs-api/2.1/javax.ws.rs-api-2.1.jar:/home/user/.m2/repository/org/glassfish/jersey/ext/cdi/jersey-cdi1x/2.27/jersey-cdi1x-2.27.jar:/home/user/.m2/repository/org/glassfish/jersey/inject/jersey-hk2/2.27/jersey-hk2-2.27.jar:/home/user/.m2/repository/org/glassfish/hk2/hk2-locator/2.5.0-b42/hk2-locator-2.5.0-b42.jar:/home/user/.m2/repository/org/javassist/javassist/3.22.0-CR2/javassist-3.22.0-CR2.jar:/home/user/.m2/repository/org/glassfish/hk2/hk2-api/2.5.0/hk2-api-2.5.0.jar:/home/user/.m2/repository/org/glassfish/hk2/external/jakarta.inject/2.5.0/jakarta.inject-2.5.0.jar:/home/user/.m2/repository/org/glassfish/hk2/hk2-utils/2.5.0/hk2-utils-2.5.0.jar:/home/user/.m2/repository/jakarta/annotation/jakarta.annotation-api/1.3.4/jakarta.annotation-api-1.3.4.jar:/home/user/.m2/repository/org/glassfish/hk2/external/aopalliance-repackaged/2.5.0/aopalliance-repackaged-2.5.0.jar:/home/user/.m2/repository/com/fasterxml/jackson/dataformat/jackson-dataformat-xml/2.10.3/jackson-dataformat-xml-2.10.3.jar:/home/user/.m2/repository/com/fasterxml/jackson/core/jackson-core/2.10.3/jackson-core-2.10.3.jar:/home/user/.m2/repository/com/fasterxml/jackson/module/jackson-module-jaxb-annotations/2.10.3/jackson-module-jaxb-annotations-2.10.3.jar:/home/user/.m2/repository/jakarta/xml/bind/jakarta.xml.bind-api/2.3.2/jakarta.xml.bind-api-2.3.2.jar:/home/user/.m2/repository/jakarta/activation/jakarta.activation-api/1.2.1/jakarta.activation-api-1.2.1.jar:/home/user/.m2/repository/org/codehaus/woodstox/stax2-api/3.1.4/stax2-api-3.1.4.jar:/home/user/.m2/repository/com/fasterxml/woodstox/woodstox-core/5.0.3/woodstox-core-5.0.3.jar:/home/user/.m2/repository/javax/enterprise/cdi-api/1.2/cdi-api-1.2.jar:/home/user/.m2/repository/javax/el/javax.el-api/3.0.0/javax.el-api-3.0.0.jar:/home/user/.m2/repository/javax/interceptor/javax.interceptor-api/1.2/javax.interceptor-api-1.2.jar:/home/user/.m2/repository/javax/inject/javax.inject/1/javax.inject-1.jar:/home/user/.m2/repository/com/sun/xml/bind/jaxb-impl/2.3.0.1/jaxb-impl-2.3.0.1.jar:/home/user/.m2/repository/com/sun/xml/bind/jaxb-core/2.3.0.1/jaxb-core-2.3.0.1.jar:/home/user/.m2/repository/javax/xml/bind/jaxb-api/2.3.0/jaxb-api-2.3.0.jar:/home/user/.m2/repository/javax/activation/activation/1.1.1/activation-1.1.1.jar:/home/user/.m2/repository/org/apache/hadoop/hadoop-ozone-csi/0.6.0-SNAPSHOT/hadoop-ozone-csi-0.6.0-SNAPSHOT.jar:/home/user/.m2/repository/com/google/protobuf/protobuf-java-util/3.11.0/protobuf-java-util-3.11.0.jar:/home/user/.m2/repository/com/google/code/gson/gson/2.2.4/gson-2.2.4.jar:/home/user/.m2/repository/org/apache/hadoop/hadoop-hdds-config/0.6.0-SNAPSHOT/hadoop-hdds-config-0.6.0-SNAPSHOT.jar:/home/user/.m2/repository/com/google/protobuf/protobuf-java/2.5.0/protobuf-java-2.5.0.jar:/home/user/.m2/repository/io/grpc/grpc-netty/1.29.0/grpc-netty-1.29.0.jar:/home/user/.m2/repository/io/grpc/grpc-core/1.29.0/grpc-core-1.29.0.jar:/home/user/.m2/repository/com/google/android/annotations/4.1.1.4/annotations-4.1.1.4.jar:/home/user/.m2/repository/io/perfmark/perfmark-api/0.19.0/perfmark-api-0.19.0.jar:/home/user/.m2/repository/io/netty/netty-codec-http2/4.1.48.Final/netty-codec-http2-4.1.48.Final.jar:/home/user/.m2/repository/io/netty/netty-codec/4.1.48.Final/netty-codec-4.1.48.Final.jar:/home/user/.m2/repository/io/netty/netty-handler/4.1.48.Final/netty-handler-4.1.48.Final.jar:/home/user/.m2/repository/io/netty/netty-codec-http/4.1.48.Final/netty-codec-http-4.1.48.Final.jar:/home/user/.m2/repository/io/netty/netty-handler-proxy/4.1.48.Final/netty-handler-proxy-4.1.48.Final.jar:/home/user/.m2/repository/io/netty/netty-codec-socks/4.1.48.Final/netty-codec-socks-4.1.48.Final.jar:/home/user/.m2/repository/io/netty/netty-transport-native-epoll/4.1.48.Final/netty-transport-native-epoll-4.1.48.Final.jar:/home/user/.m2/repository/io/netty/netty-common/4.1.48.Final/netty-common-4.1.48.Final.jar:/home/user/.m2/repository/io/netty/netty-buffer/4.1.48.Final/netty-buffer-4.1.48.Final.jar:/home/user/.m2/repository/io/netty/netty-transport/4.1.48.Final/netty-transport-4.1.48.Final.jar:/home/user/.m2/repository/io/netty/netty-resolver/4.1.48.Final/netty-resolver-4.1.48.Final.jar:/home/user/.m2/repository/io/netty/netty-transport-native-unix-common/4.1.48.Final/netty-transport-native-unix-common-4.1.48.Final.jar:/home/user/.m2/repository/io/grpc/grpc-protobuf/1.29.0/grpc-protobuf-1.29.0.jar:/home/user/.m2/repository/io/grpc/grpc-api/1.29.0/grpc-api-1.29.0.jar:/home/user/.m2/repository/io/grpc/grpc-context/1.29.0/grpc-context-1.29.0.jar:/home/user/.m2/repository/org/codehaus/mojo/animal-sniffer-annotations/1.18/animal-sniffer-annotations-1.18.jar:/home/user/.m2/repository/com/google/api/grpc/proto-google-common-protos/1.17.0/proto-google-common-protos-1.17.0.jar:/home/user/.m2/repository/io/grpc/grpc-protobuf-lite/1.29.0/grpc-protobuf-lite-1.29.0.jar:/home/user/.m2/repository/io/grpc/grpc-stub/1.29.0/grpc-stub-1.29.0.jar:/home/user/.m2/repository/org/apache/hadoop/hadoop-ozone-recon/0.6.0-SNAPSHOT/hadoop-ozone-recon-0.6.0-SNAPSHOT.jar:/home/user/.m2/repository/org/apache/hadoop/hadoop-ozone-reconcodegen/0.6.0-SNAPSHOT/hadoop-ozone-reconcodegen-0.6.0-SNAPSHOT.jar:/home/user/.m2/repository/com/google/inject/extensions/guice-multibindings/4.0/guice-multibindings-4.0.jar:/home/user/.m2/repository/com/google/inject/guice/4.0/guice-4.0.jar:/home/user/.m2/repository/aopalliance/aopalliance/1.0/aopalliance-1.0.jar:/home/user/.m2/repository/com/google/inject/extensions/guice-assistedinject/4.0/guice-assistedinject-4.0.jar:/home/user/.m2/repository/com/google/inject/extensions/guice-servlet/4.0/guice-servlet-4.0.jar:/home/user/.m2/repository/org/glassfish/jersey/containers/jersey-container-servlet/2.27/jersey-container-servlet-2.27.jar:/home/user/.m2/repository/org/glassfish/hk2/guice-bridge/2.5.0/guice-bridge-2.5.0.jar:/home/user/.m2/repository/org/glassfish/jersey/core/jersey-server/2.27/jersey-server-2.27.jar:/home/user/.m2/repository/org/glassfish/jersey/core/jersey-client/2.27/jersey-client-2.27.jar:/home/user/.m2/repository/org/glassfish/jersey/media/jersey-media-jaxb/2.27/jersey-media-jaxb-2.27.jar:/home/user/.m2/repository/javax/validation/validation-api/1.1.0.Final/validation-api-1.1.0.Final.jar:/home/user/.m2/repository/org/glassfish/jersey/media/jersey-media-json-jackson/2.27/jersey-media-json-jackson-2.27.jar:/home/user/.m2/repository/org/glassfish/jersey/ext/jersey-entity-filtering/2.27/jersey-entity-filtering-2.27.jar:/home/user/.m2/repository/org/jooq/jooq/3.11.10/jooq-3.11.10.jar:/home/user/.m2/repository/org/jooq/jooq-meta/3.11.10/jooq-meta-3.11.10.jar:/home/user/.m2/repository/org/jooq/jooq-codegen/3.11.10/jooq-codegen-3.11.10.jar:/home/user/.m2/repository/com/jolbox/bonecp/0.8.0.RELEASE/bonecp-0.8.0.RELEASE.jar:/home/user/.m2/repository/org/apache/derby/derby/10.14.2.0/derby-10.14.2.0.jar:/home/user/.m2/repository/org/xerial/sqlite-jdbc/3.25.2/sqlite-jdbc-3.25.2.jar:/home/user/.m2/repository/org/springframework/spring-jdbc/5.2.5.RELEASE/spring-jdbc-5.2.5.RELEASE.jar:/home/user/.m2/repository/org/springframework/spring-beans/5.2.5.RELEASE/spring-beans-5.2.5.RELEASE.jar:/home/user/.m2/repository/org/springframework/spring-core/5.2.5.RELEASE/spring-core-5.2.5.RELEASE.jar:/home/user/.m2/repository/org/springframework/spring-jcl/5.2.5.RELEASE/spring-jcl-5.2.5.RELEASE.jar:/home/user/.m2/repository/org/springframework/spring-tx/5.2.5.RELEASE/spring-tx-5.2.5.RELEASE.jar:/home/user/.m2/repository/org/apache/hadoop/hadoop-ozone-client/0.6.0-SNAPSHOT/hadoop-ozone-client-0.6.0-SNAPSHOT.jar:/home/user/.m2/repository/org/apache/hadoop/hadoop-ozone-filesystem/0.6.0-SNAPSHOT/hadoop-ozone-filesystem-0.6.0-SNAPSHOT.jar:/home/user/.m2/repository/org/apache/hadoop/hadoop-hdds-hadoop-dependency-client/0.6.0-SNAPSHOT/hadoop-hdds-hadoop-dependency-client-0.6.0-SNAPSHOT.jar:/home/user/.m2/repository/org/apache/hadoop/hadoop-ozone-tools/0.6.0-SNAPSHOT/hadoop-ozone-tools-0.6.0-SNAPSHOT.jar:/home/user/.m2/repository/org/apache/hadoop/hadoop-hdfs/3.2.1/hadoop-hdfs-3.2.1.jar:/home/user/.m2/repository/org/apache/ratis/ratis-tools/0.6.0-cac3336-SNAPSHOT/ratis-tools-0.6.0-cac3336-SNAPSHOT.jar:/home/user/.m2/repository/org/apache/ratis/ratis-proto/0.6.0-cac3336-SNAPSHOT/ratis-proto-0.6.0-cac3336-SNAPSHOT.jar:/home/user/.m2/repository/org/apache/ratis/ratis-common/0.6.0-cac3336-SNAPSHOT/ratis-common-0.6.0-cac3336-SNAPSHOT.jar:/home/user/.m2/repository/com/amazonaws/aws-java-sdk-core/1.11.615/aws-java-sdk-core-1.11.615.jar:/home/user/.m2/repository/org/apache/httpcomponents/httpclient/4.5.2/httpclient-4.5.2.jar:/home/user/.m2/repository/org/apache/httpcomponents/httpcore/4.4.4/httpcore-4.4.4.jar:/home/user/.m2/repository/software/amazon/ion/ion-java/1.0.2/ion-java-1.0.2.jar:/home/user/.m2/repository/com/fasterxml/jackson/dataformat/jackson-dataformat-cbor/2.10.3/jackson-dataformat-cbor-2.10.3.jar:/home/user/.m2/repository/joda-time/joda-time/2.8.1/joda-time-2.8.1.jar:/home/user/.m2/repository/com/amazonaws/aws-java-sdk-s3/1.11.615/aws-java-sdk-s3-1.11.615.jar:/home/user/.m2/repository/com/amazonaws/aws-java-sdk-kms/1.11.615/aws-java-sdk-kms-1.11.615.jar:/home/user/.m2/repository/com/amazonaws/jmespath-java/1.11.615/jmespath-java-1.11.615.jar:/home/user/.m2/repository/org/apache/hadoop/hadoop-hdds-tools/0.6.0-SNAPSHOT/hadoop-hdds-tools-0.6.0-SNAPSHOT.jar:/home/user/.m2/repository/commons-cli/commons-cli/1.2/commons-cli-1.2.jar:/home/user/.m2/repository/org/apache/commons/commons-lang3/3.7/commons-lang3-3.7.jar:/home/user/.m2/repository/org/apache/hadoop/hadoop-ozone-ozone-manager/0.6.0-SNAPSHOT/hadoop-ozone-ozone-manager-0.6.0-SNAPSHOT-tests.jar:/home/user/.m2/repository/junit/junit/4.11/junit-4.11.jar:/home/user/.m2/repository/org/hamcrest/hamcrest-core/1.3/hamcrest-core-1.3.jar:/home/user/.m2/repository/org/openjdk/jmh/jmh-core/1.19/jmh-core-1.19.jar:/home/user/.m2/repository/net/sf/jopt-simple/jopt-simple/4.6/jopt-simple-4.6.jar:/home/user/.m2/repository/org/apache/commons/commons-math3/3.1.1/commons-math3-3.1.1.jar:/home/user/.m2/repository/org/openjdk/jmh/jmh-generator-annprocess/1.19/jmh-generator-annprocess-1.19.jar:/home/user/.m2/repository/org/mockito/mockito-all/1.8.5/mockito-all-1.8.5.jar:/home/user/.m2/repository/org/apache/hadoop/hadoop-kms/3.2.1/hadoop-kms-3.2.1.jar:/home/user/.m2/repository/org/apache/hadoop/hadoop-auth/3.2.1/hadoop-auth-3.2.1.jar:/home/user/.m2/repository/com/nimbusds/nimbus-jose-jwt/7.9/nimbus-jose-jwt-7.9.jar:/home/user/.m2/repository/com/github/stephenc/jcip/jcip-annotations/1.0-1/jcip-annotations-1.0-1.jar:/home/user/.m2/repository/net/minidev/json-smart/2.3/json-smart-2.3.jar:/home/user/.m2/repository/net/minidev/accessors-smart/1.2/accessors-smart-1.2.jar:/home/user/.m2/repository/org/ow2/asm/asm/5.0.4/asm-5.0.4.jar:/home/user/.m2/repository/org/apache/zookeeper/zookeeper/3.4.13/zookeeper-3.4.13.jar:/home/user/.m2/repository/org/apache/yetus/audience-annotations/0.5.0/audience-annotations-0.5.0.jar:/home/user/.m2/repository/org/apache/curator/curator-framework/2.13.0/curator-framework-2.13.0.jar:/home/user/.m2/repository/com/sun/jersey/jersey-core/1.19/jersey-core-1.19.jar:/home/user/.m2/repository/javax/ws/rs/jsr311-api/1.1.1/jsr311-api-1.1.1.jar:/home/user/.m2/repository/com/sun/jersey/jersey-server/1.19/jersey-server-1.19.jar:/home/user/.m2/repository/javax/servlet/javax.servlet-api/3.1.0/javax.servlet-api-3.1.0.jar:/home/user/.m2/repository/org/eclipse/jetty/jetty-server/9.4.26.v20200117/jetty-server-9.4.26.v20200117.jar:/home/user/.m2/repository/org/eclipse/jetty/jetty-http/9.4.26.v20200117/jetty-http-9.4.26.v20200117.jar:/home/user/.m2/repository/org/eclipse/jetty/jetty-io/9.4.26.v20200117/jetty-io-9.4.26.v20200117.jar:/home/user/.m2/repository/org/eclipse/jetty/jetty-webapp/9.4.26.v20200117/jetty-webapp-9.4.26.v20200117.jar:/home/user/.m2/repository/org/eclipse/jetty/jetty-xml/9.4.26.v20200117/jetty-xml-9.4.26.v20200117.jar:/home/user/.m2/repository/org/eclipse/jetty/jetty-servlet/9.4.26.v20200117/jetty-servlet-9.4.26.v20200117.jar:/home/user/.m2/repository/org/eclipse/jetty/jetty-security/9.4.26.v20200117/jetty-security-9.4.26.v20200117.jar:/home/user/.m2/repository/org/apache/hadoop/hadoop-common/3.2.1/hadoop-common-3.2.1.jar:/home/user/.m2/repository/commons-net/commons-net/3.6/commons-net-3.6.jar:/home/user/.m2/repository/commons-collections/commons-collections/3.2.2/commons-collections-3.2.2.jar:/home/user/.m2/repository/com/sun/jersey/jersey-servlet/1.19/jersey-servlet-1.19.jar:/home/user/.m2/repository/com/sun/jersey/jersey-json/1.19/jersey-json-1.19.jar:/home/user/.m2/repository/org/codehaus/jettison/jettison/1.1/jettison-1.1.jar:/home/user/.m2/repository/org/codehaus/jackson/jackson-jaxrs/1.9.2/jackson-jaxrs-1.9.2.jar:/home/user/.m2/repository/org/codehaus/jackson/jackson-xc/1.9.2/jackson-xc-1.9.2.jar:/home/user/.m2/repository/commons-beanutils/commons-beanutils/1.9.4/commons-beanutils-1.9.4.jar:/home/user/.m2/repository/org/apache/commons/commons-configuration2/2.1.1/commons-configuration2-2.1.1.jar:/home/user/.m2/repository/org/apache/commons/commons-text/1.4/commons-text-1.4.jar:/home/user/.m2/repository/com/google/re2j/re2j/1.1/re2j-1.1.jar:/home/user/.m2/repository/com/jcraft/jsch/0.1.54/jsch-0.1.54.jar:/home/user/.m2/repository/org/apache/curator/curator-client/2.13.0/curator-client-2.13.0.jar:/home/user/.m2/repository/org/apache/curator/curator-recipes/2.13.0/curator-recipes-2.13.0.jar:/home/user/.m2/repository/dnsjava/dnsjava/2.1.7/dnsjava-2.1.7.jar:/home/user/.m2/repository/org/slf4j/jul-to-slf4j/1.7.25/jul-to-slf4j-1.7.25.jar:/home/user/.m2/repository/org/eclipse/jetty/jetty-util/9.4.26.v20200117/jetty-util-9.4.26.v20200117.jar:/home/user/.m2/repository/com/fasterxml/jackson/core/jackson-databind/2.10.3/jackson-databind-2.10.3.jar:/home/user/.m2/repository/org/apache/hadoop/hadoop-kms/3.2.1/hadoop-kms-3.2.1-tests.jar:/home/user/.m2/repository/org/apache/hadoop/hadoop-hdds-server-scm/0.6.0-SNAPSHOT/hadoop-hdds-server-scm-0.6.0-SNAPSHOT-tests.jar:/home/user/.m2/repository/org/apache/hadoop/hadoop-hdds-container-service/0.6.0-SNAPSHOT/hadoop-hdds-container-service-0.6.0-SNAPSHOT-tests.jar:/home/user/.m2/repository/org/apache/hadoop/hadoop-hdds-common/0.6.0-SNAPSHOT/hadoop-hdds-common-0.6.0-SNAPSHOT-tests.jar:/home/user/.m2/repository/org/yaml/snakeyaml/1.16/snakeyaml-1.16.jar:/home/user/.m2/repository/org/apache/hadoop/hadoop-hdds-hadoop-dependency-test/0.6.0-SNAPSHOT/hadoop-hdds-hadoop-dependency-test-0.6.0-SNAPSHOT.jar:/home/user/.m2/repository/org/apache/hadoop/hadoop-common/3.2.1/hadoop-common-3.2.1-tests.jar:/home/user/.m2/repository/javax/servlet/jsp/jsp-api/2.1/jsp-api-2.1.jar:/home/user/.m2/repository/org/apache/hadoop/hadoop-hdfs/3.2.1/hadoop-hdfs-3.2.1-tests.jar:/home/user/.m2/repository/org/eclipse/jetty/jetty-util-ajax/9.4.26.v20200117/jetty-util-ajax-9.4.26.v20200117.jar:/home/user/.m2/repository/commons-codec/commons-codec/1.11/commons-codec-1.11.jar:/home/user/.m2/repository/commons-daemon/commons-daemon/1.0.13/commons-daemon-1.0.13.jar:/home/user/.m2/repository/io/netty/netty/3.10.5.Final/netty-3.10.5.Final.jar:/home/user/.m2/repository/io/netty/netty-all/4.1.48.Final/netty-all-4.1.48.Final.jar:/home/user/.m2/repository/org/apache/htrace/htrace-core4/4.1.0-incubating/htrace-core4-4.1.0-incubating.jar:/home/user/.m2/repository/org/fusesource/leveldbjni/leveldbjni-all/1.8/leveldbjni-all-1.8.jar:/home/user/.m2/repository/org/apache/hadoop/hadoop-distcp/3.2.1/hadoop-distcp-3.2.1.jar:/home/user/.m2/repository/org/apache/hadoop/hadoop-mapreduce-client-jobclient/3.2.1/hadoop-mapreduce-client-jobclient-3.2.1.jar:/home/user/.m2/repository/org/apache/hadoop/hadoop-mapreduce-client-common/3.2.1/hadoop-mapreduce-client-common-3.2.1.jar:/home/user/.m2/repository/org/apache/hadoop/hadoop-yarn-common/3.2.1/hadoop-yarn-common-3.2.1.jar:/home/user/.m2/repository/org/apache/hadoop/hadoop-yarn-api/3.2.1/hadoop-yarn-api-3.2.1.jar:/home/user/.m2/repository/com/sun/jersey/jersey-client/1.19/jersey-client-1.19.jar:/home/user/.m2/repository/com/sun/jersey/contribs/jersey-guice/1.19/jersey-guice-1.19.jar:/home/user/.m2/repository/com/fasterxml/jackson/jaxrs/jackson-jaxrs-json-provider/2.10.3/jackson-jaxrs-json-provider-2.10.3.jar:/home/user/.m2/repository/com/fasterxml/jackson/jaxrs/jackson-jaxrs-base/2.10.3/jackson-jaxrs-base-2.10.3.jar:/home/user/.m2/repository/org/apache/hadoop/hadoop-yarn-client/3.2.1/hadoop-yarn-client-3.2.1.jar:/home/user/.m2/repository/org/apache/hadoop/hadoop-mapreduce-client-core/3.2.1/hadoop-mapreduce-client-core-3.2.1.jar:/home/user/.m2/repository/org/apache/avro/avro/1.7.7/avro-1.7.7.jar:/home/user/.m2/repository/org/codehaus/jackson/jackson-core-asl/1.9.13/jackson-core-asl-1.9.13.jar:/home/user/.m2/repository/org/codehaus/jackson/jackson-mapper-asl/1.9.13/jackson-mapper-asl-1.9.13.jar:/home/user/.m2/repository/com/thoughtworks/paranamer/paranamer/2.3/paranamer-2.3.jar:/home/user/.m2/repository/org/xerial/snappy/snappy-java/1.0.5/snappy-java-1.0.5.jar:/home/user/.m2/repository/org/apache/hadoop/hadoop-annotations/3.2.1/hadoop-annotations-3.2.1.jar:/usr/lib/jvm/java-1.8.0-openjdk-1.8.0.232.b09-0.el7_7.x86_64/jre/../lib/tools.jar:/home/user/.m2/repository/org/apache/hadoop/hadoop-distcp/3.2.1/hadoop-distcp-3.2.1-tests.jar:"/>
    <property name="java.vm.vendor" value="Oracle Corporation"/>
    <property name="sun.arch.data.model" value="64"/>
    <property name="test.build.dir" value="/github/workspace/mnt/ozone/hadoop-ozone/integration-test/target/test-dir"/>
    <property name="test.cache.data" value=""/>
    <property name="java.vendor.url" value="http://java.oracle.com/"/>
    <property name="user.timezone" value=""/>
    <property name="java.vm.specification.version" value="1.8"/>
    <property name="os.name" value="Linux"/>
    <property name="test.build.data" value="/github/workspace/mnt/ozone/hadoop-ozone/integration-test/target/test-dir"/>
    <property name="user.country" value="US"/>
    <property name="sun.java.launcher" value="SUN_STANDARD"/>
    <property name="sun.boot.library.path" value="/usr/lib/jvm/java-1.8.0-openjdk-1.8.0.232.b09-0.el7_7.x86_64/jre/lib/amd64"/>
    <property name="sun.java.command" value="/github/workspace/mnt/ozone/hadoop-ozone/integration-test/target/surefire/surefirebooter7147892550131564913.jar /github/workspace/mnt/ozone/hadoop-ozone/integration-test/target/surefire 2020-06-03T15-02-15_981-jvmRun1 surefire469146917861827170tmp surefire_91307269467885784079tmp"/>
    <property name="surefire.test.class.path" value="/github/workspace/mnt/ozone/hadoop-ozone/integration-test/target/test-classes:/github/workspace/mnt/ozone/hadoop-ozone/integration-test/target/classes:/home/user/.m2/repository/org/apache/hadoop/hadoop-ozone-common/0.6.0-SNAPSHOT/hadoop-ozone-common-0.6.0-SNAPSHOT.jar:/home/user/.m2/repository/org/apache/commons/commons-compress/1.4.1/commons-compress-1.4.1.jar:/home/user/.m2/repository/org/tukaani/xz/1.0/xz-1.0.jar:/home/user/.m2/repository/org/apache/hadoop/hadoop-hdds-common/0.6.0-SNAPSHOT/hadoop-hdds-common-0.6.0-SNAPSHOT.jar:/home/user/.m2/repository/info/picocli/picocli/3.9.6/picocli-3.9.6.jar:/home/user/.m2/repository/com/fasterxml/jackson/core/jackson-annotations/2.10.3/jackson-annotations-2.10.3.jar:/home/user/.m2/repository/javax/annotation/javax.annotation-api/1.2/javax.annotation-api-1.2.jar:/home/user/.m2/repository/org/apache/ratis/ratis-server/0.6.0-cac3336-SNAPSHOT/ratis-server-0.6.0-cac3336-SNAPSHOT.jar:/home/user/.m2/repository/org/apache/ratis/ratis-thirdparty-misc/0.4.0/ratis-thirdparty-misc-0.4.0.jar:/home/user/.m2/repository/org/apache/ratis/ratis-client/0.6.0-cac3336-SNAPSHOT/ratis-client-0.6.0-cac3336-SNAPSHOT.jar:/home/user/.m2/repository/org/apache/ratis/ratis-metrics/0.6.0-cac3336-SNAPSHOT/ratis-metrics-0.6.0-cac3336-SNAPSHOT.jar:/home/user/.m2/repository/org/apache/ratis/ratis-netty/0.6.0-cac3336-SNAPSHOT/ratis-netty-0.6.0-cac3336-SNAPSHOT.jar:/home/user/.m2/repository/org/apache/ratis/ratis-grpc/0.6.0-cac3336-SNAPSHOT/ratis-grpc-0.6.0-cac3336-SNAPSHOT.jar:/home/user/.m2/repository/org/apache/logging/log4j/log4j-api/2.11.0/log4j-api-2.11.0.jar:/home/user/.m2/repository/org/apache/logging/log4j/log4j-core/2.11.0/log4j-core-2.11.0.jar:/home/user/.m2/repository/com/lmax/disruptor/3.4.2/disruptor-3.4.2.jar:/home/user/.m2/repository/org/apache/commons/commons-pool2/2.6.0/commons-pool2-2.6.0.jar:/home/user/.m2/repository/org/bouncycastle/bcpkix-jdk15on/1.60/bcpkix-jdk15on-1.60.jar:/home/user/.m2/repository/commons-validator/commons-validator/1.6/commons-validator-1.6.jar:/home/user/.m2/repository/commons-digester/commons-digester/1.8.1/commons-digester-1.8.1.jar:/home/user/.m2/repository/io/jaegertracing/jaeger-client/1.2.0/jaeger-client-1.2.0.jar:/home/user/.m2/repository/io/jaegertracing/jaeger-thrift/1.2.0/jaeger-thrift-1.2.0.jar:/home/user/.m2/repository/org/apache/thrift/libthrift/0.13.0/libthrift-0.13.0.jar:/home/user/.m2/repository/com/squareup/okhttp3/okhttp/4.2.2/okhttp-4.2.2.jar:/home/user/.m2/repository/com/squareup/okio/okio/2.2.2/okio-2.2.2.jar:/home/user/.m2/repository/org/jetbrains/kotlin/kotlin-stdlib/1.3.50/kotlin-stdlib-1.3.50.jar:/home/user/.m2/repository/org/jetbrains/kotlin/kotlin-stdlib-common/1.3.50/kotlin-stdlib-common-1.3.50.jar:/home/user/.m2/repository/org/jetbrains/annotations/13.0/annotations-13.0.jar:/home/user/.m2/repository/io/jaegertracing/jaeger-core/1.2.0/jaeger-core-1.2.0.jar:/home/user/.m2/repository/io/jaegertracing/jaeger-tracerresolver/1.2.0/jaeger-tracerresolver-1.2.0.jar:/home/user/.m2/repository/io/opentracing/contrib/opentracing-tracerresolver/0.1.8/opentracing-tracerresolver-0.1.8.jar:/home/user/.m2/repository/io/opentracing/opentracing-util/0.33.0/opentracing-util-0.33.0.jar:/home/user/.m2/repository/io/opentracing/opentracing-api/0.33.0/opentracing-api-0.33.0.jar:/home/user/.m2/repository/io/opentracing/opentracing-noop/0.33.0/opentracing-noop-0.33.0.jar:/home/user/.m2/repository/org/apache/hadoop/hadoop-hdds-client/0.6.0-SNAPSHOT/hadoop-hdds-client-0.6.0-SNAPSHOT.jar:/home/user/.m2/repository/org/apache/hadoop/hadoop-hdds-test-utils/0.6.0-SNAPSHOT/hadoop-hdds-test-utils-0.6.0-SNAPSHOT.jar:/home/user/.m2/repository/com/google/guava/guava/28.2-jre/guava-28.2-jre.jar:/home/user/.m2/repository/com/google/guava/failureaccess/1.0.1/failureaccess-1.0.1.jar:/home/user/.m2/repository/com/google/guava/listenablefuture/9999.0-empty-to-avoid-conflict-with-guava/listenablefuture-9999.0-empty-to-avoid-conflict-with-guava.jar:/home/user/.m2/repository/com/google/code/findbugs/jsr305/3.0.0/jsr305-3.0.0.jar:/home/user/.m2/repository/org/checkerframework/checker-qual/2.10.0/checker-qual-2.10.0.jar:/home/user/.m2/repository/com/google/errorprone/error_prone_annotations/2.2.0/error_prone_annotations-2.2.0.jar:/home/user/.m2/repository/com/google/j2objc/j2objc-annotations/1.3/j2objc-annotations-1.3.jar:/home/user/.m2/repository/commons-io/commons-io/2.5/commons-io-2.5.jar:/home/user/.m2/repository/commons-logging/commons-logging/1.2/commons-logging-1.2.jar:/home/user/.m2/repository/log4j/log4j/1.2.17/log4j-1.2.17.jar:/home/user/.m2/repository/org/slf4j/slf4j-api/1.7.25/slf4j-api-1.7.25.jar:/home/user/.m2/repository/org/apache/hadoop/hadoop-hdds-server-scm/0.6.0-SNAPSHOT/hadoop-hdds-server-scm-0.6.0-SNAPSHOT.jar:/home/user/.m2/repository/org/apache/hadoop/hadoop-hdds-container-service/0.6.0-SNAPSHOT/hadoop-hdds-container-service-0.6.0-SNAPSHOT.jar:/home/user/.m2/repository/org/apache/hadoop/hadoop-hdds-hadoop-dependency-server/0.6.0-SNAPSHOT/hadoop-hdds-hadoop-dependency-server-0.6.0-SNAPSHOT.jar:/home/user/.m2/repository/org/apache/hadoop/hadoop-hdds-server-framework/0.6.0-SNAPSHOT/hadoop-hdds-server-framework-0.6.0-SNAPSHOT.jar:/home/user/.m2/repository/org/rocksdb/rocksdbjni/6.6.4/rocksdbjni-6.6.4.jar:/home/user/.m2/repository/io/prometheus/simpleclient_dropwizard/0.7.0/simpleclient_dropwizard-0.7.0.jar:/home/user/.m2/repository/io/prometheus/simpleclient/0.7.0/simpleclient-0.7.0.jar:/home/user/.m2/repository/io/prometheus/simpleclient_common/0.7.0/simpleclient_common-0.7.0.jar:/home/user/.m2/repository/com/fasterxml/jackson/datatype/jackson-datatype-jsr310/2.10.3/jackson-datatype-jsr310-2.10.3.jar:/home/user/.m2/repository/org/apache/hadoop/hadoop-hdds-docs/0.6.0-SNAPSHOT/hadoop-hdds-docs-0.6.0-SNAPSHOT.jar:/home/user/.m2/repository/io/dropwizard/metrics/metrics-core/3.2.4/metrics-core-3.2.4.jar:/home/user/.m2/repository/org/apache/hadoop/hadoop-hdfs-client/3.2.1/hadoop-hdfs-client-3.2.1.jar:/home/user/.m2/repository/org/bouncycastle/bcprov-jdk15on/1.60/bcprov-jdk15on-1.60.jar:/home/user/.m2/repository/org/apache/hadoop/hadoop-ozone-ozone-manager/0.6.0-SNAPSHOT/hadoop-ozone-ozone-manager-0.6.0-SNAPSHOT.jar:/home/user/.m2/repository/org/apache/hadoop/hadoop-minikdc/3.2.1/hadoop-minikdc-3.2.1.jar:/home/user/.m2/repository/org/apache/kerby/kerb-simplekdc/1.0.1/kerb-simplekdc-1.0.1.jar:/home/user/.m2/repository/org/apache/kerby/kerb-client/1.0.1/kerb-client-1.0.1.jar:/home/user/.m2/repository/org/apache/kerby/kerby-config/1.0.1/kerby-config-1.0.1.jar:/home/user/.m2/repository/org/apache/kerby/kerb-core/1.0.1/kerb-core-1.0.1.jar:/home/user/.m2/repository/org/apache/kerby/kerby-pkix/1.0.1/kerby-pkix-1.0.1.jar:/home/user/.m2/repository/org/apache/kerby/kerby-asn1/1.0.1/kerby-asn1-1.0.1.jar:/home/user/.m2/repository/org/apache/kerby/kerby-util/1.0.1/kerby-util-1.0.1.jar:/home/user/.m2/repository/org/apache/kerby/kerb-common/1.0.1/kerb-common-1.0.1.jar:/home/user/.m2/repository/org/apache/kerby/kerb-crypto/1.0.1/kerb-crypto-1.0.1.jar:/home/user/.m2/repository/org/apache/kerby/kerb-util/1.0.1/kerb-util-1.0.1.jar:/home/user/.m2/repository/org/apache/kerby/token-provider/1.0.1/token-provider-1.0.1.jar:/home/user/.m2/repository/org/apache/kerby/kerb-admin/1.0.1/kerb-admin-1.0.1.jar:/home/user/.m2/repository/org/apache/kerby/kerb-server/1.0.1/kerb-server-1.0.1.jar:/home/user/.m2/repository/org/apache/kerby/kerb-identity/1.0.1/kerb-identity-1.0.1.jar:/home/user/.m2/repository/org/apache/kerby/kerby-xdr/1.0.1/kerby-xdr-1.0.1.jar:/home/user/.m2/repository/org/slf4j/slf4j-log4j12/1.7.25/slf4j-log4j12-1.7.25.jar:/home/user/.m2/repository/org/apache/hadoop/hadoop-ozone-s3gateway/0.6.0-SNAPSHOT/hadoop-ozone-s3gateway-0.6.0-SNAPSHOT.jar:/home/user/.m2/repository/org/jboss/weld/servlet/weld-servlet/2.4.7.Final/weld-servlet-2.4.7.Final.jar:/home/user/.m2/repository/org/glassfish/jersey/containers/jersey-container-servlet-core/2.27/jersey-container-servlet-core-2.27.jar:/home/user/.m2/repository/org/glassfish/hk2/external/javax.inject/2.5.0-b42/javax.inject-2.5.0-b42.jar:/home/user/.m2/repository/org/glassfish/jersey/core/jersey-common/2.27/jersey-common-2.27.jar:/home/user/.m2/repository/org/glassfish/hk2/osgi-resource-locator/1.0.1/osgi-resource-locator-1.0.1.jar:/home/user/.m2/repository/javax/ws/rs/javax.ws.rs-api/2.1/javax.ws.rs-api-2.1.jar:/home/user/.m2/repository/org/glassfish/jersey/ext/cdi/jersey-cdi1x/2.27/jersey-cdi1x-2.27.jar:/home/user/.m2/repository/org/glassfish/jersey/inject/jersey-hk2/2.27/jersey-hk2-2.27.jar:/home/user/.m2/repository/org/glassfish/hk2/hk2-locator/2.5.0-b42/hk2-locator-2.5.0-b42.jar:/home/user/.m2/repository/org/javassist/javassist/3.22.0-CR2/javassist-3.22.0-CR2.jar:/home/user/.m2/repository/org/glassfish/hk2/hk2-api/2.5.0/hk2-api-2.5.0.jar:/home/user/.m2/repository/org/glassfish/hk2/external/jakarta.inject/2.5.0/jakarta.inject-2.5.0.jar:/home/user/.m2/repository/org/glassfish/hk2/hk2-utils/2.5.0/hk2-utils-2.5.0.jar:/home/user/.m2/repository/jakarta/annotation/jakarta.annotation-api/1.3.4/jakarta.annotation-api-1.3.4.jar:/home/user/.m2/repository/org/glassfish/hk2/external/aopalliance-repackaged/2.5.0/aopalliance-repackaged-2.5.0.jar:/home/user/.m2/repository/com/fasterxml/jackson/dataformat/jackson-dataformat-xml/2.10.3/jackson-dataformat-xml-2.10.3.jar:/home/user/.m2/repository/com/fasterxml/jackson/core/jackson-core/2.10.3/jackson-core-2.10.3.jar:/home/user/.m2/repository/com/fasterxml/jackson/module/jackson-module-jaxb-annotations/2.10.3/jackson-module-jaxb-annotations-2.10.3.jar:/home/user/.m2/repository/jakarta/xml/bind/jakarta.xml.bind-api/2.3.2/jakarta.xml.bind-api-2.3.2.jar:/home/user/.m2/repository/jakarta/activation/jakarta.activation-api/1.2.1/jakarta.activation-api-1.2.1.jar:/home/user/.m2/repository/org/codehaus/woodstox/stax2-api/3.1.4/stax2-api-3.1.4.jar:/home/user/.m2/repository/com/fasterxml/woodstox/woodstox-core/5.0.3/woodstox-core-5.0.3.jar:/home/user/.m2/repository/javax/enterprise/cdi-api/1.2/cdi-api-1.2.jar:/home/user/.m2/repository/javax/el/javax.el-api/3.0.0/javax.el-api-3.0.0.jar:/home/user/.m2/repository/javax/interceptor/javax.interceptor-api/1.2/javax.interceptor-api-1.2.jar:/home/user/.m2/repository/javax/inject/javax.inject/1/javax.inject-1.jar:/home/user/.m2/repository/com/sun/xml/bind/jaxb-impl/2.3.0.1/jaxb-impl-2.3.0.1.jar:/home/user/.m2/repository/com/sun/xml/bind/jaxb-core/2.3.0.1/jaxb-core-2.3.0.1.jar:/home/user/.m2/repository/javax/xml/bind/jaxb-api/2.3.0/jaxb-api-2.3.0.jar:/home/user/.m2/repository/javax/activation/activation/1.1.1/activation-1.1.1.jar:/home/user/.m2/repository/org/apache/hadoop/hadoop-ozone-csi/0.6.0-SNAPSHOT/hadoop-ozone-csi-0.6.0-SNAPSHOT.jar:/home/user/.m2/repository/com/google/protobuf/protobuf-java-util/3.11.0/protobuf-java-util-3.11.0.jar:/home/user/.m2/repository/com/google/code/gson/gson/2.2.4/gson-2.2.4.jar:/home/user/.m2/repository/org/apache/hadoop/hadoop-hdds-config/0.6.0-SNAPSHOT/hadoop-hdds-config-0.6.0-SNAPSHOT.jar:/home/user/.m2/repository/com/google/protobuf/protobuf-java/2.5.0/protobuf-java-2.5.0.jar:/home/user/.m2/repository/io/grpc/grpc-netty/1.29.0/grpc-netty-1.29.0.jar:/home/user/.m2/repository/io/grpc/grpc-core/1.29.0/grpc-core-1.29.0.jar:/home/user/.m2/repository/com/google/android/annotations/4.1.1.4/annotations-4.1.1.4.jar:/home/user/.m2/repository/io/perfmark/perfmark-api/0.19.0/perfmark-api-0.19.0.jar:/home/user/.m2/repository/io/netty/netty-codec-http2/4.1.48.Final/netty-codec-http2-4.1.48.Final.jar:/home/user/.m2/repository/io/netty/netty-codec/4.1.48.Final/netty-codec-4.1.48.Final.jar:/home/user/.m2/repository/io/netty/netty-handler/4.1.48.Final/netty-handler-4.1.48.Final.jar:/home/user/.m2/repository/io/netty/netty-codec-http/4.1.48.Final/netty-codec-http-4.1.48.Final.jar:/home/user/.m2/repository/io/netty/netty-handler-proxy/4.1.48.Final/netty-handler-proxy-4.1.48.Final.jar:/home/user/.m2/repository/io/netty/netty-codec-socks/4.1.48.Final/netty-codec-socks-4.1.48.Final.jar:/home/user/.m2/repository/io/netty/netty-transport-native-epoll/4.1.48.Final/netty-transport-native-epoll-4.1.48.Final.jar:/home/user/.m2/repository/io/netty/netty-common/4.1.48.Final/netty-common-4.1.48.Final.jar:/home/user/.m2/repository/io/netty/netty-buffer/4.1.48.Final/netty-buffer-4.1.48.Final.jar:/home/user/.m2/repository/io/netty/netty-transport/4.1.48.Final/netty-transport-4.1.48.Final.jar:/home/user/.m2/repository/io/netty/netty-resolver/4.1.48.Final/netty-resolver-4.1.48.Final.jar:/home/user/.m2/repository/io/netty/netty-transport-native-unix-common/4.1.48.Final/netty-transport-native-unix-common-4.1.48.Final.jar:/home/user/.m2/repository/io/grpc/grpc-protobuf/1.29.0/grpc-protobuf-1.29.0.jar:/home/user/.m2/repository/io/grpc/grpc-api/1.29.0/grpc-api-1.29.0.jar:/home/user/.m2/repository/io/grpc/grpc-context/1.29.0/grpc-context-1.29.0.jar:/home/user/.m2/repository/org/codehaus/mojo/animal-sniffer-annotations/1.18/animal-sniffer-annotations-1.18.jar:/home/user/.m2/repository/com/google/api/grpc/proto-google-common-protos/1.17.0/proto-google-common-protos-1.17.0.jar:/home/user/.m2/repository/io/grpc/grpc-protobuf-lite/1.29.0/grpc-protobuf-lite-1.29.0.jar:/home/user/.m2/repository/io/grpc/grpc-stub/1.29.0/grpc-stub-1.29.0.jar:/home/user/.m2/repository/org/apache/hadoop/hadoop-ozone-recon/0.6.0-SNAPSHOT/hadoop-ozone-recon-0.6.0-SNAPSHOT.jar:/home/user/.m2/repository/org/apache/hadoop/hadoop-ozone-reconcodegen/0.6.0-SNAPSHOT/hadoop-ozone-reconcodegen-0.6.0-SNAPSHOT.jar:/home/user/.m2/repository/com/google/inject/extensions/guice-multibindings/4.0/guice-multibindings-4.0.jar:/home/user/.m2/repository/com/google/inject/guice/4.0/guice-4.0.jar:/home/user/.m2/repository/aopalliance/aopalliance/1.0/aopalliance-1.0.jar:/home/user/.m2/repository/com/google/inject/extensions/guice-assistedinject/4.0/guice-assistedinject-4.0.jar:/home/user/.m2/repository/com/google/inject/extensions/guice-servlet/4.0/guice-servlet-4.0.jar:/home/user/.m2/repository/org/glassfish/jersey/containers/jersey-container-servlet/2.27/jersey-container-servlet-2.27.jar:/home/user/.m2/repository/org/glassfish/hk2/guice-bridge/2.5.0/guice-bridge-2.5.0.jar:/home/user/.m2/repository/org/glassfish/jersey/core/jersey-server/2.27/jersey-server-2.27.jar:/home/user/.m2/repository/org/glassfish/jersey/core/jersey-client/2.27/jersey-client-2.27.jar:/home/user/.m2/repository/org/glassfish/jersey/media/jersey-media-jaxb/2.27/jersey-media-jaxb-2.27.jar:/home/user/.m2/repository/javax/validation/validation-api/1.1.0.Final/validation-api-1.1.0.Final.jar:/home/user/.m2/repository/org/glassfish/jersey/media/jersey-media-json-jackson/2.27/jersey-media-json-jackson-2.27.jar:/home/user/.m2/repository/org/glassfish/jersey/ext/jersey-entity-filtering/2.27/jersey-entity-filtering-2.27.jar:/home/user/.m2/repository/org/jooq/jooq/3.11.10/jooq-3.11.10.jar:/home/user/.m2/repository/org/jooq/jooq-meta/3.11.10/jooq-meta-3.11.10.jar:/home/user/.m2/repository/org/jooq/jooq-codegen/3.11.10/jooq-codegen-3.11.10.jar:/home/user/.m2/repository/com/jolbox/bonecp/0.8.0.RELEASE/bonecp-0.8.0.RELEASE.jar:/home/user/.m2/repository/org/apache/derby/derby/10.14.2.0/derby-10.14.2.0.jar:/home/user/.m2/repository/org/xerial/sqlite-jdbc/3.25.2/sqlite-jdbc-3.25.2.jar:/home/user/.m2/repository/org/springframework/spring-jdbc/5.2.5.RELEASE/spring-jdbc-5.2.5.RELEASE.jar:/home/user/.m2/repository/org/springframework/spring-beans/5.2.5.RELEASE/spring-beans-5.2.5.RELEASE.jar:/home/user/.m2/repository/org/springframework/spring-core/5.2.5.RELEASE/spring-core-5.2.5.RELEASE.jar:/home/user/.m2/repository/org/springframework/spring-jcl/5.2.5.RELEASE/spring-jcl-5.2.5.RELEASE.jar:/home/user/.m2/repository/org/springframework/spring-tx/5.2.5.RELEASE/spring-tx-5.2.5.RELEASE.jar:/home/user/.m2/repository/org/apache/hadoop/hadoop-ozone-client/0.6.0-SNAPSHOT/hadoop-ozone-client-0.6.0-SNAPSHOT.jar:/home/user/.m2/repository/org/apache/hadoop/hadoop-ozone-filesystem/0.6.0-SNAPSHOT/hadoop-ozone-filesystem-0.6.0-SNAPSHOT.jar:/home/user/.m2/repository/org/apache/hadoop/hadoop-hdds-hadoop-dependency-client/0.6.0-SNAPSHOT/hadoop-hdds-hadoop-dependency-client-0.6.0-SNAPSHOT.jar:/home/user/.m2/repository/org/apache/hadoop/hadoop-ozone-tools/0.6.0-SNAPSHOT/hadoop-ozone-tools-0.6.0-SNAPSHOT.jar:/home/user/.m2/repository/org/apache/hadoop/hadoop-hdfs/3.2.1/hadoop-hdfs-3.2.1.jar:/home/user/.m2/repository/org/apache/ratis/ratis-tools/0.6.0-cac3336-SNAPSHOT/ratis-tools-0.6.0-cac3336-SNAPSHOT.jar:/home/user/.m2/repository/org/apache/ratis/ratis-proto/0.6.0-cac3336-SNAPSHOT/ratis-proto-0.6.0-cac3336-SNAPSHOT.jar:/home/user/.m2/repository/org/apache/ratis/ratis-common/0.6.0-cac3336-SNAPSHOT/ratis-common-0.6.0-cac3336-SNAPSHOT.jar:/home/user/.m2/repository/com/amazonaws/aws-java-sdk-core/1.11.615/aws-java-sdk-core-1.11.615.jar:/home/user/.m2/repository/org/apache/httpcomponents/httpclient/4.5.2/httpclient-4.5.2.jar:/home/user/.m2/repository/org/apache/httpcomponents/httpcore/4.4.4/httpcore-4.4.4.jar:/home/user/.m2/repository/software/amazon/ion/ion-java/1.0.2/ion-java-1.0.2.jar:/home/user/.m2/repository/com/fasterxml/jackson/dataformat/jackson-dataformat-cbor/2.10.3/jackson-dataformat-cbor-2.10.3.jar:/home/user/.m2/repository/joda-time/joda-time/2.8.1/joda-time-2.8.1.jar:/home/user/.m2/repository/com/amazonaws/aws-java-sdk-s3/1.11.615/aws-java-sdk-s3-1.11.615.jar:/home/user/.m2/repository/com/amazonaws/aws-java-sdk-kms/1.11.615/aws-java-sdk-kms-1.11.615.jar:/home/user/.m2/repository/com/amazonaws/jmespath-java/1.11.615/jmespath-java-1.11.615.jar:/home/user/.m2/repository/org/apache/hadoop/hadoop-hdds-tools/0.6.0-SNAPSHOT/hadoop-hdds-tools-0.6.0-SNAPSHOT.jar:/home/user/.m2/repository/commons-cli/commons-cli/1.2/commons-cli-1.2.jar:/home/user/.m2/repository/org/apache/commons/commons-lang3/3.7/commons-lang3-3.7.jar:/home/user/.m2/repository/org/apache/hadoop/hadoop-ozone-ozone-manager/0.6.0-SNAPSHOT/hadoop-ozone-ozone-manager-0.6.0-SNAPSHOT-tests.jar:/home/user/.m2/repository/junit/junit/4.11/junit-4.11.jar:/home/user/.m2/repository/org/hamcrest/hamcrest-core/1.3/hamcrest-core-1.3.jar:/home/user/.m2/repository/org/openjdk/jmh/jmh-core/1.19/jmh-core-1.19.jar:/home/user/.m2/repository/net/sf/jopt-simple/jopt-simple/4.6/jopt-simple-4.6.jar:/home/user/.m2/repository/org/apache/commons/commons-math3/3.1.1/commons-math3-3.1.1.jar:/home/user/.m2/repository/org/openjdk/jmh/jmh-generator-annprocess/1.19/jmh-generator-annprocess-1.19.jar:/home/user/.m2/repository/org/mockito/mockito-all/1.8.5/mockito-all-1.8.5.jar:/home/user/.m2/repository/org/apache/hadoop/hadoop-kms/3.2.1/hadoop-kms-3.2.1.jar:/home/user/.m2/repository/org/apache/hadoop/hadoop-auth/3.2.1/hadoop-auth-3.2.1.jar:/home/user/.m2/repository/com/nimbusds/nimbus-jose-jwt/7.9/nimbus-jose-jwt-7.9.jar:/home/user/.m2/repository/com/github/stephenc/jcip/jcip-annotations/1.0-1/jcip-annotations-1.0-1.jar:/home/user/.m2/repository/net/minidev/json-smart/2.3/json-smart-2.3.jar:/home/user/.m2/repository/net/minidev/accessors-smart/1.2/accessors-smart-1.2.jar:/home/user/.m2/repository/org/ow2/asm/asm/5.0.4/asm-5.0.4.jar:/home/user/.m2/repository/org/apache/zookeeper/zookeeper/3.4.13/zookeeper-3.4.13.jar:/home/user/.m2/repository/org/apache/yetus/audience-annotations/0.5.0/audience-annotations-0.5.0.jar:/home/user/.m2/repository/org/apache/curator/curator-framework/2.13.0/curator-framework-2.13.0.jar:/home/user/.m2/repository/com/sun/jersey/jersey-core/1.19/jersey-core-1.19.jar:/home/user/.m2/repository/javax/ws/rs/jsr311-api/1.1.1/jsr311-api-1.1.1.jar:/home/user/.m2/repository/com/sun/jersey/jersey-server/1.19/jersey-server-1.19.jar:/home/user/.m2/repository/javax/servlet/javax.servlet-api/3.1.0/javax.servlet-api-3.1.0.jar:/home/user/.m2/repository/org/eclipse/jetty/jetty-server/9.4.26.v20200117/jetty-server-9.4.26.v20200117.jar:/home/user/.m2/repository/org/eclipse/jetty/jetty-http/9.4.26.v20200117/jetty-http-9.4.26.v20200117.jar:/home/user/.m2/repository/org/eclipse/jetty/jetty-io/9.4.26.v20200117/jetty-io-9.4.26.v20200117.jar:/home/user/.m2/repository/org/eclipse/jetty/jetty-webapp/9.4.26.v20200117/jetty-webapp-9.4.26.v20200117.jar:/home/user/.m2/repository/org/eclipse/jetty/jetty-xml/9.4.26.v20200117/jetty-xml-9.4.26.v20200117.jar:/home/user/.m2/repository/org/eclipse/jetty/jetty-servlet/9.4.26.v20200117/jetty-servlet-9.4.26.v20200117.jar:/home/user/.m2/repository/org/eclipse/jetty/jetty-security/9.4.26.v20200117/jetty-security-9.4.26.v20200117.jar:/home/user/.m2/repository/org/apache/hadoop/hadoop-common/3.2.1/hadoop-common-3.2.1.jar:/home/user/.m2/repository/commons-net/commons-net/3.6/commons-net-3.6.jar:/home/user/.m2/repository/commons-collections/commons-collections/3.2.2/commons-collections-3.2.2.jar:/home/user/.m2/repository/com/sun/jersey/jersey-servlet/1.19/jersey-servlet-1.19.jar:/home/user/.m2/repository/com/sun/jersey/jersey-json/1.19/jersey-json-1.19.jar:/home/user/.m2/repository/org/codehaus/jettison/jettison/1.1/jettison-1.1.jar:/home/user/.m2/repository/org/codehaus/jackson/jackson-jaxrs/1.9.2/jackson-jaxrs-1.9.2.jar:/home/user/.m2/repository/org/codehaus/jackson/jackson-xc/1.9.2/jackson-xc-1.9.2.jar:/home/user/.m2/repository/commons-beanutils/commons-beanutils/1.9.4/commons-beanutils-1.9.4.jar:/home/user/.m2/repository/org/apache/commons/commons-configuration2/2.1.1/commons-configuration2-2.1.1.jar:/home/user/.m2/repository/org/apache/commons/commons-text/1.4/commons-text-1.4.jar:/home/user/.m2/repository/com/google/re2j/re2j/1.1/re2j-1.1.jar:/home/user/.m2/repository/com/jcraft/jsch/0.1.54/jsch-0.1.54.jar:/home/user/.m2/repository/org/apache/curator/curator-client/2.13.0/curator-client-2.13.0.jar:/home/user/.m2/repository/org/apache/curator/curator-recipes/2.13.0/curator-recipes-2.13.0.jar:/home/user/.m2/repository/dnsjava/dnsjava/2.1.7/dnsjava-2.1.7.jar:/home/user/.m2/repository/org/slf4j/jul-to-slf4j/1.7.25/jul-to-slf4j-1.7.25.jar:/home/user/.m2/repository/org/eclipse/jetty/jetty-util/9.4.26.v20200117/jetty-util-9.4.26.v20200117.jar:/home/user/.m2/repository/com/fasterxml/jackson/core/jackson-databind/2.10.3/jackson-databind-2.10.3.jar:/home/user/.m2/repository/org/apache/hadoop/hadoop-kms/3.2.1/hadoop-kms-3.2.1-tests.jar:/home/user/.m2/repository/org/apache/hadoop/hadoop-hdds-server-scm/0.6.0-SNAPSHOT/hadoop-hdds-server-scm-0.6.0-SNAPSHOT-tests.jar:/home/user/.m2/repository/org/apache/hadoop/hadoop-hdds-container-service/0.6.0-SNAPSHOT/hadoop-hdds-container-service-0.6.0-SNAPSHOT-tests.jar:/home/user/.m2/repository/org/apache/hadoop/hadoop-hdds-common/0.6.0-SNAPSHOT/hadoop-hdds-common-0.6.0-SNAPSHOT-tests.jar:/home/user/.m2/repository/org/yaml/snakeyaml/1.16/snakeyaml-1.16.jar:/home/user/.m2/repository/org/apache/hadoop/hadoop-hdds-hadoop-dependency-test/0.6.0-SNAPSHOT/hadoop-hdds-hadoop-dependency-test-0.6.0-SNAPSHOT.jar:/home/user/.m2/repository/org/apache/hadoop/hadoop-common/3.2.1/hadoop-common-3.2.1-tests.jar:/home/user/.m2/repository/javax/servlet/jsp/jsp-api/2.1/jsp-api-2.1.jar:/home/user/.m2/repository/org/apache/hadoop/hadoop-hdfs/3.2.1/hadoop-hdfs-3.2.1-tests.jar:/home/user/.m2/repository/org/eclipse/jetty/jetty-util-ajax/9.4.26.v20200117/jetty-util-ajax-9.4.26.v20200117.jar:/home/user/.m2/repository/commons-codec/commons-codec/1.11/commons-codec-1.11.jar:/home/user/.m2/repository/commons-daemon/commons-daemon/1.0.13/commons-daemon-1.0.13.jar:/home/user/.m2/repository/io/netty/netty/3.10.5.Final/netty-3.10.5.Final.jar:/home/user/.m2/repository/io/netty/netty-all/4.1.48.Final/netty-all-4.1.48.Final.jar:/home/user/.m2/repository/org/apache/htrace/htrace-core4/4.1.0-incubating/htrace-core4-4.1.0-incubating.jar:/home/user/.m2/repository/org/fusesource/leveldbjni/leveldbjni-all/1.8/leveldbjni-all-1.8.jar:/home/user/.m2/repository/org/apache/hadoop/hadoop-distcp/3.2.1/hadoop-distcp-3.2.1.jar:/home/user/.m2/repository/org/apache/hadoop/hadoop-mapreduce-client-jobclient/3.2.1/hadoop-mapreduce-client-jobclient-3.2.1.jar:/home/user/.m2/repository/org/apache/hadoop/hadoop-mapreduce-client-common/3.2.1/hadoop-mapreduce-client-common-3.2.1.jar:/home/user/.m2/repository/org/apache/hadoop/hadoop-yarn-common/3.2.1/hadoop-yarn-common-3.2.1.jar:/home/user/.m2/repository/org/apache/hadoop/hadoop-yarn-api/3.2.1/hadoop-yarn-api-3.2.1.jar:/home/user/.m2/repository/com/sun/jersey/jersey-client/1.19/jersey-client-1.19.jar:/home/user/.m2/repository/com/sun/jersey/contribs/jersey-guice/1.19/jersey-guice-1.19.jar:/home/user/.m2/repository/com/fasterxml/jackson/jaxrs/jackson-jaxrs-json-provider/2.10.3/jackson-jaxrs-json-provider-2.10.3.jar:/home/user/.m2/repository/com/fasterxml/jackson/jaxrs/jackson-jaxrs-base/2.10.3/jackson-jaxrs-base-2.10.3.jar:/home/user/.m2/repository/org/apache/hadoop/hadoop-yarn-client/3.2.1/hadoop-yarn-client-3.2.1.jar:/home/user/.m2/repository/org/apache/hadoop/hadoop-mapreduce-client-core/3.2.1/hadoop-mapreduce-client-core-3.2.1.jar:/home/user/.m2/repository/org/apache/avro/avro/1.7.7/avro-1.7.7.jar:/home/user/.m2/repository/org/codehaus/jackson/jackson-core-asl/1.9.13/jackson-core-asl-1.9.13.jar:/home/user/.m2/repository/org/codehaus/jackson/jackson-mapper-asl/1.9.13/jackson-mapper-asl-1.9.13.jar:/home/user/.m2/repository/com/thoughtworks/paranamer/paranamer/2.3/paranamer-2.3.jar:/home/user/.m2/repository/org/xerial/snappy/snappy-java/1.0.5/snappy-java-1.0.5.jar:/home/user/.m2/repository/org/apache/hadoop/hadoop-annotations/3.2.1/hadoop-annotations-3.2.1.jar:/usr/lib/jvm/java-1.8.0-openjdk-1.8.0.232.b09-0.el7_7.x86_64/jre/../lib/tools.jar:/home/user/.m2/repository/org/apache/hadoop/hadoop-distcp/3.2.1/hadoop-distcp-3.2.1-tests.jar:"/>
    <property name="sun.cpu.endian" value="little"/>
    <property name="user.home" value="/home/user"/>
    <property name="user.language" value="en"/>
    <property name="java.specification.vendor" value="Oracle Corporation"/>
    <property name="java.home" value="/usr/lib/jvm/java-1.8.0-openjdk-1.8.0.232.b09-0.el7_7.x86_64/jre"/>
    <property name="java.security.krb5.conf" value="/github/workspace/mnt/ozone/hadoop-ozone/integration-test/target/test-classes/krb5.conf"/>
    <property name="basedir" value="/github/workspace/mnt/ozone/hadoop-ozone/integration-test"/>
    <property name="file.separator" value="/"/>
    <property name="line.separator" value="&#10;"/>
    <property name="java.vm.specification.vendor" value="Oracle Corporation"/>
    <property name="java.specification.name" value="Java Platform API Specification"/>
    <property name="java.awt.graphicsenv" value="sun.awt.X11GraphicsEnvironment"/>
    <property name="surefire.real.class.path" value="/github/workspace/mnt/ozone/hadoop-ozone/integration-test/target/surefire/surefirebooter7147892550131564913.jar:/home/user/.m2/repository/org/jacoco/org.jacoco.agent/0.8.5/org.jacoco.agent-0.8.5-runtime.jar"/>
    <property name="hadoop.log.dir" value="/github/workspace/mnt/ozone/hadoop-ozone/integration-test/target/log"/>
    <property name="sun.boot.class.path" value="/usr/lib/jvm/java-1.8.0-openjdk-1.8.0.232.b09-0.el7_7.x86_64/jre/lib/resources.jar:/usr/lib/jvm/java-1.8.0-openjdk-1.8.0.232.b09-0.el7_7.x86_64/jre/lib/rt.jar:/usr/lib/jvm/java-1.8.0-openjdk-1.8.0.232.b09-0.el7_7.x86_64/jre/lib/sunrsasign.jar:/usr/lib/jvm/java-1.8.0-openjdk-1.8.0.232.b09-0.el7_7.x86_64/jre/lib/jsse.jar:/usr/lib/jvm/java-1.8.0-openjdk-1.8.0.232.b09-0.el7_7.x86_64/jre/lib/jce.jar:/usr/lib/jvm/java-1.8.0-openjdk-1.8.0.232.b09-0.el7_7.x86_64/jre/lib/charsets.jar:/usr/lib/jvm/java-1.8.0-openjdk-1.8.0.232.b09-0.el7_7.x86_64/jre/lib/jfr.jar:/usr/lib/jvm/java-1.8.0-openjdk-1.8.0.232.b09-0.el7_7.x86_64/jre/classes"/>
    <property name="sun.management.compiler" value="HotSpot 64-Bit Tiered Compilers"/>
    <property name="java.runtime.version" value="1.8.0_232-b09"/>
    <property name="java.net.preferIPv4Stack" value="true"/>
    <property name="user.name" value="jenkins1001"/>
    <property name="path.separator" value=":"/>
    <property name="java.security.egd" value="file:///dev/urandom"/>
    <property name="os.version" value="5.3.0-1020-azure"/>
    <property name="java.endorsed.dirs" value="/usr/lib/jvm/java-1.8.0-openjdk-1.8.0.232.b09-0.el7_7.x86_64/jre/lib/endorsed"/>
    <property name="java.runtime.name" value="OpenJDK Runtime Environment"/>
    <property name="file.encoding" value="ANSI_X3.4-1968"/>
    <property name="java.vm.name" value="OpenJDK 64-Bit Server VM"/>
    <property name="test.build.webapps" value=""/>
    <property name="localRepository" value="/home/user/.m2/repository"/>
    <property name="java.vendor.url.bug" value="http://bugreport.sun.com/bugreport/"/>
    <property name="java.io.tmpdir" value="/tmp"/>
    <property name="require.test.libhadoop" value=""/>
    <property name="java.version" value="1.8.0_232"/>
    <property name="user.dir" value="/github/workspace/mnt/ozone/hadoop-ozone/integration-test"/>
    <property name="os.arch" value="amd64"/>
    <property name="java.vm.specification.name" value="Java Virtual Machine Specification"/>
    <property name="test.build.classes" value="/github/workspace/mnt/ozone/hadoop-ozone/integration-test/target/test-classes"/>
    <property name="java.awt.printerjob" value="sun.print.PSPrinterJob"/>
    <property name="sun.os.patch.level" value="unknown"/>
    <property name="hadoop.tmp.dir" value="/github/workspace/mnt/ozone/hadoop-ozone/integration-test/target/tmp"/>
    <property name="java.library.path" value="/usr/lib:/usr/java/packages/lib/amd64:/usr/lib64:/lib64:/lib:/usr/lib"/>
    <property name="java.vm.info" value="mixed mode"/>
    <property name="java.vendor" value="Oracle Corporation"/>
    <property name="java.vm.version" value="25.232-b09"/>
    <property name="java.ext.dirs" value="/usr/lib/jvm/java-1.8.0-openjdk-1.8.0.232.b09-0.el7_7.x86_64/jre/lib/ext:/usr/java/packages/lib/ext"/>
    <property name="sun.io.unicode.encoding" value="UnicodeLittle"/>
    <property name="java.class.version" value="52.0"/>
  </properties>
  <testcase name="testReleaseBuffers" classname="org.apache.hadoop.ozone.client.rpc.TestCommitWatcher" time="38.546"/>
  <testcase name="testReleaseBuffersOnException" classname="org.apache.hadoop.ozone.client.rpc.TestCommitWatcher" time="99.397">
    <error message="org.apache.ratis.protocol.AlreadyClosedException: SlidingWindow$Client:client-FFDF29D3F7C7-&gt;RAFT is closed." type="java.util.concurrent.ExecutionException">java.util.concurrent.ExecutionException: org.apache.ratis.protocol.AlreadyClosedException: SlidingWindow$Client:client-FFDF29D3F7C7->RAFT is closed.
	at java.util.concurrent.CompletableFuture.reportGet(CompletableFuture.java:357)
	at java.util.concurrent.CompletableFuture.get(CompletableFuture.java:1908)
	at org.apache.hadoop.ozone.client.rpc.TestCommitWatcher.testReleaseBuffersOnException(TestCommitWatcher.java:293)
	at sun.reflect.NativeMethodAccessorImpl.invoke0(Native Method)
	at sun.reflect.NativeMethodAccessorImpl.invoke(NativeMethodAccessorImpl.java:62)
	at sun.reflect.DelegatingMethodAccessorImpl.invoke(DelegatingMethodAccessorImpl.java:43)
	at java.lang.reflect.Method.invoke(Method.java:498)
	at org.junit.runners.model.FrameworkMethod$1.runReflectiveCall(FrameworkMethod.java:47)
	at org.junit.internal.runners.model.ReflectiveCallable.run(ReflectiveCallable.java:12)
	at org.junit.runners.model.FrameworkMethod.invokeExplosively(FrameworkMethod.java:44)
	at org.junit.internal.runners.statements.InvokeMethod.evaluate(InvokeMethod.java:17)
	at org.junit.internal.runners.statements.RunBefores.evaluate(RunBefores.java:26)
	at org.junit.internal.runners.statements.RunAfters.evaluate(RunAfters.java:27)
	at org.junit.internal.runners.statements.FailOnTimeout$StatementThread.run(FailOnTimeout.java:74)
Caused by: org.apache.ratis.protocol.AlreadyClosedException: SlidingWindow$Client:client-FFDF29D3F7C7->RAFT is closed.
	at org.apache.ratis.util.SlidingWindow$Client.alreadyClosed(SlidingWindow.java:376)
	at org.apache.ratis.util.SlidingWindow$Client.fail(SlidingWindow.java:364)
	at org.apache.ratis.client.impl.OrderedAsync.failAllAsyncRequests(OrderedAsync.java:147)
	at org.apache.ratis.client.impl.OrderedAsync.handleAsyncRetryFailure(OrderedAsync.java:151)
	at org.apache.ratis.client.impl.OrderedAsync.lambda$sendRequest$10(OrderedAsync.java:250)
	at java.util.concurrent.CompletableFuture.uniExceptionally(CompletableFuture.java:884)
	at java.util.concurrent.CompletableFuture$UniExceptionally.tryFire(CompletableFuture.java:866)
	at java.util.concurrent.CompletableFuture.postComplete(CompletableFuture.java:488)
	at java.util.concurrent.CompletableFuture.completeExceptionally(CompletableFuture.java:1990)
	at org.apache.ratis.grpc.client.GrpcClientProtocolClient$AsyncStreamObservers.lambda$timeoutCheck$5(GrpcClientProtocolClient.java:337)
	at java.util.Optional.ifPresent(Optional.java:159)
	at org.apache.ratis.grpc.client.GrpcClientProtocolClient$AsyncStreamObservers.handleReplyFuture(GrpcClientProtocolClient.java:342)
	at org.apache.ratis.grpc.client.GrpcClientProtocolClient$AsyncStreamObservers.timeoutCheck(GrpcClientProtocolClient.java:337)
	at org.apache.ratis.grpc.client.GrpcClientProtocolClient$AsyncStreamObservers.lambda$onNext$3(GrpcClientProtocolClient.java:330)
	at org.apache.ratis.util.TimeoutScheduler.lambda$onTimeout$0(TimeoutScheduler.java:141)
	at org.apache.ratis.util.TimeoutScheduler.lambda$onTimeout$1(TimeoutScheduler.java:155)
	at org.apache.ratis.util.LogUtils.runAndLog(LogUtils.java:38)
	at org.apache.ratis.util.LogUtils$1.run(LogUtils.java:79)
	at java.util.concurrent.Executors$RunnableAdapter.call(Executors.java:511)
	at java.util.concurrent.FutureTask.run(FutureTask.java:266)
	at java.util.concurrent.ScheduledThreadPoolExecutor$ScheduledFutureTask.access$201(ScheduledThreadPoolExecutor.java:180)
	at java.util.concurrent.ScheduledThreadPoolExecutor$ScheduledFutureTask.run(ScheduledThreadPoolExecutor.java:293)
	at java.util.concurrent.ThreadPoolExecutor.runWorker(ThreadPoolExecutor.java:1149)
	at java.util.concurrent.ThreadPoolExecutor$Worker.run(ThreadPoolExecutor.java:624)
	at java.lang.Thread.run(Thread.java:748)
Caused by: org.apache.ratis.protocol.RaftRetryFailureException: Failed RaftClientRequest:client-FFDF29D3F7C7->6ec6622b-874a-4105-ad29-8c51f142f239@group-18E1D5714A48, cid=22, seq=2*, RW, cmdType: WriteChunk
traceID: ""
containerID: 1
datanodeUuid: "6ec6622b-874a-4105-ad29-8c51f142f239"
writeChunk {
  blockID {
    containerID: 1
    localID: 1591197492379
    blockCommitSequenceId: 0
  }
  chunkData {
    chunkName: "1591197492379.data.0"
    offset: 0
    len: 1048576
    checksumData {
      type: CRC32
      bytesPerChecksum: 1048576
      checksums: "\036/s\253"
    }
  }
}
, data.size=1048576 for 15 attempts with RetryLimited(maxAttempts=15, sleepTime=1000ms)
	at org.apache.ratis.client.impl.RaftClientImpl.noMoreRetries(RaftClientImpl.java:330)
	... 22 more
Caused by: org.apache.ratis.protocol.TimeoutIOException: Request #22 timeout 3s
	... 16 more
</error>
    <system-out><![CDATA[2020-06-03 15:17:59,491 [Thread-353] WARN  server.ServerUtils (ServerUtils.java:getScmDbDir(148)) - ozone.scm.db.dirs is not configured. We recommend adding this setting. Falling back to ozone.metadata.dirs instead.
2020-06-03 15:17:59,494 [Thread-353] WARN  server.ServerUtils (ServerUtils.java:getScmDbDir(148)) - ozone.scm.db.dirs is not configured. We recommend adding this setting. Falling back to ozone.metadata.dirs instead.
2020-06-03 15:17:59,494 [Thread-353] WARN  db.DBStoreBuilder (DBStoreBuilder.java:createDBStoreBuilder(277)) - ozone.scm.db.dirs is not configured. We recommend adding this setting. Falling back to ozone.metadata.dirs instead.
2020-06-03 15:17:59,523 [Thread-353] INFO  net.NodeSchemaLoader (NodeSchemaLoader.java:loadSchemaFromFile(126)) - Loading file from sun.misc.CompoundEnumeration@38a3867d
2020-06-03 15:17:59,523 [Thread-353] INFO  net.NodeSchemaLoader (NodeSchemaLoader.java:loadSchema(172)) - Loading network topology layer schema file
2020-06-03 15:17:59,527 [Thread-353] WARN  server.ServerUtils (ServerUtils.java:sanitizeUserArgs(73)) - ozone.scm.stale.node.interval value = 1000000 is larger than max = 100000 based on the key value of ozone.scm.heartbeat.thread.interval, reset to the max value 100000.
2020-06-03 15:17:59,527 [Thread-353] WARN  server.ServerUtils (ServerUtils.java:sanitizeUserArgs(73)) - ozone.scm.stale.node.interval value = 1000000 is larger than max = 100000 based on the key value of ozone.scm.heartbeat.thread.interval, reset to the max value 100000.
2020-06-03 15:17:59,528 [Thread-353] INFO  node.SCMNodeManager (SCMNodeManager.java:<init>(116)) - Entering startup safe mode.
2020-06-03 15:17:59,528 [Thread-353] INFO  algorithms.ContainerPlacementPolicyFactory (ContainerPlacementPolicyFactory.java:getPolicy(60)) - Create container placement policy of type org.apache.hadoop.hdds.scm.container.placement.algorithms.SCMContainerPlacementRandom
2020-06-03 15:17:59,528 [Thread-353] INFO  pipeline.SCMPipelineManager (SCMPipelineManager.java:initializePipelineState(158)) - No pipeline exists in current db
2020-06-03 15:17:59,530 [Thread-353] INFO  safemode.HealthyPipelineSafeModeRule (HealthyPipelineSafeModeRule.java:<init>(89)) - Total pipeline count is 0, healthy pipeline threshold count is 0
2020-06-03 15:17:59,530 [Thread-353] INFO  safemode.OneReplicaPipelineSafeModeRule (OneReplicaPipelineSafeModeRule.java:<init>(79)) - Total pipeline count is 0, pipeline's with at least one datanode reported threshold count is 0
2020-06-03 15:17:59,532 [RatisPipelineUtilsThread] ERROR pipeline.SCMPipelineManager (SCMPipelineManager.java:createPipeline(222)) - Failed to create pipeline of type RATIS and factor ONE. Exception: Cannot create pipeline of factor 1 using 0 nodes. Used 0 nodes. Healthy nodes 0
2020-06-03 15:17:59,532 [Thread-353] INFO  ipc.CallQueueManager (CallQueueManager.java:<init>(84)) - Using callQueue: class java.util.concurrent.LinkedBlockingQueue, queueCapacity: 2000, scheduler: class org.apache.hadoop.ipc.DefaultRpcScheduler, ipcBackoff: false.
2020-06-03 15:17:59,533 [Socket Reader #1 for port 0] INFO  ipc.Server (Server.java:run(1219)) - Starting Socket Reader #1 for port 0
2020-06-03 15:17:59,534 [Listener at 0.0.0.0/41757] INFO  ipc.CallQueueManager (CallQueueManager.java:<init>(84)) - Using callQueue: class java.util.concurrent.LinkedBlockingQueue, queueCapacity: 2000, scheduler: class org.apache.hadoop.ipc.DefaultRpcScheduler, ipcBackoff: false.
2020-06-03 15:17:59,535 [Socket Reader #1 for port 0] INFO  ipc.Server (Server.java:run(1219)) - Starting Socket Reader #1 for port 0
2020-06-03 15:17:59,535 [Listener at 0.0.0.0/44597] INFO  ipc.CallQueueManager (CallQueueManager.java:<init>(84)) - Using callQueue: class java.util.concurrent.LinkedBlockingQueue, queueCapacity: 2000, scheduler: class org.apache.hadoop.ipc.DefaultRpcScheduler, ipcBackoff: false.
2020-06-03 15:17:59,540 [Socket Reader #1 for port 0] INFO  ipc.Server (Server.java:run(1219)) - Starting Socket Reader #1 for port 0
2020-06-03 15:17:59,544 [Listener at 0.0.0.0/42369] INFO  http.BaseHttpServer (BaseHttpServer.java:newHttpServer2BuilderForOzone(205)) - Starting Web-server for scm at: http://0.0.0.0:0
2020-06-03 15:17:59,545 [Listener at 0.0.0.0/42369] INFO  http.BaseHttpServer (BaseHttpServer.java:<init>(106)) - Hadoop Security Enabled: false Ozone Security Enabled: false Ozone HTTP Security Enabled: false 
2020-06-03 15:17:59,546 [Listener at 0.0.0.0/42369] INFO  server.AuthenticationFilter (AuthenticationFilter.java:constructSecretProvider(240)) - Unable to initialize FileSignerSecretProvider, falling back to use random secrets.
2020-06-03 15:17:59,546 [Listener at 0.0.0.0/42369] WARN  http.HttpRequestLog (HttpRequestLog.java:getRequestLog(103)) - Jetty request log can only be enabled using Log4j
2020-06-03 15:17:59,547 [Listener at 0.0.0.0/42369] INFO  http.HttpServer2 (HttpServer2.java:addGlobalFilter(993)) - Added global filter 'safety' (class=org.apache.hadoop.hdds.server.http.HttpServer2$QuotingInputFilter)
2020-06-03 15:17:59,548 [Listener at 0.0.0.0/42369] INFO  http.HttpServer2 (HttpServer2.java:addFilter(969)) - Added filter authentication (class=org.apache.hadoop.security.authentication.server.AuthenticationFilter) to context scm
2020-06-03 15:17:59,548 [Listener at 0.0.0.0/42369] INFO  http.HttpServer2 (HttpServer2.java:addFilter(977)) - Added filter authentication (class=org.apache.hadoop.security.authentication.server.AuthenticationFilter) to context static
2020-06-03 15:17:59,548 [Listener at 0.0.0.0/42369] INFO  http.HttpServer2 (HttpServer2.java:addFilter(977)) - Added filter authentication (class=org.apache.hadoop.security.authentication.server.AuthenticationFilter) to context logs
2020-06-03 15:17:59,550 [Listener at 0.0.0.0/42369] INFO  server.StorageContainerManager (StorageContainerManager.java:start(780)) - StorageContainerLocationProtocol RPC server is listening at /0.0.0.0:42369
2020-06-03 15:17:59,551 [Listener at 0.0.0.0/42369] WARN  impl.MetricsConfig (MetricsConfig.java:loadFirst(134)) - Cannot locate configuration: tried hadoop-metrics2-storagecontainermanager.properties,hadoop-metrics2.properties
2020-06-03 15:17:59,552 [Listener at 0.0.0.0/42369] INFO  impl.MetricsSystemImpl (MetricsSystemImpl.java:startTimer(374)) - Scheduled Metric snapshot period at 10 second(s).
2020-06-03 15:17:59,552 [Listener at 0.0.0.0/42369] INFO  impl.MetricsSystemImpl (MetricsSystemImpl.java:start(191)) - StorageContainerManager metrics system started
2020-06-03 15:17:59,561 [Listener at 0.0.0.0/42369] WARN  impl.MetricsSystemImpl (MetricsSystemImpl.java:register(276)) - Sink prometheus already exists!
2020-06-03 15:17:59,568 [Listener at 0.0.0.0/42369] INFO  server.SCMClientProtocolServer (SCMClientProtocolServer.java:start(157)) - RPC server for Client  is listening at /0.0.0.0:42369
2020-06-03 15:17:59,568 [IPC Server Responder] INFO  ipc.Server (Server.java:run(1460)) - IPC Server Responder: starting
2020-06-03 15:17:59,568 [IPC Server listener on 0] INFO  ipc.Server (Server.java:run(1298)) - IPC Server listener on 0: starting
2020-06-03 15:17:59,579 [Listener at 0.0.0.0/42369] INFO  server.StorageContainerManager (StorageContainerManager.java:start(792)) - ScmBlockLocationProtocol RPC server is listening at /0.0.0.0:44597
2020-06-03 15:17:59,579 [Listener at 0.0.0.0/42369] INFO  server.SCMBlockProtocolServer (SCMBlockProtocolServer.java:start(149)) - RPC server for Block Protocol is listening at /0.0.0.0:44597
2020-06-03 15:17:59,580 [IPC Server Responder] INFO  ipc.Server (Server.java:run(1460)) - IPC Server Responder: starting
2020-06-03 15:17:59,580 [IPC Server listener on 0] INFO  ipc.Server (Server.java:run(1298)) - IPC Server listener on 0: starting
2020-06-03 15:17:59,589 [Listener at 0.0.0.0/42369] INFO  server.StorageContainerManager (StorageContainerManager.java:start(798)) - ScmDatanodeProtocl RPC server is listening at /0.0.0.0:41757
2020-06-03 15:17:59,589 [Listener at 0.0.0.0/42369] INFO  server.SCMDatanodeProtocolServer (SCMDatanodeProtocolServer.java:start(172)) - RPC server for DataNodes is listening at /0.0.0.0:41757
2020-06-03 15:17:59,589 [IPC Server Responder] INFO  ipc.Server (Server.java:run(1460)) - IPC Server Responder: starting
2020-06-03 15:17:59,590 [IPC Server listener on 0] INFO  ipc.Server (Server.java:run(1298)) - IPC Server listener on 0: starting
2020-06-03 15:17:59,600 [Listener at 0.0.0.0/42369] INFO  http.HttpServer2 (HttpServer2.java:bindListener(1211)) - Jetty bound to port 41189
2020-06-03 15:17:59,600 [Listener at 0.0.0.0/42369] INFO  server.Server (Server.java:doStart(359)) - jetty-9.4.26.v20200117; built: 2020-01-17T12:35:33.676Z; git: 7b38981d25d14afb4a12ff1f2596756144edf695; jvm 1.8.0_232-b09
2020-06-03 15:17:59,602 [Listener at 0.0.0.0/42369] INFO  server.session (DefaultSessionIdManager.java:doStart(333)) - DefaultSessionIdManager workerName=node0
2020-06-03 15:17:59,602 [Listener at 0.0.0.0/42369] INFO  server.session (DefaultSessionIdManager.java:doStart(338)) - No SessionScavenger set, using defaults
2020-06-03 15:17:59,602 [Listener at 0.0.0.0/42369] INFO  server.session (HouseKeeper.java:startScavenging(140)) - node0 Scavenging every 660000ms
2020-06-03 15:17:59,603 [Listener at 0.0.0.0/42369] INFO  server.AuthenticationFilter (AuthenticationFilter.java:constructSecretProvider(240)) - Unable to initialize FileSignerSecretProvider, falling back to use random secrets.
2020-06-03 15:17:59,603 [Listener at 0.0.0.0/42369] INFO  handler.ContextHandler (ContextHandler.java:doStart(825)) - Started o.e.j.s.ServletContextHandler@42959be8{logs,/logs,file:///github/workspace/mnt/ozone/hadoop-ozone/integration-test/target/log,AVAILABLE}
2020-06-03 15:17:59,604 [Listener at 0.0.0.0/42369] INFO  handler.ContextHandler (ContextHandler.java:doStart(825)) - Started o.e.j.s.ServletContextHandler@23ba2e81{static,/static,file:///github/workspace/mnt/ozone/hadoop-ozone/integration-test/target/test-classes/webapps/static,AVAILABLE}
2020-06-03 15:17:59,607 [Listener at 0.0.0.0/42369] INFO  handler.ContextHandler (ContextHandler.java:doStart(825)) - Started o.e.j.w.WebAppContext@19aec38a{scm,/,file:///github/workspace/mnt/ozone/hadoop-ozone/integration-test/target/test-classes/webapps/scm/,AVAILABLE}{file:/github/workspace/mnt/ozone/hadoop-ozone/integration-test/target/test-classes/webapps/scm}
2020-06-03 15:17:59,607 [Listener at 0.0.0.0/42369] INFO  server.AbstractConnector (AbstractConnector.java:doStart(330)) - Started ServerConnector@47151f33{HTTP/1.1,[http/1.1]}{0.0.0.0:41189}
2020-06-03 15:17:59,608 [Listener at 0.0.0.0/42369] INFO  server.Server (Server.java:doStart(399)) - Started @39530ms
2020-06-03 15:17:59,608 [Listener at 0.0.0.0/42369] WARN  impl.MetricsSystemImpl (MetricsSystemImpl.java:register(276)) - Sink prometheus already exists!
2020-06-03 15:17:59,611 [Listener at 0.0.0.0/42369] INFO  http.BaseHttpServer (BaseHttpServer.java:updateConnectorAddress(325)) - HTTP server of scm listening at http://0.0.0.0:41189
2020-06-03 15:17:59,614 [Listener at 0.0.0.0/42369] WARN  server.ServerUtils (ServerUtils.java:getDBPath(225)) - ozone.om.db.dirs is not configured. We recommend adding this setting. Falling back to ozone.metadata.dirs instead.
2020-06-03 15:17:59,615 [org.apache.hadoop.util.JvmPauseMonitor$Monitor@795d29b8] INFO  util.JvmPauseMonitor (JvmPauseMonitor.java:run(188)) - Starting JVM pause monitor
2020-06-03 15:17:59,615 [Listener at 0.0.0.0/42369] INFO  ha.OMHANodeDetails (OMHANodeDetails.java:loadOMHAConfig(104)) - ozone.om.internal.service.id is not defined, falling back to ozone.om.service.ids to find serviceID for OzoneManager if it is HA enabled cluster
2020-06-03 15:17:59,616 [Listener at 0.0.0.0/42369] INFO  ha.OMHANodeDetails (OMHANodeDetails.java:loadOMHAConfig(207)) - Configuration either no ozone.om.address set. Falling back to the default OM address /127.0.0.1:0
2020-06-03 15:17:59,616 [Listener at 0.0.0.0/42369] INFO  ha.OMHANodeDetails (OMHANodeDetails.java:getOMNodeDetails(237)) - OM Service ID is not set. Setting it to the default ID: omServiceIdDefault
2020-06-03 15:17:59,616 [Listener at 0.0.0.0/42369] WARN  server.ServerUtils (ServerUtils.java:getDBPath(225)) - ozone.om.db.dirs is not configured. We recommend adding this setting. Falling back to ozone.metadata.dirs instead.
2020-06-03 15:17:59,616 [Listener at 0.0.0.0/42369] WARN  server.ServerUtils (ServerUtils.java:getDBPath(225)) - ozone.om.db.dirs is not configured. We recommend adding this setting. Falling back to ozone.metadata.dirs instead.
2020-06-03 15:17:59,620 [Listener at 0.0.0.0/42369] WARN  server.ServerUtils (ServerUtils.java:getDBPath(225)) - ozone.om.db.dirs is not configured. We recommend adding this setting. Falling back to ozone.metadata.dirs instead.
2020-06-03 15:17:59,678 [Listener at 0.0.0.0/42369] INFO  ipc.CallQueueManager (CallQueueManager.java:<init>(84)) - Using callQueue: class java.util.concurrent.LinkedBlockingQueue, queueCapacity: 2000, scheduler: class org.apache.hadoop.ipc.DefaultRpcScheduler, ipcBackoff: false.
2020-06-03 15:17:59,683 [Socket Reader #1 for port 0] INFO  ipc.Server (Server.java:run(1219)) - Starting Socket Reader #1 for port 0
2020-06-03 15:17:59,700 [Listener at 127.0.0.1/39701] INFO  impl.MetricsSystemImpl (MetricsSystemImpl.java:init(158)) - OzoneManager metrics system started (again)
2020-06-03 15:17:59,700 [Listener at 127.0.0.1/39701] INFO  om.OzoneManager (OzoneManager.java:start(1096)) - OzoneManager RPC server is listening at localhost/127.0.0.1:39701
2020-06-03 15:17:59,701 [IPC Server Responder] INFO  ipc.Server (Server.java:run(1460)) - IPC Server Responder: starting
2020-06-03 15:17:59,706 [IPC Server listener on 0] INFO  ipc.Server (Server.java:run(1298)) - IPC Server listener on 0: starting
2020-06-03 15:17:59,715 [Listener at 127.0.0.1/39701] INFO  http.BaseHttpServer (BaseHttpServer.java:newHttpServer2BuilderForOzone(205)) - Starting Web-server for ozoneManager at: http://0.0.0.0:0
2020-06-03 15:17:59,715 [Listener at 127.0.0.1/39701] INFO  http.BaseHttpServer (BaseHttpServer.java:<init>(106)) - Hadoop Security Enabled: false Ozone Security Enabled: false Ozone HTTP Security Enabled: false 
2020-06-03 15:17:59,716 [Listener at 127.0.0.1/39701] INFO  server.AuthenticationFilter (AuthenticationFilter.java:constructSecretProvider(240)) - Unable to initialize FileSignerSecretProvider, falling back to use random secrets.
2020-06-03 15:17:59,717 [Listener at 127.0.0.1/39701] WARN  http.HttpRequestLog (HttpRequestLog.java:getRequestLog(103)) - Jetty request log can only be enabled using Log4j
2020-06-03 15:17:59,718 [Listener at 127.0.0.1/39701] INFO  http.HttpServer2 (HttpServer2.java:addGlobalFilter(993)) - Added global filter 'safety' (class=org.apache.hadoop.hdds.server.http.HttpServer2$QuotingInputFilter)
2020-06-03 15:17:59,719 [Listener at 127.0.0.1/39701] INFO  http.HttpServer2 (HttpServer2.java:addFilter(969)) - Added filter authentication (class=org.apache.hadoop.security.authentication.server.AuthenticationFilter) to context ozoneManager
2020-06-03 15:17:59,719 [Listener at 127.0.0.1/39701] INFO  http.HttpServer2 (HttpServer2.java:addFilter(977)) - Added filter authentication (class=org.apache.hadoop.security.authentication.server.AuthenticationFilter) to context static
2020-06-03 15:17:59,719 [Listener at 127.0.0.1/39701] INFO  http.HttpServer2 (HttpServer2.java:addFilter(977)) - Added filter authentication (class=org.apache.hadoop.security.authentication.server.AuthenticationFilter) to context logs
2020-06-03 15:17:59,720 [Listener at 127.0.0.1/39701] INFO  http.HttpServer2 (HttpServer2.java:bindListener(1211)) - Jetty bound to port 45203
2020-06-03 15:17:59,720 [Listener at 127.0.0.1/39701] INFO  server.Server (Server.java:doStart(359)) - jetty-9.4.26.v20200117; built: 2020-01-17T12:35:33.676Z; git: 7b38981d25d14afb4a12ff1f2596756144edf695; jvm 1.8.0_232-b09
2020-06-03 15:17:59,722 [Listener at 127.0.0.1/39701] INFO  server.session (DefaultSessionIdManager.java:doStart(333)) - DefaultSessionIdManager workerName=node0
2020-06-03 15:17:59,722 [Listener at 127.0.0.1/39701] INFO  server.session (DefaultSessionIdManager.java:doStart(338)) - No SessionScavenger set, using defaults
2020-06-03 15:17:59,722 [Listener at 127.0.0.1/39701] INFO  server.session (HouseKeeper.java:startScavenging(140)) - node0 Scavenging every 660000ms
2020-06-03 15:17:59,723 [Listener at 127.0.0.1/39701] INFO  server.AuthenticationFilter (AuthenticationFilter.java:constructSecretProvider(240)) - Unable to initialize FileSignerSecretProvider, falling back to use random secrets.
2020-06-03 15:17:59,723 [Listener at 127.0.0.1/39701] INFO  handler.ContextHandler (ContextHandler.java:doStart(825)) - Started o.e.j.s.ServletContextHandler@22a0afaf{logs,/logs,file:///github/workspace/mnt/ozone/hadoop-ozone/integration-test/target/log,AVAILABLE}
2020-06-03 15:17:59,724 [Listener at 127.0.0.1/39701] INFO  handler.ContextHandler (ContextHandler.java:doStart(825)) - Started o.e.j.s.ServletContextHandler@74093a4d{static,/static,file:///github/workspace/mnt/ozone/hadoop-ozone/integration-test/target/test-classes/webapps/static,AVAILABLE}
2020-06-03 15:17:59,727 [Listener at 127.0.0.1/39701] INFO  handler.ContextHandler (ContextHandler.java:doStart(825)) - Started o.e.j.w.WebAppContext@1b53aa20{ozoneManager,/,file:///github/workspace/mnt/ozone/hadoop-ozone/integration-test/target/test-classes/webapps/ozoneManager/,AVAILABLE}{file:/github/workspace/mnt/ozone/hadoop-ozone/integration-test/target/test-classes/webapps/ozoneManager}
2020-06-03 15:17:59,728 [Listener at 127.0.0.1/39701] INFO  server.AbstractConnector (AbstractConnector.java:doStart(330)) - Started ServerConnector@14495c42{HTTP/1.1,[http/1.1]}{0.0.0.0:45203}
2020-06-03 15:17:59,728 [Listener at 127.0.0.1/39701] INFO  server.Server (Server.java:doStart(399)) - Started @39650ms
2020-06-03 15:17:59,728 [Listener at 127.0.0.1/39701] WARN  impl.MetricsSystemImpl (MetricsSystemImpl.java:register(276)) - Sink prometheus already exists!
2020-06-03 15:17:59,730 [Listener at 127.0.0.1/39701] INFO  http.BaseHttpServer (BaseHttpServer.java:updateConnectorAddress(325)) - HTTP server of ozoneManager listening at http://0.0.0.0:45203
2020-06-03 15:17:59,740 [org.apache.hadoop.util.JvmPauseMonitor$Monitor@2745dcd1] INFO  util.JvmPauseMonitor (JvmPauseMonitor.java:run(188)) - Starting JVM pause monitor
2020-06-03 15:17:59,746 [Listener at 127.0.0.1/39701] INFO  impl.MetricsSystemImpl (MetricsSystemImpl.java:init(158)) - HddsDatanode metrics system started (again)
2020-06-03 15:17:59,747 [Listener at 127.0.0.1/39701] INFO  ozone.HddsDatanodeService (HddsDatanodeService.java:start(205)) - HddsDatanodeService host:6feb74794fe2 ip:172.17.0.2
2020-06-03 15:17:59,754 [Listener at 127.0.0.1/39701] INFO  volume.HddsVolume (HddsVolume.java:<init>(176)) - Creating Volume: /github/workspace/mnt/ozone/hadoop-ozone/integration-test/target/test-dir/MiniOzoneClusterImpl-93e83c9e-276a-4dbb-b3a7-721354e8147f/datanode-0/data-0/containers/hdds of storage type : DISK and capacity : 9223372036854775807
2020-06-03 15:17:59,755 [Listener at 127.0.0.1/39701] INFO  volume.MutableVolumeSet (MutableVolumeSet.java:initializeVolumeSet(181)) - Added Volume : /github/workspace/mnt/ozone/hadoop-ozone/integration-test/target/test-dir/MiniOzoneClusterImpl-93e83c9e-276a-4dbb-b3a7-721354e8147f/datanode-0/data-0/containers/hdds to VolumeSet
2020-06-03 15:17:59,755 [Listener at 127.0.0.1/39701] INFO  volume.ThrottledAsyncChecker (ThrottledAsyncChecker.java:schedule(141)) - Scheduling a check for /github/workspace/mnt/ozone/hadoop-ozone/integration-test/target/test-dir/MiniOzoneClusterImpl-93e83c9e-276a-4dbb-b3a7-721354e8147f/datanode-0/data-0/containers/hdds
2020-06-03 15:17:59,755 [Listener at 127.0.0.1/39701] INFO  volume.HddsVolumeChecker (HddsVolumeChecker.java:checkAllVolumes(200)) - Scheduled health check for volume /github/workspace/mnt/ozone/hadoop-ozone/integration-test/target/test-dir/MiniOzoneClusterImpl-93e83c9e-276a-4dbb-b3a7-721354e8147f/datanode-0/data-0/containers/hdds
2020-06-03 15:17:59,775 [Listener at 127.0.0.1/39701] INFO  impl.RaftServerProxy (ConfUtils.java:logGet(44)) - raft.rpc.type = GRPC (default)
2020-06-03 15:17:59,775 [Listener at 127.0.0.1/39701] INFO  grpc.GrpcFactory (GrpcFactory.java:checkPooledByteBufAllocatorUseCacheForAllThreads(45)) - PERFORMANCE WARNING: useCacheForAllThreads is true that may cause Netty to create a lot garbage objects and, as a result, trigger GC.
	It is recommended to disable useCacheForAllThreads by setting -Dorg.apache.ratis.thirdparty.io.netty.allocator.useCacheForAllThreads=false in command line.
2020-06-03 15:17:59,775 [Listener at 127.0.0.1/39701] INFO  grpc.GrpcConfigKeys (ConfUtils.java:logGet(44)) - raft.grpc.server.port = 0 (default)
2020-06-03 15:17:59,775 [Listener at 127.0.0.1/39701] INFO  server.GrpcService (ConfUtils.java:logGet(44)) - raft.grpc.message.size.max = 32MB (=33554432) (custom)
2020-06-03 15:17:59,775 [Listener at 127.0.0.1/39701] INFO  server.RaftServerConfigKeys (ConfUtils.java:logGet(44)) - raft.server.log.appender.buffer.byte-limit = 33554432 (custom)
2020-06-03 15:17:59,775 [Listener at 127.0.0.1/39701] INFO  server.GrpcService (ConfUtils.java:logGet(44)) - raft.grpc.flow.control.window = 5MB (=5242880) (custom)
2020-06-03 15:17:59,775 [Listener at 127.0.0.1/39701] INFO  server.RaftServerConfigKeys (ConfUtils.java:logGet(44)) - raft.server.rpc.request.timeout = 3s (default)
2020-06-03 15:17:59,776 [Listener at 127.0.0.1/39701] INFO  server.RaftServerConfigKeys (ConfUtils.java:logGet(44)) - raft.server.storage.dir = [/github/workspace/mnt/ozone/hadoop-ozone/integration-test/target/test-dir/MiniOzoneClusterImpl-93e83c9e-276a-4dbb-b3a7-721354e8147f/datanode-0/data/ratis] (custom)
2020-06-03 15:17:59,794 [Listener at 127.0.0.1/39701] INFO  http.BaseHttpServer (BaseHttpServer.java:newHttpServer2BuilderForOzone(205)) - Starting Web-server for hddsDatanode at: http://0.0.0.0:0
2020-06-03 15:17:59,795 [Listener at 127.0.0.1/39701] INFO  http.BaseHttpServer (BaseHttpServer.java:<init>(106)) - Hadoop Security Enabled: false Ozone Security Enabled: false Ozone HTTP Security Enabled: false 
2020-06-03 15:17:59,796 [Listener at 127.0.0.1/39701] INFO  server.AuthenticationFilter (AuthenticationFilter.java:constructSecretProvider(240)) - Unable to initialize FileSignerSecretProvider, falling back to use random secrets.
2020-06-03 15:17:59,797 [Listener at 127.0.0.1/39701] WARN  http.HttpRequestLog (HttpRequestLog.java:getRequestLog(103)) - Jetty request log can only be enabled using Log4j
2020-06-03 15:17:59,798 [Listener at 127.0.0.1/39701] INFO  http.HttpServer2 (HttpServer2.java:addGlobalFilter(993)) - Added global filter 'safety' (class=org.apache.hadoop.hdds.server.http.HttpServer2$QuotingInputFilter)
2020-06-03 15:17:59,799 [Listener at 127.0.0.1/39701] INFO  http.HttpServer2 (HttpServer2.java:addFilter(969)) - Added filter authentication (class=org.apache.hadoop.security.authentication.server.AuthenticationFilter) to context hddsDatanode
2020-06-03 15:17:59,800 [Listener at 127.0.0.1/39701] INFO  http.HttpServer2 (HttpServer2.java:addFilter(977)) - Added filter authentication (class=org.apache.hadoop.security.authentication.server.AuthenticationFilter) to context logs
2020-06-03 15:17:59,800 [Listener at 127.0.0.1/39701] INFO  http.HttpServer2 (HttpServer2.java:addFilter(977)) - Added filter authentication (class=org.apache.hadoop.security.authentication.server.AuthenticationFilter) to context static
2020-06-03 15:17:59,801 [Listener at 127.0.0.1/39701] INFO  http.HttpServer2 (HttpServer2.java:bindListener(1211)) - Jetty bound to port 35235
2020-06-03 15:17:59,802 [Listener at 127.0.0.1/39701] INFO  server.Server (Server.java:doStart(359)) - jetty-9.4.26.v20200117; built: 2020-01-17T12:35:33.676Z; git: 7b38981d25d14afb4a12ff1f2596756144edf695; jvm 1.8.0_232-b09
2020-06-03 15:17:59,803 [Listener at 127.0.0.1/39701] INFO  server.session (DefaultSessionIdManager.java:doStart(333)) - DefaultSessionIdManager workerName=node0
2020-06-03 15:17:59,803 [Listener at 127.0.0.1/39701] INFO  server.session (DefaultSessionIdManager.java:doStart(338)) - No SessionScavenger set, using defaults
2020-06-03 15:17:59,803 [Listener at 127.0.0.1/39701] INFO  server.session (HouseKeeper.java:startScavenging(140)) - node0 Scavenging every 600000ms
2020-06-03 15:17:59,804 [Listener at 127.0.0.1/39701] INFO  server.AuthenticationFilter (AuthenticationFilter.java:constructSecretProvider(240)) - Unable to initialize FileSignerSecretProvider, falling back to use random secrets.
2020-06-03 15:17:59,805 [Listener at 127.0.0.1/39701] INFO  handler.ContextHandler (ContextHandler.java:doStart(825)) - Started o.e.j.s.ServletContextHandler@38e56197{logs,/logs,file:///github/workspace/mnt/ozone/hadoop-ozone/integration-test/target/log,AVAILABLE}
2020-06-03 15:17:59,805 [Listener at 127.0.0.1/39701] INFO  handler.ContextHandler (ContextHandler.java:doStart(825)) - Started o.e.j.s.ServletContextHandler@2fb8936b{static,/static,jar:file:/home/user/.m2/repository/org/apache/hadoop/hadoop-hdds-container-service/0.6.0-SNAPSHOT/hadoop-hdds-container-service-0.6.0-SNAPSHOT.jar!/webapps/static,AVAILABLE}
2020-06-03 15:17:59,834 [Listener at 127.0.0.1/39701] INFO  handler.ContextHandler (ContextHandler.java:doStart(825)) - Started o.e.j.w.WebAppContext@2b3f8802{hddsDatanode,/,file:///tmp/jetty-0_0_0_0-35235-hadoop-hdds-container-service-0_6_0-SNAPSHOT_jar-_-any-379424019905884359.dir/webapp/,AVAILABLE}{jar:file:/home/user/.m2/repository/org/apache/hadoop/hadoop-hdds-container-service/0.6.0-SNAPSHOT/hadoop-hdds-container-service-0.6.0-SNAPSHOT.jar!/webapps/hddsDatanode}
2020-06-03 15:17:59,836 [Listener at 127.0.0.1/39701] INFO  server.AbstractConnector (AbstractConnector.java:doStart(330)) - Started ServerConnector@2148bdab{HTTP/1.1,[http/1.1]}{0.0.0.0:35235}
2020-06-03 15:17:59,836 [Listener at 127.0.0.1/39701] INFO  server.Server (Server.java:doStart(399)) - Started @39758ms
2020-06-03 15:17:59,836 [Listener at 127.0.0.1/39701] WARN  impl.MetricsSystemImpl (MetricsSystemImpl.java:register(276)) - Sink prometheus already exists!
2020-06-03 15:17:59,839 [Listener at 127.0.0.1/39701] INFO  http.BaseHttpServer (BaseHttpServer.java:updateConnectorAddress(325)) - HTTP server of hddsDatanode listening at http://0.0.0.0:35235
2020-06-03 15:17:59,839 [Listener at 127.0.0.1/39701] INFO  impl.MetricsSystemImpl (MetricsSystemImpl.java:init(158)) - HddsDatanode metrics system started (again)
2020-06-03 15:17:59,840 [Listener at 127.0.0.1/39701] INFO  ozone.HddsDatanodeService (HddsDatanodeService.java:start(205)) - HddsDatanodeService host:6feb74794fe2 ip:172.17.0.2
2020-06-03 15:17:59,843 [Listener at 127.0.0.1/39701] INFO  volume.HddsVolume (HddsVolume.java:<init>(176)) - Creating Volume: /github/workspace/mnt/ozone/hadoop-ozone/integration-test/target/test-dir/MiniOzoneClusterImpl-93e83c9e-276a-4dbb-b3a7-721354e8147f/datanode-1/data-0/containers/hdds of storage type : DISK and capacity : 9223372036854775807
2020-06-03 15:17:59,843 [Listener at 127.0.0.1/39701] INFO  volume.MutableVolumeSet (MutableVolumeSet.java:initializeVolumeSet(181)) - Added Volume : /github/workspace/mnt/ozone/hadoop-ozone/integration-test/target/test-dir/MiniOzoneClusterImpl-93e83c9e-276a-4dbb-b3a7-721354e8147f/datanode-1/data-0/containers/hdds to VolumeSet
2020-06-03 15:17:59,843 [Listener at 127.0.0.1/39701] INFO  volume.ThrottledAsyncChecker (ThrottledAsyncChecker.java:schedule(141)) - Scheduling a check for /github/workspace/mnt/ozone/hadoop-ozone/integration-test/target/test-dir/MiniOzoneClusterImpl-93e83c9e-276a-4dbb-b3a7-721354e8147f/datanode-1/data-0/containers/hdds
2020-06-03 15:17:59,851 [org.apache.hadoop.util.JvmPauseMonitor$Monitor@78f2bb75] INFO  util.JvmPauseMonitor (JvmPauseMonitor.java:run(188)) - Starting JVM pause monitor
2020-06-03 15:17:59,851 [Listener at 127.0.0.1/39701] INFO  volume.HddsVolumeChecker (HddsVolumeChecker.java:checkAllVolumes(200)) - Scheduled health check for volume /github/workspace/mnt/ozone/hadoop-ozone/integration-test/target/test-dir/MiniOzoneClusterImpl-93e83c9e-276a-4dbb-b3a7-721354e8147f/datanode-1/data-0/containers/hdds
2020-06-03 15:17:59,857 [Datanode State Machine Thread - 0] INFO  datanode.InitDatanodeState (InitDatanodeState.java:persistContainerDatanodeDetails(145)) - DatanodeDetails is persisted to /github/workspace/mnt/ozone/hadoop-ozone/integration-test/target/test-dir/MiniOzoneClusterImpl-93e83c9e-276a-4dbb-b3a7-721354e8147f/datanode-0/meta/datanode.id
2020-06-03 15:17:59,867 [Listener at 127.0.0.1/39701] INFO  impl.RaftServerProxy (ConfUtils.java:logGet(44)) - raft.rpc.type = GRPC (default)
2020-06-03 15:17:59,867 [Listener at 127.0.0.1/39701] INFO  grpc.GrpcFactory (GrpcFactory.java:checkPooledByteBufAllocatorUseCacheForAllThreads(45)) - PERFORMANCE WARNING: useCacheForAllThreads is true that may cause Netty to create a lot garbage objects and, as a result, trigger GC.
	It is recommended to disable useCacheForAllThreads by setting -Dorg.apache.ratis.thirdparty.io.netty.allocator.useCacheForAllThreads=false in command line.
2020-06-03 15:17:59,867 [Listener at 127.0.0.1/39701] INFO  grpc.GrpcConfigKeys (ConfUtils.java:logGet(44)) - raft.grpc.server.port = 0 (default)
2020-06-03 15:17:59,867 [Listener at 127.0.0.1/39701] INFO  server.GrpcService (ConfUtils.java:logGet(44)) - raft.grpc.message.size.max = 32MB (=33554432) (custom)
2020-06-03 15:17:59,867 [Listener at 127.0.0.1/39701] INFO  server.RaftServerConfigKeys (ConfUtils.java:logGet(44)) - raft.server.log.appender.buffer.byte-limit = 33554432 (custom)
2020-06-03 15:17:59,867 [Listener at 127.0.0.1/39701] INFO  server.GrpcService (ConfUtils.java:logGet(44)) - raft.grpc.flow.control.window = 5MB (=5242880) (custom)
2020-06-03 15:17:59,868 [Listener at 127.0.0.1/39701] INFO  server.RaftServerConfigKeys (ConfUtils.java:logGet(44)) - raft.server.rpc.request.timeout = 3s (default)
2020-06-03 15:17:59,868 [Listener at 127.0.0.1/39701] INFO  server.RaftServerConfigKeys (ConfUtils.java:logGet(44)) - raft.server.storage.dir = [/github/workspace/mnt/ozone/hadoop-ozone/integration-test/target/test-dir/MiniOzoneClusterImpl-93e83c9e-276a-4dbb-b3a7-721354e8147f/datanode-1/data/ratis] (custom)
2020-06-03 15:17:59,873 [Listener at 127.0.0.1/39701] INFO  http.BaseHttpServer (BaseHttpServer.java:newHttpServer2BuilderForOzone(205)) - Starting Web-server for hddsDatanode at: http://0.0.0.0:0
2020-06-03 15:17:59,873 [Listener at 127.0.0.1/39701] INFO  http.BaseHttpServer (BaseHttpServer.java:<init>(106)) - Hadoop Security Enabled: false Ozone Security Enabled: false Ozone HTTP Security Enabled: false 
2020-06-03 15:17:59,874 [Listener at 127.0.0.1/39701] INFO  server.AuthenticationFilter (AuthenticationFilter.java:constructSecretProvider(240)) - Unable to initialize FileSignerSecretProvider, falling back to use random secrets.
2020-06-03 15:17:59,874 [Listener at 127.0.0.1/39701] WARN  http.HttpRequestLog (HttpRequestLog.java:getRequestLog(103)) - Jetty request log can only be enabled using Log4j
2020-06-03 15:17:59,875 [Listener at 127.0.0.1/39701] INFO  http.HttpServer2 (HttpServer2.java:addGlobalFilter(993)) - Added global filter 'safety' (class=org.apache.hadoop.hdds.server.http.HttpServer2$QuotingInputFilter)
2020-06-03 15:17:59,875 [Listener at 127.0.0.1/39701] INFO  http.HttpServer2 (HttpServer2.java:addFilter(969)) - Added filter authentication (class=org.apache.hadoop.security.authentication.server.AuthenticationFilter) to context hddsDatanode
2020-06-03 15:17:59,875 [Listener at 127.0.0.1/39701] INFO  http.HttpServer2 (HttpServer2.java:addFilter(977)) - Added filter authentication (class=org.apache.hadoop.security.authentication.server.AuthenticationFilter) to context logs
2020-06-03 15:17:59,875 [Listener at 127.0.0.1/39701] INFO  http.HttpServer2 (HttpServer2.java:addFilter(977)) - Added filter authentication (class=org.apache.hadoop.security.authentication.server.AuthenticationFilter) to context static
2020-06-03 15:17:59,876 [Listener at 127.0.0.1/39701] INFO  http.HttpServer2 (HttpServer2.java:bindListener(1211)) - Jetty bound to port 33957
2020-06-03 15:17:59,876 [Listener at 127.0.0.1/39701] INFO  server.Server (Server.java:doStart(359)) - jetty-9.4.26.v20200117; built: 2020-01-17T12:35:33.676Z; git: 7b38981d25d14afb4a12ff1f2596756144edf695; jvm 1.8.0_232-b09
2020-06-03 15:17:59,882 [Listener at 127.0.0.1/39701] INFO  server.session (DefaultSessionIdManager.java:doStart(333)) - DefaultSessionIdManager workerName=node0
2020-06-03 15:17:59,883 [Listener at 127.0.0.1/39701] INFO  server.session (DefaultSessionIdManager.java:doStart(338)) - No SessionScavenger set, using defaults
2020-06-03 15:17:59,883 [Listener at 127.0.0.1/39701] INFO  server.session (HouseKeeper.java:startScavenging(140)) - node0 Scavenging every 600000ms
2020-06-03 15:17:59,883 [Listener at 127.0.0.1/39701] INFO  server.AuthenticationFilter (AuthenticationFilter.java:constructSecretProvider(240)) - Unable to initialize FileSignerSecretProvider, falling back to use random secrets.
2020-06-03 15:17:59,884 [Listener at 127.0.0.1/39701] INFO  handler.ContextHandler (ContextHandler.java:doStart(825)) - Started o.e.j.s.ServletContextHandler@4b521cd3{logs,/logs,file:///github/workspace/mnt/ozone/hadoop-ozone/integration-test/target/log,AVAILABLE}
2020-06-03 15:17:59,884 [Listener at 127.0.0.1/39701] INFO  handler.ContextHandler (ContextHandler.java:doStart(825)) - Started o.e.j.s.ServletContextHandler@75a3362{static,/static,jar:file:/home/user/.m2/repository/org/apache/hadoop/hadoop-hdds-container-service/0.6.0-SNAPSHOT/hadoop-hdds-container-service-0.6.0-SNAPSHOT.jar!/webapps/static,AVAILABLE}
2020-06-03 15:17:59,913 [Listener at 127.0.0.1/39701] INFO  handler.ContextHandler (ContextHandler.java:doStart(825)) - Started o.e.j.w.WebAppContext@626da583{hddsDatanode,/,file:///tmp/jetty-0_0_0_0-33957-hadoop-hdds-container-service-0_6_0-SNAPSHOT_jar-_-any-4111060789051569322.dir/webapp/,AVAILABLE}{jar:file:/home/user/.m2/repository/org/apache/hadoop/hadoop-hdds-container-service/0.6.0-SNAPSHOT/hadoop-hdds-container-service-0.6.0-SNAPSHOT.jar!/webapps/hddsDatanode}
2020-06-03 15:17:59,915 [Listener at 127.0.0.1/39701] INFO  server.AbstractConnector (AbstractConnector.java:doStart(330)) - Started ServerConnector@13b22a3f{HTTP/1.1,[http/1.1]}{0.0.0.0:33957}
2020-06-03 15:17:59,915 [Listener at 127.0.0.1/39701] INFO  server.Server (Server.java:doStart(399)) - Started @39837ms
2020-06-03 15:17:59,915 [Listener at 127.0.0.1/39701] WARN  impl.MetricsSystemImpl (MetricsSystemImpl.java:register(276)) - Sink prometheus already exists!
2020-06-03 15:17:59,921 [Listener at 127.0.0.1/39701] INFO  http.BaseHttpServer (BaseHttpServer.java:updateConnectorAddress(325)) - HTTP server of hddsDatanode listening at http://0.0.0.0:33957
2020-06-03 15:17:59,921 [Listener at 127.0.0.1/39701] INFO  impl.MetricsSystemImpl (MetricsSystemImpl.java:init(158)) - HddsDatanode metrics system started (again)
2020-06-03 15:17:59,925 [Listener at 127.0.0.1/39701] INFO  ozone.HddsDatanodeService (HddsDatanodeService.java:start(205)) - HddsDatanodeService host:6feb74794fe2 ip:172.17.0.2
2020-06-03 15:17:59,939 [org.apache.hadoop.util.JvmPauseMonitor$Monitor@3a7a237e] INFO  util.JvmPauseMonitor (JvmPauseMonitor.java:run(188)) - Starting JVM pause monitor
2020-06-03 15:17:59,940 [Listener at 127.0.0.1/39701] INFO  volume.HddsVolume (HddsVolume.java:<init>(176)) - Creating Volume: /github/workspace/mnt/ozone/hadoop-ozone/integration-test/target/test-dir/MiniOzoneClusterImpl-93e83c9e-276a-4dbb-b3a7-721354e8147f/datanode-2/data-0/containers/hdds of storage type : DISK and capacity : 9223372036854775807
2020-06-03 15:17:59,940 [Listener at 127.0.0.1/39701] INFO  volume.MutableVolumeSet (MutableVolumeSet.java:initializeVolumeSet(181)) - Added Volume : /github/workspace/mnt/ozone/hadoop-ozone/integration-test/target/test-dir/MiniOzoneClusterImpl-93e83c9e-276a-4dbb-b3a7-721354e8147f/datanode-2/data-0/containers/hdds to VolumeSet
2020-06-03 15:17:59,940 [Listener at 127.0.0.1/39701] INFO  volume.ThrottledAsyncChecker (ThrottledAsyncChecker.java:schedule(141)) - Scheduling a check for /github/workspace/mnt/ozone/hadoop-ozone/integration-test/target/test-dir/MiniOzoneClusterImpl-93e83c9e-276a-4dbb-b3a7-721354e8147f/datanode-2/data-0/containers/hdds
2020-06-03 15:17:59,941 [Listener at 127.0.0.1/39701] INFO  volume.HddsVolumeChecker (HddsVolumeChecker.java:checkAllVolumes(200)) - Scheduled health check for volume /github/workspace/mnt/ozone/hadoop-ozone/integration-test/target/test-dir/MiniOzoneClusterImpl-93e83c9e-276a-4dbb-b3a7-721354e8147f/datanode-2/data-0/containers/hdds
2020-06-03 15:17:59,955 [Datanode State Machine Thread - 0] INFO  datanode.InitDatanodeState (InitDatanodeState.java:persistContainerDatanodeDetails(145)) - DatanodeDetails is persisted to /github/workspace/mnt/ozone/hadoop-ozone/integration-test/target/test-dir/MiniOzoneClusterImpl-93e83c9e-276a-4dbb-b3a7-721354e8147f/datanode-1/meta/datanode.id
2020-06-03 15:17:59,964 [Listener at 127.0.0.1/39701] INFO  impl.RaftServerProxy (ConfUtils.java:logGet(44)) - raft.rpc.type = GRPC (default)
2020-06-03 15:17:59,964 [Listener at 127.0.0.1/39701] INFO  grpc.GrpcFactory (GrpcFactory.java:checkPooledByteBufAllocatorUseCacheForAllThreads(45)) - PERFORMANCE WARNING: useCacheForAllThreads is true that may cause Netty to create a lot garbage objects and, as a result, trigger GC.
	It is recommended to disable useCacheForAllThreads by setting -Dorg.apache.ratis.thirdparty.io.netty.allocator.useCacheForAllThreads=false in command line.
2020-06-03 15:17:59,964 [Listener at 127.0.0.1/39701] INFO  grpc.GrpcConfigKeys (ConfUtils.java:logGet(44)) - raft.grpc.server.port = 0 (default)
2020-06-03 15:17:59,965 [Listener at 127.0.0.1/39701] INFO  server.GrpcService (ConfUtils.java:logGet(44)) - raft.grpc.message.size.max = 32MB (=33554432) (custom)
2020-06-03 15:17:59,965 [Listener at 127.0.0.1/39701] INFO  server.RaftServerConfigKeys (ConfUtils.java:logGet(44)) - raft.server.log.appender.buffer.byte-limit = 33554432 (custom)
2020-06-03 15:17:59,965 [Listener at 127.0.0.1/39701] INFO  server.GrpcService (ConfUtils.java:logGet(44)) - raft.grpc.flow.control.window = 5MB (=5242880) (custom)
2020-06-03 15:17:59,965 [Listener at 127.0.0.1/39701] INFO  server.RaftServerConfigKeys (ConfUtils.java:logGet(44)) - raft.server.rpc.request.timeout = 3s (default)
2020-06-03 15:17:59,966 [Listener at 127.0.0.1/39701] INFO  server.RaftServerConfigKeys (ConfUtils.java:logGet(44)) - raft.server.storage.dir = [/github/workspace/mnt/ozone/hadoop-ozone/integration-test/target/test-dir/MiniOzoneClusterImpl-93e83c9e-276a-4dbb-b3a7-721354e8147f/datanode-2/data/ratis] (custom)
2020-06-03 15:17:59,970 [Listener at 127.0.0.1/39701] INFO  http.BaseHttpServer (BaseHttpServer.java:newHttpServer2BuilderForOzone(205)) - Starting Web-server for hddsDatanode at: http://0.0.0.0:0
2020-06-03 15:17:59,970 [Listener at 127.0.0.1/39701] INFO  http.BaseHttpServer (BaseHttpServer.java:<init>(106)) - Hadoop Security Enabled: false Ozone Security Enabled: false Ozone HTTP Security Enabled: false 
2020-06-03 15:17:59,972 [Listener at 127.0.0.1/39701] INFO  server.AuthenticationFilter (AuthenticationFilter.java:constructSecretProvider(240)) - Unable to initialize FileSignerSecretProvider, falling back to use random secrets.
2020-06-03 15:17:59,972 [Listener at 127.0.0.1/39701] WARN  http.HttpRequestLog (HttpRequestLog.java:getRequestLog(103)) - Jetty request log can only be enabled using Log4j
2020-06-03 15:17:59,973 [Listener at 127.0.0.1/39701] INFO  http.HttpServer2 (HttpServer2.java:addGlobalFilter(993)) - Added global filter 'safety' (class=org.apache.hadoop.hdds.server.http.HttpServer2$QuotingInputFilter)
2020-06-03 15:17:59,974 [Listener at 127.0.0.1/39701] INFO  http.HttpServer2 (HttpServer2.java:addFilter(969)) - Added filter authentication (class=org.apache.hadoop.security.authentication.server.AuthenticationFilter) to context hddsDatanode
2020-06-03 15:17:59,974 [Listener at 127.0.0.1/39701] INFO  http.HttpServer2 (HttpServer2.java:addFilter(977)) - Added filter authentication (class=org.apache.hadoop.security.authentication.server.AuthenticationFilter) to context logs
2020-06-03 15:17:59,974 [Listener at 127.0.0.1/39701] INFO  http.HttpServer2 (HttpServer2.java:addFilter(977)) - Added filter authentication (class=org.apache.hadoop.security.authentication.server.AuthenticationFilter) to context static
2020-06-03 15:17:59,975 [Listener at 127.0.0.1/39701] INFO  http.HttpServer2 (HttpServer2.java:bindListener(1211)) - Jetty bound to port 43021
2020-06-03 15:17:59,975 [Listener at 127.0.0.1/39701] INFO  server.Server (Server.java:doStart(359)) - jetty-9.4.26.v20200117; built: 2020-01-17T12:35:33.676Z; git: 7b38981d25d14afb4a12ff1f2596756144edf695; jvm 1.8.0_232-b09
2020-06-03 15:17:59,977 [Listener at 127.0.0.1/39701] INFO  server.session (DefaultSessionIdManager.java:doStart(333)) - DefaultSessionIdManager workerName=node0
2020-06-03 15:17:59,977 [Listener at 127.0.0.1/39701] INFO  server.session (DefaultSessionIdManager.java:doStart(338)) - No SessionScavenger set, using defaults
2020-06-03 15:17:59,977 [Listener at 127.0.0.1/39701] INFO  server.session (HouseKeeper.java:startScavenging(140)) - node0 Scavenging every 600000ms
2020-06-03 15:17:59,978 [Listener at 127.0.0.1/39701] INFO  server.AuthenticationFilter (AuthenticationFilter.java:constructSecretProvider(240)) - Unable to initialize FileSignerSecretProvider, falling back to use random secrets.
2020-06-03 15:17:59,979 [Listener at 127.0.0.1/39701] INFO  handler.ContextHandler (ContextHandler.java:doStart(825)) - Started o.e.j.s.ServletContextHandler@516b1e7b{logs,/logs,file:///github/workspace/mnt/ozone/hadoop-ozone/integration-test/target/log,AVAILABLE}
2020-06-03 15:17:59,979 [Listener at 127.0.0.1/39701] INFO  handler.ContextHandler (ContextHandler.java:doStart(825)) - Started o.e.j.s.ServletContextHandler@326a3992{static,/static,jar:file:/home/user/.m2/repository/org/apache/hadoop/hadoop-hdds-container-service/0.6.0-SNAPSHOT/hadoop-hdds-container-service-0.6.0-SNAPSHOT.jar!/webapps/static,AVAILABLE}
2020-06-03 15:18:00,007 [Listener at 127.0.0.1/39701] INFO  handler.ContextHandler (ContextHandler.java:doStart(825)) - Started o.e.j.w.WebAppContext@6e0c92c4{hddsDatanode,/,file:///tmp/jetty-0_0_0_0-43021-hadoop-hdds-container-service-0_6_0-SNAPSHOT_jar-_-any-7219247586359131574.dir/webapp/,AVAILABLE}{jar:file:/home/user/.m2/repository/org/apache/hadoop/hadoop-hdds-container-service/0.6.0-SNAPSHOT/hadoop-hdds-container-service-0.6.0-SNAPSHOT.jar!/webapps/hddsDatanode}
2020-06-03 15:18:00,008 [Listener at 127.0.0.1/39701] INFO  server.AbstractConnector (AbstractConnector.java:doStart(330)) - Started ServerConnector@6626566c{HTTP/1.1,[http/1.1]}{0.0.0.0:43021}
2020-06-03 15:18:00,008 [Listener at 127.0.0.1/39701] INFO  server.Server (Server.java:doStart(399)) - Started @39931ms
2020-06-03 15:18:00,008 [Listener at 127.0.0.1/39701] WARN  impl.MetricsSystemImpl (MetricsSystemImpl.java:register(276)) - Sink prometheus already exists!
2020-06-03 15:18:00,011 [Listener at 127.0.0.1/39701] INFO  http.BaseHttpServer (BaseHttpServer.java:updateConnectorAddress(325)) - HTTP server of hddsDatanode listening at http://0.0.0.0:43021
2020-06-03 15:18:00,012 [Listener at 127.0.0.1/39701] INFO  impl.MetricsSystemImpl (MetricsSystemImpl.java:init(158)) - HddsDatanode metrics system started (again)
2020-06-03 15:18:00,017 [org.apache.hadoop.util.JvmPauseMonitor$Monitor@3990a76] INFO  util.JvmPauseMonitor (JvmPauseMonitor.java:run(188)) - Starting JVM pause monitor
2020-06-03 15:18:00,018 [Listener at 127.0.0.1/39701] INFO  ozone.HddsDatanodeService (HddsDatanodeService.java:start(205)) - HddsDatanodeService host:6feb74794fe2 ip:172.17.0.2
2020-06-03 15:18:00,019 [Listener at 127.0.0.1/39701] INFO  volume.HddsVolume (HddsVolume.java:<init>(176)) - Creating Volume: /github/workspace/mnt/ozone/hadoop-ozone/integration-test/target/test-dir/MiniOzoneClusterImpl-93e83c9e-276a-4dbb-b3a7-721354e8147f/datanode-3/data-0/containers/hdds of storage type : DISK and capacity : 9223372036854775807
2020-06-03 15:18:00,019 [Listener at 127.0.0.1/39701] INFO  volume.MutableVolumeSet (MutableVolumeSet.java:initializeVolumeSet(181)) - Added Volume : /github/workspace/mnt/ozone/hadoop-ozone/integration-test/target/test-dir/MiniOzoneClusterImpl-93e83c9e-276a-4dbb-b3a7-721354e8147f/datanode-3/data-0/containers/hdds to VolumeSet
2020-06-03 15:18:00,019 [Listener at 127.0.0.1/39701] INFO  volume.ThrottledAsyncChecker (ThrottledAsyncChecker.java:schedule(141)) - Scheduling a check for /github/workspace/mnt/ozone/hadoop-ozone/integration-test/target/test-dir/MiniOzoneClusterImpl-93e83c9e-276a-4dbb-b3a7-721354e8147f/datanode-3/data-0/containers/hdds
2020-06-03 15:18:00,020 [Listener at 127.0.0.1/39701] INFO  volume.HddsVolumeChecker (HddsVolumeChecker.java:checkAllVolumes(200)) - Scheduled health check for volume /github/workspace/mnt/ozone/hadoop-ozone/integration-test/target/test-dir/MiniOzoneClusterImpl-93e83c9e-276a-4dbb-b3a7-721354e8147f/datanode-3/data-0/containers/hdds
2020-06-03 15:18:00,034 [Datanode State Machine Thread - 0] INFO  datanode.InitDatanodeState (InitDatanodeState.java:persistContainerDatanodeDetails(145)) - DatanodeDetails is persisted to /github/workspace/mnt/ozone/hadoop-ozone/integration-test/target/test-dir/MiniOzoneClusterImpl-93e83c9e-276a-4dbb-b3a7-721354e8147f/datanode-2/meta/datanode.id
2020-06-03 15:18:00,034 [Listener at 127.0.0.1/39701] INFO  impl.RaftServerProxy (ConfUtils.java:logGet(44)) - raft.rpc.type = GRPC (default)
2020-06-03 15:18:00,035 [Listener at 127.0.0.1/39701] INFO  grpc.GrpcFactory (GrpcFactory.java:checkPooledByteBufAllocatorUseCacheForAllThreads(45)) - PERFORMANCE WARNING: useCacheForAllThreads is true that may cause Netty to create a lot garbage objects and, as a result, trigger GC.
	It is recommended to disable useCacheForAllThreads by setting -Dorg.apache.ratis.thirdparty.io.netty.allocator.useCacheForAllThreads=false in command line.
2020-06-03 15:18:00,035 [Listener at 127.0.0.1/39701] INFO  grpc.GrpcConfigKeys (ConfUtils.java:logGet(44)) - raft.grpc.server.port = 0 (default)
2020-06-03 15:18:00,035 [Listener at 127.0.0.1/39701] INFO  server.GrpcService (ConfUtils.java:logGet(44)) - raft.grpc.message.size.max = 32MB (=33554432) (custom)
2020-06-03 15:18:00,035 [Listener at 127.0.0.1/39701] INFO  server.RaftServerConfigKeys (ConfUtils.java:logGet(44)) - raft.server.log.appender.buffer.byte-limit = 33554432 (custom)
2020-06-03 15:18:00,035 [Listener at 127.0.0.1/39701] INFO  server.GrpcService (ConfUtils.java:logGet(44)) - raft.grpc.flow.control.window = 5MB (=5242880) (custom)
2020-06-03 15:18:00,035 [Listener at 127.0.0.1/39701] INFO  server.RaftServerConfigKeys (ConfUtils.java:logGet(44)) - raft.server.rpc.request.timeout = 3s (default)
2020-06-03 15:18:00,036 [Listener at 127.0.0.1/39701] INFO  server.RaftServerConfigKeys (ConfUtils.java:logGet(44)) - raft.server.storage.dir = [/github/workspace/mnt/ozone/hadoop-ozone/integration-test/target/test-dir/MiniOzoneClusterImpl-93e83c9e-276a-4dbb-b3a7-721354e8147f/datanode-3/data/ratis] (custom)
2020-06-03 15:18:00,041 [Listener at 127.0.0.1/39701] INFO  http.BaseHttpServer (BaseHttpServer.java:newHttpServer2BuilderForOzone(205)) - Starting Web-server for hddsDatanode at: http://0.0.0.0:0
2020-06-03 15:18:00,041 [Listener at 127.0.0.1/39701] INFO  http.BaseHttpServer (BaseHttpServer.java:<init>(106)) - Hadoop Security Enabled: false Ozone Security Enabled: false Ozone HTTP Security Enabled: false 
2020-06-03 15:18:00,042 [Listener at 127.0.0.1/39701] INFO  server.AuthenticationFilter (AuthenticationFilter.java:constructSecretProvider(240)) - Unable to initialize FileSignerSecretProvider, falling back to use random secrets.
2020-06-03 15:18:00,042 [Listener at 127.0.0.1/39701] WARN  http.HttpRequestLog (HttpRequestLog.java:getRequestLog(103)) - Jetty request log can only be enabled using Log4j
2020-06-03 15:18:00,043 [Listener at 127.0.0.1/39701] INFO  http.HttpServer2 (HttpServer2.java:addGlobalFilter(993)) - Added global filter 'safety' (class=org.apache.hadoop.hdds.server.http.HttpServer2$QuotingInputFilter)
2020-06-03 15:18:00,043 [Listener at 127.0.0.1/39701] INFO  http.HttpServer2 (HttpServer2.java:addFilter(969)) - Added filter authentication (class=org.apache.hadoop.security.authentication.server.AuthenticationFilter) to context hddsDatanode
2020-06-03 15:18:00,044 [Listener at 127.0.0.1/39701] INFO  http.HttpServer2 (HttpServer2.java:addFilter(977)) - Added filter authentication (class=org.apache.hadoop.security.authentication.server.AuthenticationFilter) to context static
2020-06-03 15:18:00,044 [Listener at 127.0.0.1/39701] INFO  http.HttpServer2 (HttpServer2.java:addFilter(977)) - Added filter authentication (class=org.apache.hadoop.security.authentication.server.AuthenticationFilter) to context logs
2020-06-03 15:18:00,044 [Listener at 127.0.0.1/39701] INFO  http.HttpServer2 (HttpServer2.java:bindListener(1211)) - Jetty bound to port 43599
2020-06-03 15:18:00,044 [Listener at 127.0.0.1/39701] INFO  server.Server (Server.java:doStart(359)) - jetty-9.4.26.v20200117; built: 2020-01-17T12:35:33.676Z; git: 7b38981d25d14afb4a12ff1f2596756144edf695; jvm 1.8.0_232-b09
2020-06-03 15:18:00,046 [Listener at 127.0.0.1/39701] INFO  server.session (DefaultSessionIdManager.java:doStart(333)) - DefaultSessionIdManager workerName=node0
2020-06-03 15:18:00,046 [Listener at 127.0.0.1/39701] INFO  server.session (DefaultSessionIdManager.java:doStart(338)) - No SessionScavenger set, using defaults
2020-06-03 15:18:00,046 [Listener at 127.0.0.1/39701] INFO  server.session (HouseKeeper.java:startScavenging(140)) - node0 Scavenging every 660000ms
2020-06-03 15:18:00,046 [Listener at 127.0.0.1/39701] INFO  server.AuthenticationFilter (AuthenticationFilter.java:constructSecretProvider(240)) - Unable to initialize FileSignerSecretProvider, falling back to use random secrets.
2020-06-03 15:18:00,047 [Listener at 127.0.0.1/39701] INFO  handler.ContextHandler (ContextHandler.java:doStart(825)) - Started o.e.j.s.ServletContextHandler@46bb4836{logs,/logs,file:///github/workspace/mnt/ozone/hadoop-ozone/integration-test/target/log,AVAILABLE}
2020-06-03 15:18:00,048 [Listener at 127.0.0.1/39701] INFO  handler.ContextHandler (ContextHandler.java:doStart(825)) - Started o.e.j.s.ServletContextHandler@79bd3f71{static,/static,jar:file:/home/user/.m2/repository/org/apache/hadoop/hadoop-hdds-container-service/0.6.0-SNAPSHOT/hadoop-hdds-container-service-0.6.0-SNAPSHOT.jar!/webapps/static,AVAILABLE}
2020-06-03 15:18:00,076 [Listener at 127.0.0.1/39701] INFO  handler.ContextHandler (ContextHandler.java:doStart(825)) - Started o.e.j.w.WebAppContext@4ed039c1{hddsDatanode,/,file:///tmp/jetty-0_0_0_0-43599-hadoop-hdds-container-service-0_6_0-SNAPSHOT_jar-_-any-7571924939046838708.dir/webapp/,AVAILABLE}{jar:file:/home/user/.m2/repository/org/apache/hadoop/hadoop-hdds-container-service/0.6.0-SNAPSHOT/hadoop-hdds-container-service-0.6.0-SNAPSHOT.jar!/webapps/hddsDatanode}
2020-06-03 15:18:00,077 [Listener at 127.0.0.1/39701] INFO  server.AbstractConnector (AbstractConnector.java:doStart(330)) - Started ServerConnector@d91251b{HTTP/1.1,[http/1.1]}{0.0.0.0:43599}
2020-06-03 15:18:00,077 [Listener at 127.0.0.1/39701] INFO  server.Server (Server.java:doStart(399)) - Started @40000ms
2020-06-03 15:18:00,077 [Listener at 127.0.0.1/39701] WARN  impl.MetricsSystemImpl (MetricsSystemImpl.java:register(276)) - Sink prometheus already exists!
2020-06-03 15:18:00,084 [Listener at 127.0.0.1/39701] INFO  http.BaseHttpServer (BaseHttpServer.java:updateConnectorAddress(325)) - HTTP server of hddsDatanode listening at http://0.0.0.0:43599
2020-06-03 15:18:00,084 [Listener at 127.0.0.1/39701] INFO  impl.MetricsSystemImpl (MetricsSystemImpl.java:init(158)) - HddsDatanode metrics system started (again)
2020-06-03 15:18:00,085 [Listener at 127.0.0.1/39701] INFO  ozone.HddsDatanodeService (HddsDatanodeService.java:start(205)) - HddsDatanodeService host:6feb74794fe2 ip:172.17.0.2
2020-06-03 15:18:00,086 [Listener at 127.0.0.1/39701] INFO  volume.HddsVolume (HddsVolume.java:<init>(176)) - Creating Volume: /github/workspace/mnt/ozone/hadoop-ozone/integration-test/target/test-dir/MiniOzoneClusterImpl-93e83c9e-276a-4dbb-b3a7-721354e8147f/datanode-4/data-0/containers/hdds of storage type : DISK and capacity : 9223372036854775807
2020-06-03 15:18:00,086 [Listener at 127.0.0.1/39701] INFO  volume.MutableVolumeSet (MutableVolumeSet.java:initializeVolumeSet(181)) - Added Volume : /github/workspace/mnt/ozone/hadoop-ozone/integration-test/target/test-dir/MiniOzoneClusterImpl-93e83c9e-276a-4dbb-b3a7-721354e8147f/datanode-4/data-0/containers/hdds to VolumeSet
2020-06-03 15:18:00,086 [Listener at 127.0.0.1/39701] INFO  volume.ThrottledAsyncChecker (ThrottledAsyncChecker.java:schedule(141)) - Scheduling a check for /github/workspace/mnt/ozone/hadoop-ozone/integration-test/target/test-dir/MiniOzoneClusterImpl-93e83c9e-276a-4dbb-b3a7-721354e8147f/datanode-4/data-0/containers/hdds
2020-06-03 15:18:00,087 [Listener at 127.0.0.1/39701] INFO  volume.HddsVolumeChecker (HddsVolumeChecker.java:checkAllVolumes(200)) - Scheduled health check for volume /github/workspace/mnt/ozone/hadoop-ozone/integration-test/target/test-dir/MiniOzoneClusterImpl-93e83c9e-276a-4dbb-b3a7-721354e8147f/datanode-4/data-0/containers/hdds
2020-06-03 15:18:00,106 [org.apache.hadoop.util.JvmPauseMonitor$Monitor@5de64b61] INFO  util.JvmPauseMonitor (JvmPauseMonitor.java:run(188)) - Starting JVM pause monitor
2020-06-03 15:18:00,107 [Datanode State Machine Thread - 0] INFO  datanode.InitDatanodeState (InitDatanodeState.java:persistContainerDatanodeDetails(145)) - DatanodeDetails is persisted to /github/workspace/mnt/ozone/hadoop-ozone/integration-test/target/test-dir/MiniOzoneClusterImpl-93e83c9e-276a-4dbb-b3a7-721354e8147f/datanode-3/meta/datanode.id
2020-06-03 15:18:00,110 [Listener at 127.0.0.1/39701] INFO  impl.RaftServerProxy (ConfUtils.java:logGet(44)) - raft.rpc.type = GRPC (default)
2020-06-03 15:18:00,110 [Listener at 127.0.0.1/39701] INFO  grpc.GrpcFactory (GrpcFactory.java:checkPooledByteBufAllocatorUseCacheForAllThreads(45)) - PERFORMANCE WARNING: useCacheForAllThreads is true that may cause Netty to create a lot garbage objects and, as a result, trigger GC.
	It is recommended to disable useCacheForAllThreads by setting -Dorg.apache.ratis.thirdparty.io.netty.allocator.useCacheForAllThreads=false in command line.
2020-06-03 15:18:00,110 [Listener at 127.0.0.1/39701] INFO  grpc.GrpcConfigKeys (ConfUtils.java:logGet(44)) - raft.grpc.server.port = 0 (default)
2020-06-03 15:18:00,110 [Listener at 127.0.0.1/39701] INFO  server.GrpcService (ConfUtils.java:logGet(44)) - raft.grpc.message.size.max = 32MB (=33554432) (custom)
2020-06-03 15:18:00,111 [Listener at 127.0.0.1/39701] INFO  server.RaftServerConfigKeys (ConfUtils.java:logGet(44)) - raft.server.log.appender.buffer.byte-limit = 33554432 (custom)
2020-06-03 15:18:00,111 [Listener at 127.0.0.1/39701] INFO  server.GrpcService (ConfUtils.java:logGet(44)) - raft.grpc.flow.control.window = 5MB (=5242880) (custom)
2020-06-03 15:18:00,111 [Listener at 127.0.0.1/39701] INFO  server.RaftServerConfigKeys (ConfUtils.java:logGet(44)) - raft.server.rpc.request.timeout = 3s (default)
2020-06-03 15:18:00,112 [Listener at 127.0.0.1/39701] INFO  server.RaftServerConfigKeys (ConfUtils.java:logGet(44)) - raft.server.storage.dir = [/github/workspace/mnt/ozone/hadoop-ozone/integration-test/target/test-dir/MiniOzoneClusterImpl-93e83c9e-276a-4dbb-b3a7-721354e8147f/datanode-4/data/ratis] (custom)
2020-06-03 15:18:00,116 [Listener at 127.0.0.1/39701] INFO  http.BaseHttpServer (BaseHttpServer.java:newHttpServer2BuilderForOzone(205)) - Starting Web-server for hddsDatanode at: http://0.0.0.0:0
2020-06-03 15:18:00,116 [Listener at 127.0.0.1/39701] INFO  http.BaseHttpServer (BaseHttpServer.java:<init>(106)) - Hadoop Security Enabled: false Ozone Security Enabled: false Ozone HTTP Security Enabled: false 
2020-06-03 15:18:00,117 [Listener at 127.0.0.1/39701] INFO  server.AuthenticationFilter (AuthenticationFilter.java:constructSecretProvider(240)) - Unable to initialize FileSignerSecretProvider, falling back to use random secrets.
2020-06-03 15:18:00,117 [Listener at 127.0.0.1/39701] WARN  http.HttpRequestLog (HttpRequestLog.java:getRequestLog(103)) - Jetty request log can only be enabled using Log4j
2020-06-03 15:18:00,118 [Listener at 127.0.0.1/39701] INFO  http.HttpServer2 (HttpServer2.java:addGlobalFilter(993)) - Added global filter 'safety' (class=org.apache.hadoop.hdds.server.http.HttpServer2$QuotingInputFilter)
2020-06-03 15:18:00,119 [Listener at 127.0.0.1/39701] INFO  http.HttpServer2 (HttpServer2.java:addFilter(969)) - Added filter authentication (class=org.apache.hadoop.security.authentication.server.AuthenticationFilter) to context hddsDatanode
2020-06-03 15:18:00,119 [Listener at 127.0.0.1/39701] INFO  http.HttpServer2 (HttpServer2.java:addFilter(977)) - Added filter authentication (class=org.apache.hadoop.security.authentication.server.AuthenticationFilter) to context static
2020-06-03 15:18:00,119 [Listener at 127.0.0.1/39701] INFO  http.HttpServer2 (HttpServer2.java:addFilter(977)) - Added filter authentication (class=org.apache.hadoop.security.authentication.server.AuthenticationFilter) to context logs
2020-06-03 15:18:00,119 [Listener at 127.0.0.1/39701] INFO  http.HttpServer2 (HttpServer2.java:bindListener(1211)) - Jetty bound to port 33083
2020-06-03 15:18:00,119 [Listener at 127.0.0.1/39701] INFO  server.Server (Server.java:doStart(359)) - jetty-9.4.26.v20200117; built: 2020-01-17T12:35:33.676Z; git: 7b38981d25d14afb4a12ff1f2596756144edf695; jvm 1.8.0_232-b09
2020-06-03 15:18:00,138 [Listener at 127.0.0.1/39701] INFO  server.session (DefaultSessionIdManager.java:doStart(333)) - DefaultSessionIdManager workerName=node0
2020-06-03 15:18:00,138 [Listener at 127.0.0.1/39701] INFO  server.session (DefaultSessionIdManager.java:doStart(338)) - No SessionScavenger set, using defaults
2020-06-03 15:18:00,138 [Listener at 127.0.0.1/39701] INFO  server.session (HouseKeeper.java:startScavenging(140)) - node0 Scavenging every 660000ms
2020-06-03 15:18:00,140 [Listener at 127.0.0.1/39701] INFO  server.AuthenticationFilter (AuthenticationFilter.java:constructSecretProvider(240)) - Unable to initialize FileSignerSecretProvider, falling back to use random secrets.
2020-06-03 15:18:00,140 [Listener at 127.0.0.1/39701] INFO  handler.ContextHandler (ContextHandler.java:doStart(825)) - Started o.e.j.s.ServletContextHandler@78a8513{logs,/logs,file:///github/workspace/mnt/ozone/hadoop-ozone/integration-test/target/log,AVAILABLE}
2020-06-03 15:18:00,141 [Listener at 127.0.0.1/39701] INFO  handler.ContextHandler (ContextHandler.java:doStart(825)) - Started o.e.j.s.ServletContextHandler@46424b50{static,/static,jar:file:/home/user/.m2/repository/org/apache/hadoop/hadoop-hdds-container-service/0.6.0-SNAPSHOT/hadoop-hdds-container-service-0.6.0-SNAPSHOT.jar!/webapps/static,AVAILABLE}
2020-06-03 15:18:00,168 [Listener at 127.0.0.1/39701] INFO  handler.ContextHandler (ContextHandler.java:doStart(825)) - Started o.e.j.w.WebAppContext@2f261e0b{hddsDatanode,/,file:///tmp/jetty-0_0_0_0-33083-hadoop-hdds-container-service-0_6_0-SNAPSHOT_jar-_-any-6880214845314691399.dir/webapp/,AVAILABLE}{jar:file:/home/user/.m2/repository/org/apache/hadoop/hadoop-hdds-container-service/0.6.0-SNAPSHOT/hadoop-hdds-container-service-0.6.0-SNAPSHOT.jar!/webapps/hddsDatanode}
2020-06-03 15:18:00,170 [Listener at 127.0.0.1/39701] INFO  server.AbstractConnector (AbstractConnector.java:doStart(330)) - Started ServerConnector@1e24c32b{HTTP/1.1,[http/1.1]}{0.0.0.0:33083}
2020-06-03 15:18:00,170 [Listener at 127.0.0.1/39701] INFO  server.Server (Server.java:doStart(399)) - Started @40093ms
2020-06-03 15:18:00,171 [Listener at 127.0.0.1/39701] WARN  impl.MetricsSystemImpl (MetricsSystemImpl.java:register(276)) - Sink prometheus already exists!
2020-06-03 15:18:00,173 [Listener at 127.0.0.1/39701] INFO  http.BaseHttpServer (BaseHttpServer.java:updateConnectorAddress(325)) - HTTP server of hddsDatanode listening at http://0.0.0.0:33083
2020-06-03 15:18:00,175 [Listener at 127.0.0.1/39701] INFO  impl.MetricsSystemImpl (MetricsSystemImpl.java:init(158)) - HddsDatanode metrics system started (again)
2020-06-03 15:18:00,181 [Listener at 127.0.0.1/39701] INFO  ozone.HddsDatanodeService (HddsDatanodeService.java:start(205)) - HddsDatanodeService host:6feb74794fe2 ip:172.17.0.2
2020-06-03 15:18:00,186 [org.apache.hadoop.util.JvmPauseMonitor$Monitor@717f2e41] INFO  util.JvmPauseMonitor (JvmPauseMonitor.java:run(188)) - Starting JVM pause monitor
2020-06-03 15:18:00,187 [Listener at 127.0.0.1/39701] INFO  volume.HddsVolume (HddsVolume.java:<init>(176)) - Creating Volume: /github/workspace/mnt/ozone/hadoop-ozone/integration-test/target/test-dir/MiniOzoneClusterImpl-93e83c9e-276a-4dbb-b3a7-721354e8147f/datanode-5/data-0/containers/hdds of storage type : DISK and capacity : 9223372036854775807
2020-06-03 15:18:00,187 [Listener at 127.0.0.1/39701] INFO  volume.MutableVolumeSet (MutableVolumeSet.java:initializeVolumeSet(181)) - Added Volume : /github/workspace/mnt/ozone/hadoop-ozone/integration-test/target/test-dir/MiniOzoneClusterImpl-93e83c9e-276a-4dbb-b3a7-721354e8147f/datanode-5/data-0/containers/hdds to VolumeSet
2020-06-03 15:18:00,187 [Listener at 127.0.0.1/39701] INFO  volume.ThrottledAsyncChecker (ThrottledAsyncChecker.java:schedule(141)) - Scheduling a check for /github/workspace/mnt/ozone/hadoop-ozone/integration-test/target/test-dir/MiniOzoneClusterImpl-93e83c9e-276a-4dbb-b3a7-721354e8147f/datanode-5/data-0/containers/hdds
2020-06-03 15:18:00,188 [Listener at 127.0.0.1/39701] INFO  volume.HddsVolumeChecker (HddsVolumeChecker.java:checkAllVolumes(200)) - Scheduled health check for volume /github/workspace/mnt/ozone/hadoop-ozone/integration-test/target/test-dir/MiniOzoneClusterImpl-93e83c9e-276a-4dbb-b3a7-721354e8147f/datanode-5/data-0/containers/hdds
2020-06-03 15:18:00,191 [Datanode State Machine Thread - 0] INFO  datanode.InitDatanodeState (InitDatanodeState.java:persistContainerDatanodeDetails(145)) - DatanodeDetails is persisted to /github/workspace/mnt/ozone/hadoop-ozone/integration-test/target/test-dir/MiniOzoneClusterImpl-93e83c9e-276a-4dbb-b3a7-721354e8147f/datanode-4/meta/datanode.id
2020-06-03 15:18:00,201 [Listener at 127.0.0.1/39701] INFO  impl.RaftServerProxy (ConfUtils.java:logGet(44)) - raft.rpc.type = GRPC (default)
2020-06-03 15:18:00,202 [Listener at 127.0.0.1/39701] INFO  grpc.GrpcFactory (GrpcFactory.java:checkPooledByteBufAllocatorUseCacheForAllThreads(45)) - PERFORMANCE WARNING: useCacheForAllThreads is true that may cause Netty to create a lot garbage objects and, as a result, trigger GC.
	It is recommended to disable useCacheForAllThreads by setting -Dorg.apache.ratis.thirdparty.io.netty.allocator.useCacheForAllThreads=false in command line.
2020-06-03 15:18:00,202 [Listener at 127.0.0.1/39701] INFO  grpc.GrpcConfigKeys (ConfUtils.java:logGet(44)) - raft.grpc.server.port = 0 (default)
2020-06-03 15:18:00,202 [Listener at 127.0.0.1/39701] INFO  server.GrpcService (ConfUtils.java:logGet(44)) - raft.grpc.message.size.max = 32MB (=33554432) (custom)
2020-06-03 15:18:00,202 [Listener at 127.0.0.1/39701] INFO  server.RaftServerConfigKeys (ConfUtils.java:logGet(44)) - raft.server.log.appender.buffer.byte-limit = 33554432 (custom)
2020-06-03 15:18:00,202 [Listener at 127.0.0.1/39701] INFO  server.GrpcService (ConfUtils.java:logGet(44)) - raft.grpc.flow.control.window = 5MB (=5242880) (custom)
2020-06-03 15:18:00,202 [Listener at 127.0.0.1/39701] INFO  server.RaftServerConfigKeys (ConfUtils.java:logGet(44)) - raft.server.rpc.request.timeout = 3s (default)
2020-06-03 15:18:00,203 [Listener at 127.0.0.1/39701] INFO  server.RaftServerConfigKeys (ConfUtils.java:logGet(44)) - raft.server.storage.dir = [/github/workspace/mnt/ozone/hadoop-ozone/integration-test/target/test-dir/MiniOzoneClusterImpl-93e83c9e-276a-4dbb-b3a7-721354e8147f/datanode-5/data/ratis] (custom)
2020-06-03 15:18:00,210 [Listener at 127.0.0.1/39701] INFO  http.BaseHttpServer (BaseHttpServer.java:newHttpServer2BuilderForOzone(205)) - Starting Web-server for hddsDatanode at: http://0.0.0.0:0
2020-06-03 15:18:00,210 [Listener at 127.0.0.1/39701] INFO  http.BaseHttpServer (BaseHttpServer.java:<init>(106)) - Hadoop Security Enabled: false Ozone Security Enabled: false Ozone HTTP Security Enabled: false 
2020-06-03 15:18:00,211 [Listener at 127.0.0.1/39701] INFO  server.AuthenticationFilter (AuthenticationFilter.java:constructSecretProvider(240)) - Unable to initialize FileSignerSecretProvider, falling back to use random secrets.
2020-06-03 15:18:00,211 [Listener at 127.0.0.1/39701] WARN  http.HttpRequestLog (HttpRequestLog.java:getRequestLog(103)) - Jetty request log can only be enabled using Log4j
2020-06-03 15:18:00,212 [Listener at 127.0.0.1/39701] INFO  http.HttpServer2 (HttpServer2.java:addGlobalFilter(993)) - Added global filter 'safety' (class=org.apache.hadoop.hdds.server.http.HttpServer2$QuotingInputFilter)
2020-06-03 15:18:00,212 [Listener at 127.0.0.1/39701] INFO  http.HttpServer2 (HttpServer2.java:addFilter(969)) - Added filter authentication (class=org.apache.hadoop.security.authentication.server.AuthenticationFilter) to context hddsDatanode
2020-06-03 15:18:00,212 [Listener at 127.0.0.1/39701] INFO  http.HttpServer2 (HttpServer2.java:addFilter(977)) - Added filter authentication (class=org.apache.hadoop.security.authentication.server.AuthenticationFilter) to context logs
2020-06-03 15:18:00,213 [Listener at 127.0.0.1/39701] INFO  http.HttpServer2 (HttpServer2.java:addFilter(977)) - Added filter authentication (class=org.apache.hadoop.security.authentication.server.AuthenticationFilter) to context static
2020-06-03 15:18:00,213 [Listener at 127.0.0.1/39701] INFO  http.HttpServer2 (HttpServer2.java:bindListener(1211)) - Jetty bound to port 36487
2020-06-03 15:18:00,213 [Listener at 127.0.0.1/39701] INFO  server.Server (Server.java:doStart(359)) - jetty-9.4.26.v20200117; built: 2020-01-17T12:35:33.676Z; git: 7b38981d25d14afb4a12ff1f2596756144edf695; jvm 1.8.0_232-b09
2020-06-03 15:18:00,215 [Listener at 127.0.0.1/39701] INFO  server.session (DefaultSessionIdManager.java:doStart(333)) - DefaultSessionIdManager workerName=node0
2020-06-03 15:18:00,215 [Listener at 127.0.0.1/39701] INFO  server.session (DefaultSessionIdManager.java:doStart(338)) - No SessionScavenger set, using defaults
2020-06-03 15:18:00,216 [Listener at 127.0.0.1/39701] INFO  server.session (HouseKeeper.java:startScavenging(140)) - node0 Scavenging every 660000ms
2020-06-03 15:18:00,216 [Listener at 127.0.0.1/39701] INFO  server.AuthenticationFilter (AuthenticationFilter.java:constructSecretProvider(240)) - Unable to initialize FileSignerSecretProvider, falling back to use random secrets.
2020-06-03 15:18:00,222 [Listener at 127.0.0.1/39701] INFO  handler.ContextHandler (ContextHandler.java:doStart(825)) - Started o.e.j.s.ServletContextHandler@4af75d42{logs,/logs,file:///github/workspace/mnt/ozone/hadoop-ozone/integration-test/target/log,AVAILABLE}
2020-06-03 15:18:00,222 [Listener at 127.0.0.1/39701] INFO  handler.ContextHandler (ContextHandler.java:doStart(825)) - Started o.e.j.s.ServletContextHandler@1d60655e{static,/static,jar:file:/home/user/.m2/repository/org/apache/hadoop/hadoop-hdds-container-service/0.6.0-SNAPSHOT/hadoop-hdds-container-service-0.6.0-SNAPSHOT.jar!/webapps/static,AVAILABLE}
2020-06-03 15:18:00,251 [Listener at 127.0.0.1/39701] INFO  handler.ContextHandler (ContextHandler.java:doStart(825)) - Started o.e.j.w.WebAppContext@14f2753c{hddsDatanode,/,file:///tmp/jetty-0_0_0_0-36487-hadoop-hdds-container-service-0_6_0-SNAPSHOT_jar-_-any-8747151738003279760.dir/webapp/,AVAILABLE}{jar:file:/home/user/.m2/repository/org/apache/hadoop/hadoop-hdds-container-service/0.6.0-SNAPSHOT/hadoop-hdds-container-service-0.6.0-SNAPSHOT.jar!/webapps/hddsDatanode}
2020-06-03 15:18:00,252 [Listener at 127.0.0.1/39701] INFO  server.AbstractConnector (AbstractConnector.java:doStart(330)) - Started ServerConnector@6db67e67{HTTP/1.1,[http/1.1]}{0.0.0.0:36487}
2020-06-03 15:18:00,252 [Listener at 127.0.0.1/39701] INFO  server.Server (Server.java:doStart(399)) - Started @40174ms
2020-06-03 15:18:00,252 [Listener at 127.0.0.1/39701] WARN  impl.MetricsSystemImpl (MetricsSystemImpl.java:register(276)) - Sink prometheus already exists!
2020-06-03 15:18:00,255 [Listener at 127.0.0.1/39701] INFO  http.BaseHttpServer (BaseHttpServer.java:updateConnectorAddress(325)) - HTTP server of hddsDatanode listening at http://0.0.0.0:36487
2020-06-03 15:18:00,255 [Listener at 127.0.0.1/39701] INFO  impl.MetricsSystemImpl (MetricsSystemImpl.java:init(158)) - HddsDatanode metrics system started (again)
2020-06-03 15:18:00,257 [Listener at 127.0.0.1/39701] INFO  ozone.HddsDatanodeService (HddsDatanodeService.java:start(205)) - HddsDatanodeService host:6feb74794fe2 ip:172.17.0.2
2020-06-03 15:18:00,259 [Listener at 127.0.0.1/39701] INFO  volume.HddsVolume (HddsVolume.java:<init>(176)) - Creating Volume: /github/workspace/mnt/ozone/hadoop-ozone/integration-test/target/test-dir/MiniOzoneClusterImpl-93e83c9e-276a-4dbb-b3a7-721354e8147f/datanode-6/data-0/containers/hdds of storage type : DISK and capacity : 9223372036854775807
2020-06-03 15:18:00,259 [Listener at 127.0.0.1/39701] INFO  volume.MutableVolumeSet (MutableVolumeSet.java:initializeVolumeSet(181)) - Added Volume : /github/workspace/mnt/ozone/hadoop-ozone/integration-test/target/test-dir/MiniOzoneClusterImpl-93e83c9e-276a-4dbb-b3a7-721354e8147f/datanode-6/data-0/containers/hdds to VolumeSet
2020-06-03 15:18:00,259 [Listener at 127.0.0.1/39701] INFO  volume.ThrottledAsyncChecker (ThrottledAsyncChecker.java:schedule(141)) - Scheduling a check for /github/workspace/mnt/ozone/hadoop-ozone/integration-test/target/test-dir/MiniOzoneClusterImpl-93e83c9e-276a-4dbb-b3a7-721354e8147f/datanode-6/data-0/containers/hdds
2020-06-03 15:18:00,261 [Listener at 127.0.0.1/39701] INFO  volume.HddsVolumeChecker (HddsVolumeChecker.java:checkAllVolumes(200)) - Scheduled health check for volume /github/workspace/mnt/ozone/hadoop-ozone/integration-test/target/test-dir/MiniOzoneClusterImpl-93e83c9e-276a-4dbb-b3a7-721354e8147f/datanode-6/data-0/containers/hdds
2020-06-03 15:18:00,266 [org.apache.hadoop.util.JvmPauseMonitor$Monitor@127150ba] INFO  util.JvmPauseMonitor (JvmPauseMonitor.java:run(188)) - Starting JVM pause monitor
2020-06-03 15:18:00,267 [Datanode State Machine Thread - 0] INFO  datanode.InitDatanodeState (InitDatanodeState.java:persistContainerDatanodeDetails(145)) - DatanodeDetails is persisted to /github/workspace/mnt/ozone/hadoop-ozone/integration-test/target/test-dir/MiniOzoneClusterImpl-93e83c9e-276a-4dbb-b3a7-721354e8147f/datanode-5/meta/datanode.id
2020-06-03 15:18:00,279 [Listener at 127.0.0.1/39701] INFO  impl.RaftServerProxy (ConfUtils.java:logGet(44)) - raft.rpc.type = GRPC (default)
2020-06-03 15:18:00,279 [Listener at 127.0.0.1/39701] INFO  grpc.GrpcFactory (GrpcFactory.java:checkPooledByteBufAllocatorUseCacheForAllThreads(45)) - PERFORMANCE WARNING: useCacheForAllThreads is true that may cause Netty to create a lot garbage objects and, as a result, trigger GC.
	It is recommended to disable useCacheForAllThreads by setting -Dorg.apache.ratis.thirdparty.io.netty.allocator.useCacheForAllThreads=false in command line.
2020-06-03 15:18:00,279 [Listener at 127.0.0.1/39701] INFO  grpc.GrpcConfigKeys (ConfUtils.java:logGet(44)) - raft.grpc.server.port = 0 (default)
2020-06-03 15:18:00,279 [Listener at 127.0.0.1/39701] INFO  server.GrpcService (ConfUtils.java:logGet(44)) - raft.grpc.message.size.max = 32MB (=33554432) (custom)
2020-06-03 15:18:00,279 [Listener at 127.0.0.1/39701] INFO  server.RaftServerConfigKeys (ConfUtils.java:logGet(44)) - raft.server.log.appender.buffer.byte-limit = 33554432 (custom)
2020-06-03 15:18:00,280 [Listener at 127.0.0.1/39701] INFO  server.GrpcService (ConfUtils.java:logGet(44)) - raft.grpc.flow.control.window = 5MB (=5242880) (custom)
2020-06-03 15:18:00,280 [Listener at 127.0.0.1/39701] INFO  server.RaftServerConfigKeys (ConfUtils.java:logGet(44)) - raft.server.rpc.request.timeout = 3s (default)
2020-06-03 15:18:00,280 [Listener at 127.0.0.1/39701] INFO  server.RaftServerConfigKeys (ConfUtils.java:logGet(44)) - raft.server.storage.dir = [/github/workspace/mnt/ozone/hadoop-ozone/integration-test/target/test-dir/MiniOzoneClusterImpl-93e83c9e-276a-4dbb-b3a7-721354e8147f/datanode-6/data/ratis] (custom)
2020-06-03 15:18:00,284 [Listener at 127.0.0.1/39701] INFO  http.BaseHttpServer (BaseHttpServer.java:newHttpServer2BuilderForOzone(205)) - Starting Web-server for hddsDatanode at: http://0.0.0.0:0
2020-06-03 15:18:00,284 [Listener at 127.0.0.1/39701] INFO  http.BaseHttpServer (BaseHttpServer.java:<init>(106)) - Hadoop Security Enabled: false Ozone Security Enabled: false Ozone HTTP Security Enabled: false 
2020-06-03 15:18:00,285 [Listener at 127.0.0.1/39701] INFO  server.AuthenticationFilter (AuthenticationFilter.java:constructSecretProvider(240)) - Unable to initialize FileSignerSecretProvider, falling back to use random secrets.
2020-06-03 15:18:00,285 [Listener at 127.0.0.1/39701] WARN  http.HttpRequestLog (HttpRequestLog.java:getRequestLog(103)) - Jetty request log can only be enabled using Log4j
2020-06-03 15:18:00,286 [Listener at 127.0.0.1/39701] INFO  http.HttpServer2 (HttpServer2.java:addGlobalFilter(993)) - Added global filter 'safety' (class=org.apache.hadoop.hdds.server.http.HttpServer2$QuotingInputFilter)
2020-06-03 15:18:00,286 [Listener at 127.0.0.1/39701] INFO  http.HttpServer2 (HttpServer2.java:addFilter(969)) - Added filter authentication (class=org.apache.hadoop.security.authentication.server.AuthenticationFilter) to context hddsDatanode
2020-06-03 15:18:00,286 [Listener at 127.0.0.1/39701] INFO  http.HttpServer2 (HttpServer2.java:addFilter(977)) - Added filter authentication (class=org.apache.hadoop.security.authentication.server.AuthenticationFilter) to context logs
2020-06-03 15:18:00,287 [Listener at 127.0.0.1/39701] INFO  http.HttpServer2 (HttpServer2.java:addFilter(977)) - Added filter authentication (class=org.apache.hadoop.security.authentication.server.AuthenticationFilter) to context static
2020-06-03 15:18:00,287 [Listener at 127.0.0.1/39701] INFO  http.HttpServer2 (HttpServer2.java:bindListener(1211)) - Jetty bound to port 38317
2020-06-03 15:18:00,287 [Listener at 127.0.0.1/39701] INFO  server.Server (Server.java:doStart(359)) - jetty-9.4.26.v20200117; built: 2020-01-17T12:35:33.676Z; git: 7b38981d25d14afb4a12ff1f2596756144edf695; jvm 1.8.0_232-b09
2020-06-03 15:18:00,289 [Listener at 127.0.0.1/39701] INFO  server.session (DefaultSessionIdManager.java:doStart(333)) - DefaultSessionIdManager workerName=node0
2020-06-03 15:18:00,289 [Listener at 127.0.0.1/39701] INFO  server.session (DefaultSessionIdManager.java:doStart(338)) - No SessionScavenger set, using defaults
2020-06-03 15:18:00,289 [Listener at 127.0.0.1/39701] INFO  server.session (HouseKeeper.java:startScavenging(140)) - node0 Scavenging every 600000ms
2020-06-03 15:18:00,291 [Listener at 127.0.0.1/39701] INFO  server.AuthenticationFilter (AuthenticationFilter.java:constructSecretProvider(240)) - Unable to initialize FileSignerSecretProvider, falling back to use random secrets.
2020-06-03 15:18:00,293 [Listener at 127.0.0.1/39701] INFO  handler.ContextHandler (ContextHandler.java:doStart(825)) - Started o.e.j.s.ServletContextHandler@50c70257{logs,/logs,file:///github/workspace/mnt/ozone/hadoop-ozone/integration-test/target/log,AVAILABLE}
2020-06-03 15:18:00,293 [Listener at 127.0.0.1/39701] INFO  handler.ContextHandler (ContextHandler.java:doStart(825)) - Started o.e.j.s.ServletContextHandler@10ba2ccf{static,/static,jar:file:/home/user/.m2/repository/org/apache/hadoop/hadoop-hdds-container-service/0.6.0-SNAPSHOT/hadoop-hdds-container-service-0.6.0-SNAPSHOT.jar!/webapps/static,AVAILABLE}
2020-06-03 15:18:00,319 [Listener at 127.0.0.1/39701] INFO  handler.ContextHandler (ContextHandler.java:doStart(825)) - Started o.e.j.w.WebAppContext@7c5ae087{hddsDatanode,/,file:///tmp/jetty-0_0_0_0-38317-hadoop-hdds-container-service-0_6_0-SNAPSHOT_jar-_-any-3002111290890610615.dir/webapp/,AVAILABLE}{jar:file:/home/user/.m2/repository/org/apache/hadoop/hadoop-hdds-container-service/0.6.0-SNAPSHOT/hadoop-hdds-container-service-0.6.0-SNAPSHOT.jar!/webapps/hddsDatanode}
2020-06-03 15:18:00,320 [Listener at 127.0.0.1/39701] INFO  server.AbstractConnector (AbstractConnector.java:doStart(330)) - Started ServerConnector@2e77343c{HTTP/1.1,[http/1.1]}{0.0.0.0:38317}
2020-06-03 15:18:00,320 [Listener at 127.0.0.1/39701] INFO  server.Server (Server.java:doStart(399)) - Started @40243ms
2020-06-03 15:18:00,320 [Listener at 127.0.0.1/39701] WARN  impl.MetricsSystemImpl (MetricsSystemImpl.java:register(276)) - Sink prometheus already exists!
2020-06-03 15:18:00,323 [Listener at 127.0.0.1/39701] INFO  http.BaseHttpServer (BaseHttpServer.java:updateConnectorAddress(325)) - HTTP server of hddsDatanode listening at http://0.0.0.0:38317
2020-06-03 15:18:00,323 [Listener at 127.0.0.1/39701] INFO  ozone.MiniOzoneClusterImpl (MiniOzoneClusterImpl.java:lambda$waitForClusterToBeReady$0(177)) - Waiting for nodes to be ready. Got 0 of 7 DN Heartbeats.
2020-06-03 15:18:00,324 [Listener at 127.0.0.1/39701] INFO  ozone.MiniOzoneClusterImpl (MiniOzoneClusterImpl.java:lambda$waitForClusterToBeReady$0(180)) - Waiting for cluster to exit safe mode
2020-06-03 15:18:00,326 [org.apache.hadoop.util.JvmPauseMonitor$Monitor@17693e4c] INFO  util.JvmPauseMonitor (JvmPauseMonitor.java:run(188)) - Starting JVM pause monitor
2020-06-03 15:18:00,327 [Datanode State Machine Thread - 0] INFO  datanode.InitDatanodeState (InitDatanodeState.java:persistContainerDatanodeDetails(145)) - DatanodeDetails is persisted to /github/workspace/mnt/ozone/hadoop-ozone/integration-test/target/test-dir/MiniOzoneClusterImpl-93e83c9e-276a-4dbb-b3a7-721354e8147f/datanode-6/meta/datanode.id
2020-06-03 15:18:01,325 [Listener at 127.0.0.1/39701] INFO  ozone.MiniOzoneClusterImpl (MiniOzoneClusterImpl.java:lambda$waitForClusterToBeReady$0(177)) - Waiting for nodes to be ready. Got 0 of 7 DN Heartbeats.
2020-06-03 15:18:01,325 [Listener at 127.0.0.1/39701] INFO  ozone.MiniOzoneClusterImpl (MiniOzoneClusterImpl.java:lambda$waitForClusterToBeReady$0(180)) - Waiting for cluster to exit safe mode
2020-06-03 15:18:01,859 [Datanode State Machine Thread - 0] INFO  ozoneimpl.OzoneContainer (OzoneContainer.java:start(232)) - Attempting to start container services.
2020-06-03 15:18:01,860 [Datanode State Machine Thread - 0] INFO  ozoneimpl.OzoneContainer (OzoneContainer.java:startContainerScrub(196)) - Background container scanner has been disabled.
2020-06-03 15:18:01,860 [Datanode State Machine Thread - 0] INFO  ratis.XceiverServerRatis (XceiverServerRatis.java:start(425)) - Starting XceiverServerRatis 1e3e64b2-ca5c-45b2-a309-40d7e3e20788 at port 0
2020-06-03 15:18:01,861 [Datanode State Machine Thread - 0] INFO  impl.RaftServerProxy (RaftServerProxy.java:lambda$start$3(299)) - 1e3e64b2-ca5c-45b2-a309-40d7e3e20788: start RPC server
2020-06-03 15:18:01,862 [Datanode State Machine Thread - 0] INFO  server.GrpcService (GrpcService.java:startImpl(159)) - 1e3e64b2-ca5c-45b2-a309-40d7e3e20788: GrpcService started, listening on 0.0.0.0/0.0.0.0:42877
2020-06-03 15:18:01,862 [Datanode State Machine Thread - 0] INFO  ratis.XceiverServerRatis (XceiverServerRatis.java:start(437)) - XceiverServerRatis 1e3e64b2-ca5c-45b2-a309-40d7e3e20788 is started using port 42877
2020-06-03 15:18:01,862 [Datanode State Machine Thread - 0] INFO  server.XceiverServerGrpc (XceiverServerGrpc.java:start(145)) - XceiverServerGrpc 1e3e64b2-ca5c-45b2-a309-40d7e3e20788 is started using port 36357
2020-06-03 15:18:01,943 [Datanode State Machine Thread - 0] INFO  ozoneimpl.OzoneContainer (OzoneContainer.java:start(232)) - Attempting to start container services.
2020-06-03 15:18:01,944 [Datanode State Machine Thread - 0] INFO  ozoneimpl.OzoneContainer (OzoneContainer.java:startContainerScrub(196)) - Background container scanner has been disabled.
2020-06-03 15:18:01,944 [Datanode State Machine Thread - 0] INFO  ratis.XceiverServerRatis (XceiverServerRatis.java:start(425)) - Starting XceiverServerRatis 6ec6622b-874a-4105-ad29-8c51f142f239 at port 0
2020-06-03 15:18:01,945 [Datanode State Machine Thread - 0] INFO  impl.RaftServerProxy (RaftServerProxy.java:lambda$start$3(299)) - 6ec6622b-874a-4105-ad29-8c51f142f239: start RPC server
2020-06-03 15:18:01,945 [Datanode State Machine Thread - 0] INFO  server.GrpcService (GrpcService.java:startImpl(159)) - 6ec6622b-874a-4105-ad29-8c51f142f239: GrpcService started, listening on 0.0.0.0/0.0.0.0:38415
2020-06-03 15:18:01,946 [Datanode State Machine Thread - 0] INFO  ratis.XceiverServerRatis (XceiverServerRatis.java:start(437)) - XceiverServerRatis 6ec6622b-874a-4105-ad29-8c51f142f239 is started using port 38415
2020-06-03 15:18:01,946 [Datanode State Machine Thread - 0] INFO  server.XceiverServerGrpc (XceiverServerGrpc.java:start(145)) - XceiverServerGrpc 6ec6622b-874a-4105-ad29-8c51f142f239 is started using port 44453
2020-06-03 15:18:02,020 [Datanode State Machine Thread - 0] INFO  ozoneimpl.OzoneContainer (OzoneContainer.java:start(232)) - Attempting to start container services.
2020-06-03 15:18:02,020 [Datanode State Machine Thread - 0] INFO  ozoneimpl.OzoneContainer (OzoneContainer.java:startContainerScrub(196)) - Background container scanner has been disabled.
2020-06-03 15:18:02,020 [Datanode State Machine Thread - 0] INFO  ratis.XceiverServerRatis (XceiverServerRatis.java:start(425)) - Starting XceiverServerRatis c31126df-e0e6-41a0-b8a6-c917e41713fb at port 0
2020-06-03 15:18:02,023 [Datanode State Machine Thread - 0] INFO  impl.RaftServerProxy (RaftServerProxy.java:lambda$start$3(299)) - c31126df-e0e6-41a0-b8a6-c917e41713fb: start RPC server
2020-06-03 15:18:02,024 [Datanode State Machine Thread - 0] INFO  server.GrpcService (GrpcService.java:startImpl(159)) - c31126df-e0e6-41a0-b8a6-c917e41713fb: GrpcService started, listening on 0.0.0.0/0.0.0.0:43385
2020-06-03 15:18:02,024 [Datanode State Machine Thread - 0] INFO  ratis.XceiverServerRatis (XceiverServerRatis.java:start(437)) - XceiverServerRatis c31126df-e0e6-41a0-b8a6-c917e41713fb is started using port 43385
2020-06-03 15:18:02,026 [Datanode State Machine Thread - 0] INFO  server.XceiverServerGrpc (XceiverServerGrpc.java:start(145)) - XceiverServerGrpc c31126df-e0e6-41a0-b8a6-c917e41713fb is started using port 37893
2020-06-03 15:18:02,110 [Datanode State Machine Thread - 0] INFO  ozoneimpl.OzoneContainer (OzoneContainer.java:start(232)) - Attempting to start container services.
2020-06-03 15:18:02,110 [Datanode State Machine Thread - 0] INFO  ozoneimpl.OzoneContainer (OzoneContainer.java:startContainerScrub(196)) - Background container scanner has been disabled.
2020-06-03 15:18:02,110 [Datanode State Machine Thread - 0] INFO  ratis.XceiverServerRatis (XceiverServerRatis.java:start(425)) - Starting XceiverServerRatis 48947e53-0809-4443-b86e-4d7be828377d at port 0
2020-06-03 15:18:02,111 [Datanode State Machine Thread - 0] INFO  impl.RaftServerProxy (RaftServerProxy.java:lambda$start$3(299)) - 48947e53-0809-4443-b86e-4d7be828377d: start RPC server
2020-06-03 15:18:02,112 [Datanode State Machine Thread - 0] INFO  server.GrpcService (GrpcService.java:startImpl(159)) - 48947e53-0809-4443-b86e-4d7be828377d: GrpcService started, listening on 0.0.0.0/0.0.0.0:34143
2020-06-03 15:18:02,112 [Datanode State Machine Thread - 0] INFO  ratis.XceiverServerRatis (XceiverServerRatis.java:start(437)) - XceiverServerRatis 48947e53-0809-4443-b86e-4d7be828377d is started using port 34143
2020-06-03 15:18:02,114 [Datanode State Machine Thread - 0] INFO  server.XceiverServerGrpc (XceiverServerGrpc.java:start(145)) - XceiverServerGrpc 48947e53-0809-4443-b86e-4d7be828377d is started using port 37167
2020-06-03 15:18:02,185 [Datanode State Machine Thread - 0] INFO  ozoneimpl.OzoneContainer (OzoneContainer.java:start(232)) - Attempting to start container services.
2020-06-03 15:18:02,186 [Datanode State Machine Thread - 0] INFO  ozoneimpl.OzoneContainer (OzoneContainer.java:startContainerScrub(196)) - Background container scanner has been disabled.
2020-06-03 15:18:02,186 [Datanode State Machine Thread - 0] INFO  ratis.XceiverServerRatis (XceiverServerRatis.java:start(425)) - Starting XceiverServerRatis 3e502d42-633f-4126-a3a8-4f1bbeec568c at port 0
2020-06-03 15:18:02,186 [Datanode State Machine Thread - 0] INFO  impl.RaftServerProxy (RaftServerProxy.java:lambda$start$3(299)) - 3e502d42-633f-4126-a3a8-4f1bbeec568c: start RPC server
2020-06-03 15:18:02,187 [Datanode State Machine Thread - 0] INFO  server.GrpcService (GrpcService.java:startImpl(159)) - 3e502d42-633f-4126-a3a8-4f1bbeec568c: GrpcService started, listening on 0.0.0.0/0.0.0.0:39147
2020-06-03 15:18:02,187 [Datanode State Machine Thread - 0] INFO  ratis.XceiverServerRatis (XceiverServerRatis.java:start(437)) - XceiverServerRatis 3e502d42-633f-4126-a3a8-4f1bbeec568c is started using port 39147
2020-06-03 15:18:02,188 [Datanode State Machine Thread - 0] INFO  server.XceiverServerGrpc (XceiverServerGrpc.java:start(145)) - XceiverServerGrpc 3e502d42-633f-4126-a3a8-4f1bbeec568c is started using port 35485
2020-06-03 15:18:02,270 [Datanode State Machine Thread - 0] INFO  ozoneimpl.OzoneContainer (OzoneContainer.java:start(232)) - Attempting to start container services.
2020-06-03 15:18:02,270 [Datanode State Machine Thread - 0] INFO  ozoneimpl.OzoneContainer (OzoneContainer.java:startContainerScrub(196)) - Background container scanner has been disabled.
2020-06-03 15:18:02,271 [Datanode State Machine Thread - 0] INFO  ratis.XceiverServerRatis (XceiverServerRatis.java:start(425)) - Starting XceiverServerRatis 88470e20-4387-4d75-923d-5048e0fb5f03 at port 0
2020-06-03 15:18:02,272 [Datanode State Machine Thread - 0] INFO  impl.RaftServerProxy (RaftServerProxy.java:lambda$start$3(299)) - 88470e20-4387-4d75-923d-5048e0fb5f03: start RPC server
2020-06-03 15:18:02,274 [Datanode State Machine Thread - 0] INFO  server.GrpcService (GrpcService.java:startImpl(159)) - 88470e20-4387-4d75-923d-5048e0fb5f03: GrpcService started, listening on 0.0.0.0/0.0.0.0:36237
2020-06-03 15:18:02,274 [Datanode State Machine Thread - 0] INFO  ratis.XceiverServerRatis (XceiverServerRatis.java:start(437)) - XceiverServerRatis 88470e20-4387-4d75-923d-5048e0fb5f03 is started using port 36237
2020-06-03 15:18:02,275 [Datanode State Machine Thread - 0] INFO  server.XceiverServerGrpc (XceiverServerGrpc.java:start(145)) - XceiverServerGrpc 88470e20-4387-4d75-923d-5048e0fb5f03 is started using port 46253
2020-06-03 15:18:02,325 [Listener at 127.0.0.1/39701] INFO  ozone.MiniOzoneClusterImpl (MiniOzoneClusterImpl.java:lambda$waitForClusterToBeReady$0(177)) - Waiting for nodes to be ready. Got 0 of 7 DN Heartbeats.
2020-06-03 15:18:02,325 [Listener at 127.0.0.1/39701] INFO  ozone.MiniOzoneClusterImpl (MiniOzoneClusterImpl.java:lambda$waitForClusterToBeReady$0(180)) - Waiting for cluster to exit safe mode
2020-06-03 15:18:02,329 [Datanode State Machine Thread - 0] INFO  ozoneimpl.OzoneContainer (OzoneContainer.java:start(232)) - Attempting to start container services.
2020-06-03 15:18:02,330 [Datanode State Machine Thread - 0] INFO  ozoneimpl.OzoneContainer (OzoneContainer.java:startContainerScrub(196)) - Background container scanner has been disabled.
2020-06-03 15:18:02,330 [Datanode State Machine Thread - 0] INFO  ratis.XceiverServerRatis (XceiverServerRatis.java:start(425)) - Starting XceiverServerRatis d8a5a23a-75a8-4ec2-9efd-b06a0dfae0db at port 0
2020-06-03 15:18:02,331 [Datanode State Machine Thread - 0] INFO  impl.RaftServerProxy (RaftServerProxy.java:lambda$start$3(299)) - d8a5a23a-75a8-4ec2-9efd-b06a0dfae0db: start RPC server
2020-06-03 15:18:02,332 [Datanode State Machine Thread - 0] INFO  server.GrpcService (GrpcService.java:startImpl(159)) - d8a5a23a-75a8-4ec2-9efd-b06a0dfae0db: GrpcService started, listening on 0.0.0.0/0.0.0.0:40211
2020-06-03 15:18:02,332 [Datanode State Machine Thread - 0] INFO  ratis.XceiverServerRatis (XceiverServerRatis.java:start(437)) - XceiverServerRatis d8a5a23a-75a8-4ec2-9efd-b06a0dfae0db is started using port 40211
2020-06-03 15:18:02,333 [Datanode State Machine Thread - 0] INFO  server.XceiverServerGrpc (XceiverServerGrpc.java:start(145)) - XceiverServerGrpc d8a5a23a-75a8-4ec2-9efd-b06a0dfae0db is started using port 44273
2020-06-03 15:18:03,326 [Listener at 127.0.0.1/39701] INFO  ozone.MiniOzoneClusterImpl (MiniOzoneClusterImpl.java:lambda$waitForClusterToBeReady$0(177)) - Waiting for nodes to be ready. Got 0 of 7 DN Heartbeats.
2020-06-03 15:18:03,326 [Listener at 127.0.0.1/39701] INFO  ozone.MiniOzoneClusterImpl (MiniOzoneClusterImpl.java:lambda$waitForClusterToBeReady$0(180)) - Waiting for cluster to exit safe mode
2020-06-03 15:18:03,854 [IPC Server handler 0 on default port 41757] INFO  net.NetworkTopology (NetworkTopologyImpl.java:add(111)) - Added a new node: /default-rack/1e3e64b2-ca5c-45b2-a309-40d7e3e20788
2020-06-03 15:18:03,854 [IPC Server handler 0 on default port 41757] INFO  node.SCMNodeManager (SCMNodeManager.java:register(268)) - Registered Data node : 1e3e64b2-ca5c-45b2-a309-40d7e3e20788{ip: 172.17.0.2, host: 6feb74794fe2, networkLocation: /default-rack, certSerialId: null}
2020-06-03 15:18:03,855 [RatisPipelineUtilsThread] INFO  pipeline.RatisPipelineProvider (RatisPipelineProvider.java:lambda$create$0(138)) - Sending CreatePipelineCommand for pipeline:PipelineID=5df7a5b5-ff71-437c-ade9-13276bcce36b to datanode:1e3e64b2-ca5c-45b2-a309-40d7e3e20788
2020-06-03 15:18:03,856 [EventQueue-NodeRegistrationContainerReportForContainerSafeModeRule] INFO  safemode.SCMSafeModeManager (SCMSafeModeManager.java:validateSafeModeExitRules(213)) - ContainerSafeModeRule rule is successfully validated
2020-06-03 15:18:03,856 [EventQueue-NodeRegistrationContainerReportForDataNodeSafeModeRule] INFO  safemode.SCMSafeModeManager (DataNodeSafeModeRule.java:process(71)) - SCM in safe mode. 1 DataNodes registered, 1 required.
2020-06-03 15:18:03,857 [EventQueue-NodeRegistrationContainerReportForDataNodeSafeModeRule] INFO  safemode.SCMSafeModeManager (SCMSafeModeManager.java:validateSafeModeExitRules(213)) - DataNodeSafeModeRule rule is successfully validated
2020-06-03 15:18:03,857 [EventQueue-NodeRegistrationContainerReportForDataNodeSafeModeRule] INFO  safemode.SCMSafeModeManager (SCMSafeModeManager.java:completePreCheck(241)) - All SCM safe mode pre check rules have passed
2020-06-03 15:18:03,857 [RatisPipelineUtilsThread] INFO  pipeline.PipelineStateManager (PipelineStateManager.java:addPipeline(54)) - Created pipeline Pipeline[ Id: 5df7a5b5-ff71-437c-ade9-13276bcce36b, Nodes: 1e3e64b2-ca5c-45b2-a309-40d7e3e20788{ip: 172.17.0.2, host: 6feb74794fe2, networkLocation: /default-rack, certSerialId: null}, Type:RATIS, Factor:ONE, State:ALLOCATED, leaderId:null, CreationTimestamp2020-06-03T15:18:03.855Z]
2020-06-03 15:18:03,858 [RatisPipelineUtilsThread] ERROR pipeline.SCMPipelineManager (SCMPipelineManager.java:createPipeline(222)) - Failed to create pipeline of type RATIS and factor ONE. Exception: Cannot create pipeline of factor 1 using 0 nodes. Used 1 nodes. Healthy nodes 1
2020-06-03 15:18:03,858 [RatisPipelineUtilsThread] WARN  pipeline.PipelinePlacementPolicy (PipelinePlacementPolicy.java:filterViableNodes(133)) - Pipeline creation failed due to no sufficient healthy datanodes. Required 3. Found 1.
2020-06-03 15:18:03,858 [RatisPipelineUtilsThread] ERROR pipeline.SCMPipelineManager (SCMPipelineManager.java:createPipeline(222)) - Failed to create pipeline of type RATIS and factor THREE. Exception: Pipeline creation failed due to no sufficient healthy datanodes. Required 3. Found 1.
2020-06-03 15:18:03,940 [IPC Server handler 1 on default port 41757] INFO  net.NetworkTopology (NetworkTopologyImpl.java:add(111)) - Added a new node: /default-rack/6ec6622b-874a-4105-ad29-8c51f142f239
2020-06-03 15:18:03,941 [IPC Server handler 1 on default port 41757] INFO  node.SCMNodeManager (SCMNodeManager.java:register(268)) - Registered Data node : 6ec6622b-874a-4105-ad29-8c51f142f239{ip: 172.17.0.2, host: 6feb74794fe2, networkLocation: /default-rack, certSerialId: null}
2020-06-03 15:18:03,941 [RatisPipelineUtilsThread] INFO  pipeline.RatisPipelineProvider (RatisPipelineProvider.java:lambda$create$0(138)) - Sending CreatePipelineCommand for pipeline:PipelineID=92db0bb1-1faf-49d6-874b-309d2f0730dd to datanode:6ec6622b-874a-4105-ad29-8c51f142f239
2020-06-03 15:18:03,941 [EventQueue-NodeRegistrationContainerReportForContainerSafeModeRule] INFO  safemode.SCMSafeModeManager (SCMSafeModeManager.java:validateSafeModeExitRules(213)) - ContainerSafeModeRule rule is successfully validated
2020-06-03 15:18:03,941 [EventQueue-NodeRegistrationContainerReportForDataNodeSafeModeRule] INFO  safemode.SCMSafeModeManager (SCMSafeModeManager.java:validateSafeModeExitRules(213)) - DataNodeSafeModeRule rule is successfully validated
2020-06-03 15:18:03,941 [RatisPipelineUtilsThread] INFO  pipeline.PipelineStateManager (PipelineStateManager.java:addPipeline(54)) - Created pipeline Pipeline[ Id: 92db0bb1-1faf-49d6-874b-309d2f0730dd, Nodes: 6ec6622b-874a-4105-ad29-8c51f142f239{ip: 172.17.0.2, host: 6feb74794fe2, networkLocation: /default-rack, certSerialId: null}, Type:RATIS, Factor:ONE, State:ALLOCATED, leaderId:null, CreationTimestamp2020-06-03T15:18:03.941Z]
2020-06-03 15:18:03,942 [RatisPipelineUtilsThread] ERROR pipeline.SCMPipelineManager (SCMPipelineManager.java:createPipeline(222)) - Failed to create pipeline of type RATIS and factor ONE. Exception: Cannot create pipeline of factor 1 using 0 nodes. Used 2 nodes. Healthy nodes 2
2020-06-03 15:18:03,942 [RatisPipelineUtilsThread] WARN  pipeline.PipelinePlacementPolicy (PipelinePlacementPolicy.java:filterViableNodes(133)) - Pipeline creation failed due to no sufficient healthy datanodes. Required 3. Found 2.
2020-06-03 15:18:03,942 [RatisPipelineUtilsThread] ERROR pipeline.SCMPipelineManager (SCMPipelineManager.java:createPipeline(222)) - Failed to create pipeline of type RATIS and factor THREE. Exception: Pipeline creation failed due to no sufficient healthy datanodes. Required 3. Found 2.
2020-06-03 15:18:04,019 [RatisPipelineUtilsThread] INFO  pipeline.RatisPipelineProvider (RatisPipelineProvider.java:lambda$create$0(138)) - Sending CreatePipelineCommand for pipeline:PipelineID=7eec8102-bf5a-4ed0-86ed-d5ec939e43d0 to datanode:c31126df-e0e6-41a0-b8a6-c917e41713fb
2020-06-03 15:18:04,020 [RatisPipelineUtilsThread] INFO  pipeline.PipelineStateManager (PipelineStateManager.java:addPipeline(54)) - Created pipeline Pipeline[ Id: 7eec8102-bf5a-4ed0-86ed-d5ec939e43d0, Nodes: c31126df-e0e6-41a0-b8a6-c917e41713fb{ip: 172.17.0.2, host: 6feb74794fe2, networkLocation: /default-rack, certSerialId: null}, Type:RATIS, Factor:ONE, State:ALLOCATED, leaderId:null, CreationTimestamp2020-06-03T15:18:04.019Z]
2020-06-03 15:18:04,020 [RatisPipelineUtilsThread] ERROR pipeline.SCMPipelineManager (SCMPipelineManager.java:createPipeline(222)) - Failed to create pipeline of type RATIS and factor ONE. Exception: Cannot create pipeline of factor 1 using 0 nodes. Used 3 nodes. Healthy nodes 3
2020-06-03 15:18:04,020 [RatisPipelineUtilsThread] INFO  pipeline.RatisPipelineProvider (RatisPipelineProvider.java:lambda$create$0(138)) - Sending CreatePipelineCommand for pipeline:PipelineID=6d9650bf-2f95-4d48-a31c-18e1d5714a48 to datanode:6ec6622b-874a-4105-ad29-8c51f142f239
2020-06-03 15:18:04,020 [RatisPipelineUtilsThread] INFO  pipeline.RatisPipelineProvider (RatisPipelineProvider.java:lambda$create$0(138)) - Sending CreatePipelineCommand for pipeline:PipelineID=6d9650bf-2f95-4d48-a31c-18e1d5714a48 to datanode:c31126df-e0e6-41a0-b8a6-c917e41713fb
2020-06-03 15:18:04,021 [RatisPipelineUtilsThread] INFO  pipeline.RatisPipelineProvider (RatisPipelineProvider.java:lambda$create$0(138)) - Sending CreatePipelineCommand for pipeline:PipelineID=6d9650bf-2f95-4d48-a31c-18e1d5714a48 to datanode:1e3e64b2-ca5c-45b2-a309-40d7e3e20788
2020-06-03 15:18:04,021 [RatisPipelineUtilsThread] INFO  pipeline.PipelineStateManager (PipelineStateManager.java:addPipeline(54)) - Created pipeline Pipeline[ Id: 6d9650bf-2f95-4d48-a31c-18e1d5714a48, Nodes: 6ec6622b-874a-4105-ad29-8c51f142f239{ip: 172.17.0.2, host: 6feb74794fe2, networkLocation: /default-rack, certSerialId: null}c31126df-e0e6-41a0-b8a6-c917e41713fb{ip: 172.17.0.2, host: 6feb74794fe2, networkLocation: /default-rack, certSerialId: null}1e3e64b2-ca5c-45b2-a309-40d7e3e20788{ip: 172.17.0.2, host: 6feb74794fe2, networkLocation: /default-rack, certSerialId: null}, Type:RATIS, Factor:THREE, State:ALLOCATED, leaderId:null, CreationTimestamp2020-06-03T15:18:04.020Z]
2020-06-03 15:18:04,022 [RatisPipelineUtilsThread] ERROR pipeline.SCMPipelineManager (SCMPipelineManager.java:createPipeline(222)) - Failed to create pipeline of type RATIS and factor THREE. Exception: Pipeline creation failed because nodes are engaged in other pipelines and every node can only be engaged in max 2 pipelines. Required 3. Found 0
2020-06-03 15:18:04,022 [IPC Server handler 2 on default port 41757] INFO  net.NetworkTopology (NetworkTopologyImpl.java:add(111)) - Added a new node: /default-rack/c31126df-e0e6-41a0-b8a6-c917e41713fb
2020-06-03 15:18:04,023 [IPC Server handler 2 on default port 41757] INFO  node.SCMNodeManager (SCMNodeManager.java:register(268)) - Registered Data node : c31126df-e0e6-41a0-b8a6-c917e41713fb{ip: 172.17.0.2, host: 6feb74794fe2, networkLocation: /default-rack, certSerialId: null}
2020-06-03 15:18:04,024 [EventQueue-NodeRegistrationContainerReportForContainerSafeModeRule] INFO  safemode.SCMSafeModeManager (SCMSafeModeManager.java:validateSafeModeExitRules(213)) - ContainerSafeModeRule rule is successfully validated
2020-06-03 15:18:04,024 [EventQueue-NodeRegistrationContainerReportForDataNodeSafeModeRule] INFO  safemode.SCMSafeModeManager (SCMSafeModeManager.java:validateSafeModeExitRules(213)) - DataNodeSafeModeRule rule is successfully validated
2020-06-03 15:18:04,107 [IPC Server handler 3 on default port 41757] INFO  net.NetworkTopology (NetworkTopologyImpl.java:add(111)) - Added a new node: /default-rack/48947e53-0809-4443-b86e-4d7be828377d
2020-06-03 15:18:04,107 [IPC Server handler 3 on default port 41757] INFO  node.SCMNodeManager (SCMNodeManager.java:register(268)) - Registered Data node : 48947e53-0809-4443-b86e-4d7be828377d{ip: 172.17.0.2, host: 6feb74794fe2, networkLocation: /default-rack, certSerialId: null}
2020-06-03 15:18:04,108 [RatisPipelineUtilsThread] INFO  pipeline.RatisPipelineProvider (RatisPipelineProvider.java:lambda$create$0(138)) - Sending CreatePipelineCommand for pipeline:PipelineID=81d67ba2-b61a-49f3-8839-f8503982a8fc to datanode:48947e53-0809-4443-b86e-4d7be828377d
2020-06-03 15:18:04,108 [EventQueue-NodeRegistrationContainerReportForContainerSafeModeRule] INFO  safemode.SCMSafeModeManager (SCMSafeModeManager.java:validateSafeModeExitRules(213)) - ContainerSafeModeRule rule is successfully validated
2020-06-03 15:18:04,108 [RatisPipelineUtilsThread] INFO  pipeline.PipelineStateManager (PipelineStateManager.java:addPipeline(54)) - Created pipeline Pipeline[ Id: 81d67ba2-b61a-49f3-8839-f8503982a8fc, Nodes: 48947e53-0809-4443-b86e-4d7be828377d{ip: 172.17.0.2, host: 6feb74794fe2, networkLocation: /default-rack, certSerialId: null}, Type:RATIS, Factor:ONE, State:ALLOCATED, leaderId:null, CreationTimestamp2020-06-03T15:18:04.108Z]
2020-06-03 15:18:04,109 [EventQueue-NodeRegistrationContainerReportForDataNodeSafeModeRule] INFO  safemode.SCMSafeModeManager (SCMSafeModeManager.java:validateSafeModeExitRules(213)) - DataNodeSafeModeRule rule is successfully validated
2020-06-03 15:18:04,109 [RatisPipelineUtilsThread] ERROR pipeline.SCMPipelineManager (SCMPipelineManager.java:createPipeline(222)) - Failed to create pipeline of type RATIS and factor ONE. Exception: Cannot create pipeline of factor 1 using 0 nodes. Used 4 nodes. Healthy nodes 4
2020-06-03 15:18:04,109 [RatisPipelineUtilsThread] ERROR pipeline.SCMPipelineManager (SCMPipelineManager.java:createPipeline(222)) - Failed to create pipeline of type RATIS and factor THREE. Exception: Pipeline creation failed because nodes are engaged in other pipelines and every node can only be engaged in max 2 pipelines. Required 3. Found 1
2020-06-03 15:18:04,183 [IPC Server handler 4 on default port 41757] INFO  net.NetworkTopology (NetworkTopologyImpl.java:add(111)) - Added a new node: /default-rack/3e502d42-633f-4126-a3a8-4f1bbeec568c
2020-06-03 15:18:04,184 [IPC Server handler 4 on default port 41757] INFO  node.SCMNodeManager (SCMNodeManager.java:register(268)) - Registered Data node : 3e502d42-633f-4126-a3a8-4f1bbeec568c{ip: 172.17.0.2, host: 6feb74794fe2, networkLocation: /default-rack, certSerialId: null}
2020-06-03 15:18:04,184 [RatisPipelineUtilsThread] INFO  pipeline.RatisPipelineProvider (RatisPipelineProvider.java:lambda$create$0(138)) - Sending CreatePipelineCommand for pipeline:PipelineID=fd599b5f-5d76-43ac-ada9-a97390a5a8f4 to datanode:3e502d42-633f-4126-a3a8-4f1bbeec568c
2020-06-03 15:18:04,184 [RatisPipelineUtilsThread] INFO  pipeline.PipelineStateManager (PipelineStateManager.java:addPipeline(54)) - Created pipeline Pipeline[ Id: fd599b5f-5d76-43ac-ada9-a97390a5a8f4, Nodes: 3e502d42-633f-4126-a3a8-4f1bbeec568c{ip: 172.17.0.2, host: 6feb74794fe2, networkLocation: /default-rack, certSerialId: null}, Type:RATIS, Factor:ONE, State:ALLOCATED, leaderId:null, CreationTimestamp2020-06-03T15:18:04.184Z]
2020-06-03 15:18:04,185 [RatisPipelineUtilsThread] ERROR pipeline.SCMPipelineManager (SCMPipelineManager.java:createPipeline(222)) - Failed to create pipeline of type RATIS and factor ONE. Exception: Cannot create pipeline of factor 1 using 0 nodes. Used 5 nodes. Healthy nodes 5
2020-06-03 15:18:04,185 [RatisPipelineUtilsThread] ERROR pipeline.SCMPipelineManager (SCMPipelineManager.java:createPipeline(222)) - Failed to create pipeline of type RATIS and factor THREE. Exception: Pipeline creation failed because nodes are engaged in other pipelines and every node can only be engaged in max 2 pipelines. Required 3. Found 2
2020-06-03 15:18:04,185 [EventQueue-NodeRegistrationContainerReportForContainerSafeModeRule] INFO  safemode.SCMSafeModeManager (SCMSafeModeManager.java:validateSafeModeExitRules(213)) - ContainerSafeModeRule rule is successfully validated
2020-06-03 15:18:04,185 [EventQueue-NodeRegistrationContainerReportForDataNodeSafeModeRule] INFO  safemode.SCMSafeModeManager (SCMSafeModeManager.java:validateSafeModeExitRules(213)) - DataNodeSafeModeRule rule is successfully validated
2020-06-03 15:18:04,267 [IPC Server handler 7 on default port 41757] INFO  net.NetworkTopology (NetworkTopologyImpl.java:add(111)) - Added a new node: /default-rack/88470e20-4387-4d75-923d-5048e0fb5f03
2020-06-03 15:18:04,267 [IPC Server handler 7 on default port 41757] INFO  node.SCMNodeManager (SCMNodeManager.java:register(268)) - Registered Data node : 88470e20-4387-4d75-923d-5048e0fb5f03{ip: 172.17.0.2, host: 6feb74794fe2, networkLocation: /default-rack, certSerialId: null}
2020-06-03 15:18:04,268 [RatisPipelineUtilsThread] INFO  pipeline.RatisPipelineProvider (RatisPipelineProvider.java:lambda$create$0(138)) - Sending CreatePipelineCommand for pipeline:PipelineID=a3a93fa5-e585-4278-807f-74d54b78a269 to datanode:88470e20-4387-4d75-923d-5048e0fb5f03
2020-06-03 15:18:04,268 [EventQueue-NodeRegistrationContainerReportForContainerSafeModeRule] INFO  safemode.SCMSafeModeManager (SCMSafeModeManager.java:validateSafeModeExitRules(213)) - ContainerSafeModeRule rule is successfully validated
2020-06-03 15:18:04,268 [EventQueue-NodeRegistrationContainerReportForDataNodeSafeModeRule] INFO  safemode.SCMSafeModeManager (SCMSafeModeManager.java:validateSafeModeExitRules(213)) - DataNodeSafeModeRule rule is successfully validated
2020-06-03 15:18:04,269 [RatisPipelineUtilsThread] INFO  pipeline.PipelineStateManager (PipelineStateManager.java:addPipeline(54)) - Created pipeline Pipeline[ Id: a3a93fa5-e585-4278-807f-74d54b78a269, Nodes: 88470e20-4387-4d75-923d-5048e0fb5f03{ip: 172.17.0.2, host: 6feb74794fe2, networkLocation: /default-rack, certSerialId: null}, Type:RATIS, Factor:ONE, State:ALLOCATED, leaderId:null, CreationTimestamp2020-06-03T15:18:04.268Z]
2020-06-03 15:18:04,270 [RatisPipelineUtilsThread] ERROR pipeline.SCMPipelineManager (SCMPipelineManager.java:createPipeline(222)) - Failed to create pipeline of type RATIS and factor ONE. Exception: Cannot create pipeline of factor 1 using 0 nodes. Used 6 nodes. Healthy nodes 6
2020-06-03 15:18:04,270 [RatisPipelineUtilsThread] INFO  pipeline.RatisPipelineProvider (RatisPipelineProvider.java:lambda$create$0(138)) - Sending CreatePipelineCommand for pipeline:PipelineID=1b2c9c9f-9804-4009-ac03-e5368276de73 to datanode:3e502d42-633f-4126-a3a8-4f1bbeec568c
2020-06-03 15:18:04,270 [RatisPipelineUtilsThread] INFO  pipeline.RatisPipelineProvider (RatisPipelineProvider.java:lambda$create$0(138)) - Sending CreatePipelineCommand for pipeline:PipelineID=1b2c9c9f-9804-4009-ac03-e5368276de73 to datanode:88470e20-4387-4d75-923d-5048e0fb5f03
2020-06-03 15:18:04,270 [RatisPipelineUtilsThread] INFO  pipeline.RatisPipelineProvider (RatisPipelineProvider.java:lambda$create$0(138)) - Sending CreatePipelineCommand for pipeline:PipelineID=1b2c9c9f-9804-4009-ac03-e5368276de73 to datanode:48947e53-0809-4443-b86e-4d7be828377d
2020-06-03 15:18:04,271 [RatisPipelineUtilsThread] INFO  pipeline.PipelineStateManager (PipelineStateManager.java:addPipeline(54)) - Created pipeline Pipeline[ Id: 1b2c9c9f-9804-4009-ac03-e5368276de73, Nodes: 3e502d42-633f-4126-a3a8-4f1bbeec568c{ip: 172.17.0.2, host: 6feb74794fe2, networkLocation: /default-rack, certSerialId: null}88470e20-4387-4d75-923d-5048e0fb5f03{ip: 172.17.0.2, host: 6feb74794fe2, networkLocation: /default-rack, certSerialId: null}48947e53-0809-4443-b86e-4d7be828377d{ip: 172.17.0.2, host: 6feb74794fe2, networkLocation: /default-rack, certSerialId: null}, Type:RATIS, Factor:THREE, State:ALLOCATED, leaderId:null, CreationTimestamp2020-06-03T15:18:04.270Z]
2020-06-03 15:18:04,271 [RatisPipelineUtilsThread] ERROR pipeline.SCMPipelineManager (SCMPipelineManager.java:createPipeline(222)) - Failed to create pipeline of type RATIS and factor THREE. Exception: Pipeline creation failed because nodes are engaged in other pipelines and every node can only be engaged in max 2 pipelines. Required 3. Found 0
2020-06-03 15:18:04,326 [Listener at 127.0.0.1/39701] INFO  ozone.MiniOzoneClusterImpl (MiniOzoneClusterImpl.java:lambda$waitForClusterToBeReady$0(177)) - Waiting for nodes to be ready. Got 6 of 7 DN Heartbeats.
2020-06-03 15:18:04,328 [Listener at 127.0.0.1/39701] INFO  ozone.MiniOzoneClusterImpl (MiniOzoneClusterImpl.java:lambda$waitForClusterToBeReady$0(180)) - Waiting for cluster to exit safe mode
2020-06-03 15:18:04,329 [IPC Server handler 5 on default port 41757] INFO  net.NetworkTopology (NetworkTopologyImpl.java:add(111)) - Added a new node: /default-rack/d8a5a23a-75a8-4ec2-9efd-b06a0dfae0db
2020-06-03 15:18:04,329 [IPC Server handler 5 on default port 41757] INFO  node.SCMNodeManager (SCMNodeManager.java:register(268)) - Registered Data node : d8a5a23a-75a8-4ec2-9efd-b06a0dfae0db{ip: 172.17.0.2, host: 6feb74794fe2, networkLocation: /default-rack, certSerialId: null}
2020-06-03 15:18:04,329 [RatisPipelineUtilsThread] INFO  pipeline.RatisPipelineProvider (RatisPipelineProvider.java:lambda$create$0(138)) - Sending CreatePipelineCommand for pipeline:PipelineID=138e2a16-abac-4404-976d-4c1b684b485c to datanode:d8a5a23a-75a8-4ec2-9efd-b06a0dfae0db
2020-06-03 15:18:04,329 [EventQueue-NodeRegistrationContainerReportForContainerSafeModeRule] INFO  safemode.SCMSafeModeManager (SCMSafeModeManager.java:validateSafeModeExitRules(213)) - ContainerSafeModeRule rule is successfully validated
2020-06-03 15:18:04,329 [EventQueue-NodeRegistrationContainerReportForDataNodeSafeModeRule] INFO  safemode.SCMSafeModeManager (SCMSafeModeManager.java:validateSafeModeExitRules(213)) - DataNodeSafeModeRule rule is successfully validated
2020-06-03 15:18:04,330 [RatisPipelineUtilsThread] INFO  pipeline.PipelineStateManager (PipelineStateManager.java:addPipeline(54)) - Created pipeline Pipeline[ Id: 138e2a16-abac-4404-976d-4c1b684b485c, Nodes: d8a5a23a-75a8-4ec2-9efd-b06a0dfae0db{ip: 172.17.0.2, host: 6feb74794fe2, networkLocation: /default-rack, certSerialId: null}, Type:RATIS, Factor:ONE, State:ALLOCATED, leaderId:null, CreationTimestamp2020-06-03T15:18:04.329Z]
2020-06-03 15:18:04,330 [RatisPipelineUtilsThread] ERROR pipeline.SCMPipelineManager (SCMPipelineManager.java:createPipeline(222)) - Failed to create pipeline of type RATIS and factor ONE. Exception: Cannot create pipeline of factor 1 using 0 nodes. Used 7 nodes. Healthy nodes 7
2020-06-03 15:18:04,331 [RatisPipelineUtilsThread] ERROR pipeline.SCMPipelineManager (SCMPipelineManager.java:createPipeline(222)) - Failed to create pipeline of type RATIS and factor THREE. Exception: Pipeline creation failed because nodes are engaged in other pipelines and every node can only be engaged in max 2 pipelines. Required 3. Found 1
2020-06-03 15:18:05,329 [Listener at 127.0.0.1/39701] INFO  ozone.MiniOzoneClusterImpl (MiniOzoneClusterImpl.java:lambda$waitForClusterToBeReady$0(177)) - Nodes are ready. Got 7 of 7 DN Heartbeats.
2020-06-03 15:18:05,329 [Listener at 127.0.0.1/39701] INFO  ozone.MiniOzoneClusterImpl (MiniOzoneClusterImpl.java:lambda$waitForClusterToBeReady$0(180)) - Waiting for cluster to exit safe mode
2020-06-03 15:18:06,330 [Listener at 127.0.0.1/39701] INFO  ozone.MiniOzoneClusterImpl (MiniOzoneClusterImpl.java:lambda$waitForClusterToBeReady$0(177)) - Nodes are ready. Got 7 of 7 DN Heartbeats.
2020-06-03 15:18:06,330 [Listener at 127.0.0.1/39701] INFO  ozone.MiniOzoneClusterImpl (MiniOzoneClusterImpl.java:lambda$waitForClusterToBeReady$0(180)) - Waiting for cluster to exit safe mode
2020-06-03 15:18:06,853 [Command processor thread] INFO  impl.RaftServerProxy (RaftServerProxy.java:addNew(89)) - 1e3e64b2-ca5c-45b2-a309-40d7e3e20788: addNew group-13276BCCE36B:[1e3e64b2-ca5c-45b2-a309-40d7e3e20788:172.17.0.2:42877] returns group-13276BCCE36B:java.util.concurrent.CompletableFuture@4432f098[Not completed]
2020-06-03 15:18:06,855 [pool-171-thread-1] INFO  impl.RaftServerImpl (RaftServerImpl.java:<init>(98)) - 1e3e64b2-ca5c-45b2-a309-40d7e3e20788: new RaftServerImpl for group-13276BCCE36B:[1e3e64b2-ca5c-45b2-a309-40d7e3e20788:172.17.0.2:42877] with ContainerStateMachine:uninitialized
2020-06-03 15:18:06,856 [pool-171-thread-1] INFO  server.RaftServerConfigKeys (ConfUtils.java:logGet(44)) - raft.server.rpc.timeout.min = 5s (custom)
2020-06-03 15:18:06,856 [pool-171-thread-1] INFO  server.RaftServerConfigKeys (ConfUtils.java:logGet(44)) - raft.server.rpc.timeout.max = 5200ms (custom)
2020-06-03 15:18:06,856 [pool-171-thread-1] INFO  server.RaftServerConfigKeys (ConfUtils.java:logGet(44)) - raft.server.rpcslowness.timeout = 300s (custom)
2020-06-03 15:18:06,856 [pool-171-thread-1] INFO  server.RaftServerConfigKeys (ConfUtils.java:logGet(44)) - raft.server.sleep.deviation.threshold = 300 (default)
2020-06-03 15:18:06,856 [pool-171-thread-1] INFO  server.RaftServerConfigKeys (ConfUtils.java:logGet(44)) - raft.server.log.appender.install.snapshot.enabled = false (custom)
2020-06-03 15:18:06,856 [pool-171-thread-1] INFO  impl.RaftServerImpl (ServerState.java:<init>(103)) - 1e3e64b2-ca5c-45b2-a309-40d7e3e20788@group-13276BCCE36B: ConfigurationManager, init=-1: [1e3e64b2-ca5c-45b2-a309-40d7e3e20788:172.17.0.2:42877], old=null, confs=<EMPTY_MAP>
2020-06-03 15:18:06,856 [pool-171-thread-1] INFO  server.RaftServerConfigKeys (ConfUtils.java:logGet(44)) - raft.server.storage.dir = [/github/workspace/mnt/ozone/hadoop-ozone/integration-test/target/test-dir/MiniOzoneClusterImpl-93e83c9e-276a-4dbb-b3a7-721354e8147f/datanode-0/data/ratis] (custom)
2020-06-03 15:18:06,857 [pool-171-thread-1] INFO  server.RaftServerConfigKeys (ConfUtils.java:logGet(44)) - raft.server.log.corruption.policy = EXCEPTION (default)
2020-06-03 15:18:06,857 [pool-171-thread-1] INFO  storage.RaftStorageDirectory (RaftStorageDirectory.java:analyzeStorage(261)) - The storage directory /github/workspace/mnt/ozone/hadoop-ozone/integration-test/target/test-dir/MiniOzoneClusterImpl-93e83c9e-276a-4dbb-b3a7-721354e8147f/datanode-0/data/ratis/5df7a5b5-ff71-437c-ade9-13276bcce36b does not exist. Creating ...
2020-06-03 15:18:06,859 [pool-171-thread-1] INFO  storage.RaftStorageDirectory (RaftStorageDirectory.java:tryLock(343)) - Lock on /github/workspace/mnt/ozone/hadoop-ozone/integration-test/target/test-dir/MiniOzoneClusterImpl-93e83c9e-276a-4dbb-b3a7-721354e8147f/datanode-0/data/ratis/5df7a5b5-ff71-437c-ade9-13276bcce36b/in_use.lock acquired by nodename 16183@6feb74794fe2
2020-06-03 15:18:06,860 [pool-171-thread-1] INFO  storage.RaftStorage (RaftStorage.java:format(84)) - Storage directory /github/workspace/mnt/ozone/hadoop-ozone/integration-test/target/test-dir/MiniOzoneClusterImpl-93e83c9e-276a-4dbb-b3a7-721354e8147f/datanode-0/data/ratis/5df7a5b5-ff71-437c-ade9-13276bcce36b has been successfully formatted.
2020-06-03 15:18:06,861 [pool-171-thread-1] INFO  ratis.ContainerStateMachine (ContainerStateMachine.java:loadSnapshot(226)) - group-13276BCCE36B: The snapshot info is null. Setting the last applied indexto:(t:0, i:~)
2020-06-03 15:18:06,862 [pool-171-thread-1] INFO  server.RaftServerConfigKeys (ConfUtils.java:logGet(44)) - raft.server.notification.no-leader.timeout = 60s (default)
2020-06-03 15:18:06,862 [pool-171-thread-1] INFO  server.RaftServerConfigKeys (ConfUtils.java:logGet(44)) - raft.server.log.use.memory = false (default)
2020-06-03 15:18:06,862 [pool-171-thread-1] INFO  server.RaftServerConfigKeys (ConfUtils.java:logGet(44)) - raft.server.log.purge.gap = 1000000 (custom)
2020-06-03 15:18:06,862 [pool-171-thread-1] INFO  server.RaftServerConfigKeys (ConfUtils.java:logGet(44)) - raft.server.log.appender.buffer.byte-limit = 33554432 (custom)
2020-06-03 15:18:06,862 [pool-171-thread-1] INFO  server.RaftServerConfigKeys (ConfUtils.java:logGet(44)) - raft.server.log.segment.size.max = 1048576 (custom)
2020-06-03 15:18:06,862 [pool-171-thread-1] INFO  metrics.RatisMetrics (RatisMetrics.java:lambda$create$0(39)) - Creating Metrics Registry : ratis.log_worker.1e3e64b2-ca5c-45b2-a309-40d7e3e20788
2020-06-03 15:18:06,863 [EventQueue-PipelineReportForPipelineReportHandler] INFO  pipeline.PipelineStateManager (PipelineStateManager.java:openPipeline(131)) - Pipeline Pipeline[ Id: 5df7a5b5-ff71-437c-ade9-13276bcce36b, Nodes: 1e3e64b2-ca5c-45b2-a309-40d7e3e20788{ip: 172.17.0.2, host: 6feb74794fe2, networkLocation: /default-rack, certSerialId: null}, Type:RATIS, Factor:ONE, State:ALLOCATED, leaderId:1e3e64b2-ca5c-45b2-a309-40d7e3e20788, CreationTimestamp2020-06-03T15:18:03.855Z] moved to OPEN state
2020-06-03 15:18:06,870 [pool-171-thread-1] INFO  server.RaftServerConfigKeys (ConfUtils.java:logGet(44)) - raft.server.log.segment.cache.num.max = 2 (custom)
2020-06-03 15:18:06,871 [pool-171-thread-1] INFO  segmented.SegmentedRaftLogWorker (SegmentedRaftLogWorker.java:<init>(176)) - new 1e3e64b2-ca5c-45b2-a309-40d7e3e20788@group-13276BCCE36B-SegmentedRaftLogWorker for RaftStorage:Storage Directory /github/workspace/mnt/ozone/hadoop-ozone/integration-test/target/test-dir/MiniOzoneClusterImpl-93e83c9e-276a-4dbb-b3a7-721354e8147f/datanode-0/data/ratis/5df7a5b5-ff71-437c-ade9-13276bcce36b
2020-06-03 15:18:06,871 [pool-171-thread-1] INFO  server.RaftServerConfigKeys (ConfUtils.java:logGet(44)) - raft.server.log.queue.byte-limit = 2147483647 (custom)
2020-06-03 15:18:06,871 [pool-171-thread-1] INFO  server.RaftServerConfigKeys (ConfUtils.java:logGet(44)) - raft.server.log.queue.element-limit = 1024 (custom)
2020-06-03 15:18:06,871 [EventQueue-OpenPipelineForOneReplicaPipelineSafeModeRule] INFO  safemode.SCMSafeModeManager (SCMSafeModeManager.java:validateSafeModeExitRules(213)) - AtleastOneDatanodeReportedRule rule is successfully validated
2020-06-03 15:18:06,871 [EventQueue-OpenPipelineForHealthyPipelineSafeModeRule] INFO  safemode.SCMSafeModeManager (HealthyPipelineSafeModeRule.java:process(132)) - SCM in safe mode. Healthy pipelines reported count is 0, required healthy pipeline reported count is 1
2020-06-03 15:18:06,871 [pool-171-thread-1] INFO  server.RaftServerConfigKeys (ConfUtils.java:logGet(44)) - raft.server.log.segment.size.max = 1048576 (custom)
2020-06-03 15:18:06,873 [pool-171-thread-1] INFO  server.RaftServerConfigKeys (ConfUtils.java:logGet(44)) - raft.server.log.preallocated.size = 16384 (custom)
2020-06-03 15:18:06,873 [pool-171-thread-1] INFO  server.RaftServerConfigKeys (ConfUtils.java:logGet(44)) - raft.server.log.write.buffer.size = 1048576 (custom)
2020-06-03 15:18:06,873 [pool-171-thread-1] INFO  server.RaftServerConfigKeys (ConfUtils.java:logGet(44)) - raft.server.log.force.sync.num = 128 (default)
2020-06-03 15:18:06,873 [pool-171-thread-1] INFO  server.RaftServerConfigKeys (ConfUtils.java:logGet(44)) - raft.server.log.statemachine.data.sync = true (default)
2020-06-03 15:18:06,873 [pool-171-thread-1] INFO  server.RaftServerConfigKeys (ConfUtils.java:logGet(44)) - raft.server.log.statemachine.data.sync.timeout = 10s (default)
2020-06-03 15:18:06,873 [pool-171-thread-1] INFO  server.RaftServerConfigKeys (ConfUtils.java:logGet(44)) - raft.server.log.statemachine.data.sync.timeout.retry = -1 (default)
2020-06-03 15:18:06,875 [pool-171-thread-1] INFO  server.RaftServerConfigKeys (ConfUtils.java:logGet(44)) - raft.server.log.statemachine.data.caching.enabled = true (custom)
2020-06-03 15:18:06,875 [pool-171-thread-1] INFO  segmented.SegmentedRaftLogWorker (SegmentedRaftLogWorker.java:lambda$new$0(129)) - 1e3e64b2-ca5c-45b2-a309-40d7e3e20788@group-13276BCCE36B-SegmentedRaftLogWorker: flushIndex: setUnconditionally 0 -> -1
2020-06-03 15:18:06,876 [pool-171-thread-1] INFO  server.RaftServerConfigKeys (ConfUtils.java:logGet(44)) - raft.server.snapshot.auto.trigger.enabled = true (custom)
2020-06-03 15:18:06,876 [pool-171-thread-1] INFO  server.RaftServerConfigKeys (ConfUtils.java:logGet(44)) - raft.server.snapshot.auto.trigger.threshold = 10000 (custom)
2020-06-03 15:18:06,876 [pool-171-thread-1] INFO  server.RaftServerConfigKeys (ConfUtils.java:logGet(44)) - raft.server.snapshot.retention.file.num = 5 (custom)
2020-06-03 15:18:06,876 [pool-171-thread-1] INFO  server.RaftServerConfigKeys (ConfUtils.java:logGet(44)) - raft.server.log.purge.upto.snapshot.index = false (default)
2020-06-03 15:18:06,876 [pool-171-thread-1] INFO  server.RaftServerConfigKeys (ConfUtils.java:logGet(44)) - raft.server.retrycache.expirytime = 600000ms (custom)
2020-06-03 15:18:06,876 [pool-171-thread-1] INFO  metrics.RatisMetrics (RatisMetrics.java:lambda$create$0(39)) - Creating Metrics Registry : ratis.leader_election.1e3e64b2-ca5c-45b2-a309-40d7e3e20788@group-13276BCCE36B
2020-06-03 15:18:06,876 [pool-171-thread-1] INFO  metrics.RatisMetrics (RatisMetrics.java:lambda$create$0(39)) - Creating Metrics Registry : ratis.server.1e3e64b2-ca5c-45b2-a309-40d7e3e20788@group-13276BCCE36B
2020-06-03 15:18:06,878 [pool-171-thread-1] INFO  impl.RaftServerImpl (RaftServerImpl.java:start(184)) - 1e3e64b2-ca5c-45b2-a309-40d7e3e20788@group-13276BCCE36B: start as a follower, conf=-1: [1e3e64b2-ca5c-45b2-a309-40d7e3e20788:172.17.0.2:42877], old=null
2020-06-03 15:18:06,878 [pool-171-thread-1] INFO  impl.RaftServerImpl (RaftServerImpl.java:setRole(173)) - 1e3e64b2-ca5c-45b2-a309-40d7e3e20788@group-13276BCCE36B: changes role from      null to FOLLOWER at term 0 for startAsFollower
2020-06-03 15:18:06,878 [pool-171-thread-1] INFO  impl.RoleInfo (RoleInfo.java:updateAndGet(143)) - 1e3e64b2-ca5c-45b2-a309-40d7e3e20788: start FollowerState
2020-06-03 15:18:06,882 [pool-171-thread-1] INFO  util.JmxRegister (JmxRegister.java:tryRegister(44)) - Successfully registered JMX Bean with object name Ratis:service=RaftServer,group=group-13276BCCE36B,id=1e3e64b2-ca5c-45b2-a309-40d7e3e20788
2020-06-03 15:18:06,882 [pool-171-thread-1] INFO  metrics.RatisMetrics (RatisMetrics.java:lambda$create$0(39)) - Creating Metrics Registry : ratis.state_machine.1e3e64b2-ca5c-45b2-a309-40d7e3e20788@group-13276BCCE36B
2020-06-03 15:18:06,883 [Command processor thread] INFO  commandhandler.CreatePipelineCommandHandler (CreatePipelineCommandHandler.java:handle(109)) - Created Pipeline RATIS ONE #id: "5df7a5b5-ff71-437c-ade9-13276bcce36b"
.
2020-06-03 15:18:06,883 [Command processor thread] INFO  impl.RaftServerProxy (RaftServerProxy.java:addNew(89)) - 1e3e64b2-ca5c-45b2-a309-40d7e3e20788: addNew group-18E1D5714A48:[c31126df-e0e6-41a0-b8a6-c917e41713fb:172.17.0.2:43385, 1e3e64b2-ca5c-45b2-a309-40d7e3e20788:172.17.0.2:42877, 6ec6622b-874a-4105-ad29-8c51f142f239:172.17.0.2:38415] returns group-18E1D5714A48:java.util.concurrent.CompletableFuture@400d6cc6[Not completed]
2020-06-03 15:18:06,885 [pool-171-thread-1] INFO  impl.RaftServerImpl (RaftServerImpl.java:<init>(98)) - 1e3e64b2-ca5c-45b2-a309-40d7e3e20788: new RaftServerImpl for group-18E1D5714A48:[c31126df-e0e6-41a0-b8a6-c917e41713fb:172.17.0.2:43385, 1e3e64b2-ca5c-45b2-a309-40d7e3e20788:172.17.0.2:42877, 6ec6622b-874a-4105-ad29-8c51f142f239:172.17.0.2:38415] with ContainerStateMachine:uninitialized
2020-06-03 15:18:06,885 [pool-171-thread-1] INFO  server.RaftServerConfigKeys (ConfUtils.java:logGet(44)) - raft.server.rpc.timeout.min = 5s (custom)
2020-06-03 15:18:06,885 [pool-171-thread-1] INFO  server.RaftServerConfigKeys (ConfUtils.java:logGet(44)) - raft.server.rpc.timeout.max = 5200ms (custom)
2020-06-03 15:18:06,885 [pool-171-thread-1] INFO  server.RaftServerConfigKeys (ConfUtils.java:logGet(44)) - raft.server.rpcslowness.timeout = 300s (custom)
2020-06-03 15:18:06,886 [pool-171-thread-1] INFO  server.RaftServerConfigKeys (ConfUtils.java:logGet(44)) - raft.server.sleep.deviation.threshold = 300 (default)
2020-06-03 15:18:06,886 [pool-171-thread-1] INFO  server.RaftServerConfigKeys (ConfUtils.java:logGet(44)) - raft.server.log.appender.install.snapshot.enabled = false (custom)
2020-06-03 15:18:06,886 [pool-171-thread-1] INFO  impl.RaftServerImpl (ServerState.java:<init>(103)) - 1e3e64b2-ca5c-45b2-a309-40d7e3e20788@group-18E1D5714A48: ConfigurationManager, init=-1: [c31126df-e0e6-41a0-b8a6-c917e41713fb:172.17.0.2:43385, 1e3e64b2-ca5c-45b2-a309-40d7e3e20788:172.17.0.2:42877, 6ec6622b-874a-4105-ad29-8c51f142f239:172.17.0.2:38415], old=null, confs=<EMPTY_MAP>
2020-06-03 15:18:06,886 [pool-171-thread-1] INFO  server.RaftServerConfigKeys (ConfUtils.java:logGet(44)) - raft.server.storage.dir = [/github/workspace/mnt/ozone/hadoop-ozone/integration-test/target/test-dir/MiniOzoneClusterImpl-93e83c9e-276a-4dbb-b3a7-721354e8147f/datanode-0/data/ratis] (custom)
2020-06-03 15:18:06,886 [pool-171-thread-1] INFO  server.RaftServerConfigKeys (ConfUtils.java:logGet(44)) - raft.server.log.corruption.policy = EXCEPTION (default)
2020-06-03 15:18:06,886 [pool-171-thread-1] INFO  storage.RaftStorageDirectory (RaftStorageDirectory.java:analyzeStorage(261)) - The storage directory /github/workspace/mnt/ozone/hadoop-ozone/integration-test/target/test-dir/MiniOzoneClusterImpl-93e83c9e-276a-4dbb-b3a7-721354e8147f/datanode-0/data/ratis/6d9650bf-2f95-4d48-a31c-18e1d5714a48 does not exist. Creating ...
2020-06-03 15:18:06,888 [pool-171-thread-1] INFO  storage.RaftStorageDirectory (RaftStorageDirectory.java:tryLock(343)) - Lock on /github/workspace/mnt/ozone/hadoop-ozone/integration-test/target/test-dir/MiniOzoneClusterImpl-93e83c9e-276a-4dbb-b3a7-721354e8147f/datanode-0/data/ratis/6d9650bf-2f95-4d48-a31c-18e1d5714a48/in_use.lock acquired by nodename 16183@6feb74794fe2
2020-06-03 15:18:06,889 [pool-171-thread-1] INFO  storage.RaftStorage (RaftStorage.java:format(84)) - Storage directory /github/workspace/mnt/ozone/hadoop-ozone/integration-test/target/test-dir/MiniOzoneClusterImpl-93e83c9e-276a-4dbb-b3a7-721354e8147f/datanode-0/data/ratis/6d9650bf-2f95-4d48-a31c-18e1d5714a48 has been successfully formatted.
2020-06-03 15:18:06,890 [pool-171-thread-1] INFO  ratis.ContainerStateMachine (ContainerStateMachine.java:loadSnapshot(226)) - group-18E1D5714A48: The snapshot info is null. Setting the last applied indexto:(t:0, i:~)
2020-06-03 15:18:06,890 [pool-171-thread-1] INFO  server.RaftServerConfigKeys (ConfUtils.java:logGet(44)) - raft.server.notification.no-leader.timeout = 60s (default)
2020-06-03 15:18:06,891 [pool-171-thread-1] INFO  server.RaftServerConfigKeys (ConfUtils.java:logGet(44)) - raft.server.log.use.memory = false (default)
2020-06-03 15:18:06,891 [pool-171-thread-1] INFO  server.RaftServerConfigKeys (ConfUtils.java:logGet(44)) - raft.server.log.purge.gap = 1000000 (custom)
2020-06-03 15:18:06,891 [pool-171-thread-1] INFO  server.RaftServerConfigKeys (ConfUtils.java:logGet(44)) - raft.server.log.appender.buffer.byte-limit = 33554432 (custom)
2020-06-03 15:18:06,891 [pool-171-thread-1] INFO  server.RaftServerConfigKeys (ConfUtils.java:logGet(44)) - raft.server.log.segment.size.max = 1048576 (custom)
2020-06-03 15:18:06,891 [pool-171-thread-1] INFO  server.RaftServerConfigKeys (ConfUtils.java:logGet(44)) - raft.server.log.segment.cache.num.max = 2 (custom)
2020-06-03 15:18:06,891 [pool-171-thread-1] INFO  segmented.SegmentedRaftLogWorker (SegmentedRaftLogWorker.java:<init>(176)) - new 1e3e64b2-ca5c-45b2-a309-40d7e3e20788@group-18E1D5714A48-SegmentedRaftLogWorker for RaftStorage:Storage Directory /github/workspace/mnt/ozone/hadoop-ozone/integration-test/target/test-dir/MiniOzoneClusterImpl-93e83c9e-276a-4dbb-b3a7-721354e8147f/datanode-0/data/ratis/6d9650bf-2f95-4d48-a31c-18e1d5714a48
2020-06-03 15:18:06,891 [pool-171-thread-1] INFO  server.RaftServerConfigKeys (ConfUtils.java:logGet(44)) - raft.server.log.queue.byte-limit = 2147483647 (custom)
2020-06-03 15:18:06,891 [pool-171-thread-1] INFO  server.RaftServerConfigKeys (ConfUtils.java:logGet(44)) - raft.server.log.queue.element-limit = 1024 (custom)
2020-06-03 15:18:06,891 [pool-171-thread-1] INFO  server.RaftServerConfigKeys (ConfUtils.java:logGet(44)) - raft.server.log.segment.size.max = 1048576 (custom)
2020-06-03 15:18:06,891 [pool-171-thread-1] INFO  server.RaftServerConfigKeys (ConfUtils.java:logGet(44)) - raft.server.log.preallocated.size = 16384 (custom)
2020-06-03 15:18:06,891 [pool-171-thread-1] INFO  server.RaftServerConfigKeys (ConfUtils.java:logGet(44)) - raft.server.log.write.buffer.size = 1048576 (custom)
2020-06-03 15:18:06,892 [pool-171-thread-1] INFO  server.RaftServerConfigKeys (ConfUtils.java:logGet(44)) - raft.server.log.force.sync.num = 128 (default)
2020-06-03 15:18:06,892 [pool-171-thread-1] INFO  server.RaftServerConfigKeys (ConfUtils.java:logGet(44)) - raft.server.log.statemachine.data.sync = true (default)
2020-06-03 15:18:06,892 [pool-171-thread-1] INFO  server.RaftServerConfigKeys (ConfUtils.java:logGet(44)) - raft.server.log.statemachine.data.sync.timeout = 10s (default)
2020-06-03 15:18:06,892 [pool-171-thread-1] INFO  server.RaftServerConfigKeys (ConfUtils.java:logGet(44)) - raft.server.log.statemachine.data.sync.timeout.retry = -1 (default)
2020-06-03 15:18:06,893 [pool-171-thread-1] INFO  server.RaftServerConfigKeys (ConfUtils.java:logGet(44)) - raft.server.log.statemachine.data.caching.enabled = true (custom)
2020-06-03 15:18:06,893 [pool-171-thread-1] INFO  segmented.SegmentedRaftLogWorker (SegmentedRaftLogWorker.java:lambda$new$0(129)) - 1e3e64b2-ca5c-45b2-a309-40d7e3e20788@group-18E1D5714A48-SegmentedRaftLogWorker: flushIndex: setUnconditionally 0 -> -1
2020-06-03 15:18:06,893 [pool-171-thread-1] INFO  server.RaftServerConfigKeys (ConfUtils.java:logGet(44)) - raft.server.snapshot.auto.trigger.enabled = true (custom)
2020-06-03 15:18:06,893 [pool-171-thread-1] INFO  server.RaftServerConfigKeys (ConfUtils.java:logGet(44)) - raft.server.snapshot.auto.trigger.threshold = 10000 (custom)
2020-06-03 15:18:06,893 [pool-171-thread-1] INFO  server.RaftServerConfigKeys (ConfUtils.java:logGet(44)) - raft.server.snapshot.retention.file.num = 5 (custom)
2020-06-03 15:18:06,893 [pool-171-thread-1] INFO  server.RaftServerConfigKeys (ConfUtils.java:logGet(44)) - raft.server.log.purge.upto.snapshot.index = false (default)
2020-06-03 15:18:06,894 [pool-171-thread-1] INFO  server.RaftServerConfigKeys (ConfUtils.java:logGet(44)) - raft.server.retrycache.expirytime = 600000ms (custom)
2020-06-03 15:18:06,894 [pool-171-thread-1] INFO  metrics.RatisMetrics (RatisMetrics.java:lambda$create$0(39)) - Creating Metrics Registry : ratis.leader_election.1e3e64b2-ca5c-45b2-a309-40d7e3e20788@group-18E1D5714A48
2020-06-03 15:18:06,894 [pool-171-thread-1] INFO  metrics.RatisMetrics (RatisMetrics.java:lambda$create$0(39)) - Creating Metrics Registry : ratis.server.1e3e64b2-ca5c-45b2-a309-40d7e3e20788@group-18E1D5714A48
2020-06-03 15:18:06,896 [pool-171-thread-1] INFO  impl.RaftServerImpl (RaftServerImpl.java:start(184)) - 1e3e64b2-ca5c-45b2-a309-40d7e3e20788@group-18E1D5714A48: start as a follower, conf=-1: [c31126df-e0e6-41a0-b8a6-c917e41713fb:172.17.0.2:43385, 1e3e64b2-ca5c-45b2-a309-40d7e3e20788:172.17.0.2:42877, 6ec6622b-874a-4105-ad29-8c51f142f239:172.17.0.2:38415], old=null
2020-06-03 15:18:06,896 [pool-171-thread-1] INFO  impl.RaftServerImpl (RaftServerImpl.java:setRole(173)) - 1e3e64b2-ca5c-45b2-a309-40d7e3e20788@group-18E1D5714A48: changes role from      null to FOLLOWER at term 0 for startAsFollower
2020-06-03 15:18:06,896 [pool-171-thread-1] INFO  impl.RoleInfo (RoleInfo.java:updateAndGet(143)) - 1e3e64b2-ca5c-45b2-a309-40d7e3e20788: start FollowerState
2020-06-03 15:18:06,896 [pool-171-thread-1] INFO  util.JmxRegister (JmxRegister.java:tryRegister(44)) - Successfully registered JMX Bean with object name Ratis:service=RaftServer,group=group-18E1D5714A48,id=1e3e64b2-ca5c-45b2-a309-40d7e3e20788
2020-06-03 15:18:06,896 [pool-171-thread-1] INFO  metrics.RatisMetrics (RatisMetrics.java:lambda$create$0(39)) - Creating Metrics Registry : ratis.state_machine.1e3e64b2-ca5c-45b2-a309-40d7e3e20788@group-18E1D5714A48
2020-06-03 15:18:06,910 [grpc-default-executor-4] INFO  impl.RaftServerProxy (RaftServerProxy.java:addNew(89)) - 6ec6622b-874a-4105-ad29-8c51f142f239: addNew group-18E1D5714A48:[c31126df-e0e6-41a0-b8a6-c917e41713fb:172.17.0.2:43385, 1e3e64b2-ca5c-45b2-a309-40d7e3e20788:172.17.0.2:42877, 6ec6622b-874a-4105-ad29-8c51f142f239:172.17.0.2:38415] returns group-18E1D5714A48:java.util.concurrent.CompletableFuture@793ef17e[Not completed]
2020-06-03 15:18:06,915 [pool-187-thread-1] INFO  impl.RaftServerImpl (RaftServerImpl.java:<init>(98)) - 6ec6622b-874a-4105-ad29-8c51f142f239: new RaftServerImpl for group-18E1D5714A48:[c31126df-e0e6-41a0-b8a6-c917e41713fb:172.17.0.2:43385, 1e3e64b2-ca5c-45b2-a309-40d7e3e20788:172.17.0.2:42877, 6ec6622b-874a-4105-ad29-8c51f142f239:172.17.0.2:38415] with ContainerStateMachine:uninitialized
2020-06-03 15:18:06,915 [pool-187-thread-1] INFO  server.RaftServerConfigKeys (ConfUtils.java:logGet(44)) - raft.server.rpc.timeout.min = 5s (custom)
2020-06-03 15:18:06,915 [pool-187-thread-1] INFO  server.RaftServerConfigKeys (ConfUtils.java:logGet(44)) - raft.server.rpc.timeout.max = 5200ms (custom)
2020-06-03 15:18:06,915 [pool-187-thread-1] INFO  server.RaftServerConfigKeys (ConfUtils.java:logGet(44)) - raft.server.rpcslowness.timeout = 300s (custom)
2020-06-03 15:18:06,915 [pool-187-thread-1] INFO  server.RaftServerConfigKeys (ConfUtils.java:logGet(44)) - raft.server.sleep.deviation.threshold = 300 (default)
2020-06-03 15:18:06,915 [pool-187-thread-1] INFO  server.RaftServerConfigKeys (ConfUtils.java:logGet(44)) - raft.server.log.appender.install.snapshot.enabled = false (custom)
2020-06-03 15:18:06,915 [pool-187-thread-1] INFO  impl.RaftServerImpl (ServerState.java:<init>(103)) - 6ec6622b-874a-4105-ad29-8c51f142f239@group-18E1D5714A48: ConfigurationManager, init=-1: [c31126df-e0e6-41a0-b8a6-c917e41713fb:172.17.0.2:43385, 1e3e64b2-ca5c-45b2-a309-40d7e3e20788:172.17.0.2:42877, 6ec6622b-874a-4105-ad29-8c51f142f239:172.17.0.2:38415], old=null, confs=<EMPTY_MAP>
2020-06-03 15:18:06,915 [pool-187-thread-1] INFO  server.RaftServerConfigKeys (ConfUtils.java:logGet(44)) - raft.server.storage.dir = [/github/workspace/mnt/ozone/hadoop-ozone/integration-test/target/test-dir/MiniOzoneClusterImpl-93e83c9e-276a-4dbb-b3a7-721354e8147f/datanode-1/data/ratis] (custom)
2020-06-03 15:18:06,916 [pool-187-thread-1] INFO  server.RaftServerConfigKeys (ConfUtils.java:logGet(44)) - raft.server.log.corruption.policy = EXCEPTION (default)
2020-06-03 15:18:06,916 [pool-187-thread-1] INFO  storage.RaftStorageDirectory (RaftStorageDirectory.java:analyzeStorage(261)) - The storage directory /github/workspace/mnt/ozone/hadoop-ozone/integration-test/target/test-dir/MiniOzoneClusterImpl-93e83c9e-276a-4dbb-b3a7-721354e8147f/datanode-1/data/ratis/6d9650bf-2f95-4d48-a31c-18e1d5714a48 does not exist. Creating ...
2020-06-03 15:18:06,917 [pool-187-thread-1] INFO  storage.RaftStorageDirectory (RaftStorageDirectory.java:tryLock(343)) - Lock on /github/workspace/mnt/ozone/hadoop-ozone/integration-test/target/test-dir/MiniOzoneClusterImpl-93e83c9e-276a-4dbb-b3a7-721354e8147f/datanode-1/data/ratis/6d9650bf-2f95-4d48-a31c-18e1d5714a48/in_use.lock acquired by nodename 16183@6feb74794fe2
2020-06-03 15:18:06,918 [pool-187-thread-1] INFO  storage.RaftStorage (RaftStorage.java:format(84)) - Storage directory /github/workspace/mnt/ozone/hadoop-ozone/integration-test/target/test-dir/MiniOzoneClusterImpl-93e83c9e-276a-4dbb-b3a7-721354e8147f/datanode-1/data/ratis/6d9650bf-2f95-4d48-a31c-18e1d5714a48 has been successfully formatted.
2020-06-03 15:18:06,919 [pool-187-thread-1] INFO  ratis.ContainerStateMachine (ContainerStateMachine.java:loadSnapshot(226)) - group-18E1D5714A48: The snapshot info is null. Setting the last applied indexto:(t:0, i:~)
2020-06-03 15:18:06,919 [pool-187-thread-1] INFO  server.RaftServerConfigKeys (ConfUtils.java:logGet(44)) - raft.server.notification.no-leader.timeout = 60s (default)
2020-06-03 15:18:06,919 [pool-187-thread-1] INFO  server.RaftServerConfigKeys (ConfUtils.java:logGet(44)) - raft.server.log.use.memory = false (default)
2020-06-03 15:18:06,919 [pool-187-thread-1] INFO  server.RaftServerConfigKeys (ConfUtils.java:logGet(44)) - raft.server.log.purge.gap = 1000000 (custom)
2020-06-03 15:18:06,919 [pool-187-thread-1] INFO  server.RaftServerConfigKeys (ConfUtils.java:logGet(44)) - raft.server.log.appender.buffer.byte-limit = 33554432 (custom)
2020-06-03 15:18:06,920 [pool-187-thread-1] INFO  server.RaftServerConfigKeys (ConfUtils.java:logGet(44)) - raft.server.log.segment.size.max = 1048576 (custom)
2020-06-03 15:18:06,920 [pool-187-thread-1] INFO  metrics.RatisMetrics (RatisMetrics.java:lambda$create$0(39)) - Creating Metrics Registry : ratis.log_worker.6ec6622b-874a-4105-ad29-8c51f142f239
2020-06-03 15:18:06,920 [pool-187-thread-1] INFO  server.RaftServerConfigKeys (ConfUtils.java:logGet(44)) - raft.server.log.segment.cache.num.max = 2 (custom)
2020-06-03 15:18:06,920 [pool-187-thread-1] INFO  segmented.SegmentedRaftLogWorker (SegmentedRaftLogWorker.java:<init>(176)) - new 6ec6622b-874a-4105-ad29-8c51f142f239@group-18E1D5714A48-SegmentedRaftLogWorker for RaftStorage:Storage Directory /github/workspace/mnt/ozone/hadoop-ozone/integration-test/target/test-dir/MiniOzoneClusterImpl-93e83c9e-276a-4dbb-b3a7-721354e8147f/datanode-1/data/ratis/6d9650bf-2f95-4d48-a31c-18e1d5714a48
2020-06-03 15:18:06,920 [pool-187-thread-1] INFO  server.RaftServerConfigKeys (ConfUtils.java:logGet(44)) - raft.server.log.queue.byte-limit = 2147483647 (custom)
2020-06-03 15:18:06,920 [pool-187-thread-1] INFO  server.RaftServerConfigKeys (ConfUtils.java:logGet(44)) - raft.server.log.queue.element-limit = 1024 (custom)
2020-06-03 15:18:06,920 [pool-187-thread-1] INFO  server.RaftServerConfigKeys (ConfUtils.java:logGet(44)) - raft.server.log.segment.size.max = 1048576 (custom)
2020-06-03 15:18:06,921 [pool-187-thread-1] INFO  server.RaftServerConfigKeys (ConfUtils.java:logGet(44)) - raft.server.log.preallocated.size = 16384 (custom)
2020-06-03 15:18:06,921 [pool-187-thread-1] INFO  server.RaftServerConfigKeys (ConfUtils.java:logGet(44)) - raft.server.log.write.buffer.size = 1048576 (custom)
2020-06-03 15:18:06,921 [pool-187-thread-1] INFO  server.RaftServerConfigKeys (ConfUtils.java:logGet(44)) - raft.server.log.force.sync.num = 128 (default)
2020-06-03 15:18:06,921 [pool-187-thread-1] INFO  server.RaftServerConfigKeys (ConfUtils.java:logGet(44)) - raft.server.log.statemachine.data.sync = true (default)
2020-06-03 15:18:06,921 [pool-187-thread-1] INFO  server.RaftServerConfigKeys (ConfUtils.java:logGet(44)) - raft.server.log.statemachine.data.sync.timeout = 10s (default)
2020-06-03 15:18:06,921 [pool-187-thread-1] INFO  server.RaftServerConfigKeys (ConfUtils.java:logGet(44)) - raft.server.log.statemachine.data.sync.timeout.retry = -1 (default)
2020-06-03 15:18:06,922 [pool-187-thread-1] INFO  server.RaftServerConfigKeys (ConfUtils.java:logGet(44)) - raft.server.log.statemachine.data.caching.enabled = true (custom)
2020-06-03 15:18:06,922 [pool-187-thread-1] INFO  segmented.SegmentedRaftLogWorker (SegmentedRaftLogWorker.java:lambda$new$0(129)) - 6ec6622b-874a-4105-ad29-8c51f142f239@group-18E1D5714A48-SegmentedRaftLogWorker: flushIndex: setUnconditionally 0 -> -1
2020-06-03 15:18:06,926 [pool-187-thread-1] INFO  server.RaftServerConfigKeys (ConfUtils.java:logGet(44)) - raft.server.snapshot.auto.trigger.enabled = true (custom)
2020-06-03 15:18:06,926 [pool-187-thread-1] INFO  server.RaftServerConfigKeys (ConfUtils.java:logGet(44)) - raft.server.snapshot.auto.trigger.threshold = 10000 (custom)
2020-06-03 15:18:06,926 [pool-187-thread-1] INFO  server.RaftServerConfigKeys (ConfUtils.java:logGet(44)) - raft.server.snapshot.retention.file.num = 5 (custom)
2020-06-03 15:18:06,926 [pool-187-thread-1] INFO  server.RaftServerConfigKeys (ConfUtils.java:logGet(44)) - raft.server.log.purge.upto.snapshot.index = false (default)
2020-06-03 15:18:06,926 [pool-187-thread-1] INFO  server.RaftServerConfigKeys (ConfUtils.java:logGet(44)) - raft.server.retrycache.expirytime = 600000ms (custom)
2020-06-03 15:18:06,926 [pool-187-thread-1] INFO  metrics.RatisMetrics (RatisMetrics.java:lambda$create$0(39)) - Creating Metrics Registry : ratis.leader_election.6ec6622b-874a-4105-ad29-8c51f142f239@group-18E1D5714A48
2020-06-03 15:18:06,927 [pool-187-thread-1] INFO  metrics.RatisMetrics (RatisMetrics.java:lambda$create$0(39)) - Creating Metrics Registry : ratis.server.6ec6622b-874a-4105-ad29-8c51f142f239@group-18E1D5714A48
2020-06-03 15:18:06,928 [pool-187-thread-1] INFO  impl.RaftServerImpl (RaftServerImpl.java:start(184)) - 6ec6622b-874a-4105-ad29-8c51f142f239@group-18E1D5714A48: start as a follower, conf=-1: [c31126df-e0e6-41a0-b8a6-c917e41713fb:172.17.0.2:43385, 1e3e64b2-ca5c-45b2-a309-40d7e3e20788:172.17.0.2:42877, 6ec6622b-874a-4105-ad29-8c51f142f239:172.17.0.2:38415], old=null
2020-06-03 15:18:06,928 [pool-187-thread-1] INFO  impl.RaftServerImpl (RaftServerImpl.java:setRole(173)) - 6ec6622b-874a-4105-ad29-8c51f142f239@group-18E1D5714A48: changes role from      null to FOLLOWER at term 0 for startAsFollower
2020-06-03 15:18:06,928 [pool-187-thread-1] INFO  impl.RoleInfo (RoleInfo.java:updateAndGet(143)) - 6ec6622b-874a-4105-ad29-8c51f142f239: start FollowerState
2020-06-03 15:18:06,934 [pool-187-thread-1] INFO  util.JmxRegister (JmxRegister.java:tryRegister(44)) - Successfully registered JMX Bean with object name Ratis:service=RaftServer,group=group-18E1D5714A48,id=6ec6622b-874a-4105-ad29-8c51f142f239
2020-06-03 15:18:06,934 [pool-187-thread-1] INFO  metrics.RatisMetrics (RatisMetrics.java:lambda$create$0(39)) - Creating Metrics Registry : ratis.state_machine.6ec6622b-874a-4105-ad29-8c51f142f239@group-18E1D5714A48
2020-06-03 15:18:06,939 [Command processor thread] INFO  impl.RaftServerProxy (RaftServerProxy.java:addNew(89)) - 6ec6622b-874a-4105-ad29-8c51f142f239: addNew group-309D2F0730DD:[6ec6622b-874a-4105-ad29-8c51f142f239:172.17.0.2:38415] returns group-309D2F0730DD:java.util.concurrent.CompletableFuture@6c0cd0e6[Not completed]
2020-06-03 15:18:06,940 [pool-187-thread-1] INFO  impl.RaftServerImpl (RaftServerImpl.java:<init>(98)) - 6ec6622b-874a-4105-ad29-8c51f142f239: new RaftServerImpl for group-309D2F0730DD:[6ec6622b-874a-4105-ad29-8c51f142f239:172.17.0.2:38415] with ContainerStateMachine:uninitialized
2020-06-03 15:18:06,940 [pool-187-thread-1] INFO  server.RaftServerConfigKeys (ConfUtils.java:logGet(44)) - raft.server.rpc.timeout.min = 5s (custom)
2020-06-03 15:18:06,940 [pool-187-thread-1] INFO  server.RaftServerConfigKeys (ConfUtils.java:logGet(44)) - raft.server.rpc.timeout.max = 5200ms (custom)
2020-06-03 15:18:06,940 [pool-187-thread-1] INFO  server.RaftServerConfigKeys (ConfUtils.java:logGet(44)) - raft.server.rpcslowness.timeout = 300s (custom)
2020-06-03 15:18:06,940 [pool-187-thread-1] INFO  server.RaftServerConfigKeys (ConfUtils.java:logGet(44)) - raft.server.sleep.deviation.threshold = 300 (default)
2020-06-03 15:18:06,940 [pool-187-thread-1] INFO  server.RaftServerConfigKeys (ConfUtils.java:logGet(44)) - raft.server.log.appender.install.snapshot.enabled = false (custom)
2020-06-03 15:18:06,940 [pool-187-thread-1] INFO  impl.RaftServerImpl (ServerState.java:<init>(103)) - 6ec6622b-874a-4105-ad29-8c51f142f239@group-309D2F0730DD: ConfigurationManager, init=-1: [6ec6622b-874a-4105-ad29-8c51f142f239:172.17.0.2:38415], old=null, confs=<EMPTY_MAP>
2020-06-03 15:18:06,940 [pool-187-thread-1] INFO  server.RaftServerConfigKeys (ConfUtils.java:logGet(44)) - raft.server.storage.dir = [/github/workspace/mnt/ozone/hadoop-ozone/integration-test/target/test-dir/MiniOzoneClusterImpl-93e83c9e-276a-4dbb-b3a7-721354e8147f/datanode-1/data/ratis] (custom)
2020-06-03 15:18:06,940 [pool-187-thread-1] INFO  server.RaftServerConfigKeys (ConfUtils.java:logGet(44)) - raft.server.log.corruption.policy = EXCEPTION (default)
2020-06-03 15:18:06,941 [pool-187-thread-1] INFO  storage.RaftStorageDirectory (RaftStorageDirectory.java:analyzeStorage(261)) - The storage directory /github/workspace/mnt/ozone/hadoop-ozone/integration-test/target/test-dir/MiniOzoneClusterImpl-93e83c9e-276a-4dbb-b3a7-721354e8147f/datanode-1/data/ratis/92db0bb1-1faf-49d6-874b-309d2f0730dd does not exist. Creating ...
2020-06-03 15:18:06,942 [pool-187-thread-1] INFO  storage.RaftStorageDirectory (RaftStorageDirectory.java:tryLock(343)) - Lock on /github/workspace/mnt/ozone/hadoop-ozone/integration-test/target/test-dir/MiniOzoneClusterImpl-93e83c9e-276a-4dbb-b3a7-721354e8147f/datanode-1/data/ratis/92db0bb1-1faf-49d6-874b-309d2f0730dd/in_use.lock acquired by nodename 16183@6feb74794fe2
2020-06-03 15:18:06,946 [pool-187-thread-1] INFO  storage.RaftStorage (RaftStorage.java:format(84)) - Storage directory /github/workspace/mnt/ozone/hadoop-ozone/integration-test/target/test-dir/MiniOzoneClusterImpl-93e83c9e-276a-4dbb-b3a7-721354e8147f/datanode-1/data/ratis/92db0bb1-1faf-49d6-874b-309d2f0730dd has been successfully formatted.
2020-06-03 15:18:06,947 [pool-187-thread-1] INFO  ratis.ContainerStateMachine (ContainerStateMachine.java:loadSnapshot(226)) - group-309D2F0730DD: The snapshot info is null. Setting the last applied indexto:(t:0, i:~)
2020-06-03 15:18:06,947 [pool-187-thread-1] INFO  server.RaftServerConfigKeys (ConfUtils.java:logGet(44)) - raft.server.notification.no-leader.timeout = 60s (default)
2020-06-03 15:18:06,947 [pool-187-thread-1] INFO  server.RaftServerConfigKeys (ConfUtils.java:logGet(44)) - raft.server.log.use.memory = false (default)
2020-06-03 15:18:06,947 [pool-187-thread-1] INFO  server.RaftServerConfigKeys (ConfUtils.java:logGet(44)) - raft.server.log.purge.gap = 1000000 (custom)
2020-06-03 15:18:06,947 [pool-187-thread-1] INFO  server.RaftServerConfigKeys (ConfUtils.java:logGet(44)) - raft.server.log.appender.buffer.byte-limit = 33554432 (custom)
2020-06-03 15:18:06,947 [pool-187-thread-1] INFO  server.RaftServerConfigKeys (ConfUtils.java:logGet(44)) - raft.server.log.segment.size.max = 1048576 (custom)
2020-06-03 15:18:06,947 [pool-187-thread-1] INFO  server.RaftServerConfigKeys (ConfUtils.java:logGet(44)) - raft.server.log.segment.cache.num.max = 2 (custom)
2020-06-03 15:18:06,947 [pool-187-thread-1] INFO  segmented.SegmentedRaftLogWorker (SegmentedRaftLogWorker.java:<init>(176)) - new 6ec6622b-874a-4105-ad29-8c51f142f239@group-309D2F0730DD-SegmentedRaftLogWorker for RaftStorage:Storage Directory /github/workspace/mnt/ozone/hadoop-ozone/integration-test/target/test-dir/MiniOzoneClusterImpl-93e83c9e-276a-4dbb-b3a7-721354e8147f/datanode-1/data/ratis/92db0bb1-1faf-49d6-874b-309d2f0730dd
2020-06-03 15:18:06,947 [pool-187-thread-1] INFO  server.RaftServerConfigKeys (ConfUtils.java:logGet(44)) - raft.server.log.queue.byte-limit = 2147483647 (custom)
2020-06-03 15:18:06,947 [pool-187-thread-1] INFO  server.RaftServerConfigKeys (ConfUtils.java:logGet(44)) - raft.server.log.queue.element-limit = 1024 (custom)
2020-06-03 15:18:06,947 [pool-187-thread-1] INFO  server.RaftServerConfigKeys (ConfUtils.java:logGet(44)) - raft.server.log.segment.size.max = 1048576 (custom)
2020-06-03 15:18:06,947 [pool-187-thread-1] INFO  server.RaftServerConfigKeys (ConfUtils.java:logGet(44)) - raft.server.log.preallocated.size = 16384 (custom)
2020-06-03 15:18:06,947 [pool-187-thread-1] INFO  server.RaftServerConfigKeys (ConfUtils.java:logGet(44)) - raft.server.log.write.buffer.size = 1048576 (custom)
2020-06-03 15:18:06,947 [pool-187-thread-1] INFO  server.RaftServerConfigKeys (ConfUtils.java:logGet(44)) - raft.server.log.force.sync.num = 128 (default)
2020-06-03 15:18:06,947 [pool-187-thread-1] INFO  server.RaftServerConfigKeys (ConfUtils.java:logGet(44)) - raft.server.log.statemachine.data.sync = true (default)
2020-06-03 15:18:06,948 [pool-187-thread-1] INFO  server.RaftServerConfigKeys (ConfUtils.java:logGet(44)) - raft.server.log.statemachine.data.sync.timeout = 10s (default)
2020-06-03 15:18:06,948 [pool-187-thread-1] INFO  server.RaftServerConfigKeys (ConfUtils.java:logGet(44)) - raft.server.log.statemachine.data.sync.timeout.retry = -1 (default)
2020-06-03 15:18:06,948 [pool-187-thread-1] INFO  server.RaftServerConfigKeys (ConfUtils.java:logGet(44)) - raft.server.log.statemachine.data.caching.enabled = true (custom)
2020-06-03 15:18:06,948 [pool-187-thread-1] INFO  segmented.SegmentedRaftLogWorker (SegmentedRaftLogWorker.java:lambda$new$0(129)) - 6ec6622b-874a-4105-ad29-8c51f142f239@group-309D2F0730DD-SegmentedRaftLogWorker: flushIndex: setUnconditionally 0 -> -1
2020-06-03 15:18:06,949 [pool-187-thread-1] INFO  server.RaftServerConfigKeys (ConfUtils.java:logGet(44)) - raft.server.snapshot.auto.trigger.enabled = true (custom)
2020-06-03 15:18:06,949 [pool-187-thread-1] INFO  server.RaftServerConfigKeys (ConfUtils.java:logGet(44)) - raft.server.snapshot.auto.trigger.threshold = 10000 (custom)
2020-06-03 15:18:06,949 [pool-187-thread-1] INFO  server.RaftServerConfigKeys (ConfUtils.java:logGet(44)) - raft.server.snapshot.retention.file.num = 5 (custom)
2020-06-03 15:18:06,949 [pool-187-thread-1] INFO  server.RaftServerConfigKeys (ConfUtils.java:logGet(44)) - raft.server.log.purge.upto.snapshot.index = false (default)
2020-06-03 15:18:06,949 [pool-187-thread-1] INFO  server.RaftServerConfigKeys (ConfUtils.java:logGet(44)) - raft.server.retrycache.expirytime = 600000ms (custom)
2020-06-03 15:18:06,950 [EventQueue-PipelineReportForPipelineReportHandler] INFO  pipeline.PipelineStateManager (PipelineStateManager.java:openPipeline(131)) - Pipeline Pipeline[ Id: 92db0bb1-1faf-49d6-874b-309d2f0730dd, Nodes: 6ec6622b-874a-4105-ad29-8c51f142f239{ip: 172.17.0.2, host: 6feb74794fe2, networkLocation: /default-rack, certSerialId: null}, Type:RATIS, Factor:ONE, State:ALLOCATED, leaderId:6ec6622b-874a-4105-ad29-8c51f142f239, CreationTimestamp2020-06-03T15:18:03.941Z] moved to OPEN state
2020-06-03 15:18:06,950 [EventQueue-OpenPipelineForOneReplicaPipelineSafeModeRule] INFO  safemode.SCMSafeModeManager (SCMSafeModeManager.java:validateSafeModeExitRules(213)) - AtleastOneDatanodeReportedRule rule is successfully validated
2020-06-03 15:18:06,950 [EventQueue-OpenPipelineForHealthyPipelineSafeModeRule] INFO  safemode.SCMSafeModeManager (HealthyPipelineSafeModeRule.java:process(132)) - SCM in safe mode. Healthy pipelines reported count is 0, required healthy pipeline reported count is 1
2020-06-03 15:18:06,950 [pool-187-thread-1] INFO  metrics.RatisMetrics (RatisMetrics.java:lambda$create$0(39)) - Creating Metrics Registry : ratis.leader_election.6ec6622b-874a-4105-ad29-8c51f142f239@group-309D2F0730DD
2020-06-03 15:18:06,951 [pool-187-thread-1] INFO  metrics.RatisMetrics (RatisMetrics.java:lambda$create$0(39)) - Creating Metrics Registry : ratis.server.6ec6622b-874a-4105-ad29-8c51f142f239@group-309D2F0730DD
2020-06-03 15:18:06,952 [pool-187-thread-1] INFO  impl.RaftServerImpl (RaftServerImpl.java:start(184)) - 6ec6622b-874a-4105-ad29-8c51f142f239@group-309D2F0730DD: start as a follower, conf=-1: [6ec6622b-874a-4105-ad29-8c51f142f239:172.17.0.2:38415], old=null
2020-06-03 15:18:06,952 [pool-187-thread-1] INFO  impl.RaftServerImpl (RaftServerImpl.java:setRole(173)) - 6ec6622b-874a-4105-ad29-8c51f142f239@group-309D2F0730DD: changes role from      null to FOLLOWER at term 0 for startAsFollower
2020-06-03 15:18:06,952 [pool-187-thread-1] INFO  impl.RoleInfo (RoleInfo.java:updateAndGet(143)) - 6ec6622b-874a-4105-ad29-8c51f142f239: start FollowerState
2020-06-03 15:18:06,958 [pool-187-thread-1] INFO  util.JmxRegister (JmxRegister.java:tryRegister(44)) - Successfully registered JMX Bean with object name Ratis:service=RaftServer,group=group-309D2F0730DD,id=6ec6622b-874a-4105-ad29-8c51f142f239
2020-06-03 15:18:06,958 [pool-187-thread-1] INFO  metrics.RatisMetrics (RatisMetrics.java:lambda$create$0(39)) - Creating Metrics Registry : ratis.state_machine.6ec6622b-874a-4105-ad29-8c51f142f239@group-309D2F0730DD
2020-06-03 15:18:06,965 [Command processor thread] INFO  commandhandler.CreatePipelineCommandHandler (CreatePipelineCommandHandler.java:handle(109)) - Created Pipeline RATIS ONE #id: "92db0bb1-1faf-49d6-874b-309d2f0730dd"
.
2020-06-03 15:18:06,965 [grpc-default-executor-4] INFO  impl.RaftServerProxy (RaftServerProxy.java:addNew(89)) - c31126df-e0e6-41a0-b8a6-c917e41713fb: addNew group-18E1D5714A48:[c31126df-e0e6-41a0-b8a6-c917e41713fb:172.17.0.2:43385, 1e3e64b2-ca5c-45b2-a309-40d7e3e20788:172.17.0.2:42877, 6ec6622b-874a-4105-ad29-8c51f142f239:172.17.0.2:38415] returns group-18E1D5714A48:java.util.concurrent.CompletableFuture@66921740[Not completed]
2020-06-03 15:18:06,967 [pool-203-thread-1] INFO  impl.RaftServerImpl (RaftServerImpl.java:<init>(98)) - c31126df-e0e6-41a0-b8a6-c917e41713fb: new RaftServerImpl for group-18E1D5714A48:[c31126df-e0e6-41a0-b8a6-c917e41713fb:172.17.0.2:43385, 1e3e64b2-ca5c-45b2-a309-40d7e3e20788:172.17.0.2:42877, 6ec6622b-874a-4105-ad29-8c51f142f239:172.17.0.2:38415] with ContainerStateMachine:uninitialized
2020-06-03 15:18:06,967 [pool-203-thread-1] INFO  server.RaftServerConfigKeys (ConfUtils.java:logGet(44)) - raft.server.rpc.timeout.min = 5s (custom)
2020-06-03 15:18:06,967 [pool-203-thread-1] INFO  server.RaftServerConfigKeys (ConfUtils.java:logGet(44)) - raft.server.rpc.timeout.max = 5200ms (custom)
2020-06-03 15:18:06,967 [pool-203-thread-1] INFO  server.RaftServerConfigKeys (ConfUtils.java:logGet(44)) - raft.server.rpcslowness.timeout = 300s (custom)
2020-06-03 15:18:06,967 [pool-203-thread-1] INFO  server.RaftServerConfigKeys (ConfUtils.java:logGet(44)) - raft.server.sleep.deviation.threshold = 300 (default)
2020-06-03 15:18:06,967 [pool-203-thread-1] INFO  server.RaftServerConfigKeys (ConfUtils.java:logGet(44)) - raft.server.log.appender.install.snapshot.enabled = false (custom)
2020-06-03 15:18:06,967 [pool-203-thread-1] INFO  impl.RaftServerImpl (ServerState.java:<init>(103)) - c31126df-e0e6-41a0-b8a6-c917e41713fb@group-18E1D5714A48: ConfigurationManager, init=-1: [c31126df-e0e6-41a0-b8a6-c917e41713fb:172.17.0.2:43385, 1e3e64b2-ca5c-45b2-a309-40d7e3e20788:172.17.0.2:42877, 6ec6622b-874a-4105-ad29-8c51f142f239:172.17.0.2:38415], old=null, confs=<EMPTY_MAP>
2020-06-03 15:18:06,967 [pool-203-thread-1] INFO  server.RaftServerConfigKeys (ConfUtils.java:logGet(44)) - raft.server.storage.dir = [/github/workspace/mnt/ozone/hadoop-ozone/integration-test/target/test-dir/MiniOzoneClusterImpl-93e83c9e-276a-4dbb-b3a7-721354e8147f/datanode-2/data/ratis] (custom)
2020-06-03 15:18:06,968 [pool-203-thread-1] INFO  server.RaftServerConfigKeys (ConfUtils.java:logGet(44)) - raft.server.log.corruption.policy = EXCEPTION (default)
2020-06-03 15:18:06,968 [pool-203-thread-1] INFO  storage.RaftStorageDirectory (RaftStorageDirectory.java:analyzeStorage(261)) - The storage directory /github/workspace/mnt/ozone/hadoop-ozone/integration-test/target/test-dir/MiniOzoneClusterImpl-93e83c9e-276a-4dbb-b3a7-721354e8147f/datanode-2/data/ratis/6d9650bf-2f95-4d48-a31c-18e1d5714a48 does not exist. Creating ...
2020-06-03 15:18:06,969 [pool-203-thread-1] INFO  storage.RaftStorageDirectory (RaftStorageDirectory.java:tryLock(343)) - Lock on /github/workspace/mnt/ozone/hadoop-ozone/integration-test/target/test-dir/MiniOzoneClusterImpl-93e83c9e-276a-4dbb-b3a7-721354e8147f/datanode-2/data/ratis/6d9650bf-2f95-4d48-a31c-18e1d5714a48/in_use.lock acquired by nodename 16183@6feb74794fe2
2020-06-03 15:18:06,971 [pool-203-thread-1] INFO  storage.RaftStorage (RaftStorage.java:format(84)) - Storage directory /github/workspace/mnt/ozone/hadoop-ozone/integration-test/target/test-dir/MiniOzoneClusterImpl-93e83c9e-276a-4dbb-b3a7-721354e8147f/datanode-2/data/ratis/6d9650bf-2f95-4d48-a31c-18e1d5714a48 has been successfully formatted.
2020-06-03 15:18:06,971 [pool-203-thread-1] INFO  ratis.ContainerStateMachine (ContainerStateMachine.java:loadSnapshot(226)) - group-18E1D5714A48: The snapshot info is null. Setting the last applied indexto:(t:0, i:~)
2020-06-03 15:18:06,972 [pool-203-thread-1] INFO  server.RaftServerConfigKeys (ConfUtils.java:logGet(44)) - raft.server.notification.no-leader.timeout = 60s (default)
2020-06-03 15:18:06,972 [pool-203-thread-1] INFO  server.RaftServerConfigKeys (ConfUtils.java:logGet(44)) - raft.server.log.use.memory = false (default)
2020-06-03 15:18:06,972 [pool-203-thread-1] INFO  server.RaftServerConfigKeys (ConfUtils.java:logGet(44)) - raft.server.log.purge.gap = 1000000 (custom)
2020-06-03 15:18:06,972 [pool-203-thread-1] INFO  server.RaftServerConfigKeys (ConfUtils.java:logGet(44)) - raft.server.log.appender.buffer.byte-limit = 33554432 (custom)
2020-06-03 15:18:06,972 [pool-203-thread-1] INFO  server.RaftServerConfigKeys (ConfUtils.java:logGet(44)) - raft.server.log.segment.size.max = 1048576 (custom)
2020-06-03 15:18:06,972 [pool-203-thread-1] INFO  metrics.RatisMetrics (RatisMetrics.java:lambda$create$0(39)) - Creating Metrics Registry : ratis.log_worker.c31126df-e0e6-41a0-b8a6-c917e41713fb
2020-06-03 15:18:06,973 [pool-203-thread-1] INFO  server.RaftServerConfigKeys (ConfUtils.java:logGet(44)) - raft.server.log.segment.cache.num.max = 2 (custom)
2020-06-03 15:18:06,973 [pool-203-thread-1] INFO  segmented.SegmentedRaftLogWorker (SegmentedRaftLogWorker.java:<init>(176)) - new c31126df-e0e6-41a0-b8a6-c917e41713fb@group-18E1D5714A48-SegmentedRaftLogWorker for RaftStorage:Storage Directory /github/workspace/mnt/ozone/hadoop-ozone/integration-test/target/test-dir/MiniOzoneClusterImpl-93e83c9e-276a-4dbb-b3a7-721354e8147f/datanode-2/data/ratis/6d9650bf-2f95-4d48-a31c-18e1d5714a48
2020-06-03 15:18:06,973 [pool-203-thread-1] INFO  server.RaftServerConfigKeys (ConfUtils.java:logGet(44)) - raft.server.log.queue.byte-limit = 2147483647 (custom)
2020-06-03 15:18:06,973 [pool-203-thread-1] INFO  server.RaftServerConfigKeys (ConfUtils.java:logGet(44)) - raft.server.log.queue.element-limit = 1024 (custom)
2020-06-03 15:18:06,973 [pool-203-thread-1] INFO  server.RaftServerConfigKeys (ConfUtils.java:logGet(44)) - raft.server.log.segment.size.max = 1048576 (custom)
2020-06-03 15:18:06,973 [pool-203-thread-1] INFO  server.RaftServerConfigKeys (ConfUtils.java:logGet(44)) - raft.server.log.preallocated.size = 16384 (custom)
2020-06-03 15:18:06,973 [pool-203-thread-1] INFO  server.RaftServerConfigKeys (ConfUtils.java:logGet(44)) - raft.server.log.write.buffer.size = 1048576 (custom)
2020-06-03 15:18:06,973 [pool-203-thread-1] INFO  server.RaftServerConfigKeys (ConfUtils.java:logGet(44)) - raft.server.log.force.sync.num = 128 (default)
2020-06-03 15:18:06,973 [pool-203-thread-1] INFO  server.RaftServerConfigKeys (ConfUtils.java:logGet(44)) - raft.server.log.statemachine.data.sync = true (default)
2020-06-03 15:18:06,973 [pool-203-thread-1] INFO  server.RaftServerConfigKeys (ConfUtils.java:logGet(44)) - raft.server.log.statemachine.data.sync.timeout = 10s (default)
2020-06-03 15:18:06,973 [pool-203-thread-1] INFO  server.RaftServerConfigKeys (ConfUtils.java:logGet(44)) - raft.server.log.statemachine.data.sync.timeout.retry = -1 (default)
2020-06-03 15:18:06,975 [pool-203-thread-1] INFO  server.RaftServerConfigKeys (ConfUtils.java:logGet(44)) - raft.server.log.statemachine.data.caching.enabled = true (custom)
2020-06-03 15:18:06,975 [pool-203-thread-1] INFO  segmented.SegmentedRaftLogWorker (SegmentedRaftLogWorker.java:lambda$new$0(129)) - c31126df-e0e6-41a0-b8a6-c917e41713fb@group-18E1D5714A48-SegmentedRaftLogWorker: flushIndex: setUnconditionally 0 -> -1
2020-06-03 15:18:06,976 [pool-203-thread-1] INFO  server.RaftServerConfigKeys (ConfUtils.java:logGet(44)) - raft.server.snapshot.auto.trigger.enabled = true (custom)
2020-06-03 15:18:06,976 [pool-203-thread-1] INFO  server.RaftServerConfigKeys (ConfUtils.java:logGet(44)) - raft.server.snapshot.auto.trigger.threshold = 10000 (custom)
2020-06-03 15:18:06,976 [pool-203-thread-1] INFO  server.RaftServerConfigKeys (ConfUtils.java:logGet(44)) - raft.server.snapshot.retention.file.num = 5 (custom)
2020-06-03 15:18:06,976 [pool-203-thread-1] INFO  server.RaftServerConfigKeys (ConfUtils.java:logGet(44)) - raft.server.log.purge.upto.snapshot.index = false (default)
2020-06-03 15:18:06,976 [pool-203-thread-1] INFO  server.RaftServerConfigKeys (ConfUtils.java:logGet(44)) - raft.server.retrycache.expirytime = 600000ms (custom)
2020-06-03 15:18:06,976 [pool-203-thread-1] INFO  metrics.RatisMetrics (RatisMetrics.java:lambda$create$0(39)) - Creating Metrics Registry : ratis.leader_election.c31126df-e0e6-41a0-b8a6-c917e41713fb@group-18E1D5714A48
2020-06-03 15:18:06,977 [pool-203-thread-1] INFO  metrics.RatisMetrics (RatisMetrics.java:lambda$create$0(39)) - Creating Metrics Registry : ratis.server.c31126df-e0e6-41a0-b8a6-c917e41713fb@group-18E1D5714A48
2020-06-03 15:18:06,977 [pool-203-thread-1] INFO  impl.RaftServerImpl (RaftServerImpl.java:start(184)) - c31126df-e0e6-41a0-b8a6-c917e41713fb@group-18E1D5714A48: start as a follower, conf=-1: [c31126df-e0e6-41a0-b8a6-c917e41713fb:172.17.0.2:43385, 1e3e64b2-ca5c-45b2-a309-40d7e3e20788:172.17.0.2:42877, 6ec6622b-874a-4105-ad29-8c51f142f239:172.17.0.2:38415], old=null
2020-06-03 15:18:06,978 [pool-203-thread-1] INFO  impl.RaftServerImpl (RaftServerImpl.java:setRole(173)) - c31126df-e0e6-41a0-b8a6-c917e41713fb@group-18E1D5714A48: changes role from      null to FOLLOWER at term 0 for startAsFollower
2020-06-03 15:18:06,978 [pool-203-thread-1] INFO  impl.RoleInfo (RoleInfo.java:updateAndGet(143)) - c31126df-e0e6-41a0-b8a6-c917e41713fb: start FollowerState
2020-06-03 15:18:06,978 [pool-203-thread-1] INFO  util.JmxRegister (JmxRegister.java:tryRegister(44)) - Successfully registered JMX Bean with object name Ratis:service=RaftServer,group=group-18E1D5714A48,id=c31126df-e0e6-41a0-b8a6-c917e41713fb
2020-06-03 15:18:06,978 [pool-203-thread-1] INFO  metrics.RatisMetrics (RatisMetrics.java:lambda$create$0(39)) - Creating Metrics Registry : ratis.state_machine.c31126df-e0e6-41a0-b8a6-c917e41713fb@group-18E1D5714A48
2020-06-03 15:18:06,986 [Command processor thread] INFO  commandhandler.CreatePipelineCommandHandler (CreatePipelineCommandHandler.java:handle(109)) - Created Pipeline RATIS THREE #id: "6d9650bf-2f95-4d48-a31c-18e1d5714a48"
.
2020-06-03 15:18:07,018 [Command processor thread] INFO  impl.RaftServerProxy (RaftServerProxy.java:addNew(89)) - c31126df-e0e6-41a0-b8a6-c917e41713fb: addNew group-D5EC939E43D0:[c31126df-e0e6-41a0-b8a6-c917e41713fb:172.17.0.2:43385] returns group-D5EC939E43D0:java.util.concurrent.CompletableFuture@3a4ca213[Not completed]
2020-06-03 15:18:07,019 [pool-203-thread-1] INFO  impl.RaftServerImpl (RaftServerImpl.java:<init>(98)) - c31126df-e0e6-41a0-b8a6-c917e41713fb: new RaftServerImpl for group-D5EC939E43D0:[c31126df-e0e6-41a0-b8a6-c917e41713fb:172.17.0.2:43385] with ContainerStateMachine:uninitialized
2020-06-03 15:18:07,019 [pool-203-thread-1] INFO  server.RaftServerConfigKeys (ConfUtils.java:logGet(44)) - raft.server.rpc.timeout.min = 5s (custom)
2020-06-03 15:18:07,019 [pool-203-thread-1] INFO  server.RaftServerConfigKeys (ConfUtils.java:logGet(44)) - raft.server.rpc.timeout.max = 5200ms (custom)
2020-06-03 15:18:07,019 [pool-203-thread-1] INFO  server.RaftServerConfigKeys (ConfUtils.java:logGet(44)) - raft.server.rpcslowness.timeout = 300s (custom)
2020-06-03 15:18:07,019 [pool-203-thread-1] INFO  server.RaftServerConfigKeys (ConfUtils.java:logGet(44)) - raft.server.sleep.deviation.threshold = 300 (default)
2020-06-03 15:18:07,019 [pool-203-thread-1] INFO  server.RaftServerConfigKeys (ConfUtils.java:logGet(44)) - raft.server.log.appender.install.snapshot.enabled = false (custom)
2020-06-03 15:18:07,019 [pool-203-thread-1] INFO  impl.RaftServerImpl (ServerState.java:<init>(103)) - c31126df-e0e6-41a0-b8a6-c917e41713fb@group-D5EC939E43D0: ConfigurationManager, init=-1: [c31126df-e0e6-41a0-b8a6-c917e41713fb:172.17.0.2:43385], old=null, confs=<EMPTY_MAP>
2020-06-03 15:18:07,019 [pool-203-thread-1] INFO  server.RaftServerConfigKeys (ConfUtils.java:logGet(44)) - raft.server.storage.dir = [/github/workspace/mnt/ozone/hadoop-ozone/integration-test/target/test-dir/MiniOzoneClusterImpl-93e83c9e-276a-4dbb-b3a7-721354e8147f/datanode-2/data/ratis] (custom)
2020-06-03 15:18:07,019 [pool-203-thread-1] INFO  server.RaftServerConfigKeys (ConfUtils.java:logGet(44)) - raft.server.log.corruption.policy = EXCEPTION (default)
2020-06-03 15:18:07,020 [pool-203-thread-1] INFO  storage.RaftStorageDirectory (RaftStorageDirectory.java:analyzeStorage(261)) - The storage directory /github/workspace/mnt/ozone/hadoop-ozone/integration-test/target/test-dir/MiniOzoneClusterImpl-93e83c9e-276a-4dbb-b3a7-721354e8147f/datanode-2/data/ratis/7eec8102-bf5a-4ed0-86ed-d5ec939e43d0 does not exist. Creating ...
2020-06-03 15:18:07,021 [pool-203-thread-1] INFO  storage.RaftStorageDirectory (RaftStorageDirectory.java:tryLock(343)) - Lock on /github/workspace/mnt/ozone/hadoop-ozone/integration-test/target/test-dir/MiniOzoneClusterImpl-93e83c9e-276a-4dbb-b3a7-721354e8147f/datanode-2/data/ratis/7eec8102-bf5a-4ed0-86ed-d5ec939e43d0/in_use.lock acquired by nodename 16183@6feb74794fe2
2020-06-03 15:18:07,022 [pool-203-thread-1] INFO  storage.RaftStorage (RaftStorage.java:format(84)) - Storage directory /github/workspace/mnt/ozone/hadoop-ozone/integration-test/target/test-dir/MiniOzoneClusterImpl-93e83c9e-276a-4dbb-b3a7-721354e8147f/datanode-2/data/ratis/7eec8102-bf5a-4ed0-86ed-d5ec939e43d0 has been successfully formatted.
2020-06-03 15:18:07,022 [pool-203-thread-1] INFO  ratis.ContainerStateMachine (ContainerStateMachine.java:loadSnapshot(226)) - group-D5EC939E43D0: The snapshot info is null. Setting the last applied indexto:(t:0, i:~)
2020-06-03 15:18:07,023 [pool-203-thread-1] INFO  server.RaftServerConfigKeys (ConfUtils.java:logGet(44)) - raft.server.notification.no-leader.timeout = 60s (default)
2020-06-03 15:18:07,023 [pool-203-thread-1] INFO  server.RaftServerConfigKeys (ConfUtils.java:logGet(44)) - raft.server.log.use.memory = false (default)
2020-06-03 15:18:07,023 [EventQueue-PipelineReportForPipelineReportHandler] INFO  pipeline.PipelineStateManager (PipelineStateManager.java:openPipeline(131)) - Pipeline Pipeline[ Id: 7eec8102-bf5a-4ed0-86ed-d5ec939e43d0, Nodes: c31126df-e0e6-41a0-b8a6-c917e41713fb{ip: 172.17.0.2, host: 6feb74794fe2, networkLocation: /default-rack, certSerialId: null}, Type:RATIS, Factor:ONE, State:ALLOCATED, leaderId:c31126df-e0e6-41a0-b8a6-c917e41713fb, CreationTimestamp2020-06-03T15:18:04.019Z] moved to OPEN state
2020-06-03 15:18:07,023 [pool-203-thread-1] INFO  server.RaftServerConfigKeys (ConfUtils.java:logGet(44)) - raft.server.log.purge.gap = 1000000 (custom)
2020-06-03 15:18:07,023 [EventQueue-OpenPipelineForHealthyPipelineSafeModeRule] INFO  safemode.SCMSafeModeManager (HealthyPipelineSafeModeRule.java:process(132)) - SCM in safe mode. Healthy pipelines reported count is 0, required healthy pipeline reported count is 1
2020-06-03 15:18:07,023 [EventQueue-OpenPipelineForOneReplicaPipelineSafeModeRule] INFO  safemode.SCMSafeModeManager (SCMSafeModeManager.java:validateSafeModeExitRules(213)) - AtleastOneDatanodeReportedRule rule is successfully validated
2020-06-03 15:18:07,024 [pool-203-thread-1] INFO  server.RaftServerConfigKeys (ConfUtils.java:logGet(44)) - raft.server.log.appender.buffer.byte-limit = 33554432 (custom)
2020-06-03 15:18:07,024 [pool-203-thread-1] INFO  server.RaftServerConfigKeys (ConfUtils.java:logGet(44)) - raft.server.log.segment.size.max = 1048576 (custom)
2020-06-03 15:18:07,024 [pool-203-thread-1] INFO  server.RaftServerConfigKeys (ConfUtils.java:logGet(44)) - raft.server.log.segment.cache.num.max = 2 (custom)
2020-06-03 15:18:07,024 [pool-203-thread-1] INFO  segmented.SegmentedRaftLogWorker (SegmentedRaftLogWorker.java:<init>(176)) - new c31126df-e0e6-41a0-b8a6-c917e41713fb@group-D5EC939E43D0-SegmentedRaftLogWorker for RaftStorage:Storage Directory /github/workspace/mnt/ozone/hadoop-ozone/integration-test/target/test-dir/MiniOzoneClusterImpl-93e83c9e-276a-4dbb-b3a7-721354e8147f/datanode-2/data/ratis/7eec8102-bf5a-4ed0-86ed-d5ec939e43d0
2020-06-03 15:18:07,024 [pool-203-thread-1] INFO  server.RaftServerConfigKeys (ConfUtils.java:logGet(44)) - raft.server.log.queue.byte-limit = 2147483647 (custom)
2020-06-03 15:18:07,024 [pool-203-thread-1] INFO  server.RaftServerConfigKeys (ConfUtils.java:logGet(44)) - raft.server.log.queue.element-limit = 1024 (custom)
2020-06-03 15:18:07,024 [pool-203-thread-1] INFO  server.RaftServerConfigKeys (ConfUtils.java:logGet(44)) - raft.server.log.segment.size.max = 1048576 (custom)
2020-06-03 15:18:07,024 [pool-203-thread-1] INFO  server.RaftServerConfigKeys (ConfUtils.java:logGet(44)) - raft.server.log.preallocated.size = 16384 (custom)
2020-06-03 15:18:07,024 [pool-203-thread-1] INFO  server.RaftServerConfigKeys (ConfUtils.java:logGet(44)) - raft.server.log.write.buffer.size = 1048576 (custom)
2020-06-03 15:18:07,024 [pool-203-thread-1] INFO  server.RaftServerConfigKeys (ConfUtils.java:logGet(44)) - raft.server.log.force.sync.num = 128 (default)
2020-06-03 15:18:07,024 [pool-203-thread-1] INFO  server.RaftServerConfigKeys (ConfUtils.java:logGet(44)) - raft.server.log.statemachine.data.sync = true (default)
2020-06-03 15:18:07,024 [pool-203-thread-1] INFO  server.RaftServerConfigKeys (ConfUtils.java:logGet(44)) - raft.server.log.statemachine.data.sync.timeout = 10s (default)
2020-06-03 15:18:07,024 [pool-203-thread-1] INFO  server.RaftServerConfigKeys (ConfUtils.java:logGet(44)) - raft.server.log.statemachine.data.sync.timeout.retry = -1 (default)
2020-06-03 15:18:07,025 [pool-203-thread-1] INFO  server.RaftServerConfigKeys (ConfUtils.java:logGet(44)) - raft.server.log.statemachine.data.caching.enabled = true (custom)
2020-06-03 15:18:07,025 [pool-203-thread-1] INFO  segmented.SegmentedRaftLogWorker (SegmentedRaftLogWorker.java:lambda$new$0(129)) - c31126df-e0e6-41a0-b8a6-c917e41713fb@group-D5EC939E43D0-SegmentedRaftLogWorker: flushIndex: setUnconditionally 0 -> -1
2020-06-03 15:18:07,025 [pool-203-thread-1] INFO  server.RaftServerConfigKeys (ConfUtils.java:logGet(44)) - raft.server.snapshot.auto.trigger.enabled = true (custom)
2020-06-03 15:18:07,026 [pool-203-thread-1] INFO  server.RaftServerConfigKeys (ConfUtils.java:logGet(44)) - raft.server.snapshot.auto.trigger.threshold = 10000 (custom)
2020-06-03 15:18:07,026 [pool-203-thread-1] INFO  server.RaftServerConfigKeys (ConfUtils.java:logGet(44)) - raft.server.snapshot.retention.file.num = 5 (custom)
2020-06-03 15:18:07,026 [pool-203-thread-1] INFO  server.RaftServerConfigKeys (ConfUtils.java:logGet(44)) - raft.server.log.purge.upto.snapshot.index = false (default)
2020-06-03 15:18:07,026 [pool-203-thread-1] INFO  server.RaftServerConfigKeys (ConfUtils.java:logGet(44)) - raft.server.retrycache.expirytime = 600000ms (custom)
2020-06-03 15:18:07,026 [pool-203-thread-1] INFO  metrics.RatisMetrics (RatisMetrics.java:lambda$create$0(39)) - Creating Metrics Registry : ratis.leader_election.c31126df-e0e6-41a0-b8a6-c917e41713fb@group-D5EC939E43D0
2020-06-03 15:18:07,027 [pool-203-thread-1] INFO  metrics.RatisMetrics (RatisMetrics.java:lambda$create$0(39)) - Creating Metrics Registry : ratis.server.c31126df-e0e6-41a0-b8a6-c917e41713fb@group-D5EC939E43D0
2020-06-03 15:18:07,028 [pool-203-thread-1] INFO  impl.RaftServerImpl (RaftServerImpl.java:start(184)) - c31126df-e0e6-41a0-b8a6-c917e41713fb@group-D5EC939E43D0: start as a follower, conf=-1: [c31126df-e0e6-41a0-b8a6-c917e41713fb:172.17.0.2:43385], old=null
2020-06-03 15:18:07,028 [pool-203-thread-1] INFO  impl.RaftServerImpl (RaftServerImpl.java:setRole(173)) - c31126df-e0e6-41a0-b8a6-c917e41713fb@group-D5EC939E43D0: changes role from      null to FOLLOWER at term 0 for startAsFollower
2020-06-03 15:18:07,029 [pool-203-thread-1] INFO  impl.RoleInfo (RoleInfo.java:updateAndGet(143)) - c31126df-e0e6-41a0-b8a6-c917e41713fb: start FollowerState
2020-06-03 15:18:07,034 [pool-203-thread-1] INFO  util.JmxRegister (JmxRegister.java:tryRegister(44)) - Successfully registered JMX Bean with object name Ratis:service=RaftServer,group=group-D5EC939E43D0,id=c31126df-e0e6-41a0-b8a6-c917e41713fb
2020-06-03 15:18:07,034 [pool-203-thread-1] INFO  metrics.RatisMetrics (RatisMetrics.java:lambda$create$0(39)) - Creating Metrics Registry : ratis.state_machine.c31126df-e0e6-41a0-b8a6-c917e41713fb@group-D5EC939E43D0
2020-06-03 15:18:07,038 [Command processor thread] INFO  commandhandler.CreatePipelineCommandHandler (CreatePipelineCommandHandler.java:handle(109)) - Created Pipeline RATIS ONE #id: "7eec8102-bf5a-4ed0-86ed-d5ec939e43d0"
.
2020-06-03 15:18:07,107 [Command processor thread] INFO  impl.RaftServerProxy (RaftServerProxy.java:addNew(89)) - 48947e53-0809-4443-b86e-4d7be828377d: addNew group-F8503982A8FC:[48947e53-0809-4443-b86e-4d7be828377d:172.17.0.2:34143] returns group-F8503982A8FC:java.util.concurrent.CompletableFuture@5ace90bc[Not completed]
2020-06-03 15:18:07,109 [pool-219-thread-1] INFO  impl.RaftServerImpl (RaftServerImpl.java:<init>(98)) - 48947e53-0809-4443-b86e-4d7be828377d: new RaftServerImpl for group-F8503982A8FC:[48947e53-0809-4443-b86e-4d7be828377d:172.17.0.2:34143] with ContainerStateMachine:uninitialized
2020-06-03 15:18:07,109 [pool-219-thread-1] INFO  server.RaftServerConfigKeys (ConfUtils.java:logGet(44)) - raft.server.rpc.timeout.min = 5s (custom)
2020-06-03 15:18:07,109 [pool-219-thread-1] INFO  server.RaftServerConfigKeys (ConfUtils.java:logGet(44)) - raft.server.rpc.timeout.max = 5200ms (custom)
2020-06-03 15:18:07,109 [pool-219-thread-1] INFO  server.RaftServerConfigKeys (ConfUtils.java:logGet(44)) - raft.server.rpcslowness.timeout = 300s (custom)
2020-06-03 15:18:07,109 [pool-219-thread-1] INFO  server.RaftServerConfigKeys (ConfUtils.java:logGet(44)) - raft.server.sleep.deviation.threshold = 300 (default)
2020-06-03 15:18:07,109 [pool-219-thread-1] INFO  server.RaftServerConfigKeys (ConfUtils.java:logGet(44)) - raft.server.log.appender.install.snapshot.enabled = false (custom)
2020-06-03 15:18:07,109 [pool-219-thread-1] INFO  impl.RaftServerImpl (ServerState.java:<init>(103)) - 48947e53-0809-4443-b86e-4d7be828377d@group-F8503982A8FC: ConfigurationManager, init=-1: [48947e53-0809-4443-b86e-4d7be828377d:172.17.0.2:34143], old=null, confs=<EMPTY_MAP>
2020-06-03 15:18:07,109 [pool-219-thread-1] INFO  server.RaftServerConfigKeys (ConfUtils.java:logGet(44)) - raft.server.storage.dir = [/github/workspace/mnt/ozone/hadoop-ozone/integration-test/target/test-dir/MiniOzoneClusterImpl-93e83c9e-276a-4dbb-b3a7-721354e8147f/datanode-3/data/ratis] (custom)
2020-06-03 15:18:07,110 [pool-219-thread-1] INFO  server.RaftServerConfigKeys (ConfUtils.java:logGet(44)) - raft.server.log.corruption.policy = EXCEPTION (default)
2020-06-03 15:18:07,110 [pool-219-thread-1] INFO  storage.RaftStorageDirectory (RaftStorageDirectory.java:analyzeStorage(261)) - The storage directory /github/workspace/mnt/ozone/hadoop-ozone/integration-test/target/test-dir/MiniOzoneClusterImpl-93e83c9e-276a-4dbb-b3a7-721354e8147f/datanode-3/data/ratis/81d67ba2-b61a-49f3-8839-f8503982a8fc does not exist. Creating ...
2020-06-03 15:18:07,112 [pool-219-thread-1] INFO  storage.RaftStorageDirectory (RaftStorageDirectory.java:tryLock(343)) - Lock on /github/workspace/mnt/ozone/hadoop-ozone/integration-test/target/test-dir/MiniOzoneClusterImpl-93e83c9e-276a-4dbb-b3a7-721354e8147f/datanode-3/data/ratis/81d67ba2-b61a-49f3-8839-f8503982a8fc/in_use.lock acquired by nodename 16183@6feb74794fe2
2020-06-03 15:18:07,113 [pool-219-thread-1] INFO  storage.RaftStorage (RaftStorage.java:format(84)) - Storage directory /github/workspace/mnt/ozone/hadoop-ozone/integration-test/target/test-dir/MiniOzoneClusterImpl-93e83c9e-276a-4dbb-b3a7-721354e8147f/datanode-3/data/ratis/81d67ba2-b61a-49f3-8839-f8503982a8fc has been successfully formatted.
2020-06-03 15:18:07,114 [pool-219-thread-1] INFO  ratis.ContainerStateMachine (ContainerStateMachine.java:loadSnapshot(226)) - group-F8503982A8FC: The snapshot info is null. Setting the last applied indexto:(t:0, i:~)
2020-06-03 15:18:07,114 [pool-219-thread-1] INFO  server.RaftServerConfigKeys (ConfUtils.java:logGet(44)) - raft.server.notification.no-leader.timeout = 60s (default)
2020-06-03 15:18:07,114 [pool-219-thread-1] INFO  server.RaftServerConfigKeys (ConfUtils.java:logGet(44)) - raft.server.log.use.memory = false (default)
2020-06-03 15:18:07,114 [pool-219-thread-1] INFO  server.RaftServerConfigKeys (ConfUtils.java:logGet(44)) - raft.server.log.purge.gap = 1000000 (custom)
2020-06-03 15:18:07,115 [pool-219-thread-1] INFO  server.RaftServerConfigKeys (ConfUtils.java:logGet(44)) - raft.server.log.appender.buffer.byte-limit = 33554432 (custom)
2020-06-03 15:18:07,115 [pool-219-thread-1] INFO  server.RaftServerConfigKeys (ConfUtils.java:logGet(44)) - raft.server.log.segment.size.max = 1048576 (custom)
2020-06-03 15:18:07,115 [pool-219-thread-1] INFO  metrics.RatisMetrics (RatisMetrics.java:lambda$create$0(39)) - Creating Metrics Registry : ratis.log_worker.48947e53-0809-4443-b86e-4d7be828377d
2020-06-03 15:18:07,115 [pool-219-thread-1] INFO  server.RaftServerConfigKeys (ConfUtils.java:logGet(44)) - raft.server.log.segment.cache.num.max = 2 (custom)
2020-06-03 15:18:07,115 [pool-219-thread-1] INFO  segmented.SegmentedRaftLogWorker (SegmentedRaftLogWorker.java:<init>(176)) - new 48947e53-0809-4443-b86e-4d7be828377d@group-F8503982A8FC-SegmentedRaftLogWorker for RaftStorage:Storage Directory /github/workspace/mnt/ozone/hadoop-ozone/integration-test/target/test-dir/MiniOzoneClusterImpl-93e83c9e-276a-4dbb-b3a7-721354e8147f/datanode-3/data/ratis/81d67ba2-b61a-49f3-8839-f8503982a8fc
2020-06-03 15:18:07,115 [pool-219-thread-1] INFO  server.RaftServerConfigKeys (ConfUtils.java:logGet(44)) - raft.server.log.queue.byte-limit = 2147483647 (custom)
2020-06-03 15:18:07,115 [pool-219-thread-1] INFO  server.RaftServerConfigKeys (ConfUtils.java:logGet(44)) - raft.server.log.queue.element-limit = 1024 (custom)
2020-06-03 15:18:07,115 [EventQueue-PipelineReportForPipelineReportHandler] INFO  pipeline.PipelineStateManager (PipelineStateManager.java:openPipeline(131)) - Pipeline Pipeline[ Id: 81d67ba2-b61a-49f3-8839-f8503982a8fc, Nodes: 48947e53-0809-4443-b86e-4d7be828377d{ip: 172.17.0.2, host: 6feb74794fe2, networkLocation: /default-rack, certSerialId: null}, Type:RATIS, Factor:ONE, State:ALLOCATED, leaderId:48947e53-0809-4443-b86e-4d7be828377d, CreationTimestamp2020-06-03T15:18:04.108Z] moved to OPEN state
2020-06-03 15:18:07,115 [pool-219-thread-1] INFO  server.RaftServerConfigKeys (ConfUtils.java:logGet(44)) - raft.server.log.segment.size.max = 1048576 (custom)
2020-06-03 15:18:07,115 [EventQueue-OpenPipelineForHealthyPipelineSafeModeRule] INFO  safemode.SCMSafeModeManager (HealthyPipelineSafeModeRule.java:process(132)) - SCM in safe mode. Healthy pipelines reported count is 0, required healthy pipeline reported count is 1
2020-06-03 15:18:07,115 [EventQueue-OpenPipelineForOneReplicaPipelineSafeModeRule] INFO  safemode.SCMSafeModeManager (SCMSafeModeManager.java:validateSafeModeExitRules(213)) - AtleastOneDatanodeReportedRule rule is successfully validated
2020-06-03 15:18:07,116 [pool-219-thread-1] INFO  server.RaftServerConfigKeys (ConfUtils.java:logGet(44)) - raft.server.log.preallocated.size = 16384 (custom)
2020-06-03 15:18:07,116 [pool-219-thread-1] INFO  server.RaftServerConfigKeys (ConfUtils.java:logGet(44)) - raft.server.log.write.buffer.size = 1048576 (custom)
2020-06-03 15:18:07,116 [pool-219-thread-1] INFO  server.RaftServerConfigKeys (ConfUtils.java:logGet(44)) - raft.server.log.force.sync.num = 128 (default)
2020-06-03 15:18:07,116 [pool-219-thread-1] INFO  server.RaftServerConfigKeys (ConfUtils.java:logGet(44)) - raft.server.log.statemachine.data.sync = true (default)
2020-06-03 15:18:07,116 [pool-219-thread-1] INFO  server.RaftServerConfigKeys (ConfUtils.java:logGet(44)) - raft.server.log.statemachine.data.sync.timeout = 10s (default)
2020-06-03 15:18:07,116 [pool-219-thread-1] INFO  server.RaftServerConfigKeys (ConfUtils.java:logGet(44)) - raft.server.log.statemachine.data.sync.timeout.retry = -1 (default)
2020-06-03 15:18:07,118 [pool-219-thread-1] INFO  server.RaftServerConfigKeys (ConfUtils.java:logGet(44)) - raft.server.log.statemachine.data.caching.enabled = true (custom)
2020-06-03 15:18:07,118 [pool-219-thread-1] INFO  segmented.SegmentedRaftLogWorker (SegmentedRaftLogWorker.java:lambda$new$0(129)) - 48947e53-0809-4443-b86e-4d7be828377d@group-F8503982A8FC-SegmentedRaftLogWorker: flushIndex: setUnconditionally 0 -> -1
2020-06-03 15:18:07,118 [pool-219-thread-1] INFO  server.RaftServerConfigKeys (ConfUtils.java:logGet(44)) - raft.server.snapshot.auto.trigger.enabled = true (custom)
2020-06-03 15:18:07,118 [pool-219-thread-1] INFO  server.RaftServerConfigKeys (ConfUtils.java:logGet(44)) - raft.server.snapshot.auto.trigger.threshold = 10000 (custom)
2020-06-03 15:18:07,118 [pool-219-thread-1] INFO  server.RaftServerConfigKeys (ConfUtils.java:logGet(44)) - raft.server.snapshot.retention.file.num = 5 (custom)
2020-06-03 15:18:07,118 [pool-219-thread-1] INFO  server.RaftServerConfigKeys (ConfUtils.java:logGet(44)) - raft.server.log.purge.upto.snapshot.index = false (default)
2020-06-03 15:18:07,118 [pool-219-thread-1] INFO  server.RaftServerConfigKeys (ConfUtils.java:logGet(44)) - raft.server.retrycache.expirytime = 600000ms (custom)
2020-06-03 15:18:07,118 [pool-219-thread-1] INFO  metrics.RatisMetrics (RatisMetrics.java:lambda$create$0(39)) - Creating Metrics Registry : ratis.leader_election.48947e53-0809-4443-b86e-4d7be828377d@group-F8503982A8FC
2020-06-03 15:18:07,119 [pool-219-thread-1] INFO  metrics.RatisMetrics (RatisMetrics.java:lambda$create$0(39)) - Creating Metrics Registry : ratis.server.48947e53-0809-4443-b86e-4d7be828377d@group-F8503982A8FC
2020-06-03 15:18:07,120 [pool-219-thread-1] INFO  impl.RaftServerImpl (RaftServerImpl.java:start(184)) - 48947e53-0809-4443-b86e-4d7be828377d@group-F8503982A8FC: start as a follower, conf=-1: [48947e53-0809-4443-b86e-4d7be828377d:172.17.0.2:34143], old=null
2020-06-03 15:18:07,120 [pool-219-thread-1] INFO  impl.RaftServerImpl (RaftServerImpl.java:setRole(173)) - 48947e53-0809-4443-b86e-4d7be828377d@group-F8503982A8FC: changes role from      null to FOLLOWER at term 0 for startAsFollower
2020-06-03 15:18:07,120 [pool-219-thread-1] INFO  impl.RoleInfo (RoleInfo.java:updateAndGet(143)) - 48947e53-0809-4443-b86e-4d7be828377d: start FollowerState
2020-06-03 15:18:07,128 [pool-219-thread-1] INFO  util.JmxRegister (JmxRegister.java:tryRegister(44)) - Successfully registered JMX Bean with object name Ratis:service=RaftServer,group=group-F8503982A8FC,id=48947e53-0809-4443-b86e-4d7be828377d
2020-06-03 15:18:07,128 [pool-219-thread-1] INFO  metrics.RatisMetrics (RatisMetrics.java:lambda$create$0(39)) - Creating Metrics Registry : ratis.state_machine.48947e53-0809-4443-b86e-4d7be828377d@group-F8503982A8FC
2020-06-03 15:18:07,132 [Command processor thread] INFO  commandhandler.CreatePipelineCommandHandler (CreatePipelineCommandHandler.java:handle(109)) - Created Pipeline RATIS ONE #id: "81d67ba2-b61a-49f3-8839-f8503982a8fc"
.
2020-06-03 15:18:07,132 [Command processor thread] INFO  impl.RaftServerProxy (RaftServerProxy.java:addNew(89)) - 48947e53-0809-4443-b86e-4d7be828377d: addNew group-E5368276DE73:[3e502d42-633f-4126-a3a8-4f1bbeec568c:172.17.0.2:39147, 48947e53-0809-4443-b86e-4d7be828377d:172.17.0.2:34143, 88470e20-4387-4d75-923d-5048e0fb5f03:172.17.0.2:36237] returns group-E5368276DE73:java.util.concurrent.CompletableFuture@5ef10f3d[Not completed]
2020-06-03 15:18:07,133 [pool-219-thread-1] INFO  impl.RaftServerImpl (RaftServerImpl.java:<init>(98)) - 48947e53-0809-4443-b86e-4d7be828377d: new RaftServerImpl for group-E5368276DE73:[3e502d42-633f-4126-a3a8-4f1bbeec568c:172.17.0.2:39147, 48947e53-0809-4443-b86e-4d7be828377d:172.17.0.2:34143, 88470e20-4387-4d75-923d-5048e0fb5f03:172.17.0.2:36237] with ContainerStateMachine:uninitialized
2020-06-03 15:18:07,133 [pool-219-thread-1] INFO  server.RaftServerConfigKeys (ConfUtils.java:logGet(44)) - raft.server.rpc.timeout.min = 5s (custom)
2020-06-03 15:18:07,133 [pool-219-thread-1] INFO  server.RaftServerConfigKeys (ConfUtils.java:logGet(44)) - raft.server.rpc.timeout.max = 5200ms (custom)
2020-06-03 15:18:07,134 [pool-219-thread-1] INFO  server.RaftServerConfigKeys (ConfUtils.java:logGet(44)) - raft.server.rpcslowness.timeout = 300s (custom)
2020-06-03 15:18:07,134 [pool-219-thread-1] INFO  server.RaftServerConfigKeys (ConfUtils.java:logGet(44)) - raft.server.sleep.deviation.threshold = 300 (default)
2020-06-03 15:18:07,134 [pool-219-thread-1] INFO  server.RaftServerConfigKeys (ConfUtils.java:logGet(44)) - raft.server.log.appender.install.snapshot.enabled = false (custom)
2020-06-03 15:18:07,134 [pool-219-thread-1] INFO  impl.RaftServerImpl (ServerState.java:<init>(103)) - 48947e53-0809-4443-b86e-4d7be828377d@group-E5368276DE73: ConfigurationManager, init=-1: [3e502d42-633f-4126-a3a8-4f1bbeec568c:172.17.0.2:39147, 48947e53-0809-4443-b86e-4d7be828377d:172.17.0.2:34143, 88470e20-4387-4d75-923d-5048e0fb5f03:172.17.0.2:36237], old=null, confs=<EMPTY_MAP>
2020-06-03 15:18:07,134 [pool-219-thread-1] INFO  server.RaftServerConfigKeys (ConfUtils.java:logGet(44)) - raft.server.storage.dir = [/github/workspace/mnt/ozone/hadoop-ozone/integration-test/target/test-dir/MiniOzoneClusterImpl-93e83c9e-276a-4dbb-b3a7-721354e8147f/datanode-3/data/ratis] (custom)
2020-06-03 15:18:07,134 [pool-219-thread-1] INFO  server.RaftServerConfigKeys (ConfUtils.java:logGet(44)) - raft.server.log.corruption.policy = EXCEPTION (default)
2020-06-03 15:18:07,134 [pool-219-thread-1] INFO  storage.RaftStorageDirectory (RaftStorageDirectory.java:analyzeStorage(261)) - The storage directory /github/workspace/mnt/ozone/hadoop-ozone/integration-test/target/test-dir/MiniOzoneClusterImpl-93e83c9e-276a-4dbb-b3a7-721354e8147f/datanode-3/data/ratis/1b2c9c9f-9804-4009-ac03-e5368276de73 does not exist. Creating ...
2020-06-03 15:18:07,135 [pool-219-thread-1] INFO  storage.RaftStorageDirectory (RaftStorageDirectory.java:tryLock(343)) - Lock on /github/workspace/mnt/ozone/hadoop-ozone/integration-test/target/test-dir/MiniOzoneClusterImpl-93e83c9e-276a-4dbb-b3a7-721354e8147f/datanode-3/data/ratis/1b2c9c9f-9804-4009-ac03-e5368276de73/in_use.lock acquired by nodename 16183@6feb74794fe2
2020-06-03 15:18:07,137 [pool-219-thread-1] INFO  storage.RaftStorage (RaftStorage.java:format(84)) - Storage directory /github/workspace/mnt/ozone/hadoop-ozone/integration-test/target/test-dir/MiniOzoneClusterImpl-93e83c9e-276a-4dbb-b3a7-721354e8147f/datanode-3/data/ratis/1b2c9c9f-9804-4009-ac03-e5368276de73 has been successfully formatted.
2020-06-03 15:18:07,137 [pool-219-thread-1] INFO  ratis.ContainerStateMachine (ContainerStateMachine.java:loadSnapshot(226)) - group-E5368276DE73: The snapshot info is null. Setting the last applied indexto:(t:0, i:~)
2020-06-03 15:18:07,137 [pool-219-thread-1] INFO  server.RaftServerConfigKeys (ConfUtils.java:logGet(44)) - raft.server.notification.no-leader.timeout = 60s (default)
2020-06-03 15:18:07,137 [pool-219-thread-1] INFO  server.RaftServerConfigKeys (ConfUtils.java:logGet(44)) - raft.server.log.use.memory = false (default)
2020-06-03 15:18:07,137 [pool-219-thread-1] INFO  server.RaftServerConfigKeys (ConfUtils.java:logGet(44)) - raft.server.log.purge.gap = 1000000 (custom)
2020-06-03 15:18:07,137 [pool-219-thread-1] INFO  server.RaftServerConfigKeys (ConfUtils.java:logGet(44)) - raft.server.log.appender.buffer.byte-limit = 33554432 (custom)
2020-06-03 15:18:07,138 [pool-219-thread-1] INFO  server.RaftServerConfigKeys (ConfUtils.java:logGet(44)) - raft.server.log.segment.size.max = 1048576 (custom)
2020-06-03 15:18:07,138 [pool-219-thread-1] INFO  server.RaftServerConfigKeys (ConfUtils.java:logGet(44)) - raft.server.log.segment.cache.num.max = 2 (custom)
2020-06-03 15:18:07,138 [pool-219-thread-1] INFO  segmented.SegmentedRaftLogWorker (SegmentedRaftLogWorker.java:<init>(176)) - new 48947e53-0809-4443-b86e-4d7be828377d@group-E5368276DE73-SegmentedRaftLogWorker for RaftStorage:Storage Directory /github/workspace/mnt/ozone/hadoop-ozone/integration-test/target/test-dir/MiniOzoneClusterImpl-93e83c9e-276a-4dbb-b3a7-721354e8147f/datanode-3/data/ratis/1b2c9c9f-9804-4009-ac03-e5368276de73
2020-06-03 15:18:07,138 [pool-219-thread-1] INFO  server.RaftServerConfigKeys (ConfUtils.java:logGet(44)) - raft.server.log.queue.byte-limit = 2147483647 (custom)
2020-06-03 15:18:07,138 [pool-219-thread-1] INFO  server.RaftServerConfigKeys (ConfUtils.java:logGet(44)) - raft.server.log.queue.element-limit = 1024 (custom)
2020-06-03 15:18:07,138 [pool-219-thread-1] INFO  server.RaftServerConfigKeys (ConfUtils.java:logGet(44)) - raft.server.log.segment.size.max = 1048576 (custom)
2020-06-03 15:18:07,138 [pool-219-thread-1] INFO  server.RaftServerConfigKeys (ConfUtils.java:logGet(44)) - raft.server.log.preallocated.size = 16384 (custom)
2020-06-03 15:18:07,138 [pool-219-thread-1] INFO  server.RaftServerConfigKeys (ConfUtils.java:logGet(44)) - raft.server.log.write.buffer.size = 1048576 (custom)
2020-06-03 15:18:07,138 [pool-219-thread-1] INFO  server.RaftServerConfigKeys (ConfUtils.java:logGet(44)) - raft.server.log.force.sync.num = 128 (default)
2020-06-03 15:18:07,138 [pool-219-thread-1] INFO  server.RaftServerConfigKeys (ConfUtils.java:logGet(44)) - raft.server.log.statemachine.data.sync = true (default)
2020-06-03 15:18:07,138 [pool-219-thread-1] INFO  server.RaftServerConfigKeys (ConfUtils.java:logGet(44)) - raft.server.log.statemachine.data.sync.timeout = 10s (default)
2020-06-03 15:18:07,138 [pool-219-thread-1] INFO  server.RaftServerConfigKeys (ConfUtils.java:logGet(44)) - raft.server.log.statemachine.data.sync.timeout.retry = -1 (default)
2020-06-03 15:18:07,139 [pool-219-thread-1] INFO  server.RaftServerConfigKeys (ConfUtils.java:logGet(44)) - raft.server.log.statemachine.data.caching.enabled = true (custom)
2020-06-03 15:18:07,139 [pool-219-thread-1] INFO  segmented.SegmentedRaftLogWorker (SegmentedRaftLogWorker.java:lambda$new$0(129)) - 48947e53-0809-4443-b86e-4d7be828377d@group-E5368276DE73-SegmentedRaftLogWorker: flushIndex: setUnconditionally 0 -> -1
2020-06-03 15:18:07,141 [pool-219-thread-1] INFO  server.RaftServerConfigKeys (ConfUtils.java:logGet(44)) - raft.server.snapshot.auto.trigger.enabled = true (custom)
2020-06-03 15:18:07,141 [pool-219-thread-1] INFO  server.RaftServerConfigKeys (ConfUtils.java:logGet(44)) - raft.server.snapshot.auto.trigger.threshold = 10000 (custom)
2020-06-03 15:18:07,141 [pool-219-thread-1] INFO  server.RaftServerConfigKeys (ConfUtils.java:logGet(44)) - raft.server.snapshot.retention.file.num = 5 (custom)
2020-06-03 15:18:07,141 [pool-219-thread-1] INFO  server.RaftServerConfigKeys (ConfUtils.java:logGet(44)) - raft.server.log.purge.upto.snapshot.index = false (default)
2020-06-03 15:18:07,142 [pool-219-thread-1] INFO  server.RaftServerConfigKeys (ConfUtils.java:logGet(44)) - raft.server.retrycache.expirytime = 600000ms (custom)
2020-06-03 15:18:07,142 [pool-219-thread-1] INFO  metrics.RatisMetrics (RatisMetrics.java:lambda$create$0(39)) - Creating Metrics Registry : ratis.leader_election.48947e53-0809-4443-b86e-4d7be828377d@group-E5368276DE73
2020-06-03 15:18:07,142 [pool-219-thread-1] INFO  metrics.RatisMetrics (RatisMetrics.java:lambda$create$0(39)) - Creating Metrics Registry : ratis.server.48947e53-0809-4443-b86e-4d7be828377d@group-E5368276DE73
2020-06-03 15:18:07,143 [pool-219-thread-1] INFO  impl.RaftServerImpl (RaftServerImpl.java:start(184)) - 48947e53-0809-4443-b86e-4d7be828377d@group-E5368276DE73: start as a follower, conf=-1: [3e502d42-633f-4126-a3a8-4f1bbeec568c:172.17.0.2:39147, 48947e53-0809-4443-b86e-4d7be828377d:172.17.0.2:34143, 88470e20-4387-4d75-923d-5048e0fb5f03:172.17.0.2:36237], old=null
2020-06-03 15:18:07,143 [pool-219-thread-1] INFO  impl.RaftServerImpl (RaftServerImpl.java:setRole(173)) - 48947e53-0809-4443-b86e-4d7be828377d@group-E5368276DE73: changes role from      null to FOLLOWER at term 0 for startAsFollower
2020-06-03 15:18:07,143 [pool-219-thread-1] INFO  impl.RoleInfo (RoleInfo.java:updateAndGet(143)) - 48947e53-0809-4443-b86e-4d7be828377d: start FollowerState
2020-06-03 15:18:07,144 [pool-219-thread-1] INFO  util.JmxRegister (JmxRegister.java:tryRegister(44)) - Successfully registered JMX Bean with object name Ratis:service=RaftServer,group=group-E5368276DE73,id=48947e53-0809-4443-b86e-4d7be828377d
2020-06-03 15:18:07,144 [pool-219-thread-1] INFO  metrics.RatisMetrics (RatisMetrics.java:lambda$create$0(39)) - Creating Metrics Registry : ratis.state_machine.48947e53-0809-4443-b86e-4d7be828377d@group-E5368276DE73
2020-06-03 15:18:07,157 [grpc-default-executor-4] INFO  impl.RaftServerProxy (RaftServerProxy.java:addNew(89)) - 3e502d42-633f-4126-a3a8-4f1bbeec568c: addNew group-E5368276DE73:[3e502d42-633f-4126-a3a8-4f1bbeec568c:172.17.0.2:39147, 48947e53-0809-4443-b86e-4d7be828377d:172.17.0.2:34143, 88470e20-4387-4d75-923d-5048e0fb5f03:172.17.0.2:36237] returns group-E5368276DE73:java.util.concurrent.CompletableFuture@6193d976[Not completed]
2020-06-03 15:18:07,158 [pool-235-thread-1] INFO  impl.RaftServerImpl (RaftServerImpl.java:<init>(98)) - 3e502d42-633f-4126-a3a8-4f1bbeec568c: new RaftServerImpl for group-E5368276DE73:[3e502d42-633f-4126-a3a8-4f1bbeec568c:172.17.0.2:39147, 48947e53-0809-4443-b86e-4d7be828377d:172.17.0.2:34143, 88470e20-4387-4d75-923d-5048e0fb5f03:172.17.0.2:36237] with ContainerStateMachine:uninitialized
2020-06-03 15:18:07,158 [pool-235-thread-1] INFO  server.RaftServerConfigKeys (ConfUtils.java:logGet(44)) - raft.server.rpc.timeout.min = 5s (custom)
2020-06-03 15:18:07,158 [pool-235-thread-1] INFO  server.RaftServerConfigKeys (ConfUtils.java:logGet(44)) - raft.server.rpc.timeout.max = 5200ms (custom)
2020-06-03 15:18:07,158 [pool-235-thread-1] INFO  server.RaftServerConfigKeys (ConfUtils.java:logGet(44)) - raft.server.rpcslowness.timeout = 300s (custom)
2020-06-03 15:18:07,158 [pool-235-thread-1] INFO  server.RaftServerConfigKeys (ConfUtils.java:logGet(44)) - raft.server.sleep.deviation.threshold = 300 (default)
2020-06-03 15:18:07,158 [pool-235-thread-1] INFO  server.RaftServerConfigKeys (ConfUtils.java:logGet(44)) - raft.server.log.appender.install.snapshot.enabled = false (custom)
2020-06-03 15:18:07,158 [pool-235-thread-1] INFO  impl.RaftServerImpl (ServerState.java:<init>(103)) - 3e502d42-633f-4126-a3a8-4f1bbeec568c@group-E5368276DE73: ConfigurationManager, init=-1: [3e502d42-633f-4126-a3a8-4f1bbeec568c:172.17.0.2:39147, 48947e53-0809-4443-b86e-4d7be828377d:172.17.0.2:34143, 88470e20-4387-4d75-923d-5048e0fb5f03:172.17.0.2:36237], old=null, confs=<EMPTY_MAP>
2020-06-03 15:18:07,158 [pool-235-thread-1] INFO  server.RaftServerConfigKeys (ConfUtils.java:logGet(44)) - raft.server.storage.dir = [/github/workspace/mnt/ozone/hadoop-ozone/integration-test/target/test-dir/MiniOzoneClusterImpl-93e83c9e-276a-4dbb-b3a7-721354e8147f/datanode-4/data/ratis] (custom)
2020-06-03 15:18:07,159 [pool-235-thread-1] INFO  server.RaftServerConfigKeys (ConfUtils.java:logGet(44)) - raft.server.log.corruption.policy = EXCEPTION (default)
2020-06-03 15:18:07,159 [pool-235-thread-1] INFO  storage.RaftStorageDirectory (RaftStorageDirectory.java:analyzeStorage(261)) - The storage directory /github/workspace/mnt/ozone/hadoop-ozone/integration-test/target/test-dir/MiniOzoneClusterImpl-93e83c9e-276a-4dbb-b3a7-721354e8147f/datanode-4/data/ratis/1b2c9c9f-9804-4009-ac03-e5368276de73 does not exist. Creating ...
2020-06-03 15:18:07,160 [pool-235-thread-1] INFO  storage.RaftStorageDirectory (RaftStorageDirectory.java:tryLock(343)) - Lock on /github/workspace/mnt/ozone/hadoop-ozone/integration-test/target/test-dir/MiniOzoneClusterImpl-93e83c9e-276a-4dbb-b3a7-721354e8147f/datanode-4/data/ratis/1b2c9c9f-9804-4009-ac03-e5368276de73/in_use.lock acquired by nodename 16183@6feb74794fe2
2020-06-03 15:18:07,161 [pool-235-thread-1] INFO  storage.RaftStorage (RaftStorage.java:format(84)) - Storage directory /github/workspace/mnt/ozone/hadoop-ozone/integration-test/target/test-dir/MiniOzoneClusterImpl-93e83c9e-276a-4dbb-b3a7-721354e8147f/datanode-4/data/ratis/1b2c9c9f-9804-4009-ac03-e5368276de73 has been successfully formatted.
2020-06-03 15:18:07,162 [pool-235-thread-1] INFO  ratis.ContainerStateMachine (ContainerStateMachine.java:loadSnapshot(226)) - group-E5368276DE73: The snapshot info is null. Setting the last applied indexto:(t:0, i:~)
2020-06-03 15:18:07,163 [pool-235-thread-1] INFO  server.RaftServerConfigKeys (ConfUtils.java:logGet(44)) - raft.server.notification.no-leader.timeout = 60s (default)
2020-06-03 15:18:07,163 [pool-235-thread-1] INFO  server.RaftServerConfigKeys (ConfUtils.java:logGet(44)) - raft.server.log.use.memory = false (default)
2020-06-03 15:18:07,163 [pool-235-thread-1] INFO  server.RaftServerConfigKeys (ConfUtils.java:logGet(44)) - raft.server.log.purge.gap = 1000000 (custom)
2020-06-03 15:18:07,163 [pool-235-thread-1] INFO  server.RaftServerConfigKeys (ConfUtils.java:logGet(44)) - raft.server.log.appender.buffer.byte-limit = 33554432 (custom)
2020-06-03 15:18:07,163 [pool-235-thread-1] INFO  server.RaftServerConfigKeys (ConfUtils.java:logGet(44)) - raft.server.log.segment.size.max = 1048576 (custom)
2020-06-03 15:18:07,164 [pool-235-thread-1] INFO  metrics.RatisMetrics (RatisMetrics.java:lambda$create$0(39)) - Creating Metrics Registry : ratis.log_worker.3e502d42-633f-4126-a3a8-4f1bbeec568c
2020-06-03 15:18:07,164 [pool-235-thread-1] INFO  server.RaftServerConfigKeys (ConfUtils.java:logGet(44)) - raft.server.log.segment.cache.num.max = 2 (custom)
2020-06-03 15:18:07,164 [pool-235-thread-1] INFO  segmented.SegmentedRaftLogWorker (SegmentedRaftLogWorker.java:<init>(176)) - new 3e502d42-633f-4126-a3a8-4f1bbeec568c@group-E5368276DE73-SegmentedRaftLogWorker for RaftStorage:Storage Directory /github/workspace/mnt/ozone/hadoop-ozone/integration-test/target/test-dir/MiniOzoneClusterImpl-93e83c9e-276a-4dbb-b3a7-721354e8147f/datanode-4/data/ratis/1b2c9c9f-9804-4009-ac03-e5368276de73
2020-06-03 15:18:07,164 [pool-235-thread-1] INFO  server.RaftServerConfigKeys (ConfUtils.java:logGet(44)) - raft.server.log.queue.byte-limit = 2147483647 (custom)
2020-06-03 15:18:07,164 [pool-235-thread-1] INFO  server.RaftServerConfigKeys (ConfUtils.java:logGet(44)) - raft.server.log.queue.element-limit = 1024 (custom)
2020-06-03 15:18:07,164 [pool-235-thread-1] INFO  server.RaftServerConfigKeys (ConfUtils.java:logGet(44)) - raft.server.log.segment.size.max = 1048576 (custom)
2020-06-03 15:18:07,164 [pool-235-thread-1] INFO  server.RaftServerConfigKeys (ConfUtils.java:logGet(44)) - raft.server.log.preallocated.size = 16384 (custom)
2020-06-03 15:18:07,164 [pool-235-thread-1] INFO  server.RaftServerConfigKeys (ConfUtils.java:logGet(44)) - raft.server.log.write.buffer.size = 1048576 (custom)
2020-06-03 15:18:07,164 [pool-235-thread-1] INFO  server.RaftServerConfigKeys (ConfUtils.java:logGet(44)) - raft.server.log.force.sync.num = 128 (default)
2020-06-03 15:18:07,164 [pool-235-thread-1] INFO  server.RaftServerConfigKeys (ConfUtils.java:logGet(44)) - raft.server.log.statemachine.data.sync = true (default)
2020-06-03 15:18:07,164 [pool-235-thread-1] INFO  server.RaftServerConfigKeys (ConfUtils.java:logGet(44)) - raft.server.log.statemachine.data.sync.timeout = 10s (default)
2020-06-03 15:18:07,165 [pool-235-thread-1] INFO  server.RaftServerConfigKeys (ConfUtils.java:logGet(44)) - raft.server.log.statemachine.data.sync.timeout.retry = -1 (default)
2020-06-03 15:18:07,166 [pool-235-thread-1] INFO  server.RaftServerConfigKeys (ConfUtils.java:logGet(44)) - raft.server.log.statemachine.data.caching.enabled = true (custom)
2020-06-03 15:18:07,166 [pool-235-thread-1] INFO  segmented.SegmentedRaftLogWorker (SegmentedRaftLogWorker.java:lambda$new$0(129)) - 3e502d42-633f-4126-a3a8-4f1bbeec568c@group-E5368276DE73-SegmentedRaftLogWorker: flushIndex: setUnconditionally 0 -> -1
2020-06-03 15:18:07,166 [pool-235-thread-1] INFO  server.RaftServerConfigKeys (ConfUtils.java:logGet(44)) - raft.server.snapshot.auto.trigger.enabled = true (custom)
2020-06-03 15:18:07,166 [pool-235-thread-1] INFO  server.RaftServerConfigKeys (ConfUtils.java:logGet(44)) - raft.server.snapshot.auto.trigger.threshold = 10000 (custom)
2020-06-03 15:18:07,166 [pool-235-thread-1] INFO  server.RaftServerConfigKeys (ConfUtils.java:logGet(44)) - raft.server.snapshot.retention.file.num = 5 (custom)
2020-06-03 15:18:07,166 [pool-235-thread-1] INFO  server.RaftServerConfigKeys (ConfUtils.java:logGet(44)) - raft.server.log.purge.upto.snapshot.index = false (default)
2020-06-03 15:18:07,166 [pool-235-thread-1] INFO  server.RaftServerConfigKeys (ConfUtils.java:logGet(44)) - raft.server.retrycache.expirytime = 600000ms (custom)
2020-06-03 15:18:07,166 [pool-235-thread-1] INFO  metrics.RatisMetrics (RatisMetrics.java:lambda$create$0(39)) - Creating Metrics Registry : ratis.leader_election.3e502d42-633f-4126-a3a8-4f1bbeec568c@group-E5368276DE73
2020-06-03 15:18:07,167 [pool-235-thread-1] INFO  metrics.RatisMetrics (RatisMetrics.java:lambda$create$0(39)) - Creating Metrics Registry : ratis.server.3e502d42-633f-4126-a3a8-4f1bbeec568c@group-E5368276DE73
2020-06-03 15:18:07,168 [pool-235-thread-1] INFO  impl.RaftServerImpl (RaftServerImpl.java:start(184)) - 3e502d42-633f-4126-a3a8-4f1bbeec568c@group-E5368276DE73: start as a follower, conf=-1: [3e502d42-633f-4126-a3a8-4f1bbeec568c:172.17.0.2:39147, 48947e53-0809-4443-b86e-4d7be828377d:172.17.0.2:34143, 88470e20-4387-4d75-923d-5048e0fb5f03:172.17.0.2:36237], old=null
2020-06-03 15:18:07,168 [pool-235-thread-1] INFO  impl.RaftServerImpl (RaftServerImpl.java:setRole(173)) - 3e502d42-633f-4126-a3a8-4f1bbeec568c@group-E5368276DE73: changes role from      null to FOLLOWER at term 0 for startAsFollower
2020-06-03 15:18:07,168 [pool-235-thread-1] INFO  impl.RoleInfo (RoleInfo.java:updateAndGet(143)) - 3e502d42-633f-4126-a3a8-4f1bbeec568c: start FollowerState
2020-06-03 15:18:07,170 [pool-235-thread-1] INFO  util.JmxRegister (JmxRegister.java:tryRegister(44)) - Successfully registered JMX Bean with object name Ratis:service=RaftServer,group=group-E5368276DE73,id=3e502d42-633f-4126-a3a8-4f1bbeec568c
2020-06-03 15:18:07,170 [pool-235-thread-1] INFO  metrics.RatisMetrics (RatisMetrics.java:lambda$create$0(39)) - Creating Metrics Registry : ratis.state_machine.3e502d42-633f-4126-a3a8-4f1bbeec568c@group-E5368276DE73
2020-06-03 15:18:07,183 [Command processor thread] INFO  impl.RaftServerProxy (RaftServerProxy.java:addNew(89)) - 3e502d42-633f-4126-a3a8-4f1bbeec568c: addNew group-A97390A5A8F4:[3e502d42-633f-4126-a3a8-4f1bbeec568c:172.17.0.2:39147] returns group-A97390A5A8F4:java.util.concurrent.CompletableFuture@acb85df[Not completed]
2020-06-03 15:18:07,184 [pool-235-thread-1] INFO  impl.RaftServerImpl (RaftServerImpl.java:<init>(98)) - 3e502d42-633f-4126-a3a8-4f1bbeec568c: new RaftServerImpl for group-A97390A5A8F4:[3e502d42-633f-4126-a3a8-4f1bbeec568c:172.17.0.2:39147] with ContainerStateMachine:uninitialized
2020-06-03 15:18:07,184 [pool-235-thread-1] INFO  server.RaftServerConfigKeys (ConfUtils.java:logGet(44)) - raft.server.rpc.timeout.min = 5s (custom)
2020-06-03 15:18:07,184 [pool-235-thread-1] INFO  server.RaftServerConfigKeys (ConfUtils.java:logGet(44)) - raft.server.rpc.timeout.max = 5200ms (custom)
2020-06-03 15:18:07,185 [pool-235-thread-1] INFO  server.RaftServerConfigKeys (ConfUtils.java:logGet(44)) - raft.server.rpcslowness.timeout = 300s (custom)
2020-06-03 15:18:07,185 [pool-235-thread-1] INFO  server.RaftServerConfigKeys (ConfUtils.java:logGet(44)) - raft.server.sleep.deviation.threshold = 300 (default)
2020-06-03 15:18:07,185 [pool-235-thread-1] INFO  server.RaftServerConfigKeys (ConfUtils.java:logGet(44)) - raft.server.log.appender.install.snapshot.enabled = false (custom)
2020-06-03 15:18:07,185 [pool-235-thread-1] INFO  impl.RaftServerImpl (ServerState.java:<init>(103)) - 3e502d42-633f-4126-a3a8-4f1bbeec568c@group-A97390A5A8F4: ConfigurationManager, init=-1: [3e502d42-633f-4126-a3a8-4f1bbeec568c:172.17.0.2:39147], old=null, confs=<EMPTY_MAP>
2020-06-03 15:18:07,185 [pool-235-thread-1] INFO  server.RaftServerConfigKeys (ConfUtils.java:logGet(44)) - raft.server.storage.dir = [/github/workspace/mnt/ozone/hadoop-ozone/integration-test/target/test-dir/MiniOzoneClusterImpl-93e83c9e-276a-4dbb-b3a7-721354e8147f/datanode-4/data/ratis] (custom)
2020-06-03 15:18:07,185 [pool-235-thread-1] INFO  server.RaftServerConfigKeys (ConfUtils.java:logGet(44)) - raft.server.log.corruption.policy = EXCEPTION (default)
2020-06-03 15:18:07,185 [pool-235-thread-1] INFO  storage.RaftStorageDirectory (RaftStorageDirectory.java:analyzeStorage(261)) - The storage directory /github/workspace/mnt/ozone/hadoop-ozone/integration-test/target/test-dir/MiniOzoneClusterImpl-93e83c9e-276a-4dbb-b3a7-721354e8147f/datanode-4/data/ratis/fd599b5f-5d76-43ac-ada9-a97390a5a8f4 does not exist. Creating ...
2020-06-03 15:18:07,186 [pool-235-thread-1] INFO  storage.RaftStorageDirectory (RaftStorageDirectory.java:tryLock(343)) - Lock on /github/workspace/mnt/ozone/hadoop-ozone/integration-test/target/test-dir/MiniOzoneClusterImpl-93e83c9e-276a-4dbb-b3a7-721354e8147f/datanode-4/data/ratis/fd599b5f-5d76-43ac-ada9-a97390a5a8f4/in_use.lock acquired by nodename 16183@6feb74794fe2
2020-06-03 15:18:07,188 [pool-235-thread-1] INFO  storage.RaftStorage (RaftStorage.java:format(84)) - Storage directory /github/workspace/mnt/ozone/hadoop-ozone/integration-test/target/test-dir/MiniOzoneClusterImpl-93e83c9e-276a-4dbb-b3a7-721354e8147f/datanode-4/data/ratis/fd599b5f-5d76-43ac-ada9-a97390a5a8f4 has been successfully formatted.
2020-06-03 15:18:07,188 [pool-235-thread-1] INFO  ratis.ContainerStateMachine (ContainerStateMachine.java:loadSnapshot(226)) - group-A97390A5A8F4: The snapshot info is null. Setting the last applied indexto:(t:0, i:~)
2020-06-03 15:18:07,188 [pool-235-thread-1] INFO  server.RaftServerConfigKeys (ConfUtils.java:logGet(44)) - raft.server.notification.no-leader.timeout = 60s (default)
2020-06-03 15:18:07,188 [pool-235-thread-1] INFO  server.RaftServerConfigKeys (ConfUtils.java:logGet(44)) - raft.server.log.use.memory = false (default)
2020-06-03 15:18:07,188 [pool-235-thread-1] INFO  server.RaftServerConfigKeys (ConfUtils.java:logGet(44)) - raft.server.log.purge.gap = 1000000 (custom)
2020-06-03 15:18:07,188 [pool-235-thread-1] INFO  server.RaftServerConfigKeys (ConfUtils.java:logGet(44)) - raft.server.log.appender.buffer.byte-limit = 33554432 (custom)
2020-06-03 15:18:07,189 [pool-235-thread-1] INFO  server.RaftServerConfigKeys (ConfUtils.java:logGet(44)) - raft.server.log.segment.size.max = 1048576 (custom)
2020-06-03 15:18:07,189 [pool-235-thread-1] INFO  server.RaftServerConfigKeys (ConfUtils.java:logGet(44)) - raft.server.log.segment.cache.num.max = 2 (custom)
2020-06-03 15:18:07,189 [pool-235-thread-1] INFO  segmented.SegmentedRaftLogWorker (SegmentedRaftLogWorker.java:<init>(176)) - new 3e502d42-633f-4126-a3a8-4f1bbeec568c@group-A97390A5A8F4-SegmentedRaftLogWorker for RaftStorage:Storage Directory /github/workspace/mnt/ozone/hadoop-ozone/integration-test/target/test-dir/MiniOzoneClusterImpl-93e83c9e-276a-4dbb-b3a7-721354e8147f/datanode-4/data/ratis/fd599b5f-5d76-43ac-ada9-a97390a5a8f4
2020-06-03 15:18:07,189 [pool-235-thread-1] INFO  server.RaftServerConfigKeys (ConfUtils.java:logGet(44)) - raft.server.log.queue.byte-limit = 2147483647 (custom)
2020-06-03 15:18:07,189 [pool-235-thread-1] INFO  server.RaftServerConfigKeys (ConfUtils.java:logGet(44)) - raft.server.log.queue.element-limit = 1024 (custom)
2020-06-03 15:18:07,189 [pool-235-thread-1] INFO  server.RaftServerConfigKeys (ConfUtils.java:logGet(44)) - raft.server.log.segment.size.max = 1048576 (custom)
2020-06-03 15:18:07,189 [pool-235-thread-1] INFO  server.RaftServerConfigKeys (ConfUtils.java:logGet(44)) - raft.server.log.preallocated.size = 16384 (custom)
2020-06-03 15:18:07,189 [pool-235-thread-1] INFO  server.RaftServerConfigKeys (ConfUtils.java:logGet(44)) - raft.server.log.write.buffer.size = 1048576 (custom)
2020-06-03 15:18:07,189 [pool-235-thread-1] INFO  server.RaftServerConfigKeys (ConfUtils.java:logGet(44)) - raft.server.log.force.sync.num = 128 (default)
2020-06-03 15:18:07,189 [pool-235-thread-1] INFO  server.RaftServerConfigKeys (ConfUtils.java:logGet(44)) - raft.server.log.statemachine.data.sync = true (default)
2020-06-03 15:18:07,189 [pool-235-thread-1] INFO  server.RaftServerConfigKeys (ConfUtils.java:logGet(44)) - raft.server.log.statemachine.data.sync.timeout = 10s (default)
2020-06-03 15:18:07,189 [pool-235-thread-1] INFO  server.RaftServerConfigKeys (ConfUtils.java:logGet(44)) - raft.server.log.statemachine.data.sync.timeout.retry = -1 (default)
2020-06-03 15:18:07,189 [pool-235-thread-1] INFO  server.RaftServerConfigKeys (ConfUtils.java:logGet(44)) - raft.server.log.statemachine.data.caching.enabled = true (custom)
2020-06-03 15:18:07,190 [pool-235-thread-1] INFO  segmented.SegmentedRaftLogWorker (SegmentedRaftLogWorker.java:lambda$new$0(129)) - 3e502d42-633f-4126-a3a8-4f1bbeec568c@group-A97390A5A8F4-SegmentedRaftLogWorker: flushIndex: setUnconditionally 0 -> -1
2020-06-03 15:18:07,196 [pool-235-thread-1] INFO  server.RaftServerConfigKeys (ConfUtils.java:logGet(44)) - raft.server.snapshot.auto.trigger.enabled = true (custom)
2020-06-03 15:18:07,196 [pool-235-thread-1] INFO  server.RaftServerConfigKeys (ConfUtils.java:logGet(44)) - raft.server.snapshot.auto.trigger.threshold = 10000 (custom)
2020-06-03 15:18:07,196 [pool-235-thread-1] INFO  server.RaftServerConfigKeys (ConfUtils.java:logGet(44)) - raft.server.snapshot.retention.file.num = 5 (custom)
2020-06-03 15:18:07,196 [pool-235-thread-1] INFO  server.RaftServerConfigKeys (ConfUtils.java:logGet(44)) - raft.server.log.purge.upto.snapshot.index = false (default)
2020-06-03 15:18:07,196 [pool-235-thread-1] INFO  server.RaftServerConfigKeys (ConfUtils.java:logGet(44)) - raft.server.retrycache.expirytime = 600000ms (custom)
2020-06-03 15:18:07,196 [pool-235-thread-1] INFO  metrics.RatisMetrics (RatisMetrics.java:lambda$create$0(39)) - Creating Metrics Registry : ratis.leader_election.3e502d42-633f-4126-a3a8-4f1bbeec568c@group-A97390A5A8F4
2020-06-03 15:18:07,199 [EventQueue-PipelineReportForPipelineReportHandler] INFO  pipeline.PipelineStateManager (PipelineStateManager.java:openPipeline(131)) - Pipeline Pipeline[ Id: fd599b5f-5d76-43ac-ada9-a97390a5a8f4, Nodes: 3e502d42-633f-4126-a3a8-4f1bbeec568c{ip: 172.17.0.2, host: 6feb74794fe2, networkLocation: /default-rack, certSerialId: null}, Type:RATIS, Factor:ONE, State:ALLOCATED, leaderId:3e502d42-633f-4126-a3a8-4f1bbeec568c, CreationTimestamp2020-06-03T15:18:04.184Z] moved to OPEN state
2020-06-03 15:18:07,199 [EventQueue-OpenPipelineForOneReplicaPipelineSafeModeRule] INFO  safemode.SCMSafeModeManager (SCMSafeModeManager.java:validateSafeModeExitRules(213)) - AtleastOneDatanodeReportedRule rule is successfully validated
2020-06-03 15:18:07,199 [EventQueue-OpenPipelineForHealthyPipelineSafeModeRule] INFO  safemode.SCMSafeModeManager (HealthyPipelineSafeModeRule.java:process(132)) - SCM in safe mode. Healthy pipelines reported count is 0, required healthy pipeline reported count is 1
2020-06-03 15:18:07,199 [pool-235-thread-1] INFO  metrics.RatisMetrics (RatisMetrics.java:lambda$create$0(39)) - Creating Metrics Registry : ratis.server.3e502d42-633f-4126-a3a8-4f1bbeec568c@group-A97390A5A8F4
2020-06-03 15:18:07,201 [pool-235-thread-1] INFO  impl.RaftServerImpl (RaftServerImpl.java:start(184)) - 3e502d42-633f-4126-a3a8-4f1bbeec568c@group-A97390A5A8F4: start as a follower, conf=-1: [3e502d42-633f-4126-a3a8-4f1bbeec568c:172.17.0.2:39147], old=null
2020-06-03 15:18:07,201 [pool-235-thread-1] INFO  impl.RaftServerImpl (RaftServerImpl.java:setRole(173)) - 3e502d42-633f-4126-a3a8-4f1bbeec568c@group-A97390A5A8F4: changes role from      null to FOLLOWER at term 0 for startAsFollower
2020-06-03 15:18:07,201 [pool-235-thread-1] INFO  impl.RoleInfo (RoleInfo.java:updateAndGet(143)) - 3e502d42-633f-4126-a3a8-4f1bbeec568c: start FollowerState
2020-06-03 15:18:07,201 [pool-235-thread-1] INFO  util.JmxRegister (JmxRegister.java:tryRegister(44)) - Successfully registered JMX Bean with object name Ratis:service=RaftServer,group=group-A97390A5A8F4,id=3e502d42-633f-4126-a3a8-4f1bbeec568c
2020-06-03 15:18:07,202 [pool-235-thread-1] INFO  metrics.RatisMetrics (RatisMetrics.java:lambda$create$0(39)) - Creating Metrics Registry : ratis.state_machine.3e502d42-633f-4126-a3a8-4f1bbeec568c@group-A97390A5A8F4
2020-06-03 15:18:07,205 [grpc-default-executor-4] INFO  impl.RaftServerProxy (RaftServerProxy.java:addNew(89)) - 88470e20-4387-4d75-923d-5048e0fb5f03: addNew group-E5368276DE73:[3e502d42-633f-4126-a3a8-4f1bbeec568c:172.17.0.2:39147, 48947e53-0809-4443-b86e-4d7be828377d:172.17.0.2:34143, 88470e20-4387-4d75-923d-5048e0fb5f03:172.17.0.2:36237] returns group-E5368276DE73:java.util.concurrent.CompletableFuture@3a0f4a24[Not completed]
2020-06-03 15:18:07,206 [Command processor thread] INFO  commandhandler.CreatePipelineCommandHandler (CreatePipelineCommandHandler.java:handle(109)) - Created Pipeline RATIS ONE #id: "fd599b5f-5d76-43ac-ada9-a97390a5a8f4"
.
2020-06-03 15:18:07,206 [pool-251-thread-1] INFO  impl.RaftServerImpl (RaftServerImpl.java:<init>(98)) - 88470e20-4387-4d75-923d-5048e0fb5f03: new RaftServerImpl for group-E5368276DE73:[3e502d42-633f-4126-a3a8-4f1bbeec568c:172.17.0.2:39147, 48947e53-0809-4443-b86e-4d7be828377d:172.17.0.2:34143, 88470e20-4387-4d75-923d-5048e0fb5f03:172.17.0.2:36237] with ContainerStateMachine:uninitialized
2020-06-03 15:18:07,218 [pool-251-thread-1] INFO  server.RaftServerConfigKeys (ConfUtils.java:logGet(44)) - raft.server.rpc.timeout.min = 5s (custom)
2020-06-03 15:18:07,219 [pool-251-thread-1] INFO  server.RaftServerConfigKeys (ConfUtils.java:logGet(44)) - raft.server.rpc.timeout.max = 5200ms (custom)
2020-06-03 15:18:07,219 [pool-251-thread-1] INFO  server.RaftServerConfigKeys (ConfUtils.java:logGet(44)) - raft.server.rpcslowness.timeout = 300s (custom)
2020-06-03 15:18:07,219 [pool-251-thread-1] INFO  server.RaftServerConfigKeys (ConfUtils.java:logGet(44)) - raft.server.sleep.deviation.threshold = 300 (default)
2020-06-03 15:18:07,219 [pool-251-thread-1] INFO  server.RaftServerConfigKeys (ConfUtils.java:logGet(44)) - raft.server.log.appender.install.snapshot.enabled = false (custom)
2020-06-03 15:18:07,219 [pool-251-thread-1] INFO  impl.RaftServerImpl (ServerState.java:<init>(103)) - 88470e20-4387-4d75-923d-5048e0fb5f03@group-E5368276DE73: ConfigurationManager, init=-1: [3e502d42-633f-4126-a3a8-4f1bbeec568c:172.17.0.2:39147, 48947e53-0809-4443-b86e-4d7be828377d:172.17.0.2:34143, 88470e20-4387-4d75-923d-5048e0fb5f03:172.17.0.2:36237], old=null, confs=<EMPTY_MAP>
2020-06-03 15:18:07,219 [pool-251-thread-1] INFO  server.RaftServerConfigKeys (ConfUtils.java:logGet(44)) - raft.server.storage.dir = [/github/workspace/mnt/ozone/hadoop-ozone/integration-test/target/test-dir/MiniOzoneClusterImpl-93e83c9e-276a-4dbb-b3a7-721354e8147f/datanode-5/data/ratis] (custom)
2020-06-03 15:18:07,219 [pool-251-thread-1] INFO  server.RaftServerConfigKeys (ConfUtils.java:logGet(44)) - raft.server.log.corruption.policy = EXCEPTION (default)
2020-06-03 15:18:07,219 [pool-251-thread-1] INFO  storage.RaftStorageDirectory (RaftStorageDirectory.java:analyzeStorage(261)) - The storage directory /github/workspace/mnt/ozone/hadoop-ozone/integration-test/target/test-dir/MiniOzoneClusterImpl-93e83c9e-276a-4dbb-b3a7-721354e8147f/datanode-5/data/ratis/1b2c9c9f-9804-4009-ac03-e5368276de73 does not exist. Creating ...
2020-06-03 15:18:07,221 [pool-251-thread-1] INFO  storage.RaftStorageDirectory (RaftStorageDirectory.java:tryLock(343)) - Lock on /github/workspace/mnt/ozone/hadoop-ozone/integration-test/target/test-dir/MiniOzoneClusterImpl-93e83c9e-276a-4dbb-b3a7-721354e8147f/datanode-5/data/ratis/1b2c9c9f-9804-4009-ac03-e5368276de73/in_use.lock acquired by nodename 16183@6feb74794fe2
2020-06-03 15:18:07,222 [pool-251-thread-1] INFO  storage.RaftStorage (RaftStorage.java:format(84)) - Storage directory /github/workspace/mnt/ozone/hadoop-ozone/integration-test/target/test-dir/MiniOzoneClusterImpl-93e83c9e-276a-4dbb-b3a7-721354e8147f/datanode-5/data/ratis/1b2c9c9f-9804-4009-ac03-e5368276de73 has been successfully formatted.
2020-06-03 15:18:07,223 [pool-251-thread-1] INFO  ratis.ContainerStateMachine (ContainerStateMachine.java:loadSnapshot(226)) - group-E5368276DE73: The snapshot info is null. Setting the last applied indexto:(t:0, i:~)
2020-06-03 15:18:07,223 [pool-251-thread-1] INFO  server.RaftServerConfigKeys (ConfUtils.java:logGet(44)) - raft.server.notification.no-leader.timeout = 60s (default)
2020-06-03 15:18:07,223 [pool-251-thread-1] INFO  server.RaftServerConfigKeys (ConfUtils.java:logGet(44)) - raft.server.log.use.memory = false (default)
2020-06-03 15:18:07,223 [pool-251-thread-1] INFO  server.RaftServerConfigKeys (ConfUtils.java:logGet(44)) - raft.server.log.purge.gap = 1000000 (custom)
2020-06-03 15:18:07,223 [pool-251-thread-1] INFO  server.RaftServerConfigKeys (ConfUtils.java:logGet(44)) - raft.server.log.appender.buffer.byte-limit = 33554432 (custom)
2020-06-03 15:18:07,223 [pool-251-thread-1] INFO  server.RaftServerConfigKeys (ConfUtils.java:logGet(44)) - raft.server.log.segment.size.max = 1048576 (custom)
2020-06-03 15:18:07,224 [pool-251-thread-1] INFO  metrics.RatisMetrics (RatisMetrics.java:lambda$create$0(39)) - Creating Metrics Registry : ratis.log_worker.88470e20-4387-4d75-923d-5048e0fb5f03
2020-06-03 15:18:07,224 [pool-251-thread-1] INFO  server.RaftServerConfigKeys (ConfUtils.java:logGet(44)) - raft.server.log.segment.cache.num.max = 2 (custom)
2020-06-03 15:18:07,224 [pool-251-thread-1] INFO  segmented.SegmentedRaftLogWorker (SegmentedRaftLogWorker.java:<init>(176)) - new 88470e20-4387-4d75-923d-5048e0fb5f03@group-E5368276DE73-SegmentedRaftLogWorker for RaftStorage:Storage Directory /github/workspace/mnt/ozone/hadoop-ozone/integration-test/target/test-dir/MiniOzoneClusterImpl-93e83c9e-276a-4dbb-b3a7-721354e8147f/datanode-5/data/ratis/1b2c9c9f-9804-4009-ac03-e5368276de73
2020-06-03 15:18:07,224 [pool-251-thread-1] INFO  server.RaftServerConfigKeys (ConfUtils.java:logGet(44)) - raft.server.log.queue.byte-limit = 2147483647 (custom)
2020-06-03 15:18:07,224 [pool-251-thread-1] INFO  server.RaftServerConfigKeys (ConfUtils.java:logGet(44)) - raft.server.log.queue.element-limit = 1024 (custom)
2020-06-03 15:18:07,224 [pool-251-thread-1] INFO  server.RaftServerConfigKeys (ConfUtils.java:logGet(44)) - raft.server.log.segment.size.max = 1048576 (custom)
2020-06-03 15:18:07,224 [pool-251-thread-1] INFO  server.RaftServerConfigKeys (ConfUtils.java:logGet(44)) - raft.server.log.preallocated.size = 16384 (custom)
2020-06-03 15:18:07,224 [pool-251-thread-1] INFO  server.RaftServerConfigKeys (ConfUtils.java:logGet(44)) - raft.server.log.write.buffer.size = 1048576 (custom)
2020-06-03 15:18:07,224 [pool-251-thread-1] INFO  server.RaftServerConfigKeys (ConfUtils.java:logGet(44)) - raft.server.log.force.sync.num = 128 (default)
2020-06-03 15:18:07,224 [pool-251-thread-1] INFO  server.RaftServerConfigKeys (ConfUtils.java:logGet(44)) - raft.server.log.statemachine.data.sync = true (default)
2020-06-03 15:18:07,224 [pool-251-thread-1] INFO  server.RaftServerConfigKeys (ConfUtils.java:logGet(44)) - raft.server.log.statemachine.data.sync.timeout = 10s (default)
2020-06-03 15:18:07,224 [pool-251-thread-1] INFO  server.RaftServerConfigKeys (ConfUtils.java:logGet(44)) - raft.server.log.statemachine.data.sync.timeout.retry = -1 (default)
2020-06-03 15:18:07,229 [pool-251-thread-1] INFO  server.RaftServerConfigKeys (ConfUtils.java:logGet(44)) - raft.server.log.statemachine.data.caching.enabled = true (custom)
2020-06-03 15:18:07,229 [pool-251-thread-1] INFO  segmented.SegmentedRaftLogWorker (SegmentedRaftLogWorker.java:lambda$new$0(129)) - 88470e20-4387-4d75-923d-5048e0fb5f03@group-E5368276DE73-SegmentedRaftLogWorker: flushIndex: setUnconditionally 0 -> -1
2020-06-03 15:18:07,230 [pool-251-thread-1] INFO  server.RaftServerConfigKeys (ConfUtils.java:logGet(44)) - raft.server.snapshot.auto.trigger.enabled = true (custom)
2020-06-03 15:18:07,230 [pool-251-thread-1] INFO  server.RaftServerConfigKeys (ConfUtils.java:logGet(44)) - raft.server.snapshot.auto.trigger.threshold = 10000 (custom)
2020-06-03 15:18:07,230 [pool-251-thread-1] INFO  server.RaftServerConfigKeys (ConfUtils.java:logGet(44)) - raft.server.snapshot.retention.file.num = 5 (custom)
2020-06-03 15:18:07,230 [pool-251-thread-1] INFO  server.RaftServerConfigKeys (ConfUtils.java:logGet(44)) - raft.server.log.purge.upto.snapshot.index = false (default)
2020-06-03 15:18:07,230 [pool-251-thread-1] INFO  server.RaftServerConfigKeys (ConfUtils.java:logGet(44)) - raft.server.retrycache.expirytime = 600000ms (custom)
2020-06-03 15:18:07,230 [pool-251-thread-1] INFO  metrics.RatisMetrics (RatisMetrics.java:lambda$create$0(39)) - Creating Metrics Registry : ratis.leader_election.88470e20-4387-4d75-923d-5048e0fb5f03@group-E5368276DE73
2020-06-03 15:18:07,231 [pool-251-thread-1] INFO  metrics.RatisMetrics (RatisMetrics.java:lambda$create$0(39)) - Creating Metrics Registry : ratis.server.88470e20-4387-4d75-923d-5048e0fb5f03@group-E5368276DE73
2020-06-03 15:18:07,232 [pool-251-thread-1] INFO  impl.RaftServerImpl (RaftServerImpl.java:start(184)) - 88470e20-4387-4d75-923d-5048e0fb5f03@group-E5368276DE73: start as a follower, conf=-1: [3e502d42-633f-4126-a3a8-4f1bbeec568c:172.17.0.2:39147, 48947e53-0809-4443-b86e-4d7be828377d:172.17.0.2:34143, 88470e20-4387-4d75-923d-5048e0fb5f03:172.17.0.2:36237], old=null
2020-06-03 15:18:07,232 [pool-251-thread-1] INFO  impl.RaftServerImpl (RaftServerImpl.java:setRole(173)) - 88470e20-4387-4d75-923d-5048e0fb5f03@group-E5368276DE73: changes role from      null to FOLLOWER at term 0 for startAsFollower
2020-06-03 15:18:07,232 [pool-251-thread-1] INFO  impl.RoleInfo (RoleInfo.java:updateAndGet(143)) - 88470e20-4387-4d75-923d-5048e0fb5f03: start FollowerState
2020-06-03 15:18:07,234 [pool-251-thread-1] INFO  util.JmxRegister (JmxRegister.java:tryRegister(44)) - Successfully registered JMX Bean with object name Ratis:service=RaftServer,group=group-E5368276DE73,id=88470e20-4387-4d75-923d-5048e0fb5f03
2020-06-03 15:18:07,234 [pool-251-thread-1] INFO  metrics.RatisMetrics (RatisMetrics.java:lambda$create$0(39)) - Creating Metrics Registry : ratis.state_machine.88470e20-4387-4d75-923d-5048e0fb5f03@group-E5368276DE73
2020-06-03 15:18:07,258 [Command processor thread] INFO  commandhandler.CreatePipelineCommandHandler (CreatePipelineCommandHandler.java:handle(109)) - Created Pipeline RATIS THREE #id: "1b2c9c9f-9804-4009-ac03-e5368276de73"
.
2020-06-03 15:18:07,266 [Command processor thread] INFO  impl.RaftServerProxy (RaftServerProxy.java:addNew(89)) - 88470e20-4387-4d75-923d-5048e0fb5f03: addNew group-74D54B78A269:[88470e20-4387-4d75-923d-5048e0fb5f03:172.17.0.2:36237] returns group-74D54B78A269:java.util.concurrent.CompletableFuture@645bddb0[Not completed]
2020-06-03 15:18:07,267 [pool-251-thread-1] INFO  impl.RaftServerImpl (RaftServerImpl.java:<init>(98)) - 88470e20-4387-4d75-923d-5048e0fb5f03: new RaftServerImpl for group-74D54B78A269:[88470e20-4387-4d75-923d-5048e0fb5f03:172.17.0.2:36237] with ContainerStateMachine:uninitialized
2020-06-03 15:18:07,267 [pool-251-thread-1] INFO  server.RaftServerConfigKeys (ConfUtils.java:logGet(44)) - raft.server.rpc.timeout.min = 5s (custom)
2020-06-03 15:18:07,267 [pool-251-thread-1] INFO  server.RaftServerConfigKeys (ConfUtils.java:logGet(44)) - raft.server.rpc.timeout.max = 5200ms (custom)
2020-06-03 15:18:07,267 [pool-251-thread-1] INFO  server.RaftServerConfigKeys (ConfUtils.java:logGet(44)) - raft.server.rpcslowness.timeout = 300s (custom)
2020-06-03 15:18:07,267 [pool-251-thread-1] INFO  server.RaftServerConfigKeys (ConfUtils.java:logGet(44)) - raft.server.sleep.deviation.threshold = 300 (default)
2020-06-03 15:18:07,267 [pool-251-thread-1] INFO  server.RaftServerConfigKeys (ConfUtils.java:logGet(44)) - raft.server.log.appender.install.snapshot.enabled = false (custom)
2020-06-03 15:18:07,267 [pool-251-thread-1] INFO  impl.RaftServerImpl (ServerState.java:<init>(103)) - 88470e20-4387-4d75-923d-5048e0fb5f03@group-74D54B78A269: ConfigurationManager, init=-1: [88470e20-4387-4d75-923d-5048e0fb5f03:172.17.0.2:36237], old=null, confs=<EMPTY_MAP>
2020-06-03 15:18:07,267 [pool-251-thread-1] INFO  server.RaftServerConfigKeys (ConfUtils.java:logGet(44)) - raft.server.storage.dir = [/github/workspace/mnt/ozone/hadoop-ozone/integration-test/target/test-dir/MiniOzoneClusterImpl-93e83c9e-276a-4dbb-b3a7-721354e8147f/datanode-5/data/ratis] (custom)
2020-06-03 15:18:07,267 [pool-251-thread-1] INFO  server.RaftServerConfigKeys (ConfUtils.java:logGet(44)) - raft.server.log.corruption.policy = EXCEPTION (default)
2020-06-03 15:18:07,267 [pool-251-thread-1] INFO  storage.RaftStorageDirectory (RaftStorageDirectory.java:analyzeStorage(261)) - The storage directory /github/workspace/mnt/ozone/hadoop-ozone/integration-test/target/test-dir/MiniOzoneClusterImpl-93e83c9e-276a-4dbb-b3a7-721354e8147f/datanode-5/data/ratis/a3a93fa5-e585-4278-807f-74d54b78a269 does not exist. Creating ...
2020-06-03 15:18:07,269 [pool-251-thread-1] INFO  storage.RaftStorageDirectory (RaftStorageDirectory.java:tryLock(343)) - Lock on /github/workspace/mnt/ozone/hadoop-ozone/integration-test/target/test-dir/MiniOzoneClusterImpl-93e83c9e-276a-4dbb-b3a7-721354e8147f/datanode-5/data/ratis/a3a93fa5-e585-4278-807f-74d54b78a269/in_use.lock acquired by nodename 16183@6feb74794fe2
2020-06-03 15:18:07,270 [pool-251-thread-1] INFO  storage.RaftStorage (RaftStorage.java:format(84)) - Storage directory /github/workspace/mnt/ozone/hadoop-ozone/integration-test/target/test-dir/MiniOzoneClusterImpl-93e83c9e-276a-4dbb-b3a7-721354e8147f/datanode-5/data/ratis/a3a93fa5-e585-4278-807f-74d54b78a269 has been successfully formatted.
2020-06-03 15:18:07,270 [pool-251-thread-1] INFO  ratis.ContainerStateMachine (ContainerStateMachine.java:loadSnapshot(226)) - group-74D54B78A269: The snapshot info is null. Setting the last applied indexto:(t:0, i:~)
2020-06-03 15:18:07,270 [pool-251-thread-1] INFO  server.RaftServerConfigKeys (ConfUtils.java:logGet(44)) - raft.server.notification.no-leader.timeout = 60s (default)
2020-06-03 15:18:07,270 [pool-251-thread-1] INFO  server.RaftServerConfigKeys (ConfUtils.java:logGet(44)) - raft.server.log.use.memory = false (default)
2020-06-03 15:18:07,271 [pool-251-thread-1] INFO  server.RaftServerConfigKeys (ConfUtils.java:logGet(44)) - raft.server.log.purge.gap = 1000000 (custom)
2020-06-03 15:18:07,271 [pool-251-thread-1] INFO  server.RaftServerConfigKeys (ConfUtils.java:logGet(44)) - raft.server.log.appender.buffer.byte-limit = 33554432 (custom)
2020-06-03 15:18:07,271 [pool-251-thread-1] INFO  server.RaftServerConfigKeys (ConfUtils.java:logGet(44)) - raft.server.log.segment.size.max = 1048576 (custom)
2020-06-03 15:18:07,271 [pool-251-thread-1] INFO  server.RaftServerConfigKeys (ConfUtils.java:logGet(44)) - raft.server.log.segment.cache.num.max = 2 (custom)
2020-06-03 15:18:07,271 [pool-251-thread-1] INFO  segmented.SegmentedRaftLogWorker (SegmentedRaftLogWorker.java:<init>(176)) - new 88470e20-4387-4d75-923d-5048e0fb5f03@group-74D54B78A269-SegmentedRaftLogWorker for RaftStorage:Storage Directory /github/workspace/mnt/ozone/hadoop-ozone/integration-test/target/test-dir/MiniOzoneClusterImpl-93e83c9e-276a-4dbb-b3a7-721354e8147f/datanode-5/data/ratis/a3a93fa5-e585-4278-807f-74d54b78a269
2020-06-03 15:18:07,271 [pool-251-thread-1] INFO  server.RaftServerConfigKeys (ConfUtils.java:logGet(44)) - raft.server.log.queue.byte-limit = 2147483647 (custom)
2020-06-03 15:18:07,271 [pool-251-thread-1] INFO  server.RaftServerConfigKeys (ConfUtils.java:logGet(44)) - raft.server.log.queue.element-limit = 1024 (custom)
2020-06-03 15:18:07,271 [EventQueue-PipelineReportForPipelineReportHandler] INFO  pipeline.PipelineStateManager (PipelineStateManager.java:openPipeline(131)) - Pipeline Pipeline[ Id: a3a93fa5-e585-4278-807f-74d54b78a269, Nodes: 88470e20-4387-4d75-923d-5048e0fb5f03{ip: 172.17.0.2, host: 6feb74794fe2, networkLocation: /default-rack, certSerialId: null}, Type:RATIS, Factor:ONE, State:ALLOCATED, leaderId:88470e20-4387-4d75-923d-5048e0fb5f03, CreationTimestamp2020-06-03T15:18:04.268Z] moved to OPEN state
2020-06-03 15:18:07,272 [EventQueue-OpenPipelineForOneReplicaPipelineSafeModeRule] INFO  safemode.SCMSafeModeManager (SCMSafeModeManager.java:validateSafeModeExitRules(213)) - AtleastOneDatanodeReportedRule rule is successfully validated
2020-06-03 15:18:07,272 [pool-251-thread-1] INFO  server.RaftServerConfigKeys (ConfUtils.java:logGet(44)) - raft.server.log.segment.size.max = 1048576 (custom)
2020-06-03 15:18:07,272 [EventQueue-OpenPipelineForHealthyPipelineSafeModeRule] INFO  safemode.SCMSafeModeManager (HealthyPipelineSafeModeRule.java:process(132)) - SCM in safe mode. Healthy pipelines reported count is 0, required healthy pipeline reported count is 1
2020-06-03 15:18:07,272 [pool-251-thread-1] INFO  server.RaftServerConfigKeys (ConfUtils.java:logGet(44)) - raft.server.log.preallocated.size = 16384 (custom)
2020-06-03 15:18:07,272 [pool-251-thread-1] INFO  server.RaftServerConfigKeys (ConfUtils.java:logGet(44)) - raft.server.log.write.buffer.size = 1048576 (custom)
2020-06-03 15:18:07,272 [pool-251-thread-1] INFO  server.RaftServerConfigKeys (ConfUtils.java:logGet(44)) - raft.server.log.force.sync.num = 128 (default)
2020-06-03 15:18:07,272 [pool-251-thread-1] INFO  server.RaftServerConfigKeys (ConfUtils.java:logGet(44)) - raft.server.log.statemachine.data.sync = true (default)
2020-06-03 15:18:07,272 [pool-251-thread-1] INFO  server.RaftServerConfigKeys (ConfUtils.java:logGet(44)) - raft.server.log.statemachine.data.sync.timeout = 10s (default)
2020-06-03 15:18:07,272 [pool-251-thread-1] INFO  server.RaftServerConfigKeys (ConfUtils.java:logGet(44)) - raft.server.log.statemachine.data.sync.timeout.retry = -1 (default)
2020-06-03 15:18:07,273 [pool-251-thread-1] INFO  server.RaftServerConfigKeys (ConfUtils.java:logGet(44)) - raft.server.log.statemachine.data.caching.enabled = true (custom)
2020-06-03 15:18:07,273 [pool-251-thread-1] INFO  segmented.SegmentedRaftLogWorker (SegmentedRaftLogWorker.java:lambda$new$0(129)) - 88470e20-4387-4d75-923d-5048e0fb5f03@group-74D54B78A269-SegmentedRaftLogWorker: flushIndex: setUnconditionally 0 -> -1
2020-06-03 15:18:07,274 [pool-251-thread-1] INFO  server.RaftServerConfigKeys (ConfUtils.java:logGet(44)) - raft.server.snapshot.auto.trigger.enabled = true (custom)
2020-06-03 15:18:07,274 [pool-251-thread-1] INFO  server.RaftServerConfigKeys (ConfUtils.java:logGet(44)) - raft.server.snapshot.auto.trigger.threshold = 10000 (custom)
2020-06-03 15:18:07,274 [pool-251-thread-1] INFO  server.RaftServerConfigKeys (ConfUtils.java:logGet(44)) - raft.server.snapshot.retention.file.num = 5 (custom)
2020-06-03 15:18:07,274 [pool-251-thread-1] INFO  server.RaftServerConfigKeys (ConfUtils.java:logGet(44)) - raft.server.log.purge.upto.snapshot.index = false (default)
2020-06-03 15:18:07,274 [pool-251-thread-1] INFO  server.RaftServerConfigKeys (ConfUtils.java:logGet(44)) - raft.server.retrycache.expirytime = 600000ms (custom)
2020-06-03 15:18:07,274 [pool-251-thread-1] INFO  metrics.RatisMetrics (RatisMetrics.java:lambda$create$0(39)) - Creating Metrics Registry : ratis.leader_election.88470e20-4387-4d75-923d-5048e0fb5f03@group-74D54B78A269
2020-06-03 15:18:07,274 [pool-251-thread-1] INFO  metrics.RatisMetrics (RatisMetrics.java:lambda$create$0(39)) - Creating Metrics Registry : ratis.server.88470e20-4387-4d75-923d-5048e0fb5f03@group-74D54B78A269
2020-06-03 15:18:07,275 [pool-251-thread-1] INFO  impl.RaftServerImpl (RaftServerImpl.java:start(184)) - 88470e20-4387-4d75-923d-5048e0fb5f03@group-74D54B78A269: start as a follower, conf=-1: [88470e20-4387-4d75-923d-5048e0fb5f03:172.17.0.2:36237], old=null
2020-06-03 15:18:07,275 [pool-251-thread-1] INFO  impl.RaftServerImpl (RaftServerImpl.java:setRole(173)) - 88470e20-4387-4d75-923d-5048e0fb5f03@group-74D54B78A269: changes role from      null to FOLLOWER at term 0 for startAsFollower
2020-06-03 15:18:07,275 [pool-251-thread-1] INFO  impl.RoleInfo (RoleInfo.java:updateAndGet(143)) - 88470e20-4387-4d75-923d-5048e0fb5f03: start FollowerState
2020-06-03 15:18:07,276 [pool-251-thread-1] INFO  util.JmxRegister (JmxRegister.java:tryRegister(44)) - Successfully registered JMX Bean with object name Ratis:service=RaftServer,group=group-74D54B78A269,id=88470e20-4387-4d75-923d-5048e0fb5f03
2020-06-03 15:18:07,276 [pool-251-thread-1] INFO  metrics.RatisMetrics (RatisMetrics.java:lambda$create$0(39)) - Creating Metrics Registry : ratis.state_machine.88470e20-4387-4d75-923d-5048e0fb5f03@group-74D54B78A269
2020-06-03 15:18:07,277 [Command processor thread] INFO  commandhandler.CreatePipelineCommandHandler (CreatePipelineCommandHandler.java:handle(109)) - Created Pipeline RATIS ONE #id: "a3a93fa5-e585-4278-807f-74d54b78a269"
.
2020-06-03 15:18:07,330 [Command processor thread] INFO  impl.RaftServerProxy (RaftServerProxy.java:addNew(89)) - d8a5a23a-75a8-4ec2-9efd-b06a0dfae0db: addNew group-4C1B684B485C:[d8a5a23a-75a8-4ec2-9efd-b06a0dfae0db:172.17.0.2:40211] returns group-4C1B684B485C:java.util.concurrent.CompletableFuture@51259958[Not completed]
2020-06-03 15:18:07,330 [Listener at 127.0.0.1/39701] INFO  ozone.MiniOzoneClusterImpl (MiniOzoneClusterImpl.java:lambda$waitForClusterToBeReady$0(177)) - Nodes are ready. Got 7 of 7 DN Heartbeats.
2020-06-03 15:18:07,330 [Listener at 127.0.0.1/39701] INFO  ozone.MiniOzoneClusterImpl (MiniOzoneClusterImpl.java:lambda$waitForClusterToBeReady$0(180)) - Waiting for cluster to exit safe mode
2020-06-03 15:18:07,332 [pool-267-thread-1] INFO  impl.RaftServerImpl (RaftServerImpl.java:<init>(98)) - d8a5a23a-75a8-4ec2-9efd-b06a0dfae0db: new RaftServerImpl for group-4C1B684B485C:[d8a5a23a-75a8-4ec2-9efd-b06a0dfae0db:172.17.0.2:40211] with ContainerStateMachine:uninitialized
2020-06-03 15:18:07,333 [pool-267-thread-1] INFO  server.RaftServerConfigKeys (ConfUtils.java:logGet(44)) - raft.server.rpc.timeout.min = 5s (custom)
2020-06-03 15:18:07,333 [pool-267-thread-1] INFO  server.RaftServerConfigKeys (ConfUtils.java:logGet(44)) - raft.server.rpc.timeout.max = 5200ms (custom)
2020-06-03 15:18:07,334 [pool-267-thread-1] INFO  server.RaftServerConfigKeys (ConfUtils.java:logGet(44)) - raft.server.rpcslowness.timeout = 300s (custom)
2020-06-03 15:18:07,334 [pool-267-thread-1] INFO  server.RaftServerConfigKeys (ConfUtils.java:logGet(44)) - raft.server.sleep.deviation.threshold = 300 (default)
2020-06-03 15:18:07,334 [pool-267-thread-1] INFO  server.RaftServerConfigKeys (ConfUtils.java:logGet(44)) - raft.server.log.appender.install.snapshot.enabled = false (custom)
2020-06-03 15:18:07,334 [pool-267-thread-1] INFO  impl.RaftServerImpl (ServerState.java:<init>(103)) - d8a5a23a-75a8-4ec2-9efd-b06a0dfae0db@group-4C1B684B485C: ConfigurationManager, init=-1: [d8a5a23a-75a8-4ec2-9efd-b06a0dfae0db:172.17.0.2:40211], old=null, confs=<EMPTY_MAP>
2020-06-03 15:18:07,334 [pool-267-thread-1] INFO  server.RaftServerConfigKeys (ConfUtils.java:logGet(44)) - raft.server.storage.dir = [/github/workspace/mnt/ozone/hadoop-ozone/integration-test/target/test-dir/MiniOzoneClusterImpl-93e83c9e-276a-4dbb-b3a7-721354e8147f/datanode-6/data/ratis] (custom)
2020-06-03 15:18:07,334 [pool-267-thread-1] INFO  server.RaftServerConfigKeys (ConfUtils.java:logGet(44)) - raft.server.log.corruption.policy = EXCEPTION (default)
2020-06-03 15:18:07,335 [pool-267-thread-1] INFO  storage.RaftStorageDirectory (RaftStorageDirectory.java:analyzeStorage(261)) - The storage directory /github/workspace/mnt/ozone/hadoop-ozone/integration-test/target/test-dir/MiniOzoneClusterImpl-93e83c9e-276a-4dbb-b3a7-721354e8147f/datanode-6/data/ratis/138e2a16-abac-4404-976d-4c1b684b485c does not exist. Creating ...
2020-06-03 15:18:07,336 [pool-267-thread-1] INFO  storage.RaftStorageDirectory (RaftStorageDirectory.java:tryLock(343)) - Lock on /github/workspace/mnt/ozone/hadoop-ozone/integration-test/target/test-dir/MiniOzoneClusterImpl-93e83c9e-276a-4dbb-b3a7-721354e8147f/datanode-6/data/ratis/138e2a16-abac-4404-976d-4c1b684b485c/in_use.lock acquired by nodename 16183@6feb74794fe2
2020-06-03 15:18:07,337 [pool-267-thread-1] INFO  storage.RaftStorage (RaftStorage.java:format(84)) - Storage directory /github/workspace/mnt/ozone/hadoop-ozone/integration-test/target/test-dir/MiniOzoneClusterImpl-93e83c9e-276a-4dbb-b3a7-721354e8147f/datanode-6/data/ratis/138e2a16-abac-4404-976d-4c1b684b485c has been successfully formatted.
2020-06-03 15:18:07,338 [pool-267-thread-1] INFO  ratis.ContainerStateMachine (ContainerStateMachine.java:loadSnapshot(226)) - group-4C1B684B485C: The snapshot info is null. Setting the last applied indexto:(t:0, i:~)
2020-06-03 15:18:07,338 [pool-267-thread-1] INFO  server.RaftServerConfigKeys (ConfUtils.java:logGet(44)) - raft.server.notification.no-leader.timeout = 60s (default)
2020-06-03 15:18:07,338 [pool-267-thread-1] INFO  server.RaftServerConfigKeys (ConfUtils.java:logGet(44)) - raft.server.log.use.memory = false (default)
2020-06-03 15:18:07,338 [pool-267-thread-1] INFO  server.RaftServerConfigKeys (ConfUtils.java:logGet(44)) - raft.server.log.purge.gap = 1000000 (custom)
2020-06-03 15:18:07,338 [pool-267-thread-1] INFO  server.RaftServerConfigKeys (ConfUtils.java:logGet(44)) - raft.server.log.appender.buffer.byte-limit = 33554432 (custom)
2020-06-03 15:18:07,338 [pool-267-thread-1] INFO  server.RaftServerConfigKeys (ConfUtils.java:logGet(44)) - raft.server.log.segment.size.max = 1048576 (custom)
2020-06-03 15:18:07,338 [pool-267-thread-1] INFO  metrics.RatisMetrics (RatisMetrics.java:lambda$create$0(39)) - Creating Metrics Registry : ratis.log_worker.d8a5a23a-75a8-4ec2-9efd-b06a0dfae0db
2020-06-03 15:18:07,339 [EventQueue-PipelineReportForPipelineReportHandler] INFO  pipeline.PipelineStateManager (PipelineStateManager.java:openPipeline(131)) - Pipeline Pipeline[ Id: 138e2a16-abac-4404-976d-4c1b684b485c, Nodes: d8a5a23a-75a8-4ec2-9efd-b06a0dfae0db{ip: 172.17.0.2, host: 6feb74794fe2, networkLocation: /default-rack, certSerialId: null}, Type:RATIS, Factor:ONE, State:ALLOCATED, leaderId:d8a5a23a-75a8-4ec2-9efd-b06a0dfae0db, CreationTimestamp2020-06-03T15:18:04.329Z] moved to OPEN state
2020-06-03 15:18:07,339 [pool-267-thread-1] INFO  server.RaftServerConfigKeys (ConfUtils.java:logGet(44)) - raft.server.log.segment.cache.num.max = 2 (custom)
2020-06-03 15:18:07,339 [pool-267-thread-1] INFO  segmented.SegmentedRaftLogWorker (SegmentedRaftLogWorker.java:<init>(176)) - new d8a5a23a-75a8-4ec2-9efd-b06a0dfae0db@group-4C1B684B485C-SegmentedRaftLogWorker for RaftStorage:Storage Directory /github/workspace/mnt/ozone/hadoop-ozone/integration-test/target/test-dir/MiniOzoneClusterImpl-93e83c9e-276a-4dbb-b3a7-721354e8147f/datanode-6/data/ratis/138e2a16-abac-4404-976d-4c1b684b485c
2020-06-03 15:18:07,339 [EventQueue-OpenPipelineForHealthyPipelineSafeModeRule] INFO  safemode.SCMSafeModeManager (HealthyPipelineSafeModeRule.java:process(132)) - SCM in safe mode. Healthy pipelines reported count is 0, required healthy pipeline reported count is 1
2020-06-03 15:18:07,339 [EventQueue-OpenPipelineForOneReplicaPipelineSafeModeRule] INFO  safemode.SCMSafeModeManager (SCMSafeModeManager.java:validateSafeModeExitRules(213)) - AtleastOneDatanodeReportedRule rule is successfully validated
2020-06-03 15:18:07,339 [pool-267-thread-1] INFO  server.RaftServerConfigKeys (ConfUtils.java:logGet(44)) - raft.server.log.queue.byte-limit = 2147483647 (custom)
2020-06-03 15:18:07,340 [pool-267-thread-1] INFO  server.RaftServerConfigKeys (ConfUtils.java:logGet(44)) - raft.server.log.queue.element-limit = 1024 (custom)
2020-06-03 15:18:07,340 [pool-267-thread-1] INFO  server.RaftServerConfigKeys (ConfUtils.java:logGet(44)) - raft.server.log.segment.size.max = 1048576 (custom)
2020-06-03 15:18:07,340 [pool-267-thread-1] INFO  server.RaftServerConfigKeys (ConfUtils.java:logGet(44)) - raft.server.log.preallocated.size = 16384 (custom)
2020-06-03 15:18:07,340 [pool-267-thread-1] INFO  server.RaftServerConfigKeys (ConfUtils.java:logGet(44)) - raft.server.log.write.buffer.size = 1048576 (custom)
2020-06-03 15:18:07,340 [pool-267-thread-1] INFO  server.RaftServerConfigKeys (ConfUtils.java:logGet(44)) - raft.server.log.force.sync.num = 128 (default)
2020-06-03 15:18:07,340 [pool-267-thread-1] INFO  server.RaftServerConfigKeys (ConfUtils.java:logGet(44)) - raft.server.log.statemachine.data.sync = true (default)
2020-06-03 15:18:07,340 [pool-267-thread-1] INFO  server.RaftServerConfigKeys (ConfUtils.java:logGet(44)) - raft.server.log.statemachine.data.sync.timeout = 10s (default)
2020-06-03 15:18:07,340 [pool-267-thread-1] INFO  server.RaftServerConfigKeys (ConfUtils.java:logGet(44)) - raft.server.log.statemachine.data.sync.timeout.retry = -1 (default)
2020-06-03 15:18:07,341 [pool-267-thread-1] INFO  server.RaftServerConfigKeys (ConfUtils.java:logGet(44)) - raft.server.log.statemachine.data.caching.enabled = true (custom)
2020-06-03 15:18:07,341 [pool-267-thread-1] INFO  segmented.SegmentedRaftLogWorker (SegmentedRaftLogWorker.java:lambda$new$0(129)) - d8a5a23a-75a8-4ec2-9efd-b06a0dfae0db@group-4C1B684B485C-SegmentedRaftLogWorker: flushIndex: setUnconditionally 0 -> -1
2020-06-03 15:18:07,345 [pool-267-thread-1] INFO  server.RaftServerConfigKeys (ConfUtils.java:logGet(44)) - raft.server.snapshot.auto.trigger.enabled = true (custom)
2020-06-03 15:18:07,345 [pool-267-thread-1] INFO  server.RaftServerConfigKeys (ConfUtils.java:logGet(44)) - raft.server.snapshot.auto.trigger.threshold = 10000 (custom)
2020-06-03 15:18:07,345 [pool-267-thread-1] INFO  server.RaftServerConfigKeys (ConfUtils.java:logGet(44)) - raft.server.snapshot.retention.file.num = 5 (custom)
2020-06-03 15:18:07,345 [pool-267-thread-1] INFO  server.RaftServerConfigKeys (ConfUtils.java:logGet(44)) - raft.server.log.purge.upto.snapshot.index = false (default)
2020-06-03 15:18:07,345 [pool-267-thread-1] INFO  server.RaftServerConfigKeys (ConfUtils.java:logGet(44)) - raft.server.retrycache.expirytime = 600000ms (custom)
2020-06-03 15:18:07,345 [pool-267-thread-1] INFO  metrics.RatisMetrics (RatisMetrics.java:lambda$create$0(39)) - Creating Metrics Registry : ratis.leader_election.d8a5a23a-75a8-4ec2-9efd-b06a0dfae0db@group-4C1B684B485C
2020-06-03 15:18:07,346 [pool-267-thread-1] INFO  metrics.RatisMetrics (RatisMetrics.java:lambda$create$0(39)) - Creating Metrics Registry : ratis.server.d8a5a23a-75a8-4ec2-9efd-b06a0dfae0db@group-4C1B684B485C
2020-06-03 15:18:07,347 [pool-267-thread-1] INFO  impl.RaftServerImpl (RaftServerImpl.java:start(184)) - d8a5a23a-75a8-4ec2-9efd-b06a0dfae0db@group-4C1B684B485C: start as a follower, conf=-1: [d8a5a23a-75a8-4ec2-9efd-b06a0dfae0db:172.17.0.2:40211], old=null
2020-06-03 15:18:07,347 [pool-267-thread-1] INFO  impl.RaftServerImpl (RaftServerImpl.java:setRole(173)) - d8a5a23a-75a8-4ec2-9efd-b06a0dfae0db@group-4C1B684B485C: changes role from      null to FOLLOWER at term 0 for startAsFollower
2020-06-03 15:18:07,347 [pool-267-thread-1] INFO  impl.RoleInfo (RoleInfo.java:updateAndGet(143)) - d8a5a23a-75a8-4ec2-9efd-b06a0dfae0db: start FollowerState
2020-06-03 15:18:07,347 [pool-267-thread-1] INFO  util.JmxRegister (JmxRegister.java:tryRegister(44)) - Successfully registered JMX Bean with object name Ratis:service=RaftServer,group=group-4C1B684B485C,id=d8a5a23a-75a8-4ec2-9efd-b06a0dfae0db
2020-06-03 15:18:07,347 [pool-267-thread-1] INFO  metrics.RatisMetrics (RatisMetrics.java:lambda$create$0(39)) - Creating Metrics Registry : ratis.state_machine.d8a5a23a-75a8-4ec2-9efd-b06a0dfae0db@group-4C1B684B485C
2020-06-03 15:18:07,348 [Command processor thread] INFO  commandhandler.CreatePipelineCommandHandler (CreatePipelineCommandHandler.java:handle(109)) - Created Pipeline RATIS ONE #id: "138e2a16-abac-4404-976d-4c1b684b485c"
.
2020-06-03 15:18:08,331 [Listener at 127.0.0.1/39701] INFO  ozone.MiniOzoneClusterImpl (MiniOzoneClusterImpl.java:lambda$waitForClusterToBeReady$0(177)) - Nodes are ready. Got 7 of 7 DN Heartbeats.
2020-06-03 15:18:08,331 [Listener at 127.0.0.1/39701] INFO  ozone.MiniOzoneClusterImpl (MiniOzoneClusterImpl.java:lambda$waitForClusterToBeReady$0(180)) - Waiting for cluster to exit safe mode
2020-06-03 15:18:09,331 [Listener at 127.0.0.1/39701] INFO  ozone.MiniOzoneClusterImpl (MiniOzoneClusterImpl.java:lambda$waitForClusterToBeReady$0(177)) - Nodes are ready. Got 7 of 7 DN Heartbeats.
2020-06-03 15:18:09,332 [Listener at 127.0.0.1/39701] INFO  ozone.MiniOzoneClusterImpl (MiniOzoneClusterImpl.java:lambda$waitForClusterToBeReady$0(180)) - Waiting for cluster to exit safe mode
2020-06-03 15:18:10,332 [Listener at 127.0.0.1/39701] INFO  ozone.MiniOzoneClusterImpl (MiniOzoneClusterImpl.java:lambda$waitForClusterToBeReady$0(177)) - Nodes are ready. Got 7 of 7 DN Heartbeats.
2020-06-03 15:18:10,332 [Listener at 127.0.0.1/39701] INFO  ozone.MiniOzoneClusterImpl (MiniOzoneClusterImpl.java:lambda$waitForClusterToBeReady$0(180)) - Waiting for cluster to exit safe mode
2020-06-03 15:18:11,332 [Listener at 127.0.0.1/39701] INFO  ozone.MiniOzoneClusterImpl (MiniOzoneClusterImpl.java:lambda$waitForClusterToBeReady$0(177)) - Nodes are ready. Got 7 of 7 DN Heartbeats.
2020-06-03 15:18:11,333 [Listener at 127.0.0.1/39701] INFO  ozone.MiniOzoneClusterImpl (MiniOzoneClusterImpl.java:lambda$waitForClusterToBeReady$0(180)) - Waiting for cluster to exit safe mode
2020-06-03 15:18:11,984 [Thread-579] INFO  impl.FollowerState (FollowerState.java:run(108)) - 1e3e64b2-ca5c-45b2-a309-40d7e3e20788@group-13276BCCE36B-FollowerState: change to CANDIDATE, lastRpcTime:5106ms, electionTimeout:5101ms
2020-06-03 15:18:11,985 [Thread-579] INFO  impl.RoleInfo (RoleInfo.java:shutdownFollowerState(121)) - 1e3e64b2-ca5c-45b2-a309-40d7e3e20788: shutdown FollowerState
2020-06-03 15:18:11,985 [Thread-579] INFO  impl.RaftServerImpl (RaftServerImpl.java:setRole(173)) - 1e3e64b2-ca5c-45b2-a309-40d7e3e20788@group-13276BCCE36B: changes role from  FOLLOWER to CANDIDATE at term 0 for changeToCandidate
2020-06-03 15:18:11,985 [Thread-579] INFO  impl.RoleInfo (RoleInfo.java:updateAndGet(143)) - 1e3e64b2-ca5c-45b2-a309-40d7e3e20788: start LeaderElection
2020-06-03 15:18:11,994 [1e3e64b2-ca5c-45b2-a309-40d7e3e20788@group-13276BCCE36B-LeaderElection11] INFO  impl.LeaderElection (LeaderElection.java:askForVotes(206)) - 1e3e64b2-ca5c-45b2-a309-40d7e3e20788@group-13276BCCE36B-LeaderElection11: begin an election at term 1 for -1: [1e3e64b2-ca5c-45b2-a309-40d7e3e20788:172.17.0.2:42877], old=null
2020-06-03 15:18:11,994 [1e3e64b2-ca5c-45b2-a309-40d7e3e20788@group-13276BCCE36B-LeaderElection11] INFO  impl.RoleInfo (RoleInfo.java:shutdownLeaderElection(134)) - 1e3e64b2-ca5c-45b2-a309-40d7e3e20788: shutdown LeaderElection
2020-06-03 15:18:11,995 [1e3e64b2-ca5c-45b2-a309-40d7e3e20788@group-13276BCCE36B-LeaderElection11] INFO  impl.RaftServerImpl (RaftServerImpl.java:setRole(173)) - 1e3e64b2-ca5c-45b2-a309-40d7e3e20788@group-13276BCCE36B: changes role from CANDIDATE to LEADER at term 1 for changeToLeader
2020-06-03 15:18:11,995 [1e3e64b2-ca5c-45b2-a309-40d7e3e20788@group-13276BCCE36B-LeaderElection11] INFO  ratis.XceiverServerRatis (XceiverServerRatis.java:handleLeaderChangedNotification(762)) - Leader change notification received for group: group-13276BCCE36B with new leaderId: 1e3e64b2-ca5c-45b2-a309-40d7e3e20788
2020-06-03 15:18:11,995 [1e3e64b2-ca5c-45b2-a309-40d7e3e20788@group-13276BCCE36B-LeaderElection11] INFO  impl.RaftServerImpl (ServerState.java:setLeader(255)) - 1e3e64b2-ca5c-45b2-a309-40d7e3e20788@group-13276BCCE36B: change Leader from null to 1e3e64b2-ca5c-45b2-a309-40d7e3e20788 at term 1 for becomeLeader, leader elected after 5133ms
2020-06-03 15:18:11,996 [1e3e64b2-ca5c-45b2-a309-40d7e3e20788@group-13276BCCE36B-LeaderElection11] INFO  server.RaftServerConfigKeys (ConfUtils.java:logGet(44)) - raft.server.staging.catchup.gap = 1000 (default)
2020-06-03 15:18:11,996 [1e3e64b2-ca5c-45b2-a309-40d7e3e20788@group-13276BCCE36B-LeaderElection11] INFO  server.RaftServerConfigKeys (ConfUtils.java:logGet(44)) - raft.server.rpc.sleep.time = 25ms (default)
2020-06-03 15:18:11,996 [1e3e64b2-ca5c-45b2-a309-40d7e3e20788@group-13276BCCE36B-LeaderElection11] INFO  metrics.RatisMetrics (RatisMetrics.java:lambda$create$0(39)) - Creating Metrics Registry : ratis.log_appender.1e3e64b2-ca5c-45b2-a309-40d7e3e20788@group-13276BCCE36B
2020-06-03 15:18:11,996 [1e3e64b2-ca5c-45b2-a309-40d7e3e20788@group-13276BCCE36B-LeaderElection11] INFO  server.RaftServerConfigKeys (ConfUtils.java:logGet(44)) - raft.server.write.element-limit = 1024 (custom)
2020-06-03 15:18:11,996 [1e3e64b2-ca5c-45b2-a309-40d7e3e20788@group-13276BCCE36B-LeaderElection11] INFO  server.RaftServerConfigKeys (ConfUtils.java:logGet(44)) - raft.server.write.byte-limit = 1073741824 (custom)
2020-06-03 15:18:11,997 [1e3e64b2-ca5c-45b2-a309-40d7e3e20788@group-13276BCCE36B-LeaderElection11] INFO  server.RaftServerConfigKeys (ConfUtils.java:logGet(44)) - raft.server.watch.timeout = 3s (custom)
2020-06-03 15:18:11,997 [1e3e64b2-ca5c-45b2-a309-40d7e3e20788@group-13276BCCE36B-LeaderElection11] INFO  server.RaftServerConfigKeys (ConfUtils.java:logGet(44)) - raft.server.watch.timeout.denomination = 1s (default)
2020-06-03 15:18:11,997 [1e3e64b2-ca5c-45b2-a309-40d7e3e20788@group-13276BCCE36B-LeaderElection11] INFO  server.RaftServerConfigKeys (ConfUtils.java:logGet(44)) - raft.server.watch.element-limit = 65536 (default)
2020-06-03 15:18:11,997 [1e3e64b2-ca5c-45b2-a309-40d7e3e20788@group-13276BCCE36B-LeaderElection11] INFO  impl.RoleInfo (RoleInfo.java:updateAndGet(143)) - 1e3e64b2-ca5c-45b2-a309-40d7e3e20788: start LeaderState
2020-06-03 15:18:11,997 [1e3e64b2-ca5c-45b2-a309-40d7e3e20788@group-13276BCCE36B-LeaderElection11] INFO  segmented.SegmentedRaftLogWorker (SegmentedRaftLogWorker.java:startLogSegment(391)) - 1e3e64b2-ca5c-45b2-a309-40d7e3e20788@group-13276BCCE36B-SegmentedRaftLogWorker: Starting segment from index:0
2020-06-03 15:18:11,998 [1e3e64b2-ca5c-45b2-a309-40d7e3e20788@group-13276BCCE36B-LeaderElection11] INFO  impl.RaftServerImpl (ServerState.java:setRaftConf(356)) - 1e3e64b2-ca5c-45b2-a309-40d7e3e20788@group-13276BCCE36B: set configuration 0: [1e3e64b2-ca5c-45b2-a309-40d7e3e20788:172.17.0.2:42877], old=null at 0
2020-06-03 15:18:11,999 [1e3e64b2-ca5c-45b2-a309-40d7e3e20788@group-13276BCCE36B-SegmentedRaftLogWorker] INFO  segmented.SegmentedRaftLogWorker (SegmentedRaftLogWorker.java:execute(583)) - 1e3e64b2-ca5c-45b2-a309-40d7e3e20788@group-13276BCCE36B-SegmentedRaftLogWorker: created new log segment /github/workspace/mnt/ozone/hadoop-ozone/integration-test/target/test-dir/MiniOzoneClusterImpl-93e83c9e-276a-4dbb-b3a7-721354e8147f/datanode-0/data/ratis/5df7a5b5-ff71-437c-ade9-13276bcce36b/current/log_inprogress_0
2020-06-03 15:18:12,032 [Thread-583] INFO  impl.FollowerState (FollowerState.java:run(108)) - 6ec6622b-874a-4105-ad29-8c51f142f239@group-18E1D5714A48-FollowerState: change to CANDIDATE, lastRpcTime:5104ms, electionTimeout:5098ms
2020-06-03 15:18:12,033 [Thread-583] INFO  impl.RoleInfo (RoleInfo.java:shutdownFollowerState(121)) - 6ec6622b-874a-4105-ad29-8c51f142f239: shutdown FollowerState
2020-06-03 15:18:12,033 [Thread-583] INFO  impl.RaftServerImpl (RaftServerImpl.java:setRole(173)) - 6ec6622b-874a-4105-ad29-8c51f142f239@group-18E1D5714A48: changes role from  FOLLOWER to CANDIDATE at term 0 for changeToCandidate
2020-06-03 15:18:12,033 [Thread-583] INFO  impl.RoleInfo (RoleInfo.java:updateAndGet(143)) - 6ec6622b-874a-4105-ad29-8c51f142f239: start LeaderElection
2020-06-03 15:18:12,044 [Thread-586] INFO  impl.FollowerState (FollowerState.java:run(108)) - 6ec6622b-874a-4105-ad29-8c51f142f239@group-309D2F0730DD-FollowerState: change to CANDIDATE, lastRpcTime:5092ms, electionTimeout:5070ms
2020-06-03 15:18:12,045 [Thread-586] INFO  impl.RoleInfo (RoleInfo.java:shutdownFollowerState(121)) - 6ec6622b-874a-4105-ad29-8c51f142f239: shutdown FollowerState
2020-06-03 15:18:12,045 [Thread-586] INFO  impl.RaftServerImpl (RaftServerImpl.java:setRole(173)) - 6ec6622b-874a-4105-ad29-8c51f142f239@group-309D2F0730DD: changes role from  FOLLOWER to CANDIDATE at term 0 for changeToCandidate
2020-06-03 15:18:12,045 [Thread-586] INFO  impl.RoleInfo (RoleInfo.java:updateAndGet(143)) - 6ec6622b-874a-4105-ad29-8c51f142f239: start LeaderElection
2020-06-03 15:18:12,047 [6ec6622b-874a-4105-ad29-8c51f142f239@group-18E1D5714A48-LeaderElection12] INFO  impl.LeaderElection (LeaderElection.java:askForVotes(206)) - 6ec6622b-874a-4105-ad29-8c51f142f239@group-18E1D5714A48-LeaderElection12: begin an election at term 1 for -1: [c31126df-e0e6-41a0-b8a6-c917e41713fb:172.17.0.2:43385, 1e3e64b2-ca5c-45b2-a309-40d7e3e20788:172.17.0.2:42877, 6ec6622b-874a-4105-ad29-8c51f142f239:172.17.0.2:38415], old=null
2020-06-03 15:18:12,050 [6ec6622b-874a-4105-ad29-8c51f142f239@group-309D2F0730DD-LeaderElection13] INFO  impl.LeaderElection (LeaderElection.java:askForVotes(206)) - 6ec6622b-874a-4105-ad29-8c51f142f239@group-309D2F0730DD-LeaderElection13: begin an election at term 1 for -1: [6ec6622b-874a-4105-ad29-8c51f142f239:172.17.0.2:38415], old=null
2020-06-03 15:18:12,050 [6ec6622b-874a-4105-ad29-8c51f142f239@group-309D2F0730DD-LeaderElection13] INFO  impl.RoleInfo (RoleInfo.java:shutdownLeaderElection(134)) - 6ec6622b-874a-4105-ad29-8c51f142f239: shutdown LeaderElection
2020-06-03 15:18:12,050 [6ec6622b-874a-4105-ad29-8c51f142f239@group-309D2F0730DD-LeaderElection13] INFO  impl.RaftServerImpl (RaftServerImpl.java:setRole(173)) - 6ec6622b-874a-4105-ad29-8c51f142f239@group-309D2F0730DD: changes role from CANDIDATE to LEADER at term 1 for changeToLeader
2020-06-03 15:18:12,050 [6ec6622b-874a-4105-ad29-8c51f142f239@group-309D2F0730DD-LeaderElection13] INFO  ratis.XceiverServerRatis (XceiverServerRatis.java:handleLeaderChangedNotification(762)) - Leader change notification received for group: group-309D2F0730DD with new leaderId: 6ec6622b-874a-4105-ad29-8c51f142f239
2020-06-03 15:18:12,051 [6ec6622b-874a-4105-ad29-8c51f142f239@group-309D2F0730DD-LeaderElection13] INFO  impl.RaftServerImpl (ServerState.java:setLeader(255)) - 6ec6622b-874a-4105-ad29-8c51f142f239@group-309D2F0730DD: change Leader from null to 6ec6622b-874a-4105-ad29-8c51f142f239 at term 1 for becomeLeader, leader elected after 5103ms
2020-06-03 15:18:12,054 [6ec6622b-874a-4105-ad29-8c51f142f239@group-309D2F0730DD-LeaderElection13] INFO  server.RaftServerConfigKeys (ConfUtils.java:logGet(44)) - raft.server.staging.catchup.gap = 1000 (default)
2020-06-03 15:18:12,054 [6ec6622b-874a-4105-ad29-8c51f142f239@group-309D2F0730DD-LeaderElection13] INFO  server.RaftServerConfigKeys (ConfUtils.java:logGet(44)) - raft.server.rpc.sleep.time = 25ms (default)
2020-06-03 15:18:12,055 [6ec6622b-874a-4105-ad29-8c51f142f239@group-309D2F0730DD-LeaderElection13] INFO  metrics.RatisMetrics (RatisMetrics.java:lambda$create$0(39)) - Creating Metrics Registry : ratis.log_appender.6ec6622b-874a-4105-ad29-8c51f142f239@group-309D2F0730DD
2020-06-03 15:18:12,055 [6ec6622b-874a-4105-ad29-8c51f142f239@group-309D2F0730DD-LeaderElection13] INFO  server.RaftServerConfigKeys (ConfUtils.java:logGet(44)) - raft.server.write.element-limit = 1024 (custom)
2020-06-03 15:18:12,055 [6ec6622b-874a-4105-ad29-8c51f142f239@group-309D2F0730DD-LeaderElection13] INFO  server.RaftServerConfigKeys (ConfUtils.java:logGet(44)) - raft.server.write.byte-limit = 1073741824 (custom)
2020-06-03 15:18:12,055 [6ec6622b-874a-4105-ad29-8c51f142f239@group-309D2F0730DD-LeaderElection13] INFO  server.RaftServerConfigKeys (ConfUtils.java:logGet(44)) - raft.server.watch.timeout = 3s (custom)
2020-06-03 15:18:12,055 [6ec6622b-874a-4105-ad29-8c51f142f239@group-309D2F0730DD-LeaderElection13] INFO  server.RaftServerConfigKeys (ConfUtils.java:logGet(44)) - raft.server.watch.timeout.denomination = 1s (default)
2020-06-03 15:18:12,055 [6ec6622b-874a-4105-ad29-8c51f142f239@group-309D2F0730DD-LeaderElection13] INFO  server.RaftServerConfigKeys (ConfUtils.java:logGet(44)) - raft.server.watch.element-limit = 65536 (default)
2020-06-03 15:18:12,055 [6ec6622b-874a-4105-ad29-8c51f142f239@group-309D2F0730DD-LeaderElection13] INFO  impl.RoleInfo (RoleInfo.java:updateAndGet(143)) - 6ec6622b-874a-4105-ad29-8c51f142f239: start LeaderState
2020-06-03 15:18:12,056 [6ec6622b-874a-4105-ad29-8c51f142f239@group-309D2F0730DD-LeaderElection13] INFO  segmented.SegmentedRaftLogWorker (SegmentedRaftLogWorker.java:startLogSegment(391)) - 6ec6622b-874a-4105-ad29-8c51f142f239@group-309D2F0730DD-SegmentedRaftLogWorker: Starting segment from index:0
2020-06-03 15:18:12,057 [6ec6622b-874a-4105-ad29-8c51f142f239@group-309D2F0730DD-LeaderElection13] INFO  impl.RaftServerImpl (ServerState.java:setRaftConf(356)) - 6ec6622b-874a-4105-ad29-8c51f142f239@group-309D2F0730DD: set configuration 0: [6ec6622b-874a-4105-ad29-8c51f142f239:172.17.0.2:38415], old=null at 0
2020-06-03 15:18:12,058 [6ec6622b-874a-4105-ad29-8c51f142f239@group-309D2F0730DD-SegmentedRaftLogWorker] INFO  segmented.SegmentedRaftLogWorker (SegmentedRaftLogWorker.java:execute(583)) - 6ec6622b-874a-4105-ad29-8c51f142f239@group-309D2F0730DD-SegmentedRaftLogWorker: created new log segment /github/workspace/mnt/ozone/hadoop-ozone/integration-test/target/test-dir/MiniOzoneClusterImpl-93e83c9e-276a-4dbb-b3a7-721354e8147f/datanode-1/data/ratis/92db0bb1-1faf-49d6-874b-309d2f0730dd/current/log_inprogress_0
2020-06-03 15:18:12,064 [grpc-default-executor-4] INFO  impl.RaftServerImpl (RaftServerImpl.java:setRole(173)) - c31126df-e0e6-41a0-b8a6-c917e41713fb@group-18E1D5714A48: changes role from  FOLLOWER to FOLLOWER at term 1 for recognizeCandidate:6ec6622b-874a-4105-ad29-8c51f142f239
2020-06-03 15:18:12,064 [grpc-default-executor-4] INFO  impl.RoleInfo (RoleInfo.java:shutdownFollowerState(121)) - c31126df-e0e6-41a0-b8a6-c917e41713fb: shutdown FollowerState
2020-06-03 15:18:12,064 [grpc-default-executor-4] INFO  impl.RoleInfo (RoleInfo.java:updateAndGet(143)) - c31126df-e0e6-41a0-b8a6-c917e41713fb: start FollowerState
2020-06-03 15:18:12,064 [Thread-588] INFO  impl.FollowerState (FollowerState.java:run(117)) - c31126df-e0e6-41a0-b8a6-c917e41713fb@group-18E1D5714A48-FollowerState was interrupted: java.lang.InterruptedException: sleep interrupted
2020-06-03 15:18:12,064 [grpc-default-executor-5] INFO  impl.RaftServerImpl (RaftServerImpl.java:setRole(173)) - 1e3e64b2-ca5c-45b2-a309-40d7e3e20788@group-18E1D5714A48: changes role from  FOLLOWER to FOLLOWER at term 1 for recognizeCandidate:6ec6622b-874a-4105-ad29-8c51f142f239
2020-06-03 15:18:12,064 [grpc-default-executor-5] INFO  impl.RoleInfo (RoleInfo.java:shutdownFollowerState(121)) - 1e3e64b2-ca5c-45b2-a309-40d7e3e20788: shutdown FollowerState
2020-06-03 15:18:12,065 [grpc-default-executor-5] INFO  impl.RoleInfo (RoleInfo.java:updateAndGet(143)) - 1e3e64b2-ca5c-45b2-a309-40d7e3e20788: start FollowerState
2020-06-03 15:18:12,065 [Thread-581] INFO  impl.FollowerState (FollowerState.java:run(117)) - 1e3e64b2-ca5c-45b2-a309-40d7e3e20788@group-18E1D5714A48-FollowerState was interrupted: java.lang.InterruptedException: sleep interrupted
2020-06-03 15:18:12,069 [6ec6622b-874a-4105-ad29-8c51f142f239@group-18E1D5714A48-LeaderElection12] INFO  impl.LeaderElection (LeaderElection.java:logAndReturn(61)) - 6ec6622b-874a-4105-ad29-8c51f142f239@group-18E1D5714A48-LeaderElection12: Election PASSED; received 1 response(s) [6ec6622b-874a-4105-ad29-8c51f142f239<-c31126df-e0e6-41a0-b8a6-c917e41713fb#0:OK-t1] and 0 exception(s); 6ec6622b-874a-4105-ad29-8c51f142f239@group-18E1D5714A48:t1, leader=null, voted=6ec6622b-874a-4105-ad29-8c51f142f239, raftlog=6ec6622b-874a-4105-ad29-8c51f142f239@group-18E1D5714A48-SegmentedRaftLog:OPENED:c-1,f-1,i0, conf=-1: [c31126df-e0e6-41a0-b8a6-c917e41713fb:172.17.0.2:43385, 1e3e64b2-ca5c-45b2-a309-40d7e3e20788:172.17.0.2:42877, 6ec6622b-874a-4105-ad29-8c51f142f239:172.17.0.2:38415], old=null
2020-06-03 15:18:12,069 [6ec6622b-874a-4105-ad29-8c51f142f239@group-18E1D5714A48-LeaderElection12] INFO  impl.RoleInfo (RoleInfo.java:shutdownLeaderElection(134)) - 6ec6622b-874a-4105-ad29-8c51f142f239: shutdown LeaderElection
2020-06-03 15:18:12,070 [6ec6622b-874a-4105-ad29-8c51f142f239@group-18E1D5714A48-LeaderElection12] INFO  impl.RaftServerImpl (RaftServerImpl.java:setRole(173)) - 6ec6622b-874a-4105-ad29-8c51f142f239@group-18E1D5714A48: changes role from CANDIDATE to LEADER at term 1 for changeToLeader
2020-06-03 15:18:12,070 [6ec6622b-874a-4105-ad29-8c51f142f239@group-18E1D5714A48-LeaderElection12] INFO  ratis.XceiverServerRatis (XceiverServerRatis.java:handleLeaderChangedNotification(762)) - Leader change notification received for group: group-18E1D5714A48 with new leaderId: 6ec6622b-874a-4105-ad29-8c51f142f239
2020-06-03 15:18:12,070 [6ec6622b-874a-4105-ad29-8c51f142f239@group-18E1D5714A48-LeaderElection12] INFO  impl.RaftServerImpl (ServerState.java:setLeader(255)) - 6ec6622b-874a-4105-ad29-8c51f142f239@group-18E1D5714A48: change Leader from null to 6ec6622b-874a-4105-ad29-8c51f142f239 at term 1 for becomeLeader, leader elected after 5150ms
2020-06-03 15:18:12,070 [6ec6622b-874a-4105-ad29-8c51f142f239@group-18E1D5714A48-LeaderElection12] INFO  server.RaftServerConfigKeys (ConfUtils.java:logGet(44)) - raft.server.staging.catchup.gap = 1000 (default)
2020-06-03 15:18:12,070 [6ec6622b-874a-4105-ad29-8c51f142f239@group-18E1D5714A48-LeaderElection12] INFO  server.RaftServerConfigKeys (ConfUtils.java:logGet(44)) - raft.server.rpc.sleep.time = 25ms (default)
2020-06-03 15:18:12,070 [6ec6622b-874a-4105-ad29-8c51f142f239@group-18E1D5714A48-LeaderElection12] INFO  metrics.RatisMetrics (RatisMetrics.java:lambda$create$0(39)) - Creating Metrics Registry : ratis.log_appender.6ec6622b-874a-4105-ad29-8c51f142f239@group-18E1D5714A48
2020-06-03 15:18:12,070 [6ec6622b-874a-4105-ad29-8c51f142f239@group-18E1D5714A48-LeaderElection12] INFO  server.RaftServerConfigKeys (ConfUtils.java:logGet(44)) - raft.server.write.element-limit = 1024 (custom)
2020-06-03 15:18:12,071 [6ec6622b-874a-4105-ad29-8c51f142f239@group-18E1D5714A48-LeaderElection12] INFO  server.RaftServerConfigKeys (ConfUtils.java:logGet(44)) - raft.server.write.byte-limit = 1073741824 (custom)
2020-06-03 15:18:12,071 [6ec6622b-874a-4105-ad29-8c51f142f239@group-18E1D5714A48-LeaderElection12] INFO  server.RaftServerConfigKeys (ConfUtils.java:logGet(44)) - raft.server.watch.timeout = 3s (custom)
2020-06-03 15:18:12,071 [6ec6622b-874a-4105-ad29-8c51f142f239@group-18E1D5714A48-LeaderElection12] INFO  server.RaftServerConfigKeys (ConfUtils.java:logGet(44)) - raft.server.watch.timeout.denomination = 1s (default)
2020-06-03 15:18:12,071 [6ec6622b-874a-4105-ad29-8c51f142f239@group-18E1D5714A48-LeaderElection12] INFO  server.RaftServerConfigKeys (ConfUtils.java:logGet(44)) - raft.server.watch.element-limit = 65536 (default)
2020-06-03 15:18:12,071 [6ec6622b-874a-4105-ad29-8c51f142f239@group-18E1D5714A48-LeaderElection12] INFO  server.RaftServerConfigKeys (ConfUtils.java:logGet(44)) - raft.server.log.appender.snapshot.chunk.size.max = 16MB (=16777216) (default)
2020-06-03 15:18:12,071 [6ec6622b-874a-4105-ad29-8c51f142f239@group-18E1D5714A48-LeaderElection12] INFO  server.RaftServerConfigKeys (ConfUtils.java:logGet(44)) - raft.server.log.appender.buffer.byte-limit = 33554432 (custom)
2020-06-03 15:18:12,071 [6ec6622b-874a-4105-ad29-8c51f142f239@group-18E1D5714A48-LeaderElection12] INFO  server.RaftServerConfigKeys (ConfUtils.java:logGet(44)) - raft.server.log.appender.buffer.element-limit = 1 (custom)
2020-06-03 15:18:12,071 [6ec6622b-874a-4105-ad29-8c51f142f239@group-18E1D5714A48-LeaderElection12] INFO  grpc.GrpcConfigKeys (ConfUtils.java:logGet(44)) - raft.grpc.server.leader.outstanding.appends.max = 128 (default)
2020-06-03 15:18:12,071 [6ec6622b-874a-4105-ad29-8c51f142f239@group-18E1D5714A48-LeaderElection12] INFO  server.RaftServerConfigKeys (ConfUtils.java:logGet(44)) - raft.server.rpc.request.timeout = 3s (default)
2020-06-03 15:18:12,072 [6ec6622b-874a-4105-ad29-8c51f142f239@group-18E1D5714A48-LeaderElection12] INFO  server.RaftServerConfigKeys (ConfUtils.java:logGet(44)) - raft.server.log.appender.install.snapshot.enabled = false (custom)
2020-06-03 15:18:12,072 [Thread-591] INFO  impl.FollowerState (FollowerState.java:run(108)) - c31126df-e0e6-41a0-b8a6-c917e41713fb@group-D5EC939E43D0-FollowerState: change to CANDIDATE, lastRpcTime:5042ms, electionTimeout:5034ms
2020-06-03 15:18:12,075 [Thread-591] INFO  impl.RoleInfo (RoleInfo.java:shutdownFollowerState(121)) - c31126df-e0e6-41a0-b8a6-c917e41713fb: shutdown FollowerState
2020-06-03 15:18:12,075 [Thread-591] INFO  impl.RaftServerImpl (RaftServerImpl.java:setRole(173)) - c31126df-e0e6-41a0-b8a6-c917e41713fb@group-D5EC939E43D0: changes role from  FOLLOWER to CANDIDATE at term 0 for changeToCandidate
2020-06-03 15:18:12,075 [Thread-591] INFO  impl.RoleInfo (RoleInfo.java:updateAndGet(143)) - c31126df-e0e6-41a0-b8a6-c917e41713fb: start LeaderElection
2020-06-03 15:18:12,076 [EventQueue-PipelineReportForPipelineReportHandler] INFO  pipeline.PipelineStateManager (PipelineStateManager.java:openPipeline(131)) - Pipeline Pipeline[ Id: 6d9650bf-2f95-4d48-a31c-18e1d5714a48, Nodes: 6ec6622b-874a-4105-ad29-8c51f142f239{ip: 172.17.0.2, host: 6feb74794fe2, networkLocation: /default-rack, certSerialId: null}c31126df-e0e6-41a0-b8a6-c917e41713fb{ip: 172.17.0.2, host: 6feb74794fe2, networkLocation: /default-rack, certSerialId: null}1e3e64b2-ca5c-45b2-a309-40d7e3e20788{ip: 172.17.0.2, host: 6feb74794fe2, networkLocation: /default-rack, certSerialId: null}, Type:RATIS, Factor:THREE, State:ALLOCATED, leaderId:6ec6622b-874a-4105-ad29-8c51f142f239, CreationTimestamp2020-06-03T15:18:04.020Z] moved to OPEN state
2020-06-03 15:18:12,076 [EventQueue-OpenPipelineForOneReplicaPipelineSafeModeRule] INFO  safemode.SCMSafeModeManager (SCMSafeModeManager.java:validateSafeModeExitRules(213)) - AtleastOneDatanodeReportedRule rule is successfully validated
2020-06-03 15:18:12,076 [EventQueue-OpenPipelineForHealthyPipelineSafeModeRule] INFO  safemode.SCMSafeModeManager (HealthyPipelineSafeModeRule.java:process(132)) - SCM in safe mode. Healthy pipelines reported count is 1, required healthy pipeline reported count is 1
2020-06-03 15:18:12,081 [EventQueue-OpenPipelineForHealthyPipelineSafeModeRule] INFO  safemode.SCMSafeModeManager (SCMSafeModeManager.java:validateSafeModeExitRules(213)) - HealthyPipelineSafeModeRule rule is successfully validated
2020-06-03 15:18:12,082 [EventQueue-OpenPipelineForHealthyPipelineSafeModeRule] INFO  safemode.SCMSafeModeManager (SCMSafeModeManager.java:validateSafeModeExitRules(227)) - ScmSafeModeManager, all rules are successfully validated
2020-06-03 15:18:12,082 [EventQueue-OpenPipelineForHealthyPipelineSafeModeRule] INFO  safemode.SCMSafeModeManager (SCMSafeModeManager.java:exitSafeMode(256)) - SCM exiting safe mode.
2020-06-03 15:18:12,077 [6ec6622b-874a-4105-ad29-8c51f142f239@group-18E1D5714A48-LeaderElection12] INFO  server.RaftServerConfigKeys (ConfUtils.java:logGet(44)) - raft.server.log.appender.snapshot.chunk.size.max = 16MB (=16777216) (default)
2020-06-03 15:18:12,082 [6ec6622b-874a-4105-ad29-8c51f142f239@group-18E1D5714A48-LeaderElection12] INFO  server.RaftServerConfigKeys (ConfUtils.java:logGet(44)) - raft.server.log.appender.buffer.byte-limit = 33554432 (custom)
2020-06-03 15:18:12,082 [6ec6622b-874a-4105-ad29-8c51f142f239@group-18E1D5714A48-LeaderElection12] INFO  server.RaftServerConfigKeys (ConfUtils.java:logGet(44)) - raft.server.log.appender.buffer.element-limit = 1 (custom)
2020-06-03 15:18:12,082 [6ec6622b-874a-4105-ad29-8c51f142f239@group-18E1D5714A48-LeaderElection12] INFO  grpc.GrpcConfigKeys (ConfUtils.java:logGet(44)) - raft.grpc.server.leader.outstanding.appends.max = 128 (default)
2020-06-03 15:18:12,082 [6ec6622b-874a-4105-ad29-8c51f142f239@group-18E1D5714A48-LeaderElection12] INFO  server.RaftServerConfigKeys (ConfUtils.java:logGet(44)) - raft.server.rpc.request.timeout = 3s (default)
2020-06-03 15:18:12,082 [6ec6622b-874a-4105-ad29-8c51f142f239@group-18E1D5714A48-LeaderElection12] INFO  server.RaftServerConfigKeys (ConfUtils.java:logGet(44)) - raft.server.log.appender.install.snapshot.enabled = false (custom)
2020-06-03 15:18:12,083 [6ec6622b-874a-4105-ad29-8c51f142f239@group-18E1D5714A48-LeaderElection12] INFO  impl.RoleInfo (RoleInfo.java:updateAndGet(143)) - 6ec6622b-874a-4105-ad29-8c51f142f239: start LeaderState
2020-06-03 15:18:12,083 [6ec6622b-874a-4105-ad29-8c51f142f239@group-18E1D5714A48-LeaderElection12] INFO  segmented.SegmentedRaftLogWorker (SegmentedRaftLogWorker.java:startLogSegment(391)) - 6ec6622b-874a-4105-ad29-8c51f142f239@group-18E1D5714A48-SegmentedRaftLogWorker: Starting segment from index:0
2020-06-03 15:18:12,084 [6ec6622b-874a-4105-ad29-8c51f142f239@group-18E1D5714A48-SegmentedRaftLogWorker] INFO  segmented.SegmentedRaftLogWorker (SegmentedRaftLogWorker.java:execute(583)) - 6ec6622b-874a-4105-ad29-8c51f142f239@group-18E1D5714A48-SegmentedRaftLogWorker: created new log segment /github/workspace/mnt/ozone/hadoop-ozone/integration-test/target/test-dir/MiniOzoneClusterImpl-93e83c9e-276a-4dbb-b3a7-721354e8147f/datanode-1/data/ratis/6d9650bf-2f95-4d48-a31c-18e1d5714a48/current/log_inprogress_0
2020-06-03 15:18:12,087 [grpc-default-executor-4] INFO  ratis.XceiverServerRatis (XceiverServerRatis.java:handleLeaderChangedNotification(762)) - Leader change notification received for group: group-18E1D5714A48 with new leaderId: 6ec6622b-874a-4105-ad29-8c51f142f239
2020-06-03 15:18:12,087 [grpc-default-executor-4] INFO  impl.RaftServerImpl (ServerState.java:setLeader(255)) - c31126df-e0e6-41a0-b8a6-c917e41713fb@group-18E1D5714A48: change Leader from null to 6ec6622b-874a-4105-ad29-8c51f142f239 at term 1 for appendEntries, leader elected after 5115ms
2020-06-03 15:18:12,087 [6ec6622b-874a-4105-ad29-8c51f142f239@group-18E1D5714A48-LeaderElection12] INFO  impl.RaftServerImpl (ServerState.java:setRaftConf(356)) - 6ec6622b-874a-4105-ad29-8c51f142f239@group-18E1D5714A48: set configuration 0: [c31126df-e0e6-41a0-b8a6-c917e41713fb:172.17.0.2:43385, 1e3e64b2-ca5c-45b2-a309-40d7e3e20788:172.17.0.2:42877, 6ec6622b-874a-4105-ad29-8c51f142f239:172.17.0.2:38415], old=null at 0
2020-06-03 15:18:12,092 [grpc-default-executor-4] INFO  impl.RaftServerImpl (ServerState.java:setRaftConf(356)) - c31126df-e0e6-41a0-b8a6-c917e41713fb@group-18E1D5714A48: set configuration 0: [c31126df-e0e6-41a0-b8a6-c917e41713fb:172.17.0.2:43385, 1e3e64b2-ca5c-45b2-a309-40d7e3e20788:172.17.0.2:42877, 6ec6622b-874a-4105-ad29-8c51f142f239:172.17.0.2:38415], old=null at 0
2020-06-03 15:18:12,092 [grpc-default-executor-4] INFO  segmented.SegmentedRaftLogWorker (SegmentedRaftLogWorker.java:startLogSegment(391)) - c31126df-e0e6-41a0-b8a6-c917e41713fb@group-18E1D5714A48-SegmentedRaftLogWorker: Starting segment from index:0
2020-06-03 15:18:12,094 [c31126df-e0e6-41a0-b8a6-c917e41713fb@group-18E1D5714A48-SegmentedRaftLogWorker] INFO  segmented.SegmentedRaftLogWorker (SegmentedRaftLogWorker.java:execute(583)) - c31126df-e0e6-41a0-b8a6-c917e41713fb@group-18E1D5714A48-SegmentedRaftLogWorker: created new log segment /github/workspace/mnt/ozone/hadoop-ozone/integration-test/target/test-dir/MiniOzoneClusterImpl-93e83c9e-276a-4dbb-b3a7-721354e8147f/datanode-2/data/ratis/6d9650bf-2f95-4d48-a31c-18e1d5714a48/current/log_inprogress_0
2020-06-03 15:18:12,094 [c31126df-e0e6-41a0-b8a6-c917e41713fb@group-D5EC939E43D0-LeaderElection14] INFO  impl.LeaderElection (LeaderElection.java:askForVotes(206)) - c31126df-e0e6-41a0-b8a6-c917e41713fb@group-D5EC939E43D0-LeaderElection14: begin an election at term 1 for -1: [c31126df-e0e6-41a0-b8a6-c917e41713fb:172.17.0.2:43385], old=null
2020-06-03 15:18:12,094 [c31126df-e0e6-41a0-b8a6-c917e41713fb@group-D5EC939E43D0-LeaderElection14] INFO  impl.RoleInfo (RoleInfo.java:shutdownLeaderElection(134)) - c31126df-e0e6-41a0-b8a6-c917e41713fb: shutdown LeaderElection
2020-06-03 15:18:12,095 [c31126df-e0e6-41a0-b8a6-c917e41713fb@group-D5EC939E43D0-LeaderElection14] INFO  impl.RaftServerImpl (RaftServerImpl.java:setRole(173)) - c31126df-e0e6-41a0-b8a6-c917e41713fb@group-D5EC939E43D0: changes role from CANDIDATE to LEADER at term 1 for changeToLeader
2020-06-03 15:18:12,095 [c31126df-e0e6-41a0-b8a6-c917e41713fb@group-D5EC939E43D0-LeaderElection14] INFO  ratis.XceiverServerRatis (XceiverServerRatis.java:handleLeaderChangedNotification(762)) - Leader change notification received for group: group-D5EC939E43D0 with new leaderId: c31126df-e0e6-41a0-b8a6-c917e41713fb
2020-06-03 15:18:12,095 [c31126df-e0e6-41a0-b8a6-c917e41713fb@group-D5EC939E43D0-LeaderElection14] INFO  impl.RaftServerImpl (ServerState.java:setLeader(255)) - c31126df-e0e6-41a0-b8a6-c917e41713fb@group-D5EC939E43D0: change Leader from null to c31126df-e0e6-41a0-b8a6-c917e41713fb at term 1 for becomeLeader, leader elected after 5071ms
2020-06-03 15:18:12,102 [grpc-default-executor-4] INFO  ratis.XceiverServerRatis (XceiverServerRatis.java:handleLeaderChangedNotification(762)) - Leader change notification received for group: group-18E1D5714A48 with new leaderId: 6ec6622b-874a-4105-ad29-8c51f142f239
2020-06-03 15:18:12,103 [grpc-default-executor-4] INFO  impl.RaftServerImpl (ServerState.java:setLeader(255)) - 1e3e64b2-ca5c-45b2-a309-40d7e3e20788@group-18E1D5714A48: change Leader from null to 6ec6622b-874a-4105-ad29-8c51f142f239 at term 1 for appendEntries, leader elected after 5212ms
2020-06-03 15:18:12,103 [c31126df-e0e6-41a0-b8a6-c917e41713fb@group-D5EC939E43D0-LeaderElection14] INFO  server.RaftServerConfigKeys (ConfUtils.java:logGet(44)) - raft.server.staging.catchup.gap = 1000 (default)
2020-06-03 15:18:12,103 [c31126df-e0e6-41a0-b8a6-c917e41713fb@group-D5EC939E43D0-LeaderElection14] INFO  server.RaftServerConfigKeys (ConfUtils.java:logGet(44)) - raft.server.rpc.sleep.time = 25ms (default)
2020-06-03 15:18:12,111 [grpc-default-executor-4] INFO  impl.RaftServerImpl (ServerState.java:setRaftConf(356)) - 1e3e64b2-ca5c-45b2-a309-40d7e3e20788@group-18E1D5714A48: set configuration 0: [c31126df-e0e6-41a0-b8a6-c917e41713fb:172.17.0.2:43385, 1e3e64b2-ca5c-45b2-a309-40d7e3e20788:172.17.0.2:42877, 6ec6622b-874a-4105-ad29-8c51f142f239:172.17.0.2:38415], old=null at 0
2020-06-03 15:18:12,111 [grpc-default-executor-4] INFO  segmented.SegmentedRaftLogWorker (SegmentedRaftLogWorker.java:startLogSegment(391)) - 1e3e64b2-ca5c-45b2-a309-40d7e3e20788@group-18E1D5714A48-SegmentedRaftLogWorker: Starting segment from index:0
2020-06-03 15:18:12,113 [c31126df-e0e6-41a0-b8a6-c917e41713fb@group-D5EC939E43D0-LeaderElection14] INFO  metrics.RatisMetrics (RatisMetrics.java:lambda$create$0(39)) - Creating Metrics Registry : ratis.log_appender.c31126df-e0e6-41a0-b8a6-c917e41713fb@group-D5EC939E43D0
2020-06-03 15:18:12,113 [c31126df-e0e6-41a0-b8a6-c917e41713fb@group-D5EC939E43D0-LeaderElection14] INFO  server.RaftServerConfigKeys (ConfUtils.java:logGet(44)) - raft.server.write.element-limit = 1024 (custom)
2020-06-03 15:18:12,113 [c31126df-e0e6-41a0-b8a6-c917e41713fb@group-D5EC939E43D0-LeaderElection14] INFO  server.RaftServerConfigKeys (ConfUtils.java:logGet(44)) - raft.server.write.byte-limit = 1073741824 (custom)
2020-06-03 15:18:12,113 [1e3e64b2-ca5c-45b2-a309-40d7e3e20788@group-18E1D5714A48-SegmentedRaftLogWorker] INFO  segmented.SegmentedRaftLogWorker (SegmentedRaftLogWorker.java:execute(583)) - 1e3e64b2-ca5c-45b2-a309-40d7e3e20788@group-18E1D5714A48-SegmentedRaftLogWorker: created new log segment /github/workspace/mnt/ozone/hadoop-ozone/integration-test/target/test-dir/MiniOzoneClusterImpl-93e83c9e-276a-4dbb-b3a7-721354e8147f/datanode-0/data/ratis/6d9650bf-2f95-4d48-a31c-18e1d5714a48/current/log_inprogress_0
2020-06-03 15:18:12,114 [c31126df-e0e6-41a0-b8a6-c917e41713fb@group-D5EC939E43D0-LeaderElection14] INFO  server.RaftServerConfigKeys (ConfUtils.java:logGet(44)) - raft.server.watch.timeout = 3s (custom)
2020-06-03 15:18:12,114 [c31126df-e0e6-41a0-b8a6-c917e41713fb@group-D5EC939E43D0-LeaderElection14] INFO  server.RaftServerConfigKeys (ConfUtils.java:logGet(44)) - raft.server.watch.timeout.denomination = 1s (default)
2020-06-03 15:18:12,114 [c31126df-e0e6-41a0-b8a6-c917e41713fb@group-D5EC939E43D0-LeaderElection14] INFO  server.RaftServerConfigKeys (ConfUtils.java:logGet(44)) - raft.server.watch.element-limit = 65536 (default)
2020-06-03 15:18:12,114 [c31126df-e0e6-41a0-b8a6-c917e41713fb@group-D5EC939E43D0-LeaderElection14] INFO  impl.RoleInfo (RoleInfo.java:updateAndGet(143)) - c31126df-e0e6-41a0-b8a6-c917e41713fb: start LeaderState
2020-06-03 15:18:12,114 [c31126df-e0e6-41a0-b8a6-c917e41713fb@group-D5EC939E43D0-LeaderElection14] INFO  segmented.SegmentedRaftLogWorker (SegmentedRaftLogWorker.java:startLogSegment(391)) - c31126df-e0e6-41a0-b8a6-c917e41713fb@group-D5EC939E43D0-SegmentedRaftLogWorker: Starting segment from index:0
2020-06-03 15:18:12,119 [c31126df-e0e6-41a0-b8a6-c917e41713fb@group-D5EC939E43D0-SegmentedRaftLogWorker] INFO  segmented.SegmentedRaftLogWorker (SegmentedRaftLogWorker.java:execute(583)) - c31126df-e0e6-41a0-b8a6-c917e41713fb@group-D5EC939E43D0-SegmentedRaftLogWorker: created new log segment /github/workspace/mnt/ozone/hadoop-ozone/integration-test/target/test-dir/MiniOzoneClusterImpl-93e83c9e-276a-4dbb-b3a7-721354e8147f/datanode-2/data/ratis/7eec8102-bf5a-4ed0-86ed-d5ec939e43d0/current/log_inprogress_0
2020-06-03 15:18:12,122 [c31126df-e0e6-41a0-b8a6-c917e41713fb@group-D5EC939E43D0-LeaderElection14] INFO  impl.RaftServerImpl (ServerState.java:setRaftConf(356)) - c31126df-e0e6-41a0-b8a6-c917e41713fb@group-D5EC939E43D0: set configuration 0: [c31126df-e0e6-41a0-b8a6-c917e41713fb:172.17.0.2:43385], old=null at 0
2020-06-03 15:18:12,160 [Thread-595] INFO  impl.FollowerState (FollowerState.java:run(108)) - 48947e53-0809-4443-b86e-4d7be828377d@group-E5368276DE73-FollowerState: change to CANDIDATE, lastRpcTime:5016ms, electionTimeout:5016ms
2020-06-03 15:18:12,161 [Thread-595] INFO  impl.RoleInfo (RoleInfo.java:shutdownFollowerState(121)) - 48947e53-0809-4443-b86e-4d7be828377d: shutdown FollowerState
2020-06-03 15:18:12,161 [Thread-595] INFO  impl.RaftServerImpl (RaftServerImpl.java:setRole(173)) - 48947e53-0809-4443-b86e-4d7be828377d@group-E5368276DE73: changes role from  FOLLOWER to CANDIDATE at term 0 for changeToCandidate
2020-06-03 15:18:12,161 [Thread-595] INFO  impl.RoleInfo (RoleInfo.java:updateAndGet(143)) - 48947e53-0809-4443-b86e-4d7be828377d: start LeaderElection
2020-06-03 15:18:12,171 [48947e53-0809-4443-b86e-4d7be828377d@group-E5368276DE73-LeaderElection15] INFO  impl.LeaderElection (LeaderElection.java:askForVotes(206)) - 48947e53-0809-4443-b86e-4d7be828377d@group-E5368276DE73-LeaderElection15: begin an election at term 1 for -1: [3e502d42-633f-4126-a3a8-4f1bbeec568c:172.17.0.2:39147, 48947e53-0809-4443-b86e-4d7be828377d:172.17.0.2:34143, 88470e20-4387-4d75-923d-5048e0fb5f03:172.17.0.2:36237], old=null
2020-06-03 15:18:12,183 [grpc-default-executor-4] INFO  impl.RaftServerImpl (RaftServerImpl.java:setRole(173)) - 3e502d42-633f-4126-a3a8-4f1bbeec568c@group-E5368276DE73: changes role from  FOLLOWER to FOLLOWER at term 1 for recognizeCandidate:48947e53-0809-4443-b86e-4d7be828377d
2020-06-03 15:18:12,183 [grpc-default-executor-4] INFO  impl.RoleInfo (RoleInfo.java:shutdownFollowerState(121)) - 3e502d42-633f-4126-a3a8-4f1bbeec568c: shutdown FollowerState
2020-06-03 15:18:12,184 [grpc-default-executor-4] INFO  impl.RoleInfo (RoleInfo.java:updateAndGet(143)) - 3e502d42-633f-4126-a3a8-4f1bbeec568c: start FollowerState
2020-06-03 15:18:12,184 [Thread-597] INFO  impl.FollowerState (FollowerState.java:run(117)) - 3e502d42-633f-4126-a3a8-4f1bbeec568c@group-E5368276DE73-FollowerState was interrupted: java.lang.InterruptedException: sleep interrupted
2020-06-03 15:18:12,200 [grpc-default-executor-5] INFO  impl.RaftServerImpl (RaftServerImpl.java:setRole(173)) - 88470e20-4387-4d75-923d-5048e0fb5f03@group-E5368276DE73: changes role from  FOLLOWER to FOLLOWER at term 1 for recognizeCandidate:48947e53-0809-4443-b86e-4d7be828377d
2020-06-03 15:18:12,200 [grpc-default-executor-5] INFO  impl.RoleInfo (RoleInfo.java:shutdownFollowerState(121)) - 88470e20-4387-4d75-923d-5048e0fb5f03: shutdown FollowerState
2020-06-03 15:18:12,200 [grpc-default-executor-5] INFO  impl.RoleInfo (RoleInfo.java:updateAndGet(143)) - 88470e20-4387-4d75-923d-5048e0fb5f03: start FollowerState
2020-06-03 15:18:12,200 [Thread-602] INFO  impl.FollowerState (FollowerState.java:run(117)) - 88470e20-4387-4d75-923d-5048e0fb5f03@group-E5368276DE73-FollowerState was interrupted: java.lang.InterruptedException: sleep interrupted
2020-06-03 15:18:12,200 [48947e53-0809-4443-b86e-4d7be828377d@group-E5368276DE73-LeaderElection15] INFO  impl.LeaderElection (LeaderElection.java:logAndReturn(61)) - 48947e53-0809-4443-b86e-4d7be828377d@group-E5368276DE73-LeaderElection15: Election PASSED; received 1 response(s) [48947e53-0809-4443-b86e-4d7be828377d<-3e502d42-633f-4126-a3a8-4f1bbeec568c#0:OK-t1] and 0 exception(s); 48947e53-0809-4443-b86e-4d7be828377d@group-E5368276DE73:t1, leader=null, voted=48947e53-0809-4443-b86e-4d7be828377d, raftlog=48947e53-0809-4443-b86e-4d7be828377d@group-E5368276DE73-SegmentedRaftLog:OPENED:c-1,f-1,i0, conf=-1: [3e502d42-633f-4126-a3a8-4f1bbeec568c:172.17.0.2:39147, 48947e53-0809-4443-b86e-4d7be828377d:172.17.0.2:34143, 88470e20-4387-4d75-923d-5048e0fb5f03:172.17.0.2:36237], old=null
2020-06-03 15:18:12,202 [48947e53-0809-4443-b86e-4d7be828377d@group-E5368276DE73-LeaderElection15] INFO  impl.RoleInfo (RoleInfo.java:shutdownLeaderElection(134)) - 48947e53-0809-4443-b86e-4d7be828377d: shutdown LeaderElection
2020-06-03 15:18:12,202 [48947e53-0809-4443-b86e-4d7be828377d@group-E5368276DE73-LeaderElection15] INFO  impl.RaftServerImpl (RaftServerImpl.java:setRole(173)) - 48947e53-0809-4443-b86e-4d7be828377d@group-E5368276DE73: changes role from CANDIDATE to LEADER at term 1 for changeToLeader
2020-06-03 15:18:12,202 [48947e53-0809-4443-b86e-4d7be828377d@group-E5368276DE73-LeaderElection15] INFO  ratis.XceiverServerRatis (XceiverServerRatis.java:handleLeaderChangedNotification(762)) - Leader change notification received for group: group-E5368276DE73 with new leaderId: 48947e53-0809-4443-b86e-4d7be828377d
2020-06-03 15:18:12,203 [48947e53-0809-4443-b86e-4d7be828377d@group-E5368276DE73-LeaderElection15] INFO  impl.RaftServerImpl (ServerState.java:setLeader(255)) - 48947e53-0809-4443-b86e-4d7be828377d@group-E5368276DE73: change Leader from null to 48947e53-0809-4443-b86e-4d7be828377d at term 1 for becomeLeader, leader elected after 5065ms
2020-06-03 15:18:12,211 [48947e53-0809-4443-b86e-4d7be828377d@group-E5368276DE73-LeaderElection15] INFO  server.RaftServerConfigKeys (ConfUtils.java:logGet(44)) - raft.server.staging.catchup.gap = 1000 (default)
2020-06-03 15:18:12,211 [48947e53-0809-4443-b86e-4d7be828377d@group-E5368276DE73-LeaderElection15] INFO  server.RaftServerConfigKeys (ConfUtils.java:logGet(44)) - raft.server.rpc.sleep.time = 25ms (default)
2020-06-03 15:18:12,211 [48947e53-0809-4443-b86e-4d7be828377d@group-E5368276DE73-LeaderElection15] INFO  metrics.RatisMetrics (RatisMetrics.java:lambda$create$0(39)) - Creating Metrics Registry : ratis.log_appender.48947e53-0809-4443-b86e-4d7be828377d@group-E5368276DE73
2020-06-03 15:18:12,211 [48947e53-0809-4443-b86e-4d7be828377d@group-E5368276DE73-LeaderElection15] INFO  server.RaftServerConfigKeys (ConfUtils.java:logGet(44)) - raft.server.write.element-limit = 1024 (custom)
2020-06-03 15:18:12,211 [48947e53-0809-4443-b86e-4d7be828377d@group-E5368276DE73-LeaderElection15] INFO  server.RaftServerConfigKeys (ConfUtils.java:logGet(44)) - raft.server.write.byte-limit = 1073741824 (custom)
2020-06-03 15:18:12,212 [48947e53-0809-4443-b86e-4d7be828377d@group-E5368276DE73-LeaderElection15] INFO  server.RaftServerConfigKeys (ConfUtils.java:logGet(44)) - raft.server.watch.timeout = 3s (custom)
2020-06-03 15:18:12,212 [48947e53-0809-4443-b86e-4d7be828377d@group-E5368276DE73-LeaderElection15] INFO  server.RaftServerConfigKeys (ConfUtils.java:logGet(44)) - raft.server.watch.timeout.denomination = 1s (default)
2020-06-03 15:18:12,212 [48947e53-0809-4443-b86e-4d7be828377d@group-E5368276DE73-LeaderElection15] INFO  server.RaftServerConfigKeys (ConfUtils.java:logGet(44)) - raft.server.watch.element-limit = 65536 (default)
2020-06-03 15:18:12,212 [48947e53-0809-4443-b86e-4d7be828377d@group-E5368276DE73-LeaderElection15] INFO  server.RaftServerConfigKeys (ConfUtils.java:logGet(44)) - raft.server.log.appender.snapshot.chunk.size.max = 16MB (=16777216) (default)
2020-06-03 15:18:12,212 [48947e53-0809-4443-b86e-4d7be828377d@group-E5368276DE73-LeaderElection15] INFO  server.RaftServerConfigKeys (ConfUtils.java:logGet(44)) - raft.server.log.appender.buffer.byte-limit = 33554432 (custom)
2020-06-03 15:18:12,212 [48947e53-0809-4443-b86e-4d7be828377d@group-E5368276DE73-LeaderElection15] INFO  server.RaftServerConfigKeys (ConfUtils.java:logGet(44)) - raft.server.log.appender.buffer.element-limit = 1 (custom)
2020-06-03 15:18:12,212 [48947e53-0809-4443-b86e-4d7be828377d@group-E5368276DE73-LeaderElection15] INFO  grpc.GrpcConfigKeys (ConfUtils.java:logGet(44)) - raft.grpc.server.leader.outstanding.appends.max = 128 (default)
2020-06-03 15:18:12,212 [48947e53-0809-4443-b86e-4d7be828377d@group-E5368276DE73-LeaderElection15] INFO  server.RaftServerConfigKeys (ConfUtils.java:logGet(44)) - raft.server.rpc.request.timeout = 3s (default)
2020-06-03 15:18:12,212 [48947e53-0809-4443-b86e-4d7be828377d@group-E5368276DE73-LeaderElection15] INFO  server.RaftServerConfigKeys (ConfUtils.java:logGet(44)) - raft.server.log.appender.install.snapshot.enabled = false (custom)
2020-06-03 15:18:12,213 [48947e53-0809-4443-b86e-4d7be828377d@group-E5368276DE73-LeaderElection15] INFO  server.RaftServerConfigKeys (ConfUtils.java:logGet(44)) - raft.server.log.appender.snapshot.chunk.size.max = 16MB (=16777216) (default)
2020-06-03 15:18:12,213 [48947e53-0809-4443-b86e-4d7be828377d@group-E5368276DE73-LeaderElection15] INFO  server.RaftServerConfigKeys (ConfUtils.java:logGet(44)) - raft.server.log.appender.buffer.byte-limit = 33554432 (custom)
2020-06-03 15:18:12,214 [48947e53-0809-4443-b86e-4d7be828377d@group-E5368276DE73-LeaderElection15] INFO  server.RaftServerConfigKeys (ConfUtils.java:logGet(44)) - raft.server.log.appender.buffer.element-limit = 1 (custom)
2020-06-03 15:18:12,214 [48947e53-0809-4443-b86e-4d7be828377d@group-E5368276DE73-LeaderElection15] INFO  grpc.GrpcConfigKeys (ConfUtils.java:logGet(44)) - raft.grpc.server.leader.outstanding.appends.max = 128 (default)
2020-06-03 15:18:12,214 [48947e53-0809-4443-b86e-4d7be828377d@group-E5368276DE73-LeaderElection15] INFO  server.RaftServerConfigKeys (ConfUtils.java:logGet(44)) - raft.server.rpc.request.timeout = 3s (default)
2020-06-03 15:18:12,214 [48947e53-0809-4443-b86e-4d7be828377d@group-E5368276DE73-LeaderElection15] INFO  server.RaftServerConfigKeys (ConfUtils.java:logGet(44)) - raft.server.log.appender.install.snapshot.enabled = false (custom)
2020-06-03 15:18:12,214 [EventQueue-PipelineReportForPipelineReportHandler] INFO  pipeline.PipelineStateManager (PipelineStateManager.java:openPipeline(131)) - Pipeline Pipeline[ Id: 1b2c9c9f-9804-4009-ac03-e5368276de73, Nodes: 3e502d42-633f-4126-a3a8-4f1bbeec568c{ip: 172.17.0.2, host: 6feb74794fe2, networkLocation: /default-rack, certSerialId: null}88470e20-4387-4d75-923d-5048e0fb5f03{ip: 172.17.0.2, host: 6feb74794fe2, networkLocation: /default-rack, certSerialId: null}48947e53-0809-4443-b86e-4d7be828377d{ip: 172.17.0.2, host: 6feb74794fe2, networkLocation: /default-rack, certSerialId: null}, Type:RATIS, Factor:THREE, State:ALLOCATED, leaderId:48947e53-0809-4443-b86e-4d7be828377d, CreationTimestamp2020-06-03T15:18:04.270Z] moved to OPEN state
2020-06-03 15:18:12,215 [48947e53-0809-4443-b86e-4d7be828377d@group-E5368276DE73-LeaderElection15] INFO  impl.RoleInfo (RoleInfo.java:updateAndGet(143)) - 48947e53-0809-4443-b86e-4d7be828377d: start LeaderState
2020-06-03 15:18:12,217 [48947e53-0809-4443-b86e-4d7be828377d@group-E5368276DE73-LeaderElection15] INFO  segmented.SegmentedRaftLogWorker (SegmentedRaftLogWorker.java:startLogSegment(391)) - 48947e53-0809-4443-b86e-4d7be828377d@group-E5368276DE73-SegmentedRaftLogWorker: Starting segment from index:0
2020-06-03 15:18:12,219 [48947e53-0809-4443-b86e-4d7be828377d@group-E5368276DE73-SegmentedRaftLogWorker] INFO  segmented.SegmentedRaftLogWorker (SegmentedRaftLogWorker.java:execute(583)) - 48947e53-0809-4443-b86e-4d7be828377d@group-E5368276DE73-SegmentedRaftLogWorker: created new log segment /github/workspace/mnt/ozone/hadoop-ozone/integration-test/target/test-dir/MiniOzoneClusterImpl-93e83c9e-276a-4dbb-b3a7-721354e8147f/datanode-3/data/ratis/1b2c9c9f-9804-4009-ac03-e5368276de73/current/log_inprogress_0
2020-06-03 15:18:12,244 [grpc-default-executor-5] INFO  ratis.XceiverServerRatis (XceiverServerRatis.java:handleLeaderChangedNotification(762)) - Leader change notification received for group: group-E5368276DE73 with new leaderId: 48947e53-0809-4443-b86e-4d7be828377d
2020-06-03 15:18:12,244 [grpc-default-executor-5] INFO  impl.RaftServerImpl (ServerState.java:setLeader(255)) - 3e502d42-633f-4126-a3a8-4f1bbeec568c@group-E5368276DE73: change Leader from null to 48947e53-0809-4443-b86e-4d7be828377d at term 1 for appendEntries, leader elected after 5081ms
2020-06-03 15:18:12,225 [48947e53-0809-4443-b86e-4d7be828377d@group-E5368276DE73-LeaderElection15] INFO  impl.RaftServerImpl (ServerState.java:setRaftConf(356)) - 48947e53-0809-4443-b86e-4d7be828377d@group-E5368276DE73: set configuration 0: [3e502d42-633f-4126-a3a8-4f1bbeec568c:172.17.0.2:39147, 48947e53-0809-4443-b86e-4d7be828377d:172.17.0.2:34143, 88470e20-4387-4d75-923d-5048e0fb5f03:172.17.0.2:36237], old=null at 0
2020-06-03 15:18:12,225 [Thread-593] INFO  impl.FollowerState (FollowerState.java:run(108)) - 48947e53-0809-4443-b86e-4d7be828377d@group-F8503982A8FC-FollowerState: change to CANDIDATE, lastRpcTime:5105ms, electionTimeout:5096ms
2020-06-03 15:18:12,245 [Thread-593] INFO  impl.RoleInfo (RoleInfo.java:shutdownFollowerState(121)) - 48947e53-0809-4443-b86e-4d7be828377d: shutdown FollowerState
2020-06-03 15:18:12,245 [Thread-593] INFO  impl.RaftServerImpl (RaftServerImpl.java:setRole(173)) - 48947e53-0809-4443-b86e-4d7be828377d@group-F8503982A8FC: changes role from  FOLLOWER to CANDIDATE at term 0 for changeToCandidate
2020-06-03 15:18:12,250 [Thread-593] INFO  impl.RoleInfo (RoleInfo.java:updateAndGet(143)) - 48947e53-0809-4443-b86e-4d7be828377d: start LeaderElection
2020-06-03 15:18:12,250 [grpc-default-executor-4] INFO  ratis.XceiverServerRatis (XceiverServerRatis.java:handleLeaderChangedNotification(762)) - Leader change notification received for group: group-E5368276DE73 with new leaderId: 48947e53-0809-4443-b86e-4d7be828377d
2020-06-03 15:18:12,250 [grpc-default-executor-4] INFO  impl.RaftServerImpl (ServerState.java:setLeader(255)) - 88470e20-4387-4d75-923d-5048e0fb5f03@group-E5368276DE73: change Leader from null to 48947e53-0809-4443-b86e-4d7be828377d at term 1 for appendEntries, leader elected after 5026ms
2020-06-03 15:18:12,260 [grpc-default-executor-5] INFO  impl.RaftServerImpl (ServerState.java:setRaftConf(356)) - 3e502d42-633f-4126-a3a8-4f1bbeec568c@group-E5368276DE73: set configuration 0: [3e502d42-633f-4126-a3a8-4f1bbeec568c:172.17.0.2:39147, 48947e53-0809-4443-b86e-4d7be828377d:172.17.0.2:34143, 88470e20-4387-4d75-923d-5048e0fb5f03:172.17.0.2:36237], old=null at 0
2020-06-03 15:18:12,260 [grpc-default-executor-5] INFO  segmented.SegmentedRaftLogWorker (SegmentedRaftLogWorker.java:startLogSegment(391)) - 3e502d42-633f-4126-a3a8-4f1bbeec568c@group-E5368276DE73-SegmentedRaftLogWorker: Starting segment from index:0
2020-06-03 15:18:12,260 [grpc-default-executor-0] INFO  impl.RaftServerImpl (ServerState.java:setRaftConf(356)) - 88470e20-4387-4d75-923d-5048e0fb5f03@group-E5368276DE73: set configuration 0: [3e502d42-633f-4126-a3a8-4f1bbeec568c:172.17.0.2:39147, 48947e53-0809-4443-b86e-4d7be828377d:172.17.0.2:34143, 88470e20-4387-4d75-923d-5048e0fb5f03:172.17.0.2:36237], old=null at 0
2020-06-03 15:18:12,261 [grpc-default-executor-0] INFO  segmented.SegmentedRaftLogWorker (SegmentedRaftLogWorker.java:startLogSegment(391)) - 88470e20-4387-4d75-923d-5048e0fb5f03@group-E5368276DE73-SegmentedRaftLogWorker: Starting segment from index:0
2020-06-03 15:18:12,262 [48947e53-0809-4443-b86e-4d7be828377d@group-F8503982A8FC-LeaderElection16] INFO  impl.LeaderElection (LeaderElection.java:askForVotes(206)) - 48947e53-0809-4443-b86e-4d7be828377d@group-F8503982A8FC-LeaderElection16: begin an election at term 1 for -1: [48947e53-0809-4443-b86e-4d7be828377d:172.17.0.2:34143], old=null
2020-06-03 15:18:12,262 [48947e53-0809-4443-b86e-4d7be828377d@group-F8503982A8FC-LeaderElection16] INFO  impl.RoleInfo (RoleInfo.java:shutdownLeaderElection(134)) - 48947e53-0809-4443-b86e-4d7be828377d: shutdown LeaderElection
2020-06-03 15:18:12,263 [48947e53-0809-4443-b86e-4d7be828377d@group-F8503982A8FC-LeaderElection16] INFO  impl.RaftServerImpl (RaftServerImpl.java:setRole(173)) - 48947e53-0809-4443-b86e-4d7be828377d@group-F8503982A8FC: changes role from CANDIDATE to LEADER at term 1 for changeToLeader
2020-06-03 15:18:12,263 [48947e53-0809-4443-b86e-4d7be828377d@group-F8503982A8FC-LeaderElection16] INFO  ratis.XceiverServerRatis (XceiverServerRatis.java:handleLeaderChangedNotification(762)) - Leader change notification received for group: group-F8503982A8FC with new leaderId: 48947e53-0809-4443-b86e-4d7be828377d
2020-06-03 15:18:12,263 [88470e20-4387-4d75-923d-5048e0fb5f03@group-E5368276DE73-SegmentedRaftLogWorker] INFO  segmented.SegmentedRaftLogWorker (SegmentedRaftLogWorker.java:execute(583)) - 88470e20-4387-4d75-923d-5048e0fb5f03@group-E5368276DE73-SegmentedRaftLogWorker: created new log segment /github/workspace/mnt/ozone/hadoop-ozone/integration-test/target/test-dir/MiniOzoneClusterImpl-93e83c9e-276a-4dbb-b3a7-721354e8147f/datanode-5/data/ratis/1b2c9c9f-9804-4009-ac03-e5368276de73/current/log_inprogress_0
2020-06-03 15:18:12,264 [3e502d42-633f-4126-a3a8-4f1bbeec568c@group-E5368276DE73-SegmentedRaftLogWorker] INFO  segmented.SegmentedRaftLogWorker (SegmentedRaftLogWorker.java:execute(583)) - 3e502d42-633f-4126-a3a8-4f1bbeec568c@group-E5368276DE73-SegmentedRaftLogWorker: created new log segment /github/workspace/mnt/ozone/hadoop-ozone/integration-test/target/test-dir/MiniOzoneClusterImpl-93e83c9e-276a-4dbb-b3a7-721354e8147f/datanode-4/data/ratis/1b2c9c9f-9804-4009-ac03-e5368276de73/current/log_inprogress_0
2020-06-03 15:18:12,266 [48947e53-0809-4443-b86e-4d7be828377d@group-F8503982A8FC-LeaderElection16] INFO  impl.RaftServerImpl (ServerState.java:setLeader(255)) - 48947e53-0809-4443-b86e-4d7be828377d@group-F8503982A8FC: change Leader from null to 48947e53-0809-4443-b86e-4d7be828377d at term 1 for becomeLeader, leader elected after 5148ms
2020-06-03 15:18:12,266 [48947e53-0809-4443-b86e-4d7be828377d@group-F8503982A8FC-LeaderElection16] INFO  server.RaftServerConfigKeys (ConfUtils.java:logGet(44)) - raft.server.staging.catchup.gap = 1000 (default)
2020-06-03 15:18:12,266 [48947e53-0809-4443-b86e-4d7be828377d@group-F8503982A8FC-LeaderElection16] INFO  server.RaftServerConfigKeys (ConfUtils.java:logGet(44)) - raft.server.rpc.sleep.time = 25ms (default)
2020-06-03 15:18:12,281 [48947e53-0809-4443-b86e-4d7be828377d@group-F8503982A8FC-LeaderElection16] INFO  metrics.RatisMetrics (RatisMetrics.java:lambda$create$0(39)) - Creating Metrics Registry : ratis.log_appender.48947e53-0809-4443-b86e-4d7be828377d@group-F8503982A8FC
2020-06-03 15:18:12,282 [48947e53-0809-4443-b86e-4d7be828377d@group-F8503982A8FC-LeaderElection16] INFO  server.RaftServerConfigKeys (ConfUtils.java:logGet(44)) - raft.server.write.element-limit = 1024 (custom)
2020-06-03 15:18:12,282 [48947e53-0809-4443-b86e-4d7be828377d@group-F8503982A8FC-LeaderElection16] INFO  server.RaftServerConfigKeys (ConfUtils.java:logGet(44)) - raft.server.write.byte-limit = 1073741824 (custom)
2020-06-03 15:18:12,282 [48947e53-0809-4443-b86e-4d7be828377d@group-F8503982A8FC-LeaderElection16] INFO  server.RaftServerConfigKeys (ConfUtils.java:logGet(44)) - raft.server.watch.timeout = 3s (custom)
2020-06-03 15:18:12,282 [48947e53-0809-4443-b86e-4d7be828377d@group-F8503982A8FC-LeaderElection16] INFO  server.RaftServerConfigKeys (ConfUtils.java:logGet(44)) - raft.server.watch.timeout.denomination = 1s (default)
2020-06-03 15:18:12,282 [48947e53-0809-4443-b86e-4d7be828377d@group-F8503982A8FC-LeaderElection16] INFO  server.RaftServerConfigKeys (ConfUtils.java:logGet(44)) - raft.server.watch.element-limit = 65536 (default)
2020-06-03 15:18:12,282 [48947e53-0809-4443-b86e-4d7be828377d@group-F8503982A8FC-LeaderElection16] INFO  impl.RoleInfo (RoleInfo.java:updateAndGet(143)) - 48947e53-0809-4443-b86e-4d7be828377d: start LeaderState
2020-06-03 15:18:12,283 [48947e53-0809-4443-b86e-4d7be828377d@group-F8503982A8FC-LeaderElection16] INFO  segmented.SegmentedRaftLogWorker (SegmentedRaftLogWorker.java:startLogSegment(391)) - 48947e53-0809-4443-b86e-4d7be828377d@group-F8503982A8FC-SegmentedRaftLogWorker: Starting segment from index:0
2020-06-03 15:18:12,283 [48947e53-0809-4443-b86e-4d7be828377d@group-F8503982A8FC-LeaderElection16] INFO  impl.RaftServerImpl (ServerState.java:setRaftConf(356)) - 48947e53-0809-4443-b86e-4d7be828377d@group-F8503982A8FC: set configuration 0: [48947e53-0809-4443-b86e-4d7be828377d:172.17.0.2:34143], old=null at 0
2020-06-03 15:18:12,287 [48947e53-0809-4443-b86e-4d7be828377d@group-F8503982A8FC-SegmentedRaftLogWorker] INFO  segmented.SegmentedRaftLogWorker (SegmentedRaftLogWorker.java:execute(583)) - 48947e53-0809-4443-b86e-4d7be828377d@group-F8503982A8FC-SegmentedRaftLogWorker: created new log segment /github/workspace/mnt/ozone/hadoop-ozone/integration-test/target/test-dir/MiniOzoneClusterImpl-93e83c9e-276a-4dbb-b3a7-721354e8147f/datanode-3/data/ratis/81d67ba2-b61a-49f3-8839-f8503982a8fc/current/log_inprogress_0
2020-06-03 15:18:12,314 [Thread-600] INFO  impl.FollowerState (FollowerState.java:run(108)) - 3e502d42-633f-4126-a3a8-4f1bbeec568c@group-A97390A5A8F4-FollowerState: change to CANDIDATE, lastRpcTime:5113ms, electionTimeout:5109ms
2020-06-03 15:18:12,315 [Thread-600] INFO  impl.RoleInfo (RoleInfo.java:shutdownFollowerState(121)) - 3e502d42-633f-4126-a3a8-4f1bbeec568c: shutdown FollowerState
2020-06-03 15:18:12,315 [Thread-600] INFO  impl.RaftServerImpl (RaftServerImpl.java:setRole(173)) - 3e502d42-633f-4126-a3a8-4f1bbeec568c@group-A97390A5A8F4: changes role from  FOLLOWER to CANDIDATE at term 0 for changeToCandidate
2020-06-03 15:18:12,315 [Thread-600] INFO  impl.RoleInfo (RoleInfo.java:updateAndGet(143)) - 3e502d42-633f-4126-a3a8-4f1bbeec568c: start LeaderElection
2020-06-03 15:18:12,318 [3e502d42-633f-4126-a3a8-4f1bbeec568c@group-A97390A5A8F4-LeaderElection17] INFO  impl.LeaderElection (LeaderElection.java:askForVotes(206)) - 3e502d42-633f-4126-a3a8-4f1bbeec568c@group-A97390A5A8F4-LeaderElection17: begin an election at term 1 for -1: [3e502d42-633f-4126-a3a8-4f1bbeec568c:172.17.0.2:39147], old=null
2020-06-03 15:18:12,318 [3e502d42-633f-4126-a3a8-4f1bbeec568c@group-A97390A5A8F4-LeaderElection17] INFO  impl.RoleInfo (RoleInfo.java:shutdownLeaderElection(134)) - 3e502d42-633f-4126-a3a8-4f1bbeec568c: shutdown LeaderElection
2020-06-03 15:18:12,318 [3e502d42-633f-4126-a3a8-4f1bbeec568c@group-A97390A5A8F4-LeaderElection17] INFO  impl.RaftServerImpl (RaftServerImpl.java:setRole(173)) - 3e502d42-633f-4126-a3a8-4f1bbeec568c@group-A97390A5A8F4: changes role from CANDIDATE to LEADER at term 1 for changeToLeader
2020-06-03 15:18:12,318 [3e502d42-633f-4126-a3a8-4f1bbeec568c@group-A97390A5A8F4-LeaderElection17] INFO  ratis.XceiverServerRatis (XceiverServerRatis.java:handleLeaderChangedNotification(762)) - Leader change notification received for group: group-A97390A5A8F4 with new leaderId: 3e502d42-633f-4126-a3a8-4f1bbeec568c
2020-06-03 15:18:12,319 [3e502d42-633f-4126-a3a8-4f1bbeec568c@group-A97390A5A8F4-LeaderElection17] INFO  impl.RaftServerImpl (ServerState.java:setLeader(255)) - 3e502d42-633f-4126-a3a8-4f1bbeec568c@group-A97390A5A8F4: change Leader from null to 3e502d42-633f-4126-a3a8-4f1bbeec568c at term 1 for becomeLeader, leader elected after 5130ms
2020-06-03 15:18:12,320 [3e502d42-633f-4126-a3a8-4f1bbeec568c@group-A97390A5A8F4-LeaderElection17] INFO  server.RaftServerConfigKeys (ConfUtils.java:logGet(44)) - raft.server.staging.catchup.gap = 1000 (default)
2020-06-03 15:18:12,320 [3e502d42-633f-4126-a3a8-4f1bbeec568c@group-A97390A5A8F4-LeaderElection17] INFO  server.RaftServerConfigKeys (ConfUtils.java:logGet(44)) - raft.server.rpc.sleep.time = 25ms (default)
2020-06-03 15:18:12,321 [3e502d42-633f-4126-a3a8-4f1bbeec568c@group-A97390A5A8F4-LeaderElection17] INFO  metrics.RatisMetrics (RatisMetrics.java:lambda$create$0(39)) - Creating Metrics Registry : ratis.log_appender.3e502d42-633f-4126-a3a8-4f1bbeec568c@group-A97390A5A8F4
2020-06-03 15:18:12,321 [3e502d42-633f-4126-a3a8-4f1bbeec568c@group-A97390A5A8F4-LeaderElection17] INFO  server.RaftServerConfigKeys (ConfUtils.java:logGet(44)) - raft.server.write.element-limit = 1024 (custom)
2020-06-03 15:18:12,322 [3e502d42-633f-4126-a3a8-4f1bbeec568c@group-A97390A5A8F4-LeaderElection17] INFO  server.RaftServerConfigKeys (ConfUtils.java:logGet(44)) - raft.server.write.byte-limit = 1073741824 (custom)
2020-06-03 15:18:12,323 [3e502d42-633f-4126-a3a8-4f1bbeec568c@group-A97390A5A8F4-LeaderElection17] INFO  server.RaftServerConfigKeys (ConfUtils.java:logGet(44)) - raft.server.watch.timeout = 3s (custom)
2020-06-03 15:18:12,323 [3e502d42-633f-4126-a3a8-4f1bbeec568c@group-A97390A5A8F4-LeaderElection17] INFO  server.RaftServerConfigKeys (ConfUtils.java:logGet(44)) - raft.server.watch.timeout.denomination = 1s (default)
2020-06-03 15:18:12,323 [3e502d42-633f-4126-a3a8-4f1bbeec568c@group-A97390A5A8F4-LeaderElection17] INFO  server.RaftServerConfigKeys (ConfUtils.java:logGet(44)) - raft.server.watch.element-limit = 65536 (default)
2020-06-03 15:18:12,323 [3e502d42-633f-4126-a3a8-4f1bbeec568c@group-A97390A5A8F4-LeaderElection17] INFO  impl.RoleInfo (RoleInfo.java:updateAndGet(143)) - 3e502d42-633f-4126-a3a8-4f1bbeec568c: start LeaderState
2020-06-03 15:18:12,324 [3e502d42-633f-4126-a3a8-4f1bbeec568c@group-A97390A5A8F4-LeaderElection17] INFO  segmented.SegmentedRaftLogWorker (SegmentedRaftLogWorker.java:startLogSegment(391)) - 3e502d42-633f-4126-a3a8-4f1bbeec568c@group-A97390A5A8F4-SegmentedRaftLogWorker: Starting segment from index:0
2020-06-03 15:18:12,325 [3e502d42-633f-4126-a3a8-4f1bbeec568c@group-A97390A5A8F4-LeaderElection17] INFO  impl.RaftServerImpl (ServerState.java:setRaftConf(356)) - 3e502d42-633f-4126-a3a8-4f1bbeec568c@group-A97390A5A8F4: set configuration 0: [3e502d42-633f-4126-a3a8-4f1bbeec568c:172.17.0.2:39147], old=null at 0
2020-06-03 15:18:12,326 [3e502d42-633f-4126-a3a8-4f1bbeec568c@group-A97390A5A8F4-SegmentedRaftLogWorker] INFO  segmented.SegmentedRaftLogWorker (SegmentedRaftLogWorker.java:execute(583)) - 3e502d42-633f-4126-a3a8-4f1bbeec568c@group-A97390A5A8F4-SegmentedRaftLogWorker: created new log segment /github/workspace/mnt/ozone/hadoop-ozone/integration-test/target/test-dir/MiniOzoneClusterImpl-93e83c9e-276a-4dbb-b3a7-721354e8147f/datanode-4/data/ratis/fd599b5f-5d76-43ac-ada9-a97390a5a8f4/current/log_inprogress_0
2020-06-03 15:18:12,333 [Listener at 127.0.0.1/39701] INFO  ozone.MiniOzoneClusterImpl (MiniOzoneClusterImpl.java:lambda$waitForClusterToBeReady$0(177)) - Nodes are ready. Got 7 of 7 DN Heartbeats.
2020-06-03 15:18:12,333 [Listener at 127.0.0.1/39701] INFO  ozone.MiniOzoneClusterImpl (MiniOzoneClusterImpl.java:lambda$waitForClusterToBeReady$0(180)) - Cluster exits safe mode
2020-06-03 15:18:12,355 [Listener at 127.0.0.1/39701] INFO  rpc.RpcClient (RpcClient.java:createVolume(310)) - Creating Volume: testblockoutputstream, with jenkins1001 as owner.
2020-06-03 15:18:12,357 [IPC Server handler 1 on default port 39701] INFO  volume.OMVolumeCreateRequest (OMVolumeCreateRequest.java:validateAndUpdateCache(204)) - created volume:testblockoutputstream for user:jenkins1001
2020-06-03 15:18:12,368 [Listener at 127.0.0.1/39701] INFO  rpc.RpcClient (RpcClient.java:createBucket(450)) - Creating Bucket: testblockoutputstream/testblockoutputstream, with Versioning false and Storage Type set to DISK and Encryption set to false 
2020-06-03 15:18:12,373 [Listener at 127.0.0.1/39701] INFO  ozone.MiniOzoneClusterImpl (MiniOzoneClusterImpl.java:getStorageContainerLocationClient(289)) - Creating StorageContainerLocationProtocol RPC client with address /0.0.0.0:42369
2020-06-03 15:18:12,426 [Thread-605] INFO  impl.FollowerState (FollowerState.java:run(108)) - 88470e20-4387-4d75-923d-5048e0fb5f03@group-74D54B78A269-FollowerState: change to CANDIDATE, lastRpcTime:5151ms, electionTimeout:5150ms
2020-06-03 15:18:12,427 [Thread-605] INFO  impl.RoleInfo (RoleInfo.java:shutdownFollowerState(121)) - 88470e20-4387-4d75-923d-5048e0fb5f03: shutdown FollowerState
2020-06-03 15:18:12,427 [Thread-605] INFO  impl.RaftServerImpl (RaftServerImpl.java:setRole(173)) - 88470e20-4387-4d75-923d-5048e0fb5f03@group-74D54B78A269: changes role from  FOLLOWER to CANDIDATE at term 0 for changeToCandidate
2020-06-03 15:18:12,427 [Thread-605] INFO  impl.RoleInfo (RoleInfo.java:updateAndGet(143)) - 88470e20-4387-4d75-923d-5048e0fb5f03: start LeaderElection
2020-06-03 15:18:12,449 [88470e20-4387-4d75-923d-5048e0fb5f03@group-74D54B78A269-LeaderElection18] INFO  impl.LeaderElection (LeaderElection.java:askForVotes(206)) - 88470e20-4387-4d75-923d-5048e0fb5f03@group-74D54B78A269-LeaderElection18: begin an election at term 1 for -1: [88470e20-4387-4d75-923d-5048e0fb5f03:172.17.0.2:36237], old=null
2020-06-03 15:18:12,449 [88470e20-4387-4d75-923d-5048e0fb5f03@group-74D54B78A269-LeaderElection18] INFO  impl.RoleInfo (RoleInfo.java:shutdownLeaderElection(134)) - 88470e20-4387-4d75-923d-5048e0fb5f03: shutdown LeaderElection
2020-06-03 15:18:12,449 [88470e20-4387-4d75-923d-5048e0fb5f03@group-74D54B78A269-LeaderElection18] INFO  impl.RaftServerImpl (RaftServerImpl.java:setRole(173)) - 88470e20-4387-4d75-923d-5048e0fb5f03@group-74D54B78A269: changes role from CANDIDATE to LEADER at term 1 for changeToLeader
2020-06-03 15:18:12,449 [88470e20-4387-4d75-923d-5048e0fb5f03@group-74D54B78A269-LeaderElection18] INFO  ratis.XceiverServerRatis (XceiverServerRatis.java:handleLeaderChangedNotification(762)) - Leader change notification received for group: group-74D54B78A269 with new leaderId: 88470e20-4387-4d75-923d-5048e0fb5f03
2020-06-03 15:18:12,449 [88470e20-4387-4d75-923d-5048e0fb5f03@group-74D54B78A269-LeaderElection18] INFO  impl.RaftServerImpl (ServerState.java:setLeader(255)) - 88470e20-4387-4d75-923d-5048e0fb5f03@group-74D54B78A269: change Leader from null to 88470e20-4387-4d75-923d-5048e0fb5f03 at term 1 for becomeLeader, leader elected after 5178ms
2020-06-03 15:18:12,449 [88470e20-4387-4d75-923d-5048e0fb5f03@group-74D54B78A269-LeaderElection18] INFO  server.RaftServerConfigKeys (ConfUtils.java:logGet(44)) - raft.server.staging.catchup.gap = 1000 (default)
2020-06-03 15:18:12,449 [88470e20-4387-4d75-923d-5048e0fb5f03@group-74D54B78A269-LeaderElection18] INFO  server.RaftServerConfigKeys (ConfUtils.java:logGet(44)) - raft.server.rpc.sleep.time = 25ms (default)
2020-06-03 15:18:12,449 [88470e20-4387-4d75-923d-5048e0fb5f03@group-74D54B78A269-LeaderElection18] INFO  metrics.RatisMetrics (RatisMetrics.java:lambda$create$0(39)) - Creating Metrics Registry : ratis.log_appender.88470e20-4387-4d75-923d-5048e0fb5f03@group-74D54B78A269
2020-06-03 15:18:12,450 [88470e20-4387-4d75-923d-5048e0fb5f03@group-74D54B78A269-LeaderElection18] INFO  server.RaftServerConfigKeys (ConfUtils.java:logGet(44)) - raft.server.write.element-limit = 1024 (custom)
2020-06-03 15:18:12,450 [88470e20-4387-4d75-923d-5048e0fb5f03@group-74D54B78A269-LeaderElection18] INFO  server.RaftServerConfigKeys (ConfUtils.java:logGet(44)) - raft.server.write.byte-limit = 1073741824 (custom)
2020-06-03 15:18:12,450 [88470e20-4387-4d75-923d-5048e0fb5f03@group-74D54B78A269-LeaderElection18] INFO  server.RaftServerConfigKeys (ConfUtils.java:logGet(44)) - raft.server.watch.timeout = 3s (custom)
2020-06-03 15:18:12,450 [88470e20-4387-4d75-923d-5048e0fb5f03@group-74D54B78A269-LeaderElection18] INFO  server.RaftServerConfigKeys (ConfUtils.java:logGet(44)) - raft.server.watch.timeout.denomination = 1s (default)
2020-06-03 15:18:12,450 [88470e20-4387-4d75-923d-5048e0fb5f03@group-74D54B78A269-LeaderElection18] INFO  server.RaftServerConfigKeys (ConfUtils.java:logGet(44)) - raft.server.watch.element-limit = 65536 (default)
2020-06-03 15:18:12,450 [88470e20-4387-4d75-923d-5048e0fb5f03@group-74D54B78A269-LeaderElection18] INFO  impl.RoleInfo (RoleInfo.java:updateAndGet(143)) - 88470e20-4387-4d75-923d-5048e0fb5f03: start LeaderState
2020-06-03 15:18:12,451 [88470e20-4387-4d75-923d-5048e0fb5f03@group-74D54B78A269-LeaderElection18] INFO  segmented.SegmentedRaftLogWorker (SegmentedRaftLogWorker.java:startLogSegment(391)) - 88470e20-4387-4d75-923d-5048e0fb5f03@group-74D54B78A269-SegmentedRaftLogWorker: Starting segment from index:0
2020-06-03 15:18:12,452 [88470e20-4387-4d75-923d-5048e0fb5f03@group-74D54B78A269-SegmentedRaftLogWorker] INFO  segmented.SegmentedRaftLogWorker (SegmentedRaftLogWorker.java:execute(583)) - 88470e20-4387-4d75-923d-5048e0fb5f03@group-74D54B78A269-SegmentedRaftLogWorker: created new log segment /github/workspace/mnt/ozone/hadoop-ozone/integration-test/target/test-dir/MiniOzoneClusterImpl-93e83c9e-276a-4dbb-b3a7-721354e8147f/datanode-5/data/ratis/a3a93fa5-e585-4278-807f-74d54b78a269/current/log_inprogress_0
2020-06-03 15:18:12,453 [88470e20-4387-4d75-923d-5048e0fb5f03@group-74D54B78A269-LeaderElection18] INFO  impl.RaftServerImpl (ServerState.java:setRaftConf(356)) - 88470e20-4387-4d75-923d-5048e0fb5f03@group-74D54B78A269: set configuration 0: [88470e20-4387-4d75-923d-5048e0fb5f03:172.17.0.2:36237], old=null at 0
2020-06-03 15:18:12,456 [Thread-607] INFO  impl.FollowerState (FollowerState.java:run(108)) - d8a5a23a-75a8-4ec2-9efd-b06a0dfae0db@group-4C1B684B485C-FollowerState: change to CANDIDATE, lastRpcTime:5109ms, electionTimeout:5108ms
2020-06-03 15:18:12,457 [Thread-607] INFO  impl.RoleInfo (RoleInfo.java:shutdownFollowerState(121)) - d8a5a23a-75a8-4ec2-9efd-b06a0dfae0db: shutdown FollowerState
2020-06-03 15:18:12,457 [Thread-607] INFO  impl.RaftServerImpl (RaftServerImpl.java:setRole(173)) - d8a5a23a-75a8-4ec2-9efd-b06a0dfae0db@group-4C1B684B485C: changes role from  FOLLOWER to CANDIDATE at term 0 for changeToCandidate
2020-06-03 15:18:12,457 [ChunkWriter-1-0] WARN  helpers.ChunkUtils (ChunkUtils.java:validateChunkForOverwrite(224)) - Duplicate write chunk request. Chunk overwrite without explicit request. ChunkInfo{chunkName='1591197492379.data.0, offset=0, len=1048576}
2020-06-03 15:18:12,457 [Thread-607] INFO  impl.RoleInfo (RoleInfo.java:updateAndGet(143)) - d8a5a23a-75a8-4ec2-9efd-b06a0dfae0db: start LeaderElection
2020-06-03 15:18:12,474 [d8a5a23a-75a8-4ec2-9efd-b06a0dfae0db@group-4C1B684B485C-LeaderElection19] INFO  impl.LeaderElection (LeaderElection.java:askForVotes(206)) - d8a5a23a-75a8-4ec2-9efd-b06a0dfae0db@group-4C1B684B485C-LeaderElection19: begin an election at term 1 for -1: [d8a5a23a-75a8-4ec2-9efd-b06a0dfae0db:172.17.0.2:40211], old=null
2020-06-03 15:18:12,478 [d8a5a23a-75a8-4ec2-9efd-b06a0dfae0db@group-4C1B684B485C-LeaderElection19] INFO  impl.RoleInfo (RoleInfo.java:shutdownLeaderElection(134)) - d8a5a23a-75a8-4ec2-9efd-b06a0dfae0db: shutdown LeaderElection
2020-06-03 15:18:12,478 [d8a5a23a-75a8-4ec2-9efd-b06a0dfae0db@group-4C1B684B485C-LeaderElection19] INFO  impl.RaftServerImpl (RaftServerImpl.java:setRole(173)) - d8a5a23a-75a8-4ec2-9efd-b06a0dfae0db@group-4C1B684B485C: changes role from CANDIDATE to LEADER at term 1 for changeToLeader
2020-06-03 15:18:12,478 [d8a5a23a-75a8-4ec2-9efd-b06a0dfae0db@group-4C1B684B485C-LeaderElection19] INFO  ratis.XceiverServerRatis (XceiverServerRatis.java:handleLeaderChangedNotification(762)) - Leader change notification received for group: group-4C1B684B485C with new leaderId: d8a5a23a-75a8-4ec2-9efd-b06a0dfae0db
2020-06-03 15:18:12,478 [d8a5a23a-75a8-4ec2-9efd-b06a0dfae0db@group-4C1B684B485C-LeaderElection19] INFO  impl.RaftServerImpl (ServerState.java:setLeader(255)) - d8a5a23a-75a8-4ec2-9efd-b06a0dfae0db@group-4C1B684B485C: change Leader from null to d8a5a23a-75a8-4ec2-9efd-b06a0dfae0db at term 1 for becomeLeader, leader elected after 5140ms
2020-06-03 15:18:12,478 [d8a5a23a-75a8-4ec2-9efd-b06a0dfae0db@group-4C1B684B485C-LeaderElection19] INFO  server.RaftServerConfigKeys (ConfUtils.java:logGet(44)) - raft.server.staging.catchup.gap = 1000 (default)
2020-06-03 15:18:12,478 [d8a5a23a-75a8-4ec2-9efd-b06a0dfae0db@group-4C1B684B485C-LeaderElection19] INFO  server.RaftServerConfigKeys (ConfUtils.java:logGet(44)) - raft.server.rpc.sleep.time = 25ms (default)
2020-06-03 15:18:12,478 [d8a5a23a-75a8-4ec2-9efd-b06a0dfae0db@group-4C1B684B485C-LeaderElection19] INFO  metrics.RatisMetrics (RatisMetrics.java:lambda$create$0(39)) - Creating Metrics Registry : ratis.log_appender.d8a5a23a-75a8-4ec2-9efd-b06a0dfae0db@group-4C1B684B485C
2020-06-03 15:18:12,479 [d8a5a23a-75a8-4ec2-9efd-b06a0dfae0db@group-4C1B684B485C-LeaderElection19] INFO  server.RaftServerConfigKeys (ConfUtils.java:logGet(44)) - raft.server.write.element-limit = 1024 (custom)
2020-06-03 15:18:12,479 [d8a5a23a-75a8-4ec2-9efd-b06a0dfae0db@group-4C1B684B485C-LeaderElection19] INFO  server.RaftServerConfigKeys (ConfUtils.java:logGet(44)) - raft.server.write.byte-limit = 1073741824 (custom)
2020-06-03 15:18:12,479 [d8a5a23a-75a8-4ec2-9efd-b06a0dfae0db@group-4C1B684B485C-LeaderElection19] INFO  server.RaftServerConfigKeys (ConfUtils.java:logGet(44)) - raft.server.watch.timeout = 3s (custom)
2020-06-03 15:18:12,479 [d8a5a23a-75a8-4ec2-9efd-b06a0dfae0db@group-4C1B684B485C-LeaderElection19] INFO  server.RaftServerConfigKeys (ConfUtils.java:logGet(44)) - raft.server.watch.timeout.denomination = 1s (default)
2020-06-03 15:18:12,479 [d8a5a23a-75a8-4ec2-9efd-b06a0dfae0db@group-4C1B684B485C-LeaderElection19] INFO  server.RaftServerConfigKeys (ConfUtils.java:logGet(44)) - raft.server.watch.element-limit = 65536 (default)
2020-06-03 15:18:12,479 [d8a5a23a-75a8-4ec2-9efd-b06a0dfae0db@group-4C1B684B485C-LeaderElection19] INFO  impl.RoleInfo (RoleInfo.java:updateAndGet(143)) - d8a5a23a-75a8-4ec2-9efd-b06a0dfae0db: start LeaderState
2020-06-03 15:18:12,480 [d8a5a23a-75a8-4ec2-9efd-b06a0dfae0db@group-4C1B684B485C-LeaderElection19] INFO  segmented.SegmentedRaftLogWorker (SegmentedRaftLogWorker.java:startLogSegment(391)) - d8a5a23a-75a8-4ec2-9efd-b06a0dfae0db@group-4C1B684B485C-SegmentedRaftLogWorker: Starting segment from index:0
2020-06-03 15:18:12,482 [d8a5a23a-75a8-4ec2-9efd-b06a0dfae0db@group-4C1B684B485C-LeaderElection19] INFO  impl.RaftServerImpl (ServerState.java:setRaftConf(356)) - d8a5a23a-75a8-4ec2-9efd-b06a0dfae0db@group-4C1B684B485C: set configuration 0: [d8a5a23a-75a8-4ec2-9efd-b06a0dfae0db:172.17.0.2:40211], old=null at 0
2020-06-03 15:18:12,484 [d8a5a23a-75a8-4ec2-9efd-b06a0dfae0db@group-4C1B684B485C-SegmentedRaftLogWorker] INFO  segmented.SegmentedRaftLogWorker (SegmentedRaftLogWorker.java:execute(583)) - d8a5a23a-75a8-4ec2-9efd-b06a0dfae0db@group-4C1B684B485C-SegmentedRaftLogWorker: created new log segment /github/workspace/mnt/ozone/hadoop-ozone/integration-test/target/test-dir/MiniOzoneClusterImpl-93e83c9e-276a-4dbb-b3a7-721354e8147f/datanode-6/data/ratis/138e2a16-abac-4404-976d-4c1b684b485c/current/log_inprogress_0
2020-06-03 15:18:12,486 [ChunkWriter-1-0] WARN  helpers.ChunkUtils (ChunkUtils.java:validateChunkForOverwrite(224)) - Duplicate write chunk request. Chunk overwrite without explicit request. ChunkInfo{chunkName='1591197492379.data.0, offset=0, len=1048576}
2020-06-03 15:18:12,506 [ChunkWriter-1-0] WARN  helpers.ChunkUtils (ChunkUtils.java:validateChunkForOverwrite(224)) - Duplicate write chunk request. Chunk overwrite without explicit request. ChunkInfo{chunkName='1591197492379.data.0, offset=0, len=1048576}
2020-06-03 15:18:15,093 [java.util.concurrent.ThreadPoolExecutor$Worker@35fd2559[State = -1, empty queue]] WARN  server.GrpcLogAppender (GrpcLogAppender.java:timeoutAppendRequest(213)) - 6ec6622b-874a-4105-ad29-8c51f142f239@group-18E1D5714A48->c31126df-e0e6-41a0-b8a6-c917e41713fb-GrpcLogAppender:  appendEntries Timeout, request=AppendEntriesRequest:cid=1,entriesCount=1,lastEntry=(t:1, i:0)
2020-06-03 15:18:15,094 [EventQueue-Delayed safe mode statusForReplicationManager] INFO  container.ReplicationManager (ReplicationManager.java:start(167)) - Starting Replication Monitor Thread.
2020-06-03 15:18:15,095 [ReplicationMonitor] INFO  container.ReplicationManager (ReplicationManager.java:run(231)) - Replication Monitor Thread took 1 milliseconds for processing 1 containers.
2020-06-03 15:18:15,099 [java.util.concurrent.ThreadPoolExecutor$Worker@35fd2559[State = -1, empty queue]] WARN  server.GrpcLogAppender (GrpcLogAppender.java:timeoutAppendRequest(213)) - 6ec6622b-874a-4105-ad29-8c51f142f239@group-18E1D5714A48->1e3e64b2-ca5c-45b2-a309-40d7e3e20788-GrpcLogAppender:  appendEntries Timeout, request=AppendEntriesRequest:cid=1,entriesCount=1,lastEntry=(t:1, i:0)
2020-06-03 15:18:20,424 [java.util.concurrent.ThreadPoolExecutor$Worker@35fd2559[State = -1, empty queue]] WARN  server.GrpcLogAppender (GrpcLogAppender.java:timeoutAppendRequest(213)) - 6ec6622b-874a-4105-ad29-8c51f142f239@group-18E1D5714A48->c31126df-e0e6-41a0-b8a6-c917e41713fb-GrpcLogAppender:  appendEntries Timeout, request=AppendEntriesRequest:cid=2,entriesCount=1,lastEntry=(t:1, i:1)
2020-06-03 15:18:20,425 [java.util.concurrent.ThreadPoolExecutor$Worker@35fd2559[State = -1, empty queue]] WARN  server.GrpcLogAppender (GrpcLogAppender.java:timeoutAppendRequest(213)) - 6ec6622b-874a-4105-ad29-8c51f142f239@group-18E1D5714A48->1e3e64b2-ca5c-45b2-a309-40d7e3e20788-GrpcLogAppender:  appendEntries Timeout, request=AppendEntriesRequest:cid=2,entriesCount=1,lastEntry=(t:1, i:1)
2020-06-03 15:18:20,425 [java.util.concurrent.ThreadPoolExecutor$Worker@35fd2559[State = -1, empty queue]] WARN  server.GrpcLogAppender (GrpcLogAppender.java:timeoutAppendRequest(213)) - 6ec6622b-874a-4105-ad29-8c51f142f239@group-18E1D5714A48->c31126df-e0e6-41a0-b8a6-c917e41713fb-GrpcLogAppender:  appendEntries Timeout, request=AppendEntriesRequest:cid=3,entriesCount=1,lastEntry=(t:1, i:2)
2020-06-03 15:18:20,425 [java.util.concurrent.ThreadPoolExecutor$Worker@35fd2559[State = -1, empty queue]] WARN  server.GrpcLogAppender (GrpcLogAppender.java:timeoutAppendRequest(213)) - 6ec6622b-874a-4105-ad29-8c51f142f239@group-18E1D5714A48->1e3e64b2-ca5c-45b2-a309-40d7e3e20788-GrpcLogAppender:  appendEntries Timeout, request=AppendEntriesRequest:cid=3,entriesCount=1,lastEntry=(t:1, i:2)
2020-06-03 15:18:20,425 [java.util.concurrent.ThreadPoolExecutor$Worker@35fd2559[State = -1, empty queue]] WARN  server.GrpcLogAppender (GrpcLogAppender.java:timeoutAppendRequest(213)) - 6ec6622b-874a-4105-ad29-8c51f142f239@group-18E1D5714A48->1e3e64b2-ca5c-45b2-a309-40d7e3e20788-GrpcLogAppender:  appendEntries Timeout, request=AppendEntriesRequest:cid=4,entriesCount=1,lastEntry=(t:1, i:3)
2020-06-03 15:18:20,425 [java.util.concurrent.ThreadPoolExecutor$Worker@35fd2559[State = -1, empty queue]] WARN  server.GrpcLogAppender (GrpcLogAppender.java:timeoutAppendRequest(213)) - 6ec6622b-874a-4105-ad29-8c51f142f239@group-18E1D5714A48->c31126df-e0e6-41a0-b8a6-c917e41713fb-GrpcLogAppender:  appendEntries Timeout, request=AppendEntriesRequest:cid=4,entriesCount=1,lastEntry=(t:1, i:3)
2020-06-03 15:18:20,425 [java.util.concurrent.ThreadPoolExecutor$Worker@35fd2559[State = -1, empty queue]] WARN  server.GrpcLogAppender (GrpcLogAppender.java:timeoutAppendRequest(213)) - 6ec6622b-874a-4105-ad29-8c51f142f239@group-18E1D5714A48->c31126df-e0e6-41a0-b8a6-c917e41713fb-GrpcLogAppender:  appendEntries Timeout, request=AppendEntriesRequest:cid=5,entriesCount=1,lastEntry=(t:1, i:4)
2020-06-03 15:18:20,425 [java.util.concurrent.ThreadPoolExecutor$Worker@35fd2559[State = -1, empty queue]] WARN  server.GrpcLogAppender (GrpcLogAppender.java:timeoutAppendRequest(213)) - 6ec6622b-874a-4105-ad29-8c51f142f239@group-18E1D5714A48->1e3e64b2-ca5c-45b2-a309-40d7e3e20788-GrpcLogAppender:  appendEntries Timeout, request=AppendEntriesRequest:cid=5,entriesCount=1,lastEntry=(t:1, i:4)
2020-06-03 15:19:18,636 [Listener at 127.0.0.1/39701] INFO  ozone.MiniOzoneClusterImpl (MiniOzoneClusterImpl.java:shutdown(387)) - Shutting down the Mini Ozone Cluster
2020-06-03 15:19:18,636 [Listener at 127.0.0.1/39701] INFO  ozone.MiniOzoneClusterImpl (MiniOzoneClusterImpl.java:stop(402)) - Stopping the Mini Ozone Cluster
2020-06-03 15:19:18,636 [Listener at 127.0.0.1/39701] INFO  ozone.MiniOzoneClusterImpl (MiniOzoneClusterImpl.java:stopOM(484)) - Stopping the OzoneManager
2020-06-03 15:19:18,636 [Listener at 127.0.0.1/39701] INFO  ipc.Server (Server.java:stop(3359)) - Stopping server on 39701
2020-06-03 15:19:18,639 [Listener at 127.0.0.1/39701] INFO  ratis.OzoneManagerDoubleBuffer (OzoneManagerDoubleBuffer.java:stop(410)) - Stopping OMDoubleBuffer flush thread
2020-06-03 15:19:18,640 [IPC Server Responder] INFO  ipc.Server (Server.java:run(1465)) - Stopping IPC Server Responder
2020-06-03 15:19:18,640 [IPC Server listener on 0] INFO  ipc.Server (Server.java:run(1330)) - Stopping IPC Server listener on 0
2020-06-03 15:19:18,640 [OMDoubleBufferFlushThread] INFO  ratis.OzoneManagerDoubleBuffer (OzoneManagerDoubleBuffer.java:flushTransactions(342)) - OMDoubleBuffer flush thread OMDoubleBufferFlushThread is interrupted and will exit. OMDoubleBufferFlushThread
2020-06-03 15:19:18,640 [Listener at 127.0.0.1/39701] INFO  utils.BackgroundService (BackgroundService.java:shutdown(157)) - Shutting down service KeyDeletingService
2020-06-03 15:19:18,643 [Listener at 127.0.0.1/39701] INFO  handler.ContextHandler (ContextHandler.java:doStop(1016)) - Stopped o.e.j.w.WebAppContext@1b53aa20{ozoneManager,/,null,UNAVAILABLE}{file:/github/workspace/mnt/ozone/hadoop-ozone/integration-test/target/test-classes/webapps/ozoneManager}
2020-06-03 15:19:18,644 [Listener at 127.0.0.1/39701] INFO  server.AbstractConnector (AbstractConnector.java:doStop(380)) - Stopped ServerConnector@14495c42{HTTP/1.1,[http/1.1]}{0.0.0.0:0}
2020-06-03 15:19:18,644 [Listener at 127.0.0.1/39701] INFO  server.session (HouseKeeper.java:stopScavenging(158)) - node0 Stopped scavenging
2020-06-03 15:19:18,644 [Listener at 127.0.0.1/39701] INFO  handler.ContextHandler (ContextHandler.java:doStop(1016)) - Stopped o.e.j.s.ServletContextHandler@74093a4d{static,/static,file:///github/workspace/mnt/ozone/hadoop-ozone/integration-test/target/test-classes/webapps/static,UNAVAILABLE}
2020-06-03 15:19:18,644 [Listener at 127.0.0.1/39701] INFO  handler.ContextHandler (ContextHandler.java:doStop(1016)) - Stopped o.e.j.s.ServletContextHandler@22a0afaf{logs,/logs,file:///github/workspace/mnt/ozone/hadoop-ozone/integration-test/target/log,UNAVAILABLE}
2020-06-03 15:19:18,648 [Listener at 127.0.0.1/39701] INFO  ozone.MiniOzoneClusterImpl (MiniOzoneClusterImpl.java:stopDatanodes(461)) - Stopping the HddsDatanodes
2020-06-03 15:19:19,327 [Datanode State Machine Thread - 0] INFO  statemachine.DatanodeStateMachine (DatanodeStateMachine.java:lambda$startDaemon$0(376)) - Ozone container server started.
2020-06-03 15:19:19,463 [Datanode State Machine Thread - 0] INFO  statemachine.DatanodeStateMachine (DatanodeStateMachine.java:lambda$startDaemon$0(376)) - Ozone container server started.
2020-06-03 15:19:23,657 [ForkJoinPool.commonPool-worker-1] INFO  ozoneimpl.OzoneContainer (OzoneContainer.java:stop(246)) - Attempting to stop container services.
2020-06-03 15:19:23,658 [ForkJoinPool.commonPool-worker-1] INFO  impl.RaftServerProxy (RaftServerProxy.java:lambda$close$4(314)) - 6ec6622b-874a-4105-ad29-8c51f142f239: close
2020-06-03 15:19:23,658 [ForkJoinPool.commonPool-worker-1] INFO  impl.RaftServerImpl (RaftServerImpl.java:lambda$shutdown$3(250)) - 6ec6622b-874a-4105-ad29-8c51f142f239@group-18E1D5714A48: shutdown
2020-06-03 15:19:23,657 [Listener at 127.0.0.1/39701] INFO  ozoneimpl.OzoneContainer (OzoneContainer.java:stop(246)) - Attempting to stop container services.
2020-06-03 15:19:23,658 [ForkJoinPool.commonPool-worker-1] INFO  util.JmxRegister (JmxRegister.java:unregister(73)) - Successfully un-registered JMX Bean with object name Ratis:service=RaftServer,group=group-18E1D5714A48,id=6ec6622b-874a-4105-ad29-8c51f142f239
2020-06-03 15:19:23,658 [ForkJoinPool.commonPool-worker-1] INFO  impl.RoleInfo (RoleInfo.java:shutdownLeaderState(104)) - 6ec6622b-874a-4105-ad29-8c51f142f239: shutdown LeaderState
2020-06-03 15:19:23,658 [Listener at 127.0.0.1/39701] INFO  impl.RaftServerProxy (RaftServerProxy.java:lambda$close$4(314)) - 3e502d42-633f-4126-a3a8-4f1bbeec568c: close
2020-06-03 15:19:23,660 [org.apache.ratis.server.impl.LogAppender$AppenderDaemon$$Lambda$440/1322653867@3eabaabe] WARN  server.GrpcLogAppender (GrpcLogAppender.java:mayWait(153)) - 6ec6622b-874a-4105-ad29-8c51f142f239@group-18E1D5714A48->c31126df-e0e6-41a0-b8a6-c917e41713fb-GrpcLogAppender: Wait interrupted by java.lang.InterruptedException
2020-06-03 15:19:23,660 [org.apache.ratis.server.impl.LogAppender$AppenderDaemon$$Lambda$440/1322653867@55472edc] WARN  server.GrpcLogAppender (GrpcLogAppender.java:mayWait(153)) - 6ec6622b-874a-4105-ad29-8c51f142f239@group-18E1D5714A48->1e3e64b2-ca5c-45b2-a309-40d7e3e20788-GrpcLogAppender: Wait interrupted by java.lang.InterruptedException
2020-06-03 15:19:23,661 [grpc-default-executor-6] INFO  server.GrpcServerProtocolService (GrpcServerProtocolService.java:onCompleted(137)) - 1e3e64b2-ca5c-45b2-a309-40d7e3e20788: Completed APPEND_ENTRIES, lastRequest: 6ec6622b-874a-4105-ad29-8c51f142f239->1e3e64b2-ca5c-45b2-a309-40d7e3e20788#5-t1, previous=(t:1, i:3), leaderCommit=0, initializing? false, entries: size=1, first=(t:1, i:4), STATEMACHINELOGENTRY, client-FFDF29D3F7C7, cid=25
2020-06-03 15:19:23,661 [grpc-default-executor-0] INFO  server.GrpcServerProtocolService (GrpcServerProtocolService.java:onCompleted(137)) - c31126df-e0e6-41a0-b8a6-c917e41713fb: Completed APPEND_ENTRIES, lastRequest: 6ec6622b-874a-4105-ad29-8c51f142f239->c31126df-e0e6-41a0-b8a6-c917e41713fb#5-t1, previous=(t:1, i:3), leaderCommit=0, initializing? false, entries: size=1, first=(t:1, i:4), STATEMACHINELOGENTRY, client-FFDF29D3F7C7, cid=25
2020-06-03 15:19:23,662 [grpc-default-executor-6] INFO  server.GrpcLogAppender (GrpcLogAppender.java:onCompleted(309)) - 6ec6622b-874a-4105-ad29-8c51f142f239@group-18E1D5714A48->c31126df-e0e6-41a0-b8a6-c917e41713fb-AppendLogResponseHandler: follower responses appendEntries COMPLETED
2020-06-03 15:19:23,660 [ForkJoinPool.commonPool-worker-1] INFO  impl.PendingRequests (PendingRequests.java:sendNotLeaderResponses(242)) - 6ec6622b-874a-4105-ad29-8c51f142f239@group-18E1D5714A48-PendingRequests: sendNotLeaderResponses
2020-06-03 15:19:23,660 [Listener at 127.0.0.1/39701] INFO  impl.RaftServerImpl (RaftServerImpl.java:lambda$shutdown$3(250)) - 3e502d42-633f-4126-a3a8-4f1bbeec568c@group-A97390A5A8F4: shutdown
2020-06-03 15:19:23,663 [Listener at 127.0.0.1/39701] INFO  util.JmxRegister (JmxRegister.java:unregister(73)) - Successfully un-registered JMX Bean with object name Ratis:service=RaftServer,group=group-A97390A5A8F4,id=3e502d42-633f-4126-a3a8-4f1bbeec568c
2020-06-03 15:19:23,663 [Listener at 127.0.0.1/39701] INFO  impl.RoleInfo (RoleInfo.java:shutdownLeaderState(104)) - 3e502d42-633f-4126-a3a8-4f1bbeec568c: shutdown LeaderState
2020-06-03 15:19:23,663 [Listener at 127.0.0.1/39701] INFO  impl.PendingRequests (PendingRequests.java:sendNotLeaderResponses(242)) - 3e502d42-633f-4126-a3a8-4f1bbeec568c@group-A97390A5A8F4-PendingRequests: sendNotLeaderResponses
2020-06-03 15:19:23,664 [Listener at 127.0.0.1/39701] INFO  metrics.RatisMetrics (RatisMetrics.java:unregister(46)) - Unregistering Metrics Registry : ratis.log_appender.3e502d42-633f-4126-a3a8-4f1bbeec568c@group-A97390A5A8F4
2020-06-03 15:19:23,664 [Listener at 127.0.0.1/39701] INFO  impl.StateMachineUpdater (StateMachineUpdater.java:stopAndJoin(142)) - 3e502d42-633f-4126-a3a8-4f1bbeec568c@group-A97390A5A8F4-StateMachineUpdater: set stopIndex = 0
2020-06-03 15:19:23,664 [3e502d42-633f-4126-a3a8-4f1bbeec568c@group-A97390A5A8F4-StateMachineUpdater] INFO  ratis.ContainerStateMachine (ContainerStateMachine.java:takeSnapshot(288)) - group-A97390A5A8F4: Taking a snapshot at:(t:1, i:0) file /github/workspace/mnt/ozone/hadoop-ozone/integration-test/target/test-dir/MiniOzoneClusterImpl-93e83c9e-276a-4dbb-b3a7-721354e8147f/datanode-4/data/ratis/fd599b5f-5d76-43ac-ada9-a97390a5a8f4/sm/snapshot.1_0
2020-06-03 15:19:23,665 [3e502d42-633f-4126-a3a8-4f1bbeec568c@group-A97390A5A8F4-StateMachineUpdater] INFO  ratis.ContainerStateMachine (ContainerStateMachine.java:takeSnapshot(299)) - group-A97390A5A8F4: Finished taking a snapshot at:(t:1, i:0) file:/github/workspace/mnt/ozone/hadoop-ozone/integration-test/target/test-dir/MiniOzoneClusterImpl-93e83c9e-276a-4dbb-b3a7-721354e8147f/datanode-4/data/ratis/fd599b5f-5d76-43ac-ada9-a97390a5a8f4/sm/snapshot.1_0 time:1
2020-06-03 15:19:23,665 [3e502d42-633f-4126-a3a8-4f1bbeec568c@group-A97390A5A8F4-StateMachineUpdater] INFO  impl.StateMachineUpdater (StateMachineUpdater.java:takeSnapshot(277)) - 3e502d42-633f-4126-a3a8-4f1bbeec568c@group-A97390A5A8F4-StateMachineUpdater: Took a snapshot at index 0
2020-06-03 15:19:23,665 [3e502d42-633f-4126-a3a8-4f1bbeec568c@group-A97390A5A8F4-StateMachineUpdater] INFO  impl.StateMachineUpdater (StateMachineUpdater.java:lambda$new$0(87)) - 3e502d42-633f-4126-a3a8-4f1bbeec568c@group-A97390A5A8F4-StateMachineUpdater: snapshotIndex: updateIncreasingly -1 -> 0
2020-06-03 15:19:23,665 [grpc-default-executor-0] INFO  server.GrpcLogAppender (GrpcLogAppender.java:onCompleted(309)) - 6ec6622b-874a-4105-ad29-8c51f142f239@group-18E1D5714A48->1e3e64b2-ca5c-45b2-a309-40d7e3e20788-AppendLogResponseHandler: follower responses appendEntries COMPLETED
2020-06-03 15:19:23,665 [3e502d42-633f-4126-a3a8-4f1bbeec568c@group-A97390A5A8F4-StateMachineUpdater] INFO  metrics.RatisMetrics (RatisMetrics.java:unregister(46)) - Unregistering Metrics Registry : ratis.state_machine.3e502d42-633f-4126-a3a8-4f1bbeec568c@group-A97390A5A8F4
2020-06-03 15:19:23,666 [grpc-default-executor-6] INFO  impl.FollowerInfo (FollowerInfo.java:lambda$new$0(50)) - 6ec6622b-874a-4105-ad29-8c51f142f239@group-18E1D5714A48->c31126df-e0e6-41a0-b8a6-c917e41713fb: nextIndex: updateUnconditionally 5 -> 1
2020-06-03 15:19:23,666 [Listener at 127.0.0.1/39701] INFO  impl.RaftServerImpl (ServerState.java:close(387)) - 3e502d42-633f-4126-a3a8-4f1bbeec568c@group-A97390A5A8F4: closes. applyIndex: 0
2020-06-03 15:19:23,667 [grpc-default-executor-0] INFO  impl.FollowerInfo (FollowerInfo.java:lambda$new$0(50)) - 6ec6622b-874a-4105-ad29-8c51f142f239@group-18E1D5714A48->1e3e64b2-ca5c-45b2-a309-40d7e3e20788: nextIndex: updateUnconditionally 5 -> 1
2020-06-03 15:19:23,683 [ForkJoinPool.commonPool-worker-1] INFO  metrics.RatisMetrics (RatisMetrics.java:unregister(46)) - Unregistering Metrics Registry : ratis.log_appender.6ec6622b-874a-4105-ad29-8c51f142f239@group-18E1D5714A48
2020-06-03 15:19:23,683 [ForkJoinPool.commonPool-worker-1] INFO  impl.StateMachineUpdater (StateMachineUpdater.java:stopAndJoin(142)) - 6ec6622b-874a-4105-ad29-8c51f142f239@group-18E1D5714A48-StateMachineUpdater: set stopIndex = 0
2020-06-03 15:19:23,684 [6ec6622b-874a-4105-ad29-8c51f142f239@group-18E1D5714A48-StateMachineUpdater] INFO  ratis.ContainerStateMachine (ContainerStateMachine.java:takeSnapshot(288)) - group-18E1D5714A48: Taking a snapshot at:(t:1, i:0) file /github/workspace/mnt/ozone/hadoop-ozone/integration-test/target/test-dir/MiniOzoneClusterImpl-93e83c9e-276a-4dbb-b3a7-721354e8147f/datanode-1/data/ratis/6d9650bf-2f95-4d48-a31c-18e1d5714a48/sm/snapshot.1_0
2020-06-03 15:19:23,686 [6ec6622b-874a-4105-ad29-8c51f142f239@group-18E1D5714A48-StateMachineUpdater] INFO  ratis.ContainerStateMachine (ContainerStateMachine.java:takeSnapshot(299)) - group-18E1D5714A48: Finished taking a snapshot at:(t:1, i:0) file:/github/workspace/mnt/ozone/hadoop-ozone/integration-test/target/test-dir/MiniOzoneClusterImpl-93e83c9e-276a-4dbb-b3a7-721354e8147f/datanode-1/data/ratis/6d9650bf-2f95-4d48-a31c-18e1d5714a48/sm/snapshot.1_0 time:2
2020-06-03 15:19:23,686 [6ec6622b-874a-4105-ad29-8c51f142f239@group-18E1D5714A48-StateMachineUpdater] INFO  impl.StateMachineUpdater (StateMachineUpdater.java:takeSnapshot(277)) - 6ec6622b-874a-4105-ad29-8c51f142f239@group-18E1D5714A48-StateMachineUpdater: Took a snapshot at index 0
2020-06-03 15:19:23,686 [6ec6622b-874a-4105-ad29-8c51f142f239@group-18E1D5714A48-StateMachineUpdater] INFO  impl.StateMachineUpdater (StateMachineUpdater.java:lambda$new$0(87)) - 6ec6622b-874a-4105-ad29-8c51f142f239@group-18E1D5714A48-StateMachineUpdater: snapshotIndex: updateIncreasingly -1 -> 0
2020-06-03 15:19:23,686 [6ec6622b-874a-4105-ad29-8c51f142f239@group-18E1D5714A48-StateMachineUpdater] INFO  metrics.RatisMetrics (RatisMetrics.java:unregister(46)) - Unregistering Metrics Registry : ratis.state_machine.6ec6622b-874a-4105-ad29-8c51f142f239@group-18E1D5714A48
2020-06-03 15:19:23,686 [ForkJoinPool.commonPool-worker-1] INFO  impl.RaftServerImpl (ServerState.java:close(387)) - 6ec6622b-874a-4105-ad29-8c51f142f239@group-18E1D5714A48: closes. applyIndex: 0
2020-06-03 15:19:23,691 [6ec6622b-874a-4105-ad29-8c51f142f239@group-18E1D5714A48-SegmentedRaftLogWorker] INFO  segmented.SegmentedRaftLogWorker (SegmentedRaftLogWorker.java:run(321)) - 6ec6622b-874a-4105-ad29-8c51f142f239@group-18E1D5714A48-SegmentedRaftLogWorker was interrupted, exiting. There are 0 tasks remaining in the queue.
2020-06-03 15:19:23,693 [3e502d42-633f-4126-a3a8-4f1bbeec568c@group-A97390A5A8F4-SegmentedRaftLogWorker] INFO  segmented.SegmentedRaftLogWorker (SegmentedRaftLogWorker.java:run(321)) - 3e502d42-633f-4126-a3a8-4f1bbeec568c@group-A97390A5A8F4-SegmentedRaftLogWorker was interrupted, exiting. There are 0 tasks remaining in the queue.
2020-06-03 15:19:23,695 [ForkJoinPool.commonPool-worker-1] INFO  segmented.SegmentedRaftLogWorker (SegmentedRaftLogWorker.java:close(229)) - 6ec6622b-874a-4105-ad29-8c51f142f239@group-18E1D5714A48-SegmentedRaftLogWorker close()
2020-06-03 15:19:23,695 [Listener at 127.0.0.1/39701] INFO  segmented.SegmentedRaftLogWorker (SegmentedRaftLogWorker.java:close(229)) - 3e502d42-633f-4126-a3a8-4f1bbeec568c@group-A97390A5A8F4-SegmentedRaftLogWorker close()
2020-06-03 15:19:23,700 [ForkJoinPool.commonPool-worker-1] INFO  metrics.RatisMetrics (RatisMetrics.java:unregister(46)) - Unregistering Metrics Registry : ratis.log_worker.6ec6622b-874a-4105-ad29-8c51f142f239
2020-06-03 15:19:23,700 [ForkJoinPool.commonPool-worker-1] INFO  metrics.RatisMetrics (RatisMetrics.java:unregister(46)) - Unregistering Metrics Registry : ratis.leader_election.6ec6622b-874a-4105-ad29-8c51f142f239@group-18E1D5714A48
2020-06-03 15:19:23,700 [ForkJoinPool.commonPool-worker-1] INFO  metrics.RatisMetrics (RatisMetrics.java:unregister(46)) - Unregistering Metrics Registry : ratis.server.6ec6622b-874a-4105-ad29-8c51f142f239@group-18E1D5714A48
2020-06-03 15:19:23,700 [ForkJoinPool.commonPool-worker-1] INFO  impl.RaftServerImpl (RaftServerImpl.java:lambda$shutdown$3(250)) - 6ec6622b-874a-4105-ad29-8c51f142f239@group-309D2F0730DD: shutdown
2020-06-03 15:19:23,700 [ForkJoinPool.commonPool-worker-1] INFO  util.JmxRegister (JmxRegister.java:unregister(73)) - Successfully un-registered JMX Bean with object name Ratis:service=RaftServer,group=group-309D2F0730DD,id=6ec6622b-874a-4105-ad29-8c51f142f239
2020-06-03 15:19:23,700 [ForkJoinPool.commonPool-worker-1] INFO  impl.RoleInfo (RoleInfo.java:shutdownLeaderState(104)) - 6ec6622b-874a-4105-ad29-8c51f142f239: shutdown LeaderState
2020-06-03 15:19:23,700 [ForkJoinPool.commonPool-worker-1] INFO  impl.PendingRequests (PendingRequests.java:sendNotLeaderResponses(242)) - 6ec6622b-874a-4105-ad29-8c51f142f239@group-309D2F0730DD-PendingRequests: sendNotLeaderResponses
2020-06-03 15:19:23,701 [ForkJoinPool.commonPool-worker-1] INFO  metrics.RatisMetrics (RatisMetrics.java:unregister(46)) - Unregistering Metrics Registry : ratis.log_appender.6ec6622b-874a-4105-ad29-8c51f142f239@group-309D2F0730DD
2020-06-03 15:19:23,701 [ForkJoinPool.commonPool-worker-1] INFO  impl.StateMachineUpdater (StateMachineUpdater.java:stopAndJoin(142)) - 6ec6622b-874a-4105-ad29-8c51f142f239@group-309D2F0730DD-StateMachineUpdater: set stopIndex = 0
2020-06-03 15:19:23,700 [Listener at 127.0.0.1/39701] INFO  metrics.RatisMetrics (RatisMetrics.java:unregister(46)) - Unregistering Metrics Registry : ratis.log_worker.3e502d42-633f-4126-a3a8-4f1bbeec568c
2020-06-03 15:19:23,701 [6ec6622b-874a-4105-ad29-8c51f142f239@group-309D2F0730DD-StateMachineUpdater] INFO  ratis.ContainerStateMachine (ContainerStateMachine.java:takeSnapshot(288)) - group-309D2F0730DD: Taking a snapshot at:(t:1, i:0) file /github/workspace/mnt/ozone/hadoop-ozone/integration-test/target/test-dir/MiniOzoneClusterImpl-93e83c9e-276a-4dbb-b3a7-721354e8147f/datanode-1/data/ratis/92db0bb1-1faf-49d6-874b-309d2f0730dd/sm/snapshot.1_0
2020-06-03 15:19:23,701 [Listener at 127.0.0.1/39701] INFO  metrics.RatisMetrics (RatisMetrics.java:unregister(46)) - Unregistering Metrics Registry : ratis.leader_election.3e502d42-633f-4126-a3a8-4f1bbeec568c@group-A97390A5A8F4
2020-06-03 15:19:23,702 [Listener at 127.0.0.1/39701] INFO  metrics.RatisMetrics (RatisMetrics.java:unregister(46)) - Unregistering Metrics Registry : ratis.server.3e502d42-633f-4126-a3a8-4f1bbeec568c@group-A97390A5A8F4
2020-06-03 15:19:23,703 [Listener at 127.0.0.1/39701] INFO  impl.RaftServerImpl (RaftServerImpl.java:lambda$shutdown$3(250)) - 3e502d42-633f-4126-a3a8-4f1bbeec568c@group-E5368276DE73: shutdown
2020-06-03 15:19:23,703 [Listener at 127.0.0.1/39701] INFO  util.JmxRegister (JmxRegister.java:unregister(73)) - Successfully un-registered JMX Bean with object name Ratis:service=RaftServer,group=group-E5368276DE73,id=3e502d42-633f-4126-a3a8-4f1bbeec568c
2020-06-03 15:19:23,703 [Listener at 127.0.0.1/39701] INFO  impl.RoleInfo (RoleInfo.java:shutdownFollowerState(121)) - 3e502d42-633f-4126-a3a8-4f1bbeec568c: shutdown FollowerState
2020-06-03 15:19:23,703 [Listener at 127.0.0.1/39701] INFO  impl.StateMachineUpdater (StateMachineUpdater.java:stopAndJoin(142)) - 3e502d42-633f-4126-a3a8-4f1bbeec568c@group-E5368276DE73-StateMachineUpdater: set stopIndex = 0
2020-06-03 15:19:23,703 [Thread-631] INFO  impl.FollowerState (FollowerState.java:run(117)) - 3e502d42-633f-4126-a3a8-4f1bbeec568c@group-E5368276DE73-FollowerState was interrupted: java.lang.InterruptedException: sleep interrupted
2020-06-03 15:19:23,703 [3e502d42-633f-4126-a3a8-4f1bbeec568c@group-E5368276DE73-StateMachineUpdater] INFO  ratis.ContainerStateMachine (ContainerStateMachine.java:takeSnapshot(288)) - group-E5368276DE73: Taking a snapshot at:(t:1, i:0) file /github/workspace/mnt/ozone/hadoop-ozone/integration-test/target/test-dir/MiniOzoneClusterImpl-93e83c9e-276a-4dbb-b3a7-721354e8147f/datanode-4/data/ratis/1b2c9c9f-9804-4009-ac03-e5368276de73/sm/snapshot.1_0
2020-06-03 15:19:23,702 [6ec6622b-874a-4105-ad29-8c51f142f239@group-309D2F0730DD-StateMachineUpdater] INFO  ratis.ContainerStateMachine (ContainerStateMachine.java:takeSnapshot(299)) - group-309D2F0730DD: Finished taking a snapshot at:(t:1, i:0) file:/github/workspace/mnt/ozone/hadoop-ozone/integration-test/target/test-dir/MiniOzoneClusterImpl-93e83c9e-276a-4dbb-b3a7-721354e8147f/datanode-1/data/ratis/92db0bb1-1faf-49d6-874b-309d2f0730dd/sm/snapshot.1_0 time:1
2020-06-03 15:19:23,703 [6ec6622b-874a-4105-ad29-8c51f142f239@group-309D2F0730DD-StateMachineUpdater] INFO  impl.StateMachineUpdater (StateMachineUpdater.java:takeSnapshot(277)) - 6ec6622b-874a-4105-ad29-8c51f142f239@group-309D2F0730DD-StateMachineUpdater: Took a snapshot at index 0
2020-06-03 15:19:23,704 [6ec6622b-874a-4105-ad29-8c51f142f239@group-309D2F0730DD-StateMachineUpdater] INFO  impl.StateMachineUpdater (StateMachineUpdater.java:lambda$new$0(87)) - 6ec6622b-874a-4105-ad29-8c51f142f239@group-309D2F0730DD-StateMachineUpdater: snapshotIndex: updateIncreasingly -1 -> 0
2020-06-03 15:19:23,704 [6ec6622b-874a-4105-ad29-8c51f142f239@group-309D2F0730DD-StateMachineUpdater] INFO  metrics.RatisMetrics (RatisMetrics.java:unregister(46)) - Unregistering Metrics Registry : ratis.state_machine.6ec6622b-874a-4105-ad29-8c51f142f239@group-309D2F0730DD
2020-06-03 15:19:23,704 [ForkJoinPool.commonPool-worker-1] INFO  impl.RaftServerImpl (ServerState.java:close(387)) - 6ec6622b-874a-4105-ad29-8c51f142f239@group-309D2F0730DD: closes. applyIndex: 0
2020-06-03 15:19:23,705 [6ec6622b-874a-4105-ad29-8c51f142f239@group-309D2F0730DD-SegmentedRaftLogWorker] INFO  segmented.SegmentedRaftLogWorker (SegmentedRaftLogWorker.java:run(321)) - 6ec6622b-874a-4105-ad29-8c51f142f239@group-309D2F0730DD-SegmentedRaftLogWorker was interrupted, exiting. There are 0 tasks remaining in the queue.
2020-06-03 15:19:23,705 [3e502d42-633f-4126-a3a8-4f1bbeec568c@group-E5368276DE73-StateMachineUpdater] INFO  ratis.ContainerStateMachine (ContainerStateMachine.java:takeSnapshot(299)) - group-E5368276DE73: Finished taking a snapshot at:(t:1, i:0) file:/github/workspace/mnt/ozone/hadoop-ozone/integration-test/target/test-dir/MiniOzoneClusterImpl-93e83c9e-276a-4dbb-b3a7-721354e8147f/datanode-4/data/ratis/1b2c9c9f-9804-4009-ac03-e5368276de73/sm/snapshot.1_0 time:2
2020-06-03 15:19:23,705 [3e502d42-633f-4126-a3a8-4f1bbeec568c@group-E5368276DE73-StateMachineUpdater] INFO  impl.StateMachineUpdater (StateMachineUpdater.java:takeSnapshot(277)) - 3e502d42-633f-4126-a3a8-4f1bbeec568c@group-E5368276DE73-StateMachineUpdater: Took a snapshot at index 0
2020-06-03 15:19:23,710 [3e502d42-633f-4126-a3a8-4f1bbeec568c@group-E5368276DE73-StateMachineUpdater] INFO  impl.StateMachineUpdater (StateMachineUpdater.java:lambda$new$0(87)) - 3e502d42-633f-4126-a3a8-4f1bbeec568c@group-E5368276DE73-StateMachineUpdater: snapshotIndex: updateIncreasingly -1 -> 0
2020-06-03 15:19:23,710 [ForkJoinPool.commonPool-worker-1] INFO  segmented.SegmentedRaftLogWorker (SegmentedRaftLogWorker.java:close(229)) - 6ec6622b-874a-4105-ad29-8c51f142f239@group-309D2F0730DD-SegmentedRaftLogWorker close()
2020-06-03 15:19:23,710 [3e502d42-633f-4126-a3a8-4f1bbeec568c@group-E5368276DE73-StateMachineUpdater] INFO  metrics.RatisMetrics (RatisMetrics.java:unregister(46)) - Unregistering Metrics Registry : ratis.state_machine.3e502d42-633f-4126-a3a8-4f1bbeec568c@group-E5368276DE73
2020-06-03 15:19:23,712 [ForkJoinPool.commonPool-worker-1] INFO  metrics.RatisMetrics (RatisMetrics.java:unregister(46)) - Unregistering Metrics Registry : ratis.log_worker.6ec6622b-874a-4105-ad29-8c51f142f239
2020-06-03 15:19:23,712 [ForkJoinPool.commonPool-worker-1] INFO  metrics.RatisMetrics (RatisMetrics.java:unregister(46)) - Unregistering Metrics Registry : ratis.leader_election.6ec6622b-874a-4105-ad29-8c51f142f239@group-309D2F0730DD
2020-06-03 15:19:23,712 [ForkJoinPool.commonPool-worker-1] INFO  metrics.RatisMetrics (RatisMetrics.java:unregister(46)) - Unregistering Metrics Registry : ratis.server.6ec6622b-874a-4105-ad29-8c51f142f239@group-309D2F0730DD
2020-06-03 15:19:23,712 [ForkJoinPool.commonPool-worker-1] INFO  server.GrpcService (GrpcService.java:closeImpl(165)) - 6ec6622b-874a-4105-ad29-8c51f142f239: shutdown server with port 38415 now
2020-06-03 15:19:23,712 [Listener at 127.0.0.1/39701] INFO  impl.RaftServerImpl (ServerState.java:close(387)) - 3e502d42-633f-4126-a3a8-4f1bbeec568c@group-E5368276DE73: closes. applyIndex: 0
2020-06-03 15:19:23,713 [3e502d42-633f-4126-a3a8-4f1bbeec568c@group-E5368276DE73-SegmentedRaftLogWorker] INFO  segmented.SegmentedRaftLogWorker (SegmentedRaftLogWorker.java:run(321)) - 3e502d42-633f-4126-a3a8-4f1bbeec568c@group-E5368276DE73-SegmentedRaftLogWorker was interrupted, exiting. There are 0 tasks remaining in the queue.
2020-06-03 15:19:23,713 [ForkJoinPool.commonPool-worker-1] INFO  server.GrpcService (GrpcService.java:closeImpl(173)) - 6ec6622b-874a-4105-ad29-8c51f142f239: shutdown server with port 38415 successfully
2020-06-03 15:19:23,715 [Listener at 127.0.0.1/39701] INFO  segmented.SegmentedRaftLogWorker (SegmentedRaftLogWorker.java:close(229)) - 3e502d42-633f-4126-a3a8-4f1bbeec568c@group-E5368276DE73-SegmentedRaftLogWorker close()
2020-06-03 15:19:23,716 [ForkJoinPool.commonPool-worker-1] INFO  utils.BackgroundService (BackgroundService.java:shutdown(157)) - Shutting down service BlockDeletingService
2020-06-03 15:19:23,717 [Listener at 127.0.0.1/39701] INFO  metrics.RatisMetrics (RatisMetrics.java:unregister(46)) - Unregistering Metrics Registry : ratis.log_worker.3e502d42-633f-4126-a3a8-4f1bbeec568c
2020-06-03 15:19:23,717 [Listener at 127.0.0.1/39701] INFO  metrics.RatisMetrics (RatisMetrics.java:unregister(46)) - Unregistering Metrics Registry : ratis.leader_election.3e502d42-633f-4126-a3a8-4f1bbeec568c@group-E5368276DE73
2020-06-03 15:19:23,717 [Listener at 127.0.0.1/39701] INFO  metrics.RatisMetrics (RatisMetrics.java:unregister(46)) - Unregistering Metrics Registry : ratis.server.3e502d42-633f-4126-a3a8-4f1bbeec568c@group-E5368276DE73
2020-06-03 15:19:23,718 [Listener at 127.0.0.1/39701] INFO  server.GrpcService (GrpcService.java:closeImpl(165)) - 3e502d42-633f-4126-a3a8-4f1bbeec568c: shutdown server with port 39147 now
2020-06-03 15:19:23,719 [grpc-default-executor-6] WARN  server.GrpcServerProtocolService (LogUtils.java:warn(122)) - 3e502d42-633f-4126-a3a8-4f1bbeec568c: installSnapshot onError, lastRequest: 48947e53-0809-4443-b86e-4d7be828377d->3e502d42-633f-4126-a3a8-4f1bbeec568c#1-t1, previous=(t:0, i:0), leaderCommit=-1, initializing? false, entries: size=1, first=(t:1, i:0), CONFIGURATIONENTRY: org.apache.ratis.thirdparty.io.grpc.StatusRuntimeException: CANCELLED: cancelled before receiving half close
2020-06-03 15:19:23,719 [Listener at 127.0.0.1/39701] INFO  server.GrpcService (GrpcService.java:closeImpl(173)) - 3e502d42-633f-4126-a3a8-4f1bbeec568c: shutdown server with port 39147 successfully
2020-06-03 15:19:23,719 [Listener at 127.0.0.1/39701] INFO  utils.BackgroundService (BackgroundService.java:shutdown(157)) - Shutting down service BlockDeletingService
2020-06-03 15:19:23,721 [grpc-default-executor-9] WARN  server.GrpcLogAppender (LogUtils.java:warn(122)) - 48947e53-0809-4443-b86e-4d7be828377d@group-E5368276DE73->3e502d42-633f-4126-a3a8-4f1bbeec568c-AppendLogResponseHandler: Failed appendEntries: org.apache.ratis.thirdparty.io.grpc.StatusRuntimeException: CANCELLED: HTTP/2 error code: CANCEL
Received Rst Stream
2020-06-03 15:19:23,722 [grpc-default-executor-9] INFO  impl.FollowerInfo (FollowerInfo.java:lambda$new$0(50)) - 48947e53-0809-4443-b86e-4d7be828377d@group-E5368276DE73->3e502d42-633f-4126-a3a8-4f1bbeec568c: nextIndex: updateUnconditionally 1 -> 0
2020-06-03 15:19:23,723 [ForkJoinPool.commonPool-worker-1] INFO  statemachine.DatanodeStateMachine (DatanodeStateMachine.java:stopDaemon(424)) - Ozone container server stopped.
2020-06-03 15:19:23,728 [Listener at 127.0.0.1/39701] INFO  statemachine.DatanodeStateMachine (DatanodeStateMachine.java:stopDaemon(424)) - Ozone container server stopped.
2020-06-03 15:19:23,728 [Listener at 127.0.0.1/39701] INFO  handler.ContextHandler (ContextHandler.java:doStop(1016)) - Stopped o.e.j.w.WebAppContext@2f261e0b{hddsDatanode,/,null,UNAVAILABLE}{jar:file:/home/user/.m2/repository/org/apache/hadoop/hadoop-hdds-container-service/0.6.0-SNAPSHOT/hadoop-hdds-container-service-0.6.0-SNAPSHOT.jar!/webapps/hddsDatanode}
2020-06-03 15:19:23,729 [Listener at 127.0.0.1/39701] INFO  server.AbstractConnector (AbstractConnector.java:doStop(380)) - Stopped ServerConnector@1e24c32b{HTTP/1.1,[http/1.1]}{0.0.0.0:0}
2020-06-03 15:19:23,729 [Listener at 127.0.0.1/39701] INFO  server.session (HouseKeeper.java:stopScavenging(158)) - node0 Stopped scavenging
2020-06-03 15:19:23,729 [Listener at 127.0.0.1/39701] INFO  handler.ContextHandler (ContextHandler.java:doStop(1016)) - Stopped o.e.j.s.ServletContextHandler@46424b50{static,/static,jar:file:/home/user/.m2/repository/org/apache/hadoop/hadoop-hdds-container-service/0.6.0-SNAPSHOT/hadoop-hdds-container-service-0.6.0-SNAPSHOT.jar!/webapps/static,UNAVAILABLE}
2020-06-03 15:19:23,729 [Listener at 127.0.0.1/39701] INFO  handler.ContextHandler (ContextHandler.java:doStop(1016)) - Stopped o.e.j.s.ServletContextHandler@78a8513{logs,/logs,file:///github/workspace/mnt/ozone/hadoop-ozone/integration-test/target/log,UNAVAILABLE}
2020-06-03 15:19:23,733 [ForkJoinPool.commonPool-worker-1] INFO  handler.ContextHandler (ContextHandler.java:doStop(1016)) - Stopped o.e.j.w.WebAppContext@626da583{hddsDatanode,/,null,UNAVAILABLE}{jar:file:/home/user/.m2/repository/org/apache/hadoop/hadoop-hdds-container-service/0.6.0-SNAPSHOT/hadoop-hdds-container-service-0.6.0-SNAPSHOT.jar!/webapps/hddsDatanode}
2020-06-03 15:19:23,734 [ForkJoinPool.commonPool-worker-1] INFO  server.AbstractConnector (AbstractConnector.java:doStop(380)) - Stopped ServerConnector@13b22a3f{HTTP/1.1,[http/1.1]}{0.0.0.0:0}
2020-06-03 15:19:23,734 [ForkJoinPool.commonPool-worker-1] INFO  server.session (HouseKeeper.java:stopScavenging(158)) - node0 Stopped scavenging
2020-06-03 15:19:23,734 [ForkJoinPool.commonPool-worker-1] INFO  handler.ContextHandler (ContextHandler.java:doStop(1016)) - Stopped o.e.j.s.ServletContextHandler@75a3362{static,/static,jar:file:/home/user/.m2/repository/org/apache/hadoop/hadoop-hdds-container-service/0.6.0-SNAPSHOT/hadoop-hdds-container-service-0.6.0-SNAPSHOT.jar!/webapps/static,UNAVAILABLE}
2020-06-03 15:19:23,735 [ForkJoinPool.commonPool-worker-1] INFO  handler.ContextHandler (ContextHandler.java:doStop(1016)) - Stopped o.e.j.s.ServletContextHandler@4b521cd3{logs,/logs,file:///github/workspace/mnt/ozone/hadoop-ozone/integration-test/target/log,UNAVAILABLE}
2020-06-03 15:19:24,273 [Datanode State Machine Thread - 0] INFO  statemachine.DatanodeStateMachine (DatanodeStateMachine.java:lambda$startDaemon$0(376)) - Ozone container server started.
2020-06-03 15:19:24,495 [Datanode State Machine Thread - 0] INFO  statemachine.DatanodeStateMachine (DatanodeStateMachine.java:lambda$startDaemon$0(376)) - Ozone container server started.
2020-06-03 15:19:24,862 [grpc-default-executor-8] WARN  server.GrpcLogAppender (LogUtils.java:warn(122)) - 48947e53-0809-4443-b86e-4d7be828377d@group-E5368276DE73->3e502d42-633f-4126-a3a8-4f1bbeec568c-AppendLogResponseHandler: Failed appendEntries: org.apache.ratis.thirdparty.io.grpc.StatusRuntimeException: UNAVAILABLE: io exception
2020-06-03 15:19:24,865 [grpc-default-executor-8] INFO  impl.FollowerInfo (FollowerInfo.java:lambda$new$0(50)) - 48947e53-0809-4443-b86e-4d7be828377d@group-E5368276DE73->3e502d42-633f-4126-a3a8-4f1bbeec568c: nextIndex: updateUnconditionally 1 -> 0
2020-06-03 15:19:27,365 [grpc-default-executor-9] WARN  server.GrpcLogAppender (LogUtils.java:warn(122)) - 48947e53-0809-4443-b86e-4d7be828377d@group-E5368276DE73->3e502d42-633f-4126-a3a8-4f1bbeec568c-AppendLogResponseHandler: Failed appendEntries: org.apache.ratis.thirdparty.io.grpc.StatusRuntimeException: UNAVAILABLE: io exception
2020-06-03 15:19:27,367 [grpc-default-executor-9] INFO  impl.FollowerInfo (FollowerInfo.java:lambda$new$0(50)) - 48947e53-0809-4443-b86e-4d7be828377d@group-E5368276DE73->3e502d42-633f-4126-a3a8-4f1bbeec568c: nextIndex: updateUnconditionally 1 -> 0
2020-06-03 15:19:28,285 [Thread-616] INFO  impl.FollowerState (FollowerState.java:run(108)) - 1e3e64b2-ca5c-45b2-a309-40d7e3e20788@group-18E1D5714A48-FollowerState: change to CANDIDATE, lastRpcTime:5763ms, electionTimeout:5039ms
2020-06-03 15:19:28,285 [Thread-616] INFO  impl.RoleInfo (RoleInfo.java:shutdownFollowerState(121)) - 1e3e64b2-ca5c-45b2-a309-40d7e3e20788: shutdown FollowerState
2020-06-03 15:19:28,285 [Thread-616] INFO  impl.RaftServerImpl (RaftServerImpl.java:setRole(173)) - 1e3e64b2-ca5c-45b2-a309-40d7e3e20788@group-18E1D5714A48: changes role from  FOLLOWER to CANDIDATE at term 1 for changeToCandidate
2020-06-03 15:19:28,285 [Thread-616] INFO  impl.RoleInfo (RoleInfo.java:updateAndGet(143)) - 1e3e64b2-ca5c-45b2-a309-40d7e3e20788: start LeaderElection
2020-06-03 15:19:28,287 [1e3e64b2-ca5c-45b2-a309-40d7e3e20788@group-18E1D5714A48-LeaderElection20] INFO  impl.RaftServerImpl (ServerState.java:setLeader(255)) - 1e3e64b2-ca5c-45b2-a309-40d7e3e20788@group-18E1D5714A48: change Leader from 6ec6622b-874a-4105-ad29-8c51f142f239 to null at term 1 for initElection
2020-06-03 15:19:28,288 [1e3e64b2-ca5c-45b2-a309-40d7e3e20788@group-18E1D5714A48-LeaderElection20] INFO  impl.LeaderElection (LeaderElection.java:askForVotes(206)) - 1e3e64b2-ca5c-45b2-a309-40d7e3e20788@group-18E1D5714A48-LeaderElection20: begin an election at term 2 for 0: [c31126df-e0e6-41a0-b8a6-c917e41713fb:172.17.0.2:43385, 1e3e64b2-ca5c-45b2-a309-40d7e3e20788:172.17.0.2:42877, 6ec6622b-874a-4105-ad29-8c51f142f239:172.17.0.2:38415], old=null
2020-06-03 15:19:28,296 [grpc-default-executor-9] INFO  impl.RaftServerImpl (ServerState.java:setLeader(255)) - c31126df-e0e6-41a0-b8a6-c917e41713fb@group-18E1D5714A48: change Leader from 6ec6622b-874a-4105-ad29-8c51f142f239 to null at term 2 for updateCurrentTerm
2020-06-03 15:19:28,296 [grpc-default-executor-9] INFO  impl.RaftServerImpl (RaftServerImpl.java:setRole(173)) - c31126df-e0e6-41a0-b8a6-c917e41713fb@group-18E1D5714A48: changes role from  FOLLOWER to FOLLOWER at term 2 for recognizeCandidate:1e3e64b2-ca5c-45b2-a309-40d7e3e20788
2020-06-03 15:19:28,296 [grpc-default-executor-9] INFO  impl.RoleInfo (RoleInfo.java:shutdownFollowerState(121)) - c31126df-e0e6-41a0-b8a6-c917e41713fb: shutdown FollowerState
2020-06-03 15:19:28,296 [grpc-default-executor-9] INFO  impl.RoleInfo (RoleInfo.java:updateAndGet(143)) - c31126df-e0e6-41a0-b8a6-c917e41713fb: start FollowerState
2020-06-03 15:19:28,296 [1e3e64b2-ca5c-45b2-a309-40d7e3e20788@group-18E1D5714A48-LeaderElection20] INFO  impl.LeaderElection (LogUtils.java:infoOrTrace(137)) - 1e3e64b2-ca5c-45b2-a309-40d7e3e20788@group-18E1D5714A48-LeaderElection20 got exception when requesting votes: java.util.concurrent.ExecutionException: org.apache.ratis.thirdparty.io.grpc.StatusRuntimeException: UNAVAILABLE: io exception
2020-06-03 15:19:28,296 [Thread-615] INFO  impl.FollowerState (FollowerState.java:run(117)) - c31126df-e0e6-41a0-b8a6-c917e41713fb@group-18E1D5714A48-FollowerState was interrupted: java.lang.InterruptedException: sleep interrupted
2020-06-03 15:19:28,306 [1e3e64b2-ca5c-45b2-a309-40d7e3e20788@group-18E1D5714A48-LeaderElection20] INFO  impl.LeaderElection (LeaderElection.java:logAndReturn(61)) - 1e3e64b2-ca5c-45b2-a309-40d7e3e20788@group-18E1D5714A48-LeaderElection20: Election PASSED; received 1 response(s) [1e3e64b2-ca5c-45b2-a309-40d7e3e20788<-c31126df-e0e6-41a0-b8a6-c917e41713fb#0:OK-t2] and 1 exception(s); 1e3e64b2-ca5c-45b2-a309-40d7e3e20788@group-18E1D5714A48:t2, leader=null, voted=1e3e64b2-ca5c-45b2-a309-40d7e3e20788, raftlog=1e3e64b2-ca5c-45b2-a309-40d7e3e20788@group-18E1D5714A48-SegmentedRaftLog:OPENED:c0,f4,i4, conf=0: [c31126df-e0e6-41a0-b8a6-c917e41713fb:172.17.0.2:43385, 1e3e64b2-ca5c-45b2-a309-40d7e3e20788:172.17.0.2:42877, 6ec6622b-874a-4105-ad29-8c51f142f239:172.17.0.2:38415], old=null
2020-06-03 15:19:28,306 [1e3e64b2-ca5c-45b2-a309-40d7e3e20788@group-18E1D5714A48-LeaderElection20] INFO  impl.LeaderElection (LogUtils.java:infoOrTrace(137)) -   Exception 0: java.util.concurrent.ExecutionException: org.apache.ratis.thirdparty.io.grpc.StatusRuntimeException: UNAVAILABLE: io exception
2020-06-03 15:19:28,306 [1e3e64b2-ca5c-45b2-a309-40d7e3e20788@group-18E1D5714A48-LeaderElection20] INFO  impl.RoleInfo (RoleInfo.java:shutdownLeaderElection(134)) - 1e3e64b2-ca5c-45b2-a309-40d7e3e20788: shutdown LeaderElection
2020-06-03 15:19:28,306 [1e3e64b2-ca5c-45b2-a309-40d7e3e20788@group-18E1D5714A48-LeaderElection20] INFO  impl.RaftServerImpl (RaftServerImpl.java:setRole(173)) - 1e3e64b2-ca5c-45b2-a309-40d7e3e20788@group-18E1D5714A48: changes role from CANDIDATE to LEADER at term 2 for changeToLeader
2020-06-03 15:19:28,306 [1e3e64b2-ca5c-45b2-a309-40d7e3e20788@group-18E1D5714A48-LeaderElection20] INFO  ratis.XceiverServerRatis (XceiverServerRatis.java:handleLeaderChangedNotification(762)) - Leader change notification received for group: group-18E1D5714A48 with new leaderId: 1e3e64b2-ca5c-45b2-a309-40d7e3e20788
2020-06-03 15:19:28,306 [1e3e64b2-ca5c-45b2-a309-40d7e3e20788@group-18E1D5714A48-LeaderElection20] INFO  impl.RaftServerImpl (ServerState.java:setLeader(255)) - 1e3e64b2-ca5c-45b2-a309-40d7e3e20788@group-18E1D5714A48: change Leader from null to 1e3e64b2-ca5c-45b2-a309-40d7e3e20788 at term 2 for becomeLeader, leader elected after 19ms
2020-06-03 15:19:28,306 [1e3e64b2-ca5c-45b2-a309-40d7e3e20788@group-18E1D5714A48-LeaderElection20] INFO  server.RaftServerConfigKeys (ConfUtils.java:logGet(44)) - raft.server.staging.catchup.gap = 1000 (default)
2020-06-03 15:19:28,306 [1e3e64b2-ca5c-45b2-a309-40d7e3e20788@group-18E1D5714A48-LeaderElection20] INFO  server.RaftServerConfigKeys (ConfUtils.java:logGet(44)) - raft.server.rpc.sleep.time = 25ms (default)
2020-06-03 15:19:28,306 [1e3e64b2-ca5c-45b2-a309-40d7e3e20788@group-18E1D5714A48-LeaderElection20] INFO  metrics.RatisMetrics (RatisMetrics.java:lambda$create$0(39)) - Creating Metrics Registry : ratis.log_appender.1e3e64b2-ca5c-45b2-a309-40d7e3e20788@group-18E1D5714A48
2020-06-03 15:19:28,307 [1e3e64b2-ca5c-45b2-a309-40d7e3e20788@group-18E1D5714A48-LeaderElection20] INFO  server.RaftServerConfigKeys (ConfUtils.java:logGet(44)) - raft.server.write.element-limit = 1024 (custom)
2020-06-03 15:19:28,307 [1e3e64b2-ca5c-45b2-a309-40d7e3e20788@group-18E1D5714A48-LeaderElection20] INFO  server.RaftServerConfigKeys (ConfUtils.java:logGet(44)) - raft.server.write.byte-limit = 1073741824 (custom)
2020-06-03 15:19:28,307 [1e3e64b2-ca5c-45b2-a309-40d7e3e20788@group-18E1D5714A48-LeaderElection20] INFO  server.RaftServerConfigKeys (ConfUtils.java:logGet(44)) - raft.server.watch.timeout = 3s (custom)
2020-06-03 15:19:28,307 [1e3e64b2-ca5c-45b2-a309-40d7e3e20788@group-18E1D5714A48-LeaderElection20] INFO  server.RaftServerConfigKeys (ConfUtils.java:logGet(44)) - raft.server.watch.timeout.denomination = 1s (default)
2020-06-03 15:19:28,307 [1e3e64b2-ca5c-45b2-a309-40d7e3e20788@group-18E1D5714A48-LeaderElection20] INFO  server.RaftServerConfigKeys (ConfUtils.java:logGet(44)) - raft.server.watch.element-limit = 65536 (default)
2020-06-03 15:19:28,307 [1e3e64b2-ca5c-45b2-a309-40d7e3e20788@group-18E1D5714A48-LeaderElection20] INFO  server.RaftServerConfigKeys (ConfUtils.java:logGet(44)) - raft.server.log.appender.snapshot.chunk.size.max = 16MB (=16777216) (default)
2020-06-03 15:19:28,307 [1e3e64b2-ca5c-45b2-a309-40d7e3e20788@group-18E1D5714A48-LeaderElection20] INFO  server.RaftServerConfigKeys (ConfUtils.java:logGet(44)) - raft.server.log.appender.buffer.byte-limit = 33554432 (custom)
2020-06-03 15:19:28,307 [1e3e64b2-ca5c-45b2-a309-40d7e3e20788@group-18E1D5714A48-LeaderElection20] INFO  server.RaftServerConfigKeys (ConfUtils.java:logGet(44)) - raft.server.log.appender.buffer.element-limit = 1 (custom)
2020-06-03 15:19:28,307 [1e3e64b2-ca5c-45b2-a309-40d7e3e20788@group-18E1D5714A48-LeaderElection20] INFO  grpc.GrpcConfigKeys (ConfUtils.java:logGet(44)) - raft.grpc.server.leader.outstanding.appends.max = 128 (default)
2020-06-03 15:19:28,308 [1e3e64b2-ca5c-45b2-a309-40d7e3e20788@group-18E1D5714A48-LeaderElection20] INFO  server.RaftServerConfigKeys (ConfUtils.java:logGet(44)) - raft.server.rpc.request.timeout = 3s (default)
2020-06-03 15:19:28,308 [1e3e64b2-ca5c-45b2-a309-40d7e3e20788@group-18E1D5714A48-LeaderElection20] INFO  server.RaftServerConfigKeys (ConfUtils.java:logGet(44)) - raft.server.log.appender.install.snapshot.enabled = false (custom)
2020-06-03 15:19:28,309 [1e3e64b2-ca5c-45b2-a309-40d7e3e20788@group-18E1D5714A48-LeaderElection20] INFO  server.RaftServerConfigKeys (ConfUtils.java:logGet(44)) - raft.server.log.appender.snapshot.chunk.size.max = 16MB (=16777216) (default)
2020-06-03 15:19:28,309 [1e3e64b2-ca5c-45b2-a309-40d7e3e20788@group-18E1D5714A48-LeaderElection20] INFO  server.RaftServerConfigKeys (ConfUtils.java:logGet(44)) - raft.server.log.appender.buffer.byte-limit = 33554432 (custom)
2020-06-03 15:19:28,309 [1e3e64b2-ca5c-45b2-a309-40d7e3e20788@group-18E1D5714A48-LeaderElection20] INFO  server.RaftServerConfigKeys (ConfUtils.java:logGet(44)) - raft.server.log.appender.buffer.element-limit = 1 (custom)
2020-06-03 15:19:28,309 [1e3e64b2-ca5c-45b2-a309-40d7e3e20788@group-18E1D5714A48-LeaderElection20] INFO  grpc.GrpcConfigKeys (ConfUtils.java:logGet(44)) - raft.grpc.server.leader.outstanding.appends.max = 128 (default)
2020-06-03 15:19:28,309 [1e3e64b2-ca5c-45b2-a309-40d7e3e20788@group-18E1D5714A48-LeaderElection20] INFO  server.RaftServerConfigKeys (ConfUtils.java:logGet(44)) - raft.server.rpc.request.timeout = 3s (default)
2020-06-03 15:19:28,309 [1e3e64b2-ca5c-45b2-a309-40d7e3e20788@group-18E1D5714A48-LeaderElection20] INFO  server.RaftServerConfigKeys (ConfUtils.java:logGet(44)) - raft.server.log.appender.install.snapshot.enabled = false (custom)
2020-06-03 15:19:28,310 [1e3e64b2-ca5c-45b2-a309-40d7e3e20788@group-18E1D5714A48-LeaderElection20] INFO  impl.RoleInfo (RoleInfo.java:updateAndGet(143)) - 1e3e64b2-ca5c-45b2-a309-40d7e3e20788: start LeaderState
2020-06-03 15:19:28,310 [1e3e64b2-ca5c-45b2-a309-40d7e3e20788@group-18E1D5714A48-LeaderElection20] INFO  segmented.SegmentedRaftLogWorker (SegmentedRaftLogWorker.java:rollLogSegment(396)) - 1e3e64b2-ca5c-45b2-a309-40d7e3e20788@group-18E1D5714A48-SegmentedRaftLogWorker: Rolling segment log-0_4 to index:4
2020-06-03 15:19:28,312 [1e3e64b2-ca5c-45b2-a309-40d7e3e20788@group-18E1D5714A48-SegmentedRaftLogWorker] INFO  segmented.SegmentedRaftLogWorker (SegmentedRaftLogWorker.java:execute(541)) - 1e3e64b2-ca5c-45b2-a309-40d7e3e20788@group-18E1D5714A48-SegmentedRaftLogWorker: Rolled log segment from /github/workspace/mnt/ozone/hadoop-ozone/integration-test/target/test-dir/MiniOzoneClusterImpl-93e83c9e-276a-4dbb-b3a7-721354e8147f/datanode-0/data/ratis/6d9650bf-2f95-4d48-a31c-18e1d5714a48/current/log_inprogress_0 to /github/workspace/mnt/ozone/hadoop-ozone/integration-test/target/test-dir/MiniOzoneClusterImpl-93e83c9e-276a-4dbb-b3a7-721354e8147f/datanode-0/data/ratis/6d9650bf-2f95-4d48-a31c-18e1d5714a48/current/log_0-4
2020-06-03 15:19:28,313 [1e3e64b2-ca5c-45b2-a309-40d7e3e20788@group-18E1D5714A48-LeaderElection20] INFO  impl.RaftServerImpl (ServerState.java:setRaftConf(356)) - 1e3e64b2-ca5c-45b2-a309-40d7e3e20788@group-18E1D5714A48: set configuration 5: [c31126df-e0e6-41a0-b8a6-c917e41713fb:172.17.0.2:43385, 1e3e64b2-ca5c-45b2-a309-40d7e3e20788:172.17.0.2:42877, 6ec6622b-874a-4105-ad29-8c51f142f239:172.17.0.2:38415], old=null at 5
2020-06-03 15:19:28,315 [grpc-default-executor-9] INFO  ratis.XceiverServerRatis (XceiverServerRatis.java:handleLeaderChangedNotification(762)) - Leader change notification received for group: group-18E1D5714A48 with new leaderId: 1e3e64b2-ca5c-45b2-a309-40d7e3e20788
2020-06-03 15:19:28,316 [grpc-default-executor-9] INFO  impl.RaftServerImpl (ServerState.java:setLeader(255)) - c31126df-e0e6-41a0-b8a6-c917e41713fb@group-18E1D5714A48: change Leader from null to 1e3e64b2-ca5c-45b2-a309-40d7e3e20788 at term 2 for appendEntries, leader elected after 19ms
2020-06-03 15:19:28,317 [1e3e64b2-ca5c-45b2-a309-40d7e3e20788@group-18E1D5714A48-SegmentedRaftLogWorker] INFO  segmented.SegmentedRaftLogWorker (SegmentedRaftLogWorker.java:execute(583)) - 1e3e64b2-ca5c-45b2-a309-40d7e3e20788@group-18E1D5714A48-SegmentedRaftLogWorker: created new log segment /github/workspace/mnt/ozone/hadoop-ozone/integration-test/target/test-dir/MiniOzoneClusterImpl-93e83c9e-276a-4dbb-b3a7-721354e8147f/datanode-0/data/ratis/6d9650bf-2f95-4d48-a31c-18e1d5714a48/current/log_inprogress_5
2020-06-03 15:19:28,317 [grpc-default-executor-9] INFO  impl.RaftServerImpl (ServerState.java:setRaftConf(356)) - c31126df-e0e6-41a0-b8a6-c917e41713fb@group-18E1D5714A48: set configuration 5: [c31126df-e0e6-41a0-b8a6-c917e41713fb:172.17.0.2:43385, 1e3e64b2-ca5c-45b2-a309-40d7e3e20788:172.17.0.2:42877, 6ec6622b-874a-4105-ad29-8c51f142f239:172.17.0.2:38415], old=null at 5
2020-06-03 15:19:28,317 [grpc-default-executor-9] INFO  segmented.SegmentedRaftLogWorker (SegmentedRaftLogWorker.java:rollLogSegment(396)) - c31126df-e0e6-41a0-b8a6-c917e41713fb@group-18E1D5714A48-SegmentedRaftLogWorker: Rolling segment log-0_4 to index:4
2020-06-03 15:19:28,318 [c31126df-e0e6-41a0-b8a6-c917e41713fb@group-18E1D5714A48-SegmentedRaftLogWorker] INFO  segmented.SegmentedRaftLogWorker (SegmentedRaftLogWorker.java:execute(541)) - c31126df-e0e6-41a0-b8a6-c917e41713fb@group-18E1D5714A48-SegmentedRaftLogWorker: Rolled log segment from /github/workspace/mnt/ozone/hadoop-ozone/integration-test/target/test-dir/MiniOzoneClusterImpl-93e83c9e-276a-4dbb-b3a7-721354e8147f/datanode-2/data/ratis/6d9650bf-2f95-4d48-a31c-18e1d5714a48/current/log_inprogress_0 to /github/workspace/mnt/ozone/hadoop-ozone/integration-test/target/test-dir/MiniOzoneClusterImpl-93e83c9e-276a-4dbb-b3a7-721354e8147f/datanode-2/data/ratis/6d9650bf-2f95-4d48-a31c-18e1d5714a48/current/log_0-4
2020-06-03 15:19:28,319 [c31126df-e0e6-41a0-b8a6-c917e41713fb@group-18E1D5714A48-SegmentedRaftLogWorker] INFO  segmented.SegmentedRaftLogWorker (SegmentedRaftLogWorker.java:execute(583)) - c31126df-e0e6-41a0-b8a6-c917e41713fb@group-18E1D5714A48-SegmentedRaftLogWorker: created new log segment /github/workspace/mnt/ozone/hadoop-ozone/integration-test/target/test-dir/MiniOzoneClusterImpl-93e83c9e-276a-4dbb-b3a7-721354e8147f/datanode-2/data/ratis/6d9650bf-2f95-4d48-a31c-18e1d5714a48/current/log_inprogress_5
2020-06-03 15:19:28,321 [grpc-default-executor-9] WARN  server.GrpcLogAppender (LogUtils.java:warn(122)) - 1e3e64b2-ca5c-45b2-a309-40d7e3e20788@group-18E1D5714A48->6ec6622b-874a-4105-ad29-8c51f142f239-AppendLogResponseHandler: Failed appendEntries: org.apache.ratis.thirdparty.io.grpc.StatusRuntimeException: UNAVAILABLE: io exception
2020-06-03 15:19:28,344 [grpc-default-executor-9] INFO  impl.FollowerInfo (FollowerInfo.java:lambda$new$0(50)) - 1e3e64b2-ca5c-45b2-a309-40d7e3e20788@group-18E1D5714A48->6ec6622b-874a-4105-ad29-8c51f142f239: nextIndex: updateUnconditionally 6 -> 1
2020-06-03 15:19:28,360 [grpc-default-executor-6] WARN  server.GrpcLogAppender (LogUtils.java:warn(122)) - 1e3e64b2-ca5c-45b2-a309-40d7e3e20788@group-18E1D5714A48->6ec6622b-874a-4105-ad29-8c51f142f239-AppendLogResponseHandler: Failed appendEntries: org.apache.ratis.thirdparty.io.grpc.StatusRuntimeException: UNAVAILABLE: io exception
2020-06-03 15:19:28,361 [grpc-default-executor-6] INFO  impl.FollowerInfo (FollowerInfo.java:lambda$new$0(50)) - 1e3e64b2-ca5c-45b2-a309-40d7e3e20788@group-18E1D5714A48->6ec6622b-874a-4105-ad29-8c51f142f239: nextIndex: updateUnconditionally 2 -> 1
2020-06-03 15:19:28,731 [Listener at 127.0.0.1/39701] INFO  ozoneimpl.OzoneContainer (OzoneContainer.java:stop(246)) - Attempting to stop container services.
2020-06-03 15:19:28,731 [Listener at 127.0.0.1/39701] INFO  impl.RaftServerProxy (RaftServerProxy.java:lambda$close$4(314)) - 48947e53-0809-4443-b86e-4d7be828377d: close
2020-06-03 15:19:28,732 [Listener at 127.0.0.1/39701] INFO  impl.RaftServerImpl (RaftServerImpl.java:lambda$shutdown$3(250)) - 48947e53-0809-4443-b86e-4d7be828377d@group-F8503982A8FC: shutdown
2020-06-03 15:19:28,732 [Listener at 127.0.0.1/39701] INFO  util.JmxRegister (JmxRegister.java:unregister(73)) - Successfully un-registered JMX Bean with object name Ratis:service=RaftServer,group=group-F8503982A8FC,id=48947e53-0809-4443-b86e-4d7be828377d
2020-06-03 15:19:28,732 [Listener at 127.0.0.1/39701] INFO  impl.RoleInfo (RoleInfo.java:shutdownLeaderState(104)) - 48947e53-0809-4443-b86e-4d7be828377d: shutdown LeaderState
2020-06-03 15:19:28,732 [Listener at 127.0.0.1/39701] INFO  impl.PendingRequests (PendingRequests.java:sendNotLeaderResponses(242)) - 48947e53-0809-4443-b86e-4d7be828377d@group-F8503982A8FC-PendingRequests: sendNotLeaderResponses
2020-06-03 15:19:28,732 [Listener at 127.0.0.1/39701] INFO  metrics.RatisMetrics (RatisMetrics.java:unregister(46)) - Unregistering Metrics Registry : ratis.log_appender.48947e53-0809-4443-b86e-4d7be828377d@group-F8503982A8FC
2020-06-03 15:19:28,733 [Listener at 127.0.0.1/39701] INFO  impl.StateMachineUpdater (StateMachineUpdater.java:stopAndJoin(142)) - 48947e53-0809-4443-b86e-4d7be828377d@group-F8503982A8FC-StateMachineUpdater: set stopIndex = 0
2020-06-03 15:19:28,733 [48947e53-0809-4443-b86e-4d7be828377d@group-F8503982A8FC-StateMachineUpdater] INFO  ratis.ContainerStateMachine (ContainerStateMachine.java:takeSnapshot(288)) - group-F8503982A8FC: Taking a snapshot at:(t:1, i:0) file /github/workspace/mnt/ozone/hadoop-ozone/integration-test/target/test-dir/MiniOzoneClusterImpl-93e83c9e-276a-4dbb-b3a7-721354e8147f/datanode-3/data/ratis/81d67ba2-b61a-49f3-8839-f8503982a8fc/sm/snapshot.1_0
2020-06-03 15:19:28,734 [48947e53-0809-4443-b86e-4d7be828377d@group-F8503982A8FC-StateMachineUpdater] INFO  ratis.ContainerStateMachine (ContainerStateMachine.java:takeSnapshot(299)) - group-F8503982A8FC: Finished taking a snapshot at:(t:1, i:0) file:/github/workspace/mnt/ozone/hadoop-ozone/integration-test/target/test-dir/MiniOzoneClusterImpl-93e83c9e-276a-4dbb-b3a7-721354e8147f/datanode-3/data/ratis/81d67ba2-b61a-49f3-8839-f8503982a8fc/sm/snapshot.1_0 time:1
2020-06-03 15:19:28,734 [48947e53-0809-4443-b86e-4d7be828377d@group-F8503982A8FC-StateMachineUpdater] INFO  impl.StateMachineUpdater (StateMachineUpdater.java:takeSnapshot(277)) - 48947e53-0809-4443-b86e-4d7be828377d@group-F8503982A8FC-StateMachineUpdater: Took a snapshot at index 0
2020-06-03 15:19:28,734 [48947e53-0809-4443-b86e-4d7be828377d@group-F8503982A8FC-StateMachineUpdater] INFO  impl.StateMachineUpdater (StateMachineUpdater.java:lambda$new$0(87)) - 48947e53-0809-4443-b86e-4d7be828377d@group-F8503982A8FC-StateMachineUpdater: snapshotIndex: updateIncreasingly -1 -> 0
2020-06-03 15:19:28,735 [48947e53-0809-4443-b86e-4d7be828377d@group-F8503982A8FC-StateMachineUpdater] INFO  metrics.RatisMetrics (RatisMetrics.java:unregister(46)) - Unregistering Metrics Registry : ratis.state_machine.48947e53-0809-4443-b86e-4d7be828377d@group-F8503982A8FC
2020-06-03 15:19:28,735 [Listener at 127.0.0.1/39701] INFO  impl.RaftServerImpl (ServerState.java:close(387)) - 48947e53-0809-4443-b86e-4d7be828377d@group-F8503982A8FC: closes. applyIndex: 0
2020-06-03 15:19:28,735 [48947e53-0809-4443-b86e-4d7be828377d@group-F8503982A8FC-SegmentedRaftLogWorker] INFO  segmented.SegmentedRaftLogWorker (SegmentedRaftLogWorker.java:run(321)) - 48947e53-0809-4443-b86e-4d7be828377d@group-F8503982A8FC-SegmentedRaftLogWorker was interrupted, exiting. There are 0 tasks remaining in the queue.
2020-06-03 15:19:28,736 [Listener at 127.0.0.1/39701] INFO  segmented.SegmentedRaftLogWorker (SegmentedRaftLogWorker.java:close(229)) - 48947e53-0809-4443-b86e-4d7be828377d@group-F8503982A8FC-SegmentedRaftLogWorker close()
2020-06-03 15:19:28,737 [ForkJoinPool.commonPool-worker-1] INFO  ozoneimpl.OzoneContainer (OzoneContainer.java:stop(246)) - Attempting to stop container services.
2020-06-03 15:19:28,737 [ForkJoinPool.commonPool-worker-1] INFO  impl.RaftServerProxy (RaftServerProxy.java:lambda$close$4(314)) - c31126df-e0e6-41a0-b8a6-c917e41713fb: close
2020-06-03 15:19:28,737 [ForkJoinPool.commonPool-worker-1] INFO  impl.RaftServerImpl (RaftServerImpl.java:lambda$shutdown$3(250)) - c31126df-e0e6-41a0-b8a6-c917e41713fb@group-18E1D5714A48: shutdown
2020-06-03 15:19:28,738 [ForkJoinPool.commonPool-worker-1] INFO  util.JmxRegister (JmxRegister.java:unregister(73)) - Successfully un-registered JMX Bean with object name Ratis:service=RaftServer,group=group-18E1D5714A48,id=c31126df-e0e6-41a0-b8a6-c917e41713fb
2020-06-03 15:19:28,738 [ForkJoinPool.commonPool-worker-1] INFO  impl.RoleInfo (RoleInfo.java:shutdownFollowerState(121)) - c31126df-e0e6-41a0-b8a6-c917e41713fb: shutdown FollowerState
2020-06-03 15:19:28,738 [ForkJoinPool.commonPool-worker-1] INFO  impl.StateMachineUpdater (StateMachineUpdater.java:stopAndJoin(142)) - c31126df-e0e6-41a0-b8a6-c917e41713fb@group-18E1D5714A48-StateMachineUpdater: set stopIndex = 5
2020-06-03 15:19:28,738 [c31126df-e0e6-41a0-b8a6-c917e41713fb@group-18E1D5714A48-StateMachineUpdater] INFO  ratis.ContainerStateMachine (ContainerStateMachine.java:takeSnapshot(288)) - group-18E1D5714A48: Taking a snapshot at:(t:2, i:5) file /github/workspace/mnt/ozone/hadoop-ozone/integration-test/target/test-dir/MiniOzoneClusterImpl-93e83c9e-276a-4dbb-b3a7-721354e8147f/datanode-2/data/ratis/6d9650bf-2f95-4d48-a31c-18e1d5714a48/sm/snapshot.2_5
2020-06-03 15:19:28,738 [Thread-811] INFO  impl.FollowerState (FollowerState.java:run(117)) - c31126df-e0e6-41a0-b8a6-c917e41713fb@group-18E1D5714A48-FollowerState was interrupted: java.lang.InterruptedException: sleep interrupted
2020-06-03 15:19:28,739 [Listener at 127.0.0.1/39701] INFO  metrics.RatisMetrics (RatisMetrics.java:unregister(46)) - Unregistering Metrics Registry : ratis.log_worker.48947e53-0809-4443-b86e-4d7be828377d
2020-06-03 15:19:28,739 [Listener at 127.0.0.1/39701] INFO  metrics.RatisMetrics (RatisMetrics.java:unregister(46)) - Unregistering Metrics Registry : ratis.leader_election.48947e53-0809-4443-b86e-4d7be828377d@group-F8503982A8FC
2020-06-03 15:19:28,739 [Listener at 127.0.0.1/39701] INFO  metrics.RatisMetrics (RatisMetrics.java:unregister(46)) - Unregistering Metrics Registry : ratis.server.48947e53-0809-4443-b86e-4d7be828377d@group-F8503982A8FC
2020-06-03 15:19:28,739 [c31126df-e0e6-41a0-b8a6-c917e41713fb@group-18E1D5714A48-StateMachineUpdater] INFO  ratis.ContainerStateMachine (ContainerStateMachine.java:takeSnapshot(299)) - group-18E1D5714A48: Finished taking a snapshot at:(t:2, i:5) file:/github/workspace/mnt/ozone/hadoop-ozone/integration-test/target/test-dir/MiniOzoneClusterImpl-93e83c9e-276a-4dbb-b3a7-721354e8147f/datanode-2/data/ratis/6d9650bf-2f95-4d48-a31c-18e1d5714a48/sm/snapshot.2_5 time:1
2020-06-03 15:19:28,739 [Listener at 127.0.0.1/39701] INFO  impl.RaftServerImpl (RaftServerImpl.java:lambda$shutdown$3(250)) - 48947e53-0809-4443-b86e-4d7be828377d@group-E5368276DE73: shutdown
2020-06-03 15:19:28,739 [c31126df-e0e6-41a0-b8a6-c917e41713fb@group-18E1D5714A48-StateMachineUpdater] INFO  impl.StateMachineUpdater (StateMachineUpdater.java:takeSnapshot(277)) - c31126df-e0e6-41a0-b8a6-c917e41713fb@group-18E1D5714A48-StateMachineUpdater: Took a snapshot at index 5
2020-06-03 15:19:28,740 [c31126df-e0e6-41a0-b8a6-c917e41713fb@group-18E1D5714A48-StateMachineUpdater] INFO  impl.StateMachineUpdater (StateMachineUpdater.java:lambda$new$0(87)) - c31126df-e0e6-41a0-b8a6-c917e41713fb@group-18E1D5714A48-StateMachineUpdater: snapshotIndex: updateIncreasingly -1 -> 5
2020-06-03 15:19:28,740 [Listener at 127.0.0.1/39701] INFO  util.JmxRegister (JmxRegister.java:unregister(73)) - Successfully un-registered JMX Bean with object name Ratis:service=RaftServer,group=group-E5368276DE73,id=48947e53-0809-4443-b86e-4d7be828377d
2020-06-03 15:19:28,740 [Listener at 127.0.0.1/39701] INFO  impl.RoleInfo (RoleInfo.java:shutdownLeaderState(104)) - 48947e53-0809-4443-b86e-4d7be828377d: shutdown LeaderState
2020-06-03 15:19:28,740 [c31126df-e0e6-41a0-b8a6-c917e41713fb@group-18E1D5714A48-StateMachineUpdater] INFO  metrics.RatisMetrics (RatisMetrics.java:unregister(46)) - Unregistering Metrics Registry : ratis.state_machine.c31126df-e0e6-41a0-b8a6-c917e41713fb@group-18E1D5714A48
2020-06-03 15:19:28,740 [ForkJoinPool.commonPool-worker-1] INFO  impl.RaftServerImpl (ServerState.java:close(387)) - c31126df-e0e6-41a0-b8a6-c917e41713fb@group-18E1D5714A48: closes. applyIndex: 5
2020-06-03 15:19:28,740 [c31126df-e0e6-41a0-b8a6-c917e41713fb@group-18E1D5714A48-SegmentedRaftLogWorker] INFO  segmented.SegmentedRaftLogWorker (SegmentedRaftLogWorker.java:run(321)) - c31126df-e0e6-41a0-b8a6-c917e41713fb@group-18E1D5714A48-SegmentedRaftLogWorker was interrupted, exiting. There are 0 tasks remaining in the queue.
2020-06-03 15:19:28,741 [org.apache.ratis.server.impl.LogAppender$AppenderDaemon$$Lambda$440/1322653867@3318a34e] WARN  server.GrpcLogAppender (GrpcLogAppender.java:mayWait(153)) - 48947e53-0809-4443-b86e-4d7be828377d@group-E5368276DE73->3e502d42-633f-4126-a3a8-4f1bbeec568c-GrpcLogAppender: Wait interrupted by java.lang.InterruptedException
2020-06-03 15:19:28,742 [ForkJoinPool.commonPool-worker-1] INFO  segmented.SegmentedRaftLogWorker (SegmentedRaftLogWorker.java:close(229)) - c31126df-e0e6-41a0-b8a6-c917e41713fb@group-18E1D5714A48-SegmentedRaftLogWorker close()
2020-06-03 15:19:28,742 [org.apache.ratis.server.impl.LogAppender$AppenderDaemon$$Lambda$440/1322653867@ad1ce6b] WARN  server.GrpcLogAppender (GrpcLogAppender.java:mayWait(153)) - 48947e53-0809-4443-b86e-4d7be828377d@group-E5368276DE73->88470e20-4387-4d75-923d-5048e0fb5f03-GrpcLogAppender: Wait interrupted by java.lang.InterruptedException
2020-06-03 15:19:28,742 [Listener at 127.0.0.1/39701] INFO  impl.PendingRequests (PendingRequests.java:sendNotLeaderResponses(242)) - 48947e53-0809-4443-b86e-4d7be828377d@group-E5368276DE73-PendingRequests: sendNotLeaderResponses
2020-06-03 15:19:28,743 [Listener at 127.0.0.1/39701] INFO  metrics.RatisMetrics (RatisMetrics.java:unregister(46)) - Unregistering Metrics Registry : ratis.log_appender.48947e53-0809-4443-b86e-4d7be828377d@group-E5368276DE73
2020-06-03 15:19:28,743 [grpc-default-executor-6] INFO  server.GrpcServerProtocolService (GrpcServerProtocolService.java:onCompleted(137)) - 88470e20-4387-4d75-923d-5048e0fb5f03: Completed APPEND_ENTRIES, lastRequest: 48947e53-0809-4443-b86e-4d7be828377d->88470e20-4387-4d75-923d-5048e0fb5f03#1-t1, previous=(t:0, i:0), leaderCommit=-1, initializing? false, entries: size=1, first=(t:1, i:0), CONFIGURATIONENTRY
2020-06-03 15:19:28,743 [48947e53-0809-4443-b86e-4d7be828377d@group-E5368276DE73-StateMachineUpdater] INFO  ratis.ContainerStateMachine (ContainerStateMachine.java:takeSnapshot(288)) - group-E5368276DE73: Taking a snapshot at:(t:1, i:0) file /github/workspace/mnt/ozone/hadoop-ozone/integration-test/target/test-dir/MiniOzoneClusterImpl-93e83c9e-276a-4dbb-b3a7-721354e8147f/datanode-3/data/ratis/1b2c9c9f-9804-4009-ac03-e5368276de73/sm/snapshot.1_0
2020-06-03 15:19:28,743 [Listener at 127.0.0.1/39701] INFO  impl.StateMachineUpdater (StateMachineUpdater.java:stopAndJoin(142)) - 48947e53-0809-4443-b86e-4d7be828377d@group-E5368276DE73-StateMachineUpdater: set stopIndex = 0
2020-06-03 15:19:28,743 [grpc-default-executor-9] INFO  server.GrpcLogAppender (GrpcLogAppender.java:onCompleted(309)) - 48947e53-0809-4443-b86e-4d7be828377d@group-E5368276DE73->88470e20-4387-4d75-923d-5048e0fb5f03-AppendLogResponseHandler: follower responses appendEntries COMPLETED
2020-06-03 15:19:28,744 [48947e53-0809-4443-b86e-4d7be828377d@group-E5368276DE73-StateMachineUpdater] INFO  ratis.ContainerStateMachine (ContainerStateMachine.java:takeSnapshot(299)) - group-E5368276DE73: Finished taking a snapshot at:(t:1, i:0) file:/github/workspace/mnt/ozone/hadoop-ozone/integration-test/target/test-dir/MiniOzoneClusterImpl-93e83c9e-276a-4dbb-b3a7-721354e8147f/datanode-3/data/ratis/1b2c9c9f-9804-4009-ac03-e5368276de73/sm/snapshot.1_0 time:1
2020-06-03 15:19:28,747 [48947e53-0809-4443-b86e-4d7be828377d@group-E5368276DE73-StateMachineUpdater] INFO  impl.StateMachineUpdater (StateMachineUpdater.java:takeSnapshot(277)) - 48947e53-0809-4443-b86e-4d7be828377d@group-E5368276DE73-StateMachineUpdater: Took a snapshot at index 0
2020-06-03 15:19:28,747 [48947e53-0809-4443-b86e-4d7be828377d@group-E5368276DE73-StateMachineUpdater] INFO  impl.StateMachineUpdater (StateMachineUpdater.java:lambda$new$0(87)) - 48947e53-0809-4443-b86e-4d7be828377d@group-E5368276DE73-StateMachineUpdater: snapshotIndex: updateIncreasingly -1 -> 0
2020-06-03 15:19:28,747 [48947e53-0809-4443-b86e-4d7be828377d@group-E5368276DE73-StateMachineUpdater] INFO  metrics.RatisMetrics (RatisMetrics.java:unregister(46)) - Unregistering Metrics Registry : ratis.state_machine.48947e53-0809-4443-b86e-4d7be828377d@group-E5368276DE73
2020-06-03 15:19:28,747 [Listener at 127.0.0.1/39701] INFO  impl.RaftServerImpl (ServerState.java:close(387)) - 48947e53-0809-4443-b86e-4d7be828377d@group-E5368276DE73: closes. applyIndex: 0
2020-06-03 15:19:28,748 [48947e53-0809-4443-b86e-4d7be828377d@group-E5368276DE73-SegmentedRaftLogWorker] INFO  segmented.SegmentedRaftLogWorker (SegmentedRaftLogWorker.java:run(321)) - 48947e53-0809-4443-b86e-4d7be828377d@group-E5368276DE73-SegmentedRaftLogWorker was interrupted, exiting. There are 0 tasks remaining in the queue.
2020-06-03 15:19:28,748 [grpc-default-executor-9] INFO  impl.FollowerInfo (FollowerInfo.java:lambda$new$0(50)) - 48947e53-0809-4443-b86e-4d7be828377d@group-E5368276DE73->88470e20-4387-4d75-923d-5048e0fb5f03: nextIndex: updateUnconditionally 1 -> 0
2020-06-03 15:19:28,749 [ForkJoinPool.commonPool-worker-1] INFO  metrics.RatisMetrics (RatisMetrics.java:unregister(46)) - Unregistering Metrics Registry : ratis.log_worker.c31126df-e0e6-41a0-b8a6-c917e41713fb
2020-06-03 15:19:28,749 [ForkJoinPool.commonPool-worker-1] INFO  metrics.RatisMetrics (RatisMetrics.java:unregister(46)) - Unregistering Metrics Registry : ratis.leader_election.c31126df-e0e6-41a0-b8a6-c917e41713fb@group-18E1D5714A48
2020-06-03 15:19:28,749 [ForkJoinPool.commonPool-worker-1] INFO  metrics.RatisMetrics (RatisMetrics.java:unregister(46)) - Unregistering Metrics Registry : ratis.server.c31126df-e0e6-41a0-b8a6-c917e41713fb@group-18E1D5714A48
2020-06-03 15:19:28,749 [ForkJoinPool.commonPool-worker-1] INFO  impl.RaftServerImpl (RaftServerImpl.java:lambda$shutdown$3(250)) - c31126df-e0e6-41a0-b8a6-c917e41713fb@group-D5EC939E43D0: shutdown
2020-06-03 15:19:28,749 [ForkJoinPool.commonPool-worker-1] INFO  util.JmxRegister (JmxRegister.java:unregister(73)) - Successfully un-registered JMX Bean with object name Ratis:service=RaftServer,group=group-D5EC939E43D0,id=c31126df-e0e6-41a0-b8a6-c917e41713fb
2020-06-03 15:19:28,750 [ForkJoinPool.commonPool-worker-1] INFO  impl.RoleInfo (RoleInfo.java:shutdownLeaderState(104)) - c31126df-e0e6-41a0-b8a6-c917e41713fb: shutdown LeaderState
2020-06-03 15:19:28,750 [ForkJoinPool.commonPool-worker-1] INFO  impl.PendingRequests (PendingRequests.java:sendNotLeaderResponses(242)) - c31126df-e0e6-41a0-b8a6-c917e41713fb@group-D5EC939E43D0-PendingRequests: sendNotLeaderResponses
2020-06-03 15:19:28,750 [ForkJoinPool.commonPool-worker-1] INFO  metrics.RatisMetrics (RatisMetrics.java:unregister(46)) - Unregistering Metrics Registry : ratis.log_appender.c31126df-e0e6-41a0-b8a6-c917e41713fb@group-D5EC939E43D0
2020-06-03 15:19:28,750 [ForkJoinPool.commonPool-worker-1] INFO  impl.StateMachineUpdater (StateMachineUpdater.java:stopAndJoin(142)) - c31126df-e0e6-41a0-b8a6-c917e41713fb@group-D5EC939E43D0-StateMachineUpdater: set stopIndex = 0
2020-06-03 15:19:28,750 [Listener at 127.0.0.1/39701] INFO  segmented.SegmentedRaftLogWorker (SegmentedRaftLogWorker.java:close(229)) - 48947e53-0809-4443-b86e-4d7be828377d@group-E5368276DE73-SegmentedRaftLogWorker close()
2020-06-03 15:19:28,750 [c31126df-e0e6-41a0-b8a6-c917e41713fb@group-D5EC939E43D0-StateMachineUpdater] INFO  ratis.ContainerStateMachine (ContainerStateMachine.java:takeSnapshot(288)) - group-D5EC939E43D0: Taking a snapshot at:(t:1, i:0) file /github/workspace/mnt/ozone/hadoop-ozone/integration-test/target/test-dir/MiniOzoneClusterImpl-93e83c9e-276a-4dbb-b3a7-721354e8147f/datanode-2/data/ratis/7eec8102-bf5a-4ed0-86ed-d5ec939e43d0/sm/snapshot.1_0
2020-06-03 15:19:28,752 [Listener at 127.0.0.1/39701] INFO  metrics.RatisMetrics (RatisMetrics.java:unregister(46)) - Unregistering Metrics Registry : ratis.log_worker.48947e53-0809-4443-b86e-4d7be828377d
2020-06-03 15:19:28,752 [Listener at 127.0.0.1/39701] INFO  metrics.RatisMetrics (RatisMetrics.java:unregister(46)) - Unregistering Metrics Registry : ratis.leader_election.48947e53-0809-4443-b86e-4d7be828377d@group-E5368276DE73
2020-06-03 15:19:28,752 [Listener at 127.0.0.1/39701] INFO  metrics.RatisMetrics (RatisMetrics.java:unregister(46)) - Unregistering Metrics Registry : ratis.server.48947e53-0809-4443-b86e-4d7be828377d@group-E5368276DE73
2020-06-03 15:19:28,752 [Listener at 127.0.0.1/39701] INFO  server.GrpcService (GrpcService.java:closeImpl(165)) - 48947e53-0809-4443-b86e-4d7be828377d: shutdown server with port 34143 now
2020-06-03 15:19:28,753 [c31126df-e0e6-41a0-b8a6-c917e41713fb@group-D5EC939E43D0-StateMachineUpdater] INFO  ratis.ContainerStateMachine (ContainerStateMachine.java:takeSnapshot(299)) - group-D5EC939E43D0: Finished taking a snapshot at:(t:1, i:0) file:/github/workspace/mnt/ozone/hadoop-ozone/integration-test/target/test-dir/MiniOzoneClusterImpl-93e83c9e-276a-4dbb-b3a7-721354e8147f/datanode-2/data/ratis/7eec8102-bf5a-4ed0-86ed-d5ec939e43d0/sm/snapshot.1_0 time:3
2020-06-03 15:19:28,753 [c31126df-e0e6-41a0-b8a6-c917e41713fb@group-D5EC939E43D0-StateMachineUpdater] INFO  impl.StateMachineUpdater (StateMachineUpdater.java:takeSnapshot(277)) - c31126df-e0e6-41a0-b8a6-c917e41713fb@group-D5EC939E43D0-StateMachineUpdater: Took a snapshot at index 0
2020-06-03 15:19:28,753 [c31126df-e0e6-41a0-b8a6-c917e41713fb@group-D5EC939E43D0-StateMachineUpdater] INFO  impl.StateMachineUpdater (StateMachineUpdater.java:lambda$new$0(87)) - c31126df-e0e6-41a0-b8a6-c917e41713fb@group-D5EC939E43D0-StateMachineUpdater: snapshotIndex: updateIncreasingly -1 -> 0
2020-06-03 15:19:28,753 [Listener at 127.0.0.1/39701] INFO  server.GrpcService (GrpcService.java:closeImpl(173)) - 48947e53-0809-4443-b86e-4d7be828377d: shutdown server with port 34143 successfully
2020-06-03 15:19:28,753 [c31126df-e0e6-41a0-b8a6-c917e41713fb@group-D5EC939E43D0-StateMachineUpdater] INFO  metrics.RatisMetrics (RatisMetrics.java:unregister(46)) - Unregistering Metrics Registry : ratis.state_machine.c31126df-e0e6-41a0-b8a6-c917e41713fb@group-D5EC939E43D0
2020-06-03 15:19:28,753 [ForkJoinPool.commonPool-worker-1] INFO  impl.RaftServerImpl (ServerState.java:close(387)) - c31126df-e0e6-41a0-b8a6-c917e41713fb@group-D5EC939E43D0: closes. applyIndex: 0
2020-06-03 15:19:28,753 [c31126df-e0e6-41a0-b8a6-c917e41713fb@group-D5EC939E43D0-SegmentedRaftLogWorker] INFO  segmented.SegmentedRaftLogWorker (SegmentedRaftLogWorker.java:run(321)) - c31126df-e0e6-41a0-b8a6-c917e41713fb@group-D5EC939E43D0-SegmentedRaftLogWorker was interrupted, exiting. There are 0 tasks remaining in the queue.
2020-06-03 15:19:28,754 [Listener at 127.0.0.1/39701] INFO  utils.BackgroundService (BackgroundService.java:shutdown(157)) - Shutting down service BlockDeletingService
2020-06-03 15:19:28,754 [ForkJoinPool.commonPool-worker-1] INFO  segmented.SegmentedRaftLogWorker (SegmentedRaftLogWorker.java:close(229)) - c31126df-e0e6-41a0-b8a6-c917e41713fb@group-D5EC939E43D0-SegmentedRaftLogWorker close()
2020-06-03 15:19:28,755 [ForkJoinPool.commonPool-worker-1] INFO  metrics.RatisMetrics (RatisMetrics.java:unregister(46)) - Unregistering Metrics Registry : ratis.log_worker.c31126df-e0e6-41a0-b8a6-c917e41713fb
2020-06-03 15:19:28,755 [ForkJoinPool.commonPool-worker-1] INFO  metrics.RatisMetrics (RatisMetrics.java:unregister(46)) - Unregistering Metrics Registry : ratis.leader_election.c31126df-e0e6-41a0-b8a6-c917e41713fb@group-D5EC939E43D0
2020-06-03 15:19:28,755 [ForkJoinPool.commonPool-worker-1] INFO  metrics.RatisMetrics (RatisMetrics.java:unregister(46)) - Unregistering Metrics Registry : ratis.server.c31126df-e0e6-41a0-b8a6-c917e41713fb@group-D5EC939E43D0
2020-06-03 15:19:28,755 [ForkJoinPool.commonPool-worker-1] INFO  server.GrpcService (GrpcService.java:closeImpl(165)) - c31126df-e0e6-41a0-b8a6-c917e41713fb: shutdown server with port 43385 now
2020-06-03 15:19:28,758 [grpc-default-executor-6] WARN  server.GrpcServerProtocolService (LogUtils.java:warn(122)) - c31126df-e0e6-41a0-b8a6-c917e41713fb: installSnapshot onError, lastRequest: 1e3e64b2-ca5c-45b2-a309-40d7e3e20788->c31126df-e0e6-41a0-b8a6-c917e41713fb#2-t2, previous=(t:2, i:5), leaderCommit=5, initializing? false, entries: size=1, first=(t:2, i:6), METADATAENTRY(c:5): org.apache.ratis.thirdparty.io.grpc.StatusRuntimeException: CANCELLED: cancelled before receiving half close
2020-06-03 15:19:28,758 [ForkJoinPool.commonPool-worker-1] INFO  server.GrpcService (GrpcService.java:closeImpl(173)) - c31126df-e0e6-41a0-b8a6-c917e41713fb: shutdown server with port 43385 successfully
2020-06-03 15:19:28,758 [grpc-default-executor-9] WARN  server.GrpcLogAppender (LogUtils.java:warn(122)) - 1e3e64b2-ca5c-45b2-a309-40d7e3e20788@group-18E1D5714A48->c31126df-e0e6-41a0-b8a6-c917e41713fb-AppendLogResponseHandler: Failed appendEntries: org.apache.ratis.thirdparty.io.grpc.StatusRuntimeException: CANCELLED: HTTP/2 error code: CANCEL
Received Rst Stream
2020-06-03 15:19:28,760 [grpc-default-executor-9] INFO  impl.FollowerInfo (FollowerInfo.java:lambda$new$0(50)) - 1e3e64b2-ca5c-45b2-a309-40d7e3e20788@group-18E1D5714A48->c31126df-e0e6-41a0-b8a6-c917e41713fb: nextIndex: updateUnconditionally 7 -> 6
2020-06-03 15:19:28,760 [ForkJoinPool.commonPool-worker-1] INFO  utils.BackgroundService (BackgroundService.java:shutdown(157)) - Shutting down service BlockDeletingService
2020-06-03 15:19:28,760 [Listener at 127.0.0.1/39701] INFO  statemachine.DatanodeStateMachine (DatanodeStateMachine.java:stopDaemon(424)) - Ozone container server stopped.
2020-06-03 15:19:28,763 [Listener at 127.0.0.1/39701] INFO  handler.ContextHandler (ContextHandler.java:doStop(1016)) - Stopped o.e.j.w.WebAppContext@4ed039c1{hddsDatanode,/,null,UNAVAILABLE}{jar:file:/home/user/.m2/repository/org/apache/hadoop/hadoop-hdds-container-service/0.6.0-SNAPSHOT/hadoop-hdds-container-service-0.6.0-SNAPSHOT.jar!/webapps/hddsDatanode}
2020-06-03 15:19:28,764 [Listener at 127.0.0.1/39701] INFO  server.AbstractConnector (AbstractConnector.java:doStop(380)) - Stopped ServerConnector@d91251b{HTTP/1.1,[http/1.1]}{0.0.0.0:0}
2020-06-03 15:19:28,764 [Listener at 127.0.0.1/39701] INFO  server.session (HouseKeeper.java:stopScavenging(158)) - node0 Stopped scavenging
2020-06-03 15:19:28,765 [Listener at 127.0.0.1/39701] INFO  handler.ContextHandler (ContextHandler.java:doStop(1016)) - Stopped o.e.j.s.ServletContextHandler@79bd3f71{static,/static,jar:file:/home/user/.m2/repository/org/apache/hadoop/hadoop-hdds-container-service/0.6.0-SNAPSHOT/hadoop-hdds-container-service-0.6.0-SNAPSHOT.jar!/webapps/static,UNAVAILABLE}
2020-06-03 15:19:28,765 [Listener at 127.0.0.1/39701] INFO  handler.ContextHandler (ContextHandler.java:doStop(1016)) - Stopped o.e.j.s.ServletContextHandler@46bb4836{logs,/logs,file:///github/workspace/mnt/ozone/hadoop-ozone/integration-test/target/log,UNAVAILABLE}
2020-06-03 15:19:28,769 [ForkJoinPool.commonPool-worker-1] INFO  statemachine.DatanodeStateMachine (DatanodeStateMachine.java:stopDaemon(424)) - Ozone container server stopped.
2020-06-03 15:19:28,772 [ForkJoinPool.commonPool-worker-1] INFO  handler.ContextHandler (ContextHandler.java:doStop(1016)) - Stopped o.e.j.w.WebAppContext@6e0c92c4{hddsDatanode,/,null,UNAVAILABLE}{jar:file:/home/user/.m2/repository/org/apache/hadoop/hadoop-hdds-container-service/0.6.0-SNAPSHOT/hadoop-hdds-container-service-0.6.0-SNAPSHOT.jar!/webapps/hddsDatanode}
2020-06-03 15:19:28,772 [ForkJoinPool.commonPool-worker-1] INFO  server.AbstractConnector (AbstractConnector.java:doStop(380)) - Stopped ServerConnector@6626566c{HTTP/1.1,[http/1.1]}{0.0.0.0:0}
2020-06-03 15:19:28,772 [ForkJoinPool.commonPool-worker-1] INFO  server.session (HouseKeeper.java:stopScavenging(158)) - node0 Stopped scavenging
2020-06-03 15:19:28,774 [ForkJoinPool.commonPool-worker-1] INFO  handler.ContextHandler (ContextHandler.java:doStop(1016)) - Stopped o.e.j.s.ServletContextHandler@326a3992{static,/static,jar:file:/home/user/.m2/repository/org/apache/hadoop/hadoop-hdds-container-service/0.6.0-SNAPSHOT/hadoop-hdds-container-service-0.6.0-SNAPSHOT.jar!/webapps/static,UNAVAILABLE}
2020-06-03 15:19:28,774 [ForkJoinPool.commonPool-worker-1] INFO  handler.ContextHandler (ContextHandler.java:doStop(1016)) - Stopped o.e.j.s.ServletContextHandler@516b1e7b{logs,/logs,file:///github/workspace/mnt/ozone/hadoop-ozone/integration-test/target/log,UNAVAILABLE}
2020-06-03 15:19:29,306 [Datanode State Machine Thread - 0] INFO  statemachine.DatanodeStateMachine (DatanodeStateMachine.java:lambda$startDaemon$0(376)) - Ozone container server started.
2020-06-03 15:19:29,492 [Datanode State Machine Thread - 0] INFO  statemachine.DatanodeStateMachine (DatanodeStateMachine.java:lambda$startDaemon$0(376)) - Ozone container server started.
2020-06-03 15:19:30,854 [grpc-default-executor-9] WARN  server.GrpcLogAppender (LogUtils.java:warn(122)) - 1e3e64b2-ca5c-45b2-a309-40d7e3e20788@group-18E1D5714A48->c31126df-e0e6-41a0-b8a6-c917e41713fb-AppendLogResponseHandler: Failed appendEntries: org.apache.ratis.thirdparty.io.grpc.StatusRuntimeException: UNAVAILABLE: io exception
2020-06-03 15:19:30,856 [grpc-default-executor-9] INFO  impl.FollowerInfo (FollowerInfo.java:lambda$new$0(50)) - 1e3e64b2-ca5c-45b2-a309-40d7e3e20788@group-18E1D5714A48->c31126df-e0e6-41a0-b8a6-c917e41713fb: nextIndex: updateUnconditionally 7 -> 6
2020-06-03 15:19:30,866 [grpc-default-executor-6] WARN  server.GrpcLogAppender (LogUtils.java:warn(122)) - 1e3e64b2-ca5c-45b2-a309-40d7e3e20788@group-18E1D5714A48->6ec6622b-874a-4105-ad29-8c51f142f239-AppendLogResponseHandler: Failed appendEntries: org.apache.ratis.thirdparty.io.grpc.StatusRuntimeException: UNAVAILABLE: io exception
2020-06-03 15:19:30,866 [grpc-default-executor-6] INFO  impl.FollowerInfo (FollowerInfo.java:lambda$new$0(50)) - 1e3e64b2-ca5c-45b2-a309-40d7e3e20788@group-18E1D5714A48->6ec6622b-874a-4105-ad29-8c51f142f239: nextIndex: updateUnconditionally 2 -> 1
2020-06-03 15:19:33,356 [grpc-default-executor-9] WARN  server.GrpcLogAppender (LogUtils.java:warn(122)) - 1e3e64b2-ca5c-45b2-a309-40d7e3e20788@group-18E1D5714A48->c31126df-e0e6-41a0-b8a6-c917e41713fb-AppendLogResponseHandler: Failed appendEntries: org.apache.ratis.thirdparty.io.grpc.StatusRuntimeException: UNAVAILABLE: io exception
2020-06-03 15:19:33,357 [grpc-default-executor-9] INFO  impl.FollowerInfo (FollowerInfo.java:lambda$new$0(50)) - 1e3e64b2-ca5c-45b2-a309-40d7e3e20788@group-18E1D5714A48->c31126df-e0e6-41a0-b8a6-c917e41713fb: nextIndex: updateUnconditionally 7 -> 6
2020-06-03 15:19:33,368 [grpc-default-executor-6] WARN  server.GrpcLogAppender (LogUtils.java:warn(122)) - 1e3e64b2-ca5c-45b2-a309-40d7e3e20788@group-18E1D5714A48->6ec6622b-874a-4105-ad29-8c51f142f239-AppendLogResponseHandler: Failed appendEntries: org.apache.ratis.thirdparty.io.grpc.StatusRuntimeException: UNAVAILABLE: io exception
2020-06-03 15:19:33,370 [grpc-default-executor-6] INFO  impl.FollowerInfo (FollowerInfo.java:lambda$new$0(50)) - 1e3e64b2-ca5c-45b2-a309-40d7e3e20788@group-18E1D5714A48->6ec6622b-874a-4105-ad29-8c51f142f239: nextIndex: updateUnconditionally 2 -> 1
2020-06-03 15:19:33,769 [Listener at 127.0.0.1/39701] INFO  ozoneimpl.OzoneContainer (OzoneContainer.java:stop(246)) - Attempting to stop container services.
2020-06-03 15:19:33,770 [Listener at 127.0.0.1/39701] INFO  impl.RaftServerProxy (RaftServerProxy.java:lambda$close$4(314)) - d8a5a23a-75a8-4ec2-9efd-b06a0dfae0db: close
2020-06-03 15:19:33,770 [Listener at 127.0.0.1/39701] INFO  impl.RaftServerImpl (RaftServerImpl.java:lambda$shutdown$3(250)) - d8a5a23a-75a8-4ec2-9efd-b06a0dfae0db@group-4C1B684B485C: shutdown
2020-06-03 15:19:33,771 [Listener at 127.0.0.1/39701] INFO  util.JmxRegister (JmxRegister.java:unregister(73)) - Successfully un-registered JMX Bean with object name Ratis:service=RaftServer,group=group-4C1B684B485C,id=d8a5a23a-75a8-4ec2-9efd-b06a0dfae0db
2020-06-03 15:19:33,771 [Listener at 127.0.0.1/39701] INFO  impl.RoleInfo (RoleInfo.java:shutdownLeaderState(104)) - d8a5a23a-75a8-4ec2-9efd-b06a0dfae0db: shutdown LeaderState
2020-06-03 15:19:33,771 [Listener at 127.0.0.1/39701] INFO  impl.PendingRequests (PendingRequests.java:sendNotLeaderResponses(242)) - d8a5a23a-75a8-4ec2-9efd-b06a0dfae0db@group-4C1B684B485C-PendingRequests: sendNotLeaderResponses
2020-06-03 15:19:33,771 [Listener at 127.0.0.1/39701] INFO  metrics.RatisMetrics (RatisMetrics.java:unregister(46)) - Unregistering Metrics Registry : ratis.log_appender.d8a5a23a-75a8-4ec2-9efd-b06a0dfae0db@group-4C1B684B485C
2020-06-03 15:19:33,772 [Listener at 127.0.0.1/39701] INFO  impl.StateMachineUpdater (StateMachineUpdater.java:stopAndJoin(142)) - d8a5a23a-75a8-4ec2-9efd-b06a0dfae0db@group-4C1B684B485C-StateMachineUpdater: set stopIndex = 0
2020-06-03 15:19:33,772 [d8a5a23a-75a8-4ec2-9efd-b06a0dfae0db@group-4C1B684B485C-StateMachineUpdater] INFO  ratis.ContainerStateMachine (ContainerStateMachine.java:takeSnapshot(288)) - group-4C1B684B485C: Taking a snapshot at:(t:1, i:0) file /github/workspace/mnt/ozone/hadoop-ozone/integration-test/target/test-dir/MiniOzoneClusterImpl-93e83c9e-276a-4dbb-b3a7-721354e8147f/datanode-6/data/ratis/138e2a16-abac-4404-976d-4c1b684b485c/sm/snapshot.1_0
2020-06-03 15:19:33,773 [d8a5a23a-75a8-4ec2-9efd-b06a0dfae0db@group-4C1B684B485C-StateMachineUpdater] INFO  ratis.ContainerStateMachine (ContainerStateMachine.java:takeSnapshot(299)) - group-4C1B684B485C: Finished taking a snapshot at:(t:1, i:0) file:/github/workspace/mnt/ozone/hadoop-ozone/integration-test/target/test-dir/MiniOzoneClusterImpl-93e83c9e-276a-4dbb-b3a7-721354e8147f/datanode-6/data/ratis/138e2a16-abac-4404-976d-4c1b684b485c/sm/snapshot.1_0 time:1
2020-06-03 15:19:33,773 [d8a5a23a-75a8-4ec2-9efd-b06a0dfae0db@group-4C1B684B485C-StateMachineUpdater] INFO  impl.StateMachineUpdater (StateMachineUpdater.java:takeSnapshot(277)) - d8a5a23a-75a8-4ec2-9efd-b06a0dfae0db@group-4C1B684B485C-StateMachineUpdater: Took a snapshot at index 0
2020-06-03 15:19:33,773 [d8a5a23a-75a8-4ec2-9efd-b06a0dfae0db@group-4C1B684B485C-StateMachineUpdater] INFO  impl.StateMachineUpdater (StateMachineUpdater.java:lambda$new$0(87)) - d8a5a23a-75a8-4ec2-9efd-b06a0dfae0db@group-4C1B684B485C-StateMachineUpdater: snapshotIndex: updateIncreasingly -1 -> 0
2020-06-03 15:19:33,773 [d8a5a23a-75a8-4ec2-9efd-b06a0dfae0db@group-4C1B684B485C-StateMachineUpdater] INFO  metrics.RatisMetrics (RatisMetrics.java:unregister(46)) - Unregistering Metrics Registry : ratis.state_machine.d8a5a23a-75a8-4ec2-9efd-b06a0dfae0db@group-4C1B684B485C
2020-06-03 15:19:33,774 [Listener at 127.0.0.1/39701] INFO  impl.RaftServerImpl (ServerState.java:close(387)) - d8a5a23a-75a8-4ec2-9efd-b06a0dfae0db@group-4C1B684B485C: closes. applyIndex: 0
2020-06-03 15:19:33,774 [d8a5a23a-75a8-4ec2-9efd-b06a0dfae0db@group-4C1B684B485C-SegmentedRaftLogWorker] INFO  segmented.SegmentedRaftLogWorker (SegmentedRaftLogWorker.java:run(321)) - d8a5a23a-75a8-4ec2-9efd-b06a0dfae0db@group-4C1B684B485C-SegmentedRaftLogWorker was interrupted, exiting. There are 0 tasks remaining in the queue.
2020-06-03 15:19:33,775 [Listener at 127.0.0.1/39701] INFO  segmented.SegmentedRaftLogWorker (SegmentedRaftLogWorker.java:close(229)) - d8a5a23a-75a8-4ec2-9efd-b06a0dfae0db@group-4C1B684B485C-SegmentedRaftLogWorker close()
2020-06-03 15:19:33,776 [ForkJoinPool.commonPool-worker-1] INFO  ozoneimpl.OzoneContainer (OzoneContainer.java:stop(246)) - Attempting to stop container services.
2020-06-03 15:19:33,776 [ForkJoinPool.commonPool-worker-1] INFO  impl.RaftServerProxy (RaftServerProxy.java:lambda$close$4(314)) - 1e3e64b2-ca5c-45b2-a309-40d7e3e20788: close
2020-06-03 15:19:33,776 [ForkJoinPool.commonPool-worker-1] INFO  impl.RaftServerImpl (RaftServerImpl.java:lambda$shutdown$3(250)) - 1e3e64b2-ca5c-45b2-a309-40d7e3e20788@group-18E1D5714A48: shutdown
2020-06-03 15:19:33,776 [ForkJoinPool.commonPool-worker-1] INFO  util.JmxRegister (JmxRegister.java:unregister(73)) - Successfully un-registered JMX Bean with object name Ratis:service=RaftServer,group=group-18E1D5714A48,id=1e3e64b2-ca5c-45b2-a309-40d7e3e20788
2020-06-03 15:19:33,776 [ForkJoinPool.commonPool-worker-1] INFO  impl.RoleInfo (RoleInfo.java:shutdownLeaderState(104)) - 1e3e64b2-ca5c-45b2-a309-40d7e3e20788: shutdown LeaderState
2020-06-03 15:19:33,779 [Listener at 127.0.0.1/39701] INFO  metrics.RatisMetrics (RatisMetrics.java:unregister(46)) - Unregistering Metrics Registry : ratis.log_worker.d8a5a23a-75a8-4ec2-9efd-b06a0dfae0db
2020-06-03 15:19:33,779 [Listener at 127.0.0.1/39701] INFO  metrics.RatisMetrics (RatisMetrics.java:unregister(46)) - Unregistering Metrics Registry : ratis.leader_election.d8a5a23a-75a8-4ec2-9efd-b06a0dfae0db@group-4C1B684B485C
2020-06-03 15:19:33,779 [Listener at 127.0.0.1/39701] INFO  metrics.RatisMetrics (RatisMetrics.java:unregister(46)) - Unregistering Metrics Registry : ratis.server.d8a5a23a-75a8-4ec2-9efd-b06a0dfae0db@group-4C1B684B485C
2020-06-03 15:19:33,779 [org.apache.ratis.server.impl.LogAppender$AppenderDaemon$$Lambda$440/1322653867@3b849873] WARN  server.GrpcLogAppender (GrpcLogAppender.java:mayWait(153)) - 1e3e64b2-ca5c-45b2-a309-40d7e3e20788@group-18E1D5714A48->c31126df-e0e6-41a0-b8a6-c917e41713fb-GrpcLogAppender: Wait interrupted by java.lang.InterruptedException
2020-06-03 15:19:33,779 [Listener at 127.0.0.1/39701] INFO  server.GrpcService (GrpcService.java:closeImpl(165)) - d8a5a23a-75a8-4ec2-9efd-b06a0dfae0db: shutdown server with port 40211 now
2020-06-03 15:19:33,780 [ForkJoinPool.commonPool-worker-1] INFO  impl.PendingRequests (PendingRequests.java:sendNotLeaderResponses(242)) - 1e3e64b2-ca5c-45b2-a309-40d7e3e20788@group-18E1D5714A48-PendingRequests: sendNotLeaderResponses
2020-06-03 15:19:33,781 [Listener at 127.0.0.1/39701] INFO  server.GrpcService (GrpcService.java:closeImpl(173)) - d8a5a23a-75a8-4ec2-9efd-b06a0dfae0db: shutdown server with port 40211 successfully
2020-06-03 15:19:33,781 [org.apache.ratis.server.impl.LogAppender$AppenderDaemon$$Lambda$440/1322653867@e213719] WARN  server.GrpcLogAppender (GrpcLogAppender.java:mayWait(153)) - 1e3e64b2-ca5c-45b2-a309-40d7e3e20788@group-18E1D5714A48->6ec6622b-874a-4105-ad29-8c51f142f239-GrpcLogAppender: Wait interrupted by java.lang.InterruptedException
2020-06-03 15:19:33,781 [ForkJoinPool.commonPool-worker-1] INFO  metrics.RatisMetrics (RatisMetrics.java:unregister(46)) - Unregistering Metrics Registry : ratis.log_appender.1e3e64b2-ca5c-45b2-a309-40d7e3e20788@group-18E1D5714A48
2020-06-03 15:19:33,781 [ForkJoinPool.commonPool-worker-1] INFO  impl.StateMachineUpdater (StateMachineUpdater.java:stopAndJoin(142)) - 1e3e64b2-ca5c-45b2-a309-40d7e3e20788@group-18E1D5714A48-StateMachineUpdater: set stopIndex = 6
2020-06-03 15:19:33,783 [1e3e64b2-ca5c-45b2-a309-40d7e3e20788@group-18E1D5714A48-StateMachineUpdater] INFO  ratis.ContainerStateMachine (ContainerStateMachine.java:takeSnapshot(288)) - group-18E1D5714A48: Taking a snapshot at:(t:1, i:0) file /github/workspace/mnt/ozone/hadoop-ozone/integration-test/target/test-dir/MiniOzoneClusterImpl-93e83c9e-276a-4dbb-b3a7-721354e8147f/datanode-0/data/ratis/6d9650bf-2f95-4d48-a31c-18e1d5714a48/sm/snapshot.1_0
2020-06-03 15:19:33,783 [Listener at 127.0.0.1/39701] INFO  utils.BackgroundService (BackgroundService.java:shutdown(157)) - Shutting down service BlockDeletingService
2020-06-03 15:19:33,784 [1e3e64b2-ca5c-45b2-a309-40d7e3e20788@group-18E1D5714A48-StateMachineUpdater] INFO  ratis.ContainerStateMachine (ContainerStateMachine.java:takeSnapshot(299)) - group-18E1D5714A48: Finished taking a snapshot at:(t:1, i:0) file:/github/workspace/mnt/ozone/hadoop-ozone/integration-test/target/test-dir/MiniOzoneClusterImpl-93e83c9e-276a-4dbb-b3a7-721354e8147f/datanode-0/data/ratis/6d9650bf-2f95-4d48-a31c-18e1d5714a48/sm/snapshot.1_0 time:1
2020-06-03 15:19:33,784 [1e3e64b2-ca5c-45b2-a309-40d7e3e20788@group-18E1D5714A48-StateMachineUpdater] INFO  impl.StateMachineUpdater (StateMachineUpdater.java:takeSnapshot(277)) - 1e3e64b2-ca5c-45b2-a309-40d7e3e20788@group-18E1D5714A48-StateMachineUpdater: Took a snapshot at index 0
2020-06-03 15:19:33,784 [1e3e64b2-ca5c-45b2-a309-40d7e3e20788@group-18E1D5714A48-StateMachineUpdater] INFO  impl.StateMachineUpdater (StateMachineUpdater.java:lambda$new$0(87)) - 1e3e64b2-ca5c-45b2-a309-40d7e3e20788@group-18E1D5714A48-StateMachineUpdater: snapshotIndex: updateIncreasingly -1 -> 0
2020-06-03 15:19:33,785 [1e3e64b2-ca5c-45b2-a309-40d7e3e20788@group-18E1D5714A48-StateMachineUpdater] INFO  ratis.ContainerStateMachine (ContainerStateMachine.java:takeSnapshot(288)) - group-18E1D5714A48: Taking a snapshot at:(t:1, i:0) file /github/workspace/mnt/ozone/hadoop-ozone/integration-test/target/test-dir/MiniOzoneClusterImpl-93e83c9e-276a-4dbb-b3a7-721354e8147f/datanode-0/data/ratis/6d9650bf-2f95-4d48-a31c-18e1d5714a48/sm/snapshot.1_0
2020-06-03 15:19:33,785 [Listener at 127.0.0.1/39701] INFO  statemachine.DatanodeStateMachine (DatanodeStateMachine.java:stopDaemon(424)) - Ozone container server stopped.
2020-06-03 15:19:33,786 [Listener at 127.0.0.1/39701] INFO  handler.ContextHandler (ContextHandler.java:doStop(1016)) - Stopped o.e.j.w.WebAppContext@7c5ae087{hddsDatanode,/,null,UNAVAILABLE}{jar:file:/home/user/.m2/repository/org/apache/hadoop/hadoop-hdds-container-service/0.6.0-SNAPSHOT/hadoop-hdds-container-service-0.6.0-SNAPSHOT.jar!/webapps/hddsDatanode}
2020-06-03 15:19:33,787 [1e3e64b2-ca5c-45b2-a309-40d7e3e20788@group-18E1D5714A48-StateMachineUpdater] INFO  ratis.ContainerStateMachine (ContainerStateMachine.java:takeSnapshot(299)) - group-18E1D5714A48: Finished taking a snapshot at:(t:1, i:0) file:/github/workspace/mnt/ozone/hadoop-ozone/integration-test/target/test-dir/MiniOzoneClusterImpl-93e83c9e-276a-4dbb-b3a7-721354e8147f/datanode-0/data/ratis/6d9650bf-2f95-4d48-a31c-18e1d5714a48/sm/snapshot.1_0 time:2
2020-06-03 15:19:33,787 [Listener at 127.0.0.1/39701] INFO  server.AbstractConnector (AbstractConnector.java:doStop(380)) - Stopped ServerConnector@2e77343c{HTTP/1.1,[http/1.1]}{0.0.0.0:0}
2020-06-03 15:19:33,787 [1e3e64b2-ca5c-45b2-a309-40d7e3e20788@group-18E1D5714A48-StateMachineUpdater] INFO  impl.StateMachineUpdater (StateMachineUpdater.java:takeSnapshot(277)) - 1e3e64b2-ca5c-45b2-a309-40d7e3e20788@group-18E1D5714A48-StateMachineUpdater: Took a snapshot at index 0
2020-06-03 15:19:33,787 [1e3e64b2-ca5c-45b2-a309-40d7e3e20788@group-18E1D5714A48-StateMachineUpdater] INFO  impl.StateMachineUpdater (StateMachineUpdater.java:lambda$new$0(87)) - 1e3e64b2-ca5c-45b2-a309-40d7e3e20788@group-18E1D5714A48-StateMachineUpdater: snapshotIndex: updateIncreasingly 0 -> 0
2020-06-03 15:19:33,787 [1e3e64b2-ca5c-45b2-a309-40d7e3e20788@group-18E1D5714A48-StateMachineUpdater] INFO  metrics.RatisMetrics (RatisMetrics.java:unregister(46)) - Unregistering Metrics Registry : ratis.state_machine.1e3e64b2-ca5c-45b2-a309-40d7e3e20788@group-18E1D5714A48
2020-06-03 15:19:33,787 [ForkJoinPool.commonPool-worker-1] INFO  impl.RaftServerImpl (ServerState.java:close(387)) - 1e3e64b2-ca5c-45b2-a309-40d7e3e20788@group-18E1D5714A48: closes. applyIndex: 0
2020-06-03 15:19:33,788 [1e3e64b2-ca5c-45b2-a309-40d7e3e20788@group-18E1D5714A48-SegmentedRaftLogWorker] INFO  segmented.SegmentedRaftLogWorker (SegmentedRaftLogWorker.java:run(321)) - 1e3e64b2-ca5c-45b2-a309-40d7e3e20788@group-18E1D5714A48-SegmentedRaftLogWorker was interrupted, exiting. There are 0 tasks remaining in the queue.
2020-06-03 15:19:33,788 [ForkJoinPool.commonPool-worker-1] INFO  segmented.SegmentedRaftLogWorker (SegmentedRaftLogWorker.java:close(229)) - 1e3e64b2-ca5c-45b2-a309-40d7e3e20788@group-18E1D5714A48-SegmentedRaftLogWorker close()
2020-06-03 15:19:33,788 [ForkJoinPool.commonPool-worker-1] INFO  metrics.RatisMetrics (RatisMetrics.java:unregister(46)) - Unregistering Metrics Registry : ratis.log_worker.1e3e64b2-ca5c-45b2-a309-40d7e3e20788
2020-06-03 15:19:33,788 [ForkJoinPool.commonPool-worker-1] INFO  metrics.RatisMetrics (RatisMetrics.java:unregister(46)) - Unregistering Metrics Registry : ratis.leader_election.1e3e64b2-ca5c-45b2-a309-40d7e3e20788@group-18E1D5714A48
2020-06-03 15:19:33,788 [ForkJoinPool.commonPool-worker-1] INFO  metrics.RatisMetrics (RatisMetrics.java:unregister(46)) - Unregistering Metrics Registry : ratis.server.1e3e64b2-ca5c-45b2-a309-40d7e3e20788@group-18E1D5714A48
2020-06-03 15:19:33,788 [ForkJoinPool.commonPool-worker-1] INFO  impl.RaftServerImpl (RaftServerImpl.java:lambda$shutdown$3(250)) - 1e3e64b2-ca5c-45b2-a309-40d7e3e20788@group-13276BCCE36B: shutdown
2020-06-03 15:19:33,788 [ForkJoinPool.commonPool-worker-1] INFO  util.JmxRegister (JmxRegister.java:unregister(73)) - Successfully un-registered JMX Bean with object name Ratis:service=RaftServer,group=group-13276BCCE36B,id=1e3e64b2-ca5c-45b2-a309-40d7e3e20788
2020-06-03 15:19:33,788 [ForkJoinPool.commonPool-worker-1] INFO  impl.RoleInfo (RoleInfo.java:shutdownLeaderState(104)) - 1e3e64b2-ca5c-45b2-a309-40d7e3e20788: shutdown LeaderState
2020-06-03 15:19:33,789 [ForkJoinPool.commonPool-worker-1] INFO  impl.PendingRequests (PendingRequests.java:sendNotLeaderResponses(242)) - 1e3e64b2-ca5c-45b2-a309-40d7e3e20788@group-13276BCCE36B-PendingRequests: sendNotLeaderResponses
2020-06-03 15:19:33,789 [ForkJoinPool.commonPool-worker-1] INFO  metrics.RatisMetrics (RatisMetrics.java:unregister(46)) - Unregistering Metrics Registry : ratis.log_appender.1e3e64b2-ca5c-45b2-a309-40d7e3e20788@group-13276BCCE36B
2020-06-03 15:19:33,789 [ForkJoinPool.commonPool-worker-1] INFO  impl.StateMachineUpdater (StateMachineUpdater.java:stopAndJoin(142)) - 1e3e64b2-ca5c-45b2-a309-40d7e3e20788@group-13276BCCE36B-StateMachineUpdater: set stopIndex = 0
2020-06-03 15:19:33,789 [Listener at 127.0.0.1/39701] INFO  server.session (HouseKeeper.java:stopScavenging(158)) - node0 Stopped scavenging
2020-06-03 15:19:33,789 [1e3e64b2-ca5c-45b2-a309-40d7e3e20788@group-13276BCCE36B-StateMachineUpdater] INFO  ratis.ContainerStateMachine (ContainerStateMachine.java:takeSnapshot(288)) - group-13276BCCE36B: Taking a snapshot at:(t:1, i:0) file /github/workspace/mnt/ozone/hadoop-ozone/integration-test/target/test-dir/MiniOzoneClusterImpl-93e83c9e-276a-4dbb-b3a7-721354e8147f/datanode-0/data/ratis/5df7a5b5-ff71-437c-ade9-13276bcce36b/sm/snapshot.1_0
2020-06-03 15:19:33,789 [Listener at 127.0.0.1/39701] INFO  handler.ContextHandler (ContextHandler.java:doStop(1016)) - Stopped o.e.j.s.ServletContextHandler@10ba2ccf{static,/static,jar:file:/home/user/.m2/repository/org/apache/hadoop/hadoop-hdds-container-service/0.6.0-SNAPSHOT/hadoop-hdds-container-service-0.6.0-SNAPSHOT.jar!/webapps/static,UNAVAILABLE}
2020-06-03 15:19:33,790 [Listener at 127.0.0.1/39701] INFO  handler.ContextHandler (ContextHandler.java:doStop(1016)) - Stopped o.e.j.s.ServletContextHandler@50c70257{logs,/logs,file:///github/workspace/mnt/ozone/hadoop-ozone/integration-test/target/log,UNAVAILABLE}
2020-06-03 15:19:33,790 [1e3e64b2-ca5c-45b2-a309-40d7e3e20788@group-13276BCCE36B-StateMachineUpdater] INFO  ratis.ContainerStateMachine (ContainerStateMachine.java:takeSnapshot(299)) - group-13276BCCE36B: Finished taking a snapshot at:(t:1, i:0) file:/github/workspace/mnt/ozone/hadoop-ozone/integration-test/target/test-dir/MiniOzoneClusterImpl-93e83c9e-276a-4dbb-b3a7-721354e8147f/datanode-0/data/ratis/5df7a5b5-ff71-437c-ade9-13276bcce36b/sm/snapshot.1_0 time:1
2020-06-03 15:19:33,791 [1e3e64b2-ca5c-45b2-a309-40d7e3e20788@group-13276BCCE36B-StateMachineUpdater] INFO  impl.StateMachineUpdater (StateMachineUpdater.java:takeSnapshot(277)) - 1e3e64b2-ca5c-45b2-a309-40d7e3e20788@group-13276BCCE36B-StateMachineUpdater: Took a snapshot at index 0
2020-06-03 15:19:33,791 [1e3e64b2-ca5c-45b2-a309-40d7e3e20788@group-13276BCCE36B-StateMachineUpdater] INFO  impl.StateMachineUpdater (StateMachineUpdater.java:lambda$new$0(87)) - 1e3e64b2-ca5c-45b2-a309-40d7e3e20788@group-13276BCCE36B-StateMachineUpdater: snapshotIndex: updateIncreasingly -1 -> 0
2020-06-03 15:19:33,791 [1e3e64b2-ca5c-45b2-a309-40d7e3e20788@group-13276BCCE36B-StateMachineUpdater] INFO  metrics.RatisMetrics (RatisMetrics.java:unregister(46)) - Unregistering Metrics Registry : ratis.state_machine.1e3e64b2-ca5c-45b2-a309-40d7e3e20788@group-13276BCCE36B
2020-06-03 15:19:33,791 [ForkJoinPool.commonPool-worker-1] INFO  impl.RaftServerImpl (ServerState.java:close(387)) - 1e3e64b2-ca5c-45b2-a309-40d7e3e20788@group-13276BCCE36B: closes. applyIndex: 0
2020-06-03 15:19:33,791 [1e3e64b2-ca5c-45b2-a309-40d7e3e20788@group-13276BCCE36B-SegmentedRaftLogWorker] INFO  segmented.SegmentedRaftLogWorker (SegmentedRaftLogWorker.java:run(321)) - 1e3e64b2-ca5c-45b2-a309-40d7e3e20788@group-13276BCCE36B-SegmentedRaftLogWorker was interrupted, exiting. There are 0 tasks remaining in the queue.
2020-06-03 15:19:33,791 [ForkJoinPool.commonPool-worker-1] INFO  segmented.SegmentedRaftLogWorker (SegmentedRaftLogWorker.java:close(229)) - 1e3e64b2-ca5c-45b2-a309-40d7e3e20788@group-13276BCCE36B-SegmentedRaftLogWorker close()
2020-06-03 15:19:33,791 [ForkJoinPool.commonPool-worker-1] INFO  metrics.RatisMetrics (RatisMetrics.java:unregister(46)) - Unregistering Metrics Registry : ratis.log_worker.1e3e64b2-ca5c-45b2-a309-40d7e3e20788
2020-06-03 15:19:33,791 [ForkJoinPool.commonPool-worker-1] INFO  metrics.RatisMetrics (RatisMetrics.java:unregister(46)) - Unregistering Metrics Registry : ratis.leader_election.1e3e64b2-ca5c-45b2-a309-40d7e3e20788@group-13276BCCE36B
2020-06-03 15:19:33,792 [ForkJoinPool.commonPool-worker-1] INFO  metrics.RatisMetrics (RatisMetrics.java:unregister(46)) - Unregistering Metrics Registry : ratis.server.1e3e64b2-ca5c-45b2-a309-40d7e3e20788@group-13276BCCE36B
2020-06-03 15:19:33,792 [ForkJoinPool.commonPool-worker-1] INFO  server.GrpcService (GrpcService.java:closeImpl(165)) - 1e3e64b2-ca5c-45b2-a309-40d7e3e20788: shutdown server with port 42877 now
2020-06-03 15:19:33,793 [ForkJoinPool.commonPool-worker-1] INFO  server.GrpcService (GrpcService.java:closeImpl(173)) - 1e3e64b2-ca5c-45b2-a309-40d7e3e20788: shutdown server with port 42877 successfully
2020-06-03 15:19:33,794 [ForkJoinPool.commonPool-worker-1] INFO  utils.BackgroundService (BackgroundService.java:shutdown(157)) - Shutting down service BlockDeletingService
2020-06-03 15:19:33,795 [ForkJoinPool.commonPool-worker-1] INFO  statemachine.DatanodeStateMachine (DatanodeStateMachine.java:stopDaemon(424)) - Ozone container server stopped.
2020-06-03 15:19:33,797 [ForkJoinPool.commonPool-worker-1] INFO  handler.ContextHandler (ContextHandler.java:doStop(1016)) - Stopped o.e.j.w.WebAppContext@2b3f8802{hddsDatanode,/,null,UNAVAILABLE}{jar:file:/home/user/.m2/repository/org/apache/hadoop/hadoop-hdds-container-service/0.6.0-SNAPSHOT/hadoop-hdds-container-service-0.6.0-SNAPSHOT.jar!/webapps/hddsDatanode}
2020-06-03 15:19:33,797 [ForkJoinPool.commonPool-worker-1] INFO  server.AbstractConnector (AbstractConnector.java:doStop(380)) - Stopped ServerConnector@2148bdab{HTTP/1.1,[http/1.1]}{0.0.0.0:0}
2020-06-03 15:19:33,797 [ForkJoinPool.commonPool-worker-1] INFO  server.session (HouseKeeper.java:stopScavenging(158)) - node0 Stopped scavenging
2020-06-03 15:19:33,798 [ForkJoinPool.commonPool-worker-1] INFO  handler.ContextHandler (ContextHandler.java:doStop(1016)) - Stopped o.e.j.s.ServletContextHandler@2fb8936b{static,/static,jar:file:/home/user/.m2/repository/org/apache/hadoop/hadoop-hdds-container-service/0.6.0-SNAPSHOT/hadoop-hdds-container-service-0.6.0-SNAPSHOT.jar!/webapps/static,UNAVAILABLE}
2020-06-03 15:19:33,799 [ForkJoinPool.commonPool-worker-1] INFO  handler.ContextHandler (ContextHandler.java:doStop(1016)) - Stopped o.e.j.s.ServletContextHandler@38e56197{logs,/logs,file:///github/workspace/mnt/ozone/hadoop-ozone/integration-test/target/log,UNAVAILABLE}
2020-06-03 15:19:34,332 [Thread-632] INFO  impl.FollowerState (FollowerState.java:run(108)) - 88470e20-4387-4d75-923d-5048e0fb5f03@group-E5368276DE73-FollowerState: change to CANDIDATE, lastRpcTime:6964ms, electionTimeout:5162ms
2020-06-03 15:19:34,333 [Thread-632] INFO  impl.RoleInfo (RoleInfo.java:shutdownFollowerState(121)) - 88470e20-4387-4d75-923d-5048e0fb5f03: shutdown FollowerState
2020-06-03 15:19:34,333 [Thread-632] INFO  impl.RaftServerImpl (RaftServerImpl.java:setRole(173)) - 88470e20-4387-4d75-923d-5048e0fb5f03@group-E5368276DE73: changes role from  FOLLOWER to CANDIDATE at term 1 for changeToCandidate
2020-06-03 15:19:34,333 [Thread-632] INFO  impl.RoleInfo (RoleInfo.java:updateAndGet(143)) - 88470e20-4387-4d75-923d-5048e0fb5f03: start LeaderElection
2020-06-03 15:19:34,334 [88470e20-4387-4d75-923d-5048e0fb5f03@group-E5368276DE73-LeaderElection21] INFO  impl.RaftServerImpl (ServerState.java:setLeader(255)) - 88470e20-4387-4d75-923d-5048e0fb5f03@group-E5368276DE73: change Leader from 48947e53-0809-4443-b86e-4d7be828377d to null at term 1 for initElection
2020-06-03 15:19:34,336 [88470e20-4387-4d75-923d-5048e0fb5f03@group-E5368276DE73-LeaderElection21] INFO  impl.LeaderElection (LeaderElection.java:askForVotes(206)) - 88470e20-4387-4d75-923d-5048e0fb5f03@group-E5368276DE73-LeaderElection21: begin an election at term 2 for 0: [3e502d42-633f-4126-a3a8-4f1bbeec568c:172.17.0.2:39147, 48947e53-0809-4443-b86e-4d7be828377d:172.17.0.2:34143, 88470e20-4387-4d75-923d-5048e0fb5f03:172.17.0.2:36237], old=null
2020-06-03 15:19:34,343 [88470e20-4387-4d75-923d-5048e0fb5f03@group-E5368276DE73-LeaderElection21] INFO  impl.LeaderElection (LogUtils.java:infoOrTrace(137)) - 88470e20-4387-4d75-923d-5048e0fb5f03@group-E5368276DE73-LeaderElection21 got exception when requesting votes: java.util.concurrent.ExecutionException: org.apache.ratis.thirdparty.io.grpc.StatusRuntimeException: UNAVAILABLE: io exception
2020-06-03 15:19:34,345 [88470e20-4387-4d75-923d-5048e0fb5f03@group-E5368276DE73-LeaderElection21] INFO  impl.LeaderElection (LogUtils.java:infoOrTrace(137)) - 88470e20-4387-4d75-923d-5048e0fb5f03@group-E5368276DE73-LeaderElection21 got exception when requesting votes: java.util.concurrent.ExecutionException: org.apache.ratis.thirdparty.io.grpc.StatusRuntimeException: UNAVAILABLE: io exception
2020-06-03 15:19:34,346 [88470e20-4387-4d75-923d-5048e0fb5f03@group-E5368276DE73-LeaderElection21] INFO  impl.LeaderElection (LeaderElection.java:logAndReturn(61)) - 88470e20-4387-4d75-923d-5048e0fb5f03@group-E5368276DE73-LeaderElection21: Election REJECTED; received 0 response(s) [] and 2 exception(s); 88470e20-4387-4d75-923d-5048e0fb5f03@group-E5368276DE73:t2, leader=null, voted=88470e20-4387-4d75-923d-5048e0fb5f03, raftlog=88470e20-4387-4d75-923d-5048e0fb5f03@group-E5368276DE73-SegmentedRaftLog:OPENED:c0,f0,i0, conf=0: [3e502d42-633f-4126-a3a8-4f1bbeec568c:172.17.0.2:39147, 48947e53-0809-4443-b86e-4d7be828377d:172.17.0.2:34143, 88470e20-4387-4d75-923d-5048e0fb5f03:172.17.0.2:36237], old=null
2020-06-03 15:19:34,346 [88470e20-4387-4d75-923d-5048e0fb5f03@group-E5368276DE73-LeaderElection21] INFO  impl.LeaderElection (LogUtils.java:infoOrTrace(137)) -   Exception 0: java.util.concurrent.ExecutionException: org.apache.ratis.thirdparty.io.grpc.StatusRuntimeException: UNAVAILABLE: io exception
2020-06-03 15:19:34,346 [88470e20-4387-4d75-923d-5048e0fb5f03@group-E5368276DE73-LeaderElection21] INFO  impl.LeaderElection (LogUtils.java:infoOrTrace(137)) -   Exception 1: java.util.concurrent.ExecutionException: org.apache.ratis.thirdparty.io.grpc.StatusRuntimeException: UNAVAILABLE: io exception
2020-06-03 15:19:34,346 [88470e20-4387-4d75-923d-5048e0fb5f03@group-E5368276DE73-LeaderElection21] INFO  impl.RaftServerImpl (RaftServerImpl.java:setRole(173)) - 88470e20-4387-4d75-923d-5048e0fb5f03@group-E5368276DE73: changes role from CANDIDATE to FOLLOWER at term 2 for DISCOVERED_A_NEW_TERM
2020-06-03 15:19:34,346 [88470e20-4387-4d75-923d-5048e0fb5f03@group-E5368276DE73-LeaderElection21] INFO  impl.RoleInfo (RoleInfo.java:shutdownLeaderElection(134)) - 88470e20-4387-4d75-923d-5048e0fb5f03: shutdown LeaderElection
2020-06-03 15:19:34,346 [88470e20-4387-4d75-923d-5048e0fb5f03@group-E5368276DE73-LeaderElection21] INFO  impl.RoleInfo (RoleInfo.java:updateAndGet(143)) - 88470e20-4387-4d75-923d-5048e0fb5f03: start FollowerState
2020-06-03 15:19:34,460 [Datanode State Machine Thread - 0] INFO  statemachine.DatanodeStateMachine (DatanodeStateMachine.java:lambda$startDaemon$0(376)) - Ozone container server started.
2020-06-03 15:19:38,796 [Listener at 127.0.0.1/39701] INFO  ozoneimpl.OzoneContainer (OzoneContainer.java:stop(246)) - Attempting to stop container services.
2020-06-03 15:19:38,796 [Listener at 127.0.0.1/39701] INFO  impl.RaftServerProxy (RaftServerProxy.java:lambda$close$4(314)) - 88470e20-4387-4d75-923d-5048e0fb5f03: close
2020-06-03 15:19:38,797 [Listener at 127.0.0.1/39701] INFO  impl.RaftServerImpl (RaftServerImpl.java:lambda$shutdown$3(250)) - 88470e20-4387-4d75-923d-5048e0fb5f03@group-74D54B78A269: shutdown
2020-06-03 15:19:38,797 [Listener at 127.0.0.1/39701] INFO  util.JmxRegister (JmxRegister.java:unregister(73)) - Successfully un-registered JMX Bean with object name Ratis:service=RaftServer,group=group-74D54B78A269,id=88470e20-4387-4d75-923d-5048e0fb5f03
2020-06-03 15:19:38,797 [Listener at 127.0.0.1/39701] INFO  impl.RoleInfo (RoleInfo.java:shutdownLeaderState(104)) - 88470e20-4387-4d75-923d-5048e0fb5f03: shutdown LeaderState
2020-06-03 15:19:38,797 [Listener at 127.0.0.1/39701] INFO  impl.PendingRequests (PendingRequests.java:sendNotLeaderResponses(242)) - 88470e20-4387-4d75-923d-5048e0fb5f03@group-74D54B78A269-PendingRequests: sendNotLeaderResponses
2020-06-03 15:19:38,798 [Listener at 127.0.0.1/39701] INFO  metrics.RatisMetrics (RatisMetrics.java:unregister(46)) - Unregistering Metrics Registry : ratis.log_appender.88470e20-4387-4d75-923d-5048e0fb5f03@group-74D54B78A269
2020-06-03 15:19:38,798 [Listener at 127.0.0.1/39701] INFO  impl.StateMachineUpdater (StateMachineUpdater.java:stopAndJoin(142)) - 88470e20-4387-4d75-923d-5048e0fb5f03@group-74D54B78A269-StateMachineUpdater: set stopIndex = 0
2020-06-03 15:19:38,798 [88470e20-4387-4d75-923d-5048e0fb5f03@group-74D54B78A269-StateMachineUpdater] INFO  ratis.ContainerStateMachine (ContainerStateMachine.java:takeSnapshot(288)) - group-74D54B78A269: Taking a snapshot at:(t:1, i:0) file /github/workspace/mnt/ozone/hadoop-ozone/integration-test/target/test-dir/MiniOzoneClusterImpl-93e83c9e-276a-4dbb-b3a7-721354e8147f/datanode-5/data/ratis/a3a93fa5-e585-4278-807f-74d54b78a269/sm/snapshot.1_0
2020-06-03 15:19:38,800 [88470e20-4387-4d75-923d-5048e0fb5f03@group-74D54B78A269-StateMachineUpdater] INFO  ratis.ContainerStateMachine (ContainerStateMachine.java:takeSnapshot(299)) - group-74D54B78A269: Finished taking a snapshot at:(t:1, i:0) file:/github/workspace/mnt/ozone/hadoop-ozone/integration-test/target/test-dir/MiniOzoneClusterImpl-93e83c9e-276a-4dbb-b3a7-721354e8147f/datanode-5/data/ratis/a3a93fa5-e585-4278-807f-74d54b78a269/sm/snapshot.1_0 time:2
2020-06-03 15:19:38,800 [88470e20-4387-4d75-923d-5048e0fb5f03@group-74D54B78A269-StateMachineUpdater] INFO  impl.StateMachineUpdater (StateMachineUpdater.java:takeSnapshot(277)) - 88470e20-4387-4d75-923d-5048e0fb5f03@group-74D54B78A269-StateMachineUpdater: Took a snapshot at index 0
2020-06-03 15:19:38,800 [88470e20-4387-4d75-923d-5048e0fb5f03@group-74D54B78A269-StateMachineUpdater] INFO  impl.StateMachineUpdater (StateMachineUpdater.java:lambda$new$0(87)) - 88470e20-4387-4d75-923d-5048e0fb5f03@group-74D54B78A269-StateMachineUpdater: snapshotIndex: updateIncreasingly -1 -> 0
2020-06-03 15:19:38,801 [88470e20-4387-4d75-923d-5048e0fb5f03@group-74D54B78A269-StateMachineUpdater] INFO  metrics.RatisMetrics (RatisMetrics.java:unregister(46)) - Unregistering Metrics Registry : ratis.state_machine.88470e20-4387-4d75-923d-5048e0fb5f03@group-74D54B78A269
2020-06-03 15:19:38,801 [Listener at 127.0.0.1/39701] INFO  impl.RaftServerImpl (ServerState.java:close(387)) - 88470e20-4387-4d75-923d-5048e0fb5f03@group-74D54B78A269: closes. applyIndex: 0
2020-06-03 15:19:38,801 [88470e20-4387-4d75-923d-5048e0fb5f03@group-74D54B78A269-SegmentedRaftLogWorker] INFO  segmented.SegmentedRaftLogWorker (SegmentedRaftLogWorker.java:run(321)) - 88470e20-4387-4d75-923d-5048e0fb5f03@group-74D54B78A269-SegmentedRaftLogWorker was interrupted, exiting. There are 0 tasks remaining in the queue.
2020-06-03 15:19:38,801 [Listener at 127.0.0.1/39701] INFO  segmented.SegmentedRaftLogWorker (SegmentedRaftLogWorker.java:close(229)) - 88470e20-4387-4d75-923d-5048e0fb5f03@group-74D54B78A269-SegmentedRaftLogWorker close()
2020-06-03 15:19:38,802 [Listener at 127.0.0.1/39701] INFO  metrics.RatisMetrics (RatisMetrics.java:unregister(46)) - Unregistering Metrics Registry : ratis.log_worker.88470e20-4387-4d75-923d-5048e0fb5f03
2020-06-03 15:19:38,802 [Listener at 127.0.0.1/39701] INFO  metrics.RatisMetrics (RatisMetrics.java:unregister(46)) - Unregistering Metrics Registry : ratis.leader_election.88470e20-4387-4d75-923d-5048e0fb5f03@group-74D54B78A269
2020-06-03 15:19:38,802 [Listener at 127.0.0.1/39701] INFO  metrics.RatisMetrics (RatisMetrics.java:unregister(46)) - Unregistering Metrics Registry : ratis.server.88470e20-4387-4d75-923d-5048e0fb5f03@group-74D54B78A269
2020-06-03 15:19:38,802 [Listener at 127.0.0.1/39701] INFO  impl.RaftServerImpl (RaftServerImpl.java:lambda$shutdown$3(250)) - 88470e20-4387-4d75-923d-5048e0fb5f03@group-E5368276DE73: shutdown
2020-06-03 15:19:38,802 [Listener at 127.0.0.1/39701] INFO  util.JmxRegister (JmxRegister.java:unregister(73)) - Successfully un-registered JMX Bean with object name Ratis:service=RaftServer,group=group-E5368276DE73,id=88470e20-4387-4d75-923d-5048e0fb5f03
2020-06-03 15:19:38,802 [Listener at 127.0.0.1/39701] INFO  impl.RoleInfo (RoleInfo.java:shutdownFollowerState(121)) - 88470e20-4387-4d75-923d-5048e0fb5f03: shutdown FollowerState
2020-06-03 15:19:38,802 [Thread-823] INFO  impl.FollowerState (FollowerState.java:run(117)) - 88470e20-4387-4d75-923d-5048e0fb5f03@group-E5368276DE73-FollowerState was interrupted: java.lang.InterruptedException: sleep interrupted
2020-06-03 15:19:38,803 [Listener at 127.0.0.1/39701] INFO  impl.StateMachineUpdater (StateMachineUpdater.java:stopAndJoin(142)) - 88470e20-4387-4d75-923d-5048e0fb5f03@group-E5368276DE73-StateMachineUpdater: set stopIndex = 0
2020-06-03 15:19:38,804 [88470e20-4387-4d75-923d-5048e0fb5f03@group-E5368276DE73-StateMachineUpdater] INFO  ratis.ContainerStateMachine (ContainerStateMachine.java:takeSnapshot(288)) - group-E5368276DE73: Taking a snapshot at:(t:1, i:0) file /github/workspace/mnt/ozone/hadoop-ozone/integration-test/target/test-dir/MiniOzoneClusterImpl-93e83c9e-276a-4dbb-b3a7-721354e8147f/datanode-5/data/ratis/1b2c9c9f-9804-4009-ac03-e5368276de73/sm/snapshot.1_0
2020-06-03 15:19:38,804 [88470e20-4387-4d75-923d-5048e0fb5f03@group-E5368276DE73-StateMachineUpdater] INFO  ratis.ContainerStateMachine (ContainerStateMachine.java:takeSnapshot(299)) - group-E5368276DE73: Finished taking a snapshot at:(t:1, i:0) file:/github/workspace/mnt/ozone/hadoop-ozone/integration-test/target/test-dir/MiniOzoneClusterImpl-93e83c9e-276a-4dbb-b3a7-721354e8147f/datanode-5/data/ratis/1b2c9c9f-9804-4009-ac03-e5368276de73/sm/snapshot.1_0 time:0
2020-06-03 15:19:38,804 [88470e20-4387-4d75-923d-5048e0fb5f03@group-E5368276DE73-StateMachineUpdater] INFO  impl.StateMachineUpdater (StateMachineUpdater.java:takeSnapshot(277)) - 88470e20-4387-4d75-923d-5048e0fb5f03@group-E5368276DE73-StateMachineUpdater: Took a snapshot at index 0
2020-06-03 15:19:38,804 [88470e20-4387-4d75-923d-5048e0fb5f03@group-E5368276DE73-StateMachineUpdater] INFO  impl.StateMachineUpdater (StateMachineUpdater.java:lambda$new$0(87)) - 88470e20-4387-4d75-923d-5048e0fb5f03@group-E5368276DE73-StateMachineUpdater: snapshotIndex: updateIncreasingly -1 -> 0
2020-06-03 15:19:38,805 [88470e20-4387-4d75-923d-5048e0fb5f03@group-E5368276DE73-StateMachineUpdater] INFO  metrics.RatisMetrics (RatisMetrics.java:unregister(46)) - Unregistering Metrics Registry : ratis.state_machine.88470e20-4387-4d75-923d-5048e0fb5f03@group-E5368276DE73
2020-06-03 15:19:38,805 [Listener at 127.0.0.1/39701] INFO  impl.RaftServerImpl (ServerState.java:close(387)) - 88470e20-4387-4d75-923d-5048e0fb5f03@group-E5368276DE73: closes. applyIndex: 0
2020-06-03 15:19:38,805 [88470e20-4387-4d75-923d-5048e0fb5f03@group-E5368276DE73-SegmentedRaftLogWorker] INFO  segmented.SegmentedRaftLogWorker (SegmentedRaftLogWorker.java:run(321)) - 88470e20-4387-4d75-923d-5048e0fb5f03@group-E5368276DE73-SegmentedRaftLogWorker was interrupted, exiting. There are 0 tasks remaining in the queue.
2020-06-03 15:19:38,805 [Listener at 127.0.0.1/39701] INFO  segmented.SegmentedRaftLogWorker (SegmentedRaftLogWorker.java:close(229)) - 88470e20-4387-4d75-923d-5048e0fb5f03@group-E5368276DE73-SegmentedRaftLogWorker close()
2020-06-03 15:19:38,805 [Listener at 127.0.0.1/39701] INFO  metrics.RatisMetrics (RatisMetrics.java:unregister(46)) - Unregistering Metrics Registry : ratis.log_worker.88470e20-4387-4d75-923d-5048e0fb5f03
2020-06-03 15:19:38,806 [Listener at 127.0.0.1/39701] INFO  metrics.RatisMetrics (RatisMetrics.java:unregister(46)) - Unregistering Metrics Registry : ratis.leader_election.88470e20-4387-4d75-923d-5048e0fb5f03@group-E5368276DE73
2020-06-03 15:19:38,806 [Listener at 127.0.0.1/39701] INFO  metrics.RatisMetrics (RatisMetrics.java:unregister(46)) - Unregistering Metrics Registry : ratis.server.88470e20-4387-4d75-923d-5048e0fb5f03@group-E5368276DE73
2020-06-03 15:19:38,806 [Listener at 127.0.0.1/39701] INFO  server.GrpcService (GrpcService.java:closeImpl(165)) - 88470e20-4387-4d75-923d-5048e0fb5f03: shutdown server with port 36237 now
2020-06-03 15:19:38,809 [Listener at 127.0.0.1/39701] INFO  server.GrpcService (GrpcService.java:closeImpl(173)) - 88470e20-4387-4d75-923d-5048e0fb5f03: shutdown server with port 36237 successfully
2020-06-03 15:19:38,810 [Listener at 127.0.0.1/39701] INFO  utils.BackgroundService (BackgroundService.java:shutdown(157)) - Shutting down service BlockDeletingService
2020-06-03 15:19:38,811 [Listener at 127.0.0.1/39701] INFO  statemachine.DatanodeStateMachine (DatanodeStateMachine.java:stopDaemon(424)) - Ozone container server stopped.
2020-06-03 15:19:38,811 [Listener at 127.0.0.1/39701] INFO  handler.ContextHandler (ContextHandler.java:doStop(1016)) - Stopped o.e.j.w.WebAppContext@14f2753c{hddsDatanode,/,null,UNAVAILABLE}{jar:file:/home/user/.m2/repository/org/apache/hadoop/hadoop-hdds-container-service/0.6.0-SNAPSHOT/hadoop-hdds-container-service-0.6.0-SNAPSHOT.jar!/webapps/hddsDatanode}
2020-06-03 15:19:38,812 [Listener at 127.0.0.1/39701] INFO  server.AbstractConnector (AbstractConnector.java:doStop(380)) - Stopped ServerConnector@6db67e67{HTTP/1.1,[http/1.1]}{0.0.0.0:0}
2020-06-03 15:19:38,812 [Listener at 127.0.0.1/39701] INFO  server.session (HouseKeeper.java:stopScavenging(158)) - node0 Stopped scavenging
2020-06-03 15:19:38,812 [Listener at 127.0.0.1/39701] INFO  handler.ContextHandler (ContextHandler.java:doStop(1016)) - Stopped o.e.j.s.ServletContextHandler@1d60655e{static,/static,jar:file:/home/user/.m2/repository/org/apache/hadoop/hadoop-hdds-container-service/0.6.0-SNAPSHOT/hadoop-hdds-container-service-0.6.0-SNAPSHOT.jar!/webapps/static,UNAVAILABLE}
2020-06-03 15:19:38,812 [Listener at 127.0.0.1/39701] INFO  handler.ContextHandler (ContextHandler.java:doStop(1016)) - Stopped o.e.j.s.ServletContextHandler@4af75d42{logs,/logs,file:///github/workspace/mnt/ozone/hadoop-ozone/integration-test/target/log,UNAVAILABLE}
2020-06-03 15:19:38,813 [Listener at 127.0.0.1/39701] INFO  ozone.MiniOzoneClusterImpl (MiniOzoneClusterImpl.java:stopSCM(476)) - Stopping the StorageContainerManager
2020-06-03 15:19:38,813 [Listener at 127.0.0.1/39701] INFO  server.StorageContainerManager (StorageContainerManager.java:stop(823)) - Stopping Replication Manager Service.
2020-06-03 15:19:38,813 [Listener at 127.0.0.1/39701] INFO  container.ReplicationManager (ReplicationManager.java:stop(208)) - Stopping Replication Monitor Thread.
2020-06-03 15:19:38,814 [Listener at 127.0.0.1/39701] INFO  server.StorageContainerManager (StorageContainerManager.java:stop(830)) - Stopping Lease Manager of the command watchers
2020-06-03 15:19:38,814 [Listener at 127.0.0.1/39701] INFO  server.StorageContainerManager (StorageContainerManager.java:stop(837)) - Stopping datanode service RPC server
2020-06-03 15:19:38,814 [CommandWatcher-LeaseManager#LeaseMonitor] ERROR lease.LeaseManager (LeaseManager.java:run(238)) - Execution was interrupted 
java.lang.InterruptedException: sleep interrupted
	at java.lang.Thread.sleep(Native Method)
	at org.apache.hadoop.ozone.lease.LeaseManager$LeaseMonitor.run(LeaseManager.java:234)
	at java.lang.Thread.run(Thread.java:748)
2020-06-03 15:19:38,814 [Listener at 127.0.0.1/39701] INFO  server.SCMDatanodeProtocolServer (SCMDatanodeProtocolServer.java:stop(361)) - Stopping the RPC server for DataNodes
2020-06-03 15:19:38,814 [Listener at 127.0.0.1/39701] INFO  ipc.Server (Server.java:stop(3359)) - Stopping server on 41757
2020-06-03 15:19:38,816 [IPC Server Responder] INFO  ipc.Server (Server.java:run(1465)) - Stopping IPC Server Responder
2020-06-03 15:19:38,817 [IPC Server listener on 0] INFO  ipc.Server (Server.java:run(1330)) - Stopping IPC Server listener on 0
2020-06-03 15:19:38,831 [SCM Heartbeat Processing Thread - 0] WARN  node.NodeStateManager (NodeStateManager.java:scheduleNextHealthCheck(661)) - Current Thread is interrupted, shutting down HB processing thread for Node Manager.
2020-06-03 15:19:38,831 [Listener at 127.0.0.1/39701] INFO  server.StorageContainerManager (StorageContainerManager.java:stop(845)) - Stopping block service RPC server
2020-06-03 15:19:38,831 [Listener at 127.0.0.1/39701] INFO  server.SCMBlockProtocolServer (SCMBlockProtocolServer.java:stop(158)) - Stopping the RPC server for Block Protocol
2020-06-03 15:19:38,831 [Listener at 127.0.0.1/39701] INFO  ipc.Server (Server.java:stop(3359)) - Stopping server on 44597
2020-06-03 15:19:38,832 [IPC Server listener on 0] INFO  ipc.Server (Server.java:run(1330)) - Stopping IPC Server listener on 0
2020-06-03 15:19:38,834 [IPC Server Responder] INFO  ipc.Server (Server.java:run(1465)) - Stopping IPC Server Responder
2020-06-03 15:19:38,834 [Listener at 127.0.0.1/39701] INFO  server.StorageContainerManager (StorageContainerManager.java:stop(852)) - Stopping the StorageContainerLocationProtocol RPC server
2020-06-03 15:19:38,834 [Listener at 127.0.0.1/39701] INFO  server.SCMClientProtocolServer (SCMClientProtocolServer.java:stop(166)) - Stopping the RPC server for Client Protocol
2020-06-03 15:19:38,834 [Listener at 127.0.0.1/39701] INFO  ipc.Server (Server.java:stop(3359)) - Stopping server on 42369
2020-06-03 15:19:38,835 [IPC Server listener on 0] INFO  ipc.Server (Server.java:run(1330)) - Stopping IPC Server listener on 0
2020-06-03 15:19:38,836 [IPC Server Responder] INFO  ipc.Server (Server.java:run(1465)) - Stopping IPC Server Responder
2020-06-03 15:19:38,836 [Listener at 127.0.0.1/39701] INFO  server.StorageContainerManager (StorageContainerManager.java:stop(859)) - Stopping Storage Container Manager HTTP server.
2020-06-03 15:19:38,836 [Listener at 127.0.0.1/39701] INFO  handler.ContextHandler (ContextHandler.java:doStop(1016)) - Stopped o.e.j.w.WebAppContext@19aec38a{scm,/,null,UNAVAILABLE}{file:/github/workspace/mnt/ozone/hadoop-ozone/integration-test/target/test-classes/webapps/scm}
2020-06-03 15:19:38,840 [Listener at 127.0.0.1/39701] INFO  server.AbstractConnector (AbstractConnector.java:doStop(380)) - Stopped ServerConnector@47151f33{HTTP/1.1,[http/1.1]}{0.0.0.0:0}
2020-06-03 15:19:38,840 [Listener at 127.0.0.1/39701] INFO  server.session (HouseKeeper.java:stopScavenging(158)) - node0 Stopped scavenging
2020-06-03 15:19:38,840 [Listener at 127.0.0.1/39701] INFO  handler.ContextHandler (ContextHandler.java:doStop(1016)) - Stopped o.e.j.s.ServletContextHandler@23ba2e81{static,/static,file:///github/workspace/mnt/ozone/hadoop-ozone/integration-test/target/test-classes/webapps/static,UNAVAILABLE}
2020-06-03 15:19:38,841 [Listener at 127.0.0.1/39701] INFO  handler.ContextHandler (ContextHandler.java:doStop(1016)) - Stopped o.e.j.s.ServletContextHandler@42959be8{logs,/logs,file:///github/workspace/mnt/ozone/hadoop-ozone/integration-test/target/log,UNAVAILABLE}
2020-06-03 15:19:38,842 [Listener at 127.0.0.1/39701] INFO  server.StorageContainerManager (StorageContainerManager.java:stop(870)) - Stopping Block Manager Service.
2020-06-03 15:19:38,842 [Listener at 127.0.0.1/39701] INFO  utils.BackgroundService (BackgroundService.java:shutdown(157)) - Shutting down service SCMBlockDeletingService
2020-06-03 15:19:38,842 [Listener at 127.0.0.1/39701] INFO  utils.BackgroundService (BackgroundService.java:shutdown(157)) - Shutting down service SCMBlockDeletingService
2020-06-03 15:19:38,842 [Listener at 127.0.0.1/39701] INFO  server.StorageContainerManager (StorageContainerManager.java:stop(895)) - Stopping SCM Event Queue.
2020-06-03 15:19:38,845 [Listener at 127.0.0.1/39701] INFO  impl.MetricsSystemImpl (MetricsSystemImpl.java:stop(210)) - Stopping HddsDatanode metrics system...
2020-06-03 15:19:38,856 [Listener at 127.0.0.1/39701] INFO  impl.MetricsSystemImpl (MetricsSystemImpl.java:stop(216)) - HddsDatanode metrics system stopped.
]]></system-out>
    <system-err><![CDATA[Jun 03, 2020 3:19:23 PM org.apache.ratis.thirdparty.io.grpc.internal.SerializingExecutor run
SEVERE: Exception while executing runnable org.apache.ratis.thirdparty.io.grpc.internal.ServerImpl$JumpToApplicationThreadServerStreamListener$1Closed@64b0a1ff
org.apache.ratis.thirdparty.io.grpc.StatusRuntimeException: CANCELLED: call already cancelled
	at org.apache.ratis.thirdparty.io.grpc.Status.asRuntimeException(Status.java:524)
	at org.apache.ratis.thirdparty.io.grpc.stub.ServerCalls$ServerCallStreamObserverImpl.onCompleted(ServerCalls.java:368)
	at org.apache.ratis.grpc.server.GrpcServerProtocolService$ServerRequestStreamObserver.onError(GrpcServerProtocolService.java:145)
	at org.apache.ratis.thirdparty.io.grpc.stub.ServerCalls$StreamingServerCallHandler$StreamingServerCallListener.onCancel(ServerCalls.java:272)
	at org.apache.ratis.thirdparty.io.grpc.internal.ServerCallImpl$ServerStreamListenerImpl.closedInternal(ServerCallImpl.java:353)
	at org.apache.ratis.thirdparty.io.grpc.internal.ServerCallImpl$ServerStreamListenerImpl.closed(ServerCallImpl.java:341)
	at org.apache.ratis.thirdparty.io.grpc.internal.ServerImpl$JumpToApplicationThreadServerStreamListener$1Closed.runInContext(ServerImpl.java:867)
	at org.apache.ratis.thirdparty.io.grpc.internal.ContextRunnable.run(ContextRunnable.java:37)
	at org.apache.ratis.thirdparty.io.grpc.internal.SerializingExecutor.run(SerializingExecutor.java:123)
	at java.util.concurrent.ThreadPoolExecutor.runWorker(ThreadPoolExecutor.java:1149)
	at java.util.concurrent.ThreadPoolExecutor$Worker.run(ThreadPoolExecutor.java:624)
	at java.lang.Thread.run(Thread.java:748)

Jun 03, 2020 3:19:28 PM org.apache.ratis.thirdparty.io.grpc.internal.SerializingExecutor run
SEVERE: Exception while executing runnable org.apache.ratis.thirdparty.io.grpc.internal.ServerImpl$JumpToApplicationThreadServerStreamListener$1Closed@6e48ca8f
org.apache.ratis.thirdparty.io.grpc.StatusRuntimeException: CANCELLED: call already cancelled
	at org.apache.ratis.thirdparty.io.grpc.Status.asRuntimeException(Status.java:524)
	at org.apache.ratis.thirdparty.io.grpc.stub.ServerCalls$ServerCallStreamObserverImpl.onCompleted(ServerCalls.java:368)
	at org.apache.ratis.grpc.server.GrpcServerProtocolService$ServerRequestStreamObserver.onError(GrpcServerProtocolService.java:145)
	at org.apache.ratis.thirdparty.io.grpc.stub.ServerCalls$StreamingServerCallHandler$StreamingServerCallListener.onCancel(ServerCalls.java:272)
	at org.apache.ratis.thirdparty.io.grpc.internal.ServerCallImpl$ServerStreamListenerImpl.closedInternal(ServerCallImpl.java:353)
	at org.apache.ratis.thirdparty.io.grpc.internal.ServerCallImpl$ServerStreamListenerImpl.closed(ServerCallImpl.java:341)
	at org.apache.ratis.thirdparty.io.grpc.internal.ServerImpl$JumpToApplicationThreadServerStreamListener$1Closed.runInContext(ServerImpl.java:867)
	at org.apache.ratis.thirdparty.io.grpc.internal.ContextRunnable.run(ContextRunnable.java:37)
	at org.apache.ratis.thirdparty.io.grpc.internal.SerializingExecutor.run(SerializingExecutor.java:123)
	at java.util.concurrent.ThreadPoolExecutor.runWorker(ThreadPoolExecutor.java:1149)
	at java.util.concurrent.ThreadPoolExecutor$Worker.run(ThreadPoolExecutor.java:624)
	at java.lang.Thread.run(Thread.java:748)

]]></system-err>
  </testcase>
</testsuite>